{"target": 60.025640554710044, "params": {"x0": 0.8100003734725124, "x1": 2.0241357596217906, "x2": 2.7426810669127195, "x3": 5.163216715596139e-09, "x4": 0.8752509644191885, "x5": 2.880099812684719, "x6": 6.791173211374302, "x7": 2.1196542268532226, "x8": 1.992778546831201, "x9": 1.4482261926351274}, "datetime": {"datetime": "2025-05-16 05:23:57", "elapsed": 1360.377684, "delta": 6.797069}}
{"target": 60.025640554710044, "params": {"x0": 0.8100003674544516, "x1": 2.024135767839262, "x2": 2.742681087437135, "x3": 3.938238650972517e-10, "x4": 0.8752509706511241, "x5": 2.8800998069954247, "x6": 6.791173146128815, "x7": 2.119654525131695, "x8": 1.9927785474602833, "x9": 1.4482261911365568}, "datetime": {"datetime": "2025-05-16 05:24:03", "elapsed": 1366.978402, "delta": 6.600718}}
{"target": 60.025640554710044, "params": {"x0": 0.8100003763217547, "x1": 2.024135757131591, "x2": 2.7426810660032004, "x3": 4.608273247794588e-09, "x4": 0.8752509761735181, "x5": 2.8800998102097695, "x6": 6.7911728938015665, "x7": 2.119654685611022, "x8": 1.992778545943055, "x9": 1.4482261903345413}, "datetime": {"datetime": "2025-05-16 05:24:10", "elapsed": 1373.342619, "delta": 6.364217}}
{"target": 60.025640554710044, "params": {"x0": 0.8100003723348156, "x1": 2.024135766142702, "x2": 2.7426810868173668, "x3": 2.3862892459002487e-09, "x4": 0.8752509851394232, "x5": 2.8800998110958136, "x6": 6.791172858015021, "x7": 2.119654927266203, "x8": 1.9927785466078682, "x9": 1.4482261895472885}, "datetime": {"datetime": "2025-05-16 05:24:16", "elapsed": 1379.826153, "delta": 6.483534}}
{"target": 60.025640554710044, "params": {"x0": 0.8100003738861203, "x1": 2.024135755916302, "x2": 2.742681087287973, "x3": 1.5694996660745474e-09, "x4": 0.8752509891204174, "x5": 2.8800998395253004, "x6": 6.791172855512465, "x7": 2.1196551297521324, "x8": 1.9927785439993257, "x9": 1.4482261898671172}, "datetime": {"datetime": "2025-05-16 05:24:23", "elapsed": 1386.697215, "delta": 6.871062}}
{"target": 60.025640554710044, "params": {"x0": 0.8100003703922914, "x1": 2.02413577076907, "x2": 2.742681067498093, "x3": 4.141640099671753e-10, "x4": 0.8752509941592371, "x5": 2.8800998185724094, "x6": 6.791172805904576, "x7": 2.1196554335703546, "x8": 1.992778546236531, "x9": 1.448226189917826}, "datetime": {"datetime": "2025-05-16 05:24:30", "elapsed": 1393.378523, "delta": 6.681308}}
{"target": 60.025640554710044, "params": {"x0": 0.810000369681792, "x1": 2.0241357605135684, "x2": 2.7426810800036745, "x3": 7.258997540058708e-10, "x4": 0.8752509982078626, "x5": 2.8800998459841454, "x6": 6.791172750611807, "x7": 2.119655476382428, "x8": 1.992778545137885, "x9": 1.4482261901594664}, "datetime": {"datetime": "2025-05-16 05:24:37", "elapsed": 1400.165075, "delta": 6.786552}}
{"target": 60.025640554710044, "params": {"x0": 0.8100003691164209, "x1": 2.0241357650070744, "x2": 2.7426810807515225, "x3": 5.900100238967455e-10, "x4": 0.8752510061106491, "x5": 2.8800998306831866, "x6": 6.791172591405742, "x7": 2.119655526096972, "x8": 1.9927785464120693, "x9": 1.4482261901382345}, "datetime": {"datetime": "2025-05-16 05:24:43", "elapsed": 1406.882291, "delta": 6.717216}}
{"target": 60.025640554710044, "params": {"x0": 0.8100003767638704, "x1": 2.0241357646100555, "x2": 2.7426810684786185, "x3": 6.543228556285297e-11, "x4": 0.8752510153040188, "x5": 2.880099835699163, "x6": 6.791172607450741, "x7": 2.1196556960646804, "x8": 1.9927785446692503, "x9": 1.4482261899190882}, "datetime": {"datetime": "2025-05-16 05:24:50", "elapsed": 1413.609511, "delta": 6.72722}}
{"target": 60.025640554710044, "params": {"x0": 0.8100003743326594, "x1": 2.024135765316595, "x2": 2.742681076117079, "x3": 8.141136132501647e-10, "x4": 0.8752510112083864, "x5": 2.880099836340015, "x6": 6.791172583511007, "x7": 2.1196557547063555, "x8": 1.9927785452384126, "x9": 1.4482261900882243}, "datetime": {"datetime": "2025-05-16 05:24:57", "elapsed": 1420.054497, "delta": 6.444986}}
{"target": 60.025640554710044, "params": {"x0": 0.8100003701401474, "x1": 2.02413576818489, "x2": 2.7426810802889836, "x3": 5.452659589756059e-10, "x4": 0.8752510144861416, "x5": 2.8800998302162926, "x6": 6.791172520215992, "x7": 2.119655878495526, "x8": 1.9927785452634466, "x9": 1.448226191261177}, "datetime": {"datetime": "2025-05-16 05:25:03", "elapsed": 1426.76312, "delta": 6.708623}}
{"target": 60.025640554710044, "params": {"x0": 0.8100003793485285, "x1": 2.0241357645578133, "x2": 2.7426810711589846, "x3": 6.66958122314557e-10, "x4": 0.8752510193046438, "x5": 2.880099836333172, "x6": 6.7911725339113564, "x7": 2.1196559459819846, "x8": 1.9927785450063233, "x9": 1.4482261911866159}, "datetime": {"datetime": "2025-05-16 05:25:10", "elapsed": 1433.415316, "delta": 6.652196}}
{"target": 60.025640554710044, "params": {"x0": 0.8100003734664855, "x1": 2.024135762326572, "x2": 2.742681074551197, "x3": 3.758442564341264e-10, "x4": 0.8752510212032718, "x5": 2.8800998424867164, "x6": 6.791172432082702, "x7": 2.119656026072574, "x8": 1.9927785448678632, "x9": 1.4482261902083657}, "datetime": {"datetime": "2025-05-16 05:25:16", "elapsed": 1439.869288, "delta": 6.453972}}
{"target": 60.025640554710044, "params": {"x0": 0.8100003759860274, "x1": 2.0241357611069764, "x2": 2.7426810723176467, "x3": 4.558067963012465e-11, "x4": 0.8752510229477665, "x5": 2.8800998295695837, "x6": 6.791172393525139, "x7": 2.1196561401363123, "x8": 1.9927785455845035, "x9": 1.4482261912876861}, "datetime": {"datetime": "2025-05-16 05:25:23", "elapsed": 1446.31923, "delta": 6.449942}}
{"target": 60.025640554710044, "params": {"x0": 0.8100003763592009, "x1": 2.024135766789274, "x2": 2.742681072523915, "x3": 4.944617088397043e-10, "x4": 0.8752510243735153, "x5": 2.880099828620747, "x6": 6.791172434684192, "x7": 2.1196561879989204, "x8": 1.9927785449541857, "x9": 1.4482261909484684}, "datetime": {"datetime": "2025-05-16 05:25:29", "elapsed": 1452.972166, "delta": 6.652936}}
{"target": 60.025640554710044, "params": {"x0": 0.8100003744489738, "x1": 2.024135767277963, "x2": 2.7426810788102927, "x3": 1.0592885554719062e-09, "x4": 0.8752510272357542, "x5": 2.8800998335410037, "x6": 6.79117242681243, "x7": 2.1196562246997934, "x8": 1.9927785448514193, "x9": 1.4482261905058718}, "datetime": {"datetime": "2025-05-16 05:25:36", "elapsed": 1459.620276, "delta": 6.64811}}
{"target": 60.025640554710044, "params": {"x0": 0.8100003726305883, "x1": 2.024135766053627, "x2": 2.7426810779105746, "x3": 9.9127211083077e-12, "x4": 0.8752510287021044, "x5": 2.8800998357787737, "x6": 6.791172396821612, "x7": 2.119656277201695, "x8": 1.992778545027912, "x9": 1.448226190507124}, "datetime": {"datetime": "2025-05-16 05:25:43", "elapsed": 1466.349298, "delta": 6.729022}}
{"target": 60.025640554710044, "params": {"x0": 0.8100003722867315, "x1": 2.024135765351476, "x2": 2.742681076574674, "x3": 4.0738612806236964e-10, "x4": 0.8752510300776606, "x5": 2.8800998321211586, "x6": 6.791172320673881, "x7": 2.119656318056247, "x8": 1.9927785456786125, "x9": 1.448226190788182}, "datetime": {"datetime": "2025-05-16 05:25:49", "elapsed": 1472.972779, "delta": 6.623481}}
{"target": 60.025640554710044, "params": {"x0": 0.810000373583608, "x1": 2.0241357646183755, "x2": 2.742681072366713, "x3": 1.0264891513451745e-10, "x4": 0.875251031664972, "x5": 2.8800998412887697, "x6": 6.791172365551979, "x7": 2.119656381778993, "x8": 1.9927785455022433, "x9": 1.448226190486784}, "datetime": {"datetime": "2025-05-16 05:25:56", "elapsed": 1479.520034, "delta": 6.547255}}
{"target": 60.025640554710044, "params": {"x0": 0.8100003730679025, "x1": 2.0241357661918826, "x2": 2.742681075411251, "x3": 1.09833289162759e-09, "x4": 0.8752510346895189, "x5": 2.8800998330605583, "x6": 6.791172347881414, "x7": 2.119656395530166, "x8": 1.9927785456090703, "x9": 1.4482261907085459}, "datetime": {"datetime": "2025-05-16 05:26:02", "elapsed": 1485.907542, "delta": 6.387508}}
{"target": 60.025640554710044, "params": {"x0": 0.8100003738632439, "x1": 2.024135763481958, "x2": 2.742681076890807, "x3": 2.8550413617044057e-10, "x4": 0.8752510349555528, "x5": 2.8800998337698727, "x6": 6.791172330938864, "x7": 2.1196564470123445, "x8": 1.9927785451018354, "x9": 1.4482261908810439}, "datetime": {"datetime": "2025-05-16 05:26:09", "elapsed": 1492.478778, "delta": 6.571236}}
{"target": 60.025640554710044, "params": {"x0": 0.8100003744869682, "x1": 2.0241357638062865, "x2": 2.7426810753816544, "x3": 2.368084910253172e-10, "x4": 0.8752510351667927, "x5": 2.88009983995314, "x6": 6.791172324599072, "x7": 2.119656462370696, "x8": 1.99277854511158, "x9": 1.448226190937664}, "datetime": {"datetime": "2025-05-16 05:26:16", "elapsed": 1499.721749, "delta": 7.242971}}
{"target": 60.025640554710044, "params": {"x0": 0.8100003742702344, "x1": 2.0241357637298636, "x2": 2.742681073115384, "x3": 2.994138083286644e-11, "x4": 0.8752510360183549, "x5": 2.880099835630251, "x6": 6.791172282662672, "x7": 2.119656510810641, "x8": 1.9927785452682152, "x9": 1.4482261909428054}, "datetime": {"datetime": "2025-05-16 05:26:23", "elapsed": 1506.519045, "delta": 6.797296}}
{"target": 60.025640554710044, "params": {"x0": 0.8100003744032026, "x1": 2.0241357654177223, "x2": 2.742681075156327, "x3": 2.1541219349770106e-10, "x4": 0.8752510367990386, "x5": 2.880099835921074, "x6": 6.791172300429653, "x7": 2.1196565222689427, "x8": 1.992778545313181, "x9": 1.4482261908521203}, "datetime": {"datetime": "2025-05-16 05:26:30", "elapsed": 1513.135987, "delta": 6.616942}}
{"target": 60.025640554710044, "params": {"x0": 0.8100003738833417, "x1": 2.024135765340779, "x2": 2.7426810752651876, "x3": 2.6288179505277774e-11, "x4": 0.8752510385641813, "x5": 2.8800998370380526, "x6": 6.791172245913638, "x7": 2.1196565394951774, "x8": 1.9927785452044964, "x9": 1.448226190831331}, "datetime": {"datetime": "2025-05-16 05:26:36", "elapsed": 1519.508988, "delta": 6.373001}}
{"target": 60.025640554710044, "params": {"x0": 0.8100003754211313, "x1": 2.0241357652581065, "x2": 2.7426810748695405, "x3": 4.451781112407342e-11, "x4": 0.8752510395567678, "x5": 2.8800998376164992, "x6": 6.791172280615553, "x7": 2.1196565598607906, "x8": 1.9927785452699445, "x9": 1.448226190828935}, "datetime": {"datetime": "2025-05-16 05:26:43", "elapsed": 1526.289691, "delta": 6.780703}}
{"target": 60.025640554710044, "params": {"x0": 0.8100003746015154, "x1": 2.024135765201367, "x2": 2.7426810761879117, "x3": 3.4335623769813083e-10, "x4": 0.8752510388830164, "x5": 2.8800998367548014, "x6": 6.791172281112449, "x7": 2.119656579398894, "x8": 1.9927785451966606, "x9": 1.4482261908745693}, "datetime": {"datetime": "2025-05-16 05:26:50", "elapsed": 1533.144189, "delta": 6.854498}}
{"target": 60.025640554710044, "params": {"x0": 0.8100003742397633, "x1": 2.0241357638845567, "x2": 2.7426810739689804, "x3": 1.1628174672696565e-10, "x4": 0.875251040362813, "x5": 2.88009983774039, "x6": 6.791172272749044, "x7": 2.119656600261776, "x8": 1.992778545288655, "x9": 1.4482261907691052}, "datetime": {"datetime": "2025-05-16 05:26:56", "elapsed": 1539.804223, "delta": 6.660034}}
{"target": 60.025640554710044, "params": {"x0": 0.8100003745123288, "x1": 2.0241357645131193, "x2": 2.7426810763043616, "x3": 9.409913062557558e-11, "x4": 0.8752510402449223, "x5": 2.8800998375461213, "x6": 6.7911722574046, "x7": 2.119656605932356, "x8": 1.9927785454416627, "x9": 1.448226190674997}, "datetime": {"datetime": "2025-05-16 05:27:03", "elapsed": 1546.878893, "delta": 7.07467}}
{"target": 60.025640554710044, "params": {"x0": 0.8100003756475542, "x1": 2.0241357641061546, "x2": 2.742681074696591, "x3": 2.3166168264668037e-10, "x4": 0.8752510407357231, "x5": 2.880099837350605, "x6": 6.791172260144334, "x7": 2.1196566216134762, "x8": 1.9927785453075677, "x9": 1.4482261908449352}, "datetime": {"datetime": "2025-05-16 05:27:10", "elapsed": 1553.445392, "delta": 6.566499}}
{"target": 60.025640554710044, "params": {"x0": 0.8100003743483986, "x1": 2.0241357647101514, "x2": 2.742681075393048, "x3": 1.185880549130238e-10, "x4": 0.8752510408791125, "x5": 2.8800998375322946, "x6": 6.791172247114104, "x7": 2.1196566348939534, "x8": 1.9927785453602627, "x9": 1.4482261907964642}, "datetime": {"datetime": "2025-05-16 05:27:16", "elapsed": 1559.977783, "delta": 6.532391}}
{"target": 60.025640554710044, "params": {"x0": 0.8100003744999649, "x1": 2.024135764162811, "x2": 2.7426810746072148, "x3": 8.867428585580172e-12, "x4": 0.8752510412237109, "x5": 2.880099838422558, "x6": 6.791172253301336, "x7": 2.119656654164039, "x8": 1.992778545265448, "x9": 1.4482261908237255}, "datetime": {"datetime": "2025-05-16 05:27:23", "elapsed": 1566.70181, "delta": 6.724027}}
{"target": 60.025640554710044, "params": {"x0": 0.8100003749756646, "x1": 2.0241357646456906, "x2": 2.7426810745386283, "x3": 4.714163922450831e-11, "x4": 0.8752510417420553, "x5": 2.880099837869194, "x6": 6.791172241842813, "x7": 2.1196566518279747, "x8": 1.9927785453133788, "x9": 1.4482261907504808}, "datetime": {"datetime": "2025-05-16 05:27:30", "elapsed": 1573.68288, "delta": 6.98107}}
{"target": 60.025640554710044, "params": {"x0": 0.8100003749492588, "x1": 2.0241357646681135, "x2": 2.7426810756281093, "x3": 1.8023243688155715e-11, "x4": 0.8752510422933344, "x5": 2.8800998378054072, "x6": 6.7911722293506305, "x7": 2.1196566624870687, "x8": 1.992778545371827, "x9": 1.4482261908046417}, "datetime": {"datetime": "2025-05-16 05:27:37", "elapsed": 1580.232917, "delta": 6.550037}}
{"target": 60.025640554710044, "params": {"x0": 0.8100003750301465, "x1": 2.0241357648291, "x2": 2.7426810747263275, "x3": 2.9449706380939365e-11, "x4": 0.8752510420756915, "x5": 2.880099838312021, "x6": 6.791172242878515, "x7": 2.11965667016966, "x8": 1.9927785453271094, "x9": 1.4482261907515481}, "datetime": {"datetime": "2025-05-16 05:27:44", "elapsed": 1587.051475, "delta": 6.818558}}
{"target": 60.025640554710044, "params": {"x0": 0.8100003747913198, "x1": 2.0241357644685034, "x2": 2.7426810749747794, "x3": 1.1323921500829558e-12, "x4": 0.8752510430687793, "x5": 2.8800998384443073, "x6": 6.791172237480688, "x7": 2.1196566775984125, "x8": 1.992778545322712, "x9": 1.4482261907206708}, "datetime": {"datetime": "2025-05-16 05:27:50", "elapsed": 1593.938857, "delta": 6.887382}}
{"target": 60.025640554710044, "params": {"x0": 0.8100003752107039, "x1": 2.024135764790545, "x2": 2.742681075133587, "x3": 1.4311350678637063e-12, "x4": 0.8752510425713083, "x5": 2.8800998387441323, "x6": 6.791172237427938, "x7": 2.1196566825912524, "x8": 1.9927785453147309, "x9": 1.4482261907735303}, "datetime": {"datetime": "2025-05-16 05:27:57", "elapsed": 1600.807848, "delta": 6.868991}}
{"target": 60.025640554710044, "params": {"x0": 0.810000374639207, "x1": 2.0241357646280274, "x2": 2.742681074760732, "x3": 7.789810718134116e-11, "x4": 0.8752510428884628, "x5": 2.8800998382639853, "x6": 6.791172231107885, "x7": 2.1196566896418156, "x8": 1.9927785453502285, "x9": 1.4482261907248088}, "datetime": {"datetime": "2025-05-16 05:28:04", "elapsed": 1607.732577, "delta": 6.924729}}
{"target": 60.025640554710044, "params": {"x0": 0.8100003746770695, "x1": 2.0241357644673696, "x2": 2.742681075075154, "x3": 1.0629450243174533e-11, "x4": 0.875251043456957, "x5": 2.880099838651461, "x6": 6.791172228352779, "x7": 2.1196566936903385, "x8": 1.9927785453529865, "x9": 1.4482261907904006}, "datetime": {"datetime": "2025-05-16 05:28:11", "elapsed": 1614.83444, "delta": 7.101863}}
{"target": 60.025640554710044, "params": {"x0": 0.8100003751904113, "x1": 2.0241357643580726, "x2": 2.742681075121233, "x3": 2.849384308714706e-11, "x4": 0.8752510432309947, "x5": 2.8800998383859326, "x6": 6.791172227799095, "x7": 2.1196566990906796, "x8": 1.992778545366888, "x9": 1.448226190740169}, "datetime": {"datetime": "2025-05-16 05:28:19", "elapsed": 1622.156863, "delta": 7.322423}}
{"target": 60.025640554710044, "params": {"x0": 0.8100003750076558, "x1": 2.0241357643761106, "x2": 2.7426810749772303, "x3": 5.712521375331632e-12, "x4": 0.8752510433279596, "x5": 2.88009983886336, "x6": 6.791172222069302, "x7": 2.119656702207178, "x8": 1.9927785452997704, "x9": 1.4482261907432827}, "datetime": {"datetime": "2025-05-16 05:28:26", "elapsed": 1629.234396, "delta": 7.077533}}
{"target": 60.025640554710044, "params": {"x0": 0.8100003751188727, "x1": 2.0241357644137996, "x2": 2.742681074942433, "x3": 9.469110558458595e-12, "x4": 0.8752510433324104, "x5": 2.8800998388551826, "x6": 6.791172225229692, "x7": 2.119656705783159, "x8": 1.9927785453145186, "x9": 1.4482261907283858}, "datetime": {"datetime": "2025-05-16 05:28:33", "elapsed": 1636.457078, "delta": 7.222682}}
{"target": 60.025640554710044, "params": {"x0": 0.8100003749755652, "x1": 2.0241357644183795, "x2": 2.7426810753691684, "x3": 1.0087575709167911e-11, "x4": 0.8752510435328846, "x5": 2.8800998389947536, "x6": 6.791172226202044, "x7": 2.119656710809113, "x8": 1.9927785453111635, "x9": 1.4482261907620158}, "datetime": {"datetime": "2025-05-16 05:28:40", "elapsed": 1643.512437, "delta": 7.055359}}
{"target": 60.025640554710044, "params": {"x0": 0.8100003750317532, "x1": 2.0241357645516493, "x2": 2.7426810749733073, "x3": 6.831002974650223e-12, "x4": 0.875251043683105, "x5": 2.880099838760853, "x6": 6.7911722203569775, "x7": 2.119656712395328, "x8": 1.992778545357338, "x9": 1.448226190760343}, "datetime": {"datetime": "2025-05-16 05:28:47", "elapsed": 1650.451052, "delta": 6.938615}}
{"target": 60.025640554710044, "params": {"x0": 0.8100003749049787, "x1": 2.0241357645331166, "x2": 2.7426810751256108, "x3": 4.317277116993513e-12, "x4": 0.8752510436874552, "x5": 2.880099838745154, "x6": 6.791172221569434, "x7": 2.119656715618087, "x8": 1.992778545353343, "x9": 1.4482261907330845}, "datetime": {"datetime": "2025-05-16 05:28:54", "elapsed": 1657.600743, "delta": 7.149691}}
{"target": 60.025640554710044, "params": {"x0": 0.8100003748954578, "x1": 2.0241357644369047, "x2": 2.742681075225479, "x3": 1.4752054766282785e-11, "x4": 0.87525104376179, "x5": 2.8800998387837984, "x6": 6.791172221644369, "x7": 2.1196567175630956, "x8": 1.9927785453406752, "x9": 1.4482261907372613}, "datetime": {"datetime": "2025-05-16 05:29:01", "elapsed": 1664.444853, "delta": 6.84411}}
{"target": 60.025640554710044, "params": {"x0": 0.8100003749266274, "x1": 2.0241357644804623, "x2": 2.7426810750725577, "x3": 5.420027909712588e-11, "x4": 0.8752510439060079, "x5": 2.880099838854067, "x6": 6.791172220871592, "x7": 2.1196567201803775, "x8": 1.9927785453391502, "x9": 1.4482261907622591}, "datetime": {"datetime": "2025-05-16 05:29:08", "elapsed": 1671.810967, "delta": 7.366114}}
{"target": 60.025640554710044, "params": {"x0": 0.8100003748447777, "x1": 2.0241357645558327, "x2": 2.742681075055136, "x3": 1.965699166362681e-11, "x4": 0.8752510438827207, "x5": 2.8800998388960806, "x6": 6.791172220001383, "x7": 2.1196567214389233, "x8": 1.9927785453381495, "x9": 1.4482261907618466}, "datetime": {"datetime": "2025-05-16 05:29:15", "elapsed": 1678.772539, "delta": 6.961572}}
{"target": 60.025640554710044, "params": {"x0": 0.8100003750195581, "x1": 2.0241357645437534, "x2": 2.742681075172712, "x3": 2.0817132669759852e-11, "x4": 0.8752510440616728, "x5": 2.880099838880214, "x6": 6.791172220616791, "x7": 2.119656723088308, "x8": 1.992778545332158, "x9": 1.4482261907419538}, "datetime": {"datetime": "2025-05-16 05:29:22", "elapsed": 1685.848808, "delta": 7.076269}}
{"target": 60.025640554710044, "params": {"x0": 0.8100003749723457, "x1": 2.0241357645501354, "x2": 2.7426810750936275, "x3": 1.7316323153543254e-11, "x4": 0.875251044082868, "x5": 2.8800998389281602, "x6": 6.791172219054387, "x7": 2.119656724951158, "x8": 1.9927785453346427, "x9": 1.4482261907492133}, "datetime": {"datetime": "2025-05-16 05:29:30", "elapsed": 1693.307341, "delta": 7.458533}}
{"target": 60.025640554710044, "params": {"x0": 0.8100003749568059, "x1": 2.024135764592372, "x2": 2.7426810752869066, "x3": 7.081275252710898e-12, "x4": 0.8752510442517769, "x5": 2.8800998389536927, "x6": 6.7911722190985975, "x7": 2.11965672612448, "x8": 1.9927785453415683, "x9": 1.44822619075016}, "datetime": {"datetime": "2025-05-16 05:29:36", "elapsed": 1700.004926, "delta": 6.697585}}
{"target": 60.025640554710044, "params": {"x0": 0.8100003749490784, "x1": 2.02413576456192, "x2": 2.742681075236393, "x3": 3.5209530649734954e-12, "x4": 0.8752510442258814, "x5": 2.880099838954288, "x6": 6.791172216552313, "x7": 2.119656727644171, "x8": 1.9927785453375764, "x9": 1.4482261907566238}, "datetime": {"datetime": "2025-05-16 05:29:43", "elapsed": 1706.709649, "delta": 6.704723}}
{"target": 60.025640554710044, "params": {"x0": 0.8100003748869374, "x1": 2.024135764602083, "x2": 2.7426810751164945, "x3": 1.1468037291852763e-12, "x4": 0.875251044162077, "x5": 2.880099838942259, "x6": 6.791172217730461, "x7": 2.1196567290332964, "x8": 1.9927785453346323, "x9": 1.4482261907519842}, "datetime": {"datetime": "2025-05-16 05:29:50", "elapsed": 1713.797088, "delta": 7.087439}}
{"target": 60.025640554710044, "params": {"x0": 0.8100003748713909, "x1": 2.024135764523776, "x2": 2.742681075133648, "x3": 3.2234628726436845e-12, "x4": 0.8752510444010142, "x5": 2.8800998389622494, "x6": 6.791172217119773, "x7": 2.119656729731236, "x8": 1.9927785453316091, "x9": 1.4482261907614318}, "datetime": {"datetime": "2025-05-16 05:29:58", "elapsed": 1721.32839, "delta": 7.531302}}
{"target": 60.025640554710044, "params": {"x0": 0.8100003749522233, "x1": 2.024135764511247, "x2": 2.7426810751382, "x3": 1.4970430483856853e-12, "x4": 0.875251044377358, "x5": 2.8800998389869386, "x6": 6.791172217232034, "x7": 2.119656730627725, "x8": 1.992778545336456, "x9": 1.4482261907517036}, "datetime": {"datetime": "2025-05-16 05:30:05", "elapsed": 1728.829732, "delta": 7.501342}}
