{"target": 60.025640554710044, "params": {"x0": 0.810000374933391, "x1": 2.024135764552232, "x2": 2.742681075178454, "x3": 2.5036046015545374e-82, "x4": 0.8752510444924038, "x5": 2.8800998391217534, "x6": 6.791172214084907, "x7": 2.119656739214783, "x8": 1.9927785453317515, "x9": 1.448226190753526}, "datetime": {"datetime": "2025-05-16 23:08:46", "elapsed": 65249.149156, "delta": 91.757674}}
{"target": 60.025640554710044, "params": {"x0": 0.810000374933391, "x1": 2.024135764552232, "x2": 2.742681075178454, "x3": 9.669783840347708e-82, "x4": 0.8752510444924038, "x5": 2.8800998391217534, "x6": 6.791172214084907, "x7": 2.119656739214783, "x8": 1.9927785453317515, "x9": 1.448226190753526}, "datetime": {"datetime": "2025-05-16 23:10:30", "elapsed": 65353.09172, "delta": 103.942564}}
{"target": 60.025640554710044, "params": {"x0": 0.810000374933391, "x1": 2.024135764552232, "x2": 2.742681075178454, "x3": 1.0068895057884228e-81, "x4": 0.8752510444924038, "x5": 2.8800998391217534, "x6": 6.791172214084907, "x7": 2.119656739214783, "x8": 1.9927785453317515, "x9": 1.448226190753526}, "datetime": {"datetime": "2025-05-16 23:12:15", "elapsed": 65458.212898, "delta": 105.121178}}
{"target": 60.025640554710044, "params": {"x0": 0.810000374933391, "x1": 2.024135764552232, "x2": 2.742681075178454, "x3": 6.53346981900568e-82, "x4": 0.8752510444924038, "x5": 2.8800998391217534, "x6": 6.791172214084907, "x7": 2.119656739214783, "x8": 1.9927785453317515, "x9": 1.448226190753526}, "datetime": {"datetime": "2025-05-16 23:13:40", "elapsed": 65543.415936, "delta": 85.203038}}
{"target": 60.025640554710044, "params": {"x0": 0.810000374933391, "x1": 2.024135764552232, "x2": 2.742681075178454, "x3": 5.335080206005009e-82, "x4": 0.8752510444924038, "x5": 2.8800998391217534, "x6": 6.791172214084907, "x7": 2.119656739214783, "x8": 1.9927785453317515, "x9": 1.448226190753526}, "datetime": {"datetime": "2025-05-16 23:15:16", "elapsed": 65639.791907, "delta": 96.375971}}
{"target": 60.025640554710044, "params": {"x0": 0.810000374933391, "x1": 2.024135764552232, "x2": 2.742681075178454, "x3": 4.701219192208805e-82, "x4": 0.8752510444924038, "x5": 2.8800998391217534, "x6": 6.791172214084907, "x7": 2.119656739214783, "x8": 1.9927785453317515, "x9": 1.448226190753526}, "datetime": {"datetime": "2025-05-16 23:16:53", "elapsed": 65736.924346, "delta": 97.132439}}
{"target": 60.025640554710044, "params": {"x0": 0.810000374933391, "x1": 2.024135764552232, "x2": 2.742681075178454, "x3": 7.04634556849148e-82, "x4": 0.8752510444924038, "x5": 2.8800998391217534, "x6": 6.791172214084907, "x7": 2.119656739214783, "x8": 1.9927785453317515, "x9": 1.448226190753526}, "datetime": {"datetime": "2025-05-16 23:18:46", "elapsed": 65849.781681, "delta": 112.857335}}
{"target": 60.025640554710044, "params": {"x0": 0.810000374933391, "x1": 2.024135764552232, "x2": 2.742681075178454, "x3": 8.450487965656174e-83, "x4": 0.8752510444924038, "x5": 2.8800998391217534, "x6": 6.791172214084907, "x7": 2.119656739214783, "x8": 1.9927785453317515, "x9": 1.448226190753526}, "datetime": {"datetime": "2025-05-16 23:20:18", "elapsed": 65941.473312, "delta": 91.691631}}
{"target": 60.025640554710044, "params": {"x0": 0.810000374933391, "x1": 2.024135764552232, "x2": 2.742681075178454, "x3": 4.4991285043811225e-82, "x4": 0.8752510444924038, "x5": 2.8800998391217534, "x6": 6.791172214084907, "x7": 2.119656739214783, "x8": 1.9927785453317515, "x9": 1.448226190753526}, "datetime": {"datetime": "2025-05-16 23:21:43", "elapsed": 66026.406687, "delta": 84.933375}}
{"target": 60.025640554710044, "params": {"x0": 0.810000374933391, "x1": 2.024135764552232, "x2": 2.742681075178454, "x3": 5.0834430984098686e-82, "x4": 0.8752510444924038, "x5": 2.8800998391217534, "x6": 6.791172214084907, "x7": 2.119656739214783, "x8": 1.9927785453317515, "x9": 1.448226190753526}, "datetime": {"datetime": "2025-05-16 23:23:38", "elapsed": 66141.722373, "delta": 115.315686}}
{"target": 60.025640554710044, "params": {"x0": 0.810000374933391, "x1": 2.024135764552232, "x2": 2.742681075178454, "x3": 1.447111211600936e-82, "x4": 0.8752510444924038, "x5": 2.8800998391217534, "x6": 6.791172214084907, "x7": 2.119656739214783, "x8": 1.9927785453317515, "x9": 1.448226190753526}, "datetime": {"datetime": "2025-05-16 23:25:31", "elapsed": 66254.453055, "delta": 112.730682}}
{"target": 60.025640554710044, "params": {"x0": 0.810000374933391, "x1": 2.024135764552232, "x2": 2.742681075178454, "x3": 3.105762960485462e-82, "x4": 0.8752510444924038, "x5": 2.8800998391217534, "x6": 6.791172214084907, "x7": 2.119656739214783, "x8": 1.9927785453317515, "x9": 1.448226190753526}, "datetime": {"datetime": "2025-05-16 23:26:52", "elapsed": 66335.180661, "delta": 80.727606}}
{"target": 60.025640554710044, "params": {"x0": 0.810000374933391, "x1": 2.024135764552232, "x2": 2.742681075178454, "x3": 2.696028693364266e-82, "x4": 0.8752510444924038, "x5": 2.8800998391217534, "x6": 6.791172214084907, "x7": 2.119656739214783, "x8": 1.9927785453317515, "x9": 1.448226190753526}, "datetime": {"datetime": "2025-05-16 23:28:58", "elapsed": 66461.887047, "delta": 126.706386}}
{"target": 60.025640554710044, "params": {"x0": 0.810000374933391, "x1": 2.024135764552232, "x2": 2.742681075178454, "x3": 4.726347734049987e-83, "x4": 0.8752510444924038, "x5": 2.8800998391217534, "x6": 6.791172214084907, "x7": 2.119656739214783, "x8": 1.9927785453317515, "x9": 1.448226190753526}, "datetime": {"datetime": "2025-05-16 23:30:33", "elapsed": 66556.668428, "delta": 94.781381}}
{"target": 60.025640554710044, "params": {"x0": 0.810000374933391, "x1": 2.024135764552232, "x2": 2.742681075178454, "x3": 7.799988845130646e-83, "x4": 0.8752510444924038, "x5": 2.8800998391217534, "x6": 6.791172214084907, "x7": 2.119656739214783, "x8": 1.9927785453317515, "x9": 1.448226190753526}, "datetime": {"datetime": "2025-05-16 23:32:31", "elapsed": 66674.595501, "delta": 117.927073}}
{"target": 60.025640554710044, "params": {"x0": 0.810000374933391, "x1": 2.024135764552232, "x2": 2.742681075178454, "x3": 2.773274676919034e-82, "x4": 0.8752510444924038, "x5": 2.8800998391217534, "x6": 6.791172214084907, "x7": 2.119656739214783, "x8": 1.9927785453317515, "x9": 1.448226190753526}, "datetime": {"datetime": "2025-05-16 23:34:10", "elapsed": 66773.476916, "delta": 98.881415}}
{"target": 60.025640554710044, "params": {"x0": 0.810000374933391, "x1": 2.024135764552232, "x2": 2.742681075178454, "x3": 9.666814562558075e-83, "x4": 0.8752510444924038, "x5": 2.8800998391217534, "x6": 6.791172214084907, "x7": 2.119656739214783, "x8": 1.9927785453317515, "x9": 1.448226190753526}, "datetime": {"datetime": "2025-05-16 23:36:01", "elapsed": 66884.701985, "delta": 111.225069}}
{"target": 60.025640554710044, "params": {"x0": 0.810000374933391, "x1": 2.024135764552232, "x2": 2.742681075178454, "x3": 4.484127748152068e-83, "x4": 0.8752510444924038, "x5": 2.8800998391217534, "x6": 6.791172214084907, "x7": 2.119656739214783, "x8": 1.9927785453317515, "x9": 1.448226190753526}, "datetime": {"datetime": "2025-05-16 23:37:29", "elapsed": 66972.270653, "delta": 87.568668}}
{"target": 60.025640554710044, "params": {"x0": 0.810000374933391, "x1": 2.024135764552232, "x2": 2.742681075178454, "x3": 1.4386847206308324e-82, "x4": 0.8752510444924038, "x5": 2.8800998391217534, "x6": 6.791172214084907, "x7": 2.119656739214783, "x8": 1.9927785453317515, "x9": 1.448226190753526}, "datetime": {"datetime": "2025-05-16 23:39:35", "elapsed": 67098.813708, "delta": 126.543055}}
{"target": 60.025640554710044, "params": {"x0": 0.810000374933391, "x1": 2.024135764552232, "x2": 2.742681075178454, "x3": 1.489037152383411e-82, "x4": 0.8752510444924038, "x5": 2.8800998391217534, "x6": 6.791172214084907, "x7": 2.119656739214783, "x8": 1.9927785453317515, "x9": 1.448226190753526}, "datetime": {"datetime": "2025-05-16 23:41:26", "elapsed": 67209.494241, "delta": 110.680533}}
{"target": 60.025640554710044, "params": {"x0": 0.810000374933391, "x1": 2.024135764552232, "x2": 2.742681075178454, "x3": 1.0705524059729987e-82, "x4": 0.8752510444924038, "x5": 2.8800998391217534, "x6": 6.791172214084907, "x7": 2.119656739214783, "x8": 1.9927785453317515, "x9": 1.448226190753526}, "datetime": {"datetime": "2025-05-16 23:43:19", "elapsed": 67322.974287, "delta": 113.480046}}
{"target": 60.025640554710044, "params": {"x0": 0.810000374933391, "x1": 2.024135764552232, "x2": 2.742681075178454, "x3": 6.795869447570631e-83, "x4": 0.8752510444924038, "x5": 2.8800998391217534, "x6": 6.791172214084907, "x7": 2.119656739214783, "x8": 1.9927785453317515, "x9": 1.448226190753526}, "datetime": {"datetime": "2025-05-16 23:44:43", "elapsed": 67406.520681, "delta": 83.546394}}
{"target": 60.025640554710044, "params": {"x0": 0.810000374933391, "x1": 2.024135764552232, "x2": 2.742681075178454, "x3": 1.2895984797654698e-82, "x4": 0.8752510444924038, "x5": 2.8800998391217534, "x6": 6.791172214084907, "x7": 2.119656739214783, "x8": 1.9927785453317515, "x9": 1.448226190753526}, "datetime": {"datetime": "2025-05-16 23:46:18", "elapsed": 67501.171213, "delta": 94.650532}}
{"target": 60.025640554710044, "params": {"x0": 0.810000374933391, "x1": 2.024135764552232, "x2": 2.742681075178454, "x3": 7.319881277142405e-83, "x4": 0.8752510444924038, "x5": 2.8800998391217534, "x6": 6.791172214084907, "x7": 2.119656739214783, "x8": 1.9927785453317515, "x9": 1.448226190753526}, "datetime": {"datetime": "2025-05-16 23:47:47", "elapsed": 67590.455358, "delta": 89.284145}}
{"target": 60.025640554710044, "params": {"x0": 0.810000374933391, "x1": 2.024135764552232, "x2": 2.742681075178454, "x3": 9.953114374634368e-83, "x4": 0.8752510444924038, "x5": 2.8800998391217534, "x6": 6.791172214084907, "x7": 2.119656739214783, "x8": 1.9927785453317515, "x9": 1.448226190753526}, "datetime": {"datetime": "2025-05-16 23:49:27", "elapsed": 67690.059027, "delta": 99.603669}}
{"target": 60.025640554710044, "params": {"x0": 0.810000374933391, "x1": 2.024135764552232, "x2": 2.742681075178454, "x3": 8.177863495909985e-83, "x4": 0.8752510444924038, "x5": 2.8800998391217534, "x6": 6.791172214084907, "x7": 2.119656739214783, "x8": 1.9927785453317515, "x9": 1.448226190753526}, "datetime": {"datetime": "2025-05-16 23:50:48", "elapsed": 67771.164306, "delta": 81.105279}}
{"target": 60.025640554710044, "params": {"x0": 0.810000374933391, "x1": 2.024135764552232, "x2": 2.742681075178454, "x3": 8.503349354876585e-83, "x4": 0.8752510444924038, "x5": 2.8800998391217534, "x6": 6.791172214084907, "x7": 2.119656739214783, "x8": 1.9927785453317515, "x9": 1.448226190753526}, "datetime": {"datetime": "2025-05-16 23:52:27", "elapsed": 67870.078678, "delta": 98.914372}}
{"target": 60.025640554710044, "params": {"x0": 0.810000374933391, "x1": 2.024135764552232, "x2": 2.742681075178454, "x3": 7.77258418790705e-83, "x4": 0.8752510444924038, "x5": 2.8800998391217534, "x6": 6.791172214084907, "x7": 2.119656739214783, "x8": 1.9927785453317515, "x9": 1.448226190753526}, "datetime": {"datetime": "2025-05-16 23:54:24", "elapsed": 67987.514168, "delta": 117.43549}}
{"target": 60.025640554710044, "params": {"x0": 0.810000374933391, "x1": 2.024135764552232, "x2": 2.742681075178454, "x3": 6.701093783832947e-83, "x4": 0.8752510444924038, "x5": 2.8800998391217534, "x6": 6.791172214084907, "x7": 2.119656739214783, "x8": 1.9927785453317515, "x9": 1.448226190753526}, "datetime": {"datetime": "2025-05-16 23:55:42", "elapsed": 68065.644845, "delta": 78.130677}}
{"target": 60.025640554710044, "params": {"x0": 0.810000374933391, "x1": 2.024135764552232, "x2": 2.742681075178454, "x3": 1.4306102916498768e-83, "x4": 0.8752510444924038, "x5": 2.8800998391217534, "x6": 6.791172214084907, "x7": 2.119656739214783, "x8": 1.9927785453317515, "x9": 1.448226190753526}, "datetime": {"datetime": "2025-05-16 23:57:30", "elapsed": 68173.063747, "delta": 107.418902}}
{"target": 60.025640554710044, "params": {"x0": 0.810000374933391, "x1": 2.024135764552232, "x2": 2.742681075178454, "x3": 5.0123371285683034e-83, "x4": 0.8752510444924038, "x5": 2.8800998391217534, "x6": 6.791172214084907, "x7": 2.119656739214783, "x8": 1.9927785453317515, "x9": 1.448226190753526}, "datetime": {"datetime": "2025-05-16 23:59:20", "elapsed": 68283.564764, "delta": 110.501017}}
{"target": 60.025640554710044, "params": {"x0": 0.810000374933391, "x1": 2.024135764552232, "x2": 2.742681075178454, "x3": 2.9463566623231148e-83, "x4": 0.8752510444924038, "x5": 2.8800998391217534, "x6": 6.791172214084907, "x7": 2.119656739214783, "x8": 1.9927785453317515, "x9": 1.448226190753526}, "datetime": {"datetime": "2025-05-17 00:00:52", "elapsed": 68375.197294, "delta": 91.63253}}
{"target": 60.025640554710044, "params": {"x0": 0.810000374933391, "x1": 2.024135764552232, "x2": 2.742681075178454, "x3": 4.458064545103101e-84, "x4": 0.8752510444924038, "x5": 2.8800998391217534, "x6": 6.791172214084907, "x7": 2.119656739214783, "x8": 1.9927785453317515, "x9": 1.448226190753526}, "datetime": {"datetime": "2025-05-17 00:02:17", "elapsed": 68460.361216, "delta": 85.163922}}
{"target": 60.025640554710044, "params": {"x0": 0.810000374933391, "x1": 2.024135764552232, "x2": 2.742681075178454, "x3": 5.489883654763387e-84, "x4": 0.8752510444924038, "x5": 2.8800998391217534, "x6": 6.791172214084907, "x7": 2.119656739214783, "x8": 1.9927785453317515, "x9": 1.448226190753526}, "datetime": {"datetime": "2025-05-17 00:04:04", "elapsed": 68567.47345, "delta": 107.112234}}
{"target": 60.025640554710044, "params": {"x0": 0.810000374933391, "x1": 2.024135764552232, "x2": 2.742681075178454, "x3": 2.019034408128028e-83, "x4": 0.8752510444924038, "x5": 2.8800998391217534, "x6": 6.791172214084907, "x7": 2.119656739214783, "x8": 1.9927785453317515, "x9": 1.448226190753526}, "datetime": {"datetime": "2025-05-17 00:06:39", "elapsed": 68722.082405, "delta": 154.608955}}
{"target": 60.025640554710044, "params": {"x0": 0.810000374933391, "x1": 2.024135764552232, "x2": 2.742681075178454, "x3": 2.7477121688650358e-83, "x4": 0.8752510444924038, "x5": 2.8800998391217534, "x6": 6.791172214084907, "x7": 2.119656739214783, "x8": 1.9927785453317515, "x9": 1.448226190753526}, "datetime": {"datetime": "2025-05-17 00:08:33", "elapsed": 68836.620217, "delta": 114.537812}}
{"target": 60.025640554710044, "params": {"x0": 0.810000374933391, "x1": 2.024135764552232, "x2": 2.742681075178454, "x3": 3.0345023579054336e-83, "x4": 0.8752510444924038, "x5": 2.8800998391217534, "x6": 6.791172214084907, "x7": 2.119656739214783, "x8": 1.9927785453317515, "x9": 1.448226190753526}, "datetime": {"datetime": "2025-05-17 00:10:03", "elapsed": 68926.740826, "delta": 90.120609}}
{"target": 60.025640554710044, "params": {"x0": 0.810000374933391, "x1": 2.024135764552232, "x2": 2.742681075178454, "x3": 2.6270934376590305e-83, "x4": 0.8752510444924038, "x5": 2.8800998391217534, "x6": 6.791172214084907, "x7": 2.119656739214783, "x8": 1.9927785453317515, "x9": 1.448226190753526}, "datetime": {"datetime": "2025-05-17 00:12:14", "elapsed": 69057.699253, "delta": 130.958427}}
{"target": 60.025640554710044, "params": {"x0": 0.810000374933391, "x1": 2.024135764552232, "x2": 2.742681075178454, "x3": 1.7355006931530265e-83, "x4": 0.8752510444924038, "x5": 2.8800998391217534, "x6": 6.791172214084907, "x7": 2.119656739214783, "x8": 1.9927785453317515, "x9": 1.448226190753526}, "datetime": {"datetime": "2025-05-17 00:13:51", "elapsed": 69154.693607, "delta": 96.994354}}
{"target": 60.025640554710044, "params": {"x0": 0.810000374933391, "x1": 2.024135764552232, "x2": 2.742681075178454, "x3": 1.935754930046451e-83, "x4": 0.8752510444924038, "x5": 2.8800998391217534, "x6": 6.791172214084907, "x7": 2.119656739214783, "x8": 1.9927785453317515, "x9": 1.448226190753526}, "datetime": {"datetime": "2025-05-17 00:15:48", "elapsed": 69271.340987, "delta": 116.64738}}
{"target": 60.025640554710044, "params": {"x0": 0.810000374933391, "x1": 2.024135764552232, "x2": 2.742681075178454, "x3": 5.982595022096916e-84, "x4": 0.8752510444924038, "x5": 2.8800998391217534, "x6": 6.791172214084907, "x7": 2.119656739214783, "x8": 1.9927785453317515, "x9": 1.448226190753526}, "datetime": {"datetime": "2025-05-17 00:17:44", "elapsed": 69387.288879, "delta": 115.947892}}
{"target": 60.025640554710044, "params": {"x0": 0.810000374933391, "x1": 2.024135764552232, "x2": 2.742681075178454, "x3": 4.291395187522151e-84, "x4": 0.8752510444924038, "x5": 2.8800998391217534, "x6": 6.791172214084907, "x7": 2.119656739214783, "x8": 1.9927785453317515, "x9": 1.448226190753526}, "datetime": {"datetime": "2025-05-17 00:19:31", "elapsed": 69494.901314, "delta": 107.612435}}
{"target": 60.025640554710044, "params": {"x0": 0.810000374933391, "x1": 2.024135764552232, "x2": 2.742681075178454, "x3": 1.061904492819454e-83, "x4": 0.8752510444924038, "x5": 2.8800998391217534, "x6": 6.791172214084907, "x7": 2.119656739214783, "x8": 1.9927785453317515, "x9": 1.448226190753526}, "datetime": {"datetime": "2025-05-17 00:21:17", "elapsed": 69600.452852, "delta": 105.551538}}
{"target": 60.025640554710044, "params": {"x0": 0.810000374933391, "x1": 2.024135764552232, "x2": 2.742681075178454, "x3": 8.399131033238106e-84, "x4": 0.8752510444924038, "x5": 2.8800998391217534, "x6": 6.791172214084907, "x7": 2.119656739214783, "x8": 1.9927785453317515, "x9": 1.448226190753526}, "datetime": {"datetime": "2025-05-17 00:23:05", "elapsed": 69708.431318, "delta": 107.978466}}
{"target": 60.025640554710044, "params": {"x0": 0.810000374933391, "x1": 2.024135764552232, "x2": 2.742681075178454, "x3": 7.625961748887654e-84, "x4": 0.8752510444924038, "x5": 2.8800998391217534, "x6": 6.791172214084907, "x7": 2.119656739214783, "x8": 1.9927785453317515, "x9": 1.448226190753526}, "datetime": {"datetime": "2025-05-17 00:24:57", "elapsed": 69820.212291, "delta": 111.780973}}
{"target": 60.025640554710044, "params": {"x0": 0.810000374933391, "x1": 2.024135764552232, "x2": 2.742681075178454, "x3": 6.351971189064442e-84, "x4": 0.8752510444924038, "x5": 2.8800998391217534, "x6": 6.791172214084907, "x7": 2.119656739214783, "x8": 1.9927785453317515, "x9": 1.448226190753526}, "datetime": {"datetime": "2025-05-17 00:26:45", "elapsed": 69928.452812, "delta": 108.240521}}
{"target": 60.025640554710044, "params": {"x0": 0.810000374933391, "x1": 2.024135764552232, "x2": 2.742681075178454, "x3": 1.004620033594315e-83, "x4": 0.8752510444924038, "x5": 2.8800998391217534, "x6": 6.791172214084907, "x7": 2.119656739214783, "x8": 1.9927785453317515, "x9": 1.448226190753526}, "datetime": {"datetime": "2025-05-17 00:28:18", "elapsed": 70021.605778, "delta": 93.152966}}
{"target": 60.025640554710044, "params": {"x0": 0.810000374933391, "x1": 2.024135764552232, "x2": 2.742681075178454, "x3": 4.145599615450188e-84, "x4": 0.8752510444924038, "x5": 2.8800998391217534, "x6": 6.791172214084907, "x7": 2.119656739214783, "x8": 1.9927785453317515, "x9": 1.448226190753526}, "datetime": {"datetime": "2025-05-17 00:29:44", "elapsed": 70107.597141, "delta": 85.991363}}
{"target": 60.025640554710044, "params": {"x0": 0.810000374933391, "x1": 2.024135764552232, "x2": 2.742681075178454, "x3": 2.1328351479832095e-85, "x4": 0.8752510444924038, "x5": 2.8800998391217534, "x6": 6.791172214084907, "x7": 2.119656739214783, "x8": 1.9927785453317515, "x9": 1.448226190753526}, "datetime": {"datetime": "2025-05-17 00:31:37", "elapsed": 70220.133086, "delta": 112.535945}}
{"target": 60.025640554710044, "params": {"x0": 0.810000374933391, "x1": 2.024135764552232, "x2": 2.742681075178454, "x3": 7.001077031339081e-85, "x4": 0.8752510444924038, "x5": 2.8800998391217534, "x6": 6.791172214084907, "x7": 2.119656739214783, "x8": 1.9927785453317515, "x9": 1.448226190753526}, "datetime": {"datetime": "2025-05-17 00:33:34", "elapsed": 70337.677904, "delta": 117.544818}}
{"target": 60.025640554710044, "params": {"x0": 0.810000374933391, "x1": 2.024135764552232, "x2": 2.742681075178454, "x3": 2.4673119259013044e-84, "x4": 0.8752510444924038, "x5": 2.8800998391217534, "x6": 6.791172214084907, "x7": 2.119656739214783, "x8": 1.9927785453317515, "x9": 1.448226190753526}, "datetime": {"datetime": "2025-05-17 00:35:32", "elapsed": 70455.397402, "delta": 117.719498}}
{"target": 60.025640554710044, "params": {"x0": 0.810000374933391, "x1": 2.024135764552232, "x2": 2.742681075178454, "x3": 4.833506869902649e-84, "x4": 0.8752510444924038, "x5": 2.8800998391217534, "x6": 6.791172214084907, "x7": 2.119656739214783, "x8": 1.9927785453317515, "x9": 1.448226190753526}, "datetime": {"datetime": "2025-05-17 00:37:34", "elapsed": 70577.744201, "delta": 122.346799}}
{"target": 60.025640554710044, "params": {"x0": 0.810000374933391, "x1": 2.024135764552232, "x2": 2.742681075178454, "x3": 5.023532813027696e-84, "x4": 0.8752510444924038, "x5": 2.8800998391217534, "x6": 6.791172214084907, "x7": 2.119656739214783, "x8": 1.9927785453317515, "x9": 1.448226190753526}, "datetime": {"datetime": "2025-05-17 00:38:54", "elapsed": 70657.837492, "delta": 80.093291}}
{"target": 60.025640554710044, "params": {"x0": 0.810000374933391, "x1": 2.024135764552232, "x2": 2.742681075178454, "x3": 3.171549673671155e-84, "x4": 0.8752510444924038, "x5": 2.8800998391217534, "x6": 6.791172214084907, "x7": 2.119656739214783, "x8": 1.9927785453317515, "x9": 1.448226190753526}, "datetime": {"datetime": "2025-05-17 00:40:59", "elapsed": 70782.526456, "delta": 124.688964}}
{"target": 60.025640554710044, "params": {"x0": 0.810000374933391, "x1": 2.024135764552232, "x2": 2.742681075178454, "x3": 1.5134788200275363e-84, "x4": 0.8752510444924038, "x5": 2.8800998391217534, "x6": 6.791172214084907, "x7": 2.119656739214783, "x8": 1.9927785453317515, "x9": 1.448226190753526}, "datetime": {"datetime": "2025-05-17 00:43:10", "elapsed": 70913.858977, "delta": 131.332521}}
