{"target": 59.22768270131156, "params": {"x0": 0.8137616438818247, "x1": 2.02723723970354, "x2": 2.7479361410999577, "x3": 0.0, "x4": 0.9049617569990657, "x5": 2.8896875062468883, "x6": 6.553270282068172, "x7": 2.804722290361193, "x8": 1.9920596684049614, "x9": 1.4476624736428854}, "datetime": {"datetime": "2025-05-16 05:12:19", "elapsed": 662.01452, "delta": 5.566694}}
{"target": 59.29503548571161, "params": {"x0": 0.813614282908104, "x1": 2.0264969493066194, "x2": 2.747154754692924, "x3": 0.0, "x4": 0.9027250874504634, "x5": 2.8888586145388357, "x6": 6.56259092912443, "x7": 2.7595526406241397, "x8": 1.9921468297545597, "x9": 1.4479828011196765}, "datetime": {"datetime": "2025-05-16 05:12:24", "elapsed": 667.603244, "delta": 5.588724}}
{"target": 59.35099055229414, "params": {"x0": 0.8134669219343833, "x1": 2.025978746028775, "x2": 2.7479361410999577, "x3": 0.0, "x4": 0.9011594187664418, "x5": 2.888029722830783, "x6": 6.571911576180688, "x7": 2.7143829908870867, "x8": 1.9922078426992784, "x9": 1.4482070303534302}, "datetime": {"datetime": "2025-05-16 05:12:30", "elapsed": 673.205849, "delta": 5.602605}}
{"target": 59.419780750452965, "params": {"x0": 0.8133195609606626, "x1": 2.0254605427509307, "x2": 2.7473891706150337, "x3": 0.0, "x4": 0.8995937500824202, "x5": 2.8872008311227306, "x6": 6.581232223236946, "x7": 2.6692133411500336, "x8": 1.9922688556439971, "x9": 1.448431259587184}, "datetime": {"datetime": "2025-05-16 05:12:35", "elapsed": 678.856939, "delta": 5.65109}}
{"target": 59.470319140533476, "params": {"x0": 0.8131721999869419, "x1": 2.025978746028775, "x2": 2.747006291275587, "x3": 0.0, "x4": 0.8980280813983985, "x5": 2.888029722830783, "x6": 6.590552870293204, "x7": 2.6240436914129806, "x8": 1.9923298685887159, "x9": 1.4482070303534302}, "datetime": {"datetime": "2025-05-16 05:12:41", "elapsed": 684.446143, "delta": 5.589204}}
{"target": 59.499569822289786, "params": {"x0": 0.8130248390132212, "x1": 2.026341488323266, "x2": 2.7466234119361403, "x3": 0.0, "x4": 0.8964624127143769, "x5": 2.88860994702642, "x6": 6.5998735173494625, "x7": 2.5788740416759275, "x8": 1.9923908815334346, "x9": 1.4480500698898027}, "datetime": {"datetime": "2025-05-16 05:12:47", "elapsed": 690.028994, "delta": 5.582851}}
{"target": 59.544835128447836, "params": {"x0": 0.8128774780395005, "x1": 2.0267042306177574, "x2": 2.7462405325966937, "x3": 0.0, "x4": 0.8948967440303552, "x5": 2.888029722830783, "x6": 6.609194164405721, "x7": 2.5337043919388744, "x8": 1.9924518944781533, "x9": 1.447893109426175}, "datetime": {"datetime": "2025-05-16 05:12:52", "elapsed": 695.590989, "delta": 5.561995}}
{"target": 59.59168286587393, "params": {"x0": 0.8127301170657798, "x1": 2.026341488323266, "x2": 2.745857653257247, "x3": 0.0, "x4": 0.8933310753463336, "x5": 2.8876235658938376, "x6": 6.618514811461979, "x7": 2.4885347422018214, "x8": 1.9923908815334346, "x9": 1.4480500698898027}, "datetime": {"datetime": "2025-05-16 05:12:58", "elapsed": 701.236854, "delta": 5.645865}}
{"target": 59.57873008188019, "params": {"x0": 0.8125827560920591, "x1": 2.0260875687171223, "x2": 2.7454747739178003, "x3": 0.0, "x4": 0.891765406662312, "x5": 2.887217408956892, "x6": 6.609194164405721, "x7": 2.4433650924647683, "x8": 1.9923481724721315, "x9": 1.448159942214342}, "datetime": {"datetime": "2025-05-16 05:13:03", "elapsed": 706.845943, "delta": 5.609089}}
{"target": 59.631395761499356, "params": {"x0": 0.8125974921894311, "x1": 2.026112960677737, "x2": 2.745513061851745, "x3": 0.0, "x4": 0.8919219735307141, "x5": 2.8872580246505866, "x6": 6.626903393812611, "x7": 2.4478820574384734, "x8": 1.9924293196886074, "x9": 1.4479511847977173}, "datetime": {"datetime": "2025-05-16 05:13:09", "elapsed": 712.396708, "delta": 5.550765}}
{"target": 59.66567062415822, "params": {"x0": 0.8124847610445348, "x1": 2.025918712179037, "x2": 2.745220159157068, "x3": 0.0, "x4": 0.8907242369874375, "x5": 2.886947314593823, "x6": 6.634033688810649, "x7": 2.4133272753896278, "x8": 1.9924619921205042, "x9": 1.4478671324694448}, "datetime": {"datetime": "2025-05-16 05:13:15", "elapsed": 718.057483, "delta": 5.660775}}
{"target": 59.70870865787454, "params": {"x0": 0.8123720298996385, "x1": 2.025724463680337, "x2": 2.7449272564623914, "x3": 0.0, "x4": 0.8895265004441609, "x5": 2.8866366045370597, "x6": 6.641163983808687, "x7": 2.378772493340782, "x8": 1.992494664552401, "x9": 1.4479511847977173}, "datetime": {"datetime": "2025-05-16 05:13:20", "elapsed": 723.70732, "delta": 5.649837}}
{"target": 59.714932138328805, "params": {"x0": 0.8122592987547422, "x1": 2.0255302151816372, "x2": 2.7446343537677147, "x3": 0.0, "x4": 0.8883287639008843, "x5": 2.8863258944802963, "x6": 6.648294278806724, "x7": 2.3442177112919365, "x8": 1.992527336984298, "x9": 1.4480100214275082}, "datetime": {"datetime": "2025-05-16 05:13:26", "elapsed": 729.305274, "delta": 5.597954}}
{"target": 59.7459110745823, "params": {"x0": 0.8121465676098459, "x1": 2.0253359666829374, "x2": 2.744341451073038, "x3": 0.0, "x4": 0.8871310273576077, "x5": 2.886015184423533, "x6": 6.655424573804762, "x7": 2.309662929243091, "x8": 1.9925600094161948, "x9": 1.4480688580572991}, "datetime": {"datetime": "2025-05-16 05:13:32", "elapsed": 735.059643, "delta": 5.754369}}
{"target": 59.77363633015645, "params": {"x0": 0.8120338364649496, "x1": 2.0251417181842375, "x2": 2.744048548378361, "x3": 0.0, "x4": 0.8859332908143311, "x5": 2.8857044743667695, "x6": 6.6625548688028, "x7": 2.275108147194245, "x8": 1.9925926818480917, "x9": 1.44812769468709}, "datetime": {"datetime": "2025-05-16 05:13:37", "elapsed": 740.743869, "delta": 5.684226}}
{"target": 59.775087638723946, "params": {"x0": 0.8119211053200533, "x1": 2.0249474696855376, "x2": 2.7437556456836845, "x3": 0.0, "x4": 0.8847355542710545, "x5": 2.885393764310006, "x6": 6.669685163800837, "x7": 2.2405533651453995, "x8": 1.9926253542799885, "x9": 1.4480688580572991}, "datetime": {"datetime": "2025-05-16 05:13:43", "elapsed": 746.436809, "delta": 5.69294}}
{"target": 59.797399160760605, "params": {"x0": 0.811808374175157, "x1": 2.0247532211868378, "x2": 2.7434627429890077, "x3": 0.0, "x4": 0.883537817727778, "x5": 2.8850830542532426, "x6": 6.676815458798875, "x7": 2.275108147194245, "x8": 1.9926580267118854, "x9": 1.4481100436981527}, "datetime": {"datetime": "2025-05-16 05:13:49", "elapsed": 752.061109, "delta": 5.6243}}
{"target": 59.81644231750557, "params": {"x0": 0.8116956430302608, "x1": 2.024558972688138, "x2": 2.743169840294331, "x3": 0.0, "x4": 0.8823400811845014, "x5": 2.884772344196479, "x6": 6.6839457537969125, "x7": 2.299296494628437, "x8": 1.9926906991437823, "x9": 1.4481388736467502}, "datetime": {"datetime": "2025-05-16 05:13:54", "elapsed": 757.615644, "delta": 5.554535}}
{"target": 59.829243438507405, "params": {"x0": 0.8115829118853645, "x1": 2.024364724189438, "x2": 2.7428769375996542, "x3": 0.0, "x4": 0.8811423446412248, "x5": 2.884461634139716, "x6": 6.69107604879495, "x7": 2.3234848420626286, "x8": 1.9927233715756791, "x9": 1.4481677035953477}, "datetime": {"datetime": "2025-05-16 05:14:00", "elapsed": 763.295511, "delta": 5.679867}}
{"target": 59.83187183350236, "params": {"x0": 0.8114701807404682, "x1": 2.024170475690738, "x2": 2.7425840349049775, "x3": 0.0, "x4": 0.8799446080979482, "x5": 2.8841509240829524, "x6": 6.698206343792988, "x7": 2.3476731894968204, "x8": 1.992756044007576, "x9": 1.4481388736467502}, "datetime": {"datetime": "2025-05-16 05:14:05", "elapsed": 768.911027, "delta": 5.615516}}
{"target": 59.85592821456969, "params": {"x0": 0.8113574495955719, "x1": 2.0239762271920383, "x2": 2.7422911322103007, "x3": 0.0, "x4": 0.8787468715546716, "x5": 2.883840214026189, "x6": 6.705336638791025, "x7": 2.3234848420626286, "x8": 1.9927887164394729, "x9": 1.4481186926827319}, "datetime": {"datetime": "2025-05-16 05:14:11", "elapsed": 774.51214, "delta": 5.601113}}
{"target": 59.8788537585634, "params": {"x0": 0.8112447184506756, "x1": 2.0237819786933384, "x2": 2.7425840349049775, "x3": 0.0, "x4": 0.877549135011395, "x5": 2.8835295039694255, "x6": 6.712466933789063, "x7": 2.3065529988586944, "x8": 1.9928213888713697, "x9": 1.4480985117187135}, "datetime": {"datetime": "2025-05-16 05:14:17", "elapsed": 780.21744, "delta": 5.7053}}
{"target": 59.88424173288157, "params": {"x0": 0.8111319873057793, "x1": 2.0239762271920383, "x2": 2.7427890667912513, "x3": 0.0, "x4": 0.8763513984681184, "x5": 2.883218793912662, "x6": 6.719597228787101, "x7": 2.28962115565476, "x8": 1.9928540613032666, "x9": 1.4480783307546952}, "datetime": {"datetime": "2025-05-16 05:14:22", "elapsed": 785.764655, "delta": 5.547215}}
{"target": 59.90331343069076, "params": {"x0": 0.811019256160883, "x1": 2.0241122011411283, "x2": 2.742994098677525, "x3": 0.0, "x4": 0.8751536619248418, "x5": 2.8829080838558987, "x6": 6.726727523785138, "x7": 2.272689312450826, "x8": 1.9928213888713697, "x9": 1.4480985117187135}, "datetime": {"datetime": "2025-05-16 05:14:28", "elapsed": 791.392853, "delta": 5.628198}}
{"target": 59.92382931344428, "params": {"x0": 0.8109065250159867, "x1": 2.0242481750902184, "x2": 2.743199130563799, "x3": 0.0, "x4": 0.8739559253815652, "x5": 2.8825973737991353, "x6": 6.733857818783176, "x7": 2.2557574692468916, "x8": 1.992798518169042, "x9": 1.4481126383935263}, "datetime": {"datetime": "2025-05-16 05:14:33", "elapsed": 796.978843, "delta": 5.58599}}
{"target": 59.94320921494339, "params": {"x0": 0.8107937938710904, "x1": 2.0243841490393084, "x2": 2.743404162450073, "x3": 0.0, "x4": 0.8727581888382886, "x5": 2.882286663742372, "x6": 6.7409881137812135, "x7": 2.2388256260429573, "x8": 1.9927756474667142, "x9": 1.4481267650683392}, "datetime": {"datetime": "2025-05-16 05:14:39", "elapsed": 802.55784, "delta": 5.578997}}
{"target": 59.94537669450393, "params": {"x0": 0.8106810627261941, "x1": 2.0245201229883985, "x2": 2.7436091943363468, "x3": 0.0, "x4": 0.871560452295012, "x5": 2.8819759536856084, "x6": 6.748118408779251, "x7": 2.221893782839023, "x8": 1.9927527767643864, "x9": 1.448140891743152}, "datetime": {"datetime": "2025-05-16 05:14:45", "elapsed": 808.548666, "delta": 5.990826}}
{"target": 59.96347180603788, "params": {"x0": 0.8105683315812978, "x1": 2.0246560969374885, "x2": 2.743404162450073, "x3": 0.0, "x4": 0.8727581888382886, "x5": 2.881665243628845, "x6": 6.755248703777289, "x7": 2.204961939635089, "x8": 1.9927299060620587, "x9": 1.4481550184179648}, "datetime": {"datetime": "2025-05-16 05:14:51", "elapsed": 814.215125, "delta": 5.666459}}
{"target": 59.980424790257885, "params": {"x0": 0.8104556004364015, "x1": 2.0245201229883985, "x2": 2.743260640129681, "x3": 0.0, "x4": 0.8735966044185822, "x5": 2.8813545335720816, "x6": 6.7623789987753264, "x7": 2.1880300964311545, "x8": 1.992707035359731, "x9": 1.4481691450927776}, "datetime": {"datetime": "2025-05-16 05:14:57", "elapsed": 820.061031, "delta": 5.845906}}
{"target": 59.982092559022185, "params": {"x0": 0.8103428692915052, "x1": 2.0244249412240354, "x2": 2.7431171178092892, "x3": 0.0, "x4": 0.8744350199988759, "x5": 2.881043823515318, "x6": 6.769509293773364, "x7": 2.1710982532272203, "x8": 1.9927299060620587, "x9": 1.4481832717675904}, "datetime": {"datetime": "2025-05-16 05:15:02", "elapsed": 825.61513, "delta": 5.554099}}
{"target": 59.99775692834714, "params": {"x0": 0.8102301381466089, "x1": 2.0243297594596723, "x2": 2.7429735954888974, "x3": 0.0, "x4": 0.8752734355791695, "x5": 2.8807331134585548, "x6": 6.776639588771402, "x7": 2.154166410023286, "x8": 1.9927459155536882, "x9": 1.4481973984424032}, "datetime": {"datetime": "2025-05-16 05:15:08", "elapsed": 831.235463, "delta": 5.620333}}
{"target": 60.01227432973191, "params": {"x0": 0.8101174070017126, "x1": 2.0242345776953092, "x2": 2.7428300731685056, "x3": 0.0, "x4": 0.8761118511594631, "x5": 2.8804224034017913, "x6": 6.783769883769439, "x7": 2.1372345668193518, "x8": 1.9927619250453177, "x9": 1.448211525117216}, "datetime": {"datetime": "2025-05-16 05:15:14", "elapsed": 837.119428, "delta": 5.883965}}
{"target": 60.02439241607778, "params": {"x0": 0.8100046758568163, "x1": 2.024139395930946, "x2": 2.7426865508481137, "x3": 0.0, "x4": 0.8752734355791695, "x5": 2.880111693345028, "x6": 6.790900178767477, "x7": 2.1203027236154175, "x8": 1.9927779345369472, "x9": 1.448225651792029}, "datetime": {"datetime": "2025-05-16 05:15:19", "elapsed": 842.737752, "delta": 5.618324}}
{"target": 59.96666140870962, "params": {"x0": 0.80989194471192, "x1": 2.024044214166583, "x2": 2.742543028527722, "x3": 0.0, "x4": 0.8746865446729639, "x5": 2.8798009832882645, "x6": 6.798030473765515, "x7": 2.1033708804114832, "x8": 1.9927939440285767, "x9": 1.4482397784668417}, "datetime": {"datetime": "2025-05-16 05:15:25", "elapsed": 848.336843, "delta": 5.599091}}
{"target": 59.96503486587365, "params": {"x0": 0.8099032178264097, "x1": 2.0240537323430194, "x2": 2.742557380759761, "x3": 0.0, "x4": 0.8758016373947545, "x5": 2.879832054293941, "x6": 6.797317444265711, "x7": 2.135541382498958, "x8": 1.9927635259944807, "x9": 1.4482383657993605}, "datetime": {"datetime": "2025-05-16 05:15:31", "elapsed": 854.176967, "delta": 5.840124}}
{"target": 59.99868703145062, "params": {"x0": 0.8099133636294503, "x1": 2.024062298701812, "x2": 2.742570297768596, "x3": 0.0, "x4": 0.874798053945143, "x5": 2.880363368491006, "x6": 6.796675717715887, "x7": 2.106587930620231, "x8": 1.992790902225167, "x9": 1.4482370943986274}, "datetime": {"datetime": "2025-05-16 05:15:36", "elapsed": 859.905946, "delta": 5.728979}}
{"target": 59.99080797167133, "params": {"x0": 0.8100868568614458, "x1": 2.0240700084247254, "x2": 2.7427911786196795, "x3": 0.0, "x4": 0.8757012790497933, "x5": 2.8798851857136474, "x6": 6.796098163821046, "x7": 2.1326460373110856, "x8": 1.992789605456345, "x9": 1.4482359501379674}, "datetime": {"datetime": "2025-05-16 05:15:42", "elapsed": 865.523062, "delta": 5.617116}}
{"target": 59.96666140870962, "params": {"x0": 0.8099307129526498, "x1": 2.0240769471753475, "x2": 2.7425923858537047, "x3": 0.0, "x4": 0.874888376455608, "x5": 2.8799078364767854, "x6": 6.79557836531569, "x7": 2.109193741289316, "x8": 1.9927884383644052, "x9": 1.4482349203033735}, "datetime": {"datetime": "2025-05-16 05:15:48", "elapsed": 871.148397, "delta": 5.625335}}
{"target": 59.96503486587365, "params": {"x0": 0.8099381092430665, "x1": 2.024195599810985, "x2": 2.7426018023531458, "x3": 0.0, "x4": 0.8756199887903748, "x5": 2.8799282221636098, "x6": 6.795110546660868, "x7": 2.1303008077089087, "x8": 1.9927873879816596, "x9": 1.448233993452239}, "datetime": {"datetime": "2025-05-16 05:15:53", "elapsed": 877.001328, "delta": 5.852931}}
{"target": 59.966334739897164, "params": {"x0": 0.8099447659044415, "x1": 2.024088812438911, "x2": 2.7426102772026426, "x3": 0.0, "x4": 0.8749615376890847, "x5": 2.8799465692817514, "x6": 6.794689509871529, "x7": 2.1113044479312753, "x8": 1.9927864426371882, "x9": 1.4482181442978397}, "datetime": {"datetime": "2025-05-16 05:15:59", "elapsed": 882.644903, "delta": 5.643575}}
{"target": 59.99726069069298, "params": {"x0": 0.809950756899679, "x1": 2.0240938707881146, "x2": 2.7426179045671897, "x3": 0.0, "x4": 0.8749927274780932, "x5": 2.880260305001977, "x6": 6.794310576761124, "x7": 2.1284011717311455, "x8": 1.9927702772467302, "x9": 1.4482324085367992}, "datetime": {"datetime": "2025-05-16 05:16:05", "elapsed": 888.348633, "delta": 5.70373}}
{"target": 59.96579123077194, "params": {"x0": 0.8099561487953927, "x1": 2.0241803685594943, "x2": 2.742624769195282, "x3": 0.0, "x4": 0.8750207982882008, "x5": 2.879977942853774, "x6": 6.793969536961759, "x7": 2.1275913269195725, "x8": 1.9927848260981424, "x9": 1.4482317328623222}, "datetime": {"datetime": "2025-05-16 05:16:11", "elapsed": 894.132697, "delta": 5.784064}}
{"target": 59.96579123077194, "params": {"x0": 0.809961001501535, "x1": 2.0241762712966396, "x2": 2.7427421543356623, "x3": 0.0, "x4": 0.8750460620172977, "x5": 2.8799913179028995, "x6": 6.793662601142331, "x7": 2.126862466589157, "x8": 1.992784136942023, "x9": 1.4482311247552928}, "datetime": {"datetime": "2025-05-16 05:16:16", "elapsed": 899.857704, "delta": 5.725007}}
{"target": 59.99808176936084, "params": {"x0": 0.8099653689370632, "x1": 2.024106208101822, "x2": 2.74263650770932, "x3": 0.0, "x4": 0.8750687993734848, "x5": 2.880003355447112, "x6": 6.793386358904845, "x7": 2.114398954939052, "x8": 1.9927835167015153, "x9": 1.4482305774589663}, "datetime": {"datetime": "2025-05-16 05:16:22", "elapsed": 905.577062, "delta": 5.719358}}
{"target": 59.99808176936084, "params": {"x0": 0.8099692996290385, "x1": 2.0241095268847347, "x2": 2.7426415120231993, "x3": 0.0, "x4": 0.8750892629940533, "x5": 2.880014189236904, "x6": 6.793137740891109, "x7": 2.1149893318066884, "x8": 1.9927829584850585, "x9": 1.4482300848922727}, "datetime": {"datetime": "2025-05-16 05:16:28", "elapsed": 911.496199, "delta": 5.919137}}
{"target": 59.99808176936084, "params": {"x0": 0.8099728372518163, "x1": 2.0241125137893556, "x2": 2.7426460159056907, "x3": 0.0, "x4": 0.8751076802525649, "x5": 2.880023939647716, "x6": 6.792913984678745, "x7": 2.1155206709875616, "x8": 1.9927824560902474, "x9": 1.4482296415822482}, "datetime": {"datetime": "2025-05-16 05:16:34", "elapsed": 917.147225, "delta": 5.651026}}
{"target": 59.99808176936084, "params": {"x0": 0.8099760211123164, "x1": 2.024115202003515, "x2": 2.742650069399933, "x3": 0.0, "x4": 0.8751242557852253, "x5": 2.8800327150174474, "x6": 6.792712604087619, "x7": 2.1159988762503468, "x8": 1.9927820039349173, "x9": 1.4482292426032264}, "datetime": {"datetime": "2025-05-16 05:16:40", "elapsed": 923.022387, "delta": 5.875162}}
{"target": 59.99808176936084, "params": {"x0": 0.8099788865867663, "x1": 2.024117621396258, "x2": 2.742653717544751, "x3": 0.0, "x4": 0.8751391737646198, "x5": 2.8800406128502054, "x6": 6.792531361555604, "x7": 2.116429260986854, "x8": 1.9927815969951204, "x9": 1.4482288835221067}, "datetime": {"datetime": "2025-05-16 05:16:45", "elapsed": 928.720535, "delta": 5.698148}}
{"target": 59.99808176936084, "params": {"x0": 0.8099814655137714, "x1": 2.0241197988497266, "x2": 2.7426570008750875, "x3": 0.0, "x4": 0.8751525999460747, "x5": 2.8800477208996877, "x6": 6.792368243276791, "x7": 2.1168166072497105, "x8": 1.9927812307493031, "x9": 1.4482285603490987}, "datetime": {"datetime": "2025-05-16 05:16:51", "elapsed": 934.464915, "delta": 5.74438}}
{"target": 59.99808176936084, "params": {"x0": 0.8099837865480758, "x1": 2.0241217585578486, "x2": 2.74265995587239, "x3": 0.0, "x4": 0.8751646835093843, "x5": 2.880054118144222, "x6": 6.79222143682586, "x7": 2.117165218886281, "x8": 1.9927809011280675, "x9": 1.448228269493392}, "datetime": {"datetime": "2025-05-16 05:16:57", "elapsed": 940.28708, "delta": 5.822165}}
{"target": 59.99808176936084, "params": {"x0": 0.8099858754789498, "x1": 2.0241235222951586, "x2": 2.7426626153699623, "x3": 0.0, "x4": 0.8751755587163628, "x5": 2.8800598756643025, "x6": 6.792089311020022, "x7": 2.117478969359195, "x8": 1.9927806044689553, "x9": 1.4482280077232554}, "datetime": {"datetime": "2025-05-16 05:17:03", "elapsed": 946.488715, "delta": 6.201635}}
{"target": 59.99808176936084, "params": {"x0": 0.8099877555167365, "x1": 2.0241251096587374, "x2": 2.7426650089177778, "x3": 0.0, "x4": 0.8751853464026434, "x5": 2.880065057432375, "x6": 6.791970397794768, "x7": 2.117761344784817, "x8": 1.9927803374757547, "x9": 1.4482277721301329}, "datetime": {"datetime": "2025-05-16 05:17:09", "elapsed": 952.170826, "delta": 5.682111}}
{"target": 59.99808176936084, "params": {"x0": 0.8099894475507445, "x1": 2.024126538285958, "x2": 2.742667163110811, "x3": 0.0, "x4": 0.875194155320296, "x5": 2.88006972102364, "x6": 6.791863375892039, "x7": 2.118015482667877, "x8": 1.9927800971818739, "x9": 1.4482275600963226}, "datetime": {"datetime": "2025-05-16 05:17:14", "elapsed": 957.837882, "delta": 5.667056}}
{"target": 59.99808176936084, "params": {"x0": 0.8099909703813517, "x1": 2.0241278240504568, "x2": 2.7426691018845415, "x3": 0.0, "x4": 0.8752020833461834, "x5": 2.880073918255779, "x6": 6.791767056179582, "x7": 2.1182442067626313, "x8": 1.9927798809173811, "x9": 1.4482273692658931}, "datetime": {"datetime": "2025-05-16 05:17:20", "elapsed": 963.66863, "delta": 5.830748}}
{"target": 59.99808176936084, "params": {"x0": 0.8099923409288982, "x1": 2.0241289812385057, "x2": 2.7426708467808987, "x3": 0.0, "x4": 0.875209218569482, "x5": 2.880077695764704, "x6": 6.791680368438372, "x7": 2.11845005844791, "x8": 1.9927796862793379, "x9": 1.4482271975185066}, "datetime": {"datetime": "2025-05-16 05:17:26", "elapsed": 969.48567, "delta": 5.81704}}
{"target": 59.99808176936084, "params": {"x0": 0.80999357442169, "x1": 2.02413002270775, "x2": 2.7426724171876202, "x3": 0.0, "x4": 0.8752156402704507, "x5": 2.8800810955227365, "x6": 6.791602349471282, "x7": 2.1186353249646603, "x8": 1.9927795111050988, "x9": 1.448227042945859}, "datetime": {"datetime": "2025-05-16 05:17:32", "elapsed": 975.235154, "delta": 5.749484}}
{"target": 59.99808176936084, "params": {"x0": 0.8099946845652026, "x1": 2.0241309600300696, "x2": 2.7426738305536693, "x3": 0.0, "x4": 0.8752214198013226, "x5": 2.8800841553049654, "x6": 6.791532132400902, "x7": 2.1188020648297363, "x8": 1.9927793534482836, "x9": 1.4482269038304758}, "datetime": {"datetime": "2025-05-16 05:17:38", "elapsed": 981.104041, "delta": 5.868887}}
{"target": 59.99808176936084, "params": {"x0": 0.809995683694364, "x1": 2.024131803620157, "x2": 2.7426751025831138, "x3": 0.0, "x4": 0.8752266213791073, "x5": 2.8800869091089716, "x6": 6.79146893703756, "x7": 2.1189521307083043, "x8": 1.9927792115571499, "x9": 1.4482267786266312}, "datetime": {"datetime": "2025-05-16 05:17:43", "elapsed": 986.86091, "delta": 5.756869}}
