{"target": 60.025640554710044, "params": {"x0": 0.810000374933391, "x1": 2.024135764552232, "x2": 2.742681075178454, "x3": 6.283886451219174e-42, "x4": 0.8752510444924038, "x5": 2.8800998391217534, "x6": 6.791172214084907, "x7": 2.119656739214783, "x8": 1.9927785453317515, "x9": 1.448226190753526}, "datetime": {"datetime": "2025-05-16 08:15:51", "elapsed": 11674.731012, "delta": 23.120172}}
{"target": 60.025640554710044, "params": {"x0": 0.810000374933391, "x1": 2.024135764552232, "x2": 2.742681075178454, "x3": 5.399197202193085e-44, "x4": 0.8752510444924038, "x5": 2.8800998391217534, "x6": 6.791172214084907, "x7": 2.119656739214783, "x8": 1.9927785453317515, "x9": 1.448226190753526}, "datetime": {"datetime": "2025-05-16 08:16:17", "elapsed": 11700.935003, "delta": 26.203991}}
{"target": 60.025640554710044, "params": {"x0": 0.810000374933391, "x1": 2.024135764552232, "x2": 2.742681075178454, "x3": 1.9937848566277977e-41, "x4": 0.8752510444924038, "x5": 2.8800998391217534, "x6": 6.791172214084907, "x7": 2.119656739214783, "x8": 1.9927785453317515, "x9": 1.448226190753526}, "datetime": {"datetime": "2025-05-16 08:16:55", "elapsed": 11738.566911, "delta": 37.631908}}
{"target": 60.025640554710044, "params": {"x0": 0.810000374933391, "x1": 2.024135764552232, "x2": 2.742681075178454, "x3": 1.817228643674006e-41, "x4": 0.8752510444924038, "x5": 2.8800998391217534, "x6": 6.791172214084907, "x7": 2.119656739214783, "x8": 1.9927785453317515, "x9": 1.448226190753526}, "datetime": {"datetime": "2025-05-16 08:17:25", "elapsed": 11768.862979, "delta": 30.296068}}
{"target": 60.025640554710044, "params": {"x0": 0.810000374933391, "x1": 2.024135764552232, "x2": 2.742681075178454, "x3": 7.205745932940186e-42, "x4": 0.8752510444924038, "x5": 2.8800998391217534, "x6": 6.791172214084907, "x7": 2.119656739214783, "x8": 1.9927785453317515, "x9": 1.448226190753526}, "datetime": {"datetime": "2025-05-16 08:17:53", "elapsed": 11796.433581, "delta": 27.570602}}
{"target": 60.025640554710044, "params": {"x0": 0.810000374933391, "x1": 2.024135764552232, "x2": 2.742681075178454, "x3": 3.5242910027634593e-42, "x4": 0.8752510444924038, "x5": 2.8800998391217534, "x6": 6.791172214084907, "x7": 2.119656739214783, "x8": 1.9927785453317515, "x9": 1.448226190753526}, "datetime": {"datetime": "2025-05-16 08:18:23", "elapsed": 11826.498354, "delta": 30.064773}}
{"target": 60.025640554710044, "params": {"x0": 0.810000374933391, "x1": 2.024135764552232, "x2": 2.742681075178454, "x3": 7.346405432113253e-42, "x4": 0.8752510444924038, "x5": 2.8800998391217534, "x6": 6.791172214084907, "x7": 2.119656739214783, "x8": 1.9927785453317515, "x9": 1.448226190753526}, "datetime": {"datetime": "2025-05-16 08:18:55", "elapsed": 11858.995737, "delta": 32.497383}}
{"target": 60.025640554710044, "params": {"x0": 0.810000374933391, "x1": 2.024135764552232, "x2": 2.742681075178454, "x3": 9.986873710070531e-42, "x4": 0.8752510444924038, "x5": 2.8800998391217534, "x6": 6.791172214084907, "x7": 2.119656739214783, "x8": 1.9927785453317515, "x9": 1.448226190753526}, "datetime": {"datetime": "2025-05-16 08:19:29", "elapsed": 11892.582247, "delta": 33.58651}}
{"target": 60.025640554710044, "params": {"x0": 0.810000374933391, "x1": 2.024135764552232, "x2": 2.742681075178454, "x3": 6.551599730953108e-42, "x4": 0.8752510444924038, "x5": 2.8800998391217534, "x6": 6.791172214084907, "x7": 2.119656739214783, "x8": 1.9927785453317515, "x9": 1.448226190753526}, "datetime": {"datetime": "2025-05-16 08:20:10", "elapsed": 11933.853093, "delta": 41.270846}}
{"target": 60.025640554710044, "params": {"x0": 0.810000374933391, "x1": 2.024135764552232, "x2": 2.742681075178454, "x3": 5.037822659179954e-42, "x4": 0.8752510444924038, "x5": 2.8800998391217534, "x6": 6.791172214084907, "x7": 2.119656739214783, "x8": 1.9927785453317515, "x9": 1.448226190753526}, "datetime": {"datetime": "2025-05-16 08:20:39", "elapsed": 11962.862188, "delta": 29.009095}}
{"target": 60.025640554710044, "params": {"x0": 0.810000374933391, "x1": 2.024135764552232, "x2": 2.742681075178454, "x3": 3.690322833904661e-43, "x4": 0.8752510444924038, "x5": 2.8800998391217534, "x6": 6.791172214084907, "x7": 2.119656739214783, "x8": 1.9927785453317515, "x9": 1.448226190753526}, "datetime": {"datetime": "2025-05-16 08:21:08", "elapsed": 11991.387488, "delta": 28.5253}}
{"target": 60.025640554710044, "params": {"x0": 0.810000374933391, "x1": 2.024135764552232, "x2": 2.742681075178454, "x3": 7.60462505687828e-42, "x4": 0.8752510444924038, "x5": 2.8800998391217534, "x6": 6.791172214084907, "x7": 2.119656739214783, "x8": 1.9927785453317515, "x9": 1.448226190753526}, "datetime": {"datetime": "2025-05-16 08:21:39", "elapsed": 12022.357687, "delta": 30.970199}}
{"target": 60.025640554710044, "params": {"x0": 0.810000374933391, "x1": 2.024135764552232, "x2": 2.742681075178454, "x3": 5.194622842229537e-42, "x4": 0.8752510444924038, "x5": 2.8800998391217534, "x6": 6.791172214084907, "x7": 2.119656739214783, "x8": 1.9927785453317515, "x9": 1.448226190753526}, "datetime": {"datetime": "2025-05-16 08:22:02", "elapsed": 12045.350295, "delta": 22.992608}}
{"target": 60.025640554710044, "params": {"x0": 0.810000374933391, "x1": 2.024135764552232, "x2": 2.742681075178454, "x3": 5.541054677135749e-43, "x4": 0.8752510444924038, "x5": 2.8800998391217534, "x6": 6.791172214084907, "x7": 2.119656739214783, "x8": 1.9927785453317515, "x9": 1.448226190753526}, "datetime": {"datetime": "2025-05-16 08:22:25", "elapsed": 12068.423852, "delta": 23.073557}}
{"target": 60.025640554710044, "params": {"x0": 0.810000374933391, "x1": 2.024135764552232, "x2": 2.742681075178454, "x3": 5.336920733452778e-42, "x4": 0.8752510444924038, "x5": 2.8800998391217534, "x6": 6.791172214084907, "x7": 2.119656739214783, "x8": 1.9927785453317515, "x9": 1.448226190753526}, "datetime": {"datetime": "2025-05-16 08:22:49", "elapsed": 12092.174711, "delta": 23.750859}}
{"target": 60.025640554710044, "params": {"x0": 0.810000374933391, "x1": 2.024135764552232, "x2": 2.742681075178454, "x3": 3.399947416545278e-42, "x4": 0.8752510444924038, "x5": 2.8800998391217534, "x6": 6.791172214084907, "x7": 2.119656739214783, "x8": 1.9927785453317515, "x9": 1.448226190753526}, "datetime": {"datetime": "2025-05-16 08:23:16", "elapsed": 12119.808996, "delta": 27.634285}}
{"target": 60.025640554710044, "params": {"x0": 0.810000374933391, "x1": 2.024135764552232, "x2": 2.742681075178454, "x3": 2.20942602539824e-42, "x4": 0.8752510444924038, "x5": 2.8800998391217534, "x6": 6.791172214084907, "x7": 2.119656739214783, "x8": 1.9927785453317515, "x9": 1.448226190753526}, "datetime": {"datetime": "2025-05-16 08:23:42", "elapsed": 12145.969804, "delta": 26.160808}}
{"target": 60.025640554710044, "params": {"x0": 0.810000374933391, "x1": 2.024135764552232, "x2": 2.742681075178454, "x3": 1.9073551253127702e-42, "x4": 0.8752510444924038, "x5": 2.8800998391217534, "x6": 6.791172214084907, "x7": 2.119656739214783, "x8": 1.9927785453317515, "x9": 1.448226190753526}, "datetime": {"datetime": "2025-05-16 08:24:09", "elapsed": 12172.748397, "delta": 26.778593}}
{"target": 60.025640554710044, "params": {"x0": 0.810000374933391, "x1": 2.024135764552232, "x2": 2.742681075178454, "x3": 2.6138949760913322e-42, "x4": 0.8752510444924038, "x5": 2.8800998391217534, "x6": 6.791172214084907, "x7": 2.119656739214783, "x8": 1.9927785453317515, "x9": 1.448226190753526}, "datetime": {"datetime": "2025-05-16 08:24:37", "elapsed": 12200.36073, "delta": 27.612333}}
{"target": 60.025640554710044, "params": {"x0": 0.810000374933391, "x1": 2.024135764552232, "x2": 2.742681075178454, "x3": 2.8305412171472002e-42, "x4": 0.8752510444924038, "x5": 2.8800998391217534, "x6": 6.791172214084907, "x7": 2.119656739214783, "x8": 1.9927785453317515, "x9": 1.448226190753526}, "datetime": {"datetime": "2025-05-16 08:25:04", "elapsed": 12227.267985, "delta": 26.907255}}
{"target": 60.025640554710044, "params": {"x0": 0.810000374933391, "x1": 2.024135764552232, "x2": 2.742681075178454, "x3": 2.755281069365337e-42, "x4": 0.8752510444924038, "x5": 2.8800998391217534, "x6": 6.791172214084907, "x7": 2.119656739214783, "x8": 1.9927785453317515, "x9": 1.448226190753526}, "datetime": {"datetime": "2025-05-16 08:25:26", "elapsed": 12249.779746, "delta": 22.511761}}
{"target": 60.025640554710044, "params": {"x0": 0.810000374933391, "x1": 2.024135764552232, "x2": 2.742681075178454, "x3": 2.323666402885441e-42, "x4": 0.8752510444924038, "x5": 2.8800998391217534, "x6": 6.791172214084907, "x7": 2.119656739214783, "x8": 1.9927785453317515, "x9": 1.448226190753526}, "datetime": {"datetime": "2025-05-16 08:26:00", "elapsed": 12283.073577, "delta": 33.293831}}
{"target": 60.025640554710044, "params": {"x0": 0.810000374933391, "x1": 2.024135764552232, "x2": 2.742681075178454, "x3": 1.604909146181308e-42, "x4": 0.8752510444924038, "x5": 2.8800998391217534, "x6": 6.791172214084907, "x7": 2.119656739214783, "x8": 1.9927785453317515, "x9": 1.448226190753526}, "datetime": {"datetime": "2025-05-16 08:26:26", "elapsed": 12309.294802, "delta": 26.221225}}
{"target": 60.025640554710044, "params": {"x0": 0.810000374933391, "x1": 2.024135764552232, "x2": 2.742681075178454, "x3": 2.705121530089248e-43, "x4": 0.8752510444924038, "x5": 2.8800998391217534, "x6": 6.791172214084907, "x7": 2.119656739214783, "x8": 1.9927785453317515, "x9": 1.448226190753526}, "datetime": {"datetime": "2025-05-16 08:26:53", "elapsed": 12336.099047, "delta": 26.804245}}
{"target": 60.025640554710044, "params": {"x0": 0.810000374933391, "x1": 2.024135764552232, "x2": 2.742681075178454, "x3": 6.7721892103901315e-43, "x4": 0.8752510444924038, "x5": 2.8800998391217534, "x6": 6.791172214084907, "x7": 2.119656739214783, "x8": 1.9927785453317515, "x9": 1.448226190753526}, "datetime": {"datetime": "2025-05-16 08:27:24", "elapsed": 12367.627368, "delta": 31.528321}}
{"target": 60.025640554710044, "params": {"x0": 0.810000374933391, "x1": 2.024135764552232, "x2": 2.742681075178454, "x3": 2.9629321840920253e-44, "x4": 0.8752510444924038, "x5": 2.8800998391217534, "x6": 6.791172214084907, "x7": 2.119656739214783, "x8": 1.9927785453317515, "x9": 1.448226190753526}, "datetime": {"datetime": "2025-05-16 08:27:50", "elapsed": 12393.057145, "delta": 25.429777}}
{"target": 60.025640554710044, "params": {"x0": 0.810000374933391, "x1": 2.024135764552232, "x2": 2.742681075178454, "x3": 1.2142736113049486e-42, "x4": 0.8752510444924038, "x5": 2.8800998391217534, "x6": 6.791172214084907, "x7": 2.119656739214783, "x8": 1.9927785453317515, "x9": 1.448226190753526}, "datetime": {"datetime": "2025-05-16 08:28:16", "elapsed": 12419.126368, "delta": 26.069223}}
{"target": 60.025640554710044, "params": {"x0": 0.810000374933391, "x1": 2.024135764552232, "x2": 2.742681075178454, "x3": 1.3995839285878784e-42, "x4": 0.8752510444924038, "x5": 2.8800998391217534, "x6": 6.791172214084907, "x7": 2.119656739214783, "x8": 1.9927785453317515, "x9": 1.448226190753526}, "datetime": {"datetime": "2025-05-16 08:28:43", "elapsed": 12446.168241, "delta": 27.041873}}
{"target": 60.025640554710044, "params": {"x0": 0.810000374933391, "x1": 2.024135764552232, "x2": 2.742681075178454, "x3": 1.1560445081758373e-43, "x4": 0.8752510444924038, "x5": 2.8800998391217534, "x6": 6.791172214084907, "x7": 2.119656739214783, "x8": 1.9927785453317515, "x9": 1.448226190753526}, "datetime": {"datetime": "2025-05-16 08:29:13", "elapsed": 12476.43723, "delta": 30.268989}}
{"target": 60.025640554710044, "params": {"x0": 0.810000374933391, "x1": 2.024135764552232, "x2": 2.742681075178454, "x3": 8.022713137058055e-43, "x4": 0.8752510444924038, "x5": 2.8800998391217534, "x6": 6.791172214084907, "x7": 2.119656739214783, "x8": 1.9927785453317515, "x9": 1.448226190753526}, "datetime": {"datetime": "2025-05-16 08:29:38", "elapsed": 12501.550442, "delta": 25.113212}}
{"target": 60.025640554710044, "params": {"x0": 0.810000374933391, "x1": 2.024135764552232, "x2": 2.742681075178454, "x3": 3.648404314360729e-43, "x4": 0.8752510444924038, "x5": 2.8800998391217534, "x6": 6.791172214084907, "x7": 2.119656739214783, "x8": 1.9927785453317515, "x9": 1.448226190753526}, "datetime": {"datetime": "2025-05-16 08:30:10", "elapsed": 12533.648607, "delta": 32.098165}}
{"target": 60.025640554710044, "params": {"x0": 0.810000374933391, "x1": 2.024135764552232, "x2": 2.742681075178454, "x3": 2.7171783685715454e-43, "x4": 0.8752510444924038, "x5": 2.8800998391217534, "x6": 6.791172214084907, "x7": 2.119656739214783, "x8": 1.9927785453317515, "x9": 1.448226190753526}, "datetime": {"datetime": "2025-05-16 08:30:46", "elapsed": 12569.425686, "delta": 35.777079}}
{"target": 60.025640554710044, "params": {"x0": 0.810000374933391, "x1": 2.024135764552232, "x2": 2.742681075178454, "x3": 1.5253237457650446e-43, "x4": 0.8752510444924038, "x5": 2.8800998391217534, "x6": 6.791172214084907, "x7": 2.119656739214783, "x8": 1.9927785453317515, "x9": 1.448226190753526}, "datetime": {"datetime": "2025-05-16 08:31:13", "elapsed": 12596.135214, "delta": 26.709528}}
{"target": 60.025640554710044, "params": {"x0": 0.810000374933391, "x1": 2.024135764552232, "x2": 2.742681075178454, "x3": 8.860044420376802e-44, "x4": 0.8752510444924038, "x5": 2.8800998391217534, "x6": 6.791172214084907, "x7": 2.119656739214783, "x8": 1.9927785453317515, "x9": 1.448226190753526}, "datetime": {"datetime": "2025-05-16 08:31:38", "elapsed": 12621.90468, "delta": 25.769466}}
{"target": 60.025640554710044, "params": {"x0": 0.810000374933391, "x1": 2.024135764552232, "x2": 2.742681075178454, "x3": 2.4963377226292688e-43, "x4": 0.8752510444924038, "x5": 2.8800998391217534, "x6": 6.791172214084907, "x7": 2.119656739214783, "x8": 1.9927785453317515, "x9": 1.448226190753526}, "datetime": {"datetime": "2025-05-16 08:32:17", "elapsed": 12660.86994, "delta": 38.96526}}
{"target": 60.025640554710044, "params": {"x0": 0.810000374933391, "x1": 2.024135764552232, "x2": 2.742681075178454, "x3": 6.054990451526826e-43, "x4": 0.8752510444924038, "x5": 2.8800998391217534, "x6": 6.791172214084907, "x7": 2.119656739214783, "x8": 1.9927785453317515, "x9": 1.448226190753526}, "datetime": {"datetime": "2025-05-16 08:32:41", "elapsed": 12684.962796, "delta": 24.092856}}
{"target": 60.025640554710044, "params": {"x0": 0.810000374933391, "x1": 2.024135764552232, "x2": 2.742681075178454, "x3": 5.194617735116847e-43, "x4": 0.8752510444924038, "x5": 2.8800998391217534, "x6": 6.791172214084907, "x7": 2.119656739214783, "x8": 1.9927785453317515, "x9": 1.448226190753526}, "datetime": {"datetime": "2025-05-16 08:33:12", "elapsed": 12715.027458, "delta": 30.064662}}
{"target": 60.025640554710044, "params": {"x0": 0.810000374933391, "x1": 2.024135764552232, "x2": 2.742681075178454, "x3": 4.969408317453263e-43, "x4": 0.8752510444924038, "x5": 2.8800998391217534, "x6": 6.791172214084907, "x7": 2.119656739214783, "x8": 1.9927785453317515, "x9": 1.448226190753526}, "datetime": {"datetime": "2025-05-16 08:33:40", "elapsed": 12743.081238, "delta": 28.05378}}
{"target": 60.025640554710044, "params": {"x0": 0.810000374933391, "x1": 2.024135764552232, "x2": 2.742681075178454, "x3": 2.4563704460918883e-43, "x4": 0.8752510444924038, "x5": 2.8800998391217534, "x6": 6.791172214084907, "x7": 2.119656739214783, "x8": 1.9927785453317515, "x9": 1.448226190753526}, "datetime": {"datetime": "2025-05-16 08:34:11", "elapsed": 12774.133614, "delta": 31.052376}}
{"target": 60.025640554710044, "params": {"x0": 0.810000374933391, "x1": 2.024135764552232, "x2": 2.742681075178454, "x3": 1.0768522771860669e-44, "x4": 0.8752510444924038, "x5": 2.8800998391217534, "x6": 6.791172214084907, "x7": 2.119656739214783, "x8": 1.9927785453317515, "x9": 1.448226190753526}, "datetime": {"datetime": "2025-05-16 08:34:37", "elapsed": 12800.290062, "delta": 26.156448}}
{"target": 60.025640554710044, "params": {"x0": 0.810000374933391, "x1": 2.024135764552232, "x2": 2.742681075178454, "x3": 2.121914893613396e-43, "x4": 0.8752510444924038, "x5": 2.8800998391217534, "x6": 6.791172214084907, "x7": 2.119656739214783, "x8": 1.9927785453317515, "x9": 1.448226190753526}, "datetime": {"datetime": "2025-05-16 08:35:13", "elapsed": 12836.197545, "delta": 35.907483}}
{"target": 60.025640554710044, "params": {"x0": 0.810000374933391, "x1": 2.024135764552232, "x2": 2.742681075178454, "x3": 8.260715511891368e-44, "x4": 0.8752510444924038, "x5": 2.8800998391217534, "x6": 6.791172214084907, "x7": 2.119656739214783, "x8": 1.9927785453317515, "x9": 1.448226190753526}, "datetime": {"datetime": "2025-05-16 08:35:47", "elapsed": 12870.629092, "delta": 34.431547}}
{"target": 60.025640554710044, "params": {"x0": 0.810000374933391, "x1": 2.024135764552232, "x2": 2.742681075178454, "x3": 4.61527611127159e-44, "x4": 0.8752510444924038, "x5": 2.8800998391217534, "x6": 6.791172214084907, "x7": 2.119656739214783, "x8": 1.9927785453317515, "x9": 1.448226190753526}, "datetime": {"datetime": "2025-05-16 08:36:26", "elapsed": 12909.610551, "delta": 38.981459}}
{"target": 60.025640554710044, "params": {"x0": 0.810000374933391, "x1": 2.024135764552232, "x2": 2.742681075178454, "x3": 2.55732421424846e-43, "x4": 0.8752510444924038, "x5": 2.8800998391217534, "x6": 6.791172214084907, "x7": 2.119656739214783, "x8": 1.9927785453317515, "x9": 1.448226190753526}, "datetime": {"datetime": "2025-05-16 08:36:49", "elapsed": 12932.749547, "delta": 23.138996}}
{"target": 60.025640554710044, "params": {"x0": 0.810000374933391, "x1": 2.024135764552232, "x2": 2.742681075178454, "x3": 1.9075976199702957e-44, "x4": 0.8752510444924038, "x5": 2.8800998391217534, "x6": 6.791172214084907, "x7": 2.119656739214783, "x8": 1.9927785453317515, "x9": 1.448226190753526}, "datetime": {"datetime": "2025-05-16 08:37:19", "elapsed": 12962.172251, "delta": 29.422704}}
{"target": 60.025640554710044, "params": {"x0": 0.810000374933391, "x1": 2.024135764552232, "x2": 2.742681075178454, "x3": 1.8616922963058344e-43, "x4": 0.8752510444924038, "x5": 2.8800998391217534, "x6": 6.791172214084907, "x7": 2.119656739214783, "x8": 1.9927785453317515, "x9": 1.448226190753526}, "datetime": {"datetime": "2025-05-16 08:37:45", "elapsed": 12988.240225, "delta": 26.067974}}
{"target": 60.025640554710044, "params": {"x0": 0.810000374933391, "x1": 2.024135764552232, "x2": 2.742681075178454, "x3": 5.1606556137413e-44, "x4": 0.8752510444924038, "x5": 2.8800998391217534, "x6": 6.791172214084907, "x7": 2.119656739214783, "x8": 1.9927785453317515, "x9": 1.448226190753526}, "datetime": {"datetime": "2025-05-16 08:38:09", "elapsed": 13012.775383, "delta": 24.535158}}
{"target": 60.025640554710044, "params": {"x0": 0.810000374933391, "x1": 2.024135764552232, "x2": 2.742681075178454, "x3": 7.892724843104521e-44, "x4": 0.8752510444924038, "x5": 2.8800998391217534, "x6": 6.791172214084907, "x7": 2.119656739214783, "x8": 1.9927785453317515, "x9": 1.448226190753526}, "datetime": {"datetime": "2025-05-16 08:38:30", "elapsed": 13033.443353, "delta": 20.66797}}
{"target": 60.025640554710044, "params": {"x0": 0.810000374933391, "x1": 2.024135764552232, "x2": 2.742681075178454, "x3": 5.909379799150366e-45, "x4": 0.8752510444924038, "x5": 2.8800998391217534, "x6": 6.791172214084907, "x7": 2.119656739214783, "x8": 1.9927785453317515, "x9": 1.448226190753526}, "datetime": {"datetime": "2025-05-16 08:39:02", "elapsed": 13065.175466, "delta": 31.732113}}
{"target": 60.025640554710044, "params": {"x0": 0.810000374933391, "x1": 2.024135764552232, "x2": 2.742681075178454, "x3": 1.348713379098965e-43, "x4": 0.8752510444924038, "x5": 2.8800998391217534, "x6": 6.791172214084907, "x7": 2.119656739214783, "x8": 1.9927785453317515, "x9": 1.448226190753526}, "datetime": {"datetime": "2025-05-16 08:39:33", "elapsed": 13096.241103, "delta": 31.065637}}
{"target": 60.025640554710044, "params": {"x0": 0.810000374933391, "x1": 2.024135764552232, "x2": 2.742681075178454, "x3": 7.754495550755111e-44, "x4": 0.8752510444924038, "x5": 2.8800998391217534, "x6": 6.791172214084907, "x7": 2.119656739214783, "x8": 1.9927785453317515, "x9": 1.448226190753526}, "datetime": {"datetime": "2025-05-16 08:40:05", "elapsed": 13128.759049, "delta": 32.517946}}
{"target": 60.025640554710044, "params": {"x0": 0.810000374933391, "x1": 2.024135764552232, "x2": 2.742681075178454, "x3": 2.1795495553539312e-44, "x4": 0.8752510444924038, "x5": 2.8800998391217534, "x6": 6.791172214084907, "x7": 2.119656739214783, "x8": 1.9927785453317515, "x9": 1.448226190753526}, "datetime": {"datetime": "2025-05-16 08:40:42", "elapsed": 13165.110551, "delta": 36.351502}}
{"target": 60.025640554710044, "params": {"x0": 0.810000374933391, "x1": 2.024135764552232, "x2": 2.742681075178454, "x3": 6.804411577873661e-44, "x4": 0.8752510444924038, "x5": 2.8800998391217534, "x6": 6.791172214084907, "x7": 2.119656739214783, "x8": 1.9927785453317515, "x9": 1.448226190753526}, "datetime": {"datetime": "2025-05-16 08:41:16", "elapsed": 13199.550017, "delta": 34.439466}}
{"target": 60.025640554710044, "params": {"x0": 0.810000374933391, "x1": 2.024135764552232, "x2": 2.742681075178454, "x3": 2.8271325264027895e-44, "x4": 0.8752510444924038, "x5": 2.8800998391217534, "x6": 6.791172214084907, "x7": 2.119656739214783, "x8": 1.9927785453317515, "x9": 1.448226190753526}, "datetime": {"datetime": "2025-05-16 08:41:50", "elapsed": 13233.247162, "delta": 33.697145}}
{"target": 60.025640554710044, "params": {"x0": 0.810000374933391, "x1": 2.024135764552232, "x2": 2.742681075178454, "x3": 7.027377188943363e-44, "x4": 0.8752510444924038, "x5": 2.8800998391217534, "x6": 6.791172214084907, "x7": 2.119656739214783, "x8": 1.9927785453317515, "x9": 1.448226190753526}, "datetime": {"datetime": "2025-05-16 08:42:22", "elapsed": 13265.158182, "delta": 31.91102}}
