{"target": 31.411151125536, "params": {"x0": 0.8, "x1": 0.9, "x2": 2.509104749875687, "x3": 0.0, "x4": 0.0, "x5": 0.0, "x6": 4.486947108727212, "x7": 12.386290819875168, "x8": 2.0, "x9": 1.6237897160413697}, "datetime": {"datetime": "2025-05-16 05:06:33", "elapsed": 316.881405, "delta": 5.851661}}
{"target": 16.860449456510395, "params": {"x0": 0.8, "x1": 0.9, "x2": 3.773309586568173, "x3": 0.0, "x4": 0.0, "x5": 0.0, "x6": 7.120339869898053, "x7": 12.644096957302109, "x8": 2.0, "x9": 1.910395801790107}, "datetime": {"datetime": "2025-05-16 05:06:39", "elapsed": 322.824929, "delta": 5.943524}}
{"target": 35.65679167604525, "params": {"x0": 0.8, "x1": 0.9, "x2": 2.909520845703767, "x3": 0.0, "x4": 0.0, "x5": 0.0, "x6": 2.827902631827604, "x7": 9.680255354384514, "x8": 2.0, "x9": 1.8817351932152333}, "datetime": {"datetime": "2025-05-16 05:06:45", "elapsed": 328.521375, "delta": 5.696446}}
{"target": 42.690434895590435, "params": {"x0": 0.8, "x1": 0.9, "x2": 1.905535732774258, "x3": 0.0, "x4": 0.0, "x5": 0.0, "x6": 3.96914005860384, "x7": 7.178556534275332, "x8": 2.0, "x9": 2.1009888488130173}, "datetime": {"datetime": "2025-05-16 05:06:51", "elapsed": 334.389103, "delta": 5.867728}}
{"target": 29.086870833018327, "params": {"x0": 0.8, "x1": 0.9, "x2": 1.1414880512632481, "x3": 0.0, "x4": 0.0, "x5": 0.0, "x6": 2.56264025316048, "x7": 4.691484767606589, "x8": 2.0, "x9": 2.3202425044108015}, "datetime": {"datetime": "2025-05-16 05:06:57", "elapsed": 340.127294, "delta": 5.738191}}
{"target": 36.84447814404234, "params": {"x0": 0.8, "x1": 0.9, "x2": 1.2178928194143492, "x3": 0.0, "x4": 0.0, "x5": 0.0, "x6": 5.898475190431077, "x7": 7.243911313170508, "x8": 2.0, "x9": 2.298317138851023}, "datetime": {"datetime": "2025-05-16 05:07:02", "elapsed": 345.870046, "delta": 5.742752}}
{"target": 42.73595313296665, "params": {"x0": 0.8, "x1": 0.9, "x2": 2.524414354798176, "x3": 0.0, "x4": 0.0, "x5": 1.917412867848696, "x6": 4.224537871975252, "x7": 7.088614386996825, "x8": 2.0, "x9": 1.923393387778812}, "datetime": {"datetime": "2025-05-16 05:07:08", "elapsed": 351.539525, "delta": 5.669479}}
{"target": 43.586097681664576, "params": {"x0": 0.8, "x1": 0.9, "x2": 3.050461183518506, "x3": 0.0, "x4": 0.0, "x5": 0.28761193017730435, "x6": 4.751812543365642, "x7": 6.227023494753497, "x8": 2.0, "x9": 1.7724372458997377}, "datetime": {"datetime": "2025-05-16 05:07:14", "elapsed": 357.329116, "delta": 5.789591}}
{"target": 43.027913799098066, "params": {"x0": 0.8, "x1": 0.9, "x2": 3.576508012238836, "x3": 0.0, "x4": 0.7378302553635081, "x5": 0.6440925409002396, "x6": 4.121892058574928, "x7": 6.981710549374367, "x8": 2.0, "x9": 1.6214811040206634}, "datetime": {"datetime": "2025-05-16 05:07:20", "elapsed": 363.080064, "delta": 5.750948}}
{"target": 37.939460209151996, "params": {"x0": 0.8, "x1": 0.9, "x2": 3.037871696022135, "x3": 0.7041476717636997, "x4": 0.0, "x5": 0.547387865568952, "x6": 4.299093909398512, "x7": 7.0624839026368065, "x8": 2.0, "x9": 1.6365767182085709}, "datetime": {"datetime": "2025-05-16 05:07:25", "elapsed": 368.805871, "delta": 5.725807}}
{"target": 42.57093248631812, "params": {"x0": 0.8, "x1": 0.9, "x2": 3.4765591147819737, "x3": 0.0, "x4": 0.5976425068444416, "x5": 1.2117090618369835, "x6": 5.221347572574363, "x7": 4.9281973917019, "x8": 2.0, "x9": 1.8947117208217878}, "datetime": {"datetime": "2025-05-16 05:07:31", "elapsed": 374.646345, "delta": 5.840474}}
{"target": 43.36738253741107, "params": {"x0": 0.8, "x1": 1.4190272488570232, "x2": 3.4339493216556267, "x3": 0.0, "x4": 0.0, "x5": 1.1192993486710154, "x6": 4.034228481731453, "x7": 6.027325051391733, "x8": 2.0, "x9": 1.882484273329583}, "datetime": {"datetime": "2025-05-16 05:07:37", "elapsed": 380.436733, "delta": 5.790388}}
{"target": 46.848355277908865, "params": {"x0": 0.822325705681869, "x1": 1.3671245239713208, "x2": 2.7053218591950974, "x3": 0.0, "x4": 0.48409043054399775, "x5": 0.9642538912018366, "x6": 4.611126756253325, "x7": 6.280618128647023, "x8": 2.0, "x9": 1.6733949212128771}, "datetime": {"datetime": "2025-05-16 05:07:43", "elapsed": 386.294367, "delta": 5.857634}}
{"target": 49.50575244583773, "params": {"x0": 0.8413025555114576, "x1": 1.7641803693469433, "x2": 2.998690284869995, "x3": 0.0, "x4": 0.8955672965063959, "x5": 1.604088602130516, "x6": 5.422700686721245, "x7": 6.353993677957746, "x8": 2.0, "x9": 1.5892089452290454}, "datetime": {"datetime": "2025-05-16 05:07:49", "elapsed": 392.027901, "delta": 5.733534}}
{"target": 49.87039059950995, "params": {"x0": 0.822325705681869, "x1": 2.161236214722566, "x2": 2.793332386897567, "x3": 0.0, "x4": 1.3070441624687938, "x5": 2.2391990152381793, "x6": 5.6668716497043325, "x7": 5.507221880090715, "x8": 2.0, "x9": 1.5050229692452137}, "datetime": {"datetime": "2025-05-16 05:07:54", "elapsed": 397.834816, "delta": 5.806915}}
{"target": 32.34720058985255, "params": {"x0": 0.809041910801157, "x1": 2.558292060098189, "x2": 2.9370829154782663, "x3": 0.0, "x4": 1.718521028431192, "x5": 1.6040886021305163, "x6": 5.142110653198523, "x7": 6.191569248088465, "x8": 2.0, "x9": 1.420836993261382}, "datetime": {"datetime": "2025-05-16 05:08:00", "elapsed": 403.514199, "delta": 5.679383}}
{"target": 46.89005724263844, "params": {"x0": 0.8342811210745099, "x1": 1.8038859538845058, "x2": 2.663956911174937, "x3": 0.0, "x4": 0.9367149831026356, "x5": 2.810798387035076, "x6": 6.196201384236812, "x7": 5.715122161397847, "x8": 1.9313735780683836, "x9": 1.4292555908597653}, "datetime": {"datetime": "2025-05-16 05:08:06", "elapsed": 409.073328, "delta": 5.559129}}
{"target": 46.56983909900908, "params": {"x0": 0.8330855795352458, "x1": 2.4108394469073913, "x2": 2.6768944587472, "x3": 0.0, "x4": 0.9737479010392514, "x5": 1.7247595806209723, "x6": 6.1432684107835644, "x7": 4.952900512012539, "x8": 2.0, "x9": 1.5732136097921172}, "datetime": {"datetime": "2025-05-16 05:08:11", "elapsed": 414.96198, "delta": 5.888652}}
{"target": 51.14036857291285, "params": {"x0": 0.8320095921499081, "x1": 1.8717825034437372, "x2": 2.898126522232897, "x3": 0.0, "x4": 1.0070775271822057, "x5": 2.7021945063936657, "x6": 5.238114564733024, "x7": 5.008332648820356, "x8": 2.0, "x9": 1.5663945457374269}, "datetime": {"datetime": "2025-05-16 05:08:17", "elapsed": 420.443413, "delta": 5.481433}}
{"target": 48.69920872482906, "params": {"x0": 0.8402408956477413, "x1": 1.6257468488567326, "x2": 2.8090515071978666, "x3": 0.0, "x4": 1.2620491671758056, "x5": 2.3086483389115022, "x6": 5.602558086958637, "x7": 5.145479954463899, "x8": 2.0, "x9": 1.6185603857558082}, "datetime": {"datetime": "2025-05-16 05:08:23", "elapsed": 426.293645, "delta": 5.850232}}
{"target": 41.904285337301424, "params": {"x0": 0.839417765297958, "x1": 2.0932145925720413, "x2": 2.9782940357644243, "x3": 0.2209690006115523, "x4": 0.7776030511879657, "x5": 2.4149579192018256, "x6": 5.487365679310234, "x7": 5.389982910742181, "x8": 2.0, "x9": 1.61334380175397}, "datetime": {"datetime": "2025-05-16 05:08:29", "elapsed": 432.020109, "delta": 5.726464}}
{"target": 44.866573949565165, "params": {"x0": 0.8253422363166631, "x1": 2.071071383659211, "x2": 2.825975760054522, "x3": 0.0, "x4": 1.2136045555770216, "x5": 3.020966902054218, "x6": 4.942915311730278, "x7": 4.664847413090714, "x8": 1.9594767841135998, "x9": 1.524140215322538}, "datetime": {"datetime": "2025-05-16 05:08:34", "elapsed": 437.562373, "delta": 5.542264}}
{"target": 49.20058120969636, "params": {"x0": 0.8260089718999877, "x1": 1.6924225112498108, "x2": 2.8331908362723595, "x3": 0.0, "x4": 1.19295185273754, "x5": 2.989089662488163, "x6": 4.9724352370305525, "x7": 5.317469360977034, "x8": 2.0, "x9": 1.5283656483640269}, "datetime": {"datetime": "2025-05-16 05:08:40", "elapsed": 443.088271, "delta": 5.525898}}
{"target": 50.95145353889239, "params": {"x0": 0.8266090339249798, "x1": 1.7103585104692034, "x2": 2.8396844048684136, "x3": 0.0, "x4": 0.8397906341824047, "x5": 2.443988865908618, "x6": 4.9990031698008, "x7": 4.730109607879346, "x8": 2.0, "x9": 1.532168538101367}, "datetime": {"datetime": "2025-05-16 05:08:45", "elapsed": 448.667446, "delta": 5.579175}}
{"target": 51.92379579290341, "params": {"x0": 0.8271490897474726, "x1": 1.7265009097666568, "x2": 2.8455286166048617, "x3": 0.0, "x4": 0.8565193234823848, "x5": 2.9345795828302084, "x6": 5.453314820172026, "x7": 4.757931911973446, "x8": 2.0, "x9": 1.535591138864973}, "datetime": {"datetime": "2025-05-16 05:08:51", "elapsed": 454.267308, "delta": 5.599862}}
{"target": 49.88964753181622, "params": {"x0": 0.8230176627054023, "x1": 1.6030115551411386, "x2": 2.800820396821032, "x3": 0.0, "x4": 0.7285448503375371, "x5": 3.1321068978012696, "x6": 5.270394603048874, "x7": 4.970772538293319, "x8": 2.0, "x9": 1.509408243023387}, "datetime": {"datetime": "2025-05-16 05:08:56", "elapsed": 459.83446, "delta": 5.567152}}
{"target": 51.45881077957832, "params": {"x0": 0.8234308054096094, "x1": 1.6153604906036902, "x2": 2.8857660144103088, "x3": 0.0, "x4": 0.7413422976520219, "x5": 2.756804999356253, "x6": 5.6179430155828625, "x7": 4.56637534828556, "x8": 2.0, "x9": 1.5120265326075457}, "datetime": {"datetime": "2025-05-16 05:09:02", "elapsed": 465.404687, "delta": 5.570227}}
{"target": 51.75975997159717, "params": {"x0": 0.8238026338433957, "x1": 1.626474532519987, "x2": 2.881742274629764, "x3": 0.0, "x4": 0.9601786467297114, "x5": 2.7845880824070623, "x6": 5.305149444302273, "x7": 4.585531004654349, "x8": 2.0, "x9": 1.5143829932332884}, "datetime": {"datetime": "2025-05-16 05:09:08", "elapsed": 471.347088, "delta": 5.942401}}
{"target": 53.1809004829914, "params": {"x0": 0.8241372794338034, "x1": 1.8165246492886598, "x2": 2.8129363243824494, "x3": 0.0, "x4": 0.9498127144049788, "x5": 2.7905821702163047, "x6": 5.586663658454803, "x7": 4.602771095386259, "x8": 2.0, "x9": 1.516503807796457}, "datetime": {"datetime": "2025-05-16 05:09:14", "elapsed": 477.136305, "delta": 5.789217}}
{"target": 53.76396932939292, "params": {"x0": 0.8215772406671846, "x1": 1.8930448278823622, "x2": 2.8406397727714996, "x3": 0.0, "x4": 1.0291120966891838, "x5": 2.9129799709381228, "x6": 5.7000101709951645, "x7": 4.470884401287149, "x8": 2.0, "x9": 1.5002795763882184}, "datetime": {"datetime": "2025-05-16 05:09:19", "elapsed": 482.988542, "delta": 5.852237}}
{"target": 53.58835787391205, "params": {"x0": 0.8190172019005658, "x1": 1.9695650064760646, "x2": 2.8600321866438345, "x3": 0.0, "x4": 1.1084114789733888, "x5": 2.82730151043285, "x6": 5.813356683535526, "x7": 4.602771095386259, "x8": 2.0, "x9": 1.4840553449799798}, "datetime": {"datetime": "2025-05-16 05:09:25", "elapsed": 488.446122, "delta": 5.45758}}
{"target": 54.09794558848577, "params": {"x0": 0.8192732057772277, "x1": 1.9619129886166944, "x2": 2.823186600286398, "x3": 0.0, "x4": 0.9577426526333994, "x5": 2.8358693564833772, "x6": 5.8020220322814895, "x7": 4.352186376597951, "x8": 2.0, "x9": 1.4856777681208035}, "datetime": {"datetime": "2025-05-16 05:09:30", "elapsed": 493.915175, "delta": 5.469053}}
{"target": 54.63131612586564, "params": {"x0": 0.8173147761207643, "x1": 1.9033750519925121, "x2": 2.8083514036740618, "x3": 0.0, "x4": 1.0184066800808163, "x5": 2.901413378769911, "x6": 5.888732114374865, "x7": 4.251293055612132, "x8": 2.0, "x9": 1.473266231093501}, "datetime": {"datetime": "2025-05-16 05:09:36", "elapsed": 499.462935, "delta": 5.54776}}
{"target": 54.535472367900354, "params": {"x0": 0.8153563464643009, "x1": 1.9443516076294398, "x2": 2.7935162070617254, "x3": 0.0, "x4": 1.060871499294008, "x5": 2.9472941943704845, "x6": 5.8020220322814895, "x7": 4.150399734626314, "x8": 2.0, "x9": 1.4608546940661984}, "datetime": {"datetime": "2025-05-16 05:09:42", "elapsed": 505.046594, "delta": 5.583659}}
{"target": 55.0940950597026, "params": {"x0": 0.8155521894299472, "x1": 1.940253952065747, "x2": 2.794999726722959, "x3": 0.0, "x4": 0.9801883427889437, "x5": 2.942706112810427, "x6": 5.966771188258904, "x7": 4.160489066724895, "x8": 2.0, "x9": 1.4620958477689285}, "datetime": {"datetime": "2025-05-16 05:09:47", "elapsed": 510.656122, "delta": 5.609528}}
{"target": 55.067930984202604, "params": {"x0": 0.8140539907427528, "x1": 1.9716010171279965, "x2": 2.7836508013145216, "x3": 0.0, "x4": 1.0126739294870353, "x5": 2.977804936744866, "x6": 6.033104401060337, "x7": 4.2376724572790465, "x8": 2.0, "x9": 1.452601021943042}, "datetime": {"datetime": "2025-05-16 05:09:53", "elapsed": 516.256182, "delta": 5.60006}}
{"target": 55.46667848641954, "params": {"x0": 0.8169005682484223, "x1": 1.9684663106217717, "x2": 2.7847856938553655, "x3": 0.0, "x4": 1.0094253708172263, "x5": 2.9111171712694324, "x6": 6.026471079780193, "x7": 4.091024015226159, "x8": 2.0, "x9": 1.4706411910122263}, "datetime": {"datetime": "2025-05-16 05:09:58", "elapsed": 521.820054, "delta": 5.563872}}
{"target": 55.64289197933181, "params": {"x0": 0.818046690244126, "x1": 1.9444858058491508, "x2": 2.79346762179282, "x3": 0.0, "x4": 1.0342768446412665, "x5": 2.9379677715792782, "x6": 6.077215987573289, "x7": 4.031978721452234, "x8": 2.0, "x9": 1.4633776492554231}, "datetime": {"datetime": "2025-05-16 05:10:04", "elapsed": 527.330188, "delta": 5.510134}}
{"target": 55.99936726902104, "params": {"x0": 0.8169005682484223, "x1": 1.9612721591899855, "x2": 2.787390272236602, "x3": 0.0, "x4": 1.0094253708172263, "x5": 2.9191723513623864, "x6": 6.127960895366384, "x7": 3.972933427678308, "x8": 1.993241869656077, "x9": 1.458293170025661}, "datetime": {"datetime": "2025-05-16 05:10:09", "elapsed": 532.902435, "delta": 5.572247}}
{"target": 56.26655668267243, "params": {"x0": 0.8160982828514296, "x1": 1.9730226065285699, "x2": 2.783136127547249, "x3": 0.0, "x4": 0.9920293391403983, "x5": 2.9323291455142106, "x6": 6.17870580315948, "x7": 3.9138881339043827, "x8": 1.9989862804484115, "x9": 1.4633776492554231}, "datetime": {"datetime": "2025-05-16 05:10:15", "elapsed": 538.479348, "delta": 5.576913}}
{"target": 56.56649547472918, "params": {"x0": 0.8169005682484223, "x1": 1.9847730538671542, "x2": 2.778881982857896, "x3": 0.0, "x4": 0.9746333074635702, "x5": 2.9231193896079337, "x6": 6.229450710952576, "x7": 3.8548428401304573, "x8": 2.0, "x9": 1.4598185137945896}, "datetime": {"datetime": "2025-05-16 05:10:21", "elapsed": 544.081227, "delta": 5.601879}}
{"target": 56.612926152210285, "params": {"x0": 0.8174621680263171, "x1": 1.9965235012057385, "x2": 2.774627838168543, "x3": 0.0, "x4": 0.9572372757867422, "x5": 2.9166725604735397, "x6": 6.17870580315948, "x7": 3.795797546356532, "x8": 1.996355359430908, "x9": 1.457327118972006}, "datetime": {"datetime": "2025-05-16 05:10:26", "elapsed": 549.722621, "delta": 5.641394}}
{"target": 56.84826829087526, "params": {"x0": 0.8169005682484223, "x1": 2.0082739485443226, "x2": 2.7703736934791903, "x3": 0.0, "x4": 0.9746333074635702, "x5": 2.9102257313391457, "x6": 6.214227238614647, "x7": 3.7367522525826065, "x8": 1.993531909108275, "x9": 1.4548357241494225}, "datetime": {"datetime": "2025-05-16 05:10:32", "elapsed": 555.362672, "delta": 5.640051}}
{"target": 57.02933781772912, "params": {"x0": 0.8165074484038959, "x1": 1.9965235012057383, "x2": 2.7661195487898373, "x3": 0.0, "x4": 0.9624560852897907, "x5": 2.9037789022047518, "x6": 6.239092243433264, "x7": 3.677706958808681, "x8": 1.990708458785642, "x9": 1.457327118972006}, "datetime": {"datetime": "2025-05-16 05:10:37", "elapsed": 560.934755, "delta": 5.572083}}
{"target": 57.24687781292322, "params": {"x0": 0.8161143285593695, "x1": 2.004748814342747, "x2": 2.7618654041004844, "x3": 0.0, "x4": 0.9539320297681448, "x5": 2.897332073070358, "x6": 6.263957248251881, "x7": 3.6186616650347556, "x8": 1.993531909108275, "x9": 1.4555831425961976}, "datetime": {"datetime": "2025-05-16 05:10:43", "elapsed": 566.519307, "delta": 5.584552}}
{"target": 57.427446566574304, "params": {"x0": 0.8157212087148431, "x1": 2.0105065335386536, "x2": 2.7661195487898373, "x3": 0.0, "x4": 0.945407974246499, "x5": 2.9037789022047518, "x6": 6.288822253070498, "x7": 3.55961637126083, "x8": 1.991555493882432, "x9": 1.4543623591331316}, "datetime": {"datetime": "2025-05-16 05:10:49", "elapsed": 572.164789, "delta": 5.645482}}
{"target": 57.61528300557791, "params": {"x0": 0.8161143285593695, "x1": 2.01626425273456, "x2": 2.7631416475072905, "x3": 0.0, "x4": 0.9368839187248532, "x5": 2.9082916825988274, "x6": 6.313687257889114, "x7": 3.5005710774869048, "x8": 1.9901720032243417, "x9": 1.4531415756700656}, "datetime": {"datetime": "2025-05-16 05:10:54", "elapsed": 577.792647, "delta": 5.627858}}
{"target": 57.775781419217495, "params": {"x0": 0.8158391446682011, "x1": 2.0220219719304664, "x2": 2.7610571166095075, "x3": 0.0, "x4": 0.945407974246499, "x5": 2.9037789022047518, "x6": 6.338552262707731, "x7": 3.4415257837129793, "x8": 1.991555493882432, "x9": 1.4519207922069997}, "datetime": {"datetime": "2025-05-16 05:11:00", "elapsed": 583.41957, "delta": 5.626923}}
{"target": 57.96435912038612, "params": {"x0": 0.8156465159443831, "x1": 2.01626425273456, "x2": 2.7589725857117244, "x3": 0.0, "x4": 0.939441135381347, "x5": 2.9006199559288985, "x6": 6.363417267526348, "x7": 3.382480489939054, "x8": 1.9925239373430952, "x9": 1.4507000087439337}, "datetime": {"datetime": "2025-05-16 05:11:05", "elapsed": 588.979592, "delta": 5.560022}}
{"target": 58.12368399486092, "params": {"x0": 0.8154538872205651, "x1": 2.0202946561716946, "x2": 2.7568880548139414, "x3": 0.0, "x4": 0.9352643481757406, "x5": 2.8974610096530453, "x6": 6.388282272344965, "x7": 3.3234351961651285, "x8": 1.991555493882432, "x9": 1.4494792252808677}, "datetime": {"datetime": "2025-05-16 05:11:11", "elapsed": 594.614421, "delta": 5.634829}}
{"target": 58.3015467462006, "params": {"x0": 0.8152612584967471, "x1": 2.0231159385776887, "x2": 2.7548035239161583, "x3": 0.0, "x4": 0.9310875609701341, "x5": 2.894302063377192, "x6": 6.413147277163581, "x7": 3.264389902391203, "x8": 1.990877583459968, "x9": 1.4507000087439337}, "datetime": {"datetime": "2025-05-16 05:11:17", "elapsed": 600.185144, "delta": 5.570723}}
{"target": 58.266601082362804, "params": {"x0": 0.8150686297729292, "x1": 2.025937220983683, "x2": 2.7527189930183753, "x3": 0.0, "x4": 0.9269107737645277, "x5": 2.891143117101339, "x6": 6.438012281982198, "x7": 3.3234351961651285, "x8": 1.9901996730375038, "x9": 1.4498454603197874}, "datetime": {"datetime": "2025-05-16 05:11:22", "elapsed": 605.783731, "delta": 5.598587}}
{"target": 58.43739651551775, "params": {"x0": 0.815087892645311, "x1": 2.020576784412294, "x2": 2.7529274461081537, "x3": 0.0, "x4": 0.9273284524850883, "x5": 2.89714511502546, "x6": 6.435525781500337, "x7": 3.2112491379946704, "x8": 1.9914877028401856, "x9": 1.4499309151622022}, "datetime": {"datetime": "2025-05-16 05:11:28", "elapsed": 611.368616, "delta": 5.584885}}
{"target": 58.56164464712548, "params": {"x0": 0.8149405316715903, "x1": 2.0227350654528795, "x2": 2.7545221122449575, "x3": 0.0, "x4": 0.9241332102727994, "x5": 2.8947285211244322, "x6": 6.454547510186578, "x7": 3.1660794882576173, "x8": 1.9920063043133707, "x9": 1.4492771856177304}, "datetime": {"datetime": "2025-05-16 05:11:33", "elapsed": 617.011637, "delta": 5.643021}}
{"target": 58.667652097556164, "params": {"x0": 0.8147931706978696, "x1": 2.024245862181289, "x2": 2.7534058459491946, "x3": 0.0, "x4": 0.9209379680605104, "x5": 2.893036905393713, "x6": 6.47356923887282, "x7": 3.1209098385205643, "x8": 1.9925249057865557, "x9": 1.4486234560732587}, "datetime": {"datetime": "2025-05-16 05:11:39", "elapsed": 622.612242, "delta": 5.600605}}
{"target": 58.79148679550435, "params": {"x0": 0.8146458097241489, "x1": 2.0257566589096987, "x2": 2.7526244595421607, "x3": 0.0, "x4": 0.9177427258482215, "x5": 2.8913452896629934, "x6": 6.492590967559061, "x7": 3.075740188783511, "x8": 1.9920063043133707, "x9": 1.447969726528787}, "datetime": {"datetime": "2025-05-16 05:11:45", "elapsed": 628.194387, "delta": 5.582145}}
{"target": 58.877791680302884, "params": {"x0": 0.8144984487504282, "x1": 2.0272674556381083, "x2": 2.751843073135127, "x3": 0.0, "x4": 0.9145474836359325, "x5": 2.889653673932274, "x6": 6.511612696245303, "x7": 3.030570539046458, "x8": 1.9916432832821411, "x9": 1.4486234560732587}, "datetime": {"datetime": "2025-05-16 05:11:50", "elapsed": 633.748131, "delta": 5.553744}}
{"target": 58.99647694130157, "params": {"x0": 0.8143510877767075, "x1": 2.0257566589096987, "x2": 2.751061686728093, "x3": 0.0, "x4": 0.9113522414236436, "x5": 2.8913452896629934, "x6": 6.530634424931544, "x7": 2.985400889309405, "x8": 1.9920063043133707, "x9": 1.449081066754389}, "datetime": {"datetime": "2025-05-16 05:11:56", "elapsed": 639.246883, "delta": 5.498752}}
{"target": 59.07545016861205, "params": {"x0": 0.8142037268029868, "x1": 2.0246991011998117, "x2": 2.750280300321059, "x3": 0.0, "x4": 0.9081569992113546, "x5": 2.892529420674497, "x6": 6.549656153617786, "x7": 2.940231239572352, "x8": 1.9922604190352313, "x9": 1.4486234560732587}, "datetime": {"datetime": "2025-05-16 05:12:01", "elapsed": 644.852152, "delta": 5.605269}}
{"target": 59.107871993952884, "params": {"x0": 0.8140563658292661, "x1": 2.0257566589096987, "x2": 2.7494989139140253, "x3": 0.0, "x4": 0.9049617569990657, "x5": 2.8913452896629934, "x6": 6.530634424931544, "x7": 2.895061589835299, "x8": 1.9920063043133707, "x9": 1.4483031285964676}, "datetime": {"datetime": "2025-05-16 05:12:07", "elapsed": 650.448515, "delta": 5.596363}}
{"target": 59.18303162941658, "params": {"x0": 0.8139090048555454, "x1": 2.0264969493066194, "x2": 2.7487175275069915, "x3": 0.0, "x4": 0.9017665147867767, "x5": 2.890516397954941, "x6": 6.543949635011914, "x7": 2.849891940098246, "x8": 1.9921841846186732, "x9": 1.4479828011196765}, "datetime": {"datetime": "2025-05-16 05:12:13", "elapsed": 656.447826, "delta": 5.999311}}
