{"target": 60.025640554710044, "params": {"x0": 0.8100003749333912, "x1": 2.0241357645522324, "x2": 2.742681075178454, "x3": 2.7777159749809493e-16, "x4": 0.8752510444924054, "x5": 2.8800998391217543, "x6": 6.7911722140849005, "x7": 2.1196567392147774, "x8": 1.9927785453317515, "x9": 1.448226190753526}, "datetime": {"datetime": "2025-05-16 05:44:26", "elapsed": 2589.25507, "delta": 7.678575}}
{"target": 60.025640554710044, "params": {"x0": 0.810000374933391, "x1": 2.0241357645522315, "x2": 2.742681075178454, "x3": 1.7173232513867633e-16, "x4": 0.8752510444924023, "x5": 2.8800998391217547, "x6": 6.79117221408493, "x7": 2.1196567392148427, "x8": 1.9927785453317515, "x9": 1.448226190753526}, "datetime": {"datetime": "2025-05-16 05:44:35", "elapsed": 2598.682495, "delta": 9.427425}}
{"target": 60.025640554710044, "params": {"x0": 0.810000374933391, "x1": 2.0241357645522315, "x2": 2.7426810751784543, "x3": 2.0721154778910755e-16, "x4": 0.8752510444924051, "x5": 2.880099839121754, "x6": 6.791172214084906, "x7": 2.1196567392147623, "x8": 1.9927785453317515, "x9": 1.448226190753526}, "datetime": {"datetime": "2025-05-16 05:44:44", "elapsed": 2607.420296, "delta": 8.737801}}
{"target": 60.025640554710044, "params": {"x0": 0.810000374933391, "x1": 2.0241357645522315, "x2": 2.742681075178454, "x3": 1.0087666333679385e-16, "x4": 0.8752510444924044, "x5": 2.8800998391217525, "x6": 6.791172214084888, "x7": 2.119656739214827, "x8": 1.9927785453317515, "x9": 1.448226190753526}, "datetime": {"datetime": "2025-05-16 05:44:52", "elapsed": 2615.365414, "delta": 7.945118}}
{"target": 60.025640554710044, "params": {"x0": 0.8100003749333909, "x1": 2.024135764552232, "x2": 2.742681075178454, "x3": 1.6979560249557508e-16, "x4": 0.8752510444924024, "x5": 2.880099839121753, "x6": 6.791172214084894, "x7": 2.1196567392147854, "x8": 1.9927785453317515, "x9": 1.448226190753526}, "datetime": {"datetime": "2025-05-16 05:45:00", "elapsed": 2623.069061, "delta": 7.703647}}
{"target": 60.025640554710044, "params": {"x0": 0.8100003749333909, "x1": 2.024135764552232, "x2": 2.742681075178454, "x3": 1.2416328327535254e-17, "x4": 0.8752510444924045, "x5": 2.8800998391217534, "x6": 6.791172214084901, "x7": 2.119656739214761, "x8": 1.9927785453317515, "x9": 1.448226190753526}, "datetime": {"datetime": "2025-05-16 05:45:08", "elapsed": 2631.676303, "delta": 8.607242}}
{"target": 60.025640554710044, "params": {"x0": 0.8100003749333908, "x1": 2.024135764552232, "x2": 2.742681075178454, "x3": 1.8160403936236814e-16, "x4": 0.8752510444924028, "x5": 2.880099839121754, "x6": 6.791172214084922, "x7": 2.119656739214781, "x8": 1.9927785453317515, "x9": 1.448226190753526}, "datetime": {"datetime": "2025-05-16 05:45:17", "elapsed": 2640.255417, "delta": 8.579114}}
{"target": 60.025640554710044, "params": {"x0": 0.8100003749333909, "x1": 2.024135764552232, "x2": 2.742681075178454, "x3": 9.286531329569684e-17, "x4": 0.8752510444924033, "x5": 2.880099839121753, "x6": 6.7911722140849005, "x7": 2.1196567392147734, "x8": 1.9927785453317515, "x9": 1.448226190753526}, "datetime": {"datetime": "2025-05-16 05:45:25", "elapsed": 2648.823445, "delta": 8.568028}}
{"target": 60.025640554710044, "params": {"x0": 0.810000374933391, "x1": 2.024135764552232, "x2": 2.742681075178454, "x3": 1.3536425423169031e-17, "x4": 0.8752510444924045, "x5": 2.8800998391217534, "x6": 6.791172214084899, "x7": 2.1196567392147942, "x8": 1.9927785453317515, "x9": 1.448226190753526}, "datetime": {"datetime": "2025-05-16 05:45:34", "elapsed": 2657.915782, "delta": 9.092337}}
{"target": 60.025640554710044, "params": {"x0": 0.8100003749333912, "x1": 2.024135764552232, "x2": 2.7426810751784543, "x3": 3.3238391410511136e-17, "x4": 0.8752510444924033, "x5": 2.8800998391217534, "x6": 6.791172214084905, "x7": 2.119656739214787, "x8": 1.9927785453317515, "x9": 1.448226190753526}, "datetime": {"datetime": "2025-05-16 05:45:42", "elapsed": 2665.818343, "delta": 7.902561}}
{"target": 60.025640554710044, "params": {"x0": 0.8100003749333912, "x1": 2.024135764552232, "x2": 2.742681075178454, "x3": 1.0562212714839826e-16, "x4": 0.8752510444924033, "x5": 2.8800998391217534, "x6": 6.791172214084897, "x7": 2.119656739214772, "x8": 1.9927785453317515, "x9": 1.448226190753526}, "datetime": {"datetime": "2025-05-16 05:45:51", "elapsed": 2674.753667, "delta": 8.935324}}
{"target": 60.025640554710044, "params": {"x0": 0.8100003749333909, "x1": 2.024135764552232, "x2": 2.742681075178454, "x3": 1.119305965046222e-16, "x4": 0.8752510444924031, "x5": 2.8800998391217534, "x6": 6.791172214084913, "x7": 2.1196567392147925, "x8": 1.9927785453317515, "x9": 1.448226190753526}, "datetime": {"datetime": "2025-05-16 05:46:00", "elapsed": 2683.517372, "delta": 8.763705}}
{"target": 60.025640554710044, "params": {"x0": 0.8100003749333912, "x1": 2.024135764552232, "x2": 2.742681075178454, "x3": 6.798491303425294e-17, "x4": 0.8752510444924035, "x5": 2.8800998391217534, "x6": 6.791172214084907, "x7": 2.1196567392147703, "x8": 1.9927785453317515, "x9": 1.448226190753526}, "datetime": {"datetime": "2025-05-16 05:46:08", "elapsed": 2691.233036, "delta": 7.715664}}
{"target": 60.025640554710044, "params": {"x0": 0.8100003749333909, "x1": 2.024135764552232, "x2": 2.742681075178454, "x3": 2.024107779330682e-17, "x4": 0.8752510444924039, "x5": 2.880099839121754, "x6": 6.791172214084905, "x7": 2.119656739214785, "x8": 1.9927785453317515, "x9": 1.448226190753526}, "datetime": {"datetime": "2025-05-16 05:46:16", "elapsed": 2699.575525, "delta": 8.342489}}
{"target": 60.025640554710044, "params": {"x0": 0.810000374933391, "x1": 2.024135764552232, "x2": 2.742681075178454, "x3": 8.213262184003738e-17, "x4": 0.8752510444924037, "x5": 2.880099839121754, "x6": 6.791172214084913, "x7": 2.1196567392147996, "x8": 1.9927785453317515, "x9": 1.448226190753526}, "datetime": {"datetime": "2025-05-16 05:46:25", "elapsed": 2708.56917, "delta": 8.993645}}
{"target": 60.025640554710044, "params": {"x0": 0.810000374933391, "x1": 2.024135764552232, "x2": 2.742681075178454, "x3": 2.802054092079852e-17, "x4": 0.8752510444924042, "x5": 2.8800998391217534, "x6": 6.791172214084912, "x7": 2.1196567392147756, "x8": 1.9927785453317515, "x9": 1.448226190753526}, "datetime": {"datetime": "2025-05-16 05:46:33", "elapsed": 2716.829674, "delta": 8.260504}}
{"target": 60.025640554710044, "params": {"x0": 0.810000374933391, "x1": 2.024135764552232, "x2": 2.742681075178454, "x3": 1.8842132514964044e-17, "x4": 0.8752510444924041, "x5": 2.880099839121753, "x6": 6.791172214084903, "x7": 2.1196567392147903, "x8": 1.9927785453317515, "x9": 1.448226190753526}, "datetime": {"datetime": "2025-05-16 05:46:43", "elapsed": 2726.512042, "delta": 9.682368}}
{"target": 60.025640554710044, "params": {"x0": 0.8100003749333909, "x1": 2.024135764552232, "x2": 2.742681075178454, "x3": 1.9053590937677623e-17, "x4": 0.8752510444924037, "x5": 2.8800998391217534, "x6": 6.791172214084912, "x7": 2.1196567392147916, "x8": 1.9927785453317515, "x9": 1.448226190753526}, "datetime": {"datetime": "2025-05-16 05:46:51", "elapsed": 2734.955364, "delta": 8.443322}}
{"target": 60.025640554710044, "params": {"x0": 0.8100003749333909, "x1": 2.024135764552232, "x2": 2.742681075178454, "x3": 3.774682841527108e-18, "x4": 0.8752510444924039, "x5": 2.8800998391217534, "x6": 6.791172214084904, "x7": 2.1196567392147845, "x8": 1.9927785453317515, "x9": 1.448226190753526}, "datetime": {"datetime": "2025-05-16 05:47:01", "elapsed": 2744.247875, "delta": 9.292511}}
{"target": 60.025640554710044, "params": {"x0": 0.8100003749333909, "x1": 2.024135764552232, "x2": 2.742681075178454, "x3": 2.3462283752862125e-17, "x4": 0.8752510444924038, "x5": 2.8800998391217534, "x6": 6.791172214084907, "x7": 2.119656739214786, "x8": 1.9927785453317515, "x9": 1.448226190753526}, "datetime": {"datetime": "2025-05-16 05:47:10", "elapsed": 2753.579881, "delta": 9.332006}}
{"target": 60.025640554710044, "params": {"x0": 0.810000374933391, "x1": 2.024135764552232, "x2": 2.742681075178454, "x3": 4.7798601715417427e-17, "x4": 0.8752510444924041, "x5": 2.8800998391217534, "x6": 6.791172214084903, "x7": 2.119656739214782, "x8": 1.9927785453317515, "x9": 1.448226190753526}, "datetime": {"datetime": "2025-05-16 05:47:19", "elapsed": 2762.039522, "delta": 8.459641}}
{"target": 60.025640554710044, "params": {"x0": 0.810000374933391, "x1": 2.024135764552232, "x2": 2.742681075178454, "x3": 2.6491337179003485e-18, "x4": 0.8752510444924038, "x5": 2.8800998391217534, "x6": 6.791172214084903, "x7": 2.119656739214781, "x8": 1.9927785453317515, "x9": 1.448226190753526}, "datetime": {"datetime": "2025-05-16 05:47:27", "elapsed": 2770.950712, "delta": 8.91119}}
{"target": 60.025640554710044, "params": {"x0": 0.810000374933391, "x1": 2.024135764552232, "x2": 2.742681075178454, "x3": 3.594283938644006e-18, "x4": 0.875251044492404, "x5": 2.8800998391217534, "x6": 6.7911722140849085, "x7": 2.1196567392147876, "x8": 1.9927785453317515, "x9": 1.448226190753526}, "datetime": {"datetime": "2025-05-16 05:47:36", "elapsed": 2779.352326, "delta": 8.401614}}
{"target": 60.025640554710044, "params": {"x0": 0.810000374933391, "x1": 2.024135764552232, "x2": 2.742681075178454, "x3": 9.0762138876213e-18, "x4": 0.8752510444924035, "x5": 2.8800998391217534, "x6": 6.791172214084904, "x7": 2.1196567392147836, "x8": 1.9927785453317515, "x9": 1.448226190753526}, "datetime": {"datetime": "2025-05-16 05:47:45", "elapsed": 2788.558838, "delta": 9.206512}}
{"target": 60.025640554710044, "params": {"x0": 0.810000374933391, "x1": 2.024135764552232, "x2": 2.742681075178454, "x3": 2.3300562363291864e-17, "x4": 0.8752510444924038, "x5": 2.8800998391217534, "x6": 6.791172214084906, "x7": 2.119656739214782, "x8": 1.9927785453317515, "x9": 1.448226190753526}, "datetime": {"datetime": "2025-05-16 05:47:54", "elapsed": 2797.488868, "delta": 8.93003}}
{"target": 60.025640554710044, "params": {"x0": 0.810000374933391, "x1": 2.024135764552232, "x2": 2.742681075178454, "x3": 1.7184346470176517e-17, "x4": 0.8752510444924035, "x5": 2.8800998391217534, "x6": 6.791172214084908, "x7": 2.1196567392147787, "x8": 1.9927785453317515, "x9": 1.448226190753526}, "datetime": {"datetime": "2025-05-16 05:48:03", "elapsed": 2806.168039, "delta": 8.679171}}
{"target": 60.025640554710044, "params": {"x0": 0.810000374933391, "x1": 2.024135764552232, "x2": 2.742681075178454, "x3": 1.302507541309442e-17, "x4": 0.8752510444924039, "x5": 2.8800998391217534, "x6": 6.791172214084906, "x7": 2.119656739214781, "x8": 1.9927785453317515, "x9": 1.448226190753526}, "datetime": {"datetime": "2025-05-16 05:48:11", "elapsed": 2814.973371, "delta": 8.805332}}
{"target": 60.025640554710044, "params": {"x0": 0.810000374933391, "x1": 2.024135764552232, "x2": 2.742681075178454, "x3": 9.898901302128517e-18, "x4": 0.8752510444924038, "x5": 2.8800998391217534, "x6": 6.791172214084905, "x7": 2.1196567392147827, "x8": 1.9927785453317515, "x9": 1.448226190753526}, "datetime": {"datetime": "2025-05-16 05:48:22", "elapsed": 2825.661482, "delta": 10.688111}}
{"target": 60.025640554710044, "params": {"x0": 0.810000374933391, "x1": 2.024135764552232, "x2": 2.742681075178454, "x3": 1.4116580346667955e-17, "x4": 0.8752510444924039, "x5": 2.8800998391217534, "x6": 6.791172214084907, "x7": 2.119656739214783, "x8": 1.9927785453317515, "x9": 1.448226190753526}, "datetime": {"datetime": "2025-05-16 05:48:31", "elapsed": 2834.525667, "delta": 8.864185}}
{"target": 60.025640554710044, "params": {"x0": 0.810000374933391, "x1": 2.024135764552232, "x2": 2.742681075178454, "x3": 8.30979190171122e-19, "x4": 0.8752510444924038, "x5": 2.8800998391217534, "x6": 6.7911722140849085, "x7": 2.1196567392147827, "x8": 1.9927785453317515, "x9": 1.448226190753526}, "datetime": {"datetime": "2025-05-16 05:48:41", "elapsed": 2844.723119, "delta": 10.197452}}
{"target": 60.025640554710044, "params": {"x0": 0.810000374933391, "x1": 2.024135764552232, "x2": 2.742681075178454, "x3": 9.72494322386242e-18, "x4": 0.8752510444924037, "x5": 2.8800998391217534, "x6": 6.791172214084907, "x7": 2.1196567392147863, "x8": 1.9927785453317515, "x9": 1.448226190753526}, "datetime": {"datetime": "2025-05-16 05:48:49", "elapsed": 2853.00515, "delta": 8.282031}}
{"target": 60.025640554710044, "params": {"x0": 0.810000374933391, "x1": 2.024135764552232, "x2": 2.742681075178454, "x3": 1.1799832132306159e-17, "x4": 0.8752510444924038, "x5": 2.8800998391217534, "x6": 6.791172214084906, "x7": 2.119656739214785, "x8": 1.9927785453317515, "x9": 1.448226190753526}, "datetime": {"datetime": "2025-05-16 05:48:58", "elapsed": 2861.591212, "delta": 8.586062}}
{"target": 60.025640554710044, "params": {"x0": 0.810000374933391, "x1": 2.024135764552232, "x2": 2.742681075178454, "x3": 1.7623942950580697e-19, "x4": 0.8752510444924038, "x5": 2.8800998391217534, "x6": 6.791172214084906, "x7": 2.119656739214782, "x8": 1.9927785453317515, "x9": 1.448226190753526}, "datetime": {"datetime": "2025-05-16 05:49:06", "elapsed": 2869.906066, "delta": 8.314854}}
{"target": 60.025640554710044, "params": {"x0": 0.810000374933391, "x1": 2.024135764552232, "x2": 2.742681075178454, "x3": 3.3581412090994542e-18, "x4": 0.8752510444924038, "x5": 2.8800998391217534, "x6": 6.791172214084906, "x7": 2.1196567392147836, "x8": 1.9927785453317515, "x9": 1.448226190753526}, "datetime": {"datetime": "2025-05-16 05:49:17", "elapsed": 2880.665941, "delta": 10.759875}}
{"target": 60.025640554710044, "params": {"x0": 0.810000374933391, "x1": 2.024135764552232, "x2": 2.742681075178454, "x3": 3.678285299779905e-18, "x4": 0.8752510444924039, "x5": 2.8800998391217534, "x6": 6.791172214084906, "x7": 2.1196567392147814, "x8": 1.9927785453317515, "x9": 1.448226190753526}, "datetime": {"datetime": "2025-05-16 05:49:28", "elapsed": 2891.371925, "delta": 10.705984}}
{"target": 60.025640554710044, "params": {"x0": 0.810000374933391, "x1": 2.024135764552232, "x2": 2.742681075178454, "x3": 1.763480433275062e-18, "x4": 0.8752510444924038, "x5": 2.8800998391217534, "x6": 6.791172214084907, "x7": 2.119656739214784, "x8": 1.9927785453317515, "x9": 1.448226190753526}, "datetime": {"datetime": "2025-05-16 05:49:37", "elapsed": 2900.349031, "delta": 8.977106}}
{"target": 60.025640554710044, "params": {"x0": 0.810000374933391, "x1": 2.024135764552232, "x2": 2.742681075178454, "x3": 2.7702493190368666e-18, "x4": 0.8752510444924038, "x5": 2.8800998391217534, "x6": 6.791172214084907, "x7": 2.1196567392147845, "x8": 1.9927785453317515, "x9": 1.448226190753526}, "datetime": {"datetime": "2025-05-16 05:49:46", "elapsed": 2909.558254, "delta": 9.209223}}
{"target": 60.025640554710044, "params": {"x0": 0.810000374933391, "x1": 2.024135764552232, "x2": 2.742681075178454, "x3": 1.7871915871343873e-18, "x4": 0.8752510444924038, "x5": 2.8800998391217534, "x6": 6.791172214084907, "x7": 2.119656739214782, "x8": 1.9927785453317515, "x9": 1.448226190753526}, "datetime": {"datetime": "2025-05-16 05:49:55", "elapsed": 2918.727014, "delta": 9.16876}}
{"target": 60.025640554710044, "params": {"x0": 0.810000374933391, "x1": 2.024135764552232, "x2": 2.742681075178454, "x3": 5.790418160518866e-18, "x4": 0.8752510444924038, "x5": 2.8800998391217534, "x6": 6.791172214084908, "x7": 2.1196567392147836, "x8": 1.9927785453317515, "x9": 1.448226190753526}, "datetime": {"datetime": "2025-05-16 05:50:04", "elapsed": 2927.316245, "delta": 8.589231}}
{"target": 60.025640554710044, "params": {"x0": 0.810000374933391, "x1": 2.024135764552232, "x2": 2.742681075178454, "x3": 4.5431412819299174e-18, "x4": 0.8752510444924038, "x5": 2.8800998391217534, "x6": 6.791172214084906, "x7": 2.1196567392147845, "x8": 1.9927785453317515, "x9": 1.448226190753526}, "datetime": {"datetime": "2025-05-16 05:50:13", "elapsed": 2936.751573, "delta": 9.435328}}
{"target": 60.025640554710044, "params": {"x0": 0.810000374933391, "x1": 2.024135764552232, "x2": 2.742681075178454, "x3": 2.4830775629036108e-18, "x4": 0.8752510444924038, "x5": 2.8800998391217534, "x6": 6.791172214084907, "x7": 2.1196567392147823, "x8": 1.9927785453317515, "x9": 1.448226190753526}, "datetime": {"datetime": "2025-05-16 05:50:22", "elapsed": 2945.779137, "delta": 9.027564}}
{"target": 60.025640554710044, "params": {"x0": 0.810000374933391, "x1": 2.024135764552232, "x2": 2.742681075178454, "x3": 2.321787962967542e-18, "x4": 0.8752510444924038, "x5": 2.8800998391217534, "x6": 6.791172214084907, "x7": 2.119656739214783, "x8": 1.9927785453317515, "x9": 1.448226190753526}, "datetime": {"datetime": "2025-05-16 05:50:31", "elapsed": 2954.588506, "delta": 8.809369}}
{"target": 60.025640554710044, "params": {"x0": 0.810000374933391, "x1": 2.024135764552232, "x2": 2.742681075178454, "x3": 6.48816942349217e-19, "x4": 0.8752510444924038, "x5": 2.8800998391217534, "x6": 6.791172214084907, "x7": 2.1196567392147836, "x8": 1.9927785453317515, "x9": 1.448226190753526}, "datetime": {"datetime": "2025-05-16 05:50:39", "elapsed": 2962.951291, "delta": 8.362785}}
{"target": 60.025640554710044, "params": {"x0": 0.810000374933391, "x1": 2.024135764552232, "x2": 2.742681075178454, "x3": 3.102958297740596e-18, "x4": 0.8752510444924038, "x5": 2.8800998391217534, "x6": 6.791172214084907, "x7": 2.119656739214784, "x8": 1.9927785453317515, "x9": 1.448226190753526}, "datetime": {"datetime": "2025-05-16 05:50:49", "elapsed": 2972.277302, "delta": 9.326011}}
{"target": 60.025640554710044, "params": {"x0": 0.810000374933391, "x1": 2.024135764552232, "x2": 2.742681075178454, "x3": 1.997970623619471e-18, "x4": 0.8752510444924038, "x5": 2.8800998391217534, "x6": 6.791172214084907, "x7": 2.1196567392147823, "x8": 1.9927785453317515, "x9": 1.448226190753526}, "datetime": {"datetime": "2025-05-16 05:50:59", "elapsed": 2982.859016, "delta": 10.581714}}
{"target": 60.025640554710044, "params": {"x0": 0.810000374933391, "x1": 2.024135764552232, "x2": 2.742681075178454, "x3": 2.3481268830204482e-18, "x4": 0.8752510444924038, "x5": 2.8800998391217534, "x6": 6.791172214084907, "x7": 2.119656739214783, "x8": 1.9927785453317515, "x9": 1.448226190753526}, "datetime": {"datetime": "2025-05-16 05:51:08", "elapsed": 2991.650171, "delta": 8.791155}}
{"target": 60.025640554710044, "params": {"x0": 0.810000374933391, "x1": 2.024135764552232, "x2": 2.742681075178454, "x3": 2.548815784641493e-18, "x4": 0.8752510444924038, "x5": 2.8800998391217534, "x6": 6.791172214084907, "x7": 2.1196567392147827, "x8": 1.9927785453317515, "x9": 1.448226190753526}, "datetime": {"datetime": "2025-05-16 05:51:17", "elapsed": 3000.991095, "delta": 9.340924}}
{"target": 60.025640554710044, "params": {"x0": 0.810000374933391, "x1": 2.024135764552232, "x2": 2.742681075178454, "x3": 2.8203637032524082e-18, "x4": 0.8752510444924038, "x5": 2.8800998391217534, "x6": 6.791172214084907, "x7": 2.119656739214783, "x8": 1.9927785453317515, "x9": 1.448226190753526}, "datetime": {"datetime": "2025-05-16 05:51:27", "elapsed": 3010.584165, "delta": 9.59307}}
{"target": 60.025640554710044, "params": {"x0": 0.810000374933391, "x1": 2.024135764552232, "x2": 2.742681075178454, "x3": 3.5982984956277177e-19, "x4": 0.8752510444924038, "x5": 2.8800998391217534, "x6": 6.791172214084907, "x7": 2.119656739214783, "x8": 1.9927785453317515, "x9": 1.448226190753526}, "datetime": {"datetime": "2025-05-16 05:51:36", "elapsed": 3019.748864, "delta": 9.164699}}
{"target": 60.025640554710044, "params": {"x0": 0.810000374933391, "x1": 2.024135764552232, "x2": 2.742681075178454, "x3": 2.1589072530480808e-18, "x4": 0.8752510444924038, "x5": 2.8800998391217534, "x6": 6.791172214084907, "x7": 2.1196567392147836, "x8": 1.9927785453317515, "x9": 1.448226190753526}, "datetime": {"datetime": "2025-05-16 05:51:44", "elapsed": 3027.895967, "delta": 8.147103}}
{"target": 60.025640554710044, "params": {"x0": 0.810000374933391, "x1": 2.024135764552232, "x2": 2.742681075178454, "x3": 1.4591982056419777e-18, "x4": 0.8752510444924038, "x5": 2.8800998391217534, "x6": 6.791172214084907, "x7": 2.1196567392147827, "x8": 1.9927785453317515, "x9": 1.448226190753526}, "datetime": {"datetime": "2025-05-16 05:51:53", "elapsed": 3036.871737, "delta": 8.97577}}
{"target": 60.025640554710044, "params": {"x0": 0.810000374933391, "x1": 2.024135764552232, "x2": 2.742681075178454, "x3": 5.4094292305018855e-19, "x4": 0.8752510444924038, "x5": 2.8800998391217534, "x6": 6.791172214084907, "x7": 2.119656739214783, "x8": 1.9927785453317515, "x9": 1.448226190753526}, "datetime": {"datetime": "2025-05-16 05:52:03", "elapsed": 3046.14304, "delta": 9.271303}}
{"target": 60.025640554710044, "params": {"x0": 0.810000374933391, "x1": 2.024135764552232, "x2": 2.742681075178454, "x3": 8.354548517663716e-19, "x4": 0.8752510444924038, "x5": 2.8800998391217534, "x6": 6.791172214084907, "x7": 2.1196567392147836, "x8": 1.9927785453317515, "x9": 1.448226190753526}, "datetime": {"datetime": "2025-05-16 05:52:13", "elapsed": 3056.85291, "delta": 10.70987}}
{"target": 60.025640554710044, "params": {"x0": 0.810000374933391, "x1": 2.024135764552232, "x2": 2.742681075178454, "x3": 1.4870970006299131e-19, "x4": 0.8752510444924038, "x5": 2.8800998391217534, "x6": 6.791172214084907, "x7": 2.1196567392147827, "x8": 1.9927785453317515, "x9": 1.448226190753526}, "datetime": {"datetime": "2025-05-16 05:52:23", "elapsed": 3066.726141, "delta": 9.873231}}
{"target": 60.025640554710044, "params": {"x0": 0.810000374933391, "x1": 2.024135764552232, "x2": 2.742681075178454, "x3": 8.38700395151943e-19, "x4": 0.8752510444924038, "x5": 2.8800998391217534, "x6": 6.791172214084907, "x7": 2.1196567392147827, "x8": 1.9927785453317515, "x9": 1.448226190753526}, "datetime": {"datetime": "2025-05-16 05:52:32", "elapsed": 3075.61812, "delta": 8.891979}}
