{"target": 60.025640554710044, "params": {"x0": 0.8100003749335335, "x1": 2.024135764552334, "x2": 2.7426810751783743, "x3": 1.3099027371135233e-13, "x4": 0.8752510444916807, "x5": 2.8800998391214705, "x6": 6.7911722140760205, "x7": 2.119656739195223, "x8": 1.9927785453317397, "x9": 1.4482261907535159}, "datetime": {"datetime": "2025-05-16 05:36:58", "elapsed": 2141.570352, "delta": 7.348357}}
{"target": 60.025640554710044, "params": {"x0": 0.810000374933383, "x1": 2.024135764552269, "x2": 2.7426810751783472, "x3": 6.465918293330277e-14, "x4": 0.8752510444928807, "x5": 2.880099839121886, "x6": 6.7911722140887925, "x7": 2.119656739209286, "x8": 1.9927785453317484, "x9": 1.4482261907535134}, "datetime": {"datetime": "2025-05-16 05:37:06", "elapsed": 2149.3397, "delta": 7.769348}}
{"target": 60.025640554710044, "params": {"x0": 0.8100003749333748, "x1": 2.0241357645522084, "x2": 2.742681075178312, "x3": 2.576956003758662e-14, "x4": 0.8752510444924505, "x5": 2.8800998391214616, "x6": 6.791172214079606, "x7": 2.1196567391999506, "x8": 1.9927785453317426, "x9": 1.4482261907535399}, "datetime": {"datetime": "2025-05-16 05:37:14", "elapsed": 2157.396824, "delta": 8.057124}}
{"target": 60.025640554710044, "params": {"x0": 0.8100003749333239, "x1": 2.024135764552279, "x2": 2.742681075178381, "x3": 2.7688625063393214e-14, "x4": 0.8752510444928998, "x5": 2.8800998391216446, "x6": 6.791172214081238, "x7": 2.1196567392263383, "x8": 1.992778545331748, "x9": 1.4482261907535212}, "datetime": {"datetime": "2025-05-16 05:37:21", "elapsed": 2164.661776, "delta": 7.264952}}
{"target": 60.025640554710044, "params": {"x0": 0.810000374933484, "x1": 2.0241357645521973, "x2": 2.742681075178375, "x3": 6.516257483212444e-14, "x4": 0.8752510444929116, "x5": 2.880099839121669, "x6": 6.791172214091134, "x7": 2.119656739213705, "x8": 1.9927785453317388, "x9": 1.448226190753522}, "datetime": {"datetime": "2025-05-16 05:37:28", "elapsed": 2171.90618, "delta": 7.244404}}
{"target": 60.025640554710044, "params": {"x0": 0.8100003749334802, "x1": 2.024135764552285, "x2": 2.7426810751785338, "x3": 5.42271074640861e-14, "x4": 0.8752510444924912, "x5": 2.8800998391215757, "x6": 6.791172214080817, "x7": 2.1196567392199706, "x8": 1.9927785453317557, "x9": 1.4482261907535294}, "datetime": {"datetime": "2025-05-16 05:37:36", "elapsed": 2179.856999, "delta": 7.950819}}
{"target": 60.025640554710044, "params": {"x0": 0.8100003749333624, "x1": 2.0241357645522706, "x2": 2.742681075178552, "x3": 6.615511020268745e-14, "x4": 0.8752510444921978, "x5": 2.8800998391216157, "x6": 6.791172214084815, "x7": 2.1196567392086854, "x8": 1.9927785453317597, "x9": 1.448226190753519}, "datetime": {"datetime": "2025-05-16 05:37:44", "elapsed": 2187.744733, "delta": 7.887734}}
{"target": 60.025640554710044, "params": {"x0": 0.8100003749333909, "x1": 2.0241357645522426, "x2": 2.742681075178415, "x3": 6.019118614634967e-15, "x4": 0.875251044492774, "x5": 2.8800998391217907, "x6": 6.791172214083602, "x7": 2.1196567392183407, "x8": 1.9927785453317421, "x9": 1.4482261907535192}, "datetime": {"datetime": "2025-05-16 05:37:52", "elapsed": 2195.321107, "delta": 7.576374}}
{"target": 60.025640554710044, "params": {"x0": 0.8100003749333238, "x1": 2.02413576455223, "x2": 2.7426810751784987, "x3": 1.1156604213880638e-14, "x4": 0.8752510444922004, "x5": 2.880099839121641, "x6": 6.791172214086428, "x7": 2.119656739214577, "x8": 1.9927785453317501, "x9": 1.4482261907535325}, "datetime": {"datetime": "2025-05-16 05:38:01", "elapsed": 2204.082677, "delta": 8.76157}}
{"target": 60.025640554710044, "params": {"x0": 0.8100003749334468, "x1": 2.024135764552282, "x2": 2.742681075178511, "x3": 1.2297283916312367e-14, "x4": 0.8752510444924303, "x5": 2.8800998391216908, "x6": 6.791172214081307, "x7": 2.119656739213059, "x8": 1.992778545331754, "x9": 1.4482261907535299}, "datetime": {"datetime": "2025-05-16 05:38:08", "elapsed": 2211.982938, "delta": 7.900261}}
{"target": 60.025640554710044, "params": {"x0": 0.8100003749333509, "x1": 2.0241357645522315, "x2": 2.7426810751785173, "x3": 3.22638681488413e-14, "x4": 0.8752510444921927, "x5": 2.8800998391217543, "x6": 6.791172214085647, "x7": 2.1196567392109564, "x8": 1.9927785453317468, "x9": 1.4482261907535312}, "datetime": {"datetime": "2025-05-16 05:38:17", "elapsed": 2220.22089, "delta": 8.237952}}
{"target": 60.025640554710044, "params": {"x0": 0.8100003749334285, "x1": 2.0241357645522324, "x2": 2.742681075178417, "x3": 8.806647468520321e-15, "x4": 0.8752510444924085, "x5": 2.880099839121743, "x6": 6.791172214086259, "x7": 2.119656739209373, "x8": 1.9927785453317535, "x9": 1.4482261907535205}, "datetime": {"datetime": "2025-05-16 05:38:24", "elapsed": 2227.828564, "delta": 7.607674}}
{"target": 60.025640554710044, "params": {"x0": 0.8100003749333943, "x1": 2.0241357645522013, "x2": 2.742681075178478, "x3": 3.0342155063026904e-14, "x4": 0.8752510444924614, "x5": 2.8800998391217116, "x6": 6.791172214087591, "x7": 2.1196567392204098, "x8": 1.9927785453317517, "x9": 1.4482261907535252}, "datetime": {"datetime": "2025-05-16 05:38:32", "elapsed": 2235.667225, "delta": 7.838661}}
{"target": 60.025640554710044, "params": {"x0": 0.8100003749333663, "x1": 2.024135764552215, "x2": 2.7426810751785045, "x3": 1.2971536790629437e-14, "x4": 0.875251044492577, "x5": 2.880099839121794, "x6": 6.791172214085955, "x7": 2.1196567392142596, "x8": 1.992778545331754, "x9": 1.4482261907535265}, "datetime": {"datetime": "2025-05-16 05:38:40", "elapsed": 2243.50684, "delta": 7.839615}}
{"target": 60.025640554710044, "params": {"x0": 0.8100003749333778, "x1": 2.024135764552238, "x2": 2.7426810751784494, "x3": 2.6932626271253337e-14, "x4": 0.8752510444924323, "x5": 2.880099839121662, "x6": 6.791172214086983, "x7": 2.1196567392197823, "x8": 1.9927785453317497, "x9": 1.4482261907535245}, "datetime": {"datetime": "2025-05-16 05:38:48", "elapsed": 2251.355129, "delta": 7.848289}}
{"target": 60.025640554710044, "params": {"x0": 0.8100003749333609, "x1": 2.024135764552216, "x2": 2.742681075178445, "x3": 5.319527950355775e-15, "x4": 0.8752510444922413, "x5": 2.8800998391217294, "x6": 6.791172214082952, "x7": 2.119656739216052, "x8": 1.9927785453317526, "x9": 1.448226190753529}, "datetime": {"datetime": "2025-05-16 05:38:57", "elapsed": 2260.527941, "delta": 9.172812}}
{"target": 60.025640554710044, "params": {"x0": 0.8100003749334187, "x1": 2.024135764552211, "x2": 2.7426810751784236, "x3": 5.6220703706766125e-15, "x4": 0.8752510444923051, "x5": 2.88009983912169, "x6": 6.79117221408314, "x7": 2.119656739217022, "x8": 1.9927785453317481, "x9": 1.4482261907535257}, "datetime": {"datetime": "2025-05-16 05:39:05", "elapsed": 2268.899827, "delta": 8.371886}}
{"target": 60.025640554710044, "params": {"x0": 0.8100003749333752, "x1": 2.024135764552224, "x2": 2.742681075178484, "x3": 1.4717382589196863e-14, "x4": 0.8752510444924705, "x5": 2.880099839121711, "x6": 6.79117221408527, "x7": 2.119656739216543, "x8": 1.992778545331753, "x9": 1.4482261907535279}, "datetime": {"datetime": "2025-05-16 05:39:13", "elapsed": 2276.212864, "delta": 7.313037}}
{"target": 60.025640554710044, "params": {"x0": 0.8100003749333985, "x1": 2.0241357645522142, "x2": 2.7426810751784534, "x3": 2.0935110590466235e-15, "x4": 0.87525104449246, "x5": 2.8800998391217654, "x6": 6.7911722140860995, "x7": 2.119656739213815, "x8": 1.992778545331751, "x9": 1.4482261907535243}, "datetime": {"datetime": "2025-05-16 05:39:20", "elapsed": 2283.815212, "delta": 7.602348}}
{"target": 60.025640554710044, "params": {"x0": 0.810000374933375, "x1": 2.024135764552238, "x2": 2.7426810751784303, "x3": 6.0115537269778626e-15, "x4": 0.8752510444924384, "x5": 2.880099839121794, "x6": 6.791172214086184, "x7": 2.119656739212483, "x8": 1.9927785453317528, "x9": 1.4482261907535277}, "datetime": {"datetime": "2025-05-16 05:39:29", "elapsed": 2292.035687, "delta": 8.220475}}
{"target": 60.025640554710044, "params": {"x0": 0.8100003749333982, "x1": 2.0241357645522373, "x2": 2.74268107517846, "x3": 1.3563902248728663e-14, "x4": 0.8752510444924153, "x5": 2.880099839121726, "x6": 6.791172214085715, "x7": 2.119656739213761, "x8": 1.9927785453317506, "x9": 1.448226190753526}, "datetime": {"datetime": "2025-05-16 05:39:36", "elapsed": 2299.921777, "delta": 7.88609}}
{"target": 60.025640554710044, "params": {"x0": 0.8100003749333841, "x1": 2.024135764552241, "x2": 2.742681075178475, "x3": 1.2957199735731581e-14, "x4": 0.8752510444923357, "x5": 2.8800998391217347, "x6": 6.791172214084159, "x7": 2.1196567392138896, "x8": 1.992778545331754, "x9": 1.4482261907535259}, "datetime": {"datetime": "2025-05-16 05:39:44", "elapsed": 2307.668028, "delta": 7.746251}}
{"target": 60.025640554710044, "params": {"x0": 0.8100003749333954, "x1": 2.024135764552237, "x2": 2.7426810751784676, "x3": 5.31965992534835e-15, "x4": 0.8752510444923497, "x5": 2.880099839121733, "x6": 6.791172214083983, "x7": 2.1196567392137187, "x8": 1.992778545331752, "x9": 1.4482261907535259}, "datetime": {"datetime": "2025-05-16 05:39:52", "elapsed": 2315.324114, "delta": 7.656086}}
{"target": 60.025640554710044, "params": {"x0": 0.810000374933403, "x1": 2.0241357645522413, "x2": 2.7426810751784556, "x3": 4.2554241365477785e-16, "x4": 0.8752510444923642, "x5": 2.880099839121767, "x6": 6.791172214084849, "x7": 2.119656739213886, "x8": 1.9927785453317515, "x9": 1.448226190753526}, "datetime": {"datetime": "2025-05-16 05:40:00", "elapsed": 2323.123412, "delta": 7.799298}}
{"target": 60.025640554710044, "params": {"x0": 0.8100003749333955, "x1": 2.024135764552223, "x2": 2.7426810751784454, "x3": 1.4294748362106065e-15, "x4": 0.8752510444924116, "x5": 2.880099839121745, "x6": 6.7911722140846615, "x7": 2.1196567392145003, "x8": 1.992778545331753, "x9": 1.4482261907535272}, "datetime": {"datetime": "2025-05-16 05:40:08", "elapsed": 2331.461215, "delta": 8.337803}}
{"target": 60.025640554710044, "params": {"x0": 0.8100003749333832, "x1": 2.0241357645522378, "x2": 2.7426810751784596, "x3": 8.165567279381858e-15, "x4": 0.8752510444923627, "x5": 2.8800998391217254, "x6": 6.791172214084919, "x7": 2.1196567392138563, "x8": 1.9927785453317526, "x9": 1.4482261907535265}, "datetime": {"datetime": "2025-05-16 05:40:16", "elapsed": 2339.407718, "delta": 7.946503}}
{"target": 60.025640554710044, "params": {"x0": 0.8100003749333934, "x1": 2.0241357645522253, "x2": 2.7426810751784494, "x3": 1.723625505956129e-15, "x4": 0.8752510444923576, "x5": 2.8800998391217294, "x6": 6.791172214084651, "x7": 2.119656739214924, "x8": 1.992778545331751, "x9": 1.448226190753525}, "datetime": {"datetime": "2025-05-16 05:40:24", "elapsed": 2347.223679, "delta": 7.815961}}
{"target": 60.025640554710044, "params": {"x0": 0.8100003749333998, "x1": 2.024135764552238, "x2": 2.7426810751784463, "x3": 5.602885827040937e-15, "x4": 0.8752510444923841, "x5": 2.8800998391217774, "x6": 6.791172214085443, "x7": 2.119656739213958, "x8": 1.9927785453317512, "x9": 1.4482261907535268}, "datetime": {"datetime": "2025-05-16 05:40:32", "elapsed": 2355.268664, "delta": 8.044985}}
{"target": 60.025640554710044, "params": {"x0": 0.8100003749333912, "x1": 2.0241357645522293, "x2": 2.7426810751784525, "x3": 3.920725489479488e-15, "x4": 0.8752510444923933, "x5": 2.880099839121732, "x6": 6.791172214084475, "x7": 2.1196567392151096, "x8": 1.9927785453317515, "x9": 1.4482261907535257}, "datetime": {"datetime": "2025-05-16 05:40:40", "elapsed": 2363.823877, "delta": 8.555213}}
{"target": 60.025640554710044, "params": {"x0": 0.8100003749333939, "x1": 2.0241357645522378, "x2": 2.742681075178447, "x3": 6.701883607428259e-16, "x4": 0.8752510444923882, "x5": 2.880099839121748, "x6": 6.79117221408475, "x7": 2.119656739214056, "x8": 1.9927785453317524, "x9": 1.4482261907535252}, "datetime": {"datetime": "2025-05-16 05:40:48", "elapsed": 2371.860423, "delta": 8.036546}}
{"target": 60.025640554710044, "params": {"x0": 0.8100003749333903, "x1": 2.024135764552234, "x2": 2.7426810751784556, "x3": 1.8717947225051626e-15, "x4": 0.8752510444924025, "x5": 2.8800998391217494, "x6": 6.791172214084982, "x7": 2.1196567392137915, "x8": 1.9927785453317512, "x9": 1.4482261907535268}, "datetime": {"datetime": "2025-05-16 05:40:57", "elapsed": 2380.181865, "delta": 8.321442}}
{"target": 60.025640554710044, "params": {"x0": 0.8100003749333914, "x1": 2.0241357645522315, "x2": 2.7426810751784574, "x3": 4.556855237464709e-17, "x4": 0.8752510444923751, "x5": 2.8800998391217556, "x6": 6.791172214085196, "x7": 2.11965673921498, "x8": 1.992778545331751, "x9": 1.4482261907535259}, "datetime": {"datetime": "2025-05-16 05:41:05", "elapsed": 2388.439824, "delta": 8.257959}}
{"target": 60.025640554710044, "params": {"x0": 0.8100003749333894, "x1": 2.024135764552231, "x2": 2.7426810751784476, "x3": 4.702937013473939e-16, "x4": 0.875251044492382, "x5": 2.8800998391217627, "x6": 6.7911722140851065, "x7": 2.1196567392143386, "x8": 1.9927785453317515, "x9": 1.448226190753526}, "datetime": {"datetime": "2025-05-16 05:41:12", "elapsed": 2395.83275, "delta": 7.392926}}
{"target": 60.025640554710044, "params": {"x0": 0.8100003749333908, "x1": 2.024135764552231, "x2": 2.7426810751784525, "x3": 2.115172843211031e-15, "x4": 0.8752510444924256, "x5": 2.880099839121746, "x6": 6.791172214085126, "x7": 2.1196567392146584, "x8": 1.9927785453317515, "x9": 1.4482261907535257}, "datetime": {"datetime": "2025-05-16 05:41:21", "elapsed": 2404.600752, "delta": 8.768002}}
{"target": 60.025640554710044, "params": {"x0": 0.8100003749333922, "x1": 2.02413576455223, "x2": 2.7426810751784583, "x3": 2.4116863924294528e-15, "x4": 0.8752510444923884, "x5": 2.8800998391217543, "x6": 6.7911722140846615, "x7": 2.119656739214283, "x8": 1.9927785453317515, "x9": 1.4482261907535263}, "datetime": {"datetime": "2025-05-16 05:41:30", "elapsed": 2413.587818, "delta": 8.987066}}
{"target": 60.025640554710044, "params": {"x0": 0.8100003749333874, "x1": 2.024135764552231, "x2": 2.7426810751784507, "x3": 4.542268645599336e-16, "x4": 0.8752510444923945, "x5": 2.880099839121757, "x6": 6.791172214084665, "x7": 2.119656739214673, "x8": 1.9927785453317512, "x9": 1.4482261907535263}, "datetime": {"datetime": "2025-05-16 05:41:39", "elapsed": 2422.307363, "delta": 8.719545}}
{"target": 60.025640554710044, "params": {"x0": 0.8100003749333897, "x1": 2.024135764552232, "x2": 2.7426810751784503, "x3": 2.6398723617415793e-15, "x4": 0.8752510444923868, "x5": 2.8800998391217543, "x6": 6.791172214084753, "x7": 2.1196567392146273, "x8": 1.9927785453317517, "x9": 1.4482261907535259}, "datetime": {"datetime": "2025-05-16 05:41:47", "elapsed": 2430.543336, "delta": 8.235973}}
{"target": 60.025640554710044, "params": {"x0": 0.8100003749333906, "x1": 2.0241357645522298, "x2": 2.742681075178453, "x3": 1.0978100694376691e-16, "x4": 0.8752510444924185, "x5": 2.880099839121751, "x6": 6.791172214084761, "x7": 2.119656739214352, "x8": 1.992778545331752, "x9": 1.4482261907535263}, "datetime": {"datetime": "2025-05-16 05:41:55", "elapsed": 2438.970513, "delta": 8.427177}}
{"target": 60.025640554710044, "params": {"x0": 0.8100003749333928, "x1": 2.0241357645522338, "x2": 2.742681075178457, "x3": 4.62170208585083e-16, "x4": 0.8752510444923993, "x5": 2.880099839121761, "x6": 6.791172214085083, "x7": 2.119656739214934, "x8": 1.9927785453317515, "x9": 1.448226190753526}, "datetime": {"datetime": "2025-05-16 05:42:04", "elapsed": 2447.679515, "delta": 8.709002}}
{"target": 60.025640554710044, "params": {"x0": 0.8100003749333915, "x1": 2.024135764552233, "x2": 2.742681075178454, "x3": 9.977796340341758e-16, "x4": 0.8752510444924099, "x5": 2.8800998391217574, "x6": 6.791172214084879, "x7": 2.1196567392146934, "x8": 1.9927785453317515, "x9": 1.448226190753526}, "datetime": {"datetime": "2025-05-16 05:42:12", "elapsed": 2455.558431, "delta": 7.878916}}
{"target": 60.025640554710044, "params": {"x0": 0.8100003749333891, "x1": 2.0241357645522324, "x2": 2.7426810751784516, "x3": 6.071450434169096e-16, "x4": 0.8752510444924086, "x5": 2.8800998391217516, "x6": 6.791172214085031, "x7": 2.1196567392147347, "x8": 1.9927785453317515, "x9": 1.448226190753526}, "datetime": {"datetime": "2025-05-16 05:42:21", "elapsed": 2464.368803, "delta": 8.810372}}
{"target": 60.025640554710044, "params": {"x0": 0.8100003749333892, "x1": 2.024135764552232, "x2": 2.742681075178453, "x3": 5.946556249481488e-16, "x4": 0.8752510444924029, "x5": 2.8800998391217516, "x6": 6.791172214084929, "x7": 2.1196567392147547, "x8": 1.9927785453317512, "x9": 1.4482261907535259}, "datetime": {"datetime": "2025-05-16 05:42:29", "elapsed": 2472.518663, "delta": 8.14986}}
{"target": 60.025640554710044, "params": {"x0": 0.81000037493339, "x1": 2.024135764552232, "x2": 2.742681075178454, "x3": 6.896609464539675e-16, "x4": 0.8752510444924032, "x5": 2.880099839121753, "x6": 6.79117221408502, "x7": 2.119656739214765, "x8": 1.9927785453317517, "x9": 1.448226190753526}, "datetime": {"datetime": "2025-05-16 05:42:37", "elapsed": 2480.995341, "delta": 8.476678}}
{"target": 60.025640554710044, "params": {"x0": 0.8100003749333925, "x1": 2.024135764552233, "x2": 2.7426810751784525, "x3": 1.4840050339282943e-16, "x4": 0.8752510444923975, "x5": 2.8800998391217565, "x6": 6.7911722140849085, "x7": 2.119656739214613, "x8": 1.9927785453317512, "x9": 1.448226190753526}, "datetime": {"datetime": "2025-05-16 05:42:45", "elapsed": 2488.679217, "delta": 7.683876}}
{"target": 60.025640554710044, "params": {"x0": 0.8100003749333898, "x1": 2.024135764552231, "x2": 2.7426810751784547, "x3": 1.0674304414779025e-15, "x4": 0.8752510444923962, "x5": 2.880099839121753, "x6": 6.791172214084851, "x7": 2.1196567392148644, "x8": 1.9927785453317512, "x9": 1.4482261907535263}, "datetime": {"datetime": "2025-05-16 05:42:54", "elapsed": 2497.485199, "delta": 8.805982}}
{"target": 60.025640554710044, "params": {"x0": 0.8100003749333897, "x1": 2.024135764552232, "x2": 2.742681075178455, "x3": 1.0877012786837937e-15, "x4": 0.875251044492398, "x5": 2.88009983912175, "x6": 6.791172214084916, "x7": 2.1196567392146943, "x8": 1.9927785453317515, "x9": 1.448226190753526}, "datetime": {"datetime": "2025-05-16 05:43:02", "elapsed": 2505.64166, "delta": 8.156461}}
{"target": 60.025640554710044, "params": {"x0": 0.8100003749333906, "x1": 2.024135764552233, "x2": 2.7426810751784525, "x3": 3.225442831062429e-16, "x4": 0.8752510444923981, "x5": 2.8800998391217534, "x6": 6.791172214084896, "x7": 2.1196567392148897, "x8": 1.9927785453317512, "x9": 1.4482261907535259}, "datetime": {"datetime": "2025-05-16 05:43:11", "elapsed": 2514.641509, "delta": 8.999849}}
{"target": 60.025640554710044, "params": {"x0": 0.8100003749333906, "x1": 2.024135764552232, "x2": 2.7426810751784547, "x3": 2.3728014457854604e-16, "x4": 0.8752510444924059, "x5": 2.8800998391217565, "x6": 6.791172214084895, "x7": 2.119656739214634, "x8": 1.9927785453317512, "x9": 1.4482261907535263}, "datetime": {"datetime": "2025-05-16 05:43:19", "elapsed": 2522.265271, "delta": 7.623762}}
{"target": 60.025640554710044, "params": {"x0": 0.8100003749333907, "x1": 2.0241357645522324, "x2": 2.742681075178453, "x3": 4.343912690521478e-16, "x4": 0.8752510444924056, "x5": 2.8800998391217507, "x6": 6.791172214084853, "x7": 2.119656739214852, "x8": 1.9927785453317512, "x9": 1.448226190753526}, "datetime": {"datetime": "2025-05-16 05:43:27", "elapsed": 2530.812137, "delta": 8.546866}}
{"target": 60.025640554710044, "params": {"x0": 0.8100003749333904, "x1": 2.0241357645522324, "x2": 2.7426810751784543, "x3": 5.416676209230931e-16, "x4": 0.875251044492404, "x5": 2.8800998391217516, "x6": 6.791172214084904, "x7": 2.119656739214708, "x8": 1.9927785453317517, "x9": 1.448226190753526}, "datetime": {"datetime": "2025-05-16 05:43:36", "elapsed": 2539.246573, "delta": 8.434436}}
{"target": 60.025640554710044, "params": {"x0": 0.8100003749333915, "x1": 2.0241357645522324, "x2": 2.7426810751784534, "x3": 5.209493323354603e-16, "x4": 0.8752510444924, "x5": 2.880099839121755, "x6": 6.7911722140849236, "x7": 2.119656739214897, "x8": 1.9927785453317515, "x9": 1.448226190753526}, "datetime": {"datetime": "2025-05-16 05:43:45", "elapsed": 2548.434603, "delta": 9.18803}}
{"target": 60.025640554710044, "params": {"x0": 0.8100003749333917, "x1": 2.0241357645522315, "x2": 2.7426810751784534, "x3": 2.326433308172299e-16, "x4": 0.8752510444924055, "x5": 2.880099839121754, "x6": 6.791172214084879, "x7": 2.1196567392148773, "x8": 1.9927785453317515, "x9": 1.448226190753526}, "datetime": {"datetime": "2025-05-16 05:43:53", "elapsed": 2556.383877, "delta": 7.949274}}
{"target": 60.025640554710044, "params": {"x0": 0.8100003749333909, "x1": 2.024135764552232, "x2": 2.742681075178453, "x3": 5.0588451398150575e-17, "x4": 0.875251044492405, "x5": 2.8800998391217525, "x6": 6.791172214084874, "x7": 2.119656739214846, "x8": 1.9927785453317515, "x9": 1.448226190753526}, "datetime": {"datetime": "2025-05-16 05:44:01", "elapsed": 2564.763102, "delta": 8.379225}}
{"target": 60.025640554710044, "params": {"x0": 0.8100003749333909, "x1": 2.024135764552232, "x2": 2.7426810751784543, "x3": 5.390370971052449e-17, "x4": 0.8752510444924012, "x5": 2.8800998391217547, "x6": 6.79117221408489, "x7": 2.119656739214827, "x8": 1.9927785453317515, "x9": 1.448226190753526}, "datetime": {"datetime": "2025-05-16 05:44:10", "elapsed": 2573.165232, "delta": 8.40213}}
{"target": 60.025640554710044, "params": {"x0": 0.8100003749333909, "x1": 2.024135764552232, "x2": 2.7426810751784547, "x3": 5.134543893755336e-17, "x4": 0.8752510444924062, "x5": 2.8800998391217525, "x6": 6.791172214084939, "x7": 2.1196567392148022, "x8": 1.9927785453317515, "x9": 1.448226190753526}, "datetime": {"datetime": "2025-05-16 05:44:18", "elapsed": 2581.576495, "delta": 8.411263}}
