{"target": 60.025640554710044, "params": {"x0": 0.810000374933391, "x1": 2.024135764552232, "x2": 2.742681075178454, "x3": 6.489998433310887e-49, "x4": 0.8752510444924038, "x5": 2.8800998391217534, "x6": 6.791172214084907, "x7": 2.119656739214783, "x8": 1.9927785453317515, "x9": 1.448226190753526}, "datetime": {"datetime": "2025-05-16 09:43:44", "elapsed": 16947.533445, "delta": 30.520729}}
{"target": 60.025640554710044, "params": {"x0": 0.810000374933391, "x1": 2.024135764552232, "x2": 2.742681075178454, "x3": 5.749485346728815e-49, "x4": 0.8752510444924038, "x5": 2.8800998391217534, "x6": 6.791172214084907, "x7": 2.119656739214783, "x8": 1.9927785453317515, "x9": 1.448226190753526}, "datetime": {"datetime": "2025-05-16 09:44:25", "elapsed": 16988.22772, "delta": 40.694275}}
{"target": 60.025640554710044, "params": {"x0": 0.810000374933391, "x1": 2.024135764552232, "x2": 2.742681075178454, "x3": 5.5920586834773626e-49, "x4": 0.8752510444924038, "x5": 2.8800998391217534, "x6": 6.791172214084907, "x7": 2.119656739214783, "x8": 1.9927785453317515, "x9": 1.448226190753526}, "datetime": {"datetime": "2025-05-16 09:45:01", "elapsed": 17024.681375, "delta": 36.453655}}
{"target": 60.025640554710044, "params": {"x0": 0.810000374933391, "x1": 2.024135764552232, "x2": 2.742681075178454, "x3": 1.6110927213951466e-49, "x4": 0.8752510444924038, "x5": 2.8800998391217534, "x6": 6.791172214084907, "x7": 2.119656739214783, "x8": 1.9927785453317515, "x9": 1.448226190753526}, "datetime": {"datetime": "2025-05-16 09:45:38", "elapsed": 17061.042626, "delta": 36.361251}}
{"target": 60.025640554710044, "params": {"x0": 0.810000374933391, "x1": 2.024135764552232, "x2": 2.742681075178454, "x3": 4.0550058227135e-49, "x4": 0.8752510444924038, "x5": 2.8800998391217534, "x6": 6.791172214084907, "x7": 2.119656739214783, "x8": 1.9927785453317515, "x9": 1.448226190753526}, "datetime": {"datetime": "2025-05-16 09:46:24", "elapsed": 17107.598624, "delta": 46.555998}}
{"target": 60.025640554710044, "params": {"x0": 0.810000374933391, "x1": 2.024135764552232, "x2": 2.742681075178454, "x3": 3.513446136751623e-49, "x4": 0.8752510444924038, "x5": 2.8800998391217534, "x6": 6.791172214084907, "x7": 2.119656739214783, "x8": 1.9927785453317515, "x9": 1.448226190753526}, "datetime": {"datetime": "2025-05-16 09:47:04", "elapsed": 17147.106301, "delta": 39.507677}}
{"target": 60.025640554710044, "params": {"x0": 0.810000374933391, "x1": 2.024135764552232, "x2": 2.742681075178454, "x3": 3.0273604310561382e-49, "x4": 0.8752510444924038, "x5": 2.8800998391217534, "x6": 6.791172214084907, "x7": 2.119656739214783, "x8": 1.9927785453317515, "x9": 1.448226190753526}, "datetime": {"datetime": "2025-05-16 09:47:52", "elapsed": 17195.636824, "delta": 48.530523}}
{"target": 60.025640554710044, "params": {"x0": 0.810000374933391, "x1": 2.024135764552232, "x2": 2.742681075178454, "x3": 3.321573203900312e-49, "x4": 0.8752510444924038, "x5": 2.8800998391217534, "x6": 6.791172214084907, "x7": 2.119656739214783, "x8": 1.9927785453317515, "x9": 1.448226190753526}, "datetime": {"datetime": "2025-05-16 09:48:35", "elapsed": 17238.231474, "delta": 42.59465}}
{"target": 60.025640554710044, "params": {"x0": 0.810000374933391, "x1": 2.024135764552232, "x2": 2.742681075178454, "x3": 1.2738240671473662e-49, "x4": 0.8752510444924038, "x5": 2.8800998391217534, "x6": 6.791172214084907, "x7": 2.119656739214783, "x8": 1.9927785453317515, "x9": 1.448226190753526}, "datetime": {"datetime": "2025-05-16 09:49:26", "elapsed": 17289.640586, "delta": 51.409112}}
{"target": 60.025640554710044, "params": {"x0": 0.810000374933391, "x1": 2.024135764552232, "x2": 2.742681075178454, "x3": 7.340616724721983e-50, "x4": 0.8752510444924038, "x5": 2.8800998391217534, "x6": 6.791172214084907, "x7": 2.119656739214783, "x8": 1.9927785453317515, "x9": 1.448226190753526}, "datetime": {"datetime": "2025-05-16 09:50:06", "elapsed": 17329.598137, "delta": 39.957551}}
{"target": 60.025640554710044, "params": {"x0": 0.810000374933391, "x1": 2.024135764552232, "x2": 2.742681075178454, "x3": 1.3425103232962039e-50, "x4": 0.8752510444924038, "x5": 2.8800998391217534, "x6": 6.791172214084907, "x7": 2.119656739214783, "x8": 1.9927785453317515, "x9": 1.448226190753526}, "datetime": {"datetime": "2025-05-16 09:50:50", "elapsed": 17373.116523, "delta": 43.518386}}
{"target": 60.025640554710044, "params": {"x0": 0.810000374933391, "x1": 2.024135764552232, "x2": 2.742681075178454, "x3": 8.042876566920463e-50, "x4": 0.8752510444924038, "x5": 2.8800998391217534, "x6": 6.791172214084907, "x7": 2.119656739214783, "x8": 1.9927785453317515, "x9": 1.448226190753526}, "datetime": {"datetime": "2025-05-16 09:51:30", "elapsed": 17413.122582, "delta": 40.006059}}
{"target": 60.025640554710044, "params": {"x0": 0.810000374933391, "x1": 2.024135764552232, "x2": 2.742681075178454, "x3": 1.838451764462381e-49, "x4": 0.8752510444924038, "x5": 2.8800998391217534, "x6": 6.791172214084907, "x7": 2.119656739214783, "x8": 1.9927785453317515, "x9": 1.448226190753526}, "datetime": {"datetime": "2025-05-16 09:52:07", "elapsed": 17450.435916, "delta": 37.313334}}
{"target": 60.025640554710044, "params": {"x0": 0.810000374933391, "x1": 2.024135764552232, "x2": 2.742681075178454, "x3": 2.0550526120386402e-50, "x4": 0.8752510444924038, "x5": 2.8800998391217534, "x6": 6.791172214084907, "x7": 2.119656739214783, "x8": 1.9927785453317515, "x9": 1.448226190753526}, "datetime": {"datetime": "2025-05-16 09:52:53", "elapsed": 17496.225702, "delta": 45.789786}}
{"target": 60.025640554710044, "params": {"x0": 0.810000374933391, "x1": 2.024135764552232, "x2": 2.742681075178454, "x3": 1.2337659006096356e-49, "x4": 0.8752510444924038, "x5": 2.8800998391217534, "x6": 6.791172214084907, "x7": 2.119656739214783, "x8": 1.9927785453317515, "x9": 1.448226190753526}, "datetime": {"datetime": "2025-05-16 09:53:33", "elapsed": 17536.142769, "delta": 39.917067}}
{"target": 60.025640554710044, "params": {"x0": 0.810000374933391, "x1": 2.024135764552232, "x2": 2.742681075178454, "x3": 1.1885459270420078e-49, "x4": 0.8752510444924038, "x5": 2.8800998391217534, "x6": 6.791172214084907, "x7": 2.119656739214783, "x8": 1.9927785453317515, "x9": 1.448226190753526}, "datetime": {"datetime": "2025-05-16 09:54:18", "elapsed": 17581.65501, "delta": 45.512241}}
{"target": 60.025640554710044, "params": {"x0": 0.810000374933391, "x1": 2.024135764552232, "x2": 2.742681075178454, "x3": 7.2616323873196e-51, "x4": 0.8752510444924038, "x5": 2.8800998391217534, "x6": 6.791172214084907, "x7": 2.119656739214783, "x8": 1.9927785453317515, "x9": 1.448226190753526}, "datetime": {"datetime": "2025-05-16 09:55:01", "elapsed": 17624.925966, "delta": 43.270956}}
{"target": 60.025640554710044, "params": {"x0": 0.810000374933391, "x1": 2.024135764552232, "x2": 2.742681075178454, "x3": 1.9325772583677435e-50, "x4": 0.8752510444924038, "x5": 2.8800998391217534, "x6": 6.791172214084907, "x7": 2.119656739214783, "x8": 1.9927785453317515, "x9": 1.448226190753526}, "datetime": {"datetime": "2025-05-16 09:55:50", "elapsed": 17673.267054, "delta": 48.341088}}
{"target": 60.025640554710044, "params": {"x0": 0.810000374933391, "x1": 2.024135764552232, "x2": 2.742681075178454, "x3": 8.038892653781959e-50, "x4": 0.8752510444924038, "x5": 2.8800998391217534, "x6": 6.791172214084907, "x7": 2.119656739214783, "x8": 1.9927785453317515, "x9": 1.448226190753526}, "datetime": {"datetime": "2025-05-16 09:56:22", "elapsed": 17705.253864, "delta": 31.98681}}
{"target": 60.025640554710044, "params": {"x0": 0.810000374933391, "x1": 2.024135764552232, "x2": 2.742681075178454, "x3": 2.227778832244157e-50, "x4": 0.8752510444924038, "x5": 2.8800998391217534, "x6": 6.791172214084907, "x7": 2.119656739214783, "x8": 1.9927785453317515, "x9": 1.448226190753526}, "datetime": {"datetime": "2025-05-16 09:57:01", "elapsed": 17744.914765, "delta": 39.660901}}
{"target": 60.025640554710044, "params": {"x0": 0.810000374933391, "x1": 2.024135764552232, "x2": 2.742681075178454, "x3": 3.0347509587816363e-50, "x4": 0.8752510444924038, "x5": 2.8800998391217534, "x6": 6.791172214084907, "x7": 2.119656739214783, "x8": 1.9927785453317515, "x9": 1.448226190753526}, "datetime": {"datetime": "2025-05-16 09:57:35", "elapsed": 17778.12013, "delta": 33.205365}}
{"target": 60.025640554710044, "params": {"x0": 0.810000374933391, "x1": 2.024135764552232, "x2": 2.742681075178454, "x3": 6.558782480529882e-50, "x4": 0.8752510444924038, "x5": 2.8800998391217534, "x6": 6.791172214084907, "x7": 2.119656739214783, "x8": 1.9927785453317515, "x9": 1.448226190753526}, "datetime": {"datetime": "2025-05-16 09:58:13", "elapsed": 17816.830315, "delta": 38.710185}}
{"target": 60.025640554710044, "params": {"x0": 0.810000374933391, "x1": 2.024135764552232, "x2": 2.742681075178454, "x3": 4.651209289030291e-50, "x4": 0.8752510444924038, "x5": 2.8800998391217534, "x6": 6.791172214084907, "x7": 2.119656739214783, "x8": 1.9927785453317515, "x9": 1.448226190753526}, "datetime": {"datetime": "2025-05-16 09:58:59", "elapsed": 17862.139473, "delta": 45.309158}}
{"target": 60.025640554710044, "params": {"x0": 0.810000374933391, "x1": 2.024135764552232, "x2": 2.742681075178454, "x3": 4.328015651595508e-50, "x4": 0.8752510444924038, "x5": 2.8800998391217534, "x6": 6.791172214084907, "x7": 2.119656739214783, "x8": 1.9927785453317515, "x9": 1.448226190753526}, "datetime": {"datetime": "2025-05-16 09:59:32", "elapsed": 17895.666483, "delta": 33.52701}}
{"target": 60.025640554710044, "params": {"x0": 0.810000374933391, "x1": 2.024135764552232, "x2": 2.742681075178454, "x3": 2.9936823730721942e-50, "x4": 0.8752510444924038, "x5": 2.8800998391217534, "x6": 6.791172214084907, "x7": 2.119656739214783, "x8": 1.9927785453317515, "x9": 1.448226190753526}, "datetime": {"datetime": "2025-05-16 10:00:03", "elapsed": 17926.117688, "delta": 30.451205}}
{"target": 60.025640554710044, "params": {"x0": 0.810000374933391, "x1": 2.024135764552232, "x2": 2.742681075178454, "x3": 1.8236725421616836e-50, "x4": 0.8752510444924038, "x5": 2.8800998391217534, "x6": 6.791172214084907, "x7": 2.119656739214783, "x8": 1.9927785453317515, "x9": 1.448226190753526}, "datetime": {"datetime": "2025-05-16 10:00:48", "elapsed": 17971.525722, "delta": 45.408034}}
{"target": 60.025640554710044, "params": {"x0": 0.810000374933391, "x1": 2.024135764552232, "x2": 2.742681075178454, "x3": 2.7119646550032374e-50, "x4": 0.8752510444924038, "x5": 2.8800998391217534, "x6": 6.791172214084907, "x7": 2.119656739214783, "x8": 1.9927785453317515, "x9": 1.448226190753526}, "datetime": {"datetime": "2025-05-16 10:01:29", "elapsed": 18012.087019, "delta": 40.561297}}
{"target": 60.025640554710044, "params": {"x0": 0.810000374933391, "x1": 2.024135764552232, "x2": 2.742681075178454, "x3": 2.911699306576207e-50, "x4": 0.8752510444924038, "x5": 2.8800998391217534, "x6": 6.791172214084907, "x7": 2.119656739214783, "x8": 1.9927785453317515, "x9": 1.448226190753526}, "datetime": {"datetime": "2025-05-16 10:01:57", "elapsed": 18040.049268, "delta": 27.962249}}
{"target": 60.025640554710044, "params": {"x0": 0.810000374933391, "x1": 2.024135764552232, "x2": 2.742681075178454, "x3": 3.4477162493104563e-50, "x4": 0.8752510444924038, "x5": 2.8800998391217534, "x6": 6.791172214084907, "x7": 2.119656739214783, "x8": 1.9927785453317515, "x9": 1.448226190753526}, "datetime": {"datetime": "2025-05-16 10:02:34", "elapsed": 18077.084978, "delta": 37.03571}}
{"target": 60.025640554710044, "params": {"x0": 0.810000374933391, "x1": 2.024135764552232, "x2": 2.742681075178454, "x3": 3.2367028157058934e-50, "x4": 0.8752510444924038, "x5": 2.8800998391217534, "x6": 6.791172214084907, "x7": 2.119656739214783, "x8": 1.9927785453317515, "x9": 1.448226190753526}, "datetime": {"datetime": "2025-05-16 10:03:17", "elapsed": 18120.357724, "delta": 43.272746}}
{"target": 60.025640554710044, "params": {"x0": 0.810000374933391, "x1": 2.024135764552232, "x2": 2.742681075178454, "x3": 2.227328717337288e-50, "x4": 0.8752510444924038, "x5": 2.8800998391217534, "x6": 6.791172214084907, "x7": 2.119656739214783, "x8": 1.9927785453317515, "x9": 1.448226190753526}, "datetime": {"datetime": "2025-05-16 10:03:45", "elapsed": 18148.366028, "delta": 28.008304}}
{"target": 60.025640554710044, "params": {"x0": 0.810000374933391, "x1": 2.024135764552232, "x2": 2.742681075178454, "x3": 1.9676912080638014e-50, "x4": 0.8752510444924038, "x5": 2.8800998391217534, "x6": 6.791172214084907, "x7": 2.119656739214783, "x8": 1.9927785453317515, "x9": 1.448226190753526}, "datetime": {"datetime": "2025-05-16 10:04:19", "elapsed": 18182.543834, "delta": 34.177806}}
{"target": 60.025640554710044, "params": {"x0": 0.810000374933391, "x1": 2.024135764552232, "x2": 2.742681075178454, "x3": 3.7516817831829857e-51, "x4": 0.8752510444924038, "x5": 2.8800998391217534, "x6": 6.791172214084907, "x7": 2.119656739214783, "x8": 1.9927785453317515, "x9": 1.448226190753526}, "datetime": {"datetime": "2025-05-16 10:04:49", "elapsed": 18212.850658, "delta": 30.306824}}
{"target": 60.025640554710044, "params": {"x0": 0.810000374933391, "x1": 2.024135764552232, "x2": 2.742681075178454, "x3": 4.7375932000143615e-51, "x4": 0.8752510444924038, "x5": 2.8800998391217534, "x6": 6.791172214084907, "x7": 2.119656739214783, "x8": 1.9927785453317515, "x9": 1.448226190753526}, "datetime": {"datetime": "2025-05-16 10:05:24", "elapsed": 18247.84052, "delta": 34.989862}}
{"target": 60.025640554710044, "params": {"x0": 0.810000374933391, "x1": 2.024135764552232, "x2": 2.742681075178454, "x3": 3.3943301352839534e-51, "x4": 0.8752510444924038, "x5": 2.8800998391217534, "x6": 6.791172214084907, "x7": 2.119656739214783, "x8": 1.9927785453317515, "x9": 1.448226190753526}, "datetime": {"datetime": "2025-05-16 10:06:03", "elapsed": 18286.041756, "delta": 38.201236}}
{"target": 60.025640554710044, "params": {"x0": 0.810000374933391, "x1": 2.024135764552232, "x2": 2.742681075178454, "x3": 1.6939596974300017e-50, "x4": 0.8752510444924038, "x5": 2.8800998391217534, "x6": 6.791172214084907, "x7": 2.119656739214783, "x8": 1.9927785453317515, "x9": 1.448226190753526}, "datetime": {"datetime": "2025-05-16 10:06:39", "elapsed": 18322.43209, "delta": 36.390334}}
{"target": 60.025640554710044, "params": {"x0": 0.810000374933391, "x1": 2.024135764552232, "x2": 2.742681075178454, "x3": 1.2175913255326697e-50, "x4": 0.8752510444924038, "x5": 2.8800998391217534, "x6": 6.791172214084907, "x7": 2.119656739214783, "x8": 1.9927785453317515, "x9": 1.448226190753526}, "datetime": {"datetime": "2025-05-16 10:07:19", "elapsed": 18362.087554, "delta": 39.655464}}
{"target": 60.025640554710044, "params": {"x0": 0.810000374933391, "x1": 2.024135764552232, "x2": 2.742681075178454, "x3": 4.211951400564613e-52, "x4": 0.8752510444924038, "x5": 2.8800998391217534, "x6": 6.791172214084907, "x7": 2.119656739214783, "x8": 1.9927785453317515, "x9": 1.448226190753526}, "datetime": {"datetime": "2025-05-16 10:07:56", "elapsed": 18399.27069, "delta": 37.183136}}
{"target": 60.025640554710044, "params": {"x0": 0.810000374933391, "x1": 2.024135764552232, "x2": 2.742681075178454, "x3": 5.653489221766493e-51, "x4": 0.8752510444924038, "x5": 2.8800998391217534, "x6": 6.791172214084907, "x7": 2.119656739214783, "x8": 1.9927785453317515, "x9": 1.448226190753526}, "datetime": {"datetime": "2025-05-16 10:08:33", "elapsed": 18436.239074, "delta": 36.968384}}
{"target": 60.025640554710044, "params": {"x0": 0.810000374933391, "x1": 2.024135764552232, "x2": 2.742681075178454, "x3": 7.724305103533717e-51, "x4": 0.8752510444924038, "x5": 2.8800998391217534, "x6": 6.791172214084907, "x7": 2.119656739214783, "x8": 1.9927785453317515, "x9": 1.448226190753526}, "datetime": {"datetime": "2025-05-16 10:09:27", "elapsed": 18490.598009, "delta": 54.358935}}
{"target": 60.025640554710044, "params": {"x0": 0.810000374933391, "x1": 2.024135764552232, "x2": 2.742681075178454, "x3": 7.904350495024043e-52, "x4": 0.8752510444924038, "x5": 2.8800998391217534, "x6": 6.791172214084907, "x7": 2.119656739214783, "x8": 1.9927785453317515, "x9": 1.448226190753526}, "datetime": {"datetime": "2025-05-16 10:09:59", "elapsed": 18522.39006, "delta": 31.792051}}
{"target": 60.025640554710044, "params": {"x0": 0.810000374933391, "x1": 2.024135764552232, "x2": 2.742681075178454, "x3": 7.518862998112025e-51, "x4": 0.8752510444924038, "x5": 2.8800998391217534, "x6": 6.791172214084907, "x7": 2.119656739214783, "x8": 1.9927785453317515, "x9": 1.448226190753526}, "datetime": {"datetime": "2025-05-16 10:10:45", "elapsed": 18568.839422, "delta": 46.449362}}
{"target": 60.025640554710044, "params": {"x0": 0.810000374933391, "x1": 2.024135764552232, "x2": 2.742681075178454, "x3": 1.9313933544618014e-51, "x4": 0.8752510444924038, "x5": 2.8800998391217534, "x6": 6.791172214084907, "x7": 2.119656739214783, "x8": 1.9927785453317515, "x9": 1.448226190753526}, "datetime": {"datetime": "2025-05-16 10:11:16", "elapsed": 18599.958749, "delta": 31.119327}}
{"target": 60.025640554710044, "params": {"x0": 0.810000374933391, "x1": 2.024135764552232, "x2": 2.742681075178454, "x3": 5.997870556102794e-51, "x4": 0.8752510444924038, "x5": 2.8800998391217534, "x6": 6.791172214084907, "x7": 2.119656739214783, "x8": 1.9927785453317515, "x9": 1.448226190753526}, "datetime": {"datetime": "2025-05-16 10:12:13", "elapsed": 18656.832004, "delta": 56.873255}}
{"target": 60.025640554710044, "params": {"x0": 0.810000374933391, "x1": 2.024135764552232, "x2": 2.742681075178454, "x3": 1.876315554778211e-52, "x4": 0.8752510444924038, "x5": 2.8800998391217534, "x6": 6.791172214084907, "x7": 2.119656739214783, "x8": 1.9927785453317515, "x9": 1.448226190753526}, "datetime": {"datetime": "2025-05-16 10:12:56", "elapsed": 18699.844378, "delta": 43.012374}}
{"target": 60.025640554710044, "params": {"x0": 0.810000374933391, "x1": 2.024135764552232, "x2": 2.742681075178454, "x3": 6.867393241634778e-52, "x4": 0.8752510444924038, "x5": 2.8800998391217534, "x6": 6.791172214084907, "x7": 2.119656739214783, "x8": 1.9927785453317515, "x9": 1.448226190753526}, "datetime": {"datetime": "2025-05-16 10:13:38", "elapsed": 18741.779426, "delta": 41.935048}}
{"target": 60.025640554710044, "params": {"x0": 0.810000374933391, "x1": 2.024135764552232, "x2": 2.742681075178454, "x3": 4.947914252449785e-51, "x4": 0.8752510444924038, "x5": 2.8800998391217534, "x6": 6.791172214084907, "x7": 2.119656739214783, "x8": 1.9927785453317515, "x9": 1.448226190753526}, "datetime": {"datetime": "2025-05-16 10:14:23", "elapsed": 18786.755472, "delta": 44.976046}}
{"target": 60.025640554710044, "params": {"x0": 0.810000374933391, "x1": 2.024135764552232, "x2": 2.742681075178454, "x3": 3.832783362425998e-51, "x4": 0.8752510444924038, "x5": 2.8800998391217534, "x6": 6.791172214084907, "x7": 2.119656739214783, "x8": 1.9927785453317515, "x9": 1.448226190753526}, "datetime": {"datetime": "2025-05-16 10:15:07", "elapsed": 18830.999944, "delta": 44.244472}}
{"target": 60.025640554710044, "params": {"x0": 0.810000374933391, "x1": 2.024135764552232, "x2": 2.742681075178454, "x3": 3.156373124536085e-51, "x4": 0.8752510444924038, "x5": 2.8800998391217534, "x6": 6.791172214084907, "x7": 2.119656739214783, "x8": 1.9927785453317515, "x9": 1.448226190753526}, "datetime": {"datetime": "2025-05-16 10:15:45", "elapsed": 18868.658778, "delta": 37.658834}}
{"target": 60.025640554710044, "params": {"x0": 0.810000374933391, "x1": 2.024135764552232, "x2": 2.742681075178454, "x3": 3.5716646134000893e-51, "x4": 0.8752510444924038, "x5": 2.8800998391217534, "x6": 6.791172214084907, "x7": 2.119656739214783, "x8": 1.9927785453317515, "x9": 1.448226190753526}, "datetime": {"datetime": "2025-05-16 10:16:25", "elapsed": 18908.353668, "delta": 39.69489}}
{"target": 60.025640554710044, "params": {"x0": 0.810000374933391, "x1": 2.024135764552232, "x2": 2.742681075178454, "x3": 3.4520683147396406e-52, "x4": 0.8752510444924038, "x5": 2.8800998391217534, "x6": 6.791172214084907, "x7": 2.119656739214783, "x8": 1.9927785453317515, "x9": 1.448226190753526}, "datetime": {"datetime": "2025-05-16 10:16:58", "elapsed": 18941.744262, "delta": 33.390594}}
{"target": 60.025640554710044, "params": {"x0": 0.810000374933391, "x1": 2.024135764552232, "x2": 2.742681075178454, "x3": 2.67835219129189e-51, "x4": 0.8752510444924038, "x5": 2.8800998391217534, "x6": 6.791172214084907, "x7": 2.119656739214783, "x8": 1.9927785453317515, "x9": 1.448226190753526}, "datetime": {"datetime": "2025-05-16 10:17:41", "elapsed": 18984.165442, "delta": 42.42118}}
{"target": 60.025640554710044, "params": {"x0": 0.810000374933391, "x1": 2.024135764552232, "x2": 2.742681075178454, "x3": 1.9038285269151413e-51, "x4": 0.8752510444924038, "x5": 2.8800998391217534, "x6": 6.791172214084907, "x7": 2.119656739214783, "x8": 1.9927785453317515, "x9": 1.448226190753526}, "datetime": {"datetime": "2025-05-16 10:18:25", "elapsed": 19028.021526, "delta": 43.856084}}
{"target": 60.025640554710044, "params": {"x0": 0.810000374933391, "x1": 2.024135764552232, "x2": 2.742681075178454, "x3": 1.1910937029975703e-51, "x4": 0.8752510444924038, "x5": 2.8800998391217534, "x6": 6.791172214084907, "x7": 2.119656739214783, "x8": 1.9927785453317515, "x9": 1.448226190753526}, "datetime": {"datetime": "2025-05-16 10:19:06", "elapsed": 19069.363873, "delta": 41.342347}}
{"target": 60.025640554710044, "params": {"x0": 0.810000374933391, "x1": 2.024135764552232, "x2": 2.742681075178454, "x3": 1.841389318306153e-51, "x4": 0.8752510444924038, "x5": 2.8800998391217534, "x6": 6.791172214084907, "x7": 2.119656739214783, "x8": 1.9927785453317515, "x9": 1.448226190753526}, "datetime": {"datetime": "2025-05-16 10:19:44", "elapsed": 19107.557635, "delta": 38.193762}}
