{"target": 60.025640554710044, "params": {"x0": 0.810000374933391, "x1": 2.024135764552232, "x2": 2.742681075178454, "x3": 1.2119838649458537e-51, "x4": 0.8752510444924038, "x5": 2.8800998391217534, "x6": 6.791172214084907, "x7": 2.119656739214783, "x8": 1.9927785453317515, "x9": 1.448226190753526}, "datetime": {"datetime": "2025-05-16 10:20:32", "elapsed": 19155.040459, "delta": 47.482824}}
{"target": 60.025640554710044, "params": {"x0": 0.810000374933391, "x1": 2.024135764552232, "x2": 2.742681075178454, "x3": 1.0009581642390023e-51, "x4": 0.8752510444924038, "x5": 2.8800998391217534, "x6": 6.791172214084907, "x7": 2.119656739214783, "x8": 1.9927785453317515, "x9": 1.448226190753526}, "datetime": {"datetime": "2025-05-16 10:21:06", "elapsed": 19189.967442, "delta": 34.926983}}
{"target": 60.025640554710044, "params": {"x0": 0.810000374933391, "x1": 2.024135764552232, "x2": 2.742681075178454, "x3": 4.6916609727363445e-52, "x4": 0.8752510444924038, "x5": 2.8800998391217534, "x6": 6.791172214084907, "x7": 2.119656739214783, "x8": 1.9927785453317515, "x9": 1.448226190753526}, "datetime": {"datetime": "2025-05-16 10:21:40", "elapsed": 19223.128084, "delta": 33.160642}}
{"target": 60.025640554710044, "params": {"x0": 0.810000374933391, "x1": 2.024135764552232, "x2": 2.742681075178454, "x3": 7.410131189405413e-52, "x4": 0.8752510444924038, "x5": 2.8800998391217534, "x6": 6.791172214084907, "x7": 2.119656739214783, "x8": 1.9927785453317515, "x9": 1.448226190753526}, "datetime": {"datetime": "2025-05-16 10:22:19", "elapsed": 19262.421793, "delta": 39.293709}}
{"target": 60.025640554710044, "params": {"x0": 0.810000374933391, "x1": 2.024135764552232, "x2": 2.742681075178454, "x3": 2.587835858031285e-52, "x4": 0.8752510444924038, "x5": 2.8800998391217534, "x6": 6.791172214084907, "x7": 2.119656739214783, "x8": 1.9927785453317515, "x9": 1.448226190753526}, "datetime": {"datetime": "2025-05-16 10:22:55", "elapsed": 19298.891002, "delta": 36.469209}}
{"target": 60.025640554710044, "params": {"x0": 0.810000374933391, "x1": 2.024135764552232, "x2": 2.742681075178454, "x3": 2.5425138686464685e-53, "x4": 0.8752510444924038, "x5": 2.8800998391217534, "x6": 6.791172214084907, "x7": 2.119656739214783, "x8": 1.9927785453317515, "x9": 1.448226190753526}, "datetime": {"datetime": "2025-05-16 10:23:36", "elapsed": 19339.359153, "delta": 40.468151}}
{"target": 60.025640554710044, "params": {"x0": 0.810000374933391, "x1": 2.024135764552232, "x2": 2.742681075178454, "x3": 4.1327433270711924e-52, "x4": 0.8752510444924038, "x5": 2.8800998391217534, "x6": 6.791172214084907, "x7": 2.119656739214783, "x8": 1.9927785453317515, "x9": 1.448226190753526}, "datetime": {"datetime": "2025-05-16 10:24:17", "elapsed": 19380.479515, "delta": 41.120362}}
{"target": 60.025640554710044, "params": {"x0": 0.810000374933391, "x1": 2.024135764552232, "x2": 2.742681075178454, "x3": 6.321545321301924e-53, "x4": 0.8752510444924038, "x5": 2.8800998391217534, "x6": 6.791172214084907, "x7": 2.119656739214783, "x8": 1.9927785453317515, "x9": 1.448226190753526}, "datetime": {"datetime": "2025-05-16 10:25:01", "elapsed": 19424.630909, "delta": 44.151394}}
{"target": 60.025640554710044, "params": {"x0": 0.810000374933391, "x1": 2.024135764552232, "x2": 2.742681075178454, "x3": 4.421518423512705e-52, "x4": 0.8752510444924038, "x5": 2.8800998391217534, "x6": 6.791172214084907, "x7": 2.119656739214783, "x8": 1.9927785453317515, "x9": 1.448226190753526}, "datetime": {"datetime": "2025-05-16 10:25:46", "elapsed": 19469.248885, "delta": 44.617976}}
{"target": 60.025640554710044, "params": {"x0": 0.810000374933391, "x1": 2.024135764552232, "x2": 2.742681075178454, "x3": 8.744217336071528e-53, "x4": 0.8752510444924038, "x5": 2.8800998391217534, "x6": 6.791172214084907, "x7": 2.119656739214783, "x8": 1.9927785453317515, "x9": 1.448226190753526}, "datetime": {"datetime": "2025-05-16 10:26:26", "elapsed": 19509.300393, "delta": 40.051508}}
{"target": 60.025640554710044, "params": {"x0": 0.810000374933391, "x1": 2.024135764552232, "x2": 2.742681075178454, "x3": 6.657527927719605e-52, "x4": 0.8752510444924038, "x5": 2.8800998391217534, "x6": 6.791172214084907, "x7": 2.119656739214783, "x8": 1.9927785453317515, "x9": 1.448226190753526}, "datetime": {"datetime": "2025-05-16 10:27:12", "elapsed": 19555.129675, "delta": 45.829282}}
{"target": 60.025640554710044, "params": {"x0": 0.810000374933391, "x1": 2.024135764552232, "x2": 2.742681075178454, "x3": 5.158050141708344e-52, "x4": 0.8752510444924038, "x5": 2.8800998391217534, "x6": 6.791172214084907, "x7": 2.119656739214783, "x8": 1.9927785453317515, "x9": 1.448226190753526}, "datetime": {"datetime": "2025-05-16 10:27:56", "elapsed": 19599.486212, "delta": 44.356537}}
{"target": 60.025640554710044, "params": {"x0": 0.810000374933391, "x1": 2.024135764552232, "x2": 2.742681075178454, "x3": 1.8119349320682134e-52, "x4": 0.8752510444924038, "x5": 2.8800998391217534, "x6": 6.791172214084907, "x7": 2.119656739214783, "x8": 1.9927785453317515, "x9": 1.448226190753526}, "datetime": {"datetime": "2025-05-16 10:28:42", "elapsed": 19645.029214, "delta": 45.543002}}
{"target": 60.025640554710044, "params": {"x0": 0.810000374933391, "x1": 2.024135764552232, "x2": 2.742681075178454, "x3": 1.0754988350413472e-52, "x4": 0.8752510444924038, "x5": 2.8800998391217534, "x6": 6.791172214084907, "x7": 2.119656739214783, "x8": 1.9927785453317515, "x9": 1.448226190753526}, "datetime": {"datetime": "2025-05-16 10:29:34", "elapsed": 19697.515089, "delta": 52.485875}}
{"target": 60.025640554710044, "params": {"x0": 0.810000374933391, "x1": 2.024135764552232, "x2": 2.742681075178454, "x3": 2.906311197863256e-52, "x4": 0.8752510444924038, "x5": 2.8800998391217534, "x6": 6.791172214084907, "x7": 2.119656739214783, "x8": 1.9927785453317515, "x9": 1.448226190753526}, "datetime": {"datetime": "2025-05-16 10:30:10", "elapsed": 19733.849254, "delta": 36.334165}}
{"target": 60.025640554710044, "params": {"x0": 0.810000374933391, "x1": 2.024135764552232, "x2": 2.742681075178454, "x3": 8.60695389358654e-53, "x4": 0.8752510444924038, "x5": 2.8800998391217534, "x6": 6.791172214084907, "x7": 2.119656739214783, "x8": 1.9927785453317515, "x9": 1.448226190753526}, "datetime": {"datetime": "2025-05-16 10:30:48", "elapsed": 19771.677689, "delta": 37.828435}}
{"target": 60.025640554710044, "params": {"x0": 0.810000374933391, "x1": 2.024135764552232, "x2": 2.742681075178454, "x3": 2.4418309209666707e-52, "x4": 0.8752510444924038, "x5": 2.8800998391217534, "x6": 6.791172214084907, "x7": 2.119656739214783, "x8": 1.9927785453317515, "x9": 1.448226190753526}, "datetime": {"datetime": "2025-05-16 10:31:30", "elapsed": 19813.370903, "delta": 41.693214}}
{"target": 60.025640554710044, "params": {"x0": 0.810000374933391, "x1": 2.024135764552232, "x2": 2.742681075178454, "x3": 2.1267567978349657e-52, "x4": 0.8752510444924038, "x5": 2.8800998391217534, "x6": 6.791172214084907, "x7": 2.119656739214783, "x8": 1.9927785453317515, "x9": 1.448226190753526}, "datetime": {"datetime": "2025-05-16 10:32:20", "elapsed": 19863.243005, "delta": 49.872102}}
{"target": 60.025640554710044, "params": {"x0": 0.810000374933391, "x1": 2.024135764552232, "x2": 2.742681075178454, "x3": 1.33927841385803e-52, "x4": 0.8752510444924038, "x5": 2.8800998391217534, "x6": 6.791172214084907, "x7": 2.119656739214783, "x8": 1.9927785453317515, "x9": 1.448226190753526}, "datetime": {"datetime": "2025-05-16 10:33:13", "elapsed": 19916.592534, "delta": 53.349529}}
{"target": 60.025640554710044, "params": {"x0": 0.810000374933391, "x1": 2.024135764552232, "x2": 2.742681075178454, "x3": 7.195135782078697e-53, "x4": 0.8752510444924038, "x5": 2.8800998391217534, "x6": 6.791172214084907, "x7": 2.119656739214783, "x8": 1.9927785453317515, "x9": 1.448226190753526}, "datetime": {"datetime": "2025-05-16 10:33:48", "elapsed": 19951.583362, "delta": 34.990828}}
{"target": 60.025640554710044, "params": {"x0": 0.810000374933391, "x1": 2.024135764552232, "x2": 2.742681075178454, "x3": 1.677772887880214e-52, "x4": 0.8752510444924038, "x5": 2.8800998391217534, "x6": 6.791172214084907, "x7": 2.119656739214783, "x8": 1.9927785453317515, "x9": 1.448226190753526}, "datetime": {"datetime": "2025-05-16 10:34:39", "elapsed": 20002.04308, "delta": 50.459718}}
{"target": 60.025640554710044, "params": {"x0": 0.810000374933391, "x1": 2.024135764552232, "x2": 2.742681075178454, "x3": 1.2249409142290211e-52, "x4": 0.8752510444924038, "x5": 2.8800998391217534, "x6": 6.791172214084907, "x7": 2.119656739214783, "x8": 1.9927785453317515, "x9": 1.448226190753526}, "datetime": {"datetime": "2025-05-16 10:35:35", "elapsed": 20058.16313, "delta": 56.12005}}
{"target": 60.025640554710044, "params": {"x0": 0.810000374933391, "x1": 2.024135764552232, "x2": 2.742681075178454, "x3": 1.1959503146125535e-52, "x4": 0.8752510444924038, "x5": 2.8800998391217534, "x6": 6.791172214084907, "x7": 2.119656739214783, "x8": 1.9927785453317515, "x9": 1.448226190753526}, "datetime": {"datetime": "2025-05-16 10:36:19", "elapsed": 20102.716429, "delta": 44.553299}}
{"target": 60.025640554710044, "params": {"x0": 0.810000374933391, "x1": 2.024135764552232, "x2": 2.742681075178454, "x3": 1.6101515147650031e-52, "x4": 0.8752510444924038, "x5": 2.8800998391217534, "x6": 6.791172214084907, "x7": 2.119656739214783, "x8": 1.9927785453317515, "x9": 1.448226190753526}, "datetime": {"datetime": "2025-05-16 10:37:10", "elapsed": 20153.978409, "delta": 51.26198}}
{"target": 60.025640554710044, "params": {"x0": 0.810000374933391, "x1": 2.024135764552232, "x2": 2.742681075178454, "x3": 8.53527717761631e-53, "x4": 0.8752510444924038, "x5": 2.8800998391217534, "x6": 6.791172214084907, "x7": 2.119656739214783, "x8": 1.9927785453317515, "x9": 1.448226190753526}, "datetime": {"datetime": "2025-05-16 10:37:50", "elapsed": 20193.876351, "delta": 39.897942}}
{"target": 60.025640554710044, "params": {"x0": 0.810000374933391, "x1": 2.024135764552232, "x2": 2.742681075178454, "x3": 1.4805986036707738e-52, "x4": 0.8752510444924038, "x5": 2.8800998391217534, "x6": 6.791172214084907, "x7": 2.119656739214783, "x8": 1.9927785453317515, "x9": 1.448226190753526}, "datetime": {"datetime": "2025-05-16 10:38:31", "elapsed": 20234.692949, "delta": 40.816598}}
{"target": 60.025640554710044, "params": {"x0": 0.810000374933391, "x1": 2.024135764552232, "x2": 2.742681075178454, "x3": 1.3371481024044179e-53, "x4": 0.8752510444924038, "x5": 2.8800998391217534, "x6": 6.791172214084907, "x7": 2.119656739214783, "x8": 1.9927785453317515, "x9": 1.448226190753526}, "datetime": {"datetime": "2025-05-16 10:39:18", "elapsed": 20281.823841, "delta": 47.130892}}
{"target": 60.025640554710044, "params": {"x0": 0.810000374933391, "x1": 2.024135764552232, "x2": 2.742681075178454, "x3": 1.1888710402312199e-52, "x4": 0.8752510444924038, "x5": 2.8800998391217534, "x6": 6.791172214084907, "x7": 2.119656739214783, "x8": 1.9927785453317515, "x9": 1.448226190753526}, "datetime": {"datetime": "2025-05-16 10:39:54", "elapsed": 20317.834796, "delta": 36.010955}}
{"target": 60.025640554710044, "params": {"x0": 0.810000374933391, "x1": 2.024135764552232, "x2": 2.742681075178454, "x3": 6.754826342354069e-53, "x4": 0.8752510444924038, "x5": 2.8800998391217534, "x6": 6.791172214084907, "x7": 2.119656739214783, "x8": 1.9927785453317515, "x9": 1.448226190753526}, "datetime": {"datetime": "2025-05-16 10:40:39", "elapsed": 20362.377577, "delta": 44.542781}}
{"target": 60.025640554710044, "params": {"x0": 0.810000374933391, "x1": 2.024135764552232, "x2": 2.742681075178454, "x3": 9.053705732654887e-53, "x4": 0.8752510444924038, "x5": 2.8800998391217534, "x6": 6.791172214084907, "x7": 2.119656739214783, "x8": 1.9927785453317515, "x9": 1.448226190753526}, "datetime": {"datetime": "2025-05-16 10:41:31", "elapsed": 20414.094225, "delta": 51.716648}}
{"target": 60.025640554710044, "params": {"x0": 0.810000374933391, "x1": 2.024135764552232, "x2": 2.742681075178454, "x3": 6.399586112167975e-53, "x4": 0.8752510444924038, "x5": 2.8800998391217534, "x6": 6.791172214084907, "x7": 2.119656739214783, "x8": 1.9927785453317515, "x9": 1.448226190753526}, "datetime": {"datetime": "2025-05-16 10:42:20", "elapsed": 20463.542136, "delta": 49.447911}}
{"target": 60.025640554710044, "params": {"x0": 0.810000374933391, "x1": 2.024135764552232, "x2": 2.742681075178454, "x3": 4.01306238037535e-53, "x4": 0.8752510444924038, "x5": 2.8800998391217534, "x6": 6.791172214084907, "x7": 2.119656739214783, "x8": 1.9927785453317515, "x9": 1.448226190753526}, "datetime": {"datetime": "2025-05-16 10:43:06", "elapsed": 20509.739274, "delta": 46.197138}}
{"target": 60.025640554710044, "params": {"x0": 0.810000374933391, "x1": 2.024135764552232, "x2": 2.742681075178454, "x3": 1.7246160721836119e-53, "x4": 0.8752510444924038, "x5": 2.8800998391217534, "x6": 6.791172214084907, "x7": 2.119656739214783, "x8": 1.9927785453317515, "x9": 1.448226190753526}, "datetime": {"datetime": "2025-05-16 10:44:00", "elapsed": 20563.880203, "delta": 54.140929}}
{"target": 60.025640554710044, "params": {"x0": 0.810000374933391, "x1": 2.024135764552232, "x2": 2.742681075178454, "x3": 5.821853553969744e-54, "x4": 0.8752510444924038, "x5": 2.8800998391217534, "x6": 6.791172214084907, "x7": 2.119656739214783, "x8": 1.9927785453317515, "x9": 1.448226190753526}, "datetime": {"datetime": "2025-05-16 10:44:39", "elapsed": 20602.540743, "delta": 38.66054}}
{"target": 60.025640554710044, "params": {"x0": 0.810000374933391, "x1": 2.024135764552232, "x2": 2.742681075178454, "x3": 3.837734868212159e-53, "x4": 0.8752510444924038, "x5": 2.8800998391217534, "x6": 6.791172214084907, "x7": 2.119656739214783, "x8": 1.9927785453317515, "x9": 1.448226190753526}, "datetime": {"datetime": "2025-05-16 10:45:14", "elapsed": 20637.28289, "delta": 34.742147}}
{"target": 60.025640554710044, "params": {"x0": 0.810000374933391, "x1": 2.024135764552232, "x2": 2.742681075178454, "x3": 3.3461181658517405e-54, "x4": 0.8752510444924038, "x5": 2.8800998391217534, "x6": 6.791172214084907, "x7": 2.119656739214783, "x8": 1.9927785453317515, "x9": 1.448226190753526}, "datetime": {"datetime": "2025-05-16 10:45:46", "elapsed": 20669.104561, "delta": 31.821671}}
{"target": 60.025640554710044, "params": {"x0": 0.810000374933391, "x1": 2.024135764552232, "x2": 2.742681075178454, "x3": 1.1764812653721868e-53, "x4": 0.8752510444924038, "x5": 2.8800998391217534, "x6": 6.791172214084907, "x7": 2.119656739214783, "x8": 1.9927785453317515, "x9": 1.448226190753526}, "datetime": {"datetime": "2025-05-16 10:46:28", "elapsed": 20711.888627, "delta": 42.784066}}
{"target": 60.025640554710044, "params": {"x0": 0.810000374933391, "x1": 2.024135764552232, "x2": 2.742681075178454, "x3": 2.479325190535239e-53, "x4": 0.8752510444924038, "x5": 2.8800998391217534, "x6": 6.791172214084907, "x7": 2.119656739214783, "x8": 1.9927785453317515, "x9": 1.448226190753526}, "datetime": {"datetime": "2025-05-16 10:47:15", "elapsed": 20758.083495, "delta": 46.194868}}
{"target": 60.025640554710044, "params": {"x0": 0.810000374933391, "x1": 2.024135764552232, "x2": 2.742681075178454, "x3": 2.5288058653960165e-53, "x4": 0.8752510444924038, "x5": 2.8800998391217534, "x6": 6.791172214084907, "x7": 2.119656739214783, "x8": 1.9927785453317515, "x9": 1.448226190753526}, "datetime": {"datetime": "2025-05-16 10:47:55", "elapsed": 20798.159735, "delta": 40.07624}}
{"target": 60.025640554710044, "params": {"x0": 0.810000374933391, "x1": 2.024135764552232, "x2": 2.742681075178454, "x3": 5.129706996893167e-54, "x4": 0.8752510444924038, "x5": 2.8800998391217534, "x6": 6.791172214084907, "x7": 2.119656739214783, "x8": 1.9927785453317515, "x9": 1.448226190753526}, "datetime": {"datetime": "2025-05-16 10:48:47", "elapsed": 20850.73023, "delta": 52.570495}}
{"target": 60.025640554710044, "params": {"x0": 0.810000374933391, "x1": 2.024135764552232, "x2": 2.742681075178454, "x3": 6.646436939393544e-54, "x4": 0.8752510444924038, "x5": 2.8800998391217534, "x6": 6.791172214084907, "x7": 2.119656739214783, "x8": 1.9927785453317515, "x9": 1.448226190753526}, "datetime": {"datetime": "2025-05-16 10:49:42", "elapsed": 20905.980877, "delta": 55.250647}}
{"target": 60.025640554710044, "params": {"x0": 0.810000374933391, "x1": 2.024135764552232, "x2": 2.742681075178454, "x3": 2.8037721811822122e-53, "x4": 0.8752510444924038, "x5": 2.8800998391217534, "x6": 6.791172214084907, "x7": 2.119656739214783, "x8": 1.9927785453317515, "x9": 1.448226190753526}, "datetime": {"datetime": "2025-05-16 10:50:30", "elapsed": 20953.20388, "delta": 47.223003}}
{"target": 60.025640554710044, "params": {"x0": 0.810000374933391, "x1": 2.024135764552232, "x2": 2.742681075178454, "x3": 1.361511372719092e-53, "x4": 0.8752510444924038, "x5": 2.8800998391217534, "x6": 6.791172214084907, "x7": 2.119656739214783, "x8": 1.9927785453317515, "x9": 1.448226190753526}, "datetime": {"datetime": "2025-05-16 10:51:03", "elapsed": 20986.394018, "delta": 33.190138}}
{"target": 60.025640554710044, "params": {"x0": 0.810000374933391, "x1": 2.024135764552232, "x2": 2.742681075178454, "x3": 1.662073063554083e-53, "x4": 0.8752510444924038, "x5": 2.8800998391217534, "x6": 6.791172214084907, "x7": 2.119656739214783, "x8": 1.9927785453317515, "x9": 1.448226190753526}, "datetime": {"datetime": "2025-05-16 10:51:50", "elapsed": 21033.118555, "delta": 46.724537}}
{"target": 60.025640554710044, "params": {"x0": 0.810000374933391, "x1": 2.024135764552232, "x2": 2.742681075178454, "x3": 5.970217745997013e-54, "x4": 0.8752510444924038, "x5": 2.8800998391217534, "x6": 6.791172214084907, "x7": 2.119656739214783, "x8": 1.9927785453317515, "x9": 1.448226190753526}, "datetime": {"datetime": "2025-05-16 10:52:34", "elapsed": 21077.471452, "delta": 44.352897}}
{"target": 60.025640554710044, "params": {"x0": 0.810000374933391, "x1": 2.024135764552232, "x2": 2.742681075178454, "x3": 8.829764520544437e-54, "x4": 0.8752510444924038, "x5": 2.8800998391217534, "x6": 6.791172214084907, "x7": 2.119656739214783, "x8": 1.9927785453317515, "x9": 1.448226190753526}, "datetime": {"datetime": "2025-05-16 10:53:19", "elapsed": 21122.977506, "delta": 45.506054}}
{"target": 60.025640554710044, "params": {"x0": 0.810000374933391, "x1": 2.024135764552232, "x2": 2.742681075178454, "x3": 2.855055497349624e-54, "x4": 0.8752510444924038, "x5": 2.8800998391217534, "x6": 6.791172214084907, "x7": 2.119656739214783, "x8": 1.9927785453317515, "x9": 1.448226190753526}, "datetime": {"datetime": "2025-05-16 10:53:53", "elapsed": 21156.423137, "delta": 33.445631}}
{"target": 60.025640554710044, "params": {"x0": 0.810000374933391, "x1": 2.024135764552232, "x2": 2.742681075178454, "x3": 1.3089297742393786e-53, "x4": 0.8752510444924038, "x5": 2.8800998391217534, "x6": 6.791172214084907, "x7": 2.119656739214783, "x8": 1.9927785453317515, "x9": 1.448226190753526}, "datetime": {"datetime": "2025-05-16 10:54:32", "elapsed": 21195.486003, "delta": 39.062866}}
{"target": 60.025640554710044, "params": {"x0": 0.810000374933391, "x1": 2.024135764552232, "x2": 2.742681075178454, "x3": 8.277544403691017e-54, "x4": 0.8752510444924038, "x5": 2.8800998391217534, "x6": 6.791172214084907, "x7": 2.119656739214783, "x8": 1.9927785453317515, "x9": 1.448226190753526}, "datetime": {"datetime": "2025-05-16 10:55:22", "elapsed": 21245.2032, "delta": 49.717197}}
{"target": 60.025640554710044, "params": {"x0": 0.810000374933391, "x1": 2.024135764552232, "x2": 2.742681075178454, "x3": 1.958454682790141e-54, "x4": 0.8752510444924038, "x5": 2.8800998391217534, "x6": 6.791172214084907, "x7": 2.119656739214783, "x8": 1.9927785453317515, "x9": 1.448226190753526}, "datetime": {"datetime": "2025-05-16 10:56:03", "elapsed": 21286.124131, "delta": 40.920931}}
{"target": 60.025640554710044, "params": {"x0": 0.810000374933391, "x1": 2.024135764552232, "x2": 2.742681075178454, "x3": 8.464735742289593e-54, "x4": 0.8752510444924038, "x5": 2.8800998391217534, "x6": 6.791172214084907, "x7": 2.119656739214783, "x8": 1.9927785453317515, "x9": 1.448226190753526}, "datetime": {"datetime": "2025-05-16 10:56:47", "elapsed": 21330.647501, "delta": 44.52337}}
{"target": 60.025640554710044, "params": {"x0": 0.810000374933391, "x1": 2.024135764552232, "x2": 2.742681075178454, "x3": 8.616655173103052e-54, "x4": 0.8752510444924038, "x5": 2.8800998391217534, "x6": 6.791172214084907, "x7": 2.119656739214783, "x8": 1.9927785453317515, "x9": 1.448226190753526}, "datetime": {"datetime": "2025-05-16 10:57:43", "elapsed": 21386.07157, "delta": 55.424069}}
{"target": 60.025640554710044, "params": {"x0": 0.810000374933391, "x1": 2.024135764552232, "x2": 2.742681075178454, "x3": 4.221258608058509e-54, "x4": 0.8752510444924038, "x5": 2.8800998391217534, "x6": 6.791172214084907, "x7": 2.119656739214783, "x8": 1.9927785453317515, "x9": 1.448226190753526}, "datetime": {"datetime": "2025-05-16 10:58:27", "elapsed": 21430.920365, "delta": 44.848795}}
{"target": 60.025640554710044, "params": {"x0": 0.810000374933391, "x1": 2.024135764552232, "x2": 2.742681075178454, "x3": 6.215473771942085e-54, "x4": 0.8752510444924038, "x5": 2.8800998391217534, "x6": 6.791172214084907, "x7": 2.119656739214783, "x8": 1.9927785453317515, "x9": 1.448226190753526}, "datetime": {"datetime": "2025-05-16 10:59:10", "elapsed": 21473.066324, "delta": 42.145959}}
{"target": 60.025640554710044, "params": {"x0": 0.810000374933391, "x1": 2.024135764552232, "x2": 2.742681075178454, "x3": 9.275247532577109e-55, "x4": 0.8752510444924038, "x5": 2.8800998391217534, "x6": 6.791172214084907, "x7": 2.119656739214783, "x8": 1.9927785453317515, "x9": 1.448226190753526}, "datetime": {"datetime": "2025-05-16 11:00:02", "elapsed": 21525.772303, "delta": 52.705979}}
