{"target": 59.99808176936084, "params": {"x0": 0.8099965829106093, "x1": 2.024132562851236, "x2": 2.742676247409614, "x3": 0.0, "x4": 0.8752313027991135, "x5": 2.8800893875325775, "x6": 6.791412061210551, "x7": 2.1190871899990156, "x8": 1.9927790838551296, "x9": 1.448226665943171}, "datetime": {"datetime": "2025-05-16 05:17:49", "elapsed": 992.580226, "delta": 5.719316}}
{"target": 59.99808176936084, "params": {"x0": 0.8099973922052299, "x1": 2.024133246159207, "x2": 2.742677277753464, "x3": 0.0, "x4": 0.8752355160771191, "x5": 2.8800916181138225, "x6": 6.791360872966243, "x7": 2.1192087433606557, "x8": 1.9927789689233113, "x9": 1.4482265645280568}, "datetime": {"datetime": "2025-05-16 05:17:55", "elapsed": 998.433813, "delta": 5.853587}}
{"target": 59.99808176936084, "params": {"x0": 0.8099981205703886, "x1": 2.024133861136381, "x2": 2.742678205062929, "x3": 0.0, "x4": 0.8752393080273242, "x5": 2.8800936256369427, "x6": 6.791314803546367, "x7": 2.119318141386132, "x8": 1.992778865484675, "x9": 1.448226473254454}, "datetime": {"datetime": "2025-05-16 05:18:01", "elapsed": 1004.28204, "delta": 5.848227}}
{"target": 59.99808176936084, "params": {"x0": 0.8099987760990314, "x1": 2.0241344146158373, "x2": 2.7426790396414473, "x3": 0.0, "x4": 0.8752427207825086, "x5": 2.8800954324077512, "x6": 6.791273341068478, "x7": 2.1194165996090604, "x8": 1.9927787723899022, "x9": 1.4482263911082114}, "datetime": {"datetime": "2025-05-16 05:18:07", "elapsed": 1010.228901, "delta": 5.946861}}
{"target": 59.99808176936084, "params": {"x0": 0.8099993660748098, "x1": 2.0241349127473485, "x2": 2.742679790762114, "x3": 0.0, "x4": 0.8752457922621748, "x5": 2.880097058501479, "x6": 6.791236024838378, "x7": 2.119505212009696, "x8": 1.9927786886046066, "x9": 1.4482263171765932}, "datetime": {"datetime": "2025-05-16 05:18:12", "elapsed": 1015.967113, "delta": 5.738212}}
{"target": 59.99808176936084, "params": {"x0": 0.8099998970530105, "x1": 2.0241353610657082, "x2": 2.742680466770714, "x3": 0.0, "x4": 0.8752485565938742, "x5": 2.880098521985834, "x6": 6.791202440231288, "x7": 2.1195849631702686, "x8": 1.9927786131978407, "x9": 1.4482262506381367}, "datetime": {"datetime": "2025-05-16 05:18:18", "elapsed": 1021.822209, "delta": 5.855096}}
{"target": 60.025640554710044, "params": {"x0": 0.810000374933391, "x1": 2.024135764552232, "x2": 2.742681075178454, "x3": 0.0, "x4": 0.8752510444924038, "x5": 2.8800998391217534, "x6": 6.791172214084907, "x7": 2.119656739214783, "x8": 1.9927785453317515, "x9": 1.448226190753526}, "datetime": {"datetime": "2025-05-16 05:18:24", "elapsed": 1027.544525, "delta": 5.722316}}
{"target": 59.99808176936084, "params": {"x0": 0.8099967191484796, "x1": 2.024132677880325, "x2": 2.742676420859243, "x3": 0.0, "x4": 0.8752320120686529, "x5": 2.88008976303197, "x6": 6.791403444104722, "x7": 2.119107652474244, "x8": 1.992779064507335, "x9": 1.4482266488707987}, "datetime": {"datetime": "2025-05-16 05:18:30", "elapsed": 1033.716951, "delta": 6.172426}}
{"target": 59.99808176936084, "params": {"x0": 0.8099970847269707, "x1": 2.0241329865475155, "x2": 2.742676886291164, "x3": 0.0, "x4": 0.875233915311028, "x5": 2.8800907706409484, "x6": 6.79138032110274, "x7": 2.119162561148298, "x8": 1.9927790125897766, "x9": 1.4482266030590714}, "datetime": {"datetime": "2025-05-16 05:18:37", "elapsed": 1040.202735, "delta": 6.485784}}
{"target": 59.99808176936084, "params": {"x0": 0.8099974137476128, "x1": 2.0241332643479875, "x2": 2.742677305179893, "x3": 0.0, "x4": 0.8752356282291656, "x5": 2.880091677489029, "x6": 6.791359510400957, "x7": 2.1192119789549464, "x8": 1.992778965863974, "x9": 1.4482265618285168}, "datetime": {"datetime": "2025-05-16 05:18:43", "elapsed": 1046.263584, "delta": 6.060849}}
{"target": 59.99808176936084, "params": {"x0": 0.8099977098661906, "x1": 2.024133514368412, "x2": 2.742677682179749, "x3": 0.0, "x4": 0.8752371698554894, "x5": 2.880092493652301, "x6": 6.791340780769352, "x7": 2.1192564549809303, "x8": 1.9927789238107518, "x9": 1.4482265247210178}, "datetime": {"datetime": "2025-05-16 05:18:49", "elapsed": 1052.689721, "delta": 6.426137}}
{"target": 59.99808176936084, "params": {"x0": 0.8099979763729106, "x1": 2.0241337393867935, "x2": 2.7426780214796196, "x3": 0.0, "x4": 0.8752385573191809, "x5": 2.8800932281992466, "x6": 6.791323924100907, "x7": 2.1192964834043155, "x8": 1.992778885962852, "x9": 1.4482264913242686}, "datetime": {"datetime": "2025-05-16 05:18:56", "elapsed": 1059.018252, "delta": 6.328531}}
{"target": 59.99808176936084, "params": {"x0": 0.8099982162289587, "x1": 2.0241339419033375, "x2": 2.742678326849503, "x3": 0.0, "x4": 0.8752398060365031, "x5": 2.8800938892914973, "x6": 6.791308753099307, "x7": 2.1193325089853623, "x8": 1.9927788518997418, "x9": 1.4482264612671945}, "datetime": {"datetime": "2025-05-16 05:19:02", "elapsed": 1065.290263, "delta": 6.272011}}
{"target": 59.99808176936084, "params": {"x0": 0.8099984320994019, "x1": 2.024134124168227, "x2": 2.7426786016823983, "x3": 0.0, "x4": 0.8752409298820932, "x5": 2.880094484274523, "x6": 6.791295099197868, "x7": 2.1193649320083043, "x8": 1.9927788212429427, "x9": 1.4482264342158275}, "datetime": {"datetime": "2025-05-16 05:19:08", "elapsed": 1071.32933, "delta": 6.039067}}
{"target": 59.99808176936084, "params": {"x0": 0.8099986263828008, "x1": 2.0241342882066276, "x2": 2.7426788490320035, "x3": 0.0, "x4": 0.8752419413431243, "x5": 2.880095019759246, "x6": 6.791282810686571, "x7": 2.119394112728952, "x8": 1.9927787936518238, "x9": 1.4482264098695974}, "datetime": {"datetime": "2025-05-16 05:19:14", "elapsed": 1077.574166, "delta": 6.244836}}
{"target": 59.99808176936084, "params": {"x0": 0.8099988012378598, "x1": 2.024134435841188, "x2": 2.742679071646649, "x3": 0.0, "x4": 0.8752428516580522, "x5": 2.8800955016954966, "x6": 6.791271751026405, "x7": 2.119420375377535, "x8": 1.9927787688198164, "x9": 1.4482263879579902}, "datetime": {"datetime": "2025-05-16 05:19:20", "elapsed": 1083.883125, "delta": 6.308959}}
{"target": 59.99808176936084, "params": {"x0": 0.809998958607413, "x1": 2.0241345687122925, "x2": 2.742679271999829, "x3": 0.0, "x4": 0.8752436709414874, "x5": 2.8800959354381224, "x6": 6.791261797332255, "x7": 2.11944401176126, "x8": 1.9927787464710098, "x9": 1.4482263682375438}, "datetime": {"datetime": "2025-05-16 05:19:27", "elapsed": 1090.164551, "delta": 6.281426}}
{"target": 59.99808176936084, "params": {"x0": 0.8099991002400108, "x1": 2.0241346882962863, "x2": 2.7426794523176916, "x3": 0.0, "x4": 0.875244408296579, "x5": 2.8800963258064853, "x6": 6.79125283900752, "x7": 2.1194652845066124, "x8": 1.9927787263570842, "x9": 1.4482263504891422}, "datetime": {"datetime": "2025-05-16 05:19:33", "elapsed": 1096.241382, "delta": 6.076831}}
{"target": 59.99808176936084, "params": {"x0": 0.8099992277093488, "x1": 2.024134795921881, "x2": 2.7426796146037677, "x3": 0.0, "x4": 0.8752450719161615, "x5": 2.8800966771380123, "x6": 6.791244776515259, "x7": 2.1194844299774296, "x8": 1.9927787082545507, "x9": 1.4482263345155806}, "datetime": {"datetime": "2025-05-16 05:19:39", "elapsed": 1102.574002, "delta": 6.33262}}
{"target": 59.99808176936084, "params": {"x0": 0.8099993424317531, "x1": 2.024134892784916, "x2": 2.7426797606612365, "x3": 0.0, "x4": 0.8752456691737857, "x5": 2.8800969933363865, "x6": 6.791237520272223, "x7": 2.119501660901165, "x8": 1.992778691962271, "x9": 1.448226320139375}, "datetime": {"datetime": "2025-05-16 05:19:45", "elapsed": 1108.914316, "delta": 6.340314}}
{"target": 59.99808176936084, "params": {"x0": 0.8099994456819168, "x1": 2.0241349799616475, "x2": 2.742679892112958, "x3": 0.0, "x4": 0.8752462067056475, "x5": 2.880097277914923, "x6": 6.791230989653492, "x7": 2.1195171687325267, "x8": 1.9927786772992189, "x9": 1.4482263072007902}, "datetime": {"datetime": "2025-05-16 05:19:52", "elapsed": 1115.168298, "delta": 6.253982}}
{"target": 59.99808176936084, "params": {"x0": 0.8099995386070643, "x1": 2.024135058420706, "x2": 2.742680010419508, "x3": 0.0, "x4": 0.8752466904843231, "x5": 2.880097534035606, "x6": 6.791225112096633, "x7": 2.1195311257807523, "x8": 1.9927786641024723, "x9": 1.4482262955560636}, "datetime": {"datetime": "2025-05-16 05:19:58", "elapsed": 1121.840913, "delta": 6.672615}}
{"target": 59.99808176936084, "params": {"x0": 0.8099996222396969, "x1": 2.0241351290338585, "x2": 2.7426801168954023, "x3": 0.0, "x4": 0.8752471258851312, "x5": 2.880097764544221, "x6": 6.791219822295461, "x7": 2.1195436871241555, "x8": 1.9927786522254, "x9": 1.44822628507581}, "datetime": {"datetime": "2025-05-16 05:20:05", "elapsed": 1128.2961, "delta": 6.455187}}
{"target": 59.99808176936084, "params": {"x0": 0.8099996975090663, "x1": 2.024135192585696, "x2": 2.7426802127237075, "x3": 0.0, "x4": 0.8752475177458584, "x5": 2.880097972001974, "x6": 6.791215061474405, "x7": 2.119554992333218, "x8": 1.9927786415360353, "x9": 1.4482262756435815}, "datetime": {"datetime": "2025-05-16 05:20:11", "elapsed": 1134.633751, "delta": 6.337651}}
{"target": 59.99808176936084, "params": {"x0": 0.8099997652514989, "x1": 2.0241352497823497, "x2": 2.7426802989691823, "x3": 0.0, "x4": 0.875247870420513, "x5": 2.880098158713952, "x6": 6.791210776735455, "x7": 2.1195651670213747, "x8": 1.992778631915607, "x9": 1.448226267154576}, "datetime": {"datetime": "2025-05-16 05:20:17", "elapsed": 1140.834984, "delta": 6.201233}}
{"target": 59.99808176936084, "params": {"x0": 0.809999826219688, "x1": 2.0241353012593377, "x2": 2.7426803765901093, "x3": 0.0, "x4": 0.8752481878277021, "x5": 2.880098326754732, "x6": 6.7912069204704, "x7": 2.1195743242407157, "x8": 1.9927786232572213, "x9": 1.448226259514471}, "datetime": {"datetime": "2025-05-16 05:20:24", "elapsed": 1147.327075, "delta": 6.492091}}
{"target": 59.99808176936084, "params": {"x0": 0.8099998810910584, "x1": 2.024135347588627, "x2": 2.7426804464489436, "x3": 0.0, "x4": 0.8752484734941722, "x5": 2.8800984779914343, "x6": 6.791203449831851, "x7": 2.1195825657381224, "x8": 1.9927786154646743, "x9": 1.4482262526383765}, "datetime": {"datetime": "2025-05-16 05:20:30", "elapsed": 1153.76784, "delta": 6.440765}}
{"target": 59.99808176936084, "params": {"x0": 0.8099999304752916, "x1": 2.0241353892849876, "x2": 2.742680509321895, "x3": 0.0, "x4": 0.8752487305939953, "x5": 2.880098614104466, "x6": 6.791200326257156, "x7": 2.1195899830857883, "x8": 1.992778608451382, "x9": 1.4482262464498914}, "datetime": {"datetime": "2025-05-16 05:20:37", "elapsed": 1160.144075, "delta": 6.376235}}
{"target": 59.99808176936084, "params": {"x0": 0.8099999749211015, "x1": 2.024135426811712, "x2": 2.7426805659075506, "x3": 0.0, "x4": 0.8752489619838362, "x5": 2.880098736606195, "x6": 6.791197515039932, "x7": 2.1195966586986876, "x8": 1.992778602139419, "x9": 1.4482262408802549}, "datetime": {"datetime": "2025-05-16 05:20:43", "elapsed": 1166.810714, "delta": 6.666639}}
{"target": 60.025640554710044, "params": {"x0": 0.8100000149223305, "x1": 2.024135460585764, "x2": 2.742680616834641, "x3": 0.0, "x4": 0.875249170234693, "x5": 2.880098846857751, "x6": 6.791194984944429, "x7": 2.119602666750297, "x8": 1.9927785964586522, "x9": 1.4482262358675821}, "datetime": {"datetime": "2025-05-16 05:20:50", "elapsed": 1173.050867, "delta": 6.240153}}
{"target": 60.025640554710044, "params": {"x0": 0.8100000509234365, "x1": 2.024135490982411, "x2": 2.7426806626690223, "x3": 0.0, "x4": 0.8752493576604641, "x5": 2.880098946084151, "x6": 6.791192707858477, "x7": 2.119608073996746, "x8": 1.9927785913459621, "x9": 1.4482262313561765}, "datetime": {"datetime": "2025-05-16 05:20:56", "elapsed": 1179.370909, "delta": 6.320042}}
{"target": 60.025640554710044, "params": {"x0": 0.810000083324432, "x1": 2.024135518339393, "x2": 2.7426807039199654, "x3": 0.0, "x4": 0.875249526343658, "x5": 2.8800990353879112, "x6": 6.79119065848112, "x7": 2.1196129405185498, "x8": 1.9927785867445411, "x9": 1.4482262272959114}, "datetime": {"datetime": "2025-05-16 05:21:02", "elapsed": 1186.005844, "delta": 6.634935}}
{"target": 60.025640554710044, "params": {"x0": 0.8100001124853279, "x1": 2.024135542960677, "x2": 2.7426807410458145, "x3": 0.0, "x4": 0.8752496781585326, "x5": 2.8800991157612956, "x6": 6.791188814041498, "x7": 2.119617320388173, "x8": 1.9927785826032622, "x9": 1.448226223641673}, "datetime": {"datetime": "2025-05-16 05:21:09", "elapsed": 1192.419781, "delta": 6.413937}}
{"target": 60.025640554710044, "params": {"x0": 0.8100001387301342, "x1": 2.0241355651198325, "x2": 2.742680774459078, "x3": 0.0, "x4": 0.8752498147919198, "x5": 2.8800991880973412, "x6": 6.791187154045839, "x7": 2.119621262270834, "x8": 1.992778578876111, "x9": 1.4482262203528582}, "datetime": {"datetime": "2025-05-16 05:21:15", "elapsed": 1198.728964, "delta": 6.309183}}
{"target": 60.025640554710044, "params": {"x0": 0.8100001623504599, "x1": 2.0241355850630725, "x2": 2.7426808045310156, "x3": 0.0, "x4": 0.8752499377619681, "x5": 2.8800992531997824, "x6": 6.791185660049746, "x7": 2.119624809965229, "x8": 1.9927785755216751, "x9": 1.448226217392925}, "datetime": {"datetime": "2025-05-16 05:21:21", "elapsed": 1204.915545, "delta": 6.186581}}
{"target": 60.025640554710044, "params": {"x0": 0.810000183608753, "x1": 2.024135603011988, "x2": 2.74268083159576, "x3": 0.0, "x4": 0.8752500484350116, "x5": 2.8800993117919798, "x6": 6.791184315453262, "x7": 2.119628002890184, "x8": 1.9927785725026828, "x9": 1.448226214728985}, "datetime": {"datetime": "2025-05-16 05:21:28", "elapsed": 1211.16446, "delta": 6.248915}}
{"target": 60.025640554710044, "params": {"x0": 0.8100002027412169, "x1": 2.0241356191660125, "x2": 2.742680855954029, "x3": 0.0, "x4": 0.8752501480407509, "x5": 2.880099364524957, "x6": 6.791183105316427, "x7": 2.119630876522644, "x8": 1.9927785697855895, "x9": 1.4482262123314391}, "datetime": {"datetime": "2025-05-16 05:21:34", "elapsed": 1217.934685, "delta": 6.770225}}
{"target": 60.025640554710044, "params": {"x0": 0.8100002199604343, "x1": 2.024135633704635, "x2": 2.7426808778764715, "x3": 0.0, "x4": 0.8752502376859161, "x5": 2.8800994119846366, "x6": 6.791182016193274, "x7": 2.119633462791858, "x8": 1.9927785673402059, "x9": 1.4482262101736478}, "datetime": {"datetime": "2025-05-16 05:21:41", "elapsed": 1224.158285, "delta": 6.2236}}
{"target": 60.025640554710044, "params": {"x0": 0.8100002354577299, "x1": 2.0241356467893943, "x2": 2.74268089760667, "x3": 0.0, "x4": 0.875250318366565, "x5": 2.8800994546983483, "x6": 6.791181035982438, "x7": 2.1196357904341507, "x8": 1.9927785651393604, "x9": 1.4482262082316357}, "datetime": {"datetime": "2025-05-16 05:21:47", "elapsed": 1230.609442, "delta": 6.451157}}
{"target": 60.025640554710044, "params": {"x0": 0.810000249405296, "x1": 2.0241356585656782, "x2": 2.7426809153638483, "x3": 0.0, "x4": 0.8752503909791488, "x5": 2.8800994931406887, "x6": 6.791180153792685, "x7": 2.1196378853122138, "x8": 1.9927785631585995, "x9": 1.4482262064838247}, "datetime": {"datetime": "2025-05-16 05:21:54", "elapsed": 1237.125062, "delta": 6.51562}}
{"target": 60.025640554710044, "params": {"x0": 0.8100002619581056, "x1": 2.0241356691643335, "x2": 2.742680931345309, "x3": 0.0, "x4": 0.8752504563304743, "x5": 2.8800995277387953, "x6": 6.791179359821907, "x7": 2.119639770702471, "x8": 1.9927785613759146, "x9": 1.4482262049107948}, "datetime": {"datetime": "2025-05-16 05:22:00", "elapsed": 1243.665743, "delta": 6.540681}}
{"target": 60.025640554710044, "params": {"x0": 0.8100002732556341, "x1": 2.0241356787031233, "x2": 2.7426809457286234, "x3": 0.0, "x4": 0.8752505151466673, "x5": 2.8800995588770912, "x6": 6.791178645248207, "x7": 2.119641467553702, "x8": 1.9927785597714984, "x9": 1.448226203495068}, "datetime": {"datetime": "2025-05-16 05:22:06", "elapsed": 1249.871199, "delta": 6.205456}}
{"target": 60.025640554710044, "params": {"x0": 0.8100002834234098, "x1": 2.0241356872880343, "x2": 2.7426809586736063, "x3": 0.0, "x4": 0.8752505680812409, "x5": 2.880099586901557, "x6": 6.791178002131877, "x7": 2.1196429947198103, "x8": 1.9927785583275237, "x9": 1.4482262022209138}, "datetime": {"datetime": "2025-05-16 05:22:13", "elapsed": 1256.424136, "delta": 6.552937}}
{"target": 60.025640554710044, "params": {"x0": 0.8100002925744079, "x1": 2.024135695014454, "x2": 2.742680970324091, "x3": 0.0, "x4": 0.8752506157223572, "x5": 2.8800996121235767, "x6": 6.79117742332718, "x7": 2.1196443691693077, "x8": 1.9927785570279464, "x9": 1.448226201074175}, "datetime": {"datetime": "2025-05-16 05:22:19", "elapsed": 1262.701588, "delta": 6.277452}}
{"target": 60.025640554710044, "params": {"x0": 0.8100003008103063, "x1": 2.024135701968232, "x2": 2.7426809808095274, "x3": 0.0, "x4": 0.8752506585993618, "x5": 2.8800996348233947, "x6": 6.7911769024029525, "x7": 2.119645606173855, "x8": 1.9927785558583269, "x9": 1.4482262000421102}, "datetime": {"datetime": "2025-05-16 05:22:26", "elapsed": 1269.153139, "delta": 6.451551}}
{"target": 60.025640554710044, "params": {"x0": 0.8100003082226147, "x1": 2.024135708226632, "x2": 2.74268099024642, "x3": 0.0, "x4": 0.875250697188666, "x5": 2.8800996552532303, "x6": 6.791176433571148, "x7": 2.119646719477948, "x8": 1.9927785548056693, "x9": 1.4482261991132517}, "datetime": {"datetime": "2025-05-16 05:22:32", "elapsed": 1275.395992, "delta": 6.242853}}
{"target": 60.025640554710044, "params": {"x0": 0.8100003148936924, "x1": 2.024135713859192, "x2": 2.7426809987396235, "x3": 0.0, "x4": 0.8752507319190398, "x5": 2.880099673640083, "x6": 6.7911760116225235, "x7": 2.1196477214516314, "x8": 1.9927785538582776, "x9": 1.4482261982772793}, "datetime": {"datetime": "2025-05-16 05:22:39", "elapsed": 1282.154846, "delta": 6.758854}}
{"target": 60.025640554710044, "params": {"x0": 0.8100003208976623, "x1": 2.0241357189284956, "x2": 2.7426810063835063, "x3": 0.0, "x4": 0.8752507631763762, "x5": 2.8800996901882496, "x6": 6.791175631868762, "x7": 2.1196486232279463, "x8": 1.992778553005625, "x9": 1.4482261975249038}, "datetime": {"datetime": "2025-05-16 05:22:45", "elapsed": 1288.568241, "delta": 6.413395}}
{"target": 60.025640554710044, "params": {"x0": 0.8100003263012351, "x1": 2.0241357234908697, "x2": 2.742681013263001, "x3": 0.0, "x4": 0.875250791307979, "x5": 2.8800997050816, "x6": 6.791175290090377, "x7": 2.11964943482663, "x8": 1.9927785522382377, "x9": 1.448226196847766}, "datetime": {"datetime": "2025-05-16 05:22:51", "elapsed": 1294.994153, "delta": 6.425912}}
{"target": 60.025640554710044, "params": {"x0": 0.8100003311644507, "x1": 2.0241357275970056, "x2": 2.7426810194545466, "x3": 0.0, "x4": 0.8752508166264215, "x5": 2.8800997184856154, "x6": 6.79117498248983, "x7": 2.1196501652654454, "x8": 1.992778551547589, "x9": 1.448226196238342}, "datetime": {"datetime": "2025-05-16 05:22:58", "elapsed": 1301.318798, "delta": 6.324645}}
{"target": 60.025640554710044, "params": {"x0": 0.8100003355413448, "x1": 2.0241357312925286, "x2": 2.742681025026937, "x3": 0.0, "x4": 0.8752508394130196, "x5": 2.880099730549229, "x6": 6.791174705649337, "x7": 2.1196508226603794, "x8": 1.9927785509260052, "x9": 1.4482261956898606}, "datetime": {"datetime": "2025-05-16 05:23:04", "elapsed": 1307.830672, "delta": 6.511874}}
{"target": 60.025640554710044, "params": {"x0": 0.8100003936802037, "x1": 2.024135763699095, "x2": 2.7426811112677867, "x3": 6.016321826271323e-10, "x4": 0.8752508769696173, "x5": 2.880099800171348, "x6": 6.79117439058813, "x7": 2.1196515437445447, "x8": 1.9927785403564087, "x9": 1.4482261878679965}, "datetime": {"datetime": "2025-05-16 05:23:11", "elapsed": 1314.292809, "delta": 6.462137}}
{"target": 60.025640554710044, "params": {"x0": 0.8100003644658751, "x1": 2.024135775199279, "x2": 2.7426811125665944, "x3": 1.9223207097073585e-09, "x4": 0.8752509020704139, "x5": 2.880099832832301, "x6": 6.791173805040491, "x7": 2.119652083239666, "x8": 1.9927785415488792, "x9": 1.4482261910753378}, "datetime": {"datetime": "2025-05-16 05:23:17", "elapsed": 1320.73921, "delta": 6.446401}}
{"target": 60.025640554710044, "params": {"x0": 0.810000381679517, "x1": 2.0241357423690927, "x2": 2.742681083069729, "x3": 3.8012002246783435e-09, "x4": 0.875250902801338, "x5": 2.8800997641187007, "x6": 6.791174015185779, "x7": 2.119652544026924, "x8": 1.9927785465815413, "x9": 1.448226190530095}, "datetime": {"datetime": "2025-05-16 05:23:24", "elapsed": 1327.522987, "delta": 6.783777}}
{"target": 60.025640554710044, "params": {"x0": 0.8100003843197526, "x1": 2.0241357731650362, "x2": 2.742681064500117, "x3": 3.2626789649756573e-09, "x4": 0.8752509187528364, "x5": 2.880099770488464, "x6": 6.791173141084073, "x7": 2.1196529262545254, "x8": 1.9927785469470156, "x9": 1.4482261932901226}, "datetime": {"datetime": "2025-05-16 05:23:31", "elapsed": 1334.259973, "delta": 6.736986}}
{"target": 60.025640554710044, "params": {"x0": 0.8100003576188629, "x1": 2.024135756959338, "x2": 2.742681053400513, "x3": 1.174670903968568e-09, "x4": 0.875250939592883, "x5": 2.880099838816159, "x6": 6.791173588164248, "x7": 2.1196534233224584, "x8": 1.9927785461496168, "x9": 1.4482261928490714}, "datetime": {"datetime": "2025-05-16 05:23:37", "elapsed": 1340.647386, "delta": 6.387413}}
{"target": 60.025640554710044, "params": {"x0": 0.8100003759485197, "x1": 2.0241357577069046, "x2": 2.742681082559073, "x3": 8.467922351482239e-10, "x4": 0.875250940857642, "x5": 2.8800998826254625, "x6": 6.7911735282763335, "x7": 2.11965360126994, "x8": 1.9927785431373821, "x9": 1.448226191556583}, "datetime": {"datetime": "2025-05-16 05:23:44", "elapsed": 1347.021359, "delta": 6.373973}}
{"target": 60.025640554710044, "params": {"x0": 0.8100003584103967, "x1": 2.024135751871104, "x2": 2.7426810672780024, "x3": 6.367055268662799e-10, "x4": 0.8752509702141541, "x5": 2.8800998280862173, "x6": 6.79117332017588, "x7": 2.119654145653026, "x8": 1.9927785447704653, "x9": 1.4482261898147377}, "datetime": {"datetime": "2025-05-16 05:23:50", "elapsed": 1353.580615, "delta": 6.559256}}
