{"target": 60.025640554710044, "params": {"x0": 0.8100003749383583, "x1": 2.024135764553219, "x2": 2.7426810751631545, "x3": 9.890400537379933e-12, "x4": 0.8752510442432703, "x5": 2.88009983919339, "x6": 6.791172216721253, "x7": 2.1196567315556907, "x8": 1.9927785453339855, "x9": 1.4482261907525276}, "datetime": {"datetime": "2025-05-16 05:30:12", "elapsed": 1735.952755, "delta": 7.123023}}
{"target": 60.025640554710044, "params": {"x0": 0.8100003749026972, "x1": 2.024135764550055, "x2": 2.742681075201138, "x3": 6.903961740526419e-12, "x4": 0.8752510442878332, "x5": 2.8800998390911428, "x6": 6.791172215900863, "x7": 2.1196567322928654, "x8": 1.9927785453303146, "x9": 1.448226190753288}, "datetime": {"datetime": "2025-05-16 05:30:19", "elapsed": 1742.75496, "delta": 6.802205}}
{"target": 60.025640554710044, "params": {"x0": 0.8100003749229581, "x1": 2.0241357645349103, "x2": 2.7426810751805073, "x3": 1.7599038110082165e-12, "x4": 0.875251044353005, "x5": 2.8800998390255783, "x6": 6.791172216575115, "x7": 2.1196567335463947, "x8": 1.9927785453307643, "x9": 1.4482261907540177}, "datetime": {"datetime": "2025-05-16 05:30:26", "elapsed": 1749.91619, "delta": 7.16123}}
{"target": 60.025640554710044, "params": {"x0": 0.8100003749568893, "x1": 2.0241357645589817, "x2": 2.7426810751899384, "x3": 3.8002902546294265e-12, "x4": 0.8752510443056657, "x5": 2.880099839029177, "x6": 6.79117221566062, "x7": 2.119656733869321, "x8": 1.9927785453301352, "x9": 1.4482261907515825}, "datetime": {"datetime": "2025-05-16 05:30:34", "elapsed": 1757.066611, "delta": 7.150421}}
{"target": 60.025640554710044, "params": {"x0": 0.8100003749115666, "x1": 2.0241357645446088, "x2": 2.7426810751935564, "x3": 6.382893804768177e-12, "x4": 0.875251044326525, "x5": 2.88009983909907, "x6": 6.791172216149757, "x7": 2.119656734581561, "x8": 1.9927785453299331, "x9": 1.4482261907506218}, "datetime": {"datetime": "2025-05-16 05:30:41", "elapsed": 1764.521241, "delta": 7.45463}}
{"target": 60.025640554710044, "params": {"x0": 0.8100003749502092, "x1": 2.024135764543089, "x2": 2.742681075216614, "x3": 4.919693424251409e-13, "x4": 0.8752510443598401, "x5": 2.8800998390418746, "x6": 6.791172215654967, "x7": 2.119656734720418, "x8": 1.9927785453314855, "x9": 1.4482261907523164}, "datetime": {"datetime": "2025-05-16 05:30:48", "elapsed": 1771.444207, "delta": 6.922966}}
{"target": 60.025640554710044, "params": {"x0": 0.8100003749376385, "x1": 2.0241357645404845, "x2": 2.7426810751667743, "x3": 1.1576378354214023e-11, "x4": 0.8752510444189409, "x5": 2.8800998390584267, "x6": 6.791172215688561, "x7": 2.11965673547024, "x8": 1.9927785453297333, "x9": 1.4482261907509837}, "datetime": {"datetime": "2025-05-16 05:30:55", "elapsed": 1778.626882, "delta": 7.182675}}
{"target": 60.025640554710044, "params": {"x0": 0.8100003749087566, "x1": 2.024135764541991, "x2": 2.7426810752033774, "x3": 1.6142366548307238e-12, "x4": 0.8752510444102352, "x5": 2.8800998390653323, "x6": 6.791172215075328, "x7": 2.119656735532994, "x8": 1.9927785453286557, "x9": 1.4482261907552294}, "datetime": {"datetime": "2025-05-16 05:31:02", "elapsed": 1785.744496, "delta": 7.117614}}
{"target": 60.025640554710044, "params": {"x0": 0.8100003749372047, "x1": 2.024135764554773, "x2": 2.742681075197962, "x3": 4.18257294139348e-13, "x4": 0.8752510443840813, "x5": 2.8800998391259465, "x6": 6.791172215402109, "x7": 2.1196567359538814, "x8": 1.9927785453289426, "x9": 1.4482261907510805}, "datetime": {"datetime": "2025-05-16 05:31:09", "elapsed": 1792.877915, "delta": 7.133419}}
{"target": 60.025640554710044, "params": {"x0": 0.8100003749190512, "x1": 2.024135764540304, "x2": 2.742681075177995, "x3": 1.1460706814190132e-11, "x4": 0.875251044391639, "x5": 2.880099839091892, "x6": 6.791172214890226, "x7": 2.119656736226895, "x8": 1.992778545329656, "x9": 1.4482261907556644}, "datetime": {"datetime": "2025-05-16 05:31:17", "elapsed": 1800.142275, "delta": 7.26436}}
{"target": 60.025640554710044, "params": {"x0": 0.8100003749223192, "x1": 2.024135764543391, "x2": 2.7426810751883393, "x3": 1.407557346790889e-11, "x4": 0.8752510444125968, "x5": 2.880099839103042, "x6": 6.791172215049707, "x7": 2.1196567366716508, "x8": 1.9927785453303035, "x9": 1.4482261907524066}, "datetime": {"datetime": "2025-05-16 05:31:24", "elapsed": 1807.169731, "delta": 7.027456}}
{"target": 60.025640554710044, "params": {"x0": 0.810000374937102, "x1": 2.02413576455055, "x2": 2.742681075162183, "x3": 6.957302866249617e-12, "x4": 0.8752510444293877, "x5": 2.880099839079845, "x6": 6.791172214858638, "x7": 2.1196567369306543, "x8": 1.9927785453334068, "x9": 1.4482261907548015}, "datetime": {"datetime": "2025-05-16 05:31:31", "elapsed": 1814.557972, "delta": 7.388241}}
{"target": 60.025640554710044, "params": {"x0": 0.8100003749326051, "x1": 2.024135764542129, "x2": 2.74268107517354, "x3": 3.8806360974737356e-12, "x4": 0.8752510444520845, "x5": 2.880099839105713, "x6": 6.791172213259614, "x7": 2.119656737047413, "x8": 1.9927785453303877, "x9": 1.4482261907544598}, "datetime": {"datetime": "2025-05-16 05:31:39", "elapsed": 1822.457132, "delta": 7.89916}}
{"target": 60.025640554710044, "params": {"x0": 0.8100003749437694, "x1": 2.0241357645632907, "x2": 2.742681075172677, "x3": 1.8100025282741176e-12, "x4": 0.8752510444357569, "x5": 2.88009983909246, "x6": 6.791172214637617, "x7": 2.119656737364548, "x8": 1.9927785453313795, "x9": 1.4482261907525984}, "datetime": {"datetime": "2025-05-16 05:31:46", "elapsed": 1829.552777, "delta": 7.095645}}
{"target": 60.025640554710044, "params": {"x0": 0.8100003749349222, "x1": 2.0241357645564637, "x2": 2.7426810751663986, "x3": 5.758463718085658e-13, "x4": 0.8752510444404925, "x5": 2.8800998390925825, "x6": 6.7911722135313415, "x7": 2.1196567379978486, "x8": 1.9927785453300764, "x9": 1.4482261907530845}, "datetime": {"datetime": "2025-05-16 05:31:53", "elapsed": 1836.966039, "delta": 7.413262}}
{"target": 60.025640554710044, "params": {"x0": 0.8100003749284784, "x1": 2.024135764553602, "x2": 2.7426810751740587, "x3": 5.0696133338516064e-14, "x4": 0.8752510444427678, "x5": 2.880099839104554, "x6": 6.791172214749623, "x7": 2.119656737776652, "x8": 1.9927785453328584, "x9": 1.4482261907548353}, "datetime": {"datetime": "2025-05-16 05:32:01", "elapsed": 1844.384673, "delta": 7.418634}}
{"target": 60.025640554710044, "params": {"x0": 0.8100003749412438, "x1": 2.024135764547951, "x2": 2.742681075186787, "x3": 6.230669588499766e-12, "x4": 0.875251044450712, "x5": 2.880099839103202, "x6": 6.791172214192051, "x7": 2.1196567378537554, "x8": 1.9927785453317137, "x9": 1.448226190752687}, "datetime": {"datetime": "2025-05-16 05:32:08", "elapsed": 1851.663053, "delta": 7.27838}}
{"target": 60.025640554710044, "params": {"x0": 0.8100003749402436, "x1": 2.0241357645551887, "x2": 2.7426810751759936, "x3": 1.394344013353742e-12, "x4": 0.8752510444514661, "x5": 2.8800998391008084, "x6": 6.791172213613351, "x7": 2.119656737938547, "x8": 1.9927785453315245, "x9": 1.4482261907546}, "datetime": {"datetime": "2025-05-16 05:32:16", "elapsed": 1859.321723, "delta": 7.65867}}
{"target": 60.025640554710044, "params": {"x0": 0.8100003749369803, "x1": 2.0241357645477973, "x2": 2.7426810751807453, "x3": 4.198711532762398e-12, "x4": 0.875251044452987, "x5": 2.880099839139897, "x6": 6.791172214481326, "x7": 2.1196567380810354, "x8": 1.992778545332272, "x9": 1.4482261907526797}, "datetime": {"datetime": "2025-05-16 05:32:23", "elapsed": 1866.264724, "delta": 6.943001}}
{"target": 60.025640554710044, "params": {"x0": 0.8100003749288993, "x1": 2.0241357645496683, "x2": 2.7426810751792696, "x3": 9.194294299470022e-13, "x4": 0.8752510444684866, "x5": 2.880099839134162, "x6": 6.791172213863141, "x7": 2.1196567382077, "x8": 1.9927785453309341, "x9": 1.448226190753346}, "datetime": {"datetime": "2025-05-16 05:32:30", "elapsed": 1873.666266, "delta": 7.401542}}
{"target": 60.025640554710044, "params": {"x0": 0.8100003749334107, "x1": 2.0241357645518785, "x2": 2.742681075172581, "x3": 5.759909191047129e-13, "x4": 0.8752510444726671, "x5": 2.880099839129902, "x6": 6.791172213953494, "x7": 2.119656738348806, "x8": 1.992778545331408, "x9": 1.4482261907541694}, "datetime": {"datetime": "2025-05-16 05:32:37", "elapsed": 1880.76189, "delta": 7.095624}}
{"target": 60.025640554710044, "params": {"x0": 0.8100003749305895, "x1": 2.0241357645509828, "x2": 2.7426810751747723, "x3": 4.1169435416151796e-12, "x4": 0.8752510444758971, "x5": 2.880099839114612, "x6": 6.791172214372687, "x7": 2.119656738498109, "x8": 1.9927785453312479, "x9": 1.4482261907531393}, "datetime": {"datetime": "2025-05-16 05:32:46", "elapsed": 1889.13071, "delta": 8.36882}}
{"target": 60.025640554710044, "params": {"x0": 0.8100003749286404, "x1": 2.0241357645492326, "x2": 2.7426810751772064, "x3": 1.1342256475216738e-12, "x4": 0.8752510445012802, "x5": 2.880099839111891, "x6": 6.791172214296332, "x7": 2.119656738465045, "x8": 1.9927785453320164, "x9": 1.4482261907531488}, "datetime": {"datetime": "2025-05-16 05:32:53", "elapsed": 1896.13062, "delta": 6.99991}}
{"target": 60.025640554710044, "params": {"x0": 0.8100003749365441, "x1": 2.0241357645544893, "x2": 2.742681075173798, "x3": 1.3479689578641019e-13, "x4": 0.875251044472641, "x5": 2.880099839119002, "x6": 6.7911722142626045, "x7": 2.119656738529052, "x8": 1.9927785453321611, "x9": 1.448226190753553}, "datetime": {"datetime": "2025-05-16 05:32:59", "elapsed": 1903.006001, "delta": 6.875381}}
{"target": 60.025640554710044, "params": {"x0": 0.8100003749314016, "x1": 2.024135764551139, "x2": 2.7426810751759936, "x3": 1.1126816578895039e-12, "x4": 0.8752510445027066, "x5": 2.880099839117762, "x6": 6.7911722142451705, "x7": 2.119656738617595, "x8": 1.9927785453316642, "x9": 1.4482261907533194}, "datetime": {"datetime": "2025-05-16 05:33:07", "elapsed": 1910.543141, "delta": 7.53714}}
{"target": 60.025640554710044, "params": {"x0": 0.8100003749303711, "x1": 2.024135764551805, "x2": 2.7426810751830146, "x3": 2.308875042999175e-12, "x4": 0.8752510444776683, "x5": 2.8800998391141697, "x6": 6.791172213911349, "x7": 2.1196567387932035, "x8": 1.9927785453322366, "x9": 1.4482261907537723}, "datetime": {"datetime": "2025-05-16 05:33:14", "elapsed": 1917.910918, "delta": 7.367777}}
{"target": 60.025640554710044, "params": {"x0": 0.8100003749319509, "x1": 2.0241357645521356, "x2": 2.742681075180706, "x3": 2.627449478427122e-12, "x4": 0.8752510444771523, "x5": 2.880099839118679, "x6": 6.791172214061079, "x7": 2.1196567387905922, "x8": 1.9927785453313007, "x9": 1.4482261907538725}, "datetime": {"datetime": "2025-05-16 05:33:22", "elapsed": 1925.022724, "delta": 7.111806}}
{"target": 60.025640554710044, "params": {"x0": 0.810000374934018, "x1": 2.0241357645525135, "x2": 2.7426810751797817, "x3": 1.8968009715298766e-14, "x4": 0.8752510445026854, "x5": 2.88009983912897, "x6": 6.791172213933786, "x7": 2.1196567391307637, "x8": 1.9927785453320317, "x9": 1.4482261907531948}, "datetime": {"datetime": "2025-05-16 05:33:29", "elapsed": 1932.309673, "delta": 7.286949}}
{"target": 60.025640554710044, "params": {"x0": 0.8100003749342549, "x1": 2.0241357645520606, "x2": 2.742681075175844, "x3": 1.3433227376099457e-12, "x4": 0.8752510445049753, "x5": 2.8800998391192123, "x6": 6.7911722142069495, "x7": 2.1196567388908534, "x8": 1.9927785453320213, "x9": 1.448226190753528}, "datetime": {"datetime": "2025-05-16 05:33:36", "elapsed": 1939.557197, "delta": 7.247524}}
{"target": 60.025640554710044, "params": {"x0": 0.8100003749318886, "x1": 2.0241357645502593, "x2": 2.742681075180336, "x3": 1.0726922784222015e-12, "x4": 0.8752510444833338, "x5": 2.880099839122309, "x6": 6.7911722140082444, "x7": 2.119656738948337, "x8": 1.9927785453314786, "x9": 1.448226190753586}, "datetime": {"datetime": "2025-05-16 05:33:44", "elapsed": 1947.160269, "delta": 7.603072}}
{"target": 60.025640554710044, "params": {"x0": 0.8100003749351244, "x1": 2.0241357645529403, "x2": 2.7426810751765927, "x3": 8.996789156621721e-13, "x4": 0.8752510444908405, "x5": 2.8800998391167676, "x6": 6.791172214010441, "x7": 2.1196567389944927, "x8": 1.9927785453317859, "x9": 1.4482261907537077}, "datetime": {"datetime": "2025-05-16 05:33:51", "elapsed": 1954.561892, "delta": 7.401623}}
{"target": 60.025640554710044, "params": {"x0": 0.810000374932713, "x1": 2.024135764551202, "x2": 2.742681075176951, "x3": 7.5645441965773e-13, "x4": 0.8752510444907713, "x5": 2.880099839126971, "x6": 6.791172214186851, "x7": 2.119656738928004, "x8": 1.9927785453317972, "x9": 1.4482261907537142}, "datetime": {"datetime": "2025-05-16 05:33:59", "elapsed": 1962.273057, "delta": 7.711165}}
{"target": 60.025640554710044, "params": {"x0": 0.8100003749323613, "x1": 2.024135764551503, "x2": 2.7426810751762383, "x3": 1.4778629705449896e-12, "x4": 0.8752510444881424, "x5": 2.880099839121909, "x6": 6.791172214100457, "x7": 2.119656739058805, "x8": 1.992778545331974, "x9": 1.4482261907534841}, "datetime": {"datetime": "2025-05-16 05:34:06", "elapsed": 1969.28868, "delta": 7.015623}}
{"target": 60.025640554710044, "params": {"x0": 0.8100003749321635, "x1": 2.0241357645529403, "x2": 2.7426810751801938, "x3": 5.924374453269086e-13, "x4": 0.875251044485406, "x5": 2.8800998391206405, "x6": 6.791172214134141, "x7": 2.119656738989464, "x8": 1.992778545331953, "x9": 1.448226190753333}, "datetime": {"datetime": "2025-05-16 05:34:13", "elapsed": 1977.007717, "delta": 7.719037}}
{"target": 60.025640554710044, "params": {"x0": 0.8100003749339231, "x1": 2.0241357645520655, "x2": 2.7426810751791786, "x3": 8.862091888587166e-13, "x4": 0.8752510444963065, "x5": 2.8800998391218298, "x6": 6.7911722140805155, "x7": 2.1196567391316767, "x8": 1.9927785453315823, "x9": 1.4482261907535463}, "datetime": {"datetime": "2025-05-16 05:34:21", "elapsed": 1984.114102, "delta": 7.106385}}
{"target": 60.025640554710044, "params": {"x0": 0.8100003749338703, "x1": 2.0241357645531535, "x2": 2.742681075179868, "x3": 4.629282065058828e-13, "x4": 0.8752510444896745, "x5": 2.8800998391224413, "x6": 6.791172214005212, "x7": 2.1196567390972114, "x8": 1.9927785453317486, "x9": 1.4482261907534209}, "datetime": {"datetime": "2025-05-16 05:34:28", "elapsed": 1991.550784, "delta": 7.436682}}
{"target": 60.025640554710044, "params": {"x0": 0.8100003749326521, "x1": 2.0241357645518008, "x2": 2.742681075179275, "x3": 8.197129917065636e-13, "x4": 0.8752510444893976, "x5": 2.8800998391205876, "x6": 6.791172214022621, "x7": 2.119656739048094, "x8": 1.992778545331874, "x9": 1.4482261907535845}, "datetime": {"datetime": "2025-05-16 05:34:36", "elapsed": 1999.131219, "delta": 7.580435}}
{"target": 60.025640554710044, "params": {"x0": 0.8100003749340772, "x1": 2.0241357645518843, "x2": 2.7426810751787776, "x3": 4.774469204941252e-13, "x4": 0.8752510444882863, "x5": 2.88009983912351, "x6": 6.791172214145357, "x7": 2.1196567390610697, "x8": 1.9927785453316735, "x9": 1.4482261907536402}, "datetime": {"datetime": "2025-05-16 05:34:43", "elapsed": 2006.204297, "delta": 7.073078}}
{"target": 60.025640554710044, "params": {"x0": 0.8100003749337472, "x1": 2.0241357645519784, "x2": 2.7426810751793274, "x3": 6.226563841750547e-13, "x4": 0.8752510444958264, "x5": 2.8800998391201524, "x6": 6.791172214058378, "x7": 2.1196567391099883, "x8": 1.9927785453316966, "x9": 1.4482261907535707}, "datetime": {"datetime": "2025-05-16 05:34:49", "elapsed": 2012.996791, "delta": 6.792494}}
{"target": 60.025640554710044, "params": {"x0": 0.8100003749330031, "x1": 2.0241357645523452, "x2": 2.7426810751788984, "x3": 7.111177326018184e-13, "x4": 0.8752510444883268, "x5": 2.8800998391211774, "x6": 6.791172214121984, "x7": 2.1196567391922816, "x8": 1.9927785453317906, "x9": 1.4482261907534966}, "datetime": {"datetime": "2025-05-16 05:34:56", "elapsed": 2019.988549, "delta": 6.991758}}
{"target": 60.025640554710044, "params": {"x0": 0.8100003749335023, "x1": 2.024135764552729, "x2": 2.742681075178733, "x3": 3.270826171436895e-14, "x4": 0.8752510444896912, "x5": 2.8800998391223818, "x6": 6.791172214073437, "x7": 2.1196567391647148, "x8": 1.992778545331811, "x9": 1.4482261907536196}, "datetime": {"datetime": "2025-05-16 05:35:05", "elapsed": 2028.028966, "delta": 8.040417}}
{"target": 60.025640554710044, "params": {"x0": 0.8100003749339937, "x1": 2.0241357645525326, "x2": 2.7426810751790494, "x3": 3.3027933944697415e-13, "x4": 0.8752510444929998, "x5": 2.8800998391213226, "x6": 6.79117221406469, "x7": 2.119656739259767, "x8": 1.9927785453316629, "x9": 1.4482261907534537}, "datetime": {"datetime": "2025-05-16 05:35:12", "elapsed": 2035.533785, "delta": 7.504819}}
{"target": 60.025640554710044, "params": {"x0": 0.8100003749332768, "x1": 2.024135764552632, "x2": 2.742681075179047, "x3": 1.1124476062229511e-13, "x4": 0.8752510444940607, "x5": 2.8800998391212542, "x6": 6.791172214073244, "x7": 2.119656739146806, "x8": 1.9927785453317088, "x9": 1.4482261907535012}, "datetime": {"datetime": "2025-05-16 05:35:20", "elapsed": 2043.146582, "delta": 7.612797}}
{"target": 60.025640554710044, "params": {"x0": 0.8100003749337022, "x1": 2.0241357645520592, "x2": 2.7426810751782296, "x3": 2.088178249107405e-13, "x4": 0.8752510444942451, "x5": 2.880099839121388, "x6": 6.791172214102719, "x7": 2.1196567392139993, "x8": 1.9927785453316806, "x9": 1.4482261907535066}, "datetime": {"datetime": "2025-05-16 05:35:27", "elapsed": 2050.90346, "delta": 7.756878}}
{"target": 60.025640554710044, "params": {"x0": 0.810000374933736, "x1": 2.0241357645520393, "x2": 2.742681075178002, "x3": 2.8422589930252705e-13, "x4": 0.8752510444900158, "x5": 2.880099839122977, "x6": 6.791172214108356, "x7": 2.1196567392420778, "x8": 1.9927785453318028, "x9": 1.4482261907535205}, "datetime": {"datetime": "2025-05-16 05:35:35", "elapsed": 2058.592483, "delta": 7.689023}}
{"target": 60.025640554710044, "params": {"x0": 0.8100003749331367, "x1": 2.0241357645523257, "x2": 2.7426810751786133, "x3": 2.435745137214149e-13, "x4": 0.8752510444919396, "x5": 2.880099839121652, "x6": 6.791172214105193, "x7": 2.1196567391485774, "x8": 1.9927785453317652, "x9": 1.4482261907535532}, "datetime": {"datetime": "2025-05-16 05:35:43", "elapsed": 2066.311804, "delta": 7.719321}}
{"target": 60.025640554710044, "params": {"x0": 0.8100003749330164, "x1": 2.024135764552234, "x2": 2.742681075178413, "x3": 3.4119281465168897e-13, "x4": 0.875251044492703, "x5": 2.880099839122357, "x6": 6.791172214092082, "x7": 2.1196567392718033, "x8": 1.9927785453316968, "x9": 1.4482261907535192}, "datetime": {"datetime": "2025-05-16 05:35:50", "elapsed": 2073.616248, "delta": 7.304444}}
{"target": 60.025640554710044, "params": {"x0": 0.8100003749332425, "x1": 2.0241357645521614, "x2": 2.742681075178414, "x3": 3.0504324962421897e-13, "x4": 0.875251044490638, "x5": 2.8800998391213195, "x6": 6.791172214064957, "x7": 2.119656739245636, "x8": 1.9927785453317883, "x9": 1.448226190753486}, "datetime": {"datetime": "2025-05-16 05:35:58", "elapsed": 2081.059514, "delta": 7.443266}}
{"target": 60.025640554710044, "params": {"x0": 0.810000374933673, "x1": 2.024135764552175, "x2": 2.7426810751784565, "x3": 1.8399149522195855e-13, "x4": 0.8752510444918262, "x5": 2.8800998391215216, "x6": 6.791172214082925, "x7": 2.1196567392014476, "x8": 1.9927785453317282, "x9": 1.4482261907535119}, "datetime": {"datetime": "2025-05-16 05:36:05", "elapsed": 2088.512072, "delta": 7.452558}}
{"target": 60.025640554710044, "params": {"x0": 0.8100003749332296, "x1": 2.0241357645520366, "x2": 2.742681075178226, "x3": 5.809145366651641e-14, "x4": 0.8752510444915238, "x5": 2.8800998391211885, "x6": 6.791172214100336, "x7": 2.119656739205157, "x8": 1.9927785453317743, "x9": 1.4482261907534901}, "datetime": {"datetime": "2025-05-16 05:36:13", "elapsed": 2096.778681, "delta": 8.266609}}
{"target": 60.025640554710044, "params": {"x0": 0.8100003749332977, "x1": 2.024135764552137, "x2": 2.7426810751786355, "x3": 1.2640395998866874e-13, "x4": 0.8752510444925173, "x5": 2.8800998391215793, "x6": 6.79117221407381, "x7": 2.1196567391861865, "x8": 1.9927785453317617, "x9": 1.4482261907535288}, "datetime": {"datetime": "2025-05-16 05:36:21", "elapsed": 2104.284048, "delta": 7.505367}}
{"target": 60.025640554710044, "params": {"x0": 0.8100003749333697, "x1": 2.0241357645523035, "x2": 2.7426810751784667, "x3": 1.9025673620704423e-13, "x4": 0.8752510444922611, "x5": 2.8800998391221286, "x6": 6.791172214070309, "x7": 2.1196567392226755, "x8": 1.9927785453317615, "x9": 1.448226190753544}, "datetime": {"datetime": "2025-05-16 05:36:28", "elapsed": 2111.834579, "delta": 7.550531}}
{"target": 60.025640554710044, "params": {"x0": 0.8100003749331819, "x1": 2.0241357645520837, "x2": 2.742681075178661, "x3": 3.41090218758955e-14, "x4": 0.8752510444930428, "x5": 2.8800998391213124, "x6": 6.791172214082243, "x7": 2.1196567391884775, "x8": 1.9927785453317752, "x9": 1.4482261907535217}, "datetime": {"datetime": "2025-05-16 05:36:36", "elapsed": 2119.138619, "delta": 7.30404}}
{"target": 60.025640554710044, "params": {"x0": 0.8100003749334688, "x1": 2.0241357645522293, "x2": 2.742681075178288, "x3": 1.532868662350017e-13, "x4": 0.8752510444917576, "x5": 2.880099839121669, "x6": 6.791172214085166, "x7": 2.1196567392127292, "x8": 1.992778545331727, "x9": 1.448226190753508}, "datetime": {"datetime": "2025-05-16 05:36:44", "elapsed": 2127.036399, "delta": 7.89778}}
{"target": 60.025640554710044, "params": {"x0": 0.8100003749333523, "x1": 2.0241357645522804, "x2": 2.74268107517857, "x3": 2.1793961360188804e-14, "x4": 0.8752510444918077, "x5": 2.880099839121955, "x6": 6.791172214084883, "x7": 2.119656739196759, "x8": 1.9927785453317404, "x9": 1.4482261907535463}, "datetime": {"datetime": "2025-05-16 05:36:51", "elapsed": 2134.221995, "delta": 7.185596}}
