{"target": 60.025640554710044, "params": {"x0": 0.810000374933391, "x1": 2.024135764552232, "x2": 2.742681075178454, "x3": 2.5910010031046247e-64, "x4": 0.8752510444924038, "x5": 2.8800998391217534, "x6": 6.791172214084907, "x7": 2.119656739214783, "x8": 1.9927785453317515, "x9": 1.448226190753526}, "datetime": {"datetime": "2025-05-16 14:21:05", "elapsed": 33588.410535, "delta": 77.51436}}
{"target": 60.025640554710044, "params": {"x0": 0.810000374933391, "x1": 2.024135764552232, "x2": 2.742681075178454, "x3": 1.3891552690650311e-64, "x4": 0.8752510444924038, "x5": 2.8800998391217534, "x6": 6.791172214084907, "x7": 2.119656739214783, "x8": 1.9927785453317515, "x9": 1.448226190753526}, "datetime": {"datetime": "2025-05-16 14:22:18", "elapsed": 33661.760581, "delta": 73.350046}}
{"target": 60.025640554710044, "params": {"x0": 0.810000374933391, "x1": 2.024135764552232, "x2": 2.742681075178454, "x3": 8.633151867614574e-65, "x4": 0.8752510444924038, "x5": 2.8800998391217534, "x6": 6.791172214084907, "x7": 2.119656739214783, "x8": 1.9927785453317515, "x9": 1.448226190753526}, "datetime": {"datetime": "2025-05-16 14:23:17", "elapsed": 33720.053753, "delta": 58.293172}}
{"target": 60.025640554710044, "params": {"x0": 0.810000374933391, "x1": 2.024135764552232, "x2": 2.742681075178454, "x3": 3.723167079135364e-65, "x4": 0.8752510444924038, "x5": 2.8800998391217534, "x6": 6.791172214084907, "x7": 2.119656739214783, "x8": 1.9927785453317515, "x9": 1.448226190753526}, "datetime": {"datetime": "2025-05-16 14:24:27", "elapsed": 33790.784179, "delta": 70.730426}}
{"target": 60.025640554710044, "params": {"x0": 0.810000374933391, "x1": 2.024135764552232, "x2": 2.742681075178454, "x3": 2.331003471729021e-64, "x4": 0.8752510444924038, "x5": 2.8800998391217534, "x6": 6.791172214084907, "x7": 2.119656739214783, "x8": 1.9927785453317515, "x9": 1.448226190753526}, "datetime": {"datetime": "2025-05-16 14:25:28", "elapsed": 33851.499354, "delta": 60.715175}}
{"target": 60.025640554710044, "params": {"x0": 0.810000374933391, "x1": 2.024135764552232, "x2": 2.742681075178454, "x3": 2.4069460209465952e-64, "x4": 0.8752510444924038, "x5": 2.8800998391217534, "x6": 6.791172214084907, "x7": 2.119656739214783, "x8": 1.9927785453317515, "x9": 1.448226190753526}, "datetime": {"datetime": "2025-05-16 14:26:32", "elapsed": 33915.591964, "delta": 64.09261}}
{"target": 60.025640554710044, "params": {"x0": 0.810000374933391, "x1": 2.024135764552232, "x2": 2.742681075178454, "x3": 1.4958329487991745e-64, "x4": 0.8752510444924038, "x5": 2.8800998391217534, "x6": 6.791172214084907, "x7": 2.119656739214783, "x8": 1.9927785453317515, "x9": 1.448226190753526}, "datetime": {"datetime": "2025-05-16 14:27:44", "elapsed": 33987.84831, "delta": 72.256346}}
{"target": 60.025640554710044, "params": {"x0": 0.810000374933391, "x1": 2.024135764552232, "x2": 2.742681075178454, "x3": 8.549004615695207e-65, "x4": 0.8752510444924038, "x5": 2.8800998391217534, "x6": 6.791172214084907, "x7": 2.119656739214783, "x8": 1.9927785453317515, "x9": 1.448226190753526}, "datetime": {"datetime": "2025-05-16 14:28:36", "elapsed": 34039.570099, "delta": 51.721789}}
{"target": 60.025640554710044, "params": {"x0": 0.810000374933391, "x1": 2.024135764552232, "x2": 2.742681075178454, "x3": 9.33348900820238e-65, "x4": 0.8752510444924038, "x5": 2.8800998391217534, "x6": 6.791172214084907, "x7": 2.119656739214783, "x8": 1.9927785453317515, "x9": 1.448226190753526}, "datetime": {"datetime": "2025-05-16 14:29:33", "elapsed": 34096.762389, "delta": 57.19229}}
{"target": 60.025640554710044, "params": {"x0": 0.810000374933391, "x1": 2.024135764552232, "x2": 2.742681075178454, "x3": 3.447291668245845e-65, "x4": 0.8752510444924038, "x5": 2.8800998391217534, "x6": 6.791172214084907, "x7": 2.119656739214783, "x8": 1.9927785453317515, "x9": 1.448226190753526}, "datetime": {"datetime": "2025-05-16 14:30:51", "elapsed": 34174.857378, "delta": 78.094989}}
{"target": 60.025640554710044, "params": {"x0": 0.810000374933391, "x1": 2.024135764552232, "x2": 2.742681075178454, "x3": 1.5679090389845063e-64, "x4": 0.8752510444924038, "x5": 2.8800998391217534, "x6": 6.791172214084907, "x7": 2.119656739214783, "x8": 1.9927785453317515, "x9": 1.448226190753526}, "datetime": {"datetime": "2025-05-16 14:31:58", "elapsed": 34241.747096, "delta": 66.889718}}
{"target": 60.025640554710044, "params": {"x0": 0.810000374933391, "x1": 2.024135764552232, "x2": 2.742681075178454, "x3": 7.307768636374121e-65, "x4": 0.8752510444924038, "x5": 2.8800998391217534, "x6": 6.791172214084907, "x7": 2.119656739214783, "x8": 1.9927785453317515, "x9": 1.448226190753526}, "datetime": {"datetime": "2025-05-16 14:32:56", "elapsed": 34299.925413, "delta": 58.178317}}
{"target": 60.025640554710044, "params": {"x0": 0.810000374933391, "x1": 2.024135764552232, "x2": 2.742681075178454, "x3": 3.962382280216717e-66, "x4": 0.8752510444924038, "x5": 2.8800998391217534, "x6": 6.791172214084907, "x7": 2.119656739214783, "x8": 1.9927785453317515, "x9": 1.448226190753526}, "datetime": {"datetime": "2025-05-16 14:33:50", "elapsed": 34353.598897, "delta": 53.673484}}
{"target": 60.025640554710044, "params": {"x0": 0.810000374933391, "x1": 2.024135764552232, "x2": 2.742681075178454, "x3": 9.794324422872245e-65, "x4": 0.8752510444924038, "x5": 2.8800998391217534, "x6": 6.791172214084907, "x7": 2.119656739214783, "x8": 1.9927785453317515, "x9": 1.448226190753526}, "datetime": {"datetime": "2025-05-16 14:34:34", "elapsed": 34397.450044, "delta": 43.851147}}
{"target": 60.025640554710044, "params": {"x0": 0.810000374933391, "x1": 2.024135764552232, "x2": 2.742681075178454, "x3": 1.3089100500146452e-65, "x4": 0.8752510444924038, "x5": 2.8800998391217534, "x6": 6.791172214084907, "x7": 2.119656739214783, "x8": 1.9927785453317515, "x9": 1.448226190753526}, "datetime": {"datetime": "2025-05-16 14:35:25", "elapsed": 34448.211916, "delta": 50.761872}}
{"target": 60.025640554710044, "params": {"x0": 0.810000374933391, "x1": 2.024135764552232, "x2": 2.742681075178454, "x3": 2.95333214991644e-65, "x4": 0.8752510444924038, "x5": 2.8800998391217534, "x6": 6.791172214084907, "x7": 2.119656739214783, "x8": 1.9927785453317515, "x9": 1.448226190753526}, "datetime": {"datetime": "2025-05-16 14:36:20", "elapsed": 34503.404967, "delta": 55.193051}}
{"target": 60.025640554710044, "params": {"x0": 0.810000374933391, "x1": 2.024135764552232, "x2": 2.742681075178454, "x3": 1.5732248036007087e-65, "x4": 0.8752510444924038, "x5": 2.8800998391217534, "x6": 6.791172214084907, "x7": 2.119656739214783, "x8": 1.9927785453317515, "x9": 1.448226190753526}, "datetime": {"datetime": "2025-05-16 14:37:33", "elapsed": 34576.409083, "delta": 73.004116}}
{"target": 60.025640554710044, "params": {"x0": 0.810000374933391, "x1": 2.024135764552232, "x2": 2.742681075178454, "x3": 4.333654526136771e-65, "x4": 0.8752510444924038, "x5": 2.8800998391217534, "x6": 6.791172214084907, "x7": 2.119656739214783, "x8": 1.9927785453317515, "x9": 1.448226190753526}, "datetime": {"datetime": "2025-05-16 14:38:37", "elapsed": 34640.014272, "delta": 63.605189}}
{"target": 60.025640554710044, "params": {"x0": 0.810000374933391, "x1": 2.024135764552232, "x2": 2.742681075178454, "x3": 5.635881424417177e-65, "x4": 0.8752510444924038, "x5": 2.8800998391217534, "x6": 6.791172214084907, "x7": 2.119656739214783, "x8": 1.9927785453317515, "x9": 1.448226190753526}, "datetime": {"datetime": "2025-05-16 14:39:38", "elapsed": 34701.879308, "delta": 61.865036}}
{"target": 60.025640554710044, "params": {"x0": 0.810000374933391, "x1": 2.024135764552232, "x2": 2.742681075178454, "x3": 1.0841737701220496e-65, "x4": 0.8752510444924038, "x5": 2.8800998391217534, "x6": 6.791172214084907, "x7": 2.119656739214783, "x8": 1.9927785453317515, "x9": 1.448226190753526}, "datetime": {"datetime": "2025-05-16 14:40:53", "elapsed": 34776.341161, "delta": 74.461853}}
{"target": 60.025640554710044, "params": {"x0": 0.810000374933391, "x1": 2.024135764552232, "x2": 2.742681075178454, "x3": 9.031954265380127e-66, "x4": 0.8752510444924038, "x5": 2.8800998391217534, "x6": 6.791172214084907, "x7": 2.119656739214783, "x8": 1.9927785453317515, "x9": 1.448226190753526}, "datetime": {"datetime": "2025-05-16 14:42:29", "elapsed": 34872.284741, "delta": 95.94358}}
{"target": 60.025640554710044, "params": {"x0": 0.810000374933391, "x1": 2.024135764552232, "x2": 2.742681075178454, "x3": 5.083797893554156e-65, "x4": 0.8752510444924038, "x5": 2.8800998391217534, "x6": 6.791172214084907, "x7": 2.119656739214783, "x8": 1.9927785453317515, "x9": 1.448226190753526}, "datetime": {"datetime": "2025-05-16 14:43:38", "elapsed": 34941.319515, "delta": 69.034774}}
{"target": 60.025640554710044, "params": {"x0": 0.810000374933391, "x1": 2.024135764552232, "x2": 2.742681075178454, "x3": 3.646909492763079e-65, "x4": 0.8752510444924038, "x5": 2.8800998391217534, "x6": 6.791172214084907, "x7": 2.119656739214783, "x8": 1.9927785453317515, "x9": 1.448226190753526}, "datetime": {"datetime": "2025-05-16 14:45:05", "elapsed": 35028.672945, "delta": 87.35343}}
{"target": 60.025640554710044, "params": {"x0": 0.810000374933391, "x1": 2.024135764552232, "x2": 2.742681075178454, "x3": 1.8256366900144223e-65, "x4": 0.8752510444924038, "x5": 2.8800998391217534, "x6": 6.791172214084907, "x7": 2.119656739214783, "x8": 1.9927785453317515, "x9": 1.448226190753526}, "datetime": {"datetime": "2025-05-16 14:46:11", "elapsed": 35094.23632, "delta": 65.563375}}
{"target": 60.025640554710044, "params": {"x0": 0.810000374933391, "x1": 2.024135764552232, "x2": 2.742681075178454, "x3": 1.5261827645296631e-65, "x4": 0.8752510444924038, "x5": 2.8800998391217534, "x6": 6.791172214084907, "x7": 2.119656739214783, "x8": 1.9927785453317515, "x9": 1.448226190753526}, "datetime": {"datetime": "2025-05-16 14:47:07", "elapsed": 35150.101187, "delta": 55.864867}}
{"target": 60.025640554710044, "params": {"x0": 0.810000374933391, "x1": 2.024135764552232, "x2": 2.742681075178454, "x3": 2.636913366405866e-65, "x4": 0.8752510444924038, "x5": 2.8800998391217534, "x6": 6.791172214084907, "x7": 2.119656739214783, "x8": 1.9927785453317515, "x9": 1.448226190753526}, "datetime": {"datetime": "2025-05-16 14:47:50", "elapsed": 35193.078042, "delta": 42.976855}}
{"target": 60.025640554710044, "params": {"x0": 0.810000374933391, "x1": 2.024135764552232, "x2": 2.742681075178454, "x3": 4.757580643749177e-67, "x4": 0.8752510444924038, "x5": 2.8800998391217534, "x6": 6.791172214084907, "x7": 2.119656739214783, "x8": 1.9927785453317515, "x9": 1.448226190753526}, "datetime": {"datetime": "2025-05-16 14:49:04", "elapsed": 35267.824269, "delta": 74.746227}}
{"target": 60.025640554710044, "params": {"x0": 0.810000374933391, "x1": 2.024135764552232, "x2": 2.742681075178454, "x3": 1.3392557977709446e-65, "x4": 0.8752510444924038, "x5": 2.8800998391217534, "x6": 6.791172214084907, "x7": 2.119656739214783, "x8": 1.9927785453317515, "x9": 1.448226190753526}, "datetime": {"datetime": "2025-05-16 14:50:13", "elapsed": 35336.166371, "delta": 68.342102}}
{"target": 60.025640554710044, "params": {"x0": 0.810000374933391, "x1": 2.024135764552232, "x2": 2.742681075178454, "x3": 7.760433970458202e-66, "x4": 0.8752510444924038, "x5": 2.8800998391217534, "x6": 6.791172214084907, "x7": 2.119656739214783, "x8": 1.9927785453317515, "x9": 1.448226190753526}, "datetime": {"datetime": "2025-05-16 14:51:02", "elapsed": 35385.070225, "delta": 48.903854}}
{"target": 60.025640554710044, "params": {"x0": 0.810000374933391, "x1": 2.024135764552232, "x2": 2.742681075178454, "x3": 6.706728582818558e-66, "x4": 0.8752510444924038, "x5": 2.8800998391217534, "x6": 6.791172214084907, "x7": 2.119656739214783, "x8": 1.9927785453317515, "x9": 1.448226190753526}, "datetime": {"datetime": "2025-05-16 14:51:48", "elapsed": 35431.059133, "delta": 45.988908}}
{"target": 60.025640554710044, "params": {"x0": 0.810000374933391, "x1": 2.024135764552232, "x2": 2.742681075178454, "x3": 1.8954850153262408e-66, "x4": 0.8752510444924038, "x5": 2.8800998391217534, "x6": 6.791172214084907, "x7": 2.119656739214783, "x8": 1.9927785453317515, "x9": 1.448226190753526}, "datetime": {"datetime": "2025-05-16 14:52:57", "elapsed": 35500.295431, "delta": 69.236298}}
{"target": 60.025640554710044, "params": {"x0": 0.810000374933391, "x1": 2.024135764552232, "x2": 2.742681075178454, "x3": 1.7048662617653137e-65, "x4": 0.8752510444924038, "x5": 2.8800998391217534, "x6": 6.791172214084907, "x7": 2.119656739214783, "x8": 1.9927785453317515, "x9": 1.448226190753526}, "datetime": {"datetime": "2025-05-16 14:53:53", "elapsed": 35556.789086, "delta": 56.493655}}
{"target": 60.025640554710044, "params": {"x0": 0.810000374933391, "x1": 2.024135764552232, "x2": 2.742681075178454, "x3": 1.262270901271465e-65, "x4": 0.8752510444924038, "x5": 2.8800998391217534, "x6": 6.791172214084907, "x7": 2.119656739214783, "x8": 1.9927785453317515, "x9": 1.448226190753526}, "datetime": {"datetime": "2025-05-16 14:55:06", "elapsed": 35629.709748, "delta": 72.920662}}
{"target": 60.025640554710044, "params": {"x0": 0.810000374933391, "x1": 2.024135764552232, "x2": 2.742681075178454, "x3": 9.180576912328204e-66, "x4": 0.8752510444924038, "x5": 2.8800998391217534, "x6": 6.791172214084907, "x7": 2.119656739214783, "x8": 1.9927785453317515, "x9": 1.448226190753526}, "datetime": {"datetime": "2025-05-16 14:56:09", "elapsed": 35693.006422, "delta": 63.296674}}
{"target": 60.025640554710044, "params": {"x0": 0.810000374933391, "x1": 2.024135764552232, "x2": 2.742681075178454, "x3": 3.617036405579966e-66, "x4": 0.8752510444924038, "x5": 2.8800998391217534, "x6": 6.791172214084907, "x7": 2.119656739214783, "x8": 1.9927785453317515, "x9": 1.448226190753526}, "datetime": {"datetime": "2025-05-16 14:57:11", "elapsed": 35754.672302, "delta": 61.66588}}
{"target": 60.025640554710044, "params": {"x0": 0.810000374933391, "x1": 2.024135764552232, "x2": 2.742681075178454, "x3": 2.7237191490763585e-66, "x4": 0.8752510444924038, "x5": 2.8800998391217534, "x6": 6.791172214084907, "x7": 2.119656739214783, "x8": 1.9927785453317515, "x9": 1.448226190753526}, "datetime": {"datetime": "2025-05-16 14:58:21", "elapsed": 35824.65244, "delta": 69.980138}}
{"target": 60.025640554710044, "params": {"x0": 0.810000374933391, "x1": 2.024135764552232, "x2": 2.742681075178454, "x3": 8.674678692596853e-66, "x4": 0.8752510444924038, "x5": 2.8800998391217534, "x6": 6.791172214084907, "x7": 2.119656739214783, "x8": 1.9927785453317515, "x9": 1.448226190753526}, "datetime": {"datetime": "2025-05-16 14:59:28", "elapsed": 35892.003034, "delta": 67.350594}}
{"target": 60.025640554710044, "params": {"x0": 0.810000374933391, "x1": 2.024135764552232, "x2": 2.742681075178454, "x3": 3.132245244632672e-66, "x4": 0.8752510444924038, "x5": 2.8800998391217534, "x6": 6.791172214084907, "x7": 2.119656739214783, "x8": 1.9927785453317515, "x9": 1.448226190753526}, "datetime": {"datetime": "2025-05-16 15:00:41", "elapsed": 35964.922913, "delta": 72.919879}}
{"target": 60.025640554710044, "params": {"x0": 0.810000374933391, "x1": 2.024135764552232, "x2": 2.742681075178454, "x3": 3.7733413228063784e-66, "x4": 0.8752510444924038, "x5": 2.8800998391217534, "x6": 6.791172214084907, "x7": 2.119656739214783, "x8": 1.9927785453317515, "x9": 1.448226190753526}, "datetime": {"datetime": "2025-05-16 15:01:47", "elapsed": 36030.922784, "delta": 65.999871}}
{"target": 60.025640554710044, "params": {"x0": 0.810000374933391, "x1": 2.024135764552232, "x2": 2.742681075178454, "x3": 3.8058895959114787e-66, "x4": 0.8752510444924038, "x5": 2.8800998391217534, "x6": 6.791172214084907, "x7": 2.119656739214783, "x8": 1.9927785453317515, "x9": 1.448226190753526}, "datetime": {"datetime": "2025-05-16 15:02:52", "elapsed": 36095.847148, "delta": 64.924364}}
{"target": 60.025640554710044, "params": {"x0": 0.810000374933391, "x1": 2.024135764552232, "x2": 2.742681075178454, "x3": 6.920123875252919e-66, "x4": 0.8752510444924038, "x5": 2.8800998391217534, "x6": 6.791172214084907, "x7": 2.119656739214783, "x8": 1.9927785453317515, "x9": 1.448226190753526}, "datetime": {"datetime": "2025-05-16 15:03:53", "elapsed": 36156.990669, "delta": 61.143521}}
{"target": 60.025640554710044, "params": {"x0": 0.810000374933391, "x1": 2.024135764552232, "x2": 2.742681075178454, "x3": 2.9126429451883296e-66, "x4": 0.8752510444924038, "x5": 2.8800998391217534, "x6": 6.791172214084907, "x7": 2.119656739214783, "x8": 1.9927785453317515, "x9": 1.448226190753526}, "datetime": {"datetime": "2025-05-16 15:05:21", "elapsed": 36244.622894, "delta": 87.632225}}
{"target": 60.025640554710044, "params": {"x0": 0.810000374933391, "x1": 2.024135764552232, "x2": 2.742681075178454, "x3": 4.442055489806546e-67, "x4": 0.8752510444924038, "x5": 2.8800998391217534, "x6": 6.791172214084907, "x7": 2.119656739214783, "x8": 1.9927785453317515, "x9": 1.448226190753526}, "datetime": {"datetime": "2025-05-16 15:06:19", "elapsed": 36302.754957, "delta": 58.132063}}
{"target": 60.025640554710044, "params": {"x0": 0.810000374933391, "x1": 2.024135764552232, "x2": 2.742681075178454, "x3": 8.796988876971545e-67, "x4": 0.8752510444924038, "x5": 2.8800998391217534, "x6": 6.791172214084907, "x7": 2.119656739214783, "x8": 1.9927785453317515, "x9": 1.448226190753526}, "datetime": {"datetime": "2025-05-16 15:07:28", "elapsed": 36371.302106, "delta": 68.547149}}
{"target": 60.025640554710044, "params": {"x0": 0.810000374933391, "x1": 2.024135764552232, "x2": 2.742681075178454, "x3": 3.5716882613464417e-66, "x4": 0.8752510444924038, "x5": 2.8800998391217534, "x6": 6.791172214084907, "x7": 2.119656739214783, "x8": 1.9927785453317515, "x9": 1.448226190753526}, "datetime": {"datetime": "2025-05-16 15:08:20", "elapsed": 36423.131819, "delta": 51.829713}}
{"target": 60.025640554710044, "params": {"x0": 0.810000374933391, "x1": 2.024135764552232, "x2": 2.742681075178454, "x3": 2.07618709615277e-66, "x4": 0.8752510444924038, "x5": 2.8800998391217534, "x6": 6.791172214084907, "x7": 2.119656739214783, "x8": 1.9927785453317515, "x9": 1.448226190753526}, "datetime": {"datetime": "2025-05-16 15:09:13", "elapsed": 36476.494435, "delta": 53.362616}}
{"target": 60.025640554710044, "params": {"x0": 0.810000374933391, "x1": 2.024135764552232, "x2": 2.742681075178454, "x3": 1.9443596276057396e-66, "x4": 0.8752510444924038, "x5": 2.8800998391217534, "x6": 6.791172214084907, "x7": 2.119656739214783, "x8": 1.9927785453317515, "x9": 1.448226190753526}, "datetime": {"datetime": "2025-05-16 15:10:27", "elapsed": 36550.243194, "delta": 73.748759}}
{"target": 60.025640554710044, "params": {"x0": 0.810000374933391, "x1": 2.024135764552232, "x2": 2.742681075178454, "x3": 2.737009857298464e-66, "x4": 0.8752510444924038, "x5": 2.8800998391217534, "x6": 6.791172214084907, "x7": 2.119656739214783, "x8": 1.9927785453317515, "x9": 1.448226190753526}, "datetime": {"datetime": "2025-05-16 15:11:43", "elapsed": 36626.750644, "delta": 76.50745}}
{"target": 60.025640554710044, "params": {"x0": 0.810000374933391, "x1": 2.024135764552232, "x2": 2.742681075178454, "x3": 2.0518941301690722e-66, "x4": 0.8752510444924038, "x5": 2.8800998391217534, "x6": 6.791172214084907, "x7": 2.119656739214783, "x8": 1.9927785453317515, "x9": 1.448226190753526}, "datetime": {"datetime": "2025-05-16 15:12:33", "elapsed": 36676.427617, "delta": 49.676973}}
{"target": 60.025640554710044, "params": {"x0": 0.810000374933391, "x1": 2.024135764552232, "x2": 2.742681075178454, "x3": 1.5166267157471288e-66, "x4": 0.8752510444924038, "x5": 2.8800998391217534, "x6": 6.791172214084907, "x7": 2.119656739214783, "x8": 1.9927785453317515, "x9": 1.448226190753526}, "datetime": {"datetime": "2025-05-16 15:13:42", "elapsed": 36745.68092, "delta": 69.253303}}
{"target": 60.025640554710044, "params": {"x0": 0.810000374933391, "x1": 2.024135764552232, "x2": 2.742681075178454, "x3": 1.5461615927591215e-66, "x4": 0.8752510444924038, "x5": 2.8800998391217534, "x6": 6.791172214084907, "x7": 2.119656739214783, "x8": 1.9927785453317515, "x9": 1.448226190753526}, "datetime": {"datetime": "2025-05-16 15:14:58", "elapsed": 36821.748998, "delta": 76.068078}}
{"target": 60.025640554710044, "params": {"x0": 0.810000374933391, "x1": 2.024135764552232, "x2": 2.742681075178454, "x3": 3.5433986200858384e-67, "x4": 0.8752510444924038, "x5": 2.8800998391217534, "x6": 6.791172214084907, "x7": 2.119656739214783, "x8": 1.9927785453317515, "x9": 1.448226190753526}, "datetime": {"datetime": "2025-05-16 15:16:16", "elapsed": 36899.240851, "delta": 77.491853}}
{"target": 60.025640554710044, "params": {"x0": 0.810000374933391, "x1": 2.024135764552232, "x2": 2.742681075178454, "x3": 1.577623302702866e-66, "x4": 0.8752510444924038, "x5": 2.8800998391217534, "x6": 6.791172214084907, "x7": 2.119656739214783, "x8": 1.9927785453317515, "x9": 1.448226190753526}, "datetime": {"datetime": "2025-05-16 15:17:14", "elapsed": 36957.71891, "delta": 58.478059}}
{"target": 60.025640554710044, "params": {"x0": 0.810000374933391, "x1": 2.024135764552232, "x2": 2.742681075178454, "x3": 1.3761408229562317e-66, "x4": 0.8752510444924038, "x5": 2.8800998391217534, "x6": 6.791172214084907, "x7": 2.119656739214783, "x8": 1.9927785453317515, "x9": 1.448226190753526}, "datetime": {"datetime": "2025-05-16 15:18:18", "elapsed": 37021.744273, "delta": 64.025363}}
{"target": 60.025640554710044, "params": {"x0": 0.810000374933391, "x1": 2.024135764552232, "x2": 2.742681075178454, "x3": 1.8964175167358413e-67, "x4": 0.8752510444924038, "x5": 2.8800998391217534, "x6": 6.791172214084907, "x7": 2.119656739214783, "x8": 1.9927785453317515, "x9": 1.448226190753526}, "datetime": {"datetime": "2025-05-16 15:19:17", "elapsed": 37080.234882, "delta": 58.490609}}
