{"target": 23.389020903439704, "params": {"x0": 0.8088531812852808, "x1": 0.9191447941595704, "x2": 0.01955315685862585, "x3": 7.308126030757126, "x4": 9.853885156478315, "x5": 11.253774466134509, "x6": 9.622684621108043, "x7": -0.4623666725312951, "x8": 0.1999088488517933, "x9": 1.084198906891348}, "datetime": {"datetime": "2025-05-08 16:42:19", "elapsed": 863.336236, "delta": 15.447304}}
{"target": 25.324373128300692, "params": {"x0": 0.8, "x1": 0.9, "x2": 0.0, "x3": 6.444168557159867, "x4": 10.0, "x5": 11.485570908297271, "x6": 9.25541421966411, "x7": 0.0, "x8": 0.1, "x9": 1.0}, "datetime": {"datetime": "2025-05-08 16:42:34", "elapsed": 878.2193, "delta": 14.883064}}
{"target": 37.11222356309405, "params": {"x0": 0.8, "x1": 1.6481656927335009, "x2": 0.0, "x3": 6.793849797302848, "x4": 10.0, "x5": 10.980353919169605, "x6": 9.664114916323538, "x7": 0.0, "x8": 0.1, "x9": 1.0}, "datetime": {"datetime": "2025-05-08 16:42:49", "elapsed": 893.229757, "delta": 15.010457}}
{"target": 43.68251648384866, "params": {"x0": 0.8, "x1": 1.9558809676334457, "x2": 0.6640425899792508, "x3": 6.810398987340963, "x4": 10.0, "x5": 10.91811756998552, "x6": 9.632845282071028, "x7": 0.0, "x8": 0.1, "x9": 1.0}, "datetime": {"datetime": "2025-05-08 16:43:05", "elapsed": 908.549291, "delta": 15.319534}}
{"target": 43.35056451219829, "params": {"x0": 0.8, "x1": 2.5068614139761203, "x2": 0.7147499704706998, "x3": 7.083234801608864, "x4": 10.0, "x5": 10.431238174219919, "x6": 9.334096347343893, "x7": 0.0, "x8": 0.1, "x9": 1.0}, "datetime": {"datetime": "2025-05-08 16:43:20", "elapsed": 924.109652, "delta": 15.560361}}
{"target": 30.916559042691713, "params": {"x0": 0.8, "x1": 2.943551745024548, "x2": 0.9828695859943422, "x3": 7.035105686558626, "x4": 10.0, "x5": 11.0534568457916, "x6": 10.16755361577659, "x7": 0.0, "x8": 0.1, "x9": 1.0}, "datetime": {"datetime": "2025-05-08 16:43:36", "elapsed": 939.888459, "delta": 15.778807}}
{"target": 47.78727308456292, "params": {"x0": 0.8, "x1": 2.057239814202628, "x2": 0.9844826699387171, "x3": 6.828086401286102, "x4": 9.183101791035181, "x5": 10.531081169899045, "x6": 9.127765635540909, "x7": 0.0, "x8": 0.1, "x9": 1.0}, "datetime": {"datetime": "2025-05-08 16:43:52", "elapsed": 955.575705, "delta": 15.687246}}
{"target": 40.641245467138006, "params": {"x0": 0.8, "x1": 1.8497415356728941, "x2": 1.7968888677797912, "x3": 6.970448054498059, "x4": 9.786864693084004, "x5": 10.381227897043791, "x6": 8.649325525749488, "x7": 0.0, "x8": 0.1, "x9": 1.0}, "datetime": {"datetime": "2025-05-08 16:44:07", "elapsed": 971.443278, "delta": 15.867573}}
{"target": 21.384133871872486, "params": {"x0": 0.8, "x1": 1.7957345596568102, "x2": 1.238245532028125, "x3": 7.287019528048591, "x4": 9.177148681484198, "x5": 9.720550971811166, "x6": 9.721080822852741, "x7": 0.0, "x8": 0.1, "x9": 1.0}, "datetime": {"datetime": "2025-05-08 16:44:23", "elapsed": 987.087034, "delta": 15.643756}}
{"target": 52.15790001975159, "params": {"x0": 0.8, "x1": 2.6601170299317314, "x2": 0.9679921918424312, "x3": 6.453582321036333, "x4": 9.480743756995102, "x5": 11.060177442812162, "x6": 8.425669668716957, "x7": 0.0, "x8": 0.1, "x9": 1.0}, "datetime": {"datetime": "2025-05-08 16:44:39", "elapsed": 1002.823656, "delta": 15.736622}}
{"target": 43.87015390040456, "params": {"x0": 0.831350741226359, "x1": 2.4783367166683927, "x2": 0.779778283972911, "x3": 7.215363552586017, "x4": 9.000253910486153, "x5": 11.038041429917827, "x6": 8.031147621813032, "x7": 0.0, "x8": 0.1, "x9": 1.0}, "datetime": {"datetime": "2025-05-08 16:44:54", "elapsed": 1018.508331, "delta": 15.684675}}
{"target": 49.46191810970928, "params": {"x0": 0.8, "x1": 2.664141756599578, "x2": 1.1250593085761451, "x3": 6.353267187420752, "x4": 9.312102174182538, "x5": 10.796276468224073, "x6": 8.60498019140756, "x7": -1.02244898631845, "x8": 0.1, "x9": 1.0}, "datetime": {"datetime": "2025-05-08 16:45:10", "elapsed": 1033.72469, "delta": 15.216359}}
{"target": 15.541790172676455, "params": {"x0": 0.8253941003933508, "x1": 3.109205070471295, "x2": 1.0966942242816604, "x3": 5.836539523481088, "x4": 8.86355210025514, "x5": 10.165547997311096, "x6": 8.195622751546429, "x7": 0.0, "x8": 0.1, "x9": 1.0}, "datetime": {"datetime": "2025-05-08 16:45:25", "elapsed": 1049.179355, "delta": 15.454665}}
{"target": 72.69334299740453, "params": {"x0": 0.8, "x1": 2.469193232085619, "x2": 1.4658666566218768, "x3": 6.89613335911338, "x4": 9.539903811146278, "x5": 11.688459969301134, "x6": 8.68940306188479, "x7": -0.6043887686851157, "x8": 0.1, "x9": 1.0}, "datetime": {"datetime": "2025-05-08 16:45:40", "elapsed": 1063.760798, "delta": 14.581443}}
{"target": 62.778121017642746, "params": {"x0": 0.8, "x1": 2.4445083092543913, "x2": 1.93608054355846, "x3": 6.641286415273571, "x4": 9.123222194456641, "x5": 12.333414713472822, "x6": 8.619588934369252, "x7": -0.6864475293164709, "x8": 0.1, "x9": 1.0}, "datetime": {"datetime": "2025-05-08 16:45:55", "elapsed": 1079.284846, "delta": 15.524048}}
{"target": 66.8174754492444, "params": {"x0": 0.8, "x1": 2.851251958978639, "x2": 1.67535605469994, "x3": 7.24338824614516, "x4": 9.987174326472907, "x5": 12.100018226733471, "x6": 8.271558496495329, "x7": -1.0569655296772595, "x8": 0.1, "x9": 1.0}, "datetime": {"datetime": "2025-05-08 16:46:10", "elapsed": 1094.271437, "delta": 14.986591}}
{"target": 43.5052763960179, "params": {"x0": 0.8, "x1": 2.6552292994427833, "x2": 1.8467399050405093, "x3": 7.2830518215472555, "x4": 9.942447274940244, "x5": 12.210627421552996, "x6": 8.573125281930972, "x7": -0.00824683173470811, "x8": 0.18108662619346688, "x9": 1.0}, "datetime": {"datetime": "2025-05-08 16:46:26", "elapsed": 1110.017044, "delta": 15.745607}}
{"target": 60.58387018438669, "params": {"x0": 0.8, "x1": 2.7623892871490194, "x2": 1.1230807330451076, "x3": 7.127416928021295, "x4": 9.246244896944685, "x5": 12.173367812898382, "x6": 8.823904817282768, "x7": -1.3379616161925134, "x8": 0.1, "x9": 1.0}, "datetime": {"datetime": "2025-05-08 16:46:42", "elapsed": 1125.845838, "delta": 15.828794}}
{"target": 42.934103034115836, "params": {"x0": 0.8, "x1": 2.1906724201806074, "x2": 1.5694837975413567, "x3": 6.582729404541941, "x4": 9.86596401681939, "x5": 11.924745839701918, "x6": 8.168410516967397, "x7": -1.2646043314417734, "x8": 0.1, "x9": 1.0}, "datetime": {"datetime": "2025-05-08 16:46:57", "elapsed": 1141.218865, "delta": 15.373027}}
{"target": 53.751614471310354, "params": {"x0": 0.8, "x1": 2.7198619628001293, "x2": 1.7435232547190598, "x3": 7.178196918227675, "x4": 9.246449626040476, "x5": 11.443749681873383, "x6": 8.804497694003365, "x7": -0.9574800316830949, "x8": 0.1, "x9": 1.0}, "datetime": {"datetime": "2025-05-08 16:47:13", "elapsed": 1157.259544, "delta": 16.040679}}
{"target": 94.64341242683368, "params": {"x0": 0.8109313275467857, "x1": 2.6947950897286783, "x2": 1.215975718334412, "x3": 6.642276155910514, "x4": 9.764179490742196, "x5": 12.20820914753227, "x6": 9.021823008280217, "x7": -0.6931114850479092, "x8": 0.1, "x9": 1.0}, "datetime": {"datetime": "2025-05-08 16:47:27", "elapsed": 1171.19846, "delta": 13.938916}}
{"target": 94.18425086099226, "params": {"x0": 0.8202229559615534, "x1": 2.886556668725279, "x2": 1.4283830158787572, "x3": 6.426497533188078, "x4": 9.990663596698099, "x5": 12.591557509724133, "x6": 9.40956638770399, "x7": -0.9586555589338869, "x8": 0.1, "x9": 1.0}, "datetime": {"datetime": "2025-05-08 16:47:42", "elapsed": 1186.431385, "delta": 15.232925}}
{"target": 86.79043049290237, "params": {"x0": 0.8192937931200767, "x1": 2.867380510825619, "x2": 1.0248091505445014, "x3": 6.448075395460322, "x4": 9.560343795381883, "x5": 12.614303980956748, "x6": 9.424094925268406, "x7": -0.47502395004859416, "x8": 0.1, "x9": 1.0}, "datetime": {"datetime": "2025-05-08 16:47:58", "elapsed": 1201.707696, "delta": 15.276311}}
{"target": 70.8705925197458, "params": {"x0": 0.8184575465627475, "x1": 2.850121968715925, "x2": 1.0439258073234925, "x3": 6.467495471505341, "x4": 9.947631616566477, "x5": 12.5736944976143, "x6": 8.788451401574687, "x7": -0.7963013502511174, "x8": 0.1, "x9": 1.024351885076453}, "datetime": {"datetime": "2025-05-08 16:48:13", "elapsed": 1216.788282, "delta": 15.080586}}
{"target": 103.65322953480361, "params": {"x0": 0.8177049246611513, "x1": 2.8345892808172, "x2": 1.3708206382442396, "x3": 6.484973539945858, "x4": 9.890351569727772, "x5": 11.879489053317222, "x6": 9.35663913700885, "x7": -0.917422179895238, "x8": 0.1, "x9": 1.0}, "datetime": {"datetime": "2025-05-08 16:48:28", "elapsed": 1231.902256, "delta": 15.113974}}
{"target": 81.06481883343585, "params": {"x0": 0.8234624822083622, "x1": 2.7157642183919566, "x2": 1.5024388201675931, "x3": 6.3512663163759004, "x4": 9.748063951759383, "x5": 12.11058353851429, "x6": 9.641232846428188, "x7": -0.6315258169831558, "x8": 0.1, "x9": 1.0}, "datetime": {"datetime": "2025-05-08 16:48:42", "elapsed": 1246.408572, "delta": 14.506316}}
{"target": 123.97285449811487, "params": {"x0": 0.8125231228686616, "x1": 2.941531836999919, "x2": 1.2523642745132215, "x3": 6.60531004115882, "x4": 10.0, "x5": 12.095679543687208, "x6": 9.612773475486254, "x7": -1.1889098560862934, "x8": 0.12827315833410985, "x9": 1.0}, "datetime": {"datetime": "2025-05-08 16:48:58", "elapsed": 1261.943083, "delta": 15.534511}}
{"target": 107.52980971639231, "params": {"x0": 0.8081185913450453, "x1": 3.0324330097552306, "x2": 1.151676365341856, "x3": 6.707596067189837, "x4": 10.0, "x5": 11.880007293832596, "x6": 9.830487663192047, "x7": -1.4196743808486905, "x8": 0.15230534291810321, "x9": 1.0}, "datetime": {"datetime": "2025-05-08 16:49:13", "elapsed": 1276.89177, "delta": 14.948687}}
{"target": 100.37257526897528, "params": {"x0": 0.8085590444974069, "x1": 3.0233428924796995, "x2": 1.1617451562589927, "x3": 6.697367464586735, "x4": 10.0, "x5": 12.289784568556358, "x6": 9.757472535663812, "x7": -0.981221783800136, "x8": 0.14990212445970388, "x9": 1.0143795446187949}, "datetime": {"datetime": "2025-05-08 16:49:28", "elapsed": 1292.261401, "delta": 15.369631}}
{"target": 111.2081232568974, "params": {"x0": 0.8089554523345324, "x1": 2.867901887068117, "x2": 1.1708070680844156, "x3": 6.522458360073696, "x4": 9.911085855276966, "x5": 12.199302002635767, "x6": 9.43642498344456, "x7": -1.3758291211438352, "x8": 0.14773922784714447, "x9": 1.0}, "datetime": {"datetime": "2025-05-08 16:49:44", "elapsed": 1307.698561, "delta": 15.43716}}
{"target": 127.02409974805917, "params": {"x0": 0.8157340263493779, "x1": 3.007798791938541, "x2": 1.3257657602991468, "x3": 6.679876554135431, "x4": 10.0, "x5": 11.988211332318944, "x6": 9.45405983264873, "x7": -1.357137194638081, "x8": 0.11075369577237869, "x9": 1.0}, "datetime": {"datetime": "2025-05-08 16:49:59", "elapsed": 1323.363626, "delta": 15.665065}}
{"target": 103.38252223937039, "params": {"x0": 0.8184632943079867, "x1": 2.9514718802407125, "x2": 1.3881570232171834, "x3": 6.7432580901655506, "x4": 10.0, "x5": 12.124340484880141, "x6": 9.588966429060624, "x7": -1.3973757930357615, "x8": 0.1, "x9": 1.0}, "datetime": {"datetime": "2025-05-08 16:50:15", "elapsed": 1338.646041, "delta": 15.282415}}
{"target": 121.04230607341646, "params": {"x0": 0.8132776851866299, "x1": 3.058493012466587, "x2": 1.2696136236729139, "x3": 6.736919936562539, "x4": 10.0, "x5": 11.865695095013866, "x6": 9.332643895878023, "x7": -1.2284432806459635, "x8": 0.12415608463210302, "x9": 1.0}, "datetime": {"datetime": "2025-05-08 16:50:30", "elapsed": 1353.62817, "delta": 14.982129}}
{"target": 129.15768713623993, "params": {"x0": 0.8135233193029047, "x1": 3.0534235904137823, "x2": 1.3763026832627565, "x3": 6.628537509951034, "x4": 9.941663429647217, "x5": 11.877946718744374, "x6": 9.563334175742364, "x7": -1.2733927040939053, "x8": 0.1, "x9": 1.0084909773019521}, "datetime": {"datetime": "2025-05-08 16:50:45", "elapsed": 1368.719715, "delta": 15.091545}}
{"target": 129.8759189486779, "params": {"x0": 0.8116442183134025, "x1": 3.0922046691177374, "x2": 1.3333462987436884, "x3": 6.584899322394296, "x4": 9.991249514447084, "x5": 11.784221797205989, "x6": 9.470450984112775, "x7": -1.3734475499003116, "x8": 0.1, "x9": 1.0012736465952927}, "datetime": {"datetime": "2025-05-08 16:51:00", "elapsed": 1383.531593, "delta": 14.811878}}
{"target": 117.30281902247852, "params": {"x0": 0.8135233193029047, "x1": 3.1309857478216925, "x2": 1.3032768295803407, "x3": 6.5412611348375584, "x4": 10.0, "x5": 11.877946718744374, "x6": 9.52010830469021, "x7": -1.3011625932947288, "x8": 0.10928642516898202, "x9": 1.0}, "datetime": {"datetime": "2025-05-08 16:51:15", "elapsed": 1398.816208, "delta": 15.284615}}
{"target": 137.5556035949494, "params": {"x0": 0.8133354092039544, "x1": 3.057301698284178, "x2": 1.3062837764966755, "x3": 6.62417369119536, "x4": 9.960010281023168, "x5": 11.699869367821442, "x6": 9.528967394839416, "x7": -1.438504010845336, "x8": 0.1083577826520838, "x9": 1.005820564940488}, "datetime": {"datetime": "2025-05-08 16:51:30", "elapsed": 1414.093047, "delta": 15.276839}}
{"target": 140.0563917701321, "params": {"x0": 0.8118978969469852, "x1": 3.0276341730756524, "x2": 1.3292869204066364, "x3": 6.657556904676265, "x4": 9.93345693261284, "x5": 11.628169802844578, "x6": 9.47922844572177, "x7": -1.4938020026486067, "x8": 0.11546189790635504, "x9": 1.0096854455339042}, "datetime": {"datetime": "2025-05-08 16:51:45", "elapsed": 1429.416911, "delta": 15.323864}}
{"target": 131.26440080549, "params": {"x0": 0.8108916383671068, "x1": 2.997966647867127, "x2": 1.345389121143609, "x3": 6.69094011815717, "x4": 9.960010281023168, "x5": 11.556470237867714, "x6": 9.51404571010412, "x7": -1.438504010845336, "x8": 0.1083577826520838, "x9": 1.0135503261273202}, "datetime": {"datetime": "2025-05-08 16:52:01", "elapsed": 1444.667855, "delta": 15.250944}}
{"target": 141.97543696530207, "params": {"x0": 0.8109922642250946, "x1": 3.0009334003879795, "x2": 1.314794939743361, "x3": 6.627512012543451, "x4": 9.909558919043544, "x5": 11.692699411323757, "x6": 9.447892907777653, "x7": -1.5435701952715504, "x8": 0.10906819417751093, "x9": 1.0131638380679786}, "datetime": {"datetime": "2025-05-08 16:52:16", "elapsed": 1460.453471, "delta": 15.785616}}
{"target": 138.24386837950166, "params": {"x0": 0.8102224764114876, "x1": 3.0236290571725015, "x2": 1.3024767561795767, "x3": 6.653050170856343, "x4": 9.889245607509643, "x5": 11.747549578531057, "x6": 9.421257700525155, "x7": -1.501267231542048, "x8": 0.11450284234702843, "x9": 1.0102072044140153}, "datetime": {"datetime": "2025-05-08 16:52:31", "elapsed": 1474.786406, "delta": 14.332935}}
{"target": 142.2117203526108, "params": {"x0": 0.811685073257341, "x1": 2.9805073092819097, "x2": 1.3258813049507667, "x3": 6.604527670061849, "x4": 9.891276938663033, "x5": 11.643334260837186, "x6": 9.471864594304902, "x7": -1.5054975279149985, "x8": 0.11395937753007668, "x9": 1.0105028677794117}, "datetime": {"datetime": "2025-05-08 16:52:46", "elapsed": 1490.460208, "delta": 15.673802}}
{"target": 141.50290105676044, "params": {"x0": 0.8110961855799316, "x1": 2.997869486722069, "x2": 1.3353047153770616, "x3": 6.5849909789524865, "x4": 9.8757372553396, "x5": 11.685294638750772, "x6": 9.492240527853063, "x7": -1.5378592951680676, "x8": 0.11811688337975756, "x9": 1.0082410430341298}, "datetime": {"datetime": "2025-05-08 16:53:02", "elapsed": 1505.643571, "delta": 15.183363}}
{"target": 139.91914601840756, "params": {"x0": 0.8122150721670094, "x1": 2.964881349585766, "x2": 1.3343623743344322, "x3": 6.622110692060275, "x4": 9.905262653654123, "x5": 11.681098600959412, "x6": 9.490202934498248, "x7": -1.5081566241731426, "x8": 0.11770113279478947, "x9": 1.008467225508658}, "datetime": {"datetime": "2025-05-08 16:53:17", "elapsed": 1521.372732, "delta": 15.729161}}
{"target": 142.99396339395304, "params": {"x0": 0.8121620722760425, "x1": 2.9945706730084387, "x2": 1.3182483425054679, "x3": 6.588702950263265, "x4": 9.903864082155014, "x5": 11.609346354727181, "x6": 9.455360088130892, "x7": -1.5317105593899845, "x8": 0.1173269572683182, "x9": 1.01233494582309}, "datetime": {"datetime": "2025-05-08 16:53:33", "elapsed": 1536.957939, "delta": 15.585207}}
{"target": 144.9691155003769, "params": {"x0": 0.8125675214419389, "x1": 3.0065245321759884, "x2": 1.3117603244269638, "x3": 6.602153962092061, "x4": 9.893165010186829, "x5": 11.580456634533677, "x6": 9.469388918378801, "x7": -1.5539916361437225, "x8": 0.11446451449081291, "x9": 1.0107776794859633}, "datetime": {"datetime": "2025-05-08 16:53:48", "elapsed": 1552.273435, "delta": 15.315496}}
{"target": 145.6892632389492, "params": {"x0": 0.8129729706078352, "x1": 3.018478391343538, "x2": 1.3182483425054679, "x3": 6.592738253811904, "x4": 9.8856756598091, "x5": 11.551566914340173, "x6": 9.459568737205265, "x7": -1.5762727128974605, "x8": 0.11246080454655921, "x9": 1.011867765921952}, "datetime": {"datetime": "2025-05-08 16:54:04", "elapsed": 1567.88135, "delta": 15.607915}}
{"target": 144.23184709111854, "params": {"x0": 0.8133784197737316, "x1": 3.0304322505110877, "x2": 1.313706729850515, "x3": 6.586147258015793, "x4": 9.878186309431372, "x5": 11.580456634533677, "x6": 9.46644286402674, "x7": -1.5985537896511985, "x8": 0.11045709460230552, "x9": 1.012630826427144}, "datetime": {"datetime": "2025-05-08 16:54:19", "elapsed": 1583.376711, "delta": 15.495361}}
{"target": 145.81257659546847, "params": {"x0": 0.8126080663585286, "x1": 3.0292368645943326, "x2": 1.3141608911160103, "x3": 6.598670150028402, "x4": 9.878935244469144, "x5": 11.52556616616602, "x6": 9.453382023065936, "x7": -1.5562197438190963, "x8": 0.11065746559673088, "x9": 1.011181011467279}, "datetime": {"datetime": "2025-05-08 16:54:35", "elapsed": 1599.063951, "delta": 15.68724}}
{"target": 147.24395191800733, "params": {"x0": 0.8122978977466179, "x1": 3.020092162331157, "x2": 1.3106865574349715, "x3": 6.603712261812427, "x4": 9.873205891430182, "x5": 11.503465530217989, "x6": 9.448123316047507, "x7": -1.5732647675357059, "x8": 0.1091246274893768, "x9": 1.010597270180807}, "datetime": {"datetime": "2025-05-08 16:54:50", "elapsed": 1614.466465, "delta": 15.402514}}
{"target": 147.66290859462356, "params": {"x0": 0.8119877291347072, "x1": 3.013690870746934, "x2": 1.3072122237539328, "x3": 6.598670150028402, "x4": 9.878935244469144, "x5": 11.481364894269959, "x6": 9.453382023065936, "x7": -1.5851962841373326, "x8": 0.10759178938202273, "x9": 1.010013528894335}, "datetime": {"datetime": "2025-05-08 16:55:06", "elapsed": 1629.657426, "delta": 15.190961}}
{"target": 149.09178944615286, "params": {"x0": 0.8122978977466179, "x1": 3.0072895791627112, "x2": 1.3106865574349715, "x3": 6.602199628277219, "x4": 9.87492469734187, "x5": 11.459264258321928, "x6": 9.449700928153035, "x7": -1.5971278007389593, "x8": 0.10605895127466865, "x9": 1.009429787607863}, "datetime": {"datetime": "2025-05-08 16:55:21", "elapsed": 1645.231845, "delta": 15.574419}}
{"target": 149.88374108530783, "params": {"x0": 0.8120807797182804, "x1": 3.0008882875784884, "x2": 1.3131185910116987, "x3": 6.604670263051391, "x4": 9.872117314352778, "x5": 11.437163622373898, "x6": 9.452277694592066, "x7": -1.609059317340586, "x8": 0.10452611316731457, "x9": 1.010013528894335}, "datetime": {"datetime": "2025-05-08 16:55:37", "elapsed": 1660.983082, "delta": 15.751237}}
{"target": 149.9311683609516, "params": {"x0": 0.8122327623381167, "x1": 2.9944869959942655, "x2": 1.3155506245884259, "x3": 6.607140897825563, "x4": 9.869309931363686, "x5": 11.415062986425868, "x6": 9.450473958084745, "x7": -1.5971278007389593, "x8": 0.10299327505996049, "x9": 1.0096049099938047}, "datetime": {"datetime": "2025-05-08 16:55:53", "elapsed": 1676.782041, "delta": 15.798959}}
{"target": 149.30984035988618, "params": {"x0": 0.8123391501720021, "x1": 2.9880857044100426, "x2": 1.317982658165153, "x3": 6.609611532599734, "x4": 9.866502548374594, "x5": 11.437163622373898, "x6": 9.44921134252962, "x7": -1.605479862360098, "x8": 0.10146043695260641, "x9": 1.0093188767634333}, "datetime": {"datetime": "2025-05-08 16:56:08", "elapsed": 1691.796676, "delta": 15.014635}}
{"target": 150.88232487836154, "params": {"x0": 0.8123285113886135, "x1": 3.000248158420066, "x2": 1.3177394548074803, "x3": 6.609364469122317, "x4": 9.871836576053868, "x5": 11.39517241407264, "x6": 9.449337604085132, "x7": -1.6046446561979841, "x8": 0.10161372076334182, "x9": 1.0093474800864706}, "datetime": {"datetime": "2025-05-08 16:56:23", "elapsed": 1706.917754, "delta": 15.121078}}
{"target": 151.60084404270395, "params": {"x0": 0.8124098980815359, "x1": 3.0051451464819965, "x2": 1.3158789491212841, "x3": 6.607474433520076, "x4": 9.869688928067212, "x5": 11.378265427572396, "x6": 9.448371703185462, "x7": -1.6110339833381553, "x8": 0.10278634191546769, "x9": 1.0091286646652367}, "datetime": {"datetime": "2025-05-08 16:56:38", "elapsed": 1722.301602, "delta": 15.383848}}
{"target": 152.01793240466333, "params": {"x0": 0.8124912847744582, "x1": 3.010042134543927, "x2": 1.3171813031016215, "x3": 6.608797458441645, "x4": 9.871192281657871, "x5": 11.361358441072152, "x6": 9.447405802285791, "x7": -1.6174233104783264, "x8": 0.1036071767219558, "x9": 1.0093474800864706}, "datetime": {"datetime": "2025-05-08 16:56:54", "elapsed": 1737.88826, "delta": 15.586658}}
{"target": 151.98941198374197, "params": {"x0": 0.8125726714673805, "x1": 3.0149391226058575, "x2": 1.3180929508878578, "x3": 6.6097235758867425, "x4": 9.87013993414441, "x5": 11.378265427572396, "x6": 9.446439901386121, "x7": -1.6238126376184976, "x8": 0.1044280115284439, "x9": 1.0091943092916067}, "datetime": {"datetime": "2025-05-08 16:57:07", "elapsed": 1750.705495, "delta": 12.817235}}
