{"target": 157.0715487144307, "params": {"x0": 0.8132777211520672, "x1": 3.0062634703634004, "x2": 1.3132531951861341, "x3": 6.609941706913855, "x4": 9.873880221529138, "x5": 11.197986901511998, "x6": 9.449283327387638, "x7": -1.6438766129985423, "x8": 0.1066948508804232, "x9": 1.007867396774373}, "datetime": {"datetime": "2025-05-08 17:41:43", "elapsed": 4426.617017, "delta": 14.909984}}
{"target": 157.0715487144307, "params": {"x0": 0.8132777211535014, "x1": 3.006263470349061, "x2": 1.3132531951910427, "x3": 6.609941706906269, "x4": 9.873880221569435, "x5": 11.19798690154032, "x6": 9.449283327402316, "x7": -1.6438766129380176, "x8": 0.10669485087896159, "x9": 1.0078673967796978}, "datetime": {"datetime": "2025-05-08 17:41:58", "elapsed": 4442.065399, "delta": 15.448382}}
{"target": 157.0715487144307, "params": {"x0": 0.8132777211568663, "x1": 3.0062634703353726, "x2": 1.3132531951800068, "x3": 6.609941706909689, "x4": 9.873880221533929, "x5": 11.197986901657606, "x6": 9.449283327420487, "x7": -1.6438766129607192, "x8": 0.10669485089149669, "x9": 1.007867396785665}, "datetime": {"datetime": "2025-05-08 17:42:14", "elapsed": 4457.815383, "delta": 15.749984}}
{"target": 157.0715487144307, "params": {"x0": 0.8132777211519883, "x1": 3.006263470329057, "x2": 1.3132531951777853, "x3": 6.6099417069174065, "x4": 9.873880221567362, "x5": 11.197986901891873, "x6": 9.449283327401698, "x7": -1.6438766129431244, "x8": 0.1066948508873768, "x9": 1.007867396789332}, "datetime": {"datetime": "2025-05-08 17:42:30", "elapsed": 4473.856428, "delta": 16.041045}}
{"target": 157.0715487144307, "params": {"x0": 0.8132777211497384, "x1": 3.0062634703250506, "x2": 1.3132531951773603, "x3": 6.60994170692222, "x4": 9.873880221559705, "x5": 11.197986901859537, "x6": 9.449283327412171, "x7": -1.6438766129402251, "x8": 0.10669485088506503, "x9": 1.00786739678383}, "datetime": {"datetime": "2025-05-08 17:42:46", "elapsed": 4490.38116, "delta": 16.524732}}
{"target": 157.0715487144307, "params": {"x0": 0.8132777211515693, "x1": 3.006263470237267, "x2": 1.3132531951861255, "x3": 6.609941706922432, "x4": 9.873880221563553, "x5": 11.197986901926429, "x6": 9.449283327402576, "x7": -1.6438766129358962, "x8": 0.10669485087137288, "x9": 1.007867396789322}, "datetime": {"datetime": "2025-05-08 17:43:02", "elapsed": 4506.394151, "delta": 16.012991}}
{"target": 157.0715487144307, "params": {"x0": 0.8132777211553271, "x1": 3.0062634702937037, "x2": 1.313253195189829, "x3": 6.609941706927027, "x4": 9.873880221552469, "x5": 11.197986902056735, "x6": 9.449283327404382, "x7": -1.643876612932537, "x8": 0.10669485087082317, "x9": 1.007867396781899}, "datetime": {"datetime": "2025-05-08 17:43:19", "elapsed": 4522.966618, "delta": 16.572467}}
{"target": 157.0715487144307, "params": {"x0": 0.8132777211516533, "x1": 3.006263470275345, "x2": 1.3132531951883266, "x3": 6.609941706924343, "x4": 9.873880221553636, "x5": 11.197986902038666, "x6": 9.449283327401076, "x7": -1.643876612911397, "x8": 0.10669485087509885, "x9": 1.0078673967802512}, "datetime": {"datetime": "2025-05-08 17:43:35", "elapsed": 4538.978178, "delta": 16.01156}}
{"target": 157.0715487144307, "params": {"x0": 0.8132777211553549, "x1": 3.0062634702836895, "x2": 1.3132531951855029, "x3": 6.60994170692816, "x4": 9.87388022155056, "x5": 11.197986902168484, "x6": 9.449283327401055, "x7": -1.6438766129137459, "x8": 0.1066948508795407, "x9": 1.007867396782668}, "datetime": {"datetime": "2025-05-08 17:43:50", "elapsed": 4554.190375, "delta": 15.212197}}
{"target": 157.0715487144307, "params": {"x0": 0.8132777211510906, "x1": 3.0062634702672533, "x2": 1.3132531951804296, "x3": 6.60994170692824, "x4": 9.87388022155201, "x5": 11.197986902128553, "x6": 9.44928332738932, "x7": -1.6438766129094882, "x8": 0.10669485088297935, "x9": 1.0078673967830616}, "datetime": {"datetime": "2025-05-08 17:44:06", "elapsed": 4570.255037, "delta": 16.064662}}
{"target": 157.0715487144307, "params": {"x0": 0.8132777211534041, "x1": 3.006263470277456, "x2": 1.3132531951839113, "x3": 6.609941706939291, "x4": 9.87388022154996, "x5": 11.19798690218165, "x6": 9.449283327381012, "x7": -1.6438766129039786, "x8": 0.10669485088484598, "x9": 1.0078673967835423}, "datetime": {"datetime": "2025-05-08 17:44:22", "elapsed": 4585.704079, "delta": 15.449042}}
{"target": 157.0715487144307, "params": {"x0": 0.8132777211514757, "x1": 3.0062634702460422, "x2": 1.3132531951831388, "x3": 6.60994170693976, "x4": 9.873880221545944, "x5": 11.197986902224152, "x6": 9.449283327393308, "x7": -1.6438766128982099, "x8": 0.10669485088563013, "x9": 1.007867396784959}, "datetime": {"datetime": "2025-05-08 17:44:38", "elapsed": 4601.939464, "delta": 16.235385}}
{"target": 157.0715487144307, "params": {"x0": 0.8132777211531431, "x1": 3.006263470275067, "x2": 1.3132531951825488, "x3": 6.609941706947626, "x4": 9.873880221547537, "x5": 11.197986902250685, "x6": 9.44928332739594, "x7": -1.643876612890773, "x8": 0.1066948508747845, "x9": 1.0078673967824678}, "datetime": {"datetime": "2025-05-08 17:44:54", "elapsed": 4618.304457, "delta": 16.364993}}
{"target": 157.0715487144307, "params": {"x0": 0.8132777211528723, "x1": 3.006263470265069, "x2": 1.313253195183148, "x3": 6.6099417069398925, "x4": 9.873880221548745, "x5": 11.197986902318226, "x6": 9.449283327392342, "x7": -1.6438766128867555, "x8": 0.10669485088276595, "x9": 1.0078673967830631}, "datetime": {"datetime": "2025-05-08 17:45:10", "elapsed": 4633.812789, "delta": 15.508332}}
{"target": 157.0715487144307, "params": {"x0": 0.813277721153685, "x1": 3.006263470270285, "x2": 1.3132531951864068, "x3": 6.6099417069380255, "x4": 9.873880221525935, "x5": 11.197986902342329, "x6": 9.449283327394493, "x7": -1.643876612881352, "x8": 0.10669485087736792, "x9": 1.0078673967856187}, "datetime": {"datetime": "2025-05-08 17:45:25", "elapsed": 4649.27757, "delta": 15.464781}}
{"target": 157.0715487144307, "params": {"x0": 0.8132777211527737, "x1": 3.0062634702641344, "x2": 1.3132531951864168, "x3": 6.609941706941145, "x4": 9.873880221543438, "x5": 11.197986902337547, "x6": 9.449283327383089, "x7": -1.6438766128816233, "x8": 0.1066948508788571, "x9": 1.0078673967858929}, "datetime": {"datetime": "2025-05-08 17:45:43", "elapsed": 4666.658931, "delta": 17.381361}}
{"target": 157.0715487144307, "params": {"x0": 0.8132777211521266, "x1": 3.0062634702647717, "x2": 1.313253195184719, "x3": 6.609941706937731, "x4": 9.87388022154054, "x5": 11.19798690237654, "x6": 9.449283327387736, "x7": -1.6438766128758655, "x8": 0.10669485087747747, "x9": 1.0078673967826546}, "datetime": {"datetime": "2025-05-08 17:45:59", "elapsed": 4683.255899, "delta": 16.596968}}
{"target": 157.0715487144307, "params": {"x0": 0.8132777211528807, "x1": 3.0062634702712643, "x2": 1.3132531951827924, "x3": 6.609941706938656, "x4": 9.87388022154335, "x5": 11.19798690238284, "x6": 9.44928332739218, "x7": -1.6438766128723394, "x8": 0.10669485087960823, "x9": 1.0078673967828509}, "datetime": {"datetime": "2025-05-08 17:46:16", "elapsed": 4699.851873, "delta": 16.595974}}
{"target": 157.0715487144307, "params": {"x0": 0.8132777211531611, "x1": 3.0062634702665676, "x2": 1.313253195186652, "x3": 6.609941706938582, "x4": 9.873880221531843, "x5": 11.197986902410834, "x6": 9.449283327382181, "x7": -1.6438766128754332, "x8": 0.10669485088217646, "x9": 1.0078673967840683}, "datetime": {"datetime": "2025-05-08 17:46:32", "elapsed": 4716.421802, "delta": 16.569929}}
{"target": 157.0715487144307, "params": {"x0": 0.8132777211533898, "x1": 3.0062634702660906, "x2": 1.3132531951860031, "x3": 6.60994170694376, "x4": 9.873880221542604, "x5": 11.197986902422914, "x6": 9.449283327390425, "x7": -1.6438766128651758, "x8": 0.10669485087796406, "x9": 1.007867396784748}, "datetime": {"datetime": "2025-05-08 17:46:49", "elapsed": 4732.943878, "delta": 16.522076}}
{"target": 157.0715487144307, "params": {"x0": 0.8132777211534274, "x1": 3.0062634702627373, "x2": 1.313253195184642, "x3": 6.6099417069460715, "x4": 9.873880221539352, "x5": 11.197986902447434, "x6": 9.449283327387972, "x7": -1.6438766128645421, "x8": 0.10669485088091936, "x9": 1.0078673967846994}, "datetime": {"datetime": "2025-05-08 17:47:06", "elapsed": 4749.660974, "delta": 16.717096}}
{"target": 157.0715487144307, "params": {"x0": 0.8132777211525621, "x1": 3.0062634702651763, "x2": 1.313253195186278, "x3": 6.609941706945726, "x4": 9.8738802215356, "x5": 11.197986902474609, "x6": 9.44928332738934, "x7": -1.643876612866963, "x8": 0.106694850880379, "x9": 1.0078673967838903}, "datetime": {"datetime": "2025-05-08 17:47:21", "elapsed": 4765.428685, "delta": 15.767711}}
{"target": 157.0715487144307, "params": {"x0": 0.813277721152825, "x1": 3.006263470258045, "x2": 1.3132531951848863, "x3": 6.6099417069442925, "x4": 9.873880221537714, "x5": 11.197986902481583, "x6": 9.449283327387457, "x7": -1.643876612858878, "x8": 0.10669485087969743, "x9": 1.0078673967843281}, "datetime": {"datetime": "2025-05-08 17:47:38", "elapsed": 4781.891965, "delta": 16.46328}}
{"target": 157.0715487144307, "params": {"x0": 0.8132777211527369, "x1": 3.006263470255849, "x2": 1.3132531951859578, "x3": 6.609941706941976, "x4": 9.873880221538693, "x5": 11.197986902497647, "x6": 9.449283327382417, "x7": -1.6438766128572628, "x8": 0.10669485087914006, "x9": 1.007867396783839}, "datetime": {"datetime": "2025-05-08 17:47:54", "elapsed": 4798.399772, "delta": 16.507807}}
{"target": 157.0715487144307, "params": {"x0": 0.8132777211527681, "x1": 3.0062634702602375, "x2": 1.3132531951839814, "x3": 6.609941706941458, "x4": 9.873880221535064, "x5": 11.197986902494089, "x6": 9.449283327386064, "x7": -1.6438766128633537, "x8": 0.10669485088128448, "x9": 1.0078673967842753}, "datetime": {"datetime": "2025-05-08 17:48:10", "elapsed": 4814.197746, "delta": 15.797974}}
{"target": 157.0715487144307, "params": {"x0": 0.8132777211534356, "x1": 3.006263470260029, "x2": 1.3132531951840019, "x3": 6.60994170694382, "x4": 9.873880221533678, "x5": 11.19798690249501, "x6": 9.44928332738648, "x7": -1.643876612864456, "x8": 0.10669485088077876, "x9": 1.0078673967837457}, "datetime": {"datetime": "2025-05-08 17:48:26", "elapsed": 4829.831445, "delta": 15.633699}}
{"target": 157.0715487144307, "params": {"x0": 0.813277721153311, "x1": 3.006263470260711, "x2": 1.3132531951846065, "x3": 6.609941706942644, "x4": 9.873880221537478, "x5": 11.197986902502178, "x6": 9.449283327386425, "x7": -1.6438766128621876, "x8": 0.10669485088066692, "x9": 1.0078673967848557}, "datetime": {"datetime": "2025-05-08 17:48:41", "elapsed": 4845.393252, "delta": 15.561807}}
{"target": 157.0715487144307, "params": {"x0": 0.8132777211532246, "x1": 3.006263470255716, "x2": 1.3132531951851798, "x3": 6.609941706942988, "x4": 9.87388022153388, "x5": 11.19798690254955, "x6": 9.449283327386443, "x7": -1.643876612857421, "x8": 0.10669485088082399, "x9": 1.0078673967840015}, "datetime": {"datetime": "2025-05-08 17:48:57", "elapsed": 4861.509849, "delta": 16.116597}}
{"target": 157.0715487144307, "params": {"x0": 0.813277721153059, "x1": 3.0062634702594644, "x2": 1.3132531951854034, "x3": 6.609941706942801, "x4": 9.873880221535144, "x5": 11.197986902521965, "x6": 9.449283327386102, "x7": -1.6438766128571993, "x8": 0.10669485088020925, "x9": 1.0078673967840475}, "datetime": {"datetime": "2025-05-08 17:49:13", "elapsed": 4877.259429, "delta": 15.74958}}
{"target": 157.0715487144307, "params": {"x0": 0.8132777211528387, "x1": 3.006263470258962, "x2": 1.3132531951853268, "x3": 6.609941706943362, "x4": 9.87388022153725, "x5": 11.197986902524121, "x6": 9.449283327385318, "x7": -1.6438766128596107, "x8": 0.10669485088052695, "x9": 1.0078673967841558}, "datetime": {"datetime": "2025-05-08 17:49:29", "elapsed": 4893.233201, "delta": 15.973772}}
{"target": 157.0715487144307, "params": {"x0": 0.8132777211532347, "x1": 3.0062634702521147, "x2": 1.3132531951852047, "x3": 6.609941706944541, "x4": 9.873880221535595, "x5": 11.197986902558622, "x6": 9.449283327384995, "x7": -1.6438766128588753, "x8": 0.10669485087999044, "x9": 1.0078673967846317}, "datetime": {"datetime": "2025-05-08 17:49:45", "elapsed": 4909.010562, "delta": 15.777361}}
{"target": 157.0715487144307, "params": {"x0": 0.8132777211531799, "x1": 3.006263470257555, "x2": 1.3132531951846902, "x3": 6.609941706943398, "x4": 9.87388022153617, "x5": 11.197986902537723, "x6": 9.44928332738657, "x7": -1.6438766128567779, "x8": 0.10669485087909761, "x9": 1.0078673967840477}, "datetime": {"datetime": "2025-05-08 17:50:01", "elapsed": 4924.770547, "delta": 15.759985}}
{"target": 157.0715487144307, "params": {"x0": 0.8132777211528813, "x1": 3.0062634702531636, "x2": 1.3132531951847366, "x3": 6.609941706945491, "x4": 9.873880221537332, "x5": 11.19798690254638, "x6": 9.449283327385482, "x7": -1.6438766128567723, "x8": 0.10669485087951523, "x9": 1.00786739678439}, "datetime": {"datetime": "2025-05-08 17:50:18", "elapsed": 4942.345611, "delta": 17.575064}}
{"target": 157.0715487144307, "params": {"x0": 0.8132777211531663, "x1": 3.0062634702549618, "x2": 1.313253195184429, "x3": 6.609941706945658, "x4": 9.873880221535947, "x5": 11.197986902538016, "x6": 9.449283327385816, "x7": -1.6438766128555096, "x8": 0.10669485088028079, "x9": 1.0078673967843192}, "datetime": {"datetime": "2025-05-08 17:50:35", "elapsed": 4959.430771, "delta": 17.08516}}
{"target": 157.0715487144307, "params": {"x0": 0.8132777211530584, "x1": 3.006263470253542, "x2": 1.3132531951843922, "x3": 6.609941706945588, "x4": 9.873880221536263, "x5": 11.197986902551486, "x6": 9.449283327385, "x7": -1.6438766128567623, "x8": 0.10669485087978083, "x9": 1.0078673967843967}, "datetime": {"datetime": "2025-05-08 17:50:52", "elapsed": 4976.184216, "delta": 16.753445}}
{"target": 157.0715487144307, "params": {"x0": 0.8132777211531658, "x1": 3.00626347025306, "x2": 1.31325319518506, "x3": 6.60994170694403, "x4": 9.873880221535098, "x5": 11.197986902552476, "x6": 9.44928332738438, "x7": -1.6438766128571454, "x8": 0.10669485087993491, "x9": 1.007867396783998}, "datetime": {"datetime": "2025-05-08 17:51:09", "elapsed": 4992.739748, "delta": 16.555532}}
{"target": 157.0715487144307, "params": {"x0": 0.8132777211530773, "x1": 3.00626347025607, "x2": 1.3132531951845734, "x3": 6.609941706944141, "x4": 9.87388022153592, "x5": 11.19798690258736, "x6": 9.44928332738528, "x7": -1.6438766128535092, "x8": 0.1066948508800494, "x9": 1.0078673967843343}, "datetime": {"datetime": "2025-05-08 17:51:25", "elapsed": 5008.749941, "delta": 16.010193}}
{"target": 157.0715487144307, "params": {"x0": 0.8132777211529721, "x1": 3.0062634702546784, "x2": 1.3132531951850095, "x3": 6.609941706944773, "x4": 9.873880221535137, "x5": 11.197986902552017, "x6": 9.449283327385075, "x7": -1.643876612855167, "x8": 0.10669485087951626, "x9": 1.007867396784108}, "datetime": {"datetime": "2025-05-08 17:51:42", "elapsed": 5025.71637, "delta": 16.966429}}
{"target": 157.0715487144307, "params": {"x0": 0.8132777211530807, "x1": 3.0062634702527213, "x2": 1.3132531951844697, "x3": 6.609941706945598, "x4": 9.873880221535654, "x5": 11.197986902554243, "x6": 9.449283327384991, "x7": -1.6438766128543718, "x8": 0.10669485087986334, "x9": 1.0078673967841645}, "datetime": {"datetime": "2025-05-08 17:51:59", "elapsed": 5042.600273, "delta": 16.883903}}
{"target": 157.0715487144307, "params": {"x0": 0.8132777211530877, "x1": 3.006263470252958, "x2": 1.3132531951848672, "x3": 6.609941706944319, "x4": 9.873880221536375, "x5": 11.197986902565857, "x6": 9.449283327384936, "x7": -1.643876612854593, "x8": 0.10669485087996979, "x9": 1.0078673967842033}, "datetime": {"datetime": "2025-05-08 17:52:15", "elapsed": 5058.744803, "delta": 16.14453}}
{"target": 157.0715487144307, "params": {"x0": 0.8132777211530107, "x1": 3.0062634702549995, "x2": 1.3132531951848927, "x3": 6.609941706944746, "x4": 9.873880221536478, "x5": 11.197986902583143, "x6": 9.449283327385059, "x7": -1.6438766128530016, "x8": 0.1066948508799317, "x9": 1.0078673967841163}, "datetime": {"datetime": "2025-05-08 17:52:31", "elapsed": 5075.319496, "delta": 16.574693}}
{"target": 157.0715487144307, "params": {"x0": 0.8132777211530664, "x1": 3.006263470254201, "x2": 1.313253195184795, "x3": 6.609941706944862, "x4": 9.87388022153591, "x5": 11.197986902558592, "x6": 9.449283327385373, "x7": -1.6438766128556674, "x8": 0.1066948508800204, "x9": 1.007867396784123}, "datetime": {"datetime": "2025-05-08 17:52:48", "elapsed": 5091.767502, "delta": 16.448006}}
{"target": 157.0715487144307, "params": {"x0": 0.8132777211529805, "x1": 3.006263470254157, "x2": 1.3132531951847737, "x3": 6.609941706944426, "x4": 9.873880221535465, "x5": 11.197986902570497, "x6": 9.449283327384586, "x7": -1.64387661285466, "x8": 0.10669485087994243, "x9": 1.0078673967841614}, "datetime": {"datetime": "2025-05-08 17:53:05", "elapsed": 5108.997481, "delta": 17.229979}}
{"target": 157.0715487144307, "params": {"x0": 0.8132777211530667, "x1": 3.0062634702547655, "x2": 1.3132531951848851, "x3": 6.609941706945229, "x4": 9.873880221535902, "x5": 11.197986902565756, "x6": 9.44928332738463, "x7": -1.6438766128527973, "x8": 0.10669485087988587, "x9": 1.007867396784169}, "datetime": {"datetime": "2025-05-08 17:53:22", "elapsed": 5126.011153, "delta": 17.013672}}
{"target": 157.0715487144307, "params": {"x0": 0.8132777211530903, "x1": 3.0062634702547295, "x2": 1.313253195184739, "x3": 6.609941706944498, "x4": 9.873880221535897, "x5": 11.19798690256777, "x6": 9.449283327384723, "x7": -1.643876612853455, "x8": 0.10669485087996058, "x9": 1.007867396784315}, "datetime": {"datetime": "2025-05-08 17:53:38", "elapsed": 5142.048645, "delta": 16.037492}}
{"target": 157.0715487144307, "params": {"x0": 0.8132777211530279, "x1": 3.006263470253629, "x2": 1.3132531951846305, "x3": 6.60994170694494, "x4": 9.873880221535705, "x5": 11.197986902578522, "x6": 9.449283327384991, "x7": -1.6438766128528641, "x8": 0.10669485087983074, "x9": 1.0078673967841836}, "datetime": {"datetime": "2025-05-08 17:53:54", "elapsed": 5158.20689, "delta": 16.158245}}
{"target": 157.0715487144307, "params": {"x0": 0.8132777211530491, "x1": 3.006263470253437, "x2": 1.3132531951846782, "x3": 6.609941706945028, "x4": 9.873880221536156, "x5": 11.197986902564274, "x6": 9.449283327384906, "x7": -1.6438766128541398, "x8": 0.10669485087963936, "x9": 1.0078673967842335}, "datetime": {"datetime": "2025-05-08 17:54:11", "elapsed": 5175.166631, "delta": 16.959741}}
{"target": 157.0715487144307, "params": {"x0": 0.8132777211530443, "x1": 3.0062634702535695, "x2": 1.3132531951848283, "x3": 6.609941706944556, "x4": 9.873880221535849, "x5": 11.19798690257313, "x6": 9.44928332738514, "x7": -1.6438766128545839, "x8": 0.10669485087983802, "x9": 1.0078673967842555}, "datetime": {"datetime": "2025-05-08 17:54:28", "elapsed": 5192.399923, "delta": 17.233292}}
{"target": 157.0715487144307, "params": {"x0": 0.8132777211530796, "x1": 3.0062634702535296, "x2": 1.3132531951847741, "x3": 6.609941706944848, "x4": 9.873880221536155, "x5": 11.197986902570314, "x6": 9.449283327384753, "x7": -1.6438766128545508, "x8": 0.10669485087983359, "x9": 1.0078673967842275}, "datetime": {"datetime": "2025-05-08 17:54:45", "elapsed": 5209.156519, "delta": 16.756596}}
{"target": 157.0715487144307, "params": {"x0": 0.813277721153029, "x1": 3.006263470253282, "x2": 1.3132531951847806, "x3": 6.609941706944665, "x4": 9.87388022153617, "x5": 11.197986902569053, "x6": 9.449283327384832, "x7": -1.6438766128541094, "x8": 0.10669485087980404, "x9": 1.007867396784198}, "datetime": {"datetime": "2025-05-08 17:55:01", "elapsed": 5224.852751, "delta": 15.696232}}
{"target": 157.0715487144307, "params": {"x0": 0.8132777211530704, "x1": 3.0062634702541535, "x2": 1.3132531951847404, "x3": 6.60994170694493, "x4": 9.873880221535853, "x5": 11.197986902570149, "x6": 9.449283327384821, "x7": -1.6438766128532432, "x8": 0.10669485087982476, "x9": 1.0078673967842886}, "datetime": {"datetime": "2025-05-08 17:55:18", "elapsed": 5241.757627, "delta": 16.904876}}
{"target": 157.0715487144307, "params": {"x0": 0.8132777211530664, "x1": 3.0062634702532742, "x2": 1.313253195184809, "x3": 6.609941706944922, "x4": 9.873880221536043, "x5": 11.197986902567772, "x6": 9.449283327384808, "x7": -1.643876612853417, "x8": 0.10669485087973765, "x9": 1.0078673967842404}, "datetime": {"datetime": "2025-05-08 17:55:35", "elapsed": 5258.694257, "delta": 16.93663}}
{"target": 157.0715487144307, "params": {"x0": 0.8132777211530396, "x1": 3.0062634702534425, "x2": 1.313253195184772, "x3": 6.609941706944938, "x4": 9.873880221535856, "x5": 11.197986902569392, "x6": 9.449283327384764, "x7": -1.6438766128535809, "x8": 0.10669485087974737, "x9": 1.007867396784279}, "datetime": {"datetime": "2025-05-08 17:55:52", "elapsed": 5275.870329, "delta": 17.176072}}
{"target": 157.0715487144307, "params": {"x0": 0.8132777211530607, "x1": 3.0062634702538533, "x2": 1.313253195184789, "x3": 6.609941706944952, "x4": 9.873880221536204, "x5": 11.197986902569234, "x6": 9.449283327384848, "x7": -1.6438766128543834, "x8": 0.10669485087983777, "x9": 1.0078673967842595}, "datetime": {"datetime": "2025-05-08 17:56:10", "elapsed": 5293.777964, "delta": 17.907635}}
{"target": 157.0715487144307, "params": {"x0": 0.8132777211530406, "x1": 3.006263470253999, "x2": 1.3132531951847013, "x3": 6.609941706944878, "x4": 9.873880221535872, "x5": 11.197986902569594, "x6": 9.449283327384862, "x7": -1.6438766128543287, "x8": 0.1066948508797431, "x9": 1.0078673967842606}, "datetime": {"datetime": "2025-05-08 17:56:27", "elapsed": 5311.280962, "delta": 17.502998}}
{"target": 157.0715487144307, "params": {"x0": 0.813277721153058, "x1": 3.0062634702539595, "x2": 1.3132531951847477, "x3": 6.6099417069449835, "x4": 9.873880221536101, "x5": 11.197986902569884, "x6": 9.449283327385006, "x7": -1.6438766128538465, "x8": 0.1066948508798316, "x9": 1.0078673967842688}, "datetime": {"datetime": "2025-05-08 17:56:44", "elapsed": 5327.690476, "delta": 16.409514}}
