{"target": 157.0715487144307, "params": {"x0": 0.8132777211530454, "x1": 3.0062634702537294, "x2": 1.3132531951847402, "x3": 6.609941706944868, "x4": 9.873880221536036, "x5": 11.19798690257302, "x6": 9.449283327384906, "x7": -1.6438766128538254, "x8": 0.1066948508797798, "x9": 1.00786739678424}, "datetime": {"datetime": "2025-05-08 20:20:13", "elapsed": 13937.331797, "delta": 22.956642}}
{"target": 157.0715487144307, "params": {"x0": 0.8132777211530454, "x1": 3.0062634702537294, "x2": 1.3132531951847402, "x3": 6.609941706944868, "x4": 9.873880221536036, "x5": 11.19798690257302, "x6": 9.449283327384906, "x7": -1.6438766128538254, "x8": 0.1066948508797798, "x9": 1.00786739678424}, "datetime": {"datetime": "2025-05-08 20:20:39", "elapsed": 13963.234705, "delta": 25.902908}}
{"target": 157.0715487144307, "params": {"x0": 0.8132777211530454, "x1": 3.0062634702537294, "x2": 1.3132531951847402, "x3": 6.609941706944868, "x4": 9.873880221536036, "x5": 11.19798690257302, "x6": 9.449283327384906, "x7": -1.6438766128538254, "x8": 0.1066948508797798, "x9": 1.00786739678424}, "datetime": {"datetime": "2025-05-08 20:21:00", "elapsed": 13983.712603, "delta": 20.477898}}
{"target": 157.0715487144307, "params": {"x0": 0.8132777211530454, "x1": 3.0062634702537294, "x2": 1.3132531951847402, "x3": 6.609941706944868, "x4": 9.873880221536036, "x5": 11.19798690257302, "x6": 9.449283327384906, "x7": -1.6438766128538254, "x8": 0.1066948508797798, "x9": 1.00786739678424}, "datetime": {"datetime": "2025-05-08 20:21:23", "elapsed": 14006.608493, "delta": 22.89589}}
{"target": 157.0715487144307, "params": {"x0": 0.8132777211530454, "x1": 3.0062634702537294, "x2": 1.3132531951847402, "x3": 6.609941706944868, "x4": 9.873880221536036, "x5": 11.19798690257302, "x6": 9.449283327384906, "x7": -1.6438766128538254, "x8": 0.1066948508797798, "x9": 1.00786739678424}, "datetime": {"datetime": "2025-05-08 20:21:45", "elapsed": 14028.550776, "delta": 21.942283}}
{"target": 157.0715487144307, "params": {"x0": 0.8132777211530454, "x1": 3.0062634702537294, "x2": 1.3132531951847402, "x3": 6.609941706944868, "x4": 9.873880221536036, "x5": 11.19798690257302, "x6": 9.449283327384906, "x7": -1.6438766128538254, "x8": 0.1066948508797798, "x9": 1.00786739678424}, "datetime": {"datetime": "2025-05-08 20:22:05", "elapsed": 14049.008276, "delta": 20.4575}}
{"target": 157.0715487144307, "params": {"x0": 0.8132777211530454, "x1": 3.0062634702537294, "x2": 1.3132531951847402, "x3": 6.609941706944868, "x4": 9.873880221536036, "x5": 11.19798690257302, "x6": 9.449283327384906, "x7": -1.6438766128538254, "x8": 0.1066948508797798, "x9": 1.00786739678424}, "datetime": {"datetime": "2025-05-08 20:22:30", "elapsed": 14073.702351, "delta": 24.694075}}
{"target": 157.0715487144307, "params": {"x0": 0.8132777211530454, "x1": 3.0062634702537294, "x2": 1.3132531951847402, "x3": 6.609941706944868, "x4": 9.873880221536036, "x5": 11.19798690257302, "x6": 9.449283327384906, "x7": -1.6438766128538254, "x8": 0.1066948508797798, "x9": 1.00786739678424}, "datetime": {"datetime": "2025-05-08 20:22:54", "elapsed": 14097.84611, "delta": 24.143759}}
{"target": 157.0715487144307, "params": {"x0": 0.8132777211530454, "x1": 3.0062634702537294, "x2": 1.3132531951847402, "x3": 6.609941706944868, "x4": 9.873880221536036, "x5": 11.19798690257302, "x6": 9.449283327384906, "x7": -1.6438766128538254, "x8": 0.1066948508797798, "x9": 1.00786739678424}, "datetime": {"datetime": "2025-05-08 20:23:19", "elapsed": 14122.586538, "delta": 24.740428}}
{"target": 157.0715487144307, "params": {"x0": 0.8132777211530454, "x1": 3.0062634702537294, "x2": 1.3132531951847402, "x3": 6.609941706944868, "x4": 9.873880221536036, "x5": 11.19798690257302, "x6": 9.449283327384906, "x7": -1.6438766128538254, "x8": 0.1066948508797798, "x9": 1.00786739678424}, "datetime": {"datetime": "2025-05-08 20:23:40", "elapsed": 14144.47463, "delta": 21.888092}}
{"target": 157.0715487144307, "params": {"x0": 0.8132777211530454, "x1": 3.0062634702537294, "x2": 1.3132531951847402, "x3": 6.609941706944868, "x4": 9.873880221536036, "x5": 11.19798690257302, "x6": 9.449283327384906, "x7": -1.6438766128538254, "x8": 0.1066948508797798, "x9": 1.00786739678424}, "datetime": {"datetime": "2025-05-08 20:24:05", "elapsed": 14169.233766, "delta": 24.759136}}
{"target": 157.0715487144307, "params": {"x0": 0.8132777211530454, "x1": 3.0062634702537294, "x2": 1.3132531951847402, "x3": 6.609941706944868, "x4": 9.873880221536036, "x5": 11.19798690257302, "x6": 9.449283327384906, "x7": -1.6438766128538254, "x8": 0.1066948508797798, "x9": 1.00786739678424}, "datetime": {"datetime": "2025-05-08 20:24:26", "elapsed": 14189.701331, "delta": 20.467565}}
{"target": 157.0715487144307, "params": {"x0": 0.8132777211530454, "x1": 3.0062634702537294, "x2": 1.3132531951847402, "x3": 6.609941706944868, "x4": 9.873880221536036, "x5": 11.19798690257302, "x6": 9.449283327384906, "x7": -1.6438766128538254, "x8": 0.1066948508797798, "x9": 1.00786739678424}, "datetime": {"datetime": "2025-05-08 20:24:49", "elapsed": 14213.175087, "delta": 23.473756}}
{"target": 157.0715487144307, "params": {"x0": 0.8132777211530454, "x1": 3.0062634702537294, "x2": 1.3132531951847402, "x3": 6.609941706944868, "x4": 9.873880221536036, "x5": 11.19798690257302, "x6": 9.449283327384906, "x7": -1.6438766128538254, "x8": 0.1066948508797798, "x9": 1.00786739678424}, "datetime": {"datetime": "2025-05-08 20:25:16", "elapsed": 14239.870791, "delta": 26.695704}}
{"target": 157.0715487144307, "params": {"x0": 0.8132777211530454, "x1": 3.0062634702537294, "x2": 1.3132531951847402, "x3": 6.609941706944868, "x4": 9.873880221536036, "x5": 11.19798690257302, "x6": 9.449283327384906, "x7": -1.6438766128538254, "x8": 0.1066948508797798, "x9": 1.00786739678424}, "datetime": {"datetime": "2025-05-08 20:25:38", "elapsed": 14261.645752, "delta": 21.774961}}
{"target": 157.0715487144307, "params": {"x0": 0.8132777211530454, "x1": 3.0062634702537294, "x2": 1.3132531951847402, "x3": 6.609941706944868, "x4": 9.873880221536036, "x5": 11.19798690257302, "x6": 9.449283327384906, "x7": -1.6438766128538254, "x8": 0.1066948508797798, "x9": 1.00786739678424}, "datetime": {"datetime": "2025-05-08 20:26:04", "elapsed": 14287.794795, "delta": 26.149043}}
{"target": 157.0715487144307, "params": {"x0": 0.8132777211530454, "x1": 3.0062634702537294, "x2": 1.3132531951847402, "x3": 6.609941706944868, "x4": 9.873880221536036, "x5": 11.19798690257302, "x6": 9.449283327384906, "x7": -1.6438766128538254, "x8": 0.1066948508797798, "x9": 1.00786739678424}, "datetime": {"datetime": "2025-05-08 20:26:26", "elapsed": 14309.937873, "delta": 22.143078}}
{"target": 157.0715487144307, "params": {"x0": 0.8132777211530454, "x1": 3.0062634702537294, "x2": 1.3132531951847402, "x3": 6.609941706944868, "x4": 9.873880221536036, "x5": 11.19798690257302, "x6": 9.449283327384906, "x7": -1.6438766128538254, "x8": 0.1066948508797798, "x9": 1.00786739678424}, "datetime": {"datetime": "2025-05-08 20:26:48", "elapsed": 14332.423967, "delta": 22.486094}}
{"target": 157.0715487144307, "params": {"x0": 0.8132777211530454, "x1": 3.0062634702537294, "x2": 1.3132531951847402, "x3": 6.609941706944868, "x4": 9.873880221536036, "x5": 11.19798690257302, "x6": 9.449283327384906, "x7": -1.6438766128538254, "x8": 0.1066948508797798, "x9": 1.00786739678424}, "datetime": {"datetime": "2025-05-08 20:27:11", "elapsed": 14355.344541, "delta": 22.920574}}
{"target": 157.0715487144307, "params": {"x0": 0.8132777211530454, "x1": 3.0062634702537294, "x2": 1.3132531951847402, "x3": 6.609941706944868, "x4": 9.873880221536036, "x5": 11.19798690257302, "x6": 9.449283327384906, "x7": -1.6438766128538254, "x8": 0.1066948508797798, "x9": 1.00786739678424}, "datetime": {"datetime": "2025-05-08 20:27:33", "elapsed": 14376.548495, "delta": 21.203954}}
{"target": 157.0715487144307, "params": {"x0": 0.8132777211530454, "x1": 3.0062634702537294, "x2": 1.3132531951847402, "x3": 6.609941706944868, "x4": 9.873880221536036, "x5": 11.19798690257302, "x6": 9.449283327384906, "x7": -1.6438766128538254, "x8": 0.1066948508797798, "x9": 1.00786739678424}, "datetime": {"datetime": "2025-05-08 20:27:55", "elapsed": 14399.117371, "delta": 22.568876}}
{"target": 157.0715487144307, "params": {"x0": 0.8132777211530454, "x1": 3.0062634702537294, "x2": 1.3132531951847402, "x3": 6.609941706944868, "x4": 9.873880221536036, "x5": 11.19798690257302, "x6": 9.449283327384906, "x7": -1.6438766128538254, "x8": 0.1066948508797798, "x9": 1.00786739678424}, "datetime": {"datetime": "2025-05-08 20:28:18", "elapsed": 14422.321186, "delta": 23.203815}}
{"target": 157.0715487144307, "params": {"x0": 0.8132777211530454, "x1": 3.0062634702537294, "x2": 1.3132531951847402, "x3": 6.609941706944868, "x4": 9.873880221536036, "x5": 11.19798690257302, "x6": 9.449283327384906, "x7": -1.6438766128538254, "x8": 0.1066948508797798, "x9": 1.00786739678424}, "datetime": {"datetime": "2025-05-08 20:28:39", "elapsed": 14443.083741, "delta": 20.762555}}
{"target": 157.0715487144307, "params": {"x0": 0.8132777211530454, "x1": 3.0062634702537294, "x2": 1.3132531951847402, "x3": 6.609941706944868, "x4": 9.873880221536036, "x5": 11.19798690257302, "x6": 9.449283327384906, "x7": -1.6438766128538254, "x8": 0.1066948508797798, "x9": 1.00786739678424}, "datetime": {"datetime": "2025-05-08 20:29:03", "elapsed": 14466.835299, "delta": 23.751558}}
{"target": 157.0715487144307, "params": {"x0": 0.8132777211530454, "x1": 3.0062634702537294, "x2": 1.3132531951847402, "x3": 6.609941706944868, "x4": 9.873880221536036, "x5": 11.19798690257302, "x6": 9.449283327384906, "x7": -1.6438766128538254, "x8": 0.1066948508797798, "x9": 1.00786739678424}, "datetime": {"datetime": "2025-05-08 20:29:25", "elapsed": 14488.700601, "delta": 21.865302}}
{"target": 157.0715487144307, "params": {"x0": 0.8132777211530454, "x1": 3.0062634702537294, "x2": 1.3132531951847402, "x3": 6.609941706944868, "x4": 9.873880221536036, "x5": 11.19798690257302, "x6": 9.449283327384906, "x7": -1.6438766128538254, "x8": 0.1066948508797798, "x9": 1.00786739678424}, "datetime": {"datetime": "2025-05-08 20:29:46", "elapsed": 14510.487136, "delta": 21.786535}}
{"target": 157.0715487144307, "params": {"x0": 0.8132777211530454, "x1": 3.0062634702537294, "x2": 1.3132531951847402, "x3": 6.609941706944868, "x4": 9.873880221536036, "x5": 11.19798690257302, "x6": 9.449283327384906, "x7": -1.6438766128538254, "x8": 0.1066948508797798, "x9": 1.00786739678424}, "datetime": {"datetime": "2025-05-08 20:30:07", "elapsed": 14531.430422, "delta": 20.943286}}
{"target": 157.0715487144307, "params": {"x0": 0.8132777211530454, "x1": 3.0062634702537294, "x2": 1.3132531951847402, "x3": 6.609941706944868, "x4": 9.873880221536036, "x5": 11.19798690257302, "x6": 9.449283327384906, "x7": -1.6438766128538254, "x8": 0.1066948508797798, "x9": 1.00786739678424}, "datetime": {"datetime": "2025-05-08 20:30:28", "elapsed": 14552.361767, "delta": 20.931345}}
{"target": 157.0715487144307, "params": {"x0": 0.8132777211530454, "x1": 3.0062634702537294, "x2": 1.3132531951847402, "x3": 6.609941706944868, "x4": 9.873880221536036, "x5": 11.19798690257302, "x6": 9.449283327384906, "x7": -1.6438766128538254, "x8": 0.1066948508797798, "x9": 1.00786739678424}, "datetime": {"datetime": "2025-05-08 20:30:51", "elapsed": 14575.213395, "delta": 22.851628}}
{"target": 157.0715487144307, "params": {"x0": 0.8132777211530454, "x1": 3.0062634702537294, "x2": 1.3132531951847402, "x3": 6.609941706944868, "x4": 9.873880221536036, "x5": 11.19798690257302, "x6": 9.449283327384906, "x7": -1.6438766128538254, "x8": 0.1066948508797798, "x9": 1.00786739678424}, "datetime": {"datetime": "2025-05-08 20:31:13", "elapsed": 14596.931462, "delta": 21.718067}}
{"target": 157.0715487144307, "params": {"x0": 0.8132777211530454, "x1": 3.0062634702537294, "x2": 1.3132531951847402, "x3": 6.609941706944868, "x4": 9.873880221536036, "x5": 11.19798690257302, "x6": 9.449283327384906, "x7": -1.6438766128538254, "x8": 0.1066948508797798, "x9": 1.00786739678424}, "datetime": {"datetime": "2025-05-08 20:31:34", "elapsed": 14618.080019, "delta": 21.148557}}
{"target": 157.0715487144307, "params": {"x0": 0.8132777211530454, "x1": 3.0062634702537294, "x2": 1.3132531951847402, "x3": 6.609941706944868, "x4": 9.873880221536036, "x5": 11.19798690257302, "x6": 9.449283327384906, "x7": -1.6438766128538254, "x8": 0.1066948508797798, "x9": 1.00786739678424}, "datetime": {"datetime": "2025-05-08 20:32:00", "elapsed": 14644.144129, "delta": 26.06411}}
{"target": 157.0715487144307, "params": {"x0": 0.8132777211530454, "x1": 3.0062634702537294, "x2": 1.3132531951847402, "x3": 6.609941706944868, "x4": 9.873880221536036, "x5": 11.19798690257302, "x6": 9.449283327384906, "x7": -1.6438766128538254, "x8": 0.1066948508797798, "x9": 1.00786739678424}, "datetime": {"datetime": "2025-05-08 20:32:22", "elapsed": 14666.196163, "delta": 22.052034}}
{"target": 157.0715487144307, "params": {"x0": 0.8132777211530454, "x1": 3.0062634702537294, "x2": 1.3132531951847402, "x3": 6.609941706944868, "x4": 9.873880221536036, "x5": 11.19798690257302, "x6": 9.449283327384906, "x7": -1.6438766128538254, "x8": 0.1066948508797798, "x9": 1.00786739678424}, "datetime": {"datetime": "2025-05-08 20:32:44", "elapsed": 14688.023919, "delta": 21.827756}}
{"target": 157.0715487144307, "params": {"x0": 0.8132777211530454, "x1": 3.0062634702537294, "x2": 1.3132531951847402, "x3": 6.609941706944868, "x4": 9.873880221536036, "x5": 11.19798690257302, "x6": 9.449283327384906, "x7": -1.6438766128538254, "x8": 0.1066948508797798, "x9": 1.00786739678424}, "datetime": {"datetime": "2025-05-08 20:33:06", "elapsed": 14709.666858, "delta": 21.642939}}
{"target": 157.0715487144307, "params": {"x0": 0.8132777211530454, "x1": 3.0062634702537294, "x2": 1.3132531951847402, "x3": 6.609941706944868, "x4": 9.873880221536036, "x5": 11.19798690257302, "x6": 9.449283327384906, "x7": -1.6438766128538254, "x8": 0.1066948508797798, "x9": 1.00786739678424}, "datetime": {"datetime": "2025-05-08 20:33:27", "elapsed": 14730.582593, "delta": 20.915735}}
{"target": 157.0715487144307, "params": {"x0": 0.8132777211530454, "x1": 3.0062634702537294, "x2": 1.3132531951847402, "x3": 6.609941706944868, "x4": 9.873880221536036, "x5": 11.19798690257302, "x6": 9.449283327384906, "x7": -1.6438766128538254, "x8": 0.1066948508797798, "x9": 1.00786739678424}, "datetime": {"datetime": "2025-05-08 20:33:49", "elapsed": 14753.492487, "delta": 22.909894}}
{"target": 157.0715487144307, "params": {"x0": 0.8132777211530454, "x1": 3.0062634702537294, "x2": 1.3132531951847402, "x3": 6.609941706944868, "x4": 9.873880221536036, "x5": 11.19798690257302, "x6": 9.449283327384906, "x7": -1.6438766128538254, "x8": 0.1066948508797798, "x9": 1.00786739678424}, "datetime": {"datetime": "2025-05-08 20:34:11", "elapsed": 14774.837575, "delta": 21.345088}}
{"target": 157.0715487144307, "params": {"x0": 0.8132777211530454, "x1": 3.0062634702537294, "x2": 1.3132531951847402, "x3": 6.609941706944868, "x4": 9.873880221536036, "x5": 11.19798690257302, "x6": 9.449283327384906, "x7": -1.6438766128538254, "x8": 0.1066948508797798, "x9": 1.00786739678424}, "datetime": {"datetime": "2025-05-08 20:34:32", "elapsed": 14796.173058, "delta": 21.335483}}
{"target": 157.0715487144307, "params": {"x0": 0.8132777211530454, "x1": 3.0062634702537294, "x2": 1.3132531951847402, "x3": 6.609941706944868, "x4": 9.873880221536036, "x5": 11.19798690257302, "x6": 9.449283327384906, "x7": -1.6438766128538254, "x8": 0.1066948508797798, "x9": 1.00786739678424}, "datetime": {"datetime": "2025-05-08 20:34:54", "elapsed": 14818.43965, "delta": 22.266592}}
{"target": 157.0715487144307, "params": {"x0": 0.8132777211530454, "x1": 3.0062634702537294, "x2": 1.3132531951847402, "x3": 6.609941706944868, "x4": 9.873880221536036, "x5": 11.19798690257302, "x6": 9.449283327384906, "x7": -1.6438766128538254, "x8": 0.1066948508797798, "x9": 1.00786739678424}, "datetime": {"datetime": "2025-05-08 20:35:16", "elapsed": 14839.919093, "delta": 21.479443}}
{"target": 157.0715487144307, "params": {"x0": 0.8132777211530454, "x1": 3.0062634702537294, "x2": 1.3132531951847402, "x3": 6.609941706944868, "x4": 9.873880221536036, "x5": 11.19798690257302, "x6": 9.449283327384906, "x7": -1.6438766128538254, "x8": 0.1066948508797798, "x9": 1.00786739678424}, "datetime": {"datetime": "2025-05-08 20:35:37", "elapsed": 14861.185331, "delta": 21.266238}}
{"target": 157.0715487144307, "params": {"x0": 0.8132777211530454, "x1": 3.0062634702537294, "x2": 1.3132531951847402, "x3": 6.609941706944868, "x4": 9.873880221536036, "x5": 11.19798690257302, "x6": 9.449283327384906, "x7": -1.6438766128538254, "x8": 0.1066948508797798, "x9": 1.00786739678424}, "datetime": {"datetime": "2025-05-08 20:36:00", "elapsed": 14884.09982, "delta": 22.914489}}
{"target": 157.0715487144307, "params": {"x0": 0.8132777211530454, "x1": 3.0062634702537294, "x2": 1.3132531951847402, "x3": 6.609941706944868, "x4": 9.873880221536036, "x5": 11.19798690257302, "x6": 9.449283327384906, "x7": -1.6438766128538254, "x8": 0.1066948508797798, "x9": 1.00786739678424}, "datetime": {"datetime": "2025-05-08 20:36:21", "elapsed": 14905.2273, "delta": 21.12748}}
{"target": 157.0715487144307, "params": {"x0": 0.8132777211530454, "x1": 3.0062634702537294, "x2": 1.3132531951847402, "x3": 6.609941706944868, "x4": 9.873880221536036, "x5": 11.19798690257302, "x6": 9.449283327384906, "x7": -1.6438766128538254, "x8": 0.1066948508797798, "x9": 1.00786739678424}, "datetime": {"datetime": "2025-05-08 20:36:45", "elapsed": 14929.038158, "delta": 23.810858}}
{"target": 157.0715487144307, "params": {"x0": 0.8132777211530454, "x1": 3.0062634702537294, "x2": 1.3132531951847402, "x3": 6.609941706944868, "x4": 9.873880221536036, "x5": 11.19798690257302, "x6": 9.449283327384906, "x7": -1.6438766128538254, "x8": 0.1066948508797798, "x9": 1.00786739678424}, "datetime": {"datetime": "2025-05-08 20:37:07", "elapsed": 14950.94588, "delta": 21.907722}}
{"target": 157.0715487144307, "params": {"x0": 0.8132777211530454, "x1": 3.0062634702537294, "x2": 1.3132531951847402, "x3": 6.609941706944868, "x4": 9.873880221536036, "x5": 11.19798690257302, "x6": 9.449283327384906, "x7": -1.6438766128538254, "x8": 0.1066948508797798, "x9": 1.00786739678424}, "datetime": {"datetime": "2025-05-08 20:37:28", "elapsed": 14971.998131, "delta": 21.052251}}
{"target": 157.0715487144307, "params": {"x0": 0.8132777211530454, "x1": 3.0062634702537294, "x2": 1.3132531951847402, "x3": 6.609941706944868, "x4": 9.873880221536036, "x5": 11.19798690257302, "x6": 9.449283327384906, "x7": -1.6438766128538254, "x8": 0.1066948508797798, "x9": 1.00786739678424}, "datetime": {"datetime": "2025-05-08 20:37:53", "elapsed": 14996.667635, "delta": 24.669504}}
{"target": 157.0715487144307, "params": {"x0": 0.8132777211530454, "x1": 3.0062634702537294, "x2": 1.3132531951847402, "x3": 6.609941706944868, "x4": 9.873880221536036, "x5": 11.19798690257302, "x6": 9.449283327384906, "x7": -1.6438766128538254, "x8": 0.1066948508797798, "x9": 1.00786739678424}, "datetime": {"datetime": "2025-05-08 20:38:19", "elapsed": 15023.234589, "delta": 26.566954}}
{"target": 157.0715487144307, "params": {"x0": 0.8132777211530454, "x1": 3.0062634702537294, "x2": 1.3132531951847402, "x3": 6.609941706944868, "x4": 9.873880221536036, "x5": 11.19798690257302, "x6": 9.449283327384906, "x7": -1.6438766128538254, "x8": 0.1066948508797798, "x9": 1.00786739678424}, "datetime": {"datetime": "2025-05-08 20:38:43", "elapsed": 15046.61979, "delta": 23.385201}}
{"target": 157.0715487144307, "params": {"x0": 0.8132777211530454, "x1": 3.0062634702537294, "x2": 1.3132531951847402, "x3": 6.609941706944868, "x4": 9.873880221536036, "x5": 11.19798690257302, "x6": 9.449283327384906, "x7": -1.6438766128538254, "x8": 0.1066948508797798, "x9": 1.00786739678424}, "datetime": {"datetime": "2025-05-08 20:39:08", "elapsed": 15071.67886, "delta": 25.05907}}
{"target": 157.0715487144307, "params": {"x0": 0.8132777211530454, "x1": 3.0062634702537294, "x2": 1.3132531951847402, "x3": 6.609941706944868, "x4": 9.873880221536036, "x5": 11.19798690257302, "x6": 9.449283327384906, "x7": -1.6438766128538254, "x8": 0.1066948508797798, "x9": 1.00786739678424}, "datetime": {"datetime": "2025-05-08 20:39:29", "elapsed": 15092.70954, "delta": 21.03068}}
{"target": 157.0715487144307, "params": {"x0": 0.8132777211530454, "x1": 3.0062634702537294, "x2": 1.3132531951847402, "x3": 6.609941706944868, "x4": 9.873880221536036, "x5": 11.19798690257302, "x6": 9.449283327384906, "x7": -1.6438766128538254, "x8": 0.1066948508797798, "x9": 1.00786739678424}, "datetime": {"datetime": "2025-05-08 20:39:54", "elapsed": 15117.672308, "delta": 24.962768}}
{"target": 157.0715487144307, "params": {"x0": 0.8132777211530454, "x1": 3.0062634702537294, "x2": 1.3132531951847402, "x3": 6.609941706944868, "x4": 9.873880221536036, "x5": 11.19798690257302, "x6": 9.449283327384906, "x7": -1.6438766128538254, "x8": 0.1066948508797798, "x9": 1.00786739678424}, "datetime": {"datetime": "2025-05-08 20:40:19", "elapsed": 15143.436689, "delta": 25.764381}}
{"target": 157.0715487144307, "params": {"x0": 0.8132777211530454, "x1": 3.0062634702537294, "x2": 1.3132531951847402, "x3": 6.609941706944868, "x4": 9.873880221536036, "x5": 11.19798690257302, "x6": 9.449283327384906, "x7": -1.6438766128538254, "x8": 0.1066948508797798, "x9": 1.00786739678424}, "datetime": {"datetime": "2025-05-08 20:40:49", "elapsed": 15172.70699, "delta": 29.270301}}
{"target": 157.0715487144307, "params": {"x0": 0.8132777211530454, "x1": 3.0062634702537294, "x2": 1.3132531951847402, "x3": 6.609941706944868, "x4": 9.873880221536036, "x5": 11.19798690257302, "x6": 9.449283327384906, "x7": -1.6438766128538254, "x8": 0.1066948508797798, "x9": 1.00786739678424}, "datetime": {"datetime": "2025-05-08 20:41:14", "elapsed": 15198.334702, "delta": 25.627712}}
