{"target": 157.0715487144307, "params": {"x0": 0.8132777211530454, "x1": 3.0062634702537294, "x2": 1.3132531951847402, "x3": 6.609941706944868, "x4": 9.873880221536036, "x5": 11.19798690257302, "x6": 9.449283327384906, "x7": -1.6438766128538254, "x8": 0.1066948508797798, "x9": 1.00786739678424}, "datetime": {"datetime": "2025-05-09 09:17:25", "elapsed": 60568.881956, "delta": 78.908625}}
{"target": 157.0715487144307, "params": {"x0": 0.8132777211530454, "x1": 3.0062634702537294, "x2": 1.3132531951847402, "x3": 6.609941706944868, "x4": 9.873880221536036, "x5": 11.19798690257302, "x6": 9.449283327384906, "x7": -1.6438766128538254, "x8": 0.1066948508797798, "x9": 1.00786739678424}, "datetime": {"datetime": "2025-05-09 09:18:36", "elapsed": 60639.642874, "delta": 70.760918}}
{"target": 157.0715487144307, "params": {"x0": 0.8132777211530454, "x1": 3.0062634702537294, "x2": 1.3132531951847402, "x3": 6.609941706944868, "x4": 9.873880221536036, "x5": 11.19798690257302, "x6": 9.449283327384906, "x7": -1.6438766128538254, "x8": 0.1066948508797798, "x9": 1.00786739678424}, "datetime": {"datetime": "2025-05-09 09:19:47", "elapsed": 60711.353977, "delta": 71.711103}}
{"target": 157.0715487144307, "params": {"x0": 0.8132777211530454, "x1": 3.0062634702537294, "x2": 1.3132531951847402, "x3": 6.609941706944868, "x4": 9.873880221536036, "x5": 11.19798690257302, "x6": 9.449283327384906, "x7": -1.6438766128538254, "x8": 0.1066948508797798, "x9": 1.00786739678424}, "datetime": {"datetime": "2025-05-09 09:20:55", "elapsed": 60778.564737, "delta": 67.21076}}
{"target": 157.0715487144307, "params": {"x0": 0.8132777211530454, "x1": 3.0062634702537294, "x2": 1.3132531951847402, "x3": 6.609941706944868, "x4": 9.873880221536036, "x5": 11.19798690257302, "x6": 9.449283327384906, "x7": -1.6438766128538254, "x8": 0.1066948508797798, "x9": 1.00786739678424}, "datetime": {"datetime": "2025-05-09 09:22:08", "elapsed": 60851.795016, "delta": 73.230279}}
{"target": 157.0715487144307, "params": {"x0": 0.8132777211530454, "x1": 3.0062634702537294, "x2": 1.3132531951847402, "x3": 6.609941706944868, "x4": 9.873880221536036, "x5": 11.19798690257302, "x6": 9.449283327384906, "x7": -1.6438766128538254, "x8": 0.1066948508797798, "x9": 1.00786739678424}, "datetime": {"datetime": "2025-05-09 09:23:27", "elapsed": 60931.43073, "delta": 79.635714}}
{"target": 157.0715487144307, "params": {"x0": 0.8132777211530454, "x1": 3.0062634702537294, "x2": 1.3132531951847402, "x3": 6.609941706944868, "x4": 9.873880221536036, "x5": 11.19798690257302, "x6": 9.449283327384906, "x7": -1.6438766128538254, "x8": 0.1066948508797798, "x9": 1.00786739678424}, "datetime": {"datetime": "2025-05-09 09:24:33", "elapsed": 60997.256713, "delta": 65.825983}}
{"target": 157.0715487144307, "params": {"x0": 0.8132777211530454, "x1": 3.0062634702537294, "x2": 1.3132531951847402, "x3": 6.609941706944868, "x4": 9.873880221536036, "x5": 11.19798690257302, "x6": 9.449283327384906, "x7": -1.6438766128538254, "x8": 0.1066948508797798, "x9": 1.00786739678424}, "datetime": {"datetime": "2025-05-09 09:25:21", "elapsed": 61044.730785, "delta": 47.474072}}
{"target": 157.0715487144307, "params": {"x0": 0.8132777211530454, "x1": 3.0062634702537294, "x2": 1.3132531951847402, "x3": 6.609941706944868, "x4": 9.873880221536036, "x5": 11.19798690257302, "x6": 9.449283327384906, "x7": -1.6438766128538254, "x8": 0.1066948508797798, "x9": 1.00786739678424}, "datetime": {"datetime": "2025-05-09 09:26:23", "elapsed": 61107.289349, "delta": 62.558564}}
{"target": 157.0715487144307, "params": {"x0": 0.8132777211530454, "x1": 3.0062634702537294, "x2": 1.3132531951847402, "x3": 6.609941706944868, "x4": 9.873880221536036, "x5": 11.19798690257302, "x6": 9.449283327384906, "x7": -1.6438766128538254, "x8": 0.1066948508797798, "x9": 1.00786739678424}, "datetime": {"datetime": "2025-05-09 09:27:48", "elapsed": 61191.765278, "delta": 84.475929}}
{"target": 157.0715487144307, "params": {"x0": 0.8132777211530454, "x1": 3.0062634702537294, "x2": 1.3132531951847402, "x3": 6.609941706944868, "x4": 9.873880221536036, "x5": 11.19798690257302, "x6": 9.449283327384906, "x7": -1.6438766128538254, "x8": 0.1066948508797798, "x9": 1.00786739678424}, "datetime": {"datetime": "2025-05-09 09:28:57", "elapsed": 61261.329318, "delta": 69.56404}}
{"target": 157.0715487144307, "params": {"x0": 0.8132777211530454, "x1": 3.0062634702537294, "x2": 1.3132531951847402, "x3": 6.609941706944868, "x4": 9.873880221536036, "x5": 11.19798690257302, "x6": 9.449283327384906, "x7": -1.6438766128538254, "x8": 0.1066948508797798, "x9": 1.00786739678424}, "datetime": {"datetime": "2025-05-09 09:29:48", "elapsed": 61311.614121, "delta": 50.284803}}
{"target": 157.0715487144307, "params": {"x0": 0.8132777211530454, "x1": 3.0062634702537294, "x2": 1.3132531951847402, "x3": 6.609941706944868, "x4": 9.873880221536036, "x5": 11.19798690257302, "x6": 9.449283327384906, "x7": -1.6438766128538254, "x8": 0.1066948508797798, "x9": 1.00786739678424}, "datetime": {"datetime": "2025-05-09 09:31:07", "elapsed": 61391.390644, "delta": 79.776523}}
{"target": 157.0715487144307, "params": {"x0": 0.8132777211530454, "x1": 3.0062634702537294, "x2": 1.3132531951847402, "x3": 6.609941706944868, "x4": 9.873880221536036, "x5": 11.19798690257302, "x6": 9.449283327384906, "x7": -1.6438766128538254, "x8": 0.1066948508797798, "x9": 1.00786739678424}, "datetime": {"datetime": "2025-05-09 09:32:16", "elapsed": 61460.446587, "delta": 69.055943}}
{"target": 157.0715487144307, "params": {"x0": 0.8132777211530454, "x1": 3.0062634702537294, "x2": 1.3132531951847402, "x3": 6.609941706944868, "x4": 9.873880221536036, "x5": 11.19798690257302, "x6": 9.449283327384906, "x7": -1.6438766128538254, "x8": 0.1066948508797798, "x9": 1.00786739678424}, "datetime": {"datetime": "2025-05-09 09:33:23", "elapsed": 61527.285871, "delta": 66.839284}}
{"target": 157.0715487144307, "params": {"x0": 0.8132777211530454, "x1": 3.0062634702537294, "x2": 1.3132531951847402, "x3": 6.609941706944868, "x4": 9.873880221536036, "x5": 11.19798690257302, "x6": 9.449283327384906, "x7": -1.6438766128538254, "x8": 0.1066948508797798, "x9": 1.00786739678424}, "datetime": {"datetime": "2025-05-09 09:34:24", "elapsed": 61587.587352, "delta": 60.301481}}
{"target": 157.0715487144307, "params": {"x0": 0.8132777211530454, "x1": 3.0062634702537294, "x2": 1.3132531951847402, "x3": 6.609941706944868, "x4": 9.873880221536036, "x5": 11.19798690257302, "x6": 9.449283327384906, "x7": -1.6438766128538254, "x8": 0.1066948508797798, "x9": 1.00786739678424}, "datetime": {"datetime": "2025-05-09 09:35:29", "elapsed": 61652.635448, "delta": 65.048096}}
{"target": 157.0715487144307, "params": {"x0": 0.8132777211530454, "x1": 3.0062634702537294, "x2": 1.3132531951847402, "x3": 6.609941706944868, "x4": 9.873880221536036, "x5": 11.19798690257302, "x6": 9.449283327384906, "x7": -1.6438766128538254, "x8": 0.1066948508797798, "x9": 1.00786739678424}, "datetime": {"datetime": "2025-05-09 09:36:28", "elapsed": 61712.189551, "delta": 59.554103}}
{"target": 157.0715487144307, "params": {"x0": 0.8132777211530454, "x1": 3.0062634702537294, "x2": 1.3132531951847402, "x3": 6.609941706944868, "x4": 9.873880221536036, "x5": 11.19798690257302, "x6": 9.449283327384906, "x7": -1.6438766128538254, "x8": 0.1066948508797798, "x9": 1.00786739678424}, "datetime": {"datetime": "2025-05-09 09:37:43", "elapsed": 61786.886734, "delta": 74.697183}}
{"target": 157.0715487144307, "params": {"x0": 0.8132777211530454, "x1": 3.0062634702537294, "x2": 1.3132531951847402, "x3": 6.609941706944868, "x4": 9.873880221536036, "x5": 11.19798690257302, "x6": 9.449283327384906, "x7": -1.6438766128538254, "x8": 0.1066948508797798, "x9": 1.00786739678424}, "datetime": {"datetime": "2025-05-09 09:38:40", "elapsed": 61844.409723, "delta": 57.522989}}
{"target": 157.0715487144307, "params": {"x0": 0.8132777211530454, "x1": 3.0062634702537294, "x2": 1.3132531951847402, "x3": 6.609941706944868, "x4": 9.873880221536036, "x5": 11.19798690257302, "x6": 9.449283327384906, "x7": -1.6438766128538254, "x8": 0.1066948508797798, "x9": 1.00786739678424}, "datetime": {"datetime": "2025-05-09 09:39:42", "elapsed": 61905.577523, "delta": 61.1678}}
{"target": 157.0715487144307, "params": {"x0": 0.8132777211530454, "x1": 3.0062634702537294, "x2": 1.3132531951847402, "x3": 6.609941706944868, "x4": 9.873880221536036, "x5": 11.19798690257302, "x6": 9.449283327384906, "x7": -1.6438766128538254, "x8": 0.1066948508797798, "x9": 1.00786739678424}, "datetime": {"datetime": "2025-05-09 09:41:12", "elapsed": 61995.690325, "delta": 90.112802}}
{"target": 157.0715487144307, "params": {"x0": 0.8132777211530454, "x1": 3.0062634702537294, "x2": 1.3132531951847402, "x3": 6.609941706944868, "x4": 9.873880221536036, "x5": 11.19798690257302, "x6": 9.449283327384906, "x7": -1.6438766128538254, "x8": 0.1066948508797798, "x9": 1.00786739678424}, "datetime": {"datetime": "2025-05-09 09:42:06", "elapsed": 62049.868185, "delta": 54.17786}}
{"target": 157.0715487144307, "params": {"x0": 0.8132777211530454, "x1": 3.0062634702537294, "x2": 1.3132531951847402, "x3": 6.609941706944868, "x4": 9.873880221536036, "x5": 11.19798690257302, "x6": 9.449283327384906, "x7": -1.6438766128538254, "x8": 0.1066948508797798, "x9": 1.00786739678424}, "datetime": {"datetime": "2025-05-09 09:43:29", "elapsed": 62133.007717, "delta": 83.139532}}
{"target": 157.0715487144307, "params": {"x0": 0.8132777211530454, "x1": 3.0062634702537294, "x2": 1.3132531951847402, "x3": 6.609941706944868, "x4": 9.873880221536036, "x5": 11.19798690257302, "x6": 9.449283327384906, "x7": -1.6438766128538254, "x8": 0.1066948508797798, "x9": 1.00786739678424}, "datetime": {"datetime": "2025-05-09 09:44:49", "elapsed": 62212.801458, "delta": 79.793741}}
{"target": 157.0715487144307, "params": {"x0": 0.8132777211530454, "x1": 3.0062634702537294, "x2": 1.3132531951847402, "x3": 6.609941706944868, "x4": 9.873880221536036, "x5": 11.19798690257302, "x6": 9.449283327384906, "x7": -1.6438766128538254, "x8": 0.1066948508797798, "x9": 1.00786739678424}, "datetime": {"datetime": "2025-05-09 09:46:12", "elapsed": 62295.628247, "delta": 82.826789}}
{"target": 157.0715487144307, "params": {"x0": 0.8132777211530454, "x1": 3.0062634702537294, "x2": 1.3132531951847402, "x3": 6.609941706944868, "x4": 9.873880221536036, "x5": 11.19798690257302, "x6": 9.449283327384906, "x7": -1.6438766128538254, "x8": 0.1066948508797798, "x9": 1.00786739678424}, "datetime": {"datetime": "2025-05-09 09:47:17", "elapsed": 62360.982972, "delta": 65.354725}}
{"target": 157.0715487144307, "params": {"x0": 0.8132777211530454, "x1": 3.0062634702537294, "x2": 1.3132531951847402, "x3": 6.609941706944868, "x4": 9.873880221536036, "x5": 11.19798690257302, "x6": 9.449283327384906, "x7": -1.6438766128538254, "x8": 0.1066948508797798, "x9": 1.00786739678424}, "datetime": {"datetime": "2025-05-09 09:48:50", "elapsed": 62453.706879, "delta": 92.723907}}
{"target": 157.0715487144307, "params": {"x0": 0.8132777211530454, "x1": 3.0062634702537294, "x2": 1.3132531951847402, "x3": 6.609941706944868, "x4": 9.873880221536036, "x5": 11.19798690257302, "x6": 9.449283327384906, "x7": -1.6438766128538254, "x8": 0.1066948508797798, "x9": 1.00786739678424}, "datetime": {"datetime": "2025-05-09 09:50:05", "elapsed": 62529.178433, "delta": 75.471554}}
{"target": 157.0715487144307, "params": {"x0": 0.8132777211530454, "x1": 3.0062634702537294, "x2": 1.3132531951847402, "x3": 6.609941706944868, "x4": 9.873880221536036, "x5": 11.19798690257302, "x6": 9.449283327384906, "x7": -1.6438766128538254, "x8": 0.1066948508797798, "x9": 1.00786739678424}, "datetime": {"datetime": "2025-05-09 09:51:26", "elapsed": 62610.460068, "delta": 81.281635}}
{"target": 157.0715487144307, "params": {"x0": 0.8132777211530454, "x1": 3.0062634702537294, "x2": 1.3132531951847402, "x3": 6.609941706944868, "x4": 9.873880221536036, "x5": 11.19798690257302, "x6": 9.449283327384906, "x7": -1.6438766128538254, "x8": 0.1066948508797798, "x9": 1.00786739678424}, "datetime": {"datetime": "2025-05-09 09:52:38", "elapsed": 62682.188251, "delta": 71.728183}}
{"target": 157.0715487144307, "params": {"x0": 0.8132777211530454, "x1": 3.0062634702537294, "x2": 1.3132531951847402, "x3": 6.609941706944868, "x4": 9.873880221536036, "x5": 11.19798690257302, "x6": 9.449283327384906, "x7": -1.6438766128538254, "x8": 0.1066948508797798, "x9": 1.00786739678424}, "datetime": {"datetime": "2025-05-09 09:53:36", "elapsed": 62739.847415, "delta": 57.659164}}
{"target": 157.0715487144307, "params": {"x0": 0.8132777211530454, "x1": 3.0062634702537294, "x2": 1.3132531951847402, "x3": 6.609941706944868, "x4": 9.873880221536036, "x5": 11.19798690257302, "x6": 9.449283327384906, "x7": -1.6438766128538254, "x8": 0.1066948508797798, "x9": 1.00786739678424}, "datetime": {"datetime": "2025-05-09 09:54:48", "elapsed": 62812.446014, "delta": 72.598599}}
{"target": 157.0715487144307, "params": {"x0": 0.8132777211530454, "x1": 3.0062634702537294, "x2": 1.3132531951847402, "x3": 6.609941706944868, "x4": 9.873880221536036, "x5": 11.19798690257302, "x6": 9.449283327384906, "x7": -1.6438766128538254, "x8": 0.1066948508797798, "x9": 1.00786739678424}, "datetime": {"datetime": "2025-05-09 09:55:54", "elapsed": 62877.680423, "delta": 65.234409}}
{"target": 157.0715487144307, "params": {"x0": 0.8132777211530454, "x1": 3.0062634702537294, "x2": 1.3132531951847402, "x3": 6.609941706944868, "x4": 9.873880221536036, "x5": 11.19798690257302, "x6": 9.449283327384906, "x7": -1.6438766128538254, "x8": 0.1066948508797798, "x9": 1.00786739678424}, "datetime": {"datetime": "2025-05-09 09:57:27", "elapsed": 62971.521954, "delta": 93.841531}}
{"target": 157.0715487144307, "params": {"x0": 0.8132777211530454, "x1": 3.0062634702537294, "x2": 1.3132531951847402, "x3": 6.609941706944868, "x4": 9.873880221536036, "x5": 11.19798690257302, "x6": 9.449283327384906, "x7": -1.6438766128538254, "x8": 0.1066948508797798, "x9": 1.00786739678424}, "datetime": {"datetime": "2025-05-09 09:58:40", "elapsed": 63043.956378, "delta": 72.434424}}
{"target": 157.0715487144307, "params": {"x0": 0.8132777211530454, "x1": 3.0062634702537294, "x2": 1.3132531951847402, "x3": 6.609941706944868, "x4": 9.873880221536036, "x5": 11.19798690257302, "x6": 9.449283327384906, "x7": -1.6438766128538254, "x8": 0.1066948508797798, "x9": 1.00786739678424}, "datetime": {"datetime": "2025-05-09 09:59:53", "elapsed": 63117.38946, "delta": 73.433082}}
{"target": 157.0715487144307, "params": {"x0": 0.8132777211530454, "x1": 3.0062634702537294, "x2": 1.3132531951847402, "x3": 6.609941706944868, "x4": 9.873880221536036, "x5": 11.19798690257302, "x6": 9.449283327384906, "x7": -1.6438766128538254, "x8": 0.1066948508797798, "x9": 1.00786739678424}, "datetime": {"datetime": "2025-05-09 10:01:05", "elapsed": 63188.592246, "delta": 71.202786}}
{"target": 157.0715487144307, "params": {"x0": 0.8132777211530454, "x1": 3.0062634702537294, "x2": 1.3132531951847402, "x3": 6.609941706944868, "x4": 9.873880221536036, "x5": 11.19798690257302, "x6": 9.449283327384906, "x7": -1.6438766128538254, "x8": 0.1066948508797798, "x9": 1.00786739678424}, "datetime": {"datetime": "2025-05-09 10:02:10", "elapsed": 63254.505509, "delta": 65.913263}}
{"target": 157.0715487144307, "params": {"x0": 0.8132777211530454, "x1": 3.0062634702537294, "x2": 1.3132531951847402, "x3": 6.609941706944868, "x4": 9.873880221536036, "x5": 11.19798690257302, "x6": 9.449283327384906, "x7": -1.6438766128538254, "x8": 0.1066948508797798, "x9": 1.00786739678424}, "datetime": {"datetime": "2025-05-09 10:03:29", "elapsed": 63333.126373, "delta": 78.620864}}
{"target": 157.0715487144307, "params": {"x0": 0.8132777211530454, "x1": 3.0062634702537294, "x2": 1.3132531951847402, "x3": 6.609941706944868, "x4": 9.873880221536036, "x5": 11.19798690257302, "x6": 9.449283327384906, "x7": -1.6438766128538254, "x8": 0.1066948508797798, "x9": 1.00786739678424}, "datetime": {"datetime": "2025-05-09 10:04:30", "elapsed": 63394.077095, "delta": 60.950722}}
{"target": 157.0715487144307, "params": {"x0": 0.8132777211530454, "x1": 3.0062634702537294, "x2": 1.3132531951847402, "x3": 6.609941706944868, "x4": 9.873880221536036, "x5": 11.19798690257302, "x6": 9.449283327384906, "x7": -1.6438766128538254, "x8": 0.1066948508797798, "x9": 1.00786739678424}, "datetime": {"datetime": "2025-05-09 10:05:35", "elapsed": 63459.107993, "delta": 65.030898}}
{"target": 157.0715487144307, "params": {"x0": 0.8132777211530454, "x1": 3.0062634702537294, "x2": 1.3132531951847402, "x3": 6.609941706944868, "x4": 9.873880221536036, "x5": 11.19798690257302, "x6": 9.449283327384906, "x7": -1.6438766128538254, "x8": 0.1066948508797798, "x9": 1.00786739678424}, "datetime": {"datetime": "2025-05-09 10:06:41", "elapsed": 63525.201152, "delta": 66.093159}}
{"target": 157.0715487144307, "params": {"x0": 0.8132777211530454, "x1": 3.0062634702537294, "x2": 1.3132531951847402, "x3": 6.609941706944868, "x4": 9.873880221536036, "x5": 11.19798690257302, "x6": 9.449283327384906, "x7": -1.6438766128538254, "x8": 0.1066948508797798, "x9": 1.00786739678424}, "datetime": {"datetime": "2025-05-09 10:07:45", "elapsed": 63588.643076, "delta": 63.441924}}
{"target": 157.0715487144307, "params": {"x0": 0.8132777211530454, "x1": 3.0062634702537294, "x2": 1.3132531951847402, "x3": 6.609941706944868, "x4": 9.873880221536036, "x5": 11.19798690257302, "x6": 9.449283327384906, "x7": -1.6438766128538254, "x8": 0.1066948508797798, "x9": 1.00786739678424}, "datetime": {"datetime": "2025-05-09 10:09:04", "elapsed": 63668.425481, "delta": 79.782405}}
{"target": 157.0715487144307, "params": {"x0": 0.8132777211530454, "x1": 3.0062634702537294, "x2": 1.3132531951847402, "x3": 6.609941706944868, "x4": 9.873880221536036, "x5": 11.19798690257302, "x6": 9.449283327384906, "x7": -1.6438766128538254, "x8": 0.1066948508797798, "x9": 1.00786739678424}, "datetime": {"datetime": "2025-05-09 10:10:09", "elapsed": 63733.066829, "delta": 64.641348}}
{"target": 157.0715487144307, "params": {"x0": 0.8132777211530454, "x1": 3.0062634702537294, "x2": 1.3132531951847402, "x3": 6.609941706944868, "x4": 9.873880221536036, "x5": 11.19798690257302, "x6": 9.449283327384906, "x7": -1.6438766128538254, "x8": 0.1066948508797798, "x9": 1.00786739678424}, "datetime": {"datetime": "2025-05-09 10:11:16", "elapsed": 63800.02719, "delta": 66.960361}}
{"target": 157.0715487144307, "params": {"x0": 0.8132777211530454, "x1": 3.0062634702537294, "x2": 1.3132531951847402, "x3": 6.609941706944868, "x4": 9.873880221536036, "x5": 11.19798690257302, "x6": 9.449283327384906, "x7": -1.6438766128538254, "x8": 0.1066948508797798, "x9": 1.00786739678424}, "datetime": {"datetime": "2025-05-09 10:12:21", "elapsed": 63865.140513, "delta": 65.113323}}
{"target": 157.0715487144307, "params": {"x0": 0.8132777211530454, "x1": 3.0062634702537294, "x2": 1.3132531951847402, "x3": 6.609941706944868, "x4": 9.873880221536036, "x5": 11.19798690257302, "x6": 9.449283327384906, "x7": -1.6438766128538254, "x8": 0.1066948508797798, "x9": 1.00786739678424}, "datetime": {"datetime": "2025-05-09 10:13:26", "elapsed": 63930.307848, "delta": 65.167335}}
{"target": 157.0715487144307, "params": {"x0": 0.8132777211530454, "x1": 3.0062634702537294, "x2": 1.3132531951847402, "x3": 6.609941706944868, "x4": 9.873880221536036, "x5": 11.19798690257302, "x6": 9.449283327384906, "x7": -1.6438766128538254, "x8": 0.1066948508797798, "x9": 1.00786739678424}, "datetime": {"datetime": "2025-05-09 10:14:40", "elapsed": 64004.409186, "delta": 74.101338}}
{"target": 157.0715487144307, "params": {"x0": 0.8132777211530454, "x1": 3.0062634702537294, "x2": 1.3132531951847402, "x3": 6.609941706944868, "x4": 9.873880221536036, "x5": 11.19798690257302, "x6": 9.449283327384906, "x7": -1.6438766128538254, "x8": 0.1066948508797798, "x9": 1.00786739678424}, "datetime": {"datetime": "2025-05-09 10:15:46", "elapsed": 64070.285231, "delta": 65.876045}}
{"target": 157.0715487144307, "params": {"x0": 0.8132777211530454, "x1": 3.0062634702537294, "x2": 1.3132531951847402, "x3": 6.609941706944868, "x4": 9.873880221536036, "x5": 11.19798690257302, "x6": 9.449283327384906, "x7": -1.6438766128538254, "x8": 0.1066948508797798, "x9": 1.00786739678424}, "datetime": {"datetime": "2025-05-09 10:17:08", "elapsed": 64151.839882, "delta": 81.554651}}
{"target": 157.0715487144307, "params": {"x0": 0.8132777211530454, "x1": 3.0062634702537294, "x2": 1.3132531951847402, "x3": 6.609941706944868, "x4": 9.873880221536036, "x5": 11.19798690257302, "x6": 9.449283327384906, "x7": -1.6438766128538254, "x8": 0.1066948508797798, "x9": 1.00786739678424}, "datetime": {"datetime": "2025-05-09 10:18:21", "elapsed": 64224.953999, "delta": 73.114117}}
{"target": 157.0715487144307, "params": {"x0": 0.8132777211530454, "x1": 3.0062634702537294, "x2": 1.3132531951847402, "x3": 6.609941706944868, "x4": 9.873880221536036, "x5": 11.19798690257302, "x6": 9.449283327384906, "x7": -1.6438766128538254, "x8": 0.1066948508797798, "x9": 1.00786739678424}, "datetime": {"datetime": "2025-05-09 10:19:24", "elapsed": 64287.788941, "delta": 62.834942}}
{"target": 157.0715487144307, "params": {"x0": 0.8132777211530454, "x1": 3.0062634702537294, "x2": 1.3132531951847402, "x3": 6.609941706944868, "x4": 9.873880221536036, "x5": 11.19798690257302, "x6": 9.449283327384906, "x7": -1.6438766128538254, "x8": 0.1066948508797798, "x9": 1.00786739678424}, "datetime": {"datetime": "2025-05-09 10:20:31", "elapsed": 64355.091451, "delta": 67.30251}}
{"target": 157.0715487144307, "params": {"x0": 0.8132777211530454, "x1": 3.0062634702537294, "x2": 1.3132531951847402, "x3": 6.609941706944868, "x4": 9.873880221536036, "x5": 11.19798690257302, "x6": 9.449283327384906, "x7": -1.6438766128538254, "x8": 0.1066948508797798, "x9": 1.00786739678424}, "datetime": {"datetime": "2025-05-09 10:21:49", "elapsed": 64433.432205, "delta": 78.340754}}
