{"target": 152.6575712923315, "params": {"x0": 0.8125645327980883, "x1": 3.0056348452881894, "x2": 1.316360820094009, "x3": 6.609630964142233, "x4": 9.872139394419985, "x5": 11.346142153221933, "x6": 9.446536491476088, "x7": -1.6231737049044805, "x8": 0.10434592804779509, "x9": 1.0092096263710932}, "datetime": {"datetime": "2025-05-08 16:57:22", "elapsed": 1765.61214, "delta": 14.906645}}
{"target": 152.9191665267184, "params": {"x0": 0.8126267936181738, "x1": 3.0018886494208123, "x2": 1.3156634095375381, "x3": 6.608922484296732, "x4": 9.872944440267784, "x5": 11.333208308549247, "x6": 9.445797577287841, "x7": -1.6280615401667116, "x8": 0.1049738666747585, "x9": 1.0090924507130223}, "datetime": {"datetime": "2025-05-08 16:57:37", "elapsed": 1781.144498, "delta": 15.532358}}
{"target": 152.6274860490159, "params": {"x0": 0.8126890544382593, "x1": 2.9981424535534353, "x2": 1.3149659989810674, "x3": 6.609418420188582, "x4": 9.873749486115582, "x5": 11.346142153221933, "x6": 9.445058663099594, "x7": -1.6329493754289426, "x8": 0.1056018053017219, "x9": 1.0089752750549514}, "datetime": {"datetime": "2025-05-08 16:57:52", "elapsed": 1796.38213, "delta": 15.237632}}
{"target": 153.41811548351245, "params": {"x0": 0.8126828283562508, "x1": 3.0052602257014516, "x2": 1.3150357400367145, "x3": 6.609368826599397, "x4": 9.873668981530802, "x5": 11.32156784834383, "x6": 9.445132554518418, "x7": -1.6324605919027193, "x8": 0.10440872191049143, "x9": 1.0089869926207586}, "datetime": {"datetime": "2025-05-08 16:58:07", "elapsed": 1811.053304, "delta": 14.671174}}
{"target": 153.44261913612846, "params": {"x0": 0.8127304578836163, "x1": 3.008126065539995, "x2": 1.3145022209610144, "x3": 6.609748217556662, "x4": 9.874284841604368, "x5": 11.311673457169226, "x6": 9.444567285164409, "x7": -1.6287213979271127, "x8": 0.10488909496011843, "x9": 1.0088973532423344}, "datetime": {"datetime": "2025-05-08 16:58:22", "elapsed": 1826.231403, "delta": 15.178099}}
{"target": 154.1198179771155, "params": {"x0": 0.8127780874109818, "x1": 3.0052602257014516, "x2": 1.3139687018853143, "x3": 6.6101276085139276, "x4": 9.873668981530802, "x5": 11.301779065994621, "x6": 9.445132554518418, "x7": -1.6313388337100374, "x8": 0.10522535609485734, "x9": 1.0088077138639102}, "datetime": {"datetime": "2025-05-08 16:58:38", "elapsed": 1841.710572, "delta": 15.479169}}
{"target": 154.3826593225077, "params": {"x0": 0.8128257169383473, "x1": 3.0032541378144715, "x2": 1.3145022209610144, "x3": 6.610506999471193, "x4": 9.873237879479307, "x5": 11.291884674820016, "x6": 9.445528243066224, "x7": -1.6331710387580847, "x8": 0.10556161722959624, "x9": 1.008718074485486}, "datetime": {"datetime": "2025-05-08 16:58:53", "elapsed": 1857.33532, "delta": 15.624748}}
{"target": 154.64556212889755, "params": {"x0": 0.8128733464657127, "x1": 3.0012480499274914, "x2": 1.3141287576080243, "x3": 6.610886390428458, "x4": 9.872806777427812, "x5": 11.281990283645412, "x6": 9.44592393161403, "x7": -1.635003243806132, "x8": 0.10522535609485734, "x9": 1.0086284351070618}, "datetime": {"datetime": "2025-05-08 16:59:09", "elapsed": 1872.662657, "delta": 15.327337}}
{"target": 154.90851975848483, "params": {"x0": 0.8129209759930782, "x1": 3.0032541378144715, "x2": 1.3138673332609312, "x3": 6.611265781385724, "x4": 9.872375675376317, "x5": 11.272095892470807, "x6": 9.446319620161837, "x7": -1.6368354488541792, "x8": 0.10546073888917457, "x9": 1.0085387957286376}, "datetime": {"datetime": "2025-05-08 16:59:24", "elapsed": 1887.963204, "delta": 15.300547}}
{"target": 155.1715253017007, "params": {"x0": 0.8129686055204437, "x1": 3.0018498762935852, "x2": 1.313605908913838, "x3": 6.611645172342989, "x4": 9.871944573324821, "x5": 11.262201501296202, "x6": 9.446715308709644, "x7": -1.6386676539022265, "x8": 0.10562550684519663, "x9": 1.0084491563502134}, "datetime": {"datetime": "2025-05-08 16:59:40", "elapsed": 1903.6895, "delta": 15.726296}}
{"target": 155.43457285088954, "params": {"x0": 0.8130162350478092, "x1": 3.000866893228965, "x2": 1.313344484566745, "x3": 6.612024563300254, "x4": 9.871513471273326, "x5": 11.252307110121597, "x6": 9.44711099725745, "x7": -1.6368354488541792, "x8": 0.10579027480121869, "x9": 1.0083595169717892}, "datetime": {"datetime": "2025-05-08 16:59:56", "elapsed": 1919.623959, "delta": 15.934459}}
{"target": 155.31090052876672, "params": {"x0": 0.8130638645751747, "x1": 2.9998839101643444, "x2": 1.313083060219652, "x3": 6.61240395425752, "x4": 9.871082369221831, "x5": 11.242412718946992, "x6": 9.447506685805257, "x7": -1.6355529053205462, "x8": 0.10595504275724076, "x9": 1.008269877593365}, "datetime": {"datetime": "2025-05-08 17:00:10", "elapsed": 1934.325408, "delta": 14.701449}}
{"target": 155.69765560197328, "params": {"x0": 0.8130591016224381, "x1": 3.001751577987123, "x2": 1.3131092026543614, "x3": 6.611683111438715, "x4": 9.871901463119672, "x5": 11.243402158064454, "x6": 9.447467116950476, "x7": -1.637989738034449, "x8": 0.10593856596163854, "x9": 1.0082788415312074}, "datetime": {"datetime": "2025-05-08 17:00:26", "elapsed": 1949.799838, "delta": 15.47443}}
{"target": 155.96076559531656, "params": {"x0": 0.8130955382108727, "x1": 3.0025035600315575, "x2": 1.3133091922798876, "x3": 6.6113928773564075, "x4": 9.872231256189066, "x5": 11.235832948815881, "x6": 9.447769818689547, "x7": -1.6389708838376784, "x8": 0.10606461344799542, "x9": 1.0082102674067128}, "datetime": {"datetime": "2025-05-08 17:00:41", "elapsed": 1965.208998, "delta": 15.40916}}
{"target": 156.22389728555095, "params": {"x0": 0.8131319747993072, "x1": 3.003255542075992, "x2": 1.3134491850177559, "x3": 6.6111026432741, "x4": 9.87256104925846, "x5": 11.228263739567309, "x6": 9.44807252042862, "x7": -1.6399520296409078, "x8": 0.1061906609343523, "x9": 1.0081416932822183}, "datetime": {"datetime": "2025-05-08 17:00:57", "elapsed": 1980.704606, "delta": 15.495608}}
{"target": 156.46367882201184, "params": {"x0": 0.8131684113877418, "x1": 3.0040075241204263, "x2": 1.3135891777556241, "x3": 6.610812409191792, "x4": 9.872890842327854, "x5": 11.220694530318736, "x6": 9.44837522216769, "x7": -1.6409331754441372, "x8": 0.10631670842070917, "x9": 1.0080731191577237}, "datetime": {"datetime": "2025-05-08 17:01:12", "elapsed": 1995.558852, "delta": 14.854246}}
{"target": 156.72714997889938, "params": {"x0": 0.8132048479761763, "x1": 3.0047595061648606, "x2": 1.3134491850177559, "x3": 6.610522175109484, "x4": 9.873220635397248, "x5": 11.213125321070164, "x6": 9.448677923906763, "x7": -1.6419143212473666, "x8": 0.10644275590706605, "x9": 1.0080045450332291}, "datetime": {"datetime": "2025-05-08 17:01:27", "elapsed": 2011.283847, "delta": 15.724995}}
{"target": 156.9906243967035, "params": {"x0": 0.8132412845646109, "x1": 3.005511488209295, "x2": 1.313351190101248, "x3": 6.610231941027176, "x4": 9.873550428466642, "x5": 11.205556111821592, "x6": 9.448980625645834, "x7": -1.642895467050596, "x8": 0.10656880339342292, "x9": 1.0079359709087345}, "datetime": {"datetime": "2025-05-08 17:01:42", "elapsed": 2026.494368, "delta": 15.210521}}
{"target": 157.0715487144307, "params": {"x0": 0.8132777211530454, "x1": 3.0062634702537294, "x2": 1.3132531951847402, "x3": 6.609941706944868, "x4": 9.873880221536036, "x5": 11.19798690257302, "x6": 9.449283327384906, "x7": -1.6438766128538254, "x8": 0.1066948508797798, "x9": 1.00786739678424}, "datetime": {"datetime": "2025-05-08 17:01:58", "elapsed": 2041.932073, "delta": 15.437705}}
{"target": 157.0715487144307, "params": {"x0": 0.81331415774148, "x1": 3.007015452298164, "x2": 1.313351190101248, "x3": 6.60965147286256, "x4": 9.87421001460543, "x5": 11.190417693324447, "x6": 9.449586029123978, "x7": -1.6448577586570547, "x8": 0.10682089836613667, "x9": 1.0077988226597454}, "datetime": {"datetime": "2025-05-08 17:02:13", "elapsed": 2057.487619, "delta": 15.555546}}
{"target": 156.80864984565005, "params": {"x0": 0.8133105140826365, "x1": 3.0069402540937205, "x2": 1.313164999759883, "x3": 6.609680496270791, "x4": 9.87417703529849, "x5": 11.204799190896734, "x6": 9.449555758950071, "x7": -1.6447596440767318, "x8": 0.106808293617501, "x9": 1.0078056800721948}, "datetime": {"datetime": "2025-05-08 17:02:29", "elapsed": 2073.424408, "delta": 15.936789}}
{"target": 157.0715487144307, "params": {"x0": 0.8132482075164135, "x1": 3.0056543647977376, "x2": 1.3133325710671115, "x3": 6.609706617338198, "x4": 9.874147353922245, "x5": 11.191855843081676, "x6": 9.449038138976258, "x7": -1.6446713409544411, "x8": 0.10659275241583073, "x9": 1.0079229418250806}, "datetime": {"datetime": "2025-05-08 17:02:45", "elapsed": 2088.910972, "delta": 15.486564}}
{"target": 157.0715487144307, "params": {"x0": 0.8132511588800766, "x1": 3.006811665164122, "x2": 1.3133246334788744, "x3": 6.6097301262988655, "x4": 9.873639802388448, "x5": 11.19246894903081, "x6": 9.449062657817123, "x7": -1.6445918681443796, "x8": 0.10678673949733396, "x9": 1.0079173873209966}, "datetime": {"datetime": "2025-05-08 17:03:01", "elapsed": 2105.053376, "delta": 16.142404}}
{"target": 157.0715487144307, "params": {"x0": 0.8132538151073735, "x1": 3.005770094834376, "x2": 1.313317489649461, "x3": 6.609751284363466, "x4": 9.874096598768865, "x5": 11.19302074438503, "x6": 9.4490847247739, "x7": -1.644520342615324, "x8": 0.10677755063557855, "x9": 1.007822405301159}, "datetime": {"datetime": "2025-05-08 17:03:17", "elapsed": 2120.655624, "delta": 15.602248}}
{"target": 157.0715487144307, "params": {"x0": 0.8132562057119407, "x1": 3.0067075081311474, "x2": 1.313311060202989, "x3": 6.609770326621606, "x4": 9.874074961045581, "x5": 11.19351736020383, "x6": 9.449104585035002, "x7": -1.6444559696391743, "x8": 0.10676928065999867, "x9": 1.0078269044494672}, "datetime": {"datetime": "2025-05-08 17:03:33", "elapsed": 2136.736708, "delta": 16.081084}}
{"target": 157.0715487144307, "params": {"x0": 0.8132970850500396, "x1": 3.0058638361640533, "x2": 1.313305273701164, "x3": 6.609787464653932, "x4": 9.874055487094628, "x5": 11.193964314440748, "x6": 9.44944419549982, "x7": -1.6443980339606394, "x8": 0.10676183768197678, "x9": 1.0078309536829444}, "datetime": {"datetime": "2025-05-08 17:03:48", "elapsed": 2151.766905, "delta": 15.030197}}
{"target": 157.0715487144307, "params": {"x0": 0.8132951486603403, "x1": 3.006623140934438, "x2": 1.3133000658495215, "x3": 6.609802888883026, "x4": 9.874037960538768, "x5": 11.194366573253976, "x6": 9.449138546081484, "x7": -1.644345891849958, "x8": 0.10675513900175708, "x9": 1.0079001955754059}, "datetime": {"datetime": "2025-05-08 17:04:03", "elapsed": 2166.95635, "delta": 15.189445}}
{"target": 157.0715487144307, "params": {"x0": 0.8132620363964801, "x1": 3.006587173866367, "x2": 1.3132953787830435, "x3": 6.60981677068921, "x4": 9.874022186638495, "x5": 11.19472860618588, "x6": 9.449413630557986, "x7": -1.6442989639503447, "x8": 0.10674911018955936, "x9": 1.0078378778721906}, "datetime": {"datetime": "2025-05-08 17:04:19", "elapsed": 2183.039351, "delta": 16.083001}}
{"target": 157.0715487144307, "params": {"x0": 0.8132918374339543, "x1": 3.0065548035051033, "x2": 1.3132911604232131, "x3": 6.609829264314776, "x4": 9.874007990128248, "x5": 11.195054435824593, "x6": 9.44940060024068, "x7": -1.6442567288406928, "x8": 0.1067436842585814, "x9": 1.0078408297633956}, "datetime": {"datetime": "2025-05-08 17:04:35", "elapsed": 2198.80215, "delta": 15.762799}}
{"target": 157.0715487144307, "params": {"x0": 0.8132904258058633, "x1": 3.006525670179966, "x2": 1.3132873638993658, "x3": 6.609840508577785, "x4": 9.873995213269028, "x5": 11.195347682499436, "x6": 9.449388872955101, "x7": -1.644218717242006, "x8": 0.10665090083885835, "x9": 1.00784348646548}, "datetime": {"datetime": "2025-05-08 17:04:50", "elapsed": 2213.959493, "delta": 15.157343}}
{"target": 157.0715487144307, "params": {"x0": 0.8132891553405815, "x1": 3.0064994501873423, "x2": 1.3132839470279032, "x3": 6.609850628414494, "x4": 9.87398371409573, "x5": 11.195611604506794, "x6": 9.449378318398082, "x7": -1.644184506803188, "x8": 0.1067344059166091, "x9": 1.007845877497356}, "datetime": {"datetime": "2025-05-08 17:05:05", "elapsed": 2229.508853, "delta": 15.54936}}
{"target": 157.0715487144307, "params": {"x0": 0.813288011921828, "x1": 3.006475852193981, "x2": 1.3132808718435869, "x3": 6.609859736267531, "x4": 9.87397336483976, "x5": 11.195849134313416, "x6": 9.449368819296764, "x7": -1.6441537174082517, "x8": 0.10673045041292617, "x9": 1.0078480294260443}, "datetime": {"datetime": "2025-05-08 17:05:22", "elapsed": 2245.602577, "delta": 16.093724}}
{"target": 157.0715487144307, "params": {"x0": 0.8132869828449497, "x1": 3.006454613999956, "x2": 1.3132781041777022, "x3": 6.609867933335265, "x4": 9.873964050509386, "x5": 11.196062911139377, "x6": 9.44936027010558, "x7": -1.644126006952809, "x8": 0.10672689045961153, "x9": 1.0078499661618638}, "datetime": {"datetime": "2025-05-08 17:05:37", "elapsed": 2261.144787, "delta": 15.54221}}
{"target": 157.0715487144307, "params": {"x0": 0.8132860566757593, "x1": 3.0064354996253333, "x2": 1.313275613278406, "x3": 6.609875310696225, "x4": 9.873955667612051, "x5": 11.196255310282742, "x6": 9.449352575833512, "x7": -1.6441010675429106, "x8": 0.10672368650162836, "x9": 1.0078517092241015}, "datetime": {"datetime": "2025-05-08 17:05:52", "elapsed": 2276.312084, "delta": 15.167297}}
{"target": 157.0715487144307, "params": {"x0": 0.8132852231234878, "x1": 3.0064182966881727, "x2": 1.3132733714690394, "x3": 6.609881950321089, "x4": 9.87394812300445, "x5": 11.196428469511769, "x6": 9.44934565098865, "x7": -1.6440786220740022, "x8": 0.1067208029394435, "x9": 1.0078532779801155}, "datetime": {"datetime": "2025-05-08 17:06:08", "elapsed": 2292.236027, "delta": 15.923943}}
{"target": 157.0715487144307, "params": {"x0": 0.8132844729264437, "x1": 3.0064028140447285, "x2": 1.3132713538406096, "x3": 6.609887925983467, "x4": 9.873941332857608, "x5": 11.196584312817894, "x6": 9.449339418628277, "x7": -1.6440584211519844, "x8": 0.10671820773347714, "x9": 1.0078546898605278}, "datetime": {"datetime": "2025-05-08 17:06:24", "elapsed": 2308.00063, "delta": 15.764603}}
{"target": 157.0715487144307, "params": {"x0": 0.8132837977491039, "x1": 3.0063888796656286, "x2": 1.3132695379750225, "x3": 6.609893304079607, "x4": 9.873935221725452, "x5": 11.196724571793407, "x6": 9.449333809503939, "x7": -1.6440402403221686, "x8": 0.1067158720481074, "x9": 1.0078559605528992}, "datetime": {"datetime": "2025-05-08 17:06:40", "elapsed": 2324.029591, "delta": 16.028961}}
{"target": 157.0715487144307, "params": {"x0": 0.813283190089498, "x1": 3.0063763387244387, "x2": 1.3132679036959944, "x3": 6.6098981443661335, "x4": 9.87392972170651, "x5": 11.196850804871367, "x6": 9.449328761292035, "x7": -1.6440238775753342, "x8": 0.10671376993127464, "x9": 1.0078571041760331}, "datetime": {"datetime": "2025-05-08 17:06:56", "elapsed": 2339.971268, "delta": 15.941677}}
{"target": 157.0715487144307, "params": {"x0": 0.8132826431958528, "x1": 3.006365051877368, "x2": 1.3132664328448689, "x3": 6.609902500624007, "x4": 9.873924771689461, "x5": 11.196964414641533, "x6": 9.449324217901323, "x7": -1.6440091511031834, "x8": 0.10671187802612515, "x9": 1.007858133436854}, "datetime": {"datetime": "2025-05-08 17:07:10", "elapsed": 2354.385663, "delta": 14.414395}}
{"target": 157.0715487144307, "params": {"x0": 0.813282150991572, "x1": 3.0063548937150038, "x2": 1.313265109078856, "x3": 6.609906421256093, "x4": 9.87392031667412, "x5": 11.197066663434681, "x6": 9.449320128849681, "x7": -1.6439958972782476, "x8": 0.10671017531149062, "x9": 1.0078590597715924}, "datetime": {"datetime": "2025-05-08 17:07:26", "elapsed": 2369.889608, "delta": 15.503945}}
{"target": 157.0715487144307, "params": {"x0": 0.8132817080077194, "x1": 3.0063457513688765, "x2": 1.3132639176894445, "x3": 6.609909949824971, "x4": 9.87391630716031, "x5": 11.197158687348516, "x6": 9.449316448703204, "x7": -1.6439839688358053, "x8": 0.10670864286831953, "x9": 1.007859893472857}, "datetime": {"datetime": "2025-05-08 17:07:41", "elapsed": 2385.283562, "delta": 15.393954}}
{"target": 157.0715487144307, "params": {"x0": 0.813281309322252, "x1": 3.0063375232573617, "x2": 1.313262845438974, "x3": 6.60991312553696, "x4": 9.873912698597884, "x5": 11.197241508870967, "x6": 9.449313136571375, "x7": -1.6439732332376074, "x8": 0.10670726366946556, "x9": 1.0078606438039954}, "datetime": {"datetime": "2025-05-08 17:07:57", "elapsed": 2401.295192, "delta": 16.01163}}
{"target": 157.0715487144307, "params": {"x0": 0.8132809505053313, "x1": 3.0063301179569986, "x2": 1.3132618804135507, "x3": 6.609915983677751, "x4": 9.873909450891698, "x5": 11.197316048241172, "x6": 9.449310155652727, "x7": -1.643963571199229, "x8": 0.10670602239049698, "x9": 1.00786131910202}, "datetime": {"datetime": "2025-05-08 17:08:14", "elapsed": 2417.700009, "delta": 16.404817}}
{"target": 157.0715487144307, "params": {"x0": 0.8132806275701027, "x1": 3.006323453186672, "x2": 1.3132610118906696, "x3": 6.609918556004462, "x4": 9.873906527956132, "x5": 11.197383133674355, "x6": 9.449307472825945, "x7": -1.6439548753646889, "x8": 0.10670490523942527, "x9": 1.007861926870242}, "datetime": {"datetime": "2025-05-08 17:08:29", "elapsed": 2433.160802, "delta": 15.460793}}
{"target": 157.0715487144307, "params": {"x0": 0.813280336928397, "x1": 3.0063174548933773, "x2": 1.3132602302200767, "x3": 6.609920871098503, "x4": 9.873903897314122, "x5": 11.197443510564222, "x6": 9.44930505828184, "x7": -1.6439470491136023, "x8": 0.10670389980346072, "x9": 1.0078624738616417}, "datetime": {"datetime": "2025-05-08 17:08:44", "elapsed": 2448.41313, "delta": 15.252328}}
{"target": 157.0715487144307, "params": {"x0": 0.8132800753508618, "x1": 3.0063120564294126, "x2": 1.313259526716543, "x3": 6.60992295468314, "x4": 9.873901529736314, "x5": 11.197497849765101, "x6": 9.449302885192148, "x7": -1.6439400054876248, "x8": 0.10670299491109263, "x9": 1.0078629661539016}, "datetime": {"datetime": "2025-05-08 17:09:01", "elapsed": 2464.700151, "delta": 16.287021}}
{"target": 157.0715487144307, "params": {"x0": 0.8132798399310802, "x1": 3.0063071978118443, "x2": 1.3132588935633627, "x3": 6.609924829909312, "x4": 9.873899398916286, "x5": 11.197546755045893, "x6": 9.449300929411423, "x7": -1.6439336662242447, "x8": 0.10670218050796135, "x9": 1.0078634092169354}, "datetime": {"datetime": "2025-05-08 17:09:19", "elapsed": 2483.213989, "delta": 18.513838}}
{"target": 157.0715487144307, "params": {"x0": 0.8132796280532767, "x1": 3.0063028250560326, "x2": 1.3132583237255004, "x3": 6.609926517612868, "x4": 9.873897481178261, "x5": 11.197590769798607, "x6": 9.449299169208771, "x7": -1.6439279608872028, "x8": 0.10670144754514319, "x9": 1.007863807973666}, "datetime": {"datetime": "2025-05-08 17:09:35", "elapsed": 2498.846169, "delta": 15.63218}}
{"target": 157.0715487144307, "params": {"x0": 0.8132794373632536, "x1": 3.0062988895758025, "x2": 1.3132578108714243, "x3": 6.609928036546068, "x4": 9.873895755214038, "x5": 11.197630383076048, "x6": 9.449297585026386, "x7": -1.6439228260838652, "x8": 0.10670078787860685, "x9": 1.0078641668547232}, "datetime": {"datetime": "2025-05-08 17:09:51", "elapsed": 2514.838057, "delta": 15.991888}}
{"target": 157.0715487144307, "params": {"x0": 0.8132792657422327, "x1": 3.006295347643595, "x2": 1.313257349302756, "x3": 6.609929403585948, "x4": 9.873894201846237, "x5": 11.197666035025744, "x6": 9.449296159262238, "x7": -1.6439182047608611, "x8": 0.10670019417872414, "x9": 1.007864489847675}, "datetime": {"datetime": "2025-05-08 17:10:06", "elapsed": 2530.348095, "delta": 15.510038}}
{"target": 157.0715487144307, "params": {"x0": 0.813279111283314, "x1": 3.0062921599046084, "x2": 1.3132569338909543, "x3": 6.60993063392184, "x4": 9.873892803815218, "x5": 11.197698121780473, "x6": 9.449294876074504, "x7": -1.6439140455701575, "x8": 0.10669965984882972, "x9": 1.0078647805413314}, "datetime": {"datetime": "2025-05-08 17:10:23", "elapsed": 2546.879739, "delta": 16.531644}}
{"target": 157.0715487144307, "params": {"x0": 0.8132789722702871, "x1": 3.0062892909395207, "x2": 1.313256560020333, "x3": 6.609931741224143, "x4": 9.8738915455873, "x5": 11.197726999859727, "x6": 9.449293721205544, "x7": -1.6439103022985244, "x8": 0.10669917895192473, "x9": 1.0078650421656223}, "datetime": {"datetime": "2025-05-08 17:10:39", "elapsed": 2562.699847, "delta": 15.820108}}
{"target": 157.0715487144307, "params": {"x0": 0.813278847158563, "x1": 3.0062867088709417, "x2": 1.3132562235367737, "x3": 6.609932737796216, "x4": 9.873890413182174, "x5": 11.197752990131056, "x6": 9.449292681823481, "x7": -1.6439069333540544, "x8": 0.10669874614471023, "x9": 1.0078652776274841}, "datetime": {"datetime": "2025-05-08 17:10:55", "elapsed": 2578.700102, "delta": 16.000255}}
{"target": 157.0715487144307, "params": {"x0": 0.8132787345580113, "x1": 3.0062843850092205, "x2": 1.3132559207015704, "x3": 6.609933634711081, "x4": 9.87388939401756, "x5": 11.197776381375252, "x6": 9.449291746379624, "x7": -1.6439039013040315, "x8": 0.10669835661821718, "x9": 1.0078654895431596}, "datetime": {"datetime": "2025-05-08 17:11:10", "elapsed": 2594.439382, "delta": 15.73928}}
{"target": 157.0715487144307, "params": {"x0": 0.8132786332175147, "x1": 3.0062822935336713, "x2": 1.3132556481498874, "x3": 6.60993444193446, "x4": 9.873888476769407, "x5": 11.19779743349503, "x6": 9.44929090448015, "x7": -1.643901172459011, "x8": 0.10669800604437345, "x9": 1.0078656802672676}, "datetime": {"datetime": "2025-05-08 17:11:27", "elapsed": 2610.666944, "delta": 16.227562}}
{"target": 157.0715487144307, "params": {"x0": 0.8132785420110678, "x1": 3.006280411205677, "x2": 1.3132554028533727, "x3": 6.6099351684355, "x4": 9.87388765124607, "x5": 11.197816380402829, "x6": 9.449290146770627, "x7": -1.6438987164984924, "x8": 0.10669769052791409, "x9": 1.007865851918965}, "datetime": {"datetime": "2025-05-08 17:11:42", "elapsed": 2626.410748, "delta": 15.743804}}
