{"target": 157.0715487144307, "params": {"x0": 0.8132784599252655, "x1": 3.006278717110482, "x2": 1.3132551820865093, "x3": 6.609935822286437, "x4": 9.873886908275066, "x5": 11.197833432619847, "x6": 9.449289464832054, "x7": -1.6438965061340256, "x8": 0.10669740656310066, "x9": 1.0078660064054925}, "datetime": {"datetime": "2025-05-08 17:11:58", "elapsed": 2641.84476, "delta": 15.434012}}
{"target": 157.0715487144307, "params": {"x0": 0.8132783860480435, "x1": 3.006277192424807, "x2": 1.3132549833963325, "x3": 6.6099364107522804, "x4": 9.873886239601163, "x5": 11.197848779615164, "x6": 9.44928885108734, "x7": -1.6438945168060055, "x8": 0.10669715099476856, "x9": 1.0078661454433673}, "datetime": {"datetime": "2025-05-08 17:12:13", "elapsed": 2656.968433, "delta": 15.123673}}
{"target": 157.0715487144307, "params": {"x0": 0.8132783195585437, "x1": 3.006275820207699, "x2": 1.3132548045751733, "x3": 6.609936940371539, "x4": 9.87388563779465, "x5": 11.19786259191095, "x6": 9.449288298717097, "x7": -1.6438927264107877, "x8": 0.10669692098326969, "x9": 1.0078662705774544}, "datetime": {"datetime": "2025-05-08 17:12:29", "elapsed": 2673.110568, "delta": 16.142135}}
{"target": 157.0715487144307, "params": {"x0": 0.8132782597179938, "x1": 3.006274585212302, "x2": 1.3132546436361299, "x3": 6.609937417028872, "x4": 9.87388509616879, "x5": 11.197875022977156, "x6": 9.449287801583878, "x7": -1.6438911150550914, "x8": 0.1066967139729207, "x9": 1.007866383198133}, "datetime": {"datetime": "2025-05-08 17:12:45", "elapsed": 2688.980232, "delta": 15.869664}}
{"target": 157.0715487144307, "params": {"x0": 0.813278205861499, "x1": 3.006273473716445, "x2": 1.3132544987909909, "x3": 6.609937846020472, "x4": 9.873884608705513, "x5": 11.197886210936742, "x6": 9.44928735416398, "x7": -1.6438896648349648, "x8": 0.10669652766360661, "x9": 1.0078664845567438}, "datetime": {"datetime": "2025-05-08 17:13:01", "elapsed": 2705.11817, "delta": 16.137938}}
{"target": 157.0715487144307, "params": {"x0": 0.8132781573906537, "x1": 3.0062724733701733, "x2": 1.313254368430366, "x3": 6.609938232112911, "x4": 9.873884169988566, "x5": 11.197896280100371, "x6": 9.449286951486073, "x7": -1.6438883596368508, "x8": 0.10669635998522393, "x9": 1.0078665757794933}, "datetime": {"datetime": "2025-05-08 17:13:16", "elapsed": 2720.209321, "delta": 15.091151}}
{"target": 157.0715487144307, "params": {"x0": 0.8132781137668929, "x1": 3.006271573058529, "x2": 1.3132542511058032, "x3": 6.609938579596107, "x4": 9.873883775143312, "x5": 11.197905342347635, "x6": 9.449286589075957, "x7": -1.6438871849585484, "x8": 0.10669620907467951, "x9": 1.007866657879968}, "datetime": {"datetime": "2025-05-08 17:13:32", "elapsed": 2736.34956, "delta": 16.140239}}
{"target": 157.0715487144307, "params": {"x0": 0.813278074505508, "x1": 3.006270762778049, "x2": 1.313254145513697, "x3": 6.609938892330983, "x4": 9.873883419782585, "x5": 11.197913498370173, "x6": 9.44928626290685, "x7": -1.643886127748076, "x8": 0.10669607325518954, "x9": 1.007866731770395}, "datetime": {"datetime": "2025-05-08 17:13:48", "elapsed": 2752.338701, "delta": 15.989141}}
{"target": 157.0715487144307, "params": {"x0": 0.8132780391702619, "x1": 3.006270033525617, "x2": 1.3132540504808012, "x3": 6.609939173792371, "x4": 9.873883099957931, "x5": 11.19792083879046, "x6": 9.449285969354657, "x7": -1.6438851762586508, "x8": 0.10669595101764857, "x9": 1.0078667982717797}, "datetime": {"datetime": "2025-05-08 17:14:04", "elapsed": 2767.939987, "delta": 15.601286}}
{"target": 157.0715487144307, "params": {"x0": 0.8132780073685402, "x1": 3.006269377198428, "x2": 1.3132539649511952, "x3": 6.609939427107621, "x4": 9.87388281211574, "x5": 11.197927445168714, "x6": 9.449285705157681, "x7": -1.6438843199181683, "x8": 0.10669584100386169, "x9": 1.0078668581230257}, "datetime": {"datetime": "2025-05-08 17:14:20", "elapsed": 2783.561972, "delta": 15.621985}}
{"target": 157.0715487144307, "params": {"x0": 0.8132779787469907, "x1": 3.0062687865039583, "x2": 1.3132538879745497, "x3": 6.609939655091345, "x4": 9.87388255305777, "x5": 11.197933390909146, "x6": 9.449285467380404, "x7": -1.643883549211734, "x8": 0.1066957419914535, "x9": 1.0078669119891472}, "datetime": {"datetime": "2025-05-08 17:14:35", "elapsed": 2799.410844, "delta": 15.848872}}
{"target": 157.0715487144307, "params": {"x0": 0.8132779529875962, "x1": 3.0062682548789357, "x2": 1.3132538186955687, "x3": 6.609939860276698, "x4": 9.873882319905597, "x5": 11.197938742075532, "x6": 9.449285253380854, "x7": -1.6438828555759433, "x8": 0.10669565288028614, "x9": 1.0078669604686563}, "datetime": {"datetime": "2025-05-08 17:14:51", "elapsed": 2814.947578, "delta": 15.536734}}
{"target": 157.0715487144307, "params": {"x0": 0.8132779298041412, "x1": 3.006267776416415, "x2": 1.313253756344486, "x3": 6.609940044943515, "x4": 9.87388211006864, "x5": 11.197943558125282, "x6": 9.449285060781259, "x7": -1.6438822313037313, "x8": 0.1066955726802355, "x9": 1.0078670041002147}, "datetime": {"datetime": "2025-05-08 17:15:06", "elapsed": 2830.414374, "delta": 15.466796}}
{"target": 157.0715487144307, "params": {"x0": 0.8132779089390315, "x1": 3.0062673458001465, "x2": 1.3132537002285114, "x3": 6.60994021114365, "x4": 9.87388192121538, "x5": 11.197947892570054, "x6": 9.449284887441625, "x7": -1.6438816694587408, "x8": 0.10669550050018993, "x9": 1.0078670433686172}, "datetime": {"datetime": "2025-05-08 17:15:22", "elapsed": 2846.176135, "delta": 15.761761}}
{"target": 157.0715487144307, "params": {"x0": 0.813277890160433, "x1": 3.006266958245505, "x2": 1.3132536497241343, "x3": 6.609940360723772, "x4": 9.873881751247445, "x5": 11.19795179357035, "x6": 9.449284731435952, "x7": -1.6438811637982493, "x8": 0.10669543553814892, "x9": 1.0078670787101796}, "datetime": {"datetime": "2025-05-08 17:15:38", "elapsed": 2861.868184, "delta": 15.692049}}
{"target": 157.0715487144307, "params": {"x0": 0.8132778732596941, "x1": 3.0062666094463273, "x2": 1.3132536042701948, "x3": 6.609940495345882, "x4": 9.873881598276304, "x5": 11.197955304470618, "x6": 9.449284591030848, "x7": -1.643880708703807, "x8": 0.10669537707231201, "x9": 1.0078671105175856}, "datetime": {"datetime": "2025-05-08 17:15:53", "elapsed": 2877.520841, "delta": 15.652657}}
{"target": 157.0715487144307, "params": {"x0": 0.8132778580490293, "x1": 3.0062662955270674, "x2": 1.3132535633616493, "x3": 6.609940616505781, "x4": 9.873881460602277, "x5": 11.197958464280859, "x6": 9.449284464666254, "x7": -1.6438802991188086, "x8": 0.10669532445305878, "x9": 1.007867139144251}, "datetime": {"datetime": "2025-05-08 17:16:09", "elapsed": 2893.371483, "delta": 15.850642}}
{"target": 157.0715487144307, "params": {"x0": 0.813277844359431, "x1": 3.0062660129997334, "x2": 1.3132535265439584, "x3": 6.609940725549689, "x4": 9.873881336695653, "x5": 11.197961308110074, "x6": 9.449284350938118, "x7": -1.6438799304923104, "x8": 0.10669527709573089, "x9": 1.00786716490825}, "datetime": {"datetime": "2025-05-08 17:16:25", "elapsed": 2909.19996, "delta": 15.828477}}
{"target": 157.0715487144307, "params": {"x0": 0.8132778320387923, "x1": 3.0062657587251334, "x2": 1.3132534934080367, "x3": 6.609940823689207, "x4": 9.873881225179693, "x5": 11.19796386755637, "x6": 9.449284248582797, "x7": -1.6438795987284618, "x8": 0.10669523447413577, "x9": 1.007867188095849}, "datetime": {"datetime": "2025-05-08 17:16:42", "elapsed": 2925.592961, "delta": 16.393001}}
{"target": 157.0715487144307, "params": {"x0": 0.8132778209502176, "x1": 3.006265529877993, "x2": 1.313253463585707, "x3": 6.609940912014773, "x4": 9.873881124815327, "x5": 11.197966171058034, "x6": 9.449284156463008, "x7": -1.6438793001409981, "x8": 0.10669519611470017, "x9": 1.007867208964688}, "datetime": {"datetime": "2025-05-08 17:16:57", "elapsed": 2941.42402, "delta": 15.831059}}
{"target": 157.0715487144307, "params": {"x0": 0.8132778109705004, "x1": 3.0062653239155663, "x2": 1.3132534367456103, "x3": 6.6099409915077825, "x4": 9.873881034487397, "x5": 11.197968244209532, "x6": 9.449284073555198, "x7": -1.6438790314122809, "x8": 0.10669516159120813, "x9": 1.0078672277466432}, "datetime": {"datetime": "2025-05-08 17:17:13", "elapsed": 2957.356893, "delta": 15.932873}}
{"target": 157.0715487144307, "params": {"x0": 0.813277801988755, "x1": 3.0062651385493826, "x2": 1.3132534125895232, "x3": 6.609941063051491, "x4": 9.873880953192261, "x5": 11.197970110045881, "x6": 9.449283998938169, "x7": -1.6438787895564353, "x8": 0.10669513052006531, "x9": 1.007867244650403}, "datetime": {"datetime": "2025-05-08 17:17:29", "elapsed": 2973.385273, "delta": 16.02838}}
{"target": 157.0715487144307, "params": {"x0": 0.813277793905184, "x1": 3.0062649717198173, "x2": 1.313253390849045, "x3": 6.609941127440829, "x4": 9.873880880026638, "x5": 11.197971789298595, "x6": 9.449283931782842, "x7": -1.6438785718861744, "x8": 0.10669510255603676, "x9": 1.0078672598637866}, "datetime": {"datetime": "2025-05-08 17:17:45", "elapsed": 2989.392168, "delta": 16.006895}}
{"target": 157.0715487144307, "params": {"x0": 0.8132777866299701, "x1": 3.0062648215732084, "x2": 1.3132533712826144, "x3": 6.609941185391233, "x4": 9.873880814177578, "x5": 11.197973300626037, "x6": 9.449283871343049, "x7": -1.6438783759829394, "x8": 0.10669507738841107, "x9": 1.007867273555832}, "datetime": {"datetime": "2025-05-08 17:18:01", "elapsed": 3005.399471, "delta": 16.007303}}
{"target": 157.0715487144307, "params": {"x0": 0.8132777800822777, "x1": 3.0062646864412605, "x2": 1.313253353672827, "x3": 6.609941237546597, "x4": 9.873880754913424, "x5": 11.197974660820735, "x6": 9.449283816947235, "x7": -1.643878199670028, "x8": 0.10669505473754794, "x9": 1.0078672858786728}, "datetime": {"datetime": "2025-05-08 17:18:17", "elapsed": 3021.290487, "delta": 15.891016}}
{"target": 157.0715487144307, "params": {"x0": 0.8132777741893544, "x1": 3.0062645648225077, "x2": 1.3132533378240183, "x3": 6.609941284486424, "x4": 9.873880701575684, "x5": 11.197975884995964, "x6": 9.449283767991002, "x7": -1.6438780409884077, "x8": 0.10669503435177112, "x9": 1.0078672969692295}, "datetime": {"datetime": "2025-05-08 17:18:34", "elapsed": 3038.117356, "delta": 16.826869}}
{"target": 157.0715487144307, "params": {"x0": 0.8132777688857236, "x1": 3.00626445536563, "x2": 1.3132533235600905, "x3": 6.609941326732268, "x4": 9.87388065357172, "x5": 11.19797698675367, "x6": 9.449283723930392, "x7": -1.6438778981749496, "x8": 0.10669501600457199, "x9": 1.0078673069507305}, "datetime": {"datetime": "2025-05-08 17:18:50", "elapsed": 3054.305617, "delta": 16.188261}}
{"target": 157.0715487144307, "params": {"x0": 0.8132777267957181, "x1": 3.006264015199867, "x2": 1.3132533082771232, "x3": 6.609941442265379, "x4": 9.873880585398478, "x5": 11.197978054525093, "x6": 9.449283064218942, "x7": -1.6438776280410465, "x8": 0.10669482934485412, "x9": 1.0078673571888126}, "datetime": {"datetime": "2025-05-08 17:19:06", "elapsed": 3070.041339, "delta": 15.735722}}
{"target": 157.0715487144307, "params": {"x0": 0.8132777598165147, "x1": 3.0062642681943688, "x2": 1.313253299168774, "x3": 6.609941398972662, "x4": 9.87388057148494, "x5": 11.197978870759346, "x6": 9.44928364858675, "x7": -1.643877653963936, "x8": 0.10669498463086147, "x9": 1.0078673240190974}, "datetime": {"datetime": "2025-05-08 17:19:22", "elapsed": 3085.709884, "delta": 15.668545}}
{"target": 157.0715487144307, "params": {"x0": 0.8132777559501677, "x1": 3.006264188400305, "x2": 1.3132532887703705, "x3": 6.609941429769883, "x4": 9.87388053649005, "x5": 11.197979673940713, "x6": 9.449283616466566, "x7": -1.643877549852925, "x8": 0.10669497125575331, "x9": 1.0078673312956117}, "datetime": {"datetime": "2025-05-08 17:19:37", "elapsed": 3101.085793, "delta": 15.375909}}
{"target": 157.0715487144307, "params": {"x0": 0.8132777480729806, "x1": 3.006264021746051, "x2": 1.3132531258768219, "x3": 6.609941519578228, "x4": 9.873880476993675, "x5": 11.197981251805547, "x6": 9.44928327289065, "x7": -1.6438773946070788, "x8": 0.10669479774618149, "x9": 1.0078674047878398}, "datetime": {"datetime": "2025-05-08 17:19:53", "elapsed": 3116.752403, "delta": 15.66661}}
{"target": 157.0715487144307, "params": {"x0": 0.8132777493387146, "x1": 3.0062640519524555, "x2": 1.3132532709891007, "x3": 6.60994148243313, "x4": 9.873880476648786, "x5": 11.197981047380852, "x6": 9.44928356154105, "x7": -1.643877371823096, "x8": 0.10669494838431834, "x9": 1.0078673437384509}, "datetime": {"datetime": "2025-05-08 17:20:09", "elapsed": 3133.298439, "delta": 16.546036}}
{"target": 157.0715487144307, "params": {"x0": 0.8132777215595186, "x1": 3.0062639932324826, "x2": 1.3132532450905816, "x3": 6.609941663495006, "x4": 9.873880341924712, "x5": 11.19798208072552, "x6": 9.449283380770991, "x7": -1.6438772929056567, "x8": 0.10669489552921564, "x9": 1.0078674022007834}, "datetime": {"datetime": "2025-05-08 17:20:25", "elapsed": 3148.800576, "delta": 15.502137}}
{"target": 157.0715487144307, "params": {"x0": 0.8132777026885882, "x1": 3.0062639101041158, "x2": 1.313253182759914, "x3": 6.6099415383799025, "x4": 9.873880425778047, "x5": 11.197982213500657, "x6": 9.44928342263461, "x7": -1.6438770907860443, "x8": 0.10669481289263963, "x9": 1.0078673968146414}, "datetime": {"datetime": "2025-05-08 17:20:41", "elapsed": 3164.629142, "delta": 15.828566}}
{"target": 157.0715487144307, "params": {"x0": 0.8132777366117763, "x1": 3.006263855709917, "x2": 1.3132531916252224, "x3": 6.609941639776623, "x4": 9.873880400309902, "x5": 11.197983021699319, "x6": 9.449283440499759, "x7": -1.643877005771859, "x8": 0.10669489263002607, "x9": 1.0078673632974848}, "datetime": {"datetime": "2025-05-08 17:20:57", "elapsed": 3181.219112, "delta": 16.58997}}
{"target": 157.0715487144307, "params": {"x0": 0.813277734374555, "x1": 3.0062637176746816, "x2": 1.313253220825744, "x3": 6.6099415863930435, "x4": 9.87388029415776, "x5": 11.197983357963006, "x6": 9.449283477246107, "x7": -1.6438770377865466, "x8": 0.10669486961759571, "x9": 1.0078673764939234}, "datetime": {"datetime": "2025-05-08 17:21:13", "elapsed": 3196.667801, "delta": 15.448689}}
{"target": 157.0715487144307, "params": {"x0": 0.8132777168575057, "x1": 3.0062636770532203, "x2": 1.3132531551312572, "x3": 6.609941662451293, "x4": 9.873880367272786, "x5": 11.197983587868189, "x6": 9.449283437711053, "x7": -1.6438770234296334, "x8": 0.10669489830185531, "x9": 1.0078674224626525}, "datetime": {"datetime": "2025-05-08 17:21:28", "elapsed": 3212.436264, "delta": 15.768463}}
{"target": 157.0715487144307, "params": {"x0": 0.8132777244066831, "x1": 3.006263589409432, "x2": 1.3132532304757438, "x3": 6.609941620125194, "x4": 9.873880332235155, "x5": 11.19798414647402, "x6": 9.449283444528842, "x7": -1.6438770114690469, "x8": 0.10669486244866042, "x9": 1.0078673701819447}, "datetime": {"datetime": "2025-05-08 17:21:45", "elapsed": 3228.730215, "delta": 16.293951}}
{"target": 157.0715487144307, "params": {"x0": 0.8132777278020203, "x1": 3.006263724552924, "x2": 1.3132531953098374, "x3": 6.609941605185849, "x4": 9.87388030544418, "x5": 11.197984378649172, "x6": 9.449283341522003, "x7": -1.6438769299479845, "x8": 0.10669488304423165, "x9": 1.007867420299616}, "datetime": {"datetime": "2025-05-08 17:22:00", "elapsed": 3244.515826, "delta": 15.785611}}
{"target": 157.0715487144307, "params": {"x0": 0.8132777301416345, "x1": 3.0062637150884624, "x2": 1.3132532075727101, "x3": 6.6099416468189, "x4": 9.873880302550944, "x5": 11.19798457891702, "x6": 9.449283425173373, "x7": -1.643876839892774, "x8": 0.10669481254775369, "x9": 1.0078673756349679}, "datetime": {"datetime": "2025-05-08 17:22:17", "elapsed": 3260.987753, "delta": 16.471927}}
{"target": 157.0715487144307, "params": {"x0": 0.8132777193251702, "x1": 3.0062636834052365, "x2": 1.3132532225929685, "x3": 6.609941626884857, "x4": 9.873880249773336, "x5": 11.197984659507537, "x6": 9.44928327244014, "x7": -1.6438769039147607, "x8": 0.10669487149110307, "x9": 1.0078673763922665}, "datetime": {"datetime": "2025-05-08 17:22:32", "elapsed": 3275.624346, "delta": 14.636593}}
{"target": 157.0715487144307, "params": {"x0": 0.8132777178361812, "x1": 3.0062636677206043, "x2": 1.3132532142985385, "x3": 6.609941642364803, "x4": 9.873880302814767, "x5": 11.19798502119386, "x6": 9.449283347933394, "x7": -1.643876841820815, "x8": 0.10669486752553929, "x9": 1.007867412362642}, "datetime": {"datetime": "2025-05-08 17:22:47", "elapsed": 3291.310685, "delta": 15.686339}}
{"target": 157.0715487144307, "params": {"x0": 0.8132777167605457, "x1": 3.0062636437251307, "x2": 1.3132532018045442, "x3": 6.609941641619765, "x4": 9.873880263399597, "x5": 11.197985452518106, "x6": 9.44928336551462, "x7": -1.6438768393807124, "x8": 0.10669482895315649, "x9": 1.0078674013224493}, "datetime": {"datetime": "2025-05-08 17:23:03", "elapsed": 3306.937176, "delta": 15.626491}}
{"target": 157.0715487144307, "params": {"x0": 0.8132777184641364, "x1": 3.00626360469624, "x2": 1.3132531968247136, "x3": 6.6099416637086215, "x4": 9.873880286006203, "x5": 11.19798539350944, "x6": 9.449283371624942, "x7": -1.6438767716860347, "x8": 0.10669484862754744, "x9": 1.0078673879614133}, "datetime": {"datetime": "2025-05-08 17:23:19", "elapsed": 3323.22258, "delta": 16.285404}}
{"target": 157.0715487144307, "params": {"x0": 0.8132777162169105, "x1": 3.0062636156919127, "x2": 1.3132531902703364, "x3": 6.609941666589979, "x4": 9.873880280388882, "x5": 11.197985432240314, "x6": 9.449283357559342, "x7": -1.643876726023138, "x8": 0.10669484830288681, "x9": 1.0078674000394172}, "datetime": {"datetime": "2025-05-08 17:23:35", "elapsed": 3339.27366, "delta": 16.05108}}
{"target": 157.0715487144307, "params": {"x0": 0.8132777260572245, "x1": 3.00626360048525, "x2": 1.313253207414929, "x3": 6.609941675551293, "x4": 9.873880277390764, "x5": 11.197985876353714, "x6": 9.449283359023617, "x7": -1.6438767751255554, "x8": 0.10669486340789484, "x9": 1.0078674001807952}, "datetime": {"datetime": "2025-05-08 17:23:51", "elapsed": 3355.176644, "delta": 15.902984}}
{"target": 157.0715487144307, "params": {"x0": 0.8132777235036975, "x1": 3.0062635474403105, "x2": 1.3132531987437035, "x3": 6.609941669848993, "x4": 9.873880269475624, "x5": 11.19798579180063, "x6": 9.449283368282725, "x7": -1.6438767463810018, "x8": 0.10669483972478629, "x9": 1.0078674053366912}, "datetime": {"datetime": "2025-05-08 17:24:07", "elapsed": 3370.546698, "delta": 15.370054}}
{"target": 157.0715487144307, "params": {"x0": 0.8132777173385924, "x1": 3.006263555687944, "x2": 1.3132531937488325, "x3": 6.609941669918562, "x4": 9.87388026097938, "x5": 11.197985937844686, "x6": 9.449283357921656, "x7": -1.6438767128387957, "x8": 0.10669485860643549, "x9": 1.0078673923555874}, "datetime": {"datetime": "2025-05-08 17:24:22", "elapsed": 3386.1752, "delta": 15.628502}}
{"target": 157.0715487144307, "params": {"x0": 0.8132777209673137, "x1": 3.006263550409125, "x2": 1.3132531938608698, "x3": 6.6099416727656655, "x4": 9.873880257642933, "x5": 11.197985966878049, "x6": 9.449283346551235, "x7": -1.6438767184954042, "x8": 0.10669485042582255, "x9": 1.0078673911097675}, "datetime": {"datetime": "2025-05-08 17:24:39", "elapsed": 3402.603572, "delta": 16.428372}}
{"target": 157.0715487144307, "params": {"x0": 0.8132777219842727, "x1": 3.0062635118393017, "x2": 1.31325319427573, "x3": 6.609941674111705, "x4": 9.873880249167136, "x5": 11.197986029586897, "x6": 9.449283355108525, "x7": -1.6438767207184009, "x8": 0.1066948363101303, "x9": 1.0078673963316567}, "datetime": {"datetime": "2025-05-08 17:24:55", "elapsed": 3419.411217, "delta": 16.807645}}
{"target": 157.0715487144307, "params": {"x0": 0.8132777197216404, "x1": 3.0062635280209244, "x2": 1.313253191607045, "x3": 6.609941679121783, "x4": 9.873880241903663, "x5": 11.197986113256842, "x6": 9.44928335000137, "x7": -1.643876694046968, "x8": 0.10669485962548159, "x9": 1.0078673951827395}, "datetime": {"datetime": "2025-05-08 17:25:11", "elapsed": 3435.220853, "delta": 15.809636}}
{"target": 157.0715487144307, "params": {"x0": 0.8132777236144789, "x1": 3.0062635313113732, "x2": 1.3132532022386825, "x3": 6.609941708869316, "x4": 9.873880247415292, "x5": 11.197986192825127, "x6": 9.449283333429447, "x7": -1.6438766890352903, "x8": 0.10669486052093852, "x9": 1.0078673989388862}, "datetime": {"datetime": "2025-05-08 17:25:27", "elapsed": 3450.841752, "delta": 15.620899}}
{"target": 157.0715487144307, "params": {"x0": 0.8132777240532022, "x1": 3.006263527050299, "x2": 1.3132532026079373, "x3": 6.609941710448351, "x4": 9.873880247551027, "x5": 11.197986297726112, "x6": 9.449283350404354, "x7": -1.6438766892081667, "x8": 0.10669484328867633, "x9": 1.0078673956109496}, "datetime": {"datetime": "2025-05-08 17:25:42", "elapsed": 3466.432711, "delta": 15.590959}}
{"target": 157.0715487144307, "params": {"x0": 0.8132777227592911, "x1": 3.0062635021169344, "x2": 1.313253189434459, "x3": 6.609941686778603, "x4": 9.873880238460423, "x5": 11.197986336660026, "x6": 9.449283335186282, "x7": -1.6438766734198555, "x8": 0.10669485456511682, "x9": 1.007867397863996}, "datetime": {"datetime": "2025-05-08 17:25:58", "elapsed": 3482.22322, "delta": 15.790509}}
{"target": 157.0715487144307, "params": {"x0": 0.8132777214719099, "x1": 3.00626349241649, "x2": 1.3132531989568277, "x3": 6.609941692592558, "x4": 9.873880236290589, "x5": 11.19798646629173, "x6": 9.449283343927371, "x7": -1.6438766764227972, "x8": 0.10669484286624904, "x9": 1.0078673933094273}, "datetime": {"datetime": "2025-05-08 17:26:14", "elapsed": 3498.451301, "delta": 16.228081}}
{"target": 157.0715487144307, "params": {"x0": 0.8132777207174519, "x1": 3.0062635155804425, "x2": 1.3132531960114715, "x3": 6.609941702413063, "x4": 9.873880219293449, "x5": 11.19798645111969, "x6": 9.449283337211552, "x7": -1.6438766669156597, "x8": 0.10669485650387055, "x9": 1.0078673942308383}, "datetime": {"datetime": "2025-05-08 17:26:31", "elapsed": 3514.580836, "delta": 16.129535}}
