{"target": 157.0715487144307, "params": {"x0": 0.8132777216047309, "x1": 3.0062635085077725, "x2": 1.3132531967485124, "x3": 6.609941694396183, "x4": 9.873880212461165, "x5": 11.197986484610297, "x6": 9.449283339956883, "x7": -1.6438766663249502, "x8": 0.10669485265512327, "x9": 1.0078673934759341}, "datetime": {"datetime": "2025-05-08 17:26:46", "elapsed": 3530.225499, "delta": 15.644663}}
{"target": 157.0715487144307, "params": {"x0": 0.8132777208604214, "x1": 3.006263503524104, "x2": 1.3132531977246373, "x3": 6.6099417032400805, "x4": 9.873880236891235, "x5": 11.197986564666317, "x6": 9.449283332622587, "x7": -1.6438766611646487, "x8": 0.10669484498630985, "x9": 1.0078673977450439}, "datetime": {"datetime": "2025-05-08 17:27:02", "elapsed": 3545.798568, "delta": 15.573069}}
{"target": 157.0715487144307, "params": {"x0": 0.8132777217887014, "x1": 3.006263501744407, "x2": 1.313253198852991, "x3": 6.609941695395958, "x4": 9.87388023552231, "x5": 11.197986576787008, "x6": 9.449283332482208, "x7": -1.6438766491115917, "x8": 0.10669484699566426, "x9": 1.0078673986329745}, "datetime": {"datetime": "2025-05-08 17:27:17", "elapsed": 3561.43313, "delta": 15.634562}}
{"target": 157.0715487144307, "params": {"x0": 0.8132777202890674, "x1": 3.0062634885667125, "x2": 1.3132531920036075, "x3": 6.60994169895426, "x4": 9.873880229815454, "x5": 11.197986612164515, "x6": 9.449283335617514, "x7": -1.6438766518412857, "x8": 0.10669485545961342, "x9": 1.0078673959732813}, "datetime": {"datetime": "2025-05-08 17:27:33", "elapsed": 3577.411309, "delta": 15.978179}}
{"target": 157.0715487144307, "params": {"x0": 0.8132777215974889, "x1": 3.006263486346659, "x2": 1.3132531933388925, "x3": 6.609941701436078, "x4": 9.873880223974552, "x5": 11.197986633028215, "x6": 9.44928333720021, "x7": -1.6438766448416768, "x8": 0.10669485335423348, "x9": 1.0078673974793082}, "datetime": {"datetime": "2025-05-08 17:27:50", "elapsed": 3593.617893, "delta": 16.206584}}
{"target": 157.0715487144307, "params": {"x0": 0.8132777220248903, "x1": 3.006263492233899, "x2": 1.313253195561447, "x3": 6.609941699011482, "x4": 9.873880223226175, "x5": 11.197986659767153, "x6": 9.449283337259764, "x7": -1.643876643495549, "x8": 0.10669485479649629, "x9": 1.0078673951574177}, "datetime": {"datetime": "2025-05-08 17:28:05", "elapsed": 3609.502847, "delta": 15.884954}}
{"target": 157.0715487144307, "params": {"x0": 0.8132777208206251, "x1": 3.006263492151461, "x2": 1.3132531979383275, "x3": 6.609941701202845, "x4": 9.873880228831508, "x5": 11.197986712553385, "x6": 9.449283336306808, "x7": -1.643876639725613, "x8": 0.10669485152555444, "x9": 1.0078673963859874}, "datetime": {"datetime": "2025-05-08 17:28:21", "elapsed": 3625.441941, "delta": 15.939094}}
{"target": 157.0715487144307, "params": {"x0": 0.8132777213018412, "x1": 3.00626348808317, "x2": 1.313253195570968, "x3": 6.6099417033108985, "x4": 9.873880228991718, "x5": 11.197986714634515, "x6": 9.449283333478844, "x7": -1.6438766309156518, "x8": 0.10669485271879696, "x9": 1.0078673956009028}, "datetime": {"datetime": "2025-05-08 17:28:38", "elapsed": 3641.572316, "delta": 16.130375}}
{"target": 157.0715487144307, "params": {"x0": 0.8132777218429408, "x1": 3.006263482239051, "x2": 1.313253193377492, "x3": 6.60994170219158, "x4": 9.873880221042182, "x5": 11.197986725217794, "x6": 9.449283334435787, "x7": -1.6438766317977958, "x8": 0.10669485383720756, "x9": 1.0078673955157147}, "datetime": {"datetime": "2025-05-08 17:28:54", "elapsed": 3658.209192, "delta": 16.636876}}
{"target": 157.0715487144307, "params": {"x0": 0.8132777213262573, "x1": 3.006263485636275, "x2": 1.3132531940021424, "x3": 6.609941701826075, "x4": 9.87388022809147, "x5": 11.197986751634355, "x6": 9.44928332812245, "x7": -1.643876633540896, "x8": 0.10669485149496695, "x9": 1.0078673973235548}, "datetime": {"datetime": "2025-05-08 17:29:10", "elapsed": 3674.151397, "delta": 15.942205}}
{"target": 157.0715487144307, "params": {"x0": 0.8132777204667198, "x1": 3.0062634790945664, "x2": 1.3132531945750907, "x3": 6.609941701476287, "x4": 9.873880224753393, "x5": 11.197986773800437, "x6": 9.449283332443777, "x7": -1.643876631657201, "x8": 0.10669485210830827, "x9": 1.007867396274442}, "datetime": {"datetime": "2025-05-08 17:29:26", "elapsed": 3690.350747, "delta": 16.19935}}
{"target": 157.0715487144307, "params": {"x0": 0.8132777217010491, "x1": 3.006263478870426, "x2": 1.313253195450977, "x3": 6.609941702515739, "x4": 9.873880226026996, "x5": 11.197986771305738, "x6": 9.449283331519949, "x7": -1.6438766292912665, "x8": 0.1066948527259025, "x9": 1.0078673957556725}, "datetime": {"datetime": "2025-05-08 17:29:42", "elapsed": 3706.041472, "delta": 15.690725}}
{"target": 157.0715487144307, "params": {"x0": 0.8132777215970275, "x1": 3.0062634809097615, "x2": 1.3132531952240338, "x3": 6.609941703266554, "x4": 9.87388022454237, "x5": 11.197986784385442, "x6": 9.449283332091605, "x7": -1.6438766282415225, "x8": 0.10669485049937313, "x9": 1.0078673968199499}, "datetime": {"datetime": "2025-05-08 17:29:58", "elapsed": 3721.759232, "delta": 15.71776}}
{"target": 157.0715487144307, "params": {"x0": 0.8132777209785873, "x1": 3.006263476564829, "x2": 1.3132531938739527, "x3": 6.609941703149264, "x4": 9.873880221070891, "x5": 11.197986796982338, "x6": 9.449283331216646, "x7": -1.6438766239735667, "x8": 0.10669485139448404, "x9": 1.007867397387629}, "datetime": {"datetime": "2025-05-08 17:30:13", "elapsed": 3737.054443, "delta": 15.295211}}
{"target": 157.0715487144307, "params": {"x0": 0.813277721352924, "x1": 3.0062634788204483, "x2": 1.313253194817156, "x3": 6.609941704921119, "x4": 9.873880222562152, "x5": 11.197986807343911, "x6": 9.449283330490193, "x7": -1.6438766238263238, "x8": 0.10669485189041578, "x9": 1.0078673966860425}, "datetime": {"datetime": "2025-05-08 17:30:29", "elapsed": 3752.660998, "delta": 15.606555}}
{"target": 157.0715487144307, "params": {"x0": 0.8132777209262875, "x1": 3.006263477764128, "x2": 1.3132531941169483, "x3": 6.6099417038234405, "x4": 9.873880224023623, "x5": 11.197986819365664, "x6": 9.449283326902576, "x7": -1.6438766234629867, "x8": 0.1066948513327681, "x9": 1.0078673960971825}, "datetime": {"datetime": "2025-05-08 17:30:44", "elapsed": 3768.114183, "delta": 15.453185}}
{"target": 157.0715487144307, "params": {"x0": 0.813277721284025, "x1": 3.0062634759261195, "x2": 1.3132531947150836, "x3": 6.609941706235342, "x4": 9.873880224761374, "x5": 11.197986827947751, "x6": 9.449283328352735, "x7": -1.6438766222029224, "x8": 0.10669484980985021, "x9": 1.0078673961138584}, "datetime": {"datetime": "2025-05-08 17:31:00", "elapsed": 3784.287539, "delta": 16.173356}}
{"target": 157.0715487144307, "params": {"x0": 0.8132777214165788, "x1": 3.006263477047849, "x2": 1.3132531960153628, "x3": 6.609941704973989, "x4": 9.873880223040421, "x5": 11.197986840164704, "x6": 9.449283330182983, "x7": -1.643876621169868, "x8": 0.10669485177788951, "x9": 1.0078673971630876}, "datetime": {"datetime": "2025-05-08 17:31:16", "elapsed": 3799.550085, "delta": 15.262546}}
{"target": 157.0715487144307, "params": {"x0": 0.8132777211300888, "x1": 3.006263474877051, "x2": 1.3132531954916005, "x3": 6.609941706679597, "x4": 9.8738802238289, "x5": 11.197986840702496, "x6": 9.449283329366326, "x7": -1.643876619935434, "x8": 0.10669485038874457, "x9": 1.007867396245936}, "datetime": {"datetime": "2025-05-08 17:31:31", "elapsed": 3815.441472, "delta": 15.891387}}
{"target": 157.0715487144307, "params": {"x0": 0.8132777211934376, "x1": 3.0062634730351254, "x2": 1.3132531948594732, "x3": 6.6099417048186, "x4": 9.87388022238904, "x5": 11.197986846202136, "x6": 9.449283329513376, "x7": -1.6438766187916463, "x8": 0.10669485148065938, "x9": 1.0078673967359217}, "datetime": {"datetime": "2025-05-08 17:31:48", "elapsed": 3831.799745, "delta": 16.358273}}
{"target": 157.0715487144307, "params": {"x0": 0.8132777209567377, "x1": 3.00626347484188, "x2": 1.3132531952661124, "x3": 6.6099417056003515, "x4": 9.873880223594403, "x5": 11.197986855437835, "x6": 9.449283328639668, "x7": -1.643876618714717, "x8": 0.1066948516415486, "x9": 1.007867396985079}, "datetime": {"datetime": "2025-05-08 17:32:04", "elapsed": 3847.786392, "delta": 15.986647}}
{"target": 157.0715487144307, "params": {"x0": 0.813277721275466, "x1": 3.00626347309564, "x2": 1.3132531950613981, "x3": 6.609941706105891, "x4": 9.873880223112717, "x5": 11.197986857000501, "x6": 9.449283327217783, "x7": -1.6438766185424503, "x8": 0.10669485048509071, "x9": 1.0078673965454108}, "datetime": {"datetime": "2025-05-08 17:32:20", "elapsed": 3863.788774, "delta": 16.002382}}
{"target": 157.0715487144307, "params": {"x0": 0.8132777212154284, "x1": 3.00626347428422, "x2": 1.3132531952957784, "x3": 6.609941706082445, "x4": 9.873880222300885, "x5": 11.197986864024948, "x6": 9.449283328845306, "x7": -1.643876617285315, "x8": 0.10669485025514568, "x9": 1.0078673969087752}, "datetime": {"datetime": "2025-05-08 17:32:36", "elapsed": 3880.42958, "delta": 16.640806}}
{"target": 157.0715487144307, "params": {"x0": 0.8132777211660674, "x1": 3.006263473774368, "x2": 1.3132531953269106, "x3": 6.609941705774461, "x4": 9.873880222832646, "x5": 11.19798686639839, "x6": 9.449283327879751, "x7": -1.6438766172568717, "x8": 0.10669485052487715, "x9": 1.007867396491893}, "datetime": {"datetime": "2025-05-08 17:32:52", "elapsed": 3896.442253, "delta": 16.012673}}
{"target": 157.0715487144307, "params": {"x0": 0.8132777212377333, "x1": 3.0062634727158257, "x2": 1.3132531950398012, "x3": 6.609941705782851, "x4": 9.873880222564567, "x5": 11.197986872162305, "x6": 9.449283328115198, "x7": -1.6438766159904903, "x8": 0.10669485116221653, "x9": 1.0078673968182392}, "datetime": {"datetime": "2025-05-08 17:33:08", "elapsed": 3912.280736, "delta": 15.838483}}
{"target": 157.0715487144307, "params": {"x0": 0.8132777210774061, "x1": 3.0062634724185355, "x2": 1.3132531952293662, "x3": 6.6099417059820125, "x4": 9.873880222592724, "x5": 11.197986875047182, "x6": 9.449283327836183, "x7": -1.643876615374659, "x8": 0.10669485064834722, "x9": 1.0078673966015306}, "datetime": {"datetime": "2025-05-08 17:33:24", "elapsed": 3928.277342, "delta": 15.996606}}
{"target": 157.0715487144307, "params": {"x0": 0.8132777210517018, "x1": 3.0062634718792554, "x2": 1.3132531954595328, "x3": 6.6099417059573895, "x4": 9.873880222665854, "x5": 11.197986878165207, "x6": 9.449283328034676, "x7": -1.6438766157706188, "x8": 0.10669485120721761, "x9": 1.0078673966719067}, "datetime": {"datetime": "2025-05-08 17:33:40", "elapsed": 3943.820799, "delta": 15.543457}}
{"target": 157.0715487144307, "params": {"x0": 0.8132777211695893, "x1": 3.0062634726306903, "x2": 1.3132531948707515, "x3": 6.609941706515026, "x4": 9.873880222593607, "x5": 11.197986879716352, "x6": 9.449283328211706, "x7": -1.6438766148583892, "x8": 0.1066948507723709, "x9": 1.0078673969449887}, "datetime": {"datetime": "2025-05-08 17:33:56", "elapsed": 3959.971143, "delta": 16.150344}}
{"target": 157.0715487144307, "params": {"x0": 0.8132777212113984, "x1": 3.006263472026665, "x2": 1.3132531953362787, "x3": 6.609941706170116, "x4": 9.873880222332927, "x5": 11.19798688179731, "x6": 9.449283327994472, "x7": -1.6438766148265958, "x8": 0.10669485062658085, "x9": 1.0078673965915637}, "datetime": {"datetime": "2025-05-08 17:34:12", "elapsed": 3975.948084, "delta": 15.976941}}
{"target": 157.0715487144307, "params": {"x0": 0.8132777210756834, "x1": 3.0062634710242704, "x2": 1.3132531951881328, "x3": 6.609941706437273, "x4": 9.873880222395533, "x5": 11.197986883296887, "x6": 9.449283327529308, "x7": -1.6438766152679634, "x8": 0.10669485098799775, "x9": 1.007867396814746}, "datetime": {"datetime": "2025-05-08 17:34:28", "elapsed": 3991.85787, "delta": 15.909786}}
{"target": 157.0715487144307, "params": {"x0": 0.8132777211480079, "x1": 3.006263471901356, "x2": 1.3132531953955535, "x3": 6.609941706391594, "x4": 9.873880222202274, "x5": 11.197986886251908, "x6": 9.449283327741005, "x7": -1.6438766148857575, "x8": 0.10669485060256464, "x9": 1.007867396838037}, "datetime": {"datetime": "2025-05-08 17:34:44", "elapsed": 4008.24159, "delta": 16.38372}}
{"target": 157.0715487144307, "params": {"x0": 0.8132777210760693, "x1": 3.0062634715890733, "x2": 1.313253195217628, "x3": 6.609941706477821, "x4": 9.873880221918062, "x5": 11.197986887377688, "x6": 9.449283327789772, "x7": -1.6438766144279777, "x8": 0.10669485110084559, "x9": 1.0078673966527527}, "datetime": {"datetime": "2025-05-08 17:35:01", "elapsed": 4024.874651, "delta": 16.633061}}
{"target": 157.0715487144307, "params": {"x0": 0.8132777211291966, "x1": 3.006263471635568, "x2": 1.3132531951978204, "x3": 6.6099417064197, "x4": 9.873880221794433, "x5": 11.197986888612352, "x6": 9.449283327960297, "x7": -1.6438766142101857, "x8": 0.10669485085472172, "x9": 1.0078673968723968}, "datetime": {"datetime": "2025-05-08 17:35:17", "elapsed": 4040.711068, "delta": 15.836417}}
{"target": 157.0715487144307, "params": {"x0": 0.8132777211162184, "x1": 3.0062634710617777, "x2": 1.3132531951373767, "x3": 6.609941706591474, "x4": 9.8738802221013, "x5": 11.197986889687447, "x6": 9.449283327481563, "x7": -1.6438766142625763, "x8": 0.10669485108239884, "x9": 1.007867396732558}, "datetime": {"datetime": "2025-05-08 17:35:34", "elapsed": 4057.917482, "delta": 17.206414}}
{"target": 157.0715487144307, "params": {"x0": 0.8132777211238016, "x1": 3.0062634711230176, "x2": 1.3132531952341733, "x3": 6.6099417065029495, "x4": 9.873880221798057, "x5": 11.197986891304392, "x6": 9.449283327786969, "x7": -1.6438766141002379, "x8": 0.10669485071867785, "x9": 1.0078673967898166}, "datetime": {"datetime": "2025-05-08 17:35:50", "elapsed": 4073.754043, "delta": 15.836561}}
{"target": 157.0715487144307, "params": {"x0": 0.8132777211721192, "x1": 3.0062634711562892, "x2": 1.3132531952360413, "x3": 6.609941706714711, "x4": 9.873880221868035, "x5": 11.197986892175395, "x6": 9.449283327709246, "x7": -1.6438766137788472, "x8": 0.10669485095361407, "x9": 1.007867396755593}, "datetime": {"datetime": "2025-05-08 17:36:06", "elapsed": 4090.287554, "delta": 16.533511}}
{"target": 157.0715487144307, "params": {"x0": 0.8132777211444634, "x1": 3.0062634711023675, "x2": 1.3132531952673079, "x3": 6.609941706699668, "x4": 9.873880221844715, "x5": 11.197986893717172, "x6": 9.449283327638456, "x7": -1.6438766140156285, "x8": 0.10669485081948064, "x9": 1.0078673967944132}, "datetime": {"datetime": "2025-05-08 17:36:22", "elapsed": 4106.092108, "delta": 15.804554}}
{"target": 157.0715487144307, "params": {"x0": 0.813277721181354, "x1": 3.006263470615615, "x2": 1.3132531952158848, "x3": 6.609941706785458, "x4": 9.87388022179852, "x5": 11.197986894160657, "x6": 9.449283327720751, "x7": -1.6438766139266319, "x8": 0.10669485080989806, "x9": 1.0078673967725165}, "datetime": {"datetime": "2025-05-08 17:36:38", "elapsed": 4121.910001, "delta": 15.817893}}
{"target": 157.0715487144307, "params": {"x0": 0.8132777211700685, "x1": 3.0062634708106986, "x2": 1.3132531951228743, "x3": 6.609941706678675, "x4": 9.87388022157515, "x5": 11.197986894957959, "x6": 9.449283327598131, "x7": -1.6438766137994196, "x8": 0.10669485090128634, "x9": 1.0078673968114764}, "datetime": {"datetime": "2025-05-08 17:36:53", "elapsed": 4137.498504, "delta": 15.588503}}
{"target": 157.0715487144307, "params": {"x0": 0.8132777211286759, "x1": 3.0062634701914566, "x2": 1.3132531951092918, "x3": 6.609941706711906, "x4": 9.87388022179473, "x5": 11.197986895897362, "x6": 9.449283327554392, "x7": -1.6438766137466767, "x8": 0.10669485089590157, "x9": 1.007867396725895}, "datetime": {"datetime": "2025-05-08 17:37:09", "elapsed": 4152.646971, "delta": 15.148467}}
{"target": 157.0715487144307, "params": {"x0": 0.8132777211728947, "x1": 3.006263470560884, "x2": 1.3132531952368245, "x3": 6.609941706726452, "x4": 9.873880221792131, "x5": 11.197986897458494, "x6": 9.44928332756954, "x7": -1.6438766135748228, "x8": 0.10669485087281844, "x9": 1.00786739679873}, "datetime": {"datetime": "2025-05-08 17:37:25", "elapsed": 4168.733241, "delta": 16.08627}}
{"target": 157.0715487144307, "params": {"x0": 0.8132777211458992, "x1": 3.006263470556227, "x2": 1.3132531952433097, "x3": 6.609941706830235, "x4": 9.873880221740237, "x5": 11.197986897116671, "x6": 9.449283327552697, "x7": -1.6438766134468934, "x8": 0.10669485096364112, "x9": 1.0078673967609673}, "datetime": {"datetime": "2025-05-08 17:37:40", "elapsed": 4183.891913, "delta": 15.158672}}
{"target": 157.0715487144307, "params": {"x0": 0.8132777211576634, "x1": 3.0062634705926783, "x2": 1.3132531952313902, "x3": 6.609941706779439, "x4": 9.873880221711156, "x5": 11.197986897939746, "x6": 9.449283327393061, "x7": -1.6438766134986922, "x8": 0.10669485082598204, "x9": 1.0078673968193994}, "datetime": {"datetime": "2025-05-08 17:37:55", "elapsed": 4199.35257, "delta": 15.460657}}
{"target": 157.0715487144307, "params": {"x0": 0.8132777211549416, "x1": 3.0062634706480034, "x2": 1.3132531951652582, "x3": 6.609941706840334, "x4": 9.873880221731508, "x5": 11.197986898129487, "x6": 9.449283327455015, "x7": -1.6438766131874372, "x8": 0.10669485087350486, "x9": 1.0078673967828142}, "datetime": {"datetime": "2025-05-08 17:38:11", "elapsed": 4215.158859, "delta": 15.806289}}
{"target": 157.0715487144307, "params": {"x0": 0.8132777211511177, "x1": 3.0062634704172413, "x2": 1.3132531952149475, "x3": 6.609941706796688, "x4": 9.873880221674437, "x5": 11.197986898840853, "x6": 9.44928332741365, "x7": -1.6438766133785954, "x8": 0.10669485082061574, "x9": 1.007867396820824}, "datetime": {"datetime": "2025-05-08 17:38:27", "elapsed": 4231.360734, "delta": 16.201875}}
{"target": 157.0715487144307, "params": {"x0": 0.8132777211453016, "x1": 3.0062634705836953, "x2": 1.313253195173933, "x3": 6.609941706809964, "x4": 9.873880221644871, "x5": 11.197986899293596, "x6": 9.449283327452243, "x7": -1.6438766132272573, "x8": 0.10669485083964747, "x9": 1.007867396790896}, "datetime": {"datetime": "2025-05-08 17:38:45", "elapsed": 4248.772866, "delta": 17.412132}}
{"target": 157.0715487144307, "params": {"x0": 0.8132777211536336, "x1": 3.0062634705589697, "x2": 1.313253195202297, "x3": 6.609941706835359, "x4": 9.87388022160473, "x5": 11.197986899570033, "x6": 9.449283327513017, "x7": -1.6438766132179445, "x8": 0.10669485091579124, "x9": 1.0078673967623297}, "datetime": {"datetime": "2025-05-08 17:39:00", "elapsed": 4264.425149, "delta": 15.652283}}
{"target": 157.0715487144307, "params": {"x0": 0.8132777211466465, "x1": 3.0062634704345643, "x2": 1.3132531951839665, "x3": 6.609941706846904, "x4": 9.873880221658018, "x5": 11.197986899990287, "x6": 9.449283327469686, "x7": -1.6438766132159404, "x8": 0.1066948509227488, "x9": 1.0078673967982648}, "datetime": {"datetime": "2025-05-08 17:39:17", "elapsed": 4280.712922, "delta": 16.287773}}
{"target": 157.0715487144307, "params": {"x0": 0.8132777211590961, "x1": 3.0062634704628572, "x2": 1.3132531952079787, "x3": 6.609941706871088, "x4": 9.873880221640752, "x5": 11.197986900265672, "x6": 9.44928332745913, "x7": -1.6438766131799887, "x8": 0.10669485088953344, "x9": 1.0078673967853344}, "datetime": {"datetime": "2025-05-08 17:39:34", "elapsed": 4298.146678, "delta": 17.433756}}
{"target": 157.0715487144307, "params": {"x0": 0.8132777211529645, "x1": 3.006263470434226, "x2": 1.3132531951903208, "x3": 6.60994170686636, "x4": 9.87388022153751, "x5": 11.19798690018177, "x6": 9.449283327471589, "x7": -1.6438766131402733, "x8": 0.10669485090240065, "x9": 1.0078673967837832}, "datetime": {"datetime": "2025-05-08 17:39:50", "elapsed": 4314.255698, "delta": 16.10902}}
{"target": 157.0715487144307, "params": {"x0": 0.813277721161618, "x1": 3.0062634703866213, "x2": 1.3132531951999586, "x3": 6.609941706873053, "x4": 9.873880221621702, "x5": 11.197986900418208, "x6": 9.44928332740014, "x7": -1.6438766131093392, "x8": 0.10669485087722828, "x9": 1.0078673967775542}, "datetime": {"datetime": "2025-05-08 17:40:07", "elapsed": 4330.724135, "delta": 16.468437}}
{"target": 157.0715487144307, "params": {"x0": 0.8132777211617122, "x1": 3.0062634704205182, "x2": 1.3132531951934354, "x3": 6.609941706910359, "x4": 9.87388022154167, "x5": 11.197986900683103, "x6": 9.449283327433193, "x7": -1.6438766131005218, "x8": 0.10669485088806446, "x9": 1.0078673968004719}, "datetime": {"datetime": "2025-05-08 17:40:23", "elapsed": 4346.969596, "delta": 16.245461}}
{"target": 157.0715487144307, "params": {"x0": 0.8132777211492322, "x1": 3.006263470382547, "x2": 1.3132531951777158, "x3": 6.609941706893352, "x4": 9.873880221585358, "x5": 11.197986900965178, "x6": 9.449283327438973, "x7": -1.643876613026115, "x8": 0.10669485085765928, "x9": 1.007867396788757}, "datetime": {"datetime": "2025-05-08 17:40:39", "elapsed": 4363.450022, "delta": 16.480426}}
{"target": 157.0715487144307, "params": {"x0": 0.8132777211508198, "x1": 3.006263470408668, "x2": 1.3132531951858806, "x3": 6.609941706892074, "x4": 9.87388022158823, "x5": 11.197986901130323, "x6": 9.449283327439819, "x7": -1.6438766130546194, "x8": 0.10669485089660001, "x9": 1.007867396793614}, "datetime": {"datetime": "2025-05-08 17:40:56", "elapsed": 4379.762398, "delta": 16.312376}}
{"target": 157.0715487144307, "params": {"x0": 0.8132777211583767, "x1": 3.006263470368099, "x2": 1.3132531951932291, "x3": 6.609941706902948, "x4": 9.873880221593753, "x5": 11.197986901292337, "x6": 9.44928332741218, "x7": -1.6438766129996207, "x8": 0.10669485090332288, "x9": 1.0078673967769614}, "datetime": {"datetime": "2025-05-08 17:41:12", "elapsed": 4396.023205, "delta": 16.260807}}
{"target": 157.0715487144307, "params": {"x0": 0.8132777211542188, "x1": 3.0062634703613527, "x2": 1.3132531951825457, "x3": 6.609941706902151, "x4": 9.873880221590282, "x5": 11.197986901318028, "x6": 9.449283327424132, "x7": -1.6438766130154723, "x8": 0.10669485089019702, "x9": 1.0078673967900267}, "datetime": {"datetime": "2025-05-08 17:41:28", "elapsed": 4411.707033, "delta": 15.683828}}
