{"target": 157.0715487144307, "params": {"x0": 0.8132777211530454, "x1": 3.0062634702537294, "x2": 1.3132531951847402, "x3": 6.609941706944868, "x4": 9.873880221536036, "x5": 11.19798690257302, "x6": 9.449283327384906, "x7": -1.6438766128538254, "x8": 0.1066948508797798, "x9": 1.00786739678424}, "datetime": {"datetime": "2025-05-08 19:03:55", "elapsed": 9359.404848, "delta": 18.730492}}
{"target": 157.0715487144307, "params": {"x0": 0.8132777211530454, "x1": 3.0062634702537294, "x2": 1.3132531951847402, "x3": 6.609941706944868, "x4": 9.873880221536036, "x5": 11.19798690257302, "x6": 9.449283327384906, "x7": -1.6438766128538254, "x8": 0.1066948508797798, "x9": 1.00786739678424}, "datetime": {"datetime": "2025-05-08 19:04:13", "elapsed": 9377.354201, "delta": 17.949353}}
{"target": 157.0715487144307, "params": {"x0": 0.8132777211530454, "x1": 3.0062634702537294, "x2": 1.3132531951847402, "x3": 6.609941706944868, "x4": 9.873880221536036, "x5": 11.19798690257302, "x6": 9.449283327384906, "x7": -1.6438766128538254, "x8": 0.1066948508797798, "x9": 1.00786739678424}, "datetime": {"datetime": "2025-05-08 19:04:32", "elapsed": 9396.429644, "delta": 19.075443}}
{"target": 157.0715487144307, "params": {"x0": 0.8132777211530454, "x1": 3.0062634702537294, "x2": 1.3132531951847402, "x3": 6.609941706944868, "x4": 9.873880221536036, "x5": 11.19798690257302, "x6": 9.449283327384906, "x7": -1.6438766128538254, "x8": 0.1066948508797798, "x9": 1.00786739678424}, "datetime": {"datetime": "2025-05-08 19:04:51", "elapsed": 9414.54193, "delta": 18.112286}}
{"target": 157.0715487144307, "params": {"x0": 0.8132777211530454, "x1": 3.0062634702537294, "x2": 1.3132531951847402, "x3": 6.609941706944868, "x4": 9.873880221536036, "x5": 11.19798690257302, "x6": 9.449283327384906, "x7": -1.6438766128538254, "x8": 0.1066948508797798, "x9": 1.00786739678424}, "datetime": {"datetime": "2025-05-08 19:05:09", "elapsed": 9432.755387, "delta": 18.213457}}
{"target": 157.0715487144307, "params": {"x0": 0.8132777211530454, "x1": 3.0062634702537294, "x2": 1.3132531951847402, "x3": 6.609941706944868, "x4": 9.873880221536036, "x5": 11.19798690257302, "x6": 9.449283327384906, "x7": -1.6438766128538254, "x8": 0.1066948508797798, "x9": 1.00786739678424}, "datetime": {"datetime": "2025-05-08 19:05:27", "elapsed": 9450.620241, "delta": 17.864854}}
{"target": 157.0715487144307, "params": {"x0": 0.8132777211530454, "x1": 3.0062634702537294, "x2": 1.3132531951847402, "x3": 6.609941706944868, "x4": 9.873880221536036, "x5": 11.19798690257302, "x6": 9.449283327384906, "x7": -1.6438766128538254, "x8": 0.1066948508797798, "x9": 1.00786739678424}, "datetime": {"datetime": "2025-05-08 19:05:45", "elapsed": 9468.937349, "delta": 18.317108}}
{"target": 157.0715487144307, "params": {"x0": 0.8132777211530454, "x1": 3.0062634702537294, "x2": 1.3132531951847402, "x3": 6.609941706944868, "x4": 9.873880221536036, "x5": 11.19798690257302, "x6": 9.449283327384906, "x7": -1.6438766128538254, "x8": 0.1066948508797798, "x9": 1.00786739678424}, "datetime": {"datetime": "2025-05-08 19:06:03", "elapsed": 9487.264717, "delta": 18.327368}}
{"target": 157.0715487144307, "params": {"x0": 0.8132777211530454, "x1": 3.0062634702537294, "x2": 1.3132531951847402, "x3": 6.609941706944868, "x4": 9.873880221536036, "x5": 11.19798690257302, "x6": 9.449283327384906, "x7": -1.6438766128538254, "x8": 0.1066948508797798, "x9": 1.00786739678424}, "datetime": {"datetime": "2025-05-08 19:06:22", "elapsed": 9505.690197, "delta": 18.42548}}
{"target": 157.0715487144307, "params": {"x0": 0.8132777211530454, "x1": 3.0062634702537294, "x2": 1.3132531951847402, "x3": 6.609941706944868, "x4": 9.873880221536036, "x5": 11.19798690257302, "x6": 9.449283327384906, "x7": -1.6438766128538254, "x8": 0.1066948508797798, "x9": 1.00786739678424}, "datetime": {"datetime": "2025-05-08 19:06:40", "elapsed": 9523.940704, "delta": 18.250507}}
{"target": 157.0715487144307, "params": {"x0": 0.8132777211530454, "x1": 3.0062634702537294, "x2": 1.3132531951847402, "x3": 6.609941706944868, "x4": 9.873880221536036, "x5": 11.19798690257302, "x6": 9.449283327384906, "x7": -1.6438766128538254, "x8": 0.1066948508797798, "x9": 1.00786739678424}, "datetime": {"datetime": "2025-05-08 19:06:58", "elapsed": 9542.223647, "delta": 18.282943}}
{"target": 157.0715487144307, "params": {"x0": 0.8132777211530454, "x1": 3.0062634702537294, "x2": 1.3132531951847402, "x3": 6.609941706944868, "x4": 9.873880221536036, "x5": 11.19798690257302, "x6": 9.449283327384906, "x7": -1.6438766128538254, "x8": 0.1066948508797798, "x9": 1.00786739678424}, "datetime": {"datetime": "2025-05-08 19:07:18", "elapsed": 9562.036418, "delta": 19.812771}}
{"target": 157.0715487144307, "params": {"x0": 0.8132777211530454, "x1": 3.0062634702537294, "x2": 1.3132531951847402, "x3": 6.609941706944868, "x4": 9.873880221536036, "x5": 11.19798690257302, "x6": 9.449283327384906, "x7": -1.6438766128538254, "x8": 0.1066948508797798, "x9": 1.00786739678424}, "datetime": {"datetime": "2025-05-08 19:07:38", "elapsed": 9581.866393, "delta": 19.829975}}
{"target": 157.0715487144307, "params": {"x0": 0.8132777211530454, "x1": 3.0062634702537294, "x2": 1.3132531951847402, "x3": 6.609941706944868, "x4": 9.873880221536036, "x5": 11.19798690257302, "x6": 9.449283327384906, "x7": -1.6438766128538254, "x8": 0.1066948508797798, "x9": 1.00786739678424}, "datetime": {"datetime": "2025-05-08 19:07:56", "elapsed": 9600.023829, "delta": 18.157436}}
{"target": 157.0715487144307, "params": {"x0": 0.8132777211530454, "x1": 3.0062634702537294, "x2": 1.3132531951847402, "x3": 6.609941706944868, "x4": 9.873880221536036, "x5": 11.19798690257302, "x6": 9.449283327384906, "x7": -1.6438766128538254, "x8": 0.1066948508797798, "x9": 1.00786739678424}, "datetime": {"datetime": "2025-05-08 19:08:14", "elapsed": 9617.94221, "delta": 17.918381}}
{"target": 157.0715487144307, "params": {"x0": 0.8132777211530454, "x1": 3.0062634702537294, "x2": 1.3132531951847402, "x3": 6.609941706944868, "x4": 9.873880221536036, "x5": 11.19798690257302, "x6": 9.449283327384906, "x7": -1.6438766128538254, "x8": 0.1066948508797798, "x9": 1.00786739678424}, "datetime": {"datetime": "2025-05-08 19:08:33", "elapsed": 9636.745502, "delta": 18.803292}}
{"target": 157.0715487144307, "params": {"x0": 0.8132777211530454, "x1": 3.0062634702537294, "x2": 1.3132531951847402, "x3": 6.609941706944868, "x4": 9.873880221536036, "x5": 11.19798690257302, "x6": 9.449283327384906, "x7": -1.6438766128538254, "x8": 0.1066948508797798, "x9": 1.00786739678424}, "datetime": {"datetime": "2025-05-08 19:08:51", "elapsed": 9654.722934, "delta": 17.977432}}
{"target": 157.0715487144307, "params": {"x0": 0.8132777211530454, "x1": 3.0062634702537294, "x2": 1.3132531951847402, "x3": 6.609941706944868, "x4": 9.873880221536036, "x5": 11.19798690257302, "x6": 9.449283327384906, "x7": -1.6438766128538254, "x8": 0.1066948508797798, "x9": 1.00786739678424}, "datetime": {"datetime": "2025-05-08 19:09:10", "elapsed": 9674.006361, "delta": 19.283427}}
{"target": 157.0715487144307, "params": {"x0": 0.8132777211530454, "x1": 3.0062634702537294, "x2": 1.3132531951847402, "x3": 6.609941706944868, "x4": 9.873880221536036, "x5": 11.19798690257302, "x6": 9.449283327384906, "x7": -1.6438766128538254, "x8": 0.1066948508797798, "x9": 1.00786739678424}, "datetime": {"datetime": "2025-05-08 19:09:28", "elapsed": 9691.821616, "delta": 17.815255}}
{"target": 157.0715487144307, "params": {"x0": 0.8132777211530454, "x1": 3.0062634702537294, "x2": 1.3132531951847402, "x3": 6.609941706944868, "x4": 9.873880221536036, "x5": 11.19798690257302, "x6": 9.449283327384906, "x7": -1.6438766128538254, "x8": 0.1066948508797798, "x9": 1.00786739678424}, "datetime": {"datetime": "2025-05-08 19:09:46", "elapsed": 9710.091237, "delta": 18.269621}}
{"target": 157.0715487144307, "params": {"x0": 0.8132777211530454, "x1": 3.0062634702537294, "x2": 1.3132531951847402, "x3": 6.609941706944868, "x4": 9.873880221536036, "x5": 11.19798690257302, "x6": 9.449283327384906, "x7": -1.6438766128538254, "x8": 0.1066948508797798, "x9": 1.00786739678424}, "datetime": {"datetime": "2025-05-08 19:10:04", "elapsed": 9728.105459, "delta": 18.014222}}
{"target": 157.0715487144307, "params": {"x0": 0.8132777211530454, "x1": 3.0062634702537294, "x2": 1.3132531951847402, "x3": 6.609941706944868, "x4": 9.873880221536036, "x5": 11.19798690257302, "x6": 9.449283327384906, "x7": -1.6438766128538254, "x8": 0.1066948508797798, "x9": 1.00786739678424}, "datetime": {"datetime": "2025-05-08 19:10:22", "elapsed": 9746.46413, "delta": 18.358671}}
{"target": 157.0715487144307, "params": {"x0": 0.8132777211530454, "x1": 3.0062634702537294, "x2": 1.3132531951847402, "x3": 6.609941706944868, "x4": 9.873880221536036, "x5": 11.19798690257302, "x6": 9.449283327384906, "x7": -1.6438766128538254, "x8": 0.1066948508797798, "x9": 1.00786739678424}, "datetime": {"datetime": "2025-05-08 19:10:40", "elapsed": 9764.278118, "delta": 17.813988}}
{"target": 157.0715487144307, "params": {"x0": 0.8132777211530454, "x1": 3.0062634702537294, "x2": 1.3132531951847402, "x3": 6.609941706944868, "x4": 9.873880221536036, "x5": 11.19798690257302, "x6": 9.449283327384906, "x7": -1.6438766128538254, "x8": 0.1066948508797798, "x9": 1.00786739678424}, "datetime": {"datetime": "2025-05-08 19:10:59", "elapsed": 9783.016667, "delta": 18.738549}}
{"target": 157.0715487144307, "params": {"x0": 0.8132777211530454, "x1": 3.0062634702537294, "x2": 1.3132531951847402, "x3": 6.609941706944868, "x4": 9.873880221536036, "x5": 11.19798690257302, "x6": 9.449283327384906, "x7": -1.6438766128538254, "x8": 0.1066948508797798, "x9": 1.00786739678424}, "datetime": {"datetime": "2025-05-08 19:11:18", "elapsed": 9802.154465, "delta": 19.137798}}
{"target": 157.0715487144307, "params": {"x0": 0.8132777211530454, "x1": 3.0062634702537294, "x2": 1.3132531951847402, "x3": 6.609941706944868, "x4": 9.873880221536036, "x5": 11.19798690257302, "x6": 9.449283327384906, "x7": -1.6438766128538254, "x8": 0.1066948508797798, "x9": 1.00786739678424}, "datetime": {"datetime": "2025-05-08 19:11:37", "elapsed": 9821.151882, "delta": 18.997417}}
{"target": 157.0715487144307, "params": {"x0": 0.8132777211530454, "x1": 3.0062634702537294, "x2": 1.3132531951847402, "x3": 6.609941706944868, "x4": 9.873880221536036, "x5": 11.19798690257302, "x6": 9.449283327384906, "x7": -1.6438766128538254, "x8": 0.1066948508797798, "x9": 1.00786739678424}, "datetime": {"datetime": "2025-05-08 19:11:56", "elapsed": 9839.921123, "delta": 18.769241}}
{"target": 157.0715487144307, "params": {"x0": 0.8132777211530454, "x1": 3.0062634702537294, "x2": 1.3132531951847402, "x3": 6.609941706944868, "x4": 9.873880221536036, "x5": 11.19798690257302, "x6": 9.449283327384906, "x7": -1.6438766128538254, "x8": 0.1066948508797798, "x9": 1.00786739678424}, "datetime": {"datetime": "2025-05-08 19:12:15", "elapsed": 9859.093136, "delta": 19.172013}}
{"target": 157.0715487144307, "params": {"x0": 0.8132777211530454, "x1": 3.0062634702537294, "x2": 1.3132531951847402, "x3": 6.609941706944868, "x4": 9.873880221536036, "x5": 11.19798690257302, "x6": 9.449283327384906, "x7": -1.6438766128538254, "x8": 0.1066948508797798, "x9": 1.00786739678424}, "datetime": {"datetime": "2025-05-08 19:12:34", "elapsed": 9877.692763, "delta": 18.599627}}
{"target": 157.0715487144307, "params": {"x0": 0.8132777211530454, "x1": 3.0062634702537294, "x2": 1.3132531951847402, "x3": 6.609941706944868, "x4": 9.873880221536036, "x5": 11.19798690257302, "x6": 9.449283327384906, "x7": -1.6438766128538254, "x8": 0.1066948508797798, "x9": 1.00786739678424}, "datetime": {"datetime": "2025-05-08 19:12:52", "elapsed": 9896.010204, "delta": 18.317441}}
{"target": 157.0715487144307, "params": {"x0": 0.8132777211530454, "x1": 3.0062634702537294, "x2": 1.3132531951847402, "x3": 6.609941706944868, "x4": 9.873880221536036, "x5": 11.19798690257302, "x6": 9.449283327384906, "x7": -1.6438766128538254, "x8": 0.1066948508797798, "x9": 1.00786739678424}, "datetime": {"datetime": "2025-05-08 19:13:11", "elapsed": 9915.235191, "delta": 19.224987}}
{"target": 157.0715487144307, "params": {"x0": 0.8132777211530454, "x1": 3.0062634702537294, "x2": 1.3132531951847402, "x3": 6.609941706944868, "x4": 9.873880221536036, "x5": 11.19798690257302, "x6": 9.449283327384906, "x7": -1.6438766128538254, "x8": 0.1066948508797798, "x9": 1.00786739678424}, "datetime": {"datetime": "2025-05-08 19:13:30", "elapsed": 9933.843207, "delta": 18.608016}}
{"target": 157.0715487144307, "params": {"x0": 0.8132777211530454, "x1": 3.0062634702537294, "x2": 1.3132531951847402, "x3": 6.609941706944868, "x4": 9.873880221536036, "x5": 11.19798690257302, "x6": 9.449283327384906, "x7": -1.6438766128538254, "x8": 0.1066948508797798, "x9": 1.00786739678424}, "datetime": {"datetime": "2025-05-08 19:13:50", "elapsed": 9953.643235, "delta": 19.800028}}
{"target": 157.0715487144307, "params": {"x0": 0.8132777211530454, "x1": 3.0062634702537294, "x2": 1.3132531951847402, "x3": 6.609941706944868, "x4": 9.873880221536036, "x5": 11.19798690257302, "x6": 9.449283327384906, "x7": -1.6438766128538254, "x8": 0.1066948508797798, "x9": 1.00786739678424}, "datetime": {"datetime": "2025-05-08 19:14:08", "elapsed": 9971.965527, "delta": 18.322292}}
{"target": 157.0715487144307, "params": {"x0": 0.8132777211530454, "x1": 3.0062634702537294, "x2": 1.3132531951847402, "x3": 6.609941706944868, "x4": 9.873880221536036, "x5": 11.19798690257302, "x6": 9.449283327384906, "x7": -1.6438766128538254, "x8": 0.1066948508797798, "x9": 1.00786739678424}, "datetime": {"datetime": "2025-05-08 19:14:28", "elapsed": 9991.811094, "delta": 19.845567}}
{"target": 157.0715487144307, "params": {"x0": 0.8132777211530454, "x1": 3.0062634702537294, "x2": 1.3132531951847402, "x3": 6.609941706944868, "x4": 9.873880221536036, "x5": 11.19798690257302, "x6": 9.449283327384906, "x7": -1.6438766128538254, "x8": 0.1066948508797798, "x9": 1.00786739678424}, "datetime": {"datetime": "2025-05-08 19:14:46", "elapsed": 10010.148299, "delta": 18.337205}}
{"target": 157.0715487144307, "params": {"x0": 0.8132777211530454, "x1": 3.0062634702537294, "x2": 1.3132531951847402, "x3": 6.609941706944868, "x4": 9.873880221536036, "x5": 11.19798690257302, "x6": 9.449283327384906, "x7": -1.6438766128538254, "x8": 0.1066948508797798, "x9": 1.00786739678424}, "datetime": {"datetime": "2025-05-08 19:15:07", "elapsed": 10030.847483, "delta": 20.699184}}
{"target": 157.0715487144307, "params": {"x0": 0.8132777211530454, "x1": 3.0062634702537294, "x2": 1.3132531951847402, "x3": 6.609941706944868, "x4": 9.873880221536036, "x5": 11.19798690257302, "x6": 9.449283327384906, "x7": -1.6438766128538254, "x8": 0.1066948508797798, "x9": 1.00786739678424}, "datetime": {"datetime": "2025-05-08 19:15:26", "elapsed": 10049.647522, "delta": 18.800039}}
{"target": 157.0715487144307, "params": {"x0": 0.8132777211530454, "x1": 3.0062634702537294, "x2": 1.3132531951847402, "x3": 6.609941706944868, "x4": 9.873880221536036, "x5": 11.19798690257302, "x6": 9.449283327384906, "x7": -1.6438766128538254, "x8": 0.1066948508797798, "x9": 1.00786739678424}, "datetime": {"datetime": "2025-05-08 19:15:44", "elapsed": 10068.279026, "delta": 18.631504}}
{"target": 157.0715487144307, "params": {"x0": 0.8132777211530454, "x1": 3.0062634702537294, "x2": 1.3132531951847402, "x3": 6.609941706944868, "x4": 9.873880221536036, "x5": 11.19798690257302, "x6": 9.449283327384906, "x7": -1.6438766128538254, "x8": 0.1066948508797798, "x9": 1.00786739678424}, "datetime": {"datetime": "2025-05-08 19:16:02", "elapsed": 10086.302519, "delta": 18.023493}}
{"target": 157.0715487144307, "params": {"x0": 0.8132777211530454, "x1": 3.0062634702537294, "x2": 1.3132531951847402, "x3": 6.609941706944868, "x4": 9.873880221536036, "x5": 11.19798690257302, "x6": 9.449283327384906, "x7": -1.6438766128538254, "x8": 0.1066948508797798, "x9": 1.00786739678424}, "datetime": {"datetime": "2025-05-08 19:16:21", "elapsed": 10105.449298, "delta": 19.146779}}
{"target": 157.0715487144307, "params": {"x0": 0.8132777211530454, "x1": 3.0062634702537294, "x2": 1.3132531951847402, "x3": 6.609941706944868, "x4": 9.873880221536036, "x5": 11.19798690257302, "x6": 9.449283327384906, "x7": -1.6438766128538254, "x8": 0.1066948508797798, "x9": 1.00786739678424}, "datetime": {"datetime": "2025-05-08 19:16:39", "elapsed": 10123.070179, "delta": 17.620881}}
{"target": 157.0715487144307, "params": {"x0": 0.8132777211530454, "x1": 3.0062634702537294, "x2": 1.3132531951847402, "x3": 6.609941706944868, "x4": 9.873880221536036, "x5": 11.19798690257302, "x6": 9.449283327384906, "x7": -1.6438766128538254, "x8": 0.1066948508797798, "x9": 1.00786739678424}, "datetime": {"datetime": "2025-05-08 19:16:58", "elapsed": 10142.052274, "delta": 18.982095}}
{"target": 157.0715487144307, "params": {"x0": 0.8132777211530454, "x1": 3.0062634702537294, "x2": 1.3132531951847402, "x3": 6.609941706944868, "x4": 9.873880221536036, "x5": 11.19798690257302, "x6": 9.449283327384906, "x7": -1.6438766128538254, "x8": 0.1066948508797798, "x9": 1.00786739678424}, "datetime": {"datetime": "2025-05-08 19:17:16", "elapsed": 10159.986699, "delta": 17.934425}}
{"target": 157.0715487144307, "params": {"x0": 0.8132777211530454, "x1": 3.0062634702537294, "x2": 1.3132531951847402, "x3": 6.609941706944868, "x4": 9.873880221536036, "x5": 11.19798690257302, "x6": 9.449283327384906, "x7": -1.6438766128538254, "x8": 0.1066948508797798, "x9": 1.00786739678424}, "datetime": {"datetime": "2025-05-08 19:17:35", "elapsed": 10178.78818, "delta": 18.801481}}
{"target": 157.0715487144307, "params": {"x0": 0.8132777211530454, "x1": 3.0062634702537294, "x2": 1.3132531951847402, "x3": 6.609941706944868, "x4": 9.873880221536036, "x5": 11.19798690257302, "x6": 9.449283327384906, "x7": -1.6438766128538254, "x8": 0.1066948508797798, "x9": 1.00786739678424}, "datetime": {"datetime": "2025-05-08 19:17:54", "elapsed": 10197.967563, "delta": 19.179383}}
{"target": 157.0715487144307, "params": {"x0": 0.8132777211530454, "x1": 3.0062634702537294, "x2": 1.3132531951847402, "x3": 6.609941706944868, "x4": 9.873880221536036, "x5": 11.19798690257302, "x6": 9.449283327384906, "x7": -1.6438766128538254, "x8": 0.1066948508797798, "x9": 1.00786739678424}, "datetime": {"datetime": "2025-05-08 19:18:14", "elapsed": 10217.798856, "delta": 19.831293}}
{"target": 157.0715487144307, "params": {"x0": 0.8132777211530454, "x1": 3.0062634702537294, "x2": 1.3132531951847402, "x3": 6.609941706944868, "x4": 9.873880221536036, "x5": 11.19798690257302, "x6": 9.449283327384906, "x7": -1.6438766128538254, "x8": 0.1066948508797798, "x9": 1.00786739678424}, "datetime": {"datetime": "2025-05-08 19:18:32", "elapsed": 10236.094868, "delta": 18.296012}}
{"target": 157.0715487144307, "params": {"x0": 0.8132777211530454, "x1": 3.0062634702537294, "x2": 1.3132531951847402, "x3": 6.609941706944868, "x4": 9.873880221536036, "x5": 11.19798690257302, "x6": 9.449283327384906, "x7": -1.6438766128538254, "x8": 0.1066948508797798, "x9": 1.00786739678424}, "datetime": {"datetime": "2025-05-08 19:18:52", "elapsed": 10255.78628, "delta": 19.691412}}
{"target": 157.0715487144307, "params": {"x0": 0.8132777211530454, "x1": 3.0062634702537294, "x2": 1.3132531951847402, "x3": 6.609941706944868, "x4": 9.873880221536036, "x5": 11.19798690257302, "x6": 9.449283327384906, "x7": -1.6438766128538254, "x8": 0.1066948508797798, "x9": 1.00786739678424}, "datetime": {"datetime": "2025-05-08 19:19:11", "elapsed": 10274.987164, "delta": 19.200884}}
{"target": 157.0715487144307, "params": {"x0": 0.8132777211530454, "x1": 3.0062634702537294, "x2": 1.3132531951847402, "x3": 6.609941706944868, "x4": 9.873880221536036, "x5": 11.19798690257302, "x6": 9.449283327384906, "x7": -1.6438766128538254, "x8": 0.1066948508797798, "x9": 1.00786739678424}, "datetime": {"datetime": "2025-05-08 19:19:30", "elapsed": 10293.970815, "delta": 18.983651}}
{"target": 157.0715487144307, "params": {"x0": 0.8132777211530454, "x1": 3.0062634702537294, "x2": 1.3132531951847402, "x3": 6.609941706944868, "x4": 9.873880221536036, "x5": 11.19798690257302, "x6": 9.449283327384906, "x7": -1.6438766128538254, "x8": 0.1066948508797798, "x9": 1.00786739678424}, "datetime": {"datetime": "2025-05-08 19:19:49", "elapsed": 10312.947384, "delta": 18.976569}}
{"target": 157.0715487144307, "params": {"x0": 0.8132777211530454, "x1": 3.0062634702537294, "x2": 1.3132531951847402, "x3": 6.609941706944868, "x4": 9.873880221536036, "x5": 11.19798690257302, "x6": 9.449283327384906, "x7": -1.6438766128538254, "x8": 0.1066948508797798, "x9": 1.00786739678424}, "datetime": {"datetime": "2025-05-08 19:20:09", "elapsed": 10332.74429, "delta": 19.796906}}
{"target": 157.0715487144307, "params": {"x0": 0.8132777211530454, "x1": 3.0062634702537294, "x2": 1.3132531951847402, "x3": 6.609941706944868, "x4": 9.873880221536036, "x5": 11.19798690257302, "x6": 9.449283327384906, "x7": -1.6438766128538254, "x8": 0.1066948508797798, "x9": 1.00786739678424}, "datetime": {"datetime": "2025-05-08 19:20:28", "elapsed": 10351.565139, "delta": 18.820849}}
{"target": 157.0715487144307, "params": {"x0": 0.8132777211530454, "x1": 3.0062634702537294, "x2": 1.3132531951847402, "x3": 6.609941706944868, "x4": 9.873880221536036, "x5": 11.19798690257302, "x6": 9.449283327384906, "x7": -1.6438766128538254, "x8": 0.1066948508797798, "x9": 1.00786739678424}, "datetime": {"datetime": "2025-05-08 19:20:48", "elapsed": 10371.694101, "delta": 20.128962}}
{"target": 157.0715487144307, "params": {"x0": 0.8132777211530454, "x1": 3.0062634702537294, "x2": 1.3132531951847402, "x3": 6.609941706944868, "x4": 9.873880221536036, "x5": 11.19798690257302, "x6": 9.449283327384906, "x7": -1.6438766128538254, "x8": 0.1066948508797798, "x9": 1.00786739678424}, "datetime": {"datetime": "2025-05-08 19:21:05", "elapsed": 10388.95089, "delta": 17.256789}}
