{"target": 157.0715487144307, "params": {"x0": 0.8132777211530454, "x1": 3.0062634702537294, "x2": 1.3132531951847402, "x3": 6.609941706944868, "x4": 9.873880221536036, "x5": 11.19798690257302, "x6": 9.449283327384906, "x7": -1.6438766128538254, "x8": 0.1066948508797798, "x9": 1.00786739678424}, "datetime": {"datetime": "2025-05-09 01:38:55", "elapsed": 33058.924889, "delta": 37.438574}}
{"target": 157.0715487144307, "params": {"x0": 0.8132777211530454, "x1": 3.0062634702537294, "x2": 1.3132531951847402, "x3": 6.609941706944868, "x4": 9.873880221536036, "x5": 11.19798690257302, "x6": 9.449283327384906, "x7": -1.6438766128538254, "x8": 0.1066948508797798, "x9": 1.00786739678424}, "datetime": {"datetime": "2025-05-09 01:39:46", "elapsed": 33110.141473, "delta": 51.216584}}
{"target": 157.0715487144307, "params": {"x0": 0.8132777211530454, "x1": 3.0062634702537294, "x2": 1.3132531951847402, "x3": 6.609941706944868, "x4": 9.873880221536036, "x5": 11.19798690257302, "x6": 9.449283327384906, "x7": -1.6438766128538254, "x8": 0.1066948508797798, "x9": 1.00786739678424}, "datetime": {"datetime": "2025-05-09 01:40:31", "elapsed": 33154.546561, "delta": 44.405088}}
{"target": 157.0715487144307, "params": {"x0": 0.8132777211530454, "x1": 3.0062634702537294, "x2": 1.3132531951847402, "x3": 6.609941706944868, "x4": 9.873880221536036, "x5": 11.19798690257302, "x6": 9.449283327384906, "x7": -1.6438766128538254, "x8": 0.1066948508797798, "x9": 1.00786739678424}, "datetime": {"datetime": "2025-05-09 01:41:10", "elapsed": 33193.699209, "delta": 39.152648}}
{"target": 157.0715487144307, "params": {"x0": 0.8132777211530454, "x1": 3.0062634702537294, "x2": 1.3132531951847402, "x3": 6.609941706944868, "x4": 9.873880221536036, "x5": 11.19798690257302, "x6": 9.449283327384906, "x7": -1.6438766128538254, "x8": 0.1066948508797798, "x9": 1.00786739678424}, "datetime": {"datetime": "2025-05-09 01:41:54", "elapsed": 33237.745078, "delta": 44.045869}}
{"target": 157.0715487144307, "params": {"x0": 0.8132777211530454, "x1": 3.0062634702537294, "x2": 1.3132531951847402, "x3": 6.609941706944868, "x4": 9.873880221536036, "x5": 11.19798690257302, "x6": 9.449283327384906, "x7": -1.6438766128538254, "x8": 0.1066948508797798, "x9": 1.00786739678424}, "datetime": {"datetime": "2025-05-09 01:42:40", "elapsed": 33284.173529, "delta": 46.428451}}
{"target": 157.0715487144307, "params": {"x0": 0.8132777211530454, "x1": 3.0062634702537294, "x2": 1.3132531951847402, "x3": 6.609941706944868, "x4": 9.873880221536036, "x5": 11.19798690257302, "x6": 9.449283327384906, "x7": -1.6438766128538254, "x8": 0.1066948508797798, "x9": 1.00786739678424}, "datetime": {"datetime": "2025-05-09 01:43:26", "elapsed": 33329.645001, "delta": 45.471472}}
{"target": 157.0715487144307, "params": {"x0": 0.8132777211530454, "x1": 3.0062634702537294, "x2": 1.3132531951847402, "x3": 6.609941706944868, "x4": 9.873880221536036, "x5": 11.19798690257302, "x6": 9.449283327384906, "x7": -1.6438766128538254, "x8": 0.1066948508797798, "x9": 1.00786739678424}, "datetime": {"datetime": "2025-05-09 01:44:06", "elapsed": 33370.35569, "delta": 40.710689}}
{"target": 157.0715487144307, "params": {"x0": 0.8132777211530454, "x1": 3.0062634702537294, "x2": 1.3132531951847402, "x3": 6.609941706944868, "x4": 9.873880221536036, "x5": 11.19798690257302, "x6": 9.449283327384906, "x7": -1.6438766128538254, "x8": 0.1066948508797798, "x9": 1.00786739678424}, "datetime": {"datetime": "2025-05-09 01:44:47", "elapsed": 33410.691825, "delta": 40.336135}}
{"target": 157.0715487144307, "params": {"x0": 0.8132777211530454, "x1": 3.0062634702537294, "x2": 1.3132531951847402, "x3": 6.609941706944868, "x4": 9.873880221536036, "x5": 11.19798690257302, "x6": 9.449283327384906, "x7": -1.6438766128538254, "x8": 0.1066948508797798, "x9": 1.00786739678424}, "datetime": {"datetime": "2025-05-09 01:45:37", "elapsed": 33461.236225, "delta": 50.5444}}
{"target": 157.0715487144307, "params": {"x0": 0.8132777211530454, "x1": 3.0062634702537294, "x2": 1.3132531951847402, "x3": 6.609941706944868, "x4": 9.873880221536036, "x5": 11.19798690257302, "x6": 9.449283327384906, "x7": -1.6438766128538254, "x8": 0.1066948508797798, "x9": 1.00786739678424}, "datetime": {"datetime": "2025-05-09 01:46:24", "elapsed": 33508.435058, "delta": 47.198833}}
{"target": 157.0715487144307, "params": {"x0": 0.8132777211530454, "x1": 3.0062634702537294, "x2": 1.3132531951847402, "x3": 6.609941706944868, "x4": 9.873880221536036, "x5": 11.19798690257302, "x6": 9.449283327384906, "x7": -1.6438766128538254, "x8": 0.1066948508797798, "x9": 1.00786739678424}, "datetime": {"datetime": "2025-05-09 01:47:07", "elapsed": 33550.728858, "delta": 42.2938}}
{"target": 157.0715487144307, "params": {"x0": 0.8132777211530454, "x1": 3.0062634702537294, "x2": 1.3132531951847402, "x3": 6.609941706944868, "x4": 9.873880221536036, "x5": 11.19798690257302, "x6": 9.449283327384906, "x7": -1.6438766128538254, "x8": 0.1066948508797798, "x9": 1.00786739678424}, "datetime": {"datetime": "2025-05-09 01:47:49", "elapsed": 33593.308788, "delta": 42.57993}}
{"target": 157.0715487144307, "params": {"x0": 0.8132777211530454, "x1": 3.0062634702537294, "x2": 1.3132531951847402, "x3": 6.609941706944868, "x4": 9.873880221536036, "x5": 11.19798690257302, "x6": 9.449283327384906, "x7": -1.6438766128538254, "x8": 0.1066948508797798, "x9": 1.00786739678424}, "datetime": {"datetime": "2025-05-09 01:48:25", "elapsed": 33629.12851, "delta": 35.819722}}
{"target": 157.0715487144307, "params": {"x0": 0.8132777211530454, "x1": 3.0062634702537294, "x2": 1.3132531951847402, "x3": 6.609941706944868, "x4": 9.873880221536036, "x5": 11.19798690257302, "x6": 9.449283327384906, "x7": -1.6438766128538254, "x8": 0.1066948508797798, "x9": 1.00786739678424}, "datetime": {"datetime": "2025-05-09 01:49:06", "elapsed": 33669.63051, "delta": 40.502}}
{"target": 157.0715487144307, "params": {"x0": 0.8132777211530454, "x1": 3.0062634702537294, "x2": 1.3132531951847402, "x3": 6.609941706944868, "x4": 9.873880221536036, "x5": 11.19798690257302, "x6": 9.449283327384906, "x7": -1.6438766128538254, "x8": 0.1066948508797798, "x9": 1.00786739678424}, "datetime": {"datetime": "2025-05-09 01:49:52", "elapsed": 33715.743702, "delta": 46.113192}}
{"target": 157.0715487144307, "params": {"x0": 0.8132777211530454, "x1": 3.0062634702537294, "x2": 1.3132531951847402, "x3": 6.609941706944868, "x4": 9.873880221536036, "x5": 11.19798690257302, "x6": 9.449283327384906, "x7": -1.6438766128538254, "x8": 0.1066948508797798, "x9": 1.00786739678424}, "datetime": {"datetime": "2025-05-09 01:50:36", "elapsed": 33759.783111, "delta": 44.039409}}
{"target": 157.0715487144307, "params": {"x0": 0.8132777211530454, "x1": 3.0062634702537294, "x2": 1.3132531951847402, "x3": 6.609941706944868, "x4": 9.873880221536036, "x5": 11.19798690257302, "x6": 9.449283327384906, "x7": -1.6438766128538254, "x8": 0.1066948508797798, "x9": 1.00786739678424}, "datetime": {"datetime": "2025-05-09 01:51:09", "elapsed": 33793.166579, "delta": 33.383468}}
{"target": 157.0715487144307, "params": {"x0": 0.8132777211530454, "x1": 3.0062634702537294, "x2": 1.3132531951847402, "x3": 6.609941706944868, "x4": 9.873880221536036, "x5": 11.19798690257302, "x6": 9.449283327384906, "x7": -1.6438766128538254, "x8": 0.1066948508797798, "x9": 1.00786739678424}, "datetime": {"datetime": "2025-05-09 01:51:46", "elapsed": 33829.679465, "delta": 36.512886}}
{"target": 157.0715487144307, "params": {"x0": 0.8132777211530454, "x1": 3.0062634702537294, "x2": 1.3132531951847402, "x3": 6.609941706944868, "x4": 9.873880221536036, "x5": 11.19798690257302, "x6": 9.449283327384906, "x7": -1.6438766128538254, "x8": 0.1066948508797798, "x9": 1.00786739678424}, "datetime": {"datetime": "2025-05-09 01:52:36", "elapsed": 33879.940252, "delta": 50.260787}}
{"target": 157.0715487144307, "params": {"x0": 0.8132777211530454, "x1": 3.0062634702537294, "x2": 1.3132531951847402, "x3": 6.609941706944868, "x4": 9.873880221536036, "x5": 11.19798690257302, "x6": 9.449283327384906, "x7": -1.6438766128538254, "x8": 0.1066948508797798, "x9": 1.00786739678424}, "datetime": {"datetime": "2025-05-09 01:53:25", "elapsed": 33929.415199, "delta": 49.474947}}
{"target": 157.0715487144307, "params": {"x0": 0.8132777211530454, "x1": 3.0062634702537294, "x2": 1.3132531951847402, "x3": 6.609941706944868, "x4": 9.873880221536036, "x5": 11.19798690257302, "x6": 9.449283327384906, "x7": -1.6438766128538254, "x8": 0.1066948508797798, "x9": 1.00786739678424}, "datetime": {"datetime": "2025-05-09 01:54:09", "elapsed": 33972.747232, "delta": 43.332033}}
{"target": 157.0715487144307, "params": {"x0": 0.8132777211530454, "x1": 3.0062634702537294, "x2": 1.3132531951847402, "x3": 6.609941706944868, "x4": 9.873880221536036, "x5": 11.19798690257302, "x6": 9.449283327384906, "x7": -1.6438766128538254, "x8": 0.1066948508797798, "x9": 1.00786739678424}, "datetime": {"datetime": "2025-05-09 01:54:55", "elapsed": 34018.737264, "delta": 45.990032}}
{"target": 157.0715487144307, "params": {"x0": 0.8132777211530454, "x1": 3.0062634702537294, "x2": 1.3132531951847402, "x3": 6.609941706944868, "x4": 9.873880221536036, "x5": 11.19798690257302, "x6": 9.449283327384906, "x7": -1.6438766128538254, "x8": 0.1066948508797798, "x9": 1.00786739678424}, "datetime": {"datetime": "2025-05-09 01:55:46", "elapsed": 34069.935649, "delta": 51.198385}}
{"target": 157.0715487144307, "params": {"x0": 0.8132777211530454, "x1": 3.0062634702537294, "x2": 1.3132531951847402, "x3": 6.609941706944868, "x4": 9.873880221536036, "x5": 11.19798690257302, "x6": 9.449283327384906, "x7": -1.6438766128538254, "x8": 0.1066948508797798, "x9": 1.00786739678424}, "datetime": {"datetime": "2025-05-09 01:56:27", "elapsed": 34110.862091, "delta": 40.926442}}
{"target": 157.0715487144307, "params": {"x0": 0.8132777211530454, "x1": 3.0062634702537294, "x2": 1.3132531951847402, "x3": 6.609941706944868, "x4": 9.873880221536036, "x5": 11.19798690257302, "x6": 9.449283327384906, "x7": -1.6438766128538254, "x8": 0.1066948508797798, "x9": 1.00786739678424}, "datetime": {"datetime": "2025-05-09 01:57:13", "elapsed": 34156.685152, "delta": 45.823061}}
{"target": 157.0715487144307, "params": {"x0": 0.8132777211530454, "x1": 3.0062634702537294, "x2": 1.3132531951847402, "x3": 6.609941706944868, "x4": 9.873880221536036, "x5": 11.19798690257302, "x6": 9.449283327384906, "x7": -1.6438766128538254, "x8": 0.1066948508797798, "x9": 1.00786739678424}, "datetime": {"datetime": "2025-05-09 01:57:48", "elapsed": 34191.564652, "delta": 34.8795}}
{"target": 157.0715487144307, "params": {"x0": 0.8132777211530454, "x1": 3.0062634702537294, "x2": 1.3132531951847402, "x3": 6.609941706944868, "x4": 9.873880221536036, "x5": 11.19798690257302, "x6": 9.449283327384906, "x7": -1.6438766128538254, "x8": 0.1066948508797798, "x9": 1.00786739678424}, "datetime": {"datetime": "2025-05-09 01:58:29", "elapsed": 34233.507418, "delta": 41.942766}}
{"target": 157.0715487144307, "params": {"x0": 0.8132777211530454, "x1": 3.0062634702537294, "x2": 1.3132531951847402, "x3": 6.609941706944868, "x4": 9.873880221536036, "x5": 11.19798690257302, "x6": 9.449283327384906, "x7": -1.6438766128538254, "x8": 0.1066948508797798, "x9": 1.00786739678424}, "datetime": {"datetime": "2025-05-09 01:59:16", "elapsed": 34280.047044, "delta": 46.539626}}
{"target": 157.0715487144307, "params": {"x0": 0.8132777211530454, "x1": 3.0062634702537294, "x2": 1.3132531951847402, "x3": 6.609941706944868, "x4": 9.873880221536036, "x5": 11.19798690257302, "x6": 9.449283327384906, "x7": -1.6438766128538254, "x8": 0.1066948508797798, "x9": 1.00786739678424}, "datetime": {"datetime": "2025-05-09 01:59:58", "elapsed": 34322.04054, "delta": 41.993496}}
{"target": 157.0715487144307, "params": {"x0": 0.8132777211530454, "x1": 3.0062634702537294, "x2": 1.3132531951847402, "x3": 6.609941706944868, "x4": 9.873880221536036, "x5": 11.19798690257302, "x6": 9.449283327384906, "x7": -1.6438766128538254, "x8": 0.1066948508797798, "x9": 1.00786739678424}, "datetime": {"datetime": "2025-05-09 02:00:41", "elapsed": 34364.716133, "delta": 42.675593}}
{"target": 157.0715487144307, "params": {"x0": 0.8132777211530454, "x1": 3.0062634702537294, "x2": 1.3132531951847402, "x3": 6.609941706944868, "x4": 9.873880221536036, "x5": 11.19798690257302, "x6": 9.449283327384906, "x7": -1.6438766128538254, "x8": 0.1066948508797798, "x9": 1.00786739678424}, "datetime": {"datetime": "2025-05-09 02:01:14", "elapsed": 34398.11783, "delta": 33.401697}}
{"target": 157.0715487144307, "params": {"x0": 0.8132777211530454, "x1": 3.0062634702537294, "x2": 1.3132531951847402, "x3": 6.609941706944868, "x4": 9.873880221536036, "x5": 11.19798690257302, "x6": 9.449283327384906, "x7": -1.6438766128538254, "x8": 0.1066948508797798, "x9": 1.00786739678424}, "datetime": {"datetime": "2025-05-09 02:02:01", "elapsed": 34444.6533, "delta": 46.53547}}
{"target": 157.0715487144307, "params": {"x0": 0.8132777211530454, "x1": 3.0062634702537294, "x2": 1.3132531951847402, "x3": 6.609941706944868, "x4": 9.873880221536036, "x5": 11.19798690257302, "x6": 9.449283327384906, "x7": -1.6438766128538254, "x8": 0.1066948508797798, "x9": 1.00786739678424}, "datetime": {"datetime": "2025-05-09 02:02:43", "elapsed": 34487.22512, "delta": 42.57182}}
{"target": 157.0715487144307, "params": {"x0": 0.8132777211530454, "x1": 3.0062634702537294, "x2": 1.3132531951847402, "x3": 6.609941706944868, "x4": 9.873880221536036, "x5": 11.19798690257302, "x6": 9.449283327384906, "x7": -1.6438766128538254, "x8": 0.1066948508797798, "x9": 1.00786739678424}, "datetime": {"datetime": "2025-05-09 02:03:38", "elapsed": 34541.645917, "delta": 54.420797}}
{"target": 157.0715487144307, "params": {"x0": 0.8132777211530454, "x1": 3.0062634702537294, "x2": 1.3132531951847402, "x3": 6.609941706944868, "x4": 9.873880221536036, "x5": 11.19798690257302, "x6": 9.449283327384906, "x7": -1.6438766128538254, "x8": 0.1066948508797798, "x9": 1.00786739678424}, "datetime": {"datetime": "2025-05-09 02:04:28", "elapsed": 34592.296622, "delta": 50.650705}}
{"target": 157.0715487144307, "params": {"x0": 0.8132777211530454, "x1": 3.0062634702537294, "x2": 1.3132531951847402, "x3": 6.609941706944868, "x4": 9.873880221536036, "x5": 11.19798690257302, "x6": 9.449283327384906, "x7": -1.6438766128538254, "x8": 0.1066948508797798, "x9": 1.00786739678424}, "datetime": {"datetime": "2025-05-09 02:05:12", "elapsed": 34636.006469, "delta": 43.709847}}
{"target": 157.0715487144307, "params": {"x0": 0.8132777211530454, "x1": 3.0062634702537294, "x2": 1.3132531951847402, "x3": 6.609941706944868, "x4": 9.873880221536036, "x5": 11.19798690257302, "x6": 9.449283327384906, "x7": -1.6438766128538254, "x8": 0.1066948508797798, "x9": 1.00786739678424}, "datetime": {"datetime": "2025-05-09 02:05:53", "elapsed": 34677.025428, "delta": 41.018959}}
{"target": 157.0715487144307, "params": {"x0": 0.8132777211530454, "x1": 3.0062634702537294, "x2": 1.3132531951847402, "x3": 6.609941706944868, "x4": 9.873880221536036, "x5": 11.19798690257302, "x6": 9.449283327384906, "x7": -1.6438766128538254, "x8": 0.1066948508797798, "x9": 1.00786739678424}, "datetime": {"datetime": "2025-05-09 02:06:34", "elapsed": 34717.603148, "delta": 40.57772}}
{"target": 157.0715487144307, "params": {"x0": 0.8132777211530454, "x1": 3.0062634702537294, "x2": 1.3132531951847402, "x3": 6.609941706944868, "x4": 9.873880221536036, "x5": 11.19798690257302, "x6": 9.449283327384906, "x7": -1.6438766128538254, "x8": 0.1066948508797798, "x9": 1.00786739678424}, "datetime": {"datetime": "2025-05-09 02:07:09", "elapsed": 34753.456163, "delta": 35.853015}}
{"target": 157.0715487144307, "params": {"x0": 0.8132777211530454, "x1": 3.0062634702537294, "x2": 1.3132531951847402, "x3": 6.609941706944868, "x4": 9.873880221536036, "x5": 11.19798690257302, "x6": 9.449283327384906, "x7": -1.6438766128538254, "x8": 0.1066948508797798, "x9": 1.00786739678424}, "datetime": {"datetime": "2025-05-09 02:08:01", "elapsed": 34804.871643, "delta": 51.41548}}
{"target": 157.0715487144307, "params": {"x0": 0.8132777211530454, "x1": 3.0062634702537294, "x2": 1.3132531951847402, "x3": 6.609941706944868, "x4": 9.873880221536036, "x5": 11.19798690257302, "x6": 9.449283327384906, "x7": -1.6438766128538254, "x8": 0.1066948508797798, "x9": 1.00786739678424}, "datetime": {"datetime": "2025-05-09 02:08:52", "elapsed": 34855.917777, "delta": 51.046134}}
{"target": 157.0715487144307, "params": {"x0": 0.8132777211530454, "x1": 3.0062634702537294, "x2": 1.3132531951847402, "x3": 6.609941706944868, "x4": 9.873880221536036, "x5": 11.19798690257302, "x6": 9.449283327384906, "x7": -1.6438766128538254, "x8": 0.1066948508797798, "x9": 1.00786739678424}, "datetime": {"datetime": "2025-05-09 02:09:29", "elapsed": 34892.790951, "delta": 36.873174}}
{"target": 157.0715487144307, "params": {"x0": 0.8132777211530454, "x1": 3.0062634702537294, "x2": 1.3132531951847402, "x3": 6.609941706944868, "x4": 9.873880221536036, "x5": 11.19798690257302, "x6": 9.449283327384906, "x7": -1.6438766128538254, "x8": 0.1066948508797798, "x9": 1.00786739678424}, "datetime": {"datetime": "2025-05-09 02:10:17", "elapsed": 34940.649155, "delta": 47.858204}}
{"target": 157.0715487144307, "params": {"x0": 0.8132777211530454, "x1": 3.0062634702537294, "x2": 1.3132531951847402, "x3": 6.609941706944868, "x4": 9.873880221536036, "x5": 11.19798690257302, "x6": 9.449283327384906, "x7": -1.6438766128538254, "x8": 0.1066948508797798, "x9": 1.00786739678424}, "datetime": {"datetime": "2025-05-09 02:11:10", "elapsed": 34994.091557, "delta": 53.442402}}
{"target": 157.0715487144307, "params": {"x0": 0.8132777211530454, "x1": 3.0062634702537294, "x2": 1.3132531951847402, "x3": 6.609941706944868, "x4": 9.873880221536036, "x5": 11.19798690257302, "x6": 9.449283327384906, "x7": -1.6438766128538254, "x8": 0.1066948508797798, "x9": 1.00786739678424}, "datetime": {"datetime": "2025-05-09 02:11:55", "elapsed": 35038.756637, "delta": 44.66508}}
{"target": 157.0715487144307, "params": {"x0": 0.8132777211530454, "x1": 3.0062634702537294, "x2": 1.3132531951847402, "x3": 6.609941706944868, "x4": 9.873880221536036, "x5": 11.19798690257302, "x6": 9.449283327384906, "x7": -1.6438766128538254, "x8": 0.1066948508797798, "x9": 1.00786739678424}, "datetime": {"datetime": "2025-05-09 02:12:37", "elapsed": 35081.281142, "delta": 42.524505}}
{"target": 157.0715487144307, "params": {"x0": 0.8132777211530454, "x1": 3.0062634702537294, "x2": 1.3132531951847402, "x3": 6.609941706944868, "x4": 9.873880221536036, "x5": 11.19798690257302, "x6": 9.449283327384906, "x7": -1.6438766128538254, "x8": 0.1066948508797798, "x9": 1.00786739678424}, "datetime": {"datetime": "2025-05-09 02:13:23", "elapsed": 35126.857751, "delta": 45.576609}}
{"target": 157.0715487144307, "params": {"x0": 0.8132777211530454, "x1": 3.0062634702537294, "x2": 1.3132531951847402, "x3": 6.609941706944868, "x4": 9.873880221536036, "x5": 11.19798690257302, "x6": 9.449283327384906, "x7": -1.6438766128538254, "x8": 0.1066948508797798, "x9": 1.00786739678424}, "datetime": {"datetime": "2025-05-09 02:14:06", "elapsed": 35170.509811, "delta": 43.65206}}
{"target": 157.0715487144307, "params": {"x0": 0.8132777211530454, "x1": 3.0062634702537294, "x2": 1.3132531951847402, "x3": 6.609941706944868, "x4": 9.873880221536036, "x5": 11.19798690257302, "x6": 9.449283327384906, "x7": -1.6438766128538254, "x8": 0.1066948508797798, "x9": 1.00786739678424}, "datetime": {"datetime": "2025-05-09 02:14:54", "elapsed": 35217.836965, "delta": 47.327154}}
{"target": 157.0715487144307, "params": {"x0": 0.8132777211530454, "x1": 3.0062634702537294, "x2": 1.3132531951847402, "x3": 6.609941706944868, "x4": 9.873880221536036, "x5": 11.19798690257302, "x6": 9.449283327384906, "x7": -1.6438766128538254, "x8": 0.1066948508797798, "x9": 1.00786739678424}, "datetime": {"datetime": "2025-05-09 02:15:36", "elapsed": 35260.382694, "delta": 42.545729}}
{"target": 157.0715487144307, "params": {"x0": 0.8132777211530454, "x1": 3.0062634702537294, "x2": 1.3132531951847402, "x3": 6.609941706944868, "x4": 9.873880221536036, "x5": 11.19798690257302, "x6": 9.449283327384906, "x7": -1.6438766128538254, "x8": 0.1066948508797798, "x9": 1.00786739678424}, "datetime": {"datetime": "2025-05-09 02:16:09", "elapsed": 35292.923071, "delta": 32.540377}}
{"target": 157.0715487144307, "params": {"x0": 0.8132777211530454, "x1": 3.0062634702537294, "x2": 1.3132531951847402, "x3": 6.609941706944868, "x4": 9.873880221536036, "x5": 11.19798690257302, "x6": 9.449283327384906, "x7": -1.6438766128538254, "x8": 0.1066948508797798, "x9": 1.00786739678424}, "datetime": {"datetime": "2025-05-09 02:16:55", "elapsed": 35339.29619, "delta": 46.373119}}
{"target": 157.0715487144307, "params": {"x0": 0.8132777211530454, "x1": 3.0062634702537294, "x2": 1.3132531951847402, "x3": 6.609941706944868, "x4": 9.873880221536036, "x5": 11.19798690257302, "x6": 9.449283327384906, "x7": -1.6438766128538254, "x8": 0.1066948508797798, "x9": 1.00786739678424}, "datetime": {"datetime": "2025-05-09 02:17:42", "elapsed": 35386.347808, "delta": 47.051618}}
{"target": 157.0715487144307, "params": {"x0": 0.8132777211530454, "x1": 3.0062634702537294, "x2": 1.3132531951847402, "x3": 6.609941706944868, "x4": 9.873880221536036, "x5": 11.19798690257302, "x6": 9.449283327384906, "x7": -1.6438766128538254, "x8": 0.1066948508797798, "x9": 1.00786739678424}, "datetime": {"datetime": "2025-05-09 02:18:30", "elapsed": 35433.876789, "delta": 47.528981}}
{"target": 157.0715487144307, "params": {"x0": 0.8132777211530454, "x1": 3.0062634702537294, "x2": 1.3132531951847402, "x3": 6.609941706944868, "x4": 9.873880221536036, "x5": 11.19798690257302, "x6": 9.449283327384906, "x7": -1.6438766128538254, "x8": 0.1066948508797798, "x9": 1.00786739678424}, "datetime": {"datetime": "2025-05-09 02:19:17", "elapsed": 35480.586987, "delta": 46.710198}}
