{"target": 157.0715487144307, "params": {"x0": 0.813277721153054, "x1": 3.0062634702535895, "x2": 1.3132531951847044, "x3": 6.6099417069449835, "x4": 9.87388022153615, "x5": 11.197986902571085, "x6": 9.449283327384943, "x7": -1.6438766128539815, "x8": 0.10669485087981857, "x9": 1.0078673967842309}, "datetime": {"datetime": "2025-05-08 17:57:01", "elapsed": 5344.769422, "delta": 17.078946}}
{"target": 157.0715487144307, "params": {"x0": 0.8132777211530494, "x1": 3.0062634702536895, "x2": 1.313253195184768, "x3": 6.609941706944853, "x4": 9.873880221536025, "x5": 11.197986902573575, "x6": 9.44928332738501, "x7": -1.6438766128538584, "x8": 0.10669485087976346, "x9": 1.0078673967842533}, "datetime": {"datetime": "2025-05-08 17:57:17", "elapsed": 5361.072325, "delta": 16.302903}}
{"target": 157.0715487144307, "params": {"x0": 0.8132777211530514, "x1": 3.00626347025384, "x2": 1.3132531951847295, "x3": 6.609941706944954, "x4": 9.873880221535963, "x5": 11.197986902573545, "x6": 9.449283327384999, "x7": -1.6438766128537243, "x8": 0.10669485087977235, "x9": 1.0078673967842362}, "datetime": {"datetime": "2025-05-08 17:57:34", "elapsed": 5378.36398, "delta": 17.291655}}
{"target": 157.0715487144307, "params": {"x0": 0.8132777211530561, "x1": 3.006263470253705, "x2": 1.3132531951847326, "x3": 6.609941706944879, "x4": 9.873880221535988, "x5": 11.197986902572136, "x6": 9.44928332738491, "x7": -1.643876612853737, "x8": 0.10669485087979316, "x9": 1.007867396784256}, "datetime": {"datetime": "2025-05-08 17:57:51", "elapsed": 5395.195677, "delta": 16.831697}}
{"target": 157.0715487144307, "params": {"x0": 0.813277721153052, "x1": 3.006263470253684, "x2": 1.3132531951847668, "x3": 6.609941706944907, "x4": 9.873880221536096, "x5": 11.197986902573973, "x6": 9.449283327384938, "x7": -1.6438766128539357, "x8": 0.10669485087977444, "x9": 1.0078673967842262}, "datetime": {"datetime": "2025-05-08 17:58:08", "elapsed": 5412.252564, "delta": 17.056887}}
{"target": 157.0715487144307, "params": {"x0": 0.8132777211530445, "x1": 3.0062634702536304, "x2": 1.3132531951847404, "x3": 6.609941706944894, "x4": 9.873880221536092, "x5": 11.197986902574035, "x6": 9.449283327384947, "x7": -1.6438766128540032, "x8": 0.10669485087977917, "x9": 1.0078673967842355}, "datetime": {"datetime": "2025-05-08 17:58:25", "elapsed": 5429.052119, "delta": 16.799555}}
{"target": 157.0715487144307, "params": {"x0": 0.8132777211530375, "x1": 3.006263470253819, "x2": 1.313253195184758, "x3": 6.609941706944876, "x4": 9.873880221535984, "x5": 11.1979869025732, "x6": 9.449283327384864, "x7": -1.6438766128539706, "x8": 0.10669485087980152, "x9": 1.0078673967842302}, "datetime": {"datetime": "2025-05-08 17:58:43", "elapsed": 5447.05054, "delta": 17.998421}}
{"target": 157.0715487144307, "params": {"x0": 0.813277721153042, "x1": 3.0062634702536477, "x2": 1.3132531951847415, "x3": 6.609941706944867, "x4": 9.873880221536043, "x5": 11.197986902573772, "x6": 9.449283327384858, "x7": -1.643876612853721, "x8": 0.10669485087976005, "x9": 1.0078673967842442}, "datetime": {"datetime": "2025-05-08 17:59:01", "elapsed": 5464.786015, "delta": 17.735475}}
{"target": 157.0715487144307, "params": {"x0": 0.81327772115305, "x1": 3.0062634702536983, "x2": 1.3132531951847526, "x3": 6.609941706944818, "x4": 9.873880221536051, "x5": 11.197986902572227, "x6": 9.449283327384855, "x7": -1.6438766128539697, "x8": 0.10669485087977049, "x9": 1.0078673967842404}, "datetime": {"datetime": "2025-05-08 17:59:18", "elapsed": 5482.141734, "delta": 17.355719}}
{"target": 157.0715487144307, "params": {"x0": 0.8132777211530484, "x1": 3.0062634702536117, "x2": 1.313253195184746, "x3": 6.609941706944853, "x4": 9.873880221536002, "x5": 11.197986902573593, "x6": 9.449283327384872, "x7": -1.643876612853763, "x8": 0.1066948508797892, "x9": 1.0078673967842489}, "datetime": {"datetime": "2025-05-08 17:59:35", "elapsed": 5498.636898, "delta": 16.495164}}
{"target": 157.0715487144307, "params": {"x0": 0.8132777211530456, "x1": 3.0062634702536837, "x2": 1.313253195184746, "x3": 6.609941706944877, "x4": 9.873880221535993, "x5": 11.197986902572573, "x6": 9.4492833273849, "x7": -1.6438766128537887, "x8": 0.10669485087979329, "x9": 1.0078673967842349}, "datetime": {"datetime": "2025-05-08 17:59:51", "elapsed": 5515.028104, "delta": 16.391206}}
{"target": 157.0715487144307, "params": {"x0": 0.8132777211530483, "x1": 3.00626347025379, "x2": 1.313253195184744, "x3": 6.609941706944897, "x4": 9.873880221536057, "x5": 11.197986902572161, "x6": 9.449283327384897, "x7": -1.6438766128538915, "x8": 0.10669485087979307, "x9": 1.007867396784241}, "datetime": {"datetime": "2025-05-08 18:00:08", "elapsed": 5531.950955, "delta": 16.922851}}
{"target": 157.0715487144307, "params": {"x0": 0.8132777211530433, "x1": 3.0062634702537467, "x2": 1.3132531951847395, "x3": 6.609941706944844, "x4": 9.873880221536002, "x5": 11.197986902572504, "x6": 9.449283327384887, "x7": -1.6438766128538185, "x8": 0.10669485087977545, "x9": 1.0078673967842355}, "datetime": {"datetime": "2025-05-08 18:00:25", "elapsed": 5548.662563, "delta": 16.711608}}
{"target": 157.0715487144307, "params": {"x0": 0.8132777211530466, "x1": 3.006263470253785, "x2": 1.3132531951847393, "x3": 6.609941706944861, "x4": 9.873880221536046, "x5": 11.197986902572715, "x6": 9.449283327384915, "x7": -1.6438766128539046, "x8": 0.10669485087978957, "x9": 1.007867396784237}, "datetime": {"datetime": "2025-05-08 18:00:41", "elapsed": 5565.278494, "delta": 16.615931}}
{"target": 157.0715487144307, "params": {"x0": 0.8132777211530446, "x1": 3.0062634702537747, "x2": 1.3132531951847393, "x3": 6.609941706944847, "x4": 9.873880221536039, "x5": 11.197986902573712, "x6": 9.449283327384917, "x7": -1.6438766128537379, "x8": 0.10669485087977877, "x9": 1.0078673967842389}, "datetime": {"datetime": "2025-05-08 18:00:58", "elapsed": 5582.376953, "delta": 17.098459}}
{"target": 157.0715487144307, "params": {"x0": 0.8132777211530453, "x1": 3.0062634702537787, "x2": 1.313253195184742, "x3": 6.6099417069448725, "x4": 9.873880221536046, "x5": 11.197986902573192, "x6": 9.449283327384899, "x7": -1.643876612853891, "x8": 0.10669485087978911, "x9": 1.0078673967842418}, "datetime": {"datetime": "2025-05-08 18:01:16", "elapsed": 5599.898731, "delta": 17.521778}}
{"target": 157.0715487144307, "params": {"x0": 0.8132777211530435, "x1": 3.006263470253697, "x2": 1.3132531951847382, "x3": 6.6099417069448885, "x4": 9.873880221536057, "x5": 11.19798690257347, "x6": 9.4492833273849, "x7": -1.643876612853801, "x8": 0.1066948508797713, "x9": 1.0078673967842433}, "datetime": {"datetime": "2025-05-08 18:01:33", "elapsed": 5616.609091, "delta": 16.71036}}
{"target": 157.0715487144307, "params": {"x0": 0.8132777211530473, "x1": 3.0062634702536823, "x2": 1.3132531951847415, "x3": 6.609941706944875, "x4": 9.873880221536027, "x5": 11.197986902573518, "x6": 9.449283327384924, "x7": -1.6438766128538216, "x8": 0.10669485087977838, "x9": 1.007867396784236}, "datetime": {"datetime": "2025-05-08 18:01:49", "elapsed": 5633.347842, "delta": 16.738751}}
{"target": 157.0715487144307, "params": {"x0": 0.8132777211530473, "x1": 3.006263470253748, "x2": 1.3132531951847457, "x3": 6.609941706944853, "x4": 9.873880221536044, "x5": 11.19798690257329, "x6": 9.44928332738491, "x7": -1.6438766128538724, "x8": 0.10669485087977247, "x9": 1.007867396784241}, "datetime": {"datetime": "2025-05-08 18:02:06", "elapsed": 5650.04831, "delta": 16.700468}}
{"target": 157.0715487144307, "params": {"x0": 0.8132777211530458, "x1": 3.0062634702537534, "x2": 1.3132531951847368, "x3": 6.609941706944883, "x4": 9.873880221536048, "x5": 11.197986902572598, "x6": 9.449283327384913, "x7": -1.6438766128537834, "x8": 0.1066948508797815, "x9": 1.0078673967842373}, "datetime": {"datetime": "2025-05-08 18:02:25", "elapsed": 5668.535771, "delta": 18.487461}}
{"target": 157.0715487144307, "params": {"x0": 0.8132777211530446, "x1": 3.006263470253733, "x2": 1.3132531951847437, "x3": 6.609941706944872, "x4": 9.87388022153603, "x5": 11.197986902573126, "x6": 9.449283327384922, "x7": -1.6438766128538018, "x8": 0.10669485087977887, "x9": 1.0078673967842426}, "datetime": {"datetime": "2025-05-08 18:02:42", "elapsed": 5686.034703, "delta": 17.498932}}
{"target": 157.0715487144307, "params": {"x0": 0.8132777211530448, "x1": 3.006263470253722, "x2": 1.313253195184742, "x3": 6.609941706944879, "x4": 9.873880221536023, "x5": 11.19798690257311, "x6": 9.44928332738491, "x7": -1.6438766128538544, "x8": 0.106694850879778, "x9": 1.0078673967842378}, "datetime": {"datetime": "2025-05-08 18:03:01", "elapsed": 5704.549409, "delta": 18.514706}}
{"target": 157.0715487144307, "params": {"x0": 0.8132777211530468, "x1": 3.00626347025376, "x2": 1.3132531951847417, "x3": 6.609941706944857, "x4": 9.873880221536048, "x5": 11.197986902572724, "x6": 9.449283327384919, "x7": -1.6438766128537947, "x8": 0.10669485087977597, "x9": 1.0078673967842373}, "datetime": {"datetime": "2025-05-08 18:03:18", "elapsed": 5722.003766, "delta": 17.454357}}
{"target": 157.0715487144307, "params": {"x0": 0.8132777211530463, "x1": 3.006263470253748, "x2": 1.313253195184741, "x3": 6.609941706944878, "x4": 9.87388022153604, "x5": 11.197986902573176, "x6": 9.449283327384906, "x7": -1.6438766128538331, "x8": 0.10669485087977944, "x9": 1.0078673967842389}, "datetime": {"datetime": "2025-05-08 18:03:35", "elapsed": 5739.172029, "delta": 17.168263}}
{"target": 157.0715487144307, "params": {"x0": 0.8132777211530463, "x1": 3.0062634702537356, "x2": 1.313253195184737, "x3": 6.609941706944873, "x4": 9.873880221536032, "x5": 11.197986902572795, "x6": 9.449283327384912, "x7": -1.6438766128538427, "x8": 0.10669485087978303, "x9": 1.0078673967842409}, "datetime": {"datetime": "2025-05-08 18:03:52", "elapsed": 5755.7323, "delta": 16.560271}}
{"target": 157.0715487144307, "params": {"x0": 0.8132777211530459, "x1": 3.0062634702537303, "x2": 1.3132531951847397, "x3": 6.609941706944859, "x4": 9.87388022153603, "x5": 11.197986902573014, "x6": 9.449283327384906, "x7": -1.643876612853821, "x8": 0.10669485087977747, "x9": 1.0078673967842384}, "datetime": {"datetime": "2025-05-08 18:04:09", "elapsed": 5772.742645, "delta": 17.010345}}
{"target": 157.0715487144307, "params": {"x0": 0.8132777211530463, "x1": 3.006263470253739, "x2": 1.3132531951847415, "x3": 6.609941706944868, "x4": 9.873880221536027, "x5": 11.197986902572888, "x6": 9.449283327384912, "x7": -1.6438766128538176, "x8": 0.10669485087978024, "x9": 1.0078673967842393}, "datetime": {"datetime": "2025-05-08 18:04:26", "elapsed": 5790.500072, "delta": 17.757427}}
{"target": 157.0715487144307, "params": {"x0": 0.8132777211530451, "x1": 3.006263470253746, "x2": 1.31325319518474, "x3": 6.60994170694487, "x4": 9.873880221536032, "x5": 11.197986902572865, "x6": 9.449283327384903, "x7": -1.6438766128538222, "x8": 0.10669485087978063, "x9": 1.007867396784239}, "datetime": {"datetime": "2025-05-08 18:04:42", "elapsed": 5806.327391, "delta": 15.827319}}
{"target": 157.0715487144307, "params": {"x0": 0.813277721153045, "x1": 3.0062634702537308, "x2": 1.3132531951847397, "x3": 6.609941706944874, "x4": 9.87388022153604, "x5": 11.197986902572959, "x6": 9.44928332738491, "x7": -1.6438766128538194, "x8": 0.10669485087977865, "x9": 1.007867396784241}, "datetime": {"datetime": "2025-05-08 18:04:58", "elapsed": 5821.905558, "delta": 15.578167}}
{"target": 157.0715487144307, "params": {"x0": 0.8132777211530456, "x1": 3.0062634702537405, "x2": 1.3132531951847413, "x3": 6.609941706944864, "x4": 9.873880221536037, "x5": 11.197986902573167, "x6": 9.449283327384904, "x7": -1.643876612853844, "x8": 0.1066948508797781, "x9": 1.0078673967842389}, "datetime": {"datetime": "2025-05-08 18:05:15", "elapsed": 5838.607272, "delta": 16.701714}}
{"target": 157.0715487144307, "params": {"x0": 0.8132777211530449, "x1": 3.006263470253718, "x2": 1.3132531951847402, "x3": 6.6099417069448725, "x4": 9.873880221536032, "x5": 11.197986902573039, "x6": 9.44928332738491, "x7": -1.6438766128538171, "x8": 0.1066948508797813, "x9": 1.0078673967842402}, "datetime": {"datetime": "2025-05-08 18:05:32", "elapsed": 5855.683499, "delta": 17.076227}}
{"target": 157.0715487144307, "params": {"x0": 0.8132777211530458, "x1": 3.006263470253736, "x2": 1.3132531951847397, "x3": 6.609941706944872, "x4": 9.873880221536032, "x5": 11.197986902572953, "x6": 9.449283327384906, "x7": -1.6438766128538147, "x8": 0.10669485087977998, "x9": 1.0078673967842395}, "datetime": {"datetime": "2025-05-08 18:05:48", "elapsed": 5871.627516, "delta": 15.944017}}
{"target": 157.0715487144307, "params": {"x0": 0.8132777211530455, "x1": 3.006263470253736, "x2": 1.3132531951847413, "x3": 6.609941706944867, "x4": 9.873880221536034, "x5": 11.197986902573088, "x6": 9.449283327384904, "x7": -1.643876612853813, "x8": 0.10669485087978064, "x9": 1.0078673967842395}, "datetime": {"datetime": "2025-05-08 18:06:04", "elapsed": 5888.034901, "delta": 16.407385}}
{"target": 157.0715487144307, "params": {"x0": 0.8132777211530458, "x1": 3.0062634702537303, "x2": 1.3132531951847402, "x3": 6.609941706944868, "x4": 9.873880221536039, "x5": 11.197986902573076, "x6": 9.449283327384906, "x7": -1.6438766128538336, "x8": 0.10669485087977824, "x9": 1.0078673967842404}, "datetime": {"datetime": "2025-05-08 18:06:21", "elapsed": 5905.477601, "delta": 17.4427}}
{"target": 157.0715487144307, "params": {"x0": 0.8132777211530456, "x1": 3.0062634702537325, "x2": 1.3132531951847404, "x3": 6.609941706944872, "x4": 9.873880221536039, "x5": 11.197986902573078, "x6": 9.449283327384903, "x7": -1.6438766128538342, "x8": 0.1066948508797784, "x9": 1.0078673967842404}, "datetime": {"datetime": "2025-05-08 18:06:39", "elapsed": 5923.144022, "delta": 17.666421}}
{"target": 157.0715487144307, "params": {"x0": 0.8132777211530454, "x1": 3.0062634702537374, "x2": 1.3132531951847406, "x3": 6.609941706944867, "x4": 9.873880221536036, "x5": 11.197986902572966, "x6": 9.449283327384904, "x7": -1.643876612853823, "x8": 0.10669485087978027, "x9": 1.0078673967842395}, "datetime": {"datetime": "2025-05-08 18:06:56", "elapsed": 5940.296222, "delta": 17.1522}}
{"target": 157.0715487144307, "params": {"x0": 0.8132777211530452, "x1": 3.0062634702537343, "x2": 1.3132531951847408, "x3": 6.609941706944869, "x4": 9.873880221536037, "x5": 11.197986902573051, "x6": 9.449283327384904, "x7": -1.643876612853833, "x8": 0.10669485087977933, "x9": 1.00786739678424}, "datetime": {"datetime": "2025-05-08 18:07:15", "elapsed": 5959.19295, "delta": 18.896728}}
{"target": 157.0715487144307, "params": {"x0": 0.8132777211530453, "x1": 3.0062634702537308, "x2": 1.3132531951847397, "x3": 6.609941706944871, "x4": 9.873880221536034, "x5": 11.197986902573021, "x6": 9.449283327384906, "x7": -1.6438766128538216, "x8": 0.10669485087978033, "x9": 1.0078673967842395}, "datetime": {"datetime": "2025-05-08 18:07:32", "elapsed": 5976.419988, "delta": 17.227038}}
{"target": 157.0715487144307, "params": {"x0": 0.8132777211530453, "x1": 3.006263470253725, "x2": 1.31325319518474, "x3": 6.609941706944867, "x4": 9.873880221536036, "x5": 11.197986902572971, "x6": 9.449283327384906, "x7": -1.6438766128538291, "x8": 0.1066948508797803, "x9": 1.00786739678424}, "datetime": {"datetime": "2025-05-08 18:07:50", "elapsed": 5993.54304, "delta": 17.123052}}
{"target": 157.0715487144307, "params": {"x0": 0.8132777211530454, "x1": 3.006263470253731, "x2": 1.3132531951847402, "x3": 6.609941706944868, "x4": 9.873880221536034, "x5": 11.197986902572971, "x6": 9.449283327384906, "x7": -1.643876612853826, "x8": 0.10669485087977978, "x9": 1.0078673967842404}, "datetime": {"datetime": "2025-05-08 18:08:06", "elapsed": 6009.968779, "delta": 16.425739}}
{"target": 157.0715487144307, "params": {"x0": 0.8132777211530454, "x1": 3.0062634702537325, "x2": 1.3132531951847408, "x3": 6.609941706944868, "x4": 9.873880221536037, "x5": 11.197986902573014, "x6": 9.449283327384908, "x7": -1.643876612853829, "x8": 0.10669485087978016, "x9": 1.0078673967842402}, "datetime": {"datetime": "2025-05-08 18:08:20", "elapsed": 6024.160234, "delta": 14.191455}}
{"target": 157.0715487144307, "params": {"x0": 0.8132777211530455, "x1": 3.0062634702537268, "x2": 1.31325319518474, "x3": 6.609941706944868, "x4": 9.873880221536034, "x5": 11.197986902572996, "x6": 9.449283327384904, "x7": -1.6438766128538285, "x8": 0.10669485087978009, "x9": 1.00786739678424}, "datetime": {"datetime": "2025-05-08 18:08:37", "elapsed": 6040.753052, "delta": 16.592818}}
{"target": 157.0715487144307, "params": {"x0": 0.8132777211530453, "x1": 3.006263470253729, "x2": 1.3132531951847397, "x3": 6.609941706944869, "x4": 9.873880221536036, "x5": 11.197986902573028, "x6": 9.449283327384908, "x7": -1.6438766128538278, "x8": 0.10669485087978015, "x9": 1.0078673967842398}, "datetime": {"datetime": "2025-05-08 18:08:54", "elapsed": 6057.748397, "delta": 16.995345}}
{"target": 157.0715487144307, "params": {"x0": 0.8132777211530454, "x1": 3.006263470253728, "x2": 1.3132531951847404, "x3": 6.609941706944867, "x4": 9.873880221536034, "x5": 11.197986902573035, "x6": 9.449283327384906, "x7": -1.6438766128538234, "x8": 0.10669485087978016, "x9": 1.00786739678424}, "datetime": {"datetime": "2025-05-08 18:09:10", "elapsed": 6074.290435, "delta": 16.542038}}
{"target": 157.0715487144307, "params": {"x0": 0.8132777211530454, "x1": 3.0062634702537285, "x2": 1.3132531951847402, "x3": 6.609941706944869, "x4": 9.873880221536036, "x5": 11.197986902572994, "x6": 9.449283327384904, "x7": -1.6438766128538231, "x8": 0.10669485087977999, "x9": 1.00786739678424}, "datetime": {"datetime": "2025-05-08 18:09:30", "elapsed": 6094.017178, "delta": 19.726743}}
{"target": 157.0715487144307, "params": {"x0": 0.8132777211530455, "x1": 3.006263470253727, "x2": 1.3132531951847406, "x3": 6.609941706944868, "x4": 9.873880221536037, "x5": 11.197986902573028, "x6": 9.449283327384908, "x7": -1.6438766128538242, "x8": 0.10669485087977942, "x9": 1.0078673967842398}, "datetime": {"datetime": "2025-05-08 18:09:47", "elapsed": 6110.554357, "delta": 16.537179}}
{"target": 157.0715487144307, "params": {"x0": 0.8132777211530455, "x1": 3.0062634702537294, "x2": 1.3132531951847402, "x3": 6.609941706944869, "x4": 9.873880221536037, "x5": 11.197986902573026, "x6": 9.449283327384906, "x7": -1.6438766128538274, "x8": 0.10669485087977966, "x9": 1.00786739678424}, "datetime": {"datetime": "2025-05-08 18:10:03", "elapsed": 6126.813865, "delta": 16.259508}}
{"target": 157.0715487144307, "params": {"x0": 0.8132777211530455, "x1": 3.0062634702537285, "x2": 1.3132531951847404, "x3": 6.609941706944867, "x4": 9.873880221536036, "x5": 11.19798690257302, "x6": 9.449283327384904, "x7": -1.643876612853826, "x8": 0.10669485087978016, "x9": 1.0078673967842398}, "datetime": {"datetime": "2025-05-08 18:10:20", "elapsed": 6143.776503, "delta": 16.962638}}
{"target": 157.0715487144307, "params": {"x0": 0.8132777211530454, "x1": 3.006263470253728, "x2": 1.3132531951847404, "x3": 6.609941706944868, "x4": 9.873880221536036, "x5": 11.197986902573021, "x6": 9.449283327384906, "x7": -1.6438766128538227, "x8": 0.10669485087977983, "x9": 1.00786739678424}, "datetime": {"datetime": "2025-05-08 18:10:37", "elapsed": 6161.071756, "delta": 17.295253}}
{"target": 157.0715487144307, "params": {"x0": 0.8132777211530453, "x1": 3.006263470253728, "x2": 1.3132531951847402, "x3": 6.609941706944868, "x4": 9.873880221536036, "x5": 11.197986902573001, "x6": 9.449283327384906, "x7": -1.6438766128538256, "x8": 0.10669485087977984, "x9": 1.00786739678424}, "datetime": {"datetime": "2025-05-08 18:10:53", "elapsed": 6177.281892, "delta": 16.210136}}
{"target": 157.0715487144307, "params": {"x0": 0.8132777211530454, "x1": 3.0062634702537285, "x2": 1.3132531951847402, "x3": 6.609941706944868, "x4": 9.873880221536036, "x5": 11.197986902573032, "x6": 9.449283327384906, "x7": -1.6438766128538271, "x8": 0.1066948508797796, "x9": 1.0078673967842402}, "datetime": {"datetime": "2025-05-08 18:11:10", "elapsed": 6194.31511, "delta": 17.033218}}
{"target": 157.0715487144307, "params": {"x0": 0.8132777211530453, "x1": 3.00626347025373, "x2": 1.3132531951847404, "x3": 6.609941706944869, "x4": 9.873880221536036, "x5": 11.197986902573032, "x6": 9.449283327384906, "x7": -1.6438766128538236, "x8": 0.10669485087977974, "x9": 1.0078673967842398}, "datetime": {"datetime": "2025-05-08 18:11:27", "elapsed": 6210.858, "delta": 16.54289}}
{"target": 157.0715487144307, "params": {"x0": 0.8132777211530454, "x1": 3.00626347025373, "x2": 1.3132531951847402, "x3": 6.609941706944868, "x4": 9.873880221536036, "x5": 11.197986902573014, "x6": 9.449283327384906, "x7": -1.643876612853826, "x8": 0.10669485087977977, "x9": 1.00786739678424}, "datetime": {"datetime": "2025-05-08 18:11:44", "elapsed": 6228.100787, "delta": 17.242787}}
{"target": 157.0715487144307, "params": {"x0": 0.8132777211530455, "x1": 3.0062634702537303, "x2": 1.31325319518474, "x3": 6.609941706944868, "x4": 9.873880221536036, "x5": 11.197986902573021, "x6": 9.449283327384906, "x7": -1.6438766128538254, "x8": 0.10669485087977973, "x9": 1.00786739678424}, "datetime": {"datetime": "2025-05-08 18:12:01", "elapsed": 6245.000052, "delta": 16.899265}}
{"target": 157.0715487144307, "params": {"x0": 0.8132777211530454, "x1": 3.00626347025373, "x2": 1.3132531951847404, "x3": 6.609941706944868, "x4": 9.873880221536036, "x5": 11.19798690257301, "x6": 9.449283327384906, "x7": -1.6438766128538256, "x8": 0.10669485087977966, "x9": 1.00786739678424}, "datetime": {"datetime": "2025-05-08 18:12:18", "elapsed": 6262.006222, "delta": 17.00617}}
{"target": 157.0715487144307, "params": {"x0": 0.8132777211530454, "x1": 3.006263470253729, "x2": 1.31325319518474, "x3": 6.609941706944868, "x4": 9.873880221536036, "x5": 11.197986902573014, "x6": 9.449283327384906, "x7": -1.6438766128538265, "x8": 0.10669485087977973, "x9": 1.00786739678424}, "datetime": {"datetime": "2025-05-08 18:12:35", "elapsed": 6278.549913, "delta": 16.543691}}
