{"target": 157.0715487144307, "params": {"x0": 0.8132777211530454, "x1": 3.0062634702537294, "x2": 1.3132531951847402, "x3": 6.609941706944868, "x4": 9.873880221536036, "x5": 11.19798690257302, "x6": 9.449283327384906, "x7": -1.6438766128538254, "x8": 0.1066948508797798, "x9": 1.00786739678424}, "datetime": {"datetime": "2025-05-09 11:29:48", "elapsed": 68511.989751, "delta": 77.060151}}
{"target": 157.0715487144307, "params": {"x0": 0.8132777211530454, "x1": 3.0062634702537294, "x2": 1.3132531951847402, "x3": 6.609941706944868, "x4": 9.873880221536036, "x5": 11.19798690257302, "x6": 9.449283327384906, "x7": -1.6438766128538254, "x8": 0.1066948508797798, "x9": 1.00786739678424}, "datetime": {"datetime": "2025-05-09 11:31:02", "elapsed": 68586.427467, "delta": 74.437716}}
{"target": 157.0715487144307, "params": {"x0": 0.8132777211530454, "x1": 3.0062634702537294, "x2": 1.3132531951847402, "x3": 6.609941706944868, "x4": 9.873880221536036, "x5": 11.19798690257302, "x6": 9.449283327384906, "x7": -1.6438766128538254, "x8": 0.1066948508797798, "x9": 1.00786739678424}, "datetime": {"datetime": "2025-05-09 11:32:32", "elapsed": 68676.0971, "delta": 89.669633}}
{"target": 157.0715487144307, "params": {"x0": 0.8132777211530454, "x1": 3.0062634702537294, "x2": 1.3132531951847402, "x3": 6.609941706944868, "x4": 9.873880221536036, "x5": 11.19798690257302, "x6": 9.449283327384906, "x7": -1.6438766128538254, "x8": 0.1066948508797798, "x9": 1.00786739678424}, "datetime": {"datetime": "2025-05-09 11:33:54", "elapsed": 68757.760463, "delta": 81.663363}}
{"target": 157.0715487144307, "params": {"x0": 0.8132777211530454, "x1": 3.0062634702537294, "x2": 1.3132531951847402, "x3": 6.609941706944868, "x4": 9.873880221536036, "x5": 11.19798690257302, "x6": 9.449283327384906, "x7": -1.6438766128538254, "x8": 0.1066948508797798, "x9": 1.00786739678424}, "datetime": {"datetime": "2025-05-09 11:34:54", "elapsed": 68817.723315, "delta": 59.962852}}
{"target": 157.0715487144307, "params": {"x0": 0.8132777211530454, "x1": 3.0062634702537294, "x2": 1.3132531951847402, "x3": 6.609941706944868, "x4": 9.873880221536036, "x5": 11.19798690257302, "x6": 9.449283327384906, "x7": -1.6438766128538254, "x8": 0.1066948508797798, "x9": 1.00786739678424}, "datetime": {"datetime": "2025-05-09 11:35:57", "elapsed": 68880.760918, "delta": 63.037603}}
{"target": 157.0715487144307, "params": {"x0": 0.8132777211530454, "x1": 3.0062634702537294, "x2": 1.3132531951847402, "x3": 6.609941706944868, "x4": 9.873880221536036, "x5": 11.19798690257302, "x6": 9.449283327384906, "x7": -1.6438766128538254, "x8": 0.1066948508797798, "x9": 1.00786739678424}, "datetime": {"datetime": "2025-05-09 11:37:02", "elapsed": 68946.346846, "delta": 65.585928}}
{"target": 157.0715487144307, "params": {"x0": 0.8132777211530454, "x1": 3.0062634702537294, "x2": 1.3132531951847402, "x3": 6.609941706944868, "x4": 9.873880221536036, "x5": 11.19798690257302, "x6": 9.449283327384906, "x7": -1.6438766128538254, "x8": 0.1066948508797798, "x9": 1.00786739678424}, "datetime": {"datetime": "2025-05-09 11:38:15", "elapsed": 69018.965934, "delta": 72.619088}}
{"target": 157.0715487144307, "params": {"x0": 0.8132777211530454, "x1": 3.0062634702537294, "x2": 1.3132531951847402, "x3": 6.609941706944868, "x4": 9.873880221536036, "x5": 11.19798690257302, "x6": 9.449283327384906, "x7": -1.6438766128538254, "x8": 0.1066948508797798, "x9": 1.00786739678424}, "datetime": {"datetime": "2025-05-09 11:39:24", "elapsed": 69088.157474, "delta": 69.19154}}
{"target": 157.0715487144307, "params": {"x0": 0.8132777211530454, "x1": 3.0062634702537294, "x2": 1.3132531951847402, "x3": 6.609941706944868, "x4": 9.873880221536036, "x5": 11.19798690257302, "x6": 9.449283327384906, "x7": -1.6438766128538254, "x8": 0.1066948508797798, "x9": 1.00786739678424}, "datetime": {"datetime": "2025-05-09 11:40:45", "elapsed": 69169.317919, "delta": 81.160445}}
{"target": 157.0715487144307, "params": {"x0": 0.8132777211530454, "x1": 3.0062634702537294, "x2": 1.3132531951847402, "x3": 6.609941706944868, "x4": 9.873880221536036, "x5": 11.19798690257302, "x6": 9.449283327384906, "x7": -1.6438766128538254, "x8": 0.1066948508797798, "x9": 1.00786739678424}, "datetime": {"datetime": "2025-05-09 11:42:08", "elapsed": 69251.565147, "delta": 82.247228}}
{"target": 157.0715487144307, "params": {"x0": 0.8132777211530454, "x1": 3.0062634702537294, "x2": 1.3132531951847402, "x3": 6.609941706944868, "x4": 9.873880221536036, "x5": 11.19798690257302, "x6": 9.449283327384906, "x7": -1.6438766128538254, "x8": 0.1066948508797798, "x9": 1.00786739678424}, "datetime": {"datetime": "2025-05-09 11:43:14", "elapsed": 69318.313353, "delta": 66.748206}}
{"target": 157.0715487144307, "params": {"x0": 0.8132777211530454, "x1": 3.0062634702537294, "x2": 1.3132531951847402, "x3": 6.609941706944868, "x4": 9.873880221536036, "x5": 11.19798690257302, "x6": 9.449283327384906, "x7": -1.6438766128538254, "x8": 0.1066948508797798, "x9": 1.00786739678424}, "datetime": {"datetime": "2025-05-09 11:44:34", "elapsed": 69397.820885, "delta": 79.507532}}
{"target": 157.0715487144307, "params": {"x0": 0.8132777211530454, "x1": 3.0062634702537294, "x2": 1.3132531951847402, "x3": 6.609941706944868, "x4": 9.873880221536036, "x5": 11.19798690257302, "x6": 9.449283327384906, "x7": -1.6438766128538254, "x8": 0.1066948508797798, "x9": 1.00786739678424}, "datetime": {"datetime": "2025-05-09 11:45:58", "elapsed": 69481.545444, "delta": 83.724559}}
{"target": 157.0715487144307, "params": {"x0": 0.8132777211530454, "x1": 3.0062634702537294, "x2": 1.3132531951847402, "x3": 6.609941706944868, "x4": 9.873880221536036, "x5": 11.19798690257302, "x6": 9.449283327384906, "x7": -1.6438766128538254, "x8": 0.1066948508797798, "x9": 1.00786739678424}, "datetime": {"datetime": "2025-05-09 11:47:01", "elapsed": 69545.369017, "delta": 63.823573}}
{"target": 157.0715487144307, "params": {"x0": 0.8132777211530454, "x1": 3.0062634702537294, "x2": 1.3132531951847402, "x3": 6.609941706944868, "x4": 9.873880221536036, "x5": 11.19798690257302, "x6": 9.449283327384906, "x7": -1.6438766128538254, "x8": 0.1066948508797798, "x9": 1.00786739678424}, "datetime": {"datetime": "2025-05-09 11:48:04", "elapsed": 69607.817794, "delta": 62.448777}}
{"target": 157.0715487144307, "params": {"x0": 0.8132777211530454, "x1": 3.0062634702537294, "x2": 1.3132531951847402, "x3": 6.609941706944868, "x4": 9.873880221536036, "x5": 11.19798690257302, "x6": 9.449283327384906, "x7": -1.6438766128538254, "x8": 0.1066948508797798, "x9": 1.00786739678424}, "datetime": {"datetime": "2025-05-09 11:49:21", "elapsed": 69685.2831, "delta": 77.465306}}
{"target": 157.0715487144307, "params": {"x0": 0.8132777211530454, "x1": 3.0062634702537294, "x2": 1.3132531951847402, "x3": 6.609941706944868, "x4": 9.873880221536036, "x5": 11.19798690257302, "x6": 9.449283327384906, "x7": -1.6438766128538254, "x8": 0.1066948508797798, "x9": 1.00786739678424}, "datetime": {"datetime": "2025-05-09 11:50:34", "elapsed": 69758.115709, "delta": 72.832609}}
{"target": 157.0715487144307, "params": {"x0": 0.8132777211530454, "x1": 3.0062634702537294, "x2": 1.3132531951847402, "x3": 6.609941706944868, "x4": 9.873880221536036, "x5": 11.19798690257302, "x6": 9.449283327384906, "x7": -1.6438766128538254, "x8": 0.1066948508797798, "x9": 1.00786739678424}, "datetime": {"datetime": "2025-05-09 11:51:50", "elapsed": 69833.823238, "delta": 75.707529}}
{"target": 157.0715487144307, "params": {"x0": 0.8132777211530454, "x1": 3.0062634702537294, "x2": 1.3132531951847402, "x3": 6.609941706944868, "x4": 9.873880221536036, "x5": 11.19798690257302, "x6": 9.449283327384906, "x7": -1.6438766128538254, "x8": 0.1066948508797798, "x9": 1.00786739678424}, "datetime": {"datetime": "2025-05-09 11:53:16", "elapsed": 69919.665059, "delta": 85.841821}}
{"target": 157.0715487144307, "params": {"x0": 0.8132777211530454, "x1": 3.0062634702537294, "x2": 1.3132531951847402, "x3": 6.609941706944868, "x4": 9.873880221536036, "x5": 11.19798690257302, "x6": 9.449283327384906, "x7": -1.6438766128538254, "x8": 0.1066948508797798, "x9": 1.00786739678424}, "datetime": {"datetime": "2025-05-09 11:54:32", "elapsed": 69995.653103, "delta": 75.988044}}
{"target": 157.0715487144307, "params": {"x0": 0.8132777211530454, "x1": 3.0062634702537294, "x2": 1.3132531951847402, "x3": 6.609941706944868, "x4": 9.873880221536036, "x5": 11.19798690257302, "x6": 9.449283327384906, "x7": -1.6438766128538254, "x8": 0.1066948508797798, "x9": 1.00786739678424}, "datetime": {"datetime": "2025-05-09 11:56:06", "elapsed": 70089.747068, "delta": 94.093965}}
{"target": 157.0715487144307, "params": {"x0": 0.8132777211530454, "x1": 3.0062634702537294, "x2": 1.3132531951847402, "x3": 6.609941706944868, "x4": 9.873880221536036, "x5": 11.19798690257302, "x6": 9.449283327384906, "x7": -1.6438766128538254, "x8": 0.1066948508797798, "x9": 1.00786739678424}, "datetime": {"datetime": "2025-05-09 11:57:20", "elapsed": 70163.670802, "delta": 73.923734}}
{"target": 157.0715487144307, "params": {"x0": 0.8132777211530454, "x1": 3.0062634702537294, "x2": 1.3132531951847402, "x3": 6.609941706944868, "x4": 9.873880221536036, "x5": 11.19798690257302, "x6": 9.449283327384906, "x7": -1.6438766128538254, "x8": 0.1066948508797798, "x9": 1.00786739678424}, "datetime": {"datetime": "2025-05-09 11:59:12", "elapsed": 70276.516753, "delta": 112.845951}}
{"target": 157.0715487144307, "params": {"x0": 0.8132777211530454, "x1": 3.0062634702537294, "x2": 1.3132531951847402, "x3": 6.609941706944868, "x4": 9.873880221536036, "x5": 11.19798690257302, "x6": 9.449283327384906, "x7": -1.6438766128538254, "x8": 0.1066948508797798, "x9": 1.00786739678424}, "datetime": {"datetime": "2025-05-09 12:00:32", "elapsed": 70356.094802, "delta": 79.578049}}
{"target": 157.0715487144307, "params": {"x0": 0.8132777211530454, "x1": 3.0062634702537294, "x2": 1.3132531951847402, "x3": 6.609941706944868, "x4": 9.873880221536036, "x5": 11.19798690257302, "x6": 9.449283327384906, "x7": -1.6438766128538254, "x8": 0.1066948508797798, "x9": 1.00786739678424}, "datetime": {"datetime": "2025-05-09 12:02:00", "elapsed": 70444.302694, "delta": 88.207892}}
{"target": 157.0715487144307, "params": {"x0": 0.8132777211530454, "x1": 3.0062634702537294, "x2": 1.3132531951847402, "x3": 6.609941706944868, "x4": 9.873880221536036, "x5": 11.19798690257302, "x6": 9.449283327384906, "x7": -1.6438766128538254, "x8": 0.1066948508797798, "x9": 1.00786739678424}, "datetime": {"datetime": "2025-05-09 12:02:59", "elapsed": 70502.582699, "delta": 58.280005}}
{"target": 157.0715487144307, "params": {"x0": 0.8132777211530454, "x1": 3.0062634702537294, "x2": 1.3132531951847402, "x3": 6.609941706944868, "x4": 9.873880221536036, "x5": 11.19798690257302, "x6": 9.449283327384906, "x7": -1.6438766128538254, "x8": 0.1066948508797798, "x9": 1.00786739678424}, "datetime": {"datetime": "2025-05-09 12:04:04", "elapsed": 70568.031027, "delta": 65.448328}}
{"target": 157.0715487144307, "params": {"x0": 0.8132777211530454, "x1": 3.0062634702537294, "x2": 1.3132531951847402, "x3": 6.609941706944868, "x4": 9.873880221536036, "x5": 11.19798690257302, "x6": 9.449283327384906, "x7": -1.6438766128538254, "x8": 0.1066948508797798, "x9": 1.00786739678424}, "datetime": {"datetime": "2025-05-09 12:05:20", "elapsed": 70644.499462, "delta": 76.468435}}
{"target": 157.0715487144307, "params": {"x0": 0.8132777211530454, "x1": 3.0062634702537294, "x2": 1.3132531951847402, "x3": 6.609941706944868, "x4": 9.873880221536036, "x5": 11.19798690257302, "x6": 9.449283327384906, "x7": -1.6438766128538254, "x8": 0.1066948508797798, "x9": 1.00786739678424}, "datetime": {"datetime": "2025-05-09 12:06:42", "elapsed": 70725.845306, "delta": 81.345844}}
{"target": 157.0715487144307, "params": {"x0": 0.8132777211530454, "x1": 3.0062634702537294, "x2": 1.3132531951847402, "x3": 6.609941706944868, "x4": 9.873880221536036, "x5": 11.19798690257302, "x6": 9.449283327384906, "x7": -1.6438766128538254, "x8": 0.1066948508797798, "x9": 1.00786739678424}, "datetime": {"datetime": "2025-05-09 12:07:51", "elapsed": 70795.328534, "delta": 69.483228}}
