{"target": 2.635160523104391, "params": {"x0": 0.814165435435971, "x1": 9.576919968785539, "x2": 3.7715994242268183, "x3": 0.905138358964928, "x4": 2.051935077306659, "x5": 10.614236203312421, "x6": 2.975882362565342, "x7": -2.6561443759846775, "x8": 1.3095763284400561, "x9": 1.8793704051536548}, "datetime": {"datetime": "2025-05-15 16:15:31", "elapsed": 41094.968498, "delta": 58.673773}}
{"target": 2.635160523104391, "params": {"x0": 0.814165435435971, "x1": 9.576919968785539, "x2": 3.7715994242268183, "x3": 0.905138358964928, "x4": 2.051935077306659, "x5": 10.614236203312421, "x6": 2.975882362565342, "x7": -2.6561443759846775, "x8": 1.3095763284400561, "x9": 1.8793704051536548}, "datetime": {"datetime": "2025-05-15 16:16:27", "elapsed": 41150.614804, "delta": 55.646306}}
{"target": 2.635160523104391, "params": {"x0": 0.814165435435971, "x1": 9.576919968785539, "x2": 3.7715994242268183, "x3": 0.905138358964928, "x4": 2.051935077306659, "x5": 10.614236203312421, "x6": 2.975882362565342, "x7": -2.6561443759846775, "x8": 1.3095763284400561, "x9": 1.8793704051536548}, "datetime": {"datetime": "2025-05-15 16:17:17", "elapsed": 41200.78947, "delta": 50.174666}}
{"target": 2.635160523104391, "params": {"x0": 0.814165435435971, "x1": 9.576919968785539, "x2": 3.7715994242268183, "x3": 0.905138358964928, "x4": 2.051935077306659, "x5": 10.614236203312421, "x6": 2.975882362565342, "x7": -2.6561443759846775, "x8": 1.3095763284400561, "x9": 1.8793704051536548}, "datetime": {"datetime": "2025-05-15 16:18:08", "elapsed": 41252.320758, "delta": 51.531288}}
{"target": 2.635160523104391, "params": {"x0": 0.814165435435971, "x1": 9.576919968785539, "x2": 3.7715994242268183, "x3": 0.905138358964928, "x4": 2.051935077306659, "x5": 10.614236203312421, "x6": 2.975882362565342, "x7": -2.6561443759846775, "x8": 1.3095763284400561, "x9": 1.8793704051536548}, "datetime": {"datetime": "2025-05-15 16:19:11", "elapsed": 41314.550338, "delta": 62.22958}}
{"target": 2.635160523104391, "params": {"x0": 0.814165435435971, "x1": 9.576919968785539, "x2": 3.7715994242268183, "x3": 0.905138358964928, "x4": 2.051935077306659, "x5": 10.614236203312421, "x6": 2.975882362565342, "x7": -2.6561443759846775, "x8": 1.3095763284400561, "x9": 1.8793704051536548}, "datetime": {"datetime": "2025-05-15 16:19:55", "elapsed": 41358.69076, "delta": 44.140422}}
{"target": 2.635160523104391, "params": {"x0": 0.814165435435971, "x1": 9.576919968785539, "x2": 3.7715994242268183, "x3": 0.905138358964928, "x4": 2.051935077306659, "x5": 10.614236203312421, "x6": 2.975882362565342, "x7": -2.6561443759846775, "x8": 1.3095763284400561, "x9": 1.8793704051536548}, "datetime": {"datetime": "2025-05-15 16:20:47", "elapsed": 41411.143668, "delta": 52.452908}}
{"target": 2.635160523104391, "params": {"x0": 0.814165435435971, "x1": 9.576919968785539, "x2": 3.7715994242268183, "x3": 0.905138358964928, "x4": 2.051935077306659, "x5": 10.614236203312421, "x6": 2.975882362565342, "x7": -2.6561443759846775, "x8": 1.3095763284400561, "x9": 1.8793704051536548}, "datetime": {"datetime": "2025-05-15 16:21:32", "elapsed": 41455.708128, "delta": 44.56446}}
{"target": 2.635160523104391, "params": {"x0": 0.814165435435971, "x1": 9.576919968785539, "x2": 3.7715994242268183, "x3": 0.905138358964928, "x4": 2.051935077306659, "x5": 10.614236203312421, "x6": 2.975882362565342, "x7": -2.6561443759846775, "x8": 1.3095763284400561, "x9": 1.8793704051536548}, "datetime": {"datetime": "2025-05-15 16:22:21", "elapsed": 41504.53302, "delta": 48.824892}}
{"target": 2.635160523104391, "params": {"x0": 0.814165435435971, "x1": 9.576919968785539, "x2": 3.7715994242268183, "x3": 0.905138358964928, "x4": 2.051935077306659, "x5": 10.614236203312421, "x6": 2.975882362565342, "x7": -2.6561443759846775, "x8": 1.3095763284400561, "x9": 1.8793704051536548}, "datetime": {"datetime": "2025-05-15 16:23:06", "elapsed": 41549.602122, "delta": 45.069102}}
{"target": 2.635160523104391, "params": {"x0": 0.814165435435971, "x1": 9.576919968785539, "x2": 3.7715994242268183, "x3": 0.905138358964928, "x4": 2.051935077306659, "x5": 10.614236203312421, "x6": 2.975882362565342, "x7": -2.6561443759846775, "x8": 1.3095763284400561, "x9": 1.8793704051536548}, "datetime": {"datetime": "2025-05-15 16:24:06", "elapsed": 41609.837732, "delta": 60.23561}}
{"target": 2.635160523104391, "params": {"x0": 0.814165435435971, "x1": 9.576919968785539, "x2": 3.7715994242268183, "x3": 0.905138358964928, "x4": 2.051935077306659, "x5": 10.614236203312421, "x6": 2.975882362565342, "x7": -2.6561443759846775, "x8": 1.3095763284400561, "x9": 1.8793704051536548}, "datetime": {"datetime": "2025-05-15 16:25:10", "elapsed": 41673.966534, "delta": 64.128802}}
{"target": 2.635160523104391, "params": {"x0": 0.814165435435971, "x1": 9.576919968785539, "x2": 3.7715994242268183, "x3": 0.905138358964928, "x4": 2.051935077306659, "x5": 10.614236203312421, "x6": 2.975882362565342, "x7": -2.6561443759846775, "x8": 1.3095763284400561, "x9": 1.8793704051536548}, "datetime": {"datetime": "2025-05-15 16:26:17", "elapsed": 41741.106254, "delta": 67.13972}}
{"target": 2.635160523104391, "params": {"x0": 0.814165435435971, "x1": 9.576919968785539, "x2": 3.7715994242268183, "x3": 0.905138358964928, "x4": 2.051935077306659, "x5": 10.614236203312421, "x6": 2.975882362565342, "x7": -2.6561443759846775, "x8": 1.3095763284400561, "x9": 1.8793704051536548}, "datetime": {"datetime": "2025-05-15 16:27:14", "elapsed": 41798.018998, "delta": 56.912744}}
{"target": 2.635160523104391, "params": {"x0": 0.814165435435971, "x1": 9.576919968785539, "x2": 3.7715994242268183, "x3": 0.905138358964928, "x4": 2.051935077306659, "x5": 10.614236203312421, "x6": 2.975882362565342, "x7": -2.6561443759846775, "x8": 1.3095763284400561, "x9": 1.8793704051536548}, "datetime": {"datetime": "2025-05-15 16:28:09", "elapsed": 41852.524068, "delta": 54.50507}}
{"target": 2.635160523104391, "params": {"x0": 0.814165435435971, "x1": 9.576919968785539, "x2": 3.7715994242268183, "x3": 0.905138358964928, "x4": 2.051935077306659, "x5": 10.614236203312421, "x6": 2.975882362565342, "x7": -2.6561443759846775, "x8": 1.3095763284400561, "x9": 1.8793704051536548}, "datetime": {"datetime": "2025-05-15 16:29:11", "elapsed": 41914.635168, "delta": 62.1111}}
{"target": 2.635160523104391, "params": {"x0": 0.814165435435971, "x1": 9.576919968785539, "x2": 3.7715994242268183, "x3": 0.905138358964928, "x4": 2.051935077306659, "x5": 10.614236203312421, "x6": 2.975882362565342, "x7": -2.6561443759846775, "x8": 1.3095763284400561, "x9": 1.8793704051536548}, "datetime": {"datetime": "2025-05-15 16:30:16", "elapsed": 41979.501493, "delta": 64.866325}}
{"target": 2.635160523104391, "params": {"x0": 0.814165435435971, "x1": 9.576919968785539, "x2": 3.7715994242268183, "x3": 0.905138358964928, "x4": 2.051935077306659, "x5": 10.614236203312421, "x6": 2.975882362565342, "x7": -2.6561443759846775, "x8": 1.3095763284400561, "x9": 1.8793704051536548}, "datetime": {"datetime": "2025-05-15 16:31:22", "elapsed": 42045.675368, "delta": 66.173875}}
{"target": 2.635160523104391, "params": {"x0": 0.814165435435971, "x1": 9.576919968785539, "x2": 3.7715994242268183, "x3": 0.905138358964928, "x4": 2.051935077306659, "x5": 10.614236203312421, "x6": 2.975882362565342, "x7": -2.6561443759846775, "x8": 1.3095763284400561, "x9": 1.8793704051536548}, "datetime": {"datetime": "2025-05-15 16:32:18", "elapsed": 42101.742987, "delta": 56.067619}}
{"target": 2.635160523104391, "params": {"x0": 0.814165435435971, "x1": 9.576919968785539, "x2": 3.7715994242268183, "x3": 0.905138358964928, "x4": 2.051935077306659, "x5": 10.614236203312421, "x6": 2.975882362565342, "x7": -2.6561443759846775, "x8": 1.3095763284400561, "x9": 1.8793704051536548}, "datetime": {"datetime": "2025-05-15 16:33:21", "elapsed": 42165.208502, "delta": 63.465515}}
{"target": 2.635160523104391, "params": {"x0": 0.814165435435971, "x1": 9.576919968785539, "x2": 3.7715994242268183, "x3": 0.905138358964928, "x4": 2.051935077306659, "x5": 10.614236203312421, "x6": 2.975882362565342, "x7": -2.6561443759846775, "x8": 1.3095763284400561, "x9": 1.8793704051536548}, "datetime": {"datetime": "2025-05-15 16:34:13", "elapsed": 42216.749656, "delta": 51.541154}}
{"target": 2.635160523104391, "params": {"x0": 0.814165435435971, "x1": 9.576919968785539, "x2": 3.7715994242268183, "x3": 0.905138358964928, "x4": 2.051935077306659, "x5": 10.614236203312421, "x6": 2.975882362565342, "x7": -2.6561443759846775, "x8": 1.3095763284400561, "x9": 1.8793704051536548}, "datetime": {"datetime": "2025-05-15 16:35:22", "elapsed": 42285.376429, "delta": 68.626773}}
{"target": 2.635160523104391, "params": {"x0": 0.814165435435971, "x1": 9.576919968785539, "x2": 3.7715994242268183, "x3": 0.905138358964928, "x4": 2.051935077306659, "x5": 10.614236203312421, "x6": 2.975882362565342, "x7": -2.6561443759846775, "x8": 1.3095763284400561, "x9": 1.8793704051536548}, "datetime": {"datetime": "2025-05-15 16:36:39", "elapsed": 42362.633744, "delta": 77.257315}}
{"target": 2.635160523104391, "params": {"x0": 0.814165435435971, "x1": 9.576919968785539, "x2": 3.7715994242268183, "x3": 0.905138358964928, "x4": 2.051935077306659, "x5": 10.614236203312421, "x6": 2.975882362565342, "x7": -2.6561443759846775, "x8": 1.3095763284400561, "x9": 1.8793704051536548}, "datetime": {"datetime": "2025-05-15 16:37:42", "elapsed": 42425.514111, "delta": 62.880367}}
{"target": 2.635160523104391, "params": {"x0": 0.814165435435971, "x1": 9.576919968785539, "x2": 3.7715994242268183, "x3": 0.905138358964928, "x4": 2.051935077306659, "x5": 10.614236203312421, "x6": 2.975882362565342, "x7": -2.6561443759846775, "x8": 1.3095763284400561, "x9": 1.8793704051536548}, "datetime": {"datetime": "2025-05-15 16:38:46", "elapsed": 42489.43912, "delta": 63.925009}}
{"target": 2.635160523104391, "params": {"x0": 0.814165435435971, "x1": 9.576919968785539, "x2": 3.7715994242268183, "x3": 0.905138358964928, "x4": 2.051935077306659, "x5": 10.614236203312421, "x6": 2.975882362565342, "x7": -2.6561443759846775, "x8": 1.3095763284400561, "x9": 1.8793704051536548}, "datetime": {"datetime": "2025-05-15 16:39:36", "elapsed": 42540.175788, "delta": 50.736668}}
{"target": 2.635160523104391, "params": {"x0": 0.814165435435971, "x1": 9.576919968785539, "x2": 3.7715994242268183, "x3": 0.905138358964928, "x4": 2.051935077306659, "x5": 10.614236203312421, "x6": 2.975882362565342, "x7": -2.6561443759846775, "x8": 1.3095763284400561, "x9": 1.8793704051536548}, "datetime": {"datetime": "2025-05-15 16:40:39", "elapsed": 42603.212677, "delta": 63.036889}}
{"target": 2.635160523104391, "params": {"x0": 0.814165435435971, "x1": 9.576919968785539, "x2": 3.7715994242268183, "x3": 0.905138358964928, "x4": 2.051935077306659, "x5": 10.614236203312421, "x6": 2.975882362565342, "x7": -2.6561443759846775, "x8": 1.3095763284400561, "x9": 1.8793704051536548}, "datetime": {"datetime": "2025-05-15 16:41:41", "elapsed": 42665.09024, "delta": 61.877563}}
{"target": 2.635160523104391, "params": {"x0": 0.814165435435971, "x1": 9.576919968785539, "x2": 3.7715994242268183, "x3": 0.905138358964928, "x4": 2.051935077306659, "x5": 10.614236203312421, "x6": 2.975882362565342, "x7": -2.6561443759846775, "x8": 1.3095763284400561, "x9": 1.8793704051536548}, "datetime": {"datetime": "2025-05-15 16:42:34", "elapsed": 42717.992031, "delta": 52.901791}}
{"target": 2.635160523104391, "params": {"x0": 0.814165435435971, "x1": 9.576919968785539, "x2": 3.7715994242268183, "x3": 0.905138358964928, "x4": 2.051935077306659, "x5": 10.614236203312421, "x6": 2.975882362565342, "x7": -2.6561443759846775, "x8": 1.3095763284400561, "x9": 1.8793704051536548}, "datetime": {"datetime": "2025-05-15 16:43:37", "elapsed": 42780.491185, "delta": 62.499154}}
{"target": 2.635160523104391, "params": {"x0": 0.814165435435971, "x1": 9.576919968785539, "x2": 3.7715994242268183, "x3": 0.905138358964928, "x4": 2.051935077306659, "x5": 10.614236203312421, "x6": 2.975882362565342, "x7": -2.6561443759846775, "x8": 1.3095763284400561, "x9": 1.8793704051536548}, "datetime": {"datetime": "2025-05-15 16:44:37", "elapsed": 42841.253053, "delta": 60.761868}}
{"target": 2.635160523104391, "params": {"x0": 0.814165435435971, "x1": 9.576919968785539, "x2": 3.7715994242268183, "x3": 0.905138358964928, "x4": 2.051935077306659, "x5": 10.614236203312421, "x6": 2.975882362565342, "x7": -2.6561443759846775, "x8": 1.3095763284400561, "x9": 1.8793704051536548}, "datetime": {"datetime": "2025-05-15 16:45:38", "elapsed": 42901.859317, "delta": 60.606264}}
{"target": 2.635160523104391, "params": {"x0": 0.814165435435971, "x1": 9.576919968785539, "x2": 3.7715994242268183, "x3": 0.905138358964928, "x4": 2.051935077306659, "x5": 10.614236203312421, "x6": 2.975882362565342, "x7": -2.6561443759846775, "x8": 1.3095763284400561, "x9": 1.8793704051536548}, "datetime": {"datetime": "2025-05-15 16:46:43", "elapsed": 42966.940557, "delta": 65.08124}}
{"target": 2.635160523104391, "params": {"x0": 0.814165435435971, "x1": 9.576919968785539, "x2": 3.7715994242268183, "x3": 0.905138358964928, "x4": 2.051935077306659, "x5": 10.614236203312421, "x6": 2.975882362565342, "x7": -2.6561443759846775, "x8": 1.3095763284400561, "x9": 1.8793704051536548}, "datetime": {"datetime": "2025-05-15 16:47:42", "elapsed": 43025.430082, "delta": 58.489525}}
{"target": 2.635160523104391, "params": {"x0": 0.814165435435971, "x1": 9.576919968785539, "x2": 3.7715994242268183, "x3": 0.905138358964928, "x4": 2.051935077306659, "x5": 10.614236203312421, "x6": 2.975882362565342, "x7": -2.6561443759846775, "x8": 1.3095763284400561, "x9": 1.8793704051536548}, "datetime": {"datetime": "2025-05-15 16:48:42", "elapsed": 43086.295997, "delta": 60.865915}}
{"target": 2.635160523104391, "params": {"x0": 0.814165435435971, "x1": 9.576919968785539, "x2": 3.7715994242268183, "x3": 0.905138358964928, "x4": 2.051935077306659, "x5": 10.614236203312421, "x6": 2.975882362565342, "x7": -2.6561443759846775, "x8": 1.3095763284400561, "x9": 1.8793704051536548}, "datetime": {"datetime": "2025-05-15 16:49:37", "elapsed": 43141.128872, "delta": 54.832875}}
{"target": 2.635160523104391, "params": {"x0": 0.814165435435971, "x1": 9.576919968785539, "x2": 3.7715994242268183, "x3": 0.905138358964928, "x4": 2.051935077306659, "x5": 10.614236203312421, "x6": 2.975882362565342, "x7": -2.6561443759846775, "x8": 1.3095763284400561, "x9": 1.8793704051536548}, "datetime": {"datetime": "2025-05-15 16:50:21", "elapsed": 43185.076936, "delta": 43.948064}}
{"target": 2.635160523104391, "params": {"x0": 0.814165435435971, "x1": 9.576919968785539, "x2": 3.7715994242268183, "x3": 0.905138358964928, "x4": 2.051935077306659, "x5": 10.614236203312421, "x6": 2.975882362565342, "x7": -2.6561443759846775, "x8": 1.3095763284400561, "x9": 1.8793704051536548}, "datetime": {"datetime": "2025-05-15 16:51:08", "elapsed": 43231.929559, "delta": 46.852623}}
{"target": 2.635160523104391, "params": {"x0": 0.814165435435971, "x1": 9.576919968785539, "x2": 3.7715994242268183, "x3": 0.905138358964928, "x4": 2.051935077306659, "x5": 10.614236203312421, "x6": 2.975882362565342, "x7": -2.6561443759846775, "x8": 1.3095763284400561, "x9": 1.8793704051536548}, "datetime": {"datetime": "2025-05-15 16:51:49", "elapsed": 43273.301001, "delta": 41.371442}}
{"target": 2.635160523104391, "params": {"x0": 0.814165435435971, "x1": 9.576919968785539, "x2": 3.7715994242268183, "x3": 0.905138358964928, "x4": 2.051935077306659, "x5": 10.614236203312421, "x6": 2.975882362565342, "x7": -2.6561443759846775, "x8": 1.3095763284400561, "x9": 1.8793704051536548}, "datetime": {"datetime": "2025-05-15 16:52:34", "elapsed": 43318.284129, "delta": 44.983128}}
{"target": 2.635160523104391, "params": {"x0": 0.814165435435971, "x1": 9.576919968785539, "x2": 3.7715994242268183, "x3": 0.905138358964928, "x4": 2.051935077306659, "x5": 10.614236203312421, "x6": 2.975882362565342, "x7": -2.6561443759846775, "x8": 1.3095763284400561, "x9": 1.8793704051536548}, "datetime": {"datetime": "2025-05-15 16:53:48", "elapsed": 43391.424596, "delta": 73.140467}}
{"target": 2.635160523104391, "params": {"x0": 0.814165435435971, "x1": 9.576919968785539, "x2": 3.7715994242268183, "x3": 0.905138358964928, "x4": 2.051935077306659, "x5": 10.614236203312421, "x6": 2.975882362565342, "x7": -2.6561443759846775, "x8": 1.3095763284400561, "x9": 1.8793704051536548}, "datetime": {"datetime": "2025-05-15 16:54:46", "elapsed": 43449.513916, "delta": 58.08932}}
{"target": 2.635160523104391, "params": {"x0": 0.814165435435971, "x1": 9.576919968785539, "x2": 3.7715994242268183, "x3": 0.905138358964928, "x4": 2.051935077306659, "x5": 10.614236203312421, "x6": 2.975882362565342, "x7": -2.6561443759846775, "x8": 1.3095763284400561, "x9": 1.8793704051536548}, "datetime": {"datetime": "2025-05-15 16:55:50", "elapsed": 43513.492986, "delta": 63.97907}}
{"target": 2.635160523104391, "params": {"x0": 0.814165435435971, "x1": 9.576919968785539, "x2": 3.7715994242268183, "x3": 0.905138358964928, "x4": 2.051935077306659, "x5": 10.614236203312421, "x6": 2.975882362565342, "x7": -2.6561443759846775, "x8": 1.3095763284400561, "x9": 1.8793704051536548}, "datetime": {"datetime": "2025-05-15 16:56:44", "elapsed": 43567.408376, "delta": 53.91539}}
{"target": 2.635160523104391, "params": {"x0": 0.814165435435971, "x1": 9.576919968785539, "x2": 3.7715994242268183, "x3": 0.905138358964928, "x4": 2.051935077306659, "x5": 10.614236203312421, "x6": 2.975882362565342, "x7": -2.6561443759846775, "x8": 1.3095763284400561, "x9": 1.8793704051536548}, "datetime": {"datetime": "2025-05-15 16:57:39", "elapsed": 43623.218243, "delta": 55.809867}}
{"target": 2.635160523104391, "params": {"x0": 0.814165435435971, "x1": 9.576919968785539, "x2": 3.7715994242268183, "x3": 0.905138358964928, "x4": 2.051935077306659, "x5": 10.614236203312421, "x6": 2.975882362565342, "x7": -2.6561443759846775, "x8": 1.3095763284400561, "x9": 1.8793704051536548}, "datetime": {"datetime": "2025-05-15 16:58:32", "elapsed": 43675.673081, "delta": 52.454838}}
{"target": 2.635160523104391, "params": {"x0": 0.814165435435971, "x1": 9.576919968785539, "x2": 3.7715994242268183, "x3": 0.905138358964928, "x4": 2.051935077306659, "x5": 10.614236203312421, "x6": 2.975882362565342, "x7": -2.6561443759846775, "x8": 1.3095763284400561, "x9": 1.8793704051536548}, "datetime": {"datetime": "2025-05-15 16:59:30", "elapsed": 43733.672669, "delta": 57.999588}}
{"target": 2.635160523104391, "params": {"x0": 0.814165435435971, "x1": 9.576919968785539, "x2": 3.7715994242268183, "x3": 0.905138358964928, "x4": 2.051935077306659, "x5": 10.614236203312421, "x6": 2.975882362565342, "x7": -2.6561443759846775, "x8": 1.3095763284400561, "x9": 1.8793704051536548}, "datetime": {"datetime": "2025-05-15 17:00:35", "elapsed": 43799.322993, "delta": 65.650324}}
{"target": 2.635160523104391, "params": {"x0": 0.814165435435971, "x1": 9.576919968785539, "x2": 3.7715994242268183, "x3": 0.905138358964928, "x4": 2.051935077306659, "x5": 10.614236203312421, "x6": 2.975882362565342, "x7": -2.6561443759846775, "x8": 1.3095763284400561, "x9": 1.8793704051536548}, "datetime": {"datetime": "2025-05-15 17:01:51", "elapsed": 43874.828731, "delta": 75.505738}}
{"target": 2.635160523104391, "params": {"x0": 0.814165435435971, "x1": 9.576919968785539, "x2": 3.7715994242268183, "x3": 0.905138358964928, "x4": 2.051935077306659, "x5": 10.614236203312421, "x6": 2.975882362565342, "x7": -2.6561443759846775, "x8": 1.3095763284400561, "x9": 1.8793704051536548}, "datetime": {"datetime": "2025-05-15 17:02:43", "elapsed": 43927.093811, "delta": 52.26508}}
{"target": 2.635160523104391, "params": {"x0": 0.814165435435971, "x1": 9.576919968785539, "x2": 3.7715994242268183, "x3": 0.905138358964928, "x4": 2.051935077306659, "x5": 10.614236203312421, "x6": 2.975882362565342, "x7": -2.6561443759846775, "x8": 1.3095763284400561, "x9": 1.8793704051536548}, "datetime": {"datetime": "2025-05-15 17:03:41", "elapsed": 43985.1965, "delta": 58.102689}}
{"target": 2.635160523104391, "params": {"x0": 0.814165435435971, "x1": 9.576919968785539, "x2": 3.7715994242268183, "x3": 0.905138358964928, "x4": 2.051935077306659, "x5": 10.614236203312421, "x6": 2.975882362565342, "x7": -2.6561443759846775, "x8": 1.3095763284400561, "x9": 1.8793704051536548}, "datetime": {"datetime": "2025-05-15 17:04:31", "elapsed": 44034.825093, "delta": 49.628593}}
{"target": 2.635160523104391, "params": {"x0": 0.814165435435971, "x1": 9.576919968785539, "x2": 3.7715994242268183, "x3": 0.905138358964928, "x4": 2.051935077306659, "x5": 10.614236203312421, "x6": 2.975882362565342, "x7": -2.6561443759846775, "x8": 1.3095763284400561, "x9": 1.8793704051536548}, "datetime": {"datetime": "2025-05-15 17:05:17", "elapsed": 44080.732652, "delta": 45.907559}}
{"target": 2.635160523104391, "params": {"x0": 0.814165435435971, "x1": 9.576919968785539, "x2": 3.7715994242268183, "x3": 0.905138358964928, "x4": 2.051935077306659, "x5": 10.614236203312421, "x6": 2.975882362565342, "x7": -2.6561443759846775, "x8": 1.3095763284400561, "x9": 1.8793704051536548}, "datetime": {"datetime": "2025-05-15 17:06:24", "elapsed": 44147.878188, "delta": 67.145536}}
{"target": 2.635160523104391, "params": {"x0": 0.814165435435971, "x1": 9.576919968785539, "x2": 3.7715994242268183, "x3": 0.905138358964928, "x4": 2.051935077306659, "x5": 10.614236203312421, "x6": 2.975882362565342, "x7": -2.6561443759846775, "x8": 1.3095763284400561, "x9": 1.8793704051536548}, "datetime": {"datetime": "2025-05-15 17:07:20", "elapsed": 44203.939537, "delta": 56.061349}}
{"target": 2.635160523104391, "params": {"x0": 0.814165435435971, "x1": 9.576919968785539, "x2": 3.7715994242268183, "x3": 0.905138358964928, "x4": 2.051935077306659, "x5": 10.614236203312421, "x6": 2.975882362565342, "x7": -2.6561443759846775, "x8": 1.3095763284400561, "x9": 1.8793704051536548}, "datetime": {"datetime": "2025-05-15 17:08:08", "elapsed": 44251.840301, "delta": 47.900764}}
