{"target": 2.635160523104391, "params": {"x0": 0.814165435435971, "x1": 9.576919968785539, "x2": 3.7715994242268183, "x3": 0.905138358964928, "x4": 2.051935077306659, "x5": 10.614236203312421, "x6": 2.975882362565342, "x7": -2.6561443759846775, "x8": 1.3095763284400561, "x9": 1.8793704051536548}, "datetime": {"datetime": "2025-05-15 06:36:43", "elapsed": 6367.128703, "delta": 13.965607}}
{"target": 2.635160523104391, "params": {"x0": 0.814165435435971, "x1": 9.576919968785539, "x2": 3.7715994242268183, "x3": 0.905138358964928, "x4": 2.051935077306659, "x5": 10.614236203312421, "x6": 2.975882362565342, "x7": -2.6561443759846775, "x8": 1.3095763284400561, "x9": 1.8793704051536548}, "datetime": {"datetime": "2025-05-15 06:37:03", "elapsed": 6387.069656, "delta": 19.940953}}
{"target": 2.635160523104391, "params": {"x0": 0.814165435435971, "x1": 9.576919968785539, "x2": 3.7715994242268183, "x3": 0.905138358964928, "x4": 2.051935077306659, "x5": 10.614236203312421, "x6": 2.975882362565342, "x7": -2.6561443759846775, "x8": 1.3095763284400561, "x9": 1.8793704051536548}, "datetime": {"datetime": "2025-05-15 06:37:18", "elapsed": 6402.019713, "delta": 14.950057}}
{"target": 2.635160523104391, "params": {"x0": 0.814165435435971, "x1": 9.576919968785539, "x2": 3.7715994242268183, "x3": 0.905138358964928, "x4": 2.051935077306659, "x5": 10.614236203312421, "x6": 2.975882362565342, "x7": -2.6561443759846775, "x8": 1.3095763284400561, "x9": 1.8793704051536548}, "datetime": {"datetime": "2025-05-15 06:37:31", "elapsed": 6414.501422, "delta": 12.481709}}
{"target": 2.635160523104391, "params": {"x0": 0.814165435435971, "x1": 9.576919968785539, "x2": 3.7715994242268183, "x3": 0.905138358964928, "x4": 2.051935077306659, "x5": 10.614236203312421, "x6": 2.975882362565342, "x7": -2.6561443759846775, "x8": 1.3095763284400561, "x9": 1.8793704051536548}, "datetime": {"datetime": "2025-05-15 06:37:49", "elapsed": 6432.346191, "delta": 17.844769}}
{"target": 2.635160523104391, "params": {"x0": 0.814165435435971, "x1": 9.576919968785539, "x2": 3.7715994242268183, "x3": 0.905138358964928, "x4": 2.051935077306659, "x5": 10.614236203312421, "x6": 2.975882362565342, "x7": -2.6561443759846775, "x8": 1.3095763284400561, "x9": 1.8793704051536548}, "datetime": {"datetime": "2025-05-15 06:38:05", "elapsed": 6448.619042, "delta": 16.272851}}
{"target": 2.635160523104391, "params": {"x0": 0.814165435435971, "x1": 9.576919968785539, "x2": 3.7715994242268183, "x3": 0.905138358964928, "x4": 2.051935077306659, "x5": 10.614236203312421, "x6": 2.975882362565342, "x7": -2.6561443759846775, "x8": 1.3095763284400561, "x9": 1.8793704051536548}, "datetime": {"datetime": "2025-05-15 06:38:22", "elapsed": 6465.40101, "delta": 16.781968}}
{"target": 2.635160523104391, "params": {"x0": 0.814165435435971, "x1": 9.576919968785539, "x2": 3.7715994242268183, "x3": 0.905138358964928, "x4": 2.051935077306659, "x5": 10.614236203312421, "x6": 2.975882362565342, "x7": -2.6561443759846775, "x8": 1.3095763284400561, "x9": 1.8793704051536548}, "datetime": {"datetime": "2025-05-15 06:38:40", "elapsed": 6483.402994, "delta": 18.001984}}
{"target": 2.635160523104391, "params": {"x0": 0.814165435435971, "x1": 9.576919968785539, "x2": 3.7715994242268183, "x3": 0.905138358964928, "x4": 2.051935077306659, "x5": 10.614236203312421, "x6": 2.975882362565342, "x7": -2.6561443759846775, "x8": 1.3095763284400561, "x9": 1.8793704051536548}, "datetime": {"datetime": "2025-05-15 06:38:55", "elapsed": 6498.800299, "delta": 15.397305}}
{"target": 2.635160523104391, "params": {"x0": 0.814165435435971, "x1": 9.576919968785539, "x2": 3.7715994242268183, "x3": 0.905138358964928, "x4": 2.051935077306659, "x5": 10.614236203312421, "x6": 2.975882362565342, "x7": -2.6561443759846775, "x8": 1.3095763284400561, "x9": 1.8793704051536548}, "datetime": {"datetime": "2025-05-15 06:39:10", "elapsed": 6513.914758, "delta": 15.114459}}
{"target": 2.635160523104391, "params": {"x0": 0.814165435435971, "x1": 9.576919968785539, "x2": 3.7715994242268183, "x3": 0.905138358964928, "x4": 2.051935077306659, "x5": 10.614236203312421, "x6": 2.975882362565342, "x7": -2.6561443759846775, "x8": 1.3095763284400561, "x9": 1.8793704051536548}, "datetime": {"datetime": "2025-05-15 06:39:26", "elapsed": 6529.575166, "delta": 15.660408}}
{"target": 2.635160523104391, "params": {"x0": 0.814165435435971, "x1": 9.576919968785539, "x2": 3.7715994242268183, "x3": 0.905138358964928, "x4": 2.051935077306659, "x5": 10.614236203312421, "x6": 2.975882362565342, "x7": -2.6561443759846775, "x8": 1.3095763284400561, "x9": 1.8793704051536548}, "datetime": {"datetime": "2025-05-15 06:39:41", "elapsed": 6544.697911, "delta": 15.122745}}
{"target": 2.635160523104391, "params": {"x0": 0.814165435435971, "x1": 9.576919968785539, "x2": 3.7715994242268183, "x3": 0.905138358964928, "x4": 2.051935077306659, "x5": 10.614236203312421, "x6": 2.975882362565342, "x7": -2.6561443759846775, "x8": 1.3095763284400561, "x9": 1.8793704051536548}, "datetime": {"datetime": "2025-05-15 06:39:55", "elapsed": 6558.907867, "delta": 14.209956}}
{"target": 2.635160523104391, "params": {"x0": 0.814165435435971, "x1": 9.576919968785539, "x2": 3.7715994242268183, "x3": 0.905138358964928, "x4": 2.051935077306659, "x5": 10.614236203312421, "x6": 2.975882362565342, "x7": -2.6561443759846775, "x8": 1.3095763284400561, "x9": 1.8793704051536548}, "datetime": {"datetime": "2025-05-15 06:40:10", "elapsed": 6573.92265, "delta": 15.014783}}
{"target": 2.635160523104391, "params": {"x0": 0.814165435435971, "x1": 9.576919968785539, "x2": 3.7715994242268183, "x3": 0.905138358964928, "x4": 2.051935077306659, "x5": 10.614236203312421, "x6": 2.975882362565342, "x7": -2.6561443759846775, "x8": 1.3095763284400561, "x9": 1.8793704051536548}, "datetime": {"datetime": "2025-05-15 06:40:26", "elapsed": 6590.186247, "delta": 16.263597}}
{"target": 2.635160523104391, "params": {"x0": 0.814165435435971, "x1": 9.576919968785539, "x2": 3.7715994242268183, "x3": 0.905138358964928, "x4": 2.051935077306659, "x5": 10.614236203312421, "x6": 2.975882362565342, "x7": -2.6561443759846775, "x8": 1.3095763284400561, "x9": 1.8793704051536548}, "datetime": {"datetime": "2025-05-15 06:40:46", "elapsed": 6610.165051, "delta": 19.978804}}
{"target": 2.635160523104391, "params": {"x0": 0.814165435435971, "x1": 9.576919968785539, "x2": 3.7715994242268183, "x3": 0.905138358964928, "x4": 2.051935077306659, "x5": 10.614236203312421, "x6": 2.975882362565342, "x7": -2.6561443759846775, "x8": 1.3095763284400561, "x9": 1.8793704051536548}, "datetime": {"datetime": "2025-05-15 06:41:02", "elapsed": 6625.328934, "delta": 15.163883}}
{"target": 2.635160523104391, "params": {"x0": 0.814165435435971, "x1": 9.576919968785539, "x2": 3.7715994242268183, "x3": 0.905138358964928, "x4": 2.051935077306659, "x5": 10.614236203312421, "x6": 2.975882362565342, "x7": -2.6561443759846775, "x8": 1.3095763284400561, "x9": 1.8793704051536548}, "datetime": {"datetime": "2025-05-15 06:41:16", "elapsed": 6639.552489, "delta": 14.223555}}
{"target": 2.635160523104391, "params": {"x0": 0.814165435435971, "x1": 9.576919968785539, "x2": 3.7715994242268183, "x3": 0.905138358964928, "x4": 2.051935077306659, "x5": 10.614236203312421, "x6": 2.975882362565342, "x7": -2.6561443759846775, "x8": 1.3095763284400561, "x9": 1.8793704051536548}, "datetime": {"datetime": "2025-05-15 06:41:31", "elapsed": 6654.769631, "delta": 15.217142}}
{"target": 2.635160523104391, "params": {"x0": 0.814165435435971, "x1": 9.576919968785539, "x2": 3.7715994242268183, "x3": 0.905138358964928, "x4": 2.051935077306659, "x5": 10.614236203312421, "x6": 2.975882362565342, "x7": -2.6561443759846775, "x8": 1.3095763284400561, "x9": 1.8793704051536548}, "datetime": {"datetime": "2025-05-15 06:41:46", "elapsed": 6669.407941, "delta": 14.63831}}
{"target": 2.635160523104391, "params": {"x0": 0.814165435435971, "x1": 9.576919968785539, "x2": 3.7715994242268183, "x3": 0.905138358964928, "x4": 2.051935077306659, "x5": 10.614236203312421, "x6": 2.975882362565342, "x7": -2.6561443759846775, "x8": 1.3095763284400561, "x9": 1.8793704051536548}, "datetime": {"datetime": "2025-05-15 06:42:03", "elapsed": 6687.268795, "delta": 17.860854}}
{"target": 2.635160523104391, "params": {"x0": 0.814165435435971, "x1": 9.576919968785539, "x2": 3.7715994242268183, "x3": 0.905138358964928, "x4": 2.051935077306659, "x5": 10.614236203312421, "x6": 2.975882362565342, "x7": -2.6561443759846775, "x8": 1.3095763284400561, "x9": 1.8793704051536548}, "datetime": {"datetime": "2025-05-15 06:42:22", "elapsed": 6706.072903, "delta": 18.804108}}
{"target": 2.635160523104391, "params": {"x0": 0.814165435435971, "x1": 9.576919968785539, "x2": 3.7715994242268183, "x3": 0.905138358964928, "x4": 2.051935077306659, "x5": 10.614236203312421, "x6": 2.975882362565342, "x7": -2.6561443759846775, "x8": 1.3095763284400561, "x9": 1.8793704051536548}, "datetime": {"datetime": "2025-05-15 06:42:35", "elapsed": 6719.319383, "delta": 13.24648}}
{"target": 2.635160523104391, "params": {"x0": 0.814165435435971, "x1": 9.576919968785539, "x2": 3.7715994242268183, "x3": 0.905138358964928, "x4": 2.051935077306659, "x5": 10.614236203312421, "x6": 2.975882362565342, "x7": -2.6561443759846775, "x8": 1.3095763284400561, "x9": 1.8793704051536548}, "datetime": {"datetime": "2025-05-15 06:42:53", "elapsed": 6737.250344, "delta": 17.930961}}
{"target": 2.635160523104391, "params": {"x0": 0.814165435435971, "x1": 9.576919968785539, "x2": 3.7715994242268183, "x3": 0.905138358964928, "x4": 2.051935077306659, "x5": 10.614236203312421, "x6": 2.975882362565342, "x7": -2.6561443759846775, "x8": 1.3095763284400561, "x9": 1.8793704051536548}, "datetime": {"datetime": "2025-05-15 06:43:13", "elapsed": 6757.07492, "delta": 19.824576}}
{"target": 2.635160523104391, "params": {"x0": 0.814165435435971, "x1": 9.576919968785539, "x2": 3.7715994242268183, "x3": 0.905138358964928, "x4": 2.051935077306659, "x5": 10.614236203312421, "x6": 2.975882362565342, "x7": -2.6561443759846775, "x8": 1.3095763284400561, "x9": 1.8793704051536548}, "datetime": {"datetime": "2025-05-15 06:43:32", "elapsed": 6776.08142, "delta": 19.0065}}
{"target": 2.635160523104391, "params": {"x0": 0.814165435435971, "x1": 9.576919968785539, "x2": 3.7715994242268183, "x3": 0.905138358964928, "x4": 2.051935077306659, "x5": 10.614236203312421, "x6": 2.975882362565342, "x7": -2.6561443759846775, "x8": 1.3095763284400561, "x9": 1.8793704051536548}, "datetime": {"datetime": "2025-05-15 06:43:50", "elapsed": 6793.954222, "delta": 17.872802}}
{"target": 2.635160523104391, "params": {"x0": 0.814165435435971, "x1": 9.576919968785539, "x2": 3.7715994242268183, "x3": 0.905138358964928, "x4": 2.051935077306659, "x5": 10.614236203312421, "x6": 2.975882362565342, "x7": -2.6561443759846775, "x8": 1.3095763284400561, "x9": 1.8793704051536548}, "datetime": {"datetime": "2025-05-15 06:44:11", "elapsed": 6814.971714, "delta": 21.017492}}
{"target": 2.635160523104391, "params": {"x0": 0.814165435435971, "x1": 9.576919968785539, "x2": 3.7715994242268183, "x3": 0.905138358964928, "x4": 2.051935077306659, "x5": 10.614236203312421, "x6": 2.975882362565342, "x7": -2.6561443759846775, "x8": 1.3095763284400561, "x9": 1.8793704051536548}, "datetime": {"datetime": "2025-05-15 06:44:30", "elapsed": 6834.070006, "delta": 19.098292}}
{"target": 2.635160523104391, "params": {"x0": 0.814165435435971, "x1": 9.576919968785539, "x2": 3.7715994242268183, "x3": 0.905138358964928, "x4": 2.051935077306659, "x5": 10.614236203312421, "x6": 2.975882362565342, "x7": -2.6561443759846775, "x8": 1.3095763284400561, "x9": 1.8793704051536548}, "datetime": {"datetime": "2025-05-15 06:44:49", "elapsed": 6852.992577, "delta": 18.922571}}
{"target": 2.635160523104391, "params": {"x0": 0.814165435435971, "x1": 9.576919968785539, "x2": 3.7715994242268183, "x3": 0.905138358964928, "x4": 2.051935077306659, "x5": 10.614236203312421, "x6": 2.975882362565342, "x7": -2.6561443759846775, "x8": 1.3095763284400561, "x9": 1.8793704051536548}, "datetime": {"datetime": "2025-05-15 06:45:10", "elapsed": 6873.958565, "delta": 20.965988}}
{"target": 2.635160523104391, "params": {"x0": 0.814165435435971, "x1": 9.576919968785539, "x2": 3.7715994242268183, "x3": 0.905138358964928, "x4": 2.051935077306659, "x5": 10.614236203312421, "x6": 2.975882362565342, "x7": -2.6561443759846775, "x8": 1.3095763284400561, "x9": 1.8793704051536548}, "datetime": {"datetime": "2025-05-15 06:45:26", "elapsed": 6889.446042, "delta": 15.487477}}
{"target": 2.635160523104391, "params": {"x0": 0.814165435435971, "x1": 9.576919968785539, "x2": 3.7715994242268183, "x3": 0.905138358964928, "x4": 2.051935077306659, "x5": 10.614236203312421, "x6": 2.975882362565342, "x7": -2.6561443759846775, "x8": 1.3095763284400561, "x9": 1.8793704051536548}, "datetime": {"datetime": "2025-05-15 06:45:44", "elapsed": 6907.870469, "delta": 18.424427}}
{"target": 2.635160523104391, "params": {"x0": 0.814165435435971, "x1": 9.576919968785539, "x2": 3.7715994242268183, "x3": 0.905138358964928, "x4": 2.051935077306659, "x5": 10.614236203312421, "x6": 2.975882362565342, "x7": -2.6561443759846775, "x8": 1.3095763284400561, "x9": 1.8793704051536548}, "datetime": {"datetime": "2025-05-15 06:46:03", "elapsed": 6927.170286, "delta": 19.299817}}
{"target": 2.635160523104391, "params": {"x0": 0.814165435435971, "x1": 9.576919968785539, "x2": 3.7715994242268183, "x3": 0.905138358964928, "x4": 2.051935077306659, "x5": 10.614236203312421, "x6": 2.975882362565342, "x7": -2.6561443759846775, "x8": 1.3095763284400561, "x9": 1.8793704051536548}, "datetime": {"datetime": "2025-05-15 06:46:26", "elapsed": 6949.776587, "delta": 22.606301}}
{"target": 2.635160523104391, "params": {"x0": 0.814165435435971, "x1": 9.576919968785539, "x2": 3.7715994242268183, "x3": 0.905138358964928, "x4": 2.051935077306659, "x5": 10.614236203312421, "x6": 2.975882362565342, "x7": -2.6561443759846775, "x8": 1.3095763284400561, "x9": 1.8793704051536548}, "datetime": {"datetime": "2025-05-15 06:46:43", "elapsed": 6966.960409, "delta": 17.183822}}
{"target": 2.635160523104391, "params": {"x0": 0.814165435435971, "x1": 9.576919968785539, "x2": 3.7715994242268183, "x3": 0.905138358964928, "x4": 2.051935077306659, "x5": 10.614236203312421, "x6": 2.975882362565342, "x7": -2.6561443759846775, "x8": 1.3095763284400561, "x9": 1.8793704051536548}, "datetime": {"datetime": "2025-05-15 06:47:01", "elapsed": 6984.925949, "delta": 17.96554}}
{"target": 2.635160523104391, "params": {"x0": 0.814165435435971, "x1": 9.576919968785539, "x2": 3.7715994242268183, "x3": 0.905138358964928, "x4": 2.051935077306659, "x5": 10.614236203312421, "x6": 2.975882362565342, "x7": -2.6561443759846775, "x8": 1.3095763284400561, "x9": 1.8793704051536548}, "datetime": {"datetime": "2025-05-15 06:47:18", "elapsed": 7001.789851, "delta": 16.863902}}
{"target": 2.635160523104391, "params": {"x0": 0.814165435435971, "x1": 9.576919968785539, "x2": 3.7715994242268183, "x3": 0.905138358964928, "x4": 2.051935077306659, "x5": 10.614236203312421, "x6": 2.975882362565342, "x7": -2.6561443759846775, "x8": 1.3095763284400561, "x9": 1.8793704051536548}, "datetime": {"datetime": "2025-05-15 06:47:37", "elapsed": 7020.709948, "delta": 18.920097}}
{"target": 2.635160523104391, "params": {"x0": 0.814165435435971, "x1": 9.576919968785539, "x2": 3.7715994242268183, "x3": 0.905138358964928, "x4": 2.051935077306659, "x5": 10.614236203312421, "x6": 2.975882362565342, "x7": -2.6561443759846775, "x8": 1.3095763284400561, "x9": 1.8793704051536548}, "datetime": {"datetime": "2025-05-15 06:47:57", "elapsed": 7040.672609, "delta": 19.962661}}
{"target": 2.635160523104391, "params": {"x0": 0.814165435435971, "x1": 9.576919968785539, "x2": 3.7715994242268183, "x3": 0.905138358964928, "x4": 2.051935077306659, "x5": 10.614236203312421, "x6": 2.975882362565342, "x7": -2.6561443759846775, "x8": 1.3095763284400561, "x9": 1.8793704051536548}, "datetime": {"datetime": "2025-05-15 06:48:17", "elapsed": 7060.871675, "delta": 20.199066}}
{"target": 2.635160523104391, "params": {"x0": 0.814165435435971, "x1": 9.576919968785539, "x2": 3.7715994242268183, "x3": 0.905138358964928, "x4": 2.051935077306659, "x5": 10.614236203312421, "x6": 2.975882362565342, "x7": -2.6561443759846775, "x8": 1.3095763284400561, "x9": 1.8793704051536548}, "datetime": {"datetime": "2025-05-15 06:48:35", "elapsed": 7079.008877, "delta": 18.137202}}
{"target": 2.635160523104391, "params": {"x0": 0.814165435435971, "x1": 9.576919968785539, "x2": 3.7715994242268183, "x3": 0.905138358964928, "x4": 2.051935077306659, "x5": 10.614236203312421, "x6": 2.975882362565342, "x7": -2.6561443759846775, "x8": 1.3095763284400561, "x9": 1.8793704051536548}, "datetime": {"datetime": "2025-05-15 06:48:55", "elapsed": 7099.089082, "delta": 20.080205}}
{"target": 2.635160523104391, "params": {"x0": 0.814165435435971, "x1": 9.576919968785539, "x2": 3.7715994242268183, "x3": 0.905138358964928, "x4": 2.051935077306659, "x5": 10.614236203312421, "x6": 2.975882362565342, "x7": -2.6561443759846775, "x8": 1.3095763284400561, "x9": 1.8793704051536548}, "datetime": {"datetime": "2025-05-15 06:49:17", "elapsed": 7120.695933, "delta": 21.606851}}
{"target": 2.635160523104391, "params": {"x0": 0.814165435435971, "x1": 9.576919968785539, "x2": 3.7715994242268183, "x3": 0.905138358964928, "x4": 2.051935077306659, "x5": 10.614236203312421, "x6": 2.975882362565342, "x7": -2.6561443759846775, "x8": 1.3095763284400561, "x9": 1.8793704051536548}, "datetime": {"datetime": "2025-05-15 06:49:34", "elapsed": 7137.544351, "delta": 16.848418}}
{"target": 2.635160523104391, "params": {"x0": 0.814165435435971, "x1": 9.576919968785539, "x2": 3.7715994242268183, "x3": 0.905138358964928, "x4": 2.051935077306659, "x5": 10.614236203312421, "x6": 2.975882362565342, "x7": -2.6561443759846775, "x8": 1.3095763284400561, "x9": 1.8793704051536548}, "datetime": {"datetime": "2025-05-15 06:49:53", "elapsed": 7157.013468, "delta": 19.469117}}
{"target": 2.635160523104391, "params": {"x0": 0.814165435435971, "x1": 9.576919968785539, "x2": 3.7715994242268183, "x3": 0.905138358964928, "x4": 2.051935077306659, "x5": 10.614236203312421, "x6": 2.975882362565342, "x7": -2.6561443759846775, "x8": 1.3095763284400561, "x9": 1.8793704051536548}, "datetime": {"datetime": "2025-05-15 06:50:09", "elapsed": 7173.163625, "delta": 16.150157}}
{"target": 2.635160523104391, "params": {"x0": 0.814165435435971, "x1": 9.576919968785539, "x2": 3.7715994242268183, "x3": 0.905138358964928, "x4": 2.051935077306659, "x5": 10.614236203312421, "x6": 2.975882362565342, "x7": -2.6561443759846775, "x8": 1.3095763284400561, "x9": 1.8793704051536548}, "datetime": {"datetime": "2025-05-15 06:50:27", "elapsed": 7190.481962, "delta": 17.318337}}
{"target": 2.635160523104391, "params": {"x0": 0.814165435435971, "x1": 9.576919968785539, "x2": 3.7715994242268183, "x3": 0.905138358964928, "x4": 2.051935077306659, "x5": 10.614236203312421, "x6": 2.975882362565342, "x7": -2.6561443759846775, "x8": 1.3095763284400561, "x9": 1.8793704051536548}, "datetime": {"datetime": "2025-05-15 06:50:46", "elapsed": 7210.169548, "delta": 19.687586}}
{"target": 2.635160523104391, "params": {"x0": 0.814165435435971, "x1": 9.576919968785539, "x2": 3.7715994242268183, "x3": 0.905138358964928, "x4": 2.051935077306659, "x5": 10.614236203312421, "x6": 2.975882362565342, "x7": -2.6561443759846775, "x8": 1.3095763284400561, "x9": 1.8793704051536548}, "datetime": {"datetime": "2025-05-15 06:51:03", "elapsed": 7226.633437, "delta": 16.463889}}
{"target": 2.635160523104391, "params": {"x0": 0.814165435435971, "x1": 9.576919968785539, "x2": 3.7715994242268183, "x3": 0.905138358964928, "x4": 2.051935077306659, "x5": 10.614236203312421, "x6": 2.975882362565342, "x7": -2.6561443759846775, "x8": 1.3095763284400561, "x9": 1.8793704051536548}, "datetime": {"datetime": "2025-05-15 06:51:20", "elapsed": 7243.794252, "delta": 17.160815}}
{"target": 2.635160523104391, "params": {"x0": 0.814165435435971, "x1": 9.576919968785539, "x2": 3.7715994242268183, "x3": 0.905138358964928, "x4": 2.051935077306659, "x5": 10.614236203312421, "x6": 2.975882362565342, "x7": -2.6561443759846775, "x8": 1.3095763284400561, "x9": 1.8793704051536548}, "datetime": {"datetime": "2025-05-15 06:51:37", "elapsed": 7261.212763, "delta": 17.418511}}
{"target": 2.635160523104391, "params": {"x0": 0.814165435435971, "x1": 9.576919968785539, "x2": 3.7715994242268183, "x3": 0.905138358964928, "x4": 2.051935077306659, "x5": 10.614236203312421, "x6": 2.975882362565342, "x7": -2.6561443759846775, "x8": 1.3095763284400561, "x9": 1.8793704051536548}, "datetime": {"datetime": "2025-05-15 06:51:53", "elapsed": 7276.37927, "delta": 15.166507}}
{"target": 2.635160523104391, "params": {"x0": 0.814165435435971, "x1": 9.576919968785539, "x2": 3.7715994242268183, "x3": 0.905138358964928, "x4": 2.051935077306659, "x5": 10.614236203312421, "x6": 2.975882362565342, "x7": -2.6561443759846775, "x8": 1.3095763284400561, "x9": 1.8793704051536548}, "datetime": {"datetime": "2025-05-15 06:52:07", "elapsed": 7290.924633, "delta": 14.545363}}
{"target": 2.635160523104391, "params": {"x0": 0.814165435435971, "x1": 9.576919968785539, "x2": 3.7715994242268183, "x3": 0.905138358964928, "x4": 2.051935077306659, "x5": 10.614236203312421, "x6": 2.975882362565342, "x7": -2.6561443759846775, "x8": 1.3095763284400561, "x9": 1.8793704051536548}, "datetime": {"datetime": "2025-05-15 06:52:19", "elapsed": 7303.010812, "delta": 12.086179}}
{"target": 2.635160523104391, "params": {"x0": 0.814165435435971, "x1": 9.576919968785539, "x2": 3.7715994242268183, "x3": 0.905138358964928, "x4": 2.051935077306659, "x5": 10.614236203312421, "x6": 2.975882362565342, "x7": -2.6561443759846775, "x8": 1.3095763284400561, "x9": 1.8793704051536548}, "datetime": {"datetime": "2025-05-15 06:52:34", "elapsed": 7318.184423, "delta": 15.173611}}
