{"target": 2.635160523104391, "params": {"x0": 0.814165435435971, "x1": 9.576919968785539, "x2": 3.7715994242268183, "x3": 0.905138358964928, "x4": 2.051935077306659, "x5": 10.614236203312421, "x6": 2.975882362565342, "x7": -2.6561443759846775, "x8": 1.3095763284400561, "x9": 1.8793704051536548}, "datetime": {"datetime": "2025-05-15 09:02:19", "elapsed": 15103.111397, "delta": 33.346871}}
{"target": 2.635160523104391, "params": {"x0": 0.814165435435971, "x1": 9.576919968785539, "x2": 3.7715994242268183, "x3": 0.905138358964928, "x4": 2.051935077306659, "x5": 10.614236203312421, "x6": 2.975882362565342, "x7": -2.6561443759846775, "x8": 1.3095763284400561, "x9": 1.8793704051536548}, "datetime": {"datetime": "2025-05-15 09:02:54", "elapsed": 15138.239457, "delta": 35.12806}}
{"target": 2.635160523104391, "params": {"x0": 0.814165435435971, "x1": 9.576919968785539, "x2": 3.7715994242268183, "x3": 0.905138358964928, "x4": 2.051935077306659, "x5": 10.614236203312421, "x6": 2.975882362565342, "x7": -2.6561443759846775, "x8": 1.3095763284400561, "x9": 1.8793704051536548}, "datetime": {"datetime": "2025-05-15 09:03:27", "elapsed": 15170.917732, "delta": 32.678275}}
{"target": 2.635160523104391, "params": {"x0": 0.814165435435971, "x1": 9.576919968785539, "x2": 3.7715994242268183, "x3": 0.905138358964928, "x4": 2.051935077306659, "x5": 10.614236203312421, "x6": 2.975882362565342, "x7": -2.6561443759846775, "x8": 1.3095763284400561, "x9": 1.8793704051536548}, "datetime": {"datetime": "2025-05-15 09:03:50", "elapsed": 15194.065563, "delta": 23.147831}}
{"target": 2.635160523104391, "params": {"x0": 0.814165435435971, "x1": 9.576919968785539, "x2": 3.7715994242268183, "x3": 0.905138358964928, "x4": 2.051935077306659, "x5": 10.614236203312421, "x6": 2.975882362565342, "x7": -2.6561443759846775, "x8": 1.3095763284400561, "x9": 1.8793704051536548}, "datetime": {"datetime": "2025-05-15 09:04:16", "elapsed": 15219.849636, "delta": 25.784073}}
{"target": 2.635160523104391, "params": {"x0": 0.814165435435971, "x1": 9.576919968785539, "x2": 3.7715994242268183, "x3": 0.905138358964928, "x4": 2.051935077306659, "x5": 10.614236203312421, "x6": 2.975882362565342, "x7": -2.6561443759846775, "x8": 1.3095763284400561, "x9": 1.8793704051536548}, "datetime": {"datetime": "2025-05-15 09:04:41", "elapsed": 15244.935201, "delta": 25.085565}}
{"target": 2.635160523104391, "params": {"x0": 0.814165435435971, "x1": 9.576919968785539, "x2": 3.7715994242268183, "x3": 0.905138358964928, "x4": 2.051935077306659, "x5": 10.614236203312421, "x6": 2.975882362565342, "x7": -2.6561443759846775, "x8": 1.3095763284400561, "x9": 1.8793704051536548}, "datetime": {"datetime": "2025-05-15 09:05:11", "elapsed": 15274.743063, "delta": 29.807862}}
{"target": 2.635160523104391, "params": {"x0": 0.814165435435971, "x1": 9.576919968785539, "x2": 3.7715994242268183, "x3": 0.905138358964928, "x4": 2.051935077306659, "x5": 10.614236203312421, "x6": 2.975882362565342, "x7": -2.6561443759846775, "x8": 1.3095763284400561, "x9": 1.8793704051536548}, "datetime": {"datetime": "2025-05-15 09:05:40", "elapsed": 15303.787263, "delta": 29.0442}}
{"target": 2.635160523104391, "params": {"x0": 0.814165435435971, "x1": 9.576919968785539, "x2": 3.7715994242268183, "x3": 0.905138358964928, "x4": 2.051935077306659, "x5": 10.614236203312421, "x6": 2.975882362565342, "x7": -2.6561443759846775, "x8": 1.3095763284400561, "x9": 1.8793704051536548}, "datetime": {"datetime": "2025-05-15 09:06:07", "elapsed": 15331.201141, "delta": 27.413878}}
{"target": 2.635160523104391, "params": {"x0": 0.814165435435971, "x1": 9.576919968785539, "x2": 3.7715994242268183, "x3": 0.905138358964928, "x4": 2.051935077306659, "x5": 10.614236203312421, "x6": 2.975882362565342, "x7": -2.6561443759846775, "x8": 1.3095763284400561, "x9": 1.8793704051536548}, "datetime": {"datetime": "2025-05-15 09:06:31", "elapsed": 15355.007609, "delta": 23.806468}}
{"target": 2.635160523104391, "params": {"x0": 0.814165435435971, "x1": 9.576919968785539, "x2": 3.7715994242268183, "x3": 0.905138358964928, "x4": 2.051935077306659, "x5": 10.614236203312421, "x6": 2.975882362565342, "x7": -2.6561443759846775, "x8": 1.3095763284400561, "x9": 1.8793704051536548}, "datetime": {"datetime": "2025-05-15 09:06:59", "elapsed": 15382.952062, "delta": 27.944453}}
{"target": 2.635160523104391, "params": {"x0": 0.814165435435971, "x1": 9.576919968785539, "x2": 3.7715994242268183, "x3": 0.905138358964928, "x4": 2.051935077306659, "x5": 10.614236203312421, "x6": 2.975882362565342, "x7": -2.6561443759846775, "x8": 1.3095763284400561, "x9": 1.8793704051536548}, "datetime": {"datetime": "2025-05-15 09:07:29", "elapsed": 15413.128316, "delta": 30.176254}}
{"target": 2.635160523104391, "params": {"x0": 0.814165435435971, "x1": 9.576919968785539, "x2": 3.7715994242268183, "x3": 0.905138358964928, "x4": 2.051935077306659, "x5": 10.614236203312421, "x6": 2.975882362565342, "x7": -2.6561443759846775, "x8": 1.3095763284400561, "x9": 1.8793704051536548}, "datetime": {"datetime": "2025-05-15 09:07:52", "elapsed": 15435.647973, "delta": 22.519657}}
{"target": 2.635160523104391, "params": {"x0": 0.814165435435971, "x1": 9.576919968785539, "x2": 3.7715994242268183, "x3": 0.905138358964928, "x4": 2.051935077306659, "x5": 10.614236203312421, "x6": 2.975882362565342, "x7": -2.6561443759846775, "x8": 1.3095763284400561, "x9": 1.8793704051536548}, "datetime": {"datetime": "2025-05-15 09:08:22", "elapsed": 15466.010678, "delta": 30.362705}}
{"target": 2.635160523104391, "params": {"x0": 0.814165435435971, "x1": 9.576919968785539, "x2": 3.7715994242268183, "x3": 0.905138358964928, "x4": 2.051935077306659, "x5": 10.614236203312421, "x6": 2.975882362565342, "x7": -2.6561443759846775, "x8": 1.3095763284400561, "x9": 1.8793704051536548}, "datetime": {"datetime": "2025-05-15 09:08:49", "elapsed": 15492.330742, "delta": 26.320064}}
{"target": 2.635160523104391, "params": {"x0": 0.814165435435971, "x1": 9.576919968785539, "x2": 3.7715994242268183, "x3": 0.905138358964928, "x4": 2.051935077306659, "x5": 10.614236203312421, "x6": 2.975882362565342, "x7": -2.6561443759846775, "x8": 1.3095763284400561, "x9": 1.8793704051536548}, "datetime": {"datetime": "2025-05-15 09:09:20", "elapsed": 15523.981794, "delta": 31.651052}}
{"target": 2.635160523104391, "params": {"x0": 0.814165435435971, "x1": 9.576919968785539, "x2": 3.7715994242268183, "x3": 0.905138358964928, "x4": 2.051935077306659, "x5": 10.614236203312421, "x6": 2.975882362565342, "x7": -2.6561443759846775, "x8": 1.3095763284400561, "x9": 1.8793704051536548}, "datetime": {"datetime": "2025-05-15 09:09:48", "elapsed": 15551.996703, "delta": 28.014909}}
{"target": 2.635160523104391, "params": {"x0": 0.814165435435971, "x1": 9.576919968785539, "x2": 3.7715994242268183, "x3": 0.905138358964928, "x4": 2.051935077306659, "x5": 10.614236203312421, "x6": 2.975882362565342, "x7": -2.6561443759846775, "x8": 1.3095763284400561, "x9": 1.8793704051536548}, "datetime": {"datetime": "2025-05-15 09:10:13", "elapsed": 15576.913472, "delta": 24.916769}}
{"target": 2.635160523104391, "params": {"x0": 0.814165435435971, "x1": 9.576919968785539, "x2": 3.7715994242268183, "x3": 0.905138358964928, "x4": 2.051935077306659, "x5": 10.614236203312421, "x6": 2.975882362565342, "x7": -2.6561443759846775, "x8": 1.3095763284400561, "x9": 1.8793704051536548}, "datetime": {"datetime": "2025-05-15 09:10:42", "elapsed": 15606.119084, "delta": 29.205612}}
{"target": 2.635160523104391, "params": {"x0": 0.814165435435971, "x1": 9.576919968785539, "x2": 3.7715994242268183, "x3": 0.905138358964928, "x4": 2.051935077306659, "x5": 10.614236203312421, "x6": 2.975882362565342, "x7": -2.6561443759846775, "x8": 1.3095763284400561, "x9": 1.8793704051536548}, "datetime": {"datetime": "2025-05-15 09:11:06", "elapsed": 15629.599793, "delta": 23.480709}}
{"target": 2.635160523104391, "params": {"x0": 0.814165435435971, "x1": 9.576919968785539, "x2": 3.7715994242268183, "x3": 0.905138358964928, "x4": 2.051935077306659, "x5": 10.614236203312421, "x6": 2.975882362565342, "x7": -2.6561443759846775, "x8": 1.3095763284400561, "x9": 1.8793704051536548}, "datetime": {"datetime": "2025-05-15 09:11:37", "elapsed": 15660.769267, "delta": 31.169474}}
{"target": 2.635160523104391, "params": {"x0": 0.814165435435971, "x1": 9.576919968785539, "x2": 3.7715994242268183, "x3": 0.905138358964928, "x4": 2.051935077306659, "x5": 10.614236203312421, "x6": 2.975882362565342, "x7": -2.6561443759846775, "x8": 1.3095763284400561, "x9": 1.8793704051536548}, "datetime": {"datetime": "2025-05-15 09:12:08", "elapsed": 15691.821511, "delta": 31.052244}}
{"target": 2.635160523104391, "params": {"x0": 0.814165435435971, "x1": 9.576919968785539, "x2": 3.7715994242268183, "x3": 0.905138358964928, "x4": 2.051935077306659, "x5": 10.614236203312421, "x6": 2.975882362565342, "x7": -2.6561443759846775, "x8": 1.3095763284400561, "x9": 1.8793704051536548}, "datetime": {"datetime": "2025-05-15 09:12:33", "elapsed": 15717.309546, "delta": 25.488035}}
{"target": 2.635160523104391, "params": {"x0": 0.814165435435971, "x1": 9.576919968785539, "x2": 3.7715994242268183, "x3": 0.905138358964928, "x4": 2.051935077306659, "x5": 10.614236203312421, "x6": 2.975882362565342, "x7": -2.6561443759846775, "x8": 1.3095763284400561, "x9": 1.8793704051536548}, "datetime": {"datetime": "2025-05-15 09:13:02", "elapsed": 15745.960918, "delta": 28.651372}}
{"target": 2.635160523104391, "params": {"x0": 0.814165435435971, "x1": 9.576919968785539, "x2": 3.7715994242268183, "x3": 0.905138358964928, "x4": 2.051935077306659, "x5": 10.614236203312421, "x6": 2.975882362565342, "x7": -2.6561443759846775, "x8": 1.3095763284400561, "x9": 1.8793704051536548}, "datetime": {"datetime": "2025-05-15 09:13:31", "elapsed": 15774.819824, "delta": 28.858906}}
{"target": 2.635160523104391, "params": {"x0": 0.814165435435971, "x1": 9.576919968785539, "x2": 3.7715994242268183, "x3": 0.905138358964928, "x4": 2.051935077306659, "x5": 10.614236203312421, "x6": 2.975882362565342, "x7": -2.6561443759846775, "x8": 1.3095763284400561, "x9": 1.8793704051536548}, "datetime": {"datetime": "2025-05-15 09:14:04", "elapsed": 15808.051486, "delta": 33.231662}}
{"target": 2.635160523104391, "params": {"x0": 0.814165435435971, "x1": 9.576919968785539, "x2": 3.7715994242268183, "x3": 0.905138358964928, "x4": 2.051935077306659, "x5": 10.614236203312421, "x6": 2.975882362565342, "x7": -2.6561443759846775, "x8": 1.3095763284400561, "x9": 1.8793704051536548}, "datetime": {"datetime": "2025-05-15 09:14:31", "elapsed": 15835.16938, "delta": 27.117894}}
{"target": 2.635160523104391, "params": {"x0": 0.814165435435971, "x1": 9.576919968785539, "x2": 3.7715994242268183, "x3": 0.905138358964928, "x4": 2.051935077306659, "x5": 10.614236203312421, "x6": 2.975882362565342, "x7": -2.6561443759846775, "x8": 1.3095763284400561, "x9": 1.8793704051536548}, "datetime": {"datetime": "2025-05-15 09:15:01", "elapsed": 15864.471732, "delta": 29.302352}}
{"target": 2.635160523104391, "params": {"x0": 0.814165435435971, "x1": 9.576919968785539, "x2": 3.7715994242268183, "x3": 0.905138358964928, "x4": 2.051935077306659, "x5": 10.614236203312421, "x6": 2.975882362565342, "x7": -2.6561443759846775, "x8": 1.3095763284400561, "x9": 1.8793704051536548}, "datetime": {"datetime": "2025-05-15 09:15:31", "elapsed": 15895.028727, "delta": 30.556995}}
{"target": 2.635160523104391, "params": {"x0": 0.814165435435971, "x1": 9.576919968785539, "x2": 3.7715994242268183, "x3": 0.905138358964928, "x4": 2.051935077306659, "x5": 10.614236203312421, "x6": 2.975882362565342, "x7": -2.6561443759846775, "x8": 1.3095763284400561, "x9": 1.8793704051536548}, "datetime": {"datetime": "2025-05-15 09:16:07", "elapsed": 15931.291643, "delta": 36.262916}}
{"target": 2.635160523104391, "params": {"x0": 0.814165435435971, "x1": 9.576919968785539, "x2": 3.7715994242268183, "x3": 0.905138358964928, "x4": 2.051935077306659, "x5": 10.614236203312421, "x6": 2.975882362565342, "x7": -2.6561443759846775, "x8": 1.3095763284400561, "x9": 1.8793704051536548}, "datetime": {"datetime": "2025-05-15 09:16:37", "elapsed": 15960.821692, "delta": 29.530049}}
{"target": 2.635160523104391, "params": {"x0": 0.814165435435971, "x1": 9.576919968785539, "x2": 3.7715994242268183, "x3": 0.905138358964928, "x4": 2.051935077306659, "x5": 10.614236203312421, "x6": 2.975882362565342, "x7": -2.6561443759846775, "x8": 1.3095763284400561, "x9": 1.8793704051536548}, "datetime": {"datetime": "2025-05-15 09:17:06", "elapsed": 15989.369114, "delta": 28.547422}}
{"target": 2.635160523104391, "params": {"x0": 0.814165435435971, "x1": 9.576919968785539, "x2": 3.7715994242268183, "x3": 0.905138358964928, "x4": 2.051935077306659, "x5": 10.614236203312421, "x6": 2.975882362565342, "x7": -2.6561443759846775, "x8": 1.3095763284400561, "x9": 1.8793704051536548}, "datetime": {"datetime": "2025-05-15 09:17:33", "elapsed": 16016.686702, "delta": 27.317588}}
{"target": 2.635160523104391, "params": {"x0": 0.814165435435971, "x1": 9.576919968785539, "x2": 3.7715994242268183, "x3": 0.905138358964928, "x4": 2.051935077306659, "x5": 10.614236203312421, "x6": 2.975882362565342, "x7": -2.6561443759846775, "x8": 1.3095763284400561, "x9": 1.8793704051536548}, "datetime": {"datetime": "2025-05-15 09:18:07", "elapsed": 16050.452133, "delta": 33.765431}}
{"target": 2.635160523104391, "params": {"x0": 0.814165435435971, "x1": 9.576919968785539, "x2": 3.7715994242268183, "x3": 0.905138358964928, "x4": 2.051935077306659, "x5": 10.614236203312421, "x6": 2.975882362565342, "x7": -2.6561443759846775, "x8": 1.3095763284400561, "x9": 1.8793704051536548}, "datetime": {"datetime": "2025-05-15 09:18:34", "elapsed": 16077.655609, "delta": 27.203476}}
{"target": 2.635160523104391, "params": {"x0": 0.814165435435971, "x1": 9.576919968785539, "x2": 3.7715994242268183, "x3": 0.905138358964928, "x4": 2.051935077306659, "x5": 10.614236203312421, "x6": 2.975882362565342, "x7": -2.6561443759846775, "x8": 1.3095763284400561, "x9": 1.8793704051536548}, "datetime": {"datetime": "2025-05-15 09:18:59", "elapsed": 16102.918065, "delta": 25.262456}}
{"target": 2.635160523104391, "params": {"x0": 0.814165435435971, "x1": 9.576919968785539, "x2": 3.7715994242268183, "x3": 0.905138358964928, "x4": 2.051935077306659, "x5": 10.614236203312421, "x6": 2.975882362565342, "x7": -2.6561443759846775, "x8": 1.3095763284400561, "x9": 1.8793704051536548}, "datetime": {"datetime": "2025-05-15 09:19:27", "elapsed": 16130.540971, "delta": 27.622906}}
{"target": 2.635160523104391, "params": {"x0": 0.814165435435971, "x1": 9.576919968785539, "x2": 3.7715994242268183, "x3": 0.905138358964928, "x4": 2.051935077306659, "x5": 10.614236203312421, "x6": 2.975882362565342, "x7": -2.6561443759846775, "x8": 1.3095763284400561, "x9": 1.8793704051536548}, "datetime": {"datetime": "2025-05-15 09:19:59", "elapsed": 16162.795953, "delta": 32.254982}}
{"target": 2.635160523104391, "params": {"x0": 0.814165435435971, "x1": 9.576919968785539, "x2": 3.7715994242268183, "x3": 0.905138358964928, "x4": 2.051935077306659, "x5": 10.614236203312421, "x6": 2.975882362565342, "x7": -2.6561443759846775, "x8": 1.3095763284400561, "x9": 1.8793704051536548}, "datetime": {"datetime": "2025-05-15 09:20:29", "elapsed": 16192.722354, "delta": 29.926401}}
{"target": 2.635160523104391, "params": {"x0": 0.814165435435971, "x1": 9.576919968785539, "x2": 3.7715994242268183, "x3": 0.905138358964928, "x4": 2.051935077306659, "x5": 10.614236203312421, "x6": 2.975882362565342, "x7": -2.6561443759846775, "x8": 1.3095763284400561, "x9": 1.8793704051536548}, "datetime": {"datetime": "2025-05-15 09:20:57", "elapsed": 16221.252917, "delta": 28.530563}}
{"target": 2.635160523104391, "params": {"x0": 0.814165435435971, "x1": 9.576919968785539, "x2": 3.7715994242268183, "x3": 0.905138358964928, "x4": 2.051935077306659, "x5": 10.614236203312421, "x6": 2.975882362565342, "x7": -2.6561443759846775, "x8": 1.3095763284400561, "x9": 1.8793704051536548}, "datetime": {"datetime": "2025-05-15 09:21:25", "elapsed": 16248.946482, "delta": 27.693565}}
{"target": 2.635160523104391, "params": {"x0": 0.814165435435971, "x1": 9.576919968785539, "x2": 3.7715994242268183, "x3": 0.905138358964928, "x4": 2.051935077306659, "x5": 10.614236203312421, "x6": 2.975882362565342, "x7": -2.6561443759846775, "x8": 1.3095763284400561, "x9": 1.8793704051536548}, "datetime": {"datetime": "2025-05-15 09:21:52", "elapsed": 16276.083396, "delta": 27.136914}}
{"target": 2.635160523104391, "params": {"x0": 0.814165435435971, "x1": 9.576919968785539, "x2": 3.7715994242268183, "x3": 0.905138358964928, "x4": 2.051935077306659, "x5": 10.614236203312421, "x6": 2.975882362565342, "x7": -2.6561443759846775, "x8": 1.3095763284400561, "x9": 1.8793704051536548}, "datetime": {"datetime": "2025-05-15 09:22:19", "elapsed": 16303.197895, "delta": 27.114499}}
{"target": 2.635160523104391, "params": {"x0": 0.814165435435971, "x1": 9.576919968785539, "x2": 3.7715994242268183, "x3": 0.905138358964928, "x4": 2.051935077306659, "x5": 10.614236203312421, "x6": 2.975882362565342, "x7": -2.6561443759846775, "x8": 1.3095763284400561, "x9": 1.8793704051536548}, "datetime": {"datetime": "2025-05-15 09:22:49", "elapsed": 16332.596275, "delta": 29.39838}}
{"target": 2.635160523104391, "params": {"x0": 0.814165435435971, "x1": 9.576919968785539, "x2": 3.7715994242268183, "x3": 0.905138358964928, "x4": 2.051935077306659, "x5": 10.614236203312421, "x6": 2.975882362565342, "x7": -2.6561443759846775, "x8": 1.3095763284400561, "x9": 1.8793704051536548}, "datetime": {"datetime": "2025-05-15 09:23:20", "elapsed": 16364.09358, "delta": 31.497305}}
{"target": 2.635160523104391, "params": {"x0": 0.814165435435971, "x1": 9.576919968785539, "x2": 3.7715994242268183, "x3": 0.905138358964928, "x4": 2.051935077306659, "x5": 10.614236203312421, "x6": 2.975882362565342, "x7": -2.6561443759846775, "x8": 1.3095763284400561, "x9": 1.8793704051536548}, "datetime": {"datetime": "2025-05-15 09:23:55", "elapsed": 16398.765112, "delta": 34.671532}}
{"target": 2.635160523104391, "params": {"x0": 0.814165435435971, "x1": 9.576919968785539, "x2": 3.7715994242268183, "x3": 0.905138358964928, "x4": 2.051935077306659, "x5": 10.614236203312421, "x6": 2.975882362565342, "x7": -2.6561443759846775, "x8": 1.3095763284400561, "x9": 1.8793704051536548}, "datetime": {"datetime": "2025-05-15 09:24:17", "elapsed": 16420.667954, "delta": 21.902842}}
{"target": 2.635160523104391, "params": {"x0": 0.814165435435971, "x1": 9.576919968785539, "x2": 3.7715994242268183, "x3": 0.905138358964928, "x4": 2.051935077306659, "x5": 10.614236203312421, "x6": 2.975882362565342, "x7": -2.6561443759846775, "x8": 1.3095763284400561, "x9": 1.8793704051536548}, "datetime": {"datetime": "2025-05-15 09:24:46", "elapsed": 16449.980299, "delta": 29.312345}}
{"target": 2.635160523104391, "params": {"x0": 0.814165435435971, "x1": 9.576919968785539, "x2": 3.7715994242268183, "x3": 0.905138358964928, "x4": 2.051935077306659, "x5": 10.614236203312421, "x6": 2.975882362565342, "x7": -2.6561443759846775, "x8": 1.3095763284400561, "x9": 1.8793704051536548}, "datetime": {"datetime": "2025-05-15 09:25:14", "elapsed": 16477.648982, "delta": 27.668683}}
{"target": 2.635160523104391, "params": {"x0": 0.814165435435971, "x1": 9.576919968785539, "x2": 3.7715994242268183, "x3": 0.905138358964928, "x4": 2.051935077306659, "x5": 10.614236203312421, "x6": 2.975882362565342, "x7": -2.6561443759846775, "x8": 1.3095763284400561, "x9": 1.8793704051536548}, "datetime": {"datetime": "2025-05-15 09:25:50", "elapsed": 16513.411492, "delta": 35.76251}}
{"target": 2.635160523104391, "params": {"x0": 0.814165435435971, "x1": 9.576919968785539, "x2": 3.7715994242268183, "x3": 0.905138358964928, "x4": 2.051935077306659, "x5": 10.614236203312421, "x6": 2.975882362565342, "x7": -2.6561443759846775, "x8": 1.3095763284400561, "x9": 1.8793704051536548}, "datetime": {"datetime": "2025-05-15 09:26:19", "elapsed": 16542.697986, "delta": 29.286494}}
{"target": 2.635160523104391, "params": {"x0": 0.814165435435971, "x1": 9.576919968785539, "x2": 3.7715994242268183, "x3": 0.905138358964928, "x4": 2.051935077306659, "x5": 10.614236203312421, "x6": 2.975882362565342, "x7": -2.6561443759846775, "x8": 1.3095763284400561, "x9": 1.8793704051536548}, "datetime": {"datetime": "2025-05-15 09:26:54", "elapsed": 16577.470296, "delta": 34.77231}}
{"target": 2.635160523104391, "params": {"x0": 0.814165435435971, "x1": 9.576919968785539, "x2": 3.7715994242268183, "x3": 0.905138358964928, "x4": 2.051935077306659, "x5": 10.614236203312421, "x6": 2.975882362565342, "x7": -2.6561443759846775, "x8": 1.3095763284400561, "x9": 1.8793704051536548}, "datetime": {"datetime": "2025-05-15 09:27:23", "elapsed": 16606.69332, "delta": 29.223024}}
{"target": 2.635160523104391, "params": {"x0": 0.814165435435971, "x1": 9.576919968785539, "x2": 3.7715994242268183, "x3": 0.905138358964928, "x4": 2.051935077306659, "x5": 10.614236203312421, "x6": 2.975882362565342, "x7": -2.6561443759846775, "x8": 1.3095763284400561, "x9": 1.8793704051536548}, "datetime": {"datetime": "2025-05-15 09:27:46", "elapsed": 16630.191031, "delta": 23.497711}}
{"target": 2.635160523104391, "params": {"x0": 0.814165435435971, "x1": 9.576919968785539, "x2": 3.7715994242268183, "x3": 0.905138358964928, "x4": 2.051935077306659, "x5": 10.614236203312421, "x6": 2.975882362565342, "x7": -2.6561443759846775, "x8": 1.3095763284400561, "x9": 1.8793704051536548}, "datetime": {"datetime": "2025-05-15 09:28:09", "elapsed": 16652.929372, "delta": 22.738341}}
{"target": 2.635160523104391, "params": {"x0": 0.814165435435971, "x1": 9.576919968785539, "x2": 3.7715994242268183, "x3": 0.905138358964928, "x4": 2.051935077306659, "x5": 10.614236203312421, "x6": 2.975882362565342, "x7": -2.6561443759846775, "x8": 1.3095763284400561, "x9": 1.8793704051536548}, "datetime": {"datetime": "2025-05-15 09:28:39", "elapsed": 16683.299882, "delta": 30.37051}}
