{"target": 2.635160523104391, "params": {"x0": 0.8141654354359733, "x1": 9.576919968785635, "x2": 3.771599424226636, "x3": 0.9051383589647548, "x4": 2.0519350773069642, "x5": 10.614236203311789, "x6": 2.9758823625656143, "x7": -2.656144375985166, "x8": 1.309576328440002, "x9": 1.879370405153684}, "datetime": {"datetime": "2025-05-15 05:37:48", "elapsed": 2831.659519, "delta": 10.933243}}
{"target": 2.635160523104391, "params": {"x0": 0.8141654354359695, "x1": 9.57691996878549, "x2": 3.771599424227048, "x3": 0.9051383589651795, "x4": 2.05193507730674, "x5": 10.614236203312732, "x6": 2.9758823625649393, "x7": -2.6561443759847405, "x8": 1.3095763284400765, "x9": 1.8793704051536182}, "datetime": {"datetime": "2025-05-15 05:38:00", "elapsed": 2843.584516, "delta": 11.924997}}
{"target": 2.635160523104391, "params": {"x0": 0.8141654354359792, "x1": 9.576919968785615, "x2": 3.771599424226691, "x3": 0.9051383589648072, "x4": 2.0519350773068608, "x5": 10.614236203311902, "x6": 2.9758823625650517, "x7": -2.656144375985201, "x8": 1.3095763284400574, "x9": 1.8793704051536917}, "datetime": {"datetime": "2025-05-15 05:38:10", "elapsed": 2854.277462, "delta": 10.692946}}
{"target": 2.635160523104391, "params": {"x0": 0.8141654354359712, "x1": 9.576919968785758, "x2": 3.7715994242265984, "x3": 0.9051383589651271, "x4": 2.051935077306468, "x5": 10.614236203312865, "x6": 2.9758823625651396, "x7": -2.656144375984193, "x8": 1.3095763284400788, "x9": 1.8793704051536708}, "datetime": {"datetime": "2025-05-15 05:38:21", "elapsed": 2864.71997, "delta": 10.442508}}
{"target": 2.635160523104391, "params": {"x0": 0.8141654354359704, "x1": 9.576919968785681, "x2": 3.7715994242268995, "x3": 0.9051383589648025, "x4": 2.051935077306672, "x5": 10.61423620331233, "x6": 2.9758823625650406, "x7": -2.6561443759847685, "x8": 1.3095763284400375, "x9": 1.8793704051536866}, "datetime": {"datetime": "2025-05-15 05:38:32", "elapsed": 2875.378331, "delta": 10.658361}}
{"target": 2.635160523104391, "params": {"x0": 0.8141654354359742, "x1": 9.576919968785461, "x2": 3.7715994242270066, "x3": 0.9051383589649113, "x4": 2.051935077306609, "x5": 10.614236203312517, "x6": 2.975882362565339, "x7": -2.6561443759848307, "x8": 1.3095763284400606, "x9": 1.8793704051536633}, "datetime": {"datetime": "2025-05-15 05:38:41", "elapsed": 2885.198173, "delta": 9.819842}}
{"target": 2.635160523104391, "params": {"x0": 0.8141654354359674, "x1": 9.576919968785626, "x2": 3.771599424226693, "x3": 0.9051383589650207, "x4": 2.0519350773067373, "x5": 10.614236203312284, "x6": 2.97588236256503, "x7": -2.656144375984743, "x8": 1.3095763284400785, "x9": 1.8793704051536773}, "datetime": {"datetime": "2025-05-15 05:38:51", "elapsed": 2894.695024, "delta": 9.496851}}
{"target": 2.635160523104391, "params": {"x0": 0.8141654354359661, "x1": 9.576919968785484, "x2": 3.771599424226892, "x3": 0.9051383589648205, "x4": 2.051935077306562, "x5": 10.614236203312608, "x6": 2.9758823625656516, "x7": -2.656144375984974, "x8": 1.3095763284400452, "x9": 1.8793704051536755}, "datetime": {"datetime": "2025-05-15 05:39:01", "elapsed": 2904.984416, "delta": 10.289392}}
{"target": 2.635160523104391, "params": {"x0": 0.8141654354359736, "x1": 9.576919968785628, "x2": 3.7715994242268818, "x3": 0.905138358964892, "x4": 2.0519350773066836, "x5": 10.614236203312133, "x6": 2.9758823625655926, "x7": -2.6561443759847627, "x8": 1.3095763284400441, "x9": 1.879370405153677}, "datetime": {"datetime": "2025-05-15 05:39:11", "elapsed": 2914.728094, "delta": 9.743678}}
{"target": 2.635160523104391, "params": {"x0": 0.8141654354359737, "x1": 9.57691996878565, "x2": 3.771599424226691, "x3": 0.9051383589648581, "x4": 2.0519350773066085, "x5": 10.614236203312501, "x6": 2.975882362565284, "x7": -2.6561443759848586, "x8": 1.3095763284400683, "x9": 1.8793704051536353}, "datetime": {"datetime": "2025-05-15 05:39:21", "elapsed": 2924.640764, "delta": 9.91267}}
{"target": 2.635160523104391, "params": {"x0": 0.8141654354359729, "x1": 9.576919968785624, "x2": 3.771599424226711, "x3": 0.9051383589649324, "x4": 2.0519350773066307, "x5": 10.614236203312537, "x6": 2.975882362565126, "x7": -2.656144375984714, "x8": 1.309576328440061, "x9": 1.8793704051536442}, "datetime": {"datetime": "2025-05-15 05:39:30", "elapsed": 2933.839863, "delta": 9.199099}}
{"target": 2.635160523104391, "params": {"x0": 0.8141654354359726, "x1": 9.576919968785475, "x2": 3.7715994242267468, "x3": 0.9051383589649744, "x4": 2.051935077306681, "x5": 10.614236203312245, "x6": 2.975882362565551, "x7": -2.6561443759848045, "x8": 1.3095763284400395, "x9": 1.8793704051536613}, "datetime": {"datetime": "2025-05-15 05:39:41", "elapsed": 2944.423439, "delta": 10.583576}}
{"target": 2.635160523104391, "params": {"x0": 0.8141654354359674, "x1": 9.576919968785498, "x2": 3.7715994242267312, "x3": 0.9051383589649882, "x4": 2.051935077306592, "x5": 10.614236203312304, "x6": 2.975882362565343, "x7": -2.656144375984603, "x8": 1.3095763284400574, "x9": 1.8793704051536628}, "datetime": {"datetime": "2025-05-15 05:39:51", "elapsed": 2954.569857, "delta": 10.146418}}
{"target": 2.635160523104391, "params": {"x0": 0.8141654354359731, "x1": 9.576919968785466, "x2": 3.7715994242268227, "x3": 0.9051383589648948, "x4": 2.0519350773065805, "x5": 10.614236203312386, "x6": 2.9758823625653936, "x7": -2.6561443759846024, "x8": 1.309576328440052, "x9": 1.8793704051536522}, "datetime": {"datetime": "2025-05-15 05:40:01", "elapsed": 2965.259136, "delta": 10.689279}}
{"target": 2.635160523104391, "params": {"x0": 0.814165435435969, "x1": 9.576919968785525, "x2": 3.7715994242267636, "x3": 0.9051383589649834, "x4": 2.0519350773066094, "x5": 10.614236203312363, "x6": 2.9758823625653292, "x7": -2.6561443759847236, "x8": 1.309576328440065, "x9": 1.8793704051536595}, "datetime": {"datetime": "2025-05-15 05:40:12", "elapsed": 2976.059254, "delta": 10.800118}}
{"target": 2.635160523104391, "params": {"x0": 0.8141654354359698, "x1": 9.576919968785573, "x2": 3.7715994242268467, "x3": 0.9051383589648914, "x4": 2.0519350773067058, "x5": 10.614236203312421, "x6": 2.9758823625654354, "x7": -2.6561443759845895, "x8": 1.3095763284400563, "x9": 1.8793704051536646}, "datetime": {"datetime": "2025-05-15 05:40:23", "elapsed": 2987.049158, "delta": 10.989904}}
{"target": 2.635160523104391, "params": {"x0": 0.814165435435972, "x1": 9.576919968785552, "x2": 3.7715994242268747, "x3": 0.905138358964905, "x4": 2.0519350773066143, "x5": 10.614236203312554, "x6": 2.975882362565295, "x7": -2.6561443759846988, "x8": 1.3095763284400461, "x9": 1.879370405153649}, "datetime": {"datetime": "2025-05-15 05:40:34", "elapsed": 2998.285965, "delta": 11.236807}}
{"target": 2.635160523104391, "params": {"x0": 0.81416543543597, "x1": 9.57691996878557, "x2": 3.7715994242268187, "x3": 0.9051383589649493, "x4": 2.051935077306706, "x5": 10.614236203312457, "x6": 2.975882362565302, "x7": -2.6561443759846637, "x8": 1.3095763284400488, "x9": 1.8793704051536602}, "datetime": {"datetime": "2025-05-15 05:40:45", "elapsed": 3009.059299, "delta": 10.773334}}
{"target": 2.635160523104391, "params": {"x0": 0.8141654354359695, "x1": 9.576919968785527, "x2": 3.7715994242267916, "x3": 0.9051383589648994, "x4": 2.0519350773066254, "x5": 10.614236203312323, "x6": 2.975882362565332, "x7": -2.6561443759845824, "x8": 1.3095763284400546, "x9": 1.8793704051536573}, "datetime": {"datetime": "2025-05-15 05:40:58", "elapsed": 3021.548155, "delta": 12.488856}}
{"target": 2.635160523104391, "params": {"x0": 0.8141654354359712, "x1": 9.576919968785539, "x2": 3.771599424226842, "x3": 0.9051383589649334, "x4": 2.051935077306641, "x5": 10.614236203312377, "x6": 2.9758823625653474, "x7": -2.656144375984757, "x8": 1.30957632844006, "x9": 1.8793704051536533}, "datetime": {"datetime": "2025-05-15 05:41:08", "elapsed": 3031.490946, "delta": 9.942791}}
{"target": 2.635160523104391, "params": {"x0": 0.8141654354359694, "x1": 9.576919968785566, "x2": 3.771599424226798, "x3": 0.9051383589649084, "x4": 2.0519350773066782, "x5": 10.614236203312368, "x6": 2.9758823625652653, "x7": -2.656144375984746, "x8": 1.3095763284400521, "x9": 1.87937040515365}, "datetime": {"datetime": "2025-05-15 05:41:18", "elapsed": 3041.484228, "delta": 9.993282}}
{"target": 2.635160523104391, "params": {"x0": 0.8141654354359719, "x1": 9.57691996878555, "x2": 3.7715994242268223, "x3": 0.9051383589649606, "x4": 2.0519350773066862, "x5": 10.614236203312494, "x6": 2.975882362565275, "x7": -2.6561443759846326, "x8": 1.3095763284400548, "x9": 1.8793704051536533}, "datetime": {"datetime": "2025-05-15 05:41:29", "elapsed": 3052.328199, "delta": 10.843971}}
{"target": 2.635160523104391, "params": {"x0": 0.8141654354359703, "x1": 9.576919968785518, "x2": 3.771599424226787, "x3": 0.905138358964909, "x4": 2.051935077306651, "x5": 10.614236203312453, "x6": 2.975882362565308, "x7": -2.656144375984624, "x8": 1.3095763284400554, "x9": 1.879370405153655}, "datetime": {"datetime": "2025-05-15 05:41:40", "elapsed": 3063.592282, "delta": 11.264083}}
{"target": 2.635160523104391, "params": {"x0": 0.8141654354359704, "x1": 9.576919968785534, "x2": 3.7715994242268045, "x3": 0.9051383589649233, "x4": 2.051935077306645, "x5": 10.614236203312375, "x6": 2.9758823625653834, "x7": -2.656144375984687, "x8": 1.3095763284400543, "x9": 1.8793704051536535}, "datetime": {"datetime": "2025-05-15 05:41:50", "elapsed": 3073.974129, "delta": 10.381847}}
{"target": 2.635160523104391, "params": {"x0": 0.8141654354359706, "x1": 9.576919968785546, "x2": 3.7715994242267947, "x3": 0.9051383589649263, "x4": 2.0519350773066853, "x5": 10.614236203312444, "x6": 2.975882362565331, "x7": -2.656144375984701, "x8": 1.3095763284400563, "x9": 1.8793704051536584}, "datetime": {"datetime": "2025-05-15 05:42:02", "elapsed": 3085.586951, "delta": 11.612822}}
{"target": 2.635160523104391, "params": {"x0": 0.8141654354359718, "x1": 9.576919968785527, "x2": 3.771599424226826, "x3": 0.9051383589649125, "x4": 2.0519350773066396, "x5": 10.614236203312412, "x6": 2.9758823625653523, "x7": -2.656144375984642, "x8": 1.3095763284400543, "x9": 1.8793704051536568}, "datetime": {"datetime": "2025-05-15 05:42:12", "elapsed": 3095.596428, "delta": 10.009477}}
{"target": 2.635160523104391, "params": {"x0": 0.8141654354359709, "x1": 9.576919968785553, "x2": 3.7715994242268134, "x3": 0.9051383589649159, "x4": 2.051935077306673, "x5": 10.614236203312377, "x6": 2.9758823625653443, "x7": -2.656144375984713, "x8": 1.3095763284400568, "x9": 1.879370405153655}, "datetime": {"datetime": "2025-05-15 05:42:23", "elapsed": 3106.830948, "delta": 11.23452}}
{"target": 2.635160523104391, "params": {"x0": 0.8141654354359714, "x1": 9.576919968785534, "x2": 3.7715994242268005, "x3": 0.9051383589649271, "x4": 2.0519350773066782, "x5": 10.614236203312378, "x6": 2.9758823625653283, "x7": -2.6561443759846965, "x8": 1.309576328440058, "x9": 1.8793704051536568}, "datetime": {"datetime": "2025-05-15 05:42:33", "elapsed": 3116.777064, "delta": 9.946116}}
{"target": 2.635160523104391, "params": {"x0": 0.8141654354359703, "x1": 9.576919968785553, "x2": 3.7715994242268245, "x3": 0.9051383589649158, "x4": 2.05193507730666, "x5": 10.6142362033124, "x6": 2.9758823625653488, "x7": -2.6561443759846575, "x8": 1.3095763284400568, "x9": 1.8793704051536533}, "datetime": {"datetime": "2025-05-15 05:42:43", "elapsed": 3126.565748, "delta": 9.788684}}
{"target": 2.635160523104391, "params": {"x0": 0.8141654354359713, "x1": 9.576919968785534, "x2": 3.7715994242268067, "x3": 0.9051383589649185, "x4": 2.051935077306674, "x5": 10.614236203312409, "x6": 2.975882362565333, "x7": -2.656144375984702, "x8": 1.309576328440054, "x9": 1.8793704051536533}, "datetime": {"datetime": "2025-05-15 05:42:53", "elapsed": 3136.543265, "delta": 9.977517}}
{"target": 2.635160523104391, "params": {"x0": 0.8141654354359714, "x1": 9.57691996878554, "x2": 3.7715994242268125, "x3": 0.9051383589649388, "x4": 2.0519350773066685, "x5": 10.614236203312432, "x6": 2.975882362565314, "x7": -2.656144375984678, "x8": 1.3095763284400566, "x9": 1.8793704051536526}, "datetime": {"datetime": "2025-05-15 05:43:04", "elapsed": 3148.013202, "delta": 11.469937}}
{"target": 2.635160523104391, "params": {"x0": 0.8141654354359711, "x1": 9.576919968785528, "x2": 3.771599424226822, "x3": 0.9051383589649191, "x4": 2.0519350773066507, "x5": 10.614236203312418, "x6": 2.9758823625653354, "x7": -2.6561443759846783, "x8": 1.309576328440055, "x9": 1.8793704051536535}, "datetime": {"datetime": "2025-05-15 05:43:14", "elapsed": 3157.50469, "delta": 9.491488}}
{"target": 2.635160523104391, "params": {"x0": 0.8141654354359714, "x1": 9.57691996878553, "x2": 3.771599424226823, "x3": 0.9051383589649309, "x4": 2.0519350773066654, "x5": 10.614236203312446, "x6": 2.9758823625653603, "x7": -2.6561443759846983, "x8": 1.3095763284400566, "x9": 1.8793704051536562}, "datetime": {"datetime": "2025-05-15 05:43:25", "elapsed": 3168.631167, "delta": 11.126477}}
{"target": 2.635160523104391, "params": {"x0": 0.814165435435971, "x1": 9.576919968785537, "x2": 3.7715994242268236, "x3": 0.9051383589649304, "x4": 2.0519350773066614, "x5": 10.614236203312421, "x6": 2.975882362565324, "x7": -2.6561443759846917, "x8": 1.3095763284400572, "x9": 1.8793704051536557}, "datetime": {"datetime": "2025-05-15 05:43:36", "elapsed": 3179.369356, "delta": 10.738189}}
{"target": 2.635160523104391, "params": {"x0": 0.8141654354359711, "x1": 9.576919968785532, "x2": 3.7715994242268094, "x3": 0.9051383589649342, "x4": 2.051935077306665, "x5": 10.61423620331242, "x6": 2.9758823625653497, "x7": -2.6561443759846632, "x8": 1.3095763284400574, "x9": 1.879370405153656}, "datetime": {"datetime": "2025-05-15 05:43:46", "elapsed": 3189.635162, "delta": 10.265806}}
{"target": 2.635160523104391, "params": {"x0": 0.8141654354359712, "x1": 9.576919968785537, "x2": 3.771599424226821, "x3": 0.9051383589649282, "x4": 2.0519350773066556, "x5": 10.614236203312407, "x6": 2.9758823625653568, "x7": -2.6561443759846672, "x8": 1.3095763284400572, "x9": 1.8793704051536553}, "datetime": {"datetime": "2025-05-15 05:43:54", "elapsed": 3198.233601, "delta": 8.598439}}
{"target": 2.635160523104391, "params": {"x0": 0.8141654354359712, "x1": 9.576919968785534, "x2": 3.771599424226822, "x3": 0.9051383589649309, "x4": 2.051935077306656, "x5": 10.614236203312432, "x6": 2.9758823625653488, "x7": -2.6561443759846672, "x8": 1.3095763284400561, "x9": 1.8793704051536548}, "datetime": {"datetime": "2025-05-15 05:44:06", "elapsed": 3210.152999, "delta": 11.919398}}
{"target": 2.635160523104391, "params": {"x0": 0.8141654354359712, "x1": 9.576919968785534, "x2": 3.771599424226817, "x3": 0.9051383589649312, "x4": 2.0519350773066627, "x5": 10.61423620331241, "x6": 2.975882362565346, "x7": -2.65614437598468, "x8": 1.3095763284400563, "x9": 1.8793704051536557}, "datetime": {"datetime": "2025-05-15 05:44:18", "elapsed": 3221.755445, "delta": 11.602446}}
{"target": 2.635160523104391, "params": {"x0": 0.8141654354359711, "x1": 9.576919968785543, "x2": 3.771599424226813, "x3": 0.905138358964929, "x4": 2.051935077306654, "x5": 10.61423620331243, "x6": 2.9758823625653354, "x7": -2.6561443759846766, "x8": 1.309576328440055, "x9": 1.8793704051536548}, "datetime": {"datetime": "2025-05-15 05:44:28", "elapsed": 3231.751196, "delta": 9.995751}}
{"target": 2.635160523104391, "params": {"x0": 0.8141654354359709, "x1": 9.576919968785534, "x2": 3.7715994242268156, "x3": 0.9051383589649331, "x4": 2.051935077306663, "x5": 10.614236203312421, "x6": 2.9758823625653426, "x7": -2.6561443759846846, "x8": 1.3095763284400561, "x9": 1.8793704051536546}, "datetime": {"datetime": "2025-05-15 05:44:40", "elapsed": 3243.406613, "delta": 11.655417}}
{"target": 2.635160523104391, "params": {"x0": 0.8141654354359709, "x1": 9.576919968785543, "x2": 3.7715994242268174, "x3": 0.90513835896493, "x4": 2.051935077306659, "x5": 10.614236203312421, "x6": 2.9758823625653497, "x7": -2.656144375984683, "x8": 1.3095763284400566, "x9": 1.8793704051536548}, "datetime": {"datetime": "2025-05-15 05:44:49", "elapsed": 3252.802329, "delta": 9.395716}}
{"target": 2.635160523104391, "params": {"x0": 0.8141654354359709, "x1": 9.576919968785537, "x2": 3.77159942422682, "x3": 0.9051383589649251, "x4": 2.0519350773066614, "x5": 10.614236203312418, "x6": 2.975882362565337, "x7": -2.6561443759846837, "x8": 1.3095763284400557, "x9": 1.8793704051536548}, "datetime": {"datetime": "2025-05-15 05:45:01", "elapsed": 3265.029911, "delta": 12.227582}}
{"target": 2.635160523104391, "params": {"x0": 0.814165435435971, "x1": 9.57691996878554, "x2": 3.771599424226815, "x3": 0.9051383589649316, "x4": 2.0519350773066556, "x5": 10.61423620331242, "x6": 2.9758823625653403, "x7": -2.6561443759846712, "x8": 1.3095763284400566, "x9": 1.8793704051536548}, "datetime": {"datetime": "2025-05-15 05:45:12", "elapsed": 3275.570222, "delta": 10.540311}}
{"target": 2.635160523104391, "params": {"x0": 0.814165435435971, "x1": 9.576919968785537, "x2": 3.771599424226815, "x3": 0.9051383589649284, "x4": 2.0519350773066596, "x5": 10.614236203312423, "x6": 2.9758823625653354, "x7": -2.6561443759846846, "x8": 1.3095763284400566, "x9": 1.8793704051536544}, "datetime": {"datetime": "2025-05-15 05:45:22", "elapsed": 3285.534805, "delta": 9.964583}}
{"target": 2.635160523104391, "params": {"x0": 0.8141654354359709, "x1": 9.576919968785537, "x2": 3.7715994242268174, "x3": 0.9051383589649291, "x4": 2.051935077306659, "x5": 10.614236203312418, "x6": 2.9758823625653434, "x7": -2.6561443759846712, "x8": 1.3095763284400566, "x9": 1.8793704051536548}, "datetime": {"datetime": "2025-05-15 05:45:32", "elapsed": 3295.829687, "delta": 10.294882}}
{"target": 2.635160523104391, "params": {"x0": 0.814165435435971, "x1": 9.576919968785537, "x2": 3.7715994242268156, "x3": 0.9051383589649264, "x4": 2.051935077306658, "x5": 10.614236203312416, "x6": 2.9758823625653394, "x7": -2.6561443759846726, "x8": 1.3095763284400566, "x9": 1.879370405153655}, "datetime": {"datetime": "2025-05-15 05:45:43", "elapsed": 3306.719656, "delta": 10.889969}}
{"target": 2.635160523104391, "params": {"x0": 0.814165435435971, "x1": 9.576919968785539, "x2": 3.771599424226819, "x3": 0.9051383589649253, "x4": 2.051935077306657, "x5": 10.614236203312425, "x6": 2.9758823625653408, "x7": -2.6561443759846757, "x8": 1.3095763284400561, "x9": 1.879370405153655}, "datetime": {"datetime": "2025-05-15 05:45:54", "elapsed": 3317.501735, "delta": 10.782079}}
{"target": 2.635160523104391, "params": {"x0": 0.814165435435971, "x1": 9.576919968785539, "x2": 3.7715994242268205, "x3": 0.9051383589649263, "x4": 2.0519350773066605, "x5": 10.614236203312418, "x6": 2.97588236256534, "x7": -2.656144375984679, "x8": 1.3095763284400563, "x9": 1.8793704051536548}, "datetime": {"datetime": "2025-05-15 05:46:06", "elapsed": 3330.297372, "delta": 12.795637}}
{"target": 2.635160523104391, "params": {"x0": 0.8141654354359711, "x1": 9.576919968785539, "x2": 3.7715994242268187, "x3": 0.9051383589649281, "x4": 2.0519350773066583, "x5": 10.614236203312425, "x6": 2.975882362565338, "x7": -2.656144375984681, "x8": 1.3095763284400563, "x9": 1.8793704051536548}, "datetime": {"datetime": "2025-05-15 05:46:18", "elapsed": 3342.025132, "delta": 11.72776}}
{"target": 2.635160523104391, "params": {"x0": 0.814165435435971, "x1": 9.57691996878554, "x2": 3.7715994242268187, "x3": 0.9051383589649277, "x4": 2.051935077306658, "x5": 10.614236203312423, "x6": 2.9758823625653403, "x7": -2.6561443759846806, "x8": 1.3095763284400561, "x9": 1.8793704051536548}, "datetime": {"datetime": "2025-05-15 05:46:28", "elapsed": 3351.66923, "delta": 9.644098}}
{"target": 2.635160523104391, "params": {"x0": 0.8141654354359711, "x1": 9.576919968785539, "x2": 3.7715994242268183, "x3": 0.9051383589649272, "x4": 2.0519350773066574, "x5": 10.614236203312421, "x6": 2.9758823625653426, "x7": -2.6561443759846783, "x8": 1.3095763284400561, "x9": 1.8793704051536548}, "datetime": {"datetime": "2025-05-15 05:46:38", "elapsed": 3361.390514, "delta": 9.721284}}
{"target": 2.635160523104391, "params": {"x0": 0.8141654354359709, "x1": 9.576919968785539, "x2": 3.771599424226817, "x3": 0.9051383589649296, "x4": 2.0519350773066583, "x5": 10.614236203312423, "x6": 2.975882362565345, "x7": -2.6561443759846752, "x8": 1.309576328440056, "x9": 1.8793704051536548}, "datetime": {"datetime": "2025-05-15 05:46:48", "elapsed": 3371.560514, "delta": 10.17}}
{"target": 2.635160523104391, "params": {"x0": 0.814165435435971, "x1": 9.576919968785537, "x2": 3.771599424226817, "x3": 0.9051383589649291, "x4": 2.051935077306659, "x5": 10.61423620331242, "x6": 2.9758823625653403, "x7": -2.6561443759846797, "x8": 1.3095763284400563, "x9": 1.8793704051536548}, "datetime": {"datetime": "2025-05-15 05:46:57", "elapsed": 3381.325439, "delta": 9.764925}}
{"target": 2.635160523104391, "params": {"x0": 0.814165435435971, "x1": 9.576919968785539, "x2": 3.7715994242268174, "x3": 0.9051383589649291, "x4": 2.051935077306658, "x5": 10.61423620331242, "x6": 2.9758823625653443, "x7": -2.6561443759846797, "x8": 1.309576328440056, "x9": 1.879370405153655}, "datetime": {"datetime": "2025-05-15 05:47:08", "elapsed": 3391.384085, "delta": 10.058646}}
{"target": 2.635160523104391, "params": {"x0": 0.814165435435971, "x1": 9.576919968785537, "x2": 3.7715994242268187, "x3": 0.9051383589649276, "x4": 2.051935077306659, "x5": 10.614236203312421, "x6": 2.9758823625653403, "x7": -2.656144375984679, "x8": 1.309576328440056, "x9": 1.879370405153655}, "datetime": {"datetime": "2025-05-15 05:47:18", "elapsed": 3401.361119, "delta": 9.977034}}
{"target": 2.635160523104391, "params": {"x0": 0.814165435435971, "x1": 9.576919968785537, "x2": 3.7715994242268183, "x3": 0.9051383589649289, "x4": 2.0519350773066583, "x5": 10.614236203312423, "x6": 2.9758823625653426, "x7": -2.6561443759846797, "x8": 1.3095763284400561, "x9": 1.8793704051536546}, "datetime": {"datetime": "2025-05-15 05:47:29", "elapsed": 3412.809379, "delta": 11.44826}}
