{"target": 2.3709928555257185, "params": {"x0": 0.81438736293977, "x1": 9.575554931282818, "x2": 3.772932808497758, "x3": 0.9048390237555378, "x4": 2.0544216840827367, "x5": 10.616634333661459, "x6": 2.9748230659378003, "x7": -2.656302300923547, "x8": 1.3106105115359887, "x9": 1.8784531180399957}, "datetime": {"datetime": "2025-05-15 05:05:03", "elapsed": 867.160408, "delta": 7.929808}}
{"target": 2.635160523104391, "params": {"x0": 0.8140806283741228, "x1": 9.57897041708111, "x2": 3.7762793369228334, "x3": 0.9077909467981586, "x4": 2.0541713386667966, "x5": 10.616726462714341, "x6": 2.9735469126927327, "x7": -2.6577548308373125, "x8": 1.3095563266787844, "x9": 1.8795875594760263}, "datetime": {"datetime": "2025-05-15 05:05:11", "elapsed": 874.793256, "delta": 7.632848}}
{"target": 0.3785861526249543, "params": {"x0": 0.814213750784283, "x1": 9.577192499102676, "x2": 3.7673083592928838, "x3": 0.9098527366606177, "x4": 2.050869929310216, "x5": 10.618135322434018, "x6": 2.9703876585145688, "x7": -2.655060333725675, "x8": 1.3091666028378837, "x9": 1.8788131930029195}, "datetime": {"datetime": "2025-05-15 05:05:18", "elapsed": 882.169849, "delta": 7.376593}}
{"target": 2.088386235602223, "params": {"x0": 0.8143272205862404, "x1": 9.580104763410977, "x2": 3.77346883576963, "x3": 0.904530172439429, "x4": 2.052833172039697, "x5": 10.615358358276215, "x6": 2.9762186818360488, "x7": -2.6577764567498123, "x8": 1.310330247916991, "x9": 1.8787017028477973}, "datetime": {"datetime": "2025-05-15 05:05:26", "elapsed": 890.293024, "delta": 8.123175}}
{"target": 2.088386235602223, "params": {"x0": 0.8143103317378632, "x1": 9.580286007498916, "x2": 3.773533513033144, "x3": 0.904231782994794, "x4": 2.052871774801941, "x5": 10.615464935755268, "x6": 2.976327395890747, "x7": -2.657753826665396, "x8": 1.310253092522127, "x9": 1.8787700659524187}, "datetime": {"datetime": "2025-05-15 05:05:34", "elapsed": 897.971549, "delta": 7.678525}}
{"target": 0.03171957844016694, "params": {"x0": 0.8141188877452159, "x1": 9.577597699566262, "x2": 3.7709340776076927, "x3": 0.9025769858567951, "x4": 2.0537509570939427, "x5": 10.608410084596082, "x6": 2.9758778586670984, "x7": -2.653803831377584, "x8": 1.3094310534806188, "x9": 1.8788790142527647}, "datetime": {"datetime": "2025-05-15 05:05:42", "elapsed": 905.763856, "delta": 7.792307}}
{"target": 2.635160523104391, "params": {"x0": 0.8140474940614245, "x1": 9.577263901127205, "x2": 3.7747397890867576, "x3": 0.9081989388197583, "x4": 2.055136443318246, "x5": 10.615722862413936, "x6": 2.972694795346517, "x7": -2.654126233686946, "x8": 1.3090267211413706, "x9": 1.8788829211726847}, "datetime": {"datetime": "2025-05-15 05:05:50", "elapsed": 914.013755, "delta": 8.249899}}
{"target": 2.635160523104391, "params": {"x0": 0.8140592881988792, "x1": 9.57696586560604, "x2": 3.7744257526007634, "x3": 0.906151588796737, "x4": 2.0505577461501843, "x5": 10.616312110152066, "x6": 2.9742492790561967, "x7": -2.6552773601220028, "x8": 1.3090816818712392, "x9": 1.8789316695707816}, "datetime": {"datetime": "2025-05-15 05:05:58", "elapsed": 922.021535, "delta": 8.00778}}
{"target": 0.3785861526249543, "params": {"x0": 0.8141376904226247, "x1": 9.57460282668953, "x2": 3.7699589788576233, "x3": 0.903294538024214, "x4": 2.0543073583802953, "x5": 10.611316476924964, "x6": 2.9745037014936924, "x7": -2.65424023036494, "x8": 1.3096605383674136, "x9": 1.8794695129763699}, "datetime": {"datetime": "2025-05-15 05:06:06", "elapsed": 929.582689, "delta": 7.561154}}
{"target": 0.03171957844016694, "params": {"x0": 0.8141278283487207, "x1": 9.575246502905953, "x2": 3.7733127100699324, "x3": 0.9031099688818054, "x4": 2.0524831475645313, "x5": 10.609481274460123, "x6": 2.9716212918558624, "x7": -2.658074913866012, "x8": 1.3095054856606214, "x9": 1.8793000269658413}, "datetime": {"datetime": "2025-05-15 05:06:14", "elapsed": 937.358206, "delta": 7.775517}}
{"target": 2.635160523104391, "params": {"x0": 0.8140880541001311, "x1": 9.576959844027959, "x2": 3.7717725670068614, "x3": 0.9041012769979655, "x4": 2.05050144670626, "x5": 10.617403812342564, "x6": 2.977936411305979, "x7": -2.656176404736637, "x8": 1.3099369257887237, "x9": 1.8790505669137403}, "datetime": {"datetime": "2025-05-15 05:06:21", "elapsed": 945.175687, "delta": 7.817481}}
{"target": 2.635160523104391, "params": {"x0": 0.8142044943503889, "x1": 9.575826812206602, "x2": 3.771513866362894, "x3": 0.9038638122041902, "x4": 2.0524336845089914, "x5": 10.613704083263793, "x6": 2.9728753712097333, "x7": -2.6583105124049, "x8": 1.309564996593109, "x9": 1.8792678842066808}, "datetime": {"datetime": "2025-05-15 05:06:29", "elapsed": 952.977141, "delta": 7.801454}}
{"target": 2.635160523104391, "params": {"x0": 0.8141027565539406, "x1": 9.5765965055857, "x2": 3.7709983014033783, "x3": 0.9034705322126264, "x4": 2.050233740152095, "x5": 10.616614873110317, "x6": 2.974363806076885, "x7": -2.6590332835544683, "x8": 1.3092842445876354, "x9": 1.8791113361793241}, "datetime": {"datetime": "2025-05-15 05:06:37", "elapsed": 961.08076, "delta": 8.103619}}
{"target": 2.635160523104391, "params": {"x0": 0.8141090244421437, "x1": 9.576388978399994, "x2": 3.7727214332833596, "x3": 0.9066394030419994, "x4": 2.0522490243868257, "x5": 10.615997325894604, "x6": 2.9728515263918887, "x7": -2.659210075661762, "x8": 1.3093134529728774, "x9": 1.8796035672305524}, "datetime": {"datetime": "2025-05-15 05:06:45", "elapsed": 969.18769, "delta": 8.10693}}
{"target": 2.635160523104391, "params": {"x0": 0.8141146655415264, "x1": 9.576168434924675, "x2": 3.770247600127178, "x3": 0.9037874192955637, "x4": 2.053313160401856, "x5": 10.615661114231619, "x6": 2.9769543576008206, "x7": -2.6589035056940538, "x8": 1.3093397405195952, "x9": 1.879160559284447}, "datetime": {"datetime": "2025-05-15 05:06:54", "elapsed": 977.540897, "delta": 8.353207}}
{"target": 2.635160523104391, "params": {"x0": 0.8141197425309709, "x1": 9.578051771036415, "x2": 3.7703827825371423, "x3": 0.9039225132625002, "x4": 2.053175352092336, "x5": 10.616438491676375, "x6": 2.973427385264845, "x7": -2.657877098781905, "x8": 1.3093633993116414, "x9": 1.879559266435942}, "datetime": {"datetime": "2025-05-15 05:07:02", "elapsed": 985.595775, "delta": 8.054878}}
{"target": 2.635160523104391, "params": {"x0": 0.8141243118214708, "x1": 9.57590134675975, "x2": 3.7705044467061097, "x3": 0.9062326200971131, "x4": 2.0508188299995496, "x5": 10.61485885088103, "x6": 2.975299073600258, "x7": -2.6583792710492724, "x8": 1.3097679646556293, "x9": 1.8792004299995964}, "datetime": {"datetime": "2025-05-15 05:07:10", "elapsed": 993.69691, "delta": 8.101135}}
{"target": 2.635160523104391, "params": {"x0": 0.8141284241829209, "x1": 9.576003208962328, "x2": 3.772584903995456, "x3": 0.9041535239459614, "x4": 2.0509304547302607, "x5": 10.615073418449857, "x6": 2.9762506746466597, "x7": -2.658155781542813, "x8": 1.3094038558460401, "x9": 1.8795233827923075}, "datetime": {"datetime": "2025-05-15 05:07:18", "elapsed": 1001.864421, "delta": 8.167511}}
{"target": 2.635160523104391, "params": {"x0": 0.8141485590071315, "x1": 9.576726419079746, "x2": 3.7713673397021497, "x3": 0.9057259931813556, "x4": 2.0513740586623057, "x5": 10.613816866487785, "x6": 2.9761739782261043, "x7": -2.655331838603858, "x8": 1.309706806787671, "x9": 1.879248314811452}, "datetime": {"datetime": "2025-05-15 05:07:26", "elapsed": 1009.472379, "delta": 7.607958}}
{"target": 2.635160523104391, "params": {"x0": 0.8141354563210004, "x1": 9.576177393328738, "x2": 3.770801185614222, "x3": 0.905936075330291, "x4": 2.0511213330197764, "x5": 10.615970514244145, "x6": 2.9774930731721985, "x7": -2.654754902297863, "x8": 1.3094366256389032, "x9": 1.8792464932663462}, "datetime": {"datetime": "2025-05-15 05:07:34", "elapsed": 1017.759968, "delta": 8.287589}}
{"target": 2.635160523104391, "params": {"x0": 0.8141384542324974, "x1": 9.576251650874418, "x2": 3.7708810094754814, "x3": 0.9044204142361013, "x4": 2.0512027074484647, "x5": 10.615797083150971, "x6": 2.9744327230191714, "x7": -2.6562191469913956, "x8": 1.3097020609610937, "x9": 1.879258884455077}, "datetime": {"datetime": "2025-05-15 05:07:42", "elapsed": 1025.825554, "delta": 8.065586}}
{"target": 2.635160523104391, "params": {"x0": 0.8141411523528448, "x1": 9.577521454905547, "x2": 3.770952850950615, "x3": 0.905784509220872, "x4": 2.051275944434284, "x5": 10.615640995167118, "x6": 2.9771870381568957, "x7": -2.6573299105514914, "x8": 1.3094631691711223, "x9": 1.8794707737823748}, "datetime": {"datetime": "2025-05-15 05:07:50", "elapsed": 1033.743863, "delta": 7.918309}}
{"target": 2.635160523104391, "params": {"x0": 0.8141435806611574, "x1": 9.576378631277532, "x2": 3.7710175082782356, "x3": 0.9045568237345785, "x4": 2.0513418577215217, "x5": 10.613437459927457, "x6": 2.9770565705977403, "x7": -2.6573320908527007, "x8": 1.3096781717820967, "x9": 1.8792800733878068}, "datetime": {"datetime": "2025-05-15 05:07:58", "elapsed": 1041.860521, "delta": 8.116658}}
{"target": 2.635160523104391, "params": {"x0": 0.8141457661386388, "x1": 9.577407172542745, "x2": 3.7721231485805427, "x3": 0.9046149772576134, "x4": 2.0514011796800355, "x5": 10.615374084714725, "x6": 2.9769391497945006, "x7": -2.6550754326034562, "x8": 1.3096679874478925, "x9": 1.879451703742918}, "datetime": {"datetime": "2025-05-15 05:08:06", "elapsed": 1050.180517, "delta": 8.319996}}
{"target": 2.635160523104391, "params": {"x0": 0.814147733068372, "x1": 9.577358452167026, "x2": 3.7711280723084664, "x3": 0.9046673154283449, "x4": 2.0514545694426976, "x5": 10.614431972986972, "x6": 2.9749312540590998, "x7": -2.6571064250277763, "x8": 1.3094938353330032, "x9": 1.879297236423318}, "datetime": {"datetime": "2025-05-15 05:08:15", "elapsed": 1058.562958, "delta": 8.382441}}
{"target": 2.635160523104391, "params": {"x0": 0.814160555635663, "x1": 9.576608813653097, "x2": 3.7713161519658636, "x3": 0.9055588872720162, "x4": 2.0516234421047166, "x5": 10.6133901219687, "x6": 2.975773240260287, "x7": -2.65605199956784, "x8": 1.309627455626991, "x9": 1.8794207460179018}, "datetime": {"datetime": "2025-05-15 05:08:22", "elapsed": 1066.059896, "delta": 7.496938}}
{"target": 2.635160523104391, "params": {"x0": 0.8141510965182158, "x1": 9.576564797246535, "x2": 3.7719812192806836, "x3": 0.9055199042295604, "x4": 2.0515458659368506, "x5": 10.6150657188547, "x6": 2.9751119646752855, "x7": -2.6569236357095876, "x8": 1.309643147856769, "x9": 1.8794296718252277}, "datetime": {"datetime": "2025-05-15 05:08:30", "elapsed": 1074.159607, "delta": 8.099711}}
{"target": 2.635160523104391, "params": {"x0": 0.8141664975442708, "x1": 9.576964253003451, "x2": 3.7716754498585052, "x3": 0.905085572366903, "x4": 2.051978696026806, "x5": 10.614250106950745, "x6": 2.975957959444597, "x7": -2.6561265530357483, "x8": 1.3095892439445107, "x9": 1.879373707148339}, "datetime": {"datetime": "2025-05-15 05:08:38", "elapsed": 1081.676286, "delta": 7.516679}}
{"target": 2.635160523104391, "params": {"x0": 0.8141538209125893, "x1": 9.577207657732131, "x2": 3.771908678220449, "x3": 0.9054474106292802, "x4": 2.051619816097114, "x5": 10.613564295723174, "x6": 2.976506384856288, "x7": -2.656775576361855, "x8": 1.3095222047125188, "x9": 1.8793223991496808}, "datetime": {"datetime": "2025-05-15 05:08:46", "elapsed": 1089.875804, "delta": 8.199518}}
{"target": 2.635160523104391, "params": {"x0": 0.8141549823649274, "x1": 9.576661048733605, "x2": 3.7713210956325507, "x3": 0.904860212467011, "x4": 2.0516513422180687, "x5": 10.614840920142743, "x6": 2.976443982627193, "x7": -2.656712456324137, "x8": 1.3096250397948397, "x9": 1.8794136105572314}, "datetime": {"datetime": "2025-05-15 05:08:54", "elapsed": 1097.866196, "delta": 7.990392}}
{"target": 2.635160523104391, "params": {"x0": 0.8141644016398791, "x1": 9.576929811108846, "x2": 3.771762860585061, "x3": 0.9051095596545549, "x4": 2.0519925127134435, "x5": 10.614214852353342, "x6": 2.975983381493743, "x7": -2.6561933747537476, "x8": 1.309583977206893, "x9": 1.8793726829493687}, "datetime": {"datetime": "2025-05-15 05:09:02", "elapsed": 1105.394768, "delta": 7.528572}}
{"target": 2.635160523104391, "params": {"x0": 0.8141569684484258, "x1": 9.577129694027605, "x2": 3.7713739780654616, "x3": 0.9053636576282408, "x4": 2.0521649027284177, "x5": 10.61374638267986, "x6": 2.9763372748154415, "x7": -2.6566045210596396, "x8": 1.3096157846374308, "x9": 1.879405401530552}, "datetime": {"datetime": "2025-05-15 05:09:10", "elapsed": 1113.734955, "delta": 8.340187}}
{"target": 2.635160523104391, "params": {"x0": 0.8141730557247617, "x1": 9.57673121606768, "x2": 3.771802325772039, "x3": 0.9049355901679466, "x4": 2.0517282344270766, "x5": 10.613795364743117, "x6": 2.9762917835904315, "x7": -2.6557302454172116, "x8": 1.3095408178624188, "x9": 1.8794019018928623}, "datetime": {"datetime": "2025-05-15 05:09:18", "elapsed": 1121.653674, "delta": 7.918719}}
{"target": 2.635160523104391, "params": {"x0": 0.8141722936958826, "x1": 9.576750091339465, "x2": 3.7717820356175173, "x3": 0.9053208508822114, "x4": 2.052121235898283, "x5": 10.614632958024796, "x6": 2.9762508414879227, "x7": -2.655771658473958, "x8": 1.3095443689201827, "x9": 1.8793987522189415}, "datetime": {"datetime": "2025-05-15 05:09:26", "elapsed": 1129.602584, "delta": 7.94891}}
{"target": 2.635160523104391, "params": {"x0": 0.8141716078698915, "x1": 9.577072858487005, "x2": 3.7717637744784476, "x3": 0.905302601690483, "x4": 2.0517675345741972, "x5": 10.613879124071284, "x6": 2.97555073153502, "x7": -2.65580893022503, "x8": 1.30954756487217, "x9": 1.8793959175124129}, "datetime": {"datetime": "2025-05-15 05:09:34", "elapsed": 1137.528923, "delta": 7.926339}}
{"target": 2.635160523104391, "params": {"x0": 0.8141709906264994, "x1": 9.577057569516858, "x2": 3.7717473394532846, "x3": 0.9052861774179275, "x4": 2.0517842888474433, "x5": 10.614288739739907, "x6": 2.9761808304926323, "x7": -2.655940336940562, "x8": 1.3095504412289585, "x9": 1.879393366276537}, "datetime": {"datetime": "2025-05-15 05:09:42", "elapsed": 1145.783817, "delta": 8.254894}}
{"target": 2.635160523104391, "params": {"x0": 0.8141604357644954, "x1": 9.576796128127352, "x2": 3.771732547930638, "x3": 0.9050053223572284, "x4": 2.051799367693365, "x5": 10.614525437497742, "x6": 2.975613741430781, "x7": -2.655872664919363, "x8": 1.3095996269300438, "x9": 1.8793910701642487}, "datetime": {"datetime": "2025-05-15 05:09:49", "elapsed": 1153.302138, "delta": 7.518321}}
{"target": 2.635160523104391, "params": {"x0": 0.8141609357316429, "x1": 9.577031425377909, "x2": 3.771719235560256, "x3": 0.9050186260179984, "x4": 2.052057215958624, "x5": 10.61449651407921, "x6": 2.975640603544237, "x7": -2.6563889159434604, "x8": 1.309555359799067, "x9": 1.8793890036631893}, "datetime": {"datetime": "2025-05-15 05:09:58", "elapsed": 1161.414641, "delta": 8.112503}}
{"target": 2.635160523104391, "params": {"x0": 0.8141694851698662, "x1": 9.576819657852408, "x2": 3.771707254426912, "x3": 0.9050305993126914, "x4": 2.051825152519891, "x5": 10.614001923622311, "x6": 2.9756647794463476, "x7": -2.656364461947582, "x8": 1.3095952002169462, "x9": 1.8793871438122358}, "datetime": {"datetime": "2025-05-15 05:10:05", "elapsed": 1168.891384, "delta": 7.476743}}
{"target": 2.635160523104391, "params": {"x0": 0.814162149673712, "x1": 9.576926592671844, "x2": 3.771608326983911, "x3": 0.9051231557369139, "x4": 2.051944261944671, "x5": 10.61423631415567, "x6": 2.9758849715017868, "x7": -2.6561357700787207, "x8": 1.3095673181821372, "x9": 1.8793657284871037}, "datetime": {"datetime": "2025-05-15 05:10:13", "elapsed": 1176.476495, "delta": 7.585111}}
{"target": 2.635160523104391, "params": {"x0": 0.8141687157204262, "x1": 9.576838716929702, "x2": 3.7716867666888945, "x3": 0.9052256442832397, "x4": 2.0520241163839414, "x5": 10.614046436763433, "x6": 2.976058604891728, "x7": -2.655966106354725, "x8": 1.309561042300775, "x9": 1.8793568468402042}, "datetime": {"datetime": "2025-05-15 05:10:21", "elapsed": 1184.424564, "delta": 7.948069}}
{"target": 2.635160523104391, "params": {"x0": 0.8141624831799613, "x1": 9.576846842115286, "x2": 3.7715208160109497, "x3": 0.9052169157514085, "x4": 2.052015212476213, "x5": 10.614406993206511, "x6": 2.975723744471595, "x7": -2.656304818651635, "x8": 1.309590085965409, "x9": 1.8793826076357605}, "datetime": {"datetime": "2025-05-15 05:10:30", "elapsed": 1193.882412, "delta": 9.457848}}
{"target": 2.635160523104391, "params": {"x0": 0.8141680924663797, "x1": 9.57685415478231, "x2": 3.7715286768325367, "x3": 0.9052090600727605, "x4": 2.0518629556540606, "x5": 10.61408249240774, "x6": 2.9760251188497144, "x7": -2.6562887743849393, "x8": 1.3095639466672384, "x9": 1.8793594229197599}, "datetime": {"datetime": "2025-05-15 05:10:39", "elapsed": 1202.732575, "delta": 8.850163}}
{"target": 2.635160523104391, "params": {"x0": 0.8141630441086032, "x1": 9.576979201388443, "x2": 3.771663096881672, "x3": 0.9052019899619772, "x4": 2.0518701678193203, "x5": 10.614097863498209, "x6": 2.975753881909407, "x7": -2.656274334544913, "x8": 1.309587472035592, "x9": 1.8793605211431492}, "datetime": {"datetime": "2025-05-15 05:10:48", "elapsed": 1211.391102, "delta": 8.658527}}
{"target": 2.635160523104391, "params": {"x0": 0.8141632832413399, "x1": 9.576866659442924, "x2": 3.7716567296161863, "x3": 0.9051956268622723, "x4": 2.051993495845264, "x5": 10.614111697479629, "x6": 2.9757667299750006, "x7": -2.6560274132804653, "x8": 1.3095662992040737, "x9": 1.8793793007631099}, "datetime": {"datetime": "2025-05-15 05:10:57", "elapsed": 1220.450466, "delta": 9.059364}}
{"target": 2.635160523104391, "params": {"x0": 0.814163498460803, "x1": 9.576967947193893, "x2": 3.771547849376387, "x3": 0.9050868178573181, "x4": 2.0518825006219146, "x5": 10.614124148062908, "x6": 2.9759864318966494, "x7": -2.656039109550887, "x8": 1.30958535475244, "x9": 1.8793784112021643}, "datetime": {"datetime": "2025-05-15 05:11:05", "elapsed": 1228.617263, "delta": 8.166797}}
{"target": 2.635160523104391, "params": {"x0": 0.8141636921583199, "x1": 9.576876788218021, "x2": 3.7716458415922065, "x3": 0.9051847459617769, "x4": 2.0518877582903894, "x5": 10.61413535358786, "x6": 2.975976024963519, "x7": -2.6560496361942656, "x8": 1.3095844521212017, "x9": 1.8793776105973135}, "datetime": {"datetime": "2025-05-15 05:11:13", "elapsed": 1237.242395, "delta": 8.625132}}
{"target": 2.635160523104391, "params": {"x0": 0.814163866486085, "x1": 9.576881106274772, "x2": 3.7715576485979687, "x3": 0.905096610667764, "x4": 2.051977664421302, "x5": 10.614326968064526, "x6": 2.975966658723701, "x7": -2.656059110173307, "x8": 1.3095690171270251, "x9": 1.8793768900529475}, "datetime": {"datetime": "2025-05-15 05:11:22", "elapsed": 1245.331122, "delta": 8.088727}}
{"target": 2.635160523104391, "params": {"x0": 0.8141668474908684, "x1": 9.576954945045228, "x2": 3.7715618261608537, "x3": 0.9051007854974804, "x4": 2.051973405709838, "x5": 10.614154515035526, "x6": 2.9758064960228188, "x7": -2.656221115214911, "x8": 1.3095697482583282, "x9": 1.8793762415630182}, "datetime": {"datetime": "2025-05-15 05:11:30", "elapsed": 1253.668161, "delta": 8.337039}}
{"target": 2.635160523104391, "params": {"x0": 0.8141667062853787, "x1": 9.576888490151818, "x2": 3.771633262486186, "x3": 0.9051721750856309, "x4": 2.0519005817437983, "x5": 10.614309722761627, "x6": 2.975814082677071, "x7": -2.6560753106774673, "x8": 1.309570406276501, "x9": 1.8793651523852277}, "datetime": {"datetime": "2025-05-15 05:11:39", "elapsed": 1262.554137, "delta": 8.885976}}
{"target": 2.635160523104391, "params": {"x0": 0.8141665792004379, "x1": 9.57689163801519, "x2": 3.7716298786602493, "x3": 0.9051079244562955, "x4": 2.0519040313000843, "x5": 10.614302370816706, "x6": 2.9758209106658984, "x7": -2.6562065347611665, "x8": 1.3095709984928565, "x9": 1.8793751326452393}, "datetime": {"datetime": "2025-05-15 05:11:48", "elapsed": 1271.389963, "delta": 8.835826}}
{"target": 2.635160523104391, "params": {"x0": 0.8141664648239911, "x1": 9.576945466478852, "x2": 3.77157201523673, "x3": 0.9051109679071587, "x4": 2.0519630187125766, "x5": 10.614295754066278, "x6": 2.975827055855843, "x7": -2.6560884330858374, "x8": 1.3095811253925358, "x9": 1.879366150411229}, "datetime": {"datetime": "2025-05-15 05:11:56", "elapsed": 1279.717949, "delta": 8.327986}}
{"target": 2.635160523104391, "params": {"x0": 0.8141663618851892, "x1": 9.576897020861557, "x2": 3.7716240923178974, "x3": 0.9051137070129356, "x4": 2.051960224571985, "x5": 10.61418260763395, "x6": 2.9758325865267925, "x7": -2.656094027375721, "x8": 1.3095806456972878, "x9": 1.8793665758854714}, "datetime": {"datetime": "2025-05-15 05:12:04", "elapsed": 1287.956283, "delta": 8.238334}}
{"target": 2.635160523104391, "params": {"x0": 0.8141662692402674, "x1": 9.576940621917123, "x2": 3.7715772229448468, "x3": 0.9051605457217211, "x4": 2.0519124447678663, "x5": 10.614284439423045, "x6": 2.975837564130648, "x7": -2.656099062236617, "x8": 1.3095724429085476, "x9": 1.8793738514950198}, "datetime": {"datetime": "2025-05-15 05:12:12", "elapsed": 1296.297119, "delta": 8.340836}}
{"target": 2.635160523104391, "params": {"x0": 0.8141661858598377, "x1": 9.576938556603965, "x2": 3.7716194053805925, "x3": 0.9051583270460418, "x4": 2.051955446591573, "x5": 10.61419279081286, "x6": 2.9759226811565673, "x7": -2.656185158357932, "x8": 1.3095728314616983, "x9": 1.8793735068608834}, "datetime": {"datetime": "2025-05-15 05:12:21", "elapsed": 1304.732281, "delta": 8.435162}}
{"target": 2.635160523104391, "params": {"x0": 0.8141647600544909, "x1": 9.576903239748956, "x2": 3.7715814411884216, "x3": 0.9051203876919256, "x4": 2.051916744950237, "x5": 10.614197132062817, "x6": 2.9758460758332395, "x7": -2.656107671848748, "x8": 1.3095731811595341, "x9": 1.879367613617149}, "datetime": {"datetime": "2025-05-15 05:12:30", "elapsed": 1313.509425, "delta": 8.777144}}
