{"target": 2.635160523104391, "params": {"x0": 0.814165433976615, "x1": 9.57691995633544, "x2": 3.771599458071448, "x3": 0.9051383583728609, "x4": 2.0519350821059326, "x5": 10.614236117166529, "x6": 2.9758822987191973, "x7": -2.6561442880928534, "x8": 1.3095763221837329, "x9": 1.8793704081035842}, "datetime": {"datetime": "2025-05-15 05:20:36", "elapsed": 1800.164051, "delta": 8.97398}}
{"target": 2.635160523104391, "params": {"x0": 0.8141654357157287, "x1": 9.57691993830605, "x2": 3.7715994588202126, "x3": 0.9051383972895751, "x4": 2.0519350995907013, "x5": 10.61423612602909, "x6": 2.975882284707368, "x7": -2.6561443018968474, "x8": 1.3095763255518145, "x9": 1.8793704097603294}, "datetime": {"datetime": "2025-05-15 05:20:45", "elapsed": 1809.313443, "delta": 9.149392}}
{"target": 2.635160523104391, "params": {"x0": 0.8141654342939487, "x1": 9.576919944599096, "x2": 3.7715994548603335, "x3": 0.9051383849951259, "x4": 2.0519350910741836, "x5": 10.614236144525591, "x6": 2.9758823494653486, "x7": -2.6561443116475396, "x8": 1.3095763228855226, "x9": 1.8793704073111892}, "datetime": {"datetime": "2025-05-15 05:20:54", "elapsed": 1818.035574, "delta": 8.722131}}
{"target": 2.635160523104391, "params": {"x0": 0.8141654348025854, "x1": 9.576919945797814, "x2": 3.7715994451725123, "x3": 0.9051383350839529, "x4": 2.051935108972765, "x5": 10.614236143562456, "x6": 2.9758823433417816, "x7": -2.656144334949642, "x8": 1.3095763267035445, "x9": 1.879370409716227}, "datetime": {"datetime": "2025-05-15 05:21:03", "elapsed": 1826.742875, "delta": 8.707301}}
{"target": 2.635160523104391, "params": {"x0": 0.8141654344635307, "x1": 9.576919942892316, "x2": 3.771599448890486, "x3": 0.9051383879757253, "x4": 2.05193510662768, "x5": 10.614236150827285, "x6": 2.975882388083902, "x7": -2.6561443240243228, "x8": 1.3095763247928407, "x9": 1.879370408606544}, "datetime": {"datetime": "2025-05-15 05:21:11", "elapsed": 1835.052945, "delta": 8.31007}}
{"target": 2.635160523104391, "params": {"x0": 0.8141654350588793, "x1": 9.576919950039223, "x2": 3.7715994433627813, "x3": 0.9051383620997326, "x4": 2.0519351008537847, "x5": 10.614236163952476, "x6": 2.9758823180739475, "x7": -2.656144327490438, "x8": 1.3095763242784833, "x9": 1.879370407937813}, "datetime": {"datetime": "2025-05-15 05:21:20", "elapsed": 1843.820361, "delta": 8.767416}}
{"target": 2.635160523104391, "params": {"x0": 0.8141654354188486, "x1": 9.576919946919679, "x2": 3.771599445415212, "x3": 0.9051383462225837, "x4": 2.051935094962502, "x5": 10.614236160971398, "x6": 2.9758823167841584, "x7": -2.6561443308429706, "x8": 1.3095763247262509, "x9": 1.87937040153871}, "datetime": {"datetime": "2025-05-15 05:21:28", "elapsed": 1852.073202, "delta": 8.252841}}
{"target": 2.635160523104391, "params": {"x0": 0.814165434865799, "x1": 9.57691995781097, "x2": 3.7715994404276376, "x3": 0.9051383596787745, "x4": 2.051935098108153, "x5": 10.614236166887482, "x6": 2.9758823202425293, "x7": -2.6561443556478928, "x8": 1.3095763249828005, "x9": 1.8793704044998125}, "datetime": {"datetime": "2025-05-15 05:21:37", "elapsed": 1860.842285, "delta": 8.769083}}
{"target": 2.635160523104391, "params": {"x0": 0.8141654347298126, "x1": 9.57691995709951, "x2": 3.771599442066389, "x3": 0.9051383763624747, "x4": 2.0519350893645174, "x5": 10.61423616499014, "x6": 2.975882326862051, "x7": -2.656144357080997, "x8": 1.309576325154341, "x9": 1.8793704066906511}, "datetime": {"datetime": "2025-05-15 05:21:47", "elapsed": 1870.702259, "delta": 9.859974}}
{"target": 2.635160523104391, "params": {"x0": 0.8141654350054051, "x1": 9.576919959133017, "x2": 3.771599440372399, "x3": 0.9051383517480298, "x4": 2.051935074256328, "x5": 10.614236166168613, "x6": 2.9758823373302534, "x7": -2.656144347011803, "x8": 1.3095763262847806, "x9": 1.8793704051309794}, "datetime": {"datetime": "2025-05-15 05:21:55", "elapsed": 1879.268952, "delta": 8.566693}}
{"target": 2.635160523104391, "params": {"x0": 0.814165434988176, "x1": 9.57691995828904, "x2": 3.7715994340964154, "x3": 0.9051383524973098, "x4": 2.051935091650419, "x5": 10.614236178492648, "x6": 2.9758823486769446, "x7": -2.6561443484959133, "x8": 1.309576326516786, "x9": 1.8793704038522583}, "datetime": {"datetime": "2025-05-15 05:22:04", "elapsed": 1887.721023, "delta": 8.452071}}
{"target": 2.635160523104391, "params": {"x0": 0.8141654359360063, "x1": 9.576919956533912, "x2": 3.7715994327779776, "x3": 0.9051383564969211, "x4": 2.0519350878337295, "x5": 10.614236176752097, "x6": 2.9758823355333366, "x7": -2.6561443576842656, "x8": 1.309576326326514, "x9": 1.8793704068528005}, "datetime": {"datetime": "2025-05-15 05:22:13", "elapsed": 1896.77505, "delta": 9.054027}}
{"target": 2.635160523104391, "params": {"x0": 0.8141654358023845, "x1": 9.576919959992173, "x2": 3.77159943531288, "x3": 0.9051383464960254, "x4": 2.051935077132304, "x5": 10.61423618264379, "x6": 2.975882345577798, "x7": -2.6561443505999502, "x8": 1.3095763266719747, "x9": 1.8793704054218956}, "datetime": {"datetime": "2025-05-15 05:22:22", "elapsed": 1905.65662, "delta": 8.88157}}
{"target": 2.635160523104391, "params": {"x0": 0.8141654350816098, "x1": 9.576919959926876, "x2": 3.771599433997879, "x3": 0.9051383649967077, "x4": 2.051935087674596, "x5": 10.614236182395336, "x6": 2.9758823491133506, "x7": -2.6561443607672257, "x8": 1.309576326683573, "x9": 1.8793704060114083}, "datetime": {"datetime": "2025-05-15 05:22:31", "elapsed": 1914.540745, "delta": 8.884125}}
{"target": 2.635160523104391, "params": {"x0": 0.8141654352968323, "x1": 9.57691996330466, "x2": 3.771599434104559, "x3": 0.9051383538510899, "x4": 2.0519350863350607, "x5": 10.614236187356655, "x6": 2.9758823449219243, "x7": -2.6561443570236523, "x8": 1.3095763269492526, "x9": 1.8793704055544596}, "datetime": {"datetime": "2025-05-15 05:22:40", "elapsed": 1923.333041, "delta": 8.792296}}
{"target": 2.635160523104391, "params": {"x0": 0.8141654354297824, "x1": 9.576919964094836, "x2": 3.7715994326598006, "x3": 0.9051383503914326, "x4": 2.0519350789691506, "x5": 10.614236183576704, "x6": 2.9758823624384516, "x7": -2.656144359585299, "x8": 1.3095763276161023, "x9": 1.8793704063045542}, "datetime": {"datetime": "2025-05-15 05:22:48", "elapsed": 1931.865514, "delta": 8.532473}}
{"target": 2.635160523104391, "params": {"x0": 0.814165435263837, "x1": 9.576919961734749, "x2": 3.7715994252398417, "x3": 0.9051383510901868, "x4": 2.0519350850826843, "x5": 10.614236188158532, "x6": 2.975882348700479, "x7": -2.6561443603119215, "x8": 1.3095763276650543, "x9": 1.8793704056668248}, "datetime": {"datetime": "2025-05-15 05:22:57", "elapsed": 1940.494304, "delta": 8.62879}}
{"target": 2.635160523104391, "params": {"x0": 0.8141654355856219, "x1": 9.57691996198251, "x2": 3.7715994299731137, "x3": 0.9051383582519329, "x4": 2.051935084803145, "x5": 10.614236187962742, "x6": 2.975882353475211, "x7": -2.656144362805089, "x8": 1.3095763276348167, "x9": 1.8793704052429403}, "datetime": {"datetime": "2025-05-15 05:23:05", "elapsed": 1949.094495, "delta": 8.600191}}
{"target": 2.635160523104391, "params": {"x0": 0.8141654352016449, "x1": 9.576919964754751, "x2": 3.771599430692757, "x3": 0.9051383532941968, "x4": 2.0519350764122213, "x5": 10.614236191232814, "x6": 2.975882353322747, "x7": -2.6561443666509508, "x8": 1.3095763275838708, "x9": 1.8793704057820897}, "datetime": {"datetime": "2025-05-15 05:23:14", "elapsed": 1957.9963, "delta": 8.901805}}
{"target": 2.635160523104391, "params": {"x0": 0.814165435312834, "x1": 9.576919965827987, "x2": 3.771599429897795, "x3": 0.905138362552798, "x4": 2.051935082388735, "x5": 10.614236190653624, "x6": 2.975882355295536, "x7": -2.656144365815947, "x8": 1.309576327456144, "x9": 1.8793704058631668}, "datetime": {"datetime": "2025-05-15 05:23:23", "elapsed": 1966.699517, "delta": 8.703217}}
{"target": 2.635160523104391, "params": {"x0": 0.8141654352677066, "x1": 9.57691996456927, "x2": 3.7715994285330208, "x3": 0.9051383621857352, "x4": 2.051935081416349, "x5": 10.614236191618122, "x6": 2.975882353083456, "x7": -2.6561443669041296, "x8": 1.3095763282007633, "x9": 1.879370405632044}, "datetime": {"datetime": "2025-05-15 05:23:32", "elapsed": 1976.199541, "delta": 9.500024}}
{"target": 2.635160523104391, "params": {"x0": 0.8141654353415038, "x1": 9.576919965359346, "x2": 3.771599429020674, "x3": 0.9051383553250488, "x4": 2.051935079730583, "x5": 10.614236197013893, "x6": 2.9758823615936163, "x7": -2.6561443691405433, "x8": 1.3095763277460795, "x9": 1.8793704058992626}, "datetime": {"datetime": "2025-05-15 05:23:42", "elapsed": 1985.567322, "delta": 9.367781}}
{"target": 2.635160523104391, "params": {"x0": 0.8141654354169481, "x1": 9.576919965384388, "x2": 3.77159942841193, "x3": 0.9051383554184371, "x4": 2.051935080207637, "x5": 10.614236197748149, "x6": 2.9758823562093006, "x7": -2.65614436724537, "x8": 1.3095763280031756, "x9": 1.8793704057421687}, "datetime": {"datetime": "2025-05-15 05:23:51", "elapsed": 1994.867489, "delta": 9.300167}}
{"target": 2.635160523104391, "params": {"x0": 0.8141654354422407, "x1": 9.576919966212198, "x2": 3.771599427495062, "x3": 0.9051383615635704, "x4": 2.0519350795229823, "x5": 10.61423619608261, "x6": 2.975882358167743, "x7": -2.6561443694604505, "x8": 1.309576327861621, "x9": 1.879370405503438}, "datetime": {"datetime": "2025-05-15 05:24:00", "elapsed": 2003.66635, "delta": 8.798861}}
{"target": 2.635160523104391, "params": {"x0": 0.8141654355218402, "x1": 9.576919966488665, "x2": 3.771599427009709, "x3": 0.9051383561079992, "x4": 2.0519350766065707, "x5": 10.61423619581311, "x6": 2.9758823567747177, "x7": -2.6561443705583785, "x8": 1.3095763278382517, "x9": 1.8793704051144595}, "datetime": {"datetime": "2025-05-15 05:24:09", "elapsed": 2012.973546, "delta": 9.307196}}
{"target": 2.635160523104391, "params": {"x0": 0.8141654353329936, "x1": 9.576919966207816, "x2": 3.771599424051359, "x3": 0.9051383566941502, "x4": 2.0519350796830373, "x5": 10.614236196501807, "x6": 2.975882358811674, "x7": -2.656144371820446, "x8": 1.309576327989236, "x9": 1.8793704055809939}, "datetime": {"datetime": "2025-05-15 05:24:18", "elapsed": 2021.64322, "delta": 8.669674}}
{"target": 2.635160523104391, "params": {"x0": 0.8141654354401053, "x1": 9.57691996733064, "x2": 3.7715994261345935, "x3": 0.9051383566547997, "x4": 2.0519350797237284, "x5": 10.614236197913355, "x6": 2.9758823568689547, "x7": -2.6561443763263943, "x8": 1.3095763279918344, "x9": 1.8793704055893818}, "datetime": {"datetime": "2025-05-15 05:24:27", "elapsed": 2030.418134, "delta": 8.774914}}
{"target": 2.635160523104391, "params": {"x0": 0.8141654354891685, "x1": 9.576919967034545, "x2": 3.7715994265976134, "x3": 0.9051383580856783, "x4": 2.0519350796906908, "x5": 10.614236197936659, "x6": 2.9758823599541726, "x7": -2.656144376479743, "x8": 1.309576327992649, "x9": 1.8793704055225786}, "datetime": {"datetime": "2025-05-15 05:24:35", "elapsed": 2038.912115, "delta": 8.493981}}
{"target": 2.635160523104391, "params": {"x0": 0.8141654353571401, "x1": 9.576919968337247, "x2": 3.771599425604568, "x3": 0.9051383567984633, "x4": 2.0519350777428116, "x5": 10.614236198483072, "x6": 2.9758823593308987, "x7": -2.6561443724364326, "x8": 1.3095763280756865, "x9": 1.8793704055111613}, "datetime": {"datetime": "2025-05-15 05:24:44", "elapsed": 2047.729389, "delta": 8.817274}}
{"target": 2.635160523104391, "params": {"x0": 0.814165435507118, "x1": 9.576919967057155, "x2": 3.771599425784937, "x3": 0.9051383586456545, "x4": 2.0519350787904616, "x5": 10.614236199658379, "x6": 2.9758823608654548, "x7": -2.6561443719182924, "x8": 1.3095763281830304, "x9": 1.879370405077536}, "datetime": {"datetime": "2025-05-15 05:24:53", "elapsed": 2056.488649, "delta": 8.75926}}
{"target": 2.635160523104391, "params": {"x0": 0.8141654354113111, "x1": 9.576919968553021, "x2": 3.771599424886419, "x3": 0.9051383571879085, "x4": 2.0519350791364577, "x5": 10.614236199353515, "x6": 2.97588236133214, "x7": -2.656144372623702, "x8": 1.3095763282144854, "x9": 1.8793704054090128}, "datetime": {"datetime": "2025-05-15 05:25:01", "elapsed": 2065.039978, "delta": 8.551329}}
{"target": 2.635160523104391, "params": {"x0": 0.8141654354391298, "x1": 9.576919968264532, "x2": 3.7715994258918983, "x3": 0.9051383581607061, "x4": 2.051935078582106, "x5": 10.614236200153362, "x6": 2.9758823618223875, "x7": -2.656144373796624, "x8": 1.3095763281956512, "x9": 1.879370405372998}, "datetime": {"datetime": "2025-05-15 05:25:10", "elapsed": 2074.114574, "delta": 9.074596}}
{"target": 2.635160523104391, "params": {"x0": 0.8141654354280237, "x1": 9.576919967749054, "x2": 3.771599424276691, "x3": 0.9051383576757234, "x4": 2.051935078755046, "x5": 10.614236200727973, "x6": 2.975882360345493, "x7": -2.656144373695589, "x8": 1.3095763282155803, "x9": 1.8793704053033016}, "datetime": {"datetime": "2025-05-15 05:25:19", "elapsed": 2083.048132, "delta": 8.933558}}
{"target": 2.635160523104391, "params": {"x0": 0.8141654353885193, "x1": 9.576919967787212, "x2": 3.771599425561616, "x3": 0.9051383593392697, "x4": 2.0519350779283325, "x5": 10.614236200455254, "x6": 2.9758823603869535, "x7": -2.656144373531418, "x8": 1.309576328398266, "x9": 1.8793704051396842}, "datetime": {"datetime": "2025-05-15 05:25:28", "elapsed": 2091.649006, "delta": 8.600874}}
{"target": 2.635160523104391, "params": {"x0": 0.8141654354482338, "x1": 9.576919967990447, "x2": 3.7715994252501908, "x3": 0.9051383583226511, "x4": 2.0519350777608563, "x5": 10.614236200693963, "x6": 2.975882360084759, "x7": -2.6561443749324707, "x8": 1.3095763282767083, "x9": 1.8793704052294091}, "datetime": {"datetime": "2025-05-15 05:25:37", "elapsed": 2100.736507, "delta": 9.087501}}
{"target": 2.635160523104391, "params": {"x0": 0.8141654354499926, "x1": 9.576919968132422, "x2": 3.771599425314249, "x3": 0.9051383595156443, "x4": 2.051935077526978, "x5": 10.614236201238699, "x6": 2.9758823608804557, "x7": -2.656144373757732, "x8": 1.3095763282511275, "x9": 1.8793704052571787}, "datetime": {"datetime": "2025-05-15 05:25:45", "elapsed": 2109.320772, "delta": 8.584265}}
{"target": 2.635160523104391, "params": {"x0": 0.8141654354411364, "x1": 9.576919968107283, "x2": 3.771599424734251, "x3": 0.9051383580852957, "x4": 2.051935078212694, "x5": 10.614236201413517, "x6": 2.9758823607323954, "x7": -2.6561443747037625, "x8": 1.309576328308635, "x9": 1.879370405165004}, "datetime": {"datetime": "2025-05-15 05:25:55", "elapsed": 2118.496191, "delta": 9.175419}}
{"target": 2.635160523104391, "params": {"x0": 0.8141654354394453, "x1": 9.576919968148543, "x2": 3.7715994247377593, "x3": 0.9051383586889471, "x4": 2.0519350776892913, "x5": 10.61423620145944, "x6": 2.975882360826901, "x7": -2.6561443752017677, "x8": 1.3095763283254676, "x9": 1.879370405211352}, "datetime": {"datetime": "2025-05-15 05:26:03", "elapsed": 2127.268621, "delta": 8.77243}}
{"target": 2.635160523104391, "params": {"x0": 0.8141654354359291, "x1": 9.57691996809042, "x2": 3.7715994250245863, "x3": 0.9051383585241322, "x4": 2.0519350780003274, "x5": 10.614236201844337, "x6": 2.975882362496708, "x7": -2.6561443743467037, "x8": 1.3095763283173616, "x9": 1.8793704051723426}, "datetime": {"datetime": "2025-05-15 05:26:12", "elapsed": 2136.104817, "delta": 8.836196}}
{"target": 2.635160523104391, "params": {"x0": 0.8141654354319305, "x1": 9.576919968207577, "x2": 3.7715994247781355, "x3": 0.9051383584178815, "x4": 2.051935077993007, "x5": 10.614236201931352, "x6": 2.97588236135582, "x7": -2.65614437504369, "x8": 1.3095763283463875, "x9": 1.8793704051037323}, "datetime": {"datetime": "2025-05-15 05:26:21", "elapsed": 2144.912187, "delta": 8.80737}}
{"target": 2.635160523104391, "params": {"x0": 0.8141654354135669, "x1": 9.576919968230845, "x2": 3.771599424842086, "x3": 0.9051383583721289, "x4": 2.0519350778798713, "x5": 10.614236202352796, "x6": 2.9758823625937807, "x7": -2.65614437471803, "x8": 1.309576328386701, "x9": 1.8793704052540212}, "datetime": {"datetime": "2025-05-15 05:26:30", "elapsed": 2153.901655, "delta": 8.989468}}
{"target": 2.635160523104391, "params": {"x0": 0.8141654354257725, "x1": 9.576919968361299, "x2": 3.7715994246395534, "x3": 0.9051383584521665, "x4": 2.0519350778360126, "x5": 10.614236202444836, "x6": 2.975882361876278, "x7": -2.65614437480992, "x8": 1.3095763283611626, "x9": 1.8793704051396898}, "datetime": {"datetime": "2025-05-15 05:26:39", "elapsed": 2162.699732, "delta": 8.798077}}
{"target": 2.635160523104391, "params": {"x0": 0.8141654354506872, "x1": 9.576919968412678, "x2": 3.7715994245976328, "x3": 0.9051383584619083, "x4": 2.051935077845576, "x5": 10.614236202321523, "x6": 2.975882362254608, "x7": -2.6561443752965572, "x8": 1.309576328407027, "x9": 1.8793704052352733}, "datetime": {"datetime": "2025-05-15 05:26:48", "elapsed": 2171.892445, "delta": 9.192713}}
{"target": 2.635160523104391, "params": {"x0": 0.8141654354467157, "x1": 9.576919968358661, "x2": 3.7715994244016677, "x3": 0.9051383586566675, "x4": 2.051935077692679, "x5": 10.614236202516645, "x6": 2.975882361928059, "x7": -2.6561443751568907, "x8": 1.3095763283581385, "x9": 1.8793704052274465}, "datetime": {"datetime": "2025-05-15 05:26:57", "elapsed": 2181.018078, "delta": 9.125633}}
{"target": 2.635160523104391, "params": {"x0": 0.8141654354376029, "x1": 9.576919968644368, "x2": 3.7715994244916575, "x3": 0.9051383587682765, "x4": 2.0519350776223995, "x5": 10.614236202534006, "x6": 2.9758823617075962, "x7": -2.656144375246016, "x8": 1.3095763283655057, "x9": 1.8793704051989768}, "datetime": {"datetime": "2025-05-15 05:27:06", "elapsed": 2189.70705, "delta": 8.688972}}
{"target": 2.635160523104391, "params": {"x0": 0.8141654354408622, "x1": 9.576919968497656, "x2": 3.77159942449056, "x3": 0.905138358729614, "x4": 2.051935077652098, "x5": 10.614236202605278, "x6": 2.9758823618813435, "x7": -2.6561443758959378, "x8": 1.3095763283865194, "x9": 1.8793704051939049}, "datetime": {"datetime": "2025-05-15 05:27:15", "elapsed": 2198.916625, "delta": 9.209575}}
{"target": 2.635160523104391, "params": {"x0": 0.8141654354329122, "x1": 9.576919968591104, "x2": 3.7715994245559443, "x3": 0.9051383588085781, "x4": 2.0519350775392935, "x5": 10.614236202596482, "x6": 2.9758823623655206, "x7": -2.65614437543895, "x8": 1.30957632838144, "x9": 1.8793704051365556}, "datetime": {"datetime": "2025-05-15 05:27:24", "elapsed": 2207.657146, "delta": 8.740521}}
{"target": 2.635160523104391, "params": {"x0": 0.81416543543643, "x1": 9.576919968612517, "x2": 3.7715994244670488, "x3": 0.9051383587744973, "x4": 2.0519350775273364, "x5": 10.614236202669447, "x6": 2.9758823621990804, "x7": -2.6561443754135667, "x8": 1.3095763283929853, "x9": 1.879370405108498}, "datetime": {"datetime": "2025-05-15 05:27:33", "elapsed": 2216.735611, "delta": 9.078465}}
{"target": 2.635160523104391, "params": {"x0": 0.8141654354287265, "x1": 9.576919968603915, "x2": 3.771599424497656, "x3": 0.905138359046512, "x4": 2.051935077419599, "x5": 10.614236202809574, "x6": 2.975882362440302, "x7": -2.656144375464149, "x8": 1.309576328395741, "x9": 1.8793704051692628}, "datetime": {"datetime": "2025-05-15 05:27:42", "elapsed": 2225.784126, "delta": 9.048515}}
{"target": 2.635160523104391, "params": {"x0": 0.8141654354303783, "x1": 9.576919968574758, "x2": 3.7715994244038566, "x3": 0.9051383587302274, "x4": 2.0519350775300484, "x5": 10.614236202997798, "x6": 2.9758823622966255, "x7": -2.6561443756037946, "x8": 1.3095763284024724, "x9": 1.879370405173205}, "datetime": {"datetime": "2025-05-15 05:27:51", "elapsed": 2234.932413, "delta": 9.148287}}
{"target": 2.635160523104391, "params": {"x0": 0.8141654354362086, "x1": 9.576919968583738, "x2": 3.7715994244377944, "x3": 0.9051383587923391, "x4": 2.0519350772614726, "x5": 10.614236202823959, "x6": 2.9758823622570594, "x7": -2.6561443756860927, "x8": 1.3095763284039643, "x9": 1.879370405167019}, "datetime": {"datetime": "2025-05-15 05:28:01", "elapsed": 2244.417118, "delta": 9.484705}}
{"target": 2.635160523104391, "params": {"x0": 0.81416543543578, "x1": 9.576919968595849, "x2": 3.771599424417973, "x3": 0.9051383588890686, "x4": 2.051935077416991, "x5": 10.6142362031015, "x6": 2.975882362373693, "x7": -2.6561443755968557, "x8": 1.3095763284082618, "x9": 1.8793704051658215}, "datetime": {"datetime": "2025-05-15 05:28:10", "elapsed": 2254.007652, "delta": 9.590534}}
{"target": 2.635160523104391, "params": {"x0": 0.8141654354312583, "x1": 9.576919968673227, "x2": 3.771599424363273, "x3": 0.9051383589667813, "x4": 2.0519350774617977, "x5": 10.614236202910766, "x6": 2.975882362356952, "x7": -2.656144375627676, "x8": 1.3095763284332333, "x9": 1.8793704051772262}, "datetime": {"datetime": "2025-05-15 05:28:19", "elapsed": 2262.97816, "delta": 8.970508}}
{"target": 2.635160523104391, "params": {"x0": 0.8141654354394559, "x1": 9.576919968694353, "x2": 3.7715994242794713, "x3": 0.905138358912012, "x4": 2.051935077437221, "x5": 10.614236203064578, "x6": 2.975882362279667, "x7": -2.6561443756865657, "x8": 1.3095763284121555, "x9": 1.8793704051771307}, "datetime": {"datetime": "2025-05-15 05:28:28", "elapsed": 2271.956666, "delta": 8.978506}}
{"target": 2.635160523104391, "params": {"x0": 0.8141654354327643, "x1": 9.57691996867771, "x2": 3.771599424369904, "x3": 0.9051383589283387, "x4": 2.051935077451431, "x5": 10.614236203069751, "x6": 2.975882362467015, "x7": -2.6561443756897867, "x8": 1.3095763284179642, "x9": 1.8793704051428017}, "datetime": {"datetime": "2025-05-15 05:28:37", "elapsed": 2280.490579, "delta": 8.533913}}
{"target": 2.635160523104391, "params": {"x0": 0.8141654354398408, "x1": 9.57691996869445, "x2": 3.7715994243355344, "x3": 0.9051383588471381, "x4": 2.05193507739928, "x5": 10.614236203096311, "x6": 2.975882362406413, "x7": -2.656144375751681, "x8": 1.3095763284211541, "x9": 1.8793704051693436}, "datetime": {"datetime": "2025-05-15 05:28:46", "elapsed": 2289.340915, "delta": 8.850336}}
