{"target": 2.635160523104391, "params": {"x0": 0.814165435435971, "x1": 9.576919968785539, "x2": 3.7715994242268183, "x3": 0.905138358964928, "x4": 2.051935077306659, "x5": 10.614236203312421, "x6": 2.975882362565342, "x7": -2.6561443759846775, "x8": 1.3095763284400561, "x9": 1.8793704051536548}, "datetime": {"datetime": "2025-05-15 13:49:03", "elapsed": 32306.775032, "delta": 53.28013}}
{"target": 2.635160523104391, "params": {"x0": 0.814165435435971, "x1": 9.576919968785539, "x2": 3.7715994242268183, "x3": 0.905138358964928, "x4": 2.051935077306659, "x5": 10.614236203312421, "x6": 2.975882362565342, "x7": -2.6561443759846775, "x8": 1.3095763284400561, "x9": 1.8793704051536548}, "datetime": {"datetime": "2025-05-15 13:49:51", "elapsed": 32355.034077, "delta": 48.259045}}
{"target": 2.635160523104391, "params": {"x0": 0.814165435435971, "x1": 9.576919968785539, "x2": 3.7715994242268183, "x3": 0.905138358964928, "x4": 2.051935077306659, "x5": 10.614236203312421, "x6": 2.975882362565342, "x7": -2.6561443759846775, "x8": 1.3095763284400561, "x9": 1.8793704051536548}, "datetime": {"datetime": "2025-05-15 13:50:44", "elapsed": 32408.196563, "delta": 53.162486}}
{"target": 2.635160523104391, "params": {"x0": 0.814165435435971, "x1": 9.576919968785539, "x2": 3.7715994242268183, "x3": 0.905138358964928, "x4": 2.051935077306659, "x5": 10.614236203312421, "x6": 2.975882362565342, "x7": -2.6561443759846775, "x8": 1.3095763284400561, "x9": 1.8793704051536548}, "datetime": {"datetime": "2025-05-15 13:51:19", "elapsed": 32442.584085, "delta": 34.387522}}
{"target": 2.635160523104391, "params": {"x0": 0.814165435435971, "x1": 9.576919968785539, "x2": 3.7715994242268183, "x3": 0.905138358964928, "x4": 2.051935077306659, "x5": 10.614236203312421, "x6": 2.975882362565342, "x7": -2.6561443759846775, "x8": 1.3095763284400561, "x9": 1.8793704051536548}, "datetime": {"datetime": "2025-05-15 13:52:03", "elapsed": 32486.778069, "delta": 44.193984}}
{"target": 2.635160523104391, "params": {"x0": 0.814165435435971, "x1": 9.576919968785539, "x2": 3.7715994242268183, "x3": 0.905138358964928, "x4": 2.051935077306659, "x5": 10.614236203312421, "x6": 2.975882362565342, "x7": -2.6561443759846775, "x8": 1.3095763284400561, "x9": 1.8793704051536548}, "datetime": {"datetime": "2025-05-15 13:52:58", "elapsed": 32541.384047, "delta": 54.605978}}
{"target": 2.635160523104391, "params": {"x0": 0.814165435435971, "x1": 9.576919968785539, "x2": 3.7715994242268183, "x3": 0.905138358964928, "x4": 2.051935077306659, "x5": 10.614236203312421, "x6": 2.975882362565342, "x7": -2.6561443759846775, "x8": 1.3095763284400561, "x9": 1.8793704051536548}, "datetime": {"datetime": "2025-05-15 13:53:48", "elapsed": 32592.279971, "delta": 50.895924}}
{"target": 2.635160523104391, "params": {"x0": 0.814165435435971, "x1": 9.576919968785539, "x2": 3.7715994242268183, "x3": 0.905138358964928, "x4": 2.051935077306659, "x5": 10.614236203312421, "x6": 2.975882362565342, "x7": -2.6561443759846775, "x8": 1.3095763284400561, "x9": 1.8793704051536548}, "datetime": {"datetime": "2025-05-15 13:54:33", "elapsed": 32636.719109, "delta": 44.439138}}
{"target": 2.635160523104391, "params": {"x0": 0.814165435435971, "x1": 9.576919968785539, "x2": 3.7715994242268183, "x3": 0.905138358964928, "x4": 2.051935077306659, "x5": 10.614236203312421, "x6": 2.975882362565342, "x7": -2.6561443759846775, "x8": 1.3095763284400561, "x9": 1.8793704051536548}, "datetime": {"datetime": "2025-05-15 13:55:20", "elapsed": 32683.995681, "delta": 47.276572}}
{"target": 2.635160523104391, "params": {"x0": 0.814165435435971, "x1": 9.576919968785539, "x2": 3.7715994242268183, "x3": 0.905138358964928, "x4": 2.051935077306659, "x5": 10.614236203312421, "x6": 2.975882362565342, "x7": -2.6561443759846775, "x8": 1.3095763284400561, "x9": 1.8793704051536548}, "datetime": {"datetime": "2025-05-15 13:56:13", "elapsed": 32736.4975, "delta": 52.501819}}
{"target": 2.635160523104391, "params": {"x0": 0.814165435435971, "x1": 9.576919968785539, "x2": 3.7715994242268183, "x3": 0.905138358964928, "x4": 2.051935077306659, "x5": 10.614236203312421, "x6": 2.975882362565342, "x7": -2.6561443759846775, "x8": 1.3095763284400561, "x9": 1.8793704051536548}, "datetime": {"datetime": "2025-05-15 13:57:04", "elapsed": 32788.306564, "delta": 51.809064}}
{"target": 2.635160523104391, "params": {"x0": 0.814165435435971, "x1": 9.576919968785539, "x2": 3.7715994242268183, "x3": 0.905138358964928, "x4": 2.051935077306659, "x5": 10.614236203312421, "x6": 2.975882362565342, "x7": -2.6561443759846775, "x8": 1.3095763284400561, "x9": 1.8793704051536548}, "datetime": {"datetime": "2025-05-15 13:57:50", "elapsed": 32833.560498, "delta": 45.253934}}
{"target": 2.635160523104391, "params": {"x0": 0.814165435435971, "x1": 9.576919968785539, "x2": 3.7715994242268183, "x3": 0.905138358964928, "x4": 2.051935077306659, "x5": 10.614236203312421, "x6": 2.975882362565342, "x7": -2.6561443759846775, "x8": 1.3095763284400561, "x9": 1.8793704051536548}, "datetime": {"datetime": "2025-05-15 13:58:45", "elapsed": 32888.344147, "delta": 54.783649}}
{"target": 2.635160523104391, "params": {"x0": 0.814165435435971, "x1": 9.576919968785539, "x2": 3.7715994242268183, "x3": 0.905138358964928, "x4": 2.051935077306659, "x5": 10.614236203312421, "x6": 2.975882362565342, "x7": -2.6561443759846775, "x8": 1.3095763284400561, "x9": 1.8793704051536548}, "datetime": {"datetime": "2025-05-15 13:59:39", "elapsed": 32942.668912, "delta": 54.324765}}
{"target": 2.635160523104391, "params": {"x0": 0.814165435435971, "x1": 9.576919968785539, "x2": 3.7715994242268183, "x3": 0.905138358964928, "x4": 2.051935077306659, "x5": 10.614236203312421, "x6": 2.975882362565342, "x7": -2.6561443759846775, "x8": 1.3095763284400561, "x9": 1.8793704051536548}, "datetime": {"datetime": "2025-05-15 14:00:38", "elapsed": 33001.425619, "delta": 58.756707}}
{"target": 2.635160523104391, "params": {"x0": 0.814165435435971, "x1": 9.576919968785539, "x2": 3.7715994242268183, "x3": 0.905138358964928, "x4": 2.051935077306659, "x5": 10.614236203312421, "x6": 2.975882362565342, "x7": -2.6561443759846775, "x8": 1.3095763284400561, "x9": 1.8793704051536548}, "datetime": {"datetime": "2025-05-15 14:01:19", "elapsed": 33042.627076, "delta": 41.201457}}
{"target": 2.635160523104391, "params": {"x0": 0.814165435435971, "x1": 9.576919968785539, "x2": 3.7715994242268183, "x3": 0.905138358964928, "x4": 2.051935077306659, "x5": 10.614236203312421, "x6": 2.975882362565342, "x7": -2.6561443759846775, "x8": 1.3095763284400561, "x9": 1.8793704051536548}, "datetime": {"datetime": "2025-05-15 14:02:09", "elapsed": 33093.046998, "delta": 50.419922}}
{"target": 2.635160523104391, "params": {"x0": 0.814165435435971, "x1": 9.576919968785539, "x2": 3.7715994242268183, "x3": 0.905138358964928, "x4": 2.051935077306659, "x5": 10.614236203312421, "x6": 2.975882362565342, "x7": -2.6561443759846775, "x8": 1.3095763284400561, "x9": 1.8793704051536548}, "datetime": {"datetime": "2025-05-15 14:03:01", "elapsed": 33144.855383, "delta": 51.808385}}
{"target": 2.635160523104391, "params": {"x0": 0.814165435435971, "x1": 9.576919968785539, "x2": 3.7715994242268183, "x3": 0.905138358964928, "x4": 2.051935077306659, "x5": 10.614236203312421, "x6": 2.975882362565342, "x7": -2.6561443759846775, "x8": 1.3095763284400561, "x9": 1.8793704051536548}, "datetime": {"datetime": "2025-05-15 14:04:00", "elapsed": 33203.589872, "delta": 58.734489}}
{"target": 2.635160523104391, "params": {"x0": 0.814165435435971, "x1": 9.576919968785539, "x2": 3.7715994242268183, "x3": 0.905138358964928, "x4": 2.051935077306659, "x5": 10.614236203312421, "x6": 2.975882362565342, "x7": -2.6561443759846775, "x8": 1.3095763284400561, "x9": 1.8793704051536548}, "datetime": {"datetime": "2025-05-15 14:04:48", "elapsed": 33251.449758, "delta": 47.859886}}
{"target": 2.635160523104391, "params": {"x0": 0.814165435435971, "x1": 9.576919968785539, "x2": 3.7715994242268183, "x3": 0.905138358964928, "x4": 2.051935077306659, "x5": 10.614236203312421, "x6": 2.975882362565342, "x7": -2.6561443759846775, "x8": 1.3095763284400561, "x9": 1.8793704051536548}, "datetime": {"datetime": "2025-05-15 14:05:38", "elapsed": 33301.546189, "delta": 50.096431}}
{"target": 2.635160523104391, "params": {"x0": 0.814165435435971, "x1": 9.576919968785539, "x2": 3.7715994242268183, "x3": 0.905138358964928, "x4": 2.051935077306659, "x5": 10.614236203312421, "x6": 2.975882362565342, "x7": -2.6561443759846775, "x8": 1.3095763284400561, "x9": 1.8793704051536548}, "datetime": {"datetime": "2025-05-15 14:06:23", "elapsed": 33346.733834, "delta": 45.187645}}
{"target": 2.635160523104391, "params": {"x0": 0.814165435435971, "x1": 9.576919968785539, "x2": 3.7715994242268183, "x3": 0.905138358964928, "x4": 2.051935077306659, "x5": 10.614236203312421, "x6": 2.975882362565342, "x7": -2.6561443759846775, "x8": 1.3095763284400561, "x9": 1.8793704051536548}, "datetime": {"datetime": "2025-05-15 14:07:08", "elapsed": 33391.745963, "delta": 45.012129}}
{"target": 2.635160523104391, "params": {"x0": 0.814165435435971, "x1": 9.576919968785539, "x2": 3.7715994242268183, "x3": 0.905138358964928, "x4": 2.051935077306659, "x5": 10.614236203312421, "x6": 2.975882362565342, "x7": -2.6561443759846775, "x8": 1.3095763284400561, "x9": 1.8793704051536548}, "datetime": {"datetime": "2025-05-15 14:07:57", "elapsed": 33440.589749, "delta": 48.843786}}
{"target": 2.635160523104391, "params": {"x0": 0.814165435435971, "x1": 9.576919968785539, "x2": 3.7715994242268183, "x3": 0.905138358964928, "x4": 2.051935077306659, "x5": 10.614236203312421, "x6": 2.975882362565342, "x7": -2.6561443759846775, "x8": 1.3095763284400561, "x9": 1.8793704051536548}, "datetime": {"datetime": "2025-05-15 14:08:49", "elapsed": 33493.011567, "delta": 52.421818}}
{"target": 2.635160523104391, "params": {"x0": 0.814165435435971, "x1": 9.576919968785539, "x2": 3.7715994242268183, "x3": 0.905138358964928, "x4": 2.051935077306659, "x5": 10.614236203312421, "x6": 2.975882362565342, "x7": -2.6561443759846775, "x8": 1.3095763284400561, "x9": 1.8793704051536548}, "datetime": {"datetime": "2025-05-15 14:09:54", "elapsed": 33557.34511, "delta": 64.333543}}
{"target": 2.635160523104391, "params": {"x0": 0.814165435435971, "x1": 9.576919968785539, "x2": 3.7715994242268183, "x3": 0.905138358964928, "x4": 2.051935077306659, "x5": 10.614236203312421, "x6": 2.975882362565342, "x7": -2.6561443759846775, "x8": 1.3095763284400561, "x9": 1.8793704051536548}, "datetime": {"datetime": "2025-05-15 14:10:49", "elapsed": 33613.250123, "delta": 55.905013}}
{"target": 2.635160523104391, "params": {"x0": 0.814165435435971, "x1": 9.576919968785539, "x2": 3.7715994242268183, "x3": 0.905138358964928, "x4": 2.051935077306659, "x5": 10.614236203312421, "x6": 2.975882362565342, "x7": -2.6561443759846775, "x8": 1.3095763284400561, "x9": 1.8793704051536548}, "datetime": {"datetime": "2025-05-15 14:11:45", "elapsed": 33668.732819, "delta": 55.482696}}
{"target": 2.635160523104391, "params": {"x0": 0.814165435435971, "x1": 9.576919968785539, "x2": 3.7715994242268183, "x3": 0.905138358964928, "x4": 2.051935077306659, "x5": 10.614236203312421, "x6": 2.975882362565342, "x7": -2.6561443759846775, "x8": 1.3095763284400561, "x9": 1.8793704051536548}, "datetime": {"datetime": "2025-05-15 14:12:32", "elapsed": 33716.081034, "delta": 47.348215}}
{"target": 2.635160523104391, "params": {"x0": 0.814165435435971, "x1": 9.576919968785539, "x2": 3.7715994242268183, "x3": 0.905138358964928, "x4": 2.051935077306659, "x5": 10.614236203312421, "x6": 2.975882362565342, "x7": -2.6561443759846775, "x8": 1.3095763284400561, "x9": 1.8793704051536548}, "datetime": {"datetime": "2025-05-15 14:13:16", "elapsed": 33759.788967, "delta": 43.707933}}
{"target": 2.635160523104391, "params": {"x0": 0.814165435435971, "x1": 9.576919968785539, "x2": 3.7715994242268183, "x3": 0.905138358964928, "x4": 2.051935077306659, "x5": 10.614236203312421, "x6": 2.975882362565342, "x7": -2.6561443759846775, "x8": 1.3095763284400561, "x9": 1.8793704051536548}, "datetime": {"datetime": "2025-05-15 14:14:05", "elapsed": 33808.933893, "delta": 49.144926}}
{"target": 2.635160523104391, "params": {"x0": 0.814165435435971, "x1": 9.576919968785539, "x2": 3.7715994242268183, "x3": 0.905138358964928, "x4": 2.051935077306659, "x5": 10.614236203312421, "x6": 2.975882362565342, "x7": -2.6561443759846775, "x8": 1.3095763284400561, "x9": 1.8793704051536548}, "datetime": {"datetime": "2025-05-15 14:15:02", "elapsed": 33866.221544, "delta": 57.287651}}
{"target": 2.635160523104391, "params": {"x0": 0.814165435435971, "x1": 9.576919968785539, "x2": 3.7715994242268183, "x3": 0.905138358964928, "x4": 2.051935077306659, "x5": 10.614236203312421, "x6": 2.975882362565342, "x7": -2.6561443759846775, "x8": 1.3095763284400561, "x9": 1.8793704051536548}, "datetime": {"datetime": "2025-05-15 14:15:56", "elapsed": 33919.418906, "delta": 53.197362}}
{"target": 2.635160523104391, "params": {"x0": 0.814165435435971, "x1": 9.576919968785539, "x2": 3.7715994242268183, "x3": 0.905138358964928, "x4": 2.051935077306659, "x5": 10.614236203312421, "x6": 2.975882362565342, "x7": -2.6561443759846775, "x8": 1.3095763284400561, "x9": 1.8793704051536548}, "datetime": {"datetime": "2025-05-15 14:16:38", "elapsed": 33961.998834, "delta": 42.579928}}
{"target": 2.635160523104391, "params": {"x0": 0.814165435435971, "x1": 9.576919968785539, "x2": 3.7715994242268183, "x3": 0.905138358964928, "x4": 2.051935077306659, "x5": 10.614236203312421, "x6": 2.975882362565342, "x7": -2.6561443759846775, "x8": 1.3095763284400561, "x9": 1.8793704051536548}, "datetime": {"datetime": "2025-05-15 14:17:21", "elapsed": 34004.466828, "delta": 42.467994}}
{"target": 2.635160523104391, "params": {"x0": 0.814165435435971, "x1": 9.576919968785539, "x2": 3.7715994242268183, "x3": 0.905138358964928, "x4": 2.051935077306659, "x5": 10.614236203312421, "x6": 2.975882362565342, "x7": -2.6561443759846775, "x8": 1.3095763284400561, "x9": 1.8793704051536548}, "datetime": {"datetime": "2025-05-15 14:18:22", "elapsed": 34066.302333, "delta": 61.835505}}
{"target": 2.635160523104391, "params": {"x0": 0.814165435435971, "x1": 9.576919968785539, "x2": 3.7715994242268183, "x3": 0.905138358964928, "x4": 2.051935077306659, "x5": 10.614236203312421, "x6": 2.975882362565342, "x7": -2.6561443759846775, "x8": 1.3095763284400561, "x9": 1.8793704051536548}, "datetime": {"datetime": "2025-05-15 14:19:14", "elapsed": 34118.054048, "delta": 51.751715}}
{"target": 2.635160523104391, "params": {"x0": 0.814165435435971, "x1": 9.576919968785539, "x2": 3.7715994242268183, "x3": 0.905138358964928, "x4": 2.051935077306659, "x5": 10.614236203312421, "x6": 2.975882362565342, "x7": -2.6561443759846775, "x8": 1.3095763284400561, "x9": 1.8793704051536548}, "datetime": {"datetime": "2025-05-15 14:20:10", "elapsed": 34173.68648, "delta": 55.632432}}
{"target": 2.635160523104391, "params": {"x0": 0.814165435435971, "x1": 9.576919968785539, "x2": 3.7715994242268183, "x3": 0.905138358964928, "x4": 2.051935077306659, "x5": 10.614236203312421, "x6": 2.975882362565342, "x7": -2.6561443759846775, "x8": 1.3095763284400561, "x9": 1.8793704051536548}, "datetime": {"datetime": "2025-05-15 14:20:51", "elapsed": 34214.905326, "delta": 41.218846}}
{"target": 2.635160523104391, "params": {"x0": 0.814165435435971, "x1": 9.576919968785539, "x2": 3.7715994242268183, "x3": 0.905138358964928, "x4": 2.051935077306659, "x5": 10.614236203312421, "x6": 2.975882362565342, "x7": -2.6561443759846775, "x8": 1.3095763284400561, "x9": 1.8793704051536548}, "datetime": {"datetime": "2025-05-15 14:21:41", "elapsed": 34265.01234, "delta": 50.107014}}
{"target": 2.635160523104391, "params": {"x0": 0.814165435435971, "x1": 9.576919968785539, "x2": 3.7715994242268183, "x3": 0.905138358964928, "x4": 2.051935077306659, "x5": 10.614236203312421, "x6": 2.975882362565342, "x7": -2.6561443759846775, "x8": 1.3095763284400561, "x9": 1.8793704051536548}, "datetime": {"datetime": "2025-05-15 14:22:21", "elapsed": 34305.287909, "delta": 40.275569}}
{"target": 2.635160523104391, "params": {"x0": 0.814165435435971, "x1": 9.576919968785539, "x2": 3.7715994242268183, "x3": 0.905138358964928, "x4": 2.051935077306659, "x5": 10.614236203312421, "x6": 2.975882362565342, "x7": -2.6561443759846775, "x8": 1.3095763284400561, "x9": 1.8793704051536548}, "datetime": {"datetime": "2025-05-15 14:23:15", "elapsed": 34358.732873, "delta": 53.444964}}
{"target": 2.635160523104391, "params": {"x0": 0.814165435435971, "x1": 9.576919968785539, "x2": 3.7715994242268183, "x3": 0.905138358964928, "x4": 2.051935077306659, "x5": 10.614236203312421, "x6": 2.975882362565342, "x7": -2.6561443759846775, "x8": 1.3095763284400561, "x9": 1.8793704051536548}, "datetime": {"datetime": "2025-05-15 14:24:01", "elapsed": 34404.336496, "delta": 45.603623}}
{"target": 2.635160523104391, "params": {"x0": 0.814165435435971, "x1": 9.576919968785539, "x2": 3.7715994242268183, "x3": 0.905138358964928, "x4": 2.051935077306659, "x5": 10.614236203312421, "x6": 2.975882362565342, "x7": -2.6561443759846775, "x8": 1.3095763284400561, "x9": 1.8793704051536548}, "datetime": {"datetime": "2025-05-15 14:24:55", "elapsed": 34458.832367, "delta": 54.495871}}
{"target": 2.635160523104391, "params": {"x0": 0.814165435435971, "x1": 9.576919968785539, "x2": 3.7715994242268183, "x3": 0.905138358964928, "x4": 2.051935077306659, "x5": 10.614236203312421, "x6": 2.975882362565342, "x7": -2.6561443759846775, "x8": 1.3095763284400561, "x9": 1.8793704051536548}, "datetime": {"datetime": "2025-05-15 14:25:46", "elapsed": 34509.366746, "delta": 50.534379}}
{"target": 2.635160523104391, "params": {"x0": 0.814165435435971, "x1": 9.576919968785539, "x2": 3.7715994242268183, "x3": 0.905138358964928, "x4": 2.051935077306659, "x5": 10.614236203312421, "x6": 2.975882362565342, "x7": -2.6561443759846775, "x8": 1.3095763284400561, "x9": 1.8793704051536548}, "datetime": {"datetime": "2025-05-15 14:26:35", "elapsed": 34559.04889, "delta": 49.682144}}
{"target": 2.635160523104391, "params": {"x0": 0.814165435435971, "x1": 9.576919968785539, "x2": 3.7715994242268183, "x3": 0.905138358964928, "x4": 2.051935077306659, "x5": 10.614236203312421, "x6": 2.975882362565342, "x7": -2.6561443759846775, "x8": 1.3095763284400561, "x9": 1.8793704051536548}, "datetime": {"datetime": "2025-05-15 14:27:26", "elapsed": 34610.260043, "delta": 51.211153}}
{"target": 2.635160523104391, "params": {"x0": 0.814165435435971, "x1": 9.576919968785539, "x2": 3.7715994242268183, "x3": 0.905138358964928, "x4": 2.051935077306659, "x5": 10.614236203312421, "x6": 2.975882362565342, "x7": -2.6561443759846775, "x8": 1.3095763284400561, "x9": 1.8793704051536548}, "datetime": {"datetime": "2025-05-15 14:28:12", "elapsed": 34655.541666, "delta": 45.281623}}
{"target": 2.635160523104391, "params": {"x0": 0.814165435435971, "x1": 9.576919968785539, "x2": 3.7715994242268183, "x3": 0.905138358964928, "x4": 2.051935077306659, "x5": 10.614236203312421, "x6": 2.975882362565342, "x7": -2.6561443759846775, "x8": 1.3095763284400561, "x9": 1.8793704051536548}, "datetime": {"datetime": "2025-05-15 14:28:54", "elapsed": 34697.482504, "delta": 41.940838}}
{"target": 2.635160523104391, "params": {"x0": 0.814165435435971, "x1": 9.576919968785539, "x2": 3.7715994242268183, "x3": 0.905138358964928, "x4": 2.051935077306659, "x5": 10.614236203312421, "x6": 2.975882362565342, "x7": -2.6561443759846775, "x8": 1.3095763284400561, "x9": 1.8793704051536548}, "datetime": {"datetime": "2025-05-15 14:29:49", "elapsed": 34752.916729, "delta": 55.434225}}
{"target": 2.635160523104391, "params": {"x0": 0.814165435435971, "x1": 9.576919968785539, "x2": 3.7715994242268183, "x3": 0.905138358964928, "x4": 2.051935077306659, "x5": 10.614236203312421, "x6": 2.975882362565342, "x7": -2.6561443759846775, "x8": 1.3095763284400561, "x9": 1.8793704051536548}, "datetime": {"datetime": "2025-05-15 14:30:43", "elapsed": 34806.598235, "delta": 53.681506}}
{"target": 2.635160523104391, "params": {"x0": 0.814165435435971, "x1": 9.576919968785539, "x2": 3.7715994242268183, "x3": 0.905138358964928, "x4": 2.051935077306659, "x5": 10.614236203312421, "x6": 2.975882362565342, "x7": -2.6561443759846775, "x8": 1.3095763284400561, "x9": 1.8793704051536548}, "datetime": {"datetime": "2025-05-15 14:31:32", "elapsed": 34856.316162, "delta": 49.717927}}
{"target": 2.635160523104391, "params": {"x0": 0.814165435435971, "x1": 9.576919968785539, "x2": 3.7715994242268183, "x3": 0.905138358964928, "x4": 2.051935077306659, "x5": 10.614236203312421, "x6": 2.975882362565342, "x7": -2.6561443759846775, "x8": 1.3095763284400561, "x9": 1.8793704051536548}, "datetime": {"datetime": "2025-05-15 14:32:31", "elapsed": 34914.767464, "delta": 58.451302}}
{"target": 2.635160523104391, "params": {"x0": 0.814165435435971, "x1": 9.576919968785539, "x2": 3.7715994242268183, "x3": 0.905138358964928, "x4": 2.051935077306659, "x5": 10.614236203312421, "x6": 2.975882362565342, "x7": -2.6561443759846775, "x8": 1.3095763284400561, "x9": 1.8793704051536548}, "datetime": {"datetime": "2025-05-15 14:33:23", "elapsed": 34966.851356, "delta": 52.083892}}
{"target": 2.635160523104391, "params": {"x0": 0.814165435435971, "x1": 9.576919968785539, "x2": 3.7715994242268183, "x3": 0.905138358964928, "x4": 2.051935077306659, "x5": 10.614236203312421, "x6": 2.975882362565342, "x7": -2.6561443759846775, "x8": 1.3095763284400561, "x9": 1.8793704051536548}, "datetime": {"datetime": "2025-05-15 14:34:25", "elapsed": 35028.785285, "delta": 61.933929}}
{"target": 2.635160523104391, "params": {"x0": 0.814165435435971, "x1": 9.576919968785539, "x2": 3.7715994242268183, "x3": 0.905138358964928, "x4": 2.051935077306659, "x5": 10.614236203312421, "x6": 2.975882362565342, "x7": -2.6561443759846775, "x8": 1.3095763284400561, "x9": 1.8793704051536548}, "datetime": {"datetime": "2025-05-15 14:35:07", "elapsed": 35070.826987, "delta": 42.041702}}
