{"target": 0.11067296435700151, "params": {"x0": 0.8855694228667326, "x1": 8.114439002271277, "x2": 6.244231744309607, "x3": 1.9986609934621822, "x4": 1.4725742472469798, "x5": 11.051619888097566, "x6": 1.020462978038089, "x7": -4.877338401154367, "x8": 1.0201578991924332, "x9": 1.8873783574684668}, "datetime": {"datetime": "2025-05-15 04:57:46", "elapsed": 429.853586, "delta": 7.520797}}
{"target": 0.8288050068022687, "params": {"x0": 0.8375151370408606, "x1": 9.405067201231907, "x2": 4.021746739099581, "x3": 0.9979994069643248, "x4": 2.250654181442179, "x5": 10.548813612226757, "x6": 3.0485850382262965, "x7": -2.4427790031467413, "x8": 1.207815113890861, "x9": 1.8000852150394102}, "datetime": {"datetime": "2025-05-15 04:57:54", "elapsed": 437.650848, "delta": 7.797262}}
{"target": 0.44563805959799774, "params": {"x0": 0.8388043507549122, "x1": 9.369099562494961, "x2": 4.131579402376153, "x3": 1.044779864639295, "x4": 2.3438069555832666, "x5": 10.5807442400768, "x6": 3.20170231562464, "x7": -2.3439052711486186, "x8": 1.1888806825158824, "x9": 1.7962543123472652}, "datetime": {"datetime": "2025-05-15 04:58:02", "elapsed": 445.36759, "delta": 7.716742}}
{"target": 0.7100276007050751, "params": {"x0": 0.8169362973720415, "x1": 9.437030753466571, "x2": 4.068848372833088, "x3": 1.5732147184546355, "x4": 2.306345199284353, "x5": 10.737279059158709, "x6": 2.6077843743268643, "x7": -2.1388116130400796, "x8": 1.133655560851825, "x9": 1.5893621183831503}, "datetime": {"datetime": "2025-05-15 04:58:09", "elapsed": 452.971209, "delta": 7.603619}}
{"target": 1.501462504510874, "params": {"x0": 0.8339761646593491, "x1": 9.431842376048984, "x2": 3.984065030932654, "x3": 1.1149268996963788, "x4": 2.219884068616864, "x5": 10.584659561218931, "x6": 2.8921046638059864, "x7": -2.4258027842259997, "x8": 1.2069886716069924, "x9": 1.753734856092484}, "datetime": {"datetime": "2025-05-15 04:58:17", "elapsed": 460.931354, "delta": 7.960145}}
{"target": 0.2827657563172407, "params": {"x0": 0.857730659616826, "x1": 9.656838568239445, "x2": 2.723131283987076, "x3": 0.5895229576666198, "x4": 0.9593280623817368, "x5": 12.304883996039582, "x6": 3.567358362526199, "x7": -1.7467811734027574, "x8": 0.9800181325923392, "x9": 1.9097695350755761}, "datetime": {"datetime": "2025-05-15 04:58:25", "elapsed": 468.658256, "delta": 7.726902}}
{"target": 0.6870494011738999, "params": {"x0": 0.8097610499625324, "x1": 9.448510902800441, "x2": 3.8595763227025195, "x3": 0.6443814335218144, "x4": 1.03209815561986, "x5": 11.559295535268316, "x6": 0.7493348324617166, "x7": -4.254412511769694, "x8": 1.010508070520544, "x9": 1.8955597812226985}, "datetime": {"datetime": "2025-05-15 04:58:32", "elapsed": 476.092829, "delta": 7.434573}}
{"target": 0.8646602595421738, "params": {"x0": 0.8315529835325148, "x1": 9.438789857332806, "x2": 3.989968684806874, "x3": 1.2056007579828538, "x4": 2.2262545244566985, "x5": 10.61630213669413, "x6": 2.827535172735189, "x7": -2.384120842338143, "x8": 1.199217646807329, "x9": 1.7213879216227062}, "datetime": {"datetime": "2025-05-15 04:58:40", "elapsed": 484.103977, "delta": 8.011148}}
{"target": 0.02518286746815814, "params": {"x0": 0.8353048783956322, "x1": 9.421089704319831, "x2": 4.20350077878763, "x3": 1.2912412073051462, "x4": 1.8900891964112487, "x5": 10.738522350153886, "x6": 2.851248728043016, "x7": -2.226245952442919, "x8": 1.18356612827214, "x9": 1.597729798872187}, "datetime": {"datetime": "2025-05-15 04:58:48", "elapsed": 491.705434, "delta": 7.601457}}
{"target": 2.3709928555257185, "params": {"x0": 0.8135589056588481, "x1": 9.578144687745521, "x2": 3.772506837402542, "x3": 0.9013620109780455, "x4": 2.0543343624837767, "x5": 10.618218298756592, "x6": 2.974895374651596, "x7": -2.659596673413067, "x8": 1.3124027597383074, "x9": 1.877341742783817}, "datetime": {"datetime": "2025-05-15 04:58:55", "elapsed": 499.050003, "delta": 7.344569}}
{"target": 0.05980606452649353, "params": {"x0": 0.8004746563490349, "x1": 9.316532913846236, "x2": 4.251464293734873, "x3": 1.6494288485999316, "x4": 2.0497245211715223, "x5": 11.082697902536259, "x6": 2.2116330241972135, "x7": -1.1660460650814488, "x8": 1.415560523265527, "x9": 1.9096469331536357}, "datetime": {"datetime": "2025-05-15 04:59:03", "elapsed": 506.904092, "delta": 7.854089}}
{"target": 0.5592610481591236, "params": {"x0": 0.8172697458733222, "x1": 9.552428553888678, "x2": 3.8087094669549626, "x3": 0.9483345614030863, "x4": 2.083270134416362, "x5": 10.613408339037068, "x6": 2.9478856908808706, "x7": -2.615897099712066, "x8": 1.2927268320281864, "x9": 1.8512786766245632}, "datetime": {"datetime": "2025-05-15 04:59:11", "elapsed": 514.603642, "delta": 7.69955}}
{"target": 0.17117123076956886, "params": {"x0": 0.824997746248681, "x1": 9.903063948367413, "x2": 3.2869161564942018, "x3": 0.5814485736025294, "x4": 2.418192798982053, "x5": 10.592523848123797, "x6": 3.5542093807467525, "x7": -2.117061497361383, "x8": 1.2562396790430685, "x9": 1.8715098255312481}, "datetime": {"datetime": "2025-05-15 04:59:19", "elapsed": 522.806836, "delta": 8.203194}}
{"target": 0.19202268652127139, "params": {"x0": 0.8334348259248855, "x1": 9.569105295095, "x2": 3.676912341067646, "x3": 0.757943258587495, "x4": 1.894309731699422, "x5": 10.507730786264817, "x6": 2.847434695119096, "x7": -2.6230951557310687, "x8": 1.3075849536770954, "x9": 1.9263754111298137}, "datetime": {"datetime": "2025-05-15 04:59:27", "elapsed": 530.739208, "delta": 7.932372}}
{"target": 1.7226541443500403, "params": {"x0": 0.8212029390648143, "x1": 9.436063962834607, "x2": 3.574572829693468, "x3": 1.281308792840567, "x4": 1.5781092542802315, "x5": 11.428956127060152, "x6": 3.2211033663138906, "x7": -3.059947037929939, "x8": 1.2698224929998072, "x9": 1.8130915315895675}, "datetime": {"datetime": "2025-05-15 04:59:35", "elapsed": 538.44693, "delta": 7.707722}}
{"target": 0.20051370893138376, "params": {"x0": 0.81891647560352, "x1": 9.973884116354563, "x2": 3.397598405754798, "x3": 0.6238237418931115, "x4": 2.1687142950231584, "x5": 9.742934599959742, "x6": 2.7344309902456887, "x7": -3.1735469749010665, "x8": 1.333455011993121, "x9": 1.8263459102455504}, "datetime": {"datetime": "2025-05-15 04:59:42", "elapsed": 546.213094, "delta": 7.766164}}
{"target": 0.5731384460508646, "params": {"x0": 0.8243934363982524, "x1": 9.447253980729554, "x2": 3.80648003786344, "x3": 0.8937896285636191, "x4": 2.0681352533636828, "x5": 10.728191553208527, "x6": 2.980504591508657, "x7": -2.5978464597924296, "x8": 1.3049528725925081, "x9": 1.9058280348583585}, "datetime": {"datetime": "2025-05-15 04:59:50", "elapsed": 553.800529, "delta": 7.587435}}
{"target": 0.8391784296705831, "params": {"x0": 0.8133321687439418, "x1": 9.575686935491202, "x2": 3.7652311611168066, "x3": 0.8882126906366274, "x4": 2.0475767202186086, "x5": 10.62740786101593, "x6": 2.982596344408952, "x7": -2.666941906423003, "x8": 1.3171636646639742, "x9": 1.886382538319491}, "datetime": {"datetime": "2025-05-15 04:59:57", "elapsed": 561.306606, "delta": 7.506077}}
{"target": 1.2713476807333686, "params": {"x0": 0.8208458381645088, "x1": 9.36830166263848, "x2": 3.8606620339704705, "x3": 0.8222908955976209, "x4": 2.1394012173457897, "x5": 10.719732683135303, "x6": 2.9080099827877444, "x7": -2.586368532840018, "x8": 1.2565734556667822, "x9": 1.8891665597676093}, "datetime": {"datetime": "2025-05-15 05:00:05", "elapsed": 569.080017, "delta": 7.773411}}
{"target": 1.215178747718669, "params": {"x0": 0.8096461201157557, "x1": 9.54606147762847, "x2": 3.812695324478981, "x3": 0.8725373723784985, "x4": 2.1003611922691983, "x5": 10.578560726565449, "x6": 2.984444860404769, "x7": -2.502819422291102, "x8": 1.3382023314371532, "x9": 1.8919930151211661}, "datetime": {"datetime": "2025-05-15 05:00:13", "elapsed": 576.621611, "delta": 7.541594}}
{"target": 0.40659963496387175, "params": {"x0": 0.8188607313466063, "x1": 9.372041829263493, "x2": 3.8991614150672818, "x3": 0.882262706728426, "x4": 2.183174348907419, "x5": 10.664346481802472, "x6": 2.9350452882151257, "x7": -2.6452756289089754, "x8": 1.2900532470787314, "x9": 1.849648457192761}, "datetime": {"datetime": "2025-05-15 05:00:20", "elapsed": 583.853582, "delta": 7.231971}}
{"target": 1.8270478101335847, "params": {"x0": 0.8108463736587133, "x1": 9.533151748910369, "x2": 3.8310733112732933, "x3": 0.9392729207327033, "x4": 2.058225110323759, "x5": 10.645710169853444, "x6": 3.0136053657313546, "x7": -2.769967127755995, "x8": 1.3215868071011774, "x9": 1.879316912369724}, "datetime": {"datetime": "2025-05-15 05:00:28", "elapsed": 591.470972, "delta": 7.61739}}
{"target": 2.0248444313005347, "params": {"x0": 0.8101658808500045, "x1": 9.456539785261445, "x2": 3.919652961490661, "x3": 0.9591286554663001, "x4": 2.0702936266687493, "x5": 10.656635016623369, "x6": 3.024508407067857, "x7": -2.7919594886174726, "x8": 1.329748526196817, "x9": 1.875767556554002}, "datetime": {"datetime": "2025-05-15 05:00:35", "elapsed": 599.088313, "delta": 7.617341}}
{"target": 0.8211019506232465, "params": {"x0": 0.8098340143353902, "x1": 9.509101995910871, "x2": 3.8574091792317295, "x3": 0.8531449281035144, "x4": 2.139369536162522, "x5": 10.596486891532248, "x6": 3.00782204800323, "x7": -2.5124013529623337, "x8": 1.2994311255661433, "x9": 1.8720625343847195}, "datetime": {"datetime": "2025-05-15 05:00:43", "elapsed": 606.759503, "delta": 7.67119}}
{"target": 1.3982249736726684, "params": {"x0": 0.8176858330065728, "x1": 9.451686977337808, "x2": 3.9409388630054445, "x3": 0.9320200886282386, "x4": 2.084708551109693, "x5": 10.680955469142381, "x6": 3.029316567851442, "x7": -2.781236857594181, "x8": 1.3175479485733217, "x9": 1.904766424547433}, "datetime": {"datetime": "2025-05-15 05:00:50", "elapsed": 614.019067, "delta": 7.259564}}
{"target": 0.5931851312953068, "params": {"x0": 0.8141433749678391, "x1": 9.502795658031479, "x2": 3.916813893446722, "x3": 0.8783112301439105, "x4": 2.1630677845116706, "x5": 10.604790972803157, "x6": 3.161062355937521, "x7": -2.828737034418266, "x8": 1.3229835875289957, "x9": 1.8541137500753333}, "datetime": {"datetime": "2025-05-15 05:00:58", "elapsed": 621.483043, "delta": 7.463976}}
{"target": 0.8482429807800929, "params": {"x0": 0.8177644420691038, "x1": 9.523168470772898, "x2": 3.862100191310069, "x3": 0.8945863037512459, "x4": 2.114256387961066, "x5": 10.587059650741105, "x6": 3.007984031912127, "x7": -2.5064087162041377, "x8": 1.3227499643877196, "x9": 1.8652071962498813}, "datetime": {"datetime": "2025-05-15 05:01:05", "elapsed": 629.194189, "delta": 7.711146}}
{"target": 2.3709928555257185, "params": {"x0": 0.8139495227115131, "x1": 9.575116663065355, "x2": 3.776026338249178, "x3": 0.9056492905998161, "x4": 2.0570550237112886, "x5": 10.618334219635798, "x6": 2.972483617801296, "x7": -2.6553649347386488, "x8": 1.3105717269325223, "x9": 1.8750969638770043}, "datetime": {"datetime": "2025-05-15 05:01:13", "elapsed": 636.973666, "delta": 7.779477}}
{"target": 1.25968683320388, "params": {"x0": 0.8108288073562137, "x1": 9.521799335928698, "x2": 3.844360858621101, "x3": 0.9418905539241869, "x4": 2.060171968668781, "x5": 10.647520994987813, "x6": 3.0151888957609914, "x7": -2.7728987741412885, "x8": 1.3226487273291911, "x9": 1.879071685867019}, "datetime": {"datetime": "2025-05-15 05:01:21", "elapsed": 644.932938, "delta": 7.959272}}
{"target": 0.73218478783384, "params": {"x0": 0.8131531686321174, "x1": 9.58526742318338, "x2": 3.7738761385162363, "x3": 0.907091414402315, "x4": 2.0564511559701195, "x5": 10.609299976272354, "x6": 2.9714138803397128, "x7": -2.6593757811421903, "x8": 1.3107830105457823, "x9": 1.8723010301906118}, "datetime": {"datetime": "2025-05-15 05:01:29", "elapsed": 653.116377, "delta": 8.183439}}
{"target": 0.278865769659585, "params": {"x0": 0.8166508354388269, "x1": 9.604550313829007, "x2": 3.7845663302004073, "x3": 0.9783397290582447, "x4": 1.9896218892372601, "x5": 10.623734254595703, "x6": 2.8491540209632285, "x7": -2.5783196987484907, "x8": 1.3023216383457354, "x9": 1.8795887964362203}, "datetime": {"datetime": "2025-05-15 05:01:37", "elapsed": 660.873571, "delta": 7.757194}}
{"target": 0.5205692629038506, "params": {"x0": 0.8133269489227406, "x1": 9.605892552826635, "x2": 3.8497777671219318, "x3": 0.8233319739722449, "x4": 2.048885447593035, "x5": 10.438720543357022, "x6": 3.069821344507692, "x7": -2.768600542323025, "x8": 1.3080766452276178, "x9": 1.8678361236689014}, "datetime": {"datetime": "2025-05-15 05:01:45", "elapsed": 668.776388, "delta": 7.902817}}
{"target": 0.831041005081003, "params": {"x0": 0.814056472602194, "x1": 9.572226487142393, "x2": 3.7743839392319662, "x3": 0.9015436764092014, "x4": 2.0552372803048695, "x5": 10.622926388369454, "x6": 2.9749263912224815, "x7": -2.6565984314724593, "x8": 1.3118960107479996, "x9": 1.8783043009886364}, "datetime": {"datetime": "2025-05-15 05:01:53", "elapsed": 676.936838, "delta": 8.16045}}
{"target": 2.356890535860799, "params": {"x0": 0.8157533842856785, "x1": 9.525298937094206, "x2": 3.8051192839808183, "x3": 0.9511757845641764, "x4": 2.097483784776559, "x5": 10.656853786829432, "x6": 3.0705079477483, "x7": -2.6494622203245775, "x8": 1.312767472509171, "x9": 1.8777277989553496}, "datetime": {"datetime": "2025-05-15 05:02:01", "elapsed": 684.555567, "delta": 7.618729}}
{"target": 1.1813152784478445, "params": {"x0": 0.811266038946, "x1": 9.544343912209769, "x2": 3.8231090860584835, "x3": 0.9256912434249519, "x4": 2.0646893604360614, "x5": 10.644208222449016, "x6": 3.0314458066553387, "x7": -2.763522269206574, "x8": 1.3221641216609585, "x9": 1.883962976906255}, "datetime": {"datetime": "2025-05-15 05:02:08", "elapsed": 692.081772, "delta": 7.526205}}
{"target": 0.9946455482188439, "params": {"x0": 0.8129329039840201, "x1": 9.590141941183262, "x2": 3.793420952134251, "x3": 0.8615104639896287, "x4": 2.0864335485590293, "x5": 10.709452198054999, "x6": 3.0431048574833186, "x7": -2.749457093283738, "x8": 1.3199565374998683, "x9": 1.873144708052429}, "datetime": {"datetime": "2025-05-15 05:02:16", "elapsed": 699.888837, "delta": 7.807065}}
{"target": 2.3709928555257185, "params": {"x0": 0.8136428648532145, "x1": 9.578254797892244, "x2": 3.7742345146715914, "x3": 0.9042454847839219, "x4": 2.0558711171500117, "x5": 10.616552641621075, "x6": 2.9732273054327947, "x7": -2.6578039590905314, "x8": 1.3113318182795544, "x9": 1.875440684606581}, "datetime": {"datetime": "2025-05-15 05:02:24", "elapsed": 707.668493, "delta": 7.779656}}
{"target": 0.2796327856448805, "params": {"x0": 0.8136203522228872, "x1": 9.618050500978251, "x2": 3.8116222246254887, "x3": 0.8895733508623753, "x4": 2.043034433713977, "x5": 10.602788715663662, "x6": 2.986915760703985, "x7": -2.6450792067974347, "x8": 1.3110295787990087, "x9": 1.8728400284556068}, "datetime": {"datetime": "2025-05-15 05:02:31", "elapsed": 715.181678, "delta": 7.513185}}
{"target": 2.3709928555257185, "params": {"x0": 0.8138274700518168, "x1": 9.57803668481791, "x2": 3.772454481599975, "x3": 0.9023432796955806, "x4": 2.0554507411037695, "x5": 10.617701464341042, "x6": 2.9724723209412742, "x7": -2.654383140380956, "x8": 1.3112423108598625, "x9": 1.8762579299500066}, "datetime": {"datetime": "2025-05-15 05:02:39", "elapsed": 723.121218, "delta": 7.93954}}
{"target": 2.3709928555257185, "params": {"x0": 0.8135984911962195, "x1": 9.578912489908399, "x2": 3.7755129451305365, "x3": 0.904142549187435, "x4": 2.055975796093675, "x5": 10.617114382093401, "x6": 2.975387518468587, "x7": -2.654877965402867, "x8": 1.3129285038599483, "x9": 1.878385707350757}, "datetime": {"datetime": "2025-05-15 05:02:47", "elapsed": 731.119691, "delta": 7.998473}}
{"target": 0.47313845801977344, "params": {"x0": 0.8139806711776044, "x1": 9.556762854416682, "x2": 3.77809933353027, "x3": 0.9312367134171995, "x4": 2.0677156075111767, "x5": 10.62729985975063, "x6": 2.9939881200575496, "x7": -2.669427635786477, "x8": 1.3134629198465497, "x9": 1.8729434741170188}, "datetime": {"datetime": "2025-05-15 05:02:55", "elapsed": 738.881654, "delta": 7.761963}}
{"target": 0.5357710266654367, "params": {"x0": 0.8143571638175844, "x1": 9.590886225329792, "x2": 3.757786212480661, "x3": 0.8880336679551989, "x4": 2.081477200318891, "x5": 10.55840818394867, "x6": 2.935414077172509, "x7": -2.6521449250037175, "x8": 1.312542385664498, "x9": 1.8759924648678872}, "datetime": {"datetime": "2025-05-15 05:03:03", "elapsed": 746.671121, "delta": 7.789467}}
{"target": 2.3709928555257185, "params": {"x0": 0.8134671965737256, "x1": 9.578991868907153, "x2": 3.771679274144813, "x3": 0.906154695147116, "x4": 2.0562076803336446, "x5": 10.619105370642135, "x6": 2.9763513810363986, "x7": -2.6555969938158626, "x8": 1.3107878448274581, "x9": 1.8757494245185167}, "datetime": {"datetime": "2025-05-15 05:03:11", "elapsed": 754.560699, "delta": 7.889578}}
{"target": 1.6360662444277376, "params": {"x0": 0.8133249375985808, "x1": 9.58124814469517, "x2": 3.7745955760556087, "x3": 0.9054908843343691, "x4": 2.055128164466126, "x5": 10.621086017797715, "x6": 2.9719218376417915, "x7": -2.656411388303363, "x8": 1.311494351768885, "x9": 1.8772971900733046}, "datetime": {"datetime": "2025-05-15 05:03:19", "elapsed": 762.724597, "delta": 8.163898}}
{"target": 2.3709928555257185, "params": {"x0": 0.8131302167109571, "x1": 9.576859715650471, "x2": 3.7739859380347367, "x3": 0.9024675429693858, "x4": 2.0552446707586602, "x5": 10.615418591243582, "x6": 2.977834224940484, "x7": -2.6547533887749917, "x8": 1.310347314214502, "x9": 1.8741223540417251}, "datetime": {"datetime": "2025-05-15 05:03:27", "elapsed": 770.790855, "delta": 8.066258}}
{"target": 2.3709928555257185, "params": {"x0": 0.8143077078528269, "x1": 9.575461757418758, "x2": 3.770727064305836, "x3": 0.90475777588127, "x4": 2.0581478804266635, "x5": 10.614206581260683, "x6": 2.975657083031829, "x7": -2.6557041648287116, "x8": 1.3128638217988555, "x9": 1.8772765822932047}, "datetime": {"datetime": "2025-05-15 05:03:36", "elapsed": 779.487173, "delta": 8.696318}}
{"target": 2.3709928555257185, "params": {"x0": 0.814232827633429, "x1": 9.576249549247597, "x2": 3.7722790907586887, "x3": 0.9059383547141306, "x4": 2.0523943188379907, "x5": 10.61571539476404, "x6": 2.9752909467241273, "x7": -2.6547829857717735, "x8": 1.31493546289658, "x9": 1.8745857629621154}, "datetime": {"datetime": "2025-05-15 05:03:44", "elapsed": 788.16394, "delta": 8.676767}}
{"target": 2.635160523104391, "params": {"x0": 0.814165435435971, "x1": 9.576919968785539, "x2": 3.7715994242268183, "x3": 0.905138358964928, "x4": 2.051935077306659, "x5": 10.614236203312421, "x6": 2.975882362565342, "x7": -2.6561443759846775, "x8": 1.3095763284400561, "x9": 1.8793704051536548}, "datetime": {"datetime": "2025-05-15 05:03:52", "elapsed": 796.303494, "delta": 8.139554}}
{"target": 2.635160523104391, "params": {"x0": 0.8146809857465254, "x1": 9.575076292669142, "x2": 3.774256472746052, "x3": 0.9089582284004826, "x4": 2.0550479155834362, "x5": 10.61383038196446, "x6": 2.9743134521650263, "x7": -2.6508912350008735, "x8": 1.3081714288574908, "x9": 1.8772394946165685}, "datetime": {"datetime": "2025-05-15 05:04:01", "elapsed": 804.382628, "delta": 8.079134}}
{"target": 0.10638209725655279, "params": {"x0": 0.8143359199340964, "x1": 9.570604167900983, "x2": 3.7610922733256653, "x3": 0.904393815639782, "x4": 2.0633515162523914, "x5": 10.607571978497267, "x6": 2.9634594284549562, "x7": -2.6579692962034267, "x8": 1.3104117506142592, "x9": 1.8808101054439055}, "datetime": {"datetime": "2025-05-15 05:04:08", "elapsed": 812.311252, "delta": 7.928624}}
{"target": 0.5573455702849321, "params": {"x0": 0.8138016534330836, "x1": 9.567606853753071, "x2": 3.7634756795479682, "x3": 0.8974009184376283, "x4": 2.048606436230689, "x5": 10.609183955562466, "x6": 2.9867518466197143, "x7": -2.675288238439359, "x8": 1.3111558568472395, "x9": 1.8803680254243924}, "datetime": {"datetime": "2025-05-15 05:04:16", "elapsed": 820.014798, "delta": 7.703546}}
{"target": 0.30918214768341706, "params": {"x0": 0.8143476346648623, "x1": 9.578779741425441, "x2": 3.778833534996084, "x3": 0.8955029164210392, "x4": 2.058120254100002, "x5": 10.598083134945556, "x6": 2.967271147731121, "x7": -2.6377058817020615, "x8": 1.3084487390969375, "x9": 1.8788746997812045}, "datetime": {"datetime": "2025-05-15 05:04:24", "elapsed": 827.769789, "delta": 7.754991}}
{"target": 0.5478776560887317, "params": {"x0": 0.8145036879947257, "x1": 9.574251038863993, "x2": 3.7759207615976424, "x3": 0.9109582668158432, "x4": 2.0546154687044504, "x5": 10.613877243016919, "x6": 2.978470067208135, "x7": -2.6563297000097625, "x8": 1.309404606873623, "x9": 1.8779723147502725}, "datetime": {"datetime": "2025-05-15 05:04:32", "elapsed": 835.955208, "delta": 8.185419}}
{"target": 0.1534621096573621, "params": {"x0": 0.814220430782616, "x1": 9.578785386442826, "x2": 3.768142981968532, "x3": 0.9013068904412032, "x4": 2.0458719466398017, "x5": 10.631132333091069, "x6": 2.990608074939742, "x7": -2.666437268621756, "x8": 1.3108243989250232, "x9": 1.8793163541115656}, "datetime": {"datetime": "2025-05-15 05:04:40", "elapsed": 843.669023, "delta": 7.713815}}
{"target": 0.32575944771532445, "params": {"x0": 0.8138914508633797, "x1": 9.577303446274486, "x2": 3.770755567622294, "x3": 0.9054138699633197, "x4": 2.053715641792571, "x5": 10.613837993951893, "x6": 2.9745487199661476, "x7": -2.6498296830107217, "x8": 1.309956692930499, "x9": 1.878237951926915}, "datetime": {"datetime": "2025-05-15 05:04:48", "elapsed": 851.693953, "delta": 8.02493}}
{"target": 0.9773804238874176, "params": {"x0": 0.814317697543814, "x1": 9.572726640255457, "x2": 3.769143524683276, "x3": 0.9103548571678396, "x4": 2.049282777272379, "x5": 10.616737716155775, "x6": 2.97277972697496, "x7": -2.645645851418691, "x8": 1.3102423066127502, "x9": 1.8784244784476307}, "datetime": {"datetime": "2025-05-15 05:04:55", "elapsed": 859.2306, "delta": 7.536647}}
