{"target": 2.635160523104391, "params": {"x0": 0.814166043279303, "x1": 9.576904912652614, "x2": 3.7716156089613753, "x3": 0.9051221848192258, "x4": 2.051918578185879, "x5": 10.614201039187776, "x6": 2.97584970450645, "x7": -2.6561774097070137, "x8": 1.3095734958875864, "x9": 1.87937291753651}, "datetime": {"datetime": "2025-05-15 05:12:38", "elapsed": 1322.27028, "delta": 8.760855}}
{"target": 2.635160523104391, "params": {"x0": 0.8141648883769721, "x1": 9.576933519305172, "x2": 3.771584857965717, "x3": 0.9051238022337961, "x4": 2.0519499265153613, "x5": 10.614267851024602, "x6": 2.975911754818345, "x7": -2.65617410633478, "x8": 1.3095737791428335, "x9": 1.8793681440090853}, "datetime": {"datetime": "2025-05-15 05:12:47", "elapsed": 1330.703488, "delta": 8.433208}}
{"target": 2.635160523104391, "params": {"x0": 0.814164943082872, "x1": 9.576932164253208, "x2": 3.771586314591827, "x3": 0.9051514600229468, "x4": 2.051948441594491, "x5": 10.614207720371459, "x6": 2.9758559095376396, "x7": -2.656117618669585, "x8": 1.3095740340725557, "x9": 1.8793724401837675}, "datetime": {"datetime": "2025-05-15 05:12:56", "elapsed": 1339.498792, "delta": 8.795304}}
{"target": 2.635160523104391, "params": {"x0": 0.81416587855376, "x1": 9.576908992864636, "x2": 3.7716112228983105, "x3": 0.9051265680127111, "x4": 2.0519230494476104, "x5": 10.614210568665555, "x6": 2.9758585548404097, "x7": -2.6561684575682607, "x8": 1.3095742635093057, "x9": 1.8793722366807561}, "datetime": {"datetime": "2025-05-15 05:13:04", "elapsed": 1348.219614, "delta": 8.720822}}
{"target": 2.635160523104391, "params": {"x0": 0.8141658342419812, "x1": 9.576910090456726, "x2": 3.771610043031161, "x3": 0.9051489708219232, "x4": 2.051945902379803, "x5": 10.6142592744946, "x6": 2.975903789517781, "x7": -2.6561227025594527, "x8": 1.3095781868777314, "x9": 1.879372053528046}, "datetime": {"datetime": "2025-05-15 05:13:13", "elapsed": 1356.690799, "delta": 8.471185}}
{"target": 2.635160523104391, "params": {"x0": 0.8141650765105618, "x1": 9.576911078289609, "x2": 3.771608981150727, "x3": 0.9051288082936323, "x4": 2.051944819872489, "x5": 10.614256967376383, "x6": 2.975901646822537, "x7": -2.65616388206738, "x8": 1.3095746558461483, "x9": 1.8793689216167027}, "datetime": {"datetime": "2025-05-15 05:13:21", "elapsed": 1364.990364, "delta": 8.299565}}
{"target": 2.635160523104391, "params": {"x0": 0.8141651124031027, "x1": 9.576911967339202, "x2": 3.771608025458336, "x3": 0.9051297633607619, "x4": 2.0519263089974125, "x5": 10.614217515654856, "x6": 2.9758650067338666, "x7": -2.6561619314591094, "x8": 1.309574823105539, "x9": 1.8793717403369117}, "datetime": {"datetime": "2025-05-15 05:13:29", "elapsed": 1373.145813, "delta": 8.155449}}
{"target": 2.635160523104391, "params": {"x0": 0.8141657261655524, "x1": 9.576927170087243, "x2": 3.7715916831184524, "x3": 0.9051460950086775, "x4": 2.051927185828337, "x5": 10.614219384420613, "x6": 2.975866742317014, "x7": -2.6561285760576885, "x8": 1.3095776832411214, "x9": 1.879371606818586}, "datetime": {"datetime": "2025-05-15 05:13:38", "elapsed": 1381.407992, "delta": 8.262179}}
{"target": 2.635160523104391, "params": {"x0": 0.8141651737793477, "x1": 9.576926449957073, "x2": 3.771606391224348, "x3": 0.9051453214043026, "x4": 2.0519421796371486, "x5": 10.614221066309794, "x6": 2.9758964207888376, "x7": -2.6561301560503874, "x8": 1.3095751091190972, "x9": 1.879371486652093}, "datetime": {"datetime": "2025-05-15 05:13:46", "elapsed": 1389.813852, "delta": 8.40586}}
{"target": 2.635160523104391, "params": {"x0": 0.8141656709269319, "x1": 9.576914135731158, "x2": 3.771605694524595, "x3": 0.9051446251603651, "x4": 2.0519286852092185, "x5": 10.614222580010056, "x6": 2.975869710164196, "x7": -2.6561315780438166, "x8": 1.3095752310511932, "x9": 1.879371378502249}, "datetime": {"datetime": "2025-05-15 05:13:53", "elapsed": 1396.862401, "delta": 7.048549}}
{"target": 2.635160523104391, "params": {"x0": 0.8141652234941061, "x1": 9.576914719036598, "x2": 3.7715937809588196, "x3": 0.9051327193890346, "x4": 2.0519293244189627, "x5": 10.614223942340292, "x6": 2.9758937497263735, "x7": -2.6561558941314525, "x8": 1.3095753407900794, "x9": 1.8793712811673897}, "datetime": {"datetime": "2025-05-15 05:14:02", "elapsed": 1405.462169, "delta": 8.599768}}
{"target": 2.635160523104391, "params": {"x0": 0.8141656261836493, "x1": 9.576915244011492, "x2": 3.771604503168017, "x3": 0.9051434345832321, "x4": 2.051940254905586, "x5": 10.614225168437505, "x6": 2.975872114120414, "x7": -2.6561340096525803, "x8": 1.309577217325035, "x9": 1.8793711935660162}, "datetime": {"datetime": "2025-05-15 05:14:10", "elapsed": 1413.864039, "delta": 8.40187}}
{"target": 2.635160523104391, "params": {"x0": 0.8141652637630604, "x1": 9.576915716488896, "x2": 3.7716039952738973, "x3": 0.9051429270214016, "x4": 2.051930417467625, "x5": 10.614226271924997, "x6": 2.9758731389649067, "x7": -2.65613504628579, "x8": 1.309575528443575, "x9": 1.87937111472478}, "datetime": {"datetime": "2025-05-15 05:14:18", "elapsed": 1421.946112, "delta": 8.082073}}
{"target": 2.635160523104391, "params": {"x0": 0.8141653625935872, "x1": 9.576922838377389, "x2": 3.7716035082750308, "x3": 0.9051378521293538, "x4": 2.0519391651320755, "x5": 10.61424404824376, "x6": 2.975890517994674, "x7": -2.656136124179191, "x8": 1.3095756951154658, "x9": 1.8793697951284665}, "datetime": {"datetime": "2025-05-15 05:14:27", "elapsed": 1430.468239, "delta": 8.522127}}
{"target": 2.635160523104391, "params": {"x0": 0.8141655086121322, "x1": 9.576922821951106, "x2": 3.7716027962637817, "x3": 0.9051420220204672, "x4": 2.051935729698243, "x5": 10.614229205110597, "x6": 2.975877739996136, "x7": -2.6561373018067216, "x8": 1.3095757040210687, "x9": 1.8793708398092182}, "datetime": {"datetime": "2025-05-15 05:14:36", "elapsed": 1439.405481, "delta": 8.937242}}
{"target": 2.635160523104391, "params": {"x0": 0.8141653464302375, "x1": 9.576921631442328, "x2": 3.771602486070423, "x3": 0.9051409811100255, "x4": 2.051935656269455, "x5": 10.614243375338138, "x6": 2.9758884649895947, "x7": -2.656139628219679, "x8": 1.3095759474621163, "x9": 1.8793708804337441}, "datetime": {"datetime": "2025-05-15 05:14:44", "elapsed": 1447.696409, "delta": 8.290928}}
{"target": 2.635160523104391, "params": {"x0": 0.8141654930684196, "x1": 9.576917226703777, "x2": 3.771602388000459, "x3": 0.9051408458962841, "x4": 2.051932127839887, "x5": 10.614231100444176, "x6": 2.975877899468177, "x7": -2.6561433727762034, "x8": 1.3095759016929889, "x9": 1.879370868416561}, "datetime": {"datetime": "2025-05-15 05:14:52", "elapsed": 1456.163316, "delta": 8.466907}}
{"target": 2.635160523104391, "params": {"x0": 0.8141653350641023, "x1": 9.57691874560983, "x2": 3.771601717771502, "x3": 0.905140636607817, "x4": 2.051934217568248, "x5": 10.614231943316753, "x6": 2.9758774547103113, "x7": -2.6561392460110413, "x8": 1.309575910474105, "x9": 1.879370782937964}, "datetime": {"datetime": "2025-05-15 05:15:01", "elapsed": 1464.509719, "delta": 8.346403}}
{"target": 2.635160523104391, "params": {"x0": 0.8141655111483446, "x1": 9.576917833112121, "x2": 3.7716018480153877, "x3": 0.9051400889013764, "x4": 2.051936621580697, "x5": 10.614232903032585, "x6": 2.975878490693813, "x7": -2.656146383590831, "x8": 1.309575919435821, "x9": 1.8793707770009869}, "datetime": {"datetime": "2025-05-15 05:15:09", "elapsed": 1472.748746, "delta": 8.239027}}
{"target": 2.635160523104391, "params": {"x0": 0.814165407424025, "x1": 9.576918030419769, "x2": 3.7716015473563673, "x3": 0.9051365427364912, "x4": 2.051936779916638, "x5": 10.614231543878926, "x6": 2.9758789162794437, "x7": -2.656141487353292, "x8": 1.309576682022011, "x9": 1.8793701547038213}, "datetime": {"datetime": "2025-05-15 05:15:17", "elapsed": 1480.908336, "delta": 8.15959}}
{"target": 2.635160523104391, "params": {"x0": 0.8141653975553549, "x1": 9.576918694621487, "x2": 3.77160133390801, "x3": 0.905136546253429, "x4": 2.0519332016762775, "x5": 10.614232217355797, "x6": 2.9758784629155666, "x7": -2.6561423147679295, "x8": 1.3095759887762122, "x9": 1.879370256662615}, "datetime": {"datetime": "2025-05-15 05:15:25", "elapsed": 1489.272874, "delta": 8.364538}}
{"target": 2.635160523104391, "params": {"x0": 0.8141653997319303, "x1": 9.576919590962225, "x2": 3.7716010486294382, "x3": 0.9051400031443217, "x4": 2.0519364099364314, "x5": 10.614233380503004, "x6": 2.975885408045892, "x7": -2.6561429862784345, "x8": 1.3095760618905683, "x9": 1.879370643368226}, "datetime": {"datetime": "2025-05-15 05:15:34", "elapsed": 1498.150303, "delta": 8.877429}}
{"target": 2.635160523104391, "params": {"x0": 0.8141653926659235, "x1": 9.576920466934052, "x2": 3.7716008608702016, "x3": 0.9051397446209591, "x4": 2.0519366300666184, "x5": 10.614234334893688, "x6": 2.975882449388256, "x7": -2.656141468925754, "x8": 1.3095760616328238, "x9": 1.8793702211566035}, "datetime": {"datetime": "2025-05-15 05:15:43", "elapsed": 1506.676034, "delta": 8.525731}}
{"target": 2.635160523104391, "params": {"x0": 0.8141653834617631, "x1": 9.576918873236474, "x2": 3.771600780892152, "x3": 0.9051394106042083, "x4": 2.051934840741463, "x5": 10.61423426960882, "x6": 2.9758849511546286, "x7": -2.656142959464793, "x8": 1.3095760812427693, "x9": 1.8793705408365327}, "datetime": {"datetime": "2025-05-15 05:15:51", "elapsed": 1514.884048, "delta": 8.208014}}
{"target": 2.635160523104391, "params": {"x0": 0.8141654773804679, "x1": 9.576918780752786, "x2": 3.7715992852854616, "x3": 0.9051386019044707, "x4": 2.0519363197378375, "x5": 10.614233587658243, "x6": 2.9758805120360465, "x7": -2.656141904189726, "x8": 1.3095762452925224, "x9": 1.8793705822010387}, "datetime": {"datetime": "2025-05-15 05:16:00", "elapsed": 1523.845638, "delta": 8.96159}}
{"target": 2.635160523104391, "params": {"x0": 0.8141654074681821, "x1": 9.576919399395774, "x2": 3.7716005756752935, "x3": 0.9051395018263863, "x4": 2.051936228585249, "x5": 10.614233877771872, "x6": 2.975881447251712, "x7": -2.6561420149820316, "x8": 1.3095762458822024, "x9": 1.87937051501202}, "datetime": {"datetime": "2025-05-15 05:16:09", "elapsed": 1532.804185, "delta": 8.958547}}
{"target": 2.635160523104391, "params": {"x0": 0.8141654147521674, "x1": 9.576919628831316, "x2": 3.7716000474347724, "x3": 0.9051393085563608, "x4": 2.0519357441895756, "x5": 10.614234160191343, "x6": 2.975884237643727, "x7": -2.6561425384165545, "x8": 1.3095761597952265, "x9": 1.8793705662090374}, "datetime": {"datetime": "2025-05-15 05:16:17", "elapsed": 1541.154909, "delta": 8.350724}}
{"target": 2.635160523104391, "params": {"x0": 0.8141654073464191, "x1": 9.576919790697826, "x2": 3.7716002665308417, "x3": 0.9051392424245537, "x4": 2.051935963807517, "x5": 10.61423423926033, "x6": 2.9758840986623896, "x7": -2.656144017728145, "x8": 1.3095761770257448, "x9": 1.8793704359635837}, "datetime": {"datetime": "2025-05-15 05:16:26", "elapsed": 1549.791118, "delta": 8.636209}}
{"target": 2.635160523104391, "params": {"x0": 0.8141654338894472, "x1": 9.576919200124486, "x2": 3.7716001922535907, "x3": 0.905137655845892, "x4": 2.0519356838659113, "x5": 10.614234662448181, "x6": 2.975883468373254, "x7": -2.6561428403234215, "x8": 1.3095761825595766, "x9": 1.8793703124665}, "datetime": {"datetime": "2025-05-15 05:16:34", "elapsed": 1558.107902, "delta": 8.316784}}
{"target": 2.635160523104391, "params": {"x0": 0.8141654073672507, "x1": 9.576919279776542, "x2": 3.7716001493934495, "x3": 0.9051380666277317, "x4": 2.0519357399396188, "x5": 10.614234652457398, "x6": 2.9758816505059174, "x7": -2.656143793352641, "x8": 1.3095762064245406, "x9": 1.8793703865759122}, "datetime": {"datetime": "2025-05-15 05:16:43", "elapsed": 1566.771191, "delta": 8.663289}}
{"target": 2.635160523104391, "params": {"x0": 0.814165445959088, "x1": 9.57691943535748, "x2": 3.7716000202564763, "x3": 0.9051376826225243, "x4": 2.051935411876042, "x5": 10.61423528122268, "x6": 2.9758836040261576, "x7": -2.6561431419992165, "x8": 1.3095762098677644, "x9": 1.8793705008509032}, "datetime": {"datetime": "2025-05-15 05:16:51", "elapsed": 1575.207708, "delta": 8.436517}}
{"target": 2.635160523104391, "params": {"x0": 0.8141654462068668, "x1": 9.57691942673403, "x2": 3.7716000186591234, "x3": 0.9051380186165623, "x4": 2.0519350863595403, "x5": 10.614234948095238, "x6": 2.9758825865707603, "x7": -2.6561431512786298, "x8": 1.3095762282966266, "x9": 1.8793703866815092}, "datetime": {"datetime": "2025-05-15 05:17:00", "elapsed": 1583.86632, "delta": 8.658612}}
{"target": 2.635160523104391, "params": {"x0": 0.8141654187294425, "x1": 9.576919769476747, "x2": 3.7715998310461805, "x3": 0.9051386563954702, "x4": 2.0519353440988906, "x5": 10.614235023362104, "x6": 2.9758823082606147, "x7": -2.6561434448034915, "x8": 1.3095762341239408, "x9": 1.879370375774861}, "datetime": {"datetime": "2025-05-15 05:17:08", "elapsed": 1592.227057, "delta": 8.360737}}
{"target": 2.635160523104391, "params": {"x0": 0.8141654213763644, "x1": 9.576919738536642, "x2": 3.77159992120039, "x3": 0.905138459934777, "x4": 2.051935512993887, "x5": 10.614235139931461, "x6": 2.975881715528439, "x7": -2.6561435315206188, "x8": 1.3095762640456865, "x9": 1.8793703526357153}, "datetime": {"datetime": "2025-05-15 05:17:17", "elapsed": 1600.910053, "delta": 8.682996}}
{"target": 2.635160523104391, "params": {"x0": 0.814165444167349, "x1": 9.576919560678403, "x2": 3.7715998260928, "x3": 0.9051386061515682, "x4": 2.051935091974941, "x5": 10.614235327204282, "x6": 2.975881503126841, "x7": -2.656143482702255, "x8": 1.3095762500017702, "x9": 1.879370439652511}, "datetime": {"datetime": "2025-05-15 05:17:26", "elapsed": 1609.521327, "delta": 8.611274}}
{"target": 2.635160523104391, "params": {"x0": 0.814165448251481, "x1": 9.576919711708, "x2": 3.7715997753607655, "x3": 0.9051383217263314, "x4": 2.0519354830877243, "x5": 10.614235382380752, "x6": 2.9758821485548768, "x7": -2.656143611809774, "x8": 1.309576262482554, "x9": 1.879370455729289}, "datetime": {"datetime": "2025-05-15 05:17:35", "elapsed": 1618.424103, "delta": 8.902776}}
{"target": 2.635160523104391, "params": {"x0": 0.8141654396434994, "x1": 9.576919691004012, "x2": 3.7715997483923083, "x3": 0.9051383265818386, "x4": 2.051935029123543, "x5": 10.614235527959037, "x6": 2.97588271098882, "x7": -2.6561436865514554, "x8": 1.309576267242755, "x9": 1.879370431360347}, "datetime": {"datetime": "2025-05-15 05:17:43", "elapsed": 1627.150277, "delta": 8.726174}}
{"target": 2.635160523104391, "params": {"x0": 0.8141654248579541, "x1": 9.576919744331075, "x2": 3.771599666581173, "x3": 0.905138611172154, "x4": 2.0519352319944884, "x5": 10.614235737758968, "x6": 2.975882660926764, "x7": -2.6561437117880207, "x8": 1.3095762971106135, "x9": 1.8793704465742438}, "datetime": {"datetime": "2025-05-15 05:17:52", "elapsed": 1636.201038, "delta": 9.050761}}
{"target": 2.635160523104391, "params": {"x0": 0.8141654337515083, "x1": 9.576919723617326, "x2": 3.7715996384566095, "x3": 0.9051381411804417, "x4": 2.051935308556001, "x5": 10.614236133239107, "x6": 2.975882251582934, "x7": -2.6561437827382597, "x8": 1.3095762771187969, "x9": 1.879370450328337}, "datetime": {"datetime": "2025-05-15 05:18:01", "elapsed": 1644.906516, "delta": 8.705478}}
{"target": 2.635160523104391, "params": {"x0": 0.8141654424360114, "x1": 9.576919734535522, "x2": 3.7715996382557777, "x3": 0.9051381006317456, "x4": 2.0519353029067218, "x5": 10.614235675032566, "x6": 2.975882006364053, "x7": -2.6561439047658446, "x8": 1.3095763032457062, "x9": 1.8793704011918106}, "datetime": {"datetime": "2025-05-15 05:18:10", "elapsed": 1653.59212, "delta": 8.685604}}
{"target": 2.635160523104391, "params": {"x0": 0.8141654336013057, "x1": 9.57691997821871, "x2": 3.77159964034859, "x3": 0.9051384286651365, "x4": 2.051935214656629, "x5": 10.614235777848107, "x6": 2.975881972094347, "x7": -2.656143912857014, "x8": 1.3095762884740871, "x9": 1.8793704327535694}, "datetime": {"datetime": "2025-05-15 05:18:18", "elapsed": 1662.036943, "delta": 8.444823}}
{"target": 2.635160523104391, "params": {"x0": 0.8141654370347574, "x1": 9.576919830389889, "x2": 3.771599631049928, "x3": 0.9051384703776468, "x4": 2.051935280845012, "x5": 10.614235740301146, "x6": 2.9758827412100937, "x7": -2.656143980493938, "x8": 1.3095763074682822, "x9": 1.879370436471381}, "datetime": {"datetime": "2025-05-15 05:18:27", "elapsed": 1670.398442, "delta": 8.361499}}
{"target": 2.635160523104391, "params": {"x0": 0.8141654322268097, "x1": 9.576919884118345, "x2": 3.771599617938572, "x3": 0.905138337681739, "x4": 2.051935241044103, "x5": 10.614235979958082, "x6": 2.9758820044884478, "x7": -2.6561439871469013, "x8": 1.3095762948193506, "x9": 1.8793704269688132}, "datetime": {"datetime": "2025-05-15 05:18:35", "elapsed": 1678.813027, "delta": 8.414585}}
{"target": 2.635160523104391, "params": {"x0": 0.8141654331791923, "x1": 9.5769198078011, "x2": 3.771599586357758, "x3": 0.9051385078779156, "x4": 2.051935184852723, "x5": 10.614235845535212, "x6": 2.9758822170426744, "x7": -2.656144069905469, "x8": 1.3095763260294964, "x9": 1.8793704267223352}, "datetime": {"datetime": "2025-05-15 05:18:44", "elapsed": 1687.489703, "delta": 8.676676}}
{"target": 2.635160523104391, "params": {"x0": 0.81416543914205, "x1": 9.576919847043543, "x2": 3.771599517926251, "x3": 0.9051383908311291, "x4": 2.051935226690136, "x5": 10.614235906805494, "x6": 2.975882375077254, "x7": -2.6561440778725838, "x8": 1.3095763062505272, "x9": 1.8793704274953547}, "datetime": {"datetime": "2025-05-15 05:18:52", "elapsed": 1696.087968, "delta": 8.598265}}
{"target": 2.635160523104391, "params": {"x0": 0.8141654346971612, "x1": 9.576919851284304, "x2": 3.771599521414685, "x3": 0.9051382934080451, "x4": 2.0519352014217955, "x5": 10.614235941056885, "x6": 2.97588258943272, "x7": -2.6561441273491946, "x8": 1.3095763072592126, "x9": 1.879370421525873}, "datetime": {"datetime": "2025-05-15 05:19:01", "elapsed": 1705.180597, "delta": 9.092629}}
{"target": 2.635160523104391, "params": {"x0": 0.814165431669147, "x1": 9.576919924265543, "x2": 3.771599538951, "x3": 0.9051383140537247, "x4": 2.0519351708156255, "x5": 10.614235944646994, "x6": 2.975882285302725, "x7": -2.656144135727242, "x8": 1.3095763170878083, "x9": 1.8793704110902796}, "datetime": {"datetime": "2025-05-15 05:19:10", "elapsed": 1713.941728, "delta": 8.761131}}
{"target": 2.635160523104391, "params": {"x0": 0.8141654360165583, "x1": 9.57691986673901, "x2": 3.771599503072066, "x3": 0.9051382584699174, "x4": 2.0519351623966355, "x5": 10.614235962358832, "x6": 2.9758822982658293, "x7": -2.656144296079647, "x8": 1.3095763193365701, "x9": 1.8793704181241202}, "datetime": {"datetime": "2025-05-15 05:19:19", "elapsed": 1722.637526, "delta": 8.695798}}
{"target": 2.635160523104391, "params": {"x0": 0.8141654332871847, "x1": 9.576919913541241, "x2": 3.7715995043719994, "x3": 0.905138277613415, "x4": 2.0519351384623663, "x5": 10.614235997784819, "x6": 2.975882426387923, "x7": -2.6561442255491774, "x8": 1.3095763138568306, "x9": 1.879370420090751}, "datetime": {"datetime": "2025-05-15 05:19:27", "elapsed": 1730.946946, "delta": 8.30942}}
{"target": 2.635160523104391, "params": {"x0": 0.814165433259011, "x1": 9.576919886916555, "x2": 3.771599498449534, "x3": 0.9051383302798355, "x4": 2.0519351617245816, "x5": 10.614236036523145, "x6": 2.9758823250110096, "x7": -2.6561442228117644, "x8": 1.309576315243755, "x9": 1.8793704181453796}, "datetime": {"datetime": "2025-05-15 05:19:36", "elapsed": 1739.667766, "delta": 8.72082}}
{"target": 2.635160523104391, "params": {"x0": 0.8141654337484472, "x1": 9.576919915139182, "x2": 3.7715994676661784, "x3": 0.9051382798282688, "x4": 2.051935144053753, "x5": 10.614236055154052, "x6": 2.975882511662348, "x7": -2.6561442187389988, "x8": 1.309576315342133, "x9": 1.879370414814805}, "datetime": {"datetime": "2025-05-15 05:19:44", "elapsed": 1748.299366, "delta": 8.6316}}
{"target": 2.635160523104391, "params": {"x0": 0.8141654335870552, "x1": 9.576919904804928, "x2": 3.77159948424613, "x3": 0.9051383349020566, "x4": 2.051935148326887, "x5": 10.614236072294984, "x6": 2.9758822376017986, "x7": -2.6561442791715475, "x8": 1.3095763204513826, "x9": 1.879370415615511}, "datetime": {"datetime": "2025-05-15 05:19:53", "elapsed": 1757.032519, "delta": 8.733153}}
{"target": 2.635160523104391, "params": {"x0": 0.8141654377837414, "x1": 9.576919923648907, "x2": 3.771599457996375, "x3": 0.9051383285126287, "x4": 2.0519351112436, "x5": 10.614236060256223, "x6": 2.975882241812712, "x7": -2.6561443385050603, "x8": 1.309576316852058, "x9": 1.8793704133376306}, "datetime": {"datetime": "2025-05-15 05:20:02", "elapsed": 1765.541723, "delta": 8.509204}}
{"target": 2.635160523104391, "params": {"x0": 0.8141654340120454, "x1": 9.576919929578187, "x2": 3.7715994797198773, "x3": 0.9051383391264896, "x4": 2.0519351351190203, "x5": 10.614236117680536, "x6": 2.975882255634032, "x7": -2.656144261037534, "x8": 1.3095763234926494, "x9": 1.8793704138842617}, "datetime": {"datetime": "2025-05-15 05:20:10", "elapsed": 1773.965694, "delta": 8.423971}}
{"target": 2.635160523104391, "params": {"x0": 0.814165433542512, "x1": 9.576919969685319, "x2": 3.7715994753778275, "x3": 0.9051383819573359, "x4": 2.0519351134210817, "x5": 10.61423610286533, "x6": 2.9758822605009323, "x7": -2.6561442746072554, "x8": 1.3095763204345807, "x9": 1.8793704116850514}, "datetime": {"datetime": "2025-05-15 05:20:19", "elapsed": 1782.828974, "delta": 8.86328}}
{"target": 2.635160523104391, "params": {"x0": 0.8141654356621784, "x1": 9.576919932704419, "x2": 3.77159947072124, "x3": 0.905138354607686, "x4": 2.0519351263368564, "x5": 10.614236134267294, "x6": 2.9758823736446316, "x7": -2.656144278751242, "x8": 1.3095763230778925, "x9": 1.8793704111879797}, "datetime": {"datetime": "2025-05-15 05:20:27", "elapsed": 1791.190071, "delta": 8.361097}}
