{"target": 2.635160523104391, "params": {"x0": 0.814165435435971, "x1": 9.576919968785539, "x2": 3.7715994242268183, "x3": 0.905138358964928, "x4": 2.051935077306659, "x5": 10.614236203312421, "x6": 2.975882362565342, "x7": -2.6561443759846775, "x8": 1.3095763284400561, "x9": 1.8793704051536548}, "datetime": {"datetime": "2025-05-15 13:03:25", "elapsed": 29568.684717, "delta": 48.024534}}
{"target": 2.635160523104391, "params": {"x0": 0.814165435435971, "x1": 9.576919968785539, "x2": 3.7715994242268183, "x3": 0.905138358964928, "x4": 2.051935077306659, "x5": 10.614236203312421, "x6": 2.975882362565342, "x7": -2.6561443759846775, "x8": 1.3095763284400561, "x9": 1.8793704051536548}, "datetime": {"datetime": "2025-05-15 13:04:09", "elapsed": 29612.344241, "delta": 43.659524}}
{"target": 2.635160523104391, "params": {"x0": 0.814165435435971, "x1": 9.576919968785539, "x2": 3.7715994242268183, "x3": 0.905138358964928, "x4": 2.051935077306659, "x5": 10.614236203312421, "x6": 2.975882362565342, "x7": -2.6561443759846775, "x8": 1.3095763284400561, "x9": 1.8793704051536548}, "datetime": {"datetime": "2025-05-15 13:04:59", "elapsed": 29663.056596, "delta": 50.712355}}
{"target": 2.635160523104391, "params": {"x0": 0.814165435435971, "x1": 9.576919968785539, "x2": 3.7715994242268183, "x3": 0.905138358964928, "x4": 2.051935077306659, "x5": 10.614236203312421, "x6": 2.975882362565342, "x7": -2.6561443759846775, "x8": 1.3095763284400561, "x9": 1.8793704051536548}, "datetime": {"datetime": "2025-05-15 13:05:52", "elapsed": 29715.618446, "delta": 52.56185}}
{"target": 2.635160523104391, "params": {"x0": 0.814165435435971, "x1": 9.576919968785539, "x2": 3.7715994242268183, "x3": 0.905138358964928, "x4": 2.051935077306659, "x5": 10.614236203312421, "x6": 2.975882362565342, "x7": -2.6561443759846775, "x8": 1.3095763284400561, "x9": 1.8793704051536548}, "datetime": {"datetime": "2025-05-15 13:06:40", "elapsed": 29764.081824, "delta": 48.463378}}
{"target": 2.635160523104391, "params": {"x0": 0.814165435435971, "x1": 9.576919968785539, "x2": 3.7715994242268183, "x3": 0.905138358964928, "x4": 2.051935077306659, "x5": 10.614236203312421, "x6": 2.975882362565342, "x7": -2.6561443759846775, "x8": 1.3095763284400561, "x9": 1.8793704051536548}, "datetime": {"datetime": "2025-05-15 13:07:36", "elapsed": 29820.014051, "delta": 55.932227}}
{"target": 2.635160523104391, "params": {"x0": 0.814165435435971, "x1": 9.576919968785539, "x2": 3.7715994242268183, "x3": 0.905138358964928, "x4": 2.051935077306659, "x5": 10.614236203312421, "x6": 2.975882362565342, "x7": -2.6561443759846775, "x8": 1.3095763284400561, "x9": 1.8793704051536548}, "datetime": {"datetime": "2025-05-15 13:08:32", "elapsed": 29875.547087, "delta": 55.533036}}
{"target": 2.635160523104391, "params": {"x0": 0.814165435435971, "x1": 9.576919968785539, "x2": 3.7715994242268183, "x3": 0.905138358964928, "x4": 2.051935077306659, "x5": 10.614236203312421, "x6": 2.975882362565342, "x7": -2.6561443759846775, "x8": 1.3095763284400561, "x9": 1.8793704051536548}, "datetime": {"datetime": "2025-05-15 13:09:22", "elapsed": 29925.540966, "delta": 49.993879}}
{"target": 2.635160523104391, "params": {"x0": 0.814165435435971, "x1": 9.576919968785539, "x2": 3.7715994242268183, "x3": 0.905138358964928, "x4": 2.051935077306659, "x5": 10.614236203312421, "x6": 2.975882362565342, "x7": -2.6561443759846775, "x8": 1.3095763284400561, "x9": 1.8793704051536548}, "datetime": {"datetime": "2025-05-15 13:10:29", "elapsed": 29992.717508, "delta": 67.176542}}
{"target": 2.635160523104391, "params": {"x0": 0.814165435435971, "x1": 9.576919968785539, "x2": 3.7715994242268183, "x3": 0.905138358964928, "x4": 2.051935077306659, "x5": 10.614236203312421, "x6": 2.975882362565342, "x7": -2.6561443759846775, "x8": 1.3095763284400561, "x9": 1.8793704051536548}, "datetime": {"datetime": "2025-05-15 13:11:20", "elapsed": 30043.548294, "delta": 50.830786}}
{"target": 2.635160523104391, "params": {"x0": 0.814165435435971, "x1": 9.576919968785539, "x2": 3.7715994242268183, "x3": 0.905138358964928, "x4": 2.051935077306659, "x5": 10.614236203312421, "x6": 2.975882362565342, "x7": -2.6561443759846775, "x8": 1.3095763284400561, "x9": 1.8793704051536548}, "datetime": {"datetime": "2025-05-15 13:12:11", "elapsed": 30094.831682, "delta": 51.283388}}
{"target": 2.635160523104391, "params": {"x0": 0.814165435435971, "x1": 9.576919968785539, "x2": 3.7715994242268183, "x3": 0.905138358964928, "x4": 2.051935077306659, "x5": 10.614236203312421, "x6": 2.975882362565342, "x7": -2.6561443759846775, "x8": 1.3095763284400561, "x9": 1.8793704051536548}, "datetime": {"datetime": "2025-05-15 13:12:54", "elapsed": 30137.93017, "delta": 43.098488}}
{"target": 2.635160523104391, "params": {"x0": 0.814165435435971, "x1": 9.576919968785539, "x2": 3.7715994242268183, "x3": 0.905138358964928, "x4": 2.051935077306659, "x5": 10.614236203312421, "x6": 2.975882362565342, "x7": -2.6561443759846775, "x8": 1.3095763284400561, "x9": 1.8793704051536548}, "datetime": {"datetime": "2025-05-15 13:13:45", "elapsed": 30188.640602, "delta": 50.710432}}
{"target": 2.635160523104391, "params": {"x0": 0.814165435435971, "x1": 9.576919968785539, "x2": 3.7715994242268183, "x3": 0.905138358964928, "x4": 2.051935077306659, "x5": 10.614236203312421, "x6": 2.975882362565342, "x7": -2.6561443759846775, "x8": 1.3095763284400561, "x9": 1.8793704051536548}, "datetime": {"datetime": "2025-05-15 13:14:39", "elapsed": 30243.034638, "delta": 54.394036}}
{"target": 2.635160523104391, "params": {"x0": 0.814165435435971, "x1": 9.576919968785539, "x2": 3.7715994242268183, "x3": 0.905138358964928, "x4": 2.051935077306659, "x5": 10.614236203312421, "x6": 2.975882362565342, "x7": -2.6561443759846775, "x8": 1.3095763284400561, "x9": 1.8793704051536548}, "datetime": {"datetime": "2025-05-15 13:15:30", "elapsed": 30294.151684, "delta": 51.117046}}
{"target": 2.635160523104391, "params": {"x0": 0.814165435435971, "x1": 9.576919968785539, "x2": 3.7715994242268183, "x3": 0.905138358964928, "x4": 2.051935077306659, "x5": 10.614236203312421, "x6": 2.975882362565342, "x7": -2.6561443759846775, "x8": 1.3095763284400561, "x9": 1.8793704051536548}, "datetime": {"datetime": "2025-05-15 13:16:27", "elapsed": 30351.226579, "delta": 57.074895}}
{"target": 2.635160523104391, "params": {"x0": 0.814165435435971, "x1": 9.576919968785539, "x2": 3.7715994242268183, "x3": 0.905138358964928, "x4": 2.051935077306659, "x5": 10.614236203312421, "x6": 2.975882362565342, "x7": -2.6561443759846775, "x8": 1.3095763284400561, "x9": 1.8793704051536548}, "datetime": {"datetime": "2025-05-15 13:17:05", "elapsed": 30388.393719, "delta": 37.16714}}
{"target": 2.635160523104391, "params": {"x0": 0.814165435435971, "x1": 9.576919968785539, "x2": 3.7715994242268183, "x3": 0.905138358964928, "x4": 2.051935077306659, "x5": 10.614236203312421, "x6": 2.975882362565342, "x7": -2.6561443759846775, "x8": 1.3095763284400561, "x9": 1.8793704051536548}, "datetime": {"datetime": "2025-05-15 13:17:52", "elapsed": 30435.611788, "delta": 47.218069}}
{"target": 2.635160523104391, "params": {"x0": 0.814165435435971, "x1": 9.576919968785539, "x2": 3.7715994242268183, "x3": 0.905138358964928, "x4": 2.051935077306659, "x5": 10.614236203312421, "x6": 2.975882362565342, "x7": -2.6561443759846775, "x8": 1.3095763284400561, "x9": 1.8793704051536548}, "datetime": {"datetime": "2025-05-15 13:18:41", "elapsed": 30484.937709, "delta": 49.325921}}
{"target": 2.635160523104391, "params": {"x0": 0.814165435435971, "x1": 9.576919968785539, "x2": 3.7715994242268183, "x3": 0.905138358964928, "x4": 2.051935077306659, "x5": 10.614236203312421, "x6": 2.975882362565342, "x7": -2.6561443759846775, "x8": 1.3095763284400561, "x9": 1.8793704051536548}, "datetime": {"datetime": "2025-05-15 13:19:20", "elapsed": 30523.862664, "delta": 38.924955}}
{"target": 2.635160523104391, "params": {"x0": 0.814165435435971, "x1": 9.576919968785539, "x2": 3.7715994242268183, "x3": 0.905138358964928, "x4": 2.051935077306659, "x5": 10.614236203312421, "x6": 2.975882362565342, "x7": -2.6561443759846775, "x8": 1.3095763284400561, "x9": 1.8793704051536548}, "datetime": {"datetime": "2025-05-15 13:19:57", "elapsed": 30560.383965, "delta": 36.521301}}
{"target": 2.635160523104391, "params": {"x0": 0.814165435435971, "x1": 9.576919968785539, "x2": 3.7715994242268183, "x3": 0.905138358964928, "x4": 2.051935077306659, "x5": 10.614236203312421, "x6": 2.975882362565342, "x7": -2.6561443759846775, "x8": 1.3095763284400561, "x9": 1.8793704051536548}, "datetime": {"datetime": "2025-05-15 13:20:34", "elapsed": 30597.614744, "delta": 37.230779}}
{"target": 2.635160523104391, "params": {"x0": 0.814165435435971, "x1": 9.576919968785539, "x2": 3.7715994242268183, "x3": 0.905138358964928, "x4": 2.051935077306659, "x5": 10.614236203312421, "x6": 2.975882362565342, "x7": -2.6561443759846775, "x8": 1.3095763284400561, "x9": 1.8793704051536548}, "datetime": {"datetime": "2025-05-15 13:21:34", "elapsed": 30658.325253, "delta": 60.710509}}
{"target": 2.635160523104391, "params": {"x0": 0.814165435435971, "x1": 9.576919968785539, "x2": 3.7715994242268183, "x3": 0.905138358964928, "x4": 2.051935077306659, "x5": 10.614236203312421, "x6": 2.975882362565342, "x7": -2.6561443759846775, "x8": 1.3095763284400561, "x9": 1.8793704051536548}, "datetime": {"datetime": "2025-05-15 13:22:18", "elapsed": 30702.304685, "delta": 43.979432}}
{"target": 2.635160523104391, "params": {"x0": 0.814165435435971, "x1": 9.576919968785539, "x2": 3.7715994242268183, "x3": 0.905138358964928, "x4": 2.051935077306659, "x5": 10.614236203312421, "x6": 2.975882362565342, "x7": -2.6561443759846775, "x8": 1.3095763284400561, "x9": 1.8793704051536548}, "datetime": {"datetime": "2025-05-15 13:23:13", "elapsed": 30756.617459, "delta": 54.312774}}
{"target": 2.635160523104391, "params": {"x0": 0.814165435435971, "x1": 9.576919968785539, "x2": 3.7715994242268183, "x3": 0.905138358964928, "x4": 2.051935077306659, "x5": 10.614236203312421, "x6": 2.975882362565342, "x7": -2.6561443759846775, "x8": 1.3095763284400561, "x9": 1.8793704051536548}, "datetime": {"datetime": "2025-05-15 13:23:59", "elapsed": 30802.87469, "delta": 46.257231}}
{"target": 2.635160523104391, "params": {"x0": 0.814165435435971, "x1": 9.576919968785539, "x2": 3.7715994242268183, "x3": 0.905138358964928, "x4": 2.051935077306659, "x5": 10.614236203312421, "x6": 2.975882362565342, "x7": -2.6561443759846775, "x8": 1.3095763284400561, "x9": 1.8793704051536548}, "datetime": {"datetime": "2025-05-15 13:24:49", "elapsed": 30852.645406, "delta": 49.770716}}
{"target": 2.635160523104391, "params": {"x0": 0.814165435435971, "x1": 9.576919968785539, "x2": 3.7715994242268183, "x3": 0.905138358964928, "x4": 2.051935077306659, "x5": 10.614236203312421, "x6": 2.975882362565342, "x7": -2.6561443759846775, "x8": 1.3095763284400561, "x9": 1.8793704051536548}, "datetime": {"datetime": "2025-05-15 13:25:29", "elapsed": 30892.922565, "delta": 40.277159}}
{"target": 2.635160523104391, "params": {"x0": 0.814165435435971, "x1": 9.576919968785539, "x2": 3.7715994242268183, "x3": 0.905138358964928, "x4": 2.051935077306659, "x5": 10.614236203312421, "x6": 2.975882362565342, "x7": -2.6561443759846775, "x8": 1.3095763284400561, "x9": 1.8793704051536548}, "datetime": {"datetime": "2025-05-15 13:26:23", "elapsed": 30946.780129, "delta": 53.857564}}
{"target": 2.635160523104391, "params": {"x0": 0.814165435435971, "x1": 9.576919968785539, "x2": 3.7715994242268183, "x3": 0.905138358964928, "x4": 2.051935077306659, "x5": 10.614236203312421, "x6": 2.975882362565342, "x7": -2.6561443759846775, "x8": 1.3095763284400561, "x9": 1.8793704051536548}, "datetime": {"datetime": "2025-05-15 13:27:12", "elapsed": 30995.805021, "delta": 49.024892}}
{"target": 2.635160523104391, "params": {"x0": 0.814165435435971, "x1": 9.576919968785539, "x2": 3.7715994242268183, "x3": 0.905138358964928, "x4": 2.051935077306659, "x5": 10.614236203312421, "x6": 2.975882362565342, "x7": -2.6561443759846775, "x8": 1.3095763284400561, "x9": 1.8793704051536548}, "datetime": {"datetime": "2025-05-15 13:27:57", "elapsed": 31040.928605, "delta": 45.123584}}
{"target": 2.635160523104391, "params": {"x0": 0.814165435435971, "x1": 9.576919968785539, "x2": 3.7715994242268183, "x3": 0.905138358964928, "x4": 2.051935077306659, "x5": 10.614236203312421, "x6": 2.975882362565342, "x7": -2.6561443759846775, "x8": 1.3095763284400561, "x9": 1.8793704051536548}, "datetime": {"datetime": "2025-05-15 13:28:42", "elapsed": 31086.171085, "delta": 45.24248}}
{"target": 2.635160523104391, "params": {"x0": 0.814165435435971, "x1": 9.576919968785539, "x2": 3.7715994242268183, "x3": 0.905138358964928, "x4": 2.051935077306659, "x5": 10.614236203312421, "x6": 2.975882362565342, "x7": -2.6561443759846775, "x8": 1.3095763284400561, "x9": 1.8793704051536548}, "datetime": {"datetime": "2025-05-15 13:29:26", "elapsed": 31129.953984, "delta": 43.782899}}
{"target": 2.635160523104391, "params": {"x0": 0.814165435435971, "x1": 9.576919968785539, "x2": 3.7715994242268183, "x3": 0.905138358964928, "x4": 2.051935077306659, "x5": 10.614236203312421, "x6": 2.975882362565342, "x7": -2.6561443759846775, "x8": 1.3095763284400561, "x9": 1.8793704051536548}, "datetime": {"datetime": "2025-05-15 13:30:10", "elapsed": 31174.163557, "delta": 44.209573}}
{"target": 2.635160523104391, "params": {"x0": 0.814165435435971, "x1": 9.576919968785539, "x2": 3.7715994242268183, "x3": 0.905138358964928, "x4": 2.051935077306659, "x5": 10.614236203312421, "x6": 2.975882362565342, "x7": -2.6561443759846775, "x8": 1.3095763284400561, "x9": 1.8793704051536548}, "datetime": {"datetime": "2025-05-15 13:30:58", "elapsed": 31221.876326, "delta": 47.712769}}
{"target": 2.635160523104391, "params": {"x0": 0.814165435435971, "x1": 9.576919968785539, "x2": 3.7715994242268183, "x3": 0.905138358964928, "x4": 2.051935077306659, "x5": 10.614236203312421, "x6": 2.975882362565342, "x7": -2.6561443759846775, "x8": 1.3095763284400561, "x9": 1.8793704051536548}, "datetime": {"datetime": "2025-05-15 13:31:36", "elapsed": 31259.507828, "delta": 37.631502}}
{"target": 2.635160523104391, "params": {"x0": 0.814165435435971, "x1": 9.576919968785539, "x2": 3.7715994242268183, "x3": 0.905138358964928, "x4": 2.051935077306659, "x5": 10.614236203312421, "x6": 2.975882362565342, "x7": -2.6561443759846775, "x8": 1.3095763284400561, "x9": 1.8793704051536548}, "datetime": {"datetime": "2025-05-15 13:32:27", "elapsed": 31311.278289, "delta": 51.770461}}
{"target": 2.635160523104391, "params": {"x0": 0.814165435435971, "x1": 9.576919968785539, "x2": 3.7715994242268183, "x3": 0.905138358964928, "x4": 2.051935077306659, "x5": 10.614236203312421, "x6": 2.975882362565342, "x7": -2.6561443759846775, "x8": 1.3095763284400561, "x9": 1.8793704051536548}, "datetime": {"datetime": "2025-05-15 13:33:13", "elapsed": 31356.799871, "delta": 45.521582}}
{"target": 2.635160523104391, "params": {"x0": 0.814165435435971, "x1": 9.576919968785539, "x2": 3.7715994242268183, "x3": 0.905138358964928, "x4": 2.051935077306659, "x5": 10.614236203312421, "x6": 2.975882362565342, "x7": -2.6561443759846775, "x8": 1.3095763284400561, "x9": 1.8793704051536548}, "datetime": {"datetime": "2025-05-15 13:33:58", "elapsed": 31402.159387, "delta": 45.359516}}
{"target": 2.635160523104391, "params": {"x0": 0.814165435435971, "x1": 9.576919968785539, "x2": 3.7715994242268183, "x3": 0.905138358964928, "x4": 2.051935077306659, "x5": 10.614236203312421, "x6": 2.975882362565342, "x7": -2.6561443759846775, "x8": 1.3095763284400561, "x9": 1.8793704051536548}, "datetime": {"datetime": "2025-05-15 13:34:38", "elapsed": 31441.390805, "delta": 39.231418}}
{"target": 2.635160523104391, "params": {"x0": 0.814165435435971, "x1": 9.576919968785539, "x2": 3.7715994242268183, "x3": 0.905138358964928, "x4": 2.051935077306659, "x5": 10.614236203312421, "x6": 2.975882362565342, "x7": -2.6561443759846775, "x8": 1.3095763284400561, "x9": 1.8793704051536548}, "datetime": {"datetime": "2025-05-15 13:35:29", "elapsed": 31493.074264, "delta": 51.683459}}
{"target": 2.635160523104391, "params": {"x0": 0.814165435435971, "x1": 9.576919968785539, "x2": 3.7715994242268183, "x3": 0.905138358964928, "x4": 2.051935077306659, "x5": 10.614236203312421, "x6": 2.975882362565342, "x7": -2.6561443759846775, "x8": 1.3095763284400561, "x9": 1.8793704051536548}, "datetime": {"datetime": "2025-05-15 13:36:17", "elapsed": 31540.994569, "delta": 47.920305}}
{"target": 2.635160523104391, "params": {"x0": 0.814165435435971, "x1": 9.576919968785539, "x2": 3.7715994242268183, "x3": 0.905138358964928, "x4": 2.051935077306659, "x5": 10.614236203312421, "x6": 2.975882362565342, "x7": -2.6561443759846775, "x8": 1.3095763284400561, "x9": 1.8793704051536548}, "datetime": {"datetime": "2025-05-15 13:36:54", "elapsed": 31577.382735, "delta": 36.388166}}
{"target": 2.635160523104391, "params": {"x0": 0.814165435435971, "x1": 9.576919968785539, "x2": 3.7715994242268183, "x3": 0.905138358964928, "x4": 2.051935077306659, "x5": 10.614236203312421, "x6": 2.975882362565342, "x7": -2.6561443759846775, "x8": 1.3095763284400561, "x9": 1.8793704051536548}, "datetime": {"datetime": "2025-05-15 13:37:41", "elapsed": 31625.313317, "delta": 47.930582}}
{"target": 2.635160523104391, "params": {"x0": 0.814165435435971, "x1": 9.576919968785539, "x2": 3.7715994242268183, "x3": 0.905138358964928, "x4": 2.051935077306659, "x5": 10.614236203312421, "x6": 2.975882362565342, "x7": -2.6561443759846775, "x8": 1.3095763284400561, "x9": 1.8793704051536548}, "datetime": {"datetime": "2025-05-15 13:38:39", "elapsed": 31682.747099, "delta": 57.433782}}
{"target": 2.635160523104391, "params": {"x0": 0.814165435435971, "x1": 9.576919968785539, "x2": 3.7715994242268183, "x3": 0.905138358964928, "x4": 2.051935077306659, "x5": 10.614236203312421, "x6": 2.975882362565342, "x7": -2.6561443759846775, "x8": 1.3095763284400561, "x9": 1.8793704051536548}, "datetime": {"datetime": "2025-05-15 13:39:30", "elapsed": 31733.357911, "delta": 50.610812}}
{"target": 2.635160523104391, "params": {"x0": 0.814165435435971, "x1": 9.576919968785539, "x2": 3.7715994242268183, "x3": 0.905138358964928, "x4": 2.051935077306659, "x5": 10.614236203312421, "x6": 2.975882362565342, "x7": -2.6561443759846775, "x8": 1.3095763284400561, "x9": 1.8793704051536548}, "datetime": {"datetime": "2025-05-15 13:40:13", "elapsed": 31777.289332, "delta": 43.931421}}
{"target": 2.635160523104391, "params": {"x0": 0.814165435435971, "x1": 9.576919968785539, "x2": 3.7715994242268183, "x3": 0.905138358964928, "x4": 2.051935077306659, "x5": 10.614236203312421, "x6": 2.975882362565342, "x7": -2.6561443759846775, "x8": 1.3095763284400561, "x9": 1.8793704051536548}, "datetime": {"datetime": "2025-05-15 13:41:06", "elapsed": 31829.943781, "delta": 52.654449}}
{"target": 2.635160523104391, "params": {"x0": 0.814165435435971, "x1": 9.576919968785539, "x2": 3.7715994242268183, "x3": 0.905138358964928, "x4": 2.051935077306659, "x5": 10.614236203312421, "x6": 2.975882362565342, "x7": -2.6561443759846775, "x8": 1.3095763284400561, "x9": 1.8793704051536548}, "datetime": {"datetime": "2025-05-15 13:41:55", "elapsed": 31878.553189, "delta": 48.609408}}
{"target": 2.635160523104391, "params": {"x0": 0.814165435435971, "x1": 9.576919968785539, "x2": 3.7715994242268183, "x3": 0.905138358964928, "x4": 2.051935077306659, "x5": 10.614236203312421, "x6": 2.975882362565342, "x7": -2.6561443759846775, "x8": 1.3095763284400561, "x9": 1.8793704051536548}, "datetime": {"datetime": "2025-05-15 13:42:50", "elapsed": 31934.197706, "delta": 55.644517}}
{"target": 2.635160523104391, "params": {"x0": 0.814165435435971, "x1": 9.576919968785539, "x2": 3.7715994242268183, "x3": 0.905138358964928, "x4": 2.051935077306659, "x5": 10.614236203312421, "x6": 2.975882362565342, "x7": -2.6561443759846775, "x8": 1.3095763284400561, "x9": 1.8793704051536548}, "datetime": {"datetime": "2025-05-15 13:43:42", "elapsed": 31985.543409, "delta": 51.345703}}
{"target": 2.635160523104391, "params": {"x0": 0.814165435435971, "x1": 9.576919968785539, "x2": 3.7715994242268183, "x3": 0.905138358964928, "x4": 2.051935077306659, "x5": 10.614236203312421, "x6": 2.975882362565342, "x7": -2.6561443759846775, "x8": 1.3095763284400561, "x9": 1.8793704051536548}, "datetime": {"datetime": "2025-05-15 13:44:44", "elapsed": 32048.327431, "delta": 62.784022}}
{"target": 2.635160523104391, "params": {"x0": 0.814165435435971, "x1": 9.576919968785539, "x2": 3.7715994242268183, "x3": 0.905138358964928, "x4": 2.051935077306659, "x5": 10.614236203312421, "x6": 2.975882362565342, "x7": -2.6561443759846775, "x8": 1.3095763284400561, "x9": 1.8793704051536548}, "datetime": {"datetime": "2025-05-15 13:45:44", "elapsed": 32107.837492, "delta": 59.510061}}
{"target": 2.635160523104391, "params": {"x0": 0.814165435435971, "x1": 9.576919968785539, "x2": 3.7715994242268183, "x3": 0.905138358964928, "x4": 2.051935077306659, "x5": 10.614236203312421, "x6": 2.975882362565342, "x7": -2.6561443759846775, "x8": 1.3095763284400561, "x9": 1.8793704051536548}, "datetime": {"datetime": "2025-05-15 13:46:38", "elapsed": 32161.71069, "delta": 53.873198}}
{"target": 2.635160523104391, "params": {"x0": 0.814165435435971, "x1": 9.576919968785539, "x2": 3.7715994242268183, "x3": 0.905138358964928, "x4": 2.051935077306659, "x5": 10.614236203312421, "x6": 2.975882362565342, "x7": -2.6561443759846775, "x8": 1.3095763284400561, "x9": 1.8793704051536548}, "datetime": {"datetime": "2025-05-15 13:47:21", "elapsed": 32205.274119, "delta": 43.563429}}
{"target": 2.635160523104391, "params": {"x0": 0.814165435435971, "x1": 9.576919968785539, "x2": 3.7715994242268183, "x3": 0.905138358964928, "x4": 2.051935077306659, "x5": 10.614236203312421, "x6": 2.975882362565342, "x7": -2.6561443759846775, "x8": 1.3095763284400561, "x9": 1.8793704051536548}, "datetime": {"datetime": "2025-05-15 13:48:10", "elapsed": 32253.494902, "delta": 48.220783}}
