{"target": 2.635160523104391, "params": {"x0": 0.8141654354355239, "x1": 9.576919968695028, "x2": 3.771599424341831, "x3": 0.9051383589982015, "x4": 2.0519350773859615, "x5": 10.614236203093697, "x6": 2.9758823624071695, "x7": -2.6561443757886427, "x8": 1.309576328422995, "x9": 1.8793704051517413}, "datetime": {"datetime": "2025-05-15 05:28:54", "elapsed": 2298.258265, "delta": 8.91735}}
{"target": 2.635160523104391, "params": {"x0": 0.814165435432444, "x1": 9.57691996868781, "x2": 3.77159942429479, "x3": 0.9051383588659967, "x4": 2.051935077354418, "x5": 10.614236203098644, "x6": 2.975882362357069, "x7": -2.6561443758014307, "x8": 1.3095763284312019, "x9": 1.8793704051645606}, "datetime": {"datetime": "2025-05-15 05:29:04", "elapsed": 2307.37495, "delta": 9.116685}}
{"target": 2.635160523104391, "params": {"x0": 0.8141654354345725, "x1": 9.576919968797926, "x2": 3.771599424314748, "x3": 0.9051383589015297, "x4": 2.051935077352494, "x5": 10.614236203099487, "x6": 2.9758823624767734, "x7": -2.6561443757927177, "x8": 1.3095763284261932, "x9": 1.8793704051658073}, "datetime": {"datetime": "2025-05-15 05:29:12", "elapsed": 2316.177523, "delta": 8.802573}}
{"target": 2.635160523104391, "params": {"x0": 0.8141654354349815, "x1": 9.576919968712067, "x2": 3.771599424312522, "x3": 0.9051383589315734, "x4": 2.0519350773276814, "x5": 10.614236203132949, "x6": 2.975882362391668, "x7": -2.6561443758390295, "x8": 1.3095763284295285, "x9": 1.8793704051654652}, "datetime": {"datetime": "2025-05-15 05:29:21", "elapsed": 2324.996342, "delta": 8.818819}}
{"target": 2.635160523104391, "params": {"x0": 0.8141654354331022, "x1": 9.576919968747651, "x2": 3.7715994242970328, "x3": 0.9051383589299671, "x4": 2.0519350773100067, "x5": 10.614236203140337, "x6": 2.975882362474665, "x7": -2.6561443758302192, "x8": 1.3095763284277537, "x9": 1.879370405154838}, "datetime": {"datetime": "2025-05-15 05:29:31", "elapsed": 2334.608398, "delta": 9.612056}}
{"target": 2.635160523104391, "params": {"x0": 0.8141654354374153, "x1": 9.576919968767353, "x2": 3.7715994242876247, "x3": 0.9051383589031025, "x4": 2.051935077359315, "x5": 10.614236203185486, "x6": 2.9758823624437887, "x7": -2.6561443758576297, "x8": 1.3095763284288702, "x9": 1.8793704051522475}, "datetime": {"datetime": "2025-05-15 05:29:41", "elapsed": 2344.565201, "delta": 9.956803}}
{"target": 2.635160523104391, "params": {"x0": 0.814165435435066, "x1": 9.576919968730198, "x2": 3.7715994242863506, "x3": 0.9051383590051043, "x4": 2.051935077371742, "x5": 10.61423620317846, "x6": 2.97588236243747, "x7": -2.656144375930692, "x8": 1.3095763284312767, "x9": 1.8793704051596276}, "datetime": {"datetime": "2025-05-15 05:29:51", "elapsed": 2354.517576, "delta": 9.952375}}
{"target": 2.635160523104391, "params": {"x0": 0.8141654354360478, "x1": 9.576919968756124, "x2": 3.771599424284871, "x3": 0.905138359017912, "x4": 2.0519350773278626, "x5": 10.614236203195482, "x6": 2.975882362457734, "x7": -2.6561443758844003, "x8": 1.3095763284330513, "x9": 1.8793704051547635}, "datetime": {"datetime": "2025-05-15 05:30:00", "elapsed": 2363.752704, "delta": 9.235128}}
{"target": 2.635160523104391, "params": {"x0": 0.8141654354370945, "x1": 9.576919968739535, "x2": 3.771599424268981, "x3": 0.9051383589490637, "x4": 2.0519350773463763, "x5": 10.61423620324878, "x6": 2.9758823624958888, "x7": -2.656144375903789, "x8": 1.3095763284312474, "x9": 1.8793704051560187}, "datetime": {"datetime": "2025-05-15 05:30:09", "elapsed": 2372.838116, "delta": 9.085412}}
{"target": 2.635160523104391, "params": {"x0": 0.8141654354368189, "x1": 9.57691996874626, "x2": 3.7715994242631754, "x3": 0.9051383589482507, "x4": 2.0519350773357843, "x5": 10.614236203227776, "x6": 2.9758823624921993, "x7": -2.656144375927533, "x8": 1.3095763284340152, "x9": 1.8793704051585152}, "datetime": {"datetime": "2025-05-15 05:30:18", "elapsed": 2382.181583, "delta": 9.343467}}
{"target": 2.635160523104391, "params": {"x0": 0.8141654354371434, "x1": 9.576919968757027, "x2": 3.7715994242472206, "x3": 0.9051383589458479, "x4": 2.051935077332903, "x5": 10.61423620322416, "x6": 2.975882362508132, "x7": -2.656144375901487, "x8": 1.309576328433256, "x9": 1.8793704051484927}, "datetime": {"datetime": "2025-05-15 05:30:28", "elapsed": 2391.481447, "delta": 9.299864}}
{"target": 2.635160523104391, "params": {"x0": 0.8141654354361931, "x1": 9.5769199687625, "x2": 3.7715994242611024, "x3": 0.9051383589409631, "x4": 2.0519350773285865, "x5": 10.61423620323252, "x6": 2.9758823624919035, "x7": -2.65614437593918, "x8": 1.3095763284369124, "x9": 1.8793704051552145}, "datetime": {"datetime": "2025-05-15 05:30:36", "elapsed": 2400.232098, "delta": 8.750651}}
{"target": 2.635160523104391, "params": {"x0": 0.8141654354368151, "x1": 9.57691996875858, "x2": 3.7715994242472806, "x3": 0.9051383589831539, "x4": 2.051935077339592, "x5": 10.614236203246334, "x6": 2.975882362503232, "x7": -2.6561443759244416, "x8": 1.3095763284352155, "x9": 1.8793704051573756}, "datetime": {"datetime": "2025-05-15 05:30:45", "elapsed": 2409.115337, "delta": 8.883239}}
{"target": 2.635160523104391, "params": {"x0": 0.8141654354348564, "x1": 9.576919968764743, "x2": 3.771599424232588, "x3": 0.9051383589417902, "x4": 2.0519350773251652, "x5": 10.614236203258562, "x6": 2.9758823625137008, "x7": -2.6561443759252956, "x8": 1.3095763284360549, "x9": 1.8793704051581681}, "datetime": {"datetime": "2025-05-15 05:30:54", "elapsed": 2417.51963, "delta": 8.404293}}
{"target": 2.635160523104391, "params": {"x0": 0.8141654354352237, "x1": 9.576919968761898, "x2": 3.7715994242501383, "x3": 0.9051383589538742, "x4": 2.0519350773305693, "x5": 10.614236203257908, "x6": 2.9758823625154096, "x7": -2.6561443759711594, "x8": 1.3095763284385091, "x9": 1.8793704051571405}, "datetime": {"datetime": "2025-05-15 05:31:02", "elapsed": 2426.187772, "delta": 8.668142}}
{"target": 2.635160523104391, "params": {"x0": 0.8141654354354737, "x1": 9.576919968762407, "x2": 3.771599424238536, "x3": 0.9051383589593262, "x4": 2.0519350773278, "x5": 10.614236203284523, "x6": 2.9758823625264625, "x7": -2.656144375935592, "x8": 1.3095763284371575, "x9": 1.879370405157004}, "datetime": {"datetime": "2025-05-15 05:31:11", "elapsed": 2435.190101, "delta": 9.002329}}
{"target": 2.635160523104391, "params": {"x0": 0.8141654354355627, "x1": 9.576919968774204, "x2": 3.771599424249264, "x3": 0.9051383589567431, "x4": 2.0519350773162164, "x5": 10.614236203270558, "x6": 2.975882362520407, "x7": -2.6561443759417256, "x8": 1.309576328436701, "x9": 1.879370405155802}, "datetime": {"datetime": "2025-05-15 05:31:21", "elapsed": 2444.958655, "delta": 9.768554}}
{"target": 2.635160523104391, "params": {"x0": 0.8141654354352655, "x1": 9.576919968778341, "x2": 3.771599424243041, "x3": 0.905138358952389, "x4": 2.051935077317513, "x5": 10.614236203271492, "x6": 2.9758823625326047, "x7": -2.65614437597481, "x8": 1.3095763284366093, "x9": 1.8793704051566136}, "datetime": {"datetime": "2025-05-15 05:31:30", "elapsed": 2453.58374, "delta": 8.625085}}
{"target": 2.635160523104391, "params": {"x0": 0.814165435435545, "x1": 9.576919968773314, "x2": 3.7715994242359594, "x3": 0.9051383589694468, "x4": 2.0519350773250884, "x5": 10.61423620328562, "x6": 2.975882362571219, "x7": -2.65614437595272, "x8": 1.3095763284372581, "x9": 1.8793704051559401}, "datetime": {"datetime": "2025-05-15 05:31:39", "elapsed": 2462.887131, "delta": 9.303391}}
{"target": 2.635160523104391, "params": {"x0": 0.8141654354354827, "x1": 9.576919968779633, "x2": 3.7715994242400406, "x3": 0.9051383589607216, "x4": 2.051935077318326, "x5": 10.614236203277319, "x6": 2.975882362533093, "x7": -2.656144375960433, "x8": 1.3095763284393258, "x9": 1.8793704051557807}, "datetime": {"datetime": "2025-05-15 05:31:49", "elapsed": 2472.450913, "delta": 9.563782}}
{"target": 2.635160523104391, "params": {"x0": 0.8141654354365111, "x1": 9.576919968773577, "x2": 3.771599424236834, "x3": 0.9051383589519509, "x4": 2.051935077301691, "x5": 10.614236203284312, "x6": 2.9758823625361943, "x7": -2.6561443759614365, "x8": 1.3095763284380206, "x9": 1.879370405155389}, "datetime": {"datetime": "2025-05-15 05:31:58", "elapsed": 2481.699792, "delta": 9.248879}}
{"target": 2.635160523104391, "params": {"x0": 0.8141654354359985, "x1": 9.576919968774439, "x2": 3.771599424234404, "x3": 0.9051383589518456, "x4": 2.0519350773150844, "x5": 10.614236203283637, "x6": 2.975882362539373, "x7": -2.6561443759692165, "x8": 1.3095763284386475, "x9": 1.8793704051553086}, "datetime": {"datetime": "2025-05-15 05:32:07", "elapsed": 2491.199971, "delta": 9.500179}}
{"target": 2.635160523104391, "params": {"x0": 0.8141654354359265, "x1": 9.576919968775371, "x2": 3.7715994242377704, "x3": 0.9051383589657491, "x4": 2.0519350773177987, "x5": 10.614236203287216, "x6": 2.9758823625438175, "x7": -2.6561443759741827, "x8": 1.309576328439237, "x9": 1.879370405153813}, "datetime": {"datetime": "2025-05-15 05:32:17", "elapsed": 2500.432004, "delta": 9.232033}}
{"target": 2.635160523104391, "params": {"x0": 0.8141654354363519, "x1": 9.576919968783235, "x2": 3.77159942423616, "x3": 0.9051383589551109, "x4": 2.0519350773171228, "x5": 10.614236203293526, "x6": 2.9758823625557462, "x7": -2.6561443759661754, "x8": 1.3095763284383577, "x9": 1.8793704051548796}, "datetime": {"datetime": "2025-05-15 05:32:26", "elapsed": 2510.206995, "delta": 9.774991}}
{"target": 2.635160523104391, "params": {"x0": 0.8141654354358695, "x1": 9.576919968777121, "x2": 3.7715994242362116, "x3": 0.9051383589721542, "x4": 2.0519350773137934, "x5": 10.614236203299297, "x6": 2.9758823625575346, "x7": -2.6561443759675023, "x8": 1.3095763284387005, "x9": 1.8793704051544935}, "datetime": {"datetime": "2025-05-15 05:32:37", "elapsed": 2520.524946, "delta": 10.317951}}
{"target": 2.635160523104391, "params": {"x0": 0.814165435435751, "x1": 9.576919968778535, "x2": 3.7715994242339175, "x3": 0.905138358959751, "x4": 2.051935077311486, "x5": 10.614236203303697, "x6": 2.975882362553961, "x7": -2.656144375967723, "x8": 1.3095763284388875, "x9": 1.8793704051546145}, "datetime": {"datetime": "2025-05-15 05:32:47", "elapsed": 2531.106629, "delta": 10.581683}}
{"target": 2.635160523104391, "params": {"x0": 0.8141654354361392, "x1": 9.576919968778766, "x2": 3.7715994242287914, "x3": 0.9051383589588298, "x4": 2.05193507731392, "x5": 10.614236203296446, "x6": 2.9758823625557036, "x7": -2.6561443759731262, "x8": 1.3095763284389796, "x9": 1.8793704051535165}, "datetime": {"datetime": "2025-05-15 05:32:58", "elapsed": 2541.462992, "delta": 10.356363}}
{"target": 2.635160523104391, "params": {"x0": 0.8141654354361871, "x1": 9.576919968779421, "x2": 3.7715994242286968, "x3": 0.9051383589713147, "x4": 2.0519350773137788, "x5": 10.614236203298567, "x6": 2.975882362555205, "x7": -2.656144375974187, "x8": 1.3095763284390447, "x9": 1.8793704051533653}, "datetime": {"datetime": "2025-05-15 05:33:08", "elapsed": 2551.501841, "delta": 10.038849}}
{"target": 2.635160523104391, "params": {"x0": 0.8141654354359624, "x1": 9.57691996878345, "x2": 3.771599424230566, "x3": 0.9051383589641457, "x4": 2.0519350773114517, "x5": 10.614236203302246, "x6": 2.97588236255657, "x7": -2.6561443759734193, "x8": 1.309576328439021, "x9": 1.8793704051545939}, "datetime": {"datetime": "2025-05-15 05:33:17", "elapsed": 2561.259562, "delta": 9.757721}}
{"target": 2.635160523104391, "params": {"x0": 0.8141654354358955, "x1": 9.576919968782601, "x2": 3.7715994242322988, "x3": 0.9051383589678876, "x4": 2.0519350773080625, "x5": 10.614236203305406, "x6": 2.9758823625607027, "x7": -2.6561443759747303, "x8": 1.309576328439233, "x9": 1.8793704051539515}, "datetime": {"datetime": "2025-05-15 05:33:27", "elapsed": 2571.248837, "delta": 9.989275}}
{"target": 2.635160523104391, "params": {"x0": 0.8141654354361034, "x1": 9.576919968781356, "x2": 3.7715994242315176, "x3": 0.905138358965412, "x4": 2.051935077311712, "x5": 10.614236203302186, "x6": 2.975882362556002, "x7": -2.656144375981867, "x8": 1.3095763284393334, "x9": 1.8793704051541242}, "datetime": {"datetime": "2025-05-15 05:33:38", "elapsed": 2581.441678, "delta": 10.192841}}
{"target": 2.635160523104391, "params": {"x0": 0.8141654354358979, "x1": 9.576919968784415, "x2": 3.7715994242293687, "x3": 0.9051383589603859, "x4": 2.051935077310352, "x5": 10.6142362033062, "x6": 2.9758823625588775, "x7": -2.6561443759807046, "x8": 1.3095763284395525, "x9": 1.879370405153445}, "datetime": {"datetime": "2025-05-15 05:33:47", "elapsed": 2590.45438, "delta": 9.012702}}
{"target": 2.635160523104391, "params": {"x0": 0.814165435435881, "x1": 9.576919968784981, "x2": 3.771599424227695, "x3": 0.9051383589654415, "x4": 2.0519350773096905, "x5": 10.614236203305857, "x6": 2.975882362558561, "x7": -2.656144375979867, "x8": 1.309576328439559, "x9": 1.8793704051537679}, "datetime": {"datetime": "2025-05-15 05:33:56", "elapsed": 2599.69853, "delta": 9.24415}}
{"target": 2.635160523104391, "params": {"x0": 0.814165435436025, "x1": 9.576919968782311, "x2": 3.7715994242271242, "x3": 0.9051383589612446, "x4": 2.051935077310296, "x5": 10.614236203305632, "x6": 2.975882362566069, "x7": -2.6561443759803347, "x8": 1.3095763284397586, "x9": 1.8793704051532214}, "datetime": {"datetime": "2025-05-15 05:34:05", "elapsed": 2608.710971, "delta": 9.012441}}
{"target": 2.635160523104391, "params": {"x0": 0.8141654354358507, "x1": 9.576919968783061, "x2": 3.771599424229279, "x3": 0.905138358963493, "x4": 2.051935077309651, "x5": 10.614236203306723, "x6": 2.975882362564759, "x7": -2.6561443759799674, "x8": 1.3095763284401898, "x9": 1.8793704051541518}, "datetime": {"datetime": "2025-05-15 05:34:14", "elapsed": 2618.252015, "delta": 9.541044}}
{"target": 2.635160523104391, "params": {"x0": 0.8141654354358934, "x1": 9.576919968784717, "x2": 3.7715994242287763, "x3": 0.9051383589669026, "x4": 2.0519350773067013, "x5": 10.614236203305975, "x6": 2.975882362559933, "x7": -2.6561443759795247, "x8": 1.3095763284397874, "x9": 1.8793704051536533}, "datetime": {"datetime": "2025-05-15 05:34:24", "elapsed": 2627.532132, "delta": 9.280117}}
{"target": 2.635160523104391, "params": {"x0": 0.8141654354360319, "x1": 9.576919968783546, "x2": 3.771599424228897, "x3": 0.9051383589650499, "x4": 2.0519350773050684, "x5": 10.614236203308952, "x6": 2.975882362565513, "x7": -2.6561443759816057, "x8": 1.309576328439857, "x9": 1.87937040515372}, "datetime": {"datetime": "2025-05-15 05:34:34", "elapsed": 2637.386665, "delta": 9.854533}}
{"target": 2.635160523104391, "params": {"x0": 0.8141654354359524, "x1": 9.576919968783391, "x2": 3.771599424228495, "x3": 0.9051383589626824, "x4": 2.0519350773080482, "x5": 10.614236203308122, "x6": 2.9758823625691373, "x7": -2.6561443759802144, "x8": 1.30957632843963, "x9": 1.8793704051533815}, "datetime": {"datetime": "2025-05-15 05:34:43", "elapsed": 2646.50176, "delta": 9.115095}}
{"target": 2.635160523104391, "params": {"x0": 0.8141654354360064, "x1": 9.576919968786745, "x2": 3.771599424228805, "x3": 0.9051383589632581, "x4": 2.0519350773089022, "x5": 10.614236203308147, "x6": 2.9758823625647026, "x7": -2.65614437598034, "x8": 1.3095763284400637, "x9": 1.8793704051533549}, "datetime": {"datetime": "2025-05-15 05:34:52", "elapsed": 2656.005727, "delta": 9.503967}}
{"target": 2.635160523104391, "params": {"x0": 0.8141654354360024, "x1": 9.576919968784829, "x2": 3.7715994242270687, "x3": 0.9051383589641516, "x4": 2.051935077307669, "x5": 10.614236203310922, "x6": 2.975882362563519, "x7": -2.6561443759814787, "x8": 1.3095763284397748, "x9": 1.879370405153524}, "datetime": {"datetime": "2025-05-15 05:35:01", "elapsed": 2665.196747, "delta": 9.19102}}
{"target": 2.635160523104391, "params": {"x0": 0.8141654354359419, "x1": 9.576919968785425, "x2": 3.7715994242272926, "x3": 0.9051383589660534, "x4": 2.0519350773080993, "x5": 10.614236203313517, "x6": 2.975882362563972, "x7": -2.6561443759810297, "x8": 1.309576328440174, "x9": 1.8793704051533942}, "datetime": {"datetime": "2025-05-15 05:35:11", "elapsed": 2674.378143, "delta": 9.181396}}
{"target": 2.635160523104391, "params": {"x0": 0.814165435435935, "x1": 9.576919968785978, "x2": 3.7715994242281075, "x3": 0.905138358964312, "x4": 2.051935077307047, "x5": 10.61423620331068, "x6": 2.9758823625626873, "x7": -2.6561443759817247, "x8": 1.309576328440086, "x9": 1.8793704051534093}, "datetime": {"datetime": "2025-05-15 05:35:20", "elapsed": 2683.669848, "delta": 9.291705}}
{"target": 2.635160523104391, "params": {"x0": 0.8141654354360234, "x1": 9.57691996878425, "x2": 3.771599424228214, "x3": 0.9051383589641148, "x4": 2.05193507730665, "x5": 10.614236203310265, "x6": 2.975882362564901, "x7": -2.656144375982458, "x8": 1.3095763284399258, "x9": 1.87937040515372}, "datetime": {"datetime": "2025-05-15 05:35:29", "elapsed": 2692.799775, "delta": 9.129927}}
{"target": 2.635160523104391, "params": {"x0": 0.8141654354359809, "x1": 9.576919968784422, "x2": 3.771599424227848, "x3": 0.9051383589645328, "x4": 2.0519350773068203, "x5": 10.61423620330971, "x6": 2.9758823625660185, "x7": -2.6561443759835957, "x8": 1.3095763284400028, "x9": 1.8793704051536313}, "datetime": {"datetime": "2025-05-15 05:35:38", "elapsed": 2702.041958, "delta": 9.242183}}
{"target": 2.635160523104391, "params": {"x0": 0.814165435436003, "x1": 9.576919968784532, "x2": 3.7715994242272033, "x3": 0.9051383589656464, "x4": 2.051935077307065, "x5": 10.61423620331002, "x6": 2.975882362567255, "x7": -2.6561443759830685, "x8": 1.309576328440231, "x9": 1.8793704051538058}, "datetime": {"datetime": "2025-05-15 05:35:47", "elapsed": 2711.258819, "delta": 9.216861}}
{"target": 2.635160523104391, "params": {"x0": 0.8141654354359542, "x1": 9.576919968784747, "x2": 3.771599424225903, "x3": 0.9051383589644638, "x4": 2.0519350773076095, "x5": 10.614236203312702, "x6": 2.9758823625644837, "x7": -2.6561443759848005, "x8": 1.3095763284401096, "x9": 1.8793704051536166}, "datetime": {"datetime": "2025-05-15 05:35:57", "elapsed": 2720.590835, "delta": 9.332016}}
{"target": 2.635160523104391, "params": {"x0": 0.8141654354359823, "x1": 9.57691996878557, "x2": 3.7715994242275714, "x3": 0.9051383589656129, "x4": 2.0519350773061076, "x5": 10.614236203310584, "x6": 2.975882362563531, "x7": -2.6561443759841685, "x8": 1.3095763284400836, "x9": 1.8793704051536937}, "datetime": {"datetime": "2025-05-15 05:36:07", "elapsed": 2730.487349, "delta": 9.896514}}
{"target": 2.635160523104391, "params": {"x0": 0.8141654354359454, "x1": 9.576919968785411, "x2": 3.771599424227233, "x3": 0.9051383589657492, "x4": 2.0519350773074043, "x5": 10.614236203311117, "x6": 2.975882362565472, "x7": -2.6561443759851295, "x8": 1.3095763284400705, "x9": 1.8793704051537519}, "datetime": {"datetime": "2025-05-15 05:36:16", "elapsed": 2739.601446, "delta": 9.114097}}
{"target": 2.635160523104391, "params": {"x0": 0.8141654354359866, "x1": 9.57691996878591, "x2": 3.7715994242271114, "x3": 0.9051383589643158, "x4": 2.0519350773065153, "x5": 10.614236203314, "x6": 2.9758823625642346, "x7": -2.656144375983672, "x8": 1.3095763284399715, "x9": 1.879370405153705}, "datetime": {"datetime": "2025-05-15 05:36:25", "elapsed": 2748.571198, "delta": 8.969752}}
{"target": 2.635160523104391, "params": {"x0": 0.8141654354359544, "x1": 9.5769199687852, "x2": 3.771599424226588, "x3": 0.9051383589644177, "x4": 2.0519350773060623, "x5": 10.614236203312053, "x6": 2.9758823625640147, "x7": -2.656144375983725, "x8": 1.3095763284400777, "x9": 1.8793704051537614}, "datetime": {"datetime": "2025-05-15 05:36:34", "elapsed": 2758.041457, "delta": 9.470259}}
{"target": 2.635160523104391, "params": {"x0": 0.8141654354359594, "x1": 9.576919968785067, "x2": 3.7715994242264834, "x3": 0.9051383589644394, "x4": 2.0519350773066654, "x5": 10.614236203312336, "x6": 2.9758823625660935, "x7": -2.656144375985307, "x8": 1.3095763284400566, "x9": 1.879370405153596}, "datetime": {"datetime": "2025-05-15 05:36:45", "elapsed": 2768.923427, "delta": 10.88197}}
{"target": 2.635160523104391, "params": {"x0": 0.8141654354359683, "x1": 9.576919968785035, "x2": 3.7715994242270323, "x3": 0.9051383589643828, "x4": 2.051935077307076, "x5": 10.614236203311386, "x6": 2.975882362565616, "x7": -2.656144375984568, "x8": 1.3095763284400286, "x9": 1.879370405153568}, "datetime": {"datetime": "2025-05-15 05:36:56", "elapsed": 2779.965546, "delta": 11.042119}}
{"target": 2.635160523104391, "params": {"x0": 0.8141654354359601, "x1": 9.576919968785248, "x2": 3.771599424226396, "x3": 0.9051383589650995, "x4": 2.0519350773070806, "x5": 10.61423620331326, "x6": 2.975882362565827, "x7": -2.6561443759837746, "x8": 1.309576328440077, "x9": 1.879370405153594}, "datetime": {"datetime": "2025-05-15 05:37:06", "elapsed": 2789.509663, "delta": 9.544117}}
{"target": 2.635160523104391, "params": {"x0": 0.8141654354359806, "x1": 9.576919968785722, "x2": 3.771599424226694, "x3": 0.9051383589651348, "x4": 2.0519350773063323, "x5": 10.614236203312405, "x6": 2.9758823625647133, "x7": -2.656144375984135, "x8": 1.3095763284400492, "x9": 1.879370405153654}, "datetime": {"datetime": "2025-05-15 05:37:16", "elapsed": 2800.044184, "delta": 10.534521}}
{"target": 2.635160523104391, "params": {"x0": 0.8141654354359732, "x1": 9.576919968785653, "x2": 3.771599424226876, "x3": 0.9051383589646788, "x4": 2.051935077306659, "x5": 10.614236203311556, "x6": 2.9758823625649566, "x7": -2.6561443759846957, "x8": 1.3095763284400719, "x9": 1.879370405153629}, "datetime": {"datetime": "2025-05-15 05:37:26", "elapsed": 2810.294138, "delta": 10.249954}}
{"target": 2.635160523104391, "params": {"x0": 0.8141654354359728, "x1": 9.5769199687856, "x2": 3.771599424226632, "x3": 0.9051383589650153, "x4": 2.0519350773062928, "x5": 10.614236203312492, "x6": 2.975882362565123, "x7": -2.6561443759839487, "x8": 1.309576328440117, "x9": 1.879370405153687}, "datetime": {"datetime": "2025-05-15 05:37:37", "elapsed": 2820.726276, "delta": 10.432138}}
