{"target": 0.0003774485709907167, "params": {"x0": 0.9325165559283769, "x1": 5.40792358823099, "x2": 6.667623140228696, "x3": 7.277156958381154, "x4": 1.2403700315861674, "x5": 0.015672582626076365, "x6": 1.729265048509996, "x7": 10.218365577275868, "x8": 0.9639006549608364, "x9": 2.4074665223035008}, "datetime": {"datetime": "2025-05-11 10:36:35", "elapsed": 2868.443407, "delta": 13.746177}}
{"target": 0.0003774485709907167, "params": {"x0": 0.9325165561252583, "x1": 5.407923587132607, "x2": 6.667623143227735, "x3": 7.277156931403055, "x4": 1.2403700404674913, "x5": 0.015672580829519705, "x6": 1.7292650395320757, "x7": 10.2183655696441, "x8": 0.9639006586286819, "x9": 2.4074665276684417}, "datetime": {"datetime": "2025-05-11 10:36:48", "elapsed": 2881.841574, "delta": 13.398167}}
{"target": 0.0003774485709907167, "params": {"x0": 0.9325165563412523, "x1": 5.407923595523413, "x2": 6.667623149821289, "x3": 7.277156948648639, "x4": 1.2403700390418304, "x5": 0.01567258328004585, "x6": 1.729265051016954, "x7": 10.21836557027514, "x8": 0.9639006612084311, "x9": 2.407466523697745}, "datetime": {"datetime": "2025-05-11 10:37:02", "elapsed": 2895.07891, "delta": 13.237336}}
{"target": 0.0003774485709907167, "params": {"x0": 0.9325165565425874, "x1": 5.407923599117182, "x2": 6.667623151856627, "x3": 7.2771569448902955, "x4": 1.2403700520817809, "x5": 0.015672585591729515, "x6": 1.7292650513366694, "x7": 10.218365568981405, "x8": 0.9639006584589018, "x9": 2.4074665225035923}, "datetime": {"datetime": "2025-05-11 10:37:15", "elapsed": 2908.6475, "delta": 13.56859}}
{"target": 0.0003774485709907167, "params": {"x0": 0.9325165566548286, "x1": 5.407923601265575, "x2": 6.667623134862337, "x3": 7.27715694091991, "x4": 1.2403700337750665, "x5": 0.015672585308978592, "x6": 1.729265056235447, "x7": 10.218365566556539, "x8": 0.9639006596926992, "x9": 2.40746652551069}, "datetime": {"datetime": "2025-05-11 10:37:28", "elapsed": 2921.904016, "delta": 13.256516}}
{"target": 0.0003774485709907167, "params": {"x0": 0.9325165568024776, "x1": 5.407923599533334, "x2": 6.667623149988767, "x3": 7.277156939578409, "x4": 1.2403700471301722, "x5": 0.01567259311209247, "x6": 1.7292650504893503, "x7": 10.21836556530561, "x8": 0.963900663361903, "x9": 2.4074665232491324}, "datetime": {"datetime": "2025-05-11 10:37:42", "elapsed": 2935.387967, "delta": 13.483951}}
{"target": 0.0003774485709907167, "params": {"x0": 0.9325165569241368, "x1": 5.407923599403008, "x2": 6.667623129122551, "x3": 7.277156944397343, "x4": 1.240370041127256, "x5": 0.015672581567779134, "x6": 1.729265051261613, "x7": 10.218365564184062, "x8": 0.9639006613102813, "x9": 2.4074665158548845}, "datetime": {"datetime": "2025-05-11 10:37:55", "elapsed": 2948.81332, "delta": 13.425353}}
{"target": 0.0003774485709907167, "params": {"x0": 0.9325165570165621, "x1": 5.407923601616791, "x2": 6.667623145384792, "x3": 7.277156956047978, "x4": 1.2403700387106658, "x5": 0.01567259737457508, "x6": 1.7292650494611295, "x7": 10.21836556207047, "x8": 0.963900663812534, "x9": 2.4074665240167095}, "datetime": {"datetime": "2025-05-11 10:38:09", "elapsed": 2962.099118, "delta": 13.285798}}
{"target": 0.0003774485709907167, "params": {"x0": 0.9325165571592747, "x1": 5.407923603048893, "x2": 6.667623136960329, "x3": 7.277156942603761, "x4": 1.2403700363296508, "x5": 0.0156725934781242, "x6": 1.729265051148684, "x7": 10.21836555985298, "x8": 0.9639006631081145, "x9": 2.40746651673271}, "datetime": {"datetime": "2025-05-11 10:38:22", "elapsed": 2975.351801, "delta": 13.252683}}
{"target": 0.0003774485709907167, "params": {"x0": 0.9325165572568557, "x1": 5.407923607141049, "x2": 6.6676231453089345, "x3": 7.277156945438199, "x4": 1.240370046777564, "x5": 0.01567258416312125, "x6": 1.7292650553338262, "x7": 10.218365558575062, "x8": 0.9639006601224128, "x9": 2.4074665231096675}, "datetime": {"datetime": "2025-05-11 10:38:35", "elapsed": 2988.589262, "delta": 13.237461}}
{"target": 0.0003774485709907167, "params": {"x0": 0.9325165573165952, "x1": 5.407923620051238, "x2": 6.667623144725688, "x3": 7.277156945697816, "x4": 1.2403700407504727, "x5": 0.015672589305919374, "x6": 1.7292650598149644, "x7": 10.218365558464757, "x8": 0.9639006601999458, "x9": 2.407466519870533}, "datetime": {"datetime": "2025-05-11 10:38:49", "elapsed": 3002.095134, "delta": 13.505872}}
{"target": 0.0003774485709907167, "params": {"x0": 0.9325165573748374, "x1": 5.407923609025915, "x2": 6.667623132892813, "x3": 7.277156957541515, "x4": 1.2403700422862673, "x5": 0.015672589966377236, "x6": 1.7292650571489092, "x7": 10.218365557489214, "x8": 0.9639006586378018, "x9": 2.4074665220034692}, "datetime": {"datetime": "2025-05-11 10:39:02", "elapsed": 3015.432503, "delta": 13.337369}}
{"target": 0.0003774485709907167, "params": {"x0": 0.932516557426925, "x1": 5.407923611278234, "x2": 6.667623140743033, "x3": 7.277156947681894, "x4": 1.2403700481997662, "x5": 0.015672586441189934, "x6": 1.7292650579503634, "x7": 10.218365550321623, "x8": 0.9639006604472584, "x9": 2.4074665181997714}, "datetime": {"datetime": "2025-05-11 10:39:16", "elapsed": 3029.200741, "delta": 13.768238}}
{"target": 0.0003774485709907167, "params": {"x0": 0.9325165574990913, "x1": 5.407923609140351, "x2": 6.667623142189864, "x3": 7.277156959949626, "x4": 1.2403700424777948, "x5": 0.015672588679920153, "x6": 1.7292650622801908, "x7": 10.218365550910248, "x8": 0.9639006591836715, "x9": 2.407466519614036}, "datetime": {"datetime": "2025-05-11 10:39:29", "elapsed": 3042.551537, "delta": 13.350796}}
{"target": 0.0003774485709907167, "params": {"x0": 0.9325165575721406, "x1": 5.407923611105235, "x2": 6.6676231417277005, "x3": 7.277156949109632, "x4": 1.2403700447006873, "x5": 0.015672587800547644, "x6": 1.729265058666964, "x7": 10.218365554082109, "x8": 0.9639006594649704, "x9": 2.4074665189200917}, "datetime": {"datetime": "2025-05-11 10:39:43", "elapsed": 3056.491989, "delta": 13.940452}}
{"target": 0.0003774485709907167, "params": {"x0": 0.9325165576046894, "x1": 5.407923613967577, "x2": 6.667623135057889, "x3": 7.277156955967146, "x4": 1.240370045756924, "x5": 0.01567258989301046, "x6": 1.7292650598391566, "x7": 10.218365553966919, "x8": 0.963900660536757, "x9": 2.407466518832289}, "datetime": {"datetime": "2025-05-11 10:39:56", "elapsed": 3069.950314, "delta": 13.458325}}
{"target": 0.0003774485709907167, "params": {"x0": 0.9325165576620746, "x1": 5.4079236127804275, "x2": 6.667623137725112, "x3": 7.2771569571013694, "x4": 1.2403700473075379, "x5": 0.01567258947188598, "x6": 1.7292650626029122, "x7": 10.218365553203336, "x8": 0.9639006599121042, "x9": 2.4074665192713702}, "datetime": {"datetime": "2025-05-11 10:40:10", "elapsed": 3083.310589, "delta": 13.360275}}
{"target": 0.0003774485709907167, "params": {"x0": 0.9325165576807454, "x1": 5.407923616276583, "x2": 6.667623141684774, "x3": 7.277156955118692, "x4": 1.2403700464747904, "x5": 0.015672589957305923, "x6": 1.7292650644361454, "x7": 10.218365549347439, "x8": 0.9639006598086607, "x9": 2.407466518744323}, "datetime": {"datetime": "2025-05-11 10:40:23", "elapsed": 3096.901639, "delta": 13.59105}}
{"target": 0.0003774485709907167, "params": {"x0": 0.932516557712563, "x1": 5.40792361375318, "x2": 6.6676231402982875, "x3": 7.27715695400914, "x4": 1.2403700469658798, "x5": 0.01567259157804154, "x6": 1.729265065055521, "x7": 10.218365551320739, "x8": 0.9639006599255298, "x9": 2.4074665200727767}, "datetime": {"datetime": "2025-05-11 10:40:37", "elapsed": 3110.277235, "delta": 13.375596}}
{"target": 0.0003774485709907167, "params": {"x0": 0.9325165577674971, "x1": 5.407923614423935, "x2": 6.667623140814783, "x3": 7.277156958474113, "x4": 1.2403700463107923, "x5": 0.015672590233738456, "x6": 1.7292650604748814, "x7": 10.218365551438833, "x8": 0.9639006602751212, "x9": 2.407466519567721}, "datetime": {"datetime": "2025-05-11 10:40:50", "elapsed": 3123.837555, "delta": 13.56032}}
{"target": 0.0003774485709907167, "params": {"x0": 0.932516557782675, "x1": 5.407923614201401, "x2": 6.6676231375772925, "x3": 7.277156956667575, "x4": 1.240370045887768, "x5": 0.015672590234404062, "x6": 1.72926506156933, "x7": 10.218365551170477, "x8": 0.9639006614768735, "x9": 2.407466520161274}, "datetime": {"datetime": "2025-05-11 10:41:04", "elapsed": 3137.684209, "delta": 13.846654}}
{"target": 0.0003774485709907167, "params": {"x0": 0.9325165578028217, "x1": 5.407923615739975, "x2": 6.667623140713753, "x3": 7.27715695685059, "x4": 1.2403700480283857, "x5": 0.01567259088363454, "x6": 1.7292650617703522, "x7": 10.218365549890644, "x8": 0.9639006602252442, "x9": 2.4074665208122634}, "datetime": {"datetime": "2025-05-11 10:41:18", "elapsed": 3151.460427, "delta": 13.776218}}
{"target": 0.0003774485709907167, "params": {"x0": 0.9325165578576509, "x1": 5.407923614757576, "x2": 6.667623140151082, "x3": 7.27715695803432, "x4": 1.2403700457842668, "x5": 0.015672591457654587, "x6": 1.7292650611857026, "x7": 10.218365550114413, "x8": 0.9639006609293768, "x9": 2.4074665192262192}, "datetime": {"datetime": "2025-05-11 10:41:31", "elapsed": 3164.916513, "delta": 13.456086}}
{"target": 0.0003774485709907167, "params": {"x0": 0.9325165578354137, "x1": 5.407923615196088, "x2": 6.6676231381844335, "x3": 7.277156960010357, "x4": 1.2403700461866345, "x5": 0.01567259203703133, "x6": 1.7292650636296047, "x7": 10.218365549557875, "x8": 0.9639006604869562, "x9": 2.407466520392731}, "datetime": {"datetime": "2025-05-11 10:41:45", "elapsed": 3178.335022, "delta": 13.418509}}
{"target": 0.0003774485709907167, "params": {"x0": 0.932516557851866, "x1": 5.4079236158307955, "x2": 6.667623138144079, "x3": 7.277156957812871, "x4": 1.2403700476701396, "x5": 0.015672593414732375, "x6": 1.7292650628113626, "x7": 10.21836554985725, "x8": 0.9639006605366662, "x9": 2.407466520411581}, "datetime": {"datetime": "2025-05-11 10:41:58", "elapsed": 3191.795815, "delta": 13.460793}}
{"target": 0.0003774485709907167, "params": {"x0": 0.9325165578681154, "x1": 5.407923616882926, "x2": 6.667623138670137, "x3": 7.277156958423267, "x4": 1.2403700469433105, "x5": 0.015672591853832303, "x6": 1.729265063544996, "x7": 10.218365549441712, "x8": 0.9639006609877813, "x9": 2.4074665199487124}, "datetime": {"datetime": "2025-05-11 10:42:12", "elapsed": 3205.473881, "delta": 13.678066}}
{"target": 0.0003774485709907167, "params": {"x0": 0.9325165578832947, "x1": 5.407923616000152, "x2": 6.667623137376995, "x3": 7.277156959099071, "x4": 1.2403700468430099, "x5": 0.01567259218189499, "x6": 1.7292650635396944, "x7": 10.218365549463261, "x8": 0.9639006610246167, "x9": 2.4074665205163424}, "datetime": {"datetime": "2025-05-11 10:42:25", "elapsed": 3218.861656, "delta": 13.387775}}
{"target": 0.0003774485709907167, "params": {"x0": 0.9325165578996395, "x1": 5.407923616255289, "x2": 6.667623139488481, "x3": 7.277156961189203, "x4": 1.2403700470771633, "x5": 0.015672592397800788, "x6": 1.7292650633161282, "x7": 10.2183655491498, "x8": 0.9639006607705775, "x9": 2.407466519984526}, "datetime": {"datetime": "2025-05-11 10:42:39", "elapsed": 3232.295449, "delta": 13.433793}}
{"target": 0.0003774485709907167, "params": {"x0": 0.9325165579094836, "x1": 5.407923618086857, "x2": 6.667623138565728, "x3": 7.277156960263056, "x4": 1.2403700482233628, "x5": 0.015672592123790782, "x6": 1.7292650626811796, "x7": 10.21836554911951, "x8": 0.9639006608058354, "x9": 2.407466520037318}, "datetime": {"datetime": "2025-05-11 10:42:52", "elapsed": 3245.903722, "delta": 13.608273}}
{"target": 0.0003774485709907167, "params": {"x0": 0.9325165579216971, "x1": 5.4079236168434095, "x2": 6.667623138913069, "x3": 7.277156959695064, "x4": 1.2403700486185756, "x5": 0.015672592239483526, "x6": 1.7292650631837099, "x7": 10.21836554888912, "x8": 0.9639006604612215, "x9": 2.407466519914757}, "datetime": {"datetime": "2025-05-11 10:43:06", "elapsed": 3259.461347, "delta": 13.557625}}
{"target": 0.0003774485709907167, "params": {"x0": 0.9325165579317548, "x1": 5.407923616919672, "x2": 6.667623138538768, "x3": 7.2771569612814355, "x4": 1.2403700487835676, "x5": 0.01567259228950066, "x6": 1.7292650633572604, "x7": 10.218365548549649, "x8": 0.9639006606227647, "x9": 2.4074665202737036}, "datetime": {"datetime": "2025-05-11 10:43:19", "elapsed": 3272.901418, "delta": 13.440071}}
{"target": 0.0003774485709907167, "params": {"x0": 0.9325165579422872, "x1": 5.407923617216533, "x2": 6.667623138018712, "x3": 7.27715696153247, "x4": 1.2403700473356536, "x5": 0.015672592268871598, "x6": 1.729265063019013, "x7": 10.21836554843975, "x8": 0.9639006607328547, "x9": 2.407466520473153}, "datetime": {"datetime": "2025-05-11 10:43:33", "elapsed": 3286.822833, "delta": 13.921415}}
{"target": 0.0003774485709907167, "params": {"x0": 0.9325165579502929, "x1": 5.407923617600689, "x2": 6.667623139185635, "x3": 7.277156960715051, "x4": 1.2403700492336363, "x5": 0.015672592513217145, "x6": 1.7292650632332542, "x7": 10.218365548502751, "x8": 0.9639006609432283, "x9": 2.407466520183481}, "datetime": {"datetime": "2025-05-11 10:43:47", "elapsed": 3300.417585, "delta": 13.594752}}
{"target": 0.0003774485709907167, "params": {"x0": 0.9325165579544173, "x1": 5.407923617732601, "x2": 6.66762313894933, "x3": 7.2771569609769875, "x4": 1.240370047654091, "x5": 0.015672592517333925, "x6": 1.7292650641747878, "x7": 10.218365547977347, "x8": 0.9639006605971846, "x9": 2.4074665202051624}, "datetime": {"datetime": "2025-05-11 10:44:01", "elapsed": 3314.03251, "delta": 13.614925}}
{"target": 0.0003774485709907167, "params": {"x0": 0.932516557960755, "x1": 5.407923617380321, "x2": 6.667623138974779, "x3": 7.277156961683387, "x4": 1.2403700487566185, "x5": 0.015672592708501975, "x6": 1.7292650639245903, "x7": 10.21836554793844, "x8": 0.9639006606149418, "x9": 2.407466520090662}, "datetime": {"datetime": "2025-05-11 10:44:14", "elapsed": 3327.535718, "delta": 13.503208}}
{"target": 0.0003774485709907167, "params": {"x0": 0.9325165579686971, "x1": 5.4079236180758175, "x2": 6.6676231388722424, "x3": 7.277156960778013, "x4": 1.240370048011849, "x5": 0.01567259263853414, "x6": 1.729265063404821, "x7": 10.218365548152102, "x8": 0.9639006608613865, "x9": 2.4074665201521315}, "datetime": {"datetime": "2025-05-11 10:44:28", "elapsed": 3341.837655, "delta": 14.301937}}
{"target": 0.0003774485709907167, "params": {"x0": 0.9325165579749459, "x1": 5.407923617625049, "x2": 6.667623138390964, "x3": 7.277156962445686, "x4": 1.240370047894705, "x5": 0.01567259258105157, "x6": 1.7292650638910996, "x7": 10.218365548124714, "x8": 0.9639006607272781, "x9": 2.407466519955739}, "datetime": {"datetime": "2025-05-11 10:44:42", "elapsed": 3355.848624, "delta": 14.010969}}
{"target": 0.0003774485709907167, "params": {"x0": 0.9325165579764436, "x1": 5.4079236179485255, "x2": 6.667623138909043, "x3": 7.277156961085182, "x4": 1.24037004815763, "x5": 0.01567259266779511, "x6": 1.7292650639064593, "x7": 10.218365548089395, "x8": 0.9639006608429905, "x9": 2.4074665199635454}, "datetime": {"datetime": "2025-05-11 10:44:56", "elapsed": 3369.377857, "delta": 13.529233}}
{"target": 0.0003774485709907167, "params": {"x0": 0.9325165579821166, "x1": 5.407923618103133, "x2": 6.667623138590646, "x3": 7.277156961174317, "x4": 1.240370048009253, "x5": 0.01567259271666609, "x6": 1.7292650642820893, "x7": 10.218365547806693, "x8": 0.9639006607726366, "x9": 2.407466520003607}, "datetime": {"datetime": "2025-05-11 10:45:10", "elapsed": 3383.010155, "delta": 13.632298}}
{"target": 0.0003774485709907167, "params": {"x0": 0.9325165579851353, "x1": 5.407923617803447, "x2": 6.6676231386564435, "x3": 7.277156962146177, "x4": 1.2403700486268678, "x5": 0.015672592967364913, "x6": 1.7292650636114166, "x7": 10.218365547983543, "x8": 0.9639006606735913, "x9": 2.4074665200320657}, "datetime": {"datetime": "2025-05-11 10:45:23", "elapsed": 3396.595519, "delta": 13.585364}}
{"target": 0.0003774485709907167, "params": {"x0": 0.9325165579922459, "x1": 5.40792361793082, "x2": 6.66762313844267, "x3": 7.277156961436594, "x4": 1.2403700482056794, "x5": 0.0156725928343872, "x6": 1.7292650636550286, "x7": 10.218365547915349, "x8": 0.9639006607562048, "x9": 2.4074665201310674}, "datetime": {"datetime": "2025-05-11 10:45:37", "elapsed": 3410.745461, "delta": 14.149942}}
{"target": 0.0003774485709907167, "params": {"x0": 0.9325165579925336, "x1": 5.4079236179883425, "x2": 6.667623138786595, "x3": 7.277156961698755, "x4": 1.2403700483088254, "x5": 0.01567259282559391, "x6": 1.7292650639226312, "x7": 10.218365547886076, "x8": 0.9639006608274376, "x9": 2.40746652027172}, "datetime": {"datetime": "2025-05-11 10:45:51", "elapsed": 3424.594216, "delta": 13.848755}}
{"target": 0.0003774485709907167, "params": {"x0": 0.9325165579941717, "x1": 5.407923618097255, "x2": 6.667623138773178, "x3": 7.277156961649723, "x4": 1.2403700481750786, "x5": 0.015672592834990878, "x6": 1.7292650639382818, "x7": 10.21836554745432, "x8": 0.9639006607079292, "x9": 2.407466520050302}, "datetime": {"datetime": "2025-05-11 10:46:05", "elapsed": 3438.272362, "delta": 13.678146}}
{"target": 0.0003774485709907167, "params": {"x0": 0.9325165579968079, "x1": 5.407923618233372, "x2": 6.667623138744611, "x3": 7.277156961860236, "x4": 1.240370048276036, "x5": 0.01567259288127201, "x6": 1.7292650639701024, "x7": 10.218365547669048, "x8": 0.9639006607403395, "x9": 2.4074665202280854}, "datetime": {"datetime": "2025-05-11 10:46:18", "elapsed": 3451.614504, "delta": 13.342142}}
{"target": 0.0003774485709907167, "params": {"x0": 0.9325165579994502, "x1": 5.407923618034838, "x2": 6.6676231385919404, "x3": 7.277156961802988, "x4": 1.240370048300802, "x5": 0.015672592995341364, "x6": 1.7292650640140323, "x7": 10.218365547614045, "x8": 0.9639006607399611, "x9": 2.4074665200816368}, "datetime": {"datetime": "2025-05-11 10:46:32", "elapsed": 3465.522019, "delta": 13.907515}}
{"target": 0.0003774485709907167, "params": {"x0": 0.9325165580018708, "x1": 5.407923618094236, "x2": 6.66762313846757, "x3": 7.277156961742321, "x4": 1.2403700484173639, "x5": 0.01567259300228794, "x6": 1.7292650639668923, "x7": 10.218365547710363, "x8": 0.9639006607514068, "x9": 2.4074665200959187}, "datetime": {"datetime": "2025-05-11 10:46:46", "elapsed": 3479.172563, "delta": 13.650544}}
{"target": 0.0003774485709907167, "params": {"x0": 0.9325165580035528, "x1": 5.407923618159402, "x2": 6.6676231386082065, "x3": 7.277156961768466, "x4": 1.2403700482564852, "x5": 0.015672593001052153, "x6": 1.729265063903029, "x7": 10.218365547634374, "x8": 0.9639006608123932, "x9": 2.4074665201987857}, "datetime": {"datetime": "2025-05-11 10:46:59", "elapsed": 3492.853699, "delta": 13.681136}}
{"target": 0.0003774485709907167, "params": {"x0": 0.9325165580046725, "x1": 5.407923618151594, "x2": 6.6676231386292555, "x3": 7.277156961803019, "x4": 1.2403700483906874, "x5": 0.015672593030090647, "x6": 1.7292650639572489, "x7": 10.218365547469567, "x8": 0.9639006607581204, "x9": 2.407466520089587}, "datetime": {"datetime": "2025-05-11 10:47:13", "elapsed": 3506.556162, "delta": 13.702463}}
{"target": 0.0003774485709907167, "params": {"x0": 0.9325165580066689, "x1": 5.407923618165894, "x2": 6.667623138551859, "x3": 7.277156962330191, "x4": 1.240370048291583, "x5": 0.01567259297373554, "x6": 1.7292650639442066, "x7": 10.218365547653528, "x8": 0.9639006607368978, "x9": 2.407466520165589}, "datetime": {"datetime": "2025-05-11 10:47:27", "elapsed": 3520.375566, "delta": 13.819404}}
{"target": 0.0003774485709907167, "params": {"x0": 0.9325165580073015, "x1": 5.407923618211917, "x2": 6.667623138649533, "x3": 7.277156961874859, "x4": 1.2403700483992917, "x5": 0.015672593018050088, "x6": 1.7292650639461367, "x7": 10.218365547580785, "x8": 0.9639006607668248, "x9": 2.407466520189336}, "datetime": {"datetime": "2025-05-11 10:47:41", "elapsed": 3534.195464, "delta": 13.819898}}
{"target": 0.0003774485709907167, "params": {"x0": 0.9325165580084734, "x1": 5.40792361821944, "x2": 6.667623138518755, "x3": 7.2771569620012695, "x4": 1.2403700483127482, "x5": 0.015672593003966628, "x6": 1.7292650639500209, "x7": 10.218365547565162, "x8": 0.9639006607520255, "x9": 2.4074665201419623}, "datetime": {"datetime": "2025-05-11 10:47:55", "elapsed": 3548.046376, "delta": 13.850912}}
{"target": 0.0003774485709907167, "params": {"x0": 0.9325165580097097, "x1": 5.407923618221488, "x2": 6.667623138548339, "x3": 7.277156961976334, "x4": 1.2403700484715605, "x5": 0.01567259306092263, "x6": 1.729265064146481, "x7": 10.218365547571786, "x8": 0.9639006607489414, "x9": 2.407466520133953}, "datetime": {"datetime": "2025-05-11 10:48:08", "elapsed": 3561.576954, "delta": 13.530578}}
{"target": 0.0003774485709907167, "params": {"x0": 0.9325165580106507, "x1": 5.407923618242627, "x2": 6.6676231385661415, "x3": 7.277156961971107, "x4": 1.2403700483902513, "x5": 0.01567259307207183, "x6": 1.7292650641307155, "x7": 10.218365547572946, "x8": 0.9639006607928302, "x9": 2.407466520155803}, "datetime": {"datetime": "2025-05-11 10:48:22", "elapsed": 3575.742073, "delta": 14.165119}}
{"target": 0.0003774485709907167, "params": {"x0": 0.9325165580112622, "x1": 5.407923618313701, "x2": 6.667623138609785, "x3": 7.277156961999625, "x4": 1.2403700483645301, "x5": 0.015672593047040884, "x6": 1.7292650640195064, "x7": 10.218365547485877, "x8": 0.9639006607567545, "x9": 2.407466520172935}, "datetime": {"datetime": "2025-05-11 10:48:36", "elapsed": 3589.615562, "delta": 13.873489}}
{"target": 0.0003774485709907167, "params": {"x0": 0.9325165580123495, "x1": 5.407923618321492, "x2": 6.667623138523694, "x3": 7.277156962035822, "x4": 1.240370048385701, "x5": 0.01567259310748082, "x6": 1.7292650640730611, "x7": 10.218365547555665, "x8": 0.9639006607552292, "x9": 2.4074665201422842}, "datetime": {"datetime": "2025-05-11 10:48:50", "elapsed": 3603.290675, "delta": 13.675113}}
