{"target": 0.0003774485709907167, "params": {"x0": 0.9325165580128153, "x1": 5.4079236183261585, "x2": 6.6676231385435605, "x3": 7.277156962211783, "x4": 1.2403700483870415, "x5": 0.015672593084253273, "x6": 1.7292650640626628, "x7": 10.218365547533734, "x8": 0.9639006607560112, "x9": 2.4074665201402485}, "datetime": {"datetime": "2025-05-11 10:49:04", "elapsed": 3617.080856, "delta": 13.790181}}
{"target": 0.0003774485709907167, "params": {"x0": 0.9325165580137319, "x1": 5.407923618285988, "x2": 6.667623138568533, "x3": 7.277156962077596, "x4": 1.240370048388311, "x5": 0.01567259306213724, "x6": 1.7292650641296088, "x7": 10.218365547505233, "x8": 0.96390066077735, "x9": 2.4074665201660297}, "datetime": {"datetime": "2025-05-11 10:49:18", "elapsed": 3631.082944, "delta": 14.002088}}
{"target": 0.0003774485709907167, "params": {"x0": 0.9325165580141207, "x1": 5.407923618315362, "x2": 6.667623138582888, "x3": 7.277156962276121, "x4": 1.2403700484058189, "x5": 0.01567259311224017, "x6": 1.7292650640312577, "x7": 10.218365547534498, "x8": 0.963900660780867, "x9": 2.407466520165157}, "datetime": {"datetime": "2025-05-11 10:49:31", "elapsed": 3644.939385, "delta": 13.856441}}
{"target": 0.0003774485709907167, "params": {"x0": 0.9325165580147734, "x1": 5.407923618302496, "x2": 6.667623138564999, "x3": 7.277156962085598, "x4": 1.240370048459882, "x5": 0.015672593087966723, "x6": 1.7292650640476992, "x7": 10.218365547521472, "x8": 0.9639006607895237, "x9": 2.407466520147007}, "datetime": {"datetime": "2025-05-11 10:49:45", "elapsed": 3658.844612, "delta": 13.905227}}
{"target": 0.0003774485709907167, "params": {"x0": 0.9325165580152154, "x1": 5.407923618359856, "x2": 6.667623138565692, "x3": 7.277156962093476, "x4": 1.2403700484593592, "x5": 0.015672593097082355, "x6": 1.729265064082696, "x7": 10.21836554752724, "x8": 0.9639006607756354, "x9": 2.4074665201738465}, "datetime": {"datetime": "2025-05-11 10:49:59", "elapsed": 3672.351681, "delta": 13.507069}}
{"target": 0.0003774485709907167, "params": {"x0": 0.9325165580155775, "x1": 5.407923618322872, "x2": 6.667623138571125, "x3": 7.277156962108842, "x4": 1.2403700484426856, "x5": 0.015672593100401182, "x6": 1.7292650640677725, "x7": 10.218365547487776, "x8": 0.9639006607722855, "x9": 2.40746652017422}, "datetime": {"datetime": "2025-05-11 10:50:13", "elapsed": 3686.370692, "delta": 14.019011}}
{"target": 0.0003774485709907167, "params": {"x0": 0.932516558015906, "x1": 5.407923618333526, "x2": 6.667623138560481, "x3": 7.277156962170904, "x4": 1.2403700484246025, "x5": 0.015672593098452047, "x6": 1.7292650641062228, "x7": 10.218365547508531, "x8": 0.9639006607676417, "x9": 2.407466520144263}, "datetime": {"datetime": "2025-05-11 10:50:27", "elapsed": 3700.470628, "delta": 14.099936}}
{"target": 0.0003774485709907167, "params": {"x0": 0.9325165580162385, "x1": 5.407923618353686, "x2": 6.667623138540399, "x3": 7.277156962127592, "x4": 1.2403700484446485, "x5": 0.015672593092601095, "x6": 1.7292650640897893, "x7": 10.218365547502831, "x8": 0.9639006607659883, "x9": 2.407466520156235}, "datetime": {"datetime": "2025-05-11 10:50:41", "elapsed": 3714.390639, "delta": 13.920011}}
{"target": 0.0003774485709907167, "params": {"x0": 0.9325165580164801, "x1": 5.407923618357165, "x2": 6.667623138560116, "x3": 7.277156962170282, "x4": 1.2403700484712115, "x5": 0.015672593095948414, "x6": 1.7292650640770886, "x7": 10.218365547503979, "x8": 0.9639006607677305, "x9": 2.4074665201584913}, "datetime": {"datetime": "2025-05-11 10:50:55", "elapsed": 3728.296107, "delta": 13.905468}}
{"target": 0.0003774485709907167, "params": {"x0": 0.9325165580166509, "x1": 5.407923618341771, "x2": 6.667623138528196, "x3": 7.2771569621398084, "x4": 1.2403700484394, "x5": 0.015672593112786848, "x6": 1.7292650641002894, "x7": 10.218365547487098, "x8": 0.9639006607778265, "x9": 2.4074665201596335}, "datetime": {"datetime": "2025-05-11 10:51:09", "elapsed": 3742.130764, "delta": 13.834657}}
{"target": 0.0003774485709907167, "params": {"x0": 0.9325165580170558, "x1": 5.407923618345228, "x2": 6.667623138536481, "x3": 7.27715696214278, "x4": 1.2403700484667026, "x5": 0.015672593104849336, "x6": 1.729265064072824, "x7": 10.218365547493635, "x8": 0.9639006607704075, "x9": 2.407466520148663}, "datetime": {"datetime": "2025-05-11 10:51:23", "elapsed": 3756.419559, "delta": 14.288795}}
{"target": 0.0003774485709907167, "params": {"x0": 0.9325165580172703, "x1": 5.407923618376135, "x2": 6.6676231385457125, "x3": 7.277156962150103, "x4": 1.2403700484466424, "x5": 0.01567259310665518, "x6": 1.7292650640835678, "x7": 10.218365547478987, "x8": 0.9639006607706838, "x9": 2.4074665201573193}, "datetime": {"datetime": "2025-05-11 10:51:37", "elapsed": 3770.387302, "delta": 13.967743}}
{"target": 0.0003774485709907167, "params": {"x0": 0.932516558017342, "x1": 5.407923618371513, "x2": 6.667623138541391, "x3": 7.277156962157324, "x4": 1.2403700484440094, "x5": 0.015672593122236306, "x6": 1.7292650640750091, "x7": 10.218365547488656, "x8": 0.9639006607741154, "x9": 2.407466520157125}, "datetime": {"datetime": "2025-05-11 10:51:51", "elapsed": 3784.864891, "delta": 14.477589}}
{"target": 0.0003774485709907167, "params": {"x0": 0.932516558017682, "x1": 5.407923618359793, "x2": 6.667623138545772, "x3": 7.277156962173433, "x4": 1.2403700484585045, "x5": 0.01567259311041633, "x6": 1.7292650640950846, "x7": 10.218365547487625, "x8": 0.9639006607799903, "x9": 2.407466520160817}, "datetime": {"datetime": "2025-05-11 10:52:05", "elapsed": 3798.865823, "delta": 14.000932}}
{"target": 0.0003774485709907167, "params": {"x0": 0.9325165580177067, "x1": 5.4079236183758805, "x2": 6.667623138547298, "x3": 7.277156962205962, "x4": 1.2403700484528473, "x5": 0.01567259311739303, "x6": 1.729265064082656, "x7": 10.218365547480124, "x8": 0.9639006607769841, "x9": 2.4074665201509835}, "datetime": {"datetime": "2025-05-11 10:52:19", "elapsed": 3812.719884, "delta": 13.854061}}
{"target": 0.0003774485709907167, "params": {"x0": 0.9325165580178396, "x1": 5.407923618383437, "x2": 6.6676231385447355, "x3": 7.277156962172445, "x4": 1.24037004846117, "x5": 0.015672593113828646, "x6": 1.7292650640851979, "x7": 10.218365547480758, "x8": 0.9639006607793902, "x9": 2.4074665201548444}, "datetime": {"datetime": "2025-05-11 10:52:33", "elapsed": 3826.550598, "delta": 13.830714}}
{"target": 0.0003774485709907167, "params": {"x0": 0.9325165580179529, "x1": 5.407923618364324, "x2": 6.667623138547819, "x3": 7.277156962195116, "x4": 1.2403700484540423, "x5": 0.015672593117857986, "x6": 1.7292650641111695, "x7": 10.218365547473512, "x8": 0.963900660772967, "x9": 2.407466520162731}, "datetime": {"datetime": "2025-05-11 10:52:47", "elapsed": 3840.697222, "delta": 14.146624}}
{"target": 0.0003774485709907167, "params": {"x0": 0.9325165580180882, "x1": 5.407923618377419, "x2": 6.667623138526423, "x3": 7.277156962202682, "x4": 1.240370048457453, "x5": 0.01567259311823985, "x6": 1.7292650640938285, "x7": 10.218365547478232, "x8": 0.9639006607730904, "x9": 2.407466520152825}, "datetime": {"datetime": "2025-05-11 10:53:02", "elapsed": 3855.039606, "delta": 14.342384}}
{"target": 0.0003774485709907167, "params": {"x0": 0.932516558018202, "x1": 5.407923618369738, "x2": 6.667623138545719, "x3": 7.277156962198228, "x4": 1.2403700484564528, "x5": 0.015672593123439438, "x6": 1.7292650640892993, "x7": 10.218365547477406, "x8": 0.9639006607779304, "x9": 2.4074665201552334}, "datetime": {"datetime": "2025-05-11 10:53:15", "elapsed": 3868.882418, "delta": 13.842812}}
{"target": 0.0003774485709907167, "params": {"x0": 0.9325165580183062, "x1": 5.407923618369863, "x2": 6.667623138536814, "x3": 7.277156962187072, "x4": 1.2403700484621043, "x5": 0.015672593125920606, "x6": 1.7292650640936311, "x7": 10.218365547472017, "x8": 0.9639006607741114, "x9": 2.407466520156262}, "datetime": {"datetime": "2025-05-11 10:53:29", "elapsed": 3882.919579, "delta": 14.037161}}
{"target": 0.0003774485709907167, "params": {"x0": 0.9325165580183781, "x1": 5.407923618384879, "x2": 6.667623138541349, "x3": 7.277156962185447, "x4": 1.2403700484619933, "x5": 0.015672593119326374, "x6": 1.7292650640958864, "x7": 10.218365547465556, "x8": 0.9639006607743303, "x9": 2.4074665201600527}, "datetime": {"datetime": "2025-05-11 10:53:43", "elapsed": 3896.940774, "delta": 14.021195}}
{"target": 0.0003774485709907167, "params": {"x0": 0.9325165580184336, "x1": 5.407923618387469, "x2": 6.667623138541664, "x3": 7.277156962215461, "x4": 1.240370048464982, "x5": 0.015672593121501106, "x6": 1.7292650640899005, "x7": 10.218365547472215, "x8": 0.9639006607736158, "x9": 2.4074665201587835}, "datetime": {"datetime": "2025-05-11 10:53:57", "elapsed": 3910.882626, "delta": 13.941852}}
{"target": 0.0003774485709907167, "params": {"x0": 0.9325165580185368, "x1": 5.407923618372745, "x2": 6.667623138539276, "x3": 7.2771569621967265, "x4": 1.2403700484611293, "x5": 0.01567259312276773, "x6": 1.7292650640976384, "x7": 10.218365547462598, "x8": 0.9639006607745711, "x9": 2.407466520159043}, "datetime": {"datetime": "2025-05-11 10:54:12", "elapsed": 3925.385884, "delta": 14.503258}}
{"target": 0.0003774485709907167, "params": {"x0": 0.9325165580186177, "x1": 5.407923618379658, "x2": 6.667623138540544, "x3": 7.27715696219252, "x4": 1.2403700484671938, "x5": 0.01567259312361194, "x6": 1.7292650640948142, "x7": 10.21836554746567, "x8": 0.963900660774839, "x9": 2.407466520158268}, "datetime": {"datetime": "2025-05-11 10:54:26", "elapsed": 3939.565739, "delta": 14.179855}}
{"target": 0.0003774485709907167, "params": {"x0": 0.9325165580186208, "x1": 5.407923618376381, "x2": 6.667623138537858, "x3": 7.2771569622015715, "x4": 1.2403700484657134, "x5": 0.01567259312277204, "x6": 1.7292650640963676, "x7": 10.218365547469109, "x8": 0.9639006607742024, "x9": 2.4074665201559697}, "datetime": {"datetime": "2025-05-11 10:54:40", "elapsed": 3953.826323, "delta": 14.260584}}
{"target": 0.0003774485709907167, "params": {"x0": 0.932516558018702, "x1": 5.407923618378046, "x2": 6.667623138536295, "x3": 7.277156962193122, "x4": 1.2403700484686597, "x5": 0.015672593125283425, "x6": 1.7292650640963907, "x7": 10.218365547467767, "x8": 0.9639006607744102, "x9": 2.407466520157429}, "datetime": {"datetime": "2025-05-11 10:54:55", "elapsed": 3968.027778, "delta": 14.201455}}
{"target": 0.0003774485709907167, "params": {"x0": 0.9325165580187535, "x1": 5.4079236183768415, "x2": 6.667623138537648, "x3": 7.277156962198175, "x4": 1.2403700484635696, "x5": 0.015672593124460114, "x6": 1.7292650640968712, "x7": 10.218365547468347, "x8": 0.9639006607761365, "x9": 2.407466520155347}, "datetime": {"datetime": "2025-05-11 10:55:09", "elapsed": 3982.377358, "delta": 14.34958}}
{"target": 0.0003774485709907167, "params": {"x0": 0.9325165580188035, "x1": 5.407923618378376, "x2": 6.667623138536629, "x3": 7.277156962195681, "x4": 1.2403700484657274, "x5": 0.015672593130112617, "x6": 1.7292650640992617, "x7": 10.218365547469327, "x8": 0.9639006607758326, "x9": 2.407466520157163}, "datetime": {"datetime": "2025-05-11 10:55:23", "elapsed": 3996.595119, "delta": 14.217761}}
{"target": 0.0003774485709907167, "params": {"x0": 0.9325165580188045, "x1": 5.407923618376135, "x2": 6.66762313853915, "x3": 7.277156962196787, "x4": 1.2403700484729612, "x5": 0.015672593126877448, "x6": 1.7292650640994236, "x7": 10.218365547468295, "x8": 0.9639006607764945, "x9": 2.4074665201561944}, "datetime": {"datetime": "2025-05-11 10:55:37", "elapsed": 4010.604809, "delta": 14.00969}}
{"target": 0.0003774485709907167, "params": {"x0": 0.932516558018849, "x1": 5.407923618379755, "x2": 6.667623138534385, "x3": 7.277156962195346, "x4": 1.2403700484653641, "x5": 0.015672593126726603, "x6": 1.7292650640975087, "x7": 10.218365547466115, "x8": 0.9639006607748929, "x9": 2.4074665201569814}, "datetime": {"datetime": "2025-05-11 10:55:51", "elapsed": 4024.692409, "delta": 14.0876}}
{"target": 0.0003774485709907167, "params": {"x0": 0.9325165580188596, "x1": 5.4079236183775015, "x2": 6.667623138538743, "x3": 7.277156962198054, "x4": 1.2403700484688618, "x5": 0.015672593126586355, "x6": 1.7292650640975675, "x7": 10.218365547467824, "x8": 0.9639006607759395, "x9": 2.4074665201563707}, "datetime": {"datetime": "2025-05-11 10:56:05", "elapsed": 4038.941491, "delta": 14.249082}}
{"target": 0.0003774485709907167, "params": {"x0": 0.9325165580188949, "x1": 5.407923618379157, "x2": 6.66762313853687, "x3": 7.277156962196828, "x4": 1.2403700484691271, "x5": 0.01567259312539535, "x6": 1.7292650641020695, "x7": 10.218365547463613, "x8": 0.9639006607752066, "x9": 2.4074665201574623}, "datetime": {"datetime": "2025-05-11 10:56:20", "elapsed": 4053.866742, "delta": 14.925251}}
{"target": 0.0003774485709907167, "params": {"x0": 0.9325165580189151, "x1": 5.40792361838341, "x2": 6.6676231385370865, "x3": 7.277156962197571, "x4": 1.2403700484677596, "x5": 0.015672593127024258, "x6": 1.7292650640974458, "x7": 10.218365547465282, "x8": 0.9639006607749696, "x9": 2.407466520156403}, "datetime": {"datetime": "2025-05-11 10:56:34", "elapsed": 4067.639057, "delta": 13.772315}}
{"target": 0.0003774485709907167, "params": {"x0": 0.9325165580189655, "x1": 5.407923618380093, "x2": 6.667623138534947, "x3": 7.277156962205939, "x4": 1.2403700484668787, "x5": 0.015672593125883306, "x6": 1.729265064097862, "x7": 10.218365547465192, "x8": 0.9639006607757513, "x9": 2.4074665201571226}, "datetime": {"datetime": "2025-05-11 10:56:49", "elapsed": 4082.078816, "delta": 14.439759}}
{"target": 0.0003774485709907167, "params": {"x0": 0.932516558018958, "x1": 5.407923618379139, "x2": 6.667623138534839, "x3": 7.277156962199262, "x4": 1.2403700484672435, "x5": 0.015672593126292305, "x6": 1.7292650641013627, "x7": 10.218365547465604, "x8": 0.9639006607761481, "x9": 2.4074665201566683}, "datetime": {"datetime": "2025-05-11 10:57:03", "elapsed": 4096.041218, "delta": 13.962402}}
{"target": 0.0003774485709907167, "params": {"x0": 0.9325165580189783, "x1": 5.407923618384611, "x2": 6.667623138535194, "x3": 7.277156962202234, "x4": 1.2403700484707043, "x5": 0.015672593127471303, "x6": 1.7292650641022898, "x7": 10.21836554746595, "x8": 0.963900660775487, "x9": 2.40746652015665}, "datetime": {"datetime": "2025-05-11 10:57:16", "elapsed": 4109.902532, "delta": 13.861314}}
{"target": 0.0003774485709907167, "params": {"x0": 0.9325165580190081, "x1": 5.407923618383131, "x2": 6.667623138536914, "x3": 7.277156962205198, "x4": 1.2403700484680489, "x5": 0.015672593126684245, "x6": 1.7292650641018272, "x7": 10.218365547465794, "x8": 0.9639006607754421, "x9": 2.407466520156634}, "datetime": {"datetime": "2025-05-11 10:57:32", "elapsed": 4125.143491, "delta": 15.240959}}
{"target": 0.0003774485709907167, "params": {"x0": 0.9325165580190002, "x1": 5.407923618380488, "x2": 6.66762313853726, "x3": 7.277156962204574, "x4": 1.2403700484709226, "x5": 0.01567259312750682, "x6": 1.729265064100948, "x7": 10.218365547464877, "x8": 0.9639006607756003, "x9": 2.407466520157085}, "datetime": {"datetime": "2025-05-11 10:57:46", "elapsed": 4139.286526, "delta": 14.143035}}
{"target": 0.0003774485709907167, "params": {"x0": 0.9325165580190202, "x1": 5.407923618383735, "x2": 6.667623138537375, "x3": 7.277156962201756, "x4": 1.240370048468517, "x5": 0.015672593126936196, "x6": 1.7292650641005471, "x7": 10.218365547462453, "x8": 0.9639006607754204, "x9": 2.407466520156745}, "datetime": {"datetime": "2025-05-11 10:58:00", "elapsed": 4153.267883, "delta": 13.981357}}
{"target": 0.0003774485709907167, "params": {"x0": 0.9325165580190257, "x1": 5.4079236183818935, "x2": 6.667623138535739, "x3": 7.277156962204982, "x4": 1.2403700484683742, "x5": 0.015672593127528858, "x6": 1.7292650641001377, "x7": 10.218365547462561, "x8": 0.9639006607756849, "x9": 2.4074665201570418}, "datetime": {"datetime": "2025-05-11 10:58:14", "elapsed": 4167.785931, "delta": 14.518048}}
{"target": 0.0003774485709907167, "params": {"x0": 0.9325165580190539, "x1": 5.40792361838147, "x2": 6.667623138536726, "x3": 7.277156962202771, "x4": 1.240370048468311, "x5": 0.015672593126960267, "x6": 1.7292650640992397, "x7": 10.218365547464156, "x8": 0.9639006607755285, "x9": 2.407466520157348}, "datetime": {"datetime": "2025-05-11 10:58:29", "elapsed": 4182.146392, "delta": 14.360461}}
{"target": 0.0003774485709907167, "params": {"x0": 0.9325165580190581, "x1": 5.407923618381394, "x2": 6.667623138535717, "x3": 7.277156962204179, "x4": 1.2403700484706224, "x5": 0.015672593127703, "x6": 1.7292650641004317, "x7": 10.218365547464256, "x8": 0.9639006607754134, "x9": 2.407466520156885}, "datetime": {"datetime": "2025-05-11 10:58:43", "elapsed": 4196.288578, "delta": 14.142186}}
{"target": 0.0003774485709907167, "params": {"x0": 0.9325165580190589, "x1": 5.407923618381894, "x2": 6.667623138536252, "x3": 7.2771569622031445, "x4": 1.240370048468593, "x5": 0.015672593127944858, "x6": 1.7292650641000176, "x7": 10.218365547463556, "x8": 0.9639006607754574, "x9": 2.407466520156934}, "datetime": {"datetime": "2025-05-11 10:58:57", "elapsed": 4210.864032, "delta": 14.575454}}
{"target": 0.0003774485709907167, "params": {"x0": 0.9325165580190816, "x1": 5.407923618383214, "x2": 6.667623138536057, "x3": 7.2771569622031445, "x4": 1.2403700484704867, "x5": 0.015672593127763434, "x6": 1.7292650640994756, "x7": 10.218365547463945, "x8": 0.9639006607755267, "x9": 2.407466520157212}, "datetime": {"datetime": "2025-05-11 10:59:12", "elapsed": 4225.894547, "delta": 15.030515}}
{"target": 0.0003774485709907167, "params": {"x0": 0.9325165580190798, "x1": 5.40792361838143, "x2": 6.667623138536933, "x3": 7.277156962204394, "x4": 1.2403700484689908, "x5": 0.015672593127530925, "x6": 1.729265064099339, "x7": 10.218365547464291, "x8": 0.9639006607755546, "x9": 2.4074665201574335}, "datetime": {"datetime": "2025-05-11 10:59:27", "elapsed": 4240.673994, "delta": 14.779447}}
{"target": 0.0003774485709907167, "params": {"x0": 0.9325165580190822, "x1": 5.407923618381172, "x2": 6.667623138536132, "x3": 7.277156962201841, "x4": 1.2403700484702902, "x5": 0.01567259312757918, "x6": 1.729265064099735, "x7": 10.218365547463277, "x8": 0.9639006607754623, "x9": 2.40746652015747}, "datetime": {"datetime": "2025-05-11 10:59:41", "elapsed": 4254.841155, "delta": 14.167161}}
{"target": 0.0003774485709907167, "params": {"x0": 0.9325165580191744, "x1": 5.407923618382874, "x2": 6.667623138536048, "x3": 7.277156962201954, "x4": 1.2403700484701399, "x5": 0.015672593128251793, "x6": 1.729265064099691, "x7": 10.218365547463321, "x8": 0.963900660775577, "x9": 2.40746652015737}, "datetime": {"datetime": "2025-05-11 10:59:56", "elapsed": 4269.116568, "delta": 14.275413}}
{"target": 0.0003774485709907167, "params": {"x0": 0.9325165580190942, "x1": 5.407923618382337, "x2": 6.667623138536705, "x3": 7.277156962204272, "x4": 1.2403700484691371, "x5": 0.01567259312750576, "x6": 1.729265064100424, "x7": 10.218365547464463, "x8": 0.9639006607756821, "x9": 2.4074665201571714}, "datetime": {"datetime": "2025-05-11 11:00:10", "elapsed": 4283.593238, "delta": 14.47667}}
{"target": 0.0003774485709907167, "params": {"x0": 0.932516558019099, "x1": 5.407923618382225, "x2": 6.667623138536617, "x3": 7.277156962202216, "x4": 1.2403700484692926, "x5": 0.015672593127502375, "x6": 1.7292650641001197, "x7": 10.218365547463465, "x8": 0.9639006607755637, "x9": 2.4074665201574397}, "datetime": {"datetime": "2025-05-11 11:00:24", "elapsed": 4297.974001, "delta": 14.380763}}
{"target": 0.0003774485709907167, "params": {"x0": 0.9325165580191049, "x1": 5.407923618382002, "x2": 6.66762313853636, "x3": 7.2771569622039785, "x4": 1.240370048470028, "x5": 0.01567259312761076, "x6": 1.7292650640996428, "x7": 10.218365547464314, "x8": 0.9639006607757123, "x9": 2.4074665201571706}, "datetime": {"datetime": "2025-05-11 11:00:39", "elapsed": 4312.642346, "delta": 14.668345}}
{"target": 0.0003774485709907167, "params": {"x0": 0.9325165580191407, "x1": 5.407923618382473, "x2": 6.6676231385367375, "x3": 7.277156962203777, "x4": 1.2403700484694768, "x5": 0.015672593128096792, "x6": 1.7292650640998306, "x7": 10.21836554746408, "x8": 0.9639006607755458, "x9": 2.4074665201571044}, "datetime": {"datetime": "2025-05-11 11:00:54", "elapsed": 4327.381677, "delta": 14.739331}}
{"target": 0.0003774485709907167, "params": {"x0": 0.9325165580191395, "x1": 5.4079236183815045, "x2": 6.667623138536556, "x3": 7.277156962202814, "x4": 1.2403700484692466, "x5": 0.015672593128012596, "x6": 1.7292650640996998, "x7": 10.218365547463918, "x8": 0.963900660775631, "x9": 2.407466520157216}, "datetime": {"datetime": "2025-05-11 11:01:08", "elapsed": 4341.637316, "delta": 14.255639}}
{"target": 0.0003774485709907167, "params": {"x0": 0.9325165580191371, "x1": 5.407923618381539, "x2": 6.667623138536381, "x3": 7.277156962203288, "x4": 1.2403700484699487, "x5": 0.01567259312819982, "x6": 1.7292650641002965, "x7": 10.218365547463804, "x8": 0.963900660775665, "x9": 2.407466520157308}, "datetime": {"datetime": "2025-05-11 11:01:22", "elapsed": 4355.964095, "delta": 14.326779}}
{"target": 0.0003774485709907167, "params": {"x0": 0.9325165580191083, "x1": 5.407923618382412, "x2": 6.667623138536651, "x3": 7.27715696220277, "x4": 1.2403700484695517, "x5": 0.01567259312771032, "x6": 1.729265064100261, "x7": 10.218365547463785, "x8": 0.9639006607756782, "x9": 2.4074665201573437}, "datetime": {"datetime": "2025-05-11 11:01:37", "elapsed": 4370.954699, "delta": 14.990604}}
{"target": 0.0003774485709907167, "params": {"x0": 0.9325165580191136, "x1": 5.40792361838175, "x2": 6.667623138536659, "x3": 7.277156962202914, "x4": 1.2403700484692748, "x5": 0.015672593127764062, "x6": 1.7292650640996985, "x7": 10.218365547463627, "x8": 0.9639006607755715, "x9": 2.4074665201572283}, "datetime": {"datetime": "2025-05-11 11:01:52", "elapsed": 4385.793969, "delta": 14.83927}}
