{"target": 0.0003774485709907167, "params": {"x0": 0.9325165580191332, "x1": 5.407923618381945, "x2": 6.667623138536633, "x3": 7.277156962202831, "x4": 1.2403700484693487, "x5": 0.015672593127956748, "x6": 1.7292650640997413, "x7": 10.218365547463636, "x8": 0.9639006607756718, "x9": 2.40746652015729}, "datetime": {"datetime": "2025-05-11 11:02:07", "elapsed": 4400.797342, "delta": 15.003373}}
{"target": 0.0003774485709907167, "params": {"x0": 0.9325165580191457, "x1": 5.407923618381812, "x2": 6.667623138536338, "x3": 7.277156962203193, "x4": 1.2403700484693503, "x5": 0.015672593128072242, "x6": 1.7292650640998488, "x7": 10.218365547463657, "x8": 0.9639006607756424, "x9": 2.407466520157188}, "datetime": {"datetime": "2025-05-11 11:02:22", "elapsed": 4415.510019, "delta": 14.712677}}
{"target": 0.0003774485709907167, "params": {"x0": 0.9325165580191298, "x1": 5.407923618382023, "x2": 6.667623138536626, "x3": 7.2771569622032315, "x4": 1.2403700484693838, "x5": 0.01567259312792402, "x6": 1.7292650641000424, "x7": 10.21836554746365, "x8": 0.9639006607756541, "x9": 2.407466520157206}, "datetime": {"datetime": "2025-05-11 11:02:37", "elapsed": 4430.341667, "delta": 14.831648}}
{"target": 0.0003774485709907167, "params": {"x0": 0.9325165580191199, "x1": 5.407923618381978, "x2": 6.667623138536354, "x3": 7.277156962203437, "x4": 1.2403700484693878, "x5": 0.015672593127843682, "x6": 1.7292650641000684, "x7": 10.218365547463604, "x8": 0.9639006607756065, "x9": 2.407466520157224}, "datetime": {"datetime": "2025-05-11 11:02:51", "elapsed": 4444.783609, "delta": 14.441942}}
{"target": 0.0003774485709907167, "params": {"x0": 0.9325165580191236, "x1": 5.407923618381885, "x2": 6.667623138536547, "x3": 7.277156962203204, "x4": 1.2403700484693996, "x5": 0.01567259312803156, "x6": 1.729265064099986, "x7": 10.21836554746398, "x8": 0.963900660775656, "x9": 2.4074665201572496}, "datetime": {"datetime": "2025-05-11 11:03:07", "elapsed": 4459.990231, "delta": 15.206622}}
{"target": 0.0003774485709907167, "params": {"x0": 0.9325165580191282, "x1": 5.407923618381851, "x2": 6.66762313853646, "x3": 7.277156962203328, "x4": 1.2403700484695392, "x5": 0.015672593127860096, "x6": 1.7292650641000917, "x7": 10.21836554746377, "x8": 0.9639006607756354, "x9": 2.407466520157268}, "datetime": {"datetime": "2025-05-11 11:03:21", "elapsed": 4474.650297, "delta": 14.660066}}
{"target": 0.0003774485709907167, "params": {"x0": 0.932516558019137, "x1": 5.40792361838207, "x2": 6.6676231385364835, "x3": 7.277156962203007, "x4": 1.240370048469486, "x5": 0.015672593127939786, "x6": 1.7292650640998037, "x7": 10.218365547463733, "x8": 0.963900660775652, "x9": 2.4074665201572603}, "datetime": {"datetime": "2025-05-11 11:03:36", "elapsed": 4489.161052, "delta": 14.510755}}
{"target": 0.0003774485709907167, "params": {"x0": 0.9325165580191248, "x1": 5.407923618381923, "x2": 6.667623138536388, "x3": 7.277156962203485, "x4": 1.2403700484695825, "x5": 0.015672593127833558, "x6": 1.7292650640999792, "x7": 10.218365547463952, "x8": 0.9639006607756505, "x9": 2.407466520157268}, "datetime": {"datetime": "2025-05-11 11:03:50", "elapsed": 4503.739887, "delta": 14.578835}}
{"target": 0.0003774485709907167, "params": {"x0": 0.9325165580191347, "x1": 5.4079236183819015, "x2": 6.667623138536464, "x3": 7.27715696220315, "x4": 1.240370048469547, "x5": 0.015672593127857952, "x6": 1.7292650640999203, "x7": 10.218365547463938, "x8": 0.9639006607756196, "x9": 2.4074665201572847}, "datetime": {"datetime": "2025-05-11 11:04:05", "elapsed": 4518.025597, "delta": 14.28571}}
{"target": 0.0003774485709907167, "params": {"x0": 0.9325165580191348, "x1": 5.407923618382129, "x2": 6.6676231385365385, "x3": 7.2771569622031835, "x4": 1.2403700484696183, "x5": 0.01567259312793701, "x6": 1.7292650640998701, "x7": 10.218365547463826, "x8": 0.96390066077564, "x9": 2.4074665201572576}, "datetime": {"datetime": "2025-05-11 11:04:19", "elapsed": 4532.744809, "delta": 14.719212}}
{"target": 0.0003774485709907167, "params": {"x0": 0.9325165580191302, "x1": 5.4079236183820525, "x2": 6.667623138536417, "x3": 7.277156962203151, "x4": 1.240370048469485, "x5": 0.015672593127978064, "x6": 1.7292650640998606, "x7": 10.218365547463767, "x8": 0.9639006607756295, "x9": 2.407466520157271}, "datetime": {"datetime": "2025-05-11 11:04:35", "elapsed": 4548.031691, "delta": 15.286882}}
{"target": 0.0003774485709907167, "params": {"x0": 0.9325165580191229, "x1": 5.407923618382106, "x2": 6.667623138536497, "x3": 7.277156962203377, "x4": 1.2403700484696172, "x5": 0.015672593127894187, "x6": 1.7292650640998841, "x7": 10.218365547463822, "x8": 0.9639006607756272, "x9": 2.4074665201572496}, "datetime": {"datetime": "2025-05-11 11:04:49", "elapsed": 4562.82912, "delta": 14.797429}}
{"target": 0.0003774485709907167, "params": {"x0": 0.9325165580191255, "x1": 5.407923618382055, "x2": 6.667623138536524, "x3": 7.277156962203351, "x4": 1.2403700484695928, "x5": 0.015672593127944928, "x6": 1.7292650641000016, "x7": 10.218365547463735, "x8": 0.963900660775649, "x9": 2.407466520157251}, "datetime": {"datetime": "2025-05-11 11:05:04", "elapsed": 4577.4459, "delta": 14.61678}}
{"target": 0.0003774485709907167, "params": {"x0": 0.932516558019131, "x1": 5.407923618382061, "x2": 6.66762313853643, "x3": 7.27715696220328, "x4": 1.2403700484695939, "x5": 0.015672593127877655, "x6": 1.7292650640999534, "x7": 10.218365547463858, "x8": 0.9639006607756331, "x9": 2.4074665201572687}, "datetime": {"datetime": "2025-05-11 11:05:18", "elapsed": 4591.819477, "delta": 14.373577}}
{"target": 0.0003774485709907167, "params": {"x0": 0.932516558019129, "x1": 5.40792361838198, "x2": 6.667623138536436, "x3": 7.27715696220324, "x4": 1.2403700484695113, "x5": 0.015672593127946412, "x6": 1.7292650640999518, "x7": 10.218365547463828, "x8": 0.9639006607756263, "x9": 2.4074665201572447}, "datetime": {"datetime": "2025-05-11 11:05:33", "elapsed": 4606.736384, "delta": 14.916907}}
{"target": 0.0003774485709907167, "params": {"x0": 0.9325165580191302, "x1": 5.407923618381953, "x2": 6.667623138536472, "x3": 7.277156962203359, "x4": 1.2403700484696054, "x5": 0.015672593127896935, "x6": 1.7292650640999807, "x7": 10.218365547463758, "x8": 0.9639006607756412, "x9": 2.40746652015724}, "datetime": {"datetime": "2025-05-11 11:05:49", "elapsed": 4622.292944, "delta": 15.55656}}
{"target": 0.0003774485709907167, "params": {"x0": 0.9325165580191271, "x1": 5.40792361838201, "x2": 6.667623138536439, "x3": 7.2771569622032874, "x4": 1.2403700484695859, "x5": 0.015672593127952383, "x6": 1.7292650640999006, "x7": 10.21836554746383, "x8": 0.9639006607756303, "x9": 2.407466520157246}, "datetime": {"datetime": "2025-05-11 11:06:04", "elapsed": 4637.964318, "delta": 15.671374}}
{"target": 0.0003774485709907167, "params": {"x0": 0.9325165580191297, "x1": 5.407923618381987, "x2": 6.667623138536468, "x3": 7.277156962203331, "x4": 1.2403700484696005, "x5": 0.015672593127892334, "x6": 1.7292650640999148, "x7": 10.218365547463822, "x8": 0.9639006607756433, "x9": 2.4074665201572674}, "datetime": {"datetime": "2025-05-11 11:06:19", "elapsed": 4652.837971, "delta": 14.873653}}
{"target": 0.0003774485709907167, "params": {"x0": 0.9325165580191299, "x1": 5.407923618381967, "x2": 6.667623138536471, "x3": 7.277156962203333, "x4": 1.2403700484695601, "x5": 0.015672593127952106, "x6": 1.7292650640999465, "x7": 10.218365547463858, "x8": 0.9639006607756446, "x9": 2.407466520157256}, "datetime": {"datetime": "2025-05-11 11:06:35", "elapsed": 4668.763683, "delta": 15.925712}}
{"target": 0.0003774485709907167, "params": {"x0": 0.9325165580191288, "x1": 5.407923618382009, "x2": 6.667623138536492, "x3": 7.277156962203246, "x4": 1.2403700484695237, "x5": 0.0156725931279254, "x6": 1.729265064099934, "x7": 10.218365547463808, "x8": 0.9639006607756353, "x9": 2.4074665201572496}, "datetime": {"datetime": "2025-05-11 11:06:50", "elapsed": 4683.912725, "delta": 15.149042}}
{"target": 0.0003774485709907167, "params": {"x0": 0.9325165580191289, "x1": 5.4079236183819965, "x2": 6.667623138536482, "x3": 7.27715696220331, "x4": 1.2403700484695632, "x5": 0.015672593127901986, "x6": 1.729265064099972, "x7": 10.21836554746379, "x8": 0.9639006607756393, "x9": 2.407466520157259}, "datetime": {"datetime": "2025-05-11 11:07:05", "elapsed": 4698.51039, "delta": 14.597665}}
{"target": 0.0003774485709907167, "params": {"x0": 0.93251655801913, "x1": 5.4079236183819726, "x2": 6.667623138536491, "x3": 7.277156962203268, "x4": 1.2403700484695395, "x5": 0.01567259312792996, "x6": 1.729265064099929, "x7": 10.218365547463835, "x8": 0.9639006607756424, "x9": 2.4074665201572594}, "datetime": {"datetime": "2025-05-11 11:07:19", "elapsed": 4712.91003, "delta": 14.39964}}
{"target": 0.0003774485709907167, "params": {"x0": 0.9325165580191277, "x1": 5.407923618382008, "x2": 6.667623138536489, "x3": 7.277156962203237, "x4": 1.2403700484695448, "x5": 0.01567259312793216, "x6": 1.7292650640999392, "x7": 10.218365547463797, "x8": 0.9639006607756355, "x9": 2.407466520157255}, "datetime": {"datetime": "2025-05-11 11:07:34", "elapsed": 4727.725167, "delta": 14.815137}}
{"target": 0.0003774485709907167, "params": {"x0": 0.9325165580191296, "x1": 5.407923618381999, "x2": 6.667623138536459, "x3": 7.277156962203271, "x4": 1.2403700484695646, "x5": 0.015672593127907915, "x6": 1.7292650640999476, "x7": 10.218365547463826, "x8": 0.9639006607756396, "x9": 2.4074665201572523}, "datetime": {"datetime": "2025-05-11 11:07:49", "elapsed": 4742.578127, "delta": 14.85296}}
{"target": 0.0003774485709907167, "params": {"x0": 0.9325165580191281, "x1": 5.407923618382018, "x2": 6.667623138536472, "x3": 7.277156962203273, "x4": 1.2403700484695823, "x5": 0.01567259312790891, "x6": 1.7292650640999294, "x7": 10.2183655474638, "x8": 0.9639006607756406, "x9": 2.40746652015726}, "datetime": {"datetime": "2025-05-11 11:08:04", "elapsed": 4757.176971, "delta": 14.598844}}
{"target": 0.0003774485709907167, "params": {"x0": 0.9325165580191282, "x1": 5.40792361838198, "x2": 6.667623138536469, "x3": 7.277156962203264, "x4": 1.2403700484695623, "x5": 0.015672593127923056, "x6": 1.7292650640999543, "x7": 10.218365547463808, "x8": 0.9639006607756353, "x9": 2.407466520157264}, "datetime": {"datetime": "2025-05-11 11:08:18", "elapsed": 4771.935194, "delta": 14.758223}}
{"target": 0.0003774485709907167, "params": {"x0": 0.9325165580191286, "x1": 5.407923618381982, "x2": 6.667623138536484, "x3": 7.277156962203309, "x4": 1.2403700484695586, "x5": 0.015672593127920142, "x6": 1.7292650640999265, "x7": 10.218365547463815, "x8": 0.9639006607756366, "x9": 2.4074665201572545}, "datetime": {"datetime": "2025-05-11 11:08:34", "elapsed": 4787.036147, "delta": 15.100953}}
{"target": 0.0003774485709907167, "params": {"x0": 0.9325165580191295, "x1": 5.40792361838198, "x2": 6.6676231385364755, "x3": 7.277156962203307, "x4": 1.2403700484695515, "x5": 0.015672593127924378, "x6": 1.7292650640999543, "x7": 10.218365547463831, "x8": 0.9639006607756392, "x9": 2.407466520157262}, "datetime": {"datetime": "2025-05-11 11:08:49", "elapsed": 4802.208591, "delta": 15.172444}}
{"target": 0.0003774485709907167, "params": {"x0": 0.9325165580191277, "x1": 5.407923618382015, "x2": 6.667623138536471, "x3": 7.277156962203278, "x4": 1.2403700484695603, "x5": 0.01567259312793181, "x6": 1.7292650640999407, "x7": 10.21836554746382, "x8": 0.9639006607756365, "x9": 2.407466520157263}, "datetime": {"datetime": "2025-05-11 11:09:04", "elapsed": 4816.98936, "delta": 14.780769}}
{"target": 0.0003774485709907167, "params": {"x0": 0.9325165580191282, "x1": 5.407923618381984, "x2": 6.667623138536472, "x3": 7.277156962203291, "x4": 1.240370048469554, "x5": 0.015672593127921047, "x6": 1.7292650640999547, "x7": 10.218365547463813, "x8": 0.9639006607756372, "x9": 2.407466520157254}, "datetime": {"datetime": "2025-05-11 11:09:19", "elapsed": 4832.119518, "delta": 15.130158}}
{"target": 0.0003774485709907167, "params": {"x0": 0.9325165580191286, "x1": 5.407923618382005, "x2": 6.667623138536466, "x3": 7.277156962203295, "x4": 1.240370048469551, "x5": 0.0156725931279188, "x6": 1.7292650640999492, "x7": 10.218365547463819, "x8": 0.9639006607756374, "x9": 2.4074665201572607}, "datetime": {"datetime": "2025-05-11 11:09:34", "elapsed": 4847.002379, "delta": 14.882861}}
{"target": 0.0003774485709907167, "params": {"x0": 0.9325165580191277, "x1": 5.407923618381999, "x2": 6.667623138536476, "x3": 7.27715696220328, "x4": 1.2403700484695586, "x5": 0.015672593127912603, "x6": 1.7292650640999403, "x7": 10.218365547463812, "x8": 0.9639006607756369, "x9": 2.4074665201572576}, "datetime": {"datetime": "2025-05-11 11:09:49", "elapsed": 4862.138086, "delta": 15.135707}}
{"target": 0.0003774485709907167, "params": {"x0": 0.9325165580191284, "x1": 5.407923618382, "x2": 6.667623138536473, "x3": 7.277156962203279, "x4": 1.240370048469558, "x5": 0.015672593127925398, "x6": 1.729265064099944, "x7": 10.218365547463813, "x8": 0.9639006607756389, "x9": 2.4074665201572563}, "datetime": {"datetime": "2025-05-11 11:10:03", "elapsed": 4876.883855, "delta": 14.745769}}
{"target": 0.0003774485709907167, "params": {"x0": 0.9325165580191281, "x1": 5.40792361838201, "x2": 6.667623138536467, "x3": 7.277156962203295, "x4": 1.2403700484695537, "x5": 0.015672593127923864, "x6": 1.729265064099945, "x7": 10.218365547463824, "x8": 0.9639006607756389, "x9": 2.4074665201572567}, "datetime": {"datetime": "2025-05-11 11:10:18", "elapsed": 4891.388375, "delta": 14.50452}}
{"target": 0.0003774485709907167, "params": {"x0": 0.9325165580191279, "x1": 5.4079236183819965, "x2": 6.667623138536478, "x3": 7.277156962203292, "x4": 1.2403700484695672, "x5": 0.015672593127924513, "x6": 1.729265064099946, "x7": 10.218365547463817, "x8": 0.9639006607756375, "x9": 2.4074665201572554}, "datetime": {"datetime": "2025-05-11 11:10:32", "elapsed": 4905.776151, "delta": 14.387776}}
{"target": 0.0003774485709907167, "params": {"x0": 0.9325165580191287, "x1": 5.407923618381996, "x2": 6.667623138536474, "x3": 7.277156962203287, "x4": 1.2403700484695555, "x5": 0.015672593127919337, "x6": 1.7292650640999396, "x7": 10.218365547463812, "x8": 0.9639006607756402, "x9": 2.407466520157258}, "datetime": {"datetime": "2025-05-11 11:10:47", "elapsed": 4920.557485, "delta": 14.781334}}
{"target": 0.0003774485709907167, "params": {"x0": 0.9325165580191285, "x1": 5.407923618382007, "x2": 6.667623138536474, "x3": 7.277156962203272, "x4": 1.2403700484695652, "x5": 0.015672593127916624, "x6": 1.7292650640999407, "x7": 10.21836554746382, "x8": 0.9639006607756391, "x9": 2.407466520157257}, "datetime": {"datetime": "2025-05-11 11:11:02", "elapsed": 4935.574955, "delta": 15.01747}}
{"target": 0.0003774485709907167, "params": {"x0": 0.9325165580191284, "x1": 5.407923618381996, "x2": 6.6676231385364755, "x3": 7.277156962203289, "x4": 1.240370048469563, "x5": 0.01567259312792021, "x6": 1.729265064099941, "x7": 10.218365547463813, "x8": 0.963900660775638, "x9": 2.4074665201572567}, "datetime": {"datetime": "2025-05-11 11:11:17", "elapsed": 4950.77419, "delta": 15.199235}}
{"target": 0.0003774485709907167, "params": {"x0": 0.9325165580191282, "x1": 5.407923618381994, "x2": 6.667623138536472, "x3": 7.277156962203273, "x4": 1.240370048469563, "x5": 0.015672593127920537, "x6": 1.7292650640999416, "x7": 10.218365547463817, "x8": 0.9639006607756382, "x9": 2.4074665201572594}, "datetime": {"datetime": "2025-05-11 11:11:32", "elapsed": 4965.615924, "delta": 14.841734}}
{"target": 0.0003774485709907167, "params": {"x0": 0.9325165580191282, "x1": 5.407923618382003, "x2": 6.6676231385364755, "x3": 7.277156962203285, "x4": 1.240370048469562, "x5": 0.015672593127920527, "x6": 1.7292650640999419, "x7": 10.218365547463824, "x8": 0.9639006607756395, "x9": 2.4074665201572576}, "datetime": {"datetime": "2025-05-11 11:11:47", "elapsed": 4980.43131, "delta": 14.815386}}
{"target": 0.0003774485709907167, "params": {"x0": 0.9325165580191286, "x1": 5.407923618381997, "x2": 6.667623138536472, "x3": 7.277156962203278, "x4": 1.2403700484695612, "x5": 0.01567259312792152, "x6": 1.7292650640999414, "x7": 10.218365547463819, "x8": 0.9639006607756391, "x9": 2.4074665201572576}, "datetime": {"datetime": "2025-05-11 11:12:01", "elapsed": 4994.452828, "delta": 14.021518}}
{"target": 0.0003774485709907167, "params": {"x0": 0.9325165580191284, "x1": 5.407923618382001, "x2": 6.667623138536473, "x3": 7.2771569622032795, "x4": 1.2403700484695577, "x5": 0.015672593127919018, "x6": 1.7292650640999412, "x7": 10.218365547463817, "x8": 0.9639006607756383, "x9": 2.407466520157259}, "datetime": {"datetime": "2025-05-11 11:12:16", "elapsed": 5009.619319, "delta": 15.166491}}
{"target": 0.0003774485709907167, "params": {"x0": 0.9325165580191282, "x1": 5.407923618381995, "x2": 6.667623138536474, "x3": 7.2771569622032874, "x4": 1.2403700484695588, "x5": 0.0156725931279215, "x6": 1.7292650640999425, "x7": 10.218365547463822, "x8": 0.9639006607756386, "x9": 2.407466520157258}, "datetime": {"datetime": "2025-05-11 11:12:32", "elapsed": 5025.153735, "delta": 15.534416}}
{"target": 0.0003774485709907167, "params": {"x0": 0.9325165580191286, "x1": 5.407923618382001, "x2": 6.667623138536475, "x3": 7.277156962203287, "x4": 1.2403700484695623, "x5": 0.01567259312792064, "x6": 1.7292650640999434, "x7": 10.218365547463817, "x8": 0.9639006607756395, "x9": 2.407466520157257}, "datetime": {"datetime": "2025-05-11 11:12:47", "elapsed": 5040.497588, "delta": 15.343853}}
{"target": 0.0003774485709907167, "params": {"x0": 0.9325165580191284, "x1": 5.407923618382003, "x2": 6.667623138536471, "x3": 7.277156962203287, "x4": 1.24037004846956, "x5": 0.015672593127919812, "x6": 1.7292650640999463, "x7": 10.218365547463819, "x8": 0.9639006607756386, "x9": 2.407466520157258}, "datetime": {"datetime": "2025-05-11 11:13:03", "elapsed": 5056.463409, "delta": 15.965821}}
{"target": 0.0003774485709907167, "params": {"x0": 0.9325165580191282, "x1": 5.407923618381998, "x2": 6.667623138536472, "x3": 7.277156962203279, "x4": 1.2403700484695626, "x5": 0.015672593127920454, "x6": 1.729265064099943, "x7": 10.218365547463817, "x8": 0.9639006607756389, "x9": 2.407466520157257}, "datetime": {"datetime": "2025-05-11 11:13:18", "elapsed": 5071.145009, "delta": 14.6816}}
{"target": 0.0003774485709907167, "params": {"x0": 0.9325165580191284, "x1": 5.407923618381997, "x2": 6.667623138536475, "x3": 7.277156962203287, "x4": 1.2403700484695612, "x5": 0.015672593127920607, "x6": 1.7292650640999443, "x7": 10.218365547463817, "x8": 0.9639006607756389, "x9": 2.4074665201572585}, "datetime": {"datetime": "2025-05-11 11:13:33", "elapsed": 5086.48364, "delta": 15.338631}}
{"target": 0.0003774485709907167, "params": {"x0": 0.9325165580191284, "x1": 5.407923618381997, "x2": 6.667623138536473, "x3": 7.277156962203283, "x4": 1.2403700484695614, "x5": 0.015672593127919753, "x6": 1.7292650640999445, "x7": 10.218365547463819, "x8": 0.9639006607756387, "x9": 2.4074665201572576}, "datetime": {"datetime": "2025-05-11 11:13:48", "elapsed": 5101.640266, "delta": 15.156626}}
{"target": 0.0003774485709907167, "params": {"x0": 0.9325165580191285, "x1": 5.407923618382, "x2": 6.667623138536473, "x3": 7.27715696220328, "x4": 1.2403700484695601, "x5": 0.015672593127921217, "x6": 1.729265064099942, "x7": 10.218365547463817, "x8": 0.9639006607756386, "x9": 2.407466520157258}, "datetime": {"datetime": "2025-05-11 11:14:04", "elapsed": 5117.284713, "delta": 15.644447}}
{"target": 0.0003774485709907167, "params": {"x0": 0.9325165580191282, "x1": 5.407923618381999, "x2": 6.667623138536474, "x3": 7.277156962203284, "x4": 1.2403700484695603, "x5": 0.015672593127920548, "x6": 1.7292650640999447, "x7": 10.218365547463817, "x8": 0.963900660775639, "x9": 2.407466520157258}, "datetime": {"datetime": "2025-05-11 11:14:19", "elapsed": 5132.668909, "delta": 15.384196}}
{"target": 0.0003774485709907167, "params": {"x0": 0.9325165580191284, "x1": 5.407923618381998, "x2": 6.667623138536474, "x3": 7.277156962203284, "x4": 1.2403700484695597, "x5": 0.01567259312792024, "x6": 1.729265064099944, "x7": 10.218365547463817, "x8": 0.9639006607756391, "x9": 2.407466520157258}, "datetime": {"datetime": "2025-05-11 11:14:34", "elapsed": 5147.397517, "delta": 14.728608}}
{"target": 0.0003774485709907167, "params": {"x0": 0.9325165580191282, "x1": 5.407923618382, "x2": 6.667623138536472, "x3": 7.277156962203282, "x4": 1.240370048469559, "x5": 0.015672593127921023, "x6": 1.7292650640999427, "x7": 10.218365547463819, "x8": 0.9639006607756393, "x9": 2.4074665201572576}, "datetime": {"datetime": "2025-05-11 11:14:49", "elapsed": 5162.681786, "delta": 15.284269}}
{"target": 0.0003774485709907167, "params": {"x0": 0.9325165580191284, "x1": 5.407923618382, "x2": 6.667623138536473, "x3": 7.277156962203282, "x4": 1.2403700484695614, "x5": 0.015672593127920284, "x6": 1.729265064099943, "x7": 10.218365547463819, "x8": 0.9639006607756392, "x9": 2.407466520157258}, "datetime": {"datetime": "2025-05-11 11:15:04", "elapsed": 5177.800774, "delta": 15.118988}}
{"target": 0.0003774485709907167, "params": {"x0": 0.9325165580191282, "x1": 5.407923618381999, "x2": 6.667623138536472, "x3": 7.27715696220328, "x4": 1.2403700484695601, "x5": 0.0156725931279206, "x6": 1.7292650640999447, "x7": 10.218365547463817, "x8": 0.9639006607756392, "x9": 2.4074665201572576}, "datetime": {"datetime": "2025-05-11 11:15:20", "elapsed": 5193.248953, "delta": 15.448179}}
{"target": 0.0003774485709907167, "params": {"x0": 0.9325165580191285, "x1": 5.407923618381998, "x2": 6.667623138536474, "x3": 7.277156962203283, "x4": 1.2403700484695603, "x5": 0.01567259312791934, "x6": 1.7292650640999432, "x7": 10.21836554746382, "x8": 0.963900660775639, "x9": 2.407466520157258}, "datetime": {"datetime": "2025-05-11 11:15:36", "elapsed": 5209.0005, "delta": 15.751547}}
