{"target": 0.00037475844346712586, "params": {"x0": 0.9328257214748644, "x1": 5.396305589052991, "x2": 6.669081815449527, "x3": 7.270434084598248, "x4": 1.237451634165621, "x5": 0.018015478049425666, "x6": 1.7270619000530596, "x7": 10.223098022939181, "x8": 0.9617569958195789, "x9": 2.4105493010424106}, "datetime": {"datetime": "2025-05-11 10:12:43", "elapsed": 1436.305899, "delta": 13.075502}}
{"target": 0.00037735537753802613, "params": {"x0": 0.9323408592661162, "x1": 5.404833406601809, "x2": 6.669329678986155, "x3": 7.281937564761704, "x4": 1.2378217564616185, "x5": 0.017718346163375497, "x6": 1.726687530631329, "x7": 10.215676063877531, "x8": 0.9633304798514561, "x9": 2.4082864910436506}, "datetime": {"datetime": "2025-05-11 10:12:56", "elapsed": 1449.614353, "delta": 13.308454}}
{"target": 0.00037704740890722274, "params": {"x0": 0.932145638429436, "x1": 5.408266975246465, "x2": 6.671225835041357, "x3": 7.287249345382174, "x4": 1.2349903208972388, "x5": 0.0199914050916593, "x6": 1.7295514567075678, "x7": 10.212687748781656, "x8": 0.962696945491253, "x9": 2.407375412280992}, "datetime": {"datetime": "2025-05-11 10:13:09", "elapsed": 1462.926371, "delta": 13.312018}}
{"target": 0.0003774485709907167, "params": {"x0": 0.9325165580191284, "x1": 5.407923618381999, "x2": 6.667623138536473, "x3": 7.277156962203282, "x4": 1.2403700484695603, "x5": 0.015672593127920076, "x6": 1.7292650640999438, "x7": 10.218365547463819, "x8": 0.9639006607756391, "x9": 2.407466520157258}, "datetime": {"datetime": "2025-05-11 10:13:22", "elapsed": 1475.890085, "delta": 12.963714}}
{"target": 0.0003773341540629617, "params": {"x0": 0.932367214079068, "x1": 5.410550298395161, "x2": 6.666172579154243, "x3": 7.281220474377942, "x4": 1.2425360966763108, "x5": 0.013933703047782969, "x6": 1.7314559675482666, "x7": 10.216079486415474, "x8": 0.9643853145611946, "x9": 2.4067695449038244}, "datetime": {"datetime": "2025-05-11 10:13:35", "elapsed": 1488.971166, "delta": 13.081081}}
{"target": 0.0003773341540629617, "params": {"x0": 0.9326509675651826, "x1": 5.410287630393845, "x2": 6.666317635092466, "x3": 7.280814123160475, "x4": 1.2423194918556357, "x5": 0.017237594200043473, "x6": 1.7312368772034343, "x7": 10.21630809252031, "x8": 0.964336849182639, "x9": 2.4068392424291676}, "datetime": {"datetime": "2025-05-11 10:13:49", "elapsed": 1502.151602, "delta": 13.180436}}
{"target": 0.0003773341540629617, "params": {"x0": 0.9323955894276795, "x1": 5.41005122919266, "x2": 6.666448185436867, "x3": 7.280448407064756, "x4": 1.2421245475170282, "x5": 0.017081094092831133, "x6": 1.7310396958930852, "x7": 10.21651383801466, "x8": 0.964293230341939, "x9": 2.4069019702019765}, "datetime": {"datetime": "2025-05-11 10:14:02", "elapsed": 1514.986614, "delta": 12.835012}}
{"target": 0.00037711355856336976, "params": {"x0": 0.9324076862868244, "x1": 5.409838468111594, "x2": 6.666565680746827, "x3": 7.280119262578609, "x4": 1.2419490976122813, "x5": 0.014404942259500125, "x6": 1.730862232713771, "x7": 10.216699008959576, "x8": 0.9635473481659691, "x9": 2.4069584251975047}, "datetime": {"datetime": "2025-05-11 10:14:15", "elapsed": 1528.186674, "delta": 13.20006}}
{"target": 0.0003636640220330929, "params": {"x0": 0.9324185734600547, "x1": 5.409646983138635, "x2": 6.666671426525792, "x3": 7.279823032541076, "x4": 1.2417911926980094, "x5": 0.016813478909498032, "x6": 1.7307025158523883, "x7": 10.21686566281, "x8": 0.964218642124342, "x9": 2.40700923469348}, "datetime": {"datetime": "2025-05-11 10:14:28", "elapsed": 1541.069415, "delta": 12.882741}}
{"target": 0.0003774485709907167, "params": {"x0": 0.9324909465856732, "x1": 5.406404822549972, "x2": 6.667070749941035, "x3": 7.2754165506501325, "x4": 1.241540157848513, "x5": 0.015130133434326364, "x6": 1.728917573241297, "x7": 10.218860636681544, "x8": 0.9639547947532371, "x9": 2.4075698182904466}, "datetime": {"datetime": "2025-05-11 10:14:40", "elapsed": 1553.367114, "delta": 12.297699}}
{"target": 0.0003774485709907167, "params": {"x0": 0.9324818429011166, "x1": 5.406826727083304, "x2": 6.668200054768024, "x3": 7.275242332936953, "x4": 1.2406403799054886, "x5": 0.014789168825095669, "x6": 1.728191063281294, "x7": 10.217863596100669, "x8": 0.9638551198096836, "x9": 2.407393166357132}, "datetime": {"datetime": "2025-05-11 10:14:52", "elapsed": 1565.786392, "delta": 12.419278}}
{"target": 0.0003774485709907167, "params": {"x0": 0.9325496198308953, "x1": 5.407777578598418, "x2": 6.667381971383908, "x3": 7.277198925766026, "x4": 1.2403514764525114, "x5": 0.015541195449481108, "x6": 1.7292724391135719, "x7": 10.218459052183823, "x8": 0.9636691328639357, "x9": 2.407157032758086}, "datetime": {"datetime": "2025-05-11 10:15:05", "elapsed": 1578.085577, "delta": 12.299185}}
{"target": 0.0003771834828295384, "params": {"x0": 0.9324522703499202, "x1": 5.406792918765171, "x2": 6.668247556786681, "x3": 7.278906170951909, "x4": 1.2394376357412749, "x5": 0.014924057966626778, "x6": 1.7302081761947228, "x7": 10.21934962178519, "x8": 0.9636920332127551, "x9": 2.4077665451500425}, "datetime": {"datetime": "2025-05-11 10:15:17", "elapsed": 1590.469028, "delta": 12.383451}}
{"target": 0.000377407188281606, "params": {"x0": 0.932458699116841, "x1": 5.408941248037145, "x2": 6.667061162111286, "x3": 7.275582674329518, "x4": 1.2395308770141036, "x5": 0.014998911482756108, "x6": 1.728416263214643, "x7": 10.219251214353053, "x8": 0.9637128959690434, "x9": 2.407736542650764}, "datetime": {"datetime": "2025-05-11 10:15:29", "elapsed": 1602.909666, "delta": 12.440638}}
{"target": 0.0003774485709907167, "params": {"x0": 0.9324644850070697, "x1": 5.40883948507163, "x2": 6.668128917319141, "x3": 7.27857382128967, "x4": 1.2411253027794715, "x5": 0.015066279647272505, "x6": 1.728501143303173, "x7": 10.21916264766413, "x8": 0.963731672449703, "x9": 2.4072234999131026}, "datetime": {"datetime": "2025-05-11 10:15:42", "elapsed": 1615.405652, "delta": 12.495986}}
{"target": 0.0003774485709907167, "params": {"x0": 0.9324696923082756, "x1": 5.408747898402667, "x2": 6.668078339440874, "x3": 7.275881789025533, "x4": 1.2410497773484803, "x5": 0.01621827526050289, "x6": 1.7299525928170376, "x7": 10.219082937644098, "x8": 0.9637485712822966, "x9": 2.407247801937518}, "datetime": {"datetime": "2025-05-11 10:15:54", "elapsed": 1627.880247, "delta": 12.474595}}
{"target": 0.000377407188281606, "params": {"x0": 0.9324743788793609, "x1": 5.407181766363398, "x2": 6.668032819350434, "x3": 7.276009306343308, "x4": 1.2397582924785322, "x5": 0.016163707047244607, "x6": 1.7286462882545595, "x7": 10.21901119862607, "x8": 0.9637637802316309, "x9": 2.407663366555024}, "datetime": {"datetime": "2025-05-11 10:16:07", "elapsed": 1640.259657, "delta": 12.37941}}
{"target": 0.000377407188281606, "params": {"x0": 0.9324785967933377, "x1": 5.407255951565258, "x2": 6.667991851269038, "x3": 7.276124071929305, "x4": 1.239819468077635, "x5": 0.015230590600527998, "x6": 1.7298219623607898, "x7": 10.218946633509844, "x8": 0.9637774682860317, "x9": 2.4076436819152476}, "datetime": {"datetime": "2025-05-11 10:16:19", "elapsed": 1652.832614, "delta": 12.572957}}
{"target": 0.0003774485709907167, "params": {"x0": 0.9324823929159167, "x1": 5.407322718246932, "x2": 6.667954979995781, "x3": 7.277322657103006, "x4": 1.240865570822293, "x5": 0.015274790853267205, "x6": 1.7287638556651825, "x7": 10.218888524905243, "x8": 0.9637897875349924, "x9": 2.4076259657394483}, "datetime": {"datetime": "2025-05-11 10:16:32", "elapsed": 1665.495334, "delta": 12.66272}}
{"target": 0.0003774485709907167, "params": {"x0": 0.9325009793805892, "x1": 5.407796754135324, "x2": 6.667544988512698, "x3": 7.277711639372152, "x4": 1.2400933303416704, "x5": 0.015594684003838476, "x6": 1.7293385656866913, "x7": 10.21857681202892, "x8": 0.9639845382015965, "x9": 2.4073392677962997}, "datetime": {"datetime": "2025-05-11 10:16:44", "elapsed": 1677.819716, "delta": 12.324382}}
{"target": 0.000377407188281606, "params": {"x0": 0.9324888842855269, "x1": 5.408410347491404, "x2": 6.667891930118513, "x3": 7.277909939213011, "x4": 1.2399686753638468, "x5": 0.01535037328545125, "x6": 1.7288590852677872, "x7": 10.217941935736265, "x8": 0.9638108534507153, "x9": 2.407595671078832}, "datetime": {"datetime": "2025-05-11 10:16:57", "elapsed": 1690.556453, "delta": 12.736737}}
{"target": 0.0003774485709907167, "params": {"x0": 0.932491651658887, "x1": 5.408361674580463, "x2": 6.667381226112637, "x3": 7.2778346415120385, "x4": 1.2400088126744182, "x5": 0.015382595269698133, "x6": 1.7296304450488849, "x7": 10.218746798018616, "x8": 0.9638198341832077, "x9": 2.4075827559866747}, "datetime": {"datetime": "2025-05-11 10:17:10", "elapsed": 1703.371524, "delta": 12.815071}}
{"target": 0.0003774485709907167, "params": {"x0": 0.9324941422949112, "x1": 5.408317868960617, "x2": 6.667840859717925, "x3": 7.2765470508254015, "x4": 1.2400449362539323, "x5": 0.015411595055520326, "x6": 1.728936221245897, "x7": 10.218708672963137, "x8": 0.9639734047088273, "x9": 2.407361907910783}, "datetime": {"datetime": "2025-05-11 10:17:23", "elapsed": 1716.171847, "delta": 12.800323}}
{"target": 0.0003774485709907167, "params": {"x0": 0.9324963838673329, "x1": 5.407568792861244, "x2": 6.667427189473166, "x3": 7.27660804196319, "x4": 1.2400774474754952, "x5": 0.015437694862760303, "x6": 1.7289691055313017, "x7": 10.218056734514432, "x8": 0.9639661303155085, "x9": 2.407560671179086}, "datetime": {"datetime": "2025-05-11 10:17:35", "elapsed": 1728.799429, "delta": 12.627582}}
{"target": 0.0003774485709907167, "params": {"x0": 0.9324984012825125, "x1": 5.407604275413319, "x2": 6.667799492693449, "x3": 7.276662933987199, "x4": 1.2401067075749017, "x5": 0.015884001566563874, "x6": 1.729531426811722, "x7": 10.21808761580937, "x8": 0.9638417381897566, "x9": 2.407381784237613}, "datetime": {"datetime": "2025-05-11 10:17:48", "elapsed": 1741.272665, "delta": 12.473236}}
{"target": 0.0003774485709907167, "params": {"x0": 0.932500216956174, "x1": 5.408211027053811, "x2": 6.667464419795194, "x3": 7.277601587597757, "x4": 1.2401330416643677, "x5": 0.015862860722699493, "x6": 1.7290253376593436, "x7": 10.218615685952821, "x8": 0.9638476304483449, "x9": 2.4075427824849385}, "datetime": {"datetime": "2025-05-11 10:18:01", "elapsed": 1753.982473, "delta": 12.709808}}
{"target": 0.0003774485709907167, "params": {"x0": 0.932516038778479, "x1": 5.408023248561871, "x2": 6.66759967203282, "x3": 7.277125351189452, "x4": 1.2403511902152082, "x5": 0.015694056602894007, "x6": 1.7292387521951793, "x7": 10.218383994282727, "x8": 0.9638807314587734, "x9": 2.407475990736193}, "datetime": {"datetime": "2025-05-11 10:18:13", "elapsed": 1766.371871, "delta": 12.389398}}
{"target": 0.0003774485709907167, "params": {"x0": 0.9325033217581353, "x1": 5.407690817357832, "x2": 6.6677517007169085, "x3": 7.276796815633758, "x4": 1.2405620239817665, "x5": 0.015518476376148747, "x6": 1.72945924251683, "x7": 10.218568159639911, "x8": 0.9638577062105307, "x9": 2.407528292642679}, "datetime": {"datetime": "2025-05-11 10:18:26", "elapsed": 1779.043262, "delta": 12.671391}}
{"target": 0.0003774485709907167, "params": {"x0": 0.9325237696625064, "x1": 5.407951644190674, "x2": 6.667609678341748, "x3": 7.27714854392574, "x4": 1.2403350322582847, "x5": 0.015651334736458893, "x6": 1.7292914002348452, "x7": 10.218368302892358, "x8": 0.9638873835435587, "x9": 2.4074431395376403}, "datetime": {"datetime": "2025-05-11 10:18:38", "elapsed": 1791.321275, "delta": 12.278013}}
{"target": 0.0003774485709907167, "params": {"x0": 0.932505836647724, "x1": 5.407735049552423, "x2": 6.667727273902626, "x3": 7.277448680924597, "x4": 1.2402145483046734, "x5": 0.0155477585589853, "x6": 1.729107779582266, "x7": 10.218529663326454, "x8": 0.9638658675779013, "x9": 2.407516555870449}, "datetime": {"datetime": "2025-05-11 10:18:51", "elapsed": 1804.338047, "delta": 13.016772}}
{"target": 0.0003774485709907167, "params": {"x0": 0.9325069087848644, "x1": 5.408093330328618, "x2": 6.667529416706935, "x3": 7.276894415354099, "x4": 1.240230098321162, "x5": 0.015784944239961372, "x6": 1.7294066201658538, "x7": 10.21851325174019, "x8": 0.9638693468976751, "x9": 2.407421488015386}, "datetime": {"datetime": "2025-05-11 10:19:04", "elapsed": 1817.197479, "delta": 12.859432}}
{"target": 0.0003774485709907167, "params": {"x0": 0.9325078737082908, "x1": 5.408076359133956, "x2": 6.667538788889889, "x3": 7.276920670039017, "x4": 1.2404960036031187, "x5": 0.015571477127082907, "x6": 1.7291376636406248, "x7": 10.218232613615085, "x8": 0.9638724782854715, "x9": 2.407425991229573}, "datetime": {"datetime": "2025-05-11 10:19:17", "elapsed": 1830.275786, "delta": 13.078307}}
{"target": 0.0003774485709907167, "params": {"x0": 0.9325087421393746, "x1": 5.407786151705238, "x2": 6.667699053218398, "x3": 7.276944299255444, "x4": 1.2404834080897629, "x5": 0.015763597528673526, "x6": 1.7291504036865568, "x7": 10.21848518792768, "x8": 0.9638752965344882, "x9": 2.4074300441223415}, "datetime": {"datetime": "2025-05-11 10:19:30", "elapsed": 1843.250907, "delta": 12.975121}}
{"target": 0.0003774485709907167, "params": {"x0": 0.93250952372735, "x1": 5.4077998983729145, "x2": 6.66755481532274, "x3": 7.277348358856337, "x4": 1.240268024811378, "x5": 0.01559068916724197, "x6": 1.7293682584719923, "x7": 10.218257871046344, "x8": 0.9638778329586033, "x9": 2.407499348588683}, "datetime": {"datetime": "2025-05-11 10:19:43", "elapsed": 1856.407771, "delta": 13.156864}}
{"target": 0.0003774485709907167, "params": {"x0": 0.9325102271565279, "x1": 5.408034966390176, "x2": 6.667684629428832, "x3": 7.2773292191910315, "x4": 1.2402782271771962, "x5": 0.01559887956330978, "x6": 1.7293579390347875, "x7": 10.218268638688091, "x8": 0.9638801157403069, "x9": 2.407436974568976}, "datetime": {"datetime": "2025-05-11 10:19:56", "elapsed": 1869.901461, "delta": 13.49369}}
{"target": 0.0003774485709907167, "params": {"x0": 0.9325108602427878, "x1": 5.40782340517464, "x2": 6.667567796733349, "x3": 7.277001930914308, "x4": 1.2402874093064327, "x5": 0.01560625091977081, "x6": 1.7291814766585847, "x7": 10.218452765361974, "x8": 0.963919151307438, "x9": 2.407439929127804}, "datetime": {"datetime": "2025-05-11 10:20:09", "elapsed": 1882.743845, "delta": 12.842384}}
{"target": 0.0003774485709907167, "params": {"x0": 0.9325114300204219, "x1": 5.408013810268622, "x2": 6.667672946159284, "x3": 7.277017434043206, "x4": 1.2402956732227455, "x5": 0.015612885140585736, "x6": 1.7291898354027206, "x7": 10.21828705135548, "x8": 0.9638840192970201, "x9": 2.4074904520837666}, "datetime": {"datetime": "2025-05-11 10:20:22", "elapsed": 1895.658343, "delta": 12.914498}}
{"target": 0.0003774485709907167, "params": {"x0": 0.9325119428202926, "x1": 5.40800479107996, "x2": 6.667578311675943, "x3": 7.277282537547351, "x4": 1.2404369861916937, "x5": 0.01561885593931917, "x6": 1.729197358272443, "x7": 10.218436193961324, "x8": 0.9638856834448819, "x9": 2.4074449814234002}, "datetime": {"datetime": "2025-05-11 10:20:35", "elapsed": 1908.65869, "delta": 13.000347}}
{"target": 0.0003774485709907167, "params": {"x0": 0.9325124043401761, "x1": 5.4078505629538345, "x2": 6.667582794361995, "x3": 7.277269980012944, "x4": 1.2403098045196403, "x5": 0.01572095659766089, "x6": 1.729204128855193, "x7": 10.218301965616064, "x8": 0.9638871811779577, "x9": 2.407447135296786}, "datetime": {"datetime": "2025-05-11 10:20:48", "elapsed": 1921.634215, "delta": 12.975525}}
{"target": 0.0003774485709907167, "params": {"x0": 0.9325128197080713, "x1": 5.407857868496651, "x2": 6.667659448293502, "x3": 7.277258678231978, "x4": 1.2403158289146323, "x5": 0.015716120250686808, "x6": 1.7293199058202195, "x7": 10.218422771126798, "x8": 0.9638885291377258, "x9": 2.4074490737828333}, "datetime": {"datetime": "2025-05-11 10:21:01", "elapsed": 1934.807071, "delta": 13.172856}}
{"target": 0.0003774485709907167, "params": {"x0": 0.932513193539177, "x1": 5.407982793278812, "x2": 6.667655817317799, "x3": 7.277135721707662, "x4": 1.2403212508701251, "x5": 0.015633418717430014, "x6": 1.7292157065516955, "x7": 10.2184170487605, "x8": 0.9638897423015171, "x9": 2.407450818420276}, "datetime": {"datetime": "2025-05-11 10:21:14", "elapsed": 1947.962672, "delta": 13.155601}}
{"target": 0.0003774485709907167, "params": {"x0": 0.9325135299871722, "x1": 5.407928791598581, "x2": 6.667593727633279, "x3": 7.277074572220038, "x4": 1.2403261306300686, "x5": 0.015637336158479023, "x6": 1.7292206423065204, "x7": 10.218411898630832, "x8": 0.9638908341489293, "x9": 2.407480651720542}, "datetime": {"datetime": "2025-05-11 10:21:28", "elapsed": 1961.185592, "delta": 13.22292}}
{"target": 0.0003774485709907167, "params": {"x0": 0.9325138327903678, "x1": 5.40787568671558, "x2": 6.667649608349348, "x3": 7.277082811218363, "x4": 1.2403305224140178, "x5": 0.015640861855423127, "x6": 1.7292250844858628, "x7": 10.218323831413507, "x8": 0.9638918168116003, "x9": 2.4074538017503024}, "datetime": {"datetime": "2025-05-11 10:21:41", "elapsed": 1974.30507, "delta": 13.119478}}
{"target": 0.0003774485709907167, "params": {"x0": 0.9325141053132439, "x1": 5.407880479882222, "x2": 6.66764696136806, "x3": 7.27722369808971, "x4": 1.2404056219195487, "x5": 0.015644034982672823, "x6": 1.729229082447271, "x7": 10.218328003018538, "x8": 0.9638927012080042, "x9": 2.407455073590998}, "datetime": {"datetime": "2025-05-11 10:21:54", "elapsed": 1987.359127, "delta": 13.054057}}
{"target": 0.0003774485709907167, "params": {"x0": 0.9325143505838324, "x1": 5.4078847937322, "x2": 6.667601697988045, "x3": 7.277217024501067, "x4": 1.2404020645745497, "x5": 0.015646890797197548, "x6": 1.7292974475873495, "x7": 10.218399337464572, "x8": 0.9638934971647677, "x9": 2.4074768220668923}, "datetime": {"datetime": "2025-05-11 10:22:07", "elapsed": 2000.704924, "delta": 13.345797}}
{"target": 0.0003774485709907167, "params": {"x0": 0.9325145713273619, "x1": 5.40788867619718, "x2": 6.667603842042888, "x3": 7.277102906135275, "x4": 1.24034123397507, "x5": 0.0156494610302698, "x6": 1.7292359189612787, "x7": 10.218395958464496, "x8": 0.9638942135258548, "x9": 2.4074757918759286}, "datetime": {"datetime": "2025-05-11 10:22:20", "elapsed": 2013.90657, "delta": 13.201646}}
{"target": 0.0003774485709907167, "params": {"x0": 0.9325147699965386, "x1": 5.4078921704156615, "x2": 6.667605771692246, "x3": 7.2772056126644875, "x4": 1.2403959815146017, "x5": 0.01565177424003483, "x6": 1.7292388334751452, "x7": 10.218392917364428, "x8": 0.9639064633004449, "x9": 2.4074581756104543}, "datetime": {"datetime": "2025-05-11 10:22:34", "elapsed": 2027.245666, "delta": 13.339096}}
{"target": 0.0003774485709907167, "params": {"x0": 0.9325149487987976, "x1": 5.407951921551703, "x2": 6.6676387686962775, "x3": 7.277113176788197, "x4": 1.240346708729023, "x5": 0.015653856128823352, "x6": 1.729241456537625, "x7": 10.218390180374367, "x8": 0.9639058830479643, "x9": 2.4074590100651347}, "datetime": {"datetime": "2025-05-11 10:22:47", "elapsed": 2040.200879, "delta": 12.955213}}
{"target": 0.0003774485709907167, "params": {"x0": 0.9325151097208306, "x1": 5.407898145529266, "x2": 6.667637205680297, "x3": 7.277117555329705, "x4": 1.2403490427030768, "x5": 0.015655729828733023, "x6": 1.7292863109060308, "x7": 10.218387717083312, "x8": 0.9639053608207319, "x9": 2.4074597610743473}, "datetime": {"datetime": "2025-05-11 10:23:00", "elapsed": 2053.304975, "delta": 13.104096}}
{"target": 0.0003774485709907167, "params": {"x0": 0.9325152545506604, "x1": 5.40790069281454, "x2": 6.667610478107031, "x3": 7.277192428389501, "x4": 1.2403889536593955, "x5": 0.01565741615865173, "x6": 1.729284186225422, "x7": 10.218385500121363, "x8": 0.9638964307350556, "x9": 2.407460436982638}, "datetime": {"datetime": "2025-05-11 10:23:13", "elapsed": 2066.828366, "delta": 13.523391}}
{"target": 0.0003774485709907167, "params": {"x0": 0.9325153848975072, "x1": 5.407902985371285, "x2": 6.667611744149975, "x3": 7.277125042635685, "x4": 1.2403530337987085, "x5": 0.015658933855578566, "x6": 1.7292478541870135, "x7": 10.218383504855609, "x8": 0.9639044678121642, "x9": 2.4074610453001}, "datetime": {"datetime": "2025-05-11 10:23:26", "elapsed": 2079.974489, "delta": 13.146123}}
{"target": 0.0003774485709907167, "params": {"x0": 0.9325155022096693, "x1": 5.407905048672356, "x2": 6.66763339348432, "x3": 7.277128234592444, "x4": 1.2403547352657938, "x5": 0.015660299782812716, "x6": 1.7292805530215811, "x7": 10.21838170911643, "x8": 0.9638972344427664, "x9": 2.4074714475287}, "datetime": {"datetime": "2025-05-11 10:23:39", "elapsed": 2092.956339, "delta": 12.98185}}
{"target": 0.0003774485709907167, "params": {"x0": 0.9325156077906153, "x1": 5.407906905643321, "x2": 6.66761390908341, "x3": 7.2771311073535285, "x4": 1.2403562665861705, "x5": 0.015661529117323453, "x6": 1.7292790041294175, "x7": 10.218380092951168, "x8": 0.9638975770760537, "x9": 2.407470954791556}, "datetime": {"datetime": "2025-05-11 10:23:52", "elapsed": 2105.733933, "delta": 12.777594}}
{"target": 0.0003774485709907167, "params": {"x0": 0.9325157028134665, "x1": 5.407908576917189, "x2": 6.6676148320287165, "x3": 7.277133692838504, "x4": 1.2403576447745095, "x5": 0.015662635518383115, "x6": 1.7292525180734177, "x7": 10.218352456525205, "x8": 0.9639034361052659, "x9": 2.40746252898639}, "datetime": {"datetime": "2025-05-11 10:24:05", "elapsed": 2118.758212, "delta": 13.024279}}
{"target": 0.0003774485709907167, "params": {"x0": 0.9325157883340327, "x1": 5.40791008106367, "x2": 6.667630614393453, "x3": 7.277177904631582, "x4": 1.240381211795106, "x5": 0.01568155497650334, "x6": 1.7292537726760702, "x7": 10.218377329308572, "x8": 0.9638981629789749, "x9": 2.407470112211039}, "datetime": {"datetime": "2025-05-11 10:24:18", "elapsed": 2131.846267, "delta": 13.088055}}
