{"target": 0.0003774485709907167, "params": {"x0": 0.9325165580191285, "x1": 5.407923618381999, "x2": 6.667623138536473, "x3": 7.277156962203282, "x4": 1.24037004846956, "x5": 0.0156725931279198, "x6": 1.7292650640999436, "x7": 10.21836554746382, "x8": 0.9639006607756391, "x9": 2.4074665201572585}, "datetime": {"datetime": "2025-05-11 11:15:51", "elapsed": 5224.049948, "delta": 15.049448}}
{"target": 0.0003774485709907167, "params": {"x0": 0.9325165580191284, "x1": 5.407923618381999, "x2": 6.667623138536473, "x3": 7.277156962203283, "x4": 1.2403700484695597, "x5": 0.015672593127920353, "x6": 1.729265064099944, "x7": 10.218365547463819, "x8": 0.9639006607756391, "x9": 2.4074665201572585}, "datetime": {"datetime": "2025-05-11 11:16:06", "elapsed": 5239.174559, "delta": 15.124611}}
{"target": 0.0003774485709907167, "params": {"x0": 0.9325165580191284, "x1": 5.407923618382, "x2": 6.667623138536473, "x3": 7.277156962203283, "x4": 1.240370048469561, "x5": 0.015672593127920496, "x6": 1.729265064099944, "x7": 10.218365547463819, "x8": 0.9639006607756391, "x9": 2.4074665201572576}, "datetime": {"datetime": "2025-05-11 11:16:22", "elapsed": 5254.989936, "delta": 15.815377}}
{"target": 0.0003774485709907167, "params": {"x0": 0.9325165580191284, "x1": 5.407923618382, "x2": 6.667623138536473, "x3": 7.277156962203281, "x4": 1.24037004846956, "x5": 0.01567259312791998, "x6": 1.729265064099944, "x7": 10.218365547463819, "x8": 0.9639006607756391, "x9": 2.407466520157258}, "datetime": {"datetime": "2025-05-11 11:16:36", "elapsed": 5269.965546, "delta": 14.97561}}
{"target": 0.0003774485709907167, "params": {"x0": 0.9325165580191284, "x1": 5.407923618382, "x2": 6.667623138536473, "x3": 7.277156962203282, "x4": 1.2403700484695603, "x5": 0.015672593127919878, "x6": 1.729265064099944, "x7": 10.218365547463819, "x8": 0.963900660775639, "x9": 2.407466520157258}, "datetime": {"datetime": "2025-05-11 11:16:52", "elapsed": 5285.059299, "delta": 15.093753}}
{"target": 0.0003774485709907167, "params": {"x0": 0.9325165580191284, "x1": 5.407923618381999, "x2": 6.667623138536473, "x3": 7.277156962203281, "x4": 1.2403700484695603, "x5": 0.015672593127920395, "x6": 1.7292650640999436, "x7": 10.218365547463819, "x8": 0.963900660775639, "x9": 2.407466520157258}, "datetime": {"datetime": "2025-05-11 11:17:07", "elapsed": 5300.370308, "delta": 15.311009}}
{"target": 0.0003774485709907167, "params": {"x0": 0.9325165580191284, "x1": 5.407923618381998, "x2": 6.667623138536473, "x3": 7.277156962203282, "x4": 1.2403700484695603, "x5": 0.015672593127920218, "x6": 1.7292650640999436, "x7": 10.218365547463819, "x8": 0.963900660775639, "x9": 2.407466520157258}, "datetime": {"datetime": "2025-05-11 11:17:22", "elapsed": 5315.538414, "delta": 15.168106}}
{"target": 0.0003774485709907167, "params": {"x0": 0.9325165580191284, "x1": 5.407923618382, "x2": 6.667623138536473, "x3": 7.277156962203281, "x4": 1.2403700484695608, "x5": 0.01567259312791981, "x6": 1.729265064099944, "x7": 10.218365547463819, "x8": 0.9639006607756391, "x9": 2.407466520157258}, "datetime": {"datetime": "2025-05-11 11:17:38", "elapsed": 5331.229321, "delta": 15.690907}}
{"target": 0.0003774485709907167, "params": {"x0": 0.9325165580191284, "x1": 5.407923618381999, "x2": 6.667623138536473, "x3": 7.277156962203283, "x4": 1.24037004846956, "x5": 0.015672593127919982, "x6": 1.729265064099944, "x7": 10.218365547463819, "x8": 0.9639006607756391, "x9": 2.407466520157258}, "datetime": {"datetime": "2025-05-11 11:17:53", "elapsed": 5346.331539, "delta": 15.102218}}
{"target": 0.0003774485709907167, "params": {"x0": 0.9325165580191284, "x1": 5.407923618381999, "x2": 6.667623138536473, "x3": 7.277156962203283, "x4": 1.2403700484695606, "x5": 0.01567259312791988, "x6": 1.7292650640999438, "x7": 10.218365547463819, "x8": 0.963900660775639, "x9": 2.407466520157258}, "datetime": {"datetime": "2025-05-11 11:18:09", "elapsed": 5362.242338, "delta": 15.910799}}
{"target": 0.0003774485709907167, "params": {"x0": 0.9325165580191284, "x1": 5.407923618381999, "x2": 6.667623138536473, "x3": 7.277156962203283, "x4": 1.2403700484695603, "x5": 0.015672593127920225, "x6": 1.729265064099944, "x7": 10.218365547463819, "x8": 0.9639006607756392, "x9": 2.407466520157258}, "datetime": {"datetime": "2025-05-11 11:18:24", "elapsed": 5377.173642, "delta": 14.931304}}
{"target": 0.0003774485709907167, "params": {"x0": 0.9325165580191284, "x1": 5.407923618381999, "x2": 6.667623138536473, "x3": 7.277156962203281, "x4": 1.2403700484695601, "x5": 0.01567259312792022, "x6": 1.7292650640999438, "x7": 10.218365547463819, "x8": 0.963900660775639, "x9": 2.407466520157258}, "datetime": {"datetime": "2025-05-11 11:18:39", "elapsed": 5392.251767, "delta": 15.078125}}
{"target": 0.0003774485709907167, "params": {"x0": 0.9325165580191284, "x1": 5.407923618381999, "x2": 6.667623138536473, "x3": 7.277156962203283, "x4": 1.2403700484695603, "x5": 0.01567259312792001, "x6": 1.729265064099944, "x7": 10.218365547463819, "x8": 0.9639006607756391, "x9": 2.407466520157258}, "datetime": {"datetime": "2025-05-11 11:18:55", "elapsed": 5408.026633, "delta": 15.774866}}
{"target": 0.0003774485709907167, "params": {"x0": 0.9325165580191284, "x1": 5.407923618381999, "x2": 6.667623138536473, "x3": 7.277156962203282, "x4": 1.2403700484695603, "x5": 0.015672593127920048, "x6": 1.7292650640999436, "x7": 10.218365547463819, "x8": 0.9639006607756391, "x9": 2.407466520157258}, "datetime": {"datetime": "2025-05-11 11:19:11", "elapsed": 5424.228665, "delta": 16.202032}}
{"target": 0.0003774485709907167, "params": {"x0": 0.9325165580191284, "x1": 5.407923618381999, "x2": 6.667623138536473, "x3": 7.277156962203282, "x4": 1.2403700484695601, "x5": 0.01567259312791999, "x6": 1.7292650640999436, "x7": 10.218365547463819, "x8": 0.9639006607756391, "x9": 2.407466520157258}, "datetime": {"datetime": "2025-05-11 11:19:26", "elapsed": 5439.094232, "delta": 14.865567}}
{"target": 0.0003774485709907167, "params": {"x0": 0.9325165580191284, "x1": 5.407923618381999, "x2": 6.667623138536473, "x3": 7.277156962203282, "x4": 1.2403700484695606, "x5": 0.015672593127919965, "x6": 1.729265064099944, "x7": 10.218365547463819, "x8": 0.9639006607756391, "x9": 2.407466520157258}, "datetime": {"datetime": "2025-05-11 11:19:41", "elapsed": 5454.16026, "delta": 15.066028}}
{"target": 0.0003774485709907167, "params": {"x0": 0.9325165580191284, "x1": 5.407923618381999, "x2": 6.667623138536473, "x3": 7.277156962203282, "x4": 1.2403700484695606, "x5": 0.015672593127919972, "x6": 1.7292650640999438, "x7": 10.218365547463819, "x8": 0.9639006607756391, "x9": 2.407466520157258}, "datetime": {"datetime": "2025-05-11 11:19:57", "elapsed": 5470.121885, "delta": 15.961625}}
{"target": 0.0003774485709907167, "params": {"x0": 0.9325165580191284, "x1": 5.407923618381999, "x2": 6.667623138536473, "x3": 7.277156962203282, "x4": 1.2403700484695601, "x5": 0.01567259312792012, "x6": 1.7292650640999436, "x7": 10.218365547463819, "x8": 0.9639006607756391, "x9": 2.407466520157258}, "datetime": {"datetime": "2025-05-11 11:20:12", "elapsed": 5485.34906, "delta": 15.227175}}
{"target": 0.0003774485709907167, "params": {"x0": 0.9325165580191284, "x1": 5.407923618381999, "x2": 6.667623138536473, "x3": 7.277156962203282, "x4": 1.2403700484695603, "x5": 0.015672593127920072, "x6": 1.729265064099944, "x7": 10.218365547463819, "x8": 0.9639006607756391, "x9": 2.407466520157258}, "datetime": {"datetime": "2025-05-11 11:20:27", "elapsed": 5500.377206, "delta": 15.028146}}
{"target": 0.0003774485709907167, "params": {"x0": 0.9325165580191284, "x1": 5.407923618381999, "x2": 6.667623138536473, "x3": 7.277156962203282, "x4": 1.2403700484695606, "x5": 0.015672593127919996, "x6": 1.729265064099944, "x7": 10.218365547463819, "x8": 0.9639006607756391, "x9": 2.407466520157258}, "datetime": {"datetime": "2025-05-11 11:20:43", "elapsed": 5516.714768, "delta": 16.337562}}
{"target": 0.0003774485709907167, "params": {"x0": 0.9325165580191284, "x1": 5.407923618381999, "x2": 6.667623138536473, "x3": 7.277156962203282, "x4": 1.2403700484695603, "x5": 0.015672593127920072, "x6": 1.7292650640999438, "x7": 10.218365547463819, "x8": 0.9639006607756391, "x9": 2.407466520157258}, "datetime": {"datetime": "2025-05-11 11:20:59", "elapsed": 5532.009849, "delta": 15.295081}}
{"target": 0.0003774485709907167, "params": {"x0": 0.9325165580191284, "x1": 5.407923618381999, "x2": 6.667623138536473, "x3": 7.277156962203282, "x4": 1.2403700484695603, "x5": 0.015672593127920107, "x6": 1.7292650640999438, "x7": 10.218365547463819, "x8": 0.9639006607756391, "x9": 2.407466520157258}, "datetime": {"datetime": "2025-05-11 11:21:15", "elapsed": 5548.252214, "delta": 16.242365}}
{"target": 0.0003774485709907167, "params": {"x0": 0.9325165580191284, "x1": 5.407923618381999, "x2": 6.667623138536473, "x3": 7.277156962203282, "x4": 1.2403700484695603, "x5": 0.01567259312792005, "x6": 1.7292650640999438, "x7": 10.218365547463819, "x8": 0.9639006607756391, "x9": 2.407466520157258}, "datetime": {"datetime": "2025-05-11 11:21:31", "elapsed": 5564.426161, "delta": 16.173947}}
{"target": 0.0003774485709907167, "params": {"x0": 0.9325165580191284, "x1": 5.407923618381999, "x2": 6.667623138536473, "x3": 7.277156962203282, "x4": 1.2403700484695603, "x5": 0.015672593127920124, "x6": 1.7292650640999438, "x7": 10.218365547463819, "x8": 0.9639006607756391, "x9": 2.407466520157258}, "datetime": {"datetime": "2025-05-11 11:21:47", "elapsed": 5580.369681, "delta": 15.94352}}
{"target": 0.0003774485709907167, "params": {"x0": 0.9325165580191284, "x1": 5.407923618381999, "x2": 6.667623138536473, "x3": 7.277156962203282, "x4": 1.2403700484695603, "x5": 0.015672593127920048, "x6": 1.7292650640999438, "x7": 10.218365547463819, "x8": 0.9639006607756391, "x9": 2.407466520157258}, "datetime": {"datetime": "2025-05-11 11:22:03", "elapsed": 5596.528661, "delta": 16.15898}}
{"target": 0.0003774485709907167, "params": {"x0": 0.9325165580191284, "x1": 5.407923618381999, "x2": 6.667623138536473, "x3": 7.277156962203282, "x4": 1.2403700484695603, "x5": 0.015672593127920072, "x6": 1.7292650640999438, "x7": 10.218365547463819, "x8": 0.9639006607756391, "x9": 2.407466520157258}, "datetime": {"datetime": "2025-05-11 11:22:20", "elapsed": 5613.246687, "delta": 16.718026}}
{"target": 0.0003774485709907167, "params": {"x0": 0.9325165580191284, "x1": 5.407923618381999, "x2": 6.667623138536473, "x3": 7.277156962203282, "x4": 1.2403700484695603, "x5": 0.015672593127920097, "x6": 1.7292650640999438, "x7": 10.218365547463819, "x8": 0.9639006607756391, "x9": 2.407466520157258}, "datetime": {"datetime": "2025-05-11 11:22:35", "elapsed": 5628.665238, "delta": 15.418551}}
{"target": 0.0003774485709907167, "params": {"x0": 0.9325165580191284, "x1": 5.407923618381999, "x2": 6.667623138536473, "x3": 7.277156962203282, "x4": 1.2403700484695603, "x5": 0.0156725931279201, "x6": 1.7292650640999438, "x7": 10.218365547463819, "x8": 0.9639006607756391, "x9": 2.407466520157258}, "datetime": {"datetime": "2025-05-11 11:22:51", "elapsed": 5644.773873, "delta": 16.108635}}
{"target": 0.0003774485709907167, "params": {"x0": 0.9325165580191284, "x1": 5.407923618381999, "x2": 6.667623138536473, "x3": 7.277156962203282, "x4": 1.2403700484695603, "x5": 0.01567259312792004, "x6": 1.7292650640999438, "x7": 10.218365547463819, "x8": 0.9639006607756391, "x9": 2.407466520157258}, "datetime": {"datetime": "2025-05-11 11:23:07", "elapsed": 5660.384469, "delta": 15.610596}}
{"target": 0.0003774485709907167, "params": {"x0": 0.9325165580191284, "x1": 5.407923618381999, "x2": 6.667623138536473, "x3": 7.277156962203282, "x4": 1.2403700484695603, "x5": 0.015672593127920076, "x6": 1.7292650640999438, "x7": 10.218365547463819, "x8": 0.9639006607756391, "x9": 2.407466520157258}, "datetime": {"datetime": "2025-05-11 11:23:22", "elapsed": 5675.490367, "delta": 15.105898}}
{"target": 0.0003774485709907167, "params": {"x0": 0.9325165580191284, "x1": 5.407923618381999, "x2": 6.667623138536473, "x3": 7.277156962203282, "x4": 1.2403700484695603, "x5": 0.01567259312792005, "x6": 1.7292650640999438, "x7": 10.218365547463819, "x8": 0.9639006607756391, "x9": 2.407466520157258}, "datetime": {"datetime": "2025-05-11 11:23:37", "elapsed": 5690.880775, "delta": 15.390408}}
{"target": 0.0003774485709907167, "params": {"x0": 0.9325165580191284, "x1": 5.407923618381999, "x2": 6.667623138536473, "x3": 7.277156962203282, "x4": 1.2403700484695603, "x5": 0.015672593127920065, "x6": 1.7292650640999438, "x7": 10.218365547463819, "x8": 0.9639006607756391, "x9": 2.407466520157258}, "datetime": {"datetime": "2025-05-11 11:23:52", "elapsed": 5705.951808, "delta": 15.071033}}
{"target": 0.0003774485709907167, "params": {"x0": 0.9325165580191284, "x1": 5.407923618381999, "x2": 6.667623138536473, "x3": 7.277156962203282, "x4": 1.2403700484695603, "x5": 0.015672593127920072, "x6": 1.7292650640999438, "x7": 10.218365547463819, "x8": 0.9639006607756391, "x9": 2.407466520157258}, "datetime": {"datetime": "2025-05-11 11:24:08", "elapsed": 5721.761406, "delta": 15.809598}}
{"target": 0.0003774485709907167, "params": {"x0": 0.9325165580191284, "x1": 5.407923618381999, "x2": 6.667623138536473, "x3": 7.277156962203282, "x4": 1.2403700484695603, "x5": 0.015672593127920086, "x6": 1.7292650640999438, "x7": 10.218365547463819, "x8": 0.9639006607756391, "x9": 2.407466520157258}, "datetime": {"datetime": "2025-05-11 11:24:24", "elapsed": 5737.043259, "delta": 15.281853}}
{"target": 0.0003774485709907167, "params": {"x0": 0.9325165580191284, "x1": 5.407923618381999, "x2": 6.667623138536473, "x3": 7.277156962203282, "x4": 1.2403700484695603, "x5": 0.015672593127920083, "x6": 1.7292650640999438, "x7": 10.218365547463819, "x8": 0.9639006607756391, "x9": 2.407466520157258}, "datetime": {"datetime": "2025-05-11 11:24:38", "elapsed": 5751.888089, "delta": 14.84483}}
{"target": 0.0003774485709907167, "params": {"x0": 0.9325165580191284, "x1": 5.407923618381999, "x2": 6.667623138536473, "x3": 7.277156962203282, "x4": 1.2403700484695603, "x5": 0.015672593127920065, "x6": 1.7292650640999438, "x7": 10.218365547463819, "x8": 0.9639006607756391, "x9": 2.407466520157258}, "datetime": {"datetime": "2025-05-11 11:24:54", "elapsed": 5767.130084, "delta": 15.241995}}
{"target": 0.0003774485709907167, "params": {"x0": 0.9325165580191284, "x1": 5.407923618381999, "x2": 6.667623138536473, "x3": 7.277156962203282, "x4": 1.2403700484695603, "x5": 0.015672593127920083, "x6": 1.7292650640999438, "x7": 10.218365547463819, "x8": 0.9639006607756391, "x9": 2.407466520157258}, "datetime": {"datetime": "2025-05-11 11:25:09", "elapsed": 5782.934273, "delta": 15.804189}}
{"target": 0.0003774485709907167, "params": {"x0": 0.9325165580191284, "x1": 5.407923618381999, "x2": 6.667623138536473, "x3": 7.277156962203282, "x4": 1.2403700484695603, "x5": 0.015672593127920062, "x6": 1.7292650640999438, "x7": 10.218365547463819, "x8": 0.9639006607756391, "x9": 2.407466520157258}, "datetime": {"datetime": "2025-05-11 11:25:26", "elapsed": 5798.998687, "delta": 16.064414}}
{"target": 0.0003774485709907167, "params": {"x0": 0.9325165580191284, "x1": 5.407923618381999, "x2": 6.667623138536473, "x3": 7.277156962203282, "x4": 1.2403700484695603, "x5": 0.015672593127920083, "x6": 1.7292650640999438, "x7": 10.218365547463819, "x8": 0.9639006607756391, "x9": 2.407466520157258}, "datetime": {"datetime": "2025-05-11 11:25:42", "elapsed": 5815.432514, "delta": 16.433827}}
{"target": 0.0003774485709907167, "params": {"x0": 0.9325165580191284, "x1": 5.407923618381999, "x2": 6.667623138536473, "x3": 7.277156962203282, "x4": 1.2403700484695603, "x5": 0.015672593127920083, "x6": 1.7292650640999438, "x7": 10.218365547463819, "x8": 0.9639006607756391, "x9": 2.407466520157258}, "datetime": {"datetime": "2025-05-11 11:25:58", "elapsed": 5831.047306, "delta": 15.614792}}
{"target": 0.0003774485709907167, "params": {"x0": 0.9325165580191284, "x1": 5.407923618381999, "x2": 6.667623138536473, "x3": 7.277156962203282, "x4": 1.2403700484695603, "x5": 0.015672593127920076, "x6": 1.7292650640999438, "x7": 10.218365547463819, "x8": 0.9639006607756391, "x9": 2.407466520157258}, "datetime": {"datetime": "2025-05-11 11:26:13", "elapsed": 5846.931078, "delta": 15.883772}}
{"target": 0.0003774485709907167, "params": {"x0": 0.9325165580191284, "x1": 5.407923618381999, "x2": 6.667623138536473, "x3": 7.277156962203282, "x4": 1.2403700484695603, "x5": 0.01567259312792008, "x6": 1.7292650640999438, "x7": 10.218365547463819, "x8": 0.9639006607756391, "x9": 2.407466520157258}, "datetime": {"datetime": "2025-05-11 11:26:29", "elapsed": 5862.906138, "delta": 15.97506}}
{"target": 0.0003774485709907167, "params": {"x0": 0.9325165580191284, "x1": 5.407923618381999, "x2": 6.667623138536473, "x3": 7.277156962203282, "x4": 1.2403700484695603, "x5": 0.01567259312792007, "x6": 1.7292650640999438, "x7": 10.218365547463819, "x8": 0.9639006607756391, "x9": 2.407466520157258}, "datetime": {"datetime": "2025-05-11 11:26:45", "elapsed": 5878.96547, "delta": 16.059332}}
{"target": 0.0003774485709907167, "params": {"x0": 0.9325165580191284, "x1": 5.407923618381999, "x2": 6.667623138536473, "x3": 7.277156962203282, "x4": 1.2403700484695603, "x5": 0.015672593127920083, "x6": 1.7292650640999438, "x7": 10.218365547463819, "x8": 0.9639006607756391, "x9": 2.407466520157258}, "datetime": {"datetime": "2025-05-11 11:27:02", "elapsed": 5895.312088, "delta": 16.346618}}
{"target": 0.0003774485709907167, "params": {"x0": 0.9325165580191284, "x1": 5.407923618381999, "x2": 6.667623138536473, "x3": 7.277156962203282, "x4": 1.2403700484695603, "x5": 0.015672593127920072, "x6": 1.7292650640999438, "x7": 10.218365547463819, "x8": 0.9639006607756391, "x9": 2.407466520157258}, "datetime": {"datetime": "2025-05-11 11:27:17", "elapsed": 5910.3978, "delta": 15.085712}}
{"target": 0.0003774485709907167, "params": {"x0": 0.9325165580191284, "x1": 5.407923618381999, "x2": 6.667623138536473, "x3": 7.277156962203282, "x4": 1.2403700484695603, "x5": 0.015672593127920083, "x6": 1.7292650640999438, "x7": 10.218365547463819, "x8": 0.9639006607756391, "x9": 2.407466520157258}, "datetime": {"datetime": "2025-05-11 11:27:33", "elapsed": 5926.796813, "delta": 16.399013}}
{"target": 0.0003774485709907167, "params": {"x0": 0.9325165580191284, "x1": 5.407923618381999, "x2": 6.667623138536473, "x3": 7.277156962203282, "x4": 1.2403700484695603, "x5": 0.015672593127920072, "x6": 1.7292650640999438, "x7": 10.218365547463819, "x8": 0.9639006607756391, "x9": 2.407466520157258}, "datetime": {"datetime": "2025-05-11 11:27:49", "elapsed": 5942.807373, "delta": 16.01056}}
{"target": 0.0003774485709907167, "params": {"x0": 0.9325165580191284, "x1": 5.407923618381999, "x2": 6.667623138536473, "x3": 7.277156962203282, "x4": 1.2403700484695603, "x5": 0.015672593127920076, "x6": 1.7292650640999438, "x7": 10.218365547463819, "x8": 0.9639006607756391, "x9": 2.407466520157258}, "datetime": {"datetime": "2025-05-11 11:28:05", "elapsed": 5958.801556, "delta": 15.994183}}
{"target": 0.0003774485709907167, "params": {"x0": 0.9325165580191284, "x1": 5.407923618381999, "x2": 6.667623138536473, "x3": 7.277156962203282, "x4": 1.2403700484695603, "x5": 0.01567259312792008, "x6": 1.7292650640999438, "x7": 10.218365547463819, "x8": 0.9639006607756391, "x9": 2.407466520157258}, "datetime": {"datetime": "2025-05-11 11:28:22", "elapsed": 5975.4726, "delta": 16.671044}}
{"target": 0.0003774485709907167, "params": {"x0": 0.9325165580191284, "x1": 5.407923618381999, "x2": 6.667623138536473, "x3": 7.277156962203282, "x4": 1.2403700484695603, "x5": 0.015672593127920076, "x6": 1.7292650640999438, "x7": 10.218365547463819, "x8": 0.9639006607756391, "x9": 2.407466520157258}, "datetime": {"datetime": "2025-05-11 11:28:38", "elapsed": 5991.727258, "delta": 16.254658}}
{"target": 0.0003774485709907167, "params": {"x0": 0.9325165580191284, "x1": 5.407923618381999, "x2": 6.667623138536473, "x3": 7.277156962203282, "x4": 1.2403700484695603, "x5": 0.015672593127920076, "x6": 1.7292650640999438, "x7": 10.218365547463819, "x8": 0.9639006607756391, "x9": 2.407466520157258}, "datetime": {"datetime": "2025-05-11 11:28:53", "elapsed": 6006.861908, "delta": 15.13465}}
{"target": 0.0003774485709907167, "params": {"x0": 0.9325165580191284, "x1": 5.407923618381999, "x2": 6.667623138536473, "x3": 7.277156962203282, "x4": 1.2403700484695603, "x5": 0.01567259312792008, "x6": 1.7292650640999438, "x7": 10.218365547463819, "x8": 0.9639006607756391, "x9": 2.407466520157258}, "datetime": {"datetime": "2025-05-11 11:29:09", "elapsed": 6022.500048, "delta": 15.63814}}
{"target": 0.0003774485709907167, "params": {"x0": 0.9325165580191284, "x1": 5.407923618381999, "x2": 6.667623138536473, "x3": 7.277156962203282, "x4": 1.2403700484695603, "x5": 0.01567259312792008, "x6": 1.7292650640999438, "x7": 10.218365547463819, "x8": 0.9639006607756391, "x9": 2.407466520157258}, "datetime": {"datetime": "2025-05-11 11:29:25", "elapsed": 6038.636707, "delta": 16.136659}}
{"target": 0.0003774485709907167, "params": {"x0": 0.9325165580191284, "x1": 5.407923618381999, "x2": 6.667623138536473, "x3": 7.277156962203282, "x4": 1.2403700484695603, "x5": 0.015672593127920072, "x6": 1.7292650640999438, "x7": 10.218365547463819, "x8": 0.9639006607756391, "x9": 2.407466520157258}, "datetime": {"datetime": "2025-05-11 11:29:41", "elapsed": 6054.810134, "delta": 16.173427}}
{"target": 0.0003774485709907167, "params": {"x0": 0.9325165580191284, "x1": 5.407923618381999, "x2": 6.667623138536473, "x3": 7.277156962203282, "x4": 1.2403700484695603, "x5": 0.015672593127920072, "x6": 1.7292650640999438, "x7": 10.218365547463819, "x8": 0.9639006607756391, "x9": 2.407466520157258}, "datetime": {"datetime": "2025-05-11 11:29:57", "elapsed": 6070.429291, "delta": 15.619157}}
