{"target": 0.00016533601691596595, "params": {"x0": 0.8593788859762956, "x1": 4.647017710563862, "x2": 6.708918240960501, "x3": 6.709603155231356, "x4": 1.6277342305398186, "x5": 0.0157824375486209, "x6": 1.387393603782733, "x7": 10.132065270800364, "x8": 1.8029016824598336, "x9": 2.558488433434021}, "datetime": {"datetime": "2025-05-11 10:00:29", "elapsed": 702.707838, "delta": 11.614485}}
{"target": 0.00016833092063363734, "params": {"x0": 0.8477853926543766, "x1": 5.213588477134593, "x2": 7.1128521584029585, "x3": 7.28323167923765, "x4": 2.5912488404169722, "x5": 0.7049357692955251, "x6": 1.395802046475883, "x7": 9.3750688302893, "x8": 0.9975594454508037, "x9": 2.391351317276284}, "datetime": {"datetime": "2025-05-11 10:00:41", "elapsed": 714.364857, "delta": 11.657019}}
{"target": 0.0002145246915858751, "params": {"x0": 0.8473819776664874, "x1": 5.219418950870396, "x2": 7.866007164429595, "x3": 8.293660914322832, "x4": 1.5471965261319127, "x5": 0.06685280478434026, "x6": 0.408767277011467, "x7": 9.132919932317478, "x8": 1.6294223345498993, "x9": 2.2179045430725477}, "datetime": {"datetime": "2025-05-11 10:00:52", "elapsed": 725.610783, "delta": 11.245926}}
{"target": 5.913700760311483e-10, "params": {"x0": 0.8340284314715622, "x1": 6.474556637232225, "x2": 6.65284659033344, "x3": 7.967765879902126, "x4": 1.4445961680694706, "x5": 0.07033710456950246, "x6": 0.5902950832806947, "x7": 8.428188506766958, "x8": 1.1352497491356173, "x9": 2.528090150994296}, "datetime": {"datetime": "2025-05-11 10:01:03", "elapsed": 736.714745, "delta": 11.103962}}
{"target": 0.0001172698094029291, "params": {"x0": 0.8975727730276547, "x1": 4.703764099965692, "x2": 7.053274249773857, "x3": 8.170772606570402, "x4": 1.5155983645958162, "x5": 0.03583365928389958, "x6": 1.661474301371481, "x7": 10.547147284978724, "x8": 1.563782511351202, "x9": 2.4600027312564494}, "datetime": {"datetime": "2025-05-11 10:01:15", "elapsed": 748.11253, "delta": 11.397785}}
{"target": 0.00025740086699401404, "params": {"x0": 0.9074147844260662, "x1": 4.601806558088291, "x2": 7.552344182226319, "x3": 7.251801533968237, "x4": 1.6462424094193286, "x5": 0.22626189376171987, "x6": 0.4357112967841689, "x7": 9.934150203836236, "x8": 1.0548964350298193, "x9": 2.396146027766523}, "datetime": {"datetime": "2025-05-11 10:01:26", "elapsed": 759.667456, "delta": 11.554926}}
{"target": 1.8960666694578898e-08, "params": {"x0": 0.8566380791668073, "x1": 4.733470955159078, "x2": 7.904200130062162, "x3": 7.686149765738714, "x4": 1.5979267262779404, "x5": 0.0, "x6": 1.0065980692477912, "x7": 9.318374584060052, "x8": 0.80514496815865, "x9": 2.165068374297051}, "datetime": {"datetime": "2025-05-11 10:01:40", "elapsed": 773.844567, "delta": 14.177111}}
{"target": 0.0002080938918659573, "params": {"x0": 0.9010231858292963, "x1": 4.964957204145518, "x2": 6.995779797364224, "x3": 7.394989026850969, "x4": 1.7827362429551394, "x5": 0.403510174398403, "x6": 0.510342033940117, "x7": 9.959195906254664, "x8": 1.2796727552138718, "x9": 2.4579857288926967}, "datetime": {"datetime": "2025-05-11 10:01:52", "elapsed": 785.21923, "delta": 11.374663}}
{"target": 0.0001681312650241793, "params": {"x0": 0.9131462845920014, "x1": 5.0791327344948405, "x2": 7.642753302401606, "x3": 7.259026325037244, "x4": 1.5286328481769522, "x5": 0.13082133504750454, "x6": 0.2089205946355386, "x7": 10.051576154120095, "x8": 1.2571951231954666, "x9": 2.3649923901377647}, "datetime": {"datetime": "2025-05-11 10:02:03", "elapsed": 796.784272, "delta": 11.565042}}
{"target": 0.0002844367115060799, "params": {"x0": 0.9056249237046861, "x1": 4.6744139052769516, "x2": 7.185266316607709, "x3": 7.10997922526627, "x4": 1.5599425290619964, "x5": 0.4022544232666972, "x6": 1.0969459407688953, "x7": 10.120105215437768, "x8": 0.8928651855448994, "x9": 2.3853182768924204}, "datetime": {"datetime": "2025-05-11 10:02:16", "elapsed": 809.511066, "delta": 12.726794}}
{"target": 0.00022292881966496357, "params": {"x0": 0.9108179575537809, "x1": 4.652774360740928, "x2": 7.337958365809756, "x3": 6.957012414822486, "x4": 1.9924555986496535, "x5": 0.207157546153749, "x6": 0.8787988764880154, "x7": 10.24058261871069, "x8": 1.0149513304005948, "x9": 2.4888326016085256}, "datetime": {"datetime": "2025-05-11 10:02:28", "elapsed": 821.433151, "delta": 11.922085}}
{"target": 0.0002930688311374933, "params": {"x0": 0.8832535061561995, "x1": 5.007765964500683, "x2": 6.702924570816336, "x3": 7.342118686892085, "x4": 1.601621596224317, "x5": 0.34718086261014247, "x6": 1.4370389676498283, "x7": 9.821768372740145, "x8": 1.0330495229908347, "x9": 2.345551177134777}, "datetime": {"datetime": "2025-05-11 10:02:40", "elapsed": 833.332166, "delta": 11.899015}}
{"target": 0.00017647101819584247, "params": {"x0": 0.8574597433731539, "x1": 5.201282584852832, "x2": 7.000569652032908, "x3": 7.337411525280533, "x4": 1.5912558027084984, "x5": 0.7867879351765147, "x6": 1.394112678869256, "x7": 10.141442367140584, "x8": 1.0881870100728324, "x9": 2.274377090773558}, "datetime": {"datetime": "2025-05-11 10:02:52", "elapsed": 845.048453, "delta": 11.716287}}
{"target": 0.00029684064853262185, "params": {"x0": 0.9064678926609404, "x1": 4.63574465408538, "x2": 6.784830794405504, "x3": 7.235773726157771, "x4": 1.40610430093668, "x5": 0.027082109011399152, "x6": 0.9911508803635882, "x7": 9.872775184016083, "x8": 0.9322941137093914, "x9": 2.453890711440045}, "datetime": {"datetime": "2025-05-11 10:03:05", "elapsed": 858.123601, "delta": 13.075148}}
{"target": 0.0002820844493918232, "params": {"x0": 0.9262001211899702, "x1": 4.789349048011915, "x2": 6.872023519103185, "x3": 6.87034317931177, "x4": 1.4368004251356978, "x5": 0.3918342709083457, "x6": 1.1227900642656177, "x7": 9.54422715513725, "x8": 0.9295442353257225, "x9": 2.5459793155995225}, "datetime": {"datetime": "2025-05-11 10:03:18", "elapsed": 871.119059, "delta": 12.995458}}
{"target": 0.0002438218578825084, "params": {"x0": 0.9242268983370673, "x1": 4.292403087801374, "x2": 6.645127714026607, "x3": 7.293353647890975, "x4": 1.7224471533249717, "x5": 0.48026753448905635, "x6": 1.259387442753748, "x7": 9.724291951637651, "x8": 0.9381883060283357, "x9": 2.5099511520715065}, "datetime": {"datetime": "2025-05-11 10:03:30", "elapsed": 883.896424, "delta": 12.777365}}
{"target": 0.00025810638932472385, "params": {"x0": 0.9224509977694546, "x1": 4.264993089740418, "x2": 7.1068921649450525, "x3": 6.888271487244041, "x4": 1.2081819633179147, "x5": 0.40930805631495204, "x6": 0.5207946532867499, "x7": 10.051043874526973, "x8": 0.8581960055567533, "x9": 2.528482480809222}, "datetime": {"datetime": "2025-05-11 10:03:44", "elapsed": 897.016029, "delta": 13.119605}}
{"target": 0.0002853269392257947, "params": {"x0": 0.9208526872586031, "x1": 4.9971754794468, "x2": 6.387721917055131, "x3": 7.362898419483253, "x4": 1.0193437301664547, "x5": 0.0, "x6": 1.578426456127641, "x7": 9.568226886446485, "x8": 0.9989824110467657, "x9": 2.521023303872304}, "datetime": {"datetime": "2025-05-11 10:03:56", "elapsed": 909.119098, "delta": 12.103069}}
{"target": 0.0002992214351453579, "params": {"x0": 0.9194142077988369, "x1": 4.9610323969106584, "x2": 6.583974625960014, "x3": 6.875268180259528, "x4": 1.2404553736878368, "x5": 0.0, "x6": 1.636590334604334, "x7": 10.11534015388076, "x8": 0.8722746461057546, "x9": 2.5143100446290783}, "datetime": {"datetime": "2025-05-11 10:04:09", "elapsed": 922.261856, "delta": 13.142758}}
{"target": 6.131189522020117e-05, "params": {"x0": 0.9143115864874973, "x1": 5.237526978312145, "x2": 6.272359243728487, "x3": 6.996509785514015, "x4": 1.5661792038895586, "x5": 0.0, "x6": 1.2875182554015934, "x7": 9.791595411080621, "x8": 0.8212580986426633, "x9": 2.4629536114184}, "datetime": {"datetime": "2025-05-11 10:04:22", "elapsed": 935.657972, "delta": 13.396116}}
{"target": 0.00022174181495633578, "params": {"x0": 0.917400151324112, "x1": 4.712187273649321, "x2": 6.864428469968389, "x3": 7.151054922871684, "x4": 0.9578149625476948, "x5": 0.23984863752768892, "x6": 1.6794025468456795, "x7": 9.876072057166743, "x8": 0.9181895388225367, "x9": 2.560530834518689}, "datetime": {"datetime": "2025-05-11 10:04:35", "elapsed": 948.947071, "delta": 13.289099}}
{"target": 0.00027622183720285787, "params": {"x0": 0.9105006698263951, "x1": 4.737071785975455, "x2": 6.753405031049503, "x3": 7.123476248610468, "x4": 1.5042916761512315, "x5": 0.0, "x6": 1.8558586212648498, "x7": 9.736197523533043, "x8": 0.9135980495508585, "x9": 2.4727113337284288}, "datetime": {"datetime": "2025-05-11 10:04:49", "elapsed": 962.02554, "delta": 13.078469}}
{"target": 0.00024969317795517923, "params": {"x0": 0.9274363919740344, "x1": 4.759467847068975, "x2": 6.811142239606798, "x3": 7.040349809259143, "x4": 1.2188241578159185, "x5": 0.0, "x6": 1.205846628322192, "x7": 10.501501369294864, "x8": 0.9094657092063481, "x9": 2.5517488844396627}, "datetime": {"datetime": "2025-05-11 10:05:01", "elapsed": 974.898671, "delta": 12.873131}}
{"target": 0.00026285491612267124, "params": {"x0": 0.9266341735565147, "x1": 4.7796243020531435, "x2": 6.379523773677909, "x3": 7.07631671562379, "x4": 1.31232823602887, "x5": 0.04264083206811079, "x6": 2.032253406805144, "x7": 10.38128050881146, "x8": 0.9057466028962887, "x9": 2.4806150887995524}, "datetime": {"datetime": "2025-05-11 10:05:14", "elapsed": 987.832826, "delta": 12.934155}}
{"target": 0.00028090298043050076, "params": {"x0": 0.9259121769807469, "x1": 4.797765111538895, "x2": 6.767980393013909, "x3": 6.694324498431693, "x4": 1.4327920381836514, "x5": 0.38651313378481456, "x6": 1.7882754385585469, "x7": 10.237418769721744, "x8": 0.9023994072172353, "x9": 2.4839845843825046}, "datetime": {"datetime": "2025-05-11 10:05:27", "elapsed": 1000.821019, "delta": 12.988193}}
{"target": 0.00027484831007117767, "params": {"x0": 0.9135660355351178, "x1": 4.814091840076071, "x2": 6.418369435611509, "x3": 6.712418866614477, "x4": 1.0673523756416035, "x5": 0.26814008824894797, "x6": 1.9570774230869903, "x7": 9.748383734542825, "x8": 0.8993869311060873, "x9": 2.487017130407162}, "datetime": {"datetime": "2025-05-11 10:05:41", "elapsed": 1014.787545, "delta": 13.966526}}
{"target": 0.00028922152963365674, "params": {"x0": 0.9141508527614898, "x1": 5.0932788980617865, "x2": 6.733019297273668, "x3": 6.728703797978982, "x4": 1.0846626754462267, "x5": 0.0, "x6": 1.9250287142387246, "x7": 10.445600931284902, "x8": 0.896675702606054, "x9": 2.489746421829354}, "datetime": {"datetime": "2025-05-11 10:05:55", "elapsed": 1028.499463, "delta": 13.711918}}
{"target": 0.00028442853712136326, "params": {"x0": 0.9182825467184664, "x1": 5.080054247946674, "x2": 6.718114830142303, "x3": 7.0071761243120205, "x4": 1.3303201776192424, "x5": 0.28176807452912983, "x6": 1.8961848762752855, "x7": 9.90463849156269, "x8": 0.8942355969560241, "x9": 2.5364173051488303}, "datetime": {"datetime": "2025-05-11 10:06:08", "elapsed": 1041.483417, "delta": 12.983954}}
{"target": 0.0002725875199663017, "params": {"x0": 0.9151508902185858, "x1": 4.853912730978244, "x2": 6.463248442195954, "x3": 6.756551030612285, "x4": 1.1142632881121326, "x5": 0.2535912670762169, "x6": 1.6066231670755864, "x7": 10.382851383578116, "x8": 0.8920395018709971, "x9": 2.4944135101613014}, "datetime": {"datetime": "2025-05-11 10:06:21", "elapsed": 1054.784837, "delta": 13.30142}}
{"target": 0.0002602426475114787, "params": {"x0": 0.9155772219766108, "x1": 4.864624697571486, "x2": 6.692628191347668, "x3": 6.76842274557701, "x4": 1.126882496669703, "x5": 0.0, "x6": 1.8468619133578048, "x7": 10.07654857384153, "x8": 0.8544862759170363, "x9": 2.5322169256500775}, "datetime": {"datetime": "2025-05-11 10:06:36", "elapsed": 1069.164003, "delta": 14.379166}}
{"target": 0.0003091005396127021, "params": {"x0": 0.9159609205588334, "x1": 5.047799326315914, "x2": 6.681762834808903, "x3": 6.971429071473795, "x4": 1.3426709630041571, "x5": 0.20540892633173566, "x6": 1.6903189192714752, "x7": 10.332024249935618, "x8": 0.888284179275601, "x9": 2.498193851710179}, "datetime": {"datetime": "2025-05-11 10:06:49", "elapsed": 1082.519085, "delta": 13.355082}}
{"target": 0.000305235618001733, "params": {"x0": 0.9130256264048304, "x1": 5.121551216310381, "x2": 6.764882812330458, "x3": 6.889692313941668, "x4": 1.4295542139230295, "x5": 0.030811338949760347, "x6": 1.8579524688284295, "x7": 10.516205731582247, "x8": 0.9018922824699704, "x9": 2.4844950877291145}, "datetime": {"datetime": "2025-05-11 10:07:03", "elapsed": 1096.4684, "delta": 13.949315}}
{"target": 0.00032276172814865066, "params": {"x0": 0.918602685297436, "x1": 5.1141760273109345, "x2": 6.7565708145783026, "x3": 7.04499215325271, "x4": 1.420865888831142, "x5": 0.04827109768795787, "x6": 1.5974923876655232, "x7": 10.166260916453652, "x8": 0.9005314721505335, "x9": 2.485864964127221}, "datetime": {"datetime": "2025-05-11 10:07:17", "elapsed": 1110.362572, "delta": 13.894172}}
{"target": 0.00033514836308498434, "params": {"x0": 0.9208481853252483, "x1": 5.170596223156702, "x2": 6.820157597382292, "x3": 7.107520772764786, "x4": 1.3544002018782049, "x5": 0.0, "x6": 1.7286342362263585, "x7": 10.307159749913323, "x8": 0.9109416710942262, "x9": 2.475385409681707}, "datetime": {"datetime": "2025-05-11 10:07:31", "elapsed": 1124.256472, "delta": 13.8939}}
{"target": 0.00034081929386855554, "params": {"x0": 0.9230936853530605, "x1": 5.227016419002469, "x2": 6.7565708145783026, "x3": 7.170049392276863, "x4": 1.400926182745261, "x5": 0.0, "x6": 1.8246747730149053, "x7": 10.208530566491554, "x8": 0.9213518700379189, "x9": 2.464905855236193}, "datetime": {"datetime": "2025-05-11 10:07:44", "elapsed": 1137.971806, "delta": 13.715334}}
{"target": 0.0003295710203630216, "params": {"x0": 0.9253391853808727, "x1": 5.170596223156702, "x2": 6.801081562541095, "x3": 7.23257801178894, "x4": 1.4334943693522004, "x5": 0.1099347469413947, "x6": 1.9207153098034522, "x7": 10.277570994886792, "x8": 0.9317620689816115, "x9": 2.454426300790679}, "datetime": {"datetime": "2025-05-11 10:07:58", "elapsed": 1151.651035, "delta": 13.679229}}
{"target": 0.0003531585647977386, "params": {"x0": 0.9251146353780915, "x1": 5.27779459526366, "x2": 6.716511141411789, "x3": 7.2263251498377326, "x4": 1.3716148147990157, "x5": 0.09894127224725523, "x6": 1.7382382899052133, "x7": 10.27066695204727, "x8": 0.9307210490872423, "x9": 2.45547425623523}, "datetime": {"datetime": "2025-05-11 10:08:12", "elapsed": 1165.604851, "delta": 13.953816}}
{"target": 0.0003594858359111673, "params": {"x0": 0.9268324428993678, "x1": 5.320956045085672, "x2": 6.682460419220252, "x3": 7.274159543764472, "x4": 1.346700152044707, "x5": 0.014841190837088292, "x6": 1.8117093005484517, "x7": 10.323482879769628, "x8": 0.9386848512791671, "x9": 2.4474573970844116}, "datetime": {"datetime": "2025-05-11 10:08:26", "elapsed": 1179.575854, "delta": 13.971003}}
{"target": 0.0003615467106538299, "params": {"x0": 0.9285502504206442, "x1": 5.364117494907684, "x2": 6.716511141411789, "x3": 7.321993937691211, "x4": 1.3217854892903984, "x5": 0.07371124782420514, "x6": 1.8631390079987185, "x7": 10.27066695204727, "x8": 0.946648653471092, "x9": 2.439440537933593}, "datetime": {"datetime": "2025-05-11 10:08:40", "elapsed": 1193.417992, "delta": 13.842138}}
{"target": 0.000364224864753822, "params": {"x0": 0.9302680579419206, "x1": 5.320956045085672, "x2": 6.692675635877713, "x3": 7.36982833161795, "x4": 1.2968708265360898, "x5": 0.03250220793322335, "x6": 1.8117093005484517, "x7": 10.23369580264162, "x8": 0.9546124556630168, "x9": 2.4314236787827745}, "datetime": {"datetime": "2025-05-11 10:08:54", "elapsed": 1207.156453, "delta": 13.738461}}
{"target": 0.00036401802087270496, "params": {"x0": 0.9285502504206442, "x1": 5.35116905996108, "x2": 6.709360489751566, "x3": 7.417662725544689, "x4": 1.3217854892903984, "x5": 0.0036558800095361013, "x6": 1.7757085053332649, "x7": 10.27066695204727, "x8": 0.946648653471092, "x9": 2.439440537933593}, "datetime": {"datetime": "2025-05-11 10:09:07", "elapsed": 1220.822244, "delta": 13.665791}}
{"target": 0.0003669008733226615, "params": {"x0": 0.9318140847110693, "x1": 5.348147758473539, "x2": 6.70769200436418, "x3": 7.326777377083885, "x4": 1.274447630057212, "x5": 0.006540512801904822, "x6": 1.7793085848547836, "x7": 10.266969837106705, "x8": 0.9617798776357491, "x9": 2.424208505547038}, "datetime": {"datetime": "2025-05-11 10:09:21", "elapsed": 1234.48906, "delta": 13.666816}}
{"target": 0.00036574208760024987, "params": {"x0": 0.9331282074648457, "x1": 5.371260714853227, "x2": 6.6949280911506825, "x3": 7.36337068843784, "x4": 1.255387913050166, "x5": 0.02860795366352557, "x6": 1.7517679765151657, "x7": 10.295252766402028, "x8": 0.9678721863125717, "x9": 2.4303414027974144}, "datetime": {"datetime": "2025-05-11 10:09:35", "elapsed": 1248.408648, "delta": 13.919588}}
{"target": 0.00037149406597956214, "params": {"x0": 0.9329967951894681, "x1": 5.368949419215258, "x2": 6.696204482472032, "x3": 7.293843396865325, "x4": 1.2916013753635536, "x5": 0.0, "x6": 1.7545220373491275, "x7": 10.241515200740915, "x8": 0.9672629554448894, "x9": 2.4186888980216996}, "datetime": {"datetime": "2025-05-11 10:09:48", "elapsed": 1261.954254, "delta": 13.545606}}
{"target": 0.0003694409808138394, "params": {"x0": 0.9340020990961071, "x1": 5.386630830845719, "x2": 6.686440088863707, "x3": 7.321837280051101, "x4": 1.306182058873944, "x5": 0.017547601457817565, "x6": 1.7755906027289352, "x7": 10.263151641651836, "x8": 0.9719235715826586, "x9": 2.413997231625162}, "datetime": {"datetime": "2025-05-11 10:10:02", "elapsed": 1275.632889, "delta": 13.678635}}
{"target": 0.00037335257892459774, "params": {"x0": 0.932092021673493, "x1": 5.384862689682673, "x2": 6.687416528224539, "x3": 7.319037891732523, "x4": 1.2784787602042023, "x5": 0.0, "x6": 1.7355603285073007, "x7": 10.222042403921085, "x8": 0.9630684009208971, "x9": 2.414466398264816}, "datetime": {"datetime": "2025-05-11 10:10:16", "elapsed": 1289.289334, "delta": 13.656445}}
{"target": 0.0003735589778286297, "params": {"x0": 0.9313229641849142, "x1": 5.398388969579975, "x2": 6.67994676711417, "x3": 7.297622571095404, "x4": 1.2673245373187538, "x5": 0.0, "x6": 1.7516777810228537, "x7": 10.20549052662423, "x8": 0.9666337722662905, "x9": 2.4180555230581673}, "datetime": {"datetime": "2025-05-11 10:10:29", "elapsed": 1302.810744, "delta": 13.52141}}
{"target": 0.00037218577272721986, "params": {"x0": 0.932092021673493, "x1": 5.4119152494772775, "x2": 6.687416528224539, "x3": 7.312613295541388, "x4": 1.2784787602042023, "x5": 0.0, "x6": 1.7403955642619666, "x7": 10.188938649327374, "x8": 0.969129532208066, "x9": 2.420567910413513}, "datetime": {"datetime": "2025-05-11 10:10:43", "elapsed": 1316.33644, "delta": 13.525696}}
{"target": 0.00037429261868807703, "params": {"x0": 0.9320151159246352, "x1": 5.410562621487547, "x2": 6.686669552113502, "x3": 7.28413091909402, "x4": 1.2572857367218502, "x5": 0.011512981316474106, "x6": 1.7415237859380555, "x7": 10.2203872161914, "x8": 0.9643875883186926, "x9": 2.415794374438356}, "datetime": {"datetime": "2025-05-11 10:10:56", "elapsed": 1329.706353, "delta": 13.369913}}
{"target": 0.0003747449986862526, "params": {"x0": 0.932603444903398, "x1": 5.420910225608984, "x2": 6.68095518486407, "x3": 7.272663014892843, "x4": 1.248752756214482, "x5": 0.0017269471974711154, "x6": 1.7328928901159768, "x7": 10.233049402323493, "x8": 0.9624783319632344, "x9": 2.413872398111516}, "datetime": {"datetime": "2025-05-11 10:11:10", "elapsed": 1343.294474, "delta": 13.588121}}
{"target": 0.0003751651461926348, "params": {"x0": 0.9320151159246352, "x1": 5.410562621487547, "x2": 6.676955127789467, "x3": 7.261195110691666, "x4": 1.2402197757071138, "x5": 0.008577171080773209, "x6": 1.7242619942938981, "x7": 10.2203872161914, "x8": 0.9643875883186926, "x9": 2.4119504217846766}, "datetime": {"datetime": "2025-05-11 10:11:23", "elapsed": 1356.947997, "delta": 13.653523}}
{"target": 0.00037468394059762377, "params": {"x0": 0.9324269462097691, "x1": 5.403319298602542, "x2": 6.68095518486407, "x3": 7.24972720649049, "x4": 1.2316867951997457, "x5": 0.003782014362461744, "x6": 1.7328928901159768, "x7": 10.211523685898934, "x8": 0.9630511088698719, "x9": 2.410028445457837}, "datetime": {"datetime": "2025-05-11 10:11:37", "elapsed": 1370.224486, "delta": 13.276489}}
{"target": 0.0003751051675277756, "params": {"x0": 0.9316444686680146, "x1": 5.407453594112205, "x2": 6.673355076422325, "x3": 7.250873996910607, "x4": 1.2478994581637453, "x5": 0.012892812127253527, "x6": 1.7164941880540274, "x7": 10.22836439345462, "x8": 0.963184756814754, "x9": 2.410220643090521}, "datetime": {"datetime": "2025-05-11 10:11:50", "elapsed": 1383.557151, "delta": 13.332665}}
{"target": 0.00037507631699724314, "params": {"x0": 0.9316815333936767, "x1": 5.4046955299506925, "x2": 6.673715081559039, "x3": 7.27048411309462, "x4": 1.2333080614961456, "x5": 0.004693094138940921, "x6": 1.7172709686780145, "x7": 10.227566675728298, "x8": 0.9654701366722375, "x9": 2.4103936209599364}, "datetime": {"datetime": "2025-05-11 10:12:03", "elapsed": 1396.894123, "delta": 13.336972}}
{"target": 0.00037517338649311173, "params": {"x0": 0.9323153402024978, "x1": 5.405282239104379, "x2": 6.674039086182082, "x3": 7.269555212854324, "x4": 1.2464403184969852, "x5": 0.012072840328422268, "x6": 1.7179700712396029, "x7": 10.213925702608192, "x8": 0.9634132948005023, "x9": 2.4105493010424106}, "datetime": {"datetime": "2025-05-11 10:12:17", "elapsed": 1410.096408, "delta": 13.202285}}
{"target": 0.00037713746775214696, "params": {"x0": 0.9325705308386811, "x1": 5.400793914078685, "x2": 6.671560450815805, "x3": 7.275688411090564, "x4": 1.2411528571255945, "x5": 0.015044159188923968, "x6": 1.723318205835754, "x7": 10.219191728696208, "x8": 0.9625851453100406, "x9": 2.409358348411484}, "datetime": {"datetime": "2025-05-11 10:12:30", "elapsed": 1423.230397, "delta": 13.133989}}
