{"target": 0.0003774485709907167, "params": {"x0": 0.9325165580191284, "x1": 5.407923618381999, "x2": 6.667623138536473, "x3": 7.277156962203282, "x4": 1.2403700484695603, "x5": 0.015672593127920076, "x6": 1.7292650640999438, "x7": 10.218365547463819, "x8": 0.9639006607756391, "x9": 2.407466520157258}, "datetime": {"datetime": "2025-05-11 11:30:13", "elapsed": 6086.789125, "delta": 16.359834}}
{"target": 0.0003774485709907167, "params": {"x0": 0.9325165580191284, "x1": 5.407923618381999, "x2": 6.667623138536473, "x3": 7.277156962203282, "x4": 1.2403700484695603, "x5": 0.015672593127920076, "x6": 1.7292650640999438, "x7": 10.218365547463819, "x8": 0.9639006607756391, "x9": 2.407466520157258}, "datetime": {"datetime": "2025-05-11 11:30:30", "elapsed": 6103.013787, "delta": 16.224662}}
