{"target": 0.0003774485709907167, "params": {"x0": 0.9325158653025423, "x1": 5.407911434795503, "x2": 6.667629866807756, "x3": 7.277138114017812, "x4": 1.2403600014765692, "x5": 0.015664527464195138, "x6": 1.7292549018184575, "x7": 10.218375098323396, "x8": 0.9639029087926367, "x9": 2.407463287308855}, "datetime": {"datetime": "2025-05-11 10:24:32", "elapsed": 2145.0261, "delta": 13.179833}}
{"target": 0.0003774485709907167, "params": {"x0": 0.9325159345742009, "x1": 5.407912653154153, "x2": 6.667629193980627, "x3": 7.277173925570206, "x4": 1.2403790907632524, "x5": 0.01566533403056763, "x6": 1.7292559180466063, "x7": 10.21837509075807, "x8": 0.9638986375603411, "x9": 2.407469429720821}, "datetime": {"datetime": "2025-05-11 10:24:45", "elapsed": 2158.093698, "delta": 13.067598}}
{"target": 0.0003774485709907167, "params": {"x0": 0.9325159969186936, "x1": 5.407913749676937, "x2": 6.667628588436212, "x3": 7.277141695173051, "x4": 1.2403619104052375, "x5": 0.015679126315537275, "x6": 1.72925683265194, "x7": 10.218374136428643, "x8": 0.963898839881871, "x9": 2.4074691387644647}, "datetime": {"datetime": "2025-05-11 10:24:58", "elapsed": 2171.14755, "delta": 13.053852}}
{"target": 0.0003774485709907167, "params": {"x0": 0.9325160530287371, "x1": 5.407914736547443, "x2": 6.667628043446238, "x3": 7.2771432218760745, "x4": 1.2403627242116697, "x5": 0.015666713259064595, "x6": 1.7292576557967403, "x7": 10.21837327753216, "x8": 0.9638990219712478, "x9": 2.407468876903744}, "datetime": {"datetime": "2025-05-11 10:25:11", "elapsed": 2184.329933, "delta": 13.182383}}
{"target": 0.0003774485709907167, "params": {"x0": 0.9325161035277763, "x1": 5.407915624730899, "x2": 6.6676275529552615, "x3": 7.277144595908795, "x4": 1.2403634566374588, "x5": 0.015667301245950144, "x6": 1.7292583966270607, "x7": 10.218372504525327, "x8": 0.9638991858516869, "x9": 2.4074686412290953}, "datetime": {"datetime": "2025-05-11 10:25:24", "elapsed": 2197.787072, "delta": 13.457139}}
{"target": 0.0003774485709907167, "params": {"x0": 0.9325161489769115, "x1": 5.407918946555059, "x2": 6.667627111513383, "x3": 7.277145832538244, "x4": 1.2403641158206689, "x5": 0.015667830434147136, "x6": 1.729259063374349, "x7": 10.218371808819176, "x8": 0.9638993333440821, "x9": 2.4074684291219115}, "datetime": {"datetime": "2025-05-11 10:25:37", "elapsed": 2210.866146, "delta": 13.079074}}
{"target": 0.0003774485709907167, "params": {"x0": 0.9325161898811332, "x1": 5.407917143524608, "x2": 6.667626714215691, "x3": 7.2771469455047475, "x4": 1.240364709085558, "x5": 0.01566830670352443, "x6": 1.7292596634469086, "x7": 10.218359912243997, "x8": 0.9639018554640404, "x9": 2.40746480208907}, "datetime": {"datetime": "2025-05-11 10:25:51", "elapsed": 2224.049117, "delta": 13.182971}}
{"target": 0.0003774485709907167, "params": {"x0": 0.9325162266949326, "x1": 5.407917791010347, "x2": 6.667626356647769, "x3": 7.277151752611966, "x4": 1.2403652430239582, "x5": 0.015668735345963997, "x6": 1.729260203512212, "x7": 10.218370619161659, "x8": 0.9639017359952002, "x9": 2.4074649738958884}, "datetime": {"datetime": "2025-05-11 10:26:04", "elapsed": 2237.173895, "delta": 13.124778}}
{"target": 0.0003774485709907167, "params": {"x0": 0.9325162598273522, "x1": 5.4079183737475125, "x2": 6.66762603483664, "x3": 7.277150127861979, "x4": 1.2403657235685186, "x5": 0.015669121124159604, "x6": 1.7292606895709852, "x7": 10.218370111991874, "x8": 0.963899693078034, "x9": 2.4074679117924904}, "datetime": {"datetime": "2025-05-11 10:26:17", "elapsed": 2250.050136, "delta": 12.876241}}
{"target": 0.0003774485709907167, "params": {"x0": 0.9325162937346267, "x1": 5.407919122888526, "x2": 6.667622871149952, "x3": 7.2771508600570645, "x4": 1.2403671955572309, "x5": 0.01566963047742769, "x6": 1.7292630217294556, "x7": 10.218369312879371, "x8": 0.9639001871915569, "x9": 2.4074673013265566}, "datetime": {"datetime": "2025-05-11 10:26:30", "elapsed": 2263.047681, "delta": 12.997545}}
{"target": 0.0003774485709907167, "params": {"x0": 0.9325163408447149, "x1": 5.407921254020124, "x2": 6.667624949159819, "x3": 7.277152703295735, "x4": 1.2403725075808194, "x5": 0.015670097471725666, "x6": 1.7292631703722185, "x7": 10.218369215918228, "x8": 0.963901412549337, "x9": 2.4074655828371627}, "datetime": {"datetime": "2025-05-11 10:26:43", "elapsed": 2276.002324, "delta": 12.954643}}
{"target": 0.0003774485709907167, "params": {"x0": 0.932516363711128, "x1": 5.407920521546066, "x2": 6.6676243449654775, "x3": 7.277160250252917, "x4": 1.2403727555377142, "x5": 0.0156702201464971, "x6": 1.7292621789277616, "x7": 10.218368635395851, "x8": 0.9639013232417676, "x9": 2.4074659123013387}, "datetime": {"datetime": "2025-05-11 10:26:56", "elapsed": 2289.214221, "delta": 13.211897}}
{"target": 0.0003774485709907167, "params": {"x0": 0.9325163674095251, "x1": 5.4079201854095205, "x2": 6.667624938231196, "x3": 7.27716127448983, "x4": 1.2403725985588216, "x5": 0.015670480618518237, "x6": 1.729264141187229, "x7": 10.218367747984905, "x8": 0.9639002859454748, "x9": 2.4074671281635456}, "datetime": {"datetime": "2025-05-11 10:27:09", "elapsed": 2302.516363, "delta": 13.302142}}
{"target": 0.0003774485709907167, "params": {"x0": 0.9325163908003937, "x1": 5.4079207622098115, "x2": 6.667624207307733, "x3": 7.277152228010516, "x4": 1.2403698006546762, "x5": 0.01567089805544186, "x6": 1.7292670214981236, "x7": 10.218367936092918, "x8": 0.9639007538743284, "x9": 2.407466586722694}, "datetime": {"datetime": "2025-05-11 10:27:22", "elapsed": 2315.412434, "delta": 12.896071}}
{"target": 0.0003774485709907167, "params": {"x0": 0.9325164099983397, "x1": 5.407921159701824, "x2": 6.66762428364829, "x3": 7.277153810521311, "x4": 1.2403693906084934, "x5": 0.01567133728081099, "x6": 1.7292654346445384, "x7": 10.218367888811223, "x8": 0.9639001825184134, "x9": 2.407467135002157}, "datetime": {"datetime": "2025-05-11 10:27:35", "elapsed": 2328.345622, "delta": 12.933188}}
{"target": 0.0003774485709907167, "params": {"x0": 0.9325164263292267, "x1": 5.4079211427929215, "x2": 6.667624149859964, "x3": 7.277159159426997, "x4": 1.2403699486881177, "x5": 0.01567318614402203, "x6": 1.729263970296129, "x7": 10.218367699279979, "x8": 0.9639002577173211, "x9": 2.4074671197307342}, "datetime": {"datetime": "2025-05-11 10:27:48", "elapsed": 2341.330556, "delta": 12.984934}}
{"target": 0.0003774485709907167, "params": {"x0": 0.9325164316121005, "x1": 5.407922305155962, "x2": 6.667623629216058, "x3": 7.27715388375414, "x4": 1.2403717320641623, "x5": 0.01567127091508162, "x6": 1.7292644217340145, "x7": 10.218367311045508, "x8": 0.9639006117507452, "x9": 2.4074663445492672}, "datetime": {"datetime": "2025-05-11 10:28:01", "elapsed": 2354.331364, "delta": 13.000808}}
{"target": 0.0003774485709907167, "params": {"x0": 0.932516447142322, "x1": 5.40792215977255, "x2": 6.667623621327591, "x3": 7.277154314458882, "x4": 1.2403694638840883, "x5": 0.015672425807264065, "x6": 1.7292643899427562, "x7": 10.21836730729949, "x8": 0.9639002919189874, "x9": 2.407466356919857}, "datetime": {"datetime": "2025-05-11 10:28:14", "elapsed": 2367.493766, "delta": 13.162402}}
{"target": 0.0003774485709907167, "params": {"x0": 0.932516462112627, "x1": 5.407922143985568, "x2": 6.667624089574701, "x3": 7.277155016445124, "x4": 1.2403692787027092, "x5": 0.01567207135954521, "x6": 1.7292640052593857, "x7": 10.218365610589016, "x8": 0.9639003698336662, "x9": 2.40746692059277}, "datetime": {"datetime": "2025-05-11 10:28:27", "elapsed": 2380.573992, "delta": 13.080226}}
{"target": 0.0003774485709907167, "params": {"x0": 0.9325164653658142, "x1": 5.40792281663826, "x2": 6.667623910843768, "x3": 7.277159112106188, "x4": 1.240369624410207, "x5": 0.015671801657885613, "x6": 1.7292638270774487, "x7": 10.21836688128756, "x8": 0.9639003920880848, "x9": 2.407466913914409}, "datetime": {"datetime": "2025-05-11 10:28:40", "elapsed": 2393.599442, "delta": 13.02545}}
{"target": 0.0003774485709907167, "params": {"x0": 0.9325164794338523, "x1": 5.4079222462245715, "x2": 6.667623730487226, "x3": 7.277155292811493, "x4": 1.2403696769205566, "x5": 0.015672384232924223, "x6": 1.7292639107951264, "x7": 10.218366592471346, "x8": 0.9639006615189852, "x9": 2.407466288990715}, "datetime": {"datetime": "2025-05-11 10:28:53", "elapsed": 2406.563872, "delta": 12.96443}}
{"target": 0.0003774485709907167, "params": {"x0": 0.9325164905045408, "x1": 5.407922385009744, "x2": 6.667623740852831, "x3": 7.277155694403876, "x4": 1.2403690327306873, "x5": 0.015672372292757003, "x6": 1.729264998203386, "x7": 10.21836662100836, "x8": 0.9639004627300127, "x9": 2.407466307786889}, "datetime": {"datetime": "2025-05-11 10:29:06", "elapsed": 2419.772198, "delta": 13.208326}}
{"target": 0.0003774485709907167, "params": {"x0": 0.9325164901128159, "x1": 5.407922499417488, "x2": 6.6676237294336, "x3": 7.2771552269849655, "x4": 1.2403696296354794, "x5": 0.015672183220802927, "x6": 1.7292649840282992, "x7": 10.218366034500818, "x8": 0.9639006862236886, "x9": 2.4074665702597553}, "datetime": {"datetime": "2025-05-11 10:29:19", "elapsed": 2432.896618, "delta": 13.12442}}
{"target": 0.0003774485709907167, "params": {"x0": 0.9325164969611182, "x1": 5.407922591677489, "x2": 6.6676235911744675, "x3": 7.277157441712977, "x4": 1.2403695817952993, "x5": 0.015672123295745185, "x6": 1.7292645138574214, "x7": 10.218366461794814, "x8": 0.9639007015772423, "x9": 2.4074668030382886}, "datetime": {"datetime": "2025-05-11 10:29:33", "elapsed": 2446.174807, "delta": 13.278189}}
{"target": 0.0003774485709907167, "params": {"x0": 0.9325165071249507, "x1": 5.407923014189332, "x2": 6.667623662142124, "x3": 7.277156215148368, "x4": 1.2403693042200845, "x5": 0.01567208215501403, "x6": 1.7292645558996491, "x7": 10.218366026027518, "x8": 0.9639005213224525, "x9": 2.4074667263349503}, "datetime": {"datetime": "2025-05-11 10:29:46", "elapsed": 2459.213456, "delta": 13.038649}}
{"target": 0.0003774485709907167, "params": {"x0": 0.9325165129830332, "x1": 5.40792279896696, "x2": 6.667623141485038, "x3": 7.277157010310597, "x4": 1.2403693541337404, "x5": 0.015672045955162202, "x6": 1.7292644868246734, "x7": 10.218366236547425, "x8": 0.9639006311415046, "x9": 2.407466300470692}, "datetime": {"datetime": "2025-05-11 10:29:59", "elapsed": 2472.182597, "delta": 12.969141}}
{"target": 0.0003774485709907167, "params": {"x0": 0.9325165137934709, "x1": 5.407922961004485, "x2": 6.667623282714933, "x3": 7.277156167423399, "x4": 1.2403697404136276, "x5": 0.01567246153637428, "x6": 1.729264622504513, "x7": 10.21836614924885, "x8": 0.9639006405364077, "x9": 2.4074666756019107}, "datetime": {"datetime": "2025-05-11 10:30:12", "elapsed": 2485.2439, "delta": 13.061303}}
{"target": 0.0003774485709907167, "params": {"x0": 0.9325165203315633, "x1": 5.407922961757996, "x2": 6.667623432356036, "x3": 7.277156011106469, "x4": 1.240369621618121, "x5": 0.015672195702648942, "x6": 1.7292645640190314, "x7": 10.21836592302167, "x8": 0.9639005720782675, "x9": 2.407466626936861}, "datetime": {"datetime": "2025-05-11 10:30:25", "elapsed": 2498.19375, "delta": 12.94985}}
{"target": 0.0003774485709907167, "params": {"x0": 0.9325165218844972, "x1": 5.407923018126133, "x2": 6.6676231700635356, "x3": 7.277156064012191, "x4": 1.2403697033582908, "x5": 0.01567224861998153, "x6": 1.7292647133138448, "x7": 10.218365786679756, "x8": 0.9639006600536018, "x9": 2.4074666203906876}, "datetime": {"datetime": "2025-05-11 10:30:38", "elapsed": 2511.129065, "delta": 12.935315}}
{"target": 0.0003774485709907167, "params": {"x0": 0.9325165255994058, "x1": 5.4079233241197375, "x2": 6.667623332886294, "x3": 7.277157568318864, "x4": 1.240369687715754, "x5": 0.015672376278104624, "x6": 1.7292647481544818, "x7": 10.218366039854903, "x8": 0.9639005735085938, "x9": 2.407466420075976}, "datetime": {"datetime": "2025-05-11 10:30:51", "elapsed": 2524.277332, "delta": 13.148267}}
{"target": 0.0003774485709907167, "params": {"x0": 0.9325165293859017, "x1": 5.407923230398317, "x2": 6.667623243158976, "x3": 7.277156673971069, "x4": 1.2403696925734984, "x5": 0.015672394948289797, "x6": 1.72926472773455, "x7": 10.218365970047238, "x8": 0.9639006018870916, "x9": 2.407466400532213}, "datetime": {"datetime": "2025-05-11 10:31:04", "elapsed": 2537.324982, "delta": 13.04765}}
{"target": 0.0003774485709907167, "params": {"x0": 0.932516532108881, "x1": 5.407923166763606, "x2": 6.667623382722463, "x3": 7.27715668626161, "x4": 1.240370375308167, "x5": 0.015672304992584932, "x6": 1.729264884625709, "x7": 10.218365698951622, "x8": 0.9639005823385071, "x9": 2.4074665007940426}, "datetime": {"datetime": "2025-05-11 10:31:17", "elapsed": 2550.512465, "delta": 13.187483}}
{"target": 0.0003774485709907167, "params": {"x0": 0.9325165348559273, "x1": 5.407923254750809, "x2": 6.66762310761293, "x3": 7.277156400235625, "x4": 1.2403702955752958, "x5": 0.015672317710020412, "x6": 1.7292647344470158, "x7": 10.218365871700659, "x8": 0.9639006522556495, "x9": 2.407466599216116}, "datetime": {"datetime": "2025-05-11 10:31:31", "elapsed": 2564.044212, "delta": 13.531747}}
{"target": 0.0003774485709907167, "params": {"x0": 0.932516536894881, "x1": 5.407923369208264, "x2": 6.66762331084837, "x3": 7.2771565443003166, "x4": 1.2403698127106875, "x5": 0.01567250549892312, "x6": 1.7292649292368536, "x7": 10.218365691003095, "x8": 0.9639005923474893, "x9": 2.4074665313972097}, "datetime": {"datetime": "2025-05-11 10:31:44", "elapsed": 2577.518581, "delta": 13.474369}}
{"target": 0.0003774485709907167, "params": {"x0": 0.9325165387715861, "x1": 5.40792331075277, "x2": 6.667623260991365, "x3": 7.2771565938297105, "x4": 1.2403698394631812, "x5": 0.0156728017233403, "x6": 1.7292648461915714, "x7": 10.218365755663497, "x8": 0.963900632261499, "x9": 2.4074666029850804}, "datetime": {"datetime": "2025-05-11 10:31:57", "elapsed": 2590.526315, "delta": 13.007734}}
{"target": 0.0003774485709907167, "params": {"x0": 0.932516541296604, "x1": 5.407923468690949, "x2": 6.667623301970331, "x3": 7.2771565228237245, "x4": 1.2403698898193152, "x5": 0.015672435564790317, "x6": 1.72926486271263, "x7": 10.218365765182138, "x8": 0.9639006590701776, "x9": 2.4074664799665966}, "datetime": {"datetime": "2025-05-11 10:32:10", "elapsed": 2603.78053, "delta": 13.254215}}
{"target": 0.0003774485709907167, "params": {"x0": 0.9325165424177054, "x1": 5.407923347491929, "x2": 6.667623119355644, "x3": 7.277156895557884, "x4": 1.2403699599324847, "x5": 0.015672450112933833, "x6": 1.7292649271636602, "x7": 10.218365777435801, "x8": 0.9639006373924204, "x9": 2.4074665103834323}, "datetime": {"datetime": "2025-05-11 10:32:23", "elapsed": 2616.976318, "delta": 13.195788}}
{"target": 0.0003774485709907167, "params": {"x0": 0.9325165442747347, "x1": 5.407923527563377, "x2": 6.6676232489604805, "x3": 7.277156728561355, "x4": 1.240370062583018, "x5": 0.015672454475575786, "x6": 1.7292649816379608, "x7": 10.21836574986463, "x8": 0.9639006153063919, "x9": 2.407466495056123}, "datetime": {"datetime": "2025-05-11 10:32:37", "elapsed": 2630.305614, "delta": 13.329296}}
{"target": 0.0003774485709907167, "params": {"x0": 0.9325165458983788, "x1": 5.407923483389836, "x2": 6.667623252882485, "x3": 7.277156644357307, "x4": 1.2403700044000392, "x5": 0.015672533809926132, "x6": 1.7292649244124179, "x7": 10.218365736165527, "x8": 0.963900639614023, "x9": 2.4074664791007248}, "datetime": {"datetime": "2025-05-11 10:32:50", "elapsed": 2643.621707, "delta": 13.316093}}
{"target": 0.0003774485709907167, "params": {"x0": 0.932516546778781, "x1": 5.407923420021918, "x2": 6.667623142122512, "x3": 7.2771567332743965, "x4": 1.240369924201995, "x5": 0.015672601285334774, "x6": 1.7292649548868344, "x7": 10.21836567739834, "x8": 0.9639006561350472, "x9": 2.4074664990944403}, "datetime": {"datetime": "2025-05-11 10:33:03", "elapsed": 2656.681957, "delta": 13.06025}}
{"target": 0.0003774485709907167, "params": {"x0": 0.9325165482179486, "x1": 5.40792350730009, "x2": 6.667623199372015, "x3": 7.277156774781364, "x4": 1.2403699142281623, "x5": 0.015672582784094502, "x6": 1.7292649745862396, "x7": 10.218365669667863, "x8": 0.9639006560959263, "x9": 2.407466564526679}, "datetime": {"datetime": "2025-05-11 10:33:16", "elapsed": 2669.685589, "delta": 13.003632}}
{"target": 0.0003774485709907167, "params": {"x0": 0.932516548851058, "x1": 5.407923525072182, "x2": 6.667623140552978, "x3": 7.2771568906274435, "x4": 1.2403699208341994, "x5": 0.015672494851893738, "x6": 1.729264958955772, "x7": 10.218365613334676, "x8": 0.9639006513923704, "x9": 2.407466480001484}, "datetime": {"datetime": "2025-05-11 10:33:30", "elapsed": 2682.982928, "delta": 13.297339}}
{"target": 0.0003774485709907167, "params": {"x0": 0.93251654996329, "x1": 5.407923567996283, "x2": 6.667623197518476, "x3": 7.277156882907804, "x4": 1.2403699460598943, "x5": 0.01567252689386485, "x6": 1.7292649623429022, "x7": 10.218365657711157, "x8": 0.9639006854662682, "x9": 2.407466526787973}, "datetime": {"datetime": "2025-05-11 10:33:43", "elapsed": 2696.029794, "delta": 13.046866}}
{"target": 0.0003774485709907167, "params": {"x0": 0.9325165507815084, "x1": 5.4079235215700745, "x2": 6.667623208541477, "x3": 7.277156908545056, "x4": 1.2403700963754796, "x5": 0.01567255774857318, "x6": 1.7292650198914488, "x7": 10.218365652066177, "x8": 0.9639006582723898, "x9": 2.40746648673441}, "datetime": {"datetime": "2025-05-11 10:33:56", "elapsed": 2709.131013, "delta": 13.101219}}
{"target": 0.0003774485709907167, "params": {"x0": 0.9325165513311136, "x1": 5.407923623740635, "x2": 6.667623173453759, "x3": 7.277156814128293, "x4": 1.2403700273564124, "x5": 0.015672518980422583, "x6": 1.7292649719996278, "x7": 10.218365612544163, "x8": 0.9639006608511349, "x9": 2.407466527424419}, "datetime": {"datetime": "2025-05-11 10:34:09", "elapsed": 2722.43906, "delta": 13.308047}}
{"target": 0.0003774485709907167, "params": {"x0": 0.9325165520290404, "x1": 5.407923534753115, "x2": 6.667623174113406, "x3": 7.2771568566182925, "x4": 1.2403699631797744, "x5": 0.015672543177806374, "x6": 1.7292650631860202, "x7": 10.218365615490198, "x8": 0.9639006619306684, "x9": 2.407466536988628}, "datetime": {"datetime": "2025-05-11 10:34:22", "elapsed": 2735.62933, "delta": 13.19027}}
{"target": 0.0003774485709907167, "params": {"x0": 0.9325165526446078, "x1": 5.407923523831674, "x2": 6.667623184420262, "x3": 7.2771568510084945, "x4": 1.2403699770494938, "x5": 0.015672563588974953, "x6": 1.7292650263297744, "x7": 10.218365612324831, "x8": 0.9639006677769902, "x9": 2.4074665446721997}, "datetime": {"datetime": "2025-05-11 10:34:35", "elapsed": 2748.945623, "delta": 13.316293}}
{"target": 0.0003774485709907167, "params": {"x0": 0.9325165531652385, "x1": 5.407923572208846, "x2": 6.667623133933838, "x3": 7.27715684859407, "x4": 1.2403699815236706, "x5": 0.015672537093096413, "x6": 1.7292650406548697, "x7": 10.21836559981936, "x8": 0.9639006641803328, "x9": 2.4074665184226514}, "datetime": {"datetime": "2025-05-11 10:34:49", "elapsed": 2762.059424, "delta": 13.113801}}
{"target": 0.0003774485709907167, "params": {"x0": 0.9325165536342116, "x1": 5.4079235429206465, "x2": 6.667623152564692, "x3": 7.2771569349260306, "x4": 1.2403700202884156, "x5": 0.015672556147819407, "x6": 1.7292649998983343, "x7": 10.218365614248906, "x8": 0.963900660619972, "x9": 2.4074665050538395}, "datetime": {"datetime": "2025-05-11 10:35:02", "elapsed": 2775.342808, "delta": 13.283384}}
{"target": 0.0003774485709907167, "params": {"x0": 0.9325165543120763, "x1": 5.407923558230924, "x2": 6.6676231416791, "x3": 7.277156879854922, "x4": 1.2403700021706063, "x5": 0.01567256551086402, "x6": 1.7292650185379501, "x7": 10.218365595374324, "x8": 0.9639006518309491, "x9": 2.4074665151441876}, "datetime": {"datetime": "2025-05-11 10:35:15", "elapsed": 2788.609842, "delta": 13.267034}}
{"target": 0.0003774485709907167, "params": {"x0": 0.9325165546949297, "x1": 5.4079235634007725, "x2": 6.667623170433207, "x3": 7.277156869631427, "x4": 1.2403700138037888, "x5": 0.01567262162227776, "x6": 1.729265029838718, "x7": 10.218365594740751, "x8": 0.9639006492089677, "x9": 2.4074665309874748}, "datetime": {"datetime": "2025-05-11 10:35:28", "elapsed": 2801.673926, "delta": 13.064084}}
{"target": 0.0003774485709907167, "params": {"x0": 0.9325165550250094, "x1": 5.407923578202262, "x2": 6.667623166032176, "x3": 7.277156879799947, "x4": 1.2403700121581036, "x5": 0.015672582368223935, "x6": 1.729265032444771, "x7": 10.218365586659282, "x8": 0.963900656671729, "x9": 2.4074665109579}, "datetime": {"datetime": "2025-05-11 10:35:41", "elapsed": 2814.922561, "delta": 13.248635}}
{"target": 0.0003774485709907167, "params": {"x0": 0.9325165551739613, "x1": 5.40792357922662, "x2": 6.667623134527284, "x3": 7.2771568933449435, "x4": 1.2403700146252232, "x5": 0.01567258212058314, "x6": 1.7292650241907932, "x7": 10.218365586970965, "x8": 0.963900655071772, "x9": 2.4074665175843255}, "datetime": {"datetime": "2025-05-11 10:35:55", "elapsed": 2828.132802, "delta": 13.210241}}
{"target": 0.0003774485709907167, "params": {"x0": 0.93251655554852, "x1": 5.4079235734104065, "x2": 6.667623148507463, "x3": 7.277156935531105, "x4": 1.240370041303531, "x5": 0.015672571089416044, "x6": 1.7292650318547775, "x7": 10.21836558404603, "x8": 0.9639006554501691, "x9": 2.407466512595906}, "datetime": {"datetime": "2025-05-11 10:36:08", "elapsed": 2841.440824, "delta": 13.308022}}
{"target": 0.0003774485709907167, "params": {"x0": 0.9325165556828146, "x1": 5.4079235776238335, "x2": 6.667623157036287, "x3": 7.277156916000666, "x4": 1.2403700503854111, "x5": 0.015672567167765022, "x6": 1.729265036535086, "x7": 10.218365570725847, "x8": 0.9639006681091938, "x9": 2.407466512036129}, "datetime": {"datetime": "2025-05-11 10:36:21", "elapsed": 2854.69723, "delta": 13.256406}}
