{"target": 47.36019737611528, "params": {"x0": 1.0156871342424536, "x1": 2.07967130535242, "x2": 0.5612534972280742, "x3": 0.4419732747450151, "x4": 0.7944602897983635, "x5": 1.1643959714845882, "x6": 3.8781719140382798, "x7": 14.099897650361433, "x8": 0.9214057140242624, "x9": 1.1428494807190988}, "datetime": {"datetime": "2025-05-10 01:42:38", "elapsed": 2270.378802, "delta": 8.755207}}
{"target": 47.36019737611528, "params": {"x0": 1.015687134240996, "x1": 2.079671305370707, "x2": 0.5612534972657183, "x3": 0.44197327472630005, "x4": 0.7944602897788084, "x5": 1.1643959716759988, "x6": 3.8781719141406836, "x7": 14.099897650418882, "x8": 0.9214057140306018, "x9": 1.1428494807184155}, "datetime": {"datetime": "2025-05-10 01:42:47", "elapsed": 2279.764798, "delta": 9.385996}}
{"target": 47.36019737611528, "params": {"x0": 1.0156871342389504, "x1": 2.079671305361454, "x2": 0.5612534973086426, "x3": 0.44197327472149206, "x4": 0.7944602897957527, "x5": 1.1643959715532994, "x6": 3.8781719141020385, "x7": 14.099897650416011, "x8": 0.9214057140322381, "x9": 1.142849480713206}, "datetime": {"datetime": "2025-05-10 01:42:57", "elapsed": 2288.984037, "delta": 9.219239}}
{"target": 47.36019737611528, "params": {"x0": 1.0156871342405454, "x1": 2.079671305359317, "x2": 0.5612534972402163, "x3": 0.4419732747246095, "x4": 0.7944602897999883, "x5": 1.1643959716310797, "x6": 3.8781719140994206, "x7": 14.099897650436276, "x8": 0.9214057140317714, "x9": 1.1428494807156184}, "datetime": {"datetime": "2025-05-10 01:43:06", "elapsed": 2298.348529, "delta": 9.364492}}
{"target": 47.36019737611528, "params": {"x0": 1.0156871342410028, "x1": 2.079671305354715, "x2": 0.5612534972518504, "x3": 0.4419732747378882, "x4": 0.7944602897851547, "x5": 1.1643959716248562, "x6": 3.8781719140927016, "x7": 14.099897650470764, "x8": 0.9214057140261082, "x9": 1.1428494807156973}, "datetime": {"datetime": "2025-05-10 01:43:15", "elapsed": 2307.253695, "delta": 8.905166}}
{"target": 47.36019737611528, "params": {"x0": 1.0156871342391003, "x1": 2.0796713053438127, "x2": 0.5612534972776032, "x3": 0.44197327474838294, "x4": 0.794460289793222, "x5": 1.1643959718895802, "x6": 3.878171914106016, "x7": 14.099897650462609, "x8": 0.9214057140311201, "x9": 1.1428494807201535}, "datetime": {"datetime": "2025-05-10 01:43:24", "elapsed": 2316.008746, "delta": 8.755051}}
{"target": 47.36019737611528, "params": {"x0": 1.0156871342394775, "x1": 2.079671305325662, "x2": 0.5612534972524467, "x3": 0.4419732747515516, "x4": 0.7944602897919812, "x5": 1.1643959717736259, "x6": 3.878171914072309, "x7": 14.09989765047895, "x8": 0.9214057140265989, "x9": 1.1428494807199119}, "datetime": {"datetime": "2025-05-10 01:43:33", "elapsed": 2325.056574, "delta": 9.047828}}
{"target": 47.36019737611528, "params": {"x0": 1.0156871342405625, "x1": 2.0796713053469023, "x2": 0.5612534972716597, "x3": 0.441973274756225, "x4": 0.7944602897914675, "x5": 1.1643959717202532, "x6": 3.8781719140805224, "x7": 14.099897650536139, "x8": 0.9214057140285252, "x9": 1.142849480723843}, "datetime": {"datetime": "2025-05-10 01:43:42", "elapsed": 2334.313703, "delta": 9.257129}}
{"target": 47.36019737611528, "params": {"x0": 1.015687134240696, "x1": 2.079671305332167, "x2": 0.5612534972616068, "x3": 0.4419732747754038, "x4": 0.7944602898113496, "x5": 1.1643959716561922, "x6": 3.878171914109563, "x7": 14.09989765050751, "x8": 0.9214057140273321, "x9": 1.1428494807187608}, "datetime": {"datetime": "2025-05-10 01:43:51", "elapsed": 2343.439266, "delta": 9.125563}}
{"target": 47.36019737611528, "params": {"x0": 1.0156871342402771, "x1": 2.0796713053388935, "x2": 0.5612534972596375, "x3": 0.44197327476382986, "x4": 0.7944602897924692, "x5": 1.1643959717123677, "x6": 3.8781719141143434, "x7": 14.099897650579804, "x8": 0.9214057140300417, "x9": 1.1428494807193497}, "datetime": {"datetime": "2025-05-10 01:44:00", "elapsed": 2352.220827, "delta": 8.781561}}
{"target": 47.36019737611528, "params": {"x0": 1.0156871342397715, "x1": 2.0796713053329627, "x2": 0.5612534972648763, "x3": 0.4419732747679222, "x4": 0.794460289802753, "x5": 1.1643959717645453, "x6": 3.8781719140678357, "x7": 14.099897650546776, "x8": 0.921405714029952, "x9": 1.1428494807228589}, "datetime": {"datetime": "2025-05-10 01:44:09", "elapsed": 2361.027372, "delta": 8.806545}}
{"target": 47.36019737611528, "params": {"x0": 1.015687134240049, "x1": 2.0796713053241347, "x2": 0.5612534972852297, "x3": 0.44197327476655596, "x4": 0.7944602897996141, "x5": 1.1643959717561663, "x6": 3.8781719140960895, "x7": 14.099897650541372, "x8": 0.9214057140293985, "x9": 1.1428494807202847}, "datetime": {"datetime": "2025-05-10 01:44:17", "elapsed": 2369.734778, "delta": 8.707406}}
{"target": 47.36019737611528, "params": {"x0": 1.0156871342401443, "x1": 2.079671305335452, "x2": 0.5612534972748163, "x3": 0.4419732747660239, "x4": 0.7944602898038755, "x5": 1.164395971718904, "x6": 3.8781719140849287, "x7": 14.099897650605374, "x8": 0.921405714028141, "x9": 1.142849480722285}, "datetime": {"datetime": "2025-05-10 01:44:27", "elapsed": 2378.888877, "delta": 9.154099}}
{"target": 47.36019737611528, "params": {"x0": 1.0156871342407237, "x1": 2.079671305332089, "x2": 0.5612534972804709, "x3": 0.4419732747698188, "x4": 0.7944602898004028, "x5": 1.1643959717587462, "x6": 3.878171914082539, "x7": 14.099897650551668, "x8": 0.9214057140283112, "x9": 1.1428494807244913}, "datetime": {"datetime": "2025-05-10 01:44:36", "elapsed": 2387.944646, "delta": 9.055769}}
{"target": 47.36019737611528, "params": {"x0": 1.0156871342408316, "x1": 2.0796713053223144, "x2": 0.5612534972752021, "x3": 0.4419732747767994, "x4": 0.7944602898092903, "x5": 1.164395971738278, "x6": 3.8781719140956357, "x7": 14.099897650571778, "x8": 0.9214057140297507, "x9": 1.1428494807229386}, "datetime": {"datetime": "2025-05-10 01:44:45", "elapsed": 2397.056472, "delta": 9.111826}}
{"target": 47.36019737611528, "params": {"x0": 1.015687134240644, "x1": 2.0796713053303586, "x2": 0.5612534972764316, "x3": 0.4419732747739347, "x4": 0.7944602897993291, "x5": 1.164395971751375, "x6": 3.8781719141190036, "x7": 14.0998976505879, "x8": 0.921405714028716, "x9": 1.1428494807258356}, "datetime": {"datetime": "2025-05-10 01:44:54", "elapsed": 2406.218547, "delta": 9.162075}}
{"target": 47.36019737611528, "params": {"x0": 1.0156871342404958, "x1": 2.0796713053241764, "x2": 0.5612534972719126, "x3": 0.44197327477318843, "x4": 0.794460289806823, "x5": 1.1643959717751506, "x6": 3.878171914089229, "x7": 14.099897650568563, "x8": 0.9214057140284566, "x9": 1.1428494807242844}, "datetime": {"datetime": "2025-05-10 01:45:03", "elapsed": 2415.17179, "delta": 8.953243}}
{"target": 47.36019737611528, "params": {"x0": 1.0156871342402034, "x1": 2.079671305323982, "x2": 0.561253497274952, "x3": 0.44197327478057924, "x4": 0.7944602898062312, "x5": 1.1643959717701202, "x6": 3.87817191411369, "x7": 14.09989765057421, "x8": 0.9214057140290862, "x9": 1.1428494807244522}, "datetime": {"datetime": "2025-05-10 01:45:12", "elapsed": 2424.197898, "delta": 9.026108}}
{"target": 47.36019737611528, "params": {"x0": 1.015687134240053, "x1": 2.079671305322494, "x2": 0.5612534972835407, "x3": 0.4419732747771107, "x4": 0.7944602898046401, "x5": 1.1643959717834869, "x6": 3.8781719141109474, "x7": 14.099897650580138, "x8": 0.9214057140278102, "x9": 1.1428494807225495}, "datetime": {"datetime": "2025-05-10 01:45:21", "elapsed": 2433.212721, "delta": 9.014823}}
{"target": 47.36019737611528, "params": {"x0": 1.015687134240458, "x1": 2.079671305316101, "x2": 0.5612534972818186, "x3": 0.44197327478139875, "x4": 0.7944602898022621, "x5": 1.1643959718013492, "x6": 3.878171914092378, "x7": 14.099897650594281, "x8": 0.9214057140292831, "x9": 1.1428494807252456}, "datetime": {"datetime": "2025-05-10 01:45:30", "elapsed": 2442.411402, "delta": 9.198681}}
{"target": 47.36019737611528, "params": {"x0": 1.01568713424021, "x1": 2.0796713053241898, "x2": 0.561253497281508, "x3": 0.44197327478218396, "x4": 0.7944602898017842, "x5": 1.1643959718265495, "x6": 3.8781719141113515, "x7": 14.0998976505931, "x8": 0.9214057140289394, "x9": 1.1428494807246226}, "datetime": {"datetime": "2025-05-10 01:45:39", "elapsed": 2451.370261, "delta": 8.958859}}
{"target": 47.36019737611528, "params": {"x0": 1.0156871342404714, "x1": 2.0796713053167832, "x2": 0.5612534972781995, "x3": 0.4419732747988691, "x4": 0.7944602898061172, "x5": 1.1643959718183154, "x6": 3.878171914096614, "x7": 14.099897650588652, "x8": 0.9214057140284707, "x9": 1.142849480724557}, "datetime": {"datetime": "2025-05-10 01:45:48", "elapsed": 2460.108495, "delta": 8.738234}}
{"target": 47.36019737611528, "params": {"x0": 1.0156871342401965, "x1": 2.079671305323289, "x2": 0.5612534972837075, "x3": 0.44197327478102877, "x4": 0.7944602898027328, "x5": 1.164395971784255, "x6": 3.8781719141094904, "x7": 14.099897650603584, "x8": 0.9214057140288806, "x9": 1.1428494807242935}, "datetime": {"datetime": "2025-05-10 01:45:57", "elapsed": 2469.598652, "delta": 9.490157}}
{"target": 47.36019737611528, "params": {"x0": 1.0156871342402969, "x1": 2.0796713053235796, "x2": 0.561253497278686, "x3": 0.4419732747819243, "x4": 0.7944602898019893, "x5": 1.1643959718096721, "x6": 3.8781719141001534, "x7": 14.099897650622154, "x8": 0.9214057140288782, "x9": 1.1428494807249283}, "datetime": {"datetime": "2025-05-10 01:46:06", "elapsed": 2478.579041, "delta": 8.980389}}
{"target": 47.36019737611528, "params": {"x0": 1.015687134240429, "x1": 2.0796713053203733, "x2": 0.5612534972851169, "x3": 0.441973274786981, "x4": 0.7944602898019506, "x5": 1.1643959718265817, "x6": 3.878171914098136, "x7": 14.099897650604017, "x8": 0.9214057140282468, "x9": 1.142849480725389}, "datetime": {"datetime": "2025-05-10 01:46:15", "elapsed": 2487.52403, "delta": 8.944989}}
{"target": 47.36019737611528, "params": {"x0": 1.0156871342403628, "x1": 2.0796713053244535, "x2": 0.5612534972786521, "x3": 0.44197327478361603, "x4": 0.7944602898038807, "x5": 1.1643959717973411, "x6": 3.8781719140943927, "x7": 14.099897650600111, "x8": 0.9214057140285485, "x9": 1.1428494807253617}, "datetime": {"datetime": "2025-05-10 01:46:24", "elapsed": 2496.456765, "delta": 8.932735}}
{"target": 47.36019737611528, "params": {"x0": 1.0156871342404283, "x1": 2.0796713053243963, "x2": 0.5612534972813146, "x3": 0.4419732747851308, "x4": 0.7944602898020459, "x5": 1.1643959718133226, "x6": 3.878171914102405, "x7": 14.09989765060056, "x8": 0.9214057140285258, "x9": 1.1428494807246659}, "datetime": {"datetime": "2025-05-10 01:46:33", "elapsed": 2505.518646, "delta": 9.061881}}
{"target": 47.36019737611528, "params": {"x0": 1.015687134240452, "x1": 2.0796713053204994, "x2": 0.5612534972846295, "x3": 0.4419732747892758, "x4": 0.7944602898029721, "x5": 1.164395971817916, "x6": 3.8781719140975723, "x7": 14.099897650617091, "x8": 0.9214057140282667, "x9": 1.1428494807254643}, "datetime": {"datetime": "2025-05-10 01:46:42", "elapsed": 2514.806967, "delta": 9.288321}}
{"target": 47.36019737611528, "params": {"x0": 1.015687134240266, "x1": 2.0796713053229454, "x2": 0.5612534972829243, "x3": 0.44197327478599957, "x4": 0.7944602898054174, "x5": 1.1643959718268035, "x6": 3.8781719140974613, "x7": 14.099897650605513, "x8": 0.9214057140288074, "x9": 1.1428494807246528}, "datetime": {"datetime": "2025-05-10 01:46:52", "elapsed": 2524.046056, "delta": 9.239089}}
{"target": 47.36019737611528, "params": {"x0": 1.0156871342402845, "x1": 2.079671305319695, "x2": 0.5612534972849578, "x3": 0.4419732747860532, "x4": 0.7944602898039866, "x5": 1.1643959718114802, "x6": 3.8781719140982824, "x7": 14.099897650610759, "x8": 0.9214057140286132, "x9": 1.1428494807249032}, "datetime": {"datetime": "2025-05-10 01:47:01", "elapsed": 2533.131898, "delta": 9.085842}}
{"target": 47.36019737611528, "params": {"x0": 1.0156871342403653, "x1": 2.079671305321838, "x2": 0.5612534972841736, "x3": 0.4419732747901101, "x4": 0.7944602898052037, "x5": 1.1643959718193047, "x6": 3.878171914098079, "x7": 14.099897650609137, "x8": 0.9214057140285664, "x9": 1.1428494807242378}, "datetime": {"datetime": "2025-05-10 01:47:10", "elapsed": 2542.099481, "delta": 8.967583}}
{"target": 47.36019737611528, "params": {"x0": 1.0156871342403537, "x1": 2.0796713053200686, "x2": 0.5612534972840867, "x3": 0.4419732747866833, "x4": 0.794460289804463, "x5": 1.1643959718184964, "x6": 3.8781719141033433, "x7": 14.099897650607032, "x8": 0.9214057140284849, "x9": 1.1428494807242522}, "datetime": {"datetime": "2025-05-10 01:47:19", "elapsed": 2550.841649, "delta": 8.742168}}
{"target": 47.36019737611528, "params": {"x0": 1.015687134240329, "x1": 2.0796713053224276, "x2": 0.5612534972815568, "x3": 0.44197327479081366, "x4": 0.7944602898050033, "x5": 1.1643959718179975, "x6": 3.8781719140977216, "x7": 14.099897650620074, "x8": 0.9214057140284261, "x9": 1.1428494807245713}, "datetime": {"datetime": "2025-05-10 01:47:28", "elapsed": 2560.430961, "delta": 9.589312}}
{"target": 47.36019737611528, "params": {"x0": 1.0156871342403335, "x1": 2.0796713053206806, "x2": 0.5612534972818256, "x3": 0.4419732747906038, "x4": 0.7944602898035104, "x5": 1.1643959718273416, "x6": 3.878171914099315, "x7": 14.099897650609062, "x8": 0.9214057140284682, "x9": 1.142849480724316}, "datetime": {"datetime": "2025-05-10 01:47:37", "elapsed": 2569.419787, "delta": 8.988826}}
{"target": 47.36019737611528, "params": {"x0": 1.0156871342403035, "x1": 2.0796713053200553, "x2": 0.5612534972845291, "x3": 0.44197327479049886, "x4": 0.794460289803908, "x5": 1.1643959718178207, "x6": 3.878171914098609, "x7": 14.099897650614176, "x8": 0.921405714028453, "x9": 1.1428494807247194}, "datetime": {"datetime": "2025-05-10 01:47:46", "elapsed": 2578.545176, "delta": 9.125389}}
{"target": 47.36019737611528, "params": {"x0": 1.0156871342404035, "x1": 2.0796713053200766, "x2": 0.5612534972830743, "x3": 0.4419732747910459, "x4": 0.7944602898039067, "x5": 1.1643959718079313, "x6": 3.878171914102446, "x7": 14.099897650617764, "x8": 0.9214057140285273, "x9": 1.1428494807245027}, "datetime": {"datetime": "2025-05-10 01:47:56", "elapsed": 2588.005854, "delta": 9.460678}}
{"target": 47.36019737611528, "params": {"x0": 1.0156871342403997, "x1": 2.079671305320499, "x2": 0.5612534972841677, "x3": 0.4419732747879795, "x4": 0.7944602898044997, "x5": 1.164395971810266, "x6": 3.87817191410257, "x7": 14.099897650611023, "x8": 0.9214057140285942, "x9": 1.1428494807246665}, "datetime": {"datetime": "2025-05-10 01:48:05", "elapsed": 2597.130642, "delta": 9.124788}}
{"target": 47.36019737611528, "params": {"x0": 1.0156871342403708, "x1": 2.0796713053212157, "x2": 0.5612534972837068, "x3": 0.4419732747902776, "x4": 0.7944602898038142, "x5": 1.1643959718110433, "x6": 3.8781719141023006, "x7": 14.099897650613297, "x8": 0.9214057140286119, "x9": 1.1428494807245306}, "datetime": {"datetime": "2025-05-10 01:48:14", "elapsed": 2605.949189, "delta": 8.818547}}
{"target": 47.36019737611528, "params": {"x0": 1.0156871342403582, "x1": 2.079671305321115, "x2": 0.5612534972824696, "x3": 0.4419732747896955, "x4": 0.7944602898036484, "x5": 1.1643959718121402, "x6": 3.878171914101535, "x7": 14.099897650618653, "x8": 0.9214057140285062, "x9": 1.1428494807249892}, "datetime": {"datetime": "2025-05-10 01:48:23", "elapsed": 2615.095013, "delta": 9.145824}}
{"target": 47.36019737611528, "params": {"x0": 1.0156871342403304, "x1": 2.079671305320108, "x2": 0.5612534972820714, "x3": 0.4419732747896296, "x4": 0.7944602898037509, "x5": 1.1643959718221226, "x6": 3.8781719141018964, "x7": 14.099897650616976, "x8": 0.9214057140286227, "x9": 1.142849480724747}, "datetime": {"datetime": "2025-05-10 01:48:32", "elapsed": 2624.424418, "delta": 9.329405}}
{"target": 47.36019737611528, "params": {"x0": 1.015687134240341, "x1": 2.079671305321465, "x2": 0.5612534972832148, "x3": 0.44197327478971926, "x4": 0.7944602898040318, "x5": 1.1643959718210157, "x6": 3.8781719140990294, "x7": 14.099897650613046, "x8": 0.9214057140285623, "x9": 1.1428494807245502}, "datetime": {"datetime": "2025-05-10 01:48:41", "elapsed": 2633.783294, "delta": 9.358876}}
{"target": 47.36019737611528, "params": {"x0": 1.015687134240338, "x1": 2.079671305320464, "x2": 0.5612534972830442, "x3": 0.4419732747882856, "x4": 0.794460289804336, "x5": 1.164395971811296, "x6": 3.878171914100136, "x7": 14.099897650615478, "x8": 0.9214057140285201, "x9": 1.1428494807248004}, "datetime": {"datetime": "2025-05-10 01:48:51", "elapsed": 2643.066089, "delta": 9.282795}}
{"target": 47.36019737611528, "params": {"x0": 1.0156871342403826, "x1": 2.079671305321083, "x2": 0.561253497283418, "x3": 0.44197327479034587, "x4": 0.7944602898040892, "x5": 1.1643959718155719, "x6": 3.8781719141006232, "x7": 14.099897650618205, "x8": 0.9214057140285867, "x9": 1.1428494807247462}, "datetime": {"datetime": "2025-05-10 01:49:00", "elapsed": 2652.705286, "delta": 9.639197}}
{"target": 47.36019737611528, "params": {"x0": 1.0156871342403493, "x1": 2.079671305320287, "x2": 0.5612534972832143, "x3": 0.4419732747890942, "x4": 0.7944602898042961, "x5": 1.1643959718166, "x6": 3.8781719141008795, "x7": 14.09989765061654, "x8": 0.9214057140286208, "x9": 1.1428494807245895}, "datetime": {"datetime": "2025-05-10 01:49:10", "elapsed": 2662.331265, "delta": 9.625979}}
{"target": 47.36019737611528, "params": {"x0": 1.0156871342403466, "x1": 2.0796713053212175, "x2": 0.5612534972833689, "x3": 0.44197327479008947, "x4": 0.7944602898038458, "x5": 1.1643959718163581, "x6": 3.8781719140997613, "x7": 14.099897650617184, "x8": 0.9214057140285367, "x9": 1.14284948072464}, "datetime": {"datetime": "2025-05-10 01:49:20", "elapsed": 2671.945276, "delta": 9.614011}}
{"target": 47.36019737611528, "params": {"x0": 1.015687134240365, "x1": 2.0796713053211664, "x2": 0.5612534972835101, "x3": 0.44197327478927956, "x4": 0.7944602898040365, "x5": 1.16439597181578, "x6": 3.8781719141002107, "x7": 14.099897650618377, "x8": 0.9214057140285928, "x9": 1.1428494807246632}, "datetime": {"datetime": "2025-05-10 01:49:29", "elapsed": 2681.130557, "delta": 9.185281}}
{"target": 47.36019737611528, "params": {"x0": 1.0156871342403577, "x1": 2.079671305320954, "x2": 0.5612534972826195, "x3": 0.4419732747897022, "x4": 0.7944602898041722, "x5": 1.164395971816054, "x6": 3.8781719141001596, "x7": 14.099897650617914, "x8": 0.9214057140285519, "x9": 1.142849480724701}, "datetime": {"datetime": "2025-05-10 01:49:38", "elapsed": 2690.565836, "delta": 9.435279}}
{"target": 47.36019737611528, "params": {"x0": 1.0156871342403504, "x1": 2.079671305321077, "x2": 0.5612534972831628, "x3": 0.4419732747894542, "x4": 0.7944602898040674, "x5": 1.1643959718160168, "x6": 3.878171914101058, "x7": 14.099897650616109, "x8": 0.9214057140285833, "x9": 1.1428494807247893}, "datetime": {"datetime": "2025-05-10 01:49:48", "elapsed": 2700.159876, "delta": 9.59404}}
{"target": 47.36019737611528, "params": {"x0": 1.0156871342403633, "x1": 2.0796713053208284, "x2": 0.5612534972827846, "x3": 0.44197327478902226, "x4": 0.7944602898040599, "x5": 1.1643959718150811, "x6": 3.8781719141007978, "x7": 14.099897650615207, "x8": 0.9214057140285808, "x9": 1.1428494807247618}, "datetime": {"datetime": "2025-05-10 01:49:57", "elapsed": 2708.993383, "delta": 8.833507}}
{"target": 47.36019737611528, "params": {"x0": 1.0156871342403784, "x1": 2.079671305320802, "x2": 0.5612534972828483, "x3": 0.44197327478923987, "x4": 0.7944602898041082, "x5": 1.1643959718180719, "x6": 3.878171914099883, "x7": 14.099897650616683, "x8": 0.9214057140285512, "x9": 1.1428494807247171}, "datetime": {"datetime": "2025-05-10 01:50:05", "elapsed": 2717.752244, "delta": 8.758861}}
{"target": 47.36019737611528, "params": {"x0": 1.0156871342403733, "x1": 2.0796713053205544, "x2": 0.561253497282932, "x3": 0.44197327478901044, "x4": 0.7944602898038517, "x5": 1.1643959718171961, "x6": 3.8781719141003164, "x7": 14.099897650615723, "x8": 0.9214057140285483, "x9": 1.1428494807247196}, "datetime": {"datetime": "2025-05-10 01:50:15", "elapsed": 2726.996849, "delta": 9.244605}}
{"target": 47.36019737611528, "params": {"x0": 1.01568713424036, "x1": 2.0796713053207876, "x2": 0.561253497283096, "x3": 0.44197327478931425, "x4": 0.7944602898040947, "x5": 1.164395971817398, "x6": 3.878171914100448, "x7": 14.099897650616448, "x8": 0.9214057140285737, "x9": 1.142849480724777}, "datetime": {"datetime": "2025-05-10 01:50:25", "elapsed": 2737.015883, "delta": 10.019034}}
{"target": 47.36019737611528, "params": {"x0": 1.0156871342403602, "x1": 2.0796713053205558, "x2": 0.5612534972829938, "x3": 0.44197327478923, "x4": 0.7944602898040277, "x5": 1.1643959718162105, "x6": 3.8781719141004296, "x7": 14.099897650617239, "x8": 0.9214057140285487, "x9": 1.1428494807246878}, "datetime": {"datetime": "2025-05-10 01:50:34", "elapsed": 2746.092751, "delta": 9.076868}}
{"target": 47.36019737611528, "params": {"x0": 1.0156871342403704, "x1": 2.07967130532083, "x2": 0.5612534972832189, "x3": 0.44197327478949305, "x4": 0.7944602898039284, "x5": 1.1643959718163248, "x6": 3.8781719141002404, "x7": 14.099897650617338, "x8": 0.9214057140285806, "x9": 1.1428494807247342}, "datetime": {"datetime": "2025-05-10 01:50:44", "elapsed": 2755.871176, "delta": 9.778425}}
{"target": 47.36019737611528, "params": {"x0": 1.0156871342403726, "x1": 2.0796713053207894, "x2": 0.5612534972828676, "x3": 0.44197327478943227, "x4": 0.7944602898040032, "x5": 1.1643959718172112, "x6": 3.878171914100176, "x7": 14.099897650617125, "x8": 0.9214057140285608, "x9": 1.1428494807247256}, "datetime": {"datetime": "2025-05-10 01:50:53", "elapsed": 2765.523854, "delta": 9.652678}}
{"target": 47.36019737611528, "params": {"x0": 1.0156871342403702, "x1": 2.079671305320805, "x2": 0.5612534972830068, "x3": 0.4419732747895166, "x4": 0.7944602898039358, "x5": 1.1643959718149897, "x6": 3.8781719141006223, "x7": 14.09989765061699, "x8": 0.921405714028569, "x9": 1.1428494807247342}, "datetime": {"datetime": "2025-05-10 01:51:03", "elapsed": 2775.07731, "delta": 9.553456}}
