{"target": 47.04313014514261, "params": {"x0": 1.0153275140595692, "x1": 2.0811183426468407, "x2": 0.5692718681589417, "x3": 0.45429507032909466, "x4": 0.7930885875008115, "x5": 1.223961927675723, "x6": 3.892951369501466, "x7": 14.129031155437124, "x8": 0.9218079716631788, "x9": 1.144468964130383}, "datetime": {"datetime": "2025-05-10 01:19:32", "elapsed": 884.634954, "delta": 7.931935}}
{"target": 47.07314505251323, "params": {"x0": 1.0154356256508041, "x1": 2.0838603315413824, "x2": 0.5662943455540762, "x3": 0.45120692009928764, "x4": 0.7961321409910427, "x5": 1.215072480926558, "x6": 3.886401943661903, "x7": 14.120177398690291, "x8": 0.9214385985491681, "x9": 1.144961129841907}, "datetime": {"datetime": "2025-05-10 01:19:40", "elapsed": 892.202538, "delta": 7.567584}}
{"target": 47.12723110850882, "params": {"x0": 1.015543737242039, "x1": 2.081940939315203, "x2": 0.5642100797306704, "x3": 0.4481187698694806, "x4": 0.7940016535478808, "x5": 1.2061830341773931, "x6": 3.87985251782234, "x7": 14.129031155437124, "x8": 0.9211800373693605, "x9": 1.144468964130383}, "datetime": {"datetime": "2025-05-10 01:19:48", "elapsed": 899.846787, "delta": 7.644249}}
{"target": 47.08890913318116, "params": {"x0": 1.015651848833274, "x1": 2.080597364756877, "x2": 0.5621258139072646, "x3": 0.4450306196396736, "x4": 0.7925103123376674, "x5": 1.215072480926558, "x6": 3.8733030919827773, "x7": 14.12283352571434, "x8": 0.9209214761895529, "x9": 1.1441244481323163}, "datetime": {"datetime": "2025-05-10 01:19:55", "elapsed": 907.482136, "delta": 7.635349}}
{"target": 47.14020870615107, "params": {"x0": 1.0154464368099276, "x1": 2.0807317222127097, "x2": 0.5623342404896051, "x3": 0.45089810507630695, "x4": 0.7953438606370727, "x5": 1.1981825321031447, "x6": 3.8739580345667335, "x7": 14.123453288686619, "x8": 0.9214127424311873, "x9": 1.1441588997321228}, "datetime": {"datetime": "2025-05-10 01:20:03", "elapsed": 915.10404, "delta": 7.621904}}
{"target": 47.19725882931346, "params": {"x0": 1.0155291421772223, "x1": 2.0797038876755907, "x2": 0.5607397771346997, "x3": 0.4485356701505046, "x4": 0.7942029846112595, "x5": 1.1913821053400335, "x6": 3.878968345333999, "x7": 14.11871210194869, "x8": 0.9212149431286345, "x9": 1.1438953449936018}, "datetime": {"datetime": "2025-05-10 01:20:10", "elapsed": 922.692694, "delta": 7.588654}}
{"target": 47.238453586619435, "params": {"x0": 1.0155870359343286, "x1": 2.0786760531384716, "x2": 0.5623342404896051, "x3": 0.446881965702443, "x4": 0.7950015978293288, "x5": 1.1845816785769223, "x6": 3.882475562871085, "x7": 14.11397091521076, "x8": 0.9210764836168476, "x9": 1.1436317902550808}, "datetime": {"datetime": "2025-05-10 01:20:18", "elapsed": 930.449481, "delta": 7.756787}}
{"target": 47.297903604005135, "params": {"x0": 1.015644929691435, "x1": 2.0776482186013525, "x2": 0.563450364838039, "x3": 0.44522826125438136, "x4": 0.7955606270819772, "x5": 1.177781251813811, "x6": 3.878968345333999, "x7": 14.109229728472831, "x8": 0.9212149431286345, "x9": 1.1433682355165597}, "datetime": {"datetime": "2025-05-10 01:20:26", "elapsed": 938.151472, "delta": 7.701991}}
{"target": 47.27366263654663, "params": {"x0": 1.0157028234485412, "x1": 2.0766203840642334, "x2": 0.5645664891864729, "x3": 0.44357455680631974, "x4": 0.7961196563346256, "x5": 1.1709808250507, "x6": 3.876513293058039, "x7": 14.11397091521076, "x8": 0.9213118647868853, "x9": 1.1431046807780387}, "datetime": {"datetime": "2025-05-10 01:20:34", "elapsed": 945.844486, "delta": 7.693014}}
{"target": 47.297903604005135, "params": {"x0": 1.0156970340728306, "x1": 2.076723167517945, "x2": 0.5624458529244486, "x3": 0.44671659525763685, "x4": 0.7950575007545936, "x5": 1.171660867727011, "x6": 3.876758798285635, "x7": 14.104962660408695, "x8": 0.9213021726210603, "x9": 1.1436054347812288}, "datetime": {"datetime": "2025-05-10 01:20:41", "elapsed": 953.566595, "delta": 7.722109}}
{"target": 47.259745764075376, "params": {"x0": 1.0155980357481789, "x1": 2.076815672626286, "x2": 0.5643544255602704, "x3": 0.44388876065145144, "x4": 0.7960134407766224, "x5": 1.183289597491931, "x6": 3.8769797529904713, "x7": 14.105389367215109, "x8": 0.9212934496718177, "x9": 1.1431547561783577}, "datetime": {"datetime": "2025-05-10 01:20:49", "elapsed": 961.222068, "delta": 7.655473}}
{"target": 47.3010799678609, "params": {"x0": 1.0156871342403655, "x1": 2.0783975099789123, "x2": 0.5626367101880307, "x3": 0.44402271071174443, "x4": 0.7951530947567964, "x5": 1.1728237407035031, "x6": 3.8807580784431743, "x7": 14.105773403340882, "x8": 0.9212855990174994, "x9": 1.143176104112178}, "datetime": {"datetime": "2025-05-10 01:20:57", "elapsed": 968.993428, "delta": 7.77136}}
{"target": 47.33602080759836, "params": {"x0": 1.0157230081069564, "x1": 2.079034407649838, "x2": 0.5619451037355238, "x3": 0.44299799275050306, "x4": 0.7948066922803928, "x5": 1.1686098562597413, "x6": 3.8792368053003754, "x7": 14.102835526978724, "x8": 0.9213456565230346, "x9": 1.1430127924184534}, "datetime": {"datetime": "2025-05-10 01:21:04", "elapsed": 976.698569, "delta": 7.705141}}
{"target": 47.36019737611528, "params": {"x0": 1.0156871342403655, "x1": 2.0796713053207636, "x2": 0.5612534972830168, "x3": 0.4419732747892617, "x4": 0.7944602898039892, "x5": 1.1643959718159795, "x6": 3.8781719141004163, "x7": 14.099897650616567, "x8": 0.9214057140285697, "x9": 1.142849480724729}, "datetime": {"datetime": "2025-05-10 01:21:12", "elapsed": 984.485364, "delta": 7.786795}}
{"target": 47.350767562413004, "params": {"x0": 1.0156620225337518, "x1": 2.0803082029916893, "x2": 0.5619451037355238, "x3": 0.4409485568280203, "x4": 0.7941138873275856, "x5": 1.1601820873722177, "x6": 3.877107022900457, "x7": 14.09695977425441, "x8": 0.9213456565230346, "x9": 1.1426861690310044}, "datetime": {"datetime": "2025-05-10 01:21:20", "elapsed": 992.183975, "delta": 7.698611}}
{"target": 47.36019737611528, "params": {"x0": 1.0157097347763178, "x1": 2.0790980974169306, "x2": 0.5606310514757604, "x3": 0.4410510286241444, "x4": 0.7947720520327525, "x5": 1.160603475816594, "x6": 3.8791303161803796, "x7": 14.097253561890625, "x8": 0.9214597657835514, "x9": 1.142996461249081}, "datetime": {"datetime": "2025-05-10 01:21:28", "elapsed": 999.861178, "delta": 7.677203}}
{"target": 47.32726084669079, "params": {"x0": 1.0157074747227226, "x1": 2.0801871924342135, "x2": 0.5606932960564861, "x3": 0.4411432532406562, "x4": 0.7941797037981023, "x5": 1.1609827254165324, "x6": 3.8773093522284494, "x7": 14.102277330469915, "x8": 0.9214543606080532, "x9": 1.1427171982528121}, "datetime": {"datetime": "2025-05-10 01:21:35", "elapsed": 1007.481784, "delta": 7.620606}}
{"target": 47.36019737611528, "params": {"x0": 1.0157054406744868, "x1": 2.079207006918659, "x2": 0.5607493161791391, "x3": 0.4427202941830067, "x4": 0.794207762398691, "x5": 1.1613240500564772, "x6": 3.8789482197851863, "x7": 14.097755938748554, "x8": 0.9213619321070347, "x9": 1.1427304265000038}, "datetime": {"datetime": "2025-05-10 01:21:43", "elapsed": 1015.161782, "delta": 7.679998}}
{"target": 47.36019737611528, "params": {"x0": 1.0157036100310748, "x1": 2.079253436758869, "x2": 0.5607997342895269, "x3": 0.4413009573348912, "x4": 0.7946875644687575, "x5": 1.1616312422324273, "x6": 3.8788705892167092, "x7": 14.097970109935355, "x8": 0.9214451177579513, "x9": 1.1427423319224763}, "datetime": {"datetime": "2025-05-10 01:21:51", "elapsed": 1022.939539, "delta": 7.777757}}
{"target": 47.350767562413004, "params": {"x0": 1.0157019624520038, "x1": 2.0800473870264686, "x2": 0.5616618839771577, "x3": 0.4425783604981951, "x4": 0.7942557426056976, "x5": 1.1619077151907826, "x6": 3.87880072170508, "x7": 14.098162864003477, "x8": 0.9213702506721263, "x9": 1.1427530468027016}, "datetime": {"datetime": "2025-05-10 01:21:58", "elapsed": 1030.641277, "delta": 7.701738}}
{"target": 47.36019737611528, "params": {"x0": 1.01570047963084, "x1": 2.079332831785629, "x2": 0.5608859492582899, "x3": 0.4414286976512216, "x4": 0.7946443822824516, "x5": 1.1621565408533023, "x6": 3.8787378409446136, "x7": 14.098336342664785, "x8": 0.9214376310493688, "x9": 1.1427626901949042}, "datetime": {"datetime": "2025-05-10 01:22:06", "elapsed": 1038.281158, "delta": 7.639881}}
{"target": 47.36019737611528, "params": {"x0": 1.0156991450917925, "x1": 2.0793666791391425, "x2": 0.5609227040607626, "x3": 0.4414831553650256, "x4": 0.794294606573373, "x5": 1.16238048394957, "x6": 3.8776625799406386, "x7": 14.098492473459963, "x8": 0.921434439347289, "x9": 1.1427713692478867}, "datetime": {"datetime": "2025-05-10 01:22:14", "elapsed": 1045.995625, "delta": 7.714467}}
{"target": 47.36019737611528, "params": {"x0": 1.0156979440066498, "x1": 2.0793971417573047, "x2": 0.5609557833829881, "x3": 0.4415321673074492, "x4": 0.7943111748964347, "x5": 1.166209910895748, "x6": 3.8777135133566163, "x7": 14.098632991175624, "x8": 0.921431566815417, "x9": 1.142779180395571}, "datetime": {"datetime": "2025-05-10 01:22:21", "elapsed": 1053.667167, "delta": 7.671542}}
{"target": 47.36019737611528, "params": {"x0": 1.0156968630300214, "x1": 2.079424558113651, "x2": 0.560985554772991, "x3": 0.4415762780556305, "x4": 0.79432608638719, "x5": 1.1627634266441877, "x6": 3.877759353430996, "x7": 14.09875945711972, "x8": 0.9214289815367323, "x9": 1.1427862104284867}, "datetime": {"datetime": "2025-05-10 01:22:29", "elapsed": 1061.266848, "delta": 7.599681}}
{"target": 47.36019737611528, "params": {"x0": 1.0156958901510558, "x1": 2.079449232834362, "x2": 0.5610123490239936, "x3": 0.4416159777289936, "x4": 0.7945810728791084, "x5": 1.162926681161367, "x6": 3.8778006094979385, "x7": 14.098873276469403, "x8": 0.921426654785916, "x9": 1.142792537458111}, "datetime": {"datetime": "2025-05-10 01:22:37", "elapsed": 1069.147584, "delta": 7.880736}}
{"target": 47.36019737611528, "params": {"x0": 1.0156950145599868, "x1": 2.0798711705585253, "x2": 0.5610364638498958, "x3": 0.4416517074350204, "x4": 0.7943515850363819, "x5": 1.1657183334051309, "x6": 3.8778377399581863, "x7": 14.09897571388412, "x8": 0.9214245607101814, "x9": 1.1427982317847727}, "datetime": {"datetime": "2025-05-10 01:22:44", "elapsed": 1076.773761, "delta": 7.626177}}
{"target": 47.36019737611528, "params": {"x0": 1.0156942265280247, "x1": 2.079851184034749, "x2": 0.5610581671932079, "x3": 0.44168386417044453, "x4": 0.7945581240948357, "x5": 1.1632058463857433, "x6": 3.877871157372409, "x7": 14.099067907557364, "x8": 0.9214226760420202, "x9": 1.1428033566787683}, "datetime": {"datetime": "2025-05-10 01:22:52", "elapsed": 1084.458597, "delta": 7.684836}}
{"target": 47.36019737611528, "params": {"x0": 1.0156935172992587, "x1": 2.0798331961633503, "x2": 0.5610777002021888, "x3": 0.44171280523232626, "x4": 0.7943722389422273, "x5": 1.163324858928767, "x6": 3.87790123304521, "x7": 14.099150881863284, "x8": 0.9214209798406752, "x9": 1.1428079690833644}, "datetime": {"datetime": "2025-05-10 01:23:00", "elapsed": 1092.229898, "delta": 7.771301}}
{"target": 47.36019737611528, "params": {"x0": 1.0156928789933695, "x1": 2.079817007079092, "x2": 0.5610952799102716, "x3": 0.4417388521880198, "x4": 0.7943810440284035, "x5": 1.1634319702174882, "x6": 3.8779283011507304, "x7": 14.099225558738613, "x8": 0.9214194532594646, "x9": 1.1428121202475008}, "datetime": {"datetime": "2025-05-10 01:23:08", "elapsed": 1099.910096, "delta": 7.680198}}
{"target": 47.36019737611528, "params": {"x0": 1.015692304518069, "x1": 2.079802436903259, "x2": 0.5611111016475462, "x3": 0.44176229444814397, "x4": 0.7943889686059621, "x5": 1.1635283703773374, "x6": 3.8779526624456993, "x7": 14.099292767926409, "x8": 0.9214180793363752, "x9": 1.1428158562952238}, "datetime": {"datetime": "2025-05-10 01:23:15", "elapsed": 1107.684817, "delta": 7.774721}}
{"target": 47.36019737611528, "params": {"x0": 1.0156917874902986, "x1": 2.0797893237450094, "x2": 0.5611253412110931, "x3": 0.44178339248225573, "x4": 0.7943961007257648, "x5": 1.1636151305212017, "x6": 3.877974587611171, "x7": 14.099353256195425, "x8": 0.9214168428055947, "x9": 1.1428192187381743}, "datetime": {"datetime": "2025-05-10 01:23:23", "elapsed": 1115.327392, "delta": 7.642575}}
{"target": 47.36019737611528, "params": {"x0": 1.0156913221653054, "x1": 2.0797775219025847, "x2": 0.5611381568182856, "x3": 0.44180238071295636, "x4": 0.7944025196335872, "x5": 1.1636932146506793, "x6": 3.8779943202600955, "x7": 14.099407695637538, "x8": 0.9214157299278921, "x9": 1.1428222449368297}, "datetime": {"datetime": "2025-05-10 01:23:31", "elapsed": 1123.041628, "delta": 7.714236}}
{"target": 47.36019737611528, "params": {"x0": 1.0156909033728114, "x1": 2.079766900244403, "x2": 0.5611496908647586, "x3": 0.44181947012058687, "x4": 0.7944082966506274, "x5": 1.1637634903672094, "x6": 3.8780120796441273, "x7": 14.099456691135442, "x8": 0.9214147283379599, "x9": 1.1428249685156195}, "datetime": {"datetime": "2025-05-10 01:23:39", "elapsed": 1131.007091, "delta": 7.965463}}
{"target": 47.36019737611528, "params": {"x0": 1.0156905264595668, "x1": 2.079757340752039, "x2": 0.5611600715065845, "x3": 0.44183485058745436, "x4": 0.7944134959659636, "x5": 1.1638267385120864, "x6": 3.878028063089756, "x7": 14.099500787083555, "x8": 0.9214138269070209, "x9": 1.1428274197365305}, "datetime": {"datetime": "2025-05-10 01:23:46", "elapsed": 1138.695154, "delta": 7.688063}}
{"target": 47.36019737611528, "params": {"x0": 1.0156901872376467, "x1": 2.079748737208911, "x2": 0.5611694140842277, "x3": 0.4418486930076351, "x4": 0.7944181753497661, "x5": 1.1638836618424757, "x6": 3.8780424481908224, "x7": 14.099540473436855, "x8": 0.9214130156191758, "x9": 1.1428296258353503}, "datetime": {"datetime": "2025-05-10 01:23:55", "elapsed": 1146.908637, "delta": 8.213483}}
{"target": 47.36019737611528, "params": {"x0": 1.0156898819379185, "x1": 2.0797409940200966, "x2": 0.5611778224041066, "x3": 0.4418611511857978, "x4": 0.7944223867951885, "x5": 1.163934892839826, "x6": 3.8780553947817817, "x7": 14.099576191154826, "x8": 0.9214122854601151, "x9": 1.1428316113242882}, "datetime": {"datetime": "2025-05-10 01:24:02", "elapsed": 1154.797903, "delta": 7.889266}}
{"target": 47.36019737611528, "params": {"x0": 1.0156896071681631, "x1": 2.079734025150163, "x2": 0.5611853898919976, "x3": 0.4418723635461441, "x4": 0.7944261770960686, "x5": 1.1639810007374414, "x6": 3.878067046713645, "x7": 14.099608337101001, "x8": 0.9214116283169607, "x9": 1.1428333982643324}, "datetime": {"datetime": "2025-05-10 01:24:11", "elapsed": 1163.170243, "delta": 8.37234}}
{"target": 47.36019737611528, "params": {"x0": 1.0156893598753836, "x1": 2.0797277531672234, "x2": 0.5611922006310995, "x3": 0.4418824546704559, "x4": 0.7944295883668606, "x5": 1.1640224978452953, "x6": 3.878077533452322, "x7": 14.099637268452557, "x8": 0.9214110368881215, "x9": 1.142835006510372}, "datetime": {"datetime": "2025-05-10 01:24:19", "elapsed": 1171.188252, "delta": 8.018009}}
{"target": 47.36019737611528, "params": {"x0": 1.0156891373118817, "x1": 2.0797221083825774, "x2": 0.5611983302962913, "x3": 0.4418915366823365, "x4": 0.7944326585105734, "x5": 1.1640598452423636, "x6": 3.8780869715171318, "x7": 14.099663306668958, "x8": 0.9214105046021663, "x9": 1.1428364539318077}, "datetime": {"datetime": "2025-05-10 01:24:27", "elapsed": 1179.229059, "delta": 8.040807}}
{"target": 47.36019737611528, "params": {"x0": 1.01568893700473, "x1": 2.079717028076396, "x2": 0.5612038469949638, "x3": 0.441899710493029, "x4": 0.794435421639915, "x5": 1.1640934578997253, "x6": 3.87809546577546, "x7": 14.099686741063719, "x8": 0.9214100255448067, "x9": 1.1428377566110999}, "datetime": {"datetime": "2025-05-10 01:24:35", "elapsed": 1187.36499, "delta": 8.135931}}
{"target": 47.36019737611528, "params": {"x0": 1.0156887567282935, "x1": 2.079712455800833, "x2": 0.5612088120237692, "x3": 0.44190706692265225, "x4": 0.7944379084563225, "x5": 1.1641237092913508, "x6": 3.878103110607956, "x7": 14.099707832019003, "x8": 0.921409594393183, "x9": 1.1428389290224628}, "datetime": {"datetime": "2025-05-10 01:24:43", "elapsed": 1195.276729, "delta": 7.911739}}
{"target": 47.36019737611528, "params": {"x0": 1.0156885944795009, "x1": 2.0797083407528256, "x2": 0.5612132805496939, "x3": 0.4419136877093132, "x4": 0.7944401465910891, "x5": 1.1641509355438135, "x6": 3.878109990957202, "x7": 14.09972681387876, "x8": 0.9214092063567216, "x9": 1.1428399841926893}, "datetime": {"datetime": "2025-05-10 01:24:51", "elapsed": 1203.386824, "delta": 8.110095}}
{"target": 47.36019737611528, "params": {"x0": 1.0156884484555873, "x1": 2.0797046372096197, "x2": 0.5612173022230261, "x3": 0.4419196464173081, "x4": 0.7944421609123792, "x5": 1.1641754391710302, "x6": 3.878116183271523, "x7": 14.09974389755254, "x8": 0.9214088571239065, "x9": 1.1428409338458934}, "datetime": {"datetime": "2025-05-10 01:24:59", "elapsed": 1211.294317, "delta": 7.907493}}
{"target": 47.36019737611528, "params": {"x0": 1.0156883170340651, "x1": 2.079701304020734, "x2": 0.5612209217290253, "x3": 0.4419250092545034, "x4": 0.7944439738015401, "x5": 1.1641974924355252, "x6": 3.8781217563544126, "x7": 14.099759272858943, "x8": 0.9214085428143728, "x9": 1.142841788533777}, "datetime": {"datetime": "2025-05-10 01:25:07", "elapsed": 1219.437804, "delta": 8.143487}}
{"target": 47.36019737611528, "params": {"x0": 1.015688198754695, "x1": 2.079698304150737, "x2": 0.5612241792844244, "x3": 0.44192983580797923, "x4": 0.794445605401785, "x5": 1.1642173403735705, "x6": 3.878126772129013, "x7": 14.099773110634706, "x8": 0.9214082599357925, "x9": 1.142842557752872}, "datetime": {"datetime": "2025-05-10 01:25:15", "elapsed": 1227.400527, "delta": 7.962723}}
{"target": 47.36019737611528, "params": {"x0": 1.015688092303262, "x1": 2.0796956042677395, "x2": 0.5612271110842836, "x3": 0.4419341797061075, "x4": 0.7944470738420054, "x5": 1.1642352035178114, "x6": 3.8781312863261532, "x7": 14.099785564632892, "x8": 0.9214080053450702, "x9": 1.1428432500500578}, "datetime": {"datetime": "2025-05-10 01:25:23", "elapsed": 1235.23643, "delta": 7.835903}}
{"target": 47.36019737611528, "params": {"x0": 1.0156879964969725, "x1": 2.079693174373042, "x2": 0.561229749704157, "x3": 0.4419380892144229, "x4": 0.7944483954382038, "x5": 1.1642512803476284, "x6": 3.8781353491035797, "x7": 14.09979677323126, "x8": 0.9214077762134202, "x9": 1.1428438731175248}, "datetime": {"datetime": "2025-05-10 01:25:31", "elapsed": 1243.219983, "delta": 7.983553}}
{"target": 47.36019737611528, "params": {"x0": 1.0156879102713119, "x1": 2.079690987467814, "x2": 0.561232124462043, "x3": 0.4419416077719068, "x4": 0.7944495848747823, "x5": 1.1642657494944635, "x6": 3.878139005603263, "x7": 14.09980686096979, "x8": 0.9214075699949351, "x9": 1.1428444338782453}, "datetime": {"datetime": "2025-05-10 01:25:39", "elapsed": 1251.175103, "delta": 7.95512}}
{"target": 47.36019737611528, "params": {"x0": 1.015687832668217, "x1": 2.079689019253109, "x2": 0.5612342617441403, "x3": 0.4419447744736423, "x4": 0.7944506553677031, "x5": 1.164278771726615, "x6": 3.8781422964529786, "x7": 14.099815939934468, "x8": 0.9214073843982986, "x9": 1.1428449385628936}, "datetime": {"datetime": "2025-05-10 01:25:47", "elapsed": 1259.175038, "delta": 7.999935}}
{"target": 47.36019737611528, "params": {"x0": 1.015687762825432, "x1": 2.0796872478598747, "x2": 0.561236185298028, "x3": 0.4419476245052042, "x4": 0.7944516188113316, "x5": 1.1642904917355514, "x6": 3.8781452582177223, "x7": 14.099824111002677, "x8": 0.9214072173613257, "x9": 1.1428453927790772}, "datetime": {"datetime": "2025-05-10 01:25:55", "elapsed": 1267.195215, "delta": 8.020177}}
{"target": 47.36019737611528, "params": {"x0": 1.0156876999669253, "x1": 2.0796856536059636, "x2": 0.5612379164965269, "x3": 0.44195018953361, "x4": 0.7944524859105975, "x5": 1.1643010397435942, "x6": 3.878147923805992, "x7": 14.099831464964067, "x8": 0.9214070670280501, "x9": 1.1428458015736422}, "datetime": {"datetime": "2025-05-10 01:26:03", "elapsed": 1275.302466, "delta": 8.107251}}
{"target": 47.36019737611528, "params": {"x0": 1.0156876433942694, "x1": 2.0796842187774436, "x2": 0.5612394745751759, "x3": 0.44195249805917514, "x4": 0.7944532662999366, "x5": 1.1643105329508328, "x6": 3.878150322835434, "x7": 14.099838083529317, "x8": 0.9214069317281021, "x9": 1.142846169488751}, "datetime": {"datetime": "2025-05-10 01:26:11", "elapsed": 1283.25194, "delta": 7.949474}}
{"target": 47.36019737611528, "params": {"x0": 1.015687592478879, "x1": 2.0796829274317754, "x2": 0.5612408768459599, "x3": 0.4419545757321838, "x4": 0.7944539686503419, "x5": 1.1643190768373475, "x6": 3.878152481961932, "x7": 14.099844040238041, "x8": 0.9214068099581488, "x9": 1.1428465006123487}, "datetime": {"datetime": "2025-05-10 01:26:19", "elapsed": 1291.169469, "delta": 7.917529}}
{"target": 47.36019737611528, "params": {"x0": 1.0156875466550277, "x1": 2.0796817652206743, "x2": 0.5612421388896656, "x3": 0.4419564456378916, "x4": 0.7944546007657066, "x5": 1.1643267663352106, "x6": 3.8781544251757807, "x7": 14.099849401275895, "x8": 0.9214067003651909, "x9": 1.1428467986235868}, "datetime": {"datetime": "2025-05-10 01:26:27", "elapsed": 1299.121402, "delta": 7.951933}}
{"target": 47.36019737611528, "params": {"x0": 1.0156875054135615, "x1": 2.079680719230683, "x2": 0.5612432747290007, "x3": 0.4419581285530286, "x4": 0.7944551696695349, "x5": 1.1643336868832876, "x6": 3.8781561740682444, "x7": 14.099854226209962, "x8": 0.9214066017315288, "x9": 1.142847066833701}, "datetime": {"datetime": "2025-05-10 01:26:35", "elapsed": 1307.443378, "delta": 8.321976}}
{"target": 47.36019737611528, "params": {"x0": 1.0156874682962418, "x1": 2.0796797778396914, "x2": 0.5612442969844024, "x3": 0.4419596431766519, "x4": 0.7944556816829803, "x5": 1.1643399153765568, "x6": 3.8781577480714615, "x7": 14.099858568650623, "x8": 0.9214065129612329, "x9": 1.142847308222804}, "datetime": {"datetime": "2025-05-10 01:26:43", "elapsed": 1315.570122, "delta": 8.126744}}
