{"target": 47.36019737611528, "params": {"x0": 1.0156874348906542, "x1": 2.0796789305877983, "x2": 0.5612452170142638, "x3": 0.44196100633791285, "x4": 0.7944561424950812, "x5": 1.164345521020499, "x6": 3.878159164674357, "x7": 14.099862476847218, "x8": 0.9214064330679665, "x9": 1.1428475254729964}, "datetime": {"datetime": "2025-05-10 01:26:51", "elapsed": 1323.720719, "delta": 8.150597}}
{"target": 47.36019737611528, "params": {"x0": 1.0156874048256253, "x1": 2.079678168061095, "x2": 0.5612460450411391, "x3": 0.4419622331830478, "x4": 0.794456557225972, "x5": 1.164350566100047, "x6": 3.878160439616963, "x7": 14.099865994224151, "x8": 0.9214063611640269, "x9": 1.1428477209981696}, "datetime": {"datetime": "2025-05-10 01:26:59", "elapsed": 1331.665164, "delta": 7.944445}}
{"target": 47.36019737611528, "params": {"x0": 1.0156873777670994, "x1": 2.079677481787062, "x2": 0.5612467902653269, "x3": 0.44196333734366916, "x4": 0.7944569304837737, "x5": 1.1643551066716404, "x6": 3.8781615870653083, "x7": 14.099869159863394, "x8": 0.9214062964504812, "x9": 1.1428478969708256}, "datetime": {"datetime": "2025-05-10 01:27:07", "elapsed": 1339.790433, "delta": 8.125269}}
{"target": 47.36019737611528, "params": {"x0": 1.015687353414426, "x1": 2.079676864140432, "x2": 0.5612474609670959, "x3": 0.4419643310882284, "x4": 0.7944572664157953, "x5": 1.1643591931860742, "x6": 3.878162619768819, "x7": 14.09987200893871, "x8": 0.92140623820829, "x9": 1.142848055346216}, "datetime": {"datetime": "2025-05-10 01:27:16", "elapsed": 1347.875529, "delta": 8.085096}}
{"target": 47.36019737611528, "params": {"x0": 1.0156873314970198, "x1": 2.079676308258465, "x2": 0.5612480645986879, "x3": 0.4419652254583317, "x4": 0.7944575687546146, "x5": 1.1643628710490648, "x6": 3.878163549201979, "x7": 14.099874573106497, "x8": 0.921406185790318, "x9": 1.1428481978840672}, "datetime": {"datetime": "2025-05-10 01:27:24", "elapsed": 1356.044229, "delta": 8.1687}}
{"target": 47.36019737611528, "params": {"x0": 1.0156873117713545, "x1": 2.079675807964695, "x2": 0.5612486078671208, "x3": 0.44196603039142474, "x4": 0.7944578408595521, "x5": 1.1643661811257562, "x6": 3.8781643856918224, "x7": 14.099876880857504, "x8": 0.9214061386141432, "x9": 1.1428483261681333}, "datetime": {"datetime": "2025-05-10 01:27:32", "elapsed": 1364.115832, "delta": 8.071603}}
{"target": 47.36019737611528, "params": {"x0": 1.0156872940182555, "x1": 2.0796753577003018, "x2": 0.5612490968087104, "x3": 0.4419667548312084, "x4": 0.7944580857539958, "x5": 1.1643691601947785, "x6": 3.878165138532682, "x7": 14.09987895783341, "x8": 0.9214060961555859, "x9": 1.142848441623793}, "datetime": {"datetime": "2025-05-10 01:27:40", "elapsed": 1372.15268, "delta": 8.036848}}
{"target": 47.36019737611528, "params": {"x0": 1.0156872780404667, "x1": 2.079674952462348, "x2": 0.5612495368561411, "x3": 0.44196740682701374, "x4": 0.7944583061589952, "x5": 1.1643718413568986, "x6": 3.878165816089455, "x7": 14.099880827111726, "x8": 0.9214060579428842, "x9": 1.1428485455338866}, "datetime": {"datetime": "2025-05-10 01:27:48", "elapsed": 1380.508098, "delta": 8.355418}}
{"target": 47.36019737611528, "params": {"x0": 1.0156872636604564, "x1": 2.0796745877481895, "x2": 0.5612499328988286, "x3": 0.4419679936232385, "x4": 0.7944585045234945, "x5": 1.1643742544028068, "x6": 3.8781664258905515, "x7": 14.09988250946221, "x8": 0.9214060235514527, "x9": 1.1428486390529706}, "datetime": {"datetime": "2025-05-10 01:27:56", "elapsed": 1388.51427, "delta": 8.006172}}
{"target": 47.36019737611528, "params": {"x0": 1.0156872507184473, "x1": 2.079674259505447, "x2": 0.5612502893372474, "x3": 0.44196852173984086, "x4": 0.794458683051544, "x5": 1.164376426144124, "x6": 3.878166974711538, "x7": 14.099884023577646, "x8": 0.9214059925991644, "x9": 1.1428487232201465}, "datetime": {"datetime": "2025-05-10 01:28:04", "elapsed": 1396.547812, "delta": 8.033542}}
{"target": 47.36019737611528, "params": {"x0": 1.015687239070639, "x1": 2.079673964086979, "x2": 0.5612506101318243, "x3": 0.44196899704478293, "x4": 0.7944588437267885, "x5": 1.1643783807113095, "x6": 3.878167468650426, "x7": 14.099885386281537, "x8": 0.921405964742105, "x9": 1.1428487989706049}, "datetime": {"datetime": "2025-05-10 01:28:12", "elapsed": 1404.644711, "delta": 8.096899}}
{"target": 47.36019737611528, "params": {"x0": 1.0156872285876117, "x1": 2.079673698210357, "x2": 0.5612508988469436, "x3": 0.4419694248192308, "x4": 0.7944589883345086, "x5": 1.1643801398217766, "x6": 3.878167913195425, "x7": 14.099886612715041, "x8": 0.9214059396707515, "x9": 1.1428488671460173}, "datetime": {"datetime": "2025-05-10 01:28:20", "elapsed": 1412.733856, "delta": 8.089145}}
{"target": 47.36019737611528, "params": {"x0": 1.0156872191528872, "x1": 2.079673458921398, "x2": 0.5612511586905509, "x3": 0.4419698098162339, "x4": 0.7944591184814567, "x5": 1.1643817230211968, "x6": 3.878168313285924, "x7": 14.099887716505194, "x8": 0.9214059171065333, "x9": 1.1428489285038883}, "datetime": {"datetime": "2025-05-10 01:28:28", "elapsed": 1420.791151, "delta": 8.057295}}
{"target": 47.36019737611528, "params": {"x0": 1.015687210661635, "x1": 2.0796732435613343, "x2": 0.5612513925497975, "x3": 0.4419701563135367, "x4": 0.7944592356137099, "x5": 1.1643831479006752, "x6": 3.878168673367373, "x7": 14.09988870991633, "x8": 0.921405896798737, "x9": 1.1428489837259723}, "datetime": {"datetime": "2025-05-10 01:28:37", "elapsed": 1429.159874, "delta": 8.368723}}
{"target": 47.36019737611528, "params": {"x0": 1.015687203019508, "x1": 2.0796730497372775, "x2": 0.5612516030231194, "x3": 0.4419704681611092, "x4": 0.7944593410327379, "x5": 1.1643844302922055, "x6": 3.8781689974406777, "x7": 14.099889603986353, "x8": 0.9214058785217202, "x9": 1.142849033425848}, "datetime": {"datetime": "2025-05-10 01:28:45", "elapsed": 1437.155359, "delta": 7.995485}}
{"target": 47.36019737611528, "params": {"x0": 1.0156871961415939, "x1": 2.079672875295626, "x2": 0.5612517924491092, "x3": 0.44197074882392445, "x4": 0.794459435909863, "x5": 1.164385584444583, "x6": 3.8781692891066513, "x7": 14.099890408649376, "x8": 0.9214058620724052, "x9": 1.142849078155736}, "datetime": {"datetime": "2025-05-10 01:28:53", "elapsed": 1445.323181, "delta": 8.167822}}
{"target": 47.36019737611528, "params": {"x0": 1.015687189951471, "x1": 2.0796727182981396, "x2": 0.5612519629324999, "x3": 0.44197100142045814, "x4": 0.7944595212992756, "x5": 1.1643866231817226, "x6": 3.8781695516060277, "x7": 14.099891132846095, "x8": 0.9214058472680217, "x9": 1.1428491184126355}, "datetime": {"datetime": "2025-05-10 01:29:01", "elapsed": 1453.522077, "delta": 8.198896}}
{"target": 47.36019737611528, "params": {"x0": 1.0156871843803603, "x1": 2.079672577000402, "x2": 0.5612521163675516, "x3": 0.4419712287573385, "x4": 0.794459598149747, "x5": 1.1643875580451484, "x6": 3.878169787855467, "x7": 14.099891784623143, "x8": 0.9214058339440765, "x9": 1.1428491546438448}, "datetime": {"datetime": "2025-05-10 01:29:09", "elapsed": 1461.673787, "delta": 8.15171}}
{"target": 47.36019737611528, "params": {"x0": 1.0156871793663609, "x1": 2.0796724498324384, "x2": 0.5612522544590981, "x3": 0.44197143336053085, "x4": 0.7944596673151711, "x5": 1.1643883994222315, "x6": 3.8781700004799617, "x7": 14.099892371222484, "x8": 0.9214058219525257, "x9": 1.1428491872519333}, "datetime": {"datetime": "2025-05-10 01:29:17", "elapsed": 1469.831463, "delta": 8.157676}}
{"target": 47.36019737611528, "params": {"x0": 1.0156871748537615, "x1": 2.0796723353812707, "x2": 0.56125237874149, "x3": 0.4419716175034039, "x4": 0.794459729564053, "x5": 1.1643891566616063, "x6": 3.878170191842007, "x7": 14.099892899161892, "x8": 0.9214058111601302, "x9": 1.1428492165992128}, "datetime": {"datetime": "2025-05-10 01:29:26", "elapsed": 1477.948174, "delta": 8.116711}}
{"target": 47.36019737611528, "params": {"x0": 1.0156871359407886, "x1": 2.079672187676949, "x2": 0.5612530341237472, "x3": 0.4419718747424126, "x4": 0.7944598541080069, "x5": 1.1643934697840879, "x6": 3.8781705487650644, "x7": 14.099893587961862, "x8": 0.9214057141434856, "x9": 1.1428494034152146}, "datetime": {"datetime": "2025-05-10 01:29:34", "elapsed": 1485.866192, "delta": 7.918018}}
{"target": 47.36019737611528, "params": {"x0": 1.015687167137216, "x1": 2.0796721396697744, "x2": 0.5612525912643801, "x3": 0.44197193238771687, "x4": 0.7944598360096409, "x5": 1.1643904515409371, "x6": 3.8781705190711047, "x7": 14.099893801938281, "x8": 0.9214057927051337, "x9": 1.1428492667830608}, "datetime": {"datetime": "2025-05-10 01:29:42", "elapsed": 1494.172799, "delta": 8.306607}}
{"target": 47.36019737611528, "params": {"x0": 1.015687142372197, "x1": 2.079671844509995, "x2": 0.561252726341158, "x3": 0.44197232639037265, "x4": 0.7944600290507982, "x5": 1.1643941157103246, "x6": 3.878170772994082, "x7": 14.099894248372854, "x8": 0.9214057198892913, "x9": 1.1428494231901243}, "datetime": {"datetime": "2025-05-10 01:29:50", "elapsed": 1502.371416, "delta": 8.198617}}
{"target": 47.36019737611528, "params": {"x0": 1.015687126824157, "x1": 2.079671785297844, "x2": 0.5612529670279628, "x3": 0.44197223182398215, "x4": 0.7944601947405378, "x5": 1.1643926482032338, "x6": 3.878172602459819, "x7": 14.099894927489244, "x8": 0.9214057589159876, "x9": 1.1428493318897697}, "datetime": {"datetime": "2025-05-10 01:29:58", "elapsed": 1510.600999, "delta": 8.229583}}
{"target": 47.36019737611528, "params": {"x0": 1.0156871117360888, "x1": 2.0796718737548265, "x2": 0.5612533650250364, "x3": 0.44197232450355733, "x4": 0.7944601865221653, "x5": 1.164393684534386, "x6": 3.8781709442647294, "x7": 14.099895145512734, "x8": 0.9214057473703776, "x9": 1.1428494145719736}, "datetime": {"datetime": "2025-05-10 01:30:07", "elapsed": 1518.840785, "delta": 8.239786}}
{"target": 47.36019737611528, "params": {"x0": 1.0156871366179423, "x1": 2.0796717192170617, "x2": 0.5612535470000797, "x3": 0.4419725729657666, "x4": 0.7944601356388168, "x5": 1.1643929770870423, "x6": 3.8781716309013268, "x7": 14.09989535648342, "x8": 0.9214056870673508, "x9": 1.1428493460726357}, "datetime": {"datetime": "2025-05-10 01:30:15", "elapsed": 1527.069, "delta": 8.228215}}
{"target": 47.36019737611528, "params": {"x0": 1.0156871303032435, "x1": 2.0796717970503633, "x2": 0.5612532495317563, "x3": 0.4419726443949625, "x4": 0.7944600346193804, "x5": 1.1643942046364828, "x6": 3.8781713852707567, "x7": 14.099895527506819, "x8": 0.921405759461388, "x9": 1.1428493760263467}, "datetime": {"datetime": "2025-05-10 01:30:23", "elapsed": 1535.319121, "delta": 8.250121}}
{"target": 47.36019737611528, "params": {"x0": 1.0156871199778696, "x1": 2.0796717067418, "x2": 0.5612530698006287, "x3": 0.44197262224550876, "x4": 0.794460145941123, "x5": 1.1643937797094992, "x6": 3.8781712787402083, "x7": 14.09989624597343, "x8": 0.9214057253384844, "x9": 1.1428494014305393}, "datetime": {"datetime": "2025-05-10 01:30:31", "elapsed": 1543.575205, "delta": 8.256084}}
{"target": 47.36019737611528, "params": {"x0": 1.015687135645657, "x1": 2.0796716193467573, "x2": 0.5612531003727247, "x3": 0.4419727482925217, "x4": 0.7944601306890196, "x5": 1.1643933979162686, "x6": 3.878172355825378, "x7": 14.09989584122374, "x8": 0.9214057285144713, "x9": 1.1428494048446167}, "datetime": {"datetime": "2025-05-10 01:30:39", "elapsed": 1551.670618, "delta": 8.095413}}
{"target": 47.36019737611528, "params": {"x0": 1.0156871345437255, "x1": 2.0796716574639764, "x2": 0.5612531325118479, "x3": 0.4419727062002199, "x4": 0.7944601952904139, "x5": 1.1643941032101934, "x6": 3.878171607573798, "x7": 14.099896364022772, "x8": 0.9214057085028046, "x9": 1.142849443178828}, "datetime": {"datetime": "2025-05-10 01:30:48", "elapsed": 1560.443506, "delta": 8.772888}}
{"target": 47.36019737611528, "params": {"x0": 1.0156871289355411, "x1": 2.0796715911636543, "x2": 0.5612532201897249, "x3": 0.44197277682439284, "x4": 0.7944601182890559, "x5": 1.1643946368592137, "x6": 3.878171612769433, "x7": 14.099896696553277, "x8": 0.9214056950051719, "x9": 1.142849417079122}, "datetime": {"datetime": "2025-05-10 01:30:56", "elapsed": 1568.62606, "delta": 8.182554}}
{"target": 47.36019737611528, "params": {"x0": 1.0156871296284828, "x1": 2.079671478577965, "x2": 0.5612532272374536, "x3": 0.44197282540212607, "x4": 0.7944601396695903, "x5": 1.164394109873175, "x6": 3.8781718574007096, "x7": 14.09989636736665, "x8": 0.9214057205935059, "x9": 1.1428494527748667}, "datetime": {"datetime": "2025-05-10 01:31:04", "elapsed": 1576.743358, "delta": 8.117298}}
{"target": 47.36019737611528, "params": {"x0": 1.0156871340261835, "x1": 2.079671522317634, "x2": 0.5612533459513986, "x3": 0.44197293421655515, "x4": 0.7944602866261833, "x5": 1.1643945083368539, "x6": 3.8781720646996756, "x7": 14.099896586897275, "x8": 0.9214057357590335, "x9": 1.142849415123036}, "datetime": {"datetime": "2025-05-10 01:31:13", "elapsed": 1584.918868, "delta": 8.17551}}
{"target": 47.36019737611528, "params": {"x0": 1.015687128058842, "x1": 2.0796714069031585, "x2": 0.5612532833260372, "x3": 0.44197295314102236, "x4": 0.7944601917690848, "x5": 1.1643950366396738, "x6": 3.878171681121242, "x7": 14.099896701590271, "x8": 0.921405711471779, "x9": 1.1428494346245746}, "datetime": {"datetime": "2025-05-10 01:31:21", "elapsed": 1593.017305, "delta": 8.098437}}
{"target": 47.36019737611528, "params": {"x0": 1.0156871420173597, "x1": 2.0796714713137856, "x2": 0.5612532949236306, "x3": 0.4419729668402862, "x4": 0.794460177009858, "x5": 1.1643951865069797, "x6": 3.878171984409535, "x7": 14.099896791993155, "x8": 0.9214057162343842, "x9": 1.1428494276164876}, "datetime": {"datetime": "2025-05-10 01:31:29", "elapsed": 1601.292911, "delta": 8.275606}}
{"target": 47.36019737611528, "params": {"x0": 1.0156871371356344, "x1": 2.079671363478406, "x2": 0.5612533074434825, "x3": 0.44197299675244234, "x4": 0.7944602422409512, "x5": 1.164394783865503, "x6": 3.878171613944474, "x7": 14.099896931056792, "x8": 0.9214057006177815, "x9": 1.142849466370204}, "datetime": {"datetime": "2025-05-10 01:31:37", "elapsed": 1609.574909, "delta": 8.281998}}
{"target": 47.36019737611528, "params": {"x0": 1.0156871364158027, "x1": 2.079671414484237, "x2": 0.5612533827920654, "x3": 0.4419730423970837, "x4": 0.7944601995251136, "x5": 1.1643950692969578, "x6": 3.8781719210100802, "x7": 14.099896999417268, "x8": 0.9214057028913878, "x9": 1.142849452491288}, "datetime": {"datetime": "2025-05-10 01:31:46", "elapsed": 1618.08071, "delta": 8.505801}}
{"target": 47.36019737611528, "params": {"x0": 1.0156871368552696, "x1": 2.0796714021687888, "x2": 0.5612533930307635, "x3": 0.441973142473018, "x4": 0.7944602446231429, "x5": 1.1643949985111668, "x6": 3.878171723860606, "x7": 14.099896950068132, "x8": 0.9214057025211859, "x9": 1.1428494482076033}, "datetime": {"datetime": "2025-05-10 01:31:54", "elapsed": 1626.427989, "delta": 8.347279}}
{"target": 47.36019737611528, "params": {"x0": 1.0156871315725058, "x1": 2.079671430176016, "x2": 0.5612533670326774, "x3": 0.4419730647854835, "x4": 0.7944602330907032, "x5": 1.1643952322279583, "x6": 3.8781721316192734, "x7": 14.099897154660532, "x8": 0.9214057164568632, "x9": 1.1428494626519767}, "datetime": {"datetime": "2025-05-10 01:32:03", "elapsed": 1634.855274, "delta": 8.427285}}
{"target": 47.36019737611528, "params": {"x0": 1.0156871347595628, "x1": 2.079671429697897, "x2": 0.5612534318559075, "x3": 0.4419731039769768, "x4": 0.7944602478002711, "x5": 1.1643953029134624, "x6": 3.87817181794529, "x7": 14.099897306810014, "x8": 0.9214057209242951, "x9": 1.1428494655987742}, "datetime": {"datetime": "2025-05-10 01:32:11", "elapsed": 1643.188776, "delta": 8.333502}}
{"target": 47.36019737611528, "params": {"x0": 1.0156871362744166, "x1": 2.0796713694129134, "x2": 0.5612534486914453, "x3": 0.4419731036329175, "x4": 0.7944602473003899, "x5": 1.1643952446358934, "x6": 3.8781719402920527, "x7": 14.099897198431965, "x8": 0.9214057102452563, "x9": 1.1428494575992543}, "datetime": {"datetime": "2025-05-10 01:32:19", "elapsed": 1651.396872, "delta": 8.208096}}
{"target": 47.36019737611528, "params": {"x0": 1.0156871323378716, "x1": 2.079671404827198, "x2": 0.5612534011637016, "x3": 0.4419731166231281, "x4": 0.7944602829790065, "x5": 1.1643954447418203, "x6": 3.87817199243065, "x7": 14.09989725689876, "x8": 0.9214057208398977, "x9": 1.142849459235984}, "datetime": {"datetime": "2025-05-10 01:32:28", "elapsed": 1659.94751, "delta": 8.550638}}
{"target": 47.36019737611528, "params": {"x0": 1.0156871369325637, "x1": 2.0796713963377194, "x2": 0.5612534477806316, "x3": 0.44197319830433035, "x4": 0.7944602404237114, "x5": 1.164395392645462, "x6": 3.878171785735104, "x7": 14.099897233503082, "x8": 0.9214057123170741, "x9": 1.1428494702106928}, "datetime": {"datetime": "2025-05-10 01:32:36", "elapsed": 1668.327705, "delta": 8.380195}}
{"target": 47.36019737611528, "params": {"x0": 1.0156871352713301, "x1": 2.079671383225372, "x2": 0.5612535382024829, "x3": 0.4419731430394761, "x4": 0.7944602577995176, "x5": 1.1643955457447024, "x6": 3.8781717774183213, "x7": 14.099897280004882, "x8": 0.921405718187611, "x9": 1.142849460722447}, "datetime": {"datetime": "2025-05-10 01:32:44", "elapsed": 1676.549999, "delta": 8.222294}}
{"target": 47.36019737611528, "params": {"x0": 1.0156871365682372, "x1": 2.0796713006556535, "x2": 0.5612534300510685, "x3": 0.4419731585193669, "x4": 0.7944602603895472, "x5": 1.1643956458592652, "x6": 3.878171814737338, "x7": 14.099897352333901, "x8": 0.9214057200599078, "x9": 1.1428494654390626}, "datetime": {"datetime": "2025-05-10 01:32:52", "elapsed": 1684.750983, "delta": 8.200984}}
{"target": 47.36019737611528, "params": {"x0": 1.0156871348803538, "x1": 2.079671334490276, "x2": 0.5612534987847821, "x3": 0.4419731683019936, "x4": 0.7944602570108442, "x5": 1.1643956683166077, "x6": 3.878171859138839, "x7": 14.099897374925114, "x8": 0.921405718162218, "x9": 1.1428494646412086}, "datetime": {"datetime": "2025-05-10 01:33:01", "elapsed": 1693.284859, "delta": 8.533876}}
{"target": 47.36019737611528, "params": {"x0": 1.0156871351689793, "x1": 2.0796713588118814, "x2": 0.5612534799790944, "x3": 0.441973181720745, "x4": 0.7944602615922699, "x5": 1.1643956474865935, "x6": 3.878171855839648, "x7": 14.099897378150752, "x8": 0.9214057169459254, "x9": 1.1428494685277237}, "datetime": {"datetime": "2025-05-10 01:33:09", "elapsed": 1701.56329, "delta": 8.278431}}
{"target": 47.36019737611528, "params": {"x0": 1.0156871358620678, "x1": 2.0796713420469817, "x2": 0.5612534925126073, "x3": 0.4419732051913541, "x4": 0.7944602784872044, "x5": 1.164395628262399, "x6": 3.878171917091905, "x7": 14.099897407097988, "x8": 0.9214057146761028, "x9": 1.1428494692200597}, "datetime": {"datetime": "2025-05-10 01:33:18", "elapsed": 1710.021896, "delta": 8.458606}}
{"target": 47.36019737611528, "params": {"x0": 1.0156871357068673, "x1": 2.079671352780236, "x2": 0.5612534723052197, "x3": 0.44197322025180136, "x4": 0.7944602763034002, "x5": 1.1643958395782164, "x6": 3.878171858202983, "x7": 14.09989745789106, "x8": 0.921405718453704, "x9": 1.142849469783487}, "datetime": {"datetime": "2025-05-10 01:33:26", "elapsed": 1718.291673, "delta": 8.269777}}
{"target": 47.36019737611528, "params": {"x0": 1.0156871355158106, "x1": 2.0796713458911533, "x2": 0.561253476581177, "x3": 0.44197323870925115, "x4": 0.7944602662077231, "x5": 1.1643959044931351, "x6": 3.8781718672427212, "x7": 14.099897459765836, "x8": 0.9214057140020475, "x9": 1.14284946956964}, "datetime": {"datetime": "2025-05-10 01:33:34", "elapsed": 1726.493327, "delta": 8.201654}}
{"target": 47.36019737611528, "params": {"x0": 1.0156871339902167, "x1": 2.0796713440498458, "x2": 0.5612534916107192, "x3": 0.4419732116378046, "x4": 0.7944602761820329, "x5": 1.1643957631008994, "x6": 3.87817187024074, "x7": 14.099897485853665, "x8": 0.9214057166656224, "x9": 1.1428494787555539}, "datetime": {"datetime": "2025-05-10 01:33:42", "elapsed": 1734.742984, "delta": 8.249657}}
{"target": 47.36019737611528, "params": {"x0": 1.0156871352341015, "x1": 2.0796713315870536, "x2": 0.5612534861111336, "x3": 0.441973231094559, "x4": 0.7944602815685331, "x5": 1.1643958519073883, "x6": 3.8781718619027545, "x7": 14.099897513718405, "x8": 0.9214057161934559, "x9": 1.1428494730070735}, "datetime": {"datetime": "2025-05-10 01:33:51", "elapsed": 1743.117637, "delta": 8.374653}}
{"target": 47.36019737611528, "params": {"x0": 1.0156871350249619, "x1": 2.079671333678646, "x2": 0.5612534740492998, "x3": 0.44197322450416854, "x4": 0.7944602840502935, "x5": 1.1643958040352738, "x6": 3.8781719556282255, "x7": 14.09989751887362, "x8": 0.9214057170050594, "x9": 1.1428494747675277}, "datetime": {"datetime": "2025-05-10 01:33:59", "elapsed": 1751.302247, "delta": 8.18461}}
{"target": 47.36019737611528, "params": {"x0": 1.015687135060128, "x1": 2.0796713269357863, "x2": 0.5612534805990115, "x3": 0.441973237375279, "x4": 0.7944602783946793, "x5": 1.1643958573359687, "x6": 3.878171907094023, "x7": 14.099897521084793, "x8": 0.9214057128912374, "x9": 1.1428494757956364}, "datetime": {"datetime": "2025-05-10 01:34:07", "elapsed": 1759.674053, "delta": 8.371806}}
{"target": 47.36019737611528, "params": {"x0": 1.0156871349550152, "x1": 2.0796713071712314, "x2": 0.5612534772421264, "x3": 0.44197323621469214, "x4": 0.7944602758783655, "x5": 1.1643959113751678, "x6": 3.8781718892400634, "x7": 14.099897540613549, "x8": 0.9214057160211893, "x9": 1.1428494758851118}, "datetime": {"datetime": "2025-05-10 01:34:16", "elapsed": 1767.988923, "delta": 8.31487}}
{"target": 47.36019737611528, "params": {"x0": 1.0156871348185783, "x1": 2.0796713049515767, "x2": 0.5612534750926196, "x3": 0.44197325307071067, "x4": 0.7944602778589691, "x5": 1.164395844313913, "x6": 3.878171891977488, "x7": 14.099897546689252, "x8": 0.921405712574755, "x9": 1.1428494755560505}, "datetime": {"datetime": "2025-05-10 01:34:24", "elapsed": 1776.560508, "delta": 8.571585}}
