{"target": 47.36019737611528, "params": {"x0": 1.0156871342403655, "x1": 2.079671305320764, "x2": 0.5612534972830165, "x3": 0.441973274789262, "x4": 0.7944602898039892, "x5": 1.164395971815979, "x6": 3.8781719141004154, "x7": 14.099897650616567, "x8": 0.9214057140285697, "x9": 1.142849480724729}, "datetime": {"datetime": "2025-05-10 02:00:19", "elapsed": 3331.136112, "delta": 10.073399}}
{"target": 47.36019737611528, "params": {"x0": 1.0156871342403655, "x1": 2.0796713053207636, "x2": 0.5612534972830164, "x3": 0.4419732747892615, "x4": 0.7944602898039893, "x5": 1.1643959718159818, "x6": 3.878171914100416, "x7": 14.099897650616567, "x8": 0.9214057140285697, "x9": 1.142849480724729}, "datetime": {"datetime": "2025-05-10 02:00:29", "elapsed": 3341.23804, "delta": 10.101928}}
{"target": 47.36019737611528, "params": {"x0": 1.0156871342403655, "x1": 2.079671305320764, "x2": 0.561253497283017, "x3": 0.44197327478926224, "x4": 0.7944602898039893, "x5": 1.1643959718159802, "x6": 3.8781719141004163, "x7": 14.099897650616565, "x8": 0.9214057140285697, "x9": 1.142849480724729}, "datetime": {"datetime": "2025-05-10 02:00:39", "elapsed": 3351.772657, "delta": 10.534617}}
{"target": 47.36019737611528, "params": {"x0": 1.0156871342403655, "x1": 2.079671305320764, "x2": 0.561253497283017, "x3": 0.4419732747892622, "x4": 0.7944602898039891, "x5": 1.164395971815979, "x6": 3.8781719141004163, "x7": 14.099897650616565, "x8": 0.9214057140285697, "x9": 1.142849480724729}, "datetime": {"datetime": "2025-05-10 02:00:49", "elapsed": 3361.822063, "delta": 10.049406}}
{"target": 47.36019737611528, "params": {"x0": 1.0156871342403655, "x1": 2.079671305320764, "x2": 0.5612534972830169, "x3": 0.441973274789262, "x4": 0.7944602898039891, "x5": 1.164395971815981, "x6": 3.8781719141004163, "x7": 14.099897650616567, "x8": 0.9214057140285697, "x9": 1.142849480724729}, "datetime": {"datetime": "2025-05-10 02:00:59", "elapsed": 3371.645056, "delta": 9.822993}}
{"target": 47.36019737611528, "params": {"x0": 1.0156871342403655, "x1": 2.0796713053207636, "x2": 0.561253497283017, "x3": 0.4419732747892618, "x4": 0.7944602898039891, "x5": 1.1643959718159784, "x6": 3.878171914100416, "x7": 14.099897650616569, "x8": 0.9214057140285697, "x9": 1.142849480724729}, "datetime": {"datetime": "2025-05-10 02:01:09", "elapsed": 3381.439723, "delta": 9.794667}}
{"target": 47.36019737611528, "params": {"x0": 1.0156871342403655, "x1": 2.0796713053207636, "x2": 0.5612534972830167, "x3": 0.441973274789262, "x4": 0.7944602898039893, "x5": 1.1643959718159802, "x6": 3.8781719141004167, "x7": 14.099897650616569, "x8": 0.9214057140285697, "x9": 1.142849480724729}, "datetime": {"datetime": "2025-05-10 02:01:19", "elapsed": 3391.669312, "delta": 10.229589}}
{"target": 47.36019737611528, "params": {"x0": 1.0156871342403655, "x1": 2.0796713053207636, "x2": 0.5612534972830168, "x3": 0.4419732747892615, "x4": 0.7944602898039893, "x5": 1.1643959718159789, "x6": 3.8781719141004163, "x7": 14.099897650616565, "x8": 0.9214057140285697, "x9": 1.142849480724729}, "datetime": {"datetime": "2025-05-10 02:01:30", "elapsed": 3402.576604, "delta": 10.907292}}
{"target": 47.36019737611528, "params": {"x0": 1.0156871342403655, "x1": 2.0796713053207636, "x2": 0.5612534972830167, "x3": 0.44197327478926157, "x4": 0.7944602898039891, "x5": 1.1643959718159789, "x6": 3.8781719141004167, "x7": 14.099897650616567, "x8": 0.9214057140285697, "x9": 1.142849480724729}, "datetime": {"datetime": "2025-05-10 02:01:40", "elapsed": 3412.513649, "delta": 9.937045}}
{"target": 47.36019737611528, "params": {"x0": 1.0156871342403655, "x1": 2.0796713053207636, "x2": 0.5612534972830167, "x3": 0.44197327478926174, "x4": 0.7944602898039892, "x5": 1.1643959718159786, "x6": 3.878171914100416, "x7": 14.099897650616567, "x8": 0.9214057140285697, "x9": 1.142849480724729}, "datetime": {"datetime": "2025-05-10 02:01:51", "elapsed": 3423.034958, "delta": 10.521309}}
{"target": 47.36019737611528, "params": {"x0": 1.0156871342403655, "x1": 2.0796713053207636, "x2": 0.5612534972830169, "x3": 0.4419732747892616, "x4": 0.7944602898039893, "x5": 1.1643959718159795, "x6": 3.8781719141004167, "x7": 14.099897650616567, "x8": 0.9214057140285697, "x9": 1.142849480724729}, "datetime": {"datetime": "2025-05-10 02:02:01", "elapsed": 3433.172651, "delta": 10.137693}}
{"target": 47.36019737611528, "params": {"x0": 1.0156871342403655, "x1": 2.0796713053207636, "x2": 0.5612534972830168, "x3": 0.44197327478926185, "x4": 0.7944602898039893, "x5": 1.16439597181598, "x6": 3.8781719141004167, "x7": 14.099897650616567, "x8": 0.9214057140285697, "x9": 1.142849480724729}, "datetime": {"datetime": "2025-05-10 02:02:11", "elapsed": 3442.935125, "delta": 9.762474}}
{"target": 47.36019737611528, "params": {"x0": 1.0156871342403655, "x1": 2.0796713053207636, "x2": 0.5612534972830169, "x3": 0.4419732747892615, "x4": 0.7944602898039892, "x5": 1.1643959718159798, "x6": 3.8781719141004163, "x7": 14.099897650616567, "x8": 0.9214057140285697, "x9": 1.142849480724729}, "datetime": {"datetime": "2025-05-10 02:02:21", "elapsed": 3453.109804, "delta": 10.174679}}
{"target": 47.36019737611528, "params": {"x0": 1.0156871342403655, "x1": 2.0796713053207636, "x2": 0.5612534972830167, "x3": 0.44197327478926185, "x4": 0.7944602898039891, "x5": 1.1643959718159789, "x6": 3.8781719141004163, "x7": 14.099897650616567, "x8": 0.9214057140285697, "x9": 1.142849480724729}, "datetime": {"datetime": "2025-05-10 02:02:31", "elapsed": 3463.364958, "delta": 10.255154}}
{"target": 47.36019737611528, "params": {"x0": 1.0156871342403655, "x1": 2.0796713053207636, "x2": 0.5612534972830168, "x3": 0.4419732747892618, "x4": 0.7944602898039892, "x5": 1.1643959718159793, "x6": 3.8781719141004163, "x7": 14.099897650616567, "x8": 0.9214057140285697, "x9": 1.142849480724729}, "datetime": {"datetime": "2025-05-10 02:02:41", "elapsed": 3473.389613, "delta": 10.024655}}
{"target": 47.36019737611528, "params": {"x0": 1.0156871342403655, "x1": 2.0796713053207636, "x2": 0.5612534972830169, "x3": 0.44197327478926157, "x4": 0.7944602898039892, "x5": 1.1643959718159789, "x6": 3.8781719141004163, "x7": 14.099897650616567, "x8": 0.9214057140285697, "x9": 1.142849480724729}, "datetime": {"datetime": "2025-05-10 02:02:52", "elapsed": 3484.161751, "delta": 10.772138}}
{"target": 47.36019737611528, "params": {"x0": 1.0156871342403655, "x1": 2.0796713053207636, "x2": 0.5612534972830169, "x3": 0.4419732747892617, "x4": 0.7944602898039892, "x5": 1.1643959718159798, "x6": 3.8781719141004163, "x7": 14.099897650616567, "x8": 0.9214057140285697, "x9": 1.142849480724729}, "datetime": {"datetime": "2025-05-10 02:03:02", "elapsed": 3494.602998, "delta": 10.441247}}
{"target": 47.36019737611528, "params": {"x0": 1.0156871342403655, "x1": 2.0796713053207636, "x2": 0.5612534972830169, "x3": 0.44197327478926174, "x4": 0.7944602898039892, "x5": 1.16439597181598, "x6": 3.8781719141004163, "x7": 14.099897650616567, "x8": 0.9214057140285697, "x9": 1.142849480724729}, "datetime": {"datetime": "2025-05-10 02:03:12", "elapsed": 3504.57262, "delta": 9.969622}}
{"target": 47.36019737611528, "params": {"x0": 1.0156871342403655, "x1": 2.0796713053207636, "x2": 0.5612534972830167, "x3": 0.4419732747892617, "x4": 0.7944602898039892, "x5": 1.1643959718159795, "x6": 3.8781719141004163, "x7": 14.099897650616567, "x8": 0.9214057140285697, "x9": 1.142849480724729}, "datetime": {"datetime": "2025-05-10 02:03:24", "elapsed": 3516.462145, "delta": 11.889525}}
{"target": 47.36019737611528, "params": {"x0": 1.0156871342403655, "x1": 2.0796713053207636, "x2": 0.5612534972830168, "x3": 0.4419732747892617, "x4": 0.7944602898039892, "x5": 1.1643959718159798, "x6": 3.8781719141004163, "x7": 14.099897650616567, "x8": 0.9214057140285697, "x9": 1.142849480724729}, "datetime": {"datetime": "2025-05-10 02:03:35", "elapsed": 3527.440218, "delta": 10.978073}}
{"target": 47.36019737611528, "params": {"x0": 1.0156871342403655, "x1": 2.0796713053207636, "x2": 0.5612534972830169, "x3": 0.44197327478926174, "x4": 0.7944602898039892, "x5": 1.16439597181598, "x6": 3.8781719141004163, "x7": 14.099897650616567, "x8": 0.9214057140285697, "x9": 1.142849480724729}, "datetime": {"datetime": "2025-05-10 02:03:45", "elapsed": 3537.637945, "delta": 10.197727}}
{"target": 47.36019737611528, "params": {"x0": 1.0156871342403655, "x1": 2.0796713053207636, "x2": 0.5612534972830168, "x3": 0.44197327478926174, "x4": 0.7944602898039892, "x5": 1.1643959718159798, "x6": 3.8781719141004163, "x7": 14.099897650616567, "x8": 0.9214057140285697, "x9": 1.142849480724729}, "datetime": {"datetime": "2025-05-10 02:03:55", "elapsed": 3547.499316, "delta": 9.861371}}
{"target": 47.36019737611528, "params": {"x0": 1.0156871342403655, "x1": 2.0796713053207636, "x2": 0.5612534972830168, "x3": 0.4419732747892617, "x4": 0.7944602898039892, "x5": 1.1643959718159793, "x6": 3.8781719141004163, "x7": 14.099897650616567, "x8": 0.9214057140285697, "x9": 1.142849480724729}, "datetime": {"datetime": "2025-05-10 02:04:06", "elapsed": 3557.983832, "delta": 10.484516}}
{"target": 47.36019737611528, "params": {"x0": 1.0156871342403655, "x1": 2.0796713053207636, "x2": 0.5612534972830168, "x3": 0.4419732747892616, "x4": 0.7944602898039892, "x5": 1.1643959718159793, "x6": 3.8781719141004163, "x7": 14.099897650616567, "x8": 0.9214057140285697, "x9": 1.142849480724729}, "datetime": {"datetime": "2025-05-10 02:04:16", "elapsed": 3567.966589, "delta": 9.982757}}
{"target": 47.36019737611528, "params": {"x0": 1.0156871342403655, "x1": 2.0796713053207636, "x2": 0.5612534972830168, "x3": 0.4419732747892616, "x4": 0.7944602898039892, "x5": 1.1643959718159793, "x6": 3.8781719141004163, "x7": 14.099897650616567, "x8": 0.9214057140285697, "x9": 1.142849480724729}, "datetime": {"datetime": "2025-05-10 02:04:26", "elapsed": 3578.716935, "delta": 10.750346}}
{"target": 47.36019737611528, "params": {"x0": 1.0156871342403655, "x1": 2.0796713053207636, "x2": 0.5612534972830168, "x3": 0.44197327478926174, "x4": 0.7944602898039892, "x5": 1.1643959718159795, "x6": 3.8781719141004163, "x7": 14.099897650616567, "x8": 0.9214057140285697, "x9": 1.142849480724729}, "datetime": {"datetime": "2025-05-10 02:04:37", "elapsed": 3589.390972, "delta": 10.674037}}
{"target": 47.36019737611528, "params": {"x0": 1.0156871342403655, "x1": 2.0796713053207636, "x2": 0.5612534972830168, "x3": 0.4419732747892617, "x4": 0.7944602898039892, "x5": 1.1643959718159795, "x6": 3.8781719141004163, "x7": 14.099897650616567, "x8": 0.9214057140285697, "x9": 1.142849480724729}, "datetime": {"datetime": "2025-05-10 02:04:47", "elapsed": 3599.825895, "delta": 10.434923}}
{"target": 47.36019737611528, "params": {"x0": 1.0156871342403655, "x1": 2.0796713053207636, "x2": 0.5612534972830168, "x3": 0.4419732747892616, "x4": 0.7944602898039892, "x5": 1.1643959718159798, "x6": 3.8781719141004163, "x7": 14.099897650616567, "x8": 0.9214057140285697, "x9": 1.142849480724729}, "datetime": {"datetime": "2025-05-10 02:04:59", "elapsed": 3611.098586, "delta": 11.272691}}
{"target": 47.36019737611528, "params": {"x0": 1.0156871342403655, "x1": 2.0796713053207636, "x2": 0.5612534972830168, "x3": 0.4419732747892617, "x4": 0.7944602898039892, "x5": 1.1643959718159795, "x6": 3.8781719141004163, "x7": 14.099897650616567, "x8": 0.9214057140285697, "x9": 1.142849480724729}, "datetime": {"datetime": "2025-05-10 02:05:11", "elapsed": 3623.7213, "delta": 12.622714}}
{"target": 47.36019737611528, "params": {"x0": 1.0156871342403655, "x1": 2.0796713053207636, "x2": 0.5612534972830168, "x3": 0.4419732747892617, "x4": 0.7944602898039892, "x5": 1.1643959718159798, "x6": 3.8781719141004163, "x7": 14.099897650616567, "x8": 0.9214057140285697, "x9": 1.142849480724729}, "datetime": {"datetime": "2025-05-10 02:05:24", "elapsed": 3636.308988, "delta": 12.587688}}
{"target": 47.36019737611528, "params": {"x0": 1.0156871342403655, "x1": 2.0796713053207636, "x2": 0.5612534972830168, "x3": 0.4419732747892616, "x4": 0.7944602898039892, "x5": 1.1643959718159795, "x6": 3.8781719141004163, "x7": 14.099897650616567, "x8": 0.9214057140285697, "x9": 1.142849480724729}, "datetime": {"datetime": "2025-05-10 02:05:42", "elapsed": 3653.968162, "delta": 17.659174}}
