{"target": 47.36019737611528, "params": {"x0": 1.0156871339585762, "x1": 2.0796713246075185, "x2": 0.5612534782876978, "x3": 0.4419732441685116, "x4": 0.7944602859925962, "x5": 1.164395873825598, "x6": 3.878171943887945, "x7": 14.099897558538576, "x8": 0.9214057157554671, "x9": 1.1428494792489643}, "datetime": {"datetime": "2025-05-10 01:34:33", "elapsed": 1784.864551, "delta": 8.304043}}
{"target": 47.36019737611528, "params": {"x0": 1.015687134776135, "x1": 2.0796713114090046, "x2": 0.5612534769642106, "x3": 0.4419732468036845, "x4": 0.794460283578613, "x5": 1.1643958988128662, "x6": 3.878171888248315, "x7": 14.099897568579195, "x8": 0.9214057148090931, "x9": 1.1428494764437687}, "datetime": {"datetime": "2025-05-10 01:34:41", "elapsed": 1793.041037, "delta": 8.176486}}
{"target": 47.36019737611528, "params": {"x0": 1.015687133842221, "x1": 2.0796713220344136, "x2": 0.5612534806024589, "x3": 0.44197325158398204, "x4": 0.7944602892660918, "x5": 1.1643959479061832, "x6": 3.878171895729604, "x7": 14.099897594327322, "x8": 0.921405715094371, "x9": 1.142849476810277}, "datetime": {"datetime": "2025-05-10 01:34:49", "elapsed": 1801.387619, "delta": 8.346582}}
{"target": 47.36019737611528, "params": {"x0": 1.0156871343743685, "x1": 2.0796713192677254, "x2": 0.5612535020338422, "x3": 0.4419732557173501, "x4": 0.7944602857008144, "x5": 1.1643958716524232, "x6": 3.878171933138971, "x7": 14.09989758169433, "x8": 0.921405714392699, "x9": 1.1428494773331437}, "datetime": {"datetime": "2025-05-10 01:34:58", "elapsed": 1809.893736, "delta": 8.506117}}
{"target": 47.36019737611528, "params": {"x0": 1.0156871342513705, "x1": 2.0796713177796495, "x2": 0.5612534863417372, "x3": 0.4419732634740057, "x4": 0.7944602845395838, "x5": 1.1643958860567971, "x6": 3.878171895383172, "x7": 14.09989758820398, "x8": 0.9214057150262163, "x9": 1.1428494784752736}, "datetime": {"datetime": "2025-05-10 01:35:06", "elapsed": 1818.068722, "delta": 8.174986}}
{"target": 47.36019737611528, "params": {"x0": 1.0156871346971195, "x1": 2.079671305620815, "x2": 0.5612534915556797, "x3": 0.44197325647621866, "x4": 0.7944602834815225, "x5": 1.1643958965412393, "x6": 3.878171911847981, "x7": 14.099897596498549, "x8": 0.9214057144792792, "x9": 1.1428494777825762}, "datetime": {"datetime": "2025-05-10 01:35:14", "elapsed": 1826.540092, "delta": 8.47137}}
{"target": 47.36019737611528, "params": {"x0": 1.015687134291271, "x1": 2.079671313980098, "x2": 0.561253492348814, "x3": 0.44197325744365457, "x4": 0.7944602879793722, "x5": 1.1643959208762789, "x6": 3.8781719032838478, "x7": 14.099897599900153, "x8": 0.9214057132968019, "x9": 1.142849478301285}, "datetime": {"datetime": "2025-05-10 01:35:22", "elapsed": 1834.744904, "delta": 8.204812}}
{"target": 47.36019737611528, "params": {"x0": 1.0156871342139453, "x1": 2.07967131511781, "x2": 0.5612534870163636, "x3": 0.4419732590414266, "x4": 0.7944602880463548, "x5": 1.164395956227887, "x6": 3.8781719284485225, "x7": 14.09989760754744, "x8": 0.9214057147498557, "x9": 1.1428494781948308}, "datetime": {"datetime": "2025-05-10 01:35:31", "elapsed": 1843.253935, "delta": 8.509031}}
{"target": 47.36019737611528, "params": {"x0": 1.0156871342105098, "x1": 2.0796713138975043, "x2": 0.561253497820302, "x3": 0.4419732629749681, "x4": 0.7944602881540153, "x5": 1.1643959270720354, "x6": 3.878171907198852, "x7": 14.09989761206529, "x8": 0.9214057143865584, "x9": 1.1428494794193196}, "datetime": {"datetime": "2025-05-10 01:35:39", "elapsed": 1851.565295, "delta": 8.31136}}
{"target": 47.36019737611528, "params": {"x0": 1.0156871343085818, "x1": 2.07967131176971, "x2": 0.5612534887943028, "x3": 0.44197326256522323, "x4": 0.7944602876121898, "x5": 1.1643959348392454, "x6": 3.8781719200320506, "x7": 14.099897617710353, "x8": 0.9214057132776682, "x9": 1.1428494794232218}, "datetime": {"datetime": "2025-05-10 01:35:48", "elapsed": 1859.833091, "delta": 8.267796}}
{"target": 47.36019737611528, "params": {"x0": 1.0156871342732252, "x1": 2.079671312226684, "x2": 0.5612534911985922, "x3": 0.44197326321631136, "x4": 0.7944602879767242, "x5": 1.164395936651281, "x6": 3.878171905084582, "x7": 14.099897621545383, "x8": 0.921405714235812, "x9": 1.1428494794362285}, "datetime": {"datetime": "2025-05-10 01:35:56", "elapsed": 1868.554936, "delta": 8.721845}}
{"target": 47.36019737611528, "params": {"x0": 1.0156871343471674, "x1": 2.0796713089392935, "x2": 0.5612534915150522, "x3": 0.44197326506657786, "x4": 0.7944602865018497, "x5": 1.1643959532111128, "x6": 3.8781719228529896, "x7": 14.099897622685692, "x8": 0.9214057139838915, "x9": 1.1428494796307334}, "datetime": {"datetime": "2025-05-10 01:36:05", "elapsed": 1876.973593, "delta": 8.418657}}
{"target": 47.36019737611528, "params": {"x0": 1.0156871341038338, "x1": 2.0796713100180084, "x2": 0.5612534941262904, "x3": 0.44197326650223107, "x4": 0.7944602873501249, "x5": 1.1643959396499655, "x6": 3.878171909028123, "x7": 14.099897624944239, "x8": 0.9214057144767297, "x9": 1.1428494792476243}, "datetime": {"datetime": "2025-05-10 01:36:13", "elapsed": 1885.286764, "delta": 8.313171}}
{"target": 47.36019737611528, "params": {"x0": 1.0156871341247626, "x1": 2.0796713089119803, "x2": 0.5612534938946565, "x3": 0.4419732678888643, "x4": 0.794460290972125, "x5": 1.1643959404048412, "x6": 3.878171906411792, "x7": 14.099897628600823, "x8": 0.9214057141245999, "x9": 1.1428494794012587}, "datetime": {"datetime": "2025-05-10 01:36:21", "elapsed": 1893.585201, "delta": 8.298437}}
{"target": 47.36019737611528, "params": {"x0": 1.0156871343960094, "x1": 2.079671308646451, "x2": 0.5612534941433096, "x3": 0.44197326806210985, "x4": 0.7944602878005931, "x5": 1.1643959460715643, "x6": 3.8781719131185266, "x7": 14.09989763091907, "x8": 0.9214057142581382, "x9": 1.1428494797851936}, "datetime": {"datetime": "2025-05-10 01:36:30", "elapsed": 1902.004749, "delta": 8.419548}}
{"target": 47.36019737611528, "params": {"x0": 1.0156871341866298, "x1": 2.0796713080569993, "x2": 0.5612534949361294, "x3": 0.4419732688512339, "x4": 0.7944602875887633, "x5": 1.1643959600804645, "x6": 3.8781719155276844, "x7": 14.099897632678482, "x8": 0.9214057142260021, "x9": 1.1428494798891087}, "datetime": {"datetime": "2025-05-10 01:36:38", "elapsed": 1910.579044, "delta": 8.574295}}
{"target": 47.36019737611528, "params": {"x0": 1.0156871343359892, "x1": 2.079671307506445, "x2": 0.5612534932350693, "x3": 0.44197327029199923, "x4": 0.7944602882037998, "x5": 1.1643959464078815, "x6": 3.8781719099291756, "x7": 14.099897632855813, "x8": 0.9214057141438767, "x9": 1.142849479921386}, "datetime": {"datetime": "2025-05-10 01:36:47", "elapsed": 1919.088933, "delta": 8.509889}}
{"target": 47.36019737611528, "params": {"x0": 1.0156871342821006, "x1": 2.0796713087121805, "x2": 0.5612534969296741, "x3": 0.44197327012951737, "x4": 0.7944602882378028, "x5": 1.1643959634006744, "x6": 3.878171918174262, "x7": 14.0998976347277, "x8": 0.9214057141535126, "x9": 1.1428494799188667}, "datetime": {"datetime": "2025-05-10 01:36:56", "elapsed": 1928.282447, "delta": 9.193514}}
{"target": 47.36019737611528, "params": {"x0": 1.0156871341730924, "x1": 2.079671308058964, "x2": 0.5612534940390067, "x3": 0.4419732700452113, "x4": 0.7944602909287437, "x5": 1.1643959518755778, "x6": 3.8781719133699917, "x7": 14.099897636941764, "x8": 0.9214057141214792, "x9": 1.1428494800203761}, "datetime": {"datetime": "2025-05-10 01:37:04", "elapsed": 1936.795967, "delta": 8.51352}}
{"target": 47.36019737611528, "params": {"x0": 1.0156871343275653, "x1": 2.079671307641945, "x2": 0.5612534991274556, "x3": 0.4419732706097804, "x4": 0.7944602884755715, "x5": 1.1643959538541664, "x6": 3.878171911662482, "x7": 14.099897637630265, "x8": 0.9214057138082073, "x9": 1.1428494800355895}, "datetime": {"datetime": "2025-05-10 01:37:13", "elapsed": 1945.095931, "delta": 8.299964}}
{"target": 47.36019737611528, "params": {"x0": 1.0156871341718465, "x1": 2.07967130783944, "x2": 0.5612534949302546, "x3": 0.4419732710146389, "x4": 0.7944602897673313, "x5": 1.1643959601827145, "x6": 3.8781719168623767, "x7": 14.099897640241139, "x8": 0.9214057141345491, "x9": 1.1428494800787647}, "datetime": {"datetime": "2025-05-10 01:37:22", "elapsed": 1953.846053, "delta": 8.750122}}
{"target": 47.36019737611528, "params": {"x0": 1.0156871342966232, "x1": 2.079671304788033, "x2": 0.5612534950162962, "x3": 0.4419732712454055, "x4": 0.7944602885676959, "x5": 1.1643959613693513, "x6": 3.878171914699974, "x7": 14.0998976409019, "x8": 0.9214057139615802, "x9": 1.1428494801548674}, "datetime": {"datetime": "2025-05-10 01:37:30", "elapsed": 1962.443137, "delta": 8.597084}}
{"target": 47.36019737611528, "params": {"x0": 1.0156871342652816, "x1": 2.079671306837176, "x2": 0.56125349557856, "x3": 0.4419732717869979, "x4": 0.7944602894921271, "x5": 1.1643959594034816, "x6": 3.8781719125253287, "x7": 14.09989764264274, "x8": 0.9214057140422163, "x9": 1.1428494804486116}, "datetime": {"datetime": "2025-05-10 01:37:39", "elapsed": 1971.022923, "delta": 8.579786}}
{"target": 47.36019737611528, "params": {"x0": 1.0156871342784306, "x1": 2.0796713066811123, "x2": 0.5612534955025655, "x3": 0.44197327213993287, "x4": 0.7944602894192824, "x5": 1.1643959624041242, "x6": 3.8781719123270593, "x7": 14.099897642269369, "x8": 0.9214057141641036, "x9": 1.1428494803418887}, "datetime": {"datetime": "2025-05-10 01:37:47", "elapsed": 1979.533077, "delta": 8.510154}}
{"target": 47.36019737611528, "params": {"x0": 1.0156871342503115, "x1": 2.0796713059954937, "x2": 0.5612534957535492, "x3": 0.44197327219359167, "x4": 0.7944602892853582, "x5": 1.1643959689583405, "x6": 3.8781719122788885, "x7": 14.09989764411149, "x8": 0.921405714142162, "x9": 1.142849480364815}, "datetime": {"datetime": "2025-05-10 01:37:56", "elapsed": 1988.150512, "delta": 8.617435}}
{"target": 47.36019737611528, "params": {"x0": 1.0156871342008167, "x1": 2.0796713066954116, "x2": 0.5612534962775215, "x3": 0.4419732728709414, "x4": 0.7944602900012026, "x5": 1.164395967393968, "x6": 3.878171912478938, "x7": 14.099897643965257, "x8": 0.9214057140458098, "x9": 1.142849480358945}, "datetime": {"datetime": "2025-05-10 01:38:05", "elapsed": 1997.092947, "delta": 8.942435}}
{"target": 47.36019737611528, "params": {"x0": 1.0156871342235936, "x1": 2.0796713060653227, "x2": 0.5612534974164057, "x3": 0.44197327276414655, "x4": 0.7944602891048188, "x5": 1.1643959662921943, "x6": 3.878171913756586, "x7": 14.099897645459446, "x8": 0.9214057141112362, "x9": 1.1428494803956113}, "datetime": {"datetime": "2025-05-10 01:38:13", "elapsed": 2005.735183, "delta": 8.642236}}
{"target": 47.36019737611528, "params": {"x0": 1.0156871342553018, "x1": 2.0796713061343826, "x2": 0.5612534965245841, "x3": 0.44197327292157224, "x4": 0.7944602896761461, "x5": 1.1643959644876456, "x6": 3.878171914621891, "x7": 14.099897645562363, "x8": 0.9214057140481113, "x9": 1.1428494805587681}, "datetime": {"datetime": "2025-05-10 01:38:22", "elapsed": 2014.696054, "delta": 8.960871}}
{"target": 47.36019737611528, "params": {"x0": 1.015687134257961, "x1": 2.0796713063582413, "x2": 0.5612534967128797, "x3": 0.44197327323081903, "x4": 0.7944602898281915, "x5": 1.1643959670178934, "x6": 3.8781719131848407, "x7": 14.099897646780054, "x8": 0.921405714048505, "x9": 1.142849480448056}, "datetime": {"datetime": "2025-05-10 01:38:31", "elapsed": 2023.284128, "delta": 8.588074}}
{"target": 47.36019737611528, "params": {"x0": 1.0156871342235114, "x1": 2.0796713060837697, "x2": 0.5612534963224343, "x3": 0.44197327330346226, "x4": 0.794460289626804, "x5": 1.1643959681689593, "x6": 3.8781719154510563, "x7": 14.099897646492762, "x8": 0.9214057139883034, "x9": 1.1428494806387408}, "datetime": {"datetime": "2025-05-10 01:38:40", "elapsed": 2031.89027, "delta": 8.606142}}
{"target": 47.36019737611528, "params": {"x0": 1.0156871342519604, "x1": 2.0796713060968055, "x2": 0.5612534970910446, "x3": 0.4419732734751494, "x4": 0.7944602894068628, "x5": 1.164395967696035, "x6": 3.878171913126298, "x7": 14.099897646831696, "x8": 0.9214057140287681, "x9": 1.1428494806174434}, "datetime": {"datetime": "2025-05-10 01:38:48", "elapsed": 2040.251329, "delta": 8.361059}}
{"target": 47.36019737611528, "params": {"x0": 1.0156871342350138, "x1": 2.079671305966958, "x2": 0.5612534969122406, "x3": 0.4419732739991112, "x4": 0.7944602897729394, "x5": 1.1643959671294666, "x6": 3.8781719130446457, "x7": 14.099897647054567, "x8": 0.9214057139915633, "x9": 1.1428494805379947}, "datetime": {"datetime": "2025-05-10 01:38:57", "elapsed": 2049.380507, "delta": 9.129178}}
{"target": 47.36019737611528, "params": {"x0": 1.0156871342408733, "x1": 2.0796713058538403, "x2": 0.5612534965448465, "x3": 0.4419732740423942, "x4": 0.7944602895703295, "x5": 1.1643959694910182, "x6": 3.8781719138797004, "x7": 14.09989764762362, "x8": 0.9214057140778585, "x9": 1.142849480554541}, "datetime": {"datetime": "2025-05-10 01:39:06", "elapsed": 2058.241597, "delta": 8.86109}}
{"target": 47.36019737611528, "params": {"x0": 1.0156871342493077, "x1": 2.0796713058359675, "x2": 0.5612534965886541, "x3": 0.4419732738278611, "x4": 0.7944602898904952, "x5": 1.1643959709050438, "x6": 3.8781719135577624, "x7": 14.099897647951908, "x8": 0.9214057140860133, "x9": 1.1428494806594292}, "datetime": {"datetime": "2025-05-10 01:39:14", "elapsed": 2066.705477, "delta": 8.46388}}
{"target": 47.36019737611528, "params": {"x0": 1.015687134260774, "x1": 2.0796713057499976, "x2": 0.5612534969472402, "x3": 0.44197327399227987, "x4": 0.7944602895662509, "x5": 1.1643959695858395, "x6": 3.8781719146693527, "x7": 14.099897648045108, "x8": 0.921405714020265, "x9": 1.1428494806273162}, "datetime": {"datetime": "2025-05-10 01:39:23", "elapsed": 2075.441759, "delta": 8.736282}}
{"target": 47.36019737611528, "params": {"x0": 1.015687134221715, "x1": 2.0796713057211687, "x2": 0.5612534967729803, "x3": 0.4419732740561366, "x4": 0.7944602895401671, "x5": 1.1643959699030568, "x6": 3.8781719135712187, "x7": 14.099897648553739, "x8": 0.921405714072979, "x9": 1.1428494806417}, "datetime": {"datetime": "2025-05-10 01:39:32", "elapsed": 2084.430554, "delta": 8.988795}}
{"target": 47.36019737611528, "params": {"x0": 1.015687134238271, "x1": 2.0796713056511096, "x2": 0.5612534968752612, "x3": 0.44197327418980425, "x4": 0.794460289577068, "x5": 1.1643959688525458, "x6": 3.878171913921448, "x7": 14.099897649143637, "x8": 0.9214057140529288, "x9": 1.1428494806077891}, "datetime": {"datetime": "2025-05-10 01:39:41", "elapsed": 2093.129529, "delta": 8.698975}}
{"target": 47.36019737611528, "params": {"x0": 1.0156871342238125, "x1": 2.0796713056526404, "x2": 0.5612534968343964, "x3": 0.44197327421824223, "x4": 0.7944602896047103, "x5": 1.1643959708288265, "x6": 3.878171913882309, "x7": 14.099897648684756, "x8": 0.9214057140310762, "x9": 1.1428494806187186}, "datetime": {"datetime": "2025-05-10 01:39:50", "elapsed": 2101.973789, "delta": 8.84426}}
{"target": 47.36019737611528, "params": {"x0": 1.015687134235278, "x1": 2.079671305689481, "x2": 0.5612534969578015, "x3": 0.44197327426246336, "x4": 0.7944602897265061, "x5": 1.1643959692949966, "x6": 3.87817191426405, "x7": 14.099897649250533, "x8": 0.921405714055487, "x9": 1.1428494806474576}, "datetime": {"datetime": "2025-05-10 01:39:59", "elapsed": 2110.855454, "delta": 8.881665}}
{"target": 47.36019737611528, "params": {"x0": 1.01568713425107, "x1": 2.0796713055142817, "x2": 0.5612534969273948, "x3": 0.4419732744085059, "x4": 0.7944602898595524, "x5": 1.1643959709409795, "x6": 3.878171913573173, "x7": 14.099897649246559, "x8": 0.9214057140451384, "x9": 1.142849480644123}, "datetime": {"datetime": "2025-05-10 01:40:07", "elapsed": 2119.492428, "delta": 8.636974}}
{"target": 47.36019737611528, "params": {"x0": 1.0156871342470755, "x1": 2.0796713055521394, "x2": 0.5612534970721851, "x3": 0.4419732745235563, "x4": 0.794460289652396, "x5": 1.164395969974446, "x6": 3.878171914007392, "x7": 14.099897649196512, "x8": 0.9214057140069527, "x9": 1.1428494806502403}, "datetime": {"datetime": "2025-05-10 01:40:16", "elapsed": 2128.256808, "delta": 8.76438}}
{"target": 47.36019737611528, "params": {"x0": 1.0156871342401017, "x1": 2.0796713055348603, "x2": 0.5612534970810964, "x3": 0.4419732743508964, "x4": 0.7944602899060345, "x5": 1.1643959703329454, "x6": 3.8781719140667947, "x7": 14.099897649581893, "x8": 0.9214057140024342, "x9": 1.1428494806550245}, "datetime": {"datetime": "2025-05-10 01:40:25", "elapsed": 2137.021712, "delta": 8.764904}}
{"target": 47.36019737611528, "params": {"x0": 1.0156871342347669, "x1": 2.0796713055644345, "x2": 0.561253497116277, "x3": 0.44197327443857176, "x4": 0.7944602898304162, "x5": 1.1643959706308518, "x6": 3.8781719137, "x7": 14.099897649598166, "x8": 0.9214057140499253, "x9": 1.1428494806892087}, "datetime": {"datetime": "2025-05-10 01:40:33", "elapsed": 2145.761489, "delta": 8.739777}}
{"target": 47.36019737611528, "params": {"x0": 1.0156871342452856, "x1": 2.0796713055344798, "x2": 0.56125349722461, "x3": 0.44197327449211926, "x4": 0.7944602897369537, "x5": 1.1643959703714446, "x6": 3.8781719141289397, "x7": 14.09989764975932, "x8": 0.9214057140189861, "x9": 1.1428494806731746}, "datetime": {"datetime": "2025-05-10 01:40:42", "elapsed": 2154.597912, "delta": 8.836423}}
{"target": 47.36019737611528, "params": {"x0": 1.0156871342371891, "x1": 2.0796713055069653, "x2": 0.5612534971890591, "x3": 0.441973274473441, "x4": 0.7944602897630219, "x5": 1.1643959706214848, "x6": 3.8781719141057343, "x7": 14.09989764968236, "x8": 0.9214057140394979, "x9": 1.1428494806963845}, "datetime": {"datetime": "2025-05-10 01:40:51", "elapsed": 2163.25852, "delta": 8.660608}}
{"target": 47.36019737611528, "params": {"x0": 1.015687134242623, "x1": 2.079671305397855, "x2": 0.561253497095146, "x3": 0.44197327450109236, "x4": 0.7944602898260411, "x5": 1.1643959712252405, "x6": 3.87817191398762, "x7": 14.099897649874949, "x8": 0.9214057140252023, "x9": 1.1428494806926217}, "datetime": {"datetime": "2025-05-10 01:41:00", "elapsed": 2172.202215, "delta": 8.943695}}
{"target": 47.36019737611528, "params": {"x0": 1.0156871342448437, "x1": 2.0796713054275657, "x2": 0.5612534971228199, "x3": 0.4419732745328069, "x4": 0.7944602897469931, "x5": 1.1643959713299983, "x6": 3.8781719141466424, "x7": 14.099897649951998, "x8": 0.9214057140388374, "x9": 1.1428494807046492}, "datetime": {"datetime": "2025-05-10 01:41:09", "elapsed": 2181.006325, "delta": 8.80411}}
{"target": 47.36019737611528, "params": {"x0": 1.015687134242675, "x1": 2.079671305375892, "x2": 0.5612534971738585, "x3": 0.44197327456612906, "x4": 0.794460289725855, "x5": 1.164395971794092, "x6": 3.878171914240472, "x7": 14.09989764994545, "x8": 0.9214057140346936, "x9": 1.1428494807015044}, "datetime": {"datetime": "2025-05-10 01:41:18", "elapsed": 2189.908054, "delta": 8.901729}}
{"target": 47.36019737611528, "params": {"x0": 1.0156871342368088, "x1": 2.079671305440096, "x2": 0.5612534972120852, "x3": 0.44197327458046143, "x4": 0.7944602897543979, "x5": 1.1643959709622247, "x6": 3.8781719139196236, "x7": 14.099897650127955, "x8": 0.9214057140409827, "x9": 1.142849480694808}, "datetime": {"datetime": "2025-05-10 01:41:26", "elapsed": 2198.622878, "delta": 8.714824}}
{"target": 47.36019737611528, "params": {"x0": 1.0156871342439207, "x1": 2.0796713053522176, "x2": 0.5612534971841002, "x3": 0.44197327465050723, "x4": 0.7944602897574004, "x5": 1.1643959711564116, "x6": 3.8781719140745587, "x7": 14.09989765012448, "x8": 0.9214057140387125, "x9": 1.142849480698489}, "datetime": {"datetime": "2025-05-10 01:41:35", "elapsed": 2207.378566, "delta": 8.755688}}
{"target": 47.36019737611528, "params": {"x0": 1.015687134242075, "x1": 2.0796713054135263, "x2": 0.5612534972300129, "x3": 0.441973274670431, "x4": 0.7944602897767555, "x5": 1.1643959711055138, "x6": 3.8781719140739104, "x7": 14.099897650148234, "x8": 0.9214057140287056, "x9": 1.1428494807126548}, "datetime": {"datetime": "2025-05-10 01:41:44", "elapsed": 2216.529064, "delta": 9.150498}}
{"target": 47.36019737611528, "params": {"x0": 1.0156871342440439, "x1": 2.079671305390302, "x2": 0.561253497199962, "x3": 0.441973274647116, "x4": 0.7944602897586348, "x5": 1.1643959715885193, "x6": 3.8781719139680724, "x7": 14.09989765019562, "x8": 0.9214057140271141, "x9": 1.1428494807003553}, "datetime": {"datetime": "2025-05-10 01:41:53", "elapsed": 2225.664914, "delta": 9.13585}}
{"target": 47.36019737611528, "params": {"x0": 1.0156871342413485, "x1": 2.0796713053555576, "x2": 0.5612534972343941, "x3": 0.4419732746674703, "x4": 0.7944602897768687, "x5": 1.164395971283442, "x6": 3.8781719141008923, "x7": 14.099897650222093, "x8": 0.921405714021, "x9": 1.1428494807192666}, "datetime": {"datetime": "2025-05-10 01:42:02", "elapsed": 2234.782769, "delta": 9.117855}}
{"target": 47.36019737611528, "params": {"x0": 1.0156871342434313, "x1": 2.079671305379653, "x2": 0.5612534972546023, "x3": 0.441973274683192, "x4": 0.794460289795709, "x5": 1.1643959713329797, "x6": 3.8781719139747923, "x7": 14.099897650286064, "x8": 0.9214057140332028, "x9": 1.142849480705196}, "datetime": {"datetime": "2025-05-10 01:42:12", "elapsed": 2244.221685, "delta": 9.438916}}
{"target": 47.36019737611528, "params": {"x0": 1.0156871342404574, "x1": 2.0796713053612357, "x2": 0.5612534972991268, "x3": 0.4419732746762058, "x4": 0.7944602897829741, "x5": 1.1643959714370988, "x6": 3.878171914022718, "x7": 14.099897650297653, "x8": 0.9214057140302035, "x9": 1.1428494807111078}, "datetime": {"datetime": "2025-05-10 01:42:20", "elapsed": 2252.568006, "delta": 8.346321}}
{"target": 47.36019737611528, "params": {"x0": 1.0156871342399325, "x1": 2.0796713053120133, "x2": 0.5612534972655964, "x3": 0.4419732746932943, "x4": 0.7944602897714863, "x5": 1.1643959714665697, "x6": 3.8781719141768862, "x7": 14.09989765033647, "x8": 0.9214057140341109, "x9": 1.1428494807085623}, "datetime": {"datetime": "2025-05-10 01:42:29", "elapsed": 2261.623595, "delta": 9.055589}}
