{"target": 47.36019737611528, "params": {"x0": 1.015687134240368, "x1": 2.0796713053207543, "x2": 0.5612534972829166, "x3": 0.44197327478929876, "x4": 0.7944602898040393, "x5": 1.1643959718165011, "x6": 3.8781719141005597, "x7": 14.099897650617097, "x8": 0.9214057140285626, "x9": 1.1428494807246894}, "datetime": {"datetime": "2025-05-10 01:51:12", "elapsed": 2784.535736, "delta": 9.458426}}
{"target": 47.36019737611528, "params": {"x0": 1.0156871342403682, "x1": 2.0796713053208253, "x2": 0.5612534972829009, "x3": 0.4419732747893507, "x4": 0.7944602898040383, "x5": 1.1643959718155803, "x6": 3.8781719141003106, "x7": 14.09989765061669, "x8": 0.9214057140285731, "x9": 1.1428494807247263}, "datetime": {"datetime": "2025-05-10 01:51:22", "elapsed": 2794.046014, "delta": 9.510278}}
{"target": 47.36019737611528, "params": {"x0": 1.0156871342403657, "x1": 2.0796713053207965, "x2": 0.5612534972830598, "x3": 0.44197327478921256, "x4": 0.794460289804043, "x5": 1.1643959718154377, "x6": 3.878171914100386, "x7": 14.099897650616928, "x8": 0.9214057140285591, "x9": 1.1428494807247107}, "datetime": {"datetime": "2025-05-10 01:51:31", "elapsed": 2803.541406, "delta": 9.495392}}
{"target": 47.36019737611528, "params": {"x0": 1.015687134240363, "x1": 2.079671305320856, "x2": 0.5612534972830493, "x3": 0.44197327478914605, "x4": 0.7944602898039272, "x5": 1.164395971815498, "x6": 3.878171914100535, "x7": 14.099897650616109, "x8": 0.9214057140285759, "x9": 1.142849480724731}, "datetime": {"datetime": "2025-05-10 01:51:41", "elapsed": 2812.939823, "delta": 9.398417}}
{"target": 47.36019737611528, "params": {"x0": 1.0156871342403622, "x1": 2.0796713053207156, "x2": 0.5612534972831008, "x3": 0.44197327478937226, "x4": 0.7944602898040336, "x5": 1.1643959718154584, "x6": 3.878171914100367, "x7": 14.099897650616574, "x8": 0.9214057140285651, "x9": 1.1428494807247165}, "datetime": {"datetime": "2025-05-10 01:51:50", "elapsed": 2822.465198, "delta": 9.525375}}
{"target": 47.36019737611528, "params": {"x0": 1.015687134240365, "x1": 2.0796713053206903, "x2": 0.5612534972829969, "x3": 0.44197327478911863, "x4": 0.7944602898039566, "x5": 1.1643959718157215, "x6": 3.8781719141003057, "x7": 14.099897650616166, "x8": 0.921405714028564, "x9": 1.1428494807247502}, "datetime": {"datetime": "2025-05-10 01:52:00", "elapsed": 2832.098529, "delta": 9.633331}}
{"target": 47.36019737611528, "params": {"x0": 1.0156871342403642, "x1": 2.0796713053207507, "x2": 0.5612534972830493, "x3": 0.44197327478916243, "x4": 0.7944602898039687, "x5": 1.1643959718155033, "x6": 3.8781719141004207, "x7": 14.099897650616802, "x8": 0.9214057140285655, "x9": 1.14284948072472}, "datetime": {"datetime": "2025-05-10 01:52:09", "elapsed": 2841.236712, "delta": 9.138183}}
{"target": 47.36019737611528, "params": {"x0": 1.0156871342403642, "x1": 2.079671305320689, "x2": 0.5612534972830802, "x3": 0.44197327478938075, "x4": 0.7944602898039902, "x5": 1.1643959718155223, "x6": 3.878171914100535, "x7": 14.09989765061645, "x8": 0.9214057140285721, "x9": 1.1428494807247465}, "datetime": {"datetime": "2025-05-10 01:52:18", "elapsed": 2850.596732, "delta": 9.36002}}
{"target": 47.36019737611528, "params": {"x0": 1.015687134240365, "x1": 2.0796713053207943, "x2": 0.5612534972829732, "x3": 0.4419732747891748, "x4": 0.7944602898039562, "x5": 1.164395971816387, "x6": 3.8781719141005166, "x7": 14.099897650616784, "x8": 0.9214057140285714, "x9": 1.1428494807247418}, "datetime": {"datetime": "2025-05-10 01:52:28", "elapsed": 2860.041691, "delta": 9.444959}}
{"target": 47.36019737611528, "params": {"x0": 1.0156871342403648, "x1": 2.0796713053207307, "x2": 0.5612534972829892, "x3": 0.44197327478934145, "x4": 0.7944602898040174, "x5": 1.1643959718160013, "x6": 3.8781719141004714, "x7": 14.099897650616782, "x8": 0.9214057140285683, "x9": 1.1428494807247223}, "datetime": {"datetime": "2025-05-10 01:52:37", "elapsed": 2869.342498, "delta": 9.300807}}
{"target": 47.36019737611528, "params": {"x0": 1.0156871342403644, "x1": 2.0796713053207654, "x2": 0.5612534972829811, "x3": 0.4419732747892319, "x4": 0.7944602898039871, "x5": 1.164395971815858, "x6": 3.8781719141003372, "x7": 14.099897650616521, "x8": 0.9214057140285724, "x9": 1.1428494807247331}, "datetime": {"datetime": "2025-05-10 01:52:47", "elapsed": 2879.537087, "delta": 10.194589}}
{"target": 47.36019737611528, "params": {"x0": 1.0156871342403668, "x1": 2.07967130532077, "x2": 0.5612534972830249, "x3": 0.4419732747893294, "x4": 0.7944602898039648, "x5": 1.1643959718157886, "x6": 3.8781719141004243, "x7": 14.099897650616347, "x8": 0.9214057140285672, "x9": 1.1428494807247251}, "datetime": {"datetime": "2025-05-10 01:52:57", "elapsed": 2889.390633, "delta": 9.853546}}
{"target": 47.36019737611528, "params": {"x0": 1.0156871342403646, "x1": 2.0796713053207925, "x2": 0.5612534972830548, "x3": 0.4419732747892359, "x4": 0.7944602898039793, "x5": 1.164395971815928, "x6": 3.878171914100404, "x7": 14.09989765061672, "x8": 0.9214057140285729, "x9": 1.14284948072473}, "datetime": {"datetime": "2025-05-10 01:53:07", "elapsed": 2899.070781, "delta": 9.680148}}
{"target": 47.36019737611528, "params": {"x0": 1.015687134240366, "x1": 2.079671305320728, "x2": 0.5612534972830501, "x3": 0.44197327478923487, "x4": 0.7944602898039828, "x5": 1.1643959718160144, "x6": 3.8781719141003737, "x7": 14.099897650616631, "x8": 0.9214057140285731, "x9": 1.1428494807247258}, "datetime": {"datetime": "2025-05-10 01:53:16", "elapsed": 2908.223774, "delta": 9.152993}}
{"target": 47.36019737611528, "params": {"x0": 1.0156871342403646, "x1": 2.0796713053207343, "x2": 0.561253497282978, "x3": 0.44197327478922205, "x4": 0.7944602898039842, "x5": 1.164395971816166, "x6": 3.8781719141003608, "x7": 14.099897650616569, "x8": 0.9214057140285679, "x9": 1.1428494807247302}, "datetime": {"datetime": "2025-05-10 01:53:25", "elapsed": 2917.751892, "delta": 9.528118}}
{"target": 47.36019737611528, "params": {"x0": 1.0156871342403653, "x1": 2.0796713053207934, "x2": 0.5612534972830153, "x3": 0.4419732747892197, "x4": 0.7944602898039994, "x5": 1.1643959718157944, "x6": 3.878171914100383, "x7": 14.09989765061645, "x8": 0.9214057140285696, "x9": 1.1428494807247334}, "datetime": {"datetime": "2025-05-10 01:53:35", "elapsed": 2927.005721, "delta": 9.253829}}
{"target": 47.36019737611528, "params": {"x0": 1.015687134240365, "x1": 2.0796713053207365, "x2": 0.5612534972830217, "x3": 0.44197327478927323, "x4": 0.7944602898039789, "x5": 1.1643959718160475, "x6": 3.878171914100393, "x7": 14.099897650616512, "x8": 0.9214057140285707, "x9": 1.1428494807247245}, "datetime": {"datetime": "2025-05-10 01:53:44", "elapsed": 2936.423942, "delta": 9.418221}}
{"target": 47.36019737611528, "params": {"x0": 1.015687134240365, "x1": 2.079671305320752, "x2": 0.5612534972830296, "x3": 0.44197327478928333, "x4": 0.7944602898039803, "x5": 1.1643959718158778, "x6": 3.878171914100423, "x7": 14.099897650616606, "x8": 0.9214057140285719, "x9": 1.142849480724726}, "datetime": {"datetime": "2025-05-10 01:53:54", "elapsed": 2946.335814, "delta": 9.911872}}
{"target": 47.36019737611528, "params": {"x0": 1.015687134240365, "x1": 2.0796713053207845, "x2": 0.5612534972829931, "x3": 0.44197327478929527, "x4": 0.794460289803981, "x5": 1.164395971816062, "x6": 3.878171914100425, "x7": 14.099897650616517, "x8": 0.921405714028568, "x9": 1.1428494807247287}, "datetime": {"datetime": "2025-05-10 01:54:04", "elapsed": 2955.974205, "delta": 9.638391}}
{"target": 47.36019737611528, "params": {"x0": 1.0156871342403653, "x1": 2.079671305320778, "x2": 0.5612534972830022, "x3": 0.4419732747892411, "x4": 0.794460289803997, "x5": 1.1643959718160648, "x6": 3.878171914100442, "x7": 14.09989765061661, "x8": 0.9214057140285694, "x9": 1.1428494807247342}, "datetime": {"datetime": "2025-05-10 01:54:14", "elapsed": 2966.451188, "delta": 10.476983}}
{"target": 47.36019737611528, "params": {"x0": 1.015687134240365, "x1": 2.0796713053207823, "x2": 0.5612534972829971, "x3": 0.4419732747892817, "x4": 0.7944602898039917, "x5": 1.1643959718159016, "x6": 3.878171914100442, "x7": 14.099897650616484, "x8": 0.9214057140285713, "x9": 1.1428494807247274}, "datetime": {"datetime": "2025-05-10 01:54:24", "elapsed": 2976.130538, "delta": 9.67935}}
{"target": 47.36019737611528, "params": {"x0": 1.015687134240365, "x1": 2.0796713053207494, "x2": 0.5612534972830123, "x3": 0.4419732747892555, "x4": 0.7944602898039952, "x5": 1.1643959718160912, "x6": 3.878171914100419, "x7": 14.09989765061662, "x8": 0.9214057140285683, "x9": 1.1428494807247291}, "datetime": {"datetime": "2025-05-10 01:54:33", "elapsed": 2985.703977, "delta": 9.573439}}
{"target": 47.36019737611528, "params": {"x0": 1.0156871342403655, "x1": 2.0796713053207667, "x2": 0.5612534972830174, "x3": 0.44197327478925835, "x4": 0.7944602898039932, "x5": 1.164395971815973, "x6": 3.8781719141003994, "x7": 14.099897650616557, "x8": 0.9214057140285701, "x9": 1.1428494807247296}, "datetime": {"datetime": "2025-05-10 01:54:43", "elapsed": 2995.698838, "delta": 9.994861}}
{"target": 47.36019737611528, "params": {"x0": 1.015687134240366, "x1": 2.0796713053207605, "x2": 0.5612534972830213, "x3": 0.4419732747892818, "x4": 0.7944602898039835, "x5": 1.1643959718159305, "x6": 3.8781719141004043, "x7": 14.099897650616581, "x8": 0.9214057140285693, "x9": 1.1428494807247314}, "datetime": {"datetime": "2025-05-10 01:54:53", "elapsed": 3005.637236, "delta": 9.938398}}
{"target": 47.36019737611528, "params": {"x0": 1.015687134240365, "x1": 2.0796713053207547, "x2": 0.5612534972830093, "x3": 0.44197327478928045, "x4": 0.7944602898039855, "x5": 1.1643959718159762, "x6": 3.878171914100401, "x7": 14.099897650616537, "x8": 0.9214057140285697, "x9": 1.1428494807247271}, "datetime": {"datetime": "2025-05-10 01:55:04", "elapsed": 3015.944669, "delta": 10.307433}}
{"target": 47.36019737611528, "params": {"x0": 1.0156871342403655, "x1": 2.0796713053207676, "x2": 0.5612534972830073, "x3": 0.44197327478924486, "x4": 0.7944602898039932, "x5": 1.164395971815962, "x6": 3.87817191410042, "x7": 14.09989765061659, "x8": 0.9214057140285709, "x9": 1.1428494807247291}, "datetime": {"datetime": "2025-05-10 01:55:13", "elapsed": 3025.670513, "delta": 9.725844}}
{"target": 47.36019737611528, "params": {"x0": 1.0156871342403655, "x1": 2.0796713053207663, "x2": 0.5612534972830272, "x3": 0.4419732747892752, "x4": 0.794460289803988, "x5": 1.1643959718159582, "x6": 3.878171914100407, "x7": 14.099897650616567, "x8": 0.9214057140285702, "x9": 1.1428494807247296}, "datetime": {"datetime": "2025-05-10 01:55:23", "elapsed": 3035.098717, "delta": 9.428204}}
{"target": 47.36019737611528, "params": {"x0": 1.0156871342403655, "x1": 2.0796713053207676, "x2": 0.5612534972830219, "x3": 0.4419732747892582, "x4": 0.7944602898039844, "x5": 1.1643959718160357, "x6": 3.8781719141004083, "x7": 14.09989765061655, "x8": 0.9214057140285701, "x9": 1.1428494807247278}, "datetime": {"datetime": "2025-05-10 01:55:32", "elapsed": 3044.687847, "delta": 9.58913}}
{"target": 47.36019737611528, "params": {"x0": 1.0156871342403655, "x1": 2.0796713053207694, "x2": 0.5612534972830188, "x3": 0.44197327478926146, "x4": 0.7944602898039936, "x5": 1.1643959718159909, "x6": 3.87817191410041, "x7": 14.099897650616597, "x8": 0.9214057140285696, "x9": 1.1428494807247291}, "datetime": {"datetime": "2025-05-10 01:55:42", "elapsed": 3054.009088, "delta": 9.321241}}
{"target": 47.36019737611528, "params": {"x0": 1.0156871342403653, "x1": 2.0796713053207614, "x2": 0.5612534972830108, "x3": 0.4419732747892595, "x4": 0.7944602898039903, "x5": 1.1643959718160024, "x6": 3.8781719141004234, "x7": 14.09989765061659, "x8": 0.9214057140285695, "x9": 1.1428494807247291}, "datetime": {"datetime": "2025-05-10 01:55:51", "elapsed": 3063.542068, "delta": 9.53298}}
{"target": 47.36019737611528, "params": {"x0": 1.0156871342403653, "x1": 2.0796713053207654, "x2": 0.5612534972830182, "x3": 0.4419732747892574, "x4": 0.7944602898039858, "x5": 1.1643959718159467, "x6": 3.878171914100414, "x7": 14.099897650616594, "x8": 0.9214057140285693, "x9": 1.1428494807247276}, "datetime": {"datetime": "2025-05-10 01:56:01", "elapsed": 3073.542229, "delta": 10.000161}}
{"target": 47.36019737611528, "params": {"x0": 1.0156871342403655, "x1": 2.0796713053207636, "x2": 0.5612534972830192, "x3": 0.44197327478925225, "x4": 0.7944602898039906, "x5": 1.1643959718159973, "x6": 3.878171914100422, "x7": 14.099897650616565, "x8": 0.9214057140285697, "x9": 1.1428494807247291}, "datetime": {"datetime": "2025-05-10 01:56:11", "elapsed": 3082.92108, "delta": 9.378851}}
{"target": 47.36019737611528, "params": {"x0": 1.0156871342403657, "x1": 2.079671305320768, "x2": 0.5612534972830138, "x3": 0.44197327478926635, "x4": 0.7944602898039903, "x5": 1.1643959718160115, "x6": 3.8781719141004087, "x7": 14.099897650616585, "x8": 0.9214057140285697, "x9": 1.142849480724729}, "datetime": {"datetime": "2025-05-10 01:56:20", "elapsed": 3092.406476, "delta": 9.485396}}
{"target": 47.36019737611528, "params": {"x0": 1.0156871342403657, "x1": 2.079671305320764, "x2": 0.5612534972830128, "x3": 0.44197327478926635, "x4": 0.7944602898039871, "x5": 1.164395971815972, "x6": 3.8781719141004207, "x7": 14.099897650616557, "x8": 0.9214057140285701, "x9": 1.1428494807247287}, "datetime": {"datetime": "2025-05-10 01:56:30", "elapsed": 3102.043385, "delta": 9.636909}}
{"target": 47.36019737611528, "params": {"x0": 1.0156871342403653, "x1": 2.0796713053207596, "x2": 0.5612534972830183, "x3": 0.4419732747892567, "x4": 0.7944602898039879, "x5": 1.1643959718160082, "x6": 3.8781719141004154, "x7": 14.099897650616583, "x8": 0.9214057140285702, "x9": 1.142849480724728}, "datetime": {"datetime": "2025-05-10 01:56:39", "elapsed": 3111.59743, "delta": 9.554045}}
{"target": 47.36019737611528, "params": {"x0": 1.0156871342403655, "x1": 2.079671305320766, "x2": 0.5612534972830187, "x3": 0.4419732747892582, "x4": 0.794460289803991, "x5": 1.164395971815988, "x6": 3.878171914100418, "x7": 14.099897650616576, "x8": 0.9214057140285696, "x9": 1.1428494807247283}, "datetime": {"datetime": "2025-05-10 01:56:49", "elapsed": 3121.786233, "delta": 10.188803}}
{"target": 47.36019737611528, "params": {"x0": 1.0156871342403657, "x1": 2.0796713053207663, "x2": 0.5612534972830148, "x3": 0.44197327478926085, "x4": 0.794460289803991, "x5": 1.16439597181596, "x6": 3.8781719141004167, "x7": 14.099897650616583, "x8": 0.92140571402857, "x9": 1.1428494807247283}, "datetime": {"datetime": "2025-05-10 01:56:59", "elapsed": 3131.779466, "delta": 9.993233}}
{"target": 47.36019737611528, "params": {"x0": 1.0156871342403655, "x1": 2.0796713053207663, "x2": 0.56125349728302, "x3": 0.44197327478925696, "x4": 0.7944602898039894, "x5": 1.164395971815995, "x6": 3.8781719141004114, "x7": 14.099897650616562, "x8": 0.9214057140285699, "x9": 1.1428494807247287}, "datetime": {"datetime": "2025-05-10 01:57:10", "elapsed": 3141.864405, "delta": 10.084939}}
{"target": 47.36019737611528, "params": {"x0": 1.0156871342403653, "x1": 2.0796713053207645, "x2": 0.5612534972830198, "x3": 0.4419732747892572, "x4": 0.7944602898039902, "x5": 1.164395971815994, "x6": 3.8781719141004185, "x7": 14.099897650616573, "x8": 0.9214057140285697, "x9": 1.1428494807247285}, "datetime": {"datetime": "2025-05-10 01:57:20", "elapsed": 3152.693954, "delta": 10.829549}}
{"target": 47.36019737611528, "params": {"x0": 1.0156871342403655, "x1": 2.0796713053207663, "x2": 0.5612534972830164, "x3": 0.4419732747892603, "x4": 0.7944602898039889, "x5": 1.1643959718159753, "x6": 3.8781719141004123, "x7": 14.099897650616565, "x8": 0.9214057140285699, "x9": 1.1428494807247291}, "datetime": {"datetime": "2025-05-10 01:57:31", "elapsed": 3162.875334, "delta": 10.18138}}
{"target": 47.36019737611528, "params": {"x0": 1.0156871342403655, "x1": 2.079671305320765, "x2": 0.5612534972830163, "x3": 0.4419732747892648, "x4": 0.7944602898039892, "x5": 1.1643959718159762, "x6": 3.878171914100419, "x7": 14.099897650616565, "x8": 0.9214057140285699, "x9": 1.142849480724729}, "datetime": {"datetime": "2025-05-10 01:57:40", "elapsed": 3172.529519, "delta": 9.654185}}
{"target": 47.36019737611528, "params": {"x0": 1.0156871342403655, "x1": 2.0796713053207654, "x2": 0.5612534972830168, "x3": 0.4419732747892588, "x4": 0.7944602898039899, "x5": 1.1643959718159775, "x6": 3.8781719141004163, "x7": 14.099897650616562, "x8": 0.92140571402857, "x9": 1.1428494807247285}, "datetime": {"datetime": "2025-05-10 01:57:50", "elapsed": 3182.040868, "delta": 9.511349}}
{"target": 47.36019737611528, "params": {"x0": 1.0156871342403655, "x1": 2.079671305320762, "x2": 0.5612534972830151, "x3": 0.4419732747892589, "x4": 0.7944602898039893, "x5": 1.1643959718159824, "x6": 3.8781719141004145, "x7": 14.099897650616564, "x8": 0.9214057140285697, "x9": 1.1428494807247287}, "datetime": {"datetime": "2025-05-10 01:58:00", "elapsed": 3192.336132, "delta": 10.295264}}
{"target": 47.36019737611528, "params": {"x0": 1.0156871342403655, "x1": 2.0796713053207636, "x2": 0.5612534972830153, "x3": 0.44197327478925996, "x4": 0.7944602898039899, "x5": 1.1643959718159875, "x6": 3.878171914100417, "x7": 14.099897650616564, "x8": 0.9214057140285699, "x9": 1.1428494807247291}, "datetime": {"datetime": "2025-05-10 01:58:10", "elapsed": 3201.89571, "delta": 9.559578}}
{"target": 47.36019737611528, "params": {"x0": 1.0156871342403655, "x1": 2.079671305320764, "x2": 0.5612534972830151, "x3": 0.4419732747892623, "x4": 0.794460289803989, "x5": 1.1643959718159878, "x6": 3.878171914100416, "x7": 14.099897650616565, "x8": 0.9214057140285696, "x9": 1.1428494807247294}, "datetime": {"datetime": "2025-05-10 01:58:19", "elapsed": 3211.543216, "delta": 9.647506}}
{"target": 47.36019737611528, "params": {"x0": 1.0156871342403655, "x1": 2.0796713053207627, "x2": 0.5612534972830162, "x3": 0.4419732747892633, "x4": 0.7944602898039897, "x5": 1.164395971815973, "x6": 3.8781719141004145, "x7": 14.099897650616562, "x8": 0.9214057140285696, "x9": 1.142849480724729}, "datetime": {"datetime": "2025-05-10 01:58:29", "elapsed": 3221.249111, "delta": 9.705895}}
{"target": 47.36019737611528, "params": {"x0": 1.0156871342403655, "x1": 2.079671305320764, "x2": 0.5612534972830175, "x3": 0.44197327478926246, "x4": 0.7944602898039888, "x5": 1.1643959718159846, "x6": 3.8781719141004163, "x7": 14.099897650616565, "x8": 0.9214057140285697, "x9": 1.1428494807247291}, "datetime": {"datetime": "2025-05-10 01:58:39", "elapsed": 3231.213087, "delta": 9.963976}}
{"target": 47.36019737611528, "params": {"x0": 1.0156871342403655, "x1": 2.079671305320764, "x2": 0.5612534972830175, "x3": 0.4419732747892627, "x4": 0.7944602898039892, "x5": 1.1643959718159769, "x6": 3.8781719141004167, "x7": 14.099897650616569, "x8": 0.9214057140285697, "x9": 1.1428494807247291}, "datetime": {"datetime": "2025-05-10 01:58:50", "elapsed": 3242.15066, "delta": 10.937573}}
{"target": 47.36019737611528, "params": {"x0": 1.0156871342403655, "x1": 2.0796713053207645, "x2": 0.561253497283016, "x3": 0.44197327478926224, "x4": 0.7944602898039896, "x5": 1.1643959718159769, "x6": 3.8781719141004154, "x7": 14.09989765061657, "x8": 0.9214057140285699, "x9": 1.142849480724729}, "datetime": {"datetime": "2025-05-10 01:58:59", "elapsed": 3251.698748, "delta": 9.548088}}
{"target": 47.36019737611528, "params": {"x0": 1.0156871342403655, "x1": 2.0796713053207636, "x2": 0.5612534972830161, "x3": 0.4419732747892629, "x4": 0.794460289803989, "x5": 1.164395971815974, "x6": 3.878171914100415, "x7": 14.099897650616567, "x8": 0.9214057140285697, "x9": 1.142849480724729}, "datetime": {"datetime": "2025-05-10 01:59:09", "elapsed": 3261.828789, "delta": 10.130041}}
{"target": 47.36019737611528, "params": {"x0": 1.0156871342403655, "x1": 2.0796713053207636, "x2": 0.5612534972830173, "x3": 0.44197327478926157, "x4": 0.7944602898039894, "x5": 1.1643959718159744, "x6": 3.878171914100417, "x7": 14.099897650616569, "x8": 0.9214057140285697, "x9": 1.1428494807247287}, "datetime": {"datetime": "2025-05-10 01:59:19", "elapsed": 3271.678935, "delta": 9.850146}}
{"target": 47.36019737611528, "params": {"x0": 1.0156871342403655, "x1": 2.079671305320763, "x2": 0.561253497283017, "x3": 0.44197327478926274, "x4": 0.7944602898039888, "x5": 1.164395971815981, "x6": 3.8781719141004167, "x7": 14.099897650616569, "x8": 0.9214057140285697, "x9": 1.1428494807247287}, "datetime": {"datetime": "2025-05-10 01:59:30", "elapsed": 3281.846899, "delta": 10.167964}}
{"target": 47.36019737611528, "params": {"x0": 1.0156871342403655, "x1": 2.0796713053207636, "x2": 0.561253497283017, "x3": 0.4419732747892613, "x4": 0.7944602898039892, "x5": 1.164395971815978, "x6": 3.8781719141004167, "x7": 14.099897650616567, "x8": 0.9214057140285697, "x9": 1.142849480724729}, "datetime": {"datetime": "2025-05-10 01:59:39", "elapsed": 3291.558659, "delta": 9.71176}}
{"target": 47.36019737611528, "params": {"x0": 1.0156871342403655, "x1": 2.079671305320764, "x2": 0.561253497283017, "x3": 0.4419732747892613, "x4": 0.7944602898039893, "x5": 1.164395971815981, "x6": 3.8781719141004167, "x7": 14.099897650616565, "x8": 0.9214057140285697, "x9": 1.142849480724729}, "datetime": {"datetime": "2025-05-10 01:59:49", "elapsed": 3301.574566, "delta": 10.015907}}
{"target": 47.36019737611528, "params": {"x0": 1.0156871342403655, "x1": 2.079671305320764, "x2": 0.5612534972830171, "x3": 0.44197327478926246, "x4": 0.7944602898039895, "x5": 1.1643959718159815, "x6": 3.878171914100417, "x7": 14.099897650616567, "x8": 0.9214057140285697, "x9": 1.1428494807247287}, "datetime": {"datetime": "2025-05-10 01:59:59", "elapsed": 3311.310286, "delta": 9.73572}}
{"target": 47.36019737611528, "params": {"x0": 1.0156871342403655, "x1": 2.0796713053207636, "x2": 0.5612534972830167, "x3": 0.4419732747892614, "x4": 0.7944602898039893, "x5": 1.1643959718159786, "x6": 3.8781719141004154, "x7": 14.099897650616567, "x8": 0.9214057140285697, "x9": 1.1428494807247287}, "datetime": {"datetime": "2025-05-10 02:00:09", "elapsed": 3321.062713, "delta": 9.752427}}
