{"target": 34.98908849259235, "params": {"x0": 1.0545910874682518, "x1": 1.6021637732707832, "x2": 0.14117634155398562, "x3": 0.8052959785519032, "x4": 0.6484504358463831, "x5": 2.028686133379339, "x6": 3.985441148652468, "x7": 14.565226042839805, "x8": 1.1888048857433904, "x9": 1.25002446055016}, "datetime": {"datetime": "2025-05-10 01:12:07", "elapsed": 439.007373, "delta": 8.115896}}
{"target": 39.19396867865181, "params": {"x0": 1.0161219187950168, "x1": 1.947184178872901, "x2": 0.11455594317496387, "x3": 1.033404033150238, "x4": 0.9648260802668381, "x5": 1.9022859445383329, "x6": 4.304498048218071, "x7": 14.951525273794628, "x8": 1.165174683028949, "x9": 1.0980787992299812}, "datetime": {"datetime": "2025-05-10 01:12:15", "elapsed": 447.291964, "delta": 8.284591}}
{"target": 39.813850222514624, "params": {"x0": 1.0500851799654067, "x1": 2.0033130688320786, "x2": 0.36881620123466174, "x3": 0.9478494273142096, "x4": 0.8187463816068984, "x5": 1.4108513780700649, "x6": 4.16918467935349, "x7": 14.76219460674238, "x8": 1.2177518616199616, "x9": 1.4067767518718894}, "datetime": {"datetime": "2025-05-10 01:12:23", "elapsed": 455.243385, "delta": 7.951421}}
{"target": 43.348920961798676, "params": {"x0": 1.0063078419649647, "x1": 2.2020326753913313, "x2": 0.37952095710577805, "x3": 0.39954252382499145, "x4": 0.8689291438201363, "x5": 1.7401477319853977, "x6": 4.220937998367758, "x7": 14.853435070511294, "x8": 0.8939539382489897, "x9": 1.1728842146793834}, "datetime": {"datetime": "2025-05-10 01:12:31", "elapsed": 463.191342, "delta": 7.947957}}
{"target": 25.160296079350754, "params": {"x0": 0.9537067320751688, "x1": 1.9808570729400092, "x2": 0.12189011267400385, "x3": 0.7239285466089896, "x4": 0.9848539001207357, "x5": 1.3731180120813147, "x6": 4.139432844650412, "x7": 14.580549473724062, "x8": 0.6372160946603845, "x9": 1.0052618194663157}, "datetime": {"datetime": "2025-05-10 01:12:39", "elapsed": 471.448568, "delta": 8.257226}}
{"target": 31.611912516363276, "params": {"x0": 1.0536488408657811, "x1": 2.345131364496929, "x2": 0.556908907666862, "x3": 0.5084832582159261, "x4": 0.6424617908237774, "x5": 2.0831119340911552, "x6": 4.303262354688005, "x7": 15.347132740749757, "x8": 1.1250179974787344, "x9": 1.3237443703711445}, "datetime": {"datetime": "2025-05-10 01:12:47", "elapsed": 479.301568, "delta": 7.853}}
{"target": 31.359410751971517, "params": {"x0": 1.0489147409756994, "x1": 2.054361406763662, "x2": 0.43498511079445373, "x3": 0.33949133351163274, "x4": 1.3235945375371168, "x5": 1.8013967902279548, "x6": 3.8863168208037235, "x7": 14.983058244546362, "x8": 1.10191159155576, "x9": 1.3086583548019683}, "datetime": {"datetime": "2025-05-10 01:12:55", "elapsed": 487.382664, "delta": 8.081096}}
{"target": 38.200470143390625, "params": {"x0": 1.044654051074626, "x1": 2.4239270668285315, "x2": 0.013004562392958873, "x3": 0.2995623132394604, "x4": 0.6681392197933004, "x5": 1.7676874430735288, "x6": 4.580152172127258, "x7": 14.654255376194444, "x8": 1.0811158262250828, "x9": 1.2950809407897097}, "datetime": {"datetime": "2025-05-10 01:13:03", "elapsed": 495.565195, "delta": 8.182531}}
{"target": 34.806276706315145, "params": {"x0": 0.9717962537662695, "x1": 2.1716743680668027, "x2": 0.8067667778349598, "x3": 0.08668912776430812, "x4": 0.49079182959679046, "x5": 1.5320265928585395, "x6": 4.305003809499759, "x7": 14.552897047402181, "x8": 1.0623996374274736, "x9": 1.282861268178677}, "datetime": {"datetime": "2025-05-10 01:13:11", "elapsed": 503.517627, "delta": 7.952432}}
{"target": 33.679662296377515, "params": {"x0": 1.0373682713437904, "x1": 2.4941859900656707, "x2": 0.6381926207381933, "x3": 0.5411956265381431, "x4": 1.0565151058898306, "x5": 1.464211782016032, "x6": 4.753364375987606, "x7": 14.945370834264851, "x8": 1.0455550675096252, "x9": 1.073904866530019}, "datetime": {"datetime": "2025-05-10 01:13:19", "elapsed": 511.617075, "delta": 8.099448}}
{"target": 21.445888402908846, "params": {"x0": 1.0342622284059078, "x1": 2.643937324655313, "x2": 0.18993133320816769, "x3": 0.3657802678830389, "x4": 0.42189373285498594, "x5": 1.4141048178639848, "x6": 3.9222302816171197, "x7": 15.00779198065367, "x8": 1.0303949545835618, "x9": 1.0838028013449554}, "datetime": {"datetime": "2025-05-10 01:13:28", "elapsed": 520.220578, "delta": 8.603503}}
{"target": 26.75596811223925, "params": {"x0": 0.9811488941681159, "x1": 2.0232371564927103, "x2": 0.38794596902408623, "x3": 0.025803997414581194, "x4": 0.8584169873007577, "x5": 2.3267526714144022, "x6": 4.613815623577608, "x7": 14.726161585551635, "x8": 0.771157023547875, "x9": 1.0927109426783983}, "datetime": {"datetime": "2025-05-10 01:13:36", "elapsed": 528.339493, "delta": 8.118915}}
{"target": 27.895415996594235, "params": {"x0": 1.0289508949821287, "x1": 1.8307672778811508, "x2": 0.3046986420281839, "x3": 0.40952503960263065, "x4": 0.7249509348550445, "x5": 1.5564386491546554, "x6": 4.564241331274464, "x7": 15.061237596732704, "x8": 1.004471161479993, "x9": 1.24504015948027}, "datetime": {"datetime": "2025-05-10 01:13:44", "elapsed": 536.599616, "delta": 8.260123}}
{"target": 27.024734872853927, "params": {"x0": 1.0266865896804123, "x1": 2.6081093183063313, "x2": 0.5439264511199603, "x3": 0.47783064159232663, "x4": 0.9693148535874742, "x5": 1.9093539468254286, "x6": 4.288832868617808, "x7": 14.470729355738559, "x8": 0.9934194391568927, "x9": 1.2378245650001813}, "datetime": {"datetime": "2025-05-10 01:13:52", "elapsed": 544.72986, "delta": 8.130244}}
{"target": 28.78164546416946, "params": {"x0": 0.987966969021062, "x1": 2.1456547802180497, "x2": 0.36962392523940313, "x3": 0.9087920751688715, "x4": 0.6111158021230643, "x5": 1.9400149945956437, "x6": 4.2109458531696795, "x7": 14.8610923300234, "x8": 0.804434987431877, "x9": 1.2313305299681017}, "datetime": {"datetime": "2025-05-10 01:14:01", "elapsed": 553.310481, "delta": 8.580621}}
{"target": 37.55101384644177, "params": {"x0": 0.9898010563154522, "x1": 2.484214971995579, "x2": 0.0, "x3": 0.32510387128458856, "x4": 1.2320651908622806, "x5": 1.8525989478300384, "x6": 4.475230427216884, "x7": 15.142706693996638, "x8": 0.9745209939843912, "x9": 1.120282530919537}, "datetime": {"datetime": "2025-05-10 01:14:09", "elapsed": 561.541533, "delta": 8.231052}}
{"target": 33.8500068720241, "params": {"x0": 0.9914517348804035, "x1": 2.3197277905989355, "x2": 0.20273566703142745, "x3": 0.0, "x4": 1.1081937053709834, "x5": 1.4238389473350612, "x6": 4.391559303601116, "x7": 14.675529216910327, "x8": 0.966464288410851, "x9": 1.220225730063245}, "datetime": {"datetime": "2025-05-10 01:14:17", "elapsed": 569.59869, "delta": 8.057157}}
{"target": 36.0564848948718, "params": {"x0": 0.9929373455888596, "x1": 2.1579916611194174, "x2": 0.011281485802438873, "x3": 0.02684387845037417, "x4": 0.7603578782220439, "x5": 2.0289547468058147, "x6": 3.9916769531655234, "x7": 14.789814723637049, "x8": 0.9592132533946649, "x9": 1.1302768508339078}, "datetime": {"datetime": "2025-05-10 01:14:25", "elapsed": 577.790261, "delta": 8.191571}}
{"target": 34.61620472059551, "params": {"x0": 1.0183412887034593, "x1": 1.8968334183726914, "x2": 0.7109364812787833, "x3": 0.08712079850341564, "x4": 0.5388494208091836, "x5": 1.7613037152850346, "x6": 3.532699072741451, "x7": 14.163602959799498, "x8": 0.9526873218800974, "x9": 1.1345375872184553}, "datetime": {"datetime": "2025-05-10 01:14:33", "elapsed": 585.718552, "delta": 7.928291}}
{"target": 42.36641528995341, "params": {"x0": 1.0171379440296098, "x1": 1.9273533440745554, "x2": 0.6777949288614828, "x3": 0.7014284265784314, "x4": 0.5718573931102788, "x5": 1.135912913040083, "x6": 3.6015229653040817, "x7": 14.232586170870677, "x8": 0.9468139835169866, "x9": 1.2073961793942187}, "datetime": {"datetime": "2025-05-10 01:14:42", "elapsed": 593.850679, "delta": 8.132127}}
{"target": 39.45740901141337, "params": {"x0": 1.0160549338231453, "x1": 1.954821277206233, "x2": 0.6479675316859124, "x3": 0.2767691330097394, "x4": 1.0519868267321901, "x5": 1.1963363949346144, "x6": 3.6634644686104494, "x7": 14.29467106083474, "x8": 0.9415279789901869, "x9": 1.1418234464360317}, "datetime": {"datetime": "2025-05-10 01:14:49", "elapsed": 601.822802, "delta": 7.972123}}
{"target": 43.28182754715284, "params": {"x0": 1.0150802246373272, "x1": 1.9795424170247429, "x2": 0.6211228742278989, "x3": 0.4159834826723909, "x4": 0.6883118858793856, "x5": 1.386403171368958, "x6": 3.71921182158618, "x7": 14.75745607579627, "x8": 0.9367705749160672, "x9": 1.144929523260367}, "datetime": {"datetime": "2025-05-10 01:14:58", "elapsed": 609.906703, "delta": 8.083901}}
{"target": 44.42387613049922, "params": {"x0": 1.014202986370091, "x1": 2.0017914428614016, "x2": 0.5969626825156868, "x3": 0.527038968863931, "x4": 0.7492384225568534, "x5": 1.5365745345132904, "x6": 3.975001238295826, "x7": 14.400836222673284, "x8": 0.9324889112493595, "x9": 1.1477249924022686}, "datetime": {"datetime": "2025-05-10 01:15:06", "elapsed": 617.886544, "delta": 7.979841}}
{"target": 40.142379082257996, "params": {"x0": 1.0209138591144484, "x1": 1.8315863952109614, "x2": 0.7817881491141093, "x3": 0.718731487408516, "x4": 0.9381626621344267, "x5": 1.4793754269583486, "x6": 3.580899873106344, "x7": 14.463957026696834, "x8": 0.9652436382996737, "x9": 1.126339653466721}, "datetime": {"datetime": "2025-05-10 01:15:14", "elapsed": 625.899341, "delta": 8.012797}}
{"target": 35.98320775147196, "params": {"x0": 1.0202427718400127, "x1": 1.8486068999760055, "x2": 0.763305602454267, "x3": 0.3871945330734409, "x4": 0.5792066069370374, "x5": 1.1889407101605163, "x6": 4.123903544287782, "x7": 14.054598104077208, "x8": 0.9619681655946424, "x9": 1.1284781873602756}, "datetime": {"datetime": "2025-05-10 01:15:22", "elapsed": 633.94654, "delta": 8.047199}}
{"target": 41.88915563440051, "params": {"x0": 1.0196387932930204, "x1": 2.1396575314582584, "x2": 0.746671310460409, "x3": 0.6198594356322479, "x4": 0.8869673519493708, "x5": 1.2237040925957938, "x6": 3.981485306769547, "x7": 14.656525786212685, "x8": 0.9590202401601141, "x9": 1.130402867864475}, "datetime": {"datetime": "2025-05-10 01:15:30", "elapsed": 641.870861, "delta": 7.924321}}
{"target": 33.17989480221183, "params": {"x0": 1.0190952126007276, "x1": 1.8777119631242307, "x2": 0.7317004476659368, "x3": 0.3872951228449285, "x4": 0.8496369971711342, "x5": 1.6074006203489084, "x6": 4.033614485926608, "x7": 14.681289098736107, "x8": 0.9563671072690386, "x9": 1.1321350803182544}, "datetime": {"datetime": "2025-05-10 01:15:37", "elapsed": 649.800555, "delta": 7.929694}}
{"target": 42.51701384586032, "params": {"x0": 1.0186059899776638, "x1": 2.1134629746248557, "x2": 0.4756986938804619, "x3": 0.40126950744682877, "x4": 0.6252852289700075, "x5": 1.3181535365526218, "x6": 3.716431332595007, "x7": 14.268493541037072, "x8": 0.9539792876670707, "x9": 1.1617559132778814}, "datetime": {"datetime": "2025-05-10 01:15:45", "elapsed": 657.714568, "delta": 7.914013}}
{"target": 38.3639090118768, "params": {"x0": 1.0102402831232755, "x1": 2.10229582144851, "x2": 0.7061002722873894, "x3": 0.640231484139323, "x4": 0.637680548328692, "x5": 1.5677985485934172, "x6": 3.7422883231650887, "x7": 14.173669393062397, "x8": 0.9518302500252995, "x9": 1.16035282119032}, "datetime": {"datetime": "2025-05-10 01:15:53", "elapsed": 665.602208, "delta": 7.88764}}
{"target": 43.60216802909442, "params": {"x0": 1.0106365534479569, "x1": 1.9113375021330041, "x2": 0.4987388517211546, "x3": 0.6289122326117838, "x4": 0.6488363357515082, "x5": 1.3313002375712208, "x6": 3.7655596146781627, "x7": 14.528458647283754, "x8": 0.9498961161477055, "x9": 1.159090038311515}, "datetime": {"datetime": "2025-05-10 01:16:01", "elapsed": 673.544732, "delta": 7.942524}}
{"target": 42.67082951268228, "params": {"x0": 1.0174127760000116, "x1": 2.0831999895169595, "x2": 0.5085612348006079, "x3": 0.5479227958677649, "x4": 0.839600300681664, "x5": 1.5428897868446523, "x6": 3.786503777039929, "x7": 14.584841354658103, "x8": 0.948155395657871, "x9": 1.1579535337205902}, "datetime": {"datetime": "2025-05-10 01:16:09", "elapsed": 681.744327, "delta": 8.199595}}
{"target": 42.883871159545755, "params": {"x0": 1.0170917970370195, "x1": 2.075059134851404, "x2": 0.5174013795721157, "x3": 0.4445216252281702, "x4": 0.6679127322445237, "x5": 1.370302353990214, "x6": 4.144648953426134, "x7": 14.493529692660017, "x8": 0.9465887472170198, "x9": 1.1569306795887582}, "datetime": {"datetime": "2025-05-10 01:16:17", "elapsed": 689.60695, "delta": 7.862623}}
{"target": 44.14200369279853, "params": {"x0": 1.0168029159703267, "x1": 1.9358505200703997, "x2": 0.5253575098664729, "x3": 0.6013045781361157, "x4": 0.82243154383795, "x5": 1.3869295720425217, "x6": 3.917653400297159, "x7": 14.251792065765581, "x8": 0.9451787636202538, "x9": 1.156010110870109}, "datetime": {"datetime": "2025-05-10 01:16:25", "elapsed": 697.463838, "delta": 7.856888}}
{"target": 42.672815256822794, "params": {"x0": 1.0118630497298788, "x1": 2.0611382733733032, "x2": 0.6614073378999794, "x3": 0.46019992051896474, "x4": 0.6833646134038663, "x5": 1.4018940682895984, "x6": 3.837586589040277, "x7": 14.447999700951794, "x8": 0.9439097783831644, "x9": 1.1551815990233252}, "datetime": {"datetime": "2025-05-10 01:16:33", "elapsed": 705.424367, "delta": 7.960529}}
{"target": 40.457811214421405, "params": {"x0": 1.0120970433939, "x1": 1.9483792954006902, "x2": 0.5389624926698235, "x3": 0.46688382535346135, "x4": 0.6899519943191651, "x5": 1.657786954114613, "x6": 4.09867442262582, "x7": 14.280110455578045, "x8": 0.9427676916697839, "x9": 1.1544359383612195}, "datetime": {"datetime": "2025-05-10 01:16:41", "elapsed": 713.31302, "delta": 7.888653}}
{"target": 43.4209146483093, "params": {"x0": 1.0160983350486628, "x1": 2.049862375576042, "x2": 0.6491628533769639, "x3": 0.5811785980233537, "x4": 0.8025962079707728, "x5": 1.4274833568721, "x6": 4.08630710419282, "x7": 14.29218303228757, "x8": 0.9417398136277414, "x9": 1.1537648437653243}, "datetime": {"datetime": "2025-05-10 01:16:49", "elapsed": 721.486651, "delta": 8.173631}}
{"target": 42.892221840293395, "params": {"x0": 1.0159088001808056, "x1": 2.045055282304578, "x2": 0.5499825287405375, "x3": 0.5757646351074114, "x4": 0.7012164156843258, "x5": 1.555633933123909, "x6": 4.075176517603121, "x7": 14.498624094020428, "x8": 0.9408147233899032, "x9": 1.1422891261755184}, "datetime": {"datetime": "2025-05-10 01:16:57", "elapsed": 729.283926, "delta": 7.797275}}
{"target": 45.701309108976524, "params": {"x0": 1.0157382187997341, "x1": 2.0407288983602605, "x2": 0.5546805441180525, "x3": 0.4831858692447986, "x4": 0.7924582287421281, "x5": 1.448210680623926, "x6": 3.933242373814171, "x7": 14.312827138460856, "x8": 0.9249956803228702, "x9": 1.1428327127981934}, "datetime": {"datetime": "2025-05-10 01:17:05", "elapsed": 737.12454, "delta": 7.840614}}
{"target": 43.854368625094516, "params": {"x0": 1.0170431663649309, "x1": 2.007632061186231, "x2": 0.5187407264800632, "x3": 0.44591073456853614, "x4": 0.8291950639996116, "x5": 1.5233199564298858, "x6": 3.854188340799345, "x7": 14.238019416880292, "x8": 0.9186264340353542, "x9": 1.1469911504616574}, "datetime": {"datetime": "2025-05-10 01:17:13", "elapsed": 744.96669, "delta": 7.84215}}
{"target": 44.85692903625632, "params": {"x0": 1.0169126716084111, "x1": 2.0109417449036338, "x2": 0.5223347082438622, "x3": 0.44963824803616237, "x4": 0.8255213804738634, "x5": 1.3806123323985624, "x6": 3.9830539887016245, "x7": 14.380154087883364, "x8": 0.9307280019816345, "x9": 1.146575306695311}, "datetime": {"datetime": "2025-05-10 01:17:21", "elapsed": 753.116222, "delta": 8.149532}}
{"target": 44.243685095547036, "params": {"x0": 1.0167952263275435, "x1": 2.067537336471225, "x2": 0.5255692918312812, "x3": 0.5133787283325713, "x4": 0.8222150653006898, "x5": 1.3873721672210988, "x6": 3.869208607072162, "x7": 14.373421392941113, "x8": 0.9198365908299823, "x9": 1.1462010473055992}, "datetime": {"datetime": "2025-05-10 01:17:29", "elapsed": 760.975998, "delta": 7.859776}}
{"target": 46.09216614764923, "params": {"x0": 1.0166895255747626, "x1": 2.0648564926601285, "x2": 0.5284804170599583, "x3": 0.45601229606580324, "x4": 0.7656770758394226, "x5": 1.3934560185613816, "x6": 3.9908727638819794, "x7": 14.258292309428624, "x8": 0.920352499779271, "x9": 1.1458642138548587}, "datetime": {"datetime": "2025-05-10 01:17:36", "elapsed": 768.760362, "delta": 7.784364}}
{"target": 44.35210942521712, "params": {"x0": 1.0174981363335367, "x1": 2.085364947815016, "x2": 0.5062103090605783, "x3": 0.43291475886365716, "x4": 0.7429130958721228, "x5": 1.4399974813145444, "x6": 4.008442372718496, "x7": 14.304646914106021, "x8": 0.9164057963172118, "x9": 1.148440989753024}, "datetime": {"datetime": "2025-05-10 01:17:44", "elapsed": 776.485614, "delta": 7.725252}}
{"target": 46.39209817648303, "params": {"x0": 1.0159617758918658, "x1": 2.083314102299527, "x2": 0.5485235142594003, "x3": 0.4352245125838718, "x4": 0.7861646578099922, "x5": 1.351568702083535, "x6": 3.946785515480106, "x7": 14.216573165218966, "x8": 0.9239045328951244, "x9": 1.1435451155465097}, "datetime": {"datetime": "2025-05-10 01:17:52", "elapsed": 784.06519, "delta": 7.579576}}
{"target": 46.43736029682577, "params": {"x0": 1.0153431886614035, "x1": 2.0676251341060383, "x2": 0.565560146878926, "x3": 0.4528941285435135, "x4": 0.768750213135008, "x5": 1.3159644830773654, "x6": 3.9093113543385134, "x7": 14.181111892640757, "x8": 0.9208853047466491, "x9": 1.1415738819844132}, "datetime": {"datetime": "2025-05-10 01:17:59", "elapsed": 791.80215, "delta": 7.73696}}
{"target": 45.79409648079677, "params": {"x0": 1.0147246014309412, "x1": 2.056642856370596, "x2": 0.5485235142594003, "x3": 0.4652628597152627, "x4": 0.756560101862519, "x5": 1.2803602640711957, "x6": 3.946785515480106, "x7": 14.216573165218966, "x8": 0.9229987644505818, "x9": 1.1396026484223167}, "datetime": {"datetime": "2025-05-10 01:18:07", "elapsed": 799.454837, "delta": 7.652687}}
{"target": 45.70699651398034, "params": {"x0": 1.0147864601539875, "x1": 2.05774108414414, "x2": 0.5502271775213529, "x3": 0.44176227048893923, "x4": 0.757779112989768, "x5": 1.348008280182918, "x6": 3.9430380993659466, "x7": 14.149196747320369, "x8": 0.9227874184801885, "x9": 1.1397997717785264}, "datetime": {"datetime": "2025-05-10 01:18:15", "elapsed": 807.223857, "delta": 7.76902}}
{"target": 44.386255699868634, "params": {"x0": 1.015844244318078, "x1": 2.05872948914033, "x2": 0.5793598193007418, "x3": 0.4428754562943967, "x4": 0.7588762230042919, "x5": 1.3448039004723626, "x6": 3.8789572838138233, "x7": 14.209835523429106, "x8": 0.9191734023864636, "x9": 1.1431705811697115}, "datetime": {"datetime": "2025-05-10 01:18:23", "elapsed": 815.044012, "delta": 7.820155}}
{"target": 46.63921933513892, "params": {"x0": 1.0148922385703965, "x1": 2.075631214575176, "x2": 0.5531404416992918, "x3": 0.4619109335677187, "x4": 0.7776368042526525, "x5": 1.2900090074218677, "x6": 3.8819926908662925, "x7": 14.155260624931243, "x8": 0.922426016870816, "x9": 1.1430109112511817}, "datetime": {"datetime": "2025-05-10 01:18:30", "elapsed": 822.514988, "delta": 7.470976}}
{"target": 46.7991869521801, "params": {"x0": 1.0152755461477523, "x1": 2.0824363829739427, "x2": 0.5636971911019809, "x3": 0.4695752178382931, "x4": 0.7851904067026503, "x5": 1.2679468531146947, "x6": 3.90521355481768, "x7": 14.133287047378156, "x8": 0.9211164115652741, "x9": 1.1442323861279349}, "datetime": {"datetime": "2025-05-10 01:18:38", "elapsed": 830.218255, "delta": 7.703267}}
{"target": 46.716786076725995, "params": {"x0": 1.0155438614519015, "x1": 2.0892415513727096, "x2": 0.5563074665200985, "x3": 0.4772395021088675, "x4": 0.7927440091526481, "x5": 1.2900090074218677, "x6": 3.9214681595836516, "x7": 14.155260624931243, "x8": 0.9220331352791534, "x9": 1.1430109112511817}, "datetime": {"datetime": "2025-05-10 01:18:46", "elapsed": 837.9561, "delta": 7.737845}}
{"target": 46.827869625108036, "params": {"x0": 1.015034062374018, "x1": 2.088561034532833, "x2": 0.5703479432256751, "x3": 0.4626773619947761, "x4": 0.7919886489076483, "x5": 1.248090914238239, "x6": 3.8905844105283056, "x7": 14.153063267175934, "x8": 0.9219414629077656, "x9": 1.143133058738857}, "datetime": {"datetime": "2025-05-10 01:18:53", "elapsed": 845.702516, "delta": 7.746416}}
{"target": 46.807275679171795, "params": {"x0": 1.0148288011663438, "x1": 2.083355080707776, "x2": 0.5760010825308151, "x3": 0.45681418452778666, "x4": 0.7977671547818966, "x5": 1.2649684622832265, "x6": 3.8781496378823372, "x7": 14.136253480347822, "x8": 0.9226427565488833, "x9": 1.1421986304581409}, "datetime": {"datetime": "2025-05-10 01:19:01", "elapsed": 853.364596, "delta": 7.66208}}
{"target": 46.753848135813804, "params": {"x0": 1.0148493272871113, "x1": 2.093246392975384, "x2": 0.5754357686003011, "x3": 0.45740050227448564, "x4": 0.7867879936208249, "x5": 1.2632807074787276, "x6": 3.901775705909677, "x7": 14.137934459030634, "x8": 0.9225726271847715, "x9": 1.1439740441915016}, "datetime": {"datetime": "2025-05-10 01:19:09", "elapsed": 861.391697, "delta": 8.027101}}
{"target": 46.9881725455641, "params": {"x0": 1.015200323952234, "x1": 2.0843442119345372, "x2": 0.5657689003885117, "x3": 0.45792818824651466, "x4": 0.7966692386657894, "x5": 1.2344201003217994, "x6": 3.90065657637154, "x7": 14.139447339845164, "x8": 0.9213734150584603, "x9": 1.1438899456462372}, "datetime": {"datetime": "2025-05-10 01:19:17", "elapsed": 869.086697, "delta": 7.695}}
{"target": 46.94576329774085, "params": {"x0": 1.0150590016107504, "x1": 2.080759912725986, "x2": 0.5696610868001006, "x3": 0.45389139056049244, "x4": 0.8006477399602094, "x5": 1.2460402921507732, "x6": 3.909217917338289, "x7": 14.151020878076318, "x8": 0.9208905743865508, "x9": 1.1445332995175104}, "datetime": {"datetime": "2025-05-10 01:19:24", "elapsed": 876.703019, "delta": 7.616322}}
