{"target": 2.2868572819552953e-10, "params": {"x0": 0.9668088018810296, "x1": 7.454952890323638, "x2": 0.0011437481734488664, "x3": 3.0233257263183977, "x4": 1.4675589081711304, "x5": 1.846771895375956, "x6": 3.725204227553418, "x7": 6.911214540860955, "x8": 0.8538582010382728, "x9": 1.9698701212060423}, "datetime": {"datetime": "2025-05-10 01:04:48", "elapsed": 0.0, "delta": 0.0}}
{"target": 1.8814620610770498e-10, "params": {"x0": 0.9676778057613179, "x1": 7.135497453610512, "x2": 2.0445224973151745, "x3": 8.781174363909454, "x4": 0.27387593197926163, "x5": 13.409350203568044, "x6": 8.34609604734254, "x7": 11.173796568915034, "x8": 0.3667351833309441, "x9": 1.3565826803527818}, "datetime": {"datetime": "2025-05-10 01:04:55", "elapsed": 7.818767, "delta": 7.818767}}
{"target": 4.287445978928491e-13, "params": {"x0": 1.1202978274702147, "x1": 9.711180339046518, "x2": 3.1342417815924284, "x3": 6.923226156693141, "x4": 8.763891522960384, "x5": 17.892133270076947, "x6": 1.7008842273955582, "x7": 0.7810956646576472, "x8": 0.42267779717268095, "x9": 2.5806565061729434}, "datetime": {"datetime": "2025-05-10 01:05:04", "elapsed": 15.866645, "delta": 8.047878}}
{"target": 0.7467724846181601, "params": {"x0": 0.8393387335332201, "x1": 4.732079387545975, "x2": 9.57889530150502, "x3": 5.331652849730171, "x4": 6.9187711395047335, "x5": 6.310312620121259, "x6": 13.730018553631673, "x7": 16.692513437947458, "x8": 0.13474772695396442, "x9": 2.3502597669009413}, "datetime": {"datetime": "2025-05-10 01:05:11", "elapsed": 23.679915, "delta": 7.81327}}
{"target": 4.5712775354887414e-10, "params": {"x0": 1.195544435562598, "x1": 7.708307454856539, "x2": 2.804439920644052, "x3": 7.892793284514886, "x4": 1.0322600657764203, "x5": 8.957870523518103, "x6": 18.17191006186191, "x7": 5.8722829674735895, "x8": 0.6467731433140625, "x9": 1.2340514298128997}, "datetime": {"datetime": "2025-05-10 01:05:19", "elapsed": 31.405415, "delta": 7.7255}}
{"target": 3.4016666390142834e-09, "params": {"x0": 0.8077467831481189, "x1": 7.077403349753008, "x2": 2.1162811600005904, "x3": 2.655466593722262, "x4": 4.9157315928033825, "x5": 1.0672509023416077, "x6": 11.482352109840262, "x7": 2.934571498116203, "x8": 1.2196805201162402, "x9": 2.259565048037676}, "datetime": {"datetime": "2025-05-10 01:05:27", "elapsed": 39.166989, "delta": 7.761574}}
{"target": 0.004918098123928375, "params": {"x0": 0.8409337715311304, "x1": 4.667909489158071, "x2": 6.944001577277451, "x3": 4.141792695269027, "x4": 0.4995345894608716, "x5": 10.717928118310232, "x6": 13.275892904395777, "x7": 10.297782241166171, "x8": 1.8947300363825452, "x9": 2.055799072903587}, "datetime": {"datetime": "2025-05-10 01:05:36", "elapsed": 47.984679, "delta": 8.81769}}
{"target": 0.009231468132407513, "params": {"x0": 1.1613607661151533, "x1": 2.1510198077307616, "x2": 1.3927634725075855, "x3": 8.073912887095238, "x4": 3.9767683698553355, "x5": 3.3070839423386555, "x6": 18.550171607920678, "x7": 6.955317194910132, "x8": 1.5265429959586956, "x9": 2.306796373630813}, "datetime": {"datetime": "2025-05-10 01:05:44", "elapsed": 55.922021, "delta": 7.937342}}
{"target": 6.013106906307927e-11, "params": {"x0": 1.1533224364823238, "x1": 6.575417084206041, "x2": 7.509424340273371, "x3": 3.4889834197784255, "x4": 2.6992789176502607, "x5": 17.917724363921337, "x6": 8.561823797425898, "x7": 19.29680094296771, "x8": 1.3605388458550514, "x9": 2.1190522963764193}, "datetime": {"datetime": "2025-05-10 01:05:52", "elapsed": 63.964398, "delta": 8.042377}}
{"target": 5.942733836323633e-11, "params": {"x0": 0.8458983891813501, "x1": 9.540352254234348, "x2": 4.499121334799405, "x3": 5.783896143871318, "x4": 4.081368027612812, "x5": 4.740539604860555, "x6": 18.067590411245074, "x7": 11.473589733445717, "x8": 0.10545362135920205, "x9": 2.110860844517303}, "datetime": {"datetime": "2025-05-10 01:06:00", "elapsed": 72.082618, "delta": 8.11822}}
{"target": 0.245337907704436, "params": {"x0": 0.9306579607088384, "x1": 5.696228730544245, "x2": 8.859420993107745, "x3": 3.5726976000249975, "x4": 9.085351509197992, "x5": 12.467202315836055, "x6": 0.31642485693112565, "x7": 18.588744674875226, "x8": 1.4127041432821554, "x9": 2.795181130812665}, "datetime": {"datetime": "2025-05-10 01:06:07", "elapsed": 79.703333, "delta": 7.620715}}
{"target": 0.2517043820630495, "params": {"x0": 0.8689362033381315, "x1": 2.1479353216227874, "x2": 9.325954630371635, "x3": 6.9681816148990015, "x4": 0.6600017272206249, "x5": 15.109261052049327, "x6": 15.077523769224928, "x7": 18.460490710929665, "x8": 1.4518970413940964, "x9": 1.2236877315498964}, "datetime": {"datetime": "2025-05-10 01:06:15", "elapsed": 87.462044, "delta": 7.758711}}
{"target": 1.8729662396632853, "params": {"x0": 0.8079520535359183, "x1": 1.1385199805872455, "x2": 0.28306488020794607, "x3": 2.462110676030459, "x4": 8.60027948682888, "x5": 10.776621286833057, "x6": 11.056439573715318, "x7": 16.840617847192114, "x8": 0.33592929872783117, "x9": 1.5025306222200512}, "datetime": {"datetime": "2025-05-10 01:06:23", "elapsed": 95.130874, "delta": 7.66883}}
{"target": 2.0011634006541925e-13, "params": {"x0": 1.034303708583315, "x1": 9.72332130970904, "x2": 5.6103021925571, "x3": 0.1864728937294302, "x4": 8.006326726806163, "x5": 4.659485476820409, "x6": 16.142103912375582, "x7": 7.757212881283435, "x8": 1.7407295236629146, "x9": 2.3448189569269324}, "datetime": {"datetime": "2025-05-10 01:06:31", "elapsed": 102.959957, "delta": 7.829083}}
{"target": 26.163635665720932, "params": {"x0": 1.0224960935961676, "x1": 2.1417425535122336, "x2": 0.5991768951221166, "x3": 1.2134345574073735, "x4": 0.44551878544761725, "x5": 2.149882582121858, "x6": 4.514186772157094, "x7": 14.259779607653533, "x8": 1.1634622659028706, "x9": 1.0226007642864086}, "datetime": {"datetime": "2025-05-10 01:06:38", "elapsed": 110.190187, "delta": 7.23023}}
{"target": 5.974265882004689e-12, "params": {"x0": 0.8287897118757948, "x1": 9.702214603002476, "x2": 5.681004619199421, "x3": 2.032932346609905, "x4": 2.5232574457032344, "x5": 14.87651708150186, "x6": 3.908589622186376, "x7": 11.627178545465156, "x8": 1.9430379792677934, "x9": 2.5242918426820635}, "datetime": {"datetime": "2025-05-10 01:06:46", "elapsed": 117.939976, "delta": 7.749789}}
{"target": 7.475217760576731e-10, "params": {"x0": 0.8959391036590345, "x1": 5.393304399845443, "x2": 6.1995571838137975, "x3": 8.289808995501787, "x4": 1.5679139464608427, "x5": 0.37152404354819035, "x6": 1.4004428743844466, "x7": 9.726902218740637, "x8": 1.2520259771413278, "x9": 2.0239325867556666}, "datetime": {"datetime": "2025-05-10 01:06:54", "elapsed": 125.942736, "delta": 8.00276}}
{"target": 3.718343286383493e-12, "params": {"x0": 0.9269449637288643, "x1": 9.896407005153284, "x2": 5.797452192457969, "x3": 3.801411726235504, "x4": 5.509482191178968, "x5": 14.906688618130042, "x6": 13.384657869063691, "x7": 5.298391153256188, "x8": 0.22603618541403897, "x9": 1.6661515562453912}, "datetime": {"datetime": "2025-05-10 01:07:01", "elapsed": 133.631778, "delta": 7.689042}}
{"target": 2.284549555892352, "params": {"x0": 1.0518870028086258, "x1": 2.81258349022504, "x2": 7.527555537388139, "x3": 0.6653648135411494, "x4": 2.6031509857854096, "x5": 16.09509127486691, "x6": 3.8686856524665547, "x7": 12.789217617598803, "x8": 1.096873587335094, "x9": 2.664654346718831}, "datetime": {"datetime": "2025-05-10 01:07:09", "elapsed": 141.492186, "delta": 7.860408}}
{"target": 3.08359825164803, "params": {"x0": 0.9053187081948444, "x1": 1.5002459252246165, "x2": 7.350659632886694, "x3": 7.721780295432468, "x4": 9.07815852503524, "x5": 18.639441383936745, "x6": 0.2790314595119403, "x7": 4.687241722428411, "x8": 1.2718788783031496, "x9": 2.7082293772377097}, "datetime": {"datetime": "2025-05-10 01:07:17", "elapsed": 149.098974, "delta": 7.606788}}
{"target": 0.09254031642707948, "params": {"x0": 1.180070447698832, "x1": 5.965544012575924, "x2": 9.156063497662746, "x3": 6.415662089463376, "x4": 3.9000771414124626, "x5": 9.719813341938195, "x6": 12.086209658399465, "x7": 10.99095843017125, "x8": 1.859744710742262, "x9": 2.6537201841404907}, "datetime": {"datetime": "2025-05-10 01:07:25", "elapsed": 157.040722, "delta": 7.941748}}
{"target": 8.803435523921224e-13, "params": {"x0": 0.957950245169422, "x1": 9.665689008810478, "x2": 1.7395566668046436, "x3": 1.2632951943963733, "x4": 1.3507915804673132, "x5": 10.113243313537934, "x6": 0.43049610548395956, "x7": 18.95940422435362, "x8": 1.6715193952243916, "x9": 1.0270341653358204}, "datetime": {"datetime": "2025-05-10 01:07:33", "elapsed": 164.968894, "delta": 7.928172}}
{"target": 0.21589328354466453, "params": {"x0": 0.8704785022300221, "x1": 3.9217785267382164, "x2": 1.309968448109169, "x3": 8.094906921265821, "x4": 3.4473665268329343, "x5": 18.802149646667342, "x6": 11.6402835989416, "x7": 17.57663968823688, "x8": 1.7049954462452215, "x9": 2.6297061736755687}, "datetime": {"datetime": "2025-05-10 01:07:40", "elapsed": 172.175717, "delta": 7.206823}}
{"target": 2.277769549147279e-09, "params": {"x0": 0.9839521063267228, "x1": 5.871756025785397, "x2": 7.986035911520394, "x3": 2.8571885173414757, "x4": 4.902535226199277, "x5": 11.982206152917566, "x6": 0.31066551101671447, "x7": 11.869628163932743, "x8": 0.9239850630799706, "x9": 2.4532489519927143}, "datetime": {"datetime": "2025-05-10 01:07:48", "elapsed": 180.003603, "delta": 7.827886}}
{"target": 2.2320009151154289e-10, "params": {"x0": 0.9260979212381492, "x1": 9.025287247578877, "x2": 5.778572152845355, "x3": 1.8401020162746506, "x4": 7.879292338255043, "x5": 12.240623540898678, "x6": 1.0781854414750591, "x7": 8.403873600022644, "x8": 1.3902307894743162, "x9": 2.6534832003595463}, "datetime": {"datetime": "2025-05-10 01:07:56", "elapsed": 188.348599, "delta": 8.344996}}
{"target": 1.125807717469173e-10, "params": {"x0": 0.800160809956543, "x1": 9.788508256182643, "x2": 3.7658031474577447, "x3": 9.737835383583226, "x4": 6.04716100974053, "x5": 16.57691615961386, "x6": 11.494230094162045, "x7": 12.561523966147007, "x8": 0.6425949352218184, "x9": 2.056300013180949}, "datetime": {"datetime": "2025-05-10 01:08:04", "elapsed": 196.202396, "delta": 7.853797}}
{"target": 3.081811951513875e-11, "params": {"x0": 1.1000087054810639, "x1": 8.710655911504285, "x2": 7.550821884676802, "x3": 6.98057248447303, "x4": 8.644794300545998, "x5": 6.453619936734929, "x6": 13.415775815751745, "x7": 9.017478728266983, "x8": 0.8259952288598826, "x9": 1.739460429859934}, "datetime": {"datetime": "2025-05-10 01:08:12", "elapsed": 204.017817, "delta": 7.815421}}
{"target": 1.2506324746053974, "params": {"x0": 0.9605918333878163, "x1": 3.7881939082203195, "x2": 6.2191936792030145, "x3": 4.302472708212644, "x4": 9.738020779272523, "x5": 13.556017828686223, "x6": 3.9713977685422175, "x7": 8.534020186960657, "x8": 0.7523578555714037, "x9": 2.43574984712542}, "datetime": {"datetime": "2025-05-10 01:08:19", "elapsed": 211.585341, "delta": 7.567524}}
{"target": 1.389412777564945e-12, "params": {"x0": 1.1519993154253727, "x1": 9.124961798019985, "x2": 6.627198123752622, "x3": 2.7020826202975776, "x4": 2.5236670150458975, "x5": 17.097958853948047, "x6": 10.554292926174933, "x7": 16.04322168009196, "x8": 1.187728182664052, "x9": 2.31965654551752}, "datetime": {"datetime": "2025-05-10 01:08:27", "elapsed": 219.462197, "delta": 7.876856}}
{"target": 4.457367958910375e-12, "params": {"x0": 1.0076046509856222, "x1": 7.91504358556718, "x2": 5.688579907047155, "x3": 4.657098785919809, "x4": 3.4268890795328177, "x5": 1.3641869683340824, "x6": 7.558483586561997, "x7": 1.5925215539650472, "x8": 1.9673525160878456, "x9": 1.3269031323953748}, "datetime": {"datetime": "2025-05-10 01:08:35", "elapsed": 227.167114, "delta": 7.704917}}
{"target": 9.664461107269193e-11, "params": {"x0": 1.1247434790882158, "x1": 8.862150969098673, "x2": 6.884132523859433, "x3": 5.694944127453757, "x4": 1.6097143681560877, "x5": 9.337600455266127, "x6": 6.9034410231043, "x7": 4.500799156281692, "x8": 1.225772550655014, "x9": 1.5620857078634505}, "datetime": {"datetime": "2025-05-10 01:08:42", "elapsed": 234.827483, "delta": 7.660369}}
{"target": 1.9030616686073502e-12, "params": {"x0": 1.1665222213873403, "x1": 9.17768327705917, "x2": 2.5711829378219617, "x3": 1.108913007440292, "x4": 1.9296273201911285, "x5": 9.991683413577721, "x6": 14.571713359491925, "x7": 4.16388876817583, "x8": 0.5712637609167384, "x9": 2.5330093748854603}, "datetime": {"datetime": "2025-05-10 01:08:50", "elapsed": 242.82937, "delta": 8.001887}}
{"target": 1.892656882560232e-07, "params": {"x0": 0.9663394873070109, "x1": 6.511834111112649, "x2": 2.3366613923925006, "x3": 1.0196725942579743, "x4": 5.158570169685298, "x5": 9.542819740995647, "x6": 3.053432881863265, "x7": 12.43612463480831, "x8": 1.1336192257464826, "x9": 2.1774472245473397}, "datetime": {"datetime": "2025-05-10 01:08:58", "elapsed": 250.537422, "delta": 7.708052}}
{"target": 1.8524342348027972e-09, "params": {"x0": 0.857818216049864, "x1": 7.738903135930719, "x2": 2.220491397999227, "x3": 5.19351824366033, "x4": 7.8529602822161895, "x5": 0.4466085598361236, "x6": 6.48724919452373, "x7": 17.45844752800222, "x8": 1.7049482544439323, "x9": 1.9691930666701785}, "datetime": {"datetime": "2025-05-10 01:09:06", "elapsed": 258.44615, "delta": 7.908728}}
{"target": 6.779672403826003e-12, "params": {"x0": 1.146643309666605, "x1": 9.543234521318002, "x2": 8.264069976293413, "x3": 8.541154438365387, "x4": 0.9874340182034835, "x5": 13.02608664681982, "x6": 14.07033976305306, "x7": 12.204816252932593, "x8": 1.6192689972984533, "x9": 1.0622281957689417}, "datetime": {"datetime": "2025-05-10 01:09:14", "elapsed": 266.486305, "delta": 8.040155}}
{"target": 5.957381401694391e-10, "params": {"x0": 1.108095493821992, "x1": 7.558730266729695, "x2": 2.596983932983531, "x3": 2.5706929882214666, "x4": 6.323033174301278, "x5": 6.905949231821631, "x6": 15.93177356014575, "x7": 8.922924640069144, "x8": 1.5872238880899268, "x9": 2.782849210522913}, "datetime": {"datetime": "2025-05-10 01:09:22", "elapsed": 274.451194, "delta": 7.964889}}
{"target": 0.3649203855560642, "params": {"x0": 0.9200993358135601, "x1": 2.2013530371487042, "x2": 9.013084363492737, "x3": 5.415593788873733, "x4": 9.747403708550822, "x5": 12.732088000037944, "x6": 19.878260492209577, "x7": 10.921416082859032, "x8": 1.1002092744204905, "x9": 1.243770225529906}, "datetime": {"datetime": "2025-05-10 01:09:30", "elapsed": 282.229838, "delta": 7.778644}}
{"target": 0.11403393914134982, "params": {"x0": 0.9422820683935524, "x1": 1.138588962396997, "x2": 1.603951795196491, "x3": 7.456371927074961, "x4": 0.3039968992878883, "x5": 7.330861944874886, "x6": 17.246925056760883, "x7": 13.853554350147085, "x8": 1.4127900699257203, "x9": 1.3395462417195596}, "datetime": {"datetime": "2025-05-10 01:09:37", "elapsed": 289.525017, "delta": 7.295179}}
{"target": 1.7690985360538875e-10, "params": {"x0": 0.9767617122993694, "x1": 6.19235440683305, "x2": 9.897517076637053, "x3": 2.0390622523312185, "x4": 2.4773290176235485, "x5": 5.243461675458239, "x6": 15.003448265959856, "x7": 9.139506548713856, "x8": 0.2081659329810805, "x9": 1.915329233098431}, "datetime": {"datetime": "2025-05-10 01:09:45", "elapsed": 297.530209, "delta": 8.005192}}
{"target": 2.1298163012370965e-08, "params": {"x0": 0.8847840658574704, "x1": 8.167298627317912, "x2": 2.9733138150727223, "x3": 0.2760601195450363, "x4": 5.93432449464621, "x5": 16.876808578623777, "x6": 7.620322481244283, "x7": 14.997166214522867, "x8": 1.0711688087645435, "x9": 1.9737132489319396}, "datetime": {"datetime": "2025-05-10 01:09:53", "elapsed": 305.295541, "delta": 7.765332}}
{"target": 4.888991616893046e-10, "params": {"x0": 1.183773728424701, "x1": 8.216044112637686, "x2": 0.3232306662357398, "x3": 7.0938725123129505, "x4": 4.6500148156350605, "x5": 18.950978827901995, "x6": 4.428654686469766, "x7": 5.341440393687316, "x8": 0.2548005332667978, "x9": 1.7715138915948156}, "datetime": {"datetime": "2025-05-10 01:10:01", "elapsed": 312.970186, "delta": 7.674645}}
{"target": 0.10873230156586074, "params": {"x0": 0.8436075056076273, "x1": 6.6674595215684525, "x2": 8.029632373737378, "x3": 6.9680049612017845, "x4": 7.662113810757704, "x5": 6.849082396870396, "x6": 16.917029660553553, "x7": 8.575375499988851, "x8": 1.6656187537834057, "x9": 2.1276930855237284}, "datetime": {"datetime": "2025-05-10 01:10:08", "elapsed": 320.436283, "delta": 7.466097}}
{"target": 9.451310705207204, "params": {"x0": 0.857369219468098, "x1": 1.6133207886800265, "x2": 0.1833264291300729, "x3": 0.6672499763935646, "x4": 4.585838137084318, "x5": 2.2668384553518095, "x6": 0.5556669769733991, "x7": 15.097229627809348, "x8": 0.8502159128752148, "x9": 2.344489292093545}, "datetime": {"datetime": "2025-05-10 01:10:15", "elapsed": 327.752209, "delta": 7.315926}}
{"target": 2.081273763409845e-05, "params": {"x0": 0.9809619306985806, "x1": 4.995789397706926, "x2": 4.7807250671783095, "x3": 4.74003926562194, "x4": 8.031633421141697, "x5": 8.047850397154717, "x6": 18.09372320687246, "x7": 0.7412209590807173, "x8": 1.5703612511687954, "x9": 1.2261544860479299}, "datetime": {"datetime": "2025-05-10 01:10:24", "elapsed": 335.903288, "delta": 8.151079}}
{"target": 0.4127241690566222, "params": {"x0": 1.047405426764834, "x1": 0.9943147781506106, "x2": 5.38627282576347, "x3": 0.030179566195963625, "x4": 9.511937854902046, "x5": 18.108040674055562, "x6": 15.919338838845388, "x7": 18.30548639829575, "x8": 0.3765606392009544, "x9": 1.28391412576696}, "datetime": {"datetime": "2025-05-10 01:10:31", "elapsed": 343.379168, "delta": 7.47588}}
{"target": 0.035304623753496946, "params": {"x0": 0.8750526691609737, "x1": 6.564712710929283, "x2": 9.058094960083018, "x3": 9.899551783590736, "x4": 7.1112245876581595, "x5": 14.636008182845906, "x6": 18.18586409088509, "x7": 8.017474647422418, "x8": 0.5747162924275698, "x9": 1.312174307416821}, "datetime": {"datetime": "2025-05-10 01:10:39", "elapsed": 350.981987, "delta": 7.602819}}
{"target": 6.919412419701507e-10, "params": {"x0": 0.8477828201334916, "x1": 8.29475635109874, "x2": 1.4679237341724316, "x3": 2.642974827269007, "x4": 8.190891786335309, "x5": 6.211745035884199, "x6": 19.648348985858856, "x7": 5.332774043032704, "x8": 1.1139413554453017, "x9": 1.5660406201345292}, "datetime": {"datetime": "2025-05-10 01:10:46", "elapsed": 358.638749, "delta": 7.656762}}
{"target": 0.29550986091901627, "params": {"x0": 1.164309132469535, "x1": 4.235665459046233, "x2": 4.3359232727316455, "x3": 5.122926922783614, "x4": 9.388864773697133, "x5": 0.6189801254230143, "x6": 14.337573272633783, "x7": 17.820379085846778, "x8": 0.15184572468319074, "x9": 1.9396922450545193}, "datetime": {"datetime": "2025-05-10 01:10:54", "elapsed": 366.026563, "delta": 7.387814}}
{"target": 8.422936356191089e-11, "params": {"x0": 0.9303959247080101, "x1": 8.72135281987683, "x2": 5.585165509225178, "x3": 6.902278681627479, "x4": 4.528534999515374, "x5": 12.566180750427144, "x6": 5.8019370337485165, "x7": 0.18697155933031562, "x8": 1.1958362764754724, "x9": 1.5605995854384331}, "datetime": {"datetime": "2025-05-10 01:11:01", "elapsed": 373.715767, "delta": 7.689204}}
{"target": 7.279323883602028e-14, "params": {"x0": 1.006907039400452, "x1": 9.23929326279047, "x2": 4.26474788501396, "x3": 2.473960366023854, "x4": 3.7129376127905447, "x5": 18.63722233273081, "x6": 18.73736762618187, "x7": 16.886598971314264, "x8": 1.8483923771807549, "x9": 1.4102205219123705}, "datetime": {"datetime": "2025-05-10 01:11:09", "elapsed": 381.495009, "delta": 7.779242}}
{"target": 13.74605395275162, "params": {"x0": 1.0865387378381224, "x1": 0.9, "x2": 0.3189726926930881, "x3": 0.5921684724769245, "x4": 0.0, "x5": 1.6989319375860967, "x6": 5.387592134446274, "x7": 14.907317200612358, "x8": 1.2391805427098623, "x9": 1.0}, "datetime": {"datetime": "2025-05-10 01:11:17", "elapsed": 389.594587, "delta": 8.099578}}
{"target": 28.46214091506499, "params": {"x0": 0.9966730416178379, "x1": 2.1956533131052383, "x2": 0.576343938237209, "x3": 1.20757581495672, "x4": 0.9776216829874539, "x5": 2.206194946979545, "x6": 3.959324303804942, "x7": 14.300059926885199, "x8": 1.1189112534667178, "x9": 1.1805825456268766}, "datetime": {"datetime": "2025-05-10 01:11:25", "elapsed": 397.497654, "delta": 7.903067}}
{"target": 5.3940562982558795, "params": {"x0": 0.9423150945383969, "x1": 3.1191724515246833, "x2": 0.8025384370811047, "x3": 1.734773160003513, "x4": 0.8047923537461786, "x5": 2.5205263784705587, "x6": 3.360765001673231, "x7": 13.978757091090877, "x8": 1.0634797023569669, "x9": 1.0}, "datetime": {"datetime": "2025-05-10 01:11:33", "elapsed": 405.719016, "delta": 8.221362}}
{"target": 37.565205535023935, "params": {"x0": 1.0209682269409075, "x1": 1.7762204538170296, "x2": 0.4792036625184478, "x3": 0.9840843434525133, "x4": 0.9204181648796301, "x5": 2.0570416283282524, "x6": 4.266975183140819, "x7": 14.478145415685235, "x8": 1.1462396744726673, "x9": 1.211549624319939}, "datetime": {"datetime": "2025-05-10 01:11:42", "elapsed": 413.913705, "delta": 8.194689}}
{"target": 29.924650629070772, "params": {"x0": 1.0461290317079375, "x1": 1.676415525397037, "x2": 0.45349132669547776, "x3": 0.87327622579406, "x4": 1.220690083973395, "x5": 2.0267968472361404, "x6": 4.545200346186629, "x7": 14.30302910341164, "x8": 1.1727153192055422, "x9": 1.3640524049460083}, "datetime": {"datetime": "2025-05-10 01:11:50", "elapsed": 422.708131, "delta": 8.794426}}
{"target": 32.74858464871061, "params": {"x0": 0.9725086890274381, "x1": 1.5445692367018256, "x2": 0.7851223651012921, "x3": 1.0177119683668556, "x4": 0.8607167716589468, "x5": 2.0203008544782755, "x6": 4.175228457278849, "x7": 14.765499877339083, "x8": 1.0758705979662255, "x9": 1.0917043448550676}, "datetime": {"datetime": "2025-05-10 01:11:59", "elapsed": 430.891477, "delta": 8.183346}}
