{"target": 119.27622831571826, "params": {"x0": 0.8743686107142786, "x1": 3.051844220845118, "x2": 0.011149579052902567, "x3": 0.06825841434417443, "x4": 1.9909467425489613, "x5": 1.327721033131258, "x6": 8.61079395565887, "x7": -6.524654639778151, "x8": 1.752320349643694, "x9": 1.1036827394385686}, "datetime": {"datetime": "2025-05-14 13:39:11", "elapsed": 733.459093, "delta": 6.32357}}
{"target": 119.35818848731739, "params": {"x0": 0.8743958597215234, "x1": 3.055806675061546, "x2": 0.01380824110065967, "x3": 0.06738205816373237, "x4": 1.9892536775295226, "x5": 1.3324098336361294, "x6": 8.613945209991142, "x7": -6.5212590473347145, "x8": 1.752582197519773, "x9": 1.1034657060110613}, "datetime": {"datetime": "2025-05-14 13:39:17", "elapsed": 739.62253, "delta": 6.163437}}
{"target": 119.40924780631264, "params": {"x0": 0.8743686107142786, "x1": 3.0597691292779734, "x2": 0.016466903148416773, "x3": 0.06825841434417443, "x4": 1.987560612510084, "x5": 1.3370986341410007, "x6": 8.617096464323414, "x7": -6.517863454891278, "x8": 1.752844045395852, "x9": 1.1036827394385686}, "datetime": {"datetime": "2025-05-14 13:39:23", "elapsed": 745.834489, "delta": 6.211959}}
{"target": 119.45685700558211, "params": {"x0": 0.8743495364092072, "x1": 3.063731583494401, "x2": 0.019125565196173876, "x3": 0.06887186367048387, "x4": 1.9892536775295226, "x5": 1.341787434645872, "x6": 8.620247718655685, "x7": -6.5212590473347145, "x8": 1.753105893271931, "x9": 1.1038346628378237}, "datetime": {"datetime": "2025-05-14 13:39:30", "elapsed": 752.064012, "delta": 6.229523}}
{"target": 119.45369383707191, "params": {"x0": 0.8743304621041358, "x1": 3.0676940377108286, "x2": 0.02178422724393098, "x3": 0.06948531299679331, "x4": 1.9904388230431298, "x5": 1.3464762351507433, "x6": 8.623398972987957, "x7": -6.5236359620451205, "x8": 1.75336774114801, "x9": 1.1039865862370788}, "datetime": {"datetime": "2025-05-14 13:39:36", "elapsed": 758.312116, "delta": 6.248104}}
{"target": 119.50489690569574, "params": {"x0": 0.8743323695346429, "x1": 3.0672977922891858, "x2": 0.02151836103915527, "x3": 0.06942396806416236, "x4": 1.9881870465672762, "x5": 1.3460073551002563, "x6": 8.62308384755473, "x7": -6.519119824095349, "x8": 1.753341556360402, "x9": 1.1039713938971534}, "datetime": {"datetime": "2025-05-14 13:39:42", "elapsed": 764.540172, "delta": 6.228056}}
{"target": 119.37386972718686, "params": {"x0": 0.8743177776912633, "x1": 3.0703290697647527, "x2": 0.023552237505689452, "x3": 0.06989325679878908, "x4": 1.9872804102493666, "x5": 1.3495942874864828, "x6": 8.625494557118918, "x7": -6.517301484341889, "x8": 1.7535418699856025, "x9": 1.1040876152975836}, "datetime": {"datetime": "2025-05-14 13:39:48", "elapsed": 770.833725, "delta": 6.293553}}
{"target": 119.37683862287257, "params": {"x0": 0.8743192368756012, "x1": 3.070025942017196, "x2": 0.019687872219274503, "x3": 0.06984632792532641, "x4": 1.9873710738811576, "x5": 1.3492355942478602, "x6": 8.6252534861625, "x7": -6.517483318317235, "x8": 1.7535218386230824, "x9": 1.1038667946367662}, "datetime": {"datetime": "2025-05-14 13:39:54", "elapsed": 777.017414, "delta": 6.183689}}
{"target": 119.4538734161446, "params": {"x0": 0.8743205501415053, "x1": 3.069753127044395, "x2": 0.023165800977047957, "x3": 0.06904384418911472, "x4": 1.9874526711497695, "x5": 1.3489127703330999, "x6": 8.621131172807738, "x7": -6.520592679295652, "x8": 1.7535038103968144, "x9": 1.104065533231502}, "datetime": {"datetime": "2025-05-14 13:40:01", "elapsed": 783.124455, "delta": 6.107041}}
{"target": 119.50489690569574, "params": {"x0": 0.8743217320808191, "x1": 3.0695075935688743, "x2": 0.02300105698325869, "x3": 0.06908185657661949, "x4": 1.9875261086915201, "x5": 1.343392481390697, "x6": 8.624841254827023, "x7": -6.517794254415077, "x8": 1.753487584993173, "x9": 1.104056119298067}, "datetime": {"datetime": "2025-05-14 13:40:07", "elapsed": 789.524248, "delta": 6.399793}}
{"target": 119.4538734161446, "params": {"x0": 0.8743419432430842, "x1": 3.0692866134409056, "x2": 0.02285278738884835, "x3": 0.06911606772537376, "x4": 1.9875922024790957, "x5": 1.343653968761653, "x6": 8.624665514099794, "x7": -6.520312836807594, "x8": 1.753472982129896, "x9": 1.1038951410363311}, "datetime": {"datetime": "2025-05-14 13:40:13", "elapsed": 795.574655, "delta": 6.050407}}
{"target": 119.50489690569574, "params": {"x0": 0.8743237531970457, "x1": 3.065507853252638, "x2": 0.022719344753879038, "x3": 0.06914685775925263, "x4": 1.987651686887914, "x5": 1.3481254028049992, "x6": 8.624507347445288, "x7": -6.5180461126543285, "x8": 1.7534598395529466, "x9": 1.1040400214718933}, "datetime": {"datetime": "2025-05-14 13:40:19", "elapsed": 801.689187, "delta": 6.114532}}
{"target": 119.50489690569574, "params": {"x0": 0.8743246148308054, "x1": 3.065686847156293, "x2": 0.022599246382406662, "x3": 0.0691745687897436, "x4": 1.98770522285585, "x5": 1.347913598034525, "x6": 8.624364997456231, "x7": -6.5181534837984305, "x8": 1.753448011233692, "x9": 1.1040331587144194}, "datetime": {"datetime": "2025-05-14 13:40:25", "elapsed": 807.898457, "delta": 6.20927}}
{"target": 119.50489690569574, "params": {"x0": 0.8743253903011892, "x1": 3.065847941669582, "x2": 0.022491157848081523, "x3": 0.06919950871718547, "x4": 1.9877534052269927, "x5": 1.347722973741098, "x6": 8.62423688246608, "x7": -6.5182501178281225, "x8": 1.753437365746363, "x9": 1.1040269822326927}, "datetime": {"datetime": "2025-05-14 13:40:32", "elapsed": 814.187767, "delta": 6.28931}}
{"target": 119.50489690569574, "params": {"x0": 0.8743260882245345, "x1": 3.0659929267315427, "x2": 0.022393878167188897, "x3": 0.06922195465188316, "x4": 1.987796769361021, "x5": 1.3475514118770138, "x6": 8.622046116134513, "x7": -6.518337088454845, "x8": 1.753427784807767, "x9": 1.1040214233991388}, "datetime": {"datetime": "2025-05-14 13:40:38", "elapsed": 820.411397, "delta": 6.22363}}
{"target": 119.50489690569574, "params": {"x0": 0.8743267163555454, "x1": 3.0661234132873068, "x2": 0.022306326454385534, "x3": 0.06924215599311108, "x4": 1.9878357970816465, "x5": 1.347397006199338, "x6": 8.624017805832924, "x7": -6.518415362018896, "x8": 1.7534191619630306, "x9": 1.1040164204489402}, "datetime": {"datetime": "2025-05-14 13:40:44", "elapsed": 826.582546, "delta": 6.171149}}
{"target": 119.50489690569574, "params": {"x0": 0.8743272816734551, "x1": 3.066240851187495, "x2": 0.022227529912862507, "x3": 0.06926033720021621, "x4": 1.9878709220302095, "x5": 1.34725804108943, "x6": 8.623924410005104, "x7": -6.518485808226541, "x8": 1.7534114014027677, "x9": 1.1040119177937615}, "datetime": {"datetime": "2025-05-14 13:40:50", "elapsed": 832.56559, "delta": 5.983044}}
{"target": 119.50489690569574, "params": {"x0": 0.8743277904595739, "x1": 3.0663465452976637, "x2": 0.022156613025491784, "x3": 0.06927670028661083, "x4": 1.987902534483916, "x5": 1.3471329724905126, "x6": 8.623840353760068, "x7": -6.518549209813422, "x8": 1.753404416898531, "x9": 1.1040078654041008}, "datetime": {"datetime": "2025-05-14 13:40:56", "elapsed": 838.48225, "delta": 5.91666}}
{"target": 119.50489690569574, "params": {"x0": 0.8743282483670808, "x1": 3.066441669996816, "x2": 0.022092787826858133, "x3": 0.06929142706436597, "x4": 1.9879309856922522, "x5": 1.347020410751487, "x6": 8.623764703139534, "x7": -6.518606271241614, "x8": 1.7533981308447182, "x9": 1.104004218253406}, "datetime": {"datetime": "2025-05-14 13:41:02", "elapsed": 844.617423, "delta": 6.135173}}
{"target": 119.50489690569574, "params": {"x0": 0.874328660483837, "x1": 3.066527282226053, "x2": 0.022035345148087845, "x3": 0.06930468116434561, "x4": 1.9879565917797546, "x5": 1.3469191051863638, "x6": 8.623696617581054, "x7": -6.518657626526988, "x8": 1.7533924733962867, "x9": 1.1040009358177807}, "datetime": {"datetime": "2025-05-14 13:41:08", "elapsed": 850.728102, "delta": 6.110679}}
{"target": 119.50489690569574, "params": {"x0": 0.8743290313889176, "x1": 3.0666043332323665, "x2": 0.02198364673719459, "x3": 0.06931660985432729, "x4": 1.9879796372585068, "x5": 1.346827930177753, "x6": 8.62363534057842, "x7": -6.518703846283824, "x8": 1.7533873816926981, "x9": 1.103997981625718}, "datetime": {"datetime": "2025-05-14 13:41:14", "elapsed": 856.692973, "delta": 5.964871}}
{"target": 119.50489690569574, "params": {"x0": 0.8743293652034901, "x1": 3.0679219054403233, "x2": 0.021937118167390655, "x3": 0.06932734567531079, "x4": 1.9880003781893836, "x5": 1.3467458726700035, "x6": 8.623580191276051, "x7": -6.518745444064977, "x8": 1.7533827991594686, "x9": 1.1039953228528616}, "datetime": {"datetime": "2025-05-14 13:41:20", "elapsed": 862.273121, "delta": 5.580148}}
{"target": 119.50489690569574, "params": {"x0": 0.8743296656366054, "x1": 3.0678594941252095, "x2": 0.02189524245456712, "x3": 0.06933700791419595, "x4": 1.9880190450271729, "x5": 1.3466720209130287, "x6": 8.62353055690392, "x7": -6.518782882068014, "x8": 1.753378674879562, "x9": 1.1039929299572908}, "datetime": {"datetime": "2025-05-14 13:41:26", "elapsed": 868.51496, "delta": 6.241839}}
{"target": 119.50489690569574, "params": {"x0": 0.8743299360264092, "x1": 3.0678033239416074, "x2": 0.021857554313025933, "x3": 0.06934570392919259, "x4": 1.9880358451811833, "x5": 1.3466055543317514, "x6": 8.623485885969, "x7": -6.518816576270748, "x8": 1.7533749630276458, "x9": 1.103990776351277}, "datetime": {"datetime": "2025-05-14 13:41:32", "elapsed": 874.645154, "delta": 6.130194}}
{"target": 119.50489690569574, "params": {"x0": 0.8743301793772325, "x1": 3.067752770776365, "x2": 0.021823634985638867, "x3": 0.06935353034268957, "x4": 1.9880509653197926, "x5": 1.346545734408602, "x6": 8.623445682127574, "x7": -6.518846901053207, "x8": 1.7533716223609215, "x9": 1.1039888381058647}, "datetime": {"datetime": "2025-05-14 13:41:38", "elapsed": 880.815988, "delta": 6.170834}}
{"target": 119.50489690569574, "params": {"x0": 0.8743303983929736, "x1": 3.067707272927647, "x2": 0.021793107590990506, "x3": 0.06936057411483684, "x4": 1.988064573444541, "x5": 1.3464918964777675, "x6": 8.62340949867029, "x7": -6.518874193357422, "x8": 1.7533686157608694, "x9": 1.1039870936849936}, "datetime": {"datetime": "2025-05-14 13:41:44", "elapsed": 887.039878, "delta": 6.22389}}
{"target": 119.50489690569574, "params": {"x0": 0.8743305955071404, "x1": 3.0676663248638008, "x2": 0.021765632935806984, "x3": 0.0693669135097694, "x4": 1.9880768207568145, "x5": 1.3464434423400162, "x6": 8.623376933558733, "x7": -6.518898756431215, "x8": 1.7533659098208227, "x9": 1.1039855237062095}, "datetime": {"datetime": "2025-05-14 13:41:50", "elapsed": 893.050177, "delta": 6.010299}}
{"target": 119.50489690569574, "params": {"x0": 0.8743307729098907, "x1": 3.0676294716063395, "x2": 0.021740905746141813, "x3": 0.0693726189652087, "x4": 1.9880878433378606, "x5": 1.3463998336160403, "x6": 8.623347624958333, "x7": -6.518920863197628, "x8": 1.7533634744747808, "x9": 1.103984110725304}, "datetime": {"datetime": "2025-05-14 13:41:57", "elapsed": 899.792428, "delta": 6.742251}}
{"target": 119.50489690569574, "params": {"x0": 0.8743309325723659, "x1": 3.067596303674624, "x2": 0.021718651275443156, "x3": 0.06937775387510406, "x4": 1.9880977636608022, "x5": 1.3463605857644618, "x6": 8.623321247217973, "x7": -6.5189407592874, "x8": 1.753361282663343, "x9": 1.1039828390424888}, "datetime": {"datetime": "2025-05-14 13:42:04", "elapsed": 906.25638, "delta": 6.463952}}
{"target": 119.50489690569574, "params": {"x0": 0.8743310762685936, "x1": 3.0675664525360804, "x2": 0.02169862225181437, "x3": 0.0693823752940099, "x4": 1.9881066919514496, "x5": 1.3463252626980413, "x6": 8.623297507251648, "x7": -6.518958665768195, "x8": 1.7533593100330487, "x9": 1.1039816945279552}, "datetime": {"datetime": "2025-05-14 13:42:10", "elapsed": 912.588624, "delta": 6.332244}}
{"target": 119.50489690569574, "params": {"x0": 0.8743312055951985, "x1": 3.0675395865113906, "x2": 0.021680596130548457, "x3": 0.06938653457102514, "x4": 1.9881147274130322, "x5": 1.3462934719382629, "x6": 8.623276141281956, "x7": -6.51897478160091, "x8": 1.7533575346657841, "x9": 1.103980664464875}, "datetime": {"datetime": "2025-05-14 13:42:16", "elapsed": 918.885698, "delta": 6.297074}}
{"target": 119.50489690569574, "params": {"x0": 0.874331321989143, "x1": 3.06751540708917, "x2": 0.02166437262140914, "x3": 0.06939027792033886, "x4": 1.9881219593284567, "x5": 1.3462648602544622, "x6": 8.623256911909234, "x7": -6.518989285850354, "x8": 1.7533559368352458, "x9": 1.1039797374081028}, "datetime": {"datetime": "2025-05-14 13:42:22", "elapsed": 924.993335, "delta": 6.107637}}
{"target": 119.50489690569574, "params": {"x0": 0.874331426743693, "x1": 3.0674936456091717, "x2": 0.021649771463183753, "x3": 0.0693936469347212, "x4": 1.9881284680523386, "x5": 1.3462391097390416, "x6": 8.623239605473783, "x7": -6.519002339674854, "x8": 1.7533544987877614, "x9": 1.103978903057008}, "datetime": {"datetime": "2025-05-14 13:42:29", "elapsed": 931.572, "delta": 6.578665}}
{"target": 119.50489690569574, "params": {"x0": 0.874331521022788, "x1": 3.0674740602771733, "x2": 0.021636630420780904, "x3": 0.06939667904766532, "x4": 1.9881343259038324, "x5": 1.346215934275163, "x6": 8.623224029681879, "x7": -6.519014088116903, "x8": 1.7533532045450255, "x9": 1.1039781521410226}, "datetime": {"datetime": "2025-05-14 13:42:35", "elapsed": 937.966938, "delta": 6.394938}}
{"target": 119.50489690569574, "params": {"x0": 0.8743316058739734, "x1": 3.0674564334783745, "x2": 0.02162480348261834, "x3": 0.06939940794931503, "x4": 1.9881395979701768, "x5": 1.3461950763576724, "x6": 8.623210011469164, "x7": -6.519024661714748, "x8": 1.7533520397265632, "x9": 1.1039774763166357}, "datetime": {"datetime": "2025-05-14 13:42:42", "elapsed": 944.406687, "delta": 6.439749}}
{"target": 119.50489690569574, "params": {"x0": 0.8743316822400404, "x1": 3.0674405693594555, "x2": 0.021614159238272035, "x3": 0.06940186396079977, "x4": 1.9881443428298866, "x5": 1.3461763042319308, "x6": 8.62319739507772, "x7": -6.519034177952808, "x8": 1.753350991389947, "x9": 1.1039768680746873}, "datetime": {"datetime": "2025-05-14 13:42:48", "elapsed": 950.70643, "delta": 6.299743}}
{"target": 119.50489690569574, "params": {"x0": 0.8743317509695007, "x1": 3.0674262916524286, "x2": 0.021604579418360356, "x3": 0.06940407437113602, "x4": 1.9881486132036257, "x5": 1.3461594093187632, "x6": 8.623186040325422, "x7": -6.519042742567062, "x8": 1.7533500478869926, "x9": 1.103976320656934}, "datetime": {"datetime": "2025-05-14 13:42:54", "elapsed": 956.823829, "delta": 6.117399}}
{"target": 119.50489690569574, "params": {"x0": 0.8743318128260149, "x1": 3.0674134417161043, "x2": 0.021595957580439848, "x3": 0.06940606374043866, "x4": 1.9881524565399906, "x5": 1.3461442038969127, "x6": 8.623175821048351, "x7": -6.519050450719891, "x8": 1.7533491987343335, "x9": 1.103975827980956}, "datetime": {"datetime": "2025-05-14 13:43:00", "elapsed": 963.03285, "delta": 6.209021}}
{"target": 119.50489690569574, "params": {"x0": 0.8743318684968777, "x1": 3.0674018767734124, "x2": 0.021588197926311392, "x3": 0.06940785417281102, "x4": 1.9881559155427193, "x5": 1.346130519017247, "x6": 8.623166623698989, "x7": -6.519057388057437, "x8": 1.7533484344969403, "x9": 1.1039753845725757}, "datetime": {"datetime": "2025-05-14 13:43:07", "elapsed": 969.539276, "delta": 6.506426}}
{"target": 119.50489690569574, "params": {"x0": 0.8743319186006542, "x1": 3.0673914683249897, "x2": 0.021581214237595778, "x3": 0.06940946556194616, "x4": 1.988159028645175, "x5": 1.3461182026255478, "x6": 8.623158346084564, "x7": -6.519063631661228, "x8": 1.7533477466832865, "x9": 1.1039749855050334}, "datetime": {"datetime": "2025-05-14 13:43:14", "elapsed": 976.737534, "delta": 7.198258}}
{"target": 119.50489690569574, "params": {"x0": 0.8743319636940531, "x1": 3.0673821007214093, "x2": 0.02157492891775173, "x3": 0.06941091581216778, "x4": 1.9881618304373851, "x5": 1.3461071178730186, "x6": 8.62315089623158, "x7": -6.51906925090464, "x8": 1.753347127650998, "x9": 1.1039746263442454}, "datetime": {"datetime": "2025-05-14 13:43:21", "elapsed": 983.184156, "delta": 6.446622}}
{"target": 119.50489690569574, "params": {"x0": 0.8743320042781121, "x1": 3.067373669878187, "x2": 0.02156927212989208, "x3": 0.06941222103736723, "x4": 1.9881643520503742, "x5": 1.3460971415957426, "x6": 8.623144191363895, "x7": -6.519074308223711, "x8": 1.7533465705219384, "x9": 1.1039743030995361}, "datetime": {"datetime": "2025-05-14 13:43:27", "elapsed": 989.437792, "delta": 6.253636}}
{"target": 119.50489690569574, "params": {"x0": 0.8743320408037651, "x1": 3.0673660821192867, "x2": 0.0215641810208184, "x3": 0.06941339574004675, "x4": 1.9881666215020644, "x5": 1.3460881629461938, "x6": 8.623138156982979, "x7": -6.519078859810874, "x8": 1.7533460691057847, "x9": 1.103974012179298}, "datetime": {"datetime": "2025-05-14 13:43:33", "elapsed": 995.839006, "delta": 6.401214}}
{"target": 119.50489690569574, "params": {"x0": 0.874332073676853, "x1": 3.067359253136277, "x2": 0.021559599022652087, "x3": 0.06941445297245831, "x4": 1.9881686640085856, "x5": 1.3460800821616001, "x6": 8.623132726040154, "x7": -6.519082956239322, "x8": 1.7533456178312465, "x9": 1.1039737503510836}, "datetime": {"datetime": "2025-05-14 13:43:40", "elapsed": 1002.174916, "delta": 6.33591}}
{"target": 119.50489690569574, "params": {"x0": 0.8743321032626319, "x1": 3.067353107051568, "x2": 0.021555475224302404, "x3": 0.06941540448162871, "x4": 1.9881705022644547, "x5": 1.3460728094554657, "x6": 8.62312783819161, "x7": -6.519086643024925, "x8": 1.7533452116841621, "x9": 1.1039735147056904}, "datetime": {"datetime": "2025-05-14 13:43:46", "elapsed": 1008.444403, "delta": 6.269487}}
{"target": 119.50489690569574, "params": {"x0": 0.874332129889833, "x1": 3.0673475755753294, "x2": 0.02155176380578769, "x3": 0.06941626083988207, "x4": 1.9881721566947368, "x5": 1.3460662640199448, "x6": 8.623123439127923, "x7": -6.519089961131967, "x8": 1.753344846151786, "x9": 1.1039733026248368}, "datetime": {"datetime": "2025-05-14 13:43:51", "elapsed": 1013.469851, "delta": 5.025448}}
{"target": 119.50489690569574, "params": {"x0": 0.874332153854314, "x1": 3.067342597246715, "x2": 0.02154842352912445, "x3": 0.0694170315623101, "x4": 1.9881736456819907, "x5": 1.3460603731279759, "x6": 8.623119479970605, "x7": -6.519092947428305, "x8": 1.7533445171726476, "x9": 1.1039731117520684}, "datetime": {"datetime": "2025-05-14 13:43:58", "elapsed": 1020.993308, "delta": 7.523457}}
{"target": 119.50489690569574, "params": {"x0": 0.8743321754223469, "x1": 3.067338116750962, "x2": 0.021545417280127533, "x3": 0.06941772521249533, "x4": 1.9881749857705193, "x5": 1.346055071325204, "x6": 8.623115916729017, "x7": -6.5190956350950096, "x8": 1.7533442210914232, "x9": 1.103972939966577}, "datetime": {"datetime": "2025-05-14 13:44:05", "elapsed": 1027.249114, "delta": 6.255806}}
{"target": 119.50489690569574, "params": {"x0": 0.8743321948335765, "x1": 3.0673340843047847, "x2": 0.021542711656030306, "x3": 0.06941834949766204, "x4": 1.988176191850195, "x5": 1.3460502997027093, "x6": 8.623112709811588, "x7": -6.519098053995044, "x8": 1.753343954618321, "x9": 1.1039727853596346}, "datetime": {"datetime": "2025-05-14 13:44:11", "elapsed": 1033.864374, "delta": 6.61526}}
{"target": 119.50489690569574, "params": {"x0": 0.8743322123036831, "x1": 3.0673304551032246, "x2": 0.0215402765943428, "x3": 0.06941891135431207, "x4": 1.988177277321903, "x5": 1.3460460052424639, "x6": 8.623109823585901, "x7": -6.5191002310050745, "x8": 1.753343714792529, "x9": 1.1039726462133865}, "datetime": {"datetime": "2025-05-14 13:44:18", "elapsed": 1040.17028, "delta": 6.305906}}
{"target": 119.50489690569574, "params": {"x0": 0.8743322280267791, "x1": 3.067327188821821, "x2": 0.021538085038824047, "x3": 0.0694194170252971, "x4": 1.9881782542464403, "x5": 1.3460421402282432, "x6": 8.623107225982785, "x7": -6.5191021903141015, "x8": 1.7533434989493164, "x9": 1.1039725209817632}, "datetime": {"datetime": "2025-05-14 13:44:24", "elapsed": 1046.461137, "delta": 6.290857}}
{"target": 119.50489690569574, "params": {"x0": 0.8743322421775654, "x1": 3.067324249168557, "x2": 0.02153611263885717, "x3": 0.06941987212918362, "x4": 1.988179133478524, "x5": 1.3460386617154445, "x6": 8.623104888139979, "x7": -6.519103953692227, "x8": 1.753343304690425, "x9": 1.1039724082733022}, "datetime": {"datetime": "2025-05-14 13:44:30", "elapsed": 1052.728597, "delta": 6.26746}}
{"target": 119.50489690569574, "params": {"x0": 0.8743322549132733, "x1": 3.0673216034806203, "x2": 0.02153433747888698, "x3": 0.0694202817226815, "x4": 1.9881799247873992, "x5": 1.3460355310539256, "x6": 8.623102784081455, "x7": -6.5191055407325385, "x8": 1.7533431298574227, "x9": 1.1039723068356873}, "datetime": {"datetime": "2025-05-14 13:44:37", "elapsed": 1059.639567, "delta": 6.91097}}
{"target": 119.50489690569574, "params": {"x0": 0.8743322663754102, "x1": 3.0673192223614767, "x2": 0.02153273983491381, "x3": 0.06942065035682958, "x4": 1.988180636965387, "x5": 1.3460327134585588, "x6": 8.623100890428782, "x7": -6.51910696906882, "x8": 1.7533429725077205, "x9": 1.103972215541834}, "datetime": {"datetime": "2025-05-14 13:44:44", "elapsed": 1066.076519, "delta": 6.436952}}
{"target": 119.50489690569574, "params": {"x0": 0.8743322766913334, "x1": 3.0673170793542477, "x2": 0.021531301955337954, "x3": 0.06942098212756286, "x4": 1.9881812779255759, "x5": 1.3460301776227284, "x6": 8.623099186141376, "x7": -6.5191082545714725, "x8": 1.7533428308929888, "x9": 1.1039721333773658}, "datetime": {"datetime": "2025-05-14 13:44:50", "elapsed": 1072.089538, "delta": 6.013019}}
