{"target": 119.50489690569574, "params": {"x0": 0.8743323695346429, "x1": 3.0672977922891858, "x2": 0.02151836103915527, "x3": 0.06942396806416236, "x4": 1.9881870465672762, "x5": 1.3460073551002563, "x6": 8.62308384755473, "x7": -6.519119824095349, "x8": 1.753341556360402, "x9": 1.1039713938971534}, "datetime": {"datetime": "2025-05-14 16:44:28", "elapsed": 11850.923176, "delta": 25.905396}}
{"target": 119.50489690569574, "params": {"x0": 0.8743323695346429, "x1": 3.0672977922891858, "x2": 0.02151836103915527, "x3": 0.06942396806416236, "x4": 1.9881870465672762, "x5": 1.3460073551002563, "x6": 8.62308384755473, "x7": -6.519119824095349, "x8": 1.753341556360402, "x9": 1.1039713938971534}, "datetime": {"datetime": "2025-05-14 16:44:56", "elapsed": 11878.231933, "delta": 27.308757}}
{"target": 119.50489690569574, "params": {"x0": 0.8743323695346429, "x1": 3.0672977922891858, "x2": 0.02151836103915527, "x3": 0.06942396806416236, "x4": 1.9881870465672762, "x5": 1.3460073551002563, "x6": 8.62308384755473, "x7": -6.519119824095349, "x8": 1.753341556360402, "x9": 1.1039713938971534}, "datetime": {"datetime": "2025-05-14 16:45:18", "elapsed": 11900.790684, "delta": 22.558751}}
{"target": 119.50489690569574, "params": {"x0": 0.8743323695346429, "x1": 3.0672977922891858, "x2": 0.02151836103915527, "x3": 0.06942396806416236, "x4": 1.9881870465672762, "x5": 1.3460073551002563, "x6": 8.62308384755473, "x7": -6.519119824095349, "x8": 1.753341556360402, "x9": 1.1039713938971534}, "datetime": {"datetime": "2025-05-14 16:45:38", "elapsed": 11920.911762, "delta": 20.121078}}
{"target": 119.50489690569574, "params": {"x0": 0.8743323695346429, "x1": 3.0672977922891858, "x2": 0.02151836103915527, "x3": 0.06942396806416236, "x4": 1.9881870465672762, "x5": 1.3460073551002563, "x6": 8.62308384755473, "x7": -6.519119824095349, "x8": 1.753341556360402, "x9": 1.1039713938971534}, "datetime": {"datetime": "2025-05-14 16:45:57", "elapsed": 11939.754498, "delta": 18.842736}}
{"target": 119.50489690569574, "params": {"x0": 0.8743323695346429, "x1": 3.0672977922891858, "x2": 0.02151836103915527, "x3": 0.06942396806416236, "x4": 1.9881870465672762, "x5": 1.3460073551002563, "x6": 8.62308384755473, "x7": -6.519119824095349, "x8": 1.753341556360402, "x9": 1.1039713938971534}, "datetime": {"datetime": "2025-05-14 16:46:15", "elapsed": 11957.180677, "delta": 17.426179}}
{"target": 119.50489690569574, "params": {"x0": 0.8743323695346429, "x1": 3.0672977922891858, "x2": 0.02151836103915527, "x3": 0.06942396806416236, "x4": 1.9881870465672762, "x5": 1.3460073551002563, "x6": 8.62308384755473, "x7": -6.519119824095349, "x8": 1.753341556360402, "x9": 1.1039713938971534}, "datetime": {"datetime": "2025-05-14 16:46:38", "elapsed": 11980.801423, "delta": 23.620746}}
{"target": 119.50489690569574, "params": {"x0": 0.8743323695346429, "x1": 3.0672977922891858, "x2": 0.02151836103915527, "x3": 0.06942396806416236, "x4": 1.9881870465672762, "x5": 1.3460073551002563, "x6": 8.62308384755473, "x7": -6.519119824095349, "x8": 1.753341556360402, "x9": 1.1039713938971534}, "datetime": {"datetime": "2025-05-14 16:47:03", "elapsed": 12005.308113, "delta": 24.50669}}
{"target": 119.50489690569574, "params": {"x0": 0.8743323695346429, "x1": 3.0672977922891858, "x2": 0.02151836103915527, "x3": 0.06942396806416236, "x4": 1.9881870465672762, "x5": 1.3460073551002563, "x6": 8.62308384755473, "x7": -6.519119824095349, "x8": 1.753341556360402, "x9": 1.1039713938971534}, "datetime": {"datetime": "2025-05-14 16:47:23", "elapsed": 12025.682993, "delta": 20.37488}}
{"target": 119.50489690569574, "params": {"x0": 0.8743323695346429, "x1": 3.0672977922891858, "x2": 0.02151836103915527, "x3": 0.06942396806416236, "x4": 1.9881870465672762, "x5": 1.3460073551002563, "x6": 8.62308384755473, "x7": -6.519119824095349, "x8": 1.753341556360402, "x9": 1.1039713938971534}, "datetime": {"datetime": "2025-05-14 16:47:49", "elapsed": 12051.535025, "delta": 25.852032}}
{"target": 119.50489690569574, "params": {"x0": 0.8743323695346429, "x1": 3.0672977922891858, "x2": 0.02151836103915527, "x3": 0.06942396806416236, "x4": 1.9881870465672762, "x5": 1.3460073551002563, "x6": 8.62308384755473, "x7": -6.519119824095349, "x8": 1.753341556360402, "x9": 1.1039713938971534}, "datetime": {"datetime": "2025-05-14 16:48:14", "elapsed": 12076.802677, "delta": 25.267652}}
{"target": 119.50489690569574, "params": {"x0": 0.8743323695346429, "x1": 3.0672977922891858, "x2": 0.02151836103915527, "x3": 0.06942396806416236, "x4": 1.9881870465672762, "x5": 1.3460073551002563, "x6": 8.62308384755473, "x7": -6.519119824095349, "x8": 1.753341556360402, "x9": 1.1039713938971534}, "datetime": {"datetime": "2025-05-14 16:48:38", "elapsed": 12100.644601, "delta": 23.841924}}
{"target": 119.50489690569574, "params": {"x0": 0.8743323695346429, "x1": 3.0672977922891858, "x2": 0.02151836103915527, "x3": 0.06942396806416236, "x4": 1.9881870465672762, "x5": 1.3460073551002563, "x6": 8.62308384755473, "x7": -6.519119824095349, "x8": 1.753341556360402, "x9": 1.1039713938971534}, "datetime": {"datetime": "2025-05-14 16:49:05", "elapsed": 12127.699691, "delta": 27.05509}}
{"target": 119.50489690569574, "params": {"x0": 0.8743323695346429, "x1": 3.0672977922891858, "x2": 0.02151836103915527, "x3": 0.06942396806416236, "x4": 1.9881870465672762, "x5": 1.3460073551002563, "x6": 8.62308384755473, "x7": -6.519119824095349, "x8": 1.753341556360402, "x9": 1.1039713938971534}, "datetime": {"datetime": "2025-05-14 16:49:34", "elapsed": 12156.839932, "delta": 29.140241}}
{"target": 119.50489690569574, "params": {"x0": 0.8743323695346429, "x1": 3.0672977922891858, "x2": 0.02151836103915527, "x3": 0.06942396806416236, "x4": 1.9881870465672762, "x5": 1.3460073551002563, "x6": 8.62308384755473, "x7": -6.519119824095349, "x8": 1.753341556360402, "x9": 1.1039713938971534}, "datetime": {"datetime": "2025-05-14 16:50:01", "elapsed": 12183.804774, "delta": 26.964842}}
{"target": 119.50489690569574, "params": {"x0": 0.8743323695346429, "x1": 3.0672977922891858, "x2": 0.02151836103915527, "x3": 0.06942396806416236, "x4": 1.9881870465672762, "x5": 1.3460073551002563, "x6": 8.62308384755473, "x7": -6.519119824095349, "x8": 1.753341556360402, "x9": 1.1039713938971534}, "datetime": {"datetime": "2025-05-14 16:50:28", "elapsed": 12210.308313, "delta": 26.503539}}
{"target": 119.50489690569574, "params": {"x0": 0.8743323695346429, "x1": 3.0672977922891858, "x2": 0.02151836103915527, "x3": 0.06942396806416236, "x4": 1.9881870465672762, "x5": 1.3460073551002563, "x6": 8.62308384755473, "x7": -6.519119824095349, "x8": 1.753341556360402, "x9": 1.1039713938971534}, "datetime": {"datetime": "2025-05-14 16:50:51", "elapsed": 12233.137145, "delta": 22.828832}}
{"target": 119.50489690569574, "params": {"x0": 0.8743323695346429, "x1": 3.0672977922891858, "x2": 0.02151836103915527, "x3": 0.06942396806416236, "x4": 1.9881870465672762, "x5": 1.3460073551002563, "x6": 8.62308384755473, "x7": -6.519119824095349, "x8": 1.753341556360402, "x9": 1.1039713938971534}, "datetime": {"datetime": "2025-05-14 16:51:13", "elapsed": 12255.290477, "delta": 22.153332}}
{"target": 119.50489690569574, "params": {"x0": 0.8743323695346429, "x1": 3.0672977922891858, "x2": 0.02151836103915527, "x3": 0.06942396806416236, "x4": 1.9881870465672762, "x5": 1.3460073551002563, "x6": 8.62308384755473, "x7": -6.519119824095349, "x8": 1.753341556360402, "x9": 1.1039713938971534}, "datetime": {"datetime": "2025-05-14 16:51:32", "elapsed": 12275.017342, "delta": 19.726865}}
{"target": 119.50489690569574, "params": {"x0": 0.8743323695346429, "x1": 3.0672977922891858, "x2": 0.02151836103915527, "x3": 0.06942396806416236, "x4": 1.9881870465672762, "x5": 1.3460073551002563, "x6": 8.62308384755473, "x7": -6.519119824095349, "x8": 1.753341556360402, "x9": 1.1039713938971534}, "datetime": {"datetime": "2025-05-14 16:51:56", "elapsed": 12298.845322, "delta": 23.82798}}
{"target": 119.50489690569574, "params": {"x0": 0.8743323695346429, "x1": 3.0672977922891858, "x2": 0.02151836103915527, "x3": 0.06942396806416236, "x4": 1.9881870465672762, "x5": 1.3460073551002563, "x6": 8.62308384755473, "x7": -6.519119824095349, "x8": 1.753341556360402, "x9": 1.1039713938971534}, "datetime": {"datetime": "2025-05-14 16:52:24", "elapsed": 12326.894799, "delta": 28.049477}}
{"target": 119.50489690569574, "params": {"x0": 0.8743323695346429, "x1": 3.0672977922891858, "x2": 0.02151836103915527, "x3": 0.06942396806416236, "x4": 1.9881870465672762, "x5": 1.3460073551002563, "x6": 8.62308384755473, "x7": -6.519119824095349, "x8": 1.753341556360402, "x9": 1.1039713938971534}, "datetime": {"datetime": "2025-05-14 16:52:47", "elapsed": 12349.370746, "delta": 22.475947}}
{"target": 119.50489690569574, "params": {"x0": 0.8743323695346429, "x1": 3.0672977922891858, "x2": 0.02151836103915527, "x3": 0.06942396806416236, "x4": 1.9881870465672762, "x5": 1.3460073551002563, "x6": 8.62308384755473, "x7": -6.519119824095349, "x8": 1.753341556360402, "x9": 1.1039713938971534}, "datetime": {"datetime": "2025-05-14 16:53:05", "elapsed": 12367.302483, "delta": 17.931737}}
{"target": 119.50489690569574, "params": {"x0": 0.8743323695346429, "x1": 3.0672977922891858, "x2": 0.02151836103915527, "x3": 0.06942396806416236, "x4": 1.9881870465672762, "x5": 1.3460073551002563, "x6": 8.62308384755473, "x7": -6.519119824095349, "x8": 1.753341556360402, "x9": 1.1039713938971534}, "datetime": {"datetime": "2025-05-14 16:53:34", "elapsed": 12396.893271, "delta": 29.590788}}
{"target": 119.50489690569574, "params": {"x0": 0.8743323695346429, "x1": 3.0672977922891858, "x2": 0.02151836103915527, "x3": 0.06942396806416236, "x4": 1.9881870465672762, "x5": 1.3460073551002563, "x6": 8.62308384755473, "x7": -6.519119824095349, "x8": 1.753341556360402, "x9": 1.1039713938971534}, "datetime": {"datetime": "2025-05-14 16:53:56", "elapsed": 12418.347726, "delta": 21.454455}}
{"target": 119.50489690569574, "params": {"x0": 0.8743323695346429, "x1": 3.0672977922891858, "x2": 0.02151836103915527, "x3": 0.06942396806416236, "x4": 1.9881870465672762, "x5": 1.3460073551002563, "x6": 8.62308384755473, "x7": -6.519119824095349, "x8": 1.753341556360402, "x9": 1.1039713938971534}, "datetime": {"datetime": "2025-05-14 16:54:20", "elapsed": 12442.726781, "delta": 24.379055}}
{"target": 119.50489690569574, "params": {"x0": 0.8743323695346429, "x1": 3.0672977922891858, "x2": 0.02151836103915527, "x3": 0.06942396806416236, "x4": 1.9881870465672762, "x5": 1.3460073551002563, "x6": 8.62308384755473, "x7": -6.519119824095349, "x8": 1.753341556360402, "x9": 1.1039713938971534}, "datetime": {"datetime": "2025-05-14 16:54:40", "elapsed": 12462.35303, "delta": 19.626249}}
{"target": 119.50489690569574, "params": {"x0": 0.8743323695346429, "x1": 3.0672977922891858, "x2": 0.02151836103915527, "x3": 0.06942396806416236, "x4": 1.9881870465672762, "x5": 1.3460073551002563, "x6": 8.62308384755473, "x7": -6.519119824095349, "x8": 1.753341556360402, "x9": 1.1039713938971534}, "datetime": {"datetime": "2025-05-14 16:54:59", "elapsed": 12481.339736, "delta": 18.986706}}
{"target": 119.50489690569574, "params": {"x0": 0.8743323695346429, "x1": 3.0672977922891858, "x2": 0.02151836103915527, "x3": 0.06942396806416236, "x4": 1.9881870465672762, "x5": 1.3460073551002563, "x6": 8.62308384755473, "x7": -6.519119824095349, "x8": 1.753341556360402, "x9": 1.1039713938971534}, "datetime": {"datetime": "2025-05-14 16:55:19", "elapsed": 12502.058462, "delta": 20.718726}}
{"target": 119.50489690569574, "params": {"x0": 0.8743323695346429, "x1": 3.0672977922891858, "x2": 0.02151836103915527, "x3": 0.06942396806416236, "x4": 1.9881870465672762, "x5": 1.3460073551002563, "x6": 8.62308384755473, "x7": -6.519119824095349, "x8": 1.753341556360402, "x9": 1.1039713938971534}, "datetime": {"datetime": "2025-05-14 16:55:40", "elapsed": 12522.791627, "delta": 20.733165}}
{"target": 119.50489690569574, "params": {"x0": 0.8743323695346429, "x1": 3.0672977922891858, "x2": 0.02151836103915527, "x3": 0.06942396806416236, "x4": 1.9881870465672762, "x5": 1.3460073551002563, "x6": 8.62308384755473, "x7": -6.519119824095349, "x8": 1.753341556360402, "x9": 1.1039713938971534}, "datetime": {"datetime": "2025-05-14 16:56:01", "elapsed": 12543.906308, "delta": 21.114681}}
{"target": 119.50489690569574, "params": {"x0": 0.8743323695346429, "x1": 3.0672977922891858, "x2": 0.02151836103915527, "x3": 0.06942396806416236, "x4": 1.9881870465672762, "x5": 1.3460073551002563, "x6": 8.62308384755473, "x7": -6.519119824095349, "x8": 1.753341556360402, "x9": 1.1039713938971534}, "datetime": {"datetime": "2025-05-14 16:56:32", "elapsed": 12574.254094, "delta": 30.347786}}
{"target": 119.50489690569574, "params": {"x0": 0.8743323695346429, "x1": 3.0672977922891858, "x2": 0.02151836103915527, "x3": 0.06942396806416236, "x4": 1.9881870465672762, "x5": 1.3460073551002563, "x6": 8.62308384755473, "x7": -6.519119824095349, "x8": 1.753341556360402, "x9": 1.1039713938971534}, "datetime": {"datetime": "2025-05-14 16:57:02", "elapsed": 12604.180255, "delta": 29.926161}}
{"target": 119.50489690569574, "params": {"x0": 0.8743323695346429, "x1": 3.0672977922891858, "x2": 0.02151836103915527, "x3": 0.06942396806416236, "x4": 1.9881870465672762, "x5": 1.3460073551002563, "x6": 8.62308384755473, "x7": -6.519119824095349, "x8": 1.753341556360402, "x9": 1.1039713938971534}, "datetime": {"datetime": "2025-05-14 16:57:23", "elapsed": 12625.128672, "delta": 20.948417}}
{"target": 119.50489690569574, "params": {"x0": 0.8743323695346429, "x1": 3.0672977922891858, "x2": 0.02151836103915527, "x3": 0.06942396806416236, "x4": 1.9881870465672762, "x5": 1.3460073551002563, "x6": 8.62308384755473, "x7": -6.519119824095349, "x8": 1.753341556360402, "x9": 1.1039713938971534}, "datetime": {"datetime": "2025-05-14 16:57:46", "elapsed": 12648.973304, "delta": 23.844632}}
{"target": 119.50489690569574, "params": {"x0": 0.8743323695346429, "x1": 3.0672977922891858, "x2": 0.02151836103915527, "x3": 0.06942396806416236, "x4": 1.9881870465672762, "x5": 1.3460073551002563, "x6": 8.62308384755473, "x7": -6.519119824095349, "x8": 1.753341556360402, "x9": 1.1039713938971534}, "datetime": {"datetime": "2025-05-14 16:58:08", "elapsed": 12671.023217, "delta": 22.049913}}
{"target": 119.50489690569574, "params": {"x0": 0.8743323695346429, "x1": 3.0672977922891858, "x2": 0.02151836103915527, "x3": 0.06942396806416236, "x4": 1.9881870465672762, "x5": 1.3460073551002563, "x6": 8.62308384755473, "x7": -6.519119824095349, "x8": 1.753341556360402, "x9": 1.1039713938971534}, "datetime": {"datetime": "2025-05-14 16:58:32", "elapsed": 12695.014064, "delta": 23.990847}}
{"target": 119.50489690569574, "params": {"x0": 0.8743323695346429, "x1": 3.0672977922891858, "x2": 0.02151836103915527, "x3": 0.06942396806416236, "x4": 1.9881870465672762, "x5": 1.3460073551002563, "x6": 8.62308384755473, "x7": -6.519119824095349, "x8": 1.753341556360402, "x9": 1.1039713938971534}, "datetime": {"datetime": "2025-05-14 16:58:48", "elapsed": 12710.78123, "delta": 15.767166}}
{"target": 119.50489690569574, "params": {"x0": 0.8743323695346429, "x1": 3.0672977922891858, "x2": 0.02151836103915527, "x3": 0.06942396806416236, "x4": 1.9881870465672762, "x5": 1.3460073551002563, "x6": 8.62308384755473, "x7": -6.519119824095349, "x8": 1.753341556360402, "x9": 1.1039713938971534}, "datetime": {"datetime": "2025-05-14 16:59:07", "elapsed": 12729.479391, "delta": 18.698161}}
{"target": 119.50489690569574, "params": {"x0": 0.8743323695346429, "x1": 3.0672977922891858, "x2": 0.02151836103915527, "x3": 0.06942396806416236, "x4": 1.9881870465672762, "x5": 1.3460073551002563, "x6": 8.62308384755473, "x7": -6.519119824095349, "x8": 1.753341556360402, "x9": 1.1039713938971534}, "datetime": {"datetime": "2025-05-14 16:59:29", "elapsed": 12751.43196, "delta": 21.952569}}
{"target": 119.50489690569574, "params": {"x0": 0.8743323695346429, "x1": 3.0672977922891858, "x2": 0.02151836103915527, "x3": 0.06942396806416236, "x4": 1.9881870465672762, "x5": 1.3460073551002563, "x6": 8.62308384755473, "x7": -6.519119824095349, "x8": 1.753341556360402, "x9": 1.1039713938971534}, "datetime": {"datetime": "2025-05-14 16:59:52", "elapsed": 12774.312053, "delta": 22.880093}}
{"target": 119.50489690569574, "params": {"x0": 0.8743323695346429, "x1": 3.0672977922891858, "x2": 0.02151836103915527, "x3": 0.06942396806416236, "x4": 1.9881870465672762, "x5": 1.3460073551002563, "x6": 8.62308384755473, "x7": -6.519119824095349, "x8": 1.753341556360402, "x9": 1.1039713938971534}, "datetime": {"datetime": "2025-05-14 17:00:12", "elapsed": 12794.169881, "delta": 19.857828}}
{"target": 119.50489690569574, "params": {"x0": 0.8743323695346429, "x1": 3.0672977922891858, "x2": 0.02151836103915527, "x3": 0.06942396806416236, "x4": 1.9881870465672762, "x5": 1.3460073551002563, "x6": 8.62308384755473, "x7": -6.519119824095349, "x8": 1.753341556360402, "x9": 1.1039713938971534}, "datetime": {"datetime": "2025-05-14 17:00:29", "elapsed": 12811.623562, "delta": 17.453681}}
{"target": 119.50489690569574, "params": {"x0": 0.8743323695346429, "x1": 3.0672977922891858, "x2": 0.02151836103915527, "x3": 0.06942396806416236, "x4": 1.9881870465672762, "x5": 1.3460073551002563, "x6": 8.62308384755473, "x7": -6.519119824095349, "x8": 1.753341556360402, "x9": 1.1039713938971534}, "datetime": {"datetime": "2025-05-14 17:00:47", "elapsed": 12829.523977, "delta": 17.900415}}
{"target": 119.50489690569574, "params": {"x0": 0.8743323695346429, "x1": 3.0672977922891858, "x2": 0.02151836103915527, "x3": 0.06942396806416236, "x4": 1.9881870465672762, "x5": 1.3460073551002563, "x6": 8.62308384755473, "x7": -6.519119824095349, "x8": 1.753341556360402, "x9": 1.1039713938971534}, "datetime": {"datetime": "2025-05-14 17:01:11", "elapsed": 12853.924298, "delta": 24.400321}}
{"target": 119.50489690569574, "params": {"x0": 0.8743323695346429, "x1": 3.0672977922891858, "x2": 0.02151836103915527, "x3": 0.06942396806416236, "x4": 1.9881870465672762, "x5": 1.3460073551002563, "x6": 8.62308384755473, "x7": -6.519119824095349, "x8": 1.753341556360402, "x9": 1.1039713938971534}, "datetime": {"datetime": "2025-05-14 17:01:36", "elapsed": 12878.937133, "delta": 25.012835}}
{"target": 119.50489690569574, "params": {"x0": 0.8743323695346429, "x1": 3.0672977922891858, "x2": 0.02151836103915527, "x3": 0.06942396806416236, "x4": 1.9881870465672762, "x5": 1.3460073551002563, "x6": 8.62308384755473, "x7": -6.519119824095349, "x8": 1.753341556360402, "x9": 1.1039713938971534}, "datetime": {"datetime": "2025-05-14 17:01:57", "elapsed": 12899.104939, "delta": 20.167806}}
{"target": 119.50489690569574, "params": {"x0": 0.8743323695346429, "x1": 3.0672977922891858, "x2": 0.02151836103915527, "x3": 0.06942396806416236, "x4": 1.9881870465672762, "x5": 1.3460073551002563, "x6": 8.62308384755473, "x7": -6.519119824095349, "x8": 1.753341556360402, "x9": 1.1039713938971534}, "datetime": {"datetime": "2025-05-14 17:02:17", "elapsed": 12919.730219, "delta": 20.62528}}
{"target": 119.50489690569574, "params": {"x0": 0.8743323695346429, "x1": 3.0672977922891858, "x2": 0.02151836103915527, "x3": 0.06942396806416236, "x4": 1.9881870465672762, "x5": 1.3460073551002563, "x6": 8.62308384755473, "x7": -6.519119824095349, "x8": 1.753341556360402, "x9": 1.1039713938971534}, "datetime": {"datetime": "2025-05-14 17:02:40", "elapsed": 12942.405405, "delta": 22.675186}}
{"target": 119.50489690569574, "params": {"x0": 0.8743323695346429, "x1": 3.0672977922891858, "x2": 0.02151836103915527, "x3": 0.06942396806416236, "x4": 1.9881870465672762, "x5": 1.3460073551002563, "x6": 8.62308384755473, "x7": -6.519119824095349, "x8": 1.753341556360402, "x9": 1.1039713938971534}, "datetime": {"datetime": "2025-05-14 17:03:06", "elapsed": 12968.382494, "delta": 25.977089}}
{"target": 119.50489690569574, "params": {"x0": 0.8743323695346429, "x1": 3.0672977922891858, "x2": 0.02151836103915527, "x3": 0.06942396806416236, "x4": 1.9881870465672762, "x5": 1.3460073551002563, "x6": 8.62308384755473, "x7": -6.519119824095349, "x8": 1.753341556360402, "x9": 1.1039713938971534}, "datetime": {"datetime": "2025-05-14 17:03:22", "elapsed": 12984.106771, "delta": 15.724277}}
{"target": 119.50489690569574, "params": {"x0": 0.8743323695346429, "x1": 3.0672977922891858, "x2": 0.02151836103915527, "x3": 0.06942396806416236, "x4": 1.9881870465672762, "x5": 1.3460073551002563, "x6": 8.62308384755473, "x7": -6.519119824095349, "x8": 1.753341556360402, "x9": 1.1039713938971534}, "datetime": {"datetime": "2025-05-14 17:03:47", "elapsed": 13009.841591, "delta": 25.73482}}
{"target": 119.50489690569574, "params": {"x0": 0.8743323695346429, "x1": 3.0672977922891858, "x2": 0.02151836103915527, "x3": 0.06942396806416236, "x4": 1.9881870465672762, "x5": 1.3460073551002563, "x6": 8.62308384755473, "x7": -6.519119824095349, "x8": 1.753341556360402, "x9": 1.1039713938971534}, "datetime": {"datetime": "2025-05-14 17:04:09", "elapsed": 13031.388667, "delta": 21.547076}}
{"target": 119.50489690569574, "params": {"x0": 0.8743323695346429, "x1": 3.0672977922891858, "x2": 0.02151836103915527, "x3": 0.06942396806416236, "x4": 1.9881870465672762, "x5": 1.3460073551002563, "x6": 8.62308384755473, "x7": -6.519119824095349, "x8": 1.753341556360402, "x9": 1.1039713938971534}, "datetime": {"datetime": "2025-05-14 17:04:30", "elapsed": 13052.49973, "delta": 21.111063}}
{"target": 119.50489690569574, "params": {"x0": 0.8743323695346429, "x1": 3.0672977922891858, "x2": 0.02151836103915527, "x3": 0.06942396806416236, "x4": 1.9881870465672762, "x5": 1.3460073551002563, "x6": 8.62308384755473, "x7": -6.519119824095349, "x8": 1.753341556360402, "x9": 1.1039713938971534}, "datetime": {"datetime": "2025-05-14 17:04:53", "elapsed": 13075.667545, "delta": 23.167815}}
