{"target": 119.50489690569574, "params": {"x0": 0.8743323695346429, "x1": 3.0672977922891858, "x2": 0.02151836103915527, "x3": 0.06942396806416236, "x4": 1.9881870465672762, "x5": 1.3460073551002563, "x6": 8.62308384755473, "x7": -6.519119824095349, "x8": 1.753341556360402, "x9": 1.1039713938971534}, "datetime": {"datetime": "2025-05-14 15:52:22", "elapsed": 8724.263772, "delta": 14.186469}}
{"target": 119.50489690569574, "params": {"x0": 0.8743323695346429, "x1": 3.0672977922891858, "x2": 0.02151836103915527, "x3": 0.06942396806416236, "x4": 1.9881870465672762, "x5": 1.3460073551002563, "x6": 8.62308384755473, "x7": -6.519119824095349, "x8": 1.753341556360402, "x9": 1.1039713938971534}, "datetime": {"datetime": "2025-05-14 15:52:37", "elapsed": 8739.706541, "delta": 15.442769}}
{"target": 119.50489690569574, "params": {"x0": 0.8743323695346429, "x1": 3.0672977922891858, "x2": 0.02151836103915527, "x3": 0.06942396806416236, "x4": 1.9881870465672762, "x5": 1.3460073551002563, "x6": 8.62308384755473, "x7": -6.519119824095349, "x8": 1.753341556360402, "x9": 1.1039713938971534}, "datetime": {"datetime": "2025-05-14 15:52:54", "elapsed": 8756.96087, "delta": 17.254329}}
{"target": 119.50489690569574, "params": {"x0": 0.8743323695346429, "x1": 3.0672977922891858, "x2": 0.02151836103915527, "x3": 0.06942396806416236, "x4": 1.9881870465672762, "x5": 1.3460073551002563, "x6": 8.62308384755473, "x7": -6.519119824095349, "x8": 1.753341556360402, "x9": 1.1039713938971534}, "datetime": {"datetime": "2025-05-14 15:53:07", "elapsed": 8769.7972, "delta": 12.83633}}
{"target": 119.50489690569574, "params": {"x0": 0.8743323695346429, "x1": 3.0672977922891858, "x2": 0.02151836103915527, "x3": 0.06942396806416236, "x4": 1.9881870465672762, "x5": 1.3460073551002563, "x6": 8.62308384755473, "x7": -6.519119824095349, "x8": 1.753341556360402, "x9": 1.1039713938971534}, "datetime": {"datetime": "2025-05-14 15:53:23", "elapsed": 8785.438749, "delta": 15.641549}}
{"target": 119.50489690569574, "params": {"x0": 0.8743323695346429, "x1": 3.0672977922891858, "x2": 0.02151836103915527, "x3": 0.06942396806416236, "x4": 1.9881870465672762, "x5": 1.3460073551002563, "x6": 8.62308384755473, "x7": -6.519119824095349, "x8": 1.753341556360402, "x9": 1.1039713938971534}, "datetime": {"datetime": "2025-05-14 15:53:42", "elapsed": 8804.582277, "delta": 19.143528}}
{"target": 119.50489690569574, "params": {"x0": 0.8743323695346429, "x1": 3.0672977922891858, "x2": 0.02151836103915527, "x3": 0.06942396806416236, "x4": 1.9881870465672762, "x5": 1.3460073551002563, "x6": 8.62308384755473, "x7": -6.519119824095349, "x8": 1.753341556360402, "x9": 1.1039713938971534}, "datetime": {"datetime": "2025-05-14 15:53:56", "elapsed": 8818.186286, "delta": 13.604009}}
{"target": 119.50489690569574, "params": {"x0": 0.8743323695346429, "x1": 3.0672977922891858, "x2": 0.02151836103915527, "x3": 0.06942396806416236, "x4": 1.9881870465672762, "x5": 1.3460073551002563, "x6": 8.62308384755473, "x7": -6.519119824095349, "x8": 1.753341556360402, "x9": 1.1039713938971534}, "datetime": {"datetime": "2025-05-14 15:54:15", "elapsed": 8837.940419, "delta": 19.754133}}
{"target": 119.50489690569574, "params": {"x0": 0.8743323695346429, "x1": 3.0672977922891858, "x2": 0.02151836103915527, "x3": 0.06942396806416236, "x4": 1.9881870465672762, "x5": 1.3460073551002563, "x6": 8.62308384755473, "x7": -6.519119824095349, "x8": 1.753341556360402, "x9": 1.1039713938971534}, "datetime": {"datetime": "2025-05-14 15:54:36", "elapsed": 8858.716782, "delta": 20.776363}}
{"target": 119.50489690569574, "params": {"x0": 0.8743323695346429, "x1": 3.0672977922891858, "x2": 0.02151836103915527, "x3": 0.06942396806416236, "x4": 1.9881870465672762, "x5": 1.3460073551002563, "x6": 8.62308384755473, "x7": -6.519119824095349, "x8": 1.753341556360402, "x9": 1.1039713938971534}, "datetime": {"datetime": "2025-05-14 15:54:52", "elapsed": 8874.123617, "delta": 15.406835}}
{"target": 119.50489690569574, "params": {"x0": 0.8743323695346429, "x1": 3.0672977922891858, "x2": 0.02151836103915527, "x3": 0.06942396806416236, "x4": 1.9881870465672762, "x5": 1.3460073551002563, "x6": 8.62308384755473, "x7": -6.519119824095349, "x8": 1.753341556360402, "x9": 1.1039713938971534}, "datetime": {"datetime": "2025-05-14 15:55:07", "elapsed": 8889.788937, "delta": 15.66532}}
{"target": 119.50489690569574, "params": {"x0": 0.8743323695346429, "x1": 3.0672977922891858, "x2": 0.02151836103915527, "x3": 0.06942396806416236, "x4": 1.9881870465672762, "x5": 1.3460073551002563, "x6": 8.62308384755473, "x7": -6.519119824095349, "x8": 1.753341556360402, "x9": 1.1039713938971534}, "datetime": {"datetime": "2025-05-14 15:55:24", "elapsed": 8906.113232, "delta": 16.324295}}
{"target": 119.50489690569574, "params": {"x0": 0.8743323695346429, "x1": 3.0672977922891858, "x2": 0.02151836103915527, "x3": 0.06942396806416236, "x4": 1.9881870465672762, "x5": 1.3460073551002563, "x6": 8.62308384755473, "x7": -6.519119824095349, "x8": 1.753341556360402, "x9": 1.1039713938971534}, "datetime": {"datetime": "2025-05-14 15:55:44", "elapsed": 8927.03029, "delta": 20.917058}}
{"target": 119.50489690569574, "params": {"x0": 0.8743323695346429, "x1": 3.0672977922891858, "x2": 0.02151836103915527, "x3": 0.06942396806416236, "x4": 1.9881870465672762, "x5": 1.3460073551002563, "x6": 8.62308384755473, "x7": -6.519119824095349, "x8": 1.753341556360402, "x9": 1.1039713938971534}, "datetime": {"datetime": "2025-05-14 15:56:06", "elapsed": 8948.126525, "delta": 21.096235}}
{"target": 119.50489690569574, "params": {"x0": 0.8743323695346429, "x1": 3.0672977922891858, "x2": 0.02151836103915527, "x3": 0.06942396806416236, "x4": 1.9881870465672762, "x5": 1.3460073551002563, "x6": 8.62308384755473, "x7": -6.519119824095349, "x8": 1.753341556360402, "x9": 1.1039713938971534}, "datetime": {"datetime": "2025-05-14 15:56:19", "elapsed": 8961.28345, "delta": 13.156925}}
{"target": 119.50489690569574, "params": {"x0": 0.8743323695346429, "x1": 3.0672977922891858, "x2": 0.02151836103915527, "x3": 0.06942396806416236, "x4": 1.9881870465672762, "x5": 1.3460073551002563, "x6": 8.62308384755473, "x7": -6.519119824095349, "x8": 1.753341556360402, "x9": 1.1039713938971534}, "datetime": {"datetime": "2025-05-14 15:56:33", "elapsed": 8975.463699, "delta": 14.180249}}
{"target": 119.50489690569574, "params": {"x0": 0.8743323695346429, "x1": 3.0672977922891858, "x2": 0.02151836103915527, "x3": 0.06942396806416236, "x4": 1.9881870465672762, "x5": 1.3460073551002563, "x6": 8.62308384755473, "x7": -6.519119824095349, "x8": 1.753341556360402, "x9": 1.1039713938971534}, "datetime": {"datetime": "2025-05-14 15:56:51", "elapsed": 8993.678097, "delta": 18.214398}}
{"target": 119.50489690569574, "params": {"x0": 0.8743323695346429, "x1": 3.0672977922891858, "x2": 0.02151836103915527, "x3": 0.06942396806416236, "x4": 1.9881870465672762, "x5": 1.3460073551002563, "x6": 8.62308384755473, "x7": -6.519119824095349, "x8": 1.753341556360402, "x9": 1.1039713938971534}, "datetime": {"datetime": "2025-05-14 15:57:10", "elapsed": 9012.919721, "delta": 19.241624}}
{"target": 119.50489690569574, "params": {"x0": 0.8743323695346429, "x1": 3.0672977922891858, "x2": 0.02151836103915527, "x3": 0.06942396806416236, "x4": 1.9881870465672762, "x5": 1.3460073551002563, "x6": 8.62308384755473, "x7": -6.519119824095349, "x8": 1.753341556360402, "x9": 1.1039713938971534}, "datetime": {"datetime": "2025-05-14 15:57:27", "elapsed": 9029.240693, "delta": 16.320972}}
{"target": 119.50489690569574, "params": {"x0": 0.8743323695346429, "x1": 3.0672977922891858, "x2": 0.02151836103915527, "x3": 0.06942396806416236, "x4": 1.9881870465672762, "x5": 1.3460073551002563, "x6": 8.62308384755473, "x7": -6.519119824095349, "x8": 1.753341556360402, "x9": 1.1039713938971534}, "datetime": {"datetime": "2025-05-14 15:57:47", "elapsed": 9049.280726, "delta": 20.040033}}
{"target": 119.50489690569574, "params": {"x0": 0.8743323695346429, "x1": 3.0672977922891858, "x2": 0.02151836103915527, "x3": 0.06942396806416236, "x4": 1.9881870465672762, "x5": 1.3460073551002563, "x6": 8.62308384755473, "x7": -6.519119824095349, "x8": 1.753341556360402, "x9": 1.1039713938971534}, "datetime": {"datetime": "2025-05-14 15:58:00", "elapsed": 9062.990225, "delta": 13.709499}}
{"target": 119.50489690569574, "params": {"x0": 0.8743323695346429, "x1": 3.0672977922891858, "x2": 0.02151836103915527, "x3": 0.06942396806416236, "x4": 1.9881870465672762, "x5": 1.3460073551002563, "x6": 8.62308384755473, "x7": -6.519119824095349, "x8": 1.753341556360402, "x9": 1.1039713938971534}, "datetime": {"datetime": "2025-05-14 15:58:18", "elapsed": 9080.180412, "delta": 17.190187}}
{"target": 119.50489690569574, "params": {"x0": 0.8743323695346429, "x1": 3.0672977922891858, "x2": 0.02151836103915527, "x3": 0.06942396806416236, "x4": 1.9881870465672762, "x5": 1.3460073551002563, "x6": 8.62308384755473, "x7": -6.519119824095349, "x8": 1.753341556360402, "x9": 1.1039713938971534}, "datetime": {"datetime": "2025-05-14 15:58:32", "elapsed": 9094.757464, "delta": 14.577052}}
{"target": 119.50489690569574, "params": {"x0": 0.8743323695346429, "x1": 3.0672977922891858, "x2": 0.02151836103915527, "x3": 0.06942396806416236, "x4": 1.9881870465672762, "x5": 1.3460073551002563, "x6": 8.62308384755473, "x7": -6.519119824095349, "x8": 1.753341556360402, "x9": 1.1039713938971534}, "datetime": {"datetime": "2025-05-14 15:58:47", "elapsed": 9109.643773, "delta": 14.886309}}
{"target": 119.50489690569574, "params": {"x0": 0.8743323695346429, "x1": 3.0672977922891858, "x2": 0.02151836103915527, "x3": 0.06942396806416236, "x4": 1.9881870465672762, "x5": 1.3460073551002563, "x6": 8.62308384755473, "x7": -6.519119824095349, "x8": 1.753341556360402, "x9": 1.1039713938971534}, "datetime": {"datetime": "2025-05-14 15:59:03", "elapsed": 9125.154984, "delta": 15.511211}}
{"target": 119.50489690569574, "params": {"x0": 0.8743323695346429, "x1": 3.0672977922891858, "x2": 0.02151836103915527, "x3": 0.06942396806416236, "x4": 1.9881870465672762, "x5": 1.3460073551002563, "x6": 8.62308384755473, "x7": -6.519119824095349, "x8": 1.753341556360402, "x9": 1.1039713938971534}, "datetime": {"datetime": "2025-05-14 15:59:19", "elapsed": 9141.367471, "delta": 16.212487}}
{"target": 119.50489690569574, "params": {"x0": 0.8743323695346429, "x1": 3.0672977922891858, "x2": 0.02151836103915527, "x3": 0.06942396806416236, "x4": 1.9881870465672762, "x5": 1.3460073551002563, "x6": 8.62308384755473, "x7": -6.519119824095349, "x8": 1.753341556360402, "x9": 1.1039713938971534}, "datetime": {"datetime": "2025-05-14 15:59:39", "elapsed": 9161.491704, "delta": 20.124233}}
{"target": 119.50489690569574, "params": {"x0": 0.8743323695346429, "x1": 3.0672977922891858, "x2": 0.02151836103915527, "x3": 0.06942396806416236, "x4": 1.9881870465672762, "x5": 1.3460073551002563, "x6": 8.62308384755473, "x7": -6.519119824095349, "x8": 1.753341556360402, "x9": 1.1039713938971534}, "datetime": {"datetime": "2025-05-14 15:59:56", "elapsed": 9178.853515, "delta": 17.361811}}
{"target": 119.50489690569574, "params": {"x0": 0.8743323695346429, "x1": 3.0672977922891858, "x2": 0.02151836103915527, "x3": 0.06942396806416236, "x4": 1.9881870465672762, "x5": 1.3460073551002563, "x6": 8.62308384755473, "x7": -6.519119824095349, "x8": 1.753341556360402, "x9": 1.1039713938971534}, "datetime": {"datetime": "2025-05-14 16:00:12", "elapsed": 9194.717421, "delta": 15.863906}}
{"target": 119.50489690569574, "params": {"x0": 0.8743323695346429, "x1": 3.0672977922891858, "x2": 0.02151836103915527, "x3": 0.06942396806416236, "x4": 1.9881870465672762, "x5": 1.3460073551002563, "x6": 8.62308384755473, "x7": -6.519119824095349, "x8": 1.753341556360402, "x9": 1.1039713938971534}, "datetime": {"datetime": "2025-05-14 16:00:30", "elapsed": 9212.113391, "delta": 17.39597}}
{"target": 119.50489690569574, "params": {"x0": 0.8743323695346429, "x1": 3.0672977922891858, "x2": 0.02151836103915527, "x3": 0.06942396806416236, "x4": 1.9881870465672762, "x5": 1.3460073551002563, "x6": 8.62308384755473, "x7": -6.519119824095349, "x8": 1.753341556360402, "x9": 1.1039713938971534}, "datetime": {"datetime": "2025-05-14 16:00:42", "elapsed": 9224.557, "delta": 12.443609}}
{"target": 119.50489690569574, "params": {"x0": 0.8743323695346429, "x1": 3.0672977922891858, "x2": 0.02151836103915527, "x3": 0.06942396806416236, "x4": 1.9881870465672762, "x5": 1.3460073551002563, "x6": 8.62308384755473, "x7": -6.519119824095349, "x8": 1.753341556360402, "x9": 1.1039713938971534}, "datetime": {"datetime": "2025-05-14 16:00:58", "elapsed": 9240.884149, "delta": 16.327149}}
{"target": 119.50489690569574, "params": {"x0": 0.8743323695346429, "x1": 3.0672977922891858, "x2": 0.02151836103915527, "x3": 0.06942396806416236, "x4": 1.9881870465672762, "x5": 1.3460073551002563, "x6": 8.62308384755473, "x7": -6.519119824095349, "x8": 1.753341556360402, "x9": 1.1039713938971534}, "datetime": {"datetime": "2025-05-14 16:01:12", "elapsed": 9254.890041, "delta": 14.005892}}
{"target": 119.50489690569574, "params": {"x0": 0.8743323695346429, "x1": 3.0672977922891858, "x2": 0.02151836103915527, "x3": 0.06942396806416236, "x4": 1.9881870465672762, "x5": 1.3460073551002563, "x6": 8.62308384755473, "x7": -6.519119824095349, "x8": 1.753341556360402, "x9": 1.1039713938971534}, "datetime": {"datetime": "2025-05-14 16:01:31", "elapsed": 9273.207642, "delta": 18.317601}}
{"target": 119.50489690569574, "params": {"x0": 0.8743323695346429, "x1": 3.0672977922891858, "x2": 0.02151836103915527, "x3": 0.06942396806416236, "x4": 1.9881870465672762, "x5": 1.3460073551002563, "x6": 8.62308384755473, "x7": -6.519119824095349, "x8": 1.753341556360402, "x9": 1.1039713938971534}, "datetime": {"datetime": "2025-05-14 16:01:47", "elapsed": 9289.152951, "delta": 15.945309}}
{"target": 119.50489690569574, "params": {"x0": 0.8743323695346429, "x1": 3.0672977922891858, "x2": 0.02151836103915527, "x3": 0.06942396806416236, "x4": 1.9881870465672762, "x5": 1.3460073551002563, "x6": 8.62308384755473, "x7": -6.519119824095349, "x8": 1.753341556360402, "x9": 1.1039713938971534}, "datetime": {"datetime": "2025-05-14 16:02:03", "elapsed": 9305.245987, "delta": 16.093036}}
{"target": 119.50489690569574, "params": {"x0": 0.8743323695346429, "x1": 3.0672977922891858, "x2": 0.02151836103915527, "x3": 0.06942396806416236, "x4": 1.9881870465672762, "x5": 1.3460073551002563, "x6": 8.62308384755473, "x7": -6.519119824095349, "x8": 1.753341556360402, "x9": 1.1039713938971534}, "datetime": {"datetime": "2025-05-14 16:02:23", "elapsed": 9325.393622, "delta": 20.147635}}
{"target": 119.50489690569574, "params": {"x0": 0.8743323695346429, "x1": 3.0672977922891858, "x2": 0.02151836103915527, "x3": 0.06942396806416236, "x4": 1.9881870465672762, "x5": 1.3460073551002563, "x6": 8.62308384755473, "x7": -6.519119824095349, "x8": 1.753341556360402, "x9": 1.1039713938971534}, "datetime": {"datetime": "2025-05-14 16:02:42", "elapsed": 9344.496108, "delta": 19.102486}}
{"target": 119.50489690569574, "params": {"x0": 0.8743323695346429, "x1": 3.0672977922891858, "x2": 0.02151836103915527, "x3": 0.06942396806416236, "x4": 1.9881870465672762, "x5": 1.3460073551002563, "x6": 8.62308384755473, "x7": -6.519119824095349, "x8": 1.753341556360402, "x9": 1.1039713938971534}, "datetime": {"datetime": "2025-05-14 16:03:02", "elapsed": 9364.387262, "delta": 19.891154}}
{"target": 119.50489690569574, "params": {"x0": 0.8743323695346429, "x1": 3.0672977922891858, "x2": 0.02151836103915527, "x3": 0.06942396806416236, "x4": 1.9881870465672762, "x5": 1.3460073551002563, "x6": 8.62308384755473, "x7": -6.519119824095349, "x8": 1.753341556360402, "x9": 1.1039713938971534}, "datetime": {"datetime": "2025-05-14 16:03:18", "elapsed": 9380.833729, "delta": 16.446467}}
{"target": 119.50489690569574, "params": {"x0": 0.8743323695346429, "x1": 3.0672977922891858, "x2": 0.02151836103915527, "x3": 0.06942396806416236, "x4": 1.9881870465672762, "x5": 1.3460073551002563, "x6": 8.62308384755473, "x7": -6.519119824095349, "x8": 1.753341556360402, "x9": 1.1039713938971534}, "datetime": {"datetime": "2025-05-14 16:03:35", "elapsed": 9397.467707, "delta": 16.633978}}
{"target": 119.50489690569574, "params": {"x0": 0.8743323695346429, "x1": 3.0672977922891858, "x2": 0.02151836103915527, "x3": 0.06942396806416236, "x4": 1.9881870465672762, "x5": 1.3460073551002563, "x6": 8.62308384755473, "x7": -6.519119824095349, "x8": 1.753341556360402, "x9": 1.1039713938971534}, "datetime": {"datetime": "2025-05-14 16:03:55", "elapsed": 9417.882172, "delta": 20.414465}}
{"target": 119.50489690569574, "params": {"x0": 0.8743323695346429, "x1": 3.0672977922891858, "x2": 0.02151836103915527, "x3": 0.06942396806416236, "x4": 1.9881870465672762, "x5": 1.3460073551002563, "x6": 8.62308384755473, "x7": -6.519119824095349, "x8": 1.753341556360402, "x9": 1.1039713938971534}, "datetime": {"datetime": "2025-05-14 16:04:11", "elapsed": 9433.538615, "delta": 15.656443}}
{"target": 119.50489690569574, "params": {"x0": 0.8743323695346429, "x1": 3.0672977922891858, "x2": 0.02151836103915527, "x3": 0.06942396806416236, "x4": 1.9881870465672762, "x5": 1.3460073551002563, "x6": 8.62308384755473, "x7": -6.519119824095349, "x8": 1.753341556360402, "x9": 1.1039713938971534}, "datetime": {"datetime": "2025-05-14 16:04:25", "elapsed": 9447.978577, "delta": 14.439962}}
{"target": 119.50489690569574, "params": {"x0": 0.8743323695346429, "x1": 3.0672977922891858, "x2": 0.02151836103915527, "x3": 0.06942396806416236, "x4": 1.9881870465672762, "x5": 1.3460073551002563, "x6": 8.62308384755473, "x7": -6.519119824095349, "x8": 1.753341556360402, "x9": 1.1039713938971534}, "datetime": {"datetime": "2025-05-14 16:04:48", "elapsed": 9470.246769, "delta": 22.268192}}
{"target": 119.50489690569574, "params": {"x0": 0.8743323695346429, "x1": 3.0672977922891858, "x2": 0.02151836103915527, "x3": 0.06942396806416236, "x4": 1.9881870465672762, "x5": 1.3460073551002563, "x6": 8.62308384755473, "x7": -6.519119824095349, "x8": 1.753341556360402, "x9": 1.1039713938971534}, "datetime": {"datetime": "2025-05-14 16:05:06", "elapsed": 9488.215533, "delta": 17.968764}}
{"target": 119.50489690569574, "params": {"x0": 0.8743323695346429, "x1": 3.0672977922891858, "x2": 0.02151836103915527, "x3": 0.06942396806416236, "x4": 1.9881870465672762, "x5": 1.3460073551002563, "x6": 8.62308384755473, "x7": -6.519119824095349, "x8": 1.753341556360402, "x9": 1.1039713938971534}, "datetime": {"datetime": "2025-05-14 16:05:24", "elapsed": 9506.683364, "delta": 18.467831}}
{"target": 119.50489690569574, "params": {"x0": 0.8743323695346429, "x1": 3.0672977922891858, "x2": 0.02151836103915527, "x3": 0.06942396806416236, "x4": 1.9881870465672762, "x5": 1.3460073551002563, "x6": 8.62308384755473, "x7": -6.519119824095349, "x8": 1.753341556360402, "x9": 1.1039713938971534}, "datetime": {"datetime": "2025-05-14 16:05:43", "elapsed": 9525.345516, "delta": 18.662152}}
{"target": 119.50489690569574, "params": {"x0": 0.8743323695346429, "x1": 3.0672977922891858, "x2": 0.02151836103915527, "x3": 0.06942396806416236, "x4": 1.9881870465672762, "x5": 1.3460073551002563, "x6": 8.62308384755473, "x7": -6.519119824095349, "x8": 1.753341556360402, "x9": 1.1039713938971534}, "datetime": {"datetime": "2025-05-14 16:06:00", "elapsed": 9542.416852, "delta": 17.071336}}
{"target": 119.50489690569574, "params": {"x0": 0.8743323695346429, "x1": 3.0672977922891858, "x2": 0.02151836103915527, "x3": 0.06942396806416236, "x4": 1.9881870465672762, "x5": 1.3460073551002563, "x6": 8.62308384755473, "x7": -6.519119824095349, "x8": 1.753341556360402, "x9": 1.1039713938971534}, "datetime": {"datetime": "2025-05-14 16:06:27", "elapsed": 9570.024517, "delta": 27.607665}}
{"target": 119.50489690569574, "params": {"x0": 0.8743323695346429, "x1": 3.0672977922891858, "x2": 0.02151836103915527, "x3": 0.06942396806416236, "x4": 1.9881870465672762, "x5": 1.3460073551002563, "x6": 8.62308384755473, "x7": -6.519119824095349, "x8": 1.753341556360402, "x9": 1.1039713938971534}, "datetime": {"datetime": "2025-05-14 16:06:46", "elapsed": 9588.834196, "delta": 18.809679}}
{"target": 119.50489690569574, "params": {"x0": 0.8743323695346429, "x1": 3.0672977922891858, "x2": 0.02151836103915527, "x3": 0.06942396806416236, "x4": 1.9881870465672762, "x5": 1.3460073551002563, "x6": 8.62308384755473, "x7": -6.519119824095349, "x8": 1.753341556360402, "x9": 1.1039713938971534}, "datetime": {"datetime": "2025-05-14 16:07:03", "elapsed": 9605.501235, "delta": 16.667039}}
{"target": 119.50489690569574, "params": {"x0": 0.8743323695346429, "x1": 3.0672977922891858, "x2": 0.02151836103915527, "x3": 0.06942396806416236, "x4": 1.9881870465672762, "x5": 1.3460073551002563, "x6": 8.62308384755473, "x7": -6.519119824095349, "x8": 1.753341556360402, "x9": 1.1039713938971534}, "datetime": {"datetime": "2025-05-14 16:07:22", "elapsed": 9624.160749, "delta": 18.659514}}
{"target": 119.50489690569574, "params": {"x0": 0.8743323695346429, "x1": 3.0672977922891858, "x2": 0.02151836103915527, "x3": 0.06942396806416236, "x4": 1.9881870465672762, "x5": 1.3460073551002563, "x6": 8.62308384755473, "x7": -6.519119824095349, "x8": 1.753341556360402, "x9": 1.1039713938971534}, "datetime": {"datetime": "2025-05-14 16:07:38", "elapsed": 9640.761791, "delta": 16.601042}}
{"target": 119.50489690569574, "params": {"x0": 0.8743323695346429, "x1": 3.0672977922891858, "x2": 0.02151836103915527, "x3": 0.06942396806416236, "x4": 1.9881870465672762, "x5": 1.3460073551002563, "x6": 8.62308384755473, "x7": -6.519119824095349, "x8": 1.753341556360402, "x9": 1.1039713938971534}, "datetime": {"datetime": "2025-05-14 16:07:57", "elapsed": 9659.17634, "delta": 18.414549}}
