{"target": 119.50489690569574, "params": {"x0": 0.8743323695346429, "x1": 3.0672977922891858, "x2": 0.02151836103915527, "x3": 0.06942396806416236, "x4": 1.9881870465672762, "x5": 1.3460073551002563, "x6": 8.62308384755473, "x7": -6.519119824095349, "x8": 1.753341556360402, "x9": 1.1039713938971534}, "datetime": {"datetime": "2025-05-14 17:49:51", "elapsed": 15773.371176, "delta": 23.217963}}
{"target": 119.50489690569574, "params": {"x0": 0.8743323695346429, "x1": 3.0672977922891858, "x2": 0.02151836103915527, "x3": 0.06942396806416236, "x4": 1.9881870465672762, "x5": 1.3460073551002563, "x6": 8.62308384755473, "x7": -6.519119824095349, "x8": 1.753341556360402, "x9": 1.1039713938971534}, "datetime": {"datetime": "2025-05-14 17:50:12", "elapsed": 15794.943503, "delta": 21.572327}}
{"target": 119.50489690569574, "params": {"x0": 0.8743323695346429, "x1": 3.0672977922891858, "x2": 0.02151836103915527, "x3": 0.06942396806416236, "x4": 1.9881870465672762, "x5": 1.3460073551002563, "x6": 8.62308384755473, "x7": -6.519119824095349, "x8": 1.753341556360402, "x9": 1.1039713938971534}, "datetime": {"datetime": "2025-05-14 17:50:39", "elapsed": 15821.953912, "delta": 27.010409}}
{"target": 119.50489690569574, "params": {"x0": 0.8743323695346429, "x1": 3.0672977922891858, "x2": 0.02151836103915527, "x3": 0.06942396806416236, "x4": 1.9881870465672762, "x5": 1.3460073551002563, "x6": 8.62308384755473, "x7": -6.519119824095349, "x8": 1.753341556360402, "x9": 1.1039713938971534}, "datetime": {"datetime": "2025-05-14 17:51:06", "elapsed": 15848.482658, "delta": 26.528746}}
{"target": 119.50489690569574, "params": {"x0": 0.8743323695346429, "x1": 3.0672977922891858, "x2": 0.02151836103915527, "x3": 0.06942396806416236, "x4": 1.9881870465672762, "x5": 1.3460073551002563, "x6": 8.62308384755473, "x7": -6.519119824095349, "x8": 1.753341556360402, "x9": 1.1039713938971534}, "datetime": {"datetime": "2025-05-14 17:51:41", "elapsed": 15883.557757, "delta": 35.075099}}
{"target": 119.50489690569574, "params": {"x0": 0.8743323695346429, "x1": 3.0672977922891858, "x2": 0.02151836103915527, "x3": 0.06942396806416236, "x4": 1.9881870465672762, "x5": 1.3460073551002563, "x6": 8.62308384755473, "x7": -6.519119824095349, "x8": 1.753341556360402, "x9": 1.1039713938971534}, "datetime": {"datetime": "2025-05-14 17:52:07", "elapsed": 15909.467286, "delta": 25.909529}}
{"target": 119.50489690569574, "params": {"x0": 0.8743323695346429, "x1": 3.0672977922891858, "x2": 0.02151836103915527, "x3": 0.06942396806416236, "x4": 1.9881870465672762, "x5": 1.3460073551002563, "x6": 8.62308384755473, "x7": -6.519119824095349, "x8": 1.753341556360402, "x9": 1.1039713938971534}, "datetime": {"datetime": "2025-05-14 17:52:38", "elapsed": 15940.649701, "delta": 31.182415}}
{"target": 119.50489690569574, "params": {"x0": 0.8743323695346429, "x1": 3.0672977922891858, "x2": 0.02151836103915527, "x3": 0.06942396806416236, "x4": 1.9881870465672762, "x5": 1.3460073551002563, "x6": 8.62308384755473, "x7": -6.519119824095349, "x8": 1.753341556360402, "x9": 1.1039713938971534}, "datetime": {"datetime": "2025-05-14 17:53:05", "elapsed": 15967.063577, "delta": 26.413876}}
{"target": 119.50489690569574, "params": {"x0": 0.8743323695346429, "x1": 3.0672977922891858, "x2": 0.02151836103915527, "x3": 0.06942396806416236, "x4": 1.9881870465672762, "x5": 1.3460073551002563, "x6": 8.62308384755473, "x7": -6.519119824095349, "x8": 1.753341556360402, "x9": 1.1039713938971534}, "datetime": {"datetime": "2025-05-14 17:53:32", "elapsed": 15994.973401, "delta": 27.909824}}
{"target": 119.50489690569574, "params": {"x0": 0.8743323695346429, "x1": 3.0672977922891858, "x2": 0.02151836103915527, "x3": 0.06942396806416236, "x4": 1.9881870465672762, "x5": 1.3460073551002563, "x6": 8.62308384755473, "x7": -6.519119824095349, "x8": 1.753341556360402, "x9": 1.1039713938971534}, "datetime": {"datetime": "2025-05-14 17:53:58", "elapsed": 16020.743386, "delta": 25.769985}}
{"target": 119.50489690569574, "params": {"x0": 0.8743323695346429, "x1": 3.0672977922891858, "x2": 0.02151836103915527, "x3": 0.06942396806416236, "x4": 1.9881870465672762, "x5": 1.3460073551002563, "x6": 8.62308384755473, "x7": -6.519119824095349, "x8": 1.753341556360402, "x9": 1.1039713938971534}, "datetime": {"datetime": "2025-05-14 17:54:22", "elapsed": 16044.470829, "delta": 23.727443}}
{"target": 119.50489690569574, "params": {"x0": 0.8743323695346429, "x1": 3.0672977922891858, "x2": 0.02151836103915527, "x3": 0.06942396806416236, "x4": 1.9881870465672762, "x5": 1.3460073551002563, "x6": 8.62308384755473, "x7": -6.519119824095349, "x8": 1.753341556360402, "x9": 1.1039713938971534}, "datetime": {"datetime": "2025-05-14 17:54:50", "elapsed": 16072.146597, "delta": 27.675768}}
{"target": 119.50489690569574, "params": {"x0": 0.8743323695346429, "x1": 3.0672977922891858, "x2": 0.02151836103915527, "x3": 0.06942396806416236, "x4": 1.9881870465672762, "x5": 1.3460073551002563, "x6": 8.62308384755473, "x7": -6.519119824095349, "x8": 1.753341556360402, "x9": 1.1039713938971534}, "datetime": {"datetime": "2025-05-14 17:55:15", "elapsed": 16097.792611, "delta": 25.646014}}
{"target": 119.50489690569574, "params": {"x0": 0.8743323695346429, "x1": 3.0672977922891858, "x2": 0.02151836103915527, "x3": 0.06942396806416236, "x4": 1.9881870465672762, "x5": 1.3460073551002563, "x6": 8.62308384755473, "x7": -6.519119824095349, "x8": 1.753341556360402, "x9": 1.1039713938971534}, "datetime": {"datetime": "2025-05-14 17:55:40", "elapsed": 16122.43431, "delta": 24.641699}}
{"target": 119.50489690569574, "params": {"x0": 0.8743323695346429, "x1": 3.0672977922891858, "x2": 0.02151836103915527, "x3": 0.06942396806416236, "x4": 1.9881870465672762, "x5": 1.3460073551002563, "x6": 8.62308384755473, "x7": -6.519119824095349, "x8": 1.753341556360402, "x9": 1.1039713938971534}, "datetime": {"datetime": "2025-05-14 17:56:07", "elapsed": 16149.657831, "delta": 27.223521}}
{"target": 119.50489690569574, "params": {"x0": 0.8743323695346429, "x1": 3.0672977922891858, "x2": 0.02151836103915527, "x3": 0.06942396806416236, "x4": 1.9881870465672762, "x5": 1.3460073551002563, "x6": 8.62308384755473, "x7": -6.519119824095349, "x8": 1.753341556360402, "x9": 1.1039713938971534}, "datetime": {"datetime": "2025-05-14 17:56:34", "elapsed": 16177.002816, "delta": 27.344985}}
{"target": 119.50489690569574, "params": {"x0": 0.8743323695346429, "x1": 3.0672977922891858, "x2": 0.02151836103915527, "x3": 0.06942396806416236, "x4": 1.9881870465672762, "x5": 1.3460073551002563, "x6": 8.62308384755473, "x7": -6.519119824095349, "x8": 1.753341556360402, "x9": 1.1039713938971534}, "datetime": {"datetime": "2025-05-14 17:56:59", "elapsed": 16201.584259, "delta": 24.581443}}
{"target": 119.50489690569574, "params": {"x0": 0.8743323695346429, "x1": 3.0672977922891858, "x2": 0.02151836103915527, "x3": 0.06942396806416236, "x4": 1.9881870465672762, "x5": 1.3460073551002563, "x6": 8.62308384755473, "x7": -6.519119824095349, "x8": 1.753341556360402, "x9": 1.1039713938971534}, "datetime": {"datetime": "2025-05-14 17:57:32", "elapsed": 16234.550426, "delta": 32.966167}}
{"target": 119.50489690569574, "params": {"x0": 0.8743323695346429, "x1": 3.0672977922891858, "x2": 0.02151836103915527, "x3": 0.06942396806416236, "x4": 1.9881870465672762, "x5": 1.3460073551002563, "x6": 8.62308384755473, "x7": -6.519119824095349, "x8": 1.753341556360402, "x9": 1.1039713938971534}, "datetime": {"datetime": "2025-05-14 17:57:59", "elapsed": 16261.190971, "delta": 26.640545}}
{"target": 119.50489690569574, "params": {"x0": 0.8743323695346429, "x1": 3.0672977922891858, "x2": 0.02151836103915527, "x3": 0.06942396806416236, "x4": 1.9881870465672762, "x5": 1.3460073551002563, "x6": 8.62308384755473, "x7": -6.519119824095349, "x8": 1.753341556360402, "x9": 1.1039713938971534}, "datetime": {"datetime": "2025-05-14 17:58:24", "elapsed": 16286.126476, "delta": 24.935505}}
{"target": 119.50489690569574, "params": {"x0": 0.8743323695346429, "x1": 3.0672977922891858, "x2": 0.02151836103915527, "x3": 0.06942396806416236, "x4": 1.9881870465672762, "x5": 1.3460073551002563, "x6": 8.62308384755473, "x7": -6.519119824095349, "x8": 1.753341556360402, "x9": 1.1039713938971534}, "datetime": {"datetime": "2025-05-14 17:58:58", "elapsed": 16320.715593, "delta": 34.589117}}
{"target": 119.50489690569574, "params": {"x0": 0.8743323695346429, "x1": 3.0672977922891858, "x2": 0.02151836103915527, "x3": 0.06942396806416236, "x4": 1.9881870465672762, "x5": 1.3460073551002563, "x6": 8.62308384755473, "x7": -6.519119824095349, "x8": 1.753341556360402, "x9": 1.1039713938971534}, "datetime": {"datetime": "2025-05-14 17:59:24", "elapsed": 16346.783646, "delta": 26.068053}}
{"target": 119.50489690569574, "params": {"x0": 0.8743323695346429, "x1": 3.0672977922891858, "x2": 0.02151836103915527, "x3": 0.06942396806416236, "x4": 1.9881870465672762, "x5": 1.3460073551002563, "x6": 8.62308384755473, "x7": -6.519119824095349, "x8": 1.753341556360402, "x9": 1.1039713938971534}, "datetime": {"datetime": "2025-05-14 17:59:56", "elapsed": 16378.253212, "delta": 31.469566}}
{"target": 119.50489690569574, "params": {"x0": 0.8743323695346429, "x1": 3.0672977922891858, "x2": 0.02151836103915527, "x3": 0.06942396806416236, "x4": 1.9881870465672762, "x5": 1.3460073551002563, "x6": 8.62308384755473, "x7": -6.519119824095349, "x8": 1.753341556360402, "x9": 1.1039713938971534}, "datetime": {"datetime": "2025-05-14 18:00:22", "elapsed": 16404.696807, "delta": 26.443595}}
{"target": 119.50489690569574, "params": {"x0": 0.8743323695346429, "x1": 3.0672977922891858, "x2": 0.02151836103915527, "x3": 0.06942396806416236, "x4": 1.9881870465672762, "x5": 1.3460073551002563, "x6": 8.62308384755473, "x7": -6.519119824095349, "x8": 1.753341556360402, "x9": 1.1039713938971534}, "datetime": {"datetime": "2025-05-14 18:00:49", "elapsed": 16431.634116, "delta": 26.937309}}
{"target": 119.50489690569574, "params": {"x0": 0.8743323695346429, "x1": 3.0672977922891858, "x2": 0.02151836103915527, "x3": 0.06942396806416236, "x4": 1.9881870465672762, "x5": 1.3460073551002563, "x6": 8.62308384755473, "x7": -6.519119824095349, "x8": 1.753341556360402, "x9": 1.1039713938971534}, "datetime": {"datetime": "2025-05-14 18:01:11", "elapsed": 16453.24067, "delta": 21.606554}}
{"target": 119.50489690569574, "params": {"x0": 0.8743323695346429, "x1": 3.0672977922891858, "x2": 0.02151836103915527, "x3": 0.06942396806416236, "x4": 1.9881870465672762, "x5": 1.3460073551002563, "x6": 8.62308384755473, "x7": -6.519119824095349, "x8": 1.753341556360402, "x9": 1.1039713938971534}, "datetime": {"datetime": "2025-05-14 18:01:36", "elapsed": 16478.932079, "delta": 25.691409}}
{"target": 119.50489690569574, "params": {"x0": 0.8743323695346429, "x1": 3.0672977922891858, "x2": 0.02151836103915527, "x3": 0.06942396806416236, "x4": 1.9881870465672762, "x5": 1.3460073551002563, "x6": 8.62308384755473, "x7": -6.519119824095349, "x8": 1.753341556360402, "x9": 1.1039713938971534}, "datetime": {"datetime": "2025-05-14 18:02:01", "elapsed": 16503.950956, "delta": 25.018877}}
{"target": 119.50489690569574, "params": {"x0": 0.8743323695346429, "x1": 3.0672977922891858, "x2": 0.02151836103915527, "x3": 0.06942396806416236, "x4": 1.9881870465672762, "x5": 1.3460073551002563, "x6": 8.62308384755473, "x7": -6.519119824095349, "x8": 1.753341556360402, "x9": 1.1039713938971534}, "datetime": {"datetime": "2025-05-14 18:02:30", "elapsed": 16532.454726, "delta": 28.50377}}
{"target": 119.50489690569574, "params": {"x0": 0.8743323695346429, "x1": 3.0672977922891858, "x2": 0.02151836103915527, "x3": 0.06942396806416236, "x4": 1.9881870465672762, "x5": 1.3460073551002563, "x6": 8.62308384755473, "x7": -6.519119824095349, "x8": 1.753341556360402, "x9": 1.1039713938971534}, "datetime": {"datetime": "2025-05-14 18:03:07", "elapsed": 16569.553196, "delta": 37.09847}}
{"target": 119.50489690569574, "params": {"x0": 0.8743323695346429, "x1": 3.0672977922891858, "x2": 0.02151836103915527, "x3": 0.06942396806416236, "x4": 1.9881870465672762, "x5": 1.3460073551002563, "x6": 8.62308384755473, "x7": -6.519119824095349, "x8": 1.753341556360402, "x9": 1.1039713938971534}, "datetime": {"datetime": "2025-05-14 18:03:29", "elapsed": 16591.924963, "delta": 22.371767}}
{"target": 119.50489690569574, "params": {"x0": 0.8743323695346429, "x1": 3.0672977922891858, "x2": 0.02151836103915527, "x3": 0.06942396806416236, "x4": 1.9881870465672762, "x5": 1.3460073551002563, "x6": 8.62308384755473, "x7": -6.519119824095349, "x8": 1.753341556360402, "x9": 1.1039713938971534}, "datetime": {"datetime": "2025-05-14 18:03:59", "elapsed": 16622.050064, "delta": 30.125101}}
{"target": 119.50489690569574, "params": {"x0": 0.8743323695346429, "x1": 3.0672977922891858, "x2": 0.02151836103915527, "x3": 0.06942396806416236, "x4": 1.9881870465672762, "x5": 1.3460073551002563, "x6": 8.62308384755473, "x7": -6.519119824095349, "x8": 1.753341556360402, "x9": 1.1039713938971534}, "datetime": {"datetime": "2025-05-14 18:04:26", "elapsed": 16648.162287, "delta": 26.112223}}
{"target": 119.50489690569574, "params": {"x0": 0.8743323695346429, "x1": 3.0672977922891858, "x2": 0.02151836103915527, "x3": 0.06942396806416236, "x4": 1.9881870465672762, "x5": 1.3460073551002563, "x6": 8.62308384755473, "x7": -6.519119824095349, "x8": 1.753341556360402, "x9": 1.1039713938971534}, "datetime": {"datetime": "2025-05-14 18:04:52", "elapsed": 16674.731649, "delta": 26.569362}}
{"target": 119.50489690569574, "params": {"x0": 0.8743323695346429, "x1": 3.0672977922891858, "x2": 0.02151836103915527, "x3": 0.06942396806416236, "x4": 1.9881870465672762, "x5": 1.3460073551002563, "x6": 8.62308384755473, "x7": -6.519119824095349, "x8": 1.753341556360402, "x9": 1.1039713938971534}, "datetime": {"datetime": "2025-05-14 18:05:19", "elapsed": 16702.059823, "delta": 27.328174}}
{"target": 119.50489690569574, "params": {"x0": 0.8743323695346429, "x1": 3.0672977922891858, "x2": 0.02151836103915527, "x3": 0.06942396806416236, "x4": 1.9881870465672762, "x5": 1.3460073551002563, "x6": 8.62308384755473, "x7": -6.519119824095349, "x8": 1.753341556360402, "x9": 1.1039713938971534}, "datetime": {"datetime": "2025-05-14 18:06:00", "elapsed": 16742.263975, "delta": 40.204152}}
{"target": 119.50489690569574, "params": {"x0": 0.8743323695346429, "x1": 3.0672977922891858, "x2": 0.02151836103915527, "x3": 0.06942396806416236, "x4": 1.9881870465672762, "x5": 1.3460073551002563, "x6": 8.62308384755473, "x7": -6.519119824095349, "x8": 1.753341556360402, "x9": 1.1039713938971534}, "datetime": {"datetime": "2025-05-14 18:06:31", "elapsed": 16773.992442, "delta": 31.728467}}
{"target": 119.50489690569574, "params": {"x0": 0.8743323695346429, "x1": 3.0672977922891858, "x2": 0.02151836103915527, "x3": 0.06942396806416236, "x4": 1.9881870465672762, "x5": 1.3460073551002563, "x6": 8.62308384755473, "x7": -6.519119824095349, "x8": 1.753341556360402, "x9": 1.1039713938971534}, "datetime": {"datetime": "2025-05-14 18:07:00", "elapsed": 16802.866375, "delta": 28.873933}}
{"target": 119.50489690569574, "params": {"x0": 0.8743323695346429, "x1": 3.0672977922891858, "x2": 0.02151836103915527, "x3": 0.06942396806416236, "x4": 1.9881870465672762, "x5": 1.3460073551002563, "x6": 8.62308384755473, "x7": -6.519119824095349, "x8": 1.753341556360402, "x9": 1.1039713938971534}, "datetime": {"datetime": "2025-05-14 18:07:31", "elapsed": 16833.552814, "delta": 30.686439}}
{"target": 119.50489690569574, "params": {"x0": 0.8743323695346429, "x1": 3.0672977922891858, "x2": 0.02151836103915527, "x3": 0.06942396806416236, "x4": 1.9881870465672762, "x5": 1.3460073551002563, "x6": 8.62308384755473, "x7": -6.519119824095349, "x8": 1.753341556360402, "x9": 1.1039713938971534}, "datetime": {"datetime": "2025-05-14 18:08:00", "elapsed": 16862.413271, "delta": 28.860457}}
{"target": 119.50489690569574, "params": {"x0": 0.8743323695346429, "x1": 3.0672977922891858, "x2": 0.02151836103915527, "x3": 0.06942396806416236, "x4": 1.9881870465672762, "x5": 1.3460073551002563, "x6": 8.62308384755473, "x7": -6.519119824095349, "x8": 1.753341556360402, "x9": 1.1039713938971534}, "datetime": {"datetime": "2025-05-14 18:08:27", "elapsed": 16889.899114, "delta": 27.485843}}
{"target": 119.50489690569574, "params": {"x0": 0.8743323695346429, "x1": 3.0672977922891858, "x2": 0.02151836103915527, "x3": 0.06942396806416236, "x4": 1.9881870465672762, "x5": 1.3460073551002563, "x6": 8.62308384755473, "x7": -6.519119824095349, "x8": 1.753341556360402, "x9": 1.1039713938971534}, "datetime": {"datetime": "2025-05-14 18:08:58", "elapsed": 16920.881613, "delta": 30.982499}}
{"target": 119.50489690569574, "params": {"x0": 0.8743323695346429, "x1": 3.0672977922891858, "x2": 0.02151836103915527, "x3": 0.06942396806416236, "x4": 1.9881870465672762, "x5": 1.3460073551002563, "x6": 8.62308384755473, "x7": -6.519119824095349, "x8": 1.753341556360402, "x9": 1.1039713938971534}, "datetime": {"datetime": "2025-05-14 18:09:33", "elapsed": 16955.462784, "delta": 34.581171}}
{"target": 119.50489690569574, "params": {"x0": 0.8743323695346429, "x1": 3.0672977922891858, "x2": 0.02151836103915527, "x3": 0.06942396806416236, "x4": 1.9881870465672762, "x5": 1.3460073551002563, "x6": 8.62308384755473, "x7": -6.519119824095349, "x8": 1.753341556360402, "x9": 1.1039713938971534}, "datetime": {"datetime": "2025-05-14 18:09:56", "elapsed": 16978.852464, "delta": 23.38968}}
{"target": 119.50489690569574, "params": {"x0": 0.8743323695346429, "x1": 3.0672977922891858, "x2": 0.02151836103915527, "x3": 0.06942396806416236, "x4": 1.9881870465672762, "x5": 1.3460073551002563, "x6": 8.62308384755473, "x7": -6.519119824095349, "x8": 1.753341556360402, "x9": 1.1039713938971534}, "datetime": {"datetime": "2025-05-14 18:10:25", "elapsed": 17007.653351, "delta": 28.800887}}
{"target": 119.50489690569574, "params": {"x0": 0.8743323695346429, "x1": 3.0672977922891858, "x2": 0.02151836103915527, "x3": 0.06942396806416236, "x4": 1.9881870465672762, "x5": 1.3460073551002563, "x6": 8.62308384755473, "x7": -6.519119824095349, "x8": 1.753341556360402, "x9": 1.1039713938971534}, "datetime": {"datetime": "2025-05-14 18:10:51", "elapsed": 17033.093498, "delta": 25.440147}}
{"target": 119.50489690569574, "params": {"x0": 0.8743323695346429, "x1": 3.0672977922891858, "x2": 0.02151836103915527, "x3": 0.06942396806416236, "x4": 1.9881870465672762, "x5": 1.3460073551002563, "x6": 8.62308384755473, "x7": -6.519119824095349, "x8": 1.753341556360402, "x9": 1.1039713938971534}, "datetime": {"datetime": "2025-05-14 18:11:19", "elapsed": 17061.75559, "delta": 28.662092}}
{"target": 119.50489690569574, "params": {"x0": 0.8743323695346429, "x1": 3.0672977922891858, "x2": 0.02151836103915527, "x3": 0.06942396806416236, "x4": 1.9881870465672762, "x5": 1.3460073551002563, "x6": 8.62308384755473, "x7": -6.519119824095349, "x8": 1.753341556360402, "x9": 1.1039713938971534}, "datetime": {"datetime": "2025-05-14 18:11:44", "elapsed": 17086.260144, "delta": 24.504554}}
{"target": 119.50489690569574, "params": {"x0": 0.8743323695346429, "x1": 3.0672977922891858, "x2": 0.02151836103915527, "x3": 0.06942396806416236, "x4": 1.9881870465672762, "x5": 1.3460073551002563, "x6": 8.62308384755473, "x7": -6.519119824095349, "x8": 1.753341556360402, "x9": 1.1039713938971534}, "datetime": {"datetime": "2025-05-14 18:12:04", "elapsed": 17106.954052, "delta": 20.693908}}
{"target": 119.50489690569574, "params": {"x0": 0.8743323695346429, "x1": 3.0672977922891858, "x2": 0.02151836103915527, "x3": 0.06942396806416236, "x4": 1.9881870465672762, "x5": 1.3460073551002563, "x6": 8.62308384755473, "x7": -6.519119824095349, "x8": 1.753341556360402, "x9": 1.1039713938971534}, "datetime": {"datetime": "2025-05-14 18:12:44", "elapsed": 17146.911478, "delta": 39.957426}}
{"target": 119.50489690569574, "params": {"x0": 0.8743323695346429, "x1": 3.0672977922891858, "x2": 0.02151836103915527, "x3": 0.06942396806416236, "x4": 1.9881870465672762, "x5": 1.3460073551002563, "x6": 8.62308384755473, "x7": -6.519119824095349, "x8": 1.753341556360402, "x9": 1.1039713938971534}, "datetime": {"datetime": "2025-05-14 18:13:09", "elapsed": 17171.128636, "delta": 24.217158}}
{"target": 119.50489690569574, "params": {"x0": 0.8743323695346429, "x1": 3.0672977922891858, "x2": 0.02151836103915527, "x3": 0.06942396806416236, "x4": 1.9881870465672762, "x5": 1.3460073551002563, "x6": 8.62308384755473, "x7": -6.519119824095349, "x8": 1.753341556360402, "x9": 1.1039713938971534}, "datetime": {"datetime": "2025-05-14 18:13:36", "elapsed": 17198.761035, "delta": 27.632399}}
{"target": 119.50489690569574, "params": {"x0": 0.8743323695346429, "x1": 3.0672977922891858, "x2": 0.02151836103915527, "x3": 0.06942396806416236, "x4": 1.9881870465672762, "x5": 1.3460073551002563, "x6": 8.62308384755473, "x7": -6.519119824095349, "x8": 1.753341556360402, "x9": 1.1039713938971534}, "datetime": {"datetime": "2025-05-14 18:14:03", "elapsed": 17225.41428, "delta": 26.653245}}
{"target": 119.50489690569574, "params": {"x0": 0.8743323695346429, "x1": 3.0672977922891858, "x2": 0.02151836103915527, "x3": 0.06942396806416236, "x4": 1.9881870465672762, "x5": 1.3460073551002563, "x6": 8.62308384755473, "x7": -6.519119824095349, "x8": 1.753341556360402, "x9": 1.1039713938971534}, "datetime": {"datetime": "2025-05-14 18:14:32", "elapsed": 17254.189387, "delta": 28.775107}}
{"target": 119.50489690569574, "params": {"x0": 0.8743323695346429, "x1": 3.0672977922891858, "x2": 0.02151836103915527, "x3": 0.06942396806416236, "x4": 1.9881870465672762, "x5": 1.3460073551002563, "x6": 8.62308384755473, "x7": -6.519119824095349, "x8": 1.753341556360402, "x9": 1.1039713938971534}, "datetime": {"datetime": "2025-05-14 18:15:02", "elapsed": 17285.053531, "delta": 30.864144}}
