{"target": 9.562633349647978e-06, "params": {"x0": 0.9668088018810296, "x1": 7.454952890323638, "x2": 0.0011437481734488664, "x3": 3.0233257263183977, "x4": 1.4675589081711304, "x5": 1.846771895375956, "x6": 3.725204227553418, "x7": -13.088785459139045, "x8": 0.8538582010382728, "x9": 1.9698701212060423}, "datetime": {"datetime": "2025-05-14 13:26:57", "elapsed": 0.0, "delta": 0.0}}
{"target": 5.981695668969157e-10, "params": {"x0": 0.9676778057613179, "x1": 7.135497453610512, "x2": 2.0445224973151745, "x3": 8.781174363909454, "x4": 0.27387593197926163, "x5": 13.409350203568044, "x6": 8.34609604734254, "x7": -8.826203431084966, "x8": 0.3667351833309441, "x9": 1.3565826803527818}, "datetime": {"datetime": "2025-05-14 13:27:03", "elapsed": 5.458238, "delta": 5.458238}}
{"target": 1.8178892270964311e-09, "params": {"x0": 1.1202978274702147, "x1": 9.711180339046518, "x2": 3.1342417815924284, "x3": 6.923226156693141, "x4": 8.763891522960384, "x5": 17.892133270076947, "x6": 1.7008842273955582, "x7": -19.21890433534235, "x8": 0.42267779717268095, "x9": 2.5806565061729434}, "datetime": {"datetime": "2025-05-14 13:27:09", "elapsed": 12.058784, "delta": 6.600546}}
{"target": 5.5624191709142945, "params": {"x0": 0.8393387335332201, "x1": 4.732079387545975, "x2": 9.57889530150502, "x3": 5.331652849730171, "x4": 6.9187711395047335, "x5": 6.310312620121259, "x6": 13.730018553631673, "x7": -3.307486562052542, "x8": 0.13474772695396442, "x9": 2.3502597669009413}, "datetime": {"datetime": "2025-05-14 13:27:15", "elapsed": 17.706775, "delta": 5.647991}}
{"target": 9.828861049217333e-08, "params": {"x0": 1.195544435562598, "x1": 7.708307454856539, "x2": 2.804439920644052, "x3": 7.892793284514886, "x4": 1.0322600657764203, "x5": 8.957870523518103, "x6": 18.17191006186191, "x7": -14.12771703252641, "x8": 0.6467731433140625, "x9": 1.2340514298128997}, "datetime": {"datetime": "2025-05-14 13:27:22", "elapsed": 24.273932, "delta": 6.567157}}
{"target": 6.162623228596509e-05, "params": {"x0": 0.8077467831481189, "x1": 7.077403349753008, "x2": 2.1162811600005904, "x3": 2.655466593722262, "x4": 4.9157315928033825, "x5": 1.0672509023416077, "x6": 11.482352109840262, "x7": -17.065428501883797, "x8": 1.2196805201162402, "x9": 2.259565048037676}, "datetime": {"datetime": "2025-05-14 13:27:28", "elapsed": 30.532645, "delta": 6.258713}}
{"target": 6.73483796328954, "params": {"x0": 0.8409337715311304, "x1": 4.667909489158071, "x2": 6.944001577277451, "x3": 4.141792695269027, "x4": 0.4995345894608716, "x5": 10.717928118310232, "x6": 13.275892904395777, "x7": -9.702217758833829, "x8": 1.8947300363825452, "x9": 2.055799072903587}, "datetime": {"datetime": "2025-05-14 13:27:34", "elapsed": 36.964494, "delta": 6.431849}}
{"target": 0.09599997272719435, "params": {"x0": 1.1613607661151533, "x1": 2.1510198077307616, "x2": 1.3927634725075855, "x3": 8.073912887095238, "x4": 3.9767683698553355, "x5": 3.3070839423386555, "x6": 18.550171607920678, "x7": -13.044682805089868, "x8": 1.5265429959586956, "x9": 2.306796373630813}, "datetime": {"datetime": "2025-05-14 13:27:40", "elapsed": 42.955426, "delta": 5.990932}}
{"target": 2.3744507719593505e-08, "params": {"x0": 1.1533224364823238, "x1": 6.575417084206041, "x2": 7.509424340273371, "x3": 3.4889834197784255, "x4": 2.6992789176502607, "x5": 17.917724363921337, "x6": 8.561823797425898, "x7": -0.7031990570322897, "x8": 1.3605388458550514, "x9": 2.1190522963764193}, "datetime": {"datetime": "2025-05-14 13:27:47", "elapsed": 49.320226, "delta": 6.3648}}
{"target": 1.6171123697872557e-07, "params": {"x0": 0.8458983891813501, "x1": 9.540352254234348, "x2": 4.499121334799405, "x3": 5.783896143871318, "x4": 4.081368027612812, "x5": 4.740539604860555, "x6": 18.067590411245074, "x7": -8.526410266554283, "x8": 0.10545362135920205, "x9": 2.110860844517303}, "datetime": {"datetime": "2025-05-14 13:27:53", "elapsed": 55.993032, "delta": 6.672806}}
{"target": 1.4193486408160458, "params": {"x0": 0.9306579607088384, "x1": 5.696228730544245, "x2": 8.859420993107745, "x3": 3.5726976000249975, "x4": 9.085351509197992, "x5": 12.467202315836055, "x6": 0.31642485693112565, "x7": -1.411255325124774, "x8": 1.4127041432821554, "x9": 2.795181130812665}, "datetime": {"datetime": "2025-05-14 13:28:00", "elapsed": 62.215175, "delta": 6.222143}}
{"target": 0.5621721357910541, "params": {"x0": 0.8689362033381315, "x1": 2.1479353216227874, "x2": 9.325954630371635, "x3": 6.9681816148990015, "x4": 0.6600017272206249, "x5": 15.109261052049327, "x6": 15.077523769224928, "x7": -1.5395092890703346, "x8": 1.4518970413940964, "x9": 1.2236877315498964}, "datetime": {"datetime": "2025-05-14 13:28:06", "elapsed": 68.274292, "delta": 6.059117}}
{"target": 7.182450771632459e-07, "params": {"x0": 0.8079520535359183, "x1": 1.1385199805872455, "x2": 0.28306488020794607, "x3": 2.462110676030459, "x4": 8.60027948682888, "x5": 10.776621286833057, "x6": 11.056439573715318, "x7": -3.1593821528078863, "x8": 0.33592929872783117, "x9": 1.5025306222200512}, "datetime": {"datetime": "2025-05-14 13:28:12", "elapsed": 74.970796, "delta": 6.696504}}
{"target": 1.848909859103765e-07, "params": {"x0": 1.034303708583315, "x1": 9.72332130970904, "x2": 5.6103021925571, "x3": 0.1864728937294302, "x4": 8.006326726806163, "x5": 4.659485476820409, "x6": 16.142103912375582, "x7": -12.242787118716565, "x8": 1.7407295236629146, "x9": 2.3448189569269324}, "datetime": {"datetime": "2025-05-14 13:28:19", "elapsed": 81.34428, "delta": 6.373484}}
{"target": 40.61980918879828, "params": {"x0": 1.0224960935961676, "x1": 2.1417425535122336, "x2": 0.5991768951221166, "x3": 1.2134345574073735, "x4": 0.44551878544761725, "x5": 2.149882582121858, "x6": 4.514186772157094, "x7": -5.740220392346467, "x8": 1.1634622659028706, "x9": 1.0226007642864086}, "datetime": {"datetime": "2025-05-14 13:28:25", "elapsed": 87.275253, "delta": 5.930973}}
{"target": 6.360170924006567e-09, "params": {"x0": 0.8287897118757948, "x1": 9.702214603002476, "x2": 5.681004619199421, "x3": 2.032932346609905, "x4": 2.5232574457032344, "x5": 14.87651708150186, "x6": 3.908589622186376, "x7": -8.372821454534844, "x8": 1.9430379792677934, "x9": 2.5242918426820635}, "datetime": {"datetime": "2025-05-14 13:28:31", "elapsed": 93.694549, "delta": 6.419296}}
{"target": 0.04760272272686673, "params": {"x0": 0.8959391036590345, "x1": 5.393304399845443, "x2": 6.1995571838137975, "x3": 8.289808995501787, "x4": 1.5679139464608427, "x5": 0.37152404354819035, "x6": 1.4004428743844466, "x7": -10.273097781259363, "x8": 1.2520259771413278, "x9": 2.0239325867556666}, "datetime": {"datetime": "2025-05-14 13:28:38", "elapsed": 100.322735, "delta": 6.628186}}
{"target": 1.2453324100993438e-06, "params": {"x0": 0.9269449637288643, "x1": 9.896407005153284, "x2": 5.797452192457969, "x3": 3.801411726235504, "x4": 5.509482191178968, "x5": 14.906688618130042, "x6": 13.384657869063691, "x7": -14.701608846743813, "x8": 0.22603618541403897, "x9": 1.6661515562453912}, "datetime": {"datetime": "2025-05-14 13:28:44", "elapsed": 106.931661, "delta": 6.608926}}
{"target": 21.810943825824253, "params": {"x0": 1.0518870028086258, "x1": 2.81258349022504, "x2": 7.527555537388139, "x3": 0.6653648135411494, "x4": 2.6031509857854096, "x5": 16.09509127486691, "x6": 3.8686856524665547, "x7": -7.210782382401197, "x8": 1.096873587335094, "x9": 2.664654346718831}, "datetime": {"datetime": "2025-05-14 13:28:50", "elapsed": 112.664865, "delta": 5.733204}}
{"target": 0.00010215392210896955, "params": {"x0": 0.9053187081948444, "x1": 1.5002459252246165, "x2": 7.350659632886694, "x3": 7.721780295432468, "x4": 9.07815852503524, "x5": 18.639441383936745, "x6": 0.2790314595119403, "x7": -15.31275827757159, "x8": 1.2718788783031496, "x9": 2.7082293772377097}, "datetime": {"datetime": "2025-05-14 13:28:56", "elapsed": 119.017522, "delta": 6.352657}}
{"target": 1.1927485141699665e-06, "params": {"x0": 1.180070447698832, "x1": 5.965544012575924, "x2": 9.156063497662746, "x3": 6.415662089463376, "x4": 3.9000771414124626, "x5": 9.719813341938195, "x6": 12.086209658399465, "x7": -9.00904156982875, "x8": 1.859744710742262, "x9": 2.6537201841404907}, "datetime": {"datetime": "2025-05-14 13:29:03", "elapsed": 125.43317, "delta": 6.415648}}
{"target": 2.4669921840132477e-07, "params": {"x0": 0.957950245169422, "x1": 9.665689008810478, "x2": 1.7395566668046436, "x3": 1.2632951943963733, "x4": 1.3507915804673132, "x5": 10.113243313537934, "x6": 0.43049610548395956, "x7": -1.0405957756463806, "x8": 1.6715193952243916, "x9": 1.0270341653358204}, "datetime": {"datetime": "2025-05-14 13:29:09", "elapsed": 131.882594, "delta": 6.449424}}
{"target": 0.5502024654093775, "params": {"x0": 0.8704785022300221, "x1": 3.9217785267382164, "x2": 1.309968448109169, "x3": 8.094906921265821, "x4": 3.4473665268329343, "x5": 18.802149646667342, "x6": 11.6402835989416, "x7": -2.423360311763119, "x8": 1.7049954462452215, "x9": 2.6297061736755687}, "datetime": {"datetime": "2025-05-14 13:29:15", "elapsed": 137.867206, "delta": 5.984612}}
{"target": 2.3789555794636193e-09, "params": {"x0": 0.9839521063267228, "x1": 5.871756025785397, "x2": 7.986035911520394, "x3": 2.8571885173414757, "x4": 4.902535226199277, "x5": 11.982206152917566, "x6": 0.31066551101671447, "x7": -8.130371836067257, "x8": 0.9239850630799706, "x9": 2.4532489519927143}, "datetime": {"datetime": "2025-05-14 13:29:22", "elapsed": 144.666197, "delta": 6.798991}}
{"target": 4.023758122618397e-12, "params": {"x0": 0.9260979212381492, "x1": 9.025287247578877, "x2": 5.778572152845355, "x3": 1.8401020162746506, "x4": 7.879292338255043, "x5": 12.240623540898678, "x6": 1.0781854414750591, "x7": -11.596126399977356, "x8": 1.3902307894743162, "x9": 2.6534832003595463}, "datetime": {"datetime": "2025-05-14 13:29:28", "elapsed": 151.018083, "delta": 6.351886}}
{"target": 8.155672461920005e-05, "params": {"x0": 0.800160809956543, "x1": 9.788508256182643, "x2": 3.7658031474577447, "x3": 9.737835383583226, "x4": 6.04716100974053, "x5": 16.57691615961386, "x6": 11.494230094162045, "x7": -7.438476033852993, "x8": 0.6425949352218184, "x9": 2.056300013180949}, "datetime": {"datetime": "2025-05-14 13:29:35", "elapsed": 157.713026, "delta": 6.694943}}
{"target": 3.776552159437176e-07, "params": {"x0": 1.1000087054810639, "x1": 8.710655911504285, "x2": 7.550821884676802, "x3": 6.98057248447303, "x4": 8.644794300545998, "x5": 6.453619936734929, "x6": 13.415775815751745, "x7": -10.982521271733017, "x8": 0.8259952288598826, "x9": 1.739460429859934}, "datetime": {"datetime": "2025-05-14 13:29:42", "elapsed": 164.279132, "delta": 6.566106}}
{"target": 2.2303363926925808e-11, "params": {"x0": 0.9605918333878163, "x1": 3.7881939082203195, "x2": 6.2191936792030145, "x3": 4.302472708212644, "x4": 9.738020779272523, "x5": 13.556017828686223, "x6": 3.9713977685422175, "x7": -11.465979813039343, "x8": 0.7523578555714037, "x9": 2.43574984712542}, "datetime": {"datetime": "2025-05-14 13:29:48", "elapsed": 170.652828, "delta": 6.373696}}
{"target": 8.72763693167992e-05, "params": {"x0": 1.1519993154253727, "x1": 9.124961798019985, "x2": 6.627198123752622, "x3": 2.7020826202975776, "x4": 2.5236670150458975, "x5": 17.097958853948047, "x6": 10.554292926174933, "x7": -3.9567783199080395, "x8": 1.187728182664052, "x9": 2.31965654551752}, "datetime": {"datetime": "2025-05-14 13:29:54", "elapsed": 176.891752, "delta": 6.238924}}
{"target": 1.0967274280814107e-13, "params": {"x0": 1.0076046509856222, "x1": 7.91504358556718, "x2": 5.688579907047155, "x3": 4.657098785919809, "x4": 3.4268890795328177, "x5": 1.3641869683340824, "x6": 7.558483586561997, "x7": -18.407478446034954, "x8": 1.9673525160878456, "x9": 1.3269031323953748}, "datetime": {"datetime": "2025-05-14 13:30:01", "elapsed": 183.40745, "delta": 6.515698}}
{"target": 8.878824352834652e-10, "params": {"x0": 1.1247434790882158, "x1": 8.862150969098673, "x2": 6.884132523859433, "x3": 5.694944127453757, "x4": 1.6097143681560877, "x5": 9.337600455266127, "x6": 6.9034410231043, "x7": -15.499200843718308, "x8": 1.225772550655014, "x9": 1.5620857078634505}, "datetime": {"datetime": "2025-05-14 13:30:07", "elapsed": 189.723512, "delta": 6.316062}}
{"target": 3.130058962034988e-08, "params": {"x0": 1.1665222213873403, "x1": 9.17768327705917, "x2": 2.5711829378219617, "x3": 1.108913007440292, "x4": 1.9296273201911285, "x5": 9.991683413577721, "x6": 14.571713359491925, "x7": -15.83611123182417, "x8": 0.5712637609167384, "x9": 2.5330093748854603}, "datetime": {"datetime": "2025-05-14 13:30:14", "elapsed": 196.51287, "delta": 6.789358}}
{"target": 0.0005082726870016467, "params": {"x0": 0.9663394873070109, "x1": 6.511834111112649, "x2": 2.3366613923925006, "x3": 1.0196725942579743, "x4": 5.158570169685298, "x5": 9.542819740995647, "x6": 3.053432881863265, "x7": -7.56387536519169, "x8": 1.1336192257464826, "x9": 2.1774472245473397}, "datetime": {"datetime": "2025-05-14 13:30:20", "elapsed": 203.015467, "delta": 6.502597}}
{"target": 7.3131478077055545e-06, "params": {"x0": 0.857818216049864, "x1": 7.738903135930719, "x2": 2.220491397999227, "x3": 5.19351824366033, "x4": 7.8529602822161895, "x5": 0.4466085598361236, "x6": 6.48724919452373, "x7": -2.541552471997779, "x8": 1.7049482544439323, "x9": 1.9691930666701785}, "datetime": {"datetime": "2025-05-14 13:30:27", "elapsed": 209.176486, "delta": 6.161019}}
{"target": 0.00017319221045943448, "params": {"x0": 1.146643309666605, "x1": 9.543234521318002, "x2": 8.264069976293413, "x3": 8.541154438365387, "x4": 0.9874340182034835, "x5": 13.02608664681982, "x6": 14.07033976305306, "x7": -7.795183747067407, "x8": 1.6192689972984533, "x9": 1.0622281957689417}, "datetime": {"datetime": "2025-05-14 13:30:33", "elapsed": 215.765947, "delta": 6.589461}}
{"target": 2.098656423817649e-05, "params": {"x0": 1.108095493821992, "x1": 7.558730266729695, "x2": 2.596983932983531, "x3": 2.5706929882214666, "x4": 6.323033174301278, "x5": 6.905949231821631, "x6": 15.93177356014575, "x7": -11.077075359930856, "x8": 1.5872238880899268, "x9": 2.782849210522913}, "datetime": {"datetime": "2025-05-14 13:30:40", "elapsed": 222.207585, "delta": 6.441638}}
{"target": 1.0666414635964254e-10, "params": {"x0": 0.9200993358135601, "x1": 2.2013530371487042, "x2": 9.013084363492737, "x3": 5.415593788873733, "x4": 9.747403708550822, "x5": 12.732088000037944, "x6": 19.878260492209577, "x7": -9.078583917140968, "x8": 1.1002092744204905, "x9": 1.243770225529906}, "datetime": {"datetime": "2025-05-14 13:30:46", "elapsed": 228.965501, "delta": 6.757916}}
{"target": 0.23697156878794665, "params": {"x0": 0.9422820683935524, "x1": 1.138588962396997, "x2": 1.603951795196491, "x3": 7.456371927074961, "x4": 0.3039968992878883, "x5": 7.330861944874886, "x6": 17.246925056760883, "x7": -6.1464456498529145, "x8": 1.4127900699257203, "x9": 1.3395462417195596}, "datetime": {"datetime": "2025-05-14 13:30:52", "elapsed": 234.845154, "delta": 5.879653}}
{"target": 2.2933946539663178e-12, "params": {"x0": 0.9767617122993694, "x1": 6.19235440683305, "x2": 9.897517076637053, "x3": 2.0390622523312185, "x4": 2.4773290176235485, "x5": 5.243461675458239, "x6": 15.003448265959856, "x7": -10.860493451286144, "x8": 0.2081659329810805, "x9": 1.915329233098431}, "datetime": {"datetime": "2025-05-14 13:30:59", "elapsed": 241.659577, "delta": 6.814423}}
{"target": 3.599133492538226e-05, "params": {"x0": 0.8847840658574704, "x1": 8.167298627317912, "x2": 2.9733138150727223, "x3": 0.2760601195450363, "x4": 5.93432449464621, "x5": 16.876808578623777, "x6": 7.620322481244283, "x7": -5.002833785477133, "x8": 1.0711688087645435, "x9": 1.9737132489319396}, "datetime": {"datetime": "2025-05-14 13:31:05", "elapsed": 247.860314, "delta": 6.200737}}
{"target": 4.157719518334668e-06, "params": {"x0": 1.183773728424701, "x1": 8.216044112637686, "x2": 0.3232306662357398, "x3": 7.0938725123129505, "x4": 4.6500148156350605, "x5": 18.950978827901995, "x6": 4.428654686469766, "x7": -14.658559606312684, "x8": 0.2548005332667978, "x9": 1.7715138915948156}, "datetime": {"datetime": "2025-05-14 13:31:12", "elapsed": 254.933354, "delta": 7.07304}}
{"target": 1.8564027318432303e-05, "params": {"x0": 0.8436075056076273, "x1": 6.6674595215684525, "x2": 8.029632373737378, "x3": 6.9680049612017845, "x4": 7.662113810757704, "x5": 6.849082396870396, "x6": 16.917029660553553, "x7": -11.424624500011149, "x8": 1.6656187537834057, "x9": 2.1276930855237284}, "datetime": {"datetime": "2025-05-14 13:31:19", "elapsed": 261.440164, "delta": 6.50681}}
{"target": 28.908598623967507, "params": {"x0": 0.857369219468098, "x1": 1.6133207886800265, "x2": 0.1833264291300729, "x3": 0.6672499763935646, "x4": 4.585838137084318, "x5": 2.2668384553518095, "x6": 0.5556669769733991, "x7": -4.902770372190652, "x8": 0.8502159128752148, "x9": 2.344489292093545}, "datetime": {"datetime": "2025-05-14 13:31:25", "elapsed": 267.674677, "delta": 6.234513}}
{"target": 2.0661336076084436e-11, "params": {"x0": 0.9809619306985806, "x1": 4.995789397706926, "x2": 4.7807250671783095, "x3": 4.74003926562194, "x4": 8.031633421141697, "x5": 8.047850397154717, "x6": 18.09372320687246, "x7": -19.258779040919283, "x8": 1.5703612511687954, "x9": 1.2261544860479299}, "datetime": {"datetime": "2025-05-14 13:31:32", "elapsed": 274.284476, "delta": 6.609799}}
{"target": 0.0003264360823884482, "params": {"x0": 1.047405426764834, "x1": 0.9943147781506106, "x2": 5.38627282576347, "x3": 0.030179566195963625, "x4": 9.511937854902046, "x5": 18.108040674055562, "x6": 15.919338838845388, "x7": -1.6945136017042515, "x8": 0.3765606392009544, "x9": 1.28391412576696}, "datetime": {"datetime": "2025-05-14 13:31:39", "elapsed": 281.283864, "delta": 6.999388}}
{"target": 1.6969992152672255e-10, "params": {"x0": 0.8750526691609737, "x1": 6.564712710929283, "x2": 9.058094960083018, "x3": 9.899551783590736, "x4": 7.1112245876581595, "x5": 14.636008182845906, "x6": 18.18586409088509, "x7": -11.982525352577582, "x8": 0.5747162924275698, "x9": 1.312174307416821}, "datetime": {"datetime": "2025-05-14 13:31:46", "elapsed": 288.324268, "delta": 7.040404}}
{"target": 1.5202364383721436e-08, "params": {"x0": 0.8477828201334916, "x1": 8.29475635109874, "x2": 1.4679237341724316, "x3": 2.642974827269007, "x4": 8.190891786335309, "x5": 6.211745035884199, "x6": 19.648348985858856, "x7": -14.667225956967297, "x8": 1.1139413554453017, "x9": 1.5660406201345292}, "datetime": {"datetime": "2025-05-14 13:31:52", "elapsed": 294.776978, "delta": 6.45271}}
{"target": 4.925095134057797, "params": {"x0": 1.164309132469535, "x1": 4.235665459046233, "x2": 4.3359232727316455, "x3": 5.122926922783614, "x4": 9.388864773697133, "x5": 0.6189801254230143, "x6": 14.337573272633783, "x7": -2.1796209141532223, "x8": 0.15184572468319074, "x9": 1.9396922450545193}, "datetime": {"datetime": "2025-05-14 13:31:58", "elapsed": 300.830727, "delta": 6.053749}}
{"target": 3.2444289630288715e-06, "params": {"x0": 0.9303959247080101, "x1": 8.72135281987683, "x2": 5.585165509225178, "x3": 6.902278681627479, "x4": 4.528534999515374, "x5": 12.566180750427144, "x6": 5.8019370337485165, "x7": -19.813028440669683, "x8": 1.1958362764754724, "x9": 1.5605995854384331}, "datetime": {"datetime": "2025-05-14 13:32:05", "elapsed": 307.107935, "delta": 6.277208}}
{"target": 1.2804473539068453e-06, "params": {"x0": 1.006907039400452, "x1": 9.23929326279047, "x2": 4.26474788501396, "x3": 2.473960366023854, "x4": 3.7129376127905447, "x5": 18.63722233273081, "x6": 18.73736762618187, "x7": -3.113401028685736, "x8": 1.8483923771807549, "x9": 1.4102205219123705}, "datetime": {"datetime": "2025-05-14 13:32:11", "elapsed": 313.768416, "delta": 6.660481}}
{"target": 34.68591976038613, "params": {"x0": 1.0459661540857794, "x1": 0.9, "x2": 0.05459523114009175, "x3": 0.0, "x4": 0.0, "x5": 1.1629499259871066, "x6": 3.498258432461166, "x7": -3.9198617780377814, "x8": 1.020502909707154, "x9": 1.0}, "datetime": {"datetime": "2025-05-14 13:32:18", "elapsed": 320.524238, "delta": 6.755822}}
{"target": 35.955078464625764, "params": {"x0": 0.861620898275976, "x1": 0.9, "x2": 2.038826043677128, "x3": 0.0, "x4": 0.009623571637070415, "x5": 3.519807233330731, "x6": 4.554621947113502, "x7": -6.575041147988302, "x8": 1.927289152607727, "x9": 1.7077308025007287}, "datetime": {"datetime": "2025-05-14 13:32:25", "elapsed": 327.087455, "delta": 6.563217}}
{"target": 5.124638786753527, "params": {"x0": 1.16728376938434, "x1": 0.9, "x2": 0.0, "x3": 3.3945899609745296, "x4": 0.0, "x5": 3.1797830596867214, "x6": 4.12139253445061, "x7": -5.625115647028902, "x8": 0.47601806786849976, "x9": 1.0}, "datetime": {"datetime": "2025-05-14 13:32:31", "elapsed": 333.817465, "delta": 6.73001}}
{"target": 47.247989323706136, "params": {"x0": 0.8921871853868124, "x1": 2.258067949548949, "x2": 1.3041812779183628, "x3": 0.0, "x4": 1.561329309167777, "x5": 1.6656766259733797, "x6": 3.7028196770222723, "x7": -5.583081923572281, "x8": 1.7821620441338044, "x9": 1.5689928844531797}, "datetime": {"datetime": "2025-05-14 13:32:38", "elapsed": 340.179334, "delta": 6.361869}}
{"target": 51.92906101569951, "params": {"x0": 0.8, "x1": 3.0235493364834323, "x2": 1.610634430261868, "x3": 0.0, "x4": 0.38055431548256186, "x5": 0.7181127045018627, "x6": 5.450427217887516, "x7": -5.657470171107125, "x8": 2.0, "x9": 1.096852692603279}, "datetime": {"datetime": "2025-05-14 13:32:44", "elapsed": 346.870872, "delta": 6.691538}}
{"target": 66.86914501443805, "params": {"x0": 0.8, "x1": 2.3551032186922853, "x2": 0.0, "x3": 0.0, "x4": 1.9831163512203924, "x5": 0.08523790361343934, "x6": 6.108607939184633, "x7": -6.66984691360129, "x8": 2.0, "x9": 1.0}, "datetime": {"datetime": "2025-05-14 13:32:51", "elapsed": 353.188837, "delta": 6.317965}}
{"target": 23.960992713381206, "params": {"x0": 0.8, "x1": 0.9, "x2": 0.0, "x3": 0.0, "x4": 3.720654801525357, "x5": 0.0, "x6": 7.952904564399372, "x7": -6.7023871314446914, "x8": 2.0, "x9": 1.0}, "datetime": {"datetime": "2025-05-14 13:32:57", "elapsed": 359.162304, "delta": 5.973467}}
