{"target": 119.50489690569574, "params": {"x0": 0.8743323695346435, "x1": 3.0672977922896005, "x2": 0.02151836103916937, "x3": 0.06942396806414067, "x4": 1.9881870465672173, "x5": 1.346007355100757, "x6": 8.623083847555044, "x7": -6.519119824095579, "x8": 1.7533415563604247, "x9": 1.1039713938971543}, "datetime": {"datetime": "2025-05-14 14:03:31", "elapsed": 2193.813503, "delta": 7.169947}}
{"target": 119.50489690569574, "params": {"x0": 0.8743323695346417, "x1": 3.067297792288927, "x2": 0.021518361039409593, "x3": 0.06942396806420095, "x4": 1.9881870465672502, "x5": 1.3460073551007612, "x6": 8.623083847554922, "x7": -6.519119824095152, "x8": 1.7533415563604209, "x9": 1.1039713938971494}, "datetime": {"datetime": "2025-05-14 14:03:38", "elapsed": 2200.992955, "delta": 7.179452}}
{"target": 119.50489690569574, "params": {"x0": 0.874332369534642, "x1": 3.06729779228946, "x2": 0.02151836103900768, "x3": 0.069423968064116, "x4": 1.9881870465672498, "x5": 1.3460073551004945, "x6": 8.62308384755494, "x7": -6.519119824095579, "x8": 1.7533415563603973, "x9": 1.103971393897154}, "datetime": {"datetime": "2025-05-14 14:03:46", "elapsed": 2208.099276, "delta": 7.106321}}
{"target": 119.50489690569574, "params": {"x0": 0.8743323695346421, "x1": 3.0672977922890436, "x2": 0.021518361039353947, "x3": 0.06942396806419983, "x4": 1.9881870465671905, "x5": 1.3460073550999254, "x6": 8.623083847554957, "x7": -6.519119824095326, "x8": 1.7533415563604173, "x9": 1.1039713938971523}, "datetime": {"datetime": "2025-05-14 14:03:52", "elapsed": 2214.974961, "delta": 6.875685}}
{"target": 119.50489690569574, "params": {"x0": 0.8743323695346431, "x1": 3.067297792289052, "x2": 0.021518361038961365, "x3": 0.06942396806418173, "x4": 1.988187046567224, "x5": 1.346007355100607, "x6": 8.623083847554861, "x7": -6.519119824095435, "x8": 1.7533415563604, "x9": 1.1039713938971478}, "datetime": {"datetime": "2025-05-14 14:04:00", "elapsed": 2222.323745, "delta": 7.348784}}
{"target": 119.50489690569574, "params": {"x0": 0.8743323695346431, "x1": 3.067297792289068, "x2": 0.021518361039053614, "x3": 0.06942396806413167, "x4": 1.9881870465672336, "x5": 1.346007355100133, "x6": 8.623083847554566, "x7": -6.519119824095212, "x8": 1.753341556360413, "x9": 1.1039713938971476}, "datetime": {"datetime": "2025-05-14 14:04:07", "elapsed": 2229.066576, "delta": 6.742831}}
{"target": 119.50489690569574, "params": {"x0": 0.8743323695346431, "x1": 3.0672977922890605, "x2": 0.021518361039179795, "x3": 0.06942396806416291, "x4": 1.9881870465672113, "x5": 1.346007355100157, "x6": 8.62308384755484, "x7": -6.519119824095431, "x8": 1.7533415563604138, "x9": 1.103971393897157}, "datetime": {"datetime": "2025-05-14 14:04:13", "elapsed": 2235.73402, "delta": 6.667444}}
{"target": 119.50489690569574, "params": {"x0": 0.8743323695346419, "x1": 3.067297792289305, "x2": 0.02151836103900044, "x3": 0.06942396806417106, "x4": 1.988187046567237, "x5": 1.3460073551003617, "x6": 8.623083847554684, "x7": -6.519119824095418, "x8": 1.7533415563603973, "x9": 1.103971393897149}, "datetime": {"datetime": "2025-05-14 14:04:20", "elapsed": 2242.886535, "delta": 7.152515}}
{"target": 119.50489690569574, "params": {"x0": 0.8743323695346432, "x1": 3.067297792289087, "x2": 0.021518361039072297, "x3": 0.06942396806417456, "x4": 1.9881870465672429, "x5": 1.3460073551001954, "x6": 8.623083847554733, "x7": -6.519119824095245, "x8": 1.7533415563604062, "x9": 1.1039713938971516}, "datetime": {"datetime": "2025-05-14 14:04:27", "elapsed": 2249.655077, "delta": 6.768542}}
{"target": 119.50489690569574, "params": {"x0": 0.874332369534643, "x1": 3.0672977922893523, "x2": 0.021518361039249638, "x3": 0.06942396806417131, "x4": 1.9881870465673086, "x5": 1.3460073551004543, "x6": 8.623083847554856, "x7": -6.519119824095368, "x8": 1.753341556360391, "x9": 1.1039713938971474}, "datetime": {"datetime": "2025-05-14 14:04:34", "elapsed": 2256.803892, "delta": 7.148815}}
{"target": 119.50489690569574, "params": {"x0": 0.8743323695346423, "x1": 3.0672977922891835, "x2": 0.02151836103905373, "x3": 0.0694239680641488, "x4": 1.988187046567317, "x5": 1.3460073551003773, "x6": 8.623083847554634, "x7": -6.519119824095314, "x8": 1.753341556360394, "x9": 1.1039713938971525}, "datetime": {"datetime": "2025-05-14 14:04:41", "elapsed": 2263.705105, "delta": 6.901213}}
{"target": 119.50489690569574, "params": {"x0": 0.8743323695346423, "x1": 3.067297792289325, "x2": 0.021518361039106215, "x3": 0.06942396806418343, "x4": 1.9881870465672886, "x5": 1.3460073551002085, "x6": 8.623083847554629, "x7": -6.519119824095371, "x8": 1.7533415563604102, "x9": 1.103971393897152}, "datetime": {"datetime": "2025-05-14 14:04:50", "elapsed": 2272.616396, "delta": 8.911291}}
{"target": 119.50489690569574, "params": {"x0": 0.8743323695346423, "x1": 3.0672977922893074, "x2": 0.02151836103917192, "x3": 0.06942396806415775, "x4": 1.9881870465672924, "x5": 1.3460073551002831, "x6": 8.623083847554808, "x7": -6.519119824095291, "x8": 1.7533415563604018, "x9": 1.1039713938971494}, "datetime": {"datetime": "2025-05-14 14:04:58", "elapsed": 2280.771215, "delta": 8.154819}}
{"target": 119.50489690569574, "params": {"x0": 0.8743323695346433, "x1": 3.0672977922891187, "x2": 0.021518361039083375, "x3": 0.06942396806415846, "x4": 1.9881870465672753, "x5": 1.3460073551001324, "x6": 8.623083847554637, "x7": -6.519119824095394, "x8": 1.753341556360399, "x9": 1.1039713938971552}, "datetime": {"datetime": "2025-05-14 14:05:06", "elapsed": 2288.176791, "delta": 7.405576}}
{"target": 119.50489690569574, "params": {"x0": 0.8743323695346423, "x1": 3.067297792289139, "x2": 0.021518361039205153, "x3": 0.06942396806416776, "x4": 1.98818704656726, "x5": 1.346007355100168, "x6": 8.623083847554783, "x7": -6.519119824095333, "x8": 1.7533415563604045, "x9": 1.103971393897156}, "datetime": {"datetime": "2025-05-14 14:05:13", "elapsed": 2295.285778, "delta": 7.108987}}
{"target": 119.50489690569574, "params": {"x0": 0.874332369534643, "x1": 3.0672977922892666, "x2": 0.02151836103920772, "x3": 0.06942396806415468, "x4": 1.9881870465672735, "x5": 1.3460073551002896, "x6": 8.623083847554774, "x7": -6.519119824095293, "x8": 1.7533415563603958, "x9": 1.10397139389715}, "datetime": {"datetime": "2025-05-14 14:05:20", "elapsed": 2302.659497, "delta": 7.373719}}
{"target": 119.50489690569574, "params": {"x0": 0.8743323695346431, "x1": 3.0672977922891884, "x2": 0.02151836103912526, "x3": 0.06942396806415985, "x4": 1.9881870465672902, "x5": 1.3460073551002212, "x6": 8.623083847554689, "x7": -6.519119824095295, "x8": 1.7533415563604007, "x9": 1.1039713938971563}, "datetime": {"datetime": "2025-05-14 14:05:27", "elapsed": 2309.674455, "delta": 7.014958}}
{"target": 119.50489690569574, "params": {"x0": 0.8743323695346431, "x1": 3.0672977922891977, "x2": 0.02151836103914402, "x3": 0.06942396806415257, "x4": 1.9881870465672993, "x5": 1.346007355100323, "x6": 8.623083847554708, "x7": -6.51911982409534, "x8": 1.7533415563604058, "x9": 1.103971393897153}, "datetime": {"datetime": "2025-05-14 14:05:35", "elapsed": 2317.186737, "delta": 7.512282}}
{"target": 119.50489690569574, "params": {"x0": 0.8743323695346427, "x1": 3.0672977922891445, "x2": 0.021518361039137544, "x3": 0.06942396806417081, "x4": 1.9881870465672713, "x5": 1.3460073551003406, "x6": 8.623083847554785, "x7": -6.519119824095354, "x8": 1.7533415563604051, "x9": 1.1039713938971534}, "datetime": {"datetime": "2025-05-14 14:05:42", "elapsed": 2324.491516, "delta": 7.304779}}
{"target": 119.50489690569574, "params": {"x0": 0.8743323695346427, "x1": 3.0672977922891915, "x2": 0.021518361039142724, "x3": 0.06942396806416501, "x4": 1.9881870465672895, "x5": 1.3460073551002965, "x6": 8.6230838475547, "x7": -6.519119824095369, "x8": 1.7533415563604065, "x9": 1.1039713938971523}, "datetime": {"datetime": "2025-05-14 14:05:49", "elapsed": 2331.446695, "delta": 6.955179}}
{"target": 119.50489690569574, "params": {"x0": 0.874332369534643, "x1": 3.0672977922891307, "x2": 0.021518361039140094, "x3": 0.0694239680641693, "x4": 1.9881870465672635, "x5": 1.3460073551002478, "x6": 8.623083847554714, "x7": -6.519119824095369, "x8": 1.753341556360402, "x9": 1.1039713938971545}, "datetime": {"datetime": "2025-05-14 14:05:56", "elapsed": 2338.752045, "delta": 7.30535}}
{"target": 119.50489690569574, "params": {"x0": 0.8743323695346429, "x1": 3.0672977922891436, "x2": 0.021518361039187493, "x3": 0.06942396806415847, "x4": 1.9881870465672773, "x5": 1.3460073551002414, "x6": 8.623083847554707, "x7": -6.519119824095343, "x8": 1.7533415563604022, "x9": 1.103971393897155}, "datetime": {"datetime": "2025-05-14 14:06:03", "elapsed": 2345.72454, "delta": 6.972495}}
{"target": 119.50489690569574, "params": {"x0": 0.8743323695346428, "x1": 3.067297792289212, "x2": 0.02151836103914735, "x3": 0.06942396806415888, "x4": 1.9881870465672846, "x5": 1.3460073551002074, "x6": 8.623083847554701, "x7": -6.519119824095365, "x8": 1.7533415563604051, "x9": 1.1039713938971534}, "datetime": {"datetime": "2025-05-14 14:06:11", "elapsed": 2353.651178, "delta": 7.926638}}
{"target": 119.50489690569574, "params": {"x0": 0.874332369534643, "x1": 3.0672977922892235, "x2": 0.021518361039152424, "x3": 0.06942396806416726, "x4": 1.988187046567283, "x5": 1.3460073551002363, "x6": 8.623083847554746, "x7": -6.519119824095328, "x8": 1.7533415563604016, "x9": 1.103971393897153}, "datetime": {"datetime": "2025-05-14 14:06:19", "elapsed": 2361.284529, "delta": 7.633351}}
{"target": 119.50489690569574, "params": {"x0": 0.8743323695346429, "x1": 3.067297792289191, "x2": 0.021518361039141808, "x3": 0.06942396806415897, "x4": 1.9881870465672757, "x5": 1.3460073551002407, "x6": 8.62308384755472, "x7": -6.519119824095346, "x8": 1.7533415563604011, "x9": 1.103971393897153}, "datetime": {"datetime": "2025-05-14 14:06:27", "elapsed": 2369.229652, "delta": 7.945123}}
{"target": 119.50489690569574, "params": {"x0": 0.8743323695346428, "x1": 3.067297792289175, "x2": 0.02151836103915717, "x3": 0.0694239680641576, "x4": 1.9881870465672664, "x5": 1.346007355100217, "x6": 8.623083847554744, "x7": -6.51911982409537, "x8": 1.753341556360402, "x9": 1.1039713938971536}, "datetime": {"datetime": "2025-05-14 14:06:34", "elapsed": 2376.754081, "delta": 7.524429}}
{"target": 119.50489690569574, "params": {"x0": 0.874332369534643, "x1": 3.0672977922892044, "x2": 0.021518361039143, "x3": 0.06942396806416536, "x4": 1.988187046567281, "x5": 1.3460073551002385, "x6": 8.623083847554716, "x7": -6.519119824095339, "x8": 1.7533415563604018, "x9": 1.103971393897154}, "datetime": {"datetime": "2025-05-14 14:06:42", "elapsed": 2384.104051, "delta": 7.34997}}
{"target": 119.50489690569574, "params": {"x0": 0.8743323695346429, "x1": 3.0672977922891955, "x2": 0.021518361039161507, "x3": 0.06942396806416595, "x4": 1.9881870465672804, "x5": 1.3460073551002683, "x6": 8.62308384755474, "x7": -6.519119824095354, "x8": 1.753341556360402, "x9": 1.1039713938971532}, "datetime": {"datetime": "2025-05-14 14:06:49", "elapsed": 2391.10839, "delta": 7.004339}}
{"target": 119.50489690569574, "params": {"x0": 0.8743323695346429, "x1": 3.067297792289171, "x2": 0.021518361039145416, "x3": 0.06942396806416433, "x4": 1.988187046567277, "x5": 1.346007355100234, "x6": 8.623083847554723, "x7": -6.519119824095355, "x8": 1.7533415563604025, "x9": 1.1039713938971534}, "datetime": {"datetime": "2025-05-14 14:06:56", "elapsed": 2398.148284, "delta": 7.039894}}
{"target": 119.50489690569574, "params": {"x0": 0.8743323695346428, "x1": 3.067297792289192, "x2": 0.021518361039163342, "x3": 0.06942396806416459, "x4": 1.9881870465672782, "x5": 1.3460073551002467, "x6": 8.623083847554721, "x7": -6.519119824095349, "x8": 1.7533415563604022, "x9": 1.1039713938971543}, "datetime": {"datetime": "2025-05-14 14:07:03", "elapsed": 2405.234437, "delta": 7.086153}}
{"target": 119.50489690569574, "params": {"x0": 0.8743323695346429, "x1": 3.067297792289182, "x2": 0.021518361039159148, "x3": 0.0694239680641599, "x4": 1.9881870465672822, "x5": 1.3460073551002656, "x6": 8.623083847554716, "x7": -6.5191198240953545, "x8": 1.7533415563604031, "x9": 1.103971393897154}, "datetime": {"datetime": "2025-05-14 14:07:10", "elapsed": 2412.420454, "delta": 7.186017}}
{"target": 119.50489690569574, "params": {"x0": 0.874332369534643, "x1": 3.067297792289177, "x2": 0.0215183610391609, "x3": 0.06942396806416139, "x4": 1.9881870465672764, "x5": 1.346007355100254, "x6": 8.623083847554742, "x7": -6.519119824095361, "x8": 1.753341556360403, "x9": 1.1039713938971536}, "datetime": {"datetime": "2025-05-14 14:07:17", "elapsed": 2419.82402, "delta": 7.403566}}
{"target": 119.50489690569574, "params": {"x0": 0.8743323695346429, "x1": 3.067297792289175, "x2": 0.021518361039144618, "x3": 0.06942396806416182, "x4": 1.9881870465672742, "x5": 1.3460073551002532, "x6": 8.623083847554726, "x7": -6.519119824095348, "x8": 1.7533415563604027, "x9": 1.1039713938971534}, "datetime": {"datetime": "2025-05-14 14:07:25", "elapsed": 2427.43339, "delta": 7.60937}}
{"target": 119.50489690569574, "params": {"x0": 0.8743323695346429, "x1": 3.0672977922891755, "x2": 0.02151836103916466, "x3": 0.06942396806416098, "x4": 1.988187046567273, "x5": 1.346007355100243, "x6": 8.623083847554724, "x7": -6.519119824095349, "x8": 1.753341556360402, "x9": 1.103971393897153}, "datetime": {"datetime": "2025-05-14 14:07:32", "elapsed": 2434.784364, "delta": 7.350974}}
{"target": 119.50489690569574, "params": {"x0": 0.8743323695346428, "x1": 3.06729779228919, "x2": 0.021518361039150172, "x3": 0.06942396806416305, "x4": 1.9881870465672762, "x5": 1.3460073551002663, "x6": 8.62308384755472, "x7": -6.519119824095347, "x8": 1.7533415563604016, "x9": 1.1039713938971536}, "datetime": {"datetime": "2025-05-14 14:07:39", "elapsed": 2441.999035, "delta": 7.214671}}
{"target": 119.50489690569574, "params": {"x0": 0.8743323695346428, "x1": 3.0672977922891804, "x2": 0.021518361039151838, "x3": 0.06942396806416408, "x4": 1.9881870465672733, "x5": 1.3460073551002663, "x6": 8.623083847554724, "x7": -6.519119824095352, "x8": 1.7533415563604025, "x9": 1.1039713938971536}, "datetime": {"datetime": "2025-05-14 14:07:46", "elapsed": 2448.980533, "delta": 6.981498}}
{"target": 119.50489690569574, "params": {"x0": 0.8743323695346429, "x1": 3.067297792289189, "x2": 0.02151836103915774, "x3": 0.06942396806416289, "x4": 1.988187046567276, "x5": 1.3460073551002607, "x6": 8.623083847554726, "x7": -6.519119824095352, "x8": 1.7533415563604018, "x9": 1.1039713938971536}, "datetime": {"datetime": "2025-05-14 14:07:54", "elapsed": 2456.551236, "delta": 7.570703}}
{"target": 119.50489690569574, "params": {"x0": 0.8743323695346429, "x1": 3.0672977922891924, "x2": 0.021518361039158246, "x3": 0.0694239680641638, "x4": 1.9881870465672744, "x5": 1.3460073551002567, "x6": 8.623083847554726, "x7": -6.5191198240953545, "x8": 1.7533415563604016, "x9": 1.1039713938971532}, "datetime": {"datetime": "2025-05-14 14:08:02", "elapsed": 2464.474164, "delta": 7.922928}}
{"target": 119.50489690569574, "params": {"x0": 0.8743323695346429, "x1": 3.067297792289181, "x2": 0.02151836103915584, "x3": 0.06942396806416196, "x4": 1.9881870465672786, "x5": 1.3460073551002585, "x6": 8.623083847554726, "x7": -6.519119824095344, "x8": 1.7533415563604018, "x9": 1.1039713938971536}, "datetime": {"datetime": "2025-05-14 14:08:10", "elapsed": 2472.211008, "delta": 7.736844}}
{"target": 119.50489690569574, "params": {"x0": 0.8743323695346429, "x1": 3.067297792289179, "x2": 0.021518361039156282, "x3": 0.06942396806416253, "x4": 1.9881870465672755, "x5": 1.3460073551002518, "x6": 8.623083847554732, "x7": -6.51911982409535, "x8": 1.7533415563604018, "x9": 1.1039713938971532}, "datetime": {"datetime": "2025-05-14 14:08:18", "elapsed": 2480.412243, "delta": 8.201235}}
{"target": 119.50489690569574, "params": {"x0": 0.8743323695346429, "x1": 3.0672977922891858, "x2": 0.021518361039155665, "x3": 0.06942396806416157, "x4": 1.9881870465672742, "x5": 1.34600735510025, "x6": 8.623083847554726, "x7": -6.519119824095354, "x8": 1.7533415563604022, "x9": 1.1039713938971534}, "datetime": {"datetime": "2025-05-14 14:08:25", "elapsed": 2487.545996, "delta": 7.133753}}
{"target": 119.50489690569574, "params": {"x0": 0.8743323695346429, "x1": 3.0672977922891853, "x2": 0.021518361039156535, "x3": 0.0694239680641631, "x4": 1.9881870465672749, "x5": 1.346007355100261, "x6": 8.623083847554726, "x7": -6.519119824095351, "x8": 1.7533415563604018, "x9": 1.1039713938971532}, "datetime": {"datetime": "2025-05-14 14:08:32", "elapsed": 2494.408838, "delta": 6.862842}}
{"target": 119.50489690569574, "params": {"x0": 0.8743323695346429, "x1": 3.067297792289182, "x2": 0.021518361039158745, "x3": 0.06942396806416208, "x4": 1.9881870465672749, "x5": 1.3460073551002558, "x6": 8.623083847554728, "x7": -6.519119824095346, "x8": 1.7533415563604018, "x9": 1.1039713938971532}, "datetime": {"datetime": "2025-05-14 14:08:39", "elapsed": 2501.652136, "delta": 7.243298}}
{"target": 119.50489690569574, "params": {"x0": 0.8743323695346429, "x1": 3.067297792289182, "x2": 0.021518361039156407, "x3": 0.06942396806416183, "x4": 1.9881870465672757, "x5": 1.3460073551002618, "x6": 8.623083847554728, "x7": -6.519119824095348, "x8": 1.7533415563604022, "x9": 1.1039713938971534}, "datetime": {"datetime": "2025-05-14 14:08:46", "elapsed": 2509.012586, "delta": 7.36045}}
{"target": 119.50489690569574, "params": {"x0": 0.8743323695346429, "x1": 3.0672977922891858, "x2": 0.021518361039158315, "x3": 0.06942396806416261, "x4": 1.9881870465672766, "x5": 1.3460073551002572, "x6": 8.623083847554726, "x7": -6.519119824095351, "x8": 1.753341556360402, "x9": 1.1039713938971534}, "datetime": {"datetime": "2025-05-14 14:08:54", "elapsed": 2516.314753, "delta": 7.302167}}
{"target": 119.50489690569574, "params": {"x0": 0.8743323695346429, "x1": 3.067297792289184, "x2": 0.021518361039155873, "x3": 0.06942396806416203, "x4": 1.988187046567276, "x5": 1.3460073551002538, "x6": 8.62308384755473, "x7": -6.519119824095349, "x8": 1.7533415563604018, "x9": 1.1039713938971532}, "datetime": {"datetime": "2025-05-14 14:09:01", "elapsed": 2523.955482, "delta": 7.640729}}
{"target": 119.50489690569574, "params": {"x0": 0.8743323695346429, "x1": 3.0672977922891866, "x2": 0.021518361039157368, "x3": 0.06942396806416197, "x4": 1.988187046567275, "x5": 1.346007355100256, "x6": 8.62308384755473, "x7": -6.519119824095348, "x8": 1.7533415563604018, "x9": 1.1039713938971532}, "datetime": {"datetime": "2025-05-14 14:09:09", "elapsed": 2531.520035, "delta": 7.564553}}
{"target": 119.50489690569574, "params": {"x0": 0.8743323695346429, "x1": 3.0672977922891835, "x2": 0.021518361039157396, "x3": 0.0694239680641624, "x4": 1.988187046567277, "x5": 1.3460073551002567, "x6": 8.623083847554728, "x7": -6.519119824095347, "x8": 1.7533415563604018, "x9": 1.1039713938971536}, "datetime": {"datetime": "2025-05-14 14:09:16", "elapsed": 2539.03391, "delta": 7.513875}}
{"target": 119.50489690569574, "params": {"x0": 0.8743323695346429, "x1": 3.0672977922891884, "x2": 0.021518361039155155, "x3": 0.06942396806416247, "x4": 1.9881870465672762, "x5": 1.3460073551002545, "x6": 8.623083847554732, "x7": -6.519119824095351, "x8": 1.7533415563604022, "x9": 1.1039713938971532}, "datetime": {"datetime": "2025-05-14 14:09:24", "elapsed": 2546.134727, "delta": 7.100817}}
{"target": 119.50489690569574, "params": {"x0": 0.8743323695346429, "x1": 3.0672977922891853, "x2": 0.021518361039153992, "x3": 0.06942396806416266, "x4": 1.9881870465672755, "x5": 1.3460073551002587, "x6": 8.62308384755473, "x7": -6.51911982409535, "x8": 1.753341556360402, "x9": 1.1039713938971534}, "datetime": {"datetime": "2025-05-14 14:09:31", "elapsed": 2553.660582, "delta": 7.525855}}
{"target": 119.50489690569574, "params": {"x0": 0.8743323695346429, "x1": 3.0672977922891866, "x2": 0.021518361039155224, "x3": 0.0694239680641622, "x4": 1.9881870465672757, "x5": 1.3460073551002558, "x6": 8.62308384755473, "x7": -6.51911982409535, "x8": 1.7533415563604018, "x9": 1.1039713938971534}, "datetime": {"datetime": "2025-05-14 14:09:39", "elapsed": 2561.774208, "delta": 8.113626}}
{"target": 119.50489690569574, "params": {"x0": 0.8743323695346429, "x1": 3.0672977922891853, "x2": 0.021518361039155585, "x3": 0.06942396806416232, "x4": 1.9881870465672766, "x5": 1.3460073551002587, "x6": 8.62308384755473, "x7": -6.519119824095348, "x8": 1.753341556360402, "x9": 1.1039713938971534}, "datetime": {"datetime": "2025-05-14 14:09:47", "elapsed": 2569.462074, "delta": 7.687866}}
{"target": 119.50489690569574, "params": {"x0": 0.8743323695346429, "x1": 3.067297792289188, "x2": 0.02151836103915552, "x3": 0.06942396806416212, "x4": 1.988187046567276, "x5": 1.3460073551002567, "x6": 8.623083847554728, "x7": -6.51911982409535, "x8": 1.7533415563604018, "x9": 1.1039713938971534}, "datetime": {"datetime": "2025-05-14 14:09:55", "elapsed": 2577.086586, "delta": 7.624512}}
{"target": 119.50489690569574, "params": {"x0": 0.8743323695346429, "x1": 3.0672977922891875, "x2": 0.021518361039156275, "x3": 0.06942396806416248, "x4": 1.9881870465672757, "x5": 1.346007355100257, "x6": 8.62308384755473, "x7": -6.519119824095349, "x8": 1.753341556360402, "x9": 1.1039713938971534}, "datetime": {"datetime": "2025-05-14 14:10:02", "elapsed": 2584.783359, "delta": 7.696773}}
{"target": 119.50489690569574, "params": {"x0": 0.8743323695346429, "x1": 3.0672977922891858, "x2": 0.021518361039154832, "x3": 0.06942396806416225, "x4": 1.9881870465672757, "x5": 1.3460073551002565, "x6": 8.62308384755473, "x7": -6.519119824095348, "x8": 1.753341556360402, "x9": 1.1039713938971534}, "datetime": {"datetime": "2025-05-14 14:10:10", "elapsed": 2592.933761, "delta": 8.150402}}
