{"target": 119.50489690569574, "params": {"x0": 0.8743323695342783, "x1": 3.0672977923499203, "x2": 0.021518361133789944, "x3": 0.06942396806147468, "x4": 1.9881870465545495, "x5": 1.3460073552558938, "x6": 8.623083847548608, "x7": -6.519119824121902, "x8": 1.7533415563687715, "x9": 1.1039713939009645}, "datetime": {"datetime": "2025-05-14 13:57:07", "elapsed": 1809.189083, "delta": 6.993802}}
{"target": 119.50489690569574, "params": {"x0": 0.8743323695345374, "x1": 3.067297792401114, "x2": 0.021518361129257254, "x3": 0.06942396807245657, "x4": 1.9881870465746132, "x5": 1.3460073551732592, "x6": 8.623083847585786, "x7": -6.519119824048844, "x8": 1.7533415563654824, "x9": 1.1039713939024773}, "datetime": {"datetime": "2025-05-14 13:57:13", "elapsed": 1816.018683, "delta": 6.8296}}
{"target": 119.50489690569574, "params": {"x0": 0.8743323695346032, "x1": 3.0672977923511895, "x2": 0.021518361116737144, "x3": 0.06942396806834648, "x4": 1.9881870465606306, "x5": 1.3460073552292953, "x6": 8.623083847603716, "x7": -6.519119824041581, "x8": 1.7533415563630597, "x9": 1.1039713938943767}, "datetime": {"datetime": "2025-05-14 13:57:20", "elapsed": 1822.678838, "delta": 6.660155}}
{"target": 119.50489690569574, "params": {"x0": 0.8743323695346326, "x1": 3.0672977923727025, "x2": 0.021518361083109484, "x3": 0.06942396807684102, "x4": 1.988187046546118, "x5": 1.3460073551982772, "x6": 8.62308384763754, "x7": -6.5191198240502635, "x8": 1.7533415563618788, "x9": 1.1039713939009907}, "datetime": {"datetime": "2025-05-14 13:57:27", "elapsed": 1829.523791, "delta": 6.844953}}
{"target": 119.50489690569574, "params": {"x0": 0.8743323695348967, "x1": 3.067297792356612, "x2": 0.021518361095381057, "x3": 0.06942396806130254, "x4": 1.988187046542179, "x5": 1.3460073551253524, "x6": 8.62308384758676, "x7": -6.519119824047541, "x8": 1.753341556364103, "x9": 1.1039713938988382}, "datetime": {"datetime": "2025-05-14 13:57:33", "elapsed": 1836.029995, "delta": 6.506204}}
{"target": 119.50489690569574, "params": {"x0": 0.8743323695349674, "x1": 3.0672977923587093, "x2": 0.02151836109333196, "x3": 0.06942396806635381, "x4": 1.988187046569974, "x5": 1.3460073551738936, "x6": 8.623083847526699, "x7": -6.5191198241419785, "x8": 1.753341556359083, "x9": 1.1039713938980442}, "datetime": {"datetime": "2025-05-14 13:57:41", "elapsed": 1843.255945, "delta": 7.22595}}
{"target": 119.50489690569574, "params": {"x0": 0.874332369534341, "x1": 3.0672977923194615, "x2": 0.021518361076968084, "x3": 0.0694239680625453, "x4": 1.9881870465665001, "x5": 1.346007355079518, "x6": 8.623083847606546, "x7": -6.519119824072431, "x8": 1.7533415563653452, "x9": 1.1039713938964886}, "datetime": {"datetime": "2025-05-14 13:57:47", "elapsed": 1849.8042, "delta": 6.548255}}
{"target": 119.50489690569574, "params": {"x0": 0.8743323695344493, "x1": 3.0672977923347973, "x2": 0.02151836108008647, "x3": 0.0694239680529202, "x4": 1.9881870465501819, "x5": 1.3460073551818947, "x6": 8.623083847592858, "x7": -6.519119824115644, "x8": 1.7533415563648038, "x9": 1.10397139389483}, "datetime": {"datetime": "2025-05-14 13:57:55", "elapsed": 1857.446534, "delta": 7.642334}}
{"target": 119.50489690569574, "params": {"x0": 0.8743323695344056, "x1": 3.067297792350259, "x2": 0.021518361083930074, "x3": 0.06942396806796543, "x4": 1.98818704655397, "x5": 1.3460073551800782, "x6": 8.623083847604972, "x7": -6.519119824127661, "x8": 1.753341556358517, "x9": 1.1039713938982652}, "datetime": {"datetime": "2025-05-14 13:58:01", "elapsed": 1863.856155, "delta": 6.409621}}
{"target": 119.50489690569574, "params": {"x0": 0.8743323695349022, "x1": 3.067297792316259, "x2": 0.02151836104648803, "x3": 0.06942396805488914, "x4": 1.9881870465554201, "x5": 1.3460073551064162, "x6": 8.623083847584796, "x7": -6.519119824117164, "x8": 1.7533415563621746, "x9": 1.1039713938985563}, "datetime": {"datetime": "2025-05-14 13:58:08", "elapsed": 1870.121917, "delta": 6.265762}}
{"target": 119.50489690569574, "params": {"x0": 0.8743323695343941, "x1": 3.0672977923399527, "x2": 0.021518361065776516, "x3": 0.06942396805675698, "x4": 1.9881870465540448, "x5": 1.3460073551648912, "x6": 8.623083847586738, "x7": -6.519119824079259, "x8": 1.7533415563626273, "x9": 1.103971393898184}, "datetime": {"datetime": "2025-05-14 13:58:14", "elapsed": 1876.852522, "delta": 6.730605}}
{"target": 119.50489690569574, "params": {"x0": 0.8743323695348623, "x1": 3.0672977922975813, "x2": 0.021518361061367383, "x3": 0.06942396806195765, "x4": 1.9881870465538782, "x5": 1.3460073550822662, "x6": 8.623083847567932, "x7": -6.519119824085311, "x8": 1.75334155636368, "x9": 1.1039713938973292}, "datetime": {"datetime": "2025-05-14 13:58:21", "elapsed": 1883.663338, "delta": 6.810816}}
{"target": 119.50489690569574, "params": {"x0": 0.874332369534785, "x1": 3.0672977922683176, "x2": 0.021518361049164537, "x3": 0.06942396806391442, "x4": 1.9881870465582703, "x5": 1.3460073550568674, "x6": 8.623083847588424, "x7": -6.51911982411471, "x8": 1.753341556363082, "x9": 1.1039713938986744}, "datetime": {"datetime": "2025-05-14 13:58:28", "elapsed": 1890.619442, "delta": 6.956104}}
{"target": 119.50489690569574, "params": {"x0": 0.8743323695345337, "x1": 3.0672977923253653, "x2": 0.02151836103883743, "x3": 0.0694239680687178, "x4": 1.988187046566134, "x5": 1.346007355092589, "x6": 8.623083847581581, "x7": -6.519119824093028, "x8": 1.7533415563603973, "x9": 1.1039713938975533}, "datetime": {"datetime": "2025-05-14 13:58:35", "elapsed": 1897.579935, "delta": 6.960493}}
{"target": 119.50489690569574, "params": {"x0": 0.8743323695345103, "x1": 3.067297792310162, "x2": 0.021518361056530197, "x3": 0.06942396806367823, "x4": 1.988187046566015, "x5": 1.3460073551347413, "x6": 8.623083847536943, "x7": -6.519119824079475, "x8": 1.7533415563621886, "x9": 1.103971393896136}, "datetime": {"datetime": "2025-05-14 13:58:42", "elapsed": 1904.286459, "delta": 6.706524}}
{"target": 119.50489690569574, "params": {"x0": 0.8743323695347989, "x1": 3.067297792264384, "x2": 0.021518361056158664, "x3": 0.06942396806471014, "x4": 1.9881870465694038, "x5": 1.3460073551384695, "x6": 8.623083847559926, "x7": -6.519119824109371, "x8": 1.7533415563620787, "x9": 1.1039713938973739}, "datetime": {"datetime": "2025-05-14 13:58:49", "elapsed": 1911.218721, "delta": 6.932262}}
{"target": 119.50489690569574, "params": {"x0": 0.874332369534749, "x1": 3.0672977922971967, "x2": 0.021518361040796578, "x3": 0.06942396806570081, "x4": 1.9881870465584106, "x5": 1.3460073551142213, "x6": 8.62308384754218, "x7": -6.519119824091078, "x8": 1.7533415563616017, "x9": 1.103971393896485}, "datetime": {"datetime": "2025-05-14 13:58:54", "elapsed": 1917.018912, "delta": 5.800191}}
{"target": 119.50489690569574, "params": {"x0": 0.8743323695347299, "x1": 3.0672977923103595, "x2": 0.02151836104804072, "x3": 0.06942396806711995, "x4": 1.9881870465747284, "x5": 1.3460073551216998, "x6": 8.623083847568509, "x7": -6.519119824108647, "x8": 1.753341556361781, "x9": 1.1039713938975824}, "datetime": {"datetime": "2025-05-14 13:59:01", "elapsed": 1924.049304, "delta": 7.030392}}
{"target": 119.50489690569574, "params": {"x0": 0.8743323695345873, "x1": 3.0672977922875946, "x2": 0.02151836105523864, "x3": 0.06942396806395269, "x4": 1.988187046560532, "x5": 1.346007355075328, "x6": 8.623083847565447, "x7": -6.519119824085232, "x8": 1.7533415563613228, "x9": 1.1039713938980589}, "datetime": {"datetime": "2025-05-14 13:59:08", "elapsed": 1930.54705, "delta": 6.497746}}
{"target": 119.50489690569574, "params": {"x0": 0.8743323695346717, "x1": 3.067297792267927, "x2": 0.021518361043869724, "x3": 0.06942396806514885, "x4": 1.9881870465709452, "x5": 1.346007355121701, "x6": 8.623083847542267, "x7": -6.5191198240893495, "x8": 1.753341556359061, "x9": 1.1039713938963354}, "datetime": {"datetime": "2025-05-14 13:59:15", "elapsed": 1937.433996, "delta": 6.886946}}
{"target": 119.50489690569574, "params": {"x0": 0.874332369534668, "x1": 3.0672977923047298, "x2": 0.02151836104787924, "x3": 0.06942396806484732, "x4": 1.9881870465659233, "x5": 1.3460073551171914, "x6": 8.623083847565313, "x7": -6.519119824091497, "x8": 1.7533415563613775, "x9": 1.1039713938969817}, "datetime": {"datetime": "2025-05-14 13:59:22", "elapsed": 1944.501588, "delta": 7.067592}}
{"target": 119.50489690569574, "params": {"x0": 0.8743323695346459, "x1": 3.067297792301022, "x2": 0.0215183610493496, "x3": 0.06942396806533645, "x4": 1.9881870465704696, "x5": 1.346007355099181, "x6": 8.623083847567354, "x7": -6.519119824103557, "x8": 1.7533415563614536, "x9": 1.103971393896497}, "datetime": {"datetime": "2025-05-14 13:59:29", "elapsed": 1951.650743, "delta": 7.149155}}
{"target": 119.50489690569574, "params": {"x0": 0.8743323695346938, "x1": 3.067297792276065, "x2": 0.021518361046820873, "x3": 0.06942396806568035, "x4": 1.9881870465710219, "x5": 1.3460073551013827, "x6": 8.623083847561109, "x7": -6.519119824089685, "x8": 1.7533415563611117, "x9": 1.103971393896722}, "datetime": {"datetime": "2025-05-14 13:59:36", "elapsed": 1958.491809, "delta": 6.841066}}
{"target": 119.50489690569574, "params": {"x0": 0.8743323695346824, "x1": 3.0672977922971465, "x2": 0.021518361039120568, "x3": 0.0694239680622113, "x4": 1.988187046567045, "x5": 1.3460073550904164, "x6": 8.623083847547985, "x7": -6.519119824098588, "x8": 1.7533415563611958, "x9": 1.1039713938974869}, "datetime": {"datetime": "2025-05-14 13:59:43", "elapsed": 1965.455482, "delta": 6.963673}}
{"target": 119.50489690569574, "params": {"x0": 0.8743323695345993, "x1": 3.0672977922876243, "x2": 0.021518361041592677, "x3": 0.06942396806443847, "x4": 1.9881870465685922, "x5": 1.3460073551127436, "x6": 8.623083847564336, "x7": -6.51911982409815, "x8": 1.753341556360947, "x9": 1.1039713938969629}, "datetime": {"datetime": "2025-05-14 13:59:49", "elapsed": 1971.667204, "delta": 6.211722}}
{"target": 119.50489690569574, "params": {"x0": 0.8743323695346505, "x1": 3.0672977923002174, "x2": 0.021518361036755234, "x3": 0.06942396806344346, "x4": 1.9881870465688412, "x5": 1.3460073550904041, "x6": 8.623083847562166, "x7": -6.519119824099518, "x8": 1.7533415563604808, "x9": 1.103971393897083}, "datetime": {"datetime": "2025-05-14 13:59:56", "elapsed": 1978.839592, "delta": 7.172388}}
{"target": 119.50489690569574, "params": {"x0": 0.8743323695346374, "x1": 3.067297792286646, "x2": 0.02151836104559122, "x3": 0.06942396806392523, "x4": 1.988187046568447, "x5": 1.3460073550945924, "x6": 8.623083847556597, "x7": -6.519119824099957, "x8": 1.7533415563597525, "x9": 1.103971393896839}, "datetime": {"datetime": "2025-05-14 14:00:04", "elapsed": 1986.27132, "delta": 7.431728}}
{"target": 119.50489690569574, "params": {"x0": 0.8743323695346725, "x1": 3.067297792296612, "x2": 0.021518361036999677, "x3": 0.06942396806491066, "x4": 1.9881870465677887, "x5": 1.3460073550946663, "x6": 8.623083847560471, "x7": -6.519119824098235, "x8": 1.7533415563603878, "x9": 1.103971393896828}, "datetime": {"datetime": "2025-05-14 14:00:11", "elapsed": 1993.072885, "delta": 6.801565}}
{"target": 119.50489690569574, "params": {"x0": 0.8743323695346269, "x1": 3.067297792283545, "x2": 0.021518361033553677, "x3": 0.06942396806469182, "x4": 1.9881870465680427, "x5": 1.3460073550924263, "x6": 8.623083847551683, "x7": -6.519119824090491, "x8": 1.75334155635986, "x9": 1.1039713938970341}, "datetime": {"datetime": "2025-05-14 14:00:17", "elapsed": 1999.913057, "delta": 6.840172}}
{"target": 119.50489690569574, "params": {"x0": 0.8743323695346488, "x1": 3.0672977922886178, "x2": 0.02151836104367816, "x3": 0.06942396806368084, "x4": 1.9881870465654197, "x5": 1.3460073550931297, "x6": 8.623083847550738, "x7": -6.519119824098596, "x8": 1.7533415563601003, "x9": 1.1039713938969309}, "datetime": {"datetime": "2025-05-14 14:00:24", "elapsed": 2006.871815, "delta": 6.958758}}
{"target": 119.50489690569574, "params": {"x0": 0.8743323695346501, "x1": 3.0672977922902493, "x2": 0.021518361043083477, "x3": 0.06942396806382739, "x4": 1.988187046567772, "x5": 1.3460073551042187, "x6": 8.623083847558007, "x7": -6.519119824098448, "x8": 1.7533415563606745, "x9": 1.103971393897114}, "datetime": {"datetime": "2025-05-14 14:00:31", "elapsed": 2013.549012, "delta": 6.677197}}
{"target": 119.50489690569574, "params": {"x0": 0.8743323695346662, "x1": 3.0672977922909745, "x2": 0.02151836104019004, "x3": 0.0694239680648535, "x4": 1.9881870465668583, "x5": 1.3460073551069967, "x6": 8.623083847556922, "x7": -6.519119824094667, "x8": 1.7533415563606618, "x9": 1.103971393897211}, "datetime": {"datetime": "2025-05-14 14:00:38", "elapsed": 2020.609757, "delta": 7.060745}}
{"target": 119.50489690569574, "params": {"x0": 0.8743323695346534, "x1": 3.067297792290692, "x2": 0.021518361036305337, "x3": 0.06942396806444442, "x4": 1.988187046566375, "x5": 1.346007355097166, "x6": 8.623083847551325, "x7": -6.519119824094225, "x8": 1.753341556360669, "x9": 1.1039713938969913}, "datetime": {"datetime": "2025-05-14 14:00:45", "elapsed": 2027.465974, "delta": 6.856217}}
{"target": 119.50489690569574, "params": {"x0": 0.8743323695346513, "x1": 3.0672977922855518, "x2": 0.021518361041557972, "x3": 0.06942396806399068, "x4": 1.9881870465676483, "x5": 1.3460073551027256, "x6": 8.62308384755356, "x7": -6.519119824094897, "x8": 1.7533415563605788, "x9": 1.103971393897216}, "datetime": {"datetime": "2025-05-14 14:00:52", "elapsed": 2034.60164, "delta": 7.135666}}
{"target": 119.50489690569574, "params": {"x0": 0.8743323695346322, "x1": 3.067297792287658, "x2": 0.021518361040460537, "x3": 0.06942396806390053, "x4": 1.988187046567532, "x5": 1.346007355104, "x6": 8.623083847556051, "x7": -6.519119824097011, "x8": 1.753341556360634, "x9": 1.1039713938972615}, "datetime": {"datetime": "2025-05-14 14:00:59", "elapsed": 2041.645375, "delta": 7.043735}}
{"target": 119.50489690569574, "params": {"x0": 0.8743323695346414, "x1": 3.067297792289744, "x2": 0.021518361038387848, "x3": 0.06942396806375684, "x4": 1.9881870465680134, "x5": 1.3460073550992535, "x6": 8.623083847552174, "x7": -6.519119824093481, "x8": 1.7533415563605381, "x9": 1.103971393897186}, "datetime": {"datetime": "2025-05-14 14:01:06", "elapsed": 2048.519653, "delta": 6.874278}}
{"target": 119.50489690569574, "params": {"x0": 0.8743323695346287, "x1": 3.067297792286711, "x2": 0.0215183610380211, "x3": 0.06942396806448933, "x4": 1.9881870465681146, "x5": 1.3460073551029592, "x6": 8.623083847552218, "x7": -6.519119824094795, "x8": 1.7533415563604593, "x9": 1.1039713938970408}, "datetime": {"datetime": "2025-05-14 14:01:13", "elapsed": 2055.271675, "delta": 6.752022}}
{"target": 119.50489690569574, "params": {"x0": 0.8743323695346298, "x1": 3.067297792288983, "x2": 0.021518361039534483, "x3": 0.06942396806459478, "x4": 1.9881870465678433, "x5": 1.3460073551026275, "x6": 8.623083847554746, "x7": -6.519119824096587, "x8": 1.7533415563604817, "x9": 1.1039713938970535}, "datetime": {"datetime": "2025-05-14 14:01:20", "elapsed": 2062.444422, "delta": 7.172747}}
{"target": 119.50489690569574, "params": {"x0": 0.8743323695346453, "x1": 3.0672977922867544, "x2": 0.021518361039919498, "x3": 0.0694239680644637, "x4": 1.9881870465665263, "x5": 1.3460073551028118, "x6": 8.623083847556014, "x7": -6.519119824095448, "x8": 1.753341556360519, "x9": 1.1039713938971847}, "datetime": {"datetime": "2025-05-14 14:01:27", "elapsed": 2069.583562, "delta": 7.13914}}
{"target": 119.50489690569574, "params": {"x0": 0.8743323695346465, "x1": 3.0672977922875684, "x2": 0.021518361040738104, "x3": 0.06942396806391499, "x4": 1.9881870465679905, "x5": 1.346007355100429, "x6": 8.623083847552708, "x7": -6.519119824094715, "x8": 1.7533415563604695, "x9": 1.1039713938972002}, "datetime": {"datetime": "2025-05-14 14:01:35", "elapsed": 2077.378699, "delta": 7.795137}}
{"target": 119.50489690569574, "params": {"x0": 0.8743323695346398, "x1": 3.0672977922912428, "x2": 0.02151836103900743, "x3": 0.069423968063827, "x4": 1.9881870465677596, "x5": 1.3460073550977516, "x6": 8.62308384755373, "x7": -6.5191198240942425, "x8": 1.753341556360283, "x9": 1.1039713938971532}, "datetime": {"datetime": "2025-05-14 14:01:41", "elapsed": 2083.970404, "delta": 6.591705}}
{"target": 119.50489690569574, "params": {"x0": 0.8743323695346381, "x1": 3.06729779228744, "x2": 0.021518361037800898, "x3": 0.06942396806434992, "x4": 1.988187046567294, "x5": 1.346007355100052, "x6": 8.623083847553756, "x7": -6.519119824094879, "x8": 1.7533415563603014, "x9": 1.1039713938971238}, "datetime": {"datetime": "2025-05-14 14:01:49", "elapsed": 2091.116209, "delta": 7.145805}}
{"target": 119.50489690569574, "params": {"x0": 0.8743323695346468, "x1": 3.0672977922906393, "x2": 0.021518361039816847, "x3": 0.06942396806429013, "x4": 1.9881870465677411, "x5": 1.3460073550998373, "x6": 8.623083847553577, "x7": -6.519119824095856, "x8": 1.753341556360308, "x9": 1.1039713938971585}, "datetime": {"datetime": "2025-05-14 14:01:56", "elapsed": 2098.23027, "delta": 7.114061}}
{"target": 119.50489690569574, "params": {"x0": 0.8743323695346422, "x1": 3.0672977922904514, "x2": 0.021518361038000228, "x3": 0.06942396806393687, "x4": 1.9881870465672977, "x5": 1.3460073550986384, "x6": 8.623083847555591, "x7": -6.519119824095485, "x8": 1.7533415563604238, "x9": 1.103971393897098}, "datetime": {"datetime": "2025-05-14 14:02:03", "elapsed": 2105.146627, "delta": 6.916357}}
{"target": 119.50489690569574, "params": {"x0": 0.8743323695346473, "x1": 3.06729779228847, "x2": 0.021518361039948846, "x3": 0.069423968064065, "x4": 1.9881870465674183, "x5": 1.3460073551006317, "x6": 8.623083847555327, "x7": -6.519119824095447, "x8": 1.7533415563603822, "x9": 1.1039713938971558}, "datetime": {"datetime": "2025-05-14 14:02:10", "elapsed": 2112.361319, "delta": 7.214692}}
{"target": 119.50489690569574, "params": {"x0": 0.8743323695346386, "x1": 3.0672977922893194, "x2": 0.021518361038887112, "x3": 0.06942396806423602, "x4": 1.9881870465672842, "x5": 1.3460073551015443, "x6": 8.623083847555375, "x7": -6.519119824094858, "x8": 1.753341556360405, "x9": 1.1039713938971276}, "datetime": {"datetime": "2025-05-14 14:02:17", "elapsed": 2119.849958, "delta": 7.488639}}
{"target": 119.50489690569574, "params": {"x0": 0.8743323695346413, "x1": 3.0672977922904003, "x2": 0.021518361038371386, "x3": 0.06942396806401999, "x4": 1.9881870465671303, "x5": 1.3460073551008045, "x6": 8.623083847554646, "x7": -6.519119824095439, "x8": 1.7533415563604484, "x9": 1.1039713938971283}, "datetime": {"datetime": "2025-05-14 14:02:24", "elapsed": 2126.534054, "delta": 6.684096}}
{"target": 119.50489690569574, "params": {"x0": 0.874332369534647, "x1": 3.0672977922887497, "x2": 0.021518361039279683, "x3": 0.06942396806422471, "x4": 1.9881870465670253, "x5": 1.3460073551013618, "x6": 8.62308384755559, "x7": -6.519119824095077, "x8": 1.7533415563604378, "x9": 1.1039713938971314}, "datetime": {"datetime": "2025-05-14 14:02:31", "elapsed": 2133.414959, "delta": 6.880905}}
{"target": 119.50489690569574, "params": {"x0": 0.8743323695346383, "x1": 3.0672977922892124, "x2": 0.021518361038961258, "x3": 0.06942396806418, "x4": 1.9881870465674722, "x5": 1.3460073551001512, "x6": 8.623083847554202, "x7": -6.519119824095353, "x8": 1.7533415563604404, "x9": 1.1039713938971536}, "datetime": {"datetime": "2025-05-14 14:02:38", "elapsed": 2140.636865, "delta": 7.221906}}
{"target": 119.50489690569574, "params": {"x0": 0.8743323695346392, "x1": 3.06729779228831, "x2": 0.02151836103900748, "x3": 0.06942396806410502, "x4": 1.9881870465674825, "x5": 1.3460073550995266, "x6": 8.623083847554183, "x7": -6.519119824095482, "x8": 1.7533415563604626, "x9": 1.103971393897162}, "datetime": {"datetime": "2025-05-14 14:02:45", "elapsed": 2148.030192, "delta": 7.393327}}
{"target": 119.50489690569574, "params": {"x0": 0.8743323695346413, "x1": 3.067297792289184, "x2": 0.02151836103967776, "x3": 0.06942396806413088, "x4": 1.9881870465673535, "x5": 1.3460073551000828, "x6": 8.623083847554552, "x7": -6.519119824095095, "x8": 1.7533415563604482, "x9": 1.1039713938971512}, "datetime": {"datetime": "2025-05-14 14:02:53", "elapsed": 2155.605869, "delta": 7.575677}}
{"target": 119.50489690569574, "params": {"x0": 0.874332369534644, "x1": 3.0672977922890183, "x2": 0.02151836103922053, "x3": 0.06942396806419131, "x4": 1.988187046567084, "x5": 1.3460073551011096, "x6": 8.623083847554962, "x7": -6.51911982409537, "x8": 1.75334155636038, "x9": 1.103971393897139}, "datetime": {"datetime": "2025-05-14 14:03:01", "elapsed": 2163.493499, "delta": 7.88763}}
{"target": 119.50489690569574, "params": {"x0": 0.874332369534646, "x1": 3.0672977922895606, "x2": 0.021518361039469084, "x3": 0.0694239680641062, "x4": 1.9881870465673968, "x5": 1.3460073551007803, "x6": 8.623083847555105, "x7": -6.519119824095173, "x8": 1.7533415563603678, "x9": 1.1039713938971683}, "datetime": {"datetime": "2025-05-14 14:03:09", "elapsed": 2171.516306, "delta": 8.022807}}
{"target": 119.50489690569574, "params": {"x0": 0.8743323695346414, "x1": 3.0672977922892284, "x2": 0.021518361038998804, "x3": 0.06942396806407232, "x4": 1.9881870465671774, "x5": 1.3460073551009102, "x6": 8.62308384755456, "x7": -6.519119824095174, "x8": 1.7533415563604247, "x9": 1.1039713938971754}, "datetime": {"datetime": "2025-05-14 14:03:17", "elapsed": 2179.581839, "delta": 8.065533}}
{"target": 119.50489690569574, "params": {"x0": 0.8743323695346423, "x1": 3.0672977922897267, "x2": 0.021518361039445922, "x3": 0.06942396806412912, "x4": 1.9881870465671185, "x5": 1.3460073551007243, "x6": 8.623083847554755, "x7": -6.519119824095528, "x8": 1.7533415563603871, "x9": 1.103971393897163}, "datetime": {"datetime": "2025-05-14 14:03:24", "elapsed": 2186.643556, "delta": 7.061717}}
