{"target": 119.50489690569574, "params": {"x0": 0.874332369680537, "x1": 3.067297828259774, "x2": 0.02151838303235649, "x3": 0.0694239680789843, "x4": 1.988187035843837, "x5": 1.3460074137382745, "x6": 8.62308388790997, "x7": -6.519119801911414, "x8": 1.753341559815255, "x9": 1.1039713952180994}, "datetime": {"datetime": "2025-05-14 13:50:55", "elapsed": 1437.068807, "delta": 6.256447}}
{"target": 119.50489690569574, "params": {"x0": 0.8743323693997106, "x1": 3.067297822234366, "x2": 0.02151839087847817, "x3": 0.06942396368200814, "x4": 1.9881870606147864, "x5": 1.3460074067236234, "x6": 8.623083880009688, "x7": -6.51911982398492, "x8": 1.7533415592257953, "x9": 1.1039713938808162}, "datetime": {"datetime": "2025-05-14 13:51:01", "elapsed": 1444.003448, "delta": 6.934641}}
{"target": 119.50489690569574, "params": {"x0": 0.8743323695892543, "x1": 3.0672978334703567, "x2": 0.021518386891385494, "x3": 0.0694239615184332, "x4": 1.988187041306613, "x5": 1.3460074048642416, "x6": 8.623083863140069, "x7": -6.519119808204749, "x8": 1.7533415577535114, "x9": 1.1039713947177714}, "datetime": {"datetime": "2025-05-14 13:51:08", "elapsed": 1450.448273, "delta": 6.444825}}
{"target": 119.50489690569574, "params": {"x0": 0.874332369704268, "x1": 3.067297819831332, "x2": 0.021518384953553012, "x3": 0.0694239660377965, "x4": 1.9881870475905088, "x5": 1.3460073968422879, "x6": 8.623083876600134, "x7": -6.519119815481349, "x8": 1.7533415588968102, "x9": 1.1039713943560312}, "datetime": {"datetime": "2025-05-14 13:51:15", "elapsed": 1457.114757, "delta": 6.666484}}
{"target": 119.50489690569574, "params": {"x0": 0.8743323694591577, "x1": 3.0672978266110373, "x2": 0.02151838287518163, "x3": 0.06942396673333764, "x4": 1.9881870484654227, "x5": 1.3460073920251079, "x6": 8.623083863750779, "x7": -6.519119809589405, "x8": 1.7533415583419867, "x9": 1.1039713929605877}, "datetime": {"datetime": "2025-05-14 13:51:21", "elapsed": 1463.827663, "delta": 6.712906}}
{"target": 119.50489690569574, "params": {"x0": 0.8743323695407792, "x1": 3.0672978206827595, "x2": 0.02151838040314067, "x3": 0.06942396445167483, "x4": 1.9881870435657378, "x5": 1.3460073881843608, "x6": 8.623083866859195, "x7": -6.519119808370339, "x8": 1.753341558350501, "x9": 1.103971393635555}, "datetime": {"datetime": "2025-05-14 13:51:28", "elapsed": 1470.475616, "delta": 6.647953}}
{"target": 119.50489690569574, "params": {"x0": 0.8743323695993066, "x1": 3.067297817916872, "x2": 0.021518379516896523, "x3": 0.06942396585791265, "x4": 1.9881870429254107, "x5": 1.3460073855088854, "x6": 8.623083866757591, "x7": -6.519119815190183, "x8": 1.7533415580681377, "x9": 1.1039713933710356}, "datetime": {"datetime": "2025-05-14 13:51:35", "elapsed": 1477.311696, "delta": 6.83608}}
{"target": 119.50489690569574, "params": {"x0": 0.8743323695542309, "x1": 3.0672978174513204, "x2": 0.02151837592901908, "x3": 0.06942396547812384, "x4": 1.9881870434685769, "x5": 1.3460073833227426, "x6": 8.623083850594915, "x7": -6.51911981248833, "x8": 1.753341557533534, "x9": 1.103971394055873}, "datetime": {"datetime": "2025-05-14 13:51:42", "elapsed": 1484.066397, "delta": 6.754701}}
{"target": 119.50489690569574, "params": {"x0": 0.8743323695270272, "x1": 3.067297813670443, "x2": 0.02151836999156588, "x3": 0.06942396461689812, "x4": 1.988187044278749, "x5": 1.3460073785996005, "x6": 8.623083864647706, "x7": -6.519119812124012, "x8": 1.7533415574378752, "x9": 1.1039713945445007}, "datetime": {"datetime": "2025-05-14 13:51:48", "elapsed": 1490.844794, "delta": 6.778397}}
{"target": 119.50489690569574, "params": {"x0": 0.8743323696043421, "x1": 3.06729780791994, "x2": 0.021518370609918257, "x3": 0.06942396605932555, "x4": 1.988187040970717, "x5": 1.3460073772511905, "x6": 8.623083860903018, "x7": -6.519119814165614, "x8": 1.7533415575806752, "x9": 1.1039713935567275}, "datetime": {"datetime": "2025-05-14 13:51:55", "elapsed": 1497.468599, "delta": 6.623805}}
{"target": 119.50489690569574, "params": {"x0": 0.8743323694757387, "x1": 3.067297810118735, "x2": 0.02151836723370949, "x3": 0.06942396688983972, "x4": 1.988187045917263, "x5": 1.3460073764583584, "x6": 8.623083861719545, "x7": -6.519119818298868, "x8": 1.7533415572173816, "x9": 1.1039713936148479}, "datetime": {"datetime": "2025-05-14 13:52:02", "elapsed": 1504.089259, "delta": 6.62066}}
{"target": 119.50489690569574, "params": {"x0": 0.8743323695114966, "x1": 3.067297806749731, "x2": 0.021518371486620086, "x3": 0.0694239655278459, "x4": 1.9881870422290315, "x5": 1.3460073731458528, "x6": 8.623083856500907, "x7": -6.519119819826087, "x8": 1.753341557306158, "x9": 1.1039713939419675}, "datetime": {"datetime": "2025-05-14 13:52:08", "elapsed": 1510.851307, "delta": 6.762048}}
{"target": 119.50489690569574, "params": {"x0": 0.8743323696056927, "x1": 3.067297802627644, "x2": 0.02151836922286718, "x3": 0.06942396952344261, "x4": 1.9881870439606275, "x5": 1.3460073722744492, "x6": 8.623083857996955, "x7": -6.519119815582729, "x8": 1.75334155725465, "x9": 1.103971393622741}, "datetime": {"datetime": "2025-05-14 13:52:16", "elapsed": 1518.202802, "delta": 7.351495}}
{"target": 119.50489690569574, "params": {"x0": 0.8743323694956919, "x1": 3.067297804787536, "x2": 0.021518370029909306, "x3": 0.06942396676591857, "x4": 1.988187045898872, "x5": 1.3460073636487935, "x6": 8.62308385809352, "x7": -6.519119819670042, "x8": 1.753341556683488, "x9": 1.103971394252095}, "datetime": {"datetime": "2025-05-14 13:52:22", "elapsed": 1524.469437, "delta": 6.266635}}
{"target": 119.50489690569574, "params": {"x0": 0.8743323694946511, "x1": 3.0672978032707716, "x2": 0.021518365579849055, "x3": 0.06942396688600344, "x4": 1.9881870442804552, "x5": 1.3460073681771876, "x6": 8.623083856784305, "x7": -6.519119821997927, "x8": 1.7533415570972783, "x9": 1.1039713936283526}, "datetime": {"datetime": "2025-05-14 13:52:29", "elapsed": 1531.333085, "delta": 6.863648}}
{"target": 119.50489690569574, "params": {"x0": 0.874332369488337, "x1": 3.0672978004022484, "x2": 0.021518364281495565, "x3": 0.06942396648118628, "x4": 1.988187044612436, "x5": 1.3460073675840716, "x6": 8.623083853618503, "x7": -6.519119818526369, "x8": 1.7533415570386326, "x9": 1.1039713941082376}, "datetime": {"datetime": "2025-05-14 13:52:36", "elapsed": 1538.771385, "delta": 7.4383}}
{"target": 119.50489690569574, "params": {"x0": 0.8743323695454758, "x1": 3.0672977956314664, "x2": 0.021518367389598895, "x3": 0.06942396757206191, "x4": 1.9881870437532179, "x5": 1.3460073665511139, "x6": 8.623083852946845, "x7": -6.519119821540279, "x8": 1.7533415569741022, "x9": 1.1039713940192593}, "datetime": {"datetime": "2025-05-14 13:52:43", "elapsed": 1545.179645, "delta": 6.40826}}
{"target": 119.50489690569574, "params": {"x0": 0.8743323695336689, "x1": 3.0672977997878363, "x2": 0.021518366289122456, "x3": 0.06942396771217067, "x4": 1.9881870443298486, "x5": 1.3460073646751007, "x6": 8.623083854535928, "x7": -6.519119819120268, "x8": 1.753341556415392, "x9": 1.1039713937807474}, "datetime": {"datetime": "2025-05-14 13:52:50", "elapsed": 1552.112538, "delta": 6.932893}}
{"target": 119.50489690569574, "params": {"x0": 0.8743323695255738, "x1": 3.067297800150626, "x2": 0.021518364454552127, "x3": 0.06942396826421027, "x4": 1.9881870484841055, "x5": 1.3460073637900631, "x6": 8.623083852096492, "x7": -6.519119820780413, "x8": 1.7533415567787707, "x9": 1.1039713940705933}, "datetime": {"datetime": "2025-05-14 13:52:56", "elapsed": 1558.63894, "delta": 6.526402}}
{"target": 119.50489690569574, "params": {"x0": 0.8743323695272051, "x1": 3.067297795527515, "x2": 0.02151836549058833, "x3": 0.06942396754362612, "x4": 1.9881870465364708, "x5": 1.3460073634466154, "x6": 8.623083852660486, "x7": -6.519119822056765, "x8": 1.7533415566870156, "x9": 1.1039713940521174}, "datetime": {"datetime": "2025-05-14 13:53:03", "elapsed": 1565.415222, "delta": 6.776282}}
{"target": 119.50489690569574, "params": {"x0": 0.8743323695155986, "x1": 3.067297798524583, "x2": 0.02151836492823451, "x3": 0.06942396789573549, "x4": 1.988187044786049, "x5": 1.346007361326091, "x6": 8.623083850084837, "x7": -6.519119822359324, "x8": 1.753341556743485, "x9": 1.1039713940912215}, "datetime": {"datetime": "2025-05-14 13:53:10", "elapsed": 1572.284261, "delta": 6.869039}}
{"target": 119.50489690569574, "params": {"x0": 0.87433236955806, "x1": 3.0672977979214213, "x2": 0.021518364171334063, "x3": 0.06942396758784636, "x4": 1.9881870450911732, "x5": 1.3460073616213524, "x6": 8.623083850839501, "x7": -6.519119825139909, "x8": 1.7533415565697912, "x9": 1.1039713940497433}, "datetime": {"datetime": "2025-05-14 13:53:16", "elapsed": 1579.016232, "delta": 6.731971}}
{"target": 119.50489690569574, "params": {"x0": 0.8743323695276759, "x1": 3.0672977974521425, "x2": 0.021518362641895678, "x3": 0.06942396745382931, "x4": 1.9881870450353036, "x5": 1.3460073609149197, "x6": 8.623083849333831, "x7": -6.519119823093742, "x8": 1.7533415566252004, "x9": 1.1039713940346936}, "datetime": {"datetime": "2025-05-14 13:53:23", "elapsed": 1585.992614, "delta": 6.976382}}
{"target": 119.50489690569574, "params": {"x0": 0.8743323695508655, "x1": 3.067297794599247, "x2": 0.021518364049152527, "x3": 0.06942396735093444, "x4": 1.9881870461386768, "x5": 1.3460073605867313, "x6": 8.623083849509248, "x7": -6.519119821881082, "x8": 1.7533415565085082, "x9": 1.1039713940762381}, "datetime": {"datetime": "2025-05-14 13:53:30", "elapsed": 1592.580665, "delta": 6.588051}}
{"target": 119.50489690569574, "params": {"x0": 0.874332369536832, "x1": 3.0672977951777973, "x2": 0.021518362834272806, "x3": 0.06942396803424461, "x4": 1.9881870456729582, "x5": 1.346007359094845, "x6": 8.623083850532028, "x7": -6.51911982196166, "x8": 1.7533415566385504, "x9": 1.1039713939928228}, "datetime": {"datetime": "2025-05-14 13:53:37", "elapsed": 1599.436738, "delta": 6.856073}}
{"target": 119.50489690569574, "params": {"x0": 0.8743323695496296, "x1": 3.0672977956018195, "x2": 0.02151836193670372, "x3": 0.069423967766261, "x4": 1.9881870456291566, "x5": 1.3460073590578348, "x6": 8.623083850426664, "x7": -6.519119823859948, "x8": 1.7533415565475496, "x9": 1.1039713940334888}, "datetime": {"datetime": "2025-05-14 13:53:43", "elapsed": 1606.005431, "delta": 6.568693}}
{"target": 119.50489690569574, "params": {"x0": 0.8743323695326118, "x1": 3.067297795675435, "x2": 0.02151836324678843, "x3": 0.06942396792754321, "x4": 1.9881870459843107, "x5": 1.3460073569574122, "x6": 8.623083849890143, "x7": -6.519119822437346, "x8": 1.7533415565371901, "x9": 1.1039713939774205}, "datetime": {"datetime": "2025-05-14 13:53:50", "elapsed": 1612.636262, "delta": 6.630831}}
{"target": 119.50489690569574, "params": {"x0": 0.874332369531895, "x1": 3.067297795125445, "x2": 0.02151836297488414, "x3": 0.0694239682636725, "x4": 1.9881870460734443, "x5": 1.3460073571959543, "x6": 8.623083849487967, "x7": -6.519119822334877, "x8": 1.7533415565351602, "x9": 1.1039713939496756}, "datetime": {"datetime": "2025-05-14 13:53:57", "elapsed": 1619.339613, "delta": 6.703351}}
{"target": 119.50489690569574, "params": {"x0": 0.8743323695323238, "x1": 3.0672977944765414, "x2": 0.02151836234822227, "x3": 0.06942396801826692, "x4": 1.9881870467204446, "x5": 1.3460073576486946, "x6": 8.6230838493405, "x7": -6.519119823216293, "x8": 1.7533415565259425, "x9": 1.103971393931199}, "datetime": {"datetime": "2025-05-14 13:54:03", "elapsed": 1625.742404, "delta": 6.402791}}
{"target": 119.50489690569574, "params": {"x0": 0.87433236952817, "x1": 3.067297794748176, "x2": 0.021518362277334148, "x3": 0.06942396778144148, "x4": 1.988187046818456, "x5": 1.3460073576959912, "x6": 8.62308384906742, "x7": -6.5191198249898195, "x8": 1.7533415565150419, "x9": 1.1039713939919613}, "datetime": {"datetime": "2025-05-14 13:54:10", "elapsed": 1632.442987, "delta": 6.700583}}
{"target": 119.50489690569574, "params": {"x0": 0.8743323695267131, "x1": 3.067297794003254, "x2": 0.021518362293731854, "x3": 0.06942396801485269, "x4": 1.9881870460816922, "x5": 1.3460073568769866, "x6": 8.623083848933359, "x7": -6.519119822787264, "x8": 1.75334155650507, "x9": 1.1039713939367526}, "datetime": {"datetime": "2025-05-14 13:54:17", "elapsed": 1639.458181, "delta": 7.015194}}
{"target": 119.50489690569574, "params": {"x0": 0.8743323695266795, "x1": 3.0672977941225112, "x2": 0.021518362377085137, "x3": 0.06942396819769647, "x4": 1.9881870464850553, "x5": 1.3460073571512225, "x6": 8.623083849053684, "x7": -6.519119824066052, "x8": 1.7533415564633976, "x9": 1.1039713939475952}, "datetime": {"datetime": "2025-05-14 13:54:23", "elapsed": 1645.994465, "delta": 6.536284}}
{"target": 119.50489690569574, "params": {"x0": 0.8743323695397107, "x1": 3.0672977938296775, "x2": 0.021518362134979208, "x3": 0.06942396826293362, "x4": 1.9881870461857345, "x5": 1.3460073571070768, "x6": 8.62308384813092, "x7": -6.519119823311604, "x8": 1.7533415564630446, "x9": 1.1039713939657216}, "datetime": {"datetime": "2025-05-14 13:54:31", "elapsed": 1653.140853, "delta": 7.146388}}
{"target": 119.50489690569574, "params": {"x0": 0.8743323695420474, "x1": 3.067297793863659, "x2": 0.021518361959572428, "x3": 0.06942396785392178, "x4": 1.9881870465519997, "x5": 1.3460073561592565, "x6": 8.62308384870342, "x7": -6.519119823203236, "x8": 1.7533415564194497, "x9": 1.1039713939582112}, "datetime": {"datetime": "2025-05-14 13:54:37", "elapsed": 1659.391344, "delta": 6.250491}}
{"target": 119.50489690569574, "params": {"x0": 0.8743323695414561, "x1": 3.0672977935891046, "x2": 0.021518361470434053, "x3": 0.06942396812621648, "x4": 1.9881870462599502, "x5": 1.3460073567107675, "x6": 8.623083848711811, "x7": -6.519119823830311, "x8": 1.7533415564398567, "x9": 1.1039713939326872}, "datetime": {"datetime": "2025-05-14 13:54:44", "elapsed": 1666.16534, "delta": 6.773996}}
{"target": 119.50489690569574, "params": {"x0": 0.8743323695311433, "x1": 3.0672977934876426, "x2": 0.021518361741713118, "x3": 0.06942396807794043, "x4": 1.9881870466761173, "x5": 1.3460073564456234, "x6": 8.623083847955437, "x7": -6.519119823571252, "x8": 1.7533415564443577, "x9": 1.10397139392011}, "datetime": {"datetime": "2025-05-14 13:54:51", "elapsed": 1673.082954, "delta": 6.917614}}
{"target": 119.50489690569574, "params": {"x0": 0.8743323695305577, "x1": 3.0672977932221284, "x2": 0.02151836164832538, "x3": 0.06942396797263972, "x4": 1.9881870462968474, "x5": 1.3460073564255142, "x6": 8.623083848236577, "x7": -6.519119824003195, "x8": 1.7533415564373283, "x9": 1.1039713938743254}, "datetime": {"datetime": "2025-05-14 13:54:57", "elapsed": 1680.011505, "delta": 6.928551}}
{"target": 119.50489690569574, "params": {"x0": 0.87433236953581, "x1": 3.067297793293322, "x2": 0.02151836148993043, "x3": 0.06942396790112189, "x4": 1.9881870464279476, "x5": 1.346007356191305, "x6": 8.623083848185919, "x7": -6.51911982347772, "x8": 1.7533415564112997, "x9": 1.1039713939372342}, "datetime": {"datetime": "2025-05-14 13:55:04", "elapsed": 1686.617861, "delta": 6.606356}}
{"target": 119.50489690569574, "params": {"x0": 0.8743323695392369, "x1": 3.0672977931026786, "x2": 0.02151836135774763, "x3": 0.06942396808639154, "x4": 1.9881870465002471, "x5": 1.3460073562365928, "x6": 8.623083848288347, "x7": -6.519119823616337, "x8": 1.753341556410078, "x9": 1.1039713939280245}, "datetime": {"datetime": "2025-05-14 13:55:11", "elapsed": 1693.370052, "delta": 6.752191}}
{"target": 119.50489690569574, "params": {"x0": 0.8743323695364265, "x1": 3.06729779298195, "x2": 0.021518361617250525, "x3": 0.06942396811974137, "x4": 1.9881870466020077, "x5": 1.3460073560710761, "x6": 8.62308384802449, "x7": -6.519119824487935, "x8": 1.7533415564169241, "x9": 1.1039713939009312}, "datetime": {"datetime": "2025-05-14 13:55:17", "elapsed": 1699.870203, "delta": 6.500151}}
{"target": 119.50489690569574, "params": {"x0": 0.8743323695352004, "x1": 3.0672977929364067, "x2": 0.021518361506249223, "x3": 0.06942396817406811, "x4": 1.9881870466871139, "x5": 1.3460073560015764, "x6": 8.623083848057878, "x7": -6.519119823922635, "x8": 1.7533415563801116, "x9": 1.1039713939260838}, "datetime": {"datetime": "2025-05-14 13:55:25", "elapsed": 1707.094691, "delta": 7.224488}}
{"target": 119.50489690569574, "params": {"x0": 0.8743323695325231, "x1": 3.0672977929445633, "x2": 0.02151836135414186, "x3": 0.06942396798674327, "x4": 1.9881870464809064, "x5": 1.346007355921518, "x6": 8.62308384782835, "x7": -6.519119823830601, "x8": 1.7533415563950585, "x9": 1.103971393907488}, "datetime": {"datetime": "2025-05-14 13:55:31", "elapsed": 1713.882379, "delta": 6.787688}}
{"target": 119.50489690569574, "params": {"x0": 0.8743323695374329, "x1": 3.0672977928702885, "x2": 0.021518361433561096, "x3": 0.06942396807956029, "x4": 1.9881870467068314, "x5": 1.346007355809313, "x6": 8.623083847954133, "x7": -6.519119823912468, "x8": 1.7533415563867631, "x9": 1.1039713939108364}, "datetime": {"datetime": "2025-05-14 13:55:38", "elapsed": 1720.486128, "delta": 6.603749}}
{"target": 119.50489690569574, "params": {"x0": 0.8743323695327999, "x1": 3.0672977928378544, "x2": 0.02151836137206049, "x3": 0.06942396802439367, "x4": 1.9881870464958102, "x5": 1.3460073555589955, "x6": 8.623083847998657, "x7": -6.519119823840459, "x8": 1.7533415563802055, "x9": 1.103971393904711}, "datetime": {"datetime": "2025-05-14 13:55:45", "elapsed": 1727.277709, "delta": 6.791581}}
{"target": 119.50489690569574, "params": {"x0": 0.8743323695352189, "x1": 3.0672977925956695, "x2": 0.021518361372489074, "x3": 0.06942396804681494, "x4": 1.9881870465099551, "x5": 1.3460073556129546, "x6": 8.623083847780189, "x7": -6.5191198239787775, "x8": 1.753341556387416, "x9": 1.1039713939165787}, "datetime": {"datetime": "2025-05-14 13:55:51", "elapsed": 1734.057694, "delta": 6.779985}}
{"target": 119.50489690569574, "params": {"x0": 0.8743323695360804, "x1": 3.0672977926793346, "x2": 0.02151836130344653, "x3": 0.06942396809868631, "x4": 1.9881870465806697, "x5": 1.3460073556160284, "x6": 8.623083847831975, "x7": -6.519119823946725, "x8": 1.7533415563877954, "x9": 1.1039713939014926}, "datetime": {"datetime": "2025-05-14 13:55:58", "elapsed": 1740.699562, "delta": 6.641868}}
{"target": 119.50489690569574, "params": {"x0": 0.874332369533393, "x1": 3.067297792527687, "x2": 0.021518361304529134, "x3": 0.06942396804210497, "x4": 1.9881870465035627, "x5": 1.3460073555068428, "x6": 8.623083847789877, "x7": -6.519119824084169, "x8": 1.7533415563707795, "x9": 1.1039713939054254}, "datetime": {"datetime": "2025-05-14 13:56:05", "elapsed": 1747.271898, "delta": 6.572336}}
{"target": 119.50489690569574, "params": {"x0": 0.8743323695356248, "x1": 3.067297792527456, "x2": 0.021518361288571444, "x3": 0.06942396804608293, "x4": 1.9881870464557623, "x5": 1.3460073555154723, "x6": 8.623083847818267, "x7": -6.519119823987809, "x8": 1.753341556382018, "x9": 1.1039713938973725}, "datetime": {"datetime": "2025-05-14 13:56:12", "elapsed": 1754.193226, "delta": 6.921328}}
{"target": 119.50489690569574, "params": {"x0": 0.8743323695350527, "x1": 3.0672977924806237, "x2": 0.021518361204786174, "x3": 0.06942396804576899, "x4": 1.9881870464996172, "x5": 1.3460073554789485, "x6": 8.623083847705479, "x7": -6.519119823976795, "x8": 1.753341556377981, "x9": 1.1039713939009557}, "datetime": {"datetime": "2025-05-14 13:56:19", "elapsed": 1761.145813, "delta": 6.952587}}
{"target": 119.50489690569574, "params": {"x0": 0.8743323695334538, "x1": 3.067297792494079, "x2": 0.02151836124019677, "x3": 0.06942396805833606, "x4": 1.9881870465049312, "x5": 1.3460073553817042, "x6": 8.623083847727953, "x7": -6.51911982421819, "x8": 1.7533415563778978, "x9": 1.1039713938964626}, "datetime": {"datetime": "2025-05-14 13:56:25", "elapsed": 1767.787792, "delta": 6.641979}}
{"target": 119.50489690569574, "params": {"x0": 0.8743323695346847, "x1": 3.0672977925106912, "x2": 0.021518361201134567, "x3": 0.06942396805890576, "x4": 1.9881870465316238, "x5": 1.3460073553986125, "x6": 8.623083847611795, "x7": -6.519119824061406, "x8": 1.7533415563635932, "x9": 1.1039713938980973}, "datetime": {"datetime": "2025-05-14 13:56:33", "elapsed": 1775.107853, "delta": 7.320061}}
{"target": 119.50489690569574, "params": {"x0": 0.8743323695345864, "x1": 3.0672977925084464, "x2": 0.021518361201302173, "x3": 0.06942396803383494, "x4": 1.9881870465674853, "x5": 1.3460073553366567, "x6": 8.623083847684018, "x7": -6.519119824025033, "x8": 1.7533415563677985, "x9": 1.1039713939039553}, "datetime": {"datetime": "2025-05-14 13:56:40", "elapsed": 1782.351243, "delta": 7.24339}}
{"target": 119.50489690569574, "params": {"x0": 0.8743323695348858, "x1": 3.06729779231378, "x2": 0.021518361171604328, "x3": 0.06942396807747606, "x4": 1.988187046597745, "x5": 1.3460073553394891, "x6": 8.62308384769498, "x7": -6.519119824046133, "x8": 1.7533415563722088, "x9": 1.1039713938971087}, "datetime": {"datetime": "2025-05-14 13:56:46", "elapsed": 1788.618477, "delta": 6.267234}}
{"target": 119.50489690569574, "params": {"x0": 0.8743323695346771, "x1": 3.0672977923611535, "x2": 0.021518361170119415, "x3": 0.06942396803604056, "x4": 1.9881870465111038, "x5": 1.346007355306589, "x6": 8.623083847707013, "x7": -6.519119824124289, "x8": 1.753341556367585, "x9": 1.103971393903757}, "datetime": {"datetime": "2025-05-14 13:56:53", "elapsed": 1795.244765, "delta": 6.626288}}
{"target": 119.50489690569574, "params": {"x0": 0.8743323695341353, "x1": 3.067297792457731, "x2": 0.021518361153531704, "x3": 0.06942396803854615, "x4": 1.9881870466206173, "x5": 1.3460073552861513, "x6": 8.623083847692643, "x7": -6.519119824059894, "x8": 1.7533415563679082, "x9": 1.1039713939004772}, "datetime": {"datetime": "2025-05-14 13:57:00", "elapsed": 1802.195281, "delta": 6.950516}}
