{"target": 119.50489690569574, "params": {"x0": 0.8743323695346429, "x1": 3.0672977922891858, "x2": 0.02151836103915527, "x3": 0.06942396806416236, "x4": 1.9881870465672762, "x5": 1.3460073551002563, "x6": 8.62308384755473, "x7": -6.519119824095349, "x8": 1.753341556360402, "x9": 1.1039713938971534}, "datetime": {"datetime": "2025-05-14 16:25:20", "elapsed": 10702.565407, "delta": 22.705344}}
{"target": 119.50489690569574, "params": {"x0": 0.8743323695346429, "x1": 3.0672977922891858, "x2": 0.02151836103915527, "x3": 0.06942396806416236, "x4": 1.9881870465672762, "x5": 1.3460073551002563, "x6": 8.62308384755473, "x7": -6.519119824095349, "x8": 1.753341556360402, "x9": 1.1039713938971534}, "datetime": {"datetime": "2025-05-14 16:25:38", "elapsed": 10721.028463, "delta": 18.463056}}
{"target": 119.50489690569574, "params": {"x0": 0.8743323695346429, "x1": 3.0672977922891858, "x2": 0.02151836103915527, "x3": 0.06942396806416236, "x4": 1.9881870465672762, "x5": 1.3460073551002563, "x6": 8.62308384755473, "x7": -6.519119824095349, "x8": 1.753341556360402, "x9": 1.1039713938971534}, "datetime": {"datetime": "2025-05-14 16:25:57", "elapsed": 10739.968138, "delta": 18.939675}}
{"target": 119.50489690569574, "params": {"x0": 0.8743323695346429, "x1": 3.0672977922891858, "x2": 0.02151836103915527, "x3": 0.06942396806416236, "x4": 1.9881870465672762, "x5": 1.3460073551002563, "x6": 8.62308384755473, "x7": -6.519119824095349, "x8": 1.753341556360402, "x9": 1.1039713938971534}, "datetime": {"datetime": "2025-05-14 16:26:14", "elapsed": 10756.483517, "delta": 16.515379}}
{"target": 119.50489690569574, "params": {"x0": 0.8743323695346429, "x1": 3.0672977922891858, "x2": 0.02151836103915527, "x3": 0.06942396806416236, "x4": 1.9881870465672762, "x5": 1.3460073551002563, "x6": 8.62308384755473, "x7": -6.519119824095349, "x8": 1.753341556360402, "x9": 1.1039713938971534}, "datetime": {"datetime": "2025-05-14 16:26:29", "elapsed": 10771.774022, "delta": 15.290505}}
{"target": 119.50489690569574, "params": {"x0": 0.8743323695346429, "x1": 3.0672977922891858, "x2": 0.02151836103915527, "x3": 0.06942396806416236, "x4": 1.9881870465672762, "x5": 1.3460073551002563, "x6": 8.62308384755473, "x7": -6.519119824095349, "x8": 1.753341556360402, "x9": 1.1039713938971534}, "datetime": {"datetime": "2025-05-14 16:26:46", "elapsed": 10788.801937, "delta": 17.027915}}
{"target": 119.50489690569574, "params": {"x0": 0.8743323695346429, "x1": 3.0672977922891858, "x2": 0.02151836103915527, "x3": 0.06942396806416236, "x4": 1.9881870465672762, "x5": 1.3460073551002563, "x6": 8.62308384755473, "x7": -6.519119824095349, "x8": 1.753341556360402, "x9": 1.1039713938971534}, "datetime": {"datetime": "2025-05-14 16:27:13", "elapsed": 10815.97948, "delta": 27.177543}}
{"target": 119.50489690569574, "params": {"x0": 0.8743323695346429, "x1": 3.0672977922891858, "x2": 0.02151836103915527, "x3": 0.06942396806416236, "x4": 1.9881870465672762, "x5": 1.3460073551002563, "x6": 8.62308384755473, "x7": -6.519119824095349, "x8": 1.753341556360402, "x9": 1.1039713938971534}, "datetime": {"datetime": "2025-05-14 16:27:31", "elapsed": 10834.023725, "delta": 18.044245}}
{"target": 119.50489690569574, "params": {"x0": 0.8743323695346429, "x1": 3.0672977922891858, "x2": 0.02151836103915527, "x3": 0.06942396806416236, "x4": 1.9881870465672762, "x5": 1.3460073551002563, "x6": 8.62308384755473, "x7": -6.519119824095349, "x8": 1.753341556360402, "x9": 1.1039713938971534}, "datetime": {"datetime": "2025-05-14 16:27:51", "elapsed": 10853.109311, "delta": 19.085586}}
{"target": 119.50489690569574, "params": {"x0": 0.8743323695346429, "x1": 3.0672977922891858, "x2": 0.02151836103915527, "x3": 0.06942396806416236, "x4": 1.9881870465672762, "x5": 1.3460073551002563, "x6": 8.62308384755473, "x7": -6.519119824095349, "x8": 1.753341556360402, "x9": 1.1039713938971534}, "datetime": {"datetime": "2025-05-14 16:28:14", "elapsed": 10876.756173, "delta": 23.646862}}
{"target": 119.50489690569574, "params": {"x0": 0.8743323695346429, "x1": 3.0672977922891858, "x2": 0.02151836103915527, "x3": 0.06942396806416236, "x4": 1.9881870465672762, "x5": 1.3460073551002563, "x6": 8.62308384755473, "x7": -6.519119824095349, "x8": 1.753341556360402, "x9": 1.1039713938971534}, "datetime": {"datetime": "2025-05-14 16:28:34", "elapsed": 10896.122871, "delta": 19.366698}}
{"target": 119.50489690569574, "params": {"x0": 0.8743323695346429, "x1": 3.0672977922891858, "x2": 0.02151836103915527, "x3": 0.06942396806416236, "x4": 1.9881870465672762, "x5": 1.3460073551002563, "x6": 8.62308384755473, "x7": -6.519119824095349, "x8": 1.753341556360402, "x9": 1.1039713938971534}, "datetime": {"datetime": "2025-05-14 16:28:48", "elapsed": 10910.451793, "delta": 14.328922}}
{"target": 119.50489690569574, "params": {"x0": 0.8743323695346429, "x1": 3.0672977922891858, "x2": 0.02151836103915527, "x3": 0.06942396806416236, "x4": 1.9881870465672762, "x5": 1.3460073551002563, "x6": 8.62308384755473, "x7": -6.519119824095349, "x8": 1.753341556360402, "x9": 1.1039713938971534}, "datetime": {"datetime": "2025-05-14 16:29:07", "elapsed": 10929.824022, "delta": 19.372229}}
{"target": 119.50489690569574, "params": {"x0": 0.8743323695346429, "x1": 3.0672977922891858, "x2": 0.02151836103915527, "x3": 0.06942396806416236, "x4": 1.9881870465672762, "x5": 1.3460073551002563, "x6": 8.62308384755473, "x7": -6.519119824095349, "x8": 1.753341556360402, "x9": 1.1039713938971534}, "datetime": {"datetime": "2025-05-14 16:29:24", "elapsed": 10946.663056, "delta": 16.839034}}
{"target": 119.50489690569574, "params": {"x0": 0.8743323695346429, "x1": 3.0672977922891858, "x2": 0.02151836103915527, "x3": 0.06942396806416236, "x4": 1.9881870465672762, "x5": 1.3460073551002563, "x6": 8.62308384755473, "x7": -6.519119824095349, "x8": 1.753341556360402, "x9": 1.1039713938971534}, "datetime": {"datetime": "2025-05-14 16:29:43", "elapsed": 10965.195293, "delta": 18.532237}}
{"target": 119.50489690569574, "params": {"x0": 0.8743323695346429, "x1": 3.0672977922891858, "x2": 0.02151836103915527, "x3": 0.06942396806416236, "x4": 1.9881870465672762, "x5": 1.3460073551002563, "x6": 8.62308384755473, "x7": -6.519119824095349, "x8": 1.753341556360402, "x9": 1.1039713938971534}, "datetime": {"datetime": "2025-05-14 16:30:07", "elapsed": 10989.562925, "delta": 24.367632}}
{"target": 119.50489690569574, "params": {"x0": 0.8743323695346429, "x1": 3.0672977922891858, "x2": 0.02151836103915527, "x3": 0.06942396806416236, "x4": 1.9881870465672762, "x5": 1.3460073551002563, "x6": 8.62308384755473, "x7": -6.519119824095349, "x8": 1.753341556360402, "x9": 1.1039713938971534}, "datetime": {"datetime": "2025-05-14 16:30:26", "elapsed": 11008.30637, "delta": 18.743445}}
{"target": 119.50489690569574, "params": {"x0": 0.8743323695346429, "x1": 3.0672977922891858, "x2": 0.02151836103915527, "x3": 0.06942396806416236, "x4": 1.9881870465672762, "x5": 1.3460073551002563, "x6": 8.62308384755473, "x7": -6.519119824095349, "x8": 1.753341556360402, "x9": 1.1039713938971534}, "datetime": {"datetime": "2025-05-14 16:30:43", "elapsed": 11025.093338, "delta": 16.786968}}
{"target": 119.50489690569574, "params": {"x0": 0.8743323695346429, "x1": 3.0672977922891858, "x2": 0.02151836103915527, "x3": 0.06942396806416236, "x4": 1.9881870465672762, "x5": 1.3460073551002563, "x6": 8.62308384755473, "x7": -6.519119824095349, "x8": 1.753341556360402, "x9": 1.1039713938971534}, "datetime": {"datetime": "2025-05-14 16:31:00", "elapsed": 11042.152699, "delta": 17.059361}}
{"target": 119.50489690569574, "params": {"x0": 0.8743323695346429, "x1": 3.0672977922891858, "x2": 0.02151836103915527, "x3": 0.06942396806416236, "x4": 1.9881870465672762, "x5": 1.3460073551002563, "x6": 8.62308384755473, "x7": -6.519119824095349, "x8": 1.753341556360402, "x9": 1.1039713938971534}, "datetime": {"datetime": "2025-05-14 16:31:21", "elapsed": 11063.284469, "delta": 21.13177}}
{"target": 119.50489690569574, "params": {"x0": 0.8743323695346429, "x1": 3.0672977922891858, "x2": 0.02151836103915527, "x3": 0.06942396806416236, "x4": 1.9881870465672762, "x5": 1.3460073551002563, "x6": 8.62308384755473, "x7": -6.519119824095349, "x8": 1.753341556360402, "x9": 1.1039713938971534}, "datetime": {"datetime": "2025-05-14 16:31:38", "elapsed": 11080.667899, "delta": 17.38343}}
{"target": 119.50489690569574, "params": {"x0": 0.8743323695346429, "x1": 3.0672977922891858, "x2": 0.02151836103915527, "x3": 0.06942396806416236, "x4": 1.9881870465672762, "x5": 1.3460073551002563, "x6": 8.62308384755473, "x7": -6.519119824095349, "x8": 1.753341556360402, "x9": 1.1039713938971534}, "datetime": {"datetime": "2025-05-14 16:31:55", "elapsed": 11097.936556, "delta": 17.268657}}
{"target": 119.50489690569574, "params": {"x0": 0.8743323695346429, "x1": 3.0672977922891858, "x2": 0.02151836103915527, "x3": 0.06942396806416236, "x4": 1.9881870465672762, "x5": 1.3460073551002563, "x6": 8.62308384755473, "x7": -6.519119824095349, "x8": 1.753341556360402, "x9": 1.1039713938971534}, "datetime": {"datetime": "2025-05-14 16:32:16", "elapsed": 11118.1125, "delta": 20.175944}}
{"target": 119.50489690569574, "params": {"x0": 0.8743323695346429, "x1": 3.0672977922891858, "x2": 0.02151836103915527, "x3": 0.06942396806416236, "x4": 1.9881870465672762, "x5": 1.3460073551002563, "x6": 8.62308384755473, "x7": -6.519119824095349, "x8": 1.753341556360402, "x9": 1.1039713938971534}, "datetime": {"datetime": "2025-05-14 16:32:33", "elapsed": 11135.16861, "delta": 17.05611}}
{"target": 119.50489690569574, "params": {"x0": 0.8743323695346429, "x1": 3.0672977922891858, "x2": 0.02151836103915527, "x3": 0.06942396806416236, "x4": 1.9881870465672762, "x5": 1.3460073551002563, "x6": 8.62308384755473, "x7": -6.519119824095349, "x8": 1.753341556360402, "x9": 1.1039713938971534}, "datetime": {"datetime": "2025-05-14 16:32:53", "elapsed": 11156.015421, "delta": 20.846811}}
{"target": 119.50489690569574, "params": {"x0": 0.8743323695346429, "x1": 3.0672977922891858, "x2": 0.02151836103915527, "x3": 0.06942396806416236, "x4": 1.9881870465672762, "x5": 1.3460073551002563, "x6": 8.62308384755473, "x7": -6.519119824095349, "x8": 1.753341556360402, "x9": 1.1039713938971534}, "datetime": {"datetime": "2025-05-14 16:33:08", "elapsed": 11170.457353, "delta": 14.441932}}
{"target": 119.50489690569574, "params": {"x0": 0.8743323695346429, "x1": 3.0672977922891858, "x2": 0.02151836103915527, "x3": 0.06942396806416236, "x4": 1.9881870465672762, "x5": 1.3460073551002563, "x6": 8.62308384755473, "x7": -6.519119824095349, "x8": 1.753341556360402, "x9": 1.1039713938971534}, "datetime": {"datetime": "2025-05-14 16:33:42", "elapsed": 11204.866714, "delta": 34.409361}}
{"target": 119.50489690569574, "params": {"x0": 0.8743323695346429, "x1": 3.0672977922891858, "x2": 0.02151836103915527, "x3": 0.06942396806416236, "x4": 1.9881870465672762, "x5": 1.3460073551002563, "x6": 8.62308384755473, "x7": -6.519119824095349, "x8": 1.753341556360402, "x9": 1.1039713938971534}, "datetime": {"datetime": "2025-05-14 16:33:56", "elapsed": 11218.935787, "delta": 14.069073}}
{"target": 119.50489690569574, "params": {"x0": 0.8743323695346429, "x1": 3.0672977922891858, "x2": 0.02151836103915527, "x3": 0.06942396806416236, "x4": 1.9881870465672762, "x5": 1.3460073551002563, "x6": 8.62308384755473, "x7": -6.519119824095349, "x8": 1.753341556360402, "x9": 1.1039713938971534}, "datetime": {"datetime": "2025-05-14 16:34:19", "elapsed": 11241.300108, "delta": 22.364321}}
{"target": 119.50489690569574, "params": {"x0": 0.8743323695346429, "x1": 3.0672977922891858, "x2": 0.02151836103915527, "x3": 0.06942396806416236, "x4": 1.9881870465672762, "x5": 1.3460073551002563, "x6": 8.62308384755473, "x7": -6.519119824095349, "x8": 1.753341556360402, "x9": 1.1039713938971534}, "datetime": {"datetime": "2025-05-14 16:34:38", "elapsed": 11260.68745, "delta": 19.387342}}
{"target": 119.50489690569574, "params": {"x0": 0.8743323695346429, "x1": 3.0672977922891858, "x2": 0.02151836103915527, "x3": 0.06942396806416236, "x4": 1.9881870465672762, "x5": 1.3460073551002563, "x6": 8.62308384755473, "x7": -6.519119824095349, "x8": 1.753341556360402, "x9": 1.1039713938971534}, "datetime": {"datetime": "2025-05-14 16:35:07", "elapsed": 11289.649702, "delta": 28.962252}}
{"target": 119.50489690569574, "params": {"x0": 0.8743323695346429, "x1": 3.0672977922891858, "x2": 0.02151836103915527, "x3": 0.06942396806416236, "x4": 1.9881870465672762, "x5": 1.3460073551002563, "x6": 8.62308384755473, "x7": -6.519119824095349, "x8": 1.753341556360402, "x9": 1.1039713938971534}, "datetime": {"datetime": "2025-05-14 16:35:26", "elapsed": 11308.862561, "delta": 19.212859}}
{"target": 119.50489690569574, "params": {"x0": 0.8743323695346429, "x1": 3.0672977922891858, "x2": 0.02151836103915527, "x3": 0.06942396806416236, "x4": 1.9881870465672762, "x5": 1.3460073551002563, "x6": 8.62308384755473, "x7": -6.519119824095349, "x8": 1.753341556360402, "x9": 1.1039713938971534}, "datetime": {"datetime": "2025-05-14 16:35:54", "elapsed": 11336.884895, "delta": 28.022334}}
{"target": 119.50489690569574, "params": {"x0": 0.8743323695346429, "x1": 3.0672977922891858, "x2": 0.02151836103915527, "x3": 0.06942396806416236, "x4": 1.9881870465672762, "x5": 1.3460073551002563, "x6": 8.62308384755473, "x7": -6.519119824095349, "x8": 1.753341556360402, "x9": 1.1039713938971534}, "datetime": {"datetime": "2025-05-14 16:36:12", "elapsed": 11354.950292, "delta": 18.065397}}
{"target": 119.50489690569574, "params": {"x0": 0.8743323695346429, "x1": 3.0672977922891858, "x2": 0.02151836103915527, "x3": 0.06942396806416236, "x4": 1.9881870465672762, "x5": 1.3460073551002563, "x6": 8.62308384755473, "x7": -6.519119824095349, "x8": 1.753341556360402, "x9": 1.1039713938971534}, "datetime": {"datetime": "2025-05-14 16:36:38", "elapsed": 11380.392992, "delta": 25.4427}}
{"target": 119.50489690569574, "params": {"x0": 0.8743323695346429, "x1": 3.0672977922891858, "x2": 0.02151836103915527, "x3": 0.06942396806416236, "x4": 1.9881870465672762, "x5": 1.3460073551002563, "x6": 8.62308384755473, "x7": -6.519119824095349, "x8": 1.753341556360402, "x9": 1.1039713938971534}, "datetime": {"datetime": "2025-05-14 16:37:01", "elapsed": 11403.222526, "delta": 22.829534}}
{"target": 119.50489690569574, "params": {"x0": 0.8743323695346429, "x1": 3.0672977922891858, "x2": 0.02151836103915527, "x3": 0.06942396806416236, "x4": 1.9881870465672762, "x5": 1.3460073551002563, "x6": 8.62308384755473, "x7": -6.519119824095349, "x8": 1.753341556360402, "x9": 1.1039713938971534}, "datetime": {"datetime": "2025-05-14 16:37:21", "elapsed": 11423.513381, "delta": 20.290855}}
{"target": 119.50489690569574, "params": {"x0": 0.8743323695346429, "x1": 3.0672977922891858, "x2": 0.02151836103915527, "x3": 0.06942396806416236, "x4": 1.9881870465672762, "x5": 1.3460073551002563, "x6": 8.62308384755473, "x7": -6.519119824095349, "x8": 1.753341556360402, "x9": 1.1039713938971534}, "datetime": {"datetime": "2025-05-14 16:37:38", "elapsed": 11440.538983, "delta": 17.025602}}
{"target": 119.50489690569574, "params": {"x0": 0.8743323695346429, "x1": 3.0672977922891858, "x2": 0.02151836103915527, "x3": 0.06942396806416236, "x4": 1.9881870465672762, "x5": 1.3460073551002563, "x6": 8.62308384755473, "x7": -6.519119824095349, "x8": 1.753341556360402, "x9": 1.1039713938971534}, "datetime": {"datetime": "2025-05-14 16:38:00", "elapsed": 11462.507161, "delta": 21.968178}}
{"target": 119.50489690569574, "params": {"x0": 0.8743323695346429, "x1": 3.0672977922891858, "x2": 0.02151836103915527, "x3": 0.06942396806416236, "x4": 1.9881870465672762, "x5": 1.3460073551002563, "x6": 8.62308384755473, "x7": -6.519119824095349, "x8": 1.753341556360402, "x9": 1.1039713938971534}, "datetime": {"datetime": "2025-05-14 16:38:18", "elapsed": 11480.388726, "delta": 17.881565}}
{"target": 119.50489690569574, "params": {"x0": 0.8743323695346429, "x1": 3.0672977922891858, "x2": 0.02151836103915527, "x3": 0.06942396806416236, "x4": 1.9881870465672762, "x5": 1.3460073551002563, "x6": 8.62308384755473, "x7": -6.519119824095349, "x8": 1.753341556360402, "x9": 1.1039713938971534}, "datetime": {"datetime": "2025-05-14 16:38:38", "elapsed": 11500.562708, "delta": 20.173982}}
{"target": 119.50489690569574, "params": {"x0": 0.8743323695346429, "x1": 3.0672977922891858, "x2": 0.02151836103915527, "x3": 0.06942396806416236, "x4": 1.9881870465672762, "x5": 1.3460073551002563, "x6": 8.62308384755473, "x7": -6.519119824095349, "x8": 1.753341556360402, "x9": 1.1039713938971534}, "datetime": {"datetime": "2025-05-14 16:38:58", "elapsed": 11520.516972, "delta": 19.954264}}
{"target": 119.50489690569574, "params": {"x0": 0.8743323695346429, "x1": 3.0672977922891858, "x2": 0.02151836103915527, "x3": 0.06942396806416236, "x4": 1.9881870465672762, "x5": 1.3460073551002563, "x6": 8.62308384755473, "x7": -6.519119824095349, "x8": 1.753341556360402, "x9": 1.1039713938971534}, "datetime": {"datetime": "2025-05-14 16:39:19", "elapsed": 11541.554615, "delta": 21.037643}}
{"target": 119.50489690569574, "params": {"x0": 0.8743323695346429, "x1": 3.0672977922891858, "x2": 0.02151836103915527, "x3": 0.06942396806416236, "x4": 1.9881870465672762, "x5": 1.3460073551002563, "x6": 8.62308384755473, "x7": -6.519119824095349, "x8": 1.753341556360402, "x9": 1.1039713938971534}, "datetime": {"datetime": "2025-05-14 16:39:44", "elapsed": 11566.109674, "delta": 24.555059}}
{"target": 119.50489690569574, "params": {"x0": 0.8743323695346429, "x1": 3.0672977922891858, "x2": 0.02151836103915527, "x3": 0.06942396806416236, "x4": 1.9881870465672762, "x5": 1.3460073551002563, "x6": 8.62308384755473, "x7": -6.519119824095349, "x8": 1.753341556360402, "x9": 1.1039713938971534}, "datetime": {"datetime": "2025-05-14 16:40:07", "elapsed": 11589.7463, "delta": 23.636626}}
{"target": 119.50489690569574, "params": {"x0": 0.8743323695346429, "x1": 3.0672977922891858, "x2": 0.02151836103915527, "x3": 0.06942396806416236, "x4": 1.9881870465672762, "x5": 1.3460073551002563, "x6": 8.62308384755473, "x7": -6.519119824095349, "x8": 1.753341556360402, "x9": 1.1039713938971534}, "datetime": {"datetime": "2025-05-14 16:40:34", "elapsed": 11616.381582, "delta": 26.635282}}
{"target": 119.50489690569574, "params": {"x0": 0.8743323695346429, "x1": 3.0672977922891858, "x2": 0.02151836103915527, "x3": 0.06942396806416236, "x4": 1.9881870465672762, "x5": 1.3460073551002563, "x6": 8.62308384755473, "x7": -6.519119824095349, "x8": 1.753341556360402, "x9": 1.1039713938971534}, "datetime": {"datetime": "2025-05-14 16:40:52", "elapsed": 11634.27201, "delta": 17.890428}}
{"target": 119.50489690569574, "params": {"x0": 0.8743323695346429, "x1": 3.0672977922891858, "x2": 0.02151836103915527, "x3": 0.06942396806416236, "x4": 1.9881870465672762, "x5": 1.3460073551002563, "x6": 8.62308384755473, "x7": -6.519119824095349, "x8": 1.753341556360402, "x9": 1.1039713938971534}, "datetime": {"datetime": "2025-05-14 16:41:16", "elapsed": 11658.998543, "delta": 24.726533}}
{"target": 119.50489690569574, "params": {"x0": 0.8743323695346429, "x1": 3.0672977922891858, "x2": 0.02151836103915527, "x3": 0.06942396806416236, "x4": 1.9881870465672762, "x5": 1.3460073551002563, "x6": 8.62308384755473, "x7": -6.519119824095349, "x8": 1.753341556360402, "x9": 1.1039713938971534}, "datetime": {"datetime": "2025-05-14 16:41:45", "elapsed": 11687.968896, "delta": 28.970353}}
{"target": 119.50489690569574, "params": {"x0": 0.8743323695346429, "x1": 3.0672977922891858, "x2": 0.02151836103915527, "x3": 0.06942396806416236, "x4": 1.9881870465672762, "x5": 1.3460073551002563, "x6": 8.62308384755473, "x7": -6.519119824095349, "x8": 1.753341556360402, "x9": 1.1039713938971534}, "datetime": {"datetime": "2025-05-14 16:42:04", "elapsed": 11706.581779, "delta": 18.612883}}
{"target": 119.50489690569574, "params": {"x0": 0.8743323695346429, "x1": 3.0672977922891858, "x2": 0.02151836103915527, "x3": 0.06942396806416236, "x4": 1.9881870465672762, "x5": 1.3460073551002563, "x6": 8.62308384755473, "x7": -6.519119824095349, "x8": 1.753341556360402, "x9": 1.1039713938971534}, "datetime": {"datetime": "2025-05-14 16:42:27", "elapsed": 11729.606289, "delta": 23.02451}}
{"target": 119.50489690569574, "params": {"x0": 0.8743323695346429, "x1": 3.0672977922891858, "x2": 0.02151836103915527, "x3": 0.06942396806416236, "x4": 1.9881870465672762, "x5": 1.3460073551002563, "x6": 8.62308384755473, "x7": -6.519119824095349, "x8": 1.753341556360402, "x9": 1.1039713938971534}, "datetime": {"datetime": "2025-05-14 16:42:48", "elapsed": 11750.725013, "delta": 21.118724}}
{"target": 119.50489690569574, "params": {"x0": 0.8743323695346429, "x1": 3.0672977922891858, "x2": 0.02151836103915527, "x3": 0.06942396806416236, "x4": 1.9881870465672762, "x5": 1.3460073551002563, "x6": 8.62308384755473, "x7": -6.519119824095349, "x8": 1.753341556360402, "x9": 1.1039713938971534}, "datetime": {"datetime": "2025-05-14 16:43:11", "elapsed": 11773.678088, "delta": 22.953075}}
{"target": 119.50489690569574, "params": {"x0": 0.8743323695346429, "x1": 3.0672977922891858, "x2": 0.02151836103915527, "x3": 0.06942396806416236, "x4": 1.9881870465672762, "x5": 1.3460073551002563, "x6": 8.62308384755473, "x7": -6.519119824095349, "x8": 1.753341556360402, "x9": 1.1039713938971534}, "datetime": {"datetime": "2025-05-14 16:43:37", "elapsed": 11799.266328, "delta": 25.58824}}
{"target": 119.50489690569574, "params": {"x0": 0.8743323695346429, "x1": 3.0672977922891858, "x2": 0.02151836103915527, "x3": 0.06942396806416236, "x4": 1.9881870465672762, "x5": 1.3460073551002563, "x6": 8.62308384755473, "x7": -6.519119824095349, "x8": 1.753341556360402, "x9": 1.1039713938971534}, "datetime": {"datetime": "2025-05-14 16:44:02", "elapsed": 11825.01778, "delta": 25.751452}}
