{"target": 51.045210516396324, "params": {"x0": 0.8, "x1": 2.623603619187242, "x2": 0.0, "x3": 0.0, "x4": 1.0832399862043034, "x5": 0.0, "x6": 4.833499970075076, "x7": -7.798484575636806, "x8": 2.0, "x9": 1.0}, "datetime": {"datetime": "2025-05-14 13:33:03", "elapsed": 365.436693, "delta": 6.274389}}
{"target": 24.052925313670087, "params": {"x0": 0.8, "x1": 3.731310294622431, "x2": 0.0, "x3": 0.0, "x4": 2.3683732929040398, "x5": 0.0, "x6": 5.645774268071785, "x7": -5.56533920484354, "x8": 1.9144105915473935, "x9": 1.0}, "datetime": {"datetime": "2025-05-14 13:33:09", "elapsed": 371.667845, "delta": 6.231152}}
{"target": 37.66651207606867, "params": {"x0": 0.8, "x1": 1.2903449370180207, "x2": 0.6309153184432014, "x3": 0.0, "x4": 1.1623433060607626, "x5": 0.6082912017595293, "x6": 5.830531141831475, "x7": -6.592342310748756, "x8": 2.0, "x9": 1.2095904226836218}, "datetime": {"datetime": "2025-05-14 13:33:15", "elapsed": 377.720167, "delta": 6.052322}}
{"target": 68.06554252011806, "params": {"x0": 0.8635912513052468, "x1": 2.9107892787321794, "x2": 0.3459695297923218, "x3": 0.09717985155288303, "x4": 1.7303108086120076, "x5": 0.4858327969067073, "x6": 6.332077513255961, "x7": -7.42783192389615, "x8": 1.9518344111688464, "x9": 1.0}, "datetime": {"datetime": "2025-05-14 13:33:21", "elapsed": 383.953007, "delta": 6.23284}}
{"target": 47.29618493095493, "params": {"x0": 0.8095386876957871, "x1": 2.5161746023964, "x2": 0.0, "x3": 0.9774611651284575, "x4": 2.100311942546458, "x5": 0.0, "x6": 6.149257138178399, "x7": -7.458161379696718, "x8": 2.0, "x9": 1.0}, "datetime": {"datetime": "2025-05-14 13:33:28", "elapsed": 390.602635, "delta": 6.649628}}
{"target": 75.65077257167766, "params": {"x0": 0.9122385585537606, "x1": 2.928297310374333, "x2": 0.0, "x3": 0.0, "x4": 0.8621857906558352, "x5": 0.12051617952776948, "x6": 6.493815294966595, "x7": -6.8682452831040335, "x8": 1.722772301011736, "x9": 1.0}, "datetime": {"datetime": "2025-05-14 13:33:34", "elapsed": 397.028254, "delta": 6.425619}}
{"target": 56.7423326360561, "params": {"x0": 0.9535887697149973, "x1": 3.142595299360559, "x2": 0.0, "x3": 0.0, "x4": 0.752855157967613, "x5": 1.29491683041649, "x6": 6.162307489664084, "x7": -6.776773718565376, "x8": 1.9174750946452797, "x9": 1.0}, "datetime": {"datetime": "2025-05-14 13:33:41", "elapsed": 403.430582, "delta": 6.402328}}
{"target": 95.37015137524129, "params": {"x0": 0.8750233685086475, "x1": 2.8909754975820054, "x2": 0.5147803595461972, "x3": 0.0, "x4": 1.2223392412311103, "x5": 0.0, "x6": 7.526962648585965, "x7": -6.812474095844715, "x8": 1.8980048152819253, "x9": 1.0}, "datetime": {"datetime": "2025-05-14 13:33:47", "elapsed": 409.827063, "delta": 6.396481}}
{"target": 76.70462303738019, "params": {"x0": 0.8433904569703013, "x1": 3.3821288287249476, "x2": 1.1257830044682327, "x3": 0.0, "x4": 0.5537050479192728, "x5": 0.0, "x6": 8.029143965803854, "x7": -7.160971898703892, "x8": 2.0, "x9": 1.0}, "datetime": {"datetime": "2025-05-14 13:33:54", "elapsed": 416.497802, "delta": 6.670739}}
{"target": 94.78379160562949, "params": {"x0": 0.846553748124136, "x1": 2.803668450383028, "x2": 0.0, "x3": 0.0, "x4": 1.1405273719404452, "x5": 0.0, "x6": 8.481851919297352, "x7": -6.449038439941923, "x8": 1.7639519418652305, "x9": 1.0}, "datetime": {"datetime": "2025-05-14 13:34:00", "elapsed": 422.70457, "delta": 6.206768}}
{"target": 96.48730164062692, "params": {"x0": 0.9006460268547078, "x1": 3.1696723268093434, "x2": 0.0, "x3": 0.0, "x4": 1.6879866823883045, "x5": 0.0, "x6": 8.343659092439804, "x7": -7.506773079145184, "x8": 1.7773572292069, "x9": 1.0}, "datetime": {"datetime": "2025-05-14 13:34:07", "elapsed": 429.15805, "delta": 6.45348}}
{"target": 52.96975451200235, "params": {"x0": 0.9224252864488591, "x1": 3.662613089725896, "x2": 0.5245323923454853, "x3": 0.0, "x4": 2.085704045466716, "x5": 0.0, "x6": 8.604828345159493, "x7": -6.506041693644044, "x8": 1.6748067810431284, "x9": 1.0}, "datetime": {"datetime": "2025-05-14 13:34:13", "elapsed": 435.515166, "delta": 6.357116}}
{"target": 84.01308714520366, "params": {"x0": 0.8810446932199717, "x1": 2.690612896348736, "x2": 0.0, "x3": 0.0, "x4": 1.2702499230084816, "x5": 0.8765167994269966, "x6": 8.385370320067036, "x7": -7.6119947682372775, "x8": 1.8696526325542944, "x9": 1.0}, "datetime": {"datetime": "2025-05-14 13:34:19", "elapsed": 441.813824, "delta": 6.298658}}
{"target": 85.27301980434164, "params": {"x0": 0.8830048265834454, "x1": 2.7385188393947963, "x2": 0.0, "x3": 0.0, "x4": 1.312023598946464, "x5": 0.0, "x6": 7.8272184288614355, "x7": -8.102063080167017, "x8": 1.694291366194245, "x9": 1.0}, "datetime": {"datetime": "2025-05-14 13:34:25", "elapsed": 447.871144, "delta": 6.05732}}
{"target": 90.00268122682513, "params": {"x0": 0.9165231070988441, "x1": 2.781634188136251, "x2": 0.0, "x3": 0.455463355918864, "x4": 1.349619907290648, "x5": 0.0, "x6": 8.203624552427627, "x7": -7.132898486463469, "x8": 1.8521165059182896, "x9": 1.061964459309761}, "datetime": {"datetime": "2025-05-14 13:34:32", "elapsed": 454.264291, "delta": 6.393147}}
{"target": 79.64638491815722, "params": {"x0": 0.8863566546349853, "x1": 2.82043800200356, "x2": 0.0, "x3": 0.0, "x4": 1.3834565848004137, "x5": 0.0, "x6": 9.11005628992683, "x7": -7.765405549758719, "x8": 1.8446405782471504, "x9": 1.0}, "datetime": {"datetime": "2025-05-14 13:34:38", "elapsed": 460.944128, "delta": 6.679837}}
{"target": 57.91607226643133, "params": {"x0": 0.8877855918569575, "x1": 3.483983219134548, "x2": 0.0, "x3": 0.0, "x4": 1.4139095945592026, "x5": 0.0, "x6": 7.723537903240133, "x7": -7.205029901051293, "x8": 1.8379122433431254, "x9": 1.0}, "datetime": {"datetime": "2025-05-14 13:34:45", "elapsed": 467.437572, "delta": 6.493444}}
{"target": 96.53548140543877, "params": {"x0": 0.8890716353567325, "x1": 2.886792523716659, "x2": 0.2787580191204771, "x3": 0.0, "x4": 1.934656061434496, "x5": 0.2694108658299788, "x6": 8.319615512876466, "x7": -7.580493349732735, "x8": 1.722857716484297, "x9": 1.0451720908368158}, "datetime": {"datetime": "2025-05-14 13:34:51", "elapsed": 473.776395, "delta": 6.338823}}
{"target": 78.16520834803315, "params": {"x0": 0.8792334025834535, "x1": 2.6463446910878776, "x2": 0.5157023353728827, "x3": 0.0, "x4": 1.7249870892452333, "x5": 0.0, "x6": 8.356337015661579, "x7": -6.996349335011798, "x8": 1.6765331306700846, "x9": 1.0067758136255223}, "datetime": {"datetime": "2025-05-14 13:34:57", "elapsed": 479.939841, "delta": 6.163446}}
{"target": 84.49551985693304, "params": {"x0": 0.8979260448526837, "x1": 3.1031955730825627, "x2": 0.06550813449331211, "x3": 0.26894655703653003, "x4": 2.123358136404833, "x5": 0.0, "x6": 8.554445612243223, "x7": -8.106222962981578, "x8": 1.7645498437170883, "x9": 1.0106154413466517}, "datetime": {"datetime": "2025-05-14 13:35:04", "elapsed": 486.175351, "delta": 6.23551}}
{"target": 86.46667010553666, "params": {"x0": 0.8970406039030885, "x1": 2.692029779287346, "x2": 0.0868331229560286, "x3": 0.0, "x4": 2.104487928907799, "x5": 0.7397458717567093, "x6": 7.868039396704667, "x7": -8.053650001656694, "x8": 1.7603806309938093, "x9": 1.0140711062956682}, "datetime": {"datetime": "2025-05-14 13:35:10", "elapsed": 492.614672, "delta": 6.439321}}
{"target": 108.71551509564517, "params": {"x0": 0.8818995636650121, "x1": 3.062078993703041, "x2": 0.10602561257247345, "x3": 0.0, "x4": 2.0875047421604687, "x5": 0.6927123711640362, "x6": 8.726034017431084, "x7": -7.360180657012363, "x8": 1.756628339542858, "x9": 1.0731629769238489}, "datetime": {"datetime": "2025-05-14 13:35:17", "elapsed": 499.072966, "delta": 6.458294}}
{"target": 99.21908937522677, "params": {"x0": 0.8879958246029744, "x1": 3.2110724931914656, "x2": 0.0, "x3": 0.1960620400796304, "x4": 2.2174261207775454, "x5": 1.052518650697985, "x6": 9.071489746302511, "x7": -7.732421910434751, "x8": 1.727923309943081, "x9": 1.096955230097827}, "datetime": {"datetime": "2025-05-14 13:35:23", "elapsed": 505.125757, "delta": 6.052791}}
{"target": 111.08033747235984, "params": {"x0": 0.876412928820846, "x1": 2.9279848441634586, "x2": 0.0, "x3": 0.17645583607166737, "x4": 2.204433982915838, "x5": 1.0165380227445902, "x6": 8.415123861446801, "x7": -7.025163528932214, "x8": 1.782462866182657, "x9": 1.0945760047804292}, "datetime": {"datetime": "2025-05-14 13:35:29", "elapsed": 511.1016, "delta": 5.975843}}
{"target": 99.2637590907994, "params": {"x0": 0.8810765684383872, "x1": 2.8140048170548138, "x2": 0.0, "x3": 0.026468375410750117, "x4": 2.3038238375579017, "x5": 1.291789826588061, "x6": 8.679397494033442, "x7": -6.740398970064087, "x8": 1.8044222138264863, "x9": 1.076374931102336}, "datetime": {"datetime": "2025-05-14 13:35:35", "elapsed": 517.442065, "delta": 6.340465}}
{"target": 110.26553391783568, "params": {"x0": 0.8722156531650589, "x1": 3.030566868561239, "x2": 0.10226248315170916, "x3": 0.04146712147684184, "x4": 2.2938848520936954, "x5": 1.264264646203714, "x6": 8.177277592118825, "x7": -7.281451631913528, "x8": 1.8022262790621033, "x9": 1.110956971090713}, "datetime": {"datetime": "2025-05-14 13:35:41", "elapsed": 523.716848, "delta": 6.274783}}
{"target": 102.81449124134755, "params": {"x0": 0.8726353807306376, "x1": 3.020308666121461, "x2": 0.09203623483653825, "x3": 0.29794567920701037, "x4": 2.1239282006557665, "x5": 1.2394919838578016, "x6": 8.600432696366598, "x7": -7.255822821615396, "x8": 1.7646757945911553, "x9": 1.1093188744596847}, "datetime": {"datetime": "2025-05-14 13:35:47", "elapsed": 529.9941, "delta": 6.277252}}
{"target": 103.39008389354558, "params": {"x0": 0.8730131355396584, "x1": 2.8448934044012564, "x2": 0.0, "x3": 0.06711497724985868, "x4": 2.2768891869499024, "x5": 0.8158794577427, "x6": 8.447821391630164, "x7": -7.232756892347078, "x8": 1.7984712306150084, "x9": 1.107844587491759}, "datetime": {"datetime": "2025-05-14 13:35:53", "elapsed": 536.054722, "delta": 6.060622}}
{"target": 112.6583921414353, "params": {"x0": 0.8794727427739147, "x1": 3.0027671399494404, "x2": 0.0, "x3": 0.07804906313203955, "x4": 2.1392242992851798, "x5": 1.1971307312462913, "x6": 8.241733931106706, "x7": -6.838329501858835, "x8": 1.7680553381935404, "x9": 1.106517729220626}, "datetime": {"datetime": "2025-05-14 13:36:00", "elapsed": 542.271901, "delta": 6.217179}}
{"target": 100.34484429292677, "params": {"x0": 0.8768719009138063, "x1": 3.066332091367525, "x2": 0.0670944151958364, "x3": 0.1616948201307232, "x4": 2.194652530371239, "x5": 1.0436269290198452, "x6": 8.094352490317625, "x7": -6.679520578846464, "x8": 1.7803017369842893, "x9": 1.0963672634464587}, "datetime": {"datetime": "2025-05-14 13:36:06", "elapsed": 548.374168, "delta": 6.102267}}
{"target": 112.60632989729824, "params": {"x0": 0.8818135004480123, "x1": 3.0599755962257165, "x2": 0.0, "x3": 0.0027678818332242533, "x4": 2.0893388913077264, "x5": 1.05897730924249, "x6": 8.374377227816879, "x7": -6.98125753256997, "x8": 1.7570335792818663, "x9": 1.0973823100238753}, "datetime": {"datetime": "2025-05-14 13:36:12", "elapsed": 554.516697, "delta": 6.142529}}
{"target": 109.5841826857801, "params": {"x0": 0.8815794246806026, "x1": 2.951279529300792, "x2": 0.0, "x3": 0.14580212630097333, "x4": 2.0943274321054717, "x5": 1.3214688110497126, "x6": 8.12235496406755, "x7": -6.966964729498856, "x8": 1.7581357551730339, "x9": 1.0982958519435504}, "datetime": {"datetime": "2025-05-14 13:36:18", "elapsed": 560.632727, "delta": 6.11603}}
{"target": 110.09452052043963, "params": {"x0": 0.8813687564899338, "x1": 3.049105989533224, "x2": 0.0, "x3": 0.13902681998407995, "x4": 2.179631479746917, "x5": 1.3090350030693705, "x6": 8.349175001441946, "x7": -6.933169587128442, "x8": 1.7769829629119964, "x9": 1.113917418769994}, "datetime": {"datetime": "2025-05-14 13:36:24", "elapsed": 566.824083, "delta": 6.191356}}
{"target": 112.25563665110731, "params": {"x0": 0.8811791551183319, "x1": 2.9610621753240354, "x2": 0.04402064580998827, "x3": 0.02316908196520319, "x4": 2.1028578368696165, "x5": 1.2119230804468892, "x6": 8.33485269943879, "x7": -6.942524036247252, "x8": 1.7760902004401509, "x9": 1.1131774498150573}, "datetime": {"datetime": "2025-05-14 13:36:30", "elapsed": 572.911814, "delta": 6.087731}}
{"target": 110.81632176404028, "params": {"x0": 0.8810085138838902, "x1": 2.9652326717865756, "x2": 0.0, "x3": 0.028657080081886825, "x4": 2.171954115459187, "x5": 1.1348387497713806, "x6": 8.154706664135162, "x7": -6.93210458280841, "x8": 1.760823962171591, "x9": 1.1125114777556142}, "datetime": {"datetime": "2025-05-14 13:36:37", "elapsed": 579.168601, "delta": 6.256787}}
{"target": 112.78480116086803, "params": {"x0": 0.8780905487749369, "x1": 2.9689861186028623, "x2": 0.0, "x3": 0.122501847877177, "x4": 2.109767464728573, "x5": 1.1155525170872667, "x6": 8.320058471381095, "x7": -6.753931929004217, "x8": 1.761547099773786, "x9": 1.1119121029021153}, "datetime": {"datetime": "2025-05-14 13:36:43", "elapsed": 585.617854, "delta": 6.449253}}
{"target": 114.5288167913577, "params": {"x0": 0.8769156838758057, "x1": 2.940272250458271, "x2": 0.0, "x3": 0.08471698084381016, "x4": 2.0847291553554577, "x5": 1.1848939991224376, "x6": 8.386634330614326, "x7": -6.682193992077792, "x8": 1.7560150971169948, "x9": 1.1073268852728493}, "datetime": {"datetime": "2025-05-14 13:36:49", "elapsed": 591.819575, "delta": 6.201721}}
{"target": 113.2794714685123, "params": {"x0": 0.8757408189766744, "x1": 2.9115583823136792, "x2": 0.0, "x3": 0.05826757392045337, "x4": 2.059690845982342, "x5": 1.2334330365470574, "x6": 8.320058471381095, "x7": -6.610456055151367, "x8": 1.761547099773786, "x9": 1.1041172329323632}, "datetime": {"datetime": "2025-05-14 13:36:56", "elapsed": 598.077722, "delta": 6.258147}}
{"target": 115.11403267555237, "params": {"x0": 0.8758583054665876, "x1": 2.9661147317884033, "x2": 0.0, "x3": 0.06091251461278905, "x4": 2.0621946769196535, "x5": 1.1412088654402799, "x6": 8.446552603924234, "x7": -6.617629848844009, "x8": 1.7510362947258826, "x9": 1.1044381981664118}, "datetime": {"datetime": "2025-05-14 13:37:02", "elapsed": 604.21995, "delta": 6.142228}}
{"target": 115.9482823692571, "params": {"x0": 0.8749595338187522, "x1": 2.988080840919016, "x2": 0.0, "x3": 0.081146310909157, "x4": 2.04304037024922, "x5": 1.178341229070114, "x6": 8.497483136237655, "x7": -6.672509370592724, "x8": 1.7552682767583279, "x9": 1.1019828141259398}, "datetime": {"datetime": "2025-05-14 13:37:08", "elapsed": 610.38242, "delta": 6.16247}}
{"target": 115.02400319514818, "params": {"x0": 0.8740607621709169, "x1": 2.9661147317884033, "x2": 0.0, "x3": 0.06698265350169945, "x4": 2.0238860635787868, "x5": 1.1523485745292303, "x6": 8.548413668551076, "x7": -6.710925035816825, "x8": 1.752305889335616, "x9": 1.0995274300854678}, "datetime": {"datetime": "2025-05-14 13:37:14", "elapsed": 616.558814, "delta": 6.176394}}
{"target": 115.96375060525942, "params": {"x0": 0.8741506393357004, "x1": 3.007850339136567, "x2": 0.018949444584223842, "x3": 0.09389360257586879, "x4": 2.02580149424583, "x5": 1.2017346181569095, "x6": 8.451645657155575, "x7": -6.637935271891034, "x8": 1.7526021280778874, "x9": 1.099772968489515}, "datetime": {"datetime": "2025-05-14 13:37:20", "elapsed": 622.560049, "delta": 6.001235}}
{"target": 116.22628424769353, "params": {"x0": 0.8748381996462944, "x1": 3.024654412621486, "x2": 0.0028424166876335755, "x3": 0.10472880049257381, "x4": 2.0111484496429486, "x5": 1.2216189988806856, "x6": 8.490607514375343, "x7": -6.608547287994597, "x8": 1.750335901699513, "x9": 1.097894599698554}, "datetime": {"datetime": "2025-05-14 13:37:26", "elapsed": 629.03335, "delta": 6.473301}}
{"target": 115.34411801620806, "params": {"x0": 0.8743569074288785, "x1": 3.0414584861064045, "x2": 0.0, "x3": 0.09389360257586879, "x4": 1.9964954050400672, "x5": 1.2017346181569095, "x6": 8.463334214321506, "x7": -6.637935271891034, "x8": 1.7480696753211387, "x9": 1.0960162309075931}, "datetime": {"datetime": "2025-05-14 13:37:33", "elapsed": 635.367378, "delta": 6.334028}}
{"target": 116.76102854443594, "params": {"x0": 0.8744050366506201, "x1": 3.0397780787579127, "x2": 0.012989844262485442, "x3": 0.09497712236753929, "x4": 2.024336189785542, "x5": 1.239514941532084, "x6": 8.515153484423797, "x7": -6.582098102487803, "x8": 1.748296297958976, "x9": 1.099585131610419}, "datetime": {"datetime": "2025-05-14 13:37:39", "elapsed": 641.475738, "delta": 6.10836}}
{"target": 116.19522547663163, "params": {"x0": 0.8740368481042969, "x1": 3.0526331949738754, "x2": 0.021615157701109527, "x3": 0.10326604877381863, "x4": 2.035545768906746, "x5": 1.2243033902783953, "x6": 8.536017558964982, "x7": -6.559616294807029, "x8": 1.7500299611384325, "x9": 1.0981481794853338}, "datetime": {"datetime": "2025-05-14 13:37:45", "elapsed": 647.698641, "delta": 6.222903}}
{"target": 117.61211904922617, "params": {"x0": 0.8747364063423109, "x1": 3.0282084741635464, "x2": 0.020752626357247117, "x3": 0.08751708860188788, "x4": 2.014247568576458, "x5": 1.253205337660404, "x6": 8.533931151510863, "x7": -6.561864475575106, "x8": 1.7498565948204867, "x9": 1.1008783885229956}, "datetime": {"datetime": "2025-05-14 13:37:51", "elapsed": 653.818734, "delta": 6.120093}}
{"target": 117.92516069015582, "params": {"x0": 0.8744547421043737, "x1": 3.018374310258335, "x2": 0.02735099113779454, "x3": 0.08117605990108417, "x4": 2.0056722405487366, "x5": 1.2648421743694758, "x6": 8.549892168534871, "x7": -6.544665892699314, "x8": 1.7485303424882026, "x9": 1.1019776568986857}, "datetime": {"datetime": "2025-05-14 13:37:57", "elapsed": 659.796085, "delta": 5.977351}}
{"target": 118.01845230853388, "params": {"x0": 0.8746519070709298, "x1": 3.008540146353124, "x2": 0.033949355918341965, "x3": 0.07483503120028047, "x4": 1.9970969125210152, "x5": 1.2764790110785476, "x6": 8.565853185558879, "x7": -6.561864475575106, "x8": 1.7494587191208015, "x9": 1.1030769252743757}, "datetime": {"datetime": "2025-05-14 13:38:03", "elapsed": 665.77399, "delta": 5.977905}}
{"target": 117.82020477115637, "params": {"x0": 0.874789922547519, "x1": 2.9987059824479125, "x2": 0.04054772069888939, "x3": 0.06849400249947676, "x4": 1.9885215844932937, "x5": 1.2881158477876193, "x6": 8.549892168534871, "x7": -6.5498254675620515, "x8": 1.750108582763621, "x9": 1.1041761936500658}, "datetime": {"datetime": "2025-05-14 13:38:09", "elapsed": 671.942569, "delta": 6.168579}}
{"target": 118.36350791919257, "params": {"x0": 0.8745276931419995, "x1": 3.0173908938678142, "x2": 0.028010827615849283, "x3": 0.06912810536955714, "x4": 2.0048147077459646, "x5": 1.2869521641167123, "x6": 8.580218100880487, "x7": -6.551029368363357, "x8": 1.7500435963993388, "x9": 1.1020875837362547}, "datetime": {"datetime": "2025-05-14 13:38:16", "elapsed": 678.223218, "delta": 6.280649}}
{"target": 118.19669403383105, "params": {"x0": 0.8746332749815903, "x1": 3.0098677584803277, "x2": 0.022963078558730504, "x3": 0.0642772184134423, "x4": 2.0113748336871713, "x5": 1.2780499840342723, "x6": 8.592428278903853, "x7": -6.541819527233371, "x8": 1.7505407420860957, "x9": 1.1029285240436577}, "datetime": {"datetime": "2025-05-14 13:38:22", "elapsed": 684.596488, "delta": 6.37327}}
{"target": 118.67681803749333, "params": {"x0": 0.8744326694863679, "x1": 3.024161715716552, "x2": 0.02346785346444238, "x3": 0.07349390363006049, "x4": 1.9989105943988785, "x5": 1.2949641261909082, "x6": 8.591207261101516, "x7": -6.542740511346369, "x8": 1.75049102751742, "x9": 1.1028444300129174}, "datetime": {"datetime": "2025-05-14 13:38:28", "elapsed": 690.701955, "delta": 6.105467}}
{"target": 118.88484483541019, "params": {"x0": 0.874351899379081, "x1": 3.0299169142879796, "x2": 0.019606325435746516, "x3": 0.06978297510863264, "x4": 1.9938920980538553, "x5": 1.3017742939539747, "x6": 8.60054804728939, "x7": -6.535694982881929, "x8": 1.7508713439677888, "x9": 1.1034877493480806}, "datetime": {"datetime": "2025-05-14 13:38:34", "elapsed": 696.794471, "delta": 6.092516}}
{"target": 118.9669308334192, "params": {"x0": 0.8744326694863679, "x1": 3.035672112859407, "x2": 0.015744797407050648, "x3": 0.07238062507363213, "x4": 1.9989105943988785, "x5": 1.3085844617170412, "x6": 8.609888833477264, "x7": -6.528649454417489, "x8": 1.7512516604181576, "x9": 1.1041310686832437}, "datetime": {"datetime": "2025-05-14 13:38:40", "elapsed": 703.021374, "delta": 6.226903}}
{"target": 119.01911014151496, "params": {"x0": 0.874376130411267, "x1": 3.0414273114308346, "x2": 0.011883269378354782, "x3": 0.07056227009813248, "x4": 1.9953976469573622, "x5": 1.3153946294801078, "x6": 8.60054804728939, "x7": -6.521603925953049, "x8": 1.7516319768685265, "x9": 1.1034877493480806}, "datetime": {"datetime": "2025-05-14 13:38:47", "elapsed": 709.170708, "delta": 6.149334}}
{"target": 119.21948179940712, "params": {"x0": 0.8743365530586964, "x1": 3.047182510002262, "x2": 0.008021741349658915, "x3": 0.06928942161528273, "x4": 1.992938583748301, "x5": 1.3222047972431743, "x6": 8.607086597620903, "x7": -6.528649454417489, "x8": 1.7520122933188953, "x9": 1.1039380728826949}, "datetime": {"datetime": "2025-05-14 13:38:53", "elapsed": 715.14266, "delta": 5.971952}}
{"target": 119.14389638998617, "params": {"x0": 0.8742969757061257, "x1": 3.0414273114308346, "x2": 0.004160213320963049, "x3": 0.07056227009813248, "x4": 1.9904795205392396, "x5": 1.3290149650062408, "x6": 8.61166358285296, "x7": -6.533581324342597, "x8": 1.7523926097692641, "x9": 1.1036228464084648}, "datetime": {"datetime": "2025-05-14 13:38:59", "elapsed": 721.086589, "delta": 5.943929}}
{"target": 119.14629648118081, "params": {"x0": 0.8743009334413828, "x1": 3.052362188716547, "x2": 0.0045463661238326365, "x3": 0.06814385798071795, "x4": 1.9907254268601458, "x5": 1.3160756462564145, "x6": 8.611205884329756, "x7": -6.533088137350086, "x8": 1.7523545781242273, "x9": 1.104221776709502}, "datetime": {"datetime": "2025-05-14 13:39:05", "elapsed": 727.135523, "delta": 6.048934}}
