{"target": 119.50489690569574, "params": {"x0": 0.8743323695346429, "x1": 3.0672977922891858, "x2": 0.02151836103915527, "x3": 0.06942396806416236, "x4": 1.9881870465672762, "x5": 1.3460073551002563, "x6": 8.62308384755473, "x7": -6.519119824095349, "x8": 1.753341556360402, "x9": 1.1039713938971534}, "datetime": {"datetime": "2025-05-14 20:54:20", "elapsed": 26842.407893, "delta": 41.168682}}
{"target": 119.50489690569574, "params": {"x0": 0.8743323695346429, "x1": 3.0672977922891858, "x2": 0.02151836103915527, "x3": 0.06942396806416236, "x4": 1.9881870465672762, "x5": 1.3460073551002563, "x6": 8.62308384755473, "x7": -6.519119824095349, "x8": 1.753341556360402, "x9": 1.1039713938971534}, "datetime": {"datetime": "2025-05-14 20:54:52", "elapsed": 26874.642652, "delta": 32.234759}}
{"target": 119.50489690569574, "params": {"x0": 0.8743323695346429, "x1": 3.0672977922891858, "x2": 0.02151836103915527, "x3": 0.06942396806416236, "x4": 1.9881870465672762, "x5": 1.3460073551002563, "x6": 8.62308384755473, "x7": -6.519119824095349, "x8": 1.753341556360402, "x9": 1.1039713938971534}, "datetime": {"datetime": "2025-05-14 20:55:26", "elapsed": 26908.760228, "delta": 34.117576}}
{"target": 119.50489690569574, "params": {"x0": 0.8743323695346429, "x1": 3.0672977922891858, "x2": 0.02151836103915527, "x3": 0.06942396806416236, "x4": 1.9881870465672762, "x5": 1.3460073551002563, "x6": 8.62308384755473, "x7": -6.519119824095349, "x8": 1.753341556360402, "x9": 1.1039713938971534}, "datetime": {"datetime": "2025-05-14 20:56:00", "elapsed": 26942.172895, "delta": 33.412667}}
{"target": 119.50489690569574, "params": {"x0": 0.8743323695346429, "x1": 3.0672977922891858, "x2": 0.02151836103915527, "x3": 0.06942396806416236, "x4": 1.9881870465672762, "x5": 1.3460073551002563, "x6": 8.62308384755473, "x7": -6.519119824095349, "x8": 1.753341556360402, "x9": 1.1039713938971534}, "datetime": {"datetime": "2025-05-14 20:56:45", "elapsed": 26987.158646, "delta": 44.985751}}
{"target": 119.50489690569574, "params": {"x0": 0.8743323695346429, "x1": 3.0672977922891858, "x2": 0.02151836103915527, "x3": 0.06942396806416236, "x4": 1.9881870465672762, "x5": 1.3460073551002563, "x6": 8.62308384755473, "x7": -6.519119824095349, "x8": 1.753341556360402, "x9": 1.1039713938971534}, "datetime": {"datetime": "2025-05-14 20:57:34", "elapsed": 27036.662606, "delta": 49.50396}}
{"target": 119.50489690569574, "params": {"x0": 0.8743323695346429, "x1": 3.0672977922891858, "x2": 0.02151836103915527, "x3": 0.06942396806416236, "x4": 1.9881870465672762, "x5": 1.3460073551002563, "x6": 8.62308384755473, "x7": -6.519119824095349, "x8": 1.753341556360402, "x9": 1.1039713938971534}, "datetime": {"datetime": "2025-05-14 20:58:12", "elapsed": 27074.731163, "delta": 38.068557}}
{"target": 119.50489690569574, "params": {"x0": 0.8743323695346429, "x1": 3.0672977922891858, "x2": 0.02151836103915527, "x3": 0.06942396806416236, "x4": 1.9881870465672762, "x5": 1.3460073551002563, "x6": 8.62308384755473, "x7": -6.519119824095349, "x8": 1.753341556360402, "x9": 1.1039713938971534}, "datetime": {"datetime": "2025-05-14 20:58:48", "elapsed": 27110.45831, "delta": 35.727147}}
{"target": 119.50489690569574, "params": {"x0": 0.8743323695346429, "x1": 3.0672977922891858, "x2": 0.02151836103915527, "x3": 0.06942396806416236, "x4": 1.9881870465672762, "x5": 1.3460073551002563, "x6": 8.62308384755473, "x7": -6.519119824095349, "x8": 1.753341556360402, "x9": 1.1039713938971534}, "datetime": {"datetime": "2025-05-14 20:59:22", "elapsed": 27144.686561, "delta": 34.228251}}
{"target": 119.50489690569574, "params": {"x0": 0.8743323695346429, "x1": 3.0672977922891858, "x2": 0.02151836103915527, "x3": 0.06942396806416236, "x4": 1.9881870465672762, "x5": 1.3460073551002563, "x6": 8.62308384755473, "x7": -6.519119824095349, "x8": 1.753341556360402, "x9": 1.1039713938971534}, "datetime": {"datetime": "2025-05-14 20:59:57", "elapsed": 27179.621355, "delta": 34.934794}}
{"target": 119.50489690569574, "params": {"x0": 0.8743323695346429, "x1": 3.0672977922891858, "x2": 0.02151836103915527, "x3": 0.06942396806416236, "x4": 1.9881870465672762, "x5": 1.3460073551002563, "x6": 8.62308384755473, "x7": -6.519119824095349, "x8": 1.753341556360402, "x9": 1.1039713938971534}, "datetime": {"datetime": "2025-05-14 21:00:33", "elapsed": 27215.158188, "delta": 35.536833}}
{"target": 119.50489690569574, "params": {"x0": 0.8743323695346429, "x1": 3.0672977922891858, "x2": 0.02151836103915527, "x3": 0.06942396806416236, "x4": 1.9881870465672762, "x5": 1.3460073551002563, "x6": 8.62308384755473, "x7": -6.519119824095349, "x8": 1.753341556360402, "x9": 1.1039713938971534}, "datetime": {"datetime": "2025-05-14 21:01:17", "elapsed": 27259.165763, "delta": 44.007575}}
{"target": 119.50489690569574, "params": {"x0": 0.8743323695346429, "x1": 3.0672977922891858, "x2": 0.02151836103915527, "x3": 0.06942396806416236, "x4": 1.9881870465672762, "x5": 1.3460073551002563, "x6": 8.62308384755473, "x7": -6.519119824095349, "x8": 1.753341556360402, "x9": 1.1039713938971534}, "datetime": {"datetime": "2025-05-14 21:01:50", "elapsed": 27292.873568, "delta": 33.707805}}
{"target": 119.50489690569574, "params": {"x0": 0.8743323695346429, "x1": 3.0672977922891858, "x2": 0.02151836103915527, "x3": 0.06942396806416236, "x4": 1.9881870465672762, "x5": 1.3460073551002563, "x6": 8.62308384755473, "x7": -6.519119824095349, "x8": 1.753341556360402, "x9": 1.1039713938971534}, "datetime": {"datetime": "2025-05-14 21:02:35", "elapsed": 27337.259483, "delta": 44.385915}}
{"target": 119.50489690569574, "params": {"x0": 0.8743323695346429, "x1": 3.0672977922891858, "x2": 0.02151836103915527, "x3": 0.06942396806416236, "x4": 1.9881870465672762, "x5": 1.3460073551002563, "x6": 8.62308384755473, "x7": -6.519119824095349, "x8": 1.753341556360402, "x9": 1.1039713938971534}, "datetime": {"datetime": "2025-05-14 21:03:18", "elapsed": 27380.217035, "delta": 42.957552}}
{"target": 119.50489690569574, "params": {"x0": 0.8743323695346429, "x1": 3.0672977922891858, "x2": 0.02151836103915527, "x3": 0.06942396806416236, "x4": 1.9881870465672762, "x5": 1.3460073551002563, "x6": 8.62308384755473, "x7": -6.519119824095349, "x8": 1.753341556360402, "x9": 1.1039713938971534}, "datetime": {"datetime": "2025-05-14 21:03:50", "elapsed": 27413.040329, "delta": 32.823294}}
{"target": 119.50489690569574, "params": {"x0": 0.8743323695346429, "x1": 3.0672977922891858, "x2": 0.02151836103915527, "x3": 0.06942396806416236, "x4": 1.9881870465672762, "x5": 1.3460073551002563, "x6": 8.62308384755473, "x7": -6.519119824095349, "x8": 1.753341556360402, "x9": 1.1039713938971534}, "datetime": {"datetime": "2025-05-14 21:04:22", "elapsed": 27444.903243, "delta": 31.862914}}
{"target": 119.50489690569574, "params": {"x0": 0.8743323695346429, "x1": 3.0672977922891858, "x2": 0.02151836103915527, "x3": 0.06942396806416236, "x4": 1.9881870465672762, "x5": 1.3460073551002563, "x6": 8.62308384755473, "x7": -6.519119824095349, "x8": 1.753341556360402, "x9": 1.1039713938971534}, "datetime": {"datetime": "2025-05-14 21:04:56", "elapsed": 27478.45421, "delta": 33.550967}}
{"target": 119.50489690569574, "params": {"x0": 0.8743323695346429, "x1": 3.0672977922891858, "x2": 0.02151836103915527, "x3": 0.06942396806416236, "x4": 1.9881870465672762, "x5": 1.3460073551002563, "x6": 8.62308384755473, "x7": -6.519119824095349, "x8": 1.753341556360402, "x9": 1.1039713938971534}, "datetime": {"datetime": "2025-05-14 21:05:40", "elapsed": 27522.151501, "delta": 43.697291}}
{"target": 119.50489690569574, "params": {"x0": 0.8743323695346429, "x1": 3.0672977922891858, "x2": 0.02151836103915527, "x3": 0.06942396806416236, "x4": 1.9881870465672762, "x5": 1.3460073551002563, "x6": 8.62308384755473, "x7": -6.519119824095349, "x8": 1.753341556360402, "x9": 1.1039713938971534}, "datetime": {"datetime": "2025-05-14 21:06:11", "elapsed": 27553.447529, "delta": 31.296028}}
{"target": 119.50489690569574, "params": {"x0": 0.8743323695346429, "x1": 3.0672977922891858, "x2": 0.02151836103915527, "x3": 0.06942396806416236, "x4": 1.9881870465672762, "x5": 1.3460073551002563, "x6": 8.62308384755473, "x7": -6.519119824095349, "x8": 1.753341556360402, "x9": 1.1039713938971534}, "datetime": {"datetime": "2025-05-14 21:06:48", "elapsed": 27590.09646, "delta": 36.648931}}
{"target": 119.50489690569574, "params": {"x0": 0.8743323695346429, "x1": 3.0672977922891858, "x2": 0.02151836103915527, "x3": 0.06942396806416236, "x4": 1.9881870465672762, "x5": 1.3460073551002563, "x6": 8.62308384755473, "x7": -6.519119824095349, "x8": 1.753341556360402, "x9": 1.1039713938971534}, "datetime": {"datetime": "2025-05-14 21:07:25", "elapsed": 27627.145766, "delta": 37.049306}}
{"target": 119.50489690569574, "params": {"x0": 0.8743323695346429, "x1": 3.0672977922891858, "x2": 0.02151836103915527, "x3": 0.06942396806416236, "x4": 1.9881870465672762, "x5": 1.3460073551002563, "x6": 8.62308384755473, "x7": -6.519119824095349, "x8": 1.753341556360402, "x9": 1.1039713938971534}, "datetime": {"datetime": "2025-05-14 21:07:59", "elapsed": 27661.579486, "delta": 34.43372}}
{"target": 119.50489690569574, "params": {"x0": 0.8743323695346429, "x1": 3.0672977922891858, "x2": 0.02151836103915527, "x3": 0.06942396806416236, "x4": 1.9881870465672762, "x5": 1.3460073551002563, "x6": 8.62308384755473, "x7": -6.519119824095349, "x8": 1.753341556360402, "x9": 1.1039713938971534}, "datetime": {"datetime": "2025-05-14 21:08:49", "elapsed": 27711.292306, "delta": 49.71282}}
{"target": 119.50489690569574, "params": {"x0": 0.8743323695346429, "x1": 3.0672977922891858, "x2": 0.02151836103915527, "x3": 0.06942396806416236, "x4": 1.9881870465672762, "x5": 1.3460073551002563, "x6": 8.62308384755473, "x7": -6.519119824095349, "x8": 1.753341556360402, "x9": 1.1039713938971534}, "datetime": {"datetime": "2025-05-14 21:09:33", "elapsed": 27755.869109, "delta": 44.576803}}
{"target": 119.50489690569574, "params": {"x0": 0.8743323695346429, "x1": 3.0672977922891858, "x2": 0.02151836103915527, "x3": 0.06942396806416236, "x4": 1.9881870465672762, "x5": 1.3460073551002563, "x6": 8.62308384755473, "x7": -6.519119824095349, "x8": 1.753341556360402, "x9": 1.1039713938971534}, "datetime": {"datetime": "2025-05-14 21:10:05", "elapsed": 27787.911766, "delta": 32.042657}}
{"target": 119.50489690569574, "params": {"x0": 0.8743323695346429, "x1": 3.0672977922891858, "x2": 0.02151836103915527, "x3": 0.06942396806416236, "x4": 1.9881870465672762, "x5": 1.3460073551002563, "x6": 8.62308384755473, "x7": -6.519119824095349, "x8": 1.753341556360402, "x9": 1.1039713938971534}, "datetime": {"datetime": "2025-05-14 21:10:50", "elapsed": 27832.728403, "delta": 44.816637}}
{"target": 119.50489690569574, "params": {"x0": 0.8743323695346429, "x1": 3.0672977922891858, "x2": 0.02151836103915527, "x3": 0.06942396806416236, "x4": 1.9881870465672762, "x5": 1.3460073551002563, "x6": 8.62308384755473, "x7": -6.519119824095349, "x8": 1.753341556360402, "x9": 1.1039713938971534}, "datetime": {"datetime": "2025-05-14 21:11:39", "elapsed": 27881.519164, "delta": 48.790761}}
{"target": 119.50489690569574, "params": {"x0": 0.8743323695346429, "x1": 3.0672977922891858, "x2": 0.02151836103915527, "x3": 0.06942396806416236, "x4": 1.9881870465672762, "x5": 1.3460073551002563, "x6": 8.62308384755473, "x7": -6.519119824095349, "x8": 1.753341556360402, "x9": 1.1039713938971534}, "datetime": {"datetime": "2025-05-14 21:12:22", "elapsed": 27924.662275, "delta": 43.143111}}
{"target": 119.50489690569574, "params": {"x0": 0.8743323695346429, "x1": 3.0672977922891858, "x2": 0.02151836103915527, "x3": 0.06942396806416236, "x4": 1.9881870465672762, "x5": 1.3460073551002563, "x6": 8.62308384755473, "x7": -6.519119824095349, "x8": 1.753341556360402, "x9": 1.1039713938971534}, "datetime": {"datetime": "2025-05-14 21:13:03", "elapsed": 27965.631882, "delta": 40.969607}}
{"target": 119.50489690569574, "params": {"x0": 0.8743323695346429, "x1": 3.0672977922891858, "x2": 0.02151836103915527, "x3": 0.06942396806416236, "x4": 1.9881870465672762, "x5": 1.3460073551002563, "x6": 8.62308384755473, "x7": -6.519119824095349, "x8": 1.753341556360402, "x9": 1.1039713938971534}, "datetime": {"datetime": "2025-05-14 21:13:42", "elapsed": 28004.374157, "delta": 38.742275}}
{"target": 119.50489690569574, "params": {"x0": 0.8743323695346429, "x1": 3.0672977922891858, "x2": 0.02151836103915527, "x3": 0.06942396806416236, "x4": 1.9881870465672762, "x5": 1.3460073551002563, "x6": 8.62308384755473, "x7": -6.519119824095349, "x8": 1.753341556360402, "x9": 1.1039713938971534}, "datetime": {"datetime": "2025-05-14 21:14:27", "elapsed": 28049.917483, "delta": 45.543326}}
{"target": 119.50489690569574, "params": {"x0": 0.8743323695346429, "x1": 3.0672977922891858, "x2": 0.02151836103915527, "x3": 0.06942396806416236, "x4": 1.9881870465672762, "x5": 1.3460073551002563, "x6": 8.62308384755473, "x7": -6.519119824095349, "x8": 1.753341556360402, "x9": 1.1039713938971534}, "datetime": {"datetime": "2025-05-14 21:14:59", "elapsed": 28081.195446, "delta": 31.277963}}
{"target": 119.50489690569574, "params": {"x0": 0.8743323695346429, "x1": 3.0672977922891858, "x2": 0.02151836103915527, "x3": 0.06942396806416236, "x4": 1.9881870465672762, "x5": 1.3460073551002563, "x6": 8.62308384755473, "x7": -6.519119824095349, "x8": 1.753341556360402, "x9": 1.1039713938971534}, "datetime": {"datetime": "2025-05-14 21:15:32", "elapsed": 28114.076914, "delta": 32.881468}}
{"target": 119.50489690569574, "params": {"x0": 0.8743323695346429, "x1": 3.0672977922891858, "x2": 0.02151836103915527, "x3": 0.06942396806416236, "x4": 1.9881870465672762, "x5": 1.3460073551002563, "x6": 8.62308384755473, "x7": -6.519119824095349, "x8": 1.753341556360402, "x9": 1.1039713938971534}, "datetime": {"datetime": "2025-05-14 21:16:09", "elapsed": 28151.182771, "delta": 37.105857}}
{"target": 119.50489690569574, "params": {"x0": 0.8743323695346429, "x1": 3.0672977922891858, "x2": 0.02151836103915527, "x3": 0.06942396806416236, "x4": 1.9881870465672762, "x5": 1.3460073551002563, "x6": 8.62308384755473, "x7": -6.519119824095349, "x8": 1.753341556360402, "x9": 1.1039713938971534}, "datetime": {"datetime": "2025-05-14 21:16:46", "elapsed": 28188.190372, "delta": 37.007601}}
{"target": 119.50489690569574, "params": {"x0": 0.8743323695346429, "x1": 3.0672977922891858, "x2": 0.02151836103915527, "x3": 0.06942396806416236, "x4": 1.9881870465672762, "x5": 1.3460073551002563, "x6": 8.62308384755473, "x7": -6.519119824095349, "x8": 1.753341556360402, "x9": 1.1039713938971534}, "datetime": {"datetime": "2025-05-14 21:17:16", "elapsed": 28218.475738, "delta": 30.285366}}
{"target": 119.50489690569574, "params": {"x0": 0.8743323695346429, "x1": 3.0672977922891858, "x2": 0.02151836103915527, "x3": 0.06942396806416236, "x4": 1.9881870465672762, "x5": 1.3460073551002563, "x6": 8.62308384755473, "x7": -6.519119824095349, "x8": 1.753341556360402, "x9": 1.1039713938971534}, "datetime": {"datetime": "2025-05-14 21:18:04", "elapsed": 28266.245206, "delta": 47.769468}}
{"target": 119.50489690569574, "params": {"x0": 0.8743323695346429, "x1": 3.0672977922891858, "x2": 0.02151836103915527, "x3": 0.06942396806416236, "x4": 1.9881870465672762, "x5": 1.3460073551002563, "x6": 8.62308384755473, "x7": -6.519119824095349, "x8": 1.753341556360402, "x9": 1.1039713938971534}, "datetime": {"datetime": "2025-05-14 21:18:40", "elapsed": 28302.233926, "delta": 35.98872}}
{"target": 119.50489690569574, "params": {"x0": 0.8743323695346429, "x1": 3.0672977922891858, "x2": 0.02151836103915527, "x3": 0.06942396806416236, "x4": 1.9881870465672762, "x5": 1.3460073551002563, "x6": 8.62308384755473, "x7": -6.519119824095349, "x8": 1.753341556360402, "x9": 1.1039713938971534}, "datetime": {"datetime": "2025-05-14 21:19:21", "elapsed": 28343.688538, "delta": 41.454612}}
{"target": 119.50489690569574, "params": {"x0": 0.8743323695346429, "x1": 3.0672977922891858, "x2": 0.02151836103915527, "x3": 0.06942396806416236, "x4": 1.9881870465672762, "x5": 1.3460073551002563, "x6": 8.62308384755473, "x7": -6.519119824095349, "x8": 1.753341556360402, "x9": 1.1039713938971534}, "datetime": {"datetime": "2025-05-14 21:20:05", "elapsed": 28387.287311, "delta": 43.598773}}
{"target": 119.50489690569574, "params": {"x0": 0.8743323695346429, "x1": 3.0672977922891858, "x2": 0.02151836103915527, "x3": 0.06942396806416236, "x4": 1.9881870465672762, "x5": 1.3460073551002563, "x6": 8.62308384755473, "x7": -6.519119824095349, "x8": 1.753341556360402, "x9": 1.1039713938971534}, "datetime": {"datetime": "2025-05-14 21:20:41", "elapsed": 28423.345973, "delta": 36.058662}}
{"target": 119.50489690569574, "params": {"x0": 0.8743323695346429, "x1": 3.0672977922891858, "x2": 0.02151836103915527, "x3": 0.06942396806416236, "x4": 1.9881870465672762, "x5": 1.3460073551002563, "x6": 8.62308384755473, "x7": -6.519119824095349, "x8": 1.753341556360402, "x9": 1.1039713938971534}, "datetime": {"datetime": "2025-05-14 21:21:18", "elapsed": 28460.563926, "delta": 37.217953}}
{"target": 119.50489690569574, "params": {"x0": 0.8743323695346429, "x1": 3.0672977922891858, "x2": 0.02151836103915527, "x3": 0.06942396806416236, "x4": 1.9881870465672762, "x5": 1.3460073551002563, "x6": 8.62308384755473, "x7": -6.519119824095349, "x8": 1.753341556360402, "x9": 1.1039713938971534}, "datetime": {"datetime": "2025-05-14 21:21:54", "elapsed": 28496.432484, "delta": 35.868558}}
{"target": 119.50489690569574, "params": {"x0": 0.8743323695346429, "x1": 3.0672977922891858, "x2": 0.02151836103915527, "x3": 0.06942396806416236, "x4": 1.9881870465672762, "x5": 1.3460073551002563, "x6": 8.62308384755473, "x7": -6.519119824095349, "x8": 1.753341556360402, "x9": 1.1039713938971534}, "datetime": {"datetime": "2025-05-14 21:22:31", "elapsed": 28534.010098, "delta": 37.577614}}
{"target": 119.50489690569574, "params": {"x0": 0.8743323695346429, "x1": 3.0672977922891858, "x2": 0.02151836103915527, "x3": 0.06942396806416236, "x4": 1.9881870465672762, "x5": 1.3460073551002563, "x6": 8.62308384755473, "x7": -6.519119824095349, "x8": 1.753341556360402, "x9": 1.1039713938971534}, "datetime": {"datetime": "2025-05-14 21:23:20", "elapsed": 28582.600853, "delta": 48.590755}}
{"target": 119.50489690569574, "params": {"x0": 0.8743323695346429, "x1": 3.0672977922891858, "x2": 0.02151836103915527, "x3": 0.06942396806416236, "x4": 1.9881870465672762, "x5": 1.3460073551002563, "x6": 8.62308384755473, "x7": -6.519119824095349, "x8": 1.753341556360402, "x9": 1.1039713938971534}, "datetime": {"datetime": "2025-05-14 21:24:02", "elapsed": 28624.097106, "delta": 41.496253}}
{"target": 119.50489690569574, "params": {"x0": 0.8743323695346429, "x1": 3.0672977922891858, "x2": 0.02151836103915527, "x3": 0.06942396806416236, "x4": 1.9881870465672762, "x5": 1.3460073551002563, "x6": 8.62308384755473, "x7": -6.519119824095349, "x8": 1.753341556360402, "x9": 1.1039713938971534}, "datetime": {"datetime": "2025-05-14 21:24:37", "elapsed": 28659.159074, "delta": 35.061968}}
{"target": 119.50489690569574, "params": {"x0": 0.8743323695346429, "x1": 3.0672977922891858, "x2": 0.02151836103915527, "x3": 0.06942396806416236, "x4": 1.9881870465672762, "x5": 1.3460073551002563, "x6": 8.62308384755473, "x7": -6.519119824095349, "x8": 1.753341556360402, "x9": 1.1039713938971534}, "datetime": {"datetime": "2025-05-14 21:25:11", "elapsed": 28693.537022, "delta": 34.377948}}
{"target": 119.50489690569574, "params": {"x0": 0.8743323695346429, "x1": 3.0672977922891858, "x2": 0.02151836103915527, "x3": 0.06942396806416236, "x4": 1.9881870465672762, "x5": 1.3460073551002563, "x6": 8.62308384755473, "x7": -6.519119824095349, "x8": 1.753341556360402, "x9": 1.1039713938971534}, "datetime": {"datetime": "2025-05-14 21:26:11", "elapsed": 28753.153318, "delta": 59.616296}}
{"target": 119.50489690569574, "params": {"x0": 0.8743323695346429, "x1": 3.0672977922891858, "x2": 0.02151836103915527, "x3": 0.06942396806416236, "x4": 1.9881870465672762, "x5": 1.3460073551002563, "x6": 8.62308384755473, "x7": -6.519119824095349, "x8": 1.753341556360402, "x9": 1.1039713938971534}, "datetime": {"datetime": "2025-05-14 21:26:58", "elapsed": 28800.869015, "delta": 47.715697}}
{"target": 119.50489690569574, "params": {"x0": 0.8743323695346429, "x1": 3.0672977922891858, "x2": 0.02151836103915527, "x3": 0.06942396806416236, "x4": 1.9881870465672762, "x5": 1.3460073551002563, "x6": 8.62308384755473, "x7": -6.519119824095349, "x8": 1.753341556360402, "x9": 1.1039713938971534}, "datetime": {"datetime": "2025-05-14 21:27:41", "elapsed": 28843.580406, "delta": 42.711391}}
{"target": 119.50489690569574, "params": {"x0": 0.8743323695346429, "x1": 3.0672977922891858, "x2": 0.02151836103915527, "x3": 0.06942396806416236, "x4": 1.9881870465672762, "x5": 1.3460073551002563, "x6": 8.62308384755473, "x7": -6.519119824095349, "x8": 1.753341556360402, "x9": 1.1039713938971534}, "datetime": {"datetime": "2025-05-14 21:28:21", "elapsed": 28883.422541, "delta": 39.842135}}
{"target": 119.50489690569574, "params": {"x0": 0.8743323695346429, "x1": 3.0672977922891858, "x2": 0.02151836103915527, "x3": 0.06942396806416236, "x4": 1.9881870465672762, "x5": 1.3460073551002563, "x6": 8.62308384755473, "x7": -6.519119824095349, "x8": 1.753341556360402, "x9": 1.1039713938971534}, "datetime": {"datetime": "2025-05-14 21:29:04", "elapsed": 28926.57425, "delta": 43.151709}}
{"target": 119.50489690569574, "params": {"x0": 0.8743323695346429, "x1": 3.0672977922891858, "x2": 0.02151836103915527, "x3": 0.06942396806416236, "x4": 1.9881870465672762, "x5": 1.3460073551002563, "x6": 8.62308384755473, "x7": -6.519119824095349, "x8": 1.753341556360402, "x9": 1.1039713938971534}, "datetime": {"datetime": "2025-05-14 21:29:50", "elapsed": 28972.946842, "delta": 46.372592}}
