{"target": 119.50489690569574, "params": {"x0": 0.8743322859756644, "x1": 3.067315150647741, "x2": 0.021530007863719686, "x3": 0.0694212807212228, "x4": 1.9881818547897459, "x5": 1.3460278953704812, "x6": 8.623097652282713, "x7": -6.519109411523861, "x8": 1.75334270343973, "x9": 1.1039720594293445}, "datetime": {"datetime": "2025-05-14 13:44:56", "elapsed": 1078.642306, "delta": 6.552768}}
{"target": 119.50489690569574, "params": {"x0": 0.8743322943315622, "x1": 3.0673134148118857, "x2": 0.021528843181263246, "x3": 0.06942154945551676, "x4": 1.9881823739674989, "x5": 1.3460258413434587, "x6": 8.623096271809914, "x7": -6.5191104527810095, "x8": 1.7533425887317973, "x9": 1.1039719928761256}, "datetime": {"datetime": "2025-05-14 13:45:02", "elapsed": 1084.826344, "delta": 6.184038}}
{"target": 119.50489690569574, "params": {"x0": 0.8743324372174155, "x1": 3.067311852559616, "x2": 0.021527794967052448, "x3": 0.06942179131638132, "x4": 1.9881828412274767, "x5": 1.3460239927191384, "x6": 8.623095029384395, "x7": -6.519111389912443, "x8": 1.7533424854946578, "x9": 1.1039719329782283}, "datetime": {"datetime": "2025-05-14 13:45:09", "elapsed": 1091.401382, "delta": 6.575038}}
{"target": 119.50489690569574, "params": {"x0": 0.8743324304491382, "x1": 3.0673104465325727, "x2": 0.02152685157426273, "x3": 0.06942200899115943, "x4": 1.9881832617614565, "x5": 1.3460223289572502, "x6": 8.623093911201428, "x7": -6.519112233330734, "x8": 1.7533423925812321, "x9": 1.1039718790701207}, "datetime": {"datetime": "2025-05-14 13:45:16", "elapsed": 1098.140576, "delta": 6.739194}}
{"target": 119.50489690569574, "params": {"x0": 0.8743324243576887, "x1": 3.067309181108234, "x2": 0.021526002520751982, "x3": 0.06942220489845972, "x4": 1.9881836402420385, "x5": 1.346020831571551, "x6": 8.623092904836758, "x7": -6.519112992407195, "x8": 1.753342308959149, "x9": 1.103971830552824}, "datetime": {"datetime": "2025-05-14 13:45:22", "elapsed": 1104.514401, "delta": 6.373825}}
{"target": 119.50489690569574, "params": {"x0": 0.874332418875384, "x1": 3.0673080422263292, "x2": 0.021525238372592313, "x3": 0.06942238121502999, "x4": 1.9881839808745623, "x5": 1.3460194839244215, "x6": 8.623091999108556, "x7": -6.519113675576011, "x8": 1.7533422336992743, "x9": 1.103971786887257}, "datetime": {"datetime": "2025-05-14 13:45:28", "elapsed": 1110.973116, "delta": 6.458715}}
{"target": 119.50489690569574, "params": {"x0": 0.87433241394131, "x1": 3.067307017232615, "x2": 0.02152455063924861, "x3": 0.06942253989994322, "x4": 1.9881842874438338, "x5": 1.346018271042005, "x6": 8.623091183953173, "x7": -6.519114290427945, "x8": 1.7533421659653872, "x9": 1.1039717475882467}, "datetime": {"datetime": "2025-05-14 13:45:35", "elapsed": 1117.818876, "delta": 6.84576}}
{"target": 119.50489690569574, "params": {"x0": 0.8743324095006433, "x1": 3.067306094738272, "x2": 0.021523931679239272, "x3": 0.06942268271636513, "x4": 1.9881845633561779, "x5": 1.34601717944783, "x6": 8.62309045031333, "x7": -6.519114843794685, "x8": 1.7533421050048887, "x9": 1.1039717122191373}, "datetime": {"datetime": "2025-05-14 13:45:42", "elapsed": 1124.297613, "delta": 6.478737}}
{"target": 119.50489690569574, "params": {"x0": 0.8743324055040432, "x1": 3.0673052644933634, "x2": 0.021523374615230875, "x3": 0.06942281125114486, "x4": 1.9881848116772878, "x5": 1.3460161970130726, "x6": 8.623089790037469, "x7": -6.519115341824752, "x8": 1.75334205014044, "x9": 1.1039716803869388}, "datetime": {"datetime": "2025-05-14 13:45:48", "elapsed": 1130.778763, "delta": 6.48115}}
{"target": 119.50489690569574, "params": {"x0": 0.8743324019071032, "x1": 3.067304517272946, "x2": 0.021522873257623313, "x3": 0.0694229269324466, "x4": 1.9881850351662866, "x5": 1.346015312821791, "x6": 8.623089195789195, "x7": -6.519115790051811, "x8": 1.7533420007624363, "x9": 1.1039716517379603}, "datetime": {"datetime": "2025-05-14 13:45:55", "elapsed": 1137.2041, "delta": 6.425337}}
{"target": 119.50489690569574, "params": {"x0": 0.8743323986698571, "x1": 3.0673038447745697, "x2": 0.02152242203577651, "x3": 0.06942303104561819, "x4": 1.9881852363063857, "x5": 1.3460145170496376, "x6": 8.623088660965749, "x7": -6.519116193456165, "x8": 1.7533419563222328, "x9": 1.1039716259538797}, "datetime": {"datetime": "2025-05-14 13:46:01", "elapsed": 1143.471973, "delta": 6.267873}}
{"target": 119.50489690569574, "params": {"x0": 0.8743323957563357, "x1": 3.0673032395260313, "x2": 0.021522015936114386, "x3": 0.0694231247474726, "x4": 1.9881854173324747, "x5": 1.3460138008546993, "x6": 8.623088179624647, "x7": -6.519116556520084, "x8": 1.7533419163260497, "x9": 1.103971602748207}, "datetime": {"datetime": "2025-05-14 13:46:07", "elapsed": 1149.809706, "delta": 6.337733}}
{"target": 119.50489690569574, "params": {"x0": 0.8743323931341664, "x1": 3.0673026948023465, "x2": 0.02152165044641847, "x3": 0.06942320907914158, "x4": 1.9881855802559547, "x5": 1.346013156279255, "x6": 8.623087746417655, "x7": -6.51911688327761, "x8": 1.753341880329485, "x9": 1.1039715818631017}, "datetime": {"datetime": "2025-05-14 13:46:14", "elapsed": 1156.238445, "delta": 6.428739}}
{"target": 119.50489690569574, "params": {"x0": 0.8743323647286827, "x1": 3.0673002859692007, "x2": 0.021519467688702748, "x3": 0.06942359458511249, "x4": 1.9881869950824682, "x5": 1.3460124585509279, "x6": 8.623087296430718, "x7": -6.519118401899804, "x8": 1.7533418418493638, "x9": 1.1039715328136193}, "datetime": {"datetime": "2025-05-14 13:46:20", "elapsed": 1162.532827, "delta": 6.294382}}
{"target": 119.50489690569574, "params": {"x0": 0.8743323530003082, "x1": 3.0673012332559124, "x2": 0.021520278340745564, "x3": 0.06942338915138117, "x4": 1.9881858831483827, "x5": 1.346011302675569, "x6": 8.623086805504956, "x7": -6.5191175045714065, "x8": 1.7533416450048438, "x9": 1.1039714467271953}, "datetime": {"datetime": "2025-05-14 13:46:26", "elapsed": 1169.029397, "delta": 6.49657}}
{"target": 119.50489690569574, "params": {"x0": 0.8743323810559157, "x1": 3.0673001627630216, "x2": 0.021520103099274025, "x3": 0.06942364672824641, "x4": 1.9881867368606074, "x5": 1.3460115531224597, "x6": 8.623086299469364, "x7": -6.519117704191104, "x8": 1.7533416773984234, "x9": 1.103971417484196}, "datetime": {"datetime": "2025-05-14 13:46:33", "elapsed": 1175.64334, "delta": 6.613943}}
{"target": 119.50489690569574, "params": {"x0": 0.874332381990964, "x1": 3.0672998159622282, "x2": 0.021520377315755075, "x3": 0.06942363476446986, "x4": 1.9881863913107025, "x5": 1.346010067612676, "x6": 8.623086157230166, "x7": -6.519118467801191, "x8": 1.7533416926069507, "x9": 1.1039715085776582}, "datetime": {"datetime": "2025-05-14 13:46:40", "elapsed": 1182.164259, "delta": 6.520919}}
{"target": 119.50489690569574, "params": {"x0": 0.8743323807598231, "x1": 3.067300118101948, "x2": 0.021519988402092682, "x3": 0.06942359853510646, "x4": 1.9881871214679532, "x5": 1.346010396025708, "x6": 8.623085622610834, "x7": -6.519118373349909, "x8": 1.7533417208054838, "x9": 1.1039714592426282}, "datetime": {"datetime": "2025-05-14 13:46:46", "elapsed": 1188.583867, "delta": 6.419608}}
{"target": 119.50489690569574, "params": {"x0": 0.8743323617906479, "x1": 3.067300009571196, "x2": 0.021519780124485143, "x3": 0.06942373952412857, "x4": 1.9881865647980896, "x5": 1.346010320030507, "x6": 8.623085837627691, "x7": -6.5191192075091395, "x8": 1.753341650928934, "x9": 1.1039714551872395}, "datetime": {"datetime": "2025-05-14 13:46:53", "elapsed": 1195.081281, "delta": 6.497414}}
{"target": 119.50489690569574, "params": {"x0": 0.874332372680382, "x1": 3.0672996697181456, "x2": 0.021519764089579667, "x3": 0.06942364839072242, "x4": 1.988186831226298, "x5": 1.3460097403120161, "x6": 8.623085502238117, "x7": -6.519118647754713, "x8": 1.7533416699668918, "x9": 1.1039714802560763}, "datetime": {"datetime": "2025-05-14 13:46:59", "elapsed": 1201.556734, "delta": 6.475453}}
{"target": 119.50489690569574, "params": {"x0": 0.8743323795704498, "x1": 3.067299661319939, "x2": 0.02151919460027354, "x3": 0.06942372999332651, "x4": 1.9881871290596778, "x5": 1.3460093627440577, "x6": 8.623085331194048, "x7": -6.519118685815674, "x8": 1.753341671025949, "x9": 1.1039714676092005}, "datetime": {"datetime": "2025-05-14 13:47:06", "elapsed": 1208.144653, "delta": 6.587919}}
{"target": 119.50489690569574, "params": {"x0": 0.8743323738282004, "x1": 3.0672995748100496, "x2": 0.021519467197746913, "x3": 0.06942381918768001, "x4": 1.9881866558069583, "x5": 1.3460095075024336, "x6": 8.623084722263727, "x7": -6.519119368526762, "x8": 1.7533416476849926, "x9": 1.1039714629487982}, "datetime": {"datetime": "2025-05-14 13:47:12", "elapsed": 1214.908455, "delta": 6.763802}}
{"target": 119.50489690569574, "params": {"x0": 0.8743323777123253, "x1": 3.067298975068969, "x2": 0.02151922366793351, "x3": 0.0694240386806048, "x4": 1.9881872868010728, "x5": 1.3460089774493753, "x6": 8.623084972977125, "x7": -6.519118966656481, "x8": 1.7533416672032953, "x9": 1.1039714459918826}, "datetime": {"datetime": "2025-05-14 13:47:19", "elapsed": 1221.509498, "delta": 6.601043}}
{"target": 119.50489690569574, "params": {"x0": 0.874332373753175, "x1": 3.067299175527182, "x2": 0.02151920188695813, "x3": 0.06942397462404346, "x4": 1.9881866778290855, "x5": 1.3460091258347389, "x6": 8.623085048552062, "x7": -6.519119362958116, "x8": 1.7533416100378336, "x9": 1.1039714237445424}, "datetime": {"datetime": "2025-05-14 13:47:25", "elapsed": 1227.831599, "delta": 6.322101}}
{"target": 119.50489690569574, "params": {"x0": 0.8743323658243439, "x1": 3.067299161777134, "x2": 0.02151890785323258, "x3": 0.06942392556888625, "x4": 1.9881872762876922, "x5": 1.346008897292547, "x6": 8.623084904107397, "x7": -6.519119621651546, "x8": 1.7533416151088168, "x9": 1.1039714330966242}, "datetime": {"datetime": "2025-05-14 13:47:32", "elapsed": 1234.251569, "delta": 6.41997}}
{"target": 119.50489690569574, "params": {"x0": 0.8743323708770502, "x1": 3.067298995213854, "x2": 0.021519131805680793, "x3": 0.0694240331262744, "x4": 1.9881873824351253, "x5": 1.3460086997112015, "x6": 8.62308429748553, "x7": -6.5191195991972855, "x8": 1.7533416307610004, "x9": 1.1039714324459766}, "datetime": {"datetime": "2025-05-14 13:47:39", "elapsed": 1241.259792, "delta": 7.008223}}
{"target": 119.50489690569574, "params": {"x0": 0.8743323708477153, "x1": 3.0672989099104995, "x2": 0.021518972567386354, "x3": 0.06942394190036216, "x4": 1.9881867530306838, "x5": 1.3460085519671892, "x6": 8.623084348796935, "x7": -6.519119406001449, "x8": 1.7533416034123357, "x9": 1.10397136665919}, "datetime": {"datetime": "2025-05-14 13:47:45", "elapsed": 1247.671994, "delta": 6.412202}}
{"target": 119.50489690569574, "params": {"x0": 0.8743323671304599, "x1": 3.067298654297329, "x2": 0.02151902074075623, "x3": 0.06942402337850188, "x4": 1.9881870453901411, "x5": 1.346008506809675, "x6": 8.623084354559351, "x7": -6.5191195037237435, "x8": 1.7533416142717462, "x9": 1.1039713675553735}, "datetime": {"datetime": "2025-05-14 13:47:52", "elapsed": 1254.598865, "delta": 6.926871}}
{"target": 119.50489690569574, "params": {"x0": 0.8743323667616363, "x1": 3.067298611356718, "x2": 0.02151854205665338, "x3": 0.0694238780955578, "x4": 1.9881868615834393, "x5": 1.346008179626975, "x6": 8.623084538966463, "x7": -6.519119312935764, "x8": 1.7533416042486099, "x9": 1.1039714125591122}, "datetime": {"datetime": "2025-05-14 13:47:59", "elapsed": 1261.212821, "delta": 6.613956}}
{"target": 119.50489690569574, "params": {"x0": 0.874332367724639, "x1": 3.067298435452006, "x2": 0.021518869479672877, "x3": 0.06942390490944143, "x4": 1.9881871202845307, "x5": 1.3460080369891194, "x6": 8.623084160614898, "x7": -6.519119426969293, "x8": 1.7533416087153029, "x9": 1.1039714034119323}, "datetime": {"datetime": "2025-05-14 13:48:05", "elapsed": 1267.794233, "delta": 6.581412}}
{"target": 119.50489690569574, "params": {"x0": 0.8743323666950501, "x1": 3.0672982619331597, "x2": 0.021518739076953564, "x3": 0.06942386920685356, "x4": 1.9881868871484325, "x5": 1.3460079181302258, "x6": 8.623084394646261, "x7": -6.5191195498529515, "x8": 1.7533415966007861, "x9": 1.1039714201606396}, "datetime": {"datetime": "2025-05-14 13:48:12", "elapsed": 1274.21829, "delta": 6.424057}}
{"target": 119.50489690569574, "params": {"x0": 0.8743323686908258, "x1": 3.0672980863859447, "x2": 0.021518796532046303, "x3": 0.06942402756685362, "x4": 1.988186972046715, "x5": 1.3460080690068246, "x6": 8.62308424982972, "x7": -6.5191197451455505, "x8": 1.753341595828118, "x9": 1.1039714137558485}, "datetime": {"datetime": "2025-05-14 13:48:18", "elapsed": 1280.655948, "delta": 6.437658}}
{"target": 119.50489690569574, "params": {"x0": 0.8743323667972085, "x1": 3.0672981326889484, "x2": 0.021518715803300482, "x3": 0.06942399225310916, "x4": 1.9881868831459126, "x5": 1.3460078303989431, "x6": 8.623084181623465, "x7": -6.519119498151011, "x8": 1.7533415914143566, "x9": 1.103971411827633}, "datetime": {"datetime": "2025-05-14 13:48:24", "elapsed": 1286.967355, "delta": 6.311407}}
{"target": 119.50489690569574, "params": {"x0": 0.8743323677398306, "x1": 3.0672982237487276, "x2": 0.021518666383917338, "x3": 0.06942391762751868, "x4": 1.9881869478415093, "x5": 1.3460079881670994, "x6": 8.623083925670333, "x7": -6.519119896111755, "x8": 1.7533415877435659, "x9": 1.1039714123074358}, "datetime": {"datetime": "2025-05-14 13:48:31", "elapsed": 1293.459283, "delta": 6.491928}}
{"target": 119.50489690569574, "params": {"x0": 0.8743323704919129, "x1": 3.067298266448908, "x2": 0.02151867341528607, "x3": 0.06942396396998612, "x4": 1.9881871463450747, "x5": 1.3460079172040313, "x6": 8.623084138492278, "x7": -6.519119652941917, "x8": 1.7533415823227185, "x9": 1.1039713863613732}, "datetime": {"datetime": "2025-05-14 13:48:38", "elapsed": 1300.208711, "delta": 6.749428}}
{"target": 119.50489690569574, "params": {"x0": 0.8743323688659563, "x1": 3.0672981776464114, "x2": 0.02151863699216024, "x3": 0.06942392022055485, "x4": 1.988187026704475, "x5": 1.3460078677837048, "x6": 8.6230839476007, "x7": -6.519119711588331, "x8": 1.753341582136638, "x9": 1.1039714009009483}, "datetime": {"datetime": "2025-05-14 13:48:44", "elapsed": 1306.907291, "delta": 6.69858}}
{"target": 119.50489690569574, "params": {"x0": 0.874332368023375, "x1": 3.0672981537831436, "x2": 0.021518622905987075, "x3": 0.06942397934297397, "x4": 1.9881869699280623, "x5": 1.3460077702579343, "x6": 8.62308407314906, "x7": -6.519119632872318, "x8": 1.7533415711378408, "x9": 1.1039714041330264}, "datetime": {"datetime": "2025-05-14 13:48:50", "elapsed": 1312.991309, "delta": 6.084018}}
{"target": 119.50489690569574, "params": {"x0": 0.8743323711327443, "x1": 3.067298143069777, "x2": 0.021518578471595988, "x3": 0.06942395266883372, "x4": 1.9881870468619012, "x5": 1.3460077213357111, "x6": 8.623084050904474, "x7": -6.5191199891288045, "x8": 1.7533415776208048, "x9": 1.1039713931607638}, "datetime": {"datetime": "2025-05-14 13:48:57", "elapsed": 1319.407055, "delta": 6.415746}}
{"target": 119.50489690569574, "params": {"x0": 0.8743323693241085, "x1": 3.0672980948848148, "x2": 0.021518561523707957, "x3": 0.06942396766498986, "x4": 1.9881869634543723, "x5": 1.346007674137993, "x6": 8.623083980414652, "x7": -6.5191196699831995, "x8": 1.7533415721990817, "x9": 1.103971388517654}, "datetime": {"datetime": "2025-05-14 13:49:03", "elapsed": 1325.624636, "delta": 6.217581}}
{"target": 119.50489690569574, "params": {"x0": 0.8743323703906917, "x1": 3.0672980748118097, "x2": 0.02151854513763446, "x3": 0.06942395436368039, "x4": 1.9881870652102234, "x5": 1.3460075710447306, "x6": 8.623083984800779, "x7": -6.519119924919708, "x8": 1.753341573470743, "x9": 1.1039714022401033}, "datetime": {"datetime": "2025-05-14 13:49:09", "elapsed": 1331.915444, "delta": 6.290808}}
{"target": 119.50489690569574, "params": {"x0": 0.8743323689893615, "x1": 3.0672979768346598, "x2": 0.021518525241866766, "x3": 0.06942395597697971, "x4": 1.9881870076349166, "x5": 1.3460076332412652, "x6": 8.623084015485412, "x7": -6.519119698307658, "x8": 1.7533415680828148, "x9": 1.1039713875210937}, "datetime": {"datetime": "2025-05-14 13:49:16", "elapsed": 1338.665618, "delta": 6.750174}}
{"target": 119.50489690569574, "params": {"x0": 0.8743323688921301, "x1": 3.0672979490968855, "x2": 0.021518482943710695, "x3": 0.06942398693070446, "x4": 1.988186979772508, "x5": 1.3460076195082271, "x6": 8.623083962691727, "x7": -6.5191199117444425, "x8": 1.753341570867299, "x9": 1.1039713994204994}, "datetime": {"datetime": "2025-05-14 13:49:23", "elapsed": 1345.314807, "delta": 6.649189}}
{"target": 119.50489690569574, "params": {"x0": 0.8743323704503105, "x1": 3.0672979900947657, "x2": 0.021518477764348162, "x3": 0.06942396806514016, "x4": 1.988187080336348, "x5": 1.3460075850869204, "x6": 8.623083999425628, "x7": -6.519119713831287, "x8": 1.7533415685269444, "x9": 1.103971401831008}, "datetime": {"datetime": "2025-05-14 13:49:30", "elapsed": 1352.137202, "delta": 6.822395}}
{"target": 119.50489690569574, "params": {"x0": 0.8743323701638029, "x1": 3.0672979398771933, "x2": 0.021518401555329063, "x3": 0.06942394088050514, "x4": 1.9881869926083113, "x5": 1.3460075657187844, "x6": 8.623083976115126, "x7": -6.519119764922883, "x8": 1.7533415678081334, "x9": 1.103971395598049}, "datetime": {"datetime": "2025-05-14 13:49:36", "elapsed": 1358.711125, "delta": 6.573923}}
{"target": 119.50489690569574, "params": {"x0": 0.8743323693683406, "x1": 3.0672979565176135, "x2": 0.02151845806305061, "x3": 0.06942394932914764, "x4": 1.9881870489772846, "x5": 1.3460075404648613, "x6": 8.623083919360468, "x7": -6.519119736593297, "x8": 1.7533415667507706, "x9": 1.1039713975510956}, "datetime": {"datetime": "2025-05-14 13:49:43", "elapsed": 1365.287936, "delta": 6.576811}}
{"target": 119.50489690569574, "params": {"x0": 0.8743323701735795, "x1": 3.0672979423665443, "x2": 0.02151845539073139, "x3": 0.06942394741766969, "x4": 1.988187019519496, "x5": 1.3460074947877554, "x6": 8.623083880003403, "x7": -6.519119805625447, "x8": 1.7533415661117489, "x9": 1.1039713993858746}, "datetime": {"datetime": "2025-05-14 13:49:49", "elapsed": 1371.926293, "delta": 6.638357}}
{"target": 119.50489690569574, "params": {"x0": 0.8743323695681797, "x1": 3.0672979114914996, "x2": 0.0215184358037977, "x3": 0.0694239855865866, "x4": 1.9881870239319501, "x5": 1.3460074830204305, "x6": 8.623083954968376, "x7": -6.519119746100435, "x8": 1.7533415645923671, "x9": 1.1039713951561922}, "datetime": {"datetime": "2025-05-14 13:49:56", "elapsed": 1378.60151, "delta": 6.675217}}
{"target": 119.50489690569574, "params": {"x0": 0.8743323690540875, "x1": 3.0672979017982986, "x2": 0.021518440716571555, "x3": 0.06942394997601786, "x4": 1.9881870155102663, "x5": 1.3460074722785944, "x6": 8.62308393212376, "x7": -6.519119861584036, "x8": 1.7533415637035832, "x9": 1.1039713944427298}, "datetime": {"datetime": "2025-05-14 13:50:02", "elapsed": 1384.989983, "delta": 6.388473}}
{"target": 119.50489690569574, "params": {"x0": 0.8743323691276612, "x1": 3.0672978797883603, "x2": 0.02151842863252051, "x3": 0.06942395773713395, "x4": 1.9881870251304952, "x5": 1.3460074517443876, "x6": 8.623083929914488, "x7": -6.51911977132833, "x8": 1.7533415631192233, "x9": 1.1039713957333899}, "datetime": {"datetime": "2025-05-14 13:50:09", "elapsed": 1391.495958, "delta": 6.505975}}
{"target": 119.50489690569574, "params": {"x0": 0.8743323693249984, "x1": 3.0672978726108244, "x2": 0.021518401192054476, "x3": 0.06942397058261841, "x4": 1.9881870519999447, "x5": 1.3460074666041586, "x6": 8.623083923466268, "x7": -6.519119774184846, "x8": 1.7533415585276462, "x9": 1.1039713974678187}, "datetime": {"datetime": "2025-05-14 13:50:15", "elapsed": 1397.956684, "delta": 6.460726}}
{"target": 119.50489690569574, "params": {"x0": 0.8743323697998663, "x1": 3.0672978638349995, "x2": 0.021518398718296135, "x3": 0.06942396128429346, "x4": 1.9881870463278193, "x5": 1.3460074554322654, "x6": 8.623083902394713, "x7": -6.519119801397749, "x8": 1.7533415620174064, "x9": 1.1039713946447938}, "datetime": {"datetime": "2025-05-14 13:50:22", "elapsed": 1404.691178, "delta": 6.734494}}
{"target": 119.50489690569574, "params": {"x0": 0.8743323694800821, "x1": 3.0672978430368256, "x2": 0.021518406613961594, "x3": 0.06942397157484197, "x4": 1.9881870276907396, "x5": 1.3460074425837802, "x6": 8.623083869354845, "x7": -6.519119813611988, "x8": 1.753341560642073, "x9": 1.103971396779521}, "datetime": {"datetime": "2025-05-14 13:50:29", "elapsed": 1411.195886, "delta": 6.504708}}
{"target": 119.50489690569574, "params": {"x0": 0.8743323696153256, "x1": 3.0672978331608807, "x2": 0.02151839713589739, "x3": 0.06942395982479796, "x4": 1.9881870367228733, "x5": 1.3460074371529038, "x6": 8.623083876720319, "x7": -6.519119785524019, "x8": 1.753341560370834, "x9": 1.1039713948223298}, "datetime": {"datetime": "2025-05-14 13:50:35", "elapsed": 1417.894875, "delta": 6.698989}}
{"target": 119.50489690569574, "params": {"x0": 0.8743323696171549, "x1": 3.0672978519300638, "x2": 0.021518383406711566, "x3": 0.06942396803654614, "x4": 1.988187036143098, "x5": 1.3460074310152494, "x6": 8.623083899108314, "x7": -6.519119826043687, "x8": 1.7533415606494798, "x9": 1.1039713944139313}, "datetime": {"datetime": "2025-05-14 13:50:42", "elapsed": 1424.482576, "delta": 6.587701}}
{"target": 119.50489690569574, "params": {"x0": 0.8743323694460567, "x1": 3.0672978173620047, "x2": 0.02151839304981048, "x3": 0.0694239716809781, "x4": 1.9881870295325308, "x5": 1.3460074209323312, "x6": 8.623083884002558, "x7": -6.519119790577478, "x8": 1.7533415602237765, "x9": 1.103971395364041}, "datetime": {"datetime": "2025-05-14 13:50:48", "elapsed": 1430.81236, "delta": 6.329784}}
