{"target": 1.248112083479753, "params": {"x0": 0.9668088018851418, "x1": 7.454952890166792, "x2": 0.0011437481619255862, "x3": 3.0233257263512225, "x4": 1.467558908280534, "x5": 1.8467718955795749, "x6": 3.72520422778998, "x7": -13.088785458898242, "x8": 0.8538582010114231, "x9": 1.969870121174397}, "datetime": {"datetime": "2025-04-26 21:11:12", "elapsed": 3344.275039, "delta": 12.211701}}
{"target": 1.248112083479753, "params": {"x0": 0.9668088018758396, "x1": 7.454952890384515, "x2": 0.001143748188685158, "x3": 3.0233257261789572, "x4": 1.467558908150526, "x5": 1.8467718951709355, "x6": 3.725204227413363, "x7": -13.088785458829086, "x8": 0.8538582010298907, "x9": 1.9698701212190537}, "datetime": {"datetime": "2025-04-26 21:11:24", "elapsed": 3356.54369, "delta": 12.268651}}
{"target": 1.248112083479753, "params": {"x0": 0.9668088018872021, "x1": 7.45495289039438, "x2": 0.0011437482778828868, "x3": 3.0233257261718633, "x4": 1.4675589081222082, "x5": 1.8467718956373778, "x6": 3.7252042275263624, "x7": -13.088785459208294, "x8": 0.8538582010119181, "x9": 1.9698701212314802}, "datetime": {"datetime": "2025-04-26 21:11:36", "elapsed": 3368.865606, "delta": 12.321916}}
{"target": 1.248112083479753, "params": {"x0": 0.9668088018759479, "x1": 7.4549528903601034, "x2": 0.0011437482610915284, "x3": 3.0233257262034767, "x4": 1.4675589080957887, "x5": 1.8467718954334547, "x6": 3.725204227485845, "x7": -13.08878545942485, "x8": 0.8538582010237367, "x9": 1.9698701212005714}, "datetime": {"datetime": "2025-04-26 21:11:48", "elapsed": 3380.86989, "delta": 12.004284}}
{"target": 1.248112083479753, "params": {"x0": 0.966808801875798, "x1": 7.454952890433426, "x2": 0.0011437481261088477, "x3": 3.0233257262261892, "x4": 1.4675589081171783, "x5": 1.8467718951445298, "x6": 3.725204227677798, "x7": -13.088785459066658, "x8": 0.8538582010283291, "x9": 1.969870121210325}, "datetime": {"datetime": "2025-04-26 21:12:00", "elapsed": 3393.060513, "delta": 12.190623}}
{"target": 1.248112083479753, "params": {"x0": 0.9668088018785338, "x1": 7.454952890298999, "x2": 0.001143748191602056, "x3": 3.02332572623807, "x4": 1.4675589080920695, "x5": 1.8467718954584182, "x6": 3.725204227436254, "x7": -13.088785459363093, "x8": 0.8538582010352845, "x9": 1.9698701211911247}, "datetime": {"datetime": "2025-04-26 21:12:13", "elapsed": 3405.37, "delta": 12.309487}}
{"target": 1.248112083479753, "params": {"x0": 0.9668088018810179, "x1": 7.454952890330744, "x2": 0.0011437482629174161, "x3": 3.023325726222296, "x4": 1.4675589081814553, "x5": 1.8467718955278605, "x6": 3.7252042273801678, "x7": -13.088785459163208, "x8": 0.8538582010415927, "x9": 1.9698701212210878}, "datetime": {"datetime": "2025-04-26 21:12:25", "elapsed": 3417.727132, "delta": 12.357132}}
{"target": 1.248112083479753, "params": {"x0": 0.9668088018842637, "x1": 7.4549528902552895, "x2": 0.0011437480895474797, "x3": 3.0233257262947033, "x4": 1.4675589082601344, "x5": 1.8467718952188508, "x6": 3.725204227391343, "x7": -13.088785459038307, "x8": 0.8538582010462266, "x9": 1.969870121217142}, "datetime": {"datetime": "2025-04-26 21:12:38", "elapsed": 3430.220592, "delta": 12.49346}}
{"target": 1.248112083479753, "params": {"x0": 0.9668088018795709, "x1": 7.454952890266512, "x2": 0.0011437482104003482, "x3": 3.023325726281798, "x4": 1.4675589081611427, "x5": 1.8467718954415882, "x6": 3.7252042277179487, "x7": -13.088785459112321, "x8": 0.8538582010226541, "x9": 1.9698701211950642}, "datetime": {"datetime": "2025-04-26 21:12:50", "elapsed": 3442.230859, "delta": 12.010267}}
{"target": 1.248112083479753, "params": {"x0": 0.9668088018789597, "x1": 7.45495289025986, "x2": 0.0011437482321639246, "x3": 3.0233257263652558, "x4": 1.4675589081032299, "x5": 1.8467718953669503, "x6": 3.725204227598015, "x7": -13.08878545926989, "x8": 0.853858201026752, "x9": 1.9698701212171514}, "datetime": {"datetime": "2025-04-26 21:13:02", "elapsed": 3454.368667, "delta": 12.137808}}
{"target": 1.248112083479753, "params": {"x0": 0.9668088018792805, "x1": 7.4549528903787055, "x2": 0.0011437481536851952, "x3": 3.0233257263099316, "x4": 1.4675589082313858, "x5": 1.846771895507658, "x6": 3.725204227671946, "x7": -13.088785459190428, "x8": 0.8538582010291824, "x9": 1.9698701212123593}, "datetime": {"datetime": "2025-04-26 21:13:14", "elapsed": 3466.561558, "delta": 12.192891}}
{"target": 1.248112083479753, "params": {"x0": 0.9668088018820095, "x1": 7.454952890335419, "x2": 0.0011437481294293815, "x3": 3.0233257262775672, "x4": 1.4675589082133593, "x5": 1.8467718953460914, "x6": 3.72520422765405, "x7": -13.088785459048788, "x8": 0.8538582010456275, "x9": 1.9698701211954714}, "datetime": {"datetime": "2025-04-26 21:13:26", "elapsed": 3478.69733, "delta": 12.135772}}
{"target": 1.248112083479753, "params": {"x0": 0.9668088018803273, "x1": 7.454952890344974, "x2": 0.0011437481779546382, "x3": 3.023325726322063, "x4": 1.4675589081661458, "x5": 1.846771895478402, "x6": 3.725204227474653, "x7": -13.088785459132323, "x8": 0.8538582010421176, "x9": 1.969870121203185}, "datetime": {"datetime": "2025-04-26 21:13:38", "elapsed": 3490.878444, "delta": 12.181114}}
{"target": 1.248112083479753, "params": {"x0": 0.9668088018793789, "x1": 7.454952890277784, "x2": 0.0011437481930295767, "x3": 3.0233257262734616, "x4": 1.467558908200601, "x5": 1.846771895413738, "x6": 3.72520422757239, "x7": -13.088785459143802, "x8": 0.8538582010360903, "x9": 1.9698701212101208}, "datetime": {"datetime": "2025-04-26 21:13:51", "elapsed": 3503.116707, "delta": 12.238263}}
{"target": 1.248112083479753, "params": {"x0": 0.9668088018820982, "x1": 7.454952890334234, "x2": 0.0011437481949358088, "x3": 3.023325726287231, "x4": 1.4675589081510954, "x5": 1.846771895303979, "x6": 3.7252042276176085, "x7": -13.08878545916183, "x8": 0.8538582010305082, "x9": 1.9698701212123682}, "datetime": {"datetime": "2025-04-26 21:14:03", "elapsed": 3515.6403, "delta": 12.523593}}
{"target": 1.248112083479753, "params": {"x0": 0.9668088018801082, "x1": 7.454952890327922, "x2": 0.0011437481376441682, "x3": 3.0233257263545017, "x4": 1.4675589082055909, "x5": 1.8467718953371146, "x6": 3.725204227554529, "x7": -13.088785459114304, "x8": 0.8538582010388561, "x9": 1.969870121199133}, "datetime": {"datetime": "2025-04-26 21:14:15", "elapsed": 3527.949938, "delta": 12.309638}}
{"target": 1.248112083479753, "params": {"x0": 0.9668088018809768, "x1": 7.454952890308841, "x2": 0.0011437481801711015, "x3": 3.0233257263147078, "x4": 1.4675589081775713, "x5": 1.8467718953230894, "x6": 3.7252042276254054, "x7": -13.088785459157199, "x8": 0.8538582010369724, "x9": 1.9698701212028016}, "datetime": {"datetime": "2025-04-26 21:14:27", "elapsed": 3539.947869, "delta": 11.997931}}
{"target": 1.248112083479753, "params": {"x0": 0.9668088018813525, "x1": 7.454952890307422, "x2": 0.0011437481859558228, "x3": 3.0233257263035114, "x4": 1.4675589081467877, "x5": 1.8467718953731602, "x6": 3.7252042275053947, "x7": -13.088785459095087, "x8": 0.8538582010390909, "x9": 1.9698701212044316}, "datetime": {"datetime": "2025-04-26 21:14:39", "elapsed": 3552.00399, "delta": 12.056121}}
{"target": 1.248112083479753, "params": {"x0": 0.9668088018804113, "x1": 7.454952890326116, "x2": 0.0011437481596017801, "x3": 3.0233257263067856, "x4": 1.4675589081509854, "x5": 1.846771895431667, "x6": 3.725204227550877, "x7": -13.088785459081917, "x8": 0.8538582010391849, "x9": 1.9698701212062386}, "datetime": {"datetime": "2025-04-26 21:14:52", "elapsed": 3564.139737, "delta": 12.135747}}
{"target": 1.248112083479753, "params": {"x0": 0.9668088018799441, "x1": 7.454952890317119, "x2": 0.0011437481492669523, "x3": 3.0233257263023994, "x4": 1.4675589081958629, "x5": 1.8467718953267342, "x6": 3.7252042275498956, "x7": -13.08878545917007, "x8": 0.8538582010384239, "x9": 1.9698701212013958}, "datetime": {"datetime": "2025-04-26 21:15:04", "elapsed": 3576.267711, "delta": 12.127974}}
{"target": 1.248112083479753, "params": {"x0": 0.966808801880689, "x1": 7.454952890323186, "x2": 0.001143748177482113, "x3": 3.0233257263141375, "x4": 1.4675589081652851, "x5": 1.8467718954133485, "x6": 3.7252042275677146, "x7": -13.088785459171115, "x8": 0.8538582010425491, "x9": 1.9698701212031506}, "datetime": {"datetime": "2025-04-26 21:15:16", "elapsed": 3588.713465, "delta": 12.445754}}
{"target": 1.248112083479753, "params": {"x0": 0.9668088018807421, "x1": 7.454952890333519, "x2": 0.0011437481547393368, "x3": 3.023325726309729, "x4": 1.4675589081638802, "x5": 1.846771895408154, "x6": 3.7252042275203223, "x7": -13.088785459109875, "x8": 0.8538582010390673, "x9": 1.9698701212034015}, "datetime": {"datetime": "2025-04-26 21:15:28", "elapsed": 3600.92763, "delta": 12.214165}}
{"target": 1.248112083479753, "params": {"x0": 0.9668088018802916, "x1": 7.454952890337446, "x2": 0.0011437481617730656, "x3": 3.023325726306098, "x4": 1.467558908156031, "x5": 1.8467718953831989, "x6": 3.7252042275768855, "x7": -13.088785459177812, "x8": 0.8538582010353415, "x9": 1.9698701212031533}, "datetime": {"datetime": "2025-04-26 21:15:40", "elapsed": 3613.057377, "delta": 12.129747}}
{"target": 1.248112083479753, "params": {"x0": 0.9668088018806957, "x1": 7.454952890316032, "x2": 0.0011437481729823394, "x3": 3.02332572632727, "x4": 1.4675589081866824, "x5": 1.8467718953853585, "x6": 3.7252042275544546, "x7": -13.088785459118041, "x8": 0.8538582010415257, "x9": 1.9698701212084844}, "datetime": {"datetime": "2025-04-26 21:15:52", "elapsed": 3625.046989, "delta": 11.989612}}
{"target": 1.248112083479753, "params": {"x0": 0.9668088018810356, "x1": 7.45495289031645, "x2": 0.00114374817394398, "x3": 3.0233257263327826, "x4": 1.4675589081696798, "x5": 1.846771895371658, "x6": 3.725204227559801, "x7": -13.088785459170868, "x8": 0.8538582010392659, "x9": 1.9698701212075214}, "datetime": {"datetime": "2025-04-26 21:16:05", "elapsed": 3637.215706, "delta": 12.168717}}
{"target": 1.248112083479753, "params": {"x0": 0.9668088018811852, "x1": 7.454952890333794, "x2": 0.0011437481632183195, "x3": 3.023325726310248, "x4": 1.4675589081649418, "x5": 1.846771895388085, "x6": 3.725204227557938, "x7": -13.0887854591129, "x8": 0.8538582010409579, "x9": 1.969870121208594}, "datetime": {"datetime": "2025-04-26 21:16:17", "elapsed": 3649.925016, "delta": 12.70931}}
{"target": 1.248112083479753, "params": {"x0": 0.966808801880728, "x1": 7.454952890315606, "x2": 0.0011437481765828716, "x3": 3.023325726306039, "x4": 1.4675589081831322, "x5": 1.8467718953921541, "x6": 3.725204227574981, "x7": -13.088785459127376, "x8": 0.8538582010368121, "x9": 1.969870121205609}, "datetime": {"datetime": "2025-04-26 21:16:30", "elapsed": 3662.129123, "delta": 12.204107}}
{"target": 1.248112083479753, "params": {"x0": 0.9668088018808625, "x1": 7.454952890327546, "x2": 0.0011437481724332278, "x3": 3.023325726313266, "x4": 1.4675589081707185, "x5": 1.846771895384757, "x6": 3.725204227566133, "x7": -13.088785459117862, "x8": 0.8538582010387253, "x9": 1.9698701212059988}, "datetime": {"datetime": "2025-04-26 21:16:42", "elapsed": 3674.403045, "delta": 12.273922}}
{"target": 1.248112083479753, "params": {"x0": 0.9668088018814316, "x1": 7.454952890331009, "x2": 0.0011437481824558711, "x3": 3.0233257263245688, "x4": 1.467558908178703, "x5": 1.8467718953678156, "x6": 3.7252042275415436, "x7": -13.088785459143951, "x8": 0.8538582010379606, "x9": 1.9698701212078036}, "datetime": {"datetime": "2025-04-26 21:16:53", "elapsed": 3686.065668, "delta": 11.662623}}
{"target": 1.248112083479753, "params": {"x0": 0.9668088018814018, "x1": 7.454952890316994, "x2": 0.0011437481822416482, "x3": 3.0233257263170707, "x4": 1.46755890817526, "x5": 1.846771895371318, "x6": 3.72520422754578, "x7": -13.088785459144674, "x8": 0.8538582010384814, "x9": 1.9698701212047147}, "datetime": {"datetime": "2025-04-26 21:17:06", "elapsed": 3698.450858, "delta": 12.38519}}
{"target": 1.248112083479753, "params": {"x0": 0.9668088018809237, "x1": 7.454952890319324, "x2": 0.0011437481716133505, "x3": 3.0233257263208664, "x4": 1.4675589081750458, "x5": 1.8467718953727101, "x6": 3.7252042275626747, "x7": -13.088785459131307, "x8": 0.8538582010392742, "x9": 1.9698701212061744}, "datetime": {"datetime": "2025-04-26 21:17:18", "elapsed": 3710.870165, "delta": 12.419307}}
{"target": 1.248112083479753, "params": {"x0": 0.9668088018811032, "x1": 7.454952890321812, "x2": 0.0011437481769148794, "x3": 3.0233257263132347, "x4": 1.467558908164729, "x5": 1.8467718953633407, "x6": 3.7252042275676045, "x7": -13.088785459130332, "x8": 0.8538582010385055, "x9": 1.969870121204914}, "datetime": {"datetime": "2025-04-26 21:17:31", "elapsed": 3723.106996, "delta": 12.236831}}
{"target": 1.248112083479753, "params": {"x0": 0.9668088018809189, "x1": 7.454952890319682, "x2": 0.0011437481733862114, "x3": 3.0233257263193853, "x4": 1.467558908170514, "x5": 1.846771895382197, "x6": 3.725204227555858, "x7": -13.088785459125575, "x8": 0.8538582010388557, "x9": 1.9698701212057375}, "datetime": {"datetime": "2025-04-26 21:17:43", "elapsed": 3735.334019, "delta": 12.227023}}
{"target": 1.248112083479753, "params": {"x0": 0.9668088018808831, "x1": 7.454952890324056, "x2": 0.0011437481791897713, "x3": 3.0233257263195017, "x4": 1.4675589081755807, "x5": 1.8467718953854224, "x6": 3.725204227562301, "x7": -13.088785459137123, "x8": 0.8538582010379887, "x9": 1.9698701212067664}, "datetime": {"datetime": "2025-04-26 21:17:55", "elapsed": 3747.58621, "delta": 12.252191}}
{"target": 1.248112083479753, "params": {"x0": 0.9668088018812033, "x1": 7.454952890322943, "x2": 0.0011437481728763849, "x3": 3.023325726322918, "x4": 1.4675589081678693, "x5": 1.8467718953855552, "x6": 3.725204227561683, "x7": -13.088785459136524, "x8": 0.853858201039216, "x9": 1.96987012120624}, "datetime": {"datetime": "2025-04-26 21:18:08", "elapsed": 3760.2394, "delta": 12.65319}}
{"target": 1.248112083479753, "params": {"x0": 0.9668088018808998, "x1": 7.454952890320452, "x2": 0.0011437481750154596, "x3": 3.023325726321157, "x4": 1.4675589081721057, "x5": 1.84677189538086, "x6": 3.7252042275490935, "x7": -13.088785459136226, "x8": 0.8538582010387592, "x9": 1.9698701212065193}, "datetime": {"datetime": "2025-04-26 21:18:20", "elapsed": 3772.956226, "delta": 12.716826}}
{"target": 1.248112083479753, "params": {"x0": 0.9668088018811886, "x1": 7.454952890326381, "x2": 0.0011437481750333736, "x3": 3.0233257263213553, "x4": 1.4675589081736884, "x5": 1.8467718953742835, "x6": 3.7252042275544603, "x7": -13.088785459148104, "x8": 0.8538582010386317, "x9": 1.9698701212052658}, "datetime": {"datetime": "2025-04-26 21:18:33", "elapsed": 3785.244478, "delta": 12.288252}}
{"target": 1.248112083479753, "params": {"x0": 0.9668088018810492, "x1": 7.4549528903212225, "x2": 0.0011437481768040482, "x3": 3.023325726316923, "x4": 1.4675589081711362, "x5": 1.8467718953700956, "x6": 3.725204227557126, "x7": -13.088785459133481, "x8": 0.8538582010382229, "x9": 1.9698701212057843}, "datetime": {"datetime": "2025-04-26 21:18:45", "elapsed": 3797.387981, "delta": 12.143503}}
{"target": 1.248112083479753, "params": {"x0": 0.9668088018810821, "x1": 7.454952890322119, "x2": 0.0011437481726298657, "x3": 3.0233257263199977, "x4": 1.4675589081723444, "x5": 1.846771895378377, "x6": 3.7252042275491095, "x7": -13.088785459146017, "x8": 0.8538582010386069, "x9": 1.969870121205517}, "datetime": {"datetime": "2025-04-26 21:18:57", "elapsed": 3809.883892, "delta": 12.495911}}
{"target": 1.248112083479753, "params": {"x0": 0.966808801881045, "x1": 7.4549528903217706, "x2": 0.0011437481712161708, "x3": 3.023325726315772, "x4": 1.4675589081702742, "x5": 1.8467718953710481, "x6": 3.725204227550961, "x7": -13.088785459132803, "x8": 0.8538582010377674, "x9": 1.9698701212059573}, "datetime": {"datetime": "2025-04-26 21:19:10", "elapsed": 3822.266393, "delta": 12.382501}}
{"target": 1.248112083479753, "params": {"x0": 0.9668088018810325, "x1": 7.454952890326092, "x2": 0.001143748170747533, "x3": 3.023325726316165, "x4": 1.4675589081686173, "x5": 1.8467718953734793, "x6": 3.7252042275503414, "x7": -13.088785459136496, "x8": 0.8538582010384868, "x9": 1.969870121206251}, "datetime": {"datetime": "2025-04-26 21:19:22", "elapsed": 3834.670115, "delta": 12.403722}}
{"target": 1.248112083479753, "params": {"x0": 0.9668088018811151, "x1": 7.454952890323034, "x2": 0.0011437481748766776, "x3": 3.0233257263184328, "x4": 1.467558908168713, "x5": 1.8467718953729253, "x6": 3.7252042275585198, "x7": -13.08878545913513, "x8": 0.8538582010382001, "x9": 1.969870121206216}, "datetime": {"datetime": "2025-04-26 21:19:34", "elapsed": 3847.019055, "delta": 12.34894}}
{"target": 1.248112083479753, "params": {"x0": 0.9668088018810536, "x1": 7.454952890321825, "x2": 0.0011437481724583499, "x3": 3.0233257263193125, "x4": 1.4675589081700278, "x5": 1.8467718953779388, "x6": 3.725204227556307, "x7": -13.088785459138201, "x8": 0.8538582010379503, "x9": 1.9698701212062966}, "datetime": {"datetime": "2025-04-26 21:19:47", "elapsed": 3859.605969, "delta": 12.586914}}
{"target": 1.248112083479753, "params": {"x0": 0.9668088018810027, "x1": 7.454952890322841, "x2": 0.0011437481747071463, "x3": 3.0233257263175606, "x4": 1.4675589081701106, "x5": 1.8467718953740522, "x6": 3.725204227556015, "x7": -13.088785459139997, "x8": 0.8538582010384894, "x9": 1.9698701212062462}, "datetime": {"datetime": "2025-04-26 21:19:59", "elapsed": 3871.737097, "delta": 12.131128}}
{"target": 1.248112083479753, "params": {"x0": 0.9668088018809549, "x1": 7.454952890324309, "x2": 0.0011437481723211849, "x3": 3.023325726319651, "x4": 1.4675589081715246, "x5": 1.8467718953762073, "x6": 3.725204227554831, "x7": -13.088785459136238, "x8": 0.853858201038391, "x9": 1.969870121205954}, "datetime": {"datetime": "2025-04-26 21:20:12", "elapsed": 3884.160093, "delta": 12.422996}}
{"target": 1.248112083479753, "params": {"x0": 0.9668088018810047, "x1": 7.454952890324096, "x2": 0.001143748172569183, "x3": 3.0233257263193636, "x4": 1.4675589081711171, "x5": 1.8467718953748766, "x6": 3.725204227554725, "x7": -13.088785459138924, "x8": 0.853858201038013, "x9": 1.9698701212058378}, "datetime": {"datetime": "2025-04-26 21:20:24", "elapsed": 3896.172877, "delta": 12.012784}}
{"target": 1.248112083479753, "params": {"x0": 0.9668088018809853, "x1": 7.454952890324327, "x2": 0.0011437481736706384, "x3": 3.0233257263182662, "x4": 1.4675589081701417, "x5": 1.8467718953785324, "x6": 3.7252042275519814, "x7": -13.08878545913708, "x8": 0.8538582010380428, "x9": 1.9698701212058225}, "datetime": {"datetime": "2025-04-26 21:20:35", "elapsed": 3908.04654, "delta": 11.873663}}
{"target": 1.248112083479753, "params": {"x0": 0.9668088018810769, "x1": 7.454952890323485, "x2": 0.0011437481734602598, "x3": 3.023325726319564, "x4": 1.4675589081714808, "x5": 1.8467718953758732, "x6": 3.7252042275530743, "x7": -13.088785459139917, "x8": 0.8538582010383838, "x9": 1.9698701212059704}, "datetime": {"datetime": "2025-04-26 21:20:48", "elapsed": 3920.120724, "delta": 12.074184}}
{"target": 1.248112083479753, "params": {"x0": 0.966808801881067, "x1": 7.4549528903237965, "x2": 0.0011437481726064088, "x3": 3.0233257263182325, "x4": 1.4675589081716822, "x5": 1.8467718953770733, "x6": 3.7252042275512887, "x7": -13.088785459138581, "x8": 0.8538582010382276, "x9": 1.9698701212061587}, "datetime": {"datetime": "2025-04-26 21:20:59", "elapsed": 3932.050994, "delta": 11.93027}}
{"target": 1.248112083479753, "params": {"x0": 0.9668088018810643, "x1": 7.454952890323726, "x2": 0.001143748172798334, "x3": 3.0233257263193662, "x4": 1.4675589081721117, "x5": 1.8467718953767356, "x6": 3.7252042275529225, "x7": -13.088785459138663, "x8": 0.8538582010380915, "x9": 1.96987012120587}, "datetime": {"datetime": "2025-04-26 21:21:11", "elapsed": 3943.982014, "delta": 11.93102}}
{"target": 1.248112083479753, "params": {"x0": 0.9668088018810213, "x1": 7.454952890323835, "x2": 0.0011437481730175426, "x3": 3.0233257263179847, "x4": 1.4675589081721274, "x5": 1.8467718953742907, "x6": 3.725204227554698, "x7": -13.08878545914056, "x8": 0.8538582010383428, "x9": 1.9698701212058907}, "datetime": {"datetime": "2025-04-26 21:21:23", "elapsed": 3956.071083, "delta": 12.089069}}
{"target": 1.248112083479753, "params": {"x0": 0.9668088018810671, "x1": 7.454952890323908, "x2": 0.001143748173916911, "x3": 3.0233257263192503, "x4": 1.4675589081714437, "x5": 1.8467718953762533, "x6": 3.7252042275536708, "x7": -13.088785459139885, "x8": 0.8538582010383341, "x9": 1.9698701212060585}, "datetime": {"datetime": "2025-04-26 21:21:36", "elapsed": 3968.182038, "delta": 12.110955}}
{"target": 1.248112083479753, "params": {"x0": 0.9668088018810416, "x1": 7.454952890323223, "x2": 0.0011437481727415923, "x3": 3.0233257263179802, "x4": 1.4675589081708127, "x5": 1.8467718953756107, "x6": 3.725204227554227, "x7": -13.088785459137663, "x8": 0.8538582010381484, "x9": 1.9698701212061165}, "datetime": {"datetime": "2025-04-26 21:21:48", "elapsed": 3980.297302, "delta": 12.115264}}
{"target": 1.248112083479753, "params": {"x0": 0.9668088018810403, "x1": 7.454952890323029, "x2": 0.0011437481730202433, "x3": 3.023325726317679, "x4": 1.4675589081707137, "x5": 1.8467718953761045, "x6": 3.725204227554406, "x7": -13.088785459137592, "x8": 0.8538582010382677, "x9": 1.9698701212060492}, "datetime": {"datetime": "2025-04-26 21:22:00", "elapsed": 3992.648709, "delta": 12.351407}}
{"target": 1.248112083479753, "params": {"x0": 0.9668088018810184, "x1": 7.454952890323496, "x2": 0.0011437481736444241, "x3": 3.0233257263182876, "x4": 1.46755890817156, "x5": 1.8467718953770913, "x6": 3.7252042275526644, "x7": -13.0887854591388, "x8": 0.8538582010383879, "x9": 1.9698701212059586}, "datetime": {"datetime": "2025-04-26 21:22:12", "elapsed": 4004.88657, "delta": 12.237861}}
