{"target": 1.248112083479753, "params": {"x0": 0.9668087992331265, "x1": 7.454952836389592, "x2": 0.0011437235427123197, "x3": 3.0233257633740465, "x4": 1.4675589110985654, "x5": 1.8467719987632933, "x6": 3.7252041694931153, "x7": -13.088785375588289, "x8": 0.8538582093488148, "x9": 1.9698701214208194}, "datetime": {"datetime": "2025-04-26 21:00:01", "elapsed": 2673.451556, "delta": 12.288139}}
{"target": 1.248112083479753, "params": {"x0": 0.9668088010319584, "x1": 7.45495287460031, "x2": 0.0011437210516765342, "x3": 3.023325709574452, "x4": 1.4675589495109524, "x5": 1.8467719642248666, "x6": 3.7252041456527647, "x7": -13.088785556081922, "x8": 0.8538581938173592, "x9": 1.969870118705908}, "datetime": {"datetime": "2025-04-26 21:00:13", "elapsed": 2685.656857, "delta": 12.205301}}
{"target": 1.248112083479753, "params": {"x0": 0.9668088022315606, "x1": 7.454952923649386, "x2": 0.0011437817410395441, "x3": 3.023325778326092, "x4": 1.4675588585272406, "x5": 1.8467718991955955, "x6": 3.7252043183491126, "x7": -13.088785370366196, "x8": 0.8538582022878548, "x9": 1.9698701124579472}, "datetime": {"datetime": "2025-04-26 21:00:25", "elapsed": 2697.84765, "delta": 12.190793}}
{"target": 1.248112083479753, "params": {"x0": 0.9668088006309731, "x1": 7.454952854411315, "x2": 0.0011437057037619893, "x3": 3.0233256906901174, "x4": 1.467558868116481, "x5": 1.8467719371891231, "x6": 3.7252043032185065, "x7": -13.088785401431124, "x8": 0.8538581958941325, "x9": 1.9698701212193301}, "datetime": {"datetime": "2025-04-26 21:00:37", "elapsed": 2709.901714, "delta": 12.054064}}
{"target": 1.248112083479753, "params": {"x0": 0.9668088016644829, "x1": 7.454952916399296, "x2": 0.001143768571214403, "x3": 3.0233257115428893, "x4": 1.4675589009413037, "x5": 1.8467718480825626, "x6": 3.725204225729018, "x7": -13.088785433572202, "x8": 0.8538582056884433, "x9": 1.9698701170111212}, "datetime": {"datetime": "2025-04-26 21:00:50", "elapsed": 2722.104421, "delta": 12.202707}}
{"target": 1.248112083479753, "params": {"x0": 0.9668088031574357, "x1": 7.45495289576674, "x2": 0.0011437540741687081, "x3": 3.0233256946543983, "x4": 1.4675589154492967, "x5": 1.8467718314033186, "x6": 3.725204289557102, "x7": -13.08878546474275, "x8": 0.8538581950528514, "x9": 1.969870114356674}, "datetime": {"datetime": "2025-04-26 21:01:02", "elapsed": 2734.161401, "delta": 12.05698}}
{"target": 1.248112083479753, "params": {"x0": 0.966808802019484, "x1": 7.454952899615282, "x2": 0.0011437399647197342, "x3": 3.0233257082038563, "x4": 1.4675589416812065, "x5": 1.8467718310907981, "x6": 3.7252042631704194, "x7": -13.08878540052035, "x8": 0.8538582000410103, "x9": 1.9698701235922034}, "datetime": {"datetime": "2025-04-26 21:01:14", "elapsed": 2746.220806, "delta": 12.059405}}
{"target": 1.248112083479753, "params": {"x0": 0.9668088025600252, "x1": 7.45495291211194, "x2": 0.00114377322181766, "x3": 3.023325722151262, "x4": 1.467558919053128, "x5": 1.8467718848177397, "x6": 3.725204259719257, "x7": -13.08878549128282, "x8": 0.8538581999552792, "x9": 1.9698701215805352}, "datetime": {"datetime": "2025-04-26 21:01:26", "elapsed": 2758.572412, "delta": 12.351606}}
{"target": 1.248112083479753, "params": {"x0": 0.9668088028461131, "x1": 7.454952915811791, "x2": 0.0011437393247884866, "x3": 3.023325724915762, "x4": 1.467558884713665, "x5": 1.846771928309566, "x6": 3.7252042117487787, "x7": -13.088785485263461, "x8": 0.853858204078968, "x9": 1.9698701180246247}, "datetime": {"datetime": "2025-04-26 21:01:38", "elapsed": 2770.764881, "delta": 12.192469}}
{"target": 1.248112083479753, "params": {"x0": 0.9668088019717451, "x1": 7.454952869628473, "x2": 0.0011437306738612632, "x3": 3.0233257190275684, "x4": 1.4675588909766057, "x5": 1.8467718660268377, "x6": 3.725204270836144, "x7": -13.088785451890708, "x8": 0.8538581965348218, "x9": 1.9698701196402273}, "datetime": {"datetime": "2025-04-26 21:01:51", "elapsed": 2783.111216, "delta": 12.346335}}
{"target": 1.248112083479753, "params": {"x0": 0.966808802343491, "x1": 7.4549528917950365, "x2": 0.001143727471653668, "x3": 3.0233257119640613, "x4": 1.4675589164168394, "x5": 1.8467718597657257, "x6": 3.7252042129867027, "x7": -13.088785413633614, "x8": 0.8538581983925317, "x9": 1.9698701249106243}, "datetime": {"datetime": "2025-04-26 21:02:03", "elapsed": 2795.378888, "delta": 12.267672}}
{"target": 1.248112083479753, "params": {"x0": 0.9668088023134273, "x1": 7.454952894700394, "x2": 0.0011437475138097051, "x3": 3.0233257221270793, "x4": 1.4675589236782616, "x5": 1.8467718734365108, "x6": 3.7252042397548344, "x7": -13.088785426680433, "x8": 0.8538582013631302, "x9": 1.969870124364885}, "datetime": {"datetime": "2025-04-26 21:02:15", "elapsed": 2807.712713, "delta": 12.333825}}
{"target": 1.248112083479753, "params": {"x0": 0.966808802375414, "x1": 7.4549528865939685, "x2": 0.0011437602480400245, "x3": 3.02332573728676, "x4": 1.4675589126794888, "x5": 1.8467718922459386, "x6": 3.725204193332896, "x7": -13.088785451761751, "x8": 0.8538582021559281, "x9": 1.969870119022974}, "datetime": {"datetime": "2025-04-26 21:02:27", "elapsed": 2819.946385, "delta": 12.233672}}
{"target": 1.248112083479753, "params": {"x0": 0.9668088017077262, "x1": 7.4549529006766955, "x2": 0.001143749254611705, "x3": 3.02332571110256, "x4": 1.4675589071086783, "x5": 1.8467719167948724, "x6": 3.725204219779373, "x7": -13.088785435320139, "x8": 0.8538582015377099, "x9": 1.9698701184039802}, "datetime": {"datetime": "2025-04-26 21:02:40", "elapsed": 2832.284183, "delta": 12.337798}}
{"target": 1.248112083479753, "params": {"x0": 0.9668088017914817, "x1": 7.45495290201711, "x2": 0.001143761687738077, "x3": 3.0233257277961565, "x4": 1.4675589027111453, "x5": 1.8467719011390085, "x6": 3.7252042415365967, "x7": -13.088785445459024, "x8": 0.8538582013035729, "x9": 1.9698701185041958}, "datetime": {"datetime": "2025-04-26 21:02:52", "elapsed": 2844.290648, "delta": 12.006465}}
{"target": 1.248112083479753, "params": {"x0": 0.9668088024250687, "x1": 7.454952898212552, "x2": 0.0011437540449533762, "x3": 3.0233257351193825, "x4": 1.4675589102969921, "x5": 1.8467719127188809, "x6": 3.7252042305351925, "x7": -13.08878545751757, "x8": 0.8538582033555105, "x9": 1.969870122457051}, "datetime": {"datetime": "2025-04-26 21:03:04", "elapsed": 2856.724308, "delta": 12.43366}}
{"target": 1.248112083479753, "params": {"x0": 0.9668088014491988, "x1": 7.454952886825817, "x2": 0.0011437431260707357, "x3": 3.0233257175593558, "x4": 1.46755890632995, "x5": 1.846771888866574, "x6": 3.725204247233997, "x7": -13.088785475641739, "x8": 0.8538582015435922, "x9": 1.9698701233308415}, "datetime": {"datetime": "2025-04-26 21:03:16", "elapsed": 2868.926265, "delta": 12.201957}}
{"target": 1.248112083479753, "params": {"x0": 0.9668088019807064, "x1": 7.454952881105636, "x2": 0.0011437557146916932, "x3": 3.0233257370644817, "x4": 1.4675589013770591, "x5": 1.8467718945605203, "x6": 3.7252042145074498, "x7": -13.088785451772981, "x8": 0.8538582009233908, "x9": 1.9698701222646404}, "datetime": {"datetime": "2025-04-26 21:03:29", "elapsed": 2881.350787, "delta": 12.424522}}
{"target": 1.248112083479753, "params": {"x0": 0.9668088021830791, "x1": 7.454952891288465, "x2": 0.001143754845866077, "x3": 3.0233257337368404, "x4": 1.4675589178447934, "x5": 1.846771890032082, "x6": 3.7252042188328987, "x7": -13.088785475529551, "x8": 0.8538582022916722, "x9": 1.9698701228265183}, "datetime": {"datetime": "2025-04-26 21:03:41", "elapsed": 2893.507155, "delta": 12.156368}}
{"target": 1.248112083479753, "params": {"x0": 0.9668088016082581, "x1": 7.454952882903726, "x2": 0.001143742834503799, "x3": 3.02332572773555, "x4": 1.4675589052856242, "x5": 1.8467719065446218, "x6": 3.7252042169094692, "x7": -13.088785475151848, "x8": 0.8538582024905321, "x9": 1.9698701228317717}, "datetime": {"datetime": "2025-04-26 21:03:53", "elapsed": 2905.318945, "delta": 11.81179}}
{"target": 1.248112083479753, "params": {"x0": 0.9668088018488321, "x1": 7.454952895238186, "x2": 0.001143740609456556, "x3": 3.0233257317787725, "x4": 1.4675589041096222, "x5": 1.846771885483261, "x6": 3.725204232177198, "x7": -13.088785463541123, "x8": 0.8538582010592963, "x9": 1.9698701216441217}, "datetime": {"datetime": "2025-04-26 21:04:05", "elapsed": 2917.52829, "delta": 12.209345}}
{"target": 1.248112083479753, "params": {"x0": 0.9668088015969809, "x1": 7.454952888181413, "x2": 0.0011437487050749429, "x3": 3.02332573264203, "x4": 1.4675589042774595, "x5": 1.846771881586896, "x6": 3.725204232346217, "x7": -13.088785464352657, "x8": 0.8538582004089864, "x9": 1.9698701203482716}, "datetime": {"datetime": "2025-04-26 21:04:17", "elapsed": 2929.850746, "delta": 12.322456}}
{"target": 1.248112083479753, "params": {"x0": 0.9668088018234333, "x1": 7.454952888790847, "x2": 0.0011437469509630752, "x3": 3.023325723825989, "x4": 1.467558909269006, "x5": 1.846771907744369, "x6": 3.7252042151212454, "x7": -13.088785459817394, "x8": 0.8538582008345252, "x9": 1.9698701216892427}, "datetime": {"datetime": "2025-04-26 21:04:29", "elapsed": 2942.023688, "delta": 12.172942}}
{"target": 1.248112083479753, "params": {"x0": 0.9668088019490914, "x1": 7.454952887061912, "x2": 0.0011437497720515307, "x3": 3.023325725183363, "x4": 1.4675589056331722, "x5": 1.84677190047, "x6": 3.7252042263293244, "x7": -13.088785469139795, "x8": 0.8538582010119903, "x9": 1.9698701221171329}, "datetime": {"datetime": "2025-04-26 21:04:42", "elapsed": 2954.241557, "delta": 12.217869}}
{"target": 1.248112083479753, "params": {"x0": 0.9668088019292447, "x1": 7.4549528932584535, "x2": 0.0011437438699968313, "x3": 3.0233257219384657, "x4": 1.4675589037016075, "x5": 1.8467718951959835, "x6": 3.7252042185786585, "x7": -13.088785457246834, "x8": 0.8538582010511525, "x9": 1.9698701221085537}, "datetime": {"datetime": "2025-04-26 21:04:54", "elapsed": 2966.321008, "delta": 12.079451}}
{"target": 1.248112083479753, "params": {"x0": 0.9668088017523466, "x1": 7.454952887769698, "x2": 0.0011437522749337193, "x3": 3.0233257256758144, "x4": 1.467558912243515, "x5": 1.8467718932530384, "x6": 3.725204236426056, "x7": -13.088785457136126, "x8": 0.8538582010675612, "x9": 1.9698701218896486}, "datetime": {"datetime": "2025-04-26 21:05:06", "elapsed": 2978.511189, "delta": 12.190181}}
{"target": 1.248112083479753, "params": {"x0": 0.9668088018412688, "x1": 7.454952889435011, "x2": 0.0011437484443394994, "x3": 3.0233257257122603, "x4": 1.4675589090812093, "x5": 1.8467719020200444, "x6": 3.7252042358388677, "x7": -13.088785456090665, "x8": 0.8538582012248397, "x9": 1.969870121539141}, "datetime": {"datetime": "2025-04-26 21:05:18", "elapsed": 2990.997362, "delta": 12.486173}}
{"target": 1.248112083479753, "params": {"x0": 0.9668088018962866, "x1": 7.45495289182362, "x2": 0.0011437450379034573, "x3": 3.0233257237782283, "x4": 1.4675589070456745, "x5": 1.8467718958765338, "x6": 3.7252042227922706, "x7": -13.088785456022876, "x8": 0.8538582013248828, "x9": 1.9698701215066747}, "datetime": {"datetime": "2025-04-26 21:05:30", "elapsed": 3003.069559, "delta": 12.072197}}
{"target": 1.248112083479753, "params": {"x0": 0.9668088020129553, "x1": 7.4549528899336055, "x2": 0.0011437509913060796, "x3": 3.0233257235592412, "x4": 1.4675589096163328, "x5": 1.846771890041747, "x6": 3.725204229590971, "x7": -13.088785455242688, "x8": 0.8538582005968598, "x9": 1.969870120787268}, "datetime": {"datetime": "2025-04-26 21:05:43", "elapsed": 3015.474632, "delta": 12.405073}}
{"target": 1.248112083479753, "params": {"x0": 0.9668088018011015, "x1": 7.454952890557334, "x2": 0.001143748328953667, "x3": 3.0233257260158983, "x4": 1.4675589088564294, "x5": 1.8467718991134465, "x6": 3.7252042311089792, "x7": -13.088785456856968, "x8": 0.85385820052855, "x9": 1.9698701216927446}, "datetime": {"datetime": "2025-04-26 21:05:54", "elapsed": 3026.918348, "delta": 11.443716}}
{"target": 1.248112083479753, "params": {"x0": 0.9668088018330151, "x1": 7.454952891607025, "x2": 0.0011437476423425746, "x3": 3.0233257248413503, "x4": 1.4675589098358484, "x5": 1.8467718929049972, "x6": 3.7252042274752197, "x7": -13.088785454520288, "x8": 0.8538582014185311, "x9": 1.969870120959755}, "datetime": {"datetime": "2025-04-26 21:06:07", "elapsed": 3039.15817, "delta": 12.239822}}
{"target": 1.248112083479753, "params": {"x0": 0.9668088019539299, "x1": 7.454952889182484, "x2": 0.00114374837071931, "x3": 3.0233257248855003, "x4": 1.467558910357831, "x5": 1.8467718925845498, "x6": 3.725204232134457, "x7": -13.088785461648149, "x8": 0.8538582013027947, "x9": 1.9698701214403254}, "datetime": {"datetime": "2025-04-26 21:06:19", "elapsed": 3051.457252, "delta": 12.299082}}
{"target": 1.248112083479753, "params": {"x0": 0.9668088018285362, "x1": 7.4549528907276255, "x2": 0.001143748945614851, "x3": 3.0233257244699003, "x4": 1.4675589086080407, "x5": 1.846771895530197, "x6": 3.7252042260238234, "x7": -13.088785458063041, "x8": 0.853858200673383, "x9": 1.9698701211617404}, "datetime": {"datetime": "2025-04-26 21:06:31", "elapsed": 3063.651047, "delta": 12.193795}}
{"target": 1.248112083479753, "params": {"x0": 0.9668088018338087, "x1": 7.45495289135064, "x2": 0.0011437474442593124, "x3": 3.023325726530237, "x4": 1.467558909872084, "x5": 1.8467718954865828, "x6": 3.7252042256061295, "x7": -13.08878545757725, "x8": 0.8538582010026131, "x9": 1.969870121350021}, "datetime": {"datetime": "2025-04-26 21:06:43", "elapsed": 3075.802835, "delta": 12.151788}}
{"target": 1.248112083479753, "params": {"x0": 0.9668088018660368, "x1": 7.454952889818382, "x2": 0.0011437476877972448, "x3": 3.023325725510077, "x4": 1.4675589072175044, "x5": 1.846771894779627, "x6": 3.72520422481904, "x7": -13.08878545763843, "x8": 0.8538582008401169, "x9": 1.9698701214100245}, "datetime": {"datetime": "2025-04-26 21:06:56", "elapsed": 3088.09753, "delta": 12.294695}}
{"target": 1.248112083479753, "params": {"x0": 0.9668088019304055, "x1": 7.4549528909894605, "x2": 0.0011437487571016296, "x3": 3.0233257254636126, "x4": 1.4675589081850808, "x5": 1.8467718957569872, "x6": 3.72520422515696, "x7": -13.088785458477966, "x8": 0.8538582009915024, "x9": 1.9698701214756253}, "datetime": {"datetime": "2025-04-26 21:07:07", "elapsed": 3099.942796, "delta": 11.845266}}
{"target": 1.248112083479753, "params": {"x0": 0.9668088018250093, "x1": 7.454952889027704, "x2": 0.0011437487212587378, "x3": 3.023325727317898, "x4": 1.4675589095855803, "x5": 1.8467718942095666, "x6": 3.725204229932203, "x7": -13.088785457270312, "x8": 0.8538582012573774, "x9": 1.9698701211659253}, "datetime": {"datetime": "2025-04-26 21:07:19", "elapsed": 3111.790001, "delta": 11.847205}}
{"target": 1.248112083479753, "params": {"x0": 0.966808801839462, "x1": 7.454952891465605, "x2": 0.0011437486341515388, "x3": 3.0233257266710583, "x4": 1.467558908456457, "x5": 1.8467718962203572, "x6": 3.7252042276839368, "x7": -13.088785459282061, "x8": 0.8538582011638813, "x9": 1.9698701214155576}, "datetime": {"datetime": "2025-04-26 21:07:31", "elapsed": 3124.039005, "delta": 12.249004}}
{"target": 1.248112083479753, "params": {"x0": 0.9668088018607154, "x1": 7.454952889288598, "x2": 0.0011437481345611047, "x3": 3.023325726796507, "x4": 1.4675589092404129, "x5": 1.846771894415334, "x6": 3.7252042271470205, "x7": -13.088785459273433, "x8": 0.8538582012510512, "x9": 1.9698701212787402}, "datetime": {"datetime": "2025-04-26 21:07:44", "elapsed": 3136.295778, "delta": 12.256773}}
{"target": 1.248112083479753, "params": {"x0": 0.9668088018577013, "x1": 7.454952890049749, "x2": 0.0011437480214616831, "x3": 3.0233257263169926, "x4": 1.4675589072185757, "x5": 1.8467718948065768, "x6": 3.7252042278543813, "x7": -13.088785458297137, "x8": 0.8538582009926705, "x9": 1.969870121009349}, "datetime": {"datetime": "2025-04-26 21:07:56", "elapsed": 3148.460785, "delta": 12.165007}}
{"target": 1.248112083479753, "params": {"x0": 0.966808801848661, "x1": 7.454952890140103, "x2": 0.00114374898271191, "x3": 3.0233257270688725, "x4": 1.4675589072480106, "x5": 1.84677189614143, "x6": 3.7252042280913136, "x7": -13.08878545803333, "x8": 0.8538582012042721, "x9": 1.9698701212308656}, "datetime": {"datetime": "2025-04-26 21:08:08", "elapsed": 3160.848639, "delta": 12.387854}}
{"target": 1.248112083479753, "params": {"x0": 0.9668088019135233, "x1": 7.454952890618659, "x2": 0.0011437486584636185, "x3": 3.0233257260119037, "x4": 1.4675589089238645, "x5": 1.8467718941643114, "x6": 3.7252042290607417, "x7": -13.088785457959068, "x8": 0.8538582010819704, "x9": 1.9698701211940286}, "datetime": {"datetime": "2025-04-26 21:08:20", "elapsed": 3172.986785, "delta": 12.138146}}
{"target": 1.248112083479753, "params": {"x0": 0.966808801855409, "x1": 7.45495288978512, "x2": 0.0011437486462565986, "x3": 3.0233257264489324, "x4": 1.4675589084579972, "x5": 1.8467718949130967, "x6": 3.72520422683919, "x7": -13.088785457646747, "x8": 0.8538582010020485, "x9": 1.9698701213164118}, "datetime": {"datetime": "2025-04-26 21:08:33", "elapsed": 3185.347894, "delta": 12.361109}}
{"target": 1.248112083479753, "params": {"x0": 0.9668088018891405, "x1": 7.4549528898847885, "x2": 0.0011437475674189387, "x3": 3.0233257258634465, "x4": 1.4675589079541294, "x5": 1.8467718967233757, "x6": 3.725204227377465, "x7": -13.088785458011863, "x8": 0.8538582009362667, "x9": 1.9698701211746334}, "datetime": {"datetime": "2025-04-26 21:08:45", "elapsed": 3197.50781, "delta": 12.159916}}
{"target": 1.248112083479753, "params": {"x0": 0.9668088018657798, "x1": 7.4549528907596825, "x2": 0.0011437482858283037, "x3": 3.0233257257106207, "x4": 1.4675589078446085, "x5": 1.8467718941508242, "x6": 3.7252042277782667, "x7": -13.088785458226795, "x8": 0.8538582009664161, "x9": 1.969870121138779}, "datetime": {"datetime": "2025-04-26 21:08:57", "elapsed": 3209.687354, "delta": 12.179544}}
{"target": 1.248112083479753, "params": {"x0": 0.9668088018609202, "x1": 7.454952890428944, "x2": 0.0011437484624681226, "x3": 3.023325725940341, "x4": 1.4675589086792356, "x5": 1.8467718943278335, "x6": 3.725204226446775, "x7": -13.088785459132504, "x8": 0.8538582010451616, "x9": 1.9698701211954388}, "datetime": {"datetime": "2025-04-26 21:09:09", "elapsed": 3222.045333, "delta": 12.357979}}
{"target": 1.248112083479753, "params": {"x0": 0.966808801863252, "x1": 7.454952890146486, "x2": 0.0011437480621519405, "x3": 3.023325726112417, "x4": 1.4675589081638034, "x5": 1.846771896326518, "x6": 3.725204228436628, "x7": -13.08878546014721, "x8": 0.8538582011166655, "x9": 1.9698701211702583}, "datetime": {"datetime": "2025-04-26 21:09:22", "elapsed": 3234.440636, "delta": 12.395303}}
{"target": 1.248112083479753, "params": {"x0": 0.9668088018964054, "x1": 7.4549528901634226, "x2": 0.0011437485591582882, "x3": 3.02332572590425, "x4": 1.4675589081168259, "x5": 1.846771896159386, "x6": 3.7252042274306625, "x7": -13.088785458686031, "x8": 0.8538582009651295, "x9": 1.9698701212434029}, "datetime": {"datetime": "2025-04-26 21:09:34", "elapsed": 3246.632865, "delta": 12.192229}}
{"target": 1.248112083479753, "params": {"x0": 0.9668088018747657, "x1": 7.454952890479924, "x2": 0.0011437482914651383, "x3": 3.0233257261909916, "x4": 1.4675589085696246, "x5": 1.846771895661348, "x6": 3.725204227574313, "x7": -13.08878545911365, "x8": 0.8538582009800909, "x9": 1.969870121183498}, "datetime": {"datetime": "2025-04-26 21:09:46", "elapsed": 3258.526181, "delta": 11.893316}}
{"target": 1.248112083479753, "params": {"x0": 0.966808801879389, "x1": 7.454952890024465, "x2": 0.001143748435980623, "x3": 3.0233257260630806, "x4": 1.4675589082754086, "x5": 1.846771895818755, "x6": 3.725204227737854, "x7": -13.08878545987317, "x8": 0.8538582010839567, "x9": 1.9698701211903569}, "datetime": {"datetime": "2025-04-26 21:09:58", "elapsed": 3270.971168, "delta": 12.444987}}
{"target": 1.248112083479753, "params": {"x0": 0.9668088018878791, "x1": 7.454952890205125, "x2": 0.0011437483103284248, "x3": 3.0233257260849684, "x4": 1.4675589078956366, "x5": 1.846771895742348, "x6": 3.725204227885638, "x7": -13.088785459210834, "x8": 0.8538582010700507, "x9": 1.969870121169793}, "datetime": {"datetime": "2025-04-26 21:10:10", "elapsed": 3283.021054, "delta": 12.049886}}
{"target": 1.248112083479753, "params": {"x0": 0.9668088018700254, "x1": 7.454952890273519, "x2": 0.0011437482465510489, "x3": 3.0233257262284985, "x4": 1.4675589080133453, "x5": 1.8467718950264371, "x6": 3.725204227145291, "x7": -13.088785459214602, "x8": 0.8538582010372077, "x9": 1.9698701212269942}, "datetime": {"datetime": "2025-04-26 21:10:23", "elapsed": 3295.177813, "delta": 12.156759}}
{"target": 1.248112083479753, "params": {"x0": 0.9668088018767873, "x1": 7.45495289038968, "x2": 0.0011437482425616682, "x3": 3.023325726069987, "x4": 1.4675589079137032, "x5": 1.8467718950121499, "x6": 3.72520422716647, "x7": -13.088785458867315, "x8": 0.8538582010390015, "x9": 1.9698701212100136}, "datetime": {"datetime": "2025-04-26 21:10:35", "elapsed": 3307.384312, "delta": 12.206499}}
{"target": 1.248112083479753, "params": {"x0": 0.9668088018757767, "x1": 7.454952890414753, "x2": 0.0011437481118713733, "x3": 3.0233257264874163, "x4": 1.4675589079480227, "x5": 1.8467718950844922, "x6": 3.7252042275966124, "x7": -13.08878545866475, "x8": 0.8538582010514111, "x9": 1.9698701212446563}, "datetime": {"datetime": "2025-04-26 21:10:47", "elapsed": 3319.681755, "delta": 12.297443}}
{"target": 1.248112083479753, "params": {"x0": 0.9668088018842668, "x1": 7.4549528902794755, "x2": 0.0011437482103139965, "x3": 3.0233257260991606, "x4": 1.467558908330178, "x5": 1.8467718955029706, "x6": 3.725204227262087, "x7": -13.088785459461407, "x8": 0.8538582010042555, "x9": 1.969870121179496}, "datetime": {"datetime": "2025-04-26 21:10:59", "elapsed": 3332.063338, "delta": 12.381583}}
