{"target": 1.248112083479753, "params": {"x0": 1.000700337955126, "x1": 7.766758063389639, "x2": 0.03434115959738241, "x3": 1.7322599942503594, "x4": 1.4990507266532613, "x5": 1.2180438759531889, "x6": 0.13884611102094568, "x7": -17.693001346937038, "x8": 0.8831430867511785, "x9": 2.0146599699681857}, "datetime": {"datetime": "2025-04-26 20:26:41", "elapsed": 673.968515, "delta": 12.452837}}
{"target": 1.248112083479753, "params": {"x0": 0.986462897859015, "x1": 7.4939599379687625, "x2": 0.16289259251491742, "x3": 2.279404875195725, "x4": 0.8239480851557491, "x5": 1.3434539693976275, "x6": 0.007860797879941433, "x7": -17.112593707022356, "x8": 1.0521342660005335, "x9": 1.886767701966707}, "datetime": {"datetime": "2025-04-26 20:26:54", "elapsed": 686.434144, "delta": 12.465629}}
{"target": 1.248112083479753, "params": {"x0": 1.041651470004985, "x1": 6.052002453008947, "x2": 0.2315301691298188, "x3": 1.379093185619431, "x4": 1.8505486072056034, "x5": 0.3727301592067318, "x6": 0.22567583715532868, "x7": -16.887489833119478, "x8": 0.7126542026176993, "x9": 1.7661291433777822}, "datetime": {"datetime": "2025-04-26 20:27:06", "elapsed": 698.753772, "delta": 12.319628}}
{"target": 1.248112083479753, "params": {"x0": 0.9485946107309376, "x1": 8.563175029937288, "x2": 0.40989729758416393, "x3": 1.5772702088378083, "x4": 0.5657577369380514, "x5": 0.791244375695713, "x6": 0.5138653496241954, "x7": -16.186834769446474, "x8": 0.8065843898713065, "x9": 2.081968664632384}, "datetime": {"datetime": "2025-04-26 20:27:19", "elapsed": 711.226736, "delta": 12.472964}}
{"target": 1.248112083479753, "params": {"x0": 0.9212249913563723, "x1": 8.56035448134005, "x2": 0.11447131155358414, "x3": 3.845981750052771, "x4": 0.14362169599401403, "x5": 0.18029707470804912, "x6": 0.8709005682352104, "x7": -15.576558334317472, "x8": 0.671082661600905, "x9": 1.9119836428858754}, "datetime": {"datetime": "2025-04-26 20:27:30", "elapsed": 722.980062, "delta": 11.753326}}
{"target": 1.248112083479753, "params": {"x0": 0.9578085304216019, "x1": 6.461032685695989, "x2": 0.7998648010165931, "x3": 1.9490489119387824, "x4": 0.8946273588818364, "x5": 0.24779088453024525, "x6": 1.1245140527397937, "x7": -15.816812976675827, "x8": 0.6223411257999668, "x9": 2.110009264677582}, "datetime": {"datetime": "2025-04-26 20:27:43", "elapsed": 735.456651, "delta": 12.476589}}
{"target": 1.248112083479753, "params": {"x0": 0.9717481919927637, "x1": 8.563012382959133, "x2": 0.12877995585798224, "x3": 3.475500663793109, "x4": 0.36900633147482703, "x5": 0.22043272101311248, "x6": 1.377524043282141, "x7": -14.988790377988273, "x8": 1.0438228443568227, "x9": 2.1842283000584883}, "datetime": {"datetime": "2025-04-26 20:27:55", "elapsed": 747.719832, "delta": 12.263181}}
{"target": 1.248112083479753, "params": {"x0": 1.0087652164690972, "x1": 8.019354099949856, "x2": 0.17852454250545408, "x3": 1.993695025930097, "x4": 0.9723381648538122, "x5": 0.017333816022009715, "x6": 1.6420174133841616, "x7": -15.116264735752564, "x8": 0.9329616059121152, "x9": 1.9094194411802712}, "datetime": {"datetime": "2025-04-26 20:28:07", "elapsed": 759.693824, "delta": 11.973992}}
{"target": 1.248112083479753, "params": {"x0": 0.9674471289136017, "x1": 8.058354711384993, "x2": 0.20614501735595075, "x3": 2.843141715755021, "x4": 0.5146880373493377, "x5": 0.018250882610136326, "x6": 2.16640770012588, "x7": -14.47064256100348, "x8": 0.6941300896186215, "x9": 2.031495800169798}, "datetime": {"datetime": "2025-04-26 20:28:19", "elapsed": 771.855879, "delta": 12.162055}}
{"target": 1.248112083479753, "params": {"x0": 0.9948346514941186, "x1": 7.7941094167394604, "x2": 0.4979476733826376, "x3": 2.291077481495744, "x4": 0.8133432115883104, "x5": 0.10813319283717014, "x6": 1.9463233016084454, "x7": -14.749469893926396, "x8": 0.6846399467878914, "x9": 2.0941066087182865}, "datetime": {"datetime": "2025-04-26 20:28:31", "elapsed": 783.690337, "delta": 11.834458}}
{"target": 1.248112083479753, "params": {"x0": 0.9592464584258361, "x1": 7.444172504249932, "x2": 0.1269418820842344, "x3": 2.54235320636019, "x4": 0.891106115508455, "x5": 0.38747812764879463, "x6": 2.2352928582001828, "x7": -14.663488058437304, "x8": 0.8998538797744419, "x9": 2.087639822638425}, "datetime": {"datetime": "2025-04-26 20:28:43", "elapsed": 795.643058, "delta": 11.952721}}
{"target": 1.248112083479753, "params": {"x0": 0.9405561857669219, "x1": 7.89582555008316, "x2": 0.12733894366460646, "x3": 2.9297098514435604, "x4": 0.9013237552009057, "x5": 0.5264631393871982, "x6": 2.4600739936331073, "x7": -14.418543647884965, "x8": 0.8657223438120549, "x9": 1.852087551126297}, "datetime": {"datetime": "2025-04-26 20:28:55", "elapsed": 808.043641, "delta": 12.400583}}
{"target": 1.248112083479753, "params": {"x0": 0.9546092088435806, "x1": 6.9441094028451005, "x2": 0.07711076998366628, "x3": 2.3644237053691306, "x4": 1.2704930696909433, "x5": 0.6737737118812591, "x6": 2.429844956137367, "x7": -14.288175876728966, "x8": 0.9658212797461804, "x9": 2.0069581289146003}, "datetime": {"datetime": "2025-04-26 20:29:08", "elapsed": 820.550295, "delta": 12.506654}}
{"target": 1.248112083479753, "params": {"x0": 0.9593768231647642, "x1": 6.9854773815126645, "x2": 0.27774846507682094, "x3": 2.4363824221045367, "x4": 0.8927833510299272, "x5": 0.802316217506189, "x6": 2.560707290131184, "x7": -14.164871649774957, "x8": 0.9399972813675304, "x9": 1.9970431601614103}, "datetime": {"datetime": "2025-04-26 20:29:20", "elapsed": 833.010335, "delta": 12.46004}}
{"target": 1.248112083479753, "params": {"x0": 0.9477425905378655, "x1": 7.085618436797242, "x2": 0.17420365263693502, "x3": 3.4443724628073773, "x4": 1.133196306108092, "x5": 0.8196760416207639, "x6": 2.6878059879843264, "x7": -14.130640899642254, "x8": 0.801945218987034, "x9": 1.897951821469239}, "datetime": {"datetime": "2025-04-26 20:29:33", "elapsed": 845.237926, "delta": 12.227591}}
{"target": 1.248112083479753, "params": {"x0": 0.9852048630757424, "x1": 7.7224635905851455, "x2": 0.05000388237178354, "x3": 2.5589367421854217, "x4": 1.4739256187093905, "x5": 1.0270714963589669, "x6": 2.7896361055365437, "x7": -13.924225600561682, "x8": 0.8234805416364845, "x9": 2.030512405228072}, "datetime": {"datetime": "2025-04-26 20:29:45", "elapsed": 857.801435, "delta": 12.563509}}
{"target": 1.248112083479753, "params": {"x0": 0.9656061064928879, "x1": 7.750499632031547, "x2": 0.21028391150690032, "x3": 3.307772728363875, "x4": 1.1394744840900732, "x5": 1.0943715765365494, "x6": 2.88266074437862, "x7": -13.95387338279922, "x8": 0.9309859612237741, "x9": 2.015469028259273}, "datetime": {"datetime": "2025-04-26 20:29:57", "elapsed": 870.035104, "delta": 12.233669}}
{"target": 1.248112083479753, "params": {"x0": 0.9707127390600919, "x1": 7.120802466281258, "x2": 0.06931976789144069, "x3": 3.029240050779258, "x4": 1.0866564726663948, "x5": 1.0907817592778197, "x6": 3.049817529717901, "x7": -13.664414981674142, "x8": 0.9181001211925938, "x9": 1.9954099896167528}, "datetime": {"datetime": "2025-04-26 20:30:10", "elapsed": 882.244771, "delta": 12.209667}}
{"target": 1.248112083479753, "params": {"x0": 0.954721468739867, "x1": 7.736959264570049, "x2": 0.009041633390998345, "x3": 3.0066130197756546, "x4": 1.1585266505037723, "x5": 1.1900373743948254, "x6": 3.2565560908432136, "x7": -13.51809004408146, "x8": 0.8483968919128592, "x9": 2.0038089096816734}, "datetime": {"datetime": "2025-04-26 20:30:22", "elapsed": 894.569566, "delta": 12.324795}}
{"target": 1.248112083479753, "params": {"x0": 0.9655537651760281, "x1": 7.491028371818127, "x2": 0.013517196717306921, "x3": 3.20060698772424, "x4": 1.2678796360389977, "x5": 1.2593907940360238, "x6": 3.107231558179201, "x7": -13.664338911149716, "x8": 0.8641911878735248, "x9": 1.9926600403067156}, "datetime": {"datetime": "2025-04-26 20:30:34", "elapsed": 906.261001, "delta": 11.691435}}
{"target": 1.248112083479753, "params": {"x0": 0.9564147746071668, "x1": 7.429713220154544, "x2": 0.026662612176708272, "x3": 3.3007515455508183, "x4": 1.2073432737541325, "x5": 1.3569396627830383, "x6": 3.2186334150166687, "x7": -13.62269135465483, "x8": 0.8855370204215548, "x9": 2.0142289592806013}, "datetime": {"datetime": "2025-04-26 20:30:46", "elapsed": 918.696791, "delta": 12.43579}}
{"target": 1.248112083479753, "params": {"x0": 0.9745586603130042, "x1": 7.576949738015733, "x2": 0.21598593205435088, "x3": 2.89421252469122, "x4": 1.4711690525397216, "x5": 2.243848608032626, "x6": 3.489967334988531, "x7": -13.589066947974066, "x8": 0.868455093844881, "x9": 1.932852598781343}, "datetime": {"datetime": "2025-04-26 20:30:58", "elapsed": 930.743289, "delta": 12.046498}}
{"target": 1.248112083479753, "params": {"x0": 0.9747907609510492, "x1": 7.546212900585431, "x2": 0.11178122348739673, "x3": 2.927479194739554, "x4": 1.444092957769355, "x5": 1.6448042624174808, "x6": 3.7695744900950823, "x7": -12.96679928867405, "x8": 0.8797497720178669, "x9": 1.9713160905737166}, "datetime": {"datetime": "2025-04-26 20:31:10", "elapsed": 942.638726, "delta": 11.895437}}
{"target": 1.248112083479753, "params": {"x0": 0.9730758011929865, "x1": 7.285903635081534, "x2": 0.1063844264867096, "x3": 2.95789300898213, "x4": 1.5049151969289392, "x5": 1.5187338958896845, "x6": 3.4336733248129794, "x7": -12.888450019850616, "x8": 0.8488174655691151, "x9": 2.0071252613725523}, "datetime": {"datetime": "2025-04-26 20:31:22", "elapsed": 954.906464, "delta": 12.267738}}
{"target": 1.248112083479753, "params": {"x0": 0.9638255532253196, "x1": 7.291356557663256, "x2": 0.05632078306804226, "x3": 2.985452268621096, "x4": 1.5749040657482396, "x5": 1.4881495433864287, "x6": 3.4869094032265924, "x7": -13.010884917415845, "x8": 0.8552784311062518, "x9": 1.9395860947118038}, "datetime": {"datetime": "2025-04-26 20:31:34", "elapsed": 966.669698, "delta": 11.763234}}
{"target": 1.248112083479753, "params": {"x0": 0.9674538069771307, "x1": 7.375852254674065, "x2": 0.15644409527768752, "x3": 2.9987205555428704, "x4": 1.5796725799917986, "x5": 1.833846849452268, "x6": 3.9214687277719005, "x7": -13.267895723948945, "x8": 0.8657303620140117, "x9": 1.9415075935050163}, "datetime": {"datetime": "2025-04-26 20:31:46", "elapsed": 978.700198, "delta": 12.0305}}
{"target": 1.248112083479753, "params": {"x0": 0.969708992033244, "x1": 7.590396291595116, "x2": 0.1311595651767103, "x3": 3.01722257292006, "x4": 1.4160215484176633, "x5": 1.8565568305709566, "x6": 4.0028963726612306, "x7": -13.113944479654208, "x8": 0.8621559045338993, "x9": 1.949539358896506}, "datetime": {"datetime": "2025-04-26 20:31:58", "elapsed": 990.777302, "delta": 12.077104}}
{"target": 1.248112083479753, "params": {"x0": 0.9620191040570435, "x1": 7.499188887066661, "x2": 0.1109315194921237, "x3": 2.939999648551275, "x4": 1.3577334245684718, "x5": 2.040885426338466, "x6": 3.464588158273263, "x7": -12.87281583494044, "x8": 0.8450963950619589, "x9": 1.9734514380503694}, "datetime": {"datetime": "2025-04-26 20:32:11", "elapsed": 1003.142838, "delta": 12.365536}}
{"target": 1.248112083479753, "params": {"x0": 0.969922058737036, "x1": 7.448118036983327, "x2": 0.022962377585240657, "x3": 3.0020545569264963, "x4": 1.5543523425986923, "x5": 1.8660348529233257, "x6": 3.8410138890713696, "x7": -12.911275108602753, "x8": 0.8546289553445336, "x9": 1.9634659077782608}, "datetime": {"datetime": "2025-04-26 20:32:23", "elapsed": 1015.604984, "delta": 12.462146}}
{"target": 1.248112083479753, "params": {"x0": 0.9689083171412757, "x1": 7.482397185836409, "x2": 0.05731647629234716, "x3": 3.1254376112133273, "x4": 1.5320039765388862, "x5": 1.8274421290991578, "x6": 3.691391315792513, "x7": -13.100303982701657, "x8": 0.8332819587304949, "x9": 1.9555242477219033}, "datetime": {"datetime": "2025-04-26 20:32:35", "elapsed": 1027.221104, "delta": 11.61612}}
{"target": 1.248112083479753, "params": {"x0": 0.9702209749997788, "x1": 7.482673244731061, "x2": 0.054458338031622616, "x3": 3.105494305027405, "x4": 1.40083468618902, "x5": 1.8520815141921523, "x6": 3.592642783155605, "x7": -13.002717649134356, "x8": 0.8425467329418059, "x9": 1.9726138848304688}, "datetime": {"datetime": "2025-04-26 20:32:47", "elapsed": 1039.473113, "delta": 12.252009}}
{"target": 1.248112083479753, "params": {"x0": 0.96655282047266, "x1": 7.4840823134119585, "x2": 0.08396236639427444, "x3": 2.940033867358667, "x4": 1.461940600162001, "x5": 1.6739886666240806, "x6": 3.8252788911853517, "x7": -13.20421451291271, "x8": 0.8490041074941375, "x9": 1.9582632902221613}, "datetime": {"datetime": "2025-04-26 20:32:59", "elapsed": 1051.474352, "delta": 12.001239}}
{"target": 1.248112083479753, "params": {"x0": 0.9677752999384511, "x1": 7.4662411978024465, "x2": 0.03672714164875466, "x3": 3.0666340531105964, "x4": 1.4932879942468094, "x5": 1.8424500655581517, "x6": 3.699165271463184, "x7": -13.08798271319704, "x8": 0.8494000010463716, "x9": 1.9756015165310685}, "datetime": {"datetime": "2025-04-26 20:33:11", "elapsed": 1063.53471, "delta": 12.060358}}
{"target": 1.248112083479753, "params": {"x0": 0.9692305712978602, "x1": 7.399475965355103, "x2": 0.05242598219020605, "x3": 3.076498606442491, "x4": 1.5120497379451014, "x5": 1.883962134099386, "x6": 3.826002735128759, "x7": -13.078053635193564, "x8": 0.8542674250433558, "x9": 1.9703415148816243}, "datetime": {"datetime": "2025-04-26 20:33:23", "elapsed": 1075.827189, "delta": 12.292479}}
{"target": 1.248112083479753, "params": {"x0": 0.9644627665193011, "x1": 7.49320261069275, "x2": 0.040611277695897875, "x3": 3.046462161720634, "x4": 1.502283611773394, "x5": 1.9496280053075887, "x6": 3.735737196566683, "x7": -13.170449981215647, "x8": 0.842481139052289, "x9": 1.9746019882536514}, "datetime": {"datetime": "2025-04-26 20:33:35", "elapsed": 1087.95923, "delta": 12.132041}}
{"target": 1.248112083479753, "params": {"x0": 0.9661179627484685, "x1": 7.467547483466721, "x2": 0.03971684393889916, "x3": 2.980786858486776, "x4": 1.5006559775563673, "x5": 1.9345929806998998, "x6": 3.7971133274682334, "x7": -13.183942661732871, "x8": 0.8623338767920291, "x9": 1.964745334259313}, "datetime": {"datetime": "2025-04-26 20:33:47", "elapsed": 1099.766266, "delta": 11.807036}}
{"target": 1.248112083479753, "params": {"x0": 0.9686309430998604, "x1": 7.477664299351657, "x2": 0.03845308188883977, "x3": 3.008344020111917, "x4": 1.4620613968194016, "x5": 1.8247229925910784, "x6": 3.741561678995253, "x7": -13.10171262993413, "x8": 0.8582592033078354, "x9": 1.9761133968143074}, "datetime": {"datetime": "2025-04-26 20:33:59", "elapsed": 1112.028188, "delta": 12.261922}}
{"target": 1.248112083479753, "params": {"x0": 0.9668766127075921, "x1": 7.49684560221126, "x2": 0.04410383003055525, "x3": 3.0107421180906377, "x4": 1.455907692913974, "x5": 1.8319194913491914, "x6": 3.7378765878436777, "x7": -13.073412266871737, "x8": 0.8523174307429167, "x9": 1.964373305405453}, "datetime": {"datetime": "2025-04-26 20:34:12", "elapsed": 1124.229354, "delta": 12.201166}}
{"target": 1.248112083479753, "params": {"x0": 0.9663768502223996, "x1": 7.436663125248074, "x2": 0.01171416199771843, "x3": 3.0412004305854445, "x4": 1.4551716628898246, "x5": 1.871311009625853, "x6": 3.7392189009608914, "x7": -13.160134324082982, "x8": 0.8504096355836703, "x9": 1.9680235561760724}, "datetime": {"datetime": "2025-04-26 20:34:24", "elapsed": 1136.319113, "delta": 12.089759}}
{"target": 1.248112083479753, "params": {"x0": 0.9654108708816928, "x1": 7.460895510201682, "x2": 0.006370158371922961, "x3": 3.0261204031043096, "x4": 1.4974276880148678, "x5": 1.7798109408788692, "x6": 3.7649678404434117, "x7": -13.05901113371946, "x8": 0.8503552197566582, "x9": 1.9631530360104767}, "datetime": {"datetime": "2025-04-26 20:34:35", "elapsed": 1148.018828, "delta": 11.699715}}
{"target": 1.248112083479753, "params": {"x0": 0.9672742513148539, "x1": 7.432506461828367, "x2": 0.020153898478884356, "x3": 3.0552149781694635, "x4": 1.481356142596154, "x5": 1.8555137396801595, "x6": 3.7453325452014496, "x7": -13.099195903243414, "x8": 0.8550477479918851, "x9": 1.9644996176733345}, "datetime": {"datetime": "2025-04-26 20:34:48", "elapsed": 1160.168816, "delta": 12.149988}}
{"target": 1.248112083479753, "params": {"x0": 0.967689738779629, "x1": 7.468328825301084, "x2": 0.007574619967338325, "x3": 3.009098609302635, "x4": 1.4955455488614873, "x5": 1.789199115563034, "x6": 3.68358150227643, "x7": -13.080894470714027, "x8": 0.8540148675585973, "x9": 1.9682225861500766}, "datetime": {"datetime": "2025-04-26 20:35:00", "elapsed": 1172.219888, "delta": 12.051072}}
{"target": 1.248112083479753, "params": {"x0": 0.9673133366963882, "x1": 7.4709852832497, "x2": 0.021806552265446845, "x3": 3.031148537407251, "x4": 1.4466170875919464, "x5": 1.8156661812135542, "x6": 3.7472632488419233, "x7": -13.066813402762687, "x8": 0.8546617100078115, "x9": 1.9728808560190039}, "datetime": {"datetime": "2025-04-26 20:35:12", "elapsed": 1184.776819, "delta": 12.556931}}
{"target": 1.248112083479753, "params": {"x0": 0.9668396414748626, "x1": 7.4731556920533, "x2": 0.010057589564256175, "x3": 3.01489155921259, "x4": 1.4662399762252394, "x5": 1.883223804383194, "x6": 3.716647520486704, "x7": -13.093865257486808, "x8": 0.8528036114418822, "x9": 1.9727147505872127}, "datetime": {"datetime": "2025-04-26 20:35:24", "elapsed": 1196.891035, "delta": 12.114216}}
{"target": 1.248112083479753, "params": {"x0": 0.9666375771322445, "x1": 7.4743972052798116, "x2": 0.022854143569416466, "x3": 3.0414632800599115, "x4": 1.4783515727857126, "x5": 1.878287128416831, "x6": 3.7108873447390427, "x7": -13.052400726032273, "x8": 0.8549191231923879, "x9": 1.966502980535577}, "datetime": {"datetime": "2025-04-26 20:35:36", "elapsed": 1208.933606, "delta": 12.042571}}
{"target": 1.248112083479753, "params": {"x0": 0.9660813571619531, "x1": 7.451843325703056, "x2": 0.012038512497332855, "x3": 3.036142070946188, "x4": 1.4557847899987544, "x5": 1.8612785578959743, "x6": 3.695949291025706, "x7": -13.089870788210455, "x8": 0.8519856489833733, "x9": 1.968406650301871}, "datetime": {"datetime": "2025-04-26 20:35:48", "elapsed": 1220.755723, "delta": 11.822117}}
{"target": 1.248112083479753, "params": {"x0": 0.9670209879966526, "x1": 7.438813998177838, "x2": 0.015683629092976836, "x3": 3.0339331606391386, "x4": 1.481505111074303, "x5": 1.8507983129472585, "x6": 3.735928994132773, "x7": -13.057258776865108, "x8": 0.8555675160816785, "x9": 1.9688086949981098}, "datetime": {"datetime": "2025-04-26 20:36:00", "elapsed": 1232.970415, "delta": 12.214692}}
{"target": 1.248112083479753, "params": {"x0": 0.9674577020207361, "x1": 7.447330893193401, "x2": 0.011281687353409533, "x3": 3.0136340285707113, "x4": 1.4691881856667404, "x5": 1.8254417668989682, "x6": 3.7193595566296906, "x7": -13.097867905314777, "x8": 0.8544629300192362, "x9": 1.970739917534036}, "datetime": {"datetime": "2025-04-26 20:36:12", "elapsed": 1244.863159, "delta": 11.892744}}
{"target": 1.248112083479753, "params": {"x0": 0.9672729766055246, "x1": 7.4503577996979145, "x2": 0.010477290703918965, "x3": 3.0087890193259508, "x4": 1.4656336952391862, "x5": 1.8212065751471622, "x6": 3.725837604930762, "x7": -13.07068811066833, "x8": 0.8558219265803763, "x9": 1.9720341840615043}, "datetime": {"datetime": "2025-04-26 20:36:24", "elapsed": 1256.898134, "delta": 12.034975}}
{"target": 1.248112083479753, "params": {"x0": 0.967008011320843, "x1": 7.448290833638517, "x2": 0.0010462246657267542, "x3": 3.0225200371309016, "x4": 1.4794311664619035, "x5": 1.8403141364943263, "x6": 3.7120841521272943, "x7": -13.090729854268437, "x8": 0.854850722057026, "x9": 1.9717117461120037}, "datetime": {"datetime": "2025-04-26 20:36:36", "elapsed": 1268.572728, "delta": 11.674594}}
{"target": 1.248112083479753, "params": {"x0": 0.9663837262301272, "x1": 7.445129195530935, "x2": 0.0017117350896934315, "x3": 3.0149528459752464, "x4": 1.464097365846151, "x5": 1.841876172514795, "x6": 3.7366836775262864, "x7": -13.10918264282533, "x8": 0.8557347554226985, "x9": 1.971146249543116}, "datetime": {"datetime": "2025-04-26 20:36:48", "elapsed": 1280.741892, "delta": 12.169164}}
{"target": 1.248112083479753, "params": {"x0": 0.9670216998671864, "x1": 7.456914622647842, "x2": 0.009951269587363268, "x3": 3.0128989699267144, "x4": 1.4739910379108607, "x5": 1.8311192690608133, "x6": 3.7161097747348135, "x7": -13.069139823067886, "x8": 0.8525185716172139, "x9": 1.9692360285646047}, "datetime": {"datetime": "2025-04-26 20:37:00", "elapsed": 1293.0346, "delta": 12.292708}}
{"target": 1.248112083479753, "params": {"x0": 0.9670044308572103, "x1": 7.451061939285704, "x2": 0.00719824497951806, "x3": 3.0182686310126443, "x4": 1.467315736427685, "x5": 1.8638812893879617, "x6": 3.7072155678810965, "x7": -13.079111837748735, "x8": 0.8538748615268488, "x9": 1.9697969167616836}, "datetime": {"datetime": "2025-04-26 20:37:12", "elapsed": 1304.876413, "delta": 11.841813}}
{"target": 1.248112083479753, "params": {"x0": 0.9668730633964046, "x1": 7.45692057714617, "x2": 0.0027458388861810352, "x3": 3.019179597197985, "x4": 1.4612536974421275, "x5": 1.8631445621406069, "x6": 3.7407563069043026, "x7": -13.0997522127019, "x8": 0.8553409677488849, "x9": 1.9698009806036691}, "datetime": {"datetime": "2025-04-26 20:37:24", "elapsed": 1316.794384, "delta": 11.917971}}
{"target": 1.248112083479753, "params": {"x0": 0.9668787696101113, "x1": 7.455515649529302, "x2": 0.002348087097554221, "x3": 3.0239292419329185, "x4": 1.4688262837575088, "x5": 1.8617883909413553, "x6": 3.7205251392291285, "x7": -13.089876342613628, "x8": 0.8527011960232616, "x9": 1.9695527282253686}, "datetime": {"datetime": "2025-04-26 20:37:36", "elapsed": 1328.737928, "delta": 11.943544}}
