{"target": 1.248112083479753, "params": {"x0": 0.9668088018810295, "x1": 7.4549528903236375, "x2": 0.0011437481734490748, "x3": 3.0233257263183977, "x4": 1.4675589081711293, "x5": 1.8467718953759575, "x6": 3.7252042275534176, "x7": -13.088785459139048, "x8": 0.8538582010382731, "x9": 1.969870121206042}, "datetime": {"datetime": "2025-04-26 21:33:35", "elapsed": 4687.833935, "delta": 11.963317}}
{"target": 1.248112083479753, "params": {"x0": 0.9668088018810296, "x1": 7.454952890323638, "x2": 0.0011437481734476735, "x3": 3.0233257263183972, "x4": 1.4675589081711298, "x5": 1.8467718953759533, "x6": 3.72520422755342, "x7": -13.088785459139046, "x8": 0.8538582010382728, "x9": 1.9698701212060423}, "datetime": {"datetime": "2025-04-26 21:33:48", "elapsed": 4700.122883, "delta": 12.288948}}
{"target": 1.248112083479753, "params": {"x0": 0.9668088018810297, "x1": 7.454952890323638, "x2": 0.001143748173450104, "x3": 3.0233257263183977, "x4": 1.4675589081711304, "x5": 1.8467718953759589, "x6": 3.7252042275534167, "x7": -13.088785459139048, "x8": 0.853858201038273, "x9": 1.9698701212060425}, "datetime": {"datetime": "2025-04-26 21:34:00", "elapsed": 4712.323239, "delta": 12.200356}}
{"target": 1.248112083479753, "params": {"x0": 0.9668088018810296, "x1": 7.4549528903236375, "x2": 0.0011437481734475833, "x3": 3.0233257263183977, "x4": 1.4675589081711304, "x5": 1.8467718953759558, "x6": 3.725204227553419, "x7": -13.088785459139045, "x8": 0.853858201038273, "x9": 1.9698701212060423}, "datetime": {"datetime": "2025-04-26 21:34:12", "elapsed": 4724.168377, "delta": 11.845138}}
{"target": 1.248112083479753, "params": {"x0": 0.9668088018810296, "x1": 7.454952890323638, "x2": 0.00114374817344878, "x3": 3.0233257263183977, "x4": 1.4675589081711298, "x5": 1.8467718953759569, "x6": 3.7252042275534194, "x7": -13.088785459139043, "x8": 0.8538582010382727, "x9": 1.9698701212060425}, "datetime": {"datetime": "2025-04-26 21:34:24", "elapsed": 4736.120032, "delta": 11.951655}}
{"target": 1.248112083479753, "params": {"x0": 0.9668088018810296, "x1": 7.454952890323639, "x2": 0.0011437481734479383, "x3": 3.0233257263183972, "x4": 1.4675589081711302, "x5": 1.846771895375956, "x6": 3.7252042275534185, "x7": -13.088785459139046, "x8": 0.8538582010382729, "x9": 1.969870121206042}, "datetime": {"datetime": "2025-04-26 21:34:36", "elapsed": 4748.65098, "delta": 12.530948}}
{"target": 1.248112083479753, "params": {"x0": 0.9668088018810296, "x1": 7.454952890323638, "x2": 0.001143748173448008, "x3": 3.0233257263183972, "x4": 1.4675589081711302, "x5": 1.8467718953759564, "x6": 3.7252042275534176, "x7": -13.088785459139045, "x8": 0.8538582010382727, "x9": 1.9698701212060423}, "datetime": {"datetime": "2025-04-26 21:34:48", "elapsed": 4760.699329, "delta": 12.048349}}
{"target": 1.248112083479753, "params": {"x0": 0.9668088018810296, "x1": 7.454952890323639, "x2": 0.001143748173449585, "x3": 3.0233257263183977, "x4": 1.4675589081711307, "x5": 1.8467718953759558, "x6": 3.725204227553418, "x7": -13.088785459139045, "x8": 0.8538582010382729, "x9": 1.9698701212060423}, "datetime": {"datetime": "2025-04-26 21:35:00", "elapsed": 4772.792293, "delta": 12.092964}}
{"target": 1.248112083479753, "params": {"x0": 0.9668088018810296, "x1": 7.454952890323638, "x2": 0.0011437481734491138, "x3": 3.0233257263183972, "x4": 1.4675589081711304, "x5": 1.846771895375956, "x6": 3.7252042275534176, "x7": -13.088785459139046, "x8": 0.8538582010382729, "x9": 1.9698701212060425}, "datetime": {"datetime": "2025-04-26 21:35:12", "elapsed": 4785.034173, "delta": 12.24188}}
{"target": 1.248112083479753, "params": {"x0": 0.9668088018810296, "x1": 7.454952890323639, "x2": 0.0011437481734492307, "x3": 3.0233257263183977, "x4": 1.4675589081711309, "x5": 1.8467718953759573, "x6": 3.7252042275534194, "x7": -13.088785459139043, "x8": 0.8538582010382727, "x9": 1.9698701212060425}, "datetime": {"datetime": "2025-04-26 21:35:25", "elapsed": 4797.668945, "delta": 12.634772}}
{"target": 1.248112083479753, "params": {"x0": 0.9668088018810296, "x1": 7.4549528903236375, "x2": 0.0011437481734483295, "x3": 3.0233257263183977, "x4": 1.4675589081711298, "x5": 1.8467718953759549, "x6": 3.725204227553419, "x7": -13.088785459139043, "x8": 0.8538582010382728, "x9": 1.969870121206042}, "datetime": {"datetime": "2025-04-26 21:35:37", "elapsed": 4810.025344, "delta": 12.356399}}
{"target": 1.248112083479753, "params": {"x0": 0.9668088018810296, "x1": 7.454952890323638, "x2": 0.0011437481734484305, "x3": 3.0233257263183977, "x4": 1.4675589081711307, "x5": 1.8467718953759569, "x6": 3.7252042275534167, "x7": -13.088785459139043, "x8": 0.8538582010382729, "x9": 1.9698701212060423}, "datetime": {"datetime": "2025-04-26 21:35:50", "elapsed": 4822.104622, "delta": 12.079278}}
{"target": 1.248112083479753, "params": {"x0": 0.9668088018810296, "x1": 7.454952890323638, "x2": 0.0011437481734490858, "x3": 3.0233257263183977, "x4": 1.4675589081711307, "x5": 1.8467718953759567, "x6": 3.7252042275534185, "x7": -13.088785459139046, "x8": 0.8538582010382728, "x9": 1.9698701212060423}, "datetime": {"datetime": "2025-04-26 21:36:02", "elapsed": 4834.308915, "delta": 12.204293}}
{"target": 1.248112083479753, "params": {"x0": 0.9668088018810296, "x1": 7.454952890323638, "x2": 0.001143748173449232, "x3": 3.023325726318398, "x4": 1.46755890817113, "x5": 1.846771895375956, "x6": 3.7252042275534176, "x7": -13.088785459139046, "x8": 0.8538582010382728, "x9": 1.9698701212060423}, "datetime": {"datetime": "2025-04-26 21:36:14", "elapsed": 4846.35368, "delta": 12.044765}}
{"target": 1.248112083479753, "params": {"x0": 0.9668088018810296, "x1": 7.454952890323638, "x2": 0.001143748173448809, "x3": 3.0233257263183977, "x4": 1.4675589081711307, "x5": 1.846771895375956, "x6": 3.7252042275534185, "x7": -13.088785459139045, "x8": 0.8538582010382729, "x9": 1.9698701212060423}, "datetime": {"datetime": "2025-04-26 21:36:26", "elapsed": 4858.636842, "delta": 12.283162}}
{"target": 1.248112083479753, "params": {"x0": 0.9668088018810296, "x1": 7.454952890323638, "x2": 0.0011437481734489058, "x3": 3.0233257263183977, "x4": 1.4675589081711304, "x5": 1.846771895375956, "x6": 3.725204227553419, "x7": -13.088785459139045, "x8": 0.8538582010382727, "x9": 1.9698701212060423}, "datetime": {"datetime": "2025-04-26 21:36:38", "elapsed": 4870.827664, "delta": 12.190822}}
{"target": 1.248112083479753, "params": {"x0": 0.9668088018810296, "x1": 7.454952890323638, "x2": 0.001143748173449059, "x3": 3.0233257263183977, "x4": 1.4675589081711304, "x5": 1.8467718953759558, "x6": 3.725204227553419, "x7": -13.088785459139045, "x8": 0.8538582010382728, "x9": 1.9698701212060423}, "datetime": {"datetime": "2025-04-26 21:36:50", "elapsed": 4883.015383, "delta": 12.187719}}
{"target": 1.248112083479753, "params": {"x0": 0.9668088018810296, "x1": 7.454952890323638, "x2": 0.0011437481734487584, "x3": 3.0233257263183977, "x4": 1.4675589081711307, "x5": 1.8467718953759564, "x6": 3.7252042275534176, "x7": -13.088785459139045, "x8": 0.8538582010382727, "x9": 1.9698701212060423}, "datetime": {"datetime": "2025-04-26 21:37:02", "elapsed": 4894.850489, "delta": 11.835106}}
{"target": 1.248112083479753, "params": {"x0": 0.9668088018810296, "x1": 7.454952890323638, "x2": 0.0011437481734490875, "x3": 3.0233257263183972, "x4": 1.4675589081711302, "x5": 1.846771895375956, "x6": 3.7252042275534176, "x7": -13.088785459139045, "x8": 0.8538582010382728, "x9": 1.9698701212060423}, "datetime": {"datetime": "2025-04-26 21:37:14", "elapsed": 4906.945668, "delta": 12.095179}}
{"target": 1.248112083479753, "params": {"x0": 0.9668088018810296, "x1": 7.454952890323638, "x2": 0.0011437481734490982, "x3": 3.0233257263183977, "x4": 1.4675589081711307, "x5": 1.8467718953759555, "x6": 3.7252042275534176, "x7": -13.088785459139045, "x8": 0.8538582010382728, "x9": 1.9698701212060423}, "datetime": {"datetime": "2025-04-26 21:37:26", "elapsed": 4918.747309, "delta": 11.801641}}
{"target": 1.248112083479753, "params": {"x0": 0.9668088018810296, "x1": 7.454952890323638, "x2": 0.0011437481734487063, "x3": 3.0233257263183977, "x4": 1.4675589081711304, "x5": 1.8467718953759555, "x6": 3.725204227553418, "x7": -13.088785459139045, "x8": 0.8538582010382728, "x9": 1.9698701212060423}, "datetime": {"datetime": "2025-04-26 21:37:38", "elapsed": 4930.686059, "delta": 11.93875}}
{"target": 1.248112083479753, "params": {"x0": 0.9668088018810296, "x1": 7.454952890323638, "x2": 0.0011437481734489438, "x3": 3.0233257263183977, "x4": 1.4675589081711302, "x5": 1.8467718953759558, "x6": 3.725204227553418, "x7": -13.088785459139045, "x8": 0.8538582010382728, "x9": 1.9698701212060423}, "datetime": {"datetime": "2025-04-26 21:37:50", "elapsed": 4942.553395, "delta": 11.867336}}
{"target": 1.248112083479753, "params": {"x0": 0.9668088018810296, "x1": 7.454952890323638, "x2": 0.0011437481734488171, "x3": 3.0233257263183977, "x4": 1.4675589081711304, "x5": 1.846771895375956, "x6": 3.7252042275534176, "x7": -13.088785459139045, "x8": 0.8538582010382728, "x9": 1.9698701212060423}, "datetime": {"datetime": "2025-04-26 21:38:02", "elapsed": 4954.59432, "delta": 12.040925}}
{"target": 1.248112083479753, "params": {"x0": 0.9668088018810296, "x1": 7.454952890323638, "x2": 0.0011437481734489295, "x3": 3.0233257263183977, "x4": 1.4675589081711304, "x5": 1.8467718953759558, "x6": 3.7252042275534176, "x7": -13.088785459139045, "x8": 0.8538582010382728, "x9": 1.9698701212060423}, "datetime": {"datetime": "2025-04-26 21:38:14", "elapsed": 4966.463708, "delta": 11.869388}}
{"target": 1.248112083479753, "params": {"x0": 0.9668088018810296, "x1": 7.454952890323638, "x2": 0.0011437481734487358, "x3": 3.0233257263183977, "x4": 1.4675589081711304, "x5": 1.8467718953759558, "x6": 3.725204227553418, "x7": -13.088785459139045, "x8": 0.8538582010382728, "x9": 1.9698701212060423}, "datetime": {"datetime": "2025-04-26 21:38:26", "elapsed": 4978.697654, "delta": 12.233946}}
{"target": 1.248112083479753, "params": {"x0": 0.9668088018810296, "x1": 7.454952890323638, "x2": 0.0011437481734489303, "x3": 3.0233257263183977, "x4": 1.4675589081711304, "x5": 1.846771895375956, "x6": 3.725204227553418, "x7": -13.088785459139045, "x8": 0.8538582010382728, "x9": 1.9698701212060423}, "datetime": {"datetime": "2025-04-26 21:38:38", "elapsed": 4990.747579, "delta": 12.049925}}
{"target": 1.248112083479753, "params": {"x0": 0.9668088018810296, "x1": 7.454952890323638, "x2": 0.0011437481734489668, "x3": 3.0233257263183977, "x4": 1.4675589081711304, "x5": 1.8467718953759558, "x6": 3.7252042275534185, "x7": -13.088785459139045, "x8": 0.8538582010382728, "x9": 1.9698701212060423}, "datetime": {"datetime": "2025-04-26 21:38:50", "elapsed": 5002.622221, "delta": 11.874642}}
{"target": 1.248112083479753, "params": {"x0": 0.9668088018810296, "x1": 7.454952890323638, "x2": 0.0011437481734488841, "x3": 3.0233257263183977, "x4": 1.4675589081711304, "x5": 1.8467718953759562, "x6": 3.725204227553418, "x7": -13.088785459139045, "x8": 0.8538582010382728, "x9": 1.9698701212060423}, "datetime": {"datetime": "2025-04-26 21:39:02", "elapsed": 5014.586686, "delta": 11.964465}}
{"target": 1.248112083479753, "params": {"x0": 0.9668088018810296, "x1": 7.454952890323638, "x2": 0.001143748173448904, "x3": 3.0233257263183977, "x4": 1.4675589081711304, "x5": 1.8467718953759558, "x6": 3.725204227553418, "x7": -13.088785459139045, "x8": 0.8538582010382728, "x9": 1.9698701212060423}, "datetime": {"datetime": "2025-04-26 21:39:14", "elapsed": 5026.559278, "delta": 11.972592}}
{"target": 1.248112083479753, "params": {"x0": 0.9668088018810296, "x1": 7.454952890323638, "x2": 0.0011437481734488484, "x3": 3.0233257263183977, "x4": 1.4675589081711304, "x5": 1.8467718953759562, "x6": 3.725204227553418, "x7": -13.088785459139045, "x8": 0.8538582010382728, "x9": 1.9698701212060423}, "datetime": {"datetime": "2025-04-26 21:39:26", "elapsed": 5038.594275, "delta": 12.034997}}
{"target": 1.248112083479753, "params": {"x0": 0.9668088018810296, "x1": 7.454952890323638, "x2": 0.001143748173448941, "x3": 3.0233257263183977, "x4": 1.4675589081711304, "x5": 1.8467718953759558, "x6": 3.725204227553418, "x7": -13.088785459139045, "x8": 0.8538582010382728, "x9": 1.9698701212060423}, "datetime": {"datetime": "2025-04-26 21:39:38", "elapsed": 5050.829143, "delta": 12.234868}}
{"target": 1.248112083479753, "params": {"x0": 0.9668088018810296, "x1": 7.454952890323638, "x2": 0.0011437481734488319, "x3": 3.0233257263183977, "x4": 1.4675589081711304, "x5": 1.846771895375956, "x6": 3.725204227553418, "x7": -13.088785459139045, "x8": 0.8538582010382728, "x9": 1.9698701212060423}, "datetime": {"datetime": "2025-04-26 21:39:50", "elapsed": 5062.908277, "delta": 12.079134}}
{"target": 1.248112083479753, "params": {"x0": 0.9668088018810296, "x1": 7.454952890323638, "x2": 0.0011437481734488518, "x3": 3.0233257263183977, "x4": 1.4675589081711304, "x5": 1.846771895375956, "x6": 3.725204227553418, "x7": -13.088785459139045, "x8": 0.8538582010382728, "x9": 1.9698701212060423}, "datetime": {"datetime": "2025-04-26 21:40:02", "elapsed": 5074.780705, "delta": 11.872428}}
{"target": 1.248112083479753, "params": {"x0": 0.9668088018810296, "x1": 7.454952890323638, "x2": 0.0011437481734489095, "x3": 3.0233257263183977, "x4": 1.4675589081711304, "x5": 1.846771895375956, "x6": 3.725204227553418, "x7": -13.088785459139045, "x8": 0.8538582010382728, "x9": 1.9698701212060423}, "datetime": {"datetime": "2025-04-26 21:40:13", "elapsed": 5085.934647, "delta": 11.153942}}
{"target": 1.248112083479753, "params": {"x0": 0.9668088018810296, "x1": 7.454952890323638, "x2": 0.0011437481734488232, "x3": 3.0233257263183977, "x4": 1.4675589081711304, "x5": 1.846771895375956, "x6": 3.725204227553418, "x7": -13.088785459139045, "x8": 0.8538582010382728, "x9": 1.9698701212060423}, "datetime": {"datetime": "2025-04-26 21:40:25", "elapsed": 5098.068714, "delta": 12.134067}}
{"target": 1.248112083479753, "params": {"x0": 0.9668088018810296, "x1": 7.454952890323638, "x2": 0.0011437481734488783, "x3": 3.0233257263183977, "x4": 1.4675589081711304, "x5": 1.846771895375956, "x6": 3.725204227553418, "x7": -13.088785459139045, "x8": 0.8538582010382728, "x9": 1.9698701212060423}, "datetime": {"datetime": "2025-04-26 21:40:37", "elapsed": 5109.969698, "delta": 11.900984}}
{"target": 1.248112083479753, "params": {"x0": 0.9668088018810296, "x1": 7.454952890323638, "x2": 0.0011437481734488622, "x3": 3.0233257263183977, "x4": 1.4675589081711304, "x5": 1.846771895375956, "x6": 3.725204227553418, "x7": -13.088785459139045, "x8": 0.8538582010382728, "x9": 1.9698701212060423}, "datetime": {"datetime": "2025-04-26 21:40:49", "elapsed": 5122.060799, "delta": 12.091101}}
{"target": 1.248112083479753, "params": {"x0": 0.9668088018810296, "x1": 7.454952890323638, "x2": 0.0011437481734488592, "x3": 3.0233257263183977, "x4": 1.4675589081711304, "x5": 1.846771895375956, "x6": 3.725204227553418, "x7": -13.088785459139045, "x8": 0.8538582010382728, "x9": 1.9698701212060423}, "datetime": {"datetime": "2025-04-26 21:41:02", "elapsed": 5134.093771, "delta": 12.032972}}
{"target": 1.248112083479753, "params": {"x0": 0.9668088018810296, "x1": 7.454952890323638, "x2": 0.0011437481734488774, "x3": 3.0233257263183977, "x4": 1.4675589081711304, "x5": 1.846771895375956, "x6": 3.725204227553418, "x7": -13.088785459139045, "x8": 0.8538582010382728, "x9": 1.9698701212060423}, "datetime": {"datetime": "2025-04-26 21:41:13", "elapsed": 5145.981398, "delta": 11.887627}}
{"target": 1.248112083479753, "params": {"x0": 0.9668088018810296, "x1": 7.454952890323638, "x2": 0.0011437481734488666, "x3": 3.0233257263183977, "x4": 1.4675589081711304, "x5": 1.846771895375956, "x6": 3.725204227553418, "x7": -13.088785459139045, "x8": 0.8538582010382728, "x9": 1.9698701212060423}, "datetime": {"datetime": "2025-04-26 21:41:25", "elapsed": 5157.967383, "delta": 11.985985}}
{"target": 1.248112083479753, "params": {"x0": 0.9668088018810296, "x1": 7.454952890323638, "x2": 0.001143748173448875, "x3": 3.0233257263183977, "x4": 1.4675589081711304, "x5": 1.846771895375956, "x6": 3.725204227553418, "x7": -13.088785459139045, "x8": 0.8538582010382728, "x9": 1.9698701212060423}, "datetime": {"datetime": "2025-04-26 21:41:37", "elapsed": 5169.914005, "delta": 11.946622}}
{"target": 1.248112083479753, "params": {"x0": 0.9668088018810296, "x1": 7.454952890323638, "x2": 0.0011437481734488787, "x3": 3.0233257263183977, "x4": 1.4675589081711304, "x5": 1.846771895375956, "x6": 3.725204227553418, "x7": -13.088785459139045, "x8": 0.8538582010382728, "x9": 1.9698701212060423}, "datetime": {"datetime": "2025-04-26 21:41:49", "elapsed": 5181.926947, "delta": 12.012942}}
{"target": 1.248112083479753, "params": {"x0": 0.9668088018810296, "x1": 7.454952890323638, "x2": 0.0011437481734488822, "x3": 3.0233257263183977, "x4": 1.4675589081711304, "x5": 1.846771895375956, "x6": 3.725204227553418, "x7": -13.088785459139045, "x8": 0.8538582010382728, "x9": 1.9698701212060423}, "datetime": {"datetime": "2025-04-26 21:42:02", "elapsed": 5194.361682, "delta": 12.434735}}
{"target": 1.248112083479753, "params": {"x0": 0.9668088018810296, "x1": 7.454952890323638, "x2": 0.0011437481734488596, "x3": 3.0233257263183977, "x4": 1.4675589081711304, "x5": 1.846771895375956, "x6": 3.725204227553418, "x7": -13.088785459139045, "x8": 0.8538582010382728, "x9": 1.9698701212060423}, "datetime": {"datetime": "2025-04-26 21:42:14", "elapsed": 5206.769229, "delta": 12.407547}}
{"target": 1.248112083479753, "params": {"x0": 0.9668088018810296, "x1": 7.454952890323638, "x2": 0.001143748173448852, "x3": 3.0233257263183977, "x4": 1.4675589081711304, "x5": 1.846771895375956, "x6": 3.725204227553418, "x7": -13.088785459139045, "x8": 0.8538582010382728, "x9": 1.9698701212060423}, "datetime": {"datetime": "2025-04-26 21:42:26", "elapsed": 5218.668244, "delta": 11.899015}}
{"target": 1.248112083479753, "params": {"x0": 0.9668088018810296, "x1": 7.454952890323638, "x2": 0.0011437481734488668, "x3": 3.0233257263183977, "x4": 1.4675589081711304, "x5": 1.846771895375956, "x6": 3.725204227553418, "x7": -13.088785459139045, "x8": 0.8538582010382728, "x9": 1.9698701212060423}, "datetime": {"datetime": "2025-04-26 21:42:38", "elapsed": 5230.20596, "delta": 11.537716}}
{"target": 1.248112083479753, "params": {"x0": 0.9668088018810296, "x1": 7.454952890323638, "x2": 0.0011437481734488544, "x3": 3.0233257263183977, "x4": 1.4675589081711304, "x5": 1.846771895375956, "x6": 3.725204227553418, "x7": -13.088785459139045, "x8": 0.8538582010382728, "x9": 1.9698701212060423}, "datetime": {"datetime": "2025-04-26 21:42:50", "elapsed": 5242.454159, "delta": 12.248199}}
{"target": 1.248112083479753, "params": {"x0": 0.9668088018810296, "x1": 7.454952890323638, "x2": 0.0011437481734488744, "x3": 3.0233257263183977, "x4": 1.4675589081711304, "x5": 1.846771895375956, "x6": 3.725204227553418, "x7": -13.088785459139045, "x8": 0.8538582010382728, "x9": 1.9698701212060423}, "datetime": {"datetime": "2025-04-26 21:43:02", "elapsed": 5254.664522, "delta": 12.210363}}
{"target": 1.248112083479753, "params": {"x0": 0.9668088018810296, "x1": 7.454952890323638, "x2": 0.0011437481734488648, "x3": 3.0233257263183977, "x4": 1.4675589081711304, "x5": 1.846771895375956, "x6": 3.725204227553418, "x7": -13.088785459139045, "x8": 0.8538582010382728, "x9": 1.9698701212060423}, "datetime": {"datetime": "2025-04-26 21:43:14", "elapsed": 5266.557641, "delta": 11.893119}}
{"target": 1.248112083479753, "params": {"x0": 0.9668088018810296, "x1": 7.454952890323638, "x2": 0.0011437481734488616, "x3": 3.0233257263183977, "x4": 1.4675589081711304, "x5": 1.846771895375956, "x6": 3.725204227553418, "x7": -13.088785459139045, "x8": 0.8538582010382728, "x9": 1.9698701212060423}, "datetime": {"datetime": "2025-04-26 21:43:26", "elapsed": 5278.589018, "delta": 12.031377}}
{"target": 1.248112083479753, "params": {"x0": 0.9668088018810296, "x1": 7.454952890323638, "x2": 0.001143748173448875, "x3": 3.0233257263183977, "x4": 1.4675589081711304, "x5": 1.846771895375956, "x6": 3.725204227553418, "x7": -13.088785459139045, "x8": 0.8538582010382728, "x9": 1.9698701212060423}, "datetime": {"datetime": "2025-04-26 21:43:38", "elapsed": 5290.72012, "delta": 12.131102}}
{"target": 1.248112083479753, "params": {"x0": 0.9668088018810296, "x1": 7.454952890323638, "x2": 0.0011437481734488648, "x3": 3.0233257263183977, "x4": 1.4675589081711304, "x5": 1.846771895375956, "x6": 3.725204227553418, "x7": -13.088785459139045, "x8": 0.8538582010382728, "x9": 1.9698701212060423}, "datetime": {"datetime": "2025-04-26 21:43:51", "elapsed": 5303.166981, "delta": 12.446861}}
{"target": 1.248112083479753, "params": {"x0": 0.9668088018810296, "x1": 7.454952890323638, "x2": 0.0011437481734488596, "x3": 3.0233257263183977, "x4": 1.4675589081711304, "x5": 1.846771895375956, "x6": 3.725204227553418, "x7": -13.088785459139045, "x8": 0.8538582010382728, "x9": 1.9698701212060423}, "datetime": {"datetime": "2025-04-26 21:44:03", "elapsed": 5315.107999, "delta": 11.941018}}
{"target": 1.248112083479753, "params": {"x0": 0.9668088018810296, "x1": 7.454952890323638, "x2": 0.0011437481734488707, "x3": 3.0233257263183977, "x4": 1.4675589081711304, "x5": 1.846771895375956, "x6": 3.725204227553418, "x7": -13.088785459139045, "x8": 0.8538582010382728, "x9": 1.9698701212060423}, "datetime": {"datetime": "2025-04-26 21:44:15", "elapsed": 5327.332581, "delta": 12.224582}}
{"target": 1.248112083479753, "params": {"x0": 0.9668088018810296, "x1": 7.454952890323638, "x2": 0.0011437481734488662, "x3": 3.0233257263183977, "x4": 1.4675589081711304, "x5": 1.846771895375956, "x6": 3.725204227553418, "x7": -13.088785459139045, "x8": 0.8538582010382728, "x9": 1.9698701212060423}, "datetime": {"datetime": "2025-04-26 21:44:27", "elapsed": 5339.3657, "delta": 12.033119}}
