{"target": 1.248112083479753, "params": {"x0": 0.9668088018810156, "x1": 7.4549528903233755, "x2": 0.0011437481739353596, "x3": 3.0233257263180464, "x4": 1.4675589081710108, "x5": 1.8467718953757821, "x6": 3.7252042275539994, "x7": -13.088785459139993, "x8": 0.8538582010381911, "x9": 1.9698701212060392}, "datetime": {"datetime": "2025-04-26 21:22:24", "elapsed": 4016.941832, "delta": 12.055262}}
{"target": 1.248112083479753, "params": {"x0": 0.9668088018810312, "x1": 7.454952890323516, "x2": 0.0011437481737778738, "x3": 3.0233257263179927, "x4": 1.4675589081708678, "x5": 1.8467718953764767, "x6": 3.7252042275535624, "x7": -13.088785459139421, "x8": 0.8538582010382982, "x9": 1.9698701212061127}, "datetime": {"datetime": "2025-04-26 21:22:37", "elapsed": 4029.187058, "delta": 12.245226}}
{"target": 1.248112083479753, "params": {"x0": 0.9668088018810328, "x1": 7.454952890323872, "x2": 0.0011437481730664355, "x3": 3.0233257263185864, "x4": 1.4675589081710234, "x5": 1.8467718953765762, "x6": 3.7252042275536863, "x7": -13.088785459138702, "x8": 0.8538582010383358, "x9": 1.9698701212060858}, "datetime": {"datetime": "2025-04-26 21:22:48", "elapsed": 4041.040758, "delta": 11.8537}}
{"target": 1.248112083479753, "params": {"x0": 0.9668088018810314, "x1": 7.454952890323516, "x2": 0.0011437481736966352, "x3": 3.0233257263187734, "x4": 1.4675589081710685, "x5": 1.846771895376501, "x6": 3.7252042275541495, "x7": -13.088785459138276, "x8": 0.8538582010382859, "x9": 1.969870121206}, "datetime": {"datetime": "2025-04-26 21:23:01", "elapsed": 4053.409209, "delta": 12.368451}}
{"target": 1.248112083479753, "params": {"x0": 0.9668088018810341, "x1": 7.454952890323859, "x2": 0.0011437481732143942, "x3": 3.0233257263186486, "x4": 1.4675589081713374, "x5": 1.8467718953757617, "x6": 3.7252042275534247, "x7": -13.088785459138384, "x8": 0.8538582010383116, "x9": 1.9698701212060576}, "datetime": {"datetime": "2025-04-26 21:23:13", "elapsed": 4065.709034, "delta": 12.299825}}
{"target": 1.248112083479753, "params": {"x0": 0.9668088018810261, "x1": 7.454952890323373, "x2": 0.001143748173449587, "x3": 3.0233257263181756, "x4": 1.4675589081712173, "x5": 1.8467718953765095, "x6": 3.725204227552821, "x7": -13.08878545913959, "x8": 0.8538582010383158, "x9": 1.9698701212060286}, "datetime": {"datetime": "2025-04-26 21:23:26", "elapsed": 4078.301501, "delta": 12.592467}}
{"target": 1.248112083479753, "params": {"x0": 0.966808801881035, "x1": 7.454952890323588, "x2": 0.0011437481733389979, "x3": 3.0233257263183275, "x4": 1.4675589081711455, "x5": 1.8467718953759324, "x6": 3.725204227553806, "x7": -13.08878545913861, "x8": 0.8538582010383277, "x9": 1.9698701212060168}, "datetime": {"datetime": "2025-04-26 21:23:38", "elapsed": 4090.266152, "delta": 11.964651}}
{"target": 1.248112083479753, "params": {"x0": 0.9668088018810193, "x1": 7.454952890323837, "x2": 0.001143748173273037, "x3": 3.0233257263186815, "x4": 1.4675589081708955, "x5": 1.846771895376454, "x6": 3.7252042275534962, "x7": -13.08878545913873, "x8": 0.8538582010382553, "x9": 1.9698701212060354}, "datetime": {"datetime": "2025-04-26 21:23:50", "elapsed": 4102.47275, "delta": 12.206598}}
{"target": 1.248112083479753, "params": {"x0": 0.9668088018810232, "x1": 7.454952890323693, "x2": 0.0011437481734214282, "x3": 3.0233257263181645, "x4": 1.4675589081711644, "x5": 1.84677189537601, "x6": 3.725204227553512, "x7": -13.088785459139045, "x8": 0.8538582010382415, "x9": 1.9698701212060703}, "datetime": {"datetime": "2025-04-26 21:24:02", "elapsed": 4114.508815, "delta": 12.036065}}
{"target": 1.248112083479753, "params": {"x0": 0.9668088018810351, "x1": 7.454952890323646, "x2": 0.0011437481733451828, "x3": 3.0233257263184123, "x4": 1.467558908170943, "x5": 1.846771895375559, "x6": 3.7252042275531543, "x7": -13.088785459139512, "x8": 0.8538582010383039, "x9": 1.9698701212060494}, "datetime": {"datetime": "2025-04-26 21:24:14", "elapsed": 4126.648275, "delta": 12.13946}}
{"target": 1.248112083479753, "params": {"x0": 0.9668088018810281, "x1": 7.454952890323502, "x2": 0.0011437481736396575, "x3": 3.0233257263185203, "x4": 1.467558908171165, "x5": 1.8467718953755974, "x6": 3.7252042275536597, "x7": -13.088785459138931, "x8": 0.8538582010382808, "x9": 1.9698701212060659}, "datetime": {"datetime": "2025-04-26 21:24:26", "elapsed": 4138.827595, "delta": 12.17932}}
{"target": 1.248112083479753, "params": {"x0": 0.9668088018810318, "x1": 7.454952890323595, "x2": 0.0011437481732885042, "x3": 3.023325726318222, "x4": 1.4675589081712963, "x5": 1.8467718953763093, "x6": 3.7252042275532666, "x7": -13.0887854591391, "x8": 0.8538582010382905, "x9": 1.9698701212060155}, "datetime": {"datetime": "2025-04-26 21:24:38", "elapsed": 4151.043709, "delta": 12.216114}}
{"target": 1.248112083479753, "params": {"x0": 0.9668088018810311, "x1": 7.454952890323714, "x2": 0.0011437481734269464, "x3": 3.023325726318515, "x4": 1.4675589081711453, "x5": 1.8467718953759058, "x6": 3.7252042275532027, "x7": -13.088785459138926, "x8": 0.8538582010382889, "x9": 1.969870121206062}, "datetime": {"datetime": "2025-04-26 21:24:51", "elapsed": 4163.359651, "delta": 12.315942}}
{"target": 1.248112083479753, "params": {"x0": 0.9668088018810245, "x1": 7.45495289032377, "x2": 0.0011437481734171001, "x3": 3.0233257263184483, "x4": 1.4675589081712719, "x5": 1.8467718953761105, "x6": 3.725204227553668, "x7": -13.088785459138762, "x8": 0.8538582010382805, "x9": 1.9698701212060326}, "datetime": {"datetime": "2025-04-26 21:25:03", "elapsed": 4175.709522, "delta": 12.349871}}
{"target": 1.248112083479753, "params": {"x0": 0.9668088018810266, "x1": 7.454952890323725, "x2": 0.0011437481734236892, "x3": 3.023325726318313, "x4": 1.4675589081711775, "x5": 1.8467718953762036, "x6": 3.725204227553583, "x7": -13.088785459139089, "x8": 0.8538582010382993, "x9": 1.9698701212060346}, "datetime": {"datetime": "2025-04-26 21:25:16", "elapsed": 4188.137342, "delta": 12.42782}}
{"target": 1.248112083479753, "params": {"x0": 0.9668088018810266, "x1": 7.454952890323699, "x2": 0.0011437481733389304, "x3": 3.023325726318321, "x4": 1.4675589081710758, "x5": 1.8467718953760555, "x6": 3.7252042275534603, "x7": -13.08878545913914, "x8": 0.8538582010382805, "x9": 1.9698701212060572}, "datetime": {"datetime": "2025-04-26 21:25:28", "elapsed": 4200.350023, "delta": 12.212681}}
{"target": 1.248112083479753, "params": {"x0": 0.9668088018810331, "x1": 7.454952890323674, "x2": 0.0011437481733794469, "x3": 3.0233257263183053, "x4": 1.4675589081712361, "x5": 1.8467718953761365, "x6": 3.725204227553436, "x7": -13.088785459139167, "x8": 0.8538582010382836, "x9": 1.9698701212060623}, "datetime": {"datetime": "2025-04-26 21:25:40", "elapsed": 4212.561639, "delta": 12.211616}}
{"target": 1.248112083479753, "params": {"x0": 0.9668088018810309, "x1": 7.454952890323642, "x2": 0.0011437481734419062, "x3": 3.023325726318429, "x4": 1.4675589081711513, "x5": 1.8467718953758734, "x6": 3.7252042275534216, "x7": -13.088785459139071, "x8": 0.8538582010382914, "x9": 1.969870121206046}, "datetime": {"datetime": "2025-04-26 21:25:52", "elapsed": 4224.940295, "delta": 12.378656}}
{"target": 1.248112083479753, "params": {"x0": 0.9668088018810262, "x1": 7.454952890323675, "x2": 0.0011437481734687803, "x3": 3.0233257263184714, "x4": 1.467558908171183, "x5": 1.846771895375873, "x6": 3.7252042275533475, "x7": -13.088785459138911, "x8": 0.8538582010382897, "x9": 1.9698701212060465}, "datetime": {"datetime": "2025-04-26 21:26:05", "elapsed": 4237.212101, "delta": 12.271806}}
{"target": 1.248112083479753, "params": {"x0": 0.9668088018810282, "x1": 7.454952890323655, "x2": 0.0011437481735261264, "x3": 3.023325726318376, "x4": 1.467558908171073, "x5": 1.846771895375813, "x6": 3.725204227553494, "x7": -13.088785459138965, "x8": 0.8538582010382574, "x9": 1.9698701212060337}, "datetime": {"datetime": "2025-04-26 21:26:16", "elapsed": 4249.079598, "delta": 11.867497}}
{"target": 1.248112083479753, "params": {"x0": 0.9668088018810317, "x1": 7.454952890323603, "x2": 0.0011437481734674158, "x3": 3.023325726318429, "x4": 1.4675589081711635, "x5": 1.8467718953758743, "x6": 3.725204227553392, "x7": -13.088785459139036, "x8": 0.8538582010382613, "x9": 1.9698701212060359}, "datetime": {"datetime": "2025-04-26 21:26:29", "elapsed": 4261.553, "delta": 12.473402}}
{"target": 1.248112083479753, "params": {"x0": 0.9668088018810301, "x1": 7.454952890323612, "x2": 0.001143748173386452, "x3": 3.023325726318422, "x4": 1.467558908171112, "x5": 1.8467718953759793, "x6": 3.725204227553539, "x7": -13.088785459139046, "x8": 0.8538582010382705, "x9": 1.9698701212060354}, "datetime": {"datetime": "2025-04-26 21:26:41", "elapsed": 4273.767658, "delta": 12.214658}}
{"target": 1.248112083479753, "params": {"x0": 0.966808801881031, "x1": 7.454952890323691, "x2": 0.0011437481734022168, "x3": 3.0233257263184155, "x4": 1.4675589081711329, "x5": 1.846771895375934, "x6": 3.7252042275534225, "x7": -13.088785459138924, "x8": 0.8538582010382795, "x9": 1.9698701212060448}, "datetime": {"datetime": "2025-04-26 21:26:53", "elapsed": 4286.004091, "delta": 12.236433}}
{"target": 1.248112083479753, "params": {"x0": 0.96680880188103, "x1": 7.45495289032367, "x2": 0.0011437481734209484, "x3": 3.0233257263183697, "x4": 1.4675589081710916, "x5": 1.8467718953759684, "x6": 3.7252042275535096, "x7": -13.088785459139011, "x8": 0.8538582010382717, "x9": 1.9698701212060439}, "datetime": {"datetime": "2025-04-26 21:27:05", "elapsed": 4297.983517, "delta": 11.979426}}
{"target": 1.248112083479753, "params": {"x0": 0.9668088018810284, "x1": 7.454952890323671, "x2": 0.0011437481734072822, "x3": 3.023325726318365, "x4": 1.4675589081711302, "x5": 1.8467718953759333, "x6": 3.7252042275533723, "x7": -13.08878545913899, "x8": 0.8538582010382761, "x9": 1.9698701212060392}, "datetime": {"datetime": "2025-04-26 21:27:18", "elapsed": 4310.387189, "delta": 12.403672}}
{"target": 1.248112083479753, "params": {"x0": 0.9668088018810314, "x1": 7.454952890323645, "x2": 0.001143748173452119, "x3": 3.0233257263184385, "x4": 1.4675589081711127, "x5": 1.8467718953759131, "x6": 3.7252042275534656, "x7": -13.08878545913897, "x8": 0.8538582010382698, "x9": 1.969870121206041}, "datetime": {"datetime": "2025-04-26 21:27:29", "elapsed": 4321.698608, "delta": 11.311419}}
{"target": 1.248112083479753, "params": {"x0": 0.9668088018810287, "x1": 7.454952890323634, "x2": 0.001143748173469282, "x3": 3.0233257263184012, "x4": 1.4675589081711176, "x5": 1.8467718953759413, "x6": 3.725204227553482, "x7": -13.088785459139006, "x8": 0.8538582010382668, "x9": 1.9698701212060434}, "datetime": {"datetime": "2025-04-26 21:27:41", "elapsed": 4333.66169, "delta": 11.963082}}
{"target": 1.248112083479753, "params": {"x0": 0.9668088018810308, "x1": 7.454952890323631, "x2": 0.0011437481734237257, "x3": 3.023325726318388, "x4": 1.4675589081711065, "x5": 1.8467718953759853, "x6": 3.7252042275533856, "x7": -13.088785459139066, "x8": 0.8538582010382662, "x9": 1.9698701212060414}, "datetime": {"datetime": "2025-04-26 21:27:53", "elapsed": 4345.878502, "delta": 12.216812}}
{"target": 1.248112083479753, "params": {"x0": 0.9668088018810291, "x1": 7.454952890323611, "x2": 0.0011437481734345462, "x3": 3.0233257263183915, "x4": 1.467558908171108, "x5": 1.8467718953759202, "x6": 3.7252042275533577, "x7": -13.088785459138983, "x8": 0.853858201038278, "x9": 1.969870121206043}, "datetime": {"datetime": "2025-04-26 21:28:06", "elapsed": 4358.090168, "delta": 12.211666}}
{"target": 1.248112083479753, "params": {"x0": 0.9668088018810306, "x1": 7.454952890323664, "x2": 0.001143748173471409, "x3": 3.023325726318406, "x4": 1.4675589081711042, "x5": 1.8467718953759473, "x6": 3.7252042275533794, "x7": -13.088785459139023, "x8": 0.853858201038272, "x9": 1.9698701212060459}, "datetime": {"datetime": "2025-04-26 21:28:17", "elapsed": 4370.024047, "delta": 11.933879}}
{"target": 1.248112083479753, "params": {"x0": 0.9668088018810287, "x1": 7.454952890323628, "x2": 0.0011437481734345237, "x3": 3.0233257263184194, "x4": 1.4675589081711318, "x5": 1.846771895375945, "x6": 3.725204227553397, "x7": -13.088785459139, "x8": 0.853858201038276, "x9": 1.9698701212060432}, "datetime": {"datetime": "2025-04-26 21:28:29", "elapsed": 4382.08129, "delta": 12.057243}}
{"target": 1.248112083479753, "params": {"x0": 0.9668088018810297, "x1": 7.454952890323653, "x2": 0.0011437481734578913, "x3": 3.0233257263184097, "x4": 1.4675589081711269, "x5": 1.8467718953759305, "x6": 3.725204227553398, "x7": -13.088785459139062, "x8": 0.8538582010382737, "x9": 1.96987012120604}, "datetime": {"datetime": "2025-04-26 21:28:42", "elapsed": 4394.311606, "delta": 12.230316}}
{"target": 1.248112083479753, "params": {"x0": 0.9668088018810291, "x1": 7.4549528903236375, "x2": 0.0011437481734328774, "x3": 3.0233257263183773, "x4": 1.4675589081711375, "x5": 1.8467718953759957, "x6": 3.7252042275534074, "x7": -13.088785459139073, "x8": 0.8538582010382737, "x9": 1.969870121206044}, "datetime": {"datetime": "2025-04-26 21:28:54", "elapsed": 4406.348759, "delta": 12.037153}}
{"target": 1.248112083479753, "params": {"x0": 0.9668088018810294, "x1": 7.454952890323649, "x2": 0.0011437481734574593, "x3": 3.023325726318399, "x4": 1.4675589081711413, "x5": 1.8467718953759835, "x6": 3.7252042275534447, "x7": -13.088785459139055, "x8": 0.8538582010382744, "x9": 1.9698701212060392}, "datetime": {"datetime": "2025-04-26 21:29:06", "elapsed": 4418.388483, "delta": 12.039724}}
{"target": 1.248112083479753, "params": {"x0": 0.9668088018810296, "x1": 7.454952890323634, "x2": 0.0011437481734423304, "x3": 3.023325726318396, "x4": 1.4675589081711222, "x5": 1.8467718953759693, "x6": 3.7252042275534087, "x7": -13.088785459139071, "x8": 0.8538582010382714, "x9": 1.9698701212060425}, "datetime": {"datetime": "2025-04-26 21:29:18", "elapsed": 4430.593511, "delta": 12.205028}}
{"target": 1.248112083479753, "params": {"x0": 0.9668088018810292, "x1": 7.454952890323652, "x2": 0.001143748173458739, "x3": 3.0233257263183972, "x4": 1.4675589081711358, "x5": 1.8467718953759653, "x6": 3.72520422755339, "x7": -13.088785459139048, "x8": 0.8538582010382699, "x9": 1.96987012120604}, "datetime": {"datetime": "2025-04-26 21:29:31", "elapsed": 4443.206848, "delta": 12.613337}}
{"target": 1.248112083479753, "params": {"x0": 0.96680880188103, "x1": 7.454952890323636, "x2": 0.0011437481734460123, "x3": 3.0233257263184106, "x4": 1.4675589081711193, "x5": 1.8467718953759658, "x6": 3.7252042275533936, "x7": -13.088785459139054, "x8": 0.853858201038272, "x9": 1.9698701212060439}, "datetime": {"datetime": "2025-04-26 21:29:43", "elapsed": 4455.306798, "delta": 12.09995}}
{"target": 1.248112083479753, "params": {"x0": 0.9668088018810299, "x1": 7.454952890323638, "x2": 0.0011437481734532108, "x3": 3.0233257263183884, "x4": 1.467558908171126, "x5": 1.8467718953759784, "x6": 3.725204227553426, "x7": -13.088785459139048, "x8": 0.8538582010382729, "x9": 1.9698701212060417}, "datetime": {"datetime": "2025-04-26 21:29:55", "elapsed": 4467.267653, "delta": 11.960855}}
{"target": 1.248112083479753, "params": {"x0": 0.9668088018810294, "x1": 7.454952890323635, "x2": 0.0011437481734493141, "x3": 3.023325726318407, "x4": 1.467558908171133, "x5": 1.8467718953759713, "x6": 3.725204227553425, "x7": -13.08878545913904, "x8": 0.8538582010382745, "x9": 1.9698701212060419}, "datetime": {"datetime": "2025-04-26 21:30:07", "elapsed": 4479.385654, "delta": 12.118001}}
{"target": 1.248112083479753, "params": {"x0": 0.9668088018810297, "x1": 7.4549528903236455, "x2": 0.0011437481734459518, "x3": 3.023325726318393, "x4": 1.4675589081711216, "x5": 1.8467718953759693, "x6": 3.7252042275534136, "x7": -13.088785459139027, "x8": 0.8538582010382714, "x9": 1.969870121206043}, "datetime": {"datetime": "2025-04-26 21:30:19", "elapsed": 4492.034771, "delta": 12.649117}}
{"target": 1.248112083479753, "params": {"x0": 0.9668088018810299, "x1": 7.454952890323634, "x2": 0.0011437481734540246, "x3": 3.0233257263184004, "x4": 1.4675589081711318, "x5": 1.846771895375947, "x6": 3.7252042275534305, "x7": -13.08878545913905, "x8": 0.8538582010382717, "x9": 1.9698701212060428}, "datetime": {"datetime": "2025-04-26 21:30:32", "elapsed": 4504.390607, "delta": 12.355836}}
{"target": 1.248112083479753, "params": {"x0": 0.9668088018810295, "x1": 7.454952890323636, "x2": 0.0011437481734424596, "x3": 3.0233257263184, "x4": 1.4675589081711282, "x5": 1.8467718953759695, "x6": 3.725204227553422, "x7": -13.08878545913903, "x8": 0.8538582010382738, "x9": 1.9698701212060417}, "datetime": {"datetime": "2025-04-26 21:30:44", "elapsed": 4516.26662, "delta": 11.876013}}
{"target": 1.248112083479753, "params": {"x0": 0.9668088018810299, "x1": 7.454952890323639, "x2": 0.001143748173451952, "x3": 3.0233257263183937, "x4": 1.4675589081711293, "x5": 1.8467718953759702, "x6": 3.7252042275534216, "x7": -13.088785459139032, "x8": 0.853858201038272, "x9": 1.9698701212060432}, "datetime": {"datetime": "2025-04-26 21:30:56", "elapsed": 4528.357389, "delta": 12.090769}}
{"target": 1.248112083479753, "params": {"x0": 0.9668088018810296, "x1": 7.454952890323644, "x2": 0.0011437481734497886, "x3": 3.023325726318395, "x4": 1.4675589081711358, "x5": 1.8467718953759518, "x6": 3.725204227553426, "x7": -13.088785459139048, "x8": 0.8538582010382729, "x9": 1.9698701212060425}, "datetime": {"datetime": "2025-04-26 21:31:08", "elapsed": 4540.292315, "delta": 11.934926}}
{"target": 1.248112083479753, "params": {"x0": 0.9668088018810297, "x1": 7.454952890323637, "x2": 0.0011437481734539992, "x3": 3.0233257263184004, "x4": 1.467558908171135, "x5": 1.8467718953759542, "x6": 3.7252042275534123, "x7": -13.088785459139036, "x8": 0.853858201038272, "x9": 1.9698701212060434}, "datetime": {"datetime": "2025-04-26 21:31:20", "elapsed": 4552.353469, "delta": 12.061154}}
{"target": 1.248112083479753, "params": {"x0": 0.9668088018810297, "x1": 7.4549528903236375, "x2": 0.0011437481734450617, "x3": 3.023325726318402, "x4": 1.4675589081711304, "x5": 1.8467718953759475, "x6": 3.725204227553418, "x7": -13.088785459139045, "x8": 0.8538582010382725, "x9": 1.969870121206043}, "datetime": {"datetime": "2025-04-26 21:31:32", "elapsed": 4564.70893, "delta": 12.355461}}
{"target": 1.248112083479753, "params": {"x0": 0.9668088018810294, "x1": 7.454952890323637, "x2": 0.0011437481734490138, "x3": 3.023325726318393, "x4": 1.4675589081711338, "x5": 1.84677189537595, "x6": 3.725204227553421, "x7": -13.088785459139054, "x8": 0.8538582010382724, "x9": 1.9698701212060432}, "datetime": {"datetime": "2025-04-26 21:31:44", "elapsed": 4576.990004, "delta": 12.281074}}
{"target": 1.248112083479753, "params": {"x0": 0.9668088018810296, "x1": 7.4549528903236375, "x2": 0.0011437481734516306, "x3": 3.0233257263184017, "x4": 1.4675589081711327, "x5": 1.8467718953759586, "x6": 3.725204227553412, "x7": -13.088785459139052, "x8": 0.8538582010382723, "x9": 1.9698701212060414}, "datetime": {"datetime": "2025-04-26 21:31:57", "elapsed": 4589.283974, "delta": 12.29397}}
{"target": 1.248112083479753, "params": {"x0": 0.9668088018810296, "x1": 7.454952890323637, "x2": 0.0011437481734451935, "x3": 3.023325726318394, "x4": 1.4675589081711307, "x5": 1.8467718953759622, "x6": 3.7252042275534203, "x7": -13.088785459139043, "x8": 0.8538582010382735, "x9": 1.9698701212060428}, "datetime": {"datetime": "2025-04-26 21:32:09", "elapsed": 4601.674862, "delta": 12.390888}}
{"target": 1.248112083479753, "params": {"x0": 0.9668088018810296, "x1": 7.454952890323636, "x2": 0.0011437481734464386, "x3": 3.0233257263183986, "x4": 1.4675589081711278, "x5": 1.8467718953759598, "x6": 3.7252042275534123, "x7": -13.088785459139041, "x8": 0.853858201038273, "x9": 1.969870121206042}, "datetime": {"datetime": "2025-04-26 21:32:21", "elapsed": 4613.942518, "delta": 12.267656}}
{"target": 1.248112083479753, "params": {"x0": 0.9668088018810295, "x1": 7.454952890323639, "x2": 0.001143748173448743, "x3": 3.0233257263183986, "x4": 1.4675589081711329, "x5": 1.8467718953759573, "x6": 3.7252042275534123, "x7": -13.088785459139046, "x8": 0.8538582010382729, "x9": 1.969870121206042}, "datetime": {"datetime": "2025-04-26 21:32:34", "elapsed": 4626.449665, "delta": 12.507147}}
{"target": 1.248112083479753, "params": {"x0": 0.9668088018810296, "x1": 7.454952890323637, "x2": 0.0011437481734473626, "x3": 3.023325726318396, "x4": 1.467558908171128, "x5": 1.8467718953759544, "x6": 3.7252042275534176, "x7": -13.088785459139048, "x8": 0.8538582010382725, "x9": 1.9698701212060425}, "datetime": {"datetime": "2025-04-26 21:32:46", "elapsed": 4638.634366, "delta": 12.184701}}
{"target": 1.248112083479753, "params": {"x0": 0.9668088018810296, "x1": 7.4549528903236375, "x2": 0.0011437481734469113, "x3": 3.023325726318395, "x4": 1.46755890817113, "x5": 1.8467718953759522, "x6": 3.7252042275534203, "x7": -13.088785459139045, "x8": 0.8538582010382731, "x9": 1.9698701212060419}, "datetime": {"datetime": "2025-04-26 21:32:58", "elapsed": 4650.835828, "delta": 12.201462}}
{"target": 1.248112083479753, "params": {"x0": 0.9668088018810295, "x1": 7.454952890323638, "x2": 0.0011437481734492712, "x3": 3.0233257263183972, "x4": 1.4675589081711296, "x5": 1.8467718953759567, "x6": 3.725204227553418, "x7": -13.08878545913905, "x8": 0.8538582010382726, "x9": 1.969870121206042}, "datetime": {"datetime": "2025-04-26 21:33:11", "elapsed": 4663.70604, "delta": 12.870212}}
{"target": 1.248112083479753, "params": {"x0": 0.9668088018810296, "x1": 7.454952890323637, "x2": 0.0011437481734476594, "x3": 3.0233257263183986, "x4": 1.4675589081711302, "x5": 1.8467718953759527, "x6": 3.7252042275534163, "x7": -13.088785459139041, "x8": 0.8538582010382728, "x9": 1.9698701212060423}, "datetime": {"datetime": "2025-04-26 21:33:23", "elapsed": 4675.870618, "delta": 12.164578}}
