{"target": 1.248112083479753, "params": {"x0": 0.9668095508242277, "x1": 7.454961856671503, "x2": 0.0011570066868708286, "x3": 3.023308369595159, "x4": 1.4675404163258572, "x5": 1.846754054134403, "x6": 3.72522150622122, "x7": -13.088814168499017, "x8": 0.8538599706304125, "x9": 1.96986650413631}, "datetime": {"datetime": "2025-04-26 20:48:53", "elapsed": 2005.54216, "delta": 12.169176}}
{"target": 1.248112083479753, "params": {"x0": 0.9668080259469569, "x1": 7.45494430806707, "x2": 0.0011555077455772935, "x3": 3.0233083802111995, "x4": 1.4675696575308197, "x5": 1.8468067355539528, "x6": 3.725167616533794, "x7": -13.088812471149165, "x8": 0.8538551172699946, "x9": 1.9698697209224276}, "datetime": {"datetime": "2025-04-26 20:49:05", "elapsed": 2017.596016, "delta": 12.053856}}
{"target": 1.248112083479753, "params": {"x0": 0.9668082501491523, "x1": 7.454950281551604, "x2": 0.0011377883542309517, "x3": 3.0233171047723637, "x4": 1.4675730926348656, "x5": 1.8467752339311754, "x6": 3.7251905380590755, "x7": -13.088798859030048, "x8": 0.8538570495175479, "x9": 1.9698720439715633}, "datetime": {"datetime": "2025-04-26 20:49:17", "elapsed": 2029.622909, "delta": 12.026893}}
{"target": 1.248112083479753, "params": {"x0": 0.9668090971060497, "x1": 7.45495158896291, "x2": 0.001142039005407868, "x3": 3.023326201651182, "x4": 1.4675445203539506, "x5": 1.8467586078417944, "x6": 3.7252208056373153, "x7": -13.088797560321755, "x8": 0.8538606249556243, "x9": 1.9698710918248834}, "datetime": {"datetime": "2025-04-26 20:49:29", "elapsed": 2041.697601, "delta": 12.074692}}
{"target": 1.248112083479753, "params": {"x0": 0.9668093652661748, "x1": 7.454956085695039, "x2": 0.0011309862890688843, "x3": 3.0233202762615305, "x4": 1.4675454587918655, "x5": 1.8467714201123184, "x6": 3.725204948220985, "x7": -13.088793635255055, "x8": 0.8538602326960042, "x9": 1.9698690518669526}, "datetime": {"datetime": "2025-04-26 20:49:41", "elapsed": 2053.738736, "delta": 12.041135}}
{"target": 1.248112083479753, "params": {"x0": 0.9668084302403366, "x1": 7.454950642208453, "x2": 0.001149844488162605, "x3": 3.0233258718861347, "x4": 1.4675552443816025, "x5": 1.846754437613359, "x6": 3.725216879233517, "x7": -13.088801620659922, "x8": 0.8538568602159781, "x9": 1.9698678358729367}, "datetime": {"datetime": "2025-04-26 20:49:53", "elapsed": 2066.009321, "delta": 12.270585}}
{"target": 1.248112083479753, "params": {"x0": 0.9668088366136435, "x1": 7.454954959706561, "x2": 0.0011438848480379096, "x3": 3.023332442066379, "x4": 1.467554845734581, "x5": 1.8467737713794352, "x6": 3.725189115192055, "x7": -13.088800547463181, "x8": 0.8538576535767909, "x9": 1.969869825049532}, "datetime": {"datetime": "2025-04-26 20:50:05", "elapsed": 2078.046763, "delta": 12.037442}}
{"target": 1.248112083479753, "params": {"x0": 0.9668092206953893, "x1": 7.45495794920334, "x2": 0.0011427306423039073, "x3": 3.0233256962624413, "x4": 1.4675612359466077, "x5": 1.84676350118095, "x6": 3.725206167063041, "x7": -13.088778509329709, "x8": 0.8538579575287265, "x9": 1.9698718414342737}, "datetime": {"datetime": "2025-04-26 20:50:18", "elapsed": 2090.322248, "delta": 12.275485}}
{"target": 1.248112083479753, "params": {"x0": 0.9668089393977406, "x1": 7.454955388325099, "x2": 0.0011443895222543895, "x3": 3.0233314419655453, "x4": 1.4675537424317042, "x5": 1.8467713754298547, "x6": 3.7252073334214058, "x7": -13.088795094386763, "x8": 0.8538585033144943, "x9": 1.969870583370745}, "datetime": {"datetime": "2025-04-26 20:50:30", "elapsed": 2102.493092, "delta": 12.170844}}
{"target": 1.248112083479753, "params": {"x0": 0.9668085612982669, "x1": 7.454951689330242, "x2": 0.001137320659115705, "x3": 3.0233249525315378, "x4": 1.467555876591527, "x5": 1.846764903473789, "x6": 3.7252093064020433, "x7": -13.08879279922562, "x8": 0.8538575723807298, "x9": 1.9698715302200787}, "datetime": {"datetime": "2025-04-26 20:50:42", "elapsed": 2114.545892, "delta": 12.0528}}
{"target": 1.248112083479753, "params": {"x0": 0.9668090895868269, "x1": 7.45495492283183, "x2": 0.0011407321523786724, "x3": 3.023331134148607, "x4": 1.4675554739876342, "x5": 1.8467689175018345, "x6": 3.725202285396864, "x7": -13.088798626720124, "x8": 0.8538572675059883, "x9": 1.9698694713253062}, "datetime": {"datetime": "2025-04-26 20:50:54", "elapsed": 2126.637898, "delta": 12.092006}}
{"target": 1.248112083479753, "params": {"x0": 0.9668085719755747, "x1": 7.454950349338256, "x2": 0.001141388877157928, "x3": 3.0233190953929725, "x4": 1.4675594691510228, "x5": 1.846779027832886, "x6": 3.7251932284712788, "x7": -13.088779338076968, "x8": 0.8538580088223092, "x9": 1.9698690881911454}, "datetime": {"datetime": "2025-04-26 20:51:06", "elapsed": 2139.056388, "delta": 12.41849}}
{"target": 1.248112083479753, "params": {"x0": 0.9668086689516501, "x1": 7.45495495302569, "x2": 0.0011452852475427563, "x3": 3.0233279547813057, "x4": 1.4675549123394738, "x5": 1.8467816461330915, "x6": 3.72521065131507, "x7": -13.088783115722642, "x8": 0.8538574394265526, "x9": 1.9698708497316657}, "datetime": {"datetime": "2025-04-26 20:51:18", "elapsed": 2150.689876, "delta": 11.633488}}
{"target": 1.248112083479753, "params": {"x0": 0.9668086392152788, "x1": 7.454955950351805, "x2": 0.001142212895919171, "x3": 3.023327071252618, "x4": 1.4675562727725127, "x5": 1.8467743211147691, "x6": 3.7252144796379962, "x7": -13.08878615426295, "x8": 0.853859248888452, "x9": 1.9698695707943799}, "datetime": {"datetime": "2025-04-26 20:51:30", "elapsed": 2162.936221, "delta": 12.246345}}
{"target": 1.248112083479753, "params": {"x0": 0.9668086208711366, "x1": 7.4549502446946185, "x2": 0.0011472042814094255, "x3": 3.023328737928734, "x4": 1.4675569932282728, "x5": 1.8467719972205985, "x6": 3.725201323669057, "x7": -13.088782578271163, "x8": 0.8538578506932026, "x9": 1.969871022978935}, "datetime": {"datetime": "2025-04-26 20:51:42", "elapsed": 2174.739925, "delta": 11.803704}}
{"target": 1.248112083479753, "params": {"x0": 0.9668089717276821, "x1": 7.454949284071742, "x2": 0.0011431435499288842, "x3": 3.023328887423192, "x4": 1.4675622326710116, "x5": 1.8467740752987913, "x6": 3.725200800868758, "x7": -13.088789631122763, "x8": 0.853858614758197, "x9": 1.9698706360207627}, "datetime": {"datetime": "2025-04-26 20:51:54", "elapsed": 2187.005347, "delta": 12.265422}}
{"target": 1.248112083479753, "params": {"x0": 0.9668087464185395, "x1": 7.454950110961187, "x2": 0.0011435939908786758, "x3": 3.023329408168732, "x4": 1.4675622098427477, "x5": 1.846764688875022, "x6": 3.7252033450574626, "x7": -13.08879312638105, "x8": 0.8538587907959682, "x9": 1.9698696114946745}, "datetime": {"datetime": "2025-04-26 20:52:07", "elapsed": 2199.138042, "delta": 12.132695}}
{"target": 1.248112083479753, "params": {"x0": 0.9668087002150162, "x1": 7.454955000078786, "x2": 0.0011415113902637024, "x3": 3.0233267314060694, "x4": 1.4675595539977437, "x5": 1.8467721929156455, "x6": 3.7251983695711464, "x7": -13.088791684717151, "x8": 0.853858512507891, "x9": 1.9698706275644584}, "datetime": {"datetime": "2025-04-26 20:52:19", "elapsed": 2211.495973, "delta": 12.357931}}
{"target": 1.248112083479753, "params": {"x0": 0.966808865259933, "x1": 7.454953347418449, "x2": 0.0011437672266708869, "x3": 3.0233258630389734, "x4": 1.4675607767366647, "x5": 1.846767717869984, "x6": 3.7252039544830184, "x7": -13.0887880056162, "x8": 0.8538578841661414, "x9": 1.969870655689247}, "datetime": {"datetime": "2025-04-26 20:52:31", "elapsed": 2223.813058, "delta": 12.317085}}
{"target": 1.248112083479753, "params": {"x0": 0.9668088919419323, "x1": 7.454953836399531, "x2": 0.001145580064948058, "x3": 3.0233284067617463, "x4": 1.46756074809068, "x5": 1.8467696205761475, "x6": 3.725209438743125, "x7": -13.088783329433754, "x8": 0.8538580619134728, "x9": 1.9698699520738268}, "datetime": {"datetime": "2025-04-26 20:52:43", "elapsed": 2235.674965, "delta": 11.861907}}
{"target": 1.248112083479753, "params": {"x0": 0.9668089062472953, "x1": 7.454952093158759, "x2": 0.0011421829135100409, "x3": 3.023326306124125, "x4": 1.4675589548690529, "x5": 1.8467733584931816, "x6": 3.7252037447309134, "x7": -13.088783049839824, "x8": 0.8538577969448188, "x9": 1.9698698029256758}, "datetime": {"datetime": "2025-04-26 20:52:55", "elapsed": 2247.966733, "delta": 12.291768}}
{"target": 1.248112083479753, "params": {"x0": 0.9668088846510278, "x1": 7.4549530729557025, "x2": 0.0011435044026446672, "x3": 3.023326927372424, "x4": 1.4675601358480075, "x5": 1.8467753981140937, "x6": 3.725205964350231, "x7": -13.088787662815273, "x8": 0.8538580218787166, "x9": 1.96987024388308}, "datetime": {"datetime": "2025-04-26 20:53:07", "elapsed": 2260.010331, "delta": 12.043598}}
{"target": 1.248112083479753, "params": {"x0": 0.9668088322522774, "x1": 7.454954736167657, "x2": 0.0011428803974918651, "x3": 3.023325942458499, "x4": 1.4675581002643174, "x5": 1.8467711922895342, "x6": 3.7252077945564457, "x7": -13.088788284025005, "x8": 0.8538578535465882, "x9": 1.9698701839377326}, "datetime": {"datetime": "2025-04-26 20:53:20", "elapsed": 2272.116922, "delta": 12.106591}}
{"target": 1.248112083479753, "params": {"x0": 0.9668087243738227, "x1": 7.454954613997788, "x2": 0.0011435690096100776, "x3": 3.023325322845983, "x4": 1.4675604348123226, "x5": 1.8467712622217982, "x6": 3.725202243303628, "x7": -13.088782877682506, "x8": 0.8538584155521819, "x9": 1.9698701438533697}, "datetime": {"datetime": "2025-04-26 20:53:31", "elapsed": 2284.080795, "delta": 11.963873}}
{"target": 1.248112083479753, "params": {"x0": 0.9668087356909462, "x1": 7.454951492782523, "x2": 0.0011440670999931179, "x3": 3.023325033748473, "x4": 1.4675601337702022, "x5": 1.8467703923412038, "x6": 3.725201697017726, "x7": -13.088785154484658, "x8": 0.8538578827803401, "x9": 1.969870194386254}, "datetime": {"datetime": "2025-04-26 20:53:43", "elapsed": 2296.024017, "delta": 11.943222}}
{"target": 1.248112083479753, "params": {"x0": 0.9668087643901698, "x1": 7.454953534105266, "x2": 0.0011427169188489314, "x3": 3.0233269581565887, "x4": 1.46755990518373, "x5": 1.8467697068251236, "x6": 3.7252021386176737, "x7": -13.08878675494811, "x8": 0.8538579505425343, "x9": 1.9698701507783807}, "datetime": {"datetime": "2025-04-26 20:53:56", "elapsed": 2308.108474, "delta": 12.084457}}
{"target": 1.248112083479753, "params": {"x0": 0.9668088283891745, "x1": 7.454952272809624, "x2": 0.0011438825485887442, "x3": 3.023325005431694, "x4": 1.4675587370602385, "x5": 1.8467714621546434, "x6": 3.725202616917638, "x7": -13.088783181476504, "x8": 0.8538580072174554, "x9": 1.9698703446776107}, "datetime": {"datetime": "2025-04-26 20:54:08", "elapsed": 2320.246045, "delta": 12.137571}}
{"target": 1.248112083479753, "params": {"x0": 0.9668087944431559, "x1": 7.454953472110358, "x2": 0.0011428126750649224, "x3": 3.023325020576917, "x4": 1.4675592588284427, "x5": 1.8467741244536373, "x6": 3.7252041704365455, "x7": -13.08878697590103, "x8": 0.8538580095848349, "x9": 1.969870311631214}, "datetime": {"datetime": "2025-04-26 20:54:20", "elapsed": 2332.589888, "delta": 12.343843}}
{"target": 1.248112083479753, "params": {"x0": 0.9668088116835888, "x1": 7.45495230747383, "x2": 0.001143614396811125, "x3": 3.0233250582078566, "x4": 1.4675592603389422, "x5": 1.8467722856937436, "x6": 3.7252020284414042, "x7": -13.088785619649418, "x8": 0.853858069315865, "x9": 1.9698702502411753}, "datetime": {"datetime": "2025-04-26 20:54:32", "elapsed": 2344.645543, "delta": 12.055655}}
{"target": 1.248112083479753, "params": {"x0": 0.9668088358623935, "x1": 7.454953603006173, "x2": 0.0011436355013282927, "x3": 3.023324814249857, "x4": 1.4675585921529397, "x5": 1.8467730551457224, "x6": 3.7252028343679067, "x7": -13.08878446662201, "x8": 0.8538583592471957, "x9": 1.9698701754101637}, "datetime": {"datetime": "2025-04-26 20:54:44", "elapsed": 2356.663186, "delta": 12.017643}}
{"target": 1.248112083479753, "params": {"x0": 0.9668088077958683, "x1": 7.454952405225138, "x2": 0.0011439579501991528, "x3": 3.0233260784651743, "x4": 1.4675597127954236, "x5": 1.8467727039376174, "x6": 3.725203276597807, "x7": -13.088783999010182, "x8": 0.8538582212806001, "x9": 1.969869959600372}, "datetime": {"datetime": "2025-04-26 20:54:56", "elapsed": 2368.798652, "delta": 12.135466}}
{"target": 1.248112083479753, "params": {"x0": 0.9668087853645607, "x1": 7.454953241483962, "x2": 0.001143012148869425, "x3": 3.0233262694787046, "x4": 1.467559636934657, "x5": 1.846771281561789, "x6": 3.7252027533667462, "x7": -13.088784052386146, "x8": 0.8538582263731466, "x9": 1.969870094381919}, "datetime": {"datetime": "2025-04-26 20:55:08", "elapsed": 2380.839793, "delta": 12.041141}}
{"target": 1.248112083479753, "params": {"x0": 0.9668087865278941, "x1": 7.454953544150393, "x2": 0.001143534400476447, "x3": 3.023325688958934, "x4": 1.4675587046143523, "x5": 1.8467714958212176, "x6": 3.725204982876712, "x7": -13.08878517530776, "x8": 0.8538582992416872, "x9": 1.9698700028219234}, "datetime": {"datetime": "2025-04-26 20:55:20", "elapsed": 2392.977324, "delta": 12.137531}}
{"target": 1.248112083479753, "params": {"x0": 0.9668087986284927, "x1": 7.454952742544178, "x2": 0.0011435226601689034, "x3": 3.023325420249157, "x4": 1.467559144522859, "x5": 1.8467722067062842, "x6": 3.7252031474300593, "x7": -13.088785375775581, "x8": 0.8538583038142388, "x9": 1.9698700300593728}, "datetime": {"datetime": "2025-04-26 20:55:33", "elapsed": 2405.435141, "delta": 12.457817}}
{"target": 1.248112083479753, "params": {"x0": 0.9668088034979615, "x1": 7.4549531512254195, "x2": 0.0011431924612279821, "x3": 3.023325231391359, "x4": 1.4675584858232307, "x5": 1.8467709248547948, "x6": 3.725203097602536, "x7": -13.088786573320114, "x8": 0.8538581859470049, "x9": 1.9698701680272832}, "datetime": {"datetime": "2025-04-26 20:55:45", "elapsed": 2417.39078, "delta": 11.955639}}
{"target": 1.248112083479753, "params": {"x0": 0.9668088019593342, "x1": 7.454952789255529, "x2": 0.0011432364307901364, "x3": 3.023325308160814, "x4": 1.4675589634799613, "x5": 1.8467717120326745, "x6": 3.725205004261229, "x7": -13.08878534228859, "x8": 0.8538582056175336, "x9": 1.9698701345833118}, "datetime": {"datetime": "2025-04-26 20:55:57", "elapsed": 2429.350803, "delta": 11.960023}}
{"target": 1.248112083479753, "params": {"x0": 0.9668087933620289, "x1": 7.454953066972992, "x2": 0.0011433444502984636, "x3": 3.023325394476103, "x4": 1.4675591692668468, "x5": 1.8467713706282207, "x6": 3.7252033062320025, "x7": -13.088786235775476, "x8": 0.8538581161692291, "x9": 1.9698700625660919}, "datetime": {"datetime": "2025-04-26 20:56:09", "elapsed": 2441.475611, "delta": 12.124808}}
{"target": 1.248112083479753, "params": {"x0": 0.9668088116478469, "x1": 7.4549529119696105, "x2": 0.0011436516734462648, "x3": 3.0233258977079345, "x4": 1.4675587501468403, "x5": 1.8467712926360518, "x6": 3.725204414863354, "x7": -13.088785050701373, "x8": 0.8538582211642974, "x9": 1.9698701471567976}, "datetime": {"datetime": "2025-04-26 20:56:21", "elapsed": 2453.593514, "delta": 12.117903}}
{"target": 1.248112083479753, "params": {"x0": 0.9668087905829503, "x1": 7.45495295123765, "x2": 0.0011435249329734263, "x3": 3.0233256831745168, "x4": 1.4675590822297568, "x5": 1.8467711336935249, "x6": 3.7252036312910057, "x7": -13.088784750050866, "x8": 0.8538582435646568, "x9": 1.9698700715173068}, "datetime": {"datetime": "2025-04-26 20:56:33", "elapsed": 2465.867833, "delta": 12.274319}}
{"target": 1.248112083479753, "params": {"x0": 0.9668088066550792, "x1": 7.454952770793489, "x2": 0.001143790629580201, "x3": 3.023325918352833, "x4": 1.4675591225997662, "x5": 1.8467717929633338, "x6": 3.7252038016643483, "x7": -13.08878521871934, "x8": 0.8538582648615503, "x9": 1.9698701791978477}, "datetime": {"datetime": "2025-04-26 20:56:45", "elapsed": 2478.007406, "delta": 12.139573}}
{"target": 1.248112083479753, "params": {"x0": 0.9668087991655934, "x1": 7.454952693415606, "x2": 0.00114376025358513, "x3": 3.023325472168288, "x4": 1.4675587625108473, "x5": 1.8467723973655776, "x6": 3.7252045328008783, "x7": -13.088785346773006, "x8": 0.8538582594808685, "x9": 1.9698701336525624}, "datetime": {"datetime": "2025-04-26 20:56:58", "elapsed": 2490.240015, "delta": 12.232609}}
{"target": 1.248112083479753, "params": {"x0": 0.9668088040150276, "x1": 7.454952672726388, "x2": 0.0011434721890247318, "x3": 3.0233254741368674, "x4": 1.467558983757623, "x5": 1.8467721999569862, "x6": 3.725204584040346, "x7": -13.088785394789824, "x8": 0.8538582173106575, "x9": 1.969870105530052}, "datetime": {"datetime": "2025-04-26 20:57:10", "elapsed": 2502.528995, "delta": 12.28898}}
{"target": 1.248112083479753, "params": {"x0": 0.9668088092469291, "x1": 7.45495268589798, "x2": 0.001143555768748371, "x3": 3.0233254753026233, "x4": 1.4675587105201278, "x5": 1.8467716860456516, "x6": 3.7252045701948258, "x7": -13.088785770061772, "x8": 0.8538581597702923, "x9": 1.9698700739479942}, "datetime": {"datetime": "2025-04-26 20:57:22", "elapsed": 2514.868134, "delta": 12.339139}}
{"target": 1.248112083479753, "params": {"x0": 0.966808798615896, "x1": 7.454953015682828, "x2": 0.001143597701490346, "x3": 3.02332583502672, "x4": 1.4675588228711367, "x5": 1.8467719652507169, "x6": 3.7252043002518094, "x7": -13.08878519466601, "x8": 0.853858164396189, "x9": 1.9698700868682213}, "datetime": {"datetime": "2025-04-26 20:57:35", "elapsed": 2527.447312, "delta": 12.579178}}
{"target": 1.248112083479753, "params": {"x0": 0.9668087952342197, "x1": 7.454952975193841, "x2": 0.0011438720122454356, "x3": 3.023325862067438, "x4": 1.4675589384440915, "x5": 1.8467721553702907, "x6": 3.7252044858361724, "x7": -13.08878539518868, "x8": 0.8538581774088455, "x9": 1.9698701323209578}, "datetime": {"datetime": "2025-04-26 20:57:47", "elapsed": 2539.168162, "delta": 11.72085}}
{"target": 1.248112083479753, "params": {"x0": 0.966808797409504, "x1": 7.454952843635177, "x2": 0.001143570406205097, "x3": 3.0233257390350623, "x4": 1.467558761887562, "x5": 1.8467715958896567, "x6": 3.725204027060702, "x7": -13.088785751549194, "x8": 0.8538581779324855, "x9": 1.969870139315892}, "datetime": {"datetime": "2025-04-26 20:57:59", "elapsed": 2551.680346, "delta": 12.512184}}
{"target": 1.248112083479753, "params": {"x0": 0.9668087990729294, "x1": 7.454952864840014, "x2": 0.0011436476600715198, "x3": 3.023325601930112, "x4": 1.4675589886280647, "x5": 1.8467721459294772, "x6": 3.7252043130951322, "x7": -13.0887854446511, "x8": 0.8538582274960372, "x9": 1.9698701225719148}, "datetime": {"datetime": "2025-04-26 20:58:11", "elapsed": 2563.813496, "delta": 12.13315}}
{"target": 1.248112083479753, "params": {"x0": 0.9668088055141243, "x1": 7.45495276773612, "x2": 0.0011438944233263305, "x3": 3.0233256584959647, "x4": 1.4675588838153344, "x5": 1.84677171102888, "x6": 3.725204273143154, "x7": -13.088785316095331, "x8": 0.8538581795016784, "x9": 1.969870114838064}, "datetime": {"datetime": "2025-04-26 20:58:23", "elapsed": 2575.784309, "delta": 11.970813}}
{"target": 1.248112083479753, "params": {"x0": 0.966808802620977, "x1": 7.454952871384077, "x2": 0.0011436999590376065, "x3": 3.023325708186855, "x4": 1.4675587782983408, "x5": 1.84677207913764, "x6": 3.725204160512093, "x7": -13.088785349172033, "x8": 0.8538581963596815, "x9": 1.969870124590529}, "datetime": {"datetime": "2025-04-26 20:58:36", "elapsed": 2588.263663, "delta": 12.479354}}
{"target": 1.248112083479753, "params": {"x0": 0.9668088001400491, "x1": 7.454952819980709, "x2": 0.001143699593510677, "x3": 3.0233257006596186, "x4": 1.467558967606679, "x5": 1.8467717231651717, "x6": 3.7252043933784402, "x7": -13.088785238308919, "x8": 0.8538581998001218, "x9": 1.9698701062722417}, "datetime": {"datetime": "2025-04-26 20:58:48", "elapsed": 2600.232238, "delta": 11.968575}}
{"target": 1.248112083479753, "params": {"x0": 0.9668088029233725, "x1": 7.454952951199202, "x2": 0.0011437672490380965, "x3": 3.023325786924648, "x4": 1.4675590155779876, "x5": 1.8467716854605254, "x6": 3.725204369455407, "x7": -13.08878561423713, "x8": 0.8538581869375951, "x9": 1.969870108665177}, "datetime": {"datetime": "2025-04-26 20:59:00", "elapsed": 2612.437719, "delta": 12.205481}}
{"target": 1.248112083479753, "params": {"x0": 0.9668088046365432, "x1": 7.45495284338008, "x2": 0.0011437400429804906, "x3": 3.0233257736192938, "x4": 1.4675589692494058, "x5": 1.8467719663597884, "x6": 3.725204063190351, "x7": -13.088785538376264, "x8": 0.8538582084815183, "x9": 1.9698701170928417}, "datetime": {"datetime": "2025-04-26 20:59:12", "elapsed": 2624.67876, "delta": 12.241041}}
{"target": 1.248112083479753, "params": {"x0": 0.9668087984498055, "x1": 7.454952884373887, "x2": 0.0011437500851077028, "x3": 3.0233257053201634, "x4": 1.467558941433962, "x5": 1.8467720210662049, "x6": 3.725204380520819, "x7": -13.088785515577305, "x8": 0.8538582021550335, "x9": 1.9698701305203528}, "datetime": {"datetime": "2025-04-26 20:59:25", "elapsed": 2637.115685, "delta": 12.436925}}
{"target": 1.248112083479753, "params": {"x0": 0.9668088026124813, "x1": 7.454952826597012, "x2": 0.0011436951612809583, "x3": 3.0233257781655576, "x4": 1.4675588796408412, "x5": 1.846771746000487, "x6": 3.725204084021166, "x7": -13.088785343726498, "x8": 0.853858189409011, "x9": 1.9698701172462492}, "datetime": {"datetime": "2025-04-26 20:59:36", "elapsed": 2649.05399, "delta": 11.938305}}
{"target": 1.248112083479753, "params": {"x0": 0.9668088007078249, "x1": 7.454952946911195, "x2": 0.0011437732635425448, "x3": 3.0233257305648924, "x4": 1.4675588453117359, "x5": 1.8467719296477996, "x6": 3.725204226178744, "x7": -13.088785602347475, "x8": 0.8538582061578727, "x9": 1.9698701273289967}, "datetime": {"datetime": "2025-04-26 20:59:49", "elapsed": 2661.163417, "delta": 12.109427}}
