{"target": 1.248112083479753, "params": {"x0": 0.9668088018810296, "x1": 7.454952890323638, "x2": 0.0011437481734488664, "x3": 3.0233257263183977, "x4": 1.4675589081711304, "x5": 1.846771895375956, "x6": 3.725204227553418, "x7": -13.088785459139045, "x8": 0.8538582010382728, "x9": 1.9698701212060423}, "datetime": {"datetime": "2025-04-27 02:47:53", "elapsed": 23546.068106, "delta": 17.000725}}
{"target": 1.248112083479753, "params": {"x0": 0.9668088018810296, "x1": 7.454952890323638, "x2": 0.0011437481734488664, "x3": 3.0233257263183977, "x4": 1.4675589081711304, "x5": 1.846771895375956, "x6": 3.725204227553418, "x7": -13.088785459139045, "x8": 0.8538582010382728, "x9": 1.9698701212060423}, "datetime": {"datetime": "2025-04-27 02:48:10", "elapsed": 23562.199942, "delta": 16.131836}}
{"target": 1.248112083479753, "params": {"x0": 0.9668088018810296, "x1": 7.454952890323638, "x2": 0.0011437481734488664, "x3": 3.0233257263183977, "x4": 1.4675589081711304, "x5": 1.846771895375956, "x6": 3.725204227553418, "x7": -13.088785459139045, "x8": 0.8538582010382728, "x9": 1.9698701212060423}, "datetime": {"datetime": "2025-04-27 02:48:26", "elapsed": 23578.987654, "delta": 16.787712}}
{"target": 1.248112083479753, "params": {"x0": 0.9668088018810296, "x1": 7.454952890323638, "x2": 0.0011437481734488664, "x3": 3.0233257263183977, "x4": 1.4675589081711304, "x5": 1.846771895375956, "x6": 3.725204227553418, "x7": -13.088785459139045, "x8": 0.8538582010382728, "x9": 1.9698701212060423}, "datetime": {"datetime": "2025-04-27 02:48:43", "elapsed": 23595.790461, "delta": 16.802807}}
{"target": 1.248112083479753, "params": {"x0": 0.9668088018810296, "x1": 7.454952890323638, "x2": 0.0011437481734488664, "x3": 3.0233257263183977, "x4": 1.4675589081711304, "x5": 1.846771895375956, "x6": 3.725204227553418, "x7": -13.088785459139045, "x8": 0.8538582010382728, "x9": 1.9698701212060423}, "datetime": {"datetime": "2025-04-27 02:49:00", "elapsed": 23612.855147, "delta": 17.064686}}
{"target": 1.248112083479753, "params": {"x0": 0.9668088018810296, "x1": 7.454952890323638, "x2": 0.0011437481734488664, "x3": 3.0233257263183977, "x4": 1.4675589081711304, "x5": 1.846771895375956, "x6": 3.725204227553418, "x7": -13.088785459139045, "x8": 0.8538582010382728, "x9": 1.9698701212060423}, "datetime": {"datetime": "2025-04-27 02:49:17", "elapsed": 23629.626873, "delta": 16.771726}}
{"target": 1.248112083479753, "params": {"x0": 0.9668088018810296, "x1": 7.454952890323638, "x2": 0.0011437481734488664, "x3": 3.0233257263183977, "x4": 1.4675589081711304, "x5": 1.846771895375956, "x6": 3.725204227553418, "x7": -13.088785459139045, "x8": 0.8538582010382728, "x9": 1.9698701212060423}, "datetime": {"datetime": "2025-04-27 02:49:34", "elapsed": 23646.709311, "delta": 17.082438}}
{"target": 1.248112083479753, "params": {"x0": 0.9668088018810296, "x1": 7.454952890323638, "x2": 0.0011437481734488664, "x3": 3.0233257263183977, "x4": 1.4675589081711304, "x5": 1.846771895375956, "x6": 3.725204227553418, "x7": -13.088785459139045, "x8": 0.8538582010382728, "x9": 1.9698701212060423}, "datetime": {"datetime": "2025-04-27 02:49:50", "elapsed": 23662.743218, "delta": 16.033907}}
{"target": 1.248112083479753, "params": {"x0": 0.9668088018810296, "x1": 7.454952890323638, "x2": 0.0011437481734488664, "x3": 3.0233257263183977, "x4": 1.4675589081711304, "x5": 1.846771895375956, "x6": 3.725204227553418, "x7": -13.088785459139045, "x8": 0.8538582010382728, "x9": 1.9698701212060423}, "datetime": {"datetime": "2025-04-27 02:50:07", "elapsed": 23679.482859, "delta": 16.739641}}
{"target": 1.248112083479753, "params": {"x0": 0.9668088018810296, "x1": 7.454952890323638, "x2": 0.0011437481734488664, "x3": 3.0233257263183977, "x4": 1.4675589081711304, "x5": 1.846771895375956, "x6": 3.725204227553418, "x7": -13.088785459139045, "x8": 0.8538582010382728, "x9": 1.9698701212060423}, "datetime": {"datetime": "2025-04-27 02:50:23", "elapsed": 23695.579935, "delta": 16.097076}}
{"target": 1.248112083479753, "params": {"x0": 0.9668088018810296, "x1": 7.454952890323638, "x2": 0.0011437481734488664, "x3": 3.0233257263183977, "x4": 1.4675589081711304, "x5": 1.846771895375956, "x6": 3.725204227553418, "x7": -13.088785459139045, "x8": 0.8538582010382728, "x9": 1.9698701212060423}, "datetime": {"datetime": "2025-04-27 02:50:39", "elapsed": 23711.798302, "delta": 16.218367}}
{"target": 1.248112083479753, "params": {"x0": 0.9668088018810296, "x1": 7.454952890323638, "x2": 0.0011437481734488664, "x3": 3.0233257263183977, "x4": 1.4675589081711304, "x5": 1.846771895375956, "x6": 3.725204227553418, "x7": -13.088785459139045, "x8": 0.8538582010382728, "x9": 1.9698701212060423}, "datetime": {"datetime": "2025-04-27 02:50:56", "elapsed": 23728.443583, "delta": 16.645281}}
{"target": 1.248112083479753, "params": {"x0": 0.9668088018810296, "x1": 7.454952890323638, "x2": 0.0011437481734488664, "x3": 3.0233257263183977, "x4": 1.4675589081711304, "x5": 1.846771895375956, "x6": 3.725204227553418, "x7": -13.088785459139045, "x8": 0.8538582010382728, "x9": 1.9698701212060423}, "datetime": {"datetime": "2025-04-27 02:51:12", "elapsed": 23744.882226, "delta": 16.438643}}
{"target": 1.248112083479753, "params": {"x0": 0.9668088018810296, "x1": 7.454952890323638, "x2": 0.0011437481734488664, "x3": 3.0233257263183977, "x4": 1.4675589081711304, "x5": 1.846771895375956, "x6": 3.725204227553418, "x7": -13.088785459139045, "x8": 0.8538582010382728, "x9": 1.9698701212060423}, "datetime": {"datetime": "2025-04-27 02:51:28", "elapsed": 23760.845154, "delta": 15.962928}}
{"target": 1.248112083479753, "params": {"x0": 0.9668088018810296, "x1": 7.454952890323638, "x2": 0.0011437481734488664, "x3": 3.0233257263183977, "x4": 1.4675589081711304, "x5": 1.846771895375956, "x6": 3.725204227553418, "x7": -13.088785459139045, "x8": 0.8538582010382728, "x9": 1.9698701212060423}, "datetime": {"datetime": "2025-04-27 02:51:45", "elapsed": 23777.493657, "delta": 16.648503}}
{"target": 1.248112083479753, "params": {"x0": 0.9668088018810296, "x1": 7.454952890323638, "x2": 0.0011437481734488664, "x3": 3.0233257263183977, "x4": 1.4675589081711304, "x5": 1.846771895375956, "x6": 3.725204227553418, "x7": -13.088785459139045, "x8": 0.8538582010382728, "x9": 1.9698701212060423}, "datetime": {"datetime": "2025-04-27 02:52:02", "elapsed": 23794.259594, "delta": 16.765937}}
{"target": 1.248112083479753, "params": {"x0": 0.9668088018810296, "x1": 7.454952890323638, "x2": 0.0011437481734488664, "x3": 3.0233257263183977, "x4": 1.4675589081711304, "x5": 1.846771895375956, "x6": 3.725204227553418, "x7": -13.088785459139045, "x8": 0.8538582010382728, "x9": 1.9698701212060423}, "datetime": {"datetime": "2025-04-27 02:52:18", "elapsed": 23811.076631, "delta": 16.817037}}
{"target": 1.248112083479753, "params": {"x0": 0.9668088018810296, "x1": 7.454952890323638, "x2": 0.0011437481734488664, "x3": 3.0233257263183977, "x4": 1.4675589081711304, "x5": 1.846771895375956, "x6": 3.725204227553418, "x7": -13.088785459139045, "x8": 0.8538582010382728, "x9": 1.9698701212060423}, "datetime": {"datetime": "2025-04-27 02:52:35", "elapsed": 23827.293673, "delta": 16.217042}}
{"target": 1.248112083479753, "params": {"x0": 0.9668088018810296, "x1": 7.454952890323638, "x2": 0.0011437481734488664, "x3": 3.0233257263183977, "x4": 1.4675589081711304, "x5": 1.846771895375956, "x6": 3.725204227553418, "x7": -13.088785459139045, "x8": 0.8538582010382728, "x9": 1.9698701212060423}, "datetime": {"datetime": "2025-04-27 02:52:52", "elapsed": 23844.514223, "delta": 17.22055}}
{"target": 1.248112083479753, "params": {"x0": 0.9668088018810296, "x1": 7.454952890323638, "x2": 0.0011437481734488664, "x3": 3.0233257263183977, "x4": 1.4675589081711304, "x5": 1.846771895375956, "x6": 3.725204227553418, "x7": -13.088785459139045, "x8": 0.8538582010382728, "x9": 1.9698701212060423}, "datetime": {"datetime": "2025-04-27 02:53:08", "elapsed": 23860.783079, "delta": 16.268856}}
{"target": 1.248112083479753, "params": {"x0": 0.9668088018810296, "x1": 7.454952890323638, "x2": 0.0011437481734488664, "x3": 3.0233257263183977, "x4": 1.4675589081711304, "x5": 1.846771895375956, "x6": 3.725204227553418, "x7": -13.088785459139045, "x8": 0.8538582010382728, "x9": 1.9698701212060423}, "datetime": {"datetime": "2025-04-27 02:53:25", "elapsed": 23877.145116, "delta": 16.362037}}
{"target": 1.248112083479753, "params": {"x0": 0.9668088018810296, "x1": 7.454952890323638, "x2": 0.0011437481734488664, "x3": 3.0233257263183977, "x4": 1.4675589081711304, "x5": 1.846771895375956, "x6": 3.725204227553418, "x7": -13.088785459139045, "x8": 0.8538582010382728, "x9": 1.9698701212060423}, "datetime": {"datetime": "2025-04-27 02:53:42", "elapsed": 23894.144816, "delta": 16.9997}}
{"target": 1.248112083479753, "params": {"x0": 0.9668088018810296, "x1": 7.454952890323638, "x2": 0.0011437481734488664, "x3": 3.0233257263183977, "x4": 1.4675589081711304, "x5": 1.846771895375956, "x6": 3.725204227553418, "x7": -13.088785459139045, "x8": 0.8538582010382728, "x9": 1.9698701212060423}, "datetime": {"datetime": "2025-04-27 02:53:58", "elapsed": 23910.241755, "delta": 16.096939}}
{"target": 1.248112083479753, "params": {"x0": 0.9668088018810296, "x1": 7.454952890323638, "x2": 0.0011437481734488664, "x3": 3.0233257263183977, "x4": 1.4675589081711304, "x5": 1.846771895375956, "x6": 3.725204227553418, "x7": -13.088785459139045, "x8": 0.8538582010382728, "x9": 1.9698701212060423}, "datetime": {"datetime": "2025-04-27 02:54:14", "elapsed": 23926.770955, "delta": 16.5292}}
{"target": 1.248112083479753, "params": {"x0": 0.9668088018810296, "x1": 7.454952890323638, "x2": 0.0011437481734488664, "x3": 3.0233257263183977, "x4": 1.4675589081711304, "x5": 1.846771895375956, "x6": 3.725204227553418, "x7": -13.088785459139045, "x8": 0.8538582010382728, "x9": 1.9698701212060423}, "datetime": {"datetime": "2025-04-27 02:54:31", "elapsed": 23943.835338, "delta": 17.064383}}
{"target": 1.248112083479753, "params": {"x0": 0.9668088018810296, "x1": 7.454952890323638, "x2": 0.0011437481734488664, "x3": 3.0233257263183977, "x4": 1.4675589081711304, "x5": 1.846771895375956, "x6": 3.725204227553418, "x7": -13.088785459139045, "x8": 0.8538582010382728, "x9": 1.9698701212060423}, "datetime": {"datetime": "2025-04-27 02:54:47", "elapsed": 23959.464276, "delta": 15.628938}}
{"target": 1.248112083479753, "params": {"x0": 0.9668088018810296, "x1": 7.454952890323638, "x2": 0.0011437481734488664, "x3": 3.0233257263183977, "x4": 1.4675589081711304, "x5": 1.846771895375956, "x6": 3.725204227553418, "x7": -13.088785459139045, "x8": 0.8538582010382728, "x9": 1.9698701212060423}, "datetime": {"datetime": "2025-04-27 02:55:04", "elapsed": 23976.154458, "delta": 16.690182}}
{"target": 1.248112083479753, "params": {"x0": 0.9668088018810296, "x1": 7.454952890323638, "x2": 0.0011437481734488664, "x3": 3.0233257263183977, "x4": 1.4675589081711304, "x5": 1.846771895375956, "x6": 3.725204227553418, "x7": -13.088785459139045, "x8": 0.8538582010382728, "x9": 1.9698701212060423}, "datetime": {"datetime": "2025-04-27 02:55:21", "elapsed": 23993.300716, "delta": 17.146258}}
{"target": 1.248112083479753, "params": {"x0": 0.9668088018810296, "x1": 7.454952890323638, "x2": 0.0011437481734488664, "x3": 3.0233257263183977, "x4": 1.4675589081711304, "x5": 1.846771895375956, "x6": 3.725204227553418, "x7": -13.088785459139045, "x8": 0.8538582010382728, "x9": 1.9698701212060423}, "datetime": {"datetime": "2025-04-27 02:55:37", "elapsed": 24009.792202, "delta": 16.491486}}
{"target": 1.248112083479753, "params": {"x0": 0.9668088018810296, "x1": 7.454952890323638, "x2": 0.0011437481734488664, "x3": 3.0233257263183977, "x4": 1.4675589081711304, "x5": 1.846771895375956, "x6": 3.725204227553418, "x7": -13.088785459139045, "x8": 0.8538582010382728, "x9": 1.9698701212060423}, "datetime": {"datetime": "2025-04-27 02:55:53", "elapsed": 24025.997427, "delta": 16.205225}}
{"target": 1.248112083479753, "params": {"x0": 0.9668088018810296, "x1": 7.454952890323638, "x2": 0.0011437481734488664, "x3": 3.0233257263183977, "x4": 1.4675589081711304, "x5": 1.846771895375956, "x6": 3.725204227553418, "x7": -13.088785459139045, "x8": 0.8538582010382728, "x9": 1.9698701212060423}, "datetime": {"datetime": "2025-04-27 02:56:10", "elapsed": 24042.675475, "delta": 16.678048}}
{"target": 1.248112083479753, "params": {"x0": 0.9668088018810296, "x1": 7.454952890323638, "x2": 0.0011437481734488664, "x3": 3.0233257263183977, "x4": 1.4675589081711304, "x5": 1.846771895375956, "x6": 3.725204227553418, "x7": -13.088785459139045, "x8": 0.8538582010382728, "x9": 1.9698701212060423}, "datetime": {"datetime": "2025-04-27 02:56:27", "elapsed": 24059.559081, "delta": 16.883606}}
{"target": 1.248112083479753, "params": {"x0": 0.9668088018810296, "x1": 7.454952890323638, "x2": 0.0011437481734488664, "x3": 3.0233257263183977, "x4": 1.4675589081711304, "x5": 1.846771895375956, "x6": 3.725204227553418, "x7": -13.088785459139045, "x8": 0.8538582010382728, "x9": 1.9698701212060423}, "datetime": {"datetime": "2025-04-27 02:56:44", "elapsed": 24076.451094, "delta": 16.892013}}
{"target": 1.248112083479753, "params": {"x0": 0.9668088018810296, "x1": 7.454952890323638, "x2": 0.0011437481734488664, "x3": 3.0233257263183977, "x4": 1.4675589081711304, "x5": 1.846771895375956, "x6": 3.725204227553418, "x7": -13.088785459139045, "x8": 0.8538582010382728, "x9": 1.9698701212060423}, "datetime": {"datetime": "2025-04-27 02:57:00", "elapsed": 24092.915977, "delta": 16.464883}}
{"target": 1.248112083479753, "params": {"x0": 0.9668088018810296, "x1": 7.454952890323638, "x2": 0.0011437481734488664, "x3": 3.0233257263183977, "x4": 1.4675589081711304, "x5": 1.846771895375956, "x6": 3.725204227553418, "x7": -13.088785459139045, "x8": 0.8538582010382728, "x9": 1.9698701212060423}, "datetime": {"datetime": "2025-04-27 02:57:17", "elapsed": 24109.585622, "delta": 16.669645}}
{"target": 1.248112083479753, "params": {"x0": 0.9668088018810296, "x1": 7.454952890323638, "x2": 0.0011437481734488664, "x3": 3.0233257263183977, "x4": 1.4675589081711304, "x5": 1.846771895375956, "x6": 3.725204227553418, "x7": -13.088785459139045, "x8": 0.8538582010382728, "x9": 1.9698701212060423}, "datetime": {"datetime": "2025-04-27 02:57:35", "elapsed": 24127.261484, "delta": 17.675862}}
{"target": 1.248112083479753, "params": {"x0": 0.9668088018810296, "x1": 7.454952890323638, "x2": 0.0011437481734488664, "x3": 3.0233257263183977, "x4": 1.4675589081711304, "x5": 1.846771895375956, "x6": 3.725204227553418, "x7": -13.088785459139045, "x8": 0.8538582010382728, "x9": 1.9698701212060423}, "datetime": {"datetime": "2025-04-27 02:57:51", "elapsed": 24143.828507, "delta": 16.567023}}
{"target": 1.248112083479753, "params": {"x0": 0.9668088018810296, "x1": 7.454952890323638, "x2": 0.0011437481734488664, "x3": 3.0233257263183977, "x4": 1.4675589081711304, "x5": 1.846771895375956, "x6": 3.725204227553418, "x7": -13.088785459139045, "x8": 0.8538582010382728, "x9": 1.9698701212060423}, "datetime": {"datetime": "2025-04-27 02:58:08", "elapsed": 24160.98277, "delta": 17.154263}}
{"target": 1.248112083479753, "params": {"x0": 0.9668088018810296, "x1": 7.454952890323638, "x2": 0.0011437481734488664, "x3": 3.0233257263183977, "x4": 1.4675589081711304, "x5": 1.846771895375956, "x6": 3.725204227553418, "x7": -13.088785459139045, "x8": 0.8538582010382728, "x9": 1.9698701212060423}, "datetime": {"datetime": "2025-04-27 02:58:24", "elapsed": 24176.875601, "delta": 15.892831}}
{"target": 1.248112083479753, "params": {"x0": 0.9668088018810296, "x1": 7.454952890323638, "x2": 0.0011437481734488664, "x3": 3.0233257263183977, "x4": 1.4675589081711304, "x5": 1.846771895375956, "x6": 3.725204227553418, "x7": -13.088785459139045, "x8": 0.8538582010382728, "x9": 1.9698701212060423}, "datetime": {"datetime": "2025-04-27 02:58:41", "elapsed": 24193.514476, "delta": 16.638875}}
{"target": 1.248112083479753, "params": {"x0": 0.9668088018810296, "x1": 7.454952890323638, "x2": 0.0011437481734488664, "x3": 3.0233257263183977, "x4": 1.4675589081711304, "x5": 1.846771895375956, "x6": 3.725204227553418, "x7": -13.088785459139045, "x8": 0.8538582010382728, "x9": 1.9698701212060423}, "datetime": {"datetime": "2025-04-27 02:58:58", "elapsed": 24210.13524, "delta": 16.620764}}
{"target": 1.248112083479753, "params": {"x0": 0.9668088018810296, "x1": 7.454952890323638, "x2": 0.0011437481734488664, "x3": 3.0233257263183977, "x4": 1.4675589081711304, "x5": 1.846771895375956, "x6": 3.725204227553418, "x7": -13.088785459139045, "x8": 0.8538582010382728, "x9": 1.9698701212060423}, "datetime": {"datetime": "2025-04-27 02:59:14", "elapsed": 24226.537923, "delta": 16.402683}}
{"target": 1.248112083479753, "params": {"x0": 0.9668088018810296, "x1": 7.454952890323638, "x2": 0.0011437481734488664, "x3": 3.0233257263183977, "x4": 1.4675589081711304, "x5": 1.846771895375956, "x6": 3.725204227553418, "x7": -13.088785459139045, "x8": 0.8538582010382728, "x9": 1.9698701212060423}, "datetime": {"datetime": "2025-04-27 02:59:31", "elapsed": 24243.205266, "delta": 16.667343}}
{"target": 1.248112083479753, "params": {"x0": 0.9668088018810296, "x1": 7.454952890323638, "x2": 0.0011437481734488664, "x3": 3.0233257263183977, "x4": 1.4675589081711304, "x5": 1.846771895375956, "x6": 3.725204227553418, "x7": -13.088785459139045, "x8": 0.8538582010382728, "x9": 1.9698701212060423}, "datetime": {"datetime": "2025-04-27 02:59:48", "elapsed": 24260.396956, "delta": 17.19169}}
{"target": 1.248112083479753, "params": {"x0": 0.9668088018810296, "x1": 7.454952890323638, "x2": 0.0011437481734488664, "x3": 3.0233257263183977, "x4": 1.4675589081711304, "x5": 1.846771895375956, "x6": 3.725204227553418, "x7": -13.088785459139045, "x8": 0.8538582010382728, "x9": 1.9698701212060423}, "datetime": {"datetime": "2025-04-27 03:00:05", "elapsed": 24277.669859, "delta": 17.272903}}
{"target": 1.248112083479753, "params": {"x0": 0.9668088018810296, "x1": 7.454952890323638, "x2": 0.0011437481734488664, "x3": 3.0233257263183977, "x4": 1.4675589081711304, "x5": 1.846771895375956, "x6": 3.725204227553418, "x7": -13.088785459139045, "x8": 0.8538582010382728, "x9": 1.9698701212060423}, "datetime": {"datetime": "2025-04-27 03:00:22", "elapsed": 24294.649246, "delta": 16.979387}}
{"target": 1.248112083479753, "params": {"x0": 0.9668088018810296, "x1": 7.454952890323638, "x2": 0.0011437481734488664, "x3": 3.0233257263183977, "x4": 1.4675589081711304, "x5": 1.846771895375956, "x6": 3.725204227553418, "x7": -13.088785459139045, "x8": 0.8538582010382728, "x9": 1.9698701212060423}, "datetime": {"datetime": "2025-04-27 03:00:38", "elapsed": 24310.998411, "delta": 16.349165}}
{"target": 1.248112083479753, "params": {"x0": 0.9668088018810296, "x1": 7.454952890323638, "x2": 0.0011437481734488664, "x3": 3.0233257263183977, "x4": 1.4675589081711304, "x5": 1.846771895375956, "x6": 3.725204227553418, "x7": -13.088785459139045, "x8": 0.8538582010382728, "x9": 1.9698701212060423}, "datetime": {"datetime": "2025-04-27 03:00:55", "elapsed": 24328.062863, "delta": 17.064452}}
{"target": 1.248112083479753, "params": {"x0": 0.9668088018810296, "x1": 7.454952890323638, "x2": 0.0011437481734488664, "x3": 3.0233257263183977, "x4": 1.4675589081711304, "x5": 1.846771895375956, "x6": 3.725204227553418, "x7": -13.088785459139045, "x8": 0.8538582010382728, "x9": 1.9698701212060423}, "datetime": {"datetime": "2025-04-27 03:01:12", "elapsed": 24344.514599, "delta": 16.451736}}
{"target": 1.248112083479753, "params": {"x0": 0.9668088018810296, "x1": 7.454952890323638, "x2": 0.0011437481734488664, "x3": 3.0233257263183977, "x4": 1.4675589081711304, "x5": 1.846771895375956, "x6": 3.725204227553418, "x7": -13.088785459139045, "x8": 0.8538582010382728, "x9": 1.9698701212060423}, "datetime": {"datetime": "2025-04-27 03:01:28", "elapsed": 24360.12012, "delta": 15.605521}}
{"target": 1.248112083479753, "params": {"x0": 0.9668088018810296, "x1": 7.454952890323638, "x2": 0.0011437481734488664, "x3": 3.0233257263183977, "x4": 1.4675589081711304, "x5": 1.846771895375956, "x6": 3.725204227553418, "x7": -13.088785459139045, "x8": 0.8538582010382728, "x9": 1.9698701212060423}, "datetime": {"datetime": "2025-04-27 03:01:44", "elapsed": 24376.563113, "delta": 16.442993}}
{"target": 1.248112083479753, "params": {"x0": 0.9668088018810296, "x1": 7.454952890323638, "x2": 0.0011437481734488664, "x3": 3.0233257263183977, "x4": 1.4675589081711304, "x5": 1.846771895375956, "x6": 3.725204227553418, "x7": -13.088785459139045, "x8": 0.8538582010382728, "x9": 1.9698701212060423}, "datetime": {"datetime": "2025-04-27 03:02:00", "elapsed": 24392.810561, "delta": 16.247448}}
{"target": 1.248112083479753, "params": {"x0": 0.9668088018810296, "x1": 7.454952890323638, "x2": 0.0011437481734488664, "x3": 3.0233257263183977, "x4": 1.4675589081711304, "x5": 1.846771895375956, "x6": 3.725204227553418, "x7": -13.088785459139045, "x8": 0.8538582010382728, "x9": 1.9698701212060423}, "datetime": {"datetime": "2025-04-27 03:02:17", "elapsed": 24409.406597, "delta": 16.596036}}
{"target": 1.248112083479753, "params": {"x0": 0.9668088018810296, "x1": 7.454952890323638, "x2": 0.0011437481734488664, "x3": 3.0233257263183977, "x4": 1.4675589081711304, "x5": 1.846771895375956, "x6": 3.725204227553418, "x7": -13.088785459139045, "x8": 0.8538582010382728, "x9": 1.9698701212060423}, "datetime": {"datetime": "2025-04-27 03:02:33", "elapsed": 24426.074197, "delta": 16.6676}}
{"target": 1.248112083479753, "params": {"x0": 0.9668088018810296, "x1": 7.454952890323638, "x2": 0.0011437481734488664, "x3": 3.0233257263183977, "x4": 1.4675589081711304, "x5": 1.846771895375956, "x6": 3.725204227553418, "x7": -13.088785459139045, "x8": 0.8538582010382728, "x9": 1.9698701212060423}, "datetime": {"datetime": "2025-04-27 03:02:51", "elapsed": 24443.49216, "delta": 17.417963}}
