{"target": 1.248112083479753, "params": {"x0": 0.9668088018810296, "x1": 7.454952890323638, "x2": 0.0011437481734488664, "x3": 3.0233257263183977, "x4": 1.4675589081711304, "x5": 1.846771895375956, "x6": 3.725204227553418, "x7": -13.088785459139045, "x8": 0.8538582010382728, "x9": 1.9698701212060423}, "datetime": {"datetime": "2025-04-27 00:55:13", "elapsed": 16785.313982, "delta": 14.774154}}
{"target": 1.248112083479753, "params": {"x0": 0.9668088018810296, "x1": 7.454952890323638, "x2": 0.0011437481734488664, "x3": 3.0233257263183977, "x4": 1.4675589081711304, "x5": 1.846771895375956, "x6": 3.725204227553418, "x7": -13.088785459139045, "x8": 0.8538582010382728, "x9": 1.9698701212060423}, "datetime": {"datetime": "2025-04-27 00:55:27", "elapsed": 16799.427348, "delta": 14.113366}}
{"target": 1.248112083479753, "params": {"x0": 0.9668088018810296, "x1": 7.454952890323638, "x2": 0.0011437481734488664, "x3": 3.0233257263183977, "x4": 1.4675589081711304, "x5": 1.846771895375956, "x6": 3.725204227553418, "x7": -13.088785459139045, "x8": 0.8538582010382728, "x9": 1.9698701212060423}, "datetime": {"datetime": "2025-04-27 00:55:41", "elapsed": 16813.851773, "delta": 14.424425}}
{"target": 1.248112083479753, "params": {"x0": 0.9668088018810296, "x1": 7.454952890323638, "x2": 0.0011437481734488664, "x3": 3.0233257263183977, "x4": 1.4675589081711304, "x5": 1.846771895375956, "x6": 3.725204227553418, "x7": -13.088785459139045, "x8": 0.8538582010382728, "x9": 1.9698701212060423}, "datetime": {"datetime": "2025-04-27 00:55:55", "elapsed": 16828.063475, "delta": 14.211702}}
{"target": 1.248112083479753, "params": {"x0": 0.9668088018810296, "x1": 7.454952890323638, "x2": 0.0011437481734488664, "x3": 3.0233257263183977, "x4": 1.4675589081711304, "x5": 1.846771895375956, "x6": 3.725204227553418, "x7": -13.088785459139045, "x8": 0.8538582010382728, "x9": 1.9698701212060423}, "datetime": {"datetime": "2025-04-27 00:56:10", "elapsed": 16842.431387, "delta": 14.367912}}
{"target": 1.248112083479753, "params": {"x0": 0.9668088018810296, "x1": 7.454952890323638, "x2": 0.0011437481734488664, "x3": 3.0233257263183977, "x4": 1.4675589081711304, "x5": 1.846771895375956, "x6": 3.725204227553418, "x7": -13.088785459139045, "x8": 0.8538582010382728, "x9": 1.9698701212060423}, "datetime": {"datetime": "2025-04-27 00:56:24", "elapsed": 16856.626416, "delta": 14.195029}}
{"target": 1.248112083479753, "params": {"x0": 0.9668088018810296, "x1": 7.454952890323638, "x2": 0.0011437481734488664, "x3": 3.0233257263183977, "x4": 1.4675589081711304, "x5": 1.846771895375956, "x6": 3.725204227553418, "x7": -13.088785459139045, "x8": 0.8538582010382728, "x9": 1.9698701212060423}, "datetime": {"datetime": "2025-04-27 00:56:38", "elapsed": 16870.949153, "delta": 14.322737}}
{"target": 1.248112083479753, "params": {"x0": 0.9668088018810296, "x1": 7.454952890323638, "x2": 0.0011437481734488664, "x3": 3.0233257263183977, "x4": 1.4675589081711304, "x5": 1.846771895375956, "x6": 3.725204227553418, "x7": -13.088785459139045, "x8": 0.8538582010382728, "x9": 1.9698701212060423}, "datetime": {"datetime": "2025-04-27 00:56:53", "elapsed": 16885.258507, "delta": 14.309354}}
{"target": 1.248112083479753, "params": {"x0": 0.9668088018810296, "x1": 7.454952890323638, "x2": 0.0011437481734488664, "x3": 3.0233257263183977, "x4": 1.4675589081711304, "x5": 1.846771895375956, "x6": 3.725204227553418, "x7": -13.088785459139045, "x8": 0.8538582010382728, "x9": 1.9698701212060423}, "datetime": {"datetime": "2025-04-27 00:57:07", "elapsed": 16899.53189, "delta": 14.273383}}
{"target": 1.248112083479753, "params": {"x0": 0.9668088018810296, "x1": 7.454952890323638, "x2": 0.0011437481734488664, "x3": 3.0233257263183977, "x4": 1.4675589081711304, "x5": 1.846771895375956, "x6": 3.725204227553418, "x7": -13.088785459139045, "x8": 0.8538582010382728, "x9": 1.9698701212060423}, "datetime": {"datetime": "2025-04-27 00:57:22", "elapsed": 16914.239967, "delta": 14.708077}}
{"target": 1.248112083479753, "params": {"x0": 0.9668088018810296, "x1": 7.454952890323638, "x2": 0.0011437481734488664, "x3": 3.0233257263183977, "x4": 1.4675589081711304, "x5": 1.846771895375956, "x6": 3.725204227553418, "x7": -13.088785459139045, "x8": 0.8538582010382728, "x9": 1.9698701212060423}, "datetime": {"datetime": "2025-04-27 00:57:37", "elapsed": 16929.278231, "delta": 15.038264}}
{"target": 1.248112083479753, "params": {"x0": 0.9668088018810296, "x1": 7.454952890323638, "x2": 0.0011437481734488664, "x3": 3.0233257263183977, "x4": 1.4675589081711304, "x5": 1.846771895375956, "x6": 3.725204227553418, "x7": -13.088785459139045, "x8": 0.8538582010382728, "x9": 1.9698701212060423}, "datetime": {"datetime": "2025-04-27 00:57:51", "elapsed": 16943.094848, "delta": 13.816617}}
{"target": 1.248112083479753, "params": {"x0": 0.9668088018810296, "x1": 7.454952890323638, "x2": 0.0011437481734488664, "x3": 3.0233257263183977, "x4": 1.4675589081711304, "x5": 1.846771895375956, "x6": 3.725204227553418, "x7": -13.088785459139045, "x8": 0.8538582010382728, "x9": 1.9698701212060423}, "datetime": {"datetime": "2025-04-27 00:58:05", "elapsed": 16957.378655, "delta": 14.283807}}
{"target": 1.248112083479753, "params": {"x0": 0.9668088018810296, "x1": 7.454952890323638, "x2": 0.0011437481734488664, "x3": 3.0233257263183977, "x4": 1.4675589081711304, "x5": 1.846771895375956, "x6": 3.725204227553418, "x7": -13.088785459139045, "x8": 0.8538582010382728, "x9": 1.9698701212060423}, "datetime": {"datetime": "2025-04-27 00:58:19", "elapsed": 16971.621549, "delta": 14.242894}}
{"target": 1.248112083479753, "params": {"x0": 0.9668088018810296, "x1": 7.454952890323638, "x2": 0.0011437481734488664, "x3": 3.0233257263183977, "x4": 1.4675589081711304, "x5": 1.846771895375956, "x6": 3.725204227553418, "x7": -13.088785459139045, "x8": 0.8538582010382728, "x9": 1.9698701212060423}, "datetime": {"datetime": "2025-04-27 00:58:34", "elapsed": 16986.183652, "delta": 14.562103}}
{"target": 1.248112083479753, "params": {"x0": 0.9668088018810296, "x1": 7.454952890323638, "x2": 0.0011437481734488664, "x3": 3.0233257263183977, "x4": 1.4675589081711304, "x5": 1.846771895375956, "x6": 3.725204227553418, "x7": -13.088785459139045, "x8": 0.8538582010382728, "x9": 1.9698701212060423}, "datetime": {"datetime": "2025-04-27 00:58:48", "elapsed": 17000.5212, "delta": 14.337548}}
{"target": 1.248112083479753, "params": {"x0": 0.9668088018810296, "x1": 7.454952890323638, "x2": 0.0011437481734488664, "x3": 3.0233257263183977, "x4": 1.4675589081711304, "x5": 1.846771895375956, "x6": 3.725204227553418, "x7": -13.088785459139045, "x8": 0.8538582010382728, "x9": 1.9698701212060423}, "datetime": {"datetime": "2025-04-27 00:59:02", "elapsed": 17014.888513, "delta": 14.367313}}
{"target": 1.248112083479753, "params": {"x0": 0.9668088018810296, "x1": 7.454952890323638, "x2": 0.0011437481734488664, "x3": 3.0233257263183977, "x4": 1.4675589081711304, "x5": 1.846771895375956, "x6": 3.725204227553418, "x7": -13.088785459139045, "x8": 0.8538582010382728, "x9": 1.9698701212060423}, "datetime": {"datetime": "2025-04-27 00:59:17", "elapsed": 17029.349759, "delta": 14.461246}}
{"target": 1.248112083479753, "params": {"x0": 0.9668088018810296, "x1": 7.454952890323638, "x2": 0.0011437481734488664, "x3": 3.0233257263183977, "x4": 1.4675589081711304, "x5": 1.846771895375956, "x6": 3.725204227553418, "x7": -13.088785459139045, "x8": 0.8538582010382728, "x9": 1.9698701212060423}, "datetime": {"datetime": "2025-04-27 00:59:32", "elapsed": 17044.22431, "delta": 14.874551}}
{"target": 1.248112083479753, "params": {"x0": 0.9668088018810296, "x1": 7.454952890323638, "x2": 0.0011437481734488664, "x3": 3.0233257263183977, "x4": 1.4675589081711304, "x5": 1.846771895375956, "x6": 3.725204227553418, "x7": -13.088785459139045, "x8": 0.8538582010382728, "x9": 1.9698701212060423}, "datetime": {"datetime": "2025-04-27 00:59:46", "elapsed": 17058.641022, "delta": 14.416712}}
{"target": 1.248112083479753, "params": {"x0": 0.9668088018810296, "x1": 7.454952890323638, "x2": 0.0011437481734488664, "x3": 3.0233257263183977, "x4": 1.4675589081711304, "x5": 1.846771895375956, "x6": 3.725204227553418, "x7": -13.088785459139045, "x8": 0.8538582010382728, "x9": 1.9698701212060423}, "datetime": {"datetime": "2025-04-27 01:00:01", "elapsed": 17073.778103, "delta": 15.137081}}
{"target": 1.248112083479753, "params": {"x0": 0.9668088018810296, "x1": 7.454952890323638, "x2": 0.0011437481734488664, "x3": 3.0233257263183977, "x4": 1.4675589081711304, "x5": 1.846771895375956, "x6": 3.725204227553418, "x7": -13.088785459139045, "x8": 0.8538582010382728, "x9": 1.9698701212060423}, "datetime": {"datetime": "2025-04-27 01:00:16", "elapsed": 17088.799649, "delta": 15.021546}}
{"target": 1.248112083479753, "params": {"x0": 0.9668088018810296, "x1": 7.454952890323638, "x2": 0.0011437481734488664, "x3": 3.0233257263183977, "x4": 1.4675589081711304, "x5": 1.846771895375956, "x6": 3.725204227553418, "x7": -13.088785459139045, "x8": 0.8538582010382728, "x9": 1.9698701212060423}, "datetime": {"datetime": "2025-04-27 01:00:31", "elapsed": 17103.825986, "delta": 15.026337}}
{"target": 1.248112083479753, "params": {"x0": 0.9668088018810296, "x1": 7.454952890323638, "x2": 0.0011437481734488664, "x3": 3.0233257263183977, "x4": 1.4675589081711304, "x5": 1.846771895375956, "x6": 3.725204227553418, "x7": -13.088785459139045, "x8": 0.8538582010382728, "x9": 1.9698701212060423}, "datetime": {"datetime": "2025-04-27 01:00:46", "elapsed": 17118.54683, "delta": 14.720844}}
{"target": 1.248112083479753, "params": {"x0": 0.9668088018810296, "x1": 7.454952890323638, "x2": 0.0011437481734488664, "x3": 3.0233257263183977, "x4": 1.4675589081711304, "x5": 1.846771895375956, "x6": 3.725204227553418, "x7": -13.088785459139045, "x8": 0.8538582010382728, "x9": 1.9698701212060423}, "datetime": {"datetime": "2025-04-27 01:01:00", "elapsed": 17133.038222, "delta": 14.491392}}
{"target": 1.248112083479753, "params": {"x0": 0.9668088018810296, "x1": 7.454952890323638, "x2": 0.0011437481734488664, "x3": 3.0233257263183977, "x4": 1.4675589081711304, "x5": 1.846771895375956, "x6": 3.725204227553418, "x7": -13.088785459139045, "x8": 0.8538582010382728, "x9": 1.9698701212060423}, "datetime": {"datetime": "2025-04-27 01:01:16", "elapsed": 17148.156272, "delta": 15.11805}}
{"target": 1.248112083479753, "params": {"x0": 0.9668088018810296, "x1": 7.454952890323638, "x2": 0.0011437481734488664, "x3": 3.0233257263183977, "x4": 1.4675589081711304, "x5": 1.846771895375956, "x6": 3.725204227553418, "x7": -13.088785459139045, "x8": 0.8538582010382728, "x9": 1.9698701212060423}, "datetime": {"datetime": "2025-04-27 01:01:30", "elapsed": 17162.585525, "delta": 14.429253}}
{"target": 1.248112083479753, "params": {"x0": 0.9668088018810296, "x1": 7.454952890323638, "x2": 0.0011437481734488664, "x3": 3.0233257263183977, "x4": 1.4675589081711304, "x5": 1.846771895375956, "x6": 3.725204227553418, "x7": -13.088785459139045, "x8": 0.8538582010382728, "x9": 1.9698701212060423}, "datetime": {"datetime": "2025-04-27 01:01:45", "elapsed": 17177.373249, "delta": 14.787724}}
{"target": 1.248112083479753, "params": {"x0": 0.9668088018810296, "x1": 7.454952890323638, "x2": 0.0011437481734488664, "x3": 3.0233257263183977, "x4": 1.4675589081711304, "x5": 1.846771895375956, "x6": 3.725204227553418, "x7": -13.088785459139045, "x8": 0.8538582010382728, "x9": 1.9698701212060423}, "datetime": {"datetime": "2025-04-27 01:02:00", "elapsed": 17192.175269, "delta": 14.80202}}
{"target": 1.248112083479753, "params": {"x0": 0.9668088018810296, "x1": 7.454952890323638, "x2": 0.0011437481734488664, "x3": 3.0233257263183977, "x4": 1.4675589081711304, "x5": 1.846771895375956, "x6": 3.725204227553418, "x7": -13.088785459139045, "x8": 0.8538582010382728, "x9": 1.9698701212060423}, "datetime": {"datetime": "2025-04-27 01:02:14", "elapsed": 17207.084404, "delta": 14.909135}}
{"target": 1.248112083479753, "params": {"x0": 0.9668088018810296, "x1": 7.454952890323638, "x2": 0.0011437481734488664, "x3": 3.0233257263183977, "x4": 1.4675589081711304, "x5": 1.846771895375956, "x6": 3.725204227553418, "x7": -13.088785459139045, "x8": 0.8538582010382728, "x9": 1.9698701212060423}, "datetime": {"datetime": "2025-04-27 01:02:29", "elapsed": 17221.480298, "delta": 14.395894}}
{"target": 1.248112083479753, "params": {"x0": 0.9668088018810296, "x1": 7.454952890323638, "x2": 0.0011437481734488664, "x3": 3.0233257263183977, "x4": 1.4675589081711304, "x5": 1.846771895375956, "x6": 3.725204227553418, "x7": -13.088785459139045, "x8": 0.8538582010382728, "x9": 1.9698701212060423}, "datetime": {"datetime": "2025-04-27 01:02:44", "elapsed": 17236.613098, "delta": 15.1328}}
{"target": 1.248112083479753, "params": {"x0": 0.9668088018810296, "x1": 7.454952890323638, "x2": 0.0011437481734488664, "x3": 3.0233257263183977, "x4": 1.4675589081711304, "x5": 1.846771895375956, "x6": 3.725204227553418, "x7": -13.088785459139045, "x8": 0.8538582010382728, "x9": 1.9698701212060423}, "datetime": {"datetime": "2025-04-27 01:02:59", "elapsed": 17251.486966, "delta": 14.873868}}
{"target": 1.248112083479753, "params": {"x0": 0.9668088018810296, "x1": 7.454952890323638, "x2": 0.0011437481734488664, "x3": 3.0233257263183977, "x4": 1.4675589081711304, "x5": 1.846771895375956, "x6": 3.725204227553418, "x7": -13.088785459139045, "x8": 0.8538582010382728, "x9": 1.9698701212060423}, "datetime": {"datetime": "2025-04-27 01:03:13", "elapsed": 17266.077172, "delta": 14.590206}}
{"target": 1.248112083479753, "params": {"x0": 0.9668088018810296, "x1": 7.454952890323638, "x2": 0.0011437481734488664, "x3": 3.0233257263183977, "x4": 1.4675589081711304, "x5": 1.846771895375956, "x6": 3.725204227553418, "x7": -13.088785459139045, "x8": 0.8538582010382728, "x9": 1.9698701212060423}, "datetime": {"datetime": "2025-04-27 01:03:28", "elapsed": 17280.6785, "delta": 14.601328}}
{"target": 1.248112083479753, "params": {"x0": 0.9668088018810296, "x1": 7.454952890323638, "x2": 0.0011437481734488664, "x3": 3.0233257263183977, "x4": 1.4675589081711304, "x5": 1.846771895375956, "x6": 3.725204227553418, "x7": -13.088785459139045, "x8": 0.8538582010382728, "x9": 1.9698701212060423}, "datetime": {"datetime": "2025-04-27 01:03:42", "elapsed": 17294.989401, "delta": 14.310901}}
{"target": 1.248112083479753, "params": {"x0": 0.9668088018810296, "x1": 7.454952890323638, "x2": 0.0011437481734488664, "x3": 3.0233257263183977, "x4": 1.4675589081711304, "x5": 1.846771895375956, "x6": 3.725204227553418, "x7": -13.088785459139045, "x8": 0.8538582010382728, "x9": 1.9698701212060423}, "datetime": {"datetime": "2025-04-27 01:03:57", "elapsed": 17309.218504, "delta": 14.229103}}
{"target": 1.248112083479753, "params": {"x0": 0.9668088018810296, "x1": 7.454952890323638, "x2": 0.0011437481734488664, "x3": 3.0233257263183977, "x4": 1.4675589081711304, "x5": 1.846771895375956, "x6": 3.725204227553418, "x7": -13.088785459139045, "x8": 0.8538582010382728, "x9": 1.9698701212060423}, "datetime": {"datetime": "2025-04-27 01:04:12", "elapsed": 17324.182865, "delta": 14.964361}}
{"target": 1.248112083479753, "params": {"x0": 0.9668088018810296, "x1": 7.454952890323638, "x2": 0.0011437481734488664, "x3": 3.0233257263183977, "x4": 1.4675589081711304, "x5": 1.846771895375956, "x6": 3.725204227553418, "x7": -13.088785459139045, "x8": 0.8538582010382728, "x9": 1.9698701212060423}, "datetime": {"datetime": "2025-04-27 01:04:26", "elapsed": 17339.000921, "delta": 14.818056}}
{"target": 1.248112083479753, "params": {"x0": 0.9668088018810296, "x1": 7.454952890323638, "x2": 0.0011437481734488664, "x3": 3.0233257263183977, "x4": 1.4675589081711304, "x5": 1.846771895375956, "x6": 3.725204227553418, "x7": -13.088785459139045, "x8": 0.8538582010382728, "x9": 1.9698701212060423}, "datetime": {"datetime": "2025-04-27 01:04:41", "elapsed": 17353.626414, "delta": 14.625493}}
{"target": 1.248112083479753, "params": {"x0": 0.9668088018810296, "x1": 7.454952890323638, "x2": 0.0011437481734488664, "x3": 3.0233257263183977, "x4": 1.4675589081711304, "x5": 1.846771895375956, "x6": 3.725204227553418, "x7": -13.088785459139045, "x8": 0.8538582010382728, "x9": 1.9698701212060423}, "datetime": {"datetime": "2025-04-27 01:04:56", "elapsed": 17368.692794, "delta": 15.06638}}
{"target": 1.248112083479753, "params": {"x0": 0.9668088018810296, "x1": 7.454952890323638, "x2": 0.0011437481734488664, "x3": 3.0233257263183977, "x4": 1.4675589081711304, "x5": 1.846771895375956, "x6": 3.725204227553418, "x7": -13.088785459139045, "x8": 0.8538582010382728, "x9": 1.9698701212060423}, "datetime": {"datetime": "2025-04-27 01:05:10", "elapsed": 17382.77657, "delta": 14.083776}}
{"target": 1.248112083479753, "params": {"x0": 0.9668088018810296, "x1": 7.454952890323638, "x2": 0.0011437481734488664, "x3": 3.0233257263183977, "x4": 1.4675589081711304, "x5": 1.846771895375956, "x6": 3.725204227553418, "x7": -13.088785459139045, "x8": 0.8538582010382728, "x9": 1.9698701212060423}, "datetime": {"datetime": "2025-04-27 01:05:25", "elapsed": 17397.744171, "delta": 14.967601}}
{"target": 1.248112083479753, "params": {"x0": 0.9668088018810296, "x1": 7.454952890323638, "x2": 0.0011437481734488664, "x3": 3.0233257263183977, "x4": 1.4675589081711304, "x5": 1.846771895375956, "x6": 3.725204227553418, "x7": -13.088785459139045, "x8": 0.8538582010382728, "x9": 1.9698701212060423}, "datetime": {"datetime": "2025-04-27 01:05:40", "elapsed": 17412.452162, "delta": 14.707991}}
{"target": 1.248112083479753, "params": {"x0": 0.9668088018810296, "x1": 7.454952890323638, "x2": 0.0011437481734488664, "x3": 3.0233257263183977, "x4": 1.4675589081711304, "x5": 1.846771895375956, "x6": 3.725204227553418, "x7": -13.088785459139045, "x8": 0.8538582010382728, "x9": 1.9698701212060423}, "datetime": {"datetime": "2025-04-27 01:05:54", "elapsed": 17426.594005, "delta": 14.141843}}
{"target": 1.248112083479753, "params": {"x0": 0.9668088018810296, "x1": 7.454952890323638, "x2": 0.0011437481734488664, "x3": 3.0233257263183977, "x4": 1.4675589081711304, "x5": 1.846771895375956, "x6": 3.725204227553418, "x7": -13.088785459139045, "x8": 0.8538582010382728, "x9": 1.9698701212060423}, "datetime": {"datetime": "2025-04-27 01:06:09", "elapsed": 17441.79024, "delta": 15.196235}}
{"target": 1.248112083479753, "params": {"x0": 0.9668088018810296, "x1": 7.454952890323638, "x2": 0.0011437481734488664, "x3": 3.0233257263183977, "x4": 1.4675589081711304, "x5": 1.846771895375956, "x6": 3.725204227553418, "x7": -13.088785459139045, "x8": 0.8538582010382728, "x9": 1.9698701212060423}, "datetime": {"datetime": "2025-04-27 01:06:23", "elapsed": 17455.774838, "delta": 13.984598}}
{"target": 1.248112083479753, "params": {"x0": 0.9668088018810296, "x1": 7.454952890323638, "x2": 0.0011437481734488664, "x3": 3.0233257263183977, "x4": 1.4675589081711304, "x5": 1.846771895375956, "x6": 3.725204227553418, "x7": -13.088785459139045, "x8": 0.8538582010382728, "x9": 1.9698701212060423}, "datetime": {"datetime": "2025-04-27 01:06:38", "elapsed": 17470.739553, "delta": 14.964715}}
{"target": 1.248112083479753, "params": {"x0": 0.9668088018810296, "x1": 7.454952890323638, "x2": 0.0011437481734488664, "x3": 3.0233257263183977, "x4": 1.4675589081711304, "x5": 1.846771895375956, "x6": 3.725204227553418, "x7": -13.088785459139045, "x8": 0.8538582010382728, "x9": 1.9698701212060423}, "datetime": {"datetime": "2025-04-27 01:06:52", "elapsed": 17484.906973, "delta": 14.16742}}
{"target": 1.248112083479753, "params": {"x0": 0.9668088018810296, "x1": 7.454952890323638, "x2": 0.0011437481734488664, "x3": 3.0233257263183977, "x4": 1.4675589081711304, "x5": 1.846771895375956, "x6": 3.725204227553418, "x7": -13.088785459139045, "x8": 0.8538582010382728, "x9": 1.9698701212060423}, "datetime": {"datetime": "2025-04-27 01:07:06", "elapsed": 17498.987559, "delta": 14.080586}}
{"target": 1.248112083479753, "params": {"x0": 0.9668088018810296, "x1": 7.454952890323638, "x2": 0.0011437481734488664, "x3": 3.0233257263183977, "x4": 1.4675589081711304, "x5": 1.846771895375956, "x6": 3.725204227553418, "x7": -13.088785459139045, "x8": 0.8538582010382728, "x9": 1.9698701212060423}, "datetime": {"datetime": "2025-04-27 01:07:21", "elapsed": 17513.670302, "delta": 14.682743}}
{"target": 1.248112083479753, "params": {"x0": 0.9668088018810296, "x1": 7.454952890323638, "x2": 0.0011437481734488664, "x3": 3.0233257263183977, "x4": 1.4675589081711304, "x5": 1.846771895375956, "x6": 3.725204227553418, "x7": -13.088785459139045, "x8": 0.8538582010382728, "x9": 1.9698701212060423}, "datetime": {"datetime": "2025-04-27 01:07:36", "elapsed": 17528.310578, "delta": 14.640276}}
{"target": 1.248112083479753, "params": {"x0": 0.9668088018810296, "x1": 7.454952890323638, "x2": 0.0011437481734488664, "x3": 3.0233257263183977, "x4": 1.4675589081711304, "x5": 1.846771895375956, "x6": 3.725204227553418, "x7": -13.088785459139045, "x8": 0.8538582010382728, "x9": 1.9698701212060423}, "datetime": {"datetime": "2025-04-27 01:07:51", "elapsed": 17543.513069, "delta": 15.202491}}
{"target": 1.248112083479753, "params": {"x0": 0.9668088018810296, "x1": 7.454952890323638, "x2": 0.0011437481734488664, "x3": 3.0233257263183977, "x4": 1.4675589081711304, "x5": 1.846771895375956, "x6": 3.725204227553418, "x7": -13.088785459139045, "x8": 0.8538582010382728, "x9": 1.9698701212060423}, "datetime": {"datetime": "2025-04-27 01:08:05", "elapsed": 17557.963426, "delta": 14.450357}}
{"target": 1.248112083479753, "params": {"x0": 0.9668088018810296, "x1": 7.454952890323638, "x2": 0.0011437481734488664, "x3": 3.0233257263183977, "x4": 1.4675589081711304, "x5": 1.846771895375956, "x6": 3.725204227553418, "x7": -13.088785459139045, "x8": 0.8538582010382728, "x9": 1.9698701212060423}, "datetime": {"datetime": "2025-04-27 01:08:21", "elapsed": 17573.188403, "delta": 15.224977}}
