{"target": 1.248112083479753, "params": {"x0": 0.9669867186391028, "x1": 7.450529667857102, "x2": 0.002495195588429604, "x3": 3.028970631130155, "x4": 1.4648007108714927, "x5": 1.849195908255136, "x6": 3.7219274804819222, "x7": -13.077599611219677, "x8": 0.8546494145765778, "x9": 1.9686601178512992}, "datetime": {"datetime": "2025-04-26 20:37:48", "elapsed": 1340.793827, "delta": 12.055899}}
{"target": 1.248112083479753, "params": {"x0": 0.9666399912691848, "x1": 7.459121122593478, "x2": 0.0023627611886082476, "x3": 3.027690160314246, "x4": 1.4718620379841927, "x5": 1.8433608819230802, "x6": 3.71390546135431, "x7": -13.092851405536557, "x8": 0.8527509698776633, "x9": 1.9708052153744597}, "datetime": {"datetime": "2025-04-26 20:38:00", "elapsed": 1352.977539, "delta": 12.183712}}
{"target": 1.248112083479753, "params": {"x0": 0.966709705673053, "x1": 7.457115751855325, "x2": 0.00627444295493825, "x3": 3.0261961587887964, "x4": 1.4698844557958692, "x5": 1.8491850034592459, "x6": 3.7227377185781387, "x7": -13.090501348162245, "x8": 0.8538344380007484, "x9": 1.970147899026346}, "datetime": {"datetime": "2025-04-26 20:38:12", "elapsed": 1364.829494, "delta": 11.851955}}
{"target": 1.248112083479753, "params": {"x0": 0.9668652578848157, "x1": 7.455240361770944, "x2": 0.0003167785456963434, "x3": 3.0284272738132265, "x4": 1.46645123245966, "x5": 1.8505502149609687, "x6": 3.719401175637518, "x7": -13.087630446187353, "x8": 0.8533714276623262, "x9": 1.9691573507901108}, "datetime": {"datetime": "2025-04-26 20:38:24", "elapsed": 1376.70248, "delta": 11.872986}}
{"target": 1.248112083479753, "params": {"x0": 0.9667655647968704, "x1": 7.453404712551144, "x2": 0.004410984746119561, "x3": 3.0210401502537865, "x4": 1.4652677864434211, "x5": 1.8489992035050848, "x6": 3.7167186986170826, "x7": -13.096362515523365, "x8": 0.8539676633977069, "x9": 1.9692202482652426}, "datetime": {"datetime": "2025-04-26 20:38:36", "elapsed": 1388.969045, "delta": 12.266565}}
{"target": 1.248112083479753, "params": {"x0": 0.9668217717032204, "x1": 7.4545838435857705, "x2": 0.0015929543550025004, "x3": 3.0221878057696405, "x4": 1.4702418057228754, "x5": 1.8424147269605031, "x6": 3.7322630983652445, "x7": -13.08876421375352, "x8": 0.8545942922653047, "x9": 1.9692024581609733}, "datetime": {"datetime": "2025-04-26 20:38:48", "elapsed": 1400.820312, "delta": 11.851267}}
{"target": 1.248112083479753, "params": {"x0": 0.9667544113675114, "x1": 7.455667776837789, "x2": 0.0019313645284163843, "x3": 3.0205539996120154, "x4": 1.4694472898251734, "x5": 1.8411262770288213, "x6": 3.7251994709086396, "x7": -13.086291682431767, "x8": 0.8536856075218537, "x9": 1.9692415475176364}, "datetime": {"datetime": "2025-04-26 20:39:00", "elapsed": 1412.881054, "delta": 12.060742}}
{"target": 1.248112083479753, "params": {"x0": 0.9669314419928682, "x1": 7.456686420393374, "x2": 0.001570925922377432, "x3": 3.0203529519123515, "x4": 1.4642852003975397, "x5": 1.8454501946996327, "x6": 3.7292109140175302, "x7": -13.092889398149463, "x8": 0.8534496158806938, "x9": 1.9699289128118678}, "datetime": {"datetime": "2025-04-26 20:39:12", "elapsed": 1424.881381, "delta": 12.000327}}
{"target": 1.248112083479753, "params": {"x0": 0.9668805975111653, "x1": 7.456626116685229, "x2": 0.0013517792024777596, "x3": 3.021550624671306, "x4": 1.4673055727919861, "x5": 1.8501289384801936, "x6": 3.7295773139908506, "x7": -13.082895770564754, "x8": 0.8542734113558257, "x9": 1.969918852482409}, "datetime": {"datetime": "2025-04-26 20:39:24", "elapsed": 1436.953695, "delta": 12.072314}}
{"target": 1.248112083479753, "params": {"x0": 0.9667763821089853, "x1": 7.4525087138409924, "x2": 0.0006727857914823927, "x3": 3.021330480984191, "x4": 1.4700259063111283, "x5": 1.8439426257259195, "x6": 3.72374819976752, "x7": -13.086756651835234, "x8": 0.8539582464111044, "x9": 1.9699968971995763}, "datetime": {"datetime": "2025-04-26 20:39:37", "elapsed": 1449.40295, "delta": 12.449255}}
{"target": 1.248112083479753, "params": {"x0": 0.9667648583737517, "x1": 7.453187678792402, "x2": 0.003081330317819244, "x3": 3.021130754041028, "x4": 1.4681288609991427, "x5": 1.8421642801049902, "x6": 3.7207040371307967, "x7": -13.090842386567985, "x8": 0.8537740364688049, "x9": 1.9697800953691431}, "datetime": {"datetime": "2025-04-26 20:39:49", "elapsed": 1461.533512, "delta": 12.130562}}
{"target": 1.248112083479753, "params": {"x0": 0.9668399702550817, "x1": 7.456474799381875, "x2": 0.0012725332243189356, "x3": 3.0217037384140983, "x4": 1.4685464749507289, "x5": 1.844503861057095, "x6": 3.726757947186119, "x7": -13.08843412003884, "x8": 0.8541401402423895, "x9": 1.9700168147247064}, "datetime": {"datetime": "2025-04-26 20:40:01", "elapsed": 1473.612892, "delta": 12.07938}}
{"target": 1.248112083479753, "params": {"x0": 0.9668544418339079, "x1": 7.45379980281697, "x2": 0.0014653150170149925, "x3": 3.021946506991056, "x4": 1.468077423053036, "x5": 1.8462562610650735, "x6": 3.7220284920113365, "x7": -13.091093409405477, "x8": 0.8538447382686415, "x9": 1.9697389792380864}, "datetime": {"datetime": "2025-04-26 20:40:12", "elapsed": 1484.814156, "delta": 11.201264}}
{"target": 1.248112083479753, "params": {"x0": 0.9668528625870375, "x1": 7.45400177403651, "x2": 0.0024970794273106267, "x3": 3.0230196502629263, "x4": 1.4681748528753076, "x5": 1.844694431118286, "x6": 3.7230441378271726, "x7": -13.089150090930168, "x8": 0.8535202491447224, "x9": 1.9695570428084659}, "datetime": {"datetime": "2025-04-26 20:40:24", "elapsed": 1496.910319, "delta": 12.096163}}
{"target": 1.248112083479753, "params": {"x0": 0.966783782170272, "x1": 7.4549840513660115, "x2": 0.0013998975712326146, "x3": 3.021994370944737, "x4": 1.4669928525390865, "x5": 1.8462446015098233, "x6": 3.7247969668795764, "x7": -13.087702307214572, "x8": 0.853941854529085, "x9": 1.9697300340018358}, "datetime": {"datetime": "2025-04-26 20:40:36", "elapsed": 1508.969751, "delta": 12.059432}}
{"target": 1.248112083479753, "params": {"x0": 0.9667809692853775, "x1": 7.454917502642407, "x2": 0.002509598461391004, "x3": 3.0230511719785316, "x4": 1.4681682807209564, "x5": 1.8447138124231328, "x6": 3.7245747422430013, "x7": -13.085887000024925, "x8": 0.8536128935285787, "x9": 1.969625120012763}, "datetime": {"datetime": "2025-04-26 20:40:48", "elapsed": 1520.907764, "delta": 11.938013}}
{"target": 1.248112083479753, "params": {"x0": 0.9668315996764518, "x1": 7.454212404657788, "x2": 0.00023017393788927736, "x3": 3.023542712524384, "x4": 1.4684273070323195, "x5": 1.8442819295197777, "x6": 3.7252453854055494, "x7": -13.089867004948564, "x8": 0.8537956000544866, "x9": 1.9697319775139122}, "datetime": {"datetime": "2025-04-26 20:41:01", "elapsed": 1533.089905, "delta": 12.182141}}
{"target": 1.248112083479753, "params": {"x0": 0.9668469156273165, "x1": 7.454523272990066, "x2": 0.0014265509739900307, "x3": 3.023396555321644, "x4": 1.4676415003969034, "x5": 1.8467222974926103, "x6": 3.7252877238312276, "x7": -13.088519224329243, "x8": 0.8539510099326749, "x9": 1.969772917794684}, "datetime": {"datetime": "2025-04-26 20:41:13", "elapsed": 1545.442327, "delta": 12.352422}}
{"target": 1.248112083479753, "params": {"x0": 0.9668167362818066, "x1": 7.454532602860028, "x2": 0.0001987750125872581, "x3": 3.0229371636477533, "x4": 1.4665981878535541, "x5": 1.84472580408399, "x6": 3.7236688162687113, "x7": -13.090889136501007, "x8": 0.8540350950941569, "x9": 1.970055941181993}, "datetime": {"datetime": "2025-04-26 20:41:25", "elapsed": 1558.073309, "delta": 12.630982}}
{"target": 1.248112083479753, "params": {"x0": 0.966845470778618, "x1": 7.454963099675928, "x2": 0.0002730323571818257, "x3": 3.0225497862045825, "x4": 1.466927146047442, "x5": 1.8450505814871139, "x6": 3.7234598916555677, "x7": -13.089887166742805, "x8": 0.8538415197563719, "x9": 1.969956815378303}, "datetime": {"datetime": "2025-04-26 20:41:38", "elapsed": 1570.242076, "delta": 12.168767}}
{"target": 1.248112083479753, "params": {"x0": 0.9667829014696311, "x1": 7.455247509497885, "x2": 0.0003249196060944684, "x3": 3.0233502157222265, "x4": 1.4667209749653418, "x5": 1.845096887085402, "x6": 3.723792335482632, "x7": -13.090490052092873, "x8": 0.8538488459597943, "x9": 1.9697961175212086}, "datetime": {"datetime": "2025-04-26 20:41:50", "elapsed": 1582.258587, "delta": 12.016511}}
{"target": 1.248112083479753, "params": {"x0": 0.9667860189166337, "x1": 7.454282069694128, "x2": 0.00045635095531348804, "x3": 3.0226972862595423, "x4": 1.4669084379108632, "x5": 1.8453511750851475, "x6": 3.7241098577084895, "x7": -13.089945801989932, "x8": 0.853839683924126, "x9": 1.9699136610118022}, "datetime": {"datetime": "2025-04-26 20:42:02", "elapsed": 1594.859315, "delta": 12.600728}}
{"target": 1.248112083479753, "params": {"x0": 0.966805199551595, "x1": 7.455352803176412, "x2": 0.0005095476603756892, "x3": 3.023798074740098, "x4": 1.467073857110605, "x5": 1.845417269233231, "x6": 3.7240759659467915, "x7": -13.090168391624697, "x8": 0.8537396777512685, "x9": 1.9697677845101655}, "datetime": {"datetime": "2025-04-26 20:42:15", "elapsed": 1607.151124, "delta": 12.291809}}
{"target": 1.248112083479753, "params": {"x0": 0.966816305516304, "x1": 7.455242157695893, "x2": 0.0005484472908361479, "x3": 3.023573974405834, "x4": 1.46760569020031, "x5": 1.8455773491858454, "x6": 3.7240711796336767, "x7": -13.08999185370036, "x8": 0.8539061470712738, "x9": 1.9697661256496228}, "datetime": {"datetime": "2025-04-26 20:42:27", "elapsed": 1619.248614, "delta": 12.09749}}
{"target": 1.248112083479753, "params": {"x0": 0.9667980537334939, "x1": 7.455275970167537, "x2": 0.000740663836688026, "x3": 3.022995898101305, "x4": 1.4670274652686395, "x5": 1.8456726717070953, "x6": 3.7242642042207366, "x7": -13.08944678581323, "x8": 0.8538522440580323, "x9": 1.9698408570956103}, "datetime": {"datetime": "2025-04-26 20:42:39", "elapsed": 1631.118422, "delta": 11.869808}}
{"target": 1.248112083479753, "params": {"x0": 0.9668099980422072, "x1": 7.455196498446393, "x2": 0.0006985273083643962, "x3": 3.0235790267979263, "x4": 1.4672103963365042, "x5": 1.8458695031438028, "x6": 3.7242826967690386, "x7": -13.089447742624577, "x8": 0.8539397910504776, "x9": 1.9698635744655186}, "datetime": {"datetime": "2025-04-26 20:42:51", "elapsed": 1643.102478, "delta": 11.984056}}
{"target": 1.248112083479753, "params": {"x0": 0.9668227846218155, "x1": 7.4549861906152515, "x2": 0.0007856404380089864, "x3": 3.0231814996094646, "x4": 1.4672464646135603, "x5": 1.8458966541881638, "x6": 3.724600814833416, "x7": -13.08969896811517, "x8": 0.8538274693069404, "x9": 1.969947710114784}, "datetime": {"datetime": "2025-04-26 20:43:02", "elapsed": 1655.041961, "delta": 11.939483}}
{"target": 1.248112083479753, "params": {"x0": 0.9668083651483007, "x1": 7.455104632669464, "x2": 0.0009083233984773524, "x3": 3.0229135550306547, "x4": 1.4672697463382693, "x5": 1.8459795584496277, "x6": 3.7244998742194624, "x7": -13.089465145264336, "x8": 0.8538722987961346, "x9": 1.9698929420635163}, "datetime": {"datetime": "2025-04-26 20:43:15", "elapsed": 1667.20442, "delta": 12.162459}}
{"target": 1.248112083479753, "params": {"x0": 0.9667937224865717, "x1": 7.454615711290903, "x2": 0.0007863675821409317, "x3": 3.023137309030626, "x4": 1.4671946320478457, "x5": 1.846146725006422, "x6": 3.724471960079223, "x7": -13.089211800673525, "x8": 0.8537867548762765, "x9": 1.9698018901434518}, "datetime": {"datetime": "2025-04-26 20:43:27", "elapsed": 1679.160279, "delta": 11.955859}}
{"target": 1.248112083479753, "params": {"x0": 0.966802762748487, "x1": 7.455051231390023, "x2": 0.0008328938533638839, "x3": 3.023001873113106, "x4": 1.467441328525014, "x5": 1.8461803114532376, "x6": 3.724554401668044, "x7": -13.089389467539963, "x8": 0.8539014371309335, "x9": 1.969844012357036}, "datetime": {"datetime": "2025-04-26 20:43:38", "elapsed": 1691.025628, "delta": 11.865349}}
{"target": 1.248112083479753, "params": {"x0": 0.9668052532926962, "x1": 7.455125928219768, "x2": 0.0008707985943033063, "x3": 3.0231035330476312, "x4": 1.4672811638450607, "x5": 1.8462671629717002, "x6": 3.7246383884334437, "x7": -13.089207289278757, "x8": 0.8538716440714235, "x9": 1.9698642405373186}, "datetime": {"datetime": "2025-04-26 20:43:50", "elapsed": 1702.976052, "delta": 11.950424}}
{"target": 1.248112083479753, "params": {"x0": 0.9668151103250755, "x1": 7.454974522306122, "x2": 0.0009761921042415855, "x3": 3.0231043713552803, "x4": 1.4674233132051928, "x5": 1.8462865883583914, "x6": 3.7247230707861125, "x7": -13.089264789164213, "x8": 0.8538342397948646, "x9": 1.9698354071224415}, "datetime": {"datetime": "2025-04-26 20:44:03", "elapsed": 1715.140346, "delta": 12.164294}}
{"target": 1.248112083479753, "params": {"x0": 0.9667989082903258, "x1": 7.454734649541936, "x2": 0.0009092707674917303, "x3": 3.0230819249292002, "x4": 1.4673199066066434, "x5": 1.8462972499928756, "x6": 3.7247237868635987, "x7": -13.089233186458298, "x8": 0.853811325211387, "x9": 1.9698253548058766}, "datetime": {"datetime": "2025-04-26 20:44:15", "elapsed": 1727.293362, "delta": 12.153016}}
{"target": 1.248112083479753, "params": {"x0": 0.9668090707359603, "x1": 7.455004986434, "x2": 0.0009494383000550067, "x3": 3.0232588296730616, "x4": 1.4674315851791218, "x5": 1.8463770359682685, "x6": 3.7249256430500304, "x7": -13.08915827110926, "x8": 0.8538225077008527, "x9": 1.969855695911148}, "datetime": {"datetime": "2025-04-26 20:44:27", "elapsed": 1739.610609, "delta": 12.317247}}
{"target": 1.248112083479753, "params": {"x0": 0.9668078402413885, "x1": 7.4547736995613025, "x2": 0.0009538214746235862, "x3": 3.023162909257148, "x4": 1.4673653169038958, "x5": 1.8464023249067671, "x6": 3.7248150705946643, "x7": -13.089182573048651, "x8": 0.8538202337247666, "x9": 1.969900343204768}, "datetime": {"datetime": "2025-04-26 20:44:39", "elapsed": 1751.618745, "delta": 12.008136}}
{"target": 1.248112083479753, "params": {"x0": 0.9668015894534066, "x1": 7.454791739067069, "x2": 0.0009728141445061142, "x3": 3.0231481667649227, "x4": 1.4673847510555453, "x5": 1.8464260001929194, "x6": 3.724854187398131, "x7": -13.08899566232614, "x8": 0.8538240695825633, "x9": 1.9698374865003216}, "datetime": {"datetime": "2025-04-26 20:44:51", "elapsed": 1764.025151, "delta": 12.406406}}
{"target": 1.248112083479753, "params": {"x0": 0.9668062840888715, "x1": 7.455012542509629, "x2": 0.0009918274580925624, "x3": 3.0232175143733935, "x4": 1.4675342015334718, "x5": 1.8464908813458154, "x6": 3.7249152507582246, "x7": -13.089096033960073, "x8": 0.853828624278353, "x9": 1.969878943171311}, "datetime": {"datetime": "2025-04-26 20:45:04", "elapsed": 1776.360422, "delta": 12.335271}}
{"target": 1.248112083479753, "params": {"x0": 0.9668146439474042, "x1": 7.4550835203893815, "x2": 0.001005291610005237, "x3": 3.0231817640360905, "x4": 1.467454269141739, "x5": 1.8464916220237009, "x6": 3.725100215146855, "x7": -13.0890749587383, "x8": 0.853830521331255, "x9": 1.9698965553176762}, "datetime": {"datetime": "2025-04-26 20:45:16", "elapsed": 1788.506597, "delta": 12.146175}}
{"target": 1.248112083479753, "params": {"x0": 0.9668035440212923, "x1": 7.4548353232644695, "x2": 0.0010191372663496, "x3": 3.023196160264321, "x4": 1.467431892940698, "x5": 1.8465196493589262, "x6": 3.724982843844826, "x7": -13.089046008778373, "x8": 0.8538831127745888, "x9": 1.9698463305055718}, "datetime": {"datetime": "2025-04-26 20:45:28", "elapsed": 1800.700814, "delta": 12.194217}}
{"target": 1.248112083479753, "params": {"x0": 0.9668084104010901, "x1": 7.455030297843503, "x2": 0.0010457078254409288, "x3": 3.0232809662632336, "x4": 1.467471508202029, "x5": 1.846563401561408, "x6": 3.7250168597347177, "x7": -13.089012971209678, "x8": 0.8538669449384617, "x9": 1.9698670473794095}, "datetime": {"datetime": "2025-04-26 20:45:40", "elapsed": 1812.88437, "delta": 12.183556}}
{"target": 1.248112083479753, "params": {"x0": 0.9668045430146425, "x1": 7.454912955270896, "x2": 0.0010428133386984606, "x3": 3.0232216665192726, "x4": 1.46745602583448, "x5": 1.846567576102162, "x6": 3.724997413590101, "x7": -13.088996504346902, "x8": 0.8538380225318568, "x9": 1.9698508507386612}, "datetime": {"datetime": "2025-04-26 20:45:52", "elapsed": 1825.069253, "delta": 12.184883}}
{"target": 1.248112083479753, "params": {"x0": 0.9668049967898183, "x1": 7.4549827664830985, "x2": 0.0010566989224803983, "x3": 3.0234082637602944, "x4": 1.4674702460901816, "x5": 1.8466034562012394, "x6": 3.725039330299626, "x7": -13.088966075828369, "x8": 0.8538681682894427, "x9": 1.9698579429999072}, "datetime": {"datetime": "2025-04-26 20:46:05", "elapsed": 1837.430415, "delta": 12.361162}}
{"target": 1.248112083479753, "params": {"x0": 0.966805352199256, "x1": 7.4548757545761175, "x2": 0.0010619909573010378, "x3": 3.0232407180303182, "x4": 1.4674755734784437, "x5": 1.8466063967641828, "x6": 3.7250367082431315, "x7": -13.088956405757408, "x8": 0.8538418564480759, "x9": 1.9698545121274638}, "datetime": {"datetime": "2025-04-26 20:46:17", "elapsed": 1849.729963, "delta": 12.299548}}
{"target": 1.248112083479753, "params": {"x0": 0.9668088572965248, "x1": 7.454948037299481, "x2": 0.0010853787177650444, "x3": 3.0233952162972297, "x4": 1.467529713831151, "x5": 1.8467323403484175, "x6": 3.7252572758046942, "x7": -13.088935973132664, "x8": 0.8538467801515076, "x9": 1.9698603906541146}, "datetime": {"datetime": "2025-04-26 20:46:29", "elapsed": 1861.661318, "delta": 11.931355}}
{"target": 1.248112083479753, "params": {"x0": 0.9668097883256416, "x1": 7.454969090257905, "x2": 0.0011317159656003468, "x3": 3.023319729322472, "x4": 1.4675788740226954, "x5": 1.8467166511391198, "x6": 3.7253039044545213, "x7": -13.088864631248246, "x8": 0.8538702043363365, "x9": 1.9698811788941026}, "datetime": {"datetime": "2025-04-26 20:46:41", "elapsed": 1873.125677, "delta": 11.464359}}
{"target": 1.248112083479753, "params": {"x0": 0.9668085000642478, "x1": 7.45495774758989, "x2": 0.0010983260421422566, "x3": 3.023293273085401, "x4": 1.4675284558027692, "x5": 1.84686132573538, "x6": 3.7251747553565493, "x7": -13.088769170843111, "x8": 0.8538633257401556, "x9": 1.9698608315010844}, "datetime": {"datetime": "2025-04-26 20:46:53", "elapsed": 1885.151034, "delta": 12.025357}}
{"target": 1.248112083479753, "params": {"x0": 0.9668085915335671, "x1": 7.454991256315405, "x2": 0.0011303614543052773, "x3": 3.023379428541549, "x4": 1.4675716797545502, "x5": 1.8468614169835176, "x6": 3.725272612398232, "x7": -13.088884702161671, "x8": 0.8538588535379489, "x9": 1.9698629782464492}, "datetime": {"datetime": "2025-04-26 20:47:05", "elapsed": 1897.135366, "delta": 11.984332}}
{"target": 1.248112083479753, "params": {"x0": 0.9668103547294048, "x1": 7.454991997024071, "x2": 0.0011373913300397563, "x3": 3.0233258637747062, "x4": 1.4675164066944344, "x5": 1.8466784543757537, "x6": 3.725209279703752, "x7": -13.088777591040191, "x8": 0.853859237100461, "x9": 1.9698698681912992}, "datetime": {"datetime": "2025-04-26 20:47:17", "elapsed": 1909.258093, "delta": 12.122727}}
{"target": 1.248112083479753, "params": {"x0": 0.9668087265773496, "x1": 7.454917708540599, "x2": 0.0011697565317372615, "x3": 3.023356013208145, "x4": 1.4675698505125394, "x5": 1.8467707587645263, "x6": 3.725204901038242, "x7": -13.088769432663558, "x8": 0.8538547676196506, "x9": 1.969877604347494}, "datetime": {"datetime": "2025-04-26 20:47:29", "elapsed": 1921.506569, "delta": 12.248476}}
{"target": 1.248112083479753, "params": {"x0": 0.9668102777852671, "x1": 7.454975219527641, "x2": 0.0011673889905749843, "x3": 3.0233614742800934, "x4": 1.4675192187550286, "x5": 1.8468116147957212, "x6": 3.7252176530837176, "x7": -13.088706436854055, "x8": 0.8538566304435262, "x9": 1.9698714674295077}, "datetime": {"datetime": "2025-04-26 20:47:41", "elapsed": 1933.236532, "delta": 11.729963}}
{"target": 1.248112083479753, "params": {"x0": 0.9668080011550054, "x1": 7.454984649562768, "x2": 0.0011544010210286812, "x3": 3.023340690981655, "x4": 1.4675806942639715, "x5": 1.8467231029710511, "x6": 3.7252707245829644, "x7": -13.08878699117551, "x8": 0.8538560672110523, "x9": 1.969864663481348}, "datetime": {"datetime": "2025-04-26 20:47:53", "elapsed": 1945.327199, "delta": 12.090667}}
{"target": 1.248112083479753, "params": {"x0": 0.9668081528774047, "x1": 7.4549568673999955, "x2": 0.0011321918753927217, "x3": 3.023295360883672, "x4": 1.4675807116453148, "x5": 1.8468152737969306, "x6": 3.725189875290004, "x7": -13.088775418114524, "x8": 0.8538608725961657, "x9": 1.9698728168944315}, "datetime": {"datetime": "2025-04-26 20:48:05", "elapsed": 1957.521598, "delta": 12.194399}}
{"target": 1.248112083479753, "params": {"x0": 0.9668084945807501, "x1": 7.454971597674727, "x2": 0.0011190814462085012, "x3": 3.0232981380422967, "x4": 1.4675774735393243, "x5": 1.846813486489613, "x6": 3.725208048509167, "x7": -13.088790529412602, "x8": 0.853858666651434, "x9": 1.9698647388829145}, "datetime": {"datetime": "2025-04-26 20:48:17", "elapsed": 1969.609142, "delta": 12.087544}}
{"target": 1.248112083479753, "params": {"x0": 0.9668092342192077, "x1": 7.454939130358112, "x2": 0.001163007834036824, "x3": 3.023321089885005, "x4": 1.4675682047986414, "x5": 1.8467408541269932, "x6": 3.725170218461854, "x7": -13.088807254189895, "x8": 0.8538603605169778, "x9": 1.9698661889211606}, "datetime": {"datetime": "2025-04-26 20:48:29", "elapsed": 1981.630408, "delta": 12.021266}}
{"target": 1.248112083479753, "params": {"x0": 0.9668097121671362, "x1": 7.454938623012897, "x2": 0.0011477564172536767, "x3": 3.0233437732664235, "x4": 1.4675633747934866, "x5": 1.846800905674534, "x6": 3.7252044417494306, "x7": -13.08879241657422, "x8": 0.8538582553697015, "x9": 1.9698743794328653}, "datetime": {"datetime": "2025-04-26 20:48:41", "elapsed": 1993.372984, "delta": 11.742576}}
