{"target": 272.7444043131332, "params": {"x0": 0.8, "x1": 0.9, "x2": 0.20548337091056768, "x3": 2.614760465084244, "x4": 4.229514587746833, "x5": 5.05085259117173, "x6": 1.1622192368768391, "x7": -3.52245363179008, "x8": 0.17639488138585377, "x9": 2.8}, "datetime": {"datetime": "2025-05-10 15:13:41", "elapsed": 68859.047706, "delta": 39.425609}}
{"target": 272.7444043131332, "params": {"x0": 0.8, "x1": 0.9, "x2": 0.20548337091056768, "x3": 2.614760465084244, "x4": 4.229514587746833, "x5": 5.05085259117173, "x6": 1.1622192368768391, "x7": -3.52245363179008, "x8": 0.17639488138585377, "x9": 2.8}, "datetime": {"datetime": "2025-05-10 15:14:17", "elapsed": 68895.300084, "delta": 36.252378}}
{"target": 272.7444043131332, "params": {"x0": 0.8, "x1": 0.9, "x2": 0.20548337091056768, "x3": 2.614760465084244, "x4": 4.229514587746833, "x5": 5.05085259117173, "x6": 1.1622192368768391, "x7": -3.52245363179008, "x8": 0.17639488138585377, "x9": 2.8}, "datetime": {"datetime": "2025-05-10 15:14:54", "elapsed": 68932.018706, "delta": 36.718622}}
{"target": 272.7444043131332, "params": {"x0": 0.8, "x1": 0.9, "x2": 0.20548337091056768, "x3": 2.614760465084244, "x4": 4.229514587746833, "x5": 5.05085259117173, "x6": 1.1622192368768391, "x7": -3.52245363179008, "x8": 0.17639488138585377, "x9": 2.8}, "datetime": {"datetime": "2025-05-10 15:15:33", "elapsed": 68971.180853, "delta": 39.162147}}
{"target": 272.7444043131332, "params": {"x0": 0.8, "x1": 0.9, "x2": 0.20548337091056768, "x3": 2.614760465084244, "x4": 4.229514587746833, "x5": 5.05085259117173, "x6": 1.1622192368768391, "x7": -3.52245363179008, "x8": 0.17639488138585377, "x9": 2.8}, "datetime": {"datetime": "2025-05-10 15:16:05", "elapsed": 69003.584004, "delta": 32.403151}}
{"target": 272.7444043131332, "params": {"x0": 0.8, "x1": 0.9, "x2": 0.20548337091056768, "x3": 2.614760465084244, "x4": 4.229514587746833, "x5": 5.05085259117173, "x6": 1.1622192368768391, "x7": -3.52245363179008, "x8": 0.17639488138585377, "x9": 2.8}, "datetime": {"datetime": "2025-05-10 15:16:41", "elapsed": 69039.275952, "delta": 35.691948}}
{"target": 272.7444043131332, "params": {"x0": 0.8, "x1": 0.9, "x2": 0.20548337091056768, "x3": 2.614760465084244, "x4": 4.229514587746833, "x5": 5.05085259117173, "x6": 1.1622192368768391, "x7": -3.52245363179008, "x8": 0.17639488138585377, "x9": 2.8}, "datetime": {"datetime": "2025-05-10 15:17:17", "elapsed": 69075.029414, "delta": 35.753462}}
{"target": 272.7444043131332, "params": {"x0": 0.8, "x1": 0.9, "x2": 0.20548337091056768, "x3": 2.614760465084244, "x4": 4.229514587746833, "x5": 5.05085259117173, "x6": 1.1622192368768391, "x7": -3.52245363179008, "x8": 0.17639488138585377, "x9": 2.8}, "datetime": {"datetime": "2025-05-10 15:17:55", "elapsed": 69113.35364, "delta": 38.324226}}
{"target": 272.7444043131332, "params": {"x0": 0.8, "x1": 0.9, "x2": 0.20548337091056768, "x3": 2.614760465084244, "x4": 4.229514587746833, "x5": 5.05085259117173, "x6": 1.1622192368768391, "x7": -3.52245363179008, "x8": 0.17639488138585377, "x9": 2.8}, "datetime": {"datetime": "2025-05-10 15:18:30", "elapsed": 69148.30582, "delta": 34.95218}}
{"target": 272.7444043131332, "params": {"x0": 0.8, "x1": 0.9, "x2": 0.20548337091056768, "x3": 2.614760465084244, "x4": 4.229514587746833, "x5": 5.05085259117173, "x6": 1.1622192368768391, "x7": -3.52245363179008, "x8": 0.17639488138585377, "x9": 2.8}, "datetime": {"datetime": "2025-05-10 15:19:00", "elapsed": 69178.286866, "delta": 29.981046}}
{"target": 272.7444043131332, "params": {"x0": 0.8, "x1": 0.9, "x2": 0.20548337091056768, "x3": 2.614760465084244, "x4": 4.229514587746833, "x5": 5.05085259117173, "x6": 1.1622192368768391, "x7": -3.52245363179008, "x8": 0.17639488138585377, "x9": 2.8}, "datetime": {"datetime": "2025-05-10 15:19:31", "elapsed": 69209.212517, "delta": 30.925651}}
{"target": 272.7444043131332, "params": {"x0": 0.8, "x1": 0.9, "x2": 0.20548337091056768, "x3": 2.614760465084244, "x4": 4.229514587746833, "x5": 5.05085259117173, "x6": 1.1622192368768391, "x7": -3.52245363179008, "x8": 0.17639488138585377, "x9": 2.8}, "datetime": {"datetime": "2025-05-10 15:20:05", "elapsed": 69243.679185, "delta": 34.466668}}
{"target": 272.7444043131332, "params": {"x0": 0.8, "x1": 0.9, "x2": 0.20548337091056768, "x3": 2.614760465084244, "x4": 4.229514587746833, "x5": 5.05085259117173, "x6": 1.1622192368768391, "x7": -3.52245363179008, "x8": 0.17639488138585377, "x9": 2.8}, "datetime": {"datetime": "2025-05-10 15:20:46", "elapsed": 69284.062903, "delta": 40.383718}}
{"target": 272.7444043131332, "params": {"x0": 0.8, "x1": 0.9, "x2": 0.20548337091056768, "x3": 2.614760465084244, "x4": 4.229514587746833, "x5": 5.05085259117173, "x6": 1.1622192368768391, "x7": -3.52245363179008, "x8": 0.17639488138585377, "x9": 2.8}, "datetime": {"datetime": "2025-05-10 15:21:15", "elapsed": 69313.657657, "delta": 29.594754}}
{"target": 272.7444043131332, "params": {"x0": 0.8, "x1": 0.9, "x2": 0.20548337091056768, "x3": 2.614760465084244, "x4": 4.229514587746833, "x5": 5.05085259117173, "x6": 1.1622192368768391, "x7": -3.52245363179008, "x8": 0.17639488138585377, "x9": 2.8}, "datetime": {"datetime": "2025-05-10 15:22:01", "elapsed": 69358.769449, "delta": 45.111792}}
{"target": 272.7444043131332, "params": {"x0": 0.8, "x1": 0.9, "x2": 0.20548337091056768, "x3": 2.614760465084244, "x4": 4.229514587746833, "x5": 5.05085259117173, "x6": 1.1622192368768391, "x7": -3.52245363179008, "x8": 0.17639488138585377, "x9": 2.8}, "datetime": {"datetime": "2025-05-10 15:22:37", "elapsed": 69395.174823, "delta": 36.405374}}
{"target": 272.7444043131332, "params": {"x0": 0.8, "x1": 0.9, "x2": 0.20548337091056768, "x3": 2.614760465084244, "x4": 4.229514587746833, "x5": 5.05085259117173, "x6": 1.1622192368768391, "x7": -3.52245363179008, "x8": 0.17639488138585377, "x9": 2.8}, "datetime": {"datetime": "2025-05-10 15:23:12", "elapsed": 69430.399755, "delta": 35.224932}}
{"target": 272.7444043131332, "params": {"x0": 0.8, "x1": 0.9, "x2": 0.20548337091056768, "x3": 2.614760465084244, "x4": 4.229514587746833, "x5": 5.05085259117173, "x6": 1.1622192368768391, "x7": -3.52245363179008, "x8": 0.17639488138585377, "x9": 2.8}, "datetime": {"datetime": "2025-05-10 15:23:51", "elapsed": 69469.036863, "delta": 38.637108}}
{"target": 272.7444043131332, "params": {"x0": 0.8, "x1": 0.9, "x2": 0.20548337091056768, "x3": 2.614760465084244, "x4": 4.229514587746833, "x5": 5.05085259117173, "x6": 1.1622192368768391, "x7": -3.52245363179008, "x8": 0.17639488138585377, "x9": 2.8}, "datetime": {"datetime": "2025-05-10 15:24:23", "elapsed": 69501.51747, "delta": 32.480607}}
{"target": 272.7444043131332, "params": {"x0": 0.8, "x1": 0.9, "x2": 0.20548337091056768, "x3": 2.614760465084244, "x4": 4.229514587746833, "x5": 5.05085259117173, "x6": 1.1622192368768391, "x7": -3.52245363179008, "x8": 0.17639488138585377, "x9": 2.8}, "datetime": {"datetime": "2025-05-10 15:25:02", "elapsed": 69539.847735, "delta": 38.330265}}
{"target": 272.7444043131332, "params": {"x0": 0.8, "x1": 0.9, "x2": 0.20548337091056768, "x3": 2.614760465084244, "x4": 4.229514587746833, "x5": 5.05085259117173, "x6": 1.1622192368768391, "x7": -3.52245363179008, "x8": 0.17639488138585377, "x9": 2.8}, "datetime": {"datetime": "2025-05-10 15:25:36", "elapsed": 69574.088763, "delta": 34.241028}}
{"target": 272.7444043131332, "params": {"x0": 0.8, "x1": 0.9, "x2": 0.20548337091056768, "x3": 2.614760465084244, "x4": 4.229514587746833, "x5": 5.05085259117173, "x6": 1.1622192368768391, "x7": -3.52245363179008, "x8": 0.17639488138585377, "x9": 2.8}, "datetime": {"datetime": "2025-05-10 15:26:14", "elapsed": 69612.479721, "delta": 38.390958}}
{"target": 272.7444043131332, "params": {"x0": 0.8, "x1": 0.9, "x2": 0.20548337091056768, "x3": 2.614760465084244, "x4": 4.229514587746833, "x5": 5.05085259117173, "x6": 1.1622192368768391, "x7": -3.52245363179008, "x8": 0.17639488138585377, "x9": 2.8}, "datetime": {"datetime": "2025-05-10 15:26:49", "elapsed": 69646.828766, "delta": 34.349045}}
{"target": 272.7444043131332, "params": {"x0": 0.8, "x1": 0.9, "x2": 0.20548337091056768, "x3": 2.614760465084244, "x4": 4.229514587746833, "x5": 5.05085259117173, "x6": 1.1622192368768391, "x7": -3.52245363179008, "x8": 0.17639488138585377, "x9": 2.8}, "datetime": {"datetime": "2025-05-10 15:27:24", "elapsed": 69682.388696, "delta": 35.55993}}
{"target": 272.7444043131332, "params": {"x0": 0.8, "x1": 0.9, "x2": 0.20548337091056768, "x3": 2.614760465084244, "x4": 4.229514587746833, "x5": 5.05085259117173, "x6": 1.1622192368768391, "x7": -3.52245363179008, "x8": 0.17639488138585377, "x9": 2.8}, "datetime": {"datetime": "2025-05-10 15:28:06", "elapsed": 69724.078151, "delta": 41.689455}}
{"target": 272.7444043131332, "params": {"x0": 0.8, "x1": 0.9, "x2": 0.20548337091056768, "x3": 2.614760465084244, "x4": 4.229514587746833, "x5": 5.05085259117173, "x6": 1.1622192368768391, "x7": -3.52245363179008, "x8": 0.17639488138585377, "x9": 2.8}, "datetime": {"datetime": "2025-05-10 15:28:43", "elapsed": 69761.362335, "delta": 37.284184}}
{"target": 272.7444043131332, "params": {"x0": 0.8, "x1": 0.9, "x2": 0.20548337091056768, "x3": 2.614760465084244, "x4": 4.229514587746833, "x5": 5.05085259117173, "x6": 1.1622192368768391, "x7": -3.52245363179008, "x8": 0.17639488138585377, "x9": 2.8}, "datetime": {"datetime": "2025-05-10 15:29:13", "elapsed": 69791.204406, "delta": 29.842071}}
{"target": 272.7444043131332, "params": {"x0": 0.8, "x1": 0.9, "x2": 0.20548337091056768, "x3": 2.614760465084244, "x4": 4.229514587746833, "x5": 5.05085259117173, "x6": 1.1622192368768391, "x7": -3.52245363179008, "x8": 0.17639488138585377, "x9": 2.8}, "datetime": {"datetime": "2025-05-10 15:30:01", "elapsed": 69839.358168, "delta": 48.153762}}
{"target": 272.7444043131332, "params": {"x0": 0.8, "x1": 0.9, "x2": 0.20548337091056768, "x3": 2.614760465084244, "x4": 4.229514587746833, "x5": 5.05085259117173, "x6": 1.1622192368768391, "x7": -3.52245363179008, "x8": 0.17639488138585377, "x9": 2.8}, "datetime": {"datetime": "2025-05-10 15:30:38", "elapsed": 69876.232664, "delta": 36.874496}}
{"target": 272.7444043131332, "params": {"x0": 0.8, "x1": 0.9, "x2": 0.20548337091056768, "x3": 2.614760465084244, "x4": 4.229514587746833, "x5": 5.05085259117173, "x6": 1.1622192368768391, "x7": -3.52245363179008, "x8": 0.17639488138585377, "x9": 2.8}, "datetime": {"datetime": "2025-05-10 15:31:21", "elapsed": 69918.86532, "delta": 42.632656}}
{"target": 272.7444043131332, "params": {"x0": 0.8, "x1": 0.9, "x2": 0.20548337091056768, "x3": 2.614760465084244, "x4": 4.229514587746833, "x5": 5.05085259117173, "x6": 1.1622192368768391, "x7": -3.52245363179008, "x8": 0.17639488138585377, "x9": 2.8}, "datetime": {"datetime": "2025-05-10 15:31:58", "elapsed": 69956.500375, "delta": 37.635055}}
{"target": 272.7444043131332, "params": {"x0": 0.8, "x1": 0.9, "x2": 0.20548337091056768, "x3": 2.614760465084244, "x4": 4.229514587746833, "x5": 5.05085259117173, "x6": 1.1622192368768391, "x7": -3.52245363179008, "x8": 0.17639488138585377, "x9": 2.8}, "datetime": {"datetime": "2025-05-10 15:32:32", "elapsed": 69990.370914, "delta": 33.870539}}
{"target": 272.7444043131332, "params": {"x0": 0.8, "x1": 0.9, "x2": 0.20548337091056768, "x3": 2.614760465084244, "x4": 4.229514587746833, "x5": 5.05085259117173, "x6": 1.1622192368768391, "x7": -3.52245363179008, "x8": 0.17639488138585377, "x9": 2.8}, "datetime": {"datetime": "2025-05-10 15:33:00", "elapsed": 70018.597002, "delta": 28.226088}}
{"target": 272.7444043131332, "params": {"x0": 0.8, "x1": 0.9, "x2": 0.20548337091056768, "x3": 2.614760465084244, "x4": 4.229514587746833, "x5": 5.05085259117173, "x6": 1.1622192368768391, "x7": -3.52245363179008, "x8": 0.17639488138585377, "x9": 2.8}, "datetime": {"datetime": "2025-05-10 15:33:58", "elapsed": 70076.440181, "delta": 57.843179}}
{"target": 272.7444043131332, "params": {"x0": 0.8, "x1": 0.9, "x2": 0.20548337091056768, "x3": 2.614760465084244, "x4": 4.229514587746833, "x5": 5.05085259117173, "x6": 1.1622192368768391, "x7": -3.52245363179008, "x8": 0.17639488138585377, "x9": 2.8}, "datetime": {"datetime": "2025-05-10 15:34:36", "elapsed": 70114.71678, "delta": 38.276599}}
{"target": 272.7444043131332, "params": {"x0": 0.8, "x1": 0.9, "x2": 0.20548337091056768, "x3": 2.614760465084244, "x4": 4.229514587746833, "x5": 5.05085259117173, "x6": 1.1622192368768391, "x7": -3.52245363179008, "x8": 0.17639488138585377, "x9": 2.8}, "datetime": {"datetime": "2025-05-10 15:35:07", "elapsed": 70144.836559, "delta": 30.119779}}
{"target": 272.7444043131332, "params": {"x0": 0.8, "x1": 0.9, "x2": 0.20548337091056768, "x3": 2.614760465084244, "x4": 4.229514587746833, "x5": 5.05085259117173, "x6": 1.1622192368768391, "x7": -3.52245363179008, "x8": 0.17639488138585377, "x9": 2.8}, "datetime": {"datetime": "2025-05-10 15:35:52", "elapsed": 70190.679553, "delta": 45.842994}}
{"target": 272.7444043131332, "params": {"x0": 0.8, "x1": 0.9, "x2": 0.20548337091056768, "x3": 2.614760465084244, "x4": 4.229514587746833, "x5": 5.05085259117173, "x6": 1.1622192368768391, "x7": -3.52245363179008, "x8": 0.17639488138585377, "x9": 2.8}, "datetime": {"datetime": "2025-05-10 15:36:48", "elapsed": 70246.037074, "delta": 55.357521}}
{"target": 272.7444043131332, "params": {"x0": 0.8, "x1": 0.9, "x2": 0.20548337091056768, "x3": 2.614760465084244, "x4": 4.229514587746833, "x5": 5.05085259117173, "x6": 1.1622192368768391, "x7": -3.52245363179008, "x8": 0.17639488138585377, "x9": 2.8}, "datetime": {"datetime": "2025-05-10 15:37:25", "elapsed": 70282.989095, "delta": 36.952021}}
{"target": 272.7444043131332, "params": {"x0": 0.8, "x1": 0.9, "x2": 0.20548337091056768, "x3": 2.614760465084244, "x4": 4.229514587746833, "x5": 5.05085259117173, "x6": 1.1622192368768391, "x7": -3.52245363179008, "x8": 0.17639488138585377, "x9": 2.8}, "datetime": {"datetime": "2025-05-10 15:38:02", "elapsed": 70319.845032, "delta": 36.855937}}
{"target": 272.7444043131332, "params": {"x0": 0.8, "x1": 0.9, "x2": 0.20548337091056768, "x3": 2.614760465084244, "x4": 4.229514587746833, "x5": 5.05085259117173, "x6": 1.1622192368768391, "x7": -3.52245363179008, "x8": 0.17639488138585377, "x9": 2.8}, "datetime": {"datetime": "2025-05-10 15:38:35", "elapsed": 70353.135825, "delta": 33.290793}}
{"target": 272.7444043131332, "params": {"x0": 0.8, "x1": 0.9, "x2": 0.20548337091056768, "x3": 2.614760465084244, "x4": 4.229514587746833, "x5": 5.05085259117173, "x6": 1.1622192368768391, "x7": -3.52245363179008, "x8": 0.17639488138585377, "x9": 2.8}, "datetime": {"datetime": "2025-05-10 15:39:18", "elapsed": 70395.908553, "delta": 42.772728}}
{"target": 272.7444043131332, "params": {"x0": 0.8, "x1": 0.9, "x2": 0.20548337091056768, "x3": 2.614760465084244, "x4": 4.229514587746833, "x5": 5.05085259117173, "x6": 1.1622192368768391, "x7": -3.52245363179008, "x8": 0.17639488138585377, "x9": 2.8}, "datetime": {"datetime": "2025-05-10 15:40:00", "elapsed": 70437.834707, "delta": 41.926154}}
{"target": 272.7444043131332, "params": {"x0": 0.8, "x1": 0.9, "x2": 0.20548337091056768, "x3": 2.614760465084244, "x4": 4.229514587746833, "x5": 5.05085259117173, "x6": 1.1622192368768391, "x7": -3.52245363179008, "x8": 0.17639488138585377, "x9": 2.8}, "datetime": {"datetime": "2025-05-10 15:40:41", "elapsed": 70479.186776, "delta": 41.352069}}
{"target": 272.7444043131332, "params": {"x0": 0.8, "x1": 0.9, "x2": 0.20548337091056768, "x3": 2.614760465084244, "x4": 4.229514587746833, "x5": 5.05085259117173, "x6": 1.1622192368768391, "x7": -3.52245363179008, "x8": 0.17639488138585377, "x9": 2.8}, "datetime": {"datetime": "2025-05-10 15:41:16", "elapsed": 70514.651411, "delta": 35.464635}}
{"target": 272.7444043131332, "params": {"x0": 0.8, "x1": 0.9, "x2": 0.20548337091056768, "x3": 2.614760465084244, "x4": 4.229514587746833, "x5": 5.05085259117173, "x6": 1.1622192368768391, "x7": -3.52245363179008, "x8": 0.17639488138585377, "x9": 2.8}, "datetime": {"datetime": "2025-05-10 15:41:52", "elapsed": 70550.484826, "delta": 35.833415}}
{"target": 272.7444043131332, "params": {"x0": 0.8, "x1": 0.9, "x2": 0.20548337091056768, "x3": 2.614760465084244, "x4": 4.229514587746833, "x5": 5.05085259117173, "x6": 1.1622192368768391, "x7": -3.52245363179008, "x8": 0.17639488138585377, "x9": 2.8}, "datetime": {"datetime": "2025-05-10 15:42:26", "elapsed": 70584.477047, "delta": 33.992221}}
{"target": 272.7444043131332, "params": {"x0": 0.8, "x1": 0.9, "x2": 0.20548337091056768, "x3": 2.614760465084244, "x4": 4.229514587746833, "x5": 5.05085259117173, "x6": 1.1622192368768391, "x7": -3.52245363179008, "x8": 0.17639488138585377, "x9": 2.8}, "datetime": {"datetime": "2025-05-10 15:43:08", "elapsed": 70626.403401, "delta": 41.926354}}
{"target": 272.7444043131332, "params": {"x0": 0.8, "x1": 0.9, "x2": 0.20548337091056768, "x3": 2.614760465084244, "x4": 4.229514587746833, "x5": 5.05085259117173, "x6": 1.1622192368768391, "x7": -3.52245363179008, "x8": 0.17639488138585377, "x9": 2.8}, "datetime": {"datetime": "2025-05-10 15:43:37", "elapsed": 70654.875647, "delta": 28.472246}}
{"target": 272.7444043131332, "params": {"x0": 0.8, "x1": 0.9, "x2": 0.20548337091056768, "x3": 2.614760465084244, "x4": 4.229514587746833, "x5": 5.05085259117173, "x6": 1.1622192368768391, "x7": -3.52245363179008, "x8": 0.17639488138585377, "x9": 2.8}, "datetime": {"datetime": "2025-05-10 15:44:02", "elapsed": 70679.840664, "delta": 24.965017}}
{"target": 272.7444043131332, "params": {"x0": 0.8, "x1": 0.9, "x2": 0.20548337091056768, "x3": 2.614760465084244, "x4": 4.229514587746833, "x5": 5.05085259117173, "x6": 1.1622192368768391, "x7": -3.52245363179008, "x8": 0.17639488138585377, "x9": 2.8}, "datetime": {"datetime": "2025-05-10 15:44:38", "elapsed": 70715.862991, "delta": 36.022327}}
{"target": 272.7444043131332, "params": {"x0": 0.8, "x1": 0.9, "x2": 0.20548337091056768, "x3": 2.614760465084244, "x4": 4.229514587746833, "x5": 5.05085259117173, "x6": 1.1622192368768391, "x7": -3.52245363179008, "x8": 0.17639488138585377, "x9": 2.8}, "datetime": {"datetime": "2025-05-10 15:45:16", "elapsed": 70754.309126, "delta": 38.446135}}
{"target": 272.7444043131332, "params": {"x0": 0.8, "x1": 0.9, "x2": 0.20548337091056768, "x3": 2.614760465084244, "x4": 4.229514587746833, "x5": 5.05085259117173, "x6": 1.1622192368768391, "x7": -3.52245363179008, "x8": 0.17639488138585377, "x9": 2.8}, "datetime": {"datetime": "2025-05-10 15:45:45", "elapsed": 70783.188666, "delta": 28.87954}}
{"target": 272.7444043131332, "params": {"x0": 0.8, "x1": 0.9, "x2": 0.20548337091056768, "x3": 2.614760465084244, "x4": 4.229514587746833, "x5": 5.05085259117173, "x6": 1.1622192368768391, "x7": -3.52245363179008, "x8": 0.17639488138585377, "x9": 2.8}, "datetime": {"datetime": "2025-05-10 15:46:30", "elapsed": 70828.362573, "delta": 45.173907}}
{"target": 272.7444043131332, "params": {"x0": 0.8, "x1": 0.9, "x2": 0.20548337091056768, "x3": 2.614760465084244, "x4": 4.229514587746833, "x5": 5.05085259117173, "x6": 1.1622192368768391, "x7": -3.52245363179008, "x8": 0.17639488138585377, "x9": 2.8}, "datetime": {"datetime": "2025-05-10 15:47:10", "elapsed": 70868.567051, "delta": 40.204478}}
{"target": 272.7444043131332, "params": {"x0": 0.8, "x1": 0.9, "x2": 0.20548337091056768, "x3": 2.614760465084244, "x4": 4.229514587746833, "x5": 5.05085259117173, "x6": 1.1622192368768391, "x7": -3.52245363179008, "x8": 0.17639488138585377, "x9": 2.8}, "datetime": {"datetime": "2025-05-10 15:47:57", "elapsed": 70915.49144, "delta": 46.924389}}
{"target": 272.7444043131332, "params": {"x0": 0.8, "x1": 0.9, "x2": 0.20548337091056768, "x3": 2.614760465084244, "x4": 4.229514587746833, "x5": 5.05085259117173, "x6": 1.1622192368768391, "x7": -3.52245363179008, "x8": 0.17639488138585377, "x9": 2.8}, "datetime": {"datetime": "2025-05-10 15:48:31", "elapsed": 70948.886998, "delta": 33.395558}}
{"target": 272.7444043131332, "params": {"x0": 0.8, "x1": 0.9, "x2": 0.20548337091056768, "x3": 2.614760465084244, "x4": 4.229514587746833, "x5": 5.05085259117173, "x6": 1.1622192368768391, "x7": -3.52245363179008, "x8": 0.17639488138585377, "x9": 2.8}, "datetime": {"datetime": "2025-05-10 15:49:05", "elapsed": 70983.320811, "delta": 34.433813}}
{"target": 272.7444043131332, "params": {"x0": 0.8, "x1": 0.9, "x2": 0.20548337091056768, "x3": 2.614760465084244, "x4": 4.229514587746833, "x5": 5.05085259117173, "x6": 1.1622192368768391, "x7": -3.52245363179008, "x8": 0.17639488138585377, "x9": 2.8}, "datetime": {"datetime": "2025-05-10 15:49:40", "elapsed": 71018.28416, "delta": 34.963349}}
{"target": 272.7444043131332, "params": {"x0": 0.8, "x1": 0.9, "x2": 0.20548337091056768, "x3": 2.614760465084244, "x4": 4.229514587746833, "x5": 5.05085259117173, "x6": 1.1622192368768391, "x7": -3.52245363179008, "x8": 0.17639488138585377, "x9": 2.8}, "datetime": {"datetime": "2025-05-10 15:50:19", "elapsed": 71057.679734, "delta": 39.395574}}
{"target": 272.7444043131332, "params": {"x0": 0.8, "x1": 0.9, "x2": 0.20548337091056768, "x3": 2.614760465084244, "x4": 4.229514587746833, "x5": 5.05085259117173, "x6": 1.1622192368768391, "x7": -3.52245363179008, "x8": 0.17639488138585377, "x9": 2.8}, "datetime": {"datetime": "2025-05-10 15:50:54", "elapsed": 71092.577796, "delta": 34.898062}}
{"target": 272.7444043131332, "params": {"x0": 0.8, "x1": 0.9, "x2": 0.20548337091056768, "x3": 2.614760465084244, "x4": 4.229514587746833, "x5": 5.05085259117173, "x6": 1.1622192368768391, "x7": -3.52245363179008, "x8": 0.17639488138585377, "x9": 2.8}, "datetime": {"datetime": "2025-05-10 15:51:49", "elapsed": 71147.192724, "delta": 54.614928}}
{"target": 272.7444043131332, "params": {"x0": 0.8, "x1": 0.9, "x2": 0.20548337091056768, "x3": 2.614760465084244, "x4": 4.229514587746833, "x5": 5.05085259117173, "x6": 1.1622192368768391, "x7": -3.52245363179008, "x8": 0.17639488138585377, "x9": 2.8}, "datetime": {"datetime": "2025-05-10 15:52:33", "elapsed": 71191.361143, "delta": 44.168419}}
