{"target": 272.7444043131332, "params": {"x0": 0.8000000000026432, "x1": 0.9000000002801913, "x2": 0.205483372210575, "x3": 2.6147604772382875, "x4": 4.229514587652421, "x5": 5.050852651424137, "x6": 1.1622192554187436, "x7": -3.5224536258865404, "x8": 0.17639488122531924, "x9": 2.799999999982408}, "datetime": {"datetime": "2025-05-09 20:44:29", "elapsed": 2306.740258, "delta": 10.046163}}
{"target": 272.7444043131332, "params": {"x0": 0.8000000000037997, "x1": 0.9000000003347762, "x2": 0.205483370293831, "x3": 2.614760476804857, "x4": 4.2295145895464765, "x5": 5.0508526457095595, "x6": 1.1622192487857894, "x7": -3.522453629290908, "x8": 0.17639487879218016, "x9": 2.7999999997850162}, "datetime": {"datetime": "2025-05-09 20:44:39", "elapsed": 2317.433437, "delta": 10.693179}}
{"target": 272.7444043131332, "params": {"x0": 0.8000000000137945, "x1": 0.900000000297549, "x2": 0.2054833698636492, "x3": 2.614760471452704, "x4": 4.2295145887544345, "x5": 5.050852640141345, "x6": 1.1622192509674016, "x7": -3.5224536242537714, "x8": 0.17639487881782775, "x9": 2.7999999998921528}, "datetime": {"datetime": "2025-05-09 20:44:49", "elapsed": 2327.248637, "delta": 9.8152}}
{"target": 272.7444043131332, "params": {"x0": 0.8000000000677633, "x1": 0.9000000001106702, "x2": 0.2054833704323065, "x3": 2.6147604716573123, "x4": 4.2295145882729726, "x5": 5.050852634441629, "x6": 1.162219249911045, "x7": -3.5224536296298994, "x8": 0.1763948794789791, "x9": 2.7999999999036915}, "datetime": {"datetime": "2025-05-09 20:44:59", "elapsed": 2337.266342, "delta": 10.017705}}
{"target": 272.7444043131332, "params": {"x0": 0.8000000000366002, "x1": 0.9000000001613002, "x2": 0.2054833701499376, "x3": 2.614760467762587, "x4": 4.229514589539655, "x5": 5.050852629510215, "x6": 1.1622192475362119, "x7": -3.5224536323303024, "x8": 0.17639487938226692, "x9": 2.7999999999548675}, "datetime": {"datetime": "2025-05-09 20:45:09", "elapsed": 2346.790825, "delta": 9.524483}}
{"target": 272.7444043131332, "params": {"x0": 0.8000000001049975, "x1": 0.9000000001736084, "x2": 0.2054833699118875, "x3": 2.6147604715763193, "x4": 4.229514589461902, "x5": 5.050852625619075, "x6": 1.1622192455099385, "x7": -3.5224536293505277, "x8": 0.17639487979388416, "x9": 2.7999999996661704}, "datetime": {"datetime": "2025-05-09 20:45:19", "elapsed": 2356.945313, "delta": 10.154488}}
{"target": 272.7444043131332, "params": {"x0": 0.8000000000751506, "x1": 0.9000000001028191, "x2": 0.20548337208827033, "x3": 2.6147604708302588, "x4": 4.229514587228061, "x5": 5.05085262147072, "x6": 1.1622192443705903, "x7": -3.522453627078716, "x8": 0.1763948805711963, "x9": 2.7999999998404386}, "datetime": {"datetime": "2025-05-09 20:45:29", "elapsed": 2366.793217, "delta": 9.847904}}
{"target": 272.7444043131332, "params": {"x0": 0.8000000000652745, "x1": 0.9000000003225805, "x2": 0.20548337089944327, "x3": 2.6147604713117705, "x4": 4.22951458830697, "x5": 5.050852618122792, "x6": 1.1622192442768, "x7": -3.522453627899791, "x8": 0.1763948797207999, "x9": 2.79999999994093}, "datetime": {"datetime": "2025-05-09 20:45:38", "elapsed": 2376.512218, "delta": 9.719001}}
{"target": 272.7444043131332, "params": {"x0": 0.8000000000502194, "x1": 0.9000000001482062, "x2": 0.2054833719085015, "x3": 2.614760466695675, "x4": 4.229514589153834, "x5": 5.050852616728494, "x6": 1.16221924351394, "x7": -3.5224536292758377, "x8": 0.17639488002670775, "x9": 2.7999999999386986}, "datetime": {"datetime": "2025-05-09 20:45:49", "elapsed": 2386.798086, "delta": 10.285868}}
{"target": 272.7444043131332, "params": {"x0": 0.8000000000957719, "x1": 0.9000000001325241, "x2": 0.2054833715372163, "x3": 2.6147604691807658, "x4": 4.229514588463373, "x5": 5.05085261249557, "x6": 1.1622192431414036, "x7": -3.522453629741247, "x8": 0.17639488045647056, "x9": 2.7999999999349234}, "datetime": {"datetime": "2025-05-09 20:45:58", "elapsed": 2396.57941, "delta": 9.781324}}
{"target": 272.7444043131332, "params": {"x0": 0.8000000000850747, "x1": 0.9000000000449665, "x2": 0.20548337161049549, "x3": 2.6147604687165082, "x4": 4.229514588668326, "x5": 5.050852611887331, "x6": 1.162219238926761, "x7": -3.5224536322833657, "x8": 0.17639488013453727, "x9": 2.799999999826895}, "datetime": {"datetime": "2025-05-09 20:46:08", "elapsed": 2406.52091, "delta": 9.9415}}
{"target": 272.7444043131332, "params": {"x0": 0.8000000000623326, "x1": 0.9000000000448933, "x2": 0.20548337030639172, "x3": 2.6147604673684555, "x4": 4.2295145878675235, "x5": 5.0508526094159185, "x6": 1.1622192430594578, "x7": -3.522453632412307, "x8": 0.1763948808567154, "x9": 2.799999999984297}, "datetime": {"datetime": "2025-05-09 20:46:18", "elapsed": 2416.14803, "delta": 9.62712}}
{"target": 272.7444043131332, "params": {"x0": 0.8000000000123411, "x1": 0.9000000001190582, "x2": 0.2054833711322171, "x3": 2.6147604685288064, "x4": 4.229514588592821, "x5": 5.0508526080191585, "x6": 1.162219242135897, "x7": -3.522453632197093, "x8": 0.1763948804155466, "x9": 2.7999999999180347}, "datetime": {"datetime": "2025-05-09 20:46:28", "elapsed": 2426.046593, "delta": 9.898563}}
{"target": 272.7444043131332, "params": {"x0": 0.8000000000119651, "x1": 0.9000000000177827, "x2": 0.20548337115061854, "x3": 2.6147604679133, "x4": 4.22951458810763, "x5": 5.0508526061834855, "x6": 1.1622192415273507, "x7": -3.5224536326829257, "x8": 0.17639488049582328, "x9": 2.7999999999351863}, "datetime": {"datetime": "2025-05-09 20:46:38", "elapsed": 2435.90893, "delta": 9.862337}}
{"target": 272.7444043131332, "params": {"x0": 0.8000000000165074, "x1": 0.900000000194358, "x2": 0.20548337081343535, "x3": 2.61476046703512, "x4": 4.229514587394134, "x5": 5.0508526040657795, "x6": 1.1622192409802798, "x7": -3.5224536298030227, "x8": 0.17639488068007578, "x9": 2.7999999999611034}, "datetime": {"datetime": "2025-05-09 20:46:48", "elapsed": 2445.795329, "delta": 9.886399}}
{"target": 272.7444043131332, "params": {"x0": 0.800000000020875, "x1": 0.9000000000259233, "x2": 0.2054833709313509, "x3": 2.6147604676076486, "x4": 4.229514587373233, "x5": 5.050852602703335, "x6": 1.1622192407337297, "x7": -3.5224536320941584, "x8": 0.17639488100471565, "x9": 2.7999999999834486}, "datetime": {"datetime": "2025-05-09 20:46:57", "elapsed": 2455.325651, "delta": 9.530322}}
{"target": 272.7444043131332, "params": {"x0": 0.8000000000121088, "x1": 0.9000000000423586, "x2": 0.2054833713437153, "x3": 2.614760467473122, "x4": 4.229514588347865, "x5": 5.05085260205327, "x6": 1.1622192386803414, "x7": -3.522453630392896, "x8": 0.17639488092900477, "x9": 2.799999999921792}, "datetime": {"datetime": "2025-05-09 20:47:07", "elapsed": 2465.424231, "delta": 10.09858}}
{"target": 272.7444043131332, "params": {"x0": 0.8000000000217004, "x1": 0.9000000002695474, "x2": 0.205483371274713, "x3": 2.6147604670125624, "x4": 4.229514588266848, "x5": 5.050852601303097, "x6": 1.162219239756847, "x7": -3.5224536308101175, "x8": 0.17639488125218053, "x9": 2.7999999999164715}, "datetime": {"datetime": "2025-05-09 20:47:17", "elapsed": 2475.179342, "delta": 9.755111}}
{"target": 272.7444043131332, "params": {"x0": 0.8000000000188198, "x1": 0.9000000000497402, "x2": 0.20548337116855367, "x3": 2.6147604668206825, "x4": 4.2295145877474205, "x5": 5.050852600306666, "x6": 1.1622192396164648, "x7": -3.5224536318932156, "x8": 0.17639488098839004, "x9": 2.7999999999226195}, "datetime": {"datetime": "2025-05-09 20:47:27", "elapsed": 2485.046708, "delta": 9.867366}}
{"target": 272.7444043131332, "params": {"x0": 0.8000000000280643, "x1": 0.9000000000508409, "x2": 0.20548337078433013, "x3": 2.614760465897592, "x4": 4.22951458782686, "x5": 5.050852599358878, "x6": 1.1622192393808675, "x7": -3.5224536312333483, "x8": 0.17639488101096817, "x9": 2.7999999999927656}, "datetime": {"datetime": "2025-05-09 20:47:37", "elapsed": 2495.079971, "delta": 10.033263}}
{"target": 272.7444043131332, "params": {"x0": 0.8000000000321794, "x1": 0.9000000000057046, "x2": 0.20548337101364278, "x3": 2.614760466537222, "x4": 4.22951458795274, "x5": 5.050852598106459, "x6": 1.1622192390896975, "x7": -3.5224536311861026, "x8": 0.17639488140185383, "x9": 2.7999999999820457}, "datetime": {"datetime": "2025-05-09 20:47:47", "elapsed": 2505.232909, "delta": 10.152938}}
{"target": 272.7444043131332, "params": {"x0": 0.8000000000082276, "x1": 0.9000000000071983, "x2": 0.20548337092081356, "x3": 2.6147604664612514, "x4": 4.229514587929368, "x5": 5.050852597497123, "x6": 1.1622192388138708, "x7": -3.5224536316236548, "x8": 0.1763948812040849, "x9": 2.799999999947189}, "datetime": {"datetime": "2025-05-09 20:47:57", "elapsed": 2515.108221, "delta": 9.875312}}
{"target": 272.7444043131332, "params": {"x0": 0.8000000000243902, "x1": 0.9000000000089402, "x2": 0.20548337110443102, "x3": 2.6147604663623696, "x4": 4.22951458779982, "x5": 5.050852596958107, "x6": 1.1622192383411845, "x7": -3.522453631722497, "x8": 0.1763948811712109, "x9": 2.7999999999751997}, "datetime": {"datetime": "2025-05-09 20:48:07", "elapsed": 2525.072891, "delta": 9.96467}}
{"target": 272.7444043131332, "params": {"x0": 0.8000000000019749, "x1": 0.9000000000066487, "x2": 0.2054833707231681, "x3": 2.6147604655539567, "x4": 4.229514588008661, "x5": 5.050852595864089, "x6": 1.162219238626269, "x7": -3.5224536309720906, "x8": 0.17639488115759064, "x9": 2.7999999999786263}, "datetime": {"datetime": "2025-05-09 20:48:17", "elapsed": 2535.018051, "delta": 9.94516}}
{"target": 272.7444043131332, "params": {"x0": 0.8000000000208143, "x1": 0.9000000000291923, "x2": 0.20548337099590314, "x3": 2.6147604659730903, "x4": 4.229514587872159, "x5": 5.050852595898205, "x6": 1.1622192376448461, "x7": -3.522453631148533, "x8": 0.17639488111537316, "x9": 2.799999999989275}, "datetime": {"datetime": "2025-05-09 20:48:26", "elapsed": 2544.656725, "delta": 9.638674}}
{"target": 272.7444043131332, "params": {"x0": 0.8000000000164919, "x1": 0.9000000000020677, "x2": 0.20548337099362426, "x3": 2.614760465871736, "x4": 4.229514587868106, "x5": 5.050852595262373, "x6": 1.162219237582394, "x7": -3.5224536317734696, "x8": 0.17639488118224683, "x9": 2.7999999999909417}, "datetime": {"datetime": "2025-05-09 20:48:36", "elapsed": 2554.351109, "delta": 9.694384}}
{"target": 272.7444043131332, "params": {"x0": 0.8000000000020507, "x1": 0.9000000000056837, "x2": 0.20548337078339038, "x3": 2.6147604655435983, "x4": 4.229514587885556, "x5": 5.050852594990934, "x6": 1.162219238130442, "x7": -3.52245363184131, "x8": 0.17639488116405094, "x9": 2.7999999999646974}, "datetime": {"datetime": "2025-05-09 20:48:46", "elapsed": 2564.295423, "delta": 9.944314}}
{"target": 272.7444043131332, "params": {"x0": 0.8000000000163187, "x1": 0.9000000000429929, "x2": 0.20548337093728364, "x3": 2.614760465792179, "x4": 4.229514587744347, "x5": 5.050852594656837, "x6": 1.1622192377108163, "x7": -3.5224536312984993, "x8": 0.1763948811901626, "x9": 2.799999999981721}, "datetime": {"datetime": "2025-05-09 20:48:56", "elapsed": 2574.630513, "delta": 10.33509}}
{"target": 272.7444043131332, "params": {"x0": 0.8000000000034606, "x1": 0.9000000000415661, "x2": 0.20548337095612207, "x3": 2.614760465733815, "x4": 4.229514587922868, "x5": 5.050852593961258, "x6": 1.1622192375489364, "x7": -3.522453631330497, "x8": 0.17639488121848831, "x9": 2.799999999996499}, "datetime": {"datetime": "2025-05-09 20:49:06", "elapsed": 2584.512159, "delta": 9.881646}}
{"target": 272.7444043131332, "params": {"x0": 0.8000000000128042, "x1": 0.9000000000118784, "x2": 0.20548337094970298, "x3": 2.614760465415954, "x4": 4.2295145878223925, "x5": 5.050852593996335, "x6": 1.1622192378051581, "x7": -3.522453631411571, "x8": 0.17639488126583253, "x9": 2.799999999998045}, "datetime": {"datetime": "2025-05-09 20:49:17", "elapsed": 2594.839344, "delta": 10.327185}}
{"target": 272.7444043131332, "params": {"x0": 0.8000000000008112, "x1": 0.900000000003825, "x2": 0.2054833708246744, "x3": 2.614760465428408, "x4": 4.229514587660486, "x5": 5.050852593702363, "x6": 1.162219237535331, "x7": -3.5224536315502233, "x8": 0.17639488135437828, "x9": 2.7999999999760923}, "datetime": {"datetime": "2025-05-09 20:49:27", "elapsed": 2605.109429, "delta": 10.270085}}
{"target": 272.7444043131332, "params": {"x0": 0.8000000000092023, "x1": 0.900000000004738, "x2": 0.20548337093248767, "x3": 2.6147604655048244, "x4": 4.229514587843916, "x5": 5.050852593325426, "x6": 1.1622192375995666, "x7": -3.52245363163471, "x8": 0.17639488136680362, "x9": 2.7999999999856935}, "datetime": {"datetime": "2025-05-09 20:49:37", "elapsed": 2615.293362, "delta": 10.183933}}
{"target": 272.7444043131332, "params": {"x0": 0.8000000000008802, "x1": 0.9000000000303436, "x2": 0.2054833709094254, "x3": 2.614760465459142, "x4": 4.229514587867421, "x5": 5.050852593241229, "x6": 1.162219237508174, "x7": -3.522453631694843, "x8": 0.17639488130370276, "x9": 2.7999999999858796}, "datetime": {"datetime": "2025-05-09 20:49:47", "elapsed": 2625.598647, "delta": 10.305285}}
{"target": 272.7444043131332, "params": {"x0": 0.8000000000032855, "x1": 0.9000000000333538, "x2": 0.20548337089979574, "x3": 2.614760465464133, "x4": 4.229514587841743, "x5": 5.050852592950912, "x6": 1.1622192373539602, "x7": -3.5224536315254027, "x8": 0.1763948812755006, "x9": 2.7999999999930902}, "datetime": {"datetime": "2025-05-09 20:49:58", "elapsed": 2635.997444, "delta": 10.398797}}
{"target": 272.7444043131332, "params": {"x0": 0.8000000000044064, "x1": 0.9000000000195154, "x2": 0.20548337097149197, "x3": 2.614760465448899, "x4": 4.229514587834676, "x5": 5.05085259286596, "x6": 1.162219237386894, "x7": -3.522453631777762, "x8": 0.17639488141118423, "x9": 2.799999999996096}, "datetime": {"datetime": "2025-05-09 20:50:08", "elapsed": 2646.300935, "delta": 10.303491}}
{"target": 272.7444043131332, "params": {"x0": 0.800000000001576, "x1": 0.9000000000096331, "x2": 0.20548337096545058, "x3": 2.6147604652749346, "x4": 4.229514587752527, "x5": 5.050852592539578, "x6": 1.1622192373533358, "x7": -3.522453631599748, "x8": 0.17639488130034997, "x9": 2.799999999985053}, "datetime": {"datetime": "2025-05-09 20:50:18", "elapsed": 2656.232062, "delta": 9.931127}}
{"target": 272.7444043131332, "params": {"x0": 0.8000000000026155, "x1": 0.9000000000100098, "x2": 0.205483370923871, "x3": 2.6147604653308676, "x4": 4.22951458774955, "x5": 5.050852592525723, "x6": 1.1622192372964035, "x7": -3.5224536315975783, "x8": 0.17639488135952291, "x9": 2.79999999999714}, "datetime": {"datetime": "2025-05-09 20:50:28", "elapsed": 2666.107217, "delta": 9.875155}}
{"target": 272.7444043131332, "params": {"x0": 0.8000000000001897, "x1": 0.9000000000118934, "x2": 0.20548337095409727, "x3": 2.6147604653344083, "x4": 4.229514587809682, "x5": 5.05085259219555, "x6": 1.1622192372039648, "x7": -3.52245363178566, "x8": 0.17639488133119485, "x9": 2.799999999996161}, "datetime": {"datetime": "2025-05-09 20:50:38", "elapsed": 2676.313209, "delta": 10.205992}}
{"target": 272.7444043131332, "params": {"x0": 0.8000000000008965, "x1": 0.9000000000156083, "x2": 0.2054833708882516, "x3": 2.6147604652871133, "x4": 4.229514587763167, "x5": 5.050852592274019, "x6": 1.1622192372123668, "x7": -3.5224536317051176, "x8": 0.17639488134812398, "x9": 2.7999999999969383}, "datetime": {"datetime": "2025-05-09 20:50:48", "elapsed": 2686.486016, "delta": 10.172807}}
{"target": 272.7444043131332, "params": {"x0": 0.8000000000019268, "x1": 0.9000000000057846, "x2": 0.2054833709125985, "x3": 2.6147604652909853, "x4": 4.229514587773142, "x5": 5.050852592143986, "x6": 1.1622192371459446, "x7": -3.522453631767164, "x8": 0.17639488134757736, "x9": 2.7999999999940406}, "datetime": {"datetime": "2025-05-09 20:50:59", "elapsed": 2696.818948, "delta": 10.332932}}
{"target": 272.7444043131332, "params": {"x0": 0.8000000000030084, "x1": 0.9000000000087834, "x2": 0.20548337092482605, "x3": 2.614760465225916, "x4": 4.229514587791874, "x5": 5.050852591997985, "x6": 1.1622192371373052, "x7": -3.5224536316991397, "x8": 0.17639488133828649, "x9": 2.79999999999189}, "datetime": {"datetime": "2025-05-09 20:51:09", "elapsed": 2706.849651, "delta": 10.030703}}
{"target": 272.7444043131332, "params": {"x0": 0.800000000002592, "x1": 0.9000000000013338, "x2": 0.20548337093732313, "x3": 2.6147604651149297, "x4": 4.229514587702905, "x5": 5.050852591973373, "x6": 1.16221923706046, "x7": -3.5224536316747126, "x8": 0.17639488134002437, "x9": 2.799999999994577}, "datetime": {"datetime": "2025-05-09 20:51:19", "elapsed": 2716.77607, "delta": 9.926419}}
{"target": 272.7444043131332, "params": {"x0": 0.8000000000013472, "x1": 0.9000000000014665, "x2": 0.20548337093868177, "x3": 2.6147604652068366, "x4": 4.2295145877438935, "x5": 5.050852591899222, "x6": 1.162219237098044, "x7": -3.522453631844809, "x8": 0.17639488135150241, "x9": 2.7999999999963037}, "datetime": {"datetime": "2025-05-09 20:51:28", "elapsed": 2725.831174, "delta": 9.055104}}
{"target": 272.7444043131332, "params": {"x0": 0.8000000000008842, "x1": 0.9000000000083723, "x2": 0.20548337092082597, "x3": 2.6147604652205056, "x4": 4.2295145877133695, "x5": 5.050852591793849, "x6": 1.1622192370800053, "x7": -3.522453631715966, "x8": 0.17639488138238058, "x9": 2.7999999999991076}, "datetime": {"datetime": "2025-05-09 20:51:38", "elapsed": 2736.171584, "delta": 10.34041}}
{"target": 272.7444043131332, "params": {"x0": 0.8000000000013999, "x1": 0.9000000000039348, "x2": 0.20548337093022126, "x3": 2.614760465122936, "x4": 4.229514587747322, "x5": 5.05085259172581, "x6": 1.1622192370436384, "x7": -3.5224536317037174, "x8": 0.17639488135534298, "x9": 2.799999999999651}, "datetime": {"datetime": "2025-05-09 20:51:48", "elapsed": 2746.143023, "delta": 9.971439}}
{"target": 272.7444043131332, "params": {"x0": 0.8000000000025287, "x1": 0.9000000000009263, "x2": 0.2054833709143324, "x3": 2.6147604651667145, "x4": 4.229514587774878, "x5": 5.050852591606389, "x6": 1.162219237026374, "x7": -3.5224536317809236, "x8": 0.17639488137171222, "x9": 2.7999999999987852}, "datetime": {"datetime": "2025-05-09 20:51:58", "elapsed": 2756.157437, "delta": 10.014414}}
{"target": 272.7444043131332, "params": {"x0": 0.8000000000006712, "x1": 0.9000000000068998, "x2": 0.20548337092280552, "x3": 2.6147604651667042, "x4": 4.2295145877687474, "x5": 5.050852591634737, "x6": 1.1622192370151807, "x7": -3.522453631720615, "x8": 0.17639488139811468, "x9": 2.7999999999971137}, "datetime": {"datetime": "2025-05-09 20:52:08", "elapsed": 2765.891321, "delta": 9.733884}}
{"target": 272.7444043131332, "params": {"x0": 0.8000000000001931, "x1": 0.9000000000011086, "x2": 0.2054833709052558, "x3": 2.614760465133735, "x4": 4.229514587766406, "x5": 5.050852591500237, "x6": 1.162219236960051, "x7": -3.5224536317310524, "x8": 0.1763948813718625, "x9": 2.799999999998744}, "datetime": {"datetime": "2025-05-09 20:52:18", "elapsed": 2776.003482, "delta": 10.112161}}
{"target": 272.7444043131332, "params": {"x0": 0.8000000000001343, "x1": 0.9000000000062747, "x2": 0.2054833709091599, "x3": 2.6147604651118246, "x4": 4.2295145877643385, "x5": 5.050852591478613, "x6": 1.1622192369841093, "x7": -3.522453631731029, "x8": 0.17639488136733433, "x9": 2.79999999999718}, "datetime": {"datetime": "2025-05-09 20:52:28", "elapsed": 2786.185628, "delta": 10.182146}}
{"target": 272.7444043131332, "params": {"x0": 0.8000000000014023, "x1": 0.9000000000032954, "x2": 0.20548337092420396, "x3": 2.61476046513811, "x4": 4.229514587733046, "x5": 5.050852591489138, "x6": 1.1622192369792197, "x7": -3.522453631741664, "x8": 0.17639488136841916, "x9": 2.7999999999984473}, "datetime": {"datetime": "2025-05-09 20:52:38", "elapsed": 2796.260853, "delta": 10.075225}}
{"target": 272.7444043131332, "params": {"x0": 0.800000000000211, "x1": 0.9000000000003685, "x2": 0.2054833709099002, "x3": 2.6147604651451086, "x4": 4.229514587757132, "x5": 5.050852591455767, "x6": 1.1622192369709905, "x7": -3.5224536317942317, "x8": 0.17639488137325707, "x9": 2.799999999998665}, "datetime": {"datetime": "2025-05-09 20:52:48", "elapsed": 2806.560961, "delta": 10.300108}}
{"target": 272.7444043131332, "params": {"x0": 0.8000000000000359, "x1": 0.9000000000012779, "x2": 0.2054833709180902, "x3": 2.614760465132678, "x4": 4.229514587749627, "x5": 5.050852591444263, "x6": 1.1622192369163948, "x7": -3.5224536317876884, "x8": 0.17639488137281117, "x9": 2.7999999999973024}, "datetime": {"datetime": "2025-05-09 20:52:59", "elapsed": 2816.763409, "delta": 10.202448}}
{"target": 272.7444043131332, "params": {"x0": 0.8000000000004592, "x1": 0.9000000000010844, "x2": 0.20548337090595187, "x3": 2.614760465115659, "x4": 4.2295145877512, "x5": 5.0508525914092886, "x6": 1.1622192369481636, "x7": -3.5224536317566875, "x8": 0.17639488137382786, "x9": 2.799999999998351}, "datetime": {"datetime": "2025-05-09 20:53:09", "elapsed": 2827.066697, "delta": 10.303288}}
{"target": 272.7444043131332, "params": {"x0": 0.8000000000003632, "x1": 0.9000000000006994, "x2": 0.20548337091278474, "x3": 2.614760465100539, "x4": 4.229514587754684, "x5": 5.050852591354539, "x6": 1.1622192369292301, "x7": -3.5224536317884168, "x8": 0.17639488137319004, "x9": 2.7999999999999874}, "datetime": {"datetime": "2025-05-09 20:53:20", "elapsed": 2838.021834, "delta": 10.955137}}
{"target": 272.7444043131332, "params": {"x0": 0.8000000000009333, "x1": 0.9000000000006629, "x2": 0.2054833709175209, "x3": 2.6147604651220653, "x4": 4.229514587754464, "x5": 5.050852591315781, "x6": 1.1622192369228386, "x7": -3.522453631766239, "x8": 0.17639488137389078, "x9": 2.7999999999983918}, "datetime": {"datetime": "2025-05-09 20:53:30", "elapsed": 2848.015133, "delta": 9.993299}}
{"target": 272.7444043131332, "params": {"x0": 0.8000000000008776, "x1": 0.900000000000866, "x2": 0.20548337091414817, "x3": 2.614760465098671, "x4": 4.229514587751839, "x5": 5.0508525913116475, "x6": 1.1622192369342426, "x7": -3.5224536317736583, "x8": 0.17639488137687828, "x9": 2.79999999999954}, "datetime": {"datetime": "2025-05-09 20:53:40", "elapsed": 2857.894261, "delta": 9.879128}}
