{"target": 272.7444043131332, "params": {"x0": 0.8, "x1": 0.9, "x2": 0.20548337091056768, "x3": 2.614760465084244, "x4": 4.229514587746833, "x5": 5.05085259117173, "x6": 1.1622192368768391, "x7": -3.52245363179008, "x8": 0.17639488138585377, "x9": 2.8}, "datetime": {"datetime": "2025-05-10 17:21:50", "elapsed": 76548.234554, "delta": 56.076895}}
{"target": 272.7444043131332, "params": {"x0": 0.8, "x1": 0.9, "x2": 0.20548337091056768, "x3": 2.614760465084244, "x4": 4.229514587746833, "x5": 5.05085259117173, "x6": 1.1622192368768391, "x7": -3.52245363179008, "x8": 0.17639488138585377, "x9": 2.8}, "datetime": {"datetime": "2025-05-10 17:22:27", "elapsed": 76585.132615, "delta": 36.898061}}
{"target": 272.7444043131332, "params": {"x0": 0.8, "x1": 0.9, "x2": 0.20548337091056768, "x3": 2.614760465084244, "x4": 4.229514587746833, "x5": 5.05085259117173, "x6": 1.1622192368768391, "x7": -3.52245363179008, "x8": 0.17639488138585377, "x9": 2.8}, "datetime": {"datetime": "2025-05-10 17:23:09", "elapsed": 76626.983503, "delta": 41.850888}}
{"target": 272.7444043131332, "params": {"x0": 0.8, "x1": 0.9, "x2": 0.20548337091056768, "x3": 2.614760465084244, "x4": 4.229514587746833, "x5": 5.05085259117173, "x6": 1.1622192368768391, "x7": -3.52245363179008, "x8": 0.17639488138585377, "x9": 2.8}, "datetime": {"datetime": "2025-05-10 17:23:41", "elapsed": 76659.704007, "delta": 32.720504}}
{"target": 272.7444043131332, "params": {"x0": 0.8, "x1": 0.9, "x2": 0.20548337091056768, "x3": 2.614760465084244, "x4": 4.229514587746833, "x5": 5.05085259117173, "x6": 1.1622192368768391, "x7": -3.52245363179008, "x8": 0.17639488138585377, "x9": 2.8}, "datetime": {"datetime": "2025-05-10 17:24:28", "elapsed": 76706.358678, "delta": 46.654671}}
{"target": 272.7444043131332, "params": {"x0": 0.8, "x1": 0.9, "x2": 0.20548337091056768, "x3": 2.614760465084244, "x4": 4.229514587746833, "x5": 5.05085259117173, "x6": 1.1622192368768391, "x7": -3.52245363179008, "x8": 0.17639488138585377, "x9": 2.8}, "datetime": {"datetime": "2025-05-10 17:25:09", "elapsed": 76747.381099, "delta": 41.022421}}
{"target": 272.7444043131332, "params": {"x0": 0.8, "x1": 0.9, "x2": 0.20548337091056768, "x3": 2.614760465084244, "x4": 4.229514587746833, "x5": 5.05085259117173, "x6": 1.1622192368768391, "x7": -3.52245363179008, "x8": 0.17639488138585377, "x9": 2.8}, "datetime": {"datetime": "2025-05-10 17:25:49", "elapsed": 76787.160698, "delta": 39.779599}}
{"target": 272.7444043131332, "params": {"x0": 0.8, "x1": 0.9, "x2": 0.20548337091056768, "x3": 2.614760465084244, "x4": 4.229514587746833, "x5": 5.05085259117173, "x6": 1.1622192368768391, "x7": -3.52245363179008, "x8": 0.17639488138585377, "x9": 2.8}, "datetime": {"datetime": "2025-05-10 17:26:24", "elapsed": 76822.642834, "delta": 35.482136}}
{"target": 272.7444043131332, "params": {"x0": 0.8, "x1": 0.9, "x2": 0.20548337091056768, "x3": 2.614760465084244, "x4": 4.229514587746833, "x5": 5.05085259117173, "x6": 1.1622192368768391, "x7": -3.52245363179008, "x8": 0.17639488138585377, "x9": 2.8}, "datetime": {"datetime": "2025-05-10 17:27:19", "elapsed": 76876.779696, "delta": 54.136862}}
{"target": 272.7444043131332, "params": {"x0": 0.8, "x1": 0.9, "x2": 0.20548337091056768, "x3": 2.614760465084244, "x4": 4.229514587746833, "x5": 5.05085259117173, "x6": 1.1622192368768391, "x7": -3.52245363179008, "x8": 0.17639488138585377, "x9": 2.8}, "datetime": {"datetime": "2025-05-10 17:28:14", "elapsed": 76932.500531, "delta": 55.720835}}
{"target": 272.7444043131332, "params": {"x0": 0.8, "x1": 0.9, "x2": 0.20548337091056768, "x3": 2.614760465084244, "x4": 4.229514587746833, "x5": 5.05085259117173, "x6": 1.1622192368768391, "x7": -3.52245363179008, "x8": 0.17639488138585377, "x9": 2.8}, "datetime": {"datetime": "2025-05-10 17:28:53", "elapsed": 76971.173009, "delta": 38.672478}}
{"target": 272.7444043131332, "params": {"x0": 0.8, "x1": 0.9, "x2": 0.20548337091056768, "x3": 2.614760465084244, "x4": 4.229514587746833, "x5": 5.05085259117173, "x6": 1.1622192368768391, "x7": -3.52245363179008, "x8": 0.17639488138585377, "x9": 2.8}, "datetime": {"datetime": "2025-05-10 17:29:50", "elapsed": 77028.109463, "delta": 56.936454}}
{"target": 272.7444043131332, "params": {"x0": 0.8, "x1": 0.9, "x2": 0.20548337091056768, "x3": 2.614760465084244, "x4": 4.229514587746833, "x5": 5.05085259117173, "x6": 1.1622192368768391, "x7": -3.52245363179008, "x8": 0.17639488138585377, "x9": 2.8}, "datetime": {"datetime": "2025-05-10 17:30:30", "elapsed": 77068.634684, "delta": 40.525221}}
{"target": 272.7444043131332, "params": {"x0": 0.8, "x1": 0.9, "x2": 0.20548337091056768, "x3": 2.614760465084244, "x4": 4.229514587746833, "x5": 5.05085259117173, "x6": 1.1622192368768391, "x7": -3.52245363179008, "x8": 0.17639488138585377, "x9": 2.8}, "datetime": {"datetime": "2025-05-10 17:31:09", "elapsed": 77106.913691, "delta": 38.279007}}
{"target": 272.7444043131332, "params": {"x0": 0.8, "x1": 0.9, "x2": 0.20548337091056768, "x3": 2.614760465084244, "x4": 4.229514587746833, "x5": 5.05085259117173, "x6": 1.1622192368768391, "x7": -3.52245363179008, "x8": 0.17639488138585377, "x9": 2.8}, "datetime": {"datetime": "2025-05-10 17:31:43", "elapsed": 77141.536921, "delta": 34.62323}}
{"target": 272.7444043131332, "params": {"x0": 0.8, "x1": 0.9, "x2": 0.20548337091056768, "x3": 2.614760465084244, "x4": 4.229514587746833, "x5": 5.05085259117173, "x6": 1.1622192368768391, "x7": -3.52245363179008, "x8": 0.17639488138585377, "x9": 2.8}, "datetime": {"datetime": "2025-05-10 17:32:22", "elapsed": 77180.06629, "delta": 38.529369}}
{"target": 272.7444043131332, "params": {"x0": 0.8, "x1": 0.9, "x2": 0.20548337091056768, "x3": 2.614760465084244, "x4": 4.229514587746833, "x5": 5.05085259117173, "x6": 1.1622192368768391, "x7": -3.52245363179008, "x8": 0.17639488138585377, "x9": 2.8}, "datetime": {"datetime": "2025-05-10 17:33:03", "elapsed": 77221.056188, "delta": 40.989898}}
{"target": 272.7444043131332, "params": {"x0": 0.8, "x1": 0.9, "x2": 0.20548337091056768, "x3": 2.614760465084244, "x4": 4.229514587746833, "x5": 5.05085259117173, "x6": 1.1622192368768391, "x7": -3.52245363179008, "x8": 0.17639488138585377, "x9": 2.8}, "datetime": {"datetime": "2025-05-10 17:33:39", "elapsed": 77257.013577, "delta": 35.957389}}
{"target": 272.7444043131332, "params": {"x0": 0.8, "x1": 0.9, "x2": 0.20548337091056768, "x3": 2.614760465084244, "x4": 4.229514587746833, "x5": 5.05085259117173, "x6": 1.1622192368768391, "x7": -3.52245363179008, "x8": 0.17639488138585377, "x9": 2.8}, "datetime": {"datetime": "2025-05-10 17:34:24", "elapsed": 77302.456759, "delta": 45.443182}}
{"target": 272.7444043131332, "params": {"x0": 0.8, "x1": 0.9, "x2": 0.20548337091056768, "x3": 2.614760465084244, "x4": 4.229514587746833, "x5": 5.05085259117173, "x6": 1.1622192368768391, "x7": -3.52245363179008, "x8": 0.17639488138585377, "x9": 2.8}, "datetime": {"datetime": "2025-05-10 17:35:21", "elapsed": 77359.670015, "delta": 57.213256}}
{"target": 272.7444043131332, "params": {"x0": 0.8, "x1": 0.9, "x2": 0.20548337091056768, "x3": 2.614760465084244, "x4": 4.229514587746833, "x5": 5.05085259117173, "x6": 1.1622192368768391, "x7": -3.52245363179008, "x8": 0.17639488138585377, "x9": 2.8}, "datetime": {"datetime": "2025-05-10 17:36:07", "elapsed": 77405.672705, "delta": 46.00269}}
{"target": 272.7444043131332, "params": {"x0": 0.8, "x1": 0.9, "x2": 0.20548337091056768, "x3": 2.614760465084244, "x4": 4.229514587746833, "x5": 5.05085259117173, "x6": 1.1622192368768391, "x7": -3.52245363179008, "x8": 0.17639488138585377, "x9": 2.8}, "datetime": {"datetime": "2025-05-10 17:36:44", "elapsed": 77441.84344, "delta": 36.170735}}
{"target": 272.7444043131332, "params": {"x0": 0.8, "x1": 0.9, "x2": 0.20548337091056768, "x3": 2.614760465084244, "x4": 4.229514587746833, "x5": 5.05085259117173, "x6": 1.1622192368768391, "x7": -3.52245363179008, "x8": 0.17639488138585377, "x9": 2.8}, "datetime": {"datetime": "2025-05-10 17:37:38", "elapsed": 77495.990034, "delta": 54.146594}}
{"target": 272.7444043131332, "params": {"x0": 0.8, "x1": 0.9, "x2": 0.20548337091056768, "x3": 2.614760465084244, "x4": 4.229514587746833, "x5": 5.05085259117173, "x6": 1.1622192368768391, "x7": -3.52245363179008, "x8": 0.17639488138585377, "x9": 2.8}, "datetime": {"datetime": "2025-05-10 17:38:22", "elapsed": 77540.098386, "delta": 44.108352}}
{"target": 272.7444043131332, "params": {"x0": 0.8, "x1": 0.9, "x2": 0.20548337091056768, "x3": 2.614760465084244, "x4": 4.229514587746833, "x5": 5.05085259117173, "x6": 1.1622192368768391, "x7": -3.52245363179008, "x8": 0.17639488138585377, "x9": 2.8}, "datetime": {"datetime": "2025-05-10 17:39:19", "elapsed": 77596.874396, "delta": 56.77601}}
{"target": 272.7444043131332, "params": {"x0": 0.8, "x1": 0.9, "x2": 0.20548337091056768, "x3": 2.614760465084244, "x4": 4.229514587746833, "x5": 5.05085259117173, "x6": 1.1622192368768391, "x7": -3.52245363179008, "x8": 0.17639488138585377, "x9": 2.8}, "datetime": {"datetime": "2025-05-10 17:40:09", "elapsed": 77647.587162, "delta": 50.712766}}
{"target": 272.7444043131332, "params": {"x0": 0.8, "x1": 0.9, "x2": 0.20548337091056768, "x3": 2.614760465084244, "x4": 4.229514587746833, "x5": 5.05085259117173, "x6": 1.1622192368768391, "x7": -3.52245363179008, "x8": 0.17639488138585377, "x9": 2.8}, "datetime": {"datetime": "2025-05-10 17:40:59", "elapsed": 77697.631648, "delta": 50.044486}}
{"target": 272.7444043131332, "params": {"x0": 0.8, "x1": 0.9, "x2": 0.20548337091056768, "x3": 2.614760465084244, "x4": 4.229514587746833, "x5": 5.05085259117173, "x6": 1.1622192368768391, "x7": -3.52245363179008, "x8": 0.17639488138585377, "x9": 2.8}, "datetime": {"datetime": "2025-05-10 17:41:48", "elapsed": 77745.957941, "delta": 48.326293}}
{"target": 272.7444043131332, "params": {"x0": 0.8, "x1": 0.9, "x2": 0.20548337091056768, "x3": 2.614760465084244, "x4": 4.229514587746833, "x5": 5.05085259117173, "x6": 1.1622192368768391, "x7": -3.52245363179008, "x8": 0.17639488138585377, "x9": 2.8}, "datetime": {"datetime": "2025-05-10 17:42:36", "elapsed": 77793.898627, "delta": 47.940686}}
{"target": 272.7444043131332, "params": {"x0": 0.8, "x1": 0.9, "x2": 0.20548337091056768, "x3": 2.614760465084244, "x4": 4.229514587746833, "x5": 5.05085259117173, "x6": 1.1622192368768391, "x7": -3.52245363179008, "x8": 0.17639488138585377, "x9": 2.8}, "datetime": {"datetime": "2025-05-10 17:43:30", "elapsed": 77848.720704, "delta": 54.822077}}
{"target": 272.7444043131332, "params": {"x0": 0.8, "x1": 0.9, "x2": 0.20548337091056768, "x3": 2.614760465084244, "x4": 4.229514587746833, "x5": 5.05085259117173, "x6": 1.1622192368768391, "x7": -3.52245363179008, "x8": 0.17639488138585377, "x9": 2.8}, "datetime": {"datetime": "2025-05-10 17:44:14", "elapsed": 77892.65222, "delta": 43.931516}}
{"target": 272.7444043131332, "params": {"x0": 0.8, "x1": 0.9, "x2": 0.20548337091056768, "x3": 2.614760465084244, "x4": 4.229514587746833, "x5": 5.05085259117173, "x6": 1.1622192368768391, "x7": -3.52245363179008, "x8": 0.17639488138585377, "x9": 2.8}, "datetime": {"datetime": "2025-05-10 17:45:11", "elapsed": 77949.46157, "delta": 56.80935}}
{"target": 272.7444043131332, "params": {"x0": 0.8, "x1": 0.9, "x2": 0.20548337091056768, "x3": 2.614760465084244, "x4": 4.229514587746833, "x5": 5.05085259117173, "x6": 1.1622192368768391, "x7": -3.52245363179008, "x8": 0.17639488138585377, "x9": 2.8}, "datetime": {"datetime": "2025-05-10 17:46:16", "elapsed": 78014.446339, "delta": 64.984769}}
{"target": 272.7444043131332, "params": {"x0": 0.8, "x1": 0.9, "x2": 0.20548337091056768, "x3": 2.614760465084244, "x4": 4.229514587746833, "x5": 5.05085259117173, "x6": 1.1622192368768391, "x7": -3.52245363179008, "x8": 0.17639488138585377, "x9": 2.8}, "datetime": {"datetime": "2025-05-10 17:47:00", "elapsed": 78058.003801, "delta": 43.557462}}
{"target": 272.7444043131332, "params": {"x0": 0.8, "x1": 0.9, "x2": 0.20548337091056768, "x3": 2.614760465084244, "x4": 4.229514587746833, "x5": 5.05085259117173, "x6": 1.1622192368768391, "x7": -3.52245363179008, "x8": 0.17639488138585377, "x9": 2.8}, "datetime": {"datetime": "2025-05-10 17:47:38", "elapsed": 78096.499455, "delta": 38.495654}}
{"target": 272.7444043131332, "params": {"x0": 0.8, "x1": 0.9, "x2": 0.20548337091056768, "x3": 2.614760465084244, "x4": 4.229514587746833, "x5": 5.05085259117173, "x6": 1.1622192368768391, "x7": -3.52245363179008, "x8": 0.17639488138585377, "x9": 2.8}, "datetime": {"datetime": "2025-05-10 17:48:31", "elapsed": 78149.086746, "delta": 52.587291}}
{"target": 272.7444043131332, "params": {"x0": 0.8, "x1": 0.9, "x2": 0.20548337091056768, "x3": 2.614760465084244, "x4": 4.229514587746833, "x5": 5.05085259117173, "x6": 1.1622192368768391, "x7": -3.52245363179008, "x8": 0.17639488138585377, "x9": 2.8}, "datetime": {"datetime": "2025-05-10 17:49:15", "elapsed": 78193.731132, "delta": 44.644386}}
{"target": 272.7444043131332, "params": {"x0": 0.8, "x1": 0.9, "x2": 0.20548337091056768, "x3": 2.614760465084244, "x4": 4.229514587746833, "x5": 5.05085259117173, "x6": 1.1622192368768391, "x7": -3.52245363179008, "x8": 0.17639488138585377, "x9": 2.8}, "datetime": {"datetime": "2025-05-10 17:50:05", "elapsed": 78243.448085, "delta": 49.716953}}
{"target": 272.7444043131332, "params": {"x0": 0.8, "x1": 0.9, "x2": 0.20548337091056768, "x3": 2.614760465084244, "x4": 4.229514587746833, "x5": 5.05085259117173, "x6": 1.1622192368768391, "x7": -3.52245363179008, "x8": 0.17639488138585377, "x9": 2.8}, "datetime": {"datetime": "2025-05-10 17:50:51", "elapsed": 78289.254838, "delta": 45.806753}}
{"target": 272.7444043131332, "params": {"x0": 0.8, "x1": 0.9, "x2": 0.20548337091056768, "x3": 2.614760465084244, "x4": 4.229514587746833, "x5": 5.05085259117173, "x6": 1.1622192368768391, "x7": -3.52245363179008, "x8": 0.17639488138585377, "x9": 2.8}, "datetime": {"datetime": "2025-05-10 17:51:36", "elapsed": 78334.563104, "delta": 45.308266}}
{"target": 272.7444043131332, "params": {"x0": 0.8, "x1": 0.9, "x2": 0.20548337091056768, "x3": 2.614760465084244, "x4": 4.229514587746833, "x5": 5.05085259117173, "x6": 1.1622192368768391, "x7": -3.52245363179008, "x8": 0.17639488138585377, "x9": 2.8}, "datetime": {"datetime": "2025-05-10 17:52:29", "elapsed": 78386.890012, "delta": 52.326908}}
{"target": 272.7444043131332, "params": {"x0": 0.8, "x1": 0.9, "x2": 0.20548337091056768, "x3": 2.614760465084244, "x4": 4.229514587746833, "x5": 5.05085259117173, "x6": 1.1622192368768391, "x7": -3.52245363179008, "x8": 0.17639488138585377, "x9": 2.8}, "datetime": {"datetime": "2025-05-10 17:53:20", "elapsed": 78438.616038, "delta": 51.726026}}
{"target": 272.7444043131332, "params": {"x0": 0.8, "x1": 0.9, "x2": 0.20548337091056768, "x3": 2.614760465084244, "x4": 4.229514587746833, "x5": 5.05085259117173, "x6": 1.1622192368768391, "x7": -3.52245363179008, "x8": 0.17639488138585377, "x9": 2.8}, "datetime": {"datetime": "2025-05-10 17:54:24", "elapsed": 78502.491333, "delta": 63.875295}}
{"target": 272.7444043131332, "params": {"x0": 0.8, "x1": 0.9, "x2": 0.20548337091056768, "x3": 2.614760465084244, "x4": 4.229514587746833, "x5": 5.05085259117173, "x6": 1.1622192368768391, "x7": -3.52245363179008, "x8": 0.17639488138585377, "x9": 2.8}, "datetime": {"datetime": "2025-05-10 17:55:25", "elapsed": 78563.325391, "delta": 60.834058}}
{"target": 272.7444043131332, "params": {"x0": 0.8, "x1": 0.9, "x2": 0.20548337091056768, "x3": 2.614760465084244, "x4": 4.229514587746833, "x5": 5.05085259117173, "x6": 1.1622192368768391, "x7": -3.52245363179008, "x8": 0.17639488138585377, "x9": 2.8}, "datetime": {"datetime": "2025-05-10 17:56:06", "elapsed": 78604.43765, "delta": 41.112259}}
{"target": 272.7444043131332, "params": {"x0": 0.8, "x1": 0.9, "x2": 0.20548337091056768, "x3": 2.614760465084244, "x4": 4.229514587746833, "x5": 5.05085259117173, "x6": 1.1622192368768391, "x7": -3.52245363179008, "x8": 0.17639488138585377, "x9": 2.8}, "datetime": {"datetime": "2025-05-10 17:56:46", "elapsed": 78643.787295, "delta": 39.349645}}
{"target": 272.7444043131332, "params": {"x0": 0.8, "x1": 0.9, "x2": 0.20548337091056768, "x3": 2.614760465084244, "x4": 4.229514587746833, "x5": 5.05085259117173, "x6": 1.1622192368768391, "x7": -3.52245363179008, "x8": 0.17639488138585377, "x9": 2.8}, "datetime": {"datetime": "2025-05-10 17:57:23", "elapsed": 78681.342725, "delta": 37.55543}}
{"target": 272.7444043131332, "params": {"x0": 0.8, "x1": 0.9, "x2": 0.20548337091056768, "x3": 2.614760465084244, "x4": 4.229514587746833, "x5": 5.05085259117173, "x6": 1.1622192368768391, "x7": -3.52245363179008, "x8": 0.17639488138585377, "x9": 2.8}, "datetime": {"datetime": "2025-05-10 17:58:09", "elapsed": 78727.311373, "delta": 45.968648}}
{"target": 272.7444043131332, "params": {"x0": 0.8, "x1": 0.9, "x2": 0.20548337091056768, "x3": 2.614760465084244, "x4": 4.229514587746833, "x5": 5.05085259117173, "x6": 1.1622192368768391, "x7": -3.52245363179008, "x8": 0.17639488138585377, "x9": 2.8}, "datetime": {"datetime": "2025-05-10 17:59:06", "elapsed": 78784.028383, "delta": 56.71701}}
{"target": 272.7444043131332, "params": {"x0": 0.8, "x1": 0.9, "x2": 0.20548337091056768, "x3": 2.614760465084244, "x4": 4.229514587746833, "x5": 5.05085259117173, "x6": 1.1622192368768391, "x7": -3.52245363179008, "x8": 0.17639488138585377, "x9": 2.8}, "datetime": {"datetime": "2025-05-10 17:59:58", "elapsed": 78836.233207, "delta": 52.204824}}
{"target": 272.7444043131332, "params": {"x0": 0.8, "x1": 0.9, "x2": 0.20548337091056768, "x3": 2.614760465084244, "x4": 4.229514587746833, "x5": 5.05085259117173, "x6": 1.1622192368768391, "x7": -3.52245363179008, "x8": 0.17639488138585377, "x9": 2.8}, "datetime": {"datetime": "2025-05-10 18:00:59", "elapsed": 78897.427231, "delta": 61.194024}}
{"target": 272.7444043131332, "params": {"x0": 0.8, "x1": 0.9, "x2": 0.20548337091056768, "x3": 2.614760465084244, "x4": 4.229514587746833, "x5": 5.05085259117173, "x6": 1.1622192368768391, "x7": -3.52245363179008, "x8": 0.17639488138585377, "x9": 2.8}, "datetime": {"datetime": "2025-05-10 18:01:47", "elapsed": 78945.105467, "delta": 47.678236}}
{"target": 272.7444043131332, "params": {"x0": 0.8, "x1": 0.9, "x2": 0.20548337091056768, "x3": 2.614760465084244, "x4": 4.229514587746833, "x5": 5.05085259117173, "x6": 1.1622192368768391, "x7": -3.52245363179008, "x8": 0.17639488138585377, "x9": 2.8}, "datetime": {"datetime": "2025-05-10 18:02:36", "elapsed": 78993.806893, "delta": 48.701426}}
{"target": 272.7444043131332, "params": {"x0": 0.8, "x1": 0.9, "x2": 0.20548337091056768, "x3": 2.614760465084244, "x4": 4.229514587746833, "x5": 5.05085259117173, "x6": 1.1622192368768391, "x7": -3.52245363179008, "x8": 0.17639488138585377, "x9": 2.8}, "datetime": {"datetime": "2025-05-10 18:03:36", "elapsed": 79053.943025, "delta": 60.136132}}
{"target": 272.7444043131332, "params": {"x0": 0.8, "x1": 0.9, "x2": 0.20548337091056768, "x3": 2.614760465084244, "x4": 4.229514587746833, "x5": 5.05085259117173, "x6": 1.1622192368768391, "x7": -3.52245363179008, "x8": 0.17639488138585377, "x9": 2.8}, "datetime": {"datetime": "2025-05-10 18:04:11", "elapsed": 79088.987208, "delta": 35.044183}}
{"target": 272.7444043131332, "params": {"x0": 0.8, "x1": 0.9, "x2": 0.20548337091056768, "x3": 2.614760465084244, "x4": 4.229514587746833, "x5": 5.05085259117173, "x6": 1.1622192368768391, "x7": -3.52245363179008, "x8": 0.17639488138585377, "x9": 2.8}, "datetime": {"datetime": "2025-05-10 18:05:01", "elapsed": 79139.144804, "delta": 50.157596}}
{"target": 272.7444043131332, "params": {"x0": 0.8, "x1": 0.9, "x2": 0.20548337091056768, "x3": 2.614760465084244, "x4": 4.229514587746833, "x5": 5.05085259117173, "x6": 1.1622192368768391, "x7": -3.52245363179008, "x8": 0.17639488138585377, "x9": 2.8}, "datetime": {"datetime": "2025-05-10 18:05:43", "elapsed": 79181.247551, "delta": 42.102747}}
{"target": 272.7444043131332, "params": {"x0": 0.8, "x1": 0.9, "x2": 0.20548337091056768, "x3": 2.614760465084244, "x4": 4.229514587746833, "x5": 5.05085259117173, "x6": 1.1622192368768391, "x7": -3.52245363179008, "x8": 0.17639488138585377, "x9": 2.8}, "datetime": {"datetime": "2025-05-10 18:06:28", "elapsed": 79226.117671, "delta": 44.87012}}
{"target": 272.7444043131332, "params": {"x0": 0.8, "x1": 0.9, "x2": 0.20548337091056768, "x3": 2.614760465084244, "x4": 4.229514587746833, "x5": 5.05085259117173, "x6": 1.1622192368768391, "x7": -3.52245363179008, "x8": 0.17639488138585377, "x9": 2.8}, "datetime": {"datetime": "2025-05-10 18:07:17", "elapsed": 79275.592468, "delta": 49.474797}}
{"target": 272.7444043131332, "params": {"x0": 0.8, "x1": 0.9, "x2": 0.20548337091056768, "x3": 2.614760465084244, "x4": 4.229514587746833, "x5": 5.05085259117173, "x6": 1.1622192368768391, "x7": -3.52245363179008, "x8": 0.17639488138585377, "x9": 2.8}, "datetime": {"datetime": "2025-05-10 18:08:14", "elapsed": 79331.837589, "delta": 56.245121}}
{"target": 272.7444043131332, "params": {"x0": 0.8, "x1": 0.9, "x2": 0.20548337091056768, "x3": 2.614760465084244, "x4": 4.229514587746833, "x5": 5.05085259117173, "x6": 1.1622192368768391, "x7": -3.52245363179008, "x8": 0.17639488138585377, "x9": 2.8}, "datetime": {"datetime": "2025-05-10 18:08:58", "elapsed": 79375.922034, "delta": 44.084445}}
{"target": 272.7444043131332, "params": {"x0": 0.8, "x1": 0.9, "x2": 0.20548337091056768, "x3": 2.614760465084244, "x4": 4.229514587746833, "x5": 5.05085259117173, "x6": 1.1622192368768391, "x7": -3.52245363179008, "x8": 0.17639488138585377, "x9": 2.8}, "datetime": {"datetime": "2025-05-10 18:09:51", "elapsed": 79429.659845, "delta": 53.737811}}
{"target": 272.7444043131332, "params": {"x0": 0.8, "x1": 0.9, "x2": 0.20548337091056768, "x3": 2.614760465084244, "x4": 4.229514587746833, "x5": 5.05085259117173, "x6": 1.1622192368768391, "x7": -3.52245363179008, "x8": 0.17639488138585377, "x9": 2.8}, "datetime": {"datetime": "2025-05-10 18:10:41", "elapsed": 79479.716653, "delta": 50.056808}}
