{"target": 272.7444043131332, "params": {"x0": 0.8000000000000003, "x1": 0.9000000000000054, "x2": 0.2054833709105573, "x3": 2.6147604650841902, "x4": 4.229514587746828, "x5": 5.0508525911715045, "x6": 1.1622192368767077, "x7": -3.522453631790061, "x8": 0.17639488138587167, "x9": 2.799999999999999}, "datetime": {"datetime": "2025-05-09 21:03:29", "elapsed": 3447.365642, "delta": 10.373814}}
{"target": 272.7444043131332, "params": {"x0": 0.8000000000000009, "x1": 0.9000000000000107, "x2": 0.20548337091057786, "x3": 2.6147604650841973, "x4": 4.229514587746819, "x5": 5.050852591171529, "x6": 1.1622192368767414, "x7": -3.52245363179002, "x8": 0.1763948813858434, "x9": 2.799999999999998}, "datetime": {"datetime": "2025-05-09 21:03:40", "elapsed": 3458.099725, "delta": 10.734083}}
{"target": 272.7444043131332, "params": {"x0": 0.8000000000000007, "x1": 0.900000000000002, "x2": 0.20548337091056168, "x3": 2.6147604650843124, "x4": 4.229514587746848, "x5": 5.050852591171676, "x6": 1.1622192368767237, "x7": -3.5224536317900474, "x8": 0.17639488138587034, "x9": 2.7999999999999985}, "datetime": {"datetime": "2025-05-09 21:03:50", "elapsed": 3468.636014, "delta": 10.536289}}
{"target": 272.7444043131332, "params": {"x0": 0.8000000000000007, "x1": 0.900000000000016, "x2": 0.20548337091055968, "x3": 2.614760465084272, "x4": 4.229514587746828, "x5": 5.050852591171558, "x6": 1.1622192368767812, "x7": -3.5224536317901003, "x8": 0.17639488138584047, "x9": 2.799999999999998}, "datetime": {"datetime": "2025-05-09 21:04:00", "elapsed": 3478.731819, "delta": 10.095805}}
{"target": 272.7444043131332, "params": {"x0": 0.8000000000000004, "x1": 0.9000000000000015, "x2": 0.2054833709105626, "x3": 2.6147604650842884, "x4": 4.229514587746845, "x5": 5.050852591171477, "x6": 1.1622192368768016, "x7": -3.5224536317901, "x8": 0.17639488138586887, "x9": 2.7999999999999976}, "datetime": {"datetime": "2025-05-09 21:04:11", "elapsed": 3489.071334, "delta": 10.339515}}
{"target": 272.7444043131332, "params": {"x0": 0.8000000000000012, "x1": 0.9, "x2": 0.20548337091056648, "x3": 2.6147604650842786, "x4": 4.229514587746841, "x5": 5.050852591171992, "x6": 1.1622192368768642, "x7": -3.5224536317900497, "x8": 0.17639488138584053, "x9": 2.799999999999998}, "datetime": {"datetime": "2025-05-09 21:04:21", "elapsed": 3499.62529, "delta": 10.553956}}
{"target": 272.7444043131332, "params": {"x0": 0.8000000000000007, "x1": 0.9000000000000009, "x2": 0.20548337091055827, "x3": 2.6147604650842218, "x4": 4.229514587746835, "x5": 5.050852591171802, "x6": 1.1622192368768436, "x7": -3.522453631790062, "x8": 0.1763948813858675, "x9": 2.7999999999999976}, "datetime": {"datetime": "2025-05-09 21:04:33", "elapsed": 3510.770543, "delta": 11.145253}}
{"target": 272.7444043131332, "params": {"x0": 0.8000000000000008, "x1": 0.9000000000000112, "x2": 0.20548337091056215, "x3": 2.614760465084257, "x4": 4.229514587746821, "x5": 5.050852591171729, "x6": 1.1622192368768351, "x7": -3.5224536317900905, "x8": 0.17639488138584852, "x9": 2.8}, "datetime": {"datetime": "2025-05-09 21:04:43", "elapsed": 3521.085531, "delta": 10.314988}}
{"target": 272.7444043131332, "params": {"x0": 0.8000000000000008, "x1": 0.9000000000000093, "x2": 0.20548337091057145, "x3": 2.6147604650842724, "x4": 4.229514587746837, "x5": 5.050852591171589, "x6": 1.1622192368767807, "x7": -3.5224536317900865, "x8": 0.17639488138585116, "x9": 2.7999999999999985}, "datetime": {"datetime": "2025-05-09 21:04:54", "elapsed": 3532.07568, "delta": 10.990149}}
{"target": 272.7444043131332, "params": {"x0": 0.8000000000000002, "x1": 0.9000000000000091, "x2": 0.20548337091057411, "x3": 2.6147604650842164, "x4": 4.229514587746825, "x5": 5.050852591171747, "x6": 1.1622192368768784, "x7": -3.522453631790068, "x8": 0.17639488138586426, "x9": 2.799999999999999}, "datetime": {"datetime": "2025-05-09 21:05:05", "elapsed": 3542.795814, "delta": 10.720134}}
{"target": 272.7444043131332, "params": {"x0": 0.8000000000000004, "x1": 0.9000000000000042, "x2": 0.20548337091056784, "x3": 2.6147604650842546, "x4": 4.229514587746837, "x5": 5.0508525911717905, "x6": 1.1622192368768638, "x7": -3.5224536317900643, "x8": 0.17639488138585446, "x9": 2.799999999999999}, "datetime": {"datetime": "2025-05-09 21:05:15", "elapsed": 3553.394172, "delta": 10.598358}}
{"target": 272.7444043131332, "params": {"x0": 0.8000000000000003, "x1": 0.9000000000000061, "x2": 0.20548337091056945, "x3": 2.614760465084229, "x4": 4.229514587746832, "x5": 5.0508525911716955, "x6": 1.1622192368768547, "x7": -3.522453631790093, "x8": 0.17639488138585374, "x9": 2.799999999999999}, "datetime": {"datetime": "2025-05-09 21:05:26", "elapsed": 3563.873608, "delta": 10.479436}}
{"target": 272.7444043131332, "params": {"x0": 0.8000000000000006, "x1": 0.9000000000000041, "x2": 0.20548337091056484, "x3": 2.614760465084219, "x4": 4.229514587746827, "x5": 5.050852591171813, "x6": 1.162219236876804, "x7": -3.522453631790095, "x8": 0.17639488138585013, "x9": 2.799999999999999}, "datetime": {"datetime": "2025-05-09 21:05:36", "elapsed": 3574.586451, "delta": 10.712843}}
{"target": 272.7444043131332, "params": {"x0": 0.8000000000000005, "x1": 0.9000000000000026, "x2": 0.20548337091056584, "x3": 2.614760465084232, "x4": 4.229514587746833, "x5": 5.050852591171716, "x6": 1.1622192368768154, "x7": -3.522453631790089, "x8": 0.17639488138585196, "x9": 2.799999999999999}, "datetime": {"datetime": "2025-05-09 21:05:47", "elapsed": 3585.401933, "delta": 10.815482}}
{"target": 272.7444043131332, "params": {"x0": 0.8000000000000004, "x1": 0.9000000000000039, "x2": 0.2054833709105676, "x3": 2.6147604650842284, "x4": 4.229514587746835, "x5": 5.050852591171672, "x6": 1.1622192368768365, "x7": -3.5224536317900728, "x8": 0.17639488138584933, "x9": 2.799999999999999}, "datetime": {"datetime": "2025-05-09 21:05:58", "elapsed": 3596.620212, "delta": 11.218279}}
{"target": 272.7444043131332, "params": {"x0": 0.8000000000000005, "x1": 0.9000000000000008, "x2": 0.2054833709105677, "x3": 2.614760465084226, "x4": 4.229514587746835, "x5": 5.050852591171797, "x6": 1.1622192368768278, "x7": -3.522453631790087, "x8": 0.17639488138585782, "x9": 2.8}, "datetime": {"datetime": "2025-05-09 21:06:09", "elapsed": 3606.777479, "delta": 10.157267}}
{"target": 272.7444043131332, "params": {"x0": 0.8000000000000002, "x1": 0.9000000000000015, "x2": 0.205483370910565, "x3": 2.614760465084257, "x4": 4.229514587746838, "x5": 5.050852591171785, "x6": 1.1622192368768487, "x7": -3.522453631790077, "x8": 0.17639488138585369, "x9": 2.7999999999999994}, "datetime": {"datetime": "2025-05-09 21:06:19", "elapsed": 3617.364582, "delta": 10.587103}}
{"target": 272.7444043131332, "params": {"x0": 0.8000000000000002, "x1": 0.9000000000000042, "x2": 0.20548337091056584, "x3": 2.614760465084247, "x4": 4.229514587746833, "x5": 5.050852591171758, "x6": 1.1622192368768611, "x7": -3.5224536317900728, "x8": 0.1763948813858532, "x9": 2.799999999999999}, "datetime": {"datetime": "2025-05-09 21:06:29", "elapsed": 3627.017408, "delta": 9.652826}}
{"target": 272.7444043131332, "params": {"x0": 0.8000000000000003, "x1": 0.9000000000000026, "x2": 0.2054833709105656, "x3": 2.614760465084248, "x4": 4.229514587746835, "x5": 5.050852591171677, "x6": 1.162219236876832, "x7": -3.5224536317900745, "x8": 0.1763948813858545, "x9": 2.7999999999999994}, "datetime": {"datetime": "2025-05-09 21:06:39", "elapsed": 3637.714558, "delta": 10.69715}}
{"target": 272.7444043131332, "params": {"x0": 0.8000000000000004, "x1": 0.9000000000000009, "x2": 0.20548337091056784, "x3": 2.614760465084237, "x4": 4.229514587746833, "x5": 5.050852591171698, "x6": 1.1622192368768518, "x7": -3.5224536317900865, "x8": 0.17639488138585288, "x9": 2.7999999999999994}, "datetime": {"datetime": "2025-05-09 21:06:50", "elapsed": 3647.758386, "delta": 10.043828}}
{"target": 272.7444043131332, "params": {"x0": 0.8000000000000002, "x1": 0.9000000000000029, "x2": 0.20548337091056773, "x3": 2.6147604650842395, "x4": 4.229514587746831, "x5": 5.05085259117177, "x6": 1.1622192368768536, "x7": -3.5224536317900874, "x8": 0.17639488138585296, "x9": 2.8}, "datetime": {"datetime": "2025-05-09 21:07:00", "elapsed": 3658.481947, "delta": 10.723561}}
{"target": 272.7444043131332, "params": {"x0": 0.8000000000000003, "x1": 0.900000000000003, "x2": 0.20548337091056634, "x3": 2.6147604650842395, "x4": 4.229514587746835, "x5": 5.050852591171748, "x6": 1.1622192368768238, "x7": -3.5224536317900768, "x8": 0.17639488138585466, "x9": 2.7999999999999994}, "datetime": {"datetime": "2025-05-09 21:07:12", "elapsed": 3669.771607, "delta": 11.28966}}
{"target": 272.7444043131332, "params": {"x0": 0.8000000000000002, "x1": 0.9000000000000026, "x2": 0.2054833709105664, "x3": 2.614760465084248, "x4": 4.229514587746834, "x5": 5.050852591171712, "x6": 1.162219236876841, "x7": -3.5224536317900803, "x8": 0.17639488138585233, "x9": 2.7999999999999994}, "datetime": {"datetime": "2025-05-09 21:07:23", "elapsed": 3681.25131, "delta": 11.479703}}
{"target": 272.7444043131332, "params": {"x0": 0.8000000000000002, "x1": 0.9000000000000021, "x2": 0.2054833709105676, "x3": 2.6147604650842453, "x4": 4.229514587746834, "x5": 5.0508525911717586, "x6": 1.162219236876831, "x7": -3.5224536317900856, "x8": 0.17639488138585532, "x9": 2.8}, "datetime": {"datetime": "2025-05-09 21:07:33", "elapsed": 3691.538888, "delta": 10.287578}}
{"target": 272.7444043131332, "params": {"x0": 0.8000000000000002, "x1": 0.9000000000000001, "x2": 0.2054833709105664, "x3": 2.6147604650842435, "x4": 4.229514587746832, "x5": 5.0508525911717115, "x6": 1.1622192368768345, "x7": -3.5224536317900834, "x8": 0.17639488138585274, "x9": 2.8}, "datetime": {"datetime": "2025-05-09 21:07:44", "elapsed": 3702.183448, "delta": 10.64456}}
{"target": 272.7444043131332, "params": {"x0": 0.8, "x1": 0.9000000000000001, "x2": 0.20548337091056756, "x3": 2.614760465084249, "x4": 4.2295145877468325, "x5": 5.0508525911717514, "x6": 1.1622192368768405, "x7": -3.5224536317900776, "x8": 0.17639488138585518, "x9": 2.8}, "datetime": {"datetime": "2025-05-09 21:07:55", "elapsed": 3712.747421, "delta": 10.563973}}
{"target": 272.7444043131332, "params": {"x0": 0.8, "x1": 0.9000000000000017, "x2": 0.2054833709105665, "x3": 2.6147604650842404, "x4": 4.229514587746832, "x5": 5.0508525911717275, "x6": 1.1622192368768354, "x7": -3.522453631790076, "x8": 0.17639488138585488, "x9": 2.8}, "datetime": {"datetime": "2025-05-09 21:08:05", "elapsed": 3723.368679, "delta": 10.621258}}
{"target": 272.7444043131332, "params": {"x0": 0.8000000000000002, "x1": 0.900000000000001, "x2": 0.2054833709105668, "x3": 2.614760465084248, "x4": 4.229514587746833, "x5": 5.050852591171738, "x6": 1.1622192368768463, "x7": -3.5224536317900794, "x8": 0.1763948813858541, "x9": 2.8}, "datetime": {"datetime": "2025-05-09 21:08:16", "elapsed": 3733.790688, "delta": 10.422009}}
{"target": 272.7444043131332, "params": {"x0": 0.8, "x1": 0.9000000000000014, "x2": 0.20548337091056743, "x3": 2.614760465084239, "x4": 4.229514587746833, "x5": 5.050852591171748, "x6": 1.1622192368768365, "x7": -3.522453631790081, "x8": 0.1763948813858548, "x9": 2.8}, "datetime": {"datetime": "2025-05-09 21:08:26", "elapsed": 3744.311732, "delta": 10.521044}}
{"target": 272.7444043131332, "params": {"x0": 0.8, "x1": 0.9000000000000011, "x2": 0.205483370910568, "x3": 2.614760465084248, "x4": 4.229514587746833, "x5": 5.050852591171739, "x6": 1.1622192368768451, "x7": -3.5224536317900808, "x8": 0.1763948813858544, "x9": 2.8}, "datetime": {"datetime": "2025-05-09 21:08:37", "elapsed": 3754.874392, "delta": 10.56266}}
{"target": 272.7444043131332, "params": {"x0": 0.8000000000000002, "x1": 0.9000000000000007, "x2": 0.2054833709105681, "x3": 2.6147604650842453, "x4": 4.229514587746833, "x5": 5.050852591171717, "x6": 1.1622192368768398, "x7": -3.522453631790078, "x8": 0.17639488138585402, "x9": 2.8}, "datetime": {"datetime": "2025-05-09 21:08:48", "elapsed": 3766.583662, "delta": 11.70927}}
{"target": 272.7444043131332, "params": {"x0": 0.8000000000000002, "x1": 0.9000000000000009, "x2": 0.20548337091056704, "x3": 2.6147604650842453, "x4": 4.2295145877468325, "x5": 5.0508525911717195, "x6": 1.1622192368768385, "x7": -3.5224536317900816, "x8": 0.17639488138585355, "x9": 2.8}, "datetime": {"datetime": "2025-05-09 21:08:59", "elapsed": 3777.552037, "delta": 10.968375}}
{"target": 272.7444043131332, "params": {"x0": 0.8000000000000002, "x1": 0.9000000000000007, "x2": 0.20548337091056817, "x3": 2.614760465084241, "x4": 4.229514587746834, "x5": 5.050852591171733, "x6": 1.1622192368768345, "x7": -3.5224536317900785, "x8": 0.17639488138585463, "x9": 2.8}, "datetime": {"datetime": "2025-05-09 21:09:10", "elapsed": 3788.529393, "delta": 10.977356}}
{"target": 272.7444043131332, "params": {"x0": 0.8, "x1": 0.9000000000000001, "x2": 0.20548337091056815, "x3": 2.614760465084242, "x4": 4.2295145877468325, "x5": 5.050852591171726, "x6": 1.1622192368768414, "x7": -3.522453631790078, "x8": 0.17639488138585432, "x9": 2.8}, "datetime": {"datetime": "2025-05-09 21:09:21", "elapsed": 3799.406528, "delta": 10.877135}}
{"target": 272.7444043131332, "params": {"x0": 0.8000000000000002, "x1": 0.9000000000000005, "x2": 0.20548337091056718, "x3": 2.614760465084242, "x4": 4.229514587746833, "x5": 5.0508525911717275, "x6": 1.1622192368768434, "x7": -3.5224536317900816, "x8": 0.17639488138585346, "x9": 2.8}, "datetime": {"datetime": "2025-05-09 21:09:32", "elapsed": 3809.853127, "delta": 10.446599}}
{"target": 272.7444043131332, "params": {"x0": 0.8, "x1": 0.9000000000000002, "x2": 0.20548337091056734, "x3": 2.6147604650842435, "x4": 4.229514587746834, "x5": 5.050852591171725, "x6": 1.1622192368768356, "x7": -3.5224536317900816, "x8": 0.17639488138585355, "x9": 2.8}, "datetime": {"datetime": "2025-05-09 21:09:43", "elapsed": 3820.740266, "delta": 10.887139}}
{"target": 272.7444043131332, "params": {"x0": 0.8, "x1": 0.9000000000000006, "x2": 0.2054833709105679, "x3": 2.614760465084244, "x4": 4.229514587746833, "x5": 5.050852591171723, "x6": 1.1622192368768387, "x7": -3.5224536317900794, "x8": 0.1763948813858537, "x9": 2.8}, "datetime": {"datetime": "2025-05-09 21:09:53", "elapsed": 3831.180531, "delta": 10.440265}}
{"target": 272.7444043131332, "params": {"x0": 0.8, "x1": 0.9000000000000005, "x2": 0.20548337091056743, "x3": 2.6147604650842426, "x4": 4.229514587746833, "x5": 5.050852591171735, "x6": 1.162219236876841, "x7": -3.5224536317900785, "x8": 0.1763948813858533, "x9": 2.8}, "datetime": {"datetime": "2025-05-09 21:10:03", "elapsed": 3841.257311, "delta": 10.07678}}
{"target": 272.7444043131332, "params": {"x0": 0.8, "x1": 0.9000000000000001, "x2": 0.2054833709105674, "x3": 2.6147604650842435, "x4": 4.229514587746834, "x5": 5.050852591171725, "x6": 1.1622192368768411, "x7": -3.5224536317900803, "x8": 0.17639488138585344, "x9": 2.8}, "datetime": {"datetime": "2025-05-09 21:10:14", "elapsed": 3851.964316, "delta": 10.707005}}
{"target": 272.7444043131332, "params": {"x0": 0.8, "x1": 0.9000000000000005, "x2": 0.2054833709105676, "x3": 2.6147604650842453, "x4": 4.229514587746833, "x5": 5.050852591171735, "x6": 1.162219236876839, "x7": -3.5224536317900808, "x8": 0.1763948813858536, "x9": 2.8}, "datetime": {"datetime": "2025-05-09 21:10:24", "elapsed": 3862.340496, "delta": 10.37618}}
{"target": 272.7444043131332, "params": {"x0": 0.8, "x1": 0.9000000000000001, "x2": 0.2054833709105674, "x3": 2.614760465084243, "x4": 4.229514587746833, "x5": 5.050852591171736, "x6": 1.1622192368768371, "x7": -3.5224536317900794, "x8": 0.17639488138585405, "x9": 2.8}, "datetime": {"datetime": "2025-05-09 21:10:35", "elapsed": 3873.412663, "delta": 11.072167}}
{"target": 272.7444043131332, "params": {"x0": 0.8, "x1": 0.9000000000000002, "x2": 0.20548337091056784, "x3": 2.6147604650842444, "x4": 4.229514587746833, "x5": 5.050852591171728, "x6": 1.1622192368768378, "x7": -3.5224536317900803, "x8": 0.17639488138585377, "x9": 2.8}, "datetime": {"datetime": "2025-05-09 21:10:46", "elapsed": 3884.27276, "delta": 10.860097}}
{"target": 272.7444043131332, "params": {"x0": 0.8, "x1": 0.9000000000000001, "x2": 0.20548337091056773, "x3": 2.614760465084243, "x4": 4.229514587746833, "x5": 5.050852591171733, "x6": 1.1622192368768376, "x7": -3.5224536317900803, "x8": 0.17639488138585407, "x9": 2.8}, "datetime": {"datetime": "2025-05-09 21:10:57", "elapsed": 3895.378086, "delta": 11.105326}}
{"target": 272.7444043131332, "params": {"x0": 0.8, "x1": 0.9, "x2": 0.20548337091056787, "x3": 2.6147604650842435, "x4": 4.229514587746833, "x5": 5.0508525911717275, "x6": 1.1622192368768383, "x7": -3.52245363179008, "x8": 0.17639488138585355, "x9": 2.8}, "datetime": {"datetime": "2025-05-09 21:11:09", "elapsed": 3906.757033, "delta": 11.378947}}
{"target": 272.7444043131332, "params": {"x0": 0.8, "x1": 0.9000000000000001, "x2": 0.20548337091056768, "x3": 2.6147604650842444, "x4": 4.229514587746833, "x5": 5.050852591171727, "x6": 1.16221923687684, "x7": -3.522453631790079, "x8": 0.17639488138585394, "x9": 2.8}, "datetime": {"datetime": "2025-05-09 21:11:19", "elapsed": 3916.959441, "delta": 10.202408}}
{"target": 272.7444043131332, "params": {"x0": 0.8, "x1": 0.9000000000000001, "x2": 0.2054833709105676, "x3": 2.6147604650842444, "x4": 4.229514587746833, "x5": 5.05085259117173, "x6": 1.1622192368768391, "x7": -3.5224536317900803, "x8": 0.1763948813858538, "x9": 2.8}, "datetime": {"datetime": "2025-05-09 21:11:30", "elapsed": 3927.940699, "delta": 10.981258}}
{"target": 272.7444043131332, "params": {"x0": 0.8, "x1": 0.9000000000000002, "x2": 0.2054833709105678, "x3": 2.6147604650842435, "x4": 4.229514587746833, "x5": 5.050852591171731, "x6": 1.162219236876839, "x7": -3.52245363179008, "x8": 0.17639488138585369, "x9": 2.8}, "datetime": {"datetime": "2025-05-09 21:11:41", "elapsed": 3938.953974, "delta": 11.013275}}
{"target": 272.7444043131332, "params": {"x0": 0.8, "x1": 0.9, "x2": 0.20548337091056762, "x3": 2.6147604650842435, "x4": 4.229514587746833, "x5": 5.050852591171731, "x6": 1.16221923687684, "x7": -3.52245363179008, "x8": 0.1763948813858536, "x9": 2.8}, "datetime": {"datetime": "2025-05-09 21:11:52", "elapsed": 3949.877783, "delta": 10.923809}}
{"target": 272.7444043131332, "params": {"x0": 0.8, "x1": 0.9000000000000001, "x2": 0.2054833709105677, "x3": 2.614760465084244, "x4": 4.229514587746833, "x5": 5.05085259117173, "x6": 1.1622192368768396, "x7": -3.52245363179008, "x8": 0.17639488138585382, "x9": 2.8}, "datetime": {"datetime": "2025-05-09 21:12:02", "elapsed": 3960.064925, "delta": 10.187142}}
{"target": 272.7444043131332, "params": {"x0": 0.8, "x1": 0.9, "x2": 0.20548337091056765, "x3": 2.6147604650842435, "x4": 4.229514587746833, "x5": 5.050852591171731, "x6": 1.1622192368768391, "x7": -3.52245363179008, "x8": 0.1763948813858536, "x9": 2.8}, "datetime": {"datetime": "2025-05-09 21:12:13", "elapsed": 3971.123781, "delta": 11.058856}}
{"target": 272.7444043131332, "params": {"x0": 0.8, "x1": 0.9000000000000001, "x2": 0.20548337091056765, "x3": 2.6147604650842444, "x4": 4.229514587746833, "x5": 5.050852591171729, "x6": 1.1622192368768387, "x7": -3.52245363179008, "x8": 0.1763948813858537, "x9": 2.8}, "datetime": {"datetime": "2025-05-09 21:12:24", "elapsed": 3982.509047, "delta": 11.385266}}
{"target": 272.7444043131332, "params": {"x0": 0.8, "x1": 0.9000000000000001, "x2": 0.20548337091056768, "x3": 2.6147604650842435, "x4": 4.229514587746833, "x5": 5.05085259117173, "x6": 1.1622192368768385, "x7": -3.52245363179008, "x8": 0.1763948813858539, "x9": 2.8}, "datetime": {"datetime": "2025-05-09 21:12:35", "elapsed": 3993.15689, "delta": 10.647843}}
{"target": 272.7444043131332, "params": {"x0": 0.8, "x1": 0.9000000000000001, "x2": 0.20548337091056762, "x3": 2.6147604650842435, "x4": 4.229514587746833, "x5": 5.050852591171729, "x6": 1.162219236876839, "x7": -3.52245363179008, "x8": 0.17639488138585377, "x9": 2.8}, "datetime": {"datetime": "2025-05-09 21:12:46", "elapsed": 4004.014824, "delta": 10.857934}}
{"target": 272.7444043131332, "params": {"x0": 0.8, "x1": 0.9, "x2": 0.2054833709105677, "x3": 2.6147604650842444, "x4": 4.229514587746833, "x5": 5.050852591171731, "x6": 1.1622192368768385, "x7": -3.5224536317900803, "x8": 0.1763948813858538, "x9": 2.8}, "datetime": {"datetime": "2025-05-09 21:12:57", "elapsed": 4015.542117, "delta": 11.527293}}
{"target": 272.7444043131332, "params": {"x0": 0.8, "x1": 0.9000000000000001, "x2": 0.2054833709105677, "x3": 2.614760465084244, "x4": 4.229514587746833, "x5": 5.050852591171728, "x6": 1.1622192368768394, "x7": -3.5224536317900794, "x8": 0.17639488138585382, "x9": 2.8}, "datetime": {"datetime": "2025-05-09 21:13:08", "elapsed": 4026.59255, "delta": 11.050433}}
{"target": 272.7444043131332, "params": {"x0": 0.8, "x1": 0.9, "x2": 0.20548337091056768, "x3": 2.6147604650842444, "x4": 4.229514587746833, "x5": 5.050852591171729, "x6": 1.1622192368768391, "x7": -3.52245363179008, "x8": 0.17639488138585385, "x9": 2.8}, "datetime": {"datetime": "2025-05-09 21:13:20", "elapsed": 4037.73732, "delta": 11.14477}}
{"target": 272.7444043131332, "params": {"x0": 0.8, "x1": 0.9000000000000001, "x2": 0.20548337091056762, "x3": 2.614760465084244, "x4": 4.229514587746833, "x5": 5.05085259117173, "x6": 1.1622192368768391, "x7": -3.52245363179008, "x8": 0.1763948813858537, "x9": 2.8}, "datetime": {"datetime": "2025-05-09 21:13:31", "elapsed": 4049.225544, "delta": 11.488224}}
{"target": 272.7444043131332, "params": {"x0": 0.8, "x1": 0.9, "x2": 0.20548337091056765, "x3": 2.6147604650842444, "x4": 4.229514587746833, "x5": 5.050852591171731, "x6": 1.1622192368768387, "x7": -3.52245363179008, "x8": 0.17639488138585377, "x9": 2.8}, "datetime": {"datetime": "2025-05-09 21:13:42", "elapsed": 4060.244758, "delta": 11.019214}}
