{"target": 272.7444043131332, "params": {"x0": 0.8, "x1": 0.9, "x2": 0.20548337091056768, "x3": 2.614760465084244, "x4": 4.229514587746833, "x5": 5.05085259117173, "x6": 1.1622192368768391, "x7": -3.52245363179008, "x8": 0.17639488138585377, "x9": 2.8}, "datetime": {"datetime": "2025-05-09 22:18:49", "elapsed": 7967.622122, "delta": 14.31684}}
{"target": 272.7444043131332, "params": {"x0": 0.8, "x1": 0.9, "x2": 0.20548337091056768, "x3": 2.614760465084244, "x4": 4.229514587746833, "x5": 5.05085259117173, "x6": 1.1622192368768391, "x7": -3.52245363179008, "x8": 0.17639488138585377, "x9": 2.8}, "datetime": {"datetime": "2025-05-09 22:19:03", "elapsed": 7981.310854, "delta": 13.688732}}
{"target": 272.7444043131332, "params": {"x0": 0.8, "x1": 0.9, "x2": 0.20548337091056768, "x3": 2.614760465084244, "x4": 4.229514587746833, "x5": 5.05085259117173, "x6": 1.1622192368768391, "x7": -3.52245363179008, "x8": 0.17639488138585377, "x9": 2.8}, "datetime": {"datetime": "2025-05-09 22:19:16", "elapsed": 7994.696703, "delta": 13.385849}}
{"target": 272.7444043131332, "params": {"x0": 0.8, "x1": 0.9, "x2": 0.20548337091056768, "x3": 2.614760465084244, "x4": 4.229514587746833, "x5": 5.05085259117173, "x6": 1.1622192368768391, "x7": -3.52245363179008, "x8": 0.17639488138585377, "x9": 2.8}, "datetime": {"datetime": "2025-05-09 22:19:30", "elapsed": 8008.171915, "delta": 13.475212}}
{"target": 272.7444043131332, "params": {"x0": 0.8, "x1": 0.9, "x2": 0.20548337091056768, "x3": 2.614760465084244, "x4": 4.229514587746833, "x5": 5.05085259117173, "x6": 1.1622192368768391, "x7": -3.52245363179008, "x8": 0.17639488138585377, "x9": 2.8}, "datetime": {"datetime": "2025-05-09 22:19:44", "elapsed": 8022.423715, "delta": 14.2518}}
{"target": 272.7444043131332, "params": {"x0": 0.8, "x1": 0.9, "x2": 0.20548337091056768, "x3": 2.614760465084244, "x4": 4.229514587746833, "x5": 5.05085259117173, "x6": 1.1622192368768391, "x7": -3.52245363179008, "x8": 0.17639488138585377, "x9": 2.8}, "datetime": {"datetime": "2025-05-09 22:20:00", "elapsed": 8038.726282, "delta": 16.302567}}
{"target": 272.7444043131332, "params": {"x0": 0.8, "x1": 0.9, "x2": 0.20548337091056768, "x3": 2.614760465084244, "x4": 4.229514587746833, "x5": 5.05085259117173, "x6": 1.1622192368768391, "x7": -3.52245363179008, "x8": 0.17639488138585377, "x9": 2.8}, "datetime": {"datetime": "2025-05-09 22:20:14", "elapsed": 8052.195571, "delta": 13.469289}}
{"target": 272.7444043131332, "params": {"x0": 0.8, "x1": 0.9, "x2": 0.20548337091056768, "x3": 2.614760465084244, "x4": 4.229514587746833, "x5": 5.05085259117173, "x6": 1.1622192368768391, "x7": -3.52245363179008, "x8": 0.17639488138585377, "x9": 2.8}, "datetime": {"datetime": "2025-05-09 22:20:27", "elapsed": 8065.511003, "delta": 13.315432}}
{"target": 272.7444043131332, "params": {"x0": 0.8, "x1": 0.9, "x2": 0.20548337091056768, "x3": 2.614760465084244, "x4": 4.229514587746833, "x5": 5.05085259117173, "x6": 1.1622192368768391, "x7": -3.52245363179008, "x8": 0.17639488138585377, "x9": 2.8}, "datetime": {"datetime": "2025-05-09 22:20:41", "elapsed": 8079.032008, "delta": 13.521005}}
{"target": 272.7444043131332, "params": {"x0": 0.8, "x1": 0.9, "x2": 0.20548337091056768, "x3": 2.614760465084244, "x4": 4.229514587746833, "x5": 5.05085259117173, "x6": 1.1622192368768391, "x7": -3.52245363179008, "x8": 0.17639488138585377, "x9": 2.8}, "datetime": {"datetime": "2025-05-09 22:20:55", "elapsed": 8092.961231, "delta": 13.929223}}
{"target": 272.7444043131332, "params": {"x0": 0.8, "x1": 0.9, "x2": 0.20548337091056768, "x3": 2.614760465084244, "x4": 4.229514587746833, "x5": 5.05085259117173, "x6": 1.1622192368768391, "x7": -3.52245363179008, "x8": 0.17639488138585377, "x9": 2.8}, "datetime": {"datetime": "2025-05-09 22:21:08", "elapsed": 8106.301876, "delta": 13.340645}}
{"target": 272.7444043131332, "params": {"x0": 0.8, "x1": 0.9, "x2": 0.20548337091056768, "x3": 2.614760465084244, "x4": 4.229514587746833, "x5": 5.05085259117173, "x6": 1.1622192368768391, "x7": -3.52245363179008, "x8": 0.17639488138585377, "x9": 2.8}, "datetime": {"datetime": "2025-05-09 22:21:21", "elapsed": 8119.13692, "delta": 12.835044}}
{"target": 272.7444043131332, "params": {"x0": 0.8, "x1": 0.9, "x2": 0.20548337091056768, "x3": 2.614760465084244, "x4": 4.229514587746833, "x5": 5.05085259117173, "x6": 1.1622192368768391, "x7": -3.52245363179008, "x8": 0.17639488138585377, "x9": 2.8}, "datetime": {"datetime": "2025-05-09 22:21:34", "elapsed": 8132.094149, "delta": 12.957229}}
{"target": 272.7444043131332, "params": {"x0": 0.8, "x1": 0.9, "x2": 0.20548337091056768, "x3": 2.614760465084244, "x4": 4.229514587746833, "x5": 5.05085259117173, "x6": 1.1622192368768391, "x7": -3.52245363179008, "x8": 0.17639488138585377, "x9": 2.8}, "datetime": {"datetime": "2025-05-09 22:21:48", "elapsed": 8145.940421, "delta": 13.846272}}
{"target": 272.7444043131332, "params": {"x0": 0.8, "x1": 0.9, "x2": 0.20548337091056768, "x3": 2.614760465084244, "x4": 4.229514587746833, "x5": 5.05085259117173, "x6": 1.1622192368768391, "x7": -3.52245363179008, "x8": 0.17639488138585377, "x9": 2.8}, "datetime": {"datetime": "2025-05-09 22:22:03", "elapsed": 8160.979396, "delta": 15.038975}}
{"target": 272.7444043131332, "params": {"x0": 0.8, "x1": 0.9, "x2": 0.20548337091056768, "x3": 2.614760465084244, "x4": 4.229514587746833, "x5": 5.05085259117173, "x6": 1.1622192368768391, "x7": -3.52245363179008, "x8": 0.17639488138585377, "x9": 2.8}, "datetime": {"datetime": "2025-05-09 22:22:17", "elapsed": 8174.839993, "delta": 13.860597}}
{"target": 272.7444043131332, "params": {"x0": 0.8, "x1": 0.9, "x2": 0.20548337091056768, "x3": 2.614760465084244, "x4": 4.229514587746833, "x5": 5.05085259117173, "x6": 1.1622192368768391, "x7": -3.52245363179008, "x8": 0.17639488138585377, "x9": 2.8}, "datetime": {"datetime": "2025-05-09 22:22:31", "elapsed": 8189.080298, "delta": 14.240305}}
{"target": 272.7444043131332, "params": {"x0": 0.8, "x1": 0.9, "x2": 0.20548337091056768, "x3": 2.614760465084244, "x4": 4.229514587746833, "x5": 5.05085259117173, "x6": 1.1622192368768391, "x7": -3.52245363179008, "x8": 0.17639488138585377, "x9": 2.8}, "datetime": {"datetime": "2025-05-09 22:22:46", "elapsed": 8204.704464, "delta": 15.624166}}
{"target": 272.7444043131332, "params": {"x0": 0.8, "x1": 0.9, "x2": 0.20548337091056768, "x3": 2.614760465084244, "x4": 4.229514587746833, "x5": 5.05085259117173, "x6": 1.1622192368768391, "x7": -3.52245363179008, "x8": 0.17639488138585377, "x9": 2.8}, "datetime": {"datetime": "2025-05-09 22:22:59", "elapsed": 8217.71377, "delta": 13.009306}}
{"target": 272.7444043131332, "params": {"x0": 0.8, "x1": 0.9, "x2": 0.20548337091056768, "x3": 2.614760465084244, "x4": 4.229514587746833, "x5": 5.05085259117173, "x6": 1.1622192368768391, "x7": -3.52245363179008, "x8": 0.17639488138585377, "x9": 2.8}, "datetime": {"datetime": "2025-05-09 22:23:16", "elapsed": 8233.764159, "delta": 16.050389}}
{"target": 272.7444043131332, "params": {"x0": 0.8, "x1": 0.9, "x2": 0.20548337091056768, "x3": 2.614760465084244, "x4": 4.229514587746833, "x5": 5.05085259117173, "x6": 1.1622192368768391, "x7": -3.52245363179008, "x8": 0.17639488138585377, "x9": 2.8}, "datetime": {"datetime": "2025-05-09 22:23:28", "elapsed": 8246.459385, "delta": 12.695226}}
{"target": 272.7444043131332, "params": {"x0": 0.8, "x1": 0.9, "x2": 0.20548337091056768, "x3": 2.614760465084244, "x4": 4.229514587746833, "x5": 5.05085259117173, "x6": 1.1622192368768391, "x7": -3.52245363179008, "x8": 0.17639488138585377, "x9": 2.8}, "datetime": {"datetime": "2025-05-09 22:23:45", "elapsed": 8263.218904, "delta": 16.759519}}
{"target": 272.7444043131332, "params": {"x0": 0.8, "x1": 0.9, "x2": 0.20548337091056768, "x3": 2.614760465084244, "x4": 4.229514587746833, "x5": 5.05085259117173, "x6": 1.1622192368768391, "x7": -3.52245363179008, "x8": 0.17639488138585377, "x9": 2.8}, "datetime": {"datetime": "2025-05-09 22:24:01", "elapsed": 8279.174263, "delta": 15.955359}}
{"target": 272.7444043131332, "params": {"x0": 0.8, "x1": 0.9, "x2": 0.20548337091056768, "x3": 2.614760465084244, "x4": 4.229514587746833, "x5": 5.05085259117173, "x6": 1.1622192368768391, "x7": -3.52245363179008, "x8": 0.17639488138585377, "x9": 2.8}, "datetime": {"datetime": "2025-05-09 22:24:16", "elapsed": 8293.942667, "delta": 14.768404}}
{"target": 272.7444043131332, "params": {"x0": 0.8, "x1": 0.9, "x2": 0.20548337091056768, "x3": 2.614760465084244, "x4": 4.229514587746833, "x5": 5.05085259117173, "x6": 1.1622192368768391, "x7": -3.52245363179008, "x8": 0.17639488138585377, "x9": 2.8}, "datetime": {"datetime": "2025-05-09 22:24:32", "elapsed": 8309.912456, "delta": 15.969789}}
{"target": 272.7444043131332, "params": {"x0": 0.8, "x1": 0.9, "x2": 0.20548337091056768, "x3": 2.614760465084244, "x4": 4.229514587746833, "x5": 5.05085259117173, "x6": 1.1622192368768391, "x7": -3.52245363179008, "x8": 0.17639488138585377, "x9": 2.8}, "datetime": {"datetime": "2025-05-09 22:24:46", "elapsed": 8324.338275, "delta": 14.425819}}
{"target": 272.7444043131332, "params": {"x0": 0.8, "x1": 0.9, "x2": 0.20548337091056768, "x3": 2.614760465084244, "x4": 4.229514587746833, "x5": 5.05085259117173, "x6": 1.1622192368768391, "x7": -3.52245363179008, "x8": 0.17639488138585377, "x9": 2.8}, "datetime": {"datetime": "2025-05-09 22:25:02", "elapsed": 8340.733304, "delta": 16.395029}}
{"target": 272.7444043131332, "params": {"x0": 0.8, "x1": 0.9, "x2": 0.20548337091056768, "x3": 2.614760465084244, "x4": 4.229514587746833, "x5": 5.05085259117173, "x6": 1.1622192368768391, "x7": -3.52245363179008, "x8": 0.17639488138585377, "x9": 2.8}, "datetime": {"datetime": "2025-05-09 22:25:16", "elapsed": 8354.465953, "delta": 13.732649}}
{"target": 272.7444043131332, "params": {"x0": 0.8, "x1": 0.9, "x2": 0.20548337091056768, "x3": 2.614760465084244, "x4": 4.229514587746833, "x5": 5.05085259117173, "x6": 1.1622192368768391, "x7": -3.52245363179008, "x8": 0.17639488138585377, "x9": 2.8}, "datetime": {"datetime": "2025-05-09 22:25:31", "elapsed": 8369.002614, "delta": 14.536661}}
{"target": 272.7444043131332, "params": {"x0": 0.8, "x1": 0.9, "x2": 0.20548337091056768, "x3": 2.614760465084244, "x4": 4.229514587746833, "x5": 5.05085259117173, "x6": 1.1622192368768391, "x7": -3.52245363179008, "x8": 0.17639488138585377, "x9": 2.8}, "datetime": {"datetime": "2025-05-09 22:25:46", "elapsed": 8384.214681, "delta": 15.212067}}
{"target": 272.7444043131332, "params": {"x0": 0.8, "x1": 0.9, "x2": 0.20548337091056768, "x3": 2.614760465084244, "x4": 4.229514587746833, "x5": 5.05085259117173, "x6": 1.1622192368768391, "x7": -3.52245363179008, "x8": 0.17639488138585377, "x9": 2.8}, "datetime": {"datetime": "2025-05-09 22:26:00", "elapsed": 8398.014337, "delta": 13.799656}}
{"target": 272.7444043131332, "params": {"x0": 0.8, "x1": 0.9, "x2": 0.20548337091056768, "x3": 2.614760465084244, "x4": 4.229514587746833, "x5": 5.05085259117173, "x6": 1.1622192368768391, "x7": -3.52245363179008, "x8": 0.17639488138585377, "x9": 2.8}, "datetime": {"datetime": "2025-05-09 22:26:15", "elapsed": 8413.313092, "delta": 15.298755}}
{"target": 272.7444043131332, "params": {"x0": 0.8, "x1": 0.9, "x2": 0.20548337091056768, "x3": 2.614760465084244, "x4": 4.229514587746833, "x5": 5.05085259117173, "x6": 1.1622192368768391, "x7": -3.52245363179008, "x8": 0.17639488138585377, "x9": 2.8}, "datetime": {"datetime": "2025-05-09 22:26:29", "elapsed": 8426.911237, "delta": 13.598145}}
{"target": 272.7444043131332, "params": {"x0": 0.8, "x1": 0.9, "x2": 0.20548337091056768, "x3": 2.614760465084244, "x4": 4.229514587746833, "x5": 5.05085259117173, "x6": 1.1622192368768391, "x7": -3.52245363179008, "x8": 0.17639488138585377, "x9": 2.8}, "datetime": {"datetime": "2025-05-09 22:26:44", "elapsed": 8442.012761, "delta": 15.101524}}
{"target": 272.7444043131332, "params": {"x0": 0.8, "x1": 0.9, "x2": 0.20548337091056768, "x3": 2.614760465084244, "x4": 4.229514587746833, "x5": 5.05085259117173, "x6": 1.1622192368768391, "x7": -3.52245363179008, "x8": 0.17639488138585377, "x9": 2.8}, "datetime": {"datetime": "2025-05-09 22:26:59", "elapsed": 8457.070934, "delta": 15.058173}}
{"target": 272.7444043131332, "params": {"x0": 0.8, "x1": 0.9, "x2": 0.20548337091056768, "x3": 2.614760465084244, "x4": 4.229514587746833, "x5": 5.05085259117173, "x6": 1.1622192368768391, "x7": -3.52245363179008, "x8": 0.17639488138585377, "x9": 2.8}, "datetime": {"datetime": "2025-05-09 22:27:15", "elapsed": 8472.841453, "delta": 15.770519}}
{"target": 272.7444043131332, "params": {"x0": 0.8, "x1": 0.9, "x2": 0.20548337091056768, "x3": 2.614760465084244, "x4": 4.229514587746833, "x5": 5.05085259117173, "x6": 1.1622192368768391, "x7": -3.52245363179008, "x8": 0.17639488138585377, "x9": 2.8}, "datetime": {"datetime": "2025-05-09 22:27:32", "elapsed": 8490.456181, "delta": 17.614728}}
{"target": 272.7444043131332, "params": {"x0": 0.8, "x1": 0.9, "x2": 0.20548337091056768, "x3": 2.614760465084244, "x4": 4.229514587746833, "x5": 5.05085259117173, "x6": 1.1622192368768391, "x7": -3.52245363179008, "x8": 0.17639488138585377, "x9": 2.8}, "datetime": {"datetime": "2025-05-09 22:27:46", "elapsed": 8504.350349, "delta": 13.894168}}
{"target": 272.7444043131332, "params": {"x0": 0.8, "x1": 0.9, "x2": 0.20548337091056768, "x3": 2.614760465084244, "x4": 4.229514587746833, "x5": 5.05085259117173, "x6": 1.1622192368768391, "x7": -3.52245363179008, "x8": 0.17639488138585377, "x9": 2.8}, "datetime": {"datetime": "2025-05-09 22:28:02", "elapsed": 8519.89324, "delta": 15.542891}}
{"target": 272.7444043131332, "params": {"x0": 0.8, "x1": 0.9, "x2": 0.20548337091056768, "x3": 2.614760465084244, "x4": 4.229514587746833, "x5": 5.05085259117173, "x6": 1.1622192368768391, "x7": -3.52245363179008, "x8": 0.17639488138585377, "x9": 2.8}, "datetime": {"datetime": "2025-05-09 22:28:14", "elapsed": 8532.017124, "delta": 12.123884}}
{"target": 272.7444043131332, "params": {"x0": 0.8, "x1": 0.9, "x2": 0.20548337091056768, "x3": 2.614760465084244, "x4": 4.229514587746833, "x5": 5.05085259117173, "x6": 1.1622192368768391, "x7": -3.52245363179008, "x8": 0.17639488138585377, "x9": 2.8}, "datetime": {"datetime": "2025-05-09 22:28:28", "elapsed": 8546.13213, "delta": 14.115006}}
{"target": 272.7444043131332, "params": {"x0": 0.8, "x1": 0.9, "x2": 0.20548337091056768, "x3": 2.614760465084244, "x4": 4.229514587746833, "x5": 5.05085259117173, "x6": 1.1622192368768391, "x7": -3.52245363179008, "x8": 0.17639488138585377, "x9": 2.8}, "datetime": {"datetime": "2025-05-09 22:28:42", "elapsed": 8559.995734, "delta": 13.863604}}
{"target": 272.7444043131332, "params": {"x0": 0.8, "x1": 0.9, "x2": 0.20548337091056768, "x3": 2.614760465084244, "x4": 4.229514587746833, "x5": 5.05085259117173, "x6": 1.1622192368768391, "x7": -3.52245363179008, "x8": 0.17639488138585377, "x9": 2.8}, "datetime": {"datetime": "2025-05-09 22:28:59", "elapsed": 8576.80104, "delta": 16.805306}}
{"target": 272.7444043131332, "params": {"x0": 0.8, "x1": 0.9, "x2": 0.20548337091056768, "x3": 2.614760465084244, "x4": 4.229514587746833, "x5": 5.05085259117173, "x6": 1.1622192368768391, "x7": -3.52245363179008, "x8": 0.17639488138585377, "x9": 2.8}, "datetime": {"datetime": "2025-05-09 22:29:14", "elapsed": 8592.595692, "delta": 15.794652}}
{"target": 272.7444043131332, "params": {"x0": 0.8, "x1": 0.9, "x2": 0.20548337091056768, "x3": 2.614760465084244, "x4": 4.229514587746833, "x5": 5.05085259117173, "x6": 1.1622192368768391, "x7": -3.52245363179008, "x8": 0.17639488138585377, "x9": 2.8}, "datetime": {"datetime": "2025-05-09 22:29:30", "elapsed": 8607.894655, "delta": 15.298963}}
{"target": 272.7444043131332, "params": {"x0": 0.8, "x1": 0.9, "x2": 0.20548337091056768, "x3": 2.614760465084244, "x4": 4.229514587746833, "x5": 5.05085259117173, "x6": 1.1622192368768391, "x7": -3.52245363179008, "x8": 0.17639488138585377, "x9": 2.8}, "datetime": {"datetime": "2025-05-09 22:29:43", "elapsed": 8621.12117, "delta": 13.226515}}
{"target": 272.7444043131332, "params": {"x0": 0.8, "x1": 0.9, "x2": 0.20548337091056768, "x3": 2.614760465084244, "x4": 4.229514587746833, "x5": 5.05085259117173, "x6": 1.1622192368768391, "x7": -3.52245363179008, "x8": 0.17639488138585377, "x9": 2.8}, "datetime": {"datetime": "2025-05-09 22:29:56", "elapsed": 8634.483609, "delta": 13.362439}}
{"target": 272.7444043131332, "params": {"x0": 0.8, "x1": 0.9, "x2": 0.20548337091056768, "x3": 2.614760465084244, "x4": 4.229514587746833, "x5": 5.05085259117173, "x6": 1.1622192368768391, "x7": -3.52245363179008, "x8": 0.17639488138585377, "x9": 2.8}, "datetime": {"datetime": "2025-05-09 22:30:12", "elapsed": 8650.531104, "delta": 16.047495}}
{"target": 272.7444043131332, "params": {"x0": 0.8, "x1": 0.9, "x2": 0.20548337091056768, "x3": 2.614760465084244, "x4": 4.229514587746833, "x5": 5.05085259117173, "x6": 1.1622192368768391, "x7": -3.52245363179008, "x8": 0.17639488138585377, "x9": 2.8}, "datetime": {"datetime": "2025-05-09 22:30:29", "elapsed": 8667.201732, "delta": 16.670628}}
{"target": 272.7444043131332, "params": {"x0": 0.8, "x1": 0.9, "x2": 0.20548337091056768, "x3": 2.614760465084244, "x4": 4.229514587746833, "x5": 5.05085259117173, "x6": 1.1622192368768391, "x7": -3.52245363179008, "x8": 0.17639488138585377, "x9": 2.8}, "datetime": {"datetime": "2025-05-09 22:30:45", "elapsed": 8683.476116, "delta": 16.274384}}
{"target": 272.7444043131332, "params": {"x0": 0.8, "x1": 0.9, "x2": 0.20548337091056768, "x3": 2.614760465084244, "x4": 4.229514587746833, "x5": 5.05085259117173, "x6": 1.1622192368768391, "x7": -3.52245363179008, "x8": 0.17639488138585377, "x9": 2.8}, "datetime": {"datetime": "2025-05-09 22:31:00", "elapsed": 8698.373177, "delta": 14.897061}}
{"target": 272.7444043131332, "params": {"x0": 0.8, "x1": 0.9, "x2": 0.20548337091056768, "x3": 2.614760465084244, "x4": 4.229514587746833, "x5": 5.05085259117173, "x6": 1.1622192368768391, "x7": -3.52245363179008, "x8": 0.17639488138585377, "x9": 2.8}, "datetime": {"datetime": "2025-05-09 22:31:15", "elapsed": 8713.488667, "delta": 15.11549}}
{"target": 272.7444043131332, "params": {"x0": 0.8, "x1": 0.9, "x2": 0.20548337091056768, "x3": 2.614760465084244, "x4": 4.229514587746833, "x5": 5.05085259117173, "x6": 1.1622192368768391, "x7": -3.52245363179008, "x8": 0.17639488138585377, "x9": 2.8}, "datetime": {"datetime": "2025-05-09 22:31:31", "elapsed": 8729.392768, "delta": 15.904101}}
{"target": 272.7444043131332, "params": {"x0": 0.8, "x1": 0.9, "x2": 0.20548337091056768, "x3": 2.614760465084244, "x4": 4.229514587746833, "x5": 5.05085259117173, "x6": 1.1622192368768391, "x7": -3.52245363179008, "x8": 0.17639488138585377, "x9": 2.8}, "datetime": {"datetime": "2025-05-09 22:31:46", "elapsed": 8744.326989, "delta": 14.934221}}
{"target": 272.7444043131332, "params": {"x0": 0.8, "x1": 0.9, "x2": 0.20548337091056768, "x3": 2.614760465084244, "x4": 4.229514587746833, "x5": 5.05085259117173, "x6": 1.1622192368768391, "x7": -3.52245363179008, "x8": 0.17639488138585377, "x9": 2.8}, "datetime": {"datetime": "2025-05-09 22:32:04", "elapsed": 8762.371359, "delta": 18.04437}}
{"target": 272.7444043131332, "params": {"x0": 0.8, "x1": 0.9, "x2": 0.20548337091056768, "x3": 2.614760465084244, "x4": 4.229514587746833, "x5": 5.05085259117173, "x6": 1.1622192368768391, "x7": -3.52245363179008, "x8": 0.17639488138585377, "x9": 2.8}, "datetime": {"datetime": "2025-05-09 22:32:22", "elapsed": 8780.042341, "delta": 17.670982}}
{"target": 272.7444043131332, "params": {"x0": 0.8, "x1": 0.9, "x2": 0.20548337091056768, "x3": 2.614760465084244, "x4": 4.229514587746833, "x5": 5.05085259117173, "x6": 1.1622192368768391, "x7": -3.52245363179008, "x8": 0.17639488138585377, "x9": 2.8}, "datetime": {"datetime": "2025-05-09 22:32:43", "elapsed": 8801.014818, "delta": 20.972477}}
{"target": 272.7444043131332, "params": {"x0": 0.8, "x1": 0.9, "x2": 0.20548337091056768, "x3": 2.614760465084244, "x4": 4.229514587746833, "x5": 5.05085259117173, "x6": 1.1622192368768391, "x7": -3.52245363179008, "x8": 0.17639488138585377, "x9": 2.8}, "datetime": {"datetime": "2025-05-09 22:32:57", "elapsed": 8815.200745, "delta": 14.185927}}
{"target": 272.7444043131332, "params": {"x0": 0.8, "x1": 0.9, "x2": 0.20548337091056768, "x3": 2.614760465084244, "x4": 4.229514587746833, "x5": 5.05085259117173, "x6": 1.1622192368768391, "x7": -3.52245363179008, "x8": 0.17639488138585377, "x9": 2.8}, "datetime": {"datetime": "2025-05-09 22:33:12", "elapsed": 8830.117835, "delta": 14.91709}}
{"target": 272.7444043131332, "params": {"x0": 0.8, "x1": 0.9, "x2": 0.20548337091056768, "x3": 2.614760465084244, "x4": 4.229514587746833, "x5": 5.05085259117173, "x6": 1.1622192368768391, "x7": -3.52245363179008, "x8": 0.17639488138585377, "x9": 2.8}, "datetime": {"datetime": "2025-05-09 22:33:30", "elapsed": 8847.804498, "delta": 17.686663}}
{"target": 272.7444043131332, "params": {"x0": 0.8, "x1": 0.9, "x2": 0.20548337091056768, "x3": 2.614760465084244, "x4": 4.229514587746833, "x5": 5.05085259117173, "x6": 1.1622192368768391, "x7": -3.52245363179008, "x8": 0.17639488138585377, "x9": 2.8}, "datetime": {"datetime": "2025-05-09 22:33:46", "elapsed": 8864.576729, "delta": 16.772231}}
{"target": 272.7444043131332, "params": {"x0": 0.8, "x1": 0.9, "x2": 0.20548337091056768, "x3": 2.614760465084244, "x4": 4.229514587746833, "x5": 5.05085259117173, "x6": 1.1622192368768391, "x7": -3.52245363179008, "x8": 0.17639488138585377, "x9": 2.8}, "datetime": {"datetime": "2025-05-09 22:34:00", "elapsed": 8878.294369, "delta": 13.71764}}
{"target": 272.7444043131332, "params": {"x0": 0.8, "x1": 0.9, "x2": 0.20548337091056768, "x3": 2.614760465084244, "x4": 4.229514587746833, "x5": 5.05085259117173, "x6": 1.1622192368768391, "x7": -3.52245363179008, "x8": 0.17639488138585377, "x9": 2.8}, "datetime": {"datetime": "2025-05-09 22:34:14", "elapsed": 8892.728676, "delta": 14.434307}}
