{"target": 272.7444043131332, "params": {"x0": 0.8, "x1": 0.9, "x2": 0.2054843381304188, "x3": 2.6147657870956933, "x4": 4.229516012836715, "x5": 5.050877306429752, "x6": 1.1622272952375963, "x7": -3.522449821128731, "x8": 0.17639341487273769, "x9": 2.8}, "datetime": {"datetime": "2025-05-09 20:35:04", "elapsed": 1742.537619, "delta": 9.836427}}
{"target": 272.7444043131332, "params": {"x0": 0.8, "x1": 0.9, "x2": 0.2054842414084337, "x3": 2.6147652548945484, "x4": 4.2295158703277265, "x5": 5.05087483490395, "x6": 1.1622264894015206, "x7": -3.522450202194866, "x8": 0.17639356152404928, "x9": 2.8}, "datetime": {"datetime": "2025-05-09 20:35:14", "elapsed": 1752.548188, "delta": 10.010569}}
{"target": 272.7444043131332, "params": {"x0": 0.8, "x1": 0.9, "x2": 0.2054841543586471, "x3": 2.614764775913518, "x4": 4.229515742069638, "x5": 5.050872610530727, "x6": 1.1622257641490523, "x7": -3.5224505451543875, "x8": 0.17639369351022974, "x9": 2.8}, "datetime": {"datetime": "2025-05-09 20:35:24", "elapsed": 1762.217095, "delta": 9.668907}}
{"target": 272.7444043131332, "params": {"x0": 0.8, "x1": 0.9, "x2": 0.20548407601383914, "x3": 2.6147643448305904, "x4": 4.229515626637357, "x5": 5.050870608594828, "x6": 1.1622251114218312, "x7": -3.5224508538179564, "x8": 0.17639381229779214, "x9": 2.8}, "datetime": {"datetime": "2025-05-09 20:35:34", "elapsed": 1772.173923, "delta": 9.956828}}
{"target": 272.7444043131332, "params": {"x0": 0.8, "x1": 0.9, "x2": 0.205484005503512, "x3": 2.6147639568559558, "x4": 4.229515522748304, "x5": 5.0508688068525185, "x6": 1.162224523967332, "x7": -3.5224511316151688, "x8": 0.1763939192065983, "x9": 2.8}, "datetime": {"datetime": "2025-05-09 20:35:44", "elapsed": 1781.890217, "delta": 9.716294}}
{"target": 272.7444043131332, "params": {"x0": 0.8, "x1": 0.9, "x2": 0.20548394204421758, "x3": 2.6147636076787846, "x4": 4.229515429248157, "x5": 5.05086718528444, "x6": 1.1622239952582827, "x7": -3.52245138163266, "x8": 0.17639401542452385, "x9": 2.8}, "datetime": {"datetime": "2025-05-09 20:35:53", "elapsed": 1791.601197, "delta": 9.71098}}
{"target": 272.7444043131332, "params": {"x0": 0.8, "x1": 0.9, "x2": 0.20548388493085257, "x3": 2.6147632934193306, "x4": 4.229515345098025, "x5": 5.050865725873169, "x6": 1.1622235194201382, "x7": -3.522451606648402, "x8": 0.17639410202065683, "x9": 2.8}, "datetime": {"datetime": "2025-05-09 20:36:03", "elapsed": 1801.144542, "delta": 9.543345}}
{"target": 272.7444043131332, "params": {"x0": 0.8, "x1": 0.9, "x2": 0.2054838335288241, "x3": 2.614763010585822, "x4": 4.229515269362906, "x5": 5.050864412403024, "x6": 1.1622230911658085, "x7": -3.5224518091625696, "x8": 0.17639417995717654, "x9": 2.8}, "datetime": {"datetime": "2025-05-09 20:36:13", "elapsed": 1811.019093, "delta": 9.874551}}
{"target": 272.7444043131332, "params": {"x0": 0.8, "x1": 0.9, "x2": 0.20548378726699845, "x3": 2.614762756035664, "x4": 4.229515201201298, "x5": 5.050863230279895, "x6": 1.1622227057369114, "x7": -3.5224519914253207, "x8": 0.17639425010004425, "x9": 2.8}, "datetime": {"datetime": "2025-05-09 20:36:23", "elapsed": 1821.085933, "delta": 10.06684}}
{"target": 272.7444043131332, "params": {"x0": 0.8, "x1": 0.9, "x2": 0.20548374563135538, "x3": 2.614762526940522, "x4": 4.229515139855852, "x5": 5.050862166369079, "x6": 1.1622223588509042, "x7": -3.5224521554617967, "x8": 0.1763943132286252, "x9": 2.8}, "datetime": {"datetime": "2025-05-09 20:36:33", "elapsed": 1830.915532, "delta": 9.829599}}
{"target": 272.7444043131332, "params": {"x0": 0.8, "x1": 0.9, "x2": 0.2054837081592766, "x3": 2.6147623207548945, "x4": 4.229515084644951, "x5": 5.050861208849343, "x6": 1.1622220466534976, "x7": -3.522452303094625, "x8": 0.17639437004434808, "x9": 2.8}, "datetime": {"datetime": "2025-05-09 20:36:43", "elapsed": 1840.843917, "delta": 9.928385}}
{"target": 272.7444043131332, "params": {"x0": 0.8, "x1": 0.9, "x2": 0.2054836744344057, "x3": 2.614762135187829, "x4": 4.2295150349551385, "x5": 5.050860347081582, "x6": 1.1622217656758318, "x7": -3.5224524359641705, "x8": 0.17639442117849863, "x9": 2.8}, "datetime": {"datetime": "2025-05-09 20:36:52", "elapsed": 1850.700843, "delta": 9.856926}}
{"target": 272.7444043131332, "params": {"x0": 0.8, "x1": 0.9, "x2": 0.2054836440820219, "x3": 2.6147619681774708, "x4": 4.229514990234308, "x5": 5.050859571490597, "x6": 1.1622215127959326, "x7": -3.5224525555467614, "x8": 0.17639446719923416, "x9": 2.8}, "datetime": {"datetime": "2025-05-09 20:37:05", "elapsed": 1862.918092, "delta": 12.217249}}
{"target": 272.7444043131332, "params": {"x0": 0.8000000180143056, "x1": 0.9000000360617624, "x2": 0.20548357508745788, "x3": 2.61476136940579, "x4": 4.229514675878881, "x5": 5.050858815385116, "x6": 1.1622206850999381, "x7": -3.5224528820662226, "x8": 0.17639467063456307, "x9": 2.7999999443210406}, "datetime": {"datetime": "2025-05-09 20:37:14", "elapsed": 1872.458075, "delta": 9.539983}}
{"target": 272.7444043131332, "params": {"x0": 0.8000000132941313, "x1": 0.9000000070092173, "x2": 0.20548351022198197, "x3": 2.614760399151205, "x4": 4.22951447769259, "x5": 5.050858041964216, "x6": 1.162221013964909, "x7": -3.522452779596295, "x8": 0.17639463891644558, "x9": 2.7999999986928565}, "datetime": {"datetime": "2025-05-09 20:37:24", "elapsed": 1882.246948, "delta": 9.788873}}
{"target": 272.7444043131332, "params": {"x0": 0.8000000094980533, "x1": 0.9000000195762796, "x2": 0.20548333025451312, "x3": 2.6147613514695798, "x4": 4.22951485987823, "x5": 5.050857445149029, "x6": 1.1622203713473742, "x7": -3.5224536910211492, "x8": 0.1763946177092772, "x9": 2.7999999636814574}, "datetime": {"datetime": "2025-05-09 20:37:34", "elapsed": 1892.166373, "delta": 9.919425}}
{"target": 272.7444043131332, "params": {"x0": 0.8000000021768366, "x1": 0.9000000408598207, "x2": 0.20548337826338628, "x3": 2.614761439416877, "x4": 4.229514816828191, "x5": 5.050856899187205, "x6": 1.1622207283946915, "x7": -3.5224538333541524, "x8": 0.1763947071548906, "x9": 2.799999978774596}, "datetime": {"datetime": "2025-05-09 20:37:44", "elapsed": 1901.931133, "delta": 9.76476}}
{"target": 272.7444043131332, "params": {"x0": 0.8000000112812705, "x1": 0.9000000427096608, "x2": 0.20548335932906017, "x3": 2.6147612504818967, "x4": 4.229514607762021, "x5": 5.050856701223985, "x6": 1.1622205134877446, "x7": -3.5224535289550802, "x8": 0.17639472428937092, "x9": 2.799999995358926}, "datetime": {"datetime": "2025-05-09 20:37:53", "elapsed": 1911.562889, "delta": 9.631756}}
{"target": 272.7444043131332, "params": {"x0": 0.8000000145471914, "x1": 0.900000006218879, "x2": 0.205483442164514, "x3": 2.6147610893149493, "x4": 4.229514645408721, "x5": 5.050856270167758, "x6": 1.1622202919215607, "x7": -3.522453782723122, "x8": 0.17639467831923275, "x9": 2.7999999895738625}, "datetime": {"datetime": "2025-05-09 20:38:03", "elapsed": 1921.281955, "delta": 9.719066}}
{"target": 272.7444043131332, "params": {"x0": 0.800000009007651, "x1": 0.9000000259355787, "x2": 0.20548329626239784, "x3": 2.6147609995882366, "x4": 4.229514728061705, "x5": 5.050855716915169, "x6": 1.1622200368648918, "x7": -3.5224533172266757, "x8": 0.17639474053356013, "x9": 2.7999999859938924}, "datetime": {"datetime": "2025-05-09 20:38:13", "elapsed": 1930.748522, "delta": 9.466567}}
{"target": 272.7444043131332, "params": {"x0": 0.8000000058580891, "x1": 0.9000000170116303, "x2": 0.20548340955079744, "x3": 2.614760804698154, "x4": 4.229514744011808, "x5": 5.050855589306222, "x6": 1.162219916143383, "x7": -3.522453280995734, "x8": 0.176394740286455, "x9": 2.7999999966111164}, "datetime": {"datetime": "2025-05-09 20:38:22", "elapsed": 1940.120499, "delta": 9.371977}}
{"target": 272.7444043131332, "params": {"x0": 0.80000000716629, "x1": 0.900000022749969, "x2": 0.20548333714843287, "x3": 2.614760617347192, "x4": 4.229514592895192, "x5": 5.050855164871598, "x6": 1.1622199759416094, "x7": -3.5224533834009226, "x8": 0.17639473733575178, "x9": 2.799999999934101}, "datetime": {"datetime": "2025-05-09 20:38:32", "elapsed": 1950.028867, "delta": 9.908368}}
{"target": 272.7444043131332, "params": {"x0": 0.8000000060752352, "x1": 0.9000000025634003, "x2": 0.20548335496804285, "x3": 2.614760740079789, "x4": 4.229514666449671, "x5": 5.0508548578580195, "x6": 1.162219828482127, "x7": -3.5224533839496717, "x8": 0.17639473925096702, "x9": 2.799999988940838}, "datetime": {"datetime": "2025-05-09 20:38:42", "elapsed": 1960.22623, "delta": 10.197363}}
{"target": 272.7444043131332, "params": {"x0": 0.8000000088499777, "x1": 0.9000000189545032, "x2": 0.20548329578995914, "x3": 2.614760922281148, "x4": 4.229514711904341, "x5": 5.0508544171226175, "x6": 1.1622198280882328, "x7": -3.5224536572399407, "x8": 0.17639475608257707, "x9": 2.7999999935122144}, "datetime": {"datetime": "2025-05-09 20:38:52", "elapsed": 1970.034591, "delta": 9.808361}}
{"target": 272.7444043131332, "params": {"x0": 0.8000000012172738, "x1": 0.9000000193572962, "x2": 0.20548341590650762, "x3": 2.6147607797805517, "x4": 4.229514640588968, "x5": 5.050854514502285, "x6": 1.1622198202683958, "x7": -3.5224535175665843, "x8": 0.1763948217083749, "x9": 2.7999999937366837}, "datetime": {"datetime": "2025-05-09 20:39:02", "elapsed": 1979.916765, "delta": 9.882174}}
{"target": 272.7444043131332, "params": {"x0": 0.8000000008754585, "x1": 0.9000000045298566, "x2": 0.2054833111606242, "x3": 2.6147607158669617, "x4": 4.229514656302071, "x5": 5.050854194753844, "x6": 1.162219794354513, "x7": -3.522453600828318, "x8": 0.17639477732748288, "x9": 2.799999991900366}, "datetime": {"datetime": "2025-05-09 20:39:11", "elapsed": 1989.671498, "delta": 9.754733}}
{"target": 272.7444043131332, "params": {"x0": 0.8000000053986518, "x1": 0.9000000107302469, "x2": 0.20548336951182733, "x3": 2.6147607794010423, "x4": 4.229514628553541, "x5": 5.050853877529854, "x6": 1.1622197532489658, "x7": -3.5224535415430593, "x8": 0.17639480872574834, "x9": 2.799999994790677}, "datetime": {"datetime": "2025-05-09 20:39:21", "elapsed": 1999.707954, "delta": 10.036456}}
{"target": 272.7444043131332, "params": {"x0": 0.8000000061368934, "x1": 0.9000000283930681, "x2": 0.2054834038824497, "x3": 2.614760730451325, "x4": 4.229514669354062, "x5": 5.050854027835435, "x6": 1.1622196392242319, "x7": -3.5224535884113237, "x8": 0.17639481318419264, "x9": 2.7999999861444933}, "datetime": {"datetime": "2025-05-09 20:39:31", "elapsed": 2009.399939, "delta": 9.691985}}
{"target": 272.7444043131332, "params": {"x0": 0.8000000061400794, "x1": 0.9000000023239411, "x2": 0.205483390466376, "x3": 2.6147607032237388, "x4": 4.2295146129707115, "x5": 5.050853748030606, "x6": 1.1622196311722401, "x7": -3.52245357901037, "x8": 0.17639481363745554, "x9": 2.799999995537953}, "datetime": {"datetime": "2025-05-09 20:39:41", "elapsed": 2019.177633, "delta": 9.777694}}
{"target": 272.7444043131332, "params": {"x0": 0.8000000028344642, "x1": 0.9000000017532812, "x2": 0.20548335872690954, "x3": 2.6147606039285165, "x4": 4.229514585049114, "x5": 5.050853720646917, "x6": 1.1622195136888835, "x7": -3.5224534981286895, "x8": 0.17639482165388587, "x9": 2.799999994213256}, "datetime": {"datetime": "2025-05-09 20:39:50", "elapsed": 2028.494484, "delta": 9.316851}}
{"target": 272.7444043131332, "params": {"x0": 0.8000000012811047, "x1": 0.9000000069686303, "x2": 0.20548340983611033, "x3": 2.614760590124955, "x4": 4.229514624859925, "x5": 5.050853602856929, "x6": 1.162219517923641, "x7": -3.522453521527856, "x8": 0.17639484894971258, "x9": 2.7999999899070893}, "datetime": {"datetime": "2025-05-09 20:40:00", "elapsed": 2038.537756, "delta": 10.043272}}
{"target": 272.7444043131332, "params": {"x0": 0.8000000003034059, "x1": 0.9000000059377722, "x2": 0.20548334495124074, "x3": 2.6147606483726338, "x4": 4.2295146381644235, "x5": 5.050853385925232, "x6": 1.1622195246596567, "x7": -3.522453564217906, "x8": 0.1763948394120895, "x9": 2.799999990878485}, "datetime": {"datetime": "2025-05-09 20:40:11", "elapsed": 2048.838768, "delta": 10.301012}}
{"target": 272.7444043131332, "params": {"x0": 0.8000000030381955, "x1": 0.9000000046513411, "x2": 0.20548335214909258, "x3": 2.6147605149364934, "x4": 4.229514628595114, "x5": 5.050853436446506, "x6": 1.1622195019562278, "x7": -3.522453599347918, "x8": 0.17639485102268276, "x9": 2.799999999469752}, "datetime": {"datetime": "2025-05-09 20:40:21", "elapsed": 2058.875579, "delta": 10.036811}}
{"target": 272.7444043131332, "params": {"x0": 0.8000000011772781, "x1": 0.9000000012258667, "x2": 0.20548336459489258, "x3": 2.6147606294470482, "x4": 4.2295146308926945, "x5": 5.050853267954517, "x6": 1.1622194385936944, "x7": -3.522453645262406, "x8": 0.1763948714642242, "x9": 2.7999999975099032}, "datetime": {"datetime": "2025-05-09 20:40:30", "elapsed": 2068.636833, "delta": 9.761254}}
{"target": 272.7444043131332, "params": {"x0": 0.800000001684813, "x1": 0.9000000002531336, "x2": 0.20548337369237893, "x3": 2.614760589542661, "x4": 4.229514557804902, "x5": 5.050853273161356, "x6": 1.162219391416936, "x7": -3.5224535719471923, "x8": 0.17639484418498466, "x9": 2.799999998156853}, "datetime": {"datetime": "2025-05-09 20:40:40", "elapsed": 2078.675369, "delta": 10.038536}}
{"target": 272.7444043131332, "params": {"x0": 0.8000000001550301, "x1": 0.900000000161675, "x2": 0.20548337535269473, "x3": 2.614760589653848, "x4": 4.229514563782197, "x5": 5.0508531511178205, "x6": 1.1622194325732333, "x7": -3.5224535947262328, "x8": 0.17639487636340917, "x9": 2.7999999985354105}, "datetime": {"datetime": "2025-05-09 20:40:50", "elapsed": 2088.040485, "delta": 9.365116}}
{"target": 272.7444043131332, "params": {"x0": 0.8000000008894159, "x1": 0.9000000029348444, "x2": 0.205483386358438, "x3": 2.614760573519805, "x4": 4.229514606601192, "x5": 5.050853131399977, "x6": 1.1622193724014185, "x7": -3.5224536652595746, "x8": 0.176394849215766, "x9": 2.7999999981886705}, "datetime": {"datetime": "2025-05-09 20:41:00", "elapsed": 2098.084986, "delta": 10.044501}}
{"target": 272.7444043131332, "params": {"x0": 0.8000000006352646, "x1": 0.9000000070117441, "x2": 0.2054833773864193, "x3": 2.614760570613354, "x4": 4.22951459858355, "x5": 5.05085306385282, "x6": 1.1622193873879427, "x7": -3.5224535851747967, "x8": 0.17639485366865862, "x9": 2.7999999963572657}, "datetime": {"datetime": "2025-05-09 20:41:10", "elapsed": 2107.885996, "delta": 9.80101}}
{"target": 272.7444043131332, "params": {"x0": 0.8000000012724182, "x1": 0.900000005451592, "x2": 0.20548336607144477, "x3": 2.614760550436225, "x4": 4.229514582328303, "x5": 5.050853037604133, "x6": 1.1622193830074112, "x7": -3.5224535715448395, "x8": 0.1763948651504403, "x9": 2.7999999967115468}, "datetime": {"datetime": "2025-05-09 20:41:20", "elapsed": 2117.949535, "delta": 10.063539}}
{"target": 272.7444043131332, "params": {"x0": 0.8000000013440359, "x1": 0.900000000874747, "x2": 0.2054833572254813, "x3": 2.6147605369689244, "x4": 4.229514595700062, "x5": 5.050852956110124, "x6": 1.1622193256152362, "x7": -3.5224535712372735, "x8": 0.17639486445408153, "x9": 2.7999999976767787}, "datetime": {"datetime": "2025-05-09 20:41:29", "elapsed": 2127.726075, "delta": 9.77654}}
{"target": 272.7444043131332, "params": {"x0": 0.8000000012879942, "x1": 0.9000000008137744, "x2": 0.20548336165416684, "x3": 2.614760526386714, "x4": 4.229514573020511, "x5": 5.0508529294359, "x6": 1.16221934302653, "x7": -3.5224535757081408, "x8": 0.1763948650832348, "x9": 2.7999999987755873}, "datetime": {"datetime": "2025-05-09 20:41:39", "elapsed": 2137.70912, "delta": 9.983045}}
{"target": 272.7444043131332, "params": {"x0": 0.8000000006019324, "x1": 0.9000000001053982, "x2": 0.20548336840167217, "x3": 2.6147605350653516, "x4": 4.229514606319425, "x5": 5.050852913856856, "x6": 1.1622192751721447, "x7": -3.5224535868533686, "x8": 0.17639486834311627, "x9": 2.799999998518792}, "datetime": {"datetime": "2025-05-09 20:41:49", "elapsed": 2147.425699, "delta": 9.716579}}
{"target": 272.7444043131332, "params": {"x0": 0.8000000012249636, "x1": 0.9000000011558057, "x2": 0.20548337651716575, "x3": 2.6147605179228837, "x4": 4.2295145776471665, "x5": 5.050852853424109, "x6": 1.1622193316200085, "x7": -3.5224536489973786, "x8": 0.17639486405663757, "x9": 2.799999998333164}, "datetime": {"datetime": "2025-05-09 20:41:59", "elapsed": 2157.362931, "delta": 9.937232}}
{"target": 272.7444043131332, "params": {"x0": 0.8000000004056016, "x1": 0.9000000035572296, "x2": 0.2054833673380733, "x3": 2.6147605156411635, "x4": 4.229514590200968, "x5": 5.050852855314314, "x6": 1.1622193004440797, "x7": -3.522453602899702, "x8": 0.17639487070011328, "x9": 2.7999999998352254}, "datetime": {"datetime": "2025-05-09 20:42:09", "elapsed": 2167.239363, "delta": 9.876432}}
{"target": 272.7444043131332, "params": {"x0": 0.8000000008116827, "x1": 0.90000000001424, "x2": 0.2054833732000835, "x3": 2.6147604934982622, "x4": 4.229514599996223, "x5": 5.050852818979492, "x6": 1.1622193084578203, "x7": -3.5224536206505266, "x8": 0.17639486837225443, "x9": 2.7999999986606445}, "datetime": {"datetime": "2025-05-09 20:42:19", "elapsed": 2177.159978, "delta": 9.920615}}
{"target": 272.7444043131332, "params": {"x0": 0.8000000000844069, "x1": 0.9000000002838521, "x2": 0.2054833652519628, "x3": 2.6147605040492605, "x4": 4.229514575409462, "x5": 5.050852801241724, "x6": 1.1622193039424118, "x7": -3.5224536254674343, "x8": 0.17639487637471585, "x9": 2.7999999988033673}, "datetime": {"datetime": "2025-05-09 20:42:29", "elapsed": 2186.824918, "delta": 9.66494}}
{"target": 272.7444043131332, "params": {"x0": 0.8000000000133595, "x1": 0.9000000021981663, "x2": 0.2054833639840072, "x3": 2.6147605024514644, "x4": 4.22951459636973, "x5": 5.050852775091644, "x6": 1.1622192989773068, "x7": -3.5224536060724523, "x8": 0.1763948850127697, "x9": 2.7999999997865954}, "datetime": {"datetime": "2025-05-09 20:42:39", "elapsed": 2197.003785, "delta": 10.178867}}
{"target": 272.7444043131332, "params": {"x0": 0.8000000001853315, "x1": 0.9000000005166555, "x2": 0.20548337108127135, "x3": 2.6147604852221265, "x4": 4.229514596751767, "x5": 5.05085275965292, "x6": 1.1622192930660187, "x7": -3.522453610735251, "x8": 0.17639487525455058, "x9": 2.79999999856654}, "datetime": {"datetime": "2025-05-09 20:42:49", "elapsed": 2206.835945, "delta": 9.83216}}
{"target": 272.7444043131332, "params": {"x0": 0.8000000005690588, "x1": 0.9000000010574656, "x2": 0.20548336488343596, "x3": 2.6147604982017163, "x4": 4.229514591720706, "x5": 5.050852732445791, "x6": 1.1622192776392324, "x7": -3.52245361347553, "x8": 0.17639487369179097, "x9": 2.799999998578209}, "datetime": {"datetime": "2025-05-09 20:42:59", "elapsed": 2216.865744, "delta": 10.029799}}
{"target": 272.7444043131332, "params": {"x0": 0.8000000000348317, "x1": 0.9000000007822201, "x2": 0.2054833753858106, "x3": 2.6147604875855293, "x4": 4.22951458920074, "x5": 5.050852719017103, "x6": 1.1622192784894718, "x7": -3.522453611397623, "x8": 0.17639487871777304, "x9": 2.7999999992293345}, "datetime": {"datetime": "2025-05-09 20:43:09", "elapsed": 2226.773048, "delta": 9.907304}}
{"target": 272.7444043131332, "params": {"x0": 0.8000000003729624, "x1": 0.9000000011131736, "x2": 0.20548337319756557, "x3": 2.614760476518494, "x4": 4.229514591415352, "x5": 5.0508527178110345, "x6": 1.162219272112393, "x7": -3.522453616833436, "x8": 0.17639487667658973, "x9": 2.799999999093665}, "datetime": {"datetime": "2025-05-09 20:43:19", "elapsed": 2236.978247, "delta": 10.205199}}
{"target": 272.7444043131332, "params": {"x0": 0.8000000003217651, "x1": 0.9000000004029749, "x2": 0.20548336886334048, "x3": 2.6147604734489116, "x4": 4.229514593124016, "x5": 5.050852703502083, "x6": 1.1622192719028055, "x7": -3.5224536145735343, "x8": 0.17639487952490382, "x9": 2.799999999271427}, "datetime": {"datetime": "2025-05-09 20:43:29", "elapsed": 2246.735354, "delta": 9.757107}}
{"target": 272.7444043131332, "params": {"x0": 0.8000000003912361, "x1": 0.9000000001699057, "x2": 0.20548336735606343, "x3": 2.614760484356956, "x4": 4.229514592969577, "x5": 5.05085269332319, "x6": 1.162219257989966, "x7": -3.522453623246544, "x8": 0.17639488024561126, "x9": 2.7999999993086635}, "datetime": {"datetime": "2025-05-09 20:43:39", "elapsed": 2256.852105, "delta": 10.116751}}
{"target": 272.7444043131332, "params": {"x0": 0.8000000002126515, "x1": 0.9000000012701941, "x2": 0.20548337031971356, "x3": 2.6147604763761865, "x4": 4.2295145922491635, "x5": 5.050852679033125, "x6": 1.1622192652575243, "x7": -3.522453619609106, "x8": 0.1763948774528713, "x9": 2.7999999999819796}, "datetime": {"datetime": "2025-05-09 20:43:49", "elapsed": 2266.939298, "delta": 10.087193}}
{"target": 272.7444043131332, "params": {"x0": 0.8000000001972019, "x1": 0.9000000008963124, "x2": 0.2054833727636225, "x3": 2.614760481166157, "x4": 4.229514588946903, "x5": 5.050852668696514, "x6": 1.1622192618799712, "x7": -3.5224536213172777, "x8": 0.17639487672700155, "x9": 2.799999999857995}, "datetime": {"datetime": "2025-05-09 20:43:58", "elapsed": 2276.723061, "delta": 9.783763}}
{"target": 272.7444043131332, "params": {"x0": 0.8000000002689027, "x1": 0.9000000006249254, "x2": 0.2054833702727719, "x3": 2.6147604785355387, "x4": 4.229514586963481, "x5": 5.050852656695411, "x6": 1.1622192604414998, "x7": -3.5224536328309957, "x8": 0.17639487695644243, "x9": 2.79999999981176}, "datetime": {"datetime": "2025-05-09 20:44:08", "elapsed": 2286.584461, "delta": 9.8614}}
{"target": 272.7444043131332, "params": {"x0": 0.8000000002682398, "x1": 0.9000000000215915, "x2": 0.2054833720123656, "x3": 2.6147604796015385, "x4": 4.2295145911336505, "x5": 5.050852655098404, "x6": 1.1622192416963075, "x7": -3.5224536259606514, "x8": 0.17639487773148416, "x9": 2.7999999993737816}, "datetime": {"datetime": "2025-05-09 20:44:18", "elapsed": 2296.694095, "delta": 10.109634}}
