{"target": 151.88785854279408, "params": {"x0": 0.8193730157871315, "x1": 0.9, "x2": 0.0, "x3": 2.5200315541149636, "x4": 4.279204299989816, "x5": 3.8282144612014277, "x6": 0.0, "x7": -3.829925129544501, "x8": 0.1, "x9": 2.8}, "datetime": {"datetime": "2025-05-09 20:15:02", "elapsed": 539.772183, "delta": 9.543491}}
{"target": 145.86292318573362, "params": {"x0": 0.8723793072711648, "x1": 0.9, "x2": 0.0, "x3": 2.702397264501305, "x4": 4.354191854696726, "x5": 3.6101616577215503, "x6": 0.0, "x7": -4.171875314610841, "x8": 0.1, "x9": 2.8}, "datetime": {"datetime": "2025-05-09 20:15:12", "elapsed": 549.776259, "delta": 10.004076}}
{"target": 162.94955386577334, "params": {"x0": 0.8302381328508917, "x1": 0.9, "x2": 0.0, "x3": 2.480316466300442, "x4": 4.410693085580638, "x5": 4.117164668820503, "x6": 0.0, "x7": -4.210767675739062, "x8": 0.1, "x9": 2.8}, "datetime": {"datetime": "2025-05-09 20:15:21", "elapsed": 559.485844, "delta": 9.709585}}
{"target": 140.27195231855407, "params": {"x0": 0.8, "x1": 0.9, "x2": 0.0, "x3": 2.1239719277188205, "x4": 4.070015904823548, "x5": 3.7867229576211785, "x6": 0.0, "x7": -4.182105007630029, "x8": 0.1, "x9": 2.8}, "datetime": {"datetime": "2025-05-09 20:15:31", "elapsed": 568.890703, "delta": 9.404859}}
{"target": 149.7026168184292, "params": {"x0": 0.8, "x1": 0.9, "x2": 0.0, "x3": 2.712931026531817, "x4": 3.9484633156245135, "x5": 4.070894928655106, "x6": 0.0, "x7": -4.0354790952156225, "x8": 0.1, "x9": 2.8}, "datetime": {"datetime": "2025-05-09 20:15:40", "elapsed": 578.357286, "delta": 9.466583}}
{"target": 143.3834317609829, "params": {"x0": 0.8, "x1": 0.9, "x2": 0.3743292407302906, "x3": 2.537592997612773, "x4": 4.245024347502677, "x5": 3.881867346202309, "x6": 0.0, "x7": -4.138913253620927, "x8": 0.1, "x9": 2.8}, "datetime": {"datetime": "2025-05-09 20:15:50", "elapsed": 588.150097, "delta": 9.792811}}
{"target": 147.3840269916806, "params": {"x0": 0.8, "x1": 0.9, "x2": 0.0, "x3": 2.5294623635609517, "x4": 4.253069765964154, "x5": 3.8808179675084813, "x6": 0.37727577364744436, "x7": -4.126391970959416, "x8": 0.1, "x9": 2.8}, "datetime": {"datetime": "2025-05-09 20:15:59", "elapsed": 597.662452, "delta": 9.512355}}
{"target": 108.93974568375026, "params": {"x0": 0.8, "x1": 1.2904377955023765, "x2": 0.0, "x3": 2.525822529349379, "x4": 4.259099726249165, "x5": 3.8807068447447355, "x6": 0.0, "x7": -4.119177381725078, "x8": 0.1, "x9": 2.8}, "datetime": {"datetime": "2025-05-09 20:16:09", "elapsed": 607.512512, "delta": 9.85006}}
{"target": 84.38039381643704, "params": {"x0": 0.8, "x1": 0.9, "x2": 0.0, "x3": 2.530741734808114, "x4": 4.374326612667465, "x5": 3.907145640651315, "x6": 0.0, "x7": -4.076292541010077, "x8": 0.3307550324998071, "x9": 2.64474491154998}, "datetime": {"datetime": "2025-05-09 20:16:19", "elapsed": 617.410517, "delta": 9.898005}}
{"target": 135.26665271542726, "params": {"x0": 0.8, "x1": 0.9, "x2": 0.0, "x3": 2.5628872587830736, "x4": 3.906166754967845, "x5": 3.5877253819686983, "x6": 0.0, "x7": -4.169468200116103, "x8": 0.1, "x9": 2.8}, "datetime": {"datetime": "2025-05-09 20:16:29", "elapsed": 627.135724, "delta": 9.725207}}
{"target": 137.3736195674366, "params": {"x0": 0.8, "x1": 0.9, "x2": 0.0, "x3": 2.416696007625066, "x4": 4.345455737694241, "x5": 3.841327855546302, "x6": 0.0, "x7": -4.5293477237930055, "x8": 0.1, "x9": 2.8}, "datetime": {"datetime": "2025-05-09 20:16:39", "elapsed": 637.036573, "delta": 9.900849}}
{"target": 144.5538045468842, "params": {"x0": 0.8, "x1": 0.9, "x2": 0.0, "x3": 2.7922205105480247, "x4": 4.252253878211979, "x5": 4.005692864217328, "x6": 0.0, "x7": -4.302312399173736, "x8": 0.1, "x9": 2.8}, "datetime": {"datetime": "2025-05-09 20:16:49", "elapsed": 646.94937, "delta": 9.912797}}
{"target": 157.5085516892122, "params": {"x0": 0.8227133935593455, "x1": 0.9, "x2": 0.0, "x3": 2.3806296407446874, "x4": 3.995990816305731, "x5": 4.069915975316158, "x6": 0.0806040266518173, "x7": -4.213410373257631, "x8": 0.1, "x9": 2.8}, "datetime": {"datetime": "2025-05-09 20:16:58", "elapsed": 656.717439, "delta": 9.768069}}
{"target": 182.002182598375, "params": {"x0": 0.820442054203411, "x1": 0.9, "x2": 0.0, "x3": 2.8994356949062206, "x4": 4.473113676974561, "x5": 4.510542843096161, "x6": 0.12595907384493557, "x7": -3.798613659193611, "x8": 0.1, "x9": 2.8}, "datetime": {"datetime": "2025-05-09 20:17:08", "elapsed": 666.493183, "delta": 9.775744}}
{"target": 171.3646730662514, "params": {"x0": 0.8183978487830699, "x1": 0.9, "x2": 0.3875995534002539, "x3": 2.9753700785783805, "x4": 4.659599979949637, "x5": 4.499920356582667, "x6": 0.0, "x7": -3.8446392043511044, "x8": 0.1, "x9": 2.8}, "datetime": {"datetime": "2025-05-09 20:17:18", "elapsed": 676.235931, "delta": 9.742748}}
{"target": 174.73374831289692, "params": {"x0": 0.8165580639047629, "x1": 0.9, "x2": 0.2629790409033072, "x3": 2.9301582190811146, "x4": 4.347732133083603, "x5": 4.411975890274168, "x6": 0.0, "x7": -3.4079502342495305, "x8": 0.1, "x9": 2.8}, "datetime": {"datetime": "2025-05-09 20:17:28", "elapsed": 685.774619, "delta": 9.538688}}
{"target": 179.67130951752927, "params": {"x0": 0.8149022575142866, "x1": 0.9, "x2": 0.30497275490651576, "x3": 2.8894675455335754, "x4": 4.567113997720891, "x5": 4.400710148418869, "x6": 0.4964456548855515, "x7": -3.5612921493985925, "x8": 0.1, "x9": 2.8}, "datetime": {"datetime": "2025-05-09 20:17:37", "elapsed": 695.37322, "delta": 9.598601}}
{"target": 177.42459497020806, "params": {"x0": 0.8134120317628579, "x1": 0.9, "x2": 0.3288889009706381, "x3": 2.437248659440048, "x4": 4.527685763191794, "x5": 4.495817351688108, "x6": 0.19564839398896636, "x7": -3.531985571818916, "x8": 0.10308094562306482, "x9": 2.8}, "datetime": {"datetime": "2025-05-09 20:17:47", "elapsed": 705.015544, "delta": 9.642324}}
{"target": 176.8063187177354, "params": {"x0": 0.8120708285865722, "x1": 0.9, "x2": 0.30294097588575764, "x3": 2.6761492127298014, "x4": 4.01173309704215, "x5": 4.428304583677601, "x6": 0.45588517627173547, "x7": -3.5939617569609164, "x8": 0.10943847074034135, "x9": 2.8}, "datetime": {"datetime": "2025-05-09 20:17:56", "elapsed": 714.688137, "delta": 9.672593}}
{"target": 153.27099787687473, "params": {"x0": 0.810863745727915, "x1": 1.1476485229329372, "x2": 0.27264687829718187, "x3": 2.7902229927511275, "x4": 4.3536794867165876, "x5": 4.367543092468145, "x6": 0.26475442682553846, "x7": -3.6562016583672974, "x8": 0.11516024334589023, "x9": 2.8}, "datetime": {"datetime": "2025-05-09 20:18:06", "elapsed": 724.351323, "delta": 9.663186}}
{"target": 191.96950227259842, "params": {"x0": 0.8097773711551235, "x1": 0.9, "x2": 0.0, "x3": 2.282977125374859, "x4": 4.273784059357545, "x5": 4.312857750379634, "x6": 0.49062114958748726, "x7": -3.71221756963304, "x8": 0.12030983869088424, "x9": 2.8}, "datetime": {"datetime": "2025-05-09 20:18:16", "elapsed": 733.886483, "delta": 9.53516}}
{"target": 191.19812340211817, "params": {"x0": 0.8180881366369784, "x1": 0.9, "x2": 0.0, "x3": 2.4723602164205567, "x4": 4.319638131949432, "x5": 4.731200617356739, "x6": 0.6677680446145016, "x7": -3.2836958484501073, "x8": 0.1, "x9": 2.8}, "datetime": {"datetime": "2025-05-09 20:18:25", "elapsed": 743.282655, "delta": 9.396172}}
{"target": 185.2907544223184, "params": {"x0": 0.817257060088793, "x1": 0.9, "x2": 0.1987595742786456, "x3": 2.3190667484374554, "x4": 4.478779004909581, "x5": 4.689366330659029, "x6": 0.865946329021915, "x7": -3.8343910622039474, "x8": 0.1, "x9": 2.8}, "datetime": {"datetime": "2025-05-09 20:18:35", "elapsed": 752.738659, "delta": 9.456004}}
{"target": 180.66801537221124, "params": {"x0": 0.8165090911954259, "x1": 0.9, "x2": 0.17888361685078105, "x3": 2.1175482297329093, "x4": 4.089288608360713, "x5": 4.318993819578104, "x6": 0.8284138110784722, "x7": -3.3651149754748646, "x8": 0.1, "x9": 2.8}, "datetime": {"datetime": "2025-05-09 20:18:44", "elapsed": 762.218547, "delta": 9.479888}}
{"target": 181.57039855397323, "params": {"x0": 0.8158359191913958, "x1": 0.9, "x2": 0.0, "x3": 2.1340911192971044, "x4": 4.107738153460396, "x5": 4.617829700405943, "x6": 0.18660775424560072, "x7": -3.3998252348906823, "x8": 0.1, "x9": 2.8}, "datetime": {"datetime": "2025-05-09 20:18:53", "elapsed": 771.69262, "delta": 9.474073}}
{"target": 165.59806827226555, "params": {"x0": 0.8152300643877685, "x1": 1.031610578676003, "x2": 0.0, "x3": 2.14897971990488, "x4": 4.124342744050111, "x5": 4.587332505403313, "x6": 0.7642332053951851, "x7": -3.733555207818266, "x8": 0.1, "x9": 2.8}, "datetime": {"datetime": "2025-05-09 20:19:03", "elapsed": 781.341625, "delta": 9.649005}}
{"target": 173.73449539808828, "params": {"x0": 0.814684795064504, "x1": 0.9, "x2": 0.0, "x3": 2.403574790297841, "x4": 4.408281243134235, "x5": 4.105773364864871, "x6": 0.7368719998144153, "x7": -3.4591797784917304, "x8": 0.1, "x9": 2.8}, "datetime": {"datetime": "2025-05-09 20:19:13", "elapsed": 790.86735, "delta": 9.525725}}
{"target": 183.18387620821198, "params": {"x0": 0.8141940526735659, "x1": 0.9, "x2": 0.11736554101579746, "x3": 2.174439226944176, "x4": 4.394831524756566, "x5": 4.535182301948813, "x6": 0.5969320622326317, "x7": -3.484483557605861, "x8": 0.1, "x9": 2.8}, "datetime": {"datetime": "2025-05-09 20:19:22", "elapsed": 800.471854, "delta": 9.604504}}
{"target": 180.72601362265246, "params": {"x0": 0.8137523845217217, "x1": 0.9, "x2": 0.0, "x3": 2.380661233962474, "x4": 4.164841340498425, "x5": 4.512949846791896, "x6": 0.4649360439063364, "x7": -3.507256958808579, "x8": 0.10146761719418154, "x9": 2.8}, "datetime": {"datetime": "2025-05-09 20:19:32", "elapsed": 810.147525, "delta": 9.675671}}
{"target": 173.4023373597743, "params": {"x0": 0.8133548831850619, "x1": 0.9, "x2": 0.09506608822279596, "x3": 2.1950614276460056, "x4": 4.371832506330752, "x5": 4.49294063715067, "x6": 0.3111042797720567, "x7": -3.896682119375055, "x8": 0.10335183934385181, "x9": 2.8}, "datetime": {"datetime": "2025-05-09 20:19:41", "elapsed": 819.561952, "delta": 9.414427}}
{"target": 168.76371779430318, "params": {"x0": 0.812997131982068, "x1": 0.9, "x2": 0.08555947940051636, "x3": 2.203852997418891, "x4": 4.185540457081658, "x5": 4.150783152285702, "x6": 0.3290559667535997, "x7": -3.546199474865227, "x8": 0.10504763927855505, "x9": 2.8}, "datetime": {"datetime": "2025-05-09 20:19:51", "elapsed": 828.824656, "delta": 9.262704}}
{"target": 167.594437370874, "params": {"x0": 0.8126751558993736, "x1": 0.9, "x2": 0.07700353146046474, "x3": 2.211765410214488, "x4": 4.353203301405843, "x5": 4.166990612095096, "x6": 0.6360298141379861, "x7": -3.8616338549240723, "x8": 0.10657385921978797, "x9": 2.8}, "datetime": {"datetime": "2025-05-09 20:20:00", "elapsed": 838.10701, "delta": 9.282354}}
{"target": 176.09648396408483, "params": {"x0": 0.8123853774249485, "x1": 0.9, "x2": 0.0, "x3": 2.3470676690191934, "x4": 4.3452613772010125, "x5": 4.444138174835719, "x6": 0.6214889476829362, "x7": -3.846692226394969, "x8": 0.10794745716689759, "x9": 2.8}, "datetime": {"datetime": "2025-05-09 20:20:09", "elapsed": 847.445001, "delta": 9.337991}}
{"target": 205.52128120101247, "params": {"x0": 0.807430165512281, "x1": 0.9, "x2": 0.06237286048297644, "x3": 2.34065861465476, "x4": 4.209454473298424, "x5": 4.262631058165557, "x6": 0.6084021678733913, "x7": -3.6190054023938067, "x8": 0.13143598206247223, "x9": 2.8}, "datetime": {"datetime": "2025-05-09 20:20:19", "elapsed": 857.075227, "delta": 9.630226}}
{"target": 214.2479052592932, "params": {"x0": 0.8054350407158648, "x1": 0.9509886347482301, "x2": 0.11538979189350641, "x3": 2.3896878805426756, "x4": 4.264134621448677, "x5": 4.366456867364281, "x6": 0.7085160334164097, "x7": -3.514741538778606, "x8": 0.14089320392832202, "x9": 2.8}, "datetime": {"datetime": "2025-05-09 20:20:28", "elapsed": 866.507576, "delta": 9.432349}}
{"target": 234.56502848922418, "params": {"x0": 0.8034399159194486, "x1": 0.9076482952122346, "x2": 0.1684067233040364, "x3": 2.4387171464305912, "x4": 4.225858517743499, "x5": 4.444554677230004, "x6": 0.808629898959428, "x7": -3.617091061329787, "x8": 0.15035042579417182, "x9": 2.8}, "datetime": {"datetime": "2025-05-09 20:20:38", "elapsed": 876.02315, "delta": 9.515574}}
{"target": 234.50943900154155, "params": {"x0": 0.8014447911230325, "x1": 0.9, "x2": 0.22142365471456638, "x3": 2.487746412318507, "x4": 4.199065245149876, "x5": 4.366456867364281, "x6": 0.9087437645024464, "x7": -3.5454463955439603, "x8": 0.15980764766002162, "x9": 2.8}, "datetime": {"datetime": "2025-05-09 20:20:47", "elapsed": 885.543778, "delta": 9.520628}}
{"target": 240.6697795140715, "params": {"x0": 0.801644303602674, "x1": 0.9, "x2": 0.12069148503455941, "x3": 2.4828434857297155, "x4": 4.201744572409238, "x5": 4.514842706109154, "x6": 0.8987323779481446, "x7": -3.552610862122543, "x8": 0.15886192547343664, "x9": 2.8}, "datetime": {"datetime": "2025-05-09 20:20:57", "elapsed": 894.955994, "delta": 9.412216}}
{"target": 243.5804676169246, "params": {"x0": 0.8001180331334157, "x1": 0.9241915577562978, "x2": 0.16124943756361484, "x3": 2.520350874133971, "x4": 4.181247718875116, "x5": 4.574587530656432, "x6": 0.9753194850885537, "x7": -3.6074190314487002, "x8": 0.16609670020081171, "x9": 2.8}, "datetime": {"datetime": "2025-05-09 20:21:06", "elapsed": 904.15284, "delta": 9.196846}}
{"target": 252.50527731812969, "params": {"x0": 0.8, "x1": 0.9055492631772784, "x2": 0.18964000433395364, "x3": 2.4828434857297155, "x4": 4.201744572409238, "x5": 4.63433235520371, "x6": 1.0519065922289628, "x7": -3.5690533129203903, "x8": 0.1733314749281868, "x9": 2.8}, "datetime": {"datetime": "2025-05-09 20:21:15", "elapsed": 913.609619, "delta": 9.456779}}
{"target": 250.35975789921176, "params": {"x0": 0.8, "x1": 0.9, "x2": 0.21803057110429244, "x3": 2.5090986576126943, "x4": 4.187396774935352, "x5": 4.6940771797509875, "x6": 0.9753194850885537, "x7": -3.542197309950573, "x8": 0.18056624965556187, "x9": 2.8}, "datetime": {"datetime": "2025-05-09 20:21:24", "elapsed": 922.3253, "delta": 8.715681}}
{"target": 256.270449999085, "params": {"x0": 0.8, "x1": 0.9, "x2": 0.16408849424064872, "x3": 2.5064731404243963, "x4": 4.214657590135735, "x5": 4.68810269729626, "x6": 1.1208349886553308, "x7": -3.544882910247555, "x8": 0.17984277218282438, "x9": 2.8}, "datetime": {"datetime": "2025-05-09 20:21:34", "elapsed": 931.924714, "delta": 9.599414}}
{"target": 251.54286928817754, "params": {"x0": 0.8011118589337891, "x1": 0.9, "x2": 0.1858072778199579, "x3": 2.526558346914875, "x4": 4.225633655203257, "x5": 4.642397906517592, "x6": 1.1794241256177438, "x7": -3.524338067975645, "x8": 0.1853773748492663, "x9": 2.8}, "datetime": {"datetime": "2025-05-09 20:21:43", "elapsed": 941.164127, "delta": 9.239413}}
{"target": 252.68945457314857, "params": {"x0": 0.8, "x1": 0.9, "x2": 0.18363539946202698, "x3": 2.4883964545829653, "x4": 4.2047791315749645, "x5": 4.72923700899706, "x6": 1.1735652119215025, "x7": -3.563373268292274, "x8": 0.18482391458262212, "x9": 2.8}, "datetime": {"datetime": "2025-05-09 20:21:52", "elapsed": 950.674365, "delta": 9.510238}}
{"target": 253.0575410212095, "params": {"x0": 0.8, "x1": 0.9083371014726265, "x2": 0.1464962795414083, "x3": 2.4902041231671084, "x4": 4.223548202840428, "x5": 4.72512357782698, "x6": 1.0733777877157764, "x7": -3.5282415880073077, "x8": 0.18432580034264234, "x9": 2.8}, "datetime": {"datetime": "2025-05-09 20:22:02", "elapsed": 960.179703, "delta": 9.505338}}
{"target": 257.65988435192935, "params": {"x0": 0.8008105451627323, "x1": 0.9, "x2": 0.1799214874699651, "x3": 2.5211152559559555, "x4": 4.222659141569959, "x5": 4.721421489773908, "x6": 1.0922807980654343, "x7": -3.5598601002637773, "x8": 0.1758080468389882, "x9": 2.7968521162024116}, "datetime": {"datetime": "2025-05-09 20:22:12", "elapsed": 970.096968, "delta": 9.917265}}
{"target": 259.1636900314172, "params": {"x0": 0.80012158177441, "x1": 0.9, "x2": 0.19337953171488403, "x3": 2.5335610541577807, "x4": 4.215857822850868, "x5": 4.749742463379909, "x6": 1.1292934212969787, "x7": -3.547129488749988, "x8": 0.17237853029672745, "x9": 2.7995278174303615}, "datetime": {"datetime": "2025-05-09 20:22:21", "elapsed": 979.398721, "delta": 9.301753}}
{"target": 259.80643353784774, "params": {"x0": 0.8, "x1": 0.9, "x2": 0.1799214874699651, "x3": 2.5460068523596058, "x4": 4.2110968997475045, "x5": 4.77806343698591, "x6": 1.1023721467864538, "x7": -3.5560409168096405, "x8": 0.1689490137544667, "x9": 2.8}, "datetime": {"datetime": "2025-05-09 20:22:30", "elapsed": 988.655174, "delta": 9.256453}}
{"target": 259.3199719828032, "params": {"x0": 0.8004371247124334, "x1": 0.9, "x2": 0.17050085649852187, "x3": 2.558452650561431, "x4": 4.206335976644141, "x5": 4.749742463379909, "x6": 1.1212170389438212, "x7": -3.549802917167884, "x8": 0.16551949721220593, "x9": 2.798302355176414}, "datetime": {"datetime": "2025-05-09 20:22:40", "elapsed": 998.078988, "delta": 9.423814}}
{"target": 261.5088632999923, "params": {"x0": 0.8, "x1": 0.9, "x2": 0.18840005534426404, "x3": 2.5572080707412486, "x4": 4.215381730540531, "x5": 4.803552313231311, "x6": 1.1193325497280846, "x7": -3.5504267171320594, "x8": 0.17203557864250138, "x9": 2.8}, "datetime": {"datetime": "2025-05-09 20:22:49", "elapsed": 1007.092677, "delta": 9.013689}}
{"target": 262.26432325931586, "params": {"x0": 0.8, "x1": 0.9, "x2": 0.19560683803741813, "x3": 2.5667291063656448, "x4": 4.219023836714604, "x5": 4.825217858039902, "x6": 1.1049162072276986, "x7": -3.5456546474061157, "x8": 0.1694119984876719, "x9": 2.7986249076928957}, "datetime": {"datetime": "2025-05-09 20:22:58", "elapsed": 1016.534086, "delta": 9.441409}}
{"target": 263.1676136690587, "params": {"x0": 0.8, "x1": 0.9, "x2": 0.2028136207305722, "x3": 2.576250141990041, "x4": 4.2226659428886775, "x5": 4.846883402848492, "x6": 1.1150076469779688, "x7": -3.5504267171320594, "x8": 0.16757549237929129, "x9": 2.7997937361539345}, "datetime": {"datetime": "2025-05-09 20:23:08", "elapsed": 1026.034762, "delta": 9.500676}}
{"target": 262.7228600531149, "params": {"x0": 0.8, "x1": 0.9, "x2": 0.2100204034237263, "x3": 2.585771177614437, "x4": 4.226308049062751, "x5": 4.825217858039902, "x6": 1.1079436391527795, "x7": -3.547086268323899, "x8": 0.1694119984876719, "x9": 2.8}, "datetime": {"datetime": "2025-05-09 20:23:17", "elapsed": 1035.55539, "delta": 9.520628}}
{"target": 264.40855956347565, "params": {"x0": 0.8, "x1": 0.9, "x2": 0.2092997251544109, "x3": 2.5848190740519974, "x4": 4.219388047332012, "x5": 4.866382393176224, "x6": 1.1213652540206391, "x7": -3.547420313204715, "x8": 0.16922834787683386, "x9": 2.8}, "datetime": {"datetime": "2025-05-09 20:23:26", "elapsed": 1044.619782, "delta": 9.064392}}
{"target": 265.73983340019413, "params": {"x0": 0.8, "x1": 0.9, "x2": 0.203786536394148, "x3": 2.5921026663046605, "x4": 4.222174258555177, "x5": 4.882956534954796, "x6": 1.1267692200069088, "x7": -3.5448648698664718, "x8": 0.17063327504974504, "x9": 2.8}, "datetime": {"datetime": "2025-05-09 20:23:36", "elapsed": 1054.140588, "delta": 9.520806}}
{"target": 266.1021636724021, "params": {"x0": 0.8, "x1": 0.9, "x2": 0.199927304261964, "x3": 2.5993862585573235, "x4": 4.224124606411394, "x5": 4.899530676733368, "x6": 1.1213652540206391, "x7": -3.5423094265282287, "x8": 0.17203820222265623, "x9": 2.8}, "datetime": {"datetime": "2025-05-09 20:23:45", "elapsed": 1063.55859, "delta": 9.418002}}
{"target": 267.00576435088317, "params": {"x0": 0.8, "x1": 0.9, "x2": 0.203786536394148, "x3": 2.5921026663046605, "x4": 4.22607495426761, "x5": 4.916104818511941, "x6": 1.125148030211028, "x7": -3.5397539831899856, "x8": 0.1734431293955674, "x9": 2.8}, "datetime": {"datetime": "2025-05-09 20:23:55", "elapsed": 1072.850297, "delta": 9.291707}}
{"target": 267.6857724718494, "params": {"x0": 0.8, "x1": 0.9, "x2": 0.20648799888667682, "x3": 2.5972011808815245, "x4": 4.224124606411394, "x5": 4.932678960290513, "x6": 1.1277959735443002, "x7": -3.5371985398517425, "x8": 0.17203820222265623, "x9": 2.8}, "datetime": {"datetime": "2025-05-09 20:24:04", "elapsed": 1082.226083, "delta": 9.375786}}
{"target": 268.40701970473685, "params": {"x0": 0.8, "x1": 0.9, "x2": 0.203786536394148, "x3": 2.6007701410853294, "x4": 4.222759362912043, "x5": 4.949253102069085, "x6": 1.1304439168775724, "x7": -3.5346430965134994, "x8": 0.17302165124369406, "x9": 2.8}, "datetime": {"datetime": "2025-05-09 20:24:13", "elapsed": 1091.648182, "delta": 9.422099}}
{"target": 269.0697298424778, "params": {"x0": 0.8, "x1": 0.9, "x2": 0.20567756013891816, "x3": 2.6043391012891344, "x4": 4.224124606411394, "x5": 4.965827243847658, "x6": 1.1330918602108446, "x7": -3.5320876531752563, "x8": 0.17371006555842053, "x9": 2.7996147569162404}, "datetime": {"datetime": "2025-05-09 20:24:23", "elapsed": 1101.029482, "delta": 9.3813}}
{"target": 269.9270213247605, "params": {"x0": 0.8, "x1": 0.9, "x2": 0.20435384351757904, "x3": 2.6007701410853294, "x4": 4.22508027686094, "x5": 4.98240138562623, "x6": 1.1357398035441169, "x7": -3.529532209837013, "x8": 0.174398479873147, "x9": 2.799942213537436}, "datetime": {"datetime": "2025-05-09 20:24:32", "elapsed": 1110.592752, "delta": 9.56327}}
{"target": 269.9838646818568, "params": {"x0": 0.8, "x1": 0.9, "x2": 0.20342724188264166, "x3": 2.598271868942666, "x4": 4.226035947310486, "x5": 4.998975527404802, "x6": 1.138387746877389, "x7": -3.52697676649877, "x8": 0.17508689418787346, "x9": 2.8}, "datetime": {"datetime": "2025-05-09 20:24:42", "elapsed": 1120.078025, "delta": 9.485273}}
{"target": 270.0550981220937, "params": {"x0": 0.8, "x1": 0.9, "x2": 0.20250064024770428, "x3": 2.6007701410853294, "x4": 4.2269916177600315, "x5": 4.98240138562623, "x6": 1.1410356902106613, "x7": -3.524421323160527, "x8": 0.17577530850259993, "x9": 2.8}, "datetime": {"datetime": "2025-05-09 20:24:51", "elapsed": 1129.550391, "delta": 9.472366}}
