{"target": 272.7444043131332, "params": {"x0": 0.8000000000002547, "x1": 0.9000000000008216, "x2": 0.20548337091524774, "x3": 2.614760465118897, "x4": 4.2295145877407805, "x5": 5.050852591330984, "x6": 1.1622192369141082, "x7": -3.522453631765375, "x8": 0.17639488138043727, "x9": 2.799999999999421}, "datetime": {"datetime": "2025-05-09 20:53:50", "elapsed": 2868.579383, "delta": 10.685122}}
{"target": 272.7444043131332, "params": {"x0": 0.8000000000003304, "x1": 0.9000000000030948, "x2": 0.20548337090958968, "x3": 2.6147604651141787, "x4": 4.229514587747312, "x5": 5.0508525913105755, "x6": 1.1622192369133157, "x7": -3.5224536317684616, "x8": 0.17639488137756112, "x9": 2.799999999999869}, "datetime": {"datetime": "2025-05-09 20:54:00", "elapsed": 2878.578841, "delta": 9.999458}}
{"target": 272.7444043131332, "params": {"x0": 0.800000000000492, "x1": 0.9000000000006428, "x2": 0.2054833709073077, "x3": 2.6147604651025236, "x4": 4.229514587745888, "x5": 5.050852591264546, "x6": 1.1622192369107756, "x7": -3.5224536317780872, "x8": 0.17639488138664802, "x9": 2.799999999999464}, "datetime": {"datetime": "2025-05-09 20:54:10", "elapsed": 2888.599284, "delta": 10.020443}}
{"target": 272.7444043131332, "params": {"x0": 0.800000000000529, "x1": 0.9000000000011719, "x2": 0.20548337091422747, "x3": 2.6147604650961536, "x4": 4.229514587740813, "x5": 5.050852591273734, "x6": 1.162219236890882, "x7": -3.5224536317724735, "x8": 0.17639488138016843, "x9": 2.799999999999853}, "datetime": {"datetime": "2025-05-09 20:54:21", "elapsed": 2899.115206, "delta": 10.515922}}
{"target": 272.7444043131332, "params": {"x0": 0.800000000000377, "x1": 0.9000000000050268, "x2": 0.20548337091104316, "x3": 2.614760465079709, "x4": 4.2295145877490565, "x5": 5.0508525912805675, "x6": 1.162219236884526, "x7": -3.5224536317791806, "x8": 0.17639488138080026, "x9": 2.7999999999990632}, "datetime": {"datetime": "2025-05-09 20:54:31", "elapsed": 2909.220375, "delta": 10.105169}}
{"target": 272.7444043131332, "params": {"x0": 0.8000000000004338, "x1": 0.9000000000033765, "x2": 0.205483370909812, "x3": 2.6147604650875156, "x4": 4.229514587744151, "x5": 5.050852591228071, "x6": 1.162219236906487, "x7": -3.522453631788123, "x8": 0.17639488138273907, "x9": 2.7999999999991267}, "datetime": {"datetime": "2025-05-09 20:54:41", "elapsed": 2919.375411, "delta": 10.155036}}
{"target": 272.7444043131332, "params": {"x0": 0.8000000000001747, "x1": 0.9000000000001266, "x2": 0.20548337091349855, "x3": 2.6147604650861838, "x4": 4.229514587748379, "x5": 5.05085259124734, "x6": 1.1622192369034914, "x7": -3.522453631788866, "x8": 0.1763948813824437, "x9": 2.7999999999998715}, "datetime": {"datetime": "2025-05-09 20:54:51", "elapsed": 2929.616721, "delta": 10.24131}}
{"target": 272.7444043131332, "params": {"x0": 0.8000000000000794, "x1": 0.9000000000003602, "x2": 0.20548337091191568, "x3": 2.6147604650945118, "x4": 4.229514587750269, "x5": 5.050852591226494, "x6": 1.1622192368710627, "x7": -3.522453631788499, "x8": 0.17639488138253878, "x9": 2.7999999999998937}, "datetime": {"datetime": "2025-05-09 20:55:01", "elapsed": 2939.536008, "delta": 9.919287}}
{"target": 272.7444043131332, "params": {"x0": 0.8000000000002534, "x1": 0.90000000000045, "x2": 0.2054833709093265, "x3": 2.6147604650782896, "x4": 4.22951458774637, "x5": 5.050852591242729, "x6": 1.1622192368992106, "x7": -3.5224536317885127, "x8": 0.17639488138173362, "x9": 2.7999999999999345}, "datetime": {"datetime": "2025-05-09 20:55:12", "elapsed": 2949.911228, "delta": 10.37522}}
{"target": 272.7444043131332, "params": {"x0": 0.8000000000002222, "x1": 0.9000000000010346, "x2": 0.20548337091275748, "x3": 2.6147604650725786, "x4": 4.2295145877434654, "x5": 5.0508525912277, "x6": 1.1622192368934432, "x7": -3.522453631794487, "x8": 0.17639488138670578, "x9": 2.7999999999999217}, "datetime": {"datetime": "2025-05-09 20:55:22", "elapsed": 2960.04581, "delta": 10.134582}}
{"target": 272.7444043131332, "params": {"x0": 0.8000000000001597, "x1": 0.900000000003232, "x2": 0.20548337091142022, "x3": 2.614760465084207, "x4": 4.229514587746912, "x5": 5.050852591224557, "x6": 1.1622192368890407, "x7": -3.522453631797928, "x8": 0.17639488138441947, "x9": 2.7999999999997436}, "datetime": {"datetime": "2025-05-09 20:55:32", "elapsed": 2970.312072, "delta": 10.266262}}
{"target": 272.7444043131332, "params": {"x0": 0.8000000000001127, "x1": 0.9000000000023879, "x2": 0.20548337091178298, "x3": 2.6147604650829317, "x4": 4.229514587744369, "x5": 5.050852591223928, "x6": 1.1622192368920126, "x7": -3.5224536317931507, "x8": 0.1763948813829372, "x9": 2.7999999999997884}, "datetime": {"datetime": "2025-05-09 20:55:42", "elapsed": 2980.5105, "delta": 10.198428}}
{"target": 272.7444043131332, "params": {"x0": 0.8000000000000196, "x1": 0.9000000000006699, "x2": 0.20548337090938043, "x3": 2.6147604650785943, "x4": 4.229514587747794, "x5": 5.050852591170605, "x6": 1.1622192368823996, "x7": -3.5224536317888493, "x8": 0.17639488138572262, "x9": 2.7999999999996086}, "datetime": {"datetime": "2025-05-09 20:55:53", "elapsed": 2990.860915, "delta": 10.350415}}
{"target": 272.7444043131332, "params": {"x0": 0.8000000000000135, "x1": 0.9000000000001562, "x2": 0.2054833709109473, "x3": 2.61476046507917, "x4": 4.2295145877483025, "x5": 5.05085259121219, "x6": 1.1622192368800324, "x7": -3.522453631793868, "x8": 0.17639488138789014, "x9": 2.799999999999705}, "datetime": {"datetime": "2025-05-09 20:56:03", "elapsed": 3001.162946, "delta": 10.302031}}
{"target": 272.7444043131332, "params": {"x0": 0.8000000000000136, "x1": 0.9000000000005602, "x2": 0.20548337091173638, "x3": 2.614760465085026, "x4": 4.229514587747721, "x5": 5.050852591163294, "x6": 1.1622192368771385, "x7": -3.5224536317933164, "x8": 0.17639488138386994, "x9": 2.799999999999894}, "datetime": {"datetime": "2025-05-09 20:56:13", "elapsed": 3011.188761, "delta": 10.025815}}
{"target": 272.7444043131332, "params": {"x0": 0.8000000000000309, "x1": 0.9000000000001648, "x2": 0.20548337091091567, "x3": 2.614760465086744, "x4": 4.2295145877479134, "x5": 5.050852591205978, "x6": 1.1622192368790245, "x7": -3.522453631786776, "x8": 0.1763948813859087, "x9": 2.7999999999998484}, "datetime": {"datetime": "2025-05-09 20:56:23", "elapsed": 3021.06207, "delta": 9.873309}}
{"target": 272.7444043131332, "params": {"x0": 0.8000000000000421, "x1": 0.9000000000016144, "x2": 0.20548337090988095, "x3": 2.6147604650904586, "x4": 4.229514587747491, "x5": 5.050852591187372, "x6": 1.1622192368702227, "x7": -3.522453631788631, "x8": 0.17639488138766005, "x9": 2.799999999999717}, "datetime": {"datetime": "2025-05-09 20:56:33", "elapsed": 3031.173817, "delta": 10.111747}}
{"target": 272.7444043131332, "params": {"x0": 0.8000000000000871, "x1": 0.9000000000004761, "x2": 0.2054833709116012, "x3": 2.614760465089874, "x4": 4.229514587747894, "x5": 5.050852591194201, "x6": 1.162219236882062, "x7": -3.5224536317929487, "x8": 0.17639488138738743, "x9": 2.7999999999998773}, "datetime": {"datetime": "2025-05-09 20:56:43", "elapsed": 3041.489342, "delta": 10.315525}}
{"target": 272.7444043131332, "params": {"x0": 0.8000000000000088, "x1": 0.9000000000010943, "x2": 0.205483370910178, "x3": 2.614760465085976, "x4": 4.229514587747549, "x5": 5.050852591181253, "x6": 1.1622192368767383, "x7": -3.522453631792693, "x8": 0.17639488138532114, "x9": 2.799999999999791}, "datetime": {"datetime": "2025-05-09 20:56:54", "elapsed": 3051.826502, "delta": 10.33716}}
{"target": 272.7444043131332, "params": {"x0": 0.8000000000000009, "x1": 0.9000000000004462, "x2": 0.2054833709098289, "x3": 2.6147604650829015, "x4": 4.229514587745619, "x5": 5.05085259118594, "x6": 1.1622192368813828, "x7": -3.5224536317890984, "x8": 0.17639488138481596, "x9": 2.799999999999786}, "datetime": {"datetime": "2025-05-09 20:57:04", "elapsed": 3062.228329, "delta": 10.401827}}
{"target": 272.7444043131332, "params": {"x0": 0.8000000000000188, "x1": 0.9000000000001501, "x2": 0.2054833709109789, "x3": 2.614760465085582, "x4": 4.229514587747789, "x5": 5.050852591170539, "x6": 1.1622192368821203, "x7": -3.5224536317871094, "x8": 0.1763948813855337, "x9": 2.799999999999845}, "datetime": {"datetime": "2025-05-09 20:57:14", "elapsed": 3072.279608, "delta": 10.051279}}
{"target": 272.7444043131332, "params": {"x0": 0.8000000000000843, "x1": 0.9000000000006443, "x2": 0.2054833709107187, "x3": 2.614760465085217, "x4": 4.229514587746816, "x5": 5.050852591186397, "x6": 1.162219236881938, "x7": -3.5224536317914525, "x8": 0.17639488138639509, "x9": 2.7999999999999594}, "datetime": {"datetime": "2025-05-09 20:57:24", "elapsed": 3082.45158, "delta": 10.171972}}
{"target": 272.7444043131332, "params": {"x0": 0.8000000000000027, "x1": 0.9000000000005559, "x2": 0.20548337091077581, "x3": 2.614760465084775, "x4": 4.229514587747602, "x5": 5.050852591187788, "x6": 1.1622192368807747, "x7": -3.522453631790647, "x8": 0.1763948813852059, "x9": 2.799999999999853}, "datetime": {"datetime": "2025-05-09 20:57:35", "elapsed": 3092.849467, "delta": 10.397887}}
{"target": 272.7444043131332, "params": {"x0": 0.8000000000000053, "x1": 0.9000000000006597, "x2": 0.20548337091021007, "x3": 2.6147604650863556, "x4": 4.229514587747068, "x5": 5.050852591172784, "x6": 1.1622192368811755, "x7": -3.522453631792255, "x8": 0.17639488138586132, "x9": 2.7999999999998773}, "datetime": {"datetime": "2025-05-09 20:57:45", "elapsed": 3103.407959, "delta": 10.558492}}
{"target": 272.7444043131332, "params": {"x0": 0.8000000000000108, "x1": 0.9000000000004855, "x2": 0.2054833709103292, "x3": 2.6147604650867993, "x4": 4.22951458774667, "x5": 5.050852591175046, "x6": 1.162219236872904, "x7": -3.5224536317917803, "x8": 0.17639488138626108, "x9": 2.7999999999999288}, "datetime": {"datetime": "2025-05-09 20:57:56", "elapsed": 3114.074168, "delta": 10.666209}}
{"target": 272.7444043131332, "params": {"x0": 0.8000000000000473, "x1": 0.9000000000000148, "x2": 0.20548337091099914, "x3": 2.6147604650845704, "x4": 4.229514587747349, "x5": 5.050852591181769, "x6": 1.1622192368733562, "x7": -3.5224536317886748, "x8": 0.17639488138531845, "x9": 2.7999999999999625}, "datetime": {"datetime": "2025-05-09 20:58:06", "elapsed": 3124.47589, "delta": 10.401722}}
{"target": 272.7444043131332, "params": {"x0": 0.80000000000001, "x1": 0.9000000000001064, "x2": 0.20548337091052285, "x3": 2.6147604650832816, "x4": 4.229514587746873, "x5": 5.050852591174967, "x6": 1.1622192368740183, "x7": -3.5224536317917248, "x8": 0.17639488138648088, "x9": 2.7999999999999683}, "datetime": {"datetime": "2025-05-09 20:58:17", "elapsed": 3134.807901, "delta": 10.332011}}
{"target": 272.7444043131332, "params": {"x0": 0.8000000000000324, "x1": 0.9000000000005036, "x2": 0.20548337091053384, "x3": 2.614760465082291, "x4": 4.229514587746618, "x5": 5.050852591165775, "x6": 1.1622192368748667, "x7": -3.5224536317888417, "x8": 0.17639488138613207, "x9": 2.799999999999947}, "datetime": {"datetime": "2025-05-09 20:58:27", "elapsed": 3145.152321, "delta": 10.34442}}
{"target": 272.7444043131332, "params": {"x0": 0.8000000000000065, "x1": 0.9000000000000232, "x2": 0.20548337091029506, "x3": 2.6147604650836445, "x4": 4.229514587747235, "x5": 5.050852591172734, "x6": 1.1622192368777, "x7": -3.522453631789602, "x8": 0.17639488138601186, "x9": 2.7999999999999865}, "datetime": {"datetime": "2025-05-09 20:58:37", "elapsed": 3155.539853, "delta": 10.387532}}
{"target": 272.7444043131332, "params": {"x0": 0.8000000000000058, "x1": 0.900000000000043, "x2": 0.205483370910516, "x3": 2.6147604650840517, "x4": 4.229514587747012, "x5": 5.050852591178496, "x6": 1.162219236876574, "x7": -3.5224536317909254, "x8": 0.17639488138553452, "x9": 2.79999999999997}, "datetime": {"datetime": "2025-05-09 20:58:48", "elapsed": 3166.017798, "delta": 10.477945}}
{"target": 272.7444043131332, "params": {"x0": 0.800000000000028, "x1": 0.9000000000000662, "x2": 0.20548337091079757, "x3": 2.614760465084524, "x4": 4.229514587746489, "x5": 5.050852591165644, "x6": 1.1622192368785882, "x7": -3.522453631791052, "x8": 0.17639488138592735, "x9": 2.799999999999955}, "datetime": {"datetime": "2025-05-09 20:58:58", "elapsed": 3176.629567, "delta": 10.611769}}
{"target": 272.7444043131332, "params": {"x0": 0.8000000000000077, "x1": 0.9000000000000323, "x2": 0.20548337091054408, "x3": 2.614760465085538, "x4": 4.229514587746883, "x5": 5.05085259116922, "x6": 1.1622192368783437, "x7": -3.5224536317892343, "x8": 0.17639488138567624, "x9": 2.7999999999999803}, "datetime": {"datetime": "2025-05-09 20:59:09", "elapsed": 3187.4337, "delta": 10.804133}}
{"target": 272.7444043131332, "params": {"x0": 0.8000000000000195, "x1": 0.9000000000001365, "x2": 0.20548337091075103, "x3": 2.614760465083643, "x4": 4.229514587747085, "x5": 5.050852591177096, "x6": 1.1622192368771607, "x7": -3.522453631790351, "x8": 0.17639488138600445, "x9": 2.799999999999949}, "datetime": {"datetime": "2025-05-09 20:59:20", "elapsed": 3197.803242, "delta": 10.369542}}
{"target": 272.7444043131332, "params": {"x0": 0.8000000000000119, "x1": 0.9000000000001118, "x2": 0.20548337091075022, "x3": 2.6147604650852134, "x4": 4.229514587746549, "x5": 5.050852591168816, "x6": 1.1622192368781596, "x7": -3.5224536317894324, "x8": 0.1763948813860555, "x9": 2.799999999999953}, "datetime": {"datetime": "2025-05-09 20:59:30", "elapsed": 3208.048026, "delta": 10.244784}}
{"target": 272.7444043131332, "params": {"x0": 0.8000000000000217, "x1": 0.9000000000000214, "x2": 0.20548337091053365, "x3": 2.614760465085113, "x4": 4.229514587746659, "x5": 5.050852591175841, "x6": 1.162219236877415, "x7": -3.5224536317906354, "x8": 0.1763948813855936, "x9": 2.7999999999999887}, "datetime": {"datetime": "2025-05-09 20:59:40", "elapsed": 3218.687849, "delta": 10.639823}}
{"target": 272.7444043131332, "params": {"x0": 0.8000000000000007, "x1": 0.9000000000000454, "x2": 0.2054833709106488, "x3": 2.6147604650833993, "x4": 4.22951458774679, "x5": 5.0508525911725, "x6": 1.1622192368767326, "x7": -3.522453631789779, "x8": 0.17639488138570017, "x9": 2.7999999999999807}, "datetime": {"datetime": "2025-05-09 20:59:51", "elapsed": 3229.295406, "delta": 10.607557}}
{"target": 272.7444043131332, "params": {"x0": 0.8000000000000043, "x1": 0.9000000000000102, "x2": 0.2054833709104399, "x3": 2.6147604650844003, "x4": 4.229514587746729, "x5": 5.050852591172032, "x6": 1.1622192368766002, "x7": -3.52245363178961, "x8": 0.1763948813857413, "x9": 2.79999999999998}, "datetime": {"datetime": "2025-05-09 21:00:01", "elapsed": 3239.25841, "delta": 9.963004}}
{"target": 272.7444043131332, "params": {"x0": 0.8000000000000147, "x1": 0.9000000000001425, "x2": 0.20548337091059957, "x3": 2.6147604650847165, "x4": 4.229514587746798, "x5": 5.0508525911733875, "x6": 1.1622192368770607, "x7": -3.522453631789855, "x8": 0.17639488138589365, "x9": 2.799999999999988}, "datetime": {"datetime": "2025-05-09 21:00:11", "elapsed": 3249.706693, "delta": 10.448283}}
{"target": 272.7444043131332, "params": {"x0": 0.800000000000001, "x1": 0.9000000000000583, "x2": 0.2054833709106063, "x3": 2.6147604650836884, "x4": 4.229514587746663, "x5": 5.050852591172559, "x6": 1.1622192368776754, "x7": -3.5224536317900865, "x8": 0.17639488138588624, "x9": 2.799999999999976}, "datetime": {"datetime": "2025-05-09 21:00:22", "elapsed": 3259.898753, "delta": 10.19206}}
{"target": 272.7444043131332, "params": {"x0": 0.800000000000008, "x1": 0.9000000000000294, "x2": 0.20548337091064148, "x3": 2.6147604650847516, "x4": 4.229514587746906, "x5": 5.050852591169964, "x6": 1.1622192368762305, "x7": -3.522453631790083, "x8": 0.17639488138579246, "x9": 2.7999999999999825}, "datetime": {"datetime": "2025-05-09 21:00:32", "elapsed": 3270.278939, "delta": 10.380186}}
{"target": 272.7444043131332, "params": {"x0": 0.8000000000000095, "x1": 0.900000000000125, "x2": 0.20548337091054047, "x3": 2.6147604650846903, "x4": 4.229514587746729, "x5": 5.050852591170672, "x6": 1.1622192368761521, "x7": -3.5224536317900963, "x8": 0.1763948813857146, "x9": 2.7999999999999816}, "datetime": {"datetime": "2025-05-09 21:00:43", "elapsed": 3281.297035, "delta": 11.018096}}
{"target": 272.7444043131332, "params": {"x0": 0.8000000000000083, "x1": 0.9000000000001179, "x2": 0.2054833709105784, "x3": 2.6147604650843963, "x4": 4.229514587746881, "x5": 5.050852591173666, "x6": 1.162219236876251, "x7": -3.5224536317898276, "x8": 0.17639488138591036, "x9": 2.7999999999999785}, "datetime": {"datetime": "2025-05-09 21:00:54", "elapsed": 3292.308018, "delta": 11.010983}}
{"target": 272.7444043131332, "params": {"x0": 0.8000000000000008, "x1": 0.900000000000067, "x2": 0.20548337091063065, "x3": 2.6147604650841068, "x4": 4.229514587746791, "x5": 5.05085259117348, "x6": 1.1622192368766107, "x7": -3.5224536317899546, "x8": 0.17639488138579, "x9": 2.7999999999999874}, "datetime": {"datetime": "2025-05-09 21:01:05", "elapsed": 3302.762654, "delta": 10.454636}}
{"target": 272.7444043131332, "params": {"x0": 0.8000000000000058, "x1": 0.9000000000001043, "x2": 0.2054833709104979, "x3": 2.6147604650839145, "x4": 4.229514587746791, "x5": 5.0508525911720765, "x6": 1.1622192368768316, "x7": -3.5224536317900834, "x8": 0.1763948813858949, "x9": 2.7999999999999825}, "datetime": {"datetime": "2025-05-09 21:01:15", "elapsed": 3312.99408, "delta": 10.231426}}
{"target": 272.7444043131332, "params": {"x0": 0.8000000000000046, "x1": 0.9000000000000303, "x2": 0.20548337091052693, "x3": 2.614760465084024, "x4": 4.229514587746824, "x5": 5.050852591170179, "x6": 1.162219236877085, "x7": -3.5224536317899084, "x8": 0.17639488138589807, "x9": 2.799999999999996}, "datetime": {"datetime": "2025-05-09 21:01:25", "elapsed": 3323.341176, "delta": 10.347096}}
{"target": 272.7444043131332, "params": {"x0": 0.8000000000000006, "x1": 0.9000000000000122, "x2": 0.20548337091051405, "x3": 2.6147604650843532, "x4": 4.2295145877468, "x5": 5.050852591170841, "x6": 1.1622192368767919, "x7": -3.5224536317901225, "x8": 0.17639488138592643, "x9": 2.799999999999999}, "datetime": {"datetime": "2025-05-09 21:01:35", "elapsed": 3333.694152, "delta": 10.352976}}
{"target": 272.7444043131332, "params": {"x0": 0.8000000000000042, "x1": 0.9000000000000216, "x2": 0.20548337091060553, "x3": 2.6147604650839757, "x4": 4.229514587746903, "x5": 5.05085259117055, "x6": 1.1622192368765345, "x7": -3.5224536317900705, "x8": 0.1763948813858429, "x9": 2.799999999999987}, "datetime": {"datetime": "2025-05-09 21:01:46", "elapsed": 3344.160235, "delta": 10.466083}}
{"target": 272.7444043131332, "params": {"x0": 0.8000000000000013, "x1": 0.9000000000000142, "x2": 0.20548337091053936, "x3": 2.614760465084396, "x4": 4.229514587746897, "x5": 5.05085259117195, "x6": 1.162219236876654, "x7": -3.5224536317900568, "x8": 0.17639488138583012, "x9": 2.7999999999999976}, "datetime": {"datetime": "2025-05-09 21:01:56", "elapsed": 3354.372845, "delta": 10.21261}}
{"target": 272.7444043131332, "params": {"x0": 0.8000000000000035, "x1": 0.900000000000041, "x2": 0.20548337091056648, "x3": 2.6147604650843634, "x4": 4.229514587746784, "x5": 5.050852591171046, "x6": 1.1622192368769726, "x7": -3.522453631790145, "x8": 0.1763948813858723, "x9": 2.799999999999991}, "datetime": {"datetime": "2025-05-09 21:02:07", "elapsed": 3364.737684, "delta": 10.364839}}
{"target": 272.7444043131332, "params": {"x0": 0.8000000000000005, "x1": 0.9000000000000541, "x2": 0.2054833709105696, "x3": 2.614760465084116, "x4": 4.229514587746781, "x5": 5.050852591170812, "x6": 1.16221923687672, "x7": -3.522453631790214, "x8": 0.17639488138590817, "x9": 2.799999999999996}, "datetime": {"datetime": "2025-05-09 21:02:17", "elapsed": 3375.183264, "delta": 10.44558}}
{"target": 272.7444043131332, "params": {"x0": 0.8000000000000033, "x1": 0.9000000000000167, "x2": 0.20548337091054716, "x3": 2.61476046508416, "x4": 4.229514587746817, "x5": 5.050852591172024, "x6": 1.1622192368770303, "x7": -3.5224536317901465, "x8": 0.1763948813858666, "x9": 2.799999999999996}, "datetime": {"datetime": "2025-05-09 21:02:27", "elapsed": 3385.41324, "delta": 10.229976}}
{"target": 272.7444043131332, "params": {"x0": 0.8000000000000009, "x1": 0.9000000000000333, "x2": 0.20548337091057955, "x3": 2.614760465084278, "x4": 4.229514587746858, "x5": 5.050852591171123, "x6": 1.162219236876629, "x7": -3.522453631790136, "x8": 0.17639488138589748, "x9": 2.7999999999999927}, "datetime": {"datetime": "2025-05-09 21:02:38", "elapsed": 3396.124345, "delta": 10.711105}}
{"target": 272.7444043131332, "params": {"x0": 0.8000000000000019, "x1": 0.9000000000000322, "x2": 0.20548337091056423, "x3": 2.614760465084311, "x4": 4.229514587746873, "x5": 5.050852591172095, "x6": 1.162219236876873, "x7": -3.522453631789998, "x8": 0.17639488138586007, "x9": 2.7999999999999967}, "datetime": {"datetime": "2025-05-09 21:02:48", "elapsed": 3406.540352, "delta": 10.416007}}
{"target": 272.7444043131332, "params": {"x0": 0.8000000000000006, "x1": 0.9000000000000117, "x2": 0.2054833709105602, "x3": 2.614760465084358, "x4": 4.2295145877468565, "x5": 5.050852591172309, "x6": 1.1622192368767346, "x7": -3.522453631790093, "x8": 0.17639488138583226, "x9": 2.799999999999994}, "datetime": {"datetime": "2025-05-09 21:02:58", "elapsed": 3416.482476, "delta": 9.942124}}
{"target": 272.7444043131332, "params": {"x0": 0.8000000000000002, "x1": 0.90000000000003, "x2": 0.20548337091058888, "x3": 2.6147604650842715, "x4": 4.229514587746828, "x5": 5.050852591171866, "x6": 1.1622192368766582, "x7": -3.522453631790056, "x8": 0.176394881385842, "x9": 2.799999999999995}, "datetime": {"datetime": "2025-05-09 21:03:09", "elapsed": 3427.017635, "delta": 10.535159}}
{"target": 272.7444043131332, "params": {"x0": 0.8000000000000012, "x1": 0.9000000000000231, "x2": 0.20548337091056146, "x3": 2.6147604650842484, "x4": 4.229514587746832, "x5": 5.0508525911721565, "x6": 1.1622192368769653, "x7": -3.522453631790123, "x8": 0.17639488138582632, "x9": 2.7999999999999976}, "datetime": {"datetime": "2025-05-09 21:03:19", "elapsed": 3436.991828, "delta": 9.974193}}
