{"target": 270.37342608865055, "params": {"x0": 0.8, "x1": 0.9, "x2": 0.20342724188264166, "x3": 2.6025189315851938, "x4": 4.226035947310486, "x5": 4.994003284871231, "x6": 1.1436836335439335, "x7": -3.521865879822284, "x8": 0.1764637228173264, "x9": 2.8}, "datetime": {"datetime": "2025-05-09 20:25:00", "elapsed": 1138.624744, "delta": 9.074353}}
{"target": 270.68857949933977, "params": {"x0": 0.8, "x1": 0.9, "x2": 0.20407586302709782, "x3": 2.604267722085058, "x4": 4.226704916625168, "x5": 5.002124614342731, "x6": 1.1463315768772058, "x7": -3.524421323160527, "x8": 0.17715213713205286, "x9": 2.8}, "datetime": {"datetime": "2025-05-09 20:25:10", "elapsed": 1147.92587, "delta": 9.301126}}
{"target": 271.000529378526, "params": {"x0": 0.8, "x1": 0.9, "x2": 0.20472448417155398, "x3": 2.6060165125849224, "x4": 4.227173195145445, "x5": 5.010245943814231, "x6": 1.148979520210478, "x7": -3.526210133497297, "x8": 0.17784055144677932, "x9": 2.8}, "datetime": {"datetime": "2025-05-09 20:25:19", "elapsed": 1157.217778, "delta": 9.291908}}
{"target": 271.1270409885548, "params": {"x0": 0.8, "x1": 0.9, "x2": 0.20407586302709782, "x3": 2.6077653030847867, "x4": 4.227641473665723, "x5": 5.0183672732857305, "x6": 1.1516274635437502, "x7": -3.527998943834067, "x8": 0.1785289657615058, "x9": 2.8}, "datetime": {"datetime": "2025-05-09 20:25:29", "elapsed": 1166.803765, "delta": 9.585987}}
{"target": 271.435259945547, "params": {"x0": 0.8, "x1": 0.9, "x2": 0.20452989782821715, "x3": 2.609514093584651, "x4": 4.2281097521860005, "x5": 5.02648860275723, "x6": 1.1542754068770225, "x7": -3.526210133497297, "x8": 0.17784055144677932, "x9": 2.8}, "datetime": {"datetime": "2025-05-09 20:25:38", "elapsed": 1176.157174, "delta": 9.353409}}
{"target": 272.0159982846177, "params": {"x0": 0.8, "x1": 0.9, "x2": 0.20484772218900066, "x3": 2.6112628840845153, "x4": 4.228578030706278, "x5": 5.03460993222873, "x6": 1.1569233502102947, "x7": -3.524957966261558, "x8": 0.1773586614264708, "x9": 2.8}, "datetime": {"datetime": "2025-05-09 20:25:47", "elapsed": 1185.536975, "delta": 9.379801}}
{"target": 272.3183636619303, "params": {"x0": 0.8, "x1": 0.9, "x2": 0.20516554654978417, "x3": 2.6130116745843797, "x4": 4.229046309226556, "x5": 5.04273126170023, "x6": 1.159571293543567, "x7": -3.523705799025819, "x8": 0.1768767714061623, "x9": 2.8}, "datetime": {"datetime": "2025-05-09 20:25:57", "elapsed": 1194.923832, "delta": 9.386857}}
{"target": 272.7444043131332, "params": {"x0": 0.8, "x1": 0.9, "x2": 0.20548337091056768, "x3": 2.614760465084244, "x4": 4.229514587746833, "x5": 5.05085259117173, "x6": 1.1622192368768391, "x7": -3.52245363179008, "x8": 0.17639488138585377, "x9": 2.8}, "datetime": {"datetime": "2025-05-09 20:26:06", "elapsed": 1204.316144, "delta": 9.392312}}
{"target": 272.7444043131332, "params": {"x0": 0.8, "x1": 0.9, "x2": 0.20580119527135118, "x3": 2.6165092555841083, "x4": 4.229046309226556, "x5": 5.05897392064323, "x6": 1.1648671802101114, "x7": -3.521201464554341, "x8": 0.1768767714061623, "x9": 2.8}, "datetime": {"datetime": "2025-05-09 20:26:15", "elapsed": 1213.512786, "delta": 9.196642}}
{"target": 272.7444043131332, "params": {"x0": 0.8, "x1": 0.9, "x2": 0.20576941283527284, "x3": 2.616334376534122, "x4": 4.229936038415083, "x5": 5.05816178769608, "x6": 1.1646023858767842, "x7": -3.5213266812779147, "x8": 0.1759611803675761, "x9": 2.8}, "datetime": {"datetime": "2025-05-09 20:26:25", "elapsed": 1222.801031, "delta": 9.288245}}
{"target": 272.44588607839523, "params": {"x0": 0.8, "x1": 0.9, "x2": 0.2057408086428023, "x3": 2.616176985389134, "x4": 4.229893893348258, "x5": 5.044274314299815, "x6": 1.1643640709767897, "x7": -3.5214393763291314, "x8": 0.17600455046940386, "x9": 2.8}, "datetime": {"datetime": "2025-05-09 20:26:34", "elapsed": 1232.252394, "delta": 9.451363}}
{"target": 272.7444043131332, "params": {"x0": 0.8, "x1": 0.9, "x2": 0.20571506486957886, "x3": 2.6134855968098427, "x4": 4.229855962788116, "x5": 5.056773040356454, "x6": 1.1641495875667947, "x7": -3.5233664617049336, "x8": 0.17604358356104885, "x9": 2.8}, "datetime": {"datetime": "2025-05-09 20:26:43", "elapsed": 1241.647013, "delta": 9.394619}}
{"target": 272.7444043131332, "params": {"x0": 0.8, "x1": 0.9, "x2": 0.20569189547367775, "x3": 2.615907846531205, "x4": 4.229821825283987, "x5": 5.056180995437981, "x6": 1.1604819212558792, "x7": -3.5216320848667113, "x8": 0.17607871334352934, "x9": 2.8}, "datetime": {"datetime": "2025-05-09 20:26:53", "elapsed": 1251.229754, "delta": 9.582741}}
{"target": 272.7444043131332, "params": {"x0": 0.8, "x1": 0.9, "x2": 0.20567104301736674, "x3": 2.6157931083865087, "x4": 4.229791101530272, "x5": 5.055648155011356, "x6": 1.1606556528179752, "x7": -3.5217142395590484, "x8": 0.17611033014776178, "x9": 2.8}, "datetime": {"datetime": "2025-05-09 20:27:03", "elapsed": 1260.878286, "delta": 9.648532}}
{"target": 272.7444043131332, "params": {"x0": 0.8, "x1": 0.9, "x2": 0.20531446601444853, "x3": 2.6156898440562824, "x4": 4.229763450151928, "x5": 5.055168598627394, "x6": 1.1636264625298167, "x7": -3.5217881787821517, "x8": 0.17613878527157098, "x9": 2.8}, "datetime": {"datetime": "2025-05-09 20:27:12", "elapsed": 1270.387949, "delta": 9.509663}}
{"target": 272.7444043131332, "params": {"x0": 0.8, "x1": 0.9, "x2": 0.20533135650406045, "x3": 2.6155969061590785, "x4": 4.229738563911419, "x5": 5.054736997881827, "x6": 1.1634857399645189, "x7": -3.521854724082944, "x8": 0.17616439488299926, "x9": 2.8}, "datetime": {"datetime": "2025-05-09 20:27:22", "elapsed": 1279.863812, "delta": 9.475863}}
{"target": 272.7444043131332, "params": {"x0": 0.8, "x1": 0.9, "x2": 0.2056201838764242, "x3": 2.615513262051595, "x4": 4.22971616629496, "x5": 5.054348557210817, "x6": 1.1633590896557509, "x7": -3.521914614853658, "x8": 0.17618744353328472, "x9": 2.8}, "datetime": {"datetime": "2025-05-09 20:27:31", "elapsed": 1289.430041, "delta": 9.566229}}
{"target": 272.7444043131332, "params": {"x0": 0.8, "x1": 0.9, "x2": 0.20560650257983853, "x3": 2.61543798235486, "x4": 4.229696008440148, "x5": 5.053998960606909, "x6": 1.1632451043778598, "x7": -3.5219685165473003, "x8": 0.17620818731854163, "x9": 2.8}, "datetime": {"datetime": "2025-05-09 20:27:41", "elapsed": 1298.814113, "delta": 9.384072}}
{"target": 272.7444043131332, "params": {"x0": 0.8, "x1": 0.9, "x2": 0.20559418941291144, "x3": 2.615370230627798, "x4": 4.2296778663708166, "x5": 5.053684323663391, "x6": 1.1631425176277577, "x7": -3.522017028071578, "x8": 0.17622685672527283, "x9": 2.8}, "datetime": {"datetime": "2025-05-09 20:27:50", "elapsed": 1308.236132, "delta": 9.422019}}
{"target": 272.7444043131332, "params": {"x0": 0.8, "x1": 0.9, "x2": 0.2055831075626771, "x3": 2.615309254073443, "x4": 4.2296615385084175, "x5": 5.053401150414225, "x6": 1.163050189552666, "x7": -3.5220606884434282, "x8": 0.17624365919133092, "x9": 2.8}, "datetime": {"datetime": "2025-05-09 20:27:59", "elapsed": 1317.55121, "delta": 9.315078}}
{"target": 272.7444043131332, "params": {"x0": 0.8, "x1": 0.9, "x2": 0.20557313389746612, "x3": 2.615254375174523, "x4": 4.22964684343226, "x5": 5.053146294489975, "x6": 1.1629670942850832, "x7": -3.5220999827780934, "x8": 0.17625878141078322, "x9": 2.8}, "datetime": {"datetime": "2025-05-09 20:28:09", "elapsed": 1327.088921, "delta": 9.537711}}
{"target": 272.7444043131332, "params": {"x0": 0.8, "x1": 0.9, "x2": 0.20556415759877628, "x3": 2.615204984165495, "x4": 4.229633617863717, "x5": 5.052916924158151, "x6": 1.1628923085442588, "x7": -3.522135347679292, "x8": 0.17627239140829026, "x9": 2.8}, "datetime": {"datetime": "2025-05-09 20:28:18", "elapsed": 1336.595396, "delta": 9.506475}}
{"target": 272.7444043131332, "params": {"x0": 0.8, "x1": 0.9, "x2": 0.20555607892995542, "x3": 2.61516053225737, "x4": 4.229621714852028, "x5": 5.052710490859509, "x6": 1.1628250013775168, "x7": -3.5221671760903708, "x8": 0.1762846404060466, "x9": 2.8}, "datetime": {"datetime": "2025-05-09 20:28:28", "elapsed": 1346.27103, "delta": 9.675634}}
{"target": 272.7444043131332, "params": {"x0": 0.8, "x1": 0.9, "x2": 0.20554880812801665, "x3": 2.6151205255400574, "x4": 4.229611002141509, "x5": 5.052524700890731, "x6": 1.1627644249274491, "x7": -3.5221958216603415, "x8": 0.17629566450402734, "x9": 2.8}, "datetime": {"datetime": "2025-05-09 20:28:38", "elapsed": 1355.878018, "delta": 9.606988}}
{"target": 272.7444043131332, "params": {"x0": 0.8, "x1": 0.9, "x2": 0.20554226440627174, "x3": 2.6150845194944763, "x4": 4.229601360702041, "x5": 5.052357489918831, "x6": 1.162709906122388, "x7": -3.5222216026733157, "x8": 0.17630558619220998, "x9": 2.8}, "datetime": {"datetime": "2025-05-09 20:28:47", "elapsed": 1365.571661, "delta": 9.693643}}
{"target": 272.7444043131332, "params": {"x0": 0.8, "x1": 0.9, "x2": 0.20553637505670136, "x3": 2.615052114053453, "x4": 4.229592683406521, "x5": 5.05220700004412, "x6": 1.1626608391978333, "x7": -3.5222448055849918, "x8": 0.17631451571157436, "x9": 2.8}, "datetime": {"datetime": "2025-05-09 20:28:57", "elapsed": 1374.984818, "delta": 9.413157}}
{"target": 272.7444043131332, "params": {"x0": 0.8, "x1": 0.9, "x2": 0.20553107464208797, "x3": 2.6150229491565318, "x4": 4.229584873840552, "x5": 5.052071559156881, "x6": 1.1626166789657337, "x7": -3.5222656882055006, "x8": 0.1763225522790023, "x9": 2.8}, "datetime": {"datetime": "2025-05-09 20:29:06", "elapsed": 1384.298465, "delta": 9.313647}}
{"target": 272.7444043131332, "params": {"x0": 0.8, "x1": 0.9, "x2": 0.20552630426893595, "x3": 2.614996700749303, "x4": 4.22957784523118, "x5": 5.051949662358367, "x6": 1.1625769347568442, "x7": -3.5222844825639585, "x8": 0.17632978518968745, "x9": 2.8}, "datetime": {"datetime": "2025-05-09 20:29:16", "elapsed": 1393.850708, "delta": 9.552243}}
{"target": 272.7444043131332, "params": {"x0": 0.8, "x1": 0.9, "x2": 0.20552201093309913, "x3": 2.614973077182797, "x4": 4.229571519482746, "x5": 5.051839955239703, "x6": 1.1625411649688437, "x7": -3.522301397486571, "x8": 0.17633629480930407, "x9": 2.8}, "datetime": {"datetime": "2025-05-09 20:29:25", "elapsed": 1403.094904, "delta": 9.244196}}
{"target": 272.7444043131332, "params": {"x0": 0.8, "x1": 0.9, "x2": 0.20551814693084597, "x3": 2.614951815972942, "x4": 4.2295658263091545, "x5": 5.051741218832905, "x6": 1.1625089721596433, "x7": -3.522316620916922, "x8": 0.17634215346695906, "x9": 2.8}, "datetime": {"datetime": "2025-05-09 20:29:34", "elapsed": 1412.518333, "delta": 9.423429}}
{"target": 272.7444043131332, "params": {"x0": 0.8, "x1": 0.9, "x2": 0.20551466932881815, "x3": 2.6149326808840723, "x4": 4.229560702452922, "x5": 5.051652356066788, "x6": 1.162479998631363, "x7": -3.5223303220042377, "x8": 0.17634742625884853, "x9": 2.8}, "datetime": {"datetime": "2025-05-09 20:29:44", "elapsed": 1421.853261, "delta": 9.334928}}
{"target": 272.7444043131332, "params": {"x0": 0.8, "x1": 0.9, "x2": 0.2055115394869931, "x3": 2.6149154593040893, "x4": 4.229556090982313, "x5": 5.051572379577283, "x6": 1.1624539224559105, "x7": -3.5223426529828217, "x8": 0.17635217177154905, "x9": 2.8}, "datetime": {"datetime": "2025-05-09 20:29:53", "elapsed": 1431.380325, "delta": 9.527064}}
{"target": 272.7444043131332, "params": {"x0": 0.8, "x1": 0.9, "x2": 0.20550872262935055, "x3": 2.6148999598821048, "x4": 4.229551940658765, "x5": 5.051500400736727, "x6": 1.1624304538980035, "x7": -3.5223537508635476, "x8": 0.1763564427329795, "x9": 2.8}, "datetime": {"datetime": "2025-05-09 20:30:03", "elapsed": 1441.186308, "delta": 9.805983}}
{"target": 272.7444043131332, "params": {"x0": 0.8, "x1": 0.9, "x2": 0.20550618745747226, "x3": 2.614886010402319, "x4": 4.229548205367572, "x5": 5.051435619780228, "x6": 1.162409332195887, "x7": -3.5223637389562006, "x8": 0.17636028659826694, "x9": 2.8}, "datetime": {"datetime": "2025-05-09 20:30:12", "elapsed": 1450.643373, "delta": 9.457065}}
{"target": 272.7444043131332, "params": {"x0": 0.8, "x1": 0.9, "x2": 0.2055039058027818, "x3": 2.6148734558705113, "x4": 4.229544843605498, "x5": 5.051377316919377, "x6": 1.1623903226639822, "x7": -3.522372728239589, "x8": 0.17636374607702562, "x9": 2.8}, "datetime": {"datetime": "2025-05-09 20:30:22", "elapsed": 1460.402987, "delta": 9.759614}}
{"target": 272.7444043131332, "params": {"x0": 0.8, "x1": 0.9, "x2": 0.20550185231356038, "x3": 2.6148621567918844, "x4": 4.229541818019632, "x5": 5.051324844344613, "x6": 1.1623732140852678, "x7": -3.522380818594638, "x8": 0.17636685960790843, "x9": 2.8}, "datetime": {"datetime": "2025-05-09 20:30:32", "elapsed": 1470.718902, "delta": 10.315915}}
{"target": 272.7444043131332, "params": {"x0": 0.8, "x1": 0.9, "x2": 0.2055000041732611, "x3": 2.6148519876211203, "x4": 4.229539094992352, "x5": 5.051277619027324, "x6": 1.162357816364425, "x7": -3.522388099914182, "x8": 0.17636966178570296, "x9": 2.8}, "datetime": {"datetime": "2025-05-09 20:30:42", "elapsed": 1480.35002, "delta": 9.631118}}
{"target": 272.7444043131332, "params": {"x0": 0.8, "x1": 0.9, "x2": 0.20549834084699178, "x3": 2.614842835367433, "x4": 4.2295366442678, "x5": 5.051235116241765, "x6": 1.1623439584156665, "x7": -3.522394653101772, "x8": 0.17637218374571806, "x9": 2.8}, "datetime": {"datetime": "2025-05-09 20:30:52", "elapsed": 1489.798473, "delta": 9.448453}}
{"target": 272.7444043131332, "params": {"x0": 0.8, "x1": 0.9, "x2": 0.20549684385334938, "x3": 2.614834598339114, "x4": 4.229534438615703, "x5": 5.051196863734762, "x6": 1.1623314862617837, "x7": -3.5224005509706027, "x8": 0.17637445350973163, "x9": 2.8}, "datetime": {"datetime": "2025-05-09 20:31:02", "elapsed": 1499.760134, "delta": 9.961661}}
{"target": 272.7444043131332, "params": {"x0": 0.8, "x1": 0.9, "x2": 0.2054954965590712, "x3": 2.614827185013627, "x4": 4.229532453528816, "x5": 5.051162436478458, "x6": 1.1623202613232892, "x7": -3.5224058590525504, "x8": 0.17637649629734384, "x9": 2.8}, "datetime": {"datetime": "2025-05-09 20:31:11", "elapsed": 1509.440766, "delta": 9.680632}}
{"target": 272.7444043131332, "params": {"x0": 0.8, "x1": 0.9, "x2": 0.20549428399422084, "x3": 2.6148205130206885, "x4": 4.229530666950618, "x5": 5.051131451947786, "x6": 1.1623101588786442, "x7": -3.5224106363263035, "x8": 0.17637833480619483, "x9": 2.8}, "datetime": {"datetime": "2025-05-09 20:31:21", "elapsed": 1519.147468, "delta": 9.706702}}
{"target": 272.7444043131332, "params": {"x0": 0.8, "x1": 0.9, "x2": 0.20549319268585553, "x3": 2.614814508227044, "x4": 4.22952905903024, "x5": 5.05110356587018, "x6": 1.1623010666784637, "x7": -3.522414935872681, "x8": 0.17637998946416072, "x9": 2.8}, "datetime": {"datetime": "2025-05-09 20:31:31", "elapsed": 1528.85322, "delta": 9.705752}}
{"target": 272.7444043131332, "params": {"x0": 0.8, "x1": 0.9, "x2": 0.20549221050832675, "x3": 2.6148091039127643, "x4": 4.229527611901899, "x5": 5.051078468400335, "x6": 1.1622928836983013, "x7": -3.522418805464421, "x8": 0.17638147865633003, "x9": 2.8}, "datetime": {"datetime": "2025-05-09 20:31:40", "elapsed": 1538.496412, "delta": 9.643192}}
{"target": 272.7444043131332, "params": {"x0": 0.8, "x1": 0.9, "x2": 0.20549132654855085, "x3": 2.6148042400299123, "x4": 4.229526309486393, "x5": 5.051055880677475, "x6": 1.162285519016155, "x7": -3.522422288096987, "x8": 0.1763828189292824, "x9": 2.8}, "datetime": {"datetime": "2025-05-09 20:31:50", "elapsed": 1548.145036, "delta": 9.648624}}
{"target": 272.7444043131332, "params": {"x0": 0.8, "x1": 0.9, "x2": 0.20549053098475253, "x3": 2.6147998625353455, "x4": 4.229525137312437, "x5": 5.0510355517269, "x6": 1.1622788908022235, "x7": -3.522425422466296, "x8": 0.17638402517493953, "x9": 2.8}, "datetime": {"datetime": "2025-05-09 20:32:00", "elapsed": 1557.853765, "delta": 9.708729}}
{"target": 272.7444043131332, "params": {"x0": 0.8, "x1": 0.9, "x2": 0.20548981497733404, "x3": 2.6147959227902353, "x4": 4.229524082355876, "x5": 5.0510172556713835, "x6": 1.162272925409685, "x7": -3.522428243398674, "x8": 0.17638511079603097, "x9": 2.8}, "datetime": {"datetime": "2025-05-09 20:32:09", "elapsed": 1567.343933, "delta": 9.490168}}
{"target": 272.7444043131332, "params": {"x0": 0.8, "x1": 0.9, "x2": 0.2054891705706574, "x3": 2.614792377019636, "x4": 4.229523132894972, "x5": 5.051000789221418, "x6": 1.1622675565564005, "x7": -3.522430782237815, "x8": 0.17638608785501325, "x9": 2.8}, "datetime": {"datetime": "2025-05-09 20:32:19", "elapsed": 1577.115352, "delta": 9.771419}}
{"target": 272.7444043131332, "params": {"x0": 0.8, "x1": 0.9, "x2": 0.20548859060464844, "x3": 2.6147891858260968, "x4": 4.229522278380158, "x5": 5.050985969416449, "x6": 1.1622627245884443, "x7": -3.5224330671930413, "x8": 0.1763869672080973, "x9": 2.8}, "datetime": {"datetime": "2025-05-09 20:32:28", "elapsed": 1586.513937, "delta": 9.398585}}
{"target": 272.7444043131332, "params": {"x0": 0.8, "x1": 0.9, "x2": 0.20548806863524036, "x3": 2.6147863137519116, "x4": 4.229521509316825, "x5": 5.050972631591978, "x6": 1.1622583758172838, "x7": -3.522435123652745, "x8": 0.17638775862587294, "x9": 2.8}, "datetime": {"datetime": "2025-05-09 20:32:38", "elapsed": 1596.319718, "delta": 9.805781}}
{"target": 272.7444043131332, "params": {"x0": 0.8, "x1": 0.9, "x2": 0.2054875988627731, "x3": 2.6147837288851448, "x4": 4.229520817159826, "x5": 5.050960627549952, "x6": 1.1622544619232393, "x7": -3.522436974466479, "x8": 0.17638847090187101, "x9": 2.8}, "datetime": {"datetime": "2025-05-09 20:32:47", "elapsed": 1605.51474, "delta": 9.195022}}
{"target": 272.7444043131332, "params": {"x0": 0.8, "x1": 0.9, "x2": 0.20548717606755254, "x3": 2.614781402505055, "x4": 4.229520194218527, "x5": 5.050949823912131, "x6": 1.1622509394185994, "x7": -3.522438640198839, "x8": 0.1763891119502693, "x9": 2.8}, "datetime": {"datetime": "2025-05-09 20:32:57", "elapsed": 1615.069182, "delta": 9.554442}}
{"target": 272.7444043131332, "params": {"x0": 0.8, "x1": 0.9, "x2": 0.20548679555185406, "x3": 2.614779308762974, "x4": 4.229519633571358, "x5": 5.0509401006380905, "x6": 1.1622477691644233, "x7": -3.522440139357963, "x8": 0.17638968889382775, "x9": 2.8}, "datetime": {"datetime": "2025-05-09 20:33:07", "elapsed": 1624.971692, "delta": 9.90251}}
{"target": 272.7444043131332, "params": {"x0": 0.8, "x1": 0.9, "x2": 0.20548645308772542, "x3": 2.6147774243951005, "x4": 4.229519128988906, "x5": 5.050931349691454, "x6": 1.162244915935665, "x7": -3.522441488601175, "x8": 0.17639020814303036, "x9": 2.8}, "datetime": {"datetime": "2025-05-09 20:33:17", "elapsed": 1634.993328, "delta": 10.021636}}
{"target": 272.7444043131332, "params": {"x0": 0.8, "x1": 0.9, "x2": 0.20548614487000966, "x3": 2.614775728464015, "x4": 4.229518674864698, "x5": 5.0509234738394815, "x6": 1.1622423480297823, "x7": -3.522442702920065, "x8": 0.17639067546731269, "x9": 2.8}, "datetime": {"datetime": "2025-05-09 20:33:26", "elapsed": 1644.450575, "delta": 9.457247}}
{"target": 272.7444043131332, "params": {"x0": 0.8, "x1": 0.9, "x2": 0.20548586747406544, "x3": 2.614774202126038, "x4": 4.229518266152912, "x5": 5.050916385572707, "x6": 1.162240036914488, "x7": -3.5224437958070665, "x8": 0.1763910960591668, "x9": 2.8}, "datetime": {"datetime": "2025-05-09 20:33:36", "elapsed": 1654.183936, "delta": 9.733361}}
{"target": 272.7444043131332, "params": {"x0": 0.8, "x1": 0.9, "x2": 0.20548561781771568, "x3": 2.6147728284218585, "x4": 4.229517898312304, "x5": 5.050910006132609, "x6": 1.162237956910723, "x7": -3.522444779405368, "x8": 0.1763914745918355, "x9": 2.8}, "datetime": {"datetime": "2025-05-09 20:33:46", "elapsed": 1663.925966, "delta": 9.74203}}
{"target": 272.7444043131332, "params": {"x0": 0.8, "x1": 0.9, "x2": 0.20548539312700087, "x3": 2.614771592088097, "x4": 4.229517567255757, "x5": 5.050904264636521, "x6": 1.1622360849073348, "x7": -3.5224456646438393, "x8": 0.17639181527123732, "x9": 2.8}, "datetime": {"datetime": "2025-05-09 20:33:56", "elapsed": 1674.135883, "delta": 10.209917}}
{"target": 272.7444043131332, "params": {"x0": 0.8, "x1": 0.9, "x2": 0.20548519090535755, "x3": 2.614770479387712, "x4": 4.229517269304864, "x5": 5.050899097290042, "x6": 1.1622344001042852, "x7": -3.5224464613584634, "x8": 0.17639212188269895, "x9": 2.8}, "datetime": {"datetime": "2025-05-09 20:34:06", "elapsed": 1684.023118, "delta": 9.887235}}
{"target": 272.7444043131332, "params": {"x0": 0.8, "x1": 0.9, "x2": 0.20548500890587856, "x3": 2.614769477957365, "x4": 4.229517001149062, "x5": 5.05089444667821, "x6": 1.1622328837815405, "x7": -3.5224471784016247, "x8": 0.17639239783301444, "x9": 2.8}, "datetime": {"datetime": "2025-05-09 20:34:16", "elapsed": 1693.750195, "delta": 9.727077}}
{"target": 272.7444043131332, "params": {"x0": 0.8, "x1": 0.9, "x2": 0.20548484510634749, "x3": 2.614768576670053, "x4": 4.229516759808838, "x5": 5.050890261127563, "x6": 1.1622315190910704, "x7": -3.5224478237404706, "x8": 0.1763926461882984, "x9": 2.8}, "datetime": {"datetime": "2025-05-09 20:34:25", "elapsed": 1703.665174, "delta": 9.914979}}
{"target": 272.7444043131332, "params": {"x0": 0.8, "x1": 0.9, "x2": 0.2054846976867695, "x3": 2.614767765511472, "x4": 4.229516542602638, "x5": 5.050886494131979, "x6": 1.1622302908696474, "x7": -3.522448404545431, "x8": 0.17639286970805393, "x9": 2.8}, "datetime": {"datetime": "2025-05-09 20:34:35", "elapsed": 1713.295488, "delta": 9.630314}}
{"target": 272.7444043131332, "params": {"x0": 0.8, "x1": 0.9, "x2": 0.2054845650091493, "x3": 2.6147670354687493, "x4": 4.229516347117057, "x5": 5.050883103835955, "x6": 1.1622291854703666, "x7": -3.5224489272698962, "x8": 0.1763930708758339, "x9": 2.8}, "datetime": {"datetime": "2025-05-09 20:34:45", "elapsed": 1722.990676, "delta": 9.695188}}
{"target": 272.7444043131332, "params": {"x0": 0.8, "x1": 0.9, "x2": 0.20548444559929116, "x3": 2.6147663784302986, "x4": 4.229516171180035, "x5": 5.050880052569532, "x6": 1.1622281906110137, "x7": -3.5224493977219145, "x8": 0.1763932519268359, "x9": 2.8}, "datetime": {"datetime": "2025-05-09 20:34:54", "elapsed": 1732.701192, "delta": 9.710516}}
