{"target": 272.7444043131332, "params": {"x0": 0.8, "x1": 0.9, "x2": 0.20548337091056768, "x3": 2.614760465084244, "x4": 4.229514587746833, "x5": 5.05085259117173, "x6": 1.1622192368768391, "x7": -3.52245363179008, "x8": 0.17639488138585377, "x9": 2.8}, "datetime": {"datetime": "2025-05-10 00:39:16", "elapsed": 16394.438748, "delta": 20.939946}}
{"target": 272.7444043131332, "params": {"x0": 0.8, "x1": 0.9, "x2": 0.20548337091056768, "x3": 2.614760465084244, "x4": 4.229514587746833, "x5": 5.05085259117173, "x6": 1.1622192368768391, "x7": -3.52245363179008, "x8": 0.17639488138585377, "x9": 2.8}, "datetime": {"datetime": "2025-05-10 00:39:42", "elapsed": 16420.071351, "delta": 25.632603}}
{"target": 272.7444043131332, "params": {"x0": 0.8, "x1": 0.9, "x2": 0.20548337091056768, "x3": 2.614760465084244, "x4": 4.229514587746833, "x5": 5.05085259117173, "x6": 1.1622192368768391, "x7": -3.52245363179008, "x8": 0.17639488138585377, "x9": 2.8}, "datetime": {"datetime": "2025-05-10 00:40:10", "elapsed": 16447.928861, "delta": 27.85751}}
{"target": 272.7444043131332, "params": {"x0": 0.8, "x1": 0.9, "x2": 0.20548337091056768, "x3": 2.614760465084244, "x4": 4.229514587746833, "x5": 5.05085259117173, "x6": 1.1622192368768391, "x7": -3.52245363179008, "x8": 0.17639488138585377, "x9": 2.8}, "datetime": {"datetime": "2025-05-10 00:40:36", "elapsed": 16473.857337, "delta": 25.928476}}
{"target": 272.7444043131332, "params": {"x0": 0.8, "x1": 0.9, "x2": 0.20548337091056768, "x3": 2.614760465084244, "x4": 4.229514587746833, "x5": 5.05085259117173, "x6": 1.1622192368768391, "x7": -3.52245363179008, "x8": 0.17639488138585377, "x9": 2.8}, "datetime": {"datetime": "2025-05-10 00:41:11", "elapsed": 16509.184359, "delta": 35.327022}}
{"target": 272.7444043131332, "params": {"x0": 0.8, "x1": 0.9, "x2": 0.20548337091056768, "x3": 2.614760465084244, "x4": 4.229514587746833, "x5": 5.05085259117173, "x6": 1.1622192368768391, "x7": -3.52245363179008, "x8": 0.17639488138585377, "x9": 2.8}, "datetime": {"datetime": "2025-05-10 00:41:34", "elapsed": 16532.654021, "delta": 23.469662}}
{"target": 272.7444043131332, "params": {"x0": 0.8, "x1": 0.9, "x2": 0.20548337091056768, "x3": 2.614760465084244, "x4": 4.229514587746833, "x5": 5.05085259117173, "x6": 1.1622192368768391, "x7": -3.52245363179008, "x8": 0.17639488138585377, "x9": 2.8}, "datetime": {"datetime": "2025-05-10 00:41:55", "elapsed": 16553.355828, "delta": 20.701807}}
{"target": 272.7444043131332, "params": {"x0": 0.8, "x1": 0.9, "x2": 0.20548337091056768, "x3": 2.614760465084244, "x4": 4.229514587746833, "x5": 5.05085259117173, "x6": 1.1622192368768391, "x7": -3.52245363179008, "x8": 0.17639488138585377, "x9": 2.8}, "datetime": {"datetime": "2025-05-10 00:42:14", "elapsed": 16571.843334, "delta": 18.487506}}
{"target": 272.7444043131332, "params": {"x0": 0.8, "x1": 0.9, "x2": 0.20548337091056768, "x3": 2.614760465084244, "x4": 4.229514587746833, "x5": 5.05085259117173, "x6": 1.1622192368768391, "x7": -3.52245363179008, "x8": 0.17639488138585377, "x9": 2.8}, "datetime": {"datetime": "2025-05-10 00:42:32", "elapsed": 16590.23309, "delta": 18.389756}}
{"target": 272.7444043131332, "params": {"x0": 0.8, "x1": 0.9, "x2": 0.20548337091056768, "x3": 2.614760465084244, "x4": 4.229514587746833, "x5": 5.05085259117173, "x6": 1.1622192368768391, "x7": -3.52245363179008, "x8": 0.17639488138585377, "x9": 2.8}, "datetime": {"datetime": "2025-05-10 00:42:54", "elapsed": 16611.953568, "delta": 21.720478}}
{"target": 272.7444043131332, "params": {"x0": 0.8, "x1": 0.9, "x2": 0.20548337091056768, "x3": 2.614760465084244, "x4": 4.229514587746833, "x5": 5.05085259117173, "x6": 1.1622192368768391, "x7": -3.52245363179008, "x8": 0.17639488138585377, "x9": 2.8}, "datetime": {"datetime": "2025-05-10 00:43:19", "elapsed": 16637.385281, "delta": 25.431713}}
{"target": 272.7444043131332, "params": {"x0": 0.8, "x1": 0.9, "x2": 0.20548337091056768, "x3": 2.614760465084244, "x4": 4.229514587746833, "x5": 5.05085259117173, "x6": 1.1622192368768391, "x7": -3.52245363179008, "x8": 0.17639488138585377, "x9": 2.8}, "datetime": {"datetime": "2025-05-10 00:43:45", "elapsed": 16662.810925, "delta": 25.425644}}
{"target": 272.7444043131332, "params": {"x0": 0.8, "x1": 0.9, "x2": 0.20548337091056768, "x3": 2.614760465084244, "x4": 4.229514587746833, "x5": 5.05085259117173, "x6": 1.1622192368768391, "x7": -3.52245363179008, "x8": 0.17639488138585377, "x9": 2.8}, "datetime": {"datetime": "2025-05-10 00:44:11", "elapsed": 16688.876311, "delta": 26.065386}}
{"target": 272.7444043131332, "params": {"x0": 0.8, "x1": 0.9, "x2": 0.20548337091056768, "x3": 2.614760465084244, "x4": 4.229514587746833, "x5": 5.05085259117173, "x6": 1.1622192368768391, "x7": -3.52245363179008, "x8": 0.17639488138585377, "x9": 2.8}, "datetime": {"datetime": "2025-05-10 00:44:41", "elapsed": 16718.769572, "delta": 29.893261}}
{"target": 272.7444043131332, "params": {"x0": 0.8, "x1": 0.9, "x2": 0.20548337091056768, "x3": 2.614760465084244, "x4": 4.229514587746833, "x5": 5.05085259117173, "x6": 1.1622192368768391, "x7": -3.52245363179008, "x8": 0.17639488138585377, "x9": 2.8}, "datetime": {"datetime": "2025-05-10 00:45:08", "elapsed": 16746.522786, "delta": 27.753214}}
{"target": 272.7444043131332, "params": {"x0": 0.8, "x1": 0.9, "x2": 0.20548337091056768, "x3": 2.614760465084244, "x4": 4.229514587746833, "x5": 5.05085259117173, "x6": 1.1622192368768391, "x7": -3.52245363179008, "x8": 0.17639488138585377, "x9": 2.8}, "datetime": {"datetime": "2025-05-10 00:45:38", "elapsed": 16775.928863, "delta": 29.406077}}
{"target": 272.7444043131332, "params": {"x0": 0.8, "x1": 0.9, "x2": 0.20548337091056768, "x3": 2.614760465084244, "x4": 4.229514587746833, "x5": 5.05085259117173, "x6": 1.1622192368768391, "x7": -3.52245363179008, "x8": 0.17639488138585377, "x9": 2.8}, "datetime": {"datetime": "2025-05-10 00:46:04", "elapsed": 16802.294456, "delta": 26.365593}}
{"target": 272.7444043131332, "params": {"x0": 0.8, "x1": 0.9, "x2": 0.20548337091056768, "x3": 2.614760465084244, "x4": 4.229514587746833, "x5": 5.05085259117173, "x6": 1.1622192368768391, "x7": -3.52245363179008, "x8": 0.17639488138585377, "x9": 2.8}, "datetime": {"datetime": "2025-05-10 00:46:23", "elapsed": 16821.29626, "delta": 19.001804}}
{"target": 272.7444043131332, "params": {"x0": 0.8, "x1": 0.9, "x2": 0.20548337091056768, "x3": 2.614760465084244, "x4": 4.229514587746833, "x5": 5.05085259117173, "x6": 1.1622192368768391, "x7": -3.52245363179008, "x8": 0.17639488138585377, "x9": 2.8}, "datetime": {"datetime": "2025-05-10 00:46:49", "elapsed": 16847.66452, "delta": 26.36826}}
{"target": 272.7444043131332, "params": {"x0": 0.8, "x1": 0.9, "x2": 0.20548337091056768, "x3": 2.614760465084244, "x4": 4.229514587746833, "x5": 5.05085259117173, "x6": 1.1622192368768391, "x7": -3.52245363179008, "x8": 0.17639488138585377, "x9": 2.8}, "datetime": {"datetime": "2025-05-10 00:47:16", "elapsed": 16874.195478, "delta": 26.530958}}
{"target": 272.7444043131332, "params": {"x0": 0.8, "x1": 0.9, "x2": 0.20548337091056768, "x3": 2.614760465084244, "x4": 4.229514587746833, "x5": 5.05085259117173, "x6": 1.1622192368768391, "x7": -3.52245363179008, "x8": 0.17639488138585377, "x9": 2.8}, "datetime": {"datetime": "2025-05-10 00:47:37", "elapsed": 16895.221262, "delta": 21.025784}}
{"target": 272.7444043131332, "params": {"x0": 0.8, "x1": 0.9, "x2": 0.20548337091056768, "x3": 2.614760465084244, "x4": 4.229514587746833, "x5": 5.05085259117173, "x6": 1.1622192368768391, "x7": -3.52245363179008, "x8": 0.17639488138585377, "x9": 2.8}, "datetime": {"datetime": "2025-05-10 00:48:03", "elapsed": 16921.195149, "delta": 25.973887}}
{"target": 272.7444043131332, "params": {"x0": 0.8, "x1": 0.9, "x2": 0.20548337091056768, "x3": 2.614760465084244, "x4": 4.229514587746833, "x5": 5.05085259117173, "x6": 1.1622192368768391, "x7": -3.52245363179008, "x8": 0.17639488138585377, "x9": 2.8}, "datetime": {"datetime": "2025-05-10 00:48:24", "elapsed": 16942.695048, "delta": 21.499899}}
{"target": 272.7444043131332, "params": {"x0": 0.8, "x1": 0.9, "x2": 0.20548337091056768, "x3": 2.614760465084244, "x4": 4.229514587746833, "x5": 5.05085259117173, "x6": 1.1622192368768391, "x7": -3.52245363179008, "x8": 0.17639488138585377, "x9": 2.8}, "datetime": {"datetime": "2025-05-10 00:48:56", "elapsed": 16974.30198, "delta": 31.606932}}
{"target": 272.7444043131332, "params": {"x0": 0.8, "x1": 0.9, "x2": 0.20548337091056768, "x3": 2.614760465084244, "x4": 4.229514587746833, "x5": 5.05085259117173, "x6": 1.1622192368768391, "x7": -3.52245363179008, "x8": 0.17639488138585377, "x9": 2.8}, "datetime": {"datetime": "2025-05-10 00:49:25", "elapsed": 17003.299432, "delta": 28.997452}}
{"target": 272.7444043131332, "params": {"x0": 0.8, "x1": 0.9, "x2": 0.20548337091056768, "x3": 2.614760465084244, "x4": 4.229514587746833, "x5": 5.05085259117173, "x6": 1.1622192368768391, "x7": -3.52245363179008, "x8": 0.17639488138585377, "x9": 2.8}, "datetime": {"datetime": "2025-05-10 00:49:58", "elapsed": 17035.991073, "delta": 32.691641}}
{"target": 272.7444043131332, "params": {"x0": 0.8, "x1": 0.9, "x2": 0.20548337091056768, "x3": 2.614760465084244, "x4": 4.229514587746833, "x5": 5.05085259117173, "x6": 1.1622192368768391, "x7": -3.52245363179008, "x8": 0.17639488138585377, "x9": 2.8}, "datetime": {"datetime": "2025-05-10 00:50:25", "elapsed": 17062.799748, "delta": 26.808675}}
{"target": 272.7444043131332, "params": {"x0": 0.8, "x1": 0.9, "x2": 0.20548337091056768, "x3": 2.614760465084244, "x4": 4.229514587746833, "x5": 5.05085259117173, "x6": 1.1622192368768391, "x7": -3.52245363179008, "x8": 0.17639488138585377, "x9": 2.8}, "datetime": {"datetime": "2025-05-10 00:50:49", "elapsed": 17087.484292, "delta": 24.684544}}
{"target": 272.7444043131332, "params": {"x0": 0.8, "x1": 0.9, "x2": 0.20548337091056768, "x3": 2.614760465084244, "x4": 4.229514587746833, "x5": 5.05085259117173, "x6": 1.1622192368768391, "x7": -3.52245363179008, "x8": 0.17639488138585377, "x9": 2.8}, "datetime": {"datetime": "2025-05-10 00:51:13", "elapsed": 17111.437771, "delta": 23.953479}}
{"target": 272.7444043131332, "params": {"x0": 0.8, "x1": 0.9, "x2": 0.20548337091056768, "x3": 2.614760465084244, "x4": 4.229514587746833, "x5": 5.05085259117173, "x6": 1.1622192368768391, "x7": -3.52245363179008, "x8": 0.17639488138585377, "x9": 2.8}, "datetime": {"datetime": "2025-05-10 00:51:38", "elapsed": 17136.135554, "delta": 24.697783}}
{"target": 272.7444043131332, "params": {"x0": 0.8, "x1": 0.9, "x2": 0.20548337091056768, "x3": 2.614760465084244, "x4": 4.229514587746833, "x5": 5.05085259117173, "x6": 1.1622192368768391, "x7": -3.52245363179008, "x8": 0.17639488138585377, "x9": 2.8}, "datetime": {"datetime": "2025-05-10 00:52:02", "elapsed": 17159.856508, "delta": 23.720954}}
{"target": 272.7444043131332, "params": {"x0": 0.8, "x1": 0.9, "x2": 0.20548337091056768, "x3": 2.614760465084244, "x4": 4.229514587746833, "x5": 5.05085259117173, "x6": 1.1622192368768391, "x7": -3.52245363179008, "x8": 0.17639488138585377, "x9": 2.8}, "datetime": {"datetime": "2025-05-10 00:52:28", "elapsed": 17186.294508, "delta": 26.438}}
{"target": 272.7444043131332, "params": {"x0": 0.8, "x1": 0.9, "x2": 0.20548337091056768, "x3": 2.614760465084244, "x4": 4.229514587746833, "x5": 5.05085259117173, "x6": 1.1622192368768391, "x7": -3.52245363179008, "x8": 0.17639488138585377, "x9": 2.8}, "datetime": {"datetime": "2025-05-10 00:52:53", "elapsed": 17211.403334, "delta": 25.108826}}
{"target": 272.7444043131332, "params": {"x0": 0.8, "x1": 0.9, "x2": 0.20548337091056768, "x3": 2.614760465084244, "x4": 4.229514587746833, "x5": 5.05085259117173, "x6": 1.1622192368768391, "x7": -3.52245363179008, "x8": 0.17639488138585377, "x9": 2.8}, "datetime": {"datetime": "2025-05-10 00:53:26", "elapsed": 17244.248949, "delta": 32.845615}}
{"target": 272.7444043131332, "params": {"x0": 0.8, "x1": 0.9, "x2": 0.20548337091056768, "x3": 2.614760465084244, "x4": 4.229514587746833, "x5": 5.05085259117173, "x6": 1.1622192368768391, "x7": -3.52245363179008, "x8": 0.17639488138585377, "x9": 2.8}, "datetime": {"datetime": "2025-05-10 00:53:56", "elapsed": 17274.425786, "delta": 30.176837}}
{"target": 272.7444043131332, "params": {"x0": 0.8, "x1": 0.9, "x2": 0.20548337091056768, "x3": 2.614760465084244, "x4": 4.229514587746833, "x5": 5.05085259117173, "x6": 1.1622192368768391, "x7": -3.52245363179008, "x8": 0.17639488138585377, "x9": 2.8}, "datetime": {"datetime": "2025-05-10 00:54:25", "elapsed": 17303.413888, "delta": 28.988102}}
{"target": 272.7444043131332, "params": {"x0": 0.8, "x1": 0.9, "x2": 0.20548337091056768, "x3": 2.614760465084244, "x4": 4.229514587746833, "x5": 5.05085259117173, "x6": 1.1622192368768391, "x7": -3.52245363179008, "x8": 0.17639488138585377, "x9": 2.8}, "datetime": {"datetime": "2025-05-10 00:54:47", "elapsed": 17325.155029, "delta": 21.741141}}
{"target": 272.7444043131332, "params": {"x0": 0.8, "x1": 0.9, "x2": 0.20548337091056768, "x3": 2.614760465084244, "x4": 4.229514587746833, "x5": 5.05085259117173, "x6": 1.1622192368768391, "x7": -3.52245363179008, "x8": 0.17639488138585377, "x9": 2.8}, "datetime": {"datetime": "2025-05-10 00:55:12", "elapsed": 17349.767917, "delta": 24.612888}}
{"target": 272.7444043131332, "params": {"x0": 0.8, "x1": 0.9, "x2": 0.20548337091056768, "x3": 2.614760465084244, "x4": 4.229514587746833, "x5": 5.05085259117173, "x6": 1.1622192368768391, "x7": -3.52245363179008, "x8": 0.17639488138585377, "x9": 2.8}, "datetime": {"datetime": "2025-05-10 00:55:39", "elapsed": 17376.995026, "delta": 27.227109}}
{"target": 272.7444043131332, "params": {"x0": 0.8, "x1": 0.9, "x2": 0.20548337091056768, "x3": 2.614760465084244, "x4": 4.229514587746833, "x5": 5.05085259117173, "x6": 1.1622192368768391, "x7": -3.52245363179008, "x8": 0.17639488138585377, "x9": 2.8}, "datetime": {"datetime": "2025-05-10 00:56:00", "elapsed": 17398.341247, "delta": 21.346221}}
{"target": 272.7444043131332, "params": {"x0": 0.8, "x1": 0.9, "x2": 0.20548337091056768, "x3": 2.614760465084244, "x4": 4.229514587746833, "x5": 5.05085259117173, "x6": 1.1622192368768391, "x7": -3.52245363179008, "x8": 0.17639488138585377, "x9": 2.8}, "datetime": {"datetime": "2025-05-10 00:56:30", "elapsed": 17427.885568, "delta": 29.544321}}
{"target": 272.7444043131332, "params": {"x0": 0.8, "x1": 0.9, "x2": 0.20548337091056768, "x3": 2.614760465084244, "x4": 4.229514587746833, "x5": 5.05085259117173, "x6": 1.1622192368768391, "x7": -3.52245363179008, "x8": 0.17639488138585377, "x9": 2.8}, "datetime": {"datetime": "2025-05-10 00:56:54", "elapsed": 17452.223149, "delta": 24.337581}}
{"target": 272.7444043131332, "params": {"x0": 0.8, "x1": 0.9, "x2": 0.20548337091056768, "x3": 2.614760465084244, "x4": 4.229514587746833, "x5": 5.05085259117173, "x6": 1.1622192368768391, "x7": -3.52245363179008, "x8": 0.17639488138585377, "x9": 2.8}, "datetime": {"datetime": "2025-05-10 00:57:21", "elapsed": 17479.421996, "delta": 27.198847}}
{"target": 272.7444043131332, "params": {"x0": 0.8, "x1": 0.9, "x2": 0.20548337091056768, "x3": 2.614760465084244, "x4": 4.229514587746833, "x5": 5.05085259117173, "x6": 1.1622192368768391, "x7": -3.52245363179008, "x8": 0.17639488138585377, "x9": 2.8}, "datetime": {"datetime": "2025-05-10 00:57:53", "elapsed": 17511.565106, "delta": 32.14311}}
{"target": 272.7444043131332, "params": {"x0": 0.8, "x1": 0.9, "x2": 0.20548337091056768, "x3": 2.614760465084244, "x4": 4.229514587746833, "x5": 5.05085259117173, "x6": 1.1622192368768391, "x7": -3.52245363179008, "x8": 0.17639488138585377, "x9": 2.8}, "datetime": {"datetime": "2025-05-10 00:58:23", "elapsed": 17540.826944, "delta": 29.261838}}
{"target": 272.7444043131332, "params": {"x0": 0.8, "x1": 0.9, "x2": 0.20548337091056768, "x3": 2.614760465084244, "x4": 4.229514587746833, "x5": 5.05085259117173, "x6": 1.1622192368768391, "x7": -3.52245363179008, "x8": 0.17639488138585377, "x9": 2.8}, "datetime": {"datetime": "2025-05-10 00:58:55", "elapsed": 17573.270384, "delta": 32.44344}}
{"target": 272.7444043131332, "params": {"x0": 0.8, "x1": 0.9, "x2": 0.20548337091056768, "x3": 2.614760465084244, "x4": 4.229514587746833, "x5": 5.05085259117173, "x6": 1.1622192368768391, "x7": -3.52245363179008, "x8": 0.17639488138585377, "x9": 2.8}, "datetime": {"datetime": "2025-05-10 00:59:24", "elapsed": 17602.21425, "delta": 28.943866}}
{"target": 272.7444043131332, "params": {"x0": 0.8, "x1": 0.9, "x2": 0.20548337091056768, "x3": 2.614760465084244, "x4": 4.229514587746833, "x5": 5.05085259117173, "x6": 1.1622192368768391, "x7": -3.52245363179008, "x8": 0.17639488138585377, "x9": 2.8}, "datetime": {"datetime": "2025-05-10 00:59:50", "elapsed": 17628.035481, "delta": 25.821231}}
{"target": 272.7444043131332, "params": {"x0": 0.8, "x1": 0.9, "x2": 0.20548337091056768, "x3": 2.614760465084244, "x4": 4.229514587746833, "x5": 5.05085259117173, "x6": 1.1622192368768391, "x7": -3.52245363179008, "x8": 0.17639488138585377, "x9": 2.8}, "datetime": {"datetime": "2025-05-10 01:00:15", "elapsed": 17652.740303, "delta": 24.704822}}
{"target": 272.7444043131332, "params": {"x0": 0.8, "x1": 0.9, "x2": 0.20548337091056768, "x3": 2.614760465084244, "x4": 4.229514587746833, "x5": 5.05085259117173, "x6": 1.1622192368768391, "x7": -3.52245363179008, "x8": 0.17639488138585377, "x9": 2.8}, "datetime": {"datetime": "2025-05-10 01:00:38", "elapsed": 17676.567293, "delta": 23.82699}}
{"target": 272.7444043131332, "params": {"x0": 0.8, "x1": 0.9, "x2": 0.20548337091056768, "x3": 2.614760465084244, "x4": 4.229514587746833, "x5": 5.05085259117173, "x6": 1.1622192368768391, "x7": -3.52245363179008, "x8": 0.17639488138585377, "x9": 2.8}, "datetime": {"datetime": "2025-05-10 01:01:02", "elapsed": 17700.175876, "delta": 23.608583}}
{"target": 272.7444043131332, "params": {"x0": 0.8, "x1": 0.9, "x2": 0.20548337091056768, "x3": 2.614760465084244, "x4": 4.229514587746833, "x5": 5.05085259117173, "x6": 1.1622192368768391, "x7": -3.52245363179008, "x8": 0.17639488138585377, "x9": 2.8}, "datetime": {"datetime": "2025-05-10 01:01:29", "elapsed": 17727.105898, "delta": 26.930022}}
{"target": 272.7444043131332, "params": {"x0": 0.8, "x1": 0.9, "x2": 0.20548337091056768, "x3": 2.614760465084244, "x4": 4.229514587746833, "x5": 5.05085259117173, "x6": 1.1622192368768391, "x7": -3.52245363179008, "x8": 0.17639488138585377, "x9": 2.8}, "datetime": {"datetime": "2025-05-10 01:01:50", "elapsed": 17747.759898, "delta": 20.654}}
{"target": 272.7444043131332, "params": {"x0": 0.8, "x1": 0.9, "x2": 0.20548337091056768, "x3": 2.614760465084244, "x4": 4.229514587746833, "x5": 5.05085259117173, "x6": 1.1622192368768391, "x7": -3.52245363179008, "x8": 0.17639488138585377, "x9": 2.8}, "datetime": {"datetime": "2025-05-10 01:02:15", "elapsed": 17773.545554, "delta": 25.785656}}
{"target": 272.7444043131332, "params": {"x0": 0.8, "x1": 0.9, "x2": 0.20548337091056768, "x3": 2.614760465084244, "x4": 4.229514587746833, "x5": 5.05085259117173, "x6": 1.1622192368768391, "x7": -3.52245363179008, "x8": 0.17639488138585377, "x9": 2.8}, "datetime": {"datetime": "2025-05-10 01:02:46", "elapsed": 17804.643329, "delta": 31.097775}}
{"target": 272.7444043131332, "params": {"x0": 0.8, "x1": 0.9, "x2": 0.20548337091056768, "x3": 2.614760465084244, "x4": 4.229514587746833, "x5": 5.05085259117173, "x6": 1.1622192368768391, "x7": -3.52245363179008, "x8": 0.17639488138585377, "x9": 2.8}, "datetime": {"datetime": "2025-05-10 01:03:13", "elapsed": 17830.766628, "delta": 26.123299}}
{"target": 272.7444043131332, "params": {"x0": 0.8, "x1": 0.9, "x2": 0.20548337091056768, "x3": 2.614760465084244, "x4": 4.229514587746833, "x5": 5.05085259117173, "x6": 1.1622192368768391, "x7": -3.52245363179008, "x8": 0.17639488138585377, "x9": 2.8}, "datetime": {"datetime": "2025-05-10 01:03:37", "elapsed": 17854.99777, "delta": 24.231142}}
{"target": 272.7444043131332, "params": {"x0": 0.8, "x1": 0.9, "x2": 0.20548337091056768, "x3": 2.614760465084244, "x4": 4.229514587746833, "x5": 5.05085259117173, "x6": 1.1622192368768391, "x7": -3.52245363179008, "x8": 0.17639488138585377, "x9": 2.8}, "datetime": {"datetime": "2025-05-10 01:04:03", "elapsed": 17880.887229, "delta": 25.889459}}
{"target": 272.7444043131332, "params": {"x0": 0.8, "x1": 0.9, "x2": 0.20548337091056768, "x3": 2.614760465084244, "x4": 4.229514587746833, "x5": 5.05085259117173, "x6": 1.1622192368768391, "x7": -3.52245363179008, "x8": 0.17639488138585377, "x9": 2.8}, "datetime": {"datetime": "2025-05-10 01:04:30", "elapsed": 17908.405077, "delta": 27.517848}}
{"target": 272.7444043131332, "params": {"x0": 0.8, "x1": 0.9, "x2": 0.20548337091056768, "x3": 2.614760465084244, "x4": 4.229514587746833, "x5": 5.05085259117173, "x6": 1.1622192368768391, "x7": -3.52245363179008, "x8": 0.17639488138585377, "x9": 2.8}, "datetime": {"datetime": "2025-05-10 01:04:56", "elapsed": 17933.996926, "delta": 25.591849}}
{"target": 272.7444043131332, "params": {"x0": 0.8, "x1": 0.9, "x2": 0.20548337091056768, "x3": 2.614760465084244, "x4": 4.229514587746833, "x5": 5.05085259117173, "x6": 1.1622192368768391, "x7": -3.52245363179008, "x8": 0.17639488138585377, "x9": 2.8}, "datetime": {"datetime": "2025-05-10 01:05:28", "elapsed": 17965.970627, "delta": 31.973701}}
{"target": 272.7444043131332, "params": {"x0": 0.8, "x1": 0.9, "x2": 0.20548337091056768, "x3": 2.614760465084244, "x4": 4.229514587746833, "x5": 5.05085259117173, "x6": 1.1622192368768391, "x7": -3.52245363179008, "x8": 0.17639488138585377, "x9": 2.8}, "datetime": {"datetime": "2025-05-10 01:05:54", "elapsed": 17992.455422, "delta": 26.484795}}
{"target": 272.7444043131332, "params": {"x0": 0.8, "x1": 0.9, "x2": 0.20548337091056768, "x3": 2.614760465084244, "x4": 4.229514587746833, "x5": 5.05085259117173, "x6": 1.1622192368768391, "x7": -3.52245363179008, "x8": 0.17639488138585377, "x9": 2.8}, "datetime": {"datetime": "2025-05-10 01:06:19", "elapsed": 18017.574244, "delta": 25.118822}}
