{"target": 272.7444043131332, "params": {"x0": 0.8, "x1": 0.9, "x2": 0.20548337091056768, "x3": 2.614760465084244, "x4": 4.229514587746833, "x5": 5.05085259117173, "x6": 1.1622192368768391, "x7": -3.52245363179008, "x8": 0.17639488138585377, "x9": 2.8}, "datetime": {"datetime": "2025-05-09 22:04:18", "elapsed": 7096.392177, "delta": 12.037677}}
{"target": 272.7444043131332, "params": {"x0": 0.8, "x1": 0.9, "x2": 0.20548337091056768, "x3": 2.614760465084244, "x4": 4.229514587746833, "x5": 5.05085259117173, "x6": 1.1622192368768391, "x7": -3.52245363179008, "x8": 0.17639488138585377, "x9": 2.8}, "datetime": {"datetime": "2025-05-09 22:04:30", "elapsed": 7108.681875, "delta": 12.289698}}
{"target": 272.7444043131332, "params": {"x0": 0.8, "x1": 0.9, "x2": 0.20548337091056768, "x3": 2.614760465084244, "x4": 4.229514587746833, "x5": 5.05085259117173, "x6": 1.1622192368768391, "x7": -3.52245363179008, "x8": 0.17639488138585377, "x9": 2.8}, "datetime": {"datetime": "2025-05-09 22:04:43", "elapsed": 7121.330755, "delta": 12.64888}}
{"target": 272.7444043131332, "params": {"x0": 0.8, "x1": 0.9, "x2": 0.20548337091056768, "x3": 2.614760465084244, "x4": 4.229514587746833, "x5": 5.05085259117173, "x6": 1.1622192368768391, "x7": -3.52245363179008, "x8": 0.17639488138585377, "x9": 2.8}, "datetime": {"datetime": "2025-05-09 22:04:55", "elapsed": 7133.402046, "delta": 12.071291}}
{"target": 272.7444043131332, "params": {"x0": 0.8, "x1": 0.9, "x2": 0.20548337091056768, "x3": 2.614760465084244, "x4": 4.229514587746833, "x5": 5.05085259117173, "x6": 1.1622192368768391, "x7": -3.52245363179008, "x8": 0.17639488138585377, "x9": 2.8}, "datetime": {"datetime": "2025-05-09 22:05:10", "elapsed": 7148.070305, "delta": 14.668259}}
{"target": 272.7444043131332, "params": {"x0": 0.8, "x1": 0.9, "x2": 0.20548337091056768, "x3": 2.614760465084244, "x4": 4.229514587746833, "x5": 5.05085259117173, "x6": 1.1622192368768391, "x7": -3.52245363179008, "x8": 0.17639488138585377, "x9": 2.8}, "datetime": {"datetime": "2025-05-09 22:05:24", "elapsed": 7162.217001, "delta": 14.146696}}
{"target": 272.7444043131332, "params": {"x0": 0.8, "x1": 0.9, "x2": 0.20548337091056768, "x3": 2.614760465084244, "x4": 4.229514587746833, "x5": 5.05085259117173, "x6": 1.1622192368768391, "x7": -3.52245363179008, "x8": 0.17639488138585377, "x9": 2.8}, "datetime": {"datetime": "2025-05-09 22:05:37", "elapsed": 7175.714166, "delta": 13.497165}}
{"target": 272.7444043131332, "params": {"x0": 0.8, "x1": 0.9, "x2": 0.20548337091056768, "x3": 2.614760465084244, "x4": 4.229514587746833, "x5": 5.05085259117173, "x6": 1.1622192368768391, "x7": -3.52245363179008, "x8": 0.17639488138585377, "x9": 2.8}, "datetime": {"datetime": "2025-05-09 22:05:52", "elapsed": 7190.280421, "delta": 14.566255}}
{"target": 272.7444043131332, "params": {"x0": 0.8, "x1": 0.9, "x2": 0.20548337091056768, "x3": 2.614760465084244, "x4": 4.229514587746833, "x5": 5.05085259117173, "x6": 1.1622192368768391, "x7": -3.52245363179008, "x8": 0.17639488138585377, "x9": 2.8}, "datetime": {"datetime": "2025-05-09 22:06:05", "elapsed": 7203.040878, "delta": 12.760457}}
{"target": 272.7444043131332, "params": {"x0": 0.8, "x1": 0.9, "x2": 0.20548337091056768, "x3": 2.614760465084244, "x4": 4.229514587746833, "x5": 5.05085259117173, "x6": 1.1622192368768391, "x7": -3.52245363179008, "x8": 0.17639488138585377, "x9": 2.8}, "datetime": {"datetime": "2025-05-09 22:06:17", "elapsed": 7215.203441, "delta": 12.162563}}
{"target": 272.7444043131332, "params": {"x0": 0.8, "x1": 0.9, "x2": 0.20548337091056768, "x3": 2.614760465084244, "x4": 4.229514587746833, "x5": 5.05085259117173, "x6": 1.1622192368768391, "x7": -3.52245363179008, "x8": 0.17639488138585377, "x9": 2.8}, "datetime": {"datetime": "2025-05-09 22:06:31", "elapsed": 7229.501839, "delta": 14.298398}}
{"target": 272.7444043131332, "params": {"x0": 0.8, "x1": 0.9, "x2": 0.20548337091056768, "x3": 2.614760465084244, "x4": 4.229514587746833, "x5": 5.05085259117173, "x6": 1.1622192368768391, "x7": -3.52245363179008, "x8": 0.17639488138585377, "x9": 2.8}, "datetime": {"datetime": "2025-05-09 22:06:46", "elapsed": 7244.125885, "delta": 14.624046}}
{"target": 272.7444043131332, "params": {"x0": 0.8, "x1": 0.9, "x2": 0.20548337091056768, "x3": 2.614760465084244, "x4": 4.229514587746833, "x5": 5.05085259117173, "x6": 1.1622192368768391, "x7": -3.52245363179008, "x8": 0.17639488138585377, "x9": 2.8}, "datetime": {"datetime": "2025-05-09 22:06:58", "elapsed": 7256.384459, "delta": 12.258574}}
{"target": 272.7444043131332, "params": {"x0": 0.8, "x1": 0.9, "x2": 0.20548337091056768, "x3": 2.614760465084244, "x4": 4.229514587746833, "x5": 5.05085259117173, "x6": 1.1622192368768391, "x7": -3.52245363179008, "x8": 0.17639488138585377, "x9": 2.8}, "datetime": {"datetime": "2025-05-09 22:07:12", "elapsed": 7270.64176, "delta": 14.257301}}
{"target": 272.7444043131332, "params": {"x0": 0.8, "x1": 0.9, "x2": 0.20548337091056768, "x3": 2.614760465084244, "x4": 4.229514587746833, "x5": 5.05085259117173, "x6": 1.1622192368768391, "x7": -3.52245363179008, "x8": 0.17639488138585377, "x9": 2.8}, "datetime": {"datetime": "2025-05-09 22:07:26", "elapsed": 7283.901253, "delta": 13.259493}}
{"target": 272.7444043131332, "params": {"x0": 0.8, "x1": 0.9, "x2": 0.20548337091056768, "x3": 2.614760465084244, "x4": 4.229514587746833, "x5": 5.05085259117173, "x6": 1.1622192368768391, "x7": -3.52245363179008, "x8": 0.17639488138585377, "x9": 2.8}, "datetime": {"datetime": "2025-05-09 22:07:38", "elapsed": 7295.952996, "delta": 12.051743}}
{"target": 272.7444043131332, "params": {"x0": 0.8, "x1": 0.9, "x2": 0.20548337091056768, "x3": 2.614760465084244, "x4": 4.229514587746833, "x5": 5.05085259117173, "x6": 1.1622192368768391, "x7": -3.52245363179008, "x8": 0.17639488138585377, "x9": 2.8}, "datetime": {"datetime": "2025-05-09 22:07:52", "elapsed": 7310.586676, "delta": 14.63368}}
{"target": 272.7444043131332, "params": {"x0": 0.8, "x1": 0.9, "x2": 0.20548337091056768, "x3": 2.614760465084244, "x4": 4.229514587746833, "x5": 5.05085259117173, "x6": 1.1622192368768391, "x7": -3.52245363179008, "x8": 0.17639488138585377, "x9": 2.8}, "datetime": {"datetime": "2025-05-09 22:08:06", "elapsed": 7324.538476, "delta": 13.9518}}
{"target": 272.7444043131332, "params": {"x0": 0.8, "x1": 0.9, "x2": 0.20548337091056768, "x3": 2.614760465084244, "x4": 4.229514587746833, "x5": 5.05085259117173, "x6": 1.1622192368768391, "x7": -3.52245363179008, "x8": 0.17639488138585377, "x9": 2.8}, "datetime": {"datetime": "2025-05-09 22:08:18", "elapsed": 7336.22185, "delta": 11.683374}}
{"target": 272.7444043131332, "params": {"x0": 0.8, "x1": 0.9, "x2": 0.20548337091056768, "x3": 2.614760465084244, "x4": 4.229514587746833, "x5": 5.05085259117173, "x6": 1.1622192368768391, "x7": -3.52245363179008, "x8": 0.17639488138585377, "x9": 2.8}, "datetime": {"datetime": "2025-05-09 22:08:31", "elapsed": 7349.090441, "delta": 12.868591}}
{"target": 272.7444043131332, "params": {"x0": 0.8, "x1": 0.9, "x2": 0.20548337091056768, "x3": 2.614760465084244, "x4": 4.229514587746833, "x5": 5.05085259117173, "x6": 1.1622192368768391, "x7": -3.52245363179008, "x8": 0.17639488138585377, "x9": 2.8}, "datetime": {"datetime": "2025-05-09 22:08:45", "elapsed": 7362.909854, "delta": 13.819413}}
{"target": 272.7444043131332, "params": {"x0": 0.8, "x1": 0.9, "x2": 0.20548337091056768, "x3": 2.614760465084244, "x4": 4.229514587746833, "x5": 5.05085259117173, "x6": 1.1622192368768391, "x7": -3.52245363179008, "x8": 0.17639488138585377, "x9": 2.8}, "datetime": {"datetime": "2025-05-09 22:08:59", "elapsed": 7376.749068, "delta": 13.839214}}
{"target": 272.7444043131332, "params": {"x0": 0.8, "x1": 0.9, "x2": 0.20548337091056768, "x3": 2.614760465084244, "x4": 4.229514587746833, "x5": 5.05085259117173, "x6": 1.1622192368768391, "x7": -3.52245363179008, "x8": 0.17639488138585377, "x9": 2.8}, "datetime": {"datetime": "2025-05-09 22:09:12", "elapsed": 7390.476541, "delta": 13.727473}}
{"target": 272.7444043131332, "params": {"x0": 0.8, "x1": 0.9, "x2": 0.20548337091056768, "x3": 2.614760465084244, "x4": 4.229514587746833, "x5": 5.05085259117173, "x6": 1.1622192368768391, "x7": -3.52245363179008, "x8": 0.17639488138585377, "x9": 2.8}, "datetime": {"datetime": "2025-05-09 22:09:28", "elapsed": 7405.908832, "delta": 15.432291}}
{"target": 272.7444043131332, "params": {"x0": 0.8, "x1": 0.9, "x2": 0.20548337091056768, "x3": 2.614760465084244, "x4": 4.229514587746833, "x5": 5.05085259117173, "x6": 1.1622192368768391, "x7": -3.52245363179008, "x8": 0.17639488138585377, "x9": 2.8}, "datetime": {"datetime": "2025-05-09 22:09:40", "elapsed": 7418.398005, "delta": 12.489173}}
{"target": 272.7444043131332, "params": {"x0": 0.8, "x1": 0.9, "x2": 0.20548337091056768, "x3": 2.614760465084244, "x4": 4.229514587746833, "x5": 5.05085259117173, "x6": 1.1622192368768391, "x7": -3.52245363179008, "x8": 0.17639488138585377, "x9": 2.8}, "datetime": {"datetime": "2025-05-09 22:09:53", "elapsed": 7430.875532, "delta": 12.477527}}
{"target": 272.7444043131332, "params": {"x0": 0.8, "x1": 0.9, "x2": 0.20548337091056768, "x3": 2.614760465084244, "x4": 4.229514587746833, "x5": 5.05085259117173, "x6": 1.1622192368768391, "x7": -3.52245363179008, "x8": 0.17639488138585377, "x9": 2.8}, "datetime": {"datetime": "2025-05-09 22:10:06", "elapsed": 7443.954292, "delta": 13.07876}}
{"target": 272.7444043131332, "params": {"x0": 0.8, "x1": 0.9, "x2": 0.20548337091056768, "x3": 2.614760465084244, "x4": 4.229514587746833, "x5": 5.05085259117173, "x6": 1.1622192368768391, "x7": -3.52245363179008, "x8": 0.17639488138585377, "x9": 2.8}, "datetime": {"datetime": "2025-05-09 22:10:20", "elapsed": 7458.310117, "delta": 14.355825}}
{"target": 272.7444043131332, "params": {"x0": 0.8, "x1": 0.9, "x2": 0.20548337091056768, "x3": 2.614760465084244, "x4": 4.229514587746833, "x5": 5.05085259117173, "x6": 1.1622192368768391, "x7": -3.52245363179008, "x8": 0.17639488138585377, "x9": 2.8}, "datetime": {"datetime": "2025-05-09 22:10:34", "elapsed": 7472.477001, "delta": 14.166884}}
{"target": 272.7444043131332, "params": {"x0": 0.8, "x1": 0.9, "x2": 0.20548337091056768, "x3": 2.614760465084244, "x4": 4.229514587746833, "x5": 5.05085259117173, "x6": 1.1622192368768391, "x7": -3.52245363179008, "x8": 0.17639488138585377, "x9": 2.8}, "datetime": {"datetime": "2025-05-09 22:10:48", "elapsed": 7485.938672, "delta": 13.461671}}
{"target": 272.7444043131332, "params": {"x0": 0.8, "x1": 0.9, "x2": 0.20548337091056768, "x3": 2.614760465084244, "x4": 4.229514587746833, "x5": 5.05085259117173, "x6": 1.1622192368768391, "x7": -3.52245363179008, "x8": 0.17639488138585377, "x9": 2.8}, "datetime": {"datetime": "2025-05-09 22:11:02", "elapsed": 7500.576013, "delta": 14.637341}}
{"target": 272.7444043131332, "params": {"x0": 0.8, "x1": 0.9, "x2": 0.20548337091056768, "x3": 2.614760465084244, "x4": 4.229514587746833, "x5": 5.05085259117173, "x6": 1.1622192368768391, "x7": -3.52245363179008, "x8": 0.17639488138585377, "x9": 2.8}, "datetime": {"datetime": "2025-05-09 22:11:16", "elapsed": 7514.361283, "delta": 13.78527}}
{"target": 272.7444043131332, "params": {"x0": 0.8, "x1": 0.9, "x2": 0.20548337091056768, "x3": 2.614760465084244, "x4": 4.229514587746833, "x5": 5.05085259117173, "x6": 1.1622192368768391, "x7": -3.52245363179008, "x8": 0.17639488138585377, "x9": 2.8}, "datetime": {"datetime": "2025-05-09 22:11:31", "elapsed": 7529.084062, "delta": 14.722779}}
{"target": 272.7444043131332, "params": {"x0": 0.8, "x1": 0.9, "x2": 0.20548337091056768, "x3": 2.614760465084244, "x4": 4.229514587746833, "x5": 5.05085259117173, "x6": 1.1622192368768391, "x7": -3.52245363179008, "x8": 0.17639488138585377, "x9": 2.8}, "datetime": {"datetime": "2025-05-09 22:11:44", "elapsed": 7542.624018, "delta": 13.539956}}
{"target": 272.7444043131332, "params": {"x0": 0.8, "x1": 0.9, "x2": 0.20548337091056768, "x3": 2.614760465084244, "x4": 4.229514587746833, "x5": 5.05085259117173, "x6": 1.1622192368768391, "x7": -3.52245363179008, "x8": 0.17639488138585377, "x9": 2.8}, "datetime": {"datetime": "2025-05-09 22:11:59", "elapsed": 7557.399421, "delta": 14.775403}}
{"target": 272.7444043131332, "params": {"x0": 0.8, "x1": 0.9, "x2": 0.20548337091056768, "x3": 2.614760465084244, "x4": 4.229514587746833, "x5": 5.05085259117173, "x6": 1.1622192368768391, "x7": -3.52245363179008, "x8": 0.17639488138585377, "x9": 2.8}, "datetime": {"datetime": "2025-05-09 22:12:13", "elapsed": 7571.65698, "delta": 14.257559}}
{"target": 272.7444043131332, "params": {"x0": 0.8, "x1": 0.9, "x2": 0.20548337091056768, "x3": 2.614760465084244, "x4": 4.229514587746833, "x5": 5.05085259117173, "x6": 1.1622192368768391, "x7": -3.52245363179008, "x8": 0.17639488138585377, "x9": 2.8}, "datetime": {"datetime": "2025-05-09 22:12:28", "elapsed": 7586.06524, "delta": 14.40826}}
{"target": 272.7444043131332, "params": {"x0": 0.8, "x1": 0.9, "x2": 0.20548337091056768, "x3": 2.614760465084244, "x4": 4.229514587746833, "x5": 5.05085259117173, "x6": 1.1622192368768391, "x7": -3.52245363179008, "x8": 0.17639488138585377, "x9": 2.8}, "datetime": {"datetime": "2025-05-09 22:12:42", "elapsed": 7599.901521, "delta": 13.836281}}
{"target": 272.7444043131332, "params": {"x0": 0.8, "x1": 0.9, "x2": 0.20548337091056768, "x3": 2.614760465084244, "x4": 4.229514587746833, "x5": 5.05085259117173, "x6": 1.1622192368768391, "x7": -3.52245363179008, "x8": 0.17639488138585377, "x9": 2.8}, "datetime": {"datetime": "2025-05-09 22:12:53", "elapsed": 7611.733715, "delta": 11.832194}}
{"target": 272.7444043131332, "params": {"x0": 0.8, "x1": 0.9, "x2": 0.20548337091056768, "x3": 2.614760465084244, "x4": 4.229514587746833, "x5": 5.05085259117173, "x6": 1.1622192368768391, "x7": -3.52245363179008, "x8": 0.17639488138585377, "x9": 2.8}, "datetime": {"datetime": "2025-05-09 22:13:09", "elapsed": 7627.07259, "delta": 15.338875}}
{"target": 272.7444043131332, "params": {"x0": 0.8, "x1": 0.9, "x2": 0.20548337091056768, "x3": 2.614760465084244, "x4": 4.229514587746833, "x5": 5.05085259117173, "x6": 1.1622192368768391, "x7": -3.52245363179008, "x8": 0.17639488138585377, "x9": 2.8}, "datetime": {"datetime": "2025-05-09 22:13:24", "elapsed": 7641.994652, "delta": 14.922062}}
{"target": 272.7444043131332, "params": {"x0": 0.8, "x1": 0.9, "x2": 0.20548337091056768, "x3": 2.614760465084244, "x4": 4.229514587746833, "x5": 5.05085259117173, "x6": 1.1622192368768391, "x7": -3.52245363179008, "x8": 0.17639488138585377, "x9": 2.8}, "datetime": {"datetime": "2025-05-09 22:13:37", "elapsed": 7655.065472, "delta": 13.07082}}
{"target": 272.7444043131332, "params": {"x0": 0.8, "x1": 0.9, "x2": 0.20548337091056768, "x3": 2.614760465084244, "x4": 4.229514587746833, "x5": 5.05085259117173, "x6": 1.1622192368768391, "x7": -3.52245363179008, "x8": 0.17639488138585377, "x9": 2.8}, "datetime": {"datetime": "2025-05-09 22:13:51", "elapsed": 7668.941977, "delta": 13.876505}}
{"target": 272.7444043131332, "params": {"x0": 0.8, "x1": 0.9, "x2": 0.20548337091056768, "x3": 2.614760465084244, "x4": 4.229514587746833, "x5": 5.05085259117173, "x6": 1.1622192368768391, "x7": -3.52245363179008, "x8": 0.17639488138585377, "x9": 2.8}, "datetime": {"datetime": "2025-05-09 22:14:05", "elapsed": 7683.295711, "delta": 14.353734}}
{"target": 272.7444043131332, "params": {"x0": 0.8, "x1": 0.9, "x2": 0.20548337091056768, "x3": 2.614760465084244, "x4": 4.229514587746833, "x5": 5.05085259117173, "x6": 1.1622192368768391, "x7": -3.52245363179008, "x8": 0.17639488138585377, "x9": 2.8}, "datetime": {"datetime": "2025-05-09 22:14:18", "elapsed": 7696.720578, "delta": 13.424867}}
{"target": 272.7444043131332, "params": {"x0": 0.8, "x1": 0.9, "x2": 0.20548337091056768, "x3": 2.614760465084244, "x4": 4.229514587746833, "x5": 5.05085259117173, "x6": 1.1622192368768391, "x7": -3.52245363179008, "x8": 0.17639488138585377, "x9": 2.8}, "datetime": {"datetime": "2025-05-09 22:14:33", "elapsed": 7711.233783, "delta": 14.513205}}
{"target": 272.7444043131332, "params": {"x0": 0.8, "x1": 0.9, "x2": 0.20548337091056768, "x3": 2.614760465084244, "x4": 4.229514587746833, "x5": 5.05085259117173, "x6": 1.1622192368768391, "x7": -3.52245363179008, "x8": 0.17639488138585377, "x9": 2.8}, "datetime": {"datetime": "2025-05-09 22:14:47", "elapsed": 7725.348819, "delta": 14.115036}}
{"target": 272.7444043131332, "params": {"x0": 0.8, "x1": 0.9, "x2": 0.20548337091056768, "x3": 2.614760465084244, "x4": 4.229514587746833, "x5": 5.05085259117173, "x6": 1.1622192368768391, "x7": -3.52245363179008, "x8": 0.17639488138585377, "x9": 2.8}, "datetime": {"datetime": "2025-05-09 22:15:01", "elapsed": 7739.71135, "delta": 14.362531}}
{"target": 272.7444043131332, "params": {"x0": 0.8, "x1": 0.9, "x2": 0.20548337091056768, "x3": 2.614760465084244, "x4": 4.229514587746833, "x5": 5.05085259117173, "x6": 1.1622192368768391, "x7": -3.52245363179008, "x8": 0.17639488138585377, "x9": 2.8}, "datetime": {"datetime": "2025-05-09 22:15:16", "elapsed": 7754.321407, "delta": 14.610057}}
{"target": 272.7444043131332, "params": {"x0": 0.8, "x1": 0.9, "x2": 0.20548337091056768, "x3": 2.614760465084244, "x4": 4.229514587746833, "x5": 5.05085259117173, "x6": 1.1622192368768391, "x7": -3.52245363179008, "x8": 0.17639488138585377, "x9": 2.8}, "datetime": {"datetime": "2025-05-09 22:15:30", "elapsed": 7767.86659, "delta": 13.545183}}
{"target": 272.7444043131332, "params": {"x0": 0.8, "x1": 0.9, "x2": 0.20548337091056768, "x3": 2.614760465084244, "x4": 4.229514587746833, "x5": 5.05085259117173, "x6": 1.1622192368768391, "x7": -3.52245363179008, "x8": 0.17639488138585377, "x9": 2.8}, "datetime": {"datetime": "2025-05-09 22:15:42", "elapsed": 7780.449607, "delta": 12.583017}}
{"target": 272.7444043131332, "params": {"x0": 0.8, "x1": 0.9, "x2": 0.20548337091056768, "x3": 2.614760465084244, "x4": 4.229514587746833, "x5": 5.05085259117173, "x6": 1.1622192368768391, "x7": -3.52245363179008, "x8": 0.17639488138585377, "x9": 2.8}, "datetime": {"datetime": "2025-05-09 22:15:56", "elapsed": 7793.99548, "delta": 13.545873}}
{"target": 272.7444043131332, "params": {"x0": 0.8, "x1": 0.9, "x2": 0.20548337091056768, "x3": 2.614760465084244, "x4": 4.229514587746833, "x5": 5.05085259117173, "x6": 1.1622192368768391, "x7": -3.52245363179008, "x8": 0.17639488138585377, "x9": 2.8}, "datetime": {"datetime": "2025-05-09 22:16:10", "elapsed": 7808.494029, "delta": 14.498549}}
{"target": 272.7444043131332, "params": {"x0": 0.8, "x1": 0.9, "x2": 0.20548337091056768, "x3": 2.614760465084244, "x4": 4.229514587746833, "x5": 5.05085259117173, "x6": 1.1622192368768391, "x7": -3.52245363179008, "x8": 0.17639488138585377, "x9": 2.8}, "datetime": {"datetime": "2025-05-09 22:16:28", "elapsed": 7825.82108, "delta": 17.327051}}
{"target": 272.7444043131332, "params": {"x0": 0.8, "x1": 0.9, "x2": 0.20548337091056768, "x3": 2.614760465084244, "x4": 4.229514587746833, "x5": 5.05085259117173, "x6": 1.1622192368768391, "x7": -3.52245363179008, "x8": 0.17639488138585377, "x9": 2.8}, "datetime": {"datetime": "2025-05-09 22:16:43", "elapsed": 7841.236015, "delta": 15.414935}}
{"target": 272.7444043131332, "params": {"x0": 0.8, "x1": 0.9, "x2": 0.20548337091056768, "x3": 2.614760465084244, "x4": 4.229514587746833, "x5": 5.05085259117173, "x6": 1.1622192368768391, "x7": -3.52245363179008, "x8": 0.17639488138585377, "x9": 2.8}, "datetime": {"datetime": "2025-05-09 22:16:59", "elapsed": 7857.200463, "delta": 15.964448}}
{"target": 272.7444043131332, "params": {"x0": 0.8, "x1": 0.9, "x2": 0.20548337091056768, "x3": 2.614760465084244, "x4": 4.229514587746833, "x5": 5.05085259117173, "x6": 1.1622192368768391, "x7": -3.52245363179008, "x8": 0.17639488138585377, "x9": 2.8}, "datetime": {"datetime": "2025-05-09 22:17:15", "elapsed": 7873.113074, "delta": 15.912611}}
{"target": 272.7444043131332, "params": {"x0": 0.8, "x1": 0.9, "x2": 0.20548337091056768, "x3": 2.614760465084244, "x4": 4.229514587746833, "x5": 5.05085259117173, "x6": 1.1622192368768391, "x7": -3.52245363179008, "x8": 0.17639488138585377, "x9": 2.8}, "datetime": {"datetime": "2025-05-09 22:17:29", "elapsed": 7887.167587, "delta": 14.054513}}
{"target": 272.7444043131332, "params": {"x0": 0.8, "x1": 0.9, "x2": 0.20548337091056768, "x3": 2.614760465084244, "x4": 4.229514587746833, "x5": 5.05085259117173, "x6": 1.1622192368768391, "x7": -3.52245363179008, "x8": 0.17639488138585377, "x9": 2.8}, "datetime": {"datetime": "2025-05-09 22:17:44", "elapsed": 7902.049274, "delta": 14.881687}}
{"target": 272.7444043131332, "params": {"x0": 0.8, "x1": 0.9, "x2": 0.20548337091056768, "x3": 2.614760465084244, "x4": 4.229514587746833, "x5": 5.05085259117173, "x6": 1.1622192368768391, "x7": -3.52245363179008, "x8": 0.17639488138585377, "x9": 2.8}, "datetime": {"datetime": "2025-05-09 22:17:57", "elapsed": 7915.575112, "delta": 13.525838}}
{"target": 272.7444043131332, "params": {"x0": 0.8, "x1": 0.9, "x2": 0.20548337091056768, "x3": 2.614760465084244, "x4": 4.229514587746833, "x5": 5.05085259117173, "x6": 1.1622192368768391, "x7": -3.52245363179008, "x8": 0.17639488138585377, "x9": 2.8}, "datetime": {"datetime": "2025-05-09 22:18:11", "elapsed": 7929.513064, "delta": 13.937952}}
{"target": 272.7444043131332, "params": {"x0": 0.8, "x1": 0.9, "x2": 0.20548337091056768, "x3": 2.614760465084244, "x4": 4.229514587746833, "x5": 5.05085259117173, "x6": 1.1622192368768391, "x7": -3.52245363179008, "x8": 0.17639488138585377, "x9": 2.8}, "datetime": {"datetime": "2025-05-09 22:18:23", "elapsed": 7941.372852, "delta": 11.859788}}
{"target": 272.7444043131332, "params": {"x0": 0.8, "x1": 0.9, "x2": 0.20548337091056768, "x3": 2.614760465084244, "x4": 4.229514587746833, "x5": 5.05085259117173, "x6": 1.1622192368768391, "x7": -3.52245363179008, "x8": 0.17639488138585377, "x9": 2.8}, "datetime": {"datetime": "2025-05-09 22:18:35", "elapsed": 7953.305282, "delta": 11.93243}}
