{"target": 3.428017290489018, "params": {"x0": 0.9630127597366289, "x1": 7.775652003448203, "x2": 4.160945765351594, "x3": 3.850236152965871, "x4": 4.044317007412187, "x5": 1.0111875517539342, "x6": 9.373275761027372, "x7": 1.810506532319358, "x8": 1.611054066370561, "x9": 1.6435405317925644}, "datetime": {"datetime": "2025-05-10 07:31:27", "elapsed": 1298.691434, "delta": 10.815283}}
{"target": 3.4233957611406383, "params": {"x0": 0.9629279912387768, "x1": 7.77699704033374, "x2": 4.164225505272411, "x3": 3.852274303451203, "x4": 4.046483315263428, "x5": 1.0128647350265114, "x6": 9.371580010544038, "x7": 1.8088640649183942, "x8": 1.6110383001848265, "x9": 1.6437949162422447}, "datetime": {"datetime": "2025-05-10 07:31:38", "elapsed": 1309.838998, "delta": 11.147564}}
{"target": 3.4270391451382705, "params": {"x0": 0.9630610531146845, "x1": 7.77583077573413, "x2": 4.157938534687093, "x3": 3.853858506604131, "x4": 4.043285178794763, "x5": 1.0138135984073422, "x6": 9.369286102692524, "x7": 1.8116121231210909, "x8": 1.6107311043145551, "x9": 1.6428877881364765}, "datetime": {"datetime": "2025-05-10 07:31:49", "elapsed": 1320.779485, "delta": 10.940487}}
{"target": 3.424470968420711, "params": {"x0": 0.9628510481543121, "x1": 7.778280732421446, "x2": 4.157926827063515, "x3": 3.853543919310984, "x4": 4.048571085087162, "x5": 1.0048840374250942, "x6": 9.379587205518174, "x7": 1.819473646876148, "x8": 1.6116483357621805, "x9": 1.6427571834980528}, "datetime": {"datetime": "2025-05-10 07:32:00", "elapsed": 1331.968338, "delta": 11.188853}}
{"target": 3.382213970062509, "params": {"x0": 0.9628672193125437, "x1": 7.778017859524121, "x2": 4.158228720892323, "x3": 3.847259163255269, "x4": 4.048145677319664, "x5": 1.0168607146498903, "x6": 9.378956061069093, "x7": 1.802436129218247, "x8": 1.6115889088230184, "x9": 1.6428355183275039}, "datetime": {"datetime": "2025-05-10 07:32:11", "elapsed": 1342.898756, "delta": 10.930418}}
{"target": 3.386368816038823, "params": {"x0": 0.9629662332123301, "x1": 7.7760965759353535, "x2": 4.160479482322472, "x3": 3.8482680885051743, "x4": 4.0460760838377885, "x5": 1.0072636758526683, "x6": 9.373272490784789, "x7": 1.8128936021657198, "x8": 1.6109395548552021, "x9": 1.6429648941421795}, "datetime": {"datetime": "2025-05-10 07:32:22", "elapsed": 1353.793848, "delta": 10.895092}}
{"target": 3.428017290489018, "params": {"x0": 0.96289487199312, "x1": 7.773735660026708, "x2": 4.163146571363605, "x3": 3.8526475146314585, "x4": 4.04121578478713, "x5": 1.0157828136996585, "x6": 9.377876804061167, "x7": 1.8170435588312581, "x8": 1.6106208439840706, "x9": 1.6441115926992635}, "datetime": {"datetime": "2025-05-10 07:32:33", "elapsed": 1364.788402, "delta": 10.994554}}
{"target": 3.4200369819839382, "params": {"x0": 0.9631188587057871, "x1": 7.773927294368858, "x2": 4.162926490762404, "x3": 3.8524063784648996, "x4": 4.041525907049635, "x5": 1.0070518160027822, "x6": 9.377416699757788, "x7": 1.8046232084586482, "x8": 1.6106641662227195, "x9": 1.6440544866085935}, "datetime": {"datetime": "2025-05-10 07:32:44", "elapsed": 1375.917448, "delta": 11.129046}}
{"target": 3.3856509866165854, "params": {"x0": 0.9631082488088712, "x1": 7.774099765276792, "x2": 4.162728418221323, "x3": 3.848282950016745, "x4": 4.041805017085891, "x5": 1.014909713929971, "x6": 9.369548916169999, "x7": 1.8052115408447191, "x8": 1.6114049765036185, "x9": 1.6440030911269907}, "datetime": {"datetime": "2025-05-10 07:32:55", "elapsed": 1387.200987, "delta": 11.283539}}
{"target": 3.4277756080211277, "params": {"x0": 0.963098699901647, "x1": 7.774254989093933, "x2": 4.159341377768839, "x3": 3.851994035620084, "x4": 4.0465777987058535, "x5": 1.0145374977123671, "x6": 9.376629921399008, "x7": 1.8152720246465333, "x8": 1.6107382472508094, "x9": 1.643956835193548}, "datetime": {"datetime": "2025-05-10 07:33:06", "elapsed": 1398.364169, "delta": 11.163182}}
{"target": 3.4277756080211277, "params": {"x0": 0.9630901058851452, "x1": 7.776909316367045, "x2": 4.159501816527115, "x3": 3.8518182473546627, "x4": 4.042282295247887, "x5": 1.0142025031165238, "x6": 9.376294505361845, "x7": 1.810770574128602, "x8": 1.6107698291627845, "x9": 1.6439152048534498}, "datetime": {"datetime": "2025-05-10 07:33:17", "elapsed": 1409.640674, "delta": 11.276505}}
{"target": 3.4256592249637863, "params": {"x0": 0.9630823712702935, "x1": 7.7745204218212445, "x2": 4.162245319293627, "x3": 3.8516600379157837, "x4": 4.042485766464317, "x5": 1.0084740955276035, "x6": 9.375992630928398, "x7": 1.8143665811043699, "x8": 1.6113098798575598, "x9": 1.6432033260377676}, "datetime": {"datetime": "2025-05-10 07:33:29", "elapsed": 1420.909121, "delta": 11.268447}}
{"target": 3.4233957611406383, "params": {"x0": 0.9629501093563307, "x1": 7.774633579983941, "x2": 4.1621153638994235, "x3": 3.8515176494207926, "x4": 4.04596512426527, "x5": 1.0136296623576317, "x6": 9.375720943938296, "x7": 1.8081700157368639, "x8": 1.610823834232262, "x9": 1.6432370466132473}, "datetime": {"datetime": "2025-05-10 07:33:40", "elapsed": 1432.17852, "delta": 11.269399}}
{"target": 3.4168739364793543, "params": {"x0": 0.9629563743943605, "x1": 7.774735422330367, "x2": 4.159893126658549, "x3": 3.8513894997753, "x4": 4.042833702244412, "x5": 1.0089896522106063, "x6": 9.37107509640754, "x7": 1.8073798928034985, "x8": 1.6112612752950302, "x9": 1.6438136684539497}, "datetime": {"datetime": "2025-05-10 07:33:52", "elapsed": 1443.701128, "delta": 11.522608}}
{"target": 3.428017290489018, "params": {"x0": 0.9629620129285874, "x1": 7.77482708044215, "x2": 4.161893140175335, "x3": 3.8512741650943574, "x4": 4.04298203276119, "x5": 1.0131656613429292, "x6": 9.371295162869524, "x7": 1.8133205078836316, "x8": 1.6112405544025832, "x9": 1.6437863547878113}, "datetime": {"datetime": "2025-05-10 07:34:03", "elapsed": 1454.840842, "delta": 11.139714}}
{"target": 3.428017290489018, "params": {"x0": 0.9630584318638663, "x1": 7.77639443415365, "x2": 4.161798402692962, "x3": 3.8511703638815087, "x4": 4.045518484598084, "x5": 1.0129678503840298, "x6": 9.375058299369435, "x7": 1.8130391103272043, "x8": 1.6112219055993808, "x9": 1.6437617724882865}, "datetime": {"datetime": "2025-05-10 07:34:14", "elapsed": 1466.165667, "delta": 11.324825}}
{"target": 3.4256592249637863, "params": {"x0": 0.9629716548221153, "x1": 7.776320191083105, "x2": 4.160178391744364, "x3": 3.8510769427899447, "x4": 4.043235677944879, "x5": 1.0095852829868481, "x6": 9.374880045535228, "x7": 1.8127858525264198, "x8": 1.6109030110646232, "x9": 1.6437396484187143}, "datetime": {"datetime": "2025-05-10 07:34:25", "elapsed": 1477.489114, "delta": 11.323447}}
{"target": 3.428017290489018, "params": {"x0": 0.963006831721878, "x1": 7.775749807580518, "x2": 4.160831382038686, "x3": 3.8503084266120116, "x4": 4.044150118409837, "x5": 1.011005505975316, "x6": 9.37340955765817, "x7": 1.8105191607191222, "x8": 1.6110575809861614, "x9": 1.6435416988898823}, "datetime": {"datetime": "2025-05-10 07:34:37", "elapsed": 1488.789285, "delta": 11.300171}}
{"target": 3.4233957611406383, "params": {"x0": 0.9630460547173849, "x1": 7.775110771463932, "x2": 4.160324192729738, "x3": 3.850917192723371, "x4": 4.045192884280706, "x5": 1.01130315772154, "x6": 9.374575231478737, "x7": 1.8092477816834078, "x8": 1.6111764211683708, "x9": 1.6437018162597459}, "datetime": {"datetime": "2025-05-10 07:34:48", "elapsed": 1500.193593, "delta": 11.404308}}
{"target": 3.428017290489018, "params": {"x0": 0.9629827942539485, "x1": 7.776139112234047, "x2": 4.160386349991923, "x3": 3.850849088747621, "x4": 4.04352871823052, "x5": 1.01235560568514, "x6": 9.3744452844336, "x7": 1.812168156750306, "x8": 1.6111641856885899, "x9": 1.6433953757721012}, "datetime": {"datetime": "2025-05-10 07:34:59", "elapsed": 1511.400275, "delta": 11.206682}}
{"target": 3.428017290489018, "params": {"x0": 0.9630397286710413, "x1": 7.776090401355463, "x2": 4.161449239175298, "x3": 3.850787795169446, "x4": 4.043607547148686, "x5": 1.0117971993843384, "x6": 9.372223189961767, "x7": 1.8109506671176945, "x8": 1.6109549589843353, "x9": 1.6436711722109814}, "datetime": {"datetime": "2025-05-10 07:35:11", "elapsed": 1522.775283, "delta": 11.375008}}
{"target": 3.428017290489018, "params": {"x0": 0.9629884876956578, "x1": 7.775257445331669, "x2": 4.161398891792928, "x3": 3.8507326309490884, "x4": 4.043678493175037, "x5": 1.0121336754382109, "x6": 9.374223074986416, "x7": 1.8112600381232653, "x8": 1.6109648697229577, "x9": 1.6436581081691397}, "datetime": {"datetime": "2025-05-10 07:35:22", "elapsed": 1533.986013, "delta": 11.21073}}
{"target": 3.4233957611406383, "params": {"x0": 0.9629909148997549, "x1": 7.776007105753083, "x2": 4.161353579148795, "x3": 3.8506829831507665, "x4": 4.043742344598751, "x5": 1.0112487853790573, "x6": 9.374128343590511, "x7": 1.809295208109197, "x8": 1.611134343353404, "x9": 1.6436463505314822}, "datetime": {"datetime": "2025-05-10 07:35:33", "elapsed": 1545.280189, "delta": 11.294176}}
{"target": 3.428017290489018, "params": {"x0": 0.9629930993834422, "x1": 7.77533241137381, "x2": 4.160578732934114, "x3": 3.850638300132277, "x4": 4.044834203944279, "x5": 1.0119539119381982, "x6": 9.372508436720546, "x7": 1.8115967241085031, "x8": 1.6109818170860024, "x9": 1.6436357686575904}, "datetime": {"datetime": "2025-05-10 07:35:44", "elapsed": 1556.167443, "delta": 10.887254}}
{"target": 3.428017290489018, "params": {"x0": 0.9630304540544969, "x1": 7.775939636315155, "x2": 4.1606154361758625, "x3": 3.8505980854156365, "x4": 4.0438515305333045, "x5": 1.0118772759197718, "x6": 9.372585169151229, "x7": 1.8114877049295885, "x8": 1.6109890420144581, "x9": 1.643626244971088}, "datetime": {"datetime": "2025-05-10 07:35:55", "elapsed": 1567.335731, "delta": 11.168288}}
{"target": 3.428017290489018, "params": {"x0": 0.9630121974960252, "x1": 7.775751711345292, "x2": 4.160896926312507, "x3": 3.8502104210760204, "x4": 4.044279970157624, "x5": 1.011265357317144, "x6": 9.373199963015143, "x7": 1.8105788902900557, "x8": 1.6110296295800888, "x9": 1.6435511760181956}, "datetime": {"datetime": "2025-05-10 07:36:06", "elapsed": 1578.192335, "delta": 10.856604}}
{"target": 3.428017290489018, "params": {"x0": 0.963027092134102, "x1": 7.775419020825971, "x2": 4.161213331983937, "x3": 3.8505293182501807, "x4": 4.043939971140292, "x5": 1.0117462283282628, "x6": 9.372716381607697, "x7": 1.8113012821336447, "x8": 1.6110013966421177, "x9": 1.6434711041179606}, "datetime": {"datetime": "2025-05-10 07:36:17", "elapsed": 1589.10715, "delta": 10.914815}}
{"target": 3.428017290489018, "params": {"x0": 0.9630138213619603, "x1": 7.7756810526598645, "x2": 4.160999045041931, "x3": 3.850195593694266, "x4": 4.044359261675306, "x5": 1.0111969158184198, "x6": 9.373330651284721, "x7": 1.8105247095520556, "x8": 1.6110642468861327, "x9": 1.6435443998993164}, "datetime": {"datetime": "2025-05-10 07:36:28", "elapsed": 1599.972143, "delta": 10.864993}}
{"target": 3.428017290489018, "params": {"x0": 0.9630243689785821, "x1": 7.775463287524195, "x2": 4.161162494323793, "x3": 3.850473616846162, "x4": 4.044011608031952, "x5": 1.0116400797791403, "x6": 9.372822663697434, "x7": 1.8111502796689303, "x8": 1.6110114038905219, "x9": 1.6434842953761353}, "datetime": {"datetime": "2025-05-10 07:36:39", "elapsed": 1610.969963, "delta": 10.99782}}
{"target": 3.428017290489018, "params": {"x0": 0.9630232080543868, "x1": 7.775482159116596, "x2": 4.160750709276616, "x3": 3.850449870458133, "x4": 4.044042147969975, "x5": 1.0115948269766197, "x6": 9.372867973430429, "x7": 1.8110859049339731, "x8": 1.6110156701385259, "x9": 1.6435911445673508}, "datetime": {"datetime": "2025-05-10 07:36:50", "elapsed": 1622.121654, "delta": 11.151691}}
{"target": 3.428017290489018, "params": {"x0": 0.9630117264106314, "x1": 7.775658459737745, "x2": 4.161060303545672, "x3": 3.8502140246398344, "x4": 4.044372646155884, "x5": 1.0111731719381634, "x6": 9.373349110020502, "x7": 1.8104565595549844, "x8": 1.6110600954335497, "x9": 1.6435432001060606}, "datetime": {"datetime": "2025-05-10 07:37:01", "elapsed": 1632.998964, "delta": 10.87731}}
{"target": 3.428017290489018, "params": {"x0": 0.9630212228740128, "x1": 7.775514429539601, "x2": 4.161103760772327, "x3": 3.850409264134603, "x4": 4.044094371263996, "x5": 1.0115174446843094, "x6": 9.372945453073848, "x7": 1.8109758241371963, "x8": 1.6110229654226125, "x9": 1.6434995354449875}, "datetime": {"datetime": "2025-05-10 07:37:12", "elapsed": 1643.977327, "delta": 10.978363}}
{"target": 3.428017290489018, "params": {"x0": 0.9630203765602744, "x1": 7.775528186930461, "x2": 4.161087961230254, "x3": 3.8503919530177297, "x4": 4.044116634878814, "x5": 1.0114844553912719, "x6": 9.3729784838692, "x7": 1.8109288949554123, "x8": 1.6110260755174075, "x9": 1.6435774285053837}, "datetime": {"datetime": "2025-05-10 07:37:23", "elapsed": 1654.854852, "delta": 10.877525}}
{"target": 3.428017290489018, "params": {"x0": 0.963005904595348, "x1": 7.775540568582235, "x2": 4.1610737416423875, "x3": 3.8503763730125438, "x4": 4.044136672132152, "x5": 1.011454765027538, "x6": 9.373008211585017, "x7": 1.8108866586918069, "x8": 1.6110288746027228, "x9": 1.6435737388341016}, "datetime": {"datetime": "2025-05-10 07:37:34", "elapsed": 1665.903318, "delta": 11.048466}}
{"target": 3.428017290489018, "params": {"x0": 0.9630065901094761, "x1": 7.7755517120688316, "x2": 4.161060944013308, "x3": 3.8503623510078766, "x4": 4.044154705660155, "x5": 1.0114280437001777, "x6": 9.373034966529254, "x7": 1.810848646054562, "x8": 1.6110313937795067, "x9": 1.643570418129948}, "datetime": {"datetime": "2025-05-10 07:37:45", "elapsed": 1677.229412, "delta": 11.326094}}
{"target": 3.428017290489018, "params": {"x0": 0.9630183124010665, "x1": 7.7755617412067695, "x2": 4.1610494261471365, "x3": 3.8503497312036763, "x4": 4.044170935835359, "x5": 1.0114039945055533, "x6": 9.373059045979065, "x7": 1.8108144346810418, "x8": 1.611033661038612, "x9": 1.6435674294962097}, "datetime": {"datetime": "2025-05-10 07:37:56", "elapsed": 1688.533348, "delta": 11.303936}}
{"target": 3.428017290489018, "params": {"x0": 0.9630077623386352, "x1": 7.775570767430913, "x2": 4.161039060067583, "x3": 3.8503383733798957, "x4": 4.044185542993041, "x5": 1.0113823502303914, "x6": 9.373080717483896, "x7": 1.8107836444448733, "x8": 1.6110357015718069, "x9": 1.643564739725845}, "datetime": {"datetime": "2025-05-10 07:38:08", "elapsed": 1700.00438, "delta": 11.471032}}
{"target": 3.428017290489018, "params": {"x0": 0.9630172573948234, "x1": 7.775578891032642, "x2": 4.161029730595984, "x3": 3.850328151338493, "x4": 4.044198689434956, "x5": 1.0113628703827457, "x6": 9.373100221838243, "x7": 1.8107559332323218, "x8": 1.6110375380516824, "x9": 1.643562318932517}, "datetime": {"datetime": "2025-05-10 07:38:19", "elapsed": 1711.337408, "delta": 11.333028}}
{"target": 3.428017290489018, "params": {"x0": 0.9630168076290039, "x1": 7.775586202274198, "x2": 4.1610213340715445, "x3": 3.850318951501231, "x4": 4.044210521232679, "x5": 1.0113453385198645, "x6": 9.373117775757157, "x7": 1.8107309931410254, "x8": 1.6110391908835702, "x9": 1.6435601402185218}, "datetime": {"datetime": "2025-05-10 07:38:31", "elapsed": 1722.679624, "delta": 11.342216}}
{"target": 3.428017290489018, "params": {"x0": 0.9630164028397664, "x1": 7.775592782391598, "x2": 4.16101377719955, "x3": 3.8503106716476947, "x4": 4.04422116985063, "x5": 1.0113295598432714, "x6": 9.373133574284179, "x7": 1.8107085470588586, "x8": 1.6110406784322693, "x9": 1.643558179375926}, "datetime": {"datetime": "2025-05-10 07:38:42", "elapsed": 1734.139156, "delta": 11.459532}}
{"target": 3.428017290489018, "params": {"x0": 0.9630160385294526, "x1": 7.775598704497258, "x2": 4.161006976014754, "x3": 3.8503032197795126, "x4": 4.044230753606786, "x5": 1.0113153590343378, "x6": 9.373147792958497, "x7": 1.8106883455849085, "x8": 1.6110420172260984, "x9": 1.6435564146175898}, "datetime": {"datetime": "2025-05-10 07:38:53", "elapsed": 1745.509575, "delta": 11.370419}}
{"target": 3.428017290489018, "params": {"x0": 0.9630157106501703, "x1": 7.7756040343923525, "x2": 4.161000854948438, "x3": 3.850296513098148, "x4": 4.044239378987325, "x5": 1.0113025783062974, "x6": 9.373160589765385, "x7": 1.8106701642583536, "x8": 1.6110432221405446, "x9": 1.6435548263350874}, "datetime": {"datetime": "2025-05-10 07:39:05", "elapsed": 1757.055687, "delta": 11.546112}}
{"target": 3.428017290489018, "params": {"x0": 0.9630154155588161, "x1": 7.775608831297938, "x2": 4.160995345988754, "x3": 3.8502904770849207, "x4": 4.044247141829811, "x5": 1.0112910756510611, "x6": 9.373172106891584, "x7": 1.810653801064454, "x8": 1.6110443065635465, "x9": 1.6435533968808351}, "datetime": {"datetime": "2025-05-10 07:39:16", "elapsed": 1768.398096, "delta": 11.342409}}
{"target": 3.428017290489018, "params": {"x0": 0.9630151499765974, "x1": 7.7756131485129645, "x2": 4.160990387925038, "x3": 3.8502850446730155, "x4": 4.044254128388049, "x5": 1.0112807232613483, "x6": 9.373182472305162, "x7": 1.8106390741899445, "x8": 1.6110452825442478, "x9": 1.6435521103720079}, "datetime": {"datetime": "2025-05-10 07:39:28", "elapsed": 1779.844829, "delta": 11.446733}}
{"target": 3.428017290489018, "params": {"x0": 0.9630149109526006, "x1": 7.775617034006488, "x2": 4.160985925667694, "x3": 3.850280155502301, "x4": 4.044260416290463, "x5": 1.011271406110607, "x6": 9.373191801177382, "x7": 1.8106258200028857, "x8": 1.6110461609268791, "x9": 1.6435509525140637}, "datetime": {"datetime": "2025-05-10 07:39:39", "elapsed": 1791.451131, "delta": 11.606302}}
{"target": 3.428017290489018, "params": {"x0": 0.9630146958310034, "x1": 7.775620530950659, "x2": 4.160981909636083, "x3": 3.850275755248658, "x4": 4.044266075402636, "x5": 1.0112630206749398, "x6": 9.373200197162383, "x7": 1.810613891234533, "x8": 1.6110469514712473, "x9": 1.6435499104419138}, "datetime": {"datetime": "2025-05-10 07:39:51", "elapsed": 1802.915549, "delta": 11.464418}}
{"target": 3.428017290489018, "params": {"x0": 0.9630145022215659, "x1": 7.775623678200414, "x2": 4.160978295207634, "x3": 3.8502717950203795, "x4": 4.044271168603591, "x5": 1.0112554737828392, "x6": 9.373207753548881, "x7": 1.8106031553430155, "x8": 1.6110476629611787, "x9": 1.6435489725769787}, "datetime": {"datetime": "2025-05-10 07:40:02", "elapsed": 1814.336018, "delta": 11.420469}}
{"target": 3.428017290489018, "params": {"x0": 0.9630143279730723, "x1": 7.775626510725193, "x2": 4.160975042222031, "x3": 3.8502682308149283, "x4": 4.04427575248445, "x5": 1.0112486815799486, "x6": 9.37321455429673, "x7": 1.8105934930406498, "x8": 1.611048303302117, "x9": 1.6435481284985374}, "datetime": {"datetime": "2025-05-10 07:40:14", "elapsed": 1825.723347, "delta": 11.387329}}
{"target": 3.428017290489018, "params": {"x0": 0.9630141711494279, "x1": 7.7756290599974935, "x2": 4.160972114534987, "x3": 3.8502650230300226, "x4": 4.044279877977224, "x5": 1.0112425685973472, "x6": 9.373220674969794, "x7": 1.8105847969685207, "x8": 1.6110488796089613, "x9": 1.64354736882794}, "datetime": {"datetime": "2025-05-10 07:40:25", "elapsed": 1837.236909, "delta": 11.513562}}
{"target": 3.428017290489018, "params": {"x0": 0.963014030008148, "x1": 7.775631354342565, "x2": 4.160969479616647, "x3": 3.8502621360236073, "x4": 4.04428359092072, "x5": 1.011237066913006, "x6": 9.373226183575552, "x7": 1.8105769705036043, "x8": 1.6110493982851213, "x9": 1.6435466851244025}, "datetime": {"datetime": "2025-05-10 07:40:37", "elapsed": 1848.868454, "delta": 11.631545}}
{"target": 3.428017290489018, "params": {"x0": 0.9630139029809961, "x1": 7.775633419253128, "x2": 4.1609671081901425, "x3": 3.8502595377178337, "x4": 4.044286932569867, "x5": 1.0112321153970987, "x6": 9.373231141320733, "x7": 1.8105699266851798, "x8": 1.6110498650936653, "x9": 1.6435460697912188}, "datetime": {"datetime": "2025-05-10 07:40:48", "elapsed": 1860.363197, "delta": 11.494743}}
{"target": 3.428017290489018, "params": {"x0": 0.9630137886565594, "x1": 7.775635277672636, "x2": 4.160964973906288, "x3": 3.8502571992426375, "x4": 4.044289940054099, "x5": 1.0112276590327822, "x6": 9.373235603291398, "x7": 1.8105635872485977, "x8": 1.6110502852213548, "x9": 1.6435455159913532}, "datetime": {"datetime": "2025-05-10 07:41:00", "elapsed": 1871.772056, "delta": 11.408859}}
{"target": 3.428017290489018, "params": {"x0": 0.9630136857645664, "x1": 7.775636950250193, "x2": 4.160963053050819, "x3": 3.850255094614961, "x4": 4.044292646789907, "x5": 1.0112236483048975, "x6": 9.373239619064995, "x7": 1.8105578817556736, "x8": 1.6110506633362756, "x9": 1.6435450175714743}, "datetime": {"datetime": "2025-05-10 07:41:11", "elapsed": 1883.262388, "delta": 11.490332}}
{"target": 3.428017290489018, "params": {"x0": 0.9630135931617726, "x1": 7.775638455569993, "x2": 4.160961324280896, "x3": 3.850253200450052, "x4": 4.044295082852136, "x5": 1.0112200386498011, "x6": 9.373243233261233, "x7": 1.8105527468120421, "x8": 1.611051003639704, "x9": 1.6435445689935835}, "datetime": {"datetime": "2025-05-10 07:41:23", "elapsed": 1894.676346, "delta": 11.413958}}
{"target": 3.428017290489018, "params": {"x0": 0.9630135098192583, "x1": 7.775639810357815, "x2": 4.160959768387966, "x3": 3.8502514957016336, "x4": 4.044297275308141, "x5": 1.0112167899602145, "x6": 9.373246486037846, "x7": 1.8105481253627738, "x8": 1.6110513099127897, "x9": 1.6435441652734815}, "datetime": {"datetime": "2025-05-10 07:41:34", "elapsed": 1906.276418, "delta": 11.600072}}
{"target": 3.428017290489018, "params": {"x0": 0.9630134348109953, "x1": 7.775641029666853, "x2": 4.160958368084328, "x3": 3.8502499614280574, "x4": 4.044299248518545, "x5": 1.0112138661395864, "x6": 9.373249413536799, "x7": 1.810469098580284, "x8": 1.6110515855585668, "x9": 1.643537261659739}, "datetime": {"datetime": "2025-05-10 07:41:46", "elapsed": 1918.090726, "delta": 11.814308}}
