{"target": 3.428017290489018, "params": {"x0": 0.9630127590825825, "x1": 7.7756519868294784, "x2": 4.160945782846761, "x3": 3.850236185461562, "x4": 4.044316979511944, "x5": 1.0111876165992417, "x6": 9.373275700267214, "x7": 1.8105064517485956, "x8": 1.6110540624242673, "x9": 1.6435405239483498}, "datetime": {"datetime": "2025-05-10 07:52:46", "elapsed": 2577.798871, "delta": 11.8113}}
{"target": 3.428017290489018, "params": {"x0": 0.9630127598303939, "x1": 7.775651982266745, "x2": 4.1609457830940935, "x3": 3.8502361742523266, "x4": 4.044316982325763, "x5": 1.011187608956686, "x6": 9.373275703873368, "x7": 1.8105065039171375, "x8": 1.6110540609231898, "x9": 1.6435405277199877}, "datetime": {"datetime": "2025-05-10 07:52:57", "elapsed": 2589.41708, "delta": 11.618209}}
{"target": 3.428017290489018, "params": {"x0": 0.963012759619195, "x1": 7.775652010739196, "x2": 4.160945784128258, "x3": 3.8502361745229163, "x4": 4.0443169830415755, "x5": 1.0111876032490685, "x6": 9.373275710989105, "x7": 1.8105064597767788, "x8": 1.6110540635505108, "x9": 1.64354052784734}, "datetime": {"datetime": "2025-05-10 07:53:09", "elapsed": 2601.076251, "delta": 11.659171}}
{"target": 3.428017290489018, "params": {"x0": 0.96301276054168, "x1": 7.775651989010736, "x2": 4.1609457768720555, "x3": 3.850236175122265, "x4": 4.044316985282991, "x5": 1.0111875931908183, "x6": 9.373275719188136, "x7": 1.81050648273526, "x8": 1.6110540662744874, "x9": 1.6435405308057283}, "datetime": {"datetime": "2025-05-10 07:53:21", "elapsed": 2612.790889, "delta": 11.714638}}
{"target": 3.428017290489018, "params": {"x0": 0.9630127591478342, "x1": 7.775651989331162, "x2": 4.160945784451916, "x3": 3.850236170444501, "x4": 4.044316981099713, "x5": 1.01118759327905, "x6": 9.3732757253505, "x7": 1.8105065104222118, "x8": 1.6110540626077474, "x9": 1.6435405351580914}, "datetime": {"datetime": "2025-05-10 07:53:32", "elapsed": 2624.392042, "delta": 11.601153}}
{"target": 3.428017290489018, "params": {"x0": 0.9630127606664687, "x1": 7.775652007801939, "x2": 4.160945779831495, "x3": 3.850236167312822, "x4": 4.04431699746779, "x5": 1.011187579482612, "x6": 9.373275725360665, "x7": 1.8105064941437272, "x8": 1.6110540628928667, "x9": 1.643540529452925}, "datetime": {"datetime": "2025-05-10 07:53:44", "elapsed": 2635.999284, "delta": 11.607242}}
{"target": 3.428017290489018, "params": {"x0": 0.9630127603758944, "x1": 7.775652010095565, "x2": 4.160945778760678, "x3": 3.8502361700891985, "x4": 4.044316986882235, "x5": 1.0111875834874715, "x6": 9.373275727111784, "x7": 1.8105065142457193, "x8": 1.6110540638893214, "x9": 1.643540533994563}, "datetime": {"datetime": "2025-05-10 07:53:56", "elapsed": 2647.686461, "delta": 11.687177}}
{"target": 3.428017290489018, "params": {"x0": 0.9630127599262782, "x1": 7.7756519994321165, "x2": 4.160945777463629, "x3": 3.8502361596618244, "x4": 4.044316989771091, "x5": 1.01118758215341, "x6": 9.373275731066146, "x7": 1.8105064966287914, "x8": 1.6110540657492378, "x9": 1.6435405303866557}, "datetime": {"datetime": "2025-05-10 07:54:08", "elapsed": 2659.672077, "delta": 11.985616}}
{"target": 3.428017290489018, "params": {"x0": 0.9630127591989348, "x1": 7.775651993690506, "x2": 4.16094577159302, "x3": 3.8502361676172487, "x4": 4.044316991250585, "x5": 1.0111875785977873, "x6": 9.373275745949842, "x7": 1.8105065550141717, "x8": 1.611054063872687, "x9": 1.6435405310287399}, "datetime": {"datetime": "2025-05-10 07:54:19", "elapsed": 2671.437251, "delta": 11.765174}}
{"target": 3.428017290489018, "params": {"x0": 0.9630127596098582, "x1": 7.7756519939897135, "x2": 4.160945774976899, "x3": 3.8502361630822053, "x4": 4.044317007385985, "x5": 1.0111875728197885, "x6": 9.37327574036416, "x7": 1.8105065034484435, "x8": 1.61105406439544, "x9": 1.6435405292606187}, "datetime": {"datetime": "2025-05-10 07:54:31", "elapsed": 2682.88436, "delta": 11.447109}}
{"target": 3.428017290489018, "params": {"x0": 0.9630127600627899, "x1": 7.775652008697034, "x2": 4.160945775629518, "x3": 3.850236158933502, "x4": 4.044316996408179, "x5": 1.0111875726602888, "x6": 9.373275742263264, "x7": 1.810506534286785, "x8": 1.6110540644080722, "x9": 1.6435405308503699}, "datetime": {"datetime": "2025-05-10 07:54:43", "elapsed": 2694.731957, "delta": 11.847597}}
{"target": 3.428017290489018, "params": {"x0": 0.9630127598744086, "x1": 7.7756519960987776, "x2": 4.16094577252669, "x3": 3.850236160687316, "x4": 4.044316995051396, "x5": 1.0111875669994728, "x6": 9.373275743528863, "x7": 1.8105065299403116, "x8": 1.6110540647721905, "x9": 1.6435405303682664}, "datetime": {"datetime": "2025-05-10 07:54:54", "elapsed": 2706.58024, "delta": 11.848283}}
{"target": 3.428017290489018, "params": {"x0": 0.9630127595716151, "x1": 7.775651995921892, "x2": 4.160945769911802, "x3": 3.8502361606739957, "x4": 4.044316995095653, "x5": 1.0111875697284622, "x6": 9.373275749401383, "x7": 1.8105065128647553, "x8": 1.6110540652216059, "x9": 1.6435405330965493}, "datetime": {"datetime": "2025-05-10 07:55:06", "elapsed": 2718.300801, "delta": 11.720561}}
{"target": 3.428017290489018, "params": {"x0": 0.9630127600020901, "x1": 7.775651996811318, "x2": 4.160945773190933, "x3": 3.850236160538702, "x4": 4.044316999404438, "x5": 1.011187566903517, "x6": 9.373275746393213, "x7": 1.8105065136897287, "x8": 1.6110540664909843, "x9": 1.6435405300428862}, "datetime": {"datetime": "2025-05-10 07:55:18", "elapsed": 2729.851261, "delta": 11.55046}}
{"target": 3.428017290489018, "params": {"x0": 0.9630127594274808, "x1": 7.775652005338514, "x2": 4.160945771448607, "x3": 3.8502361603844726, "x4": 4.044316999160486, "x5": 1.011187565153392, "x6": 9.373275754463375, "x7": 1.810506518701456, "x8": 1.6110540652269303, "x9": 1.643540530793573}, "datetime": {"datetime": "2025-05-10 07:55:30", "elapsed": 2741.976212, "delta": 12.124951}}
{"target": 3.428017290489018, "params": {"x0": 0.9630127597227759, "x1": 7.77565200047075, "x2": 4.160945770702494, "x3": 3.8502361591744827, "x4": 4.044316999055473, "x5": 1.0111875635001697, "x6": 9.373275748611597, "x7": 1.8105065468241335, "x8": 1.6110540651636736, "x9": 1.643540530989112}, "datetime": {"datetime": "2025-05-10 07:55:42", "elapsed": 2753.695744, "delta": 11.719532}}
{"target": 3.428017290489018, "params": {"x0": 0.9630127595625922, "x1": 7.775652003341372, "x2": 4.160945770381524, "x3": 3.8502361592168586, "x4": 4.044317003762206, "x5": 1.0111875619607191, "x6": 9.373275749148698, "x7": 1.8105065162812657, "x8": 1.6110540653474086, "x9": 1.6435405303133321}, "datetime": {"datetime": "2025-05-10 07:55:53", "elapsed": 2765.595467, "delta": 11.899723}}
{"target": 3.428017290489018, "params": {"x0": 0.9630127599248576, "x1": 7.775652002223968, "x2": 4.160945770148128, "x3": 3.8502361573352317, "x4": 4.044317002684577, "x5": 1.0111875622223234, "x6": 9.37327575078322, "x7": 1.8105065221489502, "x8": 1.6110540663693147, "x9": 1.6435405305138917}, "datetime": {"datetime": "2025-05-10 07:56:05", "elapsed": 2777.630483, "delta": 12.035016}}
{"target": 3.428017290489018, "params": {"x0": 0.9630127599072098, "x1": 7.77565200222109, "x2": 4.160945769945082, "x3": 3.850236155411644, "x4": 4.044317007011467, "x5": 1.01118756119908, "x6": 9.373275751691441, "x7": 1.8105065242638707, "x8": 1.6110540654915326, "x9": 1.6435405307952924}, "datetime": {"datetime": "2025-05-10 07:56:17", "elapsed": 2789.492302, "delta": 11.861819}}
{"target": 3.428017290489018, "params": {"x0": 0.9630127595938066, "x1": 7.775652004276331, "x2": 4.1609457675844, "x3": 3.8502361571823944, "x4": 4.044317003703044, "x5": 1.0111875597114721, "x6": 9.373275753110983, "x7": 1.8105065333510524, "x8": 1.6110540657764119, "x9": 1.643540531788446}, "datetime": {"datetime": "2025-05-10 07:56:29", "elapsed": 2801.311517, "delta": 11.819215}}
{"target": 3.428017290489018, "params": {"x0": 0.9630127598083441, "x1": 7.7756520009344365, "x2": 4.160945768605131, "x3": 3.850236157060533, "x4": 4.044317006514627, "x5": 1.0111875595619197, "x6": 9.373275753233326, "x7": 1.810506528975558, "x8": 1.6110540658249284, "x9": 1.6435405313245695}, "datetime": {"datetime": "2025-05-10 07:56:41", "elapsed": 2813.166766, "delta": 11.855249}}
{"target": 3.428017290489018, "params": {"x0": 0.9630127599165332, "x1": 7.775652001509697, "x2": 4.160945767926984, "x3": 3.8502361555057614, "x4": 4.044317004700594, "x5": 1.011187557848848, "x6": 9.373275757034774, "x7": 1.8105065319010103, "x8": 1.6110540657876504, "x9": 1.6435405310901021}, "datetime": {"datetime": "2025-05-10 07:56:53", "elapsed": 2824.790611, "delta": 11.623845}}
{"target": 3.428017290489018, "params": {"x0": 0.9630127595809072, "x1": 7.775652002809417, "x2": 4.160945767569648, "x3": 3.850236154206474, "x4": 4.044317003216769, "x5": 1.0111875579688754, "x6": 9.373275755675545, "x7": 1.81050652503345, "x8": 1.61105406590456, "x9": 1.6435405319387055}, "datetime": {"datetime": "2025-05-10 07:57:05", "elapsed": 2836.819974, "delta": 12.029363}}
{"target": 3.428017290489018, "params": {"x0": 0.96301275976681, "x1": 7.775652001598282, "x2": 4.16094576798951, "x3": 3.8502361558043914, "x4": 4.044317003748098, "x5": 1.0111875571125168, "x6": 9.373275755965002, "x7": 1.8105065274810725, "x8": 1.611054065977531, "x9": 1.6435405318287806}, "datetime": {"datetime": "2025-05-10 07:57:17", "elapsed": 2849.036261, "delta": 12.216287}}
{"target": 3.428017290489018, "params": {"x0": 0.9630127596262871, "x1": 7.775652002233812, "x2": 4.160945767075787, "x3": 3.8502361545960375, "x4": 4.044317004812858, "x5": 1.0111875567011572, "x6": 9.373275757366734, "x7": 1.8105065342879039, "x8": 1.6110540658990546, "x9": 1.643540531989925}, "datetime": {"datetime": "2025-05-10 07:57:29", "elapsed": 2860.897505, "delta": 11.861244}}
{"target": 3.428017290489018, "params": {"x0": 0.9630127596399355, "x1": 7.775652002372007, "x2": 4.16094576742998, "x3": 3.850236154642589, "x4": 4.044317004760223, "x5": 1.0111875560542098, "x6": 9.37327575751138, "x7": 1.8105065338615953, "x8": 1.6110540659985007, "x9": 1.6435405319736465}, "datetime": {"datetime": "2025-05-10 07:57:41", "elapsed": 2872.809946, "delta": 11.912441}}
{"target": 3.428017290489018, "params": {"x0": 0.963012759657823, "x1": 7.775652004954004, "x2": 4.160945766794434, "x3": 3.8502361551125674, "x4": 4.04431700565993, "x5": 1.0111875556448062, "x6": 9.373275758517453, "x7": 1.8105065284041635, "x8": 1.6110540659773014, "x9": 1.6435405318212024}, "datetime": {"datetime": "2025-05-10 07:57:53", "elapsed": 2884.821313, "delta": 12.011367}}
{"target": 3.428017290489018, "params": {"x0": 0.9630127596989374, "x1": 7.7756520032418965, "x2": 4.1609457664086955, "x3": 3.850236154241048, "x4": 4.044317005013256, "x5": 1.011187555192811, "x6": 9.37327575775195, "x7": 1.810506528234742, "x8": 1.611054066313544, "x9": 1.6435405316231573}, "datetime": {"datetime": "2025-05-10 07:58:05", "elapsed": 2896.70069, "delta": 11.879377}}
{"target": 3.428017290489018, "params": {"x0": 0.9630127598221264, "x1": 7.775652003116414, "x2": 4.160945766153896, "x3": 3.8502361538752847, "x4": 4.044317005488547, "x5": 1.0111875548312839, "x6": 9.373275757958567, "x7": 1.8105065304344827, "x8": 1.6110540660696808, "x9": 1.643540531837705}, "datetime": {"datetime": "2025-05-10 07:58:17", "elapsed": 2908.802354, "delta": 12.101664}}
{"target": 3.428017290489018, "params": {"x0": 0.9630127598047427, "x1": 7.775652003613018, "x2": 4.160945766578355, "x3": 3.850236154427806, "x4": 4.044317005642956, "x5": 1.0111875547378661, "x6": 9.373275758275543, "x7": 1.810506531942448, "x8": 1.6110540661199177, "x9": 1.6435405315152933}, "datetime": {"datetime": "2025-05-10 07:58:29", "elapsed": 2920.839523, "delta": 12.037169}}
{"target": 3.428017290489018, "params": {"x0": 0.963012759744689, "x1": 7.775652003419817, "x2": 4.160945765536356, "x3": 3.8502361536258984, "x4": 4.044317005814498, "x5": 1.0111875544289686, "x6": 9.373275759036229, "x7": 1.8105065284414985, "x8": 1.611054066114028, "x9": 1.6435405320593865}, "datetime": {"datetime": "2025-05-10 07:58:41", "elapsed": 2932.991214, "delta": 12.151691}}
{"target": 3.428017290489018, "params": {"x0": 0.9630127596989828, "x1": 7.775652003813599, "x2": 4.160945766398128, "x3": 3.8502361542002013, "x4": 4.044317007666701, "x5": 1.0111875539818331, "x6": 9.37327575862914, "x7": 1.810506528840653, "x8": 1.611054066241714, "x9": 1.6435405316651843}, "datetime": {"datetime": "2025-05-10 07:58:53", "elapsed": 2945.098115, "delta": 12.106901}}
{"target": 3.428017290489018, "params": {"x0": 0.9630127597762594, "x1": 7.775652003045291, "x2": 4.160945766123948, "x3": 3.850236153108994, "x4": 4.044317005935411, "x5": 1.0111875539048536, "x6": 9.373275758985683, "x7": 1.8105065322977418, "x8": 1.6110540662092203, "x9": 1.6435405317841882}, "datetime": {"datetime": "2025-05-10 07:59:05", "elapsed": 2957.566408, "delta": 12.468293}}
{"target": 3.428017290489018, "params": {"x0": 0.9630127596981085, "x1": 7.775652003291904, "x2": 4.160945765994948, "x3": 3.8502361535481935, "x4": 4.044317006783407, "x5": 1.0111875537103663, "x6": 9.373275759653017, "x7": 1.8105065300083714, "x8": 1.6110540662567392, "x9": 1.6435405317237652}, "datetime": {"datetime": "2025-05-10 07:59:18", "elapsed": 2970.012717, "delta": 12.446309}}
{"target": 3.428017290489018, "params": {"x0": 0.9630127597798133, "x1": 7.775652002793907, "x2": 4.1609457658942555, "x3": 3.8502361536926557, "x4": 4.044317007556258, "x5": 1.0111875534478734, "x6": 9.373275759228449, "x7": 1.8105065306337487, "x8": 1.6110540662407211, "x9": 1.6435405317822727}, "datetime": {"datetime": "2025-05-10 07:59:30", "elapsed": 2981.99575, "delta": 11.983033}}
{"target": 3.428017290489018, "params": {"x0": 0.9630127597639858, "x1": 7.775652003730578, "x2": 4.16094576612603, "x3": 3.850236153676931, "x4": 4.044317006411286, "x5": 1.0111875532823955, "x6": 9.373275759909726, "x7": 1.8105065310825603, "x8": 1.611054066271693, "x9": 1.6435405317110923}, "datetime": {"datetime": "2025-05-10 07:59:42", "elapsed": 2993.993324, "delta": 11.997574}}
{"target": 3.428017290489018, "params": {"x0": 0.9630127597604808, "x1": 7.7756520040103005, "x2": 4.16094576587264, "x3": 3.8502361535358887, "x4": 4.044317006504609, "x5": 1.0111875530945342, "x6": 9.373275759800626, "x7": 1.8105065307887511, "x8": 1.6110540663420347, "x9": 1.6435405318892669}, "datetime": {"datetime": "2025-05-10 07:59:54", "elapsed": 3006.325213, "delta": 12.331889}}
{"target": 3.428017290489018, "params": {"x0": 0.9630127597505882, "x1": 7.775652003100096, "x2": 4.160945765796622, "x3": 3.8502361531747824, "x4": 4.044317006624697, "x5": 1.011187552970335, "x6": 9.37327576015554, "x7": 1.8105065308475476, "x8": 1.6110540662570785, "x9": 1.6435405319122791}, "datetime": {"datetime": "2025-05-10 08:00:07", "elapsed": 3018.726588, "delta": 12.401375}}
{"target": 3.428017290489018, "params": {"x0": 0.963012759728043, "x1": 7.775652003011558, "x2": 4.1609457658196956, "x3": 3.8502361534848104, "x4": 4.044317006719916, "x5": 1.0111875527553957, "x6": 9.373275759982588, "x7": 1.8105065320461746, "x8": 1.6110540663112591, "x9": 1.6435405318404441}, "datetime": {"datetime": "2025-05-10 08:00:19", "elapsed": 3031.156061, "delta": 12.429473}}
{"target": 3.428017290489018, "params": {"x0": 0.9630127597232575, "x1": 7.775652003786287, "x2": 4.160945765787431, "x3": 3.8502361530559623, "x4": 4.044317006847303, "x5": 1.0111875527471057, "x6": 9.373275760390584, "x7": 1.8105065308354829, "x8": 1.6110540662857256, "x9": 1.6435405316653906}, "datetime": {"datetime": "2025-05-10 08:00:31", "elapsed": 3043.21721, "delta": 12.061149}}
{"target": 3.428017290489018, "params": {"x0": 0.9630127597595631, "x1": 7.775652003476595, "x2": 4.160945765798013, "x3": 3.85023615333738, "x4": 4.044317007224221, "x5": 1.0111875526327048, "x6": 9.373275760124864, "x7": 1.8105065313842401, "x8": 1.611054066287889, "x9": 1.6435405317054088}, "datetime": {"datetime": "2025-05-10 08:00:43", "elapsed": 3055.283701, "delta": 12.066491}}
{"target": 3.428017290489018, "params": {"x0": 0.9630127597154624, "x1": 7.77565200355905, "x2": 4.160945765699762, "x3": 3.850236153251679, "x4": 4.044317007098012, "x5": 1.011187552588088, "x6": 9.373275760350273, "x7": 1.810506531614218, "x8": 1.6110540662973365, "x9": 1.6435405317244176}, "datetime": {"datetime": "2025-05-10 08:00:55", "elapsed": 3067.133491, "delta": 11.84979}}
{"target": 3.428017290489018, "params": {"x0": 0.9630127597495644, "x1": 7.775652003633352, "x2": 4.160945765651823, "x3": 3.850236153203359, "x4": 4.04431700691524, "x5": 1.0111875524431568, "x6": 9.373275760419286, "x7": 1.8105065322978346, "x8": 1.6110540663170065, "x9": 1.6435405317097336}, "datetime": {"datetime": "2025-05-10 08:01:08", "elapsed": 3079.944581, "delta": 12.81109}}
{"target": 3.428017290489018, "params": {"x0": 0.9630127597384467, "x1": 7.775652003421374, "x2": 4.160945765546733, "x3": 3.8502361531232867, "x4": 4.044317006957784, "x5": 1.0111875523204714, "x6": 9.373275760407829, "x7": 1.8105065314701327, "x8": 1.611054066305577, "x9": 1.6435405317284923}, "datetime": {"datetime": "2025-05-10 08:01:20", "elapsed": 3091.9677, "delta": 12.023119}}
{"target": 3.428017290489018, "params": {"x0": 0.9630127597240801, "x1": 7.775652003206889, "x2": 4.160945765525038, "x3": 3.8502361531764895, "x4": 4.044317007107398, "x5": 1.0111875523513065, "x6": 9.373275760453193, "x7": 1.8105065316748181, "x8": 1.6110540663128843, "x9": 1.6435405318638638}, "datetime": {"datetime": "2025-05-10 08:01:32", "elapsed": 3103.8864, "delta": 11.9187}}
{"target": 3.428017290489018, "params": {"x0": 0.9630127597465364, "x1": 7.7756520036098085, "x2": 4.160945765204296, "x3": 3.8502361531959535, "x4": 4.044317007032846, "x5": 1.0111875523193945, "x6": 9.37327576051602, "x7": 1.8105065317704703, "x8": 1.6110540663181485, "x9": 1.643540531741541}, "datetime": {"datetime": "2025-05-10 08:01:44", "elapsed": 3115.938574, "delta": 12.052174}}
{"target": 3.428017290489018, "params": {"x0": 0.9630127597492685, "x1": 7.775652003385326, "x2": 4.1609457655538415, "x3": 3.850236153180272, "x4": 4.0443170071880346, "x5": 1.0111875522441638, "x6": 9.373275760694321, "x7": 1.8105065319070657, "x8": 1.6110540663417854, "x9": 1.6435405317667844}, "datetime": {"datetime": "2025-05-10 08:01:56", "elapsed": 3127.716947, "delta": 11.778373}}
{"target": 3.428017290489018, "params": {"x0": 0.9630127597388541, "x1": 7.775652003464939, "x2": 4.160945765536009, "x3": 3.8502361531841216, "x4": 4.044317007108063, "x5": 1.0111875521915445, "x6": 9.373275760647822, "x7": 1.810506531992083, "x8": 1.6110540663629513, "x9": 1.6435405318043388}, "datetime": {"datetime": "2025-05-10 08:02:08", "elapsed": 3139.758732, "delta": 12.041785}}
{"target": 3.428017290489018, "params": {"x0": 0.9630127597430488, "x1": 7.775652003320547, "x2": 4.1609457654341275, "x3": 3.8502361531775047, "x4": 4.0443170072059695, "x5": 1.0111875521187286, "x6": 9.373275760637819, "x7": 1.8105065325535488, "x8": 1.6110540663342312, "x9": 1.643540531801005}, "datetime": {"datetime": "2025-05-10 08:02:20", "elapsed": 3151.800115, "delta": 12.041383}}
{"target": 3.428017290489018, "params": {"x0": 0.9630127597449418, "x1": 7.7756520033510395, "x2": 4.160945765481516, "x3": 3.8502361531457763, "x4": 4.044317007170697, "x5": 1.0111875521193519, "x6": 9.37327576075963, "x7": 1.810506532022473, "x8": 1.6110540663541886, "x9": 1.6435405317574996}, "datetime": {"datetime": "2025-05-10 08:02:32", "elapsed": 3164.348111, "delta": 12.547996}}
{"target": 3.428017290489018, "params": {"x0": 0.9630127597287391, "x1": 7.775652003376492, "x2": 4.160945765506115, "x3": 3.8502361530789004, "x4": 4.044317007192479, "x5": 1.0111875520603304, "x6": 9.373275760697975, "x7": 1.8105065325003968, "x8": 1.6110540663395192, "x9": 1.643540531774902}, "datetime": {"datetime": "2025-05-10 08:02:45", "elapsed": 3176.699192, "delta": 12.351081}}
{"target": 3.428017290489018, "params": {"x0": 0.9630127597292902, "x1": 7.775652003372317, "x2": 4.160945765472811, "x3": 3.850236153101522, "x4": 4.044317007233044, "x5": 1.0111875520105094, "x6": 9.373275760824761, "x7": 1.8105065320118912, "x8": 1.6110540663529516, "x9": 1.6435405317643272}, "datetime": {"datetime": "2025-05-10 08:02:57", "elapsed": 3189.436724, "delta": 12.737532}}
{"target": 3.428017290489018, "params": {"x0": 0.9630127597319109, "x1": 7.775652003366203, "x2": 4.160945765429022, "x3": 3.8502361530216325, "x4": 4.044317007231411, "x5": 1.011187552014522, "x6": 9.373275760758467, "x7": 1.8105065321954557, "x8": 1.611054066345244, "x9": 1.6435405318026046}, "datetime": {"datetime": "2025-05-10 08:03:10", "elapsed": 3201.84016, "delta": 12.403436}}
{"target": 3.428017290489018, "params": {"x0": 0.9630127597348689, "x1": 7.775652003368512, "x2": 4.160945765411215, "x3": 3.8502361530659988, "x4": 4.044317007268516, "x5": 1.011187551975579, "x6": 9.373275760861143, "x7": 1.8105065320701075, "x8": 1.6110540663487054, "x9": 1.643540531764465}, "datetime": {"datetime": "2025-05-10 08:03:22", "elapsed": 3214.192699, "delta": 12.352539}}
{"target": 3.428017290489018, "params": {"x0": 0.9630127597412643, "x1": 7.775652003392273, "x2": 4.16094576540962, "x3": 3.850236153053945, "x4": 4.044317007383083, "x5": 1.0111875519564486, "x6": 9.373275760866017, "x7": 1.8105065323652785, "x8": 1.6110540663500639, "x9": 1.643540531783571}, "datetime": {"datetime": "2025-05-10 08:03:34", "elapsed": 3226.596676, "delta": 12.403977}}
{"target": 3.428017290489018, "params": {"x0": 0.9630127597324258, "x1": 7.775652003380567, "x2": 4.160945765429545, "x3": 3.8502361529682685, "x4": 4.044317007306228, "x5": 1.0111875519379514, "x6": 9.373275760837306, "x7": 1.8105065324947995, "x8": 1.6110540663589283, "x9": 1.6435405317802163}, "datetime": {"datetime": "2025-05-10 08:03:47", "elapsed": 3239.215629, "delta": 12.618953}}
