{"target": 3.428017290489018, "params": {"x0": 0.9630127597366247, "x1": 7.775652003448059, "x2": 4.160945765351645, "x3": 3.850236152965959, "x4": 4.044317007412076, "x5": 1.0111875517536741, "x6": 9.373275761027465, "x7": 1.8105065323197382, "x8": 1.611054066370592, "x9": 1.6435405317925822}, "datetime": {"datetime": "2025-05-10 08:16:05", "elapsed": 3977.372338, "delta": 13.32061}}
{"target": 3.428017290489018, "params": {"x0": 0.9630127597366315, "x1": 7.775652003448294, "x2": 4.160945765351629, "x3": 3.850236152965987, "x4": 4.0443170074124, "x5": 1.0111875517543643, "x6": 9.373275761027719, "x7": 1.8105065323196206, "x8": 1.611054066370544, "x9": 1.6435405317925558}, "datetime": {"datetime": "2025-05-10 08:16:19", "elapsed": 3990.871991, "delta": 13.499653}}
{"target": 3.428017290489018, "params": {"x0": 0.9630127597366283, "x1": 7.775652003448142, "x2": 4.160945765351743, "x3": 3.850236152965768, "x4": 4.044317007411958, "x5": 1.0111875517542475, "x6": 9.373275761027106, "x7": 1.810506532318914, "x8": 1.6110540663705877, "x9": 1.6435405317926062}, "datetime": {"datetime": "2025-05-10 08:16:32", "elapsed": 4004.196171, "delta": 13.32418}}
{"target": 3.428017290489018, "params": {"x0": 0.9630127597366258, "x1": 7.775652003448309, "x2": 4.16094576535174, "x3": 3.8502361529659925, "x4": 4.044317007412426, "x5": 1.0111875517536504, "x6": 9.373275761027022, "x7": 1.8105065323189566, "x8": 1.6110540663705926, "x9": 1.6435405317925353}, "datetime": {"datetime": "2025-05-10 08:16:45", "elapsed": 4017.517895, "delta": 13.321724}}
{"target": 3.428017290489018, "params": {"x0": 0.963012759736621, "x1": 7.775652003448238, "x2": 4.1609457653514506, "x3": 3.850236152965775, "x4": 4.0443170074122055, "x5": 1.011187551754065, "x6": 9.373275761027113, "x7": 1.810506532319257, "x8": 1.6110540663705866, "x9": 1.643540531792572}, "datetime": {"datetime": "2025-05-10 08:16:58", "elapsed": 4030.578635, "delta": 13.06074}}
{"target": 3.428017290489018, "params": {"x0": 0.9630127597366254, "x1": 7.775652003448274, "x2": 4.160945765351637, "x3": 3.850236152965911, "x4": 4.0443170074121175, "x5": 1.0111875517540647, "x6": 9.373275761027154, "x7": 1.81050653231971, "x8": 1.6110540663705346, "x9": 1.6435405317925653}, "datetime": {"datetime": "2025-05-10 08:17:12", "elapsed": 4043.963969, "delta": 13.385334}}
{"target": 3.428017290489018, "params": {"x0": 0.9630127597366233, "x1": 7.775652003448264, "x2": 4.16094576535164, "x3": 3.8502361529659197, "x4": 4.044317007412022, "x5": 1.0111875517539202, "x6": 9.373275761027159, "x7": 1.8105065323196579, "x8": 1.6110540663705835, "x9": 1.6435405317925817}, "datetime": {"datetime": "2025-05-10 08:17:25", "elapsed": 4057.081869, "delta": 13.1179}}
{"target": 3.428017290489018, "params": {"x0": 0.9630127597366258, "x1": 7.775652003448255, "x2": 4.160945765351683, "x3": 3.8502361529659477, "x4": 4.0443170074122685, "x5": 1.011187551754111, "x6": 9.373275761027257, "x7": 1.810506532319068, "x8": 1.6110540663705808, "x9": 1.6435405317925686}, "datetime": {"datetime": "2025-05-10 08:17:39", "elapsed": 4070.81311, "delta": 13.731241}}
{"target": 3.428017290489018, "params": {"x0": 0.963012759736628, "x1": 7.775652003448216, "x2": 4.160945765351547, "x3": 3.850236152965873, "x4": 4.044317007412209, "x5": 1.0111875517539977, "x6": 9.373275761027449, "x7": 1.8105065323195557, "x8": 1.6110540663705442, "x9": 1.643540531792576}, "datetime": {"datetime": "2025-05-10 08:17:52", "elapsed": 4084.385349, "delta": 13.572239}}
{"target": 3.428017290489018, "params": {"x0": 0.9630127597366335, "x1": 7.775652003448272, "x2": 4.160945765351529, "x3": 3.8502361529658136, "x4": 4.044317007412222, "x5": 1.011187551753938, "x6": 9.373275761027235, "x7": 1.8105065323194074, "x8": 1.6110540663705455, "x9": 1.6435405317925622}, "datetime": {"datetime": "2025-05-10 08:18:06", "elapsed": 4097.918964, "delta": 13.533615}}
{"target": 3.428017290489018, "params": {"x0": 0.9630127597366276, "x1": 7.77565200344823, "x2": 4.160945765351582, "x3": 3.850236152965864, "x4": 4.0443170074122, "x5": 1.0111875517539848, "x6": 9.37327576102746, "x7": 1.8105065323195777, "x8": 1.6110540663705597, "x9": 1.6435405317925582}, "datetime": {"datetime": "2025-05-10 08:18:18", "elapsed": 4110.565117, "delta": 12.646153}}
{"target": 3.428017290489018, "params": {"x0": 0.963012759736625, "x1": 7.775652003448187, "x2": 4.160945765351662, "x3": 3.850236152965873, "x4": 4.04431700741217, "x5": 1.0111875517539122, "x6": 9.373275761027479, "x7": 1.8105065323193321, "x8": 1.6110540663705744, "x9": 1.6435405317925689}, "datetime": {"datetime": "2025-05-10 08:18:32", "elapsed": 4124.63026, "delta": 14.065143}}
{"target": 3.428017290489018, "params": {"x0": 0.9630127597366295, "x1": 7.775652003448177, "x2": 4.160945765351651, "x3": 3.8502361529659206, "x4": 4.044317007412279, "x5": 1.0111875517539985, "x6": 9.373275761027452, "x7": 1.8105065323193832, "x8": 1.6110540663705712, "x9": 1.6435405317925635}, "datetime": {"datetime": "2025-05-10 08:18:46", "elapsed": 4138.042669, "delta": 13.412409}}
{"target": 3.428017290489018, "params": {"x0": 0.96301275973663, "x1": 7.775652003448193, "x2": 4.1609457653516015, "x3": 3.8502361529658757, "x4": 4.044317007412143, "x5": 1.0111875517538413, "x6": 9.373275761027374, "x7": 1.8105065323195244, "x8": 1.6110540663705684, "x9": 1.6435405317925704}, "datetime": {"datetime": "2025-05-10 08:18:59", "elapsed": 4151.269439, "delta": 13.22677}}
{"target": 3.428017290489018, "params": {"x0": 0.9630127597366295, "x1": 7.775652003448182, "x2": 4.160945765351564, "x3": 3.8502361529659175, "x4": 4.044317007412154, "x5": 1.0111875517539581, "x6": 9.373275761027465, "x7": 1.8105065323194454, "x8": 1.611054066370562, "x9": 1.6435405317925522}, "datetime": {"datetime": "2025-05-10 08:19:13", "elapsed": 4164.745783, "delta": 13.476344}}
{"target": 3.428017290489018, "params": {"x0": 0.9630127597366271, "x1": 7.7756520034482435, "x2": 4.160945765351572, "x3": 3.850236152965918, "x4": 4.04431700741214, "x5": 1.0111875517540065, "x6": 9.373275761027339, "x7": 1.8105065323194385, "x8": 1.6110540663705535, "x9": 1.643540531792563}, "datetime": {"datetime": "2025-05-10 08:19:27", "elapsed": 4179.090192, "delta": 14.344409}}
{"target": 3.428017290489018, "params": {"x0": 0.9630127597366274, "x1": 7.775652003448192, "x2": 4.160945765351597, "x3": 3.850236152965842, "x4": 4.04431700741221, "x5": 1.011187551753954, "x6": 9.373275761027417, "x7": 1.8105065323194658, "x8": 1.6110540663705575, "x9": 1.6435405317925624}, "datetime": {"datetime": "2025-05-10 08:19:41", "elapsed": 4192.878289, "delta": 13.788097}}
{"target": 3.428017290489018, "params": {"x0": 0.9630127597366288, "x1": 7.775652003448216, "x2": 4.1609457653515785, "x3": 3.8502361529658873, "x4": 4.044317007412187, "x5": 1.0111875517538922, "x6": 9.373275761027339, "x7": 1.81050653231932, "x8": 1.6110540663705681, "x9": 1.6435405317925682}, "datetime": {"datetime": "2025-05-10 08:19:54", "elapsed": 4206.371411, "delta": 13.493122}}
{"target": 3.428017290489018, "params": {"x0": 0.9630127597366298, "x1": 7.775652003448207, "x2": 4.160945765351602, "x3": 3.850236152965864, "x4": 4.044317007412202, "x5": 1.011187551753941, "x6": 9.373275761027319, "x7": 1.8105065323194012, "x8": 1.611054066370563, "x9": 1.6435405317925555}, "datetime": {"datetime": "2025-05-10 08:20:09", "elapsed": 4220.694431, "delta": 14.32302}}
{"target": 3.428017290489018, "params": {"x0": 0.9630127597366303, "x1": 7.775652003448176, "x2": 4.16094576535157, "x3": 3.850236152965893, "x4": 4.044317007412226, "x5": 1.0111875517538864, "x6": 9.373275761027395, "x7": 1.8105065323192673, "x8": 1.6110540663705655, "x9": 1.6435405317925593}, "datetime": {"datetime": "2025-05-10 08:20:22", "elapsed": 4234.573184, "delta": 13.878753}}
{"target": 3.428017290489018, "params": {"x0": 0.9630127597366299, "x1": 7.775652003448218, "x2": 4.160945765351581, "x3": 3.850236152965891, "x4": 4.044317007412158, "x5": 1.011187551753993, "x6": 9.373275761027346, "x7": 1.810506532319415, "x8": 1.611054066370557, "x9": 1.643540531792561}, "datetime": {"datetime": "2025-05-10 08:20:37", "elapsed": 4249.176038, "delta": 14.602854}}
{"target": 3.428017290489018, "params": {"x0": 0.9630127597366296, "x1": 7.775652003448196, "x2": 4.16094576535161, "x3": 3.850236152965844, "x4": 4.044317007412185, "x5": 1.0111875517539362, "x6": 9.37327576102742, "x7": 1.8105065323193779, "x8": 1.611054066370562, "x9": 1.6435405317925638}, "datetime": {"datetime": "2025-05-10 08:20:51", "elapsed": 4262.827372, "delta": 13.651334}}
{"target": 3.428017290489018, "params": {"x0": 0.9630127597366296, "x1": 7.775652003448187, "x2": 4.160945765351612, "x3": 3.8502361529658744, "x4": 4.044317007412175, "x5": 1.0111875517539048, "x6": 9.37327576102736, "x7": 1.8105065323192926, "x8": 1.6110540663705601, "x9": 1.6435405317925653}, "datetime": {"datetime": "2025-05-10 08:21:05", "elapsed": 4277.176504, "delta": 14.349132}}
{"target": 3.428017290489018, "params": {"x0": 0.9630127597366278, "x1": 7.775652003448218, "x2": 4.1609457653516095, "x3": 3.8502361529658895, "x4": 4.044317007412214, "x5": 1.0111875517539368, "x6": 9.373275761027386, "x7": 1.8105065323194054, "x8": 1.6110540663705624, "x9": 1.6435405317925627}, "datetime": {"datetime": "2025-05-10 08:21:18", "elapsed": 4290.367612, "delta": 13.191108}}
{"target": 3.428017290489018, "params": {"x0": 0.9630127597366297, "x1": 7.775652003448212, "x2": 4.160945765351608, "x3": 3.8502361529658766, "x4": 4.04431700741221, "x5": 1.0111875517539037, "x6": 9.373275761027386, "x7": 1.8105065323193092, "x8": 1.6110540663705626, "x9": 1.6435405317925675}, "datetime": {"datetime": "2025-05-10 08:21:33", "elapsed": 4305.177085, "delta": 14.809473}}
{"target": 3.428017290489018, "params": {"x0": 0.9630127597366288, "x1": 7.7756520034482035, "x2": 4.160945765351581, "x3": 3.8502361529658526, "x4": 4.044317007412202, "x5": 1.0111875517539606, "x6": 9.373275761027383, "x7": 1.8105065323194018, "x8": 1.611054066370564, "x9": 1.643540531792565}, "datetime": {"datetime": "2025-05-10 08:21:48", "elapsed": 4319.67791, "delta": 14.500825}}
{"target": 3.428017290489018, "params": {"x0": 0.9630127597366285, "x1": 7.775652003448212, "x2": 4.160945765351583, "x3": 3.850236152965877, "x4": 4.044317007412192, "x5": 1.0111875517539146, "x6": 9.37327576102734, "x7": 1.8105065323194003, "x8": 1.6110540663705633, "x9": 1.6435405317925684}, "datetime": {"datetime": "2025-05-10 08:22:01", "elapsed": 4333.02419, "delta": 13.34628}}
{"target": 3.428017290489018, "params": {"x0": 0.9630127597366295, "x1": 7.775652003448204, "x2": 4.160945765351582, "x3": 3.8502361529658757, "x4": 4.0443170074121815, "x5": 1.011187551753942, "x6": 9.373275761027362, "x7": 1.810506532319381, "x8": 1.6110540663705597, "x9": 1.6435405317925622}, "datetime": {"datetime": "2025-05-10 08:22:15", "elapsed": 4347.098515, "delta": 14.074325}}
{"target": 3.428017290489018, "params": {"x0": 0.963012759736629, "x1": 7.775652003448199, "x2": 4.160945765351603, "x3": 3.8502361529658824, "x4": 4.044317007412177, "x5": 1.0111875517539464, "x6": 9.373275761027385, "x7": 1.8105065323193317, "x8": 1.611054066370563, "x9": 1.6435405317925662}, "datetime": {"datetime": "2025-05-10 08:22:29", "elapsed": 4360.808198, "delta": 13.709683}}
{"target": 3.428017290489018, "params": {"x0": 0.9630127597366291, "x1": 7.775652003448207, "x2": 4.160945765351589, "x3": 3.850236152965869, "x4": 4.044317007412174, "x5": 1.0111875517539164, "x6": 9.373275761027353, "x7": 1.8105065323193479, "x8": 1.6110540663705588, "x9": 1.6435405317925633}, "datetime": {"datetime": "2025-05-10 08:22:43", "elapsed": 4374.79941, "delta": 13.991212}}
{"target": 3.428017290489018, "params": {"x0": 0.963012759736629, "x1": 7.7756520034482035, "x2": 4.1609457653515864, "x3": 3.8502361529658797, "x4": 4.0443170074121975, "x5": 1.0111875517539441, "x6": 9.373275761027362, "x7": 1.810506532319381, "x8": 1.6110540663705601, "x9": 1.6435405317925669}, "datetime": {"datetime": "2025-05-10 08:22:56", "elapsed": 4388.415079, "delta": 13.615669}}
{"target": 3.428017290489018, "params": {"x0": 0.9630127597366294, "x1": 7.775652003448205, "x2": 4.1609457653515864, "x3": 3.8502361529658735, "x4": 4.0443170074121975, "x5": 1.0111875517539404, "x6": 9.373275761027374, "x7": 1.8105065323193437, "x8": 1.6110540663705624, "x9": 1.6435405317925655}, "datetime": {"datetime": "2025-05-10 08:23:10", "elapsed": 4402.466722, "delta": 14.051643}}
{"target": 3.428017290489018, "params": {"x0": 0.9630127597366289, "x1": 7.775652003448199, "x2": 4.160945765351599, "x3": 3.8502361529658664, "x4": 4.0443170074121975, "x5": 1.011187551753928, "x6": 9.373275761027362, "x7": 1.8105065323193423, "x8": 1.6110540663705606, "x9": 1.6435405317925633}, "datetime": {"datetime": "2025-05-10 08:23:24", "elapsed": 4416.615108, "delta": 14.148386}}
{"target": 3.428017290489018, "params": {"x0": 0.963012759736629, "x1": 7.775652003448202, "x2": 4.160945765351593, "x3": 3.850236152965876, "x4": 4.044317007412189, "x5": 1.0111875517539406, "x6": 9.37327576102737, "x7": 1.8105065323193654, "x8": 1.611054066370562, "x9": 1.643540531792564}, "datetime": {"datetime": "2025-05-10 08:23:39", "elapsed": 4431.455221, "delta": 14.840113}}
{"target": 3.428017290489018, "params": {"x0": 0.9630127597366287, "x1": 7.775652003448203, "x2": 4.160945765351592, "x3": 3.850236152965869, "x4": 4.0443170074121815, "x5": 1.011187551753921, "x6": 9.373275761027378, "x7": 1.8105065323193592, "x8": 1.6110540663705608, "x9": 1.6435405317925642}, "datetime": {"datetime": "2025-05-10 08:23:52", "elapsed": 4444.594968, "delta": 13.139747}}
{"target": 3.428017290489018, "params": {"x0": 0.9630127597366287, "x1": 7.775652003448206, "x2": 4.160945765351598, "x3": 3.8502361529658744, "x4": 4.044317007412189, "x5": 1.011187551753933, "x6": 9.373275761027381, "x7": 1.8105065323193437, "x8": 1.611054066370562, "x9": 1.6435405317925653}, "datetime": {"datetime": "2025-05-10 08:24:06", "elapsed": 4458.367513, "delta": 13.772545}}
{"target": 3.428017290489018, "params": {"x0": 0.9630127597366291, "x1": 7.775652003448204, "x2": 4.160945765351591, "x3": 3.8502361529658757, "x4": 4.044317007412181, "x5": 1.0111875517539415, "x6": 9.373275761027374, "x7": 1.810506532319369, "x8": 1.6110540663705606, "x9": 1.6435405317925653}, "datetime": {"datetime": "2025-05-10 08:24:20", "elapsed": 4472.627092, "delta": 14.259579}}
{"target": 3.428017290489018, "params": {"x0": 0.963012759736629, "x1": 7.775652003448201, "x2": 4.160945765351592, "x3": 3.8502361529658664, "x4": 4.0443170074121815, "x5": 1.0111875517539333, "x6": 9.373275761027378, "x7": 1.8105065323193448, "x8": 1.611054066370561, "x9": 1.6435405317925653}, "datetime": {"datetime": "2025-05-10 08:24:35", "elapsed": 4486.95213, "delta": 14.325038}}
{"target": 3.428017290489018, "params": {"x0": 0.9630127597366288, "x1": 7.775652003448203, "x2": 4.160945765351598, "x3": 3.850236152965874, "x4": 4.04431700741219, "x5": 1.011187551753941, "x6": 9.373275761027376, "x7": 1.8105065323193523, "x8": 1.6110540663705604, "x9": 1.6435405317925649}, "datetime": {"datetime": "2025-05-10 08:24:50", "elapsed": 4501.735732, "delta": 14.783602}}
{"target": 3.428017290489018, "params": {"x0": 0.9630127597366289, "x1": 7.775652003448205, "x2": 4.160945765351597, "x3": 3.8502361529658735, "x4": 4.044317007412184, "x5": 1.0111875517539266, "x6": 9.373275761027365, "x7": 1.8105065323193552, "x8": 1.6110540663705604, "x9": 1.6435405317925653}, "datetime": {"datetime": "2025-05-10 08:25:04", "elapsed": 4515.989598, "delta": 14.253866}}
{"target": 3.428017290489018, "params": {"x0": 0.9630127597366287, "x1": 7.775652003448203, "x2": 4.160945765351592, "x3": 3.8502361529658673, "x4": 4.04431700741219, "x5": 1.0111875517539293, "x6": 9.37327576102738, "x7": 1.8105065323193548, "x8": 1.6110540663705615, "x9": 1.6435405317925644}, "datetime": {"datetime": "2025-05-10 08:25:18", "elapsed": 4529.830905, "delta": 13.841307}}
{"target": 3.428017290489018, "params": {"x0": 0.9630127597366288, "x1": 7.775652003448204, "x2": 4.160945765351592, "x3": 3.8502361529658686, "x4": 4.044317007412186, "x5": 1.0111875517539366, "x6": 9.373275761027367, "x7": 1.8105065323193643, "x8": 1.611054066370561, "x9": 1.6435405317925649}, "datetime": {"datetime": "2025-05-10 08:25:32", "elapsed": 4544.457468, "delta": 14.626563}}
{"target": 3.428017290489018, "params": {"x0": 0.9630127597366289, "x1": 7.775652003448203, "x2": 4.1609457653515936, "x3": 3.8502361529658704, "x4": 4.044317007412187, "x5": 1.0111875517539302, "x6": 9.373275761027369, "x7": 1.8105065323193568, "x8": 1.6110540663705613, "x9": 1.643540531792565}, "datetime": {"datetime": "2025-05-10 08:25:46", "elapsed": 4558.400926, "delta": 13.943458}}
{"target": 3.428017290489018, "params": {"x0": 0.9630127597366289, "x1": 7.775652003448202, "x2": 4.1609457653515936, "x3": 3.850236152965872, "x4": 4.0443170074121895, "x5": 1.0111875517539317, "x6": 9.373275761027369, "x7": 1.8105065323193628, "x8": 1.6110540663705615, "x9": 1.6435405317925647}, "datetime": {"datetime": "2025-05-10 08:26:00", "elapsed": 4572.146053, "delta": 13.745127}}
{"target": 3.428017290489018, "params": {"x0": 0.9630127597366288, "x1": 7.775652003448201, "x2": 4.1609457653515936, "x3": 3.8502361529658704, "x4": 4.044317007412186, "x5": 1.011187551753932, "x6": 9.37327576102737, "x7": 1.810506532319353, "x8": 1.6110540663705613, "x9": 1.6435405317925647}, "datetime": {"datetime": "2025-05-10 08:26:14", "elapsed": 4585.928359, "delta": 13.782306}}
{"target": 3.428017290489018, "params": {"x0": 0.963012759736629, "x1": 7.775652003448203, "x2": 4.160945765351593, "x3": 3.8502361529658686, "x4": 4.044317007412187, "x5": 1.0111875517539306, "x6": 9.373275761027372, "x7": 1.8105065323193537, "x8": 1.611054066370561, "x9": 1.6435405317925644}, "datetime": {"datetime": "2025-05-10 08:26:28", "elapsed": 4600.581417, "delta": 14.653058}}
{"target": 3.428017290489018, "params": {"x0": 0.9630127597366289, "x1": 7.775652003448201, "x2": 4.160945765351596, "x3": 3.850236152965869, "x4": 4.044317007412188, "x5": 1.0111875517539357, "x6": 9.373275761027374, "x7": 1.810506532319354, "x8": 1.6110540663705615, "x9": 1.6435405317925642}, "datetime": {"datetime": "2025-05-10 08:26:43", "elapsed": 4614.935977, "delta": 14.35456}}
{"target": 3.428017290489018, "params": {"x0": 0.9630127597366289, "x1": 7.775652003448202, "x2": 4.160945765351594, "x3": 3.8502361529658726, "x4": 4.044317007412185, "x5": 1.0111875517539346, "x6": 9.373275761027374, "x7": 1.8105065323193585, "x8": 1.611054066370561, "x9": 1.6435405317925647}, "datetime": {"datetime": "2025-05-10 08:26:57", "elapsed": 4629.009587, "delta": 14.07361}}
{"target": 3.428017290489018, "params": {"x0": 0.963012759736629, "x1": 7.775652003448203, "x2": 4.160945765351595, "x3": 3.850236152965872, "x4": 4.044317007412188, "x5": 1.0111875517539337, "x6": 9.373275761027369, "x7": 1.8105065323193554, "x8": 1.6110540663705608, "x9": 1.6435405317925647}, "datetime": {"datetime": "2025-05-10 08:27:12", "elapsed": 4643.806098, "delta": 14.796511}}
{"target": 3.428017290489018, "params": {"x0": 0.9630127597366289, "x1": 7.775652003448203, "x2": 4.160945765351593, "x3": 3.85023615296587, "x4": 4.044317007412187, "x5": 1.0111875517539364, "x6": 9.37327576102737, "x7": 1.8105065323193548, "x8": 1.6110540663705613, "x9": 1.6435405317925649}, "datetime": {"datetime": "2025-05-10 08:27:27", "elapsed": 4659.281661, "delta": 15.475563}}
{"target": 3.428017290489018, "params": {"x0": 0.9630127597366289, "x1": 7.7756520034482035, "x2": 4.160945765351594, "x3": 3.8502361529658704, "x4": 4.044317007412186, "x5": 1.011187551753936, "x6": 9.373275761027374, "x7": 1.8105065323193559, "x8": 1.6110540663705608, "x9": 1.6435405317925647}, "datetime": {"datetime": "2025-05-10 08:27:41", "elapsed": 4673.361434, "delta": 14.079773}}
{"target": 3.428017290489018, "params": {"x0": 0.963012759736629, "x1": 7.775652003448202, "x2": 4.1609457653515936, "x3": 3.8502361529658695, "x4": 4.044317007412186, "x5": 1.0111875517539353, "x6": 9.373275761027372, "x7": 1.8105065323193599, "x8": 1.6110540663705608, "x9": 1.6435405317925642}, "datetime": {"datetime": "2025-05-10 08:27:56", "elapsed": 4688.126322, "delta": 14.764888}}
{"target": 3.428017290489018, "params": {"x0": 0.9630127597366289, "x1": 7.7756520034482035, "x2": 4.160945765351595, "x3": 3.850236152965871, "x4": 4.044317007412187, "x5": 1.011187551753933, "x6": 9.373275761027372, "x7": 1.810506532319357, "x8": 1.611054066370561, "x9": 1.6435405317925644}, "datetime": {"datetime": "2025-05-10 08:28:11", "elapsed": 4703.229765, "delta": 15.103443}}
{"target": 3.428017290489018, "params": {"x0": 0.9630127597366289, "x1": 7.775652003448203, "x2": 4.160945765351594, "x3": 3.8502361529658713, "x4": 4.044317007412186, "x5": 1.0111875517539355, "x6": 9.37327576102737, "x7": 1.8105065323193588, "x8": 1.6110540663705608, "x9": 1.6435405317925647}, "datetime": {"datetime": "2025-05-10 08:28:25", "elapsed": 4717.570406, "delta": 14.340641}}
{"target": 3.428017290489018, "params": {"x0": 0.9630127597366289, "x1": 7.775652003448203, "x2": 4.160945765351595, "x3": 3.850236152965871, "x4": 4.044317007412188, "x5": 1.0111875517539344, "x6": 9.373275761027372, "x7": 1.81050653231936, "x8": 1.611054066370561, "x9": 1.6435405317925644}, "datetime": {"datetime": "2025-05-10 08:28:39", "elapsed": 4731.305133, "delta": 13.734727}}
{"target": 3.428017290489018, "params": {"x0": 0.9630127597366289, "x1": 7.775652003448202, "x2": 4.1609457653515936, "x3": 3.8502361529658717, "x4": 4.044317007412188, "x5": 1.0111875517539342, "x6": 9.373275761027372, "x7": 1.8105065323193599, "x8": 1.6110540663705608, "x9": 1.6435405317925642}, "datetime": {"datetime": "2025-05-10 08:28:53", "elapsed": 4745.391182, "delta": 14.086049}}
