{"target": 0.7643499449099417, "params": {"x0": 0.9634780545342898, "x1": 6.74984728505658, "x2": 6.24553435992466, "x3": 3.6276143541811194, "x4": 3.37249126816204, "x5": 2.7876291190560445, "x6": 5.8757937811256244, "x7": 1.8698505897021716, "x8": 1.3575474179686438, "x9": 1.8789893815217893}, "datetime": {"datetime": "2025-05-10 07:20:53", "elapsed": 665.552771, "delta": 11.073436}}
{"target": 2.034094609479727e-05, "params": {"x0": 0.9176111709196159, "x1": 8.685967248118834, "x2": 3.949136964551303, "x3": 2.6052109422368295, "x4": 4.167467886578314, "x5": 2.2698756014469956, "x6": 8.622523856969645, "x7": 3.744430243968716, "x8": 1.5263832875578256, "x9": 1.7905945605949487}, "datetime": {"datetime": "2025-05-10 07:21:05", "elapsed": 676.832693, "delta": 11.279922}}
{"target": 1.4569557496987369e-09, "params": {"x0": 0.9329917445924615, "x1": 7.993362863030746, "x2": 2.4399245426596488, "x3": 3.324981489799411, "x4": 5.0770827537638485, "x5": 2.344521587090591, "x6": 6.9405154050015465, "x7": 1.964028489511722, "x8": 1.9891481846657018, "x9": 1.497500148956027}, "datetime": {"datetime": "2025-05-10 07:21:16", "elapsed": 687.764798, "delta": 10.932105}}
{"target": 0.0001254088660840966, "params": {"x0": 1.0296401853919046, "x1": 8.58315890819844, "x2": 4.5857430866188595, "x3": 2.5683468498402653, "x4": 4.999672003883116, "x5": 0.7391472122899236, "x6": 6.5825411670620575, "x7": 3.558808184907955, "x8": 1.7878896993178435, "x9": 1.5690385196370293}, "datetime": {"datetime": "2025-05-10 07:21:27", "elapsed": 699.558252, "delta": 11.793454}}
{"target": 0.324097283008266, "params": {"x0": 0.9882775187764846, "x1": 7.521039554020968, "x2": 3.2355229484619388, "x3": 3.911250057030575, "x4": 2.8780863399221666, "x5": 2.2697631899189292, "x6": 11.884815523305146, "x7": 4.652866765402134, "x8": 1.7507376254680316, "x9": 1.5007931670063521}, "datetime": {"datetime": "2025-05-10 07:21:39", "elapsed": 710.832423, "delta": 11.274171}}
{"target": 5.318926730500806e-13, "params": {"x0": 0.9807950713146079, "x1": 8.516305142336199, "x2": 2.7855590998357136, "x3": 2.866618882445244, "x4": 2.94199811233542, "x5": 2.8941842542962686, "x6": 9.97010141359633, "x7": 3.052850505556239, "x8": 1.4788013832270048, "x9": 1.7935881080610705}, "datetime": {"datetime": "2025-05-10 07:21:50", "elapsed": 722.285905, "delta": 11.453482}}
{"target": 7.871750880652687e-12, "params": {"x0": 0.9244871563087113, "x1": 8.127970794645336, "x2": 3.966183634662844, "x3": 3.0331090709312414, "x4": 3.016567627544321, "x5": 2.2997475410688195, "x6": 6.9961805522145895, "x7": 0.5037199965918759, "x8": 1.5083264372008194, "x9": 1.7786628904534003}, "datetime": {"datetime": "2025-05-10 07:22:02", "elapsed": 734.180303, "delta": 11.894398}}
{"target": 1.2051066396985297, "params": {"x0": 0.9189627032658932, "x1": 7.729407751298867, "x2": 3.0979096849024135, "x3": 3.8879546695729417, "x4": 5.093712062155079, "x5": 1.221623544617276, "x6": 8.486307749397888, "x7": 3.520110876897011, "x8": 1.709025439924879, "x9": 1.7225419303452552}, "datetime": {"datetime": "2025-05-10 07:22:13", "elapsed": 744.901146, "delta": 10.720843}}
{"target": 0.8570559926690657, "params": {"x0": 0.953665573466045, "x1": 7.6442992208058005, "x2": 4.380272588066024, "x3": 3.716749010854675, "x4": 4.415797019275347, "x5": 0.9745596165128112, "x6": 9.18797772096169, "x7": 2.0017886893722, "x8": 1.69684194585663, "x9": 1.5824249643647308}, "datetime": {"datetime": "2025-05-10 07:22:24", "elapsed": 756.155821, "delta": 11.254675}}
{"target": 1.1346523538318831, "params": {"x0": 0.9509253112145389, "x1": 7.726875653968159, "x2": 3.9729768575165765, "x3": 3.6353283027957035, "x4": 4.231030958198442, "x5": 1.005754576081422, "x6": 9.19643807556258, "x7": 2.177596841681878, "x8": 1.686284472795752, "x9": 1.6687577610000075}, "datetime": {"datetime": "2025-05-10 07:22:36", "elapsed": 768.272749, "delta": 12.116928}}
{"target": 1.608556348320953, "params": {"x0": 0.95259193180249, "x1": 7.719136940401151, "x2": 4.093220993962888, "x3": 3.593070405992032, "x4": 3.96180653553777, "x5": 1.0122142151639524, "x6": 9.345694109795605, "x7": 1.94225828245164, "x8": 1.672559023574292, "x9": 1.6882924895039302}, "datetime": {"datetime": "2025-05-10 07:22:48", "elapsed": 780.241165, "delta": 11.968416}}
{"target": 9.417883931516897e-11, "params": {"x0": 0.9702399429036348, "x1": 7.828550317904548, "x2": 4.087708318897982, "x3": 3.654821425694639, "x4": 3.747885966259829, "x5": 0.9394937078374019, "x6": 9.194290773203216, "x7": 1.8706929556309049, "x8": 1.7243709653550203, "x9": 1.6707962286943188}, "datetime": {"datetime": "2025-05-10 07:23:01", "elapsed": 793.154677, "delta": 12.913512}}
{"target": 2.002198879617517e-10, "params": {"x0": 0.9609779568898674, "x1": 8.193891112061124, "x2": 3.5817645880954654, "x3": 3.2477219360986727, "x4": 4.331545929413505, "x5": 1.1205781825539762, "x6": 9.956854124523332, "x7": 2.493775852146417, "x8": 1.6166995971145726, "x9": 1.6820126560551008}, "datetime": {"datetime": "2025-05-10 07:23:13", "elapsed": 804.703633, "delta": 11.548956}}
{"target": 1.1830187820743208, "params": {"x0": 0.9453934610488781, "x1": 7.671916056885486, "x2": 4.103458236377967, "x3": 3.601641375273693, "x4": 4.092582333098281, "x5": 1.0461496757715938, "x6": 9.353163077076308, "x7": 2.01337056582668, "x8": 1.6586429440917507, "x9": 1.6865081729931048}, "datetime": {"datetime": "2025-05-10 07:23:24", "elapsed": 816.205943, "delta": 11.50231}}
{"target": 1.3453279710171508, "params": {"x0": 0.9589265204022838, "x1": 7.764134241803089, "x2": 4.028202678856247, "x3": 3.5615192123482955, "x4": 4.034810162194166, "x5": 0.9528855619801477, "x6": 9.317457806514593, "x7": 1.9674457834901227, "x8": 1.685446438352735, "x9": 1.6734602664838838}, "datetime": {"datetime": "2025-05-10 07:23:36", "elapsed": 828.494382, "delta": 12.288439}}
{"target": 3.004000876268425e-12, "params": {"x0": 0.9565987949118152, "x1": 8.129189330897908, "x2": 3.6983424954273243, "x3": 3.2934661838260615, "x4": 4.078035163725311, "x5": 0.17615139306581606, "x6": 9.092010934231457, "x7": 1.4197988480544195, "x8": 1.6934974536262408, "x9": 1.6333799588462545}, "datetime": {"datetime": "2025-05-10 07:23:47", "elapsed": 839.518148, "delta": 11.023766}}
{"target": 1.0858760338604767, "params": {"x0": 0.9637703396301398, "x1": 7.583512225182969, "x2": 4.129003828532615, "x3": 3.584895973865257, "x4": 3.9758304869348837, "x5": 1.1172596416911302, "x6": 9.351611676125616, "x7": 2.0050308532405667, "x8": 1.6651494153761208, "x9": 1.7189666506854926}, "datetime": {"datetime": "2025-05-10 07:23:59", "elapsed": 850.676558, "delta": 11.15841}}
{"target": 1.4732197439011117, "params": {"x0": 0.9679228213643226, "x1": 7.691232459602921, "x2": 4.160680666034702, "x3": 3.5442528181348414, "x4": 4.009226614531651, "x5": 0.9737230150843944, "x6": 9.359808546090479, "x7": 1.8756708643229885, "x8": 1.686702810484981, "x9": 1.669700548187877}, "datetime": {"datetime": "2025-05-10 07:24:11", "elapsed": 862.848572, "delta": 12.172014}}
{"target": 0.7824225274610923, "params": {"x0": 0.947977663679212, "x1": 7.777373062829858, "x2": 4.101810153573437, "x3": 3.5537090610193394, "x4": 3.967788004110127, "x5": 1.2650467138463197, "x6": 9.509194108996567, "x7": 2.525276516586343, "x8": 1.6660987019029256, "x9": 1.6478768294968684}, "datetime": {"datetime": "2025-05-10 07:24:22", "elapsed": 873.944457, "delta": 11.095885}}
{"target": 0.7845773221111044, "params": {"x0": 0.9611869716061057, "x1": 7.712911668695962, "x2": 4.069005589357827, "x3": 3.6346240048403855, "x4": 4.2626193517862845, "x5": 1.0763883090457211, "x6": 9.2118851526147, "x7": 2.184351353666722, "x8": 1.6644447263093574, "x9": 1.6436346179101797}, "datetime": {"datetime": "2025-05-10 07:24:33", "elapsed": 884.946233, "delta": 11.001776}}
{"target": 1.5251510214032626, "params": {"x0": 0.941415713311914, "x1": 7.725155068633704, "x2": 4.108077164992873, "x3": 3.5696019028838983, "x4": 3.9471676734451018, "x5": 0.986751993737817, "x6": 9.479243420474308, "x7": 1.9461849643585043, "x8": 1.6697042116764305, "x9": 1.695756794763449}, "datetime": {"datetime": "2025-05-10 07:24:44", "elapsed": 896.567421, "delta": 11.621188}}
{"target": 1.3547232005716596, "params": {"x0": 0.944544429616198, "x1": 7.7368485991924665, "x2": 4.083057921301104, "x3": 3.5056654473892483, "x4": 3.8576876756465897, "x5": 0.9800252323946683, "x6": 9.499205873276075, "x7": 1.9542011819048772, "x8": 1.6970262430792484, "x9": 1.7189643595601567}, "datetime": {"datetime": "2025-05-10 07:24:55", "elapsed": 907.351846, "delta": 10.784425}}
{"target": 0.764555865176098, "params": {"x0": 0.9593822303546945, "x1": 7.697661426451093, "x2": 4.117406640561731, "x3": 3.496885035709402, "x4": 4.100032856425057, "x5": 0.9678224702416518, "x6": 9.372669724592797, "x7": 1.8996059852006622, "x8": 1.7027475940983847, "x9": 1.6967839803730465}, "datetime": {"datetime": "2025-05-10 07:25:06", "elapsed": 918.459324, "delta": 11.107478}}
{"target": 1.5338696039324096, "params": {"x0": 0.9607393950821199, "x1": 7.690525567943157, "x2": 4.179890039897439, "x3": 3.5981223471452206, "x4": 3.9405471495554134, "x5": 0.9177914394202117, "x6": 9.369265571971908, "x7": 1.9977173426551897, "x8": 1.6400562646701828, "x9": 1.6548086625480978}, "datetime": {"datetime": "2025-05-10 07:25:18", "elapsed": 929.832456, "delta": 11.373132}}
{"target": 1.022722263694571, "params": {"x0": 0.9561469317841441, "x1": 7.60013585172308, "x2": 4.165718470207192, "x3": 3.5405459836402113, "x4": 3.9857343269738155, "x5": 1.0822209197440518, "x6": 9.355806888317403, "x7": 1.9674881087285025, "x8": 1.674987210079241, "x9": 1.6884964431824454}, "datetime": {"datetime": "2025-05-10 07:25:28", "elapsed": 940.631685, "delta": 10.799229}}
{"target": 2.1388905213207536, "params": {"x0": 0.9591913770589903, "x1": 7.680425463335192, "x2": 4.11817963311198, "x3": 3.70848420962361, "x4": 3.996557867056402, "x5": 0.9364104139701646, "x6": 9.382899856090827, "x7": 1.8829613806480894, "x8": 1.6458349094492073, "x9": 1.661170589669706}, "datetime": {"datetime": "2025-05-10 07:25:40", "elapsed": 952.14175, "delta": 11.510065}}
{"target": 2.7738013241891313, "params": {"x0": 0.9648009055270155, "x1": 7.766520803382986, "x2": 4.179050445632546, "x3": 3.757176588164401, "x4": 4.052968785388364, "x5": 0.9548892640125705, "x6": 9.371871129453714, "x7": 1.8773733078577557, "x8": 1.6214795072363608, "x9": 1.6381169748106155}, "datetime": {"datetime": "2025-05-10 07:25:52", "elapsed": 963.863218, "delta": 11.721468}}
{"target": 2.1184054500587615, "params": {"x0": 0.9618846574364878, "x1": 7.6746426213500305, "x2": 4.096474697662598, "x3": 3.6772959555712954, "x4": 4.010084504390334, "x5": 0.9113644745853878, "x6": 9.353019161853693, "x7": 1.8705074925786451, "x8": 1.633420237961552, "x9": 1.6510647713140572}, "datetime": {"datetime": "2025-05-10 07:26:02", "elapsed": 974.57495, "delta": 10.711732}}
{"target": 2.9613766026510966, "params": {"x0": 0.9615792608036008, "x1": 7.756902043685521, "x2": 4.164165863698411, "x3": 3.793253116879949, "x4": 4.0228012479824, "x5": 0.9356225220698697, "x6": 9.39353022949694, "x7": 1.9063027393612673, "x8": 1.6190821103253379, "x9": 1.628477651705346}, "datetime": {"datetime": "2025-05-10 07:26:13", "elapsed": 985.430025, "delta": 10.855075}}
{"target": 3.003193696784125, "params": {"x0": 0.9643098138833847, "x1": 7.752650140853247, "x2": 4.166121561242759, "x3": 3.7926990172181174, "x4": 4.026494461100822, "x5": 0.8958510586922919, "x6": 9.377727116872391, "x7": 1.899035701443362, "x8": 1.609679862348187, "x9": 1.6252890769249364}, "datetime": {"datetime": "2025-05-10 07:26:24", "elapsed": 996.276995, "delta": 10.84697}}
{"target": 0.6167894170840165, "params": {"x0": 0.9678594004056259, "x1": 7.832373185313569, "x2": 4.11972444292774, "x3": 3.888038306858325, "x4": 4.112659080868099, "x5": 0.8895055599540621, "x6": 9.400884997587788, "x7": 1.9252625866884596, "x8": 1.5922646070430453, "x9": 1.6089397049895582}, "datetime": {"datetime": "2025-05-10 07:26:36", "elapsed": 1007.769171, "delta": 11.492176}}
{"target": 2.8137375670642744, "params": {"x0": 0.9611151860133675, "x1": 7.748721106345377, "x2": 4.233617982371011, "x3": 3.7724208183825936, "x4": 3.9717814365353656, "x5": 0.9195873045877941, "x6": 9.371340603382578, "x7": 1.8910619084621516, "x8": 1.5940061325735595, "x9": 1.610574642183096}, "datetime": {"datetime": "2025-05-10 07:26:47", "elapsed": 1019.21298, "delta": 11.443809}}
{"target": 2.4083710071340207, "params": {"x0": 0.9671849789664001, "x1": 7.7144466123942514, "x2": 4.192385846885013, "x3": 3.788363057737519, "x4": 4.025371319905435, "x5": 0.9273799903372262, "x6": 9.31004450687886, "x7": 1.9408871961476337, "x8": 1.6237862191453518, "x9": 1.61204608565728}, "datetime": {"datetime": "2025-05-10 07:26:59", "elapsed": 1031.304079, "delta": 12.091099}}
{"target": 0.16429593069770163, "params": {"x0": 0.9668974624580985, "x1": 7.805067075421649, "x2": 4.1540297551393905, "x3": 3.723196675070406, "x4": 3.9822132365283385, "x5": 0.8970344980438362, "x6": 9.393972702984556, "x7": 1.903940398714935, "x8": 1.5969841412307386, "x9": 1.6133703847840457}, "datetime": {"datetime": "2025-05-10 07:27:11", "elapsed": 1043.490198, "delta": 12.186119}}
{"target": 3.230257094819429, "params": {"x0": 0.962234989137976, "x1": 7.786628670327336, "x2": 4.183361060388308, "x3": 3.815001603206498, "x4": 4.059641368209758, "x5": 0.9949725211300006, "x6": 9.388069628431642, "x7": 1.8222206651702362, "x8": 1.5992606697472842, "x9": 1.6295490266428092}, "datetime": {"datetime": "2025-05-10 07:27:22", "elapsed": 1054.507851, "delta": 11.017653}}
{"target": 2.8937235635557075, "params": {"x0": 0.9616542538554173, "x1": 7.797413102166156, "x2": 4.204568426483433, "x3": 3.7748081008022405, "x4": 4.090276493165485, "x5": 1.075776821067996, "x6": 9.45835535576172, "x7": 1.7358261371330486, "x8": 1.606629528687528, "x9": 1.6250371344301564}, "datetime": {"datetime": "2025-05-10 07:27:33", "elapsed": 1065.397641, "delta": 10.88979}}
{"target": 3.114800234534291, "params": {"x0": 0.960441960440553, "x1": 7.745789609682632, "x2": 4.232225347454814, "x3": 3.8327264061506154, "x4": 4.034374721604968, "x5": 0.934571417003868, "x6": 9.393851856426444, "x7": 1.8424803992581362, "x8": 1.6080469867748635, "x9": 1.6380460554762144}, "datetime": {"datetime": "2025-05-10 07:27:45", "elapsed": 1076.781527, "delta": 11.383886}}
{"target": 0.023711071087491528, "params": {"x0": 0.9622919924802422, "x1": 7.822500340873797, "x2": 4.223024911688304, "x3": 3.803111787766212, "x4": 4.048856835261101, "x5": 0.9813068040035036, "x6": 9.400455905843609, "x7": 1.8361781970664626, "x8": 1.5979211047030735, "x9": 1.6247095980650235}, "datetime": {"datetime": "2025-05-10 07:27:56", "elapsed": 1088.015138, "delta": 11.233611}}
{"target": 3.244671510823089, "params": {"x0": 0.9611492285529611, "x1": 7.753549031205126, "x2": 4.159353088907429, "x3": 3.820959559441181, "x4": 4.043714130331743, "x5": 0.964883615965431, "x6": 9.365755316355994, "x7": 1.833221087548463, "x8": 1.6063775865396233, "x9": 1.635558975897998}, "datetime": {"datetime": "2025-05-10 07:28:07", "elapsed": 1099.382307, "delta": 11.367169}}
{"target": 2.9903326159028514, "params": {"x0": 0.9624020584441317, "x1": 7.731487854031525, "x2": 4.180843785630131, "x3": 3.8051487348994644, "x4": 4.06733013050388, "x5": 1.001164585518413, "x6": 9.402645224209223, "x7": 1.8169757120070547, "x8": 1.6074464247550417, "x9": 1.6323205710693014}, "datetime": {"datetime": "2025-05-10 07:28:19", "elapsed": 1110.803429, "delta": 11.421122}}
{"target": 3.213428049161735, "params": {"x0": 0.9615242457006877, "x1": 7.735396516685179, "x2": 4.164835160559834, "x3": 3.8508426861865996, "x4": 4.056192538571457, "x5": 0.9727506994632189, "x6": 9.385131816162481, "x7": 1.8238436138008223, "x8": 1.6073543376519748, "x9": 1.6310601273265593}, "datetime": {"datetime": "2025-05-10 07:28:30", "elapsed": 1121.65633, "delta": 10.852901}}
{"target": 3.1177509085752773, "params": {"x0": 0.9618590080027405, "x1": 7.76436620213934, "x2": 4.144923124407354, "x3": 3.8076274579861344, "x4": 4.069025632407775, "x5": 0.9130719100797265, "x6": 9.325687251931647, "x7": 1.8403290971642563, "x8": 1.6065062272776207, "x9": 1.6341788426036459}, "datetime": {"datetime": "2025-05-10 07:28:40", "elapsed": 1132.519005, "delta": 10.862675}}
{"target": 3.2648254113428385, "params": {"x0": 0.9615557371737364, "x1": 7.76651449007272, "x2": 4.17350616475965, "x3": 3.828290244286516, "x4": 4.024774060284375, "x5": 0.9368905241122316, "x6": 9.386990405606973, "x7": 1.853012979208924, "x8": 1.60703735728461, "x9": 1.6380810559841168}, "datetime": {"datetime": "2025-05-10 07:28:51", "elapsed": 1143.328103, "delta": 10.809098}}
{"target": 3.2689625153044943, "params": {"x0": 0.961579970515867, "x1": 7.78071787480295, "x2": 4.168950143055485, "x3": 3.820509630983873, "x4": 4.023631880945858, "x5": 0.9686524198664352, "x6": 9.378936686231844, "x7": 1.8485366558296328, "x8": 1.6061786185325926, "x9": 1.6403862809709837}, "datetime": {"datetime": "2025-05-10 07:29:02", "elapsed": 1154.291737, "delta": 10.963634}}
{"target": 3.184041640113539, "params": {"x0": 0.9608592699080891, "x1": 7.763894668272229, "x2": 4.188431374788869, "x3": 3.8362165536865254, "x4": 4.042817547617398, "x5": 0.9424131903515359, "x6": 9.337690796858544, "x7": 1.8882740114804406, "x8": 1.6096548179619068, "x9": 1.6438457440655863}, "datetime": {"datetime": "2025-05-10 07:29:13", "elapsed": 1165.598696, "delta": 11.306959}}
{"target": 3.2689625153044943, "params": {"x0": 0.9616200648644685, "x1": 7.780029955504169, "x2": 4.168462342617393, "x3": 3.820287039072244, "x4": 4.022675834588844, "x5": 0.966623375216476, "x6": 9.377538173721327, "x7": 1.8467120913658597, "x8": 1.6060912978078965, "x9": 1.6403122392933127}, "datetime": {"datetime": "2025-05-10 07:29:25", "elapsed": 1177.047784, "delta": 11.449088}}
{"target": 3.3478986271775972, "params": {"x0": 0.962163738008167, "x1": 7.776064503969154, "x2": 4.153170345351445, "x3": 3.8368116860749875, "x4": 4.0391722709498055, "x5": 0.9959367238330946, "x6": 9.412345856624217, "x7": 1.8163493977524785, "x8": 1.608994340070337, "x9": 1.6431884460776116}, "datetime": {"datetime": "2025-05-10 07:29:36", "elapsed": 1188.455582, "delta": 11.407798}}
{"target": 3.4018124900537288, "params": {"x0": 0.9626599403766221, "x1": 7.774726651253894, "x2": 4.166583173399879, "x3": 3.8506684329024345, "x4": 4.052381602453161, "x5": 1.019128382204755, "x6": 9.383948061790699, "x7": 1.7889902283868975, "x8": 1.6113877033774198, "x9": 1.6455702864182453}, "datetime": {"datetime": "2025-05-10 07:29:48", "elapsed": 1199.722016, "delta": 11.266434}}
{"target": 3.3331683148021303, "params": {"x0": 0.962163738008167, "x1": 7.785527167680657, "x2": 4.157194193765974, "x3": 3.8368116860749875, "x4": 4.065590933956516, "x5": 1.0423200405764155, "x6": 9.364069605407236, "x7": 1.8163493977524785, "x8": 1.608994340070337, "x9": 1.6431884460776116}, "datetime": {"datetime": "2025-05-10 07:29:59", "elapsed": 1211.090004, "delta": 11.367988}}
{"target": 3.3672372172395972, "params": {"x0": 0.9628240268101338, "x1": 7.769384943606531, "x2": 4.15939665751859, "x3": 3.8499163763322346, "x4": 4.063157942826366, "x5": 1.01394632458458, "x6": 9.375032738932873, "x7": 1.7872082194370686, "x8": 1.612219960015134, "x9": 1.647179521611399}, "datetime": {"datetime": "2025-05-10 07:30:10", "elapsed": 1222.075229, "delta": 10.985225}}
{"target": 3.36424841465092, "params": {"x0": 0.9623098106458496, "x1": 7.766849908668269, "x2": 4.161026822234913, "x3": 3.8428529132562845, "x4": 4.049239592113036, "x5": 1.015199787405232, "x6": 9.391748550691442, "x7": 1.7702965157094663, "x8": 1.612961246721048, "x9": 1.6466853835394626}, "datetime": {"datetime": "2025-05-10 07:30:21", "elapsed": 1232.963601, "delta": 10.888372}}
{"target": 3.37950384822457, "params": {"x0": 0.9628353019020749, "x1": 7.776299589019746, "x2": 4.1715310467500775, "x3": 3.8409357583525736, "x4": 4.058219987847271, "x5": 1.0065678619129743, "x6": 9.377768220558103, "x7": 1.80699515895614, "x8": 1.6102643866348143, "x9": 1.645016208228372}, "datetime": {"datetime": "2025-05-10 07:30:32", "elapsed": 1244.192865, "delta": 11.229264}}
{"target": 3.357162197375069, "params": {"x0": 0.9629854987505654, "x1": 7.767640432426294, "x2": 4.160423063862074, "x3": 3.8415770213089466, "x4": 4.061048244852512, "x5": 1.0343444292624013, "x6": 9.396990317023889, "x7": 1.8069405794076552, "x8": 1.6098174177116427, "x9": 1.6440075609707554}, "datetime": {"datetime": "2025-05-10 07:30:43", "elapsed": 1255.314499, "delta": 11.121634}}
{"target": 3.4018124900537288, "params": {"x0": 0.9628502780429129, "x1": 7.774094008221604, "x2": 4.166346911098886, "x3": 3.851693230514909, "x4": 4.052763692082838, "x5": 1.0199057744801139, "x6": 9.383226357997165, "x7": 1.7867463719963796, "x8": 1.6105628342636222, "x9": 1.6448369022621918}, "datetime": {"datetime": "2025-05-10 07:30:54", "elapsed": 1266.158082, "delta": 10.843583}}
{"target": 3.3252638284204172, "params": {"x0": 0.962396238093728, "x1": 7.780466488504249, "x2": 4.161593484674257, "x3": 3.8580324762931597, "x4": 4.059401582796635, "x5": 1.0068033840880615, "x6": 9.394512288529583, "x7": 1.7744504440600837, "x8": 1.6101157719881405, "x9": 1.6443044788057786}, "datetime": {"datetime": "2025-05-10 07:31:05", "elapsed": 1277.0206, "delta": 10.862518}}
{"target": 3.418367481244007, "params": {"x0": 0.9628064882827932, "x1": 7.771180064607723, "x2": 4.164903425841425, "x3": 3.8559375711976003, "x4": 4.049878011966046, "x5": 1.0210735422273274, "x6": 9.38172145431193, "x7": 1.7992418901003095, "x8": 1.612051158061665, "x9": 1.6445129701450003}, "datetime": {"datetime": "2025-05-10 07:31:16", "elapsed": 1287.876151, "delta": 10.855551}}
