{"target": 3.428017290489018, "params": {"x0": 0.9630133673035587, "x1": 7.775642127044988, "x2": 4.160957107811055, "x3": 3.8502485805818387, "x4": 4.044301024407909, "x5": 1.0112112347010211, "x6": 9.373252048285856, "x7": 1.8104728419541916, "x8": 1.6110518336397663, "x9": 1.6435375886730217}, "datetime": {"datetime": "2025-05-10 07:41:57", "elapsed": 1929.441869, "delta": 11.351143}}
{"target": 3.428017290489018, "params": {"x0": 0.9630133065468657, "x1": 7.77564311468531, "x2": 4.160955973565109, "x3": 3.850247337820242, "x4": 4.044302622708337, "x5": 1.0112088664063126, "x6": 9.37325441956001, "x7": 1.8104762109907082, "x8": 1.6110520569128457, "x9": 1.6435378829849758}, "datetime": {"datetime": "2025-05-10 07:42:09", "elapsed": 1940.957559, "delta": 11.51569}}
{"target": 3.428017290489018, "params": {"x0": 0.963013251865842, "x1": 7.775644003561599, "x2": 4.160954952743758, "x3": 3.850246219334805, "x4": 4.044304061178722, "x5": 1.0112067349410747, "x6": 9.373256553706744, "x7": 1.8104792431235732, "x8": 1.6110522578586173, "x9": 1.6435381478657347}, "datetime": {"datetime": "2025-05-10 07:42:20", "elapsed": 1952.573431, "delta": 11.615872}}
{"target": 3.428017290489018, "params": {"x0": 0.9630132026529207, "x1": 7.775644803550259, "x2": 4.160954034004542, "x3": 3.8502452126979114, "x4": 4.044305355802068, "x5": 1.0112048166223606, "x6": 9.373258474438808, "x7": 1.8104819720431515, "x8": 1.6110524387098117, "x9": 1.6435383862584176}, "datetime": {"datetime": "2025-05-10 07:42:32", "elapsed": 1964.153887, "delta": 11.580456}}
{"target": 3.428017290489018, "params": {"x0": 0.9630131583612915, "x1": 7.775645523540054, "x2": 4.160953207139246, "x3": 3.8502443067247074, "x4": 4.04430652096308, "x5": 1.011203090135518, "x6": 9.373260203097663, "x7": 1.8104844280707724, "x8": 1.6110526014758866, "x9": 1.6435386008118325}, "datetime": {"datetime": "2025-05-10 07:42:43", "elapsed": 1975.524442, "delta": 11.370555}}
{"target": 3.428017290489018, "params": {"x0": 0.9630131184988253, "x1": 7.775646171530869, "x2": 4.1609524629604815, "x3": 3.8502434913488237, "x4": 4.044307569607991, "x5": 1.0112015362973596, "x6": 9.373261758890635, "x7": 1.8104866384956309, "x8": 1.611052747965354, "x9": 1.6435387939099055}, "datetime": {"datetime": "2025-05-10 07:42:55", "elapsed": 1987.000594, "delta": 11.476152}}
{"target": 3.428017290489018, "params": {"x0": 0.9630130826226057, "x1": 7.775646754722602, "x2": 4.160951793199593, "x3": 3.8502427575105287, "x4": 4.044308513388411, "x5": 1.011200137843017, "x6": 9.373263159104308, "x7": 1.8104886278780037, "x8": 1.6110528798058747, "x9": 1.6435389676981715}, "datetime": {"datetime": "2025-05-10 07:43:07", "elapsed": 1998.654392, "delta": 11.653798}}
{"target": 3.428017290489018, "params": {"x0": 0.963013050334008, "x1": 7.775647279595162, "x2": 4.160951190414793, "x3": 3.850242097056063, "x4": 4.044309362790789, "x5": 1.0111988792341087, "x6": 9.373264419296614, "x7": 1.810490418322139, "x8": 1.6110529984623434, "x9": 1.6435391241076107}, "datetime": {"datetime": "2025-05-10 07:43:18", "elapsed": 2010.143551, "delta": 11.489159}}
{"target": 3.428017290489018, "params": {"x0": 0.96301302127427, "x1": 7.775647751980466, "x2": 4.160950647908473, "x3": 3.8502415026470436, "x4": 4.0443101272529285, "x5": 1.0111977464860913, "x6": 9.373265553469691, "x7": 1.810492029721861, "x8": 1.6110531052531651, "x9": 1.6435392648761062}, "datetime": {"datetime": "2025-05-10 07:43:29", "elapsed": 2021.518941, "delta": 11.37539}}
{"target": 3.428017290489018, "params": {"x0": 0.963012995120506, "x1": 7.775648177127239, "x2": 4.160950159652785, "x3": 3.850240967678926, "x4": 4.044310815268854, "x5": 1.0111967270128757, "x6": 9.37326657422546, "x7": 1.8104934799816106, "x8": 1.6110532013649048, "x9": 1.6435393915677519}, "datetime": {"datetime": "2025-05-10 07:43:41", "elapsed": 2033.04897, "delta": 11.530029}}
{"target": 3.428017290489018, "params": {"x0": 0.9630129715821183, "x1": 7.775648559759336, "x2": 4.160949720222666, "x3": 3.8502404862076207, "x4": 4.044311434483188, "x5": 1.0111958094869815, "x6": 9.37326749290565, "x7": 1.8104947852153854, "x8": 1.6110532878654704, "x9": 1.6435395055902333}, "datetime": {"datetime": "2025-05-10 07:43:52", "elapsed": 2044.443713, "delta": 11.394743}}
{"target": 3.428017290489018, "params": {"x0": 0.9630129503975693, "x1": 7.775648904128222, "x2": 4.160949324735559, "x3": 3.850240052883446, "x4": 4.0443119917760875, "x5": 1.0111949837136767, "x6": 9.373268319717823, "x7": 1.8104959599257826, "x8": 1.6110533657159793, "x9": 1.6435396082104663}, "datetime": {"datetime": "2025-05-10 07:44:04", "elapsed": 2056.019055, "delta": 11.575342}}
{"target": 3.428017290489018, "params": {"x0": 0.9630129313314753, "x1": 7.775649214060221, "x2": 4.160948968797163, "x3": 3.8502396628916884, "x4": 4.044312493339697, "x5": 1.0111942405177023, "x6": 9.373269063848777, "x7": 1.8104970171651402, "x8": 1.6110534357814377, "x9": 1.643539700568676}, "datetime": {"datetime": "2025-05-10 07:44:15", "elapsed": 2067.50156, "delta": 11.482505}}
{"target": 3.428017290489018, "params": {"x0": 0.9630129141719906, "x1": 7.775649492999019, "x2": 4.160948648452606, "x3": 3.8502393118991067, "x4": 4.044312944746946, "x5": 1.0111935716413256, "x6": 9.373269733566637, "x7": 1.810497968680562, "x8": 1.61105349884035, "x9": 1.643539783691065}, "datetime": {"datetime": "2025-05-10 07:44:27", "elapsed": 2078.967928, "delta": 11.466368}}
{"target": 3.428017290489018, "params": {"x0": 0.9630128987284544, "x1": 7.775649744043937, "x2": 4.160948360142505, "x3": 3.850238996005783, "x4": 4.044313351013471, "x5": 1.0111929696525865, "x6": 9.37327033631271, "x7": 1.8104988250444416, "x8": 1.611053555593371, "x9": 1.6435398585012149}, "datetime": {"datetime": "2025-05-10 07:44:38", "elapsed": 2090.41009, "delta": 11.442162}}
{"target": 3.428017290489018, "params": {"x0": 0.9630128848292719, "x1": 7.7756499699843635, "x2": 4.160948100663414, "x3": 3.8502387117017918, "x4": 4.044313716653342, "x5": 1.0111924278627213, "x6": 9.373270878784176, "x7": 1.8104995957719332, "x8": 1.61105360667109, "x9": 1.6435399258303498}, "datetime": {"datetime": "2025-05-10 07:44:50", "elapsed": 2101.88536, "delta": 11.47527}}
{"target": 3.428017290489018, "params": {"x0": 0.9630128723200077, "x1": 7.775650173330748, "x2": 4.160947867132232, "x3": 3.8502384558281997, "x4": 4.044314045729227, "x5": 1.0111919402518426, "x6": 9.373271367008496, "x7": 1.8105002894266757, "x8": 1.611053652641037, "x9": 1.6435399864265714}, "datetime": {"datetime": "2025-05-10 07:45:01", "elapsed": 2113.276776, "delta": 11.391416}}
{"target": 3.428017290489018, "params": {"x0": 0.9630128610616697, "x1": 7.775650356342493, "x2": 4.160947656954168, "x3": 3.850238225541967, "x4": 4.044314341897523, "x5": 1.0111915014020516, "x6": 9.373271806410385, "x7": 1.810500913715944, "x8": 1.6110536940139895, "x9": 1.6435400409631706}, "datetime": {"datetime": "2025-05-10 07:45:12", "elapsed": 2124.624774, "delta": 11.347998}}
{"target": 3.428017290489018, "params": {"x0": 0.9630128509291657, "x1": 7.775650521053064, "x2": 4.1609474677939104, "x3": 3.850238018284357, "x4": 4.044314608448989, "x5": 1.0111911064372399, "x6": 9.373272201872082, "x7": 1.8105014755762854, "x8": 1.6110537312496467, "x9": 1.6435400900461101}, "datetime": {"datetime": "2025-05-10 07:45:24", "elapsed": 2136.047628, "delta": 11.422854}}
{"target": 3.428017290489018, "params": {"x0": 0.9630128089878702, "x1": 7.7756531777979365, "x2": 4.160946864762244, "x3": 3.8502373044519818, "x4": 4.044315368181944, "x5": 1.0111907382830567, "x6": 9.373272596718934, "x7": 1.810503019497291, "x8": 1.6110539440335259, "x9": 1.6435402765264286}, "datetime": {"datetime": "2025-05-10 07:45:36", "elapsed": 2147.929338, "delta": 11.88171}}
{"target": 3.428017290489018, "params": {"x0": 0.9630127974931545, "x1": 7.775651436285629, "x2": 4.160946740000955, "x3": 3.8502373188076513, "x4": 4.044315415370601, "x5": 1.011190420182436, "x6": 9.373274590623193, "x7": 1.8105042352392404, "x8": 1.6110538469005802, "x9": 1.6435405877362328}, "datetime": {"datetime": "2025-05-10 07:45:47", "elapsed": 2159.256145, "delta": 11.326807}}
{"target": 3.428017290489018, "params": {"x0": 0.963012741948651, "x1": 7.7756516869153485, "x2": 4.160946673323046, "x3": 3.850237449428668, "x4": 4.04431528585119, "x5": 1.011189994548049, "x6": 9.37327400648608, "x7": 1.8105082844357658, "x8": 1.6110538243990098, "x9": 1.6435402286847163}, "datetime": {"datetime": "2025-05-10 07:45:59", "elapsed": 2170.657694, "delta": 11.401549}}
{"target": 3.428017290489018, "params": {"x0": 0.9630127878740583, "x1": 7.775652851835617, "x2": 4.16094609783878, "x3": 3.850236703361722, "x4": 4.044315564359889, "x5": 1.0111898417308407, "x6": 9.373273502410123, "x7": 1.8105036551623102, "x8": 1.6110539238277537, "x9": 1.6435402912149468}, "datetime": {"datetime": "2025-05-10 07:46:10", "elapsed": 2182.322077, "delta": 11.664383}}
{"target": 3.428017290489018, "params": {"x0": 0.9630127287447938, "x1": 7.775652179842564, "x2": 4.16094659346765, "x3": 3.8502369333336928, "x4": 4.044315603157022, "x5": 1.0111893976372393, "x6": 9.373273992421598, "x7": 1.8105047667114778, "x8": 1.6110539606401897, "x9": 1.6435406515398536}, "datetime": {"datetime": "2025-05-10 07:46:22", "elapsed": 2193.861503, "delta": 11.539426}}
{"target": 3.428017290489018, "params": {"x0": 0.9630127652660472, "x1": 7.7756515953480445, "x2": 4.1609462547119955, "x3": 3.850237106242947, "x4": 4.044317188189324, "x5": 1.0111893807004857, "x6": 9.373273975813618, "x7": 1.8105039804484717, "x8": 1.6110539007470868, "x9": 1.643540727114627}, "datetime": {"datetime": "2025-05-10 07:46:34", "elapsed": 2205.743863, "delta": 11.88236}}
{"target": 3.428017290489018, "params": {"x0": 0.9630127839618591, "x1": 7.77565187770895, "x2": 4.160946048173639, "x3": 3.850236937401036, "x4": 4.044315996250888, "x5": 1.0111891068601744, "x6": 9.373274393628195, "x7": 1.8105057485661606, "x8": 1.6110539311229546, "x9": 1.643540656490555}, "datetime": {"datetime": "2025-05-10 07:46:45", "elapsed": 2217.399037, "delta": 11.655174}}
{"target": 3.428017290489018, "params": {"x0": 0.9630127919103726, "x1": 7.775651527699685, "x2": 4.1609463811439005, "x3": 3.850236770477752, "x4": 4.044316398903482, "x5": 1.0111889109882404, "x6": 9.373274344292533, "x7": 1.8105054132805314, "x8": 1.611053923070631, "x9": 1.6435403425671566}, "datetime": {"datetime": "2025-05-10 07:46:57", "elapsed": 2228.930531, "delta": 11.531494}}
{"target": 3.428017290489018, "params": {"x0": 0.963012755699359, "x1": 7.775651559701102, "x2": 4.160946355792996, "x3": 3.850236769231155, "x4": 4.044316215909293, "x5": 1.0111889035468786, "x6": 9.373274452923459, "x7": 1.8105063900435325, "x8": 1.6110541489551442, "x9": 1.6435405854340406}, "datetime": {"datetime": "2025-05-10 07:47:08", "elapsed": 2240.466909, "delta": 11.536378}}
{"target": 3.428017290489018, "params": {"x0": 0.9630127413368224, "x1": 7.775651636934751, "x2": 4.160946315576131, "x3": 3.8502367330918945, "x4": 4.044316404312533, "x5": 1.0111887093896268, "x6": 9.373274609864614, "x7": 1.8105054450902442, "x8": 1.6110540242989966, "x9": 1.6435405363895046}, "datetime": {"datetime": "2025-05-10 07:47:20", "elapsed": 2252.013495, "delta": 11.546586}}
{"target": 3.428017290489018, "params": {"x0": 0.9630127439447134, "x1": 7.775651639555352, "x2": 4.160945583656589, "x3": 3.850236724903883, "x4": 4.044316286710947, "x5": 1.0111886180845562, "x6": 9.373274738485986, "x7": 1.8105056484502586, "x8": 1.611053984080681, "x9": 1.643540483641507}, "datetime": {"datetime": "2025-05-10 07:47:31", "elapsed": 2263.48081, "delta": 11.467315}}
{"target": 3.428017290489018, "params": {"x0": 0.9630127684072989, "x1": 7.775652240639225, "x2": 4.160945866880112, "x3": 3.850236674122928, "x4": 4.04431648343676, "x5": 1.0111885472807345, "x6": 9.373275523861283, "x7": 1.8105057052949343, "x8": 1.6110539957557626, "x9": 1.64354062119441}, "datetime": {"datetime": "2025-05-10 07:47:43", "elapsed": 2274.89372, "delta": 11.41291}}
{"target": 3.428017290489018, "params": {"x0": 0.9630127415309162, "x1": 7.775651632433396, "x2": 4.1609460675943675, "x3": 3.850236556332282, "x4": 4.044316847400319, "x5": 1.0111884131930706, "x6": 9.37327519891368, "x7": 1.8105063303590117, "x8": 1.6110540053097915, "x9": 1.6435405030650363}, "datetime": {"datetime": "2025-05-10 07:47:54", "elapsed": 2286.302266, "delta": 11.408546}}
{"target": 3.428017290489018, "params": {"x0": 0.9630127463939252, "x1": 7.775652243949991, "x2": 4.160946052013301, "x3": 3.850236393758944, "x4": 4.044316592748316, "x5": 1.0111883339233456, "x6": 9.373275050304407, "x7": 1.8105059058861992, "x8": 1.611054033272339, "x9": 1.6435405817877458}, "datetime": {"datetime": "2025-05-10 07:48:06", "elapsed": 2297.755129, "delta": 11.452863}}
{"target": 3.428017290489018, "params": {"x0": 0.9630127447876822, "x1": 7.7756517190180245, "x2": 4.160945972111452, "x3": 3.850236459554728, "x4": 4.044316728333033, "x5": 1.0111882334866749, "x6": 9.373275432546663, "x7": 1.8105055805142949, "x8": 1.6110540114990937, "x9": 1.6435404486211034}, "datetime": {"datetime": "2025-05-10 07:48:17", "elapsed": 2309.215873, "delta": 11.460744}}
{"target": 3.428017290489018, "params": {"x0": 0.9630127465578437, "x1": 7.775652261447504, "x2": 4.160946005524897, "x3": 3.850236395051473, "x4": 4.044316563197504, "x5": 1.011188140708544, "x6": 9.373275103359694, "x7": 1.8105056771132713, "x8": 1.6110540673151337, "x9": 1.6435405445502749}, "datetime": {"datetime": "2025-05-10 07:48:29", "elapsed": 2320.758835, "delta": 11.542962}}
{"target": 3.428017290489018, "params": {"x0": 0.9630127513812355, "x1": 7.7756521991585466, "x2": 4.160945951072734, "x3": 3.8502364309723114, "x4": 4.044316611491679, "x5": 1.0111881319400373, "x6": 9.37327541608585, "x7": 1.8105064013581755, "x8": 1.6110540156082735, "x9": 1.6435404714075224}, "datetime": {"datetime": "2025-05-10 07:48:40", "elapsed": 2332.413469, "delta": 11.654634}}
{"target": 3.428017290489018, "params": {"x0": 0.9630127657120088, "x1": 7.775651850104995, "x2": 4.160945861794008, "x3": 3.850236394805533, "x4": 4.044316991031765, "x5": 1.0111880812695857, "x6": 9.37327527199538, "x7": 1.8105061007623389, "x8": 1.6110540185036948, "x9": 1.6435405092522308}, "datetime": {"datetime": "2025-05-10 07:48:52", "elapsed": 2344.065062, "delta": 11.651593}}
{"target": 3.428017290489018, "params": {"x0": 0.9630127716684849, "x1": 7.775651907522158, "x2": 4.160945882184004, "x3": 3.850236328159788, "x4": 4.044316781243163, "x5": 1.0111879630485945, "x6": 9.373275291573526, "x7": 1.8105064081286417, "x8": 1.6110540228308086, "x9": 1.6435405007238741}, "datetime": {"datetime": "2025-05-10 07:49:03", "elapsed": 2355.466088, "delta": 11.401026}}
{"target": 3.428017290489018, "params": {"x0": 0.9630127555508249, "x1": 7.775652127326865, "x2": 4.160945971687117, "x3": 3.8502362973804067, "x4": 4.044316762251799, "x5": 1.0111879748322063, "x6": 9.373275417558002, "x7": 1.8105059663786591, "x8": 1.6110540315632351, "x9": 1.6435404815440469}, "datetime": {"datetime": "2025-05-10 07:49:15", "elapsed": 2367.111259, "delta": 11.645171}}
{"target": 3.428017290489018, "params": {"x0": 0.9630127603099241, "x1": 7.775651940889335, "x2": 4.160945860491365, "x3": 3.8502363530418484, "x4": 4.044316858587003, "x5": 1.0111879090505573, "x6": 9.373275377181082, "x7": 1.810506299596608, "x8": 1.6110540593048808, "x9": 1.6435405383728772}, "datetime": {"datetime": "2025-05-10 07:49:27", "elapsed": 2378.679242, "delta": 11.567983}}
{"target": 3.428017290489018, "params": {"x0": 0.9630127560497297, "x1": 7.775652091265974, "x2": 4.160945918283408, "x3": 3.850236317939086, "x4": 4.044316773777417, "x5": 1.0111878794249058, "x6": 9.373275548957668, "x7": 1.8105064085883538, "x8": 1.6110540382356335, "x9": 1.6435405528093967}, "datetime": {"datetime": "2025-05-10 07:49:38", "elapsed": 2390.286085, "delta": 11.606843}}
{"target": 3.428017290489018, "params": {"x0": 0.9630127608542266, "x1": 7.775652047196341, "x2": 4.160945865972004, "x3": 3.850236310575334, "x4": 4.044316886867555, "x5": 1.0111878371185086, "x6": 9.373275473749956, "x7": 1.810506364212665, "x8": 1.611054051111263, "x9": 1.643540497247217}, "datetime": {"datetime": "2025-05-10 07:49:50", "elapsed": 2402.065106, "delta": 11.779021}}
{"target": 3.428017290489018, "params": {"x0": 0.9630127659234666, "x1": 7.775651920107371, "x2": 4.160945875882397, "x3": 3.850236293448141, "x4": 4.044316925997522, "x5": 1.0111878254962412, "x6": 9.373275551153398, "x7": 1.8105066025528884, "x8": 1.6110540700310214, "x9": 1.6435405000230037}, "datetime": {"datetime": "2025-05-10 07:50:02", "elapsed": 2413.841607, "delta": 11.776501}}
{"target": 3.428017290489018, "params": {"x0": 0.9630127540370895, "x1": 7.775651898477788, "x2": 4.160945875791732, "x3": 3.850236284341065, "x4": 4.044316839975581, "x5": 1.0111877546611048, "x6": 9.37327551671832, "x7": 1.8105062857469039, "x8": 1.6110540423429631, "x9": 1.6435405159972538}, "datetime": {"datetime": "2025-05-10 07:50:13", "elapsed": 2425.46105, "delta": 11.619443}}
{"target": 3.428017290489018, "params": {"x0": 0.9630127612732362, "x1": 7.775652046163897, "x2": 4.160945852003522, "x3": 3.850236259797943, "x4": 4.044316856175702, "x5": 1.0111877769265707, "x6": 9.373275548374691, "x7": 1.8105065833764151, "x8": 1.6110540714035064, "x9": 1.643540520162256}, "datetime": {"datetime": "2025-05-10 07:50:25", "elapsed": 2436.936704, "delta": 11.475654}}
{"target": 3.428017290489018, "params": {"x0": 0.9630127604475032, "x1": 7.77565203062698, "x2": 4.160945843275106, "x3": 3.8502362078443597, "x4": 4.044316871635207, "x5": 1.0111877467157881, "x6": 9.373275615960013, "x7": 1.810506491766833, "x8": 1.6110540483078768, "x9": 1.6435405298609758}, "datetime": {"datetime": "2025-05-10 07:50:36", "elapsed": 2448.462606, "delta": 11.525902}}
{"target": 3.428017290489018, "params": {"x0": 0.9630127553078398, "x1": 7.77565193778974, "x2": 4.160945807145495, "x3": 3.8502362497715175, "x4": 4.0443169004176465, "x5": 1.0111877324070253, "x6": 9.373275630187722, "x7": 1.8105063273534032, "x8": 1.6110540609428892, "x9": 1.6435405397026652}, "datetime": {"datetime": "2025-05-10 07:50:48", "elapsed": 2459.966474, "delta": 11.503868}}
{"target": 3.428017290489018, "params": {"x0": 0.9630127631995185, "x1": 7.775651982105431, "x2": 4.160945788613076, "x3": 3.850236216746752, "x4": 4.044316911380732, "x5": 1.0111877180712197, "x6": 9.373275739566228, "x7": 1.8105063078569994, "x8": 1.6110540567496252, "x9": 1.6435405274737063}, "datetime": {"datetime": "2025-05-10 07:51:00", "elapsed": 2471.70453, "delta": 11.738056}}
{"target": 3.428017290489018, "params": {"x0": 0.9630127619427727, "x1": 7.775652035936611, "x2": 4.160945832864543, "x3": 3.850236219763448, "x4": 4.0443169153986736, "x5": 1.011187693190369, "x6": 9.373275660378543, "x7": 1.8105065814458552, "x8": 1.6110540597275251, "x9": 1.6435405333690019}, "datetime": {"datetime": "2025-05-10 07:51:12", "elapsed": 2483.877389, "delta": 12.172859}}
{"target": 3.428017290489018, "params": {"x0": 0.9630127612916899, "x1": 7.775651957379124, "x2": 4.160945822107202, "x3": 3.850236224059978, "x4": 4.044316931203256, "x5": 1.0111876835187548, "x6": 9.373275667887318, "x7": 1.8105063684401348, "x8": 1.6110540673555107, "x9": 1.6435405251154813}, "datetime": {"datetime": "2025-05-10 07:51:23", "elapsed": 2495.390823, "delta": 11.513434}}
{"target": 3.428017290489018, "params": {"x0": 0.9630127626089169, "x1": 7.775651969573637, "x2": 4.160945786587472, "x3": 3.850236189493572, "x4": 4.044316947714469, "x5": 1.0111876692497783, "x6": 9.373275643262216, "x7": 1.810506533287785, "x8": 1.6110540560703022, "x9": 1.6435405399814038}, "datetime": {"datetime": "2025-05-10 07:51:35", "elapsed": 2507.40231, "delta": 12.011487}}
{"target": 3.428017290489018, "params": {"x0": 0.9630127580133057, "x1": 7.775652023527079, "x2": 4.160945808902299, "x3": 3.850236208882566, "x4": 4.04431695143683, "x5": 1.0111876519450353, "x6": 9.373275653771856, "x7": 1.8105064814707466, "x8": 1.6110540610220263, "x9": 1.6435405394922247}, "datetime": {"datetime": "2025-05-10 07:51:47", "elapsed": 2519.228742, "delta": 11.826432}}
{"target": 3.428017290489018, "params": {"x0": 0.9630127595213841, "x1": 7.775651971746414, "x2": 4.1609457957649365, "x3": 3.8502362011533853, "x4": 4.044316943086393, "x5": 1.0111876413186027, "x6": 9.373275690830887, "x7": 1.8105064613404787, "x8": 1.6110540597745602, "x9": 1.6435405299852308}, "datetime": {"datetime": "2025-05-10 07:51:59", "elapsed": 2530.864151, "delta": 11.635409}}
{"target": 3.428017290489018, "params": {"x0": 0.96301275973285, "x1": 7.775652012709111, "x2": 4.160945804051576, "x3": 3.850236190212991, "x4": 4.04431695829068, "x5": 1.011187637627699, "x6": 9.373275727392416, "x7": 1.810506469582141, "x8": 1.6110540580132753, "x9": 1.6435405279703288}, "datetime": {"datetime": "2025-05-10 07:52:10", "elapsed": 2542.464758, "delta": 11.600607}}
{"target": 3.428017290489018, "params": {"x0": 0.9630127596136482, "x1": 7.775652031325628, "x2": 4.160945801226406, "x3": 3.8502361868773063, "x4": 4.044316958841366, "x5": 1.0111876281774257, "x6": 9.373275690181135, "x7": 1.810506422972034, "x8": 1.611054061826508, "x9": 1.6435405223042416}, "datetime": {"datetime": "2025-05-10 07:52:22", "elapsed": 2554.295005, "delta": 11.830247}}
{"target": 3.428017290489018, "params": {"x0": 0.9630127610748026, "x1": 7.775652002888528, "x2": 4.16094578957695, "x3": 3.850236186866953, "x4": 4.044316961461028, "x5": 1.0111876175852241, "x6": 9.373275705628078, "x7": 1.8105066007409627, "x8": 1.6110540602124486, "x9": 1.6435405344664697}, "datetime": {"datetime": "2025-05-10 07:52:34", "elapsed": 2565.987571, "delta": 11.692566}}
