{"target": 3.428017290489018, "params": {"x0": 0.9630127597324394, "x1": 7.775652003404719, "x2": 4.160945765398937, "x3": 3.8502361530471427, "x4": 4.044317007309314, "x5": 1.0111875519164137, "x6": 9.373275760903837, "x7": 1.8105065322020286, "x8": 1.611054066359793, "x9": 1.6435405317951892}, "datetime": {"datetime": "2025-05-10 08:03:59", "elapsed": 3251.320333, "delta": 12.104704}}
{"target": 3.428017290489018, "params": {"x0": 0.9630127597369642, "x1": 7.775652003458557, "x2": 4.160945765387639, "x3": 3.8502361530349436, "x4": 4.044317007308437, "x5": 1.0111875519081934, "x6": 9.37327576100156, "x7": 1.8105065321257945, "x8": 1.6110540663562352, "x9": 1.643540531787211}, "datetime": {"datetime": "2025-05-10 08:04:11", "elapsed": 3263.363085, "delta": 12.042752}}
{"target": 3.428017290489018, "params": {"x0": 0.9630127597399686, "x1": 7.775652003421298, "x2": 4.160945765364116, "x3": 3.850236153017227, "x4": 4.044317007323981, "x5": 1.0111875518971443, "x6": 9.37327576094374, "x7": 1.8105065321242007, "x8": 1.611054066357232, "x9": 1.6435405317801441}, "datetime": {"datetime": "2025-05-10 08:04:24", "elapsed": 3276.172604, "delta": 12.809519}}
{"target": 3.428017290489018, "params": {"x0": 0.96301275973418, "x1": 7.775652003416095, "x2": 4.160945765393901, "x3": 3.8502361530270317, "x4": 4.044317007382574, "x5": 1.0111875518785916, "x6": 9.373275760903546, "x7": 1.810506532364743, "x8": 1.611054066365028, "x9": 1.6435405318008556}, "datetime": {"datetime": "2025-05-10 08:04:37", "elapsed": 3288.716395, "delta": 12.543791}}
{"target": 3.428017290489018, "params": {"x0": 0.963012759738519, "x1": 7.775652003456081, "x2": 4.160945765401504, "x3": 3.850236153014754, "x4": 4.0443170073808155, "x5": 1.0111875518704065, "x6": 9.373275760926237, "x7": 1.8105065321811418, "x8": 1.61105406636144, "x9": 1.643540531782205}, "datetime": {"datetime": "2025-05-10 08:04:51", "elapsed": 3303.091846, "delta": 14.375451}}
{"target": 3.428017290489018, "params": {"x0": 0.963012759739191, "x1": 7.775652003412105, "x2": 4.160945765397139, "x3": 3.8502361530207865, "x4": 4.044317007424607, "x5": 1.0111875518557996, "x6": 9.373275760928733, "x7": 1.810506532270199, "x8": 1.6110540663658628, "x9": 1.6435405317820102}, "datetime": {"datetime": "2025-05-10 08:05:04", "elapsed": 3315.687801, "delta": 12.595955}}
{"target": 3.428017290489018, "params": {"x0": 0.9630127597368981, "x1": 7.775652003482878, "x2": 4.160945765374895, "x3": 3.8502361530123737, "x4": 4.044317007348661, "x5": 1.0111875518460984, "x6": 9.373275760974717, "x7": 1.8105065323479226, "x8": 1.6110540663636719, "x9": 1.6435405318001282}, "datetime": {"datetime": "2025-05-10 08:05:16", "elapsed": 3327.783342, "delta": 12.095541}}
{"target": 3.428017290489018, "params": {"x0": 0.9630127597347029, "x1": 7.775652003414769, "x2": 4.160945765385779, "x3": 3.8502361529784483, "x4": 4.04431700735601, "x5": 1.0111875518362643, "x6": 9.373275760943972, "x7": 1.8105065322405611, "x8": 1.6110540663627662, "x9": 1.6435405317999796}, "datetime": {"datetime": "2025-05-10 08:05:28", "elapsed": 3340.194427, "delta": 12.411085}}
{"target": 3.428017290489018, "params": {"x0": 0.9630127597371347, "x1": 7.775652003478285, "x2": 4.160945765370601, "x3": 3.850236152993388, "x4": 4.044317007372992, "x5": 1.011187551826615, "x6": 9.373275760954671, "x7": 1.8105065323369356, "x8": 1.6110540663667483, "x9": 1.6435405317887872}, "datetime": {"datetime": "2025-05-10 08:05:41", "elapsed": 3353.40576, "delta": 13.211333}}
{"target": 3.428017290489018, "params": {"x0": 0.9630127597348884, "x1": 7.775652003441736, "x2": 4.160945765383107, "x3": 3.8502361529948916, "x4": 4.044317007367366, "x5": 1.0111875518176368, "x6": 9.37327576097732, "x7": 1.8105065323194824, "x8": 1.6110540663648167, "x9": 1.6435405317908185}, "datetime": {"datetime": "2025-05-10 08:05:54", "elapsed": 3365.94971, "delta": 12.54395}}
{"target": 3.428017290489018, "params": {"x0": 0.9630127597358209, "x1": 7.775652003441599, "x2": 4.160945765368599, "x3": 3.850236152984823, "x4": 4.0443170073817765, "x5": 1.011187551813991, "x6": 9.373275760965699, "x7": 1.810506532360766, "x8": 1.6110540663650446, "x9": 1.6435405317977176}, "datetime": {"datetime": "2025-05-10 08:06:06", "elapsed": 3378.500994, "delta": 12.551284}}
{"target": 3.428017290489018, "params": {"x0": 0.96301275973723, "x1": 7.7756520034312135, "x2": 4.160945765363711, "x3": 3.8502361529930083, "x4": 4.044317007390072, "x5": 1.0111875518018092, "x6": 9.373275761003518, "x7": 1.8105065322694602, "x8": 1.6110540663667177, "x9": 1.6435405317866432}, "datetime": {"datetime": "2025-05-10 08:06:19", "elapsed": 3390.684772, "delta": 12.183778}}
{"target": 3.428017290489018, "params": {"x0": 0.9630127597373861, "x1": 7.7756520034305865, "x2": 4.160945765347885, "x3": 3.850236152970348, "x4": 4.044317007385532, "x5": 1.0111875518039848, "x6": 9.373275760992355, "x7": 1.8105065322485872, "x8": 1.6110540663659532, "x9": 1.6435405317873963}, "datetime": {"datetime": "2025-05-10 08:06:32", "elapsed": 3404.210949, "delta": 13.526177}}
{"target": 3.428017290489018, "params": {"x0": 0.9630127597366412, "x1": 7.77565200345494, "x2": 4.1609457653491235, "x3": 3.850236152988538, "x4": 4.04431700739412, "x5": 1.0111875517971105, "x6": 9.37327576098429, "x7": 1.810506532279108, "x8": 1.6110540663666064, "x9": 1.6435405317881864}, "datetime": {"datetime": "2025-05-10 08:06:45", "elapsed": 3417.47578, "delta": 13.264831}}
{"target": 3.428017290489018, "params": {"x0": 0.9630127597359843, "x1": 7.775652003454427, "x2": 4.16094576536566, "x3": 3.850236152976921, "x4": 4.044317007399046, "x5": 1.0111875517938738, "x6": 9.37327576099529, "x7": 1.8105065322909848, "x8": 1.6110540663686974, "x9": 1.643540531788936}, "datetime": {"datetime": "2025-05-10 08:06:58", "elapsed": 3429.963139, "delta": 12.487359}}
{"target": 3.428017290489018, "params": {"x0": 0.9630127597357445, "x1": 7.775652003441476, "x2": 4.160945765361367, "x3": 3.8502361529760956, "x4": 4.044317007406354, "x5": 1.0111875517903433, "x6": 9.37327576101602, "x7": 1.8105065322721796, "x8": 1.6110540663671193, "x9": 1.6435405317888712}, "datetime": {"datetime": "2025-05-10 08:07:10", "elapsed": 3442.521481, "delta": 12.558342}}
{"target": 3.428017290489018, "params": {"x0": 0.9630127597364939, "x1": 7.775652003439572, "x2": 4.16094576534959, "x3": 3.8502361529780584, "x4": 4.044317007393225, "x5": 1.0111875517859568, "x6": 9.37327576101111, "x7": 1.810506532323296, "x8": 1.6110540663704258, "x9": 1.643540531788522}, "datetime": {"datetime": "2025-05-10 08:07:23", "elapsed": 3455.542799, "delta": 13.021318}}
{"target": 3.428017290489018, "params": {"x0": 0.9630127597358821, "x1": 7.775652003443315, "x2": 4.160945765358174, "x3": 3.8502361529812137, "x4": 4.044317007397658, "x5": 1.0111875517808464, "x6": 9.373275761002304, "x7": 1.8105065322896001, "x8": 1.6110540663678525, "x9": 1.6435405317951681}, "datetime": {"datetime": "2025-05-10 08:07:35", "elapsed": 3467.589035, "delta": 12.046236}}
{"target": 3.428017290489018, "params": {"x0": 0.9630127597368451, "x1": 7.775652003445267, "x2": 4.160945765360305, "x3": 3.8502361529651585, "x4": 4.044317007410758, "x5": 1.0111875517746558, "x6": 9.373275761005093, "x7": 1.8105065322954164, "x8": 1.611054066368938, "x9": 1.6435405317902636}, "datetime": {"datetime": "2025-05-10 08:07:48", "elapsed": 3480.163277, "delta": 12.574242}}
{"target": 3.428017290489018, "params": {"x0": 0.9630127597372367, "x1": 7.775652003441923, "x2": 4.1609457653470985, "x3": 3.850236152965483, "x4": 4.044317007398011, "x5": 1.0111875517775812, "x6": 9.373275761003582, "x7": 1.8105065322938758, "x8": 1.6110540663684378, "x9": 1.6435405317912717}, "datetime": {"datetime": "2025-05-10 08:08:01", "elapsed": 3492.766361, "delta": 12.603084}}
{"target": 3.428017290489018, "params": {"x0": 0.9630127597371111, "x1": 7.775652003455198, "x2": 4.160945765360154, "x3": 3.850236152976648, "x4": 4.044317007399651, "x5": 1.0111875517593458, "x6": 9.37327576102008, "x7": 1.8105065323079663, "x8": 1.611054066370963, "x9": 1.6435405317911096}, "datetime": {"datetime": "2025-05-10 08:08:13", "elapsed": 3505.219999, "delta": 12.453638}}
{"target": 3.428017290489018, "params": {"x0": 0.9630127597363249, "x1": 7.7756520034454795, "x2": 4.160945765359351, "x3": 3.850236152970009, "x4": 4.044317007409062, "x5": 1.011187551770663, "x6": 9.373275761030161, "x7": 1.810506532297736, "x8": 1.6110540663695887, "x9": 1.6435405317903207}, "datetime": {"datetime": "2025-05-10 08:08:26", "elapsed": 3517.70626, "delta": 12.486261}}
{"target": 3.428017290489018, "params": {"x0": 0.9630127597362951, "x1": 7.775652003444374, "x2": 4.160945765358034, "x3": 3.8502361529722116, "x4": 4.044317007401622, "x5": 1.0111875517699958, "x6": 9.373275761022215, "x7": 1.810506532335474, "x8": 1.61105406637003, "x9": 1.6435405317907263}, "datetime": {"datetime": "2025-05-10 08:08:39", "elapsed": 3531.052444, "delta": 13.346184}}
{"target": 3.428017290489018, "params": {"x0": 0.9630127597365439, "x1": 7.775652003451995, "x2": 4.160945765349082, "x3": 3.850236152972097, "x4": 4.044317007421075, "x5": 1.0111875517663986, "x6": 9.373275761025234, "x7": 1.810506532324942, "x8": 1.6110540663697641, "x9": 1.643540531794223}, "datetime": {"datetime": "2025-05-10 08:08:51", "elapsed": 3543.458234, "delta": 12.40579}}
{"target": 3.428017290489018, "params": {"x0": 0.9630127597363188, "x1": 7.7756520034438195, "x2": 4.160945765349663, "x3": 3.85023615297065, "x4": 4.044317007404735, "x5": 1.0111875517663564, "x6": 9.373275761025099, "x7": 1.8105065323194807, "x8": 1.6110540663695576, "x9": 1.6435405317934741}, "datetime": {"datetime": "2025-05-10 08:09:04", "elapsed": 3555.968643, "delta": 12.510409}}
{"target": 3.428017290489018, "params": {"x0": 0.963012759736828, "x1": 7.775652003449634, "x2": 4.160945765356037, "x3": 3.850236152963818, "x4": 4.044317007403671, "x5": 1.011187551765045, "x6": 9.37327576102241, "x7": 1.8105065323221419, "x8": 1.6110540663706412, "x9": 1.643540531792672}, "datetime": {"datetime": "2025-05-10 08:09:17", "elapsed": 3569.163848, "delta": 13.195205}}
{"target": 3.428017290489018, "params": {"x0": 0.9630127597365097, "x1": 7.775652003445324, "x2": 4.160945765355977, "x3": 3.850236152968887, "x4": 4.044317007414058, "x5": 1.0111875517650821, "x6": 9.37327576102569, "x7": 1.8105065323278493, "x8": 1.6110540663696638, "x9": 1.6435405317938723}, "datetime": {"datetime": "2025-05-10 08:09:30", "elapsed": 3581.826732, "delta": 12.662884}}
{"target": 3.428017290489018, "params": {"x0": 0.9630127597367261, "x1": 7.775652003448734, "x2": 4.160945765354974, "x3": 3.850236152963702, "x4": 4.044317007405574, "x5": 1.0111875517631845, "x6": 9.37327576101722, "x7": 1.8105065323092009, "x8": 1.611054066370197, "x9": 1.6435405317917038}, "datetime": {"datetime": "2025-05-10 08:09:42", "elapsed": 3594.406556, "delta": 12.579824}}
{"target": 3.428017290489018, "params": {"x0": 0.9630127597366848, "x1": 7.775652003444603, "x2": 4.160945765351289, "x3": 3.8502361529706826, "x4": 4.044317007409684, "x5": 1.0111875517617797, "x6": 9.373275761034082, "x7": 1.8105065323093228, "x8": 1.6110540663701898, "x9": 1.6435405317933605}, "datetime": {"datetime": "2025-05-10 08:09:55", "elapsed": 3607.18161, "delta": 12.775054}}
{"target": 3.428017290489018, "params": {"x0": 0.9630127597367394, "x1": 7.775652003449166, "x2": 4.1609457653554704, "x3": 3.8502361529638574, "x4": 4.044317007414955, "x5": 1.0111875517601925, "x6": 9.373275761027156, "x7": 1.8105065323085483, "x8": 1.6110540663698734, "x9": 1.6435405317920224}, "datetime": {"datetime": "2025-05-10 08:10:08", "elapsed": 3619.922101, "delta": 12.740491}}
{"target": 3.428017290489018, "params": {"x0": 0.9630127597364394, "x1": 7.775652003447117, "x2": 4.160945765348619, "x3": 3.850236152962281, "x4": 4.044317007408369, "x5": 1.0111875517612965, "x6": 9.373275761025145, "x7": 1.810506532321691, "x8": 1.6110540663708874, "x9": 1.6435405317929674}, "datetime": {"datetime": "2025-05-10 08:10:20", "elapsed": 3632.5967, "delta": 12.674599}}
{"target": 3.428017290489018, "params": {"x0": 0.9630127597365113, "x1": 7.775652003447419, "x2": 4.160945765350719, "x3": 3.850236152962506, "x4": 4.044317007409927, "x5": 1.0111875517574316, "x6": 9.373275761025686, "x7": 1.8105065323174143, "x8": 1.6110540663705468, "x9": 1.6435405317930256}, "datetime": {"datetime": "2025-05-10 08:10:33", "elapsed": 3645.111054, "delta": 12.514354}}
{"target": 3.428017290489018, "params": {"x0": 0.9630127597364966, "x1": 7.775652003445816, "x2": 4.160945765353186, "x3": 3.8502361529648086, "x4": 4.044317007408611, "x5": 1.0111875517596445, "x6": 9.373275761024683, "x7": 1.810506532319786, "x8": 1.6110540663707458, "x9": 1.6435405317920297}, "datetime": {"datetime": "2025-05-10 08:10:45", "elapsed": 3657.533711, "delta": 12.422657}}
{"target": 3.428017290489018, "params": {"x0": 0.9630127597367468, "x1": 7.775652003448382, "x2": 4.160945765353805, "x3": 3.8502361529682867, "x4": 4.0443170074155, "x5": 1.0111875517586355, "x6": 9.373275761025742, "x7": 1.8105065323248217, "x8": 1.6110540663702255, "x9": 1.6435405317926906}, "datetime": {"datetime": "2025-05-10 08:10:58", "elapsed": 3670.03042, "delta": 12.496709}}
{"target": 3.428017290489018, "params": {"x0": 0.9630127597365364, "x1": 7.775652003450002, "x2": 4.160945765352871, "x3": 3.8502361529644196, "x4": 4.044317007413011, "x5": 1.0111875517580544, "x6": 9.373275761025006, "x7": 1.8105065323180158, "x8": 1.6110540663704145, "x9": 1.64354053179206}, "datetime": {"datetime": "2025-05-10 08:11:11", "elapsed": 3682.895463, "delta": 12.865043}}
{"target": 3.428017290489018, "params": {"x0": 0.96301275973673, "x1": 7.775652003448393, "x2": 4.160945765353377, "x3": 3.850236152967803, "x4": 4.044317007411437, "x5": 1.0111875517571354, "x6": 9.373275761028175, "x7": 1.8105065323218053, "x8": 1.6110540663705686, "x9": 1.6435405317925824}, "datetime": {"datetime": "2025-05-10 08:11:24", "elapsed": 3696.244155, "delta": 13.348692}}
{"target": 3.428017290489018, "params": {"x0": 0.9630127597366882, "x1": 7.775652003447334, "x2": 4.160945765351139, "x3": 3.850236152967628, "x4": 4.0443170074110535, "x5": 1.011187551756743, "x6": 9.373275761024484, "x7": 1.8105065323231029, "x8": 1.6110540663706217, "x9": 1.6435405317926837}, "datetime": {"datetime": "2025-05-10 08:11:37", "elapsed": 3709.612944, "delta": 13.368789}}
{"target": 3.428017290489018, "params": {"x0": 0.9630127597365545, "x1": 7.775652003449246, "x2": 4.160945765350378, "x3": 3.850236152965841, "x4": 4.044317007412333, "x5": 1.0111875517557571, "x6": 9.373275761028399, "x7": 1.8105065323161345, "x8": 1.611054066370692, "x9": 1.6435405317928815}, "datetime": {"datetime": "2025-05-10 08:11:50", "elapsed": 3722.155444, "delta": 12.5425}}
{"target": 3.428017290489018, "params": {"x0": 0.9630127597366956, "x1": 7.775652003447063, "x2": 4.160945765352688, "x3": 3.8502361529644147, "x4": 4.044317007412753, "x5": 1.0111875517568338, "x6": 9.373275761027019, "x7": 1.8105065323200806, "x8": 1.611054066370326, "x9": 1.6435405317926914}, "datetime": {"datetime": "2025-05-10 08:12:03", "elapsed": 3734.945498, "delta": 12.790054}}
{"target": 3.428017290489018, "params": {"x0": 0.9630127597366882, "x1": 7.775652003447099, "x2": 4.160945765352119, "x3": 3.85023615296545, "x4": 4.04431700741379, "x5": 1.0111875517533262, "x6": 9.373275761027042, "x7": 1.8105065323224194, "x8": 1.6110540663707538, "x9": 1.6435405317928067}, "datetime": {"datetime": "2025-05-10 08:12:16", "elapsed": 3747.819957, "delta": 12.874459}}
{"target": 3.428017290489018, "params": {"x0": 0.9630127597366088, "x1": 7.775652003448133, "x2": 4.160945765351144, "x3": 3.850236152965275, "x4": 4.04431700741321, "x5": 1.0111875517513238, "x6": 9.373275761028422, "x7": 1.8105065323162448, "x8": 1.6110540663704007, "x9": 1.6435405317922662}, "datetime": {"datetime": "2025-05-10 08:12:29", "elapsed": 3760.844458, "delta": 13.024501}}
{"target": 3.428017290489018, "params": {"x0": 0.9630127597365833, "x1": 7.775652003448035, "x2": 4.160945765352096, "x3": 3.850236152965425, "x4": 4.044317007410954, "x5": 1.0111875517561997, "x6": 9.373275761028577, "x7": 1.8105065323212164, "x8": 1.611054066370713, "x9": 1.6435405317925842}, "datetime": {"datetime": "2025-05-10 08:12:42", "elapsed": 3774.445154, "delta": 13.600696}}
{"target": 3.428017290489018, "params": {"x0": 0.9630127597366134, "x1": 7.775652003447423, "x2": 4.160945765352126, "x3": 3.8502361529658895, "x4": 4.044317007411965, "x5": 1.0111875517554714, "x6": 9.373275761025582, "x7": 1.810506532317919, "x8": 1.611054066370471, "x9": 1.6435405317923215}, "datetime": {"datetime": "2025-05-10 08:12:55", "elapsed": 3787.086807, "delta": 12.641653}}
{"target": 3.428017290489018, "params": {"x0": 0.9630127597366497, "x1": 7.77565200344781, "x2": 4.160945765352375, "x3": 3.8502361529656954, "x4": 4.044317007411662, "x5": 1.0111875517556257, "x6": 9.37327576102784, "x7": 1.81050653231823, "x8": 1.6110540663704045, "x9": 1.6435405317924803}, "datetime": {"datetime": "2025-05-10 08:13:08", "elapsed": 3800.500494, "delta": 13.413687}}
{"target": 3.428017290489018, "params": {"x0": 0.9630127597366174, "x1": 7.775652003448139, "x2": 4.160945765351267, "x3": 3.8502361529667075, "x4": 4.044317007412012, "x5": 1.0111875517555158, "x6": 9.373275761028479, "x7": 1.8105065323197151, "x8": 1.611054066370473, "x9": 1.643540531792492}, "datetime": {"datetime": "2025-05-10 08:13:21", "elapsed": 3813.519507, "delta": 13.019013}}
{"target": 3.428017290489018, "params": {"x0": 0.9630127597366454, "x1": 7.775652003447622, "x2": 4.160945765351056, "x3": 3.850236152965374, "x4": 4.044317007411349, "x5": 1.0111875517547262, "x6": 9.373275761026441, "x7": 1.8105065323171754, "x8": 1.6110540663706414, "x9": 1.6435405317924952}, "datetime": {"datetime": "2025-05-10 08:13:35", "elapsed": 3826.999162, "delta": 13.479655}}
{"target": 3.428017290489018, "params": {"x0": 0.9630127597365952, "x1": 7.775652003447824, "x2": 4.160945765351195, "x3": 3.850236152966322, "x4": 4.044317007411246, "x5": 1.011187551754722, "x6": 9.373275761027955, "x7": 1.81050653231815, "x8": 1.6110540663705029, "x9": 1.6435405317924086}, "datetime": {"datetime": "2025-05-10 08:13:48", "elapsed": 3840.139145, "delta": 13.139983}}
{"target": 3.428017290489018, "params": {"x0": 0.9630127597366298, "x1": 7.7756520034478225, "x2": 4.160945765351931, "x3": 3.8502361529652993, "x4": 4.044317007412964, "x5": 1.0111875517533042, "x6": 9.37327576102792, "x7": 1.8105065323200968, "x8": 1.6110540663706188, "x9": 1.6435405317924972}, "datetime": {"datetime": "2025-05-10 08:14:02", "elapsed": 3853.708238, "delta": 13.569093}}
{"target": 3.428017290489018, "params": {"x0": 0.9630127597366349, "x1": 7.775652003447892, "x2": 4.160945765351215, "x3": 3.8502361529655036, "x4": 4.04431700741237, "x5": 1.0111875517540152, "x6": 9.373275761027182, "x7": 1.810506532320711, "x8": 1.61105406637048, "x9": 1.6435405317924883}, "datetime": {"datetime": "2025-05-10 08:14:15", "elapsed": 3867.332113, "delta": 13.623875}}
{"target": 3.428017290489018, "params": {"x0": 0.9630127597366095, "x1": 7.775652003448025, "x2": 4.160945765351301, "x3": 3.8502361529663522, "x4": 4.044317007412436, "x5": 1.0111875517533102, "x6": 9.37327576102641, "x7": 1.810506532319849, "x8": 1.611054066370637, "x9": 1.6435405317926244}, "datetime": {"datetime": "2025-05-10 08:14:28", "elapsed": 3880.111498, "delta": 12.779385}}
{"target": 3.428017290489018, "params": {"x0": 0.9630127597366249, "x1": 7.775652003448182, "x2": 4.16094576535185, "x3": 3.850236152966282, "x4": 4.044317007411658, "x5": 1.0111875517540856, "x6": 9.373275761027315, "x7": 1.8105065323182286, "x8": 1.6110540663705062, "x9": 1.643540531792646}, "datetime": {"datetime": "2025-05-10 08:14:42", "elapsed": 3894.538182, "delta": 14.426684}}
{"target": 3.428017290489018, "params": {"x0": 0.9630127597366245, "x1": 7.775652003447944, "x2": 4.160945765351297, "x3": 3.8502361529662212, "x4": 4.044317007411692, "x5": 1.0111875517541005, "x6": 9.373275761027433, "x7": 1.8105065323203524, "x8": 1.6110540663706165, "x9": 1.6435405317925789}, "datetime": {"datetime": "2025-05-10 08:14:56", "elapsed": 3907.867047, "delta": 13.328865}}
{"target": 3.428017290489018, "params": {"x0": 0.9630127597366283, "x1": 7.7756520034482595, "x2": 4.16094576535151, "x3": 3.850236152966022, "x4": 4.04431700741229, "x5": 1.0111875517545899, "x6": 9.373275761027996, "x7": 1.810506532318788, "x8": 1.6110540663706125, "x9": 1.6435405317926337}, "datetime": {"datetime": "2025-05-10 08:15:10", "elapsed": 3921.865889, "delta": 13.998842}}
{"target": 3.428017290489018, "params": {"x0": 0.9630127597366374, "x1": 7.7756520034481005, "x2": 4.1609457653515545, "x3": 3.850236152965571, "x4": 4.044317007411819, "x5": 1.0111875517533364, "x6": 9.373275761026793, "x7": 1.8105065323186889, "x8": 1.6110540663706225, "x9": 1.6435405317924994}, "datetime": {"datetime": "2025-05-10 08:15:23", "elapsed": 3935.524454, "delta": 13.658565}}
{"target": 3.428017290489018, "params": {"x0": 0.9630127597366238, "x1": 7.775652003448374, "x2": 4.160945765351494, "x3": 3.8502361529661653, "x4": 4.044317007412355, "x5": 1.0111875517535946, "x6": 9.373275761027125, "x7": 1.8105065323191938, "x8": 1.6110540663706014, "x9": 1.6435405317925236}, "datetime": {"datetime": "2025-05-10 08:15:38", "elapsed": 3950.184497, "delta": 14.660043}}
{"target": 3.428017290489018, "params": {"x0": 0.9630127597366189, "x1": 7.775652003448231, "x2": 4.160945765351625, "x3": 3.8502361529659916, "x4": 4.04431700741202, "x5": 1.011187551753939, "x6": 9.37327576102777, "x7": 1.810506532319878, "x8": 1.6110540663705404, "x9": 1.6435405317925686}, "datetime": {"datetime": "2025-05-10 08:15:52", "elapsed": 3964.051728, "delta": 13.867231}}
