{"target": 3.428017290489018, "params": {"x0": 0.9630127597366289, "x1": 7.775652003448203, "x2": 4.1609457653515936, "x3": 3.8502361529658704, "x4": 4.044317007412187, "x5": 1.0111875517539353, "x6": 9.37327576102737, "x7": 1.8105065323193579, "x8": 1.6110540663705608, "x9": 1.6435405317925644}, "datetime": {"datetime": "2025-05-10 08:29:09", "elapsed": 4760.742171, "delta": 15.350989}}
{"target": 3.428017290489018, "params": {"x0": 0.9630127597366289, "x1": 7.775652003448203, "x2": 4.160945765351594, "x3": 3.8502361529658704, "x4": 4.044317007412187, "x5": 1.0111875517539346, "x6": 9.373275761027374, "x7": 1.8105065323193592, "x8": 1.611054066370561, "x9": 1.6435405317925644}, "datetime": {"datetime": "2025-05-10 08:29:24", "elapsed": 4775.744404, "delta": 15.002233}}
{"target": 3.428017290489018, "params": {"x0": 0.9630127597366289, "x1": 7.775652003448203, "x2": 4.160945765351594, "x3": 3.850236152965871, "x4": 4.044317007412188, "x5": 1.0111875517539344, "x6": 9.373275761027372, "x7": 1.8105065323193574, "x8": 1.611054066370561, "x9": 1.6435405317925642}, "datetime": {"datetime": "2025-05-10 08:29:38", "elapsed": 4790.167008, "delta": 14.422604}}
{"target": 3.428017290489018, "params": {"x0": 0.9630127597366289, "x1": 7.775652003448203, "x2": 4.160945765351594, "x3": 3.8502361529658713, "x4": 4.044317007412187, "x5": 1.0111875517539333, "x6": 9.373275761027372, "x7": 1.810506532319357, "x8": 1.611054066370561, "x9": 1.6435405317925642}, "datetime": {"datetime": "2025-05-10 08:29:52", "elapsed": 4804.40072, "delta": 14.233712}}
{"target": 3.428017290489018, "params": {"x0": 0.9630127597366289, "x1": 7.775652003448203, "x2": 4.160945765351594, "x3": 3.8502361529658713, "x4": 4.044317007412186, "x5": 1.0111875517539342, "x6": 9.373275761027372, "x7": 1.8105065323193588, "x8": 1.611054066370561, "x9": 1.6435405317925644}, "datetime": {"datetime": "2025-05-10 08:30:06", "elapsed": 4818.058516, "delta": 13.657796}}
{"target": 3.428017290489018, "params": {"x0": 0.9630127597366289, "x1": 7.775652003448203, "x2": 4.160945765351594, "x3": 3.8502361529658713, "x4": 4.044317007412187, "x5": 1.0111875517539342, "x6": 9.373275761027372, "x7": 1.810506532319359, "x8": 1.611054066370561, "x9": 1.6435405317925644}, "datetime": {"datetime": "2025-05-10 08:30:20", "elapsed": 4831.852282, "delta": 13.793766}}
{"target": 3.428017290489018, "params": {"x0": 0.9630127597366289, "x1": 7.775652003448203, "x2": 4.160945765351594, "x3": 3.850236152965871, "x4": 4.044317007412188, "x5": 1.0111875517539346, "x6": 9.373275761027372, "x7": 1.8105065323193572, "x8": 1.611054066370561, "x9": 1.6435405317925644}, "datetime": {"datetime": "2025-05-10 08:30:35", "elapsed": 4847.404936, "delta": 15.552654}}
{"target": 3.428017290489018, "params": {"x0": 0.9630127597366289, "x1": 7.775652003448203, "x2": 4.160945765351594, "x3": 3.8502361529658713, "x4": 4.044317007412187, "x5": 1.0111875517539344, "x6": 9.373275761027372, "x7": 1.8105065323193583, "x8": 1.611054066370561, "x9": 1.6435405317925644}, "datetime": {"datetime": "2025-05-10 08:30:50", "elapsed": 4862.085089, "delta": 14.680153}}
{"target": 3.428017290489018, "params": {"x0": 0.9630127597366289, "x1": 7.775652003448203, "x2": 4.160945765351594, "x3": 3.8502361529658704, "x4": 4.044317007412187, "x5": 1.0111875517539337, "x6": 9.373275761027372, "x7": 1.810506532319359, "x8": 1.611054066370561, "x9": 1.6435405317925644}, "datetime": {"datetime": "2025-05-10 08:31:04", "elapsed": 4875.85137, "delta": 13.766281}}
{"target": 3.428017290489018, "params": {"x0": 0.9630127597366289, "x1": 7.775652003448203, "x2": 4.160945765351594, "x3": 3.8502361529658713, "x4": 4.044317007412187, "x5": 1.0111875517539342, "x6": 9.373275761027372, "x7": 1.8105065323193577, "x8": 1.611054066370561, "x9": 1.6435405317925644}, "datetime": {"datetime": "2025-05-10 08:31:18", "elapsed": 4890.572392, "delta": 14.721022}}
{"target": 3.428017290489018, "params": {"x0": 0.9630127597366289, "x1": 7.775652003448203, "x2": 4.160945765351594, "x3": 3.850236152965871, "x4": 4.044317007412187, "x5": 1.0111875517539344, "x6": 9.373275761027372, "x7": 1.8105065323193574, "x8": 1.611054066370561, "x9": 1.6435405317925644}, "datetime": {"datetime": "2025-05-10 08:31:33", "elapsed": 4905.310063, "delta": 14.737671}}
{"target": 3.428017290489018, "params": {"x0": 0.9630127597366289, "x1": 7.775652003448203, "x2": 4.160945765351594, "x3": 3.850236152965871, "x4": 4.044317007412187, "x5": 1.0111875517539342, "x6": 9.373275761027372, "x7": 1.810506532319358, "x8": 1.611054066370561, "x9": 1.6435405317925644}, "datetime": {"datetime": "2025-05-10 08:31:49", "elapsed": 4920.666376, "delta": 15.356313}}
{"target": 3.428017290489018, "params": {"x0": 0.9630127597366289, "x1": 7.775652003448203, "x2": 4.160945765351594, "x3": 3.850236152965871, "x4": 4.044317007412187, "x5": 1.0111875517539337, "x6": 9.373275761027372, "x7": 1.8105065323193585, "x8": 1.611054066370561, "x9": 1.6435405317925644}, "datetime": {"datetime": "2025-05-10 08:32:05", "elapsed": 4937.18284, "delta": 16.516464}}
{"target": 3.428017290489018, "params": {"x0": 0.9630127597366289, "x1": 7.775652003448203, "x2": 4.160945765351594, "x3": 3.850236152965871, "x4": 4.044317007412187, "x5": 1.011187551753934, "x6": 9.373275761027372, "x7": 1.8105065323193577, "x8": 1.611054066370561, "x9": 1.6435405317925644}, "datetime": {"datetime": "2025-05-10 08:32:20", "elapsed": 4951.647905, "delta": 14.465065}}
{"target": 3.428017290489018, "params": {"x0": 0.9630127597366289, "x1": 7.775652003448203, "x2": 4.160945765351594, "x3": 3.850236152965871, "x4": 4.044317007412187, "x5": 1.011187551753934, "x6": 9.373275761027372, "x7": 1.8105065323193579, "x8": 1.611054066370561, "x9": 1.6435405317925644}, "datetime": {"datetime": "2025-05-10 08:32:34", "elapsed": 4965.882155, "delta": 14.23425}}
{"target": 3.428017290489018, "params": {"x0": 0.9630127597366289, "x1": 7.775652003448203, "x2": 4.160945765351594, "x3": 3.850236152965871, "x4": 4.044317007412187, "x5": 1.0111875517539344, "x6": 9.373275761027372, "x7": 1.8105065323193585, "x8": 1.611054066370561, "x9": 1.6435405317925644}, "datetime": {"datetime": "2025-05-10 08:32:49", "elapsed": 4980.763284, "delta": 14.881129}}
{"target": 3.428017290489018, "params": {"x0": 0.9630127597366289, "x1": 7.775652003448203, "x2": 4.160945765351594, "x3": 3.850236152965871, "x4": 4.044317007412187, "x5": 1.0111875517539344, "x6": 9.373275761027372, "x7": 1.8105065323193579, "x8": 1.611054066370561, "x9": 1.6435405317925644}, "datetime": {"datetime": "2025-05-10 08:33:03", "elapsed": 4995.068771, "delta": 14.305487}}
{"target": 3.428017290489018, "params": {"x0": 0.9630127597366289, "x1": 7.775652003448203, "x2": 4.160945765351594, "x3": 3.850236152965871, "x4": 4.044317007412187, "x5": 1.0111875517539342, "x6": 9.373275761027372, "x7": 1.810506532319358, "x8": 1.611054066370561, "x9": 1.6435405317925644}, "datetime": {"datetime": "2025-05-10 08:33:17", "elapsed": 5009.529428, "delta": 14.460657}}
{"target": 3.428017290489018, "params": {"x0": 0.9630127597366289, "x1": 7.775652003448203, "x2": 4.160945765351594, "x3": 3.850236152965871, "x4": 4.044317007412187, "x5": 1.0111875517539342, "x6": 9.373275761027372, "x7": 1.8105065323193579, "x8": 1.611054066370561, "x9": 1.6435405317925644}, "datetime": {"datetime": "2025-05-10 08:33:34", "elapsed": 5025.899061, "delta": 16.369633}}
{"target": 3.428017290489018, "params": {"x0": 0.9630127597366289, "x1": 7.775652003448203, "x2": 4.160945765351594, "x3": 3.850236152965871, "x4": 4.044317007412187, "x5": 1.0111875517539344, "x6": 9.373275761027372, "x7": 1.8105065323193583, "x8": 1.611054066370561, "x9": 1.6435405317925644}, "datetime": {"datetime": "2025-05-10 08:33:49", "elapsed": 5040.691916, "delta": 14.792855}}
{"target": 3.428017290489018, "params": {"x0": 0.9630127597366289, "x1": 7.775652003448203, "x2": 4.160945765351594, "x3": 3.850236152965871, "x4": 4.044317007412187, "x5": 1.011187551753934, "x6": 9.373275761027372, "x7": 1.810506532319358, "x8": 1.611054066370561, "x9": 1.6435405317925644}, "datetime": {"datetime": "2025-05-10 08:34:03", "elapsed": 5055.251839, "delta": 14.559923}}
{"target": 3.428017290489018, "params": {"x0": 0.9630127597366289, "x1": 7.775652003448203, "x2": 4.160945765351594, "x3": 3.850236152965871, "x4": 4.044317007412187, "x5": 1.011187551753934, "x6": 9.373275761027372, "x7": 1.8105065323193583, "x8": 1.611054066370561, "x9": 1.6435405317925644}, "datetime": {"datetime": "2025-05-10 08:34:18", "elapsed": 5069.78815, "delta": 14.536311}}
{"target": 3.428017290489018, "params": {"x0": 0.9630127597366289, "x1": 7.775652003448203, "x2": 4.160945765351594, "x3": 3.850236152965871, "x4": 4.044317007412187, "x5": 1.0111875517539342, "x6": 9.373275761027372, "x7": 1.8105065323193579, "x8": 1.611054066370561, "x9": 1.6435405317925644}, "datetime": {"datetime": "2025-05-10 08:34:33", "elapsed": 5084.791114, "delta": 15.002964}}
{"target": 3.428017290489018, "params": {"x0": 0.9630127597366289, "x1": 7.775652003448203, "x2": 4.160945765351594, "x3": 3.850236152965871, "x4": 4.044317007412187, "x5": 1.011187551753934, "x6": 9.373275761027372, "x7": 1.810506532319358, "x8": 1.611054066370561, "x9": 1.6435405317925644}, "datetime": {"datetime": "2025-05-10 08:34:48", "elapsed": 5100.574261, "delta": 15.783147}}
{"target": 3.428017290489018, "params": {"x0": 0.9630127597366289, "x1": 7.775652003448203, "x2": 4.160945765351594, "x3": 3.850236152965871, "x4": 4.044317007412187, "x5": 1.0111875517539342, "x6": 9.373275761027372, "x7": 1.8105065323193579, "x8": 1.611054066370561, "x9": 1.6435405317925644}, "datetime": {"datetime": "2025-05-10 08:35:03", "elapsed": 5114.849433, "delta": 14.275172}}
{"target": 3.428017290489018, "params": {"x0": 0.9630127597366289, "x1": 7.775652003448203, "x2": 4.160945765351594, "x3": 3.850236152965871, "x4": 4.044317007412187, "x5": 1.0111875517539342, "x6": 9.373275761027372, "x7": 1.8105065323193579, "x8": 1.611054066370561, "x9": 1.6435405317925644}, "datetime": {"datetime": "2025-05-10 08:35:17", "elapsed": 5128.855857, "delta": 14.006424}}
{"target": 3.428017290489018, "params": {"x0": 0.9630127597366289, "x1": 7.775652003448203, "x2": 4.160945765351594, "x3": 3.850236152965871, "x4": 4.044317007412187, "x5": 1.0111875517539342, "x6": 9.373275761027372, "x7": 1.8105065323193579, "x8": 1.611054066370561, "x9": 1.6435405317925644}, "datetime": {"datetime": "2025-05-10 08:35:31", "elapsed": 5143.507457, "delta": 14.6516}}
