{"target": 0.9435443756320435, "params": {"x0": 1.023211308, "x1": 2.5539506802000003, "x2": 8.682155095831185, "x3": 0.0, "x4": 10.0, "x5": 17.664361357440505, "x6": 20.0, "x7": 20.0, "x8": 0.44533036179999996, "x9": 1.7955491139999997}, "datetime": {"datetime": "2025-05-14 16:27:33", "elapsed": 370.520338, "delta": 7.104824}}
{"target": 1.18665848508991, "params": {"x0": 0.8782578228, "x1": 0.9, "x2": 8.606335708079119, "x3": 0.0, "x4": 8.364224602, "x5": 19.67386734185463, "x6": 20.0, "x7": 20.0, "x8": 0.1, "x9": 2.4478397974}, "datetime": {"datetime": "2025-05-14 16:27:41", "elapsed": 377.985133, "delta": 7.464795}}
{"target": 1.313246273325718, "params": {"x0": 1.00871595948, "x1": 0.9, "x2": 7.78673078024349, "x3": 0.0, "x4": 9.267696898114869, "x5": 17.932399933411094, "x6": 20.0, "x7": 18.309705580228652, "x8": 0.1, "x9": 1.8607781823399998}, "datetime": {"datetime": "2025-05-14 16:27:48", "elapsed": 384.93175, "delta": 6.946617}}
{"target": 1.03205325498824, "params": {"x0": 1.061242525038, "x1": 0.9, "x2": 7.44340193122237, "x3": 0.0, "x4": 7.979333980829125, "x5": 15.349388750474388, "x6": 20.0, "x7": 17.32112609553598, "x8": 0.1, "x9": 2.097147727351}, "datetime": {"datetime": "2025-05-14 16:27:55", "elapsed": 391.991012, "delta": 7.059262}}
{"target": 1.125929352410538, "params": {"x0": 1.0559898684822, "x1": 0.9, "x2": 7.826986236497726, "x3": 0.0, "x4": 10.0, "x5": 20.0, "x6": 20.0, "x7": 16.00080829883436, "x8": 0.1, "x9": 1.6480455918300998}, "datetime": {"datetime": "2025-05-14 16:28:02", "elapsed": 399.02301, "delta": 7.031998}}
{"target": 1.1636101034636601, "params": {"x0": 1.0512624775819799, "x1": 0.9, "x2": 6.679656628551211, "x3": 0.0, "x4": 10.0, "x5": 16.75201685096078, "x6": 20.0, "x7": 19.5936194062163, "x8": 0.1, "x9": 1.6693188508810899}, "datetime": {"datetime": "2025-05-14 16:28:09", "elapsed": 406.086327, "delta": 7.063317}}
{"target": 1.1640478928710543, "params": {"x0": 1.0470078257717819, "x1": 0.9, "x2": 6.790364043720438, "x3": 0.0, "x4": 8.328480331413562, "x5": 19.735564143817257, "x6": 20.0, "x7": 17.94733061592148, "x8": 0.1, "x9": 1.6884647840269809}, "datetime": {"datetime": "2025-05-14 16:28:16", "elapsed": 413.113639, "delta": 7.027312}}
{"target": 1.01521948515011, "params": {"x0": 0.9742532798173962, "x1": 0.9, "x2": 7.986193908319982, "x3": 0.0, "x4": 10.0, "x5": 19.30708927516743, "x6": 20.0, "x7": 18.63134457010603, "x8": 0.1, "x9": 1.7056961238582826}, "datetime": {"datetime": "2025-05-14 16:28:23", "elapsed": 420.53669, "delta": 7.423051}}
{"target": 1.2583766257566624, "params": {"x0": 1.0397323711763433, "x1": 0.9, "x2": 6.979673723659818, "x3": 0.0, "x4": 8.50693147908681, "x5": 17.923651746731778, "x6": 20.0, "x7": 16.794838073905858, "x8": 0.1, "x9": 2.0003520349735453}, "datetime": {"datetime": "2025-05-14 16:28:30", "elapsed": 427.421628, "delta": 6.884938}}
{"target": 1.272486415165239, "params": {"x0": 1.036630730006709, "x1": 0.9, "x2": 7.060379429318186, "x3": 0.0, "x4": 8.583008020989615, "x5": 17.584960569266894, "x6": 20.0, "x7": 19.673086335919166, "x8": 0.1, "x9": 1.9863946497101908}, "datetime": {"datetime": "2025-05-14 16:28:37", "elapsed": 434.315823, "delta": 6.894195}}
{"target": 1.3462289955455895, "params": {"x0": 1.0338392529540381, "x1": 0.9, "x2": 8.440446996076265, "x3": 0.0, "x4": 8.651476908702142, "x5": 17.831254026726196, "x6": 18.76007696800921, "x7": 17.082662900107188, "x8": 0.1, "x9": 1.9738330029731717}, "datetime": {"datetime": "2025-05-14 16:28:44", "elapsed": 441.380351, "delta": 7.064528}}
{"target": 1.1167698239085797, "params": {"x0": 1.0551940524069705, "x1": 0.9, "x2": 8.996105779534123, "x3": 0.0, "x4": 8.127689917701323, "x5": 18.938098348709516, "x6": 19.863795633924525, "x7": 16.039676622003945, "x8": 0.1, "x9": 2.069929600511368}, "datetime": {"datetime": "2025-05-14 16:28:51", "elapsed": 448.535767, "delta": 7.155416}}
{"target": 1.3615449653618046, "params": {"x0": 1.0530585724616772, "x1": 0.9, "x2": 8.940539901188338, "x3": 0.0, "x4": 9.122885200602878, "x5": 16.83509413694121, "x6": 17.766730168685424, "x7": 16.143975249814268, "x8": 0.1, "x9": 2.060319940757548}, "datetime": {"datetime": "2025-05-14 16:28:59", "elapsed": 455.823923, "delta": 7.288156}}
{"target": 1.1966143503244477, "params": {"x0": 1.0693949940431706, "x1": 0.9, "x2": 8.515460931843077, "x3": 0.0, "x4": 9.523582248718505, "x5": 17.245305467991948, "x6": 18.61107494811064, "x7": 15.346090747065286, "x8": 0.1, "x9": 2.133833837874268}, "datetime": {"datetime": "2025-05-14 16:29:06", "elapsed": 462.988479, "delta": 7.164556}}
{"target": 1.3708046220095151, "params": {"x0": 1.0677613518850213, "x1": 0.9, "x2": 9.323110973599073, "x3": 0.0, "x4": 8.762257857298815, "x5": 16.073031821255693, "x6": 17.00681986720273, "x7": 16.862071302288353, "x8": 0.1, "x9": 2.126482448162596}, "datetime": {"datetime": "2025-05-14 16:29:13", "elapsed": 470.115768, "delta": 7.127289}}
{"target": 1.3429836452960622, "params": {"x0": 1.0802587143948637, "x1": 1.240533777975093, "x2": 8.997925562049948, "x3": 0.0, "x4": 8.455724615490361, "x5": 16.720784789588382, "x6": 16.360896110942438, "x7": 16.251689657685382, "x8": 0.1, "x9": 2.1827205794568867}, "datetime": {"datetime": "2025-05-14 16:29:20", "elapsed": 477.207675, "delta": 7.091907}}
{"target": 1.371874364965436, "params": {"x0": 1.0790089781438794, "x1": 0.9, "x2": 9.03044410320486, "x3": 0.0, "x4": 9.038137774926424, "x5": 16.65600949275511, "x6": 16.42548848656847, "x7": 17.411414782431027, "x8": 0.1, "x9": 2.1770967663274576}, "datetime": {"datetime": "2025-05-14 16:29:27", "elapsed": 484.589549, "delta": 7.381874}}
{"target": 1.2632602064867933, "params": {"x0": 1.088569460463909, "x1": 1.1758323601598253, "x2": 8.78167726336978, "x3": 0.0, "x4": 9.272635704909892, "x5": 16.160478471980603, "x6": 16.91962016010759, "x7": 16.944472824309756, "x8": 0.1, "x9": 2.22011893676759}, "datetime": {"datetime": "2025-05-14 16:29:34", "elapsed": 491.610218, "delta": 7.020669}}
{"target": 1.2245607218934584, "params": {"x0": 1.0876134122319059, "x1": 0.9, "x2": 9.254334259056433, "x3": 0.0, "x4": 8.827089637941304, "x5": 17.101987411452168, "x6": 16.87020699275368, "x7": 16.991167020121882, "x8": 0.1518322347113518, "x9": 2.215816719723577}, "datetime": {"datetime": "2025-05-14 16:29:41", "elapsed": 498.667335, "delta": 7.057117}}
{"target": 1.3164246829938206, "params": {"x0": 1.0712649874646556, "x1": 0.9, "x2": 8.828942962938445, "x3": 0.24552111179061367, "x4": 8.848194451639817, "x5": 16.254629365927762, "x6": 16.02524183100178, "x7": 17.78963776850926, "x8": 0.1, "x9": 2.1422488082709505}, "datetime": {"datetime": "2025-05-14 16:29:48", "elapsed": 505.630397, "delta": 6.963062}}
{"target": 1.3701577035404904, "params": {"x0": 1.072039386532578, "x1": 0.9, "x2": 9.211795129444635, "x3": 0.0, "x4": 9.209086765884372, "x5": 16.294767378610494, "x6": 16.065266496558447, "x7": 17.07101409496062, "x8": 0.1, "x9": 2.145733604076601}, "datetime": {"datetime": "2025-05-14 16:29:55", "elapsed": 512.578087, "delta": 6.94769}}
{"target": 1.37380509822812, "params": {"x0": 1.072736345693708, "x1": 0.9, "x2": 8.867228179589064, "x3": 0.0, "x4": 8.884283683064272, "x5": 16.330891590024958, "x6": 16.10128869555945, "x7": 17.10505416370766, "x8": 0.1, "x9": 2.1488699203016868}, "datetime": {"datetime": "2025-05-14 16:30:02", "elapsed": 519.570418, "delta": 6.992331}}
{"target": 1.3887504026678346, "params": {"x0": 1.0674046081110624, "x1": 1.0628762503507752, "x2": 9.005961714662492, "x3": 0.0, "x4": 8.753507704981441, "x5": 16.607241807345588, "x6": 15.825718873201785, "x7": 17.365460689622523, "x8": 0.1, "x9": 2.1248771011797816}, "datetime": {"datetime": "2025-05-14 16:30:09", "elapsed": 526.512338, "delta": 6.94192}}
{"target": 1.2905489727195854, "params": {"x0": 1.0620728705284168, "x1": 0.9244314375526163, "x2": 9.103075189213891, "x3": 0.0, "x4": 8.62273172689861, "x5": 16.413796655221145, "x6": 15.55014905084412, "x7": 17.547745257762926, "x8": 0.1, "x9": 2.1008842820578764}, "datetime": {"datetime": "2025-05-14 16:30:16", "elapsed": 533.399457, "delta": 6.887119}}
{"target": 1.311155046354269, "params": {"x0": 1.0626060442866814, "x1": 1.1874765818691182, "x2": 8.918559587566234, "x3": 0.1449777613012395, "x4": 8.871206085255988, "x5": 16.781342444257586, "x6": 15.577706033079886, "x7": 17.20140457829616, "x8": 0.1, "x9": 2.103283563970067}, "datetime": {"datetime": "2025-05-14 16:30:23", "elapsed": 540.335736, "delta": 6.936279}}
{"target": 1.3870691173987089, "params": {"x0": 1.0630859006691196, "x1": 1.175016548717284, "x2": 9.084623629049124, "x3": 0.0, "x4": 8.859436247228533, "x5": 16.45055123412479, "x6": 16.048930429311493, "x7": 17.51311118981625, "x8": 0.1, "x9": 2.1054429176910383}, "datetime": {"datetime": "2025-05-14 16:30:30", "elapsed": 547.361234, "delta": 7.025498}}
{"target": 1.3536689573188823, "params": {"x0": 1.0635177714133137, "x1": 0.9619499818209173, "x2": 8.935165991714522, "x3": 0.0, "x4": 8.658172016959059, "x5": 16.748263323244306, "x6": 16.026609273700522, "x7": 17.498346139796876, "x8": 0.1, "x9": 2.1073863360399128}, "datetime": {"datetime": "2025-05-14 16:30:37", "elapsed": 554.311412, "delta": 6.950178}}
{"target": 1.4063606712700185, "params": {"x0": 1.0709027611390363, "x1": 1.1537098920276472, "x2": 9.069677865315665, "x3": 0.10568878798860358, "x4": 8.667705585761297, "x5": 16.48032244303674, "x6": 16.00652023365065, "x7": 17.245863784465605, "x8": 0.1, "x9": 2.1406187898056634}, "datetime": {"datetime": "2025-05-14 16:30:44", "elapsed": 561.089572, "delta": 6.77816}}
{"target": 1.3752307896977245, "params": {"x0": 1.073876191212814, "x1": 1.2309184874529884, "x2": 9.123836593370863, "x3": 0.015853318198290542, "x4": 8.594773784424174, "x5": 16.372440983374222, "x6": 15.896186668731287, "x7": 17.144206415082223, "x8": 0.1, "x9": 2.1539992251376634}, "datetime": {"datetime": "2025-05-14 16:30:51", "elapsed": 568.264879, "delta": 7.175307}}
{"target": 1.4079941019689488, "params": {"x0": 1.0682266740726363, "x1": 1.08422215614484, "x2": 9.118420720565341, "x3": 0.18654071079988532, "x4": 8.733344206964707, "x5": 16.57641869227443, "x6": 16.14483327439403, "x7": 17.154372152020564, "x8": 0.1, "x9": 2.152661181604463}, "datetime": {"datetime": "2025-05-14 16:30:58", "elapsed": 575.370444, "delta": 7.105565}}
{"target": 1.3927641566861813, "params": {"x0": 1.0705013480790762, "x1": 1.025157580644454, "x2": 9.159852147527566, "x3": 0.2552648451894748, "x4": 8.789137034987606, "x5": 16.493839522409672, "x6": 16.027267189762156, "x7": 17.23214003959885, "x8": 0.11463895402430149, "x9": 2.162897214633443}, "datetime": {"datetime": "2025-05-14 16:31:05", "elapsed": 582.361855, "delta": 6.991411}}
{"target": 1.4287927754176253, "params": {"x0": 1.0702738806784322, "x1": 1.1373802740951875, "x2": 9.081132436299338, "x3": 0.12468898984925479, "x4": 8.783557752185317, "x5": 16.50209743939615, "x6": 16.25064275056272, "x7": 17.146572299579287, "x8": 0.1, "x9": 2.161873611330545}, "datetime": {"datetime": "2025-05-14 16:31:12", "elapsed": 589.449202, "delta": 7.087347}}
{"target": 1.4341614905592415, "params": {"x0": 1.0720140062933587, "x1": 1.1825646743529827, "x2": 9.049437394673236, "x3": 0.17726295265729075, "x4": 8.740876238747799, "x5": 16.43892437444961, "x6": 16.340580805306104, "x7": 17.209174295895636, "x8": 0.1, "x9": 2.1697041765977145}, "datetime": {"datetime": "2025-05-14 16:31:19", "elapsed": 596.41368, "delta": 6.964478}}
{"target": 1.4322854892709158, "params": {"x0": 1.0737541319082853, "x1": 1.227749074610778, "x2": 9.017742353047133, "x3": 0.14046117869166558, "x4": 8.710999179341536, "x5": 16.50209743939615, "x6": 16.43051886004949, "x7": 17.159097336887125, "x8": 0.11067179748371579, "x9": 2.1775347418648843}, "datetime": {"datetime": "2025-05-14 16:31:26", "elapsed": 603.39229, "delta": 6.97861}}
{"target": 1.417694217955173, "params": {"x0": 1.0735801193467926, "x1": 1.2232306345849986, "x2": 9.020911857209743, "x3": 0.2103845492263534, "x4": 8.767765592213435, "x5": 16.48279596767827, "x6": 16.25963655603706, "x7": 17.164105032787976, "x8": 0.1, "x9": 2.176751685338167}, "datetime": {"datetime": "2025-05-14 16:31:33", "elapsed": 610.453979, "delta": 7.061689}}
{"target": 1.433564997268561, "params": {"x0": 1.0734235080414491, "x1": 1.219164038561797, "x2": 9.075110378390379, "x3": 0.14745351574513438, "x4": 8.716675820628726, "x5": 16.387754191842912, "x6": 16.413430629648246, "x7": 17.249736632692528, "x8": 0.1, "x9": 2.176046934464122}, "datetime": {"datetime": "2025-05-14 16:31:40", "elapsed": 617.342082, "delta": 6.888103}}
{"target": 1.442746831593499, "params": {"x0": 1.0732825578666403, "x1": 1.14962524656505, "x2": 9.026331709327806, "x3": 0.15043445943635, "x4": 8.719095862440634, "x5": 16.392871210103582, "x6": 16.406145647214032, "x7": 17.17266819277843, "x8": 0.10777974036562882, "x9": 2.163995694517948}, "datetime": {"datetime": "2025-05-14 16:31:47", "elapsed": 624.711365, "delta": 7.369283}}
{"target": 1.4416763558042553, "params": {"x0": 1.072204289029351, "x1": 1.1216267329453071, "x2": 9.006691876784192, "x3": 0.12763024019855038, "x4": 8.700582542579543, "x5": 16.398471660098682, "x6": 16.46187576283577, "x7": 17.141638005128808, "x8": 0.10116696105484434, "x9": 2.1688479042857494}, "datetime": {"datetime": "2025-05-14 16:31:55", "elapsed": 632.49582, "delta": 7.784455}}
{"target": 1.4503477505700735, "params": {"x0": 1.0742529998202006, "x1": 1.1244265843072814, "x2": 9.044007558617059, "x3": 0.17095825675036969, "x4": 8.702433874565653, "x5": 16.35764053937887, "x6": 16.456302751273597, "x7": 17.144741023893772, "x8": 0.11373124174533486, "x9": 2.1596287057269263}, "datetime": {"datetime": "2025-05-14 16:32:02", "elapsed": 639.62732, "delta": 7.1315}}
{"target": 1.4555954929515074, "params": {"x0": 1.0750778754807269, "x1": 1.1030077213881782, "x2": 9.059032030512924, "x3": 0.18840348446728641, "x4": 8.716596564259387, "x5": 16.387586609494875, "x6": 16.498936289724227, "x7": 17.168479117445735, "x8": 0.118790017918085, "x9": 2.155916765254558}, "datetime": {"datetime": "2025-05-14 16:32:09", "elapsed": 646.494586, "delta": 6.867266}}
{"target": 1.458324872985031, "params": {"x0": 1.0742529998202006, "x1": 1.1244265843072814, "x2": 9.074056502408789, "x3": 0.20584871218420314, "x4": 8.726510447045001, "x5": 16.366624360413674, "x6": 16.541569828174858, "x7": 17.15186245195936, "x8": 0.12384879409083513, "x9": 2.1522048247821894}, "datetime": {"datetime": "2025-05-14 16:32:16", "elapsed": 653.289033, "delta": 6.794447}}
{"target": 1.4626479648539346, "params": {"x0": 1.074830412782569, "x1": 1.1094333802639091, "x2": 9.059032030512924, "x3": 0.22329393990111987, "x4": 8.716596564259387, "x5": 16.351950786056832, "x6": 16.584203366625488, "x7": 17.16349411779982, "x8": 0.12890757026358526, "x9": 2.148492884309821}, "datetime": {"datetime": "2025-05-14 16:32:23", "elapsed": 660.068777, "delta": 6.779744}}
{"target": 1.4672783592014058, "params": {"x0": 1.0752346018562269, "x1": 1.0989381374335485, "x2": 9.06954916084003, "x3": 0.2407391676180366, "x4": 8.709656846309457, "x5": 16.33727721169999, "x6": 16.626836905076118, "x7": 17.171636283888144, "x8": 0.1339663464363354, "x9": 2.1447809438374525}, "datetime": {"datetime": "2025-05-14 16:32:30", "elapsed": 666.907021, "delta": 6.838244}}
{"target": 1.4708559507718681, "params": {"x0": 1.0756387909298848, "x1": 1.0884428946031879, "x2": 9.076911152069004, "x3": 0.2581843953349533, "x4": 8.702717128359527, "x5": 16.351950786056832, "x6": 16.66947044352675, "x7": 17.16349411779982, "x8": 0.13902512260908553, "x9": 2.141069003365084}, "datetime": {"datetime": "2025-05-14 16:32:37", "elapsed": 673.81844, "delta": 6.911419}}
{"target": 1.4644304435701083, "params": {"x0": 1.0760429800035427, "x1": 1.0779476517728273, "x2": 9.084273143297978, "x3": 0.27562962305187, "x4": 8.695777410409598, "x5": 16.341679284007043, "x6": 16.626836905076118, "x7": 17.157794601537997, "x8": 0.14408389878183567, "x9": 2.1373570628927157}, "datetime": {"datetime": "2025-05-14 16:32:44", "elapsed": 680.823728, "delta": 7.005288}}
{"target": 1.4741099727362605, "params": {"x0": 1.076002561096177, "x1": 1.0978886131505126, "x2": 9.070285359962927, "x3": 0.24248369038972825, "x4": 8.69647138220459, "x5": 16.361195137901642, "x6": 16.707840628132317, "x7": 17.168623682435463, "x8": 0.14357802116456064, "x9": 2.1377282569399525}, "datetime": {"datetime": "2025-05-14 16:32:50", "elapsed": 687.558514, "delta": 6.734786}}
{"target": 1.4746449344383328, "params": {"x0": 1.0763117657375252, "x1": 1.1059174739157385, "x2": 9.064653436672762, "x3": 0.25582928959316953, "x4": 8.701780266436288, "x5": 16.353337438833552, "x6": 16.740455285047048, "x7": 17.172983812375758, "x8": 0.1397080573924068, "x9": 2.1348886224785906}, "datetime": {"datetime": "2025-05-14 16:32:57", "elapsed": 694.419506, "delta": 6.860992}}
{"target": 1.4801574527207588, "params": {"x0": 1.0766209703788734, "x1": 1.0978886131505126, "x2": 9.059021513382596, "x3": 0.2464873701507606, "x4": 8.705496485398475, "x5": 16.34783704948589, "x6": 16.77306994196178, "x7": 17.177343942316053, "x8": 0.1424170320329145, "x9": 2.1377282569399525}, "datetime": {"datetime": "2025-05-14 16:33:04", "elapsed": 701.309135, "delta": 6.889629}}
{"target": 1.4816102388558416, "params": {"x0": 1.0763117657375252, "x1": 1.0922684106148544, "x2": 9.064653436672762, "x3": 0.2399480265410744, "x4": 8.709212704360663, "x5": 16.342336660138226, "x6": 16.80568459887651, "x7": 17.18170407225635, "x8": 0.1443133142812699, "x9": 2.1397160010629057}, "datetime": {"datetime": "2025-05-14 16:33:11", "elapsed": 708.490017, "delta": 7.180882}}
{"target": 1.484826996569721, "params": {"x0": 1.076528208986469, "x1": 1.0866482080791962, "x2": 9.060711090369646, "x3": 0.23340868293138817, "x4": 8.71292892332285, "x5": 16.336836270790563, "x6": 16.83829925579124, "x7": 17.186064202196643, "x8": 0.14620959652962529, "x9": 2.1377282569399525}, "datetime": {"datetime": "2025-05-14 16:33:18", "elapsed": 715.449768, "delta": 6.959751}}
{"target": 1.4861544861885443, "params": {"x0": 1.0766797192607296, "x1": 1.0922684106148544, "x2": 9.057951447957464, "x3": 0.2399480265410744, "x4": 8.709212704360663, "x5": 16.3313358814429, "x6": 16.870913912705973, "x7": 17.19042433213694, "x8": 0.14810587877798068, "x9": 2.1391196778260197}, "datetime": {"datetime": "2025-05-14 16:33:25", "elapsed": 722.385282, "delta": 6.935514}}
{"target": 1.4889885838843975, "params": {"x0": 1.0768312295349902, "x1": 1.0883342688398936, "x2": 9.055191805545283, "x3": 0.24452556706785475, "x4": 8.711814057634195, "x5": 16.336836270790563, "x6": 16.903528569620704, "x7": 17.194784462077234, "x8": 0.15000216102633607, "x9": 2.140093672446267}, "datetime": {"datetime": "2025-05-14 16:33:32", "elapsed": 729.33808, "delta": 6.952798}}
{"target": 1.4910864272637103, "params": {"x0": 1.0769827398092509, "x1": 1.085580369597421, "x2": 9.052432163133101, "x3": 0.2491031075946351, "x4": 8.713635004925667, "x5": 16.340686543333927, "x6": 16.936143226535435, "x7": 17.19914459201753, "x8": 0.15189844327469146, "x9": 2.1391196778260197}, "datetime": {"datetime": "2025-05-14 16:33:39", "elapsed": 736.054914, "delta": 6.716834}}
{"target": 1.4926272989866851, "params": {"x0": 1.0771342500835115, "x1": 1.0828264703549486, "x2": 9.04967252072092, "x3": 0.24452556706785475, "x4": 8.711814057634195, "x5": 16.34453681587729, "x6": 16.968757883450166, "x7": 17.203504721957824, "x8": 0.15379472552304685, "x9": 2.138437881591847}, "datetime": {"datetime": "2025-05-14 16:33:46", "elapsed": 742.853532, "delta": 6.798618}}
{"target": 1.4945472117598668, "params": {"x0": 1.0772857603577721, "x1": 1.0800725711124761, "x2": 9.046912878308738, "x3": 0.247729845436601, "x4": 8.710539394530164, "x5": 16.340686543333927, "x6": 17.001372540364898, "x7": 17.19914459201753, "x8": 0.15569100777140224, "x9": 2.137756085357674}, "datetime": {"datetime": "2025-05-14 16:33:52", "elapsed": 749.624894, "delta": 6.771362}}
{"target": 1.4970757478761163, "params": {"x0": 1.0774372706320328, "x1": 1.0773186718700036, "x2": 9.044153235896557, "x3": 0.2499728402947234, "x4": 8.709264731426133, "x5": 16.337991352553573, "x6": 17.03398719727963, "x7": 17.196092501059322, "x8": 0.15758729001975763, "x9": 2.137074289123501}, "datetime": {"datetime": "2025-05-14 16:33:59", "elapsed": 756.431814, "delta": 6.80692}}
{"target": 1.4997550852682164, "params": {"x0": 1.0775887809062934, "x1": 1.0800725711124761, "x2": 9.041393593484376, "x3": 0.25221583515284574, "x4": 8.707990068322102, "x5": 16.33529616177322, "x6": 17.06660185419436, "x7": 17.193040410101116, "x8": 0.15948357226811302, "x9": 2.136392492889328}, "datetime": {"datetime": "2025-05-14 16:34:06", "elapsed": 763.290424, "delta": 6.85861}}
{"target": 1.4987522810794562, "params": {"x0": 1.077740291180554, "x1": 1.0820003005822068, "x2": 9.038633951072194, "x3": 0.2544588300109681, "x4": 8.706715405218072, "x5": 16.332600970992864, "x6": 17.09921651110909, "x7": 17.196092501059322, "x8": 0.1613798545164684, "x9": 2.135710696655155}, "datetime": {"datetime": "2025-05-14 16:34:13", "elapsed": 770.278936, "delta": 6.988512}}
{"target": 1.4998559829739893, "params": {"x0": 1.077725140153128, "x1": 1.0783376145897186, "x2": 9.038909915313413, "x3": 0.2542345305251559, "x4": 8.70913726511573, "x5": 16.337721833475538, "x6": 17.095955045417618, "x7": 17.19029352823873, "x8": 0.16119022629163288, "x9": 2.1370061095000836}, "datetime": {"datetime": "2025-05-14 16:34:20", "elapsed": 777.211186, "delta": 6.93225}}
{"target": 1.5008665492512212, "params": {"x0": 1.0778410455129375, "x1": 1.0768629015453746, "x2": 9.036798788868094, "x3": 0.2559504215916195, "x4": 8.710112382390314, "x5": 16.339783654422508, "x6": 17.12090525795739, "x7": 17.1879586786557, "x8": 0.16264088221162476, "x9": 2.137527683619226}, "datetime": {"datetime": "2025-05-14 16:34:27", "elapsed": 784.161125, "delta": 6.949939}}
