{"target": 1.5013101624902883, "params": {"x0": 1.077956950872747, "x1": 1.0753881885010306, "x2": 9.034687662422774, "x3": 0.25766631265808315, "x4": 8.711087499664897, "x5": 16.341845475369478, "x6": 17.14585547049716, "x7": 17.18562382907267, "x8": 0.16409153813161664, "x9": 2.1380492577383685}, "datetime": {"datetime": "2025-05-14 16:34:34", "elapsed": 791.230468, "delta": 7.069343}}
{"target": 1.5020690009928428, "params": {"x0": 1.0780728562325563, "x1": 1.0739134754566866, "x2": 9.032576535977455, "x3": 0.2593822037245468, "x4": 8.710112382390314, "x5": 16.34390729631645, "x6": 17.17080568303693, "x7": 17.1879586786557, "x8": 0.16554219405160853, "x9": 2.137527683619226}, "datetime": {"datetime": "2025-05-14 16:34:41", "elapsed": 798.104769, "delta": 6.874301}}
{"target": 1.5062456326583749, "params": {"x0": 1.0781887615923658, "x1": 1.0724387624123426, "x2": 9.030465409532136, "x3": 0.2610980947910104, "x4": 8.709429800298105, "x5": 16.341845475369478, "x6": 17.195755895576703, "x7": 17.18959307336382, "x8": 0.1669928499716004, "x9": 2.1371625817358266}, "datetime": {"datetime": "2025-05-14 16:34:48", "elapsed": 805.079032, "delta": 6.974263}}
{"target": 1.5071083193333372, "params": {"x0": 1.0783046669521752, "x1": 1.0709640493679986, "x2": 9.028354283086816, "x3": 0.26281398585747406, "x4": 8.708747218205897, "x5": 16.3404022007066, "x6": 17.220706108116474, "x7": 17.19122746807194, "x8": 0.1684435058915923, "x9": 2.136797479852427}, "datetime": {"datetime": "2025-05-14 16:34:55", "elapsed": 811.947043, "delta": 6.868011}}
{"target": 1.5088571021270794, "params": {"x0": 1.0784205723119846, "x1": 1.0694893363236546, "x2": 9.026243156641497, "x3": 0.2645298769239377, "x4": 8.708064636113688, "x5": 16.33895892604372, "x6": 17.245656320656245, "x7": 17.19286186278006, "x8": 0.16989416181158418, "x9": 2.1364323779690277}, "datetime": {"datetime": "2025-05-14 16:35:02", "elapsed": 818.966922, "delta": 7.019879}}
{"target": 1.505399761035708, "params": {"x0": 1.078536477671794, "x1": 1.0680146232793106, "x2": 9.024132030196178, "x3": 0.26624576799040134, "x4": 8.70738205402148, "x5": 16.33751565138084, "x6": 17.270606533196016, "x7": 17.19449625748818, "x8": 0.17134481773157606, "x9": 2.1360672760856283}, "datetime": {"datetime": "2025-05-14 16:35:09", "elapsed": 825.932733, "delta": 6.965811}}
{"target": 1.5051593570952162, "params": {"x0": 1.078524887135813, "x1": 1.0681620945837451, "x2": 9.02434314284071, "x3": 0.26607417888375495, "x4": 8.707450312230701, "x5": 16.34025787324031, "x6": 17.26811151194204, "x7": 17.19139090754275, "x8": 0.17119975213957686, "x9": 2.136103786273968}, "datetime": {"datetime": "2025-05-14 16:35:16", "elapsed": 832.86354, "delta": 6.930807}}
{"target": 1.5046980820289206, "params": {"x0": 1.0785144556534303, "x1": 1.068294818757736, "x2": 9.024533144220788, "x3": 0.26591974868777324, "x4": 8.708617527608377, "x5": 16.337789873566788, "x6": 17.22544664849903, "x7": 17.194185722493636, "x8": 0.1710691931067776, "x9": 2.1361366454434743}, "datetime": {"datetime": "2025-05-14 16:35:22", "elapsed": 839.672777, "delta": 6.809237}}
{"target": 1.5080434443978334, "params": {"x0": 1.0785050673192857, "x1": 1.0705644021329814, "x2": 9.027782167820135, "x3": 0.2632789923364857, "x4": 8.707567033768468, "x5": 16.340011073272958, "x6": 17.26384502559774, "x7": 17.19405333652228, "x8": 0.1688366336459101, "x9": 2.1361662186960295}, "datetime": {"datetime": "2025-05-14 16:35:29", "elapsed": 846.650727, "delta": 6.97795}}
{"target": 1.5081664373586525, "params": {"x0": 1.0784966178185555, "x1": 1.0704568955520488, "x2": 9.027628266702271, "x3": 0.2634040807952309, "x4": 8.70761679400299, "x5": 16.339905858550036, "x6": 17.262026155103587, "x7": 17.193934189148056, "x8": 0.1689423864624775, "x9": 2.1361928346233294}, "datetime": {"datetime": "2025-05-14 16:35:36", "elapsed": 853.682901, "delta": 7.032174}}
{"target": 1.5081664373586525, "params": {"x0": 1.0784890132678986, "x1": 1.0703601396292093, "x2": 9.027489755696193, "x3": 0.26351666040810157, "x4": 8.70766157821406, "x5": 16.339811165299402, "x6": 17.260389171658854, "x7": 17.193826956511256, "x8": 0.16903756399738817, "x9": 2.136216788957899}, "datetime": {"datetime": "2025-05-14 16:35:43", "elapsed": 860.52961, "delta": 6.846709}}
{"target": 1.5079504874231837, "params": {"x0": 1.0784821691723072, "x1": 1.0702730592986538, "x2": 9.027365095790724, "x3": 0.2636179820596852, "x4": 8.707701884004022, "x5": 16.339725941373835, "x6": 17.258915886558594, "x7": 17.193730447138137, "x8": 0.16912322377880776, "x9": 2.136238347859012}, "datetime": {"datetime": "2025-05-14 16:35:50", "elapsed": 867.575455, "delta": 7.045845}}
{"target": 1.5090855427145444, "params": {"x0": 1.0784760094862749, "x1": 1.0687839856461554, "x2": 9.027252901875801, "x3": 0.26370917154611045, "x4": 8.707738159214989, "x5": 16.339649239840824, "x6": 17.257589929968358, "x7": 17.19364358870233, "x8": 0.16920031758208542, "x9": 2.136257750870014}, "datetime": {"datetime": "2025-05-14 16:35:57", "elapsed": 874.426819, "delta": 6.851364}}
{"target": 1.5091792112334907, "params": {"x0": 1.0785231310844217, "x1": 1.068184437570281, "x2": 9.02811118532496, "x3": 0.2630115719749573, "x4": 8.707460653851095, "x5": 16.34023600656836, "x6": 17.267733497883654, "x7": 17.194308055736258, "x8": 0.16861054998701147, "x9": 2.1361093178358517}, "datetime": {"datetime": "2025-05-14 16:36:04", "elapsed": 881.447733, "delta": 7.020914}}
{"target": 1.5093837706316193, "params": {"x0": 1.0785702526825685, "x1": 1.0675848894944064, "x2": 9.028969468774118, "x3": 0.2623139724038041, "x4": 8.707183148487202, "x5": 16.340822773295898, "x6": 17.27787706579895, "x7": 17.194972522770186, "x8": 0.16802078239193752, "x9": 2.1359608848016896}, "datetime": {"datetime": "2025-05-14 16:36:11", "elapsed": 888.303241, "delta": 6.855508}}
{"target": 1.509576398757392, "params": {"x0": 1.0786173742807152, "x1": 1.066985341418532, "x2": 9.029827752223277, "x3": 0.26161637283265093, "x4": 8.706905643123308, "x5": 16.341409540023434, "x6": 17.288020633714247, "x7": 17.195636989804115, "x8": 0.16743101479686356, "x9": 2.1358124517675274}, "datetime": {"datetime": "2025-05-14 16:36:18", "elapsed": 895.288575, "delta": 6.985334}}
{"target": 1.509644324816846, "params": {"x0": 1.078664495878862, "x1": 1.0663857933426575, "x2": 9.030686035672435, "x3": 0.26091877326149776, "x4": 8.706628137759415, "x5": 16.34199630675097, "x6": 17.298164201629543, "x7": 17.196301456838043, "x8": 0.1668412472017896, "x9": 2.1356640187333653}, "datetime": {"datetime": "2025-05-14 16:36:25", "elapsed": 902.69864, "delta": 7.410065}}
{"target": 1.509813028065688, "params": {"x0": 1.0787116174770088, "x1": 1.065786245266783, "x2": 9.031544319121593, "x3": 0.2602211736903446, "x4": 8.706350632395521, "x5": 16.342583073478508, "x6": 17.30830776954484, "x7": 17.19696592387197, "x8": 0.16625147960671566, "x9": 2.135515585699203}, "datetime": {"datetime": "2025-05-14 16:36:34", "elapsed": 911.619213, "delta": 8.920573}}
{"target": 1.5052566388124107, "params": {"x0": 1.0787587390751556, "x1": 1.0663857933426575, "x2": 9.032402602570752, "x3": 0.2595235741191914, "x4": 8.706073127031628, "x5": 16.343169840206045, "x6": 17.318451337460136, "x7": 17.1976303909059, "x8": 0.1656617120116417, "x9": 2.135367152665041}, "datetime": {"datetime": "2025-05-14 16:36:43", "elapsed": 919.791416, "delta": 8.172203}}
{"target": 1.5050964591188072, "params": {"x0": 1.0787540269153408, "x1": 1.065246651998496, "x2": 9.032316774225835, "x3": 0.25959333407630675, "x4": 8.706100877568018, "x5": 16.34311116353329, "x6": 17.299178558421072, "x7": 17.197563944202507, "x8": 0.1657206887711491, "x9": 2.1353819959684572}, "datetime": {"datetime": "2025-05-14 16:36:53", "elapsed": 930.014318, "delta": 10.222902}}
{"target": 1.5099697764656033, "params": {"x0": 1.0787497859715076, "x1": 1.0662718792082413, "x2": 9.032239528715412, "x3": 0.2607862293429787, "x4": 8.706575411740275, "x5": 16.342107792429204, "x6": 17.31652405955623, "x7": 17.197504142169453, "x8": 0.16672919135872555, "x9": 2.1356358164568743}, "datetime": {"datetime": "2025-05-14 16:37:10", "elapsed": 946.988517, "delta": 16.974199}}
{"target": 1.5101145622929106, "params": {"x0": 1.0787822291918316, "x1": 1.066684668058481, "x2": 9.032830456870157, "x3": 0.26126652664771766, "x4": 8.706766474183315, "x5": 16.341703803537293, "x6": 17.32350790606591, "x7": 17.197961627722314, "x8": 0.16713524634793397, "x9": 2.135738012600895}, "datetime": {"datetime": "2025-05-14 16:37:18", "elapsed": 955.294951, "delta": 8.306434}}
{"target": 1.5102473789322068, "params": {"x0": 1.0788146724121557, "x1": 1.0670974569087206, "x2": 9.033421385024901, "x3": 0.26174682395245663, "x4": 8.706957536626355, "x5": 16.34129981464538, "x6": 17.33049175257559, "x7": 17.198419113275175, "x8": 0.1675413013371424, "x9": 2.1358402087449155}, "datetime": {"datetime": "2025-05-14 16:37:25", "elapsed": 962.4102, "delta": 7.115249}}
{"target": 1.5102473789322068, "params": {"x0": 1.0788471156324797, "x1": 1.0675102457589603, "x2": 9.034012313179646, "x3": 0.2622271212571956, "x4": 8.707148599069395, "x5": 16.34089582575347, "x6": 17.33747559908527, "x7": 17.198876598828036, "x8": 0.16794735632635083, "x9": 2.135942404888936}, "datetime": {"datetime": "2025-05-14 16:37:32", "elapsed": 969.404156, "delta": 6.993956}}
{"target": 1.5102473789322068, "params": {"x0": 1.0788438713104473, "x1": 1.0674689668739363, "x2": 9.033953220364172, "x3": 0.2621790915267217, "x4": 8.707129492825091, "x5": 16.34093622464266, "x6": 17.336777214434303, "x7": 17.19883085027275, "x8": 0.16790675082742998, "x9": 2.135932185274534}, "datetime": {"datetime": "2025-05-14 16:37:39", "elapsed": 976.234688, "delta": 6.830532}}
{"target": 1.5102473789322068, "params": {"x0": 1.078840951420618, "x1": 1.0674318158774148, "x2": 9.033900036830245, "x3": 0.2621358647692952, "x4": 8.707112297205217, "x5": 16.340972583642934, "x6": 17.33614866824843, "x7": 17.198789676572993, "x8": 0.1678702058784012, "x9": 2.1359229876215724}, "datetime": {"datetime": "2025-05-14 16:37:46", "elapsed": 983.113782, "delta": 6.879094}}
{"target": 1.5102473789322068, "params": {"x0": 1.0788383235197718, "x1": 1.0673983799805453, "x2": 9.03385217164971, "x3": 0.26209696068761135, "x4": 8.707096821147331, "x5": 16.341005306743178, "x6": 17.33558297668115, "x7": 17.198752620243212, "x8": 0.16783731542427535, "x9": 2.1359147097339064}, "datetime": {"datetime": "2025-05-14 16:37:53", "elapsed": 989.944424, "delta": 6.830642}}
{"target": 1.5102473789322068, "params": {"x0": 1.0788359584090104, "x1": 1.0673682876733628, "x2": 9.03380909298723, "x3": 0.26206194701409585, "x4": 8.707082892695233, "x5": 16.3410347575334, "x6": 17.33507385427059, "x7": 17.198719269546405, "x8": 0.16780771401556205, "x9": 2.1359072596350073}, "datetime": {"datetime": "2025-05-14 16:38:00", "elapsed": 996.935409, "delta": 6.990985}}
{"target": 1.5102473789322068, "params": {"x0": 1.0788338298093247, "x1": 1.0673412045968986, "x2": 9.033770322190996, "x3": 0.26203043470793197, "x4": 8.707070357088346, "x5": 16.341061263244598, "x6": 17.334615644101092, "x7": 17.198689253919284, "x8": 0.16778107274772008, "x9": 2.1359005545459984}, "datetime": {"datetime": "2025-05-14 16:38:07", "elapsed": 1003.956619, "delta": 7.02121}}
{"target": 1.5102473789322068, "params": {"x0": 1.0788319140696079, "x1": 1.0673168298280808, "x2": 9.033735428474387, "x3": 0.2620020736323844, "x4": 8.707059075042148, "x5": 16.341085118384676, "x6": 17.33420325494854, "x7": 17.198662239854873, "x8": 0.16775709560666233, "x9": 2.13589451996589}, "datetime": {"datetime": "2025-05-14 16:38:14", "elapsed": 1010.917374, "delta": 6.960755}}
{"target": 1.5102473789322068, "params": {"x0": 1.0788301899038626, "x1": 1.0672948925361447, "x2": 9.033704024129438, "x3": 0.26197654866439163, "x4": 8.707048921200567, "x5": 16.341106588010746, "x6": 17.333832104711245, "x7": 17.198637927196902, "x8": 0.16773551617971033, "x9": 2.1358890888437925}, "datetime": {"datetime": "2025-05-14 16:38:21", "elapsed": 1018.000406, "delta": 7.083032}}
{"target": 1.5102473789322068, "params": {"x0": 1.0788286381546919, "x1": 1.0672751489734023, "x2": 9.033675760218985, "x3": 0.26195357619319815, "x4": 8.707039782743147, "x5": 16.34112591067421, "x6": 17.33349806949768, "x7": 17.19861604580473, "x8": 0.16771609469545354, "x9": 2.135884200833905}, "datetime": {"datetime": "2025-05-14 16:38:28", "elapsed": 1025.017296, "delta": 7.01689}}
{"target": 1.5102473789322068, "params": {"x0": 1.0788272415804383, "x1": 1.0672573797669342, "x2": 9.033650322699577, "x3": 0.26193290096912397, "x4": 8.707031558131467, "x5": 16.341143301071327, "x6": 17.33319743780547, "x7": 17.198596352551775, "x8": 0.1676986153596224, "x9": 2.135879801625006}, "datetime": {"datetime": "2025-05-14 16:38:35", "elapsed": 1032.045772, "delta": 7.028476}}
{"target": 1.5102473789322068, "params": {"x0": 1.0788259846636101, "x1": 1.0672413874811129, "x2": 9.033627428932109, "x3": 0.26191429326745724, "x4": 8.707024155980957, "x5": 16.34115895242873, "x6": 17.332926869282485, "x7": 17.198578628624116, "x8": 0.1676828839573744, "x9": 2.135875842336997}, "datetime": {"datetime": "2025-05-14 16:38:42", "elapsed": 1039.060964, "delta": 7.015192}}
{"target": 1.5102473789322068, "params": {"x0": 1.0788248534384646, "x1": 1.0672269944238737, "x2": 9.033606824541389, "x3": 0.2618975463359572, "x4": 8.707017494045497, "x5": 16.341173038650396, "x6": 17.332683357611792, "x7": 17.19856267708922, "x8": 0.1676687256953512, "x9": 2.135872278977789}, "datetime": {"datetime": "2025-05-14 16:38:49", "elapsed": 1046.097851, "delta": 7.036887}}
{"target": 1.5102473789322068, "params": {"x0": 1.0788238353358337, "x1": 1.0672140406723583, "x2": 9.03358828058974, "x3": 0.2618824740976071, "x4": 8.707011498303581, "x5": 16.341185716249896, "x6": 17.332464197108173, "x7": 17.198548320707815, "x8": 0.16765598325953032, "x9": 2.1358690719545015}, "datetime": {"datetime": "2025-05-14 16:38:56", "elapsed": 1053.101074, "delta": 7.003223}}
{"target": 1.5102473789322068, "params": {"x0": 1.078822919043466, "x1": 1.0672023822959946, "x2": 9.033571591033256, "x3": 0.26186890908309207, "x4": 8.707006102135859, "x5": 16.341197126089444, "x6": 17.332266952654916, "x7": 17.198535399964552, "x8": 0.16764451506729153, "x9": 2.135866185633543}, "datetime": {"datetime": "2025-05-14 16:39:03", "elapsed": 1060.262632, "delta": 7.161558}}
{"target": 1.5102473789322068, "params": {"x0": 1.0788220943803348, "x1": 1.0671918897572672, "x2": 9.03355657043242, "x3": 0.2618567005700285, "x4": 8.707001245584909, "x5": 16.341207394945037, "x6": 17.33208943264698, "x7": 17.198523771295616, "x8": 0.16763419369427662, "x9": 2.13586358794468}, "datetime": {"datetime": "2025-05-14 16:39:10", "elapsed": 1067.259548, "delta": 6.996916}}
{"target": 1.5102473789322068, "params": {"x0": 1.078821352183517, "x1": 1.0671824464724124, "x2": 9.033543051891668, "x3": 0.26184571290827136, "x4": 8.706996874689054, "x5": 16.34121663691507, "x6": 17.331929664639844, "x7": 17.19851330549357, "x8": 0.1676249044585632, "x9": 2.135861250024704}, "datetime": {"datetime": "2025-05-14 16:39:17", "elapsed": 1074.235602, "delta": 6.976054}}
{"target": 1.5102473789322068, "params": {"x0": 1.0788206842063808, "x1": 1.0671739475160433, "x2": 9.033530885204993, "x3": 0.2618358240126899, "x4": 8.706992940882783, "x5": 16.341224954688105, "x6": 17.331785873433418, "x7": 17.19850388627173, "x8": 0.16761654414642113, "x9": 2.135859145896725}, "datetime": {"datetime": "2025-05-14 16:39:24", "elapsed": 1081.287519, "delta": 7.051917}}
{"target": 1.5102473789322068, "params": {"x0": 1.0788200830269583, "x1": 1.067166298455311, "x2": 9.033519935186982, "x3": 0.2618269240066666, "x4": 8.706989400457141, "x5": 16.341232440683832, "x6": 17.331656461347634, "x7": 17.198495408972075, "x8": 0.16760901986549326, "x9": 2.1358572521815438}, "datetime": {"datetime": "2025-05-14 16:39:31", "elapsed": 1088.385208, "delta": 7.097689}}
{"target": 1.5102473789322068, "params": {"x0": 1.078819541965478, "x1": 1.067159414300652, "x2": 9.033510080170775, "x3": 0.2618189140012456, "x4": 8.706986214074062, "x5": 16.341239178079988, "x6": 17.331539990470432, "x7": 17.198487779402384, "x8": 0.16760224801265816, "x9": 2.135855547837881}, "datetime": {"datetime": "2025-05-14 16:39:38", "elapsed": 1095.47211, "delta": 7.086902}}
{"target": 1.5102473789322068, "params": {"x0": 1.0788190550101457, "x1": 1.067153218561459, "x2": 9.033501210656187, "x3": 0.2618117049963667, "x4": 8.706983346329292, "x5": 16.341245241736527, "x6": 17.331435166680947, "x7": 17.198480912789666, "x8": 0.16759615334510658, "x9": 2.1358540139285846}, "datetime": {"datetime": "2025-05-14 16:39:45", "elapsed": 1102.398057, "delta": 6.925947}}
{"target": 1.5102473789322068, "params": {"x0": 1.0788186167503468, "x1": 1.067147642396185, "x2": 9.033493228093059, "x3": 0.26180521689197567, "x4": 8.706980765358997, "x5": 16.341250699027412, "x6": 17.33134082527041, "x7": 17.198474732838214, "x8": 0.16759066814431017, "x9": 2.1358526334102175}, "datetime": {"datetime": "2025-05-14 16:39:52", "elapsed": 1109.322661, "delta": 6.924604}}
{"target": 1.5102473789322068, "params": {"x0": 1.0788182223165277, "x1": 1.0671426238474386, "x2": 9.033486043786244, "x3": 0.26179937759802374, "x4": 8.706978442485733, "x5": 16.341255610589208, "x6": 17.331255918000927, "x7": 17.19846917088191, "x8": 0.1675857314635934, "x9": 2.1358513909436874}, "datetime": {"datetime": "2025-05-14 16:39:59", "elapsed": 1116.332644, "delta": 7.009983}}
{"target": 1.5102473789322068, "params": {"x0": 1.0788178673260904, "x1": 1.0671381071535668, "x2": 9.033479577910109, "x3": 0.26179412223346704, "x4": 8.706976351899796, "x5": 16.341260030994825, "x6": 17.331179501458394, "x7": 17.198464165121237, "x8": 0.1675812884509483, "x9": 2.1358502727238102}, "datetime": {"datetime": "2025-05-14 16:40:06", "elapsed": 1123.480109, "delta": 7.147465}}
{"target": 1.5102473789322068, "params": {"x0": 1.078817547834697, "x1": 1.0671340421290822, "x2": 9.033473758621588, "x3": 0.26178939240536603, "x4": 8.706974470372451, "x5": 16.341264009359882, "x6": 17.331110726570113, "x7": 17.19845965993663, "x8": 0.1675772897395677, "x9": 2.1358492663259208}, "datetime": {"datetime": "2025-05-14 16:40:14", "elapsed": 1131.097403, "delta": 7.617294}}
{"target": 1.5102473789322068, "params": {"x0": 1.0788172602924428, "x1": 1.067130383607046, "x2": 9.03346852126192, "x3": 0.26178513556007504, "x4": 8.706972776997842, "x5": 16.34126758988843, "x6": 17.331048829170662, "x7": 17.198455605270485, "x8": 0.16757369089932517, "x9": 2.1358483605678202}, "datetime": {"datetime": "2025-05-14 16:40:21", "elapsed": 1138.528454, "delta": 7.431051}}
{"target": 1.5102473789322068, "params": {"x0": 1.078817001504414, "x1": 1.0671270909372135, "x2": 9.033463807638217, "x3": 0.26178130439931324, "x4": 8.706971252960694, "x5": 16.341270812364126, "x6": 17.330993121511156, "x7": 17.198451956070954, "x8": 0.1675704519431069, "x9": 2.1358475453855297}, "datetime": {"datetime": "2025-05-14 16:40:29", "elapsed": 1145.910167, "delta": 7.381713}}
{"target": 1.5102473789322068, "params": {"x0": 1.0788167685951884, "x1": 1.0671241275343641, "x2": 9.033459565376885, "x3": 0.2617778563546276, "x4": 8.70696988132726, "x5": 16.34127371259225, "x6": 17.330942984617597, "x7": 17.198448671791375, "x8": 0.16756753688251044, "x9": 2.135846811721468}, "datetime": {"datetime": "2025-05-14 16:40:36", "elapsed": 1153.394034, "delta": 7.483867}}
{"target": 1.5102473789322068, "params": {"x0": 1.078816558976885, "x1": 1.0671214604717998, "x2": 9.033455747341687, "x3": 0.26177475311441045, "x4": 8.706968646857169, "x5": 16.341276322797565, "x6": 17.330897861413398, "x7": 17.19844571593976, "x8": 0.16756491332797363, "x9": 2.135846151423813}, "datetime": {"datetime": "2025-05-14 16:40:43", "elapsed": 1160.620155, "delta": 7.226121}}
{"target": 1.5102473789322068, "params": {"x0": 1.078816370320412, "x1": 1.0671190601154918, "x2": 9.03345231111001, "x3": 0.2617719601982151, "x4": 8.706967535834087, "x5": 16.341278671982348, "x6": 17.330857250529615, "x7": 17.198443055673298, "x8": 0.1675625521288905, "x9": 2.1358455571559234}, "datetime": {"datetime": "2025-05-14 16:40:51", "elapsed": 1168.077318, "delta": 7.457163}}
{"target": 1.5102473789322068, "params": {"x0": 1.0788162005295865, "x1": 1.0671168997948148, "x2": 9.033449218501499, "x3": 0.26176944657363926, "x4": 8.706966535913315, "x5": 16.34128078624865, "x6": 17.330820700734215, "x7": 17.198440661433487, "x8": 0.16756042704971572, "x9": 2.1358450223148226}, "datetime": {"datetime": "2025-05-14 16:40:59", "elapsed": 1175.914779, "delta": 7.837461}}
{"target": 1.5102473789322068, "params": {"x0": 1.0788160477178435, "x1": 1.0671149555062054, "x2": 9.033446435153838, "x3": 0.26176718431152096, "x4": 8.706965635984618, "x5": 16.341282689088324, "x6": 17.33078780591835, "x7": 17.198438506617656, "x8": 0.16755851447845838, "x9": 2.135844540957832}, "datetime": {"datetime": "2025-05-14 16:41:06", "elapsed": 1183.555729, "delta": 7.64095}}
{"target": 1.5102473789322068, "params": {"x0": 1.0788159101872745, "x1": 1.067113205646457, "x2": 9.033443930140944, "x3": 0.26176514827561453, "x4": 8.706964826048791, "x5": 16.341284401644028, "x6": 17.330758200584075, "x7": 17.19843656728341, "x8": 0.16755679316432678, "x9": 2.13584410773654}, "datetime": {"datetime": "2025-05-14 16:41:14", "elapsed": 1190.929899, "delta": 7.37417}}
{"target": 1.5102473789322068, "params": {"x0": 1.0788157864097627, "x1": 1.0671116307726833, "x2": 9.03344167562934, "x3": 0.26176331584329876, "x4": 8.706964097106548, "x5": 16.341285942944165, "x6": 17.330731555783228, "x7": 17.198434821882586, "x8": 0.16755524398160834, "x9": 2.135843717837378}, "datetime": {"datetime": "2025-05-14 16:41:21", "elapsed": 1198.274779, "delta": 7.34488}}
