{"target": 1.5102473789322068, "params": {"x0": 1.0788146701320227, "x1": 1.0670974836070872, "x2": 9.033421431389785, "x3": 0.2617468466411922, "x4": 8.706957540843922, "x5": 16.341299812777745, "x6": 17.33049228410278, "x7": 17.198419133399433, "x8": 0.1675413342370441, "x9": 2.135840203154511}, "datetime": {"datetime": "2025-05-14 16:48:36", "elapsed": 1633.160028, "delta": 7.799187}}
{"target": 1.5102473789322068, "params": {"x0": 1.0788146741610352, "x1": 1.0670974871206216, "x2": 9.033421411911165, "x3": 0.26174682803791505, "x4": 8.706957532815139, "x5": 16.341299805353007, "x6": 17.330492245389443, "x7": 17.19841913573887, "x8": 0.1675413306886003, "x9": 2.1358402118868174}, "datetime": {"datetime": "2025-05-14 16:48:44", "elapsed": 1641.317628, "delta": 8.1576}}
{"target": 1.5102473789322068, "params": {"x0": 1.0788146745297447, "x1": 1.0670974813718546, "x2": 9.033421424570781, "x3": 0.26174682027790347, "x4": 8.706957541615592, "x5": 16.34129980182964, "x6": 17.330492221334683, "x7": 17.198419110262385, "x8": 0.16754132419972947, "x9": 2.135840203663986}, "datetime": {"datetime": "2025-05-14 16:48:52", "elapsed": 1648.953665, "delta": 7.636037}}
{"target": 1.5102473789322068, "params": {"x0": 1.0788146742539142, "x1": 1.0670974785257628, "x2": 9.033421409909897, "x3": 0.2617468480688994, "x4": 8.706957532567719, "x5": 16.341299820659472, "x6": 17.330492183080047, "x7": 17.19841912393849, "x8": 0.1675413236700854, "x9": 2.1358402034352473}, "datetime": {"datetime": "2025-05-14 16:48:59", "elapsed": 1656.603838, "delta": 7.650173}}
{"target": 1.5102473789322068, "params": {"x0": 1.078814670849536, "x1": 1.0670974794116301, "x2": 9.033421412991379, "x3": 0.2617468389879424, "x4": 8.706957532915107, "x5": 16.34129979957021, "x6": 17.330492103451366, "x7": 17.198419134304398, "x8": 0.16754132279900374, "x9": 2.135840210947268}, "datetime": {"datetime": "2025-05-14 16:49:07", "elapsed": 1664.185167, "delta": 7.581329}}
{"target": 1.5102473789322068, "params": {"x0": 1.078814671478732, "x1": 1.0670974759281644, "x2": 9.033421414488128, "x3": 0.26174680564966935, "x4": 8.706957545988574, "x5": 16.3412998056883, "x6": 17.33049210021584, "x7": 17.198419113024052, "x8": 0.16754131305505915, "x9": 2.1358402111730377}, "datetime": {"datetime": "2025-05-14 16:49:15", "elapsed": 1671.831346, "delta": 7.646179}}
{"target": 1.5102473789322068, "params": {"x0": 1.0788146736042243, "x1": 1.0670974678401477, "x2": 9.033421399588685, "x3": 0.26174684161900796, "x4": 8.706957541670093, "x5": 16.34129982720288, "x6": 17.33049205307879, "x7": 17.198419118087614, "x8": 0.16754131837827502, "x9": 2.135840212568871}, "datetime": {"datetime": "2025-05-14 16:49:22", "elapsed": 1679.515243, "delta": 7.683897}}
{"target": 1.5102473789322068, "params": {"x0": 1.07881467338299, "x1": 1.0670974647500648, "x2": 9.033421408346253, "x3": 0.261746843374383, "x4": 8.706957543587514, "x5": 16.341299810737812, "x6": 17.33049202265739, "x7": 17.198419109266425, "x8": 0.1675413152973487, "x9": 2.135840211027937}, "datetime": {"datetime": "2025-05-14 16:49:30", "elapsed": 1687.08746, "delta": 7.572217}}
{"target": 1.5102473789322068, "params": {"x0": 1.0788146718225178, "x1": 1.0670974691357358, "x2": 9.033421398664222, "x3": 0.2617468405052981, "x4": 8.706957543241728, "x5": 16.341299800102227, "x6": 17.33049197688727, "x7": 17.198419096885598, "x8": 0.16754131591856533, "x9": 2.1358402092454125}, "datetime": {"datetime": "2025-05-14 16:49:37", "elapsed": 1694.658334, "delta": 7.570874}}
{"target": 1.5102473789322068, "params": {"x0": 1.0788146717771996, "x1": 1.0670974672676319, "x2": 9.033421403168864, "x3": 0.2617468111716146, "x4": 8.70695753729162, "x5": 16.341299803502764, "x6": 17.33049198022841, "x7": 17.1984191246903, "x8": 0.16754131432994737, "x9": 2.1358402109843717}, "datetime": {"datetime": "2025-05-14 16:49:45", "elapsed": 1702.624213, "delta": 7.965879}}
{"target": 1.5102473789322068, "params": {"x0": 1.0788146719953358, "x1": 1.0670974676328058, "x2": 9.033421401905647, "x3": 0.2617468274802872, "x4": 8.7069575417857, "x5": 16.341299819276422, "x6": 17.330491944622192, "x7": 17.198419107506083, "x8": 0.1675413098240923, "x9": 2.13584021062002}, "datetime": {"datetime": "2025-05-14 16:49:53", "elapsed": 1710.406181, "delta": 7.781968}}
{"target": 1.5102473789322068, "params": {"x0": 1.0788146726407333, "x1": 1.067097461116651, "x2": 9.033421397566679, "x3": 0.26174683358627593, "x4": 8.706957535535505, "x5": 16.341299816038887, "x6": 17.330491931290606, "x7": 17.19841911756367, "x8": 0.16754131192626887, "x9": 2.1358402101430287}, "datetime": {"datetime": "2025-05-14 16:50:01", "elapsed": 1718.454946, "delta": 8.048765}}
{"target": 1.5102473789322068, "params": {"x0": 1.0788146716663727, "x1": 1.0670974662273696, "x2": 9.033421393626577, "x3": 0.26174682966994167, "x4": 8.706957540072114, "x5": 16.341299807014625, "x6": 17.330491912565545, "x7": 17.19841911537959, "x8": 0.16754130909144815, "x9": 2.1358402063092785}, "datetime": {"datetime": "2025-05-14 16:50:09", "elapsed": 1726.021472, "delta": 7.566526}}
{"target": 1.5102473789322068, "params": {"x0": 1.078814672058648, "x1": 1.067097464732514, "x2": 9.03342139706171, "x3": 0.26174683099145574, "x4": 8.706957537523422, "x5": 16.341299819998397, "x6": 17.330491900286223, "x7": 17.198419112643542, "x8": 0.16754130753619217, "x9": 2.1358402106816667}, "datetime": {"datetime": "2025-05-14 16:50:16", "elapsed": 1733.618628, "delta": 7.597156}}
{"target": 1.5102473789322068, "params": {"x0": 1.0788146729027521, "x1": 1.0670974647062337, "x2": 9.033421395497086, "x3": 0.26174681713339953, "x4": 8.706957538448554, "x5": 16.3412998076813, "x6": 17.33049188754706, "x7": 17.198419105168124, "x8": 0.16754130738612713, "x9": 2.1358402099253486}, "datetime": {"datetime": "2025-05-14 16:50:24", "elapsed": 1741.452111, "delta": 7.833483}}
{"target": 1.5102473789322068, "params": {"x0": 1.0788146721432414, "x1": 1.0670974640202338, "x2": 9.033421394501492, "x3": 0.26174682697188034, "x4": 8.706957538989167, "x5": 16.341299808719015, "x6": 17.33049186093973, "x7": 17.198419107198877, "x8": 0.1675413082559499, "x9": 2.1358402089023563}, "datetime": {"datetime": "2025-05-14 16:50:32", "elapsed": 1749.261794, "delta": 7.809683}}
{"target": 1.5102473789322068, "params": {"x0": 1.0788146725597676, "x1": 1.067097463176698, "x2": 9.03342139392401, "x3": 0.26174682364006496, "x4": 8.706957536844586, "x5": 16.341299817126263, "x6": 17.330491861645946, "x7": 17.198419115833072, "x8": 0.16754130465808645, "x9": 2.1358402088305186}, "datetime": {"datetime": "2025-05-14 16:50:40", "elapsed": 1757.417349, "delta": 8.155555}}
{"target": 1.5102473789322068, "params": {"x0": 1.0788146727908823, "x1": 1.0670974617417088, "x2": 9.033421392624037, "x3": 0.26174683036458396, "x4": 8.706957539076638, "x5": 16.341299818827448, "x6": 17.33049184924682, "x7": 17.198419110135347, "x8": 0.16754130640557036, "x9": 2.135840209271375}, "datetime": {"datetime": "2025-05-14 16:50:48", "elapsed": 1765.439507, "delta": 8.022158}}
{"target": 1.5102473789322068, "params": {"x0": 1.0788146721628646, "x1": 1.0670974609224202, "x2": 9.033421390867595, "x3": 0.26174682860625714, "x4": 8.706957538099811, "x5": 16.341299818171493, "x6": 17.330491838201606, "x7": 17.198419108601627, "x8": 0.16754130640145717, "x9": 2.135840208145231}, "datetime": {"datetime": "2025-05-14 16:50:56", "elapsed": 1773.371236, "delta": 7.931729}}
{"target": 1.5102473789322068, "params": {"x0": 1.0788146726293044, "x1": 1.0670974614539765, "x2": 9.033421391626215, "x3": 0.2617468242622044, "x4": 8.706957536619, "x5": 16.34129981131216, "x6": 17.330491821709252, "x7": 17.198419109501764, "x8": 0.16754130572490325, "x9": 2.1358402098796505}, "datetime": {"datetime": "2025-05-14 16:51:04", "elapsed": 1781.290244, "delta": 7.919008}}
{"target": 1.5102473789322068, "params": {"x0": 1.0788146721617053, "x1": 1.0670974581717272, "x2": 9.033421390709558, "x3": 0.2617468260860755, "x4": 8.706957538229462, "x5": 16.341299812921157, "x6": 17.33049182406907, "x7": 17.19841911683436, "x8": 0.16754130481474816, "x9": 2.135840208823955}, "datetime": {"datetime": "2025-05-14 16:51:12", "elapsed": 1789.156232, "delta": 7.865988}}
{"target": 1.5102473789322068, "params": {"x0": 1.078814672598935, "x1": 1.067097459805676, "x2": 9.033421389764706, "x3": 0.2617468280307424, "x4": 8.706957537846048, "x5": 16.341299813258683, "x6": 17.330491807997884, "x7": 17.198419111408196, "x8": 0.1675413046423441, "x9": 2.135840208525497}, "datetime": {"datetime": "2025-05-14 16:51:20", "elapsed": 1797.020027, "delta": 7.863795}}
{"target": 1.5102473789322068, "params": {"x0": 1.0788146723177097, "x1": 1.0670974594757179, "x2": 9.033421389456795, "x3": 0.2617468276825715, "x4": 8.706957535619939, "x5": 16.341299813690387, "x6": 17.330491808151574, "x7": 17.198419110095106, "x8": 0.16754130467118725, "x9": 2.1358402087650354}, "datetime": {"datetime": "2025-05-14 16:51:28", "elapsed": 1804.951325, "delta": 7.931298}}
{"target": 1.5102473789322068, "params": {"x0": 1.0788146725152483, "x1": 1.067097458931125, "x2": 9.033421388273561, "x3": 0.26174682353922574, "x4": 8.706957537285598, "x5": 16.341299812265337, "x6": 17.330491804927828, "x7": 17.19841911062616, "x8": 0.1675413041058044, "x9": 2.1358402080705594}, "datetime": {"datetime": "2025-05-14 16:51:35", "elapsed": 1812.659724, "delta": 7.708399}}
{"target": 1.5102473789322068, "params": {"x0": 1.07881467230131, "x1": 1.0670974580531887, "x2": 9.033421388047035, "x3": 0.2617468252261432, "x4": 8.706957537339882, "x5": 16.341299815266535, "x6": 17.330491798163976, "x7": 17.198419113970367, "x8": 0.16754130393977426, "x9": 2.1358402089007873}, "datetime": {"datetime": "2025-05-14 16:51:43", "elapsed": 1820.234369, "delta": 7.574645}}
{"target": 1.5102473789322068, "params": {"x0": 1.0788146722974326, "x1": 1.0670974578989219, "x2": 9.033421388517212, "x3": 0.2617468259689626, "x4": 8.70695753736643, "x5": 16.34129981439897, "x6": 17.33049179293102, "x7": 17.198419113301654, "x8": 0.1675413033953931, "x9": 2.1358402090346558}, "datetime": {"datetime": "2025-05-14 16:51:51", "elapsed": 1827.860527, "delta": 7.626158}}
{"target": 1.5102473789322068, "params": {"x0": 1.0788146724869943, "x1": 1.067097458363523, "x2": 9.033421388141715, "x3": 0.26174682253579135, "x4": 8.706957537079823, "x5": 16.341299814117537, "x6": 17.330491788686373, "x7": 17.198419114464464, "x8": 0.16754130352543, "x9": 2.1358402091162603}, "datetime": {"datetime": "2025-05-14 16:51:59", "elapsed": 1836.073565, "delta": 8.213038}}
{"target": 1.5102473789322068, "params": {"x0": 1.0788146724854344, "x1": 1.0670974585993767, "x2": 9.033421386309705, "x3": 0.2617468245496503, "x4": 8.70695753617922, "x5": 16.341299814251766, "x6": 17.33049178667459, "x7": 17.198419114399705, "x8": 0.16754130330613548, "x9": 2.1358402087874975}, "datetime": {"datetime": "2025-05-14 16:52:07", "elapsed": 1843.983745, "delta": 7.91018}}
{"target": 1.5102473789322068, "params": {"x0": 1.0788146724004453, "x1": 1.06709745862905, "x2": 9.03342138744134, "x3": 0.26174682463955873, "x4": 8.7069575373698, "x5": 16.341299815607517, "x6": 17.330491783224293, "x7": 17.198419111671576, "x8": 0.1675413027208074, "x9": 2.13584020877631}, "datetime": {"datetime": "2025-05-14 16:52:15", "elapsed": 1852.0402, "delta": 8.056455}}
{"target": 1.5102473789322068, "params": {"x0": 1.0788146723495826, "x1": 1.0670974585304882, "x2": 9.033421386784557, "x3": 0.26174682551549083, "x4": 8.706957536978505, "x5": 16.34129981350475, "x6": 17.330491779509615, "x7": 17.19841911158242, "x8": 0.16754130261583267, "x9": 2.135840208639252}, "datetime": {"datetime": "2025-05-14 16:52:22", "elapsed": 1859.638258, "delta": 7.598058}}
{"target": 1.5102473789322068, "params": {"x0": 1.0788146723931242, "x1": 1.0670974578660137, "x2": 9.033421386615464, "x3": 0.2617468253187847, "x4": 8.706957536439187, "x5": 16.34129981367386, "x6": 17.330491775773698, "x7": 17.198419114701007, "x8": 0.1675413027461405, "x9": 2.1358402090615773}, "datetime": {"datetime": "2025-05-14 16:52:31", "elapsed": 1867.80222, "delta": 8.163962}}
{"target": 1.5102473789322068, "params": {"x0": 1.07881467231859, "x1": 1.0670974577024928, "x2": 9.033421386753014, "x3": 0.26174682469822536, "x4": 8.70695753699931, "x5": 16.34129981524862, "x6": 17.330491773711245, "x7": 17.198419112711477, "x8": 0.16754130251520777, "x9": 2.1358402090469197}, "datetime": {"datetime": "2025-05-14 16:52:39", "elapsed": 1876.113879, "delta": 8.311659}}
{"target": 1.5102473789322068, "params": {"x0": 1.0788146724432963, "x1": 1.0670974578731376, "x2": 9.033421386096302, "x3": 0.26174682428530033, "x4": 8.70695753658879, "x5": 16.34129981445535, "x6": 17.33049177219821, "x7": 17.198419113325212, "x8": 0.16754130244424775, "x9": 2.1358402085157415}, "datetime": {"datetime": "2025-05-14 16:52:47", "elapsed": 1884.450734, "delta": 8.336855}}
{"target": 1.5102473789322068, "params": {"x0": 1.0788146724701173, "x1": 1.0670974578796528, "x2": 9.033421386552874, "x3": 0.26174682508631925, "x4": 8.706957536265133, "x5": 16.341299814854043, "x6": 17.330491769515483, "x7": 17.19841911429306, "x8": 0.16754130225841743, "x9": 2.135840208547208}, "datetime": {"datetime": "2025-05-14 16:52:56", "elapsed": 1892.789244, "delta": 8.33851}}
{"target": 1.5102473789322068, "params": {"x0": 1.078814672428053, "x1": 1.0670974573708787, "x2": 9.033421386270716, "x3": 0.26174682508157454, "x4": 8.706957536661873, "x5": 16.341299815526625, "x6": 17.330491768755177, "x7": 17.198419113119044, "x8": 0.16754130221391364, "x9": 2.135840208554883}, "datetime": {"datetime": "2025-05-14 16:53:03", "elapsed": 1900.574664, "delta": 7.78542}}
{"target": 1.5102473789322068, "params": {"x0": 1.078814672385986, "x1": 1.067097457314108, "x2": 9.033421386186008, "x3": 0.2617468245239075, "x4": 8.706957536948467, "x5": 16.341299814966423, "x6": 17.330491766892777, "x7": 17.19841911421971, "x8": 0.16754130203162435, "x9": 2.1358402088347397}, "datetime": {"datetime": "2025-05-14 16:53:11", "elapsed": 1908.459277, "delta": 7.884613}}
{"target": 1.5102473789322068, "params": {"x0": 1.0788146724083945, "x1": 1.0670974574686696, "x2": 9.033421386078837, "x3": 0.2617468241001288, "x4": 8.706957536489432, "x5": 16.34129981429512, "x6": 17.33049176561358, "x7": 17.19841911404874, "x8": 0.16754130178606982, "x9": 2.1358402088638013}, "datetime": {"datetime": "2025-05-14 16:53:19", "elapsed": 1916.702158, "delta": 8.242881}}
{"target": 1.5102473789322068, "params": {"x0": 1.078814672382617, "x1": 1.067097457554484, "x2": 9.033421385801079, "x3": 0.26174682451492154, "x4": 8.70695753685335, "x5": 16.341299814381024, "x6": 17.330491764272224, "x7": 17.19841911377614, "x8": 0.16754130199828618, "x9": 2.135840208684824}, "datetime": {"datetime": "2025-05-14 16:53:28", "elapsed": 1924.725055, "delta": 8.022897}}
{"target": 1.5102473789322068, "params": {"x0": 1.0788146724483876, "x1": 1.067097457527818, "x2": 9.033421385932547, "x3": 0.26174682422610007, "x4": 8.70695753685197, "x5": 16.34129981469888, "x6": 17.330491763127977, "x7": 17.19841911338893, "x8": 0.16754130184846378, "x9": 2.1358402086088617}, "datetime": {"datetime": "2025-05-14 16:53:35", "elapsed": 1932.719728, "delta": 7.994673}}
{"target": 1.5102473789322068, "params": {"x0": 1.0788146723835754, "x1": 1.0670974574549539, "x2": 9.03342138552487, "x3": 0.26174682430075963, "x4": 8.706957536610187, "x5": 16.341299815128206, "x6": 17.33049176186202, "x7": 17.19841911383466, "x8": 0.16754130180015914, "x9": 2.1358402088597224}, "datetime": {"datetime": "2025-05-14 16:53:44", "elapsed": 1940.893092, "delta": 8.173364}}
{"target": 1.5102473789322068, "params": {"x0": 1.0788146724202692, "x1": 1.0670974574148058, "x2": 9.03342138574471, "x3": 0.2617468243235768, "x4": 8.706957536776724, "x5": 16.341299814593786, "x6": 17.330491760357752, "x7": 17.19841911359033, "x8": 0.16754130160192626, "x9": 2.135840208857969}, "datetime": {"datetime": "2025-05-14 16:53:52", "elapsed": 1948.821418, "delta": 7.928326}}
{"target": 1.5102473789322068, "params": {"x0": 1.0788146724198737, "x1": 1.0670974571611183, "x2": 9.033421385647225, "x3": 0.261746824446472, "x4": 8.706957536734125, "x5": 16.341299814253652, "x6": 17.330491759785307, "x7": 17.198419112924434, "x8": 0.16754130177908397, "x9": 2.135840208770242}, "datetime": {"datetime": "2025-05-14 16:54:00", "elapsed": 1957.047988, "delta": 8.22657}}
{"target": 1.5102473789322068, "params": {"x0": 1.0788146723971257, "x1": 1.0670974573247725, "x2": 9.033421385611012, "x3": 0.2617468242535539, "x4": 8.706957536518074, "x5": 16.34129981487269, "x6": 17.330491759156235, "x7": 17.198419113730765, "x8": 0.16754130172085488, "x9": 2.1358402087016226}, "datetime": {"datetime": "2025-05-14 16:54:08", "elapsed": 1965.075324, "delta": 8.027336}}
{"target": 1.5102473789322068, "params": {"x0": 1.0788146724007268, "x1": 1.0670974571772411, "x2": 9.033421385512229, "x3": 0.261746824346056, "x4": 8.70695753675506, "x5": 16.34129981495444, "x6": 17.33049175888717, "x7": 17.198419113450814, "x8": 0.1675413016405194, "x9": 2.135840208712674}, "datetime": {"datetime": "2025-05-14 16:54:16", "elapsed": 1973.182647, "delta": 8.107323}}
{"target": 1.5102473789322068, "params": {"x0": 1.078814672438306, "x1": 1.067097457171359, "x2": 9.033421385429515, "x3": 0.2617468242749446, "x4": 8.706957536559672, "x5": 16.341299814495127, "x6": 17.330491758094215, "x7": 17.19841911291617, "x8": 0.16754130155980218, "x9": 2.1358402087367243}, "datetime": {"datetime": "2025-05-14 16:54:24", "elapsed": 1981.28388, "delta": 8.101233}}
{"target": 1.5102473789322068, "params": {"x0": 1.0788146724095808, "x1": 1.0670974570626397, "x2": 9.033421385447909, "x3": 0.2617468241681644, "x4": 8.706957536497086, "x5": 16.341299814667746, "x6": 17.330491757655373, "x7": 17.19841911358971, "x8": 0.1675413015682927, "x9": 2.1358402087497343}, "datetime": {"datetime": "2025-05-14 16:54:32", "elapsed": 1989.636063, "delta": 8.352183}}
{"target": 1.5102473789322068, "params": {"x0": 1.078814672420751, "x1": 1.0670974571544003, "x2": 9.033421385205308, "x3": 0.26174682415653194, "x4": 8.706957536685133, "x5": 16.341299814497567, "x6": 17.330491757173945, "x7": 17.19841911347058, "x8": 0.16754130157775268, "x9": 2.135840208718109}, "datetime": {"datetime": "2025-05-14 16:54:41", "elapsed": 1997.988198, "delta": 8.352135}}
{"target": 1.5102473789322068, "params": {"x0": 1.0788146724290992, "x1": 1.0670974570788367, "x2": 9.033421385365294, "x3": 0.2617468240109096, "x4": 8.706957536642477, "x5": 16.341299814403804, "x6": 17.33049175641363, "x7": 17.1984191134048, "x8": 0.16754130155818586, "x9": 2.1358402087463535}, "datetime": {"datetime": "2025-05-14 16:54:49", "elapsed": 2006.132787, "delta": 8.144589}}
{"target": 1.5102473789322068, "params": {"x0": 1.0788146724019323, "x1": 1.0670974570429352, "x2": 9.033421385324496, "x3": 0.26174682399601784, "x4": 8.706957536728742, "x5": 16.341299814468115, "x6": 17.330491756257704, "x7": 17.198419113190525, "x8": 0.1675413015187803, "x9": 2.135840208758276}, "datetime": {"datetime": "2025-05-14 16:54:57", "elapsed": 2014.162938, "delta": 8.030151}}
{"target": 1.5102473789322068, "params": {"x0": 1.078814672407578, "x1": 1.0670974570657599, "x2": 9.033421385229676, "x3": 0.2617468241764212, "x4": 8.70695753661491, "x5": 16.341299814659365, "x6": 17.330491755883564, "x7": 17.19841911348118, "x8": 0.16754130149276475, "x9": 2.135840208742131}, "datetime": {"datetime": "2025-05-14 16:55:05", "elapsed": 2022.454222, "delta": 8.291284}}
{"target": 1.5102473789322068, "params": {"x0": 1.078814672424495, "x1": 1.0670974570876066, "x2": 9.03342138528125, "x3": 0.2617468240606643, "x4": 8.706957536687403, "x5": 16.341299814671547, "x6": 17.33049175532035, "x7": 17.19841911345305, "x8": 0.16754130150539776, "x9": 2.1358402087604786}, "datetime": {"datetime": "2025-05-14 16:55:13", "elapsed": 2030.661195, "delta": 8.206973}}
{"target": 1.5102473789322068, "params": {"x0": 1.0788146724166312, "x1": 1.0670974569950666, "x2": 9.033421385256053, "x3": 0.2617468239503477, "x4": 8.706957536673867, "x5": 16.341299814527133, "x6": 17.33049175520197, "x7": 17.19841911344519, "x8": 0.1675413014878362, "x9": 2.135840208718229}, "datetime": {"datetime": "2025-05-14 16:55:22", "elapsed": 2039.232481, "delta": 8.571286}}
{"target": 1.5102473789322068, "params": {"x0": 1.0788146724224374, "x1": 1.0670974570536134, "x2": 9.033421385188593, "x3": 0.26174682409207123, "x4": 8.706957536600607, "x5": 16.341299814557843, "x6": 17.330491754961752, "x7": 17.198419113232923, "x8": 0.16754130146266238, "x9": 2.135840208720741}, "datetime": {"datetime": "2025-05-14 16:55:30", "elapsed": 2047.448075, "delta": 8.215594}}
{"target": 1.5102473789322068, "params": {"x0": 1.078814672421472, "x1": 1.0670974569941734, "x2": 9.033421385212721, "x3": 0.26174682402377863, "x4": 8.706957536645211, "x5": 16.341299814718337, "x6": 17.330491754637432, "x7": 17.198419113148812, "x8": 0.16754130142203555, "x9": 2.135840208765866}, "datetime": {"datetime": "2025-05-14 16:55:39", "elapsed": 2056.053021, "delta": 8.604946}}
{"target": 1.5102473789322068, "params": {"x0": 1.0788146724182914, "x1": 1.067097456964495, "x2": 9.033421385187776, "x3": 0.26174682403252697, "x4": 8.706957536667778, "x5": 16.341299814600283, "x6": 17.33049175433035, "x7": 17.198419113386162, "x8": 0.16754130145085486, "x9": 2.135840208736023}, "datetime": {"datetime": "2025-05-14 16:55:47", "elapsed": 2064.236171, "delta": 8.18315}}
{"target": 1.5102473789322068, "params": {"x0": 1.0788146724076304, "x1": 1.0670974569976688, "x2": 9.033421385155755, "x3": 0.26174682405900324, "x4": 8.706957536612476, "x5": 16.341299814724547, "x6": 17.330491754105285, "x7": 17.198419113269132, "x8": 0.1675413014270854, "x9": 2.135840208736359}, "datetime": {"datetime": "2025-05-14 16:55:55", "elapsed": 2072.594943, "delta": 8.358772}}
