{"target": 1.5102473789322068, "params": {"x0": 1.078815675010002, "x1": 1.067110213386287, "x2": 9.033439646568896, "x3": 0.2617616666542145, "x4": 8.706963441058528, "x5": 16.341287330114287, "x6": 17.330707575462462, "x7": 17.198433251021843, "x8": 0.16755384971716175, "x9": 2.1358433669281314}, "datetime": {"datetime": "2025-05-14 16:41:29", "elapsed": 1205.897388, "delta": 7.622609}}
{"target": 1.5102473789322068, "params": {"x0": 1.0788155747502173, "x1": 1.0671089377385303, "x2": 9.033437820414496, "x3": 0.26176018238403875, "x4": 8.706962850615312, "x5": 16.341288578567397, "x6": 17.330685993173777, "x7": 17.198431837247178, "x8": 0.1675525948791598, "x9": 2.13584305110981}, "datetime": {"datetime": "2025-05-14 16:41:36", "elapsed": 1213.089178, "delta": 7.19179}}
{"target": 1.5102473789322068, "params": {"x0": 1.0788154845164113, "x1": 1.0671077896555494, "x2": 9.033436176875538, "x3": 0.26175884654088055, "x4": 8.706962319216416, "x5": 16.341289702175196, "x6": 17.33066656911396, "x7": 17.198430564849975, "x8": 0.16755146552495806, "x9": 2.1358427668733206}, "datetime": {"datetime": "2025-05-14 16:41:43", "elapsed": 1220.70048, "delta": 7.611302}}
{"target": 1.5102473789322068, "params": {"x0": 1.0788154033059856, "x1": 1.0671067563808665, "x2": 9.033434697690474, "x3": 0.2617576442820381, "x4": 8.70696184095741, "x5": 16.341290713422215, "x6": 17.33064908746012, "x7": 17.198429419692495, "x8": 0.1675504491061765, "x9": 2.13584251106048}, "datetime": {"datetime": "2025-05-14 16:41:51", "elapsed": 1228.360702, "delta": 7.660222}}
{"target": 1.5102473789322068, "params": {"x0": 1.0788153302166026, "x1": 1.067105826433652, "x2": 9.033433366423917, "x3": 0.26175656224908, "x4": 8.706961410524304, "x5": 16.34129162354453, "x6": 17.330633353971667, "x7": 17.198428389050765, "x8": 0.16754953432927308, "x9": 2.1358422808289235}, "datetime": {"datetime": "2025-05-14 16:41:59", "elapsed": 1235.890547, "delta": 7.529845}}
{"target": 1.5102473789322068, "params": {"x0": 1.078815264436158, "x1": 1.0671049894811588, "x2": 9.033432168284016, "x3": 0.26175558841941765, "x4": 8.70696102313451, "x5": 16.341292442654616, "x6": 17.33061919383206, "x7": 17.198427461473205, "x8": 0.16754871103006003, "x9": 2.135842073620523}, "datetime": {"datetime": "2025-05-14 16:42:06", "elapsed": 1243.360343, "delta": 7.469796}}
{"target": 1.5102473789322068, "params": {"x0": 1.0788152052337576, "x1": 1.067104236223915, "x2": 9.033431089958103, "x3": 0.26175471197272154, "x4": 8.706960674483694, "x5": 16.341293179853693, "x6": 17.330606449706412, "x7": 17.1984266266534, "x8": 0.16754797006076827, "x9": 2.135841887132962}, "datetime": {"datetime": "2025-05-14 16:42:13", "elapsed": 1250.629085, "delta": 7.268742}}
{"target": 1.5102473789322068, "params": {"x0": 1.0788151519515976, "x1": 1.0671035582923956, "x2": 9.033430119464784, "x3": 0.26175392317069507, "x4": 8.70696036069796, "x5": 16.34129384333286, "x6": 17.33059497999333, "x7": 17.19842587531558, "x8": 0.1675473031884057, "x9": 2.1358417192941572}, "datetime": {"datetime": "2025-05-14 16:42:21", "elapsed": 1258.089432, "delta": 7.460347}}
{"target": 1.5102473789322068, "params": {"x0": 1.0788151039976532, "x1": 1.067102948154028, "x2": 9.033429246020795, "x3": 0.26175321324887124, "x4": 8.7069600782908, "x5": 16.341294440464115, "x6": 17.330584657251556, "x7": 17.19842519911154, "x8": 0.16754670300327934, "x9": 2.135841568239233}, "datetime": {"datetime": "2025-05-14 16:42:28", "elapsed": 1265.435939, "delta": 7.346507}}
{"target": 1.5102473789322068, "params": {"x0": 1.0788150608391036, "x1": 1.0671023990294972, "x2": 9.033428459921206, "x3": 0.26175257431922977, "x4": 8.706959824124356, "x5": 16.34129497788224, "x6": 17.33057536678396, "x7": 17.198424590527903, "x8": 0.16754616283666565, "x9": 2.1358414322898014}, "datetime": {"datetime": "2025-05-14 16:42:36", "elapsed": 1272.9288, "delta": 7.492861}}
{"target": 1.5102473789322068, "params": {"x0": 1.0788150219964088, "x1": 1.0671019048174195, "x2": 9.033427752431576, "x3": 0.26175199928255244, "x4": 8.706959595374554, "x5": 16.341295461558556, "x6": 17.330567005363122, "x7": 17.198424042802632, "x8": 0.16754567668671333, "x9": 2.1358413099353126}, "datetime": {"datetime": "2025-05-14 16:42:43", "elapsed": 1280.359097, "delta": 7.430297}}
{"target": 1.5102473789322068, "params": {"x0": 1.0788149870379835, "x1": 1.0671014600265498, "x2": 9.033427115690909, "x3": 0.2617514817495429, "x4": 8.706959389499735, "x5": 16.341295896867237, "x6": 17.330559480084368, "x7": 17.198423549849885, "x8": 0.16754523915175623, "x9": 2.135841199816273}, "datetime": {"datetime": "2025-05-14 16:42:51", "elapsed": 1288.055153, "delta": 7.696056}}
{"target": 1.5102473789322068, "params": {"x0": 1.0788149555754007, "x1": 1.0671010597147668, "x2": 9.033426542624307, "x3": 0.26175101596983424, "x4": 8.706959204212398, "x5": 16.34129628864505, "x6": 17.330552707333492, "x7": 17.198423106192415, "x8": 0.16754484537029485, "x9": 2.135841100709137}, "datetime": {"datetime": "2025-05-14 16:42:58", "elapsed": 1295.593531, "delta": 7.538378}}
{"target": 1.5102473789322068, "params": {"x0": 1.0788149272590761, "x1": 1.067100699434162, "x2": 9.033426026864367, "x3": 0.2617505967680965, "x4": 8.706959037453792, "x5": 16.341296641245084, "x6": 17.330546611857702, "x7": 17.19842270690069, "x8": 0.1675444909669796, "x9": 2.1358410115127153}, "datetime": {"datetime": "2025-05-14 16:43:06", "elapsed": 1303.309116, "delta": 7.715585}}
{"target": 1.5102473789322068, "params": {"x0": 1.0788149017743842, "x1": 1.067100375181618, "x2": 9.03342556268042, "x3": 0.2617502194865325, "x4": 8.70695888737105, "x5": 16.341296958585115, "x6": 17.33054112592949, "x7": 17.198422347538138, "x8": 0.16754417200399588, "x9": 2.135840931235935}, "datetime": {"datetime": "2025-05-14 16:43:13", "elapsed": 1310.556331, "delta": 7.247215}}
{"target": 1.5102473789322068, "params": {"x0": 1.0788148788381613, "x1": 1.0671000833543283, "x2": 9.033425144914869, "x3": 0.26174987993312493, "x4": 8.706958752296579, "x5": 16.34129724419114, "x6": 17.3305361885941, "x7": 17.198422024111842, "x8": 0.16754388493731054, "x9": 2.135840858986833}, "datetime": {"datetime": "2025-05-14 16:43:21", "elapsed": 1318.189238, "delta": 7.632907}}
{"target": 1.5102473789322068, "params": {"x0": 1.0788148581955608, "x1": 1.0670998207097675, "x2": 9.033424768925872, "x3": 0.2617495743350581, "x4": 8.706958630729558, "x5": 16.341297501236564, "x6": 17.33053174499225, "x7": 17.198421733028177, "x8": 0.16754362657729371, "x9": 2.1358407939626414}, "datetime": {"datetime": "2025-05-14 16:43:29", "elapsed": 1325.838479, "delta": 7.649241}}
{"target": 1.5102473789322068, "params": {"x0": 1.0788148396172201, "x1": 1.067099584329663, "x2": 9.033424430535774, "x3": 0.2617492992967979, "x4": 8.706958521319237, "x5": 16.341297732577445, "x6": 17.330527745750583, "x7": 17.198421471052875, "x8": 0.1675433940532786, "x9": 2.135840735440869}, "datetime": {"datetime": "2025-05-14 16:43:36", "elapsed": 1333.44994, "delta": 7.611461}}
{"target": 1.5102473789322068, "params": {"x0": 1.0788148228967138, "x1": 1.0670993715875685, "x2": 9.033424125984688, "x3": 0.2617490517623638, "x4": 8.706958422849949, "x5": 16.34129794078424, "x6": 17.330524146433085, "x7": 17.198421235275106, "x8": 0.16754318478166497, "x9": 2.1358406827712737}, "datetime": {"datetime": "2025-05-14 16:43:44", "elapsed": 1341.265052, "delta": 7.815112}}
{"target": 1.5102473789322068, "params": {"x0": 1.078814807848258, "x1": 1.0670991801196839, "x2": 9.033423851888708, "x3": 0.2617488289813731, "x4": 8.70695833422759, "x5": 16.341298128170354, "x6": 17.330520907047333, "x7": 17.198421023075113, "x8": 0.1675429964372127, "x9": 2.1358406353686377}, "datetime": {"datetime": "2025-05-14 16:43:52", "elapsed": 1348.793966, "delta": 7.528914}}
{"target": 1.5102473789322068, "params": {"x0": 1.0788147943046478, "x1": 1.0670990077985876, "x2": 9.033423605202328, "x3": 0.26174862847848146, "x4": 8.706958254467466, "x5": 16.341298296817858, "x6": 17.33051799160016, "x7": 17.19842083209512, "x8": 0.16754282692720568, "x9": 2.1358405927062654}, "datetime": {"datetime": "2025-05-14 16:43:59", "elapsed": 1356.328434, "delta": 7.534468}}
{"target": 1.5102473789322068, "params": {"x0": 1.0788147821153986, "x1": 1.0670988527096008, "x2": 9.033423383184585, "x3": 0.261748448025879, "x4": 8.706958182683355, "x5": 16.34129844860061, "x6": 17.330515367697704, "x7": 17.198420660213124, "x8": 0.16754267436819936, "x9": 2.1358405543101306}, "datetime": {"datetime": "2025-05-14 16:44:07", "elapsed": 1363.933067, "delta": 7.604633}}
{"target": 1.5102473789322068, "params": {"x0": 1.0788147711450742, "x1": 1.0670987131295129, "x2": 9.033423183368617, "x3": 0.26174828561853675, "x4": 8.706958118077655, "x5": 16.341298585205088, "x6": 17.33051300618549, "x7": 17.19842050551933, "x8": 0.16754253706509367, "x9": 2.135840519753609}, "datetime": {"datetime": "2025-05-14 16:44:15", "elapsed": 1371.781124, "delta": 7.848057}}
{"target": 1.5102473789322068, "params": {"x0": 1.0788147612717824, "x1": 1.0670985875074335, "x2": 9.033423003534246, "x3": 0.2617481394519287, "x4": 8.706958059932525, "x5": 16.341298708149115, "x6": 17.3305108808245, "x7": 17.198420366294915, "x8": 0.16754241349229854, "x9": 2.1358404886527396}, "datetime": {"datetime": "2025-05-14 16:44:22", "elapsed": 1379.55828, "delta": 7.777156}}
{"target": 1.5102473789322068, "params": {"x0": 1.0788147523858198, "x1": 1.0670984744475622, "x2": 9.033422841683311, "x3": 0.2617480079019815, "x4": 8.706958007601909, "x5": 16.34129881879874, "x6": 17.33050896799961, "x7": 17.19842024099294, "x8": 0.16754230227678293, "x9": 2.1358404606619574}, "datetime": {"datetime": "2025-05-14 16:44:30", "elapsed": 1387.116489, "delta": 7.558209}}
{"target": 1.5102473789322068, "params": {"x0": 1.0788147443884533, "x1": 1.067098372693678, "x2": 9.03342269601747, "x3": 0.26174788950702904, "x4": 8.706957960504353, "x5": 16.341298918383405, "x6": 17.33050724645721, "x7": 17.198420128221162, "x8": 0.16754220218281887, "x9": 2.135840435470253}, "datetime": {"datetime": "2025-05-14 16:44:37", "elapsed": 1394.701525, "delta": 7.585036}}
{"target": 1.5102473789322068, "params": {"x0": 1.0788147371908234, "x1": 1.0670982811151823, "x2": 9.033422564918213, "x3": 0.2617477829515718, "x4": 8.706957918116553, "x5": 16.341299008009603, "x6": 17.330505697069047, "x7": 17.198420026726566, "x8": 0.16754211209825123, "x9": 2.1358404127977195}, "datetime": {"datetime": "2025-05-14 16:44:45", "elapsed": 1402.373315, "delta": 7.67179}}
{"target": 1.5102473789322068, "params": {"x0": 1.0788147307129567, "x1": 1.0670981986945363, "x2": 9.033422446928881, "x3": 0.2617476870516603, "x4": 8.706957879967533, "x5": 16.341299088673182, "x6": 17.3305043026197, "x7": 17.198419935381427, "x8": 0.16754203102214035, "x9": 2.135840392392439}, "datetime": {"datetime": "2025-05-14 16:44:53", "elapsed": 1409.905857, "delta": 7.532542}}
{"target": 1.5102473789322068, "params": {"x0": 1.0788147248828766, "x1": 1.0670981245159545, "x2": 9.033422340738484, "x3": 0.2617476007417399, "x4": 8.706957845633415, "x5": 16.341299161270403, "x6": 17.330503047615288, "x7": 17.1984198531708, "x8": 0.16754195805364056, "x9": 2.1358403740276866}, "datetime": {"datetime": "2025-05-14 16:45:01", "elapsed": 1417.821112, "delta": 7.915255}}
{"target": 1.5102473789322068, "params": {"x0": 1.0788147196358044, "x1": 1.0670980577552311, "x2": 9.033422245167126, "x3": 0.26174752306281157, "x4": 8.706957814732709, "x5": 16.341299226607898, "x6": 17.33050191811132, "x7": 17.19841977918124, "x8": 0.16754189238199074, "x9": 2.1358403574994096}, "datetime": {"datetime": "2025-05-14 16:45:08", "elapsed": 1425.483072, "delta": 7.66196}}
{"target": 1.5102473789322068, "params": {"x0": 1.0788147149134397, "x1": 1.0670979976705801, "x2": 9.033422159152904, "x3": 0.26174745315177605, "x4": 8.706957786922073, "x5": 16.341299285411647, "x6": 17.33050090155775, "x7": 17.19841971259063, "x8": 0.1675418332775059, "x9": 2.1358403426239603}, "datetime": {"datetime": "2025-05-14 16:45:16", "elapsed": 1433.293281, "delta": 7.810209}}
{"target": 1.5102473789322068, "params": {"x0": 1.0788147106633112, "x1": 1.0670979435943941, "x2": 9.033422081740103, "x3": 0.2617473902318441, "x4": 8.706957761892502, "x5": 16.34129933833502, "x6": 17.330499986659532, "x7": 17.198419652659087, "x8": 0.16754178008346954, "x9": 2.1358403292360557}, "datetime": {"datetime": "2025-05-14 16:45:24", "elapsed": 1440.82235, "delta": 7.529069}}
{"target": 1.5102473789322068, "params": {"x0": 1.0788147068381957, "x1": 1.0670978949258267, "x2": 9.033422012068582, "x3": 0.2617473336039054, "x4": 8.706957739365887, "x5": 16.341299385966057, "x6": 17.330499163251137, "x7": 17.198419598720694, "x8": 0.16754173220883684, "x9": 2.1358403171869416}, "datetime": {"datetime": "2025-05-14 16:45:31", "elapsed": 1448.709808, "delta": 7.887458}}
{"target": 1.5102473789322068, "params": {"x0": 1.0788147033955917, "x1": 1.0670978511241163, "x2": 9.033421949364214, "x3": 0.2617472826387605, "x4": 8.706957719091934, "x5": 16.341299428833988, "x6": 17.33049842218358, "x7": 17.198419550176144, "x8": 0.1675416891216674, "x9": 2.135840306342739}, "datetime": {"datetime": "2025-05-14 16:45:39", "elapsed": 1456.475374, "delta": 7.765566}}
{"target": 1.5102473789322068, "params": {"x0": 1.0788147002972481, "x1": 1.0670978117025767, "x2": 9.033421892930283, "x3": 0.2617472367701301, "x4": 8.706957700845376, "x5": 16.34129946741513, "x6": 17.330497755222783, "x7": 17.198419506486047, "x8": 0.1675416503432149, "x9": 2.135840296582957}, "datetime": {"datetime": "2025-05-14 16:45:47", "elapsed": 1464.141711, "delta": 7.666337}}
{"target": 1.5102473789322068, "params": {"x0": 1.078814697508739, "x1": 1.067097776223191, "x2": 9.033421842139745, "x3": 0.2617471954883628, "x4": 8.706957684423474, "x5": 16.341299502138153, "x6": 17.330497154958064, "x7": 17.19841946716496, "x8": 0.16754161544260765, "x9": 2.1358402877991525}, "datetime": {"datetime": "2025-05-14 16:45:55", "elapsed": 1472.040324, "delta": 7.898613}}
{"target": 1.5102473789322068, "params": {"x0": 1.0788146902871827, "x1": 1.0670975339633593, "x2": 9.033421755913155, "x3": 0.261746823032355, "x4": 8.70695765968746, "x5": 16.341299693288274, "x6": 17.330496584032407, "x7": 17.198419240475655, "x8": 0.1675415745814917, "x9": 2.1358402050830976}, "datetime": {"datetime": "2025-05-14 16:46:02", "elapsed": 1479.569265, "delta": 7.528941}}
{"target": 1.5102473789322068, "params": {"x0": 1.0788146673255827, "x1": 1.0670976795232172, "x2": 9.033421642936217, "x3": 0.2617470518753609, "x4": 8.706957527676735, "x5": 16.341299612691326, "x6": 17.33049605082035, "x7": 17.198418876232317, "x8": 0.16754147209516332, "x9": 2.135840247273334}, "datetime": {"datetime": "2025-05-14 16:46:10", "elapsed": 1486.867007, "delta": 7.297742}}
{"target": 1.5102473789322068, "params": {"x0": 1.0788146808304893, "x1": 1.0670976520552184, "x2": 9.033421698559579, "x3": 0.2617469949124319, "x4": 8.706957569923071, "x5": 16.341299632808703, "x6": 17.33049554718738, "x7": 17.19841897754618, "x8": 0.16754147886878223, "x9": 2.1358402072220817}, "datetime": {"datetime": "2025-05-14 16:46:17", "elapsed": 1494.502186, "delta": 7.635179}}
{"target": 1.5102473789322068, "params": {"x0": 1.0788146874832232, "x1": 1.06709765631238, "x2": 9.033421636078836, "x3": 0.26174682395986487, "x4": 8.706957589307311, "x5": 16.341300006397958, "x6": 17.33049500956748, "x7": 17.19841931864123, "x8": 0.16754148390900858, "x9": 2.135840260389523}, "datetime": {"datetime": "2025-05-14 16:46:25", "elapsed": 1502.079528, "delta": 7.577342}}
{"target": 1.5102473789322068, "params": {"x0": 1.0788146751648884, "x1": 1.0670976110013641, "x2": 9.033421644031286, "x3": 0.2617469435101987, "x4": 8.706957604817523, "x5": 16.34129963061303, "x6": 17.33049469987225, "x7": 17.198419291340883, "x8": 0.16754141331216127, "x9": 2.135840190297169}, "datetime": {"datetime": "2025-05-14 16:46:32", "elapsed": 1509.537131, "delta": 7.457603}}
{"target": 1.5102473789322068, "params": {"x0": 1.0788146707794222, "x1": 1.0670975065426636, "x2": 9.033421627523152, "x3": 0.2617468988991229, "x4": 8.70695760100515, "x5": 16.341299732952802, "x6": 17.330494517972955, "x7": 17.19841903763019, "x8": 0.1675414420691212, "x9": 2.135840230941948}, "datetime": {"datetime": "2025-05-14 16:46:40", "elapsed": 1517.029747, "delta": 7.492616}}
{"target": 1.5102473789322068, "params": {"x0": 1.0788146774917524, "x1": 1.0670976059383765, "x2": 9.033421541302971, "x3": 0.26174695702166795, "x4": 8.706957561847608, "x5": 16.34129982877804, "x6": 17.330494315406185, "x7": 17.198419091277415, "x8": 0.1675414045531499, "x9": 2.1358401800082647}, "datetime": {"datetime": "2025-05-14 16:46:47", "elapsed": 1524.583331, "delta": 7.553584}}
{"target": 1.5102473789322068, "params": {"x0": 1.078814672964141, "x1": 1.067097577074075, "x2": 9.033421545829585, "x3": 0.2617469567091823, "x4": 8.706957501314438, "x5": 16.34129992129949, "x6": 17.330494056146463, "x7": 17.198419258540163, "x8": 0.16754142486650433, "x9": 2.1358402169404984}, "datetime": {"datetime": "2025-05-14 16:46:55", "elapsed": 1532.12137, "delta": 7.538039}}
{"target": 1.5102473789322068, "params": {"x0": 1.0788146816953028, "x1": 1.0670975429701257, "x2": 9.03342152770085, "x3": 0.26174696774195855, "x4": 8.706957543199211, "x5": 16.34129971956697, "x6": 17.330493769496893, "x7": 17.19841918901061, "x8": 0.16754139208039012, "x9": 2.135840234949424}, "datetime": {"datetime": "2025-05-14 16:47:03", "elapsed": 1539.839207, "delta": 7.717837}}
{"target": 1.5102473789322068, "params": {"x0": 1.0788146646164445, "x1": 1.067097562901969, "x2": 9.033421541714981, "x3": 0.26174690352430613, "x4": 8.706957528121626, "x5": 16.341299821441723, "x6": 17.330493506753587, "x7": 17.19841921055186, "x8": 0.16754139946564767, "x9": 2.1358402291313556}, "datetime": {"datetime": "2025-05-14 16:47:11", "elapsed": 1547.833046, "delta": 7.993839}}
{"target": 1.5102473789322068, "params": {"x0": 1.0788146697929495, "x1": 1.067097553050876, "x2": 9.033421487810005, "x3": 0.2617468954362681, "x4": 8.70695757027033, "x5": 16.341299747121102, "x6": 17.33049337986327, "x7": 17.19841916425261, "x8": 0.16754136803266284, "x9": 2.1358402264933964}, "datetime": {"datetime": "2025-05-14 16:47:18", "elapsed": 1555.40749, "delta": 7.574444}}
{"target": 1.5102473789322068, "params": {"x0": 1.0788146752525858, "x1": 1.0670975400356524, "x2": 9.033421501757733, "x3": 0.2617468692767313, "x4": 8.70695752851604, "x5": 16.341299768350932, "x6": 17.33049318585088, "x7": 17.19841914993305, "x8": 0.16754135874931608, "x9": 2.135840204018414}, "datetime": {"datetime": "2025-05-14 16:47:26", "elapsed": 1562.943987, "delta": 7.536497}}
{"target": 1.5102473789322068, "params": {"x0": 1.0788146677657446, "x1": 1.0670975356435346, "x2": 9.033421485241401, "x3": 0.2617468837460755, "x4": 8.706957546492522, "x5": 16.34129977153209, "x6": 17.330493121050228, "x7": 17.19841907882967, "x8": 0.16754135431416592, "x9": 2.1358402210870113}, "datetime": {"datetime": "2025-05-14 16:47:34", "elapsed": 1570.748271, "delta": 7.804284}}
{"target": 1.5102473789322068, "params": {"x0": 1.07881467652054, "x1": 1.0670975001154843, "x2": 9.033421467259245, "x3": 0.2617468732628389, "x4": 8.706957566642304, "x5": 16.341299775939266, "x6": 17.33049293561252, "x7": 17.198419178711358, "x8": 0.16754134563840387, "x9": 2.135840222784904}, "datetime": {"datetime": "2025-05-14 16:47:42", "elapsed": 1578.826548, "delta": 8.078277}}
{"target": 1.5102473789322068, "params": {"x0": 1.0788146685344264, "x1": 1.0670975069802093, "x2": 9.033421474364276, "x3": 0.2617468872295937, "x4": 8.706957538636162, "x5": 16.341299769836514, "x6": 17.33049285538866, "x7": 17.19841916602569, "x8": 0.16754134159212294, "x9": 2.1358402240299643}, "datetime": {"datetime": "2025-05-14 16:47:49", "elapsed": 1586.311596, "delta": 7.485048}}
{"target": 1.5102473789322068, "params": {"x0": 1.078814670571306, "x1": 1.0670975118591528, "x2": 9.033421448015295, "x3": 0.2617468802989378, "x4": 8.706957553550176, "x5": 16.34129977117965, "x6": 17.33049263640676, "x7": 17.198419126463246, "x8": 0.16754135352074878, "x9": 2.1358402128596676}, "datetime": {"datetime": "2025-05-14 16:47:57", "elapsed": 1593.971096, "delta": 7.6595}}
{"target": 1.5102473789322068, "params": {"x0": 1.0788146754206827, "x1": 1.0670975086747008, "x2": 9.033421428846244, "x3": 0.2617468415636902, "x4": 8.706957547364363, "x5": 16.341299846942366, "x6": 17.33049262868845, "x7": 17.198419145912684, "x8": 0.16754135092711156, "x9": 2.1358401956729463}, "datetime": {"datetime": "2025-05-14 16:48:05", "elapsed": 1602.302247, "delta": 8.331151}}
{"target": 1.5102473789322068, "params": {"x0": 1.0788146696341765, "x1": 1.0670975005213195, "x2": 9.033421431015336, "x3": 0.26174683686227984, "x4": 8.7069575417702, "x5": 16.341299792894116, "x6": 17.33049255772908, "x7": 17.198419159238547, "x8": 0.16754133893440978, "x9": 2.135840210179312}, "datetime": {"datetime": "2025-05-14 16:48:13", "elapsed": 1610.097411, "delta": 7.795164}}
{"target": 1.5102473789322068, "params": {"x0": 1.078814672100487, "x1": 1.0670974985763109, "x2": 9.033421425858231, "x3": 0.2617468609099101, "x4": 8.706957544492676, "x5": 16.341299820794852, "x6": 17.330492445384863, "x7": 17.198419099448767, "x8": 0.16754133412081468, "x9": 2.1358402115191786}, "datetime": {"datetime": "2025-05-14 16:48:21", "elapsed": 1617.744736, "delta": 7.647325}}
{"target": 1.5102473789322068, "params": {"x0": 1.078814674394625, "x1": 1.067097469438458, "x2": 9.033421425585049, "x3": 0.2617468559275233, "x4": 8.706957544525944, "x5": 16.341299800712996, "x6": 17.330492388781582, "x7": 17.198419121708042, "x8": 0.16754133928758316, "x9": 2.1358401992255636}, "datetime": {"datetime": "2025-05-14 16:48:28", "elapsed": 1625.360841, "delta": 7.616105}}
