{"target": 1.5102473789322068, "params": {"x0": 1.0788146724121366, "x1": 1.0670974569087823, "x2": 9.033421385025065, "x3": 0.2617468239523408, "x4": 8.706957536626298, "x5": 16.341299814645573, "x6": 17.330491752573014, "x7": 17.19841911327514, "x8": 0.16754130133724193, "x9": 2.1358402087449457}, "datetime": {"datetime": "2025-05-14 17:04:09", "elapsed": 2566.425303, "delta": 8.552543}}
{"target": 1.5102473789322068, "params": {"x0": 1.078814672412154, "x1": 1.067097456908927, "x2": 9.033421385024853, "x3": 0.2617468239524624, "x4": 8.706957536626318, "x5": 16.341299814645495, "x6": 17.330491752578506, "x7": 17.198419113275282, "x8": 0.16754130133704742, "x9": 2.1358402087449337}, "datetime": {"datetime": "2025-05-14 17:04:18", "elapsed": 2575.650578, "delta": 9.225275}}
{"target": 1.5102473789322068, "params": {"x0": 1.078814672412149, "x1": 1.067097456908879, "x2": 9.033421385024692, "x3": 0.26174682395234655, "x4": 8.706957536626396, "x5": 16.341299814645584, "x6": 17.330491752576133, "x7": 17.19841911327508, "x8": 0.16754130133698936, "x9": 2.1358402087448702}, "datetime": {"datetime": "2025-05-14 17:04:27", "elapsed": 2584.639147, "delta": 8.988569}}
{"target": 1.5102473789322068, "params": {"x0": 1.078814672412155, "x1": 1.0670974569088516, "x2": 9.033421385025072, "x3": 0.2617468239524321, "x4": 8.706957536626442, "x5": 16.341299814645534, "x6": 17.330491752576012, "x7": 17.19841911327528, "x8": 0.167541301337092, "x9": 2.135840208744903}, "datetime": {"datetime": "2025-05-14 17:04:36", "elapsed": 2593.060963, "delta": 8.421816}}
{"target": 1.5102473789322068, "params": {"x0": 1.0788146724121541, "x1": 1.0670974569085647, "x2": 9.033421385025063, "x3": 0.2617468239524446, "x4": 8.706957536626295, "x5": 16.341299814645346, "x6": 17.330491752577778, "x7": 17.19841911327516, "x8": 0.16754130133721368, "x9": 2.1358402087448805}, "datetime": {"datetime": "2025-05-14 17:04:44", "elapsed": 2601.596474, "delta": 8.535511}}
{"target": 1.5102473789322068, "params": {"x0": 1.0788146724121443, "x1": 1.0670974569085923, "x2": 9.03342138502469, "x3": 0.26174682395249804, "x4": 8.706957536626414, "x5": 16.34129981464524, "x6": 17.330491752574876, "x7": 17.198419113275214, "x8": 0.16754130133715997, "x9": 2.135840208744887}, "datetime": {"datetime": "2025-05-14 17:04:54", "elapsed": 2610.879134, "delta": 9.28266}}
{"target": 1.5102473789322068, "params": {"x0": 1.0788146724121654, "x1": 1.0670974569087166, "x2": 9.033421385024802, "x3": 0.2617468239524347, "x4": 8.706957536626382, "x5": 16.341299814645485, "x6": 17.33049175257425, "x7": 17.1984191132752, "x8": 0.16754130133710393, "x9": 2.135840208744932}, "datetime": {"datetime": "2025-05-14 17:05:02", "elapsed": 2619.504516, "delta": 8.625382}}
{"target": 1.5102473789322068, "params": {"x0": 1.0788146724121614, "x1": 1.067097456908703, "x2": 9.033421385024727, "x3": 0.26174682395233106, "x4": 8.706957536626396, "x5": 16.341299814645488, "x6": 17.330491752576133, "x7": 17.198419113275275, "x8": 0.1675413013370338, "x9": 2.1358402087449284}, "datetime": {"datetime": "2025-05-14 17:05:11", "elapsed": 2627.896084, "delta": 8.391568}}
{"target": 1.5102473789322068, "params": {"x0": 1.0788146724121586, "x1": 1.0670974569088219, "x2": 9.033421385024926, "x3": 0.2617468239523324, "x4": 8.706957536626394, "x5": 16.34129981464535, "x6": 17.330491752577338, "x7": 17.198419113275094, "x8": 0.1675413013372171, "x9": 2.135840208744895}, "datetime": {"datetime": "2025-05-14 17:05:20", "elapsed": 2636.929297, "delta": 9.033213}}
{"target": 1.5102473789322068, "params": {"x0": 1.0788146724121588, "x1": 1.0670974569088025, "x2": 9.033421385024766, "x3": 0.26174682395237153, "x4": 8.706957536626375, "x5": 16.341299814645286, "x6": 17.330491752575668, "x7": 17.198419113275172, "x8": 0.16754130133712367, "x9": 2.135840208744897}, "datetime": {"datetime": "2025-05-14 17:05:28", "elapsed": 2645.179794, "delta": 8.250497}}
{"target": 1.5102473789322068, "params": {"x0": 1.0788146724121597, "x1": 1.0670974569087062, "x2": 9.033421385024857, "x3": 0.2617468239524047, "x4": 8.706957536626332, "x5": 16.34129981464531, "x6": 17.330491752574186, "x7": 17.198419113275197, "x8": 0.167541301337085, "x9": 2.1358402087449084}, "datetime": {"datetime": "2025-05-14 17:05:37", "elapsed": 2654.154472, "delta": 8.974678}}
{"target": 1.5102473789322068, "params": {"x0": 1.0788146724121512, "x1": 1.0670974569088023, "x2": 9.033421385024932, "x3": 0.2617468239524186, "x4": 8.70695753662632, "x5": 16.3412998146454, "x6": 17.330491752575618, "x7": 17.19841911327522, "x8": 0.16754130133706974, "x9": 2.1358402087449355}, "datetime": {"datetime": "2025-05-14 17:05:46", "elapsed": 2662.936662, "delta": 8.78219}}
{"target": 1.5102473789322068, "params": {"x0": 1.078814672412155, "x1": 1.0670974569086529, "x2": 9.033421385024992, "x3": 0.2617468239525026, "x4": 8.706957536626376, "x5": 16.34129981464532, "x6": 17.330491752576844, "x7": 17.198419113275182, "x8": 0.1675413013371564, "x9": 2.135840208744903}, "datetime": {"datetime": "2025-05-14 17:05:55", "elapsed": 2671.869953, "delta": 8.933291}}
{"target": 1.5102473789322068, "params": {"x0": 1.0788146724121552, "x1": 1.0670974569087455, "x2": 9.033421385024996, "x3": 0.2617468239524638, "x4": 8.70695753662634, "x5": 16.341299814645424, "x6": 17.330491752576574, "x7": 17.19841911327514, "x8": 0.16754130133715556, "x9": 2.135840208744917}, "datetime": {"datetime": "2025-05-14 17:06:03", "elapsed": 2680.458182, "delta": 8.588229}}
{"target": 1.5102473789322068, "params": {"x0": 1.0788146724121543, "x1": 1.0670974569087632, "x2": 9.033421385024843, "x3": 0.2617468239524453, "x4": 8.70695753662637, "x5": 16.34129981464534, "x6": 17.33049175257506, "x7": 17.198419113275126, "x8": 0.16754130133716702, "x9": 2.1358402087449133}, "datetime": {"datetime": "2025-05-14 17:06:12", "elapsed": 2689.103333, "delta": 8.645151}}
{"target": 1.5102473789322068, "params": {"x0": 1.0788146724121535, "x1": 1.0670974569087106, "x2": 9.033421385024962, "x3": 0.2617468239524651, "x4": 8.706957536626353, "x5": 16.341299814645367, "x6": 17.330491752575785, "x7": 17.1984191132752, "x8": 0.16754130133709688, "x9": 2.1358402087449067}, "datetime": {"datetime": "2025-05-14 17:06:21", "elapsed": 2697.827013, "delta": 8.72368}}
{"target": 1.5102473789322068, "params": {"x0": 1.0788146724121577, "x1": 1.0670974569087475, "x2": 9.033421385024928, "x3": 0.2617468239524383, "x4": 8.70695753662635, "x5": 16.341299814645417, "x6": 17.330491752575625, "x7": 17.198419113275126, "x8": 0.16754130133712822, "x9": 2.135840208744926}, "datetime": {"datetime": "2025-05-14 17:06:30", "elapsed": 2707.371886, "delta": 9.544873}}
{"target": 1.5102473789322068, "params": {"x0": 1.0788146724121586, "x1": 1.0670974569087555, "x2": 9.033421385024957, "x3": 0.26174682395248683, "x4": 8.706957536626353, "x5": 16.341299814645406, "x6": 17.330491752575295, "x7": 17.19841911327521, "x8": 0.16754130133712447, "x9": 2.135840208744905}, "datetime": {"datetime": "2025-05-14 17:06:39", "elapsed": 2715.973763, "delta": 8.601877}}
{"target": 1.5102473789322068, "params": {"x0": 1.078814672412157, "x1": 1.0670974569087037, "x2": 9.033421385024859, "x3": 0.261746823952457, "x4": 8.706957536626357, "x5": 16.341299814645378, "x6": 17.330491752575636, "x7": 17.198419113275136, "x8": 0.16754130133716416, "x9": 2.135840208744916}, "datetime": {"datetime": "2025-05-14 17:06:48", "elapsed": 2725.712415, "delta": 9.738652}}
{"target": 1.5102473789322068, "params": {"x0": 1.0788146724121557, "x1": 1.067097456908745, "x2": 9.033421385024932, "x3": 0.26174682395243853, "x4": 8.706957536626348, "x5": 16.34129981464539, "x6": 17.330491752575096, "x7": 17.198419113275136, "x8": 0.1675413013371165, "x9": 2.135840208744913}, "datetime": {"datetime": "2025-05-14 17:06:58", "elapsed": 2734.826703, "delta": 9.114288}}
{"target": 1.5102473789322068, "params": {"x0": 1.078814672412154, "x1": 1.0670974569087075, "x2": 9.03342138502489, "x3": 0.26174682395246107, "x4": 8.70695753662635, "x5": 16.341299814645353, "x6": 17.33049175257587, "x7": 17.198419113275204, "x8": 0.16754130133713774, "x9": 2.1358402087449204}, "datetime": {"datetime": "2025-05-14 17:07:06", "elapsed": 2743.372187, "delta": 8.545484}}
{"target": 1.5102473789322068, "params": {"x0": 1.0788146724121577, "x1": 1.067097456908705, "x2": 9.033421385024907, "x3": 0.26174682395244814, "x4": 8.706957536626366, "x5": 16.34129981464536, "x6": 17.330491752575355, "x7": 17.198419113275197, "x8": 0.16754130133714, "x9": 2.135840208744915}, "datetime": {"datetime": "2025-05-14 17:07:15", "elapsed": 2751.874147, "delta": 8.50196}}
{"target": 1.5102473789322068, "params": {"x0": 1.0788146724121572, "x1": 1.0670974569087464, "x2": 9.033421385024889, "x3": 0.2617468239524727, "x4": 8.706957536626364, "x5": 16.341299814645364, "x6": 17.33049175257525, "x7": 17.198419113275165, "x8": 0.16754130133711898, "x9": 2.135840208744911}, "datetime": {"datetime": "2025-05-14 17:07:23", "elapsed": 2760.504188, "delta": 8.630041}}
{"target": 1.5102473789322068, "params": {"x0": 1.0788146724121563, "x1": 1.0670974569087086, "x2": 9.033421385024928, "x3": 0.26174682395244186, "x4": 8.706957536626359, "x5": 16.341299814645396, "x6": 17.330491752575607, "x7": 17.19841911327518, "x8": 0.16754130133716447, "x9": 2.1358402087449173}, "datetime": {"datetime": "2025-05-14 17:07:32", "elapsed": 2769.273306, "delta": 8.769118}}
{"target": 1.5102473789322068, "params": {"x0": 1.0788146724121543, "x1": 1.0670974569087002, "x2": 9.03342138502489, "x3": 0.2617468239524646, "x4": 8.706957536626348, "x5": 16.3412998146454, "x6": 17.33049175257531, "x7": 17.198419113275165, "x8": 0.1675413013371379, "x9": 2.1358402087449107}, "datetime": {"datetime": "2025-05-14 17:07:40", "elapsed": 2777.605113, "delta": 8.331807}}
{"target": 1.5102473789322068, "params": {"x0": 1.0788146724121555, "x1": 1.067097456908731, "x2": 9.03342138502492, "x3": 0.26174682395246895, "x4": 8.706957536626348, "x5": 16.34129981464538, "x6": 17.330491752575593, "x7": 17.198419113275197, "x8": 0.16754130133713577, "x9": 2.1358402087449115}, "datetime": {"datetime": "2025-05-14 17:07:49", "elapsed": 2786.095672, "delta": 8.490559}}
{"target": 1.5102473789322068, "params": {"x0": 1.0788146724121566, "x1": 1.0670974569087162, "x2": 9.033421385024917, "x3": 0.2617468239524591, "x4": 8.70695753662635, "x5": 16.3412998146454, "x6": 17.330491752575323, "x7": 17.198419113275172, "x8": 0.16754130133712855, "x9": 2.1358402087449138}, "datetime": {"datetime": "2025-05-14 17:07:57", "elapsed": 2794.609777, "delta": 8.514105}}
{"target": 1.5102473789322068, "params": {"x0": 1.0788146724121552, "x1": 1.0670974569087128, "x2": 9.033421385024893, "x3": 0.26174682395246024, "x4": 8.706957536626359, "x5": 16.341299814645378, "x6": 17.330491752575657, "x7": 17.198419113275182, "x8": 0.1675413013371299, "x9": 2.135840208744918}, "datetime": {"datetime": "2025-05-14 17:08:06", "elapsed": 2802.880969, "delta": 8.271192}}
{"target": 1.5102473789322068, "params": {"x0": 1.0788146724121555, "x1": 1.0670974569087073, "x2": 9.033421385024896, "x3": 0.26174682395246124, "x4": 8.706957536626357, "x5": 16.341299814645392, "x6": 17.330491752575416, "x7": 17.19841911327517, "x8": 0.16754130133714185, "x9": 2.1358402087449173}, "datetime": {"datetime": "2025-05-14 17:08:14", "elapsed": 2811.226416, "delta": 8.345447}}
{"target": 1.5102473789322068, "params": {"x0": 1.0788146724121552, "x1": 1.067097456908726, "x2": 9.033421385024896, "x3": 0.2617468239524531, "x4": 8.706957536626357, "x5": 16.34129981464539, "x6": 17.33049175257567, "x7": 17.19841911327517, "x8": 0.16754130133714448, "x9": 2.1358402087449138}, "datetime": {"datetime": "2025-05-14 17:08:23", "elapsed": 2819.796061, "delta": 8.569645}}
{"target": 1.5102473789322068, "params": {"x0": 1.0788146724121566, "x1": 1.067097456908715, "x2": 9.033421385024916, "x3": 0.2617468239524638, "x4": 8.706957536626353, "x5": 16.341299814645378, "x6": 17.330491752575604, "x7": 17.19841911327517, "x8": 0.16754130133714, "x9": 2.135840208744916}, "datetime": {"datetime": "2025-05-14 17:08:32", "elapsed": 2829.034214, "delta": 9.238153}}
{"target": 1.5102473789322068, "params": {"x0": 1.0788146724121555, "x1": 1.0670974569087297, "x2": 9.033421385024905, "x3": 0.2617468239524592, "x4": 8.706957536626355, "x5": 16.34129981464538, "x6": 17.330491752575682, "x7": 17.19841911327517, "x8": 0.16754130133713965, "x9": 2.135840208744914}, "datetime": {"datetime": "2025-05-14 17:08:41", "elapsed": 2838.347579, "delta": 9.313365}}
{"target": 1.5102473789322068, "params": {"x0": 1.0788146724121557, "x1": 1.0670974569087222, "x2": 9.033421385024898, "x3": 0.2617468239524472, "x4": 8.706957536626355, "x5": 16.341299814645378, "x6": 17.330491752575494, "x7": 17.19841911327517, "x8": 0.1675413013371379, "x9": 2.1358402087449155}, "datetime": {"datetime": "2025-05-14 17:08:50", "elapsed": 2847.579984, "delta": 9.232405}}
{"target": 1.5102473789322068, "params": {"x0": 1.0788146724121555, "x1": 1.0670974569087208, "x2": 9.033421385024894, "x3": 0.2617468239524501, "x4": 8.706957536626353, "x5": 16.341299814645378, "x6": 17.330491752575597, "x7": 17.19841911327517, "x8": 0.1675413013371498, "x9": 2.1358402087449146}, "datetime": {"datetime": "2025-05-14 17:09:00", "elapsed": 2857.195479, "delta": 9.615495}}
{"target": 1.5102473789322068, "params": {"x0": 1.078814672412156, "x1": 1.0670974569087257, "x2": 9.033421385024901, "x3": 0.2617468239524611, "x4": 8.706957536626353, "x5": 16.341299814645378, "x6": 17.330491752575583, "x7": 17.198419113275175, "x8": 0.16754130133714523, "x9": 2.135840208744915}, "datetime": {"datetime": "2025-05-14 17:09:09", "elapsed": 2866.225518, "delta": 9.030039}}
{"target": 1.5102473789322068, "params": {"x0": 1.078814672412156, "x1": 1.0670974569087248, "x2": 9.033421385024894, "x3": 0.26174682395245213, "x4": 8.706957536626357, "x5": 16.34129981464538, "x6": 17.33049175257564, "x7": 17.198419113275182, "x8": 0.16754130133714037, "x9": 2.1358402087449155}, "datetime": {"datetime": "2025-05-14 17:09:17", "elapsed": 2874.493074, "delta": 8.267556}}
{"target": 1.5102473789322068, "params": {"x0": 1.0788146724121555, "x1": 1.0670974569087222, "x2": 9.033421385024907, "x3": 0.2617468239524549, "x4": 8.706957536626357, "x5": 16.341299814645378, "x6": 17.330491752575544, "x7": 17.19841911327518, "x8": 0.16754130133714437, "x9": 2.1358402087449146}, "datetime": {"datetime": "2025-05-14 17:09:27", "elapsed": 2883.742127, "delta": 9.249053}}
{"target": 1.5102473789322068, "params": {"x0": 1.0788146724121561, "x1": 1.0670974569087255, "x2": 9.033421385024896, "x3": 0.26174682395245286, "x4": 8.706957536626353, "x5": 16.341299814645385, "x6": 17.330491752575554, "x7": 17.198419113275172, "x8": 0.16754130133714598, "x9": 2.135840208744916}, "datetime": {"datetime": "2025-05-14 17:09:35", "elapsed": 2892.078736, "delta": 8.336609}}
{"target": 1.5102473789322068, "params": {"x0": 1.0788146724121557, "x1": 1.0670974569087224, "x2": 9.033421385024905, "x3": 0.26174682395245663, "x4": 8.706957536626355, "x5": 16.34129981464538, "x6": 17.330491752575664, "x7": 17.19841911327518, "x8": 0.1675413013371415, "x9": 2.1358402087449155}, "datetime": {"datetime": "2025-05-14 17:09:44", "elapsed": 2901.310002, "delta": 9.231266}}
{"target": 1.5102473789322068, "params": {"x0": 1.078814672412156, "x1": 1.067097456908723, "x2": 9.033421385024905, "x3": 0.2617468239524558, "x4": 8.706957536626353, "x5": 16.341299814645385, "x6": 17.330491752575576, "x7": 17.19841911327518, "x8": 0.1675413013371463, "x9": 2.135840208744915}, "datetime": {"datetime": "2025-05-14 17:09:53", "elapsed": 2910.272282, "delta": 8.96228}}
{"target": 1.5102473789322068, "params": {"x0": 1.078814672412156, "x1": 1.0670974569087226, "x2": 9.033421385024903, "x3": 0.2617468239524536, "x4": 8.706957536626355, "x5": 16.34129981464538, "x6": 17.33049175257557, "x7": 17.198419113275172, "x8": 0.16754130133714498, "x9": 2.135840208744915}, "datetime": {"datetime": "2025-05-14 17:10:02", "elapsed": 2919.429737, "delta": 9.157455}}
{"target": 1.5102473789322068, "params": {"x0": 1.0788146724121555, "x1": 1.0670974569087222, "x2": 9.033421385024896, "x3": 0.26174682395245596, "x4": 8.706957536626357, "x5": 16.341299814645385, "x6": 17.330491752575583, "x7": 17.198419113275172, "x8": 0.16754130133714443, "x9": 2.135840208744915}, "datetime": {"datetime": "2025-05-14 17:10:11", "elapsed": 2928.700283, "delta": 9.270546}}
{"target": 1.5102473789322068, "params": {"x0": 1.078814672412156, "x1": 1.0670974569087228, "x2": 9.0334213850249, "x3": 0.26174682395245524, "x4": 8.706957536626355, "x5": 16.34129981464538, "x6": 17.330491752575604, "x7": 17.198419113275175, "x8": 0.1675413013371411, "x9": 2.135840208744916}, "datetime": {"datetime": "2025-05-14 17:10:20", "elapsed": 2937.147973, "delta": 8.44769}}
{"target": 1.5102473789322068, "params": {"x0": 1.078814672412156, "x1": 1.0670974569087215, "x2": 9.033421385024903, "x3": 0.26174682395245474, "x4": 8.706957536626353, "x5": 16.34129981464538, "x6": 17.330491752575593, "x7": 17.19841911327518, "x8": 0.16754130133714273, "x9": 2.1358402087449164}, "datetime": {"datetime": "2025-05-14 17:10:29", "elapsed": 2946.64063, "delta": 9.492657}}
{"target": 1.5102473789322068, "params": {"x0": 1.0788146724121555, "x1": 1.067097456908723, "x2": 9.0334213850249, "x3": 0.26174682395245796, "x4": 8.706957536626355, "x5": 16.341299814645378, "x6": 17.330491752575554, "x7": 17.198419113275172, "x8": 0.16754130133714468, "x9": 2.135840208744915}, "datetime": {"datetime": "2025-05-14 17:10:38", "elapsed": 2955.597142, "delta": 8.956512}}
{"target": 1.5102473789322068, "params": {"x0": 1.078814672412156, "x1": 1.0670974569087197, "x2": 9.0334213850249, "x3": 0.2617468239524564, "x4": 8.706957536626357, "x5": 16.341299814645385, "x6": 17.330491752575593, "x7": 17.198419113275175, "x8": 0.16754130133714146, "x9": 2.135840208744915}, "datetime": {"datetime": "2025-05-14 17:10:47", "elapsed": 2964.702461, "delta": 9.105319}}
{"target": 1.5102473789322068, "params": {"x0": 1.078814672412156, "x1": 1.0670974569087222, "x2": 9.033421385024901, "x3": 0.26174682395245635, "x4": 8.706957536626357, "x5": 16.34129981464538, "x6": 17.330491752575583, "x7": 17.198419113275172, "x8": 0.1675413013371409, "x9": 2.1358402087449155}, "datetime": {"datetime": "2025-05-14 17:10:56", "elapsed": 2973.446157, "delta": 8.743696}}
{"target": 1.5102473789322068, "params": {"x0": 1.0788146724121557, "x1": 1.067097456908721, "x2": 9.0334213850249, "x3": 0.26174682395245696, "x4": 8.706957536626355, "x5": 16.34129981464538, "x6": 17.33049175257556, "x7": 17.198419113275172, "x8": 0.16754130133714373, "x9": 2.135840208744916}, "datetime": {"datetime": "2025-05-14 17:11:07", "elapsed": 2983.733502, "delta": 10.287345}}
{"target": 1.5102473789322068, "params": {"x0": 1.0788146724121555, "x1": 1.0670974569087217, "x2": 9.033421385024901, "x3": 0.261746823952456, "x4": 8.706957536626355, "x5": 16.34129981464538, "x6": 17.330491752575604, "x7": 17.198419113275172, "x8": 0.16754130133714226, "x9": 2.135840208744915}, "datetime": {"datetime": "2025-05-14 17:11:15", "elapsed": 2992.397127, "delta": 8.663625}}
{"target": 1.5102473789322068, "params": {"x0": 1.078814672412156, "x1": 1.0670974569087217, "x2": 9.033421385024903, "x3": 0.26174682395245735, "x4": 8.706957536626355, "x5": 16.34129981464538, "x6": 17.330491752575572, "x7": 17.198419113275175, "x8": 0.16754130133714218, "x9": 2.1358402087449155}, "datetime": {"datetime": "2025-05-14 17:11:24", "elapsed": 3001.183617, "delta": 8.78649}}
{"target": 1.5102473789322068, "params": {"x0": 1.0788146724121557, "x1": 1.067097456908722, "x2": 9.033421385024903, "x3": 0.26174682395245524, "x4": 8.706957536626355, "x5": 16.34129981464538, "x6": 17.33049175257558, "x7": 17.198419113275175, "x8": 0.16754130133714218, "x9": 2.135840208744916}, "datetime": {"datetime": "2025-05-14 17:11:33", "elapsed": 3010.422236, "delta": 9.238619}}
{"target": 1.5102473789322068, "params": {"x0": 1.0788146724121557, "x1": 1.0670974569087213, "x2": 9.033421385024903, "x3": 0.26174682395245635, "x4": 8.706957536626355, "x5": 16.34129981464538, "x6": 17.330491752575576, "x7": 17.198419113275175, "x8": 0.1675413013371422, "x9": 2.1358402087449155}, "datetime": {"datetime": "2025-05-14 17:11:42", "elapsed": 3019.355275, "delta": 8.933039}}
{"target": 1.5102473789322068, "params": {"x0": 1.0788146724121557, "x1": 1.0670974569087202, "x2": 9.033421385024903, "x3": 0.26174682395245646, "x4": 8.706957536626355, "x5": 16.34129981464538, "x6": 17.330491752575593, "x7": 17.198419113275175, "x8": 0.16754130133714193, "x9": 2.135840208744915}, "datetime": {"datetime": "2025-05-14 17:11:51", "elapsed": 3028.266429, "delta": 8.911154}}
{"target": 1.5102473789322068, "params": {"x0": 1.0788146724121557, "x1": 1.06709745690872, "x2": 9.0334213850249, "x3": 0.26174682395245574, "x4": 8.706957536626355, "x5": 16.34129981464538, "x6": 17.330491752575597, "x7": 17.198419113275175, "x8": 0.16754130133714298, "x9": 2.1358402087449155}, "datetime": {"datetime": "2025-05-14 17:12:00", "elapsed": 3037.510718, "delta": 9.244289}}
{"target": 1.5102473789322068, "params": {"x0": 1.0788146724121557, "x1": 1.067097456908721, "x2": 9.033421385024901, "x3": 0.261746823952457, "x4": 8.706957536626355, "x5": 16.34129981464538, "x6": 17.330491752575597, "x7": 17.198419113275175, "x8": 0.16754130133714165, "x9": 2.1358402087449155}, "datetime": {"datetime": "2025-05-14 17:12:09", "elapsed": 3046.350857, "delta": 8.840139}}
{"target": 1.5102473789322068, "params": {"x0": 1.0788146724121557, "x1": 1.0670974569087197, "x2": 9.033421385024903, "x3": 0.2617468239524558, "x4": 8.706957536626355, "x5": 16.34129981464538, "x6": 17.3304917525756, "x7": 17.198419113275175, "x8": 0.16754130133714198, "x9": 2.1358402087449155}, "datetime": {"datetime": "2025-05-14 17:12:17", "elapsed": 3054.648292, "delta": 8.297435}}
