{"target": 1.5102473789322068, "params": {"x0": 1.0788146724144148, "x1": 1.0670974569824194, "x2": 9.033421385098647, "x3": 0.2617468239442449, "x4": 8.706957536641712, "x5": 16.34129981458185, "x6": 17.33049175416748, "x7": 17.198419113285965, "x8": 0.16754130141062035, "x9": 2.135840208760359}, "datetime": {"datetime": "2025-05-14 16:56:04", "elapsed": 2080.964773, "delta": 8.36983}}
{"target": 1.5102473789322068, "params": {"x0": 1.0788146724057608, "x1": 1.067097456902078, "x2": 9.033421385141903, "x3": 0.2617468240349989, "x4": 8.706957536659823, "x5": 16.341299814626673, "x6": 17.330491753962985, "x7": 17.19841911333578, "x8": 0.1675413014162271, "x9": 2.1358402087355746}, "datetime": {"datetime": "2025-05-14 16:56:12", "elapsed": 2089.504826, "delta": 8.540053}}
{"target": 1.5102473789322068, "params": {"x0": 1.0788146724067567, "x1": 1.0670974569541323, "x2": 9.033421385106651, "x3": 0.26174682400962723, "x4": 8.706957536613412, "x5": 16.341299814667554, "x6": 17.330491753750785, "x7": 17.198419113248917, "x8": 0.1675413014121838, "x9": 2.1358402087479194}, "datetime": {"datetime": "2025-05-14 16:56:21", "elapsed": 2098.26497, "delta": 8.760144}}
{"target": 1.5102473789322068, "params": {"x0": 1.0788146724161807, "x1": 1.0670974569740084, "x2": 9.033421385120766, "x3": 0.2617468240132908, "x4": 8.706957536646957, "x5": 16.34129981466467, "x6": 17.330491753752757, "x7": 17.198419113336573, "x8": 0.16754130139204407, "x9": 2.1358402087502903}, "datetime": {"datetime": "2025-05-14 16:56:29", "elapsed": 2106.684384, "delta": 8.419414}}
{"target": 1.5102473789322068, "params": {"x0": 1.0788146724093828, "x1": 1.0670974569427805, "x2": 9.033421385111524, "x3": 0.26174682401921046, "x4": 8.706957536649597, "x5": 16.341299814589906, "x6": 17.330491753602374, "x7": 17.198419113336673, "x8": 0.16754130139415718, "x9": 2.1358402087312447}, "datetime": {"datetime": "2025-05-14 16:56:38", "elapsed": 2114.809585, "delta": 8.125201}}
{"target": 1.5102473789322068, "params": {"x0": 1.078814672415699, "x1": 1.0670974569187384, "x2": 9.033421385098341, "x3": 0.2617468240172475, "x4": 8.706957536636953, "x5": 16.341299814694548, "x6": 17.330491753527486, "x7": 17.198419113326974, "x8": 0.16754130139256637, "x9": 2.135840208756072}, "datetime": {"datetime": "2025-05-14 16:56:46", "elapsed": 2123.083924, "delta": 8.274339}}
{"target": 1.5102473789322068, "params": {"x0": 1.0788146724102623, "x1": 1.0670974569379617, "x2": 9.033421385057858, "x3": 0.2617468240046195, "x4": 8.706957536643209, "x5": 16.341299814621962, "x6": 17.330491753429786, "x7": 17.1984191132645, "x8": 0.16754130136592793, "x9": 2.135840208749524}, "datetime": {"datetime": "2025-05-14 16:56:54", "elapsed": 2131.710352, "delta": 8.626428}}
{"target": 1.5102473789322068, "params": {"x0": 1.0788146724134804, "x1": 1.0670974569119918, "x2": 9.033421385082477, "x3": 0.26174682400188926, "x4": 8.706957536617711, "x5": 16.34129981465481, "x6": 17.330491753336954, "x7": 17.198419113246988, "x8": 0.16754130137197829, "x9": 2.135840208744511}, "datetime": {"datetime": "2025-05-14 16:57:03", "elapsed": 2140.42972, "delta": 8.719368}}
{"target": 1.5102473789322068, "params": {"x0": 1.0788146724152894, "x1": 1.0670974569411744, "x2": 9.033421385075581, "x3": 0.26174682391649506, "x4": 8.706957536639154, "x5": 16.341299814667074, "x6": 17.330491753211028, "x7": 17.198419113300968, "x8": 0.16754130137528028, "x9": 2.1358402087481116}, "datetime": {"datetime": "2025-05-14 16:57:11", "elapsed": 2148.543807, "delta": 8.114087}}
{"target": 1.5102473789322068, "params": {"x0": 1.0788146724103094, "x1": 1.0670974569382892, "x2": 9.033421385062564, "x3": 0.2617468239523435, "x4": 8.7069575366209, "x5": 16.341299814648142, "x6": 17.330491753180087, "x7": 17.198419113293234, "x8": 0.16754130136633025, "x9": 2.135840208737102}, "datetime": {"datetime": "2025-05-14 16:57:20", "elapsed": 2156.865812, "delta": 8.322005}}
{"target": 1.5102473789322068, "params": {"x0": 1.0788146724112524, "x1": 1.0670974569306946, "x2": 9.03342138505617, "x3": 0.26174682396695076, "x4": 8.706957536640061, "x5": 16.34129981464088, "x6": 17.330491753134556, "x7": 17.198419113295135, "x8": 0.16754130135809628, "x9": 2.1358402087382546}, "datetime": {"datetime": "2025-05-14 16:57:29", "elapsed": 2165.914268, "delta": 9.048456}}
{"target": 1.5102473789322068, "params": {"x0": 1.0788146724116061, "x1": 1.067097456919937, "x2": 9.03342138506308, "x3": 0.2617468239767611, "x4": 8.706957536632975, "x5": 16.341299814663266, "x6": 17.330491753045624, "x7": 17.19841911328913, "x8": 0.16754130136487547, "x9": 2.135840208751692}, "datetime": {"datetime": "2025-05-14 16:57:37", "elapsed": 2173.991379, "delta": 8.077111}}
{"target": 1.5102473789322068, "params": {"x0": 1.0788146724131813, "x1": 1.0670974569109284, "x2": 9.033421385022356, "x3": 0.2617468239693151, "x4": 8.706957536616468, "x5": 16.341299814652118, "x6": 17.33049175302458, "x7": 17.19841911329264, "x8": 0.16754130135697504, "x9": 2.135840208749744}, "datetime": {"datetime": "2025-05-14 16:57:45", "elapsed": 2182.346914, "delta": 8.355535}}
{"target": 1.5102473789322068, "params": {"x0": 1.0788146724127887, "x1": 1.067097456926723, "x2": 9.033421385051593, "x3": 0.261746823978397, "x4": 8.706957536635576, "x5": 16.341299814627956, "x6": 17.330491752925685, "x7": 17.198419113270287, "x8": 0.16754130135876072, "x9": 2.135840208740992}, "datetime": {"datetime": "2025-05-14 16:57:53", "elapsed": 2190.49303, "delta": 8.146116}}
{"target": 1.5102473789322068, "params": {"x0": 1.0788146724113432, "x1": 1.0670974569206293, "x2": 9.03342138504146, "x3": 0.2617468239736357, "x4": 8.706957536633398, "x5": 16.341299814629892, "x6": 17.330491752806488, "x7": 17.198419113262684, "x8": 0.16754130135842, "x9": 2.1358402087446846}, "datetime": {"datetime": "2025-05-14 16:58:02", "elapsed": 2198.851953, "delta": 8.358923}}
{"target": 1.5102473789322068, "params": {"x0": 1.0788146724115748, "x1": 1.0670974569094147, "x2": 9.033421385049692, "x3": 0.261746823958291, "x4": 8.7069575366229, "x5": 16.341299814660836, "x6": 17.33049175290677, "x7": 17.198419113256, "x8": 0.1675413013304277, "x9": 2.1358402087466173}, "datetime": {"datetime": "2025-05-14 16:58:10", "elapsed": 2207.057292, "delta": 8.205339}}
{"target": 1.5102473789322068, "params": {"x0": 1.0788146724127619, "x1": 1.0670974569135716, "x2": 9.033421385047987, "x3": 0.2617468239495635, "x4": 8.7069575366216, "x5": 16.34129981463262, "x6": 17.33049175287451, "x7": 17.19841911328551, "x8": 0.1675413013486938, "x9": 2.1358402087414174}, "datetime": {"datetime": "2025-05-14 16:58:19", "elapsed": 2215.764611, "delta": 8.707319}}
{"target": 1.5102473789322068, "params": {"x0": 1.0788146724131569, "x1": 1.067097456899532, "x2": 9.033421385045559, "x3": 0.26174682396630006, "x4": 8.70695753662066, "x5": 16.341299814636525, "x6": 17.330491752810257, "x7": 17.19841911326001, "x8": 0.1675413013526449, "x9": 2.1358402087425383}, "datetime": {"datetime": "2025-05-14 16:58:27", "elapsed": 2224.121499, "delta": 8.356888}}
{"target": 1.5102473789322068, "params": {"x0": 1.0788146724118333, "x1": 1.0670974569157476, "x2": 9.033421385045434, "x3": 0.26174682394084603, "x4": 8.706957536629728, "x5": 16.34129981464068, "x6": 17.330491752803386, "x7": 17.198419113286835, "x8": 0.16754130132780046, "x9": 2.135840208747688}, "datetime": {"datetime": "2025-05-14 16:58:36", "elapsed": 2232.91768, "delta": 8.796181}}
{"target": 1.5102473789322068, "params": {"x0": 1.078814672413112, "x1": 1.0670974569210894, "x2": 9.03342138504331, "x3": 0.2617468239624911, "x4": 8.706957536628071, "x5": 16.34129981463624, "x6": 17.330491752762605, "x7": 17.19841911327595, "x8": 0.16754130133956857, "x9": 2.1358402087423993}, "datetime": {"datetime": "2025-05-14 16:58:45", "elapsed": 2241.771368, "delta": 8.853688}}
{"target": 1.5102473789322068, "params": {"x0": 1.0788146724130014, "x1": 1.067097456897959, "x2": 9.033421385022237, "x3": 0.26174682395551296, "x4": 8.70695753662911, "x5": 16.3412998146498, "x6": 17.3304917527489, "x7": 17.19841911328805, "x8": 0.1675413013413422, "x9": 2.135840208742911}, "datetime": {"datetime": "2025-05-14 16:58:53", "elapsed": 2250.265929, "delta": 8.494561}}
{"target": 1.5102473789322068, "params": {"x0": 1.0788146724123246, "x1": 1.0670974569174163, "x2": 9.033421385033808, "x3": 0.2617468239639675, "x4": 8.706957536627463, "x5": 16.341299814645527, "x6": 17.330491752749722, "x7": 17.198419113268187, "x8": 0.1675413013368075, "x9": 2.135840208743423}, "datetime": {"datetime": "2025-05-14 16:59:02", "elapsed": 2259.594139, "delta": 9.32821}}
{"target": 1.5102473789322068, "params": {"x0": 1.0788146724128687, "x1": 1.0670974569176694, "x2": 9.03342138503525, "x3": 0.2617468239531457, "x4": 8.706957536626172, "x5": 16.341299814649172, "x6": 17.330491752731017, "x7": 17.19841911326765, "x8": 0.16754130134603293, "x9": 2.1358402087461292}, "datetime": {"datetime": "2025-05-14 16:59:11", "elapsed": 2268.094994, "delta": 8.500855}}
{"target": 1.5102473789322068, "params": {"x0": 1.0788146724123542, "x1": 1.067097456902327, "x2": 9.033421385032053, "x3": 0.26174682395987114, "x4": 8.70695753662646, "x5": 16.34129981465281, "x6": 17.330491752711254, "x7": 17.19841911327818, "x8": 0.16754130133665326, "x9": 2.1358402087457304}, "datetime": {"datetime": "2025-05-14 16:59:19", "elapsed": 2276.439684, "delta": 8.34469}}
{"target": 1.5102473789322068, "params": {"x0": 1.0788146724117076, "x1": 1.067097456909418, "x2": 9.033421385035199, "x3": 0.2617468239569611, "x4": 8.706957536625756, "x5": 16.34129981464261, "x6": 17.33049175270363, "x7": 17.198419113272802, "x8": 0.167541301334883, "x9": 2.1358402087467097}, "datetime": {"datetime": "2025-05-14 16:59:28", "elapsed": 2285.220162, "delta": 8.780478}}
{"target": 1.5102473789322068, "params": {"x0": 1.07881467241168, "x1": 1.0670974569133154, "x2": 9.033421385028877, "x3": 0.2617468239478763, "x4": 8.706957536626106, "x5": 16.341299814641566, "x6": 17.33049175265757, "x7": 17.198419113273108, "x8": 0.1675413013438641, "x9": 2.1358402087449866}, "datetime": {"datetime": "2025-05-14 16:59:37", "elapsed": 2293.759443, "delta": 8.539281}}
{"target": 1.5102473789322068, "params": {"x0": 1.078814672412516, "x1": 1.0670974569115363, "x2": 9.033421385020132, "x3": 0.26174682394867843, "x4": 8.706957536628023, "x5": 16.34129981464957, "x6": 17.330491752670618, "x7": 17.198419113274667, "x8": 0.1675413013380802, "x9": 2.13584020874484}, "datetime": {"datetime": "2025-05-14 16:59:45", "elapsed": 2302.234522, "delta": 8.475079}}
{"target": 1.5102473789322068, "params": {"x0": 1.0788146724125738, "x1": 1.0670974569140874, "x2": 9.033421385018299, "x3": 0.26174682395384846, "x4": 8.706957536624904, "x5": 16.34129981464431, "x6": 17.3304917526492, "x7": 17.198419113272088, "x8": 0.16754130134033146, "x9": 2.135840208744706}, "datetime": {"datetime": "2025-05-14 16:59:53", "elapsed": 2310.643193, "delta": 8.408671}}
{"target": 1.5102473789322068, "params": {"x0": 1.0788146724121377, "x1": 1.0670974569112788, "x2": 9.03342138502557, "x3": 0.2617468239496356, "x4": 8.706957536624977, "x5": 16.341299814642937, "x6": 17.330491752652133, "x7": 17.198419113278767, "x8": 0.16754130134018164, "x9": 2.1358402087447397}, "datetime": {"datetime": "2025-05-14 17:00:02", "elapsed": 2319.091426, "delta": 8.448233}}
{"target": 1.5102473789322068, "params": {"x0": 1.0788146724125016, "x1": 1.0670974569121388, "x2": 9.033421385030742, "x3": 0.26174682395358506, "x4": 8.706957536626073, "x5": 16.34129981464782, "x6": 17.330491752593307, "x7": 17.19841911327751, "x8": 0.16754130134140305, "x9": 2.1358402087449684}, "datetime": {"datetime": "2025-05-14 17:00:11", "elapsed": 2328.405452, "delta": 9.314026}}
{"target": 1.5102473789322068, "params": {"x0": 1.078814672412132, "x1": 1.0670974569117542, "x2": 9.033421385029403, "x3": 0.2617468239529458, "x4": 8.706957536628229, "x5": 16.34129981464349, "x6": 17.33049175263765, "x7": 17.19841911327081, "x8": 0.16754130133636347, "x9": 2.135840208744503}, "datetime": {"datetime": "2025-05-14 17:00:20", "elapsed": 2337.018728, "delta": 8.613276}}
{"target": 1.5102473789322068, "params": {"x0": 1.0788146724120462, "x1": 1.067097456911744, "x2": 9.033421385026402, "x3": 0.2617468239503025, "x4": 8.70695753662624, "x5": 16.341299814646806, "x6": 17.33049175261898, "x7": 17.198419113278835, "x8": 0.167541301335199, "x9": 2.135840208744676}, "datetime": {"datetime": "2025-05-14 17:00:28", "elapsed": 2345.123036, "delta": 8.104308}}
{"target": 1.5102473789322068, "params": {"x0": 1.078814672411983, "x1": 1.0670974569104679, "x2": 9.033421385029513, "x3": 0.2617468239546361, "x4": 8.706957536627225, "x5": 16.34129981464612, "x6": 17.330491752572794, "x7": 17.198419113274813, "x8": 0.16754130133966852, "x9": 2.135840208745264}, "datetime": {"datetime": "2025-05-14 17:00:37", "elapsed": 2353.902309, "delta": 8.779273}}
{"target": 1.5102473789322068, "params": {"x0": 1.078814672412358, "x1": 1.0670974569096212, "x2": 9.033421385020672, "x3": 0.2617468239550273, "x4": 8.706957536626248, "x5": 16.34129981464591, "x6": 17.33049175261375, "x7": 17.19841911327301, "x8": 0.1675413013377329, "x9": 2.135840208744446}, "datetime": {"datetime": "2025-05-14 17:00:45", "elapsed": 2362.56323, "delta": 8.660921}}
{"target": 1.5102473789322068, "params": {"x0": 1.078814672412168, "x1": 1.0670974569062774, "x2": 9.033421385022514, "x3": 0.2617468239522352, "x4": 8.706957536627336, "x5": 16.341299814643172, "x6": 17.330491752614755, "x7": 17.198419113276486, "x8": 0.16754130133455125, "x9": 2.1358402087448796}, "datetime": {"datetime": "2025-05-14 17:00:54", "elapsed": 2371.376644, "delta": 8.813414}}
{"target": 1.5102473789322068, "params": {"x0": 1.0788146724121481, "x1": 1.0670974569081715, "x2": 9.033421385026799, "x3": 0.26174682395103693, "x4": 8.706957536626883, "x5": 16.34129981464558, "x6": 17.330491752612602, "x7": 17.198419113277176, "x8": 0.16754130133488465, "x9": 2.1358402087454333}, "datetime": {"datetime": "2025-05-14 17:01:03", "elapsed": 2380.232103, "delta": 8.855459}}
{"target": 1.5102473789322068, "params": {"x0": 1.07881467241217, "x1": 1.067097456910326, "x2": 9.03342138502463, "x3": 0.26174682395249255, "x4": 8.706957536627245, "x5": 16.341299814643463, "x6": 17.330491752608197, "x7": 17.198419113274475, "x8": 0.16754130133917639, "x9": 2.1358402087446744}, "datetime": {"datetime": "2025-05-14 17:01:11", "elapsed": 2388.66256, "delta": 8.430457}}
{"target": 1.5102473789322068, "params": {"x0": 1.0788146724121717, "x1": 1.0670974569079228, "x2": 9.033421385023452, "x3": 0.2617468239524665, "x4": 8.706957536625907, "x5": 16.341299814646206, "x6": 17.33049175258449, "x7": 17.198419113275186, "x8": 0.1675413013386519, "x9": 2.1358402087452886}, "datetime": {"datetime": "2025-05-14 17:01:20", "elapsed": 2397.365096, "delta": 8.702536}}
{"target": 1.5102473789322068, "params": {"x0": 1.0788146724120566, "x1": 1.0670974569090161, "x2": 9.03342138502503, "x3": 0.2617468239534384, "x4": 8.706957536626144, "x5": 16.341299814644504, "x6": 17.33049175258052, "x7": 17.19841911327472, "x8": 0.16754130133772618, "x9": 2.1358402087446713}, "datetime": {"datetime": "2025-05-14 17:01:29", "elapsed": 2406.278098, "delta": 8.913002}}
{"target": 1.5102473789322068, "params": {"x0": 1.0788146724120666, "x1": 1.0670974569091782, "x2": 9.033421385025774, "x3": 0.2617468239528201, "x4": 8.706957536626952, "x5": 16.341299814645993, "x6": 17.330491752590735, "x7": 17.198419113275296, "x8": 0.16754130133796236, "x9": 2.1358402087452926}, "datetime": {"datetime": "2025-05-14 17:01:37", "elapsed": 2414.717784, "delta": 8.439686}}
{"target": 1.5102473789322068, "params": {"x0": 1.0788146724121281, "x1": 1.0670974569095126, "x2": 9.033421385024672, "x3": 0.26174682395102034, "x4": 8.706957536626739, "x5": 16.34129981464545, "x6": 17.33049175256363, "x7": 17.198419113274177, "x8": 0.16754130133800713, "x9": 2.1358402087446335}, "datetime": {"datetime": "2025-05-14 17:01:47", "elapsed": 2424.169761, "delta": 9.451977}}
{"target": 1.5102473789322068, "params": {"x0": 1.078814672412091, "x1": 1.0670974569097045, "x2": 9.033421385024027, "x3": 0.2617468239525413, "x4": 8.706957536626543, "x5": 16.341299814645296, "x6": 17.330491752590973, "x7": 17.198419113275538, "x8": 0.16754130133663128, "x9": 2.135840208744932}, "datetime": {"datetime": "2025-05-14 17:01:56", "elapsed": 2433.191632, "delta": 9.021871}}
{"target": 1.5102473789322068, "params": {"x0": 1.0788146724122158, "x1": 1.0670974569098461, "x2": 9.0334213850248, "x3": 0.26174682395310556, "x4": 8.706957536626794, "x5": 16.341299814645915, "x6": 17.330491752574456, "x7": 17.19841911327396, "x8": 0.16754130133722414, "x9": 2.135840208744832}, "datetime": {"datetime": "2025-05-14 17:02:04", "elapsed": 2441.446829, "delta": 8.255197}}
{"target": 1.5102473789322068, "params": {"x0": 1.0788146724121823, "x1": 1.0670974569083984, "x2": 9.03342138502453, "x3": 0.2617468239516174, "x4": 8.706957536626753, "x5": 16.341299814646035, "x6": 17.330491752587726, "x7": 17.198419113275353, "x8": 0.16754130133687106, "x9": 2.135840208744671}, "datetime": {"datetime": "2025-05-14 17:02:13", "elapsed": 2450.307595, "delta": 8.860766}}
{"target": 1.5102473789322068, "params": {"x0": 1.0788146724120837, "x1": 1.0670974569090736, "x2": 9.033421385024504, "x3": 0.26174682395148136, "x4": 8.706957536626058, "x5": 16.34129981464549, "x6": 17.33049175258744, "x7": 17.19841911327431, "x8": 0.16754130133691553, "x9": 2.1358402087449133}, "datetime": {"datetime": "2025-05-14 17:02:22", "elapsed": 2458.988592, "delta": 8.680997}}
{"target": 1.5102473789322068, "params": {"x0": 1.0788146724122054, "x1": 1.0670974569091325, "x2": 9.03342138502584, "x3": 0.26174682395188476, "x4": 8.706957536626009, "x5": 16.341299814645616, "x6": 17.330491752588014, "x7": 17.198419113275072, "x8": 0.16754130133789458, "x9": 2.1358402087450963}, "datetime": {"datetime": "2025-05-14 17:02:31", "elapsed": 2468.199043, "delta": 9.210451}}
{"target": 1.5102473789322068, "params": {"x0": 1.0788146724121066, "x1": 1.0670974569084917, "x2": 9.033421385025672, "x3": 0.26174682395228915, "x4": 8.706957536626252, "x5": 16.341299814645765, "x6": 17.33049175258755, "x7": 17.198419113274607, "x8": 0.1675413013377915, "x9": 2.135840208744854}, "datetime": {"datetime": "2025-05-14 17:02:40", "elapsed": 2476.986871, "delta": 8.787828}}
{"target": 1.5102473789322068, "params": {"x0": 1.0788146724121244, "x1": 1.0670974569093001, "x2": 9.033421385025179, "x3": 0.2617468239518074, "x4": 8.70695753662605, "x5": 16.341299814646028, "x6": 17.33049175258401, "x7": 17.198419113275794, "x8": 0.16754130133731535, "x9": 2.1358402087448556}, "datetime": {"datetime": "2025-05-14 17:02:49", "elapsed": 2485.966606, "delta": 8.979735}}
{"target": 1.5102473789322068, "params": {"x0": 1.0788146724121834, "x1": 1.0670974569088123, "x2": 9.033421385025042, "x3": 0.26174682395192966, "x4": 8.706957536626442, "x5": 16.341299814645037, "x6": 17.330491752582258, "x7": 17.19841911327521, "x8": 0.16754130133713058, "x9": 2.1358402087448582}, "datetime": {"datetime": "2025-05-14 17:02:58", "elapsed": 2495.027394, "delta": 9.060788}}
{"target": 1.5102473789322068, "params": {"x0": 1.0788146724121541, "x1": 1.0670974569085754, "x2": 9.03342138502434, "x3": 0.261746823952542, "x4": 8.706957536626517, "x5": 16.34129981464524, "x6": 17.330491752566456, "x7": 17.198419113275367, "x8": 0.16754130133759862, "x9": 2.135840208744938}, "datetime": {"datetime": "2025-05-14 17:03:07", "elapsed": 2504.338824, "delta": 9.31143}}
{"target": 1.5102473789322068, "params": {"x0": 1.0788146724121388, "x1": 1.0670974569083007, "x2": 9.033421385024234, "x3": 0.261746823952708, "x4": 8.706957536626483, "x5": 16.34129981464571, "x6": 17.330491752581118, "x7": 17.198419113275598, "x8": 0.1675413013369192, "x9": 2.1358402087448916}, "datetime": {"datetime": "2025-05-14 17:03:16", "elapsed": 2513.033824, "delta": 8.695}}
{"target": 1.5102473789322068, "params": {"x0": 1.0788146724121583, "x1": 1.0670974569084477, "x2": 9.033421385024889, "x3": 0.26174682395216364, "x4": 8.706957536626508, "x5": 16.341299814644973, "x6": 17.330491752569937, "x7": 17.19841911327487, "x8": 0.1675413013368515, "x9": 2.1358402087448587}, "datetime": {"datetime": "2025-05-14 17:03:25", "elapsed": 2522.012816, "delta": 8.978992}}
{"target": 1.5102473789322068, "params": {"x0": 1.0788146724121779, "x1": 1.0670974569087603, "x2": 9.033421385025267, "x3": 0.2617468239520077, "x4": 8.70695753662633, "x5": 16.341299814645545, "x6": 17.330491752576172, "x7": 17.198419113275587, "x8": 0.16754130133707845, "x9": 2.135840208744923}, "datetime": {"datetime": "2025-05-14 17:03:34", "elapsed": 2531.537929, "delta": 9.525113}}
{"target": 1.5102473789322068, "params": {"x0": 1.0788146724121568, "x1": 1.0670974569088707, "x2": 9.033421385025013, "x3": 0.26174682395206283, "x4": 8.706957536626406, "x5": 16.34129981464557, "x6": 17.330491752576094, "x7": 17.1984191132754, "x8": 0.1675413013371091, "x9": 2.135840208744929}, "datetime": {"datetime": "2025-05-14 17:03:44", "elapsed": 2540.816707, "delta": 9.278778}}
{"target": 1.5102473789322068, "params": {"x0": 1.078814672412173, "x1": 1.0670974569087042, "x2": 9.033421385025301, "x3": 0.26174682395246673, "x4": 8.706957536626406, "x5": 16.34129981464564, "x6": 17.330491752570673, "x7": 17.198419113274824, "x8": 0.16754130133740402, "x9": 2.1358402087448436}, "datetime": {"datetime": "2025-05-14 17:03:52", "elapsed": 2549.551471, "delta": 8.734764}}
{"target": 1.5102473789322068, "params": {"x0": 1.0788146724121395, "x1": 1.0670974569088292, "x2": 9.03342138502473, "x3": 0.26174682395247956, "x4": 8.70695753662648, "x5": 16.34129981464518, "x6": 17.3304917525774, "x7": 17.198419113274873, "x8": 0.1675413013368919, "x9": 2.1358402087449417}, "datetime": {"datetime": "2025-05-14 17:04:01", "elapsed": 2557.87276, "delta": 8.321289}}
