{"target": 1.5102473789322068, "params": {"x0": 1.0788146724121557, "x1": 1.0670974569087206, "x2": 9.033421385024901, "x3": 0.261746823952456, "x4": 8.706957536626355, "x5": 16.34129981464538, "x6": 17.330491752575583, "x7": 17.198419113275175, "x8": 0.1675413013371423, "x9": 2.1358402087449155}, "datetime": {"datetime": "2025-05-14 17:12:26", "elapsed": 3063.59629, "delta": 8.947998}}
{"target": 1.5102473789322068, "params": {"x0": 1.0788146724121557, "x1": 1.0670974569087213, "x2": 9.0334213850249, "x3": 0.2617468239524572, "x4": 8.706957536626355, "x5": 16.34129981464538, "x6": 17.33049175257558, "x7": 17.198419113275175, "x8": 0.16754130133714276, "x9": 2.1358402087449155}, "datetime": {"datetime": "2025-05-14 17:12:36", "elapsed": 3073.020534, "delta": 9.424244}}
{"target": 1.5102473789322068, "params": {"x0": 1.0788146724121557, "x1": 1.0670974569087213, "x2": 9.033421385024901, "x3": 0.2617468239524561, "x4": 8.706957536626355, "x5": 16.34129981464538, "x6": 17.330491752575593, "x7": 17.198419113275175, "x8": 0.1675413013371426, "x9": 2.1358402087449155}, "datetime": {"datetime": "2025-05-14 17:12:44", "elapsed": 3081.583375, "delta": 8.562841}}
{"target": 1.5102473789322068, "params": {"x0": 1.0788146724121557, "x1": 1.067097456908721, "x2": 9.033421385024901, "x3": 0.2617468239524565, "x4": 8.706957536626355, "x5": 16.34129981464538, "x6": 17.330491752575586, "x7": 17.198419113275175, "x8": 0.16754130133714257, "x9": 2.1358402087449155}, "datetime": {"datetime": "2025-05-14 17:12:53", "elapsed": 3090.214898, "delta": 8.631523}}
{"target": 1.5102473789322068, "params": {"x0": 1.0788146724121557, "x1": 1.0670974569087202, "x2": 9.033421385024901, "x3": 0.26174682395245663, "x4": 8.706957536626355, "x5": 16.34129981464538, "x6": 17.330491752575597, "x7": 17.198419113275175, "x8": 0.1675413013371421, "x9": 2.1358402087449155}, "datetime": {"datetime": "2025-05-14 17:13:02", "elapsed": 3099.431923, "delta": 9.217025}}
{"target": 1.5102473789322068, "params": {"x0": 1.0788146724121557, "x1": 1.0670974569087202, "x2": 9.033421385024901, "x3": 0.26174682395245635, "x4": 8.706957536626355, "x5": 16.34129981464538, "x6": 17.330491752575597, "x7": 17.198419113275175, "x8": 0.1675413013371425, "x9": 2.1358402087449155}, "datetime": {"datetime": "2025-05-14 17:13:12", "elapsed": 3108.86353, "delta": 9.431607}}
{"target": 1.5102473789322068, "params": {"x0": 1.0788146724121557, "x1": 1.0670974569087208, "x2": 9.033421385024901, "x3": 0.2617468239524566, "x4": 8.706957536626355, "x5": 16.34129981464538, "x6": 17.330491752575583, "x7": 17.198419113275175, "x8": 0.16754130133714218, "x9": 2.1358402087449155}, "datetime": {"datetime": "2025-05-14 17:13:21", "elapsed": 3117.847293, "delta": 8.983763}}
{"target": 1.5102473789322068, "params": {"x0": 1.0788146724121557, "x1": 1.067097456908721, "x2": 9.033421385024901, "x3": 0.26174682395245696, "x4": 8.706957536626355, "x5": 16.34129981464538, "x6": 17.330491752575586, "x7": 17.198419113275175, "x8": 0.1675413013371426, "x9": 2.1358402087449155}, "datetime": {"datetime": "2025-05-14 17:13:31", "elapsed": 3127.868766, "delta": 10.021473}}
{"target": 1.5102473789322068, "params": {"x0": 1.0788146724121557, "x1": 1.0670974569087206, "x2": 9.033421385024901, "x3": 0.2617468239524564, "x4": 8.706957536626355, "x5": 16.34129981464538, "x6": 17.330491752575593, "x7": 17.198419113275175, "x8": 0.16754130133714223, "x9": 2.1358402087449155}, "datetime": {"datetime": "2025-05-14 17:13:40", "elapsed": 3137.10177, "delta": 9.233004}}
{"target": 1.5102473789322068, "params": {"x0": 1.0788146724121557, "x1": 1.0670974569087208, "x2": 9.033421385024901, "x3": 0.26174682395245646, "x4": 8.706957536626355, "x5": 16.34129981464538, "x6": 17.33049175257559, "x7": 17.198419113275175, "x8": 0.16754130133714265, "x9": 2.1358402087449155}, "datetime": {"datetime": "2025-05-14 17:13:50", "elapsed": 3147.720203, "delta": 10.618433}}
{"target": 1.5102473789322068, "params": {"x0": 1.0788146724121557, "x1": 1.0670974569087206, "x2": 9.033421385024901, "x3": 0.2617468239524566, "x4": 8.706957536626355, "x5": 16.34129981464538, "x6": 17.33049175257559, "x7": 17.198419113275175, "x8": 0.16754130133714246, "x9": 2.1358402087449155}, "datetime": {"datetime": "2025-05-14 17:14:00", "elapsed": 3157.500058, "delta": 9.779855}}
{"target": 1.5102473789322068, "params": {"x0": 1.0788146724121557, "x1": 1.0670974569087204, "x2": 9.033421385024901, "x3": 0.2617468239524565, "x4": 8.706957536626355, "x5": 16.34129981464538, "x6": 17.330491752575593, "x7": 17.198419113275175, "x8": 0.1675413013371423, "x9": 2.1358402087449155}, "datetime": {"datetime": "2025-05-14 17:14:09", "elapsed": 3166.463717, "delta": 8.963659}}
{"target": 1.5102473789322068, "params": {"x0": 1.0788146724121557, "x1": 1.0670974569087206, "x2": 9.033421385024901, "x3": 0.2617468239524567, "x4": 8.706957536626355, "x5": 16.34129981464538, "x6": 17.33049175257559, "x7": 17.198419113275175, "x8": 0.16754130133714243, "x9": 2.1358402087449155}, "datetime": {"datetime": "2025-05-14 17:14:19", "elapsed": 3175.842697, "delta": 9.37898}}
{"target": 1.5102473789322068, "params": {"x0": 1.0788146724121557, "x1": 1.0670974569087208, "x2": 9.033421385024901, "x3": 0.2617468239524565, "x4": 8.706957536626355, "x5": 16.34129981464538, "x6": 17.33049175257559, "x7": 17.198419113275175, "x8": 0.16754130133714254, "x9": 2.1358402087449155}, "datetime": {"datetime": "2025-05-14 17:14:28", "elapsed": 3185.616554, "delta": 9.773857}}
{"target": 1.5102473789322068, "params": {"x0": 1.0788146724121557, "x1": 1.0670974569087204, "x2": 9.033421385024901, "x3": 0.26174682395245663, "x4": 8.706957536626355, "x5": 16.34129981464538, "x6": 17.330491752575593, "x7": 17.198419113275175, "x8": 0.16754130133714226, "x9": 2.1358402087449155}, "datetime": {"datetime": "2025-05-14 17:14:37", "elapsed": 3194.10693, "delta": 8.490376}}
{"target": 1.5102473789322068, "params": {"x0": 1.0788146724121557, "x1": 1.0670974569087204, "x2": 9.033421385024901, "x3": 0.26174682395245674, "x4": 8.706957536626355, "x5": 16.34129981464538, "x6": 17.330491752575586, "x7": 17.198419113275175, "x8": 0.16754130133714232, "x9": 2.1358402087449155}, "datetime": {"datetime": "2025-05-14 17:14:47", "elapsed": 3204.059014, "delta": 9.952084}}
{"target": 1.5102473789322068, "params": {"x0": 1.0788146724121557, "x1": 1.0670974569087208, "x2": 9.033421385024901, "x3": 0.2617468239524568, "x4": 8.706957536626355, "x5": 16.34129981464538, "x6": 17.330491752575593, "x7": 17.198419113275175, "x8": 0.1675413013371423, "x9": 2.1358402087449155}, "datetime": {"datetime": "2025-05-14 17:14:56", "elapsed": 3213.704463, "delta": 9.645449}}
{"target": 1.5102473789322068, "params": {"x0": 1.0788146724121557, "x1": 1.0670974569087204, "x2": 9.033421385024901, "x3": 0.26174682395245674, "x4": 8.706957536626355, "x5": 16.34129981464538, "x6": 17.33049175257559, "x7": 17.198419113275175, "x8": 0.16754130133714232, "x9": 2.1358402087449155}, "datetime": {"datetime": "2025-05-14 17:15:07", "elapsed": 3223.889889, "delta": 10.185426}}
{"target": 1.5102473789322068, "params": {"x0": 1.0788146724121557, "x1": 1.0670974569087206, "x2": 9.033421385024901, "x3": 0.2617468239524566, "x4": 8.706957536626355, "x5": 16.34129981464538, "x6": 17.330491752575593, "x7": 17.198419113275175, "x8": 0.1675413013371423, "x9": 2.1358402087449155}, "datetime": {"datetime": "2025-05-14 17:15:17", "elapsed": 3234.214221, "delta": 10.324332}}
{"target": 1.5102473789322068, "params": {"x0": 1.0788146724121557, "x1": 1.0670974569087206, "x2": 9.033421385024901, "x3": 0.2617468239524565, "x4": 8.706957536626355, "x5": 16.34129981464538, "x6": 17.33049175257559, "x7": 17.198419113275175, "x8": 0.16754130133714243, "x9": 2.1358402087449155}, "datetime": {"datetime": "2025-05-14 17:15:26", "elapsed": 3242.785057, "delta": 8.570836}}
{"target": 1.5102473789322068, "params": {"x0": 1.0788146724121557, "x1": 1.0670974569087206, "x2": 9.033421385024901, "x3": 0.2617468239524567, "x4": 8.706957536626355, "x5": 16.34129981464538, "x6": 17.33049175257559, "x7": 17.198419113275175, "x8": 0.16754130133714243, "x9": 2.1358402087449155}, "datetime": {"datetime": "2025-05-14 17:15:35", "elapsed": 3251.823453, "delta": 9.038396}}
{"target": 1.5102473789322068, "params": {"x0": 1.0788146724121557, "x1": 1.0670974569087206, "x2": 9.033421385024901, "x3": 0.2617468239524565, "x4": 8.706957536626355, "x5": 16.34129981464538, "x6": 17.33049175257559, "x7": 17.198419113275175, "x8": 0.16754130133714246, "x9": 2.1358402087449155}, "datetime": {"datetime": "2025-05-14 17:15:43", "elapsed": 3260.616063, "delta": 8.79261}}
{"target": 1.5102473789322068, "params": {"x0": 1.0788146724121557, "x1": 1.0670974569087206, "x2": 9.033421385024901, "x3": 0.26174682395245663, "x4": 8.706957536626355, "x5": 16.34129981464538, "x6": 17.33049175257559, "x7": 17.198419113275175, "x8": 0.16754130133714243, "x9": 2.1358402087449155}, "datetime": {"datetime": "2025-05-14 17:15:53", "elapsed": 3269.926286, "delta": 9.310223}}
{"target": 1.5102473789322068, "params": {"x0": 1.0788146724121557, "x1": 1.0670974569087206, "x2": 9.033421385024901, "x3": 0.26174682395245663, "x4": 8.706957536626355, "x5": 16.34129981464538, "x6": 17.33049175257559, "x7": 17.198419113275175, "x8": 0.16754130133714237, "x9": 2.1358402087449155}, "datetime": {"datetime": "2025-05-14 17:16:01", "elapsed": 3278.594748, "delta": 8.668462}}
{"target": 1.5102473789322068, "params": {"x0": 1.0788146724121557, "x1": 1.0670974569087206, "x2": 9.033421385024901, "x3": 0.2617468239524567, "x4": 8.706957536626355, "x5": 16.34129981464538, "x6": 17.33049175257559, "x7": 17.198419113275175, "x8": 0.16754130133714243, "x9": 2.1358402087449155}, "datetime": {"datetime": "2025-05-14 17:16:10", "elapsed": 3287.669202, "delta": 9.074454}}
{"target": 1.5102473789322068, "params": {"x0": 1.0788146724121557, "x1": 1.0670974569087206, "x2": 9.033421385024901, "x3": 0.2617468239524566, "x4": 8.706957536626355, "x5": 16.34129981464538, "x6": 17.33049175257559, "x7": 17.198419113275175, "x8": 0.16754130133714237, "x9": 2.1358402087449155}, "datetime": {"datetime": "2025-05-14 17:16:20", "elapsed": 3297.385055, "delta": 9.715853}}
{"target": 1.5102473789322068, "params": {"x0": 1.0788146724121557, "x1": 1.0670974569087206, "x2": 9.033421385024901, "x3": 0.2617468239524567, "x4": 8.706957536626355, "x5": 16.34129981464538, "x6": 17.33049175257559, "x7": 17.198419113275175, "x8": 0.16754130133714246, "x9": 2.1358402087449155}, "datetime": {"datetime": "2025-05-14 17:16:30", "elapsed": 3306.812897, "delta": 9.427842}}
{"target": 1.5102473789322068, "params": {"x0": 1.0788146724121557, "x1": 1.0670974569087206, "x2": 9.033421385024901, "x3": 0.26174682395245663, "x4": 8.706957536626355, "x5": 16.34129981464538, "x6": 17.33049175257559, "x7": 17.198419113275175, "x8": 0.1675413013371424, "x9": 2.1358402087449155}, "datetime": {"datetime": "2025-05-14 17:16:38", "elapsed": 3315.235967, "delta": 8.42307}}
{"target": 1.5102473789322068, "params": {"x0": 1.0788146724121557, "x1": 1.0670974569087206, "x2": 9.033421385024901, "x3": 0.26174682395245663, "x4": 8.706957536626355, "x5": 16.34129981464538, "x6": 17.33049175257559, "x7": 17.198419113275175, "x8": 0.1675413013371424, "x9": 2.1358402087449155}, "datetime": {"datetime": "2025-05-14 17:16:47", "elapsed": 3323.852265, "delta": 8.616298}}
{"target": 1.5102473789322068, "params": {"x0": 1.0788146724121557, "x1": 1.0670974569087206, "x2": 9.033421385024901, "x3": 0.2617468239524567, "x4": 8.706957536626355, "x5": 16.34129981464538, "x6": 17.33049175257559, "x7": 17.198419113275175, "x8": 0.16754130133714243, "x9": 2.1358402087449155}, "datetime": {"datetime": "2025-05-14 17:16:57", "elapsed": 3334.312883, "delta": 10.460618}}
{"target": 1.5102473789322068, "params": {"x0": 1.0788146724121557, "x1": 1.0670974569087206, "x2": 9.033421385024901, "x3": 0.2617468239524567, "x4": 8.706957536626355, "x5": 16.34129981464538, "x6": 17.33049175257559, "x7": 17.198419113275175, "x8": 0.16754130133714243, "x9": 2.1358402087449155}, "datetime": {"datetime": "2025-05-14 17:17:07", "elapsed": 3344.457432, "delta": 10.144549}}
{"target": 1.5102473789322068, "params": {"x0": 1.0788146724121557, "x1": 1.0670974569087206, "x2": 9.033421385024901, "x3": 0.2617468239524567, "x4": 8.706957536626355, "x5": 16.34129981464538, "x6": 17.33049175257559, "x7": 17.198419113275175, "x8": 0.16754130133714243, "x9": 2.1358402087449155}, "datetime": {"datetime": "2025-05-14 17:17:16", "elapsed": 3353.363678, "delta": 8.906246}}
{"target": 1.5102473789322068, "params": {"x0": 1.0788146724121557, "x1": 1.0670974569087206, "x2": 9.033421385024901, "x3": 0.26174682395245663, "x4": 8.706957536626355, "x5": 16.34129981464538, "x6": 17.33049175257559, "x7": 17.198419113275175, "x8": 0.1675413013371424, "x9": 2.1358402087449155}, "datetime": {"datetime": "2025-05-14 17:17:25", "elapsed": 3361.806692, "delta": 8.443014}}
{"target": 1.5102473789322068, "params": {"x0": 1.0788146724121557, "x1": 1.0670974569087206, "x2": 9.033421385024901, "x3": 0.26174682395245663, "x4": 8.706957536626355, "x5": 16.34129981464538, "x6": 17.33049175257559, "x7": 17.198419113275175, "x8": 0.16754130133714243, "x9": 2.1358402087449155}, "datetime": {"datetime": "2025-05-14 17:17:34", "elapsed": 3371.024279, "delta": 9.217587}}
{"target": 1.5102473789322068, "params": {"x0": 1.0788146724121557, "x1": 1.0670974569087206, "x2": 9.033421385024901, "x3": 0.26174682395245663, "x4": 8.706957536626355, "x5": 16.34129981464538, "x6": 17.33049175257559, "x7": 17.198419113275175, "x8": 0.16754130133714243, "x9": 2.1358402087449155}, "datetime": {"datetime": "2025-05-14 17:17:43", "elapsed": 3379.830917, "delta": 8.806638}}
{"target": 1.5102473789322068, "params": {"x0": 1.0788146724121557, "x1": 1.0670974569087206, "x2": 9.033421385024901, "x3": 0.26174682395245663, "x4": 8.706957536626355, "x5": 16.34129981464538, "x6": 17.33049175257559, "x7": 17.198419113275175, "x8": 0.16754130133714243, "x9": 2.1358402087449155}, "datetime": {"datetime": "2025-05-14 17:17:52", "elapsed": 3389.597655, "delta": 9.766738}}
{"target": 1.5102473789322068, "params": {"x0": 1.0788146724121557, "x1": 1.0670974569087206, "x2": 9.033421385024901, "x3": 0.26174682395245663, "x4": 8.706957536626355, "x5": 16.34129981464538, "x6": 17.33049175257559, "x7": 17.198419113275175, "x8": 0.1675413013371424, "x9": 2.1358402087449155}, "datetime": {"datetime": "2025-05-14 17:18:02", "elapsed": 3399.10864, "delta": 9.510985}}
{"target": 1.5102473789322068, "params": {"x0": 1.0788146724121557, "x1": 1.0670974569087206, "x2": 9.033421385024901, "x3": 0.26174682395245663, "x4": 8.706957536626355, "x5": 16.34129981464538, "x6": 17.33049175257559, "x7": 17.198419113275175, "x8": 0.1675413013371424, "x9": 2.1358402087449155}, "datetime": {"datetime": "2025-05-14 17:18:11", "elapsed": 3408.036142, "delta": 8.927502}}
