{"target": 1.051515532296618e-09, "params": {"x0": 1.0251066014107721, "x1": 4.5736549165550064, "x2": 0.0006862489040693198, "x3": 1.8139954357910386, "x4": 2.935117816342261, "x5": 1.385078921531967, "x6": 2.7939031706650637, "x7": -11.77990691322514, "x8": 0.8538582010382728, "x9": 1.9698701212060423}, "datetime": {"datetime": "2025-05-16 18:22:55", "elapsed": 0.0, "delta": 0.0}}
{"target": 1.230888850606214, "params": {"x0": 1.0257583543209885, "x1": 4.394619452023473, "x2": 1.2267134983891046, "x3": 5.268704618345673, "x4": 0.5477518639585233, "x5": 10.057012652676033, "x6": 6.259572035506904, "x7": -7.943583087976471, "x8": 0.3667351833309441, "x9": 1.3565826803527818}, "datetime": {"datetime": "2025-05-16 18:23:03", "elapsed": 7.830579, "delta": 7.830579}}
{"target": 5.676376072240047e-10, "params": {"x0": 1.140223370602661, "x1": 5.838134036168928, "x2": 1.880545068955457, "x3": 4.1539356940158845, "x4": 17.527783045920767, "x5": 13.41909995255771, "x6": 1.2756631705466686, "x7": -17.297013901808118, "x8": 0.42267779717268095, "x9": 2.5806565061729434}, "datetime": {"datetime": "2025-05-16 18:23:12", "elapsed": 17.000809, "delta": 9.17023}}
{"target": 3.263242418047924e-10, "params": {"x0": 0.929504050149915, "x1": 3.047648887525766, "x2": 5.747337180903012, "x3": 3.1989917098381024, "x4": 13.837542279009467, "x5": 4.732734465090944, "x6": 10.297513915223755, "x7": -2.976737905847287, "x8": 0.13474772695396442, "x9": 2.3502597669009413}, "datetime": {"datetime": "2025-05-16 18:23:20", "elapsed": 24.89934, "delta": 7.898531}}
{"target": 1.0857975287143124e-07, "params": {"x0": 1.1966583266719484, "x1": 4.715644837337181, "x2": 1.682663952386431, "x3": 4.735675970708931, "x4": 2.0645201315528405, "x5": 6.7184028926385775, "x6": 13.628932546396433, "x7": -12.71494532927377, "x8": 0.6467731433140625, "x9": 1.2340514298128997}, "datetime": {"datetime": "2025-05-16 18:23:29", "elapsed": 34.101154, "delta": 9.201814}}
{"target": 4.923958290044265e-09, "params": {"x0": 0.9058100873610891, "x1": 4.3620612179934435, "x2": 1.2697686960003542, "x3": 1.5932799562333573, "x4": 9.831463185606765, "x5": 0.8004381767562058, "x6": 8.611764082380196, "x7": -15.358885651695417, "x8": 1.2196805201162402, "x9": 2.259565048037676}, "datetime": {"datetime": "2025-05-16 18:23:38", "elapsed": 42.650615, "delta": 8.549461}}
{"target": 1.3408083000018067, "params": {"x0": 0.9307003286483477, "x1": 3.011685537879798, "x2": 4.166400946366471, "x3": 2.485075617161416, "x4": 0.9990691789217432, "x5": 8.038446088732673, "x6": 9.956919678296833, "x7": -8.731995982950446, "x8": 1.8947300363825452, "x9": 2.055799072903587}, "datetime": {"datetime": "2025-05-16 18:23:46", "elapsed": 51.17329, "delta": 8.522675}}
{"target": 1.327769352682963e-07, "params": {"x0": 1.171020574586365, "x1": 1.6011209911458113, "x2": 0.8356580835045513, "x3": 4.844347732257143, "x4": 7.953536739710671, "x5": 2.4803129567539917, "x6": 13.91262870594051, "x7": -11.740214524580882, "x8": 1.5265429959586956, "x9": 2.306796373630813}, "datetime": {"datetime": "2025-05-16 18:23:54", "elapsed": 59.096271, "delta": 7.922981}}
{"target": 0.66336751233225, "params": {"x0": 1.1649918273617428, "x1": 4.080728255983606, "x2": 4.5056546041640235, "x3": 2.093390051867055, "x4": 5.3985578353005215, "x5": 13.438293272941003, "x6": 6.421367848069424, "x7": -0.6328791513290604, "x8": 1.3605388458550514, "x9": 2.1190522963764193}, "datetime": {"datetime": "2025-05-16 18:24:05", "elapsed": 69.402904, "delta": 10.306633}}
{"target": 4.672881436453366e-10, "params": {"x0": 0.9344237918860125, "x1": 5.742395219406063, "x2": 2.699472800879643, "x3": 3.4703376863227904, "x4": 8.162736055225624, "x5": 3.5554047036454155, "x6": 13.550692808433807, "x7": -7.673769239898855, "x8": 0.10545362135920205, "x9": 2.110860844517303}, "datetime": {"datetime": "2025-05-16 18:24:13", "elapsed": 77.868369, "delta": 8.465465}}
{"target": 6.110238643188723e-11, "params": {"x0": 0.9979934705316289, "x1": 3.587996321513807, "x2": 5.315652595864647, "x3": 2.143618560014999, "x4": 18.170703018395983, "x5": 9.350401736877041, "x6": 0.23731864269834424, "x7": -1.2701297926122948, "x8": 1.4127041432821554, "x9": 2.795181130812665}, "datetime": {"datetime": "2025-05-16 18:24:22", "elapsed": 86.520135, "delta": 8.651766}}
{"target": 4.314754650349936, "params": {"x0": 0.9517021525035986, "x1": 1.5993923231072764, "x2": 5.595572778222982, "x3": 4.180908968939401, "x4": 1.3200034544412498, "x5": 11.331945789036995, "x6": 11.308142826918695, "x7": -1.3855583601633015, "x8": 1.4518970413940964, "x9": 1.2236877315498964}, "datetime": {"datetime": "2025-05-16 18:24:32", "elapsed": 96.716597, "delta": 10.196462}}
{"target": 5.855454531163333e-10, "params": {"x0": 0.9059640401519387, "x1": 1.0336760330763684, "x2": 0.16983892812476764, "x3": 1.4772664056182754, "x4": 17.20055897365776, "x5": 8.082465965124793, "x6": 8.292329680286489, "x7": -2.8434439375270966, "x8": 0.33592929872783117, "x9": 1.5025306222200512}, "datetime": {"datetime": "2025-05-16 18:24:40", "elapsed": 104.806438, "delta": 8.089841}}
{"target": 2.0028405108557093e-10, "params": {"x0": 1.0757277814374864, "x1": 5.844938316430341, "x2": 3.3661813155342597, "x3": 0.11188373623765813, "x4": 16.012653453612327, "x5": 3.4946141076153063, "x6": 12.106577934281686, "x7": -11.018508406844909, "x8": 1.7407295236629146, "x9": 2.3448189569269324}, "datetime": {"datetime": "2025-05-16 18:24:48", "elapsed": 112.963246, "delta": 8.156808}}
{"target": 2.665278814581188, "params": {"x0": 1.0668720701971257, "x1": 1.5959216508694936, "x2": 0.35950613707326995, "x3": 0.7280607344444241, "x4": 0.8910375708952345, "x5": 1.6124119365913936, "x6": 3.3856400791178203, "x7": -5.16619835311182, "x8": 1.1634622659028706, "x9": 1.0226007642864086}, "datetime": {"datetime": "2025-05-16 18:24:56", "elapsed": 120.937103, "delta": 7.973857}}
{"target": 1.3002985643201813e-08, "params": {"x0": 0.921592283906846, "x1": 5.833109283001387, "x2": 3.4086027715196527, "x3": 1.2197594079659428, "x4": 5.046514891406469, "x5": 11.157387811126394, "x6": 2.9314422166397818, "x7": -7.53553930908136, "x8": 1.9430379792677934, "x9": 2.5242918426820635}, "datetime": {"datetime": "2025-05-16 18:25:05", "elapsed": 129.266767, "delta": 8.329664}}
{"target": 0.9467831977161084, "params": {"x0": 0.9719543277442758, "x1": 3.4182255427705224, "x2": 3.7197343102882785, "x3": 4.973885397301072, "x4": 3.1358278929216854, "x5": 0.27864303266114276, "x6": 1.050332155788335, "x7": -9.245788003133427, "x8": 1.2520259771413278, "x9": 2.0239325867556666}, "datetime": {"datetime": "2025-05-16 18:25:10", "elapsed": 134.293758, "delta": 5.026991}}
{"target": 2.2409494922412004e-10, "params": {"x0": 0.9952087227966482, "x1": 5.941942387503489, "x2": 3.4784713154747813, "x3": 2.2808470357413024, "x4": 11.018964382357936, "x5": 11.180016463597532, "x6": 10.03849340179777, "x7": -13.231447962069431, "x8": 0.22603618541403897, "x9": 1.6661515562453912}, "datetime": {"datetime": "2025-05-16 18:25:18", "elapsed": 142.726247, "delta": 8.432489}}
{"target": 2.1537714570785633, "params": {"x0": 1.0889152521064693, "x1": 1.9718874505656818, "x2": 4.516533322432883, "x3": 0.39921888812468964, "x4": 5.206301971570819, "x5": 12.07131845615018, "x6": 2.901514239349916, "x7": -6.489704144161077, "x8": 1.096873587335094, "x9": 2.664654346718831}, "datetime": {"datetime": "2025-05-16 18:25:28", "elapsed": 152.993571, "delta": 10.267324}}
{"target": 3.145783661394077e-10, "params": {"x0": 0.9789890311461333, "x1": 1.2364015624885214, "x2": 4.410395779732017, "x3": 4.633068177259481, "x4": 18.15631705007048, "x5": 13.97958103795256, "x6": 0.20927359463395523, "x7": -13.78148244981443, "x8": 1.2718788783031496, "x9": 2.7082293772377097}, "datetime": {"datetime": "2025-05-16 18:25:37", "elapsed": 161.780817, "delta": 8.787246}}
{"target": 1.252603660222165e-08, "params": {"x0": 1.185052835774124, "x1": 3.7389312597952973, "x2": 5.493638098597647, "x3": 3.849397253678025, "x4": 7.800154282824925, "x5": 7.2898600064536465, "x6": 9.064657243799598, "x7": -8.108137412845874, "x8": 1.859744710742262, "x9": 2.6537201841404907}, "datetime": {"datetime": "2025-05-16 18:25:46", "elapsed": 170.34288, "delta": 8.562063}}
{"target": 8.159588015906702e-05, "params": {"x0": 1.0184626838770665, "x1": 5.81263889504763, "x2": 1.0437340000827862, "x3": 0.757977116637824, "x4": 2.7015831609346264, "x5": 7.58493248515345, "x6": 0.32287207911296967, "x7": -0.9365361980817433, "x8": 1.6715193952243916, "x9": 1.0270341653358204}, "datetime": {"datetime": "2025-05-16 18:25:54", "elapsed": 178.69201, "delta": 8.34913}}
{"target": 3.1589589460996144, "params": {"x0": 0.9528588766725166, "x1": 2.5935242292708685, "x2": 0.7859810688655013, "x3": 4.8569441527594925, "x4": 6.894733053665869, "x5": 14.101612235000507, "x6": 8.7302126992062, "x7": -2.181024280586806, "x8": 1.7049954462452215, "x9": 2.6297061736755687}, "datetime": {"datetime": "2025-05-16 18:26:02", "elapsed": 186.719329, "delta": 8.027319}}
{"target": 4.236787845078111e-09, "params": {"x0": 1.037964079745042, "x1": 3.6863687617039034, "x2": 4.7916215469122365, "x3": 1.7143131104048854, "x4": 9.805070452398555, "x5": 8.986654614688176, "x6": 0.23299913326253585, "x7": -7.317334652460531, "x8": 0.9239850630799706, "x9": 2.4532489519927143}, "datetime": {"datetime": "2025-05-16 18:26:10", "elapsed": 194.99378, "delta": 8.274451}}
{"target": 3.022621178843774e-10, "params": {"x0": 0.9945734409286119, "x1": 5.453732413478272, "x2": 3.467143291707213, "x3": 1.1040612097647904, "x4": 15.758584676510086, "x5": 9.18046765567401, "x6": 0.8086390811062943, "x7": -10.43651375997962, "x8": 1.3902307894743162, "x9": 2.6534832003595463}, "datetime": {"datetime": "2025-05-16 18:26:19", "elapsed": 203.687476, "delta": 8.693696}}
{"target": 8.390279014499822e-11, "params": {"x0": 0.9001206074674073, "x1": 5.881471660058404, "x2": 2.259481888474647, "x3": 5.8427012301499355, "x4": 12.09432201948106, "x5": 12.432687119710394, "x6": 8.620672570621535, "x7": -6.694628430467693, "x8": 0.6425949352218184, "x9": 2.056300013180949}, "datetime": {"datetime": "2025-05-16 18:26:27", "elapsed": 211.510617, "delta": 7.823141}}
{"target": 1.3280148883216634e-10, "params": {"x0": 1.125006529110798, "x1": 5.277400565788116, "x2": 4.5304931308060805, "x3": 4.188343490683818, "x4": 17.289588601091996, "x5": 4.840214952551197, "x6": 10.06183186181381, "x7": -9.884269144559715, "x8": 0.8259952288598826, "x9": 1.739460429859934}, "datetime": {"datetime": "2025-05-16 18:26:35", "elapsed": 219.371148, "delta": 7.860531}}
{"target": 7.015457121137734e-10, "params": {"x0": 1.0204438750408622, "x1": 2.518658124387212, "x2": 3.7315162075218087, "x3": 2.581483624927586, "x4": 19.476041558545045, "x5": 10.167013371514667, "x6": 2.978548326406663, "x7": -10.31938183173541, "x8": 0.7523578555714037, "x9": 2.43574984712542}, "datetime": {"datetime": "2025-05-16 18:26:43", "elapsed": 227.687624, "delta": 8.316476}}
{"target": 5.100005959988461e-08, "params": {"x0": 1.1639994865690295, "x1": 5.509593974714497, "x2": 3.9763188742515734, "x3": 1.6212495721785467, "x4": 5.047334030091795, "x5": 12.823469140461036, "x6": 7.9157196946312, "x7": -3.561100487917235, "x8": 1.187728182664052, "x9": 2.31965654551752}, "datetime": {"datetime": "2025-05-16 18:26:51", "elapsed": 235.71376, "delta": 8.026136}}
{"target": 9.493687107889007e-08, "params": {"x0": 1.0557034882392167, "x1": 4.831507943559629, "x2": 3.4131479442282933, "x3": 2.7942592715518852, "x4": 6.8537781590656355, "x5": 1.0231402262505618, "x6": 5.6688626899214976, "x7": -16.56673060143146, "x8": 1.9673525160878456, "x9": 1.3269031323953748}, "datetime": {"datetime": "2025-05-16 18:27:00", "elapsed": 244.398099, "delta": 8.684339}}
{"target": 2.2409846427917257e-06, "params": {"x0": 1.143557609316162, "x1": 5.362304389275081, "x2": 4.13047951431566, "x3": 3.416966476472254, "x4": 3.2194287363121754, "x5": 7.0032003414495945, "x6": 5.177580767328225, "x7": -13.949280759346477, "x8": 1.225772550655014, "x9": 1.5620857078634505}, "datetime": {"datetime": "2025-05-16 18:27:07", "elapsed": 251.968224, "delta": 7.570125}}
{"target": 5.222320161581813e-07, "params": {"x0": 1.174891666040505, "x1": 5.539141177252941, "x2": 1.5427097626931772, "x3": 0.6653478044641752, "x4": 3.859254640382257, "x5": 7.493762560183291, "x6": 10.928785019618944, "x7": -14.252500108641753, "x8": 0.5712637609167384, "x9": 2.5330093748854603}, "datetime": {"datetime": "2025-05-16 18:27:16", "elapsed": 260.858096, "delta": 8.889872}}
{"target": 2.384990856487396e-09, "params": {"x0": 1.0247546154802583, "x1": 4.0450938424917045, "x2": 1.4019968354355004, "x3": 0.6118035565547846, "x4": 10.317140339370596, "x5": 7.157114805746735, "x6": 2.2900746613974485, "x7": -6.807487828672521, "x8": 1.1336192257464826, "x9": 2.1774472245473397}, "datetime": {"datetime": "2025-05-16 18:27:24", "elapsed": 268.66604, "delta": 7.807944}}
{"target": 3.4560784224214037e-10, "params": {"x0": 0.943363662037398, "x1": 4.732791867389744, "x2": 1.3322948387995361, "x3": 3.1161109461961978, "x4": 15.705920564432379, "x5": 0.3349564198770927, "x6": 4.865436895892797, "x7": -2.287397224798001, "x8": 1.7049482544439323, "x9": 1.9691930666701785}, "datetime": {"datetime": "2025-05-16 18:27:31", "elapsed": 276.167356, "delta": 7.501316}}
{"target": 8.37090727209546e-08, "params": {"x0": 1.1599824822499538, "x1": 5.744010555903495, "x2": 4.958441985776048, "x3": 5.124692663019232, "x4": 1.974868036406967, "x5": 9.769564985114865, "x6": 10.552754822289794, "x7": -7.015665372360665, "x8": 1.6192689972984533, "x9": 1.0622281957689417}, "datetime": {"datetime": "2025-05-16 18:27:40", "elapsed": 285.023869, "delta": 8.856513}}
{"target": 4.994254615468092e-10, "params": {"x0": 1.131071620366494, "x1": 4.631815863771587, "x2": 1.5581903597901186, "x3": 1.5424157929328801, "x4": 12.646066348602556, "x5": 5.179461923866223, "x6": 11.948830170109312, "x7": -9.96936782393777, "x8": 1.5872238880899268, "x9": 2.782849210522913}, "datetime": {"datetime": "2025-05-16 18:27:49", "elapsed": 293.892073, "delta": 8.868204}}
{"target": 4.947028854292912e-10, "params": {"x0": 0.99007450186017, "x1": 1.6293297241163067, "x2": 5.407850618095643, "x3": 3.2493562733242394, "x4": 19.494807417101644, "x5": 9.549066000028459, "x6": 14.908695369157185, "x7": -8.170725525426871, "x8": 1.1002092744204905, "x9": 1.243770225529906}, "datetime": {"datetime": "2025-05-16 18:27:57", "elapsed": 301.913621, "delta": 8.021548}}
{"target": 4.08406226729395, "params": {"x0": 1.0067115512951643, "x1": 1.0337146932115038, "x2": 0.9623710771178946, "x3": 4.473823156244976, "x4": 0.6079937985757766, "x5": 5.498146458656165, "x6": 12.935193792570661, "x7": -5.531801084867622, "x8": 1.4127900699257203, "x9": 1.3395462417195596}, "datetime": {"datetime": "2025-05-16 18:28:05", "elapsed": 309.879302, "delta": 7.965681}}
{"target": 2.3043606221334558e-05, "params": {"x0": 1.032571284224527, "x1": 3.8660447774558846, "x2": 5.938510245982231, "x3": 1.223437351398731, "x4": 4.954658035247097, "x5": 3.932596256593679, "x6": 11.252586199469892, "x7": -9.77444410615753, "x8": 0.2081659329810805, "x9": 1.915329233098431}, "datetime": {"datetime": "2025-05-16 18:28:13", "elapsed": 317.951955, "delta": 8.072653}}
{"target": 1.8411025064592158e-10, "params": {"x0": 0.9635880493931028, "x1": 4.972881648277072, "x2": 1.7839882890436334, "x3": 0.16563607172702177, "x4": 11.86864898929242, "x5": 12.657606433967832, "x6": 5.7152418609332125, "x7": -4.502550406929419, "x8": 1.0711688087645435, "x9": 1.9737132489319396}, "datetime": {"datetime": "2025-05-16 18:28:21", "elapsed": 325.737315, "delta": 7.78536}}
{"target": 1.098071840322443e-10, "params": {"x0": 1.1878302963185257, "x1": 5.000200546643098, "x2": 0.1939383997414439, "x3": 4.256323507387771, "x4": 9.300029631270121, "x5": 14.213234120926497, "x6": 3.3214910148523247, "x7": -13.192703645681416, "x8": 0.2548005332667978, "x9": 1.7715138915948156}, "datetime": {"datetime": "2025-05-16 18:28:29", "elapsed": 334.137714, "delta": 8.400399}}
{"target": 1.8230934359434227e-09, "params": {"x0": 0.9327056292057205, "x1": 4.132312479120781, "x2": 4.817779424242428, "x3": 4.180802976721071, "x4": 15.324227621515409, "x5": 5.136811797652797, "x6": 12.687772245415164, "x7": -10.282162050010033, "x8": 1.6656187537834057, "x9": 2.1276930855237284}, "datetime": {"datetime": "2025-05-16 18:28:37", "elapsed": 341.846263, "delta": 7.708549}}
{"target": 0.0009162955965733604, "params": {"x0": 0.9430269146010735, "x1": 1.2997731892602347, "x2": 0.10999585747804375, "x3": 0.4003499858361388, "x4": 9.171676274168636, "x5": 1.7001288415138571, "x6": 0.4167502327300493, "x7": -4.412493334971588, "x8": 0.8502159128752148, "x9": 2.344489292093545}, "datetime": {"datetime": "2025-05-16 18:28:45", "elapsed": 349.848784, "delta": 8.002521}}
{"target": 2.8537966477028477e-10, "params": {"x0": 1.0357214480239354, "x1": 3.1954424097038814, "x2": 2.868435040306986, "x3": 2.844023559373164, "x4": 16.063266842283394, "x5": 6.035887797866037, "x6": 13.570292405154346, "x7": -17.332901136827353, "x8": 1.5703612511687954, "x9": 1.2261544860479299}, "datetime": {"datetime": "2025-05-16 18:28:55", "elapsed": 359.19115, "delta": 9.342366}}
{"target": 1.7154090089538023e-09, "params": {"x0": 1.0855540700736257, "x1": 0.9528577328096829, "x2": 3.2317636954580817, "x3": 0.018107739717578175, "x4": 19.02387570980409, "x5": 13.581030505541671, "x6": 11.93950412913404, "x7": -1.5250622415338242, "x8": 0.3765606392009544, "x9": 1.28391412576696}, "datetime": {"datetime": "2025-05-16 18:29:03", "elapsed": 367.426135, "delta": 8.234985}}
{"target": 4.3340602172887625e-10, "params": {"x0": 0.9562895018707303, "x1": 4.074729101729598, "x2": 5.4348569760498115, "x3": 5.939731070154442, "x4": 14.222449175316319, "x5": 10.97700613713443, "x6": 13.639398068163816, "x7": -10.784272817319824, "x8": 0.5747162924275698, "x9": 1.312174307416821}, "datetime": {"datetime": "2025-05-16 18:29:11", "elapsed": 375.372108, "delta": 7.945973}}
{"target": 9.28490587337984e-10, "params": {"x0": 0.9358371151001187, "x1": 5.044313998967427, "x2": 0.880754240503459, "x3": 1.585784896361404, "x4": 16.381783572670617, "x5": 4.658808776913149, "x6": 14.736261739394143, "x7": -13.200503361270567, "x8": 1.1139413554453017, "x9": 1.5660406201345292}, "datetime": {"datetime": "2025-05-16 18:29:18", "elapsed": 383.095881, "delta": 7.723773}}
{"target": 4.374169716867033e-10, "params": {"x0": 1.1732318493521512, "x1": 2.7694388836412953, "x2": 2.6015539636389873, "x3": 3.0737561536701685, "x4": 18.777729547394266, "x5": 0.4642350940672607, "x6": 10.753179954475337, "x7": -1.961658822737899, "x8": 0.15184572468319074, "x9": 1.9396922450545193}, "datetime": {"datetime": "2025-05-16 18:29:26", "elapsed": 390.941648, "delta": 7.845767}}
{"target": 2.850046704736703e-09, "params": {"x0": 0.9977969435310076, "x1": 5.283395536414488, "x2": 3.351099305535107, "x3": 4.141367208976487, "x4": 9.057069999030748, "x5": 9.424635562820358, "x6": 4.351452775311388, "x7": -17.831725596602716, "x8": 1.1958362764754724, "x9": 1.5605995854384331}, "datetime": {"datetime": "2025-05-16 18:29:34", "elapsed": 399.064707, "delta": 8.123059}}
{"target": 2.537471875184129e-08, "params": {"x0": 1.0551802795503389, "x1": 5.573669850574879, "x2": 2.558848731008376, "x3": 1.4843762196143124, "x4": 7.425875225581089, "x5": 13.97791674954811, "x6": 14.053025719636405, "x7": -2.8020609258171625, "x8": 1.8483923771807549, "x9": 1.4102205219123705}, "datetime": {"datetime": "2025-05-16 18:29:43", "elapsed": 407.845763, "delta": 8.781056}}
{"target": 1.969327497164452, "params": {"x0": 0.9, "x1": 0.9, "x2": 1.0393717270539202, "x3": 5.48775873497426, "x4": 0.18102391055566186, "x5": 9.24144769181501, "x6": 11.444748406845157, "x7": -0.5489853813037856, "x8": 1.535317920420804, "x9": 2.045606164197025}, "datetime": {"datetime": "2025-05-16 18:29:53", "elapsed": 417.746249, "delta": 9.900486}}
{"target": 4.0026805881370064, "params": {"x0": 0.9, "x1": 0.9, "x2": 5.3383560211137375, "x3": 3.306002530675292, "x4": 0.7451068463507353, "x5": 8.50458706728807, "x6": 12.334268092540935, "x7": -2.768584548620438, "x8": 1.1602712686370158, "x9": 1.0}, "datetime": {"datetime": "2025-05-16 18:30:05", "elapsed": 429.691176, "delta": 11.944927}}
{"target": 1.8903782886557, "params": {"x0": 0.9, "x1": 0.9, "x2": 6.0, "x3": 4.205496808180369, "x4": 0.0, "x5": 12.876951118363863, "x6": 13.017338881838345, "x7": -2.4844111249143723, "x8": 0.7774324082568308, "x9": 1.0}, "datetime": {"datetime": "2025-05-16 18:30:18", "elapsed": 442.890515, "delta": 13.199339}}
{"target": 5.324953905806448, "params": {"x0": 0.9, "x1": 0.9, "x2": 5.559065670312601, "x3": 4.561092733711947, "x4": 2.7981161015332865, "x5": 9.27721818003558, "x6": 10.088805288977895, "x7": -1.3742188553149761, "x8": 2.0, "x9": 1.0}, "datetime": {"datetime": "2025-05-16 18:30:30", "elapsed": 454.913541, "delta": 12.023026}}
{"target": 4.918173498206738, "params": {"x0": 0.9, "x1": 0.9, "x2": 6.0, "x3": 3.8006702781197874, "x4": 0.8248692052177424, "x5": 8.582309654841564, "x6": 8.32795646949568, "x7": -1.1254223723228964, "x8": 2.0, "x9": 1.0}, "datetime": {"datetime": "2025-05-16 18:30:43", "elapsed": 467.273049, "delta": 12.359508}}
{"target": 3.6827095759083317, "params": {"x0": 0.9741648922502186, "x1": 0.9, "x2": 6.0, "x3": 3.022617721852768, "x4": 2.880084969650432, "x5": 8.107692144981582, "x6": 10.733497619363673, "x7": 0.0, "x8": 2.0, "x9": 1.0}, "datetime": {"datetime": "2025-05-16 18:30:55", "elapsed": 479.696812, "delta": 12.423763}}
{"target": 2.420726565701698, "params": {"x0": 0.9, "x1": 0.9, "x2": 6.0, "x3": 5.945720244385208, "x4": 2.372062726328659, "x5": 10.862954624988356, "x6": 7.9293547634823245, "x7": -2.3415350943406854, "x8": 2.0, "x9": 1.0}, "datetime": {"datetime": "2025-05-16 18:31:07", "elapsed": 491.720171, "delta": 12.023359}}
