{"target": 5.708277225560608, "params": {"x0": 0.9, "x1": 0.9, "x2": 4.607619601015746, "x3": 4.475444156501267, "x4": 4.62269416386167, "x5": 7.691434999517884, "x6": 8.81424461287959, "x7": -1.4588030992188274, "x8": 2.0, "x9": 1.1507563844567517}, "datetime": {"datetime": "2025-05-16 19:46:25", "elapsed": 5009.534057, "delta": 4.813453}}
{"target": 5.708277225560608, "params": {"x0": 0.9, "x1": 0.9, "x2": 4.607619601015746, "x3": 4.475444156501267, "x4": 4.62269416386167, "x5": 7.691434999517884, "x6": 8.81424461287959, "x7": -1.4588030992188274, "x8": 2.0, "x9": 1.1507563844567517}, "datetime": {"datetime": "2025-05-16 19:46:28", "elapsed": 5012.60182, "delta": 3.067763}}
{"target": 5.708277225560608, "params": {"x0": 0.9, "x1": 0.9, "x2": 4.607619601015746, "x3": 4.475444156501267, "x4": 4.62269416386167, "x5": 7.691434999517884, "x6": 8.81424461287959, "x7": -1.4588030992188274, "x8": 2.0, "x9": 1.1507563844567517}, "datetime": {"datetime": "2025-05-16 19:46:33", "elapsed": 5017.950616, "delta": 5.348796}}
{"target": 5.708277225560608, "params": {"x0": 0.9, "x1": 0.9, "x2": 4.607619601015746, "x3": 4.475444156501267, "x4": 4.62269416386167, "x5": 7.691434999517884, "x6": 8.81424461287959, "x7": -1.4588030992188274, "x8": 2.0, "x9": 1.1507563844567517}, "datetime": {"datetime": "2025-05-16 19:46:37", "elapsed": 5021.83998, "delta": 3.889364}}
{"target": 5.708277225560608, "params": {"x0": 0.9, "x1": 0.9, "x2": 4.607619601015746, "x3": 4.475444156501267, "x4": 4.62269416386167, "x5": 7.691434999517884, "x6": 8.81424461287959, "x7": -1.4588030992188274, "x8": 2.0, "x9": 1.1507563844567517}, "datetime": {"datetime": "2025-05-16 19:46:41", "elapsed": 5026.069185, "delta": 4.229205}}
{"target": 5.708277225560608, "params": {"x0": 0.9, "x1": 0.9, "x2": 4.607619601015746, "x3": 4.475444156501267, "x4": 4.62269416386167, "x5": 7.691434999517884, "x6": 8.81424461287959, "x7": -1.4588030992188274, "x8": 2.0, "x9": 1.1507563844567517}, "datetime": {"datetime": "2025-05-16 19:46:46", "elapsed": 5030.54615, "delta": 4.476965}}
{"target": 5.708277225560608, "params": {"x0": 0.9, "x1": 0.9, "x2": 4.607619601015746, "x3": 4.475444156501267, "x4": 4.62269416386167, "x5": 7.691434999517884, "x6": 8.81424461287959, "x7": -1.4588030992188274, "x8": 2.0, "x9": 1.1507563844567517}, "datetime": {"datetime": "2025-05-16 19:46:51", "elapsed": 5035.263735, "delta": 4.717585}}
{"target": 5.708277225560608, "params": {"x0": 0.9, "x1": 0.9, "x2": 4.607619601015746, "x3": 4.475444156501267, "x4": 4.62269416386167, "x5": 7.691434999517884, "x6": 8.81424461287959, "x7": -1.4588030992188274, "x8": 2.0, "x9": 1.1507563844567517}, "datetime": {"datetime": "2025-05-16 19:46:55", "elapsed": 5039.291724, "delta": 4.027989}}
{"target": 5.708277225560608, "params": {"x0": 0.9, "x1": 0.9, "x2": 4.607619601015746, "x3": 4.475444156501267, "x4": 4.62269416386167, "x5": 7.691434999517884, "x6": 8.81424461287959, "x7": -1.4588030992188274, "x8": 2.0, "x9": 1.1507563844567517}, "datetime": {"datetime": "2025-05-16 19:46:59", "elapsed": 5044.028393, "delta": 4.736669}}
{"target": 5.708277225560608, "params": {"x0": 0.9, "x1": 0.9, "x2": 4.607619601015746, "x3": 4.475444156501267, "x4": 4.62269416386167, "x5": 7.691434999517884, "x6": 8.81424461287959, "x7": -1.4588030992188274, "x8": 2.0, "x9": 1.1507563844567517}, "datetime": {"datetime": "2025-05-16 19:47:03", "elapsed": 5048.184867, "delta": 4.156474}}
{"target": 5.708277225560608, "params": {"x0": 0.9, "x1": 0.9, "x2": 4.607619601015746, "x3": 4.475444156501267, "x4": 4.62269416386167, "x5": 7.691434999517884, "x6": 8.81424461287959, "x7": -1.4588030992188274, "x8": 2.0, "x9": 1.1507563844567517}, "datetime": {"datetime": "2025-05-16 19:47:07", "elapsed": 5051.920237, "delta": 3.73537}}
{"target": 5.708277225560608, "params": {"x0": 0.9, "x1": 0.9, "x2": 4.607619601015746, "x3": 4.475444156501267, "x4": 4.62269416386167, "x5": 7.691434999517884, "x6": 8.81424461287959, "x7": -1.4588030992188274, "x8": 2.0, "x9": 1.1507563844567517}, "datetime": {"datetime": "2025-05-16 19:47:10", "elapsed": 5055.14873, "delta": 3.228493}}
{"target": 5.708277225560608, "params": {"x0": 0.9, "x1": 0.9, "x2": 4.607619601015746, "x3": 4.475444156501267, "x4": 4.62269416386167, "x5": 7.691434999517884, "x6": 8.81424461287959, "x7": -1.4588030992188274, "x8": 2.0, "x9": 1.1507563844567517}, "datetime": {"datetime": "2025-05-16 19:47:14", "elapsed": 5058.85375, "delta": 3.70502}}
{"target": 5.708277225560608, "params": {"x0": 0.9, "x1": 0.9, "x2": 4.607619601015746, "x3": 4.475444156501267, "x4": 4.62269416386167, "x5": 7.691434999517884, "x6": 8.81424461287959, "x7": -1.4588030992188274, "x8": 2.0, "x9": 1.1507563844567517}, "datetime": {"datetime": "2025-05-16 19:47:19", "elapsed": 5063.785782, "delta": 4.932032}}
{"target": 5.708277225560608, "params": {"x0": 0.9, "x1": 0.9, "x2": 4.607619601015746, "x3": 4.475444156501267, "x4": 4.62269416386167, "x5": 7.691434999517884, "x6": 8.81424461287959, "x7": -1.4588030992188274, "x8": 2.0, "x9": 1.1507563844567517}, "datetime": {"datetime": "2025-05-16 19:47:23", "elapsed": 5067.715853, "delta": 3.930071}}
{"target": 5.708277225560608, "params": {"x0": 0.9, "x1": 0.9, "x2": 4.607619601015746, "x3": 4.475444156501267, "x4": 4.62269416386167, "x5": 7.691434999517884, "x6": 8.81424461287959, "x7": -1.4588030992188274, "x8": 2.0, "x9": 1.1507563844567517}, "datetime": {"datetime": "2025-05-16 19:47:26", "elapsed": 5070.993191, "delta": 3.277338}}
{"target": 5.708277225560608, "params": {"x0": 0.9, "x1": 0.9, "x2": 4.607619601015746, "x3": 4.475444156501267, "x4": 4.62269416386167, "x5": 7.691434999517884, "x6": 8.81424461287959, "x7": -1.4588030992188274, "x8": 2.0, "x9": 1.1507563844567517}, "datetime": {"datetime": "2025-05-16 19:47:31", "elapsed": 5075.525077, "delta": 4.531886}}
{"target": 5.708277225560608, "params": {"x0": 0.9, "x1": 0.9, "x2": 4.607619601015746, "x3": 4.475444156501267, "x4": 4.62269416386167, "x5": 7.691434999517884, "x6": 8.81424461287959, "x7": -1.4588030992188274, "x8": 2.0, "x9": 1.1507563844567517}, "datetime": {"datetime": "2025-05-16 19:47:35", "elapsed": 5079.530981, "delta": 4.005904}}
{"target": 5.708277225560608, "params": {"x0": 0.9, "x1": 0.9, "x2": 4.607619601015746, "x3": 4.475444156501267, "x4": 4.62269416386167, "x5": 7.691434999517884, "x6": 8.81424461287959, "x7": -1.4588030992188274, "x8": 2.0, "x9": 1.1507563844567517}, "datetime": {"datetime": "2025-05-16 19:47:39", "elapsed": 5083.29232, "delta": 3.761339}}
{"target": 5.708277225560608, "params": {"x0": 0.9, "x1": 0.9, "x2": 4.607619601015746, "x3": 4.475444156501267, "x4": 4.62269416386167, "x5": 7.691434999517884, "x6": 8.81424461287959, "x7": -1.4588030992188274, "x8": 2.0, "x9": 1.1507563844567517}, "datetime": {"datetime": "2025-05-16 19:47:42", "elapsed": 5086.723415, "delta": 3.431095}}
{"target": 5.708277225560608, "params": {"x0": 0.9, "x1": 0.9, "x2": 4.607619601015746, "x3": 4.475444156501267, "x4": 4.62269416386167, "x5": 7.691434999517884, "x6": 8.81424461287959, "x7": -1.4588030992188274, "x8": 2.0, "x9": 1.1507563844567517}, "datetime": {"datetime": "2025-05-16 19:47:46", "elapsed": 5090.472691, "delta": 3.749276}}
{"target": 5.708277225560608, "params": {"x0": 0.9, "x1": 0.9, "x2": 4.607619601015746, "x3": 4.475444156501267, "x4": 4.62269416386167, "x5": 7.691434999517884, "x6": 8.81424461287959, "x7": -1.4588030992188274, "x8": 2.0, "x9": 1.1507563844567517}, "datetime": {"datetime": "2025-05-16 19:47:49", "elapsed": 5094.03466, "delta": 3.561969}}
{"target": 5.708277225560608, "params": {"x0": 0.9, "x1": 0.9, "x2": 4.607619601015746, "x3": 4.475444156501267, "x4": 4.62269416386167, "x5": 7.691434999517884, "x6": 8.81424461287959, "x7": -1.4588030992188274, "x8": 2.0, "x9": 1.1507563844567517}, "datetime": {"datetime": "2025-05-16 19:47:53", "elapsed": 5097.896224, "delta": 3.861564}}
{"target": 5.708277225560608, "params": {"x0": 0.9, "x1": 0.9, "x2": 4.607619601015746, "x3": 4.475444156501267, "x4": 4.62269416386167, "x5": 7.691434999517884, "x6": 8.81424461287959, "x7": -1.4588030992188274, "x8": 2.0, "x9": 1.1507563844567517}, "datetime": {"datetime": "2025-05-16 19:47:58", "elapsed": 5102.500567, "delta": 4.604343}}
{"target": 5.708277225560608, "params": {"x0": 0.9, "x1": 0.9, "x2": 4.607619601015746, "x3": 4.475444156501267, "x4": 4.62269416386167, "x5": 7.691434999517884, "x6": 8.81424461287959, "x7": -1.4588030992188274, "x8": 2.0, "x9": 1.1507563844567517}, "datetime": {"datetime": "2025-05-16 19:48:02", "elapsed": 5106.494454, "delta": 3.993887}}
{"target": 5.708277225560608, "params": {"x0": 0.9, "x1": 0.9, "x2": 4.607619601015746, "x3": 4.475444156501267, "x4": 4.62269416386167, "x5": 7.691434999517884, "x6": 8.81424461287959, "x7": -1.4588030992188274, "x8": 2.0, "x9": 1.1507563844567517}, "datetime": {"datetime": "2025-05-16 19:48:06", "elapsed": 5110.843004, "delta": 4.34855}}
{"target": 5.708277225560608, "params": {"x0": 0.9, "x1": 0.9, "x2": 4.607619601015746, "x3": 4.475444156501267, "x4": 4.62269416386167, "x5": 7.691434999517884, "x6": 8.81424461287959, "x7": -1.4588030992188274, "x8": 2.0, "x9": 1.1507563844567517}, "datetime": {"datetime": "2025-05-16 19:48:11", "elapsed": 5115.544763, "delta": 4.701759}}
{"target": 5.708277225560608, "params": {"x0": 0.9, "x1": 0.9, "x2": 4.607619601015746, "x3": 4.475444156501267, "x4": 4.62269416386167, "x5": 7.691434999517884, "x6": 8.81424461287959, "x7": -1.4588030992188274, "x8": 2.0, "x9": 1.1507563844567517}, "datetime": {"datetime": "2025-05-16 19:48:16", "elapsed": 5120.37061, "delta": 4.825847}}
{"target": 5.708277225560608, "params": {"x0": 0.9, "x1": 0.9, "x2": 4.607619601015746, "x3": 4.475444156501267, "x4": 4.62269416386167, "x5": 7.691434999517884, "x6": 8.81424461287959, "x7": -1.4588030992188274, "x8": 2.0, "x9": 1.1507563844567517}, "datetime": {"datetime": "2025-05-16 19:48:20", "elapsed": 5124.52307, "delta": 4.15246}}
{"target": 5.708277225560608, "params": {"x0": 0.9, "x1": 0.9, "x2": 4.607619601015746, "x3": 4.475444156501267, "x4": 4.62269416386167, "x5": 7.691434999517884, "x6": 8.81424461287959, "x7": -1.4588030992188274, "x8": 2.0, "x9": 1.1507563844567517}, "datetime": {"datetime": "2025-05-16 19:48:23", "elapsed": 5127.93602, "delta": 3.41295}}
{"target": 5.708277225560608, "params": {"x0": 0.9, "x1": 0.9, "x2": 4.607619601015746, "x3": 4.475444156501267, "x4": 4.62269416386167, "x5": 7.691434999517884, "x6": 8.81424461287959, "x7": -1.4588030992188274, "x8": 2.0, "x9": 1.1507563844567517}, "datetime": {"datetime": "2025-05-16 19:48:28", "elapsed": 5132.256459, "delta": 4.320439}}
{"target": 5.708277225560608, "params": {"x0": 0.9, "x1": 0.9, "x2": 4.607619601015746, "x3": 4.475444156501267, "x4": 4.62269416386167, "x5": 7.691434999517884, "x6": 8.81424461287959, "x7": -1.4588030992188274, "x8": 2.0, "x9": 1.1507563844567517}, "datetime": {"datetime": "2025-05-16 19:48:31", "elapsed": 5135.973711, "delta": 3.717252}}
{"target": 5.708277225560608, "params": {"x0": 0.9, "x1": 0.9, "x2": 4.607619601015746, "x3": 4.475444156501267, "x4": 4.62269416386167, "x5": 7.691434999517884, "x6": 8.81424461287959, "x7": -1.4588030992188274, "x8": 2.0, "x9": 1.1507563844567517}, "datetime": {"datetime": "2025-05-16 19:48:35", "elapsed": 5140.128551, "delta": 4.15484}}
{"target": 5.708277225560608, "params": {"x0": 0.9, "x1": 0.9, "x2": 4.607619601015746, "x3": 4.475444156501267, "x4": 4.62269416386167, "x5": 7.691434999517884, "x6": 8.81424461287959, "x7": -1.4588030992188274, "x8": 2.0, "x9": 1.1507563844567517}, "datetime": {"datetime": "2025-05-16 19:48:39", "elapsed": 5143.488748, "delta": 3.360197}}
{"target": 5.708277225560608, "params": {"x0": 0.9, "x1": 0.9, "x2": 4.607619601015746, "x3": 4.475444156501267, "x4": 4.62269416386167, "x5": 7.691434999517884, "x6": 8.81424461287959, "x7": -1.4588030992188274, "x8": 2.0, "x9": 1.1507563844567517}, "datetime": {"datetime": "2025-05-16 19:48:42", "elapsed": 5147.010081, "delta": 3.521333}}
{"target": 5.708277225560608, "params": {"x0": 0.9, "x1": 0.9, "x2": 4.607619601015746, "x3": 4.475444156501267, "x4": 4.62269416386167, "x5": 7.691434999517884, "x6": 8.81424461287959, "x7": -1.4588030992188274, "x8": 2.0, "x9": 1.1507563844567517}, "datetime": {"datetime": "2025-05-16 19:48:46", "elapsed": 5151.009208, "delta": 3.999127}}
{"target": 5.708277225560608, "params": {"x0": 0.9, "x1": 0.9, "x2": 4.607619601015746, "x3": 4.475444156501267, "x4": 4.62269416386167, "x5": 7.691434999517884, "x6": 8.81424461287959, "x7": -1.4588030992188274, "x8": 2.0, "x9": 1.1507563844567517}, "datetime": {"datetime": "2025-05-16 19:48:50", "elapsed": 5154.875195, "delta": 3.865987}}
{"target": 5.708277225560608, "params": {"x0": 0.9, "x1": 0.9, "x2": 4.607619601015746, "x3": 4.475444156501267, "x4": 4.62269416386167, "x5": 7.691434999517884, "x6": 8.81424461287959, "x7": -1.4588030992188274, "x8": 2.0, "x9": 1.1507563844567517}, "datetime": {"datetime": "2025-05-16 19:48:55", "elapsed": 5159.333225, "delta": 4.45803}}
{"target": 5.708277225560608, "params": {"x0": 0.9, "x1": 0.9, "x2": 4.607619601015746, "x3": 4.475444156501267, "x4": 4.62269416386167, "x5": 7.691434999517884, "x6": 8.81424461287959, "x7": -1.4588030992188274, "x8": 2.0, "x9": 1.1507563844567517}, "datetime": {"datetime": "2025-05-16 19:48:58", "elapsed": 5163.058665, "delta": 3.72544}}
{"target": 5.708277225560608, "params": {"x0": 0.9, "x1": 0.9, "x2": 4.607619601015746, "x3": 4.475444156501267, "x4": 4.62269416386167, "x5": 7.691434999517884, "x6": 8.81424461287959, "x7": -1.4588030992188274, "x8": 2.0, "x9": 1.1507563844567517}, "datetime": {"datetime": "2025-05-16 19:49:03", "elapsed": 5167.912722, "delta": 4.854057}}
{"target": 5.708277225560608, "params": {"x0": 0.9, "x1": 0.9, "x2": 4.607619601015746, "x3": 4.475444156501267, "x4": 4.62269416386167, "x5": 7.691434999517884, "x6": 8.81424461287959, "x7": -1.4588030992188274, "x8": 2.0, "x9": 1.1507563844567517}, "datetime": {"datetime": "2025-05-16 19:49:07", "elapsed": 5172.154507, "delta": 4.241785}}
{"target": 5.708277225560608, "params": {"x0": 0.9, "x1": 0.9, "x2": 4.607619601015746, "x3": 4.475444156501267, "x4": 4.62269416386167, "x5": 7.691434999517884, "x6": 8.81424461287959, "x7": -1.4588030992188274, "x8": 2.0, "x9": 1.1507563844567517}, "datetime": {"datetime": "2025-05-16 19:49:12", "elapsed": 5176.452318, "delta": 4.297811}}
{"target": 5.708277225560608, "params": {"x0": 0.9, "x1": 0.9, "x2": 4.607619601015746, "x3": 4.475444156501267, "x4": 4.62269416386167, "x5": 7.691434999517884, "x6": 8.81424461287959, "x7": -1.4588030992188274, "x8": 2.0, "x9": 1.1507563844567517}, "datetime": {"datetime": "2025-05-16 19:49:16", "elapsed": 5180.408582, "delta": 3.956264}}
{"target": 5.708277225560608, "params": {"x0": 0.9, "x1": 0.9, "x2": 4.607619601015746, "x3": 4.475444156501267, "x4": 4.62269416386167, "x5": 7.691434999517884, "x6": 8.81424461287959, "x7": -1.4588030992188274, "x8": 2.0, "x9": 1.1507563844567517}, "datetime": {"datetime": "2025-05-16 19:49:19", "elapsed": 5183.820591, "delta": 3.412009}}
{"target": 5.708277225560608, "params": {"x0": 0.9, "x1": 0.9, "x2": 4.607619601015746, "x3": 4.475444156501267, "x4": 4.62269416386167, "x5": 7.691434999517884, "x6": 8.81424461287959, "x7": -1.4588030992188274, "x8": 2.0, "x9": 1.1507563844567517}, "datetime": {"datetime": "2025-05-16 19:49:23", "elapsed": 5187.500055, "delta": 3.679464}}
{"target": 5.708277225560608, "params": {"x0": 0.9, "x1": 0.9, "x2": 4.607619601015746, "x3": 4.475444156501267, "x4": 4.62269416386167, "x5": 7.691434999517884, "x6": 8.81424461287959, "x7": -1.4588030992188274, "x8": 2.0, "x9": 1.1507563844567517}, "datetime": {"datetime": "2025-05-16 19:49:26", "elapsed": 5190.918625, "delta": 3.41857}}
{"target": 5.708277225560608, "params": {"x0": 0.9, "x1": 0.9, "x2": 4.607619601015746, "x3": 4.475444156501267, "x4": 4.62269416386167, "x5": 7.691434999517884, "x6": 8.81424461287959, "x7": -1.4588030992188274, "x8": 2.0, "x9": 1.1507563844567517}, "datetime": {"datetime": "2025-05-16 19:49:30", "elapsed": 5194.9033, "delta": 3.984675}}
{"target": 5.708277225560608, "params": {"x0": 0.9, "x1": 0.9, "x2": 4.607619601015746, "x3": 4.475444156501267, "x4": 4.62269416386167, "x5": 7.691434999517884, "x6": 8.81424461287959, "x7": -1.4588030992188274, "x8": 2.0, "x9": 1.1507563844567517}, "datetime": {"datetime": "2025-05-16 19:49:35", "elapsed": 5199.302512, "delta": 4.399212}}
{"target": 5.708277225560608, "params": {"x0": 0.9, "x1": 0.9, "x2": 4.607619601015746, "x3": 4.475444156501267, "x4": 4.62269416386167, "x5": 7.691434999517884, "x6": 8.81424461287959, "x7": -1.4588030992188274, "x8": 2.0, "x9": 1.1507563844567517}, "datetime": {"datetime": "2025-05-16 19:49:39", "elapsed": 5203.336281, "delta": 4.033769}}
{"target": 5.708277225560608, "params": {"x0": 0.9, "x1": 0.9, "x2": 4.607619601015746, "x3": 4.475444156501267, "x4": 4.62269416386167, "x5": 7.691434999517884, "x6": 8.81424461287959, "x7": -1.4588030992188274, "x8": 2.0, "x9": 1.1507563844567517}, "datetime": {"datetime": "2025-05-16 19:49:42", "elapsed": 5207.103422, "delta": 3.767141}}
{"target": 5.708277225560608, "params": {"x0": 0.9, "x1": 0.9, "x2": 4.607619601015746, "x3": 4.475444156501267, "x4": 4.62269416386167, "x5": 7.691434999517884, "x6": 8.81424461287959, "x7": -1.4588030992188274, "x8": 2.0, "x9": 1.1507563844567517}, "datetime": {"datetime": "2025-05-16 19:49:48", "elapsed": 5212.221292, "delta": 5.11787}}
{"target": 5.708277225560608, "params": {"x0": 0.9, "x1": 0.9, "x2": 4.607619601015746, "x3": 4.475444156501267, "x4": 4.62269416386167, "x5": 7.691434999517884, "x6": 8.81424461287959, "x7": -1.4588030992188274, "x8": 2.0, "x9": 1.1507563844567517}, "datetime": {"datetime": "2025-05-16 19:49:51", "elapsed": 5215.799338, "delta": 3.578046}}
{"target": 5.708277225560608, "params": {"x0": 0.9, "x1": 0.9, "x2": 4.607619601015746, "x3": 4.475444156501267, "x4": 4.62269416386167, "x5": 7.691434999517884, "x6": 8.81424461287959, "x7": -1.4588030992188274, "x8": 2.0, "x9": 1.1507563844567517}, "datetime": {"datetime": "2025-05-16 19:49:54", "elapsed": 5219.149541, "delta": 3.350203}}
{"target": 5.708277225560608, "params": {"x0": 0.9, "x1": 0.9, "x2": 4.607619601015746, "x3": 4.475444156501267, "x4": 4.62269416386167, "x5": 7.691434999517884, "x6": 8.81424461287959, "x7": -1.4588030992188274, "x8": 2.0, "x9": 1.1507563844567517}, "datetime": {"datetime": "2025-05-16 19:50:00", "elapsed": 5224.712717, "delta": 5.563176}}
{"target": 5.708277225560608, "params": {"x0": 0.9, "x1": 0.9, "x2": 4.607619601015746, "x3": 4.475444156501267, "x4": 4.62269416386167, "x5": 7.691434999517884, "x6": 8.81424461287959, "x7": -1.4588030992188274, "x8": 2.0, "x9": 1.1507563844567517}, "datetime": {"datetime": "2025-05-16 19:50:05", "elapsed": 5230.069107, "delta": 5.35639}}
{"target": 5.708277225560608, "params": {"x0": 0.9, "x1": 0.9, "x2": 4.607619601015746, "x3": 4.475444156501267, "x4": 4.62269416386167, "x5": 7.691434999517884, "x6": 8.81424461287959, "x7": -1.4588030992188274, "x8": 2.0, "x9": 1.1507563844567517}, "datetime": {"datetime": "2025-05-16 19:50:10", "elapsed": 5234.477371, "delta": 4.408264}}
{"target": 5.708277225560608, "params": {"x0": 0.9, "x1": 0.9, "x2": 4.607619601015746, "x3": 4.475444156501267, "x4": 4.62269416386167, "x5": 7.691434999517884, "x6": 8.81424461287959, "x7": -1.4588030992188274, "x8": 2.0, "x9": 1.1507563844567517}, "datetime": {"datetime": "2025-05-16 19:50:14", "elapsed": 5238.681443, "delta": 4.204072}}
{"target": 5.708277225560608, "params": {"x0": 0.9, "x1": 0.9, "x2": 4.607619601015746, "x3": 4.475444156501267, "x4": 4.62269416386167, "x5": 7.691434999517884, "x6": 8.81424461287959, "x7": -1.4588030992188274, "x8": 2.0, "x9": 1.1507563844567517}, "datetime": {"datetime": "2025-05-16 19:50:17", "elapsed": 5241.952499, "delta": 3.271056}}
{"target": 5.708277225560608, "params": {"x0": 0.9, "x1": 0.9, "x2": 4.607619601015746, "x3": 4.475444156501267, "x4": 4.62269416386167, "x5": 7.691434999517884, "x6": 8.81424461287959, "x7": -1.4588030992188274, "x8": 2.0, "x9": 1.1507563844567517}, "datetime": {"datetime": "2025-05-16 19:50:22", "elapsed": 5246.659932, "delta": 4.707433}}
{"target": 5.708277225560608, "params": {"x0": 0.9, "x1": 0.9, "x2": 4.607619601015746, "x3": 4.475444156501267, "x4": 4.62269416386167, "x5": 7.691434999517884, "x6": 8.81424461287959, "x7": -1.4588030992188274, "x8": 2.0, "x9": 1.1507563844567517}, "datetime": {"datetime": "2025-05-16 19:50:25", "elapsed": 5250.1283, "delta": 3.468368}}
{"target": 5.708277225560608, "params": {"x0": 0.9, "x1": 0.9, "x2": 4.607619601015746, "x3": 4.475444156501267, "x4": 4.62269416386167, "x5": 7.691434999517884, "x6": 8.81424461287959, "x7": -1.4588030992188274, "x8": 2.0, "x9": 1.1507563844567517}, "datetime": {"datetime": "2025-05-16 19:50:30", "elapsed": 5254.245772, "delta": 4.117472}}
{"target": 5.708277225560608, "params": {"x0": 0.9, "x1": 0.9, "x2": 4.607619601015746, "x3": 4.475444156501267, "x4": 4.62269416386167, "x5": 7.691434999517884, "x6": 8.81424461287959, "x7": -1.4588030992188274, "x8": 2.0, "x9": 1.1507563844567517}, "datetime": {"datetime": "2025-05-16 19:50:35", "elapsed": 5259.992506, "delta": 5.746734}}
{"target": 5.708277225560608, "params": {"x0": 0.9, "x1": 0.9, "x2": 4.607619601015746, "x3": 4.475444156501267, "x4": 4.62269416386167, "x5": 7.691434999517884, "x6": 8.81424461287959, "x7": -1.4588030992188274, "x8": 2.0, "x9": 1.1507563844567517}, "datetime": {"datetime": "2025-05-16 19:50:40", "elapsed": 5265.105863, "delta": 5.113357}}
{"target": 5.708277225560608, "params": {"x0": 0.9, "x1": 0.9, "x2": 4.607619601015746, "x3": 4.475444156501267, "x4": 4.62269416386167, "x5": 7.691434999517884, "x6": 8.81424461287959, "x7": -1.4588030992188274, "x8": 2.0, "x9": 1.1507563844567517}, "datetime": {"datetime": "2025-05-16 19:50:46", "elapsed": 5270.519216, "delta": 5.413353}}
