{"target": 5.708277225560608, "params": {"x0": 0.9000000000002438, "x1": 0.9000000000018059, "x2": 4.60761960100933, "x3": 4.475444156496534, "x4": 4.6226941638433034, "x5": 7.691434999485228, "x6": 8.814244612897534, "x7": -1.4588030992221832, "x8": 1.9999999999979086, "x9": 1.150756384456764}, "datetime": {"datetime": "2025-05-16 19:17:10", "elapsed": 3254.703112, "delta": 13.814747}}
{"target": 5.708277225560608, "params": {"x0": 0.9000000000003214, "x1": 0.900000000002047, "x2": 4.6076196010248225, "x3": 4.475444156505313, "x4": 4.622694163902904, "x5": 7.691434999551681, "x6": 8.814244612873237, "x7": -1.458803099220745, "x8": 1.99999999999998, "x9": 1.1507563844545554}, "datetime": {"datetime": "2025-05-16 19:17:23", "elapsed": 3267.889859, "delta": 13.186747}}
{"target": 5.708277225560608, "params": {"x0": 0.9000000000004826, "x1": 0.9000000000002373, "x2": 4.607619601011912, "x3": 4.475444156501087, "x4": 4.622694163865618, "x5": 7.691434999528084, "x6": 8.814244612884316, "x7": -1.4588030992196945, "x8": 1.9999999999967395, "x9": 1.1507563844596154}, "datetime": {"datetime": "2025-05-16 19:17:38", "elapsed": 3283.053839, "delta": 15.16398}}
{"target": 5.708277225560608, "params": {"x0": 0.9000000000000526, "x1": 0.9000000000019391, "x2": 4.60761960101831, "x3": 4.475444156500869, "x4": 4.622694163893242, "x5": 7.691434999505128, "x6": 8.814244612887247, "x7": -1.4588030992269438, "x8": 1.9999999999992355, "x9": 1.1507563844574895}, "datetime": {"datetime": "2025-05-16 19:17:52", "elapsed": 3296.207129, "delta": 13.15329}}
{"target": 5.708277225560608, "params": {"x0": 0.9000000000000561, "x1": 0.9000000000020565, "x2": 4.607619601010329, "x3": 4.475444156506117, "x4": 4.622694163830298, "x5": 7.69143499954046, "x6": 8.814244612887475, "x7": -1.4588030992165608, "x8": 1.9999999999991065, "x9": 1.1507563844568063}, "datetime": {"datetime": "2025-05-16 19:18:07", "elapsed": 3311.275129, "delta": 15.068}}
{"target": 5.708277225560608, "params": {"x0": 0.9000000000001358, "x1": 0.9000000000002192, "x2": 4.60761960102218, "x3": 4.475444156502967, "x4": 4.622694163830813, "x5": 7.691434999497482, "x6": 8.814244612868459, "x7": -1.4588030992177847, "x8": 1.9999999999997184, "x9": 1.1507563844581397}, "datetime": {"datetime": "2025-05-16 19:18:21", "elapsed": 3325.987173, "delta": 14.712044}}
{"target": 5.708277225560608, "params": {"x0": 0.9000000000000465, "x1": 0.9000000000002522, "x2": 4.607619601018023, "x3": 4.475444156503327, "x4": 4.6226941638706665, "x5": 7.691434999497985, "x6": 8.814244612876536, "x7": -1.4588030992283105, "x8": 1.999999999997536, "x9": 1.1507563844572095}, "datetime": {"datetime": "2025-05-16 19:18:36", "elapsed": 3340.84172, "delta": 14.854547}}
{"target": 5.708277225560608, "params": {"x0": 0.9000000000000762, "x1": 0.9000000000028462, "x2": 4.607619601019418, "x3": 4.47544415650652, "x4": 4.622694163846415, "x5": 7.691434999498101, "x6": 8.814244612869489, "x7": -1.4588030992197816, "x8": 1.9999999999982199, "x9": 1.1507563844565873}, "datetime": {"datetime": "2025-05-16 19:18:50", "elapsed": 3354.987167, "delta": 14.145447}}
{"target": 5.708277225560608, "params": {"x0": 0.9000000000003091, "x1": 0.9000000000016063, "x2": 4.607619601017033, "x3": 4.475444156498073, "x4": 4.622694163848407, "x5": 7.691434999513972, "x6": 8.81424461288699, "x7": -1.458803099211358, "x8": 1.9999999999993177, "x9": 1.1507563844570279}, "datetime": {"datetime": "2025-05-16 19:19:06", "elapsed": 3370.859182, "delta": 15.872015}}
{"target": 5.708277225560608, "params": {"x0": 0.9000000000001578, "x1": 0.9000000000027306, "x2": 4.607619601011777, "x3": 4.4754441565004734, "x4": 4.6226941638781485, "x5": 7.691434999525321, "x6": 8.814244612884586, "x7": -1.4588030992202994, "x8": 1.9999999999999993, "x9": 1.150756384457747}, "datetime": {"datetime": "2025-05-16 19:19:22", "elapsed": 3386.694227, "delta": 15.835045}}
{"target": 5.708277225560608, "params": {"x0": 0.9000000000001357, "x1": 0.9000000000001017, "x2": 4.607619601014962, "x3": 4.475444156502377, "x4": 4.622694163875601, "x5": 7.691434999515567, "x6": 8.814244612873965, "x7": -1.4588030992273113, "x8": 1.999999999999905, "x9": 1.150756384455335}, "datetime": {"datetime": "2025-05-16 19:19:36", "elapsed": 3401.123052, "delta": 14.428825}}
{"target": 5.708277225560608, "params": {"x0": 0.9000000000000721, "x1": 0.900000000000684, "x2": 4.607619601015403, "x3": 4.475444156501174, "x4": 4.622694163864968, "x5": 7.691434999515593, "x6": 8.814244612878205, "x7": -1.4588030992158876, "x8": 1.999999999999385, "x9": 1.1507563844561446}, "datetime": {"datetime": "2025-05-16 19:19:50", "elapsed": 3414.781632, "delta": 13.65858}}
{"target": 5.708277225560608, "params": {"x0": 0.9000000000002111, "x1": 0.9000000000029664, "x2": 4.607619601017872, "x3": 4.475444156502855, "x4": 4.6226941638754475, "x5": 7.691434999520889, "x6": 8.814244612881728, "x7": -1.4588030992208632, "x8": 1.999999999999798, "x9": 1.1507563844579343}, "datetime": {"datetime": "2025-05-16 19:20:04", "elapsed": 3428.479612, "delta": 13.69798}}
{"target": 5.708277225560608, "params": {"x0": 0.9000000000000346, "x1": 0.9000000000005054, "x2": 4.607619601013586, "x3": 4.475444156500548, "x4": 4.622694163856694, "x5": 7.691434999523571, "x6": 8.81424461287884, "x7": -1.4588030992210799, "x8": 1.9999999999992426, "x9": 1.150756384457681}, "datetime": {"datetime": "2025-05-16 19:20:18", "elapsed": 3442.738398, "delta": 14.258786}}
{"target": 5.708277225560608, "params": {"x0": 0.900000000000112, "x1": 0.9000000000006704, "x2": 4.607619601015407, "x3": 4.475444156503572, "x4": 4.622694163869896, "x5": 7.69143499951562, "x6": 8.814244612878051, "x7": -1.4588030992136136, "x8": 1.9999999999989317, "x9": 1.1507563844556605}, "datetime": {"datetime": "2025-05-16 19:20:33", "elapsed": 3457.778929, "delta": 15.040531}}
{"target": 5.708277225560608, "params": {"x0": 0.9000000000000701, "x1": 0.9000000000016198, "x2": 4.6076196010162995, "x3": 4.475444156499731, "x4": 4.622694163864158, "x5": 7.691434999520576, "x6": 8.814244612882142, "x7": -1.458803099218116, "x8": 1.9999999999997753, "x9": 1.1507563844558577}, "datetime": {"datetime": "2025-05-16 19:20:47", "elapsed": 3471.640748, "delta": 13.861819}}
{"target": 5.708277225560608, "params": {"x0": 0.9000000000001266, "x1": 0.9000000000012819, "x2": 4.607619601014224, "x3": 4.475444156501858, "x4": 4.6226941638631995, "x5": 7.691434999515324, "x6": 8.814244612880863, "x7": -1.4588030992220202, "x8": 1.999999999999366, "x9": 1.1507563844559032}, "datetime": {"datetime": "2025-05-16 19:21:03", "elapsed": 3487.643294, "delta": 16.002546}}
{"target": 5.708277225560608, "params": {"x0": 0.9000000000001052, "x1": 0.9000000000006387, "x2": 4.607619601016755, "x3": 4.475444156500461, "x4": 4.6226941638694266, "x5": 7.691434999519424, "x6": 8.814244612883067, "x7": -1.4588030992217054, "x8": 1.9999999999994622, "x9": 1.1507563844564601}, "datetime": {"datetime": "2025-05-16 19:21:17", "elapsed": 3501.293376, "delta": 13.650082}}
{"target": 5.708277225560608, "params": {"x0": 0.9000000000000156, "x1": 0.9000000000004396, "x2": 4.607619601016118, "x3": 4.4754441565015135, "x4": 4.622694163854367, "x5": 7.691434999516464, "x6": 8.81424461288213, "x7": -1.4588030992166554, "x8": 1.999999999999903, "x9": 1.1507563844573014}, "datetime": {"datetime": "2025-05-16 19:21:31", "elapsed": 3515.605981, "delta": 14.312605}}
{"target": 5.708277225560608, "params": {"x0": 0.9000000000000862, "x1": 0.9000000000013587, "x2": 4.607619601015178, "x3": 4.475444156501405, "x4": 4.6226941638616665, "x5": 7.6914349995170666, "x6": 8.814244612877504, "x7": -1.4588030992204042, "x8": 1.999999999999561, "x9": 1.1507563844568605}, "datetime": {"datetime": "2025-05-16 19:21:44", "elapsed": 3528.987866, "delta": 13.381885}}
{"target": 5.708277225560608, "params": {"x0": 0.9000000000000051, "x1": 0.9000000000006172, "x2": 4.607619601015021, "x3": 4.475444156500211, "x4": 4.622694163864143, "x5": 7.691434999518428, "x6": 8.814244612878595, "x7": -1.4588030992173266, "x8": 1.9999999999999407, "x9": 1.1507563844565007}, "datetime": {"datetime": "2025-05-16 19:21:58", "elapsed": 3542.363495, "delta": 13.375629}}
{"target": 5.708277225560608, "params": {"x0": 0.9000000000000741, "x1": 0.9000000000008637, "x2": 4.607619601015841, "x3": 4.475444156501704, "x4": 4.622694163864088, "x5": 7.6914349995190605, "x6": 8.814244612877726, "x7": -1.4588030992181884, "x8": 1.9999999999999336, "x9": 1.15075638445673}, "datetime": {"datetime": "2025-05-16 19:22:14", "elapsed": 3558.487741, "delta": 16.124246}}
{"target": 5.708277225560608, "params": {"x0": 0.9000000000000319, "x1": 0.9000000000004649, "x2": 4.6076196010146715, "x3": 4.47544415650147, "x4": 4.622694163865415, "x5": 7.691434999514448, "x6": 8.814244612878989, "x7": -1.4588030992208467, "x8": 1.9999999999999678, "x9": 1.1507563844565545}, "datetime": {"datetime": "2025-05-16 19:22:29", "elapsed": 3573.724893, "delta": 15.237152}}
{"target": 5.708277225560608, "params": {"x0": 0.9000000000000674, "x1": 0.9000000000002023, "x2": 4.607619601016433, "x3": 4.475444156501586, "x4": 4.622694163859453, "x5": 7.691434999519374, "x6": 8.814244612878609, "x7": -1.458803099219537, "x8": 1.9999999999997675, "x9": 1.1507563844568929}, "datetime": {"datetime": "2025-05-16 19:22:45", "elapsed": 3590.05737, "delta": 16.332477}}
{"target": 5.708277225560608, "params": {"x0": 0.9000000000000353, "x1": 0.9000000000003866, "x2": 4.607619601016152, "x3": 4.475444156500877, "x4": 4.62269416386484, "x5": 7.691434999517605, "x6": 8.814244612879916, "x7": -1.4588030992203407, "x8": 1.999999999999931, "x9": 1.1507563844563737}, "datetime": {"datetime": "2025-05-16 19:23:02", "elapsed": 3606.502455, "delta": 16.445085}}
{"target": 5.708277225560608, "params": {"x0": 0.9000000000000086, "x1": 0.9000000000009317, "x2": 4.6076196010164585, "x3": 4.475444156501317, "x4": 4.62269416385842, "x5": 7.69143499951995, "x6": 8.814244612878802, "x7": -1.4588030992196441, "x8": 1.9999999999998266, "x9": 1.1507563844569892}, "datetime": {"datetime": "2025-05-16 19:23:17", "elapsed": 3621.956376, "delta": 15.453921}}
{"target": 5.708277225560608, "params": {"x0": 0.9000000000000278, "x1": 0.900000000000309, "x2": 4.607619601016228, "x3": 4.475444156501356, "x4": 4.622694163863133, "x5": 7.691434999516125, "x6": 8.8142446128806, "x7": -1.4588030992181797, "x8": 1.999999999999766, "x9": 1.15075638445652}, "datetime": {"datetime": "2025-05-16 19:23:33", "elapsed": 3637.378973, "delta": 15.422597}}
{"target": 5.708277225560608, "params": {"x0": 0.9000000000000185, "x1": 0.9000000000007932, "x2": 4.607619601015115, "x3": 4.475444156501056, "x4": 4.622694163858943, "x5": 7.691434999517918, "x6": 8.814244612878651, "x7": -1.4588030992195677, "x8": 1.999999999999983, "x9": 1.150756384456765}, "datetime": {"datetime": "2025-05-16 19:23:53", "elapsed": 3657.296726, "delta": 19.917753}}
{"target": 5.708277225560608, "params": {"x0": 0.9000000000000253, "x1": 0.9000000000002744, "x2": 4.607619601015986, "x3": 4.475444156500828, "x4": 4.622694163862097, "x5": 7.691434999516508, "x6": 8.81424461287976, "x7": -1.4588030992189815, "x8": 1.9999999999999265, "x9": 1.1507563844566122}, "datetime": {"datetime": "2025-05-16 19:24:15", "elapsed": 3679.818524, "delta": 22.521798}}
{"target": 5.708277225560608, "params": {"x0": 0.9000000000000274, "x1": 0.9000000000000772, "x2": 4.607619601015913, "x3": 4.475444156501035, "x4": 4.6226941638633186, "x5": 7.691434999519165, "x6": 8.814244612879381, "x7": -1.4588030992192602, "x8": 1.9999999999997928, "x9": 1.150756384456667}, "datetime": {"datetime": "2025-05-16 19:24:37", "elapsed": 3701.964297, "delta": 22.145773}}
{"target": 5.708277225560608, "params": {"x0": 0.9000000000000283, "x1": 0.9000000000006131, "x2": 4.607619601015967, "x3": 4.475444156501698, "x4": 4.6226941638625725, "x5": 7.6914349995168285, "x6": 8.814244612878975, "x7": -1.4588030992191547, "x8": 1.999999999999973, "x9": 1.150756384456562}, "datetime": {"datetime": "2025-05-16 19:24:56", "elapsed": 3721.021045, "delta": 19.056748}}
{"target": 5.708277225560608, "params": {"x0": 0.9000000000000271, "x1": 0.9000000000000524, "x2": 4.607619601015856, "x3": 4.475444156501686, "x4": 4.622694163863102, "x5": 7.691434999517232, "x6": 8.814244612879136, "x7": -1.4588030992191066, "x8": 1.9999999999998803, "x9": 1.1507563844566084}, "datetime": {"datetime": "2025-05-16 19:25:20", "elapsed": 3744.204599, "delta": 23.183554}}
{"target": 5.708277225560608, "params": {"x0": 0.9000000000000025, "x1": 0.9000000000001116, "x2": 4.607619601015486, "x3": 4.4754441565015926, "x4": 4.622694163863212, "x5": 7.691434999518027, "x6": 8.814244612879317, "x7": -1.4588030992192056, "x8": 1.9999999999999787, "x9": 1.1507563844568678}, "datetime": {"datetime": "2025-05-16 19:25:46", "elapsed": 3770.730556, "delta": 26.525957}}
{"target": 5.708277225560608, "params": {"x0": 0.9000000000000002, "x1": 0.9000000000000026, "x2": 4.607619601015733, "x3": 4.475444156501625, "x4": 4.622694163862398, "x5": 7.6914349995190685, "x6": 8.814244612879833, "x7": -1.458803099218559, "x8": 1.9999999999998948, "x9": 1.1507563844566984}, "datetime": {"datetime": "2025-05-16 19:26:10", "elapsed": 3794.834027, "delta": 24.103471}}
{"target": 5.708277225560608, "params": {"x0": 0.900000000000007, "x1": 0.9000000000003251, "x2": 4.607619601015659, "x3": 4.47544415650102, "x4": 4.622694163863179, "x5": 7.691434999517721, "x6": 8.814244612879738, "x7": -1.4588030992181487, "x8": 1.999999999999962, "x9": 1.1507563844567206}, "datetime": {"datetime": "2025-05-16 19:26:32", "elapsed": 3817.047914, "delta": 22.213887}}
{"target": 5.708277225560608, "params": {"x0": 0.9000000000000087, "x1": 0.9000000000001193, "x2": 4.607619601015932, "x3": 4.475444156501273, "x4": 4.622694163862377, "x5": 7.691434999518228, "x6": 8.814244612879355, "x7": -1.4588030992190033, "x8": 1.999999999999975, "x9": 1.1507563844568376}, "datetime": {"datetime": "2025-05-16 19:26:55", "elapsed": 3839.454454, "delta": 22.40654}}
{"target": 5.708277225560608, "params": {"x0": 0.9000000000000052, "x1": 0.9000000000002842, "x2": 4.6076196010157116, "x3": 4.475444156501429, "x4": 4.6226941638604915, "x5": 7.691434999518253, "x6": 8.814244612879513, "x7": -1.4588030992189687, "x8": 1.999999999999932, "x9": 1.1507563844566973}, "datetime": {"datetime": "2025-05-16 19:27:17", "elapsed": 3862.15946, "delta": 22.705006}}
{"target": 5.708277225560608, "params": {"x0": 0.9000000000000129, "x1": 0.9000000000002918, "x2": 4.60761960101569, "x3": 4.475444156501166, "x4": 4.622694163862735, "x5": 7.691434999517467, "x6": 8.814244612879824, "x7": -1.4588030992192598, "x8": 1.9999999999999936, "x9": 1.1507563844568411}, "datetime": {"datetime": "2025-05-16 19:27:42", "elapsed": 3886.975374, "delta": 24.815914}}
{"target": 5.708277225560608, "params": {"x0": 0.9000000000000037, "x1": 0.9000000000001013, "x2": 4.607619601015862, "x3": 4.475444156501361, "x4": 4.622694163861073, "x5": 7.691434999517593, "x6": 8.814244612879804, "x7": -1.4588030992186252, "x8": 1.999999999999926, "x9": 1.1507563844567927}, "datetime": {"datetime": "2025-05-16 19:28:07", "elapsed": 3911.636301, "delta": 24.660927}}
{"target": 5.708277225560608, "params": {"x0": 0.9000000000000119, "x1": 0.9000000000001116, "x2": 4.6076196010159185, "x3": 4.475444156501279, "x4": 4.622694163861579, "x5": 7.691434999517599, "x6": 8.814244612879554, "x7": -1.4588030992191587, "x8": 1.9999999999999918, "x9": 1.150756384456687}, "datetime": {"datetime": "2025-05-16 19:28:30", "elapsed": 3934.733358, "delta": 23.097057}}
{"target": 5.708277225560608, "params": {"x0": 0.9000000000000029, "x1": 0.9000000000001849, "x2": 4.60761960101565, "x3": 4.475444156501346, "x4": 4.622694163861143, "x5": 7.691434999517674, "x6": 8.814244612879492, "x7": -1.4588030992185423, "x8": 1.999999999999933, "x9": 1.1507563844567172}, "datetime": {"datetime": "2025-05-16 19:28:52", "elapsed": 3956.702304, "delta": 21.968946}}
{"target": 5.708277225560608, "params": {"x0": 0.9000000000000109, "x1": 0.9000000000001073, "x2": 4.607619601015617, "x3": 4.4754441565011325, "x4": 4.6226941638610235, "x5": 7.691434999517443, "x6": 8.81424461287976, "x7": -1.45880309921872, "x8": 1.9999999999999512, "x9": 1.1507563844568127}, "datetime": {"datetime": "2025-05-16 19:29:10", "elapsed": 3974.243487, "delta": 17.541183}}
{"target": 5.708277225560608, "params": {"x0": 0.900000000000007, "x1": 0.9000000000000742, "x2": 4.607619601015725, "x3": 4.475444156501253, "x4": 4.6226941638620875, "x5": 7.691434999518235, "x6": 8.814244612879605, "x7": -1.4588030992190333, "x8": 1.999999999999997, "x9": 1.1507563844568007}, "datetime": {"datetime": "2025-05-16 19:29:24", "elapsed": 3988.407531, "delta": 14.164044}}
{"target": 5.708277225560608, "params": {"x0": 0.9000000000000017, "x1": 0.9000000000000109, "x2": 4.607619601015744, "x3": 4.475444156501238, "x4": 4.622694163862055, "x5": 7.691434999518039, "x6": 8.814244612879671, "x7": -1.458803099218785, "x8": 1.9999999999999931, "x9": 1.1507563844567954}, "datetime": {"datetime": "2025-05-16 19:29:38", "elapsed": 4002.718301, "delta": 14.31077}}
{"target": 5.708277225560608, "params": {"x0": 0.9000000000000025, "x1": 0.9000000000000112, "x2": 4.60761960101568, "x3": 4.47544415650134, "x4": 4.622694163862144, "x5": 7.691434999518285, "x6": 8.814244612879763, "x7": -1.4588030992188383, "x8": 1.999999999999964, "x9": 1.150756384456725}, "datetime": {"datetime": "2025-05-16 19:29:52", "elapsed": 4016.918457, "delta": 14.200156}}
{"target": 5.708277225560608, "params": {"x0": 0.9000000000000015, "x1": 0.9000000000000175, "x2": 4.607619601015828, "x3": 4.475444156501287, "x4": 4.6226941638614125, "x5": 7.69143499951756, "x6": 8.81424461287976, "x7": -1.458803099219024, "x8": 1.9999999999999634, "x9": 1.1507563844567228}, "datetime": {"datetime": "2025-05-16 19:30:08", "elapsed": 4032.28731, "delta": 15.368853}}
{"target": 5.708277225560608, "params": {"x0": 0.9000000000000032, "x1": 0.9000000000001063, "x2": 4.607619601015764, "x3": 4.475444156501308, "x4": 4.622694163861827, "x5": 7.691434999518152, "x6": 8.814244612879666, "x7": -1.4588030992186587, "x8": 1.999999999999966, "x9": 1.1507563844567614}, "datetime": {"datetime": "2025-05-16 19:30:23", "elapsed": 4047.7947, "delta": 15.50739}}
{"target": 5.708277225560608, "params": {"x0": 0.9000000000000054, "x1": 0.9000000000000474, "x2": 4.607619601015703, "x3": 4.475444156501245, "x4": 4.622694163861559, "x5": 7.691434999517995, "x6": 8.814244612879572, "x7": -1.458803099218885, "x8": 1.9999999999999694, "x9": 1.1507563844567754}, "datetime": {"datetime": "2025-05-16 19:30:38", "elapsed": 4062.851574, "delta": 15.056874}}
{"target": 5.708277225560608, "params": {"x0": 0.9000000000000011, "x1": 0.9000000000000679, "x2": 4.607619601015715, "x3": 4.475444156501282, "x4": 4.622694163861331, "x5": 7.69143499951778, "x6": 8.814244612879499, "x7": -1.458803099218704, "x8": 1.9999999999999933, "x9": 1.1507563844567381}, "datetime": {"datetime": "2025-05-16 19:30:52", "elapsed": 4076.855873, "delta": 14.004299}}
{"target": 5.708277225560608, "params": {"x0": 0.9000000000000027, "x1": 0.9000000000000354, "x2": 4.607619601015742, "x3": 4.475444156501315, "x4": 4.622694163861979, "x5": 7.6914349995180205, "x6": 8.814244612879678, "x7": -1.4588030992187473, "x8": 1.9999999999999916, "x9": 1.1507563844567292}, "datetime": {"datetime": "2025-05-16 19:31:07", "elapsed": 4092.077356, "delta": 15.221483}}
{"target": 5.708277225560608, "params": {"x0": 0.9000000000000012, "x1": 0.90000000000004, "x2": 4.607619601015795, "x3": 4.475444156501209, "x4": 4.622694163861731, "x5": 7.6914349995179165, "x6": 8.814244612879504, "x7": -1.4588030992188927, "x8": 1.9999999999999831, "x9": 1.1507563844567459}, "datetime": {"datetime": "2025-05-16 19:31:22", "elapsed": 4107.14111, "delta": 15.063754}}
{"target": 5.708277225560608, "params": {"x0": 0.9000000000000032, "x1": 0.9000000000000065, "x2": 4.607619601015783, "x3": 4.4754441565012675, "x4": 4.62269416386153, "x5": 7.691434999517921, "x6": 8.814244612879559, "x7": -1.458803099218882, "x8": 1.9999999999999851, "x9": 1.1507563844567301}, "datetime": {"datetime": "2025-05-16 19:31:37", "elapsed": 4122.134147, "delta": 14.993037}}
{"target": 5.708277225560608, "params": {"x0": 0.9000000000000001, "x1": 0.900000000000032, "x2": 4.607619601015751, "x3": 4.475444156501245, "x4": 4.622694163861483, "x5": 7.69143499951787, "x6": 8.814244612879639, "x7": -1.4588030992188625, "x8": 1.9999999999999885, "x9": 1.150756384456754}, "datetime": {"datetime": "2025-05-16 19:31:52", "elapsed": 4136.895049, "delta": 14.760902}}
{"target": 5.708277225560608, "params": {"x0": 0.9000000000000006, "x1": 0.900000000000038, "x2": 4.60761960101574, "x3": 4.475444156501305, "x4": 4.622694163861592, "x5": 7.691434999517906, "x6": 8.814244612879639, "x7": -1.4588030992187906, "x8": 1.999999999999997, "x9": 1.1507563844567361}, "datetime": {"datetime": "2025-05-16 19:32:04", "elapsed": 4148.940507, "delta": 12.045458}}
{"target": 5.708277225560608, "params": {"x0": 0.9000000000000018, "x1": 0.9000000000000369, "x2": 4.607619601015744, "x3": 4.475444156501304, "x4": 4.622694163861513, "x5": 7.691434999517876, "x6": 8.814244612879564, "x7": -1.4588030992187766, "x8": 1.9999999999999938, "x9": 1.1507563844567557}, "datetime": {"datetime": "2025-05-16 19:32:15", "elapsed": 4159.30178, "delta": 10.361273}}
{"target": 5.708277225560608, "params": {"x0": 0.9000000000000024, "x1": 0.9000000000000318, "x2": 4.6076196010157195, "x3": 4.475444156501232, "x4": 4.622694163861515, "x5": 7.691434999517791, "x6": 8.8142446128796, "x7": -1.4588030992188432, "x8": 1.9999999999999953, "x9": 1.1507563844567394}, "datetime": {"datetime": "2025-05-16 19:32:24", "elapsed": 4168.294931, "delta": 8.993151}}
