{"target": 5.708277225560608, "params": {"x0": 0.9, "x1": 0.9, "x2": 4.607621072960228, "x3": 4.475442570127203, "x4": 4.622701442829411, "x5": 7.69144053470526, "x6": 8.814247464592968, "x7": -1.4588064348922978, "x8": 2.0, "x9": 1.150757043218738}, "datetime": {"datetime": "2025-05-16 18:53:44", "elapsed": 1848.497989, "delta": 11.003809}}
{"target": 5.708277225560608, "params": {"x0": 0.9, "x1": 0.9, "x2": 4.60762092576578, "x3": 4.47544272876461, "x4": 4.622700714932637, "x5": 7.691439981186522, "x6": 8.814247179421631, "x7": -1.4588061013249507, "x8": 2.0, "x9": 1.1507569773425392}, "datetime": {"datetime": "2025-05-16 18:53:55", "elapsed": 1859.751353, "delta": 11.253364}}
{"target": 5.708277225560608, "params": {"x0": 0.9000000057184648, "x1": 0.900000003993705, "x2": 4.607620520549176, "x3": 4.4754441238958895, "x4": 4.622698857028849, "x5": 7.691438098061809, "x6": 8.814242715046356, "x7": -1.4588022785615324, "x8": 1.9999999807241338, "x9": 1.1507562519151995}, "datetime": {"datetime": "2025-05-16 18:54:06", "elapsed": 1870.83613, "delta": 11.084777}}
{"target": 5.708277225560608, "params": {"x0": 0.9000000662862867, "x1": 0.9000000267327337, "x2": 4.607619535768548, "x3": 4.475443040922548, "x4": 4.622695729663149, "x5": 7.691438676725032, "x6": 8.81424498137858, "x7": -1.4588045951076345, "x8": 1.9999999902733, "x9": 1.1507561568147808}, "datetime": {"datetime": "2025-05-16 18:54:17", "elapsed": 1882.043782, "delta": 11.207652}}
{"target": 5.708277225560608, "params": {"x0": 0.9000000670833749, "x1": 0.9000000257523892, "x2": 4.607620371711771, "x3": 4.4754445174929804, "x4": 4.622695963134641, "x5": 7.691438605258287, "x6": 8.81424599154577, "x7": -1.458804995706627, "x8": 1.9999999884607385, "x9": 1.150756217665873}, "datetime": {"datetime": "2025-05-16 18:54:28", "elapsed": 1893.145267, "delta": 11.101485}}
{"target": 5.708277225560608, "params": {"x0": 0.9000000234486751, "x1": 0.9000000097645083, "x2": 4.607620181642858, "x3": 4.475443676544799, "x4": 4.622696600276604, "x5": 7.69143745092308, "x6": 8.814245121325241, "x7": -1.4588042062544628, "x8": 1.999999967639116, "x9": 1.1507565741845365}, "datetime": {"datetime": "2025-05-16 18:54:39", "elapsed": 1903.980298, "delta": 10.835031}}
{"target": 5.708277225560608, "params": {"x0": 0.9000000348079379, "x1": 0.9000000035790634, "x2": 4.607619698826955, "x3": 4.475443964401754, "x4": 4.6226954415328425, "x5": 7.691437540163827, "x6": 8.814245674309081, "x7": -1.4588038228163982, "x8": 1.9999999865662983, "x9": 1.1507562453181626}, "datetime": {"datetime": "2025-05-16 18:54:51", "elapsed": 1915.418749, "delta": 11.438451}}
{"target": 5.708277225560608, "params": {"x0": 0.9000000282893762, "x1": 0.9000000061160548, "x2": 4.607620298330722, "x3": 4.475443731374226, "x4": 4.62269746971405, "x5": 7.691436902543061, "x6": 8.814245913703331, "x7": -1.4588045396463323, "x8": 1.9999999320986008, "x9": 1.1507565710252807}, "datetime": {"datetime": "2025-05-16 18:55:02", "elapsed": 1926.537106, "delta": 11.118357}}
{"target": 5.708277225560608, "params": {"x0": 0.9000000304142529, "x1": 0.9000000130217511, "x2": 4.607619034165387, "x3": 4.475443516095174, "x4": 4.62269499553657, "x5": 7.6914359731887645, "x6": 8.814245493248684, "x7": -1.458803396609671, "x8": 1.999999997891021, "x9": 1.15075641657737}, "datetime": {"datetime": "2025-05-16 18:55:13", "elapsed": 1937.683191, "delta": 11.146085}}
{"target": 5.708277225560608, "params": {"x0": 0.9000000066336135, "x1": 0.9000000110471026, "x2": 4.6076193354267145, "x3": 4.4754436676380696, "x4": 4.622694561743877, "x5": 7.691436747938125, "x6": 8.81424506927194, "x7": -1.4588028299491513, "x8": 1.9999999959494918, "x9": 1.150756496893926}, "datetime": {"datetime": "2025-05-16 18:55:25", "elapsed": 1949.284456, "delta": 11.601265}}
{"target": 5.708277225560608, "params": {"x0": 0.900000022177564, "x1": 0.9000000181053508, "x2": 4.607619463129722, "x3": 4.475444108827274, "x4": 4.622693834512969, "x5": 7.691436726938793, "x6": 8.814244641566995, "x7": -1.458804012329576, "x8": 1.9999999982064716, "x9": 1.150756210430271}, "datetime": {"datetime": "2025-05-16 18:55:36", "elapsed": 1960.78938, "delta": 11.504924}}
{"target": 5.708277225560608, "params": {"x0": 0.9000000044860682, "x1": 0.9000000016149874, "x2": 4.607619561458123, "x3": 4.475444366983478, "x4": 4.6226963742663525, "x5": 7.691436355428776, "x6": 8.81424518656063, "x7": -1.4588033009621755, "x8": 1.9999999858308795, "x9": 1.1507561852006287}, "datetime": {"datetime": "2025-05-16 18:55:47", "elapsed": 1972.18031, "delta": 11.39093}}
{"target": 5.708277225560608, "params": {"x0": 0.9000000137967817, "x1": 0.9000000008408914, "x2": 4.607619299499973, "x3": 4.475443954038726, "x4": 4.622694066791969, "x5": 7.691436243599538, "x6": 8.814245328937979, "x7": -1.4588036275290308, "x8": 1.9999999856036277, "x9": 1.150756453896973}, "datetime": {"datetime": "2025-05-16 18:55:59", "elapsed": 1983.325989, "delta": 11.145679}}
{"target": 5.708277225560608, "params": {"x0": 0.9000000070096273, "x1": 0.9000000069698777, "x2": 4.607619304709384, "x3": 4.475443885573984, "x4": 4.622695046133348, "x5": 7.691436374964329, "x6": 8.814244356417388, "x7": -1.4588038476451026, "x8": 1.9999999820565222, "x9": 1.150756526836479}, "datetime": {"datetime": "2025-05-16 18:56:11", "elapsed": 1995.322026, "delta": 11.996037}}
{"target": 5.708277225560608, "params": {"x0": 0.9000000189635692, "x1": 0.9000000049239576, "x2": 4.607619296277535, "x3": 4.475444182408717, "x4": 4.622695394693618, "x5": 7.69143594999801, "x6": 8.814244532131315, "x7": -1.458803395159555, "x8": 1.9999999955876677, "x9": 1.1507563544549158}, "datetime": {"datetime": "2025-05-16 18:56:22", "elapsed": 2006.594581, "delta": 11.272555}}
{"target": 5.708277225560608, "params": {"x0": 0.9000000190770914, "x1": 0.9000000160027989, "x2": 4.607619703376874, "x3": 4.475443866578839, "x4": 4.622695264996521, "x5": 7.691435722182706, "x6": 8.814245167119758, "x7": -1.4588036904182229, "x8": 1.9999999914119828, "x9": 1.1507564138149273}, "datetime": {"datetime": "2025-05-16 18:56:33", "elapsed": 2018.001996, "delta": 11.407415}}
{"target": 5.708277225560608, "params": {"x0": 0.9000000165927576, "x1": 0.900000003774553, "x2": 4.6076194514870705, "x3": 4.475444236903919, "x4": 4.622694882584148, "x5": 7.691436000638734, "x6": 8.814244740231361, "x7": -1.4588031039525313, "x8": 1.9999999987988797, "x9": 1.15075633728989}, "datetime": {"datetime": "2025-05-16 18:56:45", "elapsed": 2029.577144, "delta": 11.575148}}
{"target": 5.708277225560608, "params": {"x0": 0.9000000083338671, "x1": 0.9000000054903137, "x2": 4.607619779631654, "x3": 4.475444250400526, "x4": 4.622695319437299, "x5": 7.691435786082126, "x6": 8.814244847923229, "x7": -1.4588025768665507, "x8": 1.9999999930429386, "x9": 1.1507564836282282}, "datetime": {"datetime": "2025-05-16 18:56:57", "elapsed": 2041.248625, "delta": 11.671481}}
{"target": 5.708277225560608, "params": {"x0": 0.9000000149267464, "x1": 0.9000000096108027, "x2": 4.607619569670839, "x3": 4.475443924800329, "x4": 4.622694728154088, "x5": 7.69143580035215, "x6": 8.81424444954894, "x7": -1.4588032931653458, "x8": 1.999999997090611, "x9": 1.1507563838735095}, "datetime": {"datetime": "2025-05-16 18:57:08", "elapsed": 2052.910691, "delta": 11.662066}}
{"target": 5.708277225560608, "params": {"x0": 0.900000008459049, "x1": 0.9000000031995696, "x2": 4.60761963028774, "x3": 4.4754440166684155, "x4": 4.6226947619696945, "x5": 7.691435671889777, "x6": 8.814244773938352, "x7": -1.4588027784948112, "x8": 1.9999999975014304, "x9": 1.1507563808611532}, "datetime": {"datetime": "2025-05-16 18:57:19", "elapsed": 2064.139683, "delta": 11.228992}}
{"target": 5.708277225560608, "params": {"x0": 0.9000000001523742, "x1": 0.9000000043188898, "x2": 4.607619590530014, "x3": 4.475444271367452, "x4": 4.622694151496963, "x5": 7.691435634726412, "x6": 8.814244907156523, "x7": -1.458803472401805, "x8": 1.999999998375123, "x9": 1.1507563607290767}, "datetime": {"datetime": "2025-05-16 18:57:31", "elapsed": 2075.550684, "delta": 11.411001}}
{"target": 5.708277225560608, "params": {"x0": 0.90000000865667, "x1": 0.9000000002860274, "x2": 4.607619714756926, "x3": 4.475444153776893, "x4": 4.622694676253591, "x5": 7.691435438906193, "x6": 8.814244731383708, "x7": -1.4588030898624142, "x8": 1.9999999948592373, "x9": 1.1507564398831094}, "datetime": {"datetime": "2025-05-16 18:57:43", "elapsed": 2087.275924, "delta": 11.72524}}
{"target": 5.708277225560608, "params": {"x0": 0.9000000043111563, "x1": 0.9000000026477499, "x2": 4.607619693172713, "x3": 4.475444010698602, "x4": 4.622694700640215, "x5": 7.691435511596135, "x6": 8.814244555765795, "x7": -1.4588033837725112, "x8": 1.9999999983912673, "x9": 1.1507563937900964}, "datetime": {"datetime": "2025-05-16 18:57:55", "elapsed": 2099.701888, "delta": 12.425964}}
{"target": 5.708277225560608, "params": {"x0": 0.9000000045055173, "x1": 0.9000000091342923, "x2": 4.607619521668838, "x3": 4.4754440252492484, "x4": 4.622694623339836, "x5": 7.691435416333728, "x6": 8.814244502804451, "x7": -1.4588033186447633, "x8": 1.9999999998605877, "x9": 1.1507564143250844}, "datetime": {"datetime": "2025-05-16 18:58:07", "elapsed": 2111.464634, "delta": 11.762746}}
{"target": 5.708277225560608, "params": {"x0": 0.9000000032327617, "x1": 0.9000000008974564, "x2": 4.607619624208585, "x3": 4.475444031445921, "x4": 4.622694720171955, "x5": 7.6914351900391384, "x6": 8.81424481838376, "x7": -1.458803020441638, "x8": 1.999999997711121, "x9": 1.150756370079498}, "datetime": {"datetime": "2025-05-16 18:58:18", "elapsed": 2122.852559, "delta": 11.387925}}
{"target": 5.708277225560608, "params": {"x0": 0.9000000038800438, "x1": 0.9000000002933044, "x2": 4.607619536076862, "x3": 4.475444074791896, "x4": 4.622694684061599, "x5": 7.691435280061381, "x6": 8.814244424668647, "x7": -1.4588032898462118, "x8": 1.9999999977533778, "x9": 1.1507563842272859}, "datetime": {"datetime": "2025-05-16 18:58:30", "elapsed": 2134.644733, "delta": 11.792174}}
{"target": 5.708277225560608, "params": {"x0": 0.9000000042625682, "x1": 0.9000000016689328, "x2": 4.607619647135956, "x3": 4.475444104711012, "x4": 4.62269453254596, "x5": 7.691435309876709, "x6": 8.814244789919218, "x7": -1.458803140815477, "x8": 1.9999999947379583, "x9": 1.1507563789367958}, "datetime": {"datetime": "2025-05-16 18:58:42", "elapsed": 2146.521112, "delta": 11.876379}}
{"target": 5.708277225560608, "params": {"x0": 0.9000000011469017, "x1": 0.9000000009938742, "x2": 4.607619549070566, "x3": 4.475444105012421, "x4": 4.622693817352774, "x5": 7.691435319781204, "x6": 8.814244691430138, "x7": -1.4588032418562769, "x8": 1.99999999995118, "x9": 1.1507564145557494}, "datetime": {"datetime": "2025-05-16 18:58:54", "elapsed": 2158.210259, "delta": 11.689147}}
{"target": 5.708277225560608, "params": {"x0": 0.9000000020372124, "x1": 0.9000000010443717, "x2": 4.607619572566274, "x3": 4.47544422944789, "x4": 4.622694512271736, "x5": 7.691435251392938, "x6": 8.81424456425207, "x7": -1.458803239027932, "x8": 1.999999995938775, "x9": 1.1507564138379232}, "datetime": {"datetime": "2025-05-16 18:59:05", "elapsed": 2169.783619, "delta": 11.57336}}
{"target": 5.708277225560608, "params": {"x0": 0.9000000029193023, "x1": 0.9000000007298495, "x2": 4.607619642364433, "x3": 4.475444152854607, "x4": 4.62269442684924, "x5": 7.6914352529624725, "x6": 8.814244701051773, "x7": -1.45880305687288, "x8": 1.9999999980374201, "x9": 1.1507564139851367}, "datetime": {"datetime": "2025-05-16 18:59:16", "elapsed": 2181.067913, "delta": 11.284294}}
{"target": 5.708277225560608, "params": {"x0": 0.9000000027293451, "x1": 0.9000000002603218, "x2": 4.607619556683139, "x3": 4.4754441018306865, "x4": 4.622694141685242, "x5": 7.691435210556302, "x6": 8.81424471726986, "x7": -1.4588032110777045, "x8": 1.999999999212813, "x9": 1.1507563793077253}, "datetime": {"datetime": "2025-05-16 18:59:28", "elapsed": 2192.718739, "delta": 11.650826}}
{"target": 5.708277225560608, "params": {"x0": 0.9000000028617704, "x1": 0.9000000015223266, "x2": 4.607619569347142, "x3": 4.47544413663823, "x4": 4.622694364817099, "x5": 7.6914351664047045, "x6": 8.814244651184927, "x7": -1.4588030268575356, "x8": 1.9999999990838715, "x9": 1.150756360336019}, "datetime": {"datetime": "2025-05-16 18:59:40", "elapsed": 2204.970904, "delta": 12.252165}}
{"target": 5.708277225560608, "params": {"x0": 0.9000000018659629, "x1": 0.9000000009519896, "x2": 4.607619590437554, "x3": 4.475444105834387, "x4": 4.622694269030698, "x5": 7.691435148779063, "x6": 8.814244584076166, "x7": -1.4588031959682963, "x8": 1.9999999999636777, "x9": 1.1507563780712957}, "datetime": {"datetime": "2025-05-16 18:59:53", "elapsed": 2217.248436, "delta": 12.277532}}
{"target": 5.708277225560608, "params": {"x0": 0.9000000005539334, "x1": 0.9000000006346833, "x2": 4.6076196162818235, "x3": 4.475444134299705, "x4": 4.622694374490467, "x5": 7.691435100285894, "x6": 8.814244673831611, "x7": -1.45880305744028, "x8": 1.9999999993712256, "x9": 1.1507563648994301}, "datetime": {"datetime": "2025-05-16 19:00:05", "elapsed": 2229.9844, "delta": 12.735964}}
{"target": 5.708277225560608, "params": {"x0": 0.900000001127387, "x1": 0.9000000005828829, "x2": 4.60761958473792, "x3": 4.475444113177551, "x4": 4.622694131452739, "x5": 7.691435133601059, "x6": 8.814244660021174, "x7": -1.4588030671700125, "x8": 1.9999999991807746, "x9": 1.1507563705962613}, "datetime": {"datetime": "2025-05-16 19:00:17", "elapsed": 2241.717906, "delta": 11.733506}}
{"target": 5.708277225560608, "params": {"x0": 0.9000000010783596, "x1": 0.9000000002445391, "x2": 4.607619575941501, "x3": 4.4754441680946755, "x4": 4.622694301181638, "x5": 7.691435129201157, "x6": 8.81424460095849, "x7": -1.4588031652982285, "x8": 1.9999999999029938, "x9": 1.1507563786287691}, "datetime": {"datetime": "2025-05-16 19:00:29", "elapsed": 2253.860801, "delta": 12.142895}}
{"target": 5.708277225560608, "params": {"x0": 0.9000000005437107, "x1": 0.9000000019786513, "x2": 4.607619620921593, "x3": 4.475444121145183, "x4": 4.622694260907656, "x5": 7.691435119022528, "x6": 8.814244641151282, "x7": -1.458803123483344, "x8": 1.9999999995439603, "x9": 1.15075638008078}, "datetime": {"datetime": "2025-05-16 19:00:42", "elapsed": 2266.725061, "delta": 12.86426}}
{"target": 5.708277225560608, "params": {"x0": 0.900000000646733, "x1": 0.9000000001453253, "x2": 4.607619590737823, "x3": 4.475444130783494, "x4": 4.622694224053026, "x5": 7.691435110158061, "x6": 8.81424465458779, "x7": -1.4588031094462919, "x8": 1.9999999985176233, "x9": 1.1507563958019977}, "datetime": {"datetime": "2025-05-16 19:00:54", "elapsed": 2279.120564, "delta": 12.395503}}
{"target": 5.708277225560608, "params": {"x0": 0.9000000008839074, "x1": 0.9000000014404113, "x2": 4.60761958123966, "x3": 4.4754441301027565, "x4": 4.622694291676088, "x5": 7.691435060217789, "x6": 8.814244644273796, "x7": -1.458803134239698, "x8": 1.9999999998729503, "x9": 1.1507563911338197}, "datetime": {"datetime": "2025-05-16 19:01:06", "elapsed": 2291.004112, "delta": 11.883548}}
{"target": 5.708277225560608, "params": {"x0": 0.9000000007431336, "x1": 0.9000000003098716, "x2": 4.6076196212177045, "x3": 4.4754441411995165, "x4": 4.622694115098866, "x5": 7.691435076135195, "x6": 8.814244653461143, "x7": -1.4588031219757271, "x8": 1.999999999798475, "x9": 1.1507563900348474}, "datetime": {"datetime": "2025-05-16 19:01:18", "elapsed": 2302.848482, "delta": 11.84437}}
{"target": 5.708277225560608, "params": {"x0": 0.900000001604429, "x1": 0.900000000192591, "x2": 4.607619617929595, "x3": 4.47544416079398, "x4": 4.622694182315484, "x5": 7.691435070064617, "x6": 8.814244651404884, "x7": -1.45880311690455, "x8": 1.999999999383807, "x9": 1.1507563896205717}, "datetime": {"datetime": "2025-05-16 19:01:30", "elapsed": 2314.993972, "delta": 12.14549}}
{"target": 5.708277225560608, "params": {"x0": 0.9000000009846327, "x1": 0.9000000004338288, "x2": 4.607619583936331, "x3": 4.475444154893785, "x4": 4.622694090874447, "x5": 7.6914350582038695, "x6": 8.814244635882364, "x7": -1.4588031290670471, "x8": 1.9999999995564952, "x9": 1.1507563806213175}, "datetime": {"datetime": "2025-05-16 19:01:43", "elapsed": 2327.410084, "delta": 12.416112}}
{"target": 5.708277225560608, "params": {"x0": 0.9000000001490258, "x1": 0.9000000006591651, "x2": 4.607619600982019, "x3": 4.475444138165417, "x4": 4.622694239521265, "x5": 7.69143506246339, "x6": 8.814244633001652, "x7": -1.4588031191801716, "x8": 1.9999999985906407, "x9": 1.1507563773029046}, "datetime": {"datetime": "2025-05-16 19:01:54", "elapsed": 2338.996597, "delta": 11.586513}}
{"target": 5.708277225560608, "params": {"x0": 0.9000000004096516, "x1": 0.9000000004721417, "x2": 4.607619598432296, "x3": 4.475444165367951, "x4": 4.622694217943901, "x5": 7.6914350475650775, "x6": 8.81424463885993, "x7": -1.4588031346914812, "x8": 1.9999999997909232, "x9": 1.1507563912389005}, "datetime": {"datetime": "2025-05-16 19:02:06", "elapsed": 2350.713386, "delta": 11.716789}}
{"target": 5.708277225560608, "params": {"x0": 0.9000000006410119, "x1": 0.9000000001322841, "x2": 4.6076195967379014, "x3": 4.475444155276024, "x4": 4.622694104216753, "x5": 7.691435045580603, "x6": 8.814244628910902, "x7": -1.4588031217004662, "x8": 1.9999999997919762, "x9": 1.150756384036631}, "datetime": {"datetime": "2025-05-16 19:02:18", "elapsed": 2362.668012, "delta": 11.954626}}
{"target": 5.708277225560608, "params": {"x0": 0.9000000008020856, "x1": 0.9000000006406281, "x2": 4.607619613183915, "x3": 4.475444142872119, "x4": 4.622694146789961, "x5": 7.69143503896455, "x6": 8.814244617631081, "x7": -1.4588031267496577, "x8": 1.9999999997363151, "x9": 1.1507563863846095}, "datetime": {"datetime": "2025-05-16 19:02:31", "elapsed": 2375.217635, "delta": 12.549623}}
{"target": 5.708277225560608, "params": {"x0": 0.9000000007552692, "x1": 0.9000000003447497, "x2": 4.607619591952673, "x3": 4.475444158083537, "x4": 4.622694218392327, "x5": 7.691435041235643, "x6": 8.814244607609877, "x7": -1.4588031071428353, "x8": 1.9999999997193476, "x9": 1.1507563858159098}, "datetime": {"datetime": "2025-05-16 19:02:43", "elapsed": 2387.3602, "delta": 12.142565}}
{"target": 5.708277225560608, "params": {"x0": 0.9000000000448937, "x1": 0.9000000001351842, "x2": 4.607619599072006, "x3": 4.475444152380571, "x4": 4.622694209826279, "x5": 7.691435019063577, "x6": 8.81424460587574, "x7": -1.458803113192048, "x8": 1.999999999882365, "x9": 1.1507563876306295}, "datetime": {"datetime": "2025-05-16 19:02:54", "elapsed": 2399.011775, "delta": 11.651575}}
{"target": 5.708277225560608, "params": {"x0": 0.9000000004799594, "x1": 0.9000000002656984, "x2": 4.607619602167287, "x3": 4.475444147512133, "x4": 4.62269419289712, "x5": 7.691435026031388, "x6": 8.814244619711856, "x7": -1.4588030925977877, "x8": 1.9999999999833373, "x9": 1.1507563848876776}, "datetime": {"datetime": "2025-05-16 19:03:07", "elapsed": 2411.686207, "delta": 12.674432}}
{"target": 5.708277225560608, "params": {"x0": 0.9000000004575621, "x1": 0.9000000005026948, "x2": 4.607619593894811, "x3": 4.4754441523451876, "x4": 4.622694199956716, "x5": 7.6914350306988775, "x6": 8.814244623326811, "x7": -1.4588031103214067, "x8": 1.999999999913676, "x9": 1.1507563823829032}, "datetime": {"datetime": "2025-05-16 19:03:19", "elapsed": 2423.919414, "delta": 12.233207}}
{"target": 5.708277225560608, "params": {"x0": 0.9000000001465857, "x1": 0.9000000001813069, "x2": 4.60761959897362, "x3": 4.475444148809122, "x4": 4.622694159673661, "x5": 7.691435027466202, "x6": 8.814244617906807, "x7": -1.4588031116579558, "x8": 1.9999999996308364, "x9": 1.1507563854530025}, "datetime": {"datetime": "2025-05-16 19:03:32", "elapsed": 2437.095213, "delta": 13.175799}}
{"target": 5.708277225560608, "params": {"x0": 0.9000000002494539, "x1": 0.9000000001006521, "x2": 4.607619604329101, "x3": 4.475444152793173, "x4": 4.622694185014856, "x5": 7.691435023014057, "x6": 8.814244612513441, "x7": -1.4588031096343497, "x8": 1.9999999999765534, "x9": 1.1507563832362018}, "datetime": {"datetime": "2025-05-16 19:03:45", "elapsed": 2449.501166, "delta": 12.405953}}
{"target": 5.708277225560608, "params": {"x0": 0.9000000002956156, "x1": 0.9000000000070647, "x2": 4.607619602622402, "x3": 4.475444154046249, "x4": 4.622694188673864, "x5": 7.691435015510756, "x6": 8.814244623836236, "x7": -1.4588030987764307, "x8": 1.9999999999517268, "x9": 1.1507563846115363}, "datetime": {"datetime": "2025-05-16 19:03:58", "elapsed": 2462.288857, "delta": 12.787691}}
{"target": 5.708277225560608, "params": {"x0": 0.9000000001655927, "x1": 0.9000000001304138, "x2": 4.607619603996331, "x3": 4.475444152647214, "x4": 4.622694190233976, "x5": 7.691435014608896, "x6": 8.814244620782306, "x7": -1.458803088947897, "x8": 1.9999999999590525, "x9": 1.1507563835153478}, "datetime": {"datetime": "2025-05-16 19:04:11", "elapsed": 2475.449761, "delta": 13.160904}}
{"target": 5.708277225560608, "params": {"x0": 0.9000000002875416, "x1": 0.9000000000294388, "x2": 4.607619605378907, "x3": 4.4754441586548666, "x4": 4.622694172545046, "x5": 7.6914350182056985, "x6": 8.814244612325387, "x7": -1.4588031069236822, "x8": 1.9999999999558007, "x9": 1.150756386285873}, "datetime": {"datetime": "2025-05-16 19:04:22", "elapsed": 2487.18275, "delta": 11.732989}}
{"target": 5.708277225560608, "params": {"x0": 0.9000000000490025, "x1": 0.9000000000150757, "x2": 4.607619599466534, "x3": 4.475444155338022, "x4": 4.622694184067456, "x5": 7.691435013285603, "x6": 8.814244617399654, "x7": -1.4588031027818047, "x8": 1.9999999998047455, "x9": 1.1507563828276741}, "datetime": {"datetime": "2025-05-16 19:04:35", "elapsed": 2499.833798, "delta": 12.651048}}
