{"target": 5.708277225560608, "params": {"x0": 0.9000000000000018, "x1": 0.900000000000004, "x2": 4.6076196010157515, "x3": 4.475444156501236, "x4": 4.622694163861675, "x5": 7.691434999517827, "x6": 8.814244612879582, "x7": -1.4588030992188878, "x8": 1.999999999999997, "x9": 1.150756384456762}, "datetime": {"datetime": "2025-05-16 19:32:33", "elapsed": 4177.450008, "delta": 9.155077}}
{"target": 5.708277225560608, "params": {"x0": 0.9000000000000006, "x1": 0.9000000000000125, "x2": 4.607619601015742, "x3": 4.475444156501287, "x4": 4.622694163861788, "x5": 7.691434999517985, "x6": 8.814244612879628, "x7": -1.4588030992187868, "x8": 1.9999999999999991, "x9": 1.1507563844567523}, "datetime": {"datetime": "2025-05-16 19:32:42", "elapsed": 4186.211167, "delta": 8.761159}}
{"target": 5.708277225560608, "params": {"x0": 0.9000000000000001, "x1": 0.9000000000000217, "x2": 4.607619601015745, "x3": 4.475444156501263, "x4": 4.622694163861587, "x5": 7.691434999517892, "x6": 8.814244612879609, "x7": -1.4588030992187797, "x8": 1.9999999999999976, "x9": 1.150756384456761}, "datetime": {"datetime": "2025-05-16 19:32:51", "elapsed": 4195.723224, "delta": 9.512057}}
{"target": 5.708277225560608, "params": {"x0": 0.9000000000000011, "x1": 0.900000000000009, "x2": 4.6076196010157595, "x3": 4.475444156501277, "x4": 4.622694163861569, "x5": 7.691434999517859, "x6": 8.814244612879616, "x7": -1.4588030992188243, "x8": 1.999999999999999, "x9": 1.1507563844567612}, "datetime": {"datetime": "2025-05-16 19:33:01", "elapsed": 4205.396484, "delta": 9.67326}}
{"target": 5.708277225560608, "params": {"x0": 0.9000000000000005, "x1": 0.9000000000000122, "x2": 4.607619601015763, "x3": 4.475444156501256, "x4": 4.6226941638616355, "x5": 7.69143499951789, "x6": 8.814244612879593, "x7": -1.4588030992188377, "x8": 1.9999999999999925, "x9": 1.1507563844567534}, "datetime": {"datetime": "2025-05-16 19:33:10", "elapsed": 4214.884506, "delta": 9.488022}}
{"target": 5.708277225560608, "params": {"x0": 0.9000000000000006, "x1": 0.9000000000000145, "x2": 4.607619601015755, "x3": 4.47544415650125, "x4": 4.622694163861591, "x5": 7.6914349995179325, "x6": 8.81424461287956, "x7": -1.4588030992187981, "x8": 1.999999999999995, "x9": 1.150756384456752}, "datetime": {"datetime": "2025-05-16 19:33:20", "elapsed": 4224.436331, "delta": 9.551825}}
{"target": 5.708277225560608, "params": {"x0": 0.9000000000000006, "x1": 0.9000000000000165, "x2": 4.607619601015748, "x3": 4.475444156501282, "x4": 4.622694163861642, "x5": 7.691434999517865, "x6": 8.814244612879605, "x7": -1.458803099218804, "x8": 1.9999999999999958, "x9": 1.1507563844567494}, "datetime": {"datetime": "2025-05-16 19:33:29", "elapsed": 4233.375956, "delta": 8.939625}}
{"target": 5.708277225560608, "params": {"x0": 0.9000000000000009, "x1": 0.9000000000000039, "x2": 4.6076196010157355, "x3": 4.475444156501269, "x4": 4.622694163861649, "x5": 7.691434999517861, "x6": 8.814244612879586, "x7": -1.4588030992188308, "x8": 1.9999999999999976, "x9": 1.1507563844567534}, "datetime": {"datetime": "2025-05-16 19:33:39", "elapsed": 4243.275992, "delta": 9.900036}}
{"target": 5.708277225560608, "params": {"x0": 0.9000000000000007, "x1": 0.9000000000000132, "x2": 4.607619601015758, "x3": 4.475444156501265, "x4": 4.622694163861716, "x5": 7.6914349995178375, "x6": 8.81424461287957, "x7": -1.458803099218813, "x8": 1.9999999999999984, "x9": 1.150756384456748}, "datetime": {"datetime": "2025-05-16 19:33:49", "elapsed": 4253.307743, "delta": 10.031751}}
{"target": 5.708277225560608, "params": {"x0": 0.9000000000000005, "x1": 0.9000000000000045, "x2": 4.607619601015741, "x3": 4.475444156501262, "x4": 4.622694163861684, "x5": 7.691434999517894, "x6": 8.814244612879593, "x7": -1.4588030992188525, "x8": 1.9999999999999958, "x9": 1.150756384456751}, "datetime": {"datetime": "2025-05-16 19:33:58", "elapsed": 4262.858124, "delta": 9.550381}}
{"target": 5.708277225560608, "params": {"x0": 0.9000000000000005, "x1": 0.9000000000000093, "x2": 4.607619601015756, "x3": 4.475444156501273, "x4": 4.622694163861627, "x5": 7.691434999517878, "x6": 8.814244612879587, "x7": -1.458803099218824, "x8": 1.9999999999999993, "x9": 1.1507563844567545}, "datetime": {"datetime": "2025-05-16 19:34:08", "elapsed": 4273.070395, "delta": 10.212271}}
{"target": 5.708277225560608, "params": {"x0": 0.9000000000000006, "x1": 0.9000000000000056, "x2": 4.6076196010157515, "x3": 4.475444156501272, "x4": 4.622694163861645, "x5": 7.691434999517876, "x6": 8.814244612879591, "x7": -1.4588030992188132, "x8": 1.999999999999998, "x9": 1.1507563844567479}, "datetime": {"datetime": "2025-05-16 19:34:18", "elapsed": 4282.70784, "delta": 9.637445}}
{"target": 5.708277225560608, "params": {"x0": 0.9000000000000006, "x1": 0.9000000000000088, "x2": 4.607619601015742, "x3": 4.475444156501272, "x4": 4.622694163861628, "x5": 7.691434999517854, "x6": 8.814244612879575, "x7": -1.4588030992188386, "x8": 1.9999999999999991, "x9": 1.1507563844567539}, "datetime": {"datetime": "2025-05-16 19:34:28", "elapsed": 4292.240074, "delta": 9.532234}}
{"target": 5.708277225560608, "params": {"x0": 0.9000000000000005, "x1": 0.9000000000000005, "x2": 4.6076196010157515, "x3": 4.47544415650127, "x4": 4.622694163861687, "x5": 7.691434999517862, "x6": 8.814244612879591, "x7": -1.4588030992188243, "x8": 1.9999999999999996, "x9": 1.1507563844567508}, "datetime": {"datetime": "2025-05-16 19:34:36", "elapsed": 4301.104402, "delta": 8.864328}}
{"target": 5.708277225560608, "params": {"x0": 0.9000000000000004, "x1": 0.9000000000000078, "x2": 4.607619601015746, "x3": 4.475444156501265, "x4": 4.622694163861683, "x5": 7.691434999517902, "x6": 8.814244612879593, "x7": -1.4588030992188379, "x8": 1.9999999999999987, "x9": 1.1507563844567523}, "datetime": {"datetime": "2025-05-16 19:34:46", "elapsed": 4310.331205, "delta": 9.226803}}
{"target": 5.708277225560608, "params": {"x0": 0.9000000000000001, "x1": 0.9000000000000081, "x2": 4.607619601015749, "x3": 4.475444156501272, "x4": 4.622694163861696, "x5": 7.6914349995178615, "x6": 8.814244612879598, "x7": -1.4588030992188252, "x8": 1.999999999999998, "x9": 1.15075638445675}, "datetime": {"datetime": "2025-05-16 19:34:55", "elapsed": 4319.332757, "delta": 9.001552}}
{"target": 5.708277225560608, "params": {"x0": 0.9000000000000002, "x1": 0.9000000000000044, "x2": 4.607619601015751, "x3": 4.475444156501267, "x4": 4.62269416386169, "x5": 7.691434999517902, "x6": 8.814244612879595, "x7": -1.4588030992188283, "x8": 1.9999999999999998, "x9": 1.1507563844567514}, "datetime": {"datetime": "2025-05-16 19:35:04", "elapsed": 4328.574498, "delta": 9.241741}}
{"target": 5.708277225560608, "params": {"x0": 0.9000000000000002, "x1": 0.9000000000000011, "x2": 4.607619601015746, "x3": 4.475444156501271, "x4": 4.622694163861682, "x5": 7.691434999517871, "x6": 8.814244612879586, "x7": -1.458803099218824, "x8": 1.9999999999999984, "x9": 1.1507563844567512}, "datetime": {"datetime": "2025-05-16 19:35:13", "elapsed": 4337.836774, "delta": 9.262276}}
{"target": 5.708277225560608, "params": {"x0": 0.9000000000000001, "x1": 0.9000000000000025, "x2": 4.60761960101575, "x3": 4.475444156501263, "x4": 4.6226941638616585, "x5": 7.6914349995179, "x6": 8.814244612879591, "x7": -1.4588030992188281, "x8": 1.9999999999999982, "x9": 1.1507563844567499}, "datetime": {"datetime": "2025-05-16 19:35:22", "elapsed": 4347.00957, "delta": 9.172796}}
{"target": 5.708277225560608, "params": {"x0": 0.9, "x1": 0.900000000000001, "x2": 4.607619601015746, "x3": 4.475444156501266, "x4": 4.6226941638616585, "x5": 7.691434999517872, "x6": 8.814244612879587, "x7": -1.4588030992188308, "x8": 1.9999999999999987, "x9": 1.1507563844567508}, "datetime": {"datetime": "2025-05-16 19:35:32", "elapsed": 4356.507518, "delta": 9.497948}}
{"target": 5.708277225560608, "params": {"x0": 0.9000000000000001, "x1": 0.9000000000000009, "x2": 4.607619601015743, "x3": 4.475444156501263, "x4": 4.622694163861662, "x5": 7.69143499951789, "x6": 8.814244612879584, "x7": -1.4588030992188206, "x8": 1.9999999999999993, "x9": 1.15075638445675}, "datetime": {"datetime": "2025-05-16 19:35:41", "elapsed": 4365.912274, "delta": 9.404756}}
{"target": 5.708277225560608, "params": {"x0": 0.9, "x1": 0.9000000000000038, "x2": 4.6076196010157435, "x3": 4.475444156501264, "x4": 4.622694163861676, "x5": 7.691434999517893, "x6": 8.814244612879595, "x7": -1.4588030992188306, "x8": 1.9999999999999987, "x9": 1.1507563844567517}, "datetime": {"datetime": "2025-05-16 19:35:50", "elapsed": 4375.14449, "delta": 9.232216}}
{"target": 5.708277225560608, "params": {"x0": 0.9, "x1": 0.9000000000000002, "x2": 4.607619601015747, "x3": 4.4754441565012675, "x4": 4.62269416386167, "x5": 7.691434999517879, "x6": 8.81424461287959, "x7": -1.4588030992188268, "x8": 1.9999999999999998, "x9": 1.1507563844567505}, "datetime": {"datetime": "2025-05-16 19:36:00", "elapsed": 4384.687017, "delta": 9.542527}}
{"target": 5.708277225560608, "params": {"x0": 0.9000000000000001, "x1": 0.9000000000000009, "x2": 4.607619601015748, "x3": 4.475444156501268, "x4": 4.6226941638616745, "x5": 7.691434999517887, "x6": 8.81424461287959, "x7": -1.45880309921883, "x8": 1.9999999999999996, "x9": 1.150756384456752}, "datetime": {"datetime": "2025-05-16 19:36:10", "elapsed": 4394.634793, "delta": 9.947776}}
{"target": 5.708277225560608, "params": {"x0": 0.9, "x1": 0.9000000000000015, "x2": 4.607619601015746, "x3": 4.475444156501266, "x4": 4.622694163861676, "x5": 7.691434999517883, "x6": 8.814244612879586, "x7": -1.458803099218826, "x8": 1.9999999999999991, "x9": 1.1507563844567525}, "datetime": {"datetime": "2025-05-16 19:36:20", "elapsed": 4404.990316, "delta": 10.355523}}
{"target": 5.708277225560608, "params": {"x0": 0.9000000000000001, "x1": 0.9000000000000025, "x2": 4.607619601015746, "x3": 4.475444156501267, "x4": 4.622694163861674, "x5": 7.691434999517882, "x6": 8.81424461287959, "x7": -1.4588030992188268, "x8": 1.9999999999999993, "x9": 1.1507563844567517}, "datetime": {"datetime": "2025-05-16 19:36:30", "elapsed": 4414.569209, "delta": 9.578893}}
{"target": 5.708277225560608, "params": {"x0": 0.9000000000000001, "x1": 0.9000000000000002, "x2": 4.607619601015745, "x3": 4.4754441565012675, "x4": 4.622694163861671, "x5": 7.691434999517879, "x6": 8.814244612879591, "x7": -1.4588030992188297, "x8": 1.9999999999999996, "x9": 1.1507563844567517}, "datetime": {"datetime": "2025-05-16 19:36:39", "elapsed": 4423.727355, "delta": 9.158146}}
{"target": 5.708277225560608, "params": {"x0": 0.9000000000000001, "x1": 0.9, "x2": 4.607619601015745, "x3": 4.475444156501267, "x4": 4.622694163861678, "x5": 7.691434999517889, "x6": 8.814244612879587, "x7": -1.4588030992188283, "x8": 2.0, "x9": 1.1507563844567508}, "datetime": {"datetime": "2025-05-16 19:36:48", "elapsed": 4432.741299, "delta": 9.013944}}
{"target": 5.708277225560608, "params": {"x0": 0.9000000000000001, "x1": 0.9000000000000018, "x2": 4.607619601015746, "x3": 4.475444156501266, "x4": 4.622694163861663, "x5": 7.691434999517883, "x6": 8.814244612879586, "x7": -1.458803099218825, "x8": 1.9999999999999998, "x9": 1.1507563844567517}, "datetime": {"datetime": "2025-05-16 19:36:58", "elapsed": 4442.472625, "delta": 9.731326}}
{"target": 5.708277225560608, "params": {"x0": 0.9000000000000001, "x1": 0.9000000000000006, "x2": 4.607619601015747, "x3": 4.475444156501265, "x4": 4.622694163861673, "x5": 7.691434999517887, "x6": 8.814244612879586, "x7": -1.4588030992188308, "x8": 1.9999999999999993, "x9": 1.1507563844567514}, "datetime": {"datetime": "2025-05-16 19:37:08", "elapsed": 4452.63954, "delta": 10.166915}}
{"target": 5.708277225560608, "params": {"x0": 0.9, "x1": 0.9000000000000001, "x2": 4.607619601015745, "x3": 4.475444156501265, "x4": 4.622694163861669, "x5": 7.691434999517884, "x6": 8.814244612879591, "x7": -1.458803099218828, "x8": 2.0, "x9": 1.1507563844567512}, "datetime": {"datetime": "2025-05-16 19:37:19", "elapsed": 4463.430022, "delta": 10.790482}}
{"target": 5.708277225560608, "params": {"x0": 0.9, "x1": 0.9000000000000011, "x2": 4.607619601015745, "x3": 4.475444156501267, "x4": 4.622694163861668, "x5": 7.691434999517885, "x6": 8.814244612879587, "x7": -1.4588030992188292, "x8": 1.9999999999999998, "x9": 1.1507563844567517}, "datetime": {"datetime": "2025-05-16 19:37:28", "elapsed": 4472.708322, "delta": 9.2783}}
{"target": 5.708277225560608, "params": {"x0": 0.9, "x1": 0.9000000000000012, "x2": 4.607619601015746, "x3": 4.475444156501267, "x4": 4.62269416386167, "x5": 7.691434999517886, "x6": 8.814244612879587, "x7": -1.458803099218828, "x8": 1.9999999999999996, "x9": 1.1507563844567519}, "datetime": {"datetime": "2025-05-16 19:37:38", "elapsed": 4482.500337, "delta": 9.792015}}
{"target": 5.708277225560608, "params": {"x0": 0.9, "x1": 0.9000000000000004, "x2": 4.607619601015745, "x3": 4.475444156501267, "x4": 4.62269416386167, "x5": 7.691434999517883, "x6": 8.814244612879591, "x7": -1.4588030992188272, "x8": 1.9999999999999998, "x9": 1.1507563844567517}, "datetime": {"datetime": "2025-05-16 19:37:48", "elapsed": 4492.850148, "delta": 10.349811}}
{"target": 5.708277225560608, "params": {"x0": 0.9000000000000001, "x1": 0.9000000000000008, "x2": 4.607619601015746, "x3": 4.4754441565012675, "x4": 4.622694163861672, "x5": 7.691434999517884, "x6": 8.81424461287959, "x7": -1.4588030992188297, "x8": 1.9999999999999996, "x9": 1.1507563844567517}, "datetime": {"datetime": "2025-05-16 19:37:58", "elapsed": 4502.496629, "delta": 9.646481}}
{"target": 5.708277225560608, "params": {"x0": 0.9000000000000001, "x1": 0.9000000000000008, "x2": 4.607619601015746, "x3": 4.475444156501267, "x4": 4.622694163861672, "x5": 7.691434999517883, "x6": 8.81424461287959, "x7": -1.4588030992188277, "x8": 2.0, "x9": 1.1507563844567514}, "datetime": {"datetime": "2025-05-16 19:38:08", "elapsed": 4512.384769, "delta": 9.88814}}
{"target": 5.708277225560608, "params": {"x0": 0.9, "x1": 0.9000000000000008, "x2": 4.607619601015747, "x3": 4.475444156501267, "x4": 4.622694163861672, "x5": 7.691434999517886, "x6": 8.81424461287959, "x7": -1.4588030992188286, "x8": 2.0, "x9": 1.1507563844567519}, "datetime": {"datetime": "2025-05-16 19:38:18", "elapsed": 4523.101458, "delta": 10.716689}}
{"target": 5.708277225560608, "params": {"x0": 0.9, "x1": 0.9000000000000007, "x2": 4.607619601015746, "x3": 4.4754441565012675, "x4": 4.622694163861673, "x5": 7.691434999517886, "x6": 8.814244612879587, "x7": -1.4588030992188281, "x8": 2.0, "x9": 1.1507563844567519}, "datetime": {"datetime": "2025-05-16 19:38:28", "elapsed": 4533.168143, "delta": 10.066685}}
{"target": 5.708277225560608, "params": {"x0": 0.9, "x1": 0.9000000000000005, "x2": 4.607619601015745, "x3": 4.475444156501267, "x4": 4.622694163861669, "x5": 7.691434999517885, "x6": 8.814244612879591, "x7": -1.458803099218827, "x8": 2.0, "x9": 1.1507563844567519}, "datetime": {"datetime": "2025-05-16 19:38:38", "elapsed": 4542.672579, "delta": 9.504436}}
{"target": 5.708277225560608, "params": {"x0": 0.9, "x1": 0.9000000000000007, "x2": 4.607619601015747, "x3": 4.475444156501267, "x4": 4.622694163861669, "x5": 7.691434999517884, "x6": 8.814244612879587, "x7": -1.4588030992188283, "x8": 1.9999999999999998, "x9": 1.1507563844567519}, "datetime": {"datetime": "2025-05-16 19:38:48", "elapsed": 4552.775665, "delta": 10.103086}}
{"target": 5.708277225560608, "params": {"x0": 0.9, "x1": 0.9000000000000002, "x2": 4.607619601015746, "x3": 4.475444156501267, "x4": 4.62269416386167, "x5": 7.691434999517885, "x6": 8.81424461287959, "x7": -1.4588030992188268, "x8": 2.0, "x9": 1.1507563844567517}, "datetime": {"datetime": "2025-05-16 19:38:58", "elapsed": 4562.846728, "delta": 10.071063}}
{"target": 5.708277225560608, "params": {"x0": 0.9, "x1": 0.9, "x2": 4.607619601015746, "x3": 4.475444156501267, "x4": 4.622694163861669, "x5": 7.691434999517882, "x6": 8.81424461287959, "x7": -1.458803099218828, "x8": 1.9999999999999998, "x9": 1.1507563844567519}, "datetime": {"datetime": "2025-05-16 19:39:08", "elapsed": 4572.259466, "delta": 9.412738}}
{"target": 5.708277225560608, "params": {"x0": 0.9, "x1": 0.9000000000000002, "x2": 4.607619601015746, "x3": 4.475444156501267, "x4": 4.622694163861669, "x5": 7.691434999517882, "x6": 8.81424461287959, "x7": -1.4588030992188283, "x8": 2.0, "x9": 1.1507563844567514}, "datetime": {"datetime": "2025-05-16 19:39:18", "elapsed": 4582.810618, "delta": 10.551152}}
{"target": 5.708277225560608, "params": {"x0": 0.9, "x1": 0.9000000000000001, "x2": 4.607619601015746, "x3": 4.475444156501267, "x4": 4.622694163861669, "x5": 7.691434999517883, "x6": 8.81424461287959, "x7": -1.4588030992188283, "x8": 2.0, "x9": 1.1507563844567514}, "datetime": {"datetime": "2025-05-16 19:39:28", "elapsed": 4592.9646, "delta": 10.153982}}
{"target": 5.708277225560608, "params": {"x0": 0.9, "x1": 0.9000000000000004, "x2": 4.607619601015746, "x3": 4.475444156501267, "x4": 4.622694163861671, "x5": 7.691434999517884, "x6": 8.81424461287959, "x7": -1.458803099218827, "x8": 1.9999999999999998, "x9": 1.1507563844567519}, "datetime": {"datetime": "2025-05-16 19:39:38", "elapsed": 4603.174559, "delta": 10.209959}}
{"target": 5.708277225560608, "params": {"x0": 0.9, "x1": 0.9000000000000002, "x2": 4.607619601015746, "x3": 4.475444156501267, "x4": 4.62269416386167, "x5": 7.691434999517883, "x6": 8.81424461287959, "x7": -1.4588030992188283, "x8": 1.9999999999999998, "x9": 1.1507563844567514}, "datetime": {"datetime": "2025-05-16 19:39:49", "elapsed": 4613.997409, "delta": 10.82285}}
{"target": 5.708277225560608, "params": {"x0": 0.9, "x1": 0.9000000000000001, "x2": 4.607619601015746, "x3": 4.475444156501267, "x4": 4.622694163861669, "x5": 7.691434999517885, "x6": 8.81424461287959, "x7": -1.4588030992188272, "x8": 2.0, "x9": 1.1507563844567517}, "datetime": {"datetime": "2025-05-16 19:39:59", "elapsed": 4623.936363, "delta": 9.938954}}
{"target": 5.708277225560608, "params": {"x0": 0.9, "x1": 0.9, "x2": 4.607619601015746, "x3": 4.475444156501267, "x4": 4.62269416386167, "x5": 7.691434999517883, "x6": 8.81424461287959, "x7": -1.4588030992188272, "x8": 2.0, "x9": 1.1507563844567517}, "datetime": {"datetime": "2025-05-16 19:40:10", "elapsed": 4634.620238, "delta": 10.683875}}
{"target": 5.708277225560608, "params": {"x0": 0.9, "x1": 0.9000000000000001, "x2": 4.607619601015746, "x3": 4.475444156501267, "x4": 4.622694163861669, "x5": 7.691434999517884, "x6": 8.81424461287959, "x7": -1.4588030992188277, "x8": 2.0, "x9": 1.1507563844567517}, "datetime": {"datetime": "2025-05-16 19:40:20", "elapsed": 4644.440005, "delta": 9.819767}}
{"target": 5.708277225560608, "params": {"x0": 0.9, "x1": 0.9000000000000001, "x2": 4.607619601015746, "x3": 4.475444156501267, "x4": 4.62269416386167, "x5": 7.691434999517883, "x6": 8.81424461287959, "x7": -1.4588030992188277, "x8": 2.0, "x9": 1.1507563844567517}, "datetime": {"datetime": "2025-05-16 19:40:30", "elapsed": 4655.120711, "delta": 10.680706}}
{"target": 5.708277225560608, "params": {"x0": 0.9, "x1": 0.9000000000000001, "x2": 4.607619601015746, "x3": 4.475444156501267, "x4": 4.62269416386167, "x5": 7.691434999517885, "x6": 8.81424461287959, "x7": -1.458803099218828, "x8": 2.0, "x9": 1.1507563844567517}, "datetime": {"datetime": "2025-05-16 19:40:41", "elapsed": 4665.291703, "delta": 10.170992}}
{"target": 5.708277225560608, "params": {"x0": 0.9, "x1": 0.9, "x2": 4.607619601015746, "x3": 4.475444156501267, "x4": 4.62269416386167, "x5": 7.691434999517885, "x6": 8.81424461287959, "x7": -1.4588030992188277, "x8": 2.0, "x9": 1.1507563844567517}, "datetime": {"datetime": "2025-05-16 19:40:52", "elapsed": 4676.626413, "delta": 11.33471}}
{"target": 5.708277225560608, "params": {"x0": 0.9, "x1": 0.9000000000000001, "x2": 4.607619601015746, "x3": 4.475444156501267, "x4": 4.622694163861671, "x5": 7.691434999517884, "x6": 8.81424461287959, "x7": -1.4588030992188277, "x8": 2.0, "x9": 1.1507563844567517}, "datetime": {"datetime": "2025-05-16 19:41:02", "elapsed": 4686.813875, "delta": 10.187462}}
{"target": 5.708277225560608, "params": {"x0": 0.9, "x1": 0.9, "x2": 4.607619601015746, "x3": 4.475444156501267, "x4": 4.622694163861669, "x5": 7.691434999517884, "x6": 8.81424461287959, "x7": -1.458803099218828, "x8": 2.0, "x9": 1.1507563844567517}, "datetime": {"datetime": "2025-05-16 19:41:13", "elapsed": 4697.493391, "delta": 10.679516}}
{"target": 5.708277225560608, "params": {"x0": 0.9, "x1": 0.9, "x2": 4.607619601015746, "x3": 4.475444156501267, "x4": 4.622694163861669, "x5": 7.691434999517884, "x6": 8.81424461287959, "x7": -1.4588030992188277, "x8": 2.0, "x9": 1.1507563844567517}, "datetime": {"datetime": "2025-05-16 19:41:24", "elapsed": 4708.89734, "delta": 11.403949}}
{"target": 5.708277225560608, "params": {"x0": 0.9, "x1": 0.9000000000000001, "x2": 4.607619601015746, "x3": 4.475444156501267, "x4": 4.62269416386167, "x5": 7.691434999517884, "x6": 8.81424461287959, "x7": -1.4588030992188274, "x8": 2.0, "x9": 1.1507563844567517}, "datetime": {"datetime": "2025-05-16 19:41:35", "elapsed": 4719.235122, "delta": 10.337782}}
{"target": 5.708277225560608, "params": {"x0": 0.9, "x1": 0.9000000000000001, "x2": 4.607619601015746, "x3": 4.475444156501267, "x4": 4.62269416386167, "x5": 7.691434999517884, "x6": 8.81424461287959, "x7": -1.4588030992188277, "x8": 2.0, "x9": 1.1507563844567517}, "datetime": {"datetime": "2025-05-16 19:41:45", "elapsed": 4729.588848, "delta": 10.353726}}
{"target": 5.708277225560608, "params": {"x0": 0.9, "x1": 0.9, "x2": 4.607619601015746, "x3": 4.475444156501267, "x4": 4.62269416386167, "x5": 7.691434999517884, "x6": 8.81424461287959, "x7": -1.4588030992188274, "x8": 2.0, "x9": 1.1507563844567517}, "datetime": {"datetime": "2025-05-16 19:41:56", "elapsed": 4740.764556, "delta": 11.175708}}
