{"target": 5.4855876662288034, "params": {"x0": 0.9, "x1": 0.9, "x2": 4.337964414037515, "x3": 4.502640115969103, "x4": 1.6136113012836137, "x5": 6.673186346322277, "x6": 9.456602659839227, "x7": -2.8421684202164417, "x8": 2.0, "x9": 1.0}, "datetime": {"datetime": "2025-05-16 18:31:18", "elapsed": 503.041446, "delta": 11.321275}}
{"target": 4.3957337249593325, "params": {"x0": 0.9, "x1": 0.9, "x2": 3.3052776893133773, "x3": 3.384014463210904, "x4": 2.419169560416352, "x5": 8.702375396685115, "x6": 9.373099481175995, "x7": -2.691983122104525, "x8": 2.0, "x9": 1.0}, "datetime": {"datetime": "2025-05-16 18:31:29", "elapsed": 513.623797, "delta": 10.582351}}
{"target": 2.4353168574364767, "params": {"x0": 0.9, "x1": 0.9, "x2": 5.272106875087957, "x3": 5.509403203451482, "x4": 0.0, "x5": 4.318420634015237, "x6": 10.031829618010851, "x7": -2.925448733846028, "x8": 2.0, "x9": 1.0}, "datetime": {"datetime": "2025-05-16 18:31:39", "elapsed": 524.182325, "delta": 10.558528}}
{"target": 2.8809942482919872, "params": {"x0": 0.9, "x1": 1.6457845656938308, "x2": 4.948964277223872, "x3": 5.4087268947032445, "x4": 1.4244542788053578, "x5": 8.120463260754857, "x6": 10.279352308312976, "x7": -1.4619329963994347, "x8": 2.0, "x9": 1.0}, "datetime": {"datetime": "2025-05-16 18:31:51", "elapsed": 535.496688, "delta": 11.314363}}
{"target": 4.311521662065383, "params": {"x0": 0.9, "x1": 0.9, "x2": 5.094619807488373, "x3": 3.6871620151083757, "x4": 2.781234339989089, "x5": 6.541163928214909, "x6": 8.134984873829419, "x7": -3.3581628601878784, "x8": 1.7518063793158565, "x9": 1.237046350065299}, "datetime": {"datetime": "2025-05-16 18:32:02", "elapsed": 546.48796, "delta": 10.991272}}
{"target": 4.578797249807354, "params": {"x0": 0.9354728380521136, "x1": 0.9, "x2": 3.656974559931743, "x3": 3.7687098251944486, "x4": 0.03583384513733005, "x5": 6.765022302381469, "x6": 9.171201167519659, "x7": -4.231619337901903, "x8": 1.7766257413842708, "x9": 1.0}, "datetime": {"datetime": "2025-05-16 18:32:13", "elapsed": 557.475814, "delta": 10.987854}}
{"target": 4.94232596617078, "params": {"x0": 0.9, "x1": 0.9, "x2": 3.7250735453423203, "x3": 3.8421028542719142, "x4": 2.56757642992737, "x5": 6.016906677171756, "x6": 11.076300209504039, "x7": -4.08939089379309, "x8": 2.0, "x9": 1.0}, "datetime": {"datetime": "2025-05-16 18:32:23", "elapsed": 567.946157, "delta": 10.470343}}
{"target": 5.19108941618893, "params": {"x0": 0.9, "x1": 0.9, "x2": 4.88956619586319, "x3": 3.908156580441633, "x4": 1.9962923818775258, "x5": 8.060895313168757, "x6": 10.209795765703042, "x7": -3.860339503848068, "x8": 2.0, "x9": 1.172806789197603}, "datetime": {"datetime": "2025-05-16 18:32:35", "elapsed": 579.600974, "delta": 11.654817}}
{"target": 4.430629113793891, "params": {"x0": 0.9, "x1": 0.9, "x2": 3.841522810394407, "x3": 5.037675297943826, "x4": 2.284513779457885, "x5": 6.473730708922241, "x6": 9.417779616146085, "x7": -4.387505880504394, "x8": 2.0, "x9": 1.0}, "datetime": {"datetime": "2025-05-16 18:32:45", "elapsed": 589.817217, "delta": 10.216243}}
{"target": 5.216254354927243, "params": {"x0": 0.9, "x1": 0.9, "x2": 3.891166970758718, "x3": 4.021108452191852, "x4": 1.2173718463567316, "x5": 5.546909205899528, "x6": 8.275843146133578, "x7": -1.4513647059572847, "x8": 2.0, "x9": 1.1399734992500585}, "datetime": {"datetime": "2025-05-16 18:32:56", "elapsed": 600.506096, "delta": 10.688879}}
{"target": 5.364940777569238, "params": {"x0": 0.9, "x1": 0.9, "x2": 3.9358467150865977, "x3": 4.069261618569577, "x4": 2.992405718476083, "x5": 5.659536919941803, "x6": 9.753608997718805, "x7": -1.825121005771395, "x8": 2.0, "x9": 1.0}, "datetime": {"datetime": "2025-05-16 18:33:06", "elapsed": 610.783089, "delta": 10.276993}}
{"target": 5.216860862391017, "params": {"x0": 0.9, "x1": 0.9, "x2": 3.9760584849816896, "x3": 4.11259946830953, "x4": 1.4998997659629425, "x5": 5.76090186257985, "x6": 10.061880462038761, "x7": -2.4944910455262006, "x8": 1.8812897606269983, "x9": 1.1133785343925473}, "datetime": {"datetime": "2025-05-16 18:33:17", "elapsed": 621.314655, "delta": 10.531566}}
{"target": 5.368068195338901, "params": {"x0": 0.916966548474528, "x1": 0.9, "x2": 4.663679750187758, "x3": 4.1516035330754875, "x4": 2.7304347792095136, "x5": 7.33115570901618, "x6": 10.317376345330645, "x7": -2.5641527185259627, "x8": 1.8931607845642984, "x9": 1.0}, "datetime": {"datetime": "2025-05-16 18:33:28", "elapsed": 632.311791, "delta": 10.997136}}
{"target": 5.496504490319643, "params": {"x0": 0.9, "x1": 0.9, "x2": 4.044820611502296, "x3": 4.186707191364849, "x4": 2.455478628023756, "x5": 6.856265449895631, "x6": 8.681906342896951, "x7": -1.9296621032910086, "x8": 2.0, "x9": 1.0918366128579633}, "datetime": {"datetime": "2025-05-16 18:33:39", "elapsed": 643.81863, "delta": 11.506839}}
{"target": 5.0433698586166065, "params": {"x0": 0.9137429042643677, "x1": 0.9, "x2": 3.7956483793473605, "x3": 3.9181642054512325, "x4": 2.0299863272727094, "x5": 6.200364016426069, "x6": 9.03482241079051, "x7": -2.705292472677627, "x8": 2.0, "x9": 1.0137754919286945}, "datetime": {"datetime": "2025-05-16 18:33:49", "elapsed": 654.093457, "delta": 10.274827}}
{"target": 5.477998376922068, "params": {"x0": 0.9, "x1": 0.9, "x2": 4.269075620441739, "x3": 4.428395878687104, "x4": 3.231758913728431, "x5": 6.265954159773026, "x6": 8.08926366043611, "x7": -1.2315947708430524, "x8": 1.9221142119473735, "x9": 1.0215816040216212}, "datetime": {"datetime": "2025-05-16 18:34:00", "elapsed": 664.883303, "delta": 10.789846}}
{"target": 5.5642445754580665, "params": {"x0": 0.9, "x1": 0.9, "x2": 4.246650119547795, "x3": 4.4042270099548775, "x4": 3.1541308851579632, "x5": 7.387545611005976, "x6": 9.215284757111709, "x7": -1.301401504087848, "x8": 1.9299027907526363, "x9": 1.155066120810671}, "datetime": {"datetime": "2025-05-16 18:34:11", "elapsed": 675.952585, "delta": 11.069282}}
{"target": 5.403937127666426, "params": {"x0": 0.9, "x1": 0.9, "x2": 4.418205201386468, "x3": 4.219335164153353, "x4": 2.560276466593887, "x5": 6.9359574740621825, "x6": 8.761913105029166, "x7": -0.7673799947651614, "x8": 1.8703201628923771, "x9": 1.2088112025704725}, "datetime": {"datetime": "2025-05-16 18:34:22", "elapsed": 686.733644, "delta": 10.781059}}
{"target": 5.5694169983007455, "params": {"x0": 0.9, "x1": 0.9, "x2": 4.401049693202601, "x3": 4.57062967117625, "x4": 3.688599861865632, "x5": 6.981116287756562, "x6": 9.295310285570434, "x7": -1.7820208624782659, "x8": 1.9835271558268697, "x9": 1.2034366943944923}, "datetime": {"datetime": "2025-05-16 18:34:33", "elapsed": 697.756133, "delta": 11.022489}}
{"target": 5.313623256263886, "params": {"x0": 0.9, "x1": 0.9, "x2": 4.2698100555960155, "x3": 4.712071933214417, "x4": 4.14289849206715, "x5": 6.63565136299456, "x6": 9.658540047334357, "x7": -1.3734944078464106, "x8": 2.0, "x9": 1.2445516819407405}, "datetime": {"datetime": "2025-05-16 18:34:43", "elapsed": 707.993838, "delta": 10.237705}}
{"target": 5.433947295388729, "params": {"x0": 0.9, "x1": 0.9, "x2": 4.519165367048528, "x3": 4.697927707010599, "x4": 3.2797310946842657, "x5": 6.67019785547076, "x6": 8.968403499982902, "x7": -1.4827691981106934, "x8": 2.0, "x9": 1.2404401831861158}, "datetime": {"datetime": "2025-05-16 18:34:54", "elapsed": 718.294396, "delta": 10.300558}}
{"target": 5.688367241430836, "params": {"x0": 0.9, "x1": 0.9, "x2": 4.507353799663934, "x3": 4.456061438925335, "x4": 4.056581752328862, "x5": 7.260942876813783, "x6": 9.001094178541655, "x7": -1.4511144342264632, "x8": 2.0, "x9": 1.1701335544820313}, "datetime": {"datetime": "2025-05-16 18:35:04", "elapsed": 728.863199, "delta": 10.568803}}
{"target": 5.630746855674968, "params": {"x0": 0.9, "x1": 0.9, "x2": 4.4169953091718, "x3": 4.553444436338613, "x4": 4.3693663592226075, "x5": 7.498795477512422, "x6": 8.751010487567193, "x7": -1.7323848982404955, "x8": 1.9675953043904078, "x9": 1.1418258855564394}, "datetime": {"datetime": "2025-05-16 18:35:15", "elapsed": 739.456305, "delta": 10.593106}}
{"target": 5.648134199902945, "params": {"x0": 0.9, "x1": 0.9, "x2": 4.426031158221014, "x3": 4.368416741253386, "x4": 4.3380878985332325, "x5": 7.4750102174425574, "x6": 8.776018856664638, "x7": -1.1979710166138342, "x8": 1.970835773951367, "x9": 1.195610456515064}, "datetime": {"datetime": "2025-05-16 18:35:26", "elapsed": 750.21787, "delta": 10.761565}}
{"target": 5.640959736645041, "params": {"x0": 0.9, "x1": 0.9, "x2": 4.5805441769625626, "x3": 4.377181211020581, "x4": 4.309937283912796, "x5": 7.4536034833796805, "x6": 9.203661968230968, "x7": -1.6789435100778294, "x8": 1.9737521965562304, "x9": 1.1472043426523018}, "datetime": {"datetime": "2025-05-16 18:35:36", "elapsed": 760.849718, "delta": 10.631848}}
{"target": 5.671591623040607, "params": {"x0": 0.9, "x1": 0.9, "x2": 4.5732251392327, "x3": 4.3850692338110555, "x4": 3.8285617739033215, "x5": 7.4343374227230905, "x6": 8.818783167821271, "x7": -1.656160602492693, "x8": 2.0, "x9": 1.1494972638352747}, "datetime": {"datetime": "2025-05-16 18:35:47", "elapsed": 771.51461, "delta": 10.664892}}
{"target": 5.669735933012292, "params": {"x0": 0.9, "x1": 0.9, "x2": 4.448069594052045, "x3": 4.3921684543224835, "x4": 4.261799732911848, "x5": 7.104887785495407, "x6": 8.837014268893311, "x7": -1.6354547559532544, "x8": 2.0, "x9": 1.1515608928999503}, "datetime": {"datetime": "2025-05-16 18:35:58", "elapsed": 782.616184, "delta": 11.101574}}
{"target": 5.651429037584628, "params": {"x0": 0.9, "x1": 0.9, "x2": 4.560709584714634, "x3": 4.513565125067902, "x4": 4.241277934853549, "x5": 7.120493294627244, "x6": 8.853422259858144, "x7": -1.2850270379308173, "x8": 1.980865351289492, "x9": 1.1534181590581585}, "datetime": {"datetime": "2025-05-16 18:36:09", "elapsed": 793.661904, "delta": 11.04572}}
{"target": 5.660597755302608, "params": {"x0": 0.9031439356858434, "x1": 0.9, "x2": 4.459333593118304, "x3": 4.404308121397025, "x4": 3.8903551880566427, "x5": 7.134538252845898, "x6": 8.868189451726495, "x7": -1.301635777560382, "x8": 1.9827788161605426, "x9": 1.1550896986005457}, "datetime": {"datetime": "2025-05-16 18:36:20", "elapsed": 804.943676, "delta": 11.281772}}
{"target": 5.663521572395741, "params": {"x0": 0.9, "x1": 0.9, "x2": 4.464135613772867, "x3": 4.502639424700814, "x4": 4.002152747076508, "x5": 7.37470703838488, "x6": 8.881479924408012, "x7": -1.504668221747612, "x8": 1.9845009345444884, "x9": 1.1836730247753682}, "datetime": {"datetime": "2025-05-16 18:36:32", "elapsed": 816.449211, "delta": 11.505535}}
{"target": 5.6873830702343104, "params": {"x0": 0.9025465879055331, "x1": 0.9, "x2": 4.468457432361974, "x3": 4.497981626123266, "x4": 4.191225269389359, "x5": 7.36333062222777, "x6": 9.048693953265333, "x7": -1.3300367223269374, "x8": 2.0, "x9": 1.157948031218028}, "datetime": {"datetime": "2025-05-16 18:36:43", "elapsed": 828.031992, "delta": 11.582781}}
{"target": 5.691030751664862, "params": {"x0": 0.9022919291149798, "x1": 0.9, "x2": 4.542360530235698, "x3": 4.418333270447198, "x4": 4.17776091768331, "x5": 7.353091847686372, "x6": 8.904206632693404, "x7": -1.4162687146337811, "x8": 2.0, "x9": 1.1591665835444283}, "datetime": {"datetime": "2025-05-16 18:36:55", "elapsed": 839.28138, "delta": 11.249388}}
{"target": 5.689994144831803, "params": {"x0": 0.9003437893672469, "x1": 0.9, "x2": 4.512604809249699, "x3": 4.386264327240781, "x4": 4.074758627132029, "x5": 7.431418472928072, "x6": 8.986561046664416, "x7": -1.437271939487034, "x8": 2.0, "x9": 1.1498446582474657}, "datetime": {"datetime": "2025-05-16 18:37:06", "elapsed": 850.841638, "delta": 11.560258}}
{"target": 5.686709864462602, "params": {"x0": 0.9040452548879394, "x1": 0.9, "x2": 4.515580381348299, "x3": 4.389471221561422, "x4": 4.270462979179462, "x5": 7.282597884968842, "x6": 8.978325605267315, "x7": -1.4005889042430353, "x8": 2.0, "x9": 1.150776850777162}, "datetime": {"datetime": "2025-05-16 18:37:18", "elapsed": 862.524496, "delta": 11.682858}}
{"target": 5.6963873111101915, "params": {"x0": 0.9007139359193161, "x1": 0.9, "x2": 4.566462664234358, "x3": 4.444309114444396, "x4": 4.261192773029848, "x5": 7.416536414132149, "x6": 8.837499557376884, "x7": -1.3382408795000058, "x8": 2.0, "x9": 1.1516158240538887}, "datetime": {"datetime": "2025-05-16 18:37:29", "elapsed": 874.132505, "delta": 11.608009}}
{"target": 5.6977947414791785, "params": {"x0": 0.9, "x1": 0.9, "x2": 4.586949478133219, "x3": 4.466388581842014, "x4": 4.332109850074404, "x5": 7.470464295611059, "x6": 8.894200571395926, "x7": -1.404564539363715, "x8": 2.0, "x9": 1.14519767848693}, "datetime": {"datetime": "2025-05-16 18:37:41", "elapsed": 885.464052, "delta": 11.331547}}
{"target": 5.700053729806005, "params": {"x0": 0.9, "x1": 0.9, "x2": 4.566462664234358, "x3": 4.488468049239632, "x4": 4.40302692711896, "x5": 7.524392177089969, "x6": 8.854509861582596, "x7": -1.3581379774591187, "x8": 2.0, "x9": 1.1387795329199712}, "datetime": {"datetime": "2025-05-16 18:37:53", "elapsed": 897.263283, "delta": 11.799231}}
{"target": 5.695396176983877, "params": {"x0": 0.9, "x1": 0.9, "x2": 4.552121894505155, "x3": 4.51054751663725, "x4": 4.473944004163516, "x5": 7.470464295611059, "x6": 8.826726364713265, "x7": -1.390636570792336, "x8": 2.0, "x9": 1.1323613873530125}, "datetime": {"datetime": "2025-05-16 18:38:04", "elapsed": 908.562566, "delta": 11.299283}}
{"target": 5.6963377243141995, "params": {"x0": 0.9, "x1": 0.9, "x2": 4.553555971478075, "x3": 4.508339569897489, "x4": 4.339201557778859, "x5": 7.572927270420989, "x6": 8.829504714400198, "x7": -1.328889243459223, "x8": 2.0, "x9": 1.1330032019097085}, "datetime": {"datetime": "2025-05-16 18:38:15", "elapsed": 919.215804, "delta": 10.653238}}
{"target": 5.6971042935139256, "params": {"x0": 0.9, "x1": 0.9, "x2": 4.578078687715012, "x3": 4.506352417831703, "x4": 4.460469759525051, "x5": 7.568073761087886, "x6": 8.877014494046755, "x7": -1.3318141168592126, "x8": 2.0, "x9": 1.1335808350107348}, "datetime": {"datetime": "2025-05-16 18:38:26", "elapsed": 930.934682, "delta": 11.718878}}
{"target": 5.691810077085953, "params": {"x0": 0.9, "x1": 0.9, "x2": 4.576917085366946, "x3": 4.504563980972495, "x4": 4.351328377953478, "x5": 7.4850787514918435, "x6": 8.874764030800337, "x7": -1.3344465029192032, "x8": 2.0, "x9": 1.1341007048016583}, "datetime": {"datetime": "2025-05-16 18:38:37", "elapsed": 941.930905, "delta": 10.996223}}
{"target": 5.702727822817809, "params": {"x0": 0.9, "x1": 0.9, "x2": 4.575871643253688, "x3": 4.473981710680055, "x4": 4.449555621367893, "x5": 7.5597742601282825, "x6": 8.836281109286627, "x7": -1.3794603045450426, "x8": 2.0, "x9": 1.1429904782264528}, "datetime": {"datetime": "2025-05-16 18:38:49", "elapsed": 953.494318, "delta": 11.563413}}
{"target": 5.704253407307702, "params": {"x0": 0.9006640876346724, "x1": 0.9, "x2": 4.583869275420118, "x3": 4.461668322904414, "x4": 4.489105011479487, "x5": 7.589849030710848, "x6": 8.820786669835055, "x7": -1.397584282568078, "x8": 2.0, "x9": 1.1465697817369622}, "datetime": {"datetime": "2025-05-16 18:38:59", "elapsed": 963.377076, "delta": 9.882758}}
{"target": 5.7049836671444645, "params": {"x0": 0.9012285621241439, "x1": 0.9, "x2": 4.591866907586548, "x3": 4.473981710680055, "x4": 4.528654401591081, "x5": 7.619923801293414, "x6": 8.805292230383483, "x7": -1.4157082605911133, "x8": 2.0, "x9": 1.1501490852474716}, "datetime": {"datetime": "2025-05-16 18:39:09", "elapsed": 973.654864, "delta": 10.277788}}
{"target": 5.704549125019413, "params": {"x0": 0.9006640876346724, "x1": 0.9, "x2": 4.599864539752978, "x3": 4.482601082123003, "x4": 4.489105011479487, "x5": 7.6499985718759795, "x6": 8.78979779093191, "x7": -1.4338322386141487, "x8": 2.0, "x9": 1.153728388757981}, "datetime": {"datetime": "2025-05-16 18:39:19", "elapsed": 983.86134, "delta": 10.206476}}
{"target": 5.706464341052393, "params": {"x0": 0.9007205350836196, "x1": 0.9, "x2": 4.599064776536335, "x3": 4.466224276381401, "x4": 4.564248852691515, "x5": 7.646991094817723, "x6": 8.791347234877067, "x7": -1.4320198408118452, "x8": 2.0, "x9": 1.1469277120880133}, "datetime": {"datetime": "2025-05-16 18:39:29", "elapsed": 994.127044, "delta": 10.265704}}
{"target": 5.705894029509524, "params": {"x0": 0.9002887120991738, "x1": 0.9, "x2": 4.605182965143654, "x3": 4.459630457227545, "x4": 4.594504136126884, "x5": 7.669998294313387, "x6": 8.779493988696615, "x7": -1.4458846839994672, "x8": 2.0, "x9": 1.1441895449024735}, "datetime": {"datetime": "2025-05-16 18:39:40", "elapsed": 1004.388588, "delta": 10.261544}}
{"target": 5.7069833981749545, "params": {"x0": 0.9003318943976184, "x1": 0.9, "x2": 4.604571146282923, "x3": 4.472158713619871, "x4": 4.591478607783347, "x5": 7.66769757436382, "x6": 8.802015156439476, "x7": -1.444498199680705, "x8": 2.0, "x9": 1.149392062554999}, "datetime": {"datetime": "2025-05-16 18:39:50", "elapsed": 1014.488764, "delta": 10.100176}}
{"target": 5.70783987529767, "params": {"x0": 0.9000015498145174, "x1": 0.9, "x2": 4.609251560567522, "x3": 4.47720298527257, "x4": 4.614623899611404, "x5": 7.685298081978003, "x6": 8.811082889767523, "x7": -1.4551048047192359, "x8": 2.0, "x9": 1.1514867604519368}, "datetime": {"datetime": "2025-05-16 18:40:00", "elapsed": 1024.307777, "delta": 9.819013}}
{"target": 5.707701513772574, "params": {"x0": 0.9, "x1": 0.9, "x2": 4.613931974852121, "x3": 4.48224725692527, "x4": 4.637769191439461, "x5": 7.702898589592185, "x6": 8.82015062309557, "x7": -1.4657114097577668, "x8": 2.0, "x9": 1.1535814583488746}, "datetime": {"datetime": "2025-05-16 18:40:09", "elapsed": 1034.001859, "delta": 9.694082}}
{"target": 5.706965457739434, "params": {"x0": 0.9, "x1": 0.9, "x2": 4.6134639334236605, "x3": 4.48174282976, "x4": 4.593793136966152, "x5": 7.701138538830767, "x6": 8.819243849762765, "x7": -1.4646507492539136, "x8": 2.0, "x9": 1.1533719885591809}, "datetime": {"datetime": "2025-05-16 18:40:19", "elapsed": 1043.42163, "delta": 9.419771}}
{"target": 5.707031640604777, "params": {"x0": 0.9, "x1": 0.9, "x2": 4.613042696138047, "x3": 4.481288845311257, "x4": 4.633371585992131, "x5": 7.671041670810515, "x6": 8.803738025771805, "x7": -1.4465134546380258, "x8": 2.0, "x9": 1.1531834657484563}, "datetime": {"datetime": "2025-05-16 18:40:29", "elapsed": 1053.308786, "delta": 9.887156}}
{"target": 5.7074766500097285, "params": {"x0": 0.9, "x1": 0.9, "x2": 4.6126635825809945, "x3": 4.480880259307388, "x4": 4.631496817354058, "x5": 7.698128852028741, "x6": 8.81769326736367, "x7": -1.447372589646147, "x8": 2.0, "x9": 1.1530137952188044}, "datetime": {"datetime": "2025-05-16 18:40:39", "elapsed": 1063.21022, "delta": 9.901434}}
{"target": 5.707709843650046, "params": {"x0": 0.9, "x1": 0.9, "x2": 4.606180740755396, "x3": 4.473893438641234, "x4": 4.599438273643016, "x5": 7.696845775023667, "x6": 8.817032229604054, "x7": -1.462063798285016, "x8": 2.0, "x9": 1.1528610917421176}, "datetime": {"datetime": "2025-05-16 18:40:48", "elapsed": 1073.178779, "delta": 9.968559}}
{"target": 5.707338853537414, "params": {"x0": 0.9, "x1": 0.9, "x2": 4.612015298398434, "x3": 4.4801815772407725, "x4": 4.628290962982954, "x5": 7.695691005719101, "x6": 8.805728483914644, "x7": -1.4488417105100337, "x8": 2.0, "x9": 1.1527236586130996}, "datetime": {"datetime": "2025-05-16 18:40:59", "elapsed": 1083.205876, "delta": 10.027097}}
{"target": 5.707251191666503, "params": {"x0": 0.9, "x1": 0.9, "x2": 4.611738924615343, "x3": 4.479883718043952, "x4": 4.602323542577009, "x5": 7.694651713344991, "x6": 8.815901855035113, "x7": -1.4607415895075178, "x8": 2.0, "x9": 1.1525999687969832}, "datetime": {"datetime": "2025-05-16 18:41:09", "elapsed": 1093.288022, "delta": 10.082146}}
{"target": 5.707637673211539, "params": {"x0": 0.9, "x1": 0.9, "x2": 4.611490188210561, "x3": 4.474790325778327, "x4": 4.625694220942359, "x5": 7.693716350208292, "x6": 8.806745821026691, "x7": -1.450031698409782, "x8": 2.0, "x9": 1.1504848729413948}, "datetime": {"datetime": "2025-05-16 18:41:19", "elapsed": 1103.353293, "delta": 10.065271}}
{"target": 5.707126109306601, "params": {"x0": 0.9, "x1": 0.9, "x2": 4.611266325446257, "x3": 4.47937437881739, "x4": 4.624587188809263, "x5": 7.677721640570741, "x6": 8.807179527900775, "x7": -1.4596706003977442, "x8": 2.0, "x9": 1.1523884592114244}, "datetime": {"datetime": "2025-05-16 18:41:29", "elapsed": 1113.539268, "delta": 10.185975}}
{"target": 5.707272418615631, "params": {"x0": 0.9, "x1": 0.9, "x2": 4.611064848958383, "x3": 4.475248731082233, "x4": 4.60565693933333, "x5": 7.692116879244537, "x6": 8.814595915447596, "x7": -1.4592140208298934, "x8": 2.0, "x9": 1.1522982893354756}, "datetime": {"datetime": "2025-05-16 18:41:39", "elapsed": 1124.031485, "delta": 10.492217}}
{"target": 5.708277225560608, "params": {"x0": 0.9, "x1": 0.9, "x2": 4.607619601015746, "x3": 4.475444156501267, "x4": 4.62269416386167, "x5": 7.691434999517884, "x6": 8.81424461287959, "x7": -1.4588030992188277, "x8": 2.0, "x9": 1.1507563844567517}, "datetime": {"datetime": "2025-05-16 18:41:49", "elapsed": 1134.041356, "delta": 10.009871}}
{"target": 5.708250095685293, "params": {"x0": 0.9, "x1": 0.9, "x2": 4.606232435396737, "x3": 4.473949152045658, "x4": 4.629553888474397, "x5": 7.696651379426783, "x6": 8.816932077524845, "x7": -1.4619466495434807, "x8": 2.0, "x9": 1.1501355648608445}, "datetime": {"datetime": "2025-05-16 18:41:59", "elapsed": 1143.933834, "delta": 9.892478}}
{"target": 5.708250095685293, "params": {"x0": 0.9, "x1": 0.9, "x2": 4.606371151958638, "x3": 4.474098652491219, "x4": 4.628867916013124, "x5": 7.696129741435893, "x6": 8.81666333106032, "x7": -1.4616322945110154, "x8": 2.0, "x9": 1.1501976468204351}, "datetime": {"datetime": "2025-05-16 18:42:10", "elapsed": 1154.491398, "delta": 10.557564}}
