{"target": 5.708277225560608, "params": {"x0": 0.9, "x1": 0.9, "x2": 4.607619601015746, "x3": 4.475444156501267, "x4": 4.62269416386167, "x5": 7.691434999517884, "x6": 8.81424461287959, "x7": -1.4588030992188274, "x8": 2.0, "x9": 1.1507563844567517}, "datetime": {"datetime": "2025-05-16 19:42:00", "elapsed": 4744.870825, "delta": 4.106269}}
{"target": 5.708277225560608, "params": {"x0": 0.9, "x1": 0.9, "x2": 4.607619601015746, "x3": 4.475444156501267, "x4": 4.62269416386167, "x5": 7.691434999517884, "x6": 8.81424461287959, "x7": -1.4588030992188274, "x8": 2.0, "x9": 1.1507563844567517}, "datetime": {"datetime": "2025-05-16 19:42:04", "elapsed": 4749.0596, "delta": 4.188775}}
{"target": 5.708277225560608, "params": {"x0": 0.9, "x1": 0.9, "x2": 4.607619601015746, "x3": 4.475444156501267, "x4": 4.62269416386167, "x5": 7.691434999517884, "x6": 8.81424461287959, "x7": -1.4588030992188274, "x8": 2.0, "x9": 1.1507563844567517}, "datetime": {"datetime": "2025-05-16 19:42:09", "elapsed": 4753.317463, "delta": 4.257863}}
{"target": 5.708277225560608, "params": {"x0": 0.9, "x1": 0.9, "x2": 4.607619601015746, "x3": 4.475444156501267, "x4": 4.62269416386167, "x5": 7.691434999517884, "x6": 8.81424461287959, "x7": -1.4588030992188274, "x8": 2.0, "x9": 1.1507563844567517}, "datetime": {"datetime": "2025-05-16 19:42:14", "elapsed": 4759.187966, "delta": 5.870503}}
{"target": 5.708277225560608, "params": {"x0": 0.9, "x1": 0.9, "x2": 4.607619601015746, "x3": 4.475444156501267, "x4": 4.62269416386167, "x5": 7.691434999517884, "x6": 8.81424461287959, "x7": -1.4588030992188274, "x8": 2.0, "x9": 1.1507563844567517}, "datetime": {"datetime": "2025-05-16 19:42:18", "elapsed": 4762.246182, "delta": 3.058216}}
{"target": 5.708277225560608, "params": {"x0": 0.9, "x1": 0.9, "x2": 4.607619601015746, "x3": 4.475444156501267, "x4": 4.62269416386167, "x5": 7.691434999517884, "x6": 8.81424461287959, "x7": -1.4588030992188274, "x8": 2.0, "x9": 1.1507563844567517}, "datetime": {"datetime": "2025-05-16 19:42:22", "elapsed": 4766.217761, "delta": 3.971579}}
{"target": 5.708277225560608, "params": {"x0": 0.9, "x1": 0.9, "x2": 4.607619601015746, "x3": 4.475444156501267, "x4": 4.62269416386167, "x5": 7.691434999517884, "x6": 8.81424461287959, "x7": -1.4588030992188274, "x8": 2.0, "x9": 1.1507563844567517}, "datetime": {"datetime": "2025-05-16 19:42:26", "elapsed": 4770.850055, "delta": 4.632294}}
{"target": 5.708277225560608, "params": {"x0": 0.9, "x1": 0.9, "x2": 4.607619601015746, "x3": 4.475444156501267, "x4": 4.62269416386167, "x5": 7.691434999517884, "x6": 8.81424461287959, "x7": -1.4588030992188274, "x8": 2.0, "x9": 1.1507563844567517}, "datetime": {"datetime": "2025-05-16 19:42:30", "elapsed": 4774.759228, "delta": 3.909173}}
{"target": 5.708277225560608, "params": {"x0": 0.9, "x1": 0.9, "x2": 4.607619601015746, "x3": 4.475444156501267, "x4": 4.62269416386167, "x5": 7.691434999517884, "x6": 8.81424461287959, "x7": -1.4588030992188274, "x8": 2.0, "x9": 1.1507563844567517}, "datetime": {"datetime": "2025-05-16 19:42:34", "elapsed": 4779.09435, "delta": 4.335122}}
{"target": 5.708277225560608, "params": {"x0": 0.9, "x1": 0.9, "x2": 4.607619601015746, "x3": 4.475444156501267, "x4": 4.62269416386167, "x5": 7.691434999517884, "x6": 8.81424461287959, "x7": -1.4588030992188274, "x8": 2.0, "x9": 1.1507563844567517}, "datetime": {"datetime": "2025-05-16 19:42:38", "elapsed": 4782.972854, "delta": 3.878504}}
{"target": 5.708277225560608, "params": {"x0": 0.9, "x1": 0.9, "x2": 4.607619601015746, "x3": 4.475444156501267, "x4": 4.62269416386167, "x5": 7.691434999517884, "x6": 8.81424461287959, "x7": -1.4588030992188274, "x8": 2.0, "x9": 1.1507563844567517}, "datetime": {"datetime": "2025-05-16 19:42:44", "elapsed": 4788.712545, "delta": 5.739691}}
{"target": 5.708277225560608, "params": {"x0": 0.9, "x1": 0.9, "x2": 4.607619601015746, "x3": 4.475444156501267, "x4": 4.62269416386167, "x5": 7.691434999517884, "x6": 8.81424461287959, "x7": -1.4588030992188274, "x8": 2.0, "x9": 1.1507563844567517}, "datetime": {"datetime": "2025-05-16 19:42:49", "elapsed": 4794.013515, "delta": 5.30097}}
{"target": 5.708277225560608, "params": {"x0": 0.9, "x1": 0.9, "x2": 4.607619601015746, "x3": 4.475444156501267, "x4": 4.62269416386167, "x5": 7.691434999517884, "x6": 8.81424461287959, "x7": -1.4588030992188274, "x8": 2.0, "x9": 1.1507563844567517}, "datetime": {"datetime": "2025-05-16 19:42:54", "elapsed": 4798.312076, "delta": 4.298561}}
{"target": 5.708277225560608, "params": {"x0": 0.9, "x1": 0.9, "x2": 4.607619601015746, "x3": 4.475444156501267, "x4": 4.62269416386167, "x5": 7.691434999517884, "x6": 8.81424461287959, "x7": -1.4588030992188274, "x8": 2.0, "x9": 1.1507563844567517}, "datetime": {"datetime": "2025-05-16 19:42:58", "elapsed": 4802.61057, "delta": 4.298494}}
{"target": 5.708277225560608, "params": {"x0": 0.9, "x1": 0.9, "x2": 4.607619601015746, "x3": 4.475444156501267, "x4": 4.62269416386167, "x5": 7.691434999517884, "x6": 8.81424461287959, "x7": -1.4588030992188274, "x8": 2.0, "x9": 1.1507563844567517}, "datetime": {"datetime": "2025-05-16 19:43:02", "elapsed": 4806.463736, "delta": 3.853166}}
{"target": 5.708277225560608, "params": {"x0": 0.9, "x1": 0.9, "x2": 4.607619601015746, "x3": 4.475444156501267, "x4": 4.62269416386167, "x5": 7.691434999517884, "x6": 8.81424461287959, "x7": -1.4588030992188274, "x8": 2.0, "x9": 1.1507563844567517}, "datetime": {"datetime": "2025-05-16 19:43:07", "elapsed": 4811.36776, "delta": 4.904024}}
{"target": 5.708277225560608, "params": {"x0": 0.9, "x1": 0.9, "x2": 4.607619601015746, "x3": 4.475444156501267, "x4": 4.62269416386167, "x5": 7.691434999517884, "x6": 8.81424461287959, "x7": -1.4588030992188274, "x8": 2.0, "x9": 1.1507563844567517}, "datetime": {"datetime": "2025-05-16 19:43:11", "elapsed": 4815.976062, "delta": 4.608302}}
{"target": 5.708277225560608, "params": {"x0": 0.9, "x1": 0.9, "x2": 4.607619601015746, "x3": 4.475444156501267, "x4": 4.62269416386167, "x5": 7.691434999517884, "x6": 8.81424461287959, "x7": -1.4588030992188274, "x8": 2.0, "x9": 1.1507563844567517}, "datetime": {"datetime": "2025-05-16 19:43:15", "elapsed": 4819.853344, "delta": 3.877282}}
{"target": 5.708277225560608, "params": {"x0": 0.9, "x1": 0.9, "x2": 4.607619601015746, "x3": 4.475444156501267, "x4": 4.62269416386167, "x5": 7.691434999517884, "x6": 8.81424461287959, "x7": -1.4588030992188274, "x8": 2.0, "x9": 1.1507563844567517}, "datetime": {"datetime": "2025-05-16 19:43:19", "elapsed": 4824.086374, "delta": 4.23303}}
{"target": 5.708277225560608, "params": {"x0": 0.9, "x1": 0.9, "x2": 4.607619601015746, "x3": 4.475444156501267, "x4": 4.62269416386167, "x5": 7.691434999517884, "x6": 8.81424461287959, "x7": -1.4588030992188274, "x8": 2.0, "x9": 1.1507563844567517}, "datetime": {"datetime": "2025-05-16 19:43:24", "elapsed": 4828.78232, "delta": 4.695946}}
{"target": 5.708277225560608, "params": {"x0": 0.9, "x1": 0.9, "x2": 4.607619601015746, "x3": 4.475444156501267, "x4": 4.62269416386167, "x5": 7.691434999517884, "x6": 8.81424461287959, "x7": -1.4588030992188274, "x8": 2.0, "x9": 1.1507563844567517}, "datetime": {"datetime": "2025-05-16 19:43:28", "elapsed": 4833.186101, "delta": 4.403781}}
{"target": 5.708277225560608, "params": {"x0": 0.9, "x1": 0.9, "x2": 4.607619601015746, "x3": 4.475444156501267, "x4": 4.62269416386167, "x5": 7.691434999517884, "x6": 8.81424461287959, "x7": -1.4588030992188274, "x8": 2.0, "x9": 1.1507563844567517}, "datetime": {"datetime": "2025-05-16 19:43:32", "elapsed": 4836.496083, "delta": 3.309982}}
{"target": 5.708277225560608, "params": {"x0": 0.9, "x1": 0.9, "x2": 4.607619601015746, "x3": 4.475444156501267, "x4": 4.62269416386167, "x5": 7.691434999517884, "x6": 8.81424461287959, "x7": -1.4588030992188274, "x8": 2.0, "x9": 1.1507563844567517}, "datetime": {"datetime": "2025-05-16 19:43:36", "elapsed": 4840.292331, "delta": 3.796248}}
{"target": 5.708277225560608, "params": {"x0": 0.9, "x1": 0.9, "x2": 4.607619601015746, "x3": 4.475444156501267, "x4": 4.62269416386167, "x5": 7.691434999517884, "x6": 8.81424461287959, "x7": -1.4588030992188274, "x8": 2.0, "x9": 1.1507563844567517}, "datetime": {"datetime": "2025-05-16 19:43:40", "elapsed": 4844.688918, "delta": 4.396587}}
{"target": 5.708277225560608, "params": {"x0": 0.9, "x1": 0.9, "x2": 4.607619601015746, "x3": 4.475444156501267, "x4": 4.62269416386167, "x5": 7.691434999517884, "x6": 8.81424461287959, "x7": -1.4588030992188274, "x8": 2.0, "x9": 1.1507563844567517}, "datetime": {"datetime": "2025-05-16 19:43:45", "elapsed": 4849.228854, "delta": 4.539936}}
{"target": 5.708277225560608, "params": {"x0": 0.9, "x1": 0.9, "x2": 4.607619601015746, "x3": 4.475444156501267, "x4": 4.62269416386167, "x5": 7.691434999517884, "x6": 8.81424461287959, "x7": -1.4588030992188274, "x8": 2.0, "x9": 1.1507563844567517}, "datetime": {"datetime": "2025-05-16 19:43:49", "elapsed": 4853.800145, "delta": 4.571291}}
{"target": 5.708277225560608, "params": {"x0": 0.9, "x1": 0.9, "x2": 4.607619601015746, "x3": 4.475444156501267, "x4": 4.62269416386167, "x5": 7.691434999517884, "x6": 8.81424461287959, "x7": -1.4588030992188274, "x8": 2.0, "x9": 1.1507563844567517}, "datetime": {"datetime": "2025-05-16 19:43:53", "elapsed": 4858.006557, "delta": 4.206412}}
{"target": 5.708277225560608, "params": {"x0": 0.9, "x1": 0.9, "x2": 4.607619601015746, "x3": 4.475444156501267, "x4": 4.62269416386167, "x5": 7.691434999517884, "x6": 8.81424461287959, "x7": -1.4588030992188274, "x8": 2.0, "x9": 1.1507563844567517}, "datetime": {"datetime": "2025-05-16 19:43:57", "elapsed": 4861.357943, "delta": 3.351386}}
{"target": 5.708277225560608, "params": {"x0": 0.9, "x1": 0.9, "x2": 4.607619601015746, "x3": 4.475444156501267, "x4": 4.62269416386167, "x5": 7.691434999517884, "x6": 8.81424461287959, "x7": -1.4588030992188274, "x8": 2.0, "x9": 1.1507563844567517}, "datetime": {"datetime": "2025-05-16 19:44:00", "elapsed": 4864.950565, "delta": 3.592622}}
{"target": 5.708277225560608, "params": {"x0": 0.9, "x1": 0.9, "x2": 4.607619601015746, "x3": 4.475444156501267, "x4": 4.62269416386167, "x5": 7.691434999517884, "x6": 8.81424461287959, "x7": -1.4588030992188274, "x8": 2.0, "x9": 1.1507563844567517}, "datetime": {"datetime": "2025-05-16 19:44:05", "elapsed": 4869.425507, "delta": 4.474942}}
{"target": 5.708277225560608, "params": {"x0": 0.9, "x1": 0.9, "x2": 4.607619601015746, "x3": 4.475444156501267, "x4": 4.62269416386167, "x5": 7.691434999517884, "x6": 8.81424461287959, "x7": -1.4588030992188274, "x8": 2.0, "x9": 1.1507563844567517}, "datetime": {"datetime": "2025-05-16 19:44:09", "elapsed": 4874.144232, "delta": 4.718725}}
{"target": 5.708277225560608, "params": {"x0": 0.9, "x1": 0.9, "x2": 4.607619601015746, "x3": 4.475444156501267, "x4": 4.62269416386167, "x5": 7.691434999517884, "x6": 8.81424461287959, "x7": -1.4588030992188274, "x8": 2.0, "x9": 1.1507563844567517}, "datetime": {"datetime": "2025-05-16 19:44:13", "elapsed": 4877.509799, "delta": 3.365567}}
{"target": 5.708277225560608, "params": {"x0": 0.9, "x1": 0.9, "x2": 4.607619601015746, "x3": 4.475444156501267, "x4": 4.62269416386167, "x5": 7.691434999517884, "x6": 8.81424461287959, "x7": -1.4588030992188274, "x8": 2.0, "x9": 1.1507563844567517}, "datetime": {"datetime": "2025-05-16 19:44:16", "elapsed": 4880.539823, "delta": 3.030024}}
{"target": 5.708277225560608, "params": {"x0": 0.9, "x1": 0.9, "x2": 4.607619601015746, "x3": 4.475444156501267, "x4": 4.62269416386167, "x5": 7.691434999517884, "x6": 8.81424461287959, "x7": -1.4588030992188274, "x8": 2.0, "x9": 1.1507563844567517}, "datetime": {"datetime": "2025-05-16 19:44:19", "elapsed": 4883.867107, "delta": 3.327284}}
{"target": 5.708277225560608, "params": {"x0": 0.9, "x1": 0.9, "x2": 4.607619601015746, "x3": 4.475444156501267, "x4": 4.62269416386167, "x5": 7.691434999517884, "x6": 8.81424461287959, "x7": -1.4588030992188274, "x8": 2.0, "x9": 1.1507563844567517}, "datetime": {"datetime": "2025-05-16 19:44:22", "elapsed": 4887.048167, "delta": 3.18106}}
{"target": 5.708277225560608, "params": {"x0": 0.9, "x1": 0.9, "x2": 4.607619601015746, "x3": 4.475444156501267, "x4": 4.62269416386167, "x5": 7.691434999517884, "x6": 8.81424461287959, "x7": -1.4588030992188274, "x8": 2.0, "x9": 1.1507563844567517}, "datetime": {"datetime": "2025-05-16 19:44:26", "elapsed": 4890.454951, "delta": 3.406784}}
{"target": 5.708277225560608, "params": {"x0": 0.9, "x1": 0.9, "x2": 4.607619601015746, "x3": 4.475444156501267, "x4": 4.62269416386167, "x5": 7.691434999517884, "x6": 8.81424461287959, "x7": -1.4588030992188274, "x8": 2.0, "x9": 1.1507563844567517}, "datetime": {"datetime": "2025-05-16 19:44:30", "elapsed": 4895.072452, "delta": 4.617501}}
{"target": 5.708277225560608, "params": {"x0": 0.9, "x1": 0.9, "x2": 4.607619601015746, "x3": 4.475444156501267, "x4": 4.62269416386167, "x5": 7.691434999517884, "x6": 8.81424461287959, "x7": -1.4588030992188274, "x8": 2.0, "x9": 1.1507563844567517}, "datetime": {"datetime": "2025-05-16 19:44:34", "elapsed": 4899.067299, "delta": 3.994847}}
{"target": 5.708277225560608, "params": {"x0": 0.9, "x1": 0.9, "x2": 4.607619601015746, "x3": 4.475444156501267, "x4": 4.62269416386167, "x5": 7.691434999517884, "x6": 8.81424461287959, "x7": -1.4588030992188274, "x8": 2.0, "x9": 1.1507563844567517}, "datetime": {"datetime": "2025-05-16 19:44:38", "elapsed": 4902.595382, "delta": 3.528083}}
{"target": 5.708277225560608, "params": {"x0": 0.9, "x1": 0.9, "x2": 4.607619601015746, "x3": 4.475444156501267, "x4": 4.62269416386167, "x5": 7.691434999517884, "x6": 8.81424461287959, "x7": -1.4588030992188274, "x8": 2.0, "x9": 1.1507563844567517}, "datetime": {"datetime": "2025-05-16 19:44:41", "elapsed": 4905.711407, "delta": 3.116025}}
{"target": 5.708277225560608, "params": {"x0": 0.9, "x1": 0.9, "x2": 4.607619601015746, "x3": 4.475444156501267, "x4": 4.62269416386167, "x5": 7.691434999517884, "x6": 8.81424461287959, "x7": -1.4588030992188274, "x8": 2.0, "x9": 1.1507563844567517}, "datetime": {"datetime": "2025-05-16 19:44:45", "elapsed": 4909.860071, "delta": 4.148664}}
{"target": 5.708277225560608, "params": {"x0": 0.9, "x1": 0.9, "x2": 4.607619601015746, "x3": 4.475444156501267, "x4": 4.62269416386167, "x5": 7.691434999517884, "x6": 8.81424461287959, "x7": -1.4588030992188274, "x8": 2.0, "x9": 1.1507563844567517}, "datetime": {"datetime": "2025-05-16 19:44:49", "elapsed": 4913.511452, "delta": 3.651381}}
{"target": 5.708277225560608, "params": {"x0": 0.9, "x1": 0.9, "x2": 4.607619601015746, "x3": 4.475444156501267, "x4": 4.62269416386167, "x5": 7.691434999517884, "x6": 8.81424461287959, "x7": -1.4588030992188274, "x8": 2.0, "x9": 1.1507563844567517}, "datetime": {"datetime": "2025-05-16 19:44:55", "elapsed": 4919.528216, "delta": 6.016764}}
{"target": 5.708277225560608, "params": {"x0": 0.9, "x1": 0.9, "x2": 4.607619601015746, "x3": 4.475444156501267, "x4": 4.62269416386167, "x5": 7.691434999517884, "x6": 8.81424461287959, "x7": -1.4588030992188274, "x8": 2.0, "x9": 1.1507563844567517}, "datetime": {"datetime": "2025-05-16 19:44:59", "elapsed": 4923.491356, "delta": 3.96314}}
{"target": 5.708277225560608, "params": {"x0": 0.9, "x1": 0.9, "x2": 4.607619601015746, "x3": 4.475444156501267, "x4": 4.62269416386167, "x5": 7.691434999517884, "x6": 8.81424461287959, "x7": -1.4588030992188274, "x8": 2.0, "x9": 1.1507563844567517}, "datetime": {"datetime": "2025-05-16 19:45:05", "elapsed": 4929.471528, "delta": 5.980172}}
{"target": 5.708277225560608, "params": {"x0": 0.9, "x1": 0.9, "x2": 4.607619601015746, "x3": 4.475444156501267, "x4": 4.62269416386167, "x5": 7.691434999517884, "x6": 8.81424461287959, "x7": -1.4588030992188274, "x8": 2.0, "x9": 1.1507563844567517}, "datetime": {"datetime": "2025-05-16 19:45:08", "elapsed": 4932.540587, "delta": 3.069059}}
{"target": 5.708277225560608, "params": {"x0": 0.9, "x1": 0.9, "x2": 4.607619601015746, "x3": 4.475444156501267, "x4": 4.62269416386167, "x5": 7.691434999517884, "x6": 8.81424461287959, "x7": -1.4588030992188274, "x8": 2.0, "x9": 1.1507563844567517}, "datetime": {"datetime": "2025-05-16 19:45:11", "elapsed": 4935.857564, "delta": 3.316977}}
{"target": 5.708277225560608, "params": {"x0": 0.9, "x1": 0.9, "x2": 4.607619601015746, "x3": 4.475444156501267, "x4": 4.62269416386167, "x5": 7.691434999517884, "x6": 8.81424461287959, "x7": -1.4588030992188274, "x8": 2.0, "x9": 1.1507563844567517}, "datetime": {"datetime": "2025-05-16 19:45:15", "elapsed": 4939.369915, "delta": 3.512351}}
{"target": 5.708277225560608, "params": {"x0": 0.9, "x1": 0.9, "x2": 4.607619601015746, "x3": 4.475444156501267, "x4": 4.62269416386167, "x5": 7.691434999517884, "x6": 8.81424461287959, "x7": -1.4588030992188274, "x8": 2.0, "x9": 1.1507563844567517}, "datetime": {"datetime": "2025-05-16 19:45:19", "elapsed": 4943.49824, "delta": 4.128325}}
{"target": 5.708277225560608, "params": {"x0": 0.9, "x1": 0.9, "x2": 4.607619601015746, "x3": 4.475444156501267, "x4": 4.62269416386167, "x5": 7.691434999517884, "x6": 8.81424461287959, "x7": -1.4588030992188274, "x8": 2.0, "x9": 1.1507563844567517}, "datetime": {"datetime": "2025-05-16 19:45:23", "elapsed": 4947.639433, "delta": 4.141193}}
{"target": 5.708277225560608, "params": {"x0": 0.9, "x1": 0.9, "x2": 4.607619601015746, "x3": 4.475444156501267, "x4": 4.62269416386167, "x5": 7.691434999517884, "x6": 8.81424461287959, "x7": -1.4588030992188274, "x8": 2.0, "x9": 1.1507563844567517}, "datetime": {"datetime": "2025-05-16 19:45:26", "elapsed": 4951.162776, "delta": 3.523343}}
{"target": 5.708277225560608, "params": {"x0": 0.9, "x1": 0.9, "x2": 4.607619601015746, "x3": 4.475444156501267, "x4": 4.62269416386167, "x5": 7.691434999517884, "x6": 8.81424461287959, "x7": -1.4588030992188274, "x8": 2.0, "x9": 1.1507563844567517}, "datetime": {"datetime": "2025-05-16 19:45:31", "elapsed": 4955.846199, "delta": 4.683423}}
{"target": 5.708277225560608, "params": {"x0": 0.9, "x1": 0.9, "x2": 4.607619601015746, "x3": 4.475444156501267, "x4": 4.62269416386167, "x5": 7.691434999517884, "x6": 8.81424461287959, "x7": -1.4588030992188274, "x8": 2.0, "x9": 1.1507563844567517}, "datetime": {"datetime": "2025-05-16 19:45:36", "elapsed": 4960.276993, "delta": 4.430794}}
{"target": 5.708277225560608, "params": {"x0": 0.9, "x1": 0.9, "x2": 4.607619601015746, "x3": 4.475444156501267, "x4": 4.62269416386167, "x5": 7.691434999517884, "x6": 8.81424461287959, "x7": -1.4588030992188274, "x8": 2.0, "x9": 1.1507563844567517}, "datetime": {"datetime": "2025-05-16 19:45:40", "elapsed": 4964.291856, "delta": 4.014863}}
{"target": 5.708277225560608, "params": {"x0": 0.9, "x1": 0.9, "x2": 4.607619601015746, "x3": 4.475444156501267, "x4": 4.62269416386167, "x5": 7.691434999517884, "x6": 8.81424461287959, "x7": -1.4588030992188274, "x8": 2.0, "x9": 1.1507563844567517}, "datetime": {"datetime": "2025-05-16 19:45:45", "elapsed": 4969.392533, "delta": 5.100677}}
{"target": 5.708277225560608, "params": {"x0": 0.9, "x1": 0.9, "x2": 4.607619601015746, "x3": 4.475444156501267, "x4": 4.62269416386167, "x5": 7.691434999517884, "x6": 8.81424461287959, "x7": -1.4588030992188274, "x8": 2.0, "x9": 1.1507563844567517}, "datetime": {"datetime": "2025-05-16 19:45:49", "elapsed": 4973.73299, "delta": 4.340457}}
{"target": 5.708277225560608, "params": {"x0": 0.9, "x1": 0.9, "x2": 4.607619601015746, "x3": 4.475444156501267, "x4": 4.62269416386167, "x5": 7.691434999517884, "x6": 8.81424461287959, "x7": -1.4588030992188274, "x8": 2.0, "x9": 1.1507563844567517}, "datetime": {"datetime": "2025-05-16 19:45:52", "elapsed": 4976.966987, "delta": 3.233997}}
{"target": 5.708277225560608, "params": {"x0": 0.9, "x1": 0.9, "x2": 4.607619601015746, "x3": 4.475444156501267, "x4": 4.62269416386167, "x5": 7.691434999517884, "x6": 8.81424461287959, "x7": -1.4588030992188274, "x8": 2.0, "x9": 1.1507563844567517}, "datetime": {"datetime": "2025-05-16 19:45:57", "elapsed": 4981.344068, "delta": 4.377081}}
{"target": 5.708277225560608, "params": {"x0": 0.9, "x1": 0.9, "x2": 4.607619601015746, "x3": 4.475444156501267, "x4": 4.62269416386167, "x5": 7.691434999517884, "x6": 8.81424461287959, "x7": -1.4588030992188274, "x8": 2.0, "x9": 1.1507563844567517}, "datetime": {"datetime": "2025-05-16 19:46:01", "elapsed": 4985.64671, "delta": 4.302642}}
{"target": 5.708277225560608, "params": {"x0": 0.9, "x1": 0.9, "x2": 4.607619601015746, "x3": 4.475444156501267, "x4": 4.62269416386167, "x5": 7.691434999517884, "x6": 8.81424461287959, "x7": -1.4588030992188274, "x8": 2.0, "x9": 1.1507563844567517}, "datetime": {"datetime": "2025-05-16 19:46:05", "elapsed": 4989.81553, "delta": 4.16882}}
{"target": 5.708277225560608, "params": {"x0": 0.9, "x1": 0.9, "x2": 4.607619601015746, "x3": 4.475444156501267, "x4": 4.62269416386167, "x5": 7.691434999517884, "x6": 8.81424461287959, "x7": -1.4588030992188274, "x8": 2.0, "x9": 1.1507563844567517}, "datetime": {"datetime": "2025-05-16 19:46:09", "elapsed": 4993.675689, "delta": 3.860159}}
{"target": 5.708277225560608, "params": {"x0": 0.9, "x1": 0.9, "x2": 4.607619601015746, "x3": 4.475444156501267, "x4": 4.62269416386167, "x5": 7.691434999517884, "x6": 8.81424461287959, "x7": -1.4588030992188274, "x8": 2.0, "x9": 1.1507563844567517}, "datetime": {"datetime": "2025-05-16 19:46:13", "elapsed": 4997.240285, "delta": 3.564596}}
{"target": 5.708277225560608, "params": {"x0": 0.9, "x1": 0.9, "x2": 4.607619601015746, "x3": 4.475444156501267, "x4": 4.62269416386167, "x5": 7.691434999517884, "x6": 8.81424461287959, "x7": -1.4588030992188274, "x8": 2.0, "x9": 1.1507563844567517}, "datetime": {"datetime": "2025-05-16 19:46:16", "elapsed": 5000.772116, "delta": 3.531831}}
{"target": 5.708277225560608, "params": {"x0": 0.9, "x1": 0.9, "x2": 4.607619601015746, "x3": 4.475444156501267, "x4": 4.62269416386167, "x5": 7.691434999517884, "x6": 8.81424461287959, "x7": -1.4588030992188274, "x8": 2.0, "x9": 1.1507563844567517}, "datetime": {"datetime": "2025-05-16 19:46:20", "elapsed": 5004.720604, "delta": 3.948488}}
