{"target": 5.708250095685293, "params": {"x0": 0.9, "x1": 0.9, "x2": 4.606495996864348, "x3": 4.474233202892224, "x4": 4.628250540797978, "x5": 7.695660267244092, "x6": 8.816421459242246, "x7": -1.4613493749817965, "x8": 2.0, "x9": 1.1502535205840667}, "datetime": {"datetime": "2025-05-16 18:42:20", "elapsed": 1164.618357, "delta": 10.126959}}
{"target": 5.708250095685293, "params": {"x0": 0.9, "x1": 0.9, "x2": 4.606608357279488, "x3": 4.474354298253128, "x4": 4.627694903104348, "x5": 7.695237740471471, "x6": 8.816203774605981, "x7": -1.4610947474054996, "x8": 2.0, "x9": 1.1503038069713352}, "datetime": {"datetime": "2025-05-16 18:42:30", "elapsed": 1174.70688, "delta": 10.088523}}
{"target": 5.708250095685293, "params": {"x0": 0.9, "x1": 0.9, "x2": 4.606709481653114, "x3": 4.474463284077942, "x4": 4.6271948291800795, "x5": 7.694857466376113, "x6": 8.816007858433341, "x7": -1.4608655825868324, "x8": 2.0, "x9": 1.1503490647198769}, "datetime": {"datetime": "2025-05-16 18:42:40", "elapsed": 1185.103246, "delta": 10.396366}}
{"target": 5.708250095685293, "params": {"x0": 0.9, "x1": 0.9, "x2": 4.606800493589377, "x3": 4.4745613713202745, "x4": 4.626744762648239, "x5": 7.694515219690289, "x6": 8.815831533877967, "x7": -1.460659334250032, "x8": 2.0, "x9": 1.1503897966935643}, "datetime": {"datetime": "2025-05-16 18:42:51", "elapsed": 1195.552004, "delta": 10.448758}}
{"target": 5.708250095685293, "params": {"x0": 0.9, "x1": 0.9, "x2": 4.606882404332014, "x3": 4.474649649838374, "x4": 4.626339702769582, "x5": 7.694207197673049, "x6": 8.81567284177813, "x7": -1.4604737107469117, "x8": 2.0, "x9": 1.150426455469883}, "datetime": {"datetime": "2025-05-16 18:43:01", "elapsed": 1205.583005, "delta": 10.031001}}
{"target": 5.708250095685293, "params": {"x0": 0.9, "x1": 0.9, "x2": 4.606956124000387, "x3": 4.474729100504663, "x4": 4.625975148878791, "x5": 7.6939299778575325, "x6": 8.815530018888275, "x7": -1.4603066495941033, "x8": 2.0, "x9": 1.15045944836857}, "datetime": {"datetime": "2025-05-16 18:43:11", "elapsed": 1215.819837, "delta": 10.236832}}
{"target": 5.708250095685293, "params": {"x0": 0.9, "x1": 0.9, "x2": 4.6070224717019235, "x3": 4.474800606104323, "x4": 4.625647050377078, "x5": 7.693680480023567, "x6": 8.815401478287406, "x7": -1.4601562945565756, "x8": 2.0, "x9": 1.1504891419773882}, "datetime": {"datetime": "2025-05-16 18:43:21", "elapsed": 1226.01698, "delta": 10.197143}}
{"target": 5.708250095685293, "params": {"x0": 0.9, "x1": 0.9, "x2": 4.607082184633305, "x3": 4.474864961144018, "x4": 4.625351761725538, "x5": 7.693455931972999, "x6": 8.815285791746625, "x7": -1.4600209750228008, "x8": 2.0, "x9": 1.1505158662253245}, "datetime": {"datetime": "2025-05-16 18:43:32", "elapsed": 1236.277661, "delta": 10.260681}}
{"target": 5.708277225560608, "params": {"x0": 0.9, "x1": 0.9, "x2": 4.60713592627155, "x3": 4.474922880679743, "x4": 4.6250860019391515, "x5": 7.693253838727488, "x6": 8.815181673859922, "x7": -1.4598991874424034, "x8": 2.0, "x9": 1.1505399180484672}, "datetime": {"datetime": "2025-05-16 18:43:42", "elapsed": 1246.342232, "delta": 10.064571}}
{"target": 5.708277225560608, "params": {"x0": 0.9, "x1": 0.9, "x2": 4.607184293745969, "x3": 4.474975008261895, "x4": 4.624846818131403, "x5": 7.693071954806527, "x6": 8.815087967761889, "x7": -1.4597895786200459, "x8": 2.0, "x9": 1.1505615646892957}, "datetime": {"datetime": "2025-05-16 18:43:52", "elapsed": 1256.646708, "delta": 10.304476}}
{"target": 5.708277225560608, "params": {"x0": 0.9, "x1": 0.9, "x2": 4.607227824472947, "x3": 4.475021923085832, "x4": 4.62463155270443, "x5": 7.6929082592776625, "x6": 8.815003632273658, "x7": -1.4596909306799242, "x8": 2.0, "x9": 1.1505810466660413}, "datetime": {"datetime": "2025-05-16 18:44:02", "elapsed": 1266.737225, "delta": 10.090517}}
{"target": 5.708277225560608, "params": {"x0": 0.9, "x1": 0.9, "x2": 4.607267002127227, "x3": 4.475064146427376, "x4": 4.624437813820154, "x5": 7.692760933301685, "x6": 8.81492773033425, "x7": -1.4596021475338146, "x8": 2.0, "x9": 1.1505985804451122}, "datetime": {"datetime": "2025-05-16 18:44:12", "elapsed": 1276.849548, "delta": 10.112323}}
{"target": 5.708277225560608, "params": {"x0": 0.9, "x1": 0.9, "x2": 4.607302262016079, "x3": 4.4751021474347645, "x4": 4.624263448824306, "x5": 7.692628339923305, "x6": 8.814859418588785, "x7": -1.4595222427023158, "x8": 2.0, "x9": 1.1506143608462762}, "datetime": {"datetime": "2025-05-16 18:44:22", "elapsed": 1286.984405, "delta": 10.134857}}
{"target": 5.708277225560608, "params": {"x0": 0.9, "x1": 0.9, "x2": 4.607333995916045, "x3": 4.475136348341415, "x4": 4.624106520328042, "x5": 7.692509005882763, "x6": 8.814797938017865, "x7": -1.459450328353967, "x8": 2.0, "x9": 1.1506285632073239}, "datetime": {"datetime": "2025-05-16 18:44:33", "elapsed": 1297.317513, "delta": 10.333108}}
{"target": 5.708277225560608, "params": {"x0": 0.9, "x1": 0.9, "x2": 4.607362556426016, "x3": 4.4751671291574, "x4": 4.623965284681405, "x5": 7.692401605246275, "x6": 8.814742605504037, "x7": -1.459385605440453, "x8": 2.0, "x9": 1.1508714235812367}, "datetime": {"datetime": "2025-05-16 18:44:43", "elapsed": 1307.519032, "delta": 10.201519}}
{"target": 5.708277225560608, "params": {"x0": 0.9, "x1": 0.9, "x2": 4.6073882608849885, "x3": 4.475194831891787, "x4": 4.623838172599431, "x5": 7.6923049446734355, "x6": 8.814692806241593, "x7": -1.4593273548182906, "x8": 2.0, "x9": 1.150652849244715}, "datetime": {"datetime": "2025-05-16 18:44:53", "elapsed": 1317.776786, "delta": 10.257754}}
{"target": 5.708277225560608, "params": {"x0": 0.9, "x1": 0.9, "x2": 4.607411394898064, "x3": 4.475219764352735, "x4": 4.623723771725655, "x5": 7.692217950157881, "x6": 8.814647986905392, "x7": -1.4592749292583442, "x8": 2.0, "x9": 1.1508495661475846}, "datetime": {"datetime": "2025-05-16 18:45:03", "elapsed": 1328.036121, "delta": 10.259335}}
{"target": 5.708277225560608, "params": {"x0": 0.9, "x1": 0.9, "x2": 4.607432215509832, "x3": 4.475242203567588, "x4": 4.623620810939257, "x5": 7.6921396550938805, "x6": 8.814607649502813, "x7": -1.4592277462543926, "x8": 2.0, "x9": 1.1508402479785014}, "datetime": {"datetime": "2025-05-16 18:45:14", "elapsed": 1338.523312, "delta": 10.487191}}
{"target": 5.708277225560608, "params": {"x0": 0.9, "x1": 0.9, "x2": 4.607450954060424, "x3": 4.475262398860956, "x4": 4.623528146231498, "x5": 7.692069189536281, "x6": 8.81457134584049, "x7": -1.4591852815508362, "x8": 2.0, "x9": 1.1508318616263262}, "datetime": {"datetime": "2025-05-16 18:45:24", "elapsed": 1348.504621, "delta": 9.981309}}
{"target": 5.708277225560608, "params": {"x0": 0.9, "x1": 0.9, "x2": 4.607467818755956, "x3": 4.475280574624986, "x4": 4.623444747994515, "x5": 7.692005770534442, "x6": 8.8145386725444, "x7": -1.4591470633176353, "x8": 2.0, "x9": 1.1508243139093688}, "datetime": {"datetime": "2025-05-16 18:45:34", "elapsed": 1358.506434, "delta": 10.001813}}
{"target": 5.708277225560608, "params": {"x0": 0.9, "x1": 0.9, "x2": 4.607482996981935, "x3": 4.475296932812615, "x4": 4.623369689581231, "x5": 7.691948693432786, "x6": 8.814509266577918, "x7": -1.4591126669077545, "x8": 2.0, "x9": 1.1508175209641072}, "datetime": {"datetime": "2025-05-16 18:45:44", "elapsed": 1368.674046, "delta": 10.167612}}
{"target": 5.708277225560608, "params": {"x0": 0.9, "x1": 0.9, "x2": 4.607742544646176, "x3": 4.47531165518148, "x4": 4.623302137009275, "x5": 7.691897324041295, "x6": 8.814482801208086, "x7": -1.4590817101388618, "x8": 2.0, "x9": 1.1507013616001318}, "datetime": {"datetime": "2025-05-16 18:45:54", "elapsed": 1378.759608, "delta": 10.085562}}
{"target": 5.708277225560608, "params": {"x0": 0.9, "x1": 0.9, "x2": 4.607508951748359, "x3": 4.4753249053134585, "x4": 4.6232413396945145, "x5": 7.691851091588954, "x6": 8.814458982375236, "x7": -1.4590538490468583, "x8": 2.0, "x9": 1.1508059050277095}, "datetime": {"datetime": "2025-05-16 18:46:05", "elapsed": 1389.465179, "delta": 10.705571}}
{"target": 5.708277225560608, "params": {"x0": 0.9, "x1": 0.9, "x2": 4.607719185356395, "x3": 4.47533683043224, "x4": 4.62318662211123, "x5": 7.6918094823818475, "x6": 8.81443754542567, "x7": -1.4590287740640553, "x8": 2.0, "x9": 1.1507118159428895}, "datetime": {"datetime": "2025-05-16 18:46:15", "elapsed": 1399.741223, "delta": 10.276044}}
{"target": 5.708277225560608, "params": {"x0": 0.9, "x1": 0.9, "x2": 4.60770922692233, "x3": 4.475347563039142, "x4": 4.623137376286274, "x5": 7.691772034095451, "x6": 8.814418252171063, "x7": -1.4590062065795326, "x8": 2.0, "x9": 1.1507162727942757}, "datetime": {"datetime": "2025-05-16 18:46:25", "elapsed": 1410.069987, "delta": 10.328764}}
{"target": 5.708277225560608, "params": {"x0": 0.9, "x1": 0.9, "x2": 4.607700264331672, "x3": 4.475357222385354, "x4": 4.623093055043814, "x5": 7.691738330637694, "x6": 8.814400888241916, "x7": -1.458985895843462, "x8": 2.0, "x9": 1.15079248495298}, "datetime": {"datetime": "2025-05-16 18:46:37", "elapsed": 1422.061367, "delta": 11.99138}}
{"target": 5.708277225560608, "params": {"x0": 0.9, "x1": 0.9, "x2": 4.607692198000079, "x3": 4.475365915796946, "x4": 4.623053165925599, "x5": 7.691707997525713, "x6": 8.814385260705683, "x7": -1.4589676161809986, "x8": 2.0, "x9": 1.1507888749033572}, "datetime": {"datetime": "2025-05-16 18:46:49", "elapsed": 1433.534038, "delta": 11.472671}}
{"target": 5.708277225560608, "params": {"x0": 0.9, "x1": 0.9, "x2": 4.607684938301645, "x3": 4.475373739867378, "x4": 4.623017265719207, "x5": 7.69168069772493, "x6": 8.814371195923075, "x7": -1.4589511644847815, "x8": 2.0, "x9": 1.1507856258586966}, "datetime": {"datetime": "2025-05-16 18:47:00", "elapsed": 1444.549162, "delta": 11.015124}}
{"target": 5.708277225560608, "params": {"x0": 0.9, "x1": 0.9, "x2": 4.607678404573056, "x3": 4.475380781530767, "x4": 4.622984955533453, "x5": 7.691656127904225, "x6": 8.814358537618725, "x7": -1.4589363579581862, "x8": 2.0, "x9": 1.1507827017185022}, "datetime": {"datetime": "2025-05-16 18:47:11", "elapsed": 1455.669177, "delta": 11.120015}}
{"target": 5.708277225560608, "params": {"x0": 0.9, "x1": 0.9, "x2": 4.607672524217325, "x3": 4.4753871190278165, "x4": 4.622955876366274, "x5": 7.691634015065591, "x6": 8.814347145144811, "x7": -1.4589230320842503, "x8": 2.0, "x9": 1.1507800699923272}, "datetime": {"datetime": "2025-05-16 18:47:22", "elapsed": 1466.776352, "delta": 11.107175}}
{"target": 5.708277225560608, "params": {"x0": 0.9, "x1": 0.9, "x2": 4.6076672318971665, "x3": 4.475392822775162, "x4": 4.622929705115814, "x5": 7.691614113510821, "x6": 8.81433689191829, "x7": -1.458911038797708, "x8": 2.0, "x9": 1.1507777014387695}, "datetime": {"datetime": "2025-05-16 18:47:33", "elapsed": 1477.780838, "delta": 11.004486}}
{"target": 5.708277225560608, "params": {"x0": 0.9, "x1": 0.9, "x2": 4.607662468809025, "x3": 4.475397956147773, "x4": 4.622906150990399, "x5": 7.691596202111527, "x6": 8.814327664014419, "x7": -1.45890024483982, "x8": 2.0, "x9": 1.1507755697405677}, "datetime": {"datetime": "2025-05-16 18:47:44", "elapsed": 1488.969146, "delta": 11.188308}}
{"target": 5.708277225560608, "params": {"x0": 0.9, "x1": 0.9, "x2": 4.607658182029697, "x3": 4.4754025761831215, "x4": 4.622884952277526, "x5": 7.6915800818521625, "x6": 8.814319358900937, "x7": -1.4588905302777209, "x8": 2.0, "x9": 1.1507736512121862}, "datetime": {"datetime": "2025-05-16 18:47:56", "elapsed": 1500.278064, "delta": 11.308918}}
{"target": 5.708277225560608, "params": {"x0": 0.9, "x1": 0.9, "x2": 4.607654323928302, "x3": 4.475406734214936, "x4": 4.622865873435941, "x5": 7.6915655736187345, "x6": 8.814311884298801, "x7": -1.4588817871718314, "x8": 2.0, "x9": 1.1507719245366428}, "datetime": {"datetime": "2025-05-16 18:48:07", "elapsed": 1511.316167, "delta": 11.038103}}
{"target": 5.708277225560608, "params": {"x0": 0.9, "x1": 0.9, "x2": 4.607650851637046, "x3": 4.475410476443569, "x4": 4.622848702478514, "x5": 7.69155251620865, "x6": 8.81430515715688, "x7": -1.4588739183765311, "x8": 2.0, "x9": 1.1507703705286536}, "datetime": {"datetime": "2025-05-16 18:48:18", "elapsed": 1522.388972, "delta": 11.072805}}
{"target": 5.708277225560608, "params": {"x0": 0.9, "x1": 0.9, "x2": 4.607647726574916, "x3": 4.4754138444493385, "x4": 4.622833248616829, "x5": 7.691540764539573, "x6": 8.814299102729152, "x7": -1.4588668364607607, "x8": 2.0, "x9": 1.1507689719214633}, "datetime": {"datetime": "2025-05-16 18:48:29", "elapsed": 1533.458285, "delta": 11.069313}}
{"target": 5.708277225560608, "params": {"x0": 0.9, "x1": 0.9, "x2": 4.607644914019, "x3": 4.475416875654532, "x4": 4.622819340141313, "x5": 7.691530188037404, "x6": 8.814293653744196, "x7": -1.4588604627365673, "x8": 2.0, "x9": 1.1507677131749923}, "datetime": {"datetime": "2025-05-16 18:48:40", "elapsed": 1544.971185, "delta": 11.5129}}
{"target": 5.708277225560608, "params": {"x0": 0.9, "x1": 0.9, "x2": 4.607642382718674, "x3": 4.475419603739205, "x4": 4.62280682251335, "x5": 7.691520669185452, "x6": 8.814288749657734, "x7": -1.4588547263847935, "x8": 2.0, "x9": 1.1507665803031681}, "datetime": {"datetime": "2025-05-16 18:48:51", "elapsed": 1556.166923, "delta": 11.195738}}
{"target": 5.708277225560608, "params": {"x0": 0.9, "x1": 0.9, "x2": 4.6076401045483815, "x3": 4.475422059015411, "x4": 4.622795556648181, "x5": 7.691512102218695, "x6": 8.81428433597992, "x7": -1.4588495636681968, "x8": 2.0, "x9": 1.1507655607185265}, "datetime": {"datetime": "2025-05-16 18:49:02", "elapsed": 1566.878991, "delta": 10.712068}}
{"target": 5.708277225560608, "params": {"x0": 0.9, "x1": 0.9, "x2": 4.607638054195117, "x3": 4.475424268763997, "x4": 4.62278541736953, "x5": 7.691504391948614, "x6": 8.814280363669887, "x7": -1.45884491722326, "x8": 2.0, "x9": 1.150764643092349}, "datetime": {"datetime": "2025-05-16 18:49:13", "elapsed": 1577.934998, "delta": 11.056007}}
{"target": 5.708277225560608, "params": {"x0": 0.9, "x1": 0.9, "x2": 4.607636208877181, "x3": 4.475426257537724, "x4": 4.622776292018744, "x5": 7.691497452705541, "x6": 8.814276788590858, "x7": -1.4588407354228168, "x8": 2.0, "x9": 1.1507638172287893}, "datetime": {"datetime": "2025-05-16 18:49:24", "elapsed": 1588.832247, "delta": 10.897249}}
{"target": 5.708277225560608, "params": {"x0": 0.9, "x1": 0.9, "x2": 4.6076345480910375, "x3": 4.475428047434078, "x4": 4.622768079203037, "x5": 7.691491207386775, "x6": 8.814273571019731, "x7": -1.458836971802418, "x8": 2.0, "x9": 1.1507630739515855}, "datetime": {"datetime": "2025-05-16 18:49:35", "elapsed": 1599.703258, "delta": 10.871011}}
{"target": 5.708277225560608, "params": {"x0": 0.9, "x1": 0.9, "x2": 4.607633053383508, "x3": 4.475429658340797, "x4": 4.6227606876689, "x5": 7.691485586599886, "x6": 8.814270675205716, "x7": -1.4588335845440588, "x8": 2.0, "x9": 1.1507624050021021}, "datetime": {"datetime": "2025-05-16 18:49:46", "elapsed": 1610.867036, "delta": 11.163778}}
{"target": 5.708277225560608, "params": {"x0": 0.9, "x1": 0.9, "x2": 4.607631708146732, "x3": 4.475431108156844, "x4": 4.622754035288177, "x5": 7.691480527891686, "x6": 8.814268068973103, "x7": -1.4588305360115357, "x8": 2.0, "x9": 1.150761802947567}, "datetime": {"datetime": "2025-05-16 18:49:57", "elapsed": 1621.937253, "delta": 11.070217}}
{"target": 5.708277225560608, "params": {"x0": 0.9, "x1": 0.9, "x2": 4.607630497433633, "x3": 4.475432412991286, "x4": 4.622748048145526, "x5": 7.691475975054305, "x6": 8.814265723363752, "x7": -1.4588277923322648, "x8": 2.0, "x9": 1.1507612610984856}, "datetime": {"datetime": "2025-05-16 18:50:08", "elapsed": 1633.037577, "delta": 11.100324}}
{"target": 5.708277225560608, "params": {"x0": 0.9, "x1": 0.9, "x2": 4.607629407791845, "x3": 4.475433587342284, "x4": 4.622742659717141, "x5": 7.691471877500663, "x6": 8.814263612315337, "x7": -1.4588253230209212, "x8": 2.0, "x9": 1.1507607734343122}, "datetime": {"datetime": "2025-05-16 18:50:20", "elapsed": 1644.460454, "delta": 11.422877}}
{"target": 5.708277225560608, "params": {"x0": 0.9, "x1": 0.9, "x2": 4.607628427114235, "x3": 4.475434644258183, "x4": 4.622737810131594, "x5": 7.691468189702386, "x6": 8.814261712371762, "x7": -1.4588231006407117, "x8": 2.0, "x9": 1.150760334536556}, "datetime": {"datetime": "2025-05-16 18:50:31", "elapsed": 1656.151317, "delta": 11.690863}}
{"target": 5.708277225560608, "params": {"x0": 0.9, "x1": 0.9, "x2": 4.6076275445043855, "x3": 4.475435595482491, "x4": 4.622733445504601, "x5": 7.6914648706839355, "x6": 8.814260002422545, "x7": -1.4588211004985234, "x8": 2.0, "x9": 1.1507599395285757}, "datetime": {"datetime": "2025-05-16 18:50:42", "elapsed": 1667.093581, "delta": 10.942264}}
{"target": 5.708277225560608, "params": {"x0": 0.9, "x1": 0.9, "x2": 4.6076267501555215, "x3": 4.475436451584368, "x4": 4.622729517340308, "x5": 7.69146188356733, "x6": 8.81425846346825, "x7": -1.4588193003705539, "x8": 2.0, "x9": 1.1507595840213933}, "datetime": {"datetime": "2025-05-16 18:50:53", "elapsed": 1677.660479, "delta": 10.566898}}
{"target": 5.708277225560608, "params": {"x0": 0.9, "x1": 0.9, "x2": 4.607626035241545, "x3": 4.475437222076058, "x4": 4.622725981992445, "x5": 7.691459195162386, "x6": 8.814257078409383, "x7": -1.4588176802553812, "x8": 2.0, "x9": 1.1507592640649291}, "datetime": {"datetime": "2025-05-16 18:51:04", "elapsed": 1688.724439, "delta": 11.06396}}
{"target": 5.708277225560608, "params": {"x0": 0.9, "x1": 0.9, "x2": 4.6076253918189645, "x3": 4.4754379155185795, "x4": 4.622722800179367, "x5": 7.691456775597936, "x6": 8.814255831856403, "x7": -1.4588162221517258, "x8": 2.0, "x9": 1.1507589761041113}, "datetime": {"datetime": "2025-05-16 18:51:15", "elapsed": 1699.771654, "delta": 11.047215}}
{"target": 5.708277225560608, "params": {"x0": 0.9, "x1": 0.9, "x2": 4.607624812738643, "x3": 4.475438539616848, "x4": 4.622719936547598, "x5": 7.69145459798993, "x6": 8.814254709958721, "x7": -1.458814909858436, "x8": 2.0, "x9": 1.1507587169393754}, "datetime": {"datetime": "2025-05-16 18:51:26", "elapsed": 1711.023602, "delta": 11.251948}}
{"target": 5.708277225560608, "params": {"x0": 0.9, "x1": 0.9, "x2": 4.607624291566353, "x3": 4.47543910130529, "x4": 4.6227173592790045, "x5": 7.691452638142725, "x6": 8.81425370025081, "x7": -1.4588137287944751, "x8": 2.0, "x9": 1.150758483691113}, "datetime": {"datetime": "2025-05-16 18:51:39", "elapsed": 1723.243201, "delta": 12.219599}}
{"target": 5.708277225560608, "params": {"x0": 0.9, "x1": 0.9, "x2": 4.607623822511292, "x3": 4.475439606824888, "x4": 4.622715039737271, "x5": 7.691450874280242, "x6": 8.814252791513686, "x7": -1.4588126658369105, "x8": 2.0, "x9": 1.150758273767677}, "datetime": {"datetime": "2025-05-16 18:51:50", "elapsed": 1734.384157, "delta": 11.140956}}
{"target": 5.708277225560608, "params": {"x0": 0.9, "x1": 0.9, "x2": 4.607623400361738, "x3": 4.475440061792526, "x4": 4.622712952149711, "x5": 7.691449286804006, "x6": 8.814251973650277, "x7": -1.4588117091751023, "x8": 2.0, "x9": 1.1507580848365844}, "datetime": {"datetime": "2025-05-16 18:52:01", "elapsed": 1745.685825, "delta": 11.301668}}
{"target": 5.708277225560608, "params": {"x0": 0.9, "x1": 0.9, "x2": 4.6076230204271384, "x3": 4.4754404712634, "x4": 4.622711073320907, "x5": 7.691447858075393, "x6": 8.814251237573208, "x7": -1.4588108481794748, "x8": 2.0, "x9": 1.1507579147986011}, "datetime": {"datetime": "2025-05-16 18:52:12", "elapsed": 1757.033762, "delta": 11.347937}}
{"target": 5.708277225560608, "params": {"x0": 0.9, "x1": 0.9, "x2": 4.607622678485999, "x3": 4.475440839787186, "x4": 4.622709382374984, "x5": 7.691446572219642, "x6": 8.814250575103847, "x7": -1.45881007328341, "x8": 2.0, "x9": 1.1507577617644162}, "datetime": {"datetime": "2025-05-16 18:52:23", "elapsed": 1767.927845, "delta": 10.894083}}
{"target": 5.708277225560608, "params": {"x0": 0.9, "x1": 0.9, "x2": 4.607622370738974, "x3": 4.475441171458594, "x4": 4.622707860523652, "x5": 7.691445414949467, "x6": 8.81424997888142, "x7": -1.4588093758769518, "x8": 2.0, "x9": 1.1507576240336497}, "datetime": {"datetime": "2025-05-16 18:52:35", "elapsed": 1779.505941, "delta": 11.578096}}
{"target": 5.708277225560608, "params": {"x0": 0.9, "x1": 0.9, "x2": 4.607622093766651, "x3": 4.4754414699628615, "x4": 4.622706490857453, "x5": 7.691444373406308, "x6": 8.814249442281238, "x7": -1.4588087482111394, "x8": 2.0, "x9": 1.1507575000759598}, "datetime": {"datetime": "2025-05-16 18:52:47", "elapsed": 1791.241251, "delta": 11.73531}}
{"target": 5.708277225560608, "params": {"x0": 0.9, "x1": 0.9, "x2": 4.607621844491561, "x3": 4.475441738616702, "x4": 4.622705258157875, "x5": 7.691443436017466, "x6": 8.814248959341073, "x7": -1.4588081833119082, "x8": 2.0, "x9": 1.150757388514039}, "datetime": {"datetime": "2025-05-16 18:52:58", "elapsed": 1803.048129, "delta": 11.806878}}
{"target": 5.708277225560608, "params": {"x0": 0.9, "x1": 0.9, "x2": 4.60762162014398, "x3": 4.475441980405159, "x4": 4.622704148728255, "x5": 7.691442592367507, "x6": 8.814248524694925, "x7": -1.4588076749026002, "x8": 2.0, "x9": 1.1507572881083103}, "datetime": {"datetime": "2025-05-16 18:53:10", "elapsed": 1814.499494, "delta": 11.451365}}
{"target": 5.708277225560608, "params": {"x0": 0.9, "x1": 0.9, "x2": 4.607621418231156, "x3": 4.475442198014769, "x4": 4.6227031502415965, "x5": 7.691441833082545, "x6": 8.814248133513392, "x7": -1.4588072173342228, "x8": 2.0, "x9": 1.1507571977431545}, "datetime": {"datetime": "2025-05-16 18:53:21", "elapsed": 1825.747841, "delta": 11.248347}}
{"target": 5.708277225560608, "params": {"x0": 0.9, "x1": 0.9, "x2": 4.607621236509615, "x3": 4.475442393863419, "x4": 4.622702251603604, "x5": 7.691441149726079, "x6": 8.81424778145001, "x7": -1.4588068055226833, "x8": 2.0, "x9": 1.1507571164145143}, "datetime": {"datetime": "2025-05-16 18:53:33", "elapsed": 1837.49418, "delta": 11.746339}}
