{"target": 5.708277225560608, "params": {"x0": 0.9, "x1": 0.9, "x2": 4.607619601015746, "x3": 4.475444156501267, "x4": 4.62269416386167, "x5": 7.691434999517884, "x6": 8.81424461287959, "x7": -1.4588030992188274, "x8": 2.0, "x9": 1.1507563844567517}, "datetime": {"datetime": "2025-05-16 19:50:50", "elapsed": 5274.948471, "delta": 4.429255}}
{"target": 5.708277225560608, "params": {"x0": 0.9, "x1": 0.9, "x2": 4.607619601015746, "x3": 4.475444156501267, "x4": 4.62269416386167, "x5": 7.691434999517884, "x6": 8.81424461287959, "x7": -1.4588030992188274, "x8": 2.0, "x9": 1.1507563844567517}, "datetime": {"datetime": "2025-05-16 19:50:55", "elapsed": 5279.931974, "delta": 4.983503}}
{"target": 5.708277225560608, "params": {"x0": 0.9, "x1": 0.9, "x2": 4.607619601015746, "x3": 4.475444156501267, "x4": 4.62269416386167, "x5": 7.691434999517884, "x6": 8.81424461287959, "x7": -1.4588030992188274, "x8": 2.0, "x9": 1.1507563844567517}, "datetime": {"datetime": "2025-05-16 19:51:02", "elapsed": 5287.070461, "delta": 7.138487}}
{"target": 5.708277225560608, "params": {"x0": 0.9, "x1": 0.9, "x2": 4.607619601015746, "x3": 4.475444156501267, "x4": 4.62269416386167, "x5": 7.691434999517884, "x6": 8.81424461287959, "x7": -1.4588030992188274, "x8": 2.0, "x9": 1.1507563844567517}, "datetime": {"datetime": "2025-05-16 19:51:09", "elapsed": 5293.302303, "delta": 6.231842}}
{"target": 5.708277225560608, "params": {"x0": 0.9, "x1": 0.9, "x2": 4.607619601015746, "x3": 4.475444156501267, "x4": 4.62269416386167, "x5": 7.691434999517884, "x6": 8.81424461287959, "x7": -1.4588030992188274, "x8": 2.0, "x9": 1.1507563844567517}, "datetime": {"datetime": "2025-05-16 19:51:15", "elapsed": 5300.120188, "delta": 6.817885}}
{"target": 5.708277225560608, "params": {"x0": 0.9, "x1": 0.9, "x2": 4.607619601015746, "x3": 4.475444156501267, "x4": 4.62269416386167, "x5": 7.691434999517884, "x6": 8.81424461287959, "x7": -1.4588030992188274, "x8": 2.0, "x9": 1.1507563844567517}, "datetime": {"datetime": "2025-05-16 19:51:22", "elapsed": 5306.736141, "delta": 6.615953}}
{"target": 5.708277225560608, "params": {"x0": 0.9, "x1": 0.9, "x2": 4.607619601015746, "x3": 4.475444156501267, "x4": 4.62269416386167, "x5": 7.691434999517884, "x6": 8.81424461287959, "x7": -1.4588030992188274, "x8": 2.0, "x9": 1.1507563844567517}, "datetime": {"datetime": "2025-05-16 19:51:29", "elapsed": 5313.375554, "delta": 6.639413}}
{"target": 5.708277225560608, "params": {"x0": 0.9, "x1": 0.9, "x2": 4.607619601015746, "x3": 4.475444156501267, "x4": 4.62269416386167, "x5": 7.691434999517884, "x6": 8.81424461287959, "x7": -1.4588030992188274, "x8": 2.0, "x9": 1.1507563844567517}, "datetime": {"datetime": "2025-05-16 19:51:35", "elapsed": 5319.214754, "delta": 5.8392}}
{"target": 5.708277225560608, "params": {"x0": 0.9, "x1": 0.9, "x2": 4.607619601015746, "x3": 4.475444156501267, "x4": 4.62269416386167, "x5": 7.691434999517884, "x6": 8.81424461287959, "x7": -1.4588030992188274, "x8": 2.0, "x9": 1.1507563844567517}, "datetime": {"datetime": "2025-05-16 19:51:40", "elapsed": 5324.245181, "delta": 5.030427}}
{"target": 5.708277225560608, "params": {"x0": 0.9, "x1": 0.9, "x2": 4.607619601015746, "x3": 4.475444156501267, "x4": 4.62269416386167, "x5": 7.691434999517884, "x6": 8.81424461287959, "x7": -1.4588030992188274, "x8": 2.0, "x9": 1.1507563844567517}, "datetime": {"datetime": "2025-05-16 19:51:44", "elapsed": 5328.983583, "delta": 4.738402}}
{"target": 5.708277225560608, "params": {"x0": 0.9, "x1": 0.9, "x2": 4.607619601015746, "x3": 4.475444156501267, "x4": 4.62269416386167, "x5": 7.691434999517884, "x6": 8.81424461287959, "x7": -1.4588030992188274, "x8": 2.0, "x9": 1.1507563844567517}, "datetime": {"datetime": "2025-05-16 19:51:52", "elapsed": 5336.940438, "delta": 7.956855}}
{"target": 5.708277225560608, "params": {"x0": 0.9, "x1": 0.9, "x2": 4.607619601015746, "x3": 4.475444156501267, "x4": 4.62269416386167, "x5": 7.691434999517884, "x6": 8.81424461287959, "x7": -1.4588030992188274, "x8": 2.0, "x9": 1.1507563844567517}, "datetime": {"datetime": "2025-05-16 19:51:57", "elapsed": 5341.669162, "delta": 4.728724}}
{"target": 5.708277225560608, "params": {"x0": 0.9, "x1": 0.9, "x2": 4.607619601015746, "x3": 4.475444156501267, "x4": 4.62269416386167, "x5": 7.691434999517884, "x6": 8.81424461287959, "x7": -1.4588030992188274, "x8": 2.0, "x9": 1.1507563844567517}, "datetime": {"datetime": "2025-05-16 19:52:01", "elapsed": 5345.770985, "delta": 4.101823}}
{"target": 5.708277225560608, "params": {"x0": 0.9, "x1": 0.9, "x2": 4.607619601015746, "x3": 4.475444156501267, "x4": 4.62269416386167, "x5": 7.691434999517884, "x6": 8.81424461287959, "x7": -1.4588030992188274, "x8": 2.0, "x9": 1.1507563844567517}, "datetime": {"datetime": "2025-05-16 19:52:07", "elapsed": 5351.550293, "delta": 5.779308}}
{"target": 5.708277225560608, "params": {"x0": 0.9, "x1": 0.9, "x2": 4.607619601015746, "x3": 4.475444156501267, "x4": 4.62269416386167, "x5": 7.691434999517884, "x6": 8.81424461287959, "x7": -1.4588030992188274, "x8": 2.0, "x9": 1.1507563844567517}, "datetime": {"datetime": "2025-05-16 19:52:12", "elapsed": 5356.740131, "delta": 5.189838}}
{"target": 5.708277225560608, "params": {"x0": 0.9, "x1": 0.9, "x2": 4.607619601015746, "x3": 4.475444156501267, "x4": 4.62269416386167, "x5": 7.691434999517884, "x6": 8.81424461287959, "x7": -1.4588030992188274, "x8": 2.0, "x9": 1.1507563844567517}, "datetime": {"datetime": "2025-05-16 19:52:17", "elapsed": 5361.274128, "delta": 4.533997}}
{"target": 5.708277225560608, "params": {"x0": 0.9, "x1": 0.9, "x2": 4.607619601015746, "x3": 4.475444156501267, "x4": 4.62269416386167, "x5": 7.691434999517884, "x6": 8.81424461287959, "x7": -1.4588030992188274, "x8": 2.0, "x9": 1.1507563844567517}, "datetime": {"datetime": "2025-05-16 19:52:23", "elapsed": 5367.763069, "delta": 6.488941}}
{"target": 5.708277225560608, "params": {"x0": 0.9, "x1": 0.9, "x2": 4.607619601015746, "x3": 4.475444156501267, "x4": 4.62269416386167, "x5": 7.691434999517884, "x6": 8.81424461287959, "x7": -1.4588030992188274, "x8": 2.0, "x9": 1.1507563844567517}, "datetime": {"datetime": "2025-05-16 19:52:28", "elapsed": 5372.301102, "delta": 4.538033}}
{"target": 5.708277225560608, "params": {"x0": 0.9, "x1": 0.9, "x2": 4.607619601015746, "x3": 4.475444156501267, "x4": 4.62269416386167, "x5": 7.691434999517884, "x6": 8.81424461287959, "x7": -1.4588030992188274, "x8": 2.0, "x9": 1.1507563844567517}, "datetime": {"datetime": "2025-05-16 19:52:32", "elapsed": 5376.371573, "delta": 4.070471}}
{"target": 5.708277225560608, "params": {"x0": 0.9, "x1": 0.9, "x2": 4.607619601015746, "x3": 4.475444156501267, "x4": 4.62269416386167, "x5": 7.691434999517884, "x6": 8.81424461287959, "x7": -1.4588030992188274, "x8": 2.0, "x9": 1.1507563844567517}, "datetime": {"datetime": "2025-05-16 19:52:37", "elapsed": 5381.763219, "delta": 5.391646}}
{"target": 5.708277225560608, "params": {"x0": 0.9, "x1": 0.9, "x2": 4.607619601015746, "x3": 4.475444156501267, "x4": 4.62269416386167, "x5": 7.691434999517884, "x6": 8.81424461287959, "x7": -1.4588030992188274, "x8": 2.0, "x9": 1.1507563844567517}, "datetime": {"datetime": "2025-05-16 19:52:44", "elapsed": 5388.236734, "delta": 6.473515}}
{"target": 5.708277225560608, "params": {"x0": 0.9, "x1": 0.9, "x2": 4.607619601015746, "x3": 4.475444156501267, "x4": 4.62269416386167, "x5": 7.691434999517884, "x6": 8.81424461287959, "x7": -1.4588030992188274, "x8": 2.0, "x9": 1.1507563844567517}, "datetime": {"datetime": "2025-05-16 19:52:48", "elapsed": 5392.32731, "delta": 4.090576}}
