{"target": 5.708277225560608, "params": {"x0": 0.9000000002834472, "x1": 0.9000000000085678, "x2": 4.607619603738869, "x3": 4.475444156239147, "x4": 4.622694165704485, "x5": 7.691435011999091, "x6": 8.814244617893738, "x7": -1.4588031026976842, "x8": 1.999999999937332, "x9": 1.1507563857407779}, "datetime": {"datetime": "2025-05-16 19:04:48", "elapsed": 2512.231096, "delta": 12.397298}}
{"target": 5.708277225560608, "params": {"x0": 0.9000000000525427, "x1": 0.900000000059603, "x2": 4.607619604331391, "x3": 4.475444156695871, "x4": 4.62269417803027, "x5": 7.691435012848153, "x6": 8.81424460787638, "x7": -1.4588031062866276, "x8": 1.9999999999546965, "x9": 1.1507563850264086}, "datetime": {"datetime": "2025-05-16 19:05:00", "elapsed": 2524.324818, "delta": 12.093722}}
{"target": 5.708277225560608, "params": {"x0": 0.9000000001498429, "x1": 0.9000000000234752, "x2": 4.607619599045294, "x3": 4.475444154117761, "x4": 4.622694179855946, "x5": 7.691435011480586, "x6": 8.814244616272134, "x7": -1.4588031029506612, "x8": 1.9999999997228894, "x9": 1.1507563848855498}, "datetime": {"datetime": "2025-05-16 19:05:13", "elapsed": 2537.773738, "delta": 13.44892}}
{"target": 5.708277225560608, "params": {"x0": 0.9000000000336337, "x1": 0.9000000000912709, "x2": 4.6076196011773725, "x3": 4.475444154474076, "x4": 4.622694173220863, "x5": 7.691435008537504, "x6": 8.814244616122343, "x7": -1.458803100188428, "x8": 1.9999999998633584, "x9": 1.1507563850178069}, "datetime": {"datetime": "2025-05-16 19:05:26", "elapsed": 2550.557994, "delta": 12.784256}}
{"target": 5.708277225560608, "params": {"x0": 0.9000000000885334, "x1": 0.9000000000098302, "x2": 4.607619602300869, "x3": 4.475444154023856, "x4": 4.622694172887425, "x5": 7.691435007340711, "x6": 8.814244613671825, "x7": -1.4588030960030396, "x8": 1.9999999999726445, "x9": 1.1507563850583413}, "datetime": {"datetime": "2025-05-16 19:05:38", "elapsed": 2562.556956, "delta": 11.998962}}
{"target": 5.708277225560608, "params": {"x0": 0.9000000000545588, "x1": 0.9000000000651202, "x2": 4.607619603283783, "x3": 4.47544415541997, "x4": 4.622694173651976, "x5": 7.6914350059961585, "x6": 8.814244617435186, "x7": -1.4588030967182204, "x8": 1.9999999999774514, "x9": 1.150756383522238}, "datetime": {"datetime": "2025-05-16 19:05:51", "elapsed": 2575.484189, "delta": 12.927233}}
{"target": 5.708277225560608, "params": {"x0": 0.9000000000073433, "x1": 0.9000000000100834, "x2": 4.607619599101, "x3": 4.475444154289026, "x4": 4.622694168471059, "x5": 7.691435003405532, "x6": 8.814244613256337, "x7": -1.4588031022756678, "x8": 1.999999999896695, "x9": 1.1507563847392956}, "datetime": {"datetime": "2025-05-16 19:06:03", "elapsed": 2587.73891, "delta": 12.254721}}
{"target": 5.708277225560608, "params": {"x0": 0.9000000000847374, "x1": 0.9000000000221525, "x2": 4.607619600866065, "x3": 4.47544415503863, "x4": 4.622694159105012, "x5": 7.6914350061114, "x6": 8.814244616306436, "x7": -1.4588031014499327, "x8": 1.9999999999352676, "x9": 1.15075638441476}, "datetime": {"datetime": "2025-05-16 19:06:15", "elapsed": 2600.012661, "delta": 12.273751}}
{"target": 5.708277225560608, "params": {"x0": 0.9000000001094332, "x1": 0.9000000000265236, "x2": 4.607619600733923, "x3": 4.475444155187717, "x4": 4.622694159598726, "x5": 7.6914350058247765, "x6": 8.814244613288999, "x7": -1.4588031006080455, "x8": 1.9999999999926938, "x9": 1.1507563845139555}, "datetime": {"datetime": "2025-05-16 19:06:29", "elapsed": 2613.248257, "delta": 13.235596}}
{"target": 5.708277225560608, "params": {"x0": 0.9000000000119255, "x1": 0.9000000000405607, "x2": 4.6076195995976885, "x3": 4.4754441559984945, "x4": 4.6226941699050865, "x5": 7.691435004590019, "x6": 8.814244614830205, "x7": -1.4588031022731094, "x8": 1.9999999999814155, "x9": 1.150756383786179}, "datetime": {"datetime": "2025-05-16 19:06:42", "elapsed": 2626.373924, "delta": 13.125667}}
{"target": 5.708277225560608, "params": {"x0": 0.900000000023068, "x1": 0.9000000000237253, "x2": 4.607619600715174, "x3": 4.475444155966073, "x4": 4.622694170195773, "x5": 7.691435003600238, "x6": 8.81424461360394, "x7": -1.458803098986947, "x8": 1.9999999999945044, "x9": 1.1507563842045558}, "datetime": {"datetime": "2025-05-16 19:06:55", "elapsed": 2640.171934, "delta": 13.79801}}
{"target": 5.708277225560608, "params": {"x0": 0.9000000000775392, "x1": 0.9000000000338371, "x2": 4.607619600800275, "x3": 4.475444156580574, "x4": 4.622694168107094, "x5": 7.6914350033702465, "x6": 8.814244614483036, "x7": -1.4588030997360204, "x8": 1.999999999986834, "x9": 1.1507563849015696}, "datetime": {"datetime": "2025-05-16 19:07:08", "elapsed": 2653.068214, "delta": 12.89628}}
{"target": 5.708277225560608, "params": {"x0": 0.900000000018723, "x1": 0.9000000000035279, "x2": 4.60761960145602, "x3": 4.475444157656043, "x4": 4.622694166862435, "x5": 7.691435003683638, "x6": 8.814244614644782, "x7": -1.4588031014714875, "x8": 1.9999999999957359, "x9": 1.1507563847012672}, "datetime": {"datetime": "2025-05-16 19:07:22", "elapsed": 2666.888402, "delta": 13.820188}}
{"target": 5.708277225560608, "params": {"x0": 0.9000000000475904, "x1": 0.9000000000010205, "x2": 4.607619601500482, "x3": 4.475444155540473, "x4": 4.622694166944081, "x5": 7.69143500214726, "x6": 8.81424461408837, "x7": -1.4588031011376592, "x8": 1.9999999999669653, "x9": 1.150756384638019}, "datetime": {"datetime": "2025-05-16 19:07:35", "elapsed": 2679.636354, "delta": 12.747952}}
{"target": 5.708277225560608, "params": {"x0": 0.9000000000218124, "x1": 0.9000000000019382, "x2": 4.607619601886723, "x3": 4.475444155569551, "x4": 4.622694168196057, "x5": 7.691435002543508, "x6": 8.814244613974502, "x7": -1.4588030978607076, "x8": 1.9999999999395726, "x9": 1.1507563844413653}, "datetime": {"datetime": "2025-05-16 19:07:48", "elapsed": 2692.442542, "delta": 12.806188}}
{"target": 5.708277225560608, "params": {"x0": 0.9000000000004403, "x1": 0.9000000000074191, "x2": 4.607619601786288, "x3": 4.475444156334361, "x4": 4.622694166418773, "x5": 7.691435002122901, "x6": 8.814244612034743, "x7": -1.4588031002103496, "x8": 1.9999999999594986, "x9": 1.1507563847780458}, "datetime": {"datetime": "2025-05-16 19:08:01", "elapsed": 2705.449852, "delta": 13.00731}}
{"target": 5.708277225560608, "params": {"x0": 0.9000000000421159, "x1": 0.9000000000009649, "x2": 4.607619601414772, "x3": 4.475444156205504, "x4": 4.6226941615447235, "x5": 7.691435002299012, "x6": 8.814244614209146, "x7": -1.4588031000550286, "x8": 1.999999999995372, "x9": 1.1507563841405004}, "datetime": {"datetime": "2025-05-16 19:08:13", "elapsed": 2717.720736, "delta": 12.270884}}
{"target": 5.708277225560608, "params": {"x0": 0.9000000000471251, "x1": 0.9000000000045051, "x2": 4.607619601226879, "x3": 4.475444155800257, "x4": 4.622694164316665, "x5": 7.691435001286058, "x6": 8.814244612786611, "x7": -1.4588030987220308, "x8": 1.9999999999971563, "x9": 1.1507563844646764}, "datetime": {"datetime": "2025-05-16 19:08:26", "elapsed": 2730.899223, "delta": 13.178487}}
{"target": 5.708277225560608, "params": {"x0": 0.9000000000203396, "x1": 0.9000000000031619, "x2": 4.607619600787467, "x3": 4.475444155979325, "x4": 4.622694166712633, "x5": 7.691435001497454, "x6": 8.814244612014003, "x7": -1.458803098232418, "x8": 1.999999999991441, "x9": 1.1507563846075086}, "datetime": {"datetime": "2025-05-16 19:08:40", "elapsed": 2744.525498, "delta": 13.626275}}
{"target": 5.708277225560608, "params": {"x0": 0.9000000000175966, "x1": 0.900000000006329, "x2": 4.607619600833109, "x3": 4.475444156192002, "x4": 4.622694164656934, "x5": 7.69143500128938, "x6": 8.814244613157003, "x7": -1.458803098900493, "x8": 1.999999999989038, "x9": 1.1507563844551865}, "datetime": {"datetime": "2025-05-16 19:08:52", "elapsed": 2756.798613, "delta": 12.273115}}
{"target": 5.708277225560608, "params": {"x0": 0.9000000000339018, "x1": 0.9000000000061822, "x2": 4.607619600938632, "x3": 4.475444156296078, "x4": 4.622694164947233, "x5": 7.691435001341188, "x6": 8.81424461305399, "x7": -1.458803099255379, "x8": 1.9999999999916245, "x9": 1.1507563842468103}, "datetime": {"datetime": "2025-05-16 19:09:05", "elapsed": 2769.723837, "delta": 12.925224}}
{"target": 5.708277225560608, "params": {"x0": 0.9000000000123832, "x1": 0.9000000000108461, "x2": 4.607619600640118, "x3": 4.475444156201267, "x4": 4.622694164780729, "x5": 7.69143500104771, "x6": 8.814244613548858, "x7": -1.4588030999692518, "x8": 1.9999999999716649, "x9": 1.1507563843312685}, "datetime": {"datetime": "2025-05-16 19:09:17", "elapsed": 2781.879129, "delta": 12.155292}}
{"target": 5.708277225560608, "params": {"x0": 0.90000000000888, "x1": 0.9000000000027907, "x2": 4.607619601269587, "x3": 4.4754441561659535, "x4": 4.6226941655276645, "x5": 7.691435000936701, "x6": 8.814244612221373, "x7": -1.4588030992678465, "x8": 1.9999999999974323, "x9": 1.1507563844523767}, "datetime": {"datetime": "2025-05-16 19:09:31", "elapsed": 2795.648037, "delta": 13.768908}}
{"target": 5.708277225560608, "params": {"x0": 0.9000000000155959, "x1": 0.9000000000171146, "x2": 4.607619600981757, "x3": 4.475444156133606, "x4": 4.622694164890756, "x5": 7.691435000762758, "x6": 8.814244613571104, "x7": -1.4588030995222383, "x8": 1.9999999999966633, "x9": 1.1507563844297792}, "datetime": {"datetime": "2025-05-16 19:09:45", "elapsed": 2809.51101, "delta": 13.862973}}
{"target": 5.708277225560608, "params": {"x0": 0.9000000000188827, "x1": 0.9000000000019421, "x2": 4.6076196008756245, "x3": 4.475444156193459, "x4": 4.622694165428299, "x5": 7.691435000697653, "x6": 8.814244613032693, "x7": -1.4588030993796108, "x8": 1.9999999999802873, "x9": 1.1507563843612338}, "datetime": {"datetime": "2025-05-16 19:09:58", "elapsed": 2822.551204, "delta": 13.040194}}
{"target": 5.708277225560608, "params": {"x0": 0.900000000019047, "x1": 0.9000000000119612, "x2": 4.607619600831274, "x3": 4.475444156296052, "x4": 4.622694165075194, "x5": 7.691435000324306, "x6": 8.814244613417564, "x7": -1.458803099207264, "x8": 1.9999999999946823, "x9": 1.1507563845260291}, "datetime": {"datetime": "2025-05-16 19:10:12", "elapsed": 2836.229811, "delta": 13.678607}}
{"target": 5.708277225560608, "params": {"x0": 0.9000000000036759, "x1": 0.9000000000022214, "x2": 4.607619600762824, "x3": 4.475444156613857, "x4": 4.622694164911235, "x5": 7.6914350004132395, "x6": 8.814244612576422, "x7": -1.4588030995189734, "x8": 1.9999999999950544, "x9": 1.150756384370342}, "datetime": {"datetime": "2025-05-16 19:10:24", "elapsed": 2848.979409, "delta": 12.749598}}
{"target": 5.708277225560608, "params": {"x0": 0.900000000007507, "x1": 0.900000000005732, "x2": 4.6076196008290315, "x3": 4.475444156476518, "x4": 4.622694164921001, "x5": 7.691435000377518, "x6": 8.814244613043, "x7": -1.4588030992972352, "x8": 1.9999999999910312, "x9": 1.1507563845553548}, "datetime": {"datetime": "2025-05-16 19:10:37", "elapsed": 2861.244154, "delta": 12.264745}}
{"target": 5.708277225560608, "params": {"x0": 0.900000000015714, "x1": 0.9000000000018787, "x2": 4.60761960099345, "x3": 4.475444156381912, "x4": 4.622694163423098, "x5": 7.691435000140231, "x6": 8.814244613060332, "x7": -1.4588030989618863, "x8": 1.9999999999973697, "x9": 1.150756384487386}, "datetime": {"datetime": "2025-05-16 19:10:50", "elapsed": 2874.209458, "delta": 12.965304}}
{"target": 5.708277225560608, "params": {"x0": 0.9000000000035667, "x1": 0.9000000000173447, "x2": 4.607619600964865, "x3": 4.475444156419862, "x4": 4.622694164556909, "x5": 7.691435000118366, "x6": 8.814244613245133, "x7": -1.4588030993927983, "x8": 1.999999999999645, "x9": 1.1507563845331892}, "datetime": {"datetime": "2025-05-16 19:11:02", "elapsed": 2887.166238, "delta": 12.95678}}
{"target": 5.708277225560608, "params": {"x0": 0.9000000000022135, "x1": 0.9000000000009325, "x2": 4.607619600996605, "x3": 4.475444156328626, "x4": 4.62269416465877, "x5": 7.691434999695162, "x6": 8.814244613131487, "x7": -1.4588030989047147, "x8": 1.999999999990267, "x9": 1.1507563845232631}, "datetime": {"datetime": "2025-05-16 19:11:16", "elapsed": 2900.458614, "delta": 13.292376}}
{"target": 5.708277225560608, "params": {"x0": 0.900000000001206, "x1": 0.9000000000000764, "x2": 4.607619600975066, "x3": 4.475444156420935, "x4": 4.62269416425668, "x5": 7.691434999918636, "x6": 8.814244612783968, "x7": -1.458803099395365, "x8": 1.9999999999973626, "x9": 1.1507563844703959}, "datetime": {"datetime": "2025-05-16 19:11:28", "elapsed": 2913.075227, "delta": 12.616613}}
{"target": 5.708277225560608, "params": {"x0": 0.9000000000089392, "x1": 0.9000000000000726, "x2": 4.6076196010086905, "x3": 4.475444156353408, "x4": 4.6226941637839145, "x5": 7.69143500003587, "x6": 8.814244613142108, "x7": -1.4588030990857423, "x8": 1.9999999999939733, "x9": 1.1507563844875561}, "datetime": {"datetime": "2025-05-16 19:11:41", "elapsed": 2925.81219, "delta": 12.736963}}
{"target": 5.708277225560608, "params": {"x0": 0.900000000005941, "x1": 0.9000000000033722, "x2": 4.607619601121406, "x3": 4.4754441565656125, "x4": 4.622694163605572, "x5": 7.691434999838813, "x6": 8.814244613017197, "x7": -1.45880309927516, "x8": 1.9999999999984022, "x9": 1.150756384507178}, "datetime": {"datetime": "2025-05-16 19:11:54", "elapsed": 2938.613645, "delta": 12.801455}}
{"target": 5.708277225560608, "params": {"x0": 0.9000000000049171, "x1": 0.9000000000100631, "x2": 4.607619600951984, "x3": 4.475444156407238, "x4": 4.622694163389833, "x5": 7.691434999824518, "x6": 8.814244612961483, "x7": -1.4588030991824965, "x8": 1.9999999999995965, "x9": 1.1507563844873137}, "datetime": {"datetime": "2025-05-16 19:12:07", "elapsed": 2951.687228, "delta": 13.073583}}
{"target": 5.708277225560608, "params": {"x0": 0.9000000000013804, "x1": 0.9000000000002686, "x2": 4.607619601022276, "x3": 4.475444156450898, "x4": 4.622694163822385, "x5": 7.691434999804585, "x6": 8.81424461300278, "x7": -1.4588030994419892, "x8": 1.999999999992607, "x9": 1.1507563844599598}, "datetime": {"datetime": "2025-05-16 19:12:21", "elapsed": 2965.219454, "delta": 13.532226}}
{"target": 5.708277225560608, "params": {"x0": 0.9000000000049734, "x1": 0.9000000000011935, "x2": 4.607619601064317, "x3": 4.475444156547829, "x4": 4.62269416406468, "x5": 7.6914349993969, "x6": 8.814244613039191, "x7": -1.458803099230974, "x8": 1.999999999999808, "x9": 1.1507563844964213}, "datetime": {"datetime": "2025-05-16 19:12:35", "elapsed": 2979.460276, "delta": 14.240822}}
{"target": 5.708277225560608, "params": {"x0": 0.9000000000028647, "x1": 0.900000000006397, "x2": 4.607619600935363, "x3": 4.475444156442372, "x4": 4.6226941640424855, "x5": 7.691434999679241, "x6": 8.81424461293086, "x7": -1.4588030991015932, "x8": 1.9999999999958484, "x9": 1.1507563844473814}, "datetime": {"datetime": "2025-05-16 19:12:48", "elapsed": 2992.437044, "delta": 12.976768}}
{"target": 5.708277225560608, "params": {"x0": 0.9000000000023264, "x1": 0.9000000000021515, "x2": 4.607619601055697, "x3": 4.475444156430202, "x4": 4.622694163846831, "x5": 7.691434999505215, "x6": 8.814244613015195, "x7": -1.4588030992987004, "x8": 1.999999999994505, "x9": 1.1507563844304765}, "datetime": {"datetime": "2025-05-16 19:13:00", "elapsed": 3005.109236, "delta": 12.672192}}
{"target": 5.708277225560608, "params": {"x0": 0.9000000000013433, "x1": 0.9000000000003355, "x2": 4.607619601059204, "x3": 4.4754441564571374, "x4": 4.622694164121818, "x5": 7.6914349997318165, "x6": 8.814244612910068, "x7": -1.458803099327507, "x8": 1.9999999999924036, "x9": 1.1507563844698845}, "datetime": {"datetime": "2025-05-16 19:13:14", "elapsed": 3018.878063, "delta": 13.768827}}
{"target": 5.708277225560608, "params": {"x0": 0.9000000000026358, "x1": 0.9000000000009324, "x2": 4.607619601065763, "x3": 4.475444156546045, "x4": 4.622694163648405, "x5": 7.691434999691555, "x6": 8.814244612940472, "x7": -1.4588030993181584, "x8": 1.9999999999983917, "x9": 1.1507563844752298}, "datetime": {"datetime": "2025-05-16 19:13:27", "elapsed": 3031.431545, "delta": 12.553482}}
{"target": 5.708277225560608, "params": {"x0": 0.9000000000008478, "x1": 0.9000000000026263, "x2": 4.607619601059115, "x3": 4.475444156543941, "x4": 4.6226941639272425, "x5": 7.6914349993313955, "x6": 8.814244612917715, "x7": -1.45880309910104, "x8": 1.999999999997162, "x9": 1.1507563844370061}, "datetime": {"datetime": "2025-05-16 19:13:41", "elapsed": 3045.534304, "delta": 14.102759}}
{"target": 5.708277225560608, "params": {"x0": 0.9000000000025774, "x1": 0.900000000003778, "x2": 4.607619601002948, "x3": 4.475444156494005, "x4": 4.622694164089073, "x5": 7.691434999624202, "x6": 8.814244612862742, "x7": -1.4588030992556076, "x8": 1.9999999999985294, "x9": 1.1507563844554736}, "datetime": {"datetime": "2025-05-16 19:13:54", "elapsed": 3058.54744, "delta": 13.013136}}
{"target": 5.708277225560608, "params": {"x0": 0.900000000002411, "x1": 0.9000000000074825, "x2": 4.60761960100608, "x3": 4.475444156460469, "x4": 4.622694163675196, "x5": 7.691434999624273, "x6": 8.81424461296251, "x7": -1.4588030991353547, "x8": 1.9999999999950937, "x9": 1.150756384456338}, "datetime": {"datetime": "2025-05-16 19:14:08", "elapsed": 3072.434175, "delta": 13.886735}}
{"target": 5.708277225560608, "params": {"x0": 0.9000000000022638, "x1": 0.9000000000049411, "x2": 4.607619601049687, "x3": 4.475444156491572, "x4": 4.622694164020216, "x5": 7.691434999553711, "x6": 8.814244612947293, "x7": -1.4588030992197554, "x8": 1.9999999999997582, "x9": 1.1507563844513737}, "datetime": {"datetime": "2025-05-16 19:14:22", "elapsed": 3086.225327, "delta": 13.791152}}
{"target": 5.708277225560608, "params": {"x0": 0.9000000000023903, "x1": 0.9000000000055421, "x2": 4.607619601010082, "x3": 4.475444156468745, "x4": 4.622694163975593, "x5": 7.691434999646087, "x6": 8.81424461287166, "x7": -1.4588030992408463, "x8": 1.999999999997507, "x9": 1.1507563844579023}, "datetime": {"datetime": "2025-05-16 19:14:37", "elapsed": 3101.443131, "delta": 15.217804}}
{"target": 5.708277225560608, "params": {"x0": 0.9000000000022687, "x1": 0.9000000000029373, "x2": 4.607619601005681, "x3": 4.475444156469462, "x4": 4.622694163740034, "x5": 7.691434999601203, "x6": 8.81424461291029, "x7": -1.4588030992767895, "x8": 1.9999999999968618, "x9": 1.1507563844688855}, "datetime": {"datetime": "2025-05-16 19:14:50", "elapsed": 3115.019145, "delta": 13.576014}}
{"target": 5.708277225560608, "params": {"x0": 0.9000000000007511, "x1": 0.9000000000067567, "x2": 4.6076196009876575, "x3": 4.4754441564724585, "x4": 4.622694163939411, "x5": 7.691434999587699, "x6": 8.81424461283724, "x7": -1.4588030991734822, "x8": 1.999999999997528, "x9": 1.1507563844582926}, "datetime": {"datetime": "2025-05-16 19:15:03", "elapsed": 3128.079354, "delta": 13.060209}}
{"target": 5.708277225560608, "params": {"x0": 0.9000000000003894, "x1": 0.9000000000035118, "x2": 4.607619601035238, "x3": 4.475444156503874, "x4": 4.62269416380757, "x5": 7.6914349995993705, "x6": 8.8142446128663, "x7": -1.4588030992526775, "x8": 1.9999999999942386, "x9": 1.150756384465627}, "datetime": {"datetime": "2025-05-16 19:15:16", "elapsed": 3141.157971, "delta": 13.078617}}
{"target": 5.708277225560608, "params": {"x0": 0.9000000000005873, "x1": 0.9000000000087603, "x2": 4.607619600996828, "x3": 4.475444156515531, "x4": 4.622694163827694, "x5": 7.691434999509219, "x6": 8.814244612887716, "x7": -1.45880309924218, "x8": 1.999999999997152, "x9": 1.1507563844497073}, "datetime": {"datetime": "2025-05-16 19:15:30", "elapsed": 3154.770085, "delta": 13.612114}}
{"target": 5.708277225560608, "params": {"x0": 0.9000000000011947, "x1": 0.9000000000040893, "x2": 4.60761960102993, "x3": 4.475444156481434, "x4": 4.622694163774311, "x5": 7.691434999581156, "x6": 8.814244612855363, "x7": -1.4588030992429193, "x8": 1.9999999999974196, "x9": 1.1507563844531217}, "datetime": {"datetime": "2025-05-16 19:15:45", "elapsed": 3169.701672, "delta": 14.931587}}
{"target": 5.708277225560608, "params": {"x0": 0.9000000000012375, "x1": 0.9000000000011186, "x2": 4.6076196010218196, "x3": 4.4754441565099015, "x4": 4.622694163860076, "x5": 7.691434999518616, "x6": 8.814244612915145, "x7": -1.4588030992236158, "x8": 1.999999999999214, "x9": 1.1507563844632696}, "datetime": {"datetime": "2025-05-16 19:16:00", "elapsed": 3184.276404, "delta": 14.574732}}
{"target": 5.708277225560608, "params": {"x0": 0.9000000000009112, "x1": 0.9000000000017223, "x2": 4.607619601028403, "x3": 4.475444156493205, "x4": 4.622694163944068, "x5": 7.69143499957041, "x6": 8.814244612900081, "x7": -1.458803099246565, "x8": 1.9999999999975246, "x9": 1.150756384460833}, "datetime": {"datetime": "2025-05-16 19:16:14", "elapsed": 3198.24673, "delta": 13.970326}}
{"target": 5.708277225560608, "params": {"x0": 0.9000000000002325, "x1": 0.900000000006298, "x2": 4.6076196010047035, "x3": 4.475444156508942, "x4": 4.622694163885971, "x5": 7.691434999563803, "x6": 8.81424461288356, "x7": -1.4588030992182, "x8": 1.99999999999647, "x9": 1.1507563844507764}, "datetime": {"datetime": "2025-05-16 19:16:27", "elapsed": 3212.151317, "delta": 13.904587}}
{"target": 5.708277225560608, "params": {"x0": 0.9000000000002036, "x1": 0.9000000000054583, "x2": 4.607619601016694, "x3": 4.475444156487815, "x4": 4.622694163899491, "x5": 7.6914349995609275, "x6": 8.814244612890569, "x7": -1.4588030992450984, "x8": 1.9999999999977713, "x9": 1.1507563844623379}, "datetime": {"datetime": "2025-05-16 19:16:42", "elapsed": 3226.393026, "delta": 14.241709}}
{"target": 5.708277225560608, "params": {"x0": 0.9000000000000697, "x1": 0.9000000000001316, "x2": 4.607619601022905, "x3": 4.475444156505706, "x4": 4.622694163850537, "x5": 7.6914349994806575, "x6": 8.814244612899357, "x7": -1.4588030992357284, "x8": 1.999999999999575, "x9": 1.150756384459038}, "datetime": {"datetime": "2025-05-16 19:16:56", "elapsed": 3240.888365, "delta": 14.495339}}
