{"target": 2.3864140144319204, "params": {"x0": 0.9, "x1": 0.9, "x2": 5.036822776624382, "x3": 4.209231200826819, "x4": 1.344198781821255, "x5": 8.123604035407437, "x6": 6.794989353721227, "x7": -3.4346570916406067, "x8": 1.8178638429181513, "x9": 1.529503733087965}, "datetime": {"datetime": "2025-05-18 03:47:07", "elapsed": 1827.544843, "delta": 16.732038}}
{"target": 2.3936365704364957, "params": {"x0": 0.9, "x1": 0.9, "x2": 5.038201249054699, "x3": 4.215084956027961, "x4": 1.345927866770181, "x5": 8.124814295756078, "x6": 6.833487940442646, "x7": -3.4336664570184587, "x8": 1.8182914697904122, "x9": 1.5289363865849201}, "datetime": {"datetime": "2025-05-18 03:47:24", "elapsed": 1844.817718, "delta": 17.272875}}
{"target": 2.4019353237223657, "params": {"x0": 0.9, "x1": 0.9, "x2": 5.0395797214850155, "x3": 4.220938711229103, "x4": 1.347656951719107, "x5": 8.125661478000126, "x6": 6.833280573322445, "x7": -3.4346570916406067, "x8": 1.818590808600995, "x9": 1.5285392440327887}, "datetime": {"datetime": "2025-05-18 03:47:41", "elapsed": 1862.085186, "delta": 17.267468}}
{"target": 2.400142203975563, "params": {"x0": 0.9, "x1": 0.9, "x2": 5.0409581939153325, "x3": 4.226792466430244, "x4": 1.349386036668033, "x5": 8.126508660244173, "x6": 6.846241924843963, "x7": -3.4353505358761103, "x8": 1.8188901474115777, "x9": 1.5281421014806573}, "datetime": {"datetime": "2025-05-18 03:47:58", "elapsed": 1878.995324, "delta": 16.910138}}
{"target": 2.403583499405913, "params": {"x0": 0.9, "x1": 0.9, "x2": 5.03833909629773, "x3": 4.226207090910131, "x4": 1.3492131281731405, "x5": 8.12642394201977, "x6": 6.8065334906354185, "x7": -3.4340329918286536, "x8": 1.8188602135305194, "x9": 1.5281818157358704}, "datetime": {"datetime": "2025-05-18 03:48:15", "elapsed": 1895.728859, "delta": 16.733535}}
{"target": 2.4109263841412485, "params": {"x0": 0.9, "x1": 0.9, "x2": 5.037284564888538, "x3": 4.230685213639004, "x4": 1.3505358781590688, "x5": 8.127072036436466, "x6": 6.797822989971417, "x7": -3.4335025069884932, "x8": 1.819089207720615, "x9": 1.5278780016834899}, "datetime": {"datetime": "2025-05-18 03:48:32", "elapsed": 1912.912258, "delta": 17.183399}}
{"target": 2.4120976497134445, "params": {"x0": 0.9, "x1": 0.9, "x2": 5.036230033479346, "x3": 4.235163336367877, "x4": 1.3518586281449971, "x5": 8.127720130853163, "x6": 6.776988257978749, "x7": -3.432972022148333, "x8": 1.8193182019107108, "x9": 1.5275741876311093}, "datetime": {"datetime": "2025-05-18 03:48:49", "elapsed": 1929.555202, "delta": 16.642944}}
{"target": 2.4109263841412485, "params": {"x0": 0.9, "x1": 0.9, "x2": 5.035175502070154, "x3": 4.23964145909675, "x4": 1.3531813781309254, "x5": 8.12836822526986, "x6": 6.7966322103713175, "x7": -3.4324415373081725, "x8": 1.8195471961008065, "x9": 1.5272703735787287}, "datetime": {"datetime": "2025-05-18 03:49:05", "elapsed": 1946.1337, "delta": 16.578498}}
{"target": 2.413206858548501, "params": {"x0": 0.9, "x1": 0.9, "x2": 5.037179111747619, "x3": 4.239193646823862, "x4": 1.3530491031323326, "x5": 8.127136845878136, "x6": 6.759308700825437, "x7": -3.4324945857921887, "x8": 1.819524296681797, "x9": 1.5273007549839668}, "datetime": {"datetime": "2025-05-18 03:49:22", "elapsed": 1962.74184, "delta": 16.60814}}
{"target": 2.4216596322934114, "params": {"x0": 0.9, "x1": 0.9, "x2": 5.037985828275652, "x3": 4.24261941071145, "x4": 1.3540610068715677, "x5": 8.126641053649363, "x6": 6.744281077245121, "x7": -3.4320887648894662, "x8": 1.8196994772372204, "x9": 1.5270683372338958}, "datetime": {"datetime": "2025-05-18 03:49:38", "elapsed": 1979.258413, "delta": 16.516573}}
{"target": 2.422853872190722, "params": {"x0": 0.9, "x1": 0.9, "x2": 5.038792544803684, "x3": 4.246045174599038, "x4": 1.3550729106108028, "x5": 8.126145261420591, "x6": 6.729253453664806, "x7": -3.431682943986744, "x8": 1.8198746577926437, "x9": 1.5268359194838248}, "datetime": {"datetime": "2025-05-18 03:49:55", "elapsed": 1995.802308, "delta": 16.543895}}
{"target": 2.423394391537076, "params": {"x0": 0.9, "x1": 0.9, "x2": 5.039599261331716, "x3": 4.249470938486626, "x4": 1.356084814350038, "x5": 8.125649469191819, "x6": 6.714225830084491, "x7": -3.4312771230840213, "x8": 1.820049838348067, "x9": 1.5266035017337538}, "datetime": {"datetime": "2025-05-18 03:50:12", "elapsed": 2012.580582, "delta": 16.778274}}
{"target": 2.4310446163717607, "params": {"x0": 0.9, "x1": 0.9, "x2": 5.0404059778597485, "x3": 4.252896702374214, "x4": 1.357096718089273, "x5": 8.125153676963047, "x6": 6.6991982065041755, "x7": -3.430871302181299, "x8": 1.8202250189034903, "x9": 1.5263710839836828}, "datetime": {"datetime": "2025-05-18 03:50:28", "elapsed": 2029.15405, "delta": 16.573468}}
{"target": 2.4316620125558956, "params": {"x0": 0.9, "x1": 0.9, "x2": 5.041212694387781, "x3": 4.2563224662618016, "x4": 1.3581086218285081, "x5": 8.124657884734274, "x6": 6.68417058292386, "x7": -3.4304654812785764, "x8": 1.8204001994589136, "x9": 1.5261386662336118}, "datetime": {"datetime": "2025-05-18 03:50:45", "elapsed": 2045.828683, "delta": 16.674633}}
{"target": 2.4328425903873954, "params": {"x0": 0.9, "x1": 0.9, "x2": 5.042019410915813, "x3": 4.259748230149389, "x4": 1.3591205255677432, "x5": 8.124162092505502, "x6": 6.669142959343545, "x7": -3.430059660375854, "x8": 1.820575380014337, "x9": 1.5259062484835408}, "datetime": {"datetime": "2025-05-18 03:51:02", "elapsed": 2062.36688, "delta": 16.538197}}
{"target": 2.4387869053721465, "params": {"x0": 0.9, "x1": 0.9, "x2": 5.0428261274438455, "x3": 4.263173994036977, "x4": 1.3601324293069783, "x5": 8.12366630027673, "x6": 6.65411533576323, "x7": -3.4296538394731315, "x8": 1.8207505605697603, "x9": 1.5256738307334698}, "datetime": {"datetime": "2025-05-18 03:51:18", "elapsed": 2079.276084, "delta": 16.909204}}
{"target": 2.440140003813823, "params": {"x0": 0.9, "x1": 0.9, "x2": 5.043632843971878, "x3": 4.266599757924565, "x4": 1.3611443330462134, "x5": 8.123170508047957, "x6": 6.639087712182914, "x7": -3.429248018570409, "x8": 1.8209257411251836, "x9": 1.5254414129833989}, "datetime": {"datetime": "2025-05-18 03:51:35", "elapsed": 2096.079514, "delta": 16.80343}}
{"target": 2.447899083881682, "params": {"x0": 0.9, "x1": 0.9, "x2": 5.04443956049991, "x3": 4.270025521812153, "x4": 1.3621562367854485, "x5": 8.122674715819185, "x6": 6.624060088602599, "x7": -3.4288421976676866, "x8": 1.8211009216806069, "x9": 1.5252089952333279}, "datetime": {"datetime": "2025-05-18 03:51:52", "elapsed": 2112.903624, "delta": 16.82411}}
{"target": 2.449262484052239, "params": {"x0": 0.9, "x1": 0.9, "x2": 5.0452462770279425, "x3": 4.273451285699741, "x4": 1.3631681405246836, "x5": 8.122178923590413, "x6": 6.609032465022284, "x7": -3.428436376764964, "x8": 1.8212761022360302, "x9": 1.5249765774832569}, "datetime": {"datetime": "2025-05-18 03:52:09", "elapsed": 2129.591752, "delta": 16.688128}}
{"target": 2.4499185212884815, "params": {"x0": 0.9, "x1": 0.9, "x2": 5.046052993555975, "x3": 4.276877049587329, "x4": 1.3641800442639187, "x5": 8.12168313136164, "x6": 6.5940048414419685, "x7": -3.4280305558622417, "x8": 1.8214512827914535, "x9": 1.5247441597331859}, "datetime": {"datetime": "2025-05-18 03:52:26", "elapsed": 2146.505259, "delta": 16.913507}}
{"target": 2.458267795590133, "params": {"x0": 0.9, "x1": 0.9, "x2": 5.046859710084007, "x3": 4.280302813474917, "x4": 1.3651919480031538, "x5": 8.121187339132868, "x6": 6.578977217861653, "x7": -3.4276247349595192, "x8": 1.8216264633468768, "x9": 1.524511741983115}, "datetime": {"datetime": "2025-05-18 03:52:42", "elapsed": 2163.108412, "delta": 16.603153}}
{"target": 2.4589728176741876, "params": {"x0": 0.9, "x1": 0.9, "x2": 5.0476664266120395, "x3": 4.2837285773625045, "x4": 1.366203851742389, "x5": 8.120691546904096, "x6": 6.563949594281338, "x7": -3.427218914056797, "x8": 1.8218016439023001, "x9": 1.524279324233044}, "datetime": {"datetime": "2025-05-18 03:52:59", "elapsed": 2179.809336, "delta": 16.700924}}
{"target": 2.4603440240632897, "params": {"x0": 0.9, "x1": 0.9, "x2": 5.048473143140072, "x3": 4.287154341250092, "x4": 1.367215755481624, "x5": 8.120195754675324, "x6": 6.548921970701023, "x7": -3.4268130931540743, "x8": 1.8219768244577235, "x9": 1.524046906482973}, "datetime": {"datetime": "2025-05-18 03:53:16", "elapsed": 2196.504345, "delta": 16.695009}}
{"target": 2.4685294567741916, "params": {"x0": 0.9, "x1": 0.9, "x2": 5.049279859668104, "x3": 4.29058010513768, "x4": 1.368227659220859, "x5": 8.119699962446552, "x6": 6.533894347120707, "x7": -3.426407272251352, "x8": 1.8221520050131468, "x9": 1.523814488732902}, "datetime": {"datetime": "2025-05-18 03:53:32", "elapsed": 2213.076676, "delta": 16.572331}}
{"target": 2.4687271669624242, "params": {"x0": 0.9, "x1": 0.9, "x2": 5.050086576196136, "x3": 4.294005869025268, "x4": 1.3692395629600942, "x5": 8.11920417021778, "x6": 6.518866723540392, "x7": -3.4260014513486294, "x8": 1.82232718556857, "x9": 1.523582070982831}, "datetime": {"datetime": "2025-05-18 03:53:49", "elapsed": 2229.754716, "delta": 16.67804}}
{"target": 2.4681694913389256, "params": {"x0": 0.9, "x1": 0.9, "x2": 5.050893292724169, "x3": 4.297431632912856, "x4": 1.3702514666993293, "x5": 8.118708377989007, "x6": 6.503839099960077, "x7": -3.425595630445907, "x8": 1.8225023661239934, "x9": 1.52334965323276}, "datetime": {"datetime": "2025-05-18 03:54:06", "elapsed": 2246.349198, "delta": 16.594482}}
{"target": 2.4660148011310485, "params": {"x0": 0.9, "x1": 0.9, "x2": 5.0508126210713655, "x3": 4.297089056524097, "x4": 1.3701502763254059, "x5": 8.118757957211884, "x6": 6.532391584762676, "x7": -3.4256362125361792, "x8": 1.822484848068451, "x9": 1.523372895007767}, "datetime": {"datetime": "2025-05-18 03:54:22", "elapsed": 2263.071408, "delta": 16.72221}}
{"target": 2.4681694913389256, "params": {"x0": 0.9, "x1": 0.9, "x2": 5.050740016583843, "x3": 4.296780737774214, "x4": 1.3700592049888747, "x5": 8.119605761923085, "x6": 6.506694348440337, "x7": -3.4256727364174244, "x8": 1.8221852893186772, "x9": 1.5233938126052735}, "datetime": {"datetime": "2025-05-18 03:54:39", "elapsed": 2279.73643, "delta": 16.665022}}
{"target": 2.469437133699312, "params": {"x0": 0.9, "x1": 0.9, "x2": 5.050674672545072, "x3": 4.2965032508993195, "x4": 1.3699772407859965, "x5": 8.118842737683003, "x6": 6.5079115859503425, "x7": -3.425705607910545, "x8": 1.8224548921934738, "x9": 1.523412638443029}, "datetime": {"datetime": "2025-05-18 03:54:56", "elapsed": 2296.567922, "delta": 16.831492}}
{"target": 2.4688465641758524, "params": {"x0": 0.9, "x1": 0.9, "x2": 5.051174554441667, "x3": 4.298626025492263, "x4": 1.3706042669380134, "x5": 8.118535520028445, "x6": 6.4985997189988005, "x7": -3.425454140988173, "x8": 1.8225634428246418, "x9": 1.5232686207841977}, "datetime": {"datetime": "2025-05-18 03:55:12", "elapsed": 2313.103983, "delta": 16.536061}}
{"target": 2.4674581503138087, "params": {"x0": 0.9, "x1": 0.9, "x2": 5.051124566252008, "x3": 4.298413748032969, "x4": 1.3705415643228118, "x5": 8.1185662417939, "x6": 6.51629226620673, "x7": -3.42547928768041, "x8": 1.822552587761525, "x9": 1.5232830225500809}, "datetime": {"datetime": "2025-05-18 03:55:29", "elapsed": 2329.914365, "delta": 16.810382}}
{"target": 2.4674581503138087, "params": {"x0": 0.9, "x1": 0.9, "x2": 5.051079576881314, "x3": 4.298222698319604, "x4": 1.3704851319691302, "x5": 8.118593891382812, "x6": 6.515454198181092, "x7": -3.4255019197034233, "x8": 1.8225428182047199, "x9": 1.5232959841393756}, "datetime": {"datetime": "2025-05-18 03:55:46", "elapsed": 2346.644799, "delta": 16.730434}}
{"target": 2.4681694913389256, "params": {"x0": 0.9, "x1": 0.9, "x2": 5.05103908644769, "x3": 4.298050753577575, "x4": 1.370434342850817, "x5": 8.119066699353176, "x6": 6.501123234942668, "x7": -3.4255222885241357, "x8": 1.8223757587833522, "x9": 1.5233076495697409}, "datetime": {"datetime": "2025-05-18 03:56:02", "elapsed": 2363.208141, "delta": 16.563342}}
{"target": 2.4674581503138087, "params": {"x0": 0.9, "x1": 0.9, "x2": 5.051002645057428, "x3": 4.2978960033097495, "x4": 1.3703886326443349, "x5": 8.118641172179847, "x6": 6.514021101857249, "x7": -3.4255406204627765, "x8": 1.822526112262583, "x9": 1.5233181484570697}, "datetime": {"datetime": "2025-05-18 03:56:19", "elapsed": 2379.978021, "delta": 16.76988}}
{"target": 2.4674581503138087, "params": {"x0": 0.9, "x1": 0.9, "x2": 5.050969847806193, "x3": 4.297756728068707, "x4": 1.370347493458501, "x5": 8.118661328730163, "x6": 6.513410150266559, "x7": -3.4255571192075536, "x8": 1.8225189902556722, "x9": 1.5233275974556657}, "datetime": {"datetime": "2025-05-18 03:56:36", "elapsed": 2396.749258, "delta": 16.771237}}
{"target": 2.4681694913389256, "params": {"x0": 0.9, "x1": 0.9, "x2": 5.05094033028008, "x3": 4.297631380351768, "x4": 1.3703104681912506, "x5": 8.11900600574056, "x6": 6.502962878065748, "x7": -3.4255719680778527, "x8": 1.8225125804494524, "x9": 1.523336101554402}, "datetime": {"datetime": "2025-05-18 03:56:53", "elapsed": 2413.428274, "delta": 16.679016}}
{"target": 2.4674581503138087, "params": {"x0": 0.9, "x1": 0.9, "x2": 5.050913764506579, "x3": 4.297518567406524, "x4": 1.3702771454507252, "x5": 8.118695796431203, "x6": 6.512365423046478, "x7": -3.4255853320611216, "x8": 1.8225068116238545, "x9": 1.5233437552432647}, "datetime": {"datetime": "2025-05-18 03:57:09", "elapsed": 2430.283658, "delta": 16.855384}}
{"target": 2.4674581503138087, "params": {"x0": 0.9, "x1": 0.9, "x2": 5.0508898553104284, "x3": 4.297417035755803, "x4": 1.3702471549842523, "x5": 8.118710490556383, "x6": 6.511920039336864, "x7": -3.425597359646064, "x8": 1.8225016196808164, "x9": 1.5233506435632411}, "datetime": {"datetime": "2025-05-18 03:57:26", "elapsed": 2447.016964, "delta": 16.733306}}
{"target": 2.4674581503138087, "params": {"x0": 0.9, "x1": 0.9, "x2": 5.050868337033893, "x3": 4.297325657270155, "x4": 1.3702201635644267, "x5": 8.118723715269045, "x6": 6.511519193998212, "x7": -3.425608184472512, "x8": 1.8224969469320822, "x9": 1.5233568430512199}, "datetime": {"datetime": "2025-05-18 03:57:43", "elapsed": 2463.817518, "delta": 16.800554}}
{"target": 2.4674581503138087, "params": {"x0": 0.9, "x1": 0.9, "x2": 5.050848970585011, "x3": 4.297243416633071, "x4": 1.3701958712865836, "x5": 8.11873561751044, "x6": 6.511158433193425, "x7": -3.4256179268163156, "x8": 1.8224927414582213, "x9": 1.5233624225904008}, "datetime": {"datetime": "2025-05-18 03:58:00", "elapsed": 2480.647578, "delta": 16.83006}}
{"target": 2.4681694913389256, "params": {"x0": 0.9, "x1": 0.9, "x2": 5.050831540781017, "x3": 4.297169400059696, "x4": 1.370174008236525, "x5": 8.11893914583831, "x6": 6.504989423431568, "x7": -3.425626694925738, "x8": 1.822420827855201, "x9": 1.5233674441756637}, "datetime": {"datetime": "2025-05-18 03:58:17", "elapsed": 2497.551579, "delta": 16.904001}}
{"target": 2.4674581503138087, "params": {"x0": 0.9, "x1": 0.9, "x2": 5.050815853957422, "x3": 4.297102785143658, "x4": 1.3701543314914721, "x5": 8.118755970343228, "x6": 6.510541532217239, "x7": -3.425634586224219, "x8": 1.8224855500979193, "x9": 1.5233719636024003}, "datetime": {"datetime": "2025-05-18 03:58:34", "elapsed": 2514.474082, "delta": 16.922503}}
{"target": 2.4674581503138087, "params": {"x0": 0.9, "x1": 0.9, "x2": 5.050801735816187, "x3": 4.297042831719224, "x4": 1.3701366224209246, "x5": 8.118764647077205, "x6": 6.510278537590549, "x7": -3.4256416883928518, "x8": 1.8224824843074747, "x9": 1.523376031086463}, "datetime": {"datetime": "2025-05-18 03:58:50", "elapsed": 2531.290338, "delta": 16.816256}}
{"target": 2.4674581503138087, "params": {"x0": 0.9, "x1": 0.9, "x2": 5.050789029489076, "x3": 4.2969888736372335, "x4": 1.3701206842574318, "x5": 8.118772456137785, "x6": 6.510041842426529, "x7": -3.425648080344621, "x8": 1.8224797250960747, "x9": 1.5233796918221196}, "datetime": {"datetime": "2025-05-18 03:59:07", "elapsed": 2548.136755, "delta": 16.846417}}
{"target": 2.4681694913389256, "params": {"x0": 0.9, "x1": 0.9, "x2": 5.050777593794676, "x3": 4.296940311363443, "x4": 1.3701063399102882, "x5": 8.118779484292308, "x6": 6.50982881677891, "x7": -3.4256538331012134, "x8": 1.8224772418058146, "x9": 1.5233829864842106}, "datetime": {"datetime": "2025-05-18 03:59:24", "elapsed": 2565.137272, "delta": 17.000517}}
{"target": 2.4681694913389256, "params": {"x0": 0.9, "x1": 0.9, "x2": 5.050767301669715, "x3": 4.2968966053170305, "x4": 1.370093429997859, "x5": 8.11889966573463, "x6": 6.506186078204632, "x7": -3.4256590105821463, "x8": 1.8224750068445805, "x9": 1.5233859516800925}, "datetime": {"datetime": "2025-05-18 03:59:41", "elapsed": 2581.863124, "delta": 16.725852}}
{"target": 2.4681694913389256, "params": {"x0": 0.9, "x1": 0.9, "x2": 5.050758038757251, "x3": 4.296857269875259, "x4": 1.3700818110766728, "x5": 8.118893972929468, "x6": 6.506358628979203, "x7": -3.4256636703149863, "x8": 1.8224367890074777, "x9": 1.5233886203563862}, "datetime": {"datetime": "2025-05-18 03:59:58", "elapsed": 2598.630041, "delta": 16.766917}}
{"target": 2.4681694913389256, "params": {"x0": 0.9, "x1": 0.9, "x2": 5.050749702136033, "x3": 4.296821867977665, "x4": 1.370071354047605, "x5": 8.118888849404822, "x6": 6.506513924676317, "x7": -3.425667864074542, "x8": 1.8224385993260774, "x9": 1.5233910221650504}, "datetime": {"datetime": "2025-05-18 04:00:15", "elapsed": 2615.428161, "delta": 16.79812}}
{"target": 2.4681694913389256, "params": {"x0": 0.9, "x1": 0.9, "x2": 5.050742199176937, "x3": 4.2967900062698305, "x4": 1.3700619427214442, "x5": 8.11888423823264, "x6": 6.506653690803719, "x7": -3.4256716384581423, "x8": 1.822440228612817, "x9": 1.5233931837928483}, "datetime": {"datetime": "2025-05-18 04:00:31", "elapsed": 2632.265064, "delta": 16.836903}}
{"target": 2.4681694913389256, "params": {"x0": 0.9, "x1": 0.9, "x2": 5.050735446513751, "x3": 4.29676133073278, "x4": 1.3700534725278994, "x5": 8.118880088177676, "x6": 6.506779480318381, "x7": -3.4256750354033825, "x8": 1.822468089416065, "x9": 1.5233951292578665}, "datetime": {"datetime": "2025-05-18 04:00:48", "elapsed": 2648.998634, "delta": 16.73357}}
{"target": 2.4681694913389256, "params": {"x0": 0.9, "x1": 0.9, "x2": 5.050729369116882, "x3": 4.296735522749433, "x4": 1.370045849353709, "x5": 8.1188091222378, "x6": 6.506892690881577, "x7": -3.425678092654099, "x8": 1.8224667696938057, "x9": 1.5233968801763826}, "datetime": {"datetime": "2025-05-18 04:01:05", "elapsed": 2665.904807, "delta": 16.906173}}
{"target": 2.4681694913389256, "params": {"x0": 0.9, "x1": 0.9, "x2": 5.050723899459702, "x3": 4.296712295564422, "x4": 1.370038988496938, "x5": 8.11881248378232, "x6": 6.506994580388454, "x7": -3.4256808441797433, "x8": 1.8224655819437725, "x9": 1.5233984560030474}, "datetime": {"datetime": "2025-05-18 04:01:22", "elapsed": 2682.767125, "delta": 16.862318}}
{"target": 2.4681694913389256, "params": {"x0": 0.9, "x1": 0.9, "x2": 5.0507189767682386, "x3": 4.296691391097911, "x4": 1.3700328137258437, "x5": 8.11886996619362, "x6": 6.507086280944643, "x7": -3.4256833205528237, "x8": 1.8224645129687427, "x9": 1.5233998742470456}, "datetime": {"datetime": "2025-05-18 04:01:39", "elapsed": 2699.675631, "delta": 16.908506}}
{"target": 2.4681694913389256, "params": {"x0": 0.9, "x1": 0.9, "x2": 5.0507145463459215, "x3": 4.296672577078053, "x4": 1.370027256431859, "x5": 8.118867243342558, "x6": 6.507168811445212, "x7": -3.4256855492885956, "x8": 1.8224635508912157, "x9": 1.5234011506666438}, "datetime": {"datetime": "2025-05-18 04:01:56", "elapsed": 2716.457693, "delta": 16.782062}}
{"target": 2.4681694913389256, "params": {"x0": 0.9, "x1": 0.9, "x2": 5.050710558965837, "x3": 4.296655644460179, "x4": 1.3700222548672727, "x5": 8.118864792776602, "x6": 6.507243088895726, "x7": -3.4256875551507906, "x8": 1.8224626850214416, "x9": 1.5234022994442824}, "datetime": {"datetime": "2025-05-18 04:02:13", "elapsed": 2733.578809, "delta": 17.121116}}
{"target": 2.4681694913389256, "params": {"x0": 0.9, "x1": 0.9, "x2": 5.050706970323761, "x3": 4.296640405104093, "x4": 1.3700177534591451, "x5": 8.118822888098764, "x6": 6.507309938601187, "x7": -3.425689360426766, "x8": 1.8224619057386449, "x9": 1.523403333344157}, "datetime": {"datetime": "2025-05-18 04:02:30", "elapsed": 2750.785797, "delta": 17.206988}}
{"target": 2.4681694913389256, "params": {"x0": 0.9, "x1": 0.9, "x2": 5.050703740545892, "x3": 4.296626689683616, "x4": 1.3700137021918304, "x5": 8.118824873057187, "x6": 6.507370103336103, "x7": -3.425690985175144, "x8": 1.8224612043841277, "x9": 1.5234042638540441}, "datetime": {"datetime": "2025-05-18 04:02:47", "elapsed": 2767.785347, "delta": 16.99955}}
{"target": 2.4681694913389256, "params": {"x0": 0.9, "x1": 0.9, "x2": 5.050700833745809, "x3": 4.296614345805186, "x4": 1.370010056051247, "x5": 8.118826659519769, "x6": 6.507424251597527, "x7": -3.425692447448684, "x8": 1.8224605731650623, "x9": 1.5234051013129428}, "datetime": {"datetime": "2025-05-18 04:03:04", "elapsed": 2785.001153, "delta": 17.215806}}
{"target": 2.4681694913389256, "params": {"x0": 0.9, "x1": 0.9, "x2": 5.050698217625736, "x3": 4.296603236314599, "x4": 1.370006774524722, "x5": 8.118828267336093, "x6": 6.507472985032808, "x7": -3.42569376349487, "x8": 1.8224600050679034, "x9": 1.5234058550259513}, "datetime": {"datetime": "2025-05-18 04:03:21", "elapsed": 2802.283462, "delta": 17.282309}}
{"target": 2.4681694913389256, "params": {"x0": 0.9, "x1": 0.9, "x2": 5.050695863117669, "x3": 4.296593237773072, "x4": 1.3700038211508494, "x5": 8.118829714370785, "x6": 6.507516845124562, "x7": -3.4256949479364374, "x8": 1.8224594937804606, "x9": 1.5234065333676592}, "datetime": {"datetime": "2025-05-18 04:03:38", "elapsed": 2819.32873, "delta": 17.045268}}
