{"target": 2.469437133699312, "params": {"x0": 0.9, "x1": 0.9, "x2": 5.050674672545072, "x3": 4.2965032508993195, "x4": 1.3699772407859965, "x5": 8.118842737683003, "x6": 6.507911585950343, "x7": -3.425705607910545, "x8": 1.8224548921934738, "x9": 1.523412638443029}, "datetime": {"datetime": "2025-05-18 06:32:44", "elapsed": 11764.967532, "delta": 3.929448}}
{"target": 2.469437133699312, "params": {"x0": 0.9, "x1": 0.9, "x2": 5.050674672545072, "x3": 4.2965032508993195, "x4": 1.3699772407859965, "x5": 8.118842737683003, "x6": 6.507911585950343, "x7": -3.425705607910545, "x8": 1.8224548921934738, "x9": 1.523412638443029}, "datetime": {"datetime": "2025-05-18 06:32:49", "elapsed": 11769.647824, "delta": 4.680292}}
{"target": 2.469437133699312, "params": {"x0": 0.9, "x1": 0.9, "x2": 5.050674672545072, "x3": 4.2965032508993195, "x4": 1.3699772407859965, "x5": 8.118842737683003, "x6": 6.507911585950343, "x7": -3.425705607910545, "x8": 1.8224548921934738, "x9": 1.523412638443029}, "datetime": {"datetime": "2025-05-18 06:32:53", "elapsed": 11773.617325, "delta": 3.969501}}
{"target": 2.469437133699312, "params": {"x0": 0.9, "x1": 0.9, "x2": 5.050674672545072, "x3": 4.2965032508993195, "x4": 1.3699772407859965, "x5": 8.118842737683003, "x6": 6.507911585950343, "x7": -3.425705607910545, "x8": 1.8224548921934738, "x9": 1.523412638443029}, "datetime": {"datetime": "2025-05-18 06:32:57", "elapsed": 11778.282428, "delta": 4.665103}}
{"target": 2.469437133699312, "params": {"x0": 0.9, "x1": 0.9, "x2": 5.050674672545072, "x3": 4.2965032508993195, "x4": 1.3699772407859965, "x5": 8.118842737683003, "x6": 6.507911585950343, "x7": -3.425705607910545, "x8": 1.8224548921934738, "x9": 1.523412638443029}, "datetime": {"datetime": "2025-05-18 06:33:02", "elapsed": 11782.605592, "delta": 4.323164}}
{"target": 2.469437133699312, "params": {"x0": 0.9, "x1": 0.9, "x2": 5.050674672545072, "x3": 4.2965032508993195, "x4": 1.3699772407859965, "x5": 8.118842737683003, "x6": 6.507911585950343, "x7": -3.425705607910545, "x8": 1.8224548921934738, "x9": 1.523412638443029}, "datetime": {"datetime": "2025-05-18 06:33:06", "elapsed": 11786.744883, "delta": 4.139291}}
{"target": 2.469437133699312, "params": {"x0": 0.9, "x1": 0.9, "x2": 5.050674672545072, "x3": 4.2965032508993195, "x4": 1.3699772407859965, "x5": 8.118842737683003, "x6": 6.507911585950343, "x7": -3.425705607910545, "x8": 1.8224548921934738, "x9": 1.523412638443029}, "datetime": {"datetime": "2025-05-18 06:33:11", "elapsed": 11791.558054, "delta": 4.813171}}
{"target": 2.469437133699312, "params": {"x0": 0.9, "x1": 0.9, "x2": 5.050674672545072, "x3": 4.2965032508993195, "x4": 1.3699772407859965, "x5": 8.118842737683003, "x6": 6.507911585950343, "x7": -3.425705607910545, "x8": 1.8224548921934738, "x9": 1.523412638443029}, "datetime": {"datetime": "2025-05-18 06:33:15", "elapsed": 11795.852212, "delta": 4.294158}}
{"target": 2.469437133699312, "params": {"x0": 0.9, "x1": 0.9, "x2": 5.050674672545072, "x3": 4.2965032508993195, "x4": 1.3699772407859965, "x5": 8.118842737683003, "x6": 6.507911585950343, "x7": -3.425705607910545, "x8": 1.8224548921934738, "x9": 1.523412638443029}, "datetime": {"datetime": "2025-05-18 06:33:20", "elapsed": 11800.592839, "delta": 4.740627}}
{"target": 2.469437133699312, "params": {"x0": 0.9, "x1": 0.9, "x2": 5.050674672545072, "x3": 4.2965032508993195, "x4": 1.3699772407859965, "x5": 8.118842737683003, "x6": 6.507911585950343, "x7": -3.425705607910545, "x8": 1.8224548921934738, "x9": 1.523412638443029}, "datetime": {"datetime": "2025-05-18 06:33:24", "elapsed": 11804.616445, "delta": 4.023606}}
{"target": 2.469437133699312, "params": {"x0": 0.9, "x1": 0.9, "x2": 5.050674672545072, "x3": 4.2965032508993195, "x4": 1.3699772407859965, "x5": 8.118842737683003, "x6": 6.507911585950343, "x7": -3.425705607910545, "x8": 1.8224548921934738, "x9": 1.523412638443029}, "datetime": {"datetime": "2025-05-18 06:33:27", "elapsed": 11808.327046, "delta": 3.710601}}
{"target": 2.469437133699312, "params": {"x0": 0.9, "x1": 0.9, "x2": 5.050674672545072, "x3": 4.2965032508993195, "x4": 1.3699772407859965, "x5": 8.118842737683003, "x6": 6.507911585950343, "x7": -3.425705607910545, "x8": 1.8224548921934738, "x9": 1.523412638443029}, "datetime": {"datetime": "2025-05-18 06:33:31", "elapsed": 11811.634929, "delta": 3.307883}}
{"target": 2.469437133699312, "params": {"x0": 0.9, "x1": 0.9, "x2": 5.050674672545072, "x3": 4.2965032508993195, "x4": 1.3699772407859965, "x5": 8.118842737683003, "x6": 6.507911585950343, "x7": -3.425705607910545, "x8": 1.8224548921934738, "x9": 1.523412638443029}, "datetime": {"datetime": "2025-05-18 06:33:35", "elapsed": 11815.340574, "delta": 3.705645}}
{"target": 2.469437133699312, "params": {"x0": 0.9, "x1": 0.9, "x2": 5.050674672545072, "x3": 4.2965032508993195, "x4": 1.3699772407859965, "x5": 8.118842737683003, "x6": 6.507911585950343, "x7": -3.425705607910545, "x8": 1.8224548921934738, "x9": 1.523412638443029}, "datetime": {"datetime": "2025-05-18 06:33:38", "elapsed": 11818.95741, "delta": 3.616836}}
{"target": 2.469437133699312, "params": {"x0": 0.9, "x1": 0.9, "x2": 5.050674672545072, "x3": 4.2965032508993195, "x4": 1.3699772407859965, "x5": 8.118842737683003, "x6": 6.507911585950343, "x7": -3.425705607910545, "x8": 1.8224548921934738, "x9": 1.523412638443029}, "datetime": {"datetime": "2025-05-18 06:33:43", "elapsed": 11823.605401, "delta": 4.647991}}
{"target": 2.469437133699312, "params": {"x0": 0.9, "x1": 0.9, "x2": 5.050674672545072, "x3": 4.2965032508993195, "x4": 1.3699772407859965, "x5": 8.118842737683003, "x6": 6.507911585950343, "x7": -3.425705607910545, "x8": 1.8224548921934738, "x9": 1.523412638443029}, "datetime": {"datetime": "2025-05-18 06:33:46", "elapsed": 11826.885599, "delta": 3.280198}}
{"target": 2.469437133699312, "params": {"x0": 0.9, "x1": 0.9, "x2": 5.050674672545072, "x3": 4.2965032508993195, "x4": 1.3699772407859965, "x5": 8.118842737683003, "x6": 6.507911585950343, "x7": -3.425705607910545, "x8": 1.8224548921934738, "x9": 1.523412638443029}, "datetime": {"datetime": "2025-05-18 06:33:50", "elapsed": 11831.222396, "delta": 4.336797}}
{"target": 2.469437133699312, "params": {"x0": 0.9, "x1": 0.9, "x2": 5.050674672545072, "x3": 4.2965032508993195, "x4": 1.3699772407859965, "x5": 8.118842737683003, "x6": 6.507911585950343, "x7": -3.425705607910545, "x8": 1.8224548921934738, "x9": 1.523412638443029}, "datetime": {"datetime": "2025-05-18 06:33:55", "elapsed": 11836.044059, "delta": 4.821663}}
{"target": 2.469437133699312, "params": {"x0": 0.9, "x1": 0.9, "x2": 5.050674672545072, "x3": 4.2965032508993195, "x4": 1.3699772407859965, "x5": 8.118842737683003, "x6": 6.507911585950343, "x7": -3.425705607910545, "x8": 1.8224548921934738, "x9": 1.523412638443029}, "datetime": {"datetime": "2025-05-18 06:34:01", "elapsed": 11841.469679, "delta": 5.42562}}
{"target": 2.469437133699312, "params": {"x0": 0.9, "x1": 0.9, "x2": 5.050674672545072, "x3": 4.2965032508993195, "x4": 1.3699772407859965, "x5": 8.118842737683003, "x6": 6.507911585950343, "x7": -3.425705607910545, "x8": 1.8224548921934738, "x9": 1.523412638443029}, "datetime": {"datetime": "2025-05-18 06:34:04", "elapsed": 11844.972604, "delta": 3.502925}}
{"target": 2.469437133699312, "params": {"x0": 0.9, "x1": 0.9, "x2": 5.050674672545072, "x3": 4.2965032508993195, "x4": 1.3699772407859965, "x5": 8.118842737683003, "x6": 6.507911585950343, "x7": -3.425705607910545, "x8": 1.8224548921934738, "x9": 1.523412638443029}, "datetime": {"datetime": "2025-05-18 06:34:07", "elapsed": 11848.173229, "delta": 3.200625}}
{"target": 2.469437133699312, "params": {"x0": 0.9, "x1": 0.9, "x2": 5.050674672545072, "x3": 4.2965032508993195, "x4": 1.3699772407859965, "x5": 8.118842737683003, "x6": 6.507911585950343, "x7": -3.425705607910545, "x8": 1.8224548921934738, "x9": 1.523412638443029}, "datetime": {"datetime": "2025-05-18 06:34:11", "elapsed": 11851.723786, "delta": 3.550557}}
{"target": 2.469437133699312, "params": {"x0": 0.9, "x1": 0.9, "x2": 5.050674672545072, "x3": 4.2965032508993195, "x4": 1.3699772407859965, "x5": 8.118842737683003, "x6": 6.507911585950343, "x7": -3.425705607910545, "x8": 1.8224548921934738, "x9": 1.523412638443029}, "datetime": {"datetime": "2025-05-18 06:34:16", "elapsed": 11856.530633, "delta": 4.806847}}
{"target": 2.469437133699312, "params": {"x0": 0.9, "x1": 0.9, "x2": 5.050674672545072, "x3": 4.2965032508993195, "x4": 1.3699772407859965, "x5": 8.118842737683003, "x6": 6.507911585950343, "x7": -3.425705607910545, "x8": 1.8224548921934738, "x9": 1.523412638443029}, "datetime": {"datetime": "2025-05-18 06:34:20", "elapsed": 11860.972572, "delta": 4.441939}}
{"target": 2.469437133699312, "params": {"x0": 0.9, "x1": 0.9, "x2": 5.050674672545072, "x3": 4.2965032508993195, "x4": 1.3699772407859965, "x5": 8.118842737683003, "x6": 6.507911585950343, "x7": -3.425705607910545, "x8": 1.8224548921934738, "x9": 1.523412638443029}, "datetime": {"datetime": "2025-05-18 06:34:23", "elapsed": 11864.303014, "delta": 3.330442}}
{"target": 2.469437133699312, "params": {"x0": 0.9, "x1": 0.9, "x2": 5.050674672545072, "x3": 4.2965032508993195, "x4": 1.3699772407859965, "x5": 8.118842737683003, "x6": 6.507911585950343, "x7": -3.425705607910545, "x8": 1.8224548921934738, "x9": 1.523412638443029}, "datetime": {"datetime": "2025-05-18 06:34:28", "elapsed": 11868.437094, "delta": 4.13408}}
{"target": 2.469437133699312, "params": {"x0": 0.9, "x1": 0.9, "x2": 5.050674672545072, "x3": 4.2965032508993195, "x4": 1.3699772407859965, "x5": 8.118842737683003, "x6": 6.507911585950343, "x7": -3.425705607910545, "x8": 1.8224548921934738, "x9": 1.523412638443029}, "datetime": {"datetime": "2025-05-18 06:34:33", "elapsed": 11873.717552, "delta": 5.280458}}
{"target": 2.469437133699312, "params": {"x0": 0.9, "x1": 0.9, "x2": 5.050674672545072, "x3": 4.2965032508993195, "x4": 1.3699772407859965, "x5": 8.118842737683003, "x6": 6.507911585950343, "x7": -3.425705607910545, "x8": 1.8224548921934738, "x9": 1.523412638443029}, "datetime": {"datetime": "2025-05-18 06:34:36", "elapsed": 11876.859126, "delta": 3.141574}}
{"target": 2.469437133699312, "params": {"x0": 0.9, "x1": 0.9, "x2": 5.050674672545072, "x3": 4.2965032508993195, "x4": 1.3699772407859965, "x5": 8.118842737683003, "x6": 6.507911585950343, "x7": -3.425705607910545, "x8": 1.8224548921934738, "x9": 1.523412638443029}, "datetime": {"datetime": "2025-05-18 06:34:40", "elapsed": 11880.953672, "delta": 4.094546}}
{"target": 2.469437133699312, "params": {"x0": 0.9, "x1": 0.9, "x2": 5.050674672545072, "x3": 4.2965032508993195, "x4": 1.3699772407859965, "x5": 8.118842737683003, "x6": 6.507911585950343, "x7": -3.425705607910545, "x8": 1.8224548921934738, "x9": 1.523412638443029}, "datetime": {"datetime": "2025-05-18 06:34:45", "elapsed": 11885.597552, "delta": 4.64388}}
{"target": 2.469437133699312, "params": {"x0": 0.9, "x1": 0.9, "x2": 5.050674672545072, "x3": 4.2965032508993195, "x4": 1.3699772407859965, "x5": 8.118842737683003, "x6": 6.507911585950343, "x7": -3.425705607910545, "x8": 1.8224548921934738, "x9": 1.523412638443029}, "datetime": {"datetime": "2025-05-18 06:34:50", "elapsed": 11890.348367, "delta": 4.750815}}
{"target": 2.469437133699312, "params": {"x0": 0.9, "x1": 0.9, "x2": 5.050674672545072, "x3": 4.2965032508993195, "x4": 1.3699772407859965, "x5": 8.118842737683003, "x6": 6.507911585950343, "x7": -3.425705607910545, "x8": 1.8224548921934738, "x9": 1.523412638443029}, "datetime": {"datetime": "2025-05-18 06:34:55", "elapsed": 11895.512162, "delta": 5.163795}}
{"target": 2.469437133699312, "params": {"x0": 0.9, "x1": 0.9, "x2": 5.050674672545072, "x3": 4.2965032508993195, "x4": 1.3699772407859965, "x5": 8.118842737683003, "x6": 6.507911585950343, "x7": -3.425705607910545, "x8": 1.8224548921934738, "x9": 1.523412638443029}, "datetime": {"datetime": "2025-05-18 06:34:59", "elapsed": 11899.457976, "delta": 3.945814}}
{"target": 2.469437133699312, "params": {"x0": 0.9, "x1": 0.9, "x2": 5.050674672545072, "x3": 4.2965032508993195, "x4": 1.3699772407859965, "x5": 8.118842737683003, "x6": 6.507911585950343, "x7": -3.425705607910545, "x8": 1.8224548921934738, "x9": 1.523412638443029}, "datetime": {"datetime": "2025-05-18 06:35:02", "elapsed": 11903.227782, "delta": 3.769806}}
{"target": 2.469437133699312, "params": {"x0": 0.9, "x1": 0.9, "x2": 5.050674672545072, "x3": 4.2965032508993195, "x4": 1.3699772407859965, "x5": 8.118842737683003, "x6": 6.507911585950343, "x7": -3.425705607910545, "x8": 1.8224548921934738, "x9": 1.523412638443029}, "datetime": {"datetime": "2025-05-18 06:35:07", "elapsed": 11907.601577, "delta": 4.373795}}
{"target": 2.469437133699312, "params": {"x0": 0.9, "x1": 0.9, "x2": 5.050674672545072, "x3": 4.2965032508993195, "x4": 1.3699772407859965, "x5": 8.118842737683003, "x6": 6.507911585950343, "x7": -3.425705607910545, "x8": 1.8224548921934738, "x9": 1.523412638443029}, "datetime": {"datetime": "2025-05-18 06:35:10", "elapsed": 11911.305389, "delta": 3.703812}}
{"target": 2.469437133699312, "params": {"x0": 0.9, "x1": 0.9, "x2": 5.050674672545072, "x3": 4.2965032508993195, "x4": 1.3699772407859965, "x5": 8.118842737683003, "x6": 6.507911585950343, "x7": -3.425705607910545, "x8": 1.8224548921934738, "x9": 1.523412638443029}, "datetime": {"datetime": "2025-05-18 06:35:15", "elapsed": 11915.450137, "delta": 4.144748}}
{"target": 2.469437133699312, "params": {"x0": 0.9, "x1": 0.9, "x2": 5.050674672545072, "x3": 4.2965032508993195, "x4": 1.3699772407859965, "x5": 8.118842737683003, "x6": 6.507911585950343, "x7": -3.425705607910545, "x8": 1.8224548921934738, "x9": 1.523412638443029}, "datetime": {"datetime": "2025-05-18 06:35:19", "elapsed": 11919.907916, "delta": 4.457779}}
{"target": 2.469437133699312, "params": {"x0": 0.9, "x1": 0.9, "x2": 5.050674672545072, "x3": 4.2965032508993195, "x4": 1.3699772407859965, "x5": 8.118842737683003, "x6": 6.507911585950343, "x7": -3.425705607910545, "x8": 1.8224548921934738, "x9": 1.523412638443029}, "datetime": {"datetime": "2025-05-18 06:35:23", "elapsed": 11924.172002, "delta": 4.264086}}
{"target": 2.469437133699312, "params": {"x0": 0.9, "x1": 0.9, "x2": 5.050674672545072, "x3": 4.2965032508993195, "x4": 1.3699772407859965, "x5": 8.118842737683003, "x6": 6.507911585950343, "x7": -3.425705607910545, "x8": 1.8224548921934738, "x9": 1.523412638443029}, "datetime": {"datetime": "2025-05-18 06:35:27", "elapsed": 11928.014152, "delta": 3.84215}}
{"target": 2.469437133699312, "params": {"x0": 0.9, "x1": 0.9, "x2": 5.050674672545072, "x3": 4.2965032508993195, "x4": 1.3699772407859965, "x5": 8.118842737683003, "x6": 6.507911585950343, "x7": -3.425705607910545, "x8": 1.8224548921934738, "x9": 1.523412638443029}, "datetime": {"datetime": "2025-05-18 06:35:31", "elapsed": 11932.043941, "delta": 4.029789}}
{"target": 2.469437133699312, "params": {"x0": 0.9, "x1": 0.9, "x2": 5.050674672545072, "x3": 4.2965032508993195, "x4": 1.3699772407859965, "x5": 8.118842737683003, "x6": 6.507911585950343, "x7": -3.425705607910545, "x8": 1.8224548921934738, "x9": 1.523412638443029}, "datetime": {"datetime": "2025-05-18 06:35:35", "elapsed": 11935.353257, "delta": 3.309316}}
{"target": 2.469437133699312, "params": {"x0": 0.9, "x1": 0.9, "x2": 5.050674672545072, "x3": 4.2965032508993195, "x4": 1.3699772407859965, "x5": 8.118842737683003, "x6": 6.507911585950343, "x7": -3.425705607910545, "x8": 1.8224548921934738, "x9": 1.523412638443029}, "datetime": {"datetime": "2025-05-18 06:35:40", "elapsed": 11940.426975, "delta": 5.073718}}
{"target": 2.469437133699312, "params": {"x0": 0.9, "x1": 0.9, "x2": 5.050674672545072, "x3": 4.2965032508993195, "x4": 1.3699772407859965, "x5": 8.118842737683003, "x6": 6.507911585950343, "x7": -3.425705607910545, "x8": 1.8224548921934738, "x9": 1.523412638443029}, "datetime": {"datetime": "2025-05-18 06:35:44", "elapsed": 11944.882462, "delta": 4.455487}}
{"target": 2.469437133699312, "params": {"x0": 0.9, "x1": 0.9, "x2": 5.050674672545072, "x3": 4.2965032508993195, "x4": 1.3699772407859965, "x5": 8.118842737683003, "x6": 6.507911585950343, "x7": -3.425705607910545, "x8": 1.8224548921934738, "x9": 1.523412638443029}, "datetime": {"datetime": "2025-05-18 06:35:49", "elapsed": 11949.698843, "delta": 4.816381}}
{"target": 2.469437133699312, "params": {"x0": 0.9, "x1": 0.9, "x2": 5.050674672545072, "x3": 4.2965032508993195, "x4": 1.3699772407859965, "x5": 8.118842737683003, "x6": 6.507911585950343, "x7": -3.425705607910545, "x8": 1.8224548921934738, "x9": 1.523412638443029}, "datetime": {"datetime": "2025-05-18 06:35:53", "elapsed": 11954.009697, "delta": 4.310854}}
{"target": 2.469437133699312, "params": {"x0": 0.9, "x1": 0.9, "x2": 5.050674672545072, "x3": 4.2965032508993195, "x4": 1.3699772407859965, "x5": 8.118842737683003, "x6": 6.507911585950343, "x7": -3.425705607910545, "x8": 1.8224548921934738, "x9": 1.523412638443029}, "datetime": {"datetime": "2025-05-18 06:35:57", "elapsed": 11957.858111, "delta": 3.848414}}
{"target": 2.469437133699312, "params": {"x0": 0.9, "x1": 0.9, "x2": 5.050674672545072, "x3": 4.2965032508993195, "x4": 1.3699772407859965, "x5": 8.118842737683003, "x6": 6.507911585950343, "x7": -3.425705607910545, "x8": 1.8224548921934738, "x9": 1.523412638443029}, "datetime": {"datetime": "2025-05-18 06:36:01", "elapsed": 11961.535625, "delta": 3.677514}}
{"target": 2.469437133699312, "params": {"x0": 0.9, "x1": 0.9, "x2": 5.050674672545072, "x3": 4.2965032508993195, "x4": 1.3699772407859965, "x5": 8.118842737683003, "x6": 6.507911585950343, "x7": -3.425705607910545, "x8": 1.8224548921934738, "x9": 1.523412638443029}, "datetime": {"datetime": "2025-05-18 06:36:04", "elapsed": 11965.088221, "delta": 3.552596}}
{"target": 2.469437133699312, "params": {"x0": 0.9, "x1": 0.9, "x2": 5.050674672545072, "x3": 4.2965032508993195, "x4": 1.3699772407859965, "x5": 8.118842737683003, "x6": 6.507911585950343, "x7": -3.425705607910545, "x8": 1.8224548921934738, "x9": 1.523412638443029}, "datetime": {"datetime": "2025-05-18 06:36:08", "elapsed": 11968.659226, "delta": 3.571005}}
{"target": 2.469437133699312, "params": {"x0": 0.9, "x1": 0.9, "x2": 5.050674672545072, "x3": 4.2965032508993195, "x4": 1.3699772407859965, "x5": 8.118842737683003, "x6": 6.507911585950343, "x7": -3.425705607910545, "x8": 1.8224548921934738, "x9": 1.523412638443029}, "datetime": {"datetime": "2025-05-18 06:36:12", "elapsed": 11973.207501, "delta": 4.548275}}
{"target": 2.469437133699312, "params": {"x0": 0.9, "x1": 0.9, "x2": 5.050674672545072, "x3": 4.2965032508993195, "x4": 1.3699772407859965, "x5": 8.118842737683003, "x6": 6.507911585950343, "x7": -3.425705607910545, "x8": 1.8224548921934738, "x9": 1.523412638443029}, "datetime": {"datetime": "2025-05-18 06:36:17", "elapsed": 11977.509715, "delta": 4.302214}}
{"target": 2.469437133699312, "params": {"x0": 0.9, "x1": 0.9, "x2": 5.050674672545072, "x3": 4.2965032508993195, "x4": 1.3699772407859965, "x5": 8.118842737683003, "x6": 6.507911585950343, "x7": -3.425705607910545, "x8": 1.8224548921934738, "x9": 1.523412638443029}, "datetime": {"datetime": "2025-05-18 06:36:20", "elapsed": 11980.837908, "delta": 3.328193}}
{"target": 2.469437133699312, "params": {"x0": 0.9, "x1": 0.9, "x2": 5.050674672545072, "x3": 4.2965032508993195, "x4": 1.3699772407859965, "x5": 8.118842737683003, "x6": 6.507911585950343, "x7": -3.425705607910545, "x8": 1.8224548921934738, "x9": 1.523412638443029}, "datetime": {"datetime": "2025-05-18 06:36:24", "elapsed": 11984.685242, "delta": 3.847334}}
{"target": 2.469437133699312, "params": {"x0": 0.9, "x1": 0.9, "x2": 5.050674672545072, "x3": 4.2965032508993195, "x4": 1.3699772407859965, "x5": 8.118842737683003, "x6": 6.507911585950343, "x7": -3.425705607910545, "x8": 1.8224548921934738, "x9": 1.523412638443029}, "datetime": {"datetime": "2025-05-18 06:36:28", "elapsed": 11988.735059, "delta": 4.049817}}
{"target": 2.469437133699312, "params": {"x0": 0.9, "x1": 0.9, "x2": 5.050674672545072, "x3": 4.2965032508993195, "x4": 1.3699772407859965, "x5": 8.118842737683003, "x6": 6.507911585950343, "x7": -3.425705607910545, "x8": 1.8224548921934738, "x9": 1.523412638443029}, "datetime": {"datetime": "2025-05-18 06:36:33", "elapsed": 11993.462909, "delta": 4.72785}}
{"target": 2.469437133699312, "params": {"x0": 0.9, "x1": 0.9, "x2": 5.050674672545072, "x3": 4.2965032508993195, "x4": 1.3699772407859965, "x5": 8.118842737683003, "x6": 6.507911585950343, "x7": -3.425705607910545, "x8": 1.8224548921934738, "x9": 1.523412638443029}, "datetime": {"datetime": "2025-05-18 06:36:37", "elapsed": 11997.832618, "delta": 4.369709}}
{"target": 2.469437133699312, "params": {"x0": 0.9, "x1": 0.9, "x2": 5.050674672545072, "x3": 4.2965032508993195, "x4": 1.3699772407859965, "x5": 8.118842737683003, "x6": 6.507911585950343, "x7": -3.425705607910545, "x8": 1.8224548921934738, "x9": 1.523412638443029}, "datetime": {"datetime": "2025-05-18 06:36:41", "elapsed": 12002.001449, "delta": 4.168831}}
{"target": 2.469437133699312, "params": {"x0": 0.9, "x1": 0.9, "x2": 5.050674672545072, "x3": 4.2965032508993195, "x4": 1.3699772407859965, "x5": 8.118842737683003, "x6": 6.507911585950343, "x7": -3.425705607910545, "x8": 1.8224548921934738, "x9": 1.523412638443029}, "datetime": {"datetime": "2025-05-18 06:36:46", "elapsed": 12006.526845, "delta": 4.525396}}
{"target": 2.469437133699312, "params": {"x0": 0.9, "x1": 0.9, "x2": 5.050674672545072, "x3": 4.2965032508993195, "x4": 1.3699772407859965, "x5": 8.118842737683003, "x6": 6.507911585950343, "x7": -3.425705607910545, "x8": 1.8224548921934738, "x9": 1.523412638443029}, "datetime": {"datetime": "2025-05-18 06:36:50", "elapsed": 12010.983984, "delta": 4.457139}}
