{"target": 2.469437133699312, "params": {"x0": 0.9, "x1": 0.9, "x2": 5.050674672545072, "x3": 4.2965032508993195, "x4": 1.3699772407859965, "x5": 8.118842737683003, "x6": 6.507911585950343, "x7": -3.425705607910545, "x8": 1.8224548921934738, "x9": 1.523412638443029}, "datetime": {"datetime": "2025-05-18 05:39:57", "elapsed": 8597.762716, "delta": 3.761465}}
{"target": 2.469437133699312, "params": {"x0": 0.9, "x1": 0.9, "x2": 5.050674672545072, "x3": 4.2965032508993195, "x4": 1.3699772407859965, "x5": 8.118842737683003, "x6": 6.507911585950343, "x7": -3.425705607910545, "x8": 1.8224548921934738, "x9": 1.523412638443029}, "datetime": {"datetime": "2025-05-18 05:40:02", "elapsed": 8602.381483, "delta": 4.618767}}
{"target": 2.469437133699312, "params": {"x0": 0.9, "x1": 0.9, "x2": 5.050674672545072, "x3": 4.2965032508993195, "x4": 1.3699772407859965, "x5": 8.118842737683003, "x6": 6.507911585950343, "x7": -3.425705607910545, "x8": 1.8224548921934738, "x9": 1.523412638443029}, "datetime": {"datetime": "2025-05-18 05:40:06", "elapsed": 8606.397807, "delta": 4.016324}}
{"target": 2.469437133699312, "params": {"x0": 0.9, "x1": 0.9, "x2": 5.050674672545072, "x3": 4.2965032508993195, "x4": 1.3699772407859965, "x5": 8.118842737683003, "x6": 6.507911585950343, "x7": -3.425705607910545, "x8": 1.8224548921934738, "x9": 1.523412638443029}, "datetime": {"datetime": "2025-05-18 05:40:10", "elapsed": 8610.343773, "delta": 3.945966}}
{"target": 2.469437133699312, "params": {"x0": 0.9, "x1": 0.9, "x2": 5.050674672545072, "x3": 4.2965032508993195, "x4": 1.3699772407859965, "x5": 8.118842737683003, "x6": 6.507911585950343, "x7": -3.425705607910545, "x8": 1.8224548921934738, "x9": 1.523412638443029}, "datetime": {"datetime": "2025-05-18 05:40:13", "elapsed": 8613.999683, "delta": 3.65591}}
{"target": 2.469437133699312, "params": {"x0": 0.9, "x1": 0.9, "x2": 5.050674672545072, "x3": 4.2965032508993195, "x4": 1.3699772407859965, "x5": 8.118842737683003, "x6": 6.507911585950343, "x7": -3.425705607910545, "x8": 1.8224548921934738, "x9": 1.523412638443029}, "datetime": {"datetime": "2025-05-18 05:40:17", "elapsed": 8617.501036, "delta": 3.501353}}
{"target": 2.469437133699312, "params": {"x0": 0.9, "x1": 0.9, "x2": 5.050674672545072, "x3": 4.2965032508993195, "x4": 1.3699772407859965, "x5": 8.118842737683003, "x6": 6.507911585950343, "x7": -3.425705607910545, "x8": 1.8224548921934738, "x9": 1.523412638443029}, "datetime": {"datetime": "2025-05-18 05:40:21", "elapsed": 8621.607894, "delta": 4.106858}}
{"target": 2.469437133699312, "params": {"x0": 0.9, "x1": 0.9, "x2": 5.050674672545072, "x3": 4.2965032508993195, "x4": 1.3699772407859965, "x5": 8.118842737683003, "x6": 6.507911585950343, "x7": -3.425705607910545, "x8": 1.8224548921934738, "x9": 1.523412638443029}, "datetime": {"datetime": "2025-05-18 05:40:25", "elapsed": 8625.913003, "delta": 4.305109}}
{"target": 2.469437133699312, "params": {"x0": 0.9, "x1": 0.9, "x2": 5.050674672545072, "x3": 4.2965032508993195, "x4": 1.3699772407859965, "x5": 8.118842737683003, "x6": 6.507911585950343, "x7": -3.425705607910545, "x8": 1.8224548921934738, "x9": 1.523412638443029}, "datetime": {"datetime": "2025-05-18 05:40:29", "elapsed": 8630.007112, "delta": 4.094109}}
{"target": 2.469437133699312, "params": {"x0": 0.9, "x1": 0.9, "x2": 5.050674672545072, "x3": 4.2965032508993195, "x4": 1.3699772407859965, "x5": 8.118842737683003, "x6": 6.507911585950343, "x7": -3.425705607910545, "x8": 1.8224548921934738, "x9": 1.523412638443029}, "datetime": {"datetime": "2025-05-18 05:40:34", "elapsed": 8635.137839, "delta": 5.130727}}
{"target": 2.469437133699312, "params": {"x0": 0.9, "x1": 0.9, "x2": 5.050674672545072, "x3": 4.2965032508993195, "x4": 1.3699772407859965, "x5": 8.118842737683003, "x6": 6.507911585950343, "x7": -3.425705607910545, "x8": 1.8224548921934738, "x9": 1.523412638443029}, "datetime": {"datetime": "2025-05-18 05:40:38", "elapsed": 8639.124787, "delta": 3.986948}}
{"target": 2.469437133699312, "params": {"x0": 0.9, "x1": 0.9, "x2": 5.050674672545072, "x3": 4.2965032508993195, "x4": 1.3699772407859965, "x5": 8.118842737683003, "x6": 6.507911585950343, "x7": -3.425705607910545, "x8": 1.8224548921934738, "x9": 1.523412638443029}, "datetime": {"datetime": "2025-05-18 05:40:44", "elapsed": 8644.660372, "delta": 5.535585}}
{"target": 2.469437133699312, "params": {"x0": 0.9, "x1": 0.9, "x2": 5.050674672545072, "x3": 4.2965032508993195, "x4": 1.3699772407859965, "x5": 8.118842737683003, "x6": 6.507911585950343, "x7": -3.425705607910545, "x8": 1.8224548921934738, "x9": 1.523412638443029}, "datetime": {"datetime": "2025-05-18 05:40:49", "elapsed": 8649.73319, "delta": 5.072818}}
{"target": 2.469437133699312, "params": {"x0": 0.9, "x1": 0.9, "x2": 5.050674672545072, "x3": 4.2965032508993195, "x4": 1.3699772407859965, "x5": 8.118842737683003, "x6": 6.507911585950343, "x7": -3.425705607910545, "x8": 1.8224548921934738, "x9": 1.523412638443029}, "datetime": {"datetime": "2025-05-18 05:40:53", "elapsed": 8653.814781, "delta": 4.081591}}
{"target": 2.469437133699312, "params": {"x0": 0.9, "x1": 0.9, "x2": 5.050674672545072, "x3": 4.2965032508993195, "x4": 1.3699772407859965, "x5": 8.118842737683003, "x6": 6.507911585950343, "x7": -3.425705607910545, "x8": 1.8224548921934738, "x9": 1.523412638443029}, "datetime": {"datetime": "2025-05-18 05:40:57", "elapsed": 8657.98347, "delta": 4.168689}}
{"target": 2.469437133699312, "params": {"x0": 0.9, "x1": 0.9, "x2": 5.050674672545072, "x3": 4.2965032508993195, "x4": 1.3699772407859965, "x5": 8.118842737683003, "x6": 6.507911585950343, "x7": -3.425705607910545, "x8": 1.8224548921934738, "x9": 1.523412638443029}, "datetime": {"datetime": "2025-05-18 05:41:01", "elapsed": 8661.508451, "delta": 3.524981}}
{"target": 2.469437133699312, "params": {"x0": 0.9, "x1": 0.9, "x2": 5.050674672545072, "x3": 4.2965032508993195, "x4": 1.3699772407859965, "x5": 8.118842737683003, "x6": 6.507911585950343, "x7": -3.425705607910545, "x8": 1.8224548921934738, "x9": 1.523412638443029}, "datetime": {"datetime": "2025-05-18 05:41:06", "elapsed": 8666.819048, "delta": 5.310597}}
{"target": 2.469437133699312, "params": {"x0": 0.9, "x1": 0.9, "x2": 5.050674672545072, "x3": 4.2965032508993195, "x4": 1.3699772407859965, "x5": 8.118842737683003, "x6": 6.507911585950343, "x7": -3.425705607910545, "x8": 1.8224548921934738, "x9": 1.523412638443029}, "datetime": {"datetime": "2025-05-18 05:41:09", "elapsed": 8669.601196, "delta": 2.782148}}
{"target": 2.469437133699312, "params": {"x0": 0.9, "x1": 0.9, "x2": 5.050674672545072, "x3": 4.2965032508993195, "x4": 1.3699772407859965, "x5": 8.118842737683003, "x6": 6.507911585950343, "x7": -3.425705607910545, "x8": 1.8224548921934738, "x9": 1.523412638443029}, "datetime": {"datetime": "2025-05-18 05:41:12", "elapsed": 8672.668899, "delta": 3.067703}}
{"target": 2.469437133699312, "params": {"x0": 0.9, "x1": 0.9, "x2": 5.050674672545072, "x3": 4.2965032508993195, "x4": 1.3699772407859965, "x5": 8.118842737683003, "x6": 6.507911585950343, "x7": -3.425705607910545, "x8": 1.8224548921934738, "x9": 1.523412638443029}, "datetime": {"datetime": "2025-05-18 05:41:15", "elapsed": 8675.962553, "delta": 3.293654}}
{"target": 2.469437133699312, "params": {"x0": 0.9, "x1": 0.9, "x2": 5.050674672545072, "x3": 4.2965032508993195, "x4": 1.3699772407859965, "x5": 8.118842737683003, "x6": 6.507911585950343, "x7": -3.425705607910545, "x8": 1.8224548921934738, "x9": 1.523412638443029}, "datetime": {"datetime": "2025-05-18 05:41:19", "elapsed": 8679.982925, "delta": 4.020372}}
{"target": 2.469437133699312, "params": {"x0": 0.9, "x1": 0.9, "x2": 5.050674672545072, "x3": 4.2965032508993195, "x4": 1.3699772407859965, "x5": 8.118842737683003, "x6": 6.507911585950343, "x7": -3.425705607910545, "x8": 1.8224548921934738, "x9": 1.523412638443029}, "datetime": {"datetime": "2025-05-18 05:41:23", "elapsed": 8683.64163, "delta": 3.658705}}
{"target": 2.469437133699312, "params": {"x0": 0.9, "x1": 0.9, "x2": 5.050674672545072, "x3": 4.2965032508993195, "x4": 1.3699772407859965, "x5": 8.118842737683003, "x6": 6.507911585950343, "x7": -3.425705607910545, "x8": 1.8224548921934738, "x9": 1.523412638443029}, "datetime": {"datetime": "2025-05-18 05:41:26", "elapsed": 8687.016407, "delta": 3.374777}}
{"target": 2.469437133699312, "params": {"x0": 0.9, "x1": 0.9, "x2": 5.050674672545072, "x3": 4.2965032508993195, "x4": 1.3699772407859965, "x5": 8.118842737683003, "x6": 6.507911585950343, "x7": -3.425705607910545, "x8": 1.8224548921934738, "x9": 1.523412638443029}, "datetime": {"datetime": "2025-05-18 05:41:30", "elapsed": 8690.928652, "delta": 3.912245}}
{"target": 2.469437133699312, "params": {"x0": 0.9, "x1": 0.9, "x2": 5.050674672545072, "x3": 4.2965032508993195, "x4": 1.3699772407859965, "x5": 8.118842737683003, "x6": 6.507911585950343, "x7": -3.425705607910545, "x8": 1.8224548921934738, "x9": 1.523412638443029}, "datetime": {"datetime": "2025-05-18 05:41:35", "elapsed": 8695.886112, "delta": 4.95746}}
{"target": 2.469437133699312, "params": {"x0": 0.9, "x1": 0.9, "x2": 5.050674672545072, "x3": 4.2965032508993195, "x4": 1.3699772407859965, "x5": 8.118842737683003, "x6": 6.507911585950343, "x7": -3.425705607910545, "x8": 1.8224548921934738, "x9": 1.523412638443029}, "datetime": {"datetime": "2025-05-18 05:41:38", "elapsed": 8699.084614, "delta": 3.198502}}
{"target": 2.469437133699312, "params": {"x0": 0.9, "x1": 0.9, "x2": 5.050674672545072, "x3": 4.2965032508993195, "x4": 1.3699772407859965, "x5": 8.118842737683003, "x6": 6.507911585950343, "x7": -3.425705607910545, "x8": 1.8224548921934738, "x9": 1.523412638443029}, "datetime": {"datetime": "2025-05-18 05:41:43", "elapsed": 8703.352237, "delta": 4.267623}}
{"target": 2.469437133699312, "params": {"x0": 0.9, "x1": 0.9, "x2": 5.050674672545072, "x3": 4.2965032508993195, "x4": 1.3699772407859965, "x5": 8.118842737683003, "x6": 6.507911585950343, "x7": -3.425705607910545, "x8": 1.8224548921934738, "x9": 1.523412638443029}, "datetime": {"datetime": "2025-05-18 05:41:46", "elapsed": 8706.725657, "delta": 3.37342}}
{"target": 2.469437133699312, "params": {"x0": 0.9, "x1": 0.9, "x2": 5.050674672545072, "x3": 4.2965032508993195, "x4": 1.3699772407859965, "x5": 8.118842737683003, "x6": 6.507911585950343, "x7": -3.425705607910545, "x8": 1.8224548921934738, "x9": 1.523412638443029}, "datetime": {"datetime": "2025-05-18 05:41:51", "elapsed": 8711.591048, "delta": 4.865391}}
{"target": 2.469437133699312, "params": {"x0": 0.9, "x1": 0.9, "x2": 5.050674672545072, "x3": 4.2965032508993195, "x4": 1.3699772407859965, "x5": 8.118842737683003, "x6": 6.507911585950343, "x7": -3.425705607910545, "x8": 1.8224548921934738, "x9": 1.523412638443029}, "datetime": {"datetime": "2025-05-18 05:41:54", "elapsed": 8715.051653, "delta": 3.460605}}
{"target": 2.469437133699312, "params": {"x0": 0.9, "x1": 0.9, "x2": 5.050674672545072, "x3": 4.2965032508993195, "x4": 1.3699772407859965, "x5": 8.118842737683003, "x6": 6.507911585950343, "x7": -3.425705607910545, "x8": 1.8224548921934738, "x9": 1.523412638443029}, "datetime": {"datetime": "2025-05-18 05:41:58", "elapsed": 8718.607039, "delta": 3.555386}}
{"target": 2.469437133699312, "params": {"x0": 0.9, "x1": 0.9, "x2": 5.050674672545072, "x3": 4.2965032508993195, "x4": 1.3699772407859965, "x5": 8.118842737683003, "x6": 6.507911585950343, "x7": -3.425705607910545, "x8": 1.8224548921934738, "x9": 1.523412638443029}, "datetime": {"datetime": "2025-05-18 05:42:01", "elapsed": 8721.700325, "delta": 3.093286}}
{"target": 2.469437133699312, "params": {"x0": 0.9, "x1": 0.9, "x2": 5.050674672545072, "x3": 4.2965032508993195, "x4": 1.3699772407859965, "x5": 8.118842737683003, "x6": 6.507911585950343, "x7": -3.425705607910545, "x8": 1.8224548921934738, "x9": 1.523412638443029}, "datetime": {"datetime": "2025-05-18 05:42:06", "elapsed": 8726.736555, "delta": 5.03623}}
{"target": 2.469437133699312, "params": {"x0": 0.9, "x1": 0.9, "x2": 5.050674672545072, "x3": 4.2965032508993195, "x4": 1.3699772407859965, "x5": 8.118842737683003, "x6": 6.507911585950343, "x7": -3.425705607910545, "x8": 1.8224548921934738, "x9": 1.523412638443029}, "datetime": {"datetime": "2025-05-18 05:42:10", "elapsed": 8730.576855, "delta": 3.8403}}
{"target": 2.469437133699312, "params": {"x0": 0.9, "x1": 0.9, "x2": 5.050674672545072, "x3": 4.2965032508993195, "x4": 1.3699772407859965, "x5": 8.118842737683003, "x6": 6.507911585950343, "x7": -3.425705607910545, "x8": 1.8224548921934738, "x9": 1.523412638443029}, "datetime": {"datetime": "2025-05-18 05:42:14", "elapsed": 8735.156588, "delta": 4.579733}}
{"target": 2.469437133699312, "params": {"x0": 0.9, "x1": 0.9, "x2": 5.050674672545072, "x3": 4.2965032508993195, "x4": 1.3699772407859965, "x5": 8.118842737683003, "x6": 6.507911585950343, "x7": -3.425705607910545, "x8": 1.8224548921934738, "x9": 1.523412638443029}, "datetime": {"datetime": "2025-05-18 05:42:18", "elapsed": 8738.655806, "delta": 3.499218}}
{"target": 2.469437133699312, "params": {"x0": 0.9, "x1": 0.9, "x2": 5.050674672545072, "x3": 4.2965032508993195, "x4": 1.3699772407859965, "x5": 8.118842737683003, "x6": 6.507911585950343, "x7": -3.425705607910545, "x8": 1.8224548921934738, "x9": 1.523412638443029}, "datetime": {"datetime": "2025-05-18 05:42:22", "elapsed": 8742.811735, "delta": 4.155929}}
{"target": 2.469437133699312, "params": {"x0": 0.9, "x1": 0.9, "x2": 5.050674672545072, "x3": 4.2965032508993195, "x4": 1.3699772407859965, "x5": 8.118842737683003, "x6": 6.507911585950343, "x7": -3.425705607910545, "x8": 1.8224548921934738, "x9": 1.523412638443029}, "datetime": {"datetime": "2025-05-18 05:42:25", "elapsed": 8745.936739, "delta": 3.125004}}
{"target": 2.469437133699312, "params": {"x0": 0.9, "x1": 0.9, "x2": 5.050674672545072, "x3": 4.2965032508993195, "x4": 1.3699772407859965, "x5": 8.118842737683003, "x6": 6.507911585950343, "x7": -3.425705607910545, "x8": 1.8224548921934738, "x9": 1.523412638443029}, "datetime": {"datetime": "2025-05-18 05:42:30", "elapsed": 8750.449585, "delta": 4.512846}}
{"target": 2.469437133699312, "params": {"x0": 0.9, "x1": 0.9, "x2": 5.050674672545072, "x3": 4.2965032508993195, "x4": 1.3699772407859965, "x5": 8.118842737683003, "x6": 6.507911585950343, "x7": -3.425705607910545, "x8": 1.8224548921934738, "x9": 1.523412638443029}, "datetime": {"datetime": "2025-05-18 05:42:34", "elapsed": 8754.335003, "delta": 3.885418}}
{"target": 2.469437133699312, "params": {"x0": 0.9, "x1": 0.9, "x2": 5.050674672545072, "x3": 4.2965032508993195, "x4": 1.3699772407859965, "x5": 8.118842737683003, "x6": 6.507911585950343, "x7": -3.425705607910545, "x8": 1.8224548921934738, "x9": 1.523412638443029}, "datetime": {"datetime": "2025-05-18 05:42:38", "elapsed": 8758.632104, "delta": 4.297101}}
{"target": 2.469437133699312, "params": {"x0": 0.9, "x1": 0.9, "x2": 5.050674672545072, "x3": 4.2965032508993195, "x4": 1.3699772407859965, "x5": 8.118842737683003, "x6": 6.507911585950343, "x7": -3.425705607910545, "x8": 1.8224548921934738, "x9": 1.523412638443029}, "datetime": {"datetime": "2025-05-18 05:42:42", "elapsed": 8762.987545, "delta": 4.355441}}
{"target": 2.469437133699312, "params": {"x0": 0.9, "x1": 0.9, "x2": 5.050674672545072, "x3": 4.2965032508993195, "x4": 1.3699772407859965, "x5": 8.118842737683003, "x6": 6.507911585950343, "x7": -3.425705607910545, "x8": 1.8224548921934738, "x9": 1.523412638443029}, "datetime": {"datetime": "2025-05-18 05:42:47", "elapsed": 8767.640227, "delta": 4.652682}}
{"target": 2.469437133699312, "params": {"x0": 0.9, "x1": 0.9, "x2": 5.050674672545072, "x3": 4.2965032508993195, "x4": 1.3699772407859965, "x5": 8.118842737683003, "x6": 6.507911585950343, "x7": -3.425705607910545, "x8": 1.8224548921934738, "x9": 1.523412638443029}, "datetime": {"datetime": "2025-05-18 05:42:51", "elapsed": 8772.204791, "delta": 4.564564}}
{"target": 2.469437133699312, "params": {"x0": 0.9, "x1": 0.9, "x2": 5.050674672545072, "x3": 4.2965032508993195, "x4": 1.3699772407859965, "x5": 8.118842737683003, "x6": 6.507911585950343, "x7": -3.425705607910545, "x8": 1.8224548921934738, "x9": 1.523412638443029}, "datetime": {"datetime": "2025-05-18 05:42:56", "elapsed": 8776.516049, "delta": 4.311258}}
{"target": 2.469437133699312, "params": {"x0": 0.9, "x1": 0.9, "x2": 5.050674672545072, "x3": 4.2965032508993195, "x4": 1.3699772407859965, "x5": 8.118842737683003, "x6": 6.507911585950343, "x7": -3.425705607910545, "x8": 1.8224548921934738, "x9": 1.523412638443029}, "datetime": {"datetime": "2025-05-18 05:43:00", "elapsed": 8780.6594, "delta": 4.143351}}
{"target": 2.469437133699312, "params": {"x0": 0.9, "x1": 0.9, "x2": 5.050674672545072, "x3": 4.2965032508993195, "x4": 1.3699772407859965, "x5": 8.118842737683003, "x6": 6.507911585950343, "x7": -3.425705607910545, "x8": 1.8224548921934738, "x9": 1.523412638443029}, "datetime": {"datetime": "2025-05-18 05:43:04", "elapsed": 8784.599539, "delta": 3.940139}}
{"target": 2.469437133699312, "params": {"x0": 0.9, "x1": 0.9, "x2": 5.050674672545072, "x3": 4.2965032508993195, "x4": 1.3699772407859965, "x5": 8.118842737683003, "x6": 6.507911585950343, "x7": -3.425705607910545, "x8": 1.8224548921934738, "x9": 1.523412638443029}, "datetime": {"datetime": "2025-05-18 05:43:08", "elapsed": 8789.112652, "delta": 4.513113}}
{"target": 2.469437133699312, "params": {"x0": 0.9, "x1": 0.9, "x2": 5.050674672545072, "x3": 4.2965032508993195, "x4": 1.3699772407859965, "x5": 8.118842737683003, "x6": 6.507911585950343, "x7": -3.425705607910545, "x8": 1.8224548921934738, "x9": 1.523412638443029}, "datetime": {"datetime": "2025-05-18 05:43:13", "elapsed": 8793.574763, "delta": 4.462111}}
{"target": 2.469437133699312, "params": {"x0": 0.9, "x1": 0.9, "x2": 5.050674672545072, "x3": 4.2965032508993195, "x4": 1.3699772407859965, "x5": 8.118842737683003, "x6": 6.507911585950343, "x7": -3.425705607910545, "x8": 1.8224548921934738, "x9": 1.523412638443029}, "datetime": {"datetime": "2025-05-18 05:43:17", "elapsed": 8797.464934, "delta": 3.890171}}
{"target": 2.469437133699312, "params": {"x0": 0.9, "x1": 0.9, "x2": 5.050674672545072, "x3": 4.2965032508993195, "x4": 1.3699772407859965, "x5": 8.118842737683003, "x6": 6.507911585950343, "x7": -3.425705607910545, "x8": 1.8224548921934738, "x9": 1.523412638443029}, "datetime": {"datetime": "2025-05-18 05:43:21", "elapsed": 8801.875558, "delta": 4.410624}}
{"target": 2.469437133699312, "params": {"x0": 0.9, "x1": 0.9, "x2": 5.050674672545072, "x3": 4.2965032508993195, "x4": 1.3699772407859965, "x5": 8.118842737683003, "x6": 6.507911585950343, "x7": -3.425705607910545, "x8": 1.8224548921934738, "x9": 1.523412638443029}, "datetime": {"datetime": "2025-05-18 05:43:24", "elapsed": 8804.886343, "delta": 3.010785}}
{"target": 2.469437133699312, "params": {"x0": 0.9, "x1": 0.9, "x2": 5.050674672545072, "x3": 4.2965032508993195, "x4": 1.3699772407859965, "x5": 8.118842737683003, "x6": 6.507911585950343, "x7": -3.425705607910545, "x8": 1.8224548921934738, "x9": 1.523412638443029}, "datetime": {"datetime": "2025-05-18 05:43:28", "elapsed": 8808.426357, "delta": 3.540014}}
{"target": 2.469437133699312, "params": {"x0": 0.9, "x1": 0.9, "x2": 5.050674672545072, "x3": 4.2965032508993195, "x4": 1.3699772407859965, "x5": 8.118842737683003, "x6": 6.507911585950343, "x7": -3.425705607910545, "x8": 1.8224548921934738, "x9": 1.523412638443029}, "datetime": {"datetime": "2025-05-18 05:43:33", "elapsed": 8813.681874, "delta": 5.255517}}
{"target": 2.469437133699312, "params": {"x0": 0.9, "x1": 0.9, "x2": 5.050674672545072, "x3": 4.2965032508993195, "x4": 1.3699772407859965, "x5": 8.118842737683003, "x6": 6.507911585950343, "x7": -3.425705607910545, "x8": 1.8224548921934738, "x9": 1.523412638443029}, "datetime": {"datetime": "2025-05-18 05:43:38", "elapsed": 8818.592183, "delta": 4.910309}}
{"target": 2.469437133699312, "params": {"x0": 0.9, "x1": 0.9, "x2": 5.050674672545072, "x3": 4.2965032508993195, "x4": 1.3699772407859965, "x5": 8.118842737683003, "x6": 6.507911585950343, "x7": -3.425705607910545, "x8": 1.8224548921934738, "x9": 1.523412638443029}, "datetime": {"datetime": "2025-05-18 05:43:43", "elapsed": 8823.754504, "delta": 5.162321}}
{"target": 2.469437133699312, "params": {"x0": 0.9, "x1": 0.9, "x2": 5.050674672545072, "x3": 4.2965032508993195, "x4": 1.3699772407859965, "x5": 8.118842737683003, "x6": 6.507911585950343, "x7": -3.425705607910545, "x8": 1.8224548921934738, "x9": 1.523412638443029}, "datetime": {"datetime": "2025-05-18 05:43:47", "elapsed": 8827.839219, "delta": 4.084715}}
{"target": 2.469437133699312, "params": {"x0": 0.9, "x1": 0.9, "x2": 5.050674672545072, "x3": 4.2965032508993195, "x4": 1.3699772407859965, "x5": 8.118842737683003, "x6": 6.507911585950343, "x7": -3.425705607910545, "x8": 1.8224548921934738, "x9": 1.523412638443029}, "datetime": {"datetime": "2025-05-18 05:43:50", "elapsed": 8831.326828, "delta": 3.487609}}
{"target": 2.469437133699312, "params": {"x0": 0.9, "x1": 0.9, "x2": 5.050674672545072, "x3": 4.2965032508993195, "x4": 1.3699772407859965, "x5": 8.118842737683003, "x6": 6.507911585950343, "x7": -3.425705607910545, "x8": 1.8224548921934738, "x9": 1.523412638443029}, "datetime": {"datetime": "2025-05-18 05:43:54", "elapsed": 8834.337853, "delta": 3.011025}}
{"target": 2.469437133699312, "params": {"x0": 0.9, "x1": 0.9, "x2": 5.050674672545072, "x3": 4.2965032508993195, "x4": 1.3699772407859965, "x5": 8.118842737683003, "x6": 6.507911585950343, "x7": -3.425705607910545, "x8": 1.8224548921934738, "x9": 1.523412638443029}, "datetime": {"datetime": "2025-05-18 05:43:57", "elapsed": 8837.659978, "delta": 3.322125}}
{"target": 2.469437133699312, "params": {"x0": 0.9, "x1": 0.9, "x2": 5.050674672545072, "x3": 4.2965032508993195, "x4": 1.3699772407859965, "x5": 8.118842737683003, "x6": 6.507911585950343, "x7": -3.425705607910545, "x8": 1.8224548921934738, "x9": 1.523412638443029}, "datetime": {"datetime": "2025-05-18 05:44:01", "elapsed": 8841.717262, "delta": 4.057284}}
