{"target": 2.469437133699312, "params": {"x0": 0.9000000000001233, "x1": 0.9000000000049698, "x2": 5.05067467264547, "x3": 4.296503251339562, "x4": 1.3699772407626118, "x5": 8.118842737646606, "x6": 6.5079115843697855, "x7": -3.425705607863687, "x8": 1.8224548921806665, "x9": 1.5234126384274713}, "datetime": {"datetime": "2025-05-18 04:37:41", "elapsed": 4861.36489, "delta": 18.683851}}
{"target": 2.469437133699312, "params": {"x0": 0.9000000000000682, "x1": 0.9000000000030502, "x2": 5.050674672478413, "x3": 4.296503251292829, "x4": 1.369977240881163, "x5": 8.118842737695601, "x6": 6.507911584230053, "x7": -3.4257056078633803, "x8": 1.822454892212721, "x9": 1.5234126384357092}, "datetime": {"datetime": "2025-05-18 04:37:59", "elapsed": 4879.502979, "delta": 18.138089}}
{"target": 2.469437133699312, "params": {"x0": 0.9000000000001503, "x1": 0.9000000000052425, "x2": 5.050674672615048, "x3": 4.296503251244737, "x4": 1.3699772408390147, "x5": 8.118842737713441, "x6": 6.50791158445402, "x7": -3.4257056078783408, "x8": 1.8224548922088257, "x9": 1.5234126384286546}, "datetime": {"datetime": "2025-05-18 04:38:17", "elapsed": 4897.949159, "delta": 18.44618}}
{"target": 2.469437133699312, "params": {"x0": 0.900000000000084, "x1": 0.9000000000032811, "x2": 5.050674672581056, "x3": 4.296503251214244, "x4": 1.369977240822621, "x5": 8.118842737719834, "x6": 6.507911584707528, "x7": -3.4257056078803094, "x8": 1.8224548921915498, "x9": 1.5234126384341375}, "datetime": {"datetime": "2025-05-18 04:38:35", "elapsed": 4915.986573, "delta": 18.037414}}
{"target": 2.469437133699312, "params": {"x0": 0.9000000000000016, "x1": 0.9000000000135167, "x2": 5.050674672607846, "x3": 4.296503251183924, "x4": 1.369977240830619, "x5": 8.118842737683885, "x6": 6.507911584767368, "x7": -3.4257056079381436, "x8": 1.8224548922014967, "x9": 1.5234126384462652}, "datetime": {"datetime": "2025-05-18 04:38:53", "elapsed": 4933.98191, "delta": 17.995337}}
{"target": 2.469437133699312, "params": {"x0": 0.9000000000000999, "x1": 0.9000000000135109, "x2": 5.050674672558579, "x3": 4.29650325115789, "x4": 1.3699772408501598, "x5": 8.118842737710168, "x6": 6.507911585035376, "x7": -3.425705607911255, "x8": 1.8224548922064532, "x9": 1.5234126384316862}, "datetime": {"datetime": "2025-05-18 04:39:11", "elapsed": 4952.323315, "delta": 18.341405}}
{"target": 2.469437133699312, "params": {"x0": 0.9000000000000623, "x1": 0.9000000000045062, "x2": 5.05067467260018, "x3": 4.296503251126823, "x4": 1.369977240759017, "x5": 8.118842737675536, "x6": 6.507911584991584, "x7": -3.425705607915804, "x8": 1.8224548921887682, "x9": 1.5234126384293591}, "datetime": {"datetime": "2025-05-18 04:39:30", "elapsed": 4970.539504, "delta": 18.216189}}
{"target": 2.469437133699312, "params": {"x0": 0.900000000000046, "x1": 0.9000000000019956, "x2": 5.050674672498238, "x3": 4.2965032511098356, "x4": 1.369977240843661, "x5": 8.118842737682623, "x6": 6.507911585022267, "x7": -3.4257056079082027, "x8": 1.8224548922013637, "x9": 1.5234126384425963}, "datetime": {"datetime": "2025-05-18 04:39:48", "elapsed": 4988.416113, "delta": 17.876609}}
{"target": 2.469437133699312, "params": {"x0": 0.9000000000000395, "x1": 0.9000000000072114, "x2": 5.050674672514369, "x3": 4.296503251089254, "x4": 1.3699772408394124, "x5": 8.118842737680732, "x6": 6.507911585134158, "x7": -3.425705607908679, "x8": 1.8224548921919959, "x9": 1.5234126384536715}, "datetime": {"datetime": "2025-05-18 04:40:06", "elapsed": 5007.24811, "delta": 18.831997}}
{"target": 2.469437133699312, "params": {"x0": 0.9000000000000783, "x1": 0.9000000000075553, "x2": 5.0506746725673395, "x3": 4.296503251067854, "x4": 1.369977240811708, "x5": 8.118842737662336, "x6": 6.507911585508585, "x7": -3.4257056079068064, "x8": 1.8224548921927708, "x9": 1.523412638452699}, "datetime": {"datetime": "2025-05-18 04:40:25", "elapsed": 5025.362547, "delta": 18.114437}}
{"target": 2.469437133699312, "params": {"x0": 0.9000000000000005, "x1": 0.9000000000056168, "x2": 5.050674672548289, "x3": 4.296503251052401, "x4": 1.3699772407532602, "x5": 8.118842737672159, "x6": 6.507911585440699, "x7": -3.4257056079153116, "x8": 1.8224548921926655, "x9": 1.5234126384485658}, "datetime": {"datetime": "2025-05-18 04:40:43", "elapsed": 5043.655703, "delta": 18.293156}}
{"target": 2.469437133699312, "params": {"x0": 0.9000000000000146, "x1": 0.900000000002804, "x2": 5.050674672549243, "x3": 4.296503251035577, "x4": 1.369977240819136, "x5": 8.118842737663142, "x6": 6.507911585366344, "x7": -3.4257056079004937, "x8": 1.8224548921906671, "x9": 1.523412638440509}, "datetime": {"datetime": "2025-05-18 04:41:01", "elapsed": 5062.059246, "delta": 18.403543}}
{"target": 2.469437133699312, "params": {"x0": 0.90000000000005, "x1": 0.9000000000013628, "x2": 5.050674672538934, "x3": 4.296503251019274, "x4": 1.3699772407786348, "x5": 8.11884273768739, "x6": 6.50791158551915, "x7": -3.425705607903907, "x8": 1.8224548921919161, "x9": 1.5234126384384719}, "datetime": {"datetime": "2025-05-18 04:41:20", "elapsed": 5080.926369, "delta": 18.867123}}
{"target": 2.469437133699312, "params": {"x0": 0.9000000000000475, "x1": 0.9000000000013177, "x2": 5.050674672540834, "x3": 4.2965032510088985, "x4": 1.3699772408142765, "x5": 8.11884273769193, "x6": 6.507911585464385, "x7": -3.4257056079229455, "x8": 1.822454892198084, "x9": 1.5234126384390236}, "datetime": {"datetime": "2025-05-18 04:41:39", "elapsed": 5099.589671, "delta": 18.663302}}
{"target": 2.469437133699312, "params": {"x0": 0.9000000000000348, "x1": 0.9000000000043046, "x2": 5.05067467252916, "x3": 4.296503250999486, "x4": 1.3699772407957695, "x5": 8.118842737683135, "x6": 6.507911585514428, "x7": -3.4257056079105785, "x8": 1.8224548921939725, "x9": 1.5234126384485804}, "datetime": {"datetime": "2025-05-18 04:41:58", "elapsed": 5118.505663, "delta": 18.915992}}
{"target": 2.469437133699312, "params": {"x0": 0.9000000000000009, "x1": 0.9000000000001602, "x2": 5.050674672557072, "x3": 4.296503250984232, "x4": 1.3699772408046527, "x5": 8.118842737681492, "x6": 6.507911585602591, "x7": -3.4257056079068176, "x8": 1.8224548921890824, "x9": 1.5234126384415845}, "datetime": {"datetime": "2025-05-18 04:42:16", "elapsed": 5136.757584, "delta": 18.251921}}
{"target": 2.469437133699312, "params": {"x0": 0.9000000000000113, "x1": 0.9000000000043739, "x2": 5.050674672564295, "x3": 4.296503250978704, "x4": 1.369977240767255, "x5": 8.118842737684664, "x6": 6.507911585602415, "x7": -3.4257056079124326, "x8": 1.822454892197219, "x9": 1.5234126384470659}, "datetime": {"datetime": "2025-05-18 04:42:35", "elapsed": 5155.628525, "delta": 18.870941}}
{"target": 2.469437133699312, "params": {"x0": 0.9000000000000309, "x1": 0.9000000000011553, "x2": 5.050674672544126, "x3": 4.296503250968102, "x4": 1.3699772407806163, "x5": 8.11884273767522, "x6": 6.50791158567695, "x7": -3.4257056079100394, "x8": 1.8224548921931718, "x9": 1.5234126384393216}, "datetime": {"datetime": "2025-05-18 04:42:53", "elapsed": 5173.922349, "delta": 18.293824}}
{"target": 2.469437133699312, "params": {"x0": 0.9000000000000048, "x1": 0.900000000003566, "x2": 5.05067467255489, "x3": 4.296503250963716, "x4": 1.3699772407810198, "x5": 8.118842737676419, "x6": 6.507911585689197, "x7": -3.425705607908007, "x8": 1.822454892193363, "x9": 1.5234126384439586}, "datetime": {"datetime": "2025-05-18 04:43:11", "elapsed": 5192.317866, "delta": 18.395517}}
{"target": 2.469437133699312, "params": {"x0": 0.9000000000000028, "x1": 0.9000000000016698, "x2": 5.05067467254565, "x3": 4.296503250957843, "x4": 1.3699772407877362, "x5": 8.118842737684679, "x6": 6.507911585688978, "x7": -3.4257056079085375, "x8": 1.8224548921954968, "x9": 1.5234126384413125}, "datetime": {"datetime": "2025-05-18 04:43:30", "elapsed": 5211.222525, "delta": 18.904659}}
{"target": 2.469437133699312, "params": {"x0": 0.9000000000000187, "x1": 0.9000000000012067, "x2": 5.050674672548814, "x3": 4.2965032509527825, "x4": 1.3699772407763058, "x5": 8.11884273768095, "x6": 6.507911585734867, "x7": -3.425705607916006, "x8": 1.8224548921921535, "x9": 1.5234126384395854}, "datetime": {"datetime": "2025-05-18 04:43:49", "elapsed": 5229.695787, "delta": 18.473262}}
{"target": 2.469437133699312, "params": {"x0": 0.9000000000000029, "x1": 0.9000000000005965, "x2": 5.050674672545412, "x3": 4.296503250942014, "x4": 1.3699772407822035, "x5": 8.118842737680474, "x6": 6.507911585885781, "x7": -3.4257056079143595, "x8": 1.8224548921910388, "x9": 1.52341263844236}, "datetime": {"datetime": "2025-05-18 04:44:07", "elapsed": 5247.869626, "delta": 18.173839}}
{"target": 2.469437133699312, "params": {"x0": 0.9000000000000172, "x1": 0.9000000000010238, "x2": 5.05067467254616, "x3": 4.296503250941874, "x4": 1.3699772407956263, "x5": 8.11884273768635, "x6": 6.507911585988811, "x7": -3.4257056079132147, "x8": 1.8224548921931276, "x9": 1.5234126384429942}, "datetime": {"datetime": "2025-05-18 04:44:26", "elapsed": 5266.404365, "delta": 18.534739}}
{"target": 2.469437133699312, "params": {"x0": 0.9000000000000173, "x1": 0.9000000000004045, "x2": 5.0506746725361165, "x3": 4.29650325093251, "x4": 1.3699772407864788, "x5": 8.118842737684012, "x6": 6.507911586062146, "x7": -3.4257056079124237, "x8": 1.8224548921933632, "x9": 1.5234126384448154}, "datetime": {"datetime": "2025-05-18 04:44:44", "elapsed": 5285.230535, "delta": 18.82617}}
{"target": 2.469437133699312, "params": {"x0": 0.900000000000009, "x1": 0.9000000000011622, "x2": 5.0506746725502465, "x3": 4.296503250934405, "x4": 1.3699772407940578, "x5": 8.118842737680325, "x6": 6.507911585808854, "x7": -3.4257056079072177, "x8": 1.8224548921917476, "x9": 1.5234126384428306}, "datetime": {"datetime": "2025-05-18 04:45:03", "elapsed": 5303.568946, "delta": 18.338411}}
{"target": 2.469437133699312, "params": {"x0": 0.9000000000000058, "x1": 0.9000000000008904, "x2": 5.0506746725385385, "x3": 4.296503250930017, "x4": 1.369977240785265, "x5": 8.118842737680678, "x6": 6.5079115858179435, "x7": -3.42570560791286, "x8": 1.822454892193476, "x9": 1.523412638441203}, "datetime": {"datetime": "2025-05-18 04:45:22", "elapsed": 5322.825391, "delta": 19.256445}}
{"target": 2.469437133699312, "params": {"x0": 0.900000000000012, "x1": 0.900000000001287, "x2": 5.050674672549253, "x3": 4.296503250926427, "x4": 1.3699772407898858, "x5": 8.118842737681002, "x6": 6.507911585900862, "x7": -3.4257056079138057, "x8": 1.822454892194599, "x9": 1.5234126384430686}, "datetime": {"datetime": "2025-05-18 04:45:40", "elapsed": 5341.205013, "delta": 18.379622}}
{"target": 2.469437133699312, "params": {"x0": 0.9000000000000082, "x1": 0.9000000000014515, "x2": 5.050674672546174, "x3": 4.2965032509194305, "x4": 1.3699772407930875, "x5": 8.11884273768602, "x6": 6.507911585846057, "x7": -3.4257056079104315, "x8": 1.822454892194388, "x9": 1.5234126384426474}, "datetime": {"datetime": "2025-05-18 04:45:59", "elapsed": 5360.146029, "delta": 18.941016}}
{"target": 2.469437133699312, "params": {"x0": 0.9000000000000065, "x1": 0.9000000000004774, "x2": 5.050674672546597, "x3": 4.296503250920823, "x4": 1.3699772407887152, "x5": 8.118842737683186, "x6": 6.50791158591037, "x7": -3.425705607912636, "x8": 1.8224548921945722, "x9": 1.52341263844358}, "datetime": {"datetime": "2025-05-18 04:46:18", "elapsed": 5379.079455, "delta": 18.933426}}
{"target": 2.469437133699312, "params": {"x0": 0.900000000000001, "x1": 0.9000000000008341, "x2": 5.05067467254332, "x3": 4.296503250917003, "x4": 1.3699772407855428, "x5": 8.118842737681423, "x6": 6.507911585861282, "x7": -3.4257056079115507, "x8": 1.8224548921940091, "x9": 1.523412638443412}, "datetime": {"datetime": "2025-05-18 04:46:37", "elapsed": 5398.070766, "delta": 18.991311}}
{"target": 2.469437133699312, "params": {"x0": 0.9000000000000055, "x1": 0.9000000000011208, "x2": 5.050674672546313, "x3": 4.296503250910109, "x4": 1.3699772407899429, "x5": 8.118842737681584, "x6": 6.507911585926472, "x7": -3.4257056079091757, "x8": 1.8224548921934018, "x9": 1.5234126384423876}, "datetime": {"datetime": "2025-05-18 04:46:56", "elapsed": 5417.087131, "delta": 19.016365}}
{"target": 2.469437133699312, "params": {"x0": 0.9000000000000028, "x1": 0.9000000000010054, "x2": 5.050674672546115, "x3": 4.296503250915289, "x4": 1.3699772407901938, "x5": 8.118842737683938, "x6": 6.50791158590282, "x7": -3.4257056079109782, "x8": 1.8224548921939605, "x9": 1.5234126384428979}, "datetime": {"datetime": "2025-05-18 04:47:15", "elapsed": 5435.512148, "delta": 18.425017}}
{"target": 2.469437133699312, "params": {"x0": 0.9000000000000028, "x1": 0.9000000000007818, "x2": 5.050674672542495, "x3": 4.2965032509129575, "x4": 1.3699772407872377, "x5": 8.118842737681202, "x6": 6.507911585907134, "x7": -3.425705607912341, "x8": 1.8224548921942287, "x9": 1.5234126384430762}, "datetime": {"datetime": "2025-05-18 04:47:34", "elapsed": 5454.337427, "delta": 18.825279}}
{"target": 2.469437133699312, "params": {"x0": 0.9000000000000018, "x1": 0.9000000000007654, "x2": 5.050674672546689, "x3": 4.296503250912495, "x4": 1.369977240784146, "x5": 8.118842737684195, "x6": 6.507911585923864, "x7": -3.4257056079103334, "x8": 1.8224548921935668, "x9": 1.5234126384427005}, "datetime": {"datetime": "2025-05-18 04:47:52", "elapsed": 5473.062214, "delta": 18.724787}}
{"target": 2.469437133699312, "params": {"x0": 0.9000000000000005, "x1": 0.9000000000001751, "x2": 5.050674672546425, "x3": 4.296503250910499, "x4": 1.3699772407824935, "x5": 8.118842737682549, "x6": 6.50791158593991, "x7": -3.4257056079114316, "x8": 1.8224548921933215, "x9": 1.52341263844311}, "datetime": {"datetime": "2025-05-18 04:48:10", "elapsed": 5491.33016, "delta": 18.267946}}
{"target": 2.469437133699312, "params": {"x0": 0.9000000000000037, "x1": 0.9000000000002952, "x2": 5.050674672543739, "x3": 4.296503250909842, "x4": 1.3699772407830528, "x5": 8.118842737683783, "x6": 6.507911585986276, "x7": -3.4257056079097428, "x8": 1.8224548921939805, "x9": 1.5234126384424664}, "datetime": {"datetime": "2025-05-18 04:48:29", "elapsed": 5510.074127, "delta": 18.743967}}
{"target": 2.469437133699312, "params": {"x0": 0.9000000000000009, "x1": 0.9000000000001814, "x2": 5.050674672546985, "x3": 4.2965032509058005, "x4": 1.3699772407861657, "x5": 8.118842737683932, "x6": 6.507911585947051, "x7": -3.4257056079106425, "x8": 1.822454892193475, "x9": 1.5234126384435296}, "datetime": {"datetime": "2025-05-18 04:48:48", "elapsed": 5528.918749, "delta": 18.844622}}
{"target": 2.469437133699312, "params": {"x0": 0.9000000000000041, "x1": 0.9000000000004971, "x2": 5.050674672546318, "x3": 4.296503250903352, "x4": 1.3699772407862947, "x5": 8.118842737681705, "x6": 6.50791158591629, "x7": -3.42570560790987, "x8": 1.8224548921932238, "x9": 1.5234126384433342}, "datetime": {"datetime": "2025-05-18 04:49:07", "elapsed": 5547.684683, "delta": 18.765934}}
{"target": 2.469437133699312, "params": {"x0": 0.9000000000000008, "x1": 0.9000000000002389, "x2": 5.0506746725443366, "x3": 4.296503250906674, "x4": 1.3699772407858581, "x5": 8.118842737683941, "x6": 6.507911585936801, "x7": -3.4257056079108157, "x8": 1.8224548921930785, "x9": 1.5234126384434437}, "datetime": {"datetime": "2025-05-18 04:49:26", "elapsed": 5566.915564, "delta": 19.230881}}
{"target": 2.469437133699312, "params": {"x0": 0.9000000000000032, "x1": 0.9000000000003873, "x2": 5.050674672544629, "x3": 4.2965032509048315, "x4": 1.3699772407866997, "x5": 8.118842737682488, "x6": 6.5079115859755445, "x7": -3.4257056079102606, "x8": 1.8224548921932695, "x9": 1.523412638442991}, "datetime": {"datetime": "2025-05-18 04:49:45", "elapsed": 5585.951589, "delta": 19.036025}}
{"target": 2.469437133699312, "params": {"x0": 0.9000000000000025, "x1": 0.9000000000000261, "x2": 5.050674672543535, "x3": 4.296503250901822, "x4": 1.3699772407870767, "x5": 8.11884273768251, "x6": 6.507911585938025, "x7": -3.4257056079105412, "x8": 1.8224548921933665, "x9": 1.5234126384429194}, "datetime": {"datetime": "2025-05-18 04:50:03", "elapsed": 5604.328691, "delta": 18.377102}}
{"target": 2.469437133699312, "params": {"x0": 0.9000000000000002, "x1": 0.9000000000002603, "x2": 5.050674672544792, "x3": 4.296503250904196, "x4": 1.3699772407867348, "x5": 8.118842737683023, "x6": 6.507911585967205, "x7": -3.4257056079101402, "x8": 1.8224548921933523, "x9": 1.5234126384432003}, "datetime": {"datetime": "2025-05-18 04:50:22", "elapsed": 5622.679848, "delta": 18.351157}}
{"target": 2.469437133699312, "params": {"x0": 0.9000000000000026, "x1": 0.9000000000002449, "x2": 5.050674672544506, "x3": 4.29650325090252, "x4": 1.3699772407875568, "x5": 8.11884273768269, "x6": 6.507911585960192, "x7": -3.4257056079110955, "x8": 1.8224548921933807, "x9": 1.5234126384431856}, "datetime": {"datetime": "2025-05-18 04:50:41", "elapsed": 5641.736999, "delta": 19.057151}}
{"target": 2.469437133699312, "params": {"x0": 0.9000000000000011, "x1": 0.9000000000002808, "x2": 5.050674672544549, "x3": 4.296503250900819, "x4": 1.3699772407853237, "x5": 8.11884273768279, "x6": 6.507911585931931, "x7": -3.4257056079108534, "x8": 1.8224548921936212, "x9": 1.523412638443228}, "datetime": {"datetime": "2025-05-18 04:51:00", "elapsed": 5661.032248, "delta": 19.295249}}
{"target": 2.469437133699312, "params": {"x0": 0.9000000000000018, "x1": 0.9000000000000726, "x2": 5.050674672545683, "x3": 4.2965032509036085, "x4": 1.3699772407867379, "x5": 8.118842737682916, "x6": 6.507911585933346, "x7": -3.4257056079106802, "x8": 1.8224548921933845, "x9": 1.5234126384427527}, "datetime": {"datetime": "2025-05-18 04:51:19", "elapsed": 5680.030814, "delta": 18.998566}}
{"target": 2.469437133699312, "params": {"x0": 0.9000000000000008, "x1": 0.9000000000001037, "x2": 5.0506746725448055, "x3": 4.296503250900541, "x4": 1.3699772407866788, "x5": 8.118842737683405, "x6": 6.507911585941719, "x7": -3.42570560791024, "x8": 1.8224548921934856, "x9": 1.5234126384430864}, "datetime": {"datetime": "2025-05-18 04:51:38", "elapsed": 5698.923326, "delta": 18.892512}}
{"target": 2.469437133699312, "params": {"x0": 0.9000000000000001, "x1": 0.9000000000000925, "x2": 5.050674672545426, "x3": 4.296503250899536, "x4": 1.3699772407852107, "x5": 8.118842737682526, "x6": 6.507911585963348, "x7": -3.425705607910899, "x8": 1.8224548921936223, "x9": 1.5234126384431808}, "datetime": {"datetime": "2025-05-18 04:51:57", "elapsed": 5717.440822, "delta": 18.517496}}
{"target": 2.469437133699312, "params": {"x0": 0.9000000000000001, "x1": 0.9000000000000296, "x2": 5.050674672544838, "x3": 4.296503250900373, "x4": 1.369977240786295, "x5": 8.118842737683257, "x6": 6.507911585941606, "x7": -3.4257056079103787, "x8": 1.8224548921934278, "x9": 1.5234126384428333}, "datetime": {"datetime": "2025-05-18 04:52:16", "elapsed": 5737.025953, "delta": 19.585131}}
{"target": 2.469437133699312, "params": {"x0": 0.9000000000000002, "x1": 0.9000000000000482, "x2": 5.050674672544794, "x3": 4.296503250901488, "x4": 1.369977240786146, "x5": 8.118842737683105, "x6": 6.507911585944916, "x7": -3.425705607910788, "x8": 1.8224548921935244, "x9": 1.5234126384431255}, "datetime": {"datetime": "2025-05-18 04:52:35", "elapsed": 5755.351328, "delta": 18.325375}}
{"target": 2.469437133699312, "params": {"x0": 0.9000000000000005, "x1": 0.9000000000000897, "x2": 5.050674672545402, "x3": 4.296503250901258, "x4": 1.3699772407865007, "x5": 8.118842737683094, "x6": 6.507911585955379, "x7": -3.4257056079108126, "x8": 1.8224548921934849, "x9": 1.523412638442983}, "datetime": {"datetime": "2025-05-18 04:52:53", "elapsed": 5773.875344, "delta": 18.524016}}
{"target": 2.469437133699312, "params": {"x0": 0.9, "x1": 0.9000000000000922, "x2": 5.050674672544753, "x3": 4.296503250900858, "x4": 1.3699772407860298, "x5": 8.118842737683117, "x6": 6.507911585959288, "x7": -3.4257056079104635, "x8": 1.8224548921935808, "x9": 1.5234126384429612}, "datetime": {"datetime": "2025-05-18 04:53:12", "elapsed": 5792.365535, "delta": 18.490191}}
{"target": 2.469437133699312, "params": {"x0": 0.9000000000000004, "x1": 0.9000000000000188, "x2": 5.050674672545188, "x3": 4.2965032508982395, "x4": 1.369977240785828, "x5": 8.118842737682833, "x6": 6.507911585953347, "x7": -3.4257056079103294, "x8": 1.8224548921934003, "x9": 1.5234126384430318}, "datetime": {"datetime": "2025-05-18 04:53:31", "elapsed": 5811.406817, "delta": 19.041282}}
{"target": 2.469437133699312, "params": {"x0": 0.9000000000000001, "x1": 0.9000000000000472, "x2": 5.050674672544946, "x3": 4.296503250898852, "x4": 1.369977240786254, "x5": 8.118842737683199, "x6": 6.507911585944795, "x7": -3.4257056079103867, "x8": 1.822454892193427, "x9": 1.5234126384431101}, "datetime": {"datetime": "2025-05-18 04:53:50", "elapsed": 5830.439985, "delta": 19.033168}}
{"target": 2.469437133699312, "params": {"x0": 0.9000000000000002, "x1": 0.9000000000000297, "x2": 5.050674672544783, "x3": 4.296503250900224, "x4": 1.3699772407856288, "x5": 8.118842737683053, "x6": 6.507911585946958, "x7": -3.4257056079103765, "x8": 1.822454892193401, "x9": 1.52341263844296}, "datetime": {"datetime": "2025-05-18 04:54:08", "elapsed": 5848.974157, "delta": 18.534172}}
{"target": 2.469437133699312, "params": {"x0": 0.9000000000000006, "x1": 0.9000000000000207, "x2": 5.050674672545417, "x3": 4.296503250899179, "x4": 1.369977240786167, "x5": 8.118842737683039, "x6": 6.5079115859555605, "x7": -3.425705607910527, "x8": 1.8224548921935135, "x9": 1.5234126384430506}, "datetime": {"datetime": "2025-05-18 04:54:27", "elapsed": 5867.50653, "delta": 18.532373}}
{"target": 2.469437133699312, "params": {"x0": 0.9000000000000002, "x1": 0.9000000000000141, "x2": 5.0506746725452345, "x3": 4.2965032508999865, "x4": 1.3699772407860598, "x5": 8.118842737682936, "x6": 6.507911585955969, "x7": -3.4257056079105137, "x8": 1.8224548921935113, "x9": 1.5234126384430164}, "datetime": {"datetime": "2025-05-18 04:54:46", "elapsed": 5886.340788, "delta": 18.834258}}
