{"target": 1.3355818859012005, "params": {"x0": 0.9294040883401581, "x1": 1.4367853876019672, "x2": 5.287585091281037, "x3": 3.9714655275562802, "x4": 1.1184801874389363, "x5": 11.684091782499596, "x6": 11.841232881109283, "x7": -1.7889953001885115, "x8": 1.5111640343648673, "x9": 1.2298319043759849}, "datetime": {"datetime": "2025-05-18 03:31:00", "elapsed": 861.221485, "delta": 18.371913}}
{"target": 1.1592210071608706, "params": {"x0": 1.0161197776832838, "x1": 1.380738831935274, "x2": 5.275643141965391, "x3": 3.6946480514419378, "x4": 1.3502100165420314, "x5": 11.51116252719454, "x6": 11.838814592174229, "x7": -1.271467434115193, "x8": 0.951403712202883, "x9": 1.1357647030978852}, "datetime": {"datetime": "2025-05-18 03:31:19", "elapsed": 879.594947, "delta": 18.373462}}
{"target": 1.3429077519095018, "params": {"x0": 0.9055384347791846, "x1": 0.9239347947110591, "x2": 5.265626761323014, "x3": 3.855785193541575, "x4": 1.405313134176841, "x5": 11.901723554343121, "x6": 11.283425774579635, "x7": -1.5033071412001715, "x8": 1.6815685047968283, "x9": 1.0697944220934115}, "datetime": {"datetime": "2025-05-18 03:31:37", "elapsed": 897.717586, "delta": 18.122639}}
{"target": 0.9051316988930467, "params": {"x0": 1.0059681203982063, "x1": 0.9934224237663227, "x2": 5.241994976686972, "x3": 4.33409630583114, "x4": 1.0288146372097633, "x5": 11.788765875707176, "x6": 11.219072314137037, "x7": -1.9250655252036282, "x8": 1.0209807597523146, "x9": 1.0}, "datetime": {"datetime": "2025-05-18 03:31:55", "elapsed": 915.668979, "delta": 17.951393}}
{"target": 0.9066669766092985, "params": {"x0": 0.9150795530214998, "x1": 0.9, "x2": 5.228918376118415, "x3": 3.2687934632693434, "x4": 1.6424455507791338, "x5": 11.372930166888725, "x6": 11.796413808817446, "x7": -1.7531251699912904, "x8": 1.618759601963614, "x9": 1.3909510220948256}, "datetime": {"datetime": "2025-05-18 03:32:12", "elapsed": 933.259065, "delta": 17.590086}}
{"target": 1.1487143452602844, "params": {"x0": 0.9193848009498702, "x1": 1.6835881900245928, "x2": 4.713599943887621, "x3": 3.7470153260494072, "x4": 1.2627024981883297, "x5": 11.889005835889073, "x6": 11.352967497492259, "x7": -1.2305002455469185, "x8": 1.5904437620693945, "x9": 1.0}, "datetime": {"datetime": "2025-05-18 03:32:30", "elapsed": 950.702704, "delta": 17.443639}}
{"target": 1.3120768712426647, "params": {"x0": 0.9232595240854033, "x1": 1.7566834407046694, "x2": 5.177384886722837, "x3": 3.98540367984956, "x4": 1.1727309328763786, "x5": 10.798538471940414, "x6": 11.963171120450502, "x7": -1.6831874470432828, "x8": 1.564959506164597, "x9": 1.0}, "datetime": {"datetime": "2025-05-18 03:32:47", "elapsed": 968.332784, "delta": 17.63008}}
{"target": 1.1834890168273189, "params": {"x0": 0.9267467749073833, "x1": 1.0947395507908915, "x2": 5.047629678020527, "x3": 4.1571101772177315, "x4": 1.3073643632485066, "x5": 11.33670676436451, "x6": 11.875311322026567, "x7": -1.2938226167985507, "x8": 1.5420236758502792, "x9": 1.0}, "datetime": {"datetime": "2025-05-18 03:33:05", "elapsed": 986.242906, "delta": 17.910122}}
{"target": 1.3892845631885764, "params": {"x0": 0.9298853006471652, "x1": 1.8561690775672632, "x2": 4.939643158225974, "x3": 4.281035166790538, "x4": 1.0765481180104801, "x5": 10.561732208244052, "x6": 11.495303873026977, "x7": -2.6444661516329258, "x8": 1.5213814285673932, "x9": 1.3005146655113742}, "datetime": {"datetime": "2025-05-18 03:33:23", "elapsed": 1003.848648, "delta": 17.605742}}
{"target": 1.210153834149518, "params": {"x0": 0.9058755787378333, "x1": 2.279140022032213, "x2": 4.449779253052728, "x3": 4.25429169695215, "x4": 1.4108673266031841, "x5": 11.113962517164579, "x6": 12.200873644555328, "x7": -2.884102238633523, "x8": 1.679294620281471, "x9": 1.1538586622510016}, "datetime": {"datetime": "2025-05-18 03:33:41", "elapsed": 1021.366481, "delta": 17.517833}}
{"target": 1.2025004298316753, "params": {"x0": 0.9082765509287665, "x1": 2.236842927585718, "x2": 4.8240701375043, "x3": 4.148019486545126, "x4": 0.06326328890525502, "x5": 10.47209794526196, "x6": 12.279940464202086, "x7": -2.74111223668986, "x8": 1.663503301110063, "x9": 1.4325050684457095}, "datetime": {"datetime": "2025-05-18 03:33:58", "elapsed": 1038.778591, "delta": 17.41211}}
{"target": 1.17445475896302, "params": {"x0": 0.9104374259006064, "x1": 2.1987755425838724, "x2": 4.746281537930245, "x3": 4.057232236639822, "x4": 1.2714693204524121, "x5": 9.506317537992993, "x6": 12.271395014417294, "x7": -3.05334211033348, "x8": 1.3934717432789903, "x9": 1.1817233028704723}, "datetime": {"datetime": "2025-05-18 03:34:15", "elapsed": 1056.109086, "delta": 17.330495}}
{"target": 0.7707453789139769, "params": {"x0": 0.9123822133752623, "x1": 1.5478232590523149, "x2": 5.310732974044861, "x3": 4.6029782632057366, "x4": 0.8737207057003316, "x5": 10.448036617523584, "x6": 12.4124419981874, "x7": -3.7185796752814846, "x8": 1.6365001453269559, "x9": 1.1936024391345625}, "datetime": {"datetime": "2025-05-18 03:34:33", "elapsed": 1073.611864, "delta": 17.502778}}
{"target": 1.1124922015913812, "params": {"x0": 0.9141325221024525, "x1": 2.1336803142307166, "x2": 4.605662323988975, "x3": 3.9405092449077923, "x4": 0.4966068979186706, "x5": 9.706846325340694, "x6": 11.022692172817417, "x7": -2.157350825269032, "x8": 1.6249882736509995, "x9": 1.2042936617722437}, "datetime": {"datetime": "2025-05-18 03:34:50", "elapsed": 1091.084325, "delta": 17.472461}}
{"target": 1.3504957044822665, "params": {"x0": 0.9157077999569239, "x1": 2.1059291905643716, "x2": 4.639060407412675, "x3": 4.341963056401945, "x4": 2.088037674788678, "x5": 9.864372442962363, "x6": 10.850462373942948, "x7": -2.670335898565056, "x8": 1.614627589142639, "x9": 1.2139157621461567}, "datetime": {"datetime": "2025-05-18 03:35:08", "elapsed": 1108.576384, "delta": 17.492059}}
{"target": 1.1904861697173599, "params": {"x0": 0.917125550025948, "x1": 2.0809531792646605, "x2": 4.6691186824940045, "x3": 4.0052091700655135, "x4": 1.2530450346911972, "x5": 9.997812832970311, "x6": 10.782923917063888, "x7": -3.454176746049411, "x8": 1.6053029730851145, "x9": 1.2225756524826785}, "datetime": {"datetime": "2025-05-18 03:35:25", "elapsed": 1125.672872, "delta": 17.096488}}
{"target": 1.25068120847203, "params": {"x0": 0.9184015250880697, "x1": 2.058474769094921, "x2": 4.696171130067202, "x3": 4.52927856384306, "x4": 1.8958546590008205, "x5": 11.1849440168806, "x6": 10.854161912660198, "x7": -2.847811724703021, "x8": 1.5969108186333423, "x9": 1.3706597772372002}, "datetime": {"datetime": "2025-05-18 03:35:42", "elapsed": 1142.894347, "delta": 17.221475}}
{"target": 1.465025011610984, "params": {"x0": 0.9195499026439793, "x1": 1.6740939551923715, "x2": 5.158767983568869, "x3": 4.057616109443268, "x4": 1.8035473804979412, "x5": 10.000841580471159, "x6": 10.918276108696876, "x7": -1.9886005701555725, "x8": 1.5893578796267473, "x9": 1.3636452660646177}, "datetime": {"datetime": "2025-05-18 03:36:00", "elapsed": 1160.482987, "delta": 17.58864}}
{"target": 1.3852169301989992, "params": {"x0": 0.9107648143412712, "x1": 1.5193301011737135, "x2": 5.34502408511033, "x3": 3.867709910698089, "x4": 2.430835715575744, "x5": 9.524084546864199, "x6": 11.408749708377462, "x7": -2.5460863144113226, "x8": 1.6471378630271984, "x9": 1.4173062765348747}, "datetime": {"datetime": "2025-05-18 03:36:17", "elapsed": 1177.994895, "delta": 17.511908}}
{"target": 1.5953042954387895, "params": {"x0": 0.9116433231715421, "x1": 1.5348064865755793, "x2": 5.326398474956184, "x3": 4.22853168831393, "x4": 1.4998277890957867, "x5": 9.571760250224894, "x6": 10.476849868984349, "x7": -2.4903377399857476, "x8": 1.6413598646871532, "x9": 1.411940175487849}, "datetime": {"datetime": "2025-05-18 03:36:34", "elapsed": 1195.201262, "delta": 17.206367}}
{"target": 1.7168127277562335, "params": {"x0": 0.9049227306199704, "x1": 1.416412138251306, "x2": 5.183912557276966, "x3": 4.083253446273868, "x4": 1.9927453609386994, "x5": 9.207041119515571, "x6": 10.1016375652287, "x7": -2.9168143343413964, "x8": 1.6855615519884983, "x9": 1.4529908484975955}, "datetime": {"datetime": "2025-05-18 03:36:51", "elapsed": 1212.110245, "delta": 16.908983}}
{"target": 1.6825660012468433, "params": {"x0": 0.9, "x1": 1.2980177899270327, "x2": 5.283652699652419, "x3": 3.9815586768458244, "x4": 2.357494360724039, "x5": 8.842321988806248, "x6": 9.72642526147305, "x7": -2.4903377399857476, "x8": 1.6413598646871532, "x9": 1.411940175487849}, "datetime": {"datetime": "2025-05-18 03:37:08", "elapsed": 1229.108948, "delta": 16.998703}}
{"target": 1.7231008872401197, "params": {"x0": 0.9, "x1": 1.30985722475946, "x2": 5.09414642913906, "x3": 3.9917281537886287, "x4": 1.6644712611318935, "x5": 8.878793901877179, "x6": 10.439328638608783, "x7": -2.5329853994213125, "x8": 1.7253430705597088, "x9": 1.4899364542063676}, "datetime": {"datetime": "2025-05-18 03:37:25", "elapsed": 1245.847598, "delta": 16.73865}}
{"target": 1.8370409810421948, "params": {"x0": 0.9, "x1": 1.219285548291391, "x2": 5.170447638056281, "x3": 4.069524652401082, "x4": 1.3854382762961084, "x5": 8.599783766884546, "x6": 10.152291226235713, "x7": -2.8592399941033837, "x8": 1.7591573613452378, "x9": 1.5213402190588237}, "datetime": {"datetime": "2025-05-18 03:37:42", "elapsed": 1262.707598, "delta": 16.86}}
{"target": 1.8171972471370512, "params": {"x0": 0.9, "x1": 1.1287138718233218, "x2": 5.2238584842983355, "x3": 4.123982201429799, "x4": 1.6644712611318935, "x5": 8.320773631891912, "x6": 10.353217414896863, "x7": -3.0876182103808336, "x8": 1.7929716521307668, "x9": 1.5527439839112798}, "datetime": {"datetime": "2025-05-18 03:37:58", "elapsed": 1279.325717, "delta": 16.618119}}
{"target": 1.8501275120044725, "params": {"x0": 0.9042100101829774, "x1": 1.1377710394701288, "x2": 5.122377876438432, "x3": 4.118536446526927, "x4": 1.636567962648315, "x5": 8.348674645391176, "x6": 9.971457656440677, "x7": -2.6536995994536787, "x8": 1.7895902230522138, "x9": 1.5496036074260342}, "datetime": {"datetime": "2025-05-18 03:38:15", "elapsed": 1295.912492, "delta": 16.586775}}
{"target": 1.92510643522561, "params": {"x0": 0.9006315015274466, "x1": 1.0684837069720559, "x2": 5.08151857906326, "x3": 4.076876421519959, "x4": 1.4231077292489394, "x5": 8.135231892121812, "x6": 9.817749122114897, "x7": -2.828408934905928, "x8": 1.8154581555031435, "x9": 1.5255797273139053}, "datetime": {"datetime": "2025-05-18 03:38:32", "elapsed": 1312.573425, "delta": 16.660933}}
{"target": 1.9423274080127544, "params": {"x0": 0.9, "x1": 0.999196374473983, "x2": 5.040659281688089, "x3": 4.047714404015081, "x4": 1.5725298926285023, "x5": 8.348674645391176, "x6": 9.664040587789117, "x7": -2.9507054697225024, "x8": 1.8413260879540732, "x9": 1.5087630112354151}, "datetime": {"datetime": "2025-05-18 03:38:48", "elapsed": 1329.174353, "delta": 16.600928}}
{"target": 1.9428005881964245, "params": {"x0": 0.9, "x1": 1.0684837069720559, "x2": 5.08151857906326, "x3": 4.018552386510203, "x4": 1.6771254069941963, "x5": 8.19926471810262, "x6": 9.510332053463337, "x7": -3.073002004539077, "x8": 1.8154581555031435, "x9": 1.5255797273139053}, "datetime": {"datetime": "2025-05-18 03:39:05", "elapsed": 1345.969731, "delta": 16.795378}}
{"target": 1.9894474311143884, "params": {"x0": 0.9, "x1": 1.0199825742234048, "x2": 5.110120087225881, "x3": 4.047714404015081, "x4": 1.5725298926285023, "x5": 8.303851667204608, "x6": 9.356623519137557, "x7": -3.1952985393556514, "x8": 1.7973506027874928, "x9": 1.5373514285688485}, "datetime": {"datetime": "2025-05-18 03:39:22", "elapsed": 1362.7247, "delta": 16.754969}}
{"target": 2.0139110250448202, "params": {"x0": 0.9, "x1": 0.9860317812993491, "x2": 5.1387215953885015, "x3": 4.068127816268496, "x4": 1.4993130325725166, "x5": 8.230640802833216, "x6": 9.202914984811777, "x7": -3.073002004539077, "x8": 1.8154581555031435, "x9": 1.5491231298237917}, "datetime": {"datetime": "2025-05-18 03:39:38", "elapsed": 1379.246868, "delta": 16.522168}}
{"target": 2.012726197611608, "params": {"x0": 0.9, "x1": 0.9520809883752934, "x2": 5.167323103551122, "x3": 4.088541228521911, "x4": 1.4260961725165309, "x5": 8.179393197773242, "x6": 9.356623519137557, "x7": -3.158609578910679, "x8": 1.8281334424040991, "x9": 1.560894831078735}, "datetime": {"datetime": "2025-05-18 03:39:55", "elapsed": 1395.821428, "delta": 16.57456}}
{"target": 2.047301216800989, "params": {"x0": 0.9, "x1": 1.0165874949309992, "x2": 5.112980238042144, "x3": 4.086499887296569, "x4": 1.4334178585221293, "x5": 8.184517958279239, "x6": 9.064577303918576, "x7": -3.150048821473519, "x8": 1.8268659137140035, "x9": 1.5385285986943429}, "datetime": {"datetime": "2025-05-18 03:40:12", "elapsed": 1412.433984, "delta": 16.612556}}
{"target": 2.075125967361066, "params": {"x0": 0.9013406759995052, "x1": 0.9906151383440966, "x2": 5.091100084297739, "x3": 4.070883626922707, "x4": 1.3774069605793002, "x5": 8.145313540408358, "x6": 8.946990275159354, "x7": -3.2155386158677945, "x8": 1.8171693192347727, "x9": 1.5475339501543743}, "datetime": {"datetime": "2025-05-18 03:40:28", "elapsed": 1428.997572, "delta": 16.563588}}
{"target": 2.080014198479806, "params": {"x0": 0.9002011013999258, "x1": 1.0087957879549285, "x2": 5.112980238042144, "x3": 4.0599522446610035, "x4": 1.3213960626364711, "x5": 8.184517958279239, "x6": 8.829403246400133, "x7": -3.28102841026207, "x8": 1.8239569353702343, "x9": 1.5538376961763964}, "datetime": {"datetime": "2025-05-18 03:40:45", "elapsed": 1445.546015, "delta": 16.548443}}
{"target": 2.108404567764752, "params": {"x0": 0.9, "x1": 0.9960693332273463, "x2": 5.097664130421061, "x3": 4.070883626922707, "x4": 1.3774069605793002, "x5": 8.157074865769623, "x6": 8.711816217640912, "x7": -3.3465182046563458, "x8": 1.8287082666650576, "x9": 1.5475339501543743}, "datetime": {"datetime": "2025-05-18 03:41:01", "elapsed": 1462.212484, "delta": 16.666469}}
{"target": 2.1220966967189154, "params": {"x0": 0.9, "x1": 0.9871608149180386, "x2": 5.086942855086302, "x3": 4.078535594505899, "x4": 1.33819933201932, "x5": 8.13786470101289, "x6": 8.594229188881691, "x7": -3.28102841026207, "x8": 1.8239569353702343, "x9": 1.5431213279389588}, "datetime": {"datetime": "2025-05-18 03:41:18", "elapsed": 1478.850343, "delta": 16.637859}}
{"target": 2.14847218176958, "params": {"x0": 0.9, "x1": 0.978252296608731, "x2": 5.076221579751543, "x3": 4.0861875620890915, "x4": 1.3107539920273337, "x5": 8.118654536256159, "x6": 8.47664216012247, "x7": -3.3268712663380633, "x8": 1.820631003463858, "x9": 1.5387087057235433}, "datetime": {"datetime": "2025-05-18 03:41:35", "elapsed": 1495.497199, "delta": 16.646856}}
{"target": 2.168281841000827, "params": {"x0": 0.90058564844568, "x1": 0.9693437782994234, "x2": 5.065500304416784, "x3": 4.093839529672284, "x4": 1.33819933201932, "x5": 8.13786470101289, "x6": 8.359055131363249, "x7": -3.358961265591258, "x8": 1.8239569353702343, "x9": 1.5431213279389588}, "datetime": {"datetime": "2025-05-18 03:41:51", "elapsed": 1511.959061, "delta": 16.461862}}
{"target": 2.184902819769753, "params": {"x0": 0.900087847266852, "x1": 0.9604352599901158, "x2": 5.076221579751543, "x3": 4.101491497255476, "x4": 1.3574110700137103, "x5": 8.12441758568318, "x6": 8.241468102604028, "x7": -3.391051264844453, "x8": 1.821628783035771, "x9": 1.540032492388168}, "datetime": {"datetime": "2025-05-18 03:42:08", "elapsed": 1528.749826, "delta": 16.790765}}
{"target": 2.2039150423270075, "params": {"x0": 0.9, "x1": 0.9515267416808082, "x2": 5.068716687017212, "x3": 4.109143464838668, "x4": 1.33819933201932, "x5": 8.11500460495238, "x6": 8.123881073844807, "x7": -3.423141264097648, "x8": 1.8232584896698953, "x9": 1.5421946772737216}, "datetime": {"datetime": "2025-05-18 03:42:24", "elapsed": 1545.237345, "delta": 16.487519}}
{"target": 2.222153130996518, "params": {"x0": 0.9, "x1": 0.9426182233715006, "x2": 5.0634632621031805, "x3": 4.116795432421861, "x4": 1.3247511154232468, "x5": 8.105591624221582, "x6": 8.006294045085586, "x7": -3.391051264844453, "x8": 1.8243992843137824, "x9": 1.540681147853834}, "datetime": {"datetime": "2025-05-18 03:42:41", "elapsed": 1561.829708, "delta": 16.592363}}
{"target": 2.2438540496643955, "params": {"x0": 0.9002842546944427, "x1": 0.933709705062193, "x2": 5.058209837189149, "x3": 4.124447400005053, "x4": 1.33819933201932, "x5": 8.096178643490783, "x6": 7.888707016326364, "x7": -3.4135142643216896, "x8": 1.8232584896698953, "x9": 1.5396216772599127}, "datetime": {"datetime": "2025-05-18 03:42:58", "elapsed": 1578.482306, "delta": 16.652598}}
{"target": 2.2639010854966717, "params": {"x0": 0.9000426382041664, "x1": 0.9248011867528854, "x2": 5.052956412275117, "x3": 4.132099367588245, "x4": 1.3287855804020687, "x5": 8.105591624221582, "x6": 7.771119987567143, "x7": -3.429238363955755, "x8": 1.8224599334191744, "x9": 1.5385622066659914}, "datetime": {"datetime": "2025-05-18 03:43:14", "elapsed": 1595.033197, "delta": 16.550891}}
{"target": 2.2611881463185477, "params": {"x0": 0.9, "x1": 0.933709705062193, "x2": 5.0477029873610855, "x3": 4.124447400005053, "x4": 1.3353752065341447, "x5": 8.099002537710023, "x6": 7.653532958807922, "x7": -3.4135142643216896, "x8": 1.8232584896698953, "x9": 1.5396216772599127}, "datetime": {"datetime": "2025-05-18 03:43:31", "elapsed": 1611.567928, "delta": 16.534731}}
{"target": 2.27866020877405, "params": {"x0": 0.9001948565930404, "x1": 0.9167835202745085, "x2": 5.048228329852488, "x3": 4.138986138413118, "x4": 1.3228549168832004, "x5": 8.099661446361178, "x6": 7.6652916616838445, "x7": -3.443390053626414, "x8": 1.8231786340448233, "x9": 1.5376086831314622}, "datetime": {"datetime": "2025-05-18 03:43:47", "elapsed": 1628.144536, "delta": 16.576608}}
{"target": 2.2942148230655643, "params": {"x0": 0.9000654709624974, "x1": 0.9099685037678882, "x2": 5.0442094597932545, "x3": 4.14483989361426, "x4": 1.3278959808742385, "x5": 8.104702097542521, "x6": 7.57533758468304, "x7": -3.431361117406354, "x8": 1.8225677385130217, "x9": 1.5367981881271124}, "datetime": {"datetime": "2025-05-18 03:44:04", "elapsed": 1644.867653, "delta": 16.723117}}
{"target": 2.307041813393357, "params": {"x0": 0.9, "x1": 0.9031534872612679, "x2": 5.040190589734021, "x3": 4.150693648815402, "x4": 1.3314247256679652, "x5": 8.108230553369461, "x6": 7.4853835076822355, "x7": -3.439781372760396, "x8": 1.8221401116407607, "x9": 1.5359876931227627}, "datetime": {"datetime": "2025-05-18 03:44:21", "elapsed": 1661.386809, "delta": 16.519156}}
{"target": 2.314933446519471, "params": {"x0": 0.9000865891266546, "x1": 0.9, "x2": 5.036171719674787, "x3": 4.1565474040165435, "x4": 1.3278959808742385, "x5": 8.111759009196401, "x6": 7.395429430681431, "x7": -3.4338871940125664, "x8": 1.8217124847684998, "x9": 1.535177198118413}, "datetime": {"datetime": "2025-05-18 03:44:37", "elapsed": 1678.005592, "delta": 16.618783}}
{"target": 2.3275166110197705, "params": {"x0": 0.9000240313655831, "x1": 0.9, "x2": 5.032152849615553, "x3": 4.162401159217685, "x4": 1.3303661022298472, "x5": 8.115287465023341, "x6": 7.3054753536806265, "x7": -3.438013119136047, "x8": 1.8212848578962388, "x9": 1.5343667031140633}, "datetime": {"datetime": "2025-05-18 03:44:54", "elapsed": 1694.658965, "delta": 16.653373}}
{"target": 2.334888677167925, "params": {"x0": 0.9, "x1": 0.9, "x2": 5.028133979556319, "x3": 4.168254914418827, "x4": 1.3320951871787732, "x5": 8.118815920850281, "x6": 7.215521276679822, "x7": -3.4409012667224834, "x8": 1.820857231023978, "x9": 1.5335562081097136}, "datetime": {"datetime": "2025-05-18 03:45:10", "elapsed": 1711.100079, "delta": 16.441114}}
{"target": 2.3456495060023257, "params": {"x0": 0.9, "x1": 0.9, "x2": 5.032152849615553, "x3": 4.174108669619969, "x4": 1.3338242721276992, "x5": 8.122344376677221, "x6": 7.1255671996790175, "x7": -3.438013119136047, "x8": 1.820429604151717, "x9": 1.532745713105364}, "datetime": {"datetime": "2025-05-18 03:45:27", "elapsed": 1727.532409, "delta": 16.43233}}
{"target": 2.3520035496030807, "params": {"x0": 0.9, "x1": 0.9, "x2": 5.029339640574089, "x3": 4.1799624248211105, "x4": 1.3355533570766251, "x5": 8.125872832504161, "x6": 7.035613122678213, "x7": -3.4400348224465525, "x8": 1.820001977279456, "x9": 1.5319352181010142}, "datetime": {"datetime": "2025-05-18 03:45:43", "elapsed": 1744.292892, "delta": 16.760483}}
{"target": 2.363101161418669, "params": {"x0": 0.9, "x1": 0.9, "x2": 5.031308886903114, "x3": 4.185816180022252, "x4": 1.3372824420255511, "x5": 8.122344376677221, "x6": 6.9456590456774085, "x7": -3.4386196301291987, "x8": 1.819574350407195, "x9": 1.5311247230966645}, "datetime": {"datetime": "2025-05-18 03:46:00", "elapsed": 1760.979125, "delta": 16.686233}}
{"target": 2.3760065204855825, "params": {"x0": 0.9, "x1": 0.9, "x2": 5.032687359333431, "x3": 4.191669935223394, "x4": 1.3390115269744771, "x5": 8.124814295756078, "x6": 6.855704968676604, "x7": -3.4376289955070507, "x8": 1.8191467235349341, "x9": 1.5303142280923148}, "datetime": {"datetime": "2025-05-18 03:46:17", "elapsed": 1777.511743, "delta": 16.532618}}
{"target": 2.3777142108965474, "params": {"x0": 0.9, "x1": 0.9, "x2": 5.034065831763748, "x3": 4.197523690424536, "x4": 1.340740611923403, "x5": 8.126543239111278, "x6": 6.7657508916758, "x7": -3.4366383608849027, "x8": 1.8187190966626732, "x9": 1.529503733087965}, "datetime": {"datetime": "2025-05-18 03:46:33", "elapsed": 1794.051243, "delta": 16.5395}}
{"target": 2.383951422243315, "params": {"x0": 0.9, "x1": 0.9, "x2": 5.035444304194065, "x3": 4.203377445625677, "x4": 1.342469696872329, "x5": 8.124814295756078, "x6": 6.855704968676604, "x7": -3.4356477262627547, "x8": 1.8182914697904122, "x9": 1.5286932380836153}, "datetime": {"datetime": "2025-05-18 03:46:50", "elapsed": 1810.812805, "delta": 16.761562}}
