{"target": 2.4681694913389256, "params": {"x0": 0.9, "x1": 0.9, "x2": 5.05069374406041, "x3": 4.296584239085696, "x4": 1.370001163114364, "x5": 8.118831016702005, "x6": 6.50755631920714, "x7": -3.425696013933848, "x8": 1.8224590336217619, "x9": 1.5234071438751962}, "datetime": {"datetime": "2025-05-18 04:03:55", "elapsed": 2836.307902, "delta": 16.979172}}
{"target": 2.469437133699312, "params": {"x0": 0.9, "x1": 0.9, "x2": 5.050691836908876, "x3": 4.296576140267058, "x4": 1.3699987708815273, "x5": 8.118832188800106, "x6": 6.507591845881461, "x7": -3.425696973331518, "x8": 1.822458619478933, "x9": 1.5234076933319793}, "datetime": {"datetime": "2025-05-18 04:04:13", "elapsed": 2853.752174, "delta": 17.444272}}
{"target": 2.469437133699312, "params": {"x0": 0.9, "x1": 0.9, "x2": 5.050690120472495, "x3": 4.296568851330285, "x4": 1.3699966178719742, "x5": 8.118833243688396, "x6": 6.507623819888348, "x7": -3.4256978367894204, "x8": 1.8224582467503871, "x9": 1.5234081878430843}, "datetime": {"datetime": "2025-05-18 04:04:30", "elapsed": 2870.814129, "delta": 17.061955}}
{"target": 2.469437133699312, "params": {"x0": 0.9, "x1": 0.9, "x2": 5.050688575679753, "x3": 4.296562291287188, "x4": 1.3699946801633764, "x5": 8.118834193087856, "x6": 6.507652596494548, "x7": -3.425698613901533, "x8": 1.8224579112946957, "x9": 1.523408632903079}, "datetime": {"datetime": "2025-05-18 04:04:47", "elapsed": 2888.060204, "delta": 17.246075}}
{"target": 2.469437133699312, "params": {"x0": 0.9, "x1": 0.9, "x2": 5.050687185366285, "x3": 4.296556387248401, "x4": 1.3699929362256384, "x5": 8.118835047547371, "x6": 6.507678495440127, "x7": -3.425699313302434, "x8": 1.8224576093845735, "x9": 1.5234090334570738}, "datetime": {"datetime": "2025-05-18 04:05:04", "elapsed": 2905.316375, "delta": 17.256171}}
{"target": 2.469437133699312, "params": {"x0": 0.9, "x1": 0.9, "x2": 5.050685934084163, "x3": 4.296551073613493, "x4": 1.3699913666816743, "x5": 8.118835816560935, "x6": 6.507701804491149, "x7": -3.425699942763245, "x8": 1.8224573376654636, "x9": 1.5234093939556694}, "datetime": {"datetime": "2025-05-18 04:05:22", "elapsed": 2922.506091, "delta": 17.189716}}
{"target": 2.469437133699312, "params": {"x0": 0.9, "x1": 0.9, "x2": 5.050684807930255, "x3": 4.296546291342076, "x4": 1.3699899540921066, "x5": 8.11883650867314, "x6": 6.507722782637068, "x7": -3.4257005092779753, "x8": 1.8224570931182646, "x9": 1.5234097184044053}, "datetime": {"datetime": "2025-05-18 04:05:39", "elapsed": 2939.674442, "delta": 17.168351}}
{"target": 2.469437133699312, "params": {"x0": 0.9, "x1": 0.9, "x2": 5.050683794391737, "x3": 4.2965419872978, "x4": 1.3699886827614955, "x5": 8.118837131574127, "x6": 6.507741662968396, "x7": -3.4257010191412323, "x8": 1.8224568730257855, "x9": 1.5234100104082677}, "datetime": {"datetime": "2025-05-18 04:05:56", "elapsed": 2956.780544, "delta": 17.106102}}
{"target": 2.469437133699312, "params": {"x0": 0.9, "x1": 0.9, "x2": 5.05068288220707, "x3": 4.296538113657952, "x4": 1.3699875385639455, "x5": 8.118837692185014, "x6": 6.50775865526659, "x7": -3.4257014780181634, "x8": 1.8224566749425544, "x9": 1.5234102732117438}, "datetime": {"datetime": "2025-05-18 04:06:13", "elapsed": 2974.10534, "delta": 17.324796}}
{"target": 2.469437133699312, "params": {"x0": 0.9, "x1": 0.9, "x2": 5.05068206124087, "x3": 4.296534627382089, "x4": 1.3699865087861507, "x5": 8.118838196734814, "x6": 6.5077739483349655, "x7": -3.4257018910074017, "x8": 1.8224564966676462, "x9": 1.5234105097348725}, "datetime": {"datetime": "2025-05-18 04:06:31", "elapsed": 2991.533922, "delta": 17.428582}}
{"target": 2.469437133699312, "params": {"x0": 0.9, "x1": 0.9, "x2": 5.0506813223712905, "x3": 4.296531489733812, "x4": 1.3699855819861353, "x5": 8.118838650829632, "x6": 6.507787712096503, "x7": -3.425702262697716, "x8": 1.822456336220229, "x9": 1.523410722605688}, "datetime": {"datetime": "2025-05-18 04:06:48", "elapsed": 3008.912319, "delta": 17.378397}}
{"target": 2.469437133699312, "params": {"x0": 0.9, "x1": 0.9, "x2": 5.050680657388669, "x3": 4.296528665850363, "x4": 1.3699847478661213, "x5": 8.11883905951497, "x6": 6.507800099481887, "x7": -3.425702597218999, "x8": 1.8224561918175535, "x9": 1.523410914189422}, "datetime": {"datetime": "2025-05-18 04:07:05", "elapsed": 3025.883735, "delta": 16.971416}}
{"target": 2.469437133699312, "params": {"x0": 0.9, "x1": 0.9, "x2": 5.050680058904309, "x3": 4.296526124355259, "x4": 1.369983997158109, "x5": 8.118839427331773, "x6": 6.507811248128733, "x7": -3.4257028982881534, "x8": 1.8224560618551455, "x9": 1.523411086614783}, "datetime": {"datetime": "2025-05-18 04:07:22", "elapsed": 3043.114306, "delta": 17.230571}}
{"target": 2.469437133699312, "params": {"x0": 0.9, "x1": 0.9, "x2": 5.050679520268385, "x3": 4.296523837009665, "x4": 1.3699833215208976, "x5": 8.118839758366896, "x6": 6.507821281910894, "x7": -3.4257031692503923, "x8": 1.8224559448889783, "x9": 1.5234112417976076}, "datetime": {"datetime": "2025-05-18 04:07:39", "elapsed": 3060.243224, "delta": 17.128918}}
{"target": 2.469437133699312, "params": {"x0": 0.9, "x1": 0.9, "x2": 5.050679035496054, "x3": 4.29652177839863, "x4": 1.3699827134474074, "x5": 8.118840056298508, "x6": 6.507830312314838, "x7": -3.4257034131164077, "x8": 1.822455839619428, "x9": 1.5234113814621497}, "datetime": {"datetime": "2025-05-18 04:07:57", "elapsed": 3077.39435, "delta": 17.151126}}
{"target": 2.469437133699312, "params": {"x0": 0.9, "x1": 0.9, "x2": 5.050678599200956, "x3": 4.296519925648699, "x4": 1.3699821661812663, "x5": 8.118840324436956, "x6": 6.507838439678389, "x7": -3.4257036325958214, "x8": 1.8224557448768326, "x9": 1.5234115071602377}, "datetime": {"datetime": "2025-05-18 04:08:14", "elapsed": 3094.496892, "delta": 17.102542}}
{"target": 2.469437133699312, "params": {"x0": 0.9, "x1": 0.9, "x2": 5.050678206535367, "x3": 4.296518258173761, "x4": 1.3699816736417394, "x5": 8.11884056576156, "x6": 6.507845754305584, "x7": -3.425703830127294, "x8": 1.8224556596084966, "x9": 1.5234116202885168}, "datetime": {"datetime": "2025-05-18 04:08:31", "elapsed": 3111.630362, "delta": 17.13347}}
{"target": 2.469437133699312, "params": {"x0": 0.9, "x1": 0.9, "x2": 5.050677853136338, "x3": 4.296516757446317, "x4": 1.3699812303561651, "x5": 8.118840782953706, "x6": 6.5078523374700605, "x7": -3.425704007905619, "x8": 1.8224555828669944, "x9": 1.523411722103968}, "datetime": {"datetime": "2025-05-18 04:08:48", "elapsed": 3128.717004, "delta": 17.086642}}
{"target": 2.469437133699312, "params": {"x0": 0.9, "x1": 0.9, "x2": 5.050677535077211, "x3": 4.296515406791617, "x4": 1.3699808313991482, "x5": 8.118840978426636, "x6": 6.507858262318089, "x7": -3.4257041679061113, "x8": 1.8224555137996423, "x9": 1.523411813737874}, "datetime": {"datetime": "2025-05-18 04:09:05", "elapsed": 3145.86323, "delta": 17.146226}}
{"target": 2.469437133699312, "params": {"x0": 0.9, "x1": 0.9, "x2": 5.050677248823997, "x3": 4.296514191202387, "x4": 1.369980472337833, "x5": 8.118841154352273, "x6": 6.5078635946813135, "x7": -3.425704311906555, "x8": 1.8224554516390254, "x9": 1.5234118962083896}, "datetime": {"datetime": "2025-05-18 04:09:22", "elapsed": 3163.079534, "delta": 17.216304}}
{"target": 2.469437133699312, "params": {"x0": 0.9, "x1": 0.9, "x2": 5.050676991196105, "x3": 4.29651309717208, "x4": 1.3699801491826493, "x5": 8.118841312685346, "x6": 6.5078683938082165, "x7": -3.4257044415069537, "x8": 1.8224553956944702, "x9": 1.5234119704318536}, "datetime": {"datetime": "2025-05-18 04:09:40", "elapsed": 3180.359838, "delta": 17.280304}}
{"target": 2.469437133699312, "params": {"x0": 0.9, "x1": 0.9, "x2": 5.050676759331002, "x3": 4.2965121125448045, "x4": 1.369979858342984, "x5": 8.11884145518511, "x6": 6.507872713022429, "x7": -3.425704558147313, "x8": 1.8224553453443706, "x9": 1.5234120372329711}, "datetime": {"datetime": "2025-05-18 04:09:57", "elapsed": 3197.514434, "delta": 17.154596}}
{"target": 2.469437133699312, "params": {"x0": 0.9, "x1": 0.9, "x2": 5.050676550652408, "x3": 4.296511226380256, "x4": 1.3699795965872854, "x5": 8.1188415834349, "x6": 6.50787660031522, "x7": -3.425704663123636, "x8": 1.822455300029281, "x9": 1.5234120973539769}, "datetime": {"datetime": "2025-05-18 04:10:14", "elapsed": 3214.817067, "delta": 17.302633}}
{"target": 2.469437133699312, "params": {"x0": 0.9, "x1": 0.9, "x2": 5.050676362841675, "x3": 4.296510428832162, "x4": 1.3699793610071564, "x5": 8.118841698859711, "x6": 6.507880098878733, "x7": -3.425704757602327, "x8": 1.8224552592457002, "x9": 1.5234121514628822}, "datetime": {"datetime": "2025-05-18 04:10:31", "elapsed": 3232.139615, "delta": 17.322548}}
{"target": 2.469437133699312, "params": {"x0": 0.9, "x1": 0.9, "x2": 5.050676193812015, "x3": 4.296509711038878, "x4": 1.3699791489850404, "x5": 8.11884180274204, "x6": 6.507883247585894, "x7": -3.4257048426331487, "x8": 1.8224552225404775, "x9": 1.5234122001608967}, "datetime": {"datetime": "2025-05-18 04:10:48", "elapsed": 3249.238537, "delta": 17.098922}}
{"target": 2.469437133699312, "params": {"x0": 0.9, "x1": 0.9, "x2": 5.05067604168532, "x3": 4.296509065024922, "x4": 1.369978958165136, "x5": 8.118841896236136, "x6": 6.507886081422338, "x7": -3.4257049191608884, "x8": 1.8224545948811703, "x9": 1.52341224398911}, "datetime": {"datetime": "2025-05-18 04:11:06", "elapsed": 3266.585452, "delta": 17.346915}}
{"target": 2.469437133699312, "params": {"x0": 0.9, "x1": 0.9, "x2": 5.050675904771295, "x3": 4.296508483612362, "x4": 1.3699787864272222, "x5": 8.118841980380823, "x6": 6.507888631875139, "x7": -3.425704988035854, "x8": 1.8224546246124007, "x9": 1.5234122834345019}, "datetime": {"datetime": "2025-05-18 04:11:23", "elapsed": 3283.815767, "delta": 17.230315}}
{"target": 2.469437133699312, "params": {"x0": 0.9, "x1": 0.9, "x2": 5.050675781548673, "x3": 4.296507960341057, "x4": 1.3699786318630995, "x5": 8.118842056111042, "x6": 6.507890927282659, "x7": -3.425705050023323, "x8": 1.822454651370508, "x9": 1.5234123189353546}, "datetime": {"datetime": "2025-05-18 04:11:40", "elapsed": 3300.939669, "delta": 17.123902}}
{"target": 2.469437133699312, "params": {"x0": 0.9, "x1": 0.9, "x2": 5.050675670648313, "x3": 4.296507489396884, "x4": 1.3699784927553893, "x5": 8.118842124268237, "x6": 6.507892993149428, "x7": -3.425705105812045, "x8": 1.8224546754528046, "x9": 1.5234123508861221}, "datetime": {"datetime": "2025-05-18 04:11:58", "elapsed": 3318.353723, "delta": 17.414054}}
{"target": 2.469437133699312, "params": {"x0": 0.9, "x1": 0.9, "x2": 5.0506755708379885, "x3": 4.296507065547128, "x4": 1.36997836755845, "x5": 8.118842185609713, "x6": 6.507894852429519, "x7": -3.425705156021895, "x8": 1.8224546971268716, "x9": 1.5234123796418129}, "datetime": {"datetime": "2025-05-18 04:12:15", "elapsed": 3335.60996, "delta": 17.256237}}
{"target": 2.469437133699312, "params": {"x0": 0.9, "x1": 0.9, "x2": 5.050675481008697, "x3": 4.296506684082346, "x4": 1.3699782548812047, "x5": 8.118842240817044, "x6": 6.507896525781601, "x7": -3.4257052012107603, "x8": 1.8224547166335316, "x9": 1.5234124055219345}, "datetime": {"datetime": "2025-05-18 04:12:32", "elapsed": 3352.894455, "delta": 17.284495}}
{"target": 2.469437133699312, "params": {"x0": 0.9, "x1": 0.9, "x2": 5.050675400162334, "x3": 4.296506340764044, "x4": 1.3699781534716837, "x5": 8.11884229050364, "x6": 6.507898031798476, "x7": -3.4257052418807388, "x8": 1.8224547341895259, "x9": 1.5234124288140438}, "datetime": {"datetime": "2025-05-18 04:12:49", "elapsed": 3370.048944, "delta": 17.154489}}
{"target": 2.469437133699312, "params": {"x0": 0.9, "x1": 0.9, "x2": 5.050675327400608, "x3": 4.296506031777572, "x4": 1.369978062203115, "x5": 8.118842335221576, "x6": 6.507899387213662, "x7": -3.4257052784837194, "x8": 1.8224547499899206, "x9": 1.5234124497769423}, "datetime": {"datetime": "2025-05-18 04:13:06", "elapsed": 3387.300577, "delta": 17.251633}}
{"target": 2.469437133699312, "params": {"x0": 0.9, "x1": 0.9, "x2": 5.050675261915055, "x3": 4.296505753689746, "x4": 1.3699779800614031, "x5": 8.118842375467718, "x6": 6.50790060708733, "x7": -3.4257053114264018, "x8": 1.822454764210276, "x9": 1.523412468643551}, "datetime": {"datetime": "2025-05-18 04:13:24", "elapsed": 3404.461825, "delta": 17.161248}}
{"target": 2.469437133699312, "params": {"x0": 0.9, "x1": 0.9, "x2": 5.050675202978057, "x3": 4.296505503410704, "x4": 1.3699779061338626, "x5": 8.118842411689247, "x6": 6.507901704973632, "x7": -3.425705341074816, "x8": 1.8224547770085957, "x9": 1.523412485623499}, "datetime": {"datetime": "2025-05-18 04:13:41", "elapsed": 3421.638128, "delta": 17.176303}}
{"target": 2.469437133699312, "params": {"x0": 0.9, "x1": 0.9, "x2": 5.050675149934758, "x3": 4.296505278159565, "x4": 1.3699778395990758, "x5": 8.118842444288623, "x6": 6.507902693071302, "x7": -3.425705367758389, "x8": 1.8224547885270836, "x9": 1.523412500905452}, "datetime": {"datetime": "2025-05-18 04:13:58", "elapsed": 3438.905398, "delta": 17.26727}}
{"target": 2.469437133699312, "params": {"x0": 0.9, "x1": 0.9, "x2": 5.05067510219579, "x3": 4.296505075433541, "x4": 1.369977779717768, "x5": 8.11884247362806, "x6": 6.507903582359207, "x7": -3.4257053917736044, "x8": 1.8224547988937225, "x9": 1.5234125146592097}, "datetime": {"datetime": "2025-05-18 04:14:15", "elapsed": 3456.329712, "delta": 17.424314}}
{"target": 2.469437133699312, "params": {"x0": 0.9, "x1": 0.9, "x2": 5.050675059230717, "x3": 4.296504892980119, "x4": 1.3699777258245909, "x5": 8.118842500033555, "x6": 6.50790438271832, "x7": -3.4257054133872984, "x8": 1.8224548082236978, "x9": 1.5234125270375916}, "datetime": {"datetime": "2025-05-18 04:14:33", "elapsed": 3473.882075, "delta": 17.552363}}
{"target": 2.469437133699312, "params": {"x0": 0.9, "x1": 0.9, "x2": 5.050675020562153, "x3": 4.296504728772039, "x4": 1.3699776773207315, "x5": 8.1188425237985, "x6": 6.507905103041522, "x7": -3.425705432839623, "x8": 1.8224548166206753, "x9": 1.5234125381781354}, "datetime": {"datetime": "2025-05-18 04:14:50", "elapsed": 3490.909265, "delta": 17.02719}}
{"target": 2.469437133699312, "params": {"x0": 0.9, "x1": 0.9, "x2": 5.050674985760445, "x3": 4.296504580984767, "x4": 1.369977633667258, "x5": 8.11884254518695, "x6": 6.507905751332404, "x7": -3.4257054503467153, "x8": 1.8224548241779552, "x9": 1.5234125482046248}, "datetime": {"datetime": "2025-05-18 04:15:07", "elapsed": 3508.262252, "delta": 17.352987}}
{"target": 2.469437133699312, "params": {"x0": 0.9, "x1": 0.9, "x2": 5.050674954438907, "x3": 4.296504447976222, "x4": 1.3699775943791317, "x5": 8.118842564436555, "x6": 6.507906334794198, "x7": -3.425705466103098, "x8": 1.822454830979507, "x9": 1.5234125572284651}, "datetime": {"datetime": "2025-05-18 04:15:25", "elapsed": 3525.354856, "delta": 17.092604}}
{"target": 2.469437133699312, "params": {"x0": 0.9000000002593948, "x1": 0.9000000215588967, "x2": 5.050674891969563, "x3": 4.296504296545717, "x4": 1.369977509477166, "x5": 8.118842676707681, "x6": 6.507907249876573, "x7": -3.425705723138074, "x8": 1.8224549459431756, "x9": 1.5234126166252882}, "datetime": {"datetime": "2025-05-18 04:15:42", "elapsed": 3542.605947, "delta": 17.251091}}
{"target": 2.469437133699312, "params": {"x0": 0.900000000162034, "x1": 0.9000000060980401, "x2": 5.0506745554634245, "x3": 4.2965042172916315, "x4": 1.3699774097528292, "x5": 8.118842656277009, "x6": 6.507907764113652, "x7": -3.42570551036825, "x8": 1.822454888758442, "x9": 1.5234125765298605}, "datetime": {"datetime": "2025-05-18 04:15:59", "elapsed": 3560.080138, "delta": 17.474191}}
{"target": 2.469437133699312, "params": {"x0": 0.9000000001479526, "x1": 0.9000000184825588, "x2": 5.050674554134959, "x3": 4.296504110022786, "x4": 1.3699774873715815, "x5": 8.118842834811153, "x6": 6.507907758329683, "x7": -3.425705616922598, "x8": 1.822454926778694, "x9": 1.5234125951115163}, "datetime": {"datetime": "2025-05-18 04:16:17", "elapsed": 3577.383593, "delta": 17.303455}}
{"target": 2.469437133699312, "params": {"x0": 0.9000000002496461, "x1": 0.9000000276768958, "x2": 5.05067483498347, "x3": 4.296504024475801, "x4": 1.3699773098187047, "x5": 8.11884283194475, "x6": 6.507908321890325, "x7": -3.4257056041714757, "x8": 1.8224549144399307, "x9": 1.5234125980084785}, "datetime": {"datetime": "2025-05-18 04:16:34", "elapsed": 3594.914752, "delta": 17.531159}}
{"target": 2.469437133699312, "params": {"x0": 0.9000000002195137, "x1": 0.9000000318753704, "x2": 5.0506746779937135, "x3": 4.296503947368729, "x4": 1.369977445510211, "x5": 8.11884264966846, "x6": 6.507908867020462, "x7": -3.4257056154476198, "x8": 1.822454877153713, "x9": 1.523412599894192}, "datetime": {"datetime": "2025-05-18 04:16:51", "elapsed": 3612.287901, "delta": 17.373149}}
{"target": 2.469437133699312, "params": {"x0": 0.9000000001970773, "x1": 0.900000008038499, "x2": 5.050674818579387, "x3": 4.296503873601957, "x4": 1.3699774049115714, "x5": 8.118842724798341, "x6": 6.507908826790535, "x7": -3.425705652959956, "x8": 1.822454899089405, "x9": 1.5234126720808645}, "datetime": {"datetime": "2025-05-18 04:17:09", "elapsed": 3629.737325, "delta": 17.449424}}
{"target": 2.469437133699312, "params": {"x0": 0.900000000046777, "x1": 0.9000000105683358, "x2": 5.050674726718197, "x3": 4.296503819142617, "x4": 1.3699773484171125, "x5": 8.118842736062755, "x6": 6.50790910526845, "x7": -3.4257055548858273, "x8": 1.8224548677373322, "x9": 1.5234126555181395}, "datetime": {"datetime": "2025-05-18 04:17:26", "elapsed": 3647.238957, "delta": 17.501632}}
{"target": 2.469437133699312, "params": {"x0": 0.9000000000937525, "x1": 0.9000000005196646, "x2": 5.050674780172017, "x3": 4.296503751224277, "x4": 1.3699773595219544, "x5": 8.118842689963135, "x6": 6.507909583574557, "x7": -3.425705588097969, "x8": 1.8224549032913717, "x9": 1.5234126151361875}, "datetime": {"datetime": "2025-05-18 04:17:44", "elapsed": 3664.484217, "delta": 17.24526}}
{"target": 2.469437133699312, "params": {"x0": 0.900000000129541, "x1": 0.9000000055663113, "x2": 5.05067467947031, "x3": 4.296503711415018, "x4": 1.3699773275393312, "x5": 8.118842699793966, "x6": 6.507909747125659, "x7": -3.425705616681127, "x8": 1.8224548844836634, "x9": 1.5234126694991132}, "datetime": {"datetime": "2025-05-18 04:18:01", "elapsed": 3682.124419, "delta": 17.640202}}
{"target": 2.469437133699312, "params": {"x0": 0.9000000001943134, "x1": 0.9000000062544738, "x2": 5.0506747467921045, "x3": 4.296503664555981, "x4": 1.369977314520945, "x5": 8.118842763218547, "x6": 6.507910028899884, "x7": -3.4257056184756545, "x8": 1.8224548909869809, "x9": 1.523412616991681}, "datetime": {"datetime": "2025-05-18 04:18:19", "elapsed": 3699.797932, "delta": 17.673513}}
{"target": 2.469437133699312, "params": {"x0": 0.9000000001616063, "x1": 0.9000000056179667, "x2": 5.0506747108967405, "x3": 4.296503621661003, "x4": 1.3699773445094923, "x5": 8.118842770840647, "x6": 6.50790998613162, "x7": -3.4257056308843716, "x8": 1.8224548846986608, "x9": 1.523412639936378}, "datetime": {"datetime": "2025-05-18 04:18:36", "elapsed": 3716.841628, "delta": 17.043696}}
{"target": 2.469437133699312, "params": {"x0": 0.9000000000967038, "x1": 0.9000000018176577, "x2": 5.0506747415786295, "x3": 4.296503575886283, "x4": 1.3699772955032228, "x5": 8.118842694057802, "x6": 6.507910151601654, "x7": -3.425705571470788, "x8": 1.8224548850420392, "x9": 1.5234126555047447}, "datetime": {"datetime": "2025-05-18 04:18:54", "elapsed": 3734.434513, "delta": 17.592885}}
{"target": 2.469437133699312, "params": {"x0": 0.9000000001095015, "x1": 0.9000000117665955, "x2": 5.050674725882766, "x3": 4.296503554132921, "x4": 1.3699773058374214, "x5": 8.11884275574102, "x6": 6.507910251354364, "x7": -3.4257056409795754, "x8": 1.8224548878144575, "x9": 1.523412653631856}, "datetime": {"datetime": "2025-05-18 04:19:11", "elapsed": 3751.897972, "delta": 17.463459}}
{"target": 2.469437133699312, "params": {"x0": 0.9000000001292064, "x1": 0.9000000093967799, "x2": 5.0506747108834675, "x3": 4.2965035239599185, "x4": 1.3699773110233704, "x5": 8.118842757278621, "x6": 6.507910420207557, "x7": -3.4257056058485773, "x8": 1.8224549014531077, "x9": 1.5234126499399239}, "datetime": {"datetime": "2025-05-18 04:19:29", "elapsed": 3769.412902, "delta": 17.51493}}
{"target": 2.469437133699312, "params": {"x0": 0.9000000000599915, "x1": 0.9000000052950982, "x2": 5.050674625892267, "x3": 4.296503494757038, "x4": 1.3699773049125408, "x5": 8.118842722588642, "x6": 6.507910538154764, "x7": -3.4257056239875467, "x8": 1.8224548873361983, "x9": 1.5234126267876056}, "datetime": {"datetime": "2025-05-18 04:19:46", "elapsed": 3786.940076, "delta": 17.527174}}
{"target": 2.469437133699312, "params": {"x0": 0.9000000000252568, "x1": 0.900000004239437, "x2": 5.050674691041633, "x3": 4.296503471056255, "x4": 1.369977264278905, "x5": 8.118842709772935, "x6": 6.507910664637775, "x7": -3.425705585037339, "x8": 1.822454899715865, "x9": 1.5234126242835635}, "datetime": {"datetime": "2025-05-18 04:20:03", "elapsed": 3804.175537, "delta": 17.235461}}
{"target": 2.469437133699312, "params": {"x0": 0.9000000000386481, "x1": 0.9000000104099287, "x2": 5.050674667639288, "x3": 4.296503449008366, "x4": 1.3699772745280332, "x5": 8.11884275454417, "x6": 6.507910725535763, "x7": -3.425705608542126, "x8": 1.8224548901931281, "x9": 1.5234126296213422}, "datetime": {"datetime": "2025-05-18 04:20:21", "elapsed": 3821.825344, "delta": 17.649807}}
{"target": 2.469437133699312, "params": {"x0": 0.900000000062199, "x1": 0.9000000044526041, "x2": 5.0506746720507545, "x3": 4.296503430528577, "x4": 1.3699772859948738, "x5": 8.118842716222792, "x6": 6.507910914394432, "x7": -3.425705620657098, "x8": 1.8224548912330076, "x9": 1.5234126431620516}, "datetime": {"datetime": "2025-05-18 04:20:38", "elapsed": 3839.09947, "delta": 17.274126}}
