{"target": 2.469437133699312, "params": {"x0": 0.9, "x1": 0.9, "x2": 5.050674672545072, "x3": 4.2965032508993195, "x4": 1.3699772407859965, "x5": 8.118842737683003, "x6": 6.507911585950343, "x7": -3.425705607910545, "x8": 1.8224548921934738, "x9": 1.523412638443029}, "datetime": {"datetime": "2025-05-18 06:24:48", "elapsed": 11288.540914, "delta": 3.980185}}
{"target": 2.469437133699312, "params": {"x0": 0.9, "x1": 0.9, "x2": 5.050674672545072, "x3": 4.2965032508993195, "x4": 1.3699772407859965, "x5": 8.118842737683003, "x6": 6.507911585950343, "x7": -3.425705607910545, "x8": 1.8224548921934738, "x9": 1.523412638443029}, "datetime": {"datetime": "2025-05-18 06:24:51", "elapsed": 11291.934006, "delta": 3.393092}}
{"target": 2.469437133699312, "params": {"x0": 0.9, "x1": 0.9, "x2": 5.050674672545072, "x3": 4.2965032508993195, "x4": 1.3699772407859965, "x5": 8.118842737683003, "x6": 6.507911585950343, "x7": -3.425705607910545, "x8": 1.8224548921934738, "x9": 1.523412638443029}, "datetime": {"datetime": "2025-05-18 06:24:55", "elapsed": 11295.608286, "delta": 3.67428}}
{"target": 2.469437133699312, "params": {"x0": 0.9, "x1": 0.9, "x2": 5.050674672545072, "x3": 4.2965032508993195, "x4": 1.3699772407859965, "x5": 8.118842737683003, "x6": 6.507911585950343, "x7": -3.425705607910545, "x8": 1.8224548921934738, "x9": 1.523412638443029}, "datetime": {"datetime": "2025-05-18 06:24:58", "elapsed": 11298.462752, "delta": 2.854466}}
{"target": 2.469437133699312, "params": {"x0": 0.9, "x1": 0.9, "x2": 5.050674672545072, "x3": 4.2965032508993195, "x4": 1.3699772407859965, "x5": 8.118842737683003, "x6": 6.507911585950343, "x7": -3.425705607910545, "x8": 1.8224548921934738, "x9": 1.523412638443029}, "datetime": {"datetime": "2025-05-18 06:25:01", "elapsed": 11302.042564, "delta": 3.579812}}
{"target": 2.469437133699312, "params": {"x0": 0.9, "x1": 0.9, "x2": 5.050674672545072, "x3": 4.2965032508993195, "x4": 1.3699772407859965, "x5": 8.118842737683003, "x6": 6.507911585950343, "x7": -3.425705607910545, "x8": 1.8224548921934738, "x9": 1.523412638443029}, "datetime": {"datetime": "2025-05-18 06:25:05", "elapsed": 11306.145237, "delta": 4.102673}}
{"target": 2.469437133699312, "params": {"x0": 0.9, "x1": 0.9, "x2": 5.050674672545072, "x3": 4.2965032508993195, "x4": 1.3699772407859965, "x5": 8.118842737683003, "x6": 6.507911585950343, "x7": -3.425705607910545, "x8": 1.8224548921934738, "x9": 1.523412638443029}, "datetime": {"datetime": "2025-05-18 06:25:10", "elapsed": 11310.872159, "delta": 4.726922}}
{"target": 2.469437133699312, "params": {"x0": 0.9, "x1": 0.9, "x2": 5.050674672545072, "x3": 4.2965032508993195, "x4": 1.3699772407859965, "x5": 8.118842737683003, "x6": 6.507911585950343, "x7": -3.425705607910545, "x8": 1.8224548921934738, "x9": 1.523412638443029}, "datetime": {"datetime": "2025-05-18 06:25:14", "elapsed": 11315.201604, "delta": 4.329445}}
{"target": 2.469437133699312, "params": {"x0": 0.9, "x1": 0.9, "x2": 5.050674672545072, "x3": 4.2965032508993195, "x4": 1.3699772407859965, "x5": 8.118842737683003, "x6": 6.507911585950343, "x7": -3.425705607910545, "x8": 1.8224548921934738, "x9": 1.523412638443029}, "datetime": {"datetime": "2025-05-18 06:25:19", "elapsed": 11319.389646, "delta": 4.188042}}
{"target": 2.469437133699312, "params": {"x0": 0.9, "x1": 0.9, "x2": 5.050674672545072, "x3": 4.2965032508993195, "x4": 1.3699772407859965, "x5": 8.118842737683003, "x6": 6.507911585950343, "x7": -3.425705607910545, "x8": 1.8224548921934738, "x9": 1.523412638443029}, "datetime": {"datetime": "2025-05-18 06:25:23", "elapsed": 11323.905722, "delta": 4.516076}}
{"target": 2.469437133699312, "params": {"x0": 0.9, "x1": 0.9, "x2": 5.050674672545072, "x3": 4.2965032508993195, "x4": 1.3699772407859965, "x5": 8.118842737683003, "x6": 6.507911585950343, "x7": -3.425705607910545, "x8": 1.8224548921934738, "x9": 1.523412638443029}, "datetime": {"datetime": "2025-05-18 06:25:27", "elapsed": 11327.732748, "delta": 3.827026}}
{"target": 2.469437133699312, "params": {"x0": 0.9, "x1": 0.9, "x2": 5.050674672545072, "x3": 4.2965032508993195, "x4": 1.3699772407859965, "x5": 8.118842737683003, "x6": 6.507911585950343, "x7": -3.425705607910545, "x8": 1.8224548921934738, "x9": 1.523412638443029}, "datetime": {"datetime": "2025-05-18 06:25:30", "elapsed": 11331.120556, "delta": 3.387808}}
{"target": 2.469437133699312, "params": {"x0": 0.9, "x1": 0.9, "x2": 5.050674672545072, "x3": 4.2965032508993195, "x4": 1.3699772407859965, "x5": 8.118842737683003, "x6": 6.507911585950343, "x7": -3.425705607910545, "x8": 1.8224548921934738, "x9": 1.523412638443029}, "datetime": {"datetime": "2025-05-18 06:25:34", "elapsed": 11335.284922, "delta": 4.164366}}
{"target": 2.469437133699312, "params": {"x0": 0.9, "x1": 0.9, "x2": 5.050674672545072, "x3": 4.2965032508993195, "x4": 1.3699772407859965, "x5": 8.118842737683003, "x6": 6.507911585950343, "x7": -3.425705607910545, "x8": 1.8224548921934738, "x9": 1.523412638443029}, "datetime": {"datetime": "2025-05-18 06:25:39", "elapsed": 11339.637599, "delta": 4.352677}}
{"target": 2.469437133699312, "params": {"x0": 0.9, "x1": 0.9, "x2": 5.050674672545072, "x3": 4.2965032508993195, "x4": 1.3699772407859965, "x5": 8.118842737683003, "x6": 6.507911585950343, "x7": -3.425705607910545, "x8": 1.8224548921934738, "x9": 1.523412638443029}, "datetime": {"datetime": "2025-05-18 06:25:42", "elapsed": 11342.921433, "delta": 3.283834}}
{"target": 2.469437133699312, "params": {"x0": 0.9, "x1": 0.9, "x2": 5.050674672545072, "x3": 4.2965032508993195, "x4": 1.3699772407859965, "x5": 8.118842737683003, "x6": 6.507911585950343, "x7": -3.425705607910545, "x8": 1.8224548921934738, "x9": 1.523412638443029}, "datetime": {"datetime": "2025-05-18 06:25:46", "elapsed": 11346.671964, "delta": 3.750531}}
{"target": 2.469437133699312, "params": {"x0": 0.9, "x1": 0.9, "x2": 5.050674672545072, "x3": 4.2965032508993195, "x4": 1.3699772407859965, "x5": 8.118842737683003, "x6": 6.507911585950343, "x7": -3.425705607910545, "x8": 1.8224548921934738, "x9": 1.523412638443029}, "datetime": {"datetime": "2025-05-18 06:25:50", "elapsed": 11350.860491, "delta": 4.188527}}
{"target": 2.469437133699312, "params": {"x0": 0.9, "x1": 0.9, "x2": 5.050674672545072, "x3": 4.2965032508993195, "x4": 1.3699772407859965, "x5": 8.118842737683003, "x6": 6.507911585950343, "x7": -3.425705607910545, "x8": 1.8224548921934738, "x9": 1.523412638443029}, "datetime": {"datetime": "2025-05-18 06:25:54", "elapsed": 11354.600846, "delta": 3.740355}}
{"target": 2.469437133699312, "params": {"x0": 0.9, "x1": 0.9, "x2": 5.050674672545072, "x3": 4.2965032508993195, "x4": 1.3699772407859965, "x5": 8.118842737683003, "x6": 6.507911585950343, "x7": -3.425705607910545, "x8": 1.8224548921934738, "x9": 1.523412638443029}, "datetime": {"datetime": "2025-05-18 06:25:57", "elapsed": 11357.603433, "delta": 3.002587}}
{"target": 2.469437133699312, "params": {"x0": 0.9, "x1": 0.9, "x2": 5.050674672545072, "x3": 4.2965032508993195, "x4": 1.3699772407859965, "x5": 8.118842737683003, "x6": 6.507911585950343, "x7": -3.425705607910545, "x8": 1.8224548921934738, "x9": 1.523412638443029}, "datetime": {"datetime": "2025-05-18 06:26:00", "elapsed": 11361.190611, "delta": 3.587178}}
{"target": 2.469437133699312, "params": {"x0": 0.9, "x1": 0.9, "x2": 5.050674672545072, "x3": 4.2965032508993195, "x4": 1.3699772407859965, "x5": 8.118842737683003, "x6": 6.507911585950343, "x7": -3.425705607910545, "x8": 1.8224548921934738, "x9": 1.523412638443029}, "datetime": {"datetime": "2025-05-18 06:26:04", "elapsed": 11365.249902, "delta": 4.059291}}
{"target": 2.469437133699312, "params": {"x0": 0.9, "x1": 0.9, "x2": 5.050674672545072, "x3": 4.2965032508993195, "x4": 1.3699772407859965, "x5": 8.118842737683003, "x6": 6.507911585950343, "x7": -3.425705607910545, "x8": 1.8224548921934738, "x9": 1.523412638443029}, "datetime": {"datetime": "2025-05-18 06:26:09", "elapsed": 11369.575985, "delta": 4.326083}}
{"target": 2.469437133699312, "params": {"x0": 0.9, "x1": 0.9, "x2": 5.050674672545072, "x3": 4.2965032508993195, "x4": 1.3699772407859965, "x5": 8.118842737683003, "x6": 6.507911585950343, "x7": -3.425705607910545, "x8": 1.8224548921934738, "x9": 1.523412638443029}, "datetime": {"datetime": "2025-05-18 06:26:12", "elapsed": 11373.249281, "delta": 3.673296}}
{"target": 2.469437133699312, "params": {"x0": 0.9, "x1": 0.9, "x2": 5.050674672545072, "x3": 4.2965032508993195, "x4": 1.3699772407859965, "x5": 8.118842737683003, "x6": 6.507911585950343, "x7": -3.425705607910545, "x8": 1.8224548921934738, "x9": 1.523412638443029}, "datetime": {"datetime": "2025-05-18 06:26:17", "elapsed": 11377.525953, "delta": 4.276672}}
{"target": 2.469437133699312, "params": {"x0": 0.9, "x1": 0.9, "x2": 5.050674672545072, "x3": 4.2965032508993195, "x4": 1.3699772407859965, "x5": 8.118842737683003, "x6": 6.507911585950343, "x7": -3.425705607910545, "x8": 1.8224548921934738, "x9": 1.523412638443029}, "datetime": {"datetime": "2025-05-18 06:26:23", "elapsed": 11383.514274, "delta": 5.988321}}
{"target": 2.469437133699312, "params": {"x0": 0.9, "x1": 0.9, "x2": 5.050674672545072, "x3": 4.2965032508993195, "x4": 1.3699772407859965, "x5": 8.118842737683003, "x6": 6.507911585950343, "x7": -3.425705607910545, "x8": 1.8224548921934738, "x9": 1.523412638443029}, "datetime": {"datetime": "2025-05-18 06:26:27", "elapsed": 11387.907445, "delta": 4.393171}}
{"target": 2.469437133699312, "params": {"x0": 0.9, "x1": 0.9, "x2": 5.050674672545072, "x3": 4.2965032508993195, "x4": 1.3699772407859965, "x5": 8.118842737683003, "x6": 6.507911585950343, "x7": -3.425705607910545, "x8": 1.8224548921934738, "x9": 1.523412638443029}, "datetime": {"datetime": "2025-05-18 06:26:31", "elapsed": 11392.155696, "delta": 4.248251}}
{"target": 2.469437133699312, "params": {"x0": 0.9, "x1": 0.9, "x2": 5.050674672545072, "x3": 4.2965032508993195, "x4": 1.3699772407859965, "x5": 8.118842737683003, "x6": 6.507911585950343, "x7": -3.425705607910545, "x8": 1.8224548921934738, "x9": 1.523412638443029}, "datetime": {"datetime": "2025-05-18 06:26:35", "elapsed": 11395.9617, "delta": 3.806004}}
{"target": 2.469437133699312, "params": {"x0": 0.9, "x1": 0.9, "x2": 5.050674672545072, "x3": 4.2965032508993195, "x4": 1.3699772407859965, "x5": 8.118842737683003, "x6": 6.507911585950343, "x7": -3.425705607910545, "x8": 1.8224548921934738, "x9": 1.523412638443029}, "datetime": {"datetime": "2025-05-18 06:26:39", "elapsed": 11399.570646, "delta": 3.608946}}
{"target": 2.469437133699312, "params": {"x0": 0.9, "x1": 0.9, "x2": 5.050674672545072, "x3": 4.2965032508993195, "x4": 1.3699772407859965, "x5": 8.118842737683003, "x6": 6.507911585950343, "x7": -3.425705607910545, "x8": 1.8224548921934738, "x9": 1.523412638443029}, "datetime": {"datetime": "2025-05-18 06:26:42", "elapsed": 11403.230298, "delta": 3.659652}}
{"target": 2.469437133699312, "params": {"x0": 0.9, "x1": 0.9, "x2": 5.050674672545072, "x3": 4.2965032508993195, "x4": 1.3699772407859965, "x5": 8.118842737683003, "x6": 6.507911585950343, "x7": -3.425705607910545, "x8": 1.8224548921934738, "x9": 1.523412638443029}, "datetime": {"datetime": "2025-05-18 06:26:46", "elapsed": 11406.711227, "delta": 3.480929}}
{"target": 2.469437133699312, "params": {"x0": 0.9, "x1": 0.9, "x2": 5.050674672545072, "x3": 4.2965032508993195, "x4": 1.3699772407859965, "x5": 8.118842737683003, "x6": 6.507911585950343, "x7": -3.425705607910545, "x8": 1.8224548921934738, "x9": 1.523412638443029}, "datetime": {"datetime": "2025-05-18 06:26:50", "elapsed": 11410.910135, "delta": 4.198908}}
{"target": 2.469437133699312, "params": {"x0": 0.9, "x1": 0.9, "x2": 5.050674672545072, "x3": 4.2965032508993195, "x4": 1.3699772407859965, "x5": 8.118842737683003, "x6": 6.507911585950343, "x7": -3.425705607910545, "x8": 1.8224548921934738, "x9": 1.523412638443029}, "datetime": {"datetime": "2025-05-18 06:26:55", "elapsed": 11416.106904, "delta": 5.196769}}
{"target": 2.469437133699312, "params": {"x0": 0.9, "x1": 0.9, "x2": 5.050674672545072, "x3": 4.2965032508993195, "x4": 1.3699772407859965, "x5": 8.118842737683003, "x6": 6.507911585950343, "x7": -3.425705607910545, "x8": 1.8224548921934738, "x9": 1.523412638443029}, "datetime": {"datetime": "2025-05-18 06:26:59", "elapsed": 11419.83484, "delta": 3.727936}}
{"target": 2.469437133699312, "params": {"x0": 0.9, "x1": 0.9, "x2": 5.050674672545072, "x3": 4.2965032508993195, "x4": 1.3699772407859965, "x5": 8.118842737683003, "x6": 6.507911585950343, "x7": -3.425705607910545, "x8": 1.8224548921934738, "x9": 1.523412638443029}, "datetime": {"datetime": "2025-05-18 06:27:02", "elapsed": 11423.238533, "delta": 3.403693}}
{"target": 2.469437133699312, "params": {"x0": 0.9, "x1": 0.9, "x2": 5.050674672545072, "x3": 4.2965032508993195, "x4": 1.3699772407859965, "x5": 8.118842737683003, "x6": 6.507911585950343, "x7": -3.425705607910545, "x8": 1.8224548921934738, "x9": 1.523412638443029}, "datetime": {"datetime": "2025-05-18 06:27:05", "elapsed": 11426.288071, "delta": 3.049538}}
{"target": 2.469437133699312, "params": {"x0": 0.9, "x1": 0.9, "x2": 5.050674672545072, "x3": 4.2965032508993195, "x4": 1.3699772407859965, "x5": 8.118842737683003, "x6": 6.507911585950343, "x7": -3.425705607910545, "x8": 1.8224548921934738, "x9": 1.523412638443029}, "datetime": {"datetime": "2025-05-18 06:27:10", "elapsed": 11430.786254, "delta": 4.498183}}
{"target": 2.469437133699312, "params": {"x0": 0.9, "x1": 0.9, "x2": 5.050674672545072, "x3": 4.2965032508993195, "x4": 1.3699772407859965, "x5": 8.118842737683003, "x6": 6.507911585950343, "x7": -3.425705607910545, "x8": 1.8224548921934738, "x9": 1.523412638443029}, "datetime": {"datetime": "2025-05-18 06:27:14", "elapsed": 11435.207058, "delta": 4.420804}}
{"target": 2.469437133699312, "params": {"x0": 0.9, "x1": 0.9, "x2": 5.050674672545072, "x3": 4.2965032508993195, "x4": 1.3699772407859965, "x5": 8.118842737683003, "x6": 6.507911585950343, "x7": -3.425705607910545, "x8": 1.8224548921934738, "x9": 1.523412638443029}, "datetime": {"datetime": "2025-05-18 06:27:19", "elapsed": 11439.601755, "delta": 4.394697}}
{"target": 2.469437133699312, "params": {"x0": 0.9, "x1": 0.9, "x2": 5.050674672545072, "x3": 4.2965032508993195, "x4": 1.3699772407859965, "x5": 8.118842737683003, "x6": 6.507911585950343, "x7": -3.425705607910545, "x8": 1.8224548921934738, "x9": 1.523412638443029}, "datetime": {"datetime": "2025-05-18 06:27:23", "elapsed": 11444.303126, "delta": 4.701371}}
{"target": 2.469437133699312, "params": {"x0": 0.9, "x1": 0.9, "x2": 5.050674672545072, "x3": 4.2965032508993195, "x4": 1.3699772407859965, "x5": 8.118842737683003, "x6": 6.507911585950343, "x7": -3.425705607910545, "x8": 1.8224548921934738, "x9": 1.523412638443029}, "datetime": {"datetime": "2025-05-18 06:27:28", "elapsed": 11448.522137, "delta": 4.219011}}
{"target": 2.469437133699312, "params": {"x0": 0.9, "x1": 0.9, "x2": 5.050674672545072, "x3": 4.2965032508993195, "x4": 1.3699772407859965, "x5": 8.118842737683003, "x6": 6.507911585950343, "x7": -3.425705607910545, "x8": 1.8224548921934738, "x9": 1.523412638443029}, "datetime": {"datetime": "2025-05-18 06:27:33", "elapsed": 11453.419234, "delta": 4.897097}}
{"target": 2.469437133699312, "params": {"x0": 0.9, "x1": 0.9, "x2": 5.050674672545072, "x3": 4.2965032508993195, "x4": 1.3699772407859965, "x5": 8.118842737683003, "x6": 6.507911585950343, "x7": -3.425705607910545, "x8": 1.8224548921934738, "x9": 1.523412638443029}, "datetime": {"datetime": "2025-05-18 06:27:36", "elapsed": 11457.289478, "delta": 3.870244}}
{"target": 2.469437133699312, "params": {"x0": 0.9, "x1": 0.9, "x2": 5.050674672545072, "x3": 4.2965032508993195, "x4": 1.3699772407859965, "x5": 8.118842737683003, "x6": 6.507911585950343, "x7": -3.425705607910545, "x8": 1.8224548921934738, "x9": 1.523412638443029}, "datetime": {"datetime": "2025-05-18 06:27:41", "elapsed": 11461.451037, "delta": 4.161559}}
{"target": 2.469437133699312, "params": {"x0": 0.9, "x1": 0.9, "x2": 5.050674672545072, "x3": 4.2965032508993195, "x4": 1.3699772407859965, "x5": 8.118842737683003, "x6": 6.507911585950343, "x7": -3.425705607910545, "x8": 1.8224548921934738, "x9": 1.523412638443029}, "datetime": {"datetime": "2025-05-18 06:27:44", "elapsed": 11464.547938, "delta": 3.096901}}
{"target": 2.469437133699312, "params": {"x0": 0.9, "x1": 0.9, "x2": 5.050674672545072, "x3": 4.2965032508993195, "x4": 1.3699772407859965, "x5": 8.118842737683003, "x6": 6.507911585950343, "x7": -3.425705607910545, "x8": 1.8224548921934738, "x9": 1.523412638443029}, "datetime": {"datetime": "2025-05-18 06:27:47", "elapsed": 11467.942068, "delta": 3.39413}}
{"target": 2.469437133699312, "params": {"x0": 0.9, "x1": 0.9, "x2": 5.050674672545072, "x3": 4.2965032508993195, "x4": 1.3699772407859965, "x5": 8.118842737683003, "x6": 6.507911585950343, "x7": -3.425705607910545, "x8": 1.8224548921934738, "x9": 1.523412638443029}, "datetime": {"datetime": "2025-05-18 06:27:51", "elapsed": 11471.668554, "delta": 3.726486}}
{"target": 2.469437133699312, "params": {"x0": 0.9, "x1": 0.9, "x2": 5.050674672545072, "x3": 4.2965032508993195, "x4": 1.3699772407859965, "x5": 8.118842737683003, "x6": 6.507911585950343, "x7": -3.425705607910545, "x8": 1.8224548921934738, "x9": 1.523412638443029}, "datetime": {"datetime": "2025-05-18 06:27:55", "elapsed": 11475.605764, "delta": 3.93721}}
{"target": 2.469437133699312, "params": {"x0": 0.9, "x1": 0.9, "x2": 5.050674672545072, "x3": 4.2965032508993195, "x4": 1.3699772407859965, "x5": 8.118842737683003, "x6": 6.507911585950343, "x7": -3.425705607910545, "x8": 1.8224548921934738, "x9": 1.523412638443029}, "datetime": {"datetime": "2025-05-18 06:27:58", "elapsed": 11479.018922, "delta": 3.413158}}
{"target": 2.469437133699312, "params": {"x0": 0.9, "x1": 0.9, "x2": 5.050674672545072, "x3": 4.2965032508993195, "x4": 1.3699772407859965, "x5": 8.118842737683003, "x6": 6.507911585950343, "x7": -3.425705607910545, "x8": 1.8224548921934738, "x9": 1.523412638443029}, "datetime": {"datetime": "2025-05-18 06:28:01", "elapsed": 11482.097393, "delta": 3.078471}}
{"target": 2.469437133699312, "params": {"x0": 0.9, "x1": 0.9, "x2": 5.050674672545072, "x3": 4.2965032508993195, "x4": 1.3699772407859965, "x5": 8.118842737683003, "x6": 6.507911585950343, "x7": -3.425705607910545, "x8": 1.8224548921934738, "x9": 1.523412638443029}, "datetime": {"datetime": "2025-05-18 06:28:06", "elapsed": 11487.293031, "delta": 5.195638}}
{"target": 2.469437133699312, "params": {"x0": 0.9, "x1": 0.9, "x2": 5.050674672545072, "x3": 4.2965032508993195, "x4": 1.3699772407859965, "x5": 8.118842737683003, "x6": 6.507911585950343, "x7": -3.425705607910545, "x8": 1.8224548921934738, "x9": 1.523412638443029}, "datetime": {"datetime": "2025-05-18 06:28:10", "elapsed": 11490.992826, "delta": 3.699795}}
{"target": 2.469437133699312, "params": {"x0": 0.9, "x1": 0.9, "x2": 5.050674672545072, "x3": 4.2965032508993195, "x4": 1.3699772407859965, "x5": 8.118842737683003, "x6": 6.507911585950343, "x7": -3.425705607910545, "x8": 1.8224548921934738, "x9": 1.523412638443029}, "datetime": {"datetime": "2025-05-18 06:28:14", "elapsed": 11495.280141, "delta": 4.287315}}
{"target": 2.469437133699312, "params": {"x0": 0.9, "x1": 0.9, "x2": 5.050674672545072, "x3": 4.2965032508993195, "x4": 1.3699772407859965, "x5": 8.118842737683003, "x6": 6.507911585950343, "x7": -3.425705607910545, "x8": 1.8224548921934738, "x9": 1.523412638443029}, "datetime": {"datetime": "2025-05-18 06:28:18", "elapsed": 11499.26288, "delta": 3.982739}}
{"target": 2.469437133699312, "params": {"x0": 0.9, "x1": 0.9, "x2": 5.050674672545072, "x3": 4.2965032508993195, "x4": 1.3699772407859965, "x5": 8.118842737683003, "x6": 6.507911585950343, "x7": -3.425705607910545, "x8": 1.8224548921934738, "x9": 1.523412638443029}, "datetime": {"datetime": "2025-05-18 06:28:22", "elapsed": 11502.777097, "delta": 3.514217}}
{"target": 2.469437133699312, "params": {"x0": 0.9, "x1": 0.9, "x2": 5.050674672545072, "x3": 4.2965032508993195, "x4": 1.3699772407859965, "x5": 8.118842737683003, "x6": 6.507911585950343, "x7": -3.425705607910545, "x8": 1.8224548921934738, "x9": 1.523412638443029}, "datetime": {"datetime": "2025-05-18 06:28:25", "elapsed": 11506.306586, "delta": 3.529489}}
{"target": 2.469437133699312, "params": {"x0": 0.9, "x1": 0.9, "x2": 5.050674672545072, "x3": 4.2965032508993195, "x4": 1.3699772407859965, "x5": 8.118842737683003, "x6": 6.507911585950343, "x7": -3.425705607910545, "x8": 1.8224548921934738, "x9": 1.523412638443029}, "datetime": {"datetime": "2025-05-18 06:28:29", "elapsed": 11509.659783, "delta": 3.353197}}
{"target": 2.469437133699312, "params": {"x0": 0.9, "x1": 0.9, "x2": 5.050674672545072, "x3": 4.2965032508993195, "x4": 1.3699772407859965, "x5": 8.118842737683003, "x6": 6.507911585950343, "x7": -3.425705607910545, "x8": 1.8224548921934738, "x9": 1.523412638443029}, "datetime": {"datetime": "2025-05-18 06:28:33", "elapsed": 11514.142047, "delta": 4.482264}}
{"target": 2.469437133699312, "params": {"x0": 0.9, "x1": 0.9, "x2": 5.050674672545072, "x3": 4.2965032508993195, "x4": 1.3699772407859965, "x5": 8.118842737683003, "x6": 6.507911585950343, "x7": -3.425705607910545, "x8": 1.8224548921934738, "x9": 1.523412638443029}, "datetime": {"datetime": "2025-05-18 06:28:38", "elapsed": 11518.634687, "delta": 4.49264}}
{"target": 2.469437133699312, "params": {"x0": 0.9, "x1": 0.9, "x2": 5.050674672545072, "x3": 4.2965032508993195, "x4": 1.3699772407859965, "x5": 8.118842737683003, "x6": 6.507911585950343, "x7": -3.425705607910545, "x8": 1.8224548921934738, "x9": 1.523412638443029}, "datetime": {"datetime": "2025-05-18 06:28:42", "elapsed": 11523.159502, "delta": 4.524815}}
