{"target": 2.469437133699312, "params": {"x0": 0.9, "x1": 0.9000000000000405, "x2": 5.050674672545352, "x3": 4.296503250900311, "x4": 1.3699772407858262, "x5": 8.118842737682904, "x6": 6.507911585945286, "x7": -3.42570560791046, "x8": 1.8224548921934265, "x9": 1.5234126384430442}, "datetime": {"datetime": "2025-05-18 04:55:05", "elapsed": 5905.381829, "delta": 19.041041}}
{"target": 2.469437133699312, "params": {"x0": 0.9, "x1": 0.9000000000000441, "x2": 5.050674672544992, "x3": 4.296503250899587, "x4": 1.3699772407862003, "x5": 8.118842737683005, "x6": 6.507911585954658, "x7": -3.4257056079106207, "x8": 1.8224548921934902, "x9": 1.5234126384430815}, "datetime": {"datetime": "2025-05-18 04:55:24", "elapsed": 5924.487756, "delta": 19.105927}}
{"target": 2.469437133699312, "params": {"x0": 0.9000000000000004, "x1": 0.9000000000000296, "x2": 5.050674672544858, "x3": 4.296503250898576, "x4": 1.3699772407860498, "x5": 8.11884273768288, "x6": 6.507911585947285, "x7": -3.4257056079106007, "x8": 1.8224548921935053, "x9": 1.5234126384430333}, "datetime": {"datetime": "2025-05-18 04:55:42", "elapsed": 5943.162017, "delta": 18.674261}}
{"target": 2.469437133699312, "params": {"x0": 0.9000000000000005, "x1": 0.9000000000000105, "x2": 5.050674672545237, "x3": 4.296503250899273, "x4": 1.3699772407861532, "x5": 8.118842737683048, "x6": 6.507911585949384, "x7": -3.4257056079105905, "x8": 1.82245489219351, "x9": 1.5234126384429758}, "datetime": {"datetime": "2025-05-18 04:56:02", "elapsed": 5962.878145, "delta": 19.716128}}
{"target": 2.469437133699312, "params": {"x0": 0.9, "x1": 0.900000000000021, "x2": 5.05067467254517, "x3": 4.296503250899438, "x4": 1.3699772407859976, "x5": 8.118842737683082, "x6": 6.507911585947425, "x7": -3.425705607910463, "x8": 1.8224548921934853, "x9": 1.5234126384430098}, "datetime": {"datetime": "2025-05-18 04:56:21", "elapsed": 5981.591244, "delta": 18.713099}}
{"target": 2.469437133699312, "params": {"x0": 0.9, "x1": 0.9000000000000203, "x2": 5.050674672545143, "x3": 4.2965032508991925, "x4": 1.369977240785952, "x5": 8.118842737682936, "x6": 6.507911585948369, "x7": -3.4257056079105777, "x8": 1.8224548921934594, "x9": 1.5234126384430762}, "datetime": {"datetime": "2025-05-18 04:56:40", "elapsed": 6000.656136, "delta": 19.064892}}
{"target": 2.469437133699312, "params": {"x0": 0.9000000000000001, "x1": 0.9000000000000242, "x2": 5.050674672545213, "x3": 4.296503250898918, "x4": 1.3699772407861008, "x5": 8.118842737682932, "x6": 6.5079115859525505, "x7": -3.4257056079105124, "x8": 1.8224548921934802, "x9": 1.52341263844305}, "datetime": {"datetime": "2025-05-18 04:56:59", "elapsed": 6019.434557, "delta": 18.778421}}
{"target": 2.469437133699312, "params": {"x0": 0.9000000000000001, "x1": 0.9000000000000273, "x2": 5.050674672545168, "x3": 4.296503250898951, "x4": 1.3699772407859578, "x5": 8.118842737683085, "x6": 6.507911585948113, "x7": -3.4257056079106043, "x8": 1.8224548921934478, "x9": 1.5234126384430295}, "datetime": {"datetime": "2025-05-18 04:57:18", "elapsed": 6038.410455, "delta": 18.975898}}
{"target": 2.469437133699312, "params": {"x0": 0.9000000000000001, "x1": 0.9000000000000238, "x2": 5.0506746725451634, "x3": 4.296503250899783, "x4": 1.3699772407860495, "x5": 8.118842737683028, "x6": 6.50791158594993, "x7": -3.4257056079104977, "x8": 1.8224548921934745, "x9": 1.5234126384430269}, "datetime": {"datetime": "2025-05-18 04:57:36", "elapsed": 6057.281324, "delta": 18.870869}}
{"target": 2.469437133699312, "params": {"x0": 0.9, "x1": 0.9000000000000037, "x2": 5.05067467254512, "x3": 4.29650325089917, "x4": 1.3699772407860664, "x5": 8.118842737683037, "x6": 6.507911585950751, "x7": -3.4257056079105315, "x8": 1.8224548921934964, "x9": 1.5234126384430227}, "datetime": {"datetime": "2025-05-18 04:57:56", "elapsed": 6076.786778, "delta": 19.505454}}
{"target": 2.469437133699312, "params": {"x0": 0.9000000000000001, "x1": 0.9000000000000197, "x2": 5.0506746725450125, "x3": 4.296503250899014, "x4": 1.369977240785903, "x5": 8.11884273768305, "x6": 6.507911585952014, "x7": -3.425705607910543, "x8": 1.8224548921934862, "x9": 1.5234126384430269}, "datetime": {"datetime": "2025-05-18 04:58:15", "elapsed": 6096.108837, "delta": 19.322059}}
{"target": 2.469437133699312, "params": {"x0": 0.9, "x1": 0.9000000000000155, "x2": 5.050674672545052, "x3": 4.296503250899503, "x4": 1.369977240785986, "x5": 8.118842737682995, "x6": 6.5079115859515735, "x7": -3.4257056079105377, "x8": 1.822454892193475, "x9": 1.5234126384430489}, "datetime": {"datetime": "2025-05-18 04:58:34", "elapsed": 6114.771817, "delta": 18.66298}}
{"target": 2.469437133699312, "params": {"x0": 0.9, "x1": 0.9000000000000082, "x2": 5.050674672545074, "x3": 4.296503250899428, "x4": 1.3699772407859816, "x5": 8.11884273768305, "x6": 6.507911585951607, "x7": -3.4257056079105657, "x8": 1.8224548921934591, "x9": 1.5234126384430502}, "datetime": {"datetime": "2025-05-18 04:58:53", "elapsed": 6133.78574, "delta": 19.013923}}
{"target": 2.469437133699312, "params": {"x0": 0.9000000000000001, "x1": 0.900000000000005, "x2": 5.050674672545097, "x3": 4.296503250899436, "x4": 1.369977240785986, "x5": 8.11884273768302, "x6": 6.507911585951651, "x7": -3.4257056079105292, "x8": 1.8224548921934582, "x9": 1.5234126384430453}, "datetime": {"datetime": "2025-05-18 04:59:12", "elapsed": 6153.046691, "delta": 19.260951}}
{"target": 2.469437133699312, "params": {"x0": 0.9, "x1": 0.9000000000000048, "x2": 5.05067467254509, "x3": 4.296503250899445, "x4": 1.3699772407859299, "x5": 8.118842737682973, "x6": 6.507911585949845, "x7": -3.4257056079105173, "x8": 1.822454892193487, "x9": 1.5234126384430446}, "datetime": {"datetime": "2025-05-18 04:59:32", "elapsed": 6172.428855, "delta": 19.382164}}
{"target": 2.469437133699312, "params": {"x0": 0.9, "x1": 0.9000000000000066, "x2": 5.050674672545106, "x3": 4.296503250899439, "x4": 1.3699772407860333, "x5": 8.118842737683, "x6": 6.507911585951427, "x7": -3.4257056079105483, "x8": 1.8224548921934713, "x9": 1.523412638443022}, "datetime": {"datetime": "2025-05-18 04:59:51", "elapsed": 6191.472729, "delta": 19.043874}}
{"target": 2.469437133699312, "params": {"x0": 0.9, "x1": 0.900000000000008, "x2": 5.050674672545103, "x3": 4.296503250899366, "x4": 1.3699772407859931, "x5": 8.118842737683, "x6": 6.507911585950607, "x7": -3.425705607910538, "x8": 1.8224548921934745, "x9": 1.5234126384430173}, "datetime": {"datetime": "2025-05-18 05:00:11", "elapsed": 6211.673903, "delta": 20.201174}}
{"target": 2.469437133699312, "params": {"x0": 0.9, "x1": 0.9000000000000047, "x2": 5.050674672545087, "x3": 4.296503250899297, "x4": 1.3699772407860533, "x5": 8.118842737682986, "x6": 6.507911585949521, "x7": -3.425705607910565, "x8": 1.8224548921934784, "x9": 1.523412638443019}, "datetime": {"datetime": "2025-05-18 05:00:30", "elapsed": 6230.920098, "delta": 19.246195}}
{"target": 2.469437133699312, "params": {"x0": 0.9, "x1": 0.9000000000000081, "x2": 5.050674672545051, "x3": 4.296503250899239, "x4": 1.369977240786029, "x5": 8.118842737682991, "x6": 6.50791158595003, "x7": -3.425705607910531, "x8": 1.8224548921934824, "x9": 1.5234126384430402}, "datetime": {"datetime": "2025-05-18 05:00:49", "elapsed": 6249.558633, "delta": 18.638535}}
{"target": 2.469437133699312, "params": {"x0": 0.9, "x1": 0.9000000000000012, "x2": 5.050674672545105, "x3": 4.296503250899217, "x4": 1.3699772407860145, "x5": 8.118842737682995, "x6": 6.50791158594982, "x7": -3.4257056079105443, "x8": 1.8224548921934671, "x9": 1.5234126384430275}, "datetime": {"datetime": "2025-05-18 05:01:08", "elapsed": 6268.765891, "delta": 19.207258}}
{"target": 2.469437133699312, "params": {"x0": 0.9000000000000001, "x1": 0.9000000000000072, "x2": 5.050674672545072, "x3": 4.29650325089945, "x4": 1.36997724078602, "x5": 8.118842737683009, "x6": 6.50791158595013, "x7": -3.425705607910536, "x8": 1.8224548921934765, "x9": 1.5234126384430264}, "datetime": {"datetime": "2025-05-18 05:01:27", "elapsed": 6287.451235, "delta": 18.685344}}
{"target": 2.469437133699312, "params": {"x0": 0.9000000000000001, "x1": 0.9000000000000042, "x2": 5.050674672545087, "x3": 4.2965032508993914, "x4": 1.3699772407859636, "x5": 8.118842737683014, "x6": 6.507911585949905, "x7": -3.425705607910553, "x8": 1.8224548921934678, "x9": 1.523412638443026}, "datetime": {"datetime": "2025-05-18 05:01:45", "elapsed": 6306.329425, "delta": 18.87819}}
{"target": 2.469437133699312, "params": {"x0": 0.9, "x1": 0.9000000000000062, "x2": 5.050674672545098, "x3": 4.296503250899263, "x4": 1.369977240785967, "x5": 8.118842737683003, "x6": 6.507911585950044, "x7": -3.42570560791054, "x8": 1.822454892193468, "x9": 1.5234126384430218}, "datetime": {"datetime": "2025-05-18 05:02:05", "elapsed": 6325.709981, "delta": 19.380556}}
{"target": 2.469437133699312, "params": {"x0": 0.9, "x1": 0.9000000000000037, "x2": 5.050674672545073, "x3": 4.29650325089923, "x4": 1.3699772407859843, "x5": 8.118842737682995, "x6": 6.5079115859502785, "x7": -3.4257056079105443, "x8": 1.8224548921934756, "x9": 1.5234126384430242}, "datetime": {"datetime": "2025-05-18 05:02:24", "elapsed": 6344.87851, "delta": 19.168529}}
{"target": 2.469437133699312, "params": {"x0": 0.9, "x1": 0.9000000000000004, "x2": 5.0506746725450515, "x3": 4.296503250899326, "x4": 1.3699772407859698, "x5": 8.118842737682995, "x6": 6.507911585950225, "x7": -3.4257056079105372, "x8": 1.822454892193478, "x9": 1.523412638443029}, "datetime": {"datetime": "2025-05-18 05:02:44", "elapsed": 6364.826364, "delta": 19.947854}}
{"target": 2.469437133699312, "params": {"x0": 0.9, "x1": 0.9000000000000035, "x2": 5.050674672545062, "x3": 4.296503250899348, "x4": 1.369977240785981, "x5": 8.11884273768301, "x6": 6.50791158595049, "x7": -3.4257056079105412, "x8": 1.822454892193471, "x9": 1.5234126384430338}, "datetime": {"datetime": "2025-05-18 05:03:04", "elapsed": 6384.445581, "delta": 19.619217}}
{"target": 2.469437133699312, "params": {"x0": 0.9, "x1": 0.9000000000000034, "x2": 5.050674672545062, "x3": 4.296503250899386, "x4": 1.3699772407860153, "x5": 8.118842737683009, "x6": 6.507911585950413, "x7": -3.425705607910545, "x8": 1.8224548921934716, "x9": 1.5234126384430253}, "datetime": {"datetime": "2025-05-18 05:03:23", "elapsed": 6404.007425, "delta": 19.561844}}
{"target": 2.469437133699312, "params": {"x0": 0.9, "x1": 0.9000000000000006, "x2": 5.050674672545085, "x3": 4.2965032508993115, "x4": 1.3699772407860147, "x5": 8.118842737682998, "x6": 6.507911585950449, "x7": -3.4257056079105377, "x8": 1.822454892193476, "x9": 1.523412638443032}, "datetime": {"datetime": "2025-05-18 05:03:42", "elapsed": 6423.164769, "delta": 19.157344}}
{"target": 2.469437133699312, "params": {"x0": 0.9, "x1": 0.9000000000000025, "x2": 5.050674672545066, "x3": 4.296503250899299, "x4": 1.3699772407859832, "x5": 8.118842737682995, "x6": 6.50791158595057, "x7": -3.4257056079105395, "x8": 1.822454892193472, "x9": 1.5234126384430322}, "datetime": {"datetime": "2025-05-18 05:04:02", "elapsed": 6442.757768, "delta": 19.592999}}
{"target": 2.469437133699312, "params": {"x0": 0.9, "x1": 0.9000000000000028, "x2": 5.050674672545062, "x3": 4.296503250899268, "x4": 1.3699772407859996, "x5": 8.11884273768301, "x6": 6.507911585950519, "x7": -3.4257056079105475, "x8": 1.822454892193473, "x9": 1.5234126384430284}, "datetime": {"datetime": "2025-05-18 05:04:22", "elapsed": 6462.652486, "delta": 19.894718}}
{"target": 2.469437133699312, "params": {"x0": 0.9, "x1": 0.900000000000003, "x2": 5.050674672545081, "x3": 4.296503250899271, "x4": 1.3699772407859987, "x5": 8.118842737682998, "x6": 6.507911585950149, "x7": -3.4257056079105435, "x8": 1.8224548921934713, "x9": 1.5234126384430289}, "datetime": {"datetime": "2025-05-18 05:04:42", "elapsed": 6482.930602, "delta": 20.278116}}
{"target": 2.469437133699312, "params": {"x0": 0.9, "x1": 0.9000000000000025, "x2": 5.050674672545064, "x3": 4.296503250899278, "x4": 1.3699772407859978, "x5": 8.118842737683, "x6": 6.507911585950293, "x7": -3.4257056079105417, "x8": 1.8224548921934756, "x9": 1.523412638443026}, "datetime": {"datetime": "2025-05-18 05:05:02", "elapsed": 6502.459682, "delta": 19.52908}}
{"target": 2.469437133699312, "params": {"x0": 0.9, "x1": 0.9000000000000026, "x2": 5.050674672545062, "x3": 4.29650325089936, "x4": 1.3699772407860034, "x5": 8.118842737683002, "x6": 6.507911585950491, "x7": -3.425705607910546, "x8": 1.8224548921934727, "x9": 1.523412638443029}, "datetime": {"datetime": "2025-05-18 05:05:21", "elapsed": 6521.517495, "delta": 19.057813}}
{"target": 2.469437133699312, "params": {"x0": 0.9, "x1": 0.9000000000000009, "x2": 5.050674672545065, "x3": 4.2965032508993515, "x4": 1.3699772407859965, "x5": 8.118842737683003, "x6": 6.507911585950259, "x7": -3.4257056079105412, "x8": 1.822454892193472, "x9": 1.523412638443028}, "datetime": {"datetime": "2025-05-18 05:05:40", "elapsed": 6540.378696, "delta": 18.861201}}
{"target": 2.469437133699312, "params": {"x0": 0.9, "x1": 0.9000000000000008, "x2": 5.050674672545071, "x3": 4.296503250899298, "x4": 1.3699772407860022, "x5": 8.118842737683003, "x6": 6.50791158595042, "x7": -3.4257056079105426, "x8": 1.8224548921934736, "x9": 1.52341263844303}, "datetime": {"datetime": "2025-05-18 05:06:00", "elapsed": 6560.363133, "delta": 19.984437}}
{"target": 2.469437133699312, "params": {"x0": 0.9, "x1": 0.9000000000000005, "x2": 5.050674672545072, "x3": 4.296503250899328, "x4": 1.3699772407859891, "x5": 8.118842737683005, "x6": 6.507911585950273, "x7": -3.4257056079105417, "x8": 1.822454892193474, "x9": 1.5234126384430298}, "datetime": {"datetime": "2025-05-18 05:06:19", "elapsed": 6579.91254, "delta": 19.549407}}
{"target": 2.469437133699312, "params": {"x0": 0.9, "x1": 0.9000000000000007, "x2": 5.050674672545069, "x3": 4.296503250899319, "x4": 1.3699772407859945, "x5": 8.118842737683, "x6": 6.507911585950409, "x7": -3.425705607910545, "x8": 1.822454892193473, "x9": 1.5234126384430295}, "datetime": {"datetime": "2025-05-18 05:06:39", "elapsed": 6600.230508, "delta": 20.317968}}
{"target": 2.469437133699312, "params": {"x0": 0.9, "x1": 0.9000000000000004, "x2": 5.050674672545073, "x3": 4.296503250899332, "x4": 1.3699772407859987, "x5": 8.118842737683003, "x6": 6.507911585950248, "x7": -3.4257056079105443, "x8": 1.822454892193475, "x9": 1.5234126384430273}, "datetime": {"datetime": "2025-05-18 05:06:59", "elapsed": 6619.470163, "delta": 19.239655}}
{"target": 2.469437133699312, "params": {"x0": 0.9, "x1": 0.9000000000000009, "x2": 5.05067467254507, "x3": 4.296503250899299, "x4": 1.369977240785992, "x5": 8.118842737683, "x6": 6.507911585950331, "x7": -3.425705607910547, "x8": 1.822454892193474, "x9": 1.5234126384430289}, "datetime": {"datetime": "2025-05-18 05:07:18", "elapsed": 6639.261181, "delta": 19.791018}}
{"target": 2.469437133699312, "params": {"x0": 0.9, "x1": 0.9000000000000002, "x2": 5.05067467254507, "x3": 4.296503250899306, "x4": 1.3699772407860018, "x5": 8.118842737683, "x6": 6.507911585950302, "x7": -3.4257056079105466, "x8": 1.8224548921934736, "x9": 1.5234126384430302}, "datetime": {"datetime": "2025-05-18 05:07:38", "elapsed": 6658.857344, "delta": 19.596163}}
{"target": 2.469437133699312, "params": {"x0": 0.9, "x1": 0.9000000000000005, "x2": 5.0506746725450675, "x3": 4.29650325089933, "x4": 1.3699772407859925, "x5": 8.118842737683003, "x6": 6.507911585950311, "x7": -3.4257056079105452, "x8": 1.8224548921934742, "x9": 1.5234126384430284}, "datetime": {"datetime": "2025-05-18 05:07:58", "elapsed": 6678.420878, "delta": 19.563534}}
{"target": 2.469437133699312, "params": {"x0": 0.9, "x1": 0.900000000000001, "x2": 5.050674672545074, "x3": 4.296503250899309, "x4": 1.3699772407859976, "x5": 8.118842737683005, "x6": 6.50791158595037, "x7": -3.4257056079105443, "x8": 1.8224548921934736, "x9": 1.5234126384430287}, "datetime": {"datetime": "2025-05-18 05:08:18", "elapsed": 6698.335756, "delta": 19.914878}}
{"target": 2.469437133699312, "params": {"x0": 0.9, "x1": 0.9000000000000009, "x2": 5.050674672545075, "x3": 4.296503250899326, "x4": 1.369977240785993, "x5": 8.118842737683003, "x6": 6.50791158595031, "x7": -3.4257056079105435, "x8": 1.8224548921934738, "x9": 1.5234126384430298}, "datetime": {"datetime": "2025-05-18 05:08:37", "elapsed": 6717.730735, "delta": 19.394979}}
{"target": 2.469437133699312, "params": {"x0": 0.9, "x1": 0.9000000000000004, "x2": 5.050674672545072, "x3": 4.296503250899313, "x4": 1.3699772407859967, "x5": 8.118842737683003, "x6": 6.507911585950307, "x7": -3.425705607910545, "x8": 1.8224548921934733, "x9": 1.5234126384430284}, "datetime": {"datetime": "2025-05-18 05:08:57", "elapsed": 6737.495837, "delta": 19.765102}}
{"target": 2.469437133699312, "params": {"x0": 0.9, "x1": 0.9000000000000005, "x2": 5.050674672545075, "x3": 4.2965032508993195, "x4": 1.3699772407859965, "x5": 8.118842737683005, "x6": 6.507911585950321, "x7": -3.4257056079105457, "x8": 1.8224548921934742, "x9": 1.52341263844303}, "datetime": {"datetime": "2025-05-18 05:09:16", "elapsed": 6757.183721, "delta": 19.687884}}
{"target": 2.469437133699312, "params": {"x0": 0.9, "x1": 0.9, "x2": 5.050674672545073, "x3": 4.296503250899327, "x4": 1.3699772407859951, "x5": 8.118842737683003, "x6": 6.507911585950303, "x7": -3.4257056079105457, "x8": 1.822454892193474, "x9": 1.5234126384430298}, "datetime": {"datetime": "2025-05-18 05:09:36", "elapsed": 6776.715859, "delta": 19.532138}}
{"target": 2.469437133699312, "params": {"x0": 0.9, "x1": 0.9000000000000006, "x2": 5.050674672545071, "x3": 4.296503250899312, "x4": 1.369977240785998, "x5": 8.118842737683002, "x6": 6.507911585950335, "x7": -3.425705607910545, "x8": 1.8224548921934736, "x9": 1.5234126384430293}, "datetime": {"datetime": "2025-05-18 05:09:57", "elapsed": 6797.401326, "delta": 20.685467}}
{"target": 2.469437133699312, "params": {"x0": 0.9, "x1": 0.9000000000000005, "x2": 5.050674672545071, "x3": 4.296503250899316, "x4": 1.3699772407859971, "x5": 8.118842737683003, "x6": 6.507911585950357, "x7": -3.425705607910544, "x8": 1.8224548921934736, "x9": 1.5234126384430284}, "datetime": {"datetime": "2025-05-18 05:10:17", "elapsed": 6817.468777, "delta": 20.067451}}
{"target": 2.469437133699312, "params": {"x0": 0.9, "x1": 0.9000000000000005, "x2": 5.05067467254507, "x3": 4.2965032508993195, "x4": 1.369977240785996, "x5": 8.118842737683005, "x6": 6.5079115859503425, "x7": -3.425705607910545, "x8": 1.8224548921934742, "x9": 1.5234126384430289}, "datetime": {"datetime": "2025-05-18 05:10:37", "elapsed": 6837.649861, "delta": 20.181084}}
{"target": 2.469437133699312, "params": {"x0": 0.9, "x1": 0.9000000000000004, "x2": 5.05067467254507, "x3": 4.296503250899324, "x4": 1.369977240785995, "x5": 8.118842737683003, "x6": 6.507911585950339, "x7": -3.4257056079105443, "x8": 1.8224548921934738, "x9": 1.5234126384430293}, "datetime": {"datetime": "2025-05-18 05:10:56", "elapsed": 6857.230551, "delta": 19.58069}}
{"target": 2.469437133699312, "params": {"x0": 0.9, "x1": 0.9, "x2": 5.05067467254507, "x3": 4.296503250899318, "x4": 1.3699772407859974, "x5": 8.118842737683005, "x6": 6.507911585950356, "x7": -3.425705607910544, "x8": 1.8224548921934738, "x9": 1.5234126384430295}, "datetime": {"datetime": "2025-05-18 05:11:17", "elapsed": 6878.064318, "delta": 20.833767}}
{"target": 2.469437133699312, "params": {"x0": 0.9, "x1": 0.9000000000000001, "x2": 5.050674672545071, "x3": 4.296503250899322, "x4": 1.3699772407859958, "x5": 8.118842737683003, "x6": 6.5079115859503345, "x7": -3.4257056079105443, "x8": 1.822454892193474, "x9": 1.523412638443029}, "datetime": {"datetime": "2025-05-18 05:11:37", "elapsed": 6897.696015, "delta": 19.631697}}
{"target": 2.469437133699312, "params": {"x0": 0.9, "x1": 0.9000000000000002, "x2": 5.050674672545071, "x3": 4.296503250899322, "x4": 1.3699772407859951, "x5": 8.118842737683003, "x6": 6.507911585950333, "x7": -3.4257056079105452, "x8": 1.8224548921934738, "x9": 1.5234126384430289}, "datetime": {"datetime": "2025-05-18 05:11:56", "elapsed": 6917.298364, "delta": 19.602349}}
{"target": 2.469437133699312, "params": {"x0": 0.9, "x1": 0.9000000000000001, "x2": 5.050674672545072, "x3": 4.296503250899322, "x4": 1.3699772407859965, "x5": 8.118842737683003, "x6": 6.507911585950339, "x7": -3.4257056079105443, "x8": 1.822454892193474, "x9": 1.5234126384430293}, "datetime": {"datetime": "2025-05-18 05:12:16", "elapsed": 6936.829481, "delta": 19.531117}}
{"target": 2.469437133699312, "params": {"x0": 0.9, "x1": 0.9000000000000001, "x2": 5.050674672545072, "x3": 4.29650325089932, "x4": 1.369977240785996, "x5": 8.118842737683003, "x6": 6.507911585950341, "x7": -3.4257056079105443, "x8": 1.8224548921934738, "x9": 1.5234126384430289}, "datetime": {"datetime": "2025-05-18 05:12:37", "elapsed": 6957.610505, "delta": 20.781024}}
{"target": 2.469437133699312, "params": {"x0": 0.9, "x1": 0.9, "x2": 5.050674672545073, "x3": 4.296503250899317, "x4": 1.3699772407859958, "x5": 8.118842737683003, "x6": 6.507911585950342, "x7": -3.4257056079105452, "x8": 1.822454892193474, "x9": 1.5234126384430293}, "datetime": {"datetime": "2025-05-18 05:12:58", "elapsed": 6978.419175, "delta": 20.80867}}
{"target": 2.469437133699312, "params": {"x0": 0.9, "x1": 0.9000000000000001, "x2": 5.050674672545072, "x3": 4.296503250899321, "x4": 1.3699772407859967, "x5": 8.118842737683003, "x6": 6.507911585950339, "x7": -3.4257056079105452, "x8": 1.8224548921934736, "x9": 1.5234126384430293}, "datetime": {"datetime": "2025-05-18 05:13:17", "elapsed": 6997.925276, "delta": 19.506101}}
{"target": 2.469437133699312, "params": {"x0": 0.9, "x1": 0.9000000000000001, "x2": 5.050674672545071, "x3": 4.296503250899321, "x4": 1.3699772407859965, "x5": 8.118842737683003, "x6": 6.507911585950337, "x7": -3.4257056079105452, "x8": 1.8224548921934738, "x9": 1.5234126384430289}, "datetime": {"datetime": "2025-05-18 05:13:37", "elapsed": 7017.464925, "delta": 19.539649}}
