{"target": 2.469437133699312, "params": {"x0": 0.9, "x1": 0.9, "x2": 5.050674672545072, "x3": 4.2965032508993195, "x4": 1.3699772407859965, "x5": 8.118842737683003, "x6": 6.507911585950343, "x7": -3.425705607910545, "x8": 1.8224548921934738, "x9": 1.523412638443029}, "datetime": {"datetime": "2025-05-18 05:31:30", "elapsed": 8090.754354, "delta": 4.062768}}
{"target": 2.469437133699312, "params": {"x0": 0.9, "x1": 0.9, "x2": 5.050674672545072, "x3": 4.2965032508993195, "x4": 1.3699772407859965, "x5": 8.118842737683003, "x6": 6.507911585950343, "x7": -3.425705607910545, "x8": 1.8224548921934738, "x9": 1.523412638443029}, "datetime": {"datetime": "2025-05-18 05:31:33", "elapsed": 8094.176661, "delta": 3.422307}}
{"target": 2.469437133699312, "params": {"x0": 0.9, "x1": 0.9, "x2": 5.050674672545072, "x3": 4.2965032508993195, "x4": 1.3699772407859965, "x5": 8.118842737683003, "x6": 6.507911585950343, "x7": -3.425705607910545, "x8": 1.8224548921934738, "x9": 1.523412638443029}, "datetime": {"datetime": "2025-05-18 05:31:37", "elapsed": 8098.027702, "delta": 3.851041}}
{"target": 2.469437133699312, "params": {"x0": 0.9, "x1": 0.9, "x2": 5.050674672545072, "x3": 4.2965032508993195, "x4": 1.3699772407859965, "x5": 8.118842737683003, "x6": 6.507911585950343, "x7": -3.425705607910545, "x8": 1.8224548921934738, "x9": 1.523412638443029}, "datetime": {"datetime": "2025-05-18 05:31:40", "elapsed": 8101.076194, "delta": 3.048492}}
{"target": 2.469437133699312, "params": {"x0": 0.9, "x1": 0.9, "x2": 5.050674672545072, "x3": 4.2965032508993195, "x4": 1.3699772407859965, "x5": 8.118842737683003, "x6": 6.507911585950343, "x7": -3.425705607910545, "x8": 1.8224548921934738, "x9": 1.523412638443029}, "datetime": {"datetime": "2025-05-18 05:31:45", "elapsed": 8105.586147, "delta": 4.509953}}
{"target": 2.469437133699312, "params": {"x0": 0.9, "x1": 0.9, "x2": 5.050674672545072, "x3": 4.2965032508993195, "x4": 1.3699772407859965, "x5": 8.118842737683003, "x6": 6.507911585950343, "x7": -3.425705607910545, "x8": 1.8224548921934738, "x9": 1.523412638443029}, "datetime": {"datetime": "2025-05-18 05:31:51", "elapsed": 8111.33821, "delta": 5.752063}}
{"target": 2.469437133699312, "params": {"x0": 0.9, "x1": 0.9, "x2": 5.050674672545072, "x3": 4.2965032508993195, "x4": 1.3699772407859965, "x5": 8.118842737683003, "x6": 6.507911585950343, "x7": -3.425705607910545, "x8": 1.8224548921934738, "x9": 1.523412638443029}, "datetime": {"datetime": "2025-05-18 05:31:57", "elapsed": 8117.727616, "delta": 6.389406}}
{"target": 2.469437133699312, "params": {"x0": 0.9, "x1": 0.9, "x2": 5.050674672545072, "x3": 4.2965032508993195, "x4": 1.3699772407859965, "x5": 8.118842737683003, "x6": 6.507911585950343, "x7": -3.425705607910545, "x8": 1.8224548921934738, "x9": 1.523412638443029}, "datetime": {"datetime": "2025-05-18 05:32:00", "elapsed": 8121.223585, "delta": 3.495969}}
{"target": 2.469437133699312, "params": {"x0": 0.9, "x1": 0.9, "x2": 5.050674672545072, "x3": 4.2965032508993195, "x4": 1.3699772407859965, "x5": 8.118842737683003, "x6": 6.507911585950343, "x7": -3.425705607910545, "x8": 1.8224548921934738, "x9": 1.523412638443029}, "datetime": {"datetime": "2025-05-18 05:32:03", "elapsed": 8124.296254, "delta": 3.072669}}
{"target": 2.469437133699312, "params": {"x0": 0.9, "x1": 0.9, "x2": 5.050674672545072, "x3": 4.2965032508993195, "x4": 1.3699772407859965, "x5": 8.118842737683003, "x6": 6.507911585950343, "x7": -3.425705607910545, "x8": 1.8224548921934738, "x9": 1.523412638443029}, "datetime": {"datetime": "2025-05-18 05:32:09", "elapsed": 8129.567793, "delta": 5.271539}}
{"target": 2.469437133699312, "params": {"x0": 0.9, "x1": 0.9, "x2": 5.050674672545072, "x3": 4.2965032508993195, "x4": 1.3699772407859965, "x5": 8.118842737683003, "x6": 6.507911585950343, "x7": -3.425705607910545, "x8": 1.8224548921934738, "x9": 1.523412638443029}, "datetime": {"datetime": "2025-05-18 05:32:14", "elapsed": 8134.340905, "delta": 4.773112}}
{"target": 2.469437133699312, "params": {"x0": 0.9, "x1": 0.9, "x2": 5.050674672545072, "x3": 4.2965032508993195, "x4": 1.3699772407859965, "x5": 8.118842737683003, "x6": 6.507911585950343, "x7": -3.425705607910545, "x8": 1.8224548921934738, "x9": 1.523412638443029}, "datetime": {"datetime": "2025-05-18 05:32:17", "elapsed": 8138.222628, "delta": 3.881723}}
{"target": 2.469437133699312, "params": {"x0": 0.9, "x1": 0.9, "x2": 5.050674672545072, "x3": 4.2965032508993195, "x4": 1.3699772407859965, "x5": 8.118842737683003, "x6": 6.507911585950343, "x7": -3.425705607910545, "x8": 1.8224548921934738, "x9": 1.523412638443029}, "datetime": {"datetime": "2025-05-18 05:32:21", "elapsed": 8141.561624, "delta": 3.338996}}
{"target": 2.469437133699312, "params": {"x0": 0.9, "x1": 0.9, "x2": 5.050674672545072, "x3": 4.2965032508993195, "x4": 1.3699772407859965, "x5": 8.118842737683003, "x6": 6.507911585950343, "x7": -3.425705607910545, "x8": 1.8224548921934738, "x9": 1.523412638443029}, "datetime": {"datetime": "2025-05-18 05:32:24", "elapsed": 8145.175277, "delta": 3.613653}}
{"target": 2.469437133699312, "params": {"x0": 0.9, "x1": 0.9, "x2": 5.050674672545072, "x3": 4.2965032508993195, "x4": 1.3699772407859965, "x5": 8.118842737683003, "x6": 6.507911585950343, "x7": -3.425705607910545, "x8": 1.8224548921934738, "x9": 1.523412638443029}, "datetime": {"datetime": "2025-05-18 05:32:28", "elapsed": 8148.734034, "delta": 3.558757}}
{"target": 2.469437133699312, "params": {"x0": 0.9, "x1": 0.9, "x2": 5.050674672545072, "x3": 4.2965032508993195, "x4": 1.3699772407859965, "x5": 8.118842737683003, "x6": 6.507911585950343, "x7": -3.425705607910545, "x8": 1.8224548921934738, "x9": 1.523412638443029}, "datetime": {"datetime": "2025-05-18 05:32:32", "elapsed": 8153.128264, "delta": 4.39423}}
{"target": 2.469437133699312, "params": {"x0": 0.9, "x1": 0.9, "x2": 5.050674672545072, "x3": 4.2965032508993195, "x4": 1.3699772407859965, "x5": 8.118842737683003, "x6": 6.507911585950343, "x7": -3.425705607910545, "x8": 1.8224548921934738, "x9": 1.523412638443029}, "datetime": {"datetime": "2025-05-18 05:32:38", "elapsed": 8158.383563, "delta": 5.255299}}
{"target": 2.469437133699312, "params": {"x0": 0.9, "x1": 0.9, "x2": 5.050674672545072, "x3": 4.2965032508993195, "x4": 1.3699772407859965, "x5": 8.118842737683003, "x6": 6.507911585950343, "x7": -3.425705607910545, "x8": 1.8224548921934738, "x9": 1.523412638443029}, "datetime": {"datetime": "2025-05-18 05:32:42", "elapsed": 8162.650508, "delta": 4.266945}}
{"target": 2.469437133699312, "params": {"x0": 0.9, "x1": 0.9, "x2": 5.050674672545072, "x3": 4.2965032508993195, "x4": 1.3699772407859965, "x5": 8.118842737683003, "x6": 6.507911585950343, "x7": -3.425705607910545, "x8": 1.8224548921934738, "x9": 1.523412638443029}, "datetime": {"datetime": "2025-05-18 05:32:45", "elapsed": 8165.870834, "delta": 3.220326}}
{"target": 2.469437133699312, "params": {"x0": 0.9, "x1": 0.9, "x2": 5.050674672545072, "x3": 4.2965032508993195, "x4": 1.3699772407859965, "x5": 8.118842737683003, "x6": 6.507911585950343, "x7": -3.425705607910545, "x8": 1.8224548921934738, "x9": 1.523412638443029}, "datetime": {"datetime": "2025-05-18 05:32:49", "elapsed": 8169.678694, "delta": 3.80786}}
{"target": 2.469437133699312, "params": {"x0": 0.9, "x1": 0.9, "x2": 5.050674672545072, "x3": 4.2965032508993195, "x4": 1.3699772407859965, "x5": 8.118842737683003, "x6": 6.507911585950343, "x7": -3.425705607910545, "x8": 1.8224548921934738, "x9": 1.523412638443029}, "datetime": {"datetime": "2025-05-18 05:32:52", "elapsed": 8172.980987, "delta": 3.302293}}
{"target": 2.469437133699312, "params": {"x0": 0.9, "x1": 0.9, "x2": 5.050674672545072, "x3": 4.2965032508993195, "x4": 1.3699772407859965, "x5": 8.118842737683003, "x6": 6.507911585950343, "x7": -3.425705607910545, "x8": 1.8224548921934738, "x9": 1.523412638443029}, "datetime": {"datetime": "2025-05-18 05:32:57", "elapsed": 8177.593203, "delta": 4.612216}}
{"target": 2.469437133699312, "params": {"x0": 0.9, "x1": 0.9, "x2": 5.050674672545072, "x3": 4.2965032508993195, "x4": 1.3699772407859965, "x5": 8.118842737683003, "x6": 6.507911585950343, "x7": -3.425705607910545, "x8": 1.8224548921934738, "x9": 1.523412638443029}, "datetime": {"datetime": "2025-05-18 05:33:00", "elapsed": 8181.020305, "delta": 3.427102}}
{"target": 2.469437133699312, "params": {"x0": 0.9, "x1": 0.9, "x2": 5.050674672545072, "x3": 4.2965032508993195, "x4": 1.3699772407859965, "x5": 8.118842737683003, "x6": 6.507911585950343, "x7": -3.425705607910545, "x8": 1.8224548921934738, "x9": 1.523412638443029}, "datetime": {"datetime": "2025-05-18 05:33:05", "elapsed": 8185.374085, "delta": 4.35378}}
{"target": 2.469437133699312, "params": {"x0": 0.9, "x1": 0.9, "x2": 5.050674672545072, "x3": 4.2965032508993195, "x4": 1.3699772407859965, "x5": 8.118842737683003, "x6": 6.507911585950343, "x7": -3.425705607910545, "x8": 1.8224548921934738, "x9": 1.523412638443029}, "datetime": {"datetime": "2025-05-18 05:33:09", "elapsed": 8189.677124, "delta": 4.303039}}
{"target": 2.469437133699312, "params": {"x0": 0.9, "x1": 0.9, "x2": 5.050674672545072, "x3": 4.2965032508993195, "x4": 1.3699772407859965, "x5": 8.118842737683003, "x6": 6.507911585950343, "x7": -3.425705607910545, "x8": 1.8224548921934738, "x9": 1.523412638443029}, "datetime": {"datetime": "2025-05-18 05:33:13", "elapsed": 8194.190816, "delta": 4.513692}}
{"target": 2.469437133699312, "params": {"x0": 0.9, "x1": 0.9, "x2": 5.050674672545072, "x3": 4.2965032508993195, "x4": 1.3699772407859965, "x5": 8.118842737683003, "x6": 6.507911585950343, "x7": -3.425705607910545, "x8": 1.8224548921934738, "x9": 1.523412638443029}, "datetime": {"datetime": "2025-05-18 05:33:16", "elapsed": 8197.223196, "delta": 3.03238}}
{"target": 2.469437133699312, "params": {"x0": 0.9, "x1": 0.9, "x2": 5.050674672545072, "x3": 4.2965032508993195, "x4": 1.3699772407859965, "x5": 8.118842737683003, "x6": 6.507911585950343, "x7": -3.425705607910545, "x8": 1.8224548921934738, "x9": 1.523412638443029}, "datetime": {"datetime": "2025-05-18 05:33:20", "elapsed": 8200.940402, "delta": 3.717206}}
{"target": 2.469437133699312, "params": {"x0": 0.9, "x1": 0.9, "x2": 5.050674672545072, "x3": 4.2965032508993195, "x4": 1.3699772407859965, "x5": 8.118842737683003, "x6": 6.507911585950343, "x7": -3.425705607910545, "x8": 1.8224548921934738, "x9": 1.523412638443029}, "datetime": {"datetime": "2025-05-18 05:33:24", "elapsed": 8204.433591, "delta": 3.493189}}
{"target": 2.469437133699312, "params": {"x0": 0.9, "x1": 0.9, "x2": 5.050674672545072, "x3": 4.2965032508993195, "x4": 1.3699772407859965, "x5": 8.118842737683003, "x6": 6.507911585950343, "x7": -3.425705607910545, "x8": 1.8224548921934738, "x9": 1.523412638443029}, "datetime": {"datetime": "2025-05-18 05:33:27", "elapsed": 8207.900483, "delta": 3.466892}}
{"target": 2.469437133699312, "params": {"x0": 0.9, "x1": 0.9, "x2": 5.050674672545072, "x3": 4.2965032508993195, "x4": 1.3699772407859965, "x5": 8.118842737683003, "x6": 6.507911585950343, "x7": -3.425705607910545, "x8": 1.8224548921934738, "x9": 1.523412638443029}, "datetime": {"datetime": "2025-05-18 05:33:31", "elapsed": 8211.772613, "delta": 3.87213}}
{"target": 2.469437133699312, "params": {"x0": 0.9, "x1": 0.9, "x2": 5.050674672545072, "x3": 4.2965032508993195, "x4": 1.3699772407859965, "x5": 8.118842737683003, "x6": 6.507911585950343, "x7": -3.425705607910545, "x8": 1.8224548921934738, "x9": 1.523412638443029}, "datetime": {"datetime": "2025-05-18 05:33:37", "elapsed": 8217.382062, "delta": 5.609449}}
{"target": 2.469437133699312, "params": {"x0": 0.9, "x1": 0.9, "x2": 5.050674672545072, "x3": 4.2965032508993195, "x4": 1.3699772407859965, "x5": 8.118842737683003, "x6": 6.507911585950343, "x7": -3.425705607910545, "x8": 1.8224548921934738, "x9": 1.523412638443029}, "datetime": {"datetime": "2025-05-18 05:33:41", "elapsed": 8221.974041, "delta": 4.591979}}
{"target": 2.469437133699312, "params": {"x0": 0.9, "x1": 0.9, "x2": 5.050674672545072, "x3": 4.2965032508993195, "x4": 1.3699772407859965, "x5": 8.118842737683003, "x6": 6.507911585950343, "x7": -3.425705607910545, "x8": 1.8224548921934738, "x9": 1.523412638443029}, "datetime": {"datetime": "2025-05-18 05:33:46", "elapsed": 8226.347801, "delta": 4.37376}}
{"target": 2.469437133699312, "params": {"x0": 0.9, "x1": 0.9, "x2": 5.050674672545072, "x3": 4.2965032508993195, "x4": 1.3699772407859965, "x5": 8.118842737683003, "x6": 6.507911585950343, "x7": -3.425705607910545, "x8": 1.8224548921934738, "x9": 1.523412638443029}, "datetime": {"datetime": "2025-05-18 05:33:49", "elapsed": 8230.103802, "delta": 3.756001}}
{"target": 2.469437133699312, "params": {"x0": 0.9, "x1": 0.9, "x2": 5.050674672545072, "x3": 4.2965032508993195, "x4": 1.3699772407859965, "x5": 8.118842737683003, "x6": 6.507911585950343, "x7": -3.425705607910545, "x8": 1.8224548921934738, "x9": 1.523412638443029}, "datetime": {"datetime": "2025-05-18 05:33:54", "elapsed": 8234.944538, "delta": 4.840736}}
{"target": 2.469437133699312, "params": {"x0": 0.9, "x1": 0.9, "x2": 5.050674672545072, "x3": 4.2965032508993195, "x4": 1.3699772407859965, "x5": 8.118842737683003, "x6": 6.507911585950343, "x7": -3.425705607910545, "x8": 1.8224548921934738, "x9": 1.523412638443029}, "datetime": {"datetime": "2025-05-18 05:33:58", "elapsed": 8238.636054, "delta": 3.691516}}
{"target": 2.469437133699312, "params": {"x0": 0.9, "x1": 0.9, "x2": 5.050674672545072, "x3": 4.2965032508993195, "x4": 1.3699772407859965, "x5": 8.118842737683003, "x6": 6.507911585950343, "x7": -3.425705607910545, "x8": 1.8224548921934738, "x9": 1.523412638443029}, "datetime": {"datetime": "2025-05-18 05:34:02", "elapsed": 8242.637498, "delta": 4.001444}}
{"target": 2.469437133699312, "params": {"x0": 0.9, "x1": 0.9, "x2": 5.050674672545072, "x3": 4.2965032508993195, "x4": 1.3699772407859965, "x5": 8.118842737683003, "x6": 6.507911585950343, "x7": -3.425705607910545, "x8": 1.8224548921934738, "x9": 1.523412638443029}, "datetime": {"datetime": "2025-05-18 05:34:06", "elapsed": 8246.888603, "delta": 4.251105}}
{"target": 2.469437133699312, "params": {"x0": 0.9, "x1": 0.9, "x2": 5.050674672545072, "x3": 4.2965032508993195, "x4": 1.3699772407859965, "x5": 8.118842737683003, "x6": 6.507911585950343, "x7": -3.425705607910545, "x8": 1.8224548921934738, "x9": 1.523412638443029}, "datetime": {"datetime": "2025-05-18 05:34:10", "elapsed": 8251.107769, "delta": 4.219166}}
{"target": 2.469437133699312, "params": {"x0": 0.9, "x1": 0.9, "x2": 5.050674672545072, "x3": 4.2965032508993195, "x4": 1.3699772407859965, "x5": 8.118842737683003, "x6": 6.507911585950343, "x7": -3.425705607910545, "x8": 1.8224548921934738, "x9": 1.523412638443029}, "datetime": {"datetime": "2025-05-18 05:34:15", "elapsed": 8255.684036, "delta": 4.576267}}
{"target": 2.469437133699312, "params": {"x0": 0.9, "x1": 0.9, "x2": 5.050674672545072, "x3": 4.2965032508993195, "x4": 1.3699772407859965, "x5": 8.118842737683003, "x6": 6.507911585950343, "x7": -3.425705607910545, "x8": 1.8224548921934738, "x9": 1.523412638443029}, "datetime": {"datetime": "2025-05-18 05:34:19", "elapsed": 8259.369324, "delta": 3.685288}}
{"target": 2.469437133699312, "params": {"x0": 0.9, "x1": 0.9, "x2": 5.050674672545072, "x3": 4.2965032508993195, "x4": 1.3699772407859965, "x5": 8.118842737683003, "x6": 6.507911585950343, "x7": -3.425705607910545, "x8": 1.8224548921934738, "x9": 1.523412638443029}, "datetime": {"datetime": "2025-05-18 05:34:22", "elapsed": 8262.999023, "delta": 3.629699}}
{"target": 2.469437133699312, "params": {"x0": 0.9, "x1": 0.9, "x2": 5.050674672545072, "x3": 4.2965032508993195, "x4": 1.3699772407859965, "x5": 8.118842737683003, "x6": 6.507911585950343, "x7": -3.425705607910545, "x8": 1.8224548921934738, "x9": 1.523412638443029}, "datetime": {"datetime": "2025-05-18 05:34:27", "elapsed": 8267.383637, "delta": 4.384614}}
{"target": 2.469437133699312, "params": {"x0": 0.9, "x1": 0.9, "x2": 5.050674672545072, "x3": 4.2965032508993195, "x4": 1.3699772407859965, "x5": 8.118842737683003, "x6": 6.507911585950343, "x7": -3.425705607910545, "x8": 1.8224548921934738, "x9": 1.523412638443029}, "datetime": {"datetime": "2025-05-18 05:34:31", "elapsed": 8271.578585, "delta": 4.194948}}
{"target": 2.469437133699312, "params": {"x0": 0.9, "x1": 0.9, "x2": 5.050674672545072, "x3": 4.2965032508993195, "x4": 1.3699772407859965, "x5": 8.118842737683003, "x6": 6.507911585950343, "x7": -3.425705607910545, "x8": 1.8224548921934738, "x9": 1.523412638443029}, "datetime": {"datetime": "2025-05-18 05:34:34", "elapsed": 8275.258658, "delta": 3.680073}}
{"target": 2.469437133699312, "params": {"x0": 0.9, "x1": 0.9, "x2": 5.050674672545072, "x3": 4.2965032508993195, "x4": 1.3699772407859965, "x5": 8.118842737683003, "x6": 6.507911585950343, "x7": -3.425705607910545, "x8": 1.8224548921934738, "x9": 1.523412638443029}, "datetime": {"datetime": "2025-05-18 05:34:39", "elapsed": 8279.844732, "delta": 4.586074}}
{"target": 2.469437133699312, "params": {"x0": 0.9, "x1": 0.9, "x2": 5.050674672545072, "x3": 4.2965032508993195, "x4": 1.3699772407859965, "x5": 8.118842737683003, "x6": 6.507911585950343, "x7": -3.425705607910545, "x8": 1.8224548921934738, "x9": 1.523412638443029}, "datetime": {"datetime": "2025-05-18 05:34:43", "elapsed": 8284.046902, "delta": 4.20217}}
{"target": 2.469437133699312, "params": {"x0": 0.9, "x1": 0.9, "x2": 5.050674672545072, "x3": 4.2965032508993195, "x4": 1.3699772407859965, "x5": 8.118842737683003, "x6": 6.507911585950343, "x7": -3.425705607910545, "x8": 1.8224548921934738, "x9": 1.523412638443029}, "datetime": {"datetime": "2025-05-18 05:34:48", "elapsed": 8288.687804, "delta": 4.640902}}
{"target": 2.469437133699312, "params": {"x0": 0.9, "x1": 0.9, "x2": 5.050674672545072, "x3": 4.2965032508993195, "x4": 1.3699772407859965, "x5": 8.118842737683003, "x6": 6.507911585950343, "x7": -3.425705607910545, "x8": 1.8224548921934738, "x9": 1.523412638443029}, "datetime": {"datetime": "2025-05-18 05:34:52", "elapsed": 8293.308432, "delta": 4.620628}}
{"target": 2.469437133699312, "params": {"x0": 0.9, "x1": 0.9, "x2": 5.050674672545072, "x3": 4.2965032508993195, "x4": 1.3699772407859965, "x5": 8.118842737683003, "x6": 6.507911585950343, "x7": -3.425705607910545, "x8": 1.8224548921934738, "x9": 1.523412638443029}, "datetime": {"datetime": "2025-05-18 05:34:56", "elapsed": 8296.56902, "delta": 3.260588}}
{"target": 2.469437133699312, "params": {"x0": 0.9, "x1": 0.9, "x2": 5.050674672545072, "x3": 4.2965032508993195, "x4": 1.3699772407859965, "x5": 8.118842737683003, "x6": 6.507911585950343, "x7": -3.425705607910545, "x8": 1.8224548921934738, "x9": 1.523412638443029}, "datetime": {"datetime": "2025-05-18 05:35:00", "elapsed": 8300.464543, "delta": 3.895523}}
{"target": 2.469437133699312, "params": {"x0": 0.9, "x1": 0.9, "x2": 5.050674672545072, "x3": 4.2965032508993195, "x4": 1.3699772407859965, "x5": 8.118842737683003, "x6": 6.507911585950343, "x7": -3.425705607910545, "x8": 1.8224548921934738, "x9": 1.523412638443029}, "datetime": {"datetime": "2025-05-18 05:35:05", "elapsed": 8305.822423, "delta": 5.35788}}
{"target": 2.469437133699312, "params": {"x0": 0.9, "x1": 0.9, "x2": 5.050674672545072, "x3": 4.2965032508993195, "x4": 1.3699772407859965, "x5": 8.118842737683003, "x6": 6.507911585950343, "x7": -3.425705607910545, "x8": 1.8224548921934738, "x9": 1.523412638443029}, "datetime": {"datetime": "2025-05-18 05:35:10", "elapsed": 8310.390628, "delta": 4.568205}}
{"target": 2.469437133699312, "params": {"x0": 0.9, "x1": 0.9, "x2": 5.050674672545072, "x3": 4.2965032508993195, "x4": 1.3699772407859965, "x5": 8.118842737683003, "x6": 6.507911585950343, "x7": -3.425705607910545, "x8": 1.8224548921934738, "x9": 1.523412638443029}, "datetime": {"datetime": "2025-05-18 05:35:14", "elapsed": 8314.600323, "delta": 4.209695}}
{"target": 2.469437133699312, "params": {"x0": 0.9, "x1": 0.9, "x2": 5.050674672545072, "x3": 4.2965032508993195, "x4": 1.3699772407859965, "x5": 8.118842737683003, "x6": 6.507911585950343, "x7": -3.425705607910545, "x8": 1.8224548921934738, "x9": 1.523412638443029}, "datetime": {"datetime": "2025-05-18 05:35:18", "elapsed": 8318.692497, "delta": 4.092174}}
{"target": 2.469437133699312, "params": {"x0": 0.9, "x1": 0.9, "x2": 5.050674672545072, "x3": 4.2965032508993195, "x4": 1.3699772407859965, "x5": 8.118842737683003, "x6": 6.507911585950343, "x7": -3.425705607910545, "x8": 1.8224548921934738, "x9": 1.523412638443029}, "datetime": {"datetime": "2025-05-18 05:35:22", "elapsed": 8322.870691, "delta": 4.178194}}
{"target": 2.469437133699312, "params": {"x0": 0.9, "x1": 0.9, "x2": 5.050674672545072, "x3": 4.2965032508993195, "x4": 1.3699772407859965, "x5": 8.118842737683003, "x6": 6.507911585950343, "x7": -3.425705607910545, "x8": 1.8224548921934738, "x9": 1.523412638443029}, "datetime": {"datetime": "2025-05-18 05:35:27", "elapsed": 8327.682014, "delta": 4.811323}}
{"target": 2.469437133699312, "params": {"x0": 0.9, "x1": 0.9, "x2": 5.050674672545072, "x3": 4.2965032508993195, "x4": 1.3699772407859965, "x5": 8.118842737683003, "x6": 6.507911585950343, "x7": -3.425705607910545, "x8": 1.8224548921934738, "x9": 1.523412638443029}, "datetime": {"datetime": "2025-05-18 05:35:31", "elapsed": 8332.129537, "delta": 4.447523}}
{"target": 2.469437133699312, "params": {"x0": 0.9, "x1": 0.9, "x2": 5.050674672545072, "x3": 4.2965032508993195, "x4": 1.3699772407859965, "x5": 8.118842737683003, "x6": 6.507911585950343, "x7": -3.425705607910545, "x8": 1.8224548921934738, "x9": 1.523412638443029}, "datetime": {"datetime": "2025-05-18 05:35:36", "elapsed": 8336.745985, "delta": 4.616448}}
{"target": 2.469437133699312, "params": {"x0": 0.9, "x1": 0.9, "x2": 5.050674672545072, "x3": 4.2965032508993195, "x4": 1.3699772407859965, "x5": 8.118842737683003, "x6": 6.507911585950343, "x7": -3.425705607910545, "x8": 1.8224548921934738, "x9": 1.523412638443029}, "datetime": {"datetime": "2025-05-18 05:35:41", "elapsed": 8341.762883, "delta": 5.016898}}
