{"target": 2.469437133699312, "params": {"x0": 0.9, "x1": 0.9, "x2": 5.050674672545072, "x3": 4.2965032508993195, "x4": 1.3699772407859965, "x5": 8.118842737683003, "x6": 6.507911585950343, "x7": -3.425705607910545, "x8": 1.8224548921934738, "x9": 1.523412638443029}, "datetime": {"datetime": "2025-05-18 06:57:08", "elapsed": 13228.361872, "delta": 3.362721}}
{"target": 2.469437133699312, "params": {"x0": 0.9, "x1": 0.9, "x2": 5.050674672545072, "x3": 4.2965032508993195, "x4": 1.3699772407859965, "x5": 8.118842737683003, "x6": 6.507911585950343, "x7": -3.425705607910545, "x8": 1.8224548921934738, "x9": 1.523412638443029}, "datetime": {"datetime": "2025-05-18 06:57:11", "elapsed": 13231.524986, "delta": 3.163114}}
{"target": 2.469437133699312, "params": {"x0": 0.9, "x1": 0.9, "x2": 5.050674672545072, "x3": 4.2965032508993195, "x4": 1.3699772407859965, "x5": 8.118842737683003, "x6": 6.507911585950343, "x7": -3.425705607910545, "x8": 1.8224548921934738, "x9": 1.523412638443029}, "datetime": {"datetime": "2025-05-18 06:57:14", "elapsed": 13235.279679, "delta": 3.754693}}
{"target": 2.469437133699312, "params": {"x0": 0.9, "x1": 0.9, "x2": 5.050674672545072, "x3": 4.2965032508993195, "x4": 1.3699772407859965, "x5": 8.118842737683003, "x6": 6.507911585950343, "x7": -3.425705607910545, "x8": 1.8224548921934738, "x9": 1.523412638443029}, "datetime": {"datetime": "2025-05-18 06:57:19", "elapsed": 13240.21151, "delta": 4.931831}}
{"target": 2.469437133699312, "params": {"x0": 0.9, "x1": 0.9, "x2": 5.050674672545072, "x3": 4.2965032508993195, "x4": 1.3699772407859965, "x5": 8.118842737683003, "x6": 6.507911585950343, "x7": -3.425705607910545, "x8": 1.8224548921934738, "x9": 1.523412638443029}, "datetime": {"datetime": "2025-05-18 06:57:24", "elapsed": 13244.556539, "delta": 4.345029}}
{"target": 2.469437133699312, "params": {"x0": 0.9, "x1": 0.9, "x2": 5.050674672545072, "x3": 4.2965032508993195, "x4": 1.3699772407859965, "x5": 8.118842737683003, "x6": 6.507911585950343, "x7": -3.425705607910545, "x8": 1.8224548921934738, "x9": 1.523412638443029}, "datetime": {"datetime": "2025-05-18 06:57:27", "elapsed": 13248.230315, "delta": 3.673776}}
{"target": 2.469437133699312, "params": {"x0": 0.9, "x1": 0.9, "x2": 5.050674672545072, "x3": 4.2965032508993195, "x4": 1.3699772407859965, "x5": 8.118842737683003, "x6": 6.507911585950343, "x7": -3.425705607910545, "x8": 1.8224548921934738, "x9": 1.523412638443029}, "datetime": {"datetime": "2025-05-18 06:57:32", "elapsed": 13252.964703, "delta": 4.734388}}
{"target": 2.469437133699312, "params": {"x0": 0.9, "x1": 0.9, "x2": 5.050674672545072, "x3": 4.2965032508993195, "x4": 1.3699772407859965, "x5": 8.118842737683003, "x6": 6.507911585950343, "x7": -3.425705607910545, "x8": 1.8224548921934738, "x9": 1.523412638443029}, "datetime": {"datetime": "2025-05-18 06:57:36", "elapsed": 13256.961442, "delta": 3.996739}}
{"target": 2.469437133699312, "params": {"x0": 0.9, "x1": 0.9, "x2": 5.050674672545072, "x3": 4.2965032508993195, "x4": 1.3699772407859965, "x5": 8.118842737683003, "x6": 6.507911585950343, "x7": -3.425705607910545, "x8": 1.8224548921934738, "x9": 1.523412638443029}, "datetime": {"datetime": "2025-05-18 06:57:41", "elapsed": 13261.794469, "delta": 4.833027}}
{"target": 2.469437133699312, "params": {"x0": 0.9, "x1": 0.9, "x2": 5.050674672545072, "x3": 4.2965032508993195, "x4": 1.3699772407859965, "x5": 8.118842737683003, "x6": 6.507911585950343, "x7": -3.425705607910545, "x8": 1.8224548921934738, "x9": 1.523412638443029}, "datetime": {"datetime": "2025-05-18 06:57:45", "elapsed": 13265.840983, "delta": 4.046514}}
{"target": 2.469437133699312, "params": {"x0": 0.9, "x1": 0.9, "x2": 5.050674672545072, "x3": 4.2965032508993195, "x4": 1.3699772407859965, "x5": 8.118842737683003, "x6": 6.507911585950343, "x7": -3.425705607910545, "x8": 1.8224548921934738, "x9": 1.523412638443029}, "datetime": {"datetime": "2025-05-18 06:57:49", "elapsed": 13269.806898, "delta": 3.965915}}
{"target": 2.469437133699312, "params": {"x0": 0.9, "x1": 0.9, "x2": 5.050674672545072, "x3": 4.2965032508993195, "x4": 1.3699772407859965, "x5": 8.118842737683003, "x6": 6.507911585950343, "x7": -3.425705607910545, "x8": 1.8224548921934738, "x9": 1.523412638443029}, "datetime": {"datetime": "2025-05-18 06:57:53", "elapsed": 13273.460356, "delta": 3.653458}}
{"target": 2.469437133699312, "params": {"x0": 0.9, "x1": 0.9, "x2": 5.050674672545072, "x3": 4.2965032508993195, "x4": 1.3699772407859965, "x5": 8.118842737683003, "x6": 6.507911585950343, "x7": -3.425705607910545, "x8": 1.8224548921934738, "x9": 1.523412638443029}, "datetime": {"datetime": "2025-05-18 06:57:57", "elapsed": 13277.781237, "delta": 4.320881}}
{"target": 2.469437133699312, "params": {"x0": 0.9, "x1": 0.9, "x2": 5.050674672545072, "x3": 4.2965032508993195, "x4": 1.3699772407859965, "x5": 8.118842737683003, "x6": 6.507911585950343, "x7": -3.425705607910545, "x8": 1.8224548921934738, "x9": 1.523412638443029}, "datetime": {"datetime": "2025-05-18 06:58:02", "elapsed": 13282.775603, "delta": 4.994366}}
{"target": 2.469437133699312, "params": {"x0": 0.9, "x1": 0.9, "x2": 5.050674672545072, "x3": 4.2965032508993195, "x4": 1.3699772407859965, "x5": 8.118842737683003, "x6": 6.507911585950343, "x7": -3.425705607910545, "x8": 1.8224548921934738, "x9": 1.523412638443029}, "datetime": {"datetime": "2025-05-18 06:58:06", "elapsed": 13287.135233, "delta": 4.35963}}
{"target": 2.469437133699312, "params": {"x0": 0.9, "x1": 0.9, "x2": 5.050674672545072, "x3": 4.2965032508993195, "x4": 1.3699772407859965, "x5": 8.118842737683003, "x6": 6.507911585950343, "x7": -3.425705607910545, "x8": 1.8224548921934738, "x9": 1.523412638443029}, "datetime": {"datetime": "2025-05-18 06:58:11", "elapsed": 13291.788194, "delta": 4.652961}}
{"target": 2.469437133699312, "params": {"x0": 0.9, "x1": 0.9, "x2": 5.050674672545072, "x3": 4.2965032508993195, "x4": 1.3699772407859965, "x5": 8.118842737683003, "x6": 6.507911585950343, "x7": -3.425705607910545, "x8": 1.8224548921934738, "x9": 1.523412638443029}, "datetime": {"datetime": "2025-05-18 06:58:15", "elapsed": 13296.126843, "delta": 4.338649}}
{"target": 2.469437133699312, "params": {"x0": 0.9, "x1": 0.9, "x2": 5.050674672545072, "x3": 4.2965032508993195, "x4": 1.3699772407859965, "x5": 8.118842737683003, "x6": 6.507911585950343, "x7": -3.425705607910545, "x8": 1.8224548921934738, "x9": 1.523412638443029}, "datetime": {"datetime": "2025-05-18 06:58:19", "elapsed": 13300.256516, "delta": 4.129673}}
{"target": 2.469437133699312, "params": {"x0": 0.9, "x1": 0.9, "x2": 5.050674672545072, "x3": 4.2965032508993195, "x4": 1.3699772407859965, "x5": 8.118842737683003, "x6": 6.507911585950343, "x7": -3.425705607910545, "x8": 1.8224548921934738, "x9": 1.523412638443029}, "datetime": {"datetime": "2025-05-18 06:58:23", "elapsed": 13303.433717, "delta": 3.177201}}
{"target": 2.469437133699312, "params": {"x0": 0.9, "x1": 0.9, "x2": 5.050674672545072, "x3": 4.2965032508993195, "x4": 1.3699772407859965, "x5": 8.118842737683003, "x6": 6.507911585950343, "x7": -3.425705607910545, "x8": 1.8224548921934738, "x9": 1.523412638443029}, "datetime": {"datetime": "2025-05-18 06:58:26", "elapsed": 13306.81566, "delta": 3.381943}}
{"target": 2.469437133699312, "params": {"x0": 0.9, "x1": 0.9, "x2": 5.050674672545072, "x3": 4.2965032508993195, "x4": 1.3699772407859965, "x5": 8.118842737683003, "x6": 6.507911585950343, "x7": -3.425705607910545, "x8": 1.8224548921934738, "x9": 1.523412638443029}, "datetime": {"datetime": "2025-05-18 06:58:30", "elapsed": 13310.777045, "delta": 3.961385}}
{"target": 2.469437133699312, "params": {"x0": 0.9, "x1": 0.9, "x2": 5.050674672545072, "x3": 4.2965032508993195, "x4": 1.3699772407859965, "x5": 8.118842737683003, "x6": 6.507911585950343, "x7": -3.425705607910545, "x8": 1.8224548921934738, "x9": 1.523412638443029}, "datetime": {"datetime": "2025-05-18 06:58:34", "elapsed": 13315.151767, "delta": 4.374722}}
{"target": 2.469437133699312, "params": {"x0": 0.9, "x1": 0.9, "x2": 5.050674672545072, "x3": 4.2965032508993195, "x4": 1.3699772407859965, "x5": 8.118842737683003, "x6": 6.507911585950343, "x7": -3.425705607910545, "x8": 1.8224548921934738, "x9": 1.523412638443029}, "datetime": {"datetime": "2025-05-18 06:58:39", "elapsed": 13319.395879, "delta": 4.244112}}
{"target": 2.469437133699312, "params": {"x0": 0.9, "x1": 0.9, "x2": 5.050674672545072, "x3": 4.2965032508993195, "x4": 1.3699772407859965, "x5": 8.118842737683003, "x6": 6.507911585950343, "x7": -3.425705607910545, "x8": 1.8224548921934738, "x9": 1.523412638443029}, "datetime": {"datetime": "2025-05-18 06:58:42", "elapsed": 13323.248215, "delta": 3.852336}}
{"target": 2.469437133699312, "params": {"x0": 0.9, "x1": 0.9, "x2": 5.050674672545072, "x3": 4.2965032508993195, "x4": 1.3699772407859965, "x5": 8.118842737683003, "x6": 6.507911585950343, "x7": -3.425705607910545, "x8": 1.8224548921934738, "x9": 1.523412638443029}, "datetime": {"datetime": "2025-05-18 06:58:46", "elapsed": 13327.269916, "delta": 4.021701}}
{"target": 2.469437133699312, "params": {"x0": 0.9, "x1": 0.9, "x2": 5.050674672545072, "x3": 4.2965032508993195, "x4": 1.3699772407859965, "x5": 8.118842737683003, "x6": 6.507911585950343, "x7": -3.425705607910545, "x8": 1.8224548921934738, "x9": 1.523412638443029}, "datetime": {"datetime": "2025-05-18 06:58:51", "elapsed": 13331.519909, "delta": 4.249993}}
{"target": 2.469437133699312, "params": {"x0": 0.9, "x1": 0.9, "x2": 5.050674672545072, "x3": 4.2965032508993195, "x4": 1.3699772407859965, "x5": 8.118842737683003, "x6": 6.507911585950343, "x7": -3.425705607910545, "x8": 1.8224548921934738, "x9": 1.523412638443029}, "datetime": {"datetime": "2025-05-18 06:58:54", "elapsed": 13334.38643, "delta": 2.866521}}
{"target": 2.469437133699312, "params": {"x0": 0.9, "x1": 0.9, "x2": 5.050674672545072, "x3": 4.2965032508993195, "x4": 1.3699772407859965, "x5": 8.118842737683003, "x6": 6.507911585950343, "x7": -3.425705607910545, "x8": 1.8224548921934738, "x9": 1.523412638443029}, "datetime": {"datetime": "2025-05-18 06:58:58", "elapsed": 13338.811818, "delta": 4.425388}}
{"target": 2.469437133699312, "params": {"x0": 0.9, "x1": 0.9, "x2": 5.050674672545072, "x3": 4.2965032508993195, "x4": 1.3699772407859965, "x5": 8.118842737683003, "x6": 6.507911585950343, "x7": -3.425705607910545, "x8": 1.8224548921934738, "x9": 1.523412638443029}, "datetime": {"datetime": "2025-05-18 06:59:02", "elapsed": 13342.72916, "delta": 3.917342}}
{"target": 2.469437133699312, "params": {"x0": 0.9, "x1": 0.9, "x2": 5.050674672545072, "x3": 4.2965032508993195, "x4": 1.3699772407859965, "x5": 8.118842737683003, "x6": 6.507911585950343, "x7": -3.425705607910545, "x8": 1.8224548921934738, "x9": 1.523412638443029}, "datetime": {"datetime": "2025-05-18 06:59:06", "elapsed": 13346.705439, "delta": 3.976279}}
{"target": 2.469437133699312, "params": {"x0": 0.9, "x1": 0.9, "x2": 5.050674672545072, "x3": 4.2965032508993195, "x4": 1.3699772407859965, "x5": 8.118842737683003, "x6": 6.507911585950343, "x7": -3.425705607910545, "x8": 1.8224548921934738, "x9": 1.523412638443029}, "datetime": {"datetime": "2025-05-18 06:59:10", "elapsed": 13351.159662, "delta": 4.454223}}
{"target": 2.469437133699312, "params": {"x0": 0.9, "x1": 0.9, "x2": 5.050674672545072, "x3": 4.2965032508993195, "x4": 1.3699772407859965, "x5": 8.118842737683003, "x6": 6.507911585950343, "x7": -3.425705607910545, "x8": 1.8224548921934738, "x9": 1.523412638443029}, "datetime": {"datetime": "2025-05-18 06:59:14", "elapsed": 13354.57568, "delta": 3.416018}}
{"target": 2.469437133699312, "params": {"x0": 0.9, "x1": 0.9, "x2": 5.050674672545072, "x3": 4.2965032508993195, "x4": 1.3699772407859965, "x5": 8.118842737683003, "x6": 6.507911585950343, "x7": -3.425705607910545, "x8": 1.8224548921934738, "x9": 1.523412638443029}, "datetime": {"datetime": "2025-05-18 06:59:17", "elapsed": 13357.854608, "delta": 3.278928}}
{"target": 2.469437133699312, "params": {"x0": 0.9, "x1": 0.9, "x2": 5.050674672545072, "x3": 4.2965032508993195, "x4": 1.3699772407859965, "x5": 8.118842737683003, "x6": 6.507911585950343, "x7": -3.425705607910545, "x8": 1.8224548921934738, "x9": 1.523412638443029}, "datetime": {"datetime": "2025-05-18 06:59:21", "elapsed": 13361.88955, "delta": 4.034942}}
{"target": 2.469437133699312, "params": {"x0": 0.9, "x1": 0.9, "x2": 5.050674672545072, "x3": 4.2965032508993195, "x4": 1.3699772407859965, "x5": 8.118842737683003, "x6": 6.507911585950343, "x7": -3.425705607910545, "x8": 1.8224548921934738, "x9": 1.523412638443029}, "datetime": {"datetime": "2025-05-18 06:59:26", "elapsed": 13366.428726, "delta": 4.539176}}
{"target": 2.469437133699312, "params": {"x0": 0.9, "x1": 0.9, "x2": 5.050674672545072, "x3": 4.2965032508993195, "x4": 1.3699772407859965, "x5": 8.118842737683003, "x6": 6.507911585950343, "x7": -3.425705607910545, "x8": 1.8224548921934738, "x9": 1.523412638443029}, "datetime": {"datetime": "2025-05-18 06:59:29", "elapsed": 13369.98942, "delta": 3.560694}}
{"target": 2.469437133699312, "params": {"x0": 0.9, "x1": 0.9, "x2": 5.050674672545072, "x3": 4.2965032508993195, "x4": 1.3699772407859965, "x5": 8.118842737683003, "x6": 6.507911585950343, "x7": -3.425705607910545, "x8": 1.8224548921934738, "x9": 1.523412638443029}, "datetime": {"datetime": "2025-05-18 06:59:34", "elapsed": 13374.703302, "delta": 4.713882}}
{"target": 2.469437133699312, "params": {"x0": 0.9, "x1": 0.9, "x2": 5.050674672545072, "x3": 4.2965032508993195, "x4": 1.3699772407859965, "x5": 8.118842737683003, "x6": 6.507911585950343, "x7": -3.425705607910545, "x8": 1.8224548921934738, "x9": 1.523412638443029}, "datetime": {"datetime": "2025-05-18 06:59:38", "elapsed": 13378.965719, "delta": 4.262417}}
{"target": 2.469437133699312, "params": {"x0": 0.9, "x1": 0.9, "x2": 5.050674672545072, "x3": 4.2965032508993195, "x4": 1.3699772407859965, "x5": 8.118842737683003, "x6": 6.507911585950343, "x7": -3.425705607910545, "x8": 1.8224548921934738, "x9": 1.523412638443029}, "datetime": {"datetime": "2025-05-18 06:59:43", "elapsed": 13383.453334, "delta": 4.487615}}
{"target": 2.469437133699312, "params": {"x0": 0.9, "x1": 0.9, "x2": 5.050674672545072, "x3": 4.2965032508993195, "x4": 1.3699772407859965, "x5": 8.118842737683003, "x6": 6.507911585950343, "x7": -3.425705607910545, "x8": 1.8224548921934738, "x9": 1.523412638443029}, "datetime": {"datetime": "2025-05-18 06:59:47", "elapsed": 13388.025072, "delta": 4.571738}}
{"target": 2.469437133699312, "params": {"x0": 0.9, "x1": 0.9, "x2": 5.050674672545072, "x3": 4.2965032508993195, "x4": 1.3699772407859965, "x5": 8.118842737683003, "x6": 6.507911585950343, "x7": -3.425705607910545, "x8": 1.8224548921934738, "x9": 1.523412638443029}, "datetime": {"datetime": "2025-05-18 06:59:51", "elapsed": 13391.497294, "delta": 3.472222}}
{"target": 2.469437133699312, "params": {"x0": 0.9, "x1": 0.9, "x2": 5.050674672545072, "x3": 4.2965032508993195, "x4": 1.3699772407859965, "x5": 8.118842737683003, "x6": 6.507911585950343, "x7": -3.425705607910545, "x8": 1.8224548921934738, "x9": 1.523412638443029}, "datetime": {"datetime": "2025-05-18 06:59:54", "elapsed": 13395.288069, "delta": 3.790775}}
{"target": 2.469437133699312, "params": {"x0": 0.9, "x1": 0.9, "x2": 5.050674672545072, "x3": 4.2965032508993195, "x4": 1.3699772407859965, "x5": 8.118842737683003, "x6": 6.507911585950343, "x7": -3.425705607910545, "x8": 1.8224548921934738, "x9": 1.523412638443029}, "datetime": {"datetime": "2025-05-18 06:59:58", "elapsed": 13399.247877, "delta": 3.959808}}
{"target": 2.469437133699312, "params": {"x0": 0.9, "x1": 0.9, "x2": 5.050674672545072, "x3": 4.2965032508993195, "x4": 1.3699772407859965, "x5": 8.118842737683003, "x6": 6.507911585950343, "x7": -3.425705607910545, "x8": 1.8224548921934738, "x9": 1.523412638443029}, "datetime": {"datetime": "2025-05-18 07:00:03", "elapsed": 13404.141858, "delta": 4.893981}}
{"target": 2.469437133699312, "params": {"x0": 0.9, "x1": 0.9, "x2": 5.050674672545072, "x3": 4.2965032508993195, "x4": 1.3699772407859965, "x5": 8.118842737683003, "x6": 6.507911585950343, "x7": -3.425705607910545, "x8": 1.8224548921934738, "x9": 1.523412638443029}, "datetime": {"datetime": "2025-05-18 07:00:08", "elapsed": 13408.471177, "delta": 4.329319}}
{"target": 2.469437133699312, "params": {"x0": 0.9, "x1": 0.9, "x2": 5.050674672545072, "x3": 4.2965032508993195, "x4": 1.3699772407859965, "x5": 8.118842737683003, "x6": 6.507911585950343, "x7": -3.425705607910545, "x8": 1.8224548921934738, "x9": 1.523412638443029}, "datetime": {"datetime": "2025-05-18 07:00:13", "elapsed": 13413.900098, "delta": 5.428921}}
{"target": 2.469437133699312, "params": {"x0": 0.9, "x1": 0.9, "x2": 5.050674672545072, "x3": 4.2965032508993195, "x4": 1.3699772407859965, "x5": 8.118842737683003, "x6": 6.507911585950343, "x7": -3.425705607910545, "x8": 1.8224548921934738, "x9": 1.523412638443029}, "datetime": {"datetime": "2025-05-18 07:00:17", "elapsed": 13417.572325, "delta": 3.672227}}
{"target": 2.469437133699312, "params": {"x0": 0.9, "x1": 0.9, "x2": 5.050674672545072, "x3": 4.2965032508993195, "x4": 1.3699772407859965, "x5": 8.118842737683003, "x6": 6.507911585950343, "x7": -3.425705607910545, "x8": 1.8224548921934738, "x9": 1.523412638443029}, "datetime": {"datetime": "2025-05-18 07:00:21", "elapsed": 13421.367282, "delta": 3.794957}}
{"target": 2.469437133699312, "params": {"x0": 0.9, "x1": 0.9, "x2": 5.050674672545072, "x3": 4.2965032508993195, "x4": 1.3699772407859965, "x5": 8.118842737683003, "x6": 6.507911585950343, "x7": -3.425705607910545, "x8": 1.8224548921934738, "x9": 1.523412638443029}, "datetime": {"datetime": "2025-05-18 07:00:25", "elapsed": 13425.771564, "delta": 4.404282}}
{"target": 2.469437133699312, "params": {"x0": 0.9, "x1": 0.9, "x2": 5.050674672545072, "x3": 4.2965032508993195, "x4": 1.3699772407859965, "x5": 8.118842737683003, "x6": 6.507911585950343, "x7": -3.425705607910545, "x8": 1.8224548921934738, "x9": 1.523412638443029}, "datetime": {"datetime": "2025-05-18 07:00:30", "elapsed": 13431.120597, "delta": 5.349033}}
{"target": 2.469437133699312, "params": {"x0": 0.9, "x1": 0.9, "x2": 5.050674672545072, "x3": 4.2965032508993195, "x4": 1.3699772407859965, "x5": 8.118842737683003, "x6": 6.507911585950343, "x7": -3.425705607910545, "x8": 1.8224548921934738, "x9": 1.523412638443029}, "datetime": {"datetime": "2025-05-18 07:00:34", "elapsed": 13434.788127, "delta": 3.66753}}
{"target": 2.469437133699312, "params": {"x0": 0.9, "x1": 0.9, "x2": 5.050674672545072, "x3": 4.2965032508993195, "x4": 1.3699772407859965, "x5": 8.118842737683003, "x6": 6.507911585950343, "x7": -3.425705607910545, "x8": 1.8224548921934738, "x9": 1.523412638443029}, "datetime": {"datetime": "2025-05-18 07:00:38", "elapsed": 13438.35302, "delta": 3.564893}}
{"target": 2.469437133699312, "params": {"x0": 0.9, "x1": 0.9, "x2": 5.050674672545072, "x3": 4.2965032508993195, "x4": 1.3699772407859965, "x5": 8.118842737683003, "x6": 6.507911585950343, "x7": -3.425705607910545, "x8": 1.8224548921934738, "x9": 1.523412638443029}, "datetime": {"datetime": "2025-05-18 07:00:41", "elapsed": 13442.119686, "delta": 3.766666}}
{"target": 2.469437133699312, "params": {"x0": 0.9, "x1": 0.9, "x2": 5.050674672545072, "x3": 4.2965032508993195, "x4": 1.3699772407859965, "x5": 8.118842737683003, "x6": 6.507911585950343, "x7": -3.425705607910545, "x8": 1.8224548921934738, "x9": 1.523412638443029}, "datetime": {"datetime": "2025-05-18 07:00:45", "elapsed": 13445.820484, "delta": 3.700798}}
{"target": 2.469437133699312, "params": {"x0": 0.9, "x1": 0.9, "x2": 5.050674672545072, "x3": 4.2965032508993195, "x4": 1.3699772407859965, "x5": 8.118842737683003, "x6": 6.507911585950343, "x7": -3.425705607910545, "x8": 1.8224548921934738, "x9": 1.523412638443029}, "datetime": {"datetime": "2025-05-18 07:00:50", "elapsed": 13450.975576, "delta": 5.155092}}
{"target": 2.469437133699312, "params": {"x0": 0.9, "x1": 0.9, "x2": 5.050674672545072, "x3": 4.2965032508993195, "x4": 1.3699772407859965, "x5": 8.118842737683003, "x6": 6.507911585950343, "x7": -3.425705607910545, "x8": 1.8224548921934738, "x9": 1.523412638443029}, "datetime": {"datetime": "2025-05-18 07:00:54", "elapsed": 13454.569409, "delta": 3.593833}}
{"target": 2.469437133699312, "params": {"x0": 0.9, "x1": 0.9, "x2": 5.050674672545072, "x3": 4.2965032508993195, "x4": 1.3699772407859965, "x5": 8.118842737683003, "x6": 6.507911585950343, "x7": -3.425705607910545, "x8": 1.8224548921934738, "x9": 1.523412638443029}, "datetime": {"datetime": "2025-05-18 07:00:58", "elapsed": 13458.338208, "delta": 3.768799}}
{"target": 2.469437133699312, "params": {"x0": 0.9, "x1": 0.9, "x2": 5.050674672545072, "x3": 4.2965032508993195, "x4": 1.3699772407859965, "x5": 8.118842737683003, "x6": 6.507911585950343, "x7": -3.425705607910545, "x8": 1.8224548921934738, "x9": 1.523412638443029}, "datetime": {"datetime": "2025-05-18 07:01:01", "elapsed": 13461.708728, "delta": 3.37052}}
{"target": 2.469437133699312, "params": {"x0": 0.9, "x1": 0.9, "x2": 5.050674672545072, "x3": 4.2965032508993195, "x4": 1.3699772407859965, "x5": 8.118842737683003, "x6": 6.507911585950343, "x7": -3.425705607910545, "x8": 1.8224548921934738, "x9": 1.523412638443029}, "datetime": {"datetime": "2025-05-18 07:01:04", "elapsed": 13465.113567, "delta": 3.404839}}
{"target": 2.469437133699312, "params": {"x0": 0.9, "x1": 0.9, "x2": 5.050674672545072, "x3": 4.2965032508993195, "x4": 1.3699772407859965, "x5": 8.118842737683003, "x6": 6.507911585950343, "x7": -3.425705607910545, "x8": 1.8224548921934738, "x9": 1.523412638443029}, "datetime": {"datetime": "2025-05-18 07:01:09", "elapsed": 13469.420126, "delta": 4.306559}}
