{"target": 2.469437133699312, "params": {"x0": 0.9000000000634454, "x1": 0.9000000024446743, "x2": 5.05067470551707, "x3": 4.296503410487265, "x4": 1.3699772874365441, "x5": 8.118842755420422, "x6": 6.507910906868396, "x7": -3.4257055910133194, "x8": 1.8224548997553012, "x9": 1.523412644744884}, "datetime": {"datetime": "2025-05-18 04:20:56", "elapsed": 3856.661725, "delta": 17.562255}}
{"target": 2.469437133699312, "params": {"x0": 0.900000000030888, "x1": 0.9000000015846825, "x2": 5.050674657205847, "x3": 4.296503396355572, "x4": 1.3699772794334086, "x5": 8.118842733012938, "x6": 6.507910994910525, "x7": -3.4257055908600327, "x8": 1.8224548936166276, "x9": 1.5234126287249963}, "datetime": {"datetime": "2025-05-18 04:21:14", "elapsed": 3874.380617, "delta": 17.718892}}
{"target": 2.469437133699312, "params": {"x0": 0.9000000000410124, "x1": 0.9000000021547772, "x2": 5.050674653402387, "x3": 4.29650338180176, "x4": 1.369977278267709, "x5": 8.118842750886209, "x6": 6.507911028683993, "x7": -3.4257055929916564, "x8": 1.8224548947097758, "x9": 1.5234126394580048}, "datetime": {"datetime": "2025-05-18 04:21:31", "elapsed": 3892.050851, "delta": 17.670234}}
{"target": 2.469437133699312, "params": {"x0": 0.9000000000255576, "x1": 0.9000000047484571, "x2": 5.0506746781136735, "x3": 4.2965033675710576, "x4": 1.3699772715297793, "x5": 8.11884274134281, "x6": 6.507911097460471, "x7": -3.4257055956650024, "x8": 1.822454892958617, "x9": 1.5234126326365272}, "datetime": {"datetime": "2025-05-18 04:21:49", "elapsed": 3909.773467, "delta": 17.722616}}
{"target": 2.469437133699312, "params": {"x0": 0.9000000000158825, "x1": 0.9000000009036504, "x2": 5.050674684880918, "x3": 4.2965033568205095, "x4": 1.3699772579392628, "x5": 8.11884273109607, "x6": 6.5079111564219625, "x7": -3.425705610703083, "x8": 1.822454891777781, "x9": 1.5234126398643812}, "datetime": {"datetime": "2025-05-18 04:22:07", "elapsed": 3927.511751, "delta": 17.738284}}
{"target": 2.469437133699312, "params": {"x0": 0.9000000000425956, "x1": 0.9000000018926384, "x2": 5.050674686347202, "x3": 4.29650334364304, "x4": 1.3699772675343862, "x5": 8.118842724484782, "x6": 6.5079111706047525, "x7": -3.4257056160881367, "x8": 1.8224548883046994, "x9": 1.5234126444203577}, "datetime": {"datetime": "2025-05-18 04:22:24", "elapsed": 3944.97109, "delta": 17.459339}}
{"target": 2.469437133699312, "params": {"x0": 0.9000000000057525, "x1": 0.9000000042660733, "x2": 5.050674684379649, "x3": 4.2965033367405345, "x4": 1.369977265768242, "x5": 8.118842739603158, "x6": 6.507911230230689, "x7": -3.4257056147564025, "x8": 1.8224548943589756, "x9": 1.5234126405996005}, "datetime": {"datetime": "2025-05-18 04:22:42", "elapsed": 3962.44461, "delta": 17.47352}}
{"target": 2.469437133699312, "params": {"x0": 0.9000000000091564, "x1": 0.9000000020213552, "x2": 5.050674685753743, "x3": 4.296503327663287, "x4": 1.3699772458600021, "x5": 8.118842739703744, "x6": 6.507911255353673, "x7": -3.425705601141272, "x8": 1.8224548886902807, "x9": 1.523412635095007}, "datetime": {"datetime": "2025-05-18 04:22:59", "elapsed": 3980.034807, "delta": 17.590197}}
{"target": 2.469437133699312, "params": {"x0": 0.900000000024883, "x1": 0.9000000005235436, "x2": 5.050674687039365, "x3": 4.296503319703669, "x4": 1.3699772455146793, "x5": 8.118842737313742, "x6": 6.50791130911472, "x7": -3.4257056080563966, "x8": 1.8224548908627984, "x9": 1.5234126395926937}, "datetime": {"datetime": "2025-05-18 04:23:17", "elapsed": 3997.616405, "delta": 17.581598}}
{"target": 2.469437133699312, "params": {"x0": 0.9000000000295689, "x1": 0.9000000025456881, "x2": 5.050674672694475, "x3": 4.2965033131242585, "x4": 1.369977259075335, "x5": 8.118842739204485, "x6": 6.507911358897933, "x7": -3.425705611801557, "x8": 1.8224548914000043, "x9": 1.5234126359281126}, "datetime": {"datetime": "2025-05-18 04:23:35", "elapsed": 4015.376187, "delta": 17.759782}}
{"target": 2.469437133699312, "params": {"x0": 0.9000000000211471, "x1": 0.9000000024595894, "x2": 5.050674684196397, "x3": 4.296503306421888, "x4": 1.3699772562437365, "x5": 8.118842738244382, "x6": 6.507911342371351, "x7": -3.425705606006743, "x8": 1.82245489491107, "x9": 1.5234126387498599}, "datetime": {"datetime": "2025-05-18 04:23:52", "elapsed": 4032.895989, "delta": 17.519802}}
{"target": 2.469437133699312, "params": {"x0": 0.9000000000113624, "x1": 0.9000000002132595, "x2": 5.050674670340022, "x3": 4.29650330131731, "x4": 1.369977254818569, "x5": 8.11884273382889, "x6": 6.5079113723387545, "x7": -3.425705611809442, "x8": 1.8224548909232272, "x9": 1.5234126354498476}, "datetime": {"datetime": "2025-05-18 04:24:09", "elapsed": 4050.188469, "delta": 17.29248}}
{"target": 2.469437133699312, "params": {"x0": 0.900000000019701, "x1": 0.9000000002961395, "x2": 5.050674682520961, "x3": 4.2965032957099245, "x4": 1.369977247961045, "x5": 8.118842738483481, "x6": 6.507911387884129, "x7": -3.4257056066432257, "x8": 1.8224548910626601, "x9": 1.5234126388902856}, "datetime": {"datetime": "2025-05-18 04:24:27", "elapsed": 4067.697529, "delta": 17.50906}}
{"target": 2.469437133699312, "params": {"x0": 0.9000000000100427, "x1": 0.9000000007971984, "x2": 5.050674664670024, "x3": 4.296503291606578, "x4": 1.369977252767434, "x5": 8.1188427404996, "x6": 6.507911409279219, "x7": -3.4257056059028876, "x8": 1.8224548902210753, "x9": 1.5234126359475886}, "datetime": {"datetime": "2025-05-18 04:24:44", "elapsed": 4085.224057, "delta": 17.526528}}
{"target": 2.469437133699312, "params": {"x0": 0.9000000000176904, "x1": 0.9000000003373516, "x2": 5.050674680132059, "x3": 4.296503287171385, "x4": 1.3699772450513736, "x5": 8.118842739726377, "x6": 6.507911426182539, "x7": -3.4257056078083212, "x8": 1.8224548940052647, "x9": 1.5234126370927927}, "datetime": {"datetime": "2025-05-18 04:25:02", "elapsed": 4103.082514, "delta": 17.858457}}
{"target": 2.469437133699312, "params": {"x0": 0.9000000000137309, "x1": 0.9000000005401373, "x2": 5.050674672980703, "x3": 4.296503283965627, "x4": 1.3699772501003809, "x5": 8.118842741764595, "x6": 6.507911441046862, "x7": -3.425705608705702, "x8": 1.8224548930911448, "x9": 1.5234126391286016}, "datetime": {"datetime": "2025-05-18 04:25:20", "elapsed": 4120.541295, "delta": 17.458781}}
{"target": 2.469437133699312, "params": {"x0": 0.9000000000103197, "x1": 0.9000000000249077, "x2": 5.050674676484532, "x3": 4.29650328072141, "x4": 1.3699772408673472, "x5": 8.118842738884382, "x6": 6.5079114680453705, "x7": -3.4257056059726962, "x8": 1.8224548936268818, "x9": 1.5234126365575944}, "datetime": {"datetime": "2025-05-18 04:25:37", "elapsed": 4138.319515, "delta": 17.77822}}
{"target": 2.469437133699312, "params": {"x0": 0.9000000000019152, "x1": 0.9000000008315576, "x2": 5.050674675910675, "x3": 4.2965032775703165, "x4": 1.3699772459461705, "x5": 8.118842734899397, "x6": 6.5079114808872, "x7": -3.4257056104778107, "x8": 1.822454893034965, "x9": 1.5234126366923184}, "datetime": {"datetime": "2025-05-18 04:25:55", "elapsed": 4156.087537, "delta": 17.768022}}
{"target": 2.469437133699312, "params": {"x0": 0.9000000000029224, "x1": 0.9000000003194566, "x2": 5.050674677992219, "x3": 4.2965032748689005, "x4": 1.369977247214574, "x5": 8.11884273717844, "x6": 6.507911484175371, "x7": -3.4257056106016375, "x8": 1.8224548923947759, "x9": 1.5234126375357306}, "datetime": {"datetime": "2025-05-18 04:26:13", "elapsed": 4173.642597, "delta": 17.55506}}
{"target": 2.469437133699312, "params": {"x0": 0.9000000000032933, "x1": 0.9000000001575779, "x2": 5.050674674098712, "x3": 4.296503272341292, "x4": 1.3699772471473357, "x5": 8.118842740265789, "x6": 6.5079114901871415, "x7": -3.42570560634742, "x8": 1.8224548933050764, "x9": 1.523412639682663}, "datetime": {"datetime": "2025-05-18 04:26:31", "elapsed": 4191.373846, "delta": 17.731249}}
{"target": 2.469437133699312, "params": {"x0": 0.9000000000022473, "x1": 0.9000000001945753, "x2": 5.0506746724965526, "x3": 4.296503270162431, "x4": 1.3699772458721404, "x5": 8.118842739001634, "x6": 6.507911506333787, "x7": -3.4257056070761602, "x8": 1.8224548924587165, "x9": 1.5234126382374056}, "datetime": {"datetime": "2025-05-18 04:26:48", "elapsed": 4209.054598, "delta": 17.680752}}
{"target": 2.469437133699312, "params": {"x0": 0.9000000000047382, "x1": 0.9000000002056135, "x2": 5.050674669828226, "x3": 4.296503268186505, "x4": 1.3699772458089021, "x5": 8.118842735396132, "x6": 6.507911511837501, "x7": -3.4257056080649044, "x8": 1.8224548925602306, "x9": 1.523412638594588}, "datetime": {"datetime": "2025-05-18 04:27:06", "elapsed": 4226.865, "delta": 17.810402}}
{"target": 2.469437133699312, "params": {"x0": 0.9000000000024588, "x1": 0.9000000005253372, "x2": 5.050674673917224, "x3": 4.296503266755004, "x4": 1.3699772438470825, "x5": 8.118842735957223, "x6": 6.507911519793336, "x7": -3.425705609732789, "x8": 1.8224548915076462, "x9": 1.5234126377351773}, "datetime": {"datetime": "2025-05-18 04:27:24", "elapsed": 4244.39988, "delta": 17.53488}}
{"target": 2.469437133699312, "params": {"x0": 0.9000000000040962, "x1": 0.9000000001351003, "x2": 5.050674675301771, "x3": 4.296503265219809, "x4": 1.3699772438164717, "x5": 8.118842737649246, "x6": 6.507911530956694, "x7": -3.4257056079526604, "x8": 1.8224548919491659, "x9": 1.523412638795179}, "datetime": {"datetime": "2025-05-18 04:27:41", "elapsed": 4262.146571, "delta": 17.746691}}
{"target": 2.469437133699312, "params": {"x0": 0.9000000000009439, "x1": 0.9000000004557825, "x2": 5.050674670040431, "x3": 4.296503263797416, "x4": 1.3699772426687646, "x5": 8.118842736377836, "x6": 6.507911531291354, "x7": -3.425705608913361, "x8": 1.8224548916704189, "x9": 1.5234126376974217}, "datetime": {"datetime": "2025-05-18 04:27:59", "elapsed": 4279.965033, "delta": 17.818462}}
{"target": 2.469437133699312, "params": {"x0": 0.9000000000043439, "x1": 0.9000000006267959, "x2": 5.050674674382832, "x3": 4.296503262452448, "x4": 1.3699772421408276, "x5": 8.118842736107007, "x6": 6.50791154314309, "x7": -3.425705609163783, "x8": 1.8224548922560786, "x9": 1.5234126377660044}, "datetime": {"datetime": "2025-05-18 04:28:17", "elapsed": 4298.047398, "delta": 18.082365}}
{"target": 2.469437133699312, "params": {"x0": 0.9000000000046744, "x1": 0.9000000000794658, "x2": 5.0506746735213195, "x3": 4.296503261237329, "x4": 1.3699772431654922, "x5": 8.118842736903597, "x6": 6.507911545418416, "x7": -3.425705608266578, "x8": 1.8224548919506576, "x9": 1.5234126384225044}, "datetime": {"datetime": "2025-05-18 04:28:35", "elapsed": 4315.772051, "delta": 17.724653}}
{"target": 2.469437133699312, "params": {"x0": 0.9000000000002959, "x1": 0.900000000258755, "x2": 5.050674672887649, "x3": 4.296503260195541, "x4": 1.3699772435478834, "x5": 8.118842736648807, "x6": 6.507911546565622, "x7": -3.425705608476572, "x8": 1.822454891959911, "x9": 1.5234126379985629}, "datetime": {"datetime": "2025-05-18 04:28:53", "elapsed": 4333.429847, "delta": 17.657796}}
{"target": 2.469437133699312, "params": {"x0": 0.9000000000039993, "x1": 0.9000000002458696, "x2": 5.050674673699739, "x3": 4.296503259263799, "x4": 1.3699772432104, "x5": 8.118842736836632, "x6": 6.507911549512895, "x7": -3.4257056081608885, "x8": 1.8224548919498362, "x9": 1.5234126386508977}, "datetime": {"datetime": "2025-05-18 04:29:11", "elapsed": 4351.431142, "delta": 18.001295}}
{"target": 2.469437133699312, "params": {"x0": 0.9000000000008268, "x1": 0.9000000002117173, "x2": 5.050674673901581, "x3": 4.29650325840846, "x4": 1.369977242427992, "x5": 8.11884273779599, "x6": 6.5079115540115255, "x7": -3.425705607109532, "x8": 1.8224548920375914, "x9": 1.5234126387008122}, "datetime": {"datetime": "2025-05-18 04:29:29", "elapsed": 4369.547055, "delta": 18.115913}}
{"target": 2.469437133699312, "params": {"x0": 0.9000000000023507, "x1": 0.9000000000038564, "x2": 5.050674671317816, "x3": 4.296503257721868, "x4": 1.3699772418511698, "x5": 8.118842737253413, "x6": 6.507911556209287, "x7": -3.425705607778506, "x8": 1.8224548918468721, "x9": 1.5234126383089945}, "datetime": {"datetime": "2025-05-18 04:29:47", "elapsed": 4387.495474, "delta": 17.948419}}
{"target": 2.469437133699312, "params": {"x0": 0.9000000000023939, "x1": 0.9000000001230467, "x2": 5.050674673490864, "x3": 4.296503256805076, "x4": 1.3699772419683656, "x5": 8.118842738175985, "x6": 6.507911559957735, "x7": -3.425705607945793, "x8": 1.8224548920393184, "x9": 1.5234126381041242}, "datetime": {"datetime": "2025-05-18 04:30:05", "elapsed": 4405.614541, "delta": 18.119067}}
{"target": 2.469437133699312, "params": {"x0": 0.9000000000004943, "x1": 0.9000000000421053, "x2": 5.050674671829074, "x3": 4.296503256346572, "x4": 1.3699772422300407, "x5": 8.118842738175509, "x6": 6.507911561906841, "x7": -3.4257056079262225, "x8": 1.8224548920570014, "x9": 1.5234126381549298}, "datetime": {"datetime": "2025-05-18 04:30:23", "elapsed": 4423.631272, "delta": 18.016731}}
{"target": 2.469437133699312, "params": {"x0": 0.900000000001848, "x1": 0.9000000001522224, "x2": 5.0506746736774835, "x3": 4.296503255814989, "x4": 1.3699772422023997, "x5": 8.118842737537737, "x6": 6.507911565432135, "x7": -3.4257056080080717, "x8": 1.8224548923905768, "x9": 1.5234126381182909}, "datetime": {"datetime": "2025-05-18 04:30:40", "elapsed": 4441.264989, "delta": 17.633717}}
{"target": 2.469437133699312, "params": {"x0": 0.9000000000000714, "x1": 0.9000000002500697, "x2": 5.050674672692074, "x3": 4.296503255365386, "x4": 1.3699772412904445, "x5": 8.118842738281728, "x6": 6.507911566260563, "x7": -3.425705607893635, "x8": 1.8224548924208306, "x9": 1.523412638356095}, "datetime": {"datetime": "2025-05-18 04:30:59", "elapsed": 4459.570776, "delta": 18.305787}}
{"target": 2.469437133699312, "params": {"x0": 0.9000000000005949, "x1": 0.9000000001493599, "x2": 5.050674673131185, "x3": 4.296503254921975, "x4": 1.369977241828536, "x5": 8.118842737188762, "x6": 6.507911568589117, "x7": -3.425705608206549, "x8": 1.8224548921177597, "x9": 1.5234126384491367}, "datetime": {"datetime": "2025-05-18 04:31:17", "elapsed": 4477.547018, "delta": 17.976242}}
{"target": 2.469437133699312, "params": {"x0": 0.9000000000017011, "x1": 0.9000000000460857, "x2": 5.0506746733741785, "x3": 4.296503254540102, "x4": 1.3699772415221858, "x5": 8.11884273782353, "x6": 6.507911570827558, "x7": -3.42570560772392, "x8": 1.8224548921590022, "x9": 1.5234126382180868}, "datetime": {"datetime": "2025-05-18 04:31:34", "elapsed": 4495.236673, "delta": 17.689655}}
{"target": 2.469437133699312, "params": {"x0": 0.9000000000000632, "x1": 0.9000000000306482, "x2": 5.0506746723934075, "x3": 4.296503254171484, "x4": 1.3699772406605581, "x5": 8.118842737554672, "x6": 6.507911572032077, "x7": -3.425705608219817, "x8": 1.822454892057263, "x9": 1.5234126383490099}, "datetime": {"datetime": "2025-05-18 04:31:52", "elapsed": 4513.282302, "delta": 18.045629}}
{"target": 2.469437133699312, "params": {"x0": 0.9000000000004158, "x1": 0.9000000000534438, "x2": 5.050674673198525, "x3": 4.296503253847296, "x4": 1.3699772414094455, "x5": 8.118842737677385, "x6": 6.507911574822844, "x7": -3.4257056077569636, "x8": 1.8224548922169725, "x9": 1.5234126385740772}, "datetime": {"datetime": "2025-05-18 04:32:10", "elapsed": 4531.238222, "delta": 17.95592}}
{"target": 2.469437133699312, "params": {"x0": 0.900000000000154, "x1": 0.9000000000558713, "x2": 5.050674672232777, "x3": 4.296503253498114, "x4": 1.3699772412515228, "x5": 8.118842737572331, "x6": 6.507911574395953, "x7": -3.4257056076853, "x8": 1.8224548920892538, "x9": 1.5234126383807771}, "datetime": {"datetime": "2025-05-18 04:32:28", "elapsed": 4549.184161, "delta": 17.945939}}
{"target": 2.469437133699312, "params": {"x0": 0.9000000000000047, "x1": 0.9000000000077065, "x2": 5.0506746728977525, "x3": 4.296503253262519, "x4": 1.3699772411388556, "x5": 8.118842737362808, "x6": 6.507911576326877, "x7": -3.4257056076559405, "x8": 1.8224548922591115, "x9": 1.5234126384754993}, "datetime": {"datetime": "2025-05-18 04:32:46", "elapsed": 4567.23671, "delta": 18.052549}}
{"target": 2.469437133699312, "params": {"x0": 0.9000000000009143, "x1": 0.900000000016729, "x2": 5.0506746726315335, "x3": 4.29650325303492, "x4": 1.3699772413963307, "x5": 8.118842737378355, "x6": 6.50791157660042, "x7": -3.425705608112201, "x8": 1.8224548922432797, "x9": 1.523412638396765}, "datetime": {"datetime": "2025-05-18 04:33:05", "elapsed": 4585.479469, "delta": 18.242759}}
{"target": 2.469437133699312, "params": {"x0": 0.9000000000001049, "x1": 0.9000000000092395, "x2": 5.0506746729892145, "x3": 4.296503252825813, "x4": 1.3699772411094233, "x5": 8.118842737765688, "x6": 6.507911577782931, "x7": -3.425705607843768, "x8": 1.8224548921636263, "x9": 1.5234126383958535}, "datetime": {"datetime": "2025-05-18 04:33:23", "elapsed": 4603.538791, "delta": 18.059322}}
{"target": 2.469437133699312, "params": {"x0": 0.9000000000000666, "x1": 0.9000000000090548, "x2": 5.050674672787828, "x3": 4.296503252623741, "x4": 1.3699772410926865, "x5": 8.11884273764512, "x6": 6.5079115795445075, "x7": -3.4257056077142045, "x8": 1.8224548921167927, "x9": 1.5234126384124658}, "datetime": {"datetime": "2025-05-18 04:33:41", "elapsed": 4621.541377, "delta": 18.002586}}
{"target": 2.469437133699312, "params": {"x0": 0.9000000000003725, "x1": 0.9000000000169066, "x2": 5.0506746728815175, "x3": 4.296503252446413, "x4": 1.3699772411881548, "x5": 8.118842737893267, "x6": 6.507911579893619, "x7": -3.4257056077388226, "x8": 1.822454892221354, "x9": 1.5234126384989648}, "datetime": {"datetime": "2025-05-18 04:33:59", "elapsed": 4640.220433, "delta": 18.679056}}
{"target": 2.469437133699312, "params": {"x0": 0.9000000000004633, "x1": 0.9000000000035119, "x2": 5.050674672731784, "x3": 4.296503252297396, "x4": 1.3699772408082995, "x5": 8.118842737788988, "x6": 6.507911579974043, "x7": -3.4257056078876027, "x8": 1.8224548921842623, "x9": 1.5234126383626216}, "datetime": {"datetime": "2025-05-18 04:34:18", "elapsed": 4658.982527, "delta": 18.762094}}
{"target": 2.469437133699312, "params": {"x0": 0.9000000000005439, "x1": 0.9000000000139287, "x2": 5.050674672833628, "x3": 4.296503252158383, "x4": 1.3699772405326391, "x5": 8.118842737511846, "x6": 6.50791158038816, "x7": -3.4257056080239257, "x8": 1.8224548921700006, "x9": 1.5234126383794886}, "datetime": {"datetime": "2025-05-18 04:34:36", "elapsed": 4676.946024, "delta": 17.963497}}
{"target": 2.469437133699312, "params": {"x0": 0.9000000000000298, "x1": 0.9000000000259589, "x2": 5.050674672606198, "x3": 4.2965032520246655, "x4": 1.3699772410802162, "x5": 8.118842737771834, "x6": 6.507911580977092, "x7": -3.4257056078668766, "x8": 1.8224548921896042, "x9": 1.5234126383915332}, "datetime": {"datetime": "2025-05-18 04:34:55", "elapsed": 4695.77007, "delta": 18.824046}}
{"target": 2.469437133699312, "params": {"x0": 0.900000000000081, "x1": 0.9000000000129533, "x2": 5.0506746726859, "x3": 4.296503251902818, "x4": 1.3699772410266142, "x5": 8.118842737712006, "x6": 6.507911582032216, "x7": -3.425705607803726, "x8": 1.822454892185136, "x9": 1.5234126383782975}, "datetime": {"datetime": "2025-05-18 04:35:13", "elapsed": 4713.861386, "delta": 18.091316}}
{"target": 2.469437133699312, "params": {"x0": 0.9000000000003546, "x1": 0.9000000000170771, "x2": 5.050674672645821, "x3": 4.296503251815351, "x4": 1.3699772410559112, "x5": 8.118842737666085, "x6": 6.507911581939327, "x7": -3.4257056078591015, "x8": 1.8224548922286528, "x9": 1.5234126384376925}, "datetime": {"datetime": "2025-05-18 04:35:31", "elapsed": 4732.063605, "delta": 18.202219}}
{"target": 2.469437133699312, "params": {"x0": 0.9000000000002013, "x1": 0.9000000000268062, "x2": 5.050674672559943, "x3": 4.29650325168524, "x4": 1.3699772410120707, "x5": 8.118842737793583, "x6": 6.507911582355343, "x7": -3.425705607886537, "x8": 1.8224548921526844, "x9": 1.5234126384390883}, "datetime": {"datetime": "2025-05-18 04:35:49", "elapsed": 4750.322322, "delta": 18.258717}}
{"target": 2.469437133699312, "params": {"x0": 0.9000000000003197, "x1": 0.9000000000273053, "x2": 5.050674672499596, "x3": 4.296503251636565, "x4": 1.3699772409647941, "x5": 8.118842737700707, "x6": 6.50791158276339, "x7": -3.425705607856857, "x8": 1.822454892199241, "x9": 1.5234126384704494}, "datetime": {"datetime": "2025-05-18 04:36:08", "elapsed": 4768.728271, "delta": 18.405949}}
{"target": 2.469437133699312, "params": {"x0": 0.9000000000001905, "x1": 0.9000000000096566, "x2": 5.050674672496458, "x3": 4.29650325157331, "x4": 1.3699772409781052, "x5": 8.11884273760979, "x6": 6.507911583184211, "x7": -3.4257056078999892, "x8": 1.8224548921883126, "x9": 1.5234126384337188}, "datetime": {"datetime": "2025-05-18 04:36:27", "elapsed": 4787.503277, "delta": 18.775006}}
{"target": 2.469437133699312, "params": {"x0": 0.9000000000002859, "x1": 0.9000000000031958, "x2": 5.050674672674761, "x3": 4.29650325150538, "x4": 1.3699772408174786, "x5": 8.11884273776838, "x6": 6.507911583447611, "x7": -3.425705607934252, "x8": 1.8224548921787156, "x9": 1.5234126384096607}, "datetime": {"datetime": "2025-05-18 04:36:45", "elapsed": 4805.698745, "delta": 18.195468}}
{"target": 2.469437133699312, "params": {"x0": 0.9000000000000122, "x1": 0.9000000000069551, "x2": 5.050674672499098, "x3": 4.296503251445569, "x4": 1.3699772409374662, "x5": 8.1188427377242, "x6": 6.507911583745981, "x7": -3.4257056079703223, "x8": 1.822454892206149, "x9": 1.5234126384619557}, "datetime": {"datetime": "2025-05-18 04:37:03", "elapsed": 4823.769958, "delta": 18.071213}}
{"target": 2.469437133699312, "params": {"x0": 0.9000000000001691, "x1": 0.9000000000015594, "x2": 5.050674672622507, "x3": 4.296503251381373, "x4": 1.3699772408689537, "x5": 8.118842737741897, "x6": 6.507911583851105, "x7": -3.4257056079660253, "x8": 1.8224548921849746, "x9": 1.5234126384132887}, "datetime": {"datetime": "2025-05-18 04:37:22", "elapsed": 4842.681039, "delta": 18.911081}}
