{"target": 19.608172144208638, "params": {"x0": 1.0335431709061003, "x1": 0.9, "x2": 3.59695803825362, "x3": 4.1824979263154685, "x4": 1.09230711046464, "x5": 10.4574764590002, "x6": 7.01734999732812, "x7": -2.3359675853871043, "x8": 1.4765875290620782, "x9": 1.4759971108656518}, "datetime": {"datetime": "2025-05-15 22:55:08", "elapsed": 4432.726601, "delta": 4.732013}}
{"target": 19.608172144208638, "params": {"x0": 1.0335431709061003, "x1": 0.9, "x2": 3.59695803825362, "x3": 4.1824979263154685, "x4": 1.09230711046464, "x5": 10.4574764590002, "x6": 7.01734999732812, "x7": -2.3359675853871043, "x8": 1.4765875290620782, "x9": 1.4759971108656518}, "datetime": {"datetime": "2025-05-15 22:55:11", "elapsed": 4436.306812, "delta": 3.580211}}
{"target": 19.608172144208638, "params": {"x0": 1.0335431709061003, "x1": 0.9, "x2": 3.59695803825362, "x3": 4.1824979263154685, "x4": 1.09230711046464, "x5": 10.4574764590002, "x6": 7.01734999732812, "x7": -2.3359675853871043, "x8": 1.4765875290620782, "x9": 1.4759971108656518}, "datetime": {"datetime": "2025-05-15 22:55:15", "elapsed": 4440.29944, "delta": 3.992628}}
{"target": 19.608172144208638, "params": {"x0": 1.0335431709061003, "x1": 0.9, "x2": 3.59695803825362, "x3": 4.1824979263154685, "x4": 1.09230711046464, "x5": 10.4574764590002, "x6": 7.01734999732812, "x7": -2.3359675853871043, "x8": 1.4765875290620782, "x9": 1.4759971108656518}, "datetime": {"datetime": "2025-05-15 22:55:19", "elapsed": 4443.790327, "delta": 3.490887}}
{"target": 19.608172144208638, "params": {"x0": 1.0335431709061003, "x1": 0.9, "x2": 3.59695803825362, "x3": 4.1824979263154685, "x4": 1.09230711046464, "x5": 10.4574764590002, "x6": 7.01734999732812, "x7": -2.3359675853871043, "x8": 1.4765875290620782, "x9": 1.4759971108656518}, "datetime": {"datetime": "2025-05-15 22:55:24", "elapsed": 4448.848135, "delta": 5.057808}}
{"target": 19.608172144208638, "params": {"x0": 1.0335431709061003, "x1": 0.9, "x2": 3.59695803825362, "x3": 4.1824979263154685, "x4": 1.09230711046464, "x5": 10.4574764590002, "x6": 7.01734999732812, "x7": -2.3359675853871043, "x8": 1.4765875290620782, "x9": 1.4759971108656518}, "datetime": {"datetime": "2025-05-15 22:55:28", "elapsed": 4453.186183, "delta": 4.338048}}
{"target": 19.608172144208638, "params": {"x0": 1.0335431709061003, "x1": 0.9, "x2": 3.59695803825362, "x3": 4.1824979263154685, "x4": 1.09230711046464, "x5": 10.4574764590002, "x6": 7.01734999732812, "x7": -2.3359675853871043, "x8": 1.4765875290620782, "x9": 1.4759971108656518}, "datetime": {"datetime": "2025-05-15 22:55:33", "elapsed": 4457.75976, "delta": 4.573577}}
{"target": 19.608172144208638, "params": {"x0": 1.0335431709061003, "x1": 0.9, "x2": 3.59695803825362, "x3": 4.1824979263154685, "x4": 1.09230711046464, "x5": 10.4574764590002, "x6": 7.01734999732812, "x7": -2.3359675853871043, "x8": 1.4765875290620782, "x9": 1.4759971108656518}, "datetime": {"datetime": "2025-05-15 22:55:37", "elapsed": 4461.780381, "delta": 4.020621}}
{"target": 19.608172144208638, "params": {"x0": 1.0335431709061003, "x1": 0.9, "x2": 3.59695803825362, "x3": 4.1824979263154685, "x4": 1.09230711046464, "x5": 10.4574764590002, "x6": 7.01734999732812, "x7": -2.3359675853871043, "x8": 1.4765875290620782, "x9": 1.4759971108656518}, "datetime": {"datetime": "2025-05-15 22:55:41", "elapsed": 4465.411778, "delta": 3.631397}}
{"target": 19.608172144208638, "params": {"x0": 1.0335431709061003, "x1": 0.9, "x2": 3.59695803825362, "x3": 4.1824979263154685, "x4": 1.09230711046464, "x5": 10.4574764590002, "x6": 7.01734999732812, "x7": -2.3359675853871043, "x8": 1.4765875290620782, "x9": 1.4759971108656518}, "datetime": {"datetime": "2025-05-15 22:55:45", "elapsed": 4469.386067, "delta": 3.974289}}
{"target": 19.608172144208638, "params": {"x0": 1.0335431709061003, "x1": 0.9, "x2": 3.59695803825362, "x3": 4.1824979263154685, "x4": 1.09230711046464, "x5": 10.4574764590002, "x6": 7.01734999732812, "x7": -2.3359675853871043, "x8": 1.4765875290620782, "x9": 1.4759971108656518}, "datetime": {"datetime": "2025-05-15 22:55:48", "elapsed": 4472.583614, "delta": 3.197547}}
{"target": 19.608172144208638, "params": {"x0": 1.0335431709061003, "x1": 0.9, "x2": 3.59695803825362, "x3": 4.1824979263154685, "x4": 1.09230711046464, "x5": 10.4574764590002, "x6": 7.01734999732812, "x7": -2.3359675853871043, "x8": 1.4765875290620782, "x9": 1.4759971108656518}, "datetime": {"datetime": "2025-05-15 22:55:52", "elapsed": 4477.219505, "delta": 4.635891}}
{"target": 19.608172144208638, "params": {"x0": 1.0335431709061003, "x1": 0.9, "x2": 3.59695803825362, "x3": 4.1824979263154685, "x4": 1.09230711046464, "x5": 10.4574764590002, "x6": 7.01734999732812, "x7": -2.3359675853871043, "x8": 1.4765875290620782, "x9": 1.4759971108656518}, "datetime": {"datetime": "2025-05-15 22:55:58", "elapsed": 4482.774745, "delta": 5.55524}}
{"target": 19.608172144208638, "params": {"x0": 1.0335431709061003, "x1": 0.9, "x2": 3.59695803825362, "x3": 4.1824979263154685, "x4": 1.09230711046464, "x5": 10.4574764590002, "x6": 7.01734999732812, "x7": -2.3359675853871043, "x8": 1.4765875290620782, "x9": 1.4759971108656518}, "datetime": {"datetime": "2025-05-15 22:56:03", "elapsed": 4487.536704, "delta": 4.761959}}
{"target": 19.608172144208638, "params": {"x0": 1.0335431709061003, "x1": 0.9, "x2": 3.59695803825362, "x3": 4.1824979263154685, "x4": 1.09230711046464, "x5": 10.4574764590002, "x6": 7.01734999732812, "x7": -2.3359675853871043, "x8": 1.4765875290620782, "x9": 1.4759971108656518}, "datetime": {"datetime": "2025-05-15 22:56:07", "elapsed": 4491.376044, "delta": 3.83934}}
{"target": 19.608172144208638, "params": {"x0": 1.0335431709061003, "x1": 0.9, "x2": 3.59695803825362, "x3": 4.1824979263154685, "x4": 1.09230711046464, "x5": 10.4574764590002, "x6": 7.01734999732812, "x7": -2.3359675853871043, "x8": 1.4765875290620782, "x9": 1.4759971108656518}, "datetime": {"datetime": "2025-05-15 22:56:11", "elapsed": 4495.497442, "delta": 4.121398}}
{"target": 19.608172144208638, "params": {"x0": 1.0335431709061003, "x1": 0.9, "x2": 3.59695803825362, "x3": 4.1824979263154685, "x4": 1.09230711046464, "x5": 10.4574764590002, "x6": 7.01734999732812, "x7": -2.3359675853871043, "x8": 1.4765875290620782, "x9": 1.4759971108656518}, "datetime": {"datetime": "2025-05-15 22:56:15", "elapsed": 4499.572295, "delta": 4.074853}}
{"target": 19.608172144208638, "params": {"x0": 1.0335431709061003, "x1": 0.9, "x2": 3.59695803825362, "x3": 4.1824979263154685, "x4": 1.09230711046464, "x5": 10.4574764590002, "x6": 7.01734999732812, "x7": -2.3359675853871043, "x8": 1.4765875290620782, "x9": 1.4759971108656518}, "datetime": {"datetime": "2025-05-15 22:56:18", "elapsed": 4503.088187, "delta": 3.515892}}
{"target": 19.608172144208638, "params": {"x0": 1.0335431709061003, "x1": 0.9, "x2": 3.59695803825362, "x3": 4.1824979263154685, "x4": 1.09230711046464, "x5": 10.4574764590002, "x6": 7.01734999732812, "x7": -2.3359675853871043, "x8": 1.4765875290620782, "x9": 1.4759971108656518}, "datetime": {"datetime": "2025-05-15 22:56:22", "elapsed": 4506.876183, "delta": 3.787996}}
{"target": 19.608172144208638, "params": {"x0": 1.0335431709061003, "x1": 0.9, "x2": 3.59695803825362, "x3": 4.1824979263154685, "x4": 1.09230711046464, "x5": 10.4574764590002, "x6": 7.01734999732812, "x7": -2.3359675853871043, "x8": 1.4765875290620782, "x9": 1.4759971108656518}, "datetime": {"datetime": "2025-05-15 22:56:27", "elapsed": 4511.836185, "delta": 4.960002}}
{"target": 19.608172144208638, "params": {"x0": 1.0335431709061003, "x1": 0.9, "x2": 3.59695803825362, "x3": 4.1824979263154685, "x4": 1.09230711046464, "x5": 10.4574764590002, "x6": 7.01734999732812, "x7": -2.3359675853871043, "x8": 1.4765875290620782, "x9": 1.4759971108656518}, "datetime": {"datetime": "2025-05-15 22:56:32", "elapsed": 4516.777743, "delta": 4.941558}}
{"target": 19.608172144208638, "params": {"x0": 1.0335431709061003, "x1": 0.9, "x2": 3.59695803825362, "x3": 4.1824979263154685, "x4": 1.09230711046464, "x5": 10.4574764590002, "x6": 7.01734999732812, "x7": -2.3359675853871043, "x8": 1.4765875290620782, "x9": 1.4759971108656518}, "datetime": {"datetime": "2025-05-15 22:56:36", "elapsed": 4521.144231, "delta": 4.366488}}
{"target": 19.608172144208638, "params": {"x0": 1.0335431709061003, "x1": 0.9, "x2": 3.59695803825362, "x3": 4.1824979263154685, "x4": 1.09230711046464, "x5": 10.4574764590002, "x6": 7.01734999732812, "x7": -2.3359675853871043, "x8": 1.4765875290620782, "x9": 1.4759971108656518}, "datetime": {"datetime": "2025-05-15 22:56:41", "elapsed": 4525.989108, "delta": 4.844877}}
{"target": 19.608172144208638, "params": {"x0": 1.0335431709061003, "x1": 0.9, "x2": 3.59695803825362, "x3": 4.1824979263154685, "x4": 1.09230711046464, "x5": 10.4574764590002, "x6": 7.01734999732812, "x7": -2.3359675853871043, "x8": 1.4765875290620782, "x9": 1.4759971108656518}, "datetime": {"datetime": "2025-05-15 22:56:45", "elapsed": 4529.887795, "delta": 3.898687}}
{"target": 19.608172144208638, "params": {"x0": 1.0335431709061003, "x1": 0.9, "x2": 3.59695803825362, "x3": 4.1824979263154685, "x4": 1.09230711046464, "x5": 10.4574764590002, "x6": 7.01734999732812, "x7": -2.3359675853871043, "x8": 1.4765875290620782, "x9": 1.4759971108656518}, "datetime": {"datetime": "2025-05-15 22:56:50", "elapsed": 4534.36452, "delta": 4.476725}}
{"target": 19.608172144208638, "params": {"x0": 1.0335431709061003, "x1": 0.9, "x2": 3.59695803825362, "x3": 4.1824979263154685, "x4": 1.09230711046464, "x5": 10.4574764590002, "x6": 7.01734999732812, "x7": -2.3359675853871043, "x8": 1.4765875290620782, "x9": 1.4759971108656518}, "datetime": {"datetime": "2025-05-15 22:56:54", "elapsed": 4539.013199, "delta": 4.648679}}
{"target": 19.608172144208638, "params": {"x0": 1.0335431709061003, "x1": 0.9, "x2": 3.59695803825362, "x3": 4.1824979263154685, "x4": 1.09230711046464, "x5": 10.4574764590002, "x6": 7.01734999732812, "x7": -2.3359675853871043, "x8": 1.4765875290620782, "x9": 1.4759971108656518}, "datetime": {"datetime": "2025-05-15 22:56:59", "elapsed": 4544.002833, "delta": 4.989634}}
{"target": 19.608172144208638, "params": {"x0": 1.0335431709061003, "x1": 0.9, "x2": 3.59695803825362, "x3": 4.1824979263154685, "x4": 1.09230711046464, "x5": 10.4574764590002, "x6": 7.01734999732812, "x7": -2.3359675853871043, "x8": 1.4765875290620782, "x9": 1.4759971108656518}, "datetime": {"datetime": "2025-05-15 22:57:03", "elapsed": 4548.289905, "delta": 4.287072}}
{"target": 19.608172144208638, "params": {"x0": 1.0335431709061003, "x1": 0.9, "x2": 3.59695803825362, "x3": 4.1824979263154685, "x4": 1.09230711046464, "x5": 10.4574764590002, "x6": 7.01734999732812, "x7": -2.3359675853871043, "x8": 1.4765875290620782, "x9": 1.4759971108656518}, "datetime": {"datetime": "2025-05-15 22:57:08", "elapsed": 4552.994458, "delta": 4.704553}}
{"target": 19.608172144208638, "params": {"x0": 1.0335431709061003, "x1": 0.9, "x2": 3.59695803825362, "x3": 4.1824979263154685, "x4": 1.09230711046464, "x5": 10.4574764590002, "x6": 7.01734999732812, "x7": -2.3359675853871043, "x8": 1.4765875290620782, "x9": 1.4759971108656518}, "datetime": {"datetime": "2025-05-15 22:57:13", "elapsed": 4557.394593, "delta": 4.400135}}
{"target": 19.608172144208638, "params": {"x0": 1.0335431709061003, "x1": 0.9, "x2": 3.59695803825362, "x3": 4.1824979263154685, "x4": 1.09230711046464, "x5": 10.4574764590002, "x6": 7.01734999732812, "x7": -2.3359675853871043, "x8": 1.4765875290620782, "x9": 1.4759971108656518}, "datetime": {"datetime": "2025-05-15 22:57:16", "elapsed": 4561.059183, "delta": 3.66459}}
{"target": 19.608172144208638, "params": {"x0": 1.0335431709061003, "x1": 0.9, "x2": 3.59695803825362, "x3": 4.1824979263154685, "x4": 1.09230711046464, "x5": 10.4574764590002, "x6": 7.01734999732812, "x7": -2.3359675853871043, "x8": 1.4765875290620782, "x9": 1.4759971108656518}, "datetime": {"datetime": "2025-05-15 22:57:21", "elapsed": 4565.70964, "delta": 4.650457}}
{"target": 19.608172144208638, "params": {"x0": 1.0335431709061003, "x1": 0.9, "x2": 3.59695803825362, "x3": 4.1824979263154685, "x4": 1.09230711046464, "x5": 10.4574764590002, "x6": 7.01734999732812, "x7": -2.3359675853871043, "x8": 1.4765875290620782, "x9": 1.4759971108656518}, "datetime": {"datetime": "2025-05-15 22:57:27", "elapsed": 4571.563088, "delta": 5.853448}}
{"target": 19.608172144208638, "params": {"x0": 1.0335431709061003, "x1": 0.9, "x2": 3.59695803825362, "x3": 4.1824979263154685, "x4": 1.09230711046464, "x5": 10.4574764590002, "x6": 7.01734999732812, "x7": -2.3359675853871043, "x8": 1.4765875290620782, "x9": 1.4759971108656518}, "datetime": {"datetime": "2025-05-15 22:57:31", "elapsed": 4575.692294, "delta": 4.129206}}
{"target": 19.608172144208638, "params": {"x0": 1.0335431709061003, "x1": 0.9, "x2": 3.59695803825362, "x3": 4.1824979263154685, "x4": 1.09230711046464, "x5": 10.4574764590002, "x6": 7.01734999732812, "x7": -2.3359675853871043, "x8": 1.4765875290620782, "x9": 1.4759971108656518}, "datetime": {"datetime": "2025-05-15 22:57:36", "elapsed": 4580.576361, "delta": 4.884067}}
{"target": 19.608172144208638, "params": {"x0": 1.0335431709061003, "x1": 0.9, "x2": 3.59695803825362, "x3": 4.1824979263154685, "x4": 1.09230711046464, "x5": 10.4574764590002, "x6": 7.01734999732812, "x7": -2.3359675853871043, "x8": 1.4765875290620782, "x9": 1.4759971108656518}, "datetime": {"datetime": "2025-05-15 22:57:41", "elapsed": 4585.476405, "delta": 4.900044}}
{"target": 19.608172144208638, "params": {"x0": 1.0335431709061003, "x1": 0.9, "x2": 3.59695803825362, "x3": 4.1824979263154685, "x4": 1.09230711046464, "x5": 10.4574764590002, "x6": 7.01734999732812, "x7": -2.3359675853871043, "x8": 1.4765875290620782, "x9": 1.4759971108656518}, "datetime": {"datetime": "2025-05-15 22:57:44", "elapsed": 4589.112305, "delta": 3.6359}}
{"target": 19.608172144208638, "params": {"x0": 1.0335431709061003, "x1": 0.9, "x2": 3.59695803825362, "x3": 4.1824979263154685, "x4": 1.09230711046464, "x5": 10.4574764590002, "x6": 7.01734999732812, "x7": -2.3359675853871043, "x8": 1.4765875290620782, "x9": 1.4759971108656518}, "datetime": {"datetime": "2025-05-15 22:57:49", "elapsed": 4593.984699, "delta": 4.872394}}
{"target": 19.608172144208638, "params": {"x0": 1.0335431709061003, "x1": 0.9, "x2": 3.59695803825362, "x3": 4.1824979263154685, "x4": 1.09230711046464, "x5": 10.4574764590002, "x6": 7.01734999732812, "x7": -2.3359675853871043, "x8": 1.4765875290620782, "x9": 1.4759971108656518}, "datetime": {"datetime": "2025-05-15 22:57:54", "elapsed": 4598.488296, "delta": 4.503597}}
{"target": 19.608172144208638, "params": {"x0": 1.0335431709061003, "x1": 0.9, "x2": 3.59695803825362, "x3": 4.1824979263154685, "x4": 1.09230711046464, "x5": 10.4574764590002, "x6": 7.01734999732812, "x7": -2.3359675853871043, "x8": 1.4765875290620782, "x9": 1.4759971108656518}, "datetime": {"datetime": "2025-05-15 22:57:58", "elapsed": 4603.159637, "delta": 4.671341}}
{"target": 19.608172144208638, "params": {"x0": 1.0335431709061003, "x1": 0.9, "x2": 3.59695803825362, "x3": 4.1824979263154685, "x4": 1.09230711046464, "x5": 10.4574764590002, "x6": 7.01734999732812, "x7": -2.3359675853871043, "x8": 1.4765875290620782, "x9": 1.4759971108656518}, "datetime": {"datetime": "2025-05-15 22:58:02", "elapsed": 4607.069636, "delta": 3.909999}}
{"target": 19.608172144208638, "params": {"x0": 1.0335431709061003, "x1": 0.9, "x2": 3.59695803825362, "x3": 4.1824979263154685, "x4": 1.09230711046464, "x5": 10.4574764590002, "x6": 7.01734999732812, "x7": -2.3359675853871043, "x8": 1.4765875290620782, "x9": 1.4759971108656518}, "datetime": {"datetime": "2025-05-15 22:58:07", "elapsed": 4611.845596, "delta": 4.77596}}
{"target": 19.608172144208638, "params": {"x0": 1.0335431709061003, "x1": 0.9, "x2": 3.59695803825362, "x3": 4.1824979263154685, "x4": 1.09230711046464, "x5": 10.4574764590002, "x6": 7.01734999732812, "x7": -2.3359675853871043, "x8": 1.4765875290620782, "x9": 1.4759971108656518}, "datetime": {"datetime": "2025-05-15 22:58:12", "elapsed": 4616.535588, "delta": 4.689992}}
{"target": 19.608172144208638, "params": {"x0": 1.0335431709061003, "x1": 0.9, "x2": 3.59695803825362, "x3": 4.1824979263154685, "x4": 1.09230711046464, "x5": 10.4574764590002, "x6": 7.01734999732812, "x7": -2.3359675853871043, "x8": 1.4765875290620782, "x9": 1.4759971108656518}, "datetime": {"datetime": "2025-05-15 22:58:16", "elapsed": 4620.513034, "delta": 3.977446}}
{"target": 19.608172144208638, "params": {"x0": 1.0335431709061003, "x1": 0.9, "x2": 3.59695803825362, "x3": 4.1824979263154685, "x4": 1.09230711046464, "x5": 10.4574764590002, "x6": 7.01734999732812, "x7": -2.3359675853871043, "x8": 1.4765875290620782, "x9": 1.4759971108656518}, "datetime": {"datetime": "2025-05-15 22:58:20", "elapsed": 4624.552433, "delta": 4.039399}}
{"target": 19.608172144208638, "params": {"x0": 1.0335431709061003, "x1": 0.9, "x2": 3.59695803825362, "x3": 4.1824979263154685, "x4": 1.09230711046464, "x5": 10.4574764590002, "x6": 7.01734999732812, "x7": -2.3359675853871043, "x8": 1.4765875290620782, "x9": 1.4759971108656518}, "datetime": {"datetime": "2025-05-15 22:58:24", "elapsed": 4628.932656, "delta": 4.380223}}
{"target": 19.608172144208638, "params": {"x0": 1.0335431709061003, "x1": 0.9, "x2": 3.59695803825362, "x3": 4.1824979263154685, "x4": 1.09230711046464, "x5": 10.4574764590002, "x6": 7.01734999732812, "x7": -2.3359675853871043, "x8": 1.4765875290620782, "x9": 1.4759971108656518}, "datetime": {"datetime": "2025-05-15 22:58:30", "elapsed": 4634.737749, "delta": 5.805093}}
{"target": 19.608172144208638, "params": {"x0": 1.0335431709061003, "x1": 0.9, "x2": 3.59695803825362, "x3": 4.1824979263154685, "x4": 1.09230711046464, "x5": 10.4574764590002, "x6": 7.01734999732812, "x7": -2.3359675853871043, "x8": 1.4765875290620782, "x9": 1.4759971108656518}, "datetime": {"datetime": "2025-05-15 22:58:34", "elapsed": 4639.007215, "delta": 4.269466}}
{"target": 19.608172144208638, "params": {"x0": 1.0335431709061003, "x1": 0.9, "x2": 3.59695803825362, "x3": 4.1824979263154685, "x4": 1.09230711046464, "x5": 10.4574764590002, "x6": 7.01734999732812, "x7": -2.3359675853871043, "x8": 1.4765875290620782, "x9": 1.4759971108656518}, "datetime": {"datetime": "2025-05-15 22:58:39", "elapsed": 4643.915753, "delta": 4.908538}}
{"target": 19.608172144208638, "params": {"x0": 1.0335431709061003, "x1": 0.9, "x2": 3.59695803825362, "x3": 4.1824979263154685, "x4": 1.09230711046464, "x5": 10.4574764590002, "x6": 7.01734999732812, "x7": -2.3359675853871043, "x8": 1.4765875290620782, "x9": 1.4759971108656518}, "datetime": {"datetime": "2025-05-15 22:58:43", "elapsed": 4648.085017, "delta": 4.169264}}
{"target": 19.608172144208638, "params": {"x0": 1.0335431709061003, "x1": 0.9, "x2": 3.59695803825362, "x3": 4.1824979263154685, "x4": 1.09230711046464, "x5": 10.4574764590002, "x6": 7.01734999732812, "x7": -2.3359675853871043, "x8": 1.4765875290620782, "x9": 1.4759971108656518}, "datetime": {"datetime": "2025-05-15 22:58:49", "elapsed": 4653.345191, "delta": 5.260174}}
{"target": 19.608172144208638, "params": {"x0": 1.0335431709061003, "x1": 0.9, "x2": 3.59695803825362, "x3": 4.1824979263154685, "x4": 1.09230711046464, "x5": 10.4574764590002, "x6": 7.01734999732812, "x7": -2.3359675853871043, "x8": 1.4765875290620782, "x9": 1.4759971108656518}, "datetime": {"datetime": "2025-05-15 22:58:53", "elapsed": 4658.11661, "delta": 4.771419}}
{"target": 19.608172144208638, "params": {"x0": 1.0335431709061003, "x1": 0.9, "x2": 3.59695803825362, "x3": 4.1824979263154685, "x4": 1.09230711046464, "x5": 10.4574764590002, "x6": 7.01734999732812, "x7": -2.3359675853871043, "x8": 1.4765875290620782, "x9": 1.4759971108656518}, "datetime": {"datetime": "2025-05-15 22:58:57", "elapsed": 4661.953161, "delta": 3.836551}}
{"target": 19.608172144208638, "params": {"x0": 1.0335431709061003, "x1": 0.9, "x2": 3.59695803825362, "x3": 4.1824979263154685, "x4": 1.09230711046464, "x5": 10.4574764590002, "x6": 7.01734999732812, "x7": -2.3359675853871043, "x8": 1.4765875290620782, "x9": 1.4759971108656518}, "datetime": {"datetime": "2025-05-15 22:59:01", "elapsed": 4665.887825, "delta": 3.934664}}
{"target": 19.608172144208638, "params": {"x0": 1.0335431709061003, "x1": 0.9, "x2": 3.59695803825362, "x3": 4.1824979263154685, "x4": 1.09230711046464, "x5": 10.4574764590002, "x6": 7.01734999732812, "x7": -2.3359675853871043, "x8": 1.4765875290620782, "x9": 1.4759971108656518}, "datetime": {"datetime": "2025-05-15 22:59:04", "elapsed": 4668.967194, "delta": 3.079369}}
{"target": 19.608172144208638, "params": {"x0": 1.0335431709061003, "x1": 0.9, "x2": 3.59695803825362, "x3": 4.1824979263154685, "x4": 1.09230711046464, "x5": 10.4574764590002, "x6": 7.01734999732812, "x7": -2.3359675853871043, "x8": 1.4765875290620782, "x9": 1.4759971108656518}, "datetime": {"datetime": "2025-05-15 22:59:08", "elapsed": 4672.591765, "delta": 3.624571}}
{"target": 19.608172144208638, "params": {"x0": 1.0335431709061003, "x1": 0.9, "x2": 3.59695803825362, "x3": 4.1824979263154685, "x4": 1.09230711046464, "x5": 10.4574764590002, "x6": 7.01734999732812, "x7": -2.3359675853871043, "x8": 1.4765875290620782, "x9": 1.4759971108656518}, "datetime": {"datetime": "2025-05-15 22:59:12", "elapsed": 4676.576645, "delta": 3.98488}}
{"target": 19.608172144208638, "params": {"x0": 1.0335431709061003, "x1": 0.9, "x2": 3.59695803825362, "x3": 4.1824979263154685, "x4": 1.09230711046464, "x5": 10.4574764590002, "x6": 7.01734999732812, "x7": -2.3359675853871043, "x8": 1.4765875290620782, "x9": 1.4759971108656518}, "datetime": {"datetime": "2025-05-15 22:59:16", "elapsed": 4681.000188, "delta": 4.423543}}
{"target": 19.608172144208638, "params": {"x0": 1.0335431709061003, "x1": 0.9, "x2": 3.59695803825362, "x3": 4.1824979263154685, "x4": 1.09230711046464, "x5": 10.4574764590002, "x6": 7.01734999732812, "x7": -2.3359675853871043, "x8": 1.4765875290620782, "x9": 1.4759971108656518}, "datetime": {"datetime": "2025-05-15 22:59:21", "elapsed": 4685.627523, "delta": 4.627335}}
