{"target": 19.608172144208638, "params": {"x0": 1.0335431709106884, "x1": 0.90000000000136, "x2": 3.5969580378186996, "x3": 4.182497926421762, "x4": 1.0923071105490594, "x5": 10.457476458935702, "x6": 7.017349996206932, "x7": -2.335967585358516, "x8": 1.4765875290358503, "x9": 1.475997110808467}, "datetime": {"datetime": "2025-05-15 22:23:54", "elapsed": 2558.833276, "delta": 9.650145}}
{"target": 19.608172144208638, "params": {"x0": 1.0335431709018372, "x1": 0.9000000000017048, "x2": 3.5969580379631427, "x3": 4.182497926419852, "x4": 1.0923071105217277, "x5": 10.457476459057485, "x6": 7.017349996390166, "x7": -2.3359675853450104, "x8": 1.476587529039807, "x9": 1.4759971108297785}, "datetime": {"datetime": "2025-05-15 22:24:04", "elapsed": 2568.475862, "delta": 9.642586}}
{"target": 19.608172144208638, "params": {"x0": 1.0335431709091834, "x1": 0.9000000000058678, "x2": 3.5969580379114636, "x3": 4.182497926404638, "x4": 1.092307110512632, "x5": 10.457476459082265, "x6": 7.017349996497935, "x7": -2.3359675854102933, "x8": 1.4765875290230406, "x9": 1.4759971108163996}, "datetime": {"datetime": "2025-05-15 22:24:14", "elapsed": 2578.664775, "delta": 10.188913}}
{"target": 19.608172144208638, "params": {"x0": 1.0335431709097607, "x1": 0.9000000000060391, "x2": 3.5969580380026893, "x3": 4.182497926393513, "x4": 1.0923071104767705, "x5": 10.457476459058025, "x6": 7.017349996588056, "x7": -2.3359675853515256, "x8": 1.4765875290179107, "x9": 1.4759971108287147}, "datetime": {"datetime": "2025-05-15 22:24:24", "elapsed": 2588.718964, "delta": 10.054189}}
{"target": 19.608172144208638, "params": {"x0": 1.0335431709059053, "x1": 0.9000000000003319, "x2": 3.5969580381669903, "x3": 4.182497926361609, "x4": 1.0923071103772535, "x5": 10.457476459030067, "x6": 7.017349996614681, "x7": -2.335967585417395, "x8": 1.4765875290744603, "x9": 1.4759971108275134}, "datetime": {"datetime": "2025-05-15 22:24:35", "elapsed": 2599.344129, "delta": 10.625165}}
{"target": 19.608172144208638, "params": {"x0": 1.0335431709036826, "x1": 0.9000000000025777, "x2": 3.5969580380040482, "x3": 4.18249792637577, "x4": 1.0923071103910842, "x5": 10.457476459049682, "x6": 7.017349996664621, "x7": -2.3359675853839397, "x8": 1.4765875290360586, "x9": 1.4759971108414411}, "datetime": {"datetime": "2025-05-15 22:24:44", "elapsed": 2609.292404, "delta": 9.948275}}
{"target": 19.608172144208638, "params": {"x0": 1.0335431709040612, "x1": 0.9000000000007465, "x2": 3.5969580382098814, "x3": 4.182497926377701, "x4": 1.0923071105358686, "x5": 10.457476459049186, "x6": 7.017349996698145, "x7": -2.3359675853794295, "x8": 1.4765875290331592, "x9": 1.47599711083472}, "datetime": {"datetime": "2025-05-15 22:24:55", "elapsed": 2619.524879, "delta": 10.232475}}
{"target": 19.608172144208638, "params": {"x0": 1.033543170905857, "x1": 0.9000000000000327, "x2": 3.596958038050293, "x3": 4.182497926340896, "x4": 1.0923071104346649, "x5": 10.457476459027491, "x6": 7.017349996763169, "x7": -2.3359675854079325, "x8": 1.476587529040074, "x9": 1.4759971108450634}, "datetime": {"datetime": "2025-05-15 22:25:05", "elapsed": 2629.780961, "delta": 10.256082}}
{"target": 19.608172144208638, "params": {"x0": 1.0335431709049074, "x1": 0.9000000000013324, "x2": 3.5969580382783217, "x3": 4.182497926365214, "x4": 1.0923071104671918, "x5": 10.45747645898756, "x6": 7.017349996924847, "x7": -2.3359675853915562, "x8": 1.4765875290474488, "x9": 1.475997110857998}, "datetime": {"datetime": "2025-05-15 22:25:15", "elapsed": 2639.968708, "delta": 10.187747}}
{"target": 19.608172144208638, "params": {"x0": 1.0335431709066636, "x1": 0.9000000000006394, "x2": 3.5969580381312656, "x3": 4.182497926354544, "x4": 1.092307110528107, "x5": 10.457476459020555, "x6": 7.017349996933723, "x7": -2.3359675854054847, "x8": 1.4765875290735897, "x9": 1.4759971108490724}, "datetime": {"datetime": "2025-05-15 22:25:26", "elapsed": 2650.375937, "delta": 10.407229}}
{"target": 19.608172144208638, "params": {"x0": 1.0335431709061946, "x1": 0.9000000000002241, "x2": 3.5969580382339226, "x3": 4.182497926354562, "x4": 1.0923071104953688, "x5": 10.457476459020798, "x6": 7.017349996929509, "x7": -2.335967585370404, "x8": 1.4765875290374253, "x9": 1.4759971108462364}, "datetime": {"datetime": "2025-05-15 22:25:36", "elapsed": 2661.062388, "delta": 10.686451}}
{"target": 19.608172144208638, "params": {"x0": 1.033543170906064, "x1": 0.9000000000017337, "x2": 3.596958038215919, "x3": 4.182497926338303, "x4": 1.0923071105019682, "x5": 10.457476459024862, "x6": 7.017349996971894, "x7": -2.3359675853947177, "x8": 1.4765875290575525, "x9": 1.475997110876526}, "datetime": {"datetime": "2025-05-15 22:25:47", "elapsed": 2671.543707, "delta": 10.481319}}
{"target": 19.608172144208638, "params": {"x0": 1.0335431709061034, "x1": 0.9000000000006259, "x2": 3.596958038125945, "x3": 4.182497926336694, "x4": 1.0923071105124096, "x5": 10.457476459022878, "x6": 7.017349997028196, "x7": -2.3359675854019506, "x8": 1.476587529056995, "x9": 1.4759971108778815}, "datetime": {"datetime": "2025-05-15 22:25:57", "elapsed": 2681.762692, "delta": 10.218985}}
{"target": 19.608172144208638, "params": {"x0": 1.033543170906011, "x1": 0.9000000000012724, "x2": 3.596958038143383, "x3": 4.182497926338353, "x4": 1.0923071104729283, "x5": 10.45747645898899, "x6": 7.017349997046567, "x7": -2.3359675853881146, "x8": 1.4765875290685484, "x9": 1.475997110868434}, "datetime": {"datetime": "2025-05-15 22:26:07", "elapsed": 2691.559789, "delta": 9.797097}}
{"target": 19.608172144208638, "params": {"x0": 1.033543170906396, "x1": 0.9000000000015823, "x2": 3.5969580381863544, "x3": 4.1824979263405355, "x4": 1.0923071104895377, "x5": 10.457476458992994, "x6": 7.017349997182313, "x7": -2.3359675853805832, "x8": 1.4765875290758474, "x9": 1.4759971108529222}, "datetime": {"datetime": "2025-05-15 22:26:16", "elapsed": 2701.128049, "delta": 9.56826}}
{"target": 19.608172144208638, "params": {"x0": 1.0335431709056175, "x1": 0.9000000000011062, "x2": 3.596958038278977, "x3": 4.182497926330568, "x4": 1.092307110454999, "x5": 10.457476459020084, "x6": 7.0173499971092665, "x7": -2.3359675853924164, "x8": 1.476587529047631, "x9": 1.4759971108536658}, "datetime": {"datetime": "2025-05-15 22:26:26", "elapsed": 2710.900555, "delta": 9.772506}}
{"target": 19.608172144208638, "params": {"x0": 1.0335431709059268, "x1": 0.9000000000016853, "x2": 3.5969580382245208, "x3": 4.182497926337625, "x4": 1.0923071104687896, "x5": 10.457476458985933, "x6": 7.0173499972243025, "x7": -2.335967585396545, "x8": 1.4765875290514447, "x9": 1.4759971108550722}, "datetime": {"datetime": "2025-05-15 22:26:36", "elapsed": 2721.021898, "delta": 10.121343}}
{"target": 19.608172144208638, "params": {"x0": 1.0335431709058085, "x1": 0.9000000000008883, "x2": 3.5969580381889097, "x3": 4.182497926335123, "x4": 1.0923071104579678, "x5": 10.457476458996322, "x6": 7.017349997148349, "x7": -2.335967585393871, "x8": 1.476587529064293, "x9": 1.4759971108762722}, "datetime": {"datetime": "2025-05-15 22:26:47", "elapsed": 2731.351601, "delta": 10.329703}}
{"target": 19.608172144208638, "params": {"x0": 1.0335431709067298, "x1": 0.9000000000001463, "x2": 3.5969580382666253, "x3": 4.182497926316547, "x4": 1.0923071104552176, "x5": 10.457476458998636, "x6": 7.017349997148943, "x7": -2.335967585387974, "x8": 1.4765875290566044, "x9": 1.4759971108630328}, "datetime": {"datetime": "2025-05-15 22:26:57", "elapsed": 2741.437349, "delta": 10.085748}}
{"target": 19.608172144208638, "params": {"x0": 1.0335431709053784, "x1": 0.9000000000008893, "x2": 3.5969580382015565, "x3": 4.18249792632806, "x4": 1.0923071104629323, "x5": 10.457476459009985, "x6": 7.01734999725444, "x7": -2.3359675853843984, "x8": 1.4765875290568682, "x9": 1.4759971108568921}, "datetime": {"datetime": "2025-05-15 22:27:07", "elapsed": 2751.706972, "delta": 10.269623}}
{"target": 19.608172144208638, "params": {"x0": 1.0335431709058205, "x1": 0.90000000000042, "x2": 3.5969580382076405, "x3": 4.18249792632817, "x4": 1.0923071104628748, "x5": 10.457476459000596, "x6": 7.017349997182932, "x7": -2.3359675853899753, "x8": 1.4765875290554455, "x9": 1.4759971108604177}, "datetime": {"datetime": "2025-05-15 22:27:17", "elapsed": 2762.07576, "delta": 10.368788}}
{"target": 19.608172144208638, "params": {"x0": 1.033543170905833, "x1": 0.9000000000007518, "x2": 3.5969580382035575, "x3": 4.182497926327853, "x4": 1.0923071104504178, "x5": 10.457476459009396, "x6": 7.017349997216632, "x7": -2.335967585381574, "x8": 1.4765875290557033, "x9": 1.4759971108600591}, "datetime": {"datetime": "2025-05-15 22:27:27", "elapsed": 2771.840009, "delta": 9.764249}}
{"target": 19.608172144208638, "params": {"x0": 1.0335431709062124, "x1": 0.9000000000004119, "x2": 3.5969580382138027, "x3": 4.1824979263134, "x4": 1.0923071104765285, "x5": 10.457476459006882, "x6": 7.017349997336602, "x7": -2.3359675853879693, "x8": 1.4765875290656862, "x9": 1.4759971108649452}, "datetime": {"datetime": "2025-05-15 22:27:37", "elapsed": 2782.128142, "delta": 10.288133}}
{"target": 19.608172144208638, "params": {"x0": 1.0335431709065175, "x1": 0.9000000000001315, "x2": 3.5969580382197397, "x3": 4.182497926317527, "x4": 1.0923071104714412, "x5": 10.457476458995052, "x6": 7.017349997279448, "x7": -2.3359675853819275, "x8": 1.476587529058216, "x9": 1.4759971108687187}, "datetime": {"datetime": "2025-05-15 22:27:48", "elapsed": 2792.516757, "delta": 10.388615}}
{"target": 19.608172144208638, "params": {"x0": 1.0335431709057352, "x1": 0.9000000000007481, "x2": 3.5969580382758313, "x3": 4.182497926324402, "x4": 1.0923071104587536, "x5": 10.457476459007559, "x6": 7.017349997289547, "x7": -2.335967585383624, "x8": 1.476587529058269, "x9": 1.475997110870618}, "datetime": {"datetime": "2025-05-15 22:27:58", "elapsed": 2802.76805, "delta": 10.251293}}
{"target": 19.608172144208638, "params": {"x0": 1.0335431709060883, "x1": 0.9000000000002665, "x2": 3.596958038265258, "x3": 4.182497926318584, "x4": 1.0923071104696989, "x5": 10.457476458998782, "x6": 7.017349997245976, "x7": -2.3359675853835022, "x8": 1.476587529061367, "x9": 1.475997110869499}, "datetime": {"datetime": "2025-05-15 22:28:08", "elapsed": 2812.56687, "delta": 9.79882}}
{"target": 19.608172144208638, "params": {"x0": 1.033543170906066, "x1": 0.9000000000001961, "x2": 3.596958038227947, "x3": 4.182497926319912, "x4": 1.0923071104754558, "x5": 10.457476458994197, "x6": 7.017349997255034, "x7": -2.33596758538525, "x8": 1.4765875290658688, "x9": 1.4759971108662977}, "datetime": {"datetime": "2025-05-15 22:28:18", "elapsed": 2822.761307, "delta": 10.194437}}
{"target": 19.608172144208638, "params": {"x0": 1.0335431709061182, "x1": 0.9000000000003555, "x2": 3.5969580382462643, "x3": 4.182497926317313, "x4": 1.092307110465001, "x5": 10.45747645899794, "x6": 7.017349997277188, "x7": -2.335967585389671, "x8": 1.4765875290584556, "x9": 1.4759971108646943}, "datetime": {"datetime": "2025-05-15 22:28:28", "elapsed": 2832.836016, "delta": 10.074709}}
{"target": 19.608172144208638, "params": {"x0": 1.033543170905995, "x1": 0.9000000000002926, "x2": 3.5969580382513966, "x3": 4.182497926311818, "x4": 1.0923071104636062, "x5": 10.457476459002109, "x6": 7.017349997337671, "x7": -2.3359675853886723, "x8": 1.4765875290586816, "x9": 1.4759971108652676}, "datetime": {"datetime": "2025-05-15 22:28:38", "elapsed": 2842.74908, "delta": 9.913064}}
{"target": 19.608172144208638, "params": {"x0": 1.0335431709061638, "x1": 0.9000000000002278, "x2": 3.596958038262928, "x3": 4.182497926317238, "x4": 1.0923071104626028, "x5": 10.457476459000013, "x6": 7.017349997332871, "x7": -2.3359675853849367, "x8": 1.4765875290607842, "x9": 1.475997110864832}, "datetime": {"datetime": "2025-05-15 22:28:48", "elapsed": 2852.812881, "delta": 10.063801}}
{"target": 19.608172144208638, "params": {"x0": 1.0335431709059062, "x1": 0.900000000000454, "x2": 3.59695803826495, "x3": 4.18249792631508, "x4": 1.0923071104582949, "x5": 10.45747645900435, "x6": 7.017349997363815, "x7": -2.3359675853859385, "x8": 1.4765875290621606, "x9": 1.4759971108637784}, "datetime": {"datetime": "2025-05-15 22:28:58", "elapsed": 2863.309557, "delta": 10.496676}}
{"target": 19.608172144208638, "params": {"x0": 1.0335431709062535, "x1": 0.9000000000000108, "x2": 3.596958038242822, "x3": 4.1824979263154285, "x4": 1.092307110470477, "x5": 10.457476458997577, "x6": 7.0173499973167806, "x7": -2.3359675853855273, "x8": 1.4765875290617596, "x9": 1.4759971108672725}, "datetime": {"datetime": "2025-05-15 22:29:09", "elapsed": 2873.475396, "delta": 10.165839}}
{"target": 19.608172144208638, "params": {"x0": 1.0335431709062373, "x1": 0.9000000000000017, "x2": 3.5969580382418567, "x3": 4.182497926315884, "x4": 1.0923071104633113, "x5": 10.457476458999489, "x6": 7.01734999729612, "x7": -2.335967585386487, "x8": 1.4765875290605688, "x9": 1.4759971108667822}, "datetime": {"datetime": "2025-05-15 22:29:19", "elapsed": 2883.560139, "delta": 10.084743}}
{"target": 19.608172144208638, "params": {"x0": 1.0335431709062246, "x1": 0.9000000000001777, "x2": 3.596958038251964, "x3": 4.182497926316409, "x4": 1.0923071104648758, "x5": 10.457476459003257, "x6": 7.017349997303095, "x7": -2.3359675853888064, "x8": 1.476587529059954, "x9": 1.4759971108651206}, "datetime": {"datetime": "2025-05-15 22:29:29", "elapsed": 2894.315259, "delta": 10.75512}}
{"target": 19.608172144208638, "params": {"x0": 1.0335431709062088, "x1": 0.9000000000002009, "x2": 3.596958038249849, "x3": 4.182497926317899, "x4": 1.0923071104666542, "x5": 10.457476459000137, "x6": 7.017349997301608, "x7": -2.3359675853877513, "x8": 1.476587529061116, "x9": 1.4759971108655667}, "datetime": {"datetime": "2025-05-15 22:29:40", "elapsed": 2904.484246, "delta": 10.168987}}
{"target": 19.608172144208638, "params": {"x0": 1.0335431709062237, "x1": 0.9000000000002127, "x2": 3.596958038257824, "x3": 4.182497926316911, "x4": 1.0923071104643842, "x5": 10.457476459002397, "x6": 7.017349997332193, "x7": -2.335967585386572, "x8": 1.4765875290637571, "x9": 1.4759971108665515}, "datetime": {"datetime": "2025-05-15 22:29:51", "elapsed": 2915.490532, "delta": 11.006286}}
{"target": 19.608172144208638, "params": {"x0": 1.0335431709060958, "x1": 0.9000000000001585, "x2": 3.5969580382453925, "x3": 4.182497926317748, "x4": 1.0923071104638704, "x5": 10.457476459001661, "x6": 7.017349997330198, "x7": -2.3359675853875035, "x8": 1.4765875290617374, "x9": 1.4759971108643135}, "datetime": {"datetime": "2025-05-15 22:30:01", "elapsed": 2925.754031, "delta": 10.263499}}
{"target": 19.608172144208638, "params": {"x0": 1.0335431709060356, "x1": 0.9000000000000028, "x2": 3.596958038248868, "x3": 4.182497926314622, "x4": 1.0923071104671207, "x5": 10.457476459001752, "x6": 7.017349997342255, "x7": -2.335967585388291, "x8": 1.4765875290607564, "x9": 1.4759971108644143}, "datetime": {"datetime": "2025-05-15 22:30:11", "elapsed": 2935.549453, "delta": 9.795422}}
{"target": 19.608172144208638, "params": {"x0": 1.0335431709060758, "x1": 0.9000000000000085, "x2": 3.596958038246993, "x3": 4.182497926317598, "x4": 1.0923071104634037, "x5": 10.457476458998869, "x6": 7.0173499973496405, "x7": -2.3359675853867343, "x8": 1.4765875290616937, "x9": 1.4759971108663967}, "datetime": {"datetime": "2025-05-15 22:30:21", "elapsed": 2946.005192, "delta": 10.455739}}
{"target": 19.608172144208638, "params": {"x0": 1.0335431709061385, "x1": 0.9000000000000111, "x2": 3.596958038255002, "x3": 4.182497926314149, "x4": 1.0923071104628415, "x5": 10.45747645900186, "x6": 7.017349997312731, "x7": -2.3359675853870567, "x8": 1.476587529062916, "x9": 1.4759971108646017}, "datetime": {"datetime": "2025-05-15 22:30:31", "elapsed": 2956.008797, "delta": 10.003605}}
{"target": 19.608172144208638, "params": {"x0": 1.0335431709061653, "x1": 0.9000000000001162, "x2": 3.596958038248427, "x3": 4.182497926314623, "x4": 1.0923071104645405, "x5": 10.457476459000617, "x6": 7.017349997344577, "x7": -2.3359675853879884, "x8": 1.4765875290614765, "x9": 1.4759971108659398}, "datetime": {"datetime": "2025-05-15 22:30:41", "elapsed": 2966.170943, "delta": 10.162146}}
{"target": 19.608172144208638, "params": {"x0": 1.0335431709061549, "x1": 0.9000000000000172, "x2": 3.5969580382515995, "x3": 4.182497926316093, "x4": 1.0923071104634785, "x5": 10.457476458999384, "x6": 7.017349997315109, "x7": -2.3359675853878596, "x8": 1.476587529062178, "x9": 1.475997110865974}, "datetime": {"datetime": "2025-05-15 22:30:52", "elapsed": 2976.579259, "delta": 10.408316}}
{"target": 19.608172144208638, "params": {"x0": 1.033543170906049, "x1": 0.9000000000000682, "x2": 3.59695803825203, "x3": 4.182497926315136, "x4": 1.0923071104639164, "x5": 10.457476459000166, "x6": 7.017349997331084, "x7": -2.335967585387495, "x8": 1.4765875290616814, "x9": 1.4759971108653058}, "datetime": {"datetime": "2025-05-15 22:31:02", "elapsed": 2986.772718, "delta": 10.193459}}
{"target": 19.608172144208638, "params": {"x0": 1.033543170906128, "x1": 0.900000000000014, "x2": 3.5969580382494266, "x3": 4.182497926315886, "x4": 1.092307110464136, "x5": 10.457476458999365, "x6": 7.017349997316544, "x7": -2.3359675853872552, "x8": 1.4765875290623118, "x9": 1.47599711086544}, "datetime": {"datetime": "2025-05-15 22:31:13", "elapsed": 2997.726658, "delta": 10.95394}}
{"target": 19.608172144208638, "params": {"x0": 1.0335431709060883, "x1": 0.9000000000000543, "x2": 3.5969580382491624, "x3": 4.182497926315906, "x4": 1.0923071104659818, "x5": 10.457476458999444, "x6": 7.017349997327923, "x7": -2.335967585387571, "x8": 1.4765875290621424, "x9": 1.4759971108661352}, "datetime": {"datetime": "2025-05-15 22:31:23", "elapsed": 3007.629591, "delta": 9.902933}}
{"target": 19.608172144208638, "params": {"x0": 1.0335431709060945, "x1": 0.9000000000000071, "x2": 3.5969580382528656, "x3": 4.182497926314819, "x4": 1.0923071104637976, "x5": 10.457476459000134, "x6": 7.017349997323681, "x7": -2.33596758538669, "x8": 1.4765875290617423, "x9": 1.4759971108657481}, "datetime": {"datetime": "2025-05-15 22:31:33", "elapsed": 3018.312416, "delta": 10.682825}}
{"target": 19.608172144208638, "params": {"x0": 1.0335431709060876, "x1": 0.9000000000000731, "x2": 3.596958038253109, "x3": 4.182497926316139, "x4": 1.092307110466058, "x5": 10.457476458999489, "x6": 7.017349997327968, "x7": -2.335967585387524, "x8": 1.476587529062615, "x9": 1.4759971108652072}, "datetime": {"datetime": "2025-05-15 22:31:44", "elapsed": 3029.219002, "delta": 10.906586}}
{"target": 19.608172144208638, "params": {"x0": 1.0335431709061111, "x1": 0.9000000000000514, "x2": 3.596958038256334, "x3": 4.182497926315738, "x4": 1.09230711046499, "x5": 10.457476459000045, "x6": 7.017349997333487, "x7": -2.3359675853874244, "x8": 1.4765875290616053, "x9": 1.4759971108654732}, "datetime": {"datetime": "2025-05-15 22:31:55", "elapsed": 3039.474008, "delta": 10.255006}}
{"target": 19.608172144208638, "params": {"x0": 1.0335431709060923, "x1": 0.9000000000000355, "x2": 3.596958038254936, "x3": 4.182497926314956, "x4": 1.0923071104638205, "x5": 10.45747645899979, "x6": 7.017349997324974, "x7": -2.3359675853872583, "x8": 1.476587529061655, "x9": 1.4759971108658978}, "datetime": {"datetime": "2025-05-15 22:32:06", "elapsed": 3050.407747, "delta": 10.933739}}
{"target": 19.608172144208638, "params": {"x0": 1.0335431709061018, "x1": 0.9000000000000449, "x2": 3.5969580382532698, "x3": 4.182497926315795, "x4": 1.0923071104639936, "x5": 10.457476459000327, "x6": 7.017349997333582, "x7": -2.33596758538723, "x8": 1.4765875290619055, "x9": 1.4759971108654664}, "datetime": {"datetime": "2025-05-15 22:32:16", "elapsed": 3060.788718, "delta": 10.380971}}
{"target": 19.608172144208638, "params": {"x0": 1.0335431709061027, "x1": 0.9000000000000453, "x2": 3.5969580382516857, "x3": 4.182497926315889, "x4": 1.092307110464745, "x5": 10.457476459000624, "x6": 7.0173499973281555, "x7": -2.335967585387074, "x8": 1.476587529062276, "x9": 1.4759971108655925}, "datetime": {"datetime": "2025-05-15 22:32:26", "elapsed": 3071.307238, "delta": 10.51852}}
{"target": 19.608172144208638, "params": {"x0": 1.0335431709061063, "x1": 0.9000000000000049, "x2": 3.5969580382546114, "x3": 4.182497926316023, "x4": 1.0923071104653008, "x5": 10.457476459000299, "x6": 7.017349997323863, "x7": -2.3359675853870625, "x8": 1.476587529061785, "x9": 1.475997110865688}, "datetime": {"datetime": "2025-05-15 22:32:37", "elapsed": 3081.538883, "delta": 10.231645}}
{"target": 19.608172144208638, "params": {"x0": 1.0335431709061127, "x1": 0.9000000000000411, "x2": 3.596958038252151, "x3": 4.182497926315947, "x4": 1.0923071104643298, "x5": 10.457476459000613, "x6": 7.0173499973250735, "x7": -2.3359675853870905, "x8": 1.476587529061934, "x9": 1.4759971108655474}, "datetime": {"datetime": "2025-05-15 22:32:46", "elapsed": 3091.128409, "delta": 9.589526}}
{"target": 19.608172144208638, "params": {"x0": 1.033543170906083, "x1": 0.9000000000000398, "x2": 3.5969580382529784, "x3": 4.182497926315886, "x4": 1.0923071104641557, "x5": 10.457476459000132, "x6": 7.01734999732897, "x7": -2.335967585387151, "x8": 1.4765875290622525, "x9": 1.475997110865732}, "datetime": {"datetime": "2025-05-15 22:32:57", "elapsed": 3101.346029, "delta": 10.21762}}
{"target": 19.608172144208638, "params": {"x0": 1.0335431709061005, "x1": 0.9000000000000299, "x2": 3.596958038253202, "x3": 4.182497926315509, "x4": 1.0923071104644928, "x5": 10.45747645900006, "x6": 7.017349997327254, "x7": -2.335967585387236, "x8": 1.4765875290619377, "x9": 1.4759971108656453}, "datetime": {"datetime": "2025-05-15 22:33:07", "elapsed": 3111.796961, "delta": 10.450932}}
{"target": 19.608172144208638, "params": {"x0": 1.033543170906114, "x1": 0.900000000000006, "x2": 3.5969580382524295, "x3": 4.182497926315788, "x4": 1.0923071104650108, "x5": 10.457476459000137, "x6": 7.01734999732449, "x7": -2.3359675853869253, "x8": 1.4765875290619062, "x9": 1.4759971108656387}, "datetime": {"datetime": "2025-05-15 22:33:18", "elapsed": 3122.632811, "delta": 10.83585}}
