{"target": 19.608172144208638, "params": {"x0": 1.0335431709061123, "x1": 0.9000000000000171, "x2": 3.5969580382536477, "x3": 4.182497926315494, "x4": 1.0923071104643987, "x5": 10.457476459000011, "x6": 7.017349997328925, "x7": -2.335967585387069, "x8": 1.4765875290621857, "x9": 1.4759971108655887}, "datetime": {"datetime": "2025-05-15 22:33:28", "elapsed": 3132.879748, "delta": 10.246937}}
{"target": 19.608172144208638, "params": {"x0": 1.0335431709060956, "x1": 0.9000000000000001, "x2": 3.5969580382533213, "x3": 4.182497926315496, "x4": 1.0923071104642628, "x5": 10.457476459000254, "x6": 7.017349997330444, "x7": -2.335967585387038, "x8": 1.4765875290621617, "x9": 1.4759971108656638}, "datetime": {"datetime": "2025-05-15 22:33:39", "elapsed": 3143.778199, "delta": 10.898451}}
{"target": 19.608172144208638, "params": {"x0": 1.0335431709061074, "x1": 0.9000000000000157, "x2": 3.5969580382528967, "x3": 4.182497926315733, "x4": 1.0923071104644344, "x5": 10.457476458999997, "x6": 7.01734999732638, "x7": -2.335967585387038, "x8": 1.4765875290619324, "x9": 1.4759971108655898}, "datetime": {"datetime": "2025-05-15 22:33:49", "elapsed": 3154.207154, "delta": 10.428955}}
{"target": 19.608172144208638, "params": {"x0": 1.0335431709060912, "x1": 0.9000000000000213, "x2": 3.596958038254464, "x3": 4.182497926315652, "x4": 1.0923071104645257, "x5": 10.457476459000013, "x6": 7.0173499973294, "x7": -2.3359675853871207, "x8": 1.4765875290621608, "x9": 1.47599711086558}, "datetime": {"datetime": "2025-05-15 22:34:01", "elapsed": 3165.353096, "delta": 11.145942}}
{"target": 19.608172144208638, "params": {"x0": 1.033543170906101, "x1": 0.900000000000017, "x2": 3.5969580382533874, "x3": 4.182497926315331, "x4": 1.0923071104645976, "x5": 10.457476459000251, "x6": 7.01734999732899, "x7": -2.3359675853870643, "x8": 1.476587529062154, "x9": 1.475997110865728}, "datetime": {"datetime": "2025-05-15 22:34:11", "elapsed": 3175.882234, "delta": 10.529138}}
{"target": 19.608172144208638, "params": {"x0": 1.0335431709060956, "x1": 0.9000000000000132, "x2": 3.596958038253637, "x3": 4.182497926315611, "x4": 1.0923071104644668, "x5": 10.45747645900012, "x6": 7.017349997328522, "x7": -2.335967585387017, "x8": 1.4765875290619714, "x9": 1.4759971108656578}, "datetime": {"datetime": "2025-05-15 22:34:21", "elapsed": 3186.09244, "delta": 10.210206}}
{"target": 19.608172144208638, "params": {"x0": 1.033543170906106, "x1": 0.9000000000000152, "x2": 3.596958038253852, "x3": 4.182497926315632, "x4": 1.092307110464849, "x5": 10.457476459000064, "x6": 7.017349997326474, "x7": -2.3359675853870425, "x8": 1.4765875290620818, "x9": 1.4759971108655616}, "datetime": {"datetime": "2025-05-15 22:34:32", "elapsed": 3196.702137, "delta": 10.609697}}
{"target": 19.608172144208638, "params": {"x0": 1.0335431709060954, "x1": 0.9000000000000056, "x2": 3.596958038253661, "x3": 4.182497926315492, "x4": 1.092307110464465, "x5": 10.457476459000201, "x6": 7.017349997326666, "x7": -2.33596758538714, "x8": 1.4765875290621409, "x9": 1.475997110865625}, "datetime": {"datetime": "2025-05-15 22:34:42", "elapsed": 3206.935449, "delta": 10.233312}}
{"target": 19.608172144208638, "params": {"x0": 1.0335431709061018, "x1": 0.900000000000013, "x2": 3.5969580382540225, "x3": 4.1824979263153335, "x4": 1.0923071104645268, "x5": 10.45747645900008, "x6": 7.01734999732758, "x7": -2.335967585387052, "x8": 1.4765875290620631, "x9": 1.4759971108656924}, "datetime": {"datetime": "2025-05-15 22:34:52", "elapsed": 3217.107517, "delta": 10.172068}}
{"target": 19.608172144208638, "params": {"x0": 1.0335431709061045, "x1": 0.9000000000000007, "x2": 3.596958038253297, "x3": 4.182497926315508, "x4": 1.0923071104645403, "x5": 10.457476459000278, "x6": 7.017349997327455, "x7": -2.3359675853870803, "x8": 1.4765875290621304, "x9": 1.4759971108656071}, "datetime": {"datetime": "2025-05-15 22:35:03", "elapsed": 3228.278342, "delta": 11.170825}}
{"target": 19.608172144208638, "params": {"x0": 1.0335431709061011, "x1": 0.9000000000000011, "x2": 3.5969580382540514, "x3": 4.1824979263155475, "x4": 1.092307110464545, "x5": 10.457476459000288, "x6": 7.0173499973289575, "x7": -2.3359675853870647, "x8": 1.4765875290620591, "x9": 1.4759971108656544}, "datetime": {"datetime": "2025-05-15 22:35:14", "elapsed": 3238.35771, "delta": 10.079368}}
{"target": 19.608172144208638, "params": {"x0": 1.033543170906104, "x1": 0.9000000000000059, "x2": 3.596958038253223, "x3": 4.18249792631549, "x4": 1.0923071104647426, "x5": 10.45747645900022, "x6": 7.017349997328137, "x7": -2.3359675853871362, "x8": 1.4765875290620594, "x9": 1.4759971108657002}, "datetime": {"datetime": "2025-05-15 22:35:24", "elapsed": 3249.035677, "delta": 10.677967}}
{"target": 19.608172144208638, "params": {"x0": 1.033543170906103, "x1": 0.9000000000000021, "x2": 3.596958038253966, "x3": 4.182497926315539, "x4": 1.0923071104645639, "x5": 10.45747645900017, "x6": 7.017349997328083, "x7": -2.335967585387124, "x8": 1.4765875290621024, "x9": 1.47599711086569}, "datetime": {"datetime": "2025-05-15 22:35:35", "elapsed": 3259.840579, "delta": 10.804902}}
{"target": 19.608172144208638, "params": {"x0": 1.0335431709061003, "x1": 0.9000000000000017, "x2": 3.5969580382539195, "x3": 4.182497926315419, "x4": 1.0923071104645343, "x5": 10.45747645900026, "x6": 7.01734999732878, "x7": -2.3359675853870905, "x8": 1.4765875290621056, "x9": 1.4759971108656473}, "datetime": {"datetime": "2025-05-15 22:35:46", "elapsed": 3270.640287, "delta": 10.799708}}
{"target": 19.608172144208638, "params": {"x0": 1.0335431709061018, "x1": 0.9000000000000066, "x2": 3.596958038253369, "x3": 4.182497926315415, "x4": 1.0923071104647086, "x5": 10.457476459000235, "x6": 7.0173499973285045, "x7": -2.33596758538707, "x8": 1.4765875290620962, "x9": 1.4759971108656476}, "datetime": {"datetime": "2025-05-15 22:35:57", "elapsed": 3281.392946, "delta": 10.752659}}
{"target": 19.608172144208638, "params": {"x0": 1.0335431709061003, "x1": 0.9000000000000048, "x2": 3.596958038253468, "x3": 4.182497926315463, "x4": 1.092307110464717, "x5": 10.457476459000173, "x6": 7.017349997328308, "x7": -2.3359675853870994, "x8": 1.4765875290620387, "x9": 1.475997110865644}, "datetime": {"datetime": "2025-05-15 22:36:07", "elapsed": 3291.951482, "delta": 10.558536}}
{"target": 19.608172144208638, "params": {"x0": 1.0335431709061007, "x1": 0.9000000000000036, "x2": 3.596958038253759, "x3": 4.182497926315441, "x4": 1.0923071104646684, "x5": 10.457476459000178, "x6": 7.017349997328048, "x7": -2.335967585387088, "x8": 1.476587529062069, "x9": 1.4759971108656436}, "datetime": {"datetime": "2025-05-15 22:36:18", "elapsed": 3303.138917, "delta": 11.187435}}
{"target": 19.608172144208638, "params": {"x0": 1.0335431709060994, "x1": 0.9000000000000024, "x2": 3.596958038253615, "x3": 4.18249792631545, "x4": 1.0923071104645798, "x5": 10.457476459000217, "x6": 7.017349997328391, "x7": -2.3359675853870785, "x8": 1.4765875290620651, "x9": 1.4759971108656247}, "datetime": {"datetime": "2025-05-15 22:36:29", "elapsed": 3314.169866, "delta": 11.030949}}
{"target": 19.608172144208638, "params": {"x0": 1.0335431709060996, "x1": 0.9000000000000001, "x2": 3.596958038253529, "x3": 4.182497926315459, "x4": 1.0923071104645867, "x5": 10.457476459000175, "x6": 7.017349997327646, "x7": -2.3359675853870803, "x8": 1.4765875290621033, "x9": 1.475997110865655}, "datetime": {"datetime": "2025-05-15 22:36:40", "elapsed": 3325.247371, "delta": 11.077505}}
{"target": 19.608172144208638, "params": {"x0": 1.033543170906102, "x1": 0.9000000000000001, "x2": 3.5969580382535296, "x3": 4.182497926315493, "x4": 1.0923071104646667, "x5": 10.457476459000217, "x6": 7.01734999732832, "x7": -2.3359675853871, "x8": 1.4765875290620847, "x9": 1.4759971108656729}, "datetime": {"datetime": "2025-05-15 22:36:52", "elapsed": 3337.005595, "delta": 11.758224}}
{"target": 19.608172144208638, "params": {"x0": 1.0335431709060985, "x1": 0.9000000000000026, "x2": 3.5969580382535664, "x3": 4.182497926315476, "x4": 1.0923071104646038, "x5": 10.457476459000189, "x6": 7.017349997327732, "x7": -2.3359675853871056, "x8": 1.4765875290620598, "x9": 1.4759971108656729}, "datetime": {"datetime": "2025-05-15 22:37:03", "elapsed": 3347.78245, "delta": 10.776855}}
{"target": 19.608172144208638, "params": {"x0": 1.0335431709061005, "x1": 0.9000000000000025, "x2": 3.5969580382536286, "x3": 4.182497926315451, "x4": 1.0923071104646869, "x5": 10.457476459000203, "x6": 7.017349997328196, "x7": -2.335967585387119, "x8": 1.4765875290620805, "x9": 1.4759971108656609}, "datetime": {"datetime": "2025-05-15 22:37:13", "elapsed": 3358.188424, "delta": 10.405974}}
{"target": 19.608172144208638, "params": {"x0": 1.0335431709061007, "x1": 0.9000000000000016, "x2": 3.5969580382536694, "x3": 4.182497926315492, "x4": 1.092307110464633, "x5": 10.45747645900022, "x6": 7.017349997328173, "x7": -2.3359675853871136, "x8": 1.4765875290620754, "x9": 1.4759971108656598}, "datetime": {"datetime": "2025-05-15 22:37:24", "elapsed": 3368.837492, "delta": 10.649068}}
{"target": 19.608172144208638, "params": {"x0": 1.0335431709061007, "x1": 0.9000000000000024, "x2": 3.5969580382536708, "x3": 4.182497926315493, "x4": 1.0923071104646205, "x5": 10.457476459000208, "x6": 7.0173499973280755, "x7": -2.335967585387092, "x8": 1.4765875290620838, "x9": 1.475997110865644}, "datetime": {"datetime": "2025-05-15 22:37:35", "elapsed": 3379.614273, "delta": 10.776781}}
{"target": 19.608172144208638, "params": {"x0": 1.0335431709061011, "x1": 0.900000000000001, "x2": 3.5969580382536646, "x3": 4.182497926315453, "x4": 1.0923071104646787, "x5": 10.457476459000215, "x6": 7.017349997328025, "x7": -2.3359675853870994, "x8": 1.4765875290620691, "x9": 1.4759971108656431}, "datetime": {"datetime": "2025-05-15 22:37:46", "elapsed": 3390.409851, "delta": 10.795578}}
{"target": 19.608172144208638, "params": {"x0": 1.0335431709061007, "x1": 0.9000000000000002, "x2": 3.5969580382536805, "x3": 4.182497926315456, "x4": 1.0923071104646542, "x5": 10.45747645900021, "x6": 7.017349997328249, "x7": -2.335967585387097, "x8": 1.4765875290620676, "x9": 1.4759971108656498}, "datetime": {"datetime": "2025-05-15 22:37:56", "elapsed": 3401.328956, "delta": 10.919105}}
{"target": 19.608172144208638, "params": {"x0": 1.0335431709061005, "x1": 0.9, "x2": 3.5969580382537023, "x3": 4.182497926315474, "x4": 1.0923071104646271, "x5": 10.457476459000185, "x6": 7.01734999732811, "x7": -2.335967585387102, "x8": 1.476587529062085, "x9": 1.4759971108656624}, "datetime": {"datetime": "2025-05-15 22:38:07", "elapsed": 3411.601138, "delta": 10.272182}}
{"target": 19.608172144208638, "params": {"x0": 1.0335431709061003, "x1": 0.9000000000000016, "x2": 3.5969580382536126, "x3": 4.182497926315467, "x4": 1.0923071104646251, "x5": 10.4574764590002, "x6": 7.017349997327959, "x7": -2.3359675853871127, "x8": 1.4765875290620798, "x9": 1.4759971108656618}, "datetime": {"datetime": "2025-05-15 22:38:17", "elapsed": 3422.336306, "delta": 10.735168}}
{"target": 19.608172144208638, "params": {"x0": 1.0335431709061005, "x1": 0.9000000000000009, "x2": 3.5969580382536424, "x3": 4.182497926315467, "x4": 1.0923071104646287, "x5": 10.457476459000196, "x6": 7.017349997328043, "x7": -2.335967585387098, "x8": 1.4765875290620705, "x9": 1.4759971108656427}, "datetime": {"datetime": "2025-05-15 22:38:28", "elapsed": 3432.694739, "delta": 10.358433}}
{"target": 19.608172144208638, "params": {"x0": 1.0335431709061005, "x1": 0.9000000000000006, "x2": 3.596958038253633, "x3": 4.182497926315477, "x4": 1.092307110464661, "x5": 10.4574764590002, "x6": 7.017349997328202, "x7": -2.3359675853871007, "x8": 1.4765875290620696, "x9": 1.4759971108656496}, "datetime": {"datetime": "2025-05-15 22:38:40", "elapsed": 3444.399494, "delta": 11.704755}}
{"target": 19.608172144208638, "params": {"x0": 1.0335431709061003, "x1": 0.900000000000001, "x2": 3.5969580382536366, "x3": 4.1824979263154685, "x4": 1.092307110464652, "x5": 10.457476459000196, "x6": 7.01734999732813, "x7": -2.3359675853871043, "x8": 1.476587529062078, "x9": 1.475997110865651}, "datetime": {"datetime": "2025-05-15 22:38:50", "elapsed": 3454.895422, "delta": 10.495928}}
{"target": 19.608172144208638, "params": {"x0": 1.0335431709061007, "x1": 0.9, "x2": 3.5969580382536104, "x3": 4.182497926315464, "x4": 1.0923071104646358, "x5": 10.457476459000201, "x6": 7.017349997328125, "x7": -2.335967585387109, "x8": 1.476587529062072, "x9": 1.4759971108656469}, "datetime": {"datetime": "2025-05-15 22:39:02", "elapsed": 3466.365621, "delta": 11.470199}}
{"target": 19.608172144208638, "params": {"x0": 1.0335431709061005, "x1": 0.9, "x2": 3.5969580382536135, "x3": 4.18249792631546, "x4": 1.0923071104646482, "x5": 10.457476459000196, "x6": 7.017349997328147, "x7": -2.3359675853871003, "x8": 1.4765875290620774, "x9": 1.4759971108656575}, "datetime": {"datetime": "2025-05-15 22:39:13", "elapsed": 3477.955663, "delta": 11.590042}}
{"target": 19.608172144208638, "params": {"x0": 1.0335431709061005, "x1": 0.9000000000000007, "x2": 3.5969580382536486, "x3": 4.182497926315464, "x4": 1.0923071104646265, "x5": 10.457476459000201, "x6": 7.017349997328051, "x7": -2.3359675853871, "x8": 1.4765875290620827, "x9": 1.4759971108656527}, "datetime": {"datetime": "2025-05-15 22:39:24", "elapsed": 3489.316577, "delta": 11.360914}}
{"target": 19.608172144208638, "params": {"x0": 1.0335431709061007, "x1": 0.9000000000000001, "x2": 3.596958038253594, "x3": 4.1824979263154685, "x4": 1.0923071104646436, "x5": 10.457476459000196, "x6": 7.017349997328176, "x7": -2.335967585387102, "x8": 1.4765875290620754, "x9": 1.4759971108656562}, "datetime": {"datetime": "2025-05-15 22:39:35", "elapsed": 3500.283818, "delta": 10.967241}}
{"target": 19.608172144208638, "params": {"x0": 1.0335431709060998, "x1": 0.9000000000000006, "x2": 3.596958038253619, "x3": 4.182497926315471, "x4": 1.092307110464638, "x5": 10.457476459000201, "x6": 7.0173499973280595, "x7": -2.335967585387101, "x8": 1.4765875290620796, "x9": 1.4759971108656487}, "datetime": {"datetime": "2025-05-15 22:39:46", "elapsed": 3510.577425, "delta": 10.293607}}
{"target": 19.608172144208638, "params": {"x0": 1.0335431709061003, "x1": 0.9, "x2": 3.5969580382536135, "x3": 4.182497926315469, "x4": 1.0923071104646418, "x5": 10.457476459000207, "x6": 7.017349997328068, "x7": -2.335967585387104, "x8": 1.4765875290620767, "x9": 1.475997110865654}, "datetime": {"datetime": "2025-05-15 22:39:56", "elapsed": 3520.98972, "delta": 10.412295}}
{"target": 19.608172144208638, "params": {"x0": 1.0335431709061003, "x1": 0.9000000000000006, "x2": 3.5969580382536357, "x3": 4.18249792631547, "x4": 1.0923071104646356, "x5": 10.4574764590002, "x6": 7.0173499973281155, "x7": -2.335967585387105, "x8": 1.4765875290620811, "x9": 1.475997110865654}, "datetime": {"datetime": "2025-05-15 22:40:08", "elapsed": 3533.227069, "delta": 12.237349}}
{"target": 19.608172144208638, "params": {"x0": 1.0335431709061, "x1": 0.9000000000000004, "x2": 3.596958038253623, "x3": 4.182497926315472, "x4": 1.092307110464636, "x5": 10.457476459000201, "x6": 7.01734999732809, "x7": -2.335967585387104, "x8": 1.4765875290620765, "x9": 1.475997110865654}, "datetime": {"datetime": "2025-05-15 22:40:19", "elapsed": 3543.944, "delta": 10.716931}}
{"target": 19.608172144208638, "params": {"x0": 1.0335431709061003, "x1": 0.9000000000000001, "x2": 3.5969580382536344, "x3": 4.182497926315466, "x4": 1.0923071104646418, "x5": 10.457476459000194, "x6": 7.017349997328081, "x7": -2.335967585387102, "x8": 1.4765875290620798, "x9": 1.475997110865651}, "datetime": {"datetime": "2025-05-15 22:40:31", "elapsed": 3555.359444, "delta": 11.415444}}
{"target": 19.608172144208638, "params": {"x0": 1.0335431709061005, "x1": 0.9000000000000002, "x2": 3.596958038253619, "x3": 4.182497926315472, "x4": 1.0923071104646351, "x5": 10.457476459000198, "x6": 7.017349997328097, "x7": -2.335967585387104, "x8": 1.47658752906208, "x9": 1.475997110865652}, "datetime": {"datetime": "2025-05-15 22:40:41", "elapsed": 3566.123779, "delta": 10.764335}}
{"target": 19.608172144208638, "params": {"x0": 1.0335431709061005, "x1": 0.9000000000000001, "x2": 3.596958038253629, "x3": 4.182497926315469, "x4": 1.092307110464643, "x5": 10.457476459000198, "x6": 7.017349997328099, "x7": -2.335967585387103, "x8": 1.4765875290620791, "x9": 1.4759971108656529}, "datetime": {"datetime": "2025-05-15 22:40:53", "elapsed": 3577.56144, "delta": 11.437661}}
{"target": 19.608172144208638, "params": {"x0": 1.0335431709061003, "x1": 0.9000000000000001, "x2": 3.5969580382536077, "x3": 4.1824979263154685, "x4": 1.0923071104646431, "x5": 10.457476459000201, "x6": 7.017349997328093, "x7": -2.335967585387104, "x8": 1.4765875290620776, "x9": 1.4759971108656507}, "datetime": {"datetime": "2025-05-15 22:41:04", "elapsed": 3589.275778, "delta": 11.714338}}
{"target": 19.608172144208638, "params": {"x0": 1.0335431709061003, "x1": 0.9, "x2": 3.5969580382536113, "x3": 4.182497926315467, "x4": 1.0923071104646445, "x5": 10.457476459000196, "x6": 7.017349997328129, "x7": -2.3359675853871025, "x8": 1.4765875290620785, "x9": 1.4759971108656529}, "datetime": {"datetime": "2025-05-15 22:41:15", "elapsed": 3599.75198, "delta": 10.476202}}
{"target": 19.608172144208638, "params": {"x0": 1.0335431709061005, "x1": 0.9000000000000004, "x2": 3.5969580382536286, "x3": 4.182497926315468, "x4": 1.092307110464638, "x5": 10.4574764590002, "x6": 7.017349997328099, "x7": -2.3359675853871043, "x8": 1.476587529062077, "x9": 1.4759971108656513}, "datetime": {"datetime": "2025-05-15 22:41:26", "elapsed": 3611.045631, "delta": 11.293651}}
{"target": 19.608172144208638, "params": {"x0": 1.0335431709061003, "x1": 0.9, "x2": 3.5969580382536197, "x3": 4.182497926315466, "x4": 1.0923071104646402, "x5": 10.4574764590002, "x6": 7.017349997328113, "x7": -2.3359675853871056, "x8": 1.4765875290620794, "x9": 1.4759971108656529}, "datetime": {"datetime": "2025-05-15 22:41:37", "elapsed": 3622.187578, "delta": 11.141947}}
{"target": 19.608172144208638, "params": {"x0": 1.0335431709061, "x1": 0.9000000000000001, "x2": 3.596958038253625, "x3": 4.182497926315469, "x4": 1.0923071104646436, "x5": 10.4574764590002, "x6": 7.017349997328114, "x7": -2.3359675853871043, "x8": 1.4765875290620794, "x9": 1.475997110865652}, "datetime": {"datetime": "2025-05-15 22:41:48", "elapsed": 3633.158541, "delta": 10.970963}}
{"target": 19.608172144208638, "params": {"x0": 1.0335431709061003, "x1": 0.9000000000000001, "x2": 3.596958038253621, "x3": 4.182497926315467, "x4": 1.09230711046464, "x5": 10.457476459000201, "x6": 7.017349997328108, "x7": -2.3359675853871047, "x8": 1.4765875290620771, "x9": 1.4759971108656507}, "datetime": {"datetime": "2025-05-15 22:42:00", "elapsed": 3644.727195, "delta": 11.568654}}
{"target": 19.608172144208638, "params": {"x0": 1.0335431709061003, "x1": 0.9000000000000002, "x2": 3.596958038253616, "x3": 4.1824979263154685, "x4": 1.0923071104646376, "x5": 10.4574764590002, "x6": 7.01734999732811, "x7": -2.335967585387104, "x8": 1.4765875290620796, "x9": 1.4759971108656527}, "datetime": {"datetime": "2025-05-15 22:42:11", "elapsed": 3656.106695, "delta": 11.3795}}
{"target": 19.608172144208638, "params": {"x0": 1.0335431709061003, "x1": 0.9, "x2": 3.5969580382536157, "x3": 4.1824979263154685, "x4": 1.0923071104646398, "x5": 10.4574764590002, "x6": 7.01734999732811, "x7": -2.335967585387104, "x8": 1.4765875290620787, "x9": 1.4759971108656527}, "datetime": {"datetime": "2025-05-15 22:42:22", "elapsed": 3667.335498, "delta": 11.228803}}
{"target": 19.608172144208638, "params": {"x0": 1.0335431709061003, "x1": 0.9, "x2": 3.5969580382536135, "x3": 4.182497926315467, "x4": 1.0923071104646411, "x5": 10.457476459000201, "x6": 7.017349997328121, "x7": -2.3359675853871047, "x8": 1.4765875290620774, "x9": 1.4759971108656527}, "datetime": {"datetime": "2025-05-15 22:42:34", "elapsed": 3678.666302, "delta": 11.330804}}
{"target": 19.608172144208638, "params": {"x0": 1.0335431709061003, "x1": 0.9000000000000001, "x2": 3.5969580382536215, "x3": 4.182497926315467, "x4": 1.0923071104646396, "x5": 10.4574764590002, "x6": 7.017349997328132, "x7": -2.3359675853871043, "x8": 1.4765875290620776, "x9": 1.4759971108656522}, "datetime": {"datetime": "2025-05-15 22:42:45", "elapsed": 3689.972678, "delta": 11.306376}}
{"target": 19.608172144208638, "params": {"x0": 1.0335431709061003, "x1": 0.9, "x2": 3.5969580382536144, "x3": 4.182497926315467, "x4": 1.0923071104646418, "x5": 10.4574764590002, "x6": 7.017349997328126, "x7": -2.3359675853871047, "x8": 1.4765875290620774, "x9": 1.475997110865651}, "datetime": {"datetime": "2025-05-15 22:42:56", "elapsed": 3701.287779, "delta": 11.315101}}
{"target": 19.608172144208638, "params": {"x0": 1.0335431709061003, "x1": 0.9000000000000001, "x2": 3.5969580382536215, "x3": 4.182497926315468, "x4": 1.0923071104646387, "x5": 10.4574764590002, "x6": 7.017349997328124, "x7": -2.3359675853871047, "x8": 1.4765875290620782, "x9": 1.4759971108656516}, "datetime": {"datetime": "2025-05-15 22:43:08", "elapsed": 3713.207471, "delta": 11.919692}}
{"target": 19.608172144208638, "params": {"x0": 1.0335431709061003, "x1": 0.9, "x2": 3.596958038253616, "x3": 4.1824979263154685, "x4": 1.0923071104646398, "x5": 10.4574764590002, "x6": 7.017349997328128, "x7": -2.3359675853871047, "x8": 1.476587529062078, "x9": 1.4759971108656522}, "datetime": {"datetime": "2025-05-15 22:43:20", "elapsed": 3724.615793, "delta": 11.408322}}
{"target": 19.608172144208638, "params": {"x0": 1.0335431709061003, "x1": 0.9000000000000001, "x2": 3.5969580382536193, "x3": 4.1824979263154685, "x4": 1.0923071104646391, "x5": 10.4574764590002, "x6": 7.017349997328129, "x7": -2.3359675853871043, "x8": 1.4765875290620785, "x9": 1.475997110865652}, "datetime": {"datetime": "2025-05-15 22:43:31", "elapsed": 3735.869993, "delta": 11.2542}}
