{"target": 19.608172144208638, "params": {"x0": 1.0335431709061003, "x1": 0.9, "x2": 3.59695803825362, "x3": 4.1824979263154685, "x4": 1.09230711046464, "x5": 10.4574764590002, "x6": 7.01734999732812, "x7": -2.3359675853871043, "x8": 1.4765875290620782, "x9": 1.4759971108656518}, "datetime": {"datetime": "2025-05-15 23:50:47", "elapsed": 7772.031031, "delta": 5.43275}}
{"target": 19.608172144208638, "params": {"x0": 1.0335431709061003, "x1": 0.9, "x2": 3.59695803825362, "x3": 4.1824979263154685, "x4": 1.09230711046464, "x5": 10.4574764590002, "x6": 7.01734999732812, "x7": -2.3359675853871043, "x8": 1.4765875290620782, "x9": 1.4759971108656518}, "datetime": {"datetime": "2025-05-15 23:50:52", "elapsed": 7776.363838, "delta": 4.332807}}
{"target": 19.608172144208638, "params": {"x0": 1.0335431709061003, "x1": 0.9, "x2": 3.59695803825362, "x3": 4.1824979263154685, "x4": 1.09230711046464, "x5": 10.4574764590002, "x6": 7.01734999732812, "x7": -2.3359675853871043, "x8": 1.4765875290620782, "x9": 1.4759971108656518}, "datetime": {"datetime": "2025-05-15 23:50:55", "elapsed": 7780.115859, "delta": 3.752021}}
{"target": 19.608172144208638, "params": {"x0": 1.0335431709061003, "x1": 0.9, "x2": 3.59695803825362, "x3": 4.1824979263154685, "x4": 1.09230711046464, "x5": 10.4574764590002, "x6": 7.01734999732812, "x7": -2.3359675853871043, "x8": 1.4765875290620782, "x9": 1.4759971108656518}, "datetime": {"datetime": "2025-05-15 23:50:59", "elapsed": 7783.535522, "delta": 3.419663}}
{"target": 19.608172144208638, "params": {"x0": 1.0335431709061003, "x1": 0.9, "x2": 3.59695803825362, "x3": 4.1824979263154685, "x4": 1.09230711046464, "x5": 10.4574764590002, "x6": 7.01734999732812, "x7": -2.3359675853871043, "x8": 1.4765875290620782, "x9": 1.4759971108656518}, "datetime": {"datetime": "2025-05-15 23:51:03", "elapsed": 7787.620578, "delta": 4.085056}}
{"target": 19.608172144208638, "params": {"x0": 1.0335431709061003, "x1": 0.9, "x2": 3.59695803825362, "x3": 4.1824979263154685, "x4": 1.09230711046464, "x5": 10.4574764590002, "x6": 7.01734999732812, "x7": -2.3359675853871043, "x8": 1.4765875290620782, "x9": 1.4759971108656518}, "datetime": {"datetime": "2025-05-15 23:51:07", "elapsed": 7792.206441, "delta": 4.585863}}
{"target": 19.608172144208638, "params": {"x0": 1.0335431709061003, "x1": 0.9, "x2": 3.59695803825362, "x3": 4.1824979263154685, "x4": 1.09230711046464, "x5": 10.4574764590002, "x6": 7.01734999732812, "x7": -2.3359675853871043, "x8": 1.4765875290620782, "x9": 1.4759971108656518}, "datetime": {"datetime": "2025-05-15 23:51:12", "elapsed": 7796.888516, "delta": 4.682075}}
{"target": 19.608172144208638, "params": {"x0": 1.0335431709061003, "x1": 0.9, "x2": 3.59695803825362, "x3": 4.1824979263154685, "x4": 1.09230711046464, "x5": 10.4574764590002, "x6": 7.01734999732812, "x7": -2.3359675853871043, "x8": 1.4765875290620782, "x9": 1.4759971108656518}, "datetime": {"datetime": "2025-05-15 23:51:17", "elapsed": 7801.509129, "delta": 4.620613}}
{"target": 19.608172144208638, "params": {"x0": 1.0335431709061003, "x1": 0.9, "x2": 3.59695803825362, "x3": 4.1824979263154685, "x4": 1.09230711046464, "x5": 10.4574764590002, "x6": 7.01734999732812, "x7": -2.3359675853871043, "x8": 1.4765875290620782, "x9": 1.4759971108656518}, "datetime": {"datetime": "2025-05-15 23:51:22", "elapsed": 7807.145779, "delta": 5.63665}}
{"target": 19.608172144208638, "params": {"x0": 1.0335431709061003, "x1": 0.9, "x2": 3.59695803825362, "x3": 4.1824979263154685, "x4": 1.09230711046464, "x5": 10.4574764590002, "x6": 7.01734999732812, "x7": -2.3359675853871043, "x8": 1.4765875290620782, "x9": 1.4759971108656518}, "datetime": {"datetime": "2025-05-15 23:51:28", "elapsed": 7812.70867, "delta": 5.562891}}
{"target": 19.608172144208638, "params": {"x0": 1.0335431709061003, "x1": 0.9, "x2": 3.59695803825362, "x3": 4.1824979263154685, "x4": 1.09230711046464, "x5": 10.4574764590002, "x6": 7.01734999732812, "x7": -2.3359675853871043, "x8": 1.4765875290620782, "x9": 1.4759971108656518}, "datetime": {"datetime": "2025-05-15 23:51:33", "elapsed": 7818.004216, "delta": 5.295546}}
{"target": 19.608172144208638, "params": {"x0": 1.0335431709061003, "x1": 0.9, "x2": 3.59695803825362, "x3": 4.1824979263154685, "x4": 1.09230711046464, "x5": 10.4574764590002, "x6": 7.01734999732812, "x7": -2.3359675853871043, "x8": 1.4765875290620782, "x9": 1.4759971108656518}, "datetime": {"datetime": "2025-05-15 23:51:37", "elapsed": 7822.16491, "delta": 4.160694}}
{"target": 19.608172144208638, "params": {"x0": 1.0335431709061003, "x1": 0.9, "x2": 3.59695803825362, "x3": 4.1824979263154685, "x4": 1.09230711046464, "x5": 10.4574764590002, "x6": 7.01734999732812, "x7": -2.3359675853871043, "x8": 1.4765875290620782, "x9": 1.4759971108656518}, "datetime": {"datetime": "2025-05-15 23:51:43", "elapsed": 7827.5806, "delta": 5.41569}}
{"target": 19.608172144208638, "params": {"x0": 1.0335431709061003, "x1": 0.9, "x2": 3.59695803825362, "x3": 4.1824979263154685, "x4": 1.09230711046464, "x5": 10.4574764590002, "x6": 7.01734999732812, "x7": -2.3359675853871043, "x8": 1.4765875290620782, "x9": 1.4759971108656518}, "datetime": {"datetime": "2025-05-15 23:51:47", "elapsed": 7831.814632, "delta": 4.234032}}
{"target": 19.608172144208638, "params": {"x0": 1.0335431709061003, "x1": 0.9, "x2": 3.59695803825362, "x3": 4.1824979263154685, "x4": 1.09230711046464, "x5": 10.4574764590002, "x6": 7.01734999732812, "x7": -2.3359675853871043, "x8": 1.4765875290620782, "x9": 1.4759971108656518}, "datetime": {"datetime": "2025-05-15 23:51:51", "elapsed": 7835.464644, "delta": 3.650012}}
{"target": 19.608172144208638, "params": {"x0": 1.0335431709061003, "x1": 0.9, "x2": 3.59695803825362, "x3": 4.1824979263154685, "x4": 1.09230711046464, "x5": 10.4574764590002, "x6": 7.01734999732812, "x7": -2.3359675853871043, "x8": 1.4765875290620782, "x9": 1.4759971108656518}, "datetime": {"datetime": "2025-05-15 23:51:56", "elapsed": 7840.740935, "delta": 5.276291}}
{"target": 19.608172144208638, "params": {"x0": 1.0335431709061003, "x1": 0.9, "x2": 3.59695803825362, "x3": 4.1824979263154685, "x4": 1.09230711046464, "x5": 10.4574764590002, "x6": 7.01734999732812, "x7": -2.3359675853871043, "x8": 1.4765875290620782, "x9": 1.4759971108656518}, "datetime": {"datetime": "2025-05-15 23:52:01", "elapsed": 7846.133011, "delta": 5.392076}}
{"target": 19.608172144208638, "params": {"x0": 1.0335431709061003, "x1": 0.9, "x2": 3.59695803825362, "x3": 4.1824979263154685, "x4": 1.09230711046464, "x5": 10.4574764590002, "x6": 7.01734999732812, "x7": -2.3359675853871043, "x8": 1.4765875290620782, "x9": 1.4759971108656518}, "datetime": {"datetime": "2025-05-15 23:52:05", "elapsed": 7850.27034, "delta": 4.137329}}
{"target": 19.608172144208638, "params": {"x0": 1.0335431709061003, "x1": 0.9, "x2": 3.59695803825362, "x3": 4.1824979263154685, "x4": 1.09230711046464, "x5": 10.4574764590002, "x6": 7.01734999732812, "x7": -2.3359675853871043, "x8": 1.4765875290620782, "x9": 1.4759971108656518}, "datetime": {"datetime": "2025-05-15 23:52:10", "elapsed": 7854.368998, "delta": 4.098658}}
{"target": 19.608172144208638, "params": {"x0": 1.0335431709061003, "x1": 0.9, "x2": 3.59695803825362, "x3": 4.1824979263154685, "x4": 1.09230711046464, "x5": 10.4574764590002, "x6": 7.01734999732812, "x7": -2.3359675853871043, "x8": 1.4765875290620782, "x9": 1.4759971108656518}, "datetime": {"datetime": "2025-05-15 23:52:14", "elapsed": 7858.551667, "delta": 4.182669}}
{"target": 19.608172144208638, "params": {"x0": 1.0335431709061003, "x1": 0.9, "x2": 3.59695803825362, "x3": 4.1824979263154685, "x4": 1.09230711046464, "x5": 10.4574764590002, "x6": 7.01734999732812, "x7": -2.3359675853871043, "x8": 1.4765875290620782, "x9": 1.4759971108656518}, "datetime": {"datetime": "2025-05-15 23:52:18", "elapsed": 7863.191532, "delta": 4.639865}}
{"target": 19.608172144208638, "params": {"x0": 1.0335431709061003, "x1": 0.9, "x2": 3.59695803825362, "x3": 4.1824979263154685, "x4": 1.09230711046464, "x5": 10.4574764590002, "x6": 7.01734999732812, "x7": -2.3359675853871043, "x8": 1.4765875290620782, "x9": 1.4759971108656518}, "datetime": {"datetime": "2025-05-15 23:52:23", "elapsed": 7867.425918, "delta": 4.234386}}
{"target": 19.608172144208638, "params": {"x0": 1.0335431709061003, "x1": 0.9, "x2": 3.59695803825362, "x3": 4.1824979263154685, "x4": 1.09230711046464, "x5": 10.4574764590002, "x6": 7.01734999732812, "x7": -2.3359675853871043, "x8": 1.4765875290620782, "x9": 1.4759971108656518}, "datetime": {"datetime": "2025-05-15 23:52:27", "elapsed": 7871.911643, "delta": 4.485725}}
{"target": 19.608172144208638, "params": {"x0": 1.0335431709061003, "x1": 0.9, "x2": 3.59695803825362, "x3": 4.1824979263154685, "x4": 1.09230711046464, "x5": 10.4574764590002, "x6": 7.01734999732812, "x7": -2.3359675853871043, "x8": 1.4765875290620782, "x9": 1.4759971108656518}, "datetime": {"datetime": "2025-05-15 23:52:32", "elapsed": 7877.179595, "delta": 5.267952}}
{"target": 19.608172144208638, "params": {"x0": 1.0335431709061003, "x1": 0.9, "x2": 3.59695803825362, "x3": 4.1824979263154685, "x4": 1.09230711046464, "x5": 10.4574764590002, "x6": 7.01734999732812, "x7": -2.3359675853871043, "x8": 1.4765875290620782, "x9": 1.4759971108656518}, "datetime": {"datetime": "2025-05-15 23:52:37", "elapsed": 7881.907485, "delta": 4.72789}}
{"target": 19.608172144208638, "params": {"x0": 1.0335431709061003, "x1": 0.9, "x2": 3.59695803825362, "x3": 4.1824979263154685, "x4": 1.09230711046464, "x5": 10.4574764590002, "x6": 7.01734999732812, "x7": -2.3359675853871043, "x8": 1.4765875290620782, "x9": 1.4759971108656518}, "datetime": {"datetime": "2025-05-15 23:52:42", "elapsed": 7887.060313, "delta": 5.152828}}
{"target": 19.608172144208638, "params": {"x0": 1.0335431709061003, "x1": 0.9, "x2": 3.59695803825362, "x3": 4.1824979263154685, "x4": 1.09230711046464, "x5": 10.4574764590002, "x6": 7.01734999732812, "x7": -2.3359675853871043, "x8": 1.4765875290620782, "x9": 1.4759971108656518}, "datetime": {"datetime": "2025-05-15 23:52:46", "elapsed": 7891.272558, "delta": 4.212245}}
{"target": 19.608172144208638, "params": {"x0": 1.0335431709061003, "x1": 0.9, "x2": 3.59695803825362, "x3": 4.1824979263154685, "x4": 1.09230711046464, "x5": 10.4574764590002, "x6": 7.01734999732812, "x7": -2.3359675853871043, "x8": 1.4765875290620782, "x9": 1.4759971108656518}, "datetime": {"datetime": "2025-05-15 23:52:51", "elapsed": 7895.522641, "delta": 4.250083}}
{"target": 19.608172144208638, "params": {"x0": 1.0335431709061003, "x1": 0.9, "x2": 3.59695803825362, "x3": 4.1824979263154685, "x4": 1.09230711046464, "x5": 10.4574764590002, "x6": 7.01734999732812, "x7": -2.3359675853871043, "x8": 1.4765875290620782, "x9": 1.4759971108656518}, "datetime": {"datetime": "2025-05-15 23:52:56", "elapsed": 7901.082398, "delta": 5.559757}}
{"target": 19.608172144208638, "params": {"x0": 1.0335431709061003, "x1": 0.9, "x2": 3.59695803825362, "x3": 4.1824979263154685, "x4": 1.09230711046464, "x5": 10.4574764590002, "x6": 7.01734999732812, "x7": -2.3359675853871043, "x8": 1.4765875290620782, "x9": 1.4759971108656518}, "datetime": {"datetime": "2025-05-15 23:53:00", "elapsed": 7905.112846, "delta": 4.030448}}
{"target": 19.608172144208638, "params": {"x0": 1.0335431709061003, "x1": 0.9, "x2": 3.59695803825362, "x3": 4.1824979263154685, "x4": 1.09230711046464, "x5": 10.4574764590002, "x6": 7.01734999732812, "x7": -2.3359675853871043, "x8": 1.4765875290620782, "x9": 1.4759971108656518}, "datetime": {"datetime": "2025-05-15 23:53:04", "elapsed": 7909.109558, "delta": 3.996712}}
{"target": 19.608172144208638, "params": {"x0": 1.0335431709061003, "x1": 0.9, "x2": 3.59695803825362, "x3": 4.1824979263154685, "x4": 1.09230711046464, "x5": 10.4574764590002, "x6": 7.01734999732812, "x7": -2.3359675853871043, "x8": 1.4765875290620782, "x9": 1.4759971108656518}, "datetime": {"datetime": "2025-05-15 23:53:08", "elapsed": 7912.773621, "delta": 3.664063}}
{"target": 19.608172144208638, "params": {"x0": 1.0335431709061003, "x1": 0.9, "x2": 3.59695803825362, "x3": 4.1824979263154685, "x4": 1.09230711046464, "x5": 10.4574764590002, "x6": 7.01734999732812, "x7": -2.3359675853871043, "x8": 1.4765875290620782, "x9": 1.4759971108656518}, "datetime": {"datetime": "2025-05-15 23:53:12", "elapsed": 7917.200656, "delta": 4.427035}}
{"target": 19.608172144208638, "params": {"x0": 1.0335431709061003, "x1": 0.9, "x2": 3.59695803825362, "x3": 4.1824979263154685, "x4": 1.09230711046464, "x5": 10.4574764590002, "x6": 7.01734999732812, "x7": -2.3359675853871043, "x8": 1.4765875290620782, "x9": 1.4759971108656518}, "datetime": {"datetime": "2025-05-15 23:53:17", "elapsed": 7921.340968, "delta": 4.140312}}
{"target": 19.608172144208638, "params": {"x0": 1.0335431709061003, "x1": 0.9, "x2": 3.59695803825362, "x3": 4.1824979263154685, "x4": 1.09230711046464, "x5": 10.4574764590002, "x6": 7.01734999732812, "x7": -2.3359675853871043, "x8": 1.4765875290620782, "x9": 1.4759971108656518}, "datetime": {"datetime": "2025-05-15 23:53:22", "elapsed": 7926.972546, "delta": 5.631578}}
{"target": 19.608172144208638, "params": {"x0": 1.0335431709061003, "x1": 0.9, "x2": 3.59695803825362, "x3": 4.1824979263154685, "x4": 1.09230711046464, "x5": 10.4574764590002, "x6": 7.01734999732812, "x7": -2.3359675853871043, "x8": 1.4765875290620782, "x9": 1.4759971108656518}, "datetime": {"datetime": "2025-05-15 23:53:26", "elapsed": 7931.087913, "delta": 4.115367}}
{"target": 19.608172144208638, "params": {"x0": 1.0335431709061003, "x1": 0.9, "x2": 3.59695803825362, "x3": 4.1824979263154685, "x4": 1.09230711046464, "x5": 10.4574764590002, "x6": 7.01734999732812, "x7": -2.3359675853871043, "x8": 1.4765875290620782, "x9": 1.4759971108656518}, "datetime": {"datetime": "2025-05-15 23:53:32", "elapsed": 7936.340111, "delta": 5.252198}}
{"target": 19.608172144208638, "params": {"x0": 1.0335431709061003, "x1": 0.9, "x2": 3.59695803825362, "x3": 4.1824979263154685, "x4": 1.09230711046464, "x5": 10.4574764590002, "x6": 7.01734999732812, "x7": -2.3359675853871043, "x8": 1.4765875290620782, "x9": 1.4759971108656518}, "datetime": {"datetime": "2025-05-15 23:53:35", "elapsed": 7939.755676, "delta": 3.415565}}
{"target": 19.608172144208638, "params": {"x0": 1.0335431709061003, "x1": 0.9, "x2": 3.59695803825362, "x3": 4.1824979263154685, "x4": 1.09230711046464, "x5": 10.4574764590002, "x6": 7.01734999732812, "x7": -2.3359675853871043, "x8": 1.4765875290620782, "x9": 1.4759971108656518}, "datetime": {"datetime": "2025-05-15 23:53:38", "elapsed": 7943.268168, "delta": 3.512492}}
{"target": 19.608172144208638, "params": {"x0": 1.0335431709061003, "x1": 0.9, "x2": 3.59695803825362, "x3": 4.1824979263154685, "x4": 1.09230711046464, "x5": 10.4574764590002, "x6": 7.01734999732812, "x7": -2.3359675853871043, "x8": 1.4765875290620782, "x9": 1.4759971108656518}, "datetime": {"datetime": "2025-05-15 23:53:43", "elapsed": 7947.979571, "delta": 4.711403}}
{"target": 19.608172144208638, "params": {"x0": 1.0335431709061003, "x1": 0.9, "x2": 3.59695803825362, "x3": 4.1824979263154685, "x4": 1.09230711046464, "x5": 10.4574764590002, "x6": 7.01734999732812, "x7": -2.3359675853871043, "x8": 1.4765875290620782, "x9": 1.4759971108656518}, "datetime": {"datetime": "2025-05-15 23:53:47", "elapsed": 7951.914462, "delta": 3.934891}}
{"target": 19.608172144208638, "params": {"x0": 1.0335431709061003, "x1": 0.9, "x2": 3.59695803825362, "x3": 4.1824979263154685, "x4": 1.09230711046464, "x5": 10.4574764590002, "x6": 7.01734999732812, "x7": -2.3359675853871043, "x8": 1.4765875290620782, "x9": 1.4759971108656518}, "datetime": {"datetime": "2025-05-15 23:53:53", "elapsed": 7957.851749, "delta": 5.937287}}
{"target": 19.608172144208638, "params": {"x0": 1.0335431709061003, "x1": 0.9, "x2": 3.59695803825362, "x3": 4.1824979263154685, "x4": 1.09230711046464, "x5": 10.4574764590002, "x6": 7.01734999732812, "x7": -2.3359675853871043, "x8": 1.4765875290620782, "x9": 1.4759971108656518}, "datetime": {"datetime": "2025-05-15 23:53:57", "elapsed": 7961.832801, "delta": 3.981052}}
{"target": 19.608172144208638, "params": {"x0": 1.0335431709061003, "x1": 0.9, "x2": 3.59695803825362, "x3": 4.1824979263154685, "x4": 1.09230711046464, "x5": 10.4574764590002, "x6": 7.01734999732812, "x7": -2.3359675853871043, "x8": 1.4765875290620782, "x9": 1.4759971108656518}, "datetime": {"datetime": "2025-05-15 23:54:02", "elapsed": 7966.394589, "delta": 4.561788}}
{"target": 19.608172144208638, "params": {"x0": 1.0335431709061003, "x1": 0.9, "x2": 3.59695803825362, "x3": 4.1824979263154685, "x4": 1.09230711046464, "x5": 10.4574764590002, "x6": 7.01734999732812, "x7": -2.3359675853871043, "x8": 1.4765875290620782, "x9": 1.4759971108656518}, "datetime": {"datetime": "2025-05-15 23:54:05", "elapsed": 7970.118373, "delta": 3.723784}}
{"target": 19.608172144208638, "params": {"x0": 1.0335431709061003, "x1": 0.9, "x2": 3.59695803825362, "x3": 4.1824979263154685, "x4": 1.09230711046464, "x5": 10.4574764590002, "x6": 7.01734999732812, "x7": -2.3359675853871043, "x8": 1.4765875290620782, "x9": 1.4759971108656518}, "datetime": {"datetime": "2025-05-15 23:54:09", "elapsed": 7974.26031, "delta": 4.141937}}
{"target": 19.608172144208638, "params": {"x0": 1.0335431709061003, "x1": 0.9, "x2": 3.59695803825362, "x3": 4.1824979263154685, "x4": 1.09230711046464, "x5": 10.4574764590002, "x6": 7.01734999732812, "x7": -2.3359675853871043, "x8": 1.4765875290620782, "x9": 1.4759971108656518}, "datetime": {"datetime": "2025-05-15 23:54:13", "elapsed": 7977.852082, "delta": 3.591772}}
{"target": 19.608172144208638, "params": {"x0": 1.0335431709061003, "x1": 0.9, "x2": 3.59695803825362, "x3": 4.1824979263154685, "x4": 1.09230711046464, "x5": 10.4574764590002, "x6": 7.01734999732812, "x7": -2.3359675853871043, "x8": 1.4765875290620782, "x9": 1.4759971108656518}, "datetime": {"datetime": "2025-05-15 23:54:17", "elapsed": 7981.651412, "delta": 3.79933}}
{"target": 19.608172144208638, "params": {"x0": 1.0335431709061003, "x1": 0.9, "x2": 3.59695803825362, "x3": 4.1824979263154685, "x4": 1.09230711046464, "x5": 10.4574764590002, "x6": 7.01734999732812, "x7": -2.3359675853871043, "x8": 1.4765875290620782, "x9": 1.4759971108656518}, "datetime": {"datetime": "2025-05-15 23:54:21", "elapsed": 7986.001456, "delta": 4.350044}}
{"target": 19.608172144208638, "params": {"x0": 1.0335431709061003, "x1": 0.9, "x2": 3.59695803825362, "x3": 4.1824979263154685, "x4": 1.09230711046464, "x5": 10.4574764590002, "x6": 7.01734999732812, "x7": -2.3359675853871043, "x8": 1.4765875290620782, "x9": 1.4759971108656518}, "datetime": {"datetime": "2025-05-15 23:54:25", "elapsed": 7989.990756, "delta": 3.9893}}
{"target": 19.608172144208638, "params": {"x0": 1.0335431709061003, "x1": 0.9, "x2": 3.59695803825362, "x3": 4.1824979263154685, "x4": 1.09230711046464, "x5": 10.4574764590002, "x6": 7.01734999732812, "x7": -2.3359675853871043, "x8": 1.4765875290620782, "x9": 1.4759971108656518}, "datetime": {"datetime": "2025-05-15 23:54:30", "elapsed": 7994.571504, "delta": 4.580748}}
{"target": 19.608172144208638, "params": {"x0": 1.0335431709061003, "x1": 0.9, "x2": 3.59695803825362, "x3": 4.1824979263154685, "x4": 1.09230711046464, "x5": 10.4574764590002, "x6": 7.01734999732812, "x7": -2.3359675853871043, "x8": 1.4765875290620782, "x9": 1.4759971108656518}, "datetime": {"datetime": "2025-05-15 23:54:34", "elapsed": 7998.75513, "delta": 4.183626}}
{"target": 19.608172144208638, "params": {"x0": 1.0335431709061003, "x1": 0.9, "x2": 3.59695803825362, "x3": 4.1824979263154685, "x4": 1.09230711046464, "x5": 10.4574764590002, "x6": 7.01734999732812, "x7": -2.3359675853871043, "x8": 1.4765875290620782, "x9": 1.4759971108656518}, "datetime": {"datetime": "2025-05-15 23:54:38", "elapsed": 8002.607854, "delta": 3.852724}}
{"target": 19.608172144208638, "params": {"x0": 1.0335431709061003, "x1": 0.9, "x2": 3.59695803825362, "x3": 4.1824979263154685, "x4": 1.09230711046464, "x5": 10.4574764590002, "x6": 7.01734999732812, "x7": -2.3359675853871043, "x8": 1.4765875290620782, "x9": 1.4759971108656518}, "datetime": {"datetime": "2025-05-15 23:54:43", "elapsed": 8007.603419, "delta": 4.995565}}
{"target": 19.608172144208638, "params": {"x0": 1.0335431709061003, "x1": 0.9, "x2": 3.59695803825362, "x3": 4.1824979263154685, "x4": 1.09230711046464, "x5": 10.4574764590002, "x6": 7.01734999732812, "x7": -2.3359675853871043, "x8": 1.4765875290620782, "x9": 1.4759971108656518}, "datetime": {"datetime": "2025-05-15 23:54:48", "elapsed": 8012.827348, "delta": 5.223929}}
{"target": 19.608172144208638, "params": {"x0": 1.0335431709061003, "x1": 0.9, "x2": 3.59695803825362, "x3": 4.1824979263154685, "x4": 1.09230711046464, "x5": 10.4574764590002, "x6": 7.01734999732812, "x7": -2.3359675853871043, "x8": 1.4765875290620782, "x9": 1.4759971108656518}, "datetime": {"datetime": "2025-05-15 23:54:52", "elapsed": 8016.755822, "delta": 3.928474}}
{"target": 19.608172144208638, "params": {"x0": 1.0335431709061003, "x1": 0.9, "x2": 3.59695803825362, "x3": 4.1824979263154685, "x4": 1.09230711046464, "x5": 10.4574764590002, "x6": 7.01734999732812, "x7": -2.3359675853871043, "x8": 1.4765875290620782, "x9": 1.4759971108656518}, "datetime": {"datetime": "2025-05-15 23:54:56", "elapsed": 8020.957303, "delta": 4.201481}}
{"target": 19.608172144208638, "params": {"x0": 1.0335431709061003, "x1": 0.9, "x2": 3.59695803825362, "x3": 4.1824979263154685, "x4": 1.09230711046464, "x5": 10.4574764590002, "x6": 7.01734999732812, "x7": -2.3359675853871043, "x8": 1.4765875290620782, "x9": 1.4759971108656518}, "datetime": {"datetime": "2025-05-15 23:55:00", "elapsed": 8025.322319, "delta": 4.365016}}
{"target": 19.608172144208638, "params": {"x0": 1.0335431709061003, "x1": 0.9, "x2": 3.59695803825362, "x3": 4.1824979263154685, "x4": 1.09230711046464, "x5": 10.4574764590002, "x6": 7.01734999732812, "x7": -2.3359675853871043, "x8": 1.4765875290620782, "x9": 1.4759971108656518}, "datetime": {"datetime": "2025-05-15 23:55:06", "elapsed": 8030.377754, "delta": 5.055435}}
