{"target": 19.608172144208638, "params": {"x0": 1.0335431709061003, "x1": 0.9, "x2": 3.59695803825362, "x3": 4.1824979263154685, "x4": 1.09230711046464, "x5": 10.4574764590002, "x6": 7.01734999732812, "x7": -2.3359675853871043, "x8": 1.4765875290620782, "x9": 1.4759971108656518}, "datetime": {"datetime": "2025-05-16 00:21:10", "elapsed": 9594.345218, "delta": 4.413855}}
{"target": 19.608172144208638, "params": {"x0": 1.0335431709061003, "x1": 0.9, "x2": 3.59695803825362, "x3": 4.1824979263154685, "x4": 1.09230711046464, "x5": 10.4574764590002, "x6": 7.01734999732812, "x7": -2.3359675853871043, "x8": 1.4765875290620782, "x9": 1.4759971108656518}, "datetime": {"datetime": "2025-05-16 00:21:13", "elapsed": 9597.917915, "delta": 3.572697}}
{"target": 19.608172144208638, "params": {"x0": 1.0335431709061003, "x1": 0.9, "x2": 3.59695803825362, "x3": 4.1824979263154685, "x4": 1.09230711046464, "x5": 10.4574764590002, "x6": 7.01734999732812, "x7": -2.3359675853871043, "x8": 1.4765875290620782, "x9": 1.4759971108656518}, "datetime": {"datetime": "2025-05-16 00:21:18", "elapsed": 9602.761462, "delta": 4.843547}}
{"target": 19.608172144208638, "params": {"x0": 1.0335431709061003, "x1": 0.9, "x2": 3.59695803825362, "x3": 4.1824979263154685, "x4": 1.09230711046464, "x5": 10.4574764590002, "x6": 7.01734999732812, "x7": -2.3359675853871043, "x8": 1.4765875290620782, "x9": 1.4759971108656518}, "datetime": {"datetime": "2025-05-16 00:21:23", "elapsed": 9607.465329, "delta": 4.703867}}
{"target": 19.608172144208638, "params": {"x0": 1.0335431709061003, "x1": 0.9, "x2": 3.59695803825362, "x3": 4.1824979263154685, "x4": 1.09230711046464, "x5": 10.4574764590002, "x6": 7.01734999732812, "x7": -2.3359675853871043, "x8": 1.4765875290620782, "x9": 1.4759971108656518}, "datetime": {"datetime": "2025-05-16 00:21:27", "elapsed": 9612.161575, "delta": 4.696246}}
{"target": 19.608172144208638, "params": {"x0": 1.0335431709061003, "x1": 0.9, "x2": 3.59695803825362, "x3": 4.1824979263154685, "x4": 1.09230711046464, "x5": 10.4574764590002, "x6": 7.01734999732812, "x7": -2.3359675853871043, "x8": 1.4765875290620782, "x9": 1.4759971108656518}, "datetime": {"datetime": "2025-05-16 00:21:31", "elapsed": 9615.800945, "delta": 3.63937}}
{"target": 19.608172144208638, "params": {"x0": 1.0335431709061003, "x1": 0.9, "x2": 3.59695803825362, "x3": 4.1824979263154685, "x4": 1.09230711046464, "x5": 10.4574764590002, "x6": 7.01734999732812, "x7": -2.3359675853871043, "x8": 1.4765875290620782, "x9": 1.4759971108656518}, "datetime": {"datetime": "2025-05-16 00:21:35", "elapsed": 9619.745736, "delta": 3.944791}}
{"target": 19.608172144208638, "params": {"x0": 1.0335431709061003, "x1": 0.9, "x2": 3.59695803825362, "x3": 4.1824979263154685, "x4": 1.09230711046464, "x5": 10.4574764590002, "x6": 7.01734999732812, "x7": -2.3359675853871043, "x8": 1.4765875290620782, "x9": 1.4759971108656518}, "datetime": {"datetime": "2025-05-16 00:21:40", "elapsed": 9624.470151, "delta": 4.724415}}
{"target": 19.608172144208638, "params": {"x0": 1.0335431709061003, "x1": 0.9, "x2": 3.59695803825362, "x3": 4.1824979263154685, "x4": 1.09230711046464, "x5": 10.4574764590002, "x6": 7.01734999732812, "x7": -2.3359675853871043, "x8": 1.4765875290620782, "x9": 1.4759971108656518}, "datetime": {"datetime": "2025-05-16 00:21:43", "elapsed": 9628.302771, "delta": 3.83262}}
{"target": 19.608172144208638, "params": {"x0": 1.0335431709061003, "x1": 0.9, "x2": 3.59695803825362, "x3": 4.1824979263154685, "x4": 1.09230711046464, "x5": 10.4574764590002, "x6": 7.01734999732812, "x7": -2.3359675853871043, "x8": 1.4765875290620782, "x9": 1.4759971108656518}, "datetime": {"datetime": "2025-05-16 00:21:48", "elapsed": 9633.032395, "delta": 4.729624}}
{"target": 19.608172144208638, "params": {"x0": 1.0335431709061003, "x1": 0.9, "x2": 3.59695803825362, "x3": 4.1824979263154685, "x4": 1.09230711046464, "x5": 10.4574764590002, "x6": 7.01734999732812, "x7": -2.3359675853871043, "x8": 1.4765875290620782, "x9": 1.4759971108656518}, "datetime": {"datetime": "2025-05-16 00:21:53", "elapsed": 9637.557597, "delta": 4.525202}}
{"target": 19.608172144208638, "params": {"x0": 1.0335431709061003, "x1": 0.9, "x2": 3.59695803825362, "x3": 4.1824979263154685, "x4": 1.09230711046464, "x5": 10.4574764590002, "x6": 7.01734999732812, "x7": -2.3359675853871043, "x8": 1.4765875290620782, "x9": 1.4759971108656518}, "datetime": {"datetime": "2025-05-16 00:21:59", "elapsed": 9643.507103, "delta": 5.949506}}
{"target": 19.608172144208638, "params": {"x0": 1.0335431709061003, "x1": 0.9, "x2": 3.59695803825362, "x3": 4.1824979263154685, "x4": 1.09230711046464, "x5": 10.4574764590002, "x6": 7.01734999732812, "x7": -2.3359675853871043, "x8": 1.4765875290620782, "x9": 1.4759971108656518}, "datetime": {"datetime": "2025-05-16 00:22:03", "elapsed": 9648.010347, "delta": 4.503244}}
{"target": 19.608172144208638, "params": {"x0": 1.0335431709061003, "x1": 0.9, "x2": 3.59695803825362, "x3": 4.1824979263154685, "x4": 1.09230711046464, "x5": 10.4574764590002, "x6": 7.01734999732812, "x7": -2.3359675853871043, "x8": 1.4765875290620782, "x9": 1.4759971108656518}, "datetime": {"datetime": "2025-05-16 00:22:08", "elapsed": 9652.387308, "delta": 4.376961}}
{"target": 19.608172144208638, "params": {"x0": 1.0335431709061003, "x1": 0.9, "x2": 3.59695803825362, "x3": 4.1824979263154685, "x4": 1.09230711046464, "x5": 10.4574764590002, "x6": 7.01734999732812, "x7": -2.3359675853871043, "x8": 1.4765875290620782, "x9": 1.4759971108656518}, "datetime": {"datetime": "2025-05-16 00:22:12", "elapsed": 9657.179828, "delta": 4.79252}}
{"target": 19.608172144208638, "params": {"x0": 1.0335431709061003, "x1": 0.9, "x2": 3.59695803825362, "x3": 4.1824979263154685, "x4": 1.09230711046464, "x5": 10.4574764590002, "x6": 7.01734999732812, "x7": -2.3359675853871043, "x8": 1.4765875290620782, "x9": 1.4759971108656518}, "datetime": {"datetime": "2025-05-16 00:22:17", "elapsed": 9661.386524, "delta": 4.206696}}
{"target": 19.608172144208638, "params": {"x0": 1.0335431709061003, "x1": 0.9, "x2": 3.59695803825362, "x3": 4.1824979263154685, "x4": 1.09230711046464, "x5": 10.4574764590002, "x6": 7.01734999732812, "x7": -2.3359675853871043, "x8": 1.4765875290620782, "x9": 1.4759971108656518}, "datetime": {"datetime": "2025-05-16 00:22:21", "elapsed": 9665.595957, "delta": 4.209433}}
{"target": 19.608172144208638, "params": {"x0": 1.0335431709061003, "x1": 0.9, "x2": 3.59695803825362, "x3": 4.1824979263154685, "x4": 1.09230711046464, "x5": 10.4574764590002, "x6": 7.01734999732812, "x7": -2.3359675853871043, "x8": 1.4765875290620782, "x9": 1.4759971108656518}, "datetime": {"datetime": "2025-05-16 00:22:25", "elapsed": 9669.770236, "delta": 4.174279}}
{"target": 19.608172144208638, "params": {"x0": 1.0335431709061003, "x1": 0.9, "x2": 3.59695803825362, "x3": 4.1824979263154685, "x4": 1.09230711046464, "x5": 10.4574764590002, "x6": 7.01734999732812, "x7": -2.3359675853871043, "x8": 1.4765875290620782, "x9": 1.4759971108656518}, "datetime": {"datetime": "2025-05-16 00:22:30", "elapsed": 9674.882443, "delta": 5.112207}}
{"target": 19.608172144208638, "params": {"x0": 1.0335431709061003, "x1": 0.9, "x2": 3.59695803825362, "x3": 4.1824979263154685, "x4": 1.09230711046464, "x5": 10.4574764590002, "x6": 7.01734999732812, "x7": -2.3359675853871043, "x8": 1.4765875290620782, "x9": 1.4759971108656518}, "datetime": {"datetime": "2025-05-16 00:22:34", "elapsed": 9678.666671, "delta": 3.784228}}
{"target": 19.608172144208638, "params": {"x0": 1.0335431709061003, "x1": 0.9, "x2": 3.59695803825362, "x3": 4.1824979263154685, "x4": 1.09230711046464, "x5": 10.4574764590002, "x6": 7.01734999732812, "x7": -2.3359675853871043, "x8": 1.4765875290620782, "x9": 1.4759971108656518}, "datetime": {"datetime": "2025-05-16 00:22:38", "elapsed": 9682.438592, "delta": 3.771921}}
{"target": 19.608172144208638, "params": {"x0": 1.0335431709061003, "x1": 0.9, "x2": 3.59695803825362, "x3": 4.1824979263154685, "x4": 1.09230711046464, "x5": 10.4574764590002, "x6": 7.01734999732812, "x7": -2.3359675853871043, "x8": 1.4765875290620782, "x9": 1.4759971108656518}, "datetime": {"datetime": "2025-05-16 00:22:42", "elapsed": 9687.247687, "delta": 4.809095}}
{"target": 19.608172144208638, "params": {"x0": 1.0335431709061003, "x1": 0.9, "x2": 3.59695803825362, "x3": 4.1824979263154685, "x4": 1.09230711046464, "x5": 10.4574764590002, "x6": 7.01734999732812, "x7": -2.3359675853871043, "x8": 1.4765875290620782, "x9": 1.4759971108656518}, "datetime": {"datetime": "2025-05-16 00:22:46", "elapsed": 9690.805285, "delta": 3.557598}}
{"target": 19.608172144208638, "params": {"x0": 1.0335431709061003, "x1": 0.9, "x2": 3.59695803825362, "x3": 4.1824979263154685, "x4": 1.09230711046464, "x5": 10.4574764590002, "x6": 7.01734999732812, "x7": -2.3359675853871043, "x8": 1.4765875290620782, "x9": 1.4759971108656518}, "datetime": {"datetime": "2025-05-16 00:22:50", "elapsed": 9694.793039, "delta": 3.987754}}
{"target": 19.608172144208638, "params": {"x0": 1.0335431709061003, "x1": 0.9, "x2": 3.59695803825362, "x3": 4.1824979263154685, "x4": 1.09230711046464, "x5": 10.4574764590002, "x6": 7.01734999732812, "x7": -2.3359675853871043, "x8": 1.4765875290620782, "x9": 1.4759971108656518}, "datetime": {"datetime": "2025-05-16 00:22:54", "elapsed": 9698.643221, "delta": 3.850182}}
{"target": 19.608172144208638, "params": {"x0": 1.0335431709061003, "x1": 0.9, "x2": 3.59695803825362, "x3": 4.1824979263154685, "x4": 1.09230711046464, "x5": 10.4574764590002, "x6": 7.01734999732812, "x7": -2.3359675853871043, "x8": 1.4765875290620782, "x9": 1.4759971108656518}, "datetime": {"datetime": "2025-05-16 00:22:58", "elapsed": 9702.970169, "delta": 4.326948}}
{"target": 19.608172144208638, "params": {"x0": 1.0335431709061003, "x1": 0.9, "x2": 3.59695803825362, "x3": 4.1824979263154685, "x4": 1.09230711046464, "x5": 10.4574764590002, "x6": 7.01734999732812, "x7": -2.3359675853871043, "x8": 1.4765875290620782, "x9": 1.4759971108656518}, "datetime": {"datetime": "2025-05-16 00:23:02", "elapsed": 9707.092166, "delta": 4.121997}}
{"target": 19.608172144208638, "params": {"x0": 1.0335431709061003, "x1": 0.9, "x2": 3.59695803825362, "x3": 4.1824979263154685, "x4": 1.09230711046464, "x5": 10.4574764590002, "x6": 7.01734999732812, "x7": -2.3359675853871043, "x8": 1.4765875290620782, "x9": 1.4759971108656518}, "datetime": {"datetime": "2025-05-16 00:23:07", "elapsed": 9712.037387, "delta": 4.945221}}
{"target": 19.608172144208638, "params": {"x0": 1.0335431709061003, "x1": 0.9, "x2": 3.59695803825362, "x3": 4.1824979263154685, "x4": 1.09230711046464, "x5": 10.4574764590002, "x6": 7.01734999732812, "x7": -2.3359675853871043, "x8": 1.4765875290620782, "x9": 1.4759971108656518}, "datetime": {"datetime": "2025-05-16 00:23:12", "elapsed": 9716.766205, "delta": 4.728818}}
{"target": 19.608172144208638, "params": {"x0": 1.0335431709061003, "x1": 0.9, "x2": 3.59695803825362, "x3": 4.1824979263154685, "x4": 1.09230711046464, "x5": 10.4574764590002, "x6": 7.01734999732812, "x7": -2.3359675853871043, "x8": 1.4765875290620782, "x9": 1.4759971108656518}, "datetime": {"datetime": "2025-05-16 00:23:16", "elapsed": 9720.667929, "delta": 3.901724}}
{"target": 19.608172144208638, "params": {"x0": 1.0335431709061003, "x1": 0.9, "x2": 3.59695803825362, "x3": 4.1824979263154685, "x4": 1.09230711046464, "x5": 10.4574764590002, "x6": 7.01734999732812, "x7": -2.3359675853871043, "x8": 1.4765875290620782, "x9": 1.4759971108656518}, "datetime": {"datetime": "2025-05-16 00:23:21", "elapsed": 9725.429872, "delta": 4.761943}}
{"target": 19.608172144208638, "params": {"x0": 1.0335431709061003, "x1": 0.9, "x2": 3.59695803825362, "x3": 4.1824979263154685, "x4": 1.09230711046464, "x5": 10.4574764590002, "x6": 7.01734999732812, "x7": -2.3359675853871043, "x8": 1.4765875290620782, "x9": 1.4759971108656518}, "datetime": {"datetime": "2025-05-16 00:23:25", "elapsed": 9730.024387, "delta": 4.594515}}
{"target": 19.608172144208638, "params": {"x0": 1.0335431709061003, "x1": 0.9, "x2": 3.59695803825362, "x3": 4.1824979263154685, "x4": 1.09230711046464, "x5": 10.4574764590002, "x6": 7.01734999732812, "x7": -2.3359675853871043, "x8": 1.4765875290620782, "x9": 1.4759971108656518}, "datetime": {"datetime": "2025-05-16 00:23:29", "elapsed": 9733.826459, "delta": 3.802072}}
{"target": 19.608172144208638, "params": {"x0": 1.0335431709061003, "x1": 0.9, "x2": 3.59695803825362, "x3": 4.1824979263154685, "x4": 1.09230711046464, "x5": 10.4574764590002, "x6": 7.01734999732812, "x7": -2.3359675853871043, "x8": 1.4765875290620782, "x9": 1.4759971108656518}, "datetime": {"datetime": "2025-05-16 00:23:33", "elapsed": 9738.0367, "delta": 4.210241}}
{"target": 19.608172144208638, "params": {"x0": 1.0335431709061003, "x1": 0.9, "x2": 3.59695803825362, "x3": 4.1824979263154685, "x4": 1.09230711046464, "x5": 10.4574764590002, "x6": 7.01734999732812, "x7": -2.3359675853871043, "x8": 1.4765875290620782, "x9": 1.4759971108656518}, "datetime": {"datetime": "2025-05-16 00:23:38", "elapsed": 9743.153592, "delta": 5.116892}}
{"target": 19.608172144208638, "params": {"x0": 1.0335431709061003, "x1": 0.9, "x2": 3.59695803825362, "x3": 4.1824979263154685, "x4": 1.09230711046464, "x5": 10.4574764590002, "x6": 7.01734999732812, "x7": -2.3359675853871043, "x8": 1.4765875290620782, "x9": 1.4759971108656518}, "datetime": {"datetime": "2025-05-16 00:23:42", "elapsed": 9747.296461, "delta": 4.142869}}
{"target": 19.608172144208638, "params": {"x0": 1.0335431709061003, "x1": 0.9, "x2": 3.59695803825362, "x3": 4.1824979263154685, "x4": 1.09230711046464, "x5": 10.4574764590002, "x6": 7.01734999732812, "x7": -2.3359675853871043, "x8": 1.4765875290620782, "x9": 1.4759971108656518}, "datetime": {"datetime": "2025-05-16 00:23:46", "elapsed": 9751.266592, "delta": 3.970131}}
{"target": 19.608172144208638, "params": {"x0": 1.0335431709061003, "x1": 0.9, "x2": 3.59695803825362, "x3": 4.1824979263154685, "x4": 1.09230711046464, "x5": 10.4574764590002, "x6": 7.01734999732812, "x7": -2.3359675853871043, "x8": 1.4765875290620782, "x9": 1.4759971108656518}, "datetime": {"datetime": "2025-05-16 00:23:50", "elapsed": 9755.114055, "delta": 3.847463}}
{"target": 19.608172144208638, "params": {"x0": 1.0335431709061003, "x1": 0.9, "x2": 3.59695803825362, "x3": 4.1824979263154685, "x4": 1.09230711046464, "x5": 10.4574764590002, "x6": 7.01734999732812, "x7": -2.3359675853871043, "x8": 1.4765875290620782, "x9": 1.4759971108656518}, "datetime": {"datetime": "2025-05-16 00:23:54", "elapsed": 9759.104262, "delta": 3.990207}}
{"target": 19.608172144208638, "params": {"x0": 1.0335431709061003, "x1": 0.9, "x2": 3.59695803825362, "x3": 4.1824979263154685, "x4": 1.09230711046464, "x5": 10.4574764590002, "x6": 7.01734999732812, "x7": -2.3359675853871043, "x8": 1.4765875290620782, "x9": 1.4759971108656518}, "datetime": {"datetime": "2025-05-16 00:23:58", "elapsed": 9762.636274, "delta": 3.532012}}
{"target": 19.608172144208638, "params": {"x0": 1.0335431709061003, "x1": 0.9, "x2": 3.59695803825362, "x3": 4.1824979263154685, "x4": 1.09230711046464, "x5": 10.4574764590002, "x6": 7.01734999732812, "x7": -2.3359675853871043, "x8": 1.4765875290620782, "x9": 1.4759971108656518}, "datetime": {"datetime": "2025-05-16 00:24:02", "elapsed": 9766.887367, "delta": 4.251093}}
{"target": 19.608172144208638, "params": {"x0": 1.0335431709061003, "x1": 0.9, "x2": 3.59695803825362, "x3": 4.1824979263154685, "x4": 1.09230711046464, "x5": 10.4574764590002, "x6": 7.01734999732812, "x7": -2.3359675853871043, "x8": 1.4765875290620782, "x9": 1.4759971108656518}, "datetime": {"datetime": "2025-05-16 00:24:07", "elapsed": 9771.641534, "delta": 4.754167}}
{"target": 19.608172144208638, "params": {"x0": 1.0335431709061003, "x1": 0.9, "x2": 3.59695803825362, "x3": 4.1824979263154685, "x4": 1.09230711046464, "x5": 10.4574764590002, "x6": 7.01734999732812, "x7": -2.3359675853871043, "x8": 1.4765875290620782, "x9": 1.4759971108656518}, "datetime": {"datetime": "2025-05-16 00:24:11", "elapsed": 9775.62826, "delta": 3.986726}}
{"target": 19.608172144208638, "params": {"x0": 1.0335431709061003, "x1": 0.9, "x2": 3.59695803825362, "x3": 4.1824979263154685, "x4": 1.09230711046464, "x5": 10.4574764590002, "x6": 7.01734999732812, "x7": -2.3359675853871043, "x8": 1.4765875290620782, "x9": 1.4759971108656518}, "datetime": {"datetime": "2025-05-16 00:24:15", "elapsed": 9779.645038, "delta": 4.016778}}
{"target": 19.608172144208638, "params": {"x0": 1.0335431709061003, "x1": 0.9, "x2": 3.59695803825362, "x3": 4.1824979263154685, "x4": 1.09230711046464, "x5": 10.4574764590002, "x6": 7.01734999732812, "x7": -2.3359675853871043, "x8": 1.4765875290620782, "x9": 1.4759971108656518}, "datetime": {"datetime": "2025-05-16 00:24:19", "elapsed": 9784.098233, "delta": 4.453195}}
{"target": 19.608172144208638, "params": {"x0": 1.0335431709061003, "x1": 0.9, "x2": 3.59695803825362, "x3": 4.1824979263154685, "x4": 1.09230711046464, "x5": 10.4574764590002, "x6": 7.01734999732812, "x7": -2.3359675853871043, "x8": 1.4765875290620782, "x9": 1.4759971108656518}, "datetime": {"datetime": "2025-05-16 00:24:24", "elapsed": 9788.804652, "delta": 4.706419}}
{"target": 19.608172144208638, "params": {"x0": 1.0335431709061003, "x1": 0.9, "x2": 3.59695803825362, "x3": 4.1824979263154685, "x4": 1.09230711046464, "x5": 10.4574764590002, "x6": 7.01734999732812, "x7": -2.3359675853871043, "x8": 1.4765875290620782, "x9": 1.4759971108656518}, "datetime": {"datetime": "2025-05-16 00:24:29", "elapsed": 9793.837478, "delta": 5.032826}}
{"target": 19.608172144208638, "params": {"x0": 1.0335431709061003, "x1": 0.9, "x2": 3.59695803825362, "x3": 4.1824979263154685, "x4": 1.09230711046464, "x5": 10.4574764590002, "x6": 7.01734999732812, "x7": -2.3359675853871043, "x8": 1.4765875290620782, "x9": 1.4759971108656518}, "datetime": {"datetime": "2025-05-16 00:24:33", "elapsed": 9798.114958, "delta": 4.27748}}
{"target": 19.608172144208638, "params": {"x0": 1.0335431709061003, "x1": 0.9, "x2": 3.59695803825362, "x3": 4.1824979263154685, "x4": 1.09230711046464, "x5": 10.4574764590002, "x6": 7.01734999732812, "x7": -2.3359675853871043, "x8": 1.4765875290620782, "x9": 1.4759971108656518}, "datetime": {"datetime": "2025-05-16 00:24:37", "elapsed": 9801.67553, "delta": 3.560572}}
{"target": 19.608172144208638, "params": {"x0": 1.0335431709061003, "x1": 0.9, "x2": 3.59695803825362, "x3": 4.1824979263154685, "x4": 1.09230711046464, "x5": 10.4574764590002, "x6": 7.01734999732812, "x7": -2.3359675853871043, "x8": 1.4765875290620782, "x9": 1.4759971108656518}, "datetime": {"datetime": "2025-05-16 00:24:40", "elapsed": 9805.291802, "delta": 3.616272}}
{"target": 19.608172144208638, "params": {"x0": 1.0335431709061003, "x1": 0.9, "x2": 3.59695803825362, "x3": 4.1824979263154685, "x4": 1.09230711046464, "x5": 10.4574764590002, "x6": 7.01734999732812, "x7": -2.3359675853871043, "x8": 1.4765875290620782, "x9": 1.4759971108656518}, "datetime": {"datetime": "2025-05-16 00:24:45", "elapsed": 9809.501292, "delta": 4.20949}}
{"target": 19.608172144208638, "params": {"x0": 1.0335431709061003, "x1": 0.9, "x2": 3.59695803825362, "x3": 4.1824979263154685, "x4": 1.09230711046464, "x5": 10.4574764590002, "x6": 7.01734999732812, "x7": -2.3359675853871043, "x8": 1.4765875290620782, "x9": 1.4759971108656518}, "datetime": {"datetime": "2025-05-16 00:24:49", "elapsed": 9814.302049, "delta": 4.800757}}
{"target": 19.608172144208638, "params": {"x0": 1.0335431709061003, "x1": 0.9, "x2": 3.59695803825362, "x3": 4.1824979263154685, "x4": 1.09230711046464, "x5": 10.4574764590002, "x6": 7.01734999732812, "x7": -2.3359675853871043, "x8": 1.4765875290620782, "x9": 1.4759971108656518}, "datetime": {"datetime": "2025-05-16 00:24:54", "elapsed": 9818.529445, "delta": 4.227396}}
{"target": 19.608172144208638, "params": {"x0": 1.0335431709061003, "x1": 0.9, "x2": 3.59695803825362, "x3": 4.1824979263154685, "x4": 1.09230711046464, "x5": 10.4574764590002, "x6": 7.01734999732812, "x7": -2.3359675853871043, "x8": 1.4765875290620782, "x9": 1.4759971108656518}, "datetime": {"datetime": "2025-05-16 00:24:59", "elapsed": 9824.014205, "delta": 5.48476}}
{"target": 19.608172144208638, "params": {"x0": 1.0335431709061003, "x1": 0.9, "x2": 3.59695803825362, "x3": 4.1824979263154685, "x4": 1.09230711046464, "x5": 10.4574764590002, "x6": 7.01734999732812, "x7": -2.3359675853871043, "x8": 1.4765875290620782, "x9": 1.4759971108656518}, "datetime": {"datetime": "2025-05-16 00:25:03", "elapsed": 9828.202948, "delta": 4.188743}}
{"target": 19.608172144208638, "params": {"x0": 1.0335431709061003, "x1": 0.9, "x2": 3.59695803825362, "x3": 4.1824979263154685, "x4": 1.09230711046464, "x5": 10.4574764590002, "x6": 7.01734999732812, "x7": -2.3359675853871043, "x8": 1.4765875290620782, "x9": 1.4759971108656518}, "datetime": {"datetime": "2025-05-16 00:25:09", "elapsed": 9834.326868, "delta": 6.12392}}
{"target": 19.608172144208638, "params": {"x0": 1.0335431709061003, "x1": 0.9, "x2": 3.59695803825362, "x3": 4.1824979263154685, "x4": 1.09230711046464, "x5": 10.4574764590002, "x6": 7.01734999732812, "x7": -2.3359675853871043, "x8": 1.4765875290620782, "x9": 1.4759971108656518}, "datetime": {"datetime": "2025-05-16 00:25:14", "elapsed": 9838.861261, "delta": 4.534393}}
{"target": 19.608172144208638, "params": {"x0": 1.0335431709061003, "x1": 0.9, "x2": 3.59695803825362, "x3": 4.1824979263154685, "x4": 1.09230711046464, "x5": 10.4574764590002, "x6": 7.01734999732812, "x7": -2.3359675853871043, "x8": 1.4765875290620782, "x9": 1.4759971108656518}, "datetime": {"datetime": "2025-05-16 00:25:18", "elapsed": 9842.619365, "delta": 3.758104}}
{"target": 19.608172144208638, "params": {"x0": 1.0335431709061003, "x1": 0.9, "x2": 3.59695803825362, "x3": 4.1824979263154685, "x4": 1.09230711046464, "x5": 10.4574764590002, "x6": 7.01734999732812, "x7": -2.3359675853871043, "x8": 1.4765875290620782, "x9": 1.4759971108656518}, "datetime": {"datetime": "2025-05-16 00:25:22", "elapsed": 9846.558943, "delta": 3.939578}}
