{"target": 19.608172144208638, "params": {"x0": 1.0335431713866559, "x1": 0.9000000021340034, "x2": 3.59695790806485, "x3": 4.182497967097903, "x4": 1.0923071541340972, "x5": 10.457476481348792, "x6": 7.017349576416375, "x7": -2.335967573765969, "x8": 1.476587513328763, "x9": 1.4759970884091629}, "datetime": {"datetime": "2025-05-15 22:14:59", "elapsed": 2024.063435, "delta": 8.894181}}
{"target": 19.608172144208638, "params": {"x0": 1.0335431705451295, "x1": 0.9000000013938777, "x2": 3.596957899658063, "x3": 4.1824979542959095, "x4": 1.0923071466839591, "x5": 10.457476476354758, "x6": 7.017349622222812, "x7": -2.335967589153217, "x8": 1.4765875064896048, "x9": 1.4759971007252006}, "datetime": {"datetime": "2025-05-15 22:15:08", "elapsed": 2033.068005, "delta": 9.00457}}
{"target": 19.608172144208638, "params": {"x0": 1.0335431693164598, "x1": 0.9000000002644621, "x2": 3.59695790775876, "x3": 4.182497960217274, "x4": 1.0923071273716254, "x5": 10.457476476206956, "x6": 7.017349719503132, "x7": -2.3359675978682337, "x8": 1.4765875118694876, "x9": 1.4759970985505138}, "datetime": {"datetime": "2025-05-15 22:15:18", "elapsed": 2042.391861, "delta": 9.323856}}
{"target": 19.608172144208638, "params": {"x0": 1.0335431723135837, "x1": 0.9000000021000554, "x2": 3.596957995321607, "x3": 4.182497949441703, "x4": 1.0923071082054376, "x5": 10.457476476299801, "x6": 7.017349684696374, "x7": -2.3359675995243427, "x8": 1.4765875120374614, "x9": 1.475997095067751}, "datetime": {"datetime": "2025-05-15 22:15:27", "elapsed": 2051.49139, "delta": 9.099529}}
{"target": 19.608172144208638, "params": {"x0": 1.0335431713144931, "x1": 0.900000001913959, "x2": 3.596957993977877, "x3": 4.182497953247147, "x4": 1.0923070974480036, "x5": 10.457476474404068, "x6": 7.017349731665284, "x7": -2.3359675951775603, "x8": 1.476587514711433, "x9": 1.4759970982137225}, "datetime": {"datetime": "2025-05-15 22:15:36", "elapsed": 2060.614016, "delta": 9.122626}}
{"target": 19.608172144208638, "params": {"x0": 1.03354317169241, "x1": 0.9000000010058884, "x2": 3.5969579692764664, "x3": 4.182497948130149, "x4": 1.0923071341589379, "x5": 10.45747647501453, "x6": 7.017349772105662, "x7": -2.3359675947628387, "x8": 1.4765875192187694, "x9": 1.4759971005929473}, "datetime": {"datetime": "2025-05-15 22:15:45", "elapsed": 2069.877174, "delta": 9.263158}}
{"target": 19.608172144208638, "params": {"x0": 1.033543171912896, "x1": 0.9000000012540175, "x2": 3.5969579499056445, "x3": 4.182497942333177, "x4": 1.0923071055347888, "x5": 10.45747647404367, "x6": 7.017349767717035, "x7": -2.335967594298321, "x8": 1.4765875166688205, "x9": 1.475997101381669}, "datetime": {"datetime": "2025-05-15 22:15:54", "elapsed": 2079.163629, "delta": 9.286455}}
{"target": 19.608172144208638, "params": {"x0": 1.033543170917073, "x1": 0.9000000018606898, "x2": 3.596957975855446, "x3": 4.1824979456711295, "x4": 1.092307108913563, "x5": 10.457476473775674, "x6": 7.0173497923324115, "x7": -2.3359675925552486, "x8": 1.4765875215745243, "x9": 1.4759971040721411}, "datetime": {"datetime": "2025-05-15 22:16:04", "elapsed": 2088.412187, "delta": 9.248558}}
{"target": 19.608172144208638, "params": {"x0": 1.0335431711374705, "x1": 0.9000000014942822, "x2": 3.596957987229996, "x3": 4.182497944760364, "x4": 1.092307121762572, "x5": 10.457476469124716, "x6": 7.017349822255555, "x7": -2.335967577572073, "x8": 1.4765875276004403, "x9": 1.475997101485439}, "datetime": {"datetime": "2025-05-15 22:16:13", "elapsed": 2097.518122, "delta": 9.105935}}
{"target": 19.608172144208638, "params": {"x0": 1.0335431714874268, "x1": 0.9000000013180328, "x2": 3.596957984650179, "x3": 4.182497939840047, "x4": 1.092307134073434, "x5": 10.457476466514054, "x6": 7.017349858330207, "x7": -2.3359675916878264, "x8": 1.4765875223778535, "x9": 1.4759971030003152}, "datetime": {"datetime": "2025-05-15 22:16:22", "elapsed": 2106.682373, "delta": 9.164251}}
{"target": 19.608172144208638, "params": {"x0": 1.0335431705285767, "x1": 0.9000000006616455, "x2": 3.596957979213324, "x3": 4.182497939720672, "x4": 1.0923071285593429, "x5": 10.457476465618353, "x6": 7.017349881839062, "x7": -2.3359675875491184, "x8": 1.4765875207457404, "x9": 1.4759971036460666}, "datetime": {"datetime": "2025-05-15 22:16:31", "elapsed": 2115.767671, "delta": 9.085298}}
{"target": 19.608172144208638, "params": {"x0": 1.0335431712805154, "x1": 0.9000000008001792, "x2": 3.596957992704693, "x3": 4.18249793695407, "x4": 1.0923071293589806, "x5": 10.457476465035636, "x6": 7.017349875509787, "x7": -2.3359675917894944, "x8": 1.4765875282991245, "x9": 1.4759971048350866}, "datetime": {"datetime": "2025-05-15 22:16:40", "elapsed": 2125.210599, "delta": 9.442928}}
{"target": 19.608172144208638, "params": {"x0": 1.0335431705662963, "x1": 0.9000000010647483, "x2": 3.5969580071297376, "x3": 4.18249793854585, "x4": 1.092307119696529, "x5": 10.457476467504062, "x6": 7.017349878852666, "x7": -2.3359675863686453, "x8": 1.476587522717758, "x9": 1.47599710582501}, "datetime": {"datetime": "2025-05-15 22:16:50", "elapsed": 2134.759912, "delta": 9.549313}}
{"target": 19.608172144208638, "params": {"x0": 1.0335431706111906, "x1": 0.9000000007868874, "x2": 3.5969580164554813, "x3": 4.182497935864668, "x4": 1.0923071152281179, "x5": 10.457476465887831, "x6": 7.017349896976692, "x7": -2.3359675802669684, "x8": 1.4765875230365542, "x9": 1.475997105545255}, "datetime": {"datetime": "2025-05-15 22:16:59", "elapsed": 2143.872145, "delta": 9.112233}}
{"target": 19.608172144208638, "params": {"x0": 1.0335431713500425, "x1": 0.9000000003079447, "x2": 3.596958001646198, "x3": 4.182497935082376, "x4": 1.09230710077991, "x5": 10.45747646357716, "x6": 7.01734990094867, "x7": -2.335967583963611, "x8": 1.4765875241408615, "x9": 1.4759971073795286}, "datetime": {"datetime": "2025-05-15 22:17:08", "elapsed": 2153.015107, "delta": 9.142962}}
{"target": 19.608172144208638, "params": {"x0": 1.0335431708203924, "x1": 0.9000000006258755, "x2": 3.596958016346867, "x3": 4.182497933962848, "x4": 1.0923071124398407, "x5": 10.457476464612691, "x6": 7.017349923206713, "x7": -2.335967589635706, "x8": 1.4765875238112942, "x9": 1.475997106416031}, "datetime": {"datetime": "2025-05-15 22:17:17", "elapsed": 2162.238073, "delta": 9.222966}}
{"target": 19.608172144208638, "params": {"x0": 1.0335431709110934, "x1": 0.9000000002417055, "x2": 3.5969580122501537, "x3": 4.182497934342354, "x4": 1.0923071225610184, "x5": 10.457476462263825, "x6": 7.017349918092043, "x7": -2.335967583716436, "x8": 1.4765875245540268, "x9": 1.4759971069078217}, "datetime": {"datetime": "2025-05-15 22:17:27", "elapsed": 2171.4796, "delta": 9.241527}}
{"target": 19.608172144208638, "params": {"x0": 1.0335431707492126, "x1": 0.9000000003250805, "x2": 3.5969580214097565, "x3": 4.182497932021777, "x4": 1.092307117916795, "x5": 10.45747646470267, "x6": 7.0173499254162985, "x7": -2.3359675883677484, "x8": 1.4765875272161488, "x9": 1.4759971089854707}, "datetime": {"datetime": "2025-05-15 22:17:36", "elapsed": 2180.868879, "delta": 9.389279}}
{"target": 19.608172144208638, "params": {"x0": 1.03354317107552, "x1": 0.9000000001962424, "x2": 3.5969580234756586, "x3": 4.182497932635455, "x4": 1.0923071193365423, "x5": 10.45747646404564, "x6": 7.01734993256049, "x7": -2.335967587552176, "x8": 1.4765875255614738, "x9": 1.4759971101435132}, "datetime": {"datetime": "2025-05-15 22:17:45", "elapsed": 2190.17595, "delta": 9.307071}}
{"target": 19.608172144208638, "params": {"x0": 1.0335431710585241, "x1": 0.9000000004216583, "x2": 3.5969580155486858, "x3": 4.182497931209879, "x4": 1.092307108494185, "x5": 10.457476463281305, "x6": 7.017349940127339, "x7": -2.3359675873094585, "x8": 1.4765875256089562, "x9": 1.4759971090786226}, "datetime": {"datetime": "2025-05-15 22:17:55", "elapsed": 2199.582615, "delta": 9.406665}}
{"target": 19.608172144208638, "params": {"x0": 1.0335431709084666, "x1": 0.9000000003134113, "x2": 3.5969580217289803, "x3": 4.182497930662737, "x4": 1.0923071060201206, "x5": 10.457476462688094, "x6": 7.017349953637373, "x7": -2.3359675840426926, "x8": 1.476587526321463, "x9": 1.4759971080089684}, "datetime": {"datetime": "2025-05-15 22:18:05", "elapsed": 2209.380818, "delta": 9.798203}}
{"target": 19.608172144208638, "params": {"x0": 1.0335431709527292, "x1": 0.900000000235464, "x2": 3.596958019419445, "x3": 4.182497931091118, "x4": 1.0923071149031218, "x5": 10.457476459829373, "x6": 7.017349956051575, "x7": -2.3359675834537175, "x8": 1.4765875281472949, "x9": 1.4759971091815831}, "datetime": {"datetime": "2025-05-15 22:18:14", "elapsed": 2218.73466, "delta": 9.353842}}
{"target": 19.608172144208638, "params": {"x0": 1.033543170757423, "x1": 0.9000000002488847, "x2": 3.5969580225906608, "x3": 4.182497930584166, "x4": 1.092307111192482, "x5": 10.457476456443752, "x6": 7.01734995513255, "x7": -2.335967584123878, "x8": 1.4765875265602983, "x9": 1.475997109109893}, "datetime": {"datetime": "2025-05-15 22:18:23", "elapsed": 2227.979951, "delta": 9.245291}}
{"target": 19.608172144208638, "params": {"x0": 1.0335431710099705, "x1": 0.9000000000408702, "x2": 3.5969580254080222, "x3": 4.182497930104343, "x4": 1.0923071143370175, "x5": 10.457476461259386, "x6": 7.017349960862029, "x7": -2.335967583514617, "x8": 1.4765875278323062, "x9": 1.4759971088755632}, "datetime": {"datetime": "2025-05-15 22:18:32", "elapsed": 2237.326579, "delta": 9.346628}}
{"target": 19.608172144208638, "params": {"x0": 1.033543170834746, "x1": 0.9000000001831825, "x2": 3.5969580304623636, "x3": 4.182497929766179, "x4": 1.0923071122112726, "x5": 10.457476461876249, "x6": 7.017349962876129, "x7": -2.3359675869539123, "x8": 1.4765875276697704, "x9": 1.475997109923457}, "datetime": {"datetime": "2025-05-15 22:18:42", "elapsed": 2246.889468, "delta": 9.562889}}
{"target": 19.608172144208638, "params": {"x0": 1.0335431708882599, "x1": 0.9000000001966811, "x2": 3.596958030858187, "x3": 4.1824979291413165, "x4": 1.0923071148448669, "x5": 10.457476459247655, "x6": 7.017349966344675, "x7": -2.3359675867392222, "x8": 1.4765875283660161, "x9": 1.475997109277129}, "datetime": {"datetime": "2025-05-15 22:18:52", "elapsed": 2256.597351, "delta": 9.707883}}
{"target": 19.608172144208638, "params": {"x0": 1.033543170979446, "x1": 0.9000000001411728, "x2": 3.5969580275880575, "x3": 4.182497928911623, "x4": 1.0923071107993856, "x5": 10.457476461296542, "x6": 7.017349973771387, "x7": -2.3359675864173024, "x8": 1.47658752879793, "x9": 1.4759971096932074}, "datetime": {"datetime": "2025-05-15 22:19:01", "elapsed": 2266.01613, "delta": 9.418779}}
{"target": 19.608172144208638, "params": {"x0": 1.0335431708263052, "x1": 0.9000000001381903, "x2": 3.5969580299832793, "x3": 4.182497928858788, "x4": 1.0923071123654697, "x5": 10.457476457487886, "x6": 7.017349972813849, "x7": -2.335967586221596, "x8": 1.4765875278666003, "x9": 1.4759971096831004}, "datetime": {"datetime": "2025-05-15 22:19:11", "elapsed": 2275.922284, "delta": 9.906154}}
{"target": 19.608172144208638, "params": {"x0": 1.0335431708253653, "x1": 0.9000000002014992, "x2": 3.596958031294457, "x3": 4.182497927955759, "x4": 1.0923071132579119, "x5": 10.457476459805264, "x6": 7.01734997452894, "x7": -2.335967585922885, "x8": 1.4765875277809388, "x9": 1.47599711031473}, "datetime": {"datetime": "2025-05-15 22:19:21", "elapsed": 2286.11308, "delta": 10.190796}}
{"target": 19.608172144208638, "params": {"x0": 1.033543170869257, "x1": 0.9000000000757032, "x2": 3.596958032018452, "x3": 4.1824979278961925, "x4": 1.0923071126989092, "x5": 10.45747645893014, "x6": 7.017349977417388, "x7": -2.3359675857291458, "x8": 1.4765875284413792, "x9": 1.4759971101654252}, "datetime": {"datetime": "2025-05-15 22:19:31", "elapsed": 2295.778851, "delta": 9.665771}}
{"target": 19.608172144208638, "params": {"x0": 1.0335431709582468, "x1": 0.9000000000625656, "x2": 3.5969580342815575, "x3": 4.182497928050764, "x4": 1.092307109312084, "x5": 10.457476459743203, "x6": 7.017349979043487, "x7": -2.3359675860386857, "x8": 1.4765875281302, "x9": 1.4759971103463443}, "datetime": {"datetime": "2025-05-15 22:19:40", "elapsed": 2305.149435, "delta": 9.370584}}
{"target": 19.608172144208638, "params": {"x0": 1.0335431708442653, "x1": 0.900000000146239, "x2": 3.596958033890657, "x3": 4.182497927622418, "x4": 1.0923071114137684, "x5": 10.457476460189085, "x6": 7.017349982642269, "x7": -2.3359675855682918, "x8": 1.4765875281265923, "x9": 1.4759971100027396}, "datetime": {"datetime": "2025-05-15 22:19:50", "elapsed": 2314.705999, "delta": 9.556564}}
{"target": 19.608172144208638, "params": {"x0": 1.0335431709351348, "x1": 0.9000000000538582, "x2": 3.5969580336101767, "x3": 4.182497927635517, "x4": 1.092307110804239, "x5": 10.457476459954412, "x6": 7.017349983137923, "x7": -2.3359675854498674, "x8": 1.4765875286365675, "x9": 1.475997110084979}, "datetime": {"datetime": "2025-05-15 22:20:00", "elapsed": 2324.721998, "delta": 10.015999}}
{"target": 19.608172144208638, "params": {"x0": 1.0335431709042473, "x1": 0.9000000001202637, "x2": 3.5969580337099183, "x3": 4.182497927490494, "x4": 1.0923071125041233, "x5": 10.457476459852252, "x6": 7.017349985199369, "x7": -2.3359675858148554, "x8": 1.47658752831272, "x9": 1.475997110136874}, "datetime": {"datetime": "2025-05-15 22:20:09", "elapsed": 2334.293549, "delta": 9.571551}}
{"target": 19.608172144208638, "params": {"x0": 1.033543170859304, "x1": 0.9000000000468814, "x2": 3.59695803456347, "x3": 4.182497927305923, "x4": 1.0923071091375727, "x5": 10.457476459907548, "x6": 7.017349986286305, "x7": -2.335967585483097, "x8": 1.476587528448271, "x9": 1.4759971102027596}, "datetime": {"datetime": "2025-05-15 22:20:19", "elapsed": 2343.750831, "delta": 9.457282}}
{"target": 19.608172144208638, "params": {"x0": 1.0335431708749898, "x1": 0.9000000000127661, "x2": 3.5969580358893896, "x3": 4.182497927389589, "x4": 1.0923071119225372, "x5": 10.457476459570872, "x6": 7.017349986544735, "x7": -2.3359675854001507, "x8": 1.4765875287501609, "x9": 1.4759971104087195}, "datetime": {"datetime": "2025-05-15 22:20:28", "elapsed": 2353.168699, "delta": 9.417868}}
{"target": 19.608172144208638, "params": {"x0": 1.0335431708979055, "x1": 0.9000000000272047, "x2": 3.5969580368548923, "x3": 4.1824979272620775, "x4": 1.0923071119080716, "x5": 10.45747645971606, "x6": 7.0173499886282285, "x7": -2.3359675854378534, "x8": 1.4765875291229869, "x9": 1.4759971103728613}, "datetime": {"datetime": "2025-05-15 22:20:38", "elapsed": 2362.919074, "delta": 9.750375}}
{"target": 19.608172144208638, "params": {"x0": 1.0335431709317575, "x1": 0.9000000000057862, "x2": 3.5969580354657085, "x3": 4.182497927094131, "x4": 1.092307109723196, "x5": 10.457476458923248, "x6": 7.0173499885219774, "x7": -2.3359675855802386, "x8": 1.4765875285501542, "x9": 1.4759971104964766}, "datetime": {"datetime": "2025-05-15 22:20:48", "elapsed": 2372.426362, "delta": 9.507288}}
{"target": 19.608172144208638, "params": {"x0": 1.0335431709236707, "x1": 0.9000000000189368, "x2": 3.596958035833733, "x3": 4.182497926882212, "x4": 1.092307111598939, "x5": 10.45747645958389, "x6": 7.017349990405233, "x7": -2.335967585545243, "x8": 1.4765875286807015, "x9": 1.4759971106561007}, "datetime": {"datetime": "2025-05-15 22:20:57", "elapsed": 2382.276344, "delta": 9.849982}}
{"target": 19.608172144208638, "params": {"x0": 1.0335431709252574, "x1": 0.9000000000327905, "x2": 3.5969580356182775, "x3": 4.182497926982953, "x4": 1.0923071098170047, "x5": 10.4574764593585, "x6": 7.017349990216394, "x7": -2.335967585163176, "x8": 1.4765875287469081, "x9": 1.4759971104873384}, "datetime": {"datetime": "2025-05-15 22:21:07", "elapsed": 2391.717915, "delta": 9.441571}}
{"target": 19.608172144208638, "params": {"x0": 1.0335431709269207, "x1": 0.9000000000099285, "x2": 3.596958036236614, "x3": 4.182497926913547, "x4": 1.0923071114241785, "x5": 10.457476459332376, "x6": 7.0173499910469594, "x7": -2.335967585586165, "x8": 1.4765875290362058, "x9": 1.4759971106664047}, "datetime": {"datetime": "2025-05-15 22:21:17", "elapsed": 2401.35576, "delta": 9.637845}}
{"target": 19.608172144208638, "params": {"x0": 1.0335431709001, "x1": 0.9000000000316659, "x2": 3.5969580364932314, "x3": 4.182497926763869, "x4": 1.0923071101719644, "x5": 10.457476459418402, "x6": 7.0173499919442675, "x7": -2.3359675851113395, "x8": 1.476587528755802, "x9": 1.4759971106247283}, "datetime": {"datetime": "2025-05-15 22:21:26", "elapsed": 2411.252575, "delta": 9.896815}}
{"target": 19.608172144208638, "params": {"x0": 1.0335431709042624, "x1": 0.900000000026862, "x2": 3.5969580370697583, "x3": 4.182497926821999, "x4": 1.0923071099329202, "x5": 10.45747645924176, "x6": 7.017349992282615, "x7": -2.335967585314233, "x8": 1.476587528948868, "x9": 1.4759971106179486}, "datetime": {"datetime": "2025-05-15 22:21:36", "elapsed": 2421.047715, "delta": 9.79514}}
{"target": 19.608172144208638, "params": {"x0": 1.0335431709132974, "x1": 0.9000000000085622, "x2": 3.5969580370922536, "x3": 4.182497926746559, "x4": 1.0923071110774807, "x5": 10.457476459155508, "x6": 7.017349992965086, "x7": -2.335967585284042, "x8": 1.476587528936638, "x9": 1.475997110665042}, "datetime": {"datetime": "2025-05-15 22:21:46", "elapsed": 2430.633145, "delta": 9.58543}}
{"target": 19.608172144208638, "params": {"x0": 1.0335431709134384, "x1": 0.9000000000099657, "x2": 3.5969580369319734, "x3": 4.182497926645357, "x4": 1.0923071108883347, "x5": 10.45747645934715, "x6": 7.017349993338363, "x7": -2.335967585249167, "x8": 1.4765875288151837, "x9": 1.4759971108629446}, "datetime": {"datetime": "2025-05-15 22:21:56", "elapsed": 2440.407423, "delta": 9.774278}}
{"target": 19.608172144208638, "params": {"x0": 1.033543170907667, "x1": 0.9000000000266243, "x2": 3.5969580370266523, "x3": 4.182497926677523, "x4": 1.0923071103870445, "x5": 10.457476459211568, "x6": 7.01734999436989, "x7": -2.3359675855249566, "x8": 1.476587528881484, "x9": 1.4759971106598577}, "datetime": {"datetime": "2025-05-15 22:22:05", "elapsed": 2450.113424, "delta": 9.706001}}
{"target": 19.608172144208638, "params": {"x0": 1.0335431709075993, "x1": 0.9000000000300623, "x2": 3.5969580370052467, "x3": 4.1824979266359055, "x4": 1.092307110896819, "x5": 10.457476458773991, "x6": 7.017349994013962, "x7": -2.335967585510832, "x8": 1.4765875288703691, "x9": 1.4759971106848835}, "datetime": {"datetime": "2025-05-15 22:22:15", "elapsed": 2460.08815, "delta": 9.974726}}
{"target": 19.608172144208638, "params": {"x0": 1.0335431709023688, "x1": 0.9000000000139824, "x2": 3.596958037261672, "x3": 4.182497926551517, "x4": 1.092307110700548, "x5": 10.457476458970525, "x6": 7.017349994661272, "x7": -2.3359675855041107, "x8": 1.4765875289005037, "x9": 1.4759971107116714}, "datetime": {"datetime": "2025-05-15 22:22:25", "elapsed": 2469.796914, "delta": 9.708764}}
{"target": 19.608172144208638, "params": {"x0": 1.0335431708966523, "x1": 0.9000000000035209, "x2": 3.596958037898421, "x3": 4.182497926580639, "x4": 1.0923071106369255, "x5": 10.457476459226298, "x6": 7.017349994819802, "x7": -2.33596758529712, "x8": 1.4765875289185817, "x9": 1.4759971108173542}, "datetime": {"datetime": "2025-05-15 22:22:35", "elapsed": 2479.695634, "delta": 9.89872}}
{"target": 19.608172144208638, "params": {"x0": 1.033543170902576, "x1": 0.9000000000017095, "x2": 3.5969580375592014, "x3": 4.182497926499659, "x4": 1.09230711053252, "x5": 10.457476459192568, "x6": 7.01734999483351, "x7": -2.3359675854771713, "x8": 1.4765875289269155, "x9": 1.475997110795745}, "datetime": {"datetime": "2025-05-15 22:22:45", "elapsed": 2489.495108, "delta": 9.799474}}
{"target": 19.608172144208638, "params": {"x0": 1.033543170897144, "x1": 0.9000000000110128, "x2": 3.5969580374214503, "x3": 4.18249792648102, "x4": 1.0923071105374644, "x5": 10.457476459183724, "x6": 7.017349995710919, "x7": -2.3359675853255184, "x8": 1.4765875289725268, "x9": 1.4759971107842884}, "datetime": {"datetime": "2025-05-15 22:22:55", "elapsed": 2499.73892, "delta": 10.243812}}
{"target": 19.608172144208638, "params": {"x0": 1.0335431709130765, "x1": 0.9000000000127831, "x2": 3.5969580377108334, "x3": 4.182497926500333, "x4": 1.0923071107016973, "x5": 10.457476459144686, "x6": 7.017349995311148, "x7": -2.3359675853303816, "x8": 1.476587528970896, "x9": 1.4759971107851202}, "datetime": {"datetime": "2025-05-15 22:23:05", "elapsed": 2509.482188, "delta": 9.743268}}
{"target": 19.608172144208638, "params": {"x0": 1.0335431709130933, "x1": 0.9000000000031324, "x2": 3.5969580375635037, "x3": 4.182497926469546, "x4": 1.0923071104536421, "x5": 10.45747645914645, "x6": 7.017349995591619, "x7": -2.3359675854728086, "x8": 1.476587528957201, "x9": 1.4759971107844463}, "datetime": {"datetime": "2025-05-15 22:23:14", "elapsed": 2519.138903, "delta": 9.656715}}
{"target": 19.608172144208638, "params": {"x0": 1.033543170906601, "x1": 0.9000000000062016, "x2": 3.5969580377430592, "x3": 4.182497926462102, "x4": 1.0923071106316506, "x5": 10.457476459129882, "x6": 7.01734999569331, "x7": -2.335967585457108, "x8": 1.4765875289968682, "x9": 1.4759971107958245}, "datetime": {"datetime": "2025-05-15 22:23:24", "elapsed": 2529.083252, "delta": 9.944349}}
{"target": 19.608172144208638, "params": {"x0": 1.0335431709003249, "x1": 0.9000000000095596, "x2": 3.596958037685367, "x3": 4.182497926389481, "x4": 1.0923071105323443, "x5": 10.457476459122114, "x6": 7.017349995867434, "x7": -2.335967585385874, "x8": 1.476587529032732, "x9": 1.4759971107960967}, "datetime": {"datetime": "2025-05-15 22:23:34", "elapsed": 2538.921797, "delta": 9.838545}}
{"target": 19.608172144208638, "params": {"x0": 1.0335431709073353, "x1": 0.9000000000044245, "x2": 3.5969580377632027, "x3": 4.182497926446012, "x4": 1.0923071106231317, "x5": 10.457476459108449, "x6": 7.01734999600616, "x7": -2.335967585340952, "x8": 1.4765875290037196, "x9": 1.4759971108104604}, "datetime": {"datetime": "2025-05-15 22:23:44", "elapsed": 2549.183131, "delta": 10.261334}}
