{"target": 19.608172144208638, "params": {"x0": 1.033543970298818, "x1": 0.9, "x2": 3.5968880668328285, "x3": 4.182515670432881, "x4": 1.0923339458214307, "x5": 10.457491549274138, "x6": 7.017172958125549, "x7": -2.3359764560625433, "x8": 1.4765770118209915, "x9": 1.4759874280658647}, "datetime": {"datetime": "2025-05-15 22:06:29", "elapsed": 1513.415735, "delta": 8.806974}}
{"target": 19.608172144208638, "params": {"x0": 1.0335438903595464, "x1": 0.9, "x2": 3.5968950639749075, "x3": 4.182513896021139, "x4": 1.0923312622857517, "x5": 10.457490040246745, "x6": 7.017190662045806, "x7": -2.3359755689949995, "x8": 1.4765780635451002, "x9": 1.4759883963458433}, "datetime": {"datetime": "2025-05-15 22:06:37", "elapsed": 1522.18991, "delta": 8.774175}}
{"target": 19.608172144208638, "params": {"x0": 1.0335438184142016, "x1": 0.9, "x2": 3.596901361402779, "x3": 4.182512299050573, "x4": 1.0923288471036405, "x5": 10.45748868212209, "x6": 7.017206595574038, "x7": -2.33597477063421, "x8": 1.4765790100967982, "x9": 1.4759892677978241}, "datetime": {"datetime": "2025-05-15 22:06:46", "elapsed": 1531.031826, "delta": 8.841916}}
{"target": 19.608172144208638, "params": {"x0": 1.0335437536633916, "x1": 0.9, "x2": 3.596907029087863, "x3": 4.182510861777062, "x4": 1.0923266734397405, "x5": 10.4574874598099, "x6": 7.017220935749446, "x7": -2.335974052109499, "x8": 1.4765798619933261, "x9": 1.475990052104607}, "datetime": {"datetime": "2025-05-15 22:06:55", "elapsed": 1539.697554, "delta": 8.665728}}
{"target": 19.608172144208638, "params": {"x0": 1.0335436953876624, "x1": 0.9, "x2": 3.596912130004439, "x3": 4.182509568230903, "x4": 1.0923247171422303, "x5": 10.45748635972893, "x6": 7.017233841907314, "x7": -2.33597340543726, "x8": 1.4765806287002012, "x9": 1.4759907579807114}, "datetime": {"datetime": "2025-05-15 22:07:04", "elapsed": 1548.541247, "delta": 8.843693}}
{"target": 19.608172144208638, "params": {"x0": 1.0335436429395062, "x1": 0.9, "x2": 3.596916720829357, "x3": 4.18250840403936, "x4": 1.0923229564744714, "x5": 10.457485369656057, "x6": 7.017245457449394, "x7": -2.335972823432244, "x8": 1.476581318736389, "x9": 1.4759913932692055}, "datetime": {"datetime": "2025-05-15 22:07:13", "elapsed": 1557.650639, "delta": 9.109392}}
{"target": 19.608172144208638, "params": {"x0": 1.0335435957361656, "x1": 0.9, "x2": 3.5969208525717833, "x3": 4.18250735626697, "x4": 1.092321371873488, "x5": 10.457484478590471, "x6": 7.017255911437267, "x7": -2.33597229962773, "x8": 1.476581939768958, "x9": 1.47599196502885}, "datetime": {"datetime": "2025-05-15 22:07:22", "elapsed": 1566.56972, "delta": 8.919081}}
{"target": 19.608172144208638, "params": {"x0": 1.0335435532531592, "x1": 0.9, "x2": 3.596924571139967, "x3": 4.18250641327182, "x4": 1.0923199457326034, "x5": 10.457483676631444, "x6": 7.017265320026352, "x7": -2.3359718282036677, "x8": 1.4765824986982699, "x9": 1.4759924796125303}, "datetime": {"datetime": "2025-05-15 22:07:31", "elapsed": 1575.45493, "delta": 8.88521}}
{"target": 19.608172144208638, "params": {"x0": 1.033543515018453, "x1": 0.9, "x2": 3.5969279178513323, "x3": 4.182505564576185, "x4": 1.092318662205807, "x5": 10.45748295486832, "x6": 7.017273787756529, "x7": -2.335971403922011, "x8": 1.4765830017346508, "x9": 1.4759929427378424}, "datetime": {"datetime": "2025-05-15 22:07:39", "elapsed": 1584.127616, "delta": 8.672686}}
{"target": 19.608172144208638, "params": {"x0": 1.033543480607218, "x1": 0.9, "x2": 3.5969309298915606, "x3": 4.182504800750113, "x4": 1.0923175070316902, "x5": 10.457482305281507, "x6": 7.017281408713688, "x7": -2.3359710220685206, "x8": 1.4765834544673935, "x9": 1.4759933595506234}, "datetime": {"datetime": "2025-05-15 22:07:48", "elapsed": 1592.915513, "delta": 8.787897}}
{"target": 19.608172144208638, "params": {"x0": 1.033543449637106, "x1": 0.9, "x2": 3.596933640727767, "x3": 4.182504113306649, "x4": 1.0923164673749852, "x5": 10.457481720653377, "x6": 7.017288267575132, "x7": -2.335970678400379, "x8": 1.476583861926862, "x9": 1.4759937346821261}, "datetime": {"datetime": "2025-05-15 22:07:57", "elapsed": 1601.677026, "delta": 8.761513}}
{"target": 19.608172144208638, "params": {"x0": 1.0335434217640056, "x1": 0.9, "x2": 3.596936080480352, "x3": 4.182503494607531, "x4": 1.0923155316839506, "x5": 10.457481194488059, "x6": 7.0172944405504305, "x7": -2.3359703690990514, "x8": 1.4765842286403836, "x9": 1.4759940723004787}, "datetime": {"datetime": "2025-05-15 22:08:06", "elapsed": 1610.487611, "delta": 8.810585}}
{"target": 19.608172144208638, "params": {"x0": 1.033543396678215, "x1": 0.9, "x2": 3.5969382762576787, "x3": 4.182502937778325, "x4": 1.0923146895620195, "x5": 10.457480720939273, "x6": 7.0172999962282, "x7": -2.335970090727857, "x8": 1.476584558682553, "x9": 1.475994376156996}, "datetime": {"datetime": "2025-05-15 22:08:14", "elapsed": 1619.214479, "delta": 8.726868}}
{"target": 19.608172144208638, "params": {"x0": 1.0335433741010036, "x1": 0.9, "x2": 3.596940252457273, "x3": 4.1825024366320385, "x4": 1.0923139316522816, "x5": 10.457480294745366, "x6": 7.017304996338192, "x7": -2.3359698401937816, "x8": 1.4765848557205057, "x9": 1.4759946496278615}, "datetime": {"datetime": "2025-05-15 22:08:23", "elapsed": 1628.201976, "delta": 8.987497}}
{"target": 19.608172144208638, "params": {"x0": 1.0335433537815133, "x1": 0.9, "x2": 3.5969420310369076, "x3": 4.182501985600382, "x4": 1.0923132495335175, "x5": 10.457479911170848, "x6": 7.017309496437185, "x7": -2.3359696147131137, "x8": 1.476585123054663, "x9": 1.4759948957516407}, "datetime": {"datetime": "2025-05-15 22:08:32", "elapsed": 1636.984881, "delta": 8.782905}}
{"target": 19.608172144208638, "params": {"x0": 1.0335433354939718, "x1": 0.9, "x2": 3.596943631758579, "x3": 4.18250157967189, "x4": 1.0923126356266297, "x5": 10.457479565953784, "x6": 7.017313546526278, "x7": -2.3359694117805128, "x8": 1.4765853636554045, "x9": 1.4759951172630417}, "datetime": {"datetime": "2025-05-15 22:08:41", "elapsed": 1645.852593, "delta": 8.867712}}
{"target": 19.608172144208638, "params": {"x0": 1.0335433190351848, "x1": 0.9, "x2": 3.596945072408083, "x3": 4.1825012143362486, "x4": 1.0923120831104307, "x5": 10.457479255258425, "x6": 7.0173171916064625, "x7": -2.3359692291411718, "x8": 1.476585580196072, "x9": 1.4759953166233029}, "datetime": {"datetime": "2025-05-15 22:08:50", "elapsed": 1654.549951, "delta": 8.697358}}
{"target": 19.608172144208638, "params": {"x0": 1.0335433042222764, "x1": 0.9, "x2": 3.5969463689926364, "x3": 4.1825008855341705, "x4": 1.0923115858458516, "x5": 10.457478975632602, "x6": 7.017320472178628, "x7": -2.335969064765765, "x8": 1.4765857750826725, "x9": 1.4759954960475377}, "datetime": {"datetime": "2025-05-15 22:08:59", "elapsed": 1663.568547, "delta": 9.018596}}
{"target": 19.608172144208638, "params": {"x0": 1.0335432908906588, "x1": 0.9, "x2": 3.596947535918735, "x3": 4.1825005896123, "x4": 1.0923111383077304, "x5": 10.457478723969363, "x6": 7.017323424693577, "x7": -2.335968916827899, "x8": 1.476585950480613, "x9": 1.4759956575293491}, "datetime": {"datetime": "2025-05-15 22:09:08", "elapsed": 1672.41861, "delta": 8.850063}}
{"target": 19.608172144208638, "params": {"x0": 1.0335432788922028, "x1": 0.9, "x2": 3.5969485861522235, "x3": 4.182500323282617, "x4": 1.0923107355234214, "x5": 10.457478497472446, "x6": 7.017326081957032, "x7": -2.3359687836838194, "x8": 1.4765861083387595, "x9": 1.4759958028629794}, "datetime": {"datetime": "2025-05-15 22:09:17", "elapsed": 1681.377047, "delta": 8.958437}}
{"target": 19.608172144208638, "params": {"x0": 1.0335432680935925, "x1": 0.9, "x2": 3.596949531362363, "x3": 4.182500083585902, "x4": 1.0923103730175432, "x5": 10.457478293625222, "x6": 7.017328473494141, "x7": -2.335968663854148, "x8": 1.4765862504110914, "x9": 1.4759959336632467}, "datetime": {"datetime": "2025-05-15 22:09:26", "elapsed": 1690.446248, "delta": 9.069201}}
{"target": 19.608172144208638, "params": {"x0": 1.0335432583748434, "x1": 0.9, "x2": 3.5969503820514888, "x3": 4.1824998678588585, "x4": 1.0923100467622529, "x5": 10.45747811016272, "x6": 7.0173306258775385, "x7": -2.335968556007444, "x8": 1.47658637827619, "x9": 1.475996051383487}, "datetime": {"datetime": "2025-05-15 22:09:35", "elapsed": 1699.34296, "delta": 8.896712}}
{"target": 19.608172144208638, "params": {"x0": 1.033543249627969, "x1": 0.9, "x2": 3.5969511476717018, "x3": 4.18249967370452, "x4": 1.0923097531324915, "x5": 10.457477945046467, "x6": 7.017332563022597, "x7": -2.33596845894541, "x8": 1.476586493354779, "x9": 1.4759961573317035}, "datetime": {"datetime": "2025-05-15 22:09:43", "elapsed": 1708.153925, "delta": 8.810965}}
{"target": 19.608172144208638, "params": {"x0": 1.0335432417557822, "x1": 0.9, "x2": 3.5969518367298936, "x3": 4.182499498965615, "x4": 1.0923094888657063, "x5": 10.457477796441841, "x6": 7.017334306453149, "x7": -2.3359683715895794, "x8": 1.4765865969255088, "x9": 1.4759962526850985}, "datetime": {"datetime": "2025-05-15 22:09:52", "elapsed": 1717.187876, "delta": 9.033951}}
{"target": 19.608172144208638, "params": {"x0": 1.033543234670814, "x1": 0.9, "x2": 3.596952456882266, "x3": 4.1824993417006, "x4": 1.0923092510255996, "x5": 10.457477662697677, "x6": 7.017335875540646, "x7": -2.3359682929693317, "x8": 1.4765866901391658, "x9": 1.4759963385031538}, "datetime": {"datetime": "2025-05-15 22:10:01", "elapsed": 1726.068187, "delta": 8.880311}}
{"target": 19.608172144208638, "params": {"x0": 1.0335432282943426, "x1": 0.9, "x2": 3.5969530150194013, "x3": 4.182499200162087, "x4": 1.0923090369695037, "x5": 10.45747754232793, "x6": 7.017337287719394, "x7": -2.335968222211109, "x8": 1.476586774031457, "x9": 1.4759964157394034}, "datetime": {"datetime": "2025-05-15 22:10:10", "elapsed": 1735.067034, "delta": 8.998847}}
{"target": 19.608172144208638, "params": {"x0": 1.0335432225555183, "x1": 0.9, "x2": 3.5969535173428233, "x3": 4.182499072777425, "x4": 1.0923088443190174, "x5": 10.457477433995155, "x6": 7.017338558680267, "x7": -2.3359681585287086, "x8": 1.4765868495345191, "x9": 1.4759964852520284}, "datetime": {"datetime": "2025-05-15 22:10:19", "elapsed": 1743.9891, "delta": 8.922066}}
{"target": 19.608172144208638, "params": {"x0": 1.0335432173905765, "x1": 0.9, "x2": 3.596953969433903, "x3": 4.182498958131229, "x4": 1.0923086709335796, "x5": 10.45747733649566, "x6": 7.017339702545052, "x7": -2.335968101214548, "x8": 1.476586917487275, "x9": 1.4759965478133907}, "datetime": {"datetime": "2025-05-15 22:10:28", "elapsed": 1753.090798, "delta": 9.101698}}
{"target": 19.608172144208638, "params": {"x0": 1.033543212742129, "x1": 0.9, "x2": 3.5969543763158747, "x3": 4.182498854949653, "x4": 1.0923085148866856, "x5": 10.457477248746114, "x6": 7.017340732023359, "x7": -2.335968049631804, "x8": 1.4765869786447554, "x9": 1.4759966041186168}, "datetime": {"datetime": "2025-05-15 22:10:37", "elapsed": 1762.027431, "delta": 8.936633}}
{"target": 19.608172144208638, "params": {"x0": 1.033543208558526, "x1": 0.9, "x2": 3.596954742509649, "x3": 4.182498762086235, "x4": 1.092308374444481, "x5": 10.457477169771522, "x6": 7.0173416585538355, "x7": -2.3359680032073338, "x8": 1.4765870336864877, "x9": 1.4759966547933203}, "datetime": {"datetime": "2025-05-15 22:10:46", "elapsed": 1770.793892, "delta": 8.766461}}
{"target": 19.608172144208638, "params": {"x0": 1.0335432047932835, "x1": 0.9, "x2": 3.596955072084046, "x3": 4.182498678509158, "x4": 1.092308248046497, "x5": 10.45747709869439, "x6": 7.017342492431264, "x7": -2.3359679614253106, "x8": 1.4765870832240466, "x9": 1.4759967004005534}, "datetime": {"datetime": "2025-05-15 22:10:55", "elapsed": 1779.852902, "delta": 9.05901}}
{"target": 19.608172144208638, "params": {"x0": 1.0335432014045651, "x1": 0.9, "x2": 3.5969553687010034, "x3": 4.1824986032897895, "x4": 1.0923081342883112, "x5": 10.45747703472497, "x6": 7.0173432429209495, "x7": -2.33596792382149, "x8": 1.47658712780785, "x9": 1.4759967414470634}, "datetime": {"datetime": "2025-05-15 22:11:04", "elapsed": 1788.696303, "delta": 8.843401}}
{"target": 19.608172144208638, "params": {"x0": 1.0335431983547188, "x1": 0.9, "x2": 3.5969556356562653, "x3": 4.182498535592357, "x4": 1.092308031905944, "x5": 10.457476977152494, "x6": 7.017343918361666, "x7": -2.3359678899780514, "x8": 1.4765871679332727, "x9": 1.475996778388922}, "datetime": {"datetime": "2025-05-15 22:11:13", "elapsed": 1797.903501, "delta": 9.207198}}
{"target": 19.608172144208638, "params": {"x0": 1.0335431847346213, "x1": 0.900000032316665, "x2": 3.5969565511018167, "x3": 4.182498390025647, "x4": 1.092307549778694, "x5": 10.457476802438089, "x6": 7.017344893463216, "x7": -2.335967643975285, "x8": 1.4765872555569728, "x9": 1.4759970121690626}, "datetime": {"datetime": "2025-05-15 22:11:22", "elapsed": 1807.033791, "delta": 9.13029}}
{"target": 19.608172144208638, "params": {"x0": 1.0335431772895851, "x1": 0.9000000135282681, "x2": 3.5969563284170207, "x3": 4.182498405412348, "x4": 1.0923067693044994, "x5": 10.457476836973356, "x6": 7.017345772235835, "x7": -2.335967582027627, "x8": 1.4765872635470192, "x9": 1.4759969319228476}, "datetime": {"datetime": "2025-05-15 22:11:31", "elapsed": 1816.103384, "delta": 9.069593}}
{"target": 19.608172144208638, "params": {"x0": 1.0335431889366535, "x1": 0.9000000273033875, "x2": 3.5969566661041448, "x3": 4.18249831434814, "x4": 1.092307070267911, "x5": 10.457476730262927, "x6": 7.017345912909989, "x7": -2.335967644935849, "x8": 1.4765873386147255, "x9": 1.4759969717566985}, "datetime": {"datetime": "2025-05-15 22:11:41", "elapsed": 1825.476544, "delta": 9.37316}}
{"target": 19.608172144208638, "params": {"x0": 1.0335431876335666, "x1": 0.9000000032280446, "x2": 3.5969567977163477, "x3": 4.182498293929859, "x4": 1.0923071769374308, "x5": 10.45747653888945, "x6": 7.017346401216353, "x7": -2.3359677584686276, "x8": 1.476587339683987, "x9": 1.4759969262493395}, "datetime": {"datetime": "2025-05-15 22:11:49", "elapsed": 1834.32358, "delta": 8.847036}}
{"target": 19.608172144208638, "params": {"x0": 1.0335431569973716, "x1": 0.9000000026781183, "x2": 3.596956786157995, "x3": 4.182498141612343, "x4": 1.0923072129318048, "x5": 10.457476572504303, "x6": 7.017346541256685, "x7": -2.3359675799410105, "x8": 1.476587373223052, "x9": 1.4759969192184965}, "datetime": {"datetime": "2025-05-15 22:11:58", "elapsed": 1843.298187, "delta": 8.974607}}
{"target": 19.608172144208638, "params": {"x0": 1.0335431733152434, "x1": 0.9000000098741792, "x2": 3.596956895386267, "x3": 4.1824981954225215, "x4": 1.0923074535951727, "x5": 10.45747644227079, "x6": 7.01734679534531, "x7": -2.3359675448861132, "x8": 1.4765875004118405, "x9": 1.4759969799937414}, "datetime": {"datetime": "2025-05-15 22:12:08", "elapsed": 1852.499907, "delta": 9.20172}}
{"target": 19.608172144208638, "params": {"x0": 1.033543167964014, "x1": 0.9000000042121261, "x2": 3.596957452937558, "x3": 4.182498181302816, "x4": 1.0923070316253836, "x5": 10.457476691048683, "x6": 7.0173472632993255, "x7": -2.335967682260407, "x8": 1.4765875010099714, "x9": 1.4759969688880525}, "datetime": {"datetime": "2025-05-15 22:12:16", "elapsed": 1861.183146, "delta": 8.683239}}
{"target": 19.608172144208638, "params": {"x0": 1.0335431734548668, "x1": 0.9000000160137895, "x2": 3.5969570127030623, "x3": 4.182498112439883, "x4": 1.0923074269267887, "x5": 10.457476633609204, "x6": 7.017347383350898, "x7": -2.3359677115222452, "x8": 1.4765874770796426, "x9": 1.4759969714141963}, "datetime": {"datetime": "2025-05-15 22:12:25", "elapsed": 1869.971775, "delta": 8.788629}}
{"target": 19.608172144208638, "params": {"x0": 1.0335431627000355, "x1": 0.9000000065788584, "x2": 3.596957226669282, "x3": 4.182498123406254, "x4": 1.0923073665202419, "x5": 10.457476622752301, "x6": 7.01734764861631, "x7": -2.3359676598116614, "x8": 1.4765874034531943, "x9": 1.4759970952070227}, "datetime": {"datetime": "2025-05-15 22:12:34", "elapsed": 1879.10847, "delta": 9.136695}}
{"target": 19.608172144208638, "params": {"x0": 1.0335431789175686, "x1": 0.9000000020223045, "x2": 3.5969573523507816, "x3": 4.182498108207121, "x4": 1.092307222182369, "x5": 10.45747656869838, "x6": 7.017347926539064, "x7": -2.3359676026927665, "x8": 1.476587460394529, "x9": 1.4759970432283254}, "datetime": {"datetime": "2025-05-15 22:12:43", "elapsed": 1888.047185, "delta": 8.938715}}
{"target": 19.608172144208638, "params": {"x0": 1.0335431781055544, "x1": 0.9000000031622497, "x2": 3.596957311937877, "x3": 4.182498083500846, "x4": 1.0923071940717382, "x5": 10.45747648571166, "x6": 7.0173481589880256, "x7": -2.335967549751081, "x8": 1.4765875062899423, "x9": 1.4759970390400534}, "datetime": {"datetime": "2025-05-15 22:12:52", "elapsed": 1897.019167, "delta": 8.971982}}
{"target": 19.608172144208638, "params": {"x0": 1.0335431728489959, "x1": 0.9000000056292787, "x2": 3.5969575050490485, "x3": 4.182498072870918, "x4": 1.0923071615380375, "x5": 10.457476492198511, "x6": 7.017348336111664, "x7": -2.3359675747900788, "x8": 1.476587430077642, "x9": 1.4759970282728907}, "datetime": {"datetime": "2025-05-15 22:13:01", "elapsed": 1906.012335, "delta": 8.993168}}
{"target": 19.608172144208638, "params": {"x0": 1.0335431682005627, "x1": 0.9000000107032338, "x2": 3.5969575068531543, "x3": 4.182498076040798, "x4": 1.0923073243376724, "x5": 10.457476468187515, "x6": 7.017348500331823, "x7": -2.3359675239658424, "x8": 1.4765874681378588, "x9": 1.4759970291020998}, "datetime": {"datetime": "2025-05-15 22:13:10", "elapsed": 1915.270658, "delta": 9.258323}}
{"target": 19.608172144208638, "params": {"x0": 1.0335431701792432, "x1": 0.9000000035802385, "x2": 3.596957508932896, "x3": 4.182498058966617, "x4": 1.092307321097771, "x5": 10.457476551024383, "x6": 7.017348774924088, "x7": -2.3359676149633914, "x8": 1.476587462281021, "x9": 1.4759970432144847}, "datetime": {"datetime": "2025-05-15 22:13:19", "elapsed": 1924.268616, "delta": 8.997958}}
{"target": 19.608172144208638, "params": {"x0": 1.0335431706306129, "x1": 0.9000000011930441, "x2": 3.5969575612245532, "x3": 4.182498050553998, "x4": 1.0923072015408453, "x5": 10.457476565253973, "x6": 7.017348810851158, "x7": -2.3359675527223014, "x8": 1.4765874935823748, "x9": 1.4759970792662205}, "datetime": {"datetime": "2025-05-15 22:13:29", "elapsed": 1933.553275, "delta": 9.284659}}
{"target": 19.608172144208638, "params": {"x0": 1.0335431756990472, "x1": 0.9000000066889233, "x2": 3.596957635270925, "x3": 4.182498027943641, "x4": 1.0923072601578008, "x5": 10.457476436221635, "x6": 7.017349002857113, "x7": -2.3359675347293, "x8": 1.4765874879475867, "x9": 1.4759970609225388}, "datetime": {"datetime": "2025-05-15 22:13:38", "elapsed": 1942.708512, "delta": 9.155237}}
{"target": 19.608172144208638, "params": {"x0": 1.0335431672109825, "x1": 0.9000000001473699, "x2": 3.5969576945954955, "x3": 4.182498020905445, "x4": 1.092307218313577, "x5": 10.457476433701377, "x6": 7.0173489914006515, "x7": -2.3359675926989683, "x8": 1.4765875136410362, "x9": 1.4759970655659538}, "datetime": {"datetime": "2025-05-15 22:13:47", "elapsed": 1951.676605, "delta": 8.968093}}
{"target": 19.608172144208638, "params": {"x0": 1.0335431706640872, "x1": 0.9000000076848902, "x2": 3.596957828203353, "x3": 4.182498007331317, "x4": 1.0923072292730094, "x5": 10.45747649038498, "x6": 7.017349168641938, "x7": -2.335967550060296, "x8": 1.476587483380565, "x9": 1.4759970680394385}, "datetime": {"datetime": "2025-05-15 22:13:56", "elapsed": 1960.838615, "delta": 9.16201}}
{"target": 19.608172144208638, "params": {"x0": 1.0335431711018566, "x1": 0.9000000020048071, "x2": 3.5969577211230352, "x3": 4.18249798016971, "x4": 1.0923071910019309, "x5": 10.457476504286163, "x6": 7.017349226209039, "x7": -2.3359675567119806, "x8": 1.4765874817638698, "x9": 1.4759970796409132}, "datetime": {"datetime": "2025-05-15 22:14:05", "elapsed": 1970.048863, "delta": 9.210248}}
{"target": 19.608172144208638, "params": {"x0": 1.0335431702883349, "x1": 0.9000000055580648, "x2": 3.5969577612222, "x3": 4.182497987612177, "x4": 1.0923072138104444, "x5": 10.457476505783927, "x6": 7.017349454441832, "x7": -2.335967589794517, "x8": 1.4765874885028771, "x9": 1.4759970723671128}, "datetime": {"datetime": "2025-05-15 22:14:14", "elapsed": 1978.844239, "delta": 8.795376}}
{"target": 19.608172144208638, "params": {"x0": 1.0335431726587845, "x1": 0.9000000028899616, "x2": 3.5969577903963157, "x3": 4.182497991718235, "x4": 1.0923071162111364, "x5": 10.457476489884286, "x6": 7.017349354450987, "x7": -2.3359675684726287, "x8": 1.4765875090766452, "x9": 1.4759970955163426}, "datetime": {"datetime": "2025-05-15 22:14:23", "elapsed": 1987.933187, "delta": 9.088948}}
{"target": 19.608172144208638, "params": {"x0": 1.0335431707720886, "x1": 0.9000000014952909, "x2": 3.5969578108454097, "x3": 4.182497972946741, "x4": 1.0923071938515156, "x5": 10.45747647559591, "x6": 7.01734943601165, "x7": -2.3359675785214713, "x8": 1.4765875147226046, "x9": 1.4759970815583423}, "datetime": {"datetime": "2025-05-15 22:14:32", "elapsed": 1996.961773, "delta": 9.028586}}
{"target": 19.608172144208638, "params": {"x0": 1.0335431717028905, "x1": 0.9000000023535248, "x2": 3.596957831106311, "x3": 4.182497958575123, "x4": 1.0923070572372868, "x5": 10.45747647897968, "x6": 7.0173494623118, "x7": -2.3359676075821976, "x8": 1.4765874980451765, "x9": 1.475997082935051}, "datetime": {"datetime": "2025-05-15 22:14:41", "elapsed": 2006.276924, "delta": 9.315151}}
{"target": 19.608172144208638, "params": {"x0": 1.0335431688158803, "x1": 0.9000000025110103, "x2": 3.5969579862123418, "x3": 4.182497971850459, "x4": 1.0923071564093698, "x5": 10.457476499519199, "x6": 7.017349542063813, "x7": -2.3359675786349485, "x8": 1.4765875132951614, "x9": 1.475997089781711}, "datetime": {"datetime": "2025-05-15 22:14:50", "elapsed": 2015.169254, "delta": 8.89233}}
