{"target": 19.608172144208638, "params": {"x0": 1.0335431709061003, "x1": 0.9, "x2": 3.59695803825362, "x3": 4.1824979263154685, "x4": 1.09230711046464, "x5": 10.4574764590002, "x6": 7.01734999732812, "x7": -2.3359675853871043, "x8": 1.4765875290620782, "x9": 1.4759971108656518}, "datetime": {"datetime": "2025-05-16 00:16:59", "elapsed": 9343.779012, "delta": 4.090176}}
{"target": 19.608172144208638, "params": {"x0": 1.0335431709061003, "x1": 0.9, "x2": 3.59695803825362, "x3": 4.1824979263154685, "x4": 1.09230711046464, "x5": 10.4574764590002, "x6": 7.01734999732812, "x7": -2.3359675853871043, "x8": 1.4765875290620782, "x9": 1.4759971108656518}, "datetime": {"datetime": "2025-05-16 00:17:02", "elapsed": 9346.865038, "delta": 3.086026}}
{"target": 19.608172144208638, "params": {"x0": 1.0335431709061003, "x1": 0.9, "x2": 3.59695803825362, "x3": 4.1824979263154685, "x4": 1.09230711046464, "x5": 10.4574764590002, "x6": 7.01734999732812, "x7": -2.3359675853871043, "x8": 1.4765875290620782, "x9": 1.4759971108656518}, "datetime": {"datetime": "2025-05-16 00:17:06", "elapsed": 9350.577629, "delta": 3.712591}}
{"target": 19.608172144208638, "params": {"x0": 1.0335431709061003, "x1": 0.9, "x2": 3.59695803825362, "x3": 4.1824979263154685, "x4": 1.09230711046464, "x5": 10.4574764590002, "x6": 7.01734999732812, "x7": -2.3359675853871043, "x8": 1.4765875290620782, "x9": 1.4759971108656518}, "datetime": {"datetime": "2025-05-16 00:17:10", "elapsed": 9354.531882, "delta": 3.954253}}
{"target": 19.608172144208638, "params": {"x0": 1.0335431709061003, "x1": 0.9, "x2": 3.59695803825362, "x3": 4.1824979263154685, "x4": 1.09230711046464, "x5": 10.4574764590002, "x6": 7.01734999732812, "x7": -2.3359675853871043, "x8": 1.4765875290620782, "x9": 1.4759971108656518}, "datetime": {"datetime": "2025-05-16 00:17:13", "elapsed": 9357.721721, "delta": 3.189839}}
{"target": 19.608172144208638, "params": {"x0": 1.0335431709061003, "x1": 0.9, "x2": 3.59695803825362, "x3": 4.1824979263154685, "x4": 1.09230711046464, "x5": 10.4574764590002, "x6": 7.01734999732812, "x7": -2.3359675853871043, "x8": 1.4765875290620782, "x9": 1.4759971108656518}, "datetime": {"datetime": "2025-05-16 00:17:18", "elapsed": 9362.866142, "delta": 5.144421}}
{"target": 19.608172144208638, "params": {"x0": 1.0335431709061003, "x1": 0.9, "x2": 3.59695803825362, "x3": 4.1824979263154685, "x4": 1.09230711046464, "x5": 10.4574764590002, "x6": 7.01734999732812, "x7": -2.3359675853871043, "x8": 1.4765875290620782, "x9": 1.4759971108656518}, "datetime": {"datetime": "2025-05-16 00:17:22", "elapsed": 9366.812356, "delta": 3.946214}}
{"target": 19.608172144208638, "params": {"x0": 1.0335431709061003, "x1": 0.9, "x2": 3.59695803825362, "x3": 4.1824979263154685, "x4": 1.09230711046464, "x5": 10.4574764590002, "x6": 7.01734999732812, "x7": -2.3359675853871043, "x8": 1.4765875290620782, "x9": 1.4759971108656518}, "datetime": {"datetime": "2025-05-16 00:17:26", "elapsed": 9370.984112, "delta": 4.171756}}
{"target": 19.608172144208638, "params": {"x0": 1.0335431709061003, "x1": 0.9, "x2": 3.59695803825362, "x3": 4.1824979263154685, "x4": 1.09230711046464, "x5": 10.4574764590002, "x6": 7.01734999732812, "x7": -2.3359675853871043, "x8": 1.4765875290620782, "x9": 1.4759971108656518}, "datetime": {"datetime": "2025-05-16 00:17:31", "elapsed": 9376.335427, "delta": 5.351315}}
{"target": 19.608172144208638, "params": {"x0": 1.0335431709061003, "x1": 0.9, "x2": 3.59695803825362, "x3": 4.1824979263154685, "x4": 1.09230711046464, "x5": 10.4574764590002, "x6": 7.01734999732812, "x7": -2.3359675853871043, "x8": 1.4765875290620782, "x9": 1.4759971108656518}, "datetime": {"datetime": "2025-05-16 00:17:36", "elapsed": 9381.13994, "delta": 4.804513}}
{"target": 19.608172144208638, "params": {"x0": 1.0335431709061003, "x1": 0.9, "x2": 3.59695803825362, "x3": 4.1824979263154685, "x4": 1.09230711046464, "x5": 10.4574764590002, "x6": 7.01734999732812, "x7": -2.3359675853871043, "x8": 1.4765875290620782, "x9": 1.4759971108656518}, "datetime": {"datetime": "2025-05-16 00:17:41", "elapsed": 9385.415922, "delta": 4.275982}}
{"target": 19.608172144208638, "params": {"x0": 1.0335431709061003, "x1": 0.9, "x2": 3.59695803825362, "x3": 4.1824979263154685, "x4": 1.09230711046464, "x5": 10.4574764590002, "x6": 7.01734999732812, "x7": -2.3359675853871043, "x8": 1.4765875290620782, "x9": 1.4759971108656518}, "datetime": {"datetime": "2025-05-16 00:17:45", "elapsed": 9389.604602, "delta": 4.18868}}
{"target": 19.608172144208638, "params": {"x0": 1.0335431709061003, "x1": 0.9, "x2": 3.59695803825362, "x3": 4.1824979263154685, "x4": 1.09230711046464, "x5": 10.4574764590002, "x6": 7.01734999732812, "x7": -2.3359675853871043, "x8": 1.4765875290620782, "x9": 1.4759971108656518}, "datetime": {"datetime": "2025-05-16 00:17:49", "elapsed": 9393.734492, "delta": 4.12989}}
{"target": 19.608172144208638, "params": {"x0": 1.0335431709061003, "x1": 0.9, "x2": 3.59695803825362, "x3": 4.1824979263154685, "x4": 1.09230711046464, "x5": 10.4574764590002, "x6": 7.01734999732812, "x7": -2.3359675853871043, "x8": 1.4765875290620782, "x9": 1.4759971108656518}, "datetime": {"datetime": "2025-05-16 00:17:54", "elapsed": 9398.897991, "delta": 5.163499}}
{"target": 19.608172144208638, "params": {"x0": 1.0335431709061003, "x1": 0.9, "x2": 3.59695803825362, "x3": 4.1824979263154685, "x4": 1.09230711046464, "x5": 10.4574764590002, "x6": 7.01734999732812, "x7": -2.3359675853871043, "x8": 1.4765875290620782, "x9": 1.4759971108656518}, "datetime": {"datetime": "2025-05-16 00:17:58", "elapsed": 9403.088268, "delta": 4.190277}}
{"target": 19.608172144208638, "params": {"x0": 1.0335431709061003, "x1": 0.9, "x2": 3.59695803825362, "x3": 4.1824979263154685, "x4": 1.09230711046464, "x5": 10.4574764590002, "x6": 7.01734999732812, "x7": -2.3359675853871043, "x8": 1.4765875290620782, "x9": 1.4759971108656518}, "datetime": {"datetime": "2025-05-16 00:18:02", "elapsed": 9406.447226, "delta": 3.358958}}
{"target": 19.608172144208638, "params": {"x0": 1.0335431709061003, "x1": 0.9, "x2": 3.59695803825362, "x3": 4.1824979263154685, "x4": 1.09230711046464, "x5": 10.4574764590002, "x6": 7.01734999732812, "x7": -2.3359675853871043, "x8": 1.4765875290620782, "x9": 1.4759971108656518}, "datetime": {"datetime": "2025-05-16 00:18:05", "elapsed": 9409.81881, "delta": 3.371584}}
{"target": 19.608172144208638, "params": {"x0": 1.0335431709061003, "x1": 0.9, "x2": 3.59695803825362, "x3": 4.1824979263154685, "x4": 1.09230711046464, "x5": 10.4574764590002, "x6": 7.01734999732812, "x7": -2.3359675853871043, "x8": 1.4765875290620782, "x9": 1.4759971108656518}, "datetime": {"datetime": "2025-05-16 00:18:10", "elapsed": 9414.391584, "delta": 4.572774}}
{"target": 19.608172144208638, "params": {"x0": 1.0335431709061003, "x1": 0.9, "x2": 3.59695803825362, "x3": 4.1824979263154685, "x4": 1.09230711046464, "x5": 10.4574764590002, "x6": 7.01734999732812, "x7": -2.3359675853871043, "x8": 1.4765875290620782, "x9": 1.4759971108656518}, "datetime": {"datetime": "2025-05-16 00:18:14", "elapsed": 9418.649635, "delta": 4.258051}}
{"target": 19.608172144208638, "params": {"x0": 1.0335431709061003, "x1": 0.9, "x2": 3.59695803825362, "x3": 4.1824979263154685, "x4": 1.09230711046464, "x5": 10.4574764590002, "x6": 7.01734999732812, "x7": -2.3359675853871043, "x8": 1.4765875290620782, "x9": 1.4759971108656518}, "datetime": {"datetime": "2025-05-16 00:18:18", "elapsed": 9423.314465, "delta": 4.66483}}
{"target": 19.608172144208638, "params": {"x0": 1.0335431709061003, "x1": 0.9, "x2": 3.59695803825362, "x3": 4.1824979263154685, "x4": 1.09230711046464, "x5": 10.4574764590002, "x6": 7.01734999732812, "x7": -2.3359675853871043, "x8": 1.4765875290620782, "x9": 1.4759971108656518}, "datetime": {"datetime": "2025-05-16 00:18:22", "elapsed": 9427.020846, "delta": 3.706381}}
{"target": 19.608172144208638, "params": {"x0": 1.0335431709061003, "x1": 0.9, "x2": 3.59695803825362, "x3": 4.1824979263154685, "x4": 1.09230711046464, "x5": 10.4574764590002, "x6": 7.01734999732812, "x7": -2.3359675853871043, "x8": 1.4765875290620782, "x9": 1.4759971108656518}, "datetime": {"datetime": "2025-05-16 00:18:26", "elapsed": 9431.28378, "delta": 4.262934}}
{"target": 19.608172144208638, "params": {"x0": 1.0335431709061003, "x1": 0.9, "x2": 3.59695803825362, "x3": 4.1824979263154685, "x4": 1.09230711046464, "x5": 10.4574764590002, "x6": 7.01734999732812, "x7": -2.3359675853871043, "x8": 1.4765875290620782, "x9": 1.4759971108656518}, "datetime": {"datetime": "2025-05-16 00:18:31", "elapsed": 9436.182344, "delta": 4.898564}}
{"target": 19.608172144208638, "params": {"x0": 1.0335431709061003, "x1": 0.9, "x2": 3.59695803825362, "x3": 4.1824979263154685, "x4": 1.09230711046464, "x5": 10.4574764590002, "x6": 7.01734999732812, "x7": -2.3359675853871043, "x8": 1.4765875290620782, "x9": 1.4759971108656518}, "datetime": {"datetime": "2025-05-16 00:18:36", "elapsed": 9440.749661, "delta": 4.567317}}
{"target": 19.608172144208638, "params": {"x0": 1.0335431709061003, "x1": 0.9, "x2": 3.59695803825362, "x3": 4.1824979263154685, "x4": 1.09230711046464, "x5": 10.4574764590002, "x6": 7.01734999732812, "x7": -2.3359675853871043, "x8": 1.4765875290620782, "x9": 1.4759971108656518}, "datetime": {"datetime": "2025-05-16 00:18:41", "elapsed": 9445.886101, "delta": 5.13644}}
{"target": 19.608172144208638, "params": {"x0": 1.0335431709061003, "x1": 0.9, "x2": 3.59695803825362, "x3": 4.1824979263154685, "x4": 1.09230711046464, "x5": 10.4574764590002, "x6": 7.01734999732812, "x7": -2.3359675853871043, "x8": 1.4765875290620782, "x9": 1.4759971108656518}, "datetime": {"datetime": "2025-05-16 00:18:46", "elapsed": 9450.374356, "delta": 4.488255}}
{"target": 19.608172144208638, "params": {"x0": 1.0335431709061003, "x1": 0.9, "x2": 3.59695803825362, "x3": 4.1824979263154685, "x4": 1.09230711046464, "x5": 10.4574764590002, "x6": 7.01734999732812, "x7": -2.3359675853871043, "x8": 1.4765875290620782, "x9": 1.4759971108656518}, "datetime": {"datetime": "2025-05-16 00:18:51", "elapsed": 9455.523076, "delta": 5.14872}}
{"target": 19.608172144208638, "params": {"x0": 1.0335431709061003, "x1": 0.9, "x2": 3.59695803825362, "x3": 4.1824979263154685, "x4": 1.09230711046464, "x5": 10.4574764590002, "x6": 7.01734999732812, "x7": -2.3359675853871043, "x8": 1.4765875290620782, "x9": 1.4759971108656518}, "datetime": {"datetime": "2025-05-16 00:18:55", "elapsed": 9460.303701, "delta": 4.780625}}
{"target": 19.608172144208638, "params": {"x0": 1.0335431709061003, "x1": 0.9, "x2": 3.59695803825362, "x3": 4.1824979263154685, "x4": 1.09230711046464, "x5": 10.4574764590002, "x6": 7.01734999732812, "x7": -2.3359675853871043, "x8": 1.4765875290620782, "x9": 1.4759971108656518}, "datetime": {"datetime": "2025-05-16 00:19:00", "elapsed": 9464.555115, "delta": 4.251414}}
{"target": 19.608172144208638, "params": {"x0": 1.0335431709061003, "x1": 0.9, "x2": 3.59695803825362, "x3": 4.1824979263154685, "x4": 1.09230711046464, "x5": 10.4574764590002, "x6": 7.01734999732812, "x7": -2.3359675853871043, "x8": 1.4765875290620782, "x9": 1.4759971108656518}, "datetime": {"datetime": "2025-05-16 00:19:04", "elapsed": 9468.660612, "delta": 4.105497}}
{"target": 19.608172144208638, "params": {"x0": 1.0335431709061003, "x1": 0.9, "x2": 3.59695803825362, "x3": 4.1824979263154685, "x4": 1.09230711046464, "x5": 10.4574764590002, "x6": 7.01734999732812, "x7": -2.3359675853871043, "x8": 1.4765875290620782, "x9": 1.4759971108656518}, "datetime": {"datetime": "2025-05-16 00:19:08", "elapsed": 9472.531833, "delta": 3.871221}}
{"target": 19.608172144208638, "params": {"x0": 1.0335431709061003, "x1": 0.9, "x2": 3.59695803825362, "x3": 4.1824979263154685, "x4": 1.09230711046464, "x5": 10.4574764590002, "x6": 7.01734999732812, "x7": -2.3359675853871043, "x8": 1.4765875290620782, "x9": 1.4759971108656518}, "datetime": {"datetime": "2025-05-16 00:19:13", "elapsed": 9477.58588, "delta": 5.054047}}
{"target": 19.608172144208638, "params": {"x0": 1.0335431709061003, "x1": 0.9, "x2": 3.59695803825362, "x3": 4.1824979263154685, "x4": 1.09230711046464, "x5": 10.4574764590002, "x6": 7.01734999732812, "x7": -2.3359675853871043, "x8": 1.4765875290620782, "x9": 1.4759971108656518}, "datetime": {"datetime": "2025-05-16 00:19:18", "elapsed": 9483.30131, "delta": 5.71543}}
{"target": 19.608172144208638, "params": {"x0": 1.0335431709061003, "x1": 0.9, "x2": 3.59695803825362, "x3": 4.1824979263154685, "x4": 1.09230711046464, "x5": 10.4574764590002, "x6": 7.01734999732812, "x7": -2.3359675853871043, "x8": 1.4765875290620782, "x9": 1.4759971108656518}, "datetime": {"datetime": "2025-05-16 00:19:23", "elapsed": 9487.673394, "delta": 4.372084}}
{"target": 19.608172144208638, "params": {"x0": 1.0335431709061003, "x1": 0.9, "x2": 3.59695803825362, "x3": 4.1824979263154685, "x4": 1.09230711046464, "x5": 10.4574764590002, "x6": 7.01734999732812, "x7": -2.3359675853871043, "x8": 1.4765875290620782, "x9": 1.4759971108656518}, "datetime": {"datetime": "2025-05-16 00:19:28", "elapsed": 9492.447004, "delta": 4.77361}}
{"target": 19.608172144208638, "params": {"x0": 1.0335431709061003, "x1": 0.9, "x2": 3.59695803825362, "x3": 4.1824979263154685, "x4": 1.09230711046464, "x5": 10.4574764590002, "x6": 7.01734999732812, "x7": -2.3359675853871043, "x8": 1.4765875290620782, "x9": 1.4759971108656518}, "datetime": {"datetime": "2025-05-16 00:19:31", "elapsed": 9495.813676, "delta": 3.366672}}
{"target": 19.608172144208638, "params": {"x0": 1.0335431709061003, "x1": 0.9, "x2": 3.59695803825362, "x3": 4.1824979263154685, "x4": 1.09230711046464, "x5": 10.4574764590002, "x6": 7.01734999732812, "x7": -2.3359675853871043, "x8": 1.4765875290620782, "x9": 1.4759971108656518}, "datetime": {"datetime": "2025-05-16 00:19:35", "elapsed": 9500.062167, "delta": 4.248491}}
{"target": 19.608172144208638, "params": {"x0": 1.0335431709061003, "x1": 0.9, "x2": 3.59695803825362, "x3": 4.1824979263154685, "x4": 1.09230711046464, "x5": 10.4574764590002, "x6": 7.01734999732812, "x7": -2.3359675853871043, "x8": 1.4765875290620782, "x9": 1.4759971108656518}, "datetime": {"datetime": "2025-05-16 00:19:40", "elapsed": 9504.602614, "delta": 4.540447}}
{"target": 19.608172144208638, "params": {"x0": 1.0335431709061003, "x1": 0.9, "x2": 3.59695803825362, "x3": 4.1824979263154685, "x4": 1.09230711046464, "x5": 10.4574764590002, "x6": 7.01734999732812, "x7": -2.3359675853871043, "x8": 1.4765875290620782, "x9": 1.4759971108656518}, "datetime": {"datetime": "2025-05-16 00:19:44", "elapsed": 9508.719035, "delta": 4.116421}}
{"target": 19.608172144208638, "params": {"x0": 1.0335431709061003, "x1": 0.9, "x2": 3.59695803825362, "x3": 4.1824979263154685, "x4": 1.09230711046464, "x5": 10.4574764590002, "x6": 7.01734999732812, "x7": -2.3359675853871043, "x8": 1.4765875290620782, "x9": 1.4759971108656518}, "datetime": {"datetime": "2025-05-16 00:19:48", "elapsed": 9512.609474, "delta": 3.890439}}
{"target": 19.608172144208638, "params": {"x0": 1.0335431709061003, "x1": 0.9, "x2": 3.59695803825362, "x3": 4.1824979263154685, "x4": 1.09230711046464, "x5": 10.4574764590002, "x6": 7.01734999732812, "x7": -2.3359675853871043, "x8": 1.4765875290620782, "x9": 1.4759971108656518}, "datetime": {"datetime": "2025-05-16 00:19:52", "elapsed": 9516.431232, "delta": 3.821758}}
{"target": 19.608172144208638, "params": {"x0": 1.0335431709061003, "x1": 0.9, "x2": 3.59695803825362, "x3": 4.1824979263154685, "x4": 1.09230711046464, "x5": 10.4574764590002, "x6": 7.01734999732812, "x7": -2.3359675853871043, "x8": 1.4765875290620782, "x9": 1.4759971108656518}, "datetime": {"datetime": "2025-05-16 00:19:56", "elapsed": 9520.936743, "delta": 4.505511}}
{"target": 19.608172144208638, "params": {"x0": 1.0335431709061003, "x1": 0.9, "x2": 3.59695803825362, "x3": 4.1824979263154685, "x4": 1.09230711046464, "x5": 10.4574764590002, "x6": 7.01734999732812, "x7": -2.3359675853871043, "x8": 1.4765875290620782, "x9": 1.4759971108656518}, "datetime": {"datetime": "2025-05-16 00:20:00", "elapsed": 9524.82154, "delta": 3.884797}}
{"target": 19.608172144208638, "params": {"x0": 1.0335431709061003, "x1": 0.9, "x2": 3.59695803825362, "x3": 4.1824979263154685, "x4": 1.09230711046464, "x5": 10.4574764590002, "x6": 7.01734999732812, "x7": -2.3359675853871043, "x8": 1.4765875290620782, "x9": 1.4759971108656518}, "datetime": {"datetime": "2025-05-16 00:20:05", "elapsed": 9529.375427, "delta": 4.553887}}
{"target": 19.608172144208638, "params": {"x0": 1.0335431709061003, "x1": 0.9, "x2": 3.59695803825362, "x3": 4.1824979263154685, "x4": 1.09230711046464, "x5": 10.4574764590002, "x6": 7.01734999732812, "x7": -2.3359675853871043, "x8": 1.4765875290620782, "x9": 1.4759971108656518}, "datetime": {"datetime": "2025-05-16 00:20:09", "elapsed": 9533.595015, "delta": 4.219588}}
{"target": 19.608172144208638, "params": {"x0": 1.0335431709061003, "x1": 0.9, "x2": 3.59695803825362, "x3": 4.1824979263154685, "x4": 1.09230711046464, "x5": 10.4574764590002, "x6": 7.01734999732812, "x7": -2.3359675853871043, "x8": 1.4765875290620782, "x9": 1.4759971108656518}, "datetime": {"datetime": "2025-05-16 00:20:13", "elapsed": 9537.894706, "delta": 4.299691}}
{"target": 19.608172144208638, "params": {"x0": 1.0335431709061003, "x1": 0.9, "x2": 3.59695803825362, "x3": 4.1824979263154685, "x4": 1.09230711046464, "x5": 10.4574764590002, "x6": 7.01734999732812, "x7": -2.3359675853871043, "x8": 1.4765875290620782, "x9": 1.4759971108656518}, "datetime": {"datetime": "2025-05-16 00:20:17", "elapsed": 9542.236632, "delta": 4.341926}}
{"target": 19.608172144208638, "params": {"x0": 1.0335431709061003, "x1": 0.9, "x2": 3.59695803825362, "x3": 4.1824979263154685, "x4": 1.09230711046464, "x5": 10.4574764590002, "x6": 7.01734999732812, "x7": -2.3359675853871043, "x8": 1.4765875290620782, "x9": 1.4759971108656518}, "datetime": {"datetime": "2025-05-16 00:20:21", "elapsed": 9546.158486, "delta": 3.921854}}
{"target": 19.608172144208638, "params": {"x0": 1.0335431709061003, "x1": 0.9, "x2": 3.59695803825362, "x3": 4.1824979263154685, "x4": 1.09230711046464, "x5": 10.4574764590002, "x6": 7.01734999732812, "x7": -2.3359675853871043, "x8": 1.4765875290620782, "x9": 1.4759971108656518}, "datetime": {"datetime": "2025-05-16 00:20:26", "elapsed": 9550.544138, "delta": 4.385652}}
{"target": 19.608172144208638, "params": {"x0": 1.0335431709061003, "x1": 0.9, "x2": 3.59695803825362, "x3": 4.1824979263154685, "x4": 1.09230711046464, "x5": 10.4574764590002, "x6": 7.01734999732812, "x7": -2.3359675853871043, "x8": 1.4765875290620782, "x9": 1.4759971108656518}, "datetime": {"datetime": "2025-05-16 00:20:29", "elapsed": 9554.276657, "delta": 3.732519}}
{"target": 19.608172144208638, "params": {"x0": 1.0335431709061003, "x1": 0.9, "x2": 3.59695803825362, "x3": 4.1824979263154685, "x4": 1.09230711046464, "x5": 10.4574764590002, "x6": 7.01734999732812, "x7": -2.3359675853871043, "x8": 1.4765875290620782, "x9": 1.4759971108656518}, "datetime": {"datetime": "2025-05-16 00:20:34", "elapsed": 9558.628306, "delta": 4.351649}}
{"target": 19.608172144208638, "params": {"x0": 1.0335431709061003, "x1": 0.9, "x2": 3.59695803825362, "x3": 4.1824979263154685, "x4": 1.09230711046464, "x5": 10.4574764590002, "x6": 7.01734999732812, "x7": -2.3359675853871043, "x8": 1.4765875290620782, "x9": 1.4759971108656518}, "datetime": {"datetime": "2025-05-16 00:20:37", "elapsed": 9562.152088, "delta": 3.523782}}
{"target": 19.608172144208638, "params": {"x0": 1.0335431709061003, "x1": 0.9, "x2": 3.59695803825362, "x3": 4.1824979263154685, "x4": 1.09230711046464, "x5": 10.4574764590002, "x6": 7.01734999732812, "x7": -2.3359675853871043, "x8": 1.4765875290620782, "x9": 1.4759971108656518}, "datetime": {"datetime": "2025-05-16 00:20:41", "elapsed": 9565.673534, "delta": 3.521446}}
{"target": 19.608172144208638, "params": {"x0": 1.0335431709061003, "x1": 0.9, "x2": 3.59695803825362, "x3": 4.1824979263154685, "x4": 1.09230711046464, "x5": 10.4574764590002, "x6": 7.01734999732812, "x7": -2.3359675853871043, "x8": 1.4765875290620782, "x9": 1.4759971108656518}, "datetime": {"datetime": "2025-05-16 00:20:45", "elapsed": 9569.443233, "delta": 3.769699}}
{"target": 19.608172144208638, "params": {"x0": 1.0335431709061003, "x1": 0.9, "x2": 3.59695803825362, "x3": 4.1824979263154685, "x4": 1.09230711046464, "x5": 10.4574764590002, "x6": 7.01734999732812, "x7": -2.3359675853871043, "x8": 1.4765875290620782, "x9": 1.4759971108656518}, "datetime": {"datetime": "2025-05-16 00:20:48", "elapsed": 9573.14003, "delta": 3.696797}}
{"target": 19.608172144208638, "params": {"x0": 1.0335431709061003, "x1": 0.9, "x2": 3.59695803825362, "x3": 4.1824979263154685, "x4": 1.09230711046464, "x5": 10.4574764590002, "x6": 7.01734999732812, "x7": -2.3359675853871043, "x8": 1.4765875290620782, "x9": 1.4759971108656518}, "datetime": {"datetime": "2025-05-16 00:20:53", "elapsed": 9577.465395, "delta": 4.325365}}
{"target": 19.608172144208638, "params": {"x0": 1.0335431709061003, "x1": 0.9, "x2": 3.59695803825362, "x3": 4.1824979263154685, "x4": 1.09230711046464, "x5": 10.4574764590002, "x6": 7.01734999732812, "x7": -2.3359675853871043, "x8": 1.4765875290620782, "x9": 1.4759971108656518}, "datetime": {"datetime": "2025-05-16 00:20:57", "elapsed": 9581.994355, "delta": 4.52896}}
{"target": 19.608172144208638, "params": {"x0": 1.0335431709061003, "x1": 0.9, "x2": 3.59695803825362, "x3": 4.1824979263154685, "x4": 1.09230711046464, "x5": 10.4574764590002, "x6": 7.01734999732812, "x7": -2.3359675853871043, "x8": 1.4765875290620782, "x9": 1.4759971108656518}, "datetime": {"datetime": "2025-05-16 00:21:01", "elapsed": 9585.77674, "delta": 3.782385}}
{"target": 19.608172144208638, "params": {"x0": 1.0335431709061003, "x1": 0.9, "x2": 3.59695803825362, "x3": 4.1824979263154685, "x4": 1.09230711046464, "x5": 10.4574764590002, "x6": 7.01734999732812, "x7": -2.3359675853871043, "x8": 1.4765875290620782, "x9": 1.4759971108656518}, "datetime": {"datetime": "2025-05-16 00:21:05", "elapsed": 9589.931363, "delta": 4.154623}}
