{"target": 19.50574325530893, "params": {"x0": 1.032643027621677, "x1": 0.9, "x2": 3.668010295023042, "x3": 4.162517448922381, "x4": 1.0551335620307911, "x5": 10.440484299273402, "x6": 7.216702137673144, "x7": -2.3390536344935406, "x8": 1.4884302988593408, "x9": 1.4894101625223595}, "datetime": {"datetime": "2025-05-15 21:58:16", "elapsed": 1021.212309, "delta": 8.370028}}
{"target": 19.503124433706095, "params": {"x0": 1.0326326670407528, "x1": 0.9, "x2": 3.6689171641392027, "x3": 4.16228747514319, "x4": 1.055481363404835, "x5": 10.436768308352343, "x6": 7.218996665686825, "x7": -2.33686922422174, "x8": 1.488566608241384, "x9": 1.4892846679706455}, "datetime": {"datetime": "2025-05-15 21:58:25", "elapsed": 1029.714238, "delta": 8.501929}}
{"target": 19.500074971183007, "params": {"x0": 1.0326233425179212, "x1": 0.9, "x2": 3.669733346343747, "x3": 4.162080498741917, "x4": 1.0557943846414746, "x5": 10.440112700181297, "x6": 7.258233094720779, "x7": -2.3369726962872464, "x8": 1.4886892866852226, "x9": 1.4891717228741028}, "datetime": {"datetime": "2025-05-15 21:58:33", "elapsed": 1038.008616, "delta": 8.294378}}
{"target": 19.519626357539636, "params": {"x0": 1.0326149504473725, "x1": 0.9, "x2": 3.670467910327837, "x3": 4.161894219980771, "x4": 1.0611470477880107, "x5": 10.439954281620977, "x6": 7.22292030859022, "x7": -2.337065821146202, "x8": 1.4887996972846775, "x9": 1.4872403617232242}, "datetime": {"datetime": "2025-05-15 21:58:41", "elapsed": 1046.263712, "delta": 8.255096}}
{"target": 19.528718206230945, "params": {"x0": 1.0326791497870687, "x1": 0.9, "x2": 3.664848495849549, "x3": 4.163319252503534, "x4": 1.063302199002274, "x5": 10.441166183607416, "x6": 7.208702265753443, "x7": -2.336353415975191, "x8": 1.4879550561988475, "x9": 1.4864627347335282}, "datetime": {"datetime": "2025-05-15 21:58:50", "elapsed": 1054.658931, "delta": 8.395219}}
{"target": 19.533742788067848, "params": {"x0": 1.0327433491267648, "x1": 0.9, "x2": 3.659229081371261, "x3": 4.1647442850262975, "x4": 1.0654573502165372, "x5": 10.442378085593855, "x6": 7.194484222916666, "x7": -2.33564101080418, "x8": 1.4871104151130174, "x9": 1.4856851077438322}, "datetime": {"datetime": "2025-05-15 21:58:58", "elapsed": 1062.998096, "delta": 8.339165}}
{"target": 19.534957548116463, "params": {"x0": 1.032807548466461, "x1": 0.9, "x2": 3.653609666892973, "x3": 4.166169317549061, "x4": 1.0676125014308004, "x5": 10.443589987580294, "x6": 7.180266180079888, "x7": -2.334928605633169, "x8": 1.4862657740271874, "x9": 1.4849074807541363}, "datetime": {"datetime": "2025-05-15 21:59:07", "elapsed": 1071.517442, "delta": 8.519346}}
{"target": 19.54096290031433, "params": {"x0": 1.032871747806157, "x1": 0.9, "x2": 3.647990252414685, "x3": 4.167594350071824, "x4": 1.0697676526450637, "x5": 10.444801889566733, "x6": 7.166048137243111, "x7": -2.334216200462158, "x8": 1.4854211329413574, "x9": 1.4841298537644403}, "datetime": {"datetime": "2025-05-15 21:59:15", "elapsed": 1079.913707, "delta": 8.396265}}
{"target": 19.542581968873453, "params": {"x0": 1.0329359471458532, "x1": 0.9, "x2": 3.6423708379363973, "x3": 4.169019382594588, "x4": 1.071922803859327, "x5": 10.446013791553172, "x6": 7.151830094406334, "x7": -2.333503795291147, "x8": 1.4845764918555273, "x9": 1.4833522267747443}, "datetime": {"datetime": "2025-05-15 21:59:24", "elapsed": 1088.369749, "delta": 8.456042}}
{"target": 19.562883694799236, "params": {"x0": 1.0330001464855494, "x1": 0.9, "x2": 3.6367514234581093, "x3": 4.170444415117351, "x4": 1.0740779550735902, "x5": 10.447225693539611, "x6": 7.1376120515695565, "x7": -2.332791390120136, "x8": 1.4837318507696973, "x9": 1.4825745997850484}, "datetime": {"datetime": "2025-05-15 21:59:32", "elapsed": 1096.710095, "delta": 8.340346}}
{"target": 19.564145430433143, "params": {"x0": 1.0330643458252455, "x1": 0.9, "x2": 3.6311320089798214, "x3": 4.171869447640114, "x4": 1.0762331062878534, "x5": 10.44843759552605, "x6": 7.123394008732779, "x7": -2.332078984949125, "x8": 1.4828872096838672, "x9": 1.4817969727953524}, "datetime": {"datetime": "2025-05-15 21:59:40", "elapsed": 1105.232952, "delta": 8.522857}}
{"target": 19.570096602291734, "params": {"x0": 1.0331285451649417, "x1": 0.9, "x2": 3.6255125945015334, "x3": 4.173294480162878, "x4": 1.0783882575021166, "x5": 10.449649497512489, "x6": 7.109175965896002, "x7": -2.331366579778114, "x8": 1.4820425685980372, "x9": 1.4810193458056564}, "datetime": {"datetime": "2025-05-15 21:59:49", "elapsed": 1113.619494, "delta": 8.386542}}
{"target": 19.556736673946443, "params": {"x0": 1.0331927445046378, "x1": 0.9, "x2": 3.6198931800232454, "x3": 4.174719512685641, "x4": 1.0805434087163799, "x5": 10.450861399498928, "x6": 7.094957923059225, "x7": -2.330654174607103, "x8": 1.4811979275122071, "x9": 1.4817969727953524}, "datetime": {"datetime": "2025-05-15 21:59:57", "elapsed": 1122.025056, "delta": 8.405562}}
{"target": 19.574567136524227, "params": {"x0": 1.0331863245706683, "x1": 0.9, "x2": 3.6204551214710743, "x3": 4.1745770094333645, "x4": 1.0803278935949536, "x5": 10.450740209300283, "x6": 7.096379727342902, "x7": -2.332007744432024, "x8": 1.4812823916207902, "x9": 1.48031948151493}, "datetime": {"datetime": "2025-05-15 22:00:05", "elapsed": 1130.330834, "delta": 8.305778}}
{"target": 19.579171958659266, "params": {"x0": 1.0332354370655359, "x1": 0.9, "x2": 3.616156269395184, "x3": 4.175667159313279, "x4": 1.081976584273865, "x5": 10.45166731431991, "x6": 7.085502924572768, "x7": -2.3325527343878476, "x8": 1.4806362411901302, "x9": 1.4797245968678128}, "datetime": {"datetime": "2025-05-15 22:00:14", "elapsed": 1138.540895, "delta": 8.210061}}
{"target": 19.57972247702175, "params": {"x0": 1.0332845495604035, "x1": 0.9, "x2": 3.611857417319294, "x3": 4.176757309193193, "x4": 1.0836252749527762, "x5": 10.452594419339535, "x6": 7.074626121802633, "x7": -2.3330977243436712, "x8": 1.47999009075947, "x9": 1.4791297122206954}, "datetime": {"datetime": "2025-05-15 22:00:22", "elapsed": 1146.781172, "delta": 8.240277}}
{"target": 19.584172457435805, "params": {"x0": 1.033333662055271, "x1": 0.9, "x2": 3.6075585652434037, "x3": 4.177847459073107, "x4": 1.0852739656316874, "x5": 10.45352152435916, "x6": 7.063749319032499, "x7": -2.333642714299495, "x8": 1.47934394032881, "x9": 1.4785348275735781}, "datetime": {"datetime": "2025-05-15 22:00:30", "elapsed": 1154.968284, "delta": 8.187112}}
{"target": 19.585120264414822, "params": {"x0": 1.0333827745501387, "x1": 0.9, "x2": 3.6032597131675135, "x3": 4.178937608953022, "x4": 1.0869226563105987, "x5": 10.454448629378787, "x6": 7.052872516262364, "x7": -2.3341877042553185, "x8": 1.47869778989815, "x9": 1.4779399429264608}, "datetime": {"datetime": "2025-05-15 22:00:38", "elapsed": 1163.324541, "delta": 8.356257}}
{"target": 19.604264782385375, "params": {"x0": 1.0334318870450063, "x1": 0.9, "x2": 3.5989608610916233, "x3": 4.180027758832936, "x4": 1.08857134698951, "x5": 10.455375734398412, "x6": 7.04199571349223, "x7": -2.334732694211142, "x8": 1.4780516394674899, "x9": 1.4773450582793435}, "datetime": {"datetime": "2025-05-15 22:00:47", "elapsed": 1171.642058, "delta": 8.317517}}
{"target": 19.60597865840815, "params": {"x0": 1.033480999539874, "x1": 0.9, "x2": 3.594662009015733, "x3": 4.18111790871285, "x4": 1.0902200376684212, "x5": 10.456302839418038, "x6": 7.031118910722095, "x7": -2.335277684166966, "x8": 1.4774054890368298, "x9": 1.4767501736322262}, "datetime": {"datetime": "2025-05-15 22:00:55", "elapsed": 1179.929802, "delta": 8.287744}}
{"target": 19.586118007494875, "params": {"x0": 1.0335301120347415, "x1": 0.9, "x2": 3.590363156939843, "x3": 4.182208058592765, "x4": 1.0918687283473325, "x5": 10.457229944437664, "x6": 7.020242107951961, "x7": -2.3358226741227894, "x8": 1.4767593386061697, "x9": 1.4773450582793435}, "datetime": {"datetime": "2025-05-15 22:01:04", "elapsed": 1188.454343, "delta": 8.524541}}
{"target": 19.60709224920008, "params": {"x0": 1.0335252007852547, "x1": 0.9, "x2": 3.5985309758840343, "x3": 4.182099043604773, "x4": 1.0917038592794415, "x5": 10.4571372339357, "x6": 7.021329788228974, "x7": -2.3357681751272072, "x8": 1.4768239536492358, "x9": 1.4762147774498207}, "datetime": {"datetime": "2025-05-15 22:01:12", "elapsed": 1196.737281, "delta": 8.282938}}
{"target": 19.604792009300304, "params": {"x0": 1.0335627718438285, "x1": 0.9, "x2": 3.6018195977220904, "x3": 4.182933008262908, "x4": 1.0929651076488085, "x5": 10.457846469275713, "x6": 7.013009034109821, "x7": -2.335351257811002, "x8": 1.4763296485697808, "x9": 1.4757596906947759}, "datetime": {"datetime": "2025-05-15 22:01:20", "elapsed": 1204.861759, "delta": 8.124478}}
{"target": 19.604792009300304, "params": {"x0": 1.033559014737971, "x1": 0.9, "x2": 3.6014907355382846, "x3": 4.182849611797094, "x4": 1.0928389828118719, "x5": 10.457775545741713, "x6": 7.013841109521737, "x7": -2.3361434007117916, "x8": 1.4763790790777263, "x9": 1.4758051993702803}, "datetime": {"datetime": "2025-05-15 22:01:28", "elapsed": 1213.259488, "delta": 8.397729}}
{"target": 19.604792009300304, "params": {"x0": 1.0335556333426994, "x1": 0.9, "x2": 3.6011947595728597, "x3": 4.182774554977862, "x4": 1.092725470458629, "x5": 10.457711714561112, "x6": 7.01458997739246, "x7": -2.335430472101081, "x8": 1.4764235665348773, "x9": 1.4758461571782344}, "datetime": {"datetime": "2025-05-15 22:01:37", "elapsed": 1221.682056, "delta": 8.422568}}
{"target": 19.604792009300304, "params": {"x0": 1.0335525900869549, "x1": 0.9, "x2": 3.600928381203977, "x3": 4.182707003840553, "x4": 1.09262330934071, "x5": 10.45765426649857, "x6": 7.015263958476112, "x7": -2.336072107850721, "x8": 1.4764636052463131, "x9": 1.475883019205393}, "datetime": {"datetime": "2025-05-15 22:01:45", "elapsed": 1229.928835, "delta": 8.246779}}
{"target": 19.604792009300304, "params": {"x0": 1.0335498511567849, "x1": 0.9, "x2": 3.600688640671983, "x3": 4.182646207816975, "x4": 1.0925313643345833, "x5": 10.457602563242283, "x6": 7.015870541451398, "x7": -2.336041714578369, "x8": 1.4764996400866055, "x9": 1.4759161950298358}, "datetime": {"datetime": "2025-05-15 22:01:54", "elapsed": 1238.341536, "delta": 8.412701}}
{"target": 19.604792009300304, "params": {"x0": 1.0335473861196318, "x1": 0.9, "x2": 3.600472874193188, "x3": 4.182591491395755, "x4": 1.092448613829069, "x5": 10.457556030311626, "x6": 7.016416466129155, "x7": -2.336014360633253, "x8": 1.4765320714428685, "x9": 1.4759460532718343}, "datetime": {"datetime": "2025-05-15 22:02:02", "elapsed": 1246.828266, "delta": 8.48673}}
{"target": 19.604792009300304, "params": {"x0": 1.0335451675861942, "x1": 0.9, "x2": 3.6002786843622725, "x3": 4.182542246616657, "x4": 1.0923741383741064, "x5": 10.457514150674033, "x6": 7.016907798339138, "x7": -2.3359897420826488, "x8": 1.4765612596635052, "x9": 1.475972925689633}, "datetime": {"datetime": "2025-05-15 22:02:10", "elapsed": 1255.080418, "delta": 8.252152}}
{"target": 19.608172144208638, "params": {"x0": 1.0335431709061003, "x1": 0.9, "x2": 3.5969580382536197, "x3": 4.1824979263154685, "x4": 1.0923071104646398, "x5": 10.4574764590002, "x6": 7.017349997328121, "x7": -2.3359675853871043, "x8": 1.4765875290620782, "x9": 1.4759971108656518}, "datetime": {"datetime": "2025-05-15 22:02:19", "elapsed": 1263.471374, "delta": 8.390956}}
{"target": 19.608172144208638, "params": {"x0": 1.033558445508819, "x1": 0.9, "x2": 3.5956210412677674, "x3": 4.182836976619559, "x4": 1.0928198739720585, "x5": 10.457764800305023, "x6": 7.013967175062396, "x7": -2.336137084108017, "x8": 1.4763865681629944, "x9": 1.4758120942691082}, "datetime": {"datetime": "2025-05-15 22:02:27", "elapsed": 1271.717843, "delta": 8.246469}}
{"target": 19.608172144208638, "params": {"x0": 1.033556918048547, "x1": 0.9, "x2": 3.5957547409663526, "x3": 4.18280307158915, "x4": 1.0927685976213166, "x5": 10.45773596617454, "x6": 7.014305457288968, "x7": -2.3361201342359257, "x8": 1.4764066642529028, "x9": 1.4758305959287625}, "datetime": {"datetime": "2025-05-15 22:02:35", "elapsed": 1280.086392, "delta": 8.368549}}
{"target": 19.608172144208638, "params": {"x0": 1.0335555433343024, "x1": 0.9, "x2": 3.5958750706950795, "x3": 4.182772557061782, "x4": 1.0927224489056488, "x5": 10.457710015457106, "x6": 7.014609911292884, "x7": -2.3361048793510433, "x8": 1.4764247507338202, "x9": 1.4758472474224513}, "datetime": {"datetime": "2025-05-15 22:02:44", "elapsed": 1288.66862, "delta": 8.582228}}
{"target": 19.608172144208638, "params": {"x0": 1.0335543060914822, "x1": 0.9, "x2": 3.595983367450933, "x3": 4.182745093987151, "x4": 1.092680915061548, "x5": 10.457686659811417, "x6": 7.014883919896407, "x7": -2.3360911499546497, "x8": 1.476441028566646, "x9": 1.4758622337667715}, "datetime": {"datetime": "2025-05-15 22:02:52", "elapsed": 1297.103778, "delta": 8.435158}}
{"target": 19.608172144208638, "params": {"x0": 1.033553192572944, "x1": 0.9, "x2": 3.596080834531202, "x3": 4.182720377219982, "x4": 1.092643534601857, "x5": 10.457665639730294, "x6": 7.015130527639578, "x7": -2.336078793497895, "x8": 1.4764556786161893, "x9": 1.4758757214766596}, "datetime": {"datetime": "2025-05-15 22:03:01", "elapsed": 1305.416889, "delta": 8.313111}}
{"target": 19.608172144208638, "params": {"x0": 1.0335521904062597, "x1": 0.9, "x2": 3.5961685549034437, "x3": 4.182698132129532, "x4": 1.0926098921881353, "x5": 10.457646721657285, "x6": 7.015352474608433, "x7": -2.336067672686816, "x8": 1.4764688636607781, "x9": 1.4758878604155587}, "datetime": {"datetime": "2025-05-15 22:03:09", "elapsed": 1314.000205, "delta": 8.583316}}
{"target": 19.608172144208638, "params": {"x0": 1.0335512884562437, "x1": 0.9, "x2": 3.5962475032384615, "x3": 4.182678111548125, "x4": 1.0925796140157857, "x5": 10.457629695391576, "x6": 7.015552226880402, "x7": -2.336057663956845, "x8": 1.4764807302009082, "x9": 1.475898785460568}, "datetime": {"datetime": "2025-05-15 22:03:18", "elapsed": 1322.61059, "delta": 8.610385}}
{"target": 19.608172144208638, "params": {"x0": 1.0335504767012293, "x1": 0.9, "x2": 3.5963185567399774, "x3": 4.182660093024859, "x4": 1.0925523636606713, "x5": 10.457614371752438, "x6": 7.015732003925174, "x7": -2.336048656099871, "x8": 1.4764914100870252, "x9": 1.4759086180010763}, "datetime": {"datetime": "2025-05-15 22:03:26", "elapsed": 1330.908066, "delta": 8.297476}}
{"target": 19.608172144208638, "params": {"x0": 1.0335497461217165, "x1": 0.9, "x2": 3.5963825048913414, "x3": 4.18264387635392, "x4": 1.0925278383410681, "x5": 10.457600580477214, "x6": 7.0158938032654685, "x7": -2.3360405490285943, "x8": 1.4765010219845305, "x9": 1.475917467287534}, "datetime": {"datetime": "2025-05-15 22:03:35", "elapsed": 1339.408282, "delta": 8.500216}}
{"target": 19.608172144208638, "params": {"x0": 1.0335490886001548, "x1": 0.9, "x2": 3.5964400582275693, "x3": 4.182629281350075, "x4": 1.0925057655534252, "x5": 10.457588168329513, "x6": 7.016039422671733, "x7": -2.336033252664445, "x8": 1.4765096726922853, "x9": 1.4759254316453456}, "datetime": {"datetime": "2025-05-15 22:03:43", "elapsed": 1347.836717, "delta": 8.428435}}
{"target": 19.608172144208638, "params": {"x0": 1.0335484968307493, "x1": 0.9, "x2": 3.596491856230174, "x3": 4.182616145846614, "x4": 1.0924859000445468, "x5": 10.457576997396583, "x6": 7.016170480137372, "x7": -2.336026685936711, "x8": 1.4765174583292646, "x9": 1.4759325995673764}, "datetime": {"datetime": "2025-05-15 22:03:51", "elapsed": 1356.282682, "delta": 8.445965}}
{"target": 19.608172144208638, "params": {"x0": 1.0335479642382845, "x1": 0.9, "x2": 3.596538474432519, "x3": 4.1826043238935, "x4": 1.092468021086556, "x5": 10.457566943556944, "x6": 7.016288431856447, "x7": -2.3360207758817504, "x8": 1.476524465402546, "x9": 1.4759390506972039}, "datetime": {"datetime": "2025-05-15 22:04:00", "elapsed": 1364.697443, "delta": 8.414761}}
{"target": 19.608172144208638, "params": {"x0": 1.033547484905066, "x1": 0.9, "x2": 3.5965804308146287, "x3": 4.182593684135696, "x4": 1.0924519300243645, "x5": 10.457557895101269, "x6": 7.016394588403615, "x7": -2.3360154568322855, "x8": 1.4765307717684992, "x9": 1.4759448567140487}, "datetime": {"datetime": "2025-05-15 22:04:08", "elapsed": 1373.160235, "delta": 8.462792}}
{"target": 19.608172144208638, "params": {"x0": 1.0335470535051694, "x1": 0.9, "x2": 3.596618191558528, "x3": 4.182584108353674, "x4": 1.092437448068392, "x5": 10.457549751491163, "x6": 7.0164901292960655, "x7": -2.3360106696877674, "x8": 1.476536447497857, "x9": 1.475950082129209}, "datetime": {"datetime": "2025-05-15 22:04:17", "elapsed": 1381.689911, "delta": 8.529676}}
{"target": 19.608172144208638, "params": {"x0": 1.0335466652452625, "x1": 0.9, "x2": 3.5966521762280372, "x3": 4.182575490149853, "x4": 1.0924244143080166, "x5": 10.457542422242065, "x6": 7.01657611609927, "x7": -2.3360063612577013, "x8": 1.4765415556542791, "x9": 1.4759547850028532}, "datetime": {"datetime": "2025-05-15 22:04:25", "elapsed": 1390.23937, "delta": 8.549459}}
{"target": 19.608172144208638, "params": {"x0": 1.0335463158113463, "x1": 0.9, "x2": 3.5966827624305955, "x3": 4.182567733766414, "x4": 1.092412683923679, "x5": 10.45753582591788, "x6": 7.016653504222155, "x7": -2.3360024836706414, "x8": 1.4765461529950592, "x9": 1.475959017589133}, "datetime": {"datetime": "2025-05-15 22:04:34", "elapsed": 1398.647926, "delta": 8.408556}}
{"target": 19.608172144208638, "params": {"x0": 1.0335460013208218, "x1": 0.9, "x2": 3.596710290012898, "x3": 4.1825607530213205, "x4": 1.092402126577775, "x5": 10.45752988922611, "x6": 7.0167231535327526, "x7": -2.3359989938422876, "x8": 1.476550290601761, "x9": 1.475962826916785}, "datetime": {"datetime": "2025-05-15 22:04:43", "elapsed": 1407.638971, "delta": 8.991045}}
{"target": 19.608172144208638, "params": {"x0": 1.0335457182793495, "x1": 0.9, "x2": 3.5967350648369703, "x3": 4.182554470350735, "x4": 1.0923926249664615, "x5": 10.457524546203521, "x6": 7.016785837912289, "x7": -2.3359958529967693, "x8": 1.4765540144477927, "x9": 1.4759662553116717}, "datetime": {"datetime": "2025-05-15 22:04:52", "elapsed": 1416.621946, "delta": 8.982975}}
{"target": 19.608172144208638, "params": {"x0": 1.0335454635420247, "x1": 0.9, "x2": 3.596757362178635, "x3": 4.182548815947208, "x4": 1.0923840735162793, "x5": 10.457519737483189, "x6": 7.016842253853873, "x7": -2.335993026235803, "x8": 1.4765573659092213, "x9": 1.4759693408670698}, "datetime": {"datetime": "2025-05-15 22:05:01", "elapsed": 1425.545669, "delta": 8.923723}}
{"target": 19.608172144208638, "params": {"x0": 1.0335452342784321, "x1": 0.9, "x2": 3.5967774297861337, "x3": 4.182543726984035, "x4": 1.0923763772111155, "x5": 10.457515409634889, "x6": 7.016893028201297, "x7": -2.335990482150933, "x8": 1.476560382224507, "x9": 1.4759721178669278}, "datetime": {"datetime": "2025-05-15 22:05:10", "elapsed": 1434.389253, "delta": 8.843584}}
{"target": 19.608172144208638, "params": {"x0": 1.033545027941199, "x1": 0.9, "x2": 3.596795490632882, "x3": 4.182539146917177, "x4": 1.0923694505364678, "x5": 10.45751151457142, "x6": 7.016938725113979, "x7": -2.33598819247455, "x8": 1.4765630969082641, "x9": 1.4759746171668002}, "datetime": {"datetime": "2025-05-15 22:05:18", "elapsed": 1443.248467, "delta": 8.859214}}
{"target": 19.608172144208638, "params": {"x0": 1.0335448422376892, "x1": 0.9, "x2": 3.5968117453949557, "x3": 4.182535024857007, "x4": 1.0923632165292851, "x5": 10.457508009014298, "x6": 7.0169798523353935, "x7": -2.3359861317658055, "x8": 1.4765655401236455, "x9": 1.4759768665366855}, "datetime": {"datetime": "2025-05-15 22:05:27", "elapsed": 1451.848537, "delta": 8.60007}}
{"target": 19.608172144208638, "params": {"x0": 1.0335446751045303, "x1": 0.9, "x2": 3.5968263746808224, "x3": 4.182531315002853, "x4": 1.0923576059228206, "x5": 10.457504854012889, "x6": 7.017016866834666, "x7": -2.3359842771279355, "x8": 1.4765677390174887, "x9": 1.4759788909695821}, "datetime": {"datetime": "2025-05-15 22:05:36", "elapsed": 1460.649196, "delta": 8.800659}}
{"target": 19.608172144208638, "params": {"x0": 1.0335445246846873, "x1": 0.9, "x2": 3.596839541038102, "x3": 4.182527976134114, "x4": 1.0923525563770025, "x5": 10.45750201451162, "x6": 7.017050179884012, "x7": -2.335982607953852, "x8": 1.4765697180219477, "x9": 1.475980712959189}, "datetime": {"datetime": "2025-05-15 22:05:45", "elapsed": 1469.344379, "delta": 8.695183}}
{"target": 19.608172144208638, "params": {"x0": 1.0335443893068286, "x1": 0.9, "x2": 3.5968513907596535, "x3": 4.18252497115225, "x4": 1.0923480117857662, "x5": 10.457499458960477, "x6": 7.017080161628423, "x7": -2.3359811056971775, "x8": 1.4765714991259609, "x9": 1.4759823527498352}, "datetime": {"datetime": "2025-05-15 22:05:53", "elapsed": 1478.078792, "delta": 8.734413}}
{"target": 19.608172144208638, "params": {"x0": 1.0335442674667557, "x1": 0.9, "x2": 3.5968620555090505, "x3": 4.182522266668572, "x4": 1.0923439216536535, "x5": 10.457497158964449, "x6": 7.017107145198392, "x7": -2.3359797536661704, "x8": 1.4765731021195725, "x9": 1.4759838285614169}, "datetime": {"datetime": "2025-05-15 22:06:02", "elapsed": 1486.88888, "delta": 8.810088}}
{"target": 19.608172144208638, "params": {"x0": 1.03354415781069, "x1": 0.9, "x2": 3.5968716537835075, "x3": 4.182519832633261, "x4": 1.0923402405347522, "x5": 10.457495088968024, "x6": 7.017131430411365, "x7": -2.3359785368382635, "x8": 1.476574544813823, "x9": 1.4759851567918405}, "datetime": {"datetime": "2025-05-15 22:06:11", "elapsed": 1495.656069, "delta": 8.767189}}
{"target": 19.608172144208638, "params": {"x0": 1.0335440591202312, "x1": 0.9, "x2": 3.5968802922305185, "x3": 4.182517642001482, "x4": 1.092336927527741, "x5": 10.457493225971241, "x6": 7.017153287103041, "x7": -2.3359774416931476, "x8": 1.4765758432386487, "x9": 1.4759863521992216}, "datetime": {"datetime": "2025-05-15 22:06:20", "elapsed": 1504.608761, "delta": 8.952692}}
