{"target": 15.925747172934077, "params": {"x0": 0.9467813743788046, "x1": 0.9, "x2": 5.123224106087505, "x3": 4.067290969404538, "x4": 0.6839998348377931, "x5": 10.590474065022985, "x6": 11.751887882125088, "x7": -1.2406095186078296, "x8": 1.4109542017706758, "x9": 1.2392580174210863}, "datetime": {"datetime": "2025-05-15 21:49:40", "elapsed": 504.74504, "delta": 12.142769}}
{"target": 15.79553615598273, "params": {"x0": 0.9, "x1": 0.9, "x2": 4.968838550930957, "x3": 4.09997081508628, "x4": 1.1702693281328338, "x5": 11.286122167694366, "x6": 12.348812635958717, "x7": -1.9634236693507112, "x8": 1.0578678558974337, "x9": 1.0}, "datetime": {"datetime": "2025-05-15 21:49:51", "elapsed": 515.76708, "delta": 11.02204}}
{"target": 14.310972863959984, "params": {"x0": 1.002201443256157, "x1": 1.5072497871272383, "x2": 4.936200050963098, "x3": 3.686108360568076, "x4": 1.454385919672175, "x5": 10.614698132893338, "x6": 12.654735770579535, "x7": -1.4821832766923129, "x8": 1.8142574052912768, "x9": 1.6260219578906816}, "datetime": {"datetime": "2025-05-15 21:50:01", "elapsed": 525.661583, "delta": 9.894503}}
{"target": 16.416832722834545, "params": {"x0": 0.9966437226993312, "x1": 0.9, "x2": 4.948784396410109, "x3": 3.8450074334033655, "x4": 0.6758176743043605, "x5": 11.455805375758056, "x6": 11.705099760131295, "x7": -2.2523961369161927, "x8": 1.778428426635779, "x9": 1.5930356619560342}, "datetime": {"datetime": "2025-05-15 21:50:10", "elapsed": 535.116065, "delta": 9.454482}}
{"target": 11.061590779743453, "params": {"x0": 0.9541271604396141, "x1": 0.9, "x2": 4.103460894488265, "x3": 3.045686916752139, "x4": 0.6056182463037804, "x5": 9.971993134174882, "x6": 11.98140647403812, "x7": -2.8902878322505803, "x8": 1.5043367399212206, "x9": 1.3406904980559808}, "datetime": {"datetime": "2025-05-15 21:50:19", "elapsed": 544.117248, "delta": 9.001183}}
{"target": 7.33617737788052, "params": {"x0": 0.9583788166655858, "x1": 0.9, "x2": 5.504231917748226, "x3": 4.658104112493581, "x4": 0.0, "x5": 10.853641488913064, "x6": 12.99083486226445, "x7": -2.633494123632675, "x8": 2.0, "x9": 1.8201463094660821}, "datetime": {"datetime": "2025-05-15 21:50:29", "elapsed": 553.979636, "delta": 9.862388}}
{"target": 13.16162384688172, "params": {"x0": 1.0310821381297022, "x1": 0.9, "x2": 4.455792375039122, "x3": 3.360182415310771, "x4": 2.092838623472434, "x5": 12.183161566379951, "x6": 11.879721751259735, "x7": -2.7826713914849437, "x8": 2.0, "x9": 1.388636079196991}, "datetime": {"datetime": "2025-05-15 21:50:39", "elapsed": 563.568462, "delta": 9.588826}}
{"target": 17.366634295129494, "params": {"x0": 1.027638296586665, "x1": 0.9, "x2": 4.580988380163496, "x3": 4.004187362218686, "x4": 0.6327503003374422, "x5": 11.86770621642851, "x6": 10.056986372426906, "x7": -2.5354512046840814, "x8": 1.578615587020866, "x9": 1.4090760374728952}, "datetime": {"datetime": "2025-05-15 21:50:48", "elapsed": 573.226713, "delta": 9.658251}}
{"target": 16.302929499931285, "params": {"x0": 1.0012929087824314, "x1": 0.9, "x2": 4.027310388882272, "x3": 4.249115412375824, "x4": 0.16053491169590034, "x5": 13.317637471708137, "x6": 10.173991497739324, "x7": -3.7934798275044193, "x8": 1.4087746733481898, "x9": 1.2527103566622273}, "datetime": {"datetime": "2025-05-15 21:50:58", "elapsed": 582.590935, "delta": 9.364222}}
{"target": 15.16454421116588, "params": {"x0": 1.0513491456104753, "x1": 0.9, "x2": 4.082678188010394, "x3": 3.4778777278642847, "x4": 0.0, "x5": 12.02230423415807, "x6": 8.796179630833047, "x7": -4.082074633395917, "x8": 1.7314724093262746, "x9": 1.5498051502024965}, "datetime": {"datetime": "2025-05-15 21:51:07", "elapsed": 591.919062, "delta": 9.328127}}
{"target": 14.868737844880314, "params": {"x0": 1.0489780607080943, "x1": 0.9, "x2": 4.861888011187964, "x3": 4.477866033137647, "x4": 1.7187555871947964, "x5": 13.042150533205007, "x6": 8.922260304992433, "x7": -3.9274122905247326, "x8": 1.4410444469459984, "x9": 1.5357322389295363}, "datetime": {"datetime": "2025-05-15 21:51:17", "elapsed": 601.345083, "delta": 9.426021}}
{"target": 14.525058891940068, "params": {"x0": 1.0468440842959514, "x1": 0.9, "x2": 4.177357124519483, "x3": 4.430498166045751, "x4": 0.0, "x5": 12.924706101527358, "x6": 9.035732911735881, "x7": -2.1862058891177165, "x8": 1.7024296130882468, "x9": 1.2950854561619183}, "datetime": {"datetime": "2025-05-15 21:51:26", "elapsed": 610.777797, "delta": 9.432714}}
{"target": 14.288332160060978, "params": {"x0": 1.0449235055250228, "x1": 0.9, "x2": 4.944256510243107, "x3": 4.387867085663045, "x4": 0.0, "x5": 11.894126902620382, "x6": 9.801213750912293, "x7": -3.662939684215009, "x8": 1.4671829635602232, "x9": 1.306484514293016}, "datetime": {"datetime": "2025-05-15 21:51:36", "elapsed": 620.613025, "delta": 9.835228}}
{"target": 16.027711595685734, "params": {"x0": 1.043194984631187, "x1": 0.9, "x2": 4.254047063091846, "x3": 3.6588756111187637, "x4": 1.4089480067243942, "x5": 12.723876123358577, "x6": 9.779033487809409, "x7": -3.0374863504325544, "x8": 1.4783262259062875, "x9": 1.5014084083347865}, "datetime": {"datetime": "2025-05-15 21:51:45", "elapsed": 630.0949, "delta": 9.481875}}
{"target": 16.860374211444544, "params": {"x0": 1.0416393158267347, "x1": 0.9, "x2": 4.286741194799011, "x3": 3.693406786228756, "x4": 0.0, "x5": 11.09715330019145, "x6": 9.312492599583148, "x7": -1.6221855362640298, "x8": 1.4883551620177453, "x9": 1.4921751712485976}, "datetime": {"datetime": "2025-05-15 21:51:54", "elapsed": 639.320047, "delta": 9.225147}}
{"target": 16.377295120031988, "params": {"x0": 1.0402392139027279, "x1": 0.9, "x2": 4.3161659133354595, "x3": 3.724484843827749, "x4": 0.0, "x5": 12.063918611309118, "x6": 10.727030767986287, "x7": -1.713512103106035, "x8": 1.4973812045180575, "x9": 1.4838652578710272}, "datetime": {"datetime": "2025-05-15 21:52:04", "elapsed": 648.681625, "delta": 9.361578}}
{"target": 17.331006518371236, "params": {"x0": 1.0389791221711215, "x1": 0.9, "x2": 4.342648160018263, "x3": 3.7524550956668423, "x4": 1.4615898436762342, "x5": 11.243558354276493, "x6": 9.453946416423461, "x7": -3.1550308254468886, "x8": 1.5055046427683383, "x9": 1.3417657391145763}, "datetime": {"datetime": "2025-05-15 21:52:13", "elapsed": 657.919741, "delta": 9.238116}}
{"target": 16.687002626028093, "params": {"x0": 1.037845039612676, "x1": 0.9, "x2": 4.795494578294205, "x3": 3.777628322322027, "x4": 1.3560927841125903, "x5": 11.305973140491695, "x6": 9.514250412023806, "x7": -1.8696805324058636, "x8": 1.512815737193591, "x9": 1.469655305995382}, "datetime": {"datetime": "2025-05-15 21:52:22", "elapsed": 667.303294, "delta": 9.383553}}
{"target": 17.257799474028026, "params": {"x0": 1.0368243653100748, "x1": 0.9, "x2": 4.387932801845857, "x3": 3.800284226311693, "x4": 0.7565123085544891, "x5": 11.362146448085376, "x6": 10.487755968333198, "x7": -1.9484595111929512, "x8": 1.6378354518654135, "x9": 1.354554695802657}, "datetime": {"datetime": "2025-05-15 21:52:32", "elapsed": 676.628412, "delta": 9.325118}}
{"target": 16.58261944444275, "params": {"x0": 1.0359057584377338, "x1": 0.9, "x2": 4.4072383596776215, "x3": 4.18770018453498, "x4": 1.2369743274314215, "x5": 11.713196695163436, "x6": 10.496602500353417, "x7": -3.0747254492294376, "x8": 1.5253177086607732, "x9": 1.4581452449761096}, "datetime": {"datetime": "2025-05-15 21:52:41", "elapsed": 685.951653, "delta": 9.323241}}
{"target": 17.432695303121996, "params": {"x0": 1.035079012252627, "x1": 1.0357874029175007, "x2": 4.424613361726209, "x3": 4.1693489023033505, "x4": 0.6842643729194049, "x5": 11.458202804070572, "x6": 9.661331857293046, "x7": -2.554563877441216, "x8": 1.5306474964967824, "x9": 1.4532383242257882}, "datetime": {"datetime": "2025-05-15 21:52:51", "elapsed": 695.442283, "delta": 9.49063}}
{"target": 18.379466543149032, "params": {"x0": 1.0287544039365593, "x1": 0.9203681104376251, "x2": 4.291694596054515, "x3": 4.028961593231386, "x4": 0.3931865719361987, "x5": 11.110124903566323, "x6": 9.325025519429266, "x7": -2.874104492120317, "x8": 1.4898746195513115, "x9": 1.4907762679657472}, "datetime": {"datetime": "2025-05-15 21:53:00", "elapsed": 704.521622, "delta": 9.079339}}
{"target": 18.489388018150883, "params": {"x0": 1.024327178115312, "x1": 0.9, "x2": 4.158775830382821, "x3": 3.93069047688101, "x4": 0.8064029950228881, "x5": 10.762047003062074, "x6": 8.988719181565486, "x7": -2.553258247847474, "x8": 1.4491017426058406, "x9": 1.5283142117057062}, "datetime": {"datetime": "2025-05-15 21:53:09", "elapsed": 713.540431, "delta": 9.018809}}
{"target": 17.877316330972874, "params": {"x0": 1.0287544039365593, "x1": 0.9, "x2": 4.291694596054515, "x3": 3.8324193605306345, "x4": 0.5030957523755215, "x5": 10.413969102557825, "x6": 8.652412843701706, "x7": -2.8455644138207132, "x8": 1.4083288656603696, "x9": 1.5658521554456653}, "datetime": {"datetime": "2025-05-15 21:53:18", "elapsed": 722.430433, "delta": 8.890002}}
{"target": 18.12552402093196, "params": {"x0": 1.0203426748761895, "x1": 0.9, "x2": 4.039148941278296, "x3": 3.842246472165672, "x4": 0.5546172214133199, "x5": 11.075317113515897, "x6": 8.686043477488084, "x7": -2.8163337972233897, "x8": 1.4124061533549168, "x9": 1.5620983610716694}, "datetime": {"datetime": "2025-05-15 21:53:26", "elapsed": 731.20493, "delta": 8.774497}}
{"target": 18.175609094986598, "params": {"x0": 1.0207411252001017, "x1": 0.9, "x2": 4.051111630188748, "x3": 3.8510908726372057, "x4": 0.5607241284785212, "x5": 10.480103903653633, "x6": 9.261127315235148, "x7": -2.790026242285798, "x8": 1.4160757122800092, "x9": 1.5587199461350731}, "datetime": {"datetime": "2025-05-15 21:53:35", "elapsed": 739.892524, "delta": 8.687594}}
{"target": 18.027747299732113, "params": {"x0": 1.0210997304916227, "x1": 0.9, "x2": 4.255673610557485, "x3": 3.8590508330615862, "x4": 0.6756465350684929, "x5": 11.015795792529671, "x6": 9.233886501868183, "x7": -2.662793602928099, "x8": 1.4193783153125923, "x9": 1.5556793726921363}, "datetime": {"datetime": "2025-05-15 21:53:44", "elapsed": 749.054354, "delta": 9.16183}}
{"target": 18.72245279950548, "params": {"x0": 1.0214224752539918, "x1": 0.9, "x2": 4.071567828225622, "x3": 3.9951661563184913, "x4": 0.6074031131219509, "x5": 10.533673092541237, "x6": 8.768068593293059, "x7": -2.3614761723524316, "x8": 1.475852827169764, "x9": 1.5036855668179192}, "datetime": {"datetime": "2025-05-15 21:53:53", "elapsed": 757.604677, "delta": 8.550323}}
{"target": 18.892128244582427, "params": {"x0": 1.0238914726861141, "x1": 0.9, "x2": 3.9974410263920035, "x3": 4.04997048384035, "x4": 0.7765530127377476, "x5": 10.339555268598525, "x6": 8.580515593261497, "x7": -2.5244909365232173, "x8": 1.498591249049099, "x9": 1.4827512186633}, "datetime": {"datetime": "2025-05-15 21:54:01", "elapsed": 766.152709, "delta": 8.548032}}
{"target": 18.866017285197696, "params": {"x0": 1.0256197708885997, "x1": 0.9, "x2": 3.9233142245583847, "x3": 4.104774811362209, "x4": 0.6581480830066899, "x5": 10.533673092541237, "x6": 8.768068593293059, "x7": -2.6386012714427673, "x8": 1.5213296709284339, "x9": 1.461816870508681}, "datetime": {"datetime": "2025-05-15 21:54:10", "elapsed": 774.631785, "delta": 8.479076}}
{"target": 18.95620107641354, "params": {"x0": 1.025446941068351, "x1": 0.9, "x2": 4.064155148042261, "x3": 4.099294378610023, "x4": 0.8831174494956995, "x5": 10.514261310146965, "x6": 8.41171789323309, "x7": -2.421791635095622, "x8": 1.5190558287405003, "x9": 1.463910305324143}, "datetime": {"datetime": "2025-05-15 21:54:18", "elapsed": 783.174278, "delta": 8.542493}}
{"target": 18.790547409979865, "params": {"x0": 1.0267690891932526, "x1": 0.9, "x2": 4.120862151444979, "x3": 4.141219689164245, "x4": 0.9736972207399586, "x5": 10.36576117483079, "x6": 8.555195938257235, "x7": -2.3344972288821664, "x8": 1.5364507214781915, "x9": 1.4478955289858593}, "datetime": {"datetime": "2025-05-15 21:54:27", "elapsed": 791.877198, "delta": 8.70292}}
{"target": 18.969652200725967, "params": {"x0": 1.0266368743807623, "x1": 0.9283707102489269, "x2": 4.0131188449798145, "x3": 4.061561599111223, "x4": 0.9646392436155327, "x5": 10.380611188362408, "x6": 8.28258765271136, "x7": -2.3432266695035118, "x8": 1.5347112322044223, "x9": 1.4494970066196877}, "datetime": {"datetime": "2025-05-15 21:54:36", "elapsed": 800.480323, "delta": 8.603125}}
{"target": 18.957856696979768, "params": {"x0": 1.0256254310652126, "x1": 0.904255606537339, "x2": 3.969737987376735, "x3": 4.029488736537243, "x4": 1.033932768617391, "x5": 10.494213791879282, "x6": 8.39234835715483, "x7": -2.4100068902568057, "x8": 1.548018325148756, "x9": 1.4372457027209007}, "datetime": {"datetime": "2025-05-15 21:54:44", "elapsed": 809.06218, "delta": 8.581857}}
{"target": 18.917128935246208, "params": {"x0": 1.0257265753967677, "x1": 0.9066671169084978, "x2": 4.052161616822586, "x3": 4.032696022794641, "x4": 0.9022750711138603, "x5": 10.278368845197223, "x6": 8.183803018712236, "x7": -2.403328868181476, "x8": 1.5466876158543228, "x9": 1.4384708331107794}, "datetime": {"datetime": "2025-05-15 21:54:53", "elapsed": 817.564756, "delta": 8.502576}}
{"target": 19.049069964341285, "params": {"x0": 1.0274561434663576, "x1": 0.9088374762425407, "x2": 3.97798035032132, "x3": 4.087540617796147, "x4": 1.0207669988670378, "x5": 10.28859307951374, "x6": 8.193681482112149, "x7": -2.39731864831368, "x8": 1.5239324869195119, "x9": 1.459420562777705}, "datetime": {"datetime": "2025-05-15 21:55:01", "elapsed": 826.221131, "delta": 8.656375}}
{"target": 19.109755543376796, "params": {"x0": 1.0281525221891135, "x1": 0.9, "x2": 3.9481126298616, "x3": 4.109622783678333, "x4": 0.9730584069032584, "x5": 10.366808472035107, "x6": 8.11811123710282, "x7": -2.3513404663250372, "x8": 1.5147705534273381, "x9": 1.4509855400433902}, "datetime": {"datetime": "2025-05-15 21:55:10", "elapsed": 834.772802, "delta": 8.551671}}
{"target": 19.150599506363246, "params": {"x0": 1.0288489009118693, "x1": 0.9154681852212276, "x2": 3.9182449094018796, "x3": 4.131704949560518, "x4": 1.0064544212779039, "x5": 10.421559246800063, "x6": 8.04254099209349, "x7": -2.3835251937170874, "x8": 1.5239324869195119, "x9": 1.4568900559574105}, "datetime": {"datetime": "2025-05-15 21:55:19", "elapsed": 843.387222, "delta": 8.61442}}
{"target": 19.18517599641184, "params": {"x0": 1.0295452796346252, "x1": 0.9040129987948453, "x2": 3.8883771889421594, "x3": 4.153787115442704, "x4": 0.983077211215652, "x5": 10.366808472035107, "x6": 7.9669707470841615, "x7": -2.3609958845426524, "x8": 1.5303458403640335, "x9": 1.4610232170972248}, "datetime": {"datetime": "2025-05-15 21:55:27", "elapsed": 852.028399, "delta": 8.641177}}
{"target": 19.25783260301815, "params": {"x0": 1.030241658357381, "x1": 0.9, "x2": 3.8585094684824393, "x3": 4.131704949560518, "x4": 0.9994412582592282, "x5": 10.405134014370578, "x6": 7.891400502074832, "x7": -2.345225368120548, "x8": 1.5239324869195119, "x9": 1.4651563782370391}, "datetime": {"datetime": "2025-05-15 21:55:36", "elapsed": 860.635484, "delta": 8.607085}}
{"target": 19.277934041878357, "params": {"x0": 1.0309380370801369, "x1": 0.907441955792081, "x2": 3.828641748022719, "x3": 4.116247433442989, "x4": 1.0108960911897318, "x5": 10.378306134735748, "x6": 7.815830257065503, "x7": -2.3609958845426524, "x8": 1.5194431395083468, "x9": 1.4610232170972248}, "datetime": {"datetime": "2025-05-15 21:55:44", "elapsed": 869.166793, "delta": 8.531309}}
{"target": 19.30022688461459, "params": {"x0": 1.0316344158028927, "x1": 0.9019059944976133, "x2": 3.8585094684824393, "x3": 4.131704949560518, "x4": 1.0223509241202353, "x5": 10.397085650480129, "x6": 7.740260012056174, "x7": -2.3499565230471795, "x8": 1.5149537920971816, "x9": 1.4639164298950949}, "datetime": {"datetime": "2025-05-15 21:55:53", "elapsed": 877.632127, "delta": 8.465334}}
{"target": 19.339919749201027, "params": {"x0": 1.0309380370801369, "x1": 0.9, "x2": 3.837602064160635, "x3": 4.1425252108427895, "x4": 1.0338057570507388, "x5": 10.410231311501194, "x6": 7.664689767046845, "x7": -2.3422289700003485, "x8": 1.5104644446860165, "x9": 1.465941678853604}, "datetime": {"datetime": "2025-05-15 21:56:01", "elapsed": 886.117144, "delta": 8.485017}}
{"target": 19.355871509013866, "params": {"x0": 1.0314255021860659, "x1": 0.9, "x2": 3.8229668811353723, "x3": 4.131704949560518, "x4": 1.0223509241202353, "x5": 10.42337697252226, "x6": 7.589119522037516, "x7": -2.3499565230471795, "x8": 1.5059750972748513, "x9": 1.467966927812113}, "datetime": {"datetime": "2025-05-15 21:56:10", "elapsed": 894.526648, "delta": 8.409504}}
{"target": 19.362927773298992, "params": {"x0": 1.0317667277602163, "x1": 0.9, "x2": 3.8083316981101096, "x3": 4.124130766662929, "x4": 1.0303693071715878, "x5": 10.410231311501194, "x6": 7.513549277028186, "x7": -2.3445472359143977, "x8": 1.5104644446860165, "x9": 1.469992176770622}, "datetime": {"datetime": "2025-05-15 21:56:18", "elapsed": 903.085092, "delta": 8.558444}}
{"target": 19.39285538331778, "params": {"x0": 1.0321079533343667, "x1": 0.9, "x2": 3.793696515084847, "x3": 4.131704949560518, "x4": 1.0359821753075344, "x5": 10.41943327421594, "x6": 7.437979032018857, "x7": -2.3407607349214503, "x8": 1.507321901498201, "x9": 1.4720174257291312}, "datetime": {"datetime": "2025-05-15 21:56:27", "elapsed": 911.602639, "delta": 8.517547}}
{"target": 19.39338750787133, "params": {"x0": 1.032449178908517, "x1": 0.9, "x2": 3.7790613320595843, "x3": 4.137006877588831, "x4": 1.041595043443481, "x5": 10.425874648116263, "x6": 7.513549277028186, "x7": -2.336974233928503, "x8": 1.50512212126673, "x9": 1.4740426746876403}, "datetime": {"datetime": "2025-05-15 21:56:35", "elapsed": 920.109278, "delta": 8.506639}}
{"target": 19.419655142558657, "params": {"x0": 1.0327904044826675, "x1": 0.9, "x2": 3.7644261490343216, "x3": 4.142308805617144, "x4": 1.0472079115794277, "x5": 10.432316022016586, "x6": 7.460650105521656, "x7": -2.3407607349214503, "x8": 1.5029223410352592, "x9": 1.4760679236461494}, "datetime": {"datetime": "2025-05-15 21:56:44", "elapsed": 928.560598, "delta": 8.45132}}
{"target": 19.43563036510664, "params": {"x0": 1.032449178908517, "x1": 0.9, "x2": 3.749790966009059, "x3": 4.1476107336454575, "x4": 1.0528207797153744, "x5": 10.438757395916909, "x6": 7.4236206854670845, "x7": -2.3434112856165132, "x8": 1.5007225608037884, "x9": 1.4780931726046584}, "datetime": {"datetime": "2025-05-15 21:56:52", "elapsed": 937.060947, "delta": 8.500349}}
{"target": 19.45771684515711, "params": {"x0": 1.0322103210066118, "x1": 0.9, "x2": 3.7351557829837962, "x3": 4.152912661673771, "x4": 1.058433647851321, "x5": 10.432316022016586, "x6": 7.386591265412513, "x7": -2.346061836311576, "x8": 1.4985227805723176, "x9": 1.4801184215631675}, "datetime": {"datetime": "2025-05-15 21:57:01", "elapsed": 945.552548, "delta": 8.491601}}
{"target": 19.466647475960972, "params": {"x0": 1.0319714631047066, "x1": 0.9, "x2": 3.7205205999585336, "x3": 4.158214589702084, "x4": 1.0640465159872676, "x5": 10.42780706028636, "x6": 7.349561845357942, "x7": -2.3434112856165132, "x8": 1.4963230003408468, "x9": 1.4821436705216766}, "datetime": {"datetime": "2025-05-15 21:57:09", "elapsed": 953.929817, "delta": 8.377269}}
{"target": 19.481706232156366, "params": {"x0": 1.0322103210066118, "x1": 0.9, "x2": 3.705885416933271, "x3": 4.152912661673771, "x4": 1.0696593841232143, "x5": 10.432316022016586, "x6": 7.312532425303371, "x7": -2.341555900129969, "x8": 1.494123220109376, "x9": 1.4841689194801857}, "datetime": {"datetime": "2025-05-15 21:57:18", "elapsed": 962.378044, "delta": 8.448227}}
{"target": 19.476809464666616, "params": {"x0": 1.0323775215379456, "x1": 0.9, "x2": 3.691250233908008, "x3": 4.149201312053951, "x4": 1.075272252259161, "x5": 10.435472295227743, "x6": 7.2755030052488, "x7": -2.3397005146434244, "x8": 1.491923439877905, "x9": 1.4861941684386948}, "datetime": {"datetime": "2025-05-15 21:57:26", "elapsed": 970.870117, "delta": 8.492073}}
{"target": 19.47929661088614, "params": {"x0": 1.0320598405284114, "x1": 0.9, "x2": 3.6927137522105347, "x3": 4.156252876331608, "x4": 1.0747109654455662, "x5": 10.429475376126543, "x6": 7.345858903352485, "x7": -2.3432257470678586, "x8": 1.4921434179010522, "x9": 1.485991643542844}, "datetime": {"datetime": "2025-05-15 21:57:34", "elapsed": 979.244154, "delta": 8.374037}}
{"target": 19.47986170510753, "params": {"x0": 1.0323457534369922, "x1": 0.9, "x2": 3.7177399151837336, "x3": 4.155918854865824, "x4": 1.0742058073133312, "x5": 10.429759440715548, "x6": 7.282538595059169, "x7": -2.3430587623740697, "x8": 1.4923413981218845, "x9": 1.485809371136578}, "datetime": {"datetime": "2025-05-15 21:57:43", "elapsed": 987.653611, "delta": 8.409457}}
{"target": 19.48977755975547, "params": {"x0": 1.032332210193954, "x1": 0.9, "x2": 3.6952163685078543, "x3": 4.155618235546619, "x4": 1.065567603252109, "x5": 10.43461694518752, "x6": 7.285537978083589, "x7": -2.340203324110278, "x8": 1.4925195803206337, "x9": 1.4856453259709388}, "datetime": {"datetime": "2025-05-15 21:57:51", "elapsed": 995.993938, "delta": 8.340327}}
{"target": 19.497173637019593, "params": {"x0": 1.032435816003195, "x1": 0.9, "x2": 3.6861476773462503, "x3": 4.15791797333854, "x4": 1.0620895895116698, "x5": 10.436572729882814, "x6": 7.262592697946774, "x7": -2.3390536344935406, "x8": 1.4911564865002027, "x9": 1.486900271488079}, "datetime": {"datetime": "2025-05-15 21:58:00", "elapsed": 1004.402961, "delta": 8.409023}}
{"target": 19.517641087228565, "params": {"x0": 1.032539421812436, "x1": 0.9, "x2": 3.6770789861846462, "x3": 4.160217711130461, "x4": 1.0586115757712304, "x5": 10.438528514578108, "x6": 7.239647417809959, "x7": -2.3379039448768033, "x8": 1.4897933926797717, "x9": 1.4881552170052192}, "datetime": {"datetime": "2025-05-15 21:58:08", "elapsed": 1012.842281, "delta": 8.43932}}
