{"target": 19.608172144208638, "params": {"x0": 1.0335431709061003, "x1": 0.9, "x2": 3.59695803825362, "x3": 4.1824979263154685, "x4": 1.09230711046464, "x5": 10.4574764590002, "x6": 7.01734999732812, "x7": -2.3359675853871043, "x8": 1.4765875290620782, "x9": 1.4759971108656518}, "datetime": {"datetime": "2025-05-16 00:08:08", "elapsed": 8812.562411, "delta": 4.365429}}
{"target": 19.608172144208638, "params": {"x0": 1.0335431709061003, "x1": 0.9, "x2": 3.59695803825362, "x3": 4.1824979263154685, "x4": 1.09230711046464, "x5": 10.4574764590002, "x6": 7.01734999732812, "x7": -2.3359675853871043, "x8": 1.4765875290620782, "x9": 1.4759971108656518}, "datetime": {"datetime": "2025-05-16 00:08:12", "elapsed": 8816.386855, "delta": 3.824444}}
{"target": 19.608172144208638, "params": {"x0": 1.0335431709061003, "x1": 0.9, "x2": 3.59695803825362, "x3": 4.1824979263154685, "x4": 1.09230711046464, "x5": 10.4574764590002, "x6": 7.01734999732812, "x7": -2.3359675853871043, "x8": 1.4765875290620782, "x9": 1.4759971108656518}, "datetime": {"datetime": "2025-05-16 00:08:16", "elapsed": 8820.872711, "delta": 4.485856}}
{"target": 19.608172144208638, "params": {"x0": 1.0335431709061003, "x1": 0.9, "x2": 3.59695803825362, "x3": 4.1824979263154685, "x4": 1.09230711046464, "x5": 10.4574764590002, "x6": 7.01734999732812, "x7": -2.3359675853871043, "x8": 1.4765875290620782, "x9": 1.4759971108656518}, "datetime": {"datetime": "2025-05-16 00:08:23", "elapsed": 8827.487917, "delta": 6.615206}}
{"target": 19.608172144208638, "params": {"x0": 1.0335431709061003, "x1": 0.9, "x2": 3.59695803825362, "x3": 4.1824979263154685, "x4": 1.09230711046464, "x5": 10.4574764590002, "x6": 7.01734999732812, "x7": -2.3359675853871043, "x8": 1.4765875290620782, "x9": 1.4759971108656518}, "datetime": {"datetime": "2025-05-16 00:08:26", "elapsed": 8830.876544, "delta": 3.388627}}
{"target": 19.608172144208638, "params": {"x0": 1.0335431709061003, "x1": 0.9, "x2": 3.59695803825362, "x3": 4.1824979263154685, "x4": 1.09230711046464, "x5": 10.4574764590002, "x6": 7.01734999732812, "x7": -2.3359675853871043, "x8": 1.4765875290620782, "x9": 1.4759971108656518}, "datetime": {"datetime": "2025-05-16 00:08:31", "elapsed": 8835.674659, "delta": 4.798115}}
{"target": 19.608172144208638, "params": {"x0": 1.0335431709061003, "x1": 0.9, "x2": 3.59695803825362, "x3": 4.1824979263154685, "x4": 1.09230711046464, "x5": 10.4574764590002, "x6": 7.01734999732812, "x7": -2.3359675853871043, "x8": 1.4765875290620782, "x9": 1.4759971108656518}, "datetime": {"datetime": "2025-05-16 00:08:36", "elapsed": 8840.724206, "delta": 5.049547}}
{"target": 19.608172144208638, "params": {"x0": 1.0335431709061003, "x1": 0.9, "x2": 3.59695803825362, "x3": 4.1824979263154685, "x4": 1.09230711046464, "x5": 10.4574764590002, "x6": 7.01734999732812, "x7": -2.3359675853871043, "x8": 1.4765875290620782, "x9": 1.4759971108656518}, "datetime": {"datetime": "2025-05-16 00:08:41", "elapsed": 8845.786786, "delta": 5.06258}}
{"target": 19.608172144208638, "params": {"x0": 1.0335431709061003, "x1": 0.9, "x2": 3.59695803825362, "x3": 4.1824979263154685, "x4": 1.09230711046464, "x5": 10.4574764590002, "x6": 7.01734999732812, "x7": -2.3359675853871043, "x8": 1.4765875290620782, "x9": 1.4759971108656518}, "datetime": {"datetime": "2025-05-16 00:08:46", "elapsed": 8850.369903, "delta": 4.583117}}
{"target": 19.608172144208638, "params": {"x0": 1.0335431709061003, "x1": 0.9, "x2": 3.59695803825362, "x3": 4.1824979263154685, "x4": 1.09230711046464, "x5": 10.4574764590002, "x6": 7.01734999732812, "x7": -2.3359675853871043, "x8": 1.4765875290620782, "x9": 1.4759971108656518}, "datetime": {"datetime": "2025-05-16 00:08:50", "elapsed": 8854.434351, "delta": 4.064448}}
{"target": 19.608172144208638, "params": {"x0": 1.0335431709061003, "x1": 0.9, "x2": 3.59695803825362, "x3": 4.1824979263154685, "x4": 1.09230711046464, "x5": 10.4574764590002, "x6": 7.01734999732812, "x7": -2.3359675853871043, "x8": 1.4765875290620782, "x9": 1.4759971108656518}, "datetime": {"datetime": "2025-05-16 00:08:54", "elapsed": 8858.605246, "delta": 4.170895}}
{"target": 19.608172144208638, "params": {"x0": 1.0335431709061003, "x1": 0.9, "x2": 3.59695803825362, "x3": 4.1824979263154685, "x4": 1.09230711046464, "x5": 10.4574764590002, "x6": 7.01734999732812, "x7": -2.3359675853871043, "x8": 1.4765875290620782, "x9": 1.4759971108656518}, "datetime": {"datetime": "2025-05-16 00:08:59", "elapsed": 8863.554081, "delta": 4.948835}}
{"target": 19.608172144208638, "params": {"x0": 1.0335431709061003, "x1": 0.9, "x2": 3.59695803825362, "x3": 4.1824979263154685, "x4": 1.09230711046464, "x5": 10.4574764590002, "x6": 7.01734999732812, "x7": -2.3359675853871043, "x8": 1.4765875290620782, "x9": 1.4759971108656518}, "datetime": {"datetime": "2025-05-16 00:09:04", "elapsed": 8868.863506, "delta": 5.309425}}
{"target": 19.608172144208638, "params": {"x0": 1.0335431709061003, "x1": 0.9, "x2": 3.59695803825362, "x3": 4.1824979263154685, "x4": 1.09230711046464, "x5": 10.4574764590002, "x6": 7.01734999732812, "x7": -2.3359675853871043, "x8": 1.4765875290620782, "x9": 1.4759971108656518}, "datetime": {"datetime": "2025-05-16 00:09:09", "elapsed": 8873.560541, "delta": 4.697035}}
{"target": 19.608172144208638, "params": {"x0": 1.0335431709061003, "x1": 0.9, "x2": 3.59695803825362, "x3": 4.1824979263154685, "x4": 1.09230711046464, "x5": 10.4574764590002, "x6": 7.01734999732812, "x7": -2.3359675853871043, "x8": 1.4765875290620782, "x9": 1.4759971108656518}, "datetime": {"datetime": "2025-05-16 00:09:13", "elapsed": 8877.420843, "delta": 3.860302}}
{"target": 19.608172144208638, "params": {"x0": 1.0335431709061003, "x1": 0.9, "x2": 3.59695803825362, "x3": 4.1824979263154685, "x4": 1.09230711046464, "x5": 10.4574764590002, "x6": 7.01734999732812, "x7": -2.3359675853871043, "x8": 1.4765875290620782, "x9": 1.4759971108656518}, "datetime": {"datetime": "2025-05-16 00:09:16", "elapsed": 8881.00717, "delta": 3.586327}}
{"target": 19.608172144208638, "params": {"x0": 1.0335431709061003, "x1": 0.9, "x2": 3.59695803825362, "x3": 4.1824979263154685, "x4": 1.09230711046464, "x5": 10.4574764590002, "x6": 7.01734999732812, "x7": -2.3359675853871043, "x8": 1.4765875290620782, "x9": 1.4759971108656518}, "datetime": {"datetime": "2025-05-16 00:09:21", "elapsed": 8885.646131, "delta": 4.638961}}
{"target": 19.608172144208638, "params": {"x0": 1.0335431709061003, "x1": 0.9, "x2": 3.59695803825362, "x3": 4.1824979263154685, "x4": 1.09230711046464, "x5": 10.4574764590002, "x6": 7.01734999732812, "x7": -2.3359675853871043, "x8": 1.4765875290620782, "x9": 1.4759971108656518}, "datetime": {"datetime": "2025-05-16 00:09:26", "elapsed": 8890.507868, "delta": 4.861737}}
{"target": 19.608172144208638, "params": {"x0": 1.0335431709061003, "x1": 0.9, "x2": 3.59695803825362, "x3": 4.1824979263154685, "x4": 1.09230711046464, "x5": 10.4574764590002, "x6": 7.01734999732812, "x7": -2.3359675853871043, "x8": 1.4765875290620782, "x9": 1.4759971108656518}, "datetime": {"datetime": "2025-05-16 00:09:29", "elapsed": 8894.089959, "delta": 3.582091}}
{"target": 19.608172144208638, "params": {"x0": 1.0335431709061003, "x1": 0.9, "x2": 3.59695803825362, "x3": 4.1824979263154685, "x4": 1.09230711046464, "x5": 10.4574764590002, "x6": 7.01734999732812, "x7": -2.3359675853871043, "x8": 1.4765875290620782, "x9": 1.4759971108656518}, "datetime": {"datetime": "2025-05-16 00:09:35", "elapsed": 8899.828226, "delta": 5.738267}}
{"target": 19.608172144208638, "params": {"x0": 1.0335431709061003, "x1": 0.9, "x2": 3.59695803825362, "x3": 4.1824979263154685, "x4": 1.09230711046464, "x5": 10.4574764590002, "x6": 7.01734999732812, "x7": -2.3359675853871043, "x8": 1.4765875290620782, "x9": 1.4759971108656518}, "datetime": {"datetime": "2025-05-16 00:09:40", "elapsed": 8905.260437, "delta": 5.432211}}
{"target": 19.608172144208638, "params": {"x0": 1.0335431709061003, "x1": 0.9, "x2": 3.59695803825362, "x3": 4.1824979263154685, "x4": 1.09230711046464, "x5": 10.4574764590002, "x6": 7.01734999732812, "x7": -2.3359675853871043, "x8": 1.4765875290620782, "x9": 1.4759971108656518}, "datetime": {"datetime": "2025-05-16 00:09:45", "elapsed": 8910.220345, "delta": 4.959908}}
{"target": 19.608172144208638, "params": {"x0": 1.0335431709061003, "x1": 0.9, "x2": 3.59695803825362, "x3": 4.1824979263154685, "x4": 1.09230711046464, "x5": 10.4574764590002, "x6": 7.01734999732812, "x7": -2.3359675853871043, "x8": 1.4765875290620782, "x9": 1.4759971108656518}, "datetime": {"datetime": "2025-05-16 00:09:49", "elapsed": 8913.38756, "delta": 3.167215}}
{"target": 19.608172144208638, "params": {"x0": 1.0335431709061003, "x1": 0.9, "x2": 3.59695803825362, "x3": 4.1824979263154685, "x4": 1.09230711046464, "x5": 10.4574764590002, "x6": 7.01734999732812, "x7": -2.3359675853871043, "x8": 1.4765875290620782, "x9": 1.4759971108656518}, "datetime": {"datetime": "2025-05-16 00:09:53", "elapsed": 8917.721776, "delta": 4.334216}}
{"target": 19.608172144208638, "params": {"x0": 1.0335431709061003, "x1": 0.9, "x2": 3.59695803825362, "x3": 4.1824979263154685, "x4": 1.09230711046464, "x5": 10.4574764590002, "x6": 7.01734999732812, "x7": -2.3359675853871043, "x8": 1.4765875290620782, "x9": 1.4759971108656518}, "datetime": {"datetime": "2025-05-16 00:09:58", "elapsed": 8922.866221, "delta": 5.144445}}
{"target": 19.608172144208638, "params": {"x0": 1.0335431709061003, "x1": 0.9, "x2": 3.59695803825362, "x3": 4.1824979263154685, "x4": 1.09230711046464, "x5": 10.4574764590002, "x6": 7.01734999732812, "x7": -2.3359675853871043, "x8": 1.4765875290620782, "x9": 1.4759971108656518}, "datetime": {"datetime": "2025-05-16 00:10:02", "elapsed": 8927.156319, "delta": 4.290098}}
{"target": 19.608172144208638, "params": {"x0": 1.0335431709061003, "x1": 0.9, "x2": 3.59695803825362, "x3": 4.1824979263154685, "x4": 1.09230711046464, "x5": 10.4574764590002, "x6": 7.01734999732812, "x7": -2.3359675853871043, "x8": 1.4765875290620782, "x9": 1.4759971108656518}, "datetime": {"datetime": "2025-05-16 00:10:08", "elapsed": 8932.516214, "delta": 5.359895}}
{"target": 19.608172144208638, "params": {"x0": 1.0335431709061003, "x1": 0.9, "x2": 3.59695803825362, "x3": 4.1824979263154685, "x4": 1.09230711046464, "x5": 10.4574764590002, "x6": 7.01734999732812, "x7": -2.3359675853871043, "x8": 1.4765875290620782, "x9": 1.4759971108656518}, "datetime": {"datetime": "2025-05-16 00:10:14", "elapsed": 8938.768706, "delta": 6.252492}}
{"target": 19.608172144208638, "params": {"x0": 1.0335431709061003, "x1": 0.9, "x2": 3.59695803825362, "x3": 4.1824979263154685, "x4": 1.09230711046464, "x5": 10.4574764590002, "x6": 7.01734999732812, "x7": -2.3359675853871043, "x8": 1.4765875290620782, "x9": 1.4759971108656518}, "datetime": {"datetime": "2025-05-16 00:10:19", "elapsed": 8944.031057, "delta": 5.262351}}
{"target": 19.608172144208638, "params": {"x0": 1.0335431709061003, "x1": 0.9, "x2": 3.59695803825362, "x3": 4.1824979263154685, "x4": 1.09230711046464, "x5": 10.4574764590002, "x6": 7.01734999732812, "x7": -2.3359675853871043, "x8": 1.4765875290620782, "x9": 1.4759971108656518}, "datetime": {"datetime": "2025-05-16 00:10:23", "elapsed": 8948.006074, "delta": 3.975017}}
{"target": 19.608172144208638, "params": {"x0": 1.0335431709061003, "x1": 0.9, "x2": 3.59695803825362, "x3": 4.1824979263154685, "x4": 1.09230711046464, "x5": 10.4574764590002, "x6": 7.01734999732812, "x7": -2.3359675853871043, "x8": 1.4765875290620782, "x9": 1.4759971108656518}, "datetime": {"datetime": "2025-05-16 00:10:28", "elapsed": 8953.24801, "delta": 5.241936}}
{"target": 19.608172144208638, "params": {"x0": 1.0335431709061003, "x1": 0.9, "x2": 3.59695803825362, "x3": 4.1824979263154685, "x4": 1.09230711046464, "x5": 10.4574764590002, "x6": 7.01734999732812, "x7": -2.3359675853871043, "x8": 1.4765875290620782, "x9": 1.4759971108656518}, "datetime": {"datetime": "2025-05-16 00:10:33", "elapsed": 8958.155961, "delta": 4.907951}}
{"target": 19.608172144208638, "params": {"x0": 1.0335431709061003, "x1": 0.9, "x2": 3.59695803825362, "x3": 4.1824979263154685, "x4": 1.09230711046464, "x5": 10.4574764590002, "x6": 7.01734999732812, "x7": -2.3359675853871043, "x8": 1.4765875290620782, "x9": 1.4759971108656518}, "datetime": {"datetime": "2025-05-16 00:10:38", "elapsed": 8962.674914, "delta": 4.518953}}
{"target": 19.608172144208638, "params": {"x0": 1.0335431709061003, "x1": 0.9, "x2": 3.59695803825362, "x3": 4.1824979263154685, "x4": 1.09230711046464, "x5": 10.4574764590002, "x6": 7.01734999732812, "x7": -2.3359675853871043, "x8": 1.4765875290620782, "x9": 1.4759971108656518}, "datetime": {"datetime": "2025-05-16 00:10:42", "elapsed": 8966.497676, "delta": 3.822762}}
{"target": 19.608172144208638, "params": {"x0": 1.0335431709061003, "x1": 0.9, "x2": 3.59695803825362, "x3": 4.1824979263154685, "x4": 1.09230711046464, "x5": 10.4574764590002, "x6": 7.01734999732812, "x7": -2.3359675853871043, "x8": 1.4765875290620782, "x9": 1.4759971108656518}, "datetime": {"datetime": "2025-05-16 00:10:46", "elapsed": 8971.28785, "delta": 4.790174}}
{"target": 19.608172144208638, "params": {"x0": 1.0335431709061003, "x1": 0.9, "x2": 3.59695803825362, "x3": 4.1824979263154685, "x4": 1.09230711046464, "x5": 10.4574764590002, "x6": 7.01734999732812, "x7": -2.3359675853871043, "x8": 1.4765875290620782, "x9": 1.4759971108656518}, "datetime": {"datetime": "2025-05-16 00:10:51", "elapsed": 8975.978923, "delta": 4.691073}}
{"target": 19.608172144208638, "params": {"x0": 1.0335431709061003, "x1": 0.9, "x2": 3.59695803825362, "x3": 4.1824979263154685, "x4": 1.09230711046464, "x5": 10.4574764590002, "x6": 7.01734999732812, "x7": -2.3359675853871043, "x8": 1.4765875290620782, "x9": 1.4759971108656518}, "datetime": {"datetime": "2025-05-16 00:10:56", "elapsed": 8981.12769, "delta": 5.148767}}
{"target": 19.608172144208638, "params": {"x0": 1.0335431709061003, "x1": 0.9, "x2": 3.59695803825362, "x3": 4.1824979263154685, "x4": 1.09230711046464, "x5": 10.4574764590002, "x6": 7.01734999732812, "x7": -2.3359675853871043, "x8": 1.4765875290620782, "x9": 1.4759971108656518}, "datetime": {"datetime": "2025-05-16 00:11:01", "elapsed": 8985.800227, "delta": 4.672537}}
{"target": 19.608172144208638, "params": {"x0": 1.0335431709061003, "x1": 0.9, "x2": 3.59695803825362, "x3": 4.1824979263154685, "x4": 1.09230711046464, "x5": 10.4574764590002, "x6": 7.01734999732812, "x7": -2.3359675853871043, "x8": 1.4765875290620782, "x9": 1.4759971108656518}, "datetime": {"datetime": "2025-05-16 00:11:04", "elapsed": 8989.261564, "delta": 3.461337}}
{"target": 19.608172144208638, "params": {"x0": 1.0335431709061003, "x1": 0.9, "x2": 3.59695803825362, "x3": 4.1824979263154685, "x4": 1.09230711046464, "x5": 10.4574764590002, "x6": 7.01734999732812, "x7": -2.3359675853871043, "x8": 1.4765875290620782, "x9": 1.4759971108656518}, "datetime": {"datetime": "2025-05-16 00:11:09", "elapsed": 8993.85185, "delta": 4.590286}}
{"target": 19.608172144208638, "params": {"x0": 1.0335431709061003, "x1": 0.9, "x2": 3.59695803825362, "x3": 4.1824979263154685, "x4": 1.09230711046464, "x5": 10.4574764590002, "x6": 7.01734999732812, "x7": -2.3359675853871043, "x8": 1.4765875290620782, "x9": 1.4759971108656518}, "datetime": {"datetime": "2025-05-16 00:11:13", "elapsed": 8997.963286, "delta": 4.111436}}
{"target": 19.608172144208638, "params": {"x0": 1.0335431709061003, "x1": 0.9, "x2": 3.59695803825362, "x3": 4.1824979263154685, "x4": 1.09230711046464, "x5": 10.4574764590002, "x6": 7.01734999732812, "x7": -2.3359675853871043, "x8": 1.4765875290620782, "x9": 1.4759971108656518}, "datetime": {"datetime": "2025-05-16 00:11:18", "elapsed": 9002.739942, "delta": 4.776656}}
{"target": 19.608172144208638, "params": {"x0": 1.0335431709061003, "x1": 0.9, "x2": 3.59695803825362, "x3": 4.1824979263154685, "x4": 1.09230711046464, "x5": 10.4574764590002, "x6": 7.01734999732812, "x7": -2.3359675853871043, "x8": 1.4765875290620782, "x9": 1.4759971108656518}, "datetime": {"datetime": "2025-05-16 00:11:24", "elapsed": 9008.848679, "delta": 6.108737}}
{"target": 19.608172144208638, "params": {"x0": 1.0335431709061003, "x1": 0.9, "x2": 3.59695803825362, "x3": 4.1824979263154685, "x4": 1.09230711046464, "x5": 10.4574764590002, "x6": 7.01734999732812, "x7": -2.3359675853871043, "x8": 1.4765875290620782, "x9": 1.4759971108656518}, "datetime": {"datetime": "2025-05-16 00:11:28", "elapsed": 9012.845612, "delta": 3.996933}}
{"target": 19.608172144208638, "params": {"x0": 1.0335431709061003, "x1": 0.9, "x2": 3.59695803825362, "x3": 4.1824979263154685, "x4": 1.09230711046464, "x5": 10.4574764590002, "x6": 7.01734999732812, "x7": -2.3359675853871043, "x8": 1.4765875290620782, "x9": 1.4759971108656518}, "datetime": {"datetime": "2025-05-16 00:11:34", "elapsed": 9018.86406, "delta": 6.018448}}
{"target": 19.608172144208638, "params": {"x0": 1.0335431709061003, "x1": 0.9, "x2": 3.59695803825362, "x3": 4.1824979263154685, "x4": 1.09230711046464, "x5": 10.4574764590002, "x6": 7.01734999732812, "x7": -2.3359675853871043, "x8": 1.4765875290620782, "x9": 1.4759971108656518}, "datetime": {"datetime": "2025-05-16 00:11:38", "elapsed": 9023.114849, "delta": 4.250789}}
{"target": 19.608172144208638, "params": {"x0": 1.0335431709061003, "x1": 0.9, "x2": 3.59695803825362, "x3": 4.1824979263154685, "x4": 1.09230711046464, "x5": 10.4574764590002, "x6": 7.01734999732812, "x7": -2.3359675853871043, "x8": 1.4765875290620782, "x9": 1.4759971108656518}, "datetime": {"datetime": "2025-05-16 00:11:43", "elapsed": 9027.627642, "delta": 4.512793}}
{"target": 19.608172144208638, "params": {"x0": 1.0335431709061003, "x1": 0.9, "x2": 3.59695803825362, "x3": 4.1824979263154685, "x4": 1.09230711046464, "x5": 10.4574764590002, "x6": 7.01734999732812, "x7": -2.3359675853871043, "x8": 1.4765875290620782, "x9": 1.4759971108656518}, "datetime": {"datetime": "2025-05-16 00:11:47", "elapsed": 9032.251586, "delta": 4.623944}}
{"target": 19.608172144208638, "params": {"x0": 1.0335431709061003, "x1": 0.9, "x2": 3.59695803825362, "x3": 4.1824979263154685, "x4": 1.09230711046464, "x5": 10.4574764590002, "x6": 7.01734999732812, "x7": -2.3359675853871043, "x8": 1.4765875290620782, "x9": 1.4759971108656518}, "datetime": {"datetime": "2025-05-16 00:11:53", "elapsed": 9037.826496, "delta": 5.57491}}
{"target": 19.608172144208638, "params": {"x0": 1.0335431709061003, "x1": 0.9, "x2": 3.59695803825362, "x3": 4.1824979263154685, "x4": 1.09230711046464, "x5": 10.4574764590002, "x6": 7.01734999732812, "x7": -2.3359675853871043, "x8": 1.4765875290620782, "x9": 1.4759971108656518}, "datetime": {"datetime": "2025-05-16 00:11:58", "elapsed": 9042.868495, "delta": 5.041999}}
{"target": 19.608172144208638, "params": {"x0": 1.0335431709061003, "x1": 0.9, "x2": 3.59695803825362, "x3": 4.1824979263154685, "x4": 1.09230711046464, "x5": 10.4574764590002, "x6": 7.01734999732812, "x7": -2.3359675853871043, "x8": 1.4765875290620782, "x9": 1.4759971108656518}, "datetime": {"datetime": "2025-05-16 00:12:02", "elapsed": 9047.139977, "delta": 4.271482}}
{"target": 19.608172144208638, "params": {"x0": 1.0335431709061003, "x1": 0.9, "x2": 3.59695803825362, "x3": 4.1824979263154685, "x4": 1.09230711046464, "x5": 10.4574764590002, "x6": 7.01734999732812, "x7": -2.3359675853871043, "x8": 1.4765875290620782, "x9": 1.4759971108656518}, "datetime": {"datetime": "2025-05-16 00:12:07", "elapsed": 9052.208448, "delta": 5.068471}}
{"target": 19.608172144208638, "params": {"x0": 1.0335431709061003, "x1": 0.9, "x2": 3.59695803825362, "x3": 4.1824979263154685, "x4": 1.09230711046464, "x5": 10.4574764590002, "x6": 7.01734999732812, "x7": -2.3359675853871043, "x8": 1.4765875290620782, "x9": 1.4759971108656518}, "datetime": {"datetime": "2025-05-16 00:12:13", "elapsed": 9057.34121, "delta": 5.132762}}
{"target": 19.608172144208638, "params": {"x0": 1.0335431709061003, "x1": 0.9, "x2": 3.59695803825362, "x3": 4.1824979263154685, "x4": 1.09230711046464, "x5": 10.4574764590002, "x6": 7.01734999732812, "x7": -2.3359675853871043, "x8": 1.4765875290620782, "x9": 1.4759971108656518}, "datetime": {"datetime": "2025-05-16 00:12:17", "elapsed": 9061.833158, "delta": 4.491948}}
{"target": 19.608172144208638, "params": {"x0": 1.0335431709061003, "x1": 0.9, "x2": 3.59695803825362, "x3": 4.1824979263154685, "x4": 1.09230711046464, "x5": 10.4574764590002, "x6": 7.01734999732812, "x7": -2.3359675853871043, "x8": 1.4765875290620782, "x9": 1.4759971108656518}, "datetime": {"datetime": "2025-05-16 00:12:21", "elapsed": 9065.416887, "delta": 3.583729}}
{"target": 19.608172144208638, "params": {"x0": 1.0335431709061003, "x1": 0.9, "x2": 3.59695803825362, "x3": 4.1824979263154685, "x4": 1.09230711046464, "x5": 10.4574764590002, "x6": 7.01734999732812, "x7": -2.3359675853871043, "x8": 1.4765875290620782, "x9": 1.4759971108656518}, "datetime": {"datetime": "2025-05-16 00:12:26", "elapsed": 9071.083834, "delta": 5.666947}}
{"target": 19.608172144208638, "params": {"x0": 1.0335431709061003, "x1": 0.9, "x2": 3.59695803825362, "x3": 4.1824979263154685, "x4": 1.09230711046464, "x5": 10.4574764590002, "x6": 7.01734999732812, "x7": -2.3359675853871043, "x8": 1.4765875290620782, "x9": 1.4759971108656518}, "datetime": {"datetime": "2025-05-16 00:12:31", "elapsed": 9075.527463, "delta": 4.443629}}
{"target": 19.608172144208638, "params": {"x0": 1.0335431709061003, "x1": 0.9, "x2": 3.59695803825362, "x3": 4.1824979263154685, "x4": 1.09230711046464, "x5": 10.4574764590002, "x6": 7.01734999732812, "x7": -2.3359675853871043, "x8": 1.4765875290620782, "x9": 1.4759971108656518}, "datetime": {"datetime": "2025-05-16 00:12:35", "elapsed": 9080.321475, "delta": 4.794012}}
{"target": 19.608172144208638, "params": {"x0": 1.0335431709061003, "x1": 0.9, "x2": 3.59695803825362, "x3": 4.1824979263154685, "x4": 1.09230711046464, "x5": 10.4574764590002, "x6": 7.01734999732812, "x7": -2.3359675853871043, "x8": 1.4765875290620782, "x9": 1.4759971108656518}, "datetime": {"datetime": "2025-05-16 00:12:40", "elapsed": 9084.558718, "delta": 4.237243}}
