{"target": 19.608172144208638, "params": {"x0": 1.0335431709061003, "x1": 0.9000000000000001, "x2": 3.596958038253619, "x3": 4.1824979263154685, "x4": 1.0923071104646402, "x5": 10.4574764590002, "x6": 7.017349997328124, "x7": -2.3359675853871043, "x8": 1.4765875290620787, "x9": 1.4759971108656518}, "datetime": {"datetime": "2025-05-15 22:43:42", "elapsed": 3746.956021, "delta": 11.086028}}
{"target": 19.608172144208638, "params": {"x0": 1.0335431709061003, "x1": 0.9, "x2": 3.5969580382536175, "x3": 4.1824979263154685, "x4": 1.0923071104646387, "x5": 10.4574764590002, "x6": 7.0173499973281155, "x7": -2.335967585387104, "x8": 1.476587529062078, "x9": 1.4759971108656516}, "datetime": {"datetime": "2025-05-15 22:43:54", "elapsed": 3758.392775, "delta": 11.436754}}
{"target": 19.608172144208638, "params": {"x0": 1.0335431709061003, "x1": 0.9000000000000001, "x2": 3.5969580382536215, "x3": 4.1824979263154685, "x4": 1.0923071104646407, "x5": 10.4574764590002, "x6": 7.0173499973281235, "x7": -2.3359675853871043, "x8": 1.4765875290620778, "x9": 1.4759971108656518}, "datetime": {"datetime": "2025-05-15 22:44:06", "elapsed": 3771.258756, "delta": 12.865981}}
{"target": 19.608172144208638, "params": {"x0": 1.0335431709061003, "x1": 0.9000000000000001, "x2": 3.5969580382536224, "x3": 4.1824979263154685, "x4": 1.0923071104646405, "x5": 10.4574764590002, "x6": 7.017349997328118, "x7": -2.335967585387104, "x8": 1.4765875290620778, "x9": 1.4759971108656522}, "datetime": {"datetime": "2025-05-15 22:44:17", "elapsed": 3782.300933, "delta": 11.042177}}
{"target": 19.608172144208638, "params": {"x0": 1.0335431709061003, "x1": 0.9, "x2": 3.5969580382536193, "x3": 4.1824979263154685, "x4": 1.092307110464639, "x5": 10.4574764590002, "x6": 7.017349997328119, "x7": -2.3359675853871043, "x8": 1.4765875290620787, "x9": 1.4759971108656516}, "datetime": {"datetime": "2025-05-15 22:44:29", "elapsed": 3793.60371, "delta": 11.302777}}
{"target": 19.608172144208638, "params": {"x0": 1.0335431709061003, "x1": 0.9, "x2": 3.59695803825362, "x3": 4.182497926315468, "x4": 1.0923071104646396, "x5": 10.4574764590002, "x6": 7.017349997328116, "x7": -2.3359675853871043, "x8": 1.4765875290620782, "x9": 1.475997110865652}, "datetime": {"datetime": "2025-05-15 22:44:41", "elapsed": 3805.896091, "delta": 12.292381}}
{"target": 19.608172144208638, "params": {"x0": 1.0335431709061003, "x1": 0.9, "x2": 3.596958038253619, "x3": 4.182497926315468, "x4": 1.0923071104646396, "x5": 10.4574764590002, "x6": 7.017349997328116, "x7": -2.3359675853871047, "x8": 1.476587529062078, "x9": 1.4759971108656518}, "datetime": {"datetime": "2025-05-15 22:44:52", "elapsed": 3816.827843, "delta": 10.931752}}
{"target": 19.608172144208638, "params": {"x0": 1.0335431709061003, "x1": 0.9, "x2": 3.596958038253618, "x3": 4.1824979263154685, "x4": 1.0923071104646398, "x5": 10.4574764590002, "x6": 7.017349997328124, "x7": -2.3359675853871043, "x8": 1.4765875290620782, "x9": 1.4759971108656516}, "datetime": {"datetime": "2025-05-15 22:45:04", "elapsed": 3828.583807, "delta": 11.755964}}
{"target": 19.608172144208638, "params": {"x0": 1.0335431709061003, "x1": 0.9, "x2": 3.5969580382536197, "x3": 4.1824979263154685, "x4": 1.0923071104646396, "x5": 10.4574764590002, "x6": 7.017349997328122, "x7": -2.3359675853871043, "x8": 1.476587529062078, "x9": 1.4759971108656516}, "datetime": {"datetime": "2025-05-15 22:45:16", "elapsed": 3840.366106, "delta": 11.782299}}
{"target": 19.608172144208638, "params": {"x0": 1.0335431709061003, "x1": 0.9, "x2": 3.596958038253619, "x3": 4.1824979263154685, "x4": 1.0923071104646402, "x5": 10.4574764590002, "x6": 7.017349997328123, "x7": -2.3359675853871043, "x8": 1.476587529062078, "x9": 1.475997110865652}, "datetime": {"datetime": "2025-05-15 22:45:27", "elapsed": 3851.852264, "delta": 11.486158}}
{"target": 19.608172144208638, "params": {"x0": 1.0335431709061003, "x1": 0.9, "x2": 3.596958038253621, "x3": 4.1824979263154685, "x4": 1.09230711046464, "x5": 10.4574764590002, "x6": 7.017349997328121, "x7": -2.3359675853871043, "x8": 1.476587529062078, "x9": 1.4759971108656516}, "datetime": {"datetime": "2025-05-15 22:45:39", "elapsed": 3864.237713, "delta": 12.385449}}
{"target": 19.608172144208638, "params": {"x0": 1.0335431709061003, "x1": 0.9, "x2": 3.5969580382536197, "x3": 4.1824979263154685, "x4": 1.09230711046464, "x5": 10.4574764590002, "x6": 7.017349997328119, "x7": -2.3359675853871043, "x8": 1.4765875290620782, "x9": 1.4759971108656518}, "datetime": {"datetime": "2025-05-15 22:45:51", "elapsed": 3876.107737, "delta": 11.870024}}
{"target": 19.608172144208638, "params": {"x0": 1.0335431709061003, "x1": 0.9, "x2": 3.59695803825362, "x3": 4.1824979263154685, "x4": 1.0923071104646396, "x5": 10.4574764590002, "x6": 7.017349997328118, "x7": -2.3359675853871043, "x8": 1.4765875290620785, "x9": 1.4759971108656518}, "datetime": {"datetime": "2025-05-15 22:46:02", "elapsed": 3887.326418, "delta": 11.218681}}
{"target": 19.608172144208638, "params": {"x0": 1.0335431709061003, "x1": 0.9, "x2": 3.5969580382536193, "x3": 4.1824979263154685, "x4": 1.09230711046464, "x5": 10.4574764590002, "x6": 7.01734999732812, "x7": -2.3359675853871043, "x8": 1.4765875290620785, "x9": 1.4759971108656516}, "datetime": {"datetime": "2025-05-15 22:46:15", "elapsed": 3899.894319, "delta": 12.567901}}
{"target": 19.608172144208638, "params": {"x0": 1.0335431709061003, "x1": 0.9, "x2": 3.596958038253619, "x3": 4.1824979263154685, "x4": 1.09230711046464, "x5": 10.4574764590002, "x6": 7.017349997328121, "x7": -2.3359675853871043, "x8": 1.476587529062078, "x9": 1.4759971108656518}, "datetime": {"datetime": "2025-05-15 22:46:28", "elapsed": 3912.643578, "delta": 12.749259}}
{"target": 19.608172144208638, "params": {"x0": 1.0335431709061003, "x1": 0.9, "x2": 3.5969580382536193, "x3": 4.1824979263154685, "x4": 1.0923071104646398, "x5": 10.4574764590002, "x6": 7.01734999732812, "x7": -2.3359675853871043, "x8": 1.4765875290620782, "x9": 1.4759971108656518}, "datetime": {"datetime": "2025-05-15 22:46:39", "elapsed": 3923.817421, "delta": 11.173843}}
{"target": 19.608172144208638, "params": {"x0": 1.0335431709061003, "x1": 0.9, "x2": 3.5969580382536193, "x3": 4.1824979263154685, "x4": 1.0923071104646398, "x5": 10.4574764590002, "x6": 7.017349997328123, "x7": -2.3359675853871043, "x8": 1.4765875290620782, "x9": 1.4759971108656518}, "datetime": {"datetime": "2025-05-15 22:46:52", "elapsed": 3936.82903, "delta": 13.011609}}
{"target": 19.608172144208638, "params": {"x0": 1.0335431709061003, "x1": 0.9, "x2": 3.5969580382536197, "x3": 4.1824979263154685, "x4": 1.0923071104646398, "x5": 10.4574764590002, "x6": 7.017349997328119, "x7": -2.3359675853871043, "x8": 1.4765875290620782, "x9": 1.4759971108656518}, "datetime": {"datetime": "2025-05-15 22:47:04", "elapsed": 3949.163938, "delta": 12.334908}}
{"target": 19.608172144208638, "params": {"x0": 1.0335431709061003, "x1": 0.9, "x2": 3.59695803825362, "x3": 4.1824979263154685, "x4": 1.0923071104646396, "x5": 10.4574764590002, "x6": 7.017349997328123, "x7": -2.3359675853871043, "x8": 1.4765875290620782, "x9": 1.4759971108656518}, "datetime": {"datetime": "2025-05-15 22:47:16", "elapsed": 3961.308832, "delta": 12.144894}}
{"target": 19.608172144208638, "params": {"x0": 1.0335431709061003, "x1": 0.9, "x2": 3.5969580382536193, "x3": 4.1824979263154685, "x4": 1.0923071104646396, "x5": 10.4574764590002, "x6": 7.017349997328121, "x7": -2.3359675853871043, "x8": 1.4765875290620782, "x9": 1.4759971108656518}, "datetime": {"datetime": "2025-05-15 22:47:30", "elapsed": 3974.367173, "delta": 13.058341}}
{"target": 19.608172144208638, "params": {"x0": 1.0335431709061003, "x1": 0.9, "x2": 3.5969580382536193, "x3": 4.1824979263154685, "x4": 1.09230711046464, "x5": 10.4574764590002, "x6": 7.017349997328121, "x7": -2.3359675853871043, "x8": 1.4765875290620782, "x9": 1.4759971108656518}, "datetime": {"datetime": "2025-05-15 22:47:42", "elapsed": 3986.595198, "delta": 12.228025}}
{"target": 19.608172144208638, "params": {"x0": 1.0335431709061003, "x1": 0.9, "x2": 3.59695803825362, "x3": 4.1824979263154685, "x4": 1.09230711046464, "x5": 10.4574764590002, "x6": 7.017349997328122, "x7": -2.3359675853871043, "x8": 1.4765875290620782, "x9": 1.4759971108656518}, "datetime": {"datetime": "2025-05-15 22:47:54", "elapsed": 3999.221067, "delta": 12.625869}}
{"target": 19.608172144208638, "params": {"x0": 1.0335431709061003, "x1": 0.9, "x2": 3.59695803825362, "x3": 4.1824979263154685, "x4": 1.09230711046464, "x5": 10.4574764590002, "x6": 7.01734999732812, "x7": -2.3359675853871043, "x8": 1.4765875290620782, "x9": 1.4759971108656518}, "datetime": {"datetime": "2025-05-15 22:48:07", "elapsed": 4011.933207, "delta": 12.71214}}
{"target": 19.608172144208638, "params": {"x0": 1.0335431709061003, "x1": 0.9, "x2": 3.59695803825362, "x3": 4.1824979263154685, "x4": 1.09230711046464, "x5": 10.4574764590002, "x6": 7.01734999732812, "x7": -2.3359675853871043, "x8": 1.4765875290620782, "x9": 1.4759971108656518}, "datetime": {"datetime": "2025-05-15 22:48:12", "elapsed": 4016.35503, "delta": 4.421823}}
{"target": 19.608172144208638, "params": {"x0": 1.0335431709061003, "x1": 0.9, "x2": 3.59695803825362, "x3": 4.1824979263154685, "x4": 1.09230711046464, "x5": 10.4574764590002, "x6": 7.01734999732812, "x7": -2.3359675853871043, "x8": 1.4765875290620782, "x9": 1.4759971108656518}, "datetime": {"datetime": "2025-05-15 22:48:16", "elapsed": 4021.287632, "delta": 4.932602}}
{"target": 19.608172144208638, "params": {"x0": 1.0335431709061003, "x1": 0.9, "x2": 3.59695803825362, "x3": 4.1824979263154685, "x4": 1.09230711046464, "x5": 10.4574764590002, "x6": 7.01734999732812, "x7": -2.3359675853871043, "x8": 1.4765875290620782, "x9": 1.4759971108656518}, "datetime": {"datetime": "2025-05-15 22:48:20", "elapsed": 4025.284116, "delta": 3.996484}}
{"target": 19.608172144208638, "params": {"x0": 1.0335431709061003, "x1": 0.9, "x2": 3.59695803825362, "x3": 4.1824979263154685, "x4": 1.09230711046464, "x5": 10.4574764590002, "x6": 7.01734999732812, "x7": -2.3359675853871043, "x8": 1.4765875290620782, "x9": 1.4759971108656518}, "datetime": {"datetime": "2025-05-15 22:48:24", "elapsed": 4029.3194, "delta": 4.035284}}
{"target": 19.608172144208638, "params": {"x0": 1.0335431709061003, "x1": 0.9, "x2": 3.59695803825362, "x3": 4.1824979263154685, "x4": 1.09230711046464, "x5": 10.4574764590002, "x6": 7.01734999732812, "x7": -2.3359675853871043, "x8": 1.4765875290620782, "x9": 1.4759971108656518}, "datetime": {"datetime": "2025-05-15 22:48:29", "elapsed": 4033.901478, "delta": 4.582078}}
{"target": 19.608172144208638, "params": {"x0": 1.0335431709061003, "x1": 0.9, "x2": 3.59695803825362, "x3": 4.1824979263154685, "x4": 1.09230711046464, "x5": 10.4574764590002, "x6": 7.01734999732812, "x7": -2.3359675853871043, "x8": 1.4765875290620782, "x9": 1.4759971108656518}, "datetime": {"datetime": "2025-05-15 22:48:34", "elapsed": 4038.757953, "delta": 4.856475}}
{"target": 19.608172144208638, "params": {"x0": 1.0335431709061003, "x1": 0.9, "x2": 3.59695803825362, "x3": 4.1824979263154685, "x4": 1.09230711046464, "x5": 10.4574764590002, "x6": 7.01734999732812, "x7": -2.3359675853871043, "x8": 1.4765875290620782, "x9": 1.4759971108656518}, "datetime": {"datetime": "2025-05-15 22:48:38", "elapsed": 4042.831075, "delta": 4.073122}}
{"target": 19.608172144208638, "params": {"x0": 1.0335431709061003, "x1": 0.9, "x2": 3.59695803825362, "x3": 4.1824979263154685, "x4": 1.09230711046464, "x5": 10.4574764590002, "x6": 7.01734999732812, "x7": -2.3359675853871043, "x8": 1.4765875290620782, "x9": 1.4759971108656518}, "datetime": {"datetime": "2025-05-15 22:48:43", "elapsed": 4047.643337, "delta": 4.812262}}
{"target": 19.608172144208638, "params": {"x0": 1.0335431709061003, "x1": 0.9, "x2": 3.59695803825362, "x3": 4.1824979263154685, "x4": 1.09230711046464, "x5": 10.4574764590002, "x6": 7.01734999732812, "x7": -2.3359675853871043, "x8": 1.4765875290620782, "x9": 1.4759971108656518}, "datetime": {"datetime": "2025-05-15 22:48:48", "elapsed": 4052.725088, "delta": 5.081751}}
{"target": 19.608172144208638, "params": {"x0": 1.0335431709061003, "x1": 0.9, "x2": 3.59695803825362, "x3": 4.1824979263154685, "x4": 1.09230711046464, "x5": 10.4574764590002, "x6": 7.01734999732812, "x7": -2.3359675853871043, "x8": 1.4765875290620782, "x9": 1.4759971108656518}, "datetime": {"datetime": "2025-05-15 22:48:52", "elapsed": 4057.253593, "delta": 4.528505}}
{"target": 19.608172144208638, "params": {"x0": 1.0335431709061003, "x1": 0.9, "x2": 3.59695803825362, "x3": 4.1824979263154685, "x4": 1.09230711046464, "x5": 10.4574764590002, "x6": 7.01734999732812, "x7": -2.3359675853871043, "x8": 1.4765875290620782, "x9": 1.4759971108656518}, "datetime": {"datetime": "2025-05-15 22:48:56", "elapsed": 4060.85693, "delta": 3.603337}}
{"target": 19.608172144208638, "params": {"x0": 1.0335431709061003, "x1": 0.9, "x2": 3.59695803825362, "x3": 4.1824979263154685, "x4": 1.09230711046464, "x5": 10.4574764590002, "x6": 7.01734999732812, "x7": -2.3359675853871043, "x8": 1.4765875290620782, "x9": 1.4759971108656518}, "datetime": {"datetime": "2025-05-15 22:49:01", "elapsed": 4065.888036, "delta": 5.031106}}
{"target": 19.608172144208638, "params": {"x0": 1.0335431709061003, "x1": 0.9, "x2": 3.59695803825362, "x3": 4.1824979263154685, "x4": 1.09230711046464, "x5": 10.4574764590002, "x6": 7.01734999732812, "x7": -2.3359675853871043, "x8": 1.4765875290620782, "x9": 1.4759971108656518}, "datetime": {"datetime": "2025-05-15 22:49:06", "elapsed": 4070.895168, "delta": 5.007132}}
{"target": 19.608172144208638, "params": {"x0": 1.0335431709061003, "x1": 0.9, "x2": 3.59695803825362, "x3": 4.1824979263154685, "x4": 1.09230711046464, "x5": 10.4574764590002, "x6": 7.01734999732812, "x7": -2.3359675853871043, "x8": 1.4765875290620782, "x9": 1.4759971108656518}, "datetime": {"datetime": "2025-05-15 22:49:11", "elapsed": 4075.675123, "delta": 4.779955}}
{"target": 19.608172144208638, "params": {"x0": 1.0335431709061003, "x1": 0.9, "x2": 3.59695803825362, "x3": 4.1824979263154685, "x4": 1.09230711046464, "x5": 10.4574764590002, "x6": 7.01734999732812, "x7": -2.3359675853871043, "x8": 1.4765875290620782, "x9": 1.4759971108656518}, "datetime": {"datetime": "2025-05-15 22:49:15", "elapsed": 4080.053698, "delta": 4.378575}}
{"target": 19.608172144208638, "params": {"x0": 1.0335431709061003, "x1": 0.9, "x2": 3.59695803825362, "x3": 4.1824979263154685, "x4": 1.09230711046464, "x5": 10.4574764590002, "x6": 7.01734999732812, "x7": -2.3359675853871043, "x8": 1.4765875290620782, "x9": 1.4759971108656518}, "datetime": {"datetime": "2025-05-15 22:49:19", "elapsed": 4083.697954, "delta": 3.644256}}
{"target": 19.608172144208638, "params": {"x0": 1.0335431709061003, "x1": 0.9, "x2": 3.59695803825362, "x3": 4.1824979263154685, "x4": 1.09230711046464, "x5": 10.4574764590002, "x6": 7.01734999732812, "x7": -2.3359675853871043, "x8": 1.4765875290620782, "x9": 1.4759971108656518}, "datetime": {"datetime": "2025-05-15 22:49:23", "elapsed": 4088.059335, "delta": 4.361381}}
{"target": 19.608172144208638, "params": {"x0": 1.0335431709061003, "x1": 0.9, "x2": 3.59695803825362, "x3": 4.1824979263154685, "x4": 1.09230711046464, "x5": 10.4574764590002, "x6": 7.01734999732812, "x7": -2.3359675853871043, "x8": 1.4765875290620782, "x9": 1.4759971108656518}, "datetime": {"datetime": "2025-05-15 22:49:28", "elapsed": 4092.34854, "delta": 4.289205}}
{"target": 19.608172144208638, "params": {"x0": 1.0335431709061003, "x1": 0.9, "x2": 3.59695803825362, "x3": 4.1824979263154685, "x4": 1.09230711046464, "x5": 10.4574764590002, "x6": 7.01734999732812, "x7": -2.3359675853871043, "x8": 1.4765875290620782, "x9": 1.4759971108656518}, "datetime": {"datetime": "2025-05-15 22:49:32", "elapsed": 4097.266938, "delta": 4.918398}}
{"target": 19.608172144208638, "params": {"x0": 1.0335431709061003, "x1": 0.9, "x2": 3.59695803825362, "x3": 4.1824979263154685, "x4": 1.09230711046464, "x5": 10.4574764590002, "x6": 7.01734999732812, "x7": -2.3359675853871043, "x8": 1.4765875290620782, "x9": 1.4759971108656518}, "datetime": {"datetime": "2025-05-15 22:49:36", "elapsed": 4101.069765, "delta": 3.802827}}
{"target": 19.608172144208638, "params": {"x0": 1.0335431709061003, "x1": 0.9, "x2": 3.59695803825362, "x3": 4.1824979263154685, "x4": 1.09230711046464, "x5": 10.4574764590002, "x6": 7.01734999732812, "x7": -2.3359675853871043, "x8": 1.4765875290620782, "x9": 1.4759971108656518}, "datetime": {"datetime": "2025-05-15 22:49:41", "elapsed": 4106.15912, "delta": 5.089355}}
{"target": 19.608172144208638, "params": {"x0": 1.0335431709061003, "x1": 0.9, "x2": 3.59695803825362, "x3": 4.1824979263154685, "x4": 1.09230711046464, "x5": 10.4574764590002, "x6": 7.01734999732812, "x7": -2.3359675853871043, "x8": 1.4765875290620782, "x9": 1.4759971108656518}, "datetime": {"datetime": "2025-05-15 22:49:45", "elapsed": 4109.743381, "delta": 3.584261}}
{"target": 19.608172144208638, "params": {"x0": 1.0335431709061003, "x1": 0.9, "x2": 3.59695803825362, "x3": 4.1824979263154685, "x4": 1.09230711046464, "x5": 10.4574764590002, "x6": 7.01734999732812, "x7": -2.3359675853871043, "x8": 1.4765875290620782, "x9": 1.4759971108656518}, "datetime": {"datetime": "2025-05-15 22:49:49", "elapsed": 4113.97663, "delta": 4.233249}}
{"target": 19.608172144208638, "params": {"x0": 1.0335431709061003, "x1": 0.9, "x2": 3.59695803825362, "x3": 4.1824979263154685, "x4": 1.09230711046464, "x5": 10.4574764590002, "x6": 7.01734999732812, "x7": -2.3359675853871043, "x8": 1.4765875290620782, "x9": 1.4759971108656518}, "datetime": {"datetime": "2025-05-15 22:49:54", "elapsed": 4118.342482, "delta": 4.365852}}
{"target": 19.608172144208638, "params": {"x0": 1.0335431709061003, "x1": 0.9, "x2": 3.59695803825362, "x3": 4.1824979263154685, "x4": 1.09230711046464, "x5": 10.4574764590002, "x6": 7.01734999732812, "x7": -2.3359675853871043, "x8": 1.4765875290620782, "x9": 1.4759971108656518}, "datetime": {"datetime": "2025-05-15 22:49:58", "elapsed": 4122.969204, "delta": 4.626722}}
{"target": 19.608172144208638, "params": {"x0": 1.0335431709061003, "x1": 0.9, "x2": 3.59695803825362, "x3": 4.1824979263154685, "x4": 1.09230711046464, "x5": 10.4574764590002, "x6": 7.01734999732812, "x7": -2.3359675853871043, "x8": 1.4765875290620782, "x9": 1.4759971108656518}, "datetime": {"datetime": "2025-05-15 22:50:02", "elapsed": 4126.959782, "delta": 3.990578}}
{"target": 19.608172144208638, "params": {"x0": 1.0335431709061003, "x1": 0.9, "x2": 3.59695803825362, "x3": 4.1824979263154685, "x4": 1.09230711046464, "x5": 10.4574764590002, "x6": 7.01734999732812, "x7": -2.3359675853871043, "x8": 1.4765875290620782, "x9": 1.4759971108656518}, "datetime": {"datetime": "2025-05-15 22:50:06", "elapsed": 4130.921052, "delta": 3.96127}}
{"target": 19.608172144208638, "params": {"x0": 1.0335431709061003, "x1": 0.9, "x2": 3.59695803825362, "x3": 4.1824979263154685, "x4": 1.09230711046464, "x5": 10.4574764590002, "x6": 7.01734999732812, "x7": -2.3359675853871043, "x8": 1.4765875290620782, "x9": 1.4759971108656518}, "datetime": {"datetime": "2025-05-15 22:50:10", "elapsed": 4134.348, "delta": 3.426948}}
{"target": 19.608172144208638, "params": {"x0": 1.0335431709061003, "x1": 0.9, "x2": 3.59695803825362, "x3": 4.1824979263154685, "x4": 1.09230711046464, "x5": 10.4574764590002, "x6": 7.01734999732812, "x7": -2.3359675853871043, "x8": 1.4765875290620782, "x9": 1.4759971108656518}, "datetime": {"datetime": "2025-05-15 22:50:14", "elapsed": 4139.00134, "delta": 4.65334}}
{"target": 19.608172144208638, "params": {"x0": 1.0335431709061003, "x1": 0.9, "x2": 3.59695803825362, "x3": 4.1824979263154685, "x4": 1.09230711046464, "x5": 10.4574764590002, "x6": 7.01734999732812, "x7": -2.3359675853871043, "x8": 1.4765875290620782, "x9": 1.4759971108656518}, "datetime": {"datetime": "2025-05-15 22:50:18", "elapsed": 4142.794945, "delta": 3.793605}}
{"target": 19.608172144208638, "params": {"x0": 1.0335431709061003, "x1": 0.9, "x2": 3.59695803825362, "x3": 4.1824979263154685, "x4": 1.09230711046464, "x5": 10.4574764590002, "x6": 7.01734999732812, "x7": -2.3359675853871043, "x8": 1.4765875290620782, "x9": 1.4759971108656518}, "datetime": {"datetime": "2025-05-15 22:50:23", "elapsed": 4147.871769, "delta": 5.076824}}
{"target": 19.608172144208638, "params": {"x0": 1.0335431709061003, "x1": 0.9, "x2": 3.59695803825362, "x3": 4.1824979263154685, "x4": 1.09230711046464, "x5": 10.4574764590002, "x6": 7.01734999732812, "x7": -2.3359675853871043, "x8": 1.4765875290620782, "x9": 1.4759971108656518}, "datetime": {"datetime": "2025-05-15 22:50:28", "elapsed": 4152.686834, "delta": 4.815065}}
{"target": 19.608172144208638, "params": {"x0": 1.0335431709061003, "x1": 0.9, "x2": 3.59695803825362, "x3": 4.1824979263154685, "x4": 1.09230711046464, "x5": 10.4574764590002, "x6": 7.01734999732812, "x7": -2.3359675853871043, "x8": 1.4765875290620782, "x9": 1.4759971108656518}, "datetime": {"datetime": "2025-05-15 22:50:33", "elapsed": 4157.746734, "delta": 5.0599}}
{"target": 19.608172144208638, "params": {"x0": 1.0335431709061003, "x1": 0.9, "x2": 3.59695803825362, "x3": 4.1824979263154685, "x4": 1.09230711046464, "x5": 10.4574764590002, "x6": 7.01734999732812, "x7": -2.3359675853871043, "x8": 1.4765875290620782, "x9": 1.4759971108656518}, "datetime": {"datetime": "2025-05-15 22:50:36", "elapsed": 4160.869753, "delta": 3.123019}}
{"target": 19.608172144208638, "params": {"x0": 1.0335431709061003, "x1": 0.9, "x2": 3.59695803825362, "x3": 4.1824979263154685, "x4": 1.09230711046464, "x5": 10.4574764590002, "x6": 7.01734999732812, "x7": -2.3359675853871043, "x8": 1.4765875290620782, "x9": 1.4759971108656518}, "datetime": {"datetime": "2025-05-15 22:50:39", "elapsed": 4164.03808, "delta": 3.168327}}
