{"target": 3493.9560053380324, "params": {"x0": 0.8102817538032644, "x1": 3.156430998599605, "x2": 0.947013054079375, "x3": 0.45732321358461775, "x4": 1.919221024627552, "x5": 3.729756035337424, "x6": 5.010874793041542, "x7": -4.745799300044038, "x8": 1.3885932320569816, "x9": 1.7167857954046462}, "datetime": {"datetime": "2025-05-13 14:45:06", "elapsed": 6591.704537, "delta": 15.402844}}
{"target": 3493.9560053380324, "params": {"x0": 0.8102817538032644, "x1": 3.156430998599605, "x2": 0.947013054079375, "x3": 0.45732321358461775, "x4": 1.919221024627552, "x5": 3.729756035337424, "x6": 5.010874793041542, "x7": -4.745799300044038, "x8": 1.3885932320569816, "x9": 1.7167857954046462}, "datetime": {"datetime": "2025-05-13 14:45:20", "elapsed": 6605.528614, "delta": 13.824077}}
{"target": 3493.9560053380324, "params": {"x0": 0.8102817538032644, "x1": 3.156430998599605, "x2": 0.947013054079375, "x3": 0.45732321358461775, "x4": 1.919221024627552, "x5": 3.729756035337424, "x6": 5.010874793041542, "x7": -4.745799300044038, "x8": 1.3885932320569816, "x9": 1.7167857954046462}, "datetime": {"datetime": "2025-05-13 14:45:35", "elapsed": 6620.430703, "delta": 14.902089}}
{"target": 3493.9560053380324, "params": {"x0": 0.8102817538032644, "x1": 3.156430998599605, "x2": 0.947013054079375, "x3": 0.45732321358461775, "x4": 1.919221024627552, "x5": 3.729756035337424, "x6": 5.010874793041542, "x7": -4.745799300044038, "x8": 1.3885932320569816, "x9": 1.7167857954046462}, "datetime": {"datetime": "2025-05-13 14:45:49", "elapsed": 6634.283509, "delta": 13.852806}}
{"target": 3493.9560053380324, "params": {"x0": 0.8102817538032644, "x1": 3.156430998599605, "x2": 0.947013054079375, "x3": 0.45732321358461775, "x4": 1.919221024627552, "x5": 3.729756035337424, "x6": 5.010874793041542, "x7": -4.745799300044038, "x8": 1.3885932320569816, "x9": 1.7167857954046462}, "datetime": {"datetime": "2025-05-13 14:46:03", "elapsed": 6648.557215, "delta": 14.273706}}
{"target": 3493.9560053380324, "params": {"x0": 0.8102817538032644, "x1": 3.156430998599605, "x2": 0.947013054079375, "x3": 0.45732321358461775, "x4": 1.919221024627552, "x5": 3.729756035337424, "x6": 5.010874793041542, "x7": -4.745799300044038, "x8": 1.3885932320569816, "x9": 1.7167857954046462}, "datetime": {"datetime": "2025-05-13 14:46:19", "elapsed": 6663.870543, "delta": 15.313328}}
{"target": 3493.9560053380324, "params": {"x0": 0.8102817538032644, "x1": 3.156430998599605, "x2": 0.947013054079375, "x3": 0.45732321358461775, "x4": 1.919221024627552, "x5": 3.729756035337424, "x6": 5.010874793041542, "x7": -4.745799300044038, "x8": 1.3885932320569816, "x9": 1.7167857954046462}, "datetime": {"datetime": "2025-05-13 14:46:33", "elapsed": 6678.046453, "delta": 14.17591}}
{"target": 3493.9560053380324, "params": {"x0": 0.8102817538032644, "x1": 3.156430998599605, "x2": 0.947013054079375, "x3": 0.45732321358461775, "x4": 1.919221024627552, "x5": 3.729756035337424, "x6": 5.010874793041542, "x7": -4.745799300044038, "x8": 1.3885932320569816, "x9": 1.7167857954046462}, "datetime": {"datetime": "2025-05-13 14:46:47", "elapsed": 6692.47753, "delta": 14.431077}}
{"target": 3493.9560053380324, "params": {"x0": 0.8102817538032644, "x1": 3.156430998599605, "x2": 0.947013054079375, "x3": 0.45732321358461775, "x4": 1.919221024627552, "x5": 3.729756035337424, "x6": 5.010874793041542, "x7": -4.745799300044038, "x8": 1.3885932320569816, "x9": 1.7167857954046462}, "datetime": {"datetime": "2025-05-13 14:47:02", "elapsed": 6707.012986, "delta": 14.535456}}
{"target": 3493.9560053380324, "params": {"x0": 0.8102817538032644, "x1": 3.156430998599605, "x2": 0.947013054079375, "x3": 0.45732321358461775, "x4": 1.919221024627552, "x5": 3.729756035337424, "x6": 5.010874793041542, "x7": -4.745799300044038, "x8": 1.3885932320569816, "x9": 1.7167857954046462}, "datetime": {"datetime": "2025-05-13 14:47:16", "elapsed": 6721.301633, "delta": 14.288647}}
{"target": 3493.9560053380324, "params": {"x0": 0.8102817538032644, "x1": 3.156430998599605, "x2": 0.947013054079375, "x3": 0.45732321358461775, "x4": 1.919221024627552, "x5": 3.729756035337424, "x6": 5.010874793041542, "x7": -4.745799300044038, "x8": 1.3885932320569816, "x9": 1.7167857954046462}, "datetime": {"datetime": "2025-05-13 14:47:30", "elapsed": 6735.642567, "delta": 14.340934}}
{"target": 3493.9560053380324, "params": {"x0": 0.8102817538032644, "x1": 3.156430998599605, "x2": 0.947013054079375, "x3": 0.45732321358461775, "x4": 1.919221024627552, "x5": 3.729756035337424, "x6": 5.010874793041542, "x7": -4.745799300044038, "x8": 1.3885932320569816, "x9": 1.7167857954046462}, "datetime": {"datetime": "2025-05-13 14:47:45", "elapsed": 6750.598136, "delta": 14.955569}}
{"target": 3493.9560053380324, "params": {"x0": 0.8102817538032644, "x1": 3.156430998599605, "x2": 0.947013054079375, "x3": 0.45732321358461775, "x4": 1.919221024627552, "x5": 3.729756035337424, "x6": 5.010874793041542, "x7": -4.745799300044038, "x8": 1.3885932320569816, "x9": 1.7167857954046462}, "datetime": {"datetime": "2025-05-13 14:48:00", "elapsed": 6765.228661, "delta": 14.630525}}
{"target": 3493.9560053380324, "params": {"x0": 0.8102817538032644, "x1": 3.156430998599605, "x2": 0.947013054079375, "x3": 0.45732321358461775, "x4": 1.919221024627552, "x5": 3.729756035337424, "x6": 5.010874793041542, "x7": -4.745799300044038, "x8": 1.3885932320569816, "x9": 1.7167857954046462}, "datetime": {"datetime": "2025-05-13 14:48:15", "elapsed": 6780.503554, "delta": 15.274893}}
{"target": 3493.9560053380324, "params": {"x0": 0.8102817538032644, "x1": 3.156430998599605, "x2": 0.947013054079375, "x3": 0.45732321358461775, "x4": 1.919221024627552, "x5": 3.729756035337424, "x6": 5.010874793041542, "x7": -4.745799300044038, "x8": 1.3885932320569816, "x9": 1.7167857954046462}, "datetime": {"datetime": "2025-05-13 14:48:30", "elapsed": 6794.919242, "delta": 14.415688}}
{"target": 3493.9560053380324, "params": {"x0": 0.8102817538032644, "x1": 3.156430998599605, "x2": 0.947013054079375, "x3": 0.45732321358461775, "x4": 1.919221024627552, "x5": 3.729756035337424, "x6": 5.010874793041542, "x7": -4.745799300044038, "x8": 1.3885932320569816, "x9": 1.7167857954046462}, "datetime": {"datetime": "2025-05-13 14:48:45", "elapsed": 6809.997621, "delta": 15.078379}}
{"target": 3493.9560053380324, "params": {"x0": 0.8102817538032644, "x1": 3.156430998599605, "x2": 0.947013054079375, "x3": 0.45732321358461775, "x4": 1.919221024627552, "x5": 3.729756035337424, "x6": 5.010874793041542, "x7": -4.745799300044038, "x8": 1.3885932320569816, "x9": 1.7167857954046462}, "datetime": {"datetime": "2025-05-13 14:48:59", "elapsed": 6824.106488, "delta": 14.108867}}
{"target": 3493.9560053380324, "params": {"x0": 0.8102817538032644, "x1": 3.156430998599605, "x2": 0.947013054079375, "x3": 0.45732321358461775, "x4": 1.919221024627552, "x5": 3.729756035337424, "x6": 5.010874793041542, "x7": -4.745799300044038, "x8": 1.3885932320569816, "x9": 1.7167857954046462}, "datetime": {"datetime": "2025-05-13 14:49:14", "elapsed": 6839.225838, "delta": 15.11935}}
{"target": 3493.9560053380324, "params": {"x0": 0.8102817538032644, "x1": 3.156430998599605, "x2": 0.947013054079375, "x3": 0.45732321358461775, "x4": 1.919221024627552, "x5": 3.729756035337424, "x6": 5.010874793041542, "x7": -4.745799300044038, "x8": 1.3885932320569816, "x9": 1.7167857954046462}, "datetime": {"datetime": "2025-05-13 14:49:28", "elapsed": 6853.580728, "delta": 14.35489}}
{"target": 3493.9560053380324, "params": {"x0": 0.8102817538032644, "x1": 3.156430998599605, "x2": 0.947013054079375, "x3": 0.45732321358461775, "x4": 1.919221024627552, "x5": 3.729756035337424, "x6": 5.010874793041542, "x7": -4.745799300044038, "x8": 1.3885932320569816, "x9": 1.7167857954046462}, "datetime": {"datetime": "2025-05-13 14:49:44", "elapsed": 6869.495879, "delta": 15.915151}}
{"target": 3493.9560053380324, "params": {"x0": 0.8102817538032644, "x1": 3.156430998599605, "x2": 0.947013054079375, "x3": 0.45732321358461775, "x4": 1.919221024627552, "x5": 3.729756035337424, "x6": 5.010874793041542, "x7": -4.745799300044038, "x8": 1.3885932320569816, "x9": 1.7167857954046462}, "datetime": {"datetime": "2025-05-13 14:49:59", "elapsed": 6883.883689, "delta": 14.38781}}
{"target": 3493.9560053380324, "params": {"x0": 0.8102817538032644, "x1": 3.156430998599605, "x2": 0.947013054079375, "x3": 0.45732321358461775, "x4": 1.919221024627552, "x5": 3.729756035337424, "x6": 5.010874793041542, "x7": -4.745799300044038, "x8": 1.3885932320569816, "x9": 1.7167857954046462}, "datetime": {"datetime": "2025-05-13 14:50:13", "elapsed": 6897.8541, "delta": 13.970411}}
{"target": 3493.9560053380324, "params": {"x0": 0.8102817538032644, "x1": 3.156430998599605, "x2": 0.947013054079375, "x3": 0.45732321358461775, "x4": 1.919221024627552, "x5": 3.729756035337424, "x6": 5.010874793041542, "x7": -4.745799300044038, "x8": 1.3885932320569816, "x9": 1.7167857954046462}, "datetime": {"datetime": "2025-05-13 14:50:27", "elapsed": 6912.25951, "delta": 14.40541}}
{"target": 3493.9560053380324, "params": {"x0": 0.8102817538032644, "x1": 3.156430998599605, "x2": 0.947013054079375, "x3": 0.45732321358461775, "x4": 1.919221024627552, "x5": 3.729756035337424, "x6": 5.010874793041542, "x7": -4.745799300044038, "x8": 1.3885932320569816, "x9": 1.7167857954046462}, "datetime": {"datetime": "2025-05-13 14:50:41", "elapsed": 6925.944331, "delta": 13.684821}}
{"target": 3493.9560053380324, "params": {"x0": 0.8102817538032644, "x1": 3.156430998599605, "x2": 0.947013054079375, "x3": 0.45732321358461775, "x4": 1.919221024627552, "x5": 3.729756035337424, "x6": 5.010874793041542, "x7": -4.745799300044038, "x8": 1.3885932320569816, "x9": 1.7167857954046462}, "datetime": {"datetime": "2025-05-13 14:50:55", "elapsed": 6940.136046, "delta": 14.191715}}
{"target": 3493.9560053380324, "params": {"x0": 0.8102817538032644, "x1": 3.156430998599605, "x2": 0.947013054079375, "x3": 0.45732321358461775, "x4": 1.919221024627552, "x5": 3.729756035337424, "x6": 5.010874793041542, "x7": -4.745799300044038, "x8": 1.3885932320569816, "x9": 1.7167857954046462}, "datetime": {"datetime": "2025-05-13 14:51:09", "elapsed": 6954.780403, "delta": 14.644357}}
{"target": 3493.9560053380324, "params": {"x0": 0.8102817538032644, "x1": 3.156430998599605, "x2": 0.947013054079375, "x3": 0.45732321358461775, "x4": 1.919221024627552, "x5": 3.729756035337424, "x6": 5.010874793041542, "x7": -4.745799300044038, "x8": 1.3885932320569816, "x9": 1.7167857954046462}, "datetime": {"datetime": "2025-05-13 14:51:24", "elapsed": 6969.605177, "delta": 14.824774}}
{"target": 3493.9560053380324, "params": {"x0": 0.8102817538032644, "x1": 3.156430998599605, "x2": 0.947013054079375, "x3": 0.45732321358461775, "x4": 1.919221024627552, "x5": 3.729756035337424, "x6": 5.010874793041542, "x7": -4.745799300044038, "x8": 1.3885932320569816, "x9": 1.7167857954046462}, "datetime": {"datetime": "2025-05-13 14:51:40", "elapsed": 6985.065031, "delta": 15.459854}}
{"target": 3493.9560053380324, "params": {"x0": 0.8102817538032644, "x1": 3.156430998599605, "x2": 0.947013054079375, "x3": 0.45732321358461775, "x4": 1.919221024627552, "x5": 3.729756035337424, "x6": 5.010874793041542, "x7": -4.745799300044038, "x8": 1.3885932320569816, "x9": 1.7167857954046462}, "datetime": {"datetime": "2025-05-13 14:51:54", "elapsed": 6999.397668, "delta": 14.332637}}
{"target": 3493.9560053380324, "params": {"x0": 0.8102817538032644, "x1": 3.156430998599605, "x2": 0.947013054079375, "x3": 0.45732321358461775, "x4": 1.919221024627552, "x5": 3.729756035337424, "x6": 5.010874793041542, "x7": -4.745799300044038, "x8": 1.3885932320569816, "x9": 1.7167857954046462}, "datetime": {"datetime": "2025-05-13 14:52:09", "elapsed": 7014.641764, "delta": 15.244096}}
{"target": 3493.9560053380324, "params": {"x0": 0.8102817538032644, "x1": 3.156430998599605, "x2": 0.947013054079375, "x3": 0.45732321358461775, "x4": 1.919221024627552, "x5": 3.729756035337424, "x6": 5.010874793041542, "x7": -4.745799300044038, "x8": 1.3885932320569816, "x9": 1.7167857954046462}, "datetime": {"datetime": "2025-05-13 14:52:24", "elapsed": 7029.17328, "delta": 14.531516}}
{"target": 3493.9560053380324, "params": {"x0": 0.8102817538032644, "x1": 3.156430998599605, "x2": 0.947013054079375, "x3": 0.45732321358461775, "x4": 1.919221024627552, "x5": 3.729756035337424, "x6": 5.010874793041542, "x7": -4.745799300044038, "x8": 1.3885932320569816, "x9": 1.7167857954046462}, "datetime": {"datetime": "2025-05-13 14:52:39", "elapsed": 7044.34779, "delta": 15.17451}}
{"target": 3493.9560053380324, "params": {"x0": 0.8102817538032644, "x1": 3.156430998599605, "x2": 0.947013054079375, "x3": 0.45732321358461775, "x4": 1.919221024627552, "x5": 3.729756035337424, "x6": 5.010874793041542, "x7": -4.745799300044038, "x8": 1.3885932320569816, "x9": 1.7167857954046462}, "datetime": {"datetime": "2025-05-13 14:52:53", "elapsed": 7058.172635, "delta": 13.824845}}
{"target": 3493.9560053380324, "params": {"x0": 0.8102817538032644, "x1": 3.156430998599605, "x2": 0.947013054079375, "x3": 0.45732321358461775, "x4": 1.919221024627552, "x5": 3.729756035337424, "x6": 5.010874793041542, "x7": -4.745799300044038, "x8": 1.3885932320569816, "x9": 1.7167857954046462}, "datetime": {"datetime": "2025-05-13 14:53:08", "elapsed": 7073.124381, "delta": 14.951746}}
{"target": 3493.9560053380324, "params": {"x0": 0.8102817538032644, "x1": 3.156430998599605, "x2": 0.947013054079375, "x3": 0.45732321358461775, "x4": 1.919221024627552, "x5": 3.729756035337424, "x6": 5.010874793041542, "x7": -4.745799300044038, "x8": 1.3885932320569816, "x9": 1.7167857954046462}, "datetime": {"datetime": "2025-05-13 14:53:23", "elapsed": 7088.183517, "delta": 15.059136}}
{"target": 3493.9560053380324, "params": {"x0": 0.8102817538032644, "x1": 3.156430998599605, "x2": 0.947013054079375, "x3": 0.45732321358461775, "x4": 1.919221024627552, "x5": 3.729756035337424, "x6": 5.010874793041542, "x7": -4.745799300044038, "x8": 1.3885932320569816, "x9": 1.7167857954046462}, "datetime": {"datetime": "2025-05-13 14:53:39", "elapsed": 7104.347991, "delta": 16.164474}}
{"target": 3493.9560053380324, "params": {"x0": 0.8102817538032644, "x1": 3.156430998599605, "x2": 0.947013054079375, "x3": 0.45732321358461775, "x4": 1.919221024627552, "x5": 3.729756035337424, "x6": 5.010874793041542, "x7": -4.745799300044038, "x8": 1.3885932320569816, "x9": 1.7167857954046462}, "datetime": {"datetime": "2025-05-13 14:53:54", "elapsed": 7119.066937, "delta": 14.718946}}
{"target": 3493.9560053380324, "params": {"x0": 0.8102817538032644, "x1": 3.156430998599605, "x2": 0.947013054079375, "x3": 0.45732321358461775, "x4": 1.919221024627552, "x5": 3.729756035337424, "x6": 5.010874793041542, "x7": -4.745799300044038, "x8": 1.3885932320569816, "x9": 1.7167857954046462}, "datetime": {"datetime": "2025-05-13 14:54:08", "elapsed": 7133.695761, "delta": 14.628824}}
{"target": 3493.9560053380324, "params": {"x0": 0.8102817538032644, "x1": 3.156430998599605, "x2": 0.947013054079375, "x3": 0.45732321358461775, "x4": 1.919221024627552, "x5": 3.729756035337424, "x6": 5.010874793041542, "x7": -4.745799300044038, "x8": 1.3885932320569816, "x9": 1.7167857954046462}, "datetime": {"datetime": "2025-05-13 14:54:23", "elapsed": 7148.602501, "delta": 14.90674}}
{"target": 3493.9560053380324, "params": {"x0": 0.8102817538032644, "x1": 3.156430998599605, "x2": 0.947013054079375, "x3": 0.45732321358461775, "x4": 1.919221024627552, "x5": 3.729756035337424, "x6": 5.010874793041542, "x7": -4.745799300044038, "x8": 1.3885932320569816, "x9": 1.7167857954046462}, "datetime": {"datetime": "2025-05-13 14:54:40", "elapsed": 7164.896707, "delta": 16.294206}}
{"target": 3493.9560053380324, "params": {"x0": 0.8102817538032644, "x1": 3.156430998599605, "x2": 0.947013054079375, "x3": 0.45732321358461775, "x4": 1.919221024627552, "x5": 3.729756035337424, "x6": 5.010874793041542, "x7": -4.745799300044038, "x8": 1.3885932320569816, "x9": 1.7167857954046462}, "datetime": {"datetime": "2025-05-13 14:54:54", "elapsed": 7179.537606, "delta": 14.640899}}
{"target": 3493.9560053380324, "params": {"x0": 0.8102817538032644, "x1": 3.156430998599605, "x2": 0.947013054079375, "x3": 0.45732321358461775, "x4": 1.919221024627552, "x5": 3.729756035337424, "x6": 5.010874793041542, "x7": -4.745799300044038, "x8": 1.3885932320569816, "x9": 1.7167857954046462}, "datetime": {"datetime": "2025-05-13 14:55:10", "elapsed": 7194.983536, "delta": 15.44593}}
{"target": 3493.9560053380324, "params": {"x0": 0.8102817538032644, "x1": 3.156430998599605, "x2": 0.947013054079375, "x3": 0.45732321358461775, "x4": 1.919221024627552, "x5": 3.729756035337424, "x6": 5.010874793041542, "x7": -4.745799300044038, "x8": 1.3885932320569816, "x9": 1.7167857954046462}, "datetime": {"datetime": "2025-05-13 14:55:25", "elapsed": 7210.202832, "delta": 15.219296}}
{"target": 3493.9560053380324, "params": {"x0": 0.8102817538032644, "x1": 3.156430998599605, "x2": 0.947013054079375, "x3": 0.45732321358461775, "x4": 1.919221024627552, "x5": 3.729756035337424, "x6": 5.010874793041542, "x7": -4.745799300044038, "x8": 1.3885932320569816, "x9": 1.7167857954046462}, "datetime": {"datetime": "2025-05-13 14:55:42", "elapsed": 7227.169452, "delta": 16.96662}}
{"target": 3493.9560053380324, "params": {"x0": 0.8102817538032644, "x1": 3.156430998599605, "x2": 0.947013054079375, "x3": 0.45732321358461775, "x4": 1.919221024627552, "x5": 3.729756035337424, "x6": 5.010874793041542, "x7": -4.745799300044038, "x8": 1.3885932320569816, "x9": 1.7167857954046462}, "datetime": {"datetime": "2025-05-13 14:55:58", "elapsed": 7242.976831, "delta": 15.807379}}
{"target": 3493.9560053380324, "params": {"x0": 0.8102817538032644, "x1": 3.156430998599605, "x2": 0.947013054079375, "x3": 0.45732321358461775, "x4": 1.919221024627552, "x5": 3.729756035337424, "x6": 5.010874793041542, "x7": -4.745799300044038, "x8": 1.3885932320569816, "x9": 1.7167857954046462}, "datetime": {"datetime": "2025-05-13 14:56:12", "elapsed": 7257.362711, "delta": 14.38588}}
{"target": 3493.9560053380324, "params": {"x0": 0.8102817538032644, "x1": 3.156430998599605, "x2": 0.947013054079375, "x3": 0.45732321358461775, "x4": 1.919221024627552, "x5": 3.729756035337424, "x6": 5.010874793041542, "x7": -4.745799300044038, "x8": 1.3885932320569816, "x9": 1.7167857954046462}, "datetime": {"datetime": "2025-05-13 14:56:27", "elapsed": 7272.470994, "delta": 15.108283}}
{"target": 3493.9560053380324, "params": {"x0": 0.8102817538032644, "x1": 3.156430998599605, "x2": 0.947013054079375, "x3": 0.45732321358461775, "x4": 1.919221024627552, "x5": 3.729756035337424, "x6": 5.010874793041542, "x7": -4.745799300044038, "x8": 1.3885932320569816, "x9": 1.7167857954046462}, "datetime": {"datetime": "2025-05-13 14:56:43", "elapsed": 7288.188334, "delta": 15.71734}}
{"target": 3493.9560053380324, "params": {"x0": 0.8102817538032644, "x1": 3.156430998599605, "x2": 0.947013054079375, "x3": 0.45732321358461775, "x4": 1.919221024627552, "x5": 3.729756035337424, "x6": 5.010874793041542, "x7": -4.745799300044038, "x8": 1.3885932320569816, "x9": 1.7167857954046462}, "datetime": {"datetime": "2025-05-13 14:56:57", "elapsed": 7302.49309, "delta": 14.304756}}
{"target": 3493.9560053380324, "params": {"x0": 0.8102817538032644, "x1": 3.156430998599605, "x2": 0.947013054079375, "x3": 0.45732321358461775, "x4": 1.919221024627552, "x5": 3.729756035337424, "x6": 5.010874793041542, "x7": -4.745799300044038, "x8": 1.3885932320569816, "x9": 1.7167857954046462}, "datetime": {"datetime": "2025-05-13 14:57:12", "elapsed": 7316.872247, "delta": 14.379157}}
{"target": 3493.9560053380324, "params": {"x0": 0.8102817538032644, "x1": 3.156430998599605, "x2": 0.947013054079375, "x3": 0.45732321358461775, "x4": 1.919221024627552, "x5": 3.729756035337424, "x6": 5.010874793041542, "x7": -4.745799300044038, "x8": 1.3885932320569816, "x9": 1.7167857954046462}, "datetime": {"datetime": "2025-05-13 14:57:27", "elapsed": 7332.199536, "delta": 15.327289}}
{"target": 3493.9560053380324, "params": {"x0": 0.8102817538032644, "x1": 3.156430998599605, "x2": 0.947013054079375, "x3": 0.45732321358461775, "x4": 1.919221024627552, "x5": 3.729756035337424, "x6": 5.010874793041542, "x7": -4.745799300044038, "x8": 1.3885932320569816, "x9": 1.7167857954046462}, "datetime": {"datetime": "2025-05-13 14:57:42", "elapsed": 7346.884208, "delta": 14.684672}}
{"target": 3493.9560053380324, "params": {"x0": 0.8102817538032644, "x1": 3.156430998599605, "x2": 0.947013054079375, "x3": 0.45732321358461775, "x4": 1.919221024627552, "x5": 3.729756035337424, "x6": 5.010874793041542, "x7": -4.745799300044038, "x8": 1.3885932320569816, "x9": 1.7167857954046462}, "datetime": {"datetime": "2025-05-13 14:57:56", "elapsed": 7361.666067, "delta": 14.781859}}
{"target": 3493.9560053380324, "params": {"x0": 0.8102817538032644, "x1": 3.156430998599605, "x2": 0.947013054079375, "x3": 0.45732321358461775, "x4": 1.919221024627552, "x5": 3.729756035337424, "x6": 5.010874793041542, "x7": -4.745799300044038, "x8": 1.3885932320569816, "x9": 1.7167857954046462}, "datetime": {"datetime": "2025-05-13 14:58:12", "elapsed": 7377.089563, "delta": 15.423496}}
{"target": 3493.9560053380324, "params": {"x0": 0.8102817538032644, "x1": 3.156430998599605, "x2": 0.947013054079375, "x3": 0.45732321358461775, "x4": 1.919221024627552, "x5": 3.729756035337424, "x6": 5.010874793041542, "x7": -4.745799300044038, "x8": 1.3885932320569816, "x9": 1.7167857954046462}, "datetime": {"datetime": "2025-05-13 14:58:28", "elapsed": 7393.047008, "delta": 15.957445}}
{"target": 3493.9560053380324, "params": {"x0": 0.8102817538032644, "x1": 3.156430998599605, "x2": 0.947013054079375, "x3": 0.45732321358461775, "x4": 1.919221024627552, "x5": 3.729756035337424, "x6": 5.010874793041542, "x7": -4.745799300044038, "x8": 1.3885932320569816, "x9": 1.7167857954046462}, "datetime": {"datetime": "2025-05-13 14:58:43", "elapsed": 7407.872449, "delta": 14.825441}}
