{"target": 3487.169897959806, "params": {"x0": 0.8104434976371393, "x1": 3.160895486152056, "x2": 0.9441147761750484, "x3": 0.453504883322752, "x4": 1.9240470183880145, "x5": 3.7224100049057056, "x6": 5.017320774962603, "x7": -4.740721166281746, "x8": 1.3889037189317195, "x9": 1.7173824228209977}, "datetime": {"datetime": "2025-05-13 13:18:40", "elapsed": 1404.894192, "delta": 12.554199}}
{"target": 3488.224506624022, "params": {"x0": 0.8101319569526504, "x1": 3.158712749033248, "x2": 0.9481646267762635, "x3": 0.4612162954513714, "x4": 1.9216808507173022, "x5": 3.7296054527374936, "x6": 5.0113098907674365, "x7": -4.7452096823625345, "x8": 1.388462658568741, "x9": 1.717027327605668}, "datetime": {"datetime": "2025-05-13 13:18:52", "elapsed": 1417.145103, "delta": 12.250911}}
{"target": 3484.694751052184, "params": {"x0": 0.8102671652122564, "x1": 3.1575868047134596, "x2": 0.9447336226905323, "x3": 0.4630741534341387, "x4": 1.9196184533352576, "x5": 3.7302667768970372, "x6": 5.009978117477594, "x7": -4.7443250326079625, "x8": 1.3882996020255225, "x9": 1.7166345823537195}, "datetime": {"datetime": "2025-05-13 13:19:04", "elapsed": 1429.275432, "delta": 12.130329}}
{"target": 3491.889572808002, "params": {"x0": 0.8103824129336732, "x1": 3.1548763648213285, "x2": 0.9480222988529269, "x3": 0.45494692637437245, "x4": 1.917540506354039, "x5": 3.724043189254199, "x6": 5.0086301588901625, "x7": -4.741794265590857, "x8": 1.3881555947631339, "x9": 1.7172563449155598}, "datetime": {"datetime": "2025-05-13 13:19:16", "elapsed": 1441.650202, "delta": 12.37477}}
{"target": 3492.9879046629494, "params": {"x0": 0.8102187101083935, "x1": 3.157326533679287, "x2": 0.9466091824156764, "x3": 0.45909489710421947, "x4": 1.9205847055585106, "x5": 3.728440721747018, "x6": 5.012239376316608, "x7": -4.744635005904976, "x8": 1.3884777793223164, "x9": 1.7169038125031042}, "datetime": {"datetime": "2025-05-13 13:19:29", "elapsed": 1454.24635, "delta": 12.596148}}
{"target": 3492.9879046629494, "params": {"x0": 0.810170815796724, "x1": 3.157843415629084, "x2": 0.946120300359897, "x3": 0.456518048004759, "x4": 1.9214182374628794, "x5": 3.725701712930975, "x6": 5.012292493436821, "x7": -4.743912501271761, "x8": 1.3884102455200458, "x9": 1.7166679657506663}, "datetime": {"datetime": "2025-05-13 13:19:41", "elapsed": 1466.407559, "delta": 12.161209}}
{"target": 3490.7862235317248, "params": {"x0": 0.8103378821848464, "x1": 3.1555641216697827, "x2": 0.9451737148207534, "x3": 0.4559981757590037, "x4": 1.9222837536268071, "x5": 3.731639250189253, "x6": 5.014965618006972, "x7": -4.7467853296730524, "x8": 1.3882410769277502, "x9": 1.7171644341224954}, "datetime": {"datetime": "2025-05-13 13:19:53", "elapsed": 1478.669704, "delta": 12.262145}}
{"target": 3490.9194930143367, "params": {"x0": 0.8103259032490919, "x1": 3.155749130799865, "x2": 0.9452938199543252, "x3": 0.45628096572261856, "x4": 1.9220837636174464, "x5": 3.725554054121501, "x6": 5.009890288670539, "x7": -4.74657489093876, "x8": 1.3886779822643187, "x9": 1.717139709780007}, "datetime": {"datetime": "2025-05-13 13:20:06", "elapsed": 1490.939902, "delta": 12.270198}}
{"target": 3491.751082668493, "params": {"x0": 0.8103151222069128, "x1": 3.1589127869242724, "x2": 0.9473476177384009, "x3": 0.45653547668987193, "x4": 1.9186639344573768, "x5": 3.7310307305824777, "x6": 5.014458085073329, "x7": -4.746385496077896, "x8": 1.388657286748376, "x9": 1.7167169235234534}, "datetime": {"datetime": "2025-05-13 13:20:18", "elapsed": 1503.413102, "delta": 12.4732}}
{"target": 3491.751082668493, "params": {"x0": 0.8101307663856508, "x1": 3.156065496412306, "x2": 0.9472503325802079, "x3": 0.45676453656039995, "x4": 1.918825926364959, "x5": 3.730771309065905, "x6": 5.014241715770039, "x7": -4.743146843957132, "x8": 1.3886386607840275, "x9": 1.7170974311543516}, "datetime": {"datetime": "2025-05-13 13:20:31", "elapsed": 1516.084124, "delta": 12.671022}}
{"target": 3489.208271095732, "params": {"x0": 0.8102966866247866, "x1": 3.158628057873076, "x2": 0.9471627759378342, "x3": 0.460681460346429, "x4": 1.918971719081783, "x5": 3.726335201132514, "x6": 5.014046983397078, "x7": -4.74606163086582, "x8": 1.388320156793669, "x9": 1.7170794071086775}, "datetime": {"datetime": "2025-05-13 13:20:43", "elapsed": 1528.766741, "delta": 12.682617}}
{"target": 3492.9879046629494, "params": {"x0": 0.8102888272450381, "x1": 3.156321752558383, "x2": 0.9470839749596978, "x3": 0.4571562289390028, "x4": 1.9214647745394737, "x5": 3.7265453325609377, "x6": 5.013871724261413, "x7": -4.743438322648001, "x8": 1.3886068103849916, "x9": 1.71677119592765}, "datetime": {"datetime": "2025-05-13 13:20:56", "elapsed": 1541.229046, "delta": 12.462305}}
{"target": 3493.9560053380324, "params": {"x0": 0.8102817538032644, "x1": 3.156430998599605, "x2": 0.947013054079375, "x3": 0.45732321358461775, "x4": 1.919221024627552, "x5": 3.729756035337424, "x6": 5.010874793041542, "x7": -4.745799300044038, "x8": 1.3885932320569816, "x9": 1.7167857954046462}, "datetime": {"datetime": "2025-05-13 13:21:08", "elapsed": 1553.57471, "delta": 12.345664}}
{"target": 3489.7487606958093, "params": {"x0": 0.8103358656328331, "x1": 3.1555952663842546, "x2": 0.947555598813844, "x3": 0.45604578104566357, "x4": 1.918317620057752, "x5": 3.7312219174546, "x6": 5.009668133892489, "x7": -4.746749904100864, "x8": 1.3886971062662583, "x9": 1.7166741094056264}, "datetime": {"datetime": "2025-05-13 13:21:21", "elapsed": 1565.914379, "delta": 12.339669}}
{"target": 3492.9879046629494, "params": {"x0": 0.8103304544498762, "x1": 3.1556788396057898, "x2": 0.9475013443403971, "x3": 0.456173524299559, "x4": 1.920034088740372, "x5": 3.728436741431966, "x6": 5.01196078627569, "x7": -4.744943756392895, "x8": 1.3886867188453307, "x9": 1.7166852780055284}, "datetime": {"datetime": "2025-05-13 13:21:33", "elapsed": 1578.248962, "delta": 12.334583}}
{"target": 3491.889572808002, "params": {"x0": 0.810325584385215, "x1": 3.157107941694039, "x2": 0.9465735928444551, "x3": 0.45628849322806486, "x4": 1.918489266926014, "x5": 3.728568670822512, "x6": 5.009897399130809, "x7": -4.74502931075801, "x8": 1.3886773701664956, "x9": 1.7168762610638522}, "datetime": {"datetime": "2025-05-13 13:21:46", "elapsed": 1590.812016, "delta": 12.563054}}
{"target": 3493.9560053380324, "params": {"x0": 0.8103212013270199, "x1": 3.1558217498146144, "x2": 0.9474085691908029, "x3": 0.45639196526372017, "x4": 1.9198796065589363, "x5": 3.728687407274003, "x6": 5.011754447561202, "x7": -4.745106309686612, "x8": 1.3886689563555443, "x9": 1.7168672144979316}, "datetime": {"datetime": "2025-05-13 13:21:58", "elapsed": 1603.438125, "delta": 12.626109}}
{"target": 3493.9560053380324, "params": {"x0": 0.8103172565746444, "x1": 3.1558826746931135, "x2": 0.9473690176796601, "x3": 0.4564850900958099, "x4": 1.9198137483657978, "x5": 3.728794270080345, "x6": 5.011666482109236, "x7": -4.745175608722355, "x8": 1.388661383925688, "x9": 1.7167125182206893}, "datetime": {"datetime": "2025-05-13 13:22:11", "elapsed": 1615.844519, "delta": 12.406394}}
{"target": 3493.9560053380324, "params": {"x0": 0.8103137062975064, "x1": 3.1559375070837627, "x2": 0.9473334213196316, "x3": 0.4565689024446907, "x4": 1.9197544759919734, "x5": 3.728890446606053, "x6": 5.011587313202466, "x7": -4.745237977854524, "x8": 1.3886545687388174, "x9": 1.7168517448702072}, "datetime": {"datetime": "2025-05-13 13:22:23", "elapsed": 1627.897854, "delta": 12.053335}}
{"target": 3493.9560053380324, "params": {"x0": 0.8103105110480822, "x1": 3.155986856235347, "x2": 0.9473013845956059, "x3": 0.4580020936105521, "x4": 1.9197011308555312, "x5": 3.72897700547919, "x6": 5.011516061186374, "x7": -4.746304490014602, "x8": 1.3886484350706338, "x9": 1.7168451499236512}, "datetime": {"datetime": "2025-05-13 13:22:35", "elapsed": 1640.368809, "delta": 12.470955}}
{"target": 3493.9560053380324, "params": {"x0": 0.8103076353236004, "x1": 3.1560312704717726, "x2": 0.9472725515439828, "x3": 0.45671222156127683, "x4": 1.9196531202327332, "x5": 3.7290549084650135, "x6": 5.011451934371891, "x7": -4.745344629070531, "x8": 1.3886429147692685, "x9": 1.7168392144717506}, "datetime": {"datetime": "2025-05-13 13:22:48", "elapsed": 1652.995197, "delta": 12.626388}}
{"target": 3493.9560053380324, "params": {"x0": 0.8103050471715668, "x1": 3.156071243284556, "x2": 0.9472466017975221, "x3": 0.45677332076361093, "x4": 1.919609910672215, "x5": 3.7291250211522544, "x6": 5.011394220238856, "x7": -4.745390096167882, "x8": 1.3886379464980398, "x9": 1.7168338725650403}, "datetime": {"datetime": "2025-05-13 13:23:00", "elapsed": 1665.311418, "delta": 12.316221}}
{"target": 3493.9560053380324, "params": {"x0": 0.8103027178347366, "x1": 3.156107218816061, "x2": 0.9472232470257074, "x3": 0.4578181171235239, "x4": 1.9195710220677489, "x5": 3.7291881225707715, "x6": 5.011342277519124, "x7": -4.746167583532579, "x8": 1.388633475053934, "x9": 1.7168290648490008}, "datetime": {"datetime": "2025-05-13 13:23:13", "elapsed": 1677.846269, "delta": 12.534851}}
{"target": 3493.9560053380324, "params": {"x0": 0.8103006214315893, "x1": 3.1561395967944152, "x2": 0.9472022277310741, "x3": 0.45687780039960224, "x4": 1.9195360223237292, "x5": 3.729244913847437, "x6": 5.011295529071366, "x7": -4.7454678449043515, "x8": 1.3886294507542387, "x9": 1.7168247379045654}, "datetime": {"datetime": "2025-05-13 13:23:25", "elapsed": 1690.119155, "delta": 12.272886}}
{"target": 3493.9560053380324, "params": {"x0": 0.8102987346687569, "x1": 3.1561687369749345, "x2": 0.9471833103659042, "x3": 0.45692234171810375, "x4": 1.9195045225541114, "x5": 3.7292960259964354, "x6": 5.011253455468384, "x7": -4.7455009904183205, "x8": 1.388625828884513, "x9": 1.7168208436545733}, "datetime": {"datetime": "2025-05-13 13:23:37", "elapsed": 1702.530188, "delta": 12.411033}}
{"target": 3493.9560053380324, "params": {"x0": 0.8102812142327572, "x1": 3.1565219115587535, "x2": 0.9469878817541808, "x3": 0.4572947132644064, "x4": 1.9191984671486517, "x5": 3.7298079275106, "x6": 5.0108332317949476, "x7": -4.74577730077609, "x8": 1.388580981849641, "x9": 1.7167901478448033}, "datetime": {"datetime": "2025-05-13 13:23:50", "elapsed": 1714.93823, "delta": 12.408042}}
{"target": 3493.9560053380324, "params": {"x0": 0.8102955083043133, "x1": 3.1562185666836218, "x2": 0.9471509616714636, "x3": 0.45699850737274145, "x4": 1.9194506579480652, "x5": 3.7293834277712232, "x6": 5.011181509607284, "x7": -4.745557669247207, "x8": 1.3886196354872822, "x9": 1.716757406322205}, "datetime": {"datetime": "2025-05-13 13:24:02", "elapsed": 1727.436898, "delta": 12.498668}}
{"target": 3493.9560053380324, "params": {"x0": 0.8102941328542084, "x1": 3.15623980987522, "x2": 0.9471371709122548, "x3": 0.45703097799392906, "x4": 1.9194276946160138, "x5": 3.7294206885278434, "x6": 5.0111508379507095, "x7": -4.746016767761187, "x8": 1.388616995144252, "x9": 1.7168113455788432}, "datetime": {"datetime": "2025-05-13 13:24:14", "elapsed": 1739.600324, "delta": 12.163426}}
{"target": 3493.9560053380324, "params": {"x0": 0.810292894949114, "x1": 3.1562589287476586, "x2": 0.9471247592289668, "x3": 0.4570602015529979, "x4": 1.9194070276171677, "x5": 3.7294542232088017, "x6": 5.011123233459793, "x7": -4.745603579098605, "x8": 1.388614618835525, "x9": 1.7168087905614235}, "datetime": {"datetime": "2025-05-13 13:24:27", "elapsed": 1752.013045, "delta": 12.412721}}
{"target": 3493.9560053380324, "params": {"x0": 0.810291780834529, "x1": 3.156276135732853, "x2": 0.9471135887140076, "x3": 0.4570865027561599, "x4": 1.919388427318206, "x5": 3.729484404421664, "x6": 5.010651196665116, "x7": -4.745975448894929, "x8": 1.3886124801576707, "x9": 1.7168064910457457}, "datetime": {"datetime": "2025-05-13 13:24:39", "elapsed": 1764.523832, "delta": 12.510787}}
{"target": 3493.9560053380324, "params": {"x0": 0.8102907781314026, "x1": 3.1562916220195283, "x2": 0.9471035352505444, "x3": 0.4571101738390057, "x4": 1.9193716870491406, "x5": 3.72951156751324, "x6": 5.010673556302759, "x7": -4.74595783400984, "x8": 1.3886105553476018, "x9": 1.7168044214816358}, "datetime": {"datetime": "2025-05-13 13:24:51", "elapsed": 1776.774514, "delta": 12.250682}}
{"target": 3493.9560053380324, "params": {"x0": 0.8102898756985888, "x1": 3.156305559677536, "x2": 0.9470944871334274, "x3": 0.4571314778135669, "x4": 1.9193566208069819, "x5": 3.7295360142956584, "x6": 5.0106936799766375, "x7": -4.745941980613259, "x8": 1.3886088230185398, "x9": 1.7168025588739368}, "datetime": {"datetime": "2025-05-13 13:25:03", "elapsed": 1788.792917, "delta": 12.018403}}
{"target": 3493.9560053380324, "params": {"x0": 0.8102890635090563, "x1": 3.156318103569743, "x2": 0.9470863438280221, "x3": 0.457150651390672, "x4": 1.919343061189039, "x5": 3.7295580163998348, "x6": 5.010711791283128, "x7": -4.7459277125563375, "x8": 1.3886072639223839, "x9": 1.7168008825270078}, "datetime": {"datetime": "2025-05-13 13:25:16", "elapsed": 1801.514697, "delta": 12.72178}}
{"target": 3493.9560053380324, "params": {"x0": 0.8102883325384771, "x1": 3.156329393072729, "x2": 0.9470790148531575, "x3": 0.45716790761006654, "x4": 1.919111191722214, "x5": 3.7295778182935937, "x6": 5.010728091458969, "x7": -4.745914871305107, "x8": 1.3886058607358438, "x9": 1.7167993738147715}, "datetime": {"datetime": "2025-05-13 13:25:29", "elapsed": 1814.296193, "delta": 12.781496}}
{"target": 3493.9560053380324, "params": {"x0": 0.8102876746649559, "x1": 3.1563395536254166, "x2": 0.9470724187757792, "x3": 0.45718343820752166, "x4": 1.9191221750127478, "x5": 3.7295956399979766, "x6": 5.010742761617227, "x7": -4.745903314179, "x8": 1.3886045978679575, "x9": 1.716798015973759}, "datetime": {"datetime": "2025-05-13 13:25:42", "elapsed": 1826.895923, "delta": 12.59973}}
{"target": 3493.9560053380324, "params": {"x0": 0.8102870825787867, "x1": 3.1563486981228355, "x2": 0.9470664823061388, "x3": 0.4571974157452313, "x4": 1.919132059974228, "x5": 3.7296116795319216, "x6": 5.010755964759658, "x7": -4.7458929127655045, "x8": 1.3886034612868599, "x9": 1.7167967939168478}, "datetime": {"datetime": "2025-05-13 13:25:54", "elapsed": 1839.686901, "delta": 12.790978}}
{"target": 3493.9560053380324, "params": {"x0": 0.8102865497012345, "x1": 3.1563569281705126, "x2": 0.9470611394834624, "x3": 0.4572099955291699, "x4": 1.9191409564395605, "x5": 3.7296261151124717, "x6": 5.0107678475878465, "x7": -4.745883551493358, "x8": 1.388602438363872, "x9": 1.7167956940656275}, "datetime": {"datetime": "2025-05-13 13:26:07", "elapsed": 1852.281145, "delta": 12.594244}}
{"target": 3493.9560053380324, "params": {"x0": 0.8102860701114375, "x1": 3.156364335213422, "x2": 0.9470563309430536, "x3": 0.4572213173347147, "x4": 1.9191489632583598, "x5": 3.7296391071349673, "x6": 5.010778542133216, "x7": -4.745875126348426, "x8": 1.388601517733183, "x9": 1.7167947041995295}, "datetime": {"datetime": "2025-05-13 13:26:20", "elapsed": 1864.988502, "delta": 12.707357}}
{"target": 3493.9560053380324, "params": {"x0": 0.8102856384806202, "x1": 3.1563710015520403, "x2": 0.9470520032566858, "x3": 0.45723150695970505, "x4": 1.919156169395279, "x5": 3.7296507999552126, "x6": 5.010788167224049, "x7": -4.745867543717987, "x8": 1.388600689165563, "x9": 1.716793813320041}, "datetime": {"datetime": "2025-05-13 13:26:32", "elapsed": 1877.470484, "delta": 12.481982}}
{"target": 3493.9560053380324, "params": {"x0": 0.8102852500128845, "x1": 3.1563770012567964, "x2": 0.9470481083389547, "x3": 0.4572406776221963, "x4": 1.9191626549185063, "x5": 3.729661323493434, "x6": 5.010796829805797, "x7": -4.745860719350592, "x8": 1.3885999434547047, "x9": 1.7167930115285017}, "datetime": {"datetime": "2025-05-13 13:26:45", "elapsed": 1890.529683, "delta": 13.059199}}
{"target": 3493.9560053380324, "params": {"x0": 0.8102849003919226, "x1": 3.1563824009910775, "x2": 0.9470446029129967, "x3": 0.45724893121843846, "x4": 1.9191684918894107, "x5": 3.729670794677833, "x6": 5.010804626129373, "x7": -4.745854577419937, "x8": 1.3885992723149325, "x9": 1.716792289916116}, "datetime": {"datetime": "2025-05-13 13:26:58", "elapsed": 1903.453606, "delta": 12.923923}}
{"target": 3493.9560053380324, "params": {"x0": 0.8102845857330567, "x1": 3.1563872607519303, "x2": 0.9470414480296345, "x3": 0.4572563594550564, "x4": 1.919173745163225, "x5": 3.729679318743792, "x6": 5.010811642820589, "x7": -4.745849049682347, "x8": 1.3885986682891374, "x9": 1.716791640464969}, "datetime": {"datetime": "2025-05-13 13:27:11", "elapsed": 1916.19493, "delta": 12.741324}}
{"target": 3493.9560053380324, "params": {"x0": 0.8102843025400776, "x1": 3.1563916345366976, "x2": 0.9470386086346086, "x3": 0.4572630448680125, "x4": 1.9191784731096577, "x5": 3.729686990403155, "x6": 5.010817957842685, "x7": -4.745844074718516, "x8": 1.3885981246659218, "x9": 1.7167910559589368}, "datetime": {"datetime": "2025-05-13 13:27:24", "elapsed": 1928.94547, "delta": 12.75054}}
{"target": 3493.9560053380324, "params": {"x0": 0.8102840476663962, "x1": 3.1563955709429883, "x2": 0.9470360531790852, "x3": 0.457269061739673, "x4": 1.919182728261447, "x5": 3.7296938948965823, "x6": 5.01082364136257, "x7": -4.745839597251068, "x8": 1.3885976354050278, "x9": 1.7167905299035078}, "datetime": {"datetime": "2025-05-13 13:27:37", "elapsed": 1942.018152, "delta": 13.072682}}
{"target": 3493.9560053380324, "params": {"x0": 0.810283818280083, "x1": 3.15639911370865, "x2": 0.9470337532691142, "x3": 0.4572744769241675, "x4": 1.9191865578980576, "x5": 3.7297001089406665, "x6": 5.010828756530468, "x7": -4.745835567530365, "x8": 1.3885971950702232, "x9": 1.7167900564536216}, "datetime": {"datetime": "2025-05-13 13:27:49", "elapsed": 1954.640531, "delta": 12.622379}}
{"target": 3493.9560053380324, "params": {"x0": 0.8102836118324012, "x1": 3.1564023021977454, "x2": 0.9470316833501403, "x3": 0.4572793505902125, "x4": 1.919190004571007, "x5": 3.7297057015803423, "x6": 5.010833360181575, "x7": -4.745831940781732, "x8": 1.388596798768899, "x9": 1.716789630348724}, "datetime": {"datetime": "2025-05-13 13:28:02", "elapsed": 1967.200083, "delta": 12.559552}}
{"target": 3493.9560053380324, "params": {"x0": 0.8102834260294874, "x1": 3.1564051718379313, "x2": 0.9470298204230637, "x3": 0.45728373688965307, "x4": 1.9191931065766616, "x5": 3.7297107349560505, "x6": 5.010837503467572, "x7": -4.745828676707963, "x8": 1.3885964420977073, "x9": 1.7167892468543162}, "datetime": {"datetime": "2025-05-13 13:28:14", "elapsed": 1979.789549, "delta": 12.589466}}
{"target": 3493.9560053380324, "params": {"x0": 0.8102832588068651, "x1": 3.156407754514099, "x2": 0.9470281437886948, "x3": 0.45728768455914953, "x4": 1.9191958983817505, "x5": 3.7297152649941876, "x6": 5.010841232424968, "x7": -4.745825739041571, "x8": 1.3885961210936346, "x9": 1.7167889017093492}, "datetime": {"datetime": "2025-05-13 13:28:27", "elapsed": 1992.391297, "delta": 12.601748}}
{"target": 3493.9560053380324, "params": {"x0": 0.8102831083065051, "x1": 3.1564100789226495, "x2": 0.9470266348177628, "x3": 0.45729123746169636, "x4": 1.9191984110063307, "x5": 3.7297193420285115, "x6": 5.010844588486626, "x7": -4.745823095141818, "x8": 1.3885958321899694, "x9": 1.716788591078879}, "datetime": {"datetime": "2025-05-13 13:28:40", "elapsed": 2005.086185, "delta": 12.694888}}
{"target": 3493.9560053380324, "params": {"x0": 0.810282972856181, "x1": 3.156412170890345, "x2": 0.9470252767439241, "x3": 0.4572944350739885, "x4": 1.919200672368453, "x5": 3.7297230113594027, "x6": 5.010847608942117, "x7": -4.74582071563204, "x8": 1.3885955721766705, "x9": 1.7167883115114557}, "datetime": {"datetime": "2025-05-13 13:28:52", "elapsed": 2017.486247, "delta": 12.400062}}
{"target": 3493.9560053380324, "params": {"x0": 0.8102828509508894, "x1": 3.1564140536612713, "x2": 0.9470240544774692, "x3": 0.45729731292505144, "x4": 1.9192027075943627, "x5": 3.729726313757205, "x6": 5.01085032735206, "x7": -4.7458185740732395, "x8": 1.3885953381647016, "x9": 1.7167880599007748}, "datetime": {"datetime": "2025-05-13 13:29:05", "elapsed": 2030.111433, "delta": 12.625186}}
{"target": 3493.9560053380324, "params": {"x0": 0.8102827412361269, "x1": 3.1564157481551045, "x2": 0.9470229544376597, "x3": 0.45729990299100803, "x4": 1.9192045392976818, "x5": 3.729729285915227, "x6": 5.010852773921008, "x7": -4.7458166466703195, "x8": 1.3885951275539297, "x9": 1.716787833451162}, "datetime": {"datetime": "2025-05-13 13:29:17", "elapsed": 2042.691228, "delta": 12.579795}}
{"target": 3493.9560053380324, "params": {"x0": 0.8102826424928407, "x1": 3.1564172731995543, "x2": 0.9470219644018313, "x3": 0.457302234050369, "x4": 1.9192061878306688, "x5": 3.7297319608574466, "x6": 5.010854975833062, "x7": -4.745814912007691, "x8": 1.3885949380042348, "x9": 1.7167876296465103}, "datetime": {"datetime": "2025-05-13 13:29:30", "elapsed": 2055.413091, "delta": 12.721863}}
{"target": 3493.9560053380324, "params": {"x0": 0.810282553623883, "x1": 3.1564186457395595, "x2": 0.9470210733695856, "x3": 0.4573043320037939, "x4": 1.919207671510357, "x5": 3.7297343683054445, "x6": 5.0108569575539095, "x7": -4.745813350811326, "x8": 1.3885947674095096, "x9": 1.7167874462223238}, "datetime": {"datetime": "2025-05-13 13:29:43", "elapsed": 2067.806254, "delta": 12.393163}}
{"target": 3493.9560053380324, "params": {"x0": 0.8102824736418212, "x1": 3.156419881025564, "x2": 0.9470202714405646, "x3": 0.4573062201618763, "x4": 1.9192090068220766, "x5": 3.729736535008642, "x6": 5.010858741102673, "x7": -4.745811945734597, "x8": 1.3885946138742566, "x9": 1.716787281140556}, "datetime": {"datetime": "2025-05-13 13:29:55", "elapsed": 2080.607321, "delta": 12.801067}}
