{"target": 3493.9560053380324, "params": {"x0": 0.8102817538032688, "x1": 3.1564309985997556, "x2": 0.9470130540793338, "x3": 0.4573232135846681, "x4": 1.9192210246276526, "x5": 3.729756035337293, "x6": 5.010874793041581, "x7": -4.745799300043872, "x8": 1.388593232056952, "x9": 1.7167857954046197}, "datetime": {"datetime": "2025-05-13 14:05:40", "elapsed": 4225.313432, "delta": 13.744635}}
{"target": 3493.9560053380324, "params": {"x0": 0.8102817538032694, "x1": 3.156430998599365, "x2": 0.9470130540793323, "x3": 0.45732321358426525, "x4": 1.919221024627434, "x5": 3.729756035337282, "x6": 5.010874793041465, "x7": -4.7457993000437595, "x8": 1.3885932320569632, "x9": 1.7167857954046133}, "datetime": {"datetime": "2025-05-13 14:05:54", "elapsed": 4239.09139, "delta": 13.777958}}
{"target": 3493.9560053380324, "params": {"x0": 0.8102817538032749, "x1": 3.156430998599515, "x2": 0.9470130540792995, "x3": 0.45732321358487704, "x4": 1.9192210246274464, "x5": 3.729756035337123, "x6": 5.010874793041284, "x7": -4.745799300043981, "x8": 1.388593232056998, "x9": 1.716785795404628}, "datetime": {"datetime": "2025-05-13 14:06:07", "elapsed": 4252.231295, "delta": 13.139905}}
{"target": 3493.9560053380324, "params": {"x0": 0.8102817538032645, "x1": 3.156430998599495, "x2": 0.9470130540792451, "x3": 0.45732321358440714, "x4": 1.919221024627671, "x5": 3.72975603533719, "x6": 5.010874793041674, "x7": -4.74579930004395, "x8": 1.3885932320570007, "x9": 1.7167857954046344}, "datetime": {"datetime": "2025-05-13 14:06:21", "elapsed": 4266.032625, "delta": 13.80133}}
{"target": 3493.9560053380324, "params": {"x0": 0.8102817538032607, "x1": 3.156430998599664, "x2": 0.9470130540793742, "x3": 0.45732321358469963, "x4": 1.91922102462755, "x5": 3.729756035337105, "x6": 5.010874793041662, "x7": -4.745799300044177, "x8": 1.3885932320569985, "x9": 1.7167857954046508}, "datetime": {"datetime": "2025-05-13 14:06:34", "elapsed": 4279.349412, "delta": 13.316787}}
{"target": 3493.9560053380324, "params": {"x0": 0.8102817538032544, "x1": 3.15643099859959, "x2": 0.9470130540794068, "x3": 0.45732321358465444, "x4": 1.919221024627562, "x5": 3.729756035337639, "x6": 5.0108747930414586, "x7": -4.745799300043871, "x8": 1.3885932320569823, "x9": 1.7167857954046672}, "datetime": {"datetime": "2025-05-13 14:06:47", "elapsed": 4292.557529, "delta": 13.208117}}
{"target": 3493.9560053380324, "params": {"x0": 0.810281753803258, "x1": 3.1564309985995673, "x2": 0.947013054079307, "x3": 0.4573232135847709, "x4": 1.9192210246276595, "x5": 3.7297560353375228, "x6": 5.010874793041394, "x7": -4.745799300044205, "x8": 1.3885932320569885, "x9": 1.716785795404627}, "datetime": {"datetime": "2025-05-13 14:07:01", "elapsed": 4306.144422, "delta": 13.586893}}
{"target": 3493.9560053380324, "params": {"x0": 0.8102817538032651, "x1": 3.1564309985996206, "x2": 0.9470130540793147, "x3": 0.45732321358466604, "x4": 1.9192210246276364, "x5": 3.729756035337543, "x6": 5.010874793041691, "x7": -4.745799300044153, "x8": 1.3885932320569847, "x9": 1.7167857954046395}, "datetime": {"datetime": "2025-05-13 14:07:14", "elapsed": 4319.741172, "delta": 13.59675}}
{"target": 3493.9560053380324, "params": {"x0": 0.8102817538032627, "x1": 3.15643099859972, "x2": 0.9470130540794429, "x3": 0.45732321358444666, "x4": 1.91922102462751, "x5": 3.729756035337236, "x6": 5.010874793041638, "x7": -4.745799300044036, "x8": 1.388593232056993, "x9": 1.716785795404658}, "datetime": {"datetime": "2025-05-13 14:07:28", "elapsed": 4333.464581, "delta": 13.723409}}
{"target": 3493.9560053380324, "params": {"x0": 0.81028175380327, "x1": 3.156430998599593, "x2": 0.947013054079389, "x3": 0.4573232135845223, "x4": 1.9192210246276196, "x5": 3.729756035337466, "x6": 5.010874793041456, "x7": -4.745799300043985, "x8": 1.3885932320569785, "x9": 1.7167857954046346}, "datetime": {"datetime": "2025-05-13 14:07:42", "elapsed": 4347.069423, "delta": 13.604842}}
{"target": 3493.9560053380324, "params": {"x0": 0.8102817538032612, "x1": 3.1564309985995496, "x2": 0.9470130540793368, "x3": 0.4573232135845384, "x4": 1.9192210246276453, "x5": 3.7297560353373798, "x6": 5.010874793041436, "x7": -4.745799300044061, "x8": 1.3885932320569803, "x9": 1.7167857954046395}, "datetime": {"datetime": "2025-05-13 14:07:55", "elapsed": 4360.783655, "delta": 13.714232}}
{"target": 3493.9560053380324, "params": {"x0": 0.8102817538032671, "x1": 3.156430998599602, "x2": 0.9470130540793513, "x3": 0.4573232135844942, "x4": 1.9192210246274932, "x5": 3.729756035337413, "x6": 5.010874793041644, "x7": -4.7457993000439656, "x8": 1.3885932320569851, "x9": 1.7167857954046486}, "datetime": {"datetime": "2025-05-13 14:08:09", "elapsed": 4374.148546, "delta": 13.364891}}
{"target": 3493.9560053380324, "params": {"x0": 0.8102817538032597, "x1": 3.156430998599582, "x2": 0.9470130540794262, "x3": 0.4573232135845873, "x4": 1.9192210246274906, "x5": 3.729756035337491, "x6": 5.010874793041598, "x7": -4.745799300044118, "x8": 1.388593232056972, "x9": 1.7167857954046486}, "datetime": {"datetime": "2025-05-13 14:08:22", "elapsed": 4387.43909, "delta": 13.290544}}
{"target": 3493.9560053380324, "params": {"x0": 0.8102817538032612, "x1": 3.156430998599545, "x2": 0.9470130540794176, "x3": 0.45732321358459016, "x4": 1.919221024627512, "x5": 3.7297560353373345, "x6": 5.01087479304159, "x7": -4.745799300044082, "x8": 1.3885932320569898, "x9": 1.716785795404644}, "datetime": {"datetime": "2025-05-13 14:08:36", "elapsed": 4401.043862, "delta": 13.604772}}
{"target": 3493.9560053380324, "params": {"x0": 0.810281753803261, "x1": 3.1564309985996326, "x2": 0.9470130540793662, "x3": 0.4573232135846277, "x4": 1.9192210246275847, "x5": 3.7297560353374, "x6": 5.01087479304148, "x7": -4.7457993000441085, "x8": 1.3885932320569743, "x9": 1.7167857954046375}, "datetime": {"datetime": "2025-05-13 14:08:49", "elapsed": 4413.894098, "delta": 12.850236}}
{"target": 3493.9560053380324, "params": {"x0": 0.8102817538032623, "x1": 3.1564309985995487, "x2": 0.947013054079392, "x3": 0.45732321358458455, "x4": 1.9192210246275194, "x5": 3.7297560353374704, "x6": 5.01087479304155, "x7": -4.745799300044041, "x8": 1.388593232056987, "x9": 1.7167857954046457}, "datetime": {"datetime": "2025-05-13 14:09:12", "elapsed": 4437.360057, "delta": 23.465959}}
{"target": 3493.9560053380324, "params": {"x0": 0.8102817538032627, "x1": 3.156430998599626, "x2": 0.9470130540793831, "x3": 0.4573232135846781, "x4": 1.9192210246275825, "x5": 3.7297560353373425, "x6": 5.010874793041526, "x7": -4.745799300043982, "x8": 1.3885932320569754, "x9": 1.7167857954046462}, "datetime": {"datetime": "2025-05-13 14:09:29", "elapsed": 4454.053624, "delta": 16.693567}}
{"target": 3493.9560053380324, "params": {"x0": 0.8102817538032634, "x1": 3.1564309985996335, "x2": 0.9470130540793548, "x3": 0.457323213584626, "x4": 1.9192210246275583, "x5": 3.7297560353374983, "x6": 5.010874793041598, "x7": -4.745799300043992, "x8": 1.388593232056982, "x9": 1.7167857954046422}, "datetime": {"datetime": "2025-05-13 14:09:42", "elapsed": 4467.119537, "delta": 13.065913}}
{"target": 3493.9560053380324, "params": {"x0": 0.8102817538032653, "x1": 3.1564309985995687, "x2": 0.9470130540793523, "x3": 0.4573232135846721, "x4": 1.9192210246275563, "x5": 3.72975603533749, "x6": 5.01087479304149, "x7": -4.7457993000440295, "x8": 1.388593232056983, "x9": 1.716785795404646}, "datetime": {"datetime": "2025-05-13 14:09:55", "elapsed": 4480.306831, "delta": 13.187294}}
{"target": 3493.9560053380324, "params": {"x0": 0.8102817538032652, "x1": 3.1564309985996246, "x2": 0.9470130540793795, "x3": 0.4573232135846073, "x4": 1.9192210246275452, "x5": 3.7297560353374295, "x6": 5.0108747930415785, "x7": -4.7457993000440375, "x8": 1.3885932320569803, "x9": 1.7167857954046415}, "datetime": {"datetime": "2025-05-13 14:10:08", "elapsed": 4493.563939, "delta": 13.257108}}
{"target": 3493.9560053380324, "params": {"x0": 0.8102817538032637, "x1": 3.1564309985996295, "x2": 0.9470130540793641, "x3": 0.4573232135845929, "x4": 1.9192210246275594, "x5": 3.7297560353374473, "x6": 5.010874793041574, "x7": -4.745799300044001, "x8": 1.3885932320569854, "x9": 1.7167857954046468}, "datetime": {"datetime": "2025-05-13 14:10:21", "elapsed": 4506.766957, "delta": 13.203018}}
{"target": 3493.9560053380324, "params": {"x0": 0.8102817538032657, "x1": 3.1564309985995798, "x2": 0.9470130540793804, "x3": 0.45732321358457956, "x4": 1.9192210246275634, "x5": 3.7297560353373704, "x6": 5.0108747930415225, "x7": -4.745799300044015, "x8": 1.3885932320569794, "x9": 1.7167857954046453}, "datetime": {"datetime": "2025-05-13 14:10:35", "elapsed": 4519.996426, "delta": 13.229469}}
{"target": 3493.9560053380324, "params": {"x0": 0.8102817538032631, "x1": 3.1564309985995957, "x2": 0.9470130540793643, "x3": 0.45732321358459427, "x4": 1.9192210246275803, "x5": 3.7297560353374015, "x6": 5.010874793041567, "x7": -4.745799300044039, "x8": 1.3885932320569827, "x9": 1.7167857954046446}, "datetime": {"datetime": "2025-05-13 14:10:49", "elapsed": 4534.427764, "delta": 14.431338}}
{"target": 3493.9560053380324, "params": {"x0": 0.8102817538032634, "x1": 3.156430998599582, "x2": 0.9470130540793743, "x3": 0.45732321358464223, "x4": 1.919221024627533, "x5": 3.7297560353374006, "x6": 5.010874793041576, "x7": -4.7457993000440375, "x8": 1.3885932320569832, "x9": 1.7167857954046468}, "datetime": {"datetime": "2025-05-13 14:11:02", "elapsed": 4547.569798, "delta": 13.142034}}
{"target": 3493.9560053380324, "params": {"x0": 0.8102817538032637, "x1": 3.1564309985996166, "x2": 0.9470130540793843, "x3": 0.4573232135846408, "x4": 1.9192210246275747, "x5": 3.7297560353374517, "x6": 5.01087479304151, "x7": -4.745799300044023, "x8": 1.3885932320569794, "x9": 1.716785795404647}, "datetime": {"datetime": "2025-05-13 14:11:15", "elapsed": 4560.545095, "delta": 12.975297}}
{"target": 3493.9560053380324, "params": {"x0": 0.8102817538032653, "x1": 3.156430998599616, "x2": 0.9470130540793777, "x3": 0.45732321358464556, "x4": 1.9192210246275325, "x5": 3.729756035337445, "x6": 5.010874793041569, "x7": -4.745799300044059, "x8": 1.3885932320569836, "x9": 1.7167857954046482}, "datetime": {"datetime": "2025-05-13 14:11:30", "elapsed": 4575.456925, "delta": 14.91183}}
{"target": 3493.9560053380324, "params": {"x0": 0.8102817538032641, "x1": 3.156430998599607, "x2": 0.947013054079367, "x3": 0.4573232135846068, "x4": 1.9192210246275427, "x5": 3.729756035337412, "x6": 5.010874793041544, "x7": -4.745799300044033, "x8": 1.3885932320569816, "x9": 1.7167857954046442}, "datetime": {"datetime": "2025-05-13 14:11:44", "elapsed": 4589.184456, "delta": 13.727531}}
{"target": 3493.9560053380324, "params": {"x0": 0.8102817538032654, "x1": 3.156430998599603, "x2": 0.9470130540793772, "x3": 0.4573232135846344, "x4": 1.9192210246275576, "x5": 3.729756035337415, "x6": 5.010874793041545, "x7": -4.745799300044045, "x8": 1.3885932320569818, "x9": 1.716785795404646}, "datetime": {"datetime": "2025-05-13 14:11:57", "elapsed": 4602.220027, "delta": 13.035571}}
{"target": 3493.9560053380324, "params": {"x0": 0.8102817538032654, "x1": 3.1564309985995993, "x2": 0.9470130540793802, "x3": 0.45732321358461775, "x4": 1.9192210246275592, "x5": 3.7297560353374193, "x6": 5.010874793041523, "x7": -4.745799300044032, "x8": 1.3885932320569827, "x9": 1.7167857954046482}, "datetime": {"datetime": "2025-05-13 14:12:11", "elapsed": 4616.408866, "delta": 14.188839}}
{"target": 3493.9560053380324, "params": {"x0": 0.810281753803264, "x1": 3.156430998599596, "x2": 0.9470130540793791, "x3": 0.4573232135846064, "x4": 1.9192210246275552, "x5": 3.7297560353374286, "x6": 5.01087479304153, "x7": -4.745799300044052, "x8": 1.3885932320569805, "x9": 1.7167857954046453}, "datetime": {"datetime": "2025-05-13 14:12:25", "elapsed": 4630.794376, "delta": 14.38551}}
{"target": 3493.9560053380324, "params": {"x0": 0.8102817538032643, "x1": 3.1564309985995944, "x2": 0.9470130540793782, "x3": 0.4573232135846003, "x4": 1.9192210246275636, "x5": 3.729756035337417, "x6": 5.010874793041556, "x7": -4.745799300044031, "x8": 1.3885932320569823, "x9": 1.7167857954046466}, "datetime": {"datetime": "2025-05-13 14:12:39", "elapsed": 4644.386057, "delta": 13.591681}}
{"target": 3493.9560053380324, "params": {"x0": 0.8102817538032641, "x1": 3.1564309985996117, "x2": 0.947013054079377, "x3": 0.45732321358462075, "x4": 1.9192210246275583, "x5": 3.7297560353374055, "x6": 5.010874793041555, "x7": -4.745799300044038, "x8": 1.3885932320569807, "x9": 1.716785795404646}, "datetime": {"datetime": "2025-05-13 14:12:52", "elapsed": 4656.94534, "delta": 12.559283}}
{"target": 3493.9560053380324, "params": {"x0": 0.8102817538032637, "x1": 3.156430998599607, "x2": 0.9470130540793742, "x3": 0.4573232135846238, "x4": 1.9192210246275445, "x5": 3.729756035337417, "x6": 5.010874793041547, "x7": -4.74579930004403, "x8": 1.3885932320569816, "x9": 1.7167857954046473}, "datetime": {"datetime": "2025-05-13 14:13:05", "elapsed": 4670.053693, "delta": 13.108353}}
{"target": 3493.9560053380324, "params": {"x0": 0.8102817538032646, "x1": 3.1564309985996073, "x2": 0.947013054079375, "x3": 0.4573232135846191, "x4": 1.91922102462756, "x5": 3.729756035337429, "x6": 5.010874793041533, "x7": -4.745799300044037, "x8": 1.3885932320569816, "x9": 1.7167857954046457}, "datetime": {"datetime": "2025-05-13 14:13:18", "elapsed": 4683.527805, "delta": 13.474112}}
{"target": 3493.9560053380324, "params": {"x0": 0.8102817538032646, "x1": 3.1564309985996117, "x2": 0.9470130540793732, "x3": 0.4573232135846121, "x4": 1.9192210246275518, "x5": 3.7297560353374246, "x6": 5.010874793041541, "x7": -4.745799300044032, "x8": 1.3885932320569823, "x9": 1.7167857954046462}, "datetime": {"datetime": "2025-05-13 14:13:31", "elapsed": 4696.528278, "delta": 13.000473}}
{"target": 3493.9560053380324, "params": {"x0": 0.8102817538032643, "x1": 3.1564309985996024, "x2": 0.9470130540793772, "x3": 0.4573232135846099, "x4": 1.9192210246275565, "x5": 3.729756035337413, "x6": 5.01087479304155, "x7": -4.74579930004404, "x8": 1.388593232056981, "x9": 1.7167857954046464}, "datetime": {"datetime": "2025-05-13 14:13:45", "elapsed": 4709.800152, "delta": 13.271874}}
{"target": 3493.9560053380324, "params": {"x0": 0.8102817538032647, "x1": 3.156430998599608, "x2": 0.9470130540793769, "x3": 0.4573232135846194, "x4": 1.9192210246275463, "x5": 3.729756035337423, "x6": 5.01087479304154, "x7": -4.745799300044042, "x8": 1.388593232056981, "x9": 1.7167857954046464}, "datetime": {"datetime": "2025-05-13 14:13:57", "elapsed": 4722.790678, "delta": 12.990526}}
{"target": 3493.9560053380324, "params": {"x0": 0.8102817538032645, "x1": 3.156430998599601, "x2": 0.9470130540793736, "x3": 0.4573232135846218, "x4": 1.919221024627558, "x5": 3.729756035337415, "x6": 5.010874793041539, "x7": -4.745799300044039, "x8": 1.3885932320569812, "x9": 1.7167857954046464}, "datetime": {"datetime": "2025-05-13 14:14:11", "elapsed": 4736.024321, "delta": 13.233643}}
{"target": 3493.9560053380324, "params": {"x0": 0.8102817538032646, "x1": 3.1564309985996086, "x2": 0.9470130540793779, "x3": 0.45732321358461253, "x4": 1.9192210246275514, "x5": 3.7297560353374166, "x6": 5.010874793041545, "x7": -4.745799300044039, "x8": 1.3885932320569814, "x9": 1.716785795404646}, "datetime": {"datetime": "2025-05-13 14:14:24", "elapsed": 4749.642526, "delta": 13.618205}}
{"target": 3493.9560053380324, "params": {"x0": 0.8102817538032645, "x1": 3.156430998599603, "x2": 0.9470130540793725, "x3": 0.45732321358461453, "x4": 1.919221024627557, "x5": 3.7297560353374175, "x6": 5.0108747930415465, "x7": -4.745799300044044, "x8": 1.388593232056982, "x9": 1.7167857954046466}, "datetime": {"datetime": "2025-05-13 14:14:38", "elapsed": 4763.553739, "delta": 13.911213}}
{"target": 3493.9560053380324, "params": {"x0": 0.8102817538032646, "x1": 3.156430998599604, "x2": 0.947013054079374, "x3": 0.45732321358461964, "x4": 1.9192210246275523, "x5": 3.7297560353374215, "x6": 5.010874793041547, "x7": -4.7457993000440375, "x8": 1.3885932320569816, "x9": 1.716785795404646}, "datetime": {"datetime": "2025-05-13 14:14:52", "elapsed": 4777.419963, "delta": 13.866224}}
{"target": 3493.9560053380324, "params": {"x0": 0.8102817538032643, "x1": 3.156430998599608, "x2": 0.9470130540793739, "x3": 0.45732321358461275, "x4": 1.9192210246275556, "x5": 3.7297560353374273, "x6": 5.010874793041542, "x7": -4.74579930004404, "x8": 1.3885932320569814, "x9": 1.7167857954046457}, "datetime": {"datetime": "2025-05-13 14:15:06", "elapsed": 4791.367224, "delta": 13.947261}}
{"target": 3493.9560053380324, "params": {"x0": 0.8102817538032643, "x1": 3.1564309985996033, "x2": 0.9470130540793731, "x3": 0.45732321358461586, "x4": 1.9192210246275505, "x5": 3.729756035337426, "x6": 5.010874793041541, "x7": -4.745799300044038, "x8": 1.3885932320569814, "x9": 1.716785795404646}, "datetime": {"datetime": "2025-05-13 14:15:19", "elapsed": 4804.564043, "delta": 13.196819}}
{"target": 3493.9560053380324, "params": {"x0": 0.8102817538032644, "x1": 3.156430998599602, "x2": 0.9470130540793767, "x3": 0.4573232135846174, "x4": 1.919221024627553, "x5": 3.7297560353374286, "x6": 5.010874793041546, "x7": -4.745799300044041, "x8": 1.3885932320569814, "x9": 1.7167857954046464}, "datetime": {"datetime": "2025-05-13 14:15:33", "elapsed": 4818.526628, "delta": 13.962585}}
{"target": 3493.9560053380324, "params": {"x0": 0.8102817538032644, "x1": 3.1564309985996073, "x2": 0.9470130540793759, "x3": 0.45732321358461836, "x4": 1.9192210246275518, "x5": 3.7297560353374206, "x6": 5.01087479304154, "x7": -4.745799300044041, "x8": 1.3885932320569814, "x9": 1.7167857954046462}, "datetime": {"datetime": "2025-05-13 14:15:47", "elapsed": 4832.16242, "delta": 13.635792}}
{"target": 3493.9560053380324, "params": {"x0": 0.8102817538032644, "x1": 3.156430998599605, "x2": 0.9470130540793742, "x3": 0.45732321358461847, "x4": 1.9192210246275505, "x5": 3.7297560353374255, "x6": 5.010874793041541, "x7": -4.745799300044038, "x8": 1.3885932320569816, "x9": 1.7167857954046464}, "datetime": {"datetime": "2025-05-13 14:16:00", "elapsed": 4845.772275, "delta": 13.609855}}
{"target": 3493.9560053380324, "params": {"x0": 0.8102817538032644, "x1": 3.156430998599603, "x2": 0.9470130540793754, "x3": 0.4573232135846183, "x4": 1.919221024627553, "x5": 3.729756035337423, "x6": 5.010874793041545, "x7": -4.745799300044038, "x8": 1.3885932320569816, "x9": 1.716785795404646}, "datetime": {"datetime": "2025-05-13 14:16:14", "elapsed": 4859.099869, "delta": 13.327594}}
{"target": 3493.9560053380324, "params": {"x0": 0.8102817538032644, "x1": 3.156430998599606, "x2": 0.9470130540793742, "x3": 0.45732321358461997, "x4": 1.9192210246275534, "x5": 3.7297560353374215, "x6": 5.01087479304154, "x7": -4.74579930004404, "x8": 1.3885932320569814, "x9": 1.7167857954046462}, "datetime": {"datetime": "2025-05-13 14:16:27", "elapsed": 4872.618492, "delta": 13.518623}}
{"target": 3493.9560053380324, "params": {"x0": 0.8102817538032644, "x1": 3.156430998599605, "x2": 0.9470130540793757, "x3": 0.4573232135846172, "x4": 1.9192210246275505, "x5": 3.7297560353374233, "x6": 5.010874793041544, "x7": -4.74579930004404, "x8": 1.3885932320569818, "x9": 1.7167857954046462}, "datetime": {"datetime": "2025-05-13 14:16:41", "elapsed": 4885.869522, "delta": 13.25103}}
{"target": 3493.9560053380324, "params": {"x0": 0.8102817538032644, "x1": 3.156430998599605, "x2": 0.9470130540793759, "x3": 0.45732321358461764, "x4": 1.9192210246275536, "x5": 3.729756035337425, "x6": 5.010874793041544, "x7": -4.745799300044037, "x8": 1.3885932320569818, "x9": 1.7167857954046464}, "datetime": {"datetime": "2025-05-13 14:16:54", "elapsed": 4899.607243, "delta": 13.737721}}
{"target": 3493.9560053380324, "params": {"x0": 0.8102817538032644, "x1": 3.156430998599606, "x2": 0.9470130540793754, "x3": 0.4573232135846163, "x4": 1.9192210246275507, "x5": 3.7297560353374215, "x6": 5.010874793041541, "x7": -4.7457993000440375, "x8": 1.3885932320569816, "x9": 1.7167857954046464}, "datetime": {"datetime": "2025-05-13 14:17:09", "elapsed": 4914.018569, "delta": 14.411326}}
{"target": 3493.9560053380324, "params": {"x0": 0.8102817538032645, "x1": 3.1564309985996055, "x2": 0.9470130540793744, "x3": 0.45732321358461714, "x4": 1.9192210246275516, "x5": 3.729756035337425, "x6": 5.010874793041543, "x7": -4.745799300044039, "x8": 1.3885932320569816, "x9": 1.7167857954046464}, "datetime": {"datetime": "2025-05-13 14:17:22", "elapsed": 4927.556638, "delta": 13.538069}}
{"target": 3493.9560053380324, "params": {"x0": 0.8102817538032644, "x1": 3.156430998599605, "x2": 0.9470130540793756, "x3": 0.4573232135846167, "x4": 1.919221024627551, "x5": 3.7297560353374237, "x6": 5.010874793041543, "x7": -4.745799300044038, "x8": 1.3885932320569816, "x9": 1.7167857954046462}, "datetime": {"datetime": "2025-05-13 14:17:36", "elapsed": 4941.226936, "delta": 13.670298}}
{"target": 3493.9560053380324, "params": {"x0": 0.8102817538032644, "x1": 3.156430998599605, "x2": 0.9470130540793752, "x3": 0.45732321358461625, "x4": 1.9192210246275518, "x5": 3.729756035337425, "x6": 5.01087479304154, "x7": -4.7457993000440375, "x8": 1.3885932320569816, "x9": 1.7167857954046464}, "datetime": {"datetime": "2025-05-13 14:17:50", "elapsed": 4955.00476, "delta": 13.777824}}
{"target": 3493.9560053380324, "params": {"x0": 0.8102817538032643, "x1": 3.1564309985996046, "x2": 0.9470130540793755, "x3": 0.4573232135846187, "x4": 1.9192210246275532, "x5": 3.7297560353374237, "x6": 5.010874793041541, "x7": -4.745799300044038, "x8": 1.3885932320569816, "x9": 1.7167857954046462}, "datetime": {"datetime": "2025-05-13 14:18:04", "elapsed": 4969.093433, "delta": 14.088673}}
