{"target": 3493.9560053380324, "params": {"x0": 0.8102817538077758, "x1": 3.1564309985286076, "x2": 0.9470130541110658, "x3": 0.45732321347671895, "x4": 1.9192210246241832, "x5": 3.7297560351845114, "x6": 5.010874792971207, "x7": -4.745799300117175, "x8": 1.388593232068267, "x9": 1.71678579540239}, "datetime": {"datetime": "2025-05-13 13:53:34", "elapsed": 3499.414381, "delta": 12.893189}}
{"target": 3493.9560053380324, "params": {"x0": 0.8102817537983958, "x1": 3.156430998519966, "x2": 0.947013054100267, "x3": 0.4573232134674915, "x4": 1.9192210245495562, "x5": 3.72975603521335, "x6": 5.0108747929651205, "x7": -4.74579930008605, "x8": 1.3885932320664476, "x9": 1.71678579541269}, "datetime": {"datetime": "2025-05-13 13:53:47", "elapsed": 3512.589044, "delta": 13.174663}}
{"target": 3493.9560053380324, "params": {"x0": 0.8102817538048551, "x1": 3.1564309985253263, "x2": 0.9470130541029844, "x3": 0.4573232135195953, "x4": 1.9192210246297818, "x5": 3.729756035277036, "x6": 5.010874793034057, "x7": -4.745799299962759, "x8": 1.3885932320642707, "x9": 1.716785795402946}, "datetime": {"datetime": "2025-05-13 13:54:01", "elapsed": 3526.085668, "delta": 13.496624}}
{"target": 3493.9560053380324, "params": {"x0": 0.8102817538067603, "x1": 3.156430998538803, "x2": 0.9470130541177916, "x3": 0.4573232135142026, "x4": 1.919221024619148, "x5": 3.729756035226848, "x6": 5.010874792988334, "x7": -4.745799300053915, "x8": 1.388593232062879, "x9": 1.7167857954090104}, "datetime": {"datetime": "2025-05-13 13:54:14", "elapsed": 3539.176808, "delta": 13.09114}}
{"target": 3493.9560053380324, "params": {"x0": 0.8102817538041801, "x1": 3.156430998538956, "x2": 0.9470130540920095, "x3": 0.4573232135038226, "x4": 1.9192210245825427, "x5": 3.729756035232689, "x6": 5.010874792971048, "x7": -4.745799299982015, "x8": 1.3885932320638994, "x9": 1.7167857954053352}, "datetime": {"datetime": "2025-05-13 13:54:27", "elapsed": 3552.072329, "delta": 12.895521}}
{"target": 3493.9560053380324, "params": {"x0": 0.8102817538002123, "x1": 3.1564309985452836, "x2": 0.9470130540708812, "x3": 0.45732321353424954, "x4": 1.919221024590945, "x5": 3.7297560352433914, "x6": 5.010874792967505, "x7": -4.745799300093146, "x8": 1.3885932320625933, "x9": 1.7167857954051562}, "datetime": {"datetime": "2025-05-13 13:54:40", "elapsed": 3565.116455, "delta": 13.044126}}
{"target": 3493.9560053380324, "params": {"x0": 0.810281753800635, "x1": 3.1564309985589794, "x2": 0.9470130541016305, "x3": 0.4573232135665659, "x4": 1.919221024592718, "x5": 3.7297560352545998, "x6": 5.010874792995716, "x7": -4.745799300000724, "x8": 1.3885932320630325, "x9": 1.7167857954089185}, "datetime": {"datetime": "2025-05-13 13:54:53", "elapsed": 3578.251935, "delta": 13.13548}}
{"target": 3493.9560053380324, "params": {"x0": 0.8102817538004353, "x1": 3.1564309985572607, "x2": 0.9470130540978815, "x3": 0.45732321353524585, "x4": 1.9192210246549035, "x5": 3.7297560352651766, "x6": 5.010874793078682, "x7": -4.7457992999948395, "x8": 1.388593232061247, "x9": 1.7167857954009984}, "datetime": {"datetime": "2025-05-13 13:55:06", "elapsed": 3591.228073, "delta": 12.976138}}
{"target": 3493.9560053380324, "params": {"x0": 0.8102817538039052, "x1": 3.1564309985626537, "x2": 0.9470130541039528, "x3": 0.4573232135996384, "x4": 1.9192210246325538, "x5": 3.729756035283716, "x6": 5.010874793066346, "x7": -4.745799300045503, "x8": 1.388593232060494, "x9": 1.7167857953997236}, "datetime": {"datetime": "2025-05-13 13:55:19", "elapsed": 3604.352101, "delta": 13.124028}}
{"target": 3493.9560053380324, "params": {"x0": 0.8102817538054298, "x1": 3.1564309985691406, "x2": 0.9470130540879145, "x3": 0.4573232135360444, "x4": 1.9192210246217527, "x5": 3.7297560352791956, "x6": 5.010874793040393, "x7": -4.745799300024351, "x8": 1.3885932320608736, "x9": 1.716785795406666}, "datetime": {"datetime": "2025-05-13 13:55:32", "elapsed": 3617.420006, "delta": 13.067905}}
{"target": 3493.9560053380324, "params": {"x0": 0.8102817538041998, "x1": 3.1564309985863614, "x2": 0.9470130540983152, "x3": 0.45732321355742067, "x4": 1.9192210246539574, "x5": 3.7297560352892334, "x6": 5.010874793047976, "x7": -4.745799300008504, "x8": 1.3885932320584995, "x9": 1.7167857954007857}, "datetime": {"datetime": "2025-05-13 13:55:45", "elapsed": 3630.574722, "delta": 13.154716}}
{"target": 3493.9560053380324, "params": {"x0": 0.8102817538038182, "x1": 3.1564309985798724, "x2": 0.9470130540949546, "x3": 0.4573232135492298, "x4": 1.9192210246237718, "x5": 3.7297560352916777, "x6": 5.010874793005476, "x7": -4.7457993000471035, "x8": 1.388593232060507, "x9": 1.7167857954085}, "datetime": {"datetime": "2025-05-13 13:55:59", "elapsed": 3644.095907, "delta": 13.521185}}
{"target": 3493.9560053380324, "params": {"x0": 0.8102817538027214, "x1": 3.1564309985748205, "x2": 0.9470130540947119, "x3": 0.45732321360033285, "x4": 1.9192210246023205, "x5": 3.729756035295858, "x6": 5.010874793019228, "x7": -4.745799300039831, "x8": 1.3885932320599392, "x9": 1.7167857954061068}, "datetime": {"datetime": "2025-05-13 13:56:11", "elapsed": 3656.794939, "delta": 12.699032}}
{"target": 3493.9560053380324, "params": {"x0": 0.8102817538019683, "x1": 3.1564309985804404, "x2": 0.9470130540806895, "x3": 0.45732321359594275, "x4": 1.9192210246049177, "x5": 3.729756035318235, "x6": 5.0108747930429525, "x7": -4.745799300021484, "x8": 1.388593232059819, "x9": 1.7167857954018573}, "datetime": {"datetime": "2025-05-13 13:56:24", "elapsed": 3669.437869, "delta": 12.64293}}
{"target": 3493.9560053380324, "params": {"x0": 0.8102817538043413, "x1": 3.1564309985800247, "x2": 0.9470130540720735, "x3": 0.4573232135730558, "x4": 1.9192210246132628, "x5": 3.7297560353365493, "x6": 5.01087479301606, "x7": -4.745799300045415, "x8": 1.388593232058602, "x9": 1.716785795402931}, "datetime": {"datetime": "2025-05-13 13:56:37", "elapsed": 3682.667592, "delta": 13.229723}}
{"target": 3493.9560053380324, "params": {"x0": 0.8102817538029392, "x1": 3.156430998580751, "x2": 0.9470130540858746, "x3": 0.4573232135731437, "x4": 1.9192210246468266, "x5": 3.729756035333491, "x6": 5.010874793050389, "x7": -4.745799300029819, "x8": 1.3885932320579895, "x9": 1.7167857954069803}, "datetime": {"datetime": "2025-05-13 13:56:51", "elapsed": 3696.080762, "delta": 13.41317}}
{"target": 3493.9560053380324, "params": {"x0": 0.8102817538043694, "x1": 3.156430998583259, "x2": 0.9470130540742124, "x3": 0.4573232135651769, "x4": 1.9192210246442107, "x5": 3.7297560353145807, "x6": 5.010874793061352, "x7": -4.745799300041698, "x8": 1.3885932320590575, "x9": 1.7167857954056875}, "datetime": {"datetime": "2025-05-13 13:57:05", "elapsed": 3709.830777, "delta": 13.750015}}
{"target": 3493.9560053380324, "params": {"x0": 0.8102817538035441, "x1": 3.1564309985848538, "x2": 0.9470130540862932, "x3": 0.45732321358388467, "x4": 1.9192210246379093, "x5": 3.7297560353295283, "x6": 5.010874793034506, "x7": -4.7457993000459, "x8": 1.3885932320573053, "x9": 1.716785795403538}, "datetime": {"datetime": "2025-05-13 13:57:18", "elapsed": 3723.25098, "delta": 13.420203}}
{"target": 3493.9560053380324, "params": {"x0": 0.8102817538029594, "x1": 3.15643099859582, "x2": 0.9470130540728698, "x3": 0.45732321357258493, "x4": 1.9192210246362307, "x5": 3.7297560353233314, "x6": 5.010874793041187, "x7": -4.745799300045477, "x8": 1.3885932320586973, "x9": 1.716785795406016}, "datetime": {"datetime": "2025-05-13 13:57:31", "elapsed": 3735.853562, "delta": 12.602582}}
{"target": 3493.9560053380324, "params": {"x0": 0.8102817538027961, "x1": 3.1564309985894665, "x2": 0.9470130540866585, "x3": 0.4573232135785695, "x4": 1.9192210246239443, "x5": 3.729756035331992, "x6": 5.0108747930590365, "x7": -4.745799300045444, "x8": 1.3885932320579704, "x9": 1.7167857954029742}, "datetime": {"datetime": "2025-05-13 13:57:44", "elapsed": 3748.91099, "delta": 13.057428}}
{"target": 3493.9560053380324, "params": {"x0": 0.8102817538032421, "x1": 3.1564309985905146, "x2": 0.9470130540852074, "x3": 0.457323213573176, "x4": 1.9192210246218517, "x5": 3.7297560353212402, "x6": 5.010874793054099, "x7": -4.7457993000549585, "x8": 1.3885932320576555, "x9": 1.7167857954035721}, "datetime": {"datetime": "2025-05-13 13:57:56", "elapsed": 3761.58822, "delta": 12.67723}}
{"target": 3493.9560053380324, "params": {"x0": 0.810281753802936, "x1": 3.156430998592752, "x2": 0.947013054079202, "x3": 0.457323213584995, "x4": 1.9192210246283425, "x5": 3.729756035326196, "x6": 5.010874793047603, "x7": -4.7457993000484935, "x8": 1.388593232057207, "x9": 1.716785795404206}, "datetime": {"datetime": "2025-05-13 13:58:10", "elapsed": 3775.029968, "delta": 13.441748}}
{"target": 3493.9560053380324, "params": {"x0": 0.8102817538033442, "x1": 3.156430998592871, "x2": 0.9470130540785843, "x3": 0.4573232135845054, "x4": 1.9192210246315204, "x5": 3.7297560353344124, "x6": 5.010874793051082, "x7": -4.745799300054263, "x8": 1.388593232056315, "x9": 1.7167857954040688}, "datetime": {"datetime": "2025-05-13 13:58:23", "elapsed": 3788.644882, "delta": 13.614914}}
{"target": 3493.9560053380324, "params": {"x0": 0.8102817538034783, "x1": 3.156430998592456, "x2": 0.9470130540795679, "x3": 0.4573232135866133, "x4": 1.9192210246346317, "x5": 3.7297560353231525, "x6": 5.010874793034767, "x7": -4.745799300052155, "x8": 1.3885932320574612, "x9": 1.716785795404503}, "datetime": {"datetime": "2025-05-13 13:58:37", "elapsed": 3802.124271, "delta": 13.479389}}
{"target": 3493.9560053380324, "params": {"x0": 0.8102817538032474, "x1": 3.1564309986005417, "x2": 0.947013054080056, "x3": 0.4573232135889583, "x4": 1.9192210246276191, "x5": 3.729756035333642, "x6": 5.0108747930444375, "x7": -4.745799300046725, "x8": 1.388593232057218, "x9": 1.7167857954037682}, "datetime": {"datetime": "2025-05-13 13:58:50", "elapsed": 3815.339979, "delta": 13.215708}}
{"target": 3493.9560053380324, "params": {"x0": 0.8102817538030731, "x1": 3.156430998595168, "x2": 0.9470130540799678, "x3": 0.45732321358770955, "x4": 1.9192210246325092, "x5": 3.7297560353361225, "x6": 5.010874793039725, "x7": -4.7457993000393435, "x8": 1.3885932320578083, "x9": 1.7167857954054602}, "datetime": {"datetime": "2025-05-13 13:59:03", "elapsed": 3828.784319, "delta": 13.44434}}
{"target": 3493.9560053380324, "params": {"x0": 0.8102817538032963, "x1": 3.156430998595657, "x2": 0.9470130540764563, "x3": 0.45732321358983513, "x4": 1.9192210246262622, "x5": 3.7297560353404235, "x6": 5.010874793037441, "x7": -4.745799300037657, "x8": 1.388593232056614, "x9": 1.7167857954039958}, "datetime": {"datetime": "2025-05-13 13:59:17", "elapsed": 3842.435539, "delta": 13.65122}}
{"target": 3493.9560053380324, "params": {"x0": 0.8102817538029214, "x1": 3.1564309985977492, "x2": 0.9470130540762488, "x3": 0.4573232135870283, "x4": 1.9192210246295038, "x5": 3.729756035331609, "x6": 5.010874793039612, "x7": -4.745799300042342, "x8": 1.388593232057296, "x9": 1.7167857954044845}, "datetime": {"datetime": "2025-05-13 13:59:30", "elapsed": 3855.271067, "delta": 12.835528}}
{"target": 3493.9560053380324, "params": {"x0": 0.8102817538034296, "x1": 3.1564309986023504, "x2": 0.9470130540817917, "x3": 0.45732321358653116, "x4": 1.9192210246300276, "x5": 3.729756035330848, "x6": 5.010874793045301, "x7": -4.745799300048767, "x8": 1.3885932320574863, "x9": 1.716785795404255}, "datetime": {"datetime": "2025-05-13 13:59:43", "elapsed": 3868.288339, "delta": 13.017272}}
{"target": 3493.9560053380324, "params": {"x0": 0.8102817538034203, "x1": 3.156430998596957, "x2": 0.9470130540790906, "x3": 0.4573232135788879, "x4": 1.9192210246273806, "x5": 3.729756035344379, "x6": 5.010874793044843, "x7": -4.745799300043079, "x8": 1.3885932320569556, "x9": 1.7167857954041836}, "datetime": {"datetime": "2025-05-13 13:59:56", "elapsed": 3881.419541, "delta": 13.131202}}
{"target": 3493.9560053380324, "params": {"x0": 0.8102817538033495, "x1": 3.156430998596068, "x2": 0.9470130540802201, "x3": 0.45732321358512384, "x4": 1.9192210246314776, "x5": 3.7297560353374197, "x6": 5.010874793040097, "x7": -4.745799300039576, "x8": 1.388593232056696, "x9": 1.7167857954048542}, "datetime": {"datetime": "2025-05-13 14:00:09", "elapsed": 3894.622976, "delta": 13.203435}}
{"target": 3493.9560053380324, "params": {"x0": 0.810281753803059, "x1": 3.1564309986007277, "x2": 0.9470130540800394, "x3": 0.4573232135797269, "x4": 1.9192210246285075, "x5": 3.72975603534034, "x6": 5.010874793041823, "x7": -4.74579930004297, "x8": 1.3885932320573509, "x9": 1.716785795404984}, "datetime": {"datetime": "2025-05-13 14:00:23", "elapsed": 3908.352594, "delta": 13.729618}}
{"target": 3493.9560053380324, "params": {"x0": 0.810281753803344, "x1": 3.156430998598434, "x2": 0.9470130540780055, "x3": 0.4573232135862906, "x4": 1.919221024625095, "x5": 3.729756035337565, "x6": 5.0108747930458515, "x7": -4.745799300044914, "x8": 1.3885932320567864, "x9": 1.7167857954050554}, "datetime": {"datetime": "2025-05-13 14:00:36", "elapsed": 3921.422607, "delta": 13.070013}}
{"target": 3493.9560053380324, "params": {"x0": 0.8102817538033793, "x1": 3.156430998597076, "x2": 0.947013054078133, "x3": 0.45732321358594663, "x4": 1.919221024630051, "x5": 3.729756035341478, "x6": 5.0108747930430715, "x7": -4.7457993000430685, "x8": 1.3885932320569006, "x9": 1.7167857954044656}, "datetime": {"datetime": "2025-05-13 14:00:49", "elapsed": 3934.374589, "delta": 12.951982}}
{"target": 3493.9560053380324, "params": {"x0": 0.8102817538031472, "x1": 3.1564309985999914, "x2": 0.9470130540806511, "x3": 0.45732321358728595, "x4": 1.9192210246303012, "x5": 3.7297560353409858, "x6": 5.010874793039918, "x7": -4.745799300041297, "x8": 1.3885932320572987, "x9": 1.7167857954045145}, "datetime": {"datetime": "2025-05-13 14:01:02", "elapsed": 3947.431251, "delta": 13.056662}}
{"target": 3493.9560053380324, "params": {"x0": 0.8102817538032943, "x1": 3.156430998597484, "x2": 0.9470130540794459, "x3": 0.45732321358410716, "x4": 1.9192210246258605, "x5": 3.729756035336595, "x6": 5.010874793043414, "x7": -4.74579930004359, "x8": 1.388593232057244, "x9": 1.716785795404345}, "datetime": {"datetime": "2025-05-13 14:01:15", "elapsed": 3960.31446, "delta": 12.883209}}
{"target": 3493.9560053380324, "params": {"x0": 0.8102817538033469, "x1": 3.1564309985976937, "x2": 0.9470130540806119, "x3": 0.4573232135839496, "x4": 1.9192210246291455, "x5": 3.7297560353348196, "x6": 5.010874793039238, "x7": -4.745799300042731, "x8": 1.388593232056765, "x9": 1.7167857954044339}, "datetime": {"datetime": "2025-05-13 14:01:28", "elapsed": 3973.016481, "delta": 12.702021}}
{"target": 3493.9560053380324, "params": {"x0": 0.8102817538031754, "x1": 3.1564309985990215, "x2": 0.9470130540797562, "x3": 0.4573232135844334, "x4": 1.9192210246264836, "x5": 3.7297560353399417, "x6": 5.010874793041971, "x7": -4.745799300044463, "x8": 1.388593232056924, "x9": 1.7167857954044288}, "datetime": {"datetime": "2025-05-13 14:01:41", "elapsed": 3986.339749, "delta": 13.323268}}
{"target": 3493.9560053380324, "params": {"x0": 0.8102817538032683, "x1": 3.1564309985993027, "x2": 0.947013054079238, "x3": 0.4573232135829451, "x4": 1.919221024629163, "x5": 3.729756035335568, "x6": 5.010874793041397, "x7": -4.7457993000454515, "x8": 1.388593232057181, "x9": 1.7167857954044707}, "datetime": {"datetime": "2025-05-13 14:01:55", "elapsed": 3999.995306, "delta": 13.655557}}
{"target": 3493.9560053380324, "params": {"x0": 0.8102817538033554, "x1": 3.1564309985995123, "x2": 0.9470130540793714, "x3": 0.45732321358597344, "x4": 1.9192210246272794, "x5": 3.729756035335211, "x6": 5.010874793041652, "x7": -4.745799300045715, "x8": 1.388593232056934, "x9": 1.7167857954044983}, "datetime": {"datetime": "2025-05-13 14:02:08", "elapsed": 4013.209986, "delta": 13.21468}}
{"target": 3493.9560053380324, "params": {"x0": 0.810281753803245, "x1": 3.156430998600072, "x2": 0.9470130540791842, "x3": 0.457323213582791, "x4": 1.9192210246280696, "x5": 3.729756035336456, "x6": 5.0108747930425395, "x7": -4.745799300042507, "x8": 1.3885932320570264, "x9": 1.7167857954045802}, "datetime": {"datetime": "2025-05-13 14:02:21", "elapsed": 4025.996298, "delta": 12.786312}}
{"target": 3493.9560053380324, "params": {"x0": 0.8102817538032456, "x1": 3.156430998600783, "x2": 0.9470130540786964, "x3": 0.4573232135849775, "x4": 1.9192210246266665, "x5": 3.7297560353368304, "x6": 5.0108747930428335, "x7": -4.745799300044536, "x8": 1.3885932320568521, "x9": 1.7167857954047985}, "datetime": {"datetime": "2025-05-13 14:02:34", "elapsed": 4038.995833, "delta": 12.999535}}
{"target": 3493.9560053380324, "params": {"x0": 0.8102817538032382, "x1": 3.156430998599691, "x2": 0.9470130540788295, "x3": 0.4573232135846161, "x4": 1.919221024626549, "x5": 3.729756035337647, "x6": 5.010874793042812, "x7": -4.74579930004526, "x8": 1.388593232056867, "x9": 1.7167857954046273}, "datetime": {"datetime": "2025-05-13 14:02:48", "elapsed": 4053.29914, "delta": 14.303307}}
{"target": 3493.9560053380324, "params": {"x0": 0.8102817538032218, "x1": 3.1564309985999714, "x2": 0.94701305408002, "x3": 0.45732321358604694, "x4": 1.9192210246270849, "x5": 3.7297560353380486, "x6": 5.01087479304258, "x7": -4.745799300044471, "x8": 1.3885932320570689, "x9": 1.7167857954046009}, "datetime": {"datetime": "2025-05-13 14:03:02", "elapsed": 4067.163938, "delta": 13.864798}}
{"target": 3493.9560053380324, "params": {"x0": 0.8102817538032592, "x1": 3.1564309986002272, "x2": 0.94701305407916, "x3": 0.4573232135853917, "x4": 1.9192210246280292, "x5": 3.729756035337405, "x6": 5.01087479304157, "x7": -4.745799300044273, "x8": 1.3885932320570378, "x9": 1.7167857954047148}, "datetime": {"datetime": "2025-05-13 14:03:15", "elapsed": 4079.956631, "delta": 12.792693}}
{"target": 3493.9560053380324, "params": {"x0": 0.8102817538032538, "x1": 3.1564309986000696, "x2": 0.9470130540795629, "x3": 0.4573232135845268, "x4": 1.919221024627723, "x5": 3.7297560353368597, "x6": 5.0108747930424755, "x7": -4.745799300044849, "x8": 1.3885932320569279, "x9": 1.716785795404687}, "datetime": {"datetime": "2025-05-13 14:03:28", "elapsed": 4093.039938, "delta": 13.083307}}
{"target": 3493.9560053380324, "params": {"x0": 0.810281753803306, "x1": 3.1564309985998804, "x2": 0.9470130540790356, "x3": 0.4573232135852574, "x4": 1.9192210246272317, "x5": 3.729756035336208, "x6": 5.010874793042212, "x7": -4.745799300043989, "x8": 1.3885932320570493, "x9": 1.7167857954046137}, "datetime": {"datetime": "2025-05-13 14:03:41", "elapsed": 4106.679028, "delta": 13.63909}}
{"target": 3493.9560053380324, "params": {"x0": 0.8102817538032668, "x1": 3.156430998599071, "x2": 0.9470130540790742, "x3": 0.4573232135855334, "x4": 1.9192210246273835, "x5": 3.729756035337093, "x6": 5.010874793040864, "x7": -4.745799300044111, "x8": 1.388593232056911, "x9": 1.7167857954045906}, "datetime": {"datetime": "2025-05-13 14:03:54", "elapsed": 4119.292028, "delta": 12.613}}
{"target": 3493.9560053380324, "params": {"x0": 0.8102817538032483, "x1": 3.1564309985997503, "x2": 0.94701305407954, "x3": 0.4573232135843148, "x4": 1.9192210246277572, "x5": 3.729756035336415, "x6": 5.010874793042166, "x7": -4.745799300043788, "x8": 1.388593232056968, "x9": 1.7167857954046821}, "datetime": {"datetime": "2025-05-13 14:04:08", "elapsed": 4132.822045, "delta": 13.530017}}
{"target": 3493.9560053380324, "params": {"x0": 0.81028175380329, "x1": 3.156430998599506, "x2": 0.9470130540793004, "x3": 0.457323213584481, "x4": 1.9192210246280683, "x5": 3.7297560353373664, "x6": 5.010874793041859, "x7": -4.745799300043515, "x8": 1.3885932320570296, "x9": 1.7167857954047039}, "datetime": {"datetime": "2025-05-13 14:04:20", "elapsed": 4145.563427, "delta": 12.741382}}
{"target": 3493.9560053380324, "params": {"x0": 0.8102817538032402, "x1": 3.1564309985993995, "x2": 0.9470130540792518, "x3": 0.45732321358531314, "x4": 1.9192210246273447, "x5": 3.7297560353375445, "x6": 5.0108747930421025, "x7": -4.745799300044012, "x8": 1.3885932320570396, "x9": 1.7167857954046486}, "datetime": {"datetime": "2025-05-13 14:04:33", "elapsed": 4158.597458, "delta": 13.034031}}
{"target": 3493.9560053380324, "params": {"x0": 0.8102817538032651, "x1": 3.1564309985992463, "x2": 0.9470130540794185, "x3": 0.45732321358437966, "x4": 1.9192210246277062, "x5": 3.7297560353377883, "x6": 5.010874793041261, "x7": -4.7457993000436876, "x8": 1.3885932320570158, "x9": 1.7167857954045955}, "datetime": {"datetime": "2025-05-13 14:04:46", "elapsed": 4171.282098, "delta": 12.68464}}
{"target": 3493.9560053380324, "params": {"x0": 0.8102817538032554, "x1": 3.156430998599514, "x2": 0.9470130540792784, "x3": 0.4573232135851232, "x4": 1.9192210246273398, "x5": 3.729756035337065, "x6": 5.010874793041599, "x7": -4.745799300043672, "x8": 1.3885932320569898, "x9": 1.7167857954045984}, "datetime": {"datetime": "2025-05-13 14:04:59", "elapsed": 4184.607091, "delta": 13.324993}}
{"target": 3493.9560053380324, "params": {"x0": 0.8102817538032678, "x1": 3.156430998599802, "x2": 0.9470130540794867, "x3": 0.45732321358491823, "x4": 1.9192210246276724, "x5": 3.7297560353370707, "x6": 5.010874793041938, "x7": -4.745799300043998, "x8": 1.3885932320569556, "x9": 1.7167857954046366}, "datetime": {"datetime": "2025-05-13 14:05:13", "elapsed": 4198.127355, "delta": 13.520264}}
{"target": 3493.9560053380324, "params": {"x0": 0.8102817538032681, "x1": 3.1564309985993892, "x2": 0.9470130540795154, "x3": 0.4573232135841581, "x4": 1.919221024627509, "x5": 3.7297560353375188, "x6": 5.010874793041391, "x7": -4.745799300044162, "x8": 1.3885932320569925, "x9": 1.7167857954046237}, "datetime": {"datetime": "2025-05-13 14:05:26", "elapsed": 4211.568797, "delta": 13.441442}}
