{"target": 1.1889205771519282e-05, "params": {"x0": 0.9668088018810296, "x1": 7.454952890323638, "x2": 0.0011437481734488664, "x3": 3.0233257263183977, "x4": 1.4675589081711304, "x5": 1.846771895375956, "x6": 3.725204227553418, "x7": -13.088785459139045, "x8": 0.8538582010382728, "x9": 1.9698701212060423}, "datetime": {"datetime": "2025-05-13 12:55:15", "elapsed": 0.0, "delta": 0.0}}
{"target": 0.0006903883678588593, "params": {"x0": 0.9676778057613179, "x1": 7.135497453610512, "x2": 2.0445224973151745, "x3": 8.781174363909454, "x4": 0.27387593197926163, "x5": 13.409350203568044, "x6": 8.34609604734254, "x7": -8.826203431084966, "x8": 0.3667351833309441, "x9": 1.3565826803527818}, "datetime": {"datetime": "2025-05-13 12:55:27", "elapsed": 12.482262, "delta": 12.482262}}
{"target": 1.5744683571718865e-07, "params": {"x0": 1.1202978274702147, "x1": 9.711180339046518, "x2": 3.1342417815924284, "x3": 6.923226156693141, "x4": 8.763891522960384, "x5": 17.892133270076947, "x6": 1.7008842273955582, "x7": -19.21890433534235, "x8": 0.42267779717268095, "x9": 2.5806565061729434}, "datetime": {"datetime": "2025-05-13 12:55:40", "elapsed": 25.207496, "delta": 12.725234}}
{"target": 38.464364185716164, "params": {"x0": 0.8393387335332201, "x1": 4.732079387545975, "x2": 9.57889530150502, "x3": 5.331652849730171, "x4": 6.9187711395047335, "x5": 6.310312620121259, "x6": 13.730018553631673, "x7": -3.307486562052542, "x8": 0.13474772695396442, "x9": 2.3502597669009413}, "datetime": {"datetime": "2025-05-13 12:55:53", "elapsed": 38.181733, "delta": 12.974237}}
{"target": 5.373930745474829e-10, "params": {"x0": 1.195544435562598, "x1": 7.708307454856539, "x2": 2.804439920644052, "x3": 7.892793284514886, "x4": 1.0322600657764203, "x5": 8.957870523518103, "x6": 18.17191006186191, "x7": -14.12771703252641, "x8": 0.6467731433140625, "x9": 1.2340514298128997}, "datetime": {"datetime": "2025-05-13 12:56:09", "elapsed": 54.203878, "delta": 16.022145}}
{"target": 0.0002675179945375665, "params": {"x0": 0.8077467831481189, "x1": 7.077403349753008, "x2": 2.1162811600005904, "x3": 2.655466593722262, "x4": 4.9157315928033825, "x5": 1.0672509023416077, "x6": 11.482352109840262, "x7": -17.065428501883797, "x8": 1.2196805201162402, "x9": 2.259565048037676}, "datetime": {"datetime": "2025-05-13 12:56:22", "elapsed": 66.850583, "delta": 12.646705}}
{"target": 63.751649977329556, "params": {"x0": 0.8409337715311304, "x1": 4.667909489158071, "x2": 6.944001577277451, "x3": 4.141792695269027, "x4": 0.4995345894608716, "x5": 10.717928118310232, "x6": 13.275892904395777, "x7": -9.702217758833829, "x8": 1.8947300363825452, "x9": 2.055799072903587}, "datetime": {"datetime": "2025-05-13 12:56:34", "elapsed": 79.132034, "delta": 12.281451}}
{"target": 0.7625403702010134, "params": {"x0": 1.1613607661151533, "x1": 2.1510198077307616, "x2": 1.3927634725075855, "x3": 8.073912887095238, "x4": 3.9767683698553355, "x5": 3.3070839423386555, "x6": 18.550171607920678, "x7": -13.044682805089868, "x8": 1.5265429959586956, "x9": 2.306796373630813}, "datetime": {"datetime": "2025-05-13 12:56:46", "elapsed": 90.899784, "delta": 11.76775}}
{"target": 2.7162458485414702e-08, "params": {"x0": 1.1533224364823238, "x1": 6.575417084206041, "x2": 7.509424340273371, "x3": 3.4889834197784255, "x4": 2.6992789176502607, "x5": 17.917724363921337, "x6": 8.561823797425898, "x7": -0.7031990570322897, "x8": 1.3605388458550514, "x9": 2.1190522963764193}, "datetime": {"datetime": "2025-05-13 12:56:58", "elapsed": 103.306406, "delta": 12.406622}}
{"target": 1.634057650968593e-05, "params": {"x0": 0.8458983891813501, "x1": 9.540352254234348, "x2": 4.499121334799405, "x3": 5.783896143871318, "x4": 4.081368027612812, "x5": 4.740539604860555, "x6": 18.067590411245074, "x7": -8.526410266554283, "x8": 0.10545362135920205, "x9": 2.110860844517303}, "datetime": {"datetime": "2025-05-13 12:57:11", "elapsed": 116.243163, "delta": 12.936757}}
{"target": 6.761366981740709, "params": {"x0": 0.9306579607088384, "x1": 5.696228730544245, "x2": 8.859420993107745, "x3": 3.5726976000249975, "x4": 9.085351509197992, "x5": 12.467202315836055, "x6": 0.31642485693112565, "x7": -1.411255325124774, "x8": 1.4127041432821554, "x9": 2.795181130812665}, "datetime": {"datetime": "2025-05-13 12:57:24", "elapsed": 128.88228, "delta": 12.639117}}
{"target": 2.489763226024462, "params": {"x0": 0.8689362033381315, "x1": 2.1479353216227874, "x2": 9.325954630371635, "x3": 6.9681816148990015, "x4": 0.6600017272206249, "x5": 15.109261052049327, "x6": 15.077523769224928, "x7": -1.5395092890703346, "x8": 1.4518970413940964, "x9": 1.2236877315498964}, "datetime": {"datetime": "2025-05-13 12:57:36", "elapsed": 141.441006, "delta": 12.558726}}
{"target": 1.1696881368187568e-06, "params": {"x0": 0.8079520535359183, "x1": 1.1385199805872455, "x2": 0.28306488020794607, "x3": 2.462110676030459, "x4": 8.60027948682888, "x5": 10.776621286833057, "x6": 11.056439573715318, "x7": -3.1593821528078863, "x8": 0.33592929872783117, "x9": 1.5025306222200512}, "datetime": {"datetime": "2025-05-13 12:57:49", "elapsed": 154.219295, "delta": 12.778289}}
{"target": 1.2447267759340228e-06, "params": {"x0": 1.034303708583315, "x1": 9.72332130970904, "x2": 5.6103021925571, "x3": 0.1864728937294302, "x4": 8.006326726806163, "x5": 4.659485476820409, "x6": 16.142103912375582, "x7": -12.242787118716565, "x8": 1.7407295236629146, "x9": 2.3448189569269324}, "datetime": {"datetime": "2025-05-13 12:58:01", "elapsed": 166.784629, "delta": 12.565334}}
{"target": 418.8938346709295, "params": {"x0": 1.0224960935961676, "x1": 2.1417425535122336, "x2": 0.5991768951221166, "x3": 1.2134345574073735, "x4": 0.44551878544761725, "x5": 2.149882582121858, "x6": 4.514186772157094, "x7": -5.740220392346467, "x8": 1.1634622659028706, "x9": 1.0226007642864086}, "datetime": {"datetime": "2025-05-13 12:58:13", "elapsed": 178.342333, "delta": 11.557704}}
{"target": 0.00034772862557057066, "params": {"x0": 0.8287897118757948, "x1": 9.702214603002476, "x2": 5.681004619199421, "x3": 2.032932346609905, "x4": 2.5232574457032344, "x5": 14.87651708150186, "x6": 3.908589622186376, "x7": -8.372821454534844, "x8": 1.9430379792677934, "x9": 2.5242918426820635}, "datetime": {"datetime": "2025-05-13 12:58:26", "elapsed": 190.916659, "delta": 12.574326}}
{"target": 0.25314301908988035, "params": {"x0": 0.8959391036590345, "x1": 5.393304399845443, "x2": 6.1995571838137975, "x3": 8.289808995501787, "x4": 1.5679139464608427, "x5": 0.37152404354819035, "x6": 1.4004428743844466, "x7": -10.273097781259363, "x8": 1.2520259771413278, "x9": 2.0239325867556666}, "datetime": {"datetime": "2025-05-13 12:58:38", "elapsed": 203.049738, "delta": 12.133079}}
{"target": 2.4708133292118243e-05, "params": {"x0": 0.9269449637288643, "x1": 9.896407005153284, "x2": 5.797452192457969, "x3": 3.801411726235504, "x4": 5.509482191178968, "x5": 14.906688618130042, "x6": 13.384657869063691, "x7": -14.701608846743813, "x8": 0.22603618541403897, "x9": 1.6661515562453912}, "datetime": {"datetime": "2025-05-13 12:58:50", "elapsed": 215.464931, "delta": 12.415193}}
{"target": 10.574409029297248, "params": {"x0": 1.0518870028086258, "x1": 2.81258349022504, "x2": 7.527555537388139, "x3": 0.6653648135411494, "x4": 2.6031509857854096, "x5": 16.09509127486691, "x6": 3.8686856524665547, "x7": -7.210782382401197, "x8": 1.096873587335094, "x9": 2.664654346718831}, "datetime": {"datetime": "2025-05-13 12:59:02", "elapsed": 227.778858, "delta": 12.313927}}
{"target": 0.001286893874206143, "params": {"x0": 0.9053187081948444, "x1": 1.5002459252246165, "x2": 7.350659632886694, "x3": 7.721780295432468, "x4": 9.07815852503524, "x5": 18.639441383936745, "x6": 0.2790314595119403, "x7": -15.31275827757159, "x8": 1.2718788783031496, "x9": 2.7082293772377097}, "datetime": {"datetime": "2025-05-13 12:59:15", "elapsed": 240.450186, "delta": 12.671328}}
{"target": 0.00014254659708924628, "params": {"x0": 1.180070447698832, "x1": 5.965544012575924, "x2": 9.156063497662746, "x3": 6.415662089463376, "x4": 3.9000771414124626, "x5": 9.719813341938195, "x6": 12.086209658399465, "x7": -9.00904156982875, "x8": 1.859744710742262, "x9": 2.6537201841404907}, "datetime": {"datetime": "2025-05-13 12:59:28", "elapsed": 253.085968, "delta": 12.635782}}
{"target": 1.667633724417413e-07, "params": {"x0": 0.957950245169422, "x1": 9.665689008810478, "x2": 1.7395566668046436, "x3": 1.2632951943963733, "x4": 1.3507915804673132, "x5": 10.113243313537934, "x6": 0.43049610548395956, "x7": -1.0405957756463806, "x8": 1.6715193952243916, "x9": 1.0270341653358204}, "datetime": {"datetime": "2025-05-13 12:59:41", "elapsed": 265.817516, "delta": 12.731548}}
{"target": 3.57015843040953, "params": {"x0": 0.8704785022300221, "x1": 3.9217785267382164, "x2": 1.309968448109169, "x3": 8.094906921265821, "x4": 3.4473665268329343, "x5": 18.802149646667342, "x6": 11.6402835989416, "x7": -2.423360311763119, "x8": 1.7049954462452215, "x9": 2.6297061736755687}, "datetime": {"datetime": "2025-05-13 12:59:52", "elapsed": 277.719932, "delta": 11.902416}}
{"target": 9.25662665404408e-09, "params": {"x0": 0.9839521063267228, "x1": 5.871756025785397, "x2": 7.986035911520394, "x3": 2.8571885173414757, "x4": 4.902535226199277, "x5": 11.982206152917566, "x6": 0.31066551101671447, "x7": -8.130371836067257, "x8": 0.9239850630799706, "x9": 2.4532489519927143}, "datetime": {"datetime": "2025-05-13 13:00:05", "elapsed": 290.549092, "delta": 12.82916}}
{"target": 2.4613771748458518e-05, "params": {"x0": 0.9260979212381492, "x1": 9.025287247578877, "x2": 5.778572152845355, "x3": 1.8401020162746506, "x4": 7.879292338255043, "x5": 12.240623540898678, "x6": 1.0781854414750591, "x7": -11.596126399977356, "x8": 1.3902307894743162, "x9": 2.6534832003595463}, "datetime": {"datetime": "2025-05-13 13:00:17", "elapsed": 302.691021, "delta": 12.141929}}
{"target": 0.0014187981305409936, "params": {"x0": 0.800160809956543, "x1": 9.788508256182643, "x2": 3.7658031474577447, "x3": 9.737835383583226, "x4": 6.04716100974053, "x5": 16.57691615961386, "x6": 11.494230094162045, "x7": -7.438476033852993, "x8": 0.6425949352218184, "x9": 2.056300013180949}, "datetime": {"datetime": "2025-05-13 13:00:30", "elapsed": 315.341353, "delta": 12.650332}}
{"target": 6.718260681009758e-07, "params": {"x0": 1.1000087054810639, "x1": 8.710655911504285, "x2": 7.550821884676802, "x3": 6.98057248447303, "x4": 8.644794300545998, "x5": 6.453619936734929, "x6": 13.415775815751745, "x7": -10.982521271733017, "x8": 0.8259952288598826, "x9": 1.739460429859934}, "datetime": {"datetime": "2025-05-13 13:00:43", "elapsed": 328.072823, "delta": 12.73147}}
{"target": 0.0001286809362473405, "params": {"x0": 0.9605918333878163, "x1": 3.7881939082203195, "x2": 6.2191936792030145, "x3": 4.302472708212644, "x4": 9.738020779272523, "x5": 13.556017828686223, "x6": 3.9713977685422175, "x7": -11.465979813039343, "x8": 0.7523578555714037, "x9": 2.43574984712542}, "datetime": {"datetime": "2025-05-13 13:00:56", "elapsed": 341.113811, "delta": 13.040988}}
{"target": 0.001081475284033056, "params": {"x0": 1.1519993154253727, "x1": 9.124961798019985, "x2": 6.627198123752622, "x3": 2.7020826202975776, "x4": 2.5236670150458975, "x5": 17.097958853948047, "x6": 10.554292926174933, "x7": -3.9567783199080395, "x8": 1.187728182664052, "x9": 2.31965654551752}, "datetime": {"datetime": "2025-05-13 13:01:08", "elapsed": 353.762314, "delta": 12.648503}}
{"target": 4.2664161341774213e-07, "params": {"x0": 1.0076046509856222, "x1": 7.91504358556718, "x2": 5.688579907047155, "x3": 4.657098785919809, "x4": 3.4268890795328177, "x5": 1.3641869683340824, "x6": 7.558483586561997, "x7": -18.407478446034954, "x8": 1.9673525160878456, "x9": 1.3269031323953748}, "datetime": {"datetime": "2025-05-13 13:01:21", "elapsed": 366.356157, "delta": 12.593843}}
{"target": 4.5745455882016326e-06, "params": {"x0": 1.1247434790882158, "x1": 8.862150969098673, "x2": 6.884132523859433, "x3": 5.694944127453757, "x4": 1.6097143681560877, "x5": 9.337600455266127, "x6": 6.9034410231043, "x7": -15.499200843718308, "x8": 1.225772550655014, "x9": 1.5620857078634505}, "datetime": {"datetime": "2025-05-13 13:01:33", "elapsed": 378.629913, "delta": 12.273756}}
{"target": 1.5321869946778803e-05, "params": {"x0": 1.1665222213873403, "x1": 9.17768327705917, "x2": 2.5711829378219617, "x3": 1.108913007440292, "x4": 1.9296273201911285, "x5": 9.991683413577721, "x6": 14.571713359491925, "x7": -15.83611123182417, "x8": 0.5712637609167384, "x9": 2.5330093748854603}, "datetime": {"datetime": "2025-05-13 13:01:46", "elapsed": 391.632505, "delta": 13.002592}}
{"target": 0.0007725698045186747, "params": {"x0": 0.9663394873070109, "x1": 6.511834111112649, "x2": 2.3366613923925006, "x3": 1.0196725942579743, "x4": 5.158570169685298, "x5": 9.542819740995647, "x6": 3.053432881863265, "x7": -7.56387536519169, "x8": 1.1336192257464826, "x9": 2.1774472245473397}, "datetime": {"datetime": "2025-05-13 13:01:59", "elapsed": 404.260593, "delta": 12.628088}}
{"target": 8.383483400748362e-05, "params": {"x0": 0.857818216049864, "x1": 7.738903135930719, "x2": 2.220491397999227, "x3": 5.19351824366033, "x4": 7.8529602822161895, "x5": 0.4466085598361236, "x6": 6.48724919452373, "x7": -2.541552471997779, "x8": 1.7049482544439323, "x9": 1.9691930666701785}, "datetime": {"datetime": "2025-05-13 13:02:11", "elapsed": 416.510751, "delta": 12.250158}}
{"target": 0.00043386435197040264, "params": {"x0": 1.146643309666605, "x1": 9.543234521318002, "x2": 8.264069976293413, "x3": 8.541154438365387, "x4": 0.9874340182034835, "x5": 13.02608664681982, "x6": 14.07033976305306, "x7": -7.795183747067407, "x8": 1.6192689972984533, "x9": 1.0622281957689417}, "datetime": {"datetime": "2025-05-13 13:02:24", "elapsed": 429.26064, "delta": 12.749889}}
{"target": 0.00011246813204585776, "params": {"x0": 1.108095493821992, "x1": 7.558730266729695, "x2": 2.596983932983531, "x3": 2.5706929882214666, "x4": 6.323033174301278, "x5": 6.905949231821631, "x6": 15.93177356014575, "x7": -11.077075359930856, "x8": 1.5872238880899268, "x9": 2.782849210522913}, "datetime": {"datetime": "2025-05-13 13:02:37", "elapsed": 441.952289, "delta": 12.691649}}
{"target": 1.1459827132042918e-09, "params": {"x0": 0.9200993358135601, "x1": 2.2013530371487042, "x2": 9.013084363492737, "x3": 5.415593788873733, "x4": 9.747403708550822, "x5": 12.732088000037944, "x6": 19.878260492209577, "x7": -9.078583917140968, "x8": 1.1002092744204905, "x9": 1.243770225529906}, "datetime": {"datetime": "2025-05-13 13:02:49", "elapsed": 454.56151, "delta": 12.609221}}
{"target": 1.6713241459293477, "params": {"x0": 0.9422820683935524, "x1": 1.138588962396997, "x2": 1.603951795196491, "x3": 7.456371927074961, "x4": 0.3039968992878883, "x5": 7.330861944874886, "x6": 17.246925056760883, "x7": -6.1464456498529145, "x8": 1.4127900699257203, "x9": 1.3395462417195596}, "datetime": {"datetime": "2025-05-13 13:03:01", "elapsed": 466.746358, "delta": 12.184848}}
{"target": 3.186467216916284e-05, "params": {"x0": 0.9767617122993694, "x1": 6.19235440683305, "x2": 9.897517076637053, "x3": 2.0390622523312185, "x4": 2.4773290176235485, "x5": 5.243461675458239, "x6": 15.003448265959856, "x7": -10.860493451286144, "x8": 0.2081659329810805, "x9": 1.915329233098431}, "datetime": {"datetime": "2025-05-13 13:03:15", "elapsed": 479.804029, "delta": 13.057671}}
{"target": 0.00032960548557169533, "params": {"x0": 0.8847840658574704, "x1": 8.167298627317912, "x2": 2.9733138150727223, "x3": 0.2760601195450363, "x4": 5.93432449464621, "x5": 16.876808578623777, "x6": 7.620322481244283, "x7": -5.002833785477133, "x8": 1.0711688087645435, "x9": 1.9737132489319396}, "datetime": {"datetime": "2025-05-13 13:03:27", "elapsed": 492.468715, "delta": 12.664686}}
{"target": 0.00029328354328878996, "params": {"x0": 1.183773728424701, "x1": 8.216044112637686, "x2": 0.3232306662357398, "x3": 7.0938725123129505, "x4": 4.6500148156350605, "x5": 18.950978827901995, "x6": 4.428654686469766, "x7": -14.658559606312684, "x8": 0.2548005332667978, "x9": 1.7715138915948156}, "datetime": {"datetime": "2025-05-13 13:03:40", "elapsed": 505.306136, "delta": 12.837421}}
{"target": 0.00026952845247933877, "params": {"x0": 0.8436075056076273, "x1": 6.6674595215684525, "x2": 8.029632373737378, "x3": 6.9680049612017845, "x4": 7.662113810757704, "x5": 6.849082396870396, "x6": 16.917029660553553, "x7": -11.424624500011149, "x8": 1.6656187537834057, "x9": 2.1276930855237284}, "datetime": {"datetime": "2025-05-13 13:03:52", "elapsed": 517.194283, "delta": 11.888147}}
{"target": 405.62118490728324, "params": {"x0": 0.857369219468098, "x1": 1.6133207886800265, "x2": 0.1833264291300729, "x3": 0.6672499763935646, "x4": 4.585838137084318, "x5": 2.2668384553518095, "x6": 0.5556669769733991, "x7": -4.902770372190652, "x8": 0.8502159128752148, "x9": 2.344489292093545}, "datetime": {"datetime": "2025-05-13 13:04:04", "elapsed": 529.475423, "delta": 12.28114}}
{"target": 0.0011848272592398337, "params": {"x0": 0.9809619306985806, "x1": 4.995789397706926, "x2": 4.7807250671783095, "x3": 4.74003926562194, "x4": 8.031633421141697, "x5": 8.047850397154717, "x6": 18.09372320687246, "x7": -19.258779040919283, "x8": 1.5703612511687954, "x9": 1.2261544860479299}, "datetime": {"datetime": "2025-05-13 13:04:17", "elapsed": 542.022553, "delta": 12.54713}}
{"target": 4.8722472459833874e-08, "params": {"x0": 1.047405426764834, "x1": 0.9943147781506106, "x2": 5.38627282576347, "x3": 0.030179566195963625, "x4": 9.511937854902046, "x5": 18.108040674055562, "x6": 15.919338838845388, "x7": -1.6945136017042515, "x8": 0.3765606392009544, "x9": 1.28391412576696}, "datetime": {"datetime": "2025-05-13 13:04:30", "elapsed": 555.112499, "delta": 13.089946}}
{"target": 2.3772936021877737e-09, "params": {"x0": 0.8750526691609737, "x1": 6.564712710929283, "x2": 9.058094960083018, "x3": 9.899551783590736, "x4": 7.1112245876581595, "x5": 14.636008182845906, "x6": 18.18586409088509, "x7": -11.982525352577582, "x8": 0.5747162924275698, "x9": 1.312174307416821}, "datetime": {"datetime": "2025-05-13 13:04:43", "elapsed": 567.993193, "delta": 12.880694}}
{"target": 1.1691933423968112e-06, "params": {"x0": 0.8477828201334916, "x1": 8.29475635109874, "x2": 1.4679237341724316, "x3": 2.642974827269007, "x4": 8.190891786335309, "x5": 6.211745035884199, "x6": 19.648348985858856, "x7": -14.667225956967297, "x8": 1.1139413554453017, "x9": 1.5660406201345292}, "datetime": {"datetime": "2025-05-13 13:04:55", "elapsed": 580.552899, "delta": 12.559706}}
{"target": 0.18460978909935716, "params": {"x0": 1.164309132469535, "x1": 4.235665459046233, "x2": 4.3359232727316455, "x3": 5.122926922783614, "x4": 9.388864773697133, "x5": 0.6189801254230143, "x6": 14.337573272633783, "x7": -2.1796209141532223, "x8": 0.15184572468319074, "x9": 1.9396922450545193}, "datetime": {"datetime": "2025-05-13 13:05:09", "elapsed": 594.110813, "delta": 13.557914}}
{"target": 3.521764519818276e-06, "params": {"x0": 0.9303959247080101, "x1": 8.72135281987683, "x2": 5.585165509225178, "x3": 6.902278681627479, "x4": 4.528534999515374, "x5": 12.566180750427144, "x6": 5.8019370337485165, "x7": -19.813028440669683, "x8": 1.1958362764754724, "x9": 1.5605995854384331}, "datetime": {"datetime": "2025-05-13 13:05:21", "elapsed": 606.535435, "delta": 12.424622}}
{"target": 2.6123900305096035e-05, "params": {"x0": 1.006907039400452, "x1": 9.23929326279047, "x2": 4.26474788501396, "x3": 2.473960366023854, "x4": 3.7129376127905447, "x5": 18.63722233273081, "x6": 18.73736762618187, "x7": -3.113401028685736, "x8": 1.8483923771807549, "x9": 1.4102205219123705}, "datetime": {"datetime": "2025-05-13 13:05:34", "elapsed": 619.26115, "delta": 12.725715}}
{"target": 1.3482583656355203e-05, "params": {"x0": 0.9299907961269838, "x1": 0.9, "x2": 0.0, "x3": 0.0, "x4": 0.5609327200050389, "x5": 0.3313731395888587, "x6": 1.759532957164139, "x7": -3.586870944989997, "x8": 0.9163083566136228, "x9": 1.3203703312561932}, "datetime": {"datetime": "2025-05-13 13:05:47", "elapsed": 632.033993, "delta": 12.772843}}
{"target": 0.05639270823883344, "params": {"x0": 1.1686130658483294, "x1": 1.2671166347442016, "x2": 2.9581707699528654, "x3": 3.9242867442790623, "x4": 1.8456925898287908, "x5": 1.6488623258652062, "x6": 1.541009014798043, "x7": -10.046979808281634, "x8": 0.4496213922331034, "x9": 1.4278136030291373}, "datetime": {"datetime": "2025-05-13 13:06:00", "elapsed": 644.871864, "delta": 12.837871}}
{"target": 53.50924875932847, "params": {"x0": 0.9414082154754724, "x1": 4.672408357154678, "x2": 3.216163768488496, "x3": 1.6374941784058061, "x4": 1.8621332701206779, "x5": 5.0508631993163835, "x6": 5.135494003268032, "x7": -3.8432985983050596, "x8": 0.9812012117136953, "x9": 1.636579218905844}, "datetime": {"datetime": "2025-05-13 13:06:12", "elapsed": 657.232799, "delta": 12.360935}}
{"target": 495.49778440714135, "params": {"x0": 0.9998436469773706, "x1": 2.1899495488337353, "x2": 0.5683457122535447, "x3": 1.2341480257591193, "x4": 1.2543576907410472, "x5": 2.3993015295416926, "x6": 4.080091589639702, "x7": -5.8114535285734785, "x8": 1.1366170123749937, "x9": 1.2480773901207076}, "datetime": {"datetime": "2025-05-13 13:06:25", "elapsed": 669.842251, "delta": 12.609452}}
{"target": 515.3199139091315, "params": {"x0": 0.9510242547108481, "x1": 2.08111212701992, "x2": 0.3889062362975786, "x3": 1.1177084464342786, "x4": 2.6491494255112555, "x5": 2.5687648148265807, "x6": 2.9999413598920786, "x7": -5.719315831528884, "x8": 1.0662276589220565, "x9": 1.6631790563496873}, "datetime": {"datetime": "2025-05-13 13:06:37", "elapsed": 682.522849, "delta": 12.680598}}
{"target": 344.6594914593038, "params": {"x0": 0.9637706920225624, "x1": 1.7558549028903716, "x2": 0.0, "x3": 0.8224697646468677, "x4": 2.7240797008716955, "x5": 2.783725031804402, "x6": 4.364183054088156, "x7": -6.4083844614727035, "x8": 1.4225658120324594, "x9": 1.4511541885233856}, "datetime": {"datetime": "2025-05-13 13:06:50", "elapsed": 695.050979, "delta": 12.52813}}
