{"target": 3493.9560053380324, "params": {"x0": 0.8102824016579655, "x1": 3.156420992782968, "x2": 0.9470195497044456, "x3": 0.4573079195041504, "x4": 1.9192102086026241, "x5": 3.7297384850415205, "x6": 5.0108603462965595, "x7": -4.745810681165541, "x8": 1.3885944756925293, "x9": 1.716787132566965}, "datetime": {"datetime": "2025-05-13 13:30:08", "elapsed": 2093.105731, "delta": 12.49841}}
{"target": 3493.9560053380324, "params": {"x0": 0.8102823368724954, "x1": 3.156421993364632, "x2": 0.9470189001419386, "x3": 0.45730944891219716, "x4": 1.9192112902051168, "x5": 3.7297402400711106, "x6": 5.010861790971058, "x7": -4.745809543053391, "x8": 1.3885943513289745, "x9": 1.7167869988507332}, "datetime": {"datetime": "2025-05-13 13:30:21", "elapsed": 2106.026128, "delta": 12.920397}}
{"target": 3493.9560053380324, "params": {"x0": 0.8102822785655722, "x1": 3.1564228938881294, "x2": 0.9470183155356822, "x3": 0.45731082537943923, "x4": 1.9192122636473605, "x5": 3.7297418195977423, "x6": 5.0108630911781065, "x7": -4.7458085187524555, "x8": 1.3885942394017752, "x9": 1.7167868785061244}, "datetime": {"datetime": "2025-05-13 13:30:33", "elapsed": 2118.419327, "delta": 12.393199}}
{"target": 3493.9560053380324, "params": {"x0": 0.8102822260893414, "x1": 3.156423704359277, "x2": 0.9470177893900514, "x3": 0.45731206419995707, "x4": 1.9192131397453795, "x5": 3.72974324117171, "x6": 5.01086426136445, "x7": -4.7458075968816145, "x8": 1.3885941386672958, "x9": 1.7167867701959767}, "datetime": {"datetime": "2025-05-13 13:30:46", "elapsed": 2131.193613, "delta": 12.774286}}
{"target": 3493.9560053380324, "params": {"x0": 0.8102821788607337, "x1": 3.1564244337833096, "x2": 0.9470173158589839, "x3": 0.4573131791384231, "x4": 1.919213928233597, "x5": 3.7297445205882815, "x6": 5.010865314532159, "x7": -4.745806767197856, "x8": 1.3885940480062644, "x9": 1.7167866727168437}, "datetime": {"datetime": "2025-05-13 13:30:59", "elapsed": 2143.815804, "delta": 12.622191}}
{"target": 3493.9560053380324, "params": {"x0": 0.8102821363549868, "x1": 3.156425090264939, "x2": 0.9470168896810229, "x3": 0.45731418258304257, "x4": 1.9192146378729924, "x5": 3.729745672063196, "x6": 5.0108662623830975, "x7": -4.745806020482474, "x8": 1.388593966411336, "x9": 1.7167865849856239}, "datetime": {"datetime": "2025-05-13 13:31:11", "elapsed": 2156.312443, "delta": 12.496639}}
{"target": 3493.9560053380324, "params": {"x0": 0.8102820980998146, "x1": 3.1564256810984057, "x2": 0.9470165061208582, "x3": 0.4573150856832001, "x4": 1.9192152765484483, "x5": 3.7297467083906186, "x6": 5.010867115448942, "x7": -4.745805348438631, "x8": 1.3885938929759007, "x9": 1.716786506027526}, "datetime": {"datetime": "2025-05-13 13:31:23", "elapsed": 2168.725438, "delta": 12.412995}}
{"target": 3493.9560053380324, "params": {"x0": 0.8102820636701595, "x1": 3.1564262128485256, "x2": 0.9470161609167098, "x3": 0.45731589847334186, "x4": 1.9192158513563586, "x5": 3.729747641085299, "x6": 5.010867883208202, "x7": -4.745804743599172, "x8": 1.3885938268840088, "x9": 1.7167864349652382}, "datetime": {"datetime": "2025-05-13 13:31:36", "elapsed": 2181.470915, "delta": 12.745477}}
{"target": 3493.9560053380324, "params": {"x0": 0.8102820326834701, "x1": 3.1564266914236336, "x2": 0.9470158502329763, "x3": 0.4573166299844695, "x4": 1.919216368683478, "x5": 3.7297484805105117, "x6": 5.0108685741915355, "x7": -4.745804199243659, "x8": 1.388593767401306, "x9": 1.7167863710091789}, "datetime": {"datetime": "2025-05-13 13:31:49", "elapsed": 2194.156507, "delta": 12.685592}}
{"target": 3493.9560053380324, "params": {"x0": 0.8102820047954494, "x1": 3.156427122141231, "x2": 0.9470155706176162, "x3": 0.4573172883444843, "x4": 1.9192168342778855, "x5": 3.729749235993203, "x6": 5.010869196076537, "x7": -4.745803709323696, "x8": 1.3885937138668736, "x9": 1.7167863134487256}, "datetime": {"datetime": "2025-05-13 13:32:01", "elapsed": 2206.60051, "delta": 12.444003}}
{"target": 3493.9560053380324, "params": {"x0": 0.810281684810994, "x1": 3.1564278024470953, "x2": 0.9470129989486925, "x3": 0.45731889664342507, "x4": 1.9192179051200677, "x5": 3.7297516352778946, "x6": 5.010873683987861, "x7": -4.745802803479685, "x8": 1.3885936420899019, "x9": 1.716785725662235}, "datetime": {"datetime": "2025-05-13 13:32:15", "elapsed": 2219.950313, "delta": 13.349803}}
{"target": 3493.9560053380324, "params": {"x0": 0.8102819571069343, "x1": 3.156427858668322, "x2": 0.9470150924753503, "x3": 0.45731841414010965, "x4": 1.919217630444322, "x5": 3.729750527868605, "x6": 5.010870259499888, "x7": -4.745802871560562, "x8": 1.3885936223229942, "x9": 1.7167862150203506}, "datetime": {"datetime": "2025-05-13 13:32:27", "elapsed": 2232.530707, "delta": 12.580394}}
{"target": 3493.9560053380324, "params": {"x0": 0.8102818508085696, "x1": 3.1564285602607005, "x2": 0.9470143923861127, "x3": 0.457322233196973, "x4": 1.9192190470632935, "x5": 3.72975196751371, "x6": 5.010870994730301, "x7": -4.745801711287289, "x8": 1.3885935508410263, "x9": 1.7167858375973413}, "datetime": {"datetime": "2025-05-13 13:32:40", "elapsed": 2244.945665, "delta": 12.414958}}
{"target": 3493.9560053380324, "params": {"x0": 0.810281783559759, "x1": 3.156428466020982, "x2": 0.9470142058116792, "x3": 0.45731944241877565, "x4": 1.9192195389954696, "x5": 3.7297532229042525, "x6": 5.010871447603874, "x7": -4.74579723840251, "x8": 1.388593433165075, "x9": 1.7167856606302372}, "datetime": {"datetime": "2025-05-13 13:32:52", "elapsed": 2257.315194, "delta": 12.369529}}
{"target": 3493.9560053380324, "params": {"x0": 0.8102818494484083, "x1": 3.156428877553799, "x2": 0.9470144386617164, "x3": 0.45732049042630557, "x4": 1.9192203674364006, "x5": 3.729753542144194, "x6": 5.010872634825521, "x7": -4.745801155993091, "x8": 1.3885934840561787, "x9": 1.716785594649511}, "datetime": {"datetime": "2025-05-13 13:33:05", "elapsed": 2270.10414, "delta": 12.788946}}
{"target": 3493.9560053380324, "params": {"x0": 0.8102818569770577, "x1": 3.156429062320081, "x2": 0.9470138102029111, "x3": 0.45732034923794296, "x4": 1.9192215315010068, "x5": 3.72975340244855, "x6": 5.010877076630448, "x7": -4.745800939060839, "x8": 1.3885934872472552, "x9": 1.716785866051874}, "datetime": {"datetime": "2025-05-13 13:33:18", "elapsed": 2282.838796, "delta": 12.734656}}
{"target": 3493.9560053380324, "params": {"x0": 0.8102818506122694, "x1": 3.1564294105031214, "x2": 0.9470141190294169, "x3": 0.45732118419778756, "x4": 1.9192206379496386, "x5": 3.7297528208152575, "x6": 5.010875772753357, "x7": -4.74580010112095, "x8": 1.3885934463901943, "x9": 1.7167855940001528}, "datetime": {"datetime": "2025-05-13 13:33:30", "elapsed": 2295.664267, "delta": 12.825471}}
{"target": 3493.9560053380324, "params": {"x0": 0.8102817242847362, "x1": 3.1564294260793195, "x2": 0.9470130571911243, "x3": 0.45732091965057053, "x4": 1.9192198549896602, "x5": 3.729753921091312, "x6": 5.01087382560015, "x7": -4.745799011205227, "x8": 1.3885934329681926, "x9": 1.71678585967667}, "datetime": {"datetime": "2025-05-13 13:33:43", "elapsed": 2308.100957, "delta": 12.43669}}
{"target": 3493.9560053380324, "params": {"x0": 0.8102818288461533, "x1": 3.1564295759337226, "x2": 0.9470131279134726, "x3": 0.4573211414366751, "x4": 1.9192196007266302, "x5": 3.7297539876109735, "x6": 5.010874070789663, "x7": -4.745800353055252, "x8": 1.3885933671595592, "x9": 1.7167856537294781}, "datetime": {"datetime": "2025-05-13 13:33:56", "elapsed": 2320.927313, "delta": 12.826356}}
{"target": 3493.9560053380324, "params": {"x0": 0.8102818289131877, "x1": 3.1564297513128774, "x2": 0.9470138699043487, "x3": 0.457321266607564, "x4": 1.9192197206125308, "x5": 3.7297545254524183, "x6": 5.010876114717995, "x7": -4.74579958892174, "x8": 1.38859334880145, "x9": 1.716785711121862}, "datetime": {"datetime": "2025-05-13 13:34:08", "elapsed": 2333.517556, "delta": 12.590243}}
{"target": 3493.9560053380324, "params": {"x0": 0.8102817269330119, "x1": 3.156429839242198, "x2": 0.9470138209716665, "x3": 0.4573216679209436, "x4": 1.9192220291613689, "x5": 3.729753942380648, "x6": 5.0108734209804435, "x7": -4.74579840434485, "x8": 1.3885933717735035, "x9": 1.7167856754377107}, "datetime": {"datetime": "2025-05-13 13:34:21", "elapsed": 2346.129299, "delta": 12.611743}}
{"target": 3493.9560053380324, "params": {"x0": 0.8102817995261528, "x1": 3.156430098289833, "x2": 0.9470132969522294, "x3": 0.45732209678358177, "x4": 1.9192203340448157, "x5": 3.7297544522372084, "x6": 5.010874340453184, "x7": -4.74579996445208, "x8": 1.388593365495132, "x9": 1.7167857781943012}, "datetime": {"datetime": "2025-05-13 13:34:33", "elapsed": 2358.621967, "delta": 12.492668}}
{"target": 3493.9560053380324, "params": {"x0": 0.8102817772401383, "x1": 3.156430042753425, "x2": 0.9470135459750769, "x3": 0.4573225780233683, "x4": 1.9192208963890844, "x5": 3.7297545267364516, "x6": 5.010873534137043, "x7": -4.745798586434725, "x8": 1.3885933200960066, "x9": 1.7167858537453866}, "datetime": {"datetime": "2025-05-13 13:34:46", "elapsed": 2371.587586, "delta": 12.965619}}
{"target": 3493.9560053380324, "params": {"x0": 0.8102817529313813, "x1": 3.1564302505848985, "x2": 0.9470135002570226, "x3": 0.4573218729769063, "x4": 1.9192206472050382, "x5": 3.7297546417745764, "x6": 5.010874344074119, "x7": -4.745800260256447, "x8": 1.3885933347220676, "x9": 1.7167858201397517}, "datetime": {"datetime": "2025-05-13 13:34:59", "elapsed": 2384.502513, "delta": 12.914927}}
{"target": 3493.9560053380324, "params": {"x0": 0.8102818010457716, "x1": 3.1564303440707286, "x2": 0.9470134552122712, "x3": 0.45732200441664295, "x4": 1.9192204780917677, "x5": 3.7297549170353093, "x6": 5.010874564498029, "x7": -4.745799087081755, "x8": 1.3885933272764575, "x9": 1.7167857507020379}, "datetime": {"datetime": "2025-05-13 13:35:12", "elapsed": 2397.072441, "delta": 12.569928}}
{"target": 3493.9560053380324, "params": {"x0": 0.8102817170651548, "x1": 3.15643037407233, "x2": 0.9470133889445991, "x3": 0.4573221590757831, "x4": 1.9192204516316176, "x5": 3.729755038077276, "x6": 5.010874072589947, "x7": -4.74579877622496, "x8": 1.3885933151918524, "x9": 1.7167858131482394}, "datetime": {"datetime": "2025-05-13 13:35:25", "elapsed": 2409.849193, "delta": 12.776752}}
{"target": 3493.9560053380324, "params": {"x0": 0.8102817916127969, "x1": 3.1564303841221717, "x2": 0.9470133604539626, "x3": 0.4573227966472205, "x4": 1.9192205063199201, "x5": 3.729754954371428, "x6": 5.010874366203077, "x7": -4.745799533173839, "x8": 1.3885933019741692, "x9": 1.7167857507579363}, "datetime": {"datetime": "2025-05-13 13:35:37", "elapsed": 2422.552466, "delta": 12.703273}}
{"target": 3493.9560053380324, "params": {"x0": 0.8102817333701191, "x1": 3.156430536105445, "x2": 0.9470133367276505, "x3": 0.4573223394811757, "x4": 1.9192205828524664, "x5": 3.729755045806882, "x6": 5.01087442271266, "x7": -4.745799664169761, "x8": 1.3885932891188406, "x9": 1.7167857181321335}, "datetime": {"datetime": "2025-05-13 13:35:50", "elapsed": 2435.439088, "delta": 12.886622}}
{"target": 3493.9560053380324, "params": {"x0": 0.8102817787700712, "x1": 3.15643048069719, "x2": 0.9470133863135111, "x3": 0.4573227623161021, "x4": 1.9192206680501298, "x5": 3.7297554894074345, "x6": 5.010874876629483, "x7": -4.745799425986693, "x8": 1.38859329286955, "x9": 1.7167858429711371}, "datetime": {"datetime": "2025-05-13 13:36:03", "elapsed": 2447.959171, "delta": 12.520083}}
{"target": 3493.9560053380324, "params": {"x0": 0.8102817807889799, "x1": 3.156430591962303, "x2": 0.9470133395860254, "x3": 0.4573228823375841, "x4": 1.9192208299564542, "x5": 3.7297553068934888, "x6": 5.010874276611311, "x7": -4.745798858888522, "x8": 1.3885932840071549, "x9": 1.7167858119521644}, "datetime": {"datetime": "2025-05-13 13:36:15", "elapsed": 2460.78086, "delta": 12.821689}}
{"target": 3493.9560053380324, "params": {"x0": 0.8102817484809189, "x1": 3.1564306564689413, "x2": 0.9470132806091992, "x3": 0.4573226049771676, "x4": 1.9192208609275039, "x5": 3.729756033828264, "x6": 5.010874195473957, "x7": -4.745799489033141, "x8": 1.3885932826714562, "x9": 1.7167857965644255}, "datetime": {"datetime": "2025-05-13 13:36:28", "elapsed": 2473.673597, "delta": 12.892737}}
{"target": 3493.9560053380324, "params": {"x0": 0.810281757204826, "x1": 3.156430630321597, "x2": 0.9470132637710843, "x3": 0.457323071293802, "x4": 1.9192209262218747, "x5": 3.729755413359031, "x6": 5.010874756489948, "x7": -4.745799643406013, "x8": 1.388593278840556, "x9": 1.7167858205358122}, "datetime": {"datetime": "2025-05-13 13:36:41", "elapsed": 2486.572293, "delta": 12.898696}}
{"target": 3493.9560053380324, "params": {"x0": 0.8102817617913612, "x1": 3.1564306800472877, "x2": 0.9470132429335522, "x3": 0.4573229444481501, "x4": 1.9192210215925098, "x5": 3.729755596247388, "x6": 5.010874408700271, "x7": -4.745798962151399, "x8": 1.3885932654897883, "x9": 1.7167858336828703}, "datetime": {"datetime": "2025-05-13 13:36:54", "elapsed": 2499.604168, "delta": 13.031875}}
{"target": 3493.9560053380324, "params": {"x0": 0.8102817572637188, "x1": 3.156430751230711, "x2": 0.9470131318904742, "x3": 0.45732280647995344, "x4": 1.9192209224136223, "x5": 3.729755553996471, "x6": 5.01087436930833, "x7": -4.745799600555923, "x8": 1.3885932702125314, "x9": 1.7167857842392091}, "datetime": {"datetime": "2025-05-13 13:37:07", "elapsed": 2512.755142, "delta": 13.150974}}
{"target": 3493.9560053380324, "params": {"x0": 0.8102817618095107, "x1": 3.1564307275515526, "x2": 0.9470132328839406, "x3": 0.4573228352298169, "x4": 1.9192208213180721, "x5": 3.729755634505478, "x6": 5.010874572054922, "x7": -4.745799465761654, "x8": 1.388593263182669, "x9": 1.7167857765655545}, "datetime": {"datetime": "2025-05-13 13:37:20", "elapsed": 2525.6711, "delta": 12.915958}}
{"target": 3493.9560053380324, "params": {"x0": 0.8102817573500474, "x1": 3.1564307722383065, "x2": 0.9470130848106604, "x3": 0.45732285896477576, "x4": 1.919220898055128, "x5": 3.7297556416732567, "x6": 5.010874500707634, "x7": -4.745799016434947, "x8": 1.3885932609653493, "x9": 1.716785819348114}, "datetime": {"datetime": "2025-05-13 13:37:33", "elapsed": 2538.141257, "delta": 12.470157}}
{"target": 3493.9560053380324, "params": {"x0": 0.8102817620383087, "x1": 3.1564307819413213, "x2": 0.9470131940455407, "x3": 0.4573229286537457, "x4": 1.9192210281986026, "x5": 3.7297556470677096, "x6": 5.010874669992425, "x7": -4.7457995021647985, "x8": 1.3885932589528585, "x9": 1.7167857931763577}, "datetime": {"datetime": "2025-05-13 13:37:46", "elapsed": 2550.953422, "delta": 12.812165}}
{"target": 3493.9560053380324, "params": {"x0": 0.8102817591521309, "x1": 3.156430838987351, "x2": 0.9470131461457862, "x3": 0.45732291745996784, "x4": 1.919220954561463, "x5": 3.729755744983509, "x6": 5.010874569704425, "x7": -4.745799513318532, "x8": 1.3885932572213304, "x9": 1.7167858104482057}, "datetime": {"datetime": "2025-05-13 13:37:58", "elapsed": 2563.593452, "delta": 12.64003}}
{"target": 3493.9560053380324, "params": {"x0": 0.810281753566725, "x1": 3.156430816831001, "x2": 0.9470131691844419, "x3": 0.4573229900464854, "x4": 1.9192209523800323, "x5": 3.729755776004467, "x6": 5.0108746763104, "x7": -4.745799228603618, "x8": 1.388593241878614, "x9": 1.7167857831243205}, "datetime": {"datetime": "2025-05-13 13:38:11", "elapsed": 2576.126822, "delta": 12.53337}}
{"target": 3493.9560053380324, "params": {"x0": 0.8102817487505585, "x1": 3.156430842855027, "x2": 0.9470131179001275, "x3": 0.4573229892547413, "x4": 1.9192209465018772, "x5": 3.729755815657886, "x6": 5.010874813085795, "x7": -4.745799339979401, "x8": 1.388593251615823, "x9": 1.7167858077511302}, "datetime": {"datetime": "2025-05-13 13:38:24", "elapsed": 2589.143168, "delta": 13.016346}}
{"target": 3493.9560053380324, "params": {"x0": 0.8102817475614418, "x1": 3.1564308654494977, "x2": 0.9470131449002372, "x3": 0.45732307735428257, "x4": 1.919220894668236, "x5": 3.7297558508230892, "x6": 5.010874741988186, "x7": -4.745799149156432, "x8": 1.3885932501327312, "x9": 1.7167858151324997}, "datetime": {"datetime": "2025-05-13 13:38:37", "elapsed": 2602.153775, "delta": 13.010607}}
{"target": 3493.9560053380324, "params": {"x0": 0.8102817537444904, "x1": 3.156430891809245, "x2": 0.9470131329225141, "x3": 0.4573230142608731, "x4": 1.919220911084668, "x5": 3.729755872995852, "x6": 5.010874776689337, "x7": -4.745799331881643, "x8": 1.3885932480859793, "x9": 1.7167858089077583}, "datetime": {"datetime": "2025-05-13 13:38:50", "elapsed": 2614.837102, "delta": 12.683327}}
{"target": 3493.9560053380324, "params": {"x0": 0.8102817487136992, "x1": 3.156430881482859, "x2": 0.9470131181487542, "x3": 0.4573230607173973, "x4": 1.9192208957880794, "x5": 3.72975585618008, "x6": 5.010874882764944, "x7": -4.745799385070493, "x8": 1.3885932468737254, "x9": 1.7167858011930452}, "datetime": {"datetime": "2025-05-13 13:39:02", "elapsed": 2627.562301, "delta": 12.725199}}
{"target": 3493.9560053380324, "params": {"x0": 0.8102817523132948, "x1": 3.1564309096655383, "x2": 0.9470130969633188, "x3": 0.45732309258932785, "x4": 1.9192209892493748, "x5": 3.7297558507315456, "x6": 5.010874641784174, "x7": -4.74579925019632, "x8": 1.3885932429754477, "x9": 1.7167858012193344}, "datetime": {"datetime": "2025-05-13 13:39:15", "elapsed": 2640.207862, "delta": 12.645561}}
{"target": 3493.9560053380324, "params": {"x0": 0.8102817547521884, "x1": 3.156430928550301, "x2": 0.947013114292574, "x3": 0.45732310730983167, "x4": 1.9192210004417443, "x5": 3.729755871725738, "x6": 5.010874694933632, "x7": -4.745799232549737, "x8": 1.3885932432243695, "x9": 1.7167857916182634}, "datetime": {"datetime": "2025-05-13 13:39:27", "elapsed": 2652.775401, "delta": 12.567539}}
{"target": 3493.9560053380324, "params": {"x0": 0.8102817546059108, "x1": 3.156430934171958, "x2": 0.947013110407082, "x3": 0.45732311497636274, "x4": 1.9192209327386673, "x5": 3.72975591873535, "x6": 5.010874671377733, "x7": -4.745799221962609, "x8": 1.3885932419821057, "x9": 1.7167858015700341}, "datetime": {"datetime": "2025-05-13 13:39:40", "elapsed": 2665.487669, "delta": 12.712268}}
{"target": 3493.9560053380324, "params": {"x0": 0.8102817506113921, "x1": 3.156430921764666, "x2": 0.9470130897818168, "x3": 0.457323095979403, "x4": 1.9192210587387741, "x5": 3.7297559202507, "x6": 5.01087478136883, "x7": -4.7457993216768966, "x8": 1.3885932403807353, "x9": 1.7167858010096213}, "datetime": {"datetime": "2025-05-13 13:39:53", "elapsed": 2678.115758, "delta": 12.628089}}
{"target": 3493.9560053380324, "params": {"x0": 0.8102817501310611, "x1": 3.156430930436158, "x2": 0.947013093125656, "x3": 0.4573231390015783, "x4": 1.9192209923866599, "x5": 3.7297559319530014, "x6": 5.0108747357473, "x7": -4.7457993440062305, "x8": 1.3885932394421292, "x9": 1.7167858029120726}, "datetime": {"datetime": "2025-05-13 13:40:06", "elapsed": 2690.963116, "delta": 12.847358}}
{"target": 3493.9560053380324, "params": {"x0": 0.8102817528837984, "x1": 3.156430935450926, "x2": 0.9470130853289674, "x3": 0.4573231180039471, "x4": 1.9192209619695064, "x5": 3.729755980903189, "x6": 5.010874877689839, "x7": -4.74579931830711, "x8": 1.3885932398552723, "x9": 1.7167857979444154}, "datetime": {"datetime": "2025-05-13 13:40:19", "elapsed": 2703.843804, "delta": 12.880688}}
{"target": 3493.9560053380324, "params": {"x0": 0.8102817511727759, "x1": 3.1564309621867443, "x2": 0.9470130844013518, "x3": 0.4573231315513604, "x4": 1.91922100037339, "x5": 3.729755948938107, "x6": 5.0108747151171995, "x7": -4.745799360179917, "x8": 1.388593239011871, "x9": 1.7167858019502178}, "datetime": {"datetime": "2025-05-13 13:40:32", "elapsed": 2716.837123, "delta": 12.993319}}
{"target": 3493.9560053380324, "params": {"x0": 0.8102817527850801, "x1": 3.15643095378619, "x2": 0.9470130830451765, "x3": 0.4573231393205616, "x4": 1.919221016076247, "x5": 3.7297559701390206, "x6": 5.010874718902123, "x7": -4.745799257832844, "x8": 1.388593236593558, "x9": 1.7167857954509445}, "datetime": {"datetime": "2025-05-13 13:40:44", "elapsed": 2729.419535, "delta": 12.582412}}
{"target": 3493.9560053380324, "params": {"x0": 0.8102817543994543, "x1": 3.1564309545986484, "x2": 0.9470130836449507, "x3": 0.4573231566393402, "x4": 1.91922100523459, "x5": 3.729755958748156, "x6": 5.010874854053138, "x7": -4.745799317787501, "x8": 1.3885932375757055, "x9": 1.7167858014148991}, "datetime": {"datetime": "2025-05-13 13:40:56", "elapsed": 2741.618054, "delta": 12.198519}}
{"target": 3493.9560053380324, "params": {"x0": 0.8102817547205886, "x1": 3.156430958344533, "x2": 0.947013070567968, "x3": 0.45732317010811474, "x4": 1.9192210466360224, "x5": 3.7297559634730018, "x6": 5.0108747900391535, "x7": -4.7457992900092645, "x8": 1.3885932367430773, "x9": 1.716785799371987}, "datetime": {"datetime": "2025-05-13 13:41:09", "elapsed": 2754.513622, "delta": 12.895568}}
{"target": 3493.9560053380324, "params": {"x0": 0.8102817513754769, "x1": 3.1564309614076067, "x2": 0.9470130739239735, "x3": 0.457323171928588, "x4": 1.9192210269192151, "x5": 3.7297559725736424, "x6": 5.0108747495011805, "x7": -4.745799272302258, "x8": 1.3885932365647913, "x9": 1.7167857916723792}, "datetime": {"datetime": "2025-05-13 13:41:22", "elapsed": 2767.750006, "delta": 13.236384}}
{"target": 3493.9560053380324, "params": {"x0": 0.8102817550679133, "x1": 3.156430964782862, "x2": 0.9470130681886054, "x3": 0.45732317348378915, "x4": 1.9192210000265246, "x5": 3.72975600395541, "x6": 5.010874747901665, "x7": -4.7457993059299755, "x8": 1.3885932361906266, "x9": 1.7167857972581166}, "datetime": {"datetime": "2025-05-13 13:41:35", "elapsed": 2780.775717, "delta": 13.025711}}
