{"target": 3493.9560053380324, "params": {"x0": 0.8102817538032644, "x1": 3.156430998599605, "x2": 0.947013054079375, "x3": 0.45732321358461775, "x4": 1.919221024627552, "x5": 3.729756035337424, "x6": 5.010874793041542, "x7": -4.745799300044038, "x8": 1.3885932320569816, "x9": 1.7167857954046462}, "datetime": {"datetime": "2025-05-14 03:17:13", "elapsed": 51718.433836, "delta": 64.948543}}
{"target": 3493.9560053380324, "params": {"x0": 0.8102817538032644, "x1": 3.156430998599605, "x2": 0.947013054079375, "x3": 0.45732321358461775, "x4": 1.919221024627552, "x5": 3.729756035337424, "x6": 5.010874793041542, "x7": -4.745799300044038, "x8": 1.3885932320569816, "x9": 1.7167857954046462}, "datetime": {"datetime": "2025-05-14 03:18:22", "elapsed": 51787.27417, "delta": 68.840334}}
{"target": 3493.9560053380324, "params": {"x0": 0.8102817538032644, "x1": 3.156430998599605, "x2": 0.947013054079375, "x3": 0.45732321358461775, "x4": 1.919221024627552, "x5": 3.729756035337424, "x6": 5.010874793041542, "x7": -4.745799300044038, "x8": 1.3885932320569816, "x9": 1.7167857954046462}, "datetime": {"datetime": "2025-05-14 03:19:29", "elapsed": 51854.460007, "delta": 67.185837}}
{"target": 3493.9560053380324, "params": {"x0": 0.8102817538032644, "x1": 3.156430998599605, "x2": 0.947013054079375, "x3": 0.45732321358461775, "x4": 1.919221024627552, "x5": 3.729756035337424, "x6": 5.010874793041542, "x7": -4.745799300044038, "x8": 1.3885932320569816, "x9": 1.7167857954046462}, "datetime": {"datetime": "2025-05-14 03:20:46", "elapsed": 51931.044252, "delta": 76.584245}}
{"target": 3493.9560053380324, "params": {"x0": 0.8102817538032644, "x1": 3.156430998599605, "x2": 0.947013054079375, "x3": 0.45732321358461775, "x4": 1.919221024627552, "x5": 3.729756035337424, "x6": 5.010874793041542, "x7": -4.745799300044038, "x8": 1.3885932320569816, "x9": 1.7167857954046462}, "datetime": {"datetime": "2025-05-14 03:21:58", "elapsed": 52002.996949, "delta": 71.952697}}
{"target": 3493.9560053380324, "params": {"x0": 0.8102817538032644, "x1": 3.156430998599605, "x2": 0.947013054079375, "x3": 0.45732321358461775, "x4": 1.919221024627552, "x5": 3.729756035337424, "x6": 5.010874793041542, "x7": -4.745799300044038, "x8": 1.3885932320569816, "x9": 1.7167857954046462}, "datetime": {"datetime": "2025-05-14 03:23:00", "elapsed": 52065.757071, "delta": 62.760122}}
{"target": 3493.9560053380324, "params": {"x0": 0.8102817538032644, "x1": 3.156430998599605, "x2": 0.947013054079375, "x3": 0.45732321358461775, "x4": 1.919221024627552, "x5": 3.729756035337424, "x6": 5.010874793041542, "x7": -4.745799300044038, "x8": 1.3885932320569816, "x9": 1.7167857954046462}, "datetime": {"datetime": "2025-05-14 03:23:57", "elapsed": 52122.362442, "delta": 56.605371}}
{"target": 3493.9560053380324, "params": {"x0": 0.8102817538032644, "x1": 3.156430998599605, "x2": 0.947013054079375, "x3": 0.45732321358461775, "x4": 1.919221024627552, "x5": 3.729756035337424, "x6": 5.010874793041542, "x7": -4.745799300044038, "x8": 1.3885932320569816, "x9": 1.7167857954046462}, "datetime": {"datetime": "2025-05-14 03:25:01", "elapsed": 52185.816717, "delta": 63.454275}}
{"target": 3493.9560053380324, "params": {"x0": 0.8102817538032644, "x1": 3.156430998599605, "x2": 0.947013054079375, "x3": 0.45732321358461775, "x4": 1.919221024627552, "x5": 3.729756035337424, "x6": 5.010874793041542, "x7": -4.745799300044038, "x8": 1.3885932320569816, "x9": 1.7167857954046462}, "datetime": {"datetime": "2025-05-14 03:26:01", "elapsed": 52246.051555, "delta": 60.234838}}
{"target": 3493.9560053380324, "params": {"x0": 0.8102817538032644, "x1": 3.156430998599605, "x2": 0.947013054079375, "x3": 0.45732321358461775, "x4": 1.919221024627552, "x5": 3.729756035337424, "x6": 5.010874793041542, "x7": -4.745799300044038, "x8": 1.3885932320569816, "x9": 1.7167857954046462}, "datetime": {"datetime": "2025-05-14 03:27:18", "elapsed": 52323.242829, "delta": 77.191274}}
{"target": 3493.9560053380324, "params": {"x0": 0.8102817538032644, "x1": 3.156430998599605, "x2": 0.947013054079375, "x3": 0.45732321358461775, "x4": 1.919221024627552, "x5": 3.729756035337424, "x6": 5.010874793041542, "x7": -4.745799300044038, "x8": 1.3885932320569816, "x9": 1.7167857954046462}, "datetime": {"datetime": "2025-05-14 03:28:19", "elapsed": 52384.077707, "delta": 60.834878}}
{"target": 3493.9560053380324, "params": {"x0": 0.8102817538032644, "x1": 3.156430998599605, "x2": 0.947013054079375, "x3": 0.45732321358461775, "x4": 1.919221024627552, "x5": 3.729756035337424, "x6": 5.010874793041542, "x7": -4.745799300044038, "x8": 1.3885932320569816, "x9": 1.7167857954046462}, "datetime": {"datetime": "2025-05-14 03:29:24", "elapsed": 52448.986152, "delta": 64.908445}}
{"target": 3493.9560053380324, "params": {"x0": 0.8102817538032644, "x1": 3.156430998599605, "x2": 0.947013054079375, "x3": 0.45732321358461775, "x4": 1.919221024627552, "x5": 3.729756035337424, "x6": 5.010874793041542, "x7": -4.745799300044038, "x8": 1.3885932320569816, "x9": 1.7167857954046462}, "datetime": {"datetime": "2025-05-14 03:30:24", "elapsed": 52509.337589, "delta": 60.351437}}
{"target": 3493.9560053380324, "params": {"x0": 0.8102817538032644, "x1": 3.156430998599605, "x2": 0.947013054079375, "x3": 0.45732321358461775, "x4": 1.919221024627552, "x5": 3.729756035337424, "x6": 5.010874793041542, "x7": -4.745799300044038, "x8": 1.3885932320569816, "x9": 1.7167857954046462}, "datetime": {"datetime": "2025-05-14 03:31:32", "elapsed": 52577.074951, "delta": 67.737362}}
{"target": 3493.9560053380324, "params": {"x0": 0.8102817538032644, "x1": 3.156430998599605, "x2": 0.947013054079375, "x3": 0.45732321358461775, "x4": 1.919221024627552, "x5": 3.729756035337424, "x6": 5.010874793041542, "x7": -4.745799300044038, "x8": 1.3885932320569816, "x9": 1.7167857954046462}, "datetime": {"datetime": "2025-05-14 03:32:41", "elapsed": 52646.2629, "delta": 69.187949}}
{"target": 3493.9560053380324, "params": {"x0": 0.8102817538032644, "x1": 3.156430998599605, "x2": 0.947013054079375, "x3": 0.45732321358461775, "x4": 1.919221024627552, "x5": 3.729756035337424, "x6": 5.010874793041542, "x7": -4.745799300044038, "x8": 1.3885932320569816, "x9": 1.7167857954046462}, "datetime": {"datetime": "2025-05-14 03:33:48", "elapsed": 52713.312049, "delta": 67.049149}}
{"target": 3493.9560053380324, "params": {"x0": 0.8102817538032644, "x1": 3.156430998599605, "x2": 0.947013054079375, "x3": 0.45732321358461775, "x4": 1.919221024627552, "x5": 3.729756035337424, "x6": 5.010874793041542, "x7": -4.745799300044038, "x8": 1.3885932320569816, "x9": 1.7167857954046462}, "datetime": {"datetime": "2025-05-14 03:34:53", "elapsed": 52778.783399, "delta": 65.47135}}
{"target": 3493.9560053380324, "params": {"x0": 0.8102817538032644, "x1": 3.156430998599605, "x2": 0.947013054079375, "x3": 0.45732321358461775, "x4": 1.919221024627552, "x5": 3.729756035337424, "x6": 5.010874793041542, "x7": -4.745799300044038, "x8": 1.3885932320569816, "x9": 1.7167857954046462}, "datetime": {"datetime": "2025-05-14 03:36:00", "elapsed": 52845.546514, "delta": 66.763115}}
{"target": 3493.9560053380324, "params": {"x0": 0.8102817538032644, "x1": 3.156430998599605, "x2": 0.947013054079375, "x3": 0.45732321358461775, "x4": 1.919221024627552, "x5": 3.729756035337424, "x6": 5.010874793041542, "x7": -4.745799300044038, "x8": 1.3885932320569816, "x9": 1.7167857954046462}, "datetime": {"datetime": "2025-05-14 03:37:05", "elapsed": 52910.159307, "delta": 64.612793}}
{"target": 3493.9560053380324, "params": {"x0": 0.8102817538032644, "x1": 3.156430998599605, "x2": 0.947013054079375, "x3": 0.45732321358461775, "x4": 1.919221024627552, "x5": 3.729756035337424, "x6": 5.010874793041542, "x7": -4.745799300044038, "x8": 1.3885932320569816, "x9": 1.7167857954046462}, "datetime": {"datetime": "2025-05-14 03:38:22", "elapsed": 52987.732554, "delta": 77.573247}}
{"target": 3493.9560053380324, "params": {"x0": 0.8102817538032644, "x1": 3.156430998599605, "x2": 0.947013054079375, "x3": 0.45732321358461775, "x4": 1.919221024627552, "x5": 3.729756035337424, "x6": 5.010874793041542, "x7": -4.745799300044038, "x8": 1.3885932320569816, "x9": 1.7167857954046462}, "datetime": {"datetime": "2025-05-14 03:39:28", "elapsed": 53053.013937, "delta": 65.281383}}
{"target": 3493.9560053380324, "params": {"x0": 0.8102817538032644, "x1": 3.156430998599605, "x2": 0.947013054079375, "x3": 0.45732321358461775, "x4": 1.919221024627552, "x5": 3.729756035337424, "x6": 5.010874793041542, "x7": -4.745799300044038, "x8": 1.3885932320569816, "x9": 1.7167857954046462}, "datetime": {"datetime": "2025-05-14 03:40:40", "elapsed": 53125.036385, "delta": 72.022448}}
{"target": 3493.9560053380324, "params": {"x0": 0.8102817538032644, "x1": 3.156430998599605, "x2": 0.947013054079375, "x3": 0.45732321358461775, "x4": 1.919221024627552, "x5": 3.729756035337424, "x6": 5.010874793041542, "x7": -4.745799300044038, "x8": 1.3885932320569816, "x9": 1.7167857954046462}, "datetime": {"datetime": "2025-05-14 03:41:49", "elapsed": 53193.797413, "delta": 68.761028}}
{"target": 3493.9560053380324, "params": {"x0": 0.8102817538032644, "x1": 3.156430998599605, "x2": 0.947013054079375, "x3": 0.45732321358461775, "x4": 1.919221024627552, "x5": 3.729756035337424, "x6": 5.010874793041542, "x7": -4.745799300044038, "x8": 1.3885932320569816, "x9": 1.7167857954046462}, "datetime": {"datetime": "2025-05-14 03:43:11", "elapsed": 53276.703188, "delta": 82.905775}}
{"target": 3493.9560053380324, "params": {"x0": 0.8102817538032644, "x1": 3.156430998599605, "x2": 0.947013054079375, "x3": 0.45732321358461775, "x4": 1.919221024627552, "x5": 3.729756035337424, "x6": 5.010874793041542, "x7": -4.745799300044038, "x8": 1.3885932320569816, "x9": 1.7167857954046462}, "datetime": {"datetime": "2025-05-14 03:44:10", "elapsed": 53335.676609, "delta": 58.973421}}
{"target": 3493.9560053380324, "params": {"x0": 0.8102817538032644, "x1": 3.156430998599605, "x2": 0.947013054079375, "x3": 0.45732321358461775, "x4": 1.919221024627552, "x5": 3.729756035337424, "x6": 5.010874793041542, "x7": -4.745799300044038, "x8": 1.3885932320569816, "x9": 1.7167857954046462}, "datetime": {"datetime": "2025-05-14 03:45:13", "elapsed": 53398.392905, "delta": 62.716296}}
{"target": 3493.9560053380324, "params": {"x0": 0.8102817538032644, "x1": 3.156430998599605, "x2": 0.947013054079375, "x3": 0.45732321358461775, "x4": 1.919221024627552, "x5": 3.729756035337424, "x6": 5.010874793041542, "x7": -4.745799300044038, "x8": 1.3885932320569816, "x9": 1.7167857954046462}, "datetime": {"datetime": "2025-05-14 03:46:33", "elapsed": 53478.428547, "delta": 80.035642}}
{"target": 3493.9560053380324, "params": {"x0": 0.8102817538032644, "x1": 3.156430998599605, "x2": 0.947013054079375, "x3": 0.45732321358461775, "x4": 1.919221024627552, "x5": 3.729756035337424, "x6": 5.010874793041542, "x7": -4.745799300044038, "x8": 1.3885932320569816, "x9": 1.7167857954046462}, "datetime": {"datetime": "2025-05-14 03:47:50", "elapsed": 53555.256258, "delta": 76.827711}}
{"target": 3493.9560053380324, "params": {"x0": 0.8102817538032644, "x1": 3.156430998599605, "x2": 0.947013054079375, "x3": 0.45732321358461775, "x4": 1.919221024627552, "x5": 3.729756035337424, "x6": 5.010874793041542, "x7": -4.745799300044038, "x8": 1.3885932320569816, "x9": 1.7167857954046462}, "datetime": {"datetime": "2025-05-14 03:48:46", "elapsed": 53611.706528, "delta": 56.45027}}
{"target": 3493.9560053380324, "params": {"x0": 0.8102817538032644, "x1": 3.156430998599605, "x2": 0.947013054079375, "x3": 0.45732321358461775, "x4": 1.919221024627552, "x5": 3.729756035337424, "x6": 5.010874793041542, "x7": -4.745799300044038, "x8": 1.3885932320569816, "x9": 1.7167857954046462}, "datetime": {"datetime": "2025-05-14 03:49:47", "elapsed": 53672.370556, "delta": 60.664028}}
{"target": 3493.9560053380324, "params": {"x0": 0.8102817538032644, "x1": 3.156430998599605, "x2": 0.947013054079375, "x3": 0.45732321358461775, "x4": 1.919221024627552, "x5": 3.729756035337424, "x6": 5.010874793041542, "x7": -4.745799300044038, "x8": 1.3885932320569816, "x9": 1.7167857954046462}, "datetime": {"datetime": "2025-05-14 03:50:56", "elapsed": 53740.895511, "delta": 68.524955}}
{"target": 3493.9560053380324, "params": {"x0": 0.8102817538032644, "x1": 3.156430998599605, "x2": 0.947013054079375, "x3": 0.45732321358461775, "x4": 1.919221024627552, "x5": 3.729756035337424, "x6": 5.010874793041542, "x7": -4.745799300044038, "x8": 1.3885932320569816, "x9": 1.7167857954046462}, "datetime": {"datetime": "2025-05-14 03:52:02", "elapsed": 53807.570473, "delta": 66.674962}}
{"target": 3493.9560053380324, "params": {"x0": 0.8102817538032644, "x1": 3.156430998599605, "x2": 0.947013054079375, "x3": 0.45732321358461775, "x4": 1.919221024627552, "x5": 3.729756035337424, "x6": 5.010874793041542, "x7": -4.745799300044038, "x8": 1.3885932320569816, "x9": 1.7167857954046462}, "datetime": {"datetime": "2025-05-14 03:53:15", "elapsed": 53879.843177, "delta": 72.272704}}
{"target": 3493.9560053380324, "params": {"x0": 0.8102817538032644, "x1": 3.156430998599605, "x2": 0.947013054079375, "x3": 0.45732321358461775, "x4": 1.919221024627552, "x5": 3.729756035337424, "x6": 5.010874793041542, "x7": -4.745799300044038, "x8": 1.3885932320569816, "x9": 1.7167857954046462}, "datetime": {"datetime": "2025-05-14 03:54:18", "elapsed": 53943.640111, "delta": 63.796934}}
{"target": 3493.9560053380324, "params": {"x0": 0.8102817538032644, "x1": 3.156430998599605, "x2": 0.947013054079375, "x3": 0.45732321358461775, "x4": 1.919221024627552, "x5": 3.729756035337424, "x6": 5.010874793041542, "x7": -4.745799300044038, "x8": 1.3885932320569816, "x9": 1.7167857954046462}, "datetime": {"datetime": "2025-05-14 03:55:37", "elapsed": 54022.004105, "delta": 78.363994}}
{"target": 3493.9560053380324, "params": {"x0": 0.8102817538032644, "x1": 3.156430998599605, "x2": 0.947013054079375, "x3": 0.45732321358461775, "x4": 1.919221024627552, "x5": 3.729756035337424, "x6": 5.010874793041542, "x7": -4.745799300044038, "x8": 1.3885932320569816, "x9": 1.7167857954046462}, "datetime": {"datetime": "2025-05-14 03:56:35", "elapsed": 54080.297883, "delta": 58.293778}}
{"target": 3493.9560053380324, "params": {"x0": 0.8102817538032644, "x1": 3.156430998599605, "x2": 0.947013054079375, "x3": 0.45732321358461775, "x4": 1.919221024627552, "x5": 3.729756035337424, "x6": 5.010874793041542, "x7": -4.745799300044038, "x8": 1.3885932320569816, "x9": 1.7167857954046462}, "datetime": {"datetime": "2025-05-14 03:57:34", "elapsed": 54139.003883, "delta": 58.706}}
{"target": 3493.9560053380324, "params": {"x0": 0.8102817538032644, "x1": 3.156430998599605, "x2": 0.947013054079375, "x3": 0.45732321358461775, "x4": 1.919221024627552, "x5": 3.729756035337424, "x6": 5.010874793041542, "x7": -4.745799300044038, "x8": 1.3885932320569816, "x9": 1.7167857954046462}, "datetime": {"datetime": "2025-05-14 03:58:40", "elapsed": 54205.18268, "delta": 66.178797}}
{"target": 3493.9560053380324, "params": {"x0": 0.8102817538032644, "x1": 3.156430998599605, "x2": 0.947013054079375, "x3": 0.45732321358461775, "x4": 1.919221024627552, "x5": 3.729756035337424, "x6": 5.010874793041542, "x7": -4.745799300044038, "x8": 1.3885932320569816, "x9": 1.7167857954046462}, "datetime": {"datetime": "2025-05-14 03:59:43", "elapsed": 54268.41531, "delta": 63.23263}}
{"target": 3493.9560053380324, "params": {"x0": 0.8102817538032644, "x1": 3.156430998599605, "x2": 0.947013054079375, "x3": 0.45732321358461775, "x4": 1.919221024627552, "x5": 3.729756035337424, "x6": 5.010874793041542, "x7": -4.745799300044038, "x8": 1.3885932320569816, "x9": 1.7167857954046462}, "datetime": {"datetime": "2025-05-14 04:00:48", "elapsed": 54333.480648, "delta": 65.065338}}
{"target": 3493.9560053380324, "params": {"x0": 0.8102817538032644, "x1": 3.156430998599605, "x2": 0.947013054079375, "x3": 0.45732321358461775, "x4": 1.919221024627552, "x5": 3.729756035337424, "x6": 5.010874793041542, "x7": -4.745799300044038, "x8": 1.3885932320569816, "x9": 1.7167857954046462}, "datetime": {"datetime": "2025-05-14 04:01:50", "elapsed": 54395.147282, "delta": 61.666634}}
{"target": 3493.9560053380324, "params": {"x0": 0.8102817538032644, "x1": 3.156430998599605, "x2": 0.947013054079375, "x3": 0.45732321358461775, "x4": 1.919221024627552, "x5": 3.729756035337424, "x6": 5.010874793041542, "x7": -4.745799300044038, "x8": 1.3885932320569816, "x9": 1.7167857954046462}, "datetime": {"datetime": "2025-05-14 04:02:53", "elapsed": 54458.517539, "delta": 63.370257}}
{"target": 3493.9560053380324, "params": {"x0": 0.8102817538032644, "x1": 3.156430998599605, "x2": 0.947013054079375, "x3": 0.45732321358461775, "x4": 1.919221024627552, "x5": 3.729756035337424, "x6": 5.010874793041542, "x7": -4.745799300044038, "x8": 1.3885932320569816, "x9": 1.7167857954046462}, "datetime": {"datetime": "2025-05-14 04:03:55", "elapsed": 54520.284197, "delta": 61.766658}}
{"target": 3493.9560053380324, "params": {"x0": 0.8102817538032644, "x1": 3.156430998599605, "x2": 0.947013054079375, "x3": 0.45732321358461775, "x4": 1.919221024627552, "x5": 3.729756035337424, "x6": 5.010874793041542, "x7": -4.745799300044038, "x8": 1.3885932320569816, "x9": 1.7167857954046462}, "datetime": {"datetime": "2025-05-14 04:05:02", "elapsed": 54587.707114, "delta": 67.422917}}
{"target": 3493.9560053380324, "params": {"x0": 0.8102817538032644, "x1": 3.156430998599605, "x2": 0.947013054079375, "x3": 0.45732321358461775, "x4": 1.919221024627552, "x5": 3.729756035337424, "x6": 5.010874793041542, "x7": -4.745799300044038, "x8": 1.3885932320569816, "x9": 1.7167857954046462}, "datetime": {"datetime": "2025-05-14 04:06:12", "elapsed": 54656.967134, "delta": 69.26002}}
{"target": 3493.9560053380324, "params": {"x0": 0.8102817538032644, "x1": 3.156430998599605, "x2": 0.947013054079375, "x3": 0.45732321358461775, "x4": 1.919221024627552, "x5": 3.729756035337424, "x6": 5.010874793041542, "x7": -4.745799300044038, "x8": 1.3885932320569816, "x9": 1.7167857954046462}, "datetime": {"datetime": "2025-05-14 04:07:20", "elapsed": 54725.462939, "delta": 68.495805}}
{"target": 3493.9560053380324, "params": {"x0": 0.8102817538032644, "x1": 3.156430998599605, "x2": 0.947013054079375, "x3": 0.45732321358461775, "x4": 1.919221024627552, "x5": 3.729756035337424, "x6": 5.010874793041542, "x7": -4.745799300044038, "x8": 1.3885932320569816, "x9": 1.7167857954046462}, "datetime": {"datetime": "2025-05-14 04:08:32", "elapsed": 54797.731051, "delta": 72.268112}}
{"target": 3493.9560053380324, "params": {"x0": 0.8102817538032644, "x1": 3.156430998599605, "x2": 0.947013054079375, "x3": 0.45732321358461775, "x4": 1.919221024627552, "x5": 3.729756035337424, "x6": 5.010874793041542, "x7": -4.745799300044038, "x8": 1.3885932320569816, "x9": 1.7167857954046462}, "datetime": {"datetime": "2025-05-14 04:09:32", "elapsed": 54857.64707, "delta": 59.916019}}
{"target": 3493.9560053380324, "params": {"x0": 0.8102817538032644, "x1": 3.156430998599605, "x2": 0.947013054079375, "x3": 0.45732321358461775, "x4": 1.919221024627552, "x5": 3.729756035337424, "x6": 5.010874793041542, "x7": -4.745799300044038, "x8": 1.3885932320569816, "x9": 1.7167857954046462}, "datetime": {"datetime": "2025-05-14 04:10:51", "elapsed": 54936.049549, "delta": 78.402479}}
{"target": 3493.9560053380324, "params": {"x0": 0.8102817538032644, "x1": 3.156430998599605, "x2": 0.947013054079375, "x3": 0.45732321358461775, "x4": 1.919221024627552, "x5": 3.729756035337424, "x6": 5.010874793041542, "x7": -4.745799300044038, "x8": 1.3885932320569816, "x9": 1.7167857954046462}, "datetime": {"datetime": "2025-05-14 04:11:58", "elapsed": 55003.446553, "delta": 67.397004}}
{"target": 3493.9560053380324, "params": {"x0": 0.8102817538032644, "x1": 3.156430998599605, "x2": 0.947013054079375, "x3": 0.45732321358461775, "x4": 1.919221024627552, "x5": 3.729756035337424, "x6": 5.010874793041542, "x7": -4.745799300044038, "x8": 1.3885932320569816, "x9": 1.7167857954046462}, "datetime": {"datetime": "2025-05-14 04:13:00", "elapsed": 55065.676519, "delta": 62.229966}}
{"target": 3493.9560053380324, "params": {"x0": 0.8102817538032644, "x1": 3.156430998599605, "x2": 0.947013054079375, "x3": 0.45732321358461775, "x4": 1.919221024627552, "x5": 3.729756035337424, "x6": 5.010874793041542, "x7": -4.745799300044038, "x8": 1.3885932320569816, "x9": 1.7167857954046462}, "datetime": {"datetime": "2025-05-14 04:13:57", "elapsed": 55122.420856, "delta": 56.744337}}
{"target": 3493.9560053380324, "params": {"x0": 0.8102817538032644, "x1": 3.156430998599605, "x2": 0.947013054079375, "x3": 0.45732321358461775, "x4": 1.919221024627552, "x5": 3.729756035337424, "x6": 5.010874793041542, "x7": -4.745799300044038, "x8": 1.3885932320569816, "x9": 1.7167857954046462}, "datetime": {"datetime": "2025-05-14 04:15:04", "elapsed": 55189.632001, "delta": 67.211145}}
{"target": 3493.9560053380324, "params": {"x0": 0.8102817538032644, "x1": 3.156430998599605, "x2": 0.947013054079375, "x3": 0.45732321358461775, "x4": 1.919221024627552, "x5": 3.729756035337424, "x6": 5.010874793041542, "x7": -4.745799300044038, "x8": 1.3885932320569816, "x9": 1.7167857954046462}, "datetime": {"datetime": "2025-05-14 04:16:01", "elapsed": 55245.90073, "delta": 56.268729}}
{"target": 3493.9560053380324, "params": {"x0": 0.8102817538032644, "x1": 3.156430998599605, "x2": 0.947013054079375, "x3": 0.45732321358461775, "x4": 1.919221024627552, "x5": 3.729756035337424, "x6": 5.010874793041542, "x7": -4.745799300044038, "x8": 1.3885932320569816, "x9": 1.7167857954046462}, "datetime": {"datetime": "2025-05-14 04:17:06", "elapsed": 55311.426735, "delta": 65.526005}}
{"target": 3493.9560053380324, "params": {"x0": 0.8102817538032644, "x1": 3.156430998599605, "x2": 0.947013054079375, "x3": 0.45732321358461775, "x4": 1.919221024627552, "x5": 3.729756035337424, "x6": 5.010874793041542, "x7": -4.745799300044038, "x8": 1.3885932320569816, "x9": 1.7167857954046462}, "datetime": {"datetime": "2025-05-14 04:18:34", "elapsed": 55399.174415, "delta": 87.74768}}
