{"target": 3493.9560053380324, "params": {"x0": 0.8102817538032644, "x1": 3.156430998599605, "x2": 0.947013054079375, "x3": 0.45732321358461775, "x4": 1.919221024627552, "x5": 3.729756035337424, "x6": 5.010874793041542, "x7": -4.745799300044038, "x8": 1.3885932320569816, "x9": 1.7167857954046462}, "datetime": {"datetime": "2025-05-13 17:25:05", "elapsed": 16190.511997, "delta": 23.126554}}
{"target": 3493.9560053380324, "params": {"x0": 0.8102817538032644, "x1": 3.156430998599605, "x2": 0.947013054079375, "x3": 0.45732321358461775, "x4": 1.919221024627552, "x5": 3.729756035337424, "x6": 5.010874793041542, "x7": -4.745799300044038, "x8": 1.3885932320569816, "x9": 1.7167857954046462}, "datetime": {"datetime": "2025-05-13 17:25:25", "elapsed": 16210.090107, "delta": 19.57811}}
{"target": 3493.9560053380324, "params": {"x0": 0.8102817538032644, "x1": 3.156430998599605, "x2": 0.947013054079375, "x3": 0.45732321358461775, "x4": 1.919221024627552, "x5": 3.729756035337424, "x6": 5.010874793041542, "x7": -4.745799300044038, "x8": 1.3885932320569816, "x9": 1.7167857954046462}, "datetime": {"datetime": "2025-05-13 17:25:55", "elapsed": 16240.221164, "delta": 30.131057}}
{"target": 3493.9560053380324, "params": {"x0": 0.8102817538032644, "x1": 3.156430998599605, "x2": 0.947013054079375, "x3": 0.45732321358461775, "x4": 1.919221024627552, "x5": 3.729756035337424, "x6": 5.010874793041542, "x7": -4.745799300044038, "x8": 1.3885932320569816, "x9": 1.7167857954046462}, "datetime": {"datetime": "2025-05-13 17:26:16", "elapsed": 16261.082525, "delta": 20.861361}}
{"target": 3493.9560053380324, "params": {"x0": 0.8102817538032644, "x1": 3.156430998599605, "x2": 0.947013054079375, "x3": 0.45732321358461775, "x4": 1.919221024627552, "x5": 3.729756035337424, "x6": 5.010874793041542, "x7": -4.745799300044038, "x8": 1.3885932320569816, "x9": 1.7167857954046462}, "datetime": {"datetime": "2025-05-13 17:26:36", "elapsed": 16281.379542, "delta": 20.297017}}
{"target": 3493.9560053380324, "params": {"x0": 0.8102817538032644, "x1": 3.156430998599605, "x2": 0.947013054079375, "x3": 0.45732321358461775, "x4": 1.919221024627552, "x5": 3.729756035337424, "x6": 5.010874793041542, "x7": -4.745799300044038, "x8": 1.3885932320569816, "x9": 1.7167857954046462}, "datetime": {"datetime": "2025-05-13 17:27:02", "elapsed": 16307.116883, "delta": 25.737341}}
{"target": 3493.9560053380324, "params": {"x0": 0.8102817538032644, "x1": 3.156430998599605, "x2": 0.947013054079375, "x3": 0.45732321358461775, "x4": 1.919221024627552, "x5": 3.729756035337424, "x6": 5.010874793041542, "x7": -4.745799300044038, "x8": 1.3885932320569816, "x9": 1.7167857954046462}, "datetime": {"datetime": "2025-05-13 17:27:28", "elapsed": 16333.77254, "delta": 26.655657}}
{"target": 3493.9560053380324, "params": {"x0": 0.8102817538032644, "x1": 3.156430998599605, "x2": 0.947013054079375, "x3": 0.45732321358461775, "x4": 1.919221024627552, "x5": 3.729756035337424, "x6": 5.010874793041542, "x7": -4.745799300044038, "x8": 1.3885932320569816, "x9": 1.7167857954046462}, "datetime": {"datetime": "2025-05-13 17:27:53", "elapsed": 16357.91663, "delta": 24.14409}}
{"target": 3493.9560053380324, "params": {"x0": 0.8102817538032644, "x1": 3.156430998599605, "x2": 0.947013054079375, "x3": 0.45732321358461775, "x4": 1.919221024627552, "x5": 3.729756035337424, "x6": 5.010874793041542, "x7": -4.745799300044038, "x8": 1.3885932320569816, "x9": 1.7167857954046462}, "datetime": {"datetime": "2025-05-13 17:28:23", "elapsed": 16388.196699, "delta": 30.280069}}
{"target": 3493.9560053380324, "params": {"x0": 0.8102817538032644, "x1": 3.156430998599605, "x2": 0.947013054079375, "x3": 0.45732321358461775, "x4": 1.919221024627552, "x5": 3.729756035337424, "x6": 5.010874793041542, "x7": -4.745799300044038, "x8": 1.3885932320569816, "x9": 1.7167857954046462}, "datetime": {"datetime": "2025-05-13 17:28:43", "elapsed": 16408.779342, "delta": 20.582643}}
{"target": 3493.9560053380324, "params": {"x0": 0.8102817538032644, "x1": 3.156430998599605, "x2": 0.947013054079375, "x3": 0.45732321358461775, "x4": 1.919221024627552, "x5": 3.729756035337424, "x6": 5.010874793041542, "x7": -4.745799300044038, "x8": 1.3885932320569816, "x9": 1.7167857954046462}, "datetime": {"datetime": "2025-05-13 17:29:06", "elapsed": 16430.877551, "delta": 22.098209}}
{"target": 3493.9560053380324, "params": {"x0": 0.8102817538032644, "x1": 3.156430998599605, "x2": 0.947013054079375, "x3": 0.45732321358461775, "x4": 1.919221024627552, "x5": 3.729756035337424, "x6": 5.010874793041542, "x7": -4.745799300044038, "x8": 1.3885932320569816, "x9": 1.7167857954046462}, "datetime": {"datetime": "2025-05-13 17:29:31", "elapsed": 16456.591676, "delta": 25.714125}}
{"target": 3493.9560053380324, "params": {"x0": 0.8102817538032644, "x1": 3.156430998599605, "x2": 0.947013054079375, "x3": 0.45732321358461775, "x4": 1.919221024627552, "x5": 3.729756035337424, "x6": 5.010874793041542, "x7": -4.745799300044038, "x8": 1.3885932320569816, "x9": 1.7167857954046462}, "datetime": {"datetime": "2025-05-13 17:29:52", "elapsed": 16477.642679, "delta": 21.051003}}
{"target": 3493.9560053380324, "params": {"x0": 0.8102817538032644, "x1": 3.156430998599605, "x2": 0.947013054079375, "x3": 0.45732321358461775, "x4": 1.919221024627552, "x5": 3.729756035337424, "x6": 5.010874793041542, "x7": -4.745799300044038, "x8": 1.3885932320569816, "x9": 1.7167857954046462}, "datetime": {"datetime": "2025-05-13 17:30:13", "elapsed": 16497.830614, "delta": 20.187935}}
{"target": 3493.9560053380324, "params": {"x0": 0.8102817538032644, "x1": 3.156430998599605, "x2": 0.947013054079375, "x3": 0.45732321358461775, "x4": 1.919221024627552, "x5": 3.729756035337424, "x6": 5.010874793041542, "x7": -4.745799300044038, "x8": 1.3885932320569816, "x9": 1.7167857954046462}, "datetime": {"datetime": "2025-05-13 17:30:36", "elapsed": 16521.221198, "delta": 23.390584}}
{"target": 3493.9560053380324, "params": {"x0": 0.8102817538032644, "x1": 3.156430998599605, "x2": 0.947013054079375, "x3": 0.45732321358461775, "x4": 1.919221024627552, "x5": 3.729756035337424, "x6": 5.010874793041542, "x7": -4.745799300044038, "x8": 1.3885932320569816, "x9": 1.7167857954046462}, "datetime": {"datetime": "2025-05-13 17:30:57", "elapsed": 16542.586201, "delta": 21.365003}}
{"target": 3493.9560053380324, "params": {"x0": 0.8102817538032644, "x1": 3.156430998599605, "x2": 0.947013054079375, "x3": 0.45732321358461775, "x4": 1.919221024627552, "x5": 3.729756035337424, "x6": 5.010874793041542, "x7": -4.745799300044038, "x8": 1.3885932320569816, "x9": 1.7167857954046462}, "datetime": {"datetime": "2025-05-13 17:31:18", "elapsed": 16563.657799, "delta": 21.071598}}
{"target": 3493.9560053380324, "params": {"x0": 0.8102817538032644, "x1": 3.156430998599605, "x2": 0.947013054079375, "x3": 0.45732321358461775, "x4": 1.919221024627552, "x5": 3.729756035337424, "x6": 5.010874793041542, "x7": -4.745799300044038, "x8": 1.3885932320569816, "x9": 1.7167857954046462}, "datetime": {"datetime": "2025-05-13 17:31:44", "elapsed": 16589.632156, "delta": 25.974357}}
{"target": 3493.9560053380324, "params": {"x0": 0.8102817538032644, "x1": 3.156430998599605, "x2": 0.947013054079375, "x3": 0.45732321358461775, "x4": 1.919221024627552, "x5": 3.729756035337424, "x6": 5.010874793041542, "x7": -4.745799300044038, "x8": 1.3885932320569816, "x9": 1.7167857954046462}, "datetime": {"datetime": "2025-05-13 17:32:07", "elapsed": 16611.8881, "delta": 22.255944}}
{"target": 3493.9560053380324, "params": {"x0": 0.8102817538032644, "x1": 3.156430998599605, "x2": 0.947013054079375, "x3": 0.45732321358461775, "x4": 1.919221024627552, "x5": 3.729756035337424, "x6": 5.010874793041542, "x7": -4.745799300044038, "x8": 1.3885932320569816, "x9": 1.7167857954046462}, "datetime": {"datetime": "2025-05-13 17:32:38", "elapsed": 16643.423386, "delta": 31.535286}}
{"target": 3493.9560053380324, "params": {"x0": 0.8102817538032644, "x1": 3.156430998599605, "x2": 0.947013054079375, "x3": 0.45732321358461775, "x4": 1.919221024627552, "x5": 3.729756035337424, "x6": 5.010874793041542, "x7": -4.745799300044038, "x8": 1.3885932320569816, "x9": 1.7167857954046462}, "datetime": {"datetime": "2025-05-13 17:33:08", "elapsed": 16672.812201, "delta": 29.388815}}
{"target": 3493.9560053380324, "params": {"x0": 0.8102817538032644, "x1": 3.156430998599605, "x2": 0.947013054079375, "x3": 0.45732321358461775, "x4": 1.919221024627552, "x5": 3.729756035337424, "x6": 5.010874793041542, "x7": -4.745799300044038, "x8": 1.3885932320569816, "x9": 1.7167857954046462}, "datetime": {"datetime": "2025-05-13 17:33:34", "elapsed": 16699.176231, "delta": 26.36403}}
{"target": 3493.9560053380324, "params": {"x0": 0.8102817538032644, "x1": 3.156430998599605, "x2": 0.947013054079375, "x3": 0.45732321358461775, "x4": 1.919221024627552, "x5": 3.729756035337424, "x6": 5.010874793041542, "x7": -4.745799300044038, "x8": 1.3885932320569816, "x9": 1.7167857954046462}, "datetime": {"datetime": "2025-05-13 17:34:03", "elapsed": 16728.788164, "delta": 29.611933}}
{"target": 3493.9560053380324, "params": {"x0": 0.8102817538032644, "x1": 3.156430998599605, "x2": 0.947013054079375, "x3": 0.45732321358461775, "x4": 1.919221024627552, "x5": 3.729756035337424, "x6": 5.010874793041542, "x7": -4.745799300044038, "x8": 1.3885932320569816, "x9": 1.7167857954046462}, "datetime": {"datetime": "2025-05-13 17:34:28", "elapsed": 16753.359659, "delta": 24.571495}}
{"target": 3493.9560053380324, "params": {"x0": 0.8102817538032644, "x1": 3.156430998599605, "x2": 0.947013054079375, "x3": 0.45732321358461775, "x4": 1.919221024627552, "x5": 3.729756035337424, "x6": 5.010874793041542, "x7": -4.745799300044038, "x8": 1.3885932320569816, "x9": 1.7167857954046462}, "datetime": {"datetime": "2025-05-13 17:34:51", "elapsed": 16776.56156, "delta": 23.201901}}
{"target": 3493.9560053380324, "params": {"x0": 0.8102817538032644, "x1": 3.156430998599605, "x2": 0.947013054079375, "x3": 0.45732321358461775, "x4": 1.919221024627552, "x5": 3.729756035337424, "x6": 5.010874793041542, "x7": -4.745799300044038, "x8": 1.3885932320569816, "x9": 1.7167857954046462}, "datetime": {"datetime": "2025-05-13 17:35:15", "elapsed": 16800.224134, "delta": 23.662574}}
{"target": 3493.9560053380324, "params": {"x0": 0.8102817538032644, "x1": 3.156430998599605, "x2": 0.947013054079375, "x3": 0.45732321358461775, "x4": 1.919221024627552, "x5": 3.729756035337424, "x6": 5.010874793041542, "x7": -4.745799300044038, "x8": 1.3885932320569816, "x9": 1.7167857954046462}, "datetime": {"datetime": "2025-05-13 17:35:39", "elapsed": 16824.599696, "delta": 24.375562}}
{"target": 3493.9560053380324, "params": {"x0": 0.8102817538032644, "x1": 3.156430998599605, "x2": 0.947013054079375, "x3": 0.45732321358461775, "x4": 1.919221024627552, "x5": 3.729756035337424, "x6": 5.010874793041542, "x7": -4.745799300044038, "x8": 1.3885932320569816, "x9": 1.7167857954046462}, "datetime": {"datetime": "2025-05-13 17:36:04", "elapsed": 16849.751949, "delta": 25.152253}}
{"target": 3493.9560053380324, "params": {"x0": 0.8102817538032644, "x1": 3.156430998599605, "x2": 0.947013054079375, "x3": 0.45732321358461775, "x4": 1.919221024627552, "x5": 3.729756035337424, "x6": 5.010874793041542, "x7": -4.745799300044038, "x8": 1.3885932320569816, "x9": 1.7167857954046462}, "datetime": {"datetime": "2025-05-13 17:36:27", "elapsed": 16871.860239, "delta": 22.10829}}
{"target": 3493.9560053380324, "params": {"x0": 0.8102817538032644, "x1": 3.156430998599605, "x2": 0.947013054079375, "x3": 0.45732321358461775, "x4": 1.919221024627552, "x5": 3.729756035337424, "x6": 5.010874793041542, "x7": -4.745799300044038, "x8": 1.3885932320569816, "x9": 1.7167857954046462}, "datetime": {"datetime": "2025-05-13 17:36:53", "elapsed": 16898.398649, "delta": 26.53841}}
{"target": 3493.9560053380324, "params": {"x0": 0.8102817538032644, "x1": 3.156430998599605, "x2": 0.947013054079375, "x3": 0.45732321358461775, "x4": 1.919221024627552, "x5": 3.729756035337424, "x6": 5.010874793041542, "x7": -4.745799300044038, "x8": 1.3885932320569816, "x9": 1.7167857954046462}, "datetime": {"datetime": "2025-05-13 17:37:21", "elapsed": 16925.991911, "delta": 27.593262}}
{"target": 3493.9560053380324, "params": {"x0": 0.8102817538032644, "x1": 3.156430998599605, "x2": 0.947013054079375, "x3": 0.45732321358461775, "x4": 1.919221024627552, "x5": 3.729756035337424, "x6": 5.010874793041542, "x7": -4.745799300044038, "x8": 1.3885932320569816, "x9": 1.7167857954046462}, "datetime": {"datetime": "2025-05-13 17:37:46", "elapsed": 16951.341435, "delta": 25.349524}}
{"target": 3493.9560053380324, "params": {"x0": 0.8102817538032644, "x1": 3.156430998599605, "x2": 0.947013054079375, "x3": 0.45732321358461775, "x4": 1.919221024627552, "x5": 3.729756035337424, "x6": 5.010874793041542, "x7": -4.745799300044038, "x8": 1.3885932320569816, "x9": 1.7167857954046462}, "datetime": {"datetime": "2025-05-13 17:38:10", "elapsed": 16975.260256, "delta": 23.918821}}
{"target": 3493.9560053380324, "params": {"x0": 0.8102817538032644, "x1": 3.156430998599605, "x2": 0.947013054079375, "x3": 0.45732321358461775, "x4": 1.919221024627552, "x5": 3.729756035337424, "x6": 5.010874793041542, "x7": -4.745799300044038, "x8": 1.3885932320569816, "x9": 1.7167857954046462}, "datetime": {"datetime": "2025-05-13 17:38:33", "elapsed": 16998.231509, "delta": 22.971253}}
{"target": 3493.9560053380324, "params": {"x0": 0.8102817538032644, "x1": 3.156430998599605, "x2": 0.947013054079375, "x3": 0.45732321358461775, "x4": 1.919221024627552, "x5": 3.729756035337424, "x6": 5.010874793041542, "x7": -4.745799300044038, "x8": 1.3885932320569816, "x9": 1.7167857954046462}, "datetime": {"datetime": "2025-05-13 17:38:59", "elapsed": 17024.262272, "delta": 26.030763}}
{"target": 3493.9560053380324, "params": {"x0": 0.8102817538032644, "x1": 3.156430998599605, "x2": 0.947013054079375, "x3": 0.45732321358461775, "x4": 1.919221024627552, "x5": 3.729756035337424, "x6": 5.010874793041542, "x7": -4.745799300044038, "x8": 1.3885932320569816, "x9": 1.7167857954046462}, "datetime": {"datetime": "2025-05-13 17:39:27", "elapsed": 17052.453013, "delta": 28.190741}}
{"target": 3493.9560053380324, "params": {"x0": 0.8102817538032644, "x1": 3.156430998599605, "x2": 0.947013054079375, "x3": 0.45732321358461775, "x4": 1.919221024627552, "x5": 3.729756035337424, "x6": 5.010874793041542, "x7": -4.745799300044038, "x8": 1.3885932320569816, "x9": 1.7167857954046462}, "datetime": {"datetime": "2025-05-13 17:39:58", "elapsed": 17082.837576, "delta": 30.384563}}
{"target": 3493.9560053380324, "params": {"x0": 0.8102817538032644, "x1": 3.156430998599605, "x2": 0.947013054079375, "x3": 0.45732321358461775, "x4": 1.919221024627552, "x5": 3.729756035337424, "x6": 5.010874793041542, "x7": -4.745799300044038, "x8": 1.3885932320569816, "x9": 1.7167857954046462}, "datetime": {"datetime": "2025-05-13 17:40:25", "elapsed": 17109.873317, "delta": 27.035741}}
{"target": 3493.9560053380324, "params": {"x0": 0.8102817538032644, "x1": 3.156430998599605, "x2": 0.947013054079375, "x3": 0.45732321358461775, "x4": 1.919221024627552, "x5": 3.729756035337424, "x6": 5.010874793041542, "x7": -4.745799300044038, "x8": 1.3885932320569816, "x9": 1.7167857954046462}, "datetime": {"datetime": "2025-05-13 17:40:55", "elapsed": 17140.417892, "delta": 30.544575}}
{"target": 3493.9560053380324, "params": {"x0": 0.8102817538032644, "x1": 3.156430998599605, "x2": 0.947013054079375, "x3": 0.45732321358461775, "x4": 1.919221024627552, "x5": 3.729756035337424, "x6": 5.010874793041542, "x7": -4.745799300044038, "x8": 1.3885932320569816, "x9": 1.7167857954046462}, "datetime": {"datetime": "2025-05-13 17:41:23", "elapsed": 17167.960997, "delta": 27.543105}}
{"target": 3493.9560053380324, "params": {"x0": 0.8102817538032644, "x1": 3.156430998599605, "x2": 0.947013054079375, "x3": 0.45732321358461775, "x4": 1.919221024627552, "x5": 3.729756035337424, "x6": 5.010874793041542, "x7": -4.745799300044038, "x8": 1.3885932320569816, "x9": 1.7167857954046462}, "datetime": {"datetime": "2025-05-13 17:41:49", "elapsed": 17194.087771, "delta": 26.126774}}
{"target": 3493.9560053380324, "params": {"x0": 0.8102817538032644, "x1": 3.156430998599605, "x2": 0.947013054079375, "x3": 0.45732321358461775, "x4": 1.919221024627552, "x5": 3.729756035337424, "x6": 5.010874793041542, "x7": -4.745799300044038, "x8": 1.3885932320569816, "x9": 1.7167857954046462}, "datetime": {"datetime": "2025-05-13 17:42:11", "elapsed": 17216.306343, "delta": 22.218572}}
{"target": 3493.9560053380324, "params": {"x0": 0.8102817538032644, "x1": 3.156430998599605, "x2": 0.947013054079375, "x3": 0.45732321358461775, "x4": 1.919221024627552, "x5": 3.729756035337424, "x6": 5.010874793041542, "x7": -4.745799300044038, "x8": 1.3885932320569816, "x9": 1.7167857954046462}, "datetime": {"datetime": "2025-05-13 17:42:35", "elapsed": 17240.353486, "delta": 24.047143}}
{"target": 3493.9560053380324, "params": {"x0": 0.8102817538032644, "x1": 3.156430998599605, "x2": 0.947013054079375, "x3": 0.45732321358461775, "x4": 1.919221024627552, "x5": 3.729756035337424, "x6": 5.010874793041542, "x7": -4.745799300044038, "x8": 1.3885932320569816, "x9": 1.7167857954046462}, "datetime": {"datetime": "2025-05-13 17:42:56", "elapsed": 17261.515721, "delta": 21.162235}}
{"target": 3493.9560053380324, "params": {"x0": 0.8102817538032644, "x1": 3.156430998599605, "x2": 0.947013054079375, "x3": 0.45732321358461775, "x4": 1.919221024627552, "x5": 3.729756035337424, "x6": 5.010874793041542, "x7": -4.745799300044038, "x8": 1.3885932320569816, "x9": 1.7167857954046462}, "datetime": {"datetime": "2025-05-13 17:43:22", "elapsed": 17287.457696, "delta": 25.941975}}
{"target": 3493.9560053380324, "params": {"x0": 0.8102817538032644, "x1": 3.156430998599605, "x2": 0.947013054079375, "x3": 0.45732321358461775, "x4": 1.919221024627552, "x5": 3.729756035337424, "x6": 5.010874793041542, "x7": -4.745799300044038, "x8": 1.3885932320569816, "x9": 1.7167857954046462}, "datetime": {"datetime": "2025-05-13 17:43:46", "elapsed": 17311.101651, "delta": 23.643955}}
{"target": 3493.9560053380324, "params": {"x0": 0.8102817538032644, "x1": 3.156430998599605, "x2": 0.947013054079375, "x3": 0.45732321358461775, "x4": 1.919221024627552, "x5": 3.729756035337424, "x6": 5.010874793041542, "x7": -4.745799300044038, "x8": 1.3885932320569816, "x9": 1.7167857954046462}, "datetime": {"datetime": "2025-05-13 17:44:09", "elapsed": 17334.565962, "delta": 23.464311}}
{"target": 3493.9560053380324, "params": {"x0": 0.8102817538032644, "x1": 3.156430998599605, "x2": 0.947013054079375, "x3": 0.45732321358461775, "x4": 1.919221024627552, "x5": 3.729756035337424, "x6": 5.010874793041542, "x7": -4.745799300044038, "x8": 1.3885932320569816, "x9": 1.7167857954046462}, "datetime": {"datetime": "2025-05-13 17:44:31", "elapsed": 17356.072875, "delta": 21.506913}}
{"target": 3493.9560053380324, "params": {"x0": 0.8102817538032644, "x1": 3.156430998599605, "x2": 0.947013054079375, "x3": 0.45732321358461775, "x4": 1.919221024627552, "x5": 3.729756035337424, "x6": 5.010874793041542, "x7": -4.745799300044038, "x8": 1.3885932320569816, "x9": 1.7167857954046462}, "datetime": {"datetime": "2025-05-13 17:44:55", "elapsed": 17380.452276, "delta": 24.379401}}
{"target": 3493.9560053380324, "params": {"x0": 0.8102817538032644, "x1": 3.156430998599605, "x2": 0.947013054079375, "x3": 0.45732321358461775, "x4": 1.919221024627552, "x5": 3.729756035337424, "x6": 5.010874793041542, "x7": -4.745799300044038, "x8": 1.3885932320569816, "x9": 1.7167857954046462}, "datetime": {"datetime": "2025-05-13 17:45:22", "elapsed": 17407.156507, "delta": 26.704231}}
{"target": 3493.9560053380324, "params": {"x0": 0.8102817538032644, "x1": 3.156430998599605, "x2": 0.947013054079375, "x3": 0.45732321358461775, "x4": 1.919221024627552, "x5": 3.729756035337424, "x6": 5.010874793041542, "x7": -4.745799300044038, "x8": 1.3885932320569816, "x9": 1.7167857954046462}, "datetime": {"datetime": "2025-05-13 17:45:50", "elapsed": 17434.903464, "delta": 27.746957}}
{"target": 3493.9560053380324, "params": {"x0": 0.8102817538032644, "x1": 3.156430998599605, "x2": 0.947013054079375, "x3": 0.45732321358461775, "x4": 1.919221024627552, "x5": 3.729756035337424, "x6": 5.010874793041542, "x7": -4.745799300044038, "x8": 1.3885932320569816, "x9": 1.7167857954046462}, "datetime": {"datetime": "2025-05-13 17:46:18", "elapsed": 17463.371175, "delta": 28.467711}}
{"target": 3493.9560053380324, "params": {"x0": 0.8102817538032644, "x1": 3.156430998599605, "x2": 0.947013054079375, "x3": 0.45732321358461775, "x4": 1.919221024627552, "x5": 3.729756035337424, "x6": 5.010874793041542, "x7": -4.745799300044038, "x8": 1.3885932320569816, "x9": 1.7167857954046462}, "datetime": {"datetime": "2025-05-13 17:46:44", "elapsed": 17489.235546, "delta": 25.864371}}
{"target": 3493.9560053380324, "params": {"x0": 0.8102817538032644, "x1": 3.156430998599605, "x2": 0.947013054079375, "x3": 0.45732321358461775, "x4": 1.919221024627552, "x5": 3.729756035337424, "x6": 5.010874793041542, "x7": -4.745799300044038, "x8": 1.3885932320569816, "x9": 1.7167857954046462}, "datetime": {"datetime": "2025-05-13 17:47:05", "elapsed": 17509.967803, "delta": 20.732257}}
{"target": 3493.9560053380324, "params": {"x0": 0.8102817538032644, "x1": 3.156430998599605, "x2": 0.947013054079375, "x3": 0.45732321358461775, "x4": 1.919221024627552, "x5": 3.729756035337424, "x6": 5.010874793041542, "x7": -4.745799300044038, "x8": 1.3885932320569816, "x9": 1.7167857954046462}, "datetime": {"datetime": "2025-05-13 17:47:27", "elapsed": 17531.912925, "delta": 21.945122}}
{"target": 3493.9560053380324, "params": {"x0": 0.8102817538032644, "x1": 3.156430998599605, "x2": 0.947013054079375, "x3": 0.45732321358461775, "x4": 1.919221024627552, "x5": 3.729756035337424, "x6": 5.010874793041542, "x7": -4.745799300044038, "x8": 1.3885932320569816, "x9": 1.7167857954046462}, "datetime": {"datetime": "2025-05-13 17:47:51", "elapsed": 17556.794906, "delta": 24.881981}}
