{"target": 3493.9560053380324, "params": {"x0": 0.8102817538032644, "x1": 3.156430998599605, "x2": 0.947013054079375, "x3": 0.45732321358461775, "x4": 1.919221024627552, "x5": 3.729756035337424, "x6": 5.010874793041542, "x7": -4.745799300044038, "x8": 1.3885932320569816, "x9": 1.7167857954046462}, "datetime": {"datetime": "2025-05-13 15:29:43", "elapsed": 9267.975069, "delta": 22.927784}}
{"target": 3493.9560053380324, "params": {"x0": 0.8102817538032644, "x1": 3.156430998599605, "x2": 0.947013054079375, "x3": 0.45732321358461775, "x4": 1.919221024627552, "x5": 3.729756035337424, "x6": 5.010874793041542, "x7": -4.745799300044038, "x8": 1.3885932320569816, "x9": 1.7167857954046462}, "datetime": {"datetime": "2025-05-13 15:30:01", "elapsed": 9286.239177, "delta": 18.264108}}
{"target": 3493.9560053380324, "params": {"x0": 0.8102817538032644, "x1": 3.156430998599605, "x2": 0.947013054079375, "x3": 0.45732321358461775, "x4": 1.919221024627552, "x5": 3.729756035337424, "x6": 5.010874793041542, "x7": -4.745799300044038, "x8": 1.3885932320569816, "x9": 1.7167857954046462}, "datetime": {"datetime": "2025-05-13 15:30:18", "elapsed": 9302.863541, "delta": 16.624364}}
{"target": 3493.9560053380324, "params": {"x0": 0.8102817538032644, "x1": 3.156430998599605, "x2": 0.947013054079375, "x3": 0.45732321358461775, "x4": 1.919221024627552, "x5": 3.729756035337424, "x6": 5.010874793041542, "x7": -4.745799300044038, "x8": 1.3885932320569816, "x9": 1.7167857954046462}, "datetime": {"datetime": "2025-05-13 15:30:34", "elapsed": 9319.739356, "delta": 16.875815}}
{"target": 3493.9560053380324, "params": {"x0": 0.8102817538032644, "x1": 3.156430998599605, "x2": 0.947013054079375, "x3": 0.45732321358461775, "x4": 1.919221024627552, "x5": 3.729756035337424, "x6": 5.010874793041542, "x7": -4.745799300044038, "x8": 1.3885932320569816, "x9": 1.7167857954046462}, "datetime": {"datetime": "2025-05-13 15:30:52", "elapsed": 9337.769626, "delta": 18.03027}}
{"target": 3493.9560053380324, "params": {"x0": 0.8102817538032644, "x1": 3.156430998599605, "x2": 0.947013054079375, "x3": 0.45732321358461775, "x4": 1.919221024627552, "x5": 3.729756035337424, "x6": 5.010874793041542, "x7": -4.745799300044038, "x8": 1.3885932320569816, "x9": 1.7167857954046462}, "datetime": {"datetime": "2025-05-13 15:31:16", "elapsed": 9360.863677, "delta": 23.094051}}
{"target": 3493.9560053380324, "params": {"x0": 0.8102817538032644, "x1": 3.156430998599605, "x2": 0.947013054079375, "x3": 0.45732321358461775, "x4": 1.919221024627552, "x5": 3.729756035337424, "x6": 5.010874793041542, "x7": -4.745799300044038, "x8": 1.3885932320569816, "x9": 1.7167857954046462}, "datetime": {"datetime": "2025-05-13 15:31:34", "elapsed": 9379.583598, "delta": 18.719921}}
{"target": 3493.9560053380324, "params": {"x0": 0.8102817538032644, "x1": 3.156430998599605, "x2": 0.947013054079375, "x3": 0.45732321358461775, "x4": 1.919221024627552, "x5": 3.729756035337424, "x6": 5.010874793041542, "x7": -4.745799300044038, "x8": 1.3885932320569816, "x9": 1.7167857954046462}, "datetime": {"datetime": "2025-05-13 15:31:55", "elapsed": 9400.682897, "delta": 21.099299}}
{"target": 3493.9560053380324, "params": {"x0": 0.8102817538032644, "x1": 3.156430998599605, "x2": 0.947013054079375, "x3": 0.45732321358461775, "x4": 1.919221024627552, "x5": 3.729756035337424, "x6": 5.010874793041542, "x7": -4.745799300044038, "x8": 1.3885932320569816, "x9": 1.7167857954046462}, "datetime": {"datetime": "2025-05-13 15:32:15", "elapsed": 9420.133041, "delta": 19.450144}}
{"target": 3493.9560053380324, "params": {"x0": 0.8102817538032644, "x1": 3.156430998599605, "x2": 0.947013054079375, "x3": 0.45732321358461775, "x4": 1.919221024627552, "x5": 3.729756035337424, "x6": 5.010874793041542, "x7": -4.745799300044038, "x8": 1.3885932320569816, "x9": 1.7167857954046462}, "datetime": {"datetime": "2025-05-13 15:32:35", "elapsed": 9440.544012, "delta": 20.410971}}
{"target": 3493.9560053380324, "params": {"x0": 0.8102817538032644, "x1": 3.156430998599605, "x2": 0.947013054079375, "x3": 0.45732321358461775, "x4": 1.919221024627552, "x5": 3.729756035337424, "x6": 5.010874793041542, "x7": -4.745799300044038, "x8": 1.3885932320569816, "x9": 1.7167857954046462}, "datetime": {"datetime": "2025-05-13 15:32:51", "elapsed": 9455.938213, "delta": 15.394201}}
{"target": 3493.9560053380324, "params": {"x0": 0.8102817538032644, "x1": 3.156430998599605, "x2": 0.947013054079375, "x3": 0.45732321358461775, "x4": 1.919221024627552, "x5": 3.729756035337424, "x6": 5.010874793041542, "x7": -4.745799300044038, "x8": 1.3885932320569816, "x9": 1.7167857954046462}, "datetime": {"datetime": "2025-05-13 15:33:11", "elapsed": 9476.321692, "delta": 20.383479}}
{"target": 3493.9560053380324, "params": {"x0": 0.8102817538032644, "x1": 3.156430998599605, "x2": 0.947013054079375, "x3": 0.45732321358461775, "x4": 1.919221024627552, "x5": 3.729756035337424, "x6": 5.010874793041542, "x7": -4.745799300044038, "x8": 1.3885932320569816, "x9": 1.7167857954046462}, "datetime": {"datetime": "2025-05-13 15:33:32", "elapsed": 9496.844395, "delta": 20.522703}}
{"target": 3493.9560053380324, "params": {"x0": 0.8102817538032644, "x1": 3.156430998599605, "x2": 0.947013054079375, "x3": 0.45732321358461775, "x4": 1.919221024627552, "x5": 3.729756035337424, "x6": 5.010874793041542, "x7": -4.745799300044038, "x8": 1.3885932320569816, "x9": 1.7167857954046462}, "datetime": {"datetime": "2025-05-13 15:33:49", "elapsed": 9514.098563, "delta": 17.254168}}
{"target": 3493.9560053380324, "params": {"x0": 0.8102817538032644, "x1": 3.156430998599605, "x2": 0.947013054079375, "x3": 0.45732321358461775, "x4": 1.919221024627552, "x5": 3.729756035337424, "x6": 5.010874793041542, "x7": -4.745799300044038, "x8": 1.3885932320569816, "x9": 1.7167857954046462}, "datetime": {"datetime": "2025-05-13 15:34:07", "elapsed": 9531.834493, "delta": 17.73593}}
{"target": 3493.9560053380324, "params": {"x0": 0.8102817538032644, "x1": 3.156430998599605, "x2": 0.947013054079375, "x3": 0.45732321358461775, "x4": 1.919221024627552, "x5": 3.729756035337424, "x6": 5.010874793041542, "x7": -4.745799300044038, "x8": 1.3885932320569816, "x9": 1.7167857954046462}, "datetime": {"datetime": "2025-05-13 15:34:27", "elapsed": 9551.98578, "delta": 20.151287}}
{"target": 3493.9560053380324, "params": {"x0": 0.8102817538032644, "x1": 3.156430998599605, "x2": 0.947013054079375, "x3": 0.45732321358461775, "x4": 1.919221024627552, "x5": 3.729756035337424, "x6": 5.010874793041542, "x7": -4.745799300044038, "x8": 1.3885932320569816, "x9": 1.7167857954046462}, "datetime": {"datetime": "2025-05-13 15:34:46", "elapsed": 9570.901034, "delta": 18.915254}}
{"target": 3493.9560053380324, "params": {"x0": 0.8102817538032644, "x1": 3.156430998599605, "x2": 0.947013054079375, "x3": 0.45732321358461775, "x4": 1.919221024627552, "x5": 3.729756035337424, "x6": 5.010874793041542, "x7": -4.745799300044038, "x8": 1.3885932320569816, "x9": 1.7167857954046462}, "datetime": {"datetime": "2025-05-13 15:35:05", "elapsed": 9590.363015, "delta": 19.461981}}
{"target": 3493.9560053380324, "params": {"x0": 0.8102817538032644, "x1": 3.156430998599605, "x2": 0.947013054079375, "x3": 0.45732321358461775, "x4": 1.919221024627552, "x5": 3.729756035337424, "x6": 5.010874793041542, "x7": -4.745799300044038, "x8": 1.3885932320569816, "x9": 1.7167857954046462}, "datetime": {"datetime": "2025-05-13 15:35:25", "elapsed": 9610.492765, "delta": 20.12975}}
{"target": 3493.9560053380324, "params": {"x0": 0.8102817538032644, "x1": 3.156430998599605, "x2": 0.947013054079375, "x3": 0.45732321358461775, "x4": 1.919221024627552, "x5": 3.729756035337424, "x6": 5.010874793041542, "x7": -4.745799300044038, "x8": 1.3885932320569816, "x9": 1.7167857954046462}, "datetime": {"datetime": "2025-05-13 15:35:42", "elapsed": 9627.483818, "delta": 16.991053}}
{"target": 3493.9560053380324, "params": {"x0": 0.8102817538032644, "x1": 3.156430998599605, "x2": 0.947013054079375, "x3": 0.45732321358461775, "x4": 1.919221024627552, "x5": 3.729756035337424, "x6": 5.010874793041542, "x7": -4.745799300044038, "x8": 1.3885932320569816, "x9": 1.7167857954046462}, "datetime": {"datetime": "2025-05-13 15:35:58", "elapsed": 9643.694399, "delta": 16.210581}}
{"target": 3493.9560053380324, "params": {"x0": 0.8102817538032644, "x1": 3.156430998599605, "x2": 0.947013054079375, "x3": 0.45732321358461775, "x4": 1.919221024627552, "x5": 3.729756035337424, "x6": 5.010874793041542, "x7": -4.745799300044038, "x8": 1.3885932320569816, "x9": 1.7167857954046462}, "datetime": {"datetime": "2025-05-13 15:36:16", "elapsed": 9660.866641, "delta": 17.172242}}
{"target": 3493.9560053380324, "params": {"x0": 0.8102817538032644, "x1": 3.156430998599605, "x2": 0.947013054079375, "x3": 0.45732321358461775, "x4": 1.919221024627552, "x5": 3.729756035337424, "x6": 5.010874793041542, "x7": -4.745799300044038, "x8": 1.3885932320569816, "x9": 1.7167857954046462}, "datetime": {"datetime": "2025-05-13 15:36:34", "elapsed": 9679.697719, "delta": 18.831078}}
{"target": 3493.9560053380324, "params": {"x0": 0.8102817538032644, "x1": 3.156430998599605, "x2": 0.947013054079375, "x3": 0.45732321358461775, "x4": 1.919221024627552, "x5": 3.729756035337424, "x6": 5.010874793041542, "x7": -4.745799300044038, "x8": 1.3885932320569816, "x9": 1.7167857954046462}, "datetime": {"datetime": "2025-05-13 15:36:52", "elapsed": 9696.891028, "delta": 17.193309}}
{"target": 3493.9560053380324, "params": {"x0": 0.8102817538032644, "x1": 3.156430998599605, "x2": 0.947013054079375, "x3": 0.45732321358461775, "x4": 1.919221024627552, "x5": 3.729756035337424, "x6": 5.010874793041542, "x7": -4.745799300044038, "x8": 1.3885932320569816, "x9": 1.7167857954046462}, "datetime": {"datetime": "2025-05-13 15:37:12", "elapsed": 9717.610092, "delta": 20.719064}}
{"target": 3493.9560053380324, "params": {"x0": 0.8102817538032644, "x1": 3.156430998599605, "x2": 0.947013054079375, "x3": 0.45732321358461775, "x4": 1.919221024627552, "x5": 3.729756035337424, "x6": 5.010874793041542, "x7": -4.745799300044038, "x8": 1.3885932320569816, "x9": 1.7167857954046462}, "datetime": {"datetime": "2025-05-13 15:37:32", "elapsed": 9737.662783, "delta": 20.052691}}
{"target": 3493.9560053380324, "params": {"x0": 0.8102817538032644, "x1": 3.156430998599605, "x2": 0.947013054079375, "x3": 0.45732321358461775, "x4": 1.919221024627552, "x5": 3.729756035337424, "x6": 5.010874793041542, "x7": -4.745799300044038, "x8": 1.3885932320569816, "x9": 1.7167857954046462}, "datetime": {"datetime": "2025-05-13 15:37:50", "elapsed": 9755.034927, "delta": 17.372144}}
{"target": 3493.9560053380324, "params": {"x0": 0.8102817538032644, "x1": 3.156430998599605, "x2": 0.947013054079375, "x3": 0.45732321358461775, "x4": 1.919221024627552, "x5": 3.729756035337424, "x6": 5.010874793041542, "x7": -4.745799300044038, "x8": 1.3885932320569816, "x9": 1.7167857954046462}, "datetime": {"datetime": "2025-05-13 15:38:09", "elapsed": 9774.70199, "delta": 19.667063}}
{"target": 3493.9560053380324, "params": {"x0": 0.8102817538032644, "x1": 3.156430998599605, "x2": 0.947013054079375, "x3": 0.45732321358461775, "x4": 1.919221024627552, "x5": 3.729756035337424, "x6": 5.010874793041542, "x7": -4.745799300044038, "x8": 1.3885932320569816, "x9": 1.7167857954046462}, "datetime": {"datetime": "2025-05-13 15:38:27", "elapsed": 9792.220869, "delta": 17.518879}}
{"target": 3493.9560053380324, "params": {"x0": 0.8102817538032644, "x1": 3.156430998599605, "x2": 0.947013054079375, "x3": 0.45732321358461775, "x4": 1.919221024627552, "x5": 3.729756035337424, "x6": 5.010874793041542, "x7": -4.745799300044038, "x8": 1.3885932320569816, "x9": 1.7167857954046462}, "datetime": {"datetime": "2025-05-13 15:38:46", "elapsed": 9811.055465, "delta": 18.834596}}
{"target": 3493.9560053380324, "params": {"x0": 0.8102817538032644, "x1": 3.156430998599605, "x2": 0.947013054079375, "x3": 0.45732321358461775, "x4": 1.919221024627552, "x5": 3.729756035337424, "x6": 5.010874793041542, "x7": -4.745799300044038, "x8": 1.3885932320569816, "x9": 1.7167857954046462}, "datetime": {"datetime": "2025-05-13 15:39:04", "elapsed": 9829.762267, "delta": 18.706802}}
{"target": 3493.9560053380324, "params": {"x0": 0.8102817538032644, "x1": 3.156430998599605, "x2": 0.947013054079375, "x3": 0.45732321358461775, "x4": 1.919221024627552, "x5": 3.729756035337424, "x6": 5.010874793041542, "x7": -4.745799300044038, "x8": 1.3885932320569816, "x9": 1.7167857954046462}, "datetime": {"datetime": "2025-05-13 15:39:24", "elapsed": 9849.748175, "delta": 19.985908}}
{"target": 3493.9560053380324, "params": {"x0": 0.8102817538032644, "x1": 3.156430998599605, "x2": 0.947013054079375, "x3": 0.45732321358461775, "x4": 1.919221024627552, "x5": 3.729756035337424, "x6": 5.010874793041542, "x7": -4.745799300044038, "x8": 1.3885932320569816, "x9": 1.7167857954046462}, "datetime": {"datetime": "2025-05-13 15:39:44", "elapsed": 9868.943554, "delta": 19.195379}}
{"target": 3493.9560053380324, "params": {"x0": 0.8102817538032644, "x1": 3.156430998599605, "x2": 0.947013054079375, "x3": 0.45732321358461775, "x4": 1.919221024627552, "x5": 3.729756035337424, "x6": 5.010874793041542, "x7": -4.745799300044038, "x8": 1.3885932320569816, "x9": 1.7167857954046462}, "datetime": {"datetime": "2025-05-13 15:40:03", "elapsed": 9888.280101, "delta": 19.336547}}
{"target": 3493.9560053380324, "params": {"x0": 0.8102817538032644, "x1": 3.156430998599605, "x2": 0.947013054079375, "x3": 0.45732321358461775, "x4": 1.919221024627552, "x5": 3.729756035337424, "x6": 5.010874793041542, "x7": -4.745799300044038, "x8": 1.3885932320569816, "x9": 1.7167857954046462}, "datetime": {"datetime": "2025-05-13 15:40:23", "elapsed": 9907.819637, "delta": 19.539536}}
{"target": 3493.9560053380324, "params": {"x0": 0.8102817538032644, "x1": 3.156430998599605, "x2": 0.947013054079375, "x3": 0.45732321358461775, "x4": 1.919221024627552, "x5": 3.729756035337424, "x6": 5.010874793041542, "x7": -4.745799300044038, "x8": 1.3885932320569816, "x9": 1.7167857954046462}, "datetime": {"datetime": "2025-05-13 15:40:41", "elapsed": 9926.570349, "delta": 18.750712}}
{"target": 3493.9560053380324, "params": {"x0": 0.8102817538032644, "x1": 3.156430998599605, "x2": 0.947013054079375, "x3": 0.45732321358461775, "x4": 1.919221024627552, "x5": 3.729756035337424, "x6": 5.010874793041542, "x7": -4.745799300044038, "x8": 1.3885932320569816, "x9": 1.7167857954046462}, "datetime": {"datetime": "2025-05-13 15:41:01", "elapsed": 9945.963324, "delta": 19.392975}}
{"target": 3493.9560053380324, "params": {"x0": 0.8102817538032644, "x1": 3.156430998599605, "x2": 0.947013054079375, "x3": 0.45732321358461775, "x4": 1.919221024627552, "x5": 3.729756035337424, "x6": 5.010874793041542, "x7": -4.745799300044038, "x8": 1.3885932320569816, "x9": 1.7167857954046462}, "datetime": {"datetime": "2025-05-13 15:41:19", "elapsed": 9964.350863, "delta": 18.387539}}
{"target": 3493.9560053380324, "params": {"x0": 0.8102817538032644, "x1": 3.156430998599605, "x2": 0.947013054079375, "x3": 0.45732321358461775, "x4": 1.919221024627552, "x5": 3.729756035337424, "x6": 5.010874793041542, "x7": -4.745799300044038, "x8": 1.3885932320569816, "x9": 1.7167857954046462}, "datetime": {"datetime": "2025-05-13 15:41:37", "elapsed": 9981.801428, "delta": 17.450565}}
{"target": 3493.9560053380324, "params": {"x0": 0.8102817538032644, "x1": 3.156430998599605, "x2": 0.947013054079375, "x3": 0.45732321358461775, "x4": 1.919221024627552, "x5": 3.729756035337424, "x6": 5.010874793041542, "x7": -4.745799300044038, "x8": 1.3885932320569816, "x9": 1.7167857954046462}, "datetime": {"datetime": "2025-05-13 15:41:55", "elapsed": 9999.954568, "delta": 18.15314}}
{"target": 3493.9560053380324, "params": {"x0": 0.8102817538032644, "x1": 3.156430998599605, "x2": 0.947013054079375, "x3": 0.45732321358461775, "x4": 1.919221024627552, "x5": 3.729756035337424, "x6": 5.010874793041542, "x7": -4.745799300044038, "x8": 1.3885932320569816, "x9": 1.7167857954046462}, "datetime": {"datetime": "2025-05-13 15:42:15", "elapsed": 10020.2896, "delta": 20.335032}}
{"target": 3493.9560053380324, "params": {"x0": 0.8102817538032644, "x1": 3.156430998599605, "x2": 0.947013054079375, "x3": 0.45732321358461775, "x4": 1.919221024627552, "x5": 3.729756035337424, "x6": 5.010874793041542, "x7": -4.745799300044038, "x8": 1.3885932320569816, "x9": 1.7167857954046462}, "datetime": {"datetime": "2025-05-13 15:42:34", "elapsed": 10039.255911, "delta": 18.966311}}
{"target": 3493.9560053380324, "params": {"x0": 0.8102817538032644, "x1": 3.156430998599605, "x2": 0.947013054079375, "x3": 0.45732321358461775, "x4": 1.919221024627552, "x5": 3.729756035337424, "x6": 5.010874793041542, "x7": -4.745799300044038, "x8": 1.3885932320569816, "x9": 1.7167857954046462}, "datetime": {"datetime": "2025-05-13 15:42:51", "elapsed": 10056.588892, "delta": 17.332981}}
{"target": 3493.9560053380324, "params": {"x0": 0.8102817538032644, "x1": 3.156430998599605, "x2": 0.947013054079375, "x3": 0.45732321358461775, "x4": 1.919221024627552, "x5": 3.729756035337424, "x6": 5.010874793041542, "x7": -4.745799300044038, "x8": 1.3885932320569816, "x9": 1.7167857954046462}, "datetime": {"datetime": "2025-05-13 15:43:12", "elapsed": 10077.262583, "delta": 20.673691}}
{"target": 3493.9560053380324, "params": {"x0": 0.8102817538032644, "x1": 3.156430998599605, "x2": 0.947013054079375, "x3": 0.45732321358461775, "x4": 1.919221024627552, "x5": 3.729756035337424, "x6": 5.010874793041542, "x7": -4.745799300044038, "x8": 1.3885932320569816, "x9": 1.7167857954046462}, "datetime": {"datetime": "2025-05-13 15:43:31", "elapsed": 10096.537769, "delta": 19.275186}}
{"target": 3493.9560053380324, "params": {"x0": 0.8102817538032644, "x1": 3.156430998599605, "x2": 0.947013054079375, "x3": 0.45732321358461775, "x4": 1.919221024627552, "x5": 3.729756035337424, "x6": 5.010874793041542, "x7": -4.745799300044038, "x8": 1.3885932320569816, "x9": 1.7167857954046462}, "datetime": {"datetime": "2025-05-13 15:43:49", "elapsed": 10113.994811, "delta": 17.457042}}
{"target": 3493.9560053380324, "params": {"x0": 0.8102817538032644, "x1": 3.156430998599605, "x2": 0.947013054079375, "x3": 0.45732321358461775, "x4": 1.919221024627552, "x5": 3.729756035337424, "x6": 5.010874793041542, "x7": -4.745799300044038, "x8": 1.3885932320569816, "x9": 1.7167857954046462}, "datetime": {"datetime": "2025-05-13 15:44:07", "elapsed": 10132.027767, "delta": 18.032956}}
{"target": 3493.9560053380324, "params": {"x0": 0.8102817538032644, "x1": 3.156430998599605, "x2": 0.947013054079375, "x3": 0.45732321358461775, "x4": 1.919221024627552, "x5": 3.729756035337424, "x6": 5.010874793041542, "x7": -4.745799300044038, "x8": 1.3885932320569816, "x9": 1.7167857954046462}, "datetime": {"datetime": "2025-05-13 15:44:26", "elapsed": 10151.091316, "delta": 19.063549}}
{"target": 3493.9560053380324, "params": {"x0": 0.8102817538032644, "x1": 3.156430998599605, "x2": 0.947013054079375, "x3": 0.45732321358461775, "x4": 1.919221024627552, "x5": 3.729756035337424, "x6": 5.010874793041542, "x7": -4.745799300044038, "x8": 1.3885932320569816, "x9": 1.7167857954046462}, "datetime": {"datetime": "2025-05-13 15:44:44", "elapsed": 10169.171843, "delta": 18.080527}}
{"target": 3493.9560053380324, "params": {"x0": 0.8102817538032644, "x1": 3.156430998599605, "x2": 0.947013054079375, "x3": 0.45732321358461775, "x4": 1.919221024627552, "x5": 3.729756035337424, "x6": 5.010874793041542, "x7": -4.745799300044038, "x8": 1.3885932320569816, "x9": 1.7167857954046462}, "datetime": {"datetime": "2025-05-13 15:45:01", "elapsed": 10186.456612, "delta": 17.284769}}
{"target": 3493.9560053380324, "params": {"x0": 0.8102817538032644, "x1": 3.156430998599605, "x2": 0.947013054079375, "x3": 0.45732321358461775, "x4": 1.919221024627552, "x5": 3.729756035337424, "x6": 5.010874793041542, "x7": -4.745799300044038, "x8": 1.3885932320569816, "x9": 1.7167857954046462}, "datetime": {"datetime": "2025-05-13 15:45:19", "elapsed": 10203.79836, "delta": 17.341748}}
{"target": 3493.9560053380324, "params": {"x0": 0.8102817538032644, "x1": 3.156430998599605, "x2": 0.947013054079375, "x3": 0.45732321358461775, "x4": 1.919221024627552, "x5": 3.729756035337424, "x6": 5.010874793041542, "x7": -4.745799300044038, "x8": 1.3885932320569816, "x9": 1.7167857954046462}, "datetime": {"datetime": "2025-05-13 15:45:36", "elapsed": 10221.316934, "delta": 17.518574}}
{"target": 3493.9560053380324, "params": {"x0": 0.8102817538032644, "x1": 3.156430998599605, "x2": 0.947013054079375, "x3": 0.45732321358461775, "x4": 1.919221024627552, "x5": 3.729756035337424, "x6": 5.010874793041542, "x7": -4.745799300044038, "x8": 1.3885932320569816, "x9": 1.7167857954046462}, "datetime": {"datetime": "2025-05-13 15:45:52", "elapsed": 10237.516804, "delta": 16.19987}}
{"target": 3493.9560053380324, "params": {"x0": 0.8102817538032644, "x1": 3.156430998599605, "x2": 0.947013054079375, "x3": 0.45732321358461775, "x4": 1.919221024627552, "x5": 3.729756035337424, "x6": 5.010874793041542, "x7": -4.745799300044038, "x8": 1.3885932320569816, "x9": 1.7167857954046462}, "datetime": {"datetime": "2025-05-13 15:46:10", "elapsed": 10255.314192, "delta": 17.797388}}
{"target": 3493.9560053380324, "params": {"x0": 0.8102817538032644, "x1": 3.156430998599605, "x2": 0.947013054079375, "x3": 0.45732321358461775, "x4": 1.919221024627552, "x5": 3.729756035337424, "x6": 5.010874793041542, "x7": -4.745799300044038, "x8": 1.3885932320569816, "x9": 1.7167857954046462}, "datetime": {"datetime": "2025-05-13 15:46:29", "elapsed": 10274.089993, "delta": 18.775801}}
{"target": 3493.9560053380324, "params": {"x0": 0.8102817538032644, "x1": 3.156430998599605, "x2": 0.947013054079375, "x3": 0.45732321358461775, "x4": 1.919221024627552, "x5": 3.729756035337424, "x6": 5.010874793041542, "x7": -4.745799300044038, "x8": 1.3885932320569816, "x9": 1.7167857954046462}, "datetime": {"datetime": "2025-05-13 15:46:48", "elapsed": 10293.45016, "delta": 19.360167}}
