{"target": 10.455183395989598, "params": {"x0": 0.9946711003351943, "x1": 2.9176793073109235, "x2": 0.16960293476998672, "x3": 1.9439868135468714, "x4": 1.744082085346062, "x5": 2.7228551359869306, "x6": 2.781975144428374, "x7": -5.714346940093418, "x8": 0.7421354876442979, "x9": 1.5871218279709347}, "datetime": {"datetime": "2025-05-13 13:07:03", "elapsed": 707.862067, "delta": 12.811088}}
{"target": 339.29260563284475, "params": {"x0": 0.9568144950512506, "x1": 1.7222134738332793, "x2": 0.649320023811664, "x3": 0.7732534217797867, "x4": 2.1896232299300817, "x5": 2.2948479879237427, "x6": 3.5744239287497135, "x7": -5.645194254127972, "x8": 1.228287388636537, "x9": 1.4628171784387558}, "datetime": {"datetime": "2025-05-13 13:07:15", "elapsed": 720.660374, "delta": 12.798307}}
{"target": 555.7140172556714, "params": {"x0": 0.9524360202021757, "x1": 2.1061987210337776, "x2": 0.32301077715618354, "x3": 1.1187468763632005, "x4": 2.913780786880279, "x5": 2.8357974106465944, "x6": 3.4092640805413477, "x7": -6.0325886140383735, "x8": 1.1674625007149577, "x9": 1.6603704663727443}, "datetime": {"datetime": "2025-05-13 13:07:28", "elapsed": 733.548711, "delta": 12.888337}}
{"target": 450.01816970939, "params": {"x0": 0.9304736827330622, "x1": 1.8779783149480433, "x2": 0.1552754823657296, "x3": 0.9214121572986087, "x4": 3.344553895325322, "x5": 2.693664373062628, "x6": 2.9440876583547713, "x7": -5.882802022366249, "x8": 1.162653679530691, "x9": 1.7870007865081035}, "datetime": {"datetime": "2025-05-13 13:07:41", "elapsed": 746.22588, "delta": 12.677169}}
{"target": 405.6769713279157, "params": {"x0": 0.9646574561291636, "x1": 1.9844450720835844, "x2": 0.4324992016018215, "x3": 1.254953881000314, "x4": 2.7269369341038683, "x5": 2.464342105596256, "x6": 3.204134955604188, "x7": -6.4996902284976965, "x8": 1.1441699387295006, "x9": 1.6214202936673519}, "datetime": {"datetime": "2025-05-13 13:07:54", "elapsed": 759.368169, "delta": 13.142289}}
{"target": 442.6699433127579, "params": {"x0": 0.9953865123610655, "x1": 1.7073480596605513, "x2": 0.20696683581801453, "x3": 1.3478491688407406, "x4": 2.7186678608623063, "x5": 3.151614927260853, "x6": 3.423524101217358, "x7": -5.660860210483497, "x8": 1.0346765360488894, "x9": 1.5591058695116027}, "datetime": {"datetime": "2025-05-13 13:08:07", "elapsed": 772.539479, "delta": 13.17131}}
{"target": 817.414085042016, "params": {"x0": 0.9120855666159804, "x1": 2.4458558144777545, "x2": 0.29544750289191263, "x3": 1.2063029249939432, "x4": 3.0851201997518443, "x5": 2.506068405603456, "x6": 3.647710762720706, "x7": -5.559751675495058, "x8": 1.1309492417357312, "x9": 1.4563318266763754}, "datetime": {"datetime": "2025-05-13 13:08:20", "elapsed": 785.125719, "delta": 12.58624}}
{"target": 843.4030379105171, "params": {"x0": 0.9131594787067249, "x1": 2.537656960071871, "x2": 0.5587799670224198, "x3": 1.4814791776655571, "x4": 3.2994512200492934, "x5": 2.383256981068088, "x6": 3.835704629646663, "x7": -5.367786265980848, "x8": 1.3397720080310953, "x9": 1.6093619482065535}, "datetime": {"datetime": "2025-05-13 13:08:33", "elapsed": 798.119802, "delta": 12.994083}}
{"target": 1020.1171651999845, "params": {"x0": 0.8747750283831277, "x1": 3.0056564827341363, "x2": 0.5540733879484367, "x3": 1.0184721043696412, "x4": 3.3508587358511464, "x5": 2.5734043777507574, "x6": 3.930660879817514, "x7": -5.2586395851354215, "x8": 1.174587200596357, "x9": 1.4700996310469439}, "datetime": {"datetime": "2025-05-13 13:08:45", "elapsed": 810.459116, "delta": 12.339314}}
{"target": 798.5087622157234, "params": {"x0": 0.84306097298279, "x1": 3.2638138388563975, "x2": 0.3306688797034495, "x3": 1.085936039261915, "x4": 3.2097680377945577, "x5": 2.268707867895725, "x6": 4.477748657548613, "x7": -5.238529908300295, "x8": 1.0589542875474365, "x9": 1.3706917780956958}, "datetime": {"datetime": "2025-05-13 13:08:58", "elapsed": 823.235221, "delta": 12.776105}}
{"target": 531.0819981508965, "params": {"x0": 0.9033176782434317, "x1": 3.2156286406386974, "x2": 0.7035010852228496, "x3": 0.9700397046601653, "x4": 3.912008737252484, "x5": 2.4108865993477044, "x6": 3.484763996029281, "x7": -5.190897945576817, "x8": 1.0705175788523287, "x9": 1.3806325633908205}, "datetime": {"datetime": "2025-05-13 13:09:10", "elapsed": 835.652213, "delta": 12.416992}}
{"target": 1908.780754457341, "params": {"x0": 0.8490866435088542, "x1": 2.868415283224607, "x2": 0.6433547043529948, "x3": 1.0241245698717631, "x4": 2.966682524431213, "x5": 2.9757045507918085, "x6": 4.186703641968551, "x7": -5.064489727758044, "x8": 1.2682498601659824, "x9": 1.5506199919374548}, "datetime": {"datetime": "2025-05-13 13:09:23", "elapsed": 847.799377, "delta": 12.147164}}
{"target": 2440.832554753373, "params": {"x0": 0.8272515163657217, "x1": 2.810492498359221, "x2": 0.706739383948986, "x3": 1.0554447152953759, "x4": 2.7529298452018613, "x5": 3.1830515487050786, "x6": 4.352294478155941, "x7": -4.907048711451423, "x8": 1.3478631208001641, "x9": 1.5860197773598308}, "datetime": {"datetime": "2025-05-13 13:09:35", "elapsed": 860.265032, "delta": 12.465655}}
{"target": 2893.035791527305, "params": {"x0": 0.8054163892225892, "x1": 2.8742536719125313, "x2": 0.8327815670410194, "x3": 0.9856823283941762, "x4": 2.6759554795653937, "x5": 3.495378773558788, "x6": 4.519120567583254, "x7": -4.631037148188303, "x8": 1.4274763814343459, "x9": 1.6397404225252603}, "datetime": {"datetime": "2025-05-13 13:09:48", "elapsed": 872.924875, "delta": 12.659843}}
{"target": 2839.1198419873863, "params": {"x0": 0.8, "x1": 2.846000024461468, "x2": 0.48565522217891277, "x3": 0.9391963627552494, "x4": 2.4547332304333915, "x5": 3.638151413890157, "x6": 4.673682836079431, "x7": -4.248934677730407, "x8": 1.5070896420685276, "x9": 1.6996607880110195}, "datetime": {"datetime": "2025-05-13 13:10:00", "elapsed": 885.705248, "delta": 12.780373}}
{"target": 2159.679681205005, "params": {"x0": 0.8, "x1": 2.665221718297399, "x2": 0.9414195776188408, "x3": 1.0842510849776212, "x4": 2.5715661371670775, "x5": 3.829484228552116, "x6": 5.179169085942001, "x7": -4.574623591786533, "x8": 1.4991283160051094, "x9": 1.585812093588077}, "datetime": {"datetime": "2025-05-13 13:10:13", "elapsed": 898.200906, "delta": 12.495658}}
{"target": 2691.2413679107235, "params": {"x0": 0.8, "x1": 3.0713148172630227, "x2": 1.0182064862772908, "x3": 0.7534264444443012, "x4": 2.2833620541759965, "x5": 3.5254644516153757, "x6": 4.151473334812006, "x7": -4.149855804978654, "x8": 1.491963122548033, "x9": 1.6882759185687253}, "datetime": {"datetime": "2025-05-13 13:10:25", "elapsed": 910.697446, "delta": 12.49654}}
{"target": 1581.8066421559326, "params": {"x0": 0.8, "x1": 3.2011201564210707, "x2": 0.5317511584443624, "x3": 1.0660627458917824, "x4": 2.684310298618397, "x5": 4.085858626449846, "x6": 4.165983480848758, "x7": -4.486356498291557, "x8": 1.4855144484366642, "x9": 1.6834223689643788}, "datetime": {"datetime": "2025-05-13 13:10:38", "elapsed": 923.733348, "delta": 13.035902}}
{"target": 1752.7208443463282, "params": {"x0": 0.8, "x1": 2.6611225963864413, "x2": 0.917883630055737, "x3": 0.6709207078807735, "x4": 2.699048071792475, "x5": 3.087946575225804, "x6": 4.66389930253627, "x7": -4.022909682023428, "x8": 1.4797106417364325, "x9": 1.6790541743204668}, "datetime": {"datetime": "2025-05-13 13:10:51", "elapsed": 935.883578, "delta": 12.15023}}
{"target": 2932.467402321168, "params": {"x0": 0.8, "x1": 3.1390155243644484, "x2": 0.7266150594528209, "x3": 0.7023968699321137, "x4": 2.3897548724565234, "x5": 3.4298275796078515, "x6": 4.693885065161564, "x7": -4.681162659035429, "x8": 1.4744872157062239, "x9": 1.6751227991409463}, "datetime": {"datetime": "2025-05-13 13:11:03", "elapsed": 948.411618, "delta": 12.52804}}
{"target": 2971.955283796385, "params": {"x0": 0.8, "x1": 2.9139679497803193, "x2": 0.9139380835851891, "x3": 0.9431895096248668, "x4": 2.1464843564139837, "x5": 3.512146923556031, "x6": 4.533491612334611, "x7": -4.5734893994182855, "x8": 1.4345280065751276, "x9": 1.7051978192642794}, "datetime": {"datetime": "2025-05-13 13:11:16", "elapsed": 960.904167, "delta": 12.492549}}
{"target": 2409.202173568314, "params": {"x0": 0.8, "x1": 3.07150125198921, "x2": 0.705227387652144, "x3": 1.111744357409794, "x4": 2.262595237529501, "x5": 3.277640981115007, "x6": 4.651316478396664, "x7": -4.336640154247231, "x8": 1.4624994529668949, "x9": 1.6751227991409463}, "datetime": {"datetime": "2025-05-13 13:11:28", "elapsed": 973.39363, "delta": 12.489463}}
{"target": 2445.351080600194, "params": {"x0": 0.8, "x1": 2.772187977792318, "x2": 0.7260984572454484, "x3": 0.7914901466184323, "x4": 2.287667662504857, "x5": 3.652891266943374, "x6": 4.32692347952546, "x7": -4.720966020821005, "x8": 1.4597023083277183, "x9": 1.7322653373752792}, "datetime": {"datetime": "2025-05-13 13:11:41", "elapsed": 986.134111, "delta": 12.740481}}
{"target": 2878.314732831957, "params": {"x0": 0.8082619482480062, "x1": 3.0415699245695205, "x2": 1.0829937472909559, "x3": 0.8066600829190758, "x4": 2.0846358866495542, "x5": 3.88905575437927, "x6": 4.76226747203201, "x7": -4.185015406451239, "x8": 1.411871134997796, "x9": 1.6808370529643797}, "datetime": {"datetime": "2025-05-13 13:11:53", "elapsed": 998.58903, "delta": 12.454919}}
{"target": 3113.1235578806454, "params": {"x0": 0.8074357534232056, "x1": 3.0288097270906005, "x2": 1.066088180920379, "x3": 0.8203130255896549, "x4": 2.323828562608995, "x5": 3.5062845444127326, "x6": 4.808303805463523, "x7": -4.9231159930886275, "x8": 1.4141368221555293, "x9": 1.727122508934189}, "datetime": {"datetime": "2025-05-13 13:12:06", "elapsed": 1011.162374, "delta": 12.573344}}
{"target": 2833.293254998804, "params": {"x0": 0.8137561438329304, "x1": 3.1264252378043396, "x2": 1.1954157636552905, "x3": 0.7158680141597248, "x4": 2.445872343351185, "x5": 3.5536594771993872, "x6": 4.562743618763255, "x7": -4.6259333884688365, "x8": 1.3968043153988707, "x9": 1.7457584951536125}, "datetime": {"datetime": "2025-05-13 13:12:19", "elapsed": 1023.916855, "delta": 12.754481}}
{"target": 2935.444080594868, "params": {"x0": 0.8017474020544534, "x1": 3.1166636867329656, "x2": 1.1824830053817994, "x3": 0.7263125153027178, "x4": 2.1881602448698114, "x5": 3.23178181380404, "x6": 5.067174403435983, "x7": -5.190580337246439, "x8": 1.3985375660745365, "x9": 1.710350121336708}, "datetime": {"datetime": "2025-05-13 13:12:31", "elapsed": 1036.428059, "delta": 12.511204}}
{"target": 3195.4276198072, "params": {"x0": 0.8023162371913286, "x1": 3.107878290768729, "x2": 0.9613328389051008, "x3": 0.7357125663314115, "x4": 2.2017270766437296, "x5": 3.753337001960556, "x6": 5.041287343638737, "x7": -5.163833902830659, "x8": 1.4000974916826359, "x9": 1.7120273600964562}, "datetime": {"datetime": "2025-05-13 13:12:43", "elapsed": 1048.79316, "delta": 12.365101}}
{"target": 3226.9304043440775, "params": {"x0": 0.8066678259884241, "x1": 3.1750865698951385, "x2": 0.8722907981921143, "x3": 0.6638021759619046, "x4": 2.097940813573254, "x5": 3.5892386878556417, "x6": 5.239323351087668, "x7": -4.9592236795499325, "x8": 1.3881640607806764, "x9": 1.7248582366085292}, "datetime": {"datetime": "2025-05-13 13:12:56", "elapsed": 1060.920472, "delta": 12.127312}}
{"target": 3387.7934528521746, "params": {"x0": 0.8097139381463909, "x1": 3.107878290768729, "x2": 0.9613328389051008, "x3": 0.5918917855923977, "x4": 1.9941545505027785, "x5": 3.7482696790327137, "x6": 5.041287343638737, "x7": -4.817198540898359, "x8": 1.376230629878717, "x9": 1.7158766230500782}, "datetime": {"datetime": "2025-05-13 13:13:08", "elapsed": 1072.964857, "delta": 12.044385}}
{"target": 3334.949123320256, "params": {"x0": 0.8127600503043577, "x1": 3.1549240861572154, "x2": 0.8990034104060102, "x3": 0.5199813952228909, "x4": 1.890368287432303, "x5": 3.634180639240663, "x6": 4.902662138424485, "x7": -4.960215912341765, "x8": 1.3642971989767576, "x9": 1.7095894935591625}, "datetime": {"datetime": "2025-05-13 13:13:20", "elapsed": 1085.277439, "delta": 12.312582}}
{"target": 3259.2930809333643, "params": {"x0": 0.8124554390885611, "x1": 3.1502195066183667, "x2": 1.0174293245542823, "x3": 0.6566111369249539, "x4": 1.9007469137393505, "x5": 3.8509498148455594, "x6": 5.166050028331564, "x7": -4.945914175197424, "x8": 1.3654905420669534, "x9": 1.710218206508254}, "datetime": {"datetime": "2025-05-13 13:13:33", "elapsed": 1097.972175, "delta": 12.694736}}
{"target": 3308.939877287235, "params": {"x0": 0.8072465872984378, "x1": 3.069771196504055, "x2": 1.011819675989364, "x3": 0.5336443693930972, "x4": 1.9100876774156932, "x5": 3.6558575568011524, "x6": 5.153573759862281, "x7": -4.933042611767517, "x8": 1.3665645508481299, "x9": 1.7107840481624363}, "datetime": {"datetime": "2025-05-13 13:13:45", "elapsed": 1110.474383, "delta": 12.502208}}
{"target": 3246.839461360171, "params": {"x0": 0.8074933223832331, "x1": 3.1421746756069355, "x2": 1.0067709922809378, "x3": 0.6443144601717683, "x4": 1.9184943647244017, "x5": 3.6650987690243086, "x6": 4.940229569037546, "x7": -4.712938877116117, "x8": 1.3675311587511887, "x9": 1.7112933056512005}, "datetime": {"datetime": "2025-05-13 13:13:57", "elapsed": 1122.167365, "delta": 11.692982}}
{"target": 3359.584829516228, "params": {"x0": 0.8077153839595489, "x1": 3.138745037123115, "x2": 0.9204385008668474, "x3": 0.5447113784709643, "x4": 2.0622487177033175, "x5": 3.823123498040278, "x6": 5.132239340779807, "x7": -4.723364843494341, "x8": 1.3684011058639414, "x9": 1.7117516373910884}, "datetime": {"datetime": "2025-05-13 13:14:09", "elapsed": 1134.475805, "delta": 12.30844}}
{"target": 3353.0743049414136, "params": {"x0": 0.8079152393782331, "x1": 3.1356583624876766, "x2": 0.9981377431395289, "x3": 0.5494294191831076, "x4": 2.0554393009832634, "x5": 3.815638116139522, "x6": 4.959430546211773, "x7": -4.901648868561976, "x8": 1.369184058265419, "x9": 1.7121641359569872}, "datetime": {"datetime": "2025-05-13 13:14:20", "elapsed": 1145.741768, "delta": 11.265963}}
{"target": 3419.474903068849, "params": {"x0": 0.8113327670377329, "x1": 3.0828762262216762, "x2": 0.9282084250941156, "x3": 0.5536756558240367, "x4": 1.9389982750703418, "x5": 3.808901272428841, "x6": 4.967616225954469, "x7": -4.755956389189442, "x8": 1.3825725443306853, "x9": 1.7192178614338598}, "datetime": {"datetime": "2025-05-13 13:14:33", "elapsed": 1158.400672, "delta": 12.658904}}
{"target": 3239.1791058412855, "params": {"x0": 0.8099567624800922, "x1": 3.0616244713566814, "x2": 0.9000526733547782, "x3": 0.5211919455209297, "x4": 1.8921154409527707, "x5": 3.860438126815549, "x6": 5.030236675986096, "x7": -4.821299047011525, "x8": 1.3771819170465123, "x9": 1.7163778088076453}, "datetime": {"datetime": "2025-05-13 13:14:45", "elapsed": 1170.743275, "delta": 12.342603}}
{"target": 3380.751259624684, "params": {"x0": 0.8125711711396096, "x1": 3.063749646843181, "x2": 0.902868248528712, "x3": 0.5244403165512405, "x4": 1.9811928257761557, "x5": 3.7625181034808035, "x6": 4.9112578209260045, "x7": -4.697147997149567, "x8": 1.3777209797749297, "x9": 1.7217739087974528}, "datetime": {"datetime": "2025-05-13 13:14:58", "elapsed": 1182.958841, "delta": 12.215566}}
{"target": 3374.6734476344222, "params": {"x0": 0.812447330729422, "x1": 3.100090147662322, "x2": 0.9054022661852523, "x3": 0.5799874611695532, "x4": 1.9769733707055746, "x5": 3.8506461244820747, "x6": 4.916893661428851, "x7": -4.703028836353554, "x8": 1.3869389524308655, "x9": 1.7215183040610935}, "datetime": {"datetime": "2025-05-13 13:15:10", "elapsed": 1195.65359, "delta": 12.694749}}
{"target": 3439.924872130293, "params": {"x0": 0.812335874360253, "x1": 3.0983687555182575, "x2": 0.9487339681120925, "x3": 0.5299950310130717, "x4": 1.9048206889986325, "x5": 3.775701547618183, "x6": 5.013266534027525, "x7": -4.7083215916371435, "x8": 1.3865023116208475, "x9": 1.72128825979837}, "datetime": {"datetime": "2025-05-13 13:15:23", "elapsed": 1208.116093, "delta": 12.462503}}
{"target": 3443.2445317741563, "params": {"x0": 0.8131885155843951, "x1": 3.1115374054203517, "x2": 0.966180679677373, "x3": 0.5098664999237514, "x4": 1.9338716371595854, "x5": 3.8078548915407695, "x6": 4.974463772165428, "x7": -4.740340201800777, "x8": 1.3898426138174853, "x9": 1.723048098408204}, "datetime": {"datetime": "2025-05-13 13:15:35", "elapsed": 1220.623115, "delta": 12.507022}}
{"target": 3407.1082960645144, "params": {"x0": 0.8140411568085372, "x1": 3.0983687555182575, "x2": 0.9836273912426534, "x3": 0.5299950310130717, "x4": 1.9542073008722525, "x5": 3.8306514383541983, "x6": 5.001625705468896, "x7": -4.709771450989009, "x8": 1.3931829160141231, "x9": 1.7248079370180378}, "datetime": {"datetime": "2025-05-13 13:15:47", "elapsed": 1232.580889, "delta": 11.957774}}
{"target": 3440.16001913949, "params": {"x0": 0.813955892686123, "x1": 3.123389190332236, "x2": 0.9504786392686206, "x3": 0.5279821779041396, "x4": 1.9155695398181851, "x5": 3.7873379994086838, "x6": 4.950018032192306, "x7": -4.7678520775313675, "x8": 1.3928488857944594, "x9": 1.7246319531570544}, "datetime": {"datetime": "2025-05-13 13:16:00", "elapsed": 1245.01459, "delta": 12.433701}}
{"target": 3456.0901217572914, "params": {"x0": 0.81249787619284, "x1": 3.122204011841048, "x2": 0.9520488433094958, "x3": 0.49356238974140204, "x4": 1.9503435247668457, "x5": 3.7893896886218923, "x6": 4.996464938141237, "x7": -4.715579513643245, "x8": 1.392548258596762, "x9": 1.7216226291342385}, "datetime": {"datetime": "2025-05-13 13:16:12", "elapsed": 1257.443315, "delta": 12.428725}}
{"target": 3452.9497782393196, "params": {"x0": 0.8119108327100182, "x1": 3.13127062729864, "x2": 0.9400367823968002, "x3": 0.47970389608640507, "x4": 1.9363424203006745, "x5": 3.805085111102938, "x6": 4.977763947061799, "x7": -4.694532928709343, "x8": 1.3902484605343768, "x9": 1.7204109802513678}, "datetime": {"datetime": "2025-05-13 13:16:24", "elapsed": 1269.684889, "delta": 12.241574}}
{"target": 3469.9751140850553, "params": {"x0": 0.8119695370583003, "x1": 3.130363965752881, "x2": 0.9412379884880697, "x3": 0.48108974545190475, "x4": 1.9377425307472915, "x5": 3.775263808388951, "x6": 5.013295830112732, "x7": -4.734521440083757, "x8": 1.3904784403406152, "x9": 1.720532145139655}, "datetime": {"datetime": "2025-05-13 13:16:37", "elapsed": 1282.164192, "delta": 12.479303}}
{"target": 3475.9601981229807, "params": {"x0": 0.8115204487939416, "x1": 3.1372999265779384, "x2": 0.9504272150862818, "x3": 0.47048799780583206, "x4": 1.9270316858306704, "x5": 3.7632568101909514, "x6": 5.027602088288502, "x7": -4.718420802609322, "x8": 1.3887190948228905, "x9": 1.7196052337442589}, "datetime": {"datetime": "2025-05-13 13:16:49", "elapsed": 1294.424263, "delta": 12.260071}}
{"target": 3485.8549937259427, "params": {"x0": 0.8110713605295828, "x1": 3.144235887402996, "x2": 0.9568596737050303, "x3": 0.45988625015975937, "x4": 1.9163208409140493, "x5": 3.7512498119929516, "x6": 5.013295830112732, "x7": -4.729691248841426, "x8": 1.3904784403406152, "x9": 1.7186783223488629}, "datetime": {"datetime": "2025-05-13 13:17:01", "elapsed": 1306.602711, "delta": 12.178448}}
{"target": 3492.7275487573575, "params": {"x0": 0.8106222722652241, "x1": 3.1511718482280537, "x2": 0.9504272150862818, "x3": 0.4492845025136867, "x4": 1.9270316858306704, "x5": 3.739242813794952, "x6": 5.003281449389693, "x7": -4.7375805612039, "x8": 1.389246898478208, "x9": 1.7177514109534668}, "datetime": {"datetime": "2025-05-13 13:17:13", "elapsed": 1318.747871, "delta": 12.14516}}
{"target": 3490.1541095704433, "params": {"x0": 0.8110713605295828, "x1": 3.1581078090531114, "x2": 0.9549299361194057, "x3": 0.438682754867614, "x4": 1.934529277272305, "x5": 3.7512498119929516, "x6": 5.013295830112732, "x7": -4.745469873566373, "x8": 1.388384819174523, "x9": 1.7168244995580708}, "datetime": {"datetime": "2025-05-13 13:17:26", "elapsed": 1331.236308, "delta": 12.488437}}
{"target": 3492.9879046629494, "params": {"x0": 0.8102180928273013, "x1": 3.1574142129706058, "x2": 0.9463747661564703, "x3": 0.4588260753951521, "x4": 1.9202838535331992, "x5": 3.728436515416752, "x6": 5.012294392040428, "x7": -4.744680942330126, "x8": 1.3884710271048915, "x9": 1.7169171906976104}, "datetime": {"datetime": "2025-05-13 13:17:38", "elapsed": 1343.526572, "delta": 12.290264}}
{"target": 3444.6706061630603, "params": {"x0": 0.8098745403050669, "x1": 3.1521082029394365, "x2": 0.9429301845661305, "x3": 0.45071573844590646, "x4": 1.9145481960803485, "x5": 3.719251161795282, "x6": 5.019955393293554, "x7": -4.750716266287418, "x8": 1.3891305177722106, "x9": 1.7162081034801324}, "datetime": {"datetime": "2025-05-13 13:17:51", "elapsed": 1355.832273, "delta": 12.305701}}
{"target": 3431.121345726958, "params": {"x0": 0.8099088955572903, "x1": 3.162189621998658, "x2": 0.9494748895877761, "x3": 0.4661253786494731, "x4": 1.9254459452407646, "x5": 3.7367033336760747, "x6": 5.005399490912616, "x7": -4.739249150768563, "x8": 1.3878774855043043, "x9": 1.7162790122018803}, "datetime": {"datetime": "2025-05-13 13:18:03", "elapsed": 1368.134646, "delta": 12.302373}}
{"target": 3488.224506624022, "params": {"x0": 0.8104963703703112, "x1": 3.1531163448453587, "x2": 0.9491648772446456, "x3": 0.465395448324041, "x4": 1.9249297360700082, "x5": 3.720996378983361, "x6": 5.01849980305546, "x7": -4.749569554735532, "x8": 1.38900521454542, "x9": 1.7174915513437676}, "datetime": {"datetime": "2025-05-13 13:18:15", "elapsed": 1380.118795, "delta": 11.984149}}
{"target": 3489.208271095732, "params": {"x0": 0.810372740677957, "x1": 3.154758604277335, "x2": 0.9454354926775234, "x3": 0.46352660914247196, "x4": 1.91862695611265, "x5": 3.729610735146093, "x6": 5.010986486131514, "x7": -4.741234096111382, "x8": 1.3887496656876568, "x9": 1.716437433069427}, "datetime": {"datetime": "2025-05-13 13:18:27", "elapsed": 1392.339993, "delta": 12.221198}}
