{"target": 3493.9560053380324, "params": {"x0": 0.8102817545492044, "x1": 3.1564309690188868, "x2": 0.9470130578243823, "x3": 0.45732318096297114, "x4": 1.9192210076518617, "x5": 3.7297559841089774, "x6": 5.010874785645926, "x7": -4.745799325692814, "x8": 1.3885932355063206, "x9": 1.716785798391925}, "datetime": {"datetime": "2025-05-13 13:41:48", "elapsed": 2793.646817, "delta": 12.8711}}
{"target": 3493.9560053380324, "params": {"x0": 0.8102817543536835, "x1": 3.156430973480235, "x2": 0.9470130691746672, "x3": 0.4573231720164589, "x4": 1.9192210039008413, "x5": 3.7297559991309934, "x6": 5.0108747992145934, "x7": -4.745799270309233, "x8": 1.3885932344632306, "x9": 1.7167857981675623}, "datetime": {"datetime": "2025-05-13 13:42:01", "elapsed": 2806.538885, "delta": 12.892068}}
{"target": 3493.9560053380324, "params": {"x0": 0.8102817544313773, "x1": 3.1564309766731227, "x2": 0.9470130608760285, "x3": 0.45732317829869096, "x4": 1.9192210000541667, "x5": 3.729755994754993, "x6": 5.010874775230892, "x7": -4.745799278785904, "x8": 1.3885932347194452, "x9": 1.7167857974905536}, "datetime": {"datetime": "2025-05-13 13:42:14", "elapsed": 2819.323767, "delta": 12.784882}}
{"target": 3493.9560053380324, "params": {"x0": 0.8102817531922517, "x1": 3.1564309767009235, "x2": 0.9470130682719702, "x3": 0.45732319073950495, "x4": 1.9192210202728437, "x5": 3.7297559967237244, "x6": 5.0108747740296495, "x7": -4.745799295092439, "x8": 1.3885932338219633, "x9": 1.7167857982947592}, "datetime": {"datetime": "2025-05-13 13:42:26", "elapsed": 2831.078471, "delta": 11.754704}}
{"target": 3493.9560053380324, "params": {"x0": 0.8102817531841178, "x1": 3.1564309789058336, "x2": 0.9470130638969609, "x3": 0.45732318724217264, "x4": 1.919221017172097, "x5": 3.7297560107950876, "x6": 5.010874773481156, "x7": -4.7457992788308765, "x8": 1.3885932340202187, "x9": 1.7167857951276895}, "datetime": {"datetime": "2025-05-13 13:42:39", "elapsed": 2843.856273, "delta": 12.777802}}
{"target": 3493.9560053380324, "params": {"x0": 0.8102817532319109, "x1": 3.1564309835151243, "x2": 0.9470130626896207, "x3": 0.45732320532480886, "x4": 1.9192210210689553, "x5": 3.7297560041231, "x6": 5.01087476932533, "x7": -4.745799319960442, "x8": 1.3885932340090552, "x9": 1.7167857937730098}, "datetime": {"datetime": "2025-05-13 13:42:51", "elapsed": 2856.646612, "delta": 12.790339}}
{"target": 3493.9560053380324, "params": {"x0": 0.8102817547140146, "x1": 3.156430982599581, "x2": 0.9470130590776172, "x3": 0.45732319249045245, "x4": 1.919221020743568, "x5": 3.729756015582757, "x6": 5.0108747812292025, "x7": -4.745799290048587, "x8": 1.3885932339415352, "x9": 1.7167857951372045}, "datetime": {"datetime": "2025-05-13 13:43:04", "elapsed": 2869.368029, "delta": 12.721417}}
{"target": 3493.9560053380324, "params": {"x0": 0.8102817532795851, "x1": 3.156430984436339, "x2": 0.9470130529557321, "x3": 0.45732319478494193, "x4": 1.9192210206106606, "x5": 3.729756011523798, "x6": 5.010874775940557, "x7": -4.74579929402171, "x8": 1.3885932336054654, "x9": 1.7167857964369486}, "datetime": {"datetime": "2025-05-13 13:43:17", "elapsed": 2882.019476, "delta": 12.651447}}
{"target": 3493.9560053380324, "params": {"x0": 0.8102817543509662, "x1": 3.156430985504814, "x2": 0.9470130589393703, "x3": 0.457323196337916, "x4": 1.9192210222828419, "x5": 3.7297560138440584, "x6": 5.01087478741724, "x7": -4.74579930875815, "x8": 1.3885932333811757, "x9": 1.7167857936659334}, "datetime": {"datetime": "2025-05-13 13:43:30", "elapsed": 2895.034985, "delta": 13.015509}}
{"target": 3493.9560053380324, "params": {"x0": 0.8102817541129674, "x1": 3.156430987786787, "x2": 0.9470130582959577, "x3": 0.4573231998735979, "x4": 1.9192210279028956, "x5": 3.7297560163362173, "x6": 5.0108747793851585, "x7": -4.745799299243806, "x8": 1.3885932334214308, "x9": 1.71678579526902}, "datetime": {"datetime": "2025-05-13 13:43:42", "elapsed": 2907.748282, "delta": 12.713297}}
{"target": 3493.9560053380324, "params": {"x0": 0.8102817536924835, "x1": 3.156430988315361, "x2": 0.9470130548713798, "x3": 0.4573231977721633, "x4": 1.9192210172833473, "x5": 3.729756016972065, "x6": 5.010874797010632, "x7": -4.745799308772249, "x8": 1.388593233071544, "x9": 1.7167857955086707}, "datetime": {"datetime": "2025-05-13 13:43:54", "elapsed": 2919.512214, "delta": 11.763932}}
{"target": 3493.9560053380324, "params": {"x0": 0.8102817543407549, "x1": 3.1564309895737943, "x2": 0.947013057808573, "x3": 0.45732320534680687, "x4": 1.9192210214030543, "x5": 3.7297560211239364, "x6": 5.010874783412162, "x7": -4.745799293307411, "x8": 1.3885932330649529, "x9": 1.7167857947133698}, "datetime": {"datetime": "2025-05-13 13:44:06", "elapsed": 2931.783586, "delta": 12.271372}}
{"target": 3493.9560053380324, "params": {"x0": 0.8102817542466115, "x1": 3.156430990504844, "x2": 0.9470130574422135, "x3": 0.4573232006767566, "x4": 1.9192210244950338, "x5": 3.72975602354753, "x6": 5.010874796161204, "x7": -4.745799308667013, "x8": 1.38859323300746, "x9": 1.7167857954637025}, "datetime": {"datetime": "2025-05-13 13:44:19", "elapsed": 2944.348526, "delta": 12.56494}}
{"target": 3493.9560053380324, "params": {"x0": 0.810281753795349, "x1": 3.156430991171769, "x2": 0.9470130587253162, "x3": 0.45732320499330953, "x4": 1.9192210202482338, "x5": 3.7297560228906907, "x6": 5.010874795438917, "x7": -4.7457992920398935, "x8": 1.388593232870526, "x9": 1.716785796004865}, "datetime": {"datetime": "2025-05-13 13:44:32", "elapsed": 2957.336837, "delta": 12.988311}}
{"target": 3493.9560053380324, "params": {"x0": 0.8102817536001853, "x1": 3.156430992451392, "x2": 0.9470130578684746, "x3": 0.4573232076002634, "x4": 1.9192210257524822, "x5": 3.7297560269896683, "x6": 5.010874784078747, "x7": -4.74579929642017, "x8": 1.388593232852684, "x9": 1.716785796328276}, "datetime": {"datetime": "2025-05-13 13:44:45", "elapsed": 2969.974536, "delta": 12.637699}}
{"target": 3493.9560053380324, "params": {"x0": 0.8102817536922831, "x1": 3.1564309932212065, "x2": 0.9470130560037047, "x3": 0.4573232117005034, "x4": 1.9192210178965465, "x5": 3.729756024883585, "x6": 5.0108747891348555, "x7": -4.745799304087562, "x8": 1.3885932328258115, "x9": 1.7167857959694142}, "datetime": {"datetime": "2025-05-13 13:44:57", "elapsed": 2982.600671, "delta": 12.626135}}
{"target": 3493.9560053380324, "params": {"x0": 0.8102817535436403, "x1": 3.1564309930442205, "x2": 0.9470130565160015, "x3": 0.4573232072655706, "x4": 1.9192210194444175, "x5": 3.7297560255810134, "x6": 5.01087479585104, "x7": -4.745799298091739, "x8": 1.3885932326174424, "x9": 1.7167857950348966}, "datetime": {"datetime": "2025-05-13 13:45:10", "elapsed": 2995.273397, "delta": 12.672726}}
{"target": 3493.9560053380324, "params": {"x0": 0.8102817539181708, "x1": 3.1564309935435273, "x2": 0.9470130571510588, "x3": 0.45732321294207867, "x4": 1.9192210195957324, "x5": 3.7297560268993513, "x6": 5.010874792377726, "x7": -4.745799296696398, "x8": 1.3885932326228474, "x9": 1.7167857954768042}, "datetime": {"datetime": "2025-05-13 13:45:22", "elapsed": 3007.641829, "delta": 12.368432}}
{"target": 3493.9560053380324, "params": {"x0": 0.810281753570444, "x1": 3.156430994235264, "x2": 0.9470130558598134, "x3": 0.45732320890143374, "x4": 1.9192210212469714, "x5": 3.729756027441671, "x6": 5.010874789409819, "x7": -4.745799302464712, "x8": 1.3885932324062613, "x9": 1.7167857949697618}, "datetime": {"datetime": "2025-05-13 13:45:35", "elapsed": 3020.484792, "delta": 12.842963}}
{"target": 3493.9560053380324, "params": {"x0": 0.8102817538202041, "x1": 3.1564309948130918, "x2": 0.9470130563859666, "x3": 0.45732320818272504, "x4": 1.9192210272642396, "x5": 3.7297560286597293, "x6": 5.010874793781904, "x7": -4.745799301875814, "x8": 1.3885932325112502, "x9": 1.7167857949969774}, "datetime": {"datetime": "2025-05-13 13:45:49", "elapsed": 3034.026754, "delta": 13.541962}}
{"target": 3493.9560053380324, "params": {"x0": 0.8102817536656951, "x1": 3.1564309949060587, "x2": 0.9470130563351042, "x3": 0.4573232085394199, "x4": 1.9192210217456502, "x5": 3.729756029539517, "x6": 5.01087479805499, "x7": -4.745799299987848, "x8": 1.3885932324242798, "x9": 1.7167857952271584}, "datetime": {"datetime": "2025-05-13 13:46:01", "elapsed": 3046.770764, "delta": 12.74401}}
{"target": 3493.9560053380324, "params": {"x0": 0.8102817537826955, "x1": 3.156430995479736, "x2": 0.947013056025798, "x3": 0.4573232085363393, "x4": 1.9192210264516942, "x5": 3.729756029530641, "x6": 5.010874797472065, "x7": -4.745799300163952, "x8": 1.3885932324230303, "x9": 1.7167857955513326}, "datetime": {"datetime": "2025-05-13 13:46:14", "elapsed": 3059.568612, "delta": 12.797848}}
{"target": 3493.9560053380324, "params": {"x0": 0.8102817538707134, "x1": 3.1564309958356933, "x2": 0.9470130553389654, "x3": 0.45732320938893917, "x4": 1.9192210235366087, "x5": 3.7297560310286286, "x6": 5.010874796318151, "x7": -4.745799302410263, "x8": 1.3885932323491392, "x9": 1.7167857956517902}, "datetime": {"datetime": "2025-05-13 13:46:27", "elapsed": 3072.481311, "delta": 12.912699}}
{"target": 3493.9560053380324, "params": {"x0": 0.8102817537326095, "x1": 3.1564309962136683, "x2": 0.9470130556392077, "x3": 0.4573232096736124, "x4": 1.919221022554818, "x5": 3.7297560339728735, "x6": 5.010874789441635, "x7": -4.745799298856375, "x8": 1.3885932323594188, "x9": 1.7167857955580554}, "datetime": {"datetime": "2025-05-13 13:46:40", "elapsed": 3085.436226, "delta": 12.954915}}
{"target": 3493.9560053380324, "params": {"x0": 0.8102817537046034, "x1": 3.1564309962616455, "x2": 0.947013055506104, "x3": 0.45732321157993344, "x4": 1.9192210237702618, "x5": 3.7297560312262537, "x6": 5.01087479424655, "x7": -4.745799298051884, "x8": 1.3885932323526784, "x9": 1.7167857957153048}, "datetime": {"datetime": "2025-05-13 13:46:53", "elapsed": 3098.512829, "delta": 13.076603}}
{"target": 3493.9560053380324, "params": {"x0": 0.8102817537040953, "x1": 3.1564309965237634, "x2": 0.9470130552955748, "x3": 0.45732321053909303, "x4": 1.9192210223264623, "x5": 3.7297560329341097, "x6": 5.010874790751272, "x7": -4.7457993011584145, "x8": 1.3885932322910293, "x9": 1.716785795384584}, "datetime": {"datetime": "2025-05-13 13:47:06", "elapsed": 3111.129939, "delta": 12.61711}}
{"target": 3493.9560053380324, "params": {"x0": 0.8102817538395992, "x1": 3.15643099701607, "x2": 0.9470130547911699, "x3": 0.4573232112353486, "x4": 1.9192210236086966, "x5": 3.729756032199416, "x6": 5.010874790389065, "x7": -4.7457992987266335, "x8": 1.3885932322924817, "x9": 1.7167857952537298}, "datetime": {"datetime": "2025-05-13 13:47:19", "elapsed": 3123.927587, "delta": 12.797648}}
{"target": 3493.9560053380324, "params": {"x0": 0.8102817538427224, "x1": 3.156430996838523, "x2": 0.9470130545835745, "x3": 0.45732321149444255, "x4": 1.9192210252511024, "x5": 3.729756033174133, "x6": 5.010874791291451, "x7": -4.745799301784512, "x8": 1.3885932322747365, "x9": 1.7167857956155146}, "datetime": {"datetime": "2025-05-13 13:47:32", "elapsed": 3137.300628, "delta": 13.373041}}
{"target": 3493.9560053380324, "params": {"x0": 0.8102817538033605, "x1": 3.1564309971076794, "x2": 0.9470130549702739, "x3": 0.45732321163084444, "x4": 1.9192210258085145, "x5": 3.7297560326353696, "x6": 5.0108747913383045, "x7": -4.745799298855248, "x8": 1.3885932321282484, "x9": 1.716785795232816}, "datetime": {"datetime": "2025-05-13 13:47:45", "elapsed": 3150.168243, "delta": 12.867615}}
{"target": 3493.9560053380324, "params": {"x0": 0.810281753765832, "x1": 3.156430997297727, "x2": 0.9470130547238205, "x3": 0.4573232119118216, "x4": 1.9192210251392907, "x5": 3.7297560332977673, "x6": 5.010874791484857, "x7": -4.745799300320266, "x8": 1.3885932322120509, "x9": 1.7167857955918548}, "datetime": {"datetime": "2025-05-13 13:47:58", "elapsed": 3163.011721, "delta": 12.843478}}
{"target": 3493.9560053380324, "params": {"x0": 0.8102817538855336, "x1": 3.156430997310095, "x2": 0.9470130547982517, "x3": 0.4573232124677128, "x4": 1.9192210243480834, "x5": 3.7297560333619546, "x6": 5.010874794275122, "x7": -4.7457993009156825, "x8": 1.3885932322044288, "x9": 1.7167857954778907}, "datetime": {"datetime": "2025-05-13 13:48:10", "elapsed": 3175.754195, "delta": 12.742474}}
{"target": 3493.9560053380324, "params": {"x0": 0.8102817538348628, "x1": 3.1564309976088385, "x2": 0.9470130546536047, "x3": 0.4573232119694106, "x4": 1.9192210246757506, "x5": 3.7297560336479094, "x6": 5.010874791475436, "x7": -4.745799299865157, "x8": 1.3885932321983538, "x9": 1.7167857955306636}, "datetime": {"datetime": "2025-05-13 13:48:23", "elapsed": 3188.47464, "delta": 12.720445}}
{"target": 3493.9560053380324, "params": {"x0": 0.8102817537496547, "x1": 3.1564309978070537, "x2": 0.947013054643584, "x3": 0.4573232121842031, "x4": 1.919221023943877, "x5": 3.729756033578315, "x6": 5.010874791869512, "x7": -4.745799301230881, "x8": 1.3885932321657564, "x9": 1.7167857953074555}, "datetime": {"datetime": "2025-05-13 13:48:36", "elapsed": 3201.008353, "delta": 12.533713}}
{"target": 3493.9560053380324, "params": {"x0": 0.8102817538443466, "x1": 3.1564309977091507, "x2": 0.9470130545518989, "x3": 0.45732321215193744, "x4": 1.9192210237811407, "x5": 3.7297560337728233, "x6": 5.010874793196151, "x7": -4.745799299532947, "x8": 1.388593232131497, "x9": 1.7167857954775025}, "datetime": {"datetime": "2025-05-13 13:48:49", "elapsed": 3213.859608, "delta": 12.851255}}
{"target": 3493.9560053380324, "params": {"x0": 0.8102817538524627, "x1": 3.1564309978103426, "x2": 0.9470130544559662, "x3": 0.45732321251898495, "x4": 1.919221025529476, "x5": 3.729756034147415, "x6": 5.010874792959937, "x7": -4.745799299674668, "x8": 1.3885932321484862, "x9": 1.7167857954396004}, "datetime": {"datetime": "2025-05-13 13:49:01", "elapsed": 3226.73626, "delta": 12.876652}}
{"target": 3493.9560053380324, "params": {"x0": 0.8102817538190692, "x1": 3.1564309979593115, "x2": 0.9470130543807845, "x3": 0.45732321245879515, "x4": 1.9192210251825232, "x5": 3.7297560340290605, "x6": 5.010874792267364, "x7": -4.745799299365449, "x8": 1.388593232121689, "x9": 1.7167857954603138}, "datetime": {"datetime": "2025-05-13 13:49:14", "elapsed": 3239.621208, "delta": 12.884948}}
{"target": 3493.9560053380324, "params": {"x0": 0.8102817538196412, "x1": 3.1564309979720435, "x2": 0.9470130542813044, "x3": 0.45732321259217157, "x4": 1.9192210253429516, "x5": 3.7297560345404914, "x6": 5.010874792376642, "x7": -4.745799300010823, "x8": 1.3885932321314418, "x9": 1.7167857953509003}, "datetime": {"datetime": "2025-05-13 13:49:27", "elapsed": 3252.361645, "delta": 12.740437}}
{"target": 3493.9560053380324, "params": {"x0": 0.8102817537829172, "x1": 3.156430998040893, "x2": 0.9470130544678272, "x3": 0.4573232132625086, "x4": 1.919221024098984, "x5": 3.729756034303885, "x6": 5.010874792303845, "x7": -4.745799299706899, "x8": 1.3885932321260208, "x9": 1.7167857953582906}, "datetime": {"datetime": "2025-05-13 13:49:40", "elapsed": 3265.273235, "delta": 12.91159}}
{"target": 3493.9560053380324, "params": {"x0": 0.8102817538289788, "x1": 3.1564309980687653, "x2": 0.9470130543412225, "x3": 0.45732321326926234, "x4": 1.9192210252044561, "x5": 3.7297560343741423, "x6": 5.010874792512387, "x7": -4.745799300585572, "x8": 1.388593232115976, "x9": 1.7167857954225545}, "datetime": {"datetime": "2025-05-13 13:49:53", "elapsed": 3278.257205, "delta": 12.98397}}
{"target": 3493.9560053380324, "params": {"x0": 0.8102817537890128, "x1": 3.156430998100849, "x2": 0.9470130542258345, "x3": 0.457323212916977, "x4": 1.919221024903887, "x5": 3.729756034688107, "x6": 5.010874793141911, "x7": -4.745799300248864, "x8": 1.388593232117346, "x9": 1.716785795345176}, "datetime": {"datetime": "2025-05-13 13:50:06", "elapsed": 3291.360425, "delta": 13.10322}}
{"target": 3493.9560053380324, "params": {"x0": 0.810281753827481, "x1": 3.156430998182516, "x2": 0.9470130542211728, "x3": 0.4573232129068186, "x4": 1.9192210250528567, "x5": 3.7297560346010705, "x6": 5.010874792626953, "x7": -4.745799299764283, "x8": 1.3885932321127499, "x9": 1.7167857953474785}, "datetime": {"datetime": "2025-05-13 13:50:19", "elapsed": 3304.683274, "delta": 13.322849}}
{"target": 3493.9560053380324, "params": {"x0": 0.8102817538013745, "x1": 3.156430998248489, "x2": 0.9470130543215297, "x3": 0.4573232130701458, "x4": 1.9192210249267079, "x5": 3.729756034782161, "x6": 5.010874792657697, "x7": -4.7457992999505505, "x8": 1.3885932321045802, "x9": 1.71678579539855}, "datetime": {"datetime": "2025-05-13 13:50:33", "elapsed": 3317.819644, "delta": 13.13637}}
{"target": 3493.9560053380324, "params": {"x0": 0.8102817538017955, "x1": 3.1564309982530294, "x2": 0.9470130541888703, "x3": 0.4573232132512576, "x4": 1.9192210246121784, "x5": 3.7297560349095393, "x6": 5.010874792851497, "x7": -4.745799299802479, "x8": 1.3885932320988679, "x9": 1.716785795369919}, "datetime": {"datetime": "2025-05-13 13:50:45", "elapsed": 3330.543359, "delta": 12.723715}}
{"target": 3493.9560053380324, "params": {"x0": 0.8102817537943592, "x1": 3.156430998325718, "x2": 0.9470130542515348, "x3": 0.45732321343852184, "x4": 1.9192210243719112, "x5": 3.7297560348595122, "x6": 5.01087479272186, "x7": -4.745799300285534, "x8": 1.3885932320952936, "x9": 1.716785795364661}, "datetime": {"datetime": "2025-05-13 13:50:58", "elapsed": 3343.334929, "delta": 12.79157}}
{"target": 3493.9560053380324, "params": {"x0": 0.810281753795226, "x1": 3.1564309983339167, "x2": 0.9470130542537476, "x3": 0.45732321326729036, "x4": 1.9192210248640191, "x5": 3.7297560348845065, "x6": 5.010874792797176, "x7": -4.745799300224515, "x8": 1.3885932320908434, "x9": 1.7167857954057653}, "datetime": {"datetime": "2025-05-13 13:51:11", "elapsed": 3355.841707, "delta": 12.506778}}
{"target": 3493.9560053380324, "params": {"x0": 0.8102817538157048, "x1": 3.156430998341521, "x2": 0.9470130542144678, "x3": 0.4573232133990582, "x4": 1.9192210244692987, "x5": 3.7297560351001118, "x6": 5.010874792876761, "x7": -4.745799300100638, "x8": 1.3885932320853291, "x9": 1.7167857953884378}, "datetime": {"datetime": "2025-05-13 13:51:23", "elapsed": 3368.62425, "delta": 12.782543}}
{"target": 3493.9560053380324, "params": {"x0": 0.810281753791713, "x1": 3.1564309983735725, "x2": 0.9470130541204432, "x3": 0.45732321323184594, "x4": 1.9192210245010324, "x5": 3.7297560349690033, "x6": 5.010874792742162, "x7": -4.74579930000977, "x8": 1.388593232077862, "x9": 1.7167857953763737}, "datetime": {"datetime": "2025-05-13 13:51:36", "elapsed": 3381.711352, "delta": 13.087102}}
{"target": 3493.9560053380324, "params": {"x0": 0.8102817538070497, "x1": 3.156430998396242, "x2": 0.9470130541587104, "x3": 0.4573232132920475, "x4": 1.9192210245868457, "x5": 3.7297560351897467, "x6": 5.0108747927943815, "x7": -4.745799299883337, "x8": 1.3885932320830532, "x9": 1.716785795407174}, "datetime": {"datetime": "2025-05-13 13:51:50", "elapsed": 3394.929587, "delta": 13.218235}}
{"target": 3493.9560053380324, "params": {"x0": 0.8102817538025939, "x1": 3.1564309984166887, "x2": 0.94701305417952, "x3": 0.45732321339074383, "x4": 1.9192210247459265, "x5": 3.729756035012565, "x6": 5.010874792783375, "x7": -4.745799299918411, "x8": 1.388593232070398, "x9": 1.7167857953797505}, "datetime": {"datetime": "2025-05-13 13:52:03", "elapsed": 3408.000278, "delta": 13.070691}}
{"target": 3493.9560053380324, "params": {"x0": 0.8102817538081295, "x1": 3.156430998426225, "x2": 0.9470130540708261, "x3": 0.45732321351253774, "x4": 1.9192210247653585, "x5": 3.729756035035557, "x6": 5.010874792858827, "x7": -4.745799299942283, "x8": 1.3885932320761327, "x9": 1.7167857954207688}, "datetime": {"datetime": "2025-05-13 13:52:16", "elapsed": 3420.840905, "delta": 12.840627}}
{"target": 3493.9560053380324, "params": {"x0": 0.8102817538042077, "x1": 3.156430998444688, "x2": 0.9470130541585169, "x3": 0.4573232133534626, "x4": 1.919221024503652, "x5": 3.7297560351724672, "x6": 5.01087479322288, "x7": -4.745799300126656, "x8": 1.3885932320763543, "x9": 1.7167857953865862}, "datetime": {"datetime": "2025-05-13 13:52:28", "elapsed": 3433.573087, "delta": 12.732182}}
{"target": 3493.9560053380324, "params": {"x0": 0.8102817538062935, "x1": 3.156430998473966, "x2": 0.9470130541363521, "x3": 0.45732321338368687, "x4": 1.919221024538506, "x5": 3.729756035120251, "x6": 5.01087479283763, "x7": -4.745799300125926, "x8": 1.3885932320732632, "x9": 1.7167857953857997}, "datetime": {"datetime": "2025-05-13 13:52:42", "elapsed": 3447.065912, "delta": 13.492825}}
{"target": 3493.9560053380324, "params": {"x0": 0.8102817538006294, "x1": 3.1564309984877177, "x2": 0.9470130541445477, "x3": 0.45732321356424926, "x4": 1.9192210246483805, "x5": 3.729756035131782, "x6": 5.010874793044728, "x7": -4.745799299999578, "x8": 1.3885932320712084, "x9": 1.7167857954076053}, "datetime": {"datetime": "2025-05-13 13:52:55", "elapsed": 3460.252776, "delta": 13.186864}}
{"target": 3493.9560053380324, "params": {"x0": 0.8102817538005705, "x1": 3.1564309985011305, "x2": 0.9470130540747455, "x3": 0.45732321341643667, "x4": 1.9192210245639643, "x5": 3.72975603513987, "x6": 5.010874792911064, "x7": -4.745799300160334, "x8": 1.3885932320707457, "x9": 1.7167857954039092}, "datetime": {"datetime": "2025-05-13 13:53:08", "elapsed": 3473.75508, "delta": 13.502304}}
{"target": 3493.9560053380324, "params": {"x0": 0.8102817538017981, "x1": 3.1564309984983407, "x2": 0.9470130541337624, "x3": 0.45732321347179034, "x4": 1.9192210246067793, "x5": 3.7297560352025374, "x6": 5.0108747929578445, "x7": -4.745799300019589, "x8": 1.3885932320632006, "x9": 1.71678579539495}, "datetime": {"datetime": "2025-05-13 13:53:21", "elapsed": 3486.521192, "delta": 12.766112}}
