{"target": 3493.9560053380324, "params": {"x0": 0.8102817538032644, "x1": 3.156430998599605, "x2": 0.947013054079375, "x3": 0.45732321358461775, "x4": 1.919221024627552, "x5": 3.729756035337424, "x6": 5.010874793041542, "x7": -4.745799300044038, "x8": 1.3885932320569816, "x9": 1.7167857954046462}, "datetime": {"datetime": "2025-05-14 05:25:58", "elapsed": 59443.474942, "delta": 69.758028}}
{"target": 3493.9560053380324, "params": {"x0": 0.8102817538032644, "x1": 3.156430998599605, "x2": 0.947013054079375, "x3": 0.45732321358461775, "x4": 1.919221024627552, "x5": 3.729756035337424, "x6": 5.010874793041542, "x7": -4.745799300044038, "x8": 1.3885932320569816, "x9": 1.7167857954046462}, "datetime": {"datetime": "2025-05-14 05:27:09", "elapsed": 59514.17354, "delta": 70.698598}}
{"target": 3493.9560053380324, "params": {"x0": 0.8102817538032644, "x1": 3.156430998599605, "x2": 0.947013054079375, "x3": 0.45732321358461775, "x4": 1.919221024627552, "x5": 3.729756035337424, "x6": 5.010874793041542, "x7": -4.745799300044038, "x8": 1.3885932320569816, "x9": 1.7167857954046462}, "datetime": {"datetime": "2025-05-14 05:28:30", "elapsed": 59595.059554, "delta": 80.886014}}
{"target": 3493.9560053380324, "params": {"x0": 0.8102817538032644, "x1": 3.156430998599605, "x2": 0.947013054079375, "x3": 0.45732321358461775, "x4": 1.919221024627552, "x5": 3.729756035337424, "x6": 5.010874793041542, "x7": -4.745799300044038, "x8": 1.3885932320569816, "x9": 1.7167857954046462}, "datetime": {"datetime": "2025-05-14 05:29:42", "elapsed": 59666.8738, "delta": 71.814246}}
{"target": 3493.9560053380324, "params": {"x0": 0.8102817538032644, "x1": 3.156430998599605, "x2": 0.947013054079375, "x3": 0.45732321358461775, "x4": 1.919221024627552, "x5": 3.729756035337424, "x6": 5.010874793041542, "x7": -4.745799300044038, "x8": 1.3885932320569816, "x9": 1.7167857954046462}, "datetime": {"datetime": "2025-05-14 05:31:19", "elapsed": 59764.491964, "delta": 97.618164}}
{"target": 3493.9560053380324, "params": {"x0": 0.8102817538032644, "x1": 3.156430998599605, "x2": 0.947013054079375, "x3": 0.45732321358461775, "x4": 1.919221024627552, "x5": 3.729756035337424, "x6": 5.010874793041542, "x7": -4.745799300044038, "x8": 1.3885932320569816, "x9": 1.7167857954046462}, "datetime": {"datetime": "2025-05-14 05:32:33", "elapsed": 59838.476915, "delta": 73.984951}}
{"target": 3493.9560053380324, "params": {"x0": 0.8102817538032644, "x1": 3.156430998599605, "x2": 0.947013054079375, "x3": 0.45732321358461775, "x4": 1.919221024627552, "x5": 3.729756035337424, "x6": 5.010874793041542, "x7": -4.745799300044038, "x8": 1.3885932320569816, "x9": 1.7167857954046462}, "datetime": {"datetime": "2025-05-14 05:33:53", "elapsed": 59918.687915, "delta": 80.211}}
{"target": 3493.9560053380324, "params": {"x0": 0.8102817538032644, "x1": 3.156430998599605, "x2": 0.947013054079375, "x3": 0.45732321358461775, "x4": 1.919221024627552, "x5": 3.729756035337424, "x6": 5.010874793041542, "x7": -4.745799300044038, "x8": 1.3885932320569816, "x9": 1.7167857954046462}, "datetime": {"datetime": "2025-05-14 05:34:56", "elapsed": 59980.943194, "delta": 62.255279}}
{"target": 3493.9560053380324, "params": {"x0": 0.8102817538032644, "x1": 3.156430998599605, "x2": 0.947013054079375, "x3": 0.45732321358461775, "x4": 1.919221024627552, "x5": 3.729756035337424, "x6": 5.010874793041542, "x7": -4.745799300044038, "x8": 1.3885932320569816, "x9": 1.7167857954046462}, "datetime": {"datetime": "2025-05-14 05:36:06", "elapsed": 60051.228127, "delta": 70.284933}}
{"target": 3493.9560053380324, "params": {"x0": 0.8102817538032644, "x1": 3.156430998599605, "x2": 0.947013054079375, "x3": 0.45732321358461775, "x4": 1.919221024627552, "x5": 3.729756035337424, "x6": 5.010874793041542, "x7": -4.745799300044038, "x8": 1.3885932320569816, "x9": 1.7167857954046462}, "datetime": {"datetime": "2025-05-14 05:37:20", "elapsed": 60125.128909, "delta": 73.900782}}
{"target": 3493.9560053380324, "params": {"x0": 0.8102817538032644, "x1": 3.156430998599605, "x2": 0.947013054079375, "x3": 0.45732321358461775, "x4": 1.919221024627552, "x5": 3.729756035337424, "x6": 5.010874793041542, "x7": -4.745799300044038, "x8": 1.3885932320569816, "x9": 1.7167857954046462}, "datetime": {"datetime": "2025-05-14 05:38:30", "elapsed": 60195.213519, "delta": 70.08461}}
{"target": 3493.9560053380324, "params": {"x0": 0.8102817538032644, "x1": 3.156430998599605, "x2": 0.947013054079375, "x3": 0.45732321358461775, "x4": 1.919221024627552, "x5": 3.729756035337424, "x6": 5.010874793041542, "x7": -4.745799300044038, "x8": 1.3885932320569816, "x9": 1.7167857954046462}, "datetime": {"datetime": "2025-05-14 05:40:12", "elapsed": 60297.623288, "delta": 102.409769}}
{"target": 3493.9560053380324, "params": {"x0": 0.8102817538032644, "x1": 3.156430998599605, "x2": 0.947013054079375, "x3": 0.45732321358461775, "x4": 1.919221024627552, "x5": 3.729756035337424, "x6": 5.010874793041542, "x7": -4.745799300044038, "x8": 1.3885932320569816, "x9": 1.7167857954046462}, "datetime": {"datetime": "2025-05-14 05:41:27", "elapsed": 60371.818432, "delta": 74.195144}}
{"target": 3493.9560053380324, "params": {"x0": 0.8102817538032644, "x1": 3.156430998599605, "x2": 0.947013054079375, "x3": 0.45732321358461775, "x4": 1.919221024627552, "x5": 3.729756035337424, "x6": 5.010874793041542, "x7": -4.745799300044038, "x8": 1.3885932320569816, "x9": 1.7167857954046462}, "datetime": {"datetime": "2025-05-14 05:42:22", "elapsed": 60427.009676, "delta": 55.191244}}
{"target": 3493.9560053380324, "params": {"x0": 0.8102817538032644, "x1": 3.156430998599605, "x2": 0.947013054079375, "x3": 0.45732321358461775, "x4": 1.919221024627552, "x5": 3.729756035337424, "x6": 5.010874793041542, "x7": -4.745799300044038, "x8": 1.3885932320569816, "x9": 1.7167857954046462}, "datetime": {"datetime": "2025-05-14 05:43:40", "elapsed": 60504.902493, "delta": 77.892817}}
{"target": 3493.9560053380324, "params": {"x0": 0.8102817538032644, "x1": 3.156430998599605, "x2": 0.947013054079375, "x3": 0.45732321358461775, "x4": 1.919221024627552, "x5": 3.729756035337424, "x6": 5.010874793041542, "x7": -4.745799300044038, "x8": 1.3885932320569816, "x9": 1.7167857954046462}, "datetime": {"datetime": "2025-05-14 05:44:51", "elapsed": 60576.545606, "delta": 71.643113}}
{"target": 3493.9560053380324, "params": {"x0": 0.8102817538032644, "x1": 3.156430998599605, "x2": 0.947013054079375, "x3": 0.45732321358461775, "x4": 1.919221024627552, "x5": 3.729756035337424, "x6": 5.010874793041542, "x7": -4.745799300044038, "x8": 1.3885932320569816, "x9": 1.7167857954046462}, "datetime": {"datetime": "2025-05-14 05:46:01", "elapsed": 60646.248957, "delta": 69.703351}}
{"target": 3493.9560053380324, "params": {"x0": 0.8102817538032644, "x1": 3.156430998599605, "x2": 0.947013054079375, "x3": 0.45732321358461775, "x4": 1.919221024627552, "x5": 3.729756035337424, "x6": 5.010874793041542, "x7": -4.745799300044038, "x8": 1.3885932320569816, "x9": 1.7167857954046462}, "datetime": {"datetime": "2025-05-14 05:47:08", "elapsed": 60713.548466, "delta": 67.299509}}
{"target": 3493.9560053380324, "params": {"x0": 0.8102817538032644, "x1": 3.156430998599605, "x2": 0.947013054079375, "x3": 0.45732321358461775, "x4": 1.919221024627552, "x5": 3.729756035337424, "x6": 5.010874793041542, "x7": -4.745799300044038, "x8": 1.3885932320569816, "x9": 1.7167857954046462}, "datetime": {"datetime": "2025-05-14 05:48:28", "elapsed": 60793.137699, "delta": 79.589233}}
{"target": 3493.9560053380324, "params": {"x0": 0.8102817538032644, "x1": 3.156430998599605, "x2": 0.947013054079375, "x3": 0.45732321358461775, "x4": 1.919221024627552, "x5": 3.729756035337424, "x6": 5.010874793041542, "x7": -4.745799300044038, "x8": 1.3885932320569816, "x9": 1.7167857954046462}, "datetime": {"datetime": "2025-05-14 05:49:34", "elapsed": 60859.478142, "delta": 66.340443}}
{"target": 3493.9560053380324, "params": {"x0": 0.8102817538032644, "x1": 3.156430998599605, "x2": 0.947013054079375, "x3": 0.45732321358461775, "x4": 1.919221024627552, "x5": 3.729756035337424, "x6": 5.010874793041542, "x7": -4.745799300044038, "x8": 1.3885932320569816, "x9": 1.7167857954046462}, "datetime": {"datetime": "2025-05-14 05:50:47", "elapsed": 60932.29028, "delta": 72.812138}}
{"target": 3493.9560053380324, "params": {"x0": 0.8102817538032644, "x1": 3.156430998599605, "x2": 0.947013054079375, "x3": 0.45732321358461775, "x4": 1.919221024627552, "x5": 3.729756035337424, "x6": 5.010874793041542, "x7": -4.745799300044038, "x8": 1.3885932320569816, "x9": 1.7167857954046462}, "datetime": {"datetime": "2025-05-14 05:51:56", "elapsed": 61000.805258, "delta": 68.514978}}
{"target": 3493.9560053380324, "params": {"x0": 0.8102817538032644, "x1": 3.156430998599605, "x2": 0.947013054079375, "x3": 0.45732321358461775, "x4": 1.919221024627552, "x5": 3.729756035337424, "x6": 5.010874793041542, "x7": -4.745799300044038, "x8": 1.3885932320569816, "x9": 1.7167857954046462}, "datetime": {"datetime": "2025-05-14 05:52:59", "elapsed": 61064.446273, "delta": 63.641015}}
{"target": 3493.9560053380324, "params": {"x0": 0.8102817538032644, "x1": 3.156430998599605, "x2": 0.947013054079375, "x3": 0.45732321358461775, "x4": 1.919221024627552, "x5": 3.729756035337424, "x6": 5.010874793041542, "x7": -4.745799300044038, "x8": 1.3885932320569816, "x9": 1.7167857954046462}, "datetime": {"datetime": "2025-05-14 05:53:57", "elapsed": 61121.998038, "delta": 57.551765}}
{"target": 3493.9560053380324, "params": {"x0": 0.8102817538032644, "x1": 3.156430998599605, "x2": 0.947013054079375, "x3": 0.45732321358461775, "x4": 1.919221024627552, "x5": 3.729756035337424, "x6": 5.010874793041542, "x7": -4.745799300044038, "x8": 1.3885932320569816, "x9": 1.7167857954046462}, "datetime": {"datetime": "2025-05-14 05:55:09", "elapsed": 61194.230683, "delta": 72.232645}}
{"target": 3493.9560053380324, "params": {"x0": 0.8102817538032644, "x1": 3.156430998599605, "x2": 0.947013054079375, "x3": 0.45732321358461775, "x4": 1.919221024627552, "x5": 3.729756035337424, "x6": 5.010874793041542, "x7": -4.745799300044038, "x8": 1.3885932320569816, "x9": 1.7167857954046462}, "datetime": {"datetime": "2025-05-14 05:56:19", "elapsed": 61264.056927, "delta": 69.826244}}
{"target": 3493.9560053380324, "params": {"x0": 0.8102817538032644, "x1": 3.156430998599605, "x2": 0.947013054079375, "x3": 0.45732321358461775, "x4": 1.919221024627552, "x5": 3.729756035337424, "x6": 5.010874793041542, "x7": -4.745799300044038, "x8": 1.3885932320569816, "x9": 1.7167857954046462}, "datetime": {"datetime": "2025-05-14 05:57:26", "elapsed": 61331.657415, "delta": 67.600488}}
{"target": 3493.9560053380324, "params": {"x0": 0.8102817538032644, "x1": 3.156430998599605, "x2": 0.947013054079375, "x3": 0.45732321358461775, "x4": 1.919221024627552, "x5": 3.729756035337424, "x6": 5.010874793041542, "x7": -4.745799300044038, "x8": 1.3885932320569816, "x9": 1.7167857954046462}, "datetime": {"datetime": "2025-05-14 05:58:27", "elapsed": 61392.37145, "delta": 60.714035}}
{"target": 3493.9560053380324, "params": {"x0": 0.8102817538032644, "x1": 3.156430998599605, "x2": 0.947013054079375, "x3": 0.45732321358461775, "x4": 1.919221024627552, "x5": 3.729756035337424, "x6": 5.010874793041542, "x7": -4.745799300044038, "x8": 1.3885932320569816, "x9": 1.7167857954046462}, "datetime": {"datetime": "2025-05-14 05:59:49", "elapsed": 61474.20195, "delta": 81.8305}}
{"target": 3493.9560053380324, "params": {"x0": 0.8102817538032644, "x1": 3.156430998599605, "x2": 0.947013054079375, "x3": 0.45732321358461775, "x4": 1.919221024627552, "x5": 3.729756035337424, "x6": 5.010874793041542, "x7": -4.745799300044038, "x8": 1.3885932320569816, "x9": 1.7167857954046462}, "datetime": {"datetime": "2025-05-14 06:00:56", "elapsed": 61540.807351, "delta": 66.605401}}
{"target": 3493.9560053380324, "params": {"x0": 0.8102817538032644, "x1": 3.156430998599605, "x2": 0.947013054079375, "x3": 0.45732321358461775, "x4": 1.919221024627552, "x5": 3.729756035337424, "x6": 5.010874793041542, "x7": -4.745799300044038, "x8": 1.3885932320569816, "x9": 1.7167857954046462}, "datetime": {"datetime": "2025-05-14 06:02:17", "elapsed": 61622.081667, "delta": 81.274316}}
{"target": 3493.9560053380324, "params": {"x0": 0.8102817538032644, "x1": 3.156430998599605, "x2": 0.947013054079375, "x3": 0.45732321358461775, "x4": 1.919221024627552, "x5": 3.729756035337424, "x6": 5.010874793041542, "x7": -4.745799300044038, "x8": 1.3885932320569816, "x9": 1.7167857954046462}, "datetime": {"datetime": "2025-05-14 06:03:32", "elapsed": 61697.673534, "delta": 75.591867}}
{"target": 3493.9560053380324, "params": {"x0": 0.8102817538032644, "x1": 3.156430998599605, "x2": 0.947013054079375, "x3": 0.45732321358461775, "x4": 1.919221024627552, "x5": 3.729756035337424, "x6": 5.010874793041542, "x7": -4.745799300044038, "x8": 1.3885932320569816, "x9": 1.7167857954046462}, "datetime": {"datetime": "2025-05-14 06:04:54", "elapsed": 61778.847095, "delta": 81.173561}}
{"target": 3493.9560053380324, "params": {"x0": 0.8102817538032644, "x1": 3.156430998599605, "x2": 0.947013054079375, "x3": 0.45732321358461775, "x4": 1.919221024627552, "x5": 3.729756035337424, "x6": 5.010874793041542, "x7": -4.745799300044038, "x8": 1.3885932320569816, "x9": 1.7167857954046462}, "datetime": {"datetime": "2025-05-14 06:06:06", "elapsed": 61851.664504, "delta": 72.817409}}
{"target": 3493.9560053380324, "params": {"x0": 0.8102817538032644, "x1": 3.156430998599605, "x2": 0.947013054079375, "x3": 0.45732321358461775, "x4": 1.919221024627552, "x5": 3.729756035337424, "x6": 5.010874793041542, "x7": -4.745799300044038, "x8": 1.3885932320569816, "x9": 1.7167857954046462}, "datetime": {"datetime": "2025-05-14 06:07:21", "elapsed": 61925.819333, "delta": 74.154829}}
{"target": 3493.9560053380324, "params": {"x0": 0.8102817538032644, "x1": 3.156430998599605, "x2": 0.947013054079375, "x3": 0.45732321358461775, "x4": 1.919221024627552, "x5": 3.729756035337424, "x6": 5.010874793041542, "x7": -4.745799300044038, "x8": 1.3885932320569816, "x9": 1.7167857954046462}, "datetime": {"datetime": "2025-05-14 06:08:35", "elapsed": 61999.907733, "delta": 74.0884}}
{"target": 3493.9560053380324, "params": {"x0": 0.8102817538032644, "x1": 3.156430998599605, "x2": 0.947013054079375, "x3": 0.45732321358461775, "x4": 1.919221024627552, "x5": 3.729756035337424, "x6": 5.010874793041542, "x7": -4.745799300044038, "x8": 1.3885932320569816, "x9": 1.7167857954046462}, "datetime": {"datetime": "2025-05-14 06:09:39", "elapsed": 62064.120526, "delta": 64.212793}}
{"target": 3493.9560053380324, "params": {"x0": 0.8102817538032644, "x1": 3.156430998599605, "x2": 0.947013054079375, "x3": 0.45732321358461775, "x4": 1.919221024627552, "x5": 3.729756035337424, "x6": 5.010874793041542, "x7": -4.745799300044038, "x8": 1.3885932320569816, "x9": 1.7167857954046462}, "datetime": {"datetime": "2025-05-14 06:10:42", "elapsed": 62127.166071, "delta": 63.045545}}
{"target": 3493.9560053380324, "params": {"x0": 0.8102817538032644, "x1": 3.156430998599605, "x2": 0.947013054079375, "x3": 0.45732321358461775, "x4": 1.919221024627552, "x5": 3.729756035337424, "x6": 5.010874793041542, "x7": -4.745799300044038, "x8": 1.3885932320569816, "x9": 1.7167857954046462}, "datetime": {"datetime": "2025-05-14 06:11:54", "elapsed": 62199.342041, "delta": 72.17597}}
{"target": 3493.9560053380324, "params": {"x0": 0.8102817538032644, "x1": 3.156430998599605, "x2": 0.947013054079375, "x3": 0.45732321358461775, "x4": 1.919221024627552, "x5": 3.729756035337424, "x6": 5.010874793041542, "x7": -4.745799300044038, "x8": 1.3885932320569816, "x9": 1.7167857954046462}, "datetime": {"datetime": "2025-05-14 06:13:18", "elapsed": 62282.877382, "delta": 83.535341}}
{"target": 3493.9560053380324, "params": {"x0": 0.8102817538032644, "x1": 3.156430998599605, "x2": 0.947013054079375, "x3": 0.45732321358461775, "x4": 1.919221024627552, "x5": 3.729756035337424, "x6": 5.010874793041542, "x7": -4.745799300044038, "x8": 1.3885932320569816, "x9": 1.7167857954046462}, "datetime": {"datetime": "2025-05-14 06:14:37", "elapsed": 62361.813337, "delta": 78.935955}}
{"target": 3493.9560053380324, "params": {"x0": 0.8102817538032644, "x1": 3.156430998599605, "x2": 0.947013054079375, "x3": 0.45732321358461775, "x4": 1.919221024627552, "x5": 3.729756035337424, "x6": 5.010874793041542, "x7": -4.745799300044038, "x8": 1.3885932320569816, "x9": 1.7167857954046462}, "datetime": {"datetime": "2025-05-14 06:15:41", "elapsed": 62426.4007, "delta": 64.587363}}
{"target": 3493.9560053380324, "params": {"x0": 0.8102817538032644, "x1": 3.156430998599605, "x2": 0.947013054079375, "x3": 0.45732321358461775, "x4": 1.919221024627552, "x5": 3.729756035337424, "x6": 5.010874793041542, "x7": -4.745799300044038, "x8": 1.3885932320569816, "x9": 1.7167857954046462}, "datetime": {"datetime": "2025-05-14 06:16:45", "elapsed": 62490.13939, "delta": 63.73869}}
{"target": 3493.9560053380324, "params": {"x0": 0.8102817538032644, "x1": 3.156430998599605, "x2": 0.947013054079375, "x3": 0.45732321358461775, "x4": 1.919221024627552, "x5": 3.729756035337424, "x6": 5.010874793041542, "x7": -4.745799300044038, "x8": 1.3885932320569816, "x9": 1.7167857954046462}, "datetime": {"datetime": "2025-05-14 06:17:49", "elapsed": 62553.953822, "delta": 63.814432}}
{"target": 3493.9560053380324, "params": {"x0": 0.8102817538032644, "x1": 3.156430998599605, "x2": 0.947013054079375, "x3": 0.45732321358461775, "x4": 1.919221024627552, "x5": 3.729756035337424, "x6": 5.010874793041542, "x7": -4.745799300044038, "x8": 1.3885932320569816, "x9": 1.7167857954046462}, "datetime": {"datetime": "2025-05-14 06:19:15", "elapsed": 62640.345913, "delta": 86.392091}}
{"target": 3493.9560053380324, "params": {"x0": 0.8102817538032644, "x1": 3.156430998599605, "x2": 0.947013054079375, "x3": 0.45732321358461775, "x4": 1.919221024627552, "x5": 3.729756035337424, "x6": 5.010874793041542, "x7": -4.745799300044038, "x8": 1.3885932320569816, "x9": 1.7167857954046462}, "datetime": {"datetime": "2025-05-14 06:20:19", "elapsed": 62703.858979, "delta": 63.513066}}
{"target": 3493.9560053380324, "params": {"x0": 0.8102817538032644, "x1": 3.156430998599605, "x2": 0.947013054079375, "x3": 0.45732321358461775, "x4": 1.919221024627552, "x5": 3.729756035337424, "x6": 5.010874793041542, "x7": -4.745799300044038, "x8": 1.3885932320569816, "x9": 1.7167857954046462}, "datetime": {"datetime": "2025-05-14 06:21:43", "elapsed": 62788.010998, "delta": 84.152019}}
{"target": 3493.9560053380324, "params": {"x0": 0.8102817538032644, "x1": 3.156430998599605, "x2": 0.947013054079375, "x3": 0.45732321358461775, "x4": 1.919221024627552, "x5": 3.729756035337424, "x6": 5.010874793041542, "x7": -4.745799300044038, "x8": 1.3885932320569816, "x9": 1.7167857954046462}, "datetime": {"datetime": "2025-05-14 06:23:01", "elapsed": 62866.484857, "delta": 78.473859}}
{"target": 3493.9560053380324, "params": {"x0": 0.8102817538032644, "x1": 3.156430998599605, "x2": 0.947013054079375, "x3": 0.45732321358461775, "x4": 1.919221024627552, "x5": 3.729756035337424, "x6": 5.010874793041542, "x7": -4.745799300044038, "x8": 1.3885932320569816, "x9": 1.7167857954046462}, "datetime": {"datetime": "2025-05-14 06:24:18", "elapsed": 62942.815679, "delta": 76.330822}}
{"target": 3493.9560053380324, "params": {"x0": 0.8102817538032644, "x1": 3.156430998599605, "x2": 0.947013054079375, "x3": 0.45732321358461775, "x4": 1.919221024627552, "x5": 3.729756035337424, "x6": 5.010874793041542, "x7": -4.745799300044038, "x8": 1.3885932320569816, "x9": 1.7167857954046462}, "datetime": {"datetime": "2025-05-14 06:25:22", "elapsed": 63007.147313, "delta": 64.331634}}
{"target": 3493.9560053380324, "params": {"x0": 0.8102817538032644, "x1": 3.156430998599605, "x2": 0.947013054079375, "x3": 0.45732321358461775, "x4": 1.919221024627552, "x5": 3.729756035337424, "x6": 5.010874793041542, "x7": -4.745799300044038, "x8": 1.3885932320569816, "x9": 1.7167857954046462}, "datetime": {"datetime": "2025-05-14 06:26:35", "elapsed": 63080.545351, "delta": 73.398038}}
{"target": 3493.9560053380324, "params": {"x0": 0.8102817538032644, "x1": 3.156430998599605, "x2": 0.947013054079375, "x3": 0.45732321358461775, "x4": 1.919221024627552, "x5": 3.729756035337424, "x6": 5.010874793041542, "x7": -4.745799300044038, "x8": 1.3885932320569816, "x9": 1.7167857954046462}, "datetime": {"datetime": "2025-05-14 06:27:37", "elapsed": 63141.884179, "delta": 61.338828}}
{"target": 3493.9560053380324, "params": {"x0": 0.8102817538032644, "x1": 3.156430998599605, "x2": 0.947013054079375, "x3": 0.45732321358461775, "x4": 1.919221024627552, "x5": 3.729756035337424, "x6": 5.010874793041542, "x7": -4.745799300044038, "x8": 1.3885932320569816, "x9": 1.7167857954046462}, "datetime": {"datetime": "2025-05-14 06:28:45", "elapsed": 63210.029701, "delta": 68.145522}}
{"target": 3493.9560053380324, "params": {"x0": 0.8102817538032644, "x1": 3.156430998599605, "x2": 0.947013054079375, "x3": 0.45732321358461775, "x4": 1.919221024627552, "x5": 3.729756035337424, "x6": 5.010874793041542, "x7": -4.745799300044038, "x8": 1.3885932320569816, "x9": 1.7167857954046462}, "datetime": {"datetime": "2025-05-14 06:30:05", "elapsed": 63289.844138, "delta": 79.814437}}
{"target": 3493.9560053380324, "params": {"x0": 0.8102817538032644, "x1": 3.156430998599605, "x2": 0.947013054079375, "x3": 0.45732321358461775, "x4": 1.919221024627552, "x5": 3.729756035337424, "x6": 5.010874793041542, "x7": -4.745799300044038, "x8": 1.3885932320569816, "x9": 1.7167857954046462}, "datetime": {"datetime": "2025-05-14 06:31:16", "elapsed": 63361.408272, "delta": 71.564134}}
{"target": 3493.9560053380324, "params": {"x0": 0.8102817538032644, "x1": 3.156430998599605, "x2": 0.947013054079375, "x3": 0.45732321358461775, "x4": 1.919221024627552, "x5": 3.729756035337424, "x6": 5.010874793041542, "x7": -4.745799300044038, "x8": 1.3885932320569816, "x9": 1.7167857954046462}, "datetime": {"datetime": "2025-05-14 06:32:16", "elapsed": 63421.358244, "delta": 59.949972}}
