{"target": 38.97394266935376, "params": {"x0": 0.8000000000000318, "x1": 0.9000000000004177, "x2": 2.1503154429592504e-13, "x3": 6.428168312655418e-13, "x4": 1.4547517714252725, "x5": 6.048296300111148e-13, "x6": 1.1737985071118595, "x7": 4.652625183587737, "x8": 0.9172451529308717, "x9": 2.475332771162777}, "datetime": {"datetime": "2025-05-13 14:22:28", "elapsed": 2626.860791, "delta": 9.15068}}
{"target": 38.97394266935376, "params": {"x0": 0.8000000000000455, "x1": 0.9000000000008053, "x2": 6.40466536322949e-15, "x3": 5.525267535091601e-13, "x4": 1.4547517714439737, "x5": 3.4481374986801427e-13, "x6": 1.1737985070629249, "x7": 4.652625190303172, "x8": 0.9172451529899867, "x9": 2.475332771211732}, "datetime": {"datetime": "2025-05-13 14:22:37", "elapsed": 2635.704593, "delta": 8.843802}}
{"target": 38.97394266935376, "params": {"x0": 0.8000000000000281, "x1": 0.9000000000003108, "x2": 6.318425996850286e-15, "x3": 9.3616496800114e-13, "x4": 1.4547517713637916, "x5": 6.65933948225409e-13, "x6": 1.1737985070006796, "x7": 4.652625197121814, "x8": 0.917245152945823, "x9": 2.4753327711764705}, "datetime": {"datetime": "2025-05-13 14:22:47", "elapsed": 2645.944056, "delta": 10.239463}}
{"target": 38.97394266935376, "params": {"x0": 0.8000000000000279, "x1": 0.9000000000000945, "x2": 4.4084987636269127e-13, "x3": 8.715809728394049e-13, "x4": 1.4547517714300087, "x5": 7.852020222867187e-13, "x6": 1.1737985069636, "x7": 4.652625203301927, "x8": 0.9172451529491619, "x9": 2.475332771116352}, "datetime": {"datetime": "2025-05-13 14:22:57", "elapsed": 2655.023448, "delta": 9.079392}}
{"target": 38.97394266935376, "params": {"x0": 0.8000000000000173, "x1": 0.9000000000006937, "x2": 4.536370064227456e-13, "x3": 7.213485609993884e-13, "x4": 1.4547517714146632, "x5": 9.452796904971304e-13, "x6": 1.1737985069122943, "x7": 4.652625207477446, "x8": 0.9172451529620068, "x9": 2.475332771150219}, "datetime": {"datetime": "2025-05-13 14:23:05", "elapsed": 2663.993476, "delta": 8.970028}}
{"target": 38.97394266935376, "params": {"x0": 0.8000000000000195, "x1": 0.9000000000000621, "x2": 7.319701929537272e-14, "x3": 1.5910480727392136e-13, "x4": 1.45475177132933, "x5": 8.012630302845761e-13, "x6": 1.1737985068750805, "x7": 4.65262521245642, "x8": 0.917245152980692, "x9": 2.4753327711299704}, "datetime": {"datetime": "2025-05-13 14:23:15", "elapsed": 2673.657436, "delta": 9.66396}}
{"target": 38.97394266935376, "params": {"x0": 0.8000000000000156, "x1": 0.900000000000206, "x2": 2.736585122354805e-13, "x3": 2.852097918323407e-13, "x4": 1.4547517713034903, "x5": 2.738160381910565e-13, "x6": 1.173798506861294, "x7": 4.652625217320276, "x8": 0.9172451529555464, "x9": 2.4753327711579565}, "datetime": {"datetime": "2025-05-13 14:23:25", "elapsed": 2683.049988, "delta": 9.392552}}
{"target": 38.97394266935376, "params": {"x0": 0.8000000000000259, "x1": 0.9000000000000613, "x2": 1.3944611161460708e-14, "x3": 1.9335676693949707e-13, "x4": 1.45475177137952, "x5": 7.083259375072901e-13, "x6": 1.17379850682553, "x7": 4.652625220446229, "x8": 0.9172451529575335, "x9": 2.475332771165351}, "datetime": {"datetime": "2025-05-13 14:23:33", "elapsed": 2691.839821, "delta": 8.789833}}
{"target": 38.97394266935376, "params": {"x0": 0.8000000000000228, "x1": 0.9000000000006253, "x2": 1.4172253674679344e-14, "x3": 9.857440197202504e-14, "x4": 1.4547517713942593, "x5": 5.43105970980133e-13, "x6": 1.1737985068003167, "x7": 4.652625224573579, "x8": 0.9172451529786376, "x9": 2.4753327711830777}, "datetime": {"datetime": "2025-05-13 14:23:43", "elapsed": 2701.192805, "delta": 9.352984}}
{"target": 38.97394266935376, "params": {"x0": 0.8000000000000008, "x1": 0.900000000000188, "x2": 1.1189547630774343e-13, "x3": 4.2137194662531133e-13, "x4": 1.4547517713871987, "x5": 1.4900404632250326e-13, "x6": 1.1737985067814158, "x7": 4.652625227021379, "x8": 0.917245152981304, "x9": 2.4753327711671846}, "datetime": {"datetime": "2025-05-13 14:23:52", "elapsed": 2710.476248, "delta": 9.283443}}
{"target": 38.97394266935376, "params": {"x0": 0.8000000000000177, "x1": 0.900000000000246, "x2": 6.211773878919261e-14, "x3": 1.0366817743067023e-13, "x4": 1.454751771345093, "x5": 5.440906610334198e-13, "x6": 1.1737985067651437, "x7": 4.652625230348219, "x8": 0.9172451529733724, "x9": 2.4753327712031385}, "datetime": {"datetime": "2025-05-13 14:24:02", "elapsed": 2720.760617, "delta": 10.284369}}
{"target": 38.97394266935376, "params": {"x0": 0.8000000000000014, "x1": 0.9000000000001157, "x2": 2.758980409833093e-13, "x3": 1.041773687261826e-13, "x4": 1.4547517713849762, "x5": 1.0516209998471332e-13, "x6": 1.1737985067462913, "x7": 4.652625232796911, "x8": 0.9172451529560508, "x9": 2.475332771214196}, "datetime": {"datetime": "2025-05-13 14:24:12", "elapsed": 2730.033442, "delta": 9.272825}}
{"target": 38.97394266935376, "params": {"x0": 0.8000000000000042, "x1": 0.9000000000000771, "x2": 2.6631791034906543e-13, "x3": 1.273632761862744e-13, "x4": 1.4547517713571847, "x5": 3.5742589511784207e-13, "x6": 1.1737985067247123, "x7": 4.652625235047711, "x8": 0.9172451529654175, "x9": 2.4753327711662063}, "datetime": {"datetime": "2025-05-13 14:24:21", "elapsed": 2739.575003, "delta": 9.541561}}
{"target": 38.97394266935376, "params": {"x0": 0.8000000000000019, "x1": 0.900000000000078, "x2": 8.549959485666739e-14, "x3": 1.2879863610681062e-13, "x4": 1.4547517713866487, "x5": 2.3883724053606096e-13, "x6": 1.173798506709891, "x7": 4.652625236852395, "x8": 0.9172451529622455, "x9": 2.47533277122228}, "datetime": {"datetime": "2025-05-13 14:24:31", "elapsed": 2749.067243, "delta": 9.49224}}
{"target": 38.97394266935376, "params": {"x0": 0.8000000000000059, "x1": 0.9000000000001632, "x2": 1.46585085665736e-13, "x3": 2.562179588643397e-13, "x4": 1.4547517713549993, "x5": 3.373591216467895e-13, "x6": 1.1737985066989132, "x7": 4.652625238530138, "x8": 0.9172451529665431, "x9": 2.475332771184343}, "datetime": {"datetime": "2025-05-13 14:24:40", "elapsed": 2758.673699, "delta": 9.606456}}
{"target": 38.97394266935376, "params": {"x0": 0.8000000000000018, "x1": 0.9000000000001481, "x2": 1.0459445784901654e-14, "x3": 1.0580864346728812e-13, "x4": 1.4547517713586382, "x5": 3.2465397921657146e-13, "x6": 1.1737985066868308, "x7": 4.652625241318597, "x8": 0.917245152980387, "x9": 2.4753327711814688}, "datetime": {"datetime": "2025-05-13 14:24:49", "elapsed": 2767.617455, "delta": 8.943756}}
{"target": 38.97394266935376, "params": {"x0": 0.8000000000000057, "x1": 0.9000000000001072, "x2": 7.978530820467937e-14, "x3": 1.5523353465953812e-13, "x4": 1.4547517713710294, "x5": 1.75489567532564e-13, "x6": 1.1737985066763452, "x7": 4.652625242389492, "x8": 0.9172451529651825, "x9": 2.475332771175479}, "datetime": {"datetime": "2025-05-13 14:24:58", "elapsed": 2776.243191, "delta": 8.625736}}
{"target": 38.97394266935376, "params": {"x0": 0.8000000000000069, "x1": 0.9000000000002102, "x2": 6.041022022665029e-14, "x3": 1.3510385770004275e-13, "x4": 1.4547517713580835, "x5": 1.2419964855279536e-13, "x6": 1.173798506662035, "x7": 4.652625243032449, "x8": 0.9172451529790172, "x9": 2.475332771186401}, "datetime": {"datetime": "2025-05-13 14:25:08", "elapsed": 2786.236214, "delta": 9.993023}}
{"target": 38.97394266935376, "params": {"x0": 0.8000000000000062, "x1": 0.9000000000000288, "x2": 8.107486362115259e-14, "x3": 4.745669678240106e-14, "x4": 1.4547517713661835, "x5": 2.420714053221171e-13, "x6": 1.1737985066579428, "x7": 4.652625245001541, "x8": 0.9172451529765935, "x9": 2.4753327711904665}, "datetime": {"datetime": "2025-05-13 14:25:17", "elapsed": 2795.922333, "delta": 9.686119}}
{"target": 38.97394266935376, "params": {"x0": 0.8000000000000062, "x1": 0.9000000000000917, "x2": 9.429358197054606e-15, "x3": 1.5276258077312523e-13, "x4": 1.4547517713706535, "x5": 7.96261444698569e-14, "x6": 1.173798506645849, "x7": 4.652625245418494, "x8": 0.9172451529728886, "x9": 2.475332771187965}, "datetime": {"datetime": "2025-05-13 14:25:27", "elapsed": 2805.512625, "delta": 9.590292}}
{"target": 38.97394266935376, "params": {"x0": 0.8000000000000005, "x1": 0.9000000000000183, "x2": 8.457570376412619e-14, "x3": 1.2265086702413562e-13, "x4": 1.4547517713598985, "x5": 7.2355501891805e-14, "x6": 1.1737985066365557, "x7": 4.65262524692607, "x8": 0.9172451529673102, "x9": 2.4753327711833615}, "datetime": {"datetime": "2025-05-13 14:25:37", "elapsed": 2815.662626, "delta": 10.150001}}
{"target": 38.97394266935376, "params": {"x0": 0.8, "x1": 0.900000000000029, "x2": 9.84925442421966e-14, "x3": 6.817369695348574e-14, "x4": 1.4547517713545848, "x5": 5.2777285064335734e-14, "x6": 1.1737985066338277, "x7": 4.652625247235893, "x8": 0.9172451529768354, "x9": 2.4753327711830884}, "datetime": {"datetime": "2025-05-13 14:25:46", "elapsed": 2824.529717, "delta": 8.867091}}
{"target": 38.97394266935376, "params": {"x0": 0.8000000000000018, "x1": 0.9000000000001266, "x2": 9.22000563381722e-14, "x3": 8.72051822657352e-15, "x4": 1.4547517713600895, "x5": 1.4372281797766085e-13, "x6": 1.173798506630095, "x7": 4.652625248417695, "x8": 0.9172451529695465, "x9": 2.4753327712052178}, "datetime": {"datetime": "2025-05-13 14:25:56", "elapsed": 2834.747808, "delta": 10.218091}}
{"target": 38.97394266935376, "params": {"x0": 0.8000000000000049, "x1": 0.9000000000000109, "x2": 4.845779443040193e-14, "x3": 8.748608028148742e-14, "x4": 1.4547517713618008, "x5": 1.912006272286134e-14, "x6": 1.1737985066241214, "x7": 4.652625249680333, "x8": 0.9172451529742783, "x9": 2.475332771208191}, "datetime": {"datetime": "2025-05-13 14:26:06", "elapsed": 2844.102756, "delta": 9.354948}}
{"target": 38.97394266935376, "params": {"x0": 0.8000000000000006, "x1": 0.9000000000000894, "x2": 2.1466086337446647e-14, "x3": 7.487600963790085e-14, "x4": 1.45475177135593, "x5": 2.7603286742874633e-14, "x6": 1.1737985066085432, "x7": 4.652625250041099, "x8": 0.9172451529670556, "x9": 2.4753327711908257}, "datetime": {"datetime": "2025-05-13 14:26:16", "elapsed": 2854.245125, "delta": 10.142369}}
{"target": 38.97394266935376, "params": {"x0": 0.8000000000000007, "x1": 0.9000000000000713, "x2": 2.3532100948278107e-14, "x3": 4.068116884613038e-15, "x4": 1.454751771360688, "x5": 1.0380045662436337e-13, "x6": 1.1737985066074987, "x7": 4.652625251955786, "x8": 0.917245152969706, "x9": 2.4753327711965474}, "datetime": {"datetime": "2025-05-13 14:26:25", "elapsed": 2863.300977, "delta": 9.055852}}
{"target": 38.97394266935376, "params": {"x0": 0.8000000000000028, "x1": 0.9000000000000271, "x2": 2.501550937433418e-14, "x3": 2.077883488545792e-14, "x4": 1.454751771365528, "x5": 8.837660472364337e-14, "x6": 1.1737985066114067, "x7": 4.652625251894551, "x8": 0.9172451529699421, "x9": 2.4753327712030155}, "datetime": {"datetime": "2025-05-13 14:26:35", "elapsed": 2873.089571, "delta": 9.788594}}
{"target": 38.97394266935376, "params": {"x0": 0.800000000000001, "x1": 0.9000000000000254, "x2": 1.4425340320588185e-14, "x3": 5.45306864405853e-15, "x4": 1.4547517713606255, "x5": 4.6130907563902876e-14, "x6": 1.1737985066084624, "x7": 4.652625251408614, "x8": 0.9172451529727372, "x9": 2.475332771195818}, "datetime": {"datetime": "2025-05-13 14:26:43", "elapsed": 2881.942665, "delta": 8.853094}}
{"target": 38.97394266935376, "params": {"x0": 0.8000000000000028, "x1": 0.9000000000000071, "x2": 2.0337306678567357e-14, "x3": 1.7233441941996593e-14, "x4": 1.4547517713636247, "x5": 9.99539379623599e-15, "x6": 1.1737985066007859, "x7": 4.6526252514352375, "x8": 0.9172451529720146, "x9": 2.4753327711921465}, "datetime": {"datetime": "2025-05-13 14:26:53", "elapsed": 2891.859073, "delta": 9.916408}}
{"target": 38.97394266935376, "params": {"x0": 0.8000000000000008, "x1": 0.9000000000000161, "x2": 2.33323729703686e-14, "x3": 2.8218965115963186e-14, "x4": 1.454751771362561, "x5": 6.889678660188879e-14, "x6": 1.1737985066006533, "x7": 4.652625251970556, "x8": 0.9172451529707517, "x9": 2.475332771199898}, "datetime": {"datetime": "2025-05-13 14:27:03", "elapsed": 2901.335235, "delta": 9.476162}}
{"target": 38.97394266935376, "params": {"x0": 0.8000000000000003, "x1": 0.9000000000000544, "x2": 3.011357272519052e-14, "x3": 3.740186348246965e-14, "x4": 1.4547517713642666, "x5": 6.831830363934515e-14, "x6": 1.1737985065986967, "x7": 4.652625252514875, "x8": 0.9172451529701181, "x9": 2.4753327711994793}, "datetime": {"datetime": "2025-05-13 14:27:12", "elapsed": 2910.323403, "delta": 8.988168}}
{"target": 38.97394266935376, "params": {"x0": 0.8, "x1": 0.9000000000000462, "x2": 6.441781730944543e-15, "x3": 1.3905136492811148e-14, "x4": 1.4547517713574574, "x5": 2.5969476675648922e-14, "x6": 1.1737985065908403, "x7": 4.65262525266579, "x8": 0.9172451529716397, "x9": 2.4753327711970745}, "datetime": {"datetime": "2025-05-13 14:27:21", "elapsed": 2919.913369, "delta": 9.589966}}
{"target": 38.97394266935376, "params": {"x0": 0.8000000000000003, "x1": 0.900000000000008, "x2": 2.7044997165399176e-14, "x3": 3.874222831515195e-14, "x4": 1.454751771359279, "x5": 5.291468713130692e-14, "x6": 1.1737985065930565, "x7": 4.652625252859203, "x8": 0.9172451529702343, "x9": 2.4753327711953115}, "datetime": {"datetime": "2025-05-13 14:27:31", "elapsed": 2929.905412, "delta": 9.992043}}
{"target": 38.97394266935376, "params": {"x0": 0.8000000000000015, "x1": 0.9000000000000022, "x2": 1.2041487863355587e-14, "x3": 1.6334590674891155e-14, "x4": 1.4547517713598752, "x5": 1.9406682028790697e-14, "x6": 1.1737985065928016, "x7": 4.652625253623856, "x8": 0.9172451529699324, "x9": 2.475332771199562}, "datetime": {"datetime": "2025-05-13 14:27:41", "elapsed": 2939.05693, "delta": 9.151518}}
{"target": 38.97394266935376, "params": {"x0": 0.8000000000000005, "x1": 0.9000000000000237, "x2": 1.3129311777825307e-14, "x3": 1.7739417958104343e-15, "x4": 1.4547517713613232, "x5": 3.075271010631887e-14, "x6": 1.173798506588868, "x7": 4.652625253224001, "x8": 0.9172451529701351, "x9": 2.475332771199877}, "datetime": {"datetime": "2025-05-13 14:27:50", "elapsed": 2948.577871, "delta": 9.520941}}
{"target": 38.97394266935376, "params": {"x0": 0.8000000000000003, "x1": 0.9000000000000089, "x2": 1.378608484206696e-14, "x3": 1.4878918199896354e-14, "x4": 1.4547517713593858, "x5": 3.709907625492887e-14, "x6": 1.173798506589706, "x7": 4.652625254058222, "x8": 0.9172451529703841, "x9": 2.475332771198208}, "datetime": {"datetime": "2025-05-13 14:28:00", "elapsed": 2958.133971, "delta": 9.5561}}
{"target": 38.97394266935376, "params": {"x0": 0.8000000000000003, "x1": 0.9000000000000258, "x2": 1.2090537152541708e-14, "x3": 9.863365006170435e-17, "x4": 1.4547517713586842, "x5": 3.317423983934168e-14, "x6": 1.1737985065865775, "x7": 4.65262525563433, "x8": 0.9172451529720408, "x9": 2.4753327711954713}, "datetime": {"datetime": "2025-05-13 14:28:09", "elapsed": 2967.540103, "delta": 9.406132}}
{"target": 38.97394266935376, "params": {"x0": 0.8000000000000012, "x1": 0.9000000000000108, "x2": 1.1611441195191315e-14, "x3": 3.347835740700865e-15, "x4": 1.4547517713592901, "x5": 1.6354052423015317e-14, "x6": 1.173798506584067, "x7": 4.652625254223029, "x8": 0.917245152970306, "x9": 2.475332771200745}, "datetime": {"datetime": "2025-05-13 14:28:18", "elapsed": 2976.89847, "delta": 9.358367}}
{"target": 38.97394266935376, "params": {"x0": 0.8000000000000007, "x1": 0.9000000000000149, "x2": 1.4420128290377997e-14, "x3": 2.202311896861184e-14, "x4": 1.4547517713598597, "x5": 2.0317374933538117e-14, "x6": 1.1737985065856784, "x7": 4.652625253878776, "x8": 0.9172451529712845, "x9": 2.4753327711990907}, "datetime": {"datetime": "2025-05-13 14:28:29", "elapsed": 2987.161445, "delta": 10.262975}}
{"target": 38.97394266935376, "params": {"x0": 0.8000000000000003, "x1": 0.9000000000000206, "x2": 7.247989370460281e-15, "x3": 8.897302061141193e-15, "x4": 1.4547517713611264, "x5": 1.5867304186030383e-14, "x6": 1.173798506575147, "x7": 4.652625254124525, "x8": 0.917245152971617, "x9": 2.475332771198855}, "datetime": {"datetime": "2025-05-13 14:28:39", "elapsed": 2997.57725, "delta": 10.415805}}
{"target": 38.97394266935376, "params": {"x0": 0.8000000000000008, "x1": 0.9000000000000096, "x2": 1.339109775781888e-14, "x3": 1.7129172686318857e-14, "x4": 1.454751771359573, "x5": 1.6955694563366925e-14, "x6": 1.1737985065845065, "x7": 4.652625254195631, "x8": 0.9172451529707439, "x9": 2.4753327711990125}, "datetime": {"datetime": "2025-05-13 14:28:49", "elapsed": 3007.789343, "delta": 10.212093}}
{"target": 38.97394266935376, "params": {"x0": 0.8, "x1": 0.9000000000000096, "x2": 6.380737886457575e-15, "x3": 1.3212848557168377e-14, "x4": 1.4547517713613964, "x5": 2.218605771142151e-14, "x6": 1.1737985065792576, "x7": 4.652625254340229, "x8": 0.9172451529705442, "x9": 2.4753327711983397}, "datetime": {"datetime": "2025-05-13 14:28:58", "elapsed": 3016.940235, "delta": 9.150892}}
{"target": 38.97394266935376, "params": {"x0": 0.8000000000000004, "x1": 0.9000000000000028, "x2": 7.261380997558533e-15, "x3": 5.336796386133891e-15, "x4": 1.4547517713595877, "x5": 1.6887016177467288e-14, "x6": 1.1737985065818048, "x7": 4.652625254525771, "x8": 0.9172451529710315, "x9": 2.475332771198338}, "datetime": {"datetime": "2025-05-13 14:29:08", "elapsed": 3026.157797, "delta": 9.217562}}
{"target": 38.97394266935376, "params": {"x0": 0.8000000000000003, "x1": 0.9000000000000159, "x2": 1.1162152166771805e-15, "x3": 2.9146215369609707e-15, "x4": 1.4547517713596156, "x5": 1.4429455636852548e-14, "x6": 1.1737985065820296, "x7": 4.652625254511242, "x8": 0.9172451529711604, "x9": 2.475332771197862}, "datetime": {"datetime": "2025-05-13 14:29:17", "elapsed": 3035.899384, "delta": 9.741587}}
{"target": 38.97394266935376, "params": {"x0": 0.8000000000000002, "x1": 0.9000000000000044, "x2": 8.264099640186239e-15, "x3": 9.191618183770072e-15, "x4": 1.454751771361374, "x5": 2.8412824229928798e-15, "x6": 1.1737985065822965, "x7": 4.652625254501452, "x8": 0.9172451529708321, "x9": 2.475332771198913}, "datetime": {"datetime": "2025-05-13 14:29:27", "elapsed": 3045.735534, "delta": 9.83615}}
{"target": 38.97394266935376, "params": {"x0": 0.8, "x1": 0.900000000000001, "x2": 4.854448766264647e-15, "x3": 4.2047264484840695e-15, "x4": 1.4547517713596807, "x5": 4.488040622462851e-15, "x6": 1.1737985065744423, "x7": 4.652625254982778, "x8": 0.9172451529711889, "x9": 2.4753327711984423}, "datetime": {"datetime": "2025-05-13 14:29:36", "elapsed": 3054.863023, "delta": 9.127489}}
{"target": 38.97394266935376, "params": {"x0": 0.8000000000000002, "x1": 0.900000000000008, "x2": 4.155213945367176e-16, "x3": 1.1665167416650235e-15, "x4": 1.4547517713600118, "x5": 8.028653152381632e-15, "x6": 1.1737985065750278, "x7": 4.652625254679974, "x8": 0.9172451529713336, "x9": 2.4753327711990396}, "datetime": {"datetime": "2025-05-13 14:29:46", "elapsed": 3064.986249, "delta": 10.123226}}
{"target": 38.97394266935376, "params": {"x0": 0.8000000000000002, "x1": 0.9000000000000102, "x2": 4.73982780907327e-15, "x3": 3.16163006590678e-15, "x4": 1.4547517713611269, "x5": 6.736701616889311e-15, "x6": 1.1737985065775678, "x7": 4.65262525473644, "x8": 0.9172451529712194, "x9": 2.4753327711988375}, "datetime": {"datetime": "2025-05-13 14:29:56", "elapsed": 3074.324596, "delta": 9.338347}}
{"target": 38.97394266935376, "params": {"x0": 0.8000000000000003, "x1": 0.9000000000000037, "x2": 2.2210338658262827e-15, "x3": 3.197134816510149e-15, "x4": 1.4547517713604412, "x5": 4.243678226818358e-15, "x6": 1.1737985065783396, "x7": 4.652625254857358, "x8": 0.9172451529714398, "x9": 2.4753327711978828}, "datetime": {"datetime": "2025-05-13 14:30:06", "elapsed": 3084.064783, "delta": 9.740187}}
{"target": 38.97394266935376, "params": {"x0": 0.8000000000000002, "x1": 0.9000000000000025, "x2": 2.8872419756155403e-15, "x3": 3.5299477929239836e-15, "x4": 1.4547517713608467, "x5": 7.52349008637497e-15, "x6": 1.1737985065750252, "x7": 4.652625255291412, "x8": 0.9172451529713286, "x9": 2.4753327711979822}, "datetime": {"datetime": "2025-05-13 14:30:16", "elapsed": 3094.513096, "delta": 10.448313}}
{"target": 38.97394266935376, "params": {"x0": 0.8000000000000003, "x1": 0.9000000000000068, "x2": 4.5133202660021055e-15, "x3": 5.0861798990201616e-15, "x4": 1.4547517713604454, "x5": 2.5907060045034213e-15, "x6": 1.173798506579351, "x7": 4.652625255203863, "x8": 0.9172451529710918, "x9": 2.4753327711985076}, "datetime": {"datetime": "2025-05-13 14:30:26", "elapsed": 3104.282095, "delta": 9.768999}}
{"target": 38.97394266935376, "params": {"x0": 0.8000000000000002, "x1": 0.9000000000000012, "x2": 1.8014223493268784e-15, "x3": 1.2103912566078913e-15, "x4": 1.4547517713603806, "x5": 2.517868299420498e-15, "x6": 1.1737985065778356, "x7": 4.652625254923253, "x8": 0.9172451529711929, "x9": 2.4753327711974302}, "datetime": {"datetime": "2025-05-13 14:30:35", "elapsed": 3113.894183, "delta": 9.612088}}
{"target": 38.97394266935376, "params": {"x0": 0.8000000000000002, "x1": 0.9000000000000044, "x2": 9.091265376864379e-16, "x3": 4.913869926757854e-15, "x4": 1.4547517713605131, "x5": 1.6909455878707834e-15, "x6": 1.1737985065788614, "x7": 4.65262525497813, "x8": 0.9172451529711451, "x9": 2.475332771198033}, "datetime": {"datetime": "2025-05-13 14:30:46", "elapsed": 3124.788949, "delta": 10.894766}}
{"target": 38.97394266935376, "params": {"x0": 0.8, "x1": 0.900000000000005, "x2": 1.7563968842528628e-16, "x3": 1.0663485883067595e-15, "x4": 1.4547517713608713, "x5": 5.797596146151717e-15, "x6": 1.1737985065773586, "x7": 4.652625255137138, "x8": 0.9172451529710675, "x9": 2.47533277119816}, "datetime": {"datetime": "2025-05-13 14:30:56", "elapsed": 3134.489504, "delta": 9.700555}}
