{"target": 38.97394266935376, "params": {"x0": 0.8, "x1": 0.9, "x2": 9.085888615644243e-91, "x3": 2.548111237754149e-90, "x4": 1.454751771360564, "x5": 6.581953634060261e-91, "x6": 1.1737985065771028, "x7": 4.652625255209876, "x8": 0.9172451529711619, "x9": 2.475332771198038}, "datetime": {"datetime": "2025-05-14 11:37:53", "elapsed": 79151.706117, "delta": 124.847014}}
{"target": 38.97394266935376, "params": {"x0": 0.8, "x1": 0.9, "x2": 5.21166027512338e-91, "x3": 2.3768834189512133e-90, "x4": 1.454751771360564, "x5": 2.4251580732724524e-90, "x6": 1.1737985065771028, "x7": 4.652625255209876, "x8": 0.9172451529711619, "x9": 2.475332771198038}, "datetime": {"datetime": "2025-05-14 11:39:09", "elapsed": 79227.382783, "delta": 75.676666}}
{"target": 38.97394266935376, "params": {"x0": 0.8, "x1": 0.9, "x2": 1.6682312945165558e-90, "x3": 2.133496723967854e-90, "x4": 1.454751771360564, "x5": 2.729012656817553e-90, "x6": 1.1737985065771028, "x7": 4.652625255209876, "x8": 0.9172451529711619, "x9": 2.475332771198038}, "datetime": {"datetime": "2025-05-14 11:40:59", "elapsed": 79337.767195, "delta": 110.384412}}
{"target": 38.97394266935376, "params": {"x0": 0.8, "x1": 0.9, "x2": 6.018058820492489e-91, "x3": 8.445946107161612e-91, "x4": 1.454751771360564, "x5": 1.6042102189379295e-90, "x6": 1.1737985065771028, "x7": 4.652625255209876, "x8": 0.9172451529711619, "x9": 2.475332771198038}, "datetime": {"datetime": "2025-05-14 11:42:42", "elapsed": 79440.317277, "delta": 102.550082}}
{"target": 38.97394266935376, "params": {"x0": 0.8, "x1": 0.9, "x2": 1.3291581242215404e-90, "x3": 1.0958704124206877e-90, "x4": 1.454751771360564, "x5": 2.721920057742343e-90, "x6": 1.1737985065771028, "x7": 4.652625255209876, "x8": 0.9172451529711619, "x9": 2.475332771198038}, "datetime": {"datetime": "2025-05-14 11:44:10", "elapsed": 79528.377493, "delta": 88.060216}}
{"target": 38.97394266935376, "params": {"x0": 0.8, "x1": 0.9, "x2": 1.0347193811740655e-90, "x3": 1.3156067376135772e-90, "x4": 1.454751771360564, "x5": 1.4561697249974955e-90, "x6": 1.1737985065771028, "x7": 4.652625255209876, "x8": 0.9172451529711619, "x9": 2.475332771198038}, "datetime": {"datetime": "2025-05-14 11:46:01", "elapsed": 79639.344288, "delta": 110.966795}}
{"target": 38.97394266935376, "params": {"x0": 0.8, "x1": 0.9, "x2": 1.5270354458251217e-92, "x3": 8.670806753177085e-91, "x4": 1.454751771360564, "x5": 2.0949499175416004e-90, "x6": 1.1737985065771028, "x7": 4.652625255209876, "x8": 0.9172451529711619, "x9": 2.475332771198038}, "datetime": {"datetime": "2025-05-14 11:47:26", "elapsed": 79724.072191, "delta": 84.727903}}
{"target": 38.97394266935376, "params": {"x0": 0.8, "x1": 0.9, "x2": 1.3213719195268135e-92, "x3": 7.261046640760343e-91, "x4": 1.454751771360564, "x5": 1.609532116379393e-90, "x6": 1.1737985065771028, "x7": 4.652625255209876, "x8": 0.9172451529711619, "x9": 2.475332771198038}, "datetime": {"datetime": "2025-05-14 11:49:52", "elapsed": 79870.792511, "delta": 146.72032}}
{"target": 38.97394266935376, "params": {"x0": 0.8, "x1": 0.9, "x2": 5.669648402817494e-91, "x3": 1.1570360606825067e-90, "x4": 1.454751771360564, "x5": 1.0434135495884355e-91, "x6": 1.1737985065771028, "x7": 4.652625255209876, "x8": 0.9172451529711619, "x9": 2.475332771198038}, "datetime": {"datetime": "2025-05-14 11:51:45", "elapsed": 79983.054227, "delta": 112.261716}}
{"target": 38.97394266935376, "params": {"x0": 0.8, "x1": 0.9, "x2": 6.309717133295126e-91, "x3": 9.377350743852212e-91, "x4": 1.454751771360564, "x5": 6.028293584070858e-91, "x6": 1.1737985065771028, "x7": 4.652625255209876, "x8": 0.9172451529711619, "x9": 2.475332771198038}, "datetime": {"datetime": "2025-05-14 11:53:09", "elapsed": 80067.202343, "delta": 84.148116}}
{"target": 38.97394266935376, "params": {"x0": 0.8, "x1": 0.9, "x2": 4.53377499673629e-91, "x3": 5.964023497108941e-91, "x4": 1.454751771360564, "x5": 1.4656201684024216e-91, "x6": 1.1737985065771028, "x7": 4.652625255209876, "x8": 0.9172451529711619, "x9": 2.475332771198038}, "datetime": {"datetime": "2025-05-14 11:55:04", "elapsed": 80182.684356, "delta": 115.482013}}
{"target": 38.97394266935376, "params": {"x0": 0.8, "x1": 0.9, "x2": 2.0448732230058126e-91, "x3": 2.947262202701964e-91, "x4": 1.454751771360564, "x5": 1.2679418292511907e-90, "x6": 1.1737985065771028, "x7": 4.652625255209876, "x8": 0.9172451529711619, "x9": 2.475332771198038}, "datetime": {"datetime": "2025-05-14 11:57:43", "elapsed": 80341.141517, "delta": 158.457161}}
{"target": 38.97394266935376, "params": {"x0": 0.8, "x1": 0.9, "x2": 3.6871609760933296e-91, "x3": 8.686841225107021e-91, "x4": 1.454751771360564, "x5": 9.09293324864941e-91, "x6": 1.1737985065771028, "x7": 4.652625255209876, "x8": 0.9172451529711619, "x9": 2.475332771198038}, "datetime": {"datetime": "2025-05-14 11:59:10", "elapsed": 80428.59407, "delta": 87.452553}}
{"target": 38.97394266935376, "params": {"x0": 0.8, "x1": 0.9, "x2": 5.142465226555971e-91, "x3": 3.2250861450245383e-91, "x4": 1.454751771360564, "x5": 5.024680948173407e-91, "x6": 1.1737985065771028, "x7": 4.652625255209876, "x8": 0.9172451529711619, "x9": 2.475332771198038}, "datetime": {"datetime": "2025-05-14 12:00:59", "elapsed": 80537.910348, "delta": 109.316278}}
{"target": 38.97394266935376, "params": {"x0": 0.8, "x1": 0.9, "x2": 4.0601687300393176e-91, "x3": 7.679810355346539e-92, "x4": 1.454751771360564, "x5": 3.059875537017568e-91, "x6": 1.1737985065771028, "x7": 4.652625255209876, "x8": 0.9172451529711619, "x9": 2.475332771198038}, "datetime": {"datetime": "2025-05-14 12:02:40", "elapsed": 80638.785281, "delta": 100.874933}}
{"target": 38.97394266935376, "params": {"x0": 0.8, "x1": 0.9, "x2": 1.755472868676415e-91, "x3": 5.157891216357976e-91, "x4": 1.454751771360564, "x5": 5.452955775289375e-91, "x6": 1.1737985065771028, "x7": 4.652625255209876, "x8": 0.9172451529711619, "x9": 2.475332771198038}, "datetime": {"datetime": "2025-05-14 12:04:39", "elapsed": 80757.39368, "delta": 118.608399}}
{"target": 38.97394266935376, "params": {"x0": 0.8, "x1": 0.9, "x2": 1.2787046619170352e-91, "x3": 2.580302816604793e-91, "x4": 1.454751771360564, "x5": 5.896128927848625e-91, "x6": 1.1737985065771028, "x7": 4.652625255209876, "x8": 0.9172451529711619, "x9": 2.475332771198038}, "datetime": {"datetime": "2025-05-14 12:06:22", "elapsed": 80860.285603, "delta": 102.891923}}
{"target": 38.97394266935376, "params": {"x0": 0.8, "x1": 0.9, "x2": 1.4214051870189843e-92, "x3": 1.947072534013359e-91, "x4": 1.454751771360564, "x5": 2.8376959621551523e-91, "x6": 1.1737985065771028, "x7": 4.652625255209876, "x8": 0.9172451529711619, "x9": 2.475332771198038}, "datetime": {"datetime": "2025-05-14 12:08:07", "elapsed": 80965.065194, "delta": 104.779591}}
{"target": 38.97394266935376, "params": {"x0": 0.8, "x1": 0.9, "x2": 3.088042035197821e-91, "x3": 3.406533358388841e-91, "x4": 1.454751771360564, "x5": 1.0263563994726166e-91, "x6": 1.1737985065771028, "x7": 4.652625255209876, "x8": 0.9172451529711619, "x9": 2.475332771198038}, "datetime": {"datetime": "2025-05-14 12:09:32", "elapsed": 81050.264844, "delta": 85.19965}}
{"target": 38.97394266935376, "params": {"x0": 0.8, "x1": 0.9, "x2": 2.483878401905819e-91, "x3": 2.1816633729706516e-91, "x4": 1.454751771360564, "x5": 9.53747767355012e-92, "x6": 1.1737985065771028, "x7": 4.652625255209876, "x8": 0.9172451529711619, "x9": 2.475332771198038}, "datetime": {"datetime": "2025-05-14 12:11:23", "elapsed": 81161.549508, "delta": 111.284664}}
{"target": 38.97394266935376, "params": {"x0": 0.8, "x1": 0.9, "x2": 2.008415316003148e-91, "x3": 2.4124061908397865e-91, "x4": 1.454751771360564, "x5": 2.072591638929281e-91, "x6": 1.1737985065771028, "x7": 4.652625255209876, "x8": 0.9172451529711619, "x9": 2.475332771198038}, "datetime": {"datetime": "2025-05-14 12:12:57", "elapsed": 81255.867649, "delta": 94.318141}}
{"target": 38.97394266935376, "params": {"x0": 0.8, "x1": 0.9, "x2": 4.6166489136453006e-92, "x3": 3.404862366948672e-92, "x4": 1.454751771360564, "x5": 6.481936647051303e-92, "x6": 1.1737985065771028, "x7": 4.652625255209876, "x8": 0.9172451529711619, "x9": 2.475332771198038}, "datetime": {"datetime": "2025-05-14 12:14:46", "elapsed": 81364.397161, "delta": 108.529512}}
{"target": 38.97394266935376, "params": {"x0": 0.8, "x1": 0.9, "x2": 1.2542010601828437e-91, "x3": 2.445723039897471e-91, "x4": 1.454751771360564, "x5": 1.021487534233162e-92, "x6": 1.1737985065771028, "x7": 4.652625255209876, "x8": 0.9172451529711619, "x9": 2.475332771198038}, "datetime": {"datetime": "2025-05-14 12:16:18", "elapsed": 81456.170433, "delta": 91.773272}}
{"target": 38.97394266935376, "params": {"x0": 0.8, "x1": 0.9, "x2": 1.8727651557509918e-92, "x3": 2.6400052476231514e-91, "x4": 1.454751771360564, "x5": 2.994079794106316e-91, "x6": 1.1737985065771028, "x7": 4.652625255209876, "x8": 0.9172451529711619, "x9": 2.475332771198038}, "datetime": {"datetime": "2025-05-14 12:18:13", "elapsed": 81571.119371, "delta": 114.948938}}
{"target": 38.97394266935376, "params": {"x0": 0.8, "x1": 0.9, "x2": 1.276010253114133e-92, "x3": 2.2803528454874086e-91, "x4": 1.454751771360564, "x5": 8.164025418048406e-92, "x6": 1.1737985065771028, "x7": 4.652625255209876, "x8": 0.9172451529711619, "x9": 2.475332771198038}, "datetime": {"datetime": "2025-05-14 12:20:09", "elapsed": 81687.68927, "delta": 116.569899}}
{"target": 38.97394266935376, "params": {"x0": 0.8, "x1": 0.9, "x2": 1.6304409246191898e-91, "x3": 1.758554060673572e-92, "x4": 1.454751771360564, "x5": 2.0054594675934426e-91, "x6": 1.1737985065771028, "x7": 4.652625255209876, "x8": 0.9172451529711619, "x9": 2.475332771198038}, "datetime": {"datetime": "2025-05-14 12:21:50", "elapsed": 81788.82914, "delta": 101.13987}}
{"target": 38.97394266935376, "params": {"x0": 0.8, "x1": 0.9, "x2": 1.0855504194466014e-91, "x3": 8.734320589675731e-92, "x4": 1.454751771360564, "x5": 1.2937046332391043e-91, "x6": 1.1737985065771028, "x7": 4.652625255209876, "x8": 0.9172451529711619, "x9": 2.475332771198038}, "datetime": {"datetime": "2025-05-14 12:23:37", "elapsed": 81895.457017, "delta": 106.627877}}
{"target": 38.97394266935376, "params": {"x0": 0.8, "x1": 0.9, "x2": 4.622126912352065e-92, "x3": 1.6971954707909722e-91, "x4": 1.454751771360564, "x5": 8.872398428748147e-92, "x6": 1.1737985065771028, "x7": 4.652625255209876, "x8": 0.9172451529711619, "x9": 2.475332771198038}, "datetime": {"datetime": "2025-05-14 12:25:51", "elapsed": 82029.494707, "delta": 134.03769}}
{"target": 38.97394266935376, "params": {"x0": 0.8, "x1": 0.9, "x2": 1.0007581272107326e-91, "x3": 3.433653523262634e-92, "x4": 1.454751771360564, "x5": 6.554934381698886e-92, "x6": 1.1737985065771028, "x7": 4.652625255209876, "x8": 0.9172451529711619, "x9": 2.475332771198038}, "datetime": {"datetime": "2025-05-14 12:27:08", "elapsed": 82106.49189, "delta": 76.997183}}
{"target": 38.97394266935376, "params": {"x0": 0.8, "x1": 0.9, "x2": 6.911884314005105e-92, "x3": 1.1091793209431204e-91, "x4": 1.454751771360564, "x5": 1.65376174724386e-91, "x6": 1.1737985065771028, "x7": 4.652625255209876, "x8": 0.9172451529711619, "x9": 2.475332771198038}, "datetime": {"datetime": "2025-05-14 12:29:15", "elapsed": 82233.015553, "delta": 126.523663}}
{"target": 38.97394266935376, "params": {"x0": 0.8, "x1": 0.9, "x2": 4.032882288044072e-92, "x3": 9.358983601355509e-92, "x4": 1.454751771360564, "x5": 3.7762162383668624e-92, "x6": 1.1737985065771028, "x7": 4.652625255209876, "x8": 0.9172451529711619, "x9": 2.475332771198038}, "datetime": {"datetime": "2025-05-14 12:30:44", "elapsed": 82322.541642, "delta": 89.526089}}
{"target": 38.97394266935376, "params": {"x0": 0.8, "x1": 0.9, "x2": 6.026373647089512e-92, "x3": 1.0316297087853043e-91, "x4": 1.454751771360564, "x5": 1.446696240601934e-91, "x6": 1.1737985065771028, "x7": 4.652625255209876, "x8": 0.9172451529711619, "x9": 2.475332771198038}, "datetime": {"datetime": "2025-05-14 12:32:41", "elapsed": 82439.745696, "delta": 117.204054}}
{"target": 38.97394266935376, "params": {"x0": 0.8, "x1": 0.9, "x2": 7.797551180672423e-92, "x3": 2.2001683846070585e-92, "x4": 1.454751771360564, "x5": 1.4005682056583026e-92, "x6": 1.1737985065771028, "x7": 4.652625255209876, "x8": 0.9172451529711619, "x9": 2.475332771198038}, "datetime": {"datetime": "2025-05-14 12:35:01", "elapsed": 82579.817324, "delta": 140.071628}}
