{"target": 13.843846472249153, "params": {"x0": 0.8, "x1": 0.9, "x2": 0.26907574898684283, "x3": 0.9318021214930281, "x4": 2.2630220850798124, "x5": 0.05134304831704757, "x6": 2.3589688860244493, "x7": 18.94178350511635, "x8": 0.1, "x9": 2.8}, "datetime": {"datetime": "2025-05-13 13:46:26", "elapsed": 464.872624, "delta": 7.882835}}
{"target": 13.594913825012894, "params": {"x0": 0.8, "x1": 0.9, "x2": 0.08676032538183734, "x3": 0.369234841281051, "x4": 1.6366015070090936, "x5": 1.7457238761882101, "x6": 1.6238033817051838, "x7": 19.870941435530384, "x8": 0.1, "x9": 2.5099616372483817}, "datetime": {"datetime": "2025-05-13 13:46:35", "elapsed": 473.185964, "delta": 8.31334}}
{"target": 5.6454348942480275, "params": {"x0": 0.85847561708024, "x1": 0.9, "x2": 0.0, "x3": 0.0, "x4": 0.4122607788363521, "x5": 0.0236990622676055, "x6": 4.3126361248136025, "x7": 20.0, "x8": 0.3767862982032395, "x9": 2.5389654735235436}, "datetime": {"datetime": "2025-05-13 13:46:43", "elapsed": 481.168034, "delta": 7.98207}}
{"target": 14.127290216089216, "params": {"x0": 0.852628055372216, "x1": 0.9, "x2": 0.5943627165740872, "x3": 0.745159179965373, "x4": 1.5744729724736326, "x5": 0.0, "x6": 1.3034876880145398, "x7": 20.0, "x8": 0.3491076683829155, "x9": 2.8}, "datetime": {"datetime": "2025-05-13 13:46:51", "elapsed": 489.523354, "delta": 8.35532}}
{"target": 15.497221834257182, "params": {"x0": 0.8, "x1": 0.9, "x2": 0.0, "x3": 0.8153756633606523, "x4": 0.48094585194808925, "x5": 0.48315465876132047, "x6": 1.7649405520339023, "x7": 18.228808932649255, "x8": 0.1, "x9": 2.8}, "datetime": {"datetime": "2025-05-13 13:46:59", "elapsed": 497.573487, "delta": 8.050133}}
{"target": 17.40802911038549, "params": {"x0": 0.8, "x1": 0.9, "x2": 0.0, "x3": 0.0, "x4": 1.608861420258048, "x5": 0.0, "x6": 1.84747586901536, "x7": 17.856581150448612, "x8": 0.1, "x9": 2.8}, "datetime": {"datetime": "2025-05-13 13:47:07", "elapsed": 505.627755, "delta": 8.054268}}
{"target": 19.200992679666378, "params": {"x0": 0.8, "x1": 0.9, "x2": 0.9654720560857791, "x3": 0.0, "x4": 1.4840146517501287, "x5": 0.0, "x6": 1.4378353663183556, "x7": 16.034675128329933, "x8": 0.1, "x9": 2.8}, "datetime": {"datetime": "2025-05-13 13:47:15", "elapsed": 513.497253, "delta": 7.869498}}
{"target": 17.984006534212444, "params": {"x0": 0.8, "x1": 0.9, "x2": 0.14482080841286693, "x3": 0.0, "x4": 0.6751333904947001, "x5": 0.0, "x6": 0.6240627907053573, "x7": 14.346572608670806, "x8": 0.1, "x9": 2.8}, "datetime": {"datetime": "2025-05-13 13:47:23", "elapsed": 521.41787, "delta": 7.920617}}
{"target": 14.538830613729907, "params": {"x0": 0.8, "x1": 0.9, "x2": 1.7040581789914002, "x3": 0.7811163371715533, "x4": 1.640312703341226, "x5": 0.0, "x6": 0.0, "x7": 14.394959708423123, "x8": 0.1, "x9": 2.8}, "datetime": {"datetime": "2025-05-13 13:47:31", "elapsed": 529.533057, "delta": 8.115187}}
{"target": 16.070673428305504, "params": {"x0": 0.8, "x1": 0.9, "x2": 0.30074454547072027, "x3": 0.0, "x4": 2.0685106678826273, "x5": 0.0, "x6": 2.4986511687151296, "x7": 14.558931250413803, "x8": 0.1, "x9": 2.8}, "datetime": {"datetime": "2025-05-13 13:47:39", "elapsed": 537.493426, "delta": 7.960369}}
{"target": 18.490925986434114, "params": {"x0": 0.8, "x1": 0.9, "x2": 0.3672172965322261, "x3": 0.0, "x4": 0.8943402122949212, "x5": 1.2618013422048557, "x6": 1.3234080338432501, "x7": 15.49564201234772, "x8": 0.1, "x9": 2.8}, "datetime": {"datetime": "2025-05-13 13:47:47", "elapsed": 545.350628, "delta": 7.857202}}
{"target": 18.209265051951494, "params": {"x0": 0.8, "x1": 0.9, "x2": 1.5039013396839769, "x3": 0.0, "x4": 0.953307656240442, "x5": 0.0, "x6": 2.0914267820214176, "x7": 15.063250778250197, "x8": 0.1, "x9": 2.8}, "datetime": {"datetime": "2025-05-13 13:47:55", "elapsed": 553.308501, "delta": 7.957873}}
{"target": 18.64076707623942, "params": {"x0": 0.8, "x1": 0.9, "x2": 0.4808857008474011, "x3": 0.5124904288182561, "x4": 1.0063783557914108, "x5": 0.0, "x6": 1.556601556215868, "x7": 15.604605560533358, "x8": 0.1, "x9": 2.8}, "datetime": {"datetime": "2025-05-13 13:48:03", "elapsed": 561.324996, "delta": 8.016495}}
{"target": 18.28955200213559, "params": {"x0": 0.8, "x1": 0.9, "x2": 0.5293443363712389, "x3": 0.0, "x4": 1.0541419853872824, "x5": 0.0, "x6": 0.783645535132763, "x7": 15.841784817977842, "x8": 0.1, "x9": 2.8}, "datetime": {"datetime": "2025-05-13 13:48:11", "elapsed": 569.298341, "delta": 7.973345}}
{"target": 15.374187930488423, "params": {"x0": 0.8, "x1": 0.9, "x2": 1.3579870038288653, "x3": 0.0, "x4": 1.0971292520235671, "x5": 0.8278678606206059, "x6": 2.1184279339210486, "x7": 16.575715317317528, "x8": 0.1, "x9": 2.8}, "datetime": {"datetime": "2025-05-13 13:48:19", "elapsed": 577.228675, "delta": 7.930334}}
{"target": 19.71343979935877, "params": {"x0": 0.8, "x1": 0.9, "x2": 0.6122086031170015, "x3": 0.0, "x4": 1.8276012590328503, "x5": 0.47906071385184723, "x6": 1.2089268742201484, "x7": 15.250404326106308, "x8": 0.1, "x9": 2.8}, "datetime": {"datetime": "2025-05-13 13:48:27", "elapsed": 585.201783, "delta": 7.973108}}
{"target": 18.895942731745563, "params": {"x0": 0.8, "x1": 0.9, "x2": 0.9124825381404624, "x3": 0.0, "x4": 1.5314034156184715, "x5": 1.1256806452619457, "x6": 1.1884211190350538, "x7": 14.583774144216225, "x8": 0.1, "x9": 2.8}, "datetime": {"datetime": "2025-05-13 13:48:35", "elapsed": 593.098444, "delta": 7.896661}}
{"target": 18.417550843535924, "params": {"x0": 0.8, "x1": 1.175442276842384, "x2": 0.8329060705633062, "x3": 0.0, "x4": 1.5610231999599093, "x5": 0.0, "x6": 1.331410423394583, "x7": 14.937174858096757, "x8": 0.1, "x9": 2.8}, "datetime": {"datetime": "2025-05-13 13:48:43", "elapsed": 601.070733, "delta": 7.972289}}
{"target": 19.91102120476191, "params": {"x0": 0.8, "x1": 0.9, "x2": 0.36898671574799813, "x3": 0.0, "x4": 2.067521512198497, "x5": 0.0, "x6": 1.3676213723512605, "x7": 15.790374773437275, "x8": 0.1, "x9": 2.8}, "datetime": {"datetime": "2025-05-13 13:48:51", "elapsed": 609.237387, "delta": 8.166654}}
{"target": 19.3870838917896, "params": {"x0": 0.8, "x1": 0.9, "x2": 0.16224811148434523, "x3": 0.0, "x4": 1.8635892970076973, "x5": 0.44743289430536937, "x6": 1.5156440356817835, "x7": 15.886653457997506, "x8": 0.1, "x9": 2.8}, "datetime": {"datetime": "2025-05-13 13:48:59", "elapsed": 617.137845, "delta": 7.900458}}
{"target": 20.68834539482706, "params": {"x0": 0.8, "x1": 0.9, "x2": 0.18292197191071052, "x3": 0.0, "x4": 1.8839825185267771, "x5": 0.0, "x6": 1.1246539764643995, "x7": 15.377297381229086, "x8": 0.1, "x9": 2.760820117948591}, "datetime": {"datetime": "2025-05-13 13:49:06", "elapsed": 625.007181, "delta": 7.869336}}
{"target": 20.368217819977094, "params": {"x0": 0.8078991887774831, "x1": 0.9, "x2": 0.02476693964901605, "x3": 0.0, "x4": 2.039990663147739, "x5": 0.0, "x6": 0.76749465392614, "x7": 15.026181597852124, "x8": 0.1, "x9": 2.7941230176922884}, "datetime": {"datetime": "2025-05-13 13:49:14", "elapsed": 632.702327, "delta": 7.695146}}
{"target": 21.52812530769483, "params": {"x0": 0.8, "x1": 0.9, "x2": 0.040582442875185504, "x3": 0.0, "x4": 1.7435751883679114, "x5": 0.0, "x6": 1.3152724328925776, "x7": 15.061293176189821, "x8": 0.13365075217205757, "x9": 2.730847508179264}, "datetime": {"datetime": "2025-05-13 13:49:22", "elapsed": 640.688224, "delta": 7.985897}}
{"target": 21.570219862058618, "params": {"x0": 0.8, "x1": 0.9, "x2": 0.0, "x3": 0.0, "x4": 1.6242289577328755, "x5": 0.2935607219537529, "x6": 1.3076031960378216, "x7": 14.792689601906446, "x8": 0.1622538915183065, "x9": 2.705370789875335}, "datetime": {"datetime": "2025-05-13 13:49:30", "elapsed": 648.48229, "delta": 7.794066}}
{"target": 21.723231655093947, "params": {"x0": 0.8057585086187852, "x1": 0.9, "x2": 0.0, "x3": 0.0, "x4": 1.5048827270978395, "x5": 0.04403410829306295, "x6": 1.525237818644172, "x7": 15.061293176189821, "x8": 0.1908570308645554, "x9": 2.6798940715714066}, "datetime": {"datetime": "2025-05-13 13:49:38", "elapsed": 656.38288, "delta": 7.90059}}
{"target": 22.21229293207901, "params": {"x0": 0.8008637762928178, "x1": 0.9, "x2": 0.0, "x3": 0.0, "x4": 1.6242289577328755, "x5": 0.0, "x6": 1.315014829052574, "x7": 14.873270674191458, "x8": 0.21946017021080433, "x9": 2.654417353267478}, "datetime": {"datetime": "2025-05-13 13:49:46", "elapsed": 664.046684, "delta": 7.663804}}
{"target": 22.152823847377423, "params": {"x0": 0.8, "x1": 0.9, "x2": 0.0, "x3": 0.0, "x4": 1.7077713191774004, "x5": 0.0, "x6": 1.2671033578459723, "x7": 15.004886425590312, "x8": 0.24806330955705325, "x9": 2.6289406349635493}, "datetime": {"datetime": "2025-05-13 13:49:53", "elapsed": 671.932217, "delta": 7.885533}}
{"target": 22.393359775664138, "params": {"x0": 0.8039474576581772, "x1": 0.9, "x2": 0.0, "x3": 0.0, "x4": 1.699417083032948, "x5": 0.0, "x6": 1.4102438289731274, "x7": 14.75481649793249, "x8": 0.24520299562242837, "x9": 2.6314883067939423}, "datetime": {"datetime": "2025-05-13 13:50:01", "elapsed": 679.833645, "delta": 7.901428}}
{"target": 22.43095669653978, "params": {"x0": 0.8065685868187328, "x1": 0.9, "x2": 0.0, "x3": 0.09496551111935665, "x4": 1.6355071765278864, "x5": 0.0, "x6": 1.3151089708009729, "x7": 14.654130448112367, "x8": 0.2670843972223088, "x9": 2.611998617291437}, "datetime": {"datetime": "2025-05-13 13:50:09", "elapsed": 687.591568, "delta": 7.757923}}
{"target": 22.88336440339235, "params": {"x0": 0.8091897159792883, "x1": 0.9, "x2": 0.0, "x3": 0.014244826667903498, "x4": 1.6802441110814295, "x5": 0.0, "x6": 1.2261490086322744, "x7": 14.553444398292244, "x8": 0.28896579882218926, "x9": 2.5925089277889315}, "datetime": {"datetime": "2025-05-13 13:50:17", "elapsed": 695.416741, "delta": 7.825173}}
{"target": 23.214016603127448, "params": {"x0": 0.8065685868187328, "x1": 0.9, "x2": 0.0, "x3": 0.0, "x4": 1.6489282568939492, "x5": 0.0, "x6": 1.2964940130295513, "x7": 14.452758348472122, "x8": 0.3108472004220697, "x9": 2.573019238286426}, "datetime": {"datetime": "2025-05-13 13:50:25", "elapsed": 703.328546, "delta": 7.911805}}
{"target": 23.446598461261623, "params": {"x0": 0.8047337964063439, "x1": 0.9, "x2": 0.0, "x3": 0.0, "x4": 1.627007158962713, "x5": 0.0, "x6": 1.2305412751905238, "x7": 14.352072298651999, "x8": 0.33272860202195015, "x9": 2.5535295487839207}, "datetime": {"datetime": "2025-05-13 13:50:33", "elapsed": 711.089121, "delta": 7.760575}}
{"target": 23.637785929725332, "params": {"x0": 0.8065685868187328, "x1": 0.9, "x2": 0.0, "x3": 0.0, "x4": 1.6489282568939492, "x5": 0.0, "x6": 1.2777404362301756, "x7": 14.251386248831876, "x8": 0.3546100036218306, "x9": 2.5340398592814153}, "datetime": {"datetime": "2025-05-13 13:50:40", "elapsed": 718.744622, "delta": 7.655501}}
{"target": 23.86555123612518, "params": {"x0": 0.8052842335300606, "x1": 0.9, "x2": 0.0, "x3": 0.0, "x4": 1.633583488342084, "x5": 0.0, "x6": 1.2447010235024194, "x7": 14.150700199011753, "x8": 0.37649140522171104, "x9": 2.51455016977891}, "datetime": {"datetime": "2025-05-13 13:50:48", "elapsed": 726.381364, "delta": 7.636742}}
{"target": 24.030107341852045, "params": {"x0": 0.80438518622799, "x1": 0.9, "x2": 0.03848927511609648, "x3": 0.0, "x4": 1.6228421503557782, "x5": 0.0, "x6": 1.2531499063267943, "x7": 14.05001414919163, "x8": 0.3983728068215915, "x9": 2.4950604802764045}, "datetime": {"datetime": "2025-05-13 13:50:56", "elapsed": 734.05091, "delta": 7.669546}}
{"target": 24.33035793703488, "params": {"x0": 0.8034861389259195, "x1": 0.9, "x2": 0.005773391267414475, "x3": 0.0, "x4": 1.6121008123694724, "x5": 0.0, "x6": 1.2727762988352092, "x7": 13.949328099371508, "x8": 0.42025420842147193, "x9": 2.475570790773899}, "datetime": {"datetime": "2025-05-13 13:51:03", "elapsed": 741.782692, "delta": 7.731782}}
{"target": 24.54575615180369, "params": {"x0": 0.8025870916238489, "x1": 0.9, "x2": 0.0, "x3": 0.0, "x4": 1.6013594743831667, "x5": 0.0, "x6": 1.2912381022170023, "x7": 13.848642049551385, "x8": 0.4421356100213524, "x9": 2.4950604802764045}, "datetime": {"datetime": "2025-05-13 13:51:11", "elapsed": 749.386723, "delta": 7.604031}}
{"target": 24.782100223244516, "params": {"x0": 0.8016880443217783, "x1": 0.9, "x2": 0.0, "x3": 0.0, "x4": 1.590618136396861, "x5": 0.0, "x6": 1.2727762988352092, "x7": 13.747955999731262, "x8": 0.4640170116212328, "x9": 2.481417697624651}, "datetime": {"datetime": "2025-05-13 13:51:19", "elapsed": 757.039153, "delta": 7.65243}}
{"target": 24.975122195266895, "params": {"x0": 0.8007889970197077, "x1": 0.9, "x2": 0.0, "x3": 0.0, "x4": 1.5798767984105553, "x5": 0.0, "x6": 1.2856995612024644, "x7": 13.64726994991114, "x8": 0.48589841322111327, "x9": 2.4718677497684234}, "datetime": {"datetime": "2025-05-13 13:51:26", "elapsed": 764.795118, "delta": 7.755965}}
{"target": 25.094492458879326, "params": {"x0": 0.8, "x1": 0.9, "x2": 0.0, "x3": 0.0, "x4": 1.5691354604242496, "x5": 0.040241921645681335, "x6": 1.2766532775453858, "x7": 13.546583900091017, "x8": 0.5077798148209937, "x9": 2.462317801912196}, "datetime": {"datetime": "2025-05-13 13:51:34", "elapsed": 772.500853, "delta": 7.705735}}
{"target": 25.384798415683502, "params": {"x0": 0.8, "x1": 0.9, "x2": 0.0, "x3": 0.0, "x4": 1.5583941224379438, "x5": 0.006036288246852199, "x6": 1.2703208789854308, "x7": 13.445897850270894, "x8": 0.529661216420874, "x9": 2.4527678540559683}, "datetime": {"datetime": "2025-05-13 13:51:42", "elapsed": 780.178539, "delta": 7.677686}}
{"target": 25.574266337399205, "params": {"x0": 0.8, "x1": 0.9, "x2": 0.0, "x3": 0.0, "x4": 1.5691354604242496, "x5": 0.0, "x6": 1.2639884804254757, "x7": 13.345211800450771, "x8": 0.5515426180207544, "x9": 2.4432179061997408}, "datetime": {"datetime": "2025-05-13 13:51:49", "elapsed": 787.806543, "delta": 7.628004}}
{"target": 25.77540242544779, "params": {"x0": 0.8, "x1": 0.9, "x2": 0.0, "x3": 0.0, "x4": 1.5616165238338355, "x5": 0.0, "x6": 1.2576560818655207, "x7": 13.244525750630649, "x8": 0.5734240196206348, "x9": 2.4336679583435132}, "datetime": {"datetime": "2025-05-13 13:51:57", "elapsed": 795.849347, "delta": 8.042804}}
{"target": 25.9441648214482, "params": {"x0": 0.8, "x1": 0.9, "x2": 0.0, "x3": 0.0, "x4": 1.5563532682205456, "x5": 0.0, "x6": 1.2639884804254757, "x7": 13.143839700810526, "x8": 0.5953054212205152, "x9": 2.4241180104872857}, "datetime": {"datetime": "2025-05-13 13:52:05", "elapsed": 803.451033, "delta": 7.601686}}
{"target": 26.144789787040597, "params": {"x0": 0.8, "x1": 0.9, "x2": 0.0, "x3": 0.0, "x4": 1.5510900126072558, "x5": 0.0, "x6": 1.2595558014335073, "x7": 13.043153650990403, "x8": 0.6171868228203956, "x9": 2.4336679583435132}, "datetime": {"datetime": "2025-05-13 13:52:13", "elapsed": 811.186818, "delta": 7.735785}}
{"target": 26.341399877125813, "params": {"x0": 0.8, "x1": 0.9, "x2": 0.0, "x3": 0.0, "x4": 1.5458267569939659, "x5": 0.0, "x6": 1.2564529261391293, "x7": 12.94246760117028, "x8": 0.639068224420276, "x9": 2.426982994844154}, "datetime": {"datetime": "2025-05-13 13:52:20", "elapsed": 818.844628, "delta": 7.65781}}
{"target": 26.518550748732288, "params": {"x0": 0.8, "x1": 0.9, "x2": 0.0, "x3": 0.0, "x4": 1.540563501380676, "x5": 0.0, "x6": 1.2533500508447513, "x7": 12.841781551350158, "x8": 0.6609496260201564, "x9": 2.4223035203946024}, "datetime": {"datetime": "2025-05-13 13:52:28", "elapsed": 826.540261, "delta": 7.695633}}
{"target": 26.722003684565923, "params": {"x0": 0.8, "x1": 0.9, "x2": 0.0, "x3": 0.0, "x4": 1.535300245767386, "x5": 0.0, "x6": 1.2502471755503732, "x7": 12.741095501530035, "x8": 0.6828310276200368, "x9": 2.426982994844154}, "datetime": {"datetime": "2025-05-13 13:52:36", "elapsed": 834.260067, "delta": 7.719806}}
{"target": 26.942394938153466, "params": {"x0": 0.8, "x1": 0.9, "x2": 0.0, "x3": 0.0, "x4": 1.5300369901540962, "x5": 0.0, "x6": 1.2471443002559952, "x7": 12.640409451709912, "x8": 0.7047124292199172, "x9": 2.4302586269588398}, "datetime": {"datetime": "2025-05-13 13:52:43", "elapsed": 841.861939, "delta": 7.601872}}
{"target": 27.176708591129554, "params": {"x0": 0.8, "x1": 0.9, "x2": 0.0, "x3": 0.0, "x4": 1.5247737345408063, "x5": 0.0, "x6": 1.2440414249616172, "x7": 12.53972340188979, "x8": 0.7265938308197976, "x9": 2.4335342590735256}, "datetime": {"datetime": "2025-05-13 13:52:51", "elapsed": 849.593506, "delta": 7.731567}}
{"target": 27.39380811021421, "params": {"x0": 0.8, "x1": 0.9, "x2": 0.0, "x3": 0.0, "x4": 1.5195104789275165, "x5": 0.0, "x6": 1.2409385496672392, "x7": 12.439037352069667, "x8": 0.748475232419678, "x9": 2.4302586269588398}, "datetime": {"datetime": "2025-05-13 13:52:59", "elapsed": 857.333932, "delta": 7.740426}}
{"target": 27.624006613389444, "params": {"x0": 0.8, "x1": 0.9, "x2": 0.0, "x3": 0.0, "x4": 1.5142472233142266, "x5": 0.0, "x6": 1.2378356743728611, "x7": 12.338351302249544, "x8": 0.7703566340195583, "x9": 2.43255156943912}, "datetime": {"datetime": "2025-05-13 13:53:06", "elapsed": 864.99983, "delta": 7.665898}}
{"target": 27.834578389858738, "params": {"x0": 0.8, "x1": 0.9, "x2": 0.0, "x3": 0.0, "x4": 1.5195104789275165, "x5": 0.0, "x6": 1.234732799078483, "x7": 12.237665252429421, "x8": 0.7922380356194387, "x9": 2.434156629175316}, "datetime": {"datetime": "2025-05-13 13:53:14", "elapsed": 872.603411, "delta": 7.603581}}
{"target": 28.04679451539845, "params": {"x0": 0.8, "x1": 0.9, "x2": 0.0, "x3": 0.0, "x4": 1.5158261999982134, "x5": 0.0, "x6": 1.231629923784105, "x7": 12.136979202609298, "x8": 0.8141194372193191, "x9": 2.435761688911512}, "datetime": {"datetime": "2025-05-13 13:53:22", "elapsed": 880.343712, "delta": 7.740301}}
{"target": 28.28080333909034, "params": {"x0": 0.8, "x1": 0.9, "x2": 0.0, "x3": 0.0, "x4": 1.5132472047477015, "x5": 0.0, "x6": 1.228527048489727, "x7": 12.036293152789176, "x8": 0.8360008388191995, "x9": 2.437366748647708}, "datetime": {"datetime": "2025-05-13 13:53:29", "elapsed": 887.989959, "delta": 7.646247}}
{"target": 28.494280632718926, "params": {"x0": 0.8, "x1": 0.9, "x2": 0.0, "x3": 0.0, "x4": 1.5106682094971895, "x5": 0.0, "x6": 1.225424173195349, "x7": 11.935607102969053, "x8": 0.8578822404190799, "x9": 2.4389718083839043}, "datetime": {"datetime": "2025-05-13 13:53:37", "elapsed": 895.919359, "delta": 7.9294}}
{"target": 28.718180686255575, "params": {"x0": 0.8, "x1": 0.9, "x2": 0.0, "x3": 0.0, "x4": 1.5080892142466775, "x5": 0.0, "x6": 1.222321297900971, "x7": 11.83492105314893, "x8": 0.8797636420189603, "x9": 2.4405768681201003}, "datetime": {"datetime": "2025-05-13 13:53:45", "elapsed": 903.533964, "delta": 7.614605}}
{"target": 28.93182590008663, "params": {"x0": 0.8, "x1": 0.9, "x2": 0.0, "x3": 0.0, "x4": 1.5055102189961656, "x5": 0.0, "x6": 1.225424173195349, "x7": 11.734235003328807, "x8": 0.9016450436188407, "x9": 2.4421819278562964}, "datetime": {"datetime": "2025-05-13 13:53:53", "elapsed": 911.138356, "delta": 7.604392}}
{"target": 29.14576176133727, "params": {"x0": 0.8, "x1": 0.9, "x2": 0.0, "x3": 0.0, "x4": 1.5029312237456536, "x5": 0.0, "x6": 1.2232521604892843, "x7": 11.633548953508685, "x8": 0.9235264452187211, "x9": 2.4437869875924925}, "datetime": {"datetime": "2025-05-13 13:54:00", "elapsed": 918.700954, "delta": 7.562598}}
{"target": 29.359743297335836, "params": {"x0": 0.8, "x1": 0.9, "x2": 0.0, "x3": 0.0, "x4": 1.5003522284951416, "x5": 0.0, "x6": 1.221731751595039, "x7": 11.532862903688562, "x8": 0.9454078468186015, "x9": 2.4453920473286885}, "datetime": {"datetime": "2025-05-13 13:54:08", "elapsed": 926.95216, "delta": 8.251206}}
{"target": 29.582768659304744, "params": {"x0": 0.8, "x1": 0.9, "x2": 0.0, "x3": 0.0, "x4": 1.4977732332446296, "x5": 0.0, "x6": 1.2202113427007937, "x7": 11.43217685386844, "x8": 0.9672892484184819, "x9": 2.4469971070648846}, "datetime": {"datetime": "2025-05-13 13:54:16", "elapsed": 934.56292, "delta": 7.61076}}
{"target": 29.809580123978083, "params": {"x0": 0.8, "x1": 0.9, "x2": 0.0, "x3": 0.0, "x4": 1.4951942379941177, "x5": 0.0, "x6": 1.2186909338065484, "x7": 11.331490804048316, "x8": 0.9454078468186015, "x9": 2.4486021668010807}, "datetime": {"datetime": "2025-05-13 13:54:24", "elapsed": 942.11325, "delta": 7.55033}}
{"target": 30.022491639970493, "params": {"x0": 0.8, "x1": 0.9, "x2": 0.0, "x3": 0.0, "x4": 1.4926152427436057, "x5": 0.0, "x6": 1.217170524912303, "x7": 11.230804754228194, "x8": 0.9300908656986852, "x9": 2.4502072265372767}, "datetime": {"datetime": "2025-05-13 13:54:31", "elapsed": 949.776482, "delta": 7.663232}}
{"target": 30.235139904928857, "params": {"x0": 0.8, "x1": 0.9, "x2": 0.0, "x3": 0.0, "x4": 1.4900362474930937, "x5": 0.0, "x6": 1.2156501160180577, "x7": 11.130118704408071, "x8": 0.9454078468186015, "x9": 2.451812286273473}, "datetime": {"datetime": "2025-05-13 13:54:39", "elapsed": 957.64716, "delta": 7.870678}}
{"target": 30.475900352363645, "params": {"x0": 0.8, "x1": 0.9, "x2": 0.0, "x3": 0.0, "x4": 1.4874572522425817, "x5": 0.0, "x6": 1.2141297071238124, "x7": 11.029432654587948, "x8": 0.9561297336025428, "x9": 2.453417346009669}, "datetime": {"datetime": "2025-05-13 13:54:47", "elapsed": 965.375072, "delta": 7.727912}}
{"target": 30.688087662765575, "params": {"x0": 0.8, "x1": 0.9, "x2": 0.0, "x3": 0.0, "x4": 1.4848782569920698, "x5": 0.0, "x6": 1.212609298229567, "x7": 10.928746604767825, "x8": 0.9454078468186015, "x9": 2.455022405745865}, "datetime": {"datetime": "2025-05-13 13:54:54", "elapsed": 972.966457, "delta": 7.591385}}
{"target": 30.899815784539875, "params": {"x0": 0.8, "x1": 0.9, "x2": 0.0, "x3": 0.0, "x4": 1.4822992617415578, "x5": 0.0, "x6": 1.2110888893353218, "x7": 10.828060554947703, "x8": 0.9379025260698425, "x9": 2.456627465482061}, "datetime": {"datetime": "2025-05-13 13:55:02", "elapsed": 980.702175, "delta": 7.735718}}
{"target": 31.11655427333883, "params": {"x0": 0.8, "x1": 0.9, "x2": 0.0, "x3": 0.0, "x4": 1.4797202664910458, "x5": 0.0, "x6": 1.212609298229567, "x7": 10.72737450512758, "x8": 0.9454078468186015, "x9": 2.458232525218257}, "datetime": {"datetime": "2025-05-13 13:55:10", "elapsed": 988.38458, "delta": 7.682405}}
