{"target": 38.97394266935376, "params": {"x0": 0.8, "x1": 0.9, "x2": 8.770960218251003e-56, "x3": 1.4590135870466784e-55, "x4": 1.454751771360564, "x5": 8.302260403823083e-56, "x6": 1.1737985065771028, "x7": 4.652625255209876, "x8": 0.9172451529711619, "x9": 2.475332771198038}, "datetime": {"datetime": "2025-05-13 20:12:19", "elapsed": 23617.96272, "delta": 44.690039}}
{"target": 38.97394266935376, "params": {"x0": 0.8, "x1": 0.9, "x2": 8.806655962548979e-56, "x3": 1.2778666805985398e-55, "x4": 1.454751771360564, "x5": 7.431460896714872e-57, "x6": 1.1737985065771028, "x7": 4.652625255209876, "x8": 0.9172451529711619, "x9": 2.475332771198038}, "datetime": {"datetime": "2025-05-13 20:12:56", "elapsed": 23654.531917, "delta": 36.569197}}
{"target": 38.97394266935376, "params": {"x0": 0.8, "x1": 0.9, "x2": 7.853423806795018e-58, "x3": 1.0724895035935061e-55, "x4": 1.454751771360564, "x5": 1.8626718762857087e-55, "x6": 1.1737985065771028, "x7": 4.652625255209876, "x8": 0.9172451529711619, "x9": 2.475332771198038}, "datetime": {"datetime": "2025-05-13 20:13:41", "elapsed": 23699.159574, "delta": 44.627657}}
{"target": 38.97394266935376, "params": {"x0": 0.8, "x1": 0.9, "x2": 1.8549867844847695e-56, "x3": 4.739762900283034e-56, "x4": 1.454751771360564, "x5": 1.0797699036733162e-55, "x6": 1.1737985065771028, "x7": 4.652625255209876, "x8": 0.9172451529711619, "x9": 2.475332771198038}, "datetime": {"datetime": "2025-05-13 20:14:20", "elapsed": 23738.700796, "delta": 39.541222}}
{"target": 38.97394266935376, "params": {"x0": 0.8, "x1": 0.9, "x2": 2.5830384109330935e-56, "x3": 1.4755652981491557e-56, "x4": 1.454751771360564, "x5": 8.1580701497238e-56, "x6": 1.1737985065771028, "x7": 4.652625255209876, "x8": 0.9172451529711619, "x9": 2.475332771198038}, "datetime": {"datetime": "2025-05-13 20:14:56", "elapsed": 23774.402001, "delta": 35.701205}}
{"target": 38.97394266935376, "params": {"x0": 0.8, "x1": 0.9, "x2": 6.376638851123554e-56, "x3": 8.736727742793767e-56, "x4": 1.454751771360564, "x5": 2.105283224061274e-56, "x6": 1.1737985065771028, "x7": 4.652625255209876, "x8": 0.9172451529711619, "x9": 2.475332771198038}, "datetime": {"datetime": "2025-05-13 20:15:39", "elapsed": 23817.531245, "delta": 43.129244}}
{"target": 38.97394266935376, "params": {"x0": 0.8, "x1": 0.9, "x2": 1.5309160760155849e-56, "x3": 5.731930342873671e-56, "x4": 1.454751771360564, "x5": 1.005586775044875e-55, "x6": 1.1737985065771028, "x7": 4.652625255209876, "x8": 0.9172451529711619, "x9": 2.475332771198038}, "datetime": {"datetime": "2025-05-13 20:16:19", "elapsed": 23857.508355, "delta": 39.97711}}
{"target": 38.97394266935376, "params": {"x0": 0.8, "x1": 0.9, "x2": 4.367489748297156e-56, "x3": 7.55744764292729e-56, "x4": 1.454751771360564, "x5": 7.73323250326199e-56, "x6": 1.1737985065771028, "x7": 4.652625255209876, "x8": 0.9172451529711619, "x9": 2.475332771198038}, "datetime": {"datetime": "2025-05-13 20:17:10", "elapsed": 23908.97682, "delta": 51.468465}}
{"target": 38.97394266935376, "params": {"x0": 0.8, "x1": 0.9, "x2": 3.625914445613526e-56, "x3": 8.174490127745403e-56, "x4": 1.454751771360564, "x5": 5.6372239222082e-56, "x6": 1.1737985065771028, "x7": 4.652625255209876, "x8": 0.9172451529711619, "x9": 2.475332771198038}, "datetime": {"datetime": "2025-05-13 20:17:45", "elapsed": 23943.025967, "delta": 34.049147}}
{"target": 38.97394266935376, "params": {"x0": 0.8, "x1": 0.9, "x2": 2.2586192414317737e-56, "x3": 7.4257472187248195e-56, "x4": 1.454751771360564, "x5": 2.6946374045034927e-56, "x6": 1.1737985065771028, "x7": 4.652625255209876, "x8": 0.9172451529711619, "x9": 2.475332771198038}, "datetime": {"datetime": "2025-05-13 20:18:16", "elapsed": 23974.167477, "delta": 31.14151}}
{"target": 38.97394266935376, "params": {"x0": 0.8, "x1": 0.9, "x2": 5.044898792529097e-56, "x3": 5.190137235974024e-56, "x4": 1.454751771360564, "x5": 2.5122867362823992e-56, "x6": 1.1737985065771028, "x7": 4.652625255209876, "x8": 0.9172451529711619, "x9": 2.475332771198038}, "datetime": {"datetime": "2025-05-13 20:18:58", "elapsed": 24016.9022, "delta": 42.734723}}
{"target": 38.97394266935376, "params": {"x0": 0.8, "x1": 0.9, "x2": 3.1489539505780317e-56, "x3": 1.88211059540795e-56, "x4": 1.454751771360564, "x5": 8.471558177872843e-57, "x6": 1.1737985065771028, "x7": 4.652625255209876, "x8": 0.9172451529711619, "x9": 2.475332771198038}, "datetime": {"datetime": "2025-05-13 20:19:44", "elapsed": 24062.183971, "delta": 45.281771}}
{"target": 38.97394266935376, "params": {"x0": 0.8, "x1": 0.9, "x2": 1.5948459293220487e-56, "x3": 3.741393186785303e-56, "x4": 1.454751771360564, "x5": 3.750182730097397e-57, "x6": 1.1737985065771028, "x7": 4.652625255209876, "x8": 0.9172451529711619, "x9": 2.475332771198038}, "datetime": {"datetime": "2025-05-13 20:20:27", "elapsed": 24105.876175, "delta": 43.692204}}
{"target": 38.97394266935376, "params": {"x0": 0.8, "x1": 0.9, "x2": 3.164105343507489e-56, "x3": 1.0081063534902602e-57, "x4": 1.454751771360564, "x5": 1.1980778363971958e-56, "x6": 1.1737985065771028, "x7": 4.652625255209876, "x8": 0.9172451529711619, "x9": 2.475332771198038}, "datetime": {"datetime": "2025-05-13 20:21:11", "elapsed": 24149.664602, "delta": 43.788427}}
{"target": 38.97394266935376, "params": {"x0": 0.8, "x1": 0.9, "x2": 1.8257508748219126e-56, "x3": 4.53118121997125e-56, "x4": 1.454751771360564, "x5": 3.9706633471142575e-56, "x6": 1.1737985065771028, "x7": 4.652625255209876, "x8": 0.9172451529711619, "x9": 2.475332771198038}, "datetime": {"datetime": "2025-05-13 20:21:53", "elapsed": 24191.150358, "delta": 41.485756}}
{"target": 38.97394266935376, "params": {"x0": 0.8, "x1": 0.9, "x2": 1.4027519850295685e-56, "x3": 2.986664682639673e-56, "x4": 1.454751771360564, "x5": 5.13799255115479e-56, "x6": 1.1737985065771028, "x7": 4.652625255209876, "x8": 0.9172451529711619, "x9": 2.475332771198038}, "datetime": {"datetime": "2025-05-13 20:22:47", "elapsed": 24245.821478, "delta": 54.67112}}
{"target": 38.97394266935376, "params": {"x0": 0.8, "x1": 0.9, "x2": 2.7726151540278317e-56, "x3": 1.1871898015516517e-56, "x4": 1.454751771360564, "x5": 2.7944334796213995e-56, "x6": 1.1737985065771028, "x7": 4.652625255209876, "x8": 0.9172451529711619, "x9": 2.475332771198038}, "datetime": {"datetime": "2025-05-13 20:23:26", "elapsed": 24284.037491, "delta": 38.216013}}
{"target": 38.97394266935376, "params": {"x0": 0.8, "x1": 0.9, "x2": 8.640778859431088e-57, "x3": 1.995111061177838e-56, "x4": 1.454751771360564, "x5": 6.046803530649554e-57, "x6": 1.1737985065771028, "x7": 4.652625255209876, "x8": 0.9172451529711619, "x9": 2.475332771198038}, "datetime": {"datetime": "2025-05-13 20:24:19", "elapsed": 24337.93162, "delta": 53.894129}}
{"target": 38.97394266935376, "params": {"x0": 0.8, "x1": 0.9, "x2": 1.860743886203681e-56, "x3": 2.504130601711753e-56, "x4": 1.454751771360564, "x5": 2.48726953849676e-56, "x6": 1.1737985065771028, "x7": 4.652625255209876, "x8": 0.9172451529711619, "x9": 2.475332771198038}, "datetime": {"datetime": "2025-05-13 20:25:05", "elapsed": 24383.550477, "delta": 45.618857}}
{"target": 38.97394266935376, "params": {"x0": 0.8, "x1": 0.9, "x2": 1.2364015534563748e-57, "x3": 1.6417346977645186e-56, "x4": 1.454751771360564, "x5": 2.2545270426178076e-56, "x6": 1.1737985065771028, "x7": 4.652625255209876, "x8": 0.9172451529711619, "x9": 2.475332771198038}, "datetime": {"datetime": "2025-05-13 20:26:04", "elapsed": 24442.060712, "delta": 58.510235}}
{"target": 38.97394266935376, "params": {"x0": 0.8, "x1": 0.9, "x2": 3.635699683186512e-57, "x3": 2.493833921619661e-57, "x4": 1.454751771360564, "x5": 2.274940462526654e-56, "x6": 1.1737985065771028, "x7": 4.652625255209876, "x8": 0.9172451529711619, "x9": 2.475332771198038}, "datetime": {"datetime": "2025-05-13 20:26:52", "elapsed": 24490.474484, "delta": 48.413772}}
{"target": 38.97394266935376, "params": {"x0": 0.8, "x1": 0.9, "x2": 1.2519509130938232e-56, "x3": 6.170737462884493e-57, "x4": 1.454751771360564, "x5": 2.658781690472549e-56, "x6": 1.1737985065771028, "x7": 4.652625255209876, "x8": 0.9172451529711619, "x9": 2.475332771198038}, "datetime": {"datetime": "2025-05-13 20:27:53", "elapsed": 24551.519926, "delta": 61.045442}}
{"target": 38.97394266935376, "params": {"x0": 0.8, "x1": 0.9, "x2": 9.546705953872298e-57, "x3": 1.036104512371188e-56, "x4": 1.454751771360564, "x5": 1.2213342896748094e-56, "x6": 1.1737985065771028, "x7": 4.652625255209876, "x8": 0.9172451529711619, "x9": 2.475332771198038}, "datetime": {"datetime": "2025-05-13 20:28:42", "elapsed": 24600.707177, "delta": 49.187251}}
{"target": 38.97394266935376, "params": {"x0": 0.8, "x1": 0.9, "x2": 8.029892721164626e-57, "x3": 8.37852283396715e-57, "x4": 1.454751771360564, "x5": 4.138952455766388e-57, "x6": 1.1737985065771028, "x7": 4.652625255209876, "x8": 0.9172451529711619, "x9": 2.475332771198038}, "datetime": {"datetime": "2025-05-13 20:29:31", "elapsed": 24649.937027, "delta": 49.22985}}
{"target": 38.97394266935376, "params": {"x0": 0.8, "x1": 0.9, "x2": 1.0893760090774802e-56, "x3": 1.3730606483724918e-56, "x4": 1.454751771360564, "x5": 1.8362288841901813e-56, "x6": 1.1737985065771028, "x7": 4.652625255209876, "x8": 0.9172451529711619, "x9": 2.475332771198038}, "datetime": {"datetime": "2025-05-13 20:30:08", "elapsed": 24686.221602, "delta": 36.284575}}
{"target": 38.97394266935376, "params": {"x0": 0.8, "x1": 0.9, "x2": 3.923575427619781e-57, "x3": 7.613668382042997e-57, "x4": 1.454751771360564, "x5": 9.515086270202273e-57, "x6": 1.1737985065771028, "x7": 4.652625255209876, "x8": 0.9172451529711619, "x9": 2.475332771198038}, "datetime": {"datetime": "2025-05-13 20:30:47", "elapsed": 24725.366047, "delta": 39.144445}}
{"target": 38.97394266935376, "params": {"x0": 0.8, "x1": 0.9, "x2": 2.8883589631925464e-57, "x3": 5.449916639389928e-57, "x4": 1.454751771360564, "x5": 1.0112980469421955e-56, "x6": 1.1737985065771028, "x7": 4.652625255209876, "x8": 0.9172451529711619, "x9": 2.475332771198038}, "datetime": {"datetime": "2025-05-13 20:31:28", "elapsed": 24766.204765, "delta": 40.838718}}
{"target": 38.97394266935376, "params": {"x0": 0.8, "x1": 0.9, "x2": 7.50143961302827e-57, "x3": 6.523118893879774e-57, "x4": 1.454751771360564, "x5": 7.846081662638263e-57, "x6": 1.1737985065771028, "x7": 4.652625255209876, "x8": 0.9172451529711619, "x9": 2.475332771198038}, "datetime": {"datetime": "2025-05-13 20:32:10", "elapsed": 24808.905447, "delta": 42.700682}}
{"target": 38.97394266935376, "params": {"x0": 0.8, "x1": 0.9, "x2": 1.821710779705354e-57, "x3": 3.2297864207101203e-57, "x4": 1.454751771360564, "x5": 9.033780512364466e-57, "x6": 1.1737985065771028, "x7": 4.652625255209876, "x8": 0.9172451529711619, "x9": 2.475332771198038}, "datetime": {"datetime": "2025-05-13 20:32:47", "elapsed": 24845.017957, "delta": 36.11251}}
{"target": 38.97394266935376, "params": {"x0": 0.8, "x1": 0.9, "x2": 4.5307038605356463e-57, "x3": 9.499489077767571e-57, "x4": 1.454751771360564, "x5": 1.679016573187021e-57, "x6": 1.1737985065771028, "x7": 4.652625255209876, "x8": 0.9172451529711619, "x9": 2.475332771198038}, "datetime": {"datetime": "2025-05-13 20:33:25", "elapsed": 24883.810252, "delta": 38.792295}}
{"target": 38.97394266935376, "params": {"x0": 0.8, "x1": 0.9, "x2": 2.4922564471200877e-57, "x3": 6.966129592543843e-59, "x4": 1.454751771360564, "x5": 1.0983273756260167e-56, "x6": 1.1737985065771028, "x7": 4.652625255209876, "x8": 0.9172451529711619, "x9": 2.475332771198038}, "datetime": {"datetime": "2025-05-13 20:34:12", "elapsed": 24930.635098, "delta": 46.824846}}
{"target": 38.97394266935376, "params": {"x0": 0.8, "x1": 0.9, "x2": 1.7404111724215706e-57, "x3": 3.605491002209631e-57, "x4": 1.454751771360564, "x5": 2.1382579895063096e-57, "x6": 1.1737985065771028, "x7": 4.652625255209876, "x8": 0.9172451529711619, "x9": 2.475332771198038}, "datetime": {"datetime": "2025-05-13 20:35:03", "elapsed": 24981.680048, "delta": 51.04495}}
{"target": 38.97394266935376, "params": {"x0": 0.8, "x1": 0.9, "x2": 1.3833183346556718e-57, "x3": 1.6617787483917083e-57, "x4": 1.454751771360564, "x5": 3.7398198333376736e-57, "x6": 1.1737985065771028, "x7": 4.652625255209876, "x8": 0.9172451529711619, "x9": 2.475332771198038}, "datetime": {"datetime": "2025-05-13 20:35:47", "elapsed": 25025.668727, "delta": 43.988679}}
{"target": 38.97394266935376, "params": {"x0": 0.8, "x1": 0.9, "x2": 3.03044653744622e-57, "x3": 5.486513520291638e-57, "x4": 1.454751771360564, "x5": 1.7449372465163794e-57, "x6": 1.1737985065771028, "x7": 4.652625255209876, "x8": 0.9172451529711619, "x9": 2.475332771198038}, "datetime": {"datetime": "2025-05-13 20:36:29", "elapsed": 25067.032855, "delta": 41.364128}}
{"target": 38.97394266935376, "params": {"x0": 0.8, "x1": 0.9, "x2": 1.1455395532483206e-57, "x3": 3.374537572780223e-57, "x4": 1.454751771360564, "x5": 5.60203213090183e-57, "x6": 1.1737985065771028, "x7": 4.652625255209876, "x8": 0.9172451529711619, "x9": 2.475332771198038}, "datetime": {"datetime": "2025-05-13 20:37:03", "elapsed": 25101.966155, "delta": 34.9333}}
{"target": 38.97394266935376, "params": {"x0": 0.8, "x1": 0.9, "x2": 5.247297630539776e-58, "x3": 1.1203977779221256e-57, "x4": 1.454751771360564, "x5": 3.421613737718202e-57, "x6": 1.1737985065771028, "x7": 4.652625255209876, "x8": 0.9172451529711619, "x9": 2.475332771198038}, "datetime": {"datetime": "2025-05-13 20:38:05", "elapsed": 25163.809063, "delta": 61.842908}}
{"target": 38.97394266935376, "params": {"x0": 0.8, "x1": 0.9, "x2": 1.2581672402403387e-57, "x3": 3.102603317540543e-57, "x4": 1.454751771360564, "x5": 2.2708426652217077e-57, "x6": 1.1737985065771028, "x7": 4.652625255209876, "x8": 0.9172451529711619, "x9": 2.475332771198038}, "datetime": {"datetime": "2025-05-13 20:38:57", "elapsed": 25215.733937, "delta": 51.924874}}
{"target": 38.97394266935376, "params": {"x0": 0.8, "x1": 0.9, "x2": 4.812665286564848e-58, "x3": 3.430301191482877e-57, "x4": 1.454751771360564, "x5": 1.5064053149954527e-57, "x6": 1.1737985065771028, "x7": 4.652625255209876, "x8": 0.9172451529711619, "x9": 2.475332771198038}, "datetime": {"datetime": "2025-05-13 20:39:34", "elapsed": 25252.110108, "delta": 36.376171}}
{"target": 38.97394266935376, "params": {"x0": 0.8, "x1": 0.9, "x2": 5.372182812588557e-58, "x3": 1.3412577261477652e-57, "x4": 1.454751771360564, "x5": 1.4945738288086004e-57, "x6": 1.1737985065771028, "x7": 4.652625255209876, "x8": 0.9172451529711619, "x9": 2.475332771198038}, "datetime": {"datetime": "2025-05-13 20:40:25", "elapsed": 25303.914633, "delta": 51.804525}}
{"target": 38.97394266935376, "params": {"x0": 0.8, "x1": 0.9, "x2": 1.2001630416011944e-57, "x3": 2.2436867876799366e-57, "x4": 1.454751771360564, "x5": 2.2447474899552204e-57, "x6": 1.1737985065771028, "x7": 4.652625255209876, "x8": 0.9172451529711619, "x9": 2.475332771198038}, "datetime": {"datetime": "2025-05-13 20:41:18", "elapsed": 25356.092335, "delta": 52.177702}}
{"target": 38.97394266935376, "params": {"x0": 0.8, "x1": 0.9, "x2": 6.458615305725479e-58, "x3": 2.920151616839366e-57, "x4": 1.454751771360564, "x5": 3.1838744808981385e-58, "x6": 1.1737985065771028, "x7": 4.652625255209876, "x8": 0.9172451529711619, "x9": 2.475332771198038}, "datetime": {"datetime": "2025-05-13 20:41:59", "elapsed": 25397.34122, "delta": 41.248885}}
{"target": 38.97394266935376, "params": {"x0": 0.8, "x1": 0.9, "x2": 1.0083727125060194e-57, "x3": 1.7887156324014116e-57, "x4": 1.454751771360564, "x5": 2.0793578864063573e-57, "x6": 1.1737985065771028, "x7": 4.652625255209876, "x8": 0.9172451529711619, "x9": 2.475332771198038}, "datetime": {"datetime": "2025-05-13 20:42:45", "elapsed": 25443.292344, "delta": 45.951124}}
{"target": 38.97394266935376, "params": {"x0": 0.8, "x1": 0.9, "x2": 9.003196827689854e-58, "x3": 1.1516018196654716e-57, "x4": 1.454751771360564, "x5": 1.9299525520871736e-57, "x6": 1.1737985065771028, "x7": 4.652625255209876, "x8": 0.9172451529711619, "x9": 2.475332771198038}, "datetime": {"datetime": "2025-05-13 20:43:27", "elapsed": 25485.161078, "delta": 41.868734}}
{"target": 38.97394266935376, "params": {"x0": 0.8, "x1": 0.9, "x2": 5.1244966586295204e-58, "x3": 1.0969260910395485e-57, "x4": 1.454751771360564, "x5": 1.522210125099315e-57, "x6": 1.1737985065771028, "x7": 4.652625255209876, "x8": 0.9172451529711619, "x9": 2.475332771198038}, "datetime": {"datetime": "2025-05-13 20:44:23", "elapsed": 25541.474118, "delta": 56.31304}}
{"target": 38.97394266935376, "params": {"x0": 0.8, "x1": 0.9, "x2": 1.674671698779392e-58, "x3": 1.9530149453959558e-57, "x4": 1.454751771360564, "x5": 1.8998026115766658e-60, "x6": 1.1737985065771028, "x7": 4.652625255209876, "x8": 0.9172451529711619, "x9": 2.475332771198038}, "datetime": {"datetime": "2025-05-13 20:45:09", "elapsed": 25587.076621, "delta": 45.602503}}
{"target": 38.97394266935376, "params": {"x0": 0.8, "x1": 0.9, "x2": 1.0952389530082116e-57, "x3": 1.2270752049524655e-57, "x4": 1.454751771360564, "x5": 1.9360729790262057e-57, "x6": 1.1737985065771028, "x7": 4.652625255209876, "x8": 0.9172451529711619, "x9": 2.475332771198038}, "datetime": {"datetime": "2025-05-13 20:45:50", "elapsed": 25628.24906, "delta": 41.172439}}
{"target": 38.97394266935376, "params": {"x0": 0.8, "x1": 0.9, "x2": 3.9011355378683812e-59, "x3": 1.1310122959002715e-57, "x4": 1.454751771360564, "x5": 1.0121393599337028e-57, "x6": 1.1737985065771028, "x7": 4.652625255209876, "x8": 0.9172451529711619, "x9": 2.475332771198038}, "datetime": {"datetime": "2025-05-13 20:46:35", "elapsed": 25674.0007, "delta": 45.75164}}
{"target": 38.97394266935376, "params": {"x0": 0.8, "x1": 0.9, "x2": 9.176973865608428e-58, "x3": 2.6873185108773046e-59, "x4": 1.454751771360564, "x5": 1.1540342758449422e-57, "x6": 1.1737985065771028, "x7": 4.652625255209876, "x8": 0.9172451529711619, "x9": 2.475332771198038}, "datetime": {"datetime": "2025-05-13 20:47:29", "elapsed": 25727.223986, "delta": 53.223286}}
{"target": 38.97394266935376, "params": {"x0": 0.8, "x1": 0.9, "x2": 4.435449136178542e-58, "x3": 3.296234043659463e-58, "x4": 1.454751771360564, "x5": 7.990729612962545e-58, "x6": 1.1737985065771028, "x7": 4.652625255209876, "x8": 0.9172451529711619, "x9": 2.475332771198038}, "datetime": {"datetime": "2025-05-13 20:48:18", "elapsed": 25776.124799, "delta": 48.900813}}
{"target": 38.97394266935376, "params": {"x0": 0.8, "x1": 0.9, "x2": 3.0819322996794024e-58, "x3": 1.049696255349801e-57, "x4": 1.454751771360564, "x5": 5.942193052450939e-58, "x6": 1.1737985065771028, "x7": 4.652625255209876, "x8": 0.9172451529711619, "x9": 2.475332771198038}, "datetime": {"datetime": "2025-05-13 20:49:12", "elapsed": 25830.22392, "delta": 54.099121}}
{"target": 38.97394266935376, "params": {"x0": 0.8, "x1": 0.9, "x2": 1.797360663434057e-58, "x3": 8.18199854959567e-58, "x4": 1.454751771360564, "x5": 4.333760856380009e-58, "x6": 1.1737985065771028, "x7": 4.652625255209876, "x8": 0.9172451529711619, "x9": 2.475332771198038}, "datetime": {"datetime": "2025-05-13 20:50:01", "elapsed": 25879.437015, "delta": 49.213095}}
{"target": 38.97394266935376, "params": {"x0": 0.8, "x1": 0.9, "x2": 1.342257421333218e-58, "x3": 6.095232212846926e-58, "x4": 1.454751771360564, "x5": 2.8315209879927363e-58, "x6": 1.1737985065771028, "x7": 4.652625255209876, "x8": 0.9172451529711619, "x9": 2.475332771198038}, "datetime": {"datetime": "2025-05-13 20:51:10", "elapsed": 25948.467113, "delta": 69.030098}}
{"target": 38.97394266935376, "params": {"x0": 0.8, "x1": 0.9, "x2": 5.435545489019657e-59, "x3": 5.070641478347663e-58, "x4": 1.454751771360564, "x5": 3.561407557266886e-58, "x6": 1.1737985065771028, "x7": 4.652625255209876, "x8": 0.9172451529711619, "x9": 2.475332771198038}, "datetime": {"datetime": "2025-05-13 20:51:55", "elapsed": 25993.18948, "delta": 44.722367}}
{"target": 38.97394266935376, "params": {"x0": 0.8, "x1": 0.9, "x2": 3.7321995932629706e-59, "x3": 6.987326706800031e-58, "x4": 1.454751771360564, "x5": 3.4296505839568155e-58, "x6": 1.1737985065771028, "x7": 4.652625255209876, "x8": 0.9172451529711619, "x9": 2.475332771198038}, "datetime": {"datetime": "2025-05-13 20:52:49", "elapsed": 26047.139417, "delta": 53.949937}}
{"target": 38.97394266935376, "params": {"x0": 0.8, "x1": 0.9, "x2": 3.2174201034105374e-58, "x3": 1.0825098376531836e-58, "x4": 1.454751771360564, "x5": 9.01442329023797e-58, "x6": 1.1737985065771028, "x7": 4.652625255209876, "x8": 0.9172451529711619, "x9": 2.475332771198038}, "datetime": {"datetime": "2025-05-13 20:53:29", "elapsed": 26087.356413, "delta": 40.216996}}
{"target": 38.97394266935376, "params": {"x0": 0.8, "x1": 0.9, "x2": 1.118049221591974e-58, "x3": 4.799727769671823e-58, "x4": 1.454751771360564, "x5": 2.999113548279679e-59, "x6": 1.1737985065771028, "x7": 4.652625255209876, "x8": 0.9172451529711619, "x9": 2.475332771198038}, "datetime": {"datetime": "2025-05-13 20:54:12", "elapsed": 26130.998524, "delta": 43.642111}}
{"target": 38.97394266935376, "params": {"x0": 0.8, "x1": 0.9, "x2": 8.196905911274049e-59, "x3": 3.6750864836721836e-58, "x4": 1.454751771360564, "x5": 8.147876117701085e-59, "x6": 1.1737985065771028, "x7": 4.652625255209876, "x8": 0.9172451529711619, "x9": 2.475332771198038}, "datetime": {"datetime": "2025-05-13 20:54:57", "elapsed": 26175.930478, "delta": 44.931954}}
{"target": 38.97394266935376, "params": {"x0": 0.8, "x1": 0.9, "x2": 2.6957367059684312e-58, "x3": 1.2171934629037208e-58, "x4": 1.454751771360564, "x5": 1.8604681167403424e-58, "x6": 1.1737985065771028, "x7": 4.652625255209876, "x8": 0.9172451529711619, "x9": 2.475332771198038}, "datetime": {"datetime": "2025-05-13 20:55:44", "elapsed": 26222.831301, "delta": 46.900823}}
{"target": 38.97394266935376, "params": {"x0": 0.8, "x1": 0.9, "x2": 2.492694332101932e-58, "x3": 3.188159214657025e-58, "x4": 1.454751771360564, "x5": 5.5292984718312155e-59, "x6": 1.1737985065771028, "x7": 4.652625255209876, "x8": 0.9172451529711619, "x9": 2.475332771198038}, "datetime": {"datetime": "2025-05-13 20:56:26", "elapsed": 26264.161421, "delta": 41.33012}}
