{"target": 38.97394266935376, "params": {"x0": 0.8, "x1": 0.9, "x2": 3.511759535856755e-69, "x3": 1.0983555004453381e-69, "x4": 1.454751771360564, "x5": 5.924494370123497e-69, "x6": 1.1737985065771028, "x7": 4.652625255209876, "x8": 0.9172451529711619, "x9": 2.475332771198038}, "datetime": {"datetime": "2025-05-14 00:30:40", "elapsed": 39118.913721, "delta": 75.171819}}
{"target": 38.97394266935376, "params": {"x0": 0.8, "x1": 0.9, "x2": 4.2182823963750113e-69, "x3": 1.6182243511528444e-69, "x4": 1.454751771360564, "x5": 6.812478056036889e-69, "x6": 1.1737985065771028, "x7": 4.652625255209876, "x8": 0.9172451529711619, "x9": 2.475332771198038}, "datetime": {"datetime": "2025-05-14 00:31:35", "elapsed": 39173.977217, "delta": 55.063496}}
{"target": 38.97394266935376, "params": {"x0": 0.8, "x1": 0.9, "x2": 2.4790531180407776e-69, "x3": 2.178340447079871e-69, "x4": 1.454751771360564, "x5": 1.9750857977901304e-69, "x6": 1.1737985065771028, "x7": 4.652625255209876, "x8": 0.9172451529711619, "x9": 2.475332771198038}, "datetime": {"datetime": "2025-05-14 00:32:36", "elapsed": 39234.766839, "delta": 60.789622}}
{"target": 38.97394266935376, "params": {"x0": 0.8, "x1": 0.9, "x2": 2.4049197328723276e-69, "x3": 5.4016638064092833e-70, "x4": 1.454751771360564, "x5": 2.6372652923825614e-69, "x6": 1.1737985065771028, "x7": 4.652625255209876, "x8": 0.9172451529711619, "x9": 2.475332771198038}, "datetime": {"datetime": "2025-05-14 00:33:57", "elapsed": 39315.193314, "delta": 80.426475}}
{"target": 38.97394266935376, "params": {"x0": 0.8, "x1": 0.9, "x2": 1.5680060987656264e-69, "x3": 1.1413386802658607e-69, "x4": 1.454751771360564, "x5": 4.392301141068942e-69, "x6": 1.1737985065771028, "x7": 4.652625255209876, "x8": 0.9172451529711619, "x9": 2.475332771198038}, "datetime": {"datetime": "2025-05-14 00:34:49", "elapsed": 39367.372631, "delta": 52.179317}}
{"target": 38.97394266935376, "params": {"x0": 0.8, "x1": 0.9, "x2": 1.5312937997612747e-69, "x3": 9.361499221840522e-70, "x4": 1.454751771360564, "x5": 4.0115004781310843e-69, "x6": 1.1737985065771028, "x7": 4.652625255209876, "x8": 0.9172451529711619, "x9": 2.475332771198038}, "datetime": {"datetime": "2025-05-14 00:35:56", "elapsed": 39434.823439, "delta": 67.450808}}
{"target": 38.97394266935376, "params": {"x0": 0.8, "x1": 0.9, "x2": 6.995177638977734e-70, "x3": 5.263668311279474e-70, "x4": 1.454751771360564, "x5": 1.1333106309341687e-69, "x6": 1.1737985065771028, "x7": 4.652625255209876, "x8": 0.9172451529711619, "x9": 2.475332771198038}, "datetime": {"datetime": "2025-05-14 00:36:53", "elapsed": 39491.332034, "delta": 56.508595}}
{"target": 38.97394266935376, "params": {"x0": 0.8, "x1": 0.9, "x2": 3.715946465834221e-70, "x3": 2.480890461627082e-69, "x4": 1.454751771360564, "x5": 3.624516524766627e-69, "x6": 1.1737985065771028, "x7": 4.652625255209876, "x8": 0.9172451529711619, "x9": 2.475332771198038}, "datetime": {"datetime": "2025-05-14 00:37:50", "elapsed": 39548.27449, "delta": 56.942456}}
{"target": 38.97394266935376, "params": {"x0": 0.8, "x1": 0.9, "x2": 1.1725012322853005e-69, "x3": 1.6347569503540263e-69, "x4": 1.454751771360564, "x5": 2.620897230345462e-69, "x6": 1.1737985065771028, "x7": 4.652625255209876, "x8": 0.9172451529711619, "x9": 2.475332771198038}, "datetime": {"datetime": "2025-05-14 00:39:06", "elapsed": 39624.415537, "delta": 76.141047}}
{"target": 38.97394266935376, "params": {"x0": 0.8, "x1": 0.9, "x2": 7.849427083363895e-70, "x3": 1.2254399664538701e-69, "x4": 1.454751771360564, "x5": 2.8398879688590117e-69, "x6": 1.1737985065771028, "x7": 4.652625255209876, "x8": 0.9172451529711619, "x9": 2.475332771198038}, "datetime": {"datetime": "2025-05-14 00:40:07", "elapsed": 39685.554506, "delta": 61.138969}}
{"target": 38.97394266935376, "params": {"x0": 0.8, "x1": 0.9, "x2": 3.960676557452386e-70, "x3": 4.248536088607791e-70, "x4": 1.454751771360564, "x5": 6.666006839875673e-70, "x6": 1.1737985065771028, "x7": 4.652625255209876, "x8": 0.9172451529711619, "x9": 2.475332771198038}, "datetime": {"datetime": "2025-05-14 00:41:17", "elapsed": 39755.342194, "delta": 69.787688}}
{"target": 38.97394266935376, "params": {"x0": 0.8, "x1": 0.9, "x2": 1.099441571833101e-69, "x3": 1.919306686381055e-69, "x4": 1.454751771360564, "x5": 1.977600880440789e-69, "x6": 1.1737985065771028, "x7": 4.652625255209876, "x8": 0.9172451529711619, "x9": 2.475332771198038}, "datetime": {"datetime": "2025-05-14 00:42:35", "elapsed": 39833.783834, "delta": 78.44164}}
{"target": 38.97394266935376, "params": {"x0": 0.8, "x1": 0.9, "x2": 1.205775590734638e-69, "x3": 2.6295357738580815e-70, "x4": 1.454751771360564, "x5": 4.7020118343972454e-70, "x6": 1.1737985065771028, "x7": 4.652625255209876, "x8": 0.9172451529711619, "x9": 2.475332771198038}, "datetime": {"datetime": "2025-05-14 00:43:46", "elapsed": 39904.918781, "delta": 71.134947}}
{"target": 38.97394266935376, "params": {"x0": 0.8, "x1": 0.9, "x2": 9.833990095521265e-70, "x3": 1.185878079840366e-69, "x4": 1.454751771360564, "x5": 2.2018071759953801e-69, "x6": 1.1737985065771028, "x7": 4.652625255209876, "x8": 0.9172451529711619, "x9": 2.475332771198038}, "datetime": {"datetime": "2025-05-14 00:44:46", "elapsed": 39964.20403, "delta": 59.285249}}
{"target": 38.97394266935376, "params": {"x0": 0.8, "x1": 0.9, "x2": 9.141034625341293e-70, "x3": 1.2727175787082566e-70, "x4": 1.454751771360564, "x5": 1.415549522742616e-69, "x6": 1.1737985065771028, "x7": 4.652625255209876, "x8": 0.9172451529711619, "x9": 2.475332771198038}, "datetime": {"datetime": "2025-05-14 00:46:00", "elapsed": 40038.619985, "delta": 74.415955}}
{"target": 38.97394266935376, "params": {"x0": 0.8, "x1": 0.9, "x2": 5.2424052628096145e-71, "x3": 6.595025506457847e-70, "x4": 1.454751771360564, "x5": 5.4213636662696246e-70, "x6": 1.1737985065771028, "x7": 4.652625255209876, "x8": 0.9172451529711619, "x9": 2.475332771198038}, "datetime": {"datetime": "2025-05-14 00:47:14", "elapsed": 40112.639987, "delta": 74.020002}}
{"target": 38.97394266935376, "params": {"x0": 0.8, "x1": 0.9, "x2": 1.538042746177509e-70, "x3": 5.837435985448051e-71, "x4": 1.454751771360564, "x5": 5.853901397456063e-70, "x6": 1.1737985065771028, "x7": 4.652625255209876, "x8": 0.9172451529711619, "x9": 2.475332771198038}, "datetime": {"datetime": "2025-05-14 00:48:26", "elapsed": 40184.377219, "delta": 71.737232}}
{"target": 38.97394266935376, "params": {"x0": 0.8, "x1": 0.9, "x2": 2.6461927676941488e-70, "x3": 9.6370822631504e-70, "x4": 1.454751771360564, "x5": 1.160134788531872e-69, "x6": 1.1737985065771028, "x7": 4.652625255209876, "x8": 0.9172451529711619, "x9": 2.475332771198038}, "datetime": {"datetime": "2025-05-14 00:49:25", "elapsed": 40243.439416, "delta": 59.062197}}
{"target": 38.97394266935376, "params": {"x0": 0.8, "x1": 0.9, "x2": 7.286562361297204e-71, "x3": 2.8248285955588696e-70, "x4": 1.454751771360564, "x5": 1.0726339485804547e-69, "x6": 1.1737985065771028, "x7": 4.652625255209876, "x8": 0.9172451529711619, "x9": 2.475332771198038}, "datetime": {"datetime": "2025-05-14 00:50:14", "elapsed": 40292.971622, "delta": 49.532206}}
{"target": 38.97394266935376, "params": {"x0": 0.8, "x1": 0.9, "x2": 6.513995638311026e-70, "x3": 2.0430515114155803e-70, "x4": 1.454751771360564, "x5": 5.156644106353889e-71, "x6": 1.1737985065771028, "x7": 4.652625255209876, "x8": 0.9172451529711619, "x9": 2.475332771198038}, "datetime": {"datetime": "2025-05-14 00:51:33", "elapsed": 40371.189828, "delta": 78.218206}}
{"target": 38.97394266935376, "params": {"x0": 0.8, "x1": 0.9, "x2": 5.4127370547078805e-70, "x3": 6.477096651509204e-70, "x4": 1.454751771360564, "x5": 4.232549167290988e-70, "x6": 1.1737985065771028, "x7": 4.652625255209876, "x8": 0.9172451529711619, "x9": 2.475332771198038}, "datetime": {"datetime": "2025-05-14 00:52:38", "elapsed": 40436.016541, "delta": 64.826713}}
{"target": 38.97394266935376, "params": {"x0": 0.8, "x1": 0.9, "x2": 5.3953273913809055e-70, "x3": 4.249544962922917e-70, "x4": 1.454751771360564, "x5": 5.944075508731557e-70, "x6": 1.1737985065771028, "x7": 4.652625255209876, "x8": 0.9172451529711619, "x9": 2.475332771198038}, "datetime": {"datetime": "2025-05-14 00:53:47", "elapsed": 40505.231849, "delta": 69.215308}}
{"target": 38.97394266935376, "params": {"x0": 0.8, "x1": 0.9, "x2": 2.0627402912112994e-71, "x3": 5.690618552081384e-71, "x4": 1.454751771360564, "x5": 4.5501175179658015e-70, "x6": 1.1737985065771028, "x7": 4.652625255209876, "x8": 0.9172451529711619, "x9": 2.475332771198038}, "datetime": {"datetime": "2025-05-14 00:54:54", "elapsed": 40572.807193, "delta": 67.575344}}
{"target": 38.97394266935376, "params": {"x0": 0.8, "x1": 0.9, "x2": 4.1803474648824055e-70, "x3": 3.7943702389686785e-70, "x4": 1.454751771360564, "x5": 3.848702643205005e-70, "x6": 1.1737985065771028, "x7": 4.652625255209876, "x8": 0.9172451529711619, "x9": 2.475332771198038}, "datetime": {"datetime": "2025-05-14 00:56:23", "elapsed": 40661.106756, "delta": 88.299563}}
{"target": 38.97394266935376, "params": {"x0": 0.8, "x1": 0.9, "x2": 5.320289373378342e-71, "x3": 2.3877890248670528e-70, "x4": 1.454751771360564, "x5": 5.859626759899194e-70, "x6": 1.1737985065771028, "x7": 4.652625255209876, "x8": 0.9172451529711619, "x9": 2.475332771198038}, "datetime": {"datetime": "2025-05-14 00:57:36", "elapsed": 40734.646643, "delta": 73.539887}}
{"target": 38.97394266935376, "params": {"x0": 0.8, "x1": 0.9, "x2": 7.1932154061692625e-71, "x3": 9.473653208773055e-71, "x4": 1.454751771360564, "x5": 5.620971619002436e-71, "x6": 1.1737985065771028, "x7": 4.652625255209876, "x8": 0.9172451529711619, "x9": 2.475332771198038}, "datetime": {"datetime": "2025-05-14 00:58:42", "elapsed": 40800.122769, "delta": 65.476126}}
{"target": 38.97394266935376, "params": {"x0": 0.8, "x1": 0.9, "x2": 2.997573306059962e-70, "x3": 2.446379876453021e-70, "x4": 1.454751771360564, "x5": 3.155050773405068e-70, "x6": 1.1737985065771028, "x7": 4.652625255209876, "x8": 0.9172451529711619, "x9": 2.475332771198038}, "datetime": {"datetime": "2025-05-14 00:59:38", "elapsed": 40856.80423, "delta": 56.681461}}
{"target": 38.97394266935376, "params": {"x0": 0.8, "x1": 0.9, "x2": 2.2766070719839615e-70, "x3": 3.2119042196951135e-71, "x4": 1.454751771360564, "x5": 3.6749376088679924e-70, "x6": 1.1737985065771028, "x7": 4.652625255209876, "x8": 0.9172451529711619, "x9": 2.475332771198038}, "datetime": {"datetime": "2025-05-14 01:00:43", "elapsed": 40921.963972, "delta": 65.159742}}
{"target": 38.97394266935376, "params": {"x0": 0.8, "x1": 0.9, "x2": 3.816423435293072e-71, "x3": 2.972663566575455e-70, "x4": 1.454751771360564, "x5": 2.025750747477351e-70, "x6": 1.1737985065771028, "x7": 4.652625255209876, "x8": 0.9172451529711619, "x9": 2.475332771198038}, "datetime": {"datetime": "2025-05-14 01:01:49", "elapsed": 40987.818193, "delta": 65.854221}}
{"target": 38.97394266935376, "params": {"x0": 0.8, "x1": 0.9, "x2": 1.3654323087775702e-70, "x3": 1.7931546539941927e-70, "x4": 1.454751771360564, "x5": 3.303671656517758e-70, "x6": 1.1737985065771028, "x7": 4.652625255209876, "x8": 0.9172451529711619, "x9": 2.475332771198038}, "datetime": {"datetime": "2025-05-14 01:02:39", "elapsed": 41037.03548, "delta": 49.217287}}
{"target": 38.97394266935376, "params": {"x0": 0.8, "x1": 0.9, "x2": 1.298481826430827e-70, "x3": 7.154089854528413e-71, "x4": 1.454751771360564, "x5": 1.5025534472553198e-70, "x6": 1.1737985065771028, "x7": 4.652625255209876, "x8": 0.9172451529711619, "x9": 2.475332771198038}, "datetime": {"datetime": "2025-05-14 01:03:35", "elapsed": 41093.794607, "delta": 56.759127}}
{"target": 38.97394266935376, "params": {"x0": 0.8, "x1": 0.9, "x2": 1.6640003567399218e-70, "x3": 2.2486909559226463e-70, "x4": 1.454751771360564, "x5": 2.325867966360052e-70, "x6": 1.1737985065771028, "x7": 4.652625255209876, "x8": 0.9172451529711619, "x9": 2.475332771198038}, "datetime": {"datetime": "2025-05-14 01:04:48", "elapsed": 41166.885156, "delta": 73.090549}}
{"target": 38.97394266935376, "params": {"x0": 0.8, "x1": 0.9, "x2": 1.0785391289921582e-70, "x3": 1.9594098703937902e-70, "x4": 1.454751771360564, "x5": 1.6599156281275428e-70, "x6": 1.1737985065771028, "x7": 4.652625255209876, "x8": 0.9172451529711619, "x9": 2.475332771198038}, "datetime": {"datetime": "2025-05-14 01:05:51", "elapsed": 41229.816341, "delta": 62.931185}}
{"target": 38.97394266935376, "params": {"x0": 0.8, "x1": 0.9, "x2": 2.3772740217011575e-71, "x3": 2.7677329623639656e-71, "x4": 1.454751771360564, "x5": 4.142011914902841e-71, "x6": 1.1737985065771028, "x7": 4.652625255209876, "x8": 0.9172451529711619, "x9": 2.475332771198038}, "datetime": {"datetime": "2025-05-14 01:06:58", "elapsed": 41296.213309, "delta": 66.396968}}
{"target": 38.97394266935376, "params": {"x0": 0.8, "x1": 0.9, "x2": 1.2353718009211426e-70, "x3": 1.6880699591179688e-70, "x4": 1.454751771360564, "x5": 3.967380876678283e-72, "x6": 1.1737985065771028, "x7": 4.652625255209876, "x8": 0.9172451529711619, "x9": 2.475332771198038}, "datetime": {"datetime": "2025-05-14 01:08:03", "elapsed": 41361.090415, "delta": 64.877106}}
{"target": 38.97394266935376, "params": {"x0": 0.8, "x1": 0.9, "x2": 1.1208035532278086e-70, "x3": 1.1220232745810305e-70, "x4": 1.454751771360564, "x5": 9.064881307115322e-71, "x6": 1.1737985065771028, "x7": 4.652625255209876, "x8": 0.9172451529711619, "x9": 2.475332771198038}, "datetime": {"datetime": "2025-05-14 01:09:04", "elapsed": 41422.390794, "delta": 61.300379}}
{"target": 38.97394266935376, "params": {"x0": 0.8, "x1": 0.9, "x2": 6.752908741036338e-71, "x3": 6.080845618799717e-71, "x4": 1.454751771360564, "x5": 1.5144371959897577e-70, "x6": 1.1737985065771028, "x7": 4.652625255209876, "x8": 0.9172451529711619, "x9": 2.475332771198038}, "datetime": {"datetime": "2025-05-14 01:09:52", "elapsed": 41470.392818, "delta": 48.002024}}
{"target": 38.97394266935376, "params": {"x0": 0.8, "x1": 0.9, "x2": 1.262287672048448e-71, "x3": 5.883477534981872e-71, "x4": 1.454751771360564, "x5": 1.0715441347962625e-70, "x6": 1.1737985065771028, "x7": 4.652625255209876, "x8": 0.9172451529711619, "x9": 2.475332771198038}, "datetime": {"datetime": "2025-05-14 01:11:07", "elapsed": 41545.962934, "delta": 75.570116}}
{"target": 38.97394266935376, "params": {"x0": 0.8, "x1": 0.9, "x2": 8.350862269133875e-71, "x3": 8.081900458115225e-71, "x4": 1.454751771360564, "x5": 3.6592847726426746e-71, "x6": 1.1737985065771028, "x7": 4.652625255209876, "x8": 0.9172451529711619, "x9": 2.475332771198038}, "datetime": {"datetime": "2025-05-14 01:12:34", "elapsed": 41632.936202, "delta": 86.973268}}
{"target": 38.97394266935376, "params": {"x0": 0.8, "x1": 0.9, "x2": 1.2835135997729637e-71, "x3": 6.157096930066345e-71, "x4": 1.454751771360564, "x5": 5.009608713351333e-71, "x6": 1.1737985065771028, "x7": 4.652625255209876, "x8": 0.9172451529711619, "x9": 2.475332771198038}, "datetime": {"datetime": "2025-05-14 01:13:38", "elapsed": 41696.717187, "delta": 63.780985}}
{"target": 38.97394266935376, "params": {"x0": 0.8, "x1": 0.9, "x2": 1.8231959234154783e-71, "x3": 6.671604285001187e-71, "x4": 1.454751771360564, "x5": 4.303349065838211e-72, "x6": 1.1737985065771028, "x7": 4.652625255209876, "x8": 0.9172451529711619, "x9": 2.475332771198038}, "datetime": {"datetime": "2025-05-14 01:14:52", "elapsed": 41770.086189, "delta": 73.369002}}
{"target": 38.97394266935376, "params": {"x0": 0.8, "x1": 0.9, "x2": 3.7094996541408176e-71, "x3": 2.2347675310274743e-71, "x4": 1.454751771360564, "x5": 1.1385820282510245e-70, "x6": 1.1737985065771028, "x7": 4.652625255209876, "x8": 0.9172451529711619, "x9": 2.475332771198038}, "datetime": {"datetime": "2025-05-14 01:15:46", "elapsed": 41824.772171, "delta": 54.685982}}
{"target": 38.97394266935376, "params": {"x0": 0.8, "x1": 0.9, "x2": 1.2612864332436105e-71, "x3": 7.926619083248082e-72, "x4": 1.454751771360564, "x5": 7.129949825088067e-71, "x6": 1.1737985065771028, "x7": 4.652625255209876, "x8": 0.9172451529711619, "x9": 2.475332771198038}, "datetime": {"datetime": "2025-05-14 01:16:57", "elapsed": 41895.132952, "delta": 70.360781}}
{"target": 38.97394266935376, "params": {"x0": 0.8, "x1": 0.9, "x2": 4.683352743941448e-71, "x3": 5.086149712987426e-71, "x4": 1.454751771360564, "x5": 7.88643149154235e-71, "x6": 1.1737985065771028, "x7": 4.652625255209876, "x8": 0.9172451529711619, "x9": 2.475332771198038}, "datetime": {"datetime": "2025-05-14 01:17:50", "elapsed": 41948.979786, "delta": 53.846834}}
{"target": 38.97394266935376, "params": {"x0": 0.8, "x1": 0.9, "x2": 4.993596441213313e-72, "x3": 1.2012927694660765e-71, "x4": 1.454751771360564, "x5": 4.017380137638535e-71, "x6": 1.1737985065771028, "x7": 4.652625255209876, "x8": 0.9172451529711619, "x9": 2.475332771198038}, "datetime": {"datetime": "2025-05-14 01:18:59", "elapsed": 42017.772184, "delta": 68.792398}}
{"target": 38.97394266935376, "params": {"x0": 0.8, "x1": 0.9, "x2": 3.902685072211163e-71, "x3": 4.261304139396786e-71, "x4": 1.454751771360564, "x5": 3.545448872413816e-71, "x6": 1.1737985065771028, "x7": 4.652625255209876, "x8": 0.9172451529711619, "x9": 2.475332771198038}, "datetime": {"datetime": "2025-05-14 01:19:59", "elapsed": 42077.286315, "delta": 59.514131}}
{"target": 38.97394266935376, "params": {"x0": 0.8, "x1": 0.9, "x2": 5.717883586281355e-72, "x3": 1.968873902245462e-71, "x4": 1.454751771360564, "x5": 4.7028135510241034e-71, "x6": 1.1737985065771028, "x7": 4.652625255209876, "x8": 0.9172451529711619, "x9": 2.475332771198038}, "datetime": {"datetime": "2025-05-14 01:21:20", "elapsed": 42158.202264, "delta": 80.915949}}
{"target": 38.97394266935376, "params": {"x0": 0.8, "x1": 0.9, "x2": 5.494605571667434e-72, "x3": 7.66636399085094e-72, "x4": 1.454751771360564, "x5": 3.117671315687032e-72, "x6": 1.1737985065771028, "x7": 4.652625255209876, "x8": 0.9172451529711619, "x9": 2.475332771198038}, "datetime": {"datetime": "2025-05-14 01:22:07", "elapsed": 42205.315363, "delta": 47.113099}}
{"target": 38.97394266935376, "params": {"x0": 0.8, "x1": 0.9, "x2": 1.2945576073520634e-71, "x3": 3.6273614578217386e-71, "x4": 1.454751771360564, "x5": 2.0902189225402237e-71, "x6": 1.1737985065771028, "x7": 4.652625255209876, "x8": 0.9172451529711619, "x9": 2.475332771198038}, "datetime": {"datetime": "2025-05-14 01:23:14", "elapsed": 42272.596968, "delta": 67.281605}}
{"target": 38.97394266935376, "params": {"x0": 0.8, "x1": 0.9, "x2": 2.580443154675852e-71, "x3": 3.628115933099103e-71, "x4": 1.454751771360564, "x5": 4.232607345517132e-71, "x6": 1.1737985065771028, "x7": 4.652625255209876, "x8": 0.9172451529711619, "x9": 2.475332771198038}, "datetime": {"datetime": "2025-05-14 01:24:22", "elapsed": 42340.806582, "delta": 68.209614}}
{"target": 38.97394266935376, "params": {"x0": 0.8, "x1": 0.9, "x2": 2.516235149250389e-71, "x3": 3.197764393844271e-73, "x4": 1.454751771360564, "x5": 1.7112213876644186e-71, "x6": 1.1737985065771028, "x7": 4.652625255209876, "x8": 0.9172451529711619, "x9": 2.475332771198038}, "datetime": {"datetime": "2025-05-14 01:25:25", "elapsed": 42403.327331, "delta": 62.520749}}
{"target": 38.97394266935376, "params": {"x0": 0.8, "x1": 0.9, "x2": 1.863979597432918e-71, "x3": 1.5661216797609132e-71, "x4": 1.454751771360564, "x5": 1.85774542950789e-71, "x6": 1.1737985065771028, "x7": 4.652625255209876, "x8": 0.9172451529711619, "x9": 2.475332771198038}, "datetime": {"datetime": "2025-05-14 01:26:37", "elapsed": 42475.03208, "delta": 71.704749}}
{"target": 38.97394266935376, "params": {"x0": 0.8, "x1": 0.9, "x2": 8.541238023440238e-73, "x3": 3.8391602033597696e-72, "x4": 1.454751771360564, "x5": 9.057634313705277e-72, "x6": 1.1737985065771028, "x7": 4.652625255209876, "x8": 0.9172451529711619, "x9": 2.475332771198038}, "datetime": {"datetime": "2025-05-14 01:27:38", "elapsed": 42536.640702, "delta": 61.608622}}
{"target": 38.97394266935376, "params": {"x0": 0.8, "x1": 0.9, "x2": 8.560732311916762e-72, "x3": 1.474186488968187e-71, "x4": 1.454751771360564, "x5": 2.022038291983186e-71, "x6": 1.1737985065771028, "x7": 4.652625255209876, "x8": 0.9172451529711619, "x9": 2.475332771198038}, "datetime": {"datetime": "2025-05-14 01:28:33", "elapsed": 42591.505443, "delta": 54.864741}}
{"target": 38.97394266935376, "params": {"x0": 0.8, "x1": 0.9, "x2": 1.1709555182068205e-71, "x3": 1.6670059519525967e-71, "x4": 1.454751771360564, "x5": 4.5722140697773406e-73, "x6": 1.1737985065771028, "x7": 4.652625255209876, "x8": 0.9172451529711619, "x9": 2.475332771198038}, "datetime": {"datetime": "2025-05-14 01:29:58", "elapsed": 42676.600741, "delta": 85.095298}}
{"target": 38.97394266935376, "params": {"x0": 0.8, "x1": 0.9, "x2": 1.3130259846354189e-71, "x3": 1.8251185289394606e-71, "x4": 1.454751771360564, "x5": 1.973982135645828e-71, "x6": 1.1737985065771028, "x7": 4.652625255209876, "x8": 0.9172451529711619, "x9": 2.475332771198038}, "datetime": {"datetime": "2025-05-14 01:31:20", "elapsed": 42758.34827, "delta": 81.747529}}
{"target": 38.97394266935376, "params": {"x0": 0.8, "x1": 0.9, "x2": 1.5637981179231575e-72, "x3": 1.7729401237835061e-71, "x4": 1.454751771360564, "x5": 1.783069722832757e-71, "x6": 1.1737985065771028, "x7": 4.652625255209876, "x8": 0.9172451529711619, "x9": 2.475332771198038}, "datetime": {"datetime": "2025-05-14 01:32:14", "elapsed": 42812.824928, "delta": 54.476658}}
{"target": 38.97394266935376, "params": {"x0": 0.8, "x1": 0.9, "x2": 4.1981871346616217e-72, "x3": 8.847428218824767e-72, "x4": 1.454751771360564, "x5": 1.8558132928499213e-71, "x6": 1.1737985065771028, "x7": 4.652625255209876, "x8": 0.9172451529711619, "x9": 2.475332771198038}, "datetime": {"datetime": "2025-05-14 01:33:19", "elapsed": 42877.535904, "delta": 64.710976}}
