{"target": 38.97394266935376, "params": {"x0": 0.8, "x1": 0.9, "x2": 2.6299706321612127e-77, "x3": 4.0991974926340164e-77, "x4": 1.454751771360564, "x5": 3.741491119861427e-77, "x6": 1.1737985065771028, "x7": 4.652625255209876, "x8": 0.9172451529711619, "x9": 2.475332771198038}, "datetime": {"datetime": "2025-05-14 03:56:36", "elapsed": 51474.506023, "delta": 108.460209}}
{"target": 38.97394266935376, "params": {"x0": 0.8, "x1": 0.9, "x2": 1.1046859337270155e-77, "x3": 4.243711421592932e-77, "x4": 1.454751771360564, "x5": 1.2580127947918516e-77, "x6": 1.1737985065771028, "x7": 4.652625255209876, "x8": 0.9172451529711619, "x9": 2.475332771198038}, "datetime": {"datetime": "2025-05-14 03:58:05", "elapsed": 51563.649398, "delta": 89.143375}}
{"target": 38.97394266935376, "params": {"x0": 0.8, "x1": 0.9, "x2": 3.2905769989719494e-77, "x3": 1.3161651882920698e-77, "x4": 1.454751771360564, "x5": 2.4524811285184974e-77, "x6": 1.1737985065771028, "x7": 4.652625255209876, "x8": 0.9172451529711619, "x9": 2.475332771198038}, "datetime": {"datetime": "2025-05-14 03:59:19", "elapsed": 51637.781838, "delta": 74.13244}}
{"target": 38.97394266935376, "params": {"x0": 0.8, "x1": 0.9, "x2": 7.359534858847909e-78, "x3": 7.032286049357722e-78, "x4": 1.454751771360564, "x5": 2.2603281780193806e-79, "x6": 1.1737985065771028, "x7": 4.652625255209876, "x8": 0.9172451529711619, "x9": 2.475332771198038}, "datetime": {"datetime": "2025-05-14 04:00:37", "elapsed": 51715.225795, "delta": 77.443957}}
{"target": 38.97394266935376, "params": {"x0": 0.8, "x1": 0.9, "x2": 2.6949957399308786e-77, "x3": 3.1646999891755373e-77, "x4": 1.454751771360564, "x5": 4.293454647142356e-77, "x6": 1.1737985065771028, "x7": 4.652625255209876, "x8": 0.9172451529711619, "x9": 2.475332771198038}, "datetime": {"datetime": "2025-05-14 04:01:57", "elapsed": 51795.410425, "delta": 80.18463}}
{"target": 38.97394266935376, "params": {"x0": 0.8, "x1": 0.9, "x2": 1.6040984859775288e-77, "x3": 1.7769286471331307e-79, "x4": 1.454751771360564, "x5": 2.7020159682271484e-77, "x6": 1.1737985065771028, "x7": 4.652625255209876, "x8": 0.9172451529711619, "x9": 2.475332771198038}, "datetime": {"datetime": "2025-05-14 04:03:09", "elapsed": 51867.351886, "delta": 71.941461}}
{"target": 38.97394266935376, "params": {"x0": 0.8, "x1": 0.9, "x2": 1.728647126837279e-77, "x3": 1.3599052869599739e-77, "x4": 1.454751771360564, "x5": 1.6826873615587436e-77, "x6": 1.1737985065771028, "x7": 4.652625255209876, "x8": 0.9172451529711619, "x9": 2.475332771198038}, "datetime": {"datetime": "2025-05-14 04:04:37", "elapsed": 51955.811106, "delta": 88.45922}}
{"target": 38.97394266935376, "params": {"x0": 0.8, "x1": 0.9, "x2": 3.9589672443355166e-78, "x3": 1.5128876866218415e-77, "x4": 1.454751771360564, "x5": 2.4897029680184927e-77, "x6": 1.1737985065771028, "x7": 4.652625255209876, "x8": 0.9172451529711619, "x9": 2.475332771198038}, "datetime": {"datetime": "2025-05-14 04:05:57", "elapsed": 52035.042653, "delta": 79.231547}}
{"target": 38.97394266935376, "params": {"x0": 0.8, "x1": 0.9, "x2": 3.0865836673462035e-78, "x3": 2.409587389343842e-77, "x4": 1.454751771360564, "x5": 2.639846244818041e-77, "x6": 1.1737985065771028, "x7": 4.652625255209876, "x8": 0.9172451529711619, "x9": 2.475332771198038}, "datetime": {"datetime": "2025-05-14 04:07:00", "elapsed": 52098.990629, "delta": 63.947976}}
{"target": 38.97394266935376, "params": {"x0": 0.8, "x1": 0.9, "x2": 1.6499394210117079e-77, "x3": 1.3258050088537025e-77, "x4": 1.454751771360564, "x5": 2.5904481124924476e-77, "x6": 1.1737985065771028, "x7": 4.652625255209876, "x8": 0.9172451529711619, "x9": 2.475332771198038}, "datetime": {"datetime": "2025-05-14 04:08:25", "elapsed": 52183.472103, "delta": 84.481474}}
{"target": 38.97394266935376, "params": {"x0": 0.8, "x1": 0.9, "x2": 1.506158098913336e-78, "x3": 1.147070025983151e-77, "x4": 1.454751771360564, "x5": 2.325095477074509e-77, "x6": 1.1737985065771028, "x7": 4.652625255209876, "x8": 0.9172451529711619, "x9": 2.475332771198038}, "datetime": {"datetime": "2025-05-14 04:09:41", "elapsed": 52259.988443, "delta": 76.51634}}
{"target": 38.97394266935376, "params": {"x0": 0.8, "x1": 0.9, "x2": 7.776558110756539e-78, "x3": 1.116848334385822e-77, "x4": 1.454751771360564, "x5": 4.2639171089372655e-78, "x6": 1.1737985065771028, "x7": 4.652625255209876, "x8": 0.9172451529711619, "x9": 2.475332771198038}, "datetime": {"datetime": "2025-05-14 04:11:06", "elapsed": 52344.819583, "delta": 84.83114}}
{"target": 38.97394266935376, "params": {"x0": 0.8, "x1": 0.9, "x2": 4.55713346268732e-78, "x3": 4.401222035943461e-78, "x4": 1.454751771360564, "x5": 1.6945200427658567e-77, "x6": 1.1737985065771028, "x7": 4.652625255209876, "x8": 0.9172451529711619, "x9": 2.475332771198038}, "datetime": {"datetime": "2025-05-14 04:12:18", "elapsed": 52416.151102, "delta": 71.331519}}
{"target": 38.97394266935376, "params": {"x0": 0.8, "x1": 0.9, "x2": 7.864759839485263e-78, "x3": 1.117949845740969e-77, "x4": 1.454751771360564, "x5": 2.1849318133191503e-78, "x6": 1.1737985065771028, "x7": 4.652625255209876, "x8": 0.9172451529711619, "x9": 2.475332771198038}, "datetime": {"datetime": "2025-05-14 04:13:48", "elapsed": 52506.772966, "delta": 90.621864}}
{"target": 38.97394266935376, "params": {"x0": 0.8, "x1": 0.9, "x2": 8.982200932138995e-78, "x3": 4.853058568899316e-78, "x4": 1.454751771360564, "x5": 1.375128561638954e-78, "x6": 1.1737985065771028, "x7": 4.652625255209876, "x8": 0.9172451529711619, "x9": 2.475332771198038}, "datetime": {"datetime": "2025-05-14 04:14:50", "elapsed": 52568.455775, "delta": 61.682809}}
{"target": 38.97394266935376, "params": {"x0": 0.8, "x1": 0.9, "x2": 1.7245786119884436e-78, "x3": 4.518153474773761e-80, "x4": 1.454751771360564, "x5": 8.779333367677519e-78, "x6": 1.1737985065771028, "x7": 4.652625255209876, "x8": 0.9172451529711619, "x9": 2.475332771198038}, "datetime": {"datetime": "2025-05-14 04:16:20", "elapsed": 52658.977809, "delta": 90.522034}}
{"target": 38.97394266935376, "params": {"x0": 0.8, "x1": 0.9, "x2": 2.54358443042302e-78, "x3": 9.413395289374819e-78, "x4": 1.454751771360564, "x5": 1.5451854039492787e-79, "x6": 1.1737985065771028, "x7": 4.652625255209876, "x8": 0.9172451529711619, "x9": 2.475332771198038}, "datetime": {"datetime": "2025-05-14 04:17:42", "elapsed": 52740.036954, "delta": 81.059145}}
{"target": 38.97394266935376, "params": {"x0": 0.8, "x1": 0.9, "x2": 2.2606593387592824e-78, "x3": 3.301996709713815e-78, "x4": 1.454751771360564, "x5": 4.171402786675098e-78, "x6": 1.1737985065771028, "x7": 4.652625255209876, "x8": 0.9172451529711619, "x9": 2.475332771198038}, "datetime": {"datetime": "2025-05-14 04:18:51", "elapsed": 52809.670996, "delta": 69.634042}}
{"target": 38.97394266935376, "params": {"x0": 0.8, "x1": 0.9, "x2": 5.982387994768702e-78, "x3": 5.753397584731222e-78, "x4": 1.454751771360564, "x5": 6.27933111691878e-80, "x6": 1.1737985065771028, "x7": 4.652625255209876, "x8": 0.9172451529711619, "x9": 2.475332771198038}, "datetime": {"datetime": "2025-05-14 04:20:11", "elapsed": 52889.058645, "delta": 79.387649}}
{"target": 38.97394266935376, "params": {"x0": 0.8, "x1": 0.9, "x2": 1.8121098052919324e-79, "x3": 2.0733560092995564e-79, "x4": 1.454751771360564, "x5": 5.988573950598803e-78, "x6": 1.1737985065771028, "x7": 4.652625255209876, "x8": 0.9172451529711619, "x9": 2.475332771198038}, "datetime": {"datetime": "2025-05-14 04:21:34", "elapsed": 52972.163831, "delta": 83.105186}}
{"target": 38.97394266935376, "params": {"x0": 0.8, "x1": 0.9, "x2": 1.5680170672518068e-78, "x3": 6.236882678119729e-78, "x4": 1.454751771360564, "x5": 6.7258871266286575e-78, "x6": 1.1737985065771028, "x7": 4.652625255209876, "x8": 0.9172451529711619, "x9": 2.475332771198038}, "datetime": {"datetime": "2025-05-14 04:23:17", "elapsed": 53075.198358, "delta": 103.034527}}
{"target": 38.97394266935376, "params": {"x0": 0.8, "x1": 0.9, "x2": 4.471333098160806e-78, "x3": 4.426477102716318e-79, "x4": 1.454751771360564, "x5": 7.793495496378177e-78, "x6": 1.1737985065771028, "x7": 4.652625255209876, "x8": 0.9172451529711619, "x9": 2.475332771198038}, "datetime": {"datetime": "2025-05-14 04:24:58", "elapsed": 53176.801818, "delta": 101.60346}}
{"target": 38.97394266935376, "params": {"x0": 0.8, "x1": 0.9, "x2": 2.4903248229185677e-78, "x3": 1.8528611454289408e-78, "x4": 1.454751771360564, "x5": 3.1243638927584404e-78, "x6": 1.1737985065771028, "x7": 4.652625255209876, "x8": 0.9172451529711619, "x9": 2.475332771198038}, "datetime": {"datetime": "2025-05-14 04:26:03", "elapsed": 53241.836236, "delta": 65.034418}}
{"target": 38.97394266935376, "params": {"x0": 0.8, "x1": 0.9, "x2": 2.6217460586915825e-80, "x3": 3.0514117136913716e-79, "x4": 1.454751771360564, "x5": 3.399991107839617e-78, "x6": 1.1737985065771028, "x7": 4.652625255209876, "x8": 0.9172451529711619, "x9": 2.475332771198038}, "datetime": {"datetime": "2025-05-14 04:27:16", "elapsed": 53314.237748, "delta": 72.401512}}
{"target": 38.97394266935376, "params": {"x0": 0.8, "x1": 0.9, "x2": 2.583194619642158e-78, "x3": 1.2806851899478973e-78, "x4": 1.454751771360564, "x5": 3.1297599097962446e-78, "x6": 1.1737985065771028, "x7": 4.652625255209876, "x8": 0.9172451529711619, "x9": 2.475332771198038}, "datetime": {"datetime": "2025-05-14 04:28:53", "elapsed": 53412.001105, "delta": 97.763357}}
{"target": 38.97394266935376, "params": {"x0": 0.8, "x1": 0.9, "x2": 1.939867928239654e-78, "x3": 1.3230017095149776e-78, "x4": 1.454751771360564, "x5": 4.25634642571734e-78, "x6": 1.1737985065771028, "x7": 4.652625255209876, "x8": 0.9172451529711619, "x9": 2.475332771198038}, "datetime": {"datetime": "2025-05-14 04:30:14", "elapsed": 53492.254165, "delta": 80.25306}}
{"target": 38.97394266935376, "params": {"x0": 0.8, "x1": 0.9, "x2": 1.680061279430866e-79, "x3": 6.220729272212573e-80, "x4": 1.454751771360564, "x5": 1.04285879817449e-78, "x6": 1.1737985065771028, "x7": 4.652625255209876, "x8": 0.9172451529711619, "x9": 2.475332771198038}, "datetime": {"datetime": "2025-05-14 04:31:49", "elapsed": 53587.570968, "delta": 95.316803}}
{"target": 38.97394266935376, "params": {"x0": 0.8, "x1": 0.9, "x2": 2.1412598647418e-78, "x3": 6.693562643028178e-79, "x4": 1.454751771360564, "x5": 2.895522079765705e-79, "x6": 1.1737985065771028, "x7": 4.652625255209876, "x8": 0.9172451529711619, "x9": 2.475332771198038}, "datetime": {"datetime": "2025-05-14 04:33:26", "elapsed": 53684.094376, "delta": 96.523408}}
{"target": 38.97394266935376, "params": {"x0": 0.8, "x1": 0.9, "x2": 1.3444172981911486e-78, "x3": 1.629072129836068e-78, "x4": 1.454751771360564, "x5": 3.8591578248761376e-78, "x6": 1.1737985065771028, "x7": 4.652625255209876, "x8": 0.9172451529711619, "x9": 2.475332771198038}, "datetime": {"datetime": "2025-05-14 04:34:43", "elapsed": 53761.137757, "delta": 77.043381}}
{"target": 38.97394266935376, "params": {"x0": 0.8, "x1": 0.9, "x2": 8.756904130751064e-79, "x3": 1.7572772656839e-78, "x4": 1.454751771360564, "x5": 8.355905888547573e-79, "x6": 1.1737985065771028, "x7": 4.652625255209876, "x8": 0.9172451529711619, "x9": 2.475332771198038}, "datetime": {"datetime": "2025-05-14 04:36:07", "elapsed": 53845.241106, "delta": 84.103349}}
{"target": 38.97394266935376, "params": {"x0": 0.8, "x1": 0.9, "x2": 1.2903125842685758e-79, "x3": 2.2791217860884703e-78, "x4": 1.454751771360564, "x5": 1.5112928092339524e-78, "x6": 1.1737985065771028, "x7": 4.652625255209876, "x8": 0.9172451529711619, "x9": 2.475332771198038}, "datetime": {"datetime": "2025-05-14 04:37:06", "elapsed": 53904.252997, "delta": 59.011891}}
{"target": 38.97394266935376, "params": {"x0": 0.8, "x1": 0.9, "x2": 8.132538630136905e-79, "x3": 1.4879442384746147e-78, "x4": 1.454751771360564, "x5": 3.9254803304089024e-79, "x6": 1.1737985065771028, "x7": 4.652625255209876, "x8": 0.9172451529711619, "x9": 2.475332771198038}, "datetime": {"datetime": "2025-05-14 04:38:38", "elapsed": 53996.61692, "delta": 92.363923}}
{"target": 38.97394266935376, "params": {"x0": 0.8, "x1": 0.9, "x2": 5.505000529089195e-79, "x3": 2.1942203901081637e-79, "x4": 1.454751771360564, "x5": 2.2802224126890044e-78, "x6": 1.1737985065771028, "x7": 4.652625255209876, "x8": 0.9172451529711619, "x9": 2.475332771198038}, "datetime": {"datetime": "2025-05-14 04:39:57", "elapsed": 54075.018206, "delta": 78.401286}}
{"target": 38.97394266935376, "params": {"x0": 0.8, "x1": 0.9, "x2": 1.1078819582242734e-78, "x3": 1.477820104451307e-78, "x4": 1.454751771360564, "x5": 8.432358030955291e-79, "x6": 1.1737985065771028, "x7": 4.652625255209876, "x8": 0.9172451529711619, "x9": 2.475332771198038}, "datetime": {"datetime": "2025-05-14 04:41:19", "elapsed": 54157.643097, "delta": 82.624891}}
{"target": 38.97394266935376, "params": {"x0": 0.8, "x1": 0.9, "x2": 5.0421290717624e-80, "x3": 7.876360161815622e-80, "x4": 1.454751771360564, "x5": 1.1914926795712276e-78, "x6": 1.1737985065771028, "x7": 4.652625255209876, "x8": 0.9172451529711619, "x9": 2.475332771198038}, "datetime": {"datetime": "2025-05-14 04:42:33", "elapsed": 54231.497483, "delta": 73.854386}}
{"target": 38.97394266935376, "params": {"x0": 0.8, "x1": 0.9, "x2": 1.3297809002788684e-79, "x3": 2.79375636590114e-79, "x4": 1.454751771360564, "x5": 4.513291230471064e-79, "x6": 1.1737985065771028, "x7": 4.652625255209876, "x8": 0.9172451529711619, "x9": 2.475332771198038}, "datetime": {"datetime": "2025-05-14 04:44:04", "elapsed": 54322.050042, "delta": 90.552559}}
{"target": 38.97394266935376, "params": {"x0": 0.8, "x1": 0.9, "x2": 4.9142364923191314e-79, "x3": 6.312717129801975e-81, "x4": 1.454751771360564, "x5": 9.76626144476412e-79, "x6": 1.1737985065771028, "x7": 4.652625255209876, "x8": 0.9172451529711619, "x9": 2.475332771198038}, "datetime": {"datetime": "2025-05-14 04:45:24", "elapsed": 54402.795609, "delta": 80.745567}}
{"target": 38.97394266935376, "params": {"x0": 0.8, "x1": 0.9, "x2": 4.906068148755738e-79, "x3": 5.2710431090856873e-79, "x4": 1.454751771360564, "x5": 1.323266824179807e-78, "x6": 1.1737985065771028, "x7": 4.652625255209876, "x8": 0.9172451529711619, "x9": 2.475332771198038}, "datetime": {"datetime": "2025-05-14 04:46:33", "elapsed": 54471.583868, "delta": 68.788259}}
{"target": 38.97394266935376, "params": {"x0": 0.8, "x1": 0.9, "x2": 5.004084296237646e-79, "x3": 3.6424172411728965e-79, "x4": 1.454751771360564, "x5": 1.3538605517427717e-78, "x6": 1.1737985065771028, "x7": 4.652625255209876, "x8": 0.9172451529711619, "x9": 2.475332771198038}, "datetime": {"datetime": "2025-05-14 04:47:44", "elapsed": 54542.633361, "delta": 71.049493}}
{"target": 38.97394266935376, "params": {"x0": 0.8, "x1": 0.9, "x2": 2.013965425394312e-80, "x3": 3.119464892276347e-79, "x4": 1.454751771360564, "x5": 3.2774394105494476e-79, "x6": 1.1737985065771028, "x7": 4.652625255209876, "x8": 0.9172451529711619, "x9": 2.475332771198038}, "datetime": {"datetime": "2025-05-14 04:49:01", "elapsed": 54619.838249, "delta": 77.204888}}
{"target": 38.97394266935376, "params": {"x0": 0.8, "x1": 0.9, "x2": 2.897836574284391e-79, "x3": 6.938509223785555e-79, "x4": 1.454751771360564, "x5": 3.982124500566584e-79, "x6": 1.1737985065771028, "x7": 4.652625255209876, "x8": 0.9172451529711619, "x9": 2.475332771198038}, "datetime": {"datetime": "2025-05-14 04:50:23", "elapsed": 54701.157247, "delta": 81.318998}}
{"target": 38.97394266935376, "params": {"x0": 0.8, "x1": 0.9, "x2": 2.0750063709943367e-79, "x3": 2.4623769011447756e-79, "x4": 1.454751771360564, "x5": 7.41075542941408e-80, "x6": 1.1737985065771028, "x7": 4.652625255209876, "x8": 0.9172451529711619, "x9": 2.475332771198038}, "datetime": {"datetime": "2025-05-14 04:52:06", "elapsed": 54804.052008, "delta": 102.894761}}
{"target": 38.97394266935376, "params": {"x0": 0.8, "x1": 0.9, "x2": 4.3792494463025994e-79, "x3": 3.137214016130677e-79, "x4": 1.454751771360564, "x5": 7.770364840433236e-79, "x6": 1.1737985065771028, "x7": 4.652625255209876, "x8": 0.9172451529711619, "x9": 2.475332771198038}, "datetime": {"datetime": "2025-05-14 04:53:44", "elapsed": 54902.162476, "delta": 98.110468}}
{"target": 38.97394266935376, "params": {"x0": 0.8, "x1": 0.9, "x2": 3.948810124556759e-79, "x3": 2.2624864008007885e-79, "x4": 1.454751771360564, "x5": 7.3999664080723e-79, "x6": 1.1737985065771028, "x7": 4.652625255209876, "x8": 0.9172451529711619, "x9": 2.475332771198038}, "datetime": {"datetime": "2025-05-14 04:55:04", "elapsed": 54982.065376, "delta": 79.9029}}
{"target": 38.97394266935376, "params": {"x0": 0.8, "x1": 0.9, "x2": 7.874002963550138e-80, "x3": 8.701602807121824e-82, "x4": 1.454751771360564, "x5": 5.4968136106878784e-80, "x6": 1.1737985065771028, "x7": 4.652625255209876, "x8": 0.9172451529711619, "x9": 2.475332771198038}, "datetime": {"datetime": "2025-05-14 04:56:24", "elapsed": 55062.474129, "delta": 80.408753}}
{"target": 38.97394266935376, "params": {"x0": 0.8, "x1": 0.9, "x2": 6.2724611746800585e-80, "x3": 2.6885234951827645e-79, "x4": 1.454751771360564, "x5": 2.5961979093765348e-79, "x6": 1.1737985065771028, "x7": 4.652625255209876, "x8": 0.9172451529711619, "x9": 2.475332771198038}, "datetime": {"datetime": "2025-05-14 04:57:39", "elapsed": 55137.054736, "delta": 74.580607}}
{"target": 38.97394266935376, "params": {"x0": 0.8, "x1": 0.9, "x2": 2.6683702091742257e-79, "x3": 3.3317583516532994e-79, "x4": 1.454751771360564, "x5": 5.556876742603459e-79, "x6": 1.1737985065771028, "x7": 4.652625255209876, "x8": 0.9172451529711619, "x9": 2.475332771198038}, "datetime": {"datetime": "2025-05-14 04:58:50", "elapsed": 55208.538706, "delta": 71.48397}}
{"target": 38.97394266935376, "params": {"x0": 0.8, "x1": 0.9, "x2": 2.121930631517613e-79, "x3": 1.642111061662022e-79, "x4": 1.454751771360564, "x5": 4.399851976774739e-79, "x6": 1.1737985065771028, "x7": 4.652625255209876, "x8": 0.9172451529711619, "x9": 2.475332771198038}, "datetime": {"datetime": "2025-05-14 05:00:40", "elapsed": 55318.648565, "delta": 110.109859}}
{"target": 38.97394266935376, "params": {"x0": 0.8, "x1": 0.9, "x2": 2.6159836423009152e-79, "x3": 3.577389323728772e-79, "x4": 1.454751771360564, "x5": 3.9416274816149893e-79, "x6": 1.1737985065771028, "x7": 4.652625255209876, "x8": 0.9172451529711619, "x9": 2.475332771198038}, "datetime": {"datetime": "2025-05-14 05:01:49", "elapsed": 55387.776294, "delta": 69.127729}}
{"target": 38.97394266935376, "params": {"x0": 0.8, "x1": 0.9, "x2": 9.212787597395589e-80, "x3": 8.285745857439414e-80, "x4": 1.454751771360564, "x5": 1.5821298183296902e-79, "x6": 1.1737985065771028, "x7": 4.652625255209876, "x8": 0.9172451529711619, "x9": 2.475332771198038}, "datetime": {"datetime": "2025-05-14 05:02:52", "elapsed": 55450.655149, "delta": 62.878855}}
{"target": 38.97394266935376, "params": {"x0": 0.8, "x1": 0.9, "x2": 7.198839842210212e-80, "x3": 1.2573557911238801e-79, "x4": 1.454751771360564, "x5": 2.1887833851796652e-79, "x6": 1.1737985065771028, "x7": 4.652625255209876, "x8": 0.9172451529711619, "x9": 2.475332771198038}, "datetime": {"datetime": "2025-05-14 05:04:10", "elapsed": 55528.912393, "delta": 78.257244}}
{"target": 38.97394266935376, "params": {"x0": 0.8, "x1": 0.9, "x2": 9.976964774685506e-80, "x3": 2.609357066073192e-79, "x4": 1.454751771360564, "x5": 3.5315246790527295e-79, "x6": 1.1737985065771028, "x7": 4.652625255209876, "x8": 0.9172451529711619, "x9": 2.475332771198038}, "datetime": {"datetime": "2025-05-14 05:05:54", "elapsed": 55632.479537, "delta": 103.567144}}
{"target": 38.97394266935376, "params": {"x0": 0.8, "x1": 0.9, "x2": 1.2456931348515729e-79, "x3": 1.7409661010596925e-79, "x4": 1.454751771360564, "x5": 4.986918632964568e-80, "x6": 1.1737985065771028, "x7": 4.652625255209876, "x8": 0.9172451529711619, "x9": 2.475332771198038}, "datetime": {"datetime": "2025-05-14 05:07:00", "elapsed": 55698.940434, "delta": 66.460897}}
{"target": 38.97394266935376, "params": {"x0": 0.8, "x1": 0.9, "x2": 1.5450362645043923e-79, "x3": 5.306343545024518e-80, "x4": 1.454751771360564, "x5": 1.2580555565508702e-79, "x6": 1.1737985065771028, "x7": 4.652625255209876, "x8": 0.9172451529711619, "x9": 2.475332771198038}, "datetime": {"datetime": "2025-05-14 05:08:28", "elapsed": 55786.687227, "delta": 87.746793}}
{"target": 38.97394266935376, "params": {"x0": 0.8, "x1": 0.9, "x2": 6.080049985224401e-81, "x3": 1.1729677118118416e-79, "x4": 1.454751771360564, "x5": 5.532948127529462e-80, "x6": 1.1737985065771028, "x7": 4.652625255209876, "x8": 0.9172451529711619, "x9": 2.475332771198038}, "datetime": {"datetime": "2025-05-14 05:09:35", "elapsed": 55853.103913, "delta": 66.416686}}
{"target": 38.97394266935376, "params": {"x0": 0.8, "x1": 0.9, "x2": 8.064880297205087e-80, "x3": 5.431101152060118e-80, "x4": 1.454751771360564, "x5": 8.283107028143433e-80, "x6": 1.1737985065771028, "x7": 4.652625255209876, "x8": 0.9172451529711619, "x9": 2.475332771198038}, "datetime": {"datetime": "2025-05-14 05:11:10", "elapsed": 55948.041332, "delta": 94.937419}}
{"target": 38.97394266935376, "params": {"x0": 0.8, "x1": 0.9, "x2": 7.096899822953395e-80, "x3": 8.216584345947711e-80, "x4": 1.454751771360564, "x5": 1.2155467013222192e-79, "x6": 1.1737985065771028, "x7": 4.652625255209876, "x8": 0.9172451529711619, "x9": 2.475332771198038}, "datetime": {"datetime": "2025-05-14 05:12:32", "elapsed": 56030.232302, "delta": 82.19097}}
{"target": 38.97394266935376, "params": {"x0": 0.8, "x1": 0.9, "x2": 1.2230704280959947e-80, "x3": 8.378834557349148e-80, "x4": 1.454751771360564, "x5": 4.565821752947764e-80, "x6": 1.1737985065771028, "x7": 4.652625255209876, "x8": 0.9172451529711619, "x9": 2.475332771198038}, "datetime": {"datetime": "2025-05-14 05:13:44", "elapsed": 56102.390823, "delta": 72.158521}}
