{"target": 38.97394266935376, "params": {"x0": 0.8, "x1": 0.9, "x2": 1.0054770143107674e-65, "x3": 1.4796464202201343e-63, "x4": 1.454751771360564, "x5": 1.585063379501248e-63, "x6": 1.1737985065771028, "x7": 4.652625255209876, "x8": 0.9172451529711619, "x9": 2.475332771198038}, "datetime": {"datetime": "2025-05-13 22:35:08", "elapsed": 32186.369118, "delta": 45.106943}}
{"target": 38.97394266935376, "params": {"x0": 0.8, "x1": 0.9, "x2": 3.821556497917914e-65, "x3": 3.1072366384561295e-64, "x4": 1.454751771360564, "x5": 7.018058783407652e-64, "x6": 1.1737985065771028, "x7": 4.652625255209876, "x8": 0.9172451529711619, "x9": 2.475332771198038}, "datetime": {"datetime": "2025-05-13 22:35:56", "elapsed": 32234.670798, "delta": 48.30168}}
{"target": 38.97394266935376, "params": {"x0": 0.8, "x1": 0.9, "x2": 8.099273266553202e-64, "x3": 4.438658749534547e-64, "x4": 1.454751771360564, "x5": 1.0760073206795469e-63, "x6": 1.1737985065771028, "x7": 4.652625255209876, "x8": 0.9172451529711619, "x9": 2.475332771198038}, "datetime": {"datetime": "2025-05-13 22:36:49", "elapsed": 32287.797782, "delta": 53.126984}}
{"target": 38.97394266935376, "params": {"x0": 0.8, "x1": 0.9, "x2": 3.323447218081799e-64, "x3": 4.897922674849591e-64, "x4": 1.454751771360564, "x5": 1.0617669981669307e-63, "x6": 1.1737985065771028, "x7": 4.652625255209876, "x8": 0.9172451529711619, "x9": 2.475332771198038}, "datetime": {"datetime": "2025-05-13 22:37:50", "elapsed": 32348.435314, "delta": 60.637532}}
{"target": 38.97394266935376, "params": {"x0": 0.8, "x1": 0.9, "x2": 6.302001697944078e-64, "x3": 2.7894840651773922e-64, "x4": 1.454751771360564, "x5": 4.336737696266433e-64, "x6": 1.1737985065771028, "x7": 4.652625255209876, "x8": 0.9172451529711619, "x9": 2.475332771198038}, "datetime": {"datetime": "2025-05-13 22:38:42", "elapsed": 32400.263564, "delta": 51.82825}}
{"target": 38.97394266935376, "params": {"x0": 0.8, "x1": 0.9, "x2": 2.7315493192233846e-64, "x3": 3.634997374189543e-64, "x4": 1.454751771360564, "x5": 8.023849151126212e-64, "x6": 1.1737985065771028, "x7": 4.652625255209876, "x8": 0.9172451529711619, "x9": 2.475332771198038}, "datetime": {"datetime": "2025-05-13 22:39:43", "elapsed": 32461.831549, "delta": 61.567985}}
{"target": 38.97394266935376, "params": {"x0": 0.8, "x1": 0.9, "x2": 4.776581746217525e-64, "x3": 6.290903216109369e-64, "x4": 1.454751771360564, "x5": 9.576842631523675e-64, "x6": 1.1737985065771028, "x7": 4.652625255209876, "x8": 0.9172451529711619, "x9": 2.475332771198038}, "datetime": {"datetime": "2025-05-13 22:40:32", "elapsed": 32510.479026, "delta": 48.647477}}
{"target": 38.97394266935376, "params": {"x0": 0.8, "x1": 0.9, "x2": 3.7006638226341014e-64, "x3": 3.300391119491578e-64, "x4": 1.454751771360564, "x5": 1.0205531190647539e-63, "x6": 1.1737985065771028, "x7": 4.652625255209876, "x8": 0.9172451529711619, "x9": 2.475332771198038}, "datetime": {"datetime": "2025-05-13 22:41:24", "elapsed": 32562.409073, "delta": 51.930047}}
{"target": 38.97394266935376, "params": {"x0": 0.8, "x1": 0.9, "x2": 9.798381723150651e-65, "x3": 5.7828656846812615e-64, "x4": 1.454751771360564, "x5": 5.988998799109175e-64, "x6": 1.1737985065771028, "x7": 4.652625255209876, "x8": 0.9172451529711619, "x9": 2.475332771198038}, "datetime": {"datetime": "2025-05-13 22:42:10", "elapsed": 32608.991317, "delta": 46.582244}}
{"target": 38.97394266935376, "params": {"x0": 0.8, "x1": 0.9, "x2": 3.215919906166559e-66, "x3": 5.777688175067009e-64, "x4": 1.454751771360564, "x5": 4.240145518379966e-65, "x6": 1.1737985065771028, "x7": 4.652625255209876, "x8": 0.9172451529711619, "x9": 2.475332771198038}, "datetime": {"datetime": "2025-05-13 22:42:53", "elapsed": 32651.930107, "delta": 42.93879}}
{"target": 38.97394266935376, "params": {"x0": 0.8, "x1": 0.9, "x2": 9.874852356694044e-65, "x3": 1.9296152323637993e-64, "x4": 1.454751771360564, "x5": 6.951566291779427e-64, "x6": 1.1737985065771028, "x7": 4.652625255209876, "x8": 0.9172451529711619, "x9": 2.475332771198038}, "datetime": {"datetime": "2025-05-13 22:43:45", "elapsed": 32703.902683, "delta": 51.972576}}
{"target": 38.97394266935376, "params": {"x0": 0.8, "x1": 0.9, "x2": 3.8352716960061834e-64, "x3": 2.1978243043727036e-64, "x4": 1.454751771360564, "x5": 6.780309307911882e-64, "x6": 1.1737985065771028, "x7": 4.652625255209876, "x8": 0.9172451529711619, "x9": 2.475332771198038}, "datetime": {"datetime": "2025-05-13 22:44:45", "elapsed": 32763.418202, "delta": 59.515519}}
{"target": 38.97394266935376, "params": {"x0": 0.8, "x1": 0.9, "x2": 2.3948858833977422e-64, "x3": 1.9056294009194426e-64, "x4": 1.454751771360564, "x5": 5.932357419305677e-64, "x6": 1.1737985065771028, "x7": 4.652625255209876, "x8": 0.9172451529711619, "x9": 2.475332771198038}, "datetime": {"datetime": "2025-05-13 22:45:29", "elapsed": 32807.068041, "delta": 43.649839}}
{"target": 38.97394266935376, "params": {"x0": 0.8, "x1": 0.9, "x2": 2.8917355034247323e-64, "x3": 1.913650737695672e-64, "x4": 1.454751771360564, "x5": 2.5000047492705653e-64, "x6": 1.1737985065771028, "x7": 4.652625255209876, "x8": 0.9172451529711619, "x9": 2.475332771198038}, "datetime": {"datetime": "2025-05-13 22:46:24", "elapsed": 32862.430187, "delta": 55.362146}}
{"target": 38.97394266935376, "params": {"x0": 0.8, "x1": 0.9, "x2": 9.409444976635273e-65, "x3": 1.5859956900002378e-64, "x4": 1.454751771360564, "x5": 1.543278005925381e-64, "x6": 1.1737985065771028, "x7": 4.652625255209876, "x8": 0.9172451529711619, "x9": 2.475332771198038}, "datetime": {"datetime": "2025-05-13 22:47:03", "elapsed": 32901.61928, "delta": 39.189093}}
{"target": 38.97394266935376, "params": {"x0": 0.8, "x1": 0.9, "x2": 1.4165678804235618e-65, "x3": 6.376237377100037e-65, "x4": 1.454751771360564, "x5": 5.1441225134533715e-65, "x6": 1.1737985065771028, "x7": 4.652625255209876, "x8": 0.9172451529711619, "x9": 2.475332771198038}, "datetime": {"datetime": "2025-05-13 22:48:01", "elapsed": 32959.898708, "delta": 58.279428}}
{"target": 38.97394266935376, "params": {"x0": 0.8, "x1": 0.9, "x2": 1.814152113479067e-64, "x3": 2.7498412463038047e-65, "x4": 1.454751771360564, "x5": 6.273862742339309e-65, "x6": 1.1737985065771028, "x7": 4.652625255209876, "x8": 0.9172451529711619, "x9": 2.475332771198038}, "datetime": {"datetime": "2025-05-13 22:48:50", "elapsed": 33008.48399, "delta": 48.585282}}
{"target": 38.97394266935376, "params": {"x0": 0.8, "x1": 0.9, "x2": 9.333469302184006e-65, "x3": 1.7216228430249238e-64, "x4": 1.454751771360564, "x5": 3.461753257340164e-64, "x6": 1.1737985065771028, "x7": 4.652625255209876, "x8": 0.9172451529711619, "x9": 2.475332771198038}, "datetime": {"datetime": "2025-05-13 22:49:44", "elapsed": 33062.169379, "delta": 53.685389}}
{"target": 38.97394266935376, "params": {"x0": 0.8, "x1": 0.9, "x2": 1.2360362213682966e-65, "x3": 7.419734430635354e-65, "x4": 1.454751771360564, "x5": 1.7118940870477512e-64, "x6": 1.1737985065771028, "x7": 4.652625255209876, "x8": 0.9172451529711619, "x9": 2.475332771198038}, "datetime": {"datetime": "2025-05-13 22:50:39", "elapsed": 33117.311397, "delta": 55.142018}}
{"target": 38.97394266935376, "params": {"x0": 0.8, "x1": 0.9, "x2": 6.071287569065602e-65, "x3": 1.1047860739957591e-64, "x4": 1.454751771360564, "x5": 1.2278928842721743e-64, "x6": 1.1737985065771028, "x7": 4.652625255209876, "x8": 0.9172451529711619, "x9": 2.475332771198038}, "datetime": {"datetime": "2025-05-13 22:51:38", "elapsed": 33176.958859, "delta": 59.647462}}
{"target": 38.97394266935376, "params": {"x0": 0.8, "x1": 0.9, "x2": 1.0590537273151085e-64, "x3": 6.314088249979819e-65, "x4": 1.454751771360564, "x5": 1.8714394500119453e-64, "x6": 1.1737985065771028, "x7": 4.652625255209876, "x8": 0.9172451529711619, "x9": 2.475332771198038}, "datetime": {"datetime": "2025-05-13 22:52:18", "elapsed": 33216.734838, "delta": 39.775979}}
{"target": 38.97394266935376, "params": {"x0": 0.8, "x1": 0.9, "x2": 2.6076878495781407e-65, "x3": 6.8934894677459535e-65, "x4": 1.454751771360564, "x5": 1.5887091417822172e-64, "x6": 1.1737985065771028, "x7": 4.652625255209876, "x8": 0.9172451529711619, "x9": 2.475332771198038}, "datetime": {"datetime": "2025-05-13 22:53:06", "elapsed": 33264.03998, "delta": 47.305142}}
{"target": 38.97394266935376, "params": {"x0": 0.8, "x1": 0.9, "x2": 8.34636800561137e-65, "x3": 6.918378121907153e-65, "x4": 1.454751771360564, "x5": 1.0938121352446492e-64, "x6": 1.1737985065771028, "x7": 4.652625255209876, "x8": 0.9172451529711619, "x9": 2.475332771198038}, "datetime": {"datetime": "2025-05-13 22:54:13", "elapsed": 33331.101819, "delta": 67.061839}}
{"target": 38.97394266935376, "params": {"x0": 0.8, "x1": 0.9, "x2": 9.945848352691218e-65, "x3": 1.1580197327199782e-64, "x4": 1.454751771360564, "x5": 1.3269627641540571e-64, "x6": 1.1737985065771028, "x7": 4.652625255209876, "x8": 0.9172451529711619, "x9": 2.475332771198038}, "datetime": {"datetime": "2025-05-13 22:55:07", "elapsed": 33385.558194, "delta": 54.456375}}
{"target": 38.97394266935376, "params": {"x0": 0.8, "x1": 0.9, "x2": 2.9997172567204063e-65, "x3": 6.801334650857011e-66, "x4": 1.454751771360564, "x5": 5.67922829360984e-65, "x6": 1.1737985065771028, "x7": 4.652625255209876, "x8": 0.9172451529711619, "x9": 2.475332771198038}, "datetime": {"datetime": "2025-05-13 22:55:56", "elapsed": 33434.362563, "delta": 48.804369}}
{"target": 38.97394266935376, "params": {"x0": 0.8, "x1": 0.9, "x2": 6.607247710722574e-65, "x3": 3.489843876635938e-65, "x4": 1.454751771360564, "x5": 7.474845877275393e-65, "x6": 1.1737985065771028, "x7": 4.652625255209876, "x8": 0.9172451529711619, "x9": 2.475332771198038}, "datetime": {"datetime": "2025-05-13 22:56:41", "elapsed": 33479.755293, "delta": 45.39273}}
{"target": 38.97394266935376, "params": {"x0": 0.8, "x1": 0.9, "x2": 3.552134940412643e-65, "x3": 7.233851370417e-65, "x4": 1.454751771360564, "x5": 2.097017226976996e-65, "x6": 1.1737985065771028, "x7": 4.652625255209876, "x8": 0.9172451529711619, "x9": 2.475332771198038}, "datetime": {"datetime": "2025-05-13 22:57:24", "elapsed": 33522.028755, "delta": 42.273462}}
{"target": 38.97394266935376, "params": {"x0": 0.8, "x1": 0.9, "x2": 6.207144531971672e-65, "x3": 9.667293373435492e-66, "x4": 1.454751771360564, "x5": 1.1100661218620866e-64, "x6": 1.1737985065771028, "x7": 4.652625255209876, "x8": 0.9172451529711619, "x9": 2.475332771198038}, "datetime": {"datetime": "2025-05-13 22:58:08", "elapsed": 33566.469338, "delta": 44.440583}}
{"target": 38.97394266935376, "params": {"x0": 0.8, "x1": 0.9, "x2": 1.4347573372393435e-65, "x3": 2.1812597681652566e-65, "x4": 1.454751771360564, "x5": 9.430826216510753e-65, "x6": 1.1737985065771028, "x7": 4.652625255209876, "x8": 0.9172451529711619, "x9": 2.475332771198038}, "datetime": {"datetime": "2025-05-13 22:58:47", "elapsed": 33605.242285, "delta": 38.772947}}
{"target": 38.97394266935376, "params": {"x0": 0.8, "x1": 0.9, "x2": 4.435801938431032e-65, "x3": 4.874843881603528e-65, "x4": 1.454751771360564, "x5": 3.3512507067784076e-65, "x6": 1.1737985065771028, "x7": 4.652625255209876, "x8": 0.9172451529711619, "x9": 2.475332771198038}, "datetime": {"datetime": "2025-05-13 22:59:51", "elapsed": 33669.276352, "delta": 64.034067}}
{"target": 38.97394266935376, "params": {"x0": 0.8, "x1": 0.9, "x2": 1.5892738953748956e-65, "x3": 3.200732524195378e-65, "x4": 1.454751771360564, "x5": 2.2502585938370684e-65, "x6": 1.1737985065771028, "x7": 4.652625255209876, "x8": 0.9172451529711619, "x9": 2.475332771198038}, "datetime": {"datetime": "2025-05-13 23:00:44", "elapsed": 33722.836945, "delta": 53.560593}}
{"target": 38.97394266935376, "params": {"x0": 0.8, "x1": 0.9, "x2": 1.3941433612421463e-65, "x3": 4.1625258471448624e-65, "x4": 1.454751771360564, "x5": 5.434614861180012e-65, "x6": 1.1737985065771028, "x7": 4.652625255209876, "x8": 0.9172451529711619, "x9": 2.475332771198038}, "datetime": {"datetime": "2025-05-13 23:01:48", "elapsed": 33786.139565, "delta": 63.30262}}
{"target": 38.97394266935376, "params": {"x0": 0.8, "x1": 0.9, "x2": 3.734873907595494e-65, "x3": 2.3936490005332494e-65, "x4": 1.454751771360564, "x5": 3.4512662306929727e-66, "x6": 1.1737985065771028, "x7": 4.652625255209876, "x8": 0.9172451529711619, "x9": 2.475332771198038}, "datetime": {"datetime": "2025-05-13 23:03:03", "elapsed": 33861.323755, "delta": 75.18419}}
{"target": 38.97394266935376, "params": {"x0": 0.8, "x1": 0.9, "x2": 2.1202559487182118e-66, "x3": 1.6752311141199513e-65, "x4": 1.454751771360564, "x5": 3.286405053593932e-67, "x6": 1.1737985065771028, "x7": 4.652625255209876, "x8": 0.9172451529711619, "x9": 2.475332771198038}, "datetime": {"datetime": "2025-05-13 23:04:03", "elapsed": 33921.883418, "delta": 60.559663}}
{"target": 38.97394266935376, "params": {"x0": 0.8, "x1": 0.9, "x2": 3.01154949344842e-65, "x3": 2.1497924538783138e-65, "x4": 1.454751771360564, "x5": 2.972810660576226e-65, "x6": 1.1737985065771028, "x7": 4.652625255209876, "x8": 0.9172451529711619, "x9": 2.475332771198038}, "datetime": {"datetime": "2025-05-13 23:05:00", "elapsed": 33978.787499, "delta": 56.904081}}
{"target": 38.97394266935376, "params": {"x0": 0.8, "x1": 0.9, "x2": 6.579971760285237e-66, "x3": 2.693519235528296e-65, "x4": 1.454751771360564, "x5": 5.957322423164967e-67, "x6": 1.1737985065771028, "x7": 4.652625255209876, "x8": 0.9172451529711619, "x9": 2.475332771198038}, "datetime": {"datetime": "2025-05-13 23:05:56", "elapsed": 34034.914193, "delta": 56.126694}}
{"target": 38.97394266935376, "params": {"x0": 0.8, "x1": 0.9, "x2": 1.7041317400047759e-65, "x3": 1.348371148611752e-65, "x4": 1.454751771360564, "x5": 3.826737437163868e-65, "x6": 1.1737985065771028, "x7": 4.652625255209876, "x8": 0.9172451529711619, "x9": 2.475332771198038}, "datetime": {"datetime": "2025-05-13 23:06:45", "elapsed": 34083.14198, "delta": 48.227787}}
{"target": 38.97394266935376, "params": {"x0": 0.8, "x1": 0.9, "x2": 1.17177414207329e-65, "x3": 1.1272017145887137e-65, "x4": 1.454751771360564, "x5": 4.066303624731319e-65, "x6": 1.1737985065771028, "x7": 4.652625255209876, "x8": 0.9172451529711619, "x9": 2.475332771198038}, "datetime": {"datetime": "2025-05-13 23:07:43", "elapsed": 34141.42772, "delta": 58.28574}}
{"target": 38.97394266935376, "params": {"x0": 0.8, "x1": 0.9, "x2": 2.212184664067002e-65, "x3": 1.9475604999055265e-65, "x4": 1.454751771360564, "x5": 1.5125958547122155e-65, "x6": 1.1737985065771028, "x7": 4.652625255209876, "x8": 0.9172451529711619, "x9": 2.475332771198038}, "datetime": {"datetime": "2025-05-13 23:08:25", "elapsed": 34183.88488, "delta": 42.45716}}
{"target": 38.97394266935376, "params": {"x0": 0.8, "x1": 0.9, "x2": 1.945611267314748e-65, "x3": 9.159335500928063e-66, "x4": 1.454751771360564, "x5": 2.5048080242309573e-65, "x6": 1.1737985065771028, "x7": 4.652625255209876, "x8": 0.9172451529711619, "x9": 2.475332771198038}, "datetime": {"datetime": "2025-05-13 23:09:29", "elapsed": 34247.849556, "delta": 63.964676}}
{"target": 38.97394266935376, "params": {"x0": 0.8, "x1": 0.9, "x2": 5.631643733779731e-66, "x3": 2.176284247133146e-65, "x4": 1.454751771360564, "x5": 7.469062013585756e-66, "x6": 1.1737985065771028, "x7": 4.652625255209876, "x8": 0.9172451529711619, "x9": 2.475332771198038}, "datetime": {"datetime": "2025-05-13 23:10:23", "elapsed": 34301.499522, "delta": 53.649966}}
{"target": 38.97394266935376, "params": {"x0": 0.8, "x1": 0.9, "x2": 5.444199757547038e-66, "x3": 5.731669024678574e-66, "x4": 1.454751771360564, "x5": 2.4271528450173644e-65, "x6": 1.1737985065771028, "x7": 4.652625255209876, "x8": 0.9172451529711619, "x9": 2.475332771198038}, "datetime": {"datetime": "2025-05-13 23:11:13", "elapsed": 34351.010119, "delta": 49.510597}}
{"target": 38.97394266935376, "params": {"x0": 0.8, "x1": 0.9, "x2": 5.925655118336821e-66, "x3": 1.5148734607002937e-65, "x4": 1.454751771360564, "x5": 2.615037001762211e-65, "x6": 1.1737985065771028, "x7": 4.652625255209876, "x8": 0.9172451529711619, "x9": 2.475332771198038}, "datetime": {"datetime": "2025-05-13 23:12:09", "elapsed": 34407.286981, "delta": 56.276862}}
{"target": 38.97394266935376, "params": {"x0": 0.8, "x1": 0.9, "x2": 2.98243372057145e-67, "x3": 1.399959434027159e-66, "x4": 1.454751771360564, "x5": 6.448300719386446e-66, "x6": 1.1737985065771028, "x7": 4.652625255209876, "x8": 0.9172451529711619, "x9": 2.475332771198038}, "datetime": {"datetime": "2025-05-13 23:12:57", "elapsed": 34455.835092, "delta": 48.548111}}
{"target": 38.97394266935376, "params": {"x0": 0.8, "x1": 0.9, "x2": 8.193418491435276e-66, "x3": 1.259173028335533e-65, "x4": 1.454751771360564, "x5": 8.607689845082861e-66, "x6": 1.1737985065771028, "x7": 4.652625255209876, "x8": 0.9172451529711619, "x9": 2.475332771198038}, "datetime": {"datetime": "2025-05-13 23:13:41", "elapsed": 34499.898563, "delta": 44.063471}}
{"target": 38.97394266935376, "params": {"x0": 0.8, "x1": 0.9, "x2": 1.482560014289932e-67, "x3": 6.627193519340088e-66, "x4": 1.454751771360564, "x5": 1.389791750587116e-65, "x6": 1.1737985065771028, "x7": 4.652625255209876, "x8": 0.9172451529711619, "x9": 2.475332771198038}, "datetime": {"datetime": "2025-05-13 23:14:30", "elapsed": 34548.536402, "delta": 48.637839}}
{"target": 38.97394266935376, "params": {"x0": 0.8, "x1": 0.9, "x2": 2.68915263588063e-66, "x3": 1.1541766738741885e-65, "x4": 1.454751771360564, "x5": 1.940716044979428e-66, "x6": 1.1737985065771028, "x7": 4.652625255209876, "x8": 0.9172451529711619, "x9": 2.475332771198038}, "datetime": {"datetime": "2025-05-13 23:15:37", "elapsed": 34615.840469, "delta": 67.304067}}
{"target": 38.97394266935376, "params": {"x0": 0.8, "x1": 0.9, "x2": 4.958466592290251e-66, "x3": 8.91505302812483e-66, "x4": 1.454751771360564, "x5": 4.928947897869241e-66, "x6": 1.1737985065771028, "x7": 4.652625255209876, "x8": 0.9172451529711619, "x9": 2.475332771198038}, "datetime": {"datetime": "2025-05-13 23:16:36", "elapsed": 34674.022252, "delta": 58.181783}}
{"target": 38.97394266935376, "params": {"x0": 0.8, "x1": 0.9, "x2": 1.8014930708689602e-66, "x3": 3.4535668884409394e-66, "x4": 1.454751771360564, "x5": 3.4419919095162674e-66, "x6": 1.1737985065771028, "x7": 4.652625255209876, "x8": 0.9172451529711619, "x9": 2.475332771198038}, "datetime": {"datetime": "2025-05-13 23:17:34", "elapsed": 34732.104626, "delta": 58.082374}}
{"target": 38.97394266935376, "params": {"x0": 0.8, "x1": 0.9, "x2": 6.82324889949413e-66, "x3": 1.0080037354383911e-66, "x4": 1.454751771360564, "x5": 4.658337401930216e-68, "x6": 1.1737985065771028, "x7": 4.652625255209876, "x8": 0.9172451529711619, "x9": 2.475332771198038}, "datetime": {"datetime": "2025-05-13 23:18:29", "elapsed": 34787.682894, "delta": 55.578268}}
{"target": 38.97394266935376, "params": {"x0": 0.8, "x1": 0.9, "x2": 9.962636664240598e-68, "x3": 8.71637343096128e-67, "x4": 1.454751771360564, "x5": 8.146475202985228e-66, "x6": 1.1737985065771028, "x7": 4.652625255209876, "x8": 0.9172451529711619, "x9": 2.475332771198038}, "datetime": {"datetime": "2025-05-13 23:19:35", "elapsed": 34853.267518, "delta": 65.584624}}
{"target": 38.97394266935376, "params": {"x0": 0.8, "x1": 0.9, "x2": 4.5008382361061454e-66, "x3": 2.786898730380156e-66, "x4": 1.454751771360564, "x5": 9.895125823651145e-66, "x6": 1.1737985065771028, "x7": 4.652625255209876, "x8": 0.9172451529711619, "x9": 2.475332771198038}, "datetime": {"datetime": "2025-05-13 23:20:30", "elapsed": 34908.115367, "delta": 54.847849}}
{"target": 38.97394266935376, "params": {"x0": 0.8, "x1": 0.9, "x2": 4.0636875299457815e-66, "x3": 1.9594187288035802e-66, "x4": 1.454751771360564, "x5": 4.6706909802710025e-66, "x6": 1.1737985065771028, "x7": 4.652625255209876, "x8": 0.9172451529711619, "x9": 2.475332771198038}, "datetime": {"datetime": "2025-05-13 23:21:13", "elapsed": 34951.528242, "delta": 43.412875}}
{"target": 38.97394266935376, "params": {"x0": 0.8, "x1": 0.9, "x2": 3.330832058765507e-66, "x3": 5.11103629174799e-66, "x4": 1.454751771360564, "x5": 1.0688306770440945e-67, "x6": 1.1737985065771028, "x7": 4.652625255209876, "x8": 0.9172451529711619, "x9": 2.475332771198038}, "datetime": {"datetime": "2025-05-13 23:21:57", "elapsed": 34995.05957, "delta": 43.531328}}
{"target": 38.97394266935376, "params": {"x0": 0.8, "x1": 0.9, "x2": 2.619734625796333e-66, "x3": 2.1512077046767062e-66, "x4": 1.454751771360564, "x5": 5.075919444216748e-66, "x6": 1.1737985065771028, "x7": 4.652625255209876, "x8": 0.9172451529711619, "x9": 2.475332771198038}, "datetime": {"datetime": "2025-05-13 23:23:01", "elapsed": 35059.133709, "delta": 64.074139}}
{"target": 38.97394266935376, "params": {"x0": 0.8, "x1": 0.9, "x2": 6.368203949436819e-67, "x3": 3.280794856801588e-67, "x4": 1.454751771360564, "x5": 3.872626772224651e-66, "x6": 1.1737985065771028, "x7": 4.652625255209876, "x8": 0.9172451529711619, "x9": 2.475332771198038}, "datetime": {"datetime": "2025-05-13 23:24:02", "elapsed": 35120.813365, "delta": 61.679656}}
{"target": 38.97394266935376, "params": {"x0": 0.8, "x1": 0.9, "x2": 1.9590795902741214e-66, "x3": 6.497243433617247e-67, "x4": 1.454751771360564, "x5": 4.662789437786074e-67, "x6": 1.1737985065771028, "x7": 4.652625255209876, "x8": 0.9172451529711619, "x9": 2.475332771198038}, "datetime": {"datetime": "2025-05-13 23:24:51", "elapsed": 35169.679547, "delta": 48.866182}}
{"target": 38.97394266935376, "params": {"x0": 0.8, "x1": 0.9, "x2": 9.247523589388278e-67, "x3": 2.6379626514828474e-66, "x4": 1.454751771360564, "x5": 1.4082352400632357e-66, "x6": 1.1737985065771028, "x7": 4.652625255209876, "x8": 0.9172451529711619, "x9": 2.475332771198038}, "datetime": {"datetime": "2025-05-13 23:25:41", "elapsed": 35219.097966, "delta": 49.418419}}
{"target": 38.97394266935376, "params": {"x0": 0.8, "x1": 0.9, "x2": 7.995394732695402e-67, "x3": 2.1441067046286782e-66, "x4": 1.454751771360564, "x5": 1.1273802200735324e-66, "x6": 1.1737985065771028, "x7": 4.652625255209876, "x8": 0.9172451529711619, "x9": 2.475332771198038}, "datetime": {"datetime": "2025-05-13 23:26:39", "elapsed": 35277.576893, "delta": 58.478927}}
