{"target": 38.97394266935376, "params": {"x0": 0.8, "x1": 0.9, "x2": 1.937405528680778e-43, "x3": 1.4157639915563464e-42, "x4": 1.454751771360564, "x5": 6.314965282367398e-42, "x6": 1.1737985065771028, "x7": 4.652625255209876, "x8": 0.9172451529711619, "x9": 2.475332771198038}, "datetime": {"datetime": "2025-05-13 17:20:51", "elapsed": 13329.212103, "delta": 25.67976}}
{"target": 38.97394266935376, "params": {"x0": 0.8, "x1": 0.9, "x2": 3.25570567516173e-42, "x3": 9.661782818308288e-43, "x4": 1.454751771360564, "x5": 6.043641510498057e-42, "x6": 1.1737985065771028, "x7": 4.652625255209876, "x8": 0.9172451529711619, "x9": 2.475332771198038}, "datetime": {"datetime": "2025-05-13 17:21:17", "elapsed": 13355.606963, "delta": 26.39486}}
{"target": 38.97394266935376, "params": {"x0": 0.8, "x1": 0.9, "x2": 3.225406708387672e-42, "x3": 3.414512545528823e-42, "x4": 1.454751771360564, "x5": 2.9957754346085785e-42, "x6": 1.1737985065771028, "x7": 4.652625255209876, "x8": 0.9172451529711619, "x9": 2.475332771198038}, "datetime": {"datetime": "2025-05-13 17:21:44", "elapsed": 13382.411993, "delta": 26.80503}}
{"target": 38.97394266935376, "params": {"x0": 0.8, "x1": 0.9, "x2": 4.852464868766752e-43, "x3": 3.941720704221129e-42, "x4": 1.454751771360564, "x5": 4.722123589874607e-42, "x6": 1.1737985065771028, "x7": 4.652625255209876, "x8": 0.9172451529711619, "x9": 2.475332771198038}, "datetime": {"datetime": "2025-05-13 17:22:16", "elapsed": 13414.484209, "delta": 32.072216}}
{"target": 38.97394266935376, "params": {"x0": 0.8, "x1": 0.9, "x2": 1.3042275922749819e-42, "x3": 1.5626071851965257e-42, "x4": 1.454751771360564, "x5": 2.9135632743799825e-42, "x6": 1.1737985065771028, "x7": 4.652625255209876, "x8": 0.9172451529711619, "x9": 2.475332771198038}, "datetime": {"datetime": "2025-05-13 17:22:43", "elapsed": 13441.930963, "delta": 27.446754}}
{"target": 38.97394266935376, "params": {"x0": 0.8, "x1": 0.9, "x2": 2.3167457616862214e-42, "x3": 1.5714321221048477e-42, "x4": 1.454751771360564, "x5": 4.2301380063499383e-42, "x6": 1.1737985065771028, "x7": 4.652625255209876, "x8": 0.9172451529711619, "x9": 2.475332771198038}, "datetime": {"datetime": "2025-05-13 17:23:09", "elapsed": 13467.171605, "delta": 25.240642}}
{"target": 38.97394266935376, "params": {"x0": 0.8, "x1": 0.9, "x2": 1.3129381899200694e-42, "x3": 6.021436858794017e-43, "x4": 1.454751771360564, "x5": 2.5071246737808307e-42, "x6": 1.1737985065771028, "x7": 4.652625255209876, "x8": 0.9172451529711619, "x9": 2.475332771198038}, "datetime": {"datetime": "2025-05-13 17:23:37", "elapsed": 13495.530322, "delta": 28.358717}}
{"target": 38.97394266935376, "params": {"x0": 0.8, "x1": 0.9, "x2": 2.7626429967951792e-43, "x3": 2.431970059943695e-42, "x4": 1.454751771360564, "x5": 2.2659669905819336e-43, "x6": 1.1737985065771028, "x7": 4.652625255209876, "x8": 0.9172451529711619, "x9": 2.475332771198038}, "datetime": {"datetime": "2025-05-13 17:23:56", "elapsed": 13514.285967, "delta": 18.755645}}
{"target": 38.97394266935376, "params": {"x0": 0.8, "x1": 0.9, "x2": 1.2319575358814215e-42, "x3": 1.640072017907338e-42, "x4": 1.454751771360564, "x5": 1.8954309254519982e-42, "x6": 1.1737985065771028, "x7": 4.652625255209876, "x8": 0.9172451529711619, "x9": 2.475332771198038}, "datetime": {"datetime": "2025-05-13 17:24:21", "elapsed": 13539.387697, "delta": 25.10173}}
{"target": 38.97394266935376, "params": {"x0": 0.8, "x1": 0.9, "x2": 6.590898857530274e-43, "x3": 2.0349840253369347e-42, "x4": 1.454751771360564, "x5": 1.015999744509673e-42, "x6": 1.1737985065771028, "x7": 4.652625255209876, "x8": 0.9172451529711619, "x9": 2.475332771198038}, "datetime": {"datetime": "2025-05-13 17:24:43", "elapsed": 13561.72359, "delta": 22.335893}}
{"target": 38.97394266935376, "params": {"x0": 0.8, "x1": 0.9, "x2": 1.1592310786939007e-42, "x3": 1.278033066089057e-43, "x4": 1.454751771360564, "x5": 5.288078540117783e-43, "x6": 1.1737985065771028, "x7": 4.652625255209876, "x8": 0.9172451529711619, "x9": 2.475332771198038}, "datetime": {"datetime": "2025-05-13 17:25:09", "elapsed": 13587.334067, "delta": 25.610477}}
{"target": 38.97394266935376, "params": {"x0": 0.8, "x1": 0.9, "x2": 4.810800386726336e-43, "x3": 1.468658644233911e-43, "x4": 1.454751771360564, "x5": 4.5098472136247245e-43, "x6": 1.1737985065771028, "x7": 4.652625255209876, "x8": 0.9172451529711619, "x9": 2.475332771198038}, "datetime": {"datetime": "2025-05-13 17:25:32", "elapsed": 13610.305837, "delta": 22.97177}}
{"target": 38.97394266935376, "params": {"x0": 0.8, "x1": 0.9, "x2": 2.4515824266169107e-43, "x3": 1.9979374015713915e-43, "x4": 1.454751771360564, "x5": 1.2036254547869244e-42, "x6": 1.1737985065771028, "x7": 4.652625255209876, "x8": 0.9172451529711619, "x9": 2.475332771198038}, "datetime": {"datetime": "2025-05-13 17:26:09", "elapsed": 13647.410564, "delta": 37.104727}}
{"target": 38.97394266935376, "params": {"x0": 0.8, "x1": 0.9, "x2": 2.9356347774973543e-43, "x3": 5.0017753226452175e-43, "x4": 1.454751771360564, "x5": 2.0239764669876262e-44, "x6": 1.1737985065771028, "x7": 4.652625255209876, "x8": 0.9172451529711619, "x9": 2.475332771198038}, "datetime": {"datetime": "2025-05-13 17:26:35", "elapsed": 13673.44229, "delta": 26.031726}}
{"target": 38.97394266935376, "params": {"x0": 0.8, "x1": 0.9, "x2": 9.359861619902874e-43, "x3": 1.1467760018415828e-42, "x4": 1.454751771360564, "x5": 1.204805228289206e-43, "x6": 1.1737985065771028, "x7": 4.652625255209876, "x8": 0.9172451529711619, "x9": 2.475332771198038}, "datetime": {"datetime": "2025-05-13 17:26:54", "elapsed": 13692.658813, "delta": 19.216523}}
{"target": 38.97394266935376, "params": {"x0": 0.8, "x1": 0.9, "x2": 3.4420619840759982e-43, "x3": 8.968331502974205e-43, "x4": 1.454751771360564, "x5": 8.555525533215651e-43, "x6": 1.1737985065771028, "x7": 4.652625255209876, "x8": 0.9172451529711619, "x9": 2.475332771198038}, "datetime": {"datetime": "2025-05-13 17:27:20", "elapsed": 13718.73759, "delta": 26.078777}}
{"target": 38.97394266935376, "params": {"x0": 0.8, "x1": 0.9, "x2": 3.6256829132301144e-44, "x3": 1.0336988732153894e-42, "x4": 1.454751771360564, "x5": 9.460646773302839e-43, "x6": 1.1737985065771028, "x7": 4.652625255209876, "x8": 0.9172451529711619, "x9": 2.475332771198038}, "datetime": {"datetime": "2025-05-13 17:27:50", "elapsed": 13748.053554, "delta": 29.315964}}
{"target": 38.97394266935376, "params": {"x0": 0.8, "x1": 0.9, "x2": 3.9692912224968744e-43, "x3": 6.210764421909734e-43, "x4": 1.454751771360564, "x5": 7.42929071979811e-44, "x6": 1.1737985065771028, "x7": 4.652625255209876, "x8": 0.9172451529711619, "x9": 2.475332771198038}, "datetime": {"datetime": "2025-05-13 17:28:26", "elapsed": 13784.565455, "delta": 36.511901}}
{"target": 38.97394266935376, "params": {"x0": 0.8, "x1": 0.9, "x2": 4.904963330027175e-45, "x3": 5.92538207999757e-43, "x4": 1.454751771360564, "x5": 4.163336600515686e-43, "x6": 1.1737985065771028, "x7": 4.652625255209876, "x8": 0.9172451529711619, "x9": 2.475332771198038}, "datetime": {"datetime": "2025-05-13 17:28:52", "elapsed": 13810.346314, "delta": 25.780859}}
{"target": 38.97394266935376, "params": {"x0": 0.8, "x1": 0.9, "x2": 4.896212806574784e-43, "x3": 2.694623274642763e-43, "x4": 1.454751771360564, "x5": 5.052041077167657e-43, "x6": 1.1737985065771028, "x7": 4.652625255209876, "x8": 0.9172451529711619, "x9": 2.475332771198038}, "datetime": {"datetime": "2025-05-13 17:29:18", "elapsed": 13836.51016, "delta": 26.163846}}
{"target": 38.97394266935376, "params": {"x0": 0.8, "x1": 0.9, "x2": 2.8323265156946972e-43, "x3": 2.0068422911597326e-43, "x4": 1.454751771360564, "x5": 8.730163261648405e-43, "x6": 1.1737985065771028, "x7": 4.652625255209876, "x8": 0.9172451529711619, "x9": 2.475332771198038}, "datetime": {"datetime": "2025-05-13 17:29:53", "elapsed": 13871.343356, "delta": 34.833196}}
{"target": 38.97394266935376, "params": {"x0": 0.8, "x1": 0.9, "x2": 2.2862082224848367e-43, "x3": 3.3222702169555994e-43, "x4": 1.454751771360564, "x5": 2.130030093077744e-43, "x6": 1.1737985065771028, "x7": 4.652625255209876, "x8": 0.9172451529711619, "x9": 2.475332771198038}, "datetime": {"datetime": "2025-05-13 17:30:25", "elapsed": 13903.183995, "delta": 31.840639}}
{"target": 38.97394266935376, "params": {"x0": 0.8, "x1": 0.9, "x2": 3.870776430261558e-43, "x3": 6.543814734442158e-44, "x4": 1.454751771360564, "x5": 2.653248544212439e-44, "x6": 1.1737985065771028, "x7": 4.652625255209876, "x8": 0.9172451529711619, "x9": 2.475332771198038}, "datetime": {"datetime": "2025-05-13 17:30:48", "elapsed": 13926.275345, "delta": 23.09135}}
{"target": 38.97394266935376, "params": {"x0": 0.8, "x1": 0.9, "x2": 3.4845526100586835e-43, "x3": 5.0925096643757064e-43, "x4": 1.454751771360564, "x5": 2.258137243125154e-43, "x6": 1.1737985065771028, "x7": 4.652625255209876, "x8": 0.9172451529711619, "x9": 2.475332771198038}, "datetime": {"datetime": "2025-05-13 17:31:20", "elapsed": 13958.336247, "delta": 32.060902}}
{"target": 38.97394266935376, "params": {"x0": 0.8, "x1": 0.9, "x2": 2.1076547207571518e-43, "x3": 4.472069648147739e-43, "x4": 1.454751771360564, "x5": 1.77447099891138e-43, "x6": 1.1737985065771028, "x7": 4.652625255209876, "x8": 0.9172451529711619, "x9": 2.475332771198038}, "datetime": {"datetime": "2025-05-13 17:31:41", "elapsed": 13979.736088, "delta": 21.399841}}
{"target": 38.97394266935376, "params": {"x0": 0.8, "x1": 0.9, "x2": 1.386114562135129e-43, "x3": 1.5432944129223188e-43, "x4": 1.454751771360564, "x5": 2.2274045382257076e-43, "x6": 1.1737985065771028, "x7": 4.652625255209876, "x8": 0.9172451529711619, "x9": 2.475332771198038}, "datetime": {"datetime": "2025-05-13 17:32:09", "elapsed": 14007.13308, "delta": 27.396992}}
{"target": 38.97394266935376, "params": {"x0": 0.8, "x1": 0.9, "x2": 7.499858246590132e-44, "x3": 3.6702849135182e-43, "x4": 1.454751771360564, "x5": 2.1225172570949953e-43, "x6": 1.1737985065771028, "x7": 4.652625255209876, "x8": 0.9172451529711619, "x9": 2.475332771198038}, "datetime": {"datetime": "2025-05-13 17:32:36", "elapsed": 14034.372147, "delta": 27.239067}}
{"target": 38.97394266935376, "params": {"x0": 0.8, "x1": 0.9, "x2": 1.949861359353221e-43, "x3": 2.674262088352517e-43, "x4": 1.454751771360564, "x5": 1.0629831165183519e-43, "x6": 1.1737985065771028, "x7": 4.652625255209876, "x8": 0.9172451529711619, "x9": 2.475332771198038}, "datetime": {"datetime": "2025-05-13 17:33:00", "elapsed": 14058.145743, "delta": 23.773596}}
{"target": 38.97394266935376, "params": {"x0": 0.8, "x1": 0.9, "x2": 8.836781428729706e-44, "x3": 7.953370732613202e-45, "x4": 1.454751771360564, "x5": 3.5200097303017915e-43, "x6": 1.1737985065771028, "x7": 4.652625255209876, "x8": 0.9172451529711619, "x9": 2.475332771198038}, "datetime": {"datetime": "2025-05-13 17:33:26", "elapsed": 14084.805044, "delta": 26.659301}}
{"target": 38.97394266935376, "params": {"x0": 0.8, "x1": 0.9, "x2": 8.663853338596844e-44, "x3": 1.567195071181041e-43, "x4": 1.454751771360564, "x5": 5.437647100441801e-44, "x6": 1.1737985065771028, "x7": 4.652625255209876, "x8": 0.9172451529711619, "x9": 2.475332771198038}, "datetime": {"datetime": "2025-05-13 17:33:59", "elapsed": 14117.857454, "delta": 33.05241}}
{"target": 38.97394266935376, "params": {"x0": 0.8, "x1": 0.9, "x2": 7.302127812914916e-44, "x3": 2.033160523823027e-43, "x4": 1.454751771360564, "x5": 2.262633717031785e-43, "x6": 1.1737985065771028, "x7": 4.652625255209876, "x8": 0.9172451529711619, "x9": 2.475332771198038}, "datetime": {"datetime": "2025-05-13 17:34:31", "elapsed": 14149.621021, "delta": 31.763567}}
{"target": 38.97394266935376, "params": {"x0": 0.8, "x1": 0.9, "x2": 7.224548400619319e-44, "x3": 1.085105060249361e-43, "x4": 1.454751771360564, "x5": 1.5849510471414226e-44, "x6": 1.1737985065771028, "x7": 4.652625255209876, "x8": 0.9172451529711619, "x9": 2.475332771198038}, "datetime": {"datetime": "2025-05-13 17:34:57", "elapsed": 14175.783752, "delta": 26.162731}}
{"target": 38.97394266935376, "params": {"x0": 0.8, "x1": 0.9, "x2": 3.799423818054047e-44, "x3": 1.8887778751376834e-43, "x4": 1.454751771360564, "x5": 1.870232326899161e-43, "x6": 1.1737985065771028, "x7": 4.652625255209876, "x8": 0.9172451529711619, "x9": 2.475332771198038}, "datetime": {"datetime": "2025-05-13 17:35:20", "elapsed": 14198.551697, "delta": 22.767945}}
{"target": 38.97394266935376, "params": {"x0": 0.8, "x1": 0.9, "x2": 6.3265011241039e-44, "x3": 1.408905511155161e-44, "x4": 1.454751771360564, "x5": 1.600392027130983e-43, "x6": 1.1737985065771028, "x7": 4.652625255209876, "x8": 0.9172451529711619, "x9": 2.475332771198038}, "datetime": {"datetime": "2025-05-13 17:35:45", "elapsed": 14223.91657, "delta": 25.364873}}
{"target": 38.97394266935376, "params": {"x0": 0.8, "x1": 0.9, "x2": 9.733632328793577e-44, "x3": 1.3750009482509423e-43, "x4": 1.454751771360564, "x5": 1.6191270473100544e-43, "x6": 1.1737985065771028, "x7": 4.652625255209876, "x8": 0.9172451529711619, "x9": 2.475332771198038}, "datetime": {"datetime": "2025-05-13 17:36:10", "elapsed": 14248.869955, "delta": 24.953385}}
{"target": 38.97394266935376, "params": {"x0": 0.8, "x1": 0.9, "x2": 9.619389981607091e-44, "x3": 3.8115355456813566e-44, "x4": 1.454751771360564, "x5": 5.830206124492624e-44, "x6": 1.1737985065771028, "x7": 4.652625255209876, "x8": 0.9172451529711619, "x9": 2.475332771198038}, "datetime": {"datetime": "2025-05-13 17:36:47", "elapsed": 14285.802682, "delta": 36.932727}}
{"target": 38.97394266935376, "params": {"x0": 0.8, "x1": 0.9, "x2": 8.070869903466596e-44, "x3": 2.715202356250551e-44, "x4": 1.454751771360564, "x5": 9.520770120179955e-44, "x6": 1.1737985065771028, "x7": 4.652625255209876, "x8": 0.9172451529711619, "x9": 2.475332771198038}, "datetime": {"datetime": "2025-05-13 17:37:07", "elapsed": 14305.8357, "delta": 20.033018}}
{"target": 38.97394266935376, "params": {"x0": 0.8, "x1": 0.9, "x2": 2.501080425227893e-44, "x3": 1.0293054946079142e-43, "x4": 1.454751771360564, "x5": 1.1153928500641891e-43, "x6": 1.1737985065771028, "x7": 4.652625255209876, "x8": 0.9172451529711619, "x9": 2.475332771198038}, "datetime": {"datetime": "2025-05-13 17:37:33", "elapsed": 14331.787519, "delta": 25.951819}}
{"target": 38.97394266935376, "params": {"x0": 0.8, "x1": 0.9, "x2": 3.3753216886245594e-45, "x3": 9.961271144859267e-44, "x4": 1.454751771360564, "x5": 1.180080790163009e-43, "x6": 1.1737985065771028, "x7": 4.652625255209876, "x8": 0.9172451529711619, "x9": 2.475332771198038}, "datetime": {"datetime": "2025-05-13 17:37:59", "elapsed": 14357.608616, "delta": 25.821097}}
{"target": 38.97394266935376, "params": {"x0": 0.8, "x1": 0.9, "x2": 6.770895581374825e-44, "x3": 5.727283051368651e-44, "x4": 1.454751771360564, "x5": 6.6303835403938916e-46, "x6": 1.1737985065771028, "x7": 4.652625255209876, "x8": 0.9172451529711619, "x9": 2.475332771198038}, "datetime": {"datetime": "2025-05-13 17:38:30", "elapsed": 14388.394465, "delta": 30.785849}}
{"target": 38.97394266935376, "params": {"x0": 0.8, "x1": 0.9, "x2": 3.9533363077923875e-44, "x3": 2.33681223845879e-44, "x4": 1.454751771360564, "x5": 9.081298576390064e-44, "x6": 1.1737985065771028, "x7": 4.652625255209876, "x8": 0.9172451529711619, "x9": 2.475332771198038}, "datetime": {"datetime": "2025-05-13 17:39:00", "elapsed": 14418.517772, "delta": 30.123307}}
{"target": 38.97394266935376, "params": {"x0": 0.8, "x1": 0.9, "x2": 1.476244641491299e-44, "x3": 5.025573984718783e-44, "x4": 1.454751771360564, "x5": 4.3051589281136174e-44, "x6": 1.1737985065771028, "x7": 4.652625255209876, "x8": 0.9172451529711619, "x9": 2.475332771198038}, "datetime": {"datetime": "2025-05-13 17:39:32", "elapsed": 14450.142461, "delta": 31.624689}}
{"target": 38.97394266935376, "params": {"x0": 0.8, "x1": 0.9, "x2": 1.2910483843419986e-44, "x3": 1.1199123908056181e-44, "x4": 1.454751771360564, "x5": 6.683126961385121e-44, "x6": 1.1737985065771028, "x7": 4.652625255209876, "x8": 0.9172451529711619, "x9": 2.475332771198038}, "datetime": {"datetime": "2025-05-13 17:40:05", "elapsed": 14483.195931, "delta": 33.05347}}
{"target": 38.97394266935376, "params": {"x0": 0.8, "x1": 0.9, "x2": 9.25420645523029e-45, "x3": 5.190250997808721e-44, "x4": 1.454751771360564, "x5": 4.5996170096054625e-44, "x6": 1.1737985065771028, "x7": 4.652625255209876, "x8": 0.9172451529711619, "x9": 2.475332771198038}, "datetime": {"datetime": "2025-05-13 17:40:32", "elapsed": 14510.259425, "delta": 27.063494}}
{"target": 38.97394266935376, "params": {"x0": 0.8, "x1": 0.9, "x2": 7.207784857852531e-45, "x3": 2.7404146226417798e-45, "x4": 1.454751771360564, "x5": 2.76320888654886e-44, "x6": 1.1737985065771028, "x7": 4.652625255209876, "x8": 0.9172451529711619, "x9": 2.475332771198038}, "datetime": {"datetime": "2025-05-13 17:40:57", "elapsed": 14535.215659, "delta": 24.956234}}
{"target": 38.97394266935376, "params": {"x0": 0.8, "x1": 0.9, "x2": 1.3820554838111844e-44, "x3": 1.0163393168735125e-44, "x4": 1.454751771360564, "x5": 2.680544312683102e-44, "x6": 1.1737985065771028, "x7": 4.652625255209876, "x8": 0.9172451529711619, "x9": 2.475332771198038}, "datetime": {"datetime": "2025-05-13 17:41:29", "elapsed": 14567.453641, "delta": 32.237982}}
{"target": 38.97394266935376, "params": {"x0": 0.8, "x1": 0.9, "x2": 3.1601150418566107e-44, "x3": 1.3288314987592684e-44, "x4": 1.454751771360564, "x5": 5.642354696756644e-44, "x6": 1.1737985065771028, "x7": 4.652625255209876, "x8": 0.9172451529711619, "x9": 2.475332771198038}, "datetime": {"datetime": "2025-05-13 17:41:59", "elapsed": 14597.628087, "delta": 30.174446}}
{"target": 38.97394266935376, "params": {"x0": 0.8, "x1": 0.9, "x2": 2.8114888163260406e-44, "x3": 3.629044058343724e-44, "x4": 1.454751771360564, "x5": 1.6725521860253122e-44, "x6": 1.1737985065771028, "x7": 4.652625255209876, "x8": 0.9172451529711619, "x9": 2.475332771198038}, "datetime": {"datetime": "2025-05-13 17:42:25", "elapsed": 14623.620585, "delta": 25.992498}}
{"target": 38.97394266935376, "params": {"x0": 0.8, "x1": 0.9, "x2": 1.9214747145630505e-44, "x3": 1.20185997583092e-44, "x4": 1.454751771360564, "x5": 1.8495721919443575e-44, "x6": 1.1737985065771028, "x7": 4.652625255209876, "x8": 0.9172451529711619, "x9": 2.475332771198038}, "datetime": {"datetime": "2025-05-13 17:42:56", "elapsed": 14654.674757, "delta": 31.054172}}
{"target": 38.97394266935376, "params": {"x0": 0.8, "x1": 0.9, "x2": 8.729038009852942e-45, "x3": 3.9748303329307216e-45, "x4": 1.454751771360564, "x5": 3.821030623107123e-44, "x6": 1.1737985065771028, "x7": 4.652625255209876, "x8": 0.9172451529711619, "x9": 2.475332771198038}, "datetime": {"datetime": "2025-05-13 17:43:27", "elapsed": 14686.008644, "delta": 31.333887}}
{"target": 38.97394266935376, "params": {"x0": 0.8, "x1": 0.9, "x2": 5.093760128438102e-45, "x3": 7.99058613132329e-45, "x4": 1.454751771360564, "x5": 2.53704616537445e-44, "x6": 1.1737985065771028, "x7": 4.652625255209876, "x8": 0.9172451529711619, "x9": 2.475332771198038}, "datetime": {"datetime": "2025-05-13 17:43:53", "elapsed": 14711.817673, "delta": 25.809029}}
{"target": 38.97394266935376, "params": {"x0": 0.8, "x1": 0.9, "x2": 2.9636814574128717e-45, "x3": 2.2840079607728663e-44, "x4": 1.454751771360564, "x5": 3.941359126085338e-45, "x6": 1.1737985065771028, "x7": 4.652625255209876, "x8": 0.9172451529711619, "x9": 2.475332771198038}, "datetime": {"datetime": "2025-05-13 17:44:25", "elapsed": 14743.734849, "delta": 31.917176}}
{"target": 38.97394266935376, "params": {"x0": 0.8, "x1": 0.9, "x2": 1.1051859073296501e-44, "x3": 1.6314455687276428e-44, "x4": 1.454751771360564, "x5": 2.0419212667898043e-44, "x6": 1.1737985065771028, "x7": 4.652625255209876, "x8": 0.9172451529711619, "x9": 2.475332771198038}, "datetime": {"datetime": "2025-05-13 17:44:56", "elapsed": 14774.970066, "delta": 31.235217}}
{"target": 38.97394266935376, "params": {"x0": 0.8, "x1": 0.9, "x2": 6.110514006829674e-45, "x3": 8.857597175603194e-45, "x4": 1.454751771360564, "x5": 1.4741574800267336e-44, "x6": 1.1737985065771028, "x7": 4.652625255209876, "x8": 0.9172451529711619, "x9": 2.475332771198038}, "datetime": {"datetime": "2025-05-13 17:45:23", "elapsed": 14801.470164, "delta": 26.500098}}
{"target": 38.97394266935376, "params": {"x0": 0.8, "x1": 0.9, "x2": 4.879355811689586e-45, "x3": 1.4484334697377377e-44, "x4": 1.454751771360564, "x5": 2.5767951615097876e-45, "x6": 1.1737985065771028, "x7": 4.652625255209876, "x8": 0.9172451529711619, "x9": 2.475332771198038}, "datetime": {"datetime": "2025-05-13 17:45:53", "elapsed": 14831.370112, "delta": 29.899948}}
{"target": 38.97394266935376, "params": {"x0": 0.8, "x1": 0.9, "x2": 3.981556962934446e-45, "x3": 1.4096281950653231e-44, "x4": 1.454751771360564, "x5": 1.5157681492944546e-44, "x6": 1.1737985065771028, "x7": 4.652625255209876, "x8": 0.9172451529711619, "x9": 2.475332771198038}, "datetime": {"datetime": "2025-05-13 17:46:21", "elapsed": 14859.124331, "delta": 27.754219}}
{"target": 38.97394266935376, "params": {"x0": 0.8, "x1": 0.9, "x2": 1.1545762286775499e-45, "x3": 1.5362694781549616e-44, "x4": 1.454751771360564, "x5": 2.030269854981798e-45, "x6": 1.1737985065771028, "x7": 4.652625255209876, "x8": 0.9172451529711619, "x9": 2.475332771198038}, "datetime": {"datetime": "2025-05-13 17:46:49", "elapsed": 14887.053204, "delta": 27.928873}}
{"target": 38.97394266935376, "params": {"x0": 0.8, "x1": 0.9, "x2": 3.923398700825612e-45, "x3": 2.8727905983447935e-45, "x4": 1.454751771360564, "x5": 1.563138395133896e-44, "x6": 1.1737985065771028, "x7": 4.652625255209876, "x8": 0.9172451529711619, "x9": 2.475332771198038}, "datetime": {"datetime": "2025-05-13 17:47:19", "elapsed": 14917.77773, "delta": 30.724526}}
{"target": 38.97394266935376, "params": {"x0": 0.8, "x1": 0.9, "x2": 5.946874666407909e-45, "x3": 1.4706265673990848e-45, "x4": 1.454751771360564, "x5": 8.224524784102416e-45, "x6": 1.1737985065771028, "x7": 4.652625255209876, "x8": 0.9172451529711619, "x9": 2.475332771198038}, "datetime": {"datetime": "2025-05-13 17:47:46", "elapsed": 14944.462241, "delta": 26.684511}}
