{"target": 38.97394266935376, "params": {"x0": 0.8, "x1": 0.9, "x2": 8.654921374692616e-45, "x3": 1.1012923890920764e-44, "x4": 1.454751771360564, "x5": 1.0792734614039774e-44, "x6": 1.1737985065771028, "x7": 4.652625255209876, "x8": 0.9172451529711619, "x9": 2.475332771198038}, "datetime": {"datetime": "2025-05-13 17:48:12", "elapsed": 14970.887957, "delta": 26.425716}}
{"target": 38.97394266935376, "params": {"x0": 0.8, "x1": 0.9, "x2": 2.2948457670091422e-45, "x3": 8.017240825933216e-45, "x4": 1.454751771360564, "x5": 1.1324347278061941e-44, "x6": 1.1737985065771028, "x7": 4.652625255209876, "x8": 0.9172451529711619, "x9": 2.475332771198038}, "datetime": {"datetime": "2025-05-13 17:48:41", "elapsed": 14999.176511, "delta": 28.288554}}
{"target": 38.97394266935376, "params": {"x0": 0.8, "x1": 0.9, "x2": 6.616941157747386e-45, "x3": 2.5372092055041877e-45, "x4": 1.454751771360564, "x5": 4.903337510766744e-45, "x6": 1.1737985065771028, "x7": 4.652625255209876, "x8": 0.9172451529711619, "x9": 2.475332771198038}, "datetime": {"datetime": "2025-05-13 17:49:07", "elapsed": 15025.678391, "delta": 26.50188}}
{"target": 38.97394266935376, "params": {"x0": 0.8, "x1": 0.9, "x2": 4.028984074982069e-45, "x3": 5.705737701211925e-45, "x4": 1.454751771360564, "x5": 8.013773649867828e-45, "x6": 1.1737985065771028, "x7": 4.652625255209876, "x8": 0.9172451529711619, "x9": 2.475332771198038}, "datetime": {"datetime": "2025-05-13 17:49:43", "elapsed": 15061.638229, "delta": 35.959838}}
{"target": 38.97394266935376, "params": {"x0": 0.8, "x1": 0.9, "x2": 3.10194329645715e-45, "x3": 5.192434286642965e-45, "x4": 1.454751771360564, "x5": 9.218467231466373e-45, "x6": 1.1737985065771028, "x7": 4.652625255209876, "x8": 0.9172451529711619, "x9": 2.475332771198038}, "datetime": {"datetime": "2025-05-13 17:50:17", "elapsed": 15095.273715, "delta": 33.635486}}
{"target": 38.97394266935376, "params": {"x0": 0.8, "x1": 0.9, "x2": 3.586466310422539e-46, "x3": 2.7398208340534245e-45, "x4": 1.454751771360564, "x5": 6.756499014267704e-45, "x6": 1.1737985065771028, "x7": 4.652625255209876, "x8": 0.9172451529711619, "x9": 2.475332771198038}, "datetime": {"datetime": "2025-05-13 17:50:49", "elapsed": 15127.484153, "delta": 32.210438}}
{"target": 38.97394266935376, "params": {"x0": 0.8, "x1": 0.9, "x2": 3.9867468676065195e-45, "x3": 4.0130948820084407e-45, "x4": 1.454751771360564, "x5": 5.556821979297308e-45, "x6": 1.1737985065771028, "x7": 4.652625255209876, "x8": 0.9172451529711619, "x9": 2.475332771198038}, "datetime": {"datetime": "2025-05-13 17:51:15", "elapsed": 15153.13743, "delta": 25.653277}}
{"target": 38.97394266935376, "params": {"x0": 0.8, "x1": 0.9, "x2": 3.2787386570491386e-45, "x3": 2.8791459283055845e-45, "x4": 1.454751771360564, "x5": 4.852412035726544e-45, "x6": 1.1737985065771028, "x7": 4.652625255209876, "x8": 0.9172451529711619, "x9": 2.475332771198038}, "datetime": {"datetime": "2025-05-13 17:51:41", "elapsed": 15179.505184, "delta": 26.367754}}
{"target": 38.97394266935376, "params": {"x0": 0.8, "x1": 0.9, "x2": 1.0026066947053118e-45, "x3": 2.976438302514312e-45, "x4": 1.454751771360564, "x5": 2.4212633307612295e-46, "x6": 1.1737985065771028, "x7": 4.652625255209876, "x8": 0.9172451529711619, "x9": 2.475332771198038}, "datetime": {"datetime": "2025-05-13 17:52:11", "elapsed": 15209.974902, "delta": 30.469718}}
{"target": 38.97394266935376, "params": {"x0": 0.8, "x1": 0.9, "x2": 2.398057660164097e-45, "x3": 9.52706397907425e-46, "x4": 1.454751771360564, "x5": 5.449832090732824e-45, "x6": 1.1737985065771028, "x7": 4.652625255209876, "x8": 0.9172451529711619, "x9": 2.475332771198038}, "datetime": {"datetime": "2025-05-13 17:52:38", "elapsed": 15236.278982, "delta": 26.30408}}
{"target": 38.97394266935376, "params": {"x0": 0.8, "x1": 0.9, "x2": 2.3234012167876884e-46, "x3": 1.0508387265380781e-46, "x4": 1.454751771360564, "x5": 4.2812326456340406e-45, "x6": 1.1737985065771028, "x7": 4.652625255209876, "x8": 0.9172451529711619, "x9": 2.475332771198038}, "datetime": {"datetime": "2025-05-13 17:53:08", "elapsed": 15266.045631, "delta": 29.766649}}
{"target": 38.97394266935376, "params": {"x0": 0.8, "x1": 0.9, "x2": 2.7691174992043545e-45, "x3": 1.5732627438945495e-45, "x4": 1.454751771360564, "x5": 4.669735561934313e-45, "x6": 1.1737985065771028, "x7": 4.652625255209876, "x8": 0.9172451529711619, "x9": 2.475332771198038}, "datetime": {"datetime": "2025-05-13 17:53:37", "elapsed": 15295.290481, "delta": 29.24485}}
{"target": 38.97394266935376, "params": {"x0": 0.8, "x1": 0.9, "x2": 9.14255337470492e-46, "x3": 2.246795301304383e-45, "x4": 1.454751771360564, "x5": 1.0365427973290943e-45, "x6": 1.1737985065771028, "x7": 4.652625255209876, "x8": 0.9172451529711619, "x9": 2.475332771198038}, "datetime": {"datetime": "2025-05-13 17:54:08", "elapsed": 15326.888586, "delta": 31.598105}}
{"target": 38.97394266935376, "params": {"x0": 0.8, "x1": 0.9, "x2": 2.210120157390338e-46, "x3": 1.3184740523600767e-46, "x4": 1.454751771360564, "x5": 1.1343844800953278e-45, "x6": 1.1737985065771028, "x7": 4.652625255209876, "x8": 0.9172451529711619, "x9": 2.475332771198038}, "datetime": {"datetime": "2025-05-13 17:54:42", "elapsed": 15360.955572, "delta": 34.066986}}
{"target": 38.97394266935376, "params": {"x0": 0.8, "x1": 0.9, "x2": 1.690347307282834e-45, "x3": 3.1379581226311217e-46, "x4": 1.454751771360564, "x5": 3.2863058665450625e-45, "x6": 1.1737985065771028, "x7": 4.652625255209876, "x8": 0.9172451529711619, "x9": 2.475332771198038}, "datetime": {"datetime": "2025-05-13 17:55:10", "elapsed": 15388.446174, "delta": 27.490602}}
{"target": 38.97394266935376, "params": {"x0": 0.8, "x1": 0.9, "x2": 3.967821695540582e-46, "x3": 2.0657814700829814e-45, "x4": 1.454751771360564, "x5": 8.247218839668576e-46, "x6": 1.1737985065771028, "x7": 4.652625255209876, "x8": 0.9172451529711619, "x9": 2.475332771198038}, "datetime": {"datetime": "2025-05-13 17:55:39", "elapsed": 15417.980245, "delta": 29.534071}}
{"target": 38.97394266935376, "params": {"x0": 0.8, "x1": 0.9, "x2": 3.747043507011008e-46, "x3": 1.0273215271057266e-45, "x4": 1.454751771360564, "x5": 2.0349717787668164e-45, "x6": 1.1737985065771028, "x7": 4.652625255209876, "x8": 0.9172451529711619, "x9": 2.475332771198038}, "datetime": {"datetime": "2025-05-13 17:56:18", "elapsed": 15456.82522, "delta": 38.844975}}
{"target": 38.97394266935376, "params": {"x0": 0.8, "x1": 0.9, "x2": 9.024578903997631e-46, "x3": 6.953697182364873e-46, "x4": 1.454751771360564, "x5": 1.7558300223051768e-45, "x6": 1.1737985065771028, "x7": 4.652625255209876, "x8": 0.9172451529711619, "x9": 2.475332771198038}, "datetime": {"datetime": "2025-05-13 17:56:49", "elapsed": 15487.346369, "delta": 30.521149}}
{"target": 38.97394266935376, "params": {"x0": 0.8, "x1": 0.9, "x2": 7.942890363500457e-46, "x3": 1.437106242312957e-45, "x4": 1.454751771360564, "x5": 8.867521534067063e-46, "x6": 1.1737985065771028, "x7": 4.652625255209876, "x8": 0.9172451529711619, "x9": 2.475332771198038}, "datetime": {"datetime": "2025-05-13 17:57:14", "elapsed": 15512.512505, "delta": 25.166136}}
{"target": 38.97394266935376, "params": {"x0": 0.8, "x1": 0.9, "x2": 1.1466636154940168e-45, "x3": 2.5719177787070315e-46, "x4": 1.454751771360564, "x5": 8.583307583312382e-46, "x6": 1.1737985065771028, "x7": 4.652625255209876, "x8": 0.9172451529711619, "x9": 2.475332771198038}, "datetime": {"datetime": "2025-05-13 17:57:42", "elapsed": 15540.025522, "delta": 27.513017}}
{"target": 38.97394266935376, "params": {"x0": 0.8, "x1": 0.9, "x2": 1.2658342915374216e-46, "x3": 1.2799233312029174e-45, "x4": 1.454751771360564, "x5": 9.53366299618568e-46, "x6": 1.1737985065771028, "x7": 4.652625255209876, "x8": 0.9172451529711619, "x9": 2.475332771198038}, "datetime": {"datetime": "2025-05-13 17:58:15", "elapsed": 15573.070384, "delta": 33.044862}}
{"target": 38.97394266935376, "params": {"x0": 0.8, "x1": 0.9, "x2": 9.518012408429055e-46, "x3": 2.6673873651040067e-46, "x4": 1.454751771360564, "x5": 9.74850783498588e-46, "x6": 1.1737985065771028, "x7": 4.652625255209876, "x8": 0.9172451529711619, "x9": 2.475332771198038}, "datetime": {"datetime": "2025-05-13 17:58:40", "elapsed": 15598.346131, "delta": 25.275747}}
{"target": 38.97394266935376, "params": {"x0": 0.8, "x1": 0.9, "x2": 4.880206668305474e-46, "x3": 9.884875290105347e-46, "x4": 1.454751771360564, "x5": 1.5436626816989477e-46, "x6": 1.1737985065771028, "x7": 4.652625255209876, "x8": 0.9172451529711619, "x9": 2.475332771198038}, "datetime": {"datetime": "2025-05-13 17:59:06", "elapsed": 15624.63171, "delta": 26.285579}}
{"target": 38.97394266935376, "params": {"x0": 0.8, "x1": 0.9, "x2": 6.450434457140495e-46, "x3": 7.171466664024461e-46, "x4": 1.454751771360564, "x5": 3.920993054655363e-46, "x6": 1.1737985065771028, "x7": 4.652625255209876, "x8": 0.9172451529711619, "x9": 2.475332771198038}, "datetime": {"datetime": "2025-05-13 17:59:35", "elapsed": 15653.793663, "delta": 29.161953}}
{"target": 38.97394266935376, "params": {"x0": 0.8, "x1": 0.9, "x2": 5.6061527333022895e-46, "x3": 3.082537857734337e-46, "x4": 1.454751771360564, "x5": 8.536274213718804e-46, "x6": 1.1737985065771028, "x7": 4.652625255209876, "x8": 0.9172451529711619, "x9": 2.475332771198038}, "datetime": {"datetime": "2025-05-13 18:00:07", "elapsed": 15685.026249, "delta": 31.232586}}
{"target": 38.97394266935376, "params": {"x0": 0.8, "x1": 0.9, "x2": 2.1224413304457875e-46, "x3": 3.3873221692522626e-46, "x4": 1.454751771360564, "x5": 5.999575007161735e-46, "x6": 1.1737985065771028, "x7": 4.652625255209876, "x8": 0.9172451529711619, "x9": 2.475332771198038}, "datetime": {"datetime": "2025-05-13 18:00:40", "elapsed": 15718.348634, "delta": 33.322385}}
{"target": 38.97394266935376, "params": {"x0": 0.8, "x1": 0.9, "x2": 3.3280447366722575e-46, "x3": 3.234091972984255e-46, "x4": 1.454751771360564, "x5": 2.5819396823030123e-46, "x6": 1.1737985065771028, "x7": 4.652625255209876, "x8": 0.9172451529711619, "x9": 2.475332771198038}, "datetime": {"datetime": "2025-05-13 18:01:13", "elapsed": 15751.755086, "delta": 33.406452}}
{"target": 38.97394266935376, "params": {"x0": 0.8, "x1": 0.9, "x2": 1.9600872790301014e-46, "x3": 3.877519171611394e-46, "x4": 1.454751771360564, "x5": 1.6586021711651557e-46, "x6": 1.1737985065771028, "x7": 4.652625255209876, "x8": 0.9172451529711619, "x9": 2.475332771198038}, "datetime": {"datetime": "2025-05-13 18:01:41", "elapsed": 15779.831335, "delta": 28.076249}}
{"target": 38.97394266935376, "params": {"x0": 0.8, "x1": 0.9, "x2": 1.0743588399740036e-46, "x3": 3.807158400976914e-46, "x4": 1.454751771360564, "x5": 3.979898459817058e-46, "x6": 1.1737985065771028, "x7": 4.652625255209876, "x8": 0.9172451529711619, "x9": 2.475332771198038}, "datetime": {"datetime": "2025-05-13 18:02:18", "elapsed": 15816.209353, "delta": 36.378018}}
{"target": 38.97394266935376, "params": {"x0": 0.8, "x1": 0.9, "x2": 3.288970101916089e-46, "x3": 2.2447142290050218e-46, "x4": 1.454751771360564, "x5": 3.558787241589968e-46, "x6": 1.1737985065771028, "x7": 4.652625255209876, "x8": 0.9172451529711619, "x9": 2.475332771198038}, "datetime": {"datetime": "2025-05-13 18:02:43", "elapsed": 15841.674077, "delta": 25.464724}}
{"target": 38.97394266935376, "params": {"x0": 0.8, "x1": 0.9, "x2": 3.481598360383884e-46, "x3": 1.9737945564064592e-46, "x4": 1.454751771360564, "x5": 6.0037863808525574e-46, "x6": 1.1737985065771028, "x7": 4.652625255209876, "x8": 0.9172451529711619, "x9": 2.475332771198038}, "datetime": {"datetime": "2025-05-13 18:03:12", "elapsed": 15870.725245, "delta": 29.051168}}
{"target": 38.97394266935376, "params": {"x0": 0.8, "x1": 0.9, "x2": 2.5746025609209544e-46, "x3": 3.944354205489461e-48, "x4": 1.454751771360564, "x5": 1.5315744960269342e-46, "x6": 1.1737985065771028, "x7": 4.652625255209876, "x8": 0.9172451529711619, "x9": 2.475332771198038}, "datetime": {"datetime": "2025-05-13 18:03:40", "elapsed": 15898.350809, "delta": 27.625564}}
{"target": 38.97394266935376, "params": {"x0": 0.8, "x1": 0.9, "x2": 1.4377247423614834e-46, "x3": 1.5886930914374777e-46, "x4": 1.454751771360564, "x5": 1.403354008056352e-46, "x6": 1.1737985065771028, "x7": 4.652625255209876, "x8": 0.9172451529711619, "x9": 2.475332771198038}, "datetime": {"datetime": "2025-05-13 18:04:02", "elapsed": 15920.54216, "delta": 22.191351}}
{"target": 38.97394266935376, "params": {"x0": 0.8, "x1": 0.9, "x2": 1.4568334200220037e-46, "x3": 1.229629875408423e-46, "x4": 1.454751771360564, "x5": 4.456557104891286e-46, "x6": 1.1737985065771028, "x7": 4.652625255209876, "x8": 0.9172451529711619, "x9": 2.475332771198038}, "datetime": {"datetime": "2025-05-13 18:04:31", "elapsed": 15949.689488, "delta": 29.147328}}
{"target": 38.97394266935376, "params": {"x0": 0.8, "x1": 0.9, "x2": 1.9269316693612642e-46, "x3": 3.0451692755836085e-46, "x4": 1.454751771360564, "x5": 2.3467091664783325e-46, "x6": 1.1737985065771028, "x7": 4.652625255209876, "x8": 0.9172451529711619, "x9": 2.475332771198038}, "datetime": {"datetime": "2025-05-13 18:04:59", "elapsed": 15977.7488, "delta": 28.059312}}
{"target": 38.97394266935376, "params": {"x0": 0.8, "x1": 0.9, "x2": 1.720586095706611e-46, "x3": 1.1608542799151979e-46, "x4": 1.454751771360564, "x5": 1.1938552794628716e-46, "x6": 1.1737985065771028, "x7": 4.652625255209876, "x8": 0.9172451529711619, "x9": 2.475332771198038}, "datetime": {"datetime": "2025-05-13 18:05:25", "elapsed": 16003.710087, "delta": 25.961287}}
{"target": 38.97394266935376, "params": {"x0": 0.8, "x1": 0.9, "x2": 1.3256254173995055e-46, "x3": 2.0134958374016405e-46, "x4": 1.454751771360564, "x5": 8.216453779728532e-47, "x6": 1.1737985065771028, "x7": 4.652625255209876, "x8": 0.9172451529711619, "x9": 2.475332771198038}, "datetime": {"datetime": "2025-05-13 18:06:04", "elapsed": 16042.574128, "delta": 38.864041}}
{"target": 38.97394266935376, "params": {"x0": 0.8, "x1": 0.9, "x2": 8.91851111264203e-47, "x3": 5.926119955189009e-48, "x4": 1.454751771360564, "x5": 1.5930155031651794e-46, "x6": 1.1737985065771028, "x7": 4.652625255209876, "x8": 0.9172451529711619, "x9": 2.475332771198038}, "datetime": {"datetime": "2025-05-13 18:06:30", "elapsed": 16068.554847, "delta": 25.980719}}
{"target": 38.97394266935376, "params": {"x0": 0.8, "x1": 0.9, "x2": 2.102523075384805e-47, "x3": 8.000000422422689e-48, "x4": 1.454751771360564, "x5": 1.2237826273849287e-47, "x6": 1.1737985065771028, "x7": 4.652625255209876, "x8": 0.9172451529711619, "x9": 2.475332771198038}, "datetime": {"datetime": "2025-05-13 18:07:03", "elapsed": 16101.347906, "delta": 32.793059}}
{"target": 38.97394266935376, "params": {"x0": 0.8, "x1": 0.9, "x2": 2.8835366463696415e-48, "x3": 1.402058951978926e-46, "x4": 1.454751771360564, "x5": 2.4618603891850506e-46, "x6": 1.1737985065771028, "x7": 4.652625255209876, "x8": 0.9172451529711619, "x9": 2.475332771198038}, "datetime": {"datetime": "2025-05-13 18:07:39", "elapsed": 16137.250025, "delta": 35.902119}}
{"target": 38.97394266935376, "params": {"x0": 0.8, "x1": 0.9, "x2": 8.989950642907971e-47, "x3": 1.115249416010022e-46, "x4": 1.454751771360564, "x5": 1.0736124880796228e-46, "x6": 1.1737985065771028, "x7": 4.652625255209876, "x8": 0.9172451529711619, "x9": 2.475332771198038}, "datetime": {"datetime": "2025-05-13 18:08:12", "elapsed": 16170.799329, "delta": 33.549304}}
{"target": 38.97394266935376, "params": {"x0": 0.8, "x1": 0.9, "x2": 3.5858027236386405e-47, "x3": 5.020157604955192e-47, "x4": 1.454751771360564, "x5": 1.7113671576738943e-46, "x6": 1.1737985065771028, "x7": 4.652625255209876, "x8": 0.9172451529711619, "x9": 2.475332771198038}, "datetime": {"datetime": "2025-05-13 18:08:47", "elapsed": 16205.411209, "delta": 34.61188}}
{"target": 38.97394266935376, "params": {"x0": 0.8, "x1": 0.9, "x2": 1.0428042703633024e-46, "x3": 4.290100349175643e-48, "x4": 1.454751771360564, "x5": 8.14575625338569e-47, "x6": 1.1737985065771028, "x7": 4.652625255209876, "x8": 0.9172451529711619, "x9": 2.475332771198038}, "datetime": {"datetime": "2025-05-13 18:09:19", "elapsed": 16237.165757, "delta": 31.754548}}
{"target": 38.97394266935376, "params": {"x0": 0.8, "x1": 0.9, "x2": 5.257123357616418e-47, "x3": 9.70257900010963e-47, "x4": 1.454751771360564, "x5": 9.495983235425957e-47, "x6": 1.1737985065771028, "x7": 4.652625255209876, "x8": 0.9172451529711619, "x9": 2.475332771198038}, "datetime": {"datetime": "2025-05-13 18:09:44", "elapsed": 16262.212761, "delta": 25.047004}}
{"target": 38.97394266935376, "params": {"x0": 0.8, "x1": 0.9, "x2": 7.190706679726668e-47, "x3": 1.092118959935935e-46, "x4": 1.454751771360564, "x5": 1.0044349558747358e-46, "x6": 1.1737985065771028, "x7": 4.652625255209876, "x8": 0.9172451529711619, "x9": 2.475332771198038}, "datetime": {"datetime": "2025-05-13 18:10:14", "elapsed": 16292.585809, "delta": 30.373048}}
{"target": 38.97394266935376, "params": {"x0": 0.8, "x1": 0.9, "x2": 2.865393503422852e-48, "x3": 6.431187954345355e-47, "x4": 1.454751771360564, "x5": 3.349362263162411e-47, "x6": 1.1737985065771028, "x7": 4.652625255209876, "x8": 0.9172451529711619, "x9": 2.475332771198038}, "datetime": {"datetime": "2025-05-13 18:10:53", "elapsed": 16331.271283, "delta": 38.685474}}
{"target": 38.97394266935376, "params": {"x0": 0.8, "x1": 0.9, "x2": 3.330408308645968e-47, "x3": 3.6927232624198535e-47, "x4": 1.454751771360564, "x5": 3.348114579551016e-48, "x6": 1.1737985065771028, "x7": 4.652625255209876, "x8": 0.9172451529711619, "x9": 2.475332771198038}, "datetime": {"datetime": "2025-05-13 18:11:27", "elapsed": 16365.887233, "delta": 34.61595}}
{"target": 38.97394266935376, "params": {"x0": 0.8, "x1": 0.9, "x2": 5.576423151254872e-47, "x3": 4.078392144883791e-47, "x4": 1.454751771360564, "x5": 9.922646879770748e-47, "x6": 1.1737985065771028, "x7": 4.652625255209876, "x8": 0.9172451529711619, "x9": 2.475332771198038}, "datetime": {"datetime": "2025-05-13 18:11:58", "elapsed": 16396.736977, "delta": 30.849744}}
{"target": 38.97394266935376, "params": {"x0": 0.8, "x1": 0.9, "x2": 1.854488806576888e-47, "x3": 1.340685931536042e-47, "x4": 1.454751771360564, "x5": 4.685310035892243e-47, "x6": 1.1737985065771028, "x7": 4.652625255209876, "x8": 0.9172451529711619, "x9": 2.475332771198038}, "datetime": {"datetime": "2025-05-13 18:12:27", "elapsed": 16425.51644, "delta": 28.779463}}
{"target": 38.97394266935376, "params": {"x0": 0.8, "x1": 0.9, "x2": 1.7691433660603156e-47, "x3": 4.0476612610682925e-47, "x4": 1.454751771360564, "x5": 7.438346281612892e-47, "x6": 1.1737985065771028, "x7": 4.652625255209876, "x8": 0.9172451529711619, "x9": 2.475332771198038}, "datetime": {"datetime": "2025-05-13 18:12:54", "elapsed": 16452.556017, "delta": 27.039577}}
{"target": 38.97394266935376, "params": {"x0": 0.8, "x1": 0.9, "x2": 4.301940644062031e-47, "x3": 4.082222258874362e-47, "x4": 1.454751771360564, "x5": 5.517317295425996e-48, "x6": 1.1737985065771028, "x7": 4.652625255209876, "x8": 0.9172451529711619, "x9": 2.475332771198038}, "datetime": {"datetime": "2025-05-13 18:13:25", "elapsed": 16483.705804, "delta": 31.149787}}
{"target": 38.97394266935376, "params": {"x0": 0.8, "x1": 0.9, "x2": 1.213424695057878e-47, "x3": 1.3385213747319039e-47, "x4": 1.454751771360564, "x5": 1.0188587455062195e-47, "x6": 1.1737985065771028, "x7": 4.652625255209876, "x8": 0.9172451529711619, "x9": 2.475332771198038}, "datetime": {"datetime": "2025-05-13 18:14:00", "elapsed": 16518.899279, "delta": 35.193475}}
{"target": 38.97394266935376, "params": {"x0": 0.8, "x1": 0.9, "x2": 1.4232224899222647e-47, "x3": 2.2496037887526045e-47, "x4": 1.454751771360564, "x5": 3.3487897488539106e-48, "x6": 1.1737985065771028, "x7": 4.652625255209876, "x8": 0.9172451529711619, "x9": 2.475332771198038}, "datetime": {"datetime": "2025-05-13 18:14:30", "elapsed": 16548.276994, "delta": 29.377715}}
{"target": 38.97394266935376, "params": {"x0": 0.8, "x1": 0.9, "x2": 2.8087419237956533e-47, "x3": 4.942265738675874e-48, "x4": 1.454751771360564, "x5": 5.779306450420706e-48, "x6": 1.1737985065771028, "x7": 4.652625255209876, "x8": 0.9172451529711619, "x9": 2.475332771198038}, "datetime": {"datetime": "2025-05-13 18:15:04", "elapsed": 16582.672871, "delta": 34.395877}}
{"target": 38.97394266935376, "params": {"x0": 0.8, "x1": 0.9, "x2": 1.9429519516087673e-47, "x3": 3.0148586250088327e-47, "x4": 1.454751771360564, "x5": 3.237149830408072e-47, "x6": 1.1737985065771028, "x7": 4.652625255209876, "x8": 0.9172451529711619, "x9": 2.475332771198038}, "datetime": {"datetime": "2025-05-13 18:15:40", "elapsed": 16618.420944, "delta": 35.748073}}
{"target": 38.97394266935376, "params": {"x0": 0.8, "x1": 0.9, "x2": 4.113171014464247e-48, "x3": 1.7569356751693615e-47, "x4": 1.454751771360564, "x5": 1.8833590739751873e-47, "x6": 1.1737985065771028, "x7": 4.652625255209876, "x8": 0.9172451529711619, "x9": 2.475332771198038}, "datetime": {"datetime": "2025-05-13 18:16:15", "elapsed": 16653.011824, "delta": 34.59088}}
{"target": 38.97394266935376, "params": {"x0": 0.8, "x1": 0.9, "x2": 1.182813240973042e-47, "x3": 1.3993759143750713e-47, "x4": 1.454751771360564, "x5": 1.223205575929364e-47, "x6": 1.1737985065771028, "x7": 4.652625255209876, "x8": 0.9172451529711619, "x9": 2.475332771198038}, "datetime": {"datetime": "2025-05-13 18:16:48", "elapsed": 16686.665428, "delta": 33.653604}}
{"target": 38.97394266935376, "params": {"x0": 0.8, "x1": 0.9, "x2": 8.726878406792726e-48, "x3": 2.204006798297019e-47, "x4": 1.454751771360564, "x5": 1.7786837640104881e-47, "x6": 1.1737985065771028, "x7": 4.652625255209876, "x8": 0.9172451529711619, "x9": 2.475332771198038}, "datetime": {"datetime": "2025-05-13 18:17:12", "elapsed": 16710.187707, "delta": 23.522279}}
