{"target": 38.97394266935376, "params": {"x0": 0.8, "x1": 0.9, "x2": 1.423079770641192e-66, "x3": 1.436057041759146e-66, "x4": 1.454751771360564, "x5": 3.4813416237872667e-66, "x6": 1.1737985065771028, "x7": 4.652625255209876, "x8": 0.9172451529711619, "x9": 2.475332771198038}, "datetime": {"datetime": "2025-05-13 23:27:32", "elapsed": 35330.803412, "delta": 53.226519}}
{"target": 38.97394266935376, "params": {"x0": 0.8, "x1": 0.9, "x2": 9.212515167994716e-68, "x3": 2.0214893495693628e-66, "x4": 1.454751771360564, "x5": 1.519316277109287e-66, "x6": 1.1737985065771028, "x7": 4.652625255209876, "x8": 0.9172451529711619, "x9": 2.475332771198038}, "datetime": {"datetime": "2025-05-13 23:28:30", "elapsed": 35388.223531, "delta": 57.420119}}
{"target": 38.97394266935376, "params": {"x0": 0.8, "x1": 0.9, "x2": 9.547366563887926e-67, "x3": 3.644682617639735e-67, "x4": 1.454751771360564, "x5": 1.1051566103079693e-66, "x6": 1.1737985065771028, "x7": 4.652625255209876, "x8": 0.9172451529711619, "x9": 2.475332771198038}, "datetime": {"datetime": "2025-05-13 23:29:35", "elapsed": 35453.109241, "delta": 64.88571}}
{"target": 38.97394266935376, "params": {"x0": 0.8, "x1": 0.9, "x2": 1.810664144994383e-67, "x3": 1.1201438478490871e-66, "x4": 1.454751771360564, "x5": 5.220708503198796e-68, "x6": 1.1737985065771028, "x7": 4.652625255209876, "x8": 0.9172451529711619, "x9": 2.475332771198038}, "datetime": {"datetime": "2025-05-13 23:31:06", "elapsed": 35544.325274, "delta": 91.216033}}
{"target": 38.97394266935376, "params": {"x0": 0.8, "x1": 0.9, "x2": 3.394489310315161e-67, "x3": 1.8459810530377318e-66, "x4": 1.454751771360564, "x5": 2.5964352090353935e-66, "x6": 1.1737985065771028, "x7": 4.652625255209876, "x8": 0.9172451529711619, "x9": 2.475332771198038}, "datetime": {"datetime": "2025-05-13 23:32:23", "elapsed": 35621.919913, "delta": 77.594639}}
{"target": 38.97394266935376, "params": {"x0": 0.8, "x1": 0.9, "x2": 5.286430429358976e-67, "x3": 2.6170686059758674e-67, "x4": 1.454751771360564, "x5": 7.393381093542942e-67, "x6": 1.1737985065771028, "x7": 4.652625255209876, "x8": 0.9172451529711619, "x9": 2.475332771198038}, "datetime": {"datetime": "2025-05-13 23:33:18", "elapsed": 35676.441999, "delta": 54.522086}}
{"target": 38.97394266935376, "params": {"x0": 0.8, "x1": 0.9, "x2": 6.706731237523709e-67, "x3": 4.686846793459381e-67, "x4": 1.454751771360564, "x5": 6.123974554010992e-67, "x6": 1.1737985065771028, "x7": 4.652625255209876, "x8": 0.9172451529711619, "x9": 2.475332771198038}, "datetime": {"datetime": "2025-05-13 23:34:16", "elapsed": 35734.685929, "delta": 58.24393}}
{"target": 38.97394266935376, "params": {"x0": 0.8, "x1": 0.9, "x2": 1.0633408928636523e-66, "x3": 1.0163843618230297e-66, "x4": 1.454751771360564, "x5": 7.323229582459864e-67, "x6": 1.1737985065771028, "x7": 4.652625255209876, "x8": 0.9172451529711619, "x9": 2.475332771198038}, "datetime": {"datetime": "2025-05-13 23:35:15", "elapsed": 35793.303019, "delta": 58.61709}}
{"target": 38.97394266935376, "params": {"x0": 0.8, "x1": 0.9, "x2": 2.98137062240379e-67, "x3": 8.262839721348615e-67, "x4": 1.454751771360564, "x5": 4.147568212712853e-67, "x6": 1.1737985065771028, "x7": 4.652625255209876, "x8": 0.9172451529711619, "x9": 2.475332771198038}, "datetime": {"datetime": "2025-05-13 23:36:15", "elapsed": 35853.556984, "delta": 60.253965}}
{"target": 38.97394266935376, "params": {"x0": 0.8, "x1": 0.9, "x2": 5.7285851194806714e-67, "x3": 9.099536157743817e-68, "x4": 1.454751771360564, "x5": 1.0084713398466014e-67, "x6": 1.1737985065771028, "x7": 4.652625255209876, "x8": 0.9172451529711619, "x9": 2.475332771198038}, "datetime": {"datetime": "2025-05-13 23:37:35", "elapsed": 35933.432295, "delta": 79.875311}}
{"target": 38.97394266935376, "params": {"x0": 0.8, "x1": 0.9, "x2": 7.142478524476747e-67, "x3": 2.3076103618526176e-67, "x4": 1.454751771360564, "x5": 1.7599959834859172e-67, "x6": 1.1737985065771028, "x7": 4.652625255209876, "x8": 0.9172451529711619, "x9": 2.475332771198038}, "datetime": {"datetime": "2025-05-13 23:38:36", "elapsed": 35994.300106, "delta": 60.867811}}
{"target": 38.97394266935376, "params": {"x0": 0.8, "x1": 0.9, "x2": 7.647444659256926e-67, "x3": 8.650305081668029e-67, "x4": 1.454751771360564, "x5": 1.544066936216161e-67, "x6": 1.1737985065771028, "x7": 4.652625255209876, "x8": 0.9172451529711619, "x9": 2.475332771198038}, "datetime": {"datetime": "2025-05-13 23:39:26", "elapsed": 36044.485959, "delta": 50.185853}}
{"target": 38.97394266935376, "params": {"x0": 0.8, "x1": 0.9, "x2": 2.5838894738217713e-67, "x3": 6.526474714475386e-67, "x4": 1.454751771360564, "x5": 7.65429324155753e-67, "x6": 1.1737985065771028, "x7": 4.652625255209876, "x8": 0.9172451529711619, "x9": 2.475332771198038}, "datetime": {"datetime": "2025-05-13 23:40:26", "elapsed": 36104.252333, "delta": 59.766374}}
{"target": 38.97394266935376, "params": {"x0": 0.8, "x1": 0.9, "x2": 7.179306696805605e-68, "x3": 2.619526953949451e-67, "x4": 1.454751771360564, "x5": 3.372438603177812e-67, "x6": 1.1737985065771028, "x7": 4.652625255209876, "x8": 0.9172451529711619, "x9": 2.475332771198038}, "datetime": {"datetime": "2025-05-13 23:41:30", "elapsed": 36168.172692, "delta": 63.920359}}
{"target": 38.97394266935376, "params": {"x0": 0.8, "x1": 0.9, "x2": 4.19127971345683e-67, "x3": 2.04132385158126e-67, "x4": 1.454751771360564, "x5": 9.477766302733711e-67, "x6": 1.1737985065771028, "x7": 4.652625255209876, "x8": 0.9172451529711619, "x9": 2.475332771198038}, "datetime": {"datetime": "2025-05-13 23:42:31", "elapsed": 36229.487223, "delta": 61.314531}}
{"target": 38.97394266935376, "params": {"x0": 0.8, "x1": 0.9, "x2": 4.074411216826357e-67, "x3": 2.407575003297077e-67, "x4": 1.454751771360564, "x5": 2.683124169717529e-67, "x6": 1.1737985065771028, "x7": 4.652625255209876, "x8": 0.9172451529711619, "x9": 2.475332771198038}, "datetime": {"datetime": "2025-05-13 23:43:29", "elapsed": 36287.963569, "delta": 58.476346}}
{"target": 38.97394266935376, "params": {"x0": 0.8, "x1": 0.9, "x2": 3.445251563606499e-67, "x3": 4.985401010956186e-67, "x4": 1.454751771360564, "x5": 7.365913611781206e-67, "x6": 1.1737985065771028, "x7": 4.652625255209876, "x8": 0.9172451529711619, "x9": 2.475332771198038}, "datetime": {"datetime": "2025-05-13 23:44:39", "elapsed": 36357.388704, "delta": 69.425135}}
{"target": 38.97394266935376, "params": {"x0": 0.8, "x1": 0.9, "x2": 4.824861595948708e-68, "x3": 8.085898334078752e-68, "x4": 1.454751771360564, "x5": 1.495365904900129e-67, "x6": 1.1737985065771028, "x7": 4.652625255209876, "x8": 0.9172451529711619, "x9": 2.475332771198038}, "datetime": {"datetime": "2025-05-13 23:45:29", "elapsed": 36407.097634, "delta": 49.70893}}
{"target": 38.97394266935376, "params": {"x0": 0.8, "x1": 0.9, "x2": 3.4717112121715746e-67, "x3": 2.933954892674108e-67, "x4": 1.454751771360564, "x5": 4.7266426193769444e-67, "x6": 1.1737985065771028, "x7": 4.652625255209876, "x8": 0.9172451529711619, "x9": 2.475332771198038}, "datetime": {"datetime": "2025-05-13 23:46:26", "elapsed": 36464.901977, "delta": 57.804343}}
{"target": 38.97394266935376, "params": {"x0": 0.8, "x1": 0.9, "x2": 1.1882324993581943e-67, "x3": 3.343405254881392e-67, "x4": 1.454751771360564, "x5": 4.042729737822008e-67, "x6": 1.1737985065771028, "x7": 4.652625255209876, "x8": 0.9172451529711619, "x9": 2.475332771198038}, "datetime": {"datetime": "2025-05-13 23:47:38", "elapsed": 36536.508437, "delta": 71.60646}}
{"target": 38.97394266935376, "params": {"x0": 0.8, "x1": 0.9, "x2": 2.0434841132746073e-67, "x3": 2.985833922571551e-67, "x4": 1.454751771360564, "x5": 1.047422744230646e-67, "x6": 1.1737985065771028, "x7": 4.652625255209876, "x8": 0.9172451529711619, "x9": 2.475332771198038}, "datetime": {"datetime": "2025-05-13 23:48:44", "elapsed": 36602.832857, "delta": 66.32442}}
{"target": 38.97394266935376, "params": {"x0": 0.8, "x1": 0.9, "x2": 5.711710098089129e-68, "x3": 3.497071694817343e-67, "x4": 1.454751771360564, "x5": 1.632507732053261e-67, "x6": 1.1737985065771028, "x7": 4.652625255209876, "x8": 0.9172451529711619, "x9": 2.475332771198038}, "datetime": {"datetime": "2025-05-13 23:49:52", "elapsed": 36670.928495, "delta": 68.095638}}
{"target": 38.97394266935376, "params": {"x0": 0.8, "x1": 0.9, "x2": 1.0284858359569486e-67, "x3": 2.081617066915731e-67, "x4": 1.454751771360564, "x5": 1.7003214853946628e-67, "x6": 1.1737985065771028, "x7": 4.652625255209876, "x8": 0.9172451529711619, "x9": 2.475332771198038}, "datetime": {"datetime": "2025-05-13 23:51:18", "elapsed": 36756.379183, "delta": 85.450688}}
{"target": 38.97394266935376, "params": {"x0": 0.8, "x1": 0.9, "x2": 1.7519000588729966e-67, "x3": 1.5148708026602574e-67, "x4": 1.454751771360564, "x5": 1.3117156788962825e-67, "x6": 1.1737985065771028, "x7": 4.652625255209876, "x8": 0.9172451529711619, "x9": 2.475332771198038}, "datetime": {"datetime": "2025-05-13 23:52:22", "elapsed": 36820.024648, "delta": 63.645465}}
{"target": 38.97394266935376, "params": {"x0": 0.8, "x1": 0.9, "x2": 6.4530768469696614e-68, "x3": 2.0931844176816155e-67, "x4": 1.454751771360564, "x5": 8.410064616124666e-68, "x6": 1.1737985065771028, "x7": 4.652625255209876, "x8": 0.9172451529711619, "x9": 2.475332771198038}, "datetime": {"datetime": "2025-05-13 23:53:16", "elapsed": 36874.636112, "delta": 54.611464}}
{"target": 38.97394266935376, "params": {"x0": 0.8, "x1": 0.9, "x2": 1.5084736166861737e-67, "x3": 9.816333666376656e-68, "x4": 1.454751771360564, "x5": 2.245321152253003e-67, "x6": 1.1737985065771028, "x7": 4.652625255209876, "x8": 0.9172451529711619, "x9": 2.475332771198038}, "datetime": {"datetime": "2025-05-13 23:54:21", "elapsed": 36939.133509, "delta": 64.497397}}
{"target": 38.97394266935376, "params": {"x0": 0.8, "x1": 0.9, "x2": 3.005043598055816e-68, "x3": 1.368815795646299e-67, "x4": 1.454751771360564, "x5": 2.7403752015310167e-67, "x6": 1.1737985065771028, "x7": 4.652625255209876, "x8": 0.9172451529711619, "x9": 2.475332771198038}, "datetime": {"datetime": "2025-05-13 23:55:29", "elapsed": 37007.691056, "delta": 68.557547}}
{"target": 38.97394266935376, "params": {"x0": 0.8, "x1": 0.9, "x2": 1.344934192319464e-68, "x3": 6.631708921376578e-68, "x4": 1.454751771360564, "x5": 6.0287242387259966e-68, "x6": 1.1737985065771028, "x7": 4.652625255209876, "x8": 0.9172451529711619, "x9": 2.475332771198038}, "datetime": {"datetime": "2025-05-13 23:56:12", "elapsed": 37050.853826, "delta": 43.16277}}
{"target": 38.97394266935376, "params": {"x0": 0.8, "x1": 0.9, "x2": 1.3705721497511036e-68, "x3": 7.234732676291028e-68, "x4": 1.454751771360564, "x5": 6.655113620848426e-68, "x6": 1.1737985065771028, "x7": 4.652625255209876, "x8": 0.9172451529711619, "x9": 2.475332771198038}, "datetime": {"datetime": "2025-05-13 23:57:06", "elapsed": 37104.936038, "delta": 54.082212}}
{"target": 38.97394266935376, "params": {"x0": 0.8, "x1": 0.9, "x2": 1.0514379581003741e-67, "x3": 2.94764810254613e-68, "x4": 1.454751771360564, "x5": 1.920590904265121e-68, "x6": 1.1737985065771028, "x7": 4.652625255209876, "x8": 0.9172451529711619, "x9": 2.475332771198038}, "datetime": {"datetime": "2025-05-13 23:58:16", "elapsed": 37174.554774, "delta": 69.618736}}
{"target": 38.97394266935376, "params": {"x0": 0.8, "x1": 0.9, "x2": 1.0228012234770755e-67, "x3": 4.4338800329575553e-69, "x4": 1.454751771360564, "x5": 8.717584792937465e-68, "x6": 1.1737985065771028, "x7": 4.652625255209876, "x8": 0.9172451529711619, "x9": 2.475332771198038}, "datetime": {"datetime": "2025-05-13 23:59:29", "elapsed": 37247.157102, "delta": 72.602328}}
{"target": 38.97394266935376, "params": {"x0": 0.8, "x1": 0.9, "x2": 7.787678931550992e-68, "x3": 1.1445005059634868e-67, "x4": 1.454751771360564, "x5": 1.3574581077689856e-67, "x6": 1.1737985065771028, "x7": 4.652625255209876, "x8": 0.9172451529711619, "x9": 2.475332771198038}, "datetime": {"datetime": "2025-05-14 00:00:46", "elapsed": 37324.49966, "delta": 77.342558}}
{"target": 38.97394266935376, "params": {"x0": 0.8, "x1": 0.9, "x2": 7.704330056292042e-68, "x3": 8.240800358201792e-68, "x4": 1.454751771360564, "x5": 4.381492760794519e-68, "x6": 1.1737985065771028, "x7": 4.652625255209876, "x8": 0.9172451529711619, "x9": 2.475332771198038}, "datetime": {"datetime": "2025-05-14 00:01:48", "elapsed": 37386.876646, "delta": 62.376986}}
{"target": 38.97394266935376, "params": {"x0": 0.8, "x1": 0.9, "x2": 1.5966904108761825e-68, "x3": 8.870369649686949e-68, "x4": 1.454751771360564, "x5": 1.974988840747989e-68, "x6": 1.1737985065771028, "x7": 4.652625255209876, "x8": 0.9172451529711619, "x9": 2.475332771198038}, "datetime": {"datetime": "2025-05-14 00:02:34", "elapsed": 37432.682471, "delta": 45.805825}}
{"target": 38.97394266935376, "params": {"x0": 0.8, "x1": 0.9, "x2": 2.1014038170851736e-68, "x3": 8.754667114723935e-68, "x4": 1.454751771360564, "x5": 6.002142582300107e-68, "x6": 1.1737985065771028, "x7": 4.652625255209876, "x8": 0.9172451529711619, "x9": 2.475332771198038}, "datetime": {"datetime": "2025-05-14 00:03:40", "elapsed": 37498.913336, "delta": 66.230865}}
{"target": 38.97394266935376, "params": {"x0": 0.8, "x1": 0.9, "x2": 1.6138003897659085e-68, "x3": 3.923806835932516e-68, "x4": 1.454751771360564, "x5": 1.0922531257388258e-67, "x6": 1.1737985065771028, "x7": 4.652625255209876, "x8": 0.9172451529711619, "x9": 2.475332771198038}, "datetime": {"datetime": "2025-05-14 00:04:36", "elapsed": 37554.333454, "delta": 55.420118}}
{"target": 38.97394266935376, "params": {"x0": 0.8, "x1": 0.9, "x2": 1.6581999350995171e-68, "x3": 2.2969264508753654e-68, "x4": 1.454751771360564, "x5": 7.481370702984262e-68, "x6": 1.1737985065771028, "x7": 4.652625255209876, "x8": 0.9172451529711619, "x9": 2.475332771198038}, "datetime": {"datetime": "2025-05-14 00:05:33", "elapsed": 37611.496494, "delta": 57.16304}}
{"target": 38.97394266935376, "params": {"x0": 0.8, "x1": 0.9, "x2": 9.571704677901352e-69, "x3": 3.5970702137551897e-68, "x4": 1.454751771360564, "x5": 6.694448566358563e-69, "x6": 1.1737985065771028, "x7": 4.652625255209876, "x8": 0.9172451529711619, "x9": 2.475332771198038}, "datetime": {"datetime": "2025-05-14 00:06:33", "elapsed": 37671.997297, "delta": 60.500803}}
{"target": 38.97394266935376, "params": {"x0": 0.8, "x1": 0.9, "x2": 4.019629111305238e-68, "x3": 1.066511782881418e-68, "x4": 1.454751771360564, "x5": 4.43335334857467e-68, "x6": 1.1737985065771028, "x7": 4.652625255209876, "x8": 0.9172451529711619, "x9": 2.475332771198038}, "datetime": {"datetime": "2025-05-14 00:07:31", "elapsed": 37729.525629, "delta": 57.528332}}
{"target": 38.97394266935376, "params": {"x0": 0.8, "x1": 0.9, "x2": 2.286313027202895e-68, "x3": 1.5142104176180104e-68, "x4": 1.454751771360564, "x5": 2.2459491878745258e-68, "x6": 1.1737985065771028, "x7": 4.652625255209876, "x8": 0.9172451529711619, "x9": 2.475332771198038}, "datetime": {"datetime": "2025-05-14 00:08:43", "elapsed": 37801.400066, "delta": 71.874437}}
{"target": 38.97394266935376, "params": {"x0": 0.8, "x1": 0.9, "x2": 1.6152216300008922e-68, "x3": 1.0366707314345686e-68, "x4": 1.454751771360564, "x5": 4.525584430592068e-68, "x6": 1.1737985065771028, "x7": 4.652625255209876, "x8": 0.9172451529711619, "x9": 2.475332771198038}, "datetime": {"datetime": "2025-05-14 00:09:48", "elapsed": 37866.584025, "delta": 65.183959}}
{"target": 38.97394266935376, "params": {"x0": 0.8, "x1": 0.9, "x2": 2.917484013325245e-68, "x3": 3.808084424297729e-68, "x4": 1.454751771360564, "x5": 5.303111247847849e-68, "x6": 1.1737985065771028, "x7": 4.652625255209876, "x8": 0.9172451529711619, "x9": 2.475332771198038}, "datetime": {"datetime": "2025-05-14 00:10:43", "elapsed": 37921.522176, "delta": 54.938151}}
{"target": 38.97394266935376, "params": {"x0": 0.8, "x1": 0.9, "x2": 2.7693700209582366e-68, "x3": 2.1306098264138003e-68, "x4": 1.454751771360564, "x5": 4.776143699133899e-68, "x6": 1.1737985065771028, "x7": 4.652625255209876, "x8": 0.9172451529711619, "x9": 2.475332771198038}, "datetime": {"datetime": "2025-05-14 00:12:00", "elapsed": 37998.644789, "delta": 77.122613}}
{"target": 38.97394266935376, "params": {"x0": 0.8, "x1": 0.9, "x2": 1.0257783320873247e-68, "x3": 3.48693348011666e-68, "x4": 1.454751771360564, "x5": 2.5949887247687936e-68, "x6": 1.1737985065771028, "x7": 4.652625255209876, "x8": 0.9172451529711619, "x9": 2.475332771198038}, "datetime": {"datetime": "2025-05-14 00:13:15", "elapsed": 38073.243404, "delta": 74.598615}}
{"target": 38.97394266935376, "params": {"x0": 0.8, "x1": 0.9, "x2": 1.8738078046500926e-68, "x3": 1.7155348908379672e-68, "x4": 1.454751771360564, "x5": 3.501414255874579e-68, "x6": 1.1737985065771028, "x7": 4.652625255209876, "x8": 0.9172451529711619, "x9": 2.475332771198038}, "datetime": {"datetime": "2025-05-14 00:14:30", "elapsed": 38148.366259, "delta": 75.122855}}
{"target": 38.97394266935376, "params": {"x0": 0.8, "x1": 0.9, "x2": 1.3808639872734379e-68, "x3": 2.686944430711132e-68, "x4": 1.454751771360564, "x5": 1.8976124537552007e-68, "x6": 1.1737985065771028, "x7": 4.652625255209876, "x8": 0.9172451529711619, "x9": 2.475332771198038}, "datetime": {"datetime": "2025-05-14 00:15:28", "elapsed": 38206.493827, "delta": 58.127568}}
{"target": 38.97394266935376, "params": {"x0": 0.8, "x1": 0.9, "x2": 1.2719845337030297e-68, "x3": 2.2924376600055395e-68, "x4": 1.454751771360564, "x5": 1.2790568086141342e-68, "x6": 1.1737985065771028, "x7": 4.652625255209876, "x8": 0.9172451529711619, "x9": 2.475332771198038}, "datetime": {"datetime": "2025-05-14 00:16:20", "elapsed": 38258.316966, "delta": 51.823139}}
{"target": 38.97394266935376, "params": {"x0": 0.8, "x1": 0.9, "x2": 7.522731842016795e-69, "x3": 8.469629039241181e-69, "x4": 1.454751771360564, "x5": 1.0496193154095066e-68, "x6": 1.1737985065771028, "x7": 4.652625255209876, "x8": 0.9172451529711619, "x9": 2.475332771198038}, "datetime": {"datetime": "2025-05-14 00:17:29", "elapsed": 38327.616523, "delta": 69.299557}}
{"target": 38.97394266935376, "params": {"x0": 0.8, "x1": 0.9, "x2": 3.4763268304203936e-69, "x3": 5.267099480202256e-69, "x4": 1.454751771360564, "x5": 4.328242916957444e-69, "x6": 1.1737985065771028, "x7": 4.652625255209876, "x8": 0.9172451529711619, "x9": 2.475332771198038}, "datetime": {"datetime": "2025-05-14 00:18:23", "elapsed": 38381.074895, "delta": 53.458372}}
{"target": 38.97394266935376, "params": {"x0": 0.8, "x1": 0.9, "x2": 1.3834603604394955e-69, "x3": 1.2447187090897361e-68, "x4": 1.454751771360564, "x5": 1.1898050853855546e-68, "x6": 1.1737985065771028, "x7": 4.652625255209876, "x8": 0.9172451529711619, "x9": 2.475332771198038}, "datetime": {"datetime": "2025-05-14 00:19:41", "elapsed": 38459.49434, "delta": 78.419445}}
{"target": 38.97394266935376, "params": {"x0": 0.8, "x1": 0.9, "x2": 5.395915128462893e-70, "x3": 4.924488213463073e-69, "x4": 1.454751771360564, "x5": 1.7814947300594632e-68, "x6": 1.1737985065771028, "x7": 4.652625255209876, "x8": 0.9172451529711619, "x9": 2.475332771198038}, "datetime": {"datetime": "2025-05-14 00:21:03", "elapsed": 38541.595524, "delta": 82.101184}}
{"target": 38.97394266935376, "params": {"x0": 0.8, "x1": 0.9, "x2": 3.294404321869386e-69, "x3": 1.4265976173416742e-68, "x4": 1.454751771360564, "x5": 1.2699379605664822e-68, "x6": 1.1737985065771028, "x7": 4.652625255209876, "x8": 0.9172451529711619, "x9": 2.475332771198038}, "datetime": {"datetime": "2025-05-14 00:22:11", "elapsed": 38609.583007, "delta": 67.987483}}
{"target": 38.97394266935376, "params": {"x0": 0.8, "x1": 0.9, "x2": 9.658380467447305e-69, "x3": 1.0893546394796991e-68, "x4": 1.454751771360564, "x5": 6.840845825475748e-69, "x6": 1.1737985065771028, "x7": 4.652625255209876, "x8": 0.9172451529711619, "x9": 2.475332771198038}, "datetime": {"datetime": "2025-05-14 00:23:09", "elapsed": 38667.876107, "delta": 58.2931}}
{"target": 38.97394266935376, "params": {"x0": 0.8, "x1": 0.9, "x2": 4.0111608999106634e-69, "x3": 1.290366309368928e-69, "x4": 1.454751771360564, "x5": 4.488014947441569e-69, "x6": 1.1737985065771028, "x7": 4.652625255209876, "x8": 0.9172451529711619, "x9": 2.475332771198038}, "datetime": {"datetime": "2025-05-14 00:24:09", "elapsed": 38727.453447, "delta": 59.57734}}
{"target": 38.97394266935376, "params": {"x0": 0.8, "x1": 0.9, "x2": 7.778333579879964e-69, "x3": 8.133636837074483e-69, "x4": 1.454751771360564, "x5": 1.246888651652651e-68, "x6": 1.1737985065771028, "x7": 4.652625255209876, "x8": 0.9172451529711619, "x9": 2.475332771198038}, "datetime": {"datetime": "2025-05-14 00:25:15", "elapsed": 38793.577388, "delta": 66.123941}}
{"target": 38.97394266935376, "params": {"x0": 0.8, "x1": 0.9, "x2": 4.161593526721876e-69, "x3": 7.456936882894084e-69, "x4": 1.454751771360564, "x5": 2.4714511914930677e-69, "x6": 1.1737985065771028, "x7": 4.652625255209876, "x8": 0.9172451529711619, "x9": 2.475332771198038}, "datetime": {"datetime": "2025-05-14 00:26:19", "elapsed": 38857.332957, "delta": 63.755569}}
{"target": 38.97394266935376, "params": {"x0": 0.8, "x1": 0.9, "x2": 6.011833707025333e-69, "x3": 2.591055790221534e-69, "x4": 1.454751771360564, "x5": 8.00021161952661e-69, "x6": 1.1737985065771028, "x7": 4.652625255209876, "x8": 0.9172451529711619, "x9": 2.475332771198038}, "datetime": {"datetime": "2025-05-14 00:27:05", "elapsed": 38903.547969, "delta": 46.215012}}
{"target": 38.97394266935376, "params": {"x0": 0.8, "x1": 0.9, "x2": 3.10699588518691e-69, "x3": 7.524919410445757e-69, "x4": 1.454751771360564, "x5": 7.954889058716753e-70, "x6": 1.1737985065771028, "x7": 4.652625255209876, "x8": 0.9172451529711619, "x9": 2.475332771198038}, "datetime": {"datetime": "2025-05-14 00:28:09", "elapsed": 38967.840607, "delta": 64.292638}}
{"target": 38.97394266935376, "params": {"x0": 0.8, "x1": 0.9, "x2": 5.356034957574274e-69, "x3": 1.0255546148784907e-69, "x4": 1.454751771360564, "x5": 6.476024275528767e-69, "x6": 1.1737985065771028, "x7": 4.652625255209876, "x8": 0.9172451529711619, "x9": 2.475332771198038}, "datetime": {"datetime": "2025-05-14 00:29:25", "elapsed": 39043.741902, "delta": 75.901295}}
