{"target": 38.97394266935376, "params": {"x0": 0.8, "x1": 0.9, "x2": 6.604992508730777e-21, "x3": 1.715505966312174e-20, "x4": 1.454751771360564, "x5": 7.286315896341099e-21, "x6": 1.1737985065771028, "x7": 4.652625255209876, "x8": 0.9172451529711619, "x9": 2.475332771198038}, "datetime": {"datetime": "2025-05-13 14:51:58", "elapsed": 4396.35187, "delta": 10.559483}}
{"target": 38.97394266935376, "params": {"x0": 0.8, "x1": 0.9, "x2": 6.748092620730447e-21, "x3": 1.1004912387296334e-20, "x4": 1.454751771360564, "x5": 7.211256601979099e-21, "x6": 1.1737985065771028, "x7": 4.652625255209877, "x8": 0.9172451529711619, "x9": 2.475332771198038}, "datetime": {"datetime": "2025-05-13 14:52:11", "elapsed": 4409.429262, "delta": 13.077392}}
{"target": 38.97394266935376, "params": {"x0": 0.8, "x1": 0.9, "x2": 1.2605641562551506e-20, "x3": 1.2123049100521709e-20, "x4": 1.454751771360564, "x5": 1.3058896014691113e-20, "x6": 1.1737985065771028, "x7": 4.652625255209876, "x8": 0.9172451529711619, "x9": 2.475332771198038}, "datetime": {"datetime": "2025-05-13 14:52:22", "elapsed": 4420.426418, "delta": 10.997156}}
{"target": 38.97394266935376, "params": {"x0": 0.8, "x1": 0.9, "x2": 1.724148815700753e-21, "x3": 7.176791026011685e-21, "x4": 1.454751771360564, "x5": 5.471308948113226e-21, "x6": 1.1737985065771028, "x7": 4.652625255209876, "x8": 0.9172451529711619, "x9": 2.475332771198038}, "datetime": {"datetime": "2025-05-13 14:52:34", "elapsed": 4432.705493, "delta": 12.279075}}
{"target": 38.97394266935376, "params": {"x0": 0.8, "x1": 0.9, "x2": 4.397190059472686e-21, "x3": 1.5671018816756469e-21, "x4": 1.454751771360564, "x5": 1.037953207833995e-20, "x6": 1.1737985065771028, "x7": 4.652625255209875, "x8": 0.9172451529711619, "x9": 2.475332771198038}, "datetime": {"datetime": "2025-05-13 14:52:46", "elapsed": 4444.75325, "delta": 12.047757}}
{"target": 38.97394266935376, "params": {"x0": 0.8, "x1": 0.9, "x2": 3.2059987975827395e-21, "x3": 1.039710468674399e-21, "x4": 1.454751771360564, "x5": 1.4573474263564683e-20, "x6": 1.1737985065771028, "x7": 4.652625255209875, "x8": 0.9172451529711619, "x9": 2.475332771198038}, "datetime": {"datetime": "2025-05-13 14:52:58", "elapsed": 4456.130281, "delta": 11.377031}}
{"target": 38.97394266935376, "params": {"x0": 0.8, "x1": 0.9, "x2": 1.6413577348331539e-21, "x3": 5.560514110754192e-21, "x4": 1.454751771360564, "x5": 4.497672637711536e-21, "x6": 1.1737985065771028, "x7": 4.652625255209877, "x8": 0.9172451529711619, "x9": 2.475332771198038}, "datetime": {"datetime": "2025-05-13 14:53:09", "elapsed": 4467.864041, "delta": 11.73376}}
{"target": 38.97394266935376, "params": {"x0": 0.8, "x1": 0.9, "x2": 1.9575946098028054e-21, "x3": 4.585058560495651e-21, "x4": 1.454751771360564, "x5": 5.472028531886444e-21, "x6": 1.1737985065771028, "x7": 4.652625255209876, "x8": 0.9172451529711619, "x9": 2.475332771198038}, "datetime": {"datetime": "2025-05-13 14:53:22", "elapsed": 4480.023828, "delta": 12.159787}}
{"target": 38.97394266935376, "params": {"x0": 0.8, "x1": 0.9, "x2": 3.9229426909005945e-21, "x3": 1.5842476941149577e-22, "x4": 1.454751771360564, "x5": 5.11189788367777e-21, "x6": 1.1737985065771028, "x7": 4.652625255209875, "x8": 0.9172451529711619, "x9": 2.475332771198038}, "datetime": {"datetime": "2025-05-13 14:53:34", "elapsed": 4492.505674, "delta": 12.481846}}
{"target": 38.97394266935376, "params": {"x0": 0.8, "x1": 0.9, "x2": 5.987620115003849e-21, "x3": 7.519997032929704e-21, "x4": 1.454751771360564, "x5": 5.229499193974087e-21, "x6": 1.1737985065771028, "x7": 4.652625255209875, "x8": 0.9172451529711619, "x9": 2.475332771198038}, "datetime": {"datetime": "2025-05-13 14:53:45", "elapsed": 4503.969384, "delta": 11.46371}}
{"target": 38.97394266935376, "params": {"x0": 0.8, "x1": 0.9, "x2": 3.0288672393296223e-21, "x3": 3.3936008645056575e-21, "x4": 1.454751771360564, "x5": 7.943672029355859e-21, "x6": 1.1737985065771028, "x7": 4.652625255209876, "x8": 0.9172451529711619, "x9": 2.475332771198038}, "datetime": {"datetime": "2025-05-13 14:53:58", "elapsed": 4516.453264, "delta": 12.48388}}
{"target": 38.97394266935376, "params": {"x0": 0.8, "x1": 0.9, "x2": 3.6316237734466485e-21, "x3": 6.855120192138038e-23, "x4": 1.454751771360564, "x5": 6.3708501580086715e-21, "x6": 1.1737985065771028, "x7": 4.652625255209876, "x8": 0.9172451529711619, "x9": 2.475332771198038}, "datetime": {"datetime": "2025-05-13 14:54:10", "elapsed": 4528.61994, "delta": 12.166676}}
{"target": 38.97394266935376, "params": {"x0": 0.8, "x1": 0.9, "x2": 2.591103874659648e-21, "x3": 5.60096947777727e-21, "x4": 1.454751771360564, "x5": 4.422753296046204e-21, "x6": 1.1737985065771028, "x7": 4.652625255209876, "x8": 0.9172451529711619, "x9": 2.475332771198038}, "datetime": {"datetime": "2025-05-13 14:54:22", "elapsed": 4540.342663, "delta": 11.722723}}
{"target": 38.97394266935376, "params": {"x0": 0.8, "x1": 0.9, "x2": 3.7353309436675914e-21, "x3": 2.712349475822629e-21, "x4": 1.454751771360564, "x5": 3.52907206535734e-21, "x6": 1.1737985065771028, "x7": 4.652625255209876, "x8": 0.9172451529711619, "x9": 2.475332771198038}, "datetime": {"datetime": "2025-05-13 14:54:33", "elapsed": 4551.743719, "delta": 11.401056}}
{"target": 38.97394266935376, "params": {"x0": 0.8, "x1": 0.9, "x2": 1.9175011553455763e-21, "x3": 4.418528983427211e-21, "x4": 1.454751771360564, "x5": 2.5828958870835293e-21, "x6": 1.1737985065771028, "x7": 4.652625255209876, "x8": 0.9172451529711619, "x9": 2.475332771198038}, "datetime": {"datetime": "2025-05-13 14:54:46", "elapsed": 4564.144539, "delta": 12.40082}}
{"target": 38.97394266935376, "params": {"x0": 0.8, "x1": 0.9, "x2": 1.1787479141837835e-21, "x3": 2.6352974734697994e-21, "x4": 1.454751771360564, "x5": 3.8110072499360555e-21, "x6": 1.1737985065771028, "x7": 4.652625255209876, "x8": 0.9172451529711619, "x9": 2.475332771198038}, "datetime": {"datetime": "2025-05-13 14:54:58", "elapsed": 4576.318161, "delta": 12.173622}}
{"target": 38.97394266935376, "params": {"x0": 0.8, "x1": 0.9, "x2": 1.2987670742813987e-21, "x3": 3.81034403584117e-21, "x4": 1.454751771360564, "x5": 2.6687621866566587e-21, "x6": 1.1737985065771028, "x7": 4.652625255209876, "x8": 0.9172451529711619, "x9": 2.475332771198038}, "datetime": {"datetime": "2025-05-13 14:55:09", "elapsed": 4587.776475, "delta": 11.458314}}
{"target": 38.97394266935376, "params": {"x0": 0.8, "x1": 0.9, "x2": 2.2882349968832127e-21, "x3": 2.043600874370225e-21, "x4": 1.454751771360564, "x5": 1.7094546767156916e-21, "x6": 1.1737985065771028, "x7": 4.652625255209876, "x8": 0.9172451529711619, "x9": 2.475332771198038}, "datetime": {"datetime": "2025-05-13 14:55:21", "elapsed": 4599.5348, "delta": 11.758325}}
{"target": 38.97394266935376, "params": {"x0": 0.8, "x1": 0.9, "x2": 2.7232420440478674e-22, "x3": 2.0502311929263595e-21, "x4": 1.454751771360564, "x5": 3.0397154409948047e-23, "x6": 1.1737985065771028, "x7": 4.652625255209876, "x8": 0.9172451529711619, "x9": 2.475332771198038}, "datetime": {"datetime": "2025-05-13 14:55:33", "elapsed": 4611.596331, "delta": 12.061531}}
{"target": 38.97394266935376, "params": {"x0": 0.8, "x1": 0.9, "x2": 6.322117630407687e-22, "x3": 2.52694437319304e-21, "x4": 1.454751771360564, "x5": 6.554201683521934e-22, "x6": 1.1737985065771028, "x7": 4.652625255209876, "x8": 0.9172451529711619, "x9": 2.475332771198038}, "datetime": {"datetime": "2025-05-13 14:55:46", "elapsed": 4624.0378, "delta": 12.441469}}
{"target": 38.97394266935376, "params": {"x0": 0.8, "x1": 0.9, "x2": 1.1876393438576087e-21, "x3": 1.0792747873421166e-21, "x4": 1.454751771360564, "x5": 2.853201023199952e-21, "x6": 1.1737985065771028, "x7": 4.652625255209876, "x8": 0.9172451529711619, "x9": 2.475332771198038}, "datetime": {"datetime": "2025-05-13 14:56:00", "elapsed": 4638.544893, "delta": 14.507093}}
{"target": 38.97394266935376, "params": {"x0": 0.8, "x1": 0.9, "x2": 1.099018794864576e-21, "x3": 6.073803768593582e-22, "x4": 1.454751771360564, "x5": 1.4859308600150752e-21, "x6": 1.1737985065771028, "x7": 4.652625255209876, "x8": 0.9172451529711619, "x9": 2.475332771198038}, "datetime": {"datetime": "2025-05-13 14:56:13", "elapsed": 4651.394394, "delta": 12.849501}}
{"target": 38.97394266935376, "params": {"x0": 0.8, "x1": 0.9, "x2": 1.2614263446449606e-21, "x3": 5.100094690880548e-22, "x4": 1.454751771360564, "x5": 2.648450865577959e-21, "x6": 1.1737985065771028, "x7": 4.652625255209876, "x8": 0.9172451529711619, "x9": 2.475332771198038}, "datetime": {"datetime": "2025-05-13 14:56:26", "elapsed": 4664.521107, "delta": 13.126713}}
{"target": 38.97394266935376, "params": {"x0": 0.8, "x1": 0.9, "x2": 8.912109035709471e-22, "x3": 1.5749309114140287e-21, "x4": 1.454751771360564, "x5": 1.961245802295069e-21, "x6": 1.1737985065771028, "x7": 4.652625255209876, "x8": 0.9172451529711619, "x9": 2.475332771198038}, "datetime": {"datetime": "2025-05-13 14:56:38", "elapsed": 4676.331014, "delta": 11.809907}}
{"target": 38.97394266935376, "params": {"x0": 0.8, "x1": 0.9, "x2": 6.528026196200954e-22, "x3": 3.2305992656351757e-22, "x4": 1.454751771360564, "x5": 6.25572913550927e-22, "x6": 1.1737985065771028, "x7": 4.652625255209876, "x8": 0.9172451529711619, "x9": 2.475332771198038}, "datetime": {"datetime": "2025-05-13 14:56:49", "elapsed": 4687.568353, "delta": 11.237339}}
{"target": 38.97394266935376, "params": {"x0": 0.8, "x1": 0.9, "x2": 6.980797200789014e-22, "x3": 1.3842584258233734e-21, "x4": 1.454751771360564, "x5": 9.652178373180133e-22, "x6": 1.1737985065771028, "x7": 4.652625255209876, "x8": 0.9172451529711619, "x9": 2.475332771198038}, "datetime": {"datetime": "2025-05-13 14:57:00", "elapsed": 4698.826314, "delta": 11.257961}}
{"target": 38.97394266935376, "params": {"x0": 0.8, "x1": 0.9, "x2": 3.5824707646066373e-22, "x3": 1.1983382567084033e-21, "x4": 1.454751771360564, "x5": 9.323705950567664e-22, "x6": 1.1737985065771028, "x7": 4.652625255209876, "x8": 0.9172451529711619, "x9": 2.475332771198038}, "datetime": {"datetime": "2025-05-13 14:57:12", "elapsed": 4710.039686, "delta": 11.213372}}
{"target": 38.97394266935376, "params": {"x0": 0.8, "x1": 0.9, "x2": 5.2242388394785856e-23, "x3": 8.269089833197347e-22, "x4": 1.454751771360564, "x5": 1.0564456911717884e-21, "x6": 1.1737985065771028, "x7": 4.652625255209876, "x8": 0.9172451529711619, "x9": 2.475332771198038}, "datetime": {"datetime": "2025-05-13 14:57:24", "elapsed": 4722.444229, "delta": 12.404543}}
{"target": 38.97394266935376, "params": {"x0": 0.8, "x1": 0.9, "x2": 6.893164482186238e-22, "x3": 3.25213984781897e-22, "x4": 1.454751771360564, "x5": 4.968541439465119e-22, "x6": 1.1737985065771028, "x7": 4.652625255209876, "x8": 0.9172451529711619, "x9": 2.475332771198038}, "datetime": {"datetime": "2025-05-13 14:57:37", "elapsed": 4735.043466, "delta": 12.599237}}
{"target": 38.97394266935376, "params": {"x0": 0.8, "x1": 0.9, "x2": 3.1227601058840406e-22, "x3": 2.6524304083881756e-22, "x4": 1.454751771360564, "x5": 6.069454458101854e-22, "x6": 1.1737985065771028, "x7": 4.652625255209876, "x8": 0.9172451529711619, "x9": 2.475332771198038}, "datetime": {"datetime": "2025-05-13 14:57:48", "elapsed": 4746.954843, "delta": 11.911377}}
{"target": 38.97394266935376, "params": {"x0": 0.8, "x1": 0.9, "x2": 4.408706858105274e-22, "x3": 1.4186098914401426e-22, "x4": 1.454751771360564, "x5": 7.071124792676022e-24, "x6": 1.1737985065771028, "x7": 4.652625255209876, "x8": 0.9172451529711619, "x9": 2.475332771198038}, "datetime": {"datetime": "2025-05-13 14:58:01", "elapsed": 4759.059494, "delta": 12.104651}}
{"target": 38.97394266935376, "params": {"x0": 0.8, "x1": 0.9, "x2": 3.8366856859448716e-22, "x3": 1.2348998953971476e-22, "x4": 1.454751771360564, "x5": 1.0277176539030194e-21, "x6": 1.1737985065771028, "x7": 4.652625255209876, "x8": 0.9172451529711619, "x9": 2.475332771198038}, "datetime": {"datetime": "2025-05-13 14:58:12", "elapsed": 4770.754425, "delta": 11.694931}}
{"target": 38.97394266935376, "params": {"x0": 0.8, "x1": 0.9, "x2": 5.133670378348853e-22, "x3": 1.7049966662085471e-22, "x4": 1.454751771360564, "x5": 2.7974748616777253e-22, "x6": 1.1737985065771028, "x7": 4.652625255209876, "x8": 0.9172451529711619, "x9": 2.475332771198038}, "datetime": {"datetime": "2025-05-13 14:58:24", "elapsed": 4782.359511, "delta": 11.605086}}
{"target": 38.97394266935376, "params": {"x0": 0.8, "x1": 0.9, "x2": 1.1945975412326147e-22, "x3": 4.915791508781345e-22, "x4": 1.454751771360564, "x5": 8.149731158403497e-22, "x6": 1.1737985065771028, "x7": 4.652625255209876, "x8": 0.9172451529711619, "x9": 2.475332771198038}, "datetime": {"datetime": "2025-05-13 14:58:35", "elapsed": 4793.167038, "delta": 10.807527}}
{"target": 38.97394266935376, "params": {"x0": 0.8, "x1": 0.9, "x2": 2.2869807707049943e-22, "x3": 4.912439741999742e-22, "x4": 1.454751771360564, "x5": 4.538585599233308e-22, "x6": 1.1737985065771028, "x7": 4.652625255209876, "x8": 0.9172451529711619, "x9": 2.475332771198038}, "datetime": {"datetime": "2025-05-13 14:58:48", "elapsed": 4806.056071, "delta": 12.889033}}
{"target": 38.97394266935376, "params": {"x0": 0.8, "x1": 0.9, "x2": 2.9644463956073565e-22, "x3": 1.2251314920545308e-22, "x4": 1.454751771360564, "x5": 5.2139542022333795e-22, "x6": 1.1737985065771028, "x7": 4.652625255209876, "x8": 0.9172451529711619, "x9": 2.475332771198038}, "datetime": {"datetime": "2025-05-13 14:59:00", "elapsed": 4818.611085, "delta": 12.555014}}
{"target": 38.97394266935376, "params": {"x0": 0.8, "x1": 0.9, "x2": 3.1426295376626092e-22, "x3": 3.5493398664624917e-22, "x4": 1.454751771360564, "x5": 2.0387727578335082e-22, "x6": 1.1737985065771028, "x7": 4.652625255209876, "x8": 0.9172451529711619, "x9": 2.475332771198038}, "datetime": {"datetime": "2025-05-13 14:59:13", "elapsed": 4831.93218, "delta": 13.321095}}
{"target": 38.97394266935376, "params": {"x0": 0.8, "x1": 0.9, "x2": 1.060203606733863e-22, "x3": 3.0696248459179146e-23, "x4": 1.454751771360564, "x5": 4.610068600904601e-22, "x6": 1.1737985065771028, "x7": 4.652625255209876, "x8": 0.9172451529711619, "x9": 2.475332771198038}, "datetime": {"datetime": "2025-05-13 14:59:27", "elapsed": 4845.949986, "delta": 14.017806}}
{"target": 38.97394266935376, "params": {"x0": 0.8, "x1": 0.9, "x2": 4.960374623738379e-23, "x3": 1.0621844491633315e-22, "x4": 1.454751771360564, "x5": 1.429770509992869e-22, "x6": 1.1737985065771028, "x7": 4.652625255209876, "x8": 0.9172451529711619, "x9": 2.475332771198038}, "datetime": {"datetime": "2025-05-13 14:59:39", "elapsed": 4857.799233, "delta": 11.849247}}
{"target": 38.97394266935376, "params": {"x0": 0.8, "x1": 0.9, "x2": 2.393738470847313e-22, "x3": 2.5719129912269774e-22, "x4": 1.454751771360564, "x5": 2.4171043469987603e-22, "x6": 1.1737985065771028, "x7": 4.652625255209876, "x8": 0.9172451529711619, "x9": 2.475332771198038}, "datetime": {"datetime": "2025-05-13 14:59:51", "elapsed": 4869.326702, "delta": 11.527469}}
{"target": 38.97394266935376, "params": {"x0": 0.8, "x1": 0.9, "x2": 9.075705954903002e-23, "x3": 1.0414820681911461e-22, "x4": 1.454751771360564, "x5": 1.6778613349352807e-22, "x6": 1.1737985065771028, "x7": 4.652625255209876, "x8": 0.9172451529711619, "x9": 2.475332771198038}, "datetime": {"datetime": "2025-05-13 15:00:03", "elapsed": 4881.739863, "delta": 12.413161}}
{"target": 38.97394266935376, "params": {"x0": 0.8, "x1": 0.9, "x2": 4.64732802874999e-23, "x3": 5.450452004793211e-23, "x4": 1.454751771360564, "x5": 2.1466945873061263e-22, "x6": 1.1737985065771028, "x7": 4.652625255209876, "x8": 0.9172451529711619, "x9": 2.475332771198038}, "datetime": {"datetime": "2025-05-13 15:00:15", "elapsed": 4893.801098, "delta": 12.061235}}
{"target": 38.97394266935376, "params": {"x0": 0.8, "x1": 0.9, "x2": 1.2604350867551844e-22, "x3": 1.38340929129821e-22, "x4": 1.454751771360564, "x5": 2.0683763239475568e-22, "x6": 1.1737985065771028, "x7": 4.652625255209876, "x8": 0.9172451529711619, "x9": 2.475332771198038}, "datetime": {"datetime": "2025-05-13 15:00:29", "elapsed": 4907.071951, "delta": 13.270853}}
{"target": 38.97394266935376, "params": {"x0": 0.8, "x1": 0.9, "x2": 4.755523027405395e-23, "x3": 1.2697775512635517e-22, "x4": 1.454751771360564, "x5": 2.465934741532993e-22, "x6": 1.1737985065771028, "x7": 4.652625255209876, "x8": 0.9172451529711619, "x9": 2.475332771198038}, "datetime": {"datetime": "2025-05-13 15:00:42", "elapsed": 4920.991726, "delta": 13.919775}}
{"target": 38.97394266935376, "params": {"x0": 0.8, "x1": 0.9, "x2": 6.327855357353182e-23, "x3": 4.3564173725600494e-23, "x4": 1.454751771360564, "x5": 1.7033777111757088e-22, "x6": 1.1737985065771028, "x7": 4.652625255209876, "x8": 0.9172451529711619, "x9": 2.475332771198038}, "datetime": {"datetime": "2025-05-13 15:00:56", "elapsed": 4934.376822, "delta": 13.385096}}
{"target": 38.97394266935376, "params": {"x0": 0.8, "x1": 0.9, "x2": 7.519212529158961e-23, "x3": 1.1578647813099137e-22, "x4": 1.454751771360564, "x5": 9.456053351602633e-23, "x6": 1.1737985065771028, "x7": 4.652625255209876, "x8": 0.9172451529711619, "x9": 2.475332771198038}, "datetime": {"datetime": "2025-05-13 15:01:08", "elapsed": 4946.806342, "delta": 12.42952}}
{"target": 38.97394266935376, "params": {"x0": 0.8, "x1": 0.9, "x2": 2.9054839798017757e-23, "x3": 1.0975275280450433e-22, "x4": 1.454751771360564, "x5": 2.796269284368034e-23, "x6": 1.1737985065771028, "x7": 4.652625255209876, "x8": 0.9172451529711619, "x9": 2.475332771198038}, "datetime": {"datetime": "2025-05-13 15:01:23", "elapsed": 4961.185047, "delta": 14.378705}}
{"target": 38.97394266935376, "params": {"x0": 0.8, "x1": 0.9, "x2": 3.8539336064108074e-23, "x3": 1.1929766617364678e-22, "x4": 1.454751771360564, "x5": 8.746932576583134e-23, "x6": 1.1737985065771028, "x7": 4.652625255209876, "x8": 0.9172451529711619, "x9": 2.475332771198038}, "datetime": {"datetime": "2025-05-13 15:01:35", "elapsed": 4973.07255, "delta": 11.887503}}
{"target": 38.97394266935376, "params": {"x0": 0.8, "x1": 0.9, "x2": 4.991772178450747e-23, "x3": 1.1492786756856713e-22, "x4": 1.454751771360564, "x5": 1.3810331996741968e-22, "x6": 1.1737985065771028, "x7": 4.652625255209876, "x8": 0.9172451529711619, "x9": 2.475332771198038}, "datetime": {"datetime": "2025-05-13 15:01:48", "elapsed": 4986.547686, "delta": 13.475136}}
{"target": 38.97394266935376, "params": {"x0": 0.8, "x1": 0.9, "x2": 5.218275388107783e-23, "x3": 1.0635876429201714e-22, "x4": 1.454751771360564, "x5": 1.1048935572767073e-22, "x6": 1.1737985065771028, "x7": 4.652625255209876, "x8": 0.9172451529711619, "x9": 2.475332771198038}, "datetime": {"datetime": "2025-05-13 15:02:00", "elapsed": 4998.979269, "delta": 12.431583}}
{"target": 38.97394266935376, "params": {"x0": 0.8, "x1": 0.9, "x2": 3.877145190394293e-23, "x3": 6.959103744698921e-23, "x4": 1.454751771360564, "x5": 6.830132297048686e-23, "x6": 1.1737985065771028, "x7": 4.652625255209876, "x8": 0.9172451529711619, "x9": 2.475332771198038}, "datetime": {"datetime": "2025-05-13 15:02:13", "elapsed": 5011.702514, "delta": 12.723245}}
{"target": 38.97394266935376, "params": {"x0": 0.8, "x1": 0.9, "x2": 3.431801814372333e-23, "x3": 1.8649449257917182e-23, "x4": 1.454751771360564, "x5": 6.028320726952967e-23, "x6": 1.1737985065771028, "x7": 4.652625255209876, "x8": 0.9172451529711619, "x9": 2.475332771198038}, "datetime": {"datetime": "2025-05-13 15:02:27", "elapsed": 5025.274819, "delta": 13.572305}}
{"target": 38.97394266935376, "params": {"x0": 0.8, "x1": 0.9, "x2": 6.403704574243025e-23, "x3": 4.5461433085705375e-23, "x4": 1.454751771360564, "x5": 4.4527469507053353e-23, "x6": 1.1737985065771028, "x7": 4.652625255209876, "x8": 0.9172451529711619, "x9": 2.475332771198038}, "datetime": {"datetime": "2025-05-13 15:02:40", "elapsed": 5038.154769, "delta": 12.87995}}
{"target": 38.97394266935376, "params": {"x0": 0.8, "x1": 0.9, "x2": 4.689791457820269e-23, "x3": 7.088640039236378e-23, "x4": 1.454751771360564, "x5": 9.423914809056681e-23, "x6": 1.1737985065771028, "x7": 4.652625255209876, "x8": 0.9172451529711619, "x9": 2.475332771198038}, "datetime": {"datetime": "2025-05-13 15:02:52", "elapsed": 5050.744439, "delta": 12.58967}}
{"target": 38.97394266935376, "params": {"x0": 0.8, "x1": 0.9, "x2": 2.579091767334011e-23, "x3": 3.0956710255359794e-23, "x4": 1.454751771360564, "x5": 4.6157123799318397e-23, "x6": 1.1737985065771028, "x7": 4.652625255209876, "x8": 0.9172451529711619, "x9": 2.475332771198038}, "datetime": {"datetime": "2025-05-13 15:03:06", "elapsed": 5064.306159, "delta": 13.56172}}
{"target": 38.97394266935376, "params": {"x0": 0.8, "x1": 0.9, "x2": 7.759678059796641e-24, "x3": 3.073584516689676e-23, "x4": 1.454751771360564, "x5": 8.463850184168034e-23, "x6": 1.1737985065771028, "x7": 4.652625255209876, "x8": 0.9172451529711619, "x9": 2.475332771198038}, "datetime": {"datetime": "2025-05-13 15:03:20", "elapsed": 5078.515494, "delta": 14.209335}}
{"target": 38.97394266935376, "params": {"x0": 0.8, "x1": 0.9, "x2": 9.175111074625522e-24, "x3": 4.9027725180784343e-23, "x4": 1.454751771360564, "x5": 4.5288172862551466e-23, "x6": 1.1737985065771028, "x7": 4.652625255209876, "x8": 0.9172451529711619, "x9": 2.475332771198038}, "datetime": {"datetime": "2025-05-13 15:03:32", "elapsed": 5090.637593, "delta": 12.122099}}
{"target": 38.97394266935376, "params": {"x0": 0.8, "x1": 0.9, "x2": 2.5403907079913638e-23, "x3": 3.279245705886826e-23, "x4": 1.454751771360564, "x5": 1.849937644443796e-23, "x6": 1.1737985065771028, "x7": 4.652625255209876, "x8": 0.9172451529711619, "x9": 2.475332771198038}, "datetime": {"datetime": "2025-05-13 15:03:45", "elapsed": 5103.744095, "delta": 13.106502}}
{"target": 38.97394266935376, "params": {"x0": 0.8, "x1": 0.9, "x2": 1.7859698448461898e-23, "x3": 3.205459288660399e-23, "x4": 1.454751771360564, "x5": 2.218840641634693e-23, "x6": 1.1737985065771028, "x7": 4.652625255209876, "x8": 0.9172451529711619, "x9": 2.475332771198038}, "datetime": {"datetime": "2025-05-13 15:03:59", "elapsed": 5117.797117, "delta": 14.053022}}
