{"target": 38.97394266935376, "params": {"x0": 0.8, "x1": 0.9, "x2": 1.734602044672377e-47, "x3": 5.683144788418417e-48, "x4": 1.454751771360564, "x5": 8.265351510402421e-48, "x6": 1.1737985065771028, "x7": 4.652625255209876, "x8": 0.9172451529711619, "x9": 2.475332771198038}, "datetime": {"datetime": "2025-05-13 18:17:46", "elapsed": 16744.793038, "delta": 34.605331}}
{"target": 38.97394266935376, "params": {"x0": 0.8, "x1": 0.9, "x2": 5.019774387219561e-48, "x3": 1.0113261331924751e-47, "x4": 1.454751771360564, "x5": 1.218122408286848e-47, "x6": 1.1737985065771028, "x7": 4.652625255209876, "x8": 0.9172451529711619, "x9": 2.475332771198038}, "datetime": {"datetime": "2025-05-13 18:18:19", "elapsed": 16777.717077, "delta": 32.924039}}
{"target": 38.97394266935376, "params": {"x0": 0.8, "x1": 0.9, "x2": 1.2470661608588338e-47, "x3": 7.923008456074558e-48, "x4": 1.454751771360564, "x5": 2.0190800090763998e-47, "x6": 1.1737985065771028, "x7": 4.652625255209876, "x8": 0.9172451529711619, "x9": 2.475332771198038}, "datetime": {"datetime": "2025-05-13 18:19:01", "elapsed": 16819.171016, "delta": 41.453939}}
{"target": 38.97394266935376, "params": {"x0": 0.8, "x1": 0.9, "x2": 2.00921577575036e-49, "x3": 2.761325661760692e-48, "x4": 1.454751771360564, "x5": 4.3290673352088477e-48, "x6": 1.1737985065771028, "x7": 4.652625255209876, "x8": 0.9172451529711619, "x9": 2.475332771198038}, "datetime": {"datetime": "2025-05-13 18:19:40", "elapsed": 16858.486235, "delta": 39.315219}}
{"target": 38.97394266935376, "params": {"x0": 0.8, "x1": 0.9, "x2": 7.571176121942764e-48, "x3": 3.359384012481047e-49, "x4": 1.454751771360564, "x5": 2.1593948449951037e-47, "x6": 1.1737985065771028, "x7": 4.652625255209876, "x8": 0.9172451529711619, "x9": 2.475332771198038}, "datetime": {"datetime": "2025-05-13 18:20:18", "elapsed": 16896.379511, "delta": 37.893276}}
{"target": 38.97394266935376, "params": {"x0": 0.8, "x1": 0.9, "x2": 4.781688654045936e-48, "x3": 3.6865287652205625e-48, "x4": 1.454751771360564, "x5": 1.3593295463136888e-47, "x6": 1.1737985065771028, "x7": 4.652625255209876, "x8": 0.9172451529711619, "x9": 2.475332771198038}, "datetime": {"datetime": "2025-05-13 18:21:01", "elapsed": 16939.963751, "delta": 43.58424}}
{"target": 38.97394266935376, "params": {"x0": 0.8, "x1": 0.9, "x2": 1.0154128806947416e-47, "x3": 8.000006578008996e-48, "x4": 1.454751771360564, "x5": 9.227017327091532e-48, "x6": 1.1737985065771028, "x7": 4.652625255209876, "x8": 0.9172451529711619, "x9": 2.475332771198038}, "datetime": {"datetime": "2025-05-13 18:21:40", "elapsed": 16978.427562, "delta": 38.463811}}
{"target": 38.97394266935376, "params": {"x0": 0.8, "x1": 0.9, "x2": 1.6123836743688326e-48, "x3": 1.1675512352645027e-47, "x4": 1.454751771360564, "x5": 1.2355358433309528e-47, "x6": 1.1737985065771028, "x7": 4.652625255209876, "x8": 0.9172451529711619, "x9": 2.475332771198038}, "datetime": {"datetime": "2025-05-13 18:22:14", "elapsed": 17012.150721, "delta": 33.723159}}
{"target": 38.97394266935376, "params": {"x0": 0.8, "x1": 0.9, "x2": 5.038290607187162e-48, "x3": 1.9172092287812092e-48, "x4": 1.454751771360564, "x5": 1.468062773513989e-47, "x6": 1.1737985065771028, "x7": 4.652625255209876, "x8": 0.9172451529711619, "x9": 2.475332771198038}, "datetime": {"datetime": "2025-05-13 18:22:48", "elapsed": 17046.775492, "delta": 34.624771}}
{"target": 38.97394266935376, "params": {"x0": 0.8, "x1": 0.9, "x2": 2.675381603120827e-49, "x3": 3.435806526226884e-48, "x4": 1.454751771360564, "x5": 5.0323590092921857e-48, "x6": 1.1737985065771028, "x7": 4.652625255209876, "x8": 0.9172451529711619, "x9": 2.475332771198038}, "datetime": {"datetime": "2025-05-13 18:23:20", "elapsed": 17078.147891, "delta": 31.372399}}
{"target": 38.97394266935376, "params": {"x0": 0.8, "x1": 0.9, "x2": 1.531114752680658e-48, "x3": 4.2289639201191755e-48, "x4": 1.454751771360564, "x5": 5.714102742213056e-48, "x6": 1.1737985065771028, "x7": 4.652625255209876, "x8": 0.9172451529711619, "x9": 2.475332771198038}, "datetime": {"datetime": "2025-05-13 18:23:57", "elapsed": 17115.215812, "delta": 37.067921}}
{"target": 38.97394266935376, "params": {"x0": 0.8, "x1": 0.9, "x2": 3.0318789520948055e-48, "x3": 6.977447433961841e-49, "x4": 1.454751771360564, "x5": 2.3684876794338592e-48, "x6": 1.1737985065771028, "x7": 4.652625255209876, "x8": 0.9172451529711619, "x9": 2.475332771198038}, "datetime": {"datetime": "2025-05-13 18:24:29", "elapsed": 17147.599646, "delta": 32.383834}}
{"target": 38.97394266935376, "params": {"x0": 0.8, "x1": 0.9, "x2": 1.6311307742083998e-49, "x3": 1.4176625603157146e-48, "x4": 1.454751771360564, "x5": 1.412960729525479e-48, "x6": 1.1737985065771028, "x7": 4.652625255209876, "x8": 0.9172451529711619, "x9": 2.475332771198038}, "datetime": {"datetime": "2025-05-13 18:25:04", "elapsed": 17182.571087, "delta": 34.971441}}
{"target": 38.97394266935376, "params": {"x0": 0.8, "x1": 0.9, "x2": 4.585807460408464e-48, "x3": 6.035641620098871e-48, "x4": 1.454751771360564, "x5": 9.129648045950898e-50, "x6": 1.1737985065771028, "x7": 4.652625255209876, "x8": 0.9172451529711619, "x9": 2.475332771198038}, "datetime": {"datetime": "2025-05-13 18:25:34", "elapsed": 17212.853414, "delta": 30.282327}}
{"target": 38.97394266935376, "params": {"x0": 0.8, "x1": 0.9, "x2": 3.822408053565252e-48, "x3": 2.7522774451316696e-48, "x4": 1.454751771360564, "x5": 2.2737719478769032e-48, "x6": 1.1737985065771028, "x7": 4.652625255209876, "x8": 0.9172451529711619, "x9": 2.475332771198038}, "datetime": {"datetime": "2025-05-13 18:26:09", "elapsed": 17247.495683, "delta": 34.642269}}
{"target": 38.97394266935376, "params": {"x0": 0.8, "x1": 0.9, "x2": 3.5575559551147415e-48, "x3": 2.409127235320637e-48, "x4": 1.454751771360564, "x5": 6.27985794693803e-48, "x6": 1.1737985065771028, "x7": 4.652625255209876, "x8": 0.9172451529711619, "x9": 2.475332771198038}, "datetime": {"datetime": "2025-05-13 18:26:35", "elapsed": 17273.432648, "delta": 25.936965}}
{"target": 38.97394266935376, "params": {"x0": 0.8, "x1": 0.9, "x2": 1.7299734087537714e-48, "x3": 4.1809802054760064e-48, "x4": 1.454751771360564, "x5": 8.2013357518138e-49, "x6": 1.1737985065771028, "x7": 4.652625255209876, "x8": 0.9172451529711619, "x9": 2.475332771198038}, "datetime": {"datetime": "2025-05-13 18:27:08", "elapsed": 17306.696823, "delta": 33.264175}}
{"target": 38.97394266935376, "params": {"x0": 0.8, "x1": 0.9, "x2": 3.054745207262134e-48, "x3": 2.828096318362667e-48, "x4": 1.454751771360564, "x5": 1.9242989955656006e-49, "x6": 1.1737985065771028, "x7": 4.652625255209876, "x8": 0.9172451529711619, "x9": 2.475332771198038}, "datetime": {"datetime": "2025-05-13 18:27:47", "elapsed": 17345.012765, "delta": 38.315942}}
{"target": 38.97394266935376, "params": {"x0": 0.8, "x1": 0.9, "x2": 2.3135136633537147e-48, "x3": 6.244760830131055e-49, "x4": 1.454751771360564, "x5": 4.8101167176248576e-48, "x6": 1.1737985065771028, "x7": 4.652625255209876, "x8": 0.9172451529711619, "x9": 2.475332771198038}, "datetime": {"datetime": "2025-05-13 18:28:18", "elapsed": 17376.49976, "delta": 31.486995}}
{"target": 38.97394266935376, "params": {"x0": 0.8, "x1": 0.9, "x2": 5.700879659411923e-49, "x3": 1.5333561258424648e-48, "x4": 1.454751771360564, "x5": 8.809709757792926e-49, "x6": 1.1737985065771028, "x7": 4.652625255209876, "x8": 0.9172451529711619, "x9": 2.475332771198038}, "datetime": {"datetime": "2025-05-13 18:28:52", "elapsed": 17410.05035, "delta": 33.55059}}
{"target": 38.97394266935376, "params": {"x0": 0.8, "x1": 0.9, "x2": 2.354708681226649e-48, "x3": 1.391547770770552e-48, "x4": 1.454751771360564, "x5": 2.8628540033654583e-48, "x6": 1.1737985065771028, "x7": 4.652625255209876, "x8": 0.9172451529711619, "x9": 2.475332771198038}, "datetime": {"datetime": "2025-05-13 18:29:40", "elapsed": 17458.458538, "delta": 48.408188}}
{"target": 38.97394266935376, "params": {"x0": 0.8, "x1": 0.9, "x2": 1.51704381431231e-48, "x3": 1.5814991417641318e-48, "x4": 1.454751771360564, "x5": 5.183488270925635e-49, "x6": 1.1737985065771028, "x7": 4.652625255209876, "x8": 0.9172451529711619, "x9": 2.475332771198038}, "datetime": {"datetime": "2025-05-13 18:30:10", "elapsed": 17488.227796, "delta": 29.769258}}
{"target": 38.97394266935376, "params": {"x0": 0.8, "x1": 0.9, "x2": 1.8729104950055443e-48, "x3": 2.51387005662167e-48, "x4": 1.454751771360564, "x5": 2.3804932756250305e-48, "x6": 1.1737985065771028, "x7": 4.652625255209876, "x8": 0.9172451529711619, "x9": 2.475332771198038}, "datetime": {"datetime": "2025-05-13 18:30:42", "elapsed": 17520.364724, "delta": 32.136928}}
{"target": 38.97394266935376, "params": {"x0": 0.8, "x1": 0.9, "x2": 4.7730346730438164e-49, "x3": 7.027307018322907e-50, "x4": 1.454751771360564, "x5": 1.9901915906663037e-48, "x6": 1.1737985065771028, "x7": 4.652625255209876, "x8": 0.9172451529711619, "x9": 2.475332771198038}, "datetime": {"datetime": "2025-05-13 18:31:23", "elapsed": 17561.069489, "delta": 40.704765}}
{"target": 38.97394266935376, "params": {"x0": 0.8, "x1": 0.9, "x2": 1.2041238216719754e-48, "x3": 1.5277726618101044e-48, "x4": 1.454751771360564, "x5": 2.0886539986852678e-48, "x6": 1.1737985065771028, "x7": 4.652625255209876, "x8": 0.9172451529711619, "x9": 2.475332771198038}, "datetime": {"datetime": "2025-05-13 18:31:58", "elapsed": 17596.762504, "delta": 35.693015}}
{"target": 38.97394266935376, "params": {"x0": 0.8, "x1": 0.9, "x2": 1.9298321112788956e-49, "x3": 5.6182737264593255e-49, "x4": 1.454751771360564, "x5": 5.577002091456259e-49, "x6": 1.1737985065771028, "x7": 4.652625255209876, "x8": 0.9172451529711619, "x9": 2.475332771198038}, "datetime": {"datetime": "2025-05-13 18:32:34", "elapsed": 17632.02615, "delta": 35.263646}}
{"target": 38.97394266935376, "params": {"x0": 0.8, "x1": 0.9, "x2": 2.5065506696797837e-49, "x3": 1.4510515815257025e-48, "x4": 1.454751771360564, "x5": 1.8042645457901083e-48, "x6": 1.1737985065771028, "x7": 4.652625255209876, "x8": 0.9172451529711619, "x9": 2.475332771198038}, "datetime": {"datetime": "2025-05-13 18:33:09", "elapsed": 17667.715534, "delta": 35.689384}}
{"target": 38.97394266935376, "params": {"x0": 0.8, "x1": 0.9, "x2": 1.2896784753351438e-49, "x3": 8.865939792794338e-49, "x4": 1.454751771360564, "x5": 1.0737626467070391e-48, "x6": 1.1737985065771028, "x7": 4.652625255209876, "x8": 0.9172451529711619, "x9": 2.475332771198038}, "datetime": {"datetime": "2025-05-13 18:33:55", "elapsed": 17713.442976, "delta": 45.727442}}
{"target": 38.97394266935376, "params": {"x0": 0.8, "x1": 0.9, "x2": 1.062545678555289e-49, "x3": 8.084302329846692e-49, "x4": 1.454751771360564, "x5": 9.182485594059874e-49, "x6": 1.1737985065771028, "x7": 4.652625255209876, "x8": 0.9172451529711619, "x9": 2.475332771198038}, "datetime": {"datetime": "2025-05-13 18:34:31", "elapsed": 17749.43705, "delta": 35.994074}}
{"target": 38.97394266935376, "params": {"x0": 0.8, "x1": 0.9, "x2": 6.225129968068074e-49, "x3": 9.645525685747481e-50, "x4": 1.454751771360564, "x5": 2.328726275902515e-49, "x6": 1.1737985065771028, "x7": 4.652625255209876, "x8": 0.9172451529711619, "x9": 2.475332771198038}, "datetime": {"datetime": "2025-05-13 18:35:04", "elapsed": 17782.929979, "delta": 33.492929}}
{"target": 38.97394266935376, "params": {"x0": 0.8, "x1": 0.9, "x2": 7.9497414829204e-49, "x3": 2.0653330790935987e-49, "x4": 1.454751771360564, "x5": 1.2269583686442052e-48, "x6": 1.1737985065771028, "x7": 4.652625255209876, "x8": 0.9172451529711619, "x9": 2.475332771198038}, "datetime": {"datetime": "2025-05-13 18:35:36", "elapsed": 17814.038868, "delta": 31.108889}}
{"target": 38.97394266935376, "params": {"x0": 0.8, "x1": 0.9, "x2": 2.3611211507887242e-49, "x3": 2.446772136381388e-49, "x4": 1.454751771360564, "x5": 5.817578875255504e-49, "x6": 1.1737985065771028, "x7": 4.652625255209876, "x8": 0.9172451529711619, "x9": 2.475332771198038}, "datetime": {"datetime": "2025-05-13 18:36:05", "elapsed": 17843.352496, "delta": 29.313628}}
{"target": 38.97394266935376, "params": {"x0": 0.8, "x1": 0.9, "x2": 5.39423606877876e-49, "x3": 4.7817676442391515e-51, "x4": 1.454751771360564, "x5": 6.8347503853783155e-49, "x6": 1.1737985065771028, "x7": 4.652625255209876, "x8": 0.9172451529711619, "x9": 2.475332771198038}, "datetime": {"datetime": "2025-05-13 18:36:35", "elapsed": 17873.94885, "delta": 30.596354}}
{"target": 38.97394266935376, "params": {"x0": 0.8, "x1": 0.9, "x2": 2.5764011897441987e-50, "x3": 4.566789392886392e-50, "x4": 1.454751771360564, "x5": 4.755185467275646e-49, "x6": 1.1737985065771028, "x7": 4.652625255209876, "x8": 0.9172451529711619, "x9": 2.475332771198038}, "datetime": {"datetime": "2025-05-13 18:37:09", "elapsed": 17907.772337, "delta": 33.823487}}
{"target": 38.97394266935376, "params": {"x0": 0.8, "x1": 0.9, "x2": 1.2679922412131522e-49, "x3": 6.0506823231652e-49, "x4": 1.454751771360564, "x5": 3.0561571021995855e-49, "x6": 1.1737985065771028, "x7": 4.652625255209876, "x8": 0.9172451529711619, "x9": 2.475332771198038}, "datetime": {"datetime": "2025-05-13 18:37:42", "elapsed": 17940.89036, "delta": 33.118023}}
{"target": 38.97394266935376, "params": {"x0": 0.8, "x1": 0.9, "x2": 2.9775620073874348e-49, "x3": 5.173423479805506e-49, "x4": 1.454751771360564, "x5": 2.9121127960662026e-49, "x6": 1.1737985065771028, "x7": 4.652625255209876, "x8": 0.9172451529711619, "x9": 2.475332771198038}, "datetime": {"datetime": "2025-05-13 18:38:15", "elapsed": 17973.636702, "delta": 32.746342}}
{"target": 38.97394266935376, "params": {"x0": 0.8, "x1": 0.9, "x2": 4.0296818369210056e-49, "x3": 3.89587810549623e-49, "x4": 1.454751771360564, "x5": 3.7317754121800435e-49, "x6": 1.1737985065771028, "x7": 4.652625255209876, "x8": 0.9172451529711619, "x9": 2.475332771198038}, "datetime": {"datetime": "2025-05-13 18:38:54", "elapsed": 18012.900185, "delta": 39.263483}}
{"target": 38.97394266935376, "params": {"x0": 0.8, "x1": 0.9, "x2": 5.906068127906119e-50, "x3": 4.312298909962592e-50, "x4": 1.454751771360564, "x5": 3.925493906704215e-49, "x6": 1.1737985065771028, "x7": 4.652625255209876, "x8": 0.9172451529711619, "x9": 2.475332771198038}, "datetime": {"datetime": "2025-05-13 18:39:30", "elapsed": 18048.6975, "delta": 35.797315}}
{"target": 38.97394266935376, "params": {"x0": 0.8, "x1": 0.9, "x2": 2.0029813295821465e-49, "x3": 4.2464309592912005e-49, "x4": 1.454751771360564, "x5": 2.072197929061111e-49, "x6": 1.1737985065771028, "x7": 4.652625255209876, "x8": 0.9172451529711619, "x9": 2.475332771198038}, "datetime": {"datetime": "2025-05-13 18:40:04", "elapsed": 18082.732181, "delta": 34.034681}}
{"target": 38.97394266935376, "params": {"x0": 0.8, "x1": 0.9, "x2": 1.3798801002027836e-49, "x3": 4.1301594295221536e-49, "x4": 1.454751771360564, "x5": 2.8667870532735883e-49, "x6": 1.1737985065771028, "x7": 4.652625255209876, "x8": 0.9172451529711619, "x9": 2.475332771198038}, "datetime": {"datetime": "2025-05-13 18:40:44", "elapsed": 18122.635074, "delta": 39.902893}}
{"target": 38.97394266935376, "params": {"x0": 0.8, "x1": 0.9, "x2": 2.524538702353003e-49, "x3": 8.504424785292103e-50, "x4": 1.454751771360564, "x5": 4.7762321818598846e-49, "x6": 1.1737985065771028, "x7": 4.652625255209876, "x8": 0.9172451529711619, "x9": 2.475332771198038}, "datetime": {"datetime": "2025-05-13 18:41:19", "elapsed": 18157.696339, "delta": 35.061265}}
{"target": 38.97394266935376, "params": {"x0": 0.8, "x1": 0.9, "x2": 2.1490762587183378e-50, "x3": 2.994929324495741e-49, "x4": 1.454751771360564, "x5": 4.934786495447962e-50, "x6": 1.1737985065771028, "x7": 4.652625255209876, "x8": 0.9172451529711619, "x9": 2.475332771198038}, "datetime": {"datetime": "2025-05-13 18:42:07", "elapsed": 18205.88689, "delta": 48.190551}}
{"target": 38.97394266935376, "params": {"x0": 0.8, "x1": 0.9, "x2": 4.615836346379681e-50, "x3": 2.594946425490537e-49, "x4": 1.454751771360564, "x5": 2.057901706707471e-49, "x6": 1.1737985065771028, "x7": 4.652625255209876, "x8": 0.9172451529711619, "x9": 2.475332771198038}, "datetime": {"datetime": "2025-05-13 18:42:41", "elapsed": 18239.814119, "delta": 33.927229}}
{"target": 38.97394266935376, "params": {"x0": 0.8, "x1": 0.9, "x2": 6.846131938229928e-50, "x3": 2.235935267959957e-49, "x4": 1.454751771360564, "x5": 3.2693721747011708e-49, "x6": 1.1737985065771028, "x7": 4.652625255209876, "x8": 0.9172451529711619, "x9": 2.475332771198038}, "datetime": {"datetime": "2025-05-13 18:43:20", "elapsed": 18278.98849, "delta": 39.174371}}
{"target": 38.97394266935376, "params": {"x0": 0.8, "x1": 0.9, "x2": 1.4057834596354736e-49, "x3": 6.136955776614877e-50, "x4": 1.454751771360564, "x5": 3.1508818994985915e-49, "x6": 1.1737985065771028, "x7": 4.652625255209876, "x8": 0.9172451529711619, "x9": 2.475332771198038}, "datetime": {"datetime": "2025-05-13 18:43:58", "elapsed": 18316.825998, "delta": 37.837508}}
{"target": 38.97394266935376, "params": {"x0": 0.8, "x1": 0.9, "x2": 3.751192502768486e-50, "x3": 6.041134672174311e-50, "x4": 1.454751771360564, "x5": 1.4584004832518696e-49, "x6": 1.1737985065771028, "x7": 4.652625255209876, "x8": 0.9172451529711619, "x9": 2.475332771198038}, "datetime": {"datetime": "2025-05-13 18:44:46", "elapsed": 18364.883226, "delta": 48.057228}}
{"target": 38.97394266935376, "params": {"x0": 0.8, "x1": 0.9, "x2": 2.79429882116855e-50, "x3": 4.4293108476560395e-50, "x4": 1.454751771360564, "x5": 2.2645745653832068e-49, "x6": 1.1737985065771028, "x7": 4.652625255209876, "x8": 0.9172451529711619, "x9": 2.475332771198038}, "datetime": {"datetime": "2025-05-13 18:45:26", "elapsed": 18404.830026, "delta": 39.9468}}
{"target": 38.97394266935376, "params": {"x0": 0.8, "x1": 0.9, "x2": 9.08636400658798e-50, "x3": 1.9603685565912356e-51, "x4": 1.454751771360564, "x5": 1.3152732134210616e-49, "x6": 1.1737985065771028, "x7": 4.652625255209876, "x8": 0.9172451529711619, "x9": 2.475332771198038}, "datetime": {"datetime": "2025-05-13 18:46:06", "elapsed": 18444.697261, "delta": 39.867235}}
{"target": 38.97394266935376, "params": {"x0": 0.8, "x1": 0.9, "x2": 9.381301023640409e-50, "x3": 1.8526635637144002e-50, "x4": 1.454751771360564, "x5": 8.16997099121476e-50, "x6": 1.1737985065771028, "x7": 4.652625255209876, "x8": 0.9172451529711619, "x9": 2.475332771198038}, "datetime": {"datetime": "2025-05-13 18:46:46", "elapsed": 18484.876599, "delta": 40.179338}}
{"target": 38.97394266935376, "params": {"x0": 0.8, "x1": 0.9, "x2": 1.360012415374302e-50, "x3": 1.3578360529639963e-49, "x4": 1.454751771360564, "x5": 5.531030749854532e-50, "x6": 1.1737985065771028, "x7": 4.652625255209876, "x8": 0.9172451529711619, "x9": 2.475332771198038}, "datetime": {"datetime": "2025-05-13 18:47:26", "elapsed": 18524.03462, "delta": 39.158021}}
{"target": 38.97394266935376, "params": {"x0": 0.8, "x1": 0.9, "x2": 7.96665920652923e-50, "x3": 1.517812205521695e-50, "x4": 1.454751771360564, "x5": 1.3621804884733102e-49, "x6": 1.1737985065771028, "x7": 4.652625255209876, "x8": 0.9172451529711619, "x9": 2.475332771198038}, "datetime": {"datetime": "2025-05-13 18:47:58", "elapsed": 18556.01624, "delta": 31.98162}}
{"target": 38.97394266935376, "params": {"x0": 0.8, "x1": 0.9, "x2": 7.097994863777787e-50, "x3": 9.11229684209448e-50, "x4": 1.454751771360564, "x5": 6.1624592850244855e-50, "x6": 1.1737985065771028, "x7": 4.652625255209876, "x8": 0.9172451529711619, "x9": 2.475332771198038}, "datetime": {"datetime": "2025-05-13 18:48:31", "elapsed": 18589.43838, "delta": 33.42214}}
{"target": 38.97394266935376, "params": {"x0": 0.8, "x1": 0.9, "x2": 3.7920076146385616e-50, "x3": 8.778313043274718e-50, "x4": 1.454751771360564, "x5": 2.460820769783197e-50, "x6": 1.1737985065771028, "x7": 4.652625255209876, "x8": 0.9172451529711619, "x9": 2.475332771198038}, "datetime": {"datetime": "2025-05-13 18:49:06", "elapsed": 18624.513827, "delta": 35.075447}}
{"target": 38.97394266935376, "params": {"x0": 0.8, "x1": 0.9, "x2": 2.0450725313949669e-50, "x3": 5.363266227306738e-51, "x4": 1.454751771360564, "x5": 1.1329150197527768e-49, "x6": 1.1737985065771028, "x7": 4.652625255209876, "x8": 0.9172451529711619, "x9": 2.475332771198038}, "datetime": {"datetime": "2025-05-13 18:49:38", "elapsed": 18656.928114, "delta": 32.414287}}
{"target": 38.97394266935376, "params": {"x0": 0.8, "x1": 0.9, "x2": 2.999863142626189e-50, "x3": 7.449903477455549e-50, "x4": 1.454751771360564, "x5": 1.0949957019587172e-49, "x6": 1.1737985065771028, "x7": 4.652625255209876, "x8": 0.9172451529711619, "x9": 2.475332771198038}, "datetime": {"datetime": "2025-05-13 18:50:21", "elapsed": 18699.407208, "delta": 42.479094}}
{"target": 38.97394266935376, "params": {"x0": 0.8, "x1": 0.9, "x2": 1.9343314300687613e-51, "x3": 6.759223948079137e-50, "x4": 1.454751771360564, "x5": 9.65742195405694e-50, "x6": 1.1737985065771028, "x7": 4.652625255209876, "x8": 0.9172451529711619, "x9": 2.475332771198038}, "datetime": {"datetime": "2025-05-13 18:51:00", "elapsed": 18738.835028, "delta": 39.42782}}
{"target": 38.97394266935376, "params": {"x0": 0.8, "x1": 0.9, "x2": 2.1039541836811993e-50, "x3": 1.6453836183924776e-50, "x4": 1.454751771360564, "x5": 6.46894825248259e-51, "x6": 1.1737985065771028, "x7": 4.652625255209876, "x8": 0.9172451529711619, "x9": 2.475332771198038}, "datetime": {"datetime": "2025-05-13 18:51:32", "elapsed": 18770.974718, "delta": 32.13969}}
{"target": 38.97394266935376, "params": {"x0": 0.8, "x1": 0.9, "x2": 3.249719540684552e-50, "x3": 3.8777221559428363e-51, "x4": 1.454751771360564, "x5": 6.444478958717963e-50, "x6": 1.1737985065771028, "x7": 4.652625255209876, "x8": 0.9172451529711619, "x9": 2.475332771198038}, "datetime": {"datetime": "2025-05-13 18:52:02", "elapsed": 18800.920656, "delta": 29.945938}}
{"target": 38.97394266935376, "params": {"x0": 0.8, "x1": 0.9, "x2": 2.631546688422336e-50, "x3": 4.844158268256995e-50, "x4": 1.454751771360564, "x5": 1.4845093710350655e-50, "x6": 1.1737985065771028, "x7": 4.652625255209876, "x8": 0.9172451529711619, "x9": 2.475332771198038}, "datetime": {"datetime": "2025-05-13 18:52:34", "elapsed": 18832.495908, "delta": 31.575252}}
