{"target": 38.97394266935376, "params": {"x0": 0.8, "x1": 0.9, "x2": 5.233443685119941e-88, "x3": 7.73093925482052e-89, "x4": 1.454751771360564, "x5": 1.1788674124608915e-87, "x6": 1.1737985065771028, "x7": 4.652625255209876, "x8": 0.9172451529711619, "x9": 2.475332771198038}, "datetime": {"datetime": "2025-05-14 09:59:47", "elapsed": 73265.225049, "delta": 111.229614}}
{"target": 38.97394266935376, "params": {"x0": 0.8, "x1": 0.9, "x2": 8.330995969147238e-88, "x3": 6.937710292274388e-88, "x4": 1.454751771360564, "x5": 7.747316648964537e-88, "x6": 1.1737985065771028, "x7": 4.652625255209876, "x8": 0.9172451529711619, "x9": 2.475332771198038}, "datetime": {"datetime": "2025-05-14 10:01:28", "elapsed": 73366.128868, "delta": 100.903819}}
{"target": 38.97394266935376, "params": {"x0": 0.8, "x1": 0.9, "x2": 6.956898970662561e-88, "x3": 2.2721560971081816e-88, "x4": 1.454751771360564, "x5": 4.998278304051355e-88, "x6": 1.1737985065771028, "x7": 4.652625255209876, "x8": 0.9172451529711619, "x9": 2.475332771198038}, "datetime": {"datetime": "2025-05-14 10:03:23", "elapsed": 73481.530568, "delta": 115.4017}}
{"target": 38.97394266935376, "params": {"x0": 0.8, "x1": 0.9, "x2": 3.5471317601394513e-88, "x3": 3.754049576625607e-88, "x4": 1.454751771360564, "x5": 6.750532087286543e-88, "x6": 1.1737985065771028, "x7": 4.652625255209876, "x8": 0.9172451529711619, "x9": 2.475332771198038}, "datetime": {"datetime": "2025-05-14 10:05:01", "elapsed": 73579.260289, "delta": 97.729721}}
{"target": 38.97394266935376, "params": {"x0": 0.8, "x1": 0.9, "x2": 6.539029275700422e-88, "x3": 1.659210786981291e-88, "x4": 1.454751771360564, "x5": 8.663701768735484e-88, "x6": 1.1737985065771028, "x7": 4.652625255209876, "x8": 0.9172451529711619, "x9": 2.475332771198038}, "datetime": {"datetime": "2025-05-14 10:06:55", "elapsed": 73693.87978, "delta": 114.619491}}
{"target": 38.97394266935376, "params": {"x0": 0.8, "x1": 0.9, "x2": 3.787047777349203e-88, "x3": 7.789387361322409e-88, "x4": 1.454751771360564, "x5": 6.674563741716751e-88, "x6": 1.1737985065771028, "x7": 4.652625255209876, "x8": 0.9172451529711619, "x9": 2.475332771198038}, "datetime": {"datetime": "2025-05-14 10:08:24", "elapsed": 73783.001072, "delta": 89.121292}}
{"target": 38.97394266935376, "params": {"x0": 0.8, "x1": 0.9, "x2": 2.401307206617867e-88, "x3": 2.9237428388552234e-88, "x4": 1.454751771360564, "x5": 3.9716180674991745e-88, "x6": 1.1737985065771028, "x7": 4.652625255209876, "x8": 0.9172451529711619, "x9": 2.475332771198038}, "datetime": {"datetime": "2025-05-14 10:10:30", "elapsed": 73908.867809, "delta": 125.866737}}
{"target": 38.97394266935376, "params": {"x0": 0.8, "x1": 0.9, "x2": 4.831398221228846e-88, "x3": 5.98648108841571e-88, "x4": 1.454751771360564, "x5": 6.594942472182004e-88, "x6": 1.1737985065771028, "x7": 4.652625255209876, "x8": 0.9172451529711619, "x9": 2.475332771198038}, "datetime": {"datetime": "2025-05-14 10:12:14", "elapsed": 74012.656692, "delta": 103.788883}}
{"target": 38.97394266935376, "params": {"x0": 0.8, "x1": 0.9, "x2": 1.1649586653166108e-88, "x3": 1.145309488276994e-88, "x4": 1.454751771360564, "x5": 1.4627581104495586e-88, "x6": 1.1737985065771028, "x7": 4.652625255209876, "x8": 0.9172451529711619, "x9": 2.475332771198038}, "datetime": {"datetime": "2025-05-14 10:13:46", "elapsed": 74104.210027, "delta": 91.553335}}
{"target": 38.97394266935376, "params": {"x0": 0.8, "x1": 0.9, "x2": 1.489167520751588e-88, "x3": 4.0754880281920636e-88, "x4": 1.454751771360564, "x5": 2.9761612703225197e-89, "x6": 1.1737985065771028, "x7": 4.652625255209876, "x8": 0.9172451529711619, "x9": 2.475332771198038}, "datetime": {"datetime": "2025-05-14 10:15:06", "elapsed": 74184.209488, "delta": 79.999461}}
{"target": 38.97394266935376, "params": {"x0": 0.8, "x1": 0.9, "x2": 7.088587630016681e-89, "x3": 1.371939953479975e-88, "x4": 1.454751771360564, "x5": 2.7832896806827734e-88, "x6": 1.1737985065771028, "x7": 4.652625255209876, "x8": 0.9172451529711619, "x9": 2.475332771198038}, "datetime": {"datetime": "2025-05-14 10:17:06", "elapsed": 74304.692532, "delta": 120.483044}}
{"target": 38.97394266935376, "params": {"x0": 0.8, "x1": 0.9, "x2": 1.955595772293553e-88, "x3": 6.432900939396062e-89, "x4": 1.454751771360564, "x5": 3.5976922170558483e-88, "x6": 1.1737985065771028, "x7": 4.652625255209876, "x8": 0.9172451529711619, "x9": 2.475332771198038}, "datetime": {"datetime": "2025-05-14 10:18:48", "elapsed": 74406.587264, "delta": 101.894732}}
{"target": 38.97394266935376, "params": {"x0": 0.8, "x1": 0.9, "x2": 6.318916330674937e-89, "x3": 3.216789068160423e-88, "x4": 1.454751771360564, "x5": 7.553173131197408e-89, "x6": 1.1737985065771028, "x7": 4.652625255209876, "x8": 0.9172451529711619, "x9": 2.475332771198038}, "datetime": {"datetime": "2025-05-14 10:20:10", "elapsed": 74488.384735, "delta": 81.797471}}
{"target": 38.97394266935376, "params": {"x0": 0.8, "x1": 0.9, "x2": 1.297767897931377e-88, "x3": 4.0196688442371966e-89, "x4": 1.454751771360564, "x5": 4.459879120882559e-88, "x6": 1.1737985065771028, "x7": 4.652625255209876, "x8": 0.9172451529711619, "x9": 2.475332771198038}, "datetime": {"datetime": "2025-05-14 10:22:11", "elapsed": 74609.954252, "delta": 121.569517}}
{"target": 38.97394266935376, "params": {"x0": 0.8, "x1": 0.9, "x2": 2.2132632997229213e-88, "x3": 1.6803872936169952e-88, "x4": 1.454751771360564, "x5": 3.8011923969469205e-88, "x6": 1.1737985065771028, "x7": 4.652625255209876, "x8": 0.9172451529711619, "x9": 2.475332771198038}, "datetime": {"datetime": "2025-05-14 10:23:41", "elapsed": 74699.957778, "delta": 90.003526}}
{"target": 38.97394266935376, "params": {"x0": 0.8, "x1": 0.9, "x2": 1.2791732945194225e-88, "x3": 7.425953221390796e-89, "x4": 1.454751771360564, "x5": 2.345822652844231e-88, "x6": 1.1737985065771028, "x7": 4.652625255209876, "x8": 0.9172451529711619, "x9": 2.475332771198038}, "datetime": {"datetime": "2025-05-14 10:25:21", "elapsed": 74799.039332, "delta": 99.081554}}
{"target": 38.97394266935376, "params": {"x0": 0.8, "x1": 0.9, "x2": 1.1387300486700083e-88, "x3": 1.7463250522743778e-88, "x4": 1.454751771360564, "x5": 2.777650942776385e-89, "x6": 1.1737985065771028, "x7": 4.652625255209876, "x8": 0.9172451529711619, "x9": 2.475332771198038}, "datetime": {"datetime": "2025-05-14 10:26:52", "elapsed": 74890.072059, "delta": 91.032727}}
{"target": 38.97394266935376, "params": {"x0": 0.8, "x1": 0.9, "x2": 1.0646195673200771e-88, "x3": 2.189876852223775e-88, "x4": 1.454751771360564, "x5": 3.710306166722225e-89, "x6": 1.1737985065771028, "x7": 4.652625255209876, "x8": 0.9172451529711619, "x9": 2.475332771198038}, "datetime": {"datetime": "2025-05-14 10:28:08", "elapsed": 74966.155174, "delta": 76.083115}}
{"target": 38.97394266935376, "params": {"x0": 0.8, "x1": 0.9, "x2": 5.281034033280621e-90, "x3": 4.226797319795577e-89, "x4": 1.454751771360564, "x5": 4.071004505916396e-89, "x6": 1.1737985065771028, "x7": 4.652625255209876, "x8": 0.9172451529711619, "x9": 2.475332771198038}, "datetime": {"datetime": "2025-05-14 10:29:25", "elapsed": 75043.248803, "delta": 77.093629}}
{"target": 38.97394266935376, "params": {"x0": 0.8, "x1": 0.9, "x2": 1.2381656860589792e-88, "x3": 4.031277696438846e-89, "x4": 1.454751771360564, "x5": 8.76712380902994e-89, "x6": 1.1737985065771028, "x7": 4.652625255209876, "x8": 0.9172451529711619, "x9": 2.475332771198038}, "datetime": {"datetime": "2025-05-14 10:31:07", "elapsed": 75145.86887, "delta": 102.620067}}
{"target": 38.97394266935376, "params": {"x0": 0.8, "x1": 0.9, "x2": 1.1394205531601944e-88, "x3": 1.4151120403149599e-88, "x4": 1.454751771360564, "x5": 2.062013887905281e-88, "x6": 1.1737985065771028, "x7": 4.652625255209876, "x8": 0.9172451529711619, "x9": 2.475332771198038}, "datetime": {"datetime": "2025-05-14 10:32:24", "elapsed": 75222.232678, "delta": 76.363808}}
{"target": 38.97394266935376, "params": {"x0": 0.8, "x1": 0.9, "x2": 3.8315853081033086e-90, "x3": 2.3838991933664074e-89, "x4": 1.454751771360564, "x5": 1.6803269527527365e-88, "x6": 1.1737985065771028, "x7": 4.652625255209876, "x8": 0.9172451529711619, "x9": 2.475332771198038}, "datetime": {"datetime": "2025-05-14 10:33:46", "elapsed": 75304.589163, "delta": 82.356485}}
{"target": 38.97394266935376, "params": {"x0": 0.8, "x1": 0.9, "x2": 5.4247231360408994e-89, "x3": 2.6838158994139364e-89, "x4": 1.454751771360564, "x5": 6.652802530204679e-89, "x6": 1.1737985065771028, "x7": 4.652625255209876, "x8": 0.9172451529711619, "x9": 2.475332771198038}, "datetime": {"datetime": "2025-05-14 10:35:10", "elapsed": 75388.065261, "delta": 83.476098}}
{"target": 38.97394266935376, "params": {"x0": 0.8, "x1": 0.9, "x2": 2.339259518884838e-89, "x3": 1.4866374161817062e-89, "x4": 1.454751771360564, "x5": 8.843448547935289e-89, "x6": 1.1737985065771028, "x7": 4.652625255209876, "x8": 0.9172451529711619, "x9": 2.475332771198038}, "datetime": {"datetime": "2025-05-14 10:36:40", "elapsed": 75478.702137, "delta": 90.636876}}
{"target": 38.97394266935376, "params": {"x0": 0.8, "x1": 0.9, "x2": 7.8681105410886e-89, "x3": 7.407797521248637e-89, "x4": 1.454751771360564, "x5": 2.2056569049255344e-90, "x6": 1.1737985065771028, "x7": 4.652625255209876, "x8": 0.9172451529711619, "x9": 2.475332771198038}, "datetime": {"datetime": "2025-05-14 10:38:33", "elapsed": 75591.254027, "delta": 112.55189}}
{"target": 38.97394266935376, "params": {"x0": 0.8, "x1": 0.9, "x2": 1.4241918976935073e-90, "x3": 3.85465148538296e-89, "x4": 1.454751771360564, "x5": 7.902931858345284e-89, "x6": 1.1737985065771028, "x7": 4.652625255209876, "x8": 0.9172451529711619, "x9": 2.475332771198038}, "datetime": {"datetime": "2025-05-14 10:40:08", "elapsed": 75686.480123, "delta": 95.226096}}
{"target": 38.97394266935376, "params": {"x0": 0.8, "x1": 0.9, "x2": 3.6911489340077894e-89, "x3": 8.346455688696143e-89, "x4": 1.454751771360564, "x5": 7.859636439046459e-90, "x6": 1.1737985065771028, "x7": 4.652625255209876, "x8": 0.9172451529711619, "x9": 2.475332771198038}, "datetime": {"datetime": "2025-05-14 10:41:55", "elapsed": 75793.975942, "delta": 107.495819}}
{"target": 38.97394266935376, "params": {"x0": 0.8, "x1": 0.9, "x2": 1.569766274043762e-89, "x3": 3.3840999082136795e-90, "x4": 1.454751771360564, "x5": 1.5433880804073085e-89, "x6": 1.1737985065771028, "x7": 4.652625255209876, "x8": 0.9172451529711619, "x9": 2.475332771198038}, "datetime": {"datetime": "2025-05-14 10:43:42", "elapsed": 75900.962616, "delta": 106.986674}}
{"target": 38.97394266935376, "params": {"x0": 0.8, "x1": 0.9, "x2": 1.2682486112466088e-90, "x3": 7.1431326274324224e-90, "x4": 1.454751771360564, "x5": 5.3664809893309485e-90, "x6": 1.1737985065771028, "x7": 4.652625255209876, "x8": 0.9172451529711619, "x9": 2.475332771198038}, "datetime": {"datetime": "2025-05-14 10:45:24", "elapsed": 76002.754034, "delta": 101.791418}}
{"target": 38.97394266935376, "params": {"x0": 0.8, "x1": 0.9, "x2": 2.2841605034048104e-89, "x3": 8.868528553658393e-90, "x4": 1.454751771360564, "x5": 1.8182766431807106e-89, "x6": 1.1737985065771028, "x7": 4.652625255209876, "x8": 0.9172451529711619, "x9": 2.475332771198038}, "datetime": {"datetime": "2025-05-14 10:47:44", "elapsed": 76142.940852, "delta": 140.186818}}
{"target": 38.97394266935376, "params": {"x0": 0.8, "x1": 0.9, "x2": 1.4107575942303457e-89, "x3": 1.4104041736191555e-89, "x4": 1.454751771360564, "x5": 1.130645868781927e-89, "x6": 1.1737985065771028, "x7": 4.652625255209876, "x8": 0.9172451529711619, "x9": 2.475332771198038}, "datetime": {"datetime": "2025-05-14 10:49:49", "elapsed": 76267.638882, "delta": 124.69803}}
{"target": 38.97394266935376, "params": {"x0": 0.8, "x1": 0.9, "x2": 2.2210579384884197e-89, "x3": 3.381737578097434e-90, "x4": 1.454751771360564, "x5": 2.9525931419227207e-89, "x6": 1.1737985065771028, "x7": 4.652625255209876, "x8": 0.9172451529711619, "x9": 2.475332771198038}, "datetime": {"datetime": "2025-05-14 10:51:15", "elapsed": 76353.66058, "delta": 86.021698}}
{"target": 38.97394266935376, "params": {"x0": 0.8, "x1": 0.9, "x2": 5.991547862653018e-90, "x3": 1.780378784842164e-89, "x4": 1.454751771360564, "x5": 1.2283641491632573e-89, "x6": 1.1737985065771028, "x7": 4.652625255209876, "x8": 0.9172451529711619, "x9": 2.475332771198038}, "datetime": {"datetime": "2025-05-14 10:53:08", "elapsed": 76466.376797, "delta": 112.716217}}
{"target": 38.97394266935376, "params": {"x0": 0.8, "x1": 0.9, "x2": 1.5590886601069318e-89, "x3": 9.343380861959872e-90, "x4": 1.454751771360564, "x5": 2.9249302157484594e-89, "x6": 1.1737985065771028, "x7": 4.652625255209876, "x8": 0.9172451529711619, "x9": 2.475332771198038}, "datetime": {"datetime": "2025-05-14 10:54:35", "elapsed": 76553.142663, "delta": 86.765866}}
{"target": 38.97394266935376, "params": {"x0": 0.8, "x1": 0.9, "x2": 1.1176802775019e-89, "x3": 1.9524190806664488e-89, "x4": 1.454751771360564, "x5": 3.80552605231831e-89, "x6": 1.1737985065771028, "x7": 4.652625255209876, "x8": 0.9172451529711619, "x9": 2.475332771198038}, "datetime": {"datetime": "2025-05-14 10:56:29", "elapsed": 76667.271752, "delta": 114.129089}}
{"target": 38.97394266935376, "params": {"x0": 0.8, "x1": 0.9, "x2": 1.87645070811983e-89, "x3": 1.9366262457601325e-89, "x4": 1.454751771360564, "x5": 4.2635116266302175e-89, "x6": 1.1737985065771028, "x7": 4.652625255209876, "x8": 0.9172451529711619, "x9": 2.475332771198038}, "datetime": {"datetime": "2025-05-14 10:58:13", "elapsed": 76771.685026, "delta": 104.413274}}
{"target": 38.97394266935376, "params": {"x0": 0.8, "x1": 0.9, "x2": 1.6673869099173872e-89, "x3": 1.4507848529774039e-89, "x4": 1.454751771360564, "x5": 2.312273710147351e-89, "x6": 1.1737985065771028, "x7": 4.652625255209876, "x8": 0.9172451529711619, "x9": 2.475332771198038}, "datetime": {"datetime": "2025-05-14 10:59:29", "elapsed": 76847.882883, "delta": 76.197857}}
{"target": 38.97394266935376, "params": {"x0": 0.8, "x1": 0.9, "x2": 7.336259340296522e-90, "x3": 5.635538011016744e-91, "x4": 1.454751771360564, "x5": 2.396912226604224e-89, "x6": 1.1737985065771028, "x7": 4.652625255209876, "x8": 0.9172451529711619, "x9": 2.475332771198038}, "datetime": {"datetime": "2025-05-14 11:01:06", "elapsed": 76944.469643, "delta": 96.58676}}
{"target": 38.97394266935376, "params": {"x0": 0.8, "x1": 0.9, "x2": 3.2155466913952236e-90, "x3": 2.4948570782365133e-89, "x4": 1.454751771360564, "x5": 4.1905116554084825e-90, "x6": 1.1737985065771028, "x7": 4.652625255209876, "x8": 0.9172451529711619, "x9": 2.475332771198038}, "datetime": {"datetime": "2025-05-14 11:02:33", "elapsed": 77031.957256, "delta": 87.487613}}
{"target": 38.97394266935376, "params": {"x0": 0.8, "x1": 0.9, "x2": 1.5882449972763735e-89, "x3": 7.0834675873983785e-90, "x4": 1.454751771360564, "x5": 1.2615306854224827e-89, "x6": 1.1737985065771028, "x7": 4.652625255209876, "x8": 0.9172451529711619, "x9": 2.475332771198038}, "datetime": {"datetime": "2025-05-14 11:04:13", "elapsed": 77131.231255, "delta": 99.273999}}
{"target": 38.97394266935376, "params": {"x0": 0.8, "x1": 0.9, "x2": 9.775050279604126e-90, "x3": 2.078840031617608e-90, "x4": 1.454751771360564, "x5": 2.5763138850973718e-89, "x6": 1.1737985065771028, "x7": 4.652625255209876, "x8": 0.9172451529711619, "x9": 2.475332771198038}, "datetime": {"datetime": "2025-05-14 11:05:41", "elapsed": 77219.271665, "delta": 88.04041}}
{"target": 38.97394266935376, "params": {"x0": 0.8, "x1": 0.9, "x2": 4.771056750231781e-90, "x3": 1.993995536066777e-90, "x4": 1.454751771360564, "x5": 2.019049951105192e-89, "x6": 1.1737985065771028, "x7": 4.652625255209876, "x8": 0.9172451529711619, "x9": 2.475332771198038}, "datetime": {"datetime": "2025-05-14 11:07:22", "elapsed": 77320.725241, "delta": 101.453576}}
{"target": 38.97394266935376, "params": {"x0": 0.8, "x1": 0.9, "x2": 6.812075907768708e-90, "x3": 9.860871379592468e-90, "x4": 1.454751771360564, "x5": 8.857049252493284e-90, "x6": 1.1737985065771028, "x7": 4.652625255209876, "x8": 0.9172451529711619, "x9": 2.475332771198038}, "datetime": {"datetime": "2025-05-14 11:09:15", "elapsed": 77433.392722, "delta": 112.667481}}
{"target": 38.97394266935376, "params": {"x0": 0.8, "x1": 0.9, "x2": 6.245104314977002e-90, "x3": 6.8411779834292835e-90, "x4": 1.454751771360564, "x5": 6.812276123365639e-90, "x6": 1.1737985065771028, "x7": 4.652625255209876, "x8": 0.9172451529711619, "x9": 2.475332771198038}, "datetime": {"datetime": "2025-05-14 11:11:00", "elapsed": 77538.604902, "delta": 105.21218}}
{"target": 38.97394266935376, "params": {"x0": 0.8, "x1": 0.9, "x2": 1.9729904001313593e-90, "x3": 6.042624599908059e-90, "x4": 1.454751771360564, "x5": 4.975357990449964e-90, "x6": 1.1737985065771028, "x7": 4.652625255209876, "x8": 0.9172451529711619, "x9": 2.475332771198038}, "datetime": {"datetime": "2025-05-14 11:12:32", "elapsed": 77630.141241, "delta": 91.536339}}
{"target": 38.97394266935376, "params": {"x0": 0.8, "x1": 0.9, "x2": 8.56463543501398e-90, "x3": 3.042000928261467e-90, "x4": 1.454751771360564, "x5": 1.0643705337688842e-89, "x6": 1.1737985065771028, "x7": 4.652625255209876, "x8": 0.9172451529711619, "x9": 2.475332771198038}, "datetime": {"datetime": "2025-05-14 11:14:03", "elapsed": 77721.310711, "delta": 91.16947}}
{"target": 38.97394266935376, "params": {"x0": 0.8, "x1": 0.9, "x2": 5.4580149200409e-90, "x3": 5.601818150819321e-91, "x4": 1.454751771360564, "x5": 1.4524531154645723e-89, "x6": 1.1737985065771028, "x7": 4.652625255209876, "x8": 0.9172451529711619, "x9": 2.475332771198038}, "datetime": {"datetime": "2025-05-14 11:15:40", "elapsed": 77818.392343, "delta": 97.081632}}
{"target": 38.97394266935376, "params": {"x0": 0.8, "x1": 0.9, "x2": 4.687880368093226e-90, "x3": 6.262421497467916e-90, "x4": 1.454751771360564, "x5": 1.255521232705795e-89, "x6": 1.1737985065771028, "x7": 4.652625255209876, "x8": 0.9172451529711619, "x9": 2.475332771198038}, "datetime": {"datetime": "2025-05-14 11:17:41", "elapsed": 77939.448804, "delta": 121.056461}}
{"target": 38.97394266935376, "params": {"x0": 0.8, "x1": 0.9, "x2": 6.531369036652935e-90, "x3": 5.375062351156829e-90, "x4": 1.454751771360564, "x5": 1.0873731225130093e-89, "x6": 1.1737985065771028, "x7": 4.652625255209876, "x8": 0.9172451529711619, "x9": 2.475332771198038}, "datetime": {"datetime": "2025-05-14 11:19:55", "elapsed": 78073.113794, "delta": 133.66499}}
{"target": 38.97394266935376, "params": {"x0": 0.8, "x1": 0.9, "x2": 9.523266104125311e-91, "x3": 2.2416100133866437e-90, "x4": 1.454751771360564, "x5": 5.819419845970871e-90, "x6": 1.1737985065771028, "x7": 4.652625255209876, "x8": 0.9172451529711619, "x9": 2.475332771198038}, "datetime": {"datetime": "2025-05-14 11:21:43", "elapsed": 78181.498927, "delta": 108.385133}}
{"target": 38.97394266935376, "params": {"x0": 0.8, "x1": 0.9, "x2": 3.3482473709849477e-90, "x3": 6.557609704967518e-90, "x4": 1.454751771360564, "x5": 4.231385952162781e-90, "x6": 1.1737985065771028, "x7": 4.652625255209876, "x8": 0.9172451529711619, "x9": 2.475332771198038}, "datetime": {"datetime": "2025-05-14 11:23:19", "elapsed": 78277.514402, "delta": 96.015475}}
{"target": 38.97394266935376, "params": {"x0": 0.8, "x1": 0.9, "x2": 2.741472820209752e-91, "x3": 4.484833668741048e-90, "x4": 1.454751771360564, "x5": 5.219231225219892e-90, "x6": 1.1737985065771028, "x7": 4.652625255209876, "x8": 0.9172451529711619, "x9": 2.475332771198038}, "datetime": {"datetime": "2025-05-14 11:25:16", "elapsed": 78394.657432, "delta": 117.14303}}
{"target": 38.97394266935376, "params": {"x0": 0.8, "x1": 0.9, "x2": 1.7206025205828679e-90, "x3": 1.3571950130503096e-90, "x4": 1.454751771360564, "x5": 1.1807758536251137e-90, "x6": 1.1737985065771028, "x7": 4.652625255209876, "x8": 0.9172451529711619, "x9": 2.475332771198038}, "datetime": {"datetime": "2025-05-14 11:27:09", "elapsed": 78507.717955, "delta": 113.060523}}
{"target": 38.97394266935376, "params": {"x0": 0.8, "x1": 0.9, "x2": 4.814440373505884e-92, "x3": 1.9226675359206051e-90, "x4": 1.454751771360564, "x5": 3.877531258969482e-90, "x6": 1.1737985065771028, "x7": 4.652625255209876, "x8": 0.9172451529711619, "x9": 2.475332771198038}, "datetime": {"datetime": "2025-05-14 11:29:00", "elapsed": 78618.50436, "delta": 110.786405}}
{"target": 38.97394266935376, "params": {"x0": 0.8, "x1": 0.9, "x2": 1.633934631274481e-90, "x3": 5.613340484088342e-91, "x4": 1.454751771360564, "x5": 1.0433758717601958e-90, "x6": 1.1737985065771028, "x7": 4.652625255209876, "x8": 0.9172451529711619, "x9": 2.475332771198038}, "datetime": {"datetime": "2025-05-14 11:31:07", "elapsed": 78745.632004, "delta": 127.127644}}
{"target": 38.97394266935376, "params": {"x0": 0.8, "x1": 0.9, "x2": 1.7544337191894732e-90, "x3": 1.469883274265368e-90, "x4": 1.454751771360564, "x5": 3.8067764759575737e-90, "x6": 1.1737985065771028, "x7": 4.652625255209876, "x8": 0.9172451529711619, "x9": 2.475332771198038}, "datetime": {"datetime": "2025-05-14 11:33:00", "elapsed": 78858.59297, "delta": 112.960966}}
{"target": 38.97394266935376, "params": {"x0": 0.8, "x1": 0.9, "x2": 1.1887896410339423e-90, "x3": 2.3313358743589543e-90, "x4": 1.454751771360564, "x5": 1.8968361112501e-91, "x6": 1.1737985065771028, "x7": 4.652625255209876, "x8": 0.9172451529711619, "x9": 2.475332771198038}, "datetime": {"datetime": "2025-05-14 11:34:42", "elapsed": 78960.072107, "delta": 101.479137}}
{"target": 38.97394266935376, "params": {"x0": 0.8, "x1": 0.9, "x2": 2.032234438552155e-90, "x3": 2.7707938960173564e-90, "x4": 1.454751771360564, "x5": 3.7654656209580775e-90, "x6": 1.1737985065771028, "x7": 4.652625255209876, "x8": 0.9172451529711619, "x9": 2.475332771198038}, "datetime": {"datetime": "2025-05-14 11:35:48", "elapsed": 79026.859103, "delta": 66.786996}}
