{"target": 38.97394266935376, "params": {"x0": 0.8, "x1": 0.9, "x2": 1.2849364794571325e-32, "x3": 8.626648337585629e-32, "x4": 1.454751771360564, "x5": 1.4273838194232875e-31, "x6": 1.1737985065771028, "x7": 4.652625255209876, "x8": 0.9172451529711619, "x9": 2.475332771198038}, "datetime": {"datetime": "2025-05-13 15:50:49", "elapsed": 7927.738517, "delta": 18.636463}}
{"target": 38.97394266935376, "params": {"x0": 0.8, "x1": 0.9, "x2": 6.058649504598091e-32, "x3": 1.595589435022086e-31, "x4": 1.454751771360564, "x5": 3.5102906855855963e-31, "x6": 1.1737985065771028, "x7": 4.652625255209876, "x8": 0.9172451529711619, "x9": 2.475332771198038}, "datetime": {"datetime": "2025-05-13 15:51:06", "elapsed": 7944.70983, "delta": 16.971313}}
{"target": 38.97394266935376, "params": {"x0": 0.8, "x1": 0.9, "x2": 1.6465584322185401e-31, "x3": 1.538008747941553e-31, "x4": 1.454751771360564, "x5": 7.277619750730488e-32, "x6": 1.1737985065771028, "x7": 4.652625255209876, "x8": 0.9172451529711619, "x9": 2.475332771198038}, "datetime": {"datetime": "2025-05-13 15:51:26", "elapsed": 7964.945571, "delta": 20.235741}}
{"target": 38.97394266935376, "params": {"x0": 0.8, "x1": 0.9, "x2": 4.5118318053365416e-32, "x3": 1.6768301411784786e-31, "x4": 1.454751771360564, "x5": 4.966274046133007e-32, "x6": 1.1737985065771028, "x7": 4.652625255209876, "x8": 0.9172451529711619, "x9": 2.475332771198038}, "datetime": {"datetime": "2025-05-13 15:51:47", "elapsed": 7985.085076, "delta": 20.139505}}
{"target": 38.97394266935376, "params": {"x0": 0.8, "x1": 0.9, "x2": 1.014562630418762e-31, "x3": 3.0224973028564607e-32, "x4": 1.454751771360564, "x5": 1.3019687061494889e-31, "x6": 1.1737985065771028, "x7": 4.652625255209876, "x8": 0.9172451529711619, "x9": 2.475332771198038}, "datetime": {"datetime": "2025-05-13 15:52:01", "elapsed": 7999.444843, "delta": 14.359767}}
{"target": 38.97394266935376, "params": {"x0": 0.8, "x1": 0.9, "x2": 6.730930603471801e-33, "x3": 7.393624928029723e-32, "x4": 1.454751771360564, "x5": 2.4369054724160254e-31, "x6": 1.1737985065771028, "x7": 4.652625255209876, "x8": 0.9172451529711619, "x9": 2.475332771198038}, "datetime": {"datetime": "2025-05-13 15:52:18", "elapsed": 8016.980469, "delta": 17.535626}}
{"target": 38.97394266935376, "params": {"x0": 0.8, "x1": 0.9, "x2": 1.1334856685444908e-31, "x3": 1.112889869121841e-31, "x4": 1.454751771360564, "x5": 1.7185127892194304e-31, "x6": 1.1737985065771028, "x7": 4.652625255209876, "x8": 0.9172451529711619, "x9": 2.475332771198038}, "datetime": {"datetime": "2025-05-13 15:52:36", "elapsed": 8034.861273, "delta": 17.880804}}
{"target": 38.97394266935376, "params": {"x0": 0.8, "x1": 0.9, "x2": 1.3297710812473347e-32, "x3": 1.4077892526380341e-31, "x4": 1.454751771360564, "x5": 1.3404268916651839e-31, "x6": 1.1737985065771028, "x7": 4.652625255209876, "x8": 0.9172451529711619, "x9": 2.475332771198038}, "datetime": {"datetime": "2025-05-13 15:52:55", "elapsed": 8053.97207, "delta": 19.110797}}
{"target": 38.97394266935376, "params": {"x0": 0.8, "x1": 0.9, "x2": 2.4291275103103857e-32, "x3": 4.5754157391265203e-32, "x4": 1.454751771360564, "x5": 1.8042272613189881e-31, "x6": 1.1737985065771028, "x7": 4.652625255209876, "x8": 0.9172451529711619, "x9": 2.475332771198038}, "datetime": {"datetime": "2025-05-13 15:53:17", "elapsed": 8075.103112, "delta": 21.131042}}
{"target": 38.97394266935376, "params": {"x0": 0.8, "x1": 0.9, "x2": 4.113093673655276e-33, "x3": 9.482164746671461e-32, "x4": 1.454751771360564, "x5": 3.89569558171295e-32, "x6": 1.1737985065771028, "x7": 4.652625255209876, "x8": 0.9172451529711619, "x9": 2.475332771198038}, "datetime": {"datetime": "2025-05-13 15:53:33", "elapsed": 8091.850327, "delta": 16.747215}}
{"target": 38.97394266935376, "params": {"x0": 0.8, "x1": 0.9, "x2": 4.6945573817926854e-32, "x3": 7.354504802863926e-32, "x4": 1.454751771360564, "x5": 5.135477084326622e-32, "x6": 1.1737985065771028, "x7": 4.652625255209876, "x8": 0.9172451529711619, "x9": 2.475332771198038}, "datetime": {"datetime": "2025-05-13 15:53:51", "elapsed": 8109.215299, "delta": 17.364972}}
{"target": 38.97394266935376, "params": {"x0": 0.8, "x1": 0.9, "x2": 5.861969788381842e-32, "x3": 3.8868219236728965e-32, "x4": 1.454751771360564, "x5": 9.681166014321997e-32, "x6": 1.1737985065771028, "x7": 4.652625255209876, "x8": 0.9172451529711619, "x9": 2.475332771198038}, "datetime": {"datetime": "2025-05-13 15:54:10", "elapsed": 8128.593922, "delta": 19.378623}}
{"target": 38.97394266935376, "params": {"x0": 0.8, "x1": 0.9, "x2": 4.446527846284813e-32, "x3": 2.555678900238428e-32, "x4": 1.454751771360564, "x5": 7.612348176390069e-32, "x6": 1.1737985065771028, "x7": 4.652625255209876, "x8": 0.9172451529711619, "x9": 2.475332771198038}, "datetime": {"datetime": "2025-05-13 15:54:31", "elapsed": 8149.565557, "delta": 20.971635}}
{"target": 38.97394266935376, "params": {"x0": 0.8, "x1": 0.9, "x2": 8.562771227456915e-33, "x3": 8.320965026897713e-32, "x4": 1.454751771360564, "x5": 9.200791361915092e-32, "x6": 1.1737985065771028, "x7": 4.652625255209876, "x8": 0.9172451529711619, "x9": 2.475332771198038}, "datetime": {"datetime": "2025-05-13 15:54:49", "elapsed": 8167.055459, "delta": 17.489902}}
{"target": 38.97394266935376, "params": {"x0": 0.8, "x1": 0.9, "x2": 5.414440273174196e-32, "x3": 2.506578600433828e-32, "x4": 1.454751771360564, "x5": 7.452287480265792e-32, "x6": 1.1737985065771028, "x7": 4.652625255209876, "x8": 0.9172451529711619, "x9": 2.475332771198038}, "datetime": {"datetime": "2025-05-13 15:55:09", "elapsed": 8187.389201, "delta": 20.333742}}
{"target": 38.97394266935376, "params": {"x0": 0.8, "x1": 0.9, "x2": 3.9529295838099275e-32, "x3": 4.7960334137841413e-32, "x4": 1.454751771360564, "x5": 5.799334621954394e-32, "x6": 1.1737985065771028, "x7": 4.652625255209876, "x8": 0.9172451529711619, "x9": 2.475332771198038}, "datetime": {"datetime": "2025-05-13 15:55:28", "elapsed": 8206.929363, "delta": 19.540162}}
{"target": 38.97394266935376, "params": {"x0": 0.8, "x1": 0.9, "x2": 3.6567302408336943e-32, "x3": 2.96207022773244e-32, "x4": 1.454751771360564, "x5": 5.161896593914896e-32, "x6": 1.1737985065771028, "x7": 4.652625255209876, "x8": 0.9172451529711619, "x9": 2.475332771198038}, "datetime": {"datetime": "2025-05-13 15:55:47", "elapsed": 8225.520592, "delta": 18.591229}}
{"target": 38.97394266935376, "params": {"x0": 0.8, "x1": 0.9, "x2": 2.9533903128502473e-32, "x3": 4.845047580592788e-32, "x4": 1.454751771360564, "x5": 5.562655777522138e-32, "x6": 1.1737985065771028, "x7": 4.652625255209876, "x8": 0.9172451529711619, "x9": 2.475332771198038}, "datetime": {"datetime": "2025-05-13 15:56:06", "elapsed": 8244.045542, "delta": 18.52495}}
{"target": 38.97394266935376, "params": {"x0": 0.8, "x1": 0.9, "x2": 8.80323070238451e-33, "x3": 4.8749109197342274e-32, "x4": 1.454751771360564, "x5": 2.8705100835291886e-32, "x6": 1.1737985065771028, "x7": 4.652625255209876, "x8": 0.9172451529711619, "x9": 2.475332771198038}, "datetime": {"datetime": "2025-05-13 15:56:21", "elapsed": 8259.845926, "delta": 15.800384}}
{"target": 38.97394266935376, "params": {"x0": 0.8, "x1": 0.9, "x2": 1.1553921507285815e-32, "x3": 2.403480407972026e-32, "x4": 1.454751771360564, "x5": 3.3152111956668253e-32, "x6": 1.1737985065771028, "x7": 4.652625255209876, "x8": 0.9172451529711619, "x9": 2.475332771198038}, "datetime": {"datetime": "2025-05-13 15:56:40", "elapsed": 8278.255941, "delta": 18.410015}}
{"target": 38.97394266935376, "params": {"x0": 0.8, "x1": 0.9, "x2": 1.2593233233465632e-33, "x3": 3.8691268863368775e-32, "x4": 1.454751771360564, "x5": 5.079453697905022e-32, "x6": 1.1737985065771028, "x7": 4.652625255209876, "x8": 0.9172451529711619, "x9": 2.475332771198038}, "datetime": {"datetime": "2025-05-13 15:56:58", "elapsed": 8296.982584, "delta": 18.726643}}
{"target": 38.97394266935376, "params": {"x0": 0.8, "x1": 0.9, "x2": 1.200018426415052e-32, "x3": 3.5339677631585797e-32, "x4": 1.454751771360564, "x5": 2.0782435224557934e-32, "x6": 1.1737985065771028, "x7": 4.652625255209876, "x8": 0.9172451529711619, "x9": 2.475332771198038}, "datetime": {"datetime": "2025-05-13 15:57:17", "elapsed": 8315.596843, "delta": 18.614259}}
{"target": 38.97394266935376, "params": {"x0": 0.8, "x1": 0.9, "x2": 1.153614741685915e-32, "x3": 3.285366409659499e-33, "x4": 1.454751771360564, "x5": 7.6910380980158495e-34, "x6": 1.1737985065771028, "x7": 4.652625255209876, "x8": 0.9172451529711619, "x9": 2.475332771198038}, "datetime": {"datetime": "2025-05-13 15:57:37", "elapsed": 8335.672374, "delta": 20.075531}}
{"target": 38.97394266935376, "params": {"x0": 0.8, "x1": 0.9, "x2": 1.2603552923074737e-33, "x3": 5.012286190152046e-33, "x4": 1.454751771360564, "x5": 2.373014548013598e-32, "x6": 1.1737985065771028, "x7": 4.652625255209876, "x8": 0.9172451529711619, "x9": 2.475332771198038}, "datetime": {"datetime": "2025-05-13 15:57:57", "elapsed": 8355.444054, "delta": 19.77168}}
{"target": 38.97394266935376, "params": {"x0": 0.8, "x1": 0.9, "x2": 1.1101604543996868e-32, "x3": 2.4628117885781786e-32, "x4": 1.454751771360564, "x5": 2.3475985855149536e-32, "x6": 1.1737985065771028, "x7": 4.652625255209876, "x8": 0.9172451529711619, "x9": 2.475332771198038}, "datetime": {"datetime": "2025-05-13 15:58:15", "elapsed": 8373.31871, "delta": 17.874656}}
{"target": 38.97394266935376, "params": {"x0": 0.8, "x1": 0.9, "x2": 6.1596955153455235e-34, "x3": 9.431580202995869e-33, "x4": 1.454751771360564, "x5": 1.1412027978724999e-32, "x6": 1.1737985065771028, "x7": 4.652625255209876, "x8": 0.9172451529711619, "x9": 2.475332771198038}, "datetime": {"datetime": "2025-05-13 15:58:33", "elapsed": 8391.260311, "delta": 17.941601}}
{"target": 38.97394266935376, "params": {"x0": 0.8, "x1": 0.9, "x2": 6.861640966392533e-33, "x3": 1.5812001122904345e-32, "x4": 1.454751771360564, "x5": 2.4509842276722643e-32, "x6": 1.1737985065771028, "x7": 4.652625255209876, "x8": 0.9172451529711619, "x9": 2.475332771198038}, "datetime": {"datetime": "2025-05-13 15:58:57", "elapsed": 8415.763156, "delta": 24.502845}}
{"target": 38.97394266935376, "params": {"x0": 0.8, "x1": 0.9, "x2": 1.7832391370294476e-33, "x3": 9.66204071808855e-33, "x4": 1.454751771360564, "x5": 7.278562864845856e-33, "x6": 1.1737985065771028, "x7": 4.652625255209876, "x8": 0.9172451529711619, "x9": 2.475332771198038}, "datetime": {"datetime": "2025-05-13 15:59:18", "elapsed": 8436.852833, "delta": 21.089677}}
{"target": 38.97394266935376, "params": {"x0": 0.8, "x1": 0.9, "x2": 2.3958328019525666e-33, "x3": 8.05573884156339e-33, "x4": 1.454751771360564, "x5": 9.116796819448744e-33, "x6": 1.1737985065771028, "x7": 4.652625255209876, "x8": 0.9172451529711619, "x9": 2.475332771198038}, "datetime": {"datetime": "2025-05-13 15:59:36", "elapsed": 8454.811161, "delta": 17.958328}}
{"target": 38.97394266935376, "params": {"x0": 0.8, "x1": 0.9, "x2": 6.92600806769645e-33, "x3": 6.3247759787264264e-34, "x4": 1.454751771360564, "x5": 1.574094403347595e-32, "x6": 1.1737985065771028, "x7": 4.652625255209876, "x8": 0.9172451529711619, "x9": 2.475332771198038}, "datetime": {"datetime": "2025-05-13 15:59:53", "elapsed": 8471.729074, "delta": 16.917913}}
{"target": 38.97394266935376, "params": {"x0": 0.8, "x1": 0.9, "x2": 7.749716226075258e-33, "x3": 4.8513279985802153e-33, "x4": 1.454751771360564, "x5": 1.4754610050495102e-32, "x6": 1.1737985065771028, "x7": 4.652625255209876, "x8": 0.9172451529711619, "x9": 2.475332771198038}, "datetime": {"datetime": "2025-05-13 16:00:10", "elapsed": 8488.693381, "delta": 16.964307}}
{"target": 38.97394266935376, "params": {"x0": 0.8, "x1": 0.9, "x2": 3.5041582293234998e-34, "x3": 1.598771996842659e-33, "x4": 1.454751771360564, "x5": 9.668767114761219e-33, "x6": 1.1737985065771028, "x7": 4.652625255209876, "x8": 0.9172451529711619, "x9": 2.475332771198038}, "datetime": {"datetime": "2025-05-13 16:00:27", "elapsed": 8505.457743, "delta": 16.764362}}
{"target": 38.97394266935376, "params": {"x0": 0.8, "x1": 0.9, "x2": 6.952258958538667e-33, "x3": 7.937278459532196e-33, "x4": 1.454751771360564, "x5": 1.3305192218844685e-32, "x6": 1.1737985065771028, "x7": 4.652625255209876, "x8": 0.9172451529711619, "x9": 2.475332771198038}, "datetime": {"datetime": "2025-05-13 16:00:47", "elapsed": 8525.187751, "delta": 19.730008}}
{"target": 38.97394266935376, "params": {"x0": 0.8, "x1": 0.9, "x2": 5.6847244010150555e-34, "x3": 3.091327220347224e-33, "x4": 1.454751771360564, "x5": 9.405396286699424e-33, "x6": 1.1737985065771028, "x7": 4.652625255209876, "x8": 0.9172451529711619, "x9": 2.475332771198038}, "datetime": {"datetime": "2025-05-13 16:01:05", "elapsed": 8543.010825, "delta": 17.823074}}
{"target": 38.97394266935376, "params": {"x0": 0.8, "x1": 0.9, "x2": 6.328672164525069e-33, "x3": 8.658485751373292e-33, "x4": 1.454751771360564, "x5": 7.206154037356022e-33, "x6": 1.1737985065771028, "x7": 4.652625255209876, "x8": 0.9172451529711619, "x9": 2.475332771198038}, "datetime": {"datetime": "2025-05-13 16:01:28", "elapsed": 8566.582655, "delta": 23.57183}}
{"target": 38.97394266935376, "params": {"x0": 0.8, "x1": 0.9, "x2": 3.589120988753121e-33, "x3": 4.356934345358539e-33, "x4": 1.454751771360564, "x5": 2.5967314902728162e-33, "x6": 1.1737985065771028, "x7": 4.652625255209876, "x8": 0.9172451529711619, "x9": 2.475332771198038}, "datetime": {"datetime": "2025-05-13 16:01:45", "elapsed": 8583.742562, "delta": 17.159907}}
{"target": 38.97394266935376, "params": {"x0": 0.8, "x1": 0.9, "x2": 1.966965683548502e-33, "x3": 1.1824637303284396e-33, "x4": 1.454751771360564, "x5": 5.93496732167673e-33, "x6": 1.1737985065771028, "x7": 4.652625255209876, "x8": 0.9172451529711619, "x9": 2.475332771198038}, "datetime": {"datetime": "2025-05-13 16:02:04", "elapsed": 8602.294516, "delta": 18.551954}}
{"target": 38.97394266935376, "params": {"x0": 0.8, "x1": 0.9, "x2": 3.947989860027726e-33, "x3": 5.129560304258363e-33, "x4": 1.454751771360564, "x5": 1.1587396079708778e-33, "x6": 1.1737985065771028, "x7": 4.652625255209876, "x8": 0.9172451529711619, "x9": 2.475332771198038}, "datetime": {"datetime": "2025-05-13 16:02:22", "elapsed": 8620.108857, "delta": 17.814341}}
{"target": 38.97394266935376, "params": {"x0": 0.8, "x1": 0.9, "x2": 1.0592787667983697e-33, "x3": 3.155451187278389e-33, "x4": 1.454751771360564, "x5": 5.812428200147078e-33, "x6": 1.1737985065771028, "x7": 4.652625255209876, "x8": 0.9172451529711619, "x9": 2.475332771198038}, "datetime": {"datetime": "2025-05-13 16:02:36", "elapsed": 8634.958145, "delta": 14.849288}}
{"target": 38.97394266935376, "params": {"x0": 0.8, "x1": 0.9, "x2": 3.2537150375685485e-33, "x3": 3.095832181500999e-33, "x4": 1.454751771360564, "x5": 3.626642635755879e-34, "x6": 1.1737985065771028, "x7": 4.652625255209876, "x8": 0.9172451529711619, "x9": 2.475332771198038}, "datetime": {"datetime": "2025-05-13 16:02:53", "elapsed": 8651.788591, "delta": 16.830446}}
{"target": 38.97394266935376, "params": {"x0": 0.8, "x1": 0.9, "x2": 2.784144872525384e-33, "x3": 3.9397253416121096e-33, "x4": 1.454751771360564, "x5": 6.131138188137418e-33, "x6": 1.1737985065771028, "x7": 4.652625255209876, "x8": 0.9172451529711619, "x9": 2.475332771198038}, "datetime": {"datetime": "2025-05-13 16:03:16", "elapsed": 8674.791748, "delta": 23.003157}}
{"target": 38.97394266935376, "params": {"x0": 0.8, "x1": 0.9, "x2": 2.043307282241629e-33, "x3": 1.550560847986083e-33, "x4": 1.454751771360564, "x5": 1.422777791821847e-34, "x6": 1.1737985065771028, "x7": 4.652625255209876, "x8": 0.9172451529711619, "x9": 2.475332771198038}, "datetime": {"datetime": "2025-05-13 16:03:38", "elapsed": 8696.410157, "delta": 21.618409}}
{"target": 38.97394266935376, "params": {"x0": 0.8, "x1": 0.9, "x2": 1.8761549161954527e-33, "x3": 1.5790720872879337e-33, "x4": 1.454751771360564, "x5": 3.6171063887015146e-33, "x6": 1.1737985065771028, "x7": 4.652625255209876, "x8": 0.9172451529711619, "x9": 2.475332771198038}, "datetime": {"datetime": "2025-05-13 16:03:57", "elapsed": 8715.278628, "delta": 18.868471}}
{"target": 38.97394266935376, "params": {"x0": 0.8, "x1": 0.9, "x2": 2.3018409048722144e-33, "x3": 1.0161237654234536e-33, "x4": 1.454751771360564, "x5": 4.446605799014566e-33, "x6": 1.1737985065771028, "x7": 4.652625255209876, "x8": 0.9172451529711619, "x9": 2.475332771198038}, "datetime": {"datetime": "2025-05-13 16:04:13", "elapsed": 8731.250504, "delta": 15.971876}}
{"target": 38.97394266935376, "params": {"x0": 0.8, "x1": 0.9, "x2": 1.7275793844942443e-33, "x3": 1.1627506328840618e-33, "x4": 1.454751771360564, "x5": 1.5912362729528494e-33, "x6": 1.1737985065771028, "x7": 4.652625255209876, "x8": 0.9172451529711619, "x9": 2.475332771198038}, "datetime": {"datetime": "2025-05-13 16:04:34", "elapsed": 8752.295421, "delta": 21.044917}}
{"target": 38.97394266935376, "params": {"x0": 0.8, "x1": 0.9, "x2": 1.9476242265766696e-33, "x3": 1.9410136947709436e-33, "x4": 1.454751771360564, "x5": 9.476044302807727e-34, "x6": 1.1737985065771028, "x7": 4.652625255209876, "x8": 0.9172451529711619, "x9": 2.475332771198038}, "datetime": {"datetime": "2025-05-13 16:04:51", "elapsed": 8769.556139, "delta": 17.260718}}
{"target": 38.97394266935376, "params": {"x0": 0.8, "x1": 0.9, "x2": 1.4779392232667686e-33, "x3": 1.3791516011348841e-33, "x4": 1.454751771360564, "x5": 3.0433962600221174e-33, "x6": 1.1737985065771028, "x7": 4.652625255209876, "x8": 0.9172451529711619, "x9": 2.475332771198038}, "datetime": {"datetime": "2025-05-13 16:05:10", "elapsed": 8788.524406, "delta": 18.968267}}
{"target": 38.97394266935376, "params": {"x0": 0.8, "x1": 0.9, "x2": 1.0885831780865786e-33, "x3": 1.2612494640846146e-34, "x4": 1.454751771360564, "x5": 1.5603440017730303e-33, "x6": 1.1737985065771028, "x7": 4.652625255209876, "x8": 0.9172451529711619, "x9": 2.475332771198038}, "datetime": {"datetime": "2025-05-13 16:05:30", "elapsed": 8808.99586, "delta": 20.471454}}
{"target": 38.97394266935376, "params": {"x0": 0.8, "x1": 0.9, "x2": 7.772707402469792e-34, "x3": 1.5327200763974413e-33, "x4": 1.454751771360564, "x5": 2.2933311800571702e-33, "x6": 1.1737985065771028, "x7": 4.652625255209876, "x8": 0.9172451529711619, "x9": 2.475332771198038}, "datetime": {"datetime": "2025-05-13 16:05:47", "elapsed": 8825.701352, "delta": 16.705492}}
{"target": 38.97394266935376, "params": {"x0": 0.8, "x1": 0.9, "x2": 5.246291300388466e-34, "x3": 1.860179588905996e-33, "x4": 1.454751771360564, "x5": 2.526009440009442e-33, "x6": 1.1737985065771028, "x7": 4.652625255209876, "x8": 0.9172451529711619, "x9": 2.475332771198038}, "datetime": {"datetime": "2025-05-13 16:06:04", "elapsed": 8842.832802, "delta": 17.13145}}
{"target": 38.97394266935376, "params": {"x0": 0.8, "x1": 0.9, "x2": 3.928849496452209e-34, "x3": 2.692351805014786e-34, "x4": 1.454751771360564, "x5": 5.751429474025172e-34, "x6": 1.1737985065771028, "x7": 4.652625255209876, "x8": 0.9172451529711619, "x9": 2.475332771198038}, "datetime": {"datetime": "2025-05-13 16:06:25", "elapsed": 8863.60137, "delta": 20.768568}}
{"target": 38.97394266935376, "params": {"x0": 0.8, "x1": 0.9, "x2": 1.7406526116234974e-34, "x3": 1.8204265357200081e-34, "x4": 1.454751771360564, "x5": 1.1447286494978144e-33, "x6": 1.1737985065771028, "x7": 4.652625255209876, "x8": 0.9172451529711619, "x9": 2.475332771198038}, "datetime": {"datetime": "2025-05-13 16:06:46", "elapsed": 8884.126341, "delta": 20.524971}}
{"target": 38.97394266935376, "params": {"x0": 0.8, "x1": 0.9, "x2": 4.418564986201869e-34, "x3": 7.785892505800612e-35, "x4": 1.454751771360564, "x5": 1.1251615089886393e-33, "x6": 1.1737985065771028, "x7": 4.652625255209876, "x8": 0.9172451529711619, "x9": 2.475332771198038}, "datetime": {"datetime": "2025-05-13 16:07:05", "elapsed": 8903.880382, "delta": 19.754041}}
{"target": 38.97394266935376, "params": {"x0": 0.8, "x1": 0.9, "x2": 2.4469106072325482e-34, "x3": 3.5799965278754923e-34, "x4": 1.454751771360564, "x5": 1.305015014812546e-33, "x6": 1.1737985065771028, "x7": 4.652625255209876, "x8": 0.9172451529711619, "x9": 2.475332771198038}, "datetime": {"datetime": "2025-05-13 16:07:27", "elapsed": 8925.08651, "delta": 21.206128}}
{"target": 38.97394266935376, "params": {"x0": 0.8, "x1": 0.9, "x2": 5.672127045504067e-35, "x3": 7.271487369761088e-34, "x4": 1.454751771360564, "x5": 1.002975280150239e-33, "x6": 1.1737985065771028, "x7": 4.652625255209876, "x8": 0.9172451529711619, "x9": 2.475332771198038}, "datetime": {"datetime": "2025-05-13 16:07:46", "elapsed": 8944.73855, "delta": 19.65204}}
{"target": 38.97394266935376, "params": {"x0": 0.8, "x1": 0.9, "x2": 6.406171390215861e-34, "x3": 8.788768264136095e-34, "x4": 1.454751771360564, "x5": 4.692084524323704e-34, "x6": 1.1737985065771028, "x7": 4.652625255209876, "x8": 0.9172451529711619, "x9": 2.475332771198038}, "datetime": {"datetime": "2025-05-13 16:08:04", "elapsed": 8962.49636, "delta": 17.75781}}
{"target": 38.97394266935376, "params": {"x0": 0.8, "x1": 0.9, "x2": 5.356782427504382e-34, "x3": 3.8765525149095184e-35, "x4": 1.454751771360564, "x5": 3.924767028762927e-34, "x6": 1.1737985065771028, "x7": 4.652625255209876, "x8": 0.9172451529711619, "x9": 2.475332771198038}, "datetime": {"datetime": "2025-05-13 16:08:25", "elapsed": 8983.554517, "delta": 21.058157}}
{"target": 38.97394266935376, "params": {"x0": 0.8, "x1": 0.9, "x2": 3.6008394307077454e-34, "x3": 7.952199264570486e-34, "x4": 1.454751771360564, "x5": 2.809409640453805e-34, "x6": 1.1737985065771028, "x7": 4.652625255209876, "x8": 0.9172451529711619, "x9": 2.475332771198038}, "datetime": {"datetime": "2025-05-13 16:08:48", "elapsed": 9006.474634, "delta": 22.920117}}
{"target": 38.97394266935376, "params": {"x0": 0.8, "x1": 0.9, "x2": 1.1636000291725273e-34, "x3": 3.456301508533185e-35, "x4": 1.454751771360564, "x5": 9.15600535029223e-34, "x6": 1.1737985065771028, "x7": 4.652625255209876, "x8": 0.9172451529711619, "x9": 2.475332771198038}, "datetime": {"datetime": "2025-05-13 16:09:08", "elapsed": 9026.181986, "delta": 19.707352}}
