{"target": 38.97394266935376, "params": {"x0": 0.8, "x1": 0.9, "x2": 1.9513714696189914e-34, "x3": 1.7263232784633247e-34, "x4": 1.454751771360564, "x5": 2.914185866670598e-34, "x6": 1.1737985065771028, "x7": 4.652625255209876, "x8": 0.9172451529711619, "x9": 2.475332771198038}, "datetime": {"datetime": "2025-05-13 16:09:27", "elapsed": 9045.911082, "delta": 19.729096}}
{"target": 38.97394266935376, "params": {"x0": 0.8, "x1": 0.9, "x2": 4.038953758965715e-34, "x3": 1.152179855367961e-34, "x4": 1.454751771360564, "x5": 5.962693479507706e-34, "x6": 1.1737985065771028, "x7": 4.652625255209876, "x8": 0.9172451529711619, "x9": 2.475332771198038}, "datetime": {"datetime": "2025-05-13 16:09:49", "elapsed": 9067.809236, "delta": 21.898154}}
{"target": 38.97394266935376, "params": {"x0": 0.8, "x1": 0.9, "x2": 2.7237545570430127e-34, "x3": 3.286967841736039e-34, "x4": 1.454751771360564, "x5": 2.0504718463759997e-34, "x6": 1.1737985065771028, "x7": 4.652625255209876, "x8": 0.9172451529711619, "x9": 2.475332771198038}, "datetime": {"datetime": "2025-05-13 16:10:08", "elapsed": 9086.96811, "delta": 19.158874}}
{"target": 38.97394266935376, "params": {"x0": 0.8, "x1": 0.9, "x2": 4.079437996489773e-35, "x3": 1.2631383697625821e-34, "x4": 1.454751771360564, "x5": 5.517001547235203e-34, "x6": 1.1737985065771028, "x7": 4.652625255209876, "x8": 0.9172451529711619, "x9": 2.475332771198038}, "datetime": {"datetime": "2025-05-13 16:10:27", "elapsed": 9105.106365, "delta": 18.138255}}
{"target": 38.97394266935376, "params": {"x0": 0.8, "x1": 0.9, "x2": 9.862581836170376e-35, "x3": 3.0636928948545997e-34, "x4": 1.454751771360564, "x5": 4.814768180108441e-34, "x6": 1.1737985065771028, "x7": 4.652625255209876, "x8": 0.9172451529711619, "x9": 2.475332771198038}, "datetime": {"datetime": "2025-05-13 16:10:49", "elapsed": 9127.542148, "delta": 22.435783}}
{"target": 38.97394266935376, "params": {"x0": 0.8, "x1": 0.9, "x2": 1.410745600570148e-34, "x3": 3.3914433432455417e-34, "x4": 1.454751771360564, "x5": 1.044227703165934e-34, "x6": 1.1737985065771028, "x7": 4.652625255209876, "x8": 0.9172451529711619, "x9": 2.475332771198038}, "datetime": {"datetime": "2025-05-13 16:11:08", "elapsed": 9146.504178, "delta": 18.96203}}
{"target": 38.97394266935376, "params": {"x0": 0.8, "x1": 0.9, "x2": 5.054804854446496e-35, "x3": 2.6617779791449905e-34, "x4": 1.454751771360564, "x5": 4.4446700309014164e-34, "x6": 1.1737985065771028, "x7": 4.652625255209876, "x8": 0.9172451529711619, "x9": 2.475332771198038}, "datetime": {"datetime": "2025-05-13 16:11:25", "elapsed": 9163.261681, "delta": 16.757503}}
{"target": 38.97394266935376, "params": {"x0": 0.8, "x1": 0.9, "x2": 1.3871626442587933e-34, "x3": 1.9788849971552623e-34, "x4": 1.454751771360564, "x5": 1.4323400037297304e-34, "x6": 1.1737985065771028, "x7": 4.652625255209876, "x8": 0.9172451529711619, "x9": 2.475332771198038}, "datetime": {"datetime": "2025-05-13 16:11:48", "elapsed": 9186.126354, "delta": 22.864673}}
{"target": 38.97394266935376, "params": {"x0": 0.8, "x1": 0.9, "x2": 4.3434167553673427e-35, "x3": 2.3237088050688375e-34, "x4": 1.454751771360564, "x5": 3.455239330825283e-34, "x6": 1.1737985065771028, "x7": 4.652625255209876, "x8": 0.9172451529711619, "x9": 2.475332771198038}, "datetime": {"datetime": "2025-05-13 16:12:07", "elapsed": 9205.519033, "delta": 19.392679}}
{"target": 38.97394266935376, "params": {"x0": 0.8, "x1": 0.9, "x2": 1.2309431600032427e-35, "x3": 1.1200223851995156e-34, "x4": 1.454751771360564, "x5": 1.7532919047361316e-34, "x6": 1.1737985065771028, "x7": 4.652625255209876, "x8": 0.9172451529711619, "x9": 2.475332771198038}, "datetime": {"datetime": "2025-05-13 16:12:26", "elapsed": 9224.167994, "delta": 18.648961}}
{"target": 38.97394266935376, "params": {"x0": 0.8, "x1": 0.9, "x2": 1.0185018188774126e-34, "x3": 1.0144592236336392e-36, "x4": 1.454751771360564, "x5": 6.656891859399826e-35, "x6": 1.1737985065771028, "x7": 4.652625255209876, "x8": 0.9172451529711619, "x9": 2.475332771198038}, "datetime": {"datetime": "2025-05-13 16:12:46", "elapsed": 9244.273909, "delta": 20.105915}}
{"target": 38.97394266935376, "params": {"x0": 0.8, "x1": 0.9, "x2": 4.5776623289164505e-35, "x3": 1.1701437489578252e-34, "x4": 1.454751771360564, "x5": 1.4250922637495083e-34, "x6": 1.1737985065771028, "x7": 4.652625255209876, "x8": 0.9172451529711619, "x9": 2.475332771198038}, "datetime": {"datetime": "2025-05-13 16:13:06", "elapsed": 9264.717424, "delta": 20.443515}}
{"target": 38.97394266935376, "params": {"x0": 0.8, "x1": 0.9, "x2": 1.3630362005580984e-34, "x3": 1.0698745308032574e-34, "x4": 1.454751771360564, "x5": 1.5166615520060548e-34, "x6": 1.1737985065771028, "x7": 4.652625255209876, "x8": 0.9172451529711619, "x9": 2.475332771198038}, "datetime": {"datetime": "2025-05-13 16:13:26", "elapsed": 9284.413254, "delta": 19.69583}}
{"target": 38.97394266935376, "params": {"x0": 0.8, "x1": 0.9, "x2": 1.225474871277045e-34, "x3": 2.805966459209916e-35, "x4": 1.454751771360564, "x5": 1.168366368514515e-34, "x6": 1.1737985065771028, "x7": 4.652625255209876, "x8": 0.9172451529711619, "x9": 2.475332771198038}, "datetime": {"datetime": "2025-05-13 16:13:51", "elapsed": 9309.202271, "delta": 24.789017}}
{"target": 38.97394266935376, "params": {"x0": 0.8, "x1": 0.9, "x2": 5.376448659741452e-35, "x3": 7.545537309113514e-35, "x4": 1.454751771360564, "x5": 1.7316689295301007e-34, "x6": 1.1737985065771028, "x7": 4.652625255209876, "x8": 0.9172451529711619, "x9": 2.475332771198038}, "datetime": {"datetime": "2025-05-13 16:14:13", "elapsed": 9331.024438, "delta": 21.822167}}
{"target": 38.97394266935376, "params": {"x0": 0.8, "x1": 0.9, "x2": 3.35684154576399e-35, "x3": 1.5191079517445408e-35, "x4": 1.454751771360564, "x5": 1.3064149140177375e-34, "x6": 1.1737985065771028, "x7": 4.652625255209876, "x8": 0.9172451529711619, "x9": 2.475332771198038}, "datetime": {"datetime": "2025-05-13 16:14:37", "elapsed": 9355.366866, "delta": 24.342428}}
{"target": 38.97394266935376, "params": {"x0": 0.8, "x1": 0.9, "x2": 9.116700160782758e-35, "x3": 9.444814830285553e-35, "x4": 1.454751771360564, "x5": 3.0198371209421714e-35, "x6": 1.1737985065771028, "x7": 4.652625255209876, "x8": 0.9172451529711619, "x9": 2.475332771198038}, "datetime": {"datetime": "2025-05-13 16:15:02", "elapsed": 9380.754319, "delta": 25.387453}}
{"target": 38.97394266935376, "params": {"x0": 0.8, "x1": 0.9, "x2": 5.501039975956245e-35, "x3": 2.7435470565867267e-35, "x4": 1.454751771360564, "x5": 5.903867737725285e-35, "x6": 1.1737985065771028, "x7": 4.652625255209876, "x8": 0.9172451529711619, "x9": 2.475332771198038}, "datetime": {"datetime": "2025-05-13 16:15:21", "elapsed": 9399.698994, "delta": 18.944675}}
{"target": 38.97394266935376, "params": {"x0": 0.8, "x1": 0.9, "x2": 3.6091804202678784e-35, "x3": 7.73897596820259e-35, "x4": 1.454751771360564, "x5": 1.2954122725765284e-34, "x6": 1.1737985065771028, "x7": 4.652625255209876, "x8": 0.9172451529711619, "x9": 2.475332771198038}, "datetime": {"datetime": "2025-05-13 16:15:39", "elapsed": 9417.731991, "delta": 18.032997}}
{"target": 38.97394266935376, "params": {"x0": 0.8, "x1": 0.9, "x2": 3.142266667668592e-36, "x3": 4.183432587077696e-35, "x4": 1.454751771360564, "x5": 4.873939479567518e-35, "x6": 1.1737985065771028, "x7": 4.652625255209876, "x8": 0.9172451529711619, "x9": 2.475332771198038}, "datetime": {"datetime": "2025-05-13 16:15:58", "elapsed": 9436.912621, "delta": 19.18063}}
{"target": 38.97394266935376, "params": {"x0": 0.8, "x1": 0.9, "x2": 4.734927154812321e-35, "x3": 6.376714443487221e-35, "x4": 1.454751771360564, "x5": 7.529300935893892e-35, "x6": 1.1737985065771028, "x7": 4.652625255209876, "x8": 0.9172451529711619, "x9": 2.475332771198038}, "datetime": {"datetime": "2025-05-13 16:16:18", "elapsed": 9456.856306, "delta": 19.943685}}
{"target": 38.97394266935376, "params": {"x0": 0.8, "x1": 0.9, "x2": 1.2461972554949927e-35, "x3": 2.13493871405836e-35, "x4": 1.454751771360564, "x5": 9.324733677195228e-35, "x6": 1.1737985065771028, "x7": 4.652625255209876, "x8": 0.9172451529711619, "x9": 2.475332771198038}, "datetime": {"datetime": "2025-05-13 16:16:38", "elapsed": 9476.750915, "delta": 19.894609}}
{"target": 38.97394266935376, "params": {"x0": 0.8, "x1": 0.9, "x2": 1.919255637433806e-35, "x3": 9.76202523095069e-36, "x4": 1.454751771360564, "x5": 1.340628050012342e-35, "x6": 1.1737985065771028, "x7": 4.652625255209876, "x8": 0.9172451529711619, "x9": 2.475332771198038}, "datetime": {"datetime": "2025-05-13 16:16:56", "elapsed": 9494.80544, "delta": 18.054525}}
{"target": 38.97394266935376, "params": {"x0": 0.8, "x1": 0.9, "x2": 4.412349216953201e-35, "x3": 4.887184539020333e-35, "x4": 1.454751771360564, "x5": 7.294463777339723e-35, "x6": 1.1737985065771028, "x7": 4.652625255209876, "x8": 0.9172451529711619, "x9": 2.475332771198038}, "datetime": {"datetime": "2025-05-13 16:17:13", "elapsed": 9511.127383, "delta": 16.321943}}
{"target": 38.97394266935376, "params": {"x0": 0.8, "x1": 0.9, "x2": 1.124637792649055e-35, "x3": 2.765447914957874e-35, "x4": 1.454751771360564, "x5": 7.297283042274812e-37, "x6": 1.1737985065771028, "x7": 4.652625255209876, "x8": 0.9172451529711619, "x9": 2.475332771198038}, "datetime": {"datetime": "2025-05-13 16:17:34", "elapsed": 9532.202238, "delta": 21.074855}}
{"target": 38.97394266935376, "params": {"x0": 0.8, "x1": 0.9, "x2": 3.023151909499902e-35, "x3": 9.446544378216392e-36, "x4": 1.454751771360564, "x5": 1.6405681380044284e-35, "x6": 1.1737985065771028, "x7": 4.652625255209876, "x8": 0.9172451529711619, "x9": 2.475332771198038}, "datetime": {"datetime": "2025-05-13 16:17:59", "elapsed": 9557.220695, "delta": 25.018457}}
{"target": 38.97394266935376, "params": {"x0": 0.8, "x1": 0.9, "x2": 2.0099448325953857e-35, "x3": 1.8906259827416104e-35, "x4": 1.454751771360564, "x5": 4.3690473304307725e-35, "x6": 1.1737985065771028, "x7": 4.652625255209876, "x8": 0.9172451529711619, "x9": 2.475332771198038}, "datetime": {"datetime": "2025-05-13 16:18:17", "elapsed": 9575.509652, "delta": 18.288957}}
{"target": 38.97394266935376, "params": {"x0": 0.8, "x1": 0.9, "x2": 6.594334243452559e-36, "x3": 1.666579854578062e-35, "x4": 1.454751771360564, "x5": 4.098928465185837e-35, "x6": 1.1737985065771028, "x7": 4.652625255209876, "x8": 0.9172451529711619, "x9": 2.475332771198038}, "datetime": {"datetime": "2025-05-13 16:18:39", "elapsed": 9597.507084, "delta": 21.997432}}
{"target": 38.97394266935376, "params": {"x0": 0.8, "x1": 0.9, "x2": 2.3764574975523826e-35, "x3": 3.3806589108064265e-35, "x4": 1.454751771360564, "x5": 1.367594545794516e-35, "x6": 1.1737985065771028, "x7": 4.652625255209876, "x8": 0.9172451529711619, "x9": 2.475332771198038}, "datetime": {"datetime": "2025-05-13 16:18:59", "elapsed": 9617.286569, "delta": 19.779485}}
{"target": 38.97394266935376, "params": {"x0": 0.8, "x1": 0.9, "x2": 1.4171987274819325e-35, "x3": 2.7458286212790416e-35, "x4": 1.454751771360564, "x5": 1.849390773297365e-35, "x6": 1.1737985065771028, "x7": 4.652625255209876, "x8": 0.9172451529711619, "x9": 2.475332771198038}, "datetime": {"datetime": "2025-05-13 16:19:18", "elapsed": 9636.463277, "delta": 19.176708}}
{"target": 38.97394266935376, "params": {"x0": 0.8, "x1": 0.9, "x2": 2.1145022991754757e-35, "x3": 1.3864473935353646e-35, "x4": 1.454751771360564, "x5": 2.801122746312013e-35, "x6": 1.1737985065771028, "x7": 4.652625255209876, "x8": 0.9172451529711619, "x9": 2.475332771198038}, "datetime": {"datetime": "2025-05-13 16:19:36", "elapsed": 9654.019571, "delta": 17.556294}}
{"target": 38.97394266935376, "params": {"x0": 0.8, "x1": 0.9, "x2": 1.6220577199861433e-35, "x3": 2.2913153734129156e-35, "x4": 1.454751771360564, "x5": 1.25769941085151e-35, "x6": 1.1737985065771028, "x7": 4.652625255209876, "x8": 0.9172451529711619, "x9": 2.475332771198038}, "datetime": {"datetime": "2025-05-13 16:19:57", "elapsed": 9675.189188, "delta": 21.169617}}
{"target": 38.97394266935376, "params": {"x0": 0.8, "x1": 0.9, "x2": 4.9514089915715895e-36, "x3": 1.727392052851154e-35, "x4": 1.454751771360564, "x5": 7.593470451626282e-36, "x6": 1.1737985065771028, "x7": 4.652625255209876, "x8": 0.9172451529711619, "x9": 2.475332771198038}, "datetime": {"datetime": "2025-05-13 16:20:19", "elapsed": 9697.520797, "delta": 22.331609}}
{"target": 38.97394266935376, "params": {"x0": 0.8, "x1": 0.9, "x2": 3.697219997852544e-36, "x3": 1.1849105262088758e-35, "x4": 1.454751771360564, "x5": 1.7000417331020132e-35, "x6": 1.1737985065771028, "x7": 4.652625255209876, "x8": 0.9172451529711619, "x9": 2.475332771198038}, "datetime": {"datetime": "2025-05-13 16:20:42", "elapsed": 9720.68157, "delta": 23.160773}}
{"target": 38.97394266935376, "params": {"x0": 0.8, "x1": 0.9, "x2": 7.44991347565311e-36, "x3": 5.6755316174632306e-36, "x4": 1.454751771360564, "x5": 6.877271095748336e-36, "x6": 1.1737985065771028, "x7": 4.652625255209876, "x8": 0.9172451529711619, "x9": 2.475332771198038}, "datetime": {"datetime": "2025-05-13 16:21:01", "elapsed": 9739.117065, "delta": 18.435495}}
{"target": 38.97394266935376, "params": {"x0": 0.8, "x1": 0.9, "x2": 1.0128668625978071e-35, "x3": 2.8247394028433395e-36, "x4": 1.454751771360564, "x5": 1.2599138146149802e-35, "x6": 1.1737985065771028, "x7": 4.652625255209876, "x8": 0.9172451529711619, "x9": 2.475332771198038}, "datetime": {"datetime": "2025-05-13 16:21:22", "elapsed": 9760.948941, "delta": 21.831876}}
{"target": 38.97394266935376, "params": {"x0": 0.8, "x1": 0.9, "x2": 1.0734977937813605e-35, "x3": 9.969648402055177e-36, "x4": 1.454751771360564, "x5": 1.1910680054538804e-35, "x6": 1.1737985065771028, "x7": 4.652625255209876, "x8": 0.9172451529711619, "x9": 2.475332771198038}, "datetime": {"datetime": "2025-05-13 16:21:43", "elapsed": 9781.01619, "delta": 20.067249}}
{"target": 38.97394266935376, "params": {"x0": 0.8, "x1": 0.9, "x2": 2.1256413560554228e-36, "x3": 8.375273918495773e-36, "x4": 1.454751771360564, "x5": 1.3887261823414344e-35, "x6": 1.1737985065771028, "x7": 4.652625255209876, "x8": 0.9172451529711619, "x9": 2.475332771198038}, "datetime": {"datetime": "2025-05-13 16:22:08", "elapsed": 9806.063765, "delta": 25.047575}}
{"target": 38.97394266935376, "params": {"x0": 0.8, "x1": 0.9, "x2": 2.0004636544459225e-37, "x3": 7.634555882098172e-36, "x4": 1.454751771360564, "x5": 1.253226179213137e-35, "x6": 1.1737985065771028, "x7": 4.652625255209876, "x8": 0.9172451529711619, "x9": 2.475332771198038}, "datetime": {"datetime": "2025-05-13 16:22:29", "elapsed": 9827.899496, "delta": 21.835731}}
{"target": 38.97394266935376, "params": {"x0": 0.8, "x1": 0.9, "x2": 3.7340704797130664e-36, "x3": 4.3997309743297463e-36, "x4": 1.454751771360564, "x5": 1.3775478467847714e-35, "x6": 1.1737985065771028, "x7": 4.652625255209876, "x8": 0.9172451529711619, "x9": 2.475332771198038}, "datetime": {"datetime": "2025-05-13 16:22:51", "elapsed": 9849.566336, "delta": 21.66684}}
{"target": 38.97394266935376, "params": {"x0": 0.8, "x1": 0.9, "x2": 3.349297254113736e-36, "x3": 7.577416461796885e-36, "x4": 1.454751771360564, "x5": 1.2580255656180868e-35, "x6": 1.1737985065771028, "x7": 4.652625255209876, "x8": 0.9172451529711619, "x9": 2.475332771198038}, "datetime": {"datetime": "2025-05-13 16:23:11", "elapsed": 9869.583226, "delta": 20.01689}}
{"target": 38.97394266935376, "params": {"x0": 0.8, "x1": 0.9, "x2": 1.8589112720603675e-36, "x3": 8.242236696554295e-36, "x4": 1.454751771360564, "x5": 1.8065896558072877e-36, "x6": 1.1737985065771028, "x7": 4.652625255209876, "x8": 0.9172451529711619, "x9": 2.475332771198038}, "datetime": {"datetime": "2025-05-13 16:23:33", "elapsed": 9891.899314, "delta": 22.316088}}
{"target": 38.97394266935376, "params": {"x0": 0.8, "x1": 0.9, "x2": 2.6942993002491125e-36, "x3": 7.361268695312409e-36, "x4": 1.454751771360564, "x5": 7.342686397877484e-36, "x6": 1.1737985065771028, "x7": 4.652625255209876, "x8": 0.9172451529711619, "x9": 2.475332771198038}, "datetime": {"datetime": "2025-05-13 16:23:56", "elapsed": 9914.150916, "delta": 22.251602}}
{"target": 38.97394266935376, "params": {"x0": 0.8, "x1": 0.9, "x2": 2.223565100093711e-36, "x3": 4.4589057319119225e-36, "x4": 1.454751771360564, "x5": 2.2850160594020254e-36, "x6": 1.1737985065771028, "x7": 4.652625255209876, "x8": 0.9172451529711619, "x9": 2.475332771198038}, "datetime": {"datetime": "2025-05-13 16:24:19", "elapsed": 9937.73287, "delta": 23.581954}}
{"target": 38.97394266935376, "params": {"x0": 0.8, "x1": 0.9, "x2": 4.6344149837632765e-37, "x3": 1.8910048419967306e-36, "x4": 1.454751771360564, "x5": 5.687076029854469e-36, "x6": 1.1737985065771028, "x7": 4.652625255209876, "x8": 0.9172451529711619, "x9": 2.475332771198038}, "datetime": {"datetime": "2025-05-13 16:24:40", "elapsed": 9958.951095, "delta": 21.218225}}
{"target": 38.97394266935376, "params": {"x0": 0.8, "x1": 0.9, "x2": 3.245881521729979e-36, "x3": 4.203227680996358e-36, "x4": 1.454751771360564, "x5": 7.190276164949406e-36, "x6": 1.1737985065771028, "x7": 4.652625255209876, "x8": 0.9172451529711619, "x9": 2.475332771198038}, "datetime": {"datetime": "2025-05-13 16:25:06", "elapsed": 9984.835044, "delta": 25.883949}}
{"target": 38.97394266935376, "params": {"x0": 0.8, "x1": 0.9, "x2": 2.800465422731042e-36, "x3": 2.57700947562252e-36, "x4": 1.454751771360564, "x5": 3.110279940378754e-36, "x6": 1.1737985065771028, "x7": 4.652625255209876, "x8": 0.9172451529711619, "x9": 2.475332771198038}, "datetime": {"datetime": "2025-05-13 16:25:30", "elapsed": 10008.620947, "delta": 23.785903}}
{"target": 38.97394266935376, "params": {"x0": 0.8, "x1": 0.9, "x2": 1.9670359238040216e-36, "x3": 4.0451606012607455e-37, "x4": 1.454751771360564, "x5": 2.7387410776381392e-36, "x6": 1.1737985065771028, "x7": 4.652625255209876, "x8": 0.9172451529711619, "x9": 2.475332771198038}, "datetime": {"datetime": "2025-05-13 16:26:00", "elapsed": 10038.422974, "delta": 29.802027}}
{"target": 38.97394266935376, "params": {"x0": 0.8, "x1": 0.9, "x2": 1.3967091777825852e-36, "x3": 1.4340849454709592e-36, "x4": 1.454751771360564, "x5": 4.3474541069556325e-36, "x6": 1.1737985065771028, "x7": 4.652625255209876, "x8": 0.9172451529711619, "x9": 2.475332771198038}, "datetime": {"datetime": "2025-05-13 16:26:25", "elapsed": 10063.519506, "delta": 25.096532}}
{"target": 38.97394266935376, "params": {"x0": 0.8, "x1": 0.9, "x2": 1.9024132099216486e-36, "x3": 1.7980102121470042e-36, "x4": 1.454751771360564, "x5": 4.3410290310919454e-36, "x6": 1.1737985065771028, "x7": 4.652625255209876, "x8": 0.9172451529711619, "x9": 2.475332771198038}, "datetime": {"datetime": "2025-05-13 16:26:46", "elapsed": 10084.936737, "delta": 21.417231}}
{"target": 38.97394266935376, "params": {"x0": 0.8, "x1": 0.9, "x2": 7.29435726674984e-37, "x3": 1.5663264628499174e-36, "x4": 1.454751771360564, "x5": 2.5451450056605345e-36, "x6": 1.1737985065771028, "x7": 4.652625255209876, "x8": 0.9172451529711619, "x9": 2.475332771198038}, "datetime": {"datetime": "2025-05-13 16:27:10", "elapsed": 10108.801103, "delta": 23.864366}}
{"target": 38.97394266935376, "params": {"x0": 0.8, "x1": 0.9, "x2": 2.1507375767892436e-36, "x3": 5.5559368892251135e-37, "x4": 1.454751771360564, "x5": 1.3465064191702083e-36, "x6": 1.1737985065771028, "x7": 4.652625255209876, "x8": 0.9172451529711619, "x9": 2.475332771198038}, "datetime": {"datetime": "2025-05-13 16:27:36", "elapsed": 10134.979311, "delta": 26.178208}}
{"target": 38.97394266935376, "params": {"x0": 0.8, "x1": 0.9, "x2": 1.5814317476999133e-36, "x3": 7.96775360151499e-37, "x4": 1.454751771360564, "x5": 2.1731729990970868e-36, "x6": 1.1737985065771028, "x7": 4.652625255209876, "x8": 0.9172451529711619, "x9": 2.475332771198038}, "datetime": {"datetime": "2025-05-13 16:27:55", "elapsed": 10153.568043, "delta": 18.588732}}
{"target": 38.97394266935376, "params": {"x0": 0.8, "x1": 0.9, "x2": 1.1300528812325512e-36, "x3": 2.3170425951437138e-38, "x4": 1.454751771360564, "x5": 3.189298021336491e-36, "x6": 1.1737985065771028, "x7": 4.652625255209876, "x8": 0.9172451529711619, "x9": 2.475332771198038}, "datetime": {"datetime": "2025-05-13 16:28:16", "elapsed": 10174.132519, "delta": 20.564476}}
{"target": 38.97394266935376, "params": {"x0": 0.8, "x1": 0.9, "x2": 1.1564922344178934e-36, "x3": 4.691931309202327e-37, "x4": 1.454751771360564, "x5": 2.7706011047643812e-36, "x6": 1.1737985065771028, "x7": 4.652625255209876, "x8": 0.9172451529711619, "x9": 2.475332771198038}, "datetime": {"datetime": "2025-05-13 16:28:37", "elapsed": 10195.448556, "delta": 21.316037}}
{"target": 38.97394266935376, "params": {"x0": 0.8, "x1": 0.9, "x2": 9.248123790737913e-37, "x3": 4.0157407473323395e-37, "x4": 1.454751771360564, "x5": 4.387706676329025e-37, "x6": 1.1737985065771028, "x7": 4.652625255209876, "x8": 0.9172451529711619, "x9": 2.475332771198038}, "datetime": {"datetime": "2025-05-13 16:29:01", "elapsed": 10219.558069, "delta": 24.109513}}
{"target": 38.97394266935376, "params": {"x0": 0.8, "x1": 0.9, "x2": 4.448264147533639e-37, "x3": 2.4272858419682013e-37, "x4": 1.454751771360564, "x5": 5.580054866533638e-37, "x6": 1.1737985065771028, "x7": 4.652625255209876, "x8": 0.9172451529711619, "x9": 2.475332771198038}, "datetime": {"datetime": "2025-05-13 16:29:25", "elapsed": 10243.880634, "delta": 24.322565}}
{"target": 38.97394266935376, "params": {"x0": 0.8, "x1": 0.9, "x2": 5.878276164486454e-37, "x3": 1.0255227174593775e-37, "x4": 1.454751771360564, "x5": 2.1020905672940343e-36, "x6": 1.1737985065771028, "x7": 4.652625255209876, "x8": 0.9172451529711619, "x9": 2.475332771198038}, "datetime": {"datetime": "2025-05-13 16:29:53", "elapsed": 10271.53339, "delta": 27.652756}}
{"target": 38.97394266935376, "params": {"x0": 0.8, "x1": 0.9, "x2": 9.463099810443653e-37, "x3": 1.7294657048037226e-37, "x4": 1.454751771360564, "x5": 3.796686572678027e-37, "x6": 1.1737985065771028, "x7": 4.652625255209876, "x8": 0.9172451529711619, "x9": 2.475332771198038}, "datetime": {"datetime": "2025-05-13 16:30:13", "elapsed": 10291.823165, "delta": 20.289775}}
