{"target": 38.97394266935376, "params": {"x0": 0.8, "x1": 0.9, "x2": 4.1595068530241364e-85, "x3": 3.513848479549506e-85, "x4": 1.454751771360564, "x5": 6.374947245034834e-85, "x6": 1.1737985065771028, "x7": 4.652625255209876, "x8": 0.9172451529711619, "x9": 2.475332771198038}, "datetime": {"datetime": "2025-05-14 08:09:51", "elapsed": 66669.949051, "delta": 100.949196}}
{"target": 38.97394266935376, "params": {"x0": 0.8, "x1": 0.9, "x2": 3.3415085869755627e-85, "x3": 5.61726482461715e-85, "x4": 1.454751771360564, "x5": 3.403197230363091e-85, "x6": 1.1737985065771028, "x7": 4.652625255209876, "x8": 0.9172451529711619, "x9": 2.475332771198038}, "datetime": {"datetime": "2025-05-14 08:11:22", "elapsed": 66760.906789, "delta": 90.957738}}
{"target": 38.97394266935376, "params": {"x0": 0.8, "x1": 0.9, "x2": 2.809028248341293e-85, "x3": 1.0739028111464286e-85, "x4": 1.454751771360564, "x5": 2.840370842966744e-85, "x6": 1.1737985065771028, "x7": 4.652625255209876, "x8": 0.9172451529711619, "x9": 2.475332771198038}, "datetime": {"datetime": "2025-05-14 08:12:59", "elapsed": 66857.709871, "delta": 96.803082}}
{"target": 38.97394266935376, "params": {"x0": 0.8, "x1": 0.9, "x2": 1.801448738042276e-85, "x3": 4.0488733415292683e-85, "x4": 1.454751771360564, "x5": 5.0257137686927884e-85, "x6": 1.1737985065771028, "x7": 4.652625255209876, "x8": 0.9172451529711619, "x9": 2.475332771198038}, "datetime": {"datetime": "2025-05-14 08:14:56", "elapsed": 66974.310007, "delta": 116.600136}}
{"target": 38.97394266935376, "params": {"x0": 0.8, "x1": 0.9, "x2": 3.033616275543473e-85, "x3": 2.8352931422929097e-85, "x4": 1.454751771360564, "x5": 5.8119984160787804e-86, "x6": 1.1737985065771028, "x7": 4.652625255209876, "x8": 0.9172451529711619, "x9": 2.475332771198038}, "datetime": {"datetime": "2025-05-14 08:17:26", "elapsed": 67124.414079, "delta": 150.104072}}
{"target": 38.97394266935376, "params": {"x0": 0.8, "x1": 0.9, "x2": 2.7400525759617116e-85, "x3": 2.0206087965132026e-85, "x4": 1.454751771360564, "x5": 2.3299918497423648e-85, "x6": 1.1737985065771028, "x7": 4.652625255209876, "x8": 0.9172451529711619, "x9": 2.475332771198038}, "datetime": {"datetime": "2025-05-14 08:20:09", "elapsed": 67287.411098, "delta": 162.997019}}
{"target": 38.97394266935376, "params": {"x0": 0.8, "x1": 0.9, "x2": 7.620394892841966e-86, "x3": 7.006254115875992e-86, "x4": 1.454751771360564, "x5": 3.028557186931314e-85, "x6": 1.1737985065771028, "x7": 4.652625255209876, "x8": 0.9172451529711619, "x9": 2.475332771198038}, "datetime": {"datetime": "2025-05-14 08:22:42", "elapsed": 67440.471941, "delta": 153.060843}}
{"target": 38.97394266935376, "params": {"x0": 0.8, "x1": 0.9, "x2": 1.645492521568771e-85, "x3": 2.3440715423178746e-85, "x4": 1.454751771360564, "x5": 1.434817885533031e-85, "x6": 1.1737985065771028, "x7": 4.652625255209876, "x8": 0.9172451529711619, "x9": 2.475332771198038}, "datetime": {"datetime": "2025-05-14 08:25:40", "elapsed": 67618.067172, "delta": 177.595231}}
{"target": 38.97394266935376, "params": {"x0": 0.8, "x1": 0.9, "x2": 4.9870328208599105e-86, "x3": 4.593653011733807e-86, "x4": 1.454751771360564, "x5": 1.0551086772344945e-85, "x6": 1.1737985065771028, "x7": 4.652625255209876, "x8": 0.9172451529711619, "x9": 2.475332771198038}, "datetime": {"datetime": "2025-05-14 08:27:25", "elapsed": 67723.913252, "delta": 105.84608}}
{"target": 38.97394266935376, "params": {"x0": 0.8, "x1": 0.9, "x2": 1.2741211612821841e-85, "x3": 6.504867102476648e-86, "x4": 1.454751771360564, "x5": 2.8200546150195884e-85, "x6": 1.1737985065771028, "x7": 4.652625255209876, "x8": 0.9172451529711619, "x9": 2.475332771198038}, "datetime": {"datetime": "2025-05-14 08:29:26", "elapsed": 67844.968852, "delta": 121.0556}}
{"target": 38.97394266935376, "params": {"x0": 0.8, "x1": 0.9, "x2": 1.3933270554729288e-86, "x3": 1.5629103179722528e-85, "x4": 1.454751771360564, "x5": 1.5981584891868298e-86, "x6": 1.1737985065771028, "x7": 4.652625255209876, "x8": 0.9172451529711619, "x9": 2.475332771198038}, "datetime": {"datetime": "2025-05-14 08:31:32", "elapsed": 67970.301415, "delta": 125.332563}}
{"target": 38.97394266935376, "params": {"x0": 0.8, "x1": 0.9, "x2": 9.477304213256756e-86, "x3": 1.9425910752260093e-86, "x4": 1.454751771360564, "x5": 2.4554809779132134e-86, "x6": 1.1737985065771028, "x7": 4.652625255209876, "x8": 0.9172451529711619, "x9": 2.475332771198038}, "datetime": {"datetime": "2025-05-14 08:33:36", "elapsed": 68094.053156, "delta": 123.751741}}
{"target": 38.97394266935376, "params": {"x0": 0.8, "x1": 0.9, "x2": 7.120393721917696e-86, "x3": 1.4327670572851666e-85, "x4": 1.454751771360564, "x5": 2.0461869416444742e-85, "x6": 1.1737985065771028, "x7": 4.652625255209876, "x8": 0.9172451529711619, "x9": 2.475332771198038}, "datetime": {"datetime": "2025-05-14 08:35:42", "elapsed": 68220.948401, "delta": 126.895245}}
{"target": 38.97394266935376, "params": {"x0": 0.8, "x1": 0.9, "x2": 7.746402072873178e-86, "x3": 3.235136868614909e-86, "x4": 1.454751771360564, "x5": 2.277948145308544e-86, "x6": 1.1737985065771028, "x7": 4.652625255209876, "x8": 0.9172451529711619, "x9": 2.475332771198038}, "datetime": {"datetime": "2025-05-14 08:37:24", "elapsed": 68322.699683, "delta": 101.751282}}
{"target": 38.97394266935376, "params": {"x0": 0.8, "x1": 0.9, "x2": 7.931602858998375e-86, "x3": 3.4167859329406634e-86, "x4": 1.454751771360564, "x5": 6.038138554142606e-86, "x6": 1.1737985065771028, "x7": 4.652625255209876, "x8": 0.9172451529711619, "x9": 2.475332771198038}, "datetime": {"datetime": "2025-05-14 08:38:58", "elapsed": 68416.234487, "delta": 93.534804}}
{"target": 38.97394266935376, "params": {"x0": 0.8, "x1": 0.9, "x2": 3.733769049734503e-86, "x3": 8.97128755824557e-86, "x4": 1.454751771360564, "x5": 6.485856311819093e-88, "x6": 1.1737985065771028, "x7": 4.652625255209876, "x8": 0.9172451529711619, "x9": 2.475332771198038}, "datetime": {"datetime": "2025-05-14 08:41:11", "elapsed": 68549.638035, "delta": 133.403548}}
{"target": 38.97394266935376, "params": {"x0": 0.8, "x1": 0.9, "x2": 3.7189680337850535e-86, "x3": 8.792911821044145e-86, "x4": 1.454751771360564, "x5": 1.50479249226083e-85, "x6": 1.1737985065771028, "x7": 4.652625255209876, "x8": 0.9172451529711619, "x9": 2.475332771198038}, "datetime": {"datetime": "2025-05-14 08:43:05", "elapsed": 68663.427333, "delta": 113.789298}}
{"target": 38.97394266935376, "params": {"x0": 0.8, "x1": 0.9, "x2": 6.0753666393397075e-87, "x3": 1.3854181079236075e-86, "x4": 1.454751771360564, "x5": 1.0333362629917474e-85, "x6": 1.1737985065771028, "x7": 4.652625255209876, "x8": 0.9172451529711619, "x9": 2.475332771198038}, "datetime": {"datetime": "2025-05-14 08:44:24", "elapsed": 68742.399641, "delta": 78.972308}}
{"target": 38.97394266935376, "params": {"x0": 0.8, "x1": 0.9, "x2": 3.1867023304109035e-86, "x3": 2.528585810135466e-86, "x4": 1.454751771360564, "x5": 1.1394322657413098e-85, "x6": 1.1737985065771028, "x7": 4.652625255209876, "x8": 0.9172451529711619, "x9": 2.475332771198038}, "datetime": {"datetime": "2025-05-14 08:46:38", "elapsed": 68876.458741, "delta": 134.0591}}
{"target": 38.97394266935376, "params": {"x0": 0.8, "x1": 0.9, "x2": 3.6738716768356514e-86, "x3": 3.030862412601689e-86, "x4": 1.454751771360564, "x5": 2.2473172302640032e-87, "x6": 1.1737985065771028, "x7": 4.652625255209876, "x8": 0.9172451529711619, "x9": 2.475332771198038}, "datetime": {"datetime": "2025-05-14 08:48:14", "elapsed": 68972.612618, "delta": 96.153877}}
{"target": 38.97394266935376, "params": {"x0": 0.8, "x1": 0.9, "x2": 1.941400280189956e-86, "x3": 3.524376167967249e-86, "x4": 1.454751771360564, "x5": 4.202104469741533e-86, "x6": 1.1737985065771028, "x7": 4.652625255209876, "x8": 0.9172451529711619, "x9": 2.475332771198038}, "datetime": {"datetime": "2025-05-14 08:50:06", "elapsed": 69084.814062, "delta": 112.201444}}
{"target": 38.97394266935376, "params": {"x0": 0.8, "x1": 0.9, "x2": 6.851272820395371e-88, "x3": 6.554605805240075e-86, "x4": 1.454751771360564, "x5": 2.0885719151109883e-86, "x6": 1.1737985065771028, "x7": 4.652625255209876, "x8": 0.9172451529711619, "x9": 2.475332771198038}, "datetime": {"datetime": "2025-05-14 08:52:06", "elapsed": 69204.027909, "delta": 119.213847}}
{"target": 38.97394266935376, "params": {"x0": 0.8, "x1": 0.9, "x2": 2.597791107976605e-86, "x3": 4.2895858885089665e-86, "x4": 1.454751771360564, "x5": 6.909454251917273e-86, "x6": 1.1737985065771028, "x7": 4.652625255209876, "x8": 0.9172451529711619, "x9": 2.475332771198038}, "datetime": {"datetime": "2025-05-14 08:55:07", "elapsed": 69385.799909, "delta": 181.772}}
{"target": 38.97394266935376, "params": {"x0": 0.8, "x1": 0.9, "x2": 5.973702271222221e-87, "x3": 3.3847488652212615e-86, "x4": 1.454751771360564, "x5": 6.934926604082025e-86, "x6": 1.1737985065771028, "x7": 4.652625255209876, "x8": 0.9172451529711619, "x9": 2.475332771198038}, "datetime": {"datetime": "2025-05-14 08:56:51", "elapsed": 69489.334734, "delta": 103.534825}}
{"target": 38.97394266935376, "params": {"x0": 0.8, "x1": 0.9, "x2": 3.7399712144034105e-86, "x3": 3.3287800673346985e-86, "x4": 1.454751771360564, "x5": 7.036291994873742e-87, "x6": 1.1737985065771028, "x7": 4.652625255209876, "x8": 0.9172451529711619, "x9": 2.475332771198038}, "datetime": {"datetime": "2025-05-14 08:59:04", "elapsed": 69622.814391, "delta": 133.479657}}
{"target": 38.97394266935376, "params": {"x0": 0.8, "x1": 0.9, "x2": 2.4197872193771697e-86, "x3": 3.0105616743388844e-86, "x4": 1.454751771360564, "x5": 8.280043416490959e-87, "x6": 1.1737985065771028, "x7": 4.652625255209876, "x8": 0.9172451529711619, "x9": 2.475332771198038}, "datetime": {"datetime": "2025-05-14 09:00:32", "elapsed": 69710.442209, "delta": 87.627818}}
{"target": 38.97394266935376, "params": {"x0": 0.8, "x1": 0.9, "x2": 2.8970660768781684e-86, "x3": 2.125527721187167e-86, "x4": 1.454751771360564, "x5": 5.053802781937875e-86, "x6": 1.1737985065771028, "x7": 4.652625255209876, "x8": 0.9172451529711619, "x9": 2.475332771198038}, "datetime": {"datetime": "2025-05-14 09:02:54", "elapsed": 69852.246384, "delta": 141.804175}}
{"target": 38.97394266935376, "params": {"x0": 0.8, "x1": 0.9, "x2": 2.0835205252766246e-86, "x3": 2.4496755844195505e-87, "x4": 1.454751771360564, "x5": 3.4119942774851435e-87, "x6": 1.1737985065771028, "x7": 4.652625255209876, "x8": 0.9172451529711619, "x9": 2.475332771198038}, "datetime": {"datetime": "2025-05-14 09:05:23", "elapsed": 70001.318852, "delta": 149.072468}}
{"target": 38.97394266935376, "params": {"x0": 0.8, "x1": 0.9, "x2": 1.7163519008256757e-86, "x3": 8.1568892606163e-87, "x4": 1.454751771360564, "x5": 6.449714685131826e-87, "x6": 1.1737985065771028, "x7": 4.652625255209876, "x8": 0.9172451529711619, "x9": 2.475332771198038}, "datetime": {"datetime": "2025-05-14 09:06:56", "elapsed": 70094.859654, "delta": 93.540802}}
{"target": 38.97394266935376, "params": {"x0": 0.8, "x1": 0.9, "x2": 6.5624543164655305e-87, "x3": 1.0648502444500647e-86, "x4": 1.454751771360564, "x5": 1.1493313767936753e-87, "x6": 1.1737985065771028, "x7": 4.652625255209876, "x8": 0.9172451529711619, "x9": 2.475332771198038}, "datetime": {"datetime": "2025-05-14 09:08:39", "elapsed": 70197.769249, "delta": 102.909595}}
{"target": 38.97394266935376, "params": {"x0": 0.8, "x1": 0.9, "x2": 2.9085187246401885e-87, "x3": 5.1999596167018595e-87, "x4": 1.454751771360564, "x5": 2.366882042319538e-86, "x6": 1.1737985065771028, "x7": 4.652625255209876, "x8": 0.9172451529711619, "x9": 2.475332771198038}, "datetime": {"datetime": "2025-05-14 09:10:24", "elapsed": 70302.352637, "delta": 104.583388}}
{"target": 38.97394266935376, "params": {"x0": 0.8, "x1": 0.9, "x2": 9.602655984750898e-87, "x3": 1.6947750641050957e-86, "x4": 1.454751771360564, "x5": 1.2849595051540208e-86, "x6": 1.1737985065771028, "x7": 4.652625255209876, "x8": 0.9172451529711619, "x9": 2.475332771198038}, "datetime": {"datetime": "2025-05-14 09:12:23", "elapsed": 70421.528104, "delta": 119.175467}}
{"target": 38.97394266935376, "params": {"x0": 0.8, "x1": 0.9, "x2": 1.2246687437310488e-86, "x3": 1.8835717941952863e-86, "x4": 1.454751771360564, "x5": 2.2853751439950245e-86, "x6": 1.1737985065771028, "x7": 4.652625255209876, "x8": 0.9172451529711619, "x9": 2.475332771198038}, "datetime": {"datetime": "2025-05-14 09:14:10", "elapsed": 70528.071972, "delta": 106.543868}}
{"target": 38.97394266935376, "params": {"x0": 0.8, "x1": 0.9, "x2": 8.574668155877502e-87, "x3": 4.112396651849553e-87, "x4": 1.454751771360564, "x5": 1.8386364709786924e-86, "x6": 1.1737985065771028, "x7": 4.652625255209876, "x8": 0.9172451529711619, "x9": 2.475332771198038}, "datetime": {"datetime": "2025-05-14 09:15:46", "elapsed": 70624.994547, "delta": 96.922575}}
{"target": 38.97394266935376, "params": {"x0": 0.8, "x1": 0.9, "x2": 1.0267601340566425e-86, "x3": 5.496552194288215e-87, "x4": 1.454751771360564, "x5": 1.2744608006563453e-86, "x6": 1.1737985065771028, "x7": 4.652625255209876, "x8": 0.9172451529711619, "x9": 2.475332771198038}, "datetime": {"datetime": "2025-05-14 09:17:32", "elapsed": 70730.936278, "delta": 105.941731}}
{"target": 38.97394266935376, "params": {"x0": 0.8, "x1": 0.9, "x2": 1.184105402756611e-86, "x3": 4.405463455000632e-87, "x4": 1.454751771360564, "x5": 1.54150893317325e-86, "x6": 1.1737985065771028, "x7": 4.652625255209876, "x8": 0.9172451529711619, "x9": 2.475332771198038}, "datetime": {"datetime": "2025-05-14 09:19:36", "elapsed": 70854.789325, "delta": 123.853047}}
{"target": 38.97394266935376, "params": {"x0": 0.8, "x1": 0.9, "x2": 9.424288766828313e-87, "x3": 5.645131999502271e-87, "x4": 1.454751771360564, "x5": 1.51935586409602e-86, "x6": 1.1737985065771028, "x7": 4.652625255209876, "x8": 0.9172451529711619, "x9": 2.475332771198038}, "datetime": {"datetime": "2025-05-14 09:21:49", "elapsed": 70987.873552, "delta": 133.084227}}
{"target": 38.97394266935376, "params": {"x0": 0.8, "x1": 0.9, "x2": 7.080110554570031e-87, "x3": 5.217680962105102e-87, "x4": 1.454751771360564, "x5": 1.2918660961398423e-86, "x6": 1.1737985065771028, "x7": 4.652625255209876, "x8": 0.9172451529711619, "x9": 2.475332771198038}, "datetime": {"datetime": "2025-05-14 09:23:11", "elapsed": 71069.873508, "delta": 81.999956}}
{"target": 38.97394266935376, "params": {"x0": 0.8, "x1": 0.9, "x2": 4.469380706366429e-87, "x3": 4.44265044344346e-87, "x4": 1.454751771360564, "x5": 9.471372810176354e-87, "x6": 1.1737985065771028, "x7": 4.652625255209876, "x8": 0.9172451529711619, "x9": 2.475332771198038}, "datetime": {"datetime": "2025-05-14 09:24:27", "elapsed": 71145.560549, "delta": 75.687041}}
{"target": 38.97394266935376, "params": {"x0": 0.8, "x1": 0.9, "x2": 7.334447871232297e-87, "x3": 1.027765743857498e-86, "x4": 1.454751771360564, "x5": 9.650924392519757e-87, "x6": 1.1737985065771028, "x7": 4.652625255209876, "x8": 0.9172451529711619, "x9": 2.475332771198038}, "datetime": {"datetime": "2025-05-14 09:26:33", "elapsed": 71271.708286, "delta": 126.147737}}
{"target": 38.97394266935376, "params": {"x0": 0.8, "x1": 0.9, "x2": 4.191691949783011e-87, "x3": 8.90770668568281e-87, "x4": 1.454751771360564, "x5": 9.63211179548705e-87, "x6": 1.1737985065771028, "x7": 4.652625255209876, "x8": 0.9172451529711619, "x9": 2.475332771198038}, "datetime": {"datetime": "2025-05-14 09:28:21", "elapsed": 71379.244235, "delta": 107.535949}}
{"target": 38.97394266935376, "params": {"x0": 0.8, "x1": 0.9, "x2": 4.559265694312875e-87, "x3": 8.089020239678858e-87, "x4": 1.454751771360564, "x5": 2.849909372435242e-87, "x6": 1.1737985065771028, "x7": 4.652625255209876, "x8": 0.9172451529711619, "x9": 2.475332771198038}, "datetime": {"datetime": "2025-05-14 09:30:36", "elapsed": 71514.37398, "delta": 135.129745}}
{"target": 38.97394266935376, "params": {"x0": 0.8, "x1": 0.9, "x2": 4.698000741588705e-87, "x3": 2.3573503723486394e-87, "x4": 1.454751771360564, "x5": 9.398191164374883e-87, "x6": 1.1737985065771028, "x7": 4.652625255209876, "x8": 0.9172451529711619, "x9": 2.475332771198038}, "datetime": {"datetime": "2025-05-14 09:32:07", "elapsed": 71605.799131, "delta": 91.425151}}
{"target": 38.97394266935376, "params": {"x0": 0.8, "x1": 0.9, "x2": 3.4728393109873703e-87, "x3": 4.213311819792111e-87, "x4": 1.454751771360564, "x5": 6.124686862318486e-87, "x6": 1.1737985065771028, "x7": 4.652625255209876, "x8": 0.9172451529711619, "x9": 2.475332771198038}, "datetime": {"datetime": "2025-05-14 09:34:37", "elapsed": 71755.649821, "delta": 149.85069}}
{"target": 38.97394266935376, "params": {"x0": 0.8, "x1": 0.9, "x2": 1.9256863510121438e-88, "x3": 2.0617239478802897e-87, "x4": 1.454751771360564, "x5": 2.9230208448806505e-87, "x6": 1.1737985065771028, "x7": 4.652625255209876, "x8": 0.9172451529711619, "x9": 2.475332771198038}, "datetime": {"datetime": "2025-05-14 09:36:28", "elapsed": 71866.350435, "delta": 110.700614}}
{"target": 38.97394266935376, "params": {"x0": 0.8, "x1": 0.9, "x2": 3.942367420111274e-87, "x3": 4.7599376386614395e-87, "x4": 1.454751771360564, "x5": 2.5504391043033685e-87, "x6": 1.1737985065771028, "x7": 4.652625255209876, "x8": 0.9172451529711619, "x9": 2.475332771198038}, "datetime": {"datetime": "2025-05-14 09:38:24", "elapsed": 71982.850154, "delta": 116.499719}}
{"target": 38.97394266935376, "params": {"x0": 0.8, "x1": 0.9, "x2": 8.68002512879362e-88, "x3": 3.990030698210542e-87, "x4": 1.454751771360564, "x5": 5.920664299086801e-88, "x6": 1.1737985065771028, "x7": 4.652625255209876, "x8": 0.9172451529711619, "x9": 2.475332771198038}, "datetime": {"datetime": "2025-05-14 09:39:49", "elapsed": 72067.129994, "delta": 84.27984}}
{"target": 38.97394266935376, "params": {"x0": 0.8, "x1": 0.9, "x2": 7.10192325340154e-88, "x3": 1.9939155905239924e-87, "x4": 1.454751771360564, "x5": 4.3646473643682266e-88, "x6": 1.1737985065771028, "x7": 4.652625255209876, "x8": 0.9172451529711619, "x9": 2.475332771198038}, "datetime": {"datetime": "2025-05-14 09:41:26", "elapsed": 72164.221618, "delta": 97.091624}}
{"target": 38.97394266935376, "params": {"x0": 0.8, "x1": 0.9, "x2": 1.110960805863229e-87, "x3": 1.8229258514511754e-87, "x4": 1.454751771360564, "x5": 2.90189625665197e-87, "x6": 1.1737985065771028, "x7": 4.652625255209876, "x8": 0.9172451529711619, "x9": 2.475332771198038}, "datetime": {"datetime": "2025-05-14 09:43:13", "elapsed": 72271.025139, "delta": 106.803521}}
{"target": 38.97394266935376, "params": {"x0": 0.8, "x1": 0.9, "x2": 1.4278073547999854e-87, "x3": 1.7668744674561083e-87, "x4": 1.454751771360564, "x5": 7.725594633630516e-88, "x6": 1.1737985065771028, "x7": 4.652625255209876, "x8": 0.9172451529711619, "x9": 2.475332771198038}, "datetime": {"datetime": "2025-05-14 09:44:51", "elapsed": 72369.482275, "delta": 98.457136}}
{"target": 38.97394266935376, "params": {"x0": 0.8, "x1": 0.9, "x2": 2.1304415369746494e-87, "x3": 7.684709190738961e-88, "x4": 1.454751771360564, "x5": 8.607468518261804e-88, "x6": 1.1737985065771028, "x7": 4.652625255209876, "x8": 0.9172451529711619, "x9": 2.475332771198038}, "datetime": {"datetime": "2025-05-14 09:46:58", "elapsed": 72496.740383, "delta": 127.258108}}
{"target": 38.97394266935376, "params": {"x0": 0.8, "x1": 0.9, "x2": 1.4061281781890275e-87, "x3": 1.3308667247132335e-87, "x4": 1.454751771360564, "x5": 2.1928304215613397e-89, "x6": 1.1737985065771028, "x7": 4.652625255209876, "x8": 0.9172451529711619, "x9": 2.475332771198038}, "datetime": {"datetime": "2025-05-14 09:48:38", "elapsed": 72596.145454, "delta": 99.405071}}
{"target": 38.97394266935376, "params": {"x0": 0.8, "x1": 0.9, "x2": 8.75648182116365e-88, "x3": 8.470344143912942e-88, "x4": 1.454751771360564, "x5": 8.480630798390223e-89, "x6": 1.1737985065771028, "x7": 4.652625255209876, "x8": 0.9172451529711619, "x9": 2.475332771198038}, "datetime": {"datetime": "2025-05-14 09:49:58", "elapsed": 72676.648793, "delta": 80.503339}}
{"target": 38.97394266935376, "params": {"x0": 0.8, "x1": 0.9, "x2": 6.712673657602526e-88, "x3": 1.7260252320047741e-87, "x4": 1.454751771360564, "x5": 2.190934751090001e-87, "x6": 1.1737985065771028, "x7": 4.652625255209876, "x8": 0.9172451529711619, "x9": 2.475332771198038}, "datetime": {"datetime": "2025-05-14 09:51:35", "elapsed": 72773.525453, "delta": 96.87666}}
{"target": 38.97394266935376, "params": {"x0": 0.8, "x1": 0.9, "x2": 1.5041634220822528e-87, "x3": 8.172270035424321e-89, "x4": 1.454751771360564, "x5": 9.465045192659899e-88, "x6": 1.1737985065771028, "x7": 4.652625255209876, "x8": 0.9172451529711619, "x9": 2.475332771198038}, "datetime": {"datetime": "2025-05-14 09:52:47", "elapsed": 72845.379444, "delta": 71.853991}}
{"target": 38.97394266935376, "params": {"x0": 0.8, "x1": 0.9, "x2": 7.565579048925575e-88, "x3": 5.469170868099314e-88, "x4": 1.454751771360564, "x5": 2.0699632951058406e-87, "x6": 1.1737985065771028, "x7": 4.652625255209876, "x8": 0.9172451529711619, "x9": 2.475332771198038}, "datetime": {"datetime": "2025-05-14 09:54:15", "elapsed": 72933.730464, "delta": 88.35102}}
{"target": 38.97394266935376, "params": {"x0": 0.8, "x1": 0.9, "x2": 1.212638332501393e-87, "x3": 9.304736406022486e-88, "x4": 1.454751771360564, "x5": 1.5220520506134523e-87, "x6": 1.1737985065771028, "x7": 4.652625255209876, "x8": 0.9172451529711619, "x9": 2.475332771198038}, "datetime": {"datetime": "2025-05-14 09:56:07", "elapsed": 73045.972126, "delta": 112.241662}}
{"target": 38.97394266935376, "params": {"x0": 0.8, "x1": 0.9, "x2": 2.395895623515828e-88, "x3": 9.672216009031208e-88, "x4": 1.454751771360564, "x5": 9.651453540036743e-88, "x6": 1.1737985065771028, "x7": 4.652625255209876, "x8": 0.9172451529711619, "x9": 2.475332771198038}, "datetime": {"datetime": "2025-05-14 09:57:55", "elapsed": 73153.995435, "delta": 108.023309}}
