{"target": 38.97394266935376, "params": {"x0": 0.8, "x1": 0.9, "x2": 1.251077277752131e-23, "x3": 3.486200506856423e-23, "x4": 1.454751771360564, "x5": 2.9148639711240867e-24, "x6": 1.1737985065771028, "x7": 4.652625255209876, "x8": 0.9172451529711619, "x9": 2.475332771198038}, "datetime": {"datetime": "2025-05-13 15:04:13", "elapsed": 5131.767205, "delta": 13.970088}}
{"target": 38.97394266935376, "params": {"x0": 0.8, "x1": 0.9, "x2": 2.4073447995999422e-23, "x3": 2.532302928909151e-23, "x4": 1.454751771360564, "x5": 4.026556156304801e-24, "x6": 1.1737985065771028, "x7": 4.652625255209876, "x8": 0.9172451529711619, "x9": 2.475332771198038}, "datetime": {"datetime": "2025-05-13 15:04:28", "elapsed": 5146.39263, "delta": 14.625425}}
{"target": 38.97394266935376, "params": {"x0": 0.8, "x1": 0.9, "x2": 2.4133584355960914e-23, "x3": 2.6681539480725287e-23, "x4": 1.454751771360564, "x5": 4.405713215243862e-23, "x6": 1.1737985065771028, "x7": 4.652625255209876, "x8": 0.9172451529711619, "x9": 2.475332771198038}, "datetime": {"datetime": "2025-05-13 15:04:43", "elapsed": 5161.768348, "delta": 15.375718}}
{"target": 38.97394266935376, "params": {"x0": 0.8, "x1": 0.9, "x2": 1.1965072453355574e-25, "x3": 2.562542938316843e-23, "x4": 1.454751771360564, "x5": 8.319667326443742e-24, "x6": 1.1737985065771028, "x7": 4.652625255209876, "x8": 0.9172451529711619, "x9": 2.475332771198038}, "datetime": {"datetime": "2025-05-13 15:04:56", "elapsed": 5174.904425, "delta": 13.136077}}
{"target": 38.97394266935376, "params": {"x0": 0.8, "x1": 0.9, "x2": 1.567183504797441e-23, "x3": 2.1760816450252365e-23, "x4": 1.454751771360564, "x5": 2.9068094543002266e-23, "x6": 1.1737985065771028, "x7": 4.652625255209876, "x8": 0.9172451529711619, "x9": 2.475332771198038}, "datetime": {"datetime": "2025-05-13 15:05:10", "elapsed": 5188.481706, "delta": 13.577281}}
{"target": 38.97394266935376, "params": {"x0": 0.8, "x1": 0.9, "x2": 1.5277322358407092e-23, "x3": 4.362674176405315e-24, "x4": 1.454751771360564, "x5": 2.1550540166548844e-23, "x6": 1.1737985065771028, "x7": 4.652625255209876, "x8": 0.9172451529711619, "x9": 2.475332771198038}, "datetime": {"datetime": "2025-05-13 15:05:23", "elapsed": 5201.796515, "delta": 13.314809}}
{"target": 38.97394266935376, "params": {"x0": 0.8, "x1": 0.9, "x2": 1.5877354430928042e-23, "x3": 8.408242107667185e-24, "x4": 1.454751771360564, "x5": 1.3282216717302535e-23, "x6": 1.1737985065771028, "x7": 4.652625255209876, "x8": 0.9172451529711619, "x9": 2.475332771198038}, "datetime": {"datetime": "2025-05-13 15:05:38", "elapsed": 5216.500702, "delta": 14.704187}}
{"target": 38.97394266935376, "params": {"x0": 0.8, "x1": 0.9, "x2": 7.750322112365856e-24, "x3": 7.202856127029691e-24, "x4": 1.454751771360564, "x5": 2.3217320917819174e-23, "x6": 1.1737985065771028, "x7": 4.652625255209876, "x8": 0.9172451529711619, "x9": 2.475332771198038}, "datetime": {"datetime": "2025-05-13 15:05:51", "elapsed": 5229.69272, "delta": 13.192018}}
{"target": 38.97394266935376, "params": {"x0": 0.8, "x1": 0.9, "x2": 1.1493195204754886e-24, "x3": 8.687971504191313e-24, "x4": 1.454751771360564, "x5": 1.9426698782583802e-23, "x6": 1.1737985065771028, "x7": 4.652625255209876, "x8": 0.9172451529711619, "x9": 2.475332771198038}, "datetime": {"datetime": "2025-05-13 15:06:04", "elapsed": 5242.161433, "delta": 12.468713}}
{"target": 38.97394266935376, "params": {"x0": 0.8, "x1": 0.9, "x2": 3.8843843892499325e-24, "x3": 1.1893280323910275e-23, "x4": 1.454751771360564, "x5": 1.892665286799015e-23, "x6": 1.1737985065771028, "x7": 4.652625255209876, "x8": 0.9172451529711619, "x9": 2.475332771198038}, "datetime": {"datetime": "2025-05-13 15:06:16", "elapsed": 5254.773377, "delta": 12.611944}}
{"target": 38.97394266935376, "params": {"x0": 0.8, "x1": 0.9, "x2": 6.452280682351108e-24, "x3": 5.004620539245683e-24, "x4": 1.454751771360564, "x5": 7.326945311097447e-24, "x6": 1.1737985065771028, "x7": 4.652625255209876, "x8": 0.9172451529711619, "x9": 2.475332771198038}, "datetime": {"datetime": "2025-05-13 15:06:30", "elapsed": 5268.790944, "delta": 14.017567}}
{"target": 38.97394266935376, "params": {"x0": 0.8, "x1": 0.9, "x2": 2.968918754271546e-24, "x3": 2.5441996615852467e-24, "x4": 1.454751771360564, "x5": 1.4117682745601484e-23, "x6": 1.1737985065771028, "x7": 4.652625255209876, "x8": 0.9172451529711619, "x9": 2.475332771198038}, "datetime": {"datetime": "2025-05-13 15:06:47", "elapsed": 5285.163858, "delta": 16.372914}}
{"target": 38.97394266935376, "params": {"x0": 0.8, "x1": 0.9, "x2": 2.251637364471684e-24, "x3": 6.624199352653261e-24, "x4": 1.454751771360564, "x5": 1.3434286426139178e-23, "x6": 1.1737985065771028, "x7": 4.652625255209876, "x8": 0.9172451529711619, "x9": 2.475332771198038}, "datetime": {"datetime": "2025-05-13 15:07:00", "elapsed": 5298.124171, "delta": 12.960313}}
{"target": 38.97394266935376, "params": {"x0": 0.8, "x1": 0.9, "x2": 3.604521166973247e-24, "x3": 7.364404465706488e-25, "x4": 1.454751771360564, "x5": 9.68489096103924e-24, "x6": 1.1737985065771028, "x7": 4.652625255209876, "x8": 0.9172451529711619, "x9": 2.475332771198038}, "datetime": {"datetime": "2025-05-13 15:07:13", "elapsed": 5311.329677, "delta": 13.205506}}
{"target": 38.97394266935376, "params": {"x0": 0.8, "x1": 0.9, "x2": 2.5807323399324704e-25, "x3": 1.0338589294952891e-24, "x4": 1.454751771360564, "x5": 1.2696293211853864e-23, "x6": 1.1737985065771028, "x7": 4.652625255209876, "x8": 0.9172451529711619, "x9": 2.475332771198038}, "datetime": {"datetime": "2025-05-13 15:07:24", "elapsed": 5322.876826, "delta": 11.547149}}
{"target": 38.97394266935376, "params": {"x0": 0.8, "x1": 0.9, "x2": 2.4341534539078553e-24, "x3": 4.228780625475079e-25, "x4": 1.454751771360564, "x5": 1.720106308927703e-24, "x6": 1.1737985065771028, "x7": 4.652625255209876, "x8": 0.9172451529711619, "x9": 2.475332771198038}, "datetime": {"datetime": "2025-05-13 15:07:39", "elapsed": 5337.064217, "delta": 14.187391}}
{"target": 38.97394266935376, "params": {"x0": 0.8, "x1": 0.9, "x2": 2.530960545262418e-24, "x3": 7.552322541369833e-24, "x4": 1.454751771360564, "x5": 2.746197929611607e-24, "x6": 1.1737985065771028, "x7": 4.652625255209876, "x8": 0.9172451529711619, "x9": 2.475332771198038}, "datetime": {"datetime": "2025-05-13 15:07:52", "elapsed": 5350.104723, "delta": 13.040506}}
{"target": 38.97394266935376, "params": {"x0": 0.8, "x1": 0.9, "x2": 3.2364515584941155e-24, "x3": 2.2552184223792792e-24, "x4": 1.454751771360564, "x5": 8.821614407814145e-24, "x6": 1.1737985065771028, "x7": 4.652625255209876, "x8": 0.9172451529711619, "x9": 2.475332771198038}, "datetime": {"datetime": "2025-05-13 15:08:05", "elapsed": 5363.30915, "delta": 13.204427}}
{"target": 38.97394266935376, "params": {"x0": 0.8, "x1": 0.9, "x2": 3.373981099600498e-24, "x3": 2.696032022217561e-24, "x4": 1.454751771360564, "x5": 8.101650316138523e-24, "x6": 1.1737985065771028, "x7": 4.652625255209876, "x8": 0.9172451529711619, "x9": 2.475332771198038}, "datetime": {"datetime": "2025-05-13 15:08:16", "elapsed": 5374.827148, "delta": 11.517998}}
{"target": 38.97394266935376, "params": {"x0": 0.8, "x1": 0.9, "x2": 3.623465976628158e-24, "x3": 3.157903358304365e-24, "x4": 1.454751771360564, "x5": 4.2030100603593256e-24, "x6": 1.1737985065771028, "x7": 4.652625255209876, "x8": 0.9172451529711619, "x9": 2.475332771198038}, "datetime": {"datetime": "2025-05-13 15:08:31", "elapsed": 5389.610577, "delta": 14.783429}}
{"target": 38.97394266935376, "params": {"x0": 0.8, "x1": 0.9, "x2": 1.0643516651802857e-24, "x3": 1.7947737803380944e-24, "x4": 1.454751771360564, "x5": 2.2127248392221644e-24, "x6": 1.1737985065771028, "x7": 4.652625255209876, "x8": 0.9172451529711619, "x9": 2.475332771198038}, "datetime": {"datetime": "2025-05-13 15:08:44", "elapsed": 5402.81953, "delta": 13.208953}}
{"target": 38.97394266935376, "params": {"x0": 0.8, "x1": 0.9, "x2": 2.7074944278975416e-24, "x3": 3.868823829017771e-24, "x4": 1.454751771360564, "x5": 5.088626066707599e-24, "x6": 1.1737985065771028, "x7": 4.652625255209876, "x8": 0.9172451529711619, "x9": 2.475332771198038}, "datetime": {"datetime": "2025-05-13 15:09:01", "elapsed": 5419.142889, "delta": 16.323359}}
{"target": 38.97394266935376, "params": {"x0": 0.8, "x1": 0.9, "x2": 1.3001240835921401e-24, "x3": 9.93981696170723e-26, "x4": 1.454751771360564, "x5": 7.374223584084218e-25, "x6": 1.1737985065771028, "x7": 4.652625255209876, "x8": 0.9172451529711619, "x9": 2.475332771198038}, "datetime": {"datetime": "2025-05-13 15:09:13", "elapsed": 5431.995267, "delta": 12.852378}}
{"target": 38.97394266935376, "params": {"x0": 0.8, "x1": 0.9, "x2": 5.705284286096551e-25, "x3": 3.629947409288513e-24, "x4": 1.454751771360564, "x5": 2.1352163516998028e-24, "x6": 1.1737985065771028, "x7": 4.652625255209876, "x8": 0.9172451529711619, "x9": 2.475332771198038}, "datetime": {"datetime": "2025-05-13 15:09:27", "elapsed": 5445.051647, "delta": 13.05638}}
{"target": 38.97394266935376, "params": {"x0": 0.8, "x1": 0.9, "x2": 2.375354889356123e-24, "x3": 2.2389743158087303e-24, "x4": 1.454751771360564, "x5": 9.594705254735014e-25, "x6": 1.1737985065771028, "x7": 4.652625255209876, "x8": 0.9172451529711619, "x9": 2.475332771198038}, "datetime": {"datetime": "2025-05-13 15:09:41", "elapsed": 5459.155522, "delta": 14.103875}}
{"target": 38.97394266935376, "params": {"x0": 0.8, "x1": 0.9, "x2": 2.089751416177128e-24, "x3": 5.063642694856384e-25, "x4": 1.454751771360564, "x5": 2.8709309312814204e-24, "x6": 1.1737985065771028, "x7": 4.652625255209876, "x8": 0.9172451529711619, "x9": 2.475332771198038}, "datetime": {"datetime": "2025-05-13 15:09:54", "elapsed": 5472.806612, "delta": 13.65109}}
{"target": 38.97394266935376, "params": {"x0": 0.8, "x1": 0.9, "x2": 2.0128660817288834e-24, "x3": 6.018462459806097e-25, "x4": 1.454751771360564, "x5": 3.589096869310837e-24, "x6": 1.1737985065771028, "x7": 4.652625255209876, "x8": 0.9172451529711619, "x9": 2.475332771198038}, "datetime": {"datetime": "2025-05-13 15:10:07", "elapsed": 5485.656782, "delta": 12.85017}}
{"target": 38.97394266935376, "params": {"x0": 0.8, "x1": 0.9, "x2": 1.794873716662241e-24, "x3": 2.3051333020471525e-24, "x4": 1.454751771360564, "x5": 1.8732611491049675e-24, "x6": 1.1737985065771028, "x7": 4.652625255209876, "x8": 0.9172451529711619, "x9": 2.475332771198038}, "datetime": {"datetime": "2025-05-13 15:10:22", "elapsed": 5500.903136, "delta": 15.246354}}
{"target": 38.97394266935376, "params": {"x0": 0.8, "x1": 0.9, "x2": 1.5575307815113216e-24, "x3": 6.628806711820559e-25, "x4": 1.454751771360564, "x5": 1.7468530644652045e-24, "x6": 1.1737985065771028, "x7": 4.652625255209876, "x8": 0.9172451529711619, "x9": 2.475332771198038}, "datetime": {"datetime": "2025-05-13 15:10:35", "elapsed": 5513.777011, "delta": 12.873875}}
{"target": 38.97394266935376, "params": {"x0": 0.8, "x1": 0.9, "x2": 4.149538585350123e-25, "x3": 1.2340627683878651e-24, "x4": 1.454751771360564, "x5": 1.908670398320995e-24, "x6": 1.1737985065771028, "x7": 4.652625255209876, "x8": 0.9172451529711619, "x9": 2.475332771198038}, "datetime": {"datetime": "2025-05-13 15:10:48", "elapsed": 5526.627053, "delta": 12.850042}}
{"target": 38.97394266935376, "params": {"x0": 0.8, "x1": 0.9, "x2": 3.888991925926621e-25, "x3": 2.4096845376585245e-25, "x4": 1.454751771360564, "x5": 7.586854152056465e-25, "x6": 1.1737985065771028, "x7": 4.652625255209876, "x8": 0.9172451529711619, "x9": 2.475332771198038}, "datetime": {"datetime": "2025-05-13 15:11:03", "elapsed": 5541.472484, "delta": 14.845431}}
{"target": 38.97394266935376, "params": {"x0": 0.8, "x1": 0.9, "x2": 6.53847006098767e-25, "x3": 2.883659904800086e-26, "x4": 1.454751771360564, "x5": 1.2941974355052858e-25, "x6": 1.1737985065771028, "x7": 4.652625255209876, "x8": 0.9172451529711619, "x9": 2.475332771198038}, "datetime": {"datetime": "2025-05-13 15:11:17", "elapsed": 5555.446368, "delta": 13.973884}}
{"target": 38.97394266935376, "params": {"x0": 0.8, "x1": 0.9, "x2": 1.8054027589096477e-25, "x3": 7.67418782224176e-25, "x4": 1.454751771360564, "x5": 3.1422807983815893e-25, "x6": 1.1737985065771028, "x7": 4.652625255209876, "x8": 0.9172451529711619, "x9": 2.475332771198038}, "datetime": {"datetime": "2025-05-13 15:11:32", "elapsed": 5570.477914, "delta": 15.031546}}
{"target": 38.97394266935376, "params": {"x0": 0.8, "x1": 0.9, "x2": 8.900740789532859e-25, "x3": 5.865251301087813e-25, "x4": 1.454751771360564, "x5": 1.3158521615034483e-24, "x6": 1.1737985065771028, "x7": 4.652625255209876, "x8": 0.9172451529711619, "x9": 2.475332771198038}, "datetime": {"datetime": "2025-05-13 15:11:47", "elapsed": 5585.296434, "delta": 14.81852}}
{"target": 38.97394266935376, "params": {"x0": 0.8, "x1": 0.9, "x2": 1.2161717493544826e-25, "x3": 9.322633967967487e-25, "x4": 1.454751771360564, "x5": 4.426356544378424e-25, "x6": 1.1737985065771028, "x7": 4.652625255209876, "x8": 0.9172451529711619, "x9": 2.475332771198038}, "datetime": {"datetime": "2025-05-13 15:12:01", "elapsed": 5599.285026, "delta": 13.988592}}
{"target": 38.97394266935376, "params": {"x0": 0.8, "x1": 0.9, "x2": 5.034237568905427e-25, "x3": 1.043784791988332e-25, "x4": 1.454751771360564, "x5": 9.081202314408757e-25, "x6": 1.1737985065771028, "x7": 4.652625255209876, "x8": 0.9172451529711619, "x9": 2.475332771198038}, "datetime": {"datetime": "2025-05-13 15:12:15", "elapsed": 5613.246907, "delta": 13.961881}}
{"target": 38.97394266935376, "params": {"x0": 0.8, "x1": 0.9, "x2": 4.452643584744972e-25, "x3": 7.8156587190444e-25, "x4": 1.454751771360564, "x5": 8.255636473179865e-25, "x6": 1.1737985065771028, "x7": 4.652625255209876, "x8": 0.9172451529711619, "x9": 2.475332771198038}, "datetime": {"datetime": "2025-05-13 15:12:28", "elapsed": 5626.857883, "delta": 13.610976}}
{"target": 38.97394266935376, "params": {"x0": 0.8, "x1": 0.9, "x2": 3.698282623815998e-25, "x3": 2.840016761284813e-25, "x4": 1.454751771360564, "x5": 5.03610778564405e-25, "x6": 1.1737985065771028, "x7": 4.652625255209876, "x8": 0.9172451529711619, "x9": 2.475332771198038}, "datetime": {"datetime": "2025-05-13 15:12:42", "elapsed": 5640.588576, "delta": 13.730693}}
{"target": 38.97394266935376, "params": {"x0": 0.8, "x1": 0.9, "x2": 2.198769230737938e-25, "x3": 6.822895261407549e-25, "x4": 1.454751771360564, "x5": 8.141822587112046e-26, "x6": 1.1737985065771028, "x7": 4.652625255209876, "x8": 0.9172451529711619, "x9": 2.475332771198038}, "datetime": {"datetime": "2025-05-13 15:12:56", "elapsed": 5654.138428, "delta": 13.549852}}
{"target": 38.97394266935376, "params": {"x0": 0.8, "x1": 0.9, "x2": 1.4087612729805654e-25, "x3": 4.798470367326454e-25, "x4": 1.454751771360564, "x5": 6.860003641364459e-25, "x6": 1.1737985065771028, "x7": 4.652625255209876, "x8": 0.9172451529711619, "x9": 2.475332771198038}, "datetime": {"datetime": "2025-05-13 15:13:10", "elapsed": 5668.077396, "delta": 13.938968}}
{"target": 38.97394266935376, "params": {"x0": 0.8, "x1": 0.9, "x2": 3.786764730141907e-25, "x3": 6.882297646973922e-26, "x4": 1.454751771360564, "x5": 2.2621002256397785e-25, "x6": 1.1737985065771028, "x7": 4.652625255209876, "x8": 0.9172451529711619, "x9": 2.475332771198038}, "datetime": {"datetime": "2025-05-13 15:13:25", "elapsed": 5683.584437, "delta": 15.507041}}
{"target": 38.97394266935376, "params": {"x0": 0.8, "x1": 0.9, "x2": 3.4550581704922664e-26, "x3": 1.1478562418303284e-25, "x4": 1.454751771360564, "x5": 4.5016621796387095e-25, "x6": 1.1737985065771028, "x7": 4.652625255209876, "x8": 0.9172451529711619, "x9": 2.475332771198038}, "datetime": {"datetime": "2025-05-13 15:13:38", "elapsed": 5696.503019, "delta": 12.918582}}
{"target": 38.97394266935376, "params": {"x0": 0.8, "x1": 0.9, "x2": 1.8097511388705232e-25, "x3": 1.2405199618621825e-25, "x4": 1.454751771360564, "x5": 2.677608398819801e-25, "x6": 1.1737985065771028, "x7": 4.652625255209876, "x8": 0.9172451529711619, "x9": 2.475332771198038}, "datetime": {"datetime": "2025-05-13 15:13:52", "elapsed": 5710.612799, "delta": 14.10978}}
{"target": 38.97394266935376, "params": {"x0": 0.8, "x1": 0.9, "x2": 8.005298639968546e-27, "x3": 1.8019287269831187e-25, "x4": 1.454751771360564, "x5": 5.317913882494613e-25, "x6": 1.1737985065771028, "x7": 4.652625255209876, "x8": 0.9172451529711619, "x9": 2.475332771198038}, "datetime": {"datetime": "2025-05-13 15:14:08", "elapsed": 5726.220996, "delta": 15.608197}}
{"target": 38.97394266935376, "params": {"x0": 0.8, "x1": 0.9, "x2": 1.0760578586413848e-25, "x3": 1.8740353809205922e-25, "x4": 1.454751771360564, "x5": 4.1005315118179406e-25, "x6": 1.1737985065771028, "x7": 4.652625255209876, "x8": 0.9172451529711619, "x9": 2.475332771198038}, "datetime": {"datetime": "2025-05-13 15:14:23", "elapsed": 5741.462503, "delta": 15.241507}}
{"target": 38.97394266935376, "params": {"x0": 0.8, "x1": 0.9, "x2": 2.9174615173805013e-26, "x3": 6.179367031497077e-26, "x4": 1.454751771360564, "x5": 2.1359280516643914e-25, "x6": 1.1737985065771028, "x7": 4.652625255209876, "x8": 0.9172451529711619, "x9": 2.475332771198038}, "datetime": {"datetime": "2025-05-13 15:14:37", "elapsed": 5755.097057, "delta": 13.634554}}
{"target": 38.97394266935376, "params": {"x0": 0.8, "x1": 0.9, "x2": 2.379395047986044e-25, "x3": 9.008057963182292e-26, "x4": 1.454751771360564, "x5": 9.260024629974984e-26, "x6": 1.1737985065771028, "x7": 4.652625255209876, "x8": 0.9172451529711619, "x9": 2.475332771198038}, "datetime": {"datetime": "2025-05-13 15:14:50", "elapsed": 5768.860862, "delta": 13.763805}}
{"target": 38.97394266935376, "params": {"x0": 0.8, "x1": 0.9, "x2": 2.1849669740229516e-25, "x3": 2.147081020828891e-25, "x4": 1.454751771360564, "x5": 2.727038035389784e-25, "x6": 1.1737985065771028, "x7": 4.652625255209876, "x8": 0.9172451529711619, "x9": 2.475332771198038}, "datetime": {"datetime": "2025-05-13 15:15:05", "elapsed": 5783.311008, "delta": 14.450146}}
{"target": 38.97394266935376, "params": {"x0": 0.8, "x1": 0.9, "x2": 2.9242134114105524e-26, "x3": 5.317484003921695e-27, "x4": 1.454751771360564, "x5": 2.945160651107867e-25, "x6": 1.1737985065771028, "x7": 4.652625255209876, "x8": 0.9172451529711619, "x9": 2.475332771198038}, "datetime": {"datetime": "2025-05-13 15:15:19", "elapsed": 5797.236039, "delta": 13.925031}}
{"target": 38.97394266935376, "params": {"x0": 0.8, "x1": 0.9, "x2": 1.130730919879555e-25, "x3": 7.111293376555676e-26, "x4": 1.454751771360564, "x5": 1.0319520839550666e-25, "x6": 1.1737985065771028, "x7": 4.652625255209876, "x8": 0.9172451529711619, "x9": 2.475332771198038}, "datetime": {"datetime": "2025-05-13 15:15:35", "elapsed": 5813.672743, "delta": 16.436704}}
{"target": 38.97394266935376, "params": {"x0": 0.8, "x1": 0.9, "x2": 1.4717289036627272e-25, "x3": 2.7643586682603916e-26, "x4": 1.454751771360564, "x5": 2.154357472325048e-25, "x6": 1.1737985065771028, "x7": 4.652625255209876, "x8": 0.9172451529711619, "x9": 2.475332771198038}, "datetime": {"datetime": "2025-05-13 15:15:52", "elapsed": 5830.019203, "delta": 16.34646}}
{"target": 38.97394266935376, "params": {"x0": 0.8, "x1": 0.9, "x2": 3.7063797139668007e-26, "x3": 1.907655878905453e-25, "x4": 1.454751771360564, "x5": 2.0490482922311345e-25, "x6": 1.1737985065771028, "x7": 4.652625255209876, "x8": 0.9172451529711619, "x9": 2.475332771198038}, "datetime": {"datetime": "2025-05-13 15:16:07", "elapsed": 5845.834423, "delta": 15.81522}}
{"target": 38.97394266935376, "params": {"x0": 0.8, "x1": 0.9, "x2": 1.1242032894438798e-25, "x3": 4.0468969844493945e-26, "x4": 1.454751771360564, "x5": 1.0810306227457266e-26, "x6": 1.1737985065771028, "x7": 4.652625255209876, "x8": 0.9172451529711619, "x9": 2.475332771198038}, "datetime": {"datetime": "2025-05-13 15:16:21", "elapsed": 5859.93189, "delta": 14.097467}}
{"target": 38.97394266935376, "params": {"x0": 0.8, "x1": 0.9, "x2": 7.650270751829272e-26, "x3": 1.496694331575723e-25, "x4": 1.454751771360564, "x5": 1.838349736866623e-25, "x6": 1.1737985065771028, "x7": 4.652625255209876, "x8": 0.9172451529711619, "x9": 2.475332771198038}, "datetime": {"datetime": "2025-05-13 15:16:36", "elapsed": 5874.66044, "delta": 14.72855}}
{"target": 38.97394266935376, "params": {"x0": 0.8, "x1": 0.9, "x2": 2.028123143065736e-26, "x3": 1.371523716761693e-25, "x4": 1.454751771360564, "x5": 1.669187625334479e-25, "x6": 1.1737985065771028, "x7": 4.652625255209876, "x8": 0.9172451529711619, "x9": 2.475332771198038}, "datetime": {"datetime": "2025-05-13 15:16:50", "elapsed": 5888.171066, "delta": 13.510626}}
{"target": 38.97394266935376, "params": {"x0": 0.8, "x1": 0.9, "x2": 9.20805124981382e-26, "x3": 4.6408306357214043e-26, "x4": 1.454751771360564, "x5": 1.4354848119183247e-25, "x6": 1.1737985065771028, "x7": 4.652625255209876, "x8": 0.9172451529711619, "x9": 2.475332771198038}, "datetime": {"datetime": "2025-05-13 15:17:05", "elapsed": 5903.034575, "delta": 14.863509}}
{"target": 38.97394266935376, "params": {"x0": 0.8, "x1": 0.9, "x2": 7.064632839422625e-27, "x3": 2.495859276903147e-26, "x4": 1.454751771360564, "x5": 1.1182955417187e-25, "x6": 1.1737985065771028, "x7": 4.652625255209876, "x8": 0.9172451529711619, "x9": 2.475332771198038}, "datetime": {"datetime": "2025-05-13 15:17:19", "elapsed": 5917.821152, "delta": 14.786577}}
{"target": 38.97394266935376, "params": {"x0": 0.8, "x1": 0.9, "x2": 2.545041992833852e-26, "x3": 6.322282735257734e-26, "x4": 1.454751771360564, "x5": 3.2297014757504e-26, "x6": 1.1737985065771028, "x7": 4.652625255209876, "x8": 0.9172451529711619, "x9": 2.475332771198038}, "datetime": {"datetime": "2025-05-13 15:17:31", "elapsed": 5929.480738, "delta": 11.659586}}
{"target": 38.97394266935376, "params": {"x0": 0.8, "x1": 0.9, "x2": 3.9930695592486344e-26, "x3": 7.177167831841307e-26, "x4": 1.454751771360564, "x5": 5.859645015918052e-26, "x6": 1.1737985065771028, "x7": 4.652625255209876, "x8": 0.9172451529711619, "x9": 2.475332771198038}, "datetime": {"datetime": "2025-05-13 15:17:47", "elapsed": 5945.047281, "delta": 15.566543}}
