{"target": 38.97394266935376, "params": {"x0": 0.8, "x1": 0.9, "x2": 2.1710806118028216e-39, "x3": 1.703332583413214e-39, "x4": 1.454751771360564, "x5": 2.6531823685189902e-39, "x6": 1.1737985065771028, "x7": 4.652625255209876, "x8": 0.9172451529711619, "x9": 2.475332771198038}, "datetime": {"datetime": "2025-05-13 16:54:26", "elapsed": 11744.275718, "delta": 21.522546}}
{"target": 38.97394266935376, "params": {"x0": 0.8, "x1": 0.9, "x2": 9.296384138462246e-40, "x3": 2.4221547831402988e-39, "x4": 1.454751771360564, "x5": 2.8610137552954053e-39, "x6": 1.1737985065771028, "x7": 4.652625255209876, "x8": 0.9172451529711619, "x9": 2.475332771198038}, "datetime": {"datetime": "2025-05-13 16:54:50", "elapsed": 11768.945271, "delta": 24.669553}}
{"target": 38.97394266935376, "params": {"x0": 0.8, "x1": 0.9, "x2": 1.876381798143736e-40, "x3": 1.3319576685078628e-39, "x4": 1.454751771360564, "x5": 1.870743210204125e-39, "x6": 1.1737985065771028, "x7": 4.652625255209876, "x8": 0.9172451529711619, "x9": 2.475332771198038}, "datetime": {"datetime": "2025-05-13 16:55:11", "elapsed": 11789.525677, "delta": 20.580406}}
{"target": 38.97394266935376, "params": {"x0": 0.8, "x1": 0.9, "x2": 1.215106580114277e-40, "x3": 1.77475470303274e-39, "x4": 1.454751771360564, "x5": 6.720271029592983e-41, "x6": 1.1737985065771028, "x7": 4.652625255209876, "x8": 0.9172451529711619, "x9": 2.475332771198038}, "datetime": {"datetime": "2025-05-13 16:55:34", "elapsed": 11812.239372, "delta": 22.713695}}
{"target": 38.97394266935376, "params": {"x0": 0.8, "x1": 0.9, "x2": 9.223487902295813e-40, "x3": 4.090818113312771e-40, "x4": 1.454751771360564, "x5": 1.5067988067324944e-39, "x6": 1.1737985065771028, "x7": 4.652625255209876, "x8": 0.9172451529711619, "x9": 2.475332771198038}, "datetime": {"datetime": "2025-05-13 16:56:03", "elapsed": 11841.774366, "delta": 29.534994}}
{"target": 38.97394266935376, "params": {"x0": 0.8, "x1": 0.9, "x2": 4.913704121097643e-40, "x3": 6.968517004788609e-40, "x4": 1.454751771360564, "x5": 3.170172132794664e-40, "x6": 1.1737985065771028, "x7": 4.652625255209876, "x8": 0.9172451529711619, "x9": 2.475332771198038}, "datetime": {"datetime": "2025-05-13 16:56:26", "elapsed": 11864.950786, "delta": 23.17642}}
{"target": 38.97394266935376, "params": {"x0": 0.8, "x1": 0.9, "x2": 7.264903144893231e-40, "x3": 7.692493665019924e-40, "x4": 1.454751771360564, "x5": 8.432999222793516e-40, "x6": 1.1737985065771028, "x7": 4.652625255209876, "x8": 0.9172451529711619, "x9": 2.475332771198038}, "datetime": {"datetime": "2025-05-13 16:56:56", "elapsed": 11894.967, "delta": 30.016214}}
{"target": 38.97394266935376, "params": {"x0": 0.8, "x1": 0.9, "x2": 1.0765163083372607e-40, "x3": 6.7407238590732945e-40, "x4": 1.454751771360564, "x5": 8.566309735812747e-40, "x6": 1.1737985065771028, "x7": 4.652625255209876, "x8": 0.9172451529711619, "x9": 2.475332771198038}, "datetime": {"datetime": "2025-05-13 16:57:21", "elapsed": 11919.540026, "delta": 24.573026}}
{"target": 38.97394266935376, "params": {"x0": 0.8, "x1": 0.9, "x2": 4.63496109595263e-40, "x3": 8.911587962101704e-40, "x4": 1.454751771360564, "x5": 1.7485742266956677e-40, "x6": 1.1737985065771028, "x7": 4.652625255209876, "x8": 0.9172451529711619, "x9": 2.475332771198038}, "datetime": {"datetime": "2025-05-13 16:57:45", "elapsed": 11943.381208, "delta": 23.841182}}
{"target": 38.97394266935376, "params": {"x0": 0.8, "x1": 0.9, "x2": 5.301572608238734e-40, "x3": 5.110557616333071e-40, "x4": 1.454751771360564, "x5": 1.28627706586275e-39, "x6": 1.1737985065771028, "x7": 4.652625255209876, "x8": 0.9172451529711619, "x9": 2.475332771198038}, "datetime": {"datetime": "2025-05-13 16:58:07", "elapsed": 11965.517933, "delta": 22.136725}}
{"target": 38.97394266935376, "params": {"x0": 0.8, "x1": 0.9, "x2": 4.079931887102994e-40, "x3": 5.2252814114683326e-40, "x4": 1.454751771360564, "x5": 1.2970551109591296e-39, "x6": 1.1737985065771028, "x7": 4.652625255209876, "x8": 0.9172451529711619, "x9": 2.475332771198038}, "datetime": {"datetime": "2025-05-13 16:58:31", "elapsed": 11989.017035, "delta": 23.499102}}
{"target": 38.97394266935376, "params": {"x0": 0.8, "x1": 0.9, "x2": 3.9329724003626745e-40, "x3": 6.155560201473922e-40, "x4": 1.454751771360564, "x5": 2.520306478835816e-40, "x6": 1.1737985065771028, "x7": 4.652625255209876, "x8": 0.9172451529711619, "x9": 2.475332771198038}, "datetime": {"datetime": "2025-05-13 16:58:56", "elapsed": 12014.132995, "delta": 25.11596}}
{"target": 38.97394266935376, "params": {"x0": 0.8, "x1": 0.9, "x2": 3.945561414206237e-40, "x3": 3.391894660876489e-40, "x4": 1.454751771360564, "x5": 8.142513130209856e-40, "x6": 1.1737985065771028, "x7": 4.652625255209876, "x8": 0.9172451529711619, "x9": 2.475332771198038}, "datetime": {"datetime": "2025-05-13 16:59:29", "elapsed": 12047.451279, "delta": 33.318284}}
{"target": 38.97394266935376, "params": {"x0": 0.8, "x1": 0.9, "x2": 2.502366660708472e-40, "x3": 5.339034340237033e-40, "x4": 1.454751771360564, "x5": 7.876368240892422e-40, "x6": 1.1737985065771028, "x7": 4.652625255209876, "x8": 0.9172451529711619, "x9": 2.475332771198038}, "datetime": {"datetime": "2025-05-13 16:59:56", "elapsed": 12074.50578, "delta": 27.054501}}
{"target": 38.97394266935376, "params": {"x0": 0.8, "x1": 0.9, "x2": 1.98885963083313e-40, "x3": 6.4518489939397765e-40, "x4": 1.454751771360564, "x5": 4.1960098297573e-40, "x6": 1.1737985065771028, "x7": 4.652625255209876, "x8": 0.9172451529711619, "x9": 2.475332771198038}, "datetime": {"datetime": "2025-05-13 17:00:26", "elapsed": 12104.290708, "delta": 29.784928}}
{"target": 38.97394266935376, "params": {"x0": 0.8, "x1": 0.9, "x2": 4.170464639079598e-41, "x3": 7.868317822931081e-41, "x4": 1.454751771360564, "x5": 1.6967989223606159e-40, "x6": 1.1737985065771028, "x7": 4.652625255209876, "x8": 0.9172451529711619, "x9": 2.475332771198038}, "datetime": {"datetime": "2025-05-13 17:00:53", "elapsed": 12131.53859, "delta": 27.247882}}
{"target": 38.97394266935376, "params": {"x0": 0.8, "x1": 0.9, "x2": 4.091624235885973e-40, "x3": 4.36709409983145e-40, "x4": 1.454751771360564, "x5": 6.493727290933063e-40, "x6": 1.1737985065771028, "x7": 4.652625255209876, "x8": 0.9172451529711619, "x9": 2.475332771198038}, "datetime": {"datetime": "2025-05-13 17:01:26", "elapsed": 12164.202288, "delta": 32.663698}}
{"target": 38.97394266935376, "params": {"x0": 0.8, "x1": 0.9, "x2": 5.304121163662517e-41, "x3": 4.786304523738769e-40, "x4": 1.454751771360564, "x5": 1.4862043434486052e-40, "x6": 1.1737985065771028, "x7": 4.652625255209876, "x8": 0.9172451529711619, "x9": 2.475332771198038}, "datetime": {"datetime": "2025-05-13 17:01:46", "elapsed": 12184.622891, "delta": 20.420603}}
{"target": 38.97394266935376, "params": {"x0": 0.8, "x1": 0.9, "x2": 2.182947672813438e-40, "x3": 2.6660302573780547e-40, "x4": 1.454751771360564, "x5": 1.8515362248774781e-41, "x6": 1.1737985065771028, "x7": 4.652625255209876, "x8": 0.9172451529711619, "x9": 2.475332771198038}, "datetime": {"datetime": "2025-05-13 17:02:05", "elapsed": 12203.998508, "delta": 19.375617}}
{"target": 38.97394266935376, "params": {"x0": 0.8, "x1": 0.9, "x2": 2.796673384335054e-40, "x3": 1.105658691499439e-40, "x4": 1.454751771360564, "x5": 3.3806850288587903e-40, "x6": 1.1737985065771028, "x7": 4.652625255209876, "x8": 0.9172451529711619, "x9": 2.475332771198038}, "datetime": {"datetime": "2025-05-13 17:02:30", "elapsed": 12228.28493, "delta": 24.286422}}
{"target": 38.97394266935376, "params": {"x0": 0.8, "x1": 0.9, "x2": 1.4579721929247062e-40, "x3": 1.5842691808110196e-40, "x4": 1.454751771360564, "x5": 1.2314635791142568e-40, "x6": 1.1737985065771028, "x7": 4.652625255209876, "x8": 0.9172451529711619, "x9": 2.475332771198038}, "datetime": {"datetime": "2025-05-13 17:03:02", "elapsed": 12260.187909, "delta": 31.902979}}
{"target": 38.97394266935376, "params": {"x0": 0.8, "x1": 0.9, "x2": 2.240990195719153e-40, "x3": 9.946578591528913e-41, "x4": 1.454751771360564, "x5": 4.2711786565855994e-40, "x6": 1.1737985065771028, "x7": 4.652625255209876, "x8": 0.9172451529711619, "x9": 2.475332771198038}, "datetime": {"datetime": "2025-05-13 17:03:31", "elapsed": 12289.36943, "delta": 29.181521}}
{"target": 38.97394266935376, "params": {"x0": 0.8, "x1": 0.9, "x2": 1.7632645574319858e-41, "x3": 1.8833213142831544e-40, "x4": 1.454751771360564, "x5": 4.930372977243544e-41, "x6": 1.1737985065771028, "x7": 4.652625255209876, "x8": 0.9172451529711619, "x9": 2.475332771198038}, "datetime": {"datetime": "2025-05-13 17:03:57", "elapsed": 12315.222674, "delta": 25.853244}}
{"target": 38.97394266935376, "params": {"x0": 0.8, "x1": 0.9, "x2": 6.630287282932636e-41, "x3": 1.7789294048823277e-40, "x4": 1.454751771360564, "x5": 2.1230165550006135e-40, "x6": 1.1737985065771028, "x7": 4.652625255209876, "x8": 0.9172451529711619, "x9": 2.475332771198038}, "datetime": {"datetime": "2025-05-13 17:04:25", "elapsed": 12343.40551, "delta": 28.182836}}
{"target": 38.97394266935376, "params": {"x0": 0.8, "x1": 0.9, "x2": 1.0672070078249794e-40, "x3": 1.6934752450227503e-40, "x4": 1.454751771360564, "x5": 1.1661156929758228e-40, "x6": 1.1737985065771028, "x7": 4.652625255209876, "x8": 0.9172451529711619, "x9": 2.475332771198038}, "datetime": {"datetime": "2025-05-13 17:04:52", "elapsed": 12370.608242, "delta": 27.202732}}
{"target": 38.97394266935376, "params": {"x0": 0.8, "x1": 0.9, "x2": 4.850046682124786e-41, "x3": 9.526862562399355e-41, "x4": 1.454751771360564, "x5": 6.53504454376241e-41, "x6": 1.1737985065771028, "x7": 4.652625255209876, "x8": 0.9172451529711619, "x9": 2.475332771198038}, "datetime": {"datetime": "2025-05-13 17:05:20", "elapsed": 12398.470833, "delta": 27.862591}}
{"target": 38.97394266935376, "params": {"x0": 0.8, "x1": 0.9, "x2": 6.432100115139936e-41, "x3": 1.589841147207587e-40, "x4": 1.454751771360564, "x5": 1.5067509139258867e-40, "x6": 1.1737985065771028, "x7": 4.652625255209876, "x8": 0.9172451529711619, "x9": 2.475332771198038}, "datetime": {"datetime": "2025-05-13 17:05:51", "elapsed": 12429.367465, "delta": 30.896632}}
{"target": 38.97394266935376, "params": {"x0": 0.8, "x1": 0.9, "x2": 1.0365477297996371e-41, "x3": 1.1479155718654362e-40, "x4": 1.454751771360564, "x5": 3.031639074319418e-41, "x6": 1.1737985065771028, "x7": 4.652625255209876, "x8": 0.9172451529711619, "x9": 2.475332771198038}, "datetime": {"datetime": "2025-05-13 17:06:20", "elapsed": 12458.117945, "delta": 28.75048}}
{"target": 38.97394266935376, "params": {"x0": 0.8, "x1": 0.9, "x2": 2.655460585204873e-41, "x3": 1.2404764989179226e-40, "x4": 1.454751771360564, "x5": 7.620951484414081e-41, "x6": 1.1737985065771028, "x7": 4.652625255209876, "x8": 0.9172451529711619, "x9": 2.475332771198038}, "datetime": {"datetime": "2025-05-13 17:06:51", "elapsed": 12489.647909, "delta": 31.529964}}
{"target": 38.97394266935376, "params": {"x0": 0.8, "x1": 0.9, "x2": 4.363788675719306e-41, "x3": 6.423185639751171e-41, "x4": 1.454751771360564, "x5": 3.2704901074260097e-41, "x6": 1.1737985065771028, "x7": 4.652625255209876, "x8": 0.9172451529711619, "x9": 2.475332771198038}, "datetime": {"datetime": "2025-05-13 17:07:19", "elapsed": 12517.03615, "delta": 27.388241}}
{"target": 38.97394266935376, "params": {"x0": 0.8, "x1": 0.9, "x2": 3.134985874606736e-41, "x3": 5.706522672533825e-41, "x4": 1.454751771360564, "x5": 1.1199127298754317e-40, "x6": 1.1737985065771028, "x7": 4.652625255209876, "x8": 0.9172451529711619, "x9": 2.475332771198038}, "datetime": {"datetime": "2025-05-13 17:07:48", "elapsed": 12546.577911, "delta": 29.541761}}
{"target": 38.97394266935376, "params": {"x0": 0.8, "x1": 0.9, "x2": 2.8619862172975586e-41, "x3": 9.39094221953679e-41, "x4": 1.454751771360564, "x5": 1.677980342624398e-41, "x6": 1.1737985065771028, "x7": 4.652625255209876, "x8": 0.9172451529711619, "x9": 2.475332771198038}, "datetime": {"datetime": "2025-05-13 17:08:11", "elapsed": 12569.781325, "delta": 23.203414}}
{"target": 38.97394266935376, "params": {"x0": 0.8, "x1": 0.9, "x2": 9.563101477744887e-42, "x3": 9.355675557934666e-41, "x4": 1.454751771360564, "x5": 4.224594578240395e-41, "x6": 1.1737985065771028, "x7": 4.652625255209876, "x8": 0.9172451529711619, "x9": 2.475332771198038}, "datetime": {"datetime": "2025-05-13 17:08:36", "elapsed": 12594.031916, "delta": 24.250591}}
{"target": 38.97394266935376, "params": {"x0": 0.8, "x1": 0.9, "x2": 3.70972116086087e-41, "x3": 3.2986315582529975e-41, "x4": 1.454751771360564, "x5": 9.387773799935447e-42, "x6": 1.1737985065771028, "x7": 4.652625255209876, "x8": 0.9172451529711619, "x9": 2.475332771198038}, "datetime": {"datetime": "2025-05-13 17:09:03", "elapsed": 12621.608844, "delta": 27.576928}}
{"target": 38.97394266935376, "params": {"x0": 0.8, "x1": 0.9, "x2": 4.992463829354334e-41, "x3": 7.648918270160435e-41, "x4": 1.454751771360564, "x5": 1.0323908489308278e-40, "x6": 1.1737985065771028, "x7": 4.652625255209876, "x8": 0.9172451529711619, "x9": 2.475332771198038}, "datetime": {"datetime": "2025-05-13 17:09:29", "elapsed": 12647.720975, "delta": 26.112131}}
{"target": 38.97394266935376, "params": {"x0": 0.8, "x1": 0.9, "x2": 3.1538258840395384e-41, "x3": 5.317031958246577e-41, "x4": 1.454751771360564, "x5": 7.146767863110733e-41, "x6": 1.1737985065771028, "x7": 4.652625255209876, "x8": 0.9172451529711619, "x9": 2.475332771198038}, "datetime": {"datetime": "2025-05-13 17:09:56", "elapsed": 12674.310668, "delta": 26.589693}}
{"target": 38.97394266935376, "params": {"x0": 0.8, "x1": 0.9, "x2": 6.343264266156457e-42, "x3": 1.3181749038255268e-41, "x4": 1.454751771360564, "x5": 8.193866887608872e-41, "x6": 1.1737985065771028, "x7": 4.652625255209876, "x8": 0.9172451529711619, "x9": 2.475332771198038}, "datetime": {"datetime": "2025-05-13 17:10:21", "elapsed": 12700.006877, "delta": 25.696209}}
{"target": 38.97394266935376, "params": {"x0": 0.8, "x1": 0.9, "x2": 1.2545858850920924e-41, "x3": 9.054853246778312e-42, "x4": 1.454751771360564, "x5": 6.468046622505314e-41, "x6": 1.1737985065771028, "x7": 4.652625255209876, "x8": 0.9172451529711619, "x9": 2.475332771198038}, "datetime": {"datetime": "2025-05-13 17:10:46", "elapsed": 12724.909859, "delta": 24.902982}}
{"target": 38.97394266935376, "params": {"x0": 0.8, "x1": 0.9, "x2": 9.761591357304058e-42, "x3": 4.869651909921199e-41, "x4": 1.454751771360564, "x5": 1.080335984614812e-41, "x6": 1.1737985065771028, "x7": 4.652625255209876, "x8": 0.9172451529711619, "x9": 2.475332771198038}, "datetime": {"datetime": "2025-05-13 17:11:13", "elapsed": 12751.711452, "delta": 26.801593}}
{"target": 38.97394266935376, "params": {"x0": 0.8, "x1": 0.9, "x2": 2.1623218147739217e-41, "x3": 7.276049301658513e-42, "x4": 1.454751771360564, "x5": 3.7195469072135607e-41, "x6": 1.1737985065771028, "x7": 4.652625255209876, "x8": 0.9172451529711619, "x9": 2.475332771198038}, "datetime": {"datetime": "2025-05-13 17:11:38", "elapsed": 12776.06876, "delta": 24.357308}}
{"target": 38.97394266935376, "params": {"x0": 0.8, "x1": 0.9, "x2": 1.2515236944890651e-41, "x3": 8.882852847995742e-42, "x4": 1.454751771360564, "x5": 1.7188768835655298e-41, "x6": 1.1737985065771028, "x7": 4.652625255209876, "x8": 0.9172451529711619, "x9": 2.475332771198038}, "datetime": {"datetime": "2025-05-13 17:12:08", "elapsed": 12806.495672, "delta": 30.426912}}
{"target": 38.97394266935376, "params": {"x0": 0.8, "x1": 0.9, "x2": 2.6068717592179066e-41, "x3": 1.256896762286087e-41, "x4": 1.454751771360564, "x5": 8.659785360696578e-43, "x6": 1.1737985065771028, "x7": 4.652625255209876, "x8": 0.9172451529711619, "x9": 2.475332771198038}, "datetime": {"datetime": "2025-05-13 17:12:33", "elapsed": 12831.517439, "delta": 25.021767}}
{"target": 38.97394266935376, "params": {"x0": 0.8, "x1": 0.9, "x2": 2.3531781335280045e-41, "x3": 1.6421376162161923e-41, "x4": 1.454751771360564, "x5": 3.9279262215983845e-41, "x6": 1.1737985065771028, "x7": 4.652625255209876, "x8": 0.9172451529711619, "x9": 2.475332771198038}, "datetime": {"datetime": "2025-05-13 17:12:55", "elapsed": 12853.761331, "delta": 22.243892}}
{"target": 38.97394266935376, "params": {"x0": 0.8, "x1": 0.9, "x2": 2.1162368339641306e-41, "x3": 3.031478903703501e-41, "x4": 1.454751771360564, "x5": 3.6625376432513546e-41, "x6": 1.1737985065771028, "x7": 4.652625255209876, "x8": 0.9172451529711619, "x9": 2.475332771198038}, "datetime": {"datetime": "2025-05-13 17:13:25", "elapsed": 12883.576046, "delta": 29.814715}}
{"target": 38.97394266935376, "params": {"x0": 0.8, "x1": 0.9, "x2": 6.482954679889268e-42, "x3": 6.004833523176335e-42, "x4": 1.454751771360564, "x5": 5.742439563195895e-42, "x6": 1.1737985065771028, "x7": 4.652625255209876, "x8": 0.9172451529711619, "x9": 2.475332771198038}, "datetime": {"datetime": "2025-05-13 17:13:52", "elapsed": 12910.808271, "delta": 27.232225}}
{"target": 38.97394266935376, "params": {"x0": 0.8, "x1": 0.9, "x2": 1.6941677949700812e-41, "x3": 2.0763112342915376e-41, "x4": 1.454751771360564, "x5": 3.2729959110979585e-41, "x6": 1.1737985065771028, "x7": 4.652625255209876, "x8": 0.9172451529711619, "x9": 2.475332771198038}, "datetime": {"datetime": "2025-05-13 17:14:20", "elapsed": 12938.290145, "delta": 27.481874}}
{"target": 38.97394266935376, "params": {"x0": 0.8, "x1": 0.9, "x2": 1.6934225162510146e-41, "x3": 3.979813225317825e-42, "x4": 1.454751771360564, "x5": 2.728911223538624e-41, "x6": 1.1737985065771028, "x7": 4.652625255209876, "x8": 0.9172451529711619, "x9": 2.475332771198038}, "datetime": {"datetime": "2025-05-13 17:14:49", "elapsed": 12967.215375, "delta": 28.92523}}
{"target": 38.97394266935376, "params": {"x0": 0.8, "x1": 0.9, "x2": 1.4464687002843678e-41, "x3": 5.19731734252345e-43, "x4": 1.454751771360564, "x5": 9.043616834494877e-42, "x6": 1.1737985065771028, "x7": 4.652625255209876, "x8": 0.9172451529711619, "x9": 2.475332771198038}, "datetime": {"datetime": "2025-05-13 17:15:12", "elapsed": 12990.57302, "delta": 23.357645}}
{"target": 38.97394266935376, "params": {"x0": 0.8, "x1": 0.9, "x2": 5.65311604501865e-42, "x3": 4.641126702985613e-42, "x4": 1.454751771360564, "x5": 1.8059912761724937e-41, "x6": 1.1737985065771028, "x7": 4.652625255209876, "x8": 0.9172451529711619, "x9": 2.475332771198038}, "datetime": {"datetime": "2025-05-13 17:15:40", "elapsed": 13018.971878, "delta": 28.398858}}
{"target": 38.97394266935376, "params": {"x0": 0.8, "x1": 0.9, "x2": 4.9959009421314e-42, "x3": 3.9877165993223536e-44, "x4": 1.454751771360564, "x5": 1.7785168733849144e-42, "x6": 1.1737985065771028, "x7": 4.652625255209876, "x8": 0.9172451529711619, "x9": 2.475332771198038}, "datetime": {"datetime": "2025-05-13 17:16:05", "elapsed": 13043.386812, "delta": 24.414934}}
{"target": 38.97394266935376, "params": {"x0": 0.8, "x1": 0.9, "x2": 6.823950246821575e-43, "x3": 2.8517330017935884e-42, "x4": 1.454751771360564, "x5": 1.770752199015118e-41, "x6": 1.1737985065771028, "x7": 4.652625255209876, "x8": 0.9172451529711619, "x9": 2.475332771198038}, "datetime": {"datetime": "2025-05-13 17:16:41", "elapsed": 13079.059216, "delta": 35.672404}}
{"target": 38.97394266935376, "params": {"x0": 0.8, "x1": 0.9, "x2": 3.623949557039342e-42, "x3": 1.3421611687380871e-41, "x4": 1.454751771360564, "x5": 1.0781744941312557e-41, "x6": 1.1737985065771028, "x7": 4.652625255209876, "x8": 0.9172451529711619, "x9": 2.475332771198038}, "datetime": {"datetime": "2025-05-13 17:17:12", "elapsed": 13110.329442, "delta": 31.270226}}
{"target": 38.97394266935376, "params": {"x0": 0.8, "x1": 0.9, "x2": 7.068562257227834e-42, "x3": 5.3219898424183404e-42, "x4": 1.454751771360564, "x5": 2.478403508314956e-44, "x6": 1.1737985065771028, "x7": 4.652625255209876, "x8": 0.9172451529711619, "x9": 2.475332771198038}, "datetime": {"datetime": "2025-05-13 17:17:35", "elapsed": 13133.850923, "delta": 23.521481}}
{"target": 38.97394266935376, "params": {"x0": 0.8, "x1": 0.9, "x2": 1.6365749834626935e-42, "x3": 4.875674497686335e-42, "x4": 1.454751771360564, "x5": 9.833800623732415e-42, "x6": 1.1737985065771028, "x7": 4.652625255209876, "x8": 0.9172451529711619, "x9": 2.475332771198038}, "datetime": {"datetime": "2025-05-13 17:18:03", "elapsed": 13161.232603, "delta": 27.38168}}
{"target": 38.97394266935376, "params": {"x0": 0.8, "x1": 0.9, "x2": 2.637986391117786e-42, "x3": 2.7349507421374586e-42, "x4": 1.454751771360564, "x5": 1.0035279651259861e-42, "x6": 1.1737985065771028, "x7": 4.652625255209876, "x8": 0.9172451529711619, "x9": 2.475332771198038}, "datetime": {"datetime": "2025-05-13 17:18:30", "elapsed": 13188.5207, "delta": 27.288097}}
{"target": 38.97394266935376, "params": {"x0": 0.8, "x1": 0.9, "x2": 4.822852221525183e-42, "x3": 4.4124134915114236e-42, "x4": 1.454751771360564, "x5": 4.823575025105648e-43, "x6": 1.1737985065771028, "x7": 4.652625255209876, "x8": 0.9172451529711619, "x9": 2.475332771198038}, "datetime": {"datetime": "2025-05-13 17:18:56", "elapsed": 13214.625187, "delta": 26.104487}}
{"target": 38.97394266935376, "params": {"x0": 0.8, "x1": 0.9, "x2": 3.355309936517589e-42, "x3": 4.426866100190185e-42, "x4": 1.454751771360564, "x5": 1.706770329140198e-42, "x6": 1.1737985065771028, "x7": 4.652625255209876, "x8": 0.9172451529711619, "x9": 2.475332771198038}, "datetime": {"datetime": "2025-05-13 17:19:22", "elapsed": 13240.979719, "delta": 26.354532}}
{"target": 38.97394266935376, "params": {"x0": 0.8, "x1": 0.9, "x2": 6.402735688245342e-43, "x3": 3.720814093305227e-42, "x4": 1.454751771360564, "x5": 7.884609943525446e-42, "x6": 1.1737985065771028, "x7": 4.652625255209876, "x8": 0.9172451529711619, "x9": 2.475332771198038}, "datetime": {"datetime": "2025-05-13 17:19:53", "elapsed": 13271.987615, "delta": 31.007896}}
{"target": 38.97394266935376, "params": {"x0": 0.8, "x1": 0.9, "x2": 1.512380852079112e-42, "x3": 2.7255832803518437e-43, "x4": 1.454751771360564, "x5": 3.151558636542827e-42, "x6": 1.1737985065771028, "x7": 4.652625255209876, "x8": 0.9172451529711619, "x9": 2.475332771198038}, "datetime": {"datetime": "2025-05-13 17:20:25", "elapsed": 13303.532343, "delta": 31.544728}}
