{"target": 38.97394266935376, "params": {"x0": 0.8, "x1": 0.9, "x2": 7.267717779932257e-18, "x3": 7.519456224136706e-18, "x4": 1.4547517713605633, "x5": 5.546700767785965e-19, "x6": 1.1737985065770995, "x7": 4.652625255210041, "x8": 0.9172451529711619, "x9": 2.4753327711980386}, "datetime": {"datetime": "2025-05-13 14:40:54", "elapsed": 3732.287495, "delta": 10.083609}}
{"target": 38.97394266935376, "params": {"x0": 0.8, "x1": 0.9, "x2": 4.568957049160475e-18, "x3": 7.366203727403783e-18, "x4": 1.454751771360563, "x5": 1.7934821763724843e-18, "x6": 1.1737985065771015, "x7": 4.652625255209711, "x8": 0.9172451529711623, "x9": 2.475332771198038}, "datetime": {"datetime": "2025-05-13 14:41:05", "elapsed": 3743.276447, "delta": 10.988952}}
{"target": 38.97394266935376, "params": {"x0": 0.8, "x1": 0.9, "x2": 5.308167111008033e-18, "x3": 6.380930133946489e-18, "x4": 1.4547517713605644, "x5": 6.928808889138224e-18, "x6": 1.173798506577104, "x7": 4.652625255210242, "x8": 0.9172451529711622, "x9": 2.4753327711980373}, "datetime": {"datetime": "2025-05-13 14:41:16", "elapsed": 3754.23345, "delta": 10.957003}}
{"target": 38.97394266935376, "params": {"x0": 0.8, "x1": 0.9, "x2": 1.2366702126799069e-19, "x3": 2.5722338254628084e-18, "x4": 1.4547517713605633, "x5": 6.48166049853007e-18, "x6": 1.1737985065771046, "x7": 4.652625255210282, "x8": 0.917245152971162, "x9": 2.475332771198038}, "datetime": {"datetime": "2025-05-13 14:41:27", "elapsed": 3765.279335, "delta": 11.045885}}
{"target": 38.97394266935376, "params": {"x0": 0.8, "x1": 0.9, "x2": 1.6398154197439834e-18, "x3": 4.3200242011790066e-18, "x4": 1.4547517713605647, "x5": 7.530753326945476e-18, "x6": 1.1737985065771044, "x7": 4.652625255210072, "x8": 0.9172451529711618, "x9": 2.4753327711980377}, "datetime": {"datetime": "2025-05-13 14:41:37", "elapsed": 3775.73984, "delta": 10.460505}}
{"target": 38.97394266935376, "params": {"x0": 0.8, "x1": 0.9, "x2": 3.165798188262165e-18, "x3": 5.099627038490767e-18, "x4": 1.4547517713605638, "x5": 6.957760924684792e-18, "x6": 1.1737985065771008, "x7": 4.652625255210138, "x8": 0.9172451529711619, "x9": 2.475332771198038}, "datetime": {"datetime": "2025-05-13 14:41:49", "elapsed": 3787.089274, "delta": 11.349434}}
{"target": 38.97394266935376, "params": {"x0": 0.8, "x1": 0.9, "x2": 6.278303593444021e-19, "x3": 4.296090213673694e-18, "x4": 1.4547517713605642, "x5": 6.494767148993329e-18, "x6": 1.1737985065771046, "x7": 4.652625255209984, "x8": 0.917245152971162, "x9": 2.4753327711980386}, "datetime": {"datetime": "2025-05-13 14:42:02", "elapsed": 3800.19286, "delta": 13.103586}}
{"target": 38.97394266935376, "params": {"x0": 0.8, "x1": 0.9, "x2": 6.128944647453443e-19, "x3": 3.593957812482153e-18, "x4": 1.4547517713605644, "x5": 4.175761533877505e-18, "x6": 1.1737985065771026, "x7": 4.65262525520976, "x8": 0.917245152971162, "x9": 2.475332771198038}, "datetime": {"datetime": "2025-05-13 14:42:12", "elapsed": 3810.607621, "delta": 10.414761}}
{"target": 38.97394266935376, "params": {"x0": 0.8, "x1": 0.9, "x2": 1.3818432192687535e-18, "x3": 4.241126563595547e-18, "x4": 1.4547517713605638, "x5": 5.363294451523335e-18, "x6": 1.1737985065771008, "x7": 4.6526252552099105, "x8": 0.9172451529711622, "x9": 2.4753327711980377}, "datetime": {"datetime": "2025-05-13 14:42:22", "elapsed": 3820.757765, "delta": 10.150144}}
{"target": 38.97394266935376, "params": {"x0": 0.8, "x1": 0.9, "x2": 6.932186046376338e-20, "x3": 3.940409752310967e-18, "x4": 1.4547517713605644, "x5": 2.3447694259862217e-18, "x6": 1.173798506577101, "x7": 4.652625255209841, "x8": 0.9172451529711622, "x9": 2.475332771198038}, "datetime": {"datetime": "2025-05-13 14:42:33", "elapsed": 3831.024681, "delta": 10.266916}}
{"target": 38.97394266935376, "params": {"x0": 0.8, "x1": 0.9, "x2": 1.957034987667696e-18, "x3": 1.532826369166073e-18, "x4": 1.4547517713605642, "x5": 4.1083891294488e-18, "x6": 1.1737985065771042, "x7": 4.6526252552097045, "x8": 0.9172451529711619, "x9": 2.475332771198038}, "datetime": {"datetime": "2025-05-13 14:42:43", "elapsed": 3841.645937, "delta": 10.621256}}
{"target": 38.97394266935376, "params": {"x0": 0.8, "x1": 0.9, "x2": 8.913085135813081e-19, "x3": 7.817112658040181e-19, "x4": 1.454751771360564, "x5": 3.796888317438749e-18, "x6": 1.1737985065771033, "x7": 4.6526252552098395, "x8": 0.9172451529711619, "x9": 2.475332771198038}, "datetime": {"datetime": "2025-05-13 14:42:54", "elapsed": 3852.928029, "delta": 11.282092}}
{"target": 38.97394266935376, "params": {"x0": 0.8, "x1": 0.9, "x2": 1.2118238182092298e-18, "x3": 1.3643173294242639e-18, "x4": 1.454751771360564, "x5": 6.884027911460421e-19, "x6": 1.1737985065771028, "x7": 4.652625255209752, "x8": 0.917245152971162, "x9": 2.4753327711980386}, "datetime": {"datetime": "2025-05-13 14:43:05", "elapsed": 3863.538206, "delta": 10.610177}}
{"target": 38.97394266935376, "params": {"x0": 0.8, "x1": 0.9, "x2": 5.012167015832348e-19, "x3": 1.6553588980254028e-18, "x4": 1.4547517713605642, "x5": 1.2468597877742546e-18, "x6": 1.1737985065771037, "x7": 4.652625255209782, "x8": 0.917245152971162, "x9": 2.4753327711980386}, "datetime": {"datetime": "2025-05-13 14:43:16", "elapsed": 3874.618235, "delta": 11.080029}}
{"target": 38.97394266935376, "params": {"x0": 0.8, "x1": 0.9, "x2": 4.284482341580504e-20, "x3": 4.866739312063957e-19, "x4": 1.4547517713605638, "x5": 2.3212577460007937e-18, "x6": 1.1737985065771026, "x7": 4.652625255209793, "x8": 0.9172451529711619, "x9": 2.4753327711980386}, "datetime": {"datetime": "2025-05-13 14:43:27", "elapsed": 3885.20595, "delta": 10.587715}}
{"target": 38.97394266935376, "params": {"x0": 0.8, "x1": 0.9, "x2": 6.201923947691997e-19, "x3": 9.340663121364743e-19, "x4": 1.454751771360564, "x5": 2.3871956383622147e-18, "x6": 1.1737985065771028, "x7": 4.652625255209843, "x8": 0.917245152971162, "x9": 2.4753327711980377}, "datetime": {"datetime": "2025-05-13 14:43:38", "elapsed": 3896.874456, "delta": 11.668506}}
{"target": 38.97394266935376, "params": {"x0": 0.8, "x1": 0.9, "x2": 1.4381943450725604e-18, "x3": 1.6680924723212883e-18, "x4": 1.4547517713605638, "x5": 2.1974950533277107e-18, "x6": 1.1737985065771022, "x7": 4.652625255209874, "x8": 0.9172451529711619, "x9": 2.475332771198038}, "datetime": {"datetime": "2025-05-13 14:43:50", "elapsed": 3908.275834, "delta": 11.401378}}
{"target": 38.97394266935376, "params": {"x0": 0.8, "x1": 0.9, "x2": 2.0676993562343327e-19, "x3": 5.114703411500805e-19, "x4": 1.4547517713605638, "x5": 4.987417680747986e-19, "x6": 1.1737985065771024, "x7": 4.652625255209779, "x8": 0.9172451529711619, "x9": 2.475332771198038}, "datetime": {"datetime": "2025-05-13 14:44:00", "elapsed": 3918.924405, "delta": 10.648571}}
{"target": 38.97394266935376, "params": {"x0": 0.8, "x1": 0.9, "x2": 1.787414443586614e-20, "x3": 9.576765041380589e-19, "x4": 1.454751771360564, "x5": 3.655814137994501e-20, "x6": 1.173798506577103, "x7": 4.652625255209862, "x8": 0.9172451529711619, "x9": 2.475332771198038}, "datetime": {"datetime": "2025-05-13 14:44:12", "elapsed": 3930.048659, "delta": 11.124254}}
{"target": 38.97394266935376, "params": {"x0": 0.8, "x1": 0.9, "x2": 2.0232404522025015e-19, "x3": 4.478009006452985e-19, "x4": 1.4547517713605638, "x5": 1.5155595904199285e-18, "x6": 1.1737985065771028, "x7": 4.652625255209931, "x8": 0.917245152971162, "x9": 2.475332771198038}, "datetime": {"datetime": "2025-05-13 14:44:23", "elapsed": 3941.214547, "delta": 11.165888}}
{"target": 38.97394266935376, "params": {"x0": 0.8, "x1": 0.9, "x2": 4.87170042994694e-19, "x3": 6.779754453057339e-19, "x4": 1.454751771360564, "x5": 8.634200779847489e-19, "x6": 1.1737985065771028, "x7": 4.652625255209867, "x8": 0.9172451529711619, "x9": 2.475332771198038}, "datetime": {"datetime": "2025-05-13 14:44:33", "elapsed": 3951.657756, "delta": 10.443209}}
{"target": 38.97394266935376, "params": {"x0": 0.8, "x1": 0.9, "x2": 2.3136775753278625e-19, "x3": 4.219131628492202e-19, "x4": 1.454751771360564, "x5": 3.957222098328964e-19, "x6": 1.1737985065771024, "x7": 4.652625255209917, "x8": 0.9172451529711619, "x9": 2.475332771198038}, "datetime": {"datetime": "2025-05-13 14:44:44", "elapsed": 3962.031174, "delta": 10.373418}}
{"target": 38.97394266935376, "params": {"x0": 0.8, "x1": 0.9, "x2": 7.376395918552202e-19, "x3": 9.207352528149688e-19, "x4": 1.454751771360564, "x5": 5.693255383643533e-19, "x6": 1.1737985065771024, "x7": 4.652625255209836, "x8": 0.9172451529711619, "x9": 2.475332771198038}, "datetime": {"datetime": "2025-05-13 14:44:54", "elapsed": 3972.612501, "delta": 10.581327}}
{"target": 38.97394266935376, "params": {"x0": 0.8, "x1": 0.9, "x2": 4.660522314417458e-19, "x3": 7.3666548639737885e-19, "x4": 1.454751771360564, "x5": 9.509024167345748e-19, "x6": 1.1737985065771028, "x7": 4.652625255209853, "x8": 0.9172451529711619, "x9": 2.475332771198038}, "datetime": {"datetime": "2025-05-13 14:45:06", "elapsed": 3984.835727, "delta": 12.223226}}
{"target": 38.97394266935376, "params": {"x0": 0.8, "x1": 0.9, "x2": 1.8084401244605042e-19, "x3": 3.503272059556e-19, "x4": 1.454751771360564, "x5": 4.746579012798986e-19, "x6": 1.173798506577103, "x7": 4.6526252552098635, "x8": 0.9172451529711619, "x9": 2.475332771198038}, "datetime": {"datetime": "2025-05-13 14:45:17", "elapsed": 3995.686183, "delta": 10.850456}}
{"target": 38.97394266935376, "params": {"x0": 0.8, "x1": 0.9, "x2": 1.9616301930064222e-19, "x3": 2.33810669392381e-20, "x4": 1.454751771360564, "x5": 1.6328721934877404e-19, "x6": 1.173798506577103, "x7": 4.6526252552099105, "x8": 0.9172451529711619, "x9": 2.475332771198038}, "datetime": {"datetime": "2025-05-13 14:45:29", "elapsed": 4007.134018, "delta": 11.447835}}
{"target": 38.97394266935376, "params": {"x0": 0.8, "x1": 0.9, "x2": 2.986797914264691e-19, "x3": 5.771375858665543e-20, "x4": 1.454751771360564, "x5": 6.607291589970595e-19, "x6": 1.1737985065771026, "x7": 4.652625255209859, "x8": 0.9172451529711619, "x9": 2.475332771198038}, "datetime": {"datetime": "2025-05-13 14:45:39", "elapsed": 4017.907248, "delta": 10.77323}}
{"target": 38.97394266935376, "params": {"x0": 0.8, "x1": 0.9, "x2": 4.5774251577025e-19, "x3": 3.519548372177952e-20, "x4": 1.454751771360564, "x5": 1.9515874472559044e-19, "x6": 1.1737985065771028, "x7": 4.65262525520984, "x8": 0.9172451529711619, "x9": 2.475332771198038}, "datetime": {"datetime": "2025-05-13 14:45:51", "elapsed": 4029.651878, "delta": 11.74463}}
{"target": 38.97394266935376, "params": {"x0": 0.8, "x1": 0.9, "x2": 2.7064640541795674e-20, "x3": 3.089855464849153e-19, "x4": 1.454751771360564, "x5": 4.221460331194724e-19, "x6": 1.173798506577103, "x7": 4.652625255209908, "x8": 0.9172451529711619, "x9": 2.475332771198038}, "datetime": {"datetime": "2025-05-13 14:46:03", "elapsed": 4041.898185, "delta": 12.246307}}
{"target": 38.97394266935376, "params": {"x0": 0.8, "x1": 0.9, "x2": 1.6933939718649848e-19, "x3": 4.775803459262754e-19, "x4": 1.454751771360564, "x5": 5.4533538869277735e-19, "x6": 1.1737985065771026, "x7": 4.652625255209876, "x8": 0.9172451529711619, "x9": 2.475332771198038}, "datetime": {"datetime": "2025-05-13 14:46:15", "elapsed": 4053.237848, "delta": 11.339663}}
{"target": 38.97394266935376, "params": {"x0": 0.8, "x1": 0.9, "x2": 2.6046701686639865e-20, "x3": 3.954073837307702e-19, "x4": 1.454751771360564, "x5": 4.508174322550432e-19, "x6": 1.1737985065771026, "x7": 4.652625255209879, "x8": 0.9172451529711619, "x9": 2.475332771198038}, "datetime": {"datetime": "2025-05-13 14:46:26", "elapsed": 4064.282068, "delta": 11.04422}}
{"target": 38.97394266935376, "params": {"x0": 0.8, "x1": 0.9, "x2": 1.0030873077186502e-19, "x3": 3.871192576152612e-20, "x4": 1.454751771360564, "x5": 6.749041861405724e-20, "x6": 1.173798506577103, "x7": 4.652625255209865, "x8": 0.9172451529711619, "x9": 2.475332771198038}, "datetime": {"datetime": "2025-05-13 14:46:38", "elapsed": 4076.267697, "delta": 11.985629}}
{"target": 38.97394266935376, "params": {"x0": 0.8, "x1": 0.9, "x2": 7.179543760098938e-21, "x3": 3.244229048244483e-19, "x4": 1.454751771360564, "x5": 3.13063484144356e-19, "x6": 1.1737985065771028, "x7": 4.652625255209882, "x8": 0.9172451529711619, "x9": 2.475332771198038}, "datetime": {"datetime": "2025-05-13 14:46:48", "elapsed": 4086.986798, "delta": 10.719101}}
{"target": 38.97394266935376, "params": {"x0": 0.8, "x1": 0.9, "x2": 1.554286760403625e-19, "x3": 1.33902259823512e-19, "x4": 1.454751771360564, "x5": 2.2993173612384513e-19, "x6": 1.173798506577103, "x7": 4.652625255209857, "x8": 0.9172451529711619, "x9": 2.475332771198038}, "datetime": {"datetime": "2025-05-13 14:47:01", "elapsed": 4099.129903, "delta": 12.143105}}
{"target": 38.97394266935376, "params": {"x0": 0.8, "x1": 0.9, "x2": 1.1266551643012815e-19, "x3": 6.149616783132286e-20, "x4": 1.454751771360564, "x5": 2.9902268971175447e-19, "x6": 1.1737985065771028, "x7": 4.652625255209868, "x8": 0.9172451529711619, "x9": 2.475332771198038}, "datetime": {"datetime": "2025-05-13 14:47:13", "elapsed": 4111.537446, "delta": 12.407543}}
{"target": 38.97394266935376, "params": {"x0": 0.8, "x1": 0.9, "x2": 1.481116549233485e-19, "x3": 1.28859136497743e-19, "x4": 1.454751771360564, "x5": 1.4080822991437068e-19, "x6": 1.1737985065771028, "x7": 4.652625255209862, "x8": 0.9172451529711619, "x9": 2.475332771198038}, "datetime": {"datetime": "2025-05-13 14:47:24", "elapsed": 4122.713668, "delta": 11.176222}}
{"target": 38.97394266935376, "params": {"x0": 0.8, "x1": 0.9, "x2": 9.976035568594573e-20, "x3": 1.1593272224695278e-19, "x4": 1.454751771360564, "x5": 1.331050967158659e-19, "x6": 1.1737985065771028, "x7": 4.652625255209865, "x8": 0.9172451529711619, "x9": 2.475332771198038}, "datetime": {"datetime": "2025-05-13 14:47:35", "elapsed": 4133.919144, "delta": 11.205476}}
{"target": 38.97394266935376, "params": {"x0": 0.8, "x1": 0.9, "x2": 5.561630201599847e-20, "x3": 1.1865759398890577e-19, "x4": 1.454751771360564, "x5": 1.0624627940796465e-19, "x6": 1.1737985065771028, "x7": 4.65262525520987, "x8": 0.9172451529711619, "x9": 2.475332771198038}, "datetime": {"datetime": "2025-05-13 14:47:46", "elapsed": 4144.919929, "delta": 11.000785}}
{"target": 38.97394266935376, "params": {"x0": 0.8, "x1": 0.9, "x2": 1.0309342890397654e-19, "x3": 1.536656183711227e-19, "x4": 1.454751771360564, "x5": 1.3722963571963823e-19, "x6": 1.1737985065771028, "x7": 4.652625255209864, "x8": 0.9172451529711619, "x9": 2.475332771198038}, "datetime": {"datetime": "2025-05-13 14:47:57", "elapsed": 4155.384049, "delta": 10.46412}}
{"target": 38.97394266935376, "params": {"x0": 0.8, "x1": 0.9, "x2": 4.51315269316348e-20, "x3": 1.5175694197071153e-19, "x4": 1.454751771360564, "x5": 5.438088976087185e-20, "x6": 1.1737985065771028, "x7": 4.652625255209871, "x8": 0.9172451529711619, "x9": 2.475332771198038}, "datetime": {"datetime": "2025-05-13 14:48:07", "elapsed": 4165.762566, "delta": 10.378517}}
{"target": 38.97394266935376, "params": {"x0": 0.8, "x1": 0.9, "x2": 7.769263817842044e-20, "x3": 6.867018956629316e-20, "x4": 1.454751771360564, "x5": 1.8817932934173573e-19, "x6": 1.1737985065771028, "x7": 4.6526252552098795, "x8": 0.9172451529711619, "x9": 2.475332771198038}, "datetime": {"datetime": "2025-05-13 14:48:19", "elapsed": 4177.521618, "delta": 11.759052}}
{"target": 38.97394266935376, "params": {"x0": 0.8, "x1": 0.9, "x2": 5.3013821403251064e-20, "x3": 3.5556846409153105e-20, "x4": 1.454751771360564, "x5": 7.125958950184962e-20, "x6": 1.1737985065771028, "x7": 4.652625255209873, "x8": 0.9172451529711619, "x9": 2.475332771198038}, "datetime": {"datetime": "2025-05-13 14:48:29", "elapsed": 4187.225478, "delta": 9.70386}}
{"target": 38.97394266935376, "params": {"x0": 0.8, "x1": 0.9, "x2": 4.505403622127262e-20, "x3": 9.735352710956586e-20, "x4": 1.454751771360564, "x5": 7.547811930094234e-20, "x6": 1.1737985065771028, "x7": 4.652625255209881, "x8": 0.9172451529711619, "x9": 2.475332771198038}, "datetime": {"datetime": "2025-05-13 14:48:40", "elapsed": 4198.775495, "delta": 11.550017}}
{"target": 38.97394266935376, "params": {"x0": 0.8, "x1": 0.9, "x2": 5.290491082505785e-20, "x3": 1.530466632850142e-20, "x4": 1.454751771360564, "x5": 1.06317307665922e-19, "x6": 1.1737985065771028, "x7": 4.652625255209878, "x8": 0.9172451529711619, "x9": 2.475332771198038}, "datetime": {"datetime": "2025-05-13 14:48:51", "elapsed": 4209.988123, "delta": 11.212628}}
{"target": 38.97394266935376, "params": {"x0": 0.8, "x1": 0.9, "x2": 7.4761316143419e-21, "x3": 8.505795853990567e-20, "x4": 1.454751771360564, "x5": 4.958410857482915e-20, "x6": 1.1737985065771028, "x7": 4.65262525520988, "x8": 0.9172451529711619, "x9": 2.475332771198038}, "datetime": {"datetime": "2025-05-13 14:49:03", "elapsed": 4221.827662, "delta": 11.839539}}
{"target": 38.97394266935376, "params": {"x0": 0.8, "x1": 0.9, "x2": 5.993487310411703e-20, "x3": 6.02293659242992e-20, "x4": 1.454751771360564, "x5": 8.491259291354106e-20, "x6": 1.1737985065771028, "x7": 4.65262525520988, "x8": 0.9172451529711619, "x9": 2.475332771198038}, "datetime": {"datetime": "2025-05-13 14:49:15", "elapsed": 4233.405966, "delta": 11.578304}}
{"target": 38.97394266935376, "params": {"x0": 0.8, "x1": 0.9, "x2": 2.2462029530921837e-20, "x3": 3.755256148139186e-20, "x4": 1.454751771360564, "x5": 7.192516290864367e-21, "x6": 1.1737985065771028, "x7": 4.652625255209873, "x8": 0.9172451529711619, "x9": 2.475332771198038}, "datetime": {"datetime": "2025-05-13 14:49:27", "elapsed": 4245.45246, "delta": 12.046494}}
{"target": 38.97394266935376, "params": {"x0": 0.8, "x1": 0.9, "x2": 2.7298293229261806e-21, "x3": 3.4889072889276664e-20, "x4": 1.454751771360564, "x5": 1.8867349006964908e-20, "x6": 1.1737985065771028, "x7": 4.6526252552098795, "x8": 0.9172451529711619, "x9": 2.475332771198038}, "datetime": {"datetime": "2025-05-13 14:49:39", "elapsed": 4257.918059, "delta": 12.465599}}
{"target": 38.97394266935376, "params": {"x0": 0.8, "x1": 0.9, "x2": 4.2156243954548764e-21, "x3": 1.1538520931565938e-20, "x4": 1.454751771360564, "x5": 1.9810680132516122e-20, "x6": 1.1737985065771028, "x7": 4.652625255209874, "x8": 0.9172451529711619, "x9": 2.475332771198038}, "datetime": {"datetime": "2025-05-13 14:49:53", "elapsed": 4271.073914, "delta": 13.155855}}
{"target": 38.97394266935376, "params": {"x0": 0.8, "x1": 0.9, "x2": 2.8607277808499077e-20, "x3": 6.608232743334634e-21, "x4": 1.454751771360564, "x5": 6.648466781275793e-20, "x6": 1.1737985065771028, "x7": 4.652625255209872, "x8": 0.9172451529711619, "x9": 2.475332771198038}, "datetime": {"datetime": "2025-05-13 14:50:05", "elapsed": 4283.061169, "delta": 11.987255}}
{"target": 38.97394266935376, "params": {"x0": 0.8, "x1": 0.9, "x2": 3.133182818834165e-22, "x3": 4.121037537251796e-20, "x4": 1.454751771360564, "x5": 6.705754536285968e-20, "x6": 1.1737985065771028, "x7": 4.652625255209872, "x8": 0.9172451529711619, "x9": 2.475332771198038}, "datetime": {"datetime": "2025-05-13 14:50:16", "elapsed": 4294.443188, "delta": 11.382019}}
{"target": 38.97394266935376, "params": {"x0": 0.8, "x1": 0.9, "x2": 3.016492859225233e-20, "x3": 1.712555195298864e-20, "x4": 1.454751771360564, "x5": 6.155186648103848e-20, "x6": 1.1737985065771028, "x7": 4.652625255209876, "x8": 0.9172451529711619, "x9": 2.475332771198038}, "datetime": {"datetime": "2025-05-13 14:50:27", "elapsed": 4305.421424, "delta": 10.978236}}
{"target": 38.97394266935376, "params": {"x0": 0.8, "x1": 0.9, "x2": 2.968250086115306e-20, "x3": 1.9769883447059627e-20, "x4": 1.454751771360564, "x5": 2.6947011446052638e-20, "x6": 1.1737985065771028, "x7": 4.652625255209873, "x8": 0.9172451529711619, "x9": 2.475332771198038}, "datetime": {"datetime": "2025-05-13 14:50:38", "elapsed": 4316.345506, "delta": 10.924082}}
{"target": 38.97394266935376, "params": {"x0": 0.8, "x1": 0.9, "x2": 2.5842826893640605e-20, "x3": 3.573327277357513e-20, "x4": 1.454751771360564, "x5": 4.188566365641299e-20, "x6": 1.1737985065771028, "x7": 4.652625255209874, "x8": 0.9172451529711619, "x9": 2.475332771198038}, "datetime": {"datetime": "2025-05-13 14:50:51", "elapsed": 4329.141862, "delta": 12.796356}}
{"target": 38.97394266935376, "params": {"x0": 0.8, "x1": 0.9, "x2": 7.246691231387629e-21, "x3": 1.190038982822362e-20, "x4": 1.454751771360564, "x5": 1.3026504039398385e-20, "x6": 1.1737985065771028, "x7": 4.652625255209875, "x8": 0.9172451529711619, "x9": 2.475332771198038}, "datetime": {"datetime": "2025-05-13 14:51:03", "elapsed": 4341.283692, "delta": 12.14183}}
{"target": 38.97394266935376, "params": {"x0": 0.8, "x1": 0.9, "x2": 8.79480097758658e-21, "x3": 1.2607017776026512e-20, "x4": 1.454751771360564, "x5": 1.642772196112266e-20, "x6": 1.1737985065771028, "x7": 4.652625255209877, "x8": 0.9172451529711619, "x9": 2.475332771198038}, "datetime": {"datetime": "2025-05-13 14:51:14", "elapsed": 4352.2261, "delta": 10.942408}}
{"target": 38.97394266935376, "params": {"x0": 0.8, "x1": 0.9, "x2": 1.3069053448059993e-20, "x3": 5.165794015675954e-21, "x4": 1.454751771360564, "x5": 5.790070017763223e-21, "x6": 1.1737985065771028, "x7": 4.652625255209878, "x8": 0.9172451529711619, "x9": 2.475332771198038}, "datetime": {"datetime": "2025-05-13 14:51:25", "elapsed": 4363.387976, "delta": 11.161876}}
{"target": 38.97394266935376, "params": {"x0": 0.8, "x1": 0.9, "x2": 2.0952337227686807e-21, "x3": 1.887964440112729e-20, "x4": 1.454751771360564, "x5": 1.9742989211210634e-20, "x6": 1.1737985065771028, "x7": 4.652625255209874, "x8": 0.9172451529711619, "x9": 2.475332771198038}, "datetime": {"datetime": "2025-05-13 14:51:36", "elapsed": 4374.76576, "delta": 11.377784}}
{"target": 38.97394266935376, "params": {"x0": 0.8, "x1": 0.9, "x2": 9.945686233327596e-22, "x3": 9.603918393018982e-21, "x4": 1.454751771360564, "x5": 1.9369738495185643e-20, "x6": 1.1737985065771028, "x7": 4.652625255209874, "x8": 0.9172451529711619, "x9": 2.475332771198038}, "datetime": {"datetime": "2025-05-13 14:51:47", "elapsed": 4385.792387, "delta": 11.026627}}
