{"target": 38.97394266935376, "params": {"x0": 0.8, "x1": 0.9, "x2": 2.44727108265343e-58, "x3": 2.7208348400299715e-58, "x4": 1.454751771360564, "x5": 2.7642274201166856e-58, "x6": 1.1737985065771028, "x7": 4.652625255209876, "x8": 0.9172451529711619, "x9": 2.475332771198038}, "datetime": {"datetime": "2025-05-13 20:57:18", "elapsed": 26316.11982, "delta": 51.958399}}
{"target": 38.97394266935376, "params": {"x0": 0.8, "x1": 0.9, "x2": 8.113049091592667e-59, "x3": 4.806858534955065e-60, "x4": 1.454751771360564, "x5": 2.978419686145817e-58, "x6": 1.1737985065771028, "x7": 4.652625255209876, "x8": 0.9172451529711619, "x9": 2.475332771198038}, "datetime": {"datetime": "2025-05-13 20:58:07", "elapsed": 26365.135308, "delta": 49.015488}}
{"target": 38.97394266935376, "params": {"x0": 0.8, "x1": 0.9, "x2": 2.4554466752992713e-58, "x3": 7.288350711685938e-60, "x4": 1.454751771360564, "x5": 8.951437703778562e-59, "x6": 1.1737985065771028, "x7": 4.652625255209876, "x8": 0.9172451529711619, "x9": 2.475332771198038}, "datetime": {"datetime": "2025-05-13 20:58:49", "elapsed": 26407.020329, "delta": 41.885021}}
{"target": 38.97394266935376, "params": {"x0": 0.8, "x1": 0.9, "x2": 6.986042090789526e-59, "x3": 3.005282970116413e-59, "x4": 1.454751771360564, "x5": 1.1209922037370949e-59, "x6": 1.1737985065771028, "x7": 4.652625255209876, "x8": 0.9172451529711619, "x9": 2.475332771198038}, "datetime": {"datetime": "2025-05-13 20:59:32", "elapsed": 26450.770888, "delta": 43.750559}}
{"target": 38.97394266935376, "params": {"x0": 0.8, "x1": 0.9, "x2": 1.434151909994214e-58, "x3": 1.1421910606675992e-58, "x4": 1.454751771360564, "x5": 1.5873026896998212e-58, "x6": 1.1737985065771028, "x7": 4.652625255209876, "x8": 0.9172451529711619, "x9": 2.475332771198038}, "datetime": {"datetime": "2025-05-13 21:00:16", "elapsed": 26494.487318, "delta": 43.71643}}
{"target": 38.97394266935376, "params": {"x0": 0.8, "x1": 0.9, "x2": 9.189110636184443e-59, "x3": 1.052392869678494e-58, "x4": 1.454751771360564, "x5": 8.601566283296159e-59, "x6": 1.1737985065771028, "x7": 4.652625255209876, "x8": 0.9172451529711619, "x9": 2.475332771198038}, "datetime": {"datetime": "2025-05-13 21:01:11", "elapsed": 26549.886076, "delta": 55.398758}}
{"target": 38.97394266935376, "params": {"x0": 0.8, "x1": 0.9, "x2": 6.4448213257026755e-59, "x3": 2.084510633447385e-58, "x4": 1.454751771360564, "x5": 2.5413239285660395e-58, "x6": 1.1737985065771028, "x7": 4.652625255209876, "x8": 0.9172451529711619, "x9": 2.475332771198038}, "datetime": {"datetime": "2025-05-13 21:02:10", "elapsed": 26608.670736, "delta": 58.78466}}
{"target": 38.97394266935376, "params": {"x0": 0.8, "x1": 0.9, "x2": 6.34916983942893e-59, "x3": 3.918332868977143e-61, "x4": 1.454751771360564, "x5": 6.341510662299722e-59, "x6": 1.1737985065771028, "x7": 4.652625255209876, "x8": 0.9172451529711619, "x9": 2.475332771198038}, "datetime": {"datetime": "2025-05-13 21:03:02", "elapsed": 26660.083102, "delta": 51.412366}}
{"target": 38.97394266935376, "params": {"x0": 0.8, "x1": 0.9, "x2": 8.71878845517518e-59, "x3": 1.4085573493997445e-59, "x4": 1.454751771360564, "x5": 2.165243178845052e-58, "x6": 1.1737985065771028, "x7": 4.652625255209876, "x8": 0.9172451529711619, "x9": 2.475332771198038}, "datetime": {"datetime": "2025-05-13 21:03:36", "elapsed": 26694.730864, "delta": 34.647762}}
{"target": 38.97394266935376, "params": {"x0": 0.8, "x1": 0.9, "x2": 3.35822978059364e-59, "x3": 1.5298799109346239e-58, "x4": 1.454751771360564, "x5": 4.138443897266597e-59, "x6": 1.1737985065771028, "x7": 4.652625255209876, "x8": 0.9172451529711619, "x9": 2.475332771198038}, "datetime": {"datetime": "2025-05-13 21:04:18", "elapsed": 26736.867906, "delta": 42.137042}}
{"target": 38.97394266935376, "params": {"x0": 0.8, "x1": 0.9, "x2": 6.1694653514557054e-61, "x3": 1.4174605726097381e-58, "x4": 1.454751771360564, "x5": 1.0222190365951889e-60, "x6": 1.1737985065771028, "x7": 4.652625255209876, "x8": 0.9172451529711619, "x9": 2.475332771198038}, "datetime": {"datetime": "2025-05-13 21:04:59", "elapsed": 26777.962372, "delta": 41.094466}}
{"target": 38.97394266935376, "params": {"x0": 0.8, "x1": 0.9, "x2": 8.423372458652081e-59, "x3": 1.2394220022634017e-58, "x4": 1.454751771360564, "x5": 9.713964946203207e-59, "x6": 1.1737985065771028, "x7": 4.652625255209876, "x8": 0.9172451529711619, "x9": 2.475332771198038}, "datetime": {"datetime": "2025-05-13 21:05:43", "elapsed": 26821.501554, "delta": 43.539182}}
{"target": 38.97394266935376, "params": {"x0": 0.8, "x1": 0.9, "x2": 1.5060608346167744e-59, "x3": 1.0841179223737477e-59, "x4": 1.454751771360564, "x5": 9.681989657511228e-59, "x6": 1.1737985065771028, "x7": 4.652625255209876, "x8": 0.9172451529711619, "x9": 2.475332771198038}, "datetime": {"datetime": "2025-05-13 21:06:30", "elapsed": 26868.95892, "delta": 47.457366}}
{"target": 38.97394266935376, "params": {"x0": 0.8, "x1": 0.9, "x2": 7.803302277933591e-59, "x3": 1.2581733279884395e-59, "x4": 1.454751771360564, "x5": 7.736517266503926e-59, "x6": 1.1737985065771028, "x7": 4.652625255209876, "x8": 0.9172451529711619, "x9": 2.475332771198038}, "datetime": {"datetime": "2025-05-13 21:07:13", "elapsed": 26911.736585, "delta": 42.777665}}
{"target": 38.97394266935376, "params": {"x0": 0.8, "x1": 0.9, "x2": 5.935003254433954e-59, "x3": 7.554277465808363e-59, "x4": 1.454751771360564, "x5": 6.374879393344188e-59, "x6": 1.1737985065771028, "x7": 4.652625255209876, "x8": 0.9172451529711619, "x9": 2.475332771198038}, "datetime": {"datetime": "2025-05-13 21:08:02", "elapsed": 26960.308581, "delta": 48.571996}}
{"target": 38.97394266935376, "params": {"x0": 0.8, "x1": 0.9, "x2": 5.273515107195075e-59, "x3": 4.420913093205311e-60, "x4": 1.454751771360564, "x5": 2.002150784050973e-59, "x6": 1.1737985065771028, "x7": 4.652625255209876, "x8": 0.9172451529711619, "x9": 2.475332771198038}, "datetime": {"datetime": "2025-05-13 21:08:46", "elapsed": 27004.392155, "delta": 44.083574}}
{"target": 38.97394266935376, "params": {"x0": 0.8, "x1": 0.9, "x2": 2.0828526961863936e-59, "x3": 1.2865639128786866e-59, "x4": 1.454751771360564, "x5": 4.490523708317122e-59, "x6": 1.1737985065771028, "x7": 4.652625255209876, "x8": 0.9172451529711619, "x9": 2.475332771198038}, "datetime": {"datetime": "2025-05-13 21:09:23", "elapsed": 27041.750873, "delta": 37.358718}}
{"target": 38.97394266935376, "params": {"x0": 0.8, "x1": 0.9, "x2": 3.9105562616803964e-59, "x3": 2.1254960470125195e-59, "x4": 1.454751771360564, "x5": 2.2012920733828183e-59, "x6": 1.1737985065771028, "x7": 4.652625255209876, "x8": 0.9172451529711619, "x9": 2.475332771198038}, "datetime": {"datetime": "2025-05-13 21:10:12", "elapsed": 27090.741277, "delta": 48.990404}}
{"target": 38.97394266935376, "params": {"x0": 0.8, "x1": 0.9, "x2": 1.0946766607574727e-59, "x3": 5.703567778365807e-60, "x4": 1.454751771360564, "x5": 1.8883871422068814e-59, "x6": 1.1737985065771028, "x7": 4.652625255209876, "x8": 0.9172451529711619, "x9": 2.475332771198038}, "datetime": {"datetime": "2025-05-13 21:11:08", "elapsed": 27146.413784, "delta": 55.672507}}
{"target": 38.97394266935376, "params": {"x0": 0.8, "x1": 0.9, "x2": 5.285277132958894e-60, "x3": 3.767714903207343e-59, "x4": 1.454751771360564, "x5": 4.184649264287986e-59, "x6": 1.1737985065771028, "x7": 4.652625255209876, "x8": 0.9172451529711619, "x9": 2.475332771198038}, "datetime": {"datetime": "2025-05-13 21:11:56", "elapsed": 27194.884104, "delta": 48.47032}}
{"target": 38.97394266935376, "params": {"x0": 0.8, "x1": 0.9, "x2": 2.341379834498046e-59, "x3": 4.145965018863443e-59, "x4": 1.454751771360564, "x5": 2.219102884680203e-59, "x6": 1.1737985065771028, "x7": 4.652625255209876, "x8": 0.9172451529711619, "x9": 2.475332771198038}, "datetime": {"datetime": "2025-05-13 21:12:45", "elapsed": 27243.10962, "delta": 48.225516}}
{"target": 38.97394266935376, "params": {"x0": 0.8, "x1": 0.9, "x2": 3.018541680421479e-59, "x3": 8.916190794430978e-60, "x4": 1.454751771360564, "x5": 5.366450910256451e-59, "x6": 1.1737985065771028, "x7": 4.652625255209876, "x8": 0.9172451529711619, "x9": 2.475332771198038}, "datetime": {"datetime": "2025-05-13 21:13:32", "elapsed": 27290.279422, "delta": 47.169802}}
{"target": 38.97394266935376, "params": {"x0": 0.8, "x1": 0.9, "x2": 2.7252497419239164e-59, "x3": 3.211841392587418e-59, "x4": 1.454751771360564, "x5": 2.4191442990242042e-59, "x6": 1.1737985065771028, "x7": 4.652625255209876, "x8": 0.9172451529711619, "x9": 2.475332771198038}, "datetime": {"datetime": "2025-05-13 21:14:30", "elapsed": 27348.496808, "delta": 58.217386}}
{"target": 38.97394266935376, "params": {"x0": 0.8, "x1": 0.9, "x2": 2.674144389521219e-59, "x3": 9.893066378568576e-61, "x4": 1.454751771360564, "x5": 4.259845187722712e-59, "x6": 1.1737985065771028, "x7": 4.652625255209876, "x8": 0.9172451529711619, "x9": 2.475332771198038}, "datetime": {"datetime": "2025-05-13 21:15:09", "elapsed": 27387.523821, "delta": 39.027013}}
{"target": 38.97394266935376, "params": {"x0": 0.8, "x1": 0.9, "x2": 9.44444527011357e-60, "x3": 1.2879821312199567e-59, "x4": 1.454751771360564, "x5": 4.7365533137524045e-60, "x6": 1.1737985065771028, "x7": 4.652625255209876, "x8": 0.9172451529711619, "x9": 2.475332771198038}, "datetime": {"datetime": "2025-05-13 21:16:10", "elapsed": 27448.337545, "delta": 60.813724}}
{"target": 38.97394266935376, "params": {"x0": 0.8, "x1": 0.9, "x2": 1.9161314856907439e-59, "x3": 1.3818792246933644e-59, "x4": 1.454751771360564, "x5": 9.47361137485908e-60, "x6": 1.1737985065771028, "x7": 4.652625255209876, "x8": 0.9172451529711619, "x9": 2.475332771198038}, "datetime": {"datetime": "2025-05-13 21:17:10", "elapsed": 27508.150496, "delta": 59.812951}}
{"target": 38.97394266935376, "params": {"x0": 0.8, "x1": 0.9, "x2": 7.651793369097594e-60, "x3": 1.2380557297929034e-59, "x4": 1.454751771360564, "x5": 3.0325360497317132e-59, "x6": 1.1737985065771028, "x7": 4.652625255209876, "x8": 0.9172451529711619, "x9": 2.475332771198038}, "datetime": {"datetime": "2025-05-13 21:17:47", "elapsed": 27545.546386, "delta": 37.39589}}
{"target": 38.97394266935376, "params": {"x0": 0.8, "x1": 0.9, "x2": 1.1982991101480721e-59, "x3": 5.313208336550041e-61, "x4": 1.454751771360564, "x5": 6.541118485313497e-60, "x6": 1.1737985065771028, "x7": 4.652625255209876, "x8": 0.9172451529711619, "x9": 2.475332771198038}, "datetime": {"datetime": "2025-05-13 21:18:31", "elapsed": 27589.706788, "delta": 44.160402}}
{"target": 38.97394266935376, "params": {"x0": 0.8, "x1": 0.9, "x2": 4.837609451836217e-60, "x3": 2.122643424137001e-59, "x4": 1.454751771360564, "x5": 2.366844240248486e-59, "x6": 1.1737985065771028, "x7": 4.652625255209876, "x8": 0.9172451529711619, "x9": 2.475332771198038}, "datetime": {"datetime": "2025-05-13 21:19:12", "elapsed": 27630.899895, "delta": 41.193107}}
{"target": 38.97394266935376, "params": {"x0": 0.8, "x1": 0.9, "x2": 5.293399138515688e-60, "x3": 1.342312307244198e-59, "x4": 1.454751771360564, "x5": 1.3673364344201532e-59, "x6": 1.1737985065771028, "x7": 4.652625255209876, "x8": 0.9172451529711619, "x9": 2.475332771198038}, "datetime": {"datetime": "2025-05-13 21:19:55", "elapsed": 27673.315704, "delta": 42.415809}}
{"target": 38.97394266935376, "params": {"x0": 0.8, "x1": 0.9, "x2": 3.5230505905401896e-60, "x3": 2.8141071758514303e-61, "x4": 1.454751771360564, "x5": 2.2080589551478896e-59, "x6": 1.1737985065771028, "x7": 4.652625255209876, "x8": 0.9172451529711619, "x9": 2.475332771198038}, "datetime": {"datetime": "2025-05-13 21:20:45", "elapsed": 27723.297794, "delta": 49.98209}}
{"target": 38.97394266935376, "params": {"x0": 0.8, "x1": 0.9, "x2": 9.270755129360487e-60, "x3": 9.439856116525021e-60, "x4": 1.454751771360564, "x5": 1.1284385866096333e-59, "x6": 1.1737985065771028, "x7": 4.652625255209876, "x8": 0.9172451529711619, "x9": 2.475332771198038}, "datetime": {"datetime": "2025-05-13 21:21:38", "elapsed": 27776.316748, "delta": 53.018954}}
{"target": 38.97394266935376, "params": {"x0": 0.8, "x1": 0.9, "x2": 8.332716092773085e-60, "x3": 7.99703400367501e-60, "x4": 1.454751771360564, "x5": 2.5190209419802116e-60, "x6": 1.1737985065771028, "x7": 4.652625255209876, "x8": 0.9172451529711619, "x9": 2.475332771198038}, "datetime": {"datetime": "2025-05-13 21:22:21", "elapsed": 27819.239843, "delta": 42.923095}}
{"target": 38.97394266935376, "params": {"x0": 0.8, "x1": 0.9, "x2": 5.408170421026834e-60, "x3": 2.6009730989503283e-60, "x4": 1.454751771360564, "x5": 4.947294517686455e-62, "x6": 1.1737985065771028, "x7": 4.652625255209876, "x8": 0.9172451529711619, "x9": 2.475332771198038}, "datetime": {"datetime": "2025-05-13 21:23:20", "elapsed": 27878.314284, "delta": 59.074441}}
{"target": 38.97394266935376, "params": {"x0": 0.8, "x1": 0.9, "x2": 7.442150685172138e-60, "x3": 2.308897211559349e-64, "x4": 1.454751771360564, "x5": 1.2076692956491534e-59, "x6": 1.1737985065771028, "x7": 4.652625255209876, "x8": 0.9172451529711619, "x9": 2.475332771198038}, "datetime": {"datetime": "2025-05-13 21:24:10", "elapsed": 27928.349036, "delta": 50.034752}}
{"target": 38.97394266935376, "params": {"x0": 0.8, "x1": 0.9, "x2": 9.614846964833913e-61, "x3": 9.677704109842755e-60, "x4": 1.454751771360564, "x5": 8.491518759612296e-60, "x6": 1.1737985065771028, "x7": 4.652625255209876, "x8": 0.9172451529711619, "x9": 2.475332771198038}, "datetime": {"datetime": "2025-05-13 21:25:03", "elapsed": 27981.60712, "delta": 53.258084}}
{"target": 38.97394266935376, "params": {"x0": 0.8, "x1": 0.9, "x2": 1.1410110427999407e-61, "x3": 6.858234868720661e-60, "x4": 1.454751771360564, "x5": 3.9584264003107876e-60, "x6": 1.1737985065771028, "x7": 4.652625255209876, "x8": 0.9172451529711619, "x9": 2.475332771198038}, "datetime": {"datetime": "2025-05-13 21:25:57", "elapsed": 28035.380246, "delta": 53.773126}}
{"target": 38.97394266935376, "params": {"x0": 0.8, "x1": 0.9, "x2": 3.054352763837673e-60, "x3": 7.934910463468911e-60, "x4": 1.454751771360564, "x5": 1.962776841311738e-60, "x6": 1.1737985065771028, "x7": 4.652625255209876, "x8": 0.9172451529711619, "x9": 2.475332771198038}, "datetime": {"datetime": "2025-05-13 21:26:38", "elapsed": 28076.540643, "delta": 41.160397}}
{"target": 38.97394266935376, "params": {"x0": 0.8, "x1": 0.9, "x2": 2.2726776173966845e-61, "x3": 1.987303893210016e-60, "x4": 1.454751771360564, "x5": 9.075548884322472e-60, "x6": 1.1737985065771028, "x7": 4.652625255209876, "x8": 0.9172451529711619, "x9": 2.475332771198038}, "datetime": {"datetime": "2025-05-13 21:27:27", "elapsed": 28125.614764, "delta": 49.074121}}
{"target": 38.97394266935376, "params": {"x0": 0.8, "x1": 0.9, "x2": 1.1780911658368915e-60, "x3": 4.175143341482146e-60, "x4": 1.454751771360564, "x5": 4.1938607688057795e-61, "x6": 1.1737985065771028, "x7": 4.652625255209876, "x8": 0.9172451529711619, "x9": 2.475332771198038}, "datetime": {"datetime": "2025-05-13 21:28:20", "elapsed": 28178.143037, "delta": 52.528273}}
{"target": 38.97394266935376, "params": {"x0": 0.8, "x1": 0.9, "x2": 3.2147172059146566e-60, "x3": 5.747270467215928e-60, "x4": 1.454751771360564, "x5": 7.655044201883988e-61, "x6": 1.1737985065771028, "x7": 4.652625255209876, "x8": 0.9172451529711619, "x9": 2.475332771198038}, "datetime": {"datetime": "2025-05-13 21:29:06", "elapsed": 28224.426271, "delta": 46.283234}}
{"target": 38.97394266935376, "params": {"x0": 0.8, "x1": 0.9, "x2": 3.1474397513183335e-60, "x3": 8.019456360459045e-61, "x4": 1.454751771360564, "x5": 4.334389672727019e-60, "x6": 1.1737985065771028, "x7": 4.652625255209876, "x8": 0.9172451529711619, "x9": 2.475332771198038}, "datetime": {"datetime": "2025-05-13 21:29:55", "elapsed": 28273.726548, "delta": 49.300277}}
{"target": 38.97394266935376, "params": {"x0": 0.8, "x1": 0.9, "x2": 3.0008477665837924e-60, "x3": 8.204826296949225e-61, "x4": 1.454751771360564, "x5": 3.9937470824493666e-60, "x6": 1.1737985065771028, "x7": 4.652625255209876, "x8": 0.9172451529711619, "x9": 2.475332771198038}, "datetime": {"datetime": "2025-05-13 21:30:47", "elapsed": 28325.193677, "delta": 51.467129}}
{"target": 38.97394266935376, "params": {"x0": 0.8, "x1": 0.9, "x2": 1.1013882345352076e-60, "x3": 5.5541466662926066e-61, "x4": 1.454751771360564, "x5": 5.05913832911567e-60, "x6": 1.1737985065771028, "x7": 4.652625255209876, "x8": 0.9172451529711619, "x9": 2.475332771198038}, "datetime": {"datetime": "2025-05-13 21:31:33", "elapsed": 28371.03371, "delta": 45.840033}}
{"target": 38.97394266935376, "params": {"x0": 0.8, "x1": 0.9, "x2": 1.4327169501651155e-60, "x3": 6.96825501394566e-61, "x4": 1.454751771360564, "x5": 1.613802180051206e-60, "x6": 1.1737985065771028, "x7": 4.652625255209876, "x8": 0.9172451529711619, "x9": 2.475332771198038}, "datetime": {"datetime": "2025-05-13 21:32:18", "elapsed": 28416.927493, "delta": 45.893783}}
{"target": 38.97394266935376, "params": {"x0": 0.8, "x1": 0.9, "x2": 2.233676949269711e-60, "x3": 3.010680338847306e-60, "x4": 1.454751771360564, "x5": 2.1551361766106553e-60, "x6": 1.1737985065771028, "x7": 4.652625255209876, "x8": 0.9172451529711619, "x9": 2.475332771198038}, "datetime": {"datetime": "2025-05-13 21:33:02", "elapsed": 28460.058555, "delta": 43.131062}}
{"target": 38.97394266935376, "params": {"x0": 0.8, "x1": 0.9, "x2": 1.289088388445725e-60, "x3": 2.5686533245315505e-60, "x4": 1.454751771360564, "x5": 2.3301363304163666e-60, "x6": 1.1737985065771028, "x7": 4.652625255209876, "x8": 0.9172451529711619, "x9": 2.475332771198038}, "datetime": {"datetime": "2025-05-13 21:33:52", "elapsed": 28510.712133, "delta": 50.653578}}
{"target": 38.97394266935376, "params": {"x0": 0.8, "x1": 0.9, "x2": 2.020275167862307e-60, "x3": 1.1316437085094772e-60, "x4": 1.454751771360564, "x5": 4.70030809729676e-61, "x6": 1.1737985065771028, "x7": 4.652625255209876, "x8": 0.9172451529711619, "x9": 2.475332771198038}, "datetime": {"datetime": "2025-05-13 21:34:38", "elapsed": 28556.467842, "delta": 45.755709}}
{"target": 38.97394266935376, "params": {"x0": 0.8, "x1": 0.9, "x2": 1.5400038853471231e-61, "x3": 1.3932177030700573e-60, "x4": 1.454751771360564, "x5": 2.2035082214627515e-60, "x6": 1.1737985065771028, "x7": 4.652625255209876, "x8": 0.9172451529711619, "x9": 2.475332771198038}, "datetime": {"datetime": "2025-05-13 21:35:25", "elapsed": 28603.910578, "delta": 47.442736}}
{"target": 38.97394266935376, "params": {"x0": 0.8, "x1": 0.9, "x2": 8.4687822215996e-61, "x3": 2.2288728075793367e-60, "x4": 1.454751771360564, "x5": 6.544089359840882e-61, "x6": 1.1737985065771028, "x7": 4.652625255209876, "x8": 0.9172451529711619, "x9": 2.475332771198038}, "datetime": {"datetime": "2025-05-13 21:36:30", "elapsed": 28668.827416, "delta": 64.916838}}
{"target": 38.97394266935376, "params": {"x0": 0.8, "x1": 0.9, "x2": 6.052211367601775e-61, "x3": 3.171997978957202e-61, "x4": 1.454751771360564, "x5": 1.4021779808623487e-61, "x6": 1.1737985065771028, "x7": 4.652625255209876, "x8": 0.9172451529711619, "x9": 2.475332771198038}, "datetime": {"datetime": "2025-05-13 21:37:32", "elapsed": 28730.906212, "delta": 62.078796}}
{"target": 38.97394266935376, "params": {"x0": 0.8, "x1": 0.9, "x2": 1.227780668479661e-60, "x3": 5.75825276139348e-61, "x4": 1.454751771360564, "x5": 3.2431345059167208e-62, "x6": 1.1737985065771028, "x7": 4.652625255209876, "x8": 0.9172451529711619, "x9": 2.475332771198038}, "datetime": {"datetime": "2025-05-13 21:38:29", "elapsed": 28787.357964, "delta": 56.451752}}
{"target": 38.97394266935376, "params": {"x0": 0.8, "x1": 0.9, "x2": 1.4682535703372609e-61, "x3": 5.088004701148404e-61, "x4": 1.454751771360564, "x5": 1.2189805215524327e-60, "x6": 1.1737985065771028, "x7": 4.652625255209876, "x8": 0.9172451529711619, "x9": 2.475332771198038}, "datetime": {"datetime": "2025-05-13 21:39:20", "elapsed": 28838.644644, "delta": 51.28668}}
{"target": 38.97394266935376, "params": {"x0": 0.8, "x1": 0.9, "x2": 7.705012409763078e-61, "x3": 3.886845898223146e-61, "x4": 1.454751771360564, "x5": 1.5293011766642577e-60, "x6": 1.1737985065771028, "x7": 4.652625255209876, "x8": 0.9172451529711619, "x9": 2.475332771198038}, "datetime": {"datetime": "2025-05-13 21:40:06", "elapsed": 28884.06466, "delta": 45.420016}}
{"target": 38.97394266935376, "params": {"x0": 0.8, "x1": 0.9, "x2": 6.541709133883988e-61, "x3": 7.012113537087984e-61, "x4": 1.454751771360564, "x5": 2.6928088238722127e-61, "x6": 1.1737985065771028, "x7": 4.652625255209876, "x8": 0.9172451529711619, "x9": 2.475332771198038}, "datetime": {"datetime": "2025-05-13 21:41:04", "elapsed": 28942.361199, "delta": 58.296539}}
{"target": 38.97394266935376, "params": {"x0": 0.8, "x1": 0.9, "x2": 6.307122021934713e-61, "x3": 1.037816722161553e-60, "x4": 1.454751771360564, "x5": 1.2061210640558555e-60, "x6": 1.1737985065771028, "x7": 4.652625255209876, "x8": 0.9172451529711619, "x9": 2.475332771198038}, "datetime": {"datetime": "2025-05-13 21:42:06", "elapsed": 29004.637833, "delta": 62.276634}}
{"target": 38.97394266935376, "params": {"x0": 0.8, "x1": 0.9, "x2": 3.2928667703290247e-62, "x3": 7.752031897561306e-61, "x4": 1.454751771360564, "x5": 1.4889392720762285e-60, "x6": 1.1737985065771028, "x7": 4.652625255209876, "x8": 0.9172451529711619, "x9": 2.475332771198038}, "datetime": {"datetime": "2025-05-13 21:42:49", "elapsed": 29047.147051, "delta": 42.509218}}
{"target": 38.97394266935376, "params": {"x0": 0.8, "x1": 0.9, "x2": 1.0402381250796369e-61, "x3": 8.793203751593522e-61, "x4": 1.454751771360564, "x5": 5.782117790430153e-61, "x6": 1.1737985065771028, "x7": 4.652625255209876, "x8": 0.9172451529711619, "x9": 2.475332771198038}, "datetime": {"datetime": "2025-05-13 21:43:34", "elapsed": 29092.141099, "delta": 44.994048}}
{"target": 38.97394266935376, "params": {"x0": 0.8, "x1": 0.9, "x2": 3.54450703185666e-61, "x3": 8.760467451000386e-61, "x4": 1.454751771360564, "x5": 2.5379461431958064e-61, "x6": 1.1737985065771028, "x7": 4.652625255209876, "x8": 0.9172451529711619, "x9": 2.475332771198038}, "datetime": {"datetime": "2025-05-13 21:44:18", "elapsed": 29136.955761, "delta": 44.814662}}
