{"target": 31.326306650795424, "params": {"x0": 0.8, "x1": 0.9, "x2": 0.0, "x3": 0.0, "x4": 1.4771412712405338, "x5": 0.0, "x6": 1.2115450120035953, "x7": 10.626688455307457, "x8": 0.9506615713427328, "x9": 2.459837584954453}, "datetime": {"datetime": "2025-05-13 13:55:18", "elapsed": 996.045736, "delta": 7.661156}}
{"target": 31.535919562205393, "params": {"x0": 0.8, "x1": 0.9, "x2": 0.0, "x3": 0.0, "x4": 1.4797202664910458, "x5": 0.0, "x6": 1.2108000116454152, "x7": 10.526002405487334, "x8": 0.9454078468186015, "x9": 2.458232525218257}, "datetime": {"datetime": "2025-05-13 13:55:25", "elapsed": 1003.659832, "delta": 7.614096}}
{"target": 31.744486473278133, "params": {"x0": 0.8, "x1": 0.9, "x2": 0.0, "x3": 0.0, "x4": 1.4779149698156875, "x5": 0.0, "x6": 1.210055011287235, "x7": 10.425316355667212, "x8": 0.9417302396517095, "x9": 2.4593560670335943}, "datetime": {"datetime": "2025-05-13 13:55:33", "elapsed": 1011.186295, "delta": 7.526463}}
{"target": 31.949701770489177, "params": {"x0": 0.8, "x1": 0.9, "x2": 0.0, "x3": 0.0, "x4": 1.4766512621429366, "x5": 0.0, "x6": 1.2093100109290549, "x7": 10.324630305847089, "x8": 0.9380526324848176, "x9": 2.4601425463043305}, "datetime": {"datetime": "2025-05-13 13:55:40", "elapsed": 1018.831707, "delta": 7.645412}}
{"target": 32.15491810186595, "params": {"x0": 0.8, "x1": 0.9, "x2": 0.0, "x3": 0.0, "x4": 1.4753875544701858, "x5": 0.0, "x6": 1.2085650105708747, "x7": 10.223944256026966, "x8": 0.9417302396517095, "x9": 2.4609290255750667}, "datetime": {"datetime": "2025-05-13 13:55:48", "elapsed": 1026.580948, "delta": 7.749241}}
{"target": 32.35935524230831, "params": {"x0": 0.8, "x1": 0.9, "x2": 0.0, "x3": 0.0, "x4": 1.474123846797435, "x5": 0.0, "x6": 1.2078200102126946, "x7": 10.123258206206843, "x8": 0.9443045646685339, "x9": 2.461715504845803}, "datetime": {"datetime": "2025-05-13 13:55:56", "elapsed": 1034.240349, "delta": 7.659401}}
{"target": 32.56264661500862, "params": {"x0": 0.8, "x1": 0.9, "x2": 0.0, "x3": 0.0, "x4": 1.472860139124684, "x5": 0.0, "x6": 1.2070750098545144, "x7": 10.02257215638672, "x8": 0.9417302396517095, "x9": 2.462501984116539}, "datetime": {"datetime": "2025-05-13 13:56:03", "elapsed": 1041.89814, "delta": 7.657791}}
{"target": 32.764985257946776, "params": {"x0": 0.8, "x1": 0.9, "x2": 0.0, "x3": 0.0, "x4": 1.4715964314519332, "x5": 0.0, "x6": 1.2063300094963343, "x7": 9.921886106566598, "x8": 0.9399282121399325, "x9": 2.461715504845803}, "datetime": {"datetime": "2025-05-13 13:56:11", "elapsed": 1049.480739, "delta": 7.582599}}
{"target": 32.965717317811965, "params": {"x0": 0.8, "x1": 0.9, "x2": 0.0, "x3": 0.0, "x4": 1.4703327237791823, "x5": 0.0, "x6": 1.2055850091381541, "x7": 9.821200056746475, "x8": 0.9381261846281554, "x9": 2.4622660403353183}, "datetime": {"datetime": "2025-05-13 13:56:18", "elapsed": 1056.994974, "delta": 7.514235}}
{"target": 33.167206172693675, "params": {"x0": 0.8, "x1": 0.9, "x2": 0.0, "x3": 0.0, "x4": 1.4690690161064315, "x5": 0.0, "x6": 1.204840008779974, "x7": 9.720514006926352, "x8": 0.9399282121399325, "x9": 2.462651415177979}, "datetime": {"datetime": "2025-05-13 13:56:26", "elapsed": 1064.76375, "delta": 7.768776}}
{"target": 33.38435072296598, "params": {"x0": 0.8, "x1": 0.9, "x2": 0.0, "x3": 0.0, "x4": 1.4678053084336806, "x5": 0.0, "x6": 1.2040950084217938, "x7": 9.61982795710623, "x8": 0.9386667928816885, "x9": 2.4630367900206394}, "datetime": {"datetime": "2025-05-13 13:56:34", "elapsed": 1072.323624, "delta": 7.559874}}
{"target": 33.580067483896926, "params": {"x0": 0.8, "x1": 0.9, "x2": 0.0, "x3": 0.0, "x4": 1.4665416007609298, "x5": 0.0, "x6": 1.2033500080636137, "x7": 9.519141907286107, "x8": 0.9377837994009178, "x9": 2.4634221648633}, "datetime": {"datetime": "2025-05-13 13:56:41", "elapsed": 1079.969496, "delta": 7.645872}}
{"target": 33.77408059109768, "params": {"x0": 0.8, "x1": 0.9, "x2": 0.0, "x3": 0.0, "x4": 1.465277893088179, "x5": 0.0, "x6": 1.2026050077054335, "x7": 9.418455857465984, "x8": 0.9369008059201471, "x9": 2.4638075397059604}, "datetime": {"datetime": "2025-05-13 13:56:49", "elapsed": 1087.683199, "delta": 7.713703}}
{"target": 33.96629505734057, "params": {"x0": 0.8, "x1": 0.9, "x2": 0.0, "x3": 0.0, "x4": 1.464014185415428, "x5": 0.0, "x6": 1.2018600073472534, "x7": 9.317769807645861, "x8": 0.9360178124393764, "x9": 2.464192914548621}, "datetime": {"datetime": "2025-05-13 13:56:57", "elapsed": 1095.503232, "delta": 7.820033}}
{"target": 34.156617876326884, "params": {"x0": 0.8, "x1": 0.9, "x2": 0.0, "x3": 0.0, "x4": 1.4627504777426772, "x5": 0.0, "x6": 1.2011150069890733, "x7": 9.217083757825739, "x8": 0.9351348189586057, "x9": 2.4645782893912815}, "datetime": {"datetime": "2025-05-13 13:57:05", "elapsed": 1103.129275, "delta": 7.626043}}
{"target": 34.34495191786175, "params": {"x0": 0.8, "x1": 0.9, "x2": 0.0, "x3": 0.0, "x4": 1.4614867700699263, "x5": 0.0, "x6": 1.200370006630893, "x7": 9.116397708005616, "x8": 0.934251825477835, "x9": 2.464963664233942}, "datetime": {"datetime": "2025-05-13 13:57:12", "elapsed": 1110.883526, "delta": 7.754251}}
{"target": 34.506000374999296, "params": {"x0": 0.8, "x1": 0.9, "x2": 0.0, "x3": 0.0, "x4": 1.4602230623971755, "x5": 0.0, "x6": 1.199625006272713, "x7": 9.015711658185493, "x8": 0.9333688319970643, "x9": 2.4653490390766026}, "datetime": {"datetime": "2025-05-13 13:57:20", "elapsed": 1118.639559, "delta": 7.756033}}
{"target": 34.687220301918195, "params": {"x0": 0.8, "x1": 0.9, "x2": 0.0, "x3": 0.0, "x4": 1.4589593547244246, "x5": 0.0, "x6": 1.1988800059145328, "x7": 8.91502560836537, "x8": 0.9324858385162936, "x9": 2.465734413919263}, "datetime": {"datetime": "2025-05-13 13:57:28", "elapsed": 1126.197813, "delta": 7.558254}}
{"target": 34.866944254530175, "params": {"x0": 0.8, "x1": 0.9, "x2": 0.0, "x3": 0.0, "x4": 1.4576956470516738, "x5": 0.0, "x6": 1.1981350055563527, "x7": 8.814339558545248, "x8": 0.9316028450355229, "x9": 2.4661197887619237}, "datetime": {"datetime": "2025-05-13 13:57:35", "elapsed": 1133.835175, "delta": 7.637362}}
{"target": 35.06758873781002, "params": {"x0": 0.8, "x1": 0.9, "x2": 0.0, "x3": 0.0, "x4": 1.4589593547244246, "x5": 0.0, "x6": 1.1973900051981725, "x7": 8.713653508725125, "x8": 0.9307198515547522, "x9": 2.4665051636045843}, "datetime": {"datetime": "2025-05-13 13:57:43", "elapsed": 1141.604343, "delta": 7.769168}}
{"target": 35.21935309696775, "params": {"x0": 0.8, "x1": 0.9, "x2": 0.0, "x3": 0.0, "x4": 1.4598439500953502, "x5": 0.0, "x6": 1.1966450048399924, "x7": 8.612967458905002, "x8": 0.9298368580739815, "x9": 2.466890538447245}, "datetime": {"datetime": "2025-05-13 13:57:51", "elapsed": 1149.289247, "delta": 7.684904}}
{"target": 35.391591919923336, "params": {"x0": 0.8, "x1": 0.9, "x2": 0.0, "x3": 0.0, "x4": 1.4589593547244246, "x5": 0.0, "x6": 1.1959000044818122, "x7": 8.51228140908488, "x8": 0.9289538645932108, "x9": 2.4672759132899054}, "datetime": {"datetime": "2025-05-13 13:57:59", "elapsed": 1157.035802, "delta": 7.746555}}
{"target": 35.56114692769082, "params": {"x0": 0.8, "x1": 0.9, "x2": 0.0, "x3": 0.0, "x4": 1.4583401379647767, "x5": 0.0, "x6": 1.195155004123632, "x7": 8.411595359264757, "x8": 0.9280708711124401, "x9": 2.467661288132566}, "datetime": {"datetime": "2025-05-13 13:58:06", "elapsed": 1164.739927, "delta": 7.704125}}
{"target": 35.727921702269654, "params": {"x0": 0.8, "x1": 0.9, "x2": 0.0, "x3": 0.0, "x4": 1.4577209212051288, "x5": 0.0, "x6": 1.194410003765452, "x7": 8.310909309444634, "x8": 0.9271878776316694, "x9": 2.4680466629752265}, "datetime": {"datetime": "2025-05-13 13:58:14", "elapsed": 1172.643287, "delta": 7.90336}}
{"target": 35.891824044215284, "params": {"x0": 0.8, "x1": 0.9, "x2": 0.0, "x3": 0.0, "x4": 1.4583401379647767, "x5": 0.0, "x6": 1.1936650034072718, "x7": 8.210223259624511, "x8": 0.9263048841508987, "x9": 2.468432037817887}, "datetime": {"datetime": "2025-05-13 13:58:22", "elapsed": 1180.258275, "delta": 7.614988}}
{"target": 36.06868602391253, "params": {"x0": 0.8, "x1": 0.9, "x2": 0.0, "x3": 0.0, "x4": 1.4587735896965301, "x5": 0.0, "x6": 1.1929200030490916, "x7": 8.109537209804389, "x8": 0.925421890670128, "x9": 2.4688174126605476}, "datetime": {"datetime": "2025-05-13 13:58:29", "elapsed": 1187.940812, "delta": 7.682537}}
{"target": 36.226251186153355, "params": {"x0": 0.8, "x1": 0.9, "x2": 0.0, "x3": 0.0, "x4": 1.4583401379647767, "x5": 0.0, "x6": 1.1921750026909115, "x7": 8.008851159984266, "x8": 0.9245388971893573, "x9": 2.469202787503208}, "datetime": {"datetime": "2025-05-13 13:58:37", "elapsed": 1195.596248, "delta": 7.655436}}
{"target": 36.3806549693569, "params": {"x0": 0.8, "x1": 0.9, "x2": 0.0, "x3": 0.0, "x4": 1.4580367217525492, "x5": 0.0, "x6": 1.1914300023327313, "x7": 7.908165110164143, "x8": 0.9236559037085866, "x9": 2.4695881623458686}, "datetime": {"datetime": "2025-05-13 13:58:45", "elapsed": 1203.341502, "delta": 7.745254}}
{"target": 36.53180917656306, "params": {"x0": 0.8, "x1": 0.9, "x2": 0.0, "x3": 0.0, "x4": 1.4577333055403217, "x5": 0.0, "x6": 1.1906850019745512, "x7": 7.80747906034402, "x8": 0.9227729102278159, "x9": 2.469973537188529}, "datetime": {"datetime": "2025-05-13 13:58:53", "elapsed": 1211.144585, "delta": 7.803083}}
{"target": 36.625333198844444, "params": {"x0": 0.8, "x1": 0.9, "x2": 0.0, "x3": 0.0, "x4": 1.4580367217525492, "x5": 0.0, "x6": 1.189940001616371, "x7": 7.7067930105238975, "x8": 0.9218899167470452, "x9": 2.4703589120311897}, "datetime": {"datetime": "2025-05-13 13:59:00", "elapsed": 1218.857645, "delta": 7.71306}}
{"target": 36.76765964683587, "params": {"x0": 0.8, "x1": 0.9, "x2": 0.0, "x3": 0.0, "x4": 1.45782433040399, "x5": 0.0, "x6": 1.1891950012581909, "x7": 7.606106960703775, "x8": 0.9210069232662745, "x9": 2.4707442868738503}, "datetime": {"datetime": "2025-05-13 13:59:08", "elapsed": 1226.577143, "delta": 7.719498}}
{"target": 36.90645496596442, "params": {"x0": 0.8, "x1": 0.9, "x2": 0.0, "x3": 0.0, "x4": 1.4576756564599984, "x5": 0.0, "x6": 1.1884500009000107, "x7": 7.505420910883652, "x8": 0.9201239297855038, "x9": 2.471129661716511}, "datetime": {"datetime": "2025-05-13 13:59:16", "elapsed": 1234.384523, "delta": 7.80738}}
{"target": 37.04188176443027, "params": {"x0": 0.8, "x1": 0.9, "x2": 0.0, "x3": 0.0, "x4": 1.4575269825160069, "x5": 0.0, "x6": 1.1877050005418306, "x7": 7.404734861063529, "x8": 0.9192409363047331, "x9": 2.4715150365591714}, "datetime": {"datetime": "2025-05-13 13:59:23", "elapsed": 1241.939894, "delta": 7.555371}}
{"target": 37.17327683592029, "params": {"x0": 0.8, "x1": 0.9, "x2": 0.0, "x3": 0.0, "x4": 1.4573783085720153, "x5": 0.0, "x6": 1.1869600001836504, "x7": 7.3040488112434065, "x8": 0.9201239297855038, "x9": 2.471900411401832}, "datetime": {"datetime": "2025-05-13 13:59:31", "elapsed": 1249.65203, "delta": 7.712136}}
{"target": 37.30128627302046, "params": {"x0": 0.8, "x1": 0.9, "x2": 0.0, "x3": 0.0, "x4": 1.4572296346280238, "x5": 0.0, "x6": 1.1862149998254703, "x7": 7.203362761423284, "x8": 0.9195058343489644, "x9": 2.4722857862444925}, "datetime": {"datetime": "2025-05-13 13:59:39", "elapsed": 1257.481363, "delta": 7.829333}}
{"target": 37.43910040703112, "params": {"x0": 0.8, "x1": 0.9, "x2": 0.0, "x3": 0.0, "x4": 1.4570809606840323, "x5": 0.0, "x6": 1.1854699994672901, "x7": 7.102676711603161, "x8": 0.9190731675433867, "x9": 2.472671161087153}, "datetime": {"datetime": "2025-05-13 13:59:47", "elapsed": 1265.215803, "delta": 7.73444}}
{"target": 37.545297585153996, "params": {"x0": 0.8, "x1": 0.9, "x2": 0.0, "x3": 0.0, "x4": 1.4569322867400407, "x5": 0.0, "x6": 1.18472499910911, "x7": 7.001990661783038, "x8": 0.9186405007378091, "x9": 2.4730565359298136}, "datetime": {"datetime": "2025-05-13 13:59:54", "elapsed": 1272.958334, "delta": 7.742531}}
{"target": 37.6613291095025, "params": {"x0": 0.8, "x1": 0.9, "x2": 0.0, "x3": 0.0, "x4": 1.4567836127960492, "x5": 0.0, "x6": 1.1839799987509299, "x7": 6.901304611962916, "x8": 0.9182078339322315, "x9": 2.472671161087153}, "datetime": {"datetime": "2025-05-13 14:00:02", "elapsed": 1280.767331, "delta": 7.808997}}
{"target": 37.77328950185923, "params": {"x0": 0.8, "x1": 0.9, "x2": 0.0, "x3": 0.0, "x4": 1.4566349388520576, "x5": 0.0, "x6": 1.1832349983927497, "x7": 6.800618562142793, "x8": 0.9177751671266539, "x9": 2.472940923477015}, "datetime": {"datetime": "2025-05-13 14:00:10", "elapsed": 1288.50147, "delta": 7.734139}}
{"target": 37.891671392457276, "params": {"x0": 0.8, "x1": 0.9, "x2": 0.0, "x3": 0.0, "x4": 1.456486264908066, "x5": 0.0, "x6": 1.1824899980345696, "x7": 6.69993251232267, "x8": 0.9173425003210762, "x9": 2.473129757149919}, "datetime": {"datetime": "2025-05-13 14:00:18", "elapsed": 1296.319771, "delta": 7.818301}}
{"target": 37.99487294802687, "params": {"x0": 0.8, "x1": 0.9, "x2": 0.0, "x3": 0.0, "x4": 1.4563375909640746, "x5": 0.0, "x6": 1.1817449976763894, "x7": 6.599246462502547, "x8": 0.9177751671266539, "x9": 2.4733185908228226}, "datetime": {"datetime": "2025-05-13 14:00:26", "elapsed": 1304.124533, "delta": 7.804762}}
{"target": 38.09379223615739, "params": {"x0": 0.8, "x1": 0.9, "x2": 0.0, "x3": 0.0, "x4": 1.456188917020083, "x5": 0.0, "x6": 1.1809999973182093, "x7": 6.498560412682425, "x8": 0.9174723003627495, "x9": 2.4735074244957262}, "datetime": {"datetime": "2025-05-13 14:00:33", "elapsed": 1311.900546, "delta": 7.776013}}
{"target": 38.18836952299837, "params": {"x0": 0.8, "x1": 0.9, "x2": 0.0, "x3": 0.0, "x4": 1.4560402430760915, "x5": 0.0, "x6": 1.1802549969600291, "x7": 6.397874362862302, "x8": 0.9172602936280164, "x9": 2.47369625816863}, "datetime": {"datetime": "2025-05-13 14:00:41", "elapsed": 1319.641257, "delta": 7.740711}}
{"target": 38.19100619647664, "params": {"x0": 0.8, "x1": 0.9, "x2": 0.0, "x3": 0.0, "x4": 1.4558915691321, "x5": 0.0, "x6": 1.179509996601849, "x7": 6.297188313042179, "x8": 0.9170482868932833, "x9": 2.4738850918415336}, "datetime": {"datetime": "2025-05-13 14:00:49", "elapsed": 1327.25475, "delta": 7.613493}}
{"target": 38.27456299484997, "params": {"x0": 0.8, "x1": 0.9, "x2": 0.0, "x3": 0.0, "x4": 1.4557428951881084, "x5": 0.0, "x6": 1.1787649962436688, "x7": 6.196502263222056, "x8": 0.9168362801585502, "x9": 2.4740739255144373}, "datetime": {"datetime": "2025-05-13 14:00:57", "elapsed": 1335.047312, "delta": 7.792562}}
{"target": 38.35362835208999, "params": {"x0": 0.8, "x1": 0.9, "x2": 0.0, "x3": 0.0, "x4": 1.4555942212441169, "x5": 0.0, "x6": 1.1780199958854887, "x7": 6.095816213401934, "x8": 0.9170482868932833, "x9": 2.474262759187341}, "datetime": {"datetime": "2025-05-13 14:01:04", "elapsed": 1342.675425, "delta": 7.628113}}
{"target": 38.42814929819423, "params": {"x0": 0.8, "x1": 0.9, "x2": 0.0, "x3": 0.0, "x4": 1.4554455473001253, "x5": 0.0, "x6": 1.1772749955273085, "x7": 5.995130163581811, "x8": 0.9171966916075964, "x9": 2.4744515928602446}, "datetime": {"datetime": "2025-05-13 14:01:12", "elapsed": 1350.548572, "delta": 7.873147}}
{"target": 38.49807806607886, "params": {"x0": 0.8, "x1": 0.9, "x2": 0.0, "x3": 0.0, "x4": 1.4552968733561338, "x5": 0.0, "x6": 1.1765299951691284, "x7": 5.894444113761688, "x8": 0.9173450963219095, "x9": 2.4746404265331483}, "datetime": {"datetime": "2025-05-13 14:01:20", "elapsed": 1358.275571, "delta": 7.726999}}
{"target": 38.59899725191405, "params": {"x0": 0.8, "x1": 0.9, "x2": 0.0, "x3": 0.0, "x4": 1.4551481994121422, "x5": 0.0, "x6": 1.1757849948109482, "x7": 5.793758063941565, "x8": 0.9171966916075964, "x9": 2.474829260206052}, "datetime": {"datetime": "2025-05-13 14:01:28", "elapsed": 1366.080962, "delta": 7.805391}}
{"target": 38.624054099698625, "params": {"x0": 0.8, "x1": 0.9, "x2": 0.0, "x3": 0.0, "x4": 1.4549995254681507, "x5": 0.0, "x6": 1.175039994452768, "x7": 5.693072014121443, "x8": 0.9170928083075772, "x9": 2.4750180938789557}, "datetime": {"datetime": "2025-05-13 14:01:35", "elapsed": 1373.866812, "delta": 7.78585}}
{"target": 38.65331075275349, "params": {"x0": 0.8, "x1": 0.9, "x2": 0.0, "x3": 0.0, "x4": 1.4548508515241592, "x5": 0.0, "x6": 1.174294994094588, "x7": 5.59238596430132, "x8": 0.9171966916075964, "x9": 2.4752069275518593}, "datetime": {"datetime": "2025-05-13 14:01:43", "elapsed": 1381.643227, "delta": 7.776415}}
{"target": 38.73123203767907, "params": {"x0": 0.8, "x1": 0.9, "x2": 0.0, "x3": 0.0, "x4": 1.4547021775801676, "x5": 0.0, "x6": 1.1735499937364078, "x7": 5.491699914481197, "x8": 0.9172694099176099, "x9": 2.475395761224763}, "datetime": {"datetime": "2025-05-13 14:01:51", "elapsed": 1389.826405, "delta": 8.183178}}
{"target": 38.777714325988136, "params": {"x0": 0.8, "x1": 0.9, "x2": 0.0, "x3": 0.0, "x4": 1.454553503636176, "x5": 0.0, "x6": 1.1728049933782276, "x7": 5.391013864661074, "x8": 0.9173421282276233, "x9": 2.4755845948976667}, "datetime": {"datetime": "2025-05-13 14:01:59", "elapsed": 1397.520176, "delta": 7.693771}}
{"target": 38.81944254907329, "params": {"x0": 0.8, "x1": 0.9, "x2": 0.0, "x3": 0.0, "x4": 1.4544048296921845, "x5": 0.0, "x6": 1.1720599930200475, "x7": 5.290327814840952, "x8": 0.9174148465376367, "x9": 2.4757734285705704}, "datetime": {"datetime": "2025-05-13 14:02:07", "elapsed": 1405.482783, "delta": 7.962607}}
{"target": 38.85978604591448, "params": {"x0": 0.8, "x1": 0.9, "x2": 0.0, "x3": 0.0, "x4": 1.454256155748193, "x5": 0.0, "x6": 1.1713149926618673, "x7": 5.189641765020829, "x8": 0.9174875648476501, "x9": 2.475962262243474}, "datetime": {"datetime": "2025-05-13 14:02:15", "elapsed": 1413.225095, "delta": 7.742312}}
{"target": 38.89143355534996, "params": {"x0": 0.8, "x1": 0.9, "x2": 0.0, "x3": 0.0, "x4": 1.4541074818042015, "x5": 0.0, "x6": 1.1705699923036872, "x7": 5.088955715200706, "x8": 0.9175602831576636, "x9": 2.4761510959163777}, "datetime": {"datetime": "2025-05-13 14:02:23", "elapsed": 1421.09283, "delta": 7.867735}}
{"target": 38.79945147318216, "params": {"x0": 0.8, "x1": 0.9, "x2": 0.0, "x3": 0.0, "x4": 1.45395880786021, "x5": 0.0, "x6": 1.169824991945507, "x7": 4.988269665380583, "x8": 0.917633001467677, "x9": 2.4763399295892814}, "datetime": {"datetime": "2025-05-13 14:02:30", "elapsed": 1428.972851, "delta": 7.880021}}
{"target": 38.76046451481845, "params": {"x0": 0.8, "x1": 0.9, "x2": 0.0, "x3": 0.0, "x4": 1.453973675254609, "x5": 0.0, "x6": 1.169899491981325, "x7": 5.139027570264918, "x8": 0.9176257296366757, "x9": 2.476321046221991}, "datetime": {"datetime": "2025-05-13 14:02:39", "elapsed": 1437.266919, "delta": 8.294068}}
{"target": 38.89143355534996, "params": {"x0": 0.8, "x1": 0.9, "x2": 0.0, "x3": 0.0, "x4": 1.4542279076988347, "x5": 0.0, "x6": 1.1711734425938132, "x7": 5.08486704766491, "x8": 0.9175013813265527, "x9": 2.475998140641326}, "datetime": {"datetime": "2025-05-13 14:02:47", "elapsed": 1445.663059, "delta": 8.39614}}
{"target": 38.91072330798907, "params": {"x0": 0.8, "x1": 0.9, "x2": 0.0, "x3": 0.0, "x4": 1.4542158651093713, "x5": 0.0, "x6": 1.1711130975648005, "x7": 5.015555584881836, "x8": 0.9175072715096638, "x9": 2.476013436168831}, "datetime": {"datetime": "2025-05-13 14:02:55", "elapsed": 1453.43046, "delta": 7.767401}}
{"target": 38.92536232182935, "params": {"x0": 0.8, "x1": 0.9, "x2": 0.0, "x3": 0.0, "x4": 1.4543079909187657, "x5": 0.0, "x6": 1.1715747370367469, "x7": 4.953165474110797, "x8": 0.917462211608864, "x9": 2.475896425383416}, "datetime": {"datetime": "2025-05-13 14:03:03", "elapsed": 1461.554425, "delta": 8.123965}}
{"target": 38.925334060925266, "params": {"x0": 0.8, "x1": 0.9, "x2": 0.0, "x3": 0.0, "x4": 1.4544001167281602, "x5": 0.0, "x6": 1.1720363765086932, "x7": 4.890775363339758, "x8": 0.9174171517080641, "x9": 2.4757794145980014}, "datetime": {"datetime": "2025-05-13 14:03:11", "elapsed": 1469.380295, "delta": 7.82587}}
{"target": 38.925334060925266, "params": {"x0": 0.8, "x1": 0.9, "x2": 0.0, "x3": 0.0, "x4": 1.4543909041472207, "x5": 0.0, "x6": 1.1719902125614985, "x7": 4.8970143744168615, "x8": 0.9174216576981441, "x9": 2.475791115676543}, "datetime": {"datetime": "2025-05-13 14:03:19", "elapsed": 1477.393216, "delta": 8.012921}}
{"target": 38.93623984480714, "params": {"x0": 0.8, "x1": 0.9, "x2": 0.0, "x3": 0.0, "x4": 1.454382612824375, "x5": 0.0, "x6": 1.1719486650090234, "x7": 4.902629484386256, "x8": 0.9174257130892162, "x9": 2.47580164664723}, "datetime": {"datetime": "2025-05-13 14:03:31", "elapsed": 1489.371872, "delta": 11.978656}}
{"target": 38.945909151038855, "params": {"x0": 0.8, "x1": 0.9, "x2": 0.0, "x3": 0.0, "x4": 1.4544460414441431, "x5": 0.0, "x6": 1.1722665037854585, "x7": 4.859673893120395, "x8": 0.9173946893475154, "x9": 2.475721084721472}, "datetime": {"datetime": "2025-05-13 14:03:43", "elapsed": 1501.997752, "delta": 12.62588}}
{"target": 38.95276808895616, "params": {"x0": 0.8, "x1": 0.9, "x2": 0.0, "x3": 0.0, "x4": 1.4545094700639112, "x5": 0.0, "x6": 1.1725843425618936, "x7": 4.816718301854535, "x8": 0.9173636656058147, "x9": 2.475640522795714}, "datetime": {"datetime": "2025-05-13 14:03:51", "elapsed": 1509.761583, "delta": 7.763831}}
{"target": 38.95887759047115, "params": {"x0": 0.8, "x1": 0.9, "x2": 0.0, "x3": 0.0, "x4": 1.4545728986836792, "x5": 0.0, "x6": 1.1729021813383287, "x7": 4.773762710588675, "x8": 0.917332641864114, "x9": 2.475559960869956}, "datetime": {"datetime": "2025-05-13 14:03:59", "elapsed": 1517.618478, "delta": 7.856895}}
{"target": 38.96420249120907, "params": {"x0": 0.8, "x1": 0.9, "x2": 0.0, "x3": 0.0, "x4": 1.4546363273034473, "x5": 0.0, "x6": 1.1732200201147638, "x7": 4.730807119322814, "x8": 0.9173016181224133, "x9": 2.475479398944198}, "datetime": {"datetime": "2025-05-13 14:04:07", "elapsed": 1525.467597, "delta": 7.849119}}
{"target": 38.9697679721849, "params": {"x0": 0.8, "x1": 0.9, "x2": 0.0, "x3": 0.0, "x4": 1.4546997559232153, "x5": 0.0, "x6": 1.1735378588911989, "x7": 4.687851528056954, "x8": 0.9172705943807126, "x9": 2.47539883701844}, "datetime": {"datetime": "2025-05-13 14:04:15", "elapsed": 1533.363488, "delta": 7.895891}}
