{"target": 38.97394266935376, "params": {"x0": 0.8, "x1": 0.9, "x2": 3.814649149003032e-80, "x3": 9.457796902549268e-80, "x4": 1.454751771360564, "x5": 1.6843633050999644e-79, "x6": 1.1737985065771028, "x7": 4.652625255209876, "x8": 0.9172451529711619, "x9": 2.475332771198038}, "datetime": {"datetime": "2025-05-14 05:14:59", "elapsed": 56177.946802, "delta": 75.555979}}
{"target": 38.97394266935376, "params": {"x0": 0.8, "x1": 0.9, "x2": 2.28167825395915e-80, "x3": 9.835830190376152e-80, "x4": 1.454751771360564, "x5": 9.917512561732698e-80, "x6": 1.1737985065771028, "x7": 4.652625255209876, "x8": 0.9172451529711619, "x9": 2.475332771198038}, "datetime": {"datetime": "2025-05-14 05:16:16", "elapsed": 56254.216592, "delta": 76.26979}}
{"target": 38.97394266935376, "params": {"x0": 0.8, "x1": 0.9, "x2": 3.5563133970480026e-80, "x3": 2.3403004404212857e-80, "x4": 1.454751771360564, "x5": 1.1384556204527412e-79, "x6": 1.1737985065771028, "x7": 4.652625255209876, "x8": 0.9172451529711619, "x9": 2.475332771198038}, "datetime": {"datetime": "2025-05-14 05:17:17", "elapsed": 56315.374982, "delta": 61.15839}}
{"target": 38.97394266935376, "params": {"x0": 0.8, "x1": 0.9, "x2": 2.0487300734508433e-80, "x3": 5.972836934181979e-80, "x4": 1.454751771360564, "x5": 2.886014603942456e-80, "x6": 1.1737985065771028, "x7": 4.652625255209876, "x8": 0.9172451529711619, "x9": 2.475332771198038}, "datetime": {"datetime": "2025-05-14 05:18:31", "elapsed": 56389.200865, "delta": 73.825883}}
{"target": 38.97394266935376, "params": {"x0": 0.8, "x1": 0.9, "x2": 3.2632368053482442e-80, "x3": 1.5585100523670605e-80, "x4": 1.454751771360564, "x5": 1.0525592116891866e-79, "x6": 1.1737985065771028, "x7": 4.652625255209876, "x8": 0.9172451529711619, "x9": 2.475332771198038}, "datetime": {"datetime": "2025-05-14 05:20:00", "elapsed": 56478.325694, "delta": 89.124829}}
{"target": 38.97394266935376, "params": {"x0": 0.8, "x1": 0.9, "x2": 1.3461131442202285e-80, "x3": 4.976275240985356e-80, "x4": 1.454751771360564, "x5": 1.2122017796682752e-80, "x6": 1.1737985065771028, "x7": 4.652625255209876, "x8": 0.9172451529711619, "x9": 2.475332771198038}, "datetime": {"datetime": "2025-05-14 05:21:27", "elapsed": 56565.422929, "delta": 87.097235}}
{"target": 38.97394266935376, "params": {"x0": 0.8, "x1": 0.9, "x2": 3.378384062672758e-80, "x3": 4.180833909896363e-80, "x4": 1.454751771360564, "x5": 5.780618573779016e-80, "x6": 1.1737985065771028, "x7": 4.652625255209876, "x8": 0.9172451529711619, "x9": 2.475332771198038}, "datetime": {"datetime": "2025-05-14 05:22:55", "elapsed": 56653.171665, "delta": 87.748736}}
{"target": 38.97394266935376, "params": {"x0": 0.8, "x1": 0.9, "x2": 4.781883210643626e-81, "x3": 5.586358095998236e-80, "x4": 1.454751771360564, "x5": 4.9973854268650164e-80, "x6": 1.1737985065771028, "x7": 4.652625255209876, "x8": 0.9172451529711619, "x9": 2.475332771198038}, "datetime": {"datetime": "2025-05-14 05:24:04", "elapsed": 56722.456626, "delta": 69.284961}}
{"target": 38.97394266935376, "params": {"x0": 0.8, "x1": 0.9, "x2": 1.4907438510036602e-81, "x3": 3.655669131483488e-80, "x4": 1.454751771360564, "x5": 6.831235672258526e-80, "x6": 1.1737985065771028, "x7": 4.652625255209876, "x8": 0.9172451529711619, "x9": 2.475332771198038}, "datetime": {"datetime": "2025-05-14 05:25:24", "elapsed": 56802.763951, "delta": 80.307325}}
{"target": 38.97394266935376, "params": {"x0": 0.8, "x1": 0.9, "x2": 1.8611194253746764e-80, "x3": 2.559374412902817e-80, "x4": 1.454751771360564, "x5": 1.1623712041970868e-80, "x6": 1.1737985065771028, "x7": 4.652625255209876, "x8": 0.9172451529711619, "x9": 2.475332771198038}, "datetime": {"datetime": "2025-05-14 05:27:10", "elapsed": 56908.738716, "delta": 105.974765}}
{"target": 38.97394266935376, "params": {"x0": 0.8, "x1": 0.9, "x2": 1.5234911555242701e-80, "x3": 3.1662647032203476e-80, "x4": 1.454751771360564, "x5": 4.548188240955103e-80, "x6": 1.1737985065771028, "x7": 4.652625255209876, "x8": 0.9172451529711619, "x9": 2.475332771198038}, "datetime": {"datetime": "2025-05-14 05:28:33", "elapsed": 56991.0818, "delta": 82.343084}}
{"target": 38.97394266935376, "params": {"x0": 0.8, "x1": 0.9, "x2": 2.986278763915811e-80, "x3": 7.079079222013996e-81, "x4": 1.454751771360564, "x5": 1.0928192167916788e-80, "x6": 1.1737985065771028, "x7": 4.652625255209876, "x8": 0.9172451529711619, "x9": 2.475332771198038}, "datetime": {"datetime": "2025-05-14 05:30:02", "elapsed": 57080.167256, "delta": 89.085456}}
{"target": 38.97394266935376, "params": {"x0": 0.8, "x1": 0.9, "x2": 4.007166151494664e-81, "x3": 4.0563042411299835e-81, "x4": 1.454751771360564, "x5": 2.844129479965019e-80, "x6": 1.1737985065771028, "x7": 4.652625255209876, "x8": 0.9172451529711619, "x9": 2.475332771198038}, "datetime": {"datetime": "2025-05-14 05:31:47", "elapsed": 57185.548644, "delta": 105.381388}}
{"target": 38.97394266935376, "params": {"x0": 0.8, "x1": 0.9, "x2": 1.5477363429008506e-80, "x3": 3.2052316221209885e-80, "x4": 1.454751771360564, "x5": 3.0920316123427988e-80, "x6": 1.1737985065771028, "x7": 4.652625255209876, "x8": 0.9172451529711619, "x9": 2.475332771198038}, "datetime": {"datetime": "2025-05-14 05:33:04", "elapsed": 57262.325009, "delta": 76.776365}}
{"target": 38.97394266935376, "params": {"x0": 0.8, "x1": 0.9, "x2": 6.630964001066615e-81, "x3": 2.9242108752973263e-81, "x4": 1.454751771360564, "x5": 5.065701419376022e-81, "x6": 1.1737985065771028, "x7": 4.652625255209876, "x8": 0.9172451529711619, "x9": 2.475332771198038}, "datetime": {"datetime": "2025-05-14 05:34:20", "elapsed": 57338.373372, "delta": 76.048363}}
{"target": 38.97394266935376, "params": {"x0": 0.8, "x1": 0.9, "x2": 1.9887736063985613e-80, "x3": 3.89184705766961e-81, "x4": 1.454751771360564, "x5": 7.264386415934878e-81, "x6": 1.1737985065771028, "x7": 4.652625255209876, "x8": 0.9172451529711619, "x9": 2.475332771198038}, "datetime": {"datetime": "2025-05-14 05:36:03", "elapsed": 57441.706413, "delta": 103.333041}}
{"target": 38.97394266935376, "params": {"x0": 0.8, "x1": 0.9, "x2": 1.2660504876003022e-80, "x3": 5.8570824297516e-81, "x4": 1.454751771360564, "x5": 1.6237780426421274e-80, "x6": 1.1737985065771028, "x7": 4.652625255209876, "x8": 0.9172451529711619, "x9": 2.475332771198038}, "datetime": {"datetime": "2025-05-14 05:37:26", "elapsed": 57524.64861, "delta": 82.942197}}
{"target": 38.97394266935376, "params": {"x0": 0.8, "x1": 0.9, "x2": 7.176358363991891e-81, "x3": 2.0346374001861506e-80, "x4": 1.454751771360564, "x5": 1.987516372300934e-80, "x6": 1.1737985065771028, "x7": 4.652625255209876, "x8": 0.9172451529711619, "x9": 2.475332771198038}, "datetime": {"datetime": "2025-05-14 05:39:24", "elapsed": 57642.23961, "delta": 117.591}}
{"target": 38.97394266935376, "params": {"x0": 0.8, "x1": 0.9, "x2": 3.545465939061004e-81, "x3": 6.374607778985824e-81, "x4": 1.454751771360564, "x5": 2.0526073320044707e-80, "x6": 1.1737985065771028, "x7": 4.652625255209876, "x8": 0.9172451529711619, "x9": 2.475332771198038}, "datetime": {"datetime": "2025-05-14 05:40:40", "elapsed": 57718.713398, "delta": 76.473788}}
{"target": 38.97394266935376, "params": {"x0": 0.8, "x1": 0.9, "x2": 1.0781639034353118e-80, "x3": 1.501923276849657e-80, "x4": 1.454751771360564, "x5": 3.533211687145627e-81, "x6": 1.1737985065771028, "x7": 4.652625255209876, "x8": 0.9172451529711619, "x9": 2.475332771198038}, "datetime": {"datetime": "2025-05-14 05:42:02", "elapsed": 57800.831303, "delta": 82.117905}}
{"target": 38.97394266935376, "params": {"x0": 0.8, "x1": 0.9, "x2": 9.949903605477095e-81, "x3": 1.2564948054744599e-80, "x4": 1.454751771360564, "x5": 1.726708645992527e-80, "x6": 1.1737985065771028, "x7": 4.652625255209876, "x8": 0.9172451529711619, "x9": 2.475332771198038}, "datetime": {"datetime": "2025-05-14 05:43:19", "elapsed": 57877.986478, "delta": 77.155175}}
{"target": 38.97394266935376, "params": {"x0": 0.8, "x1": 0.9, "x2": 7.832739192333308e-82, "x3": 1.0220859870095044e-80, "x4": 1.454751771360564, "x5": 1.787738682436042e-80, "x6": 1.1737985065771028, "x7": 4.652625255209876, "x8": 0.9172451529711619, "x9": 2.475332771198038}, "datetime": {"datetime": "2025-05-14 05:44:52", "elapsed": 57970.285027, "delta": 92.298549}}
{"target": 38.97394266935376, "params": {"x0": 0.8, "x1": 0.9, "x2": 6.147033279806275e-81, "x3": 3.8375119153202705e-81, "x4": 1.454751771360564, "x5": 7.933017057715106e-81, "x6": 1.1737985065771028, "x7": 4.652625255209876, "x8": 0.9172451529711619, "x9": 2.475332771198038}, "datetime": {"datetime": "2025-05-14 05:46:29", "elapsed": 58067.273246, "delta": 96.988219}}
{"target": 38.97394266935376, "params": {"x0": 0.8, "x1": 0.9, "x2": 1.8645229638455287e-81, "x3": 4.859505879224758e-81, "x4": 1.454751771360564, "x5": 3.769550086142974e-81, "x6": 1.1737985065771028, "x7": 4.652625255209876, "x8": 0.9172451529711619, "x9": 2.475332771198038}, "datetime": {"datetime": "2025-05-14 05:47:41", "elapsed": 58139.133935, "delta": 71.860689}}
{"target": 38.97394266935376, "params": {"x0": 0.8, "x1": 0.9, "x2": 7.505113634640791e-81, "x3": 9.51283389451338e-82, "x4": 1.454751771360564, "x5": 9.931718496392668e-81, "x6": 1.1737985065771028, "x7": 4.652625255209876, "x8": 0.9172451529711619, "x9": 2.475332771198038}, "datetime": {"datetime": "2025-05-14 05:49:32", "elapsed": 58250.650729, "delta": 111.516794}}
{"target": 38.97394266935376, "params": {"x0": 0.8, "x1": 0.9, "x2": 2.6446740721072677e-81, "x3": 3.5724522678847663e-81, "x4": 1.454751771360564, "x5": 1.0994304878120866e-80, "x6": 1.1737985065771028, "x7": 4.652625255209876, "x8": 0.9172451529711619, "x9": 2.475332771198038}, "datetime": {"datetime": "2025-05-14 05:50:58", "elapsed": 58336.347954, "delta": 85.697225}}
{"target": 38.97394266935376, "params": {"x0": 0.8, "x1": 0.9, "x2": 2.823307441970094e-81, "x3": 5.585289368210785e-81, "x4": 1.454751771360564, "x5": 4.054938009421536e-82, "x6": 1.1737985065771028, "x7": 4.652625255209876, "x8": 0.9172451529711619, "x9": 2.475332771198038}, "datetime": {"datetime": "2025-05-14 05:52:14", "elapsed": 58412.170652, "delta": 75.822698}}
{"target": 38.97394266935376, "params": {"x0": 0.8, "x1": 0.9, "x2": 2.802634530034418e-81, "x3": 4.392358539866684e-81, "x4": 1.454751771360564, "x5": 3.835016784501189e-81, "x6": 1.1737985065771028, "x7": 4.652625255209876, "x8": 0.9172451529711619, "x9": 2.475332771198038}, "datetime": {"datetime": "2025-05-14 05:53:48", "elapsed": 58506.385568, "delta": 94.214916}}
{"target": 38.97394266935376, "params": {"x0": 0.8, "x1": 0.9, "x2": 4.654043021009149e-81, "x3": 3.469945513141175e-81, "x4": 1.454751771360564, "x5": 8.1173778018788e-81, "x6": 1.1737985065771028, "x7": 4.652625255209876, "x8": 0.9172451529711619, "x9": 2.475332771198038}, "datetime": {"datetime": "2025-05-14 05:55:20", "elapsed": 58598.44619, "delta": 92.060622}}
{"target": 38.97394266935376, "params": {"x0": 0.8, "x1": 0.9, "x2": 3.6374884656178675e-81, "x3": 4.493354484171779e-81, "x4": 1.454751771360564, "x5": 3.370804771788991e-81, "x6": 1.1737985065771028, "x7": 4.652625255209876, "x8": 0.9172451529711619, "x9": 2.475332771198038}, "datetime": {"datetime": "2025-05-14 05:56:09", "elapsed": 58647.972911, "delta": 49.526721}}
{"target": 38.97394266935376, "params": {"x0": 0.8, "x1": 0.9, "x2": 4.059063940610709e-81, "x3": 1.6870452260294984e-81, "x4": 1.454751771360564, "x5": 2.9210210936565925e-81, "x6": 1.1737985065771028, "x7": 4.652625255209876, "x8": 0.9172451529711619, "x9": 2.475332771198038}, "datetime": {"datetime": "2025-05-14 05:57:44", "elapsed": 58742.286275, "delta": 94.313364}}
{"target": 38.97394266935376, "params": {"x0": 0.8, "x1": 0.9, "x2": 4.943515322014984e-82, "x3": 3.5557965315911213e-81, "x4": 1.454751771360564, "x5": 2.2547782082091215e-81, "x6": 1.1737985065771028, "x7": 4.652625255209876, "x8": 0.9172451529711619, "x9": 2.475332771198038}, "datetime": {"datetime": "2025-05-14 05:58:55", "elapsed": 58813.314896, "delta": 71.028621}}
{"target": 38.97394266935376, "params": {"x0": 0.8, "x1": 0.9, "x2": 2.8995084621607436e-81, "x3": 3.2376552954151974e-81, "x4": 1.454751771360564, "x5": 3.2909973370697053e-81, "x6": 1.1737985065771028, "x7": 4.652625255209876, "x8": 0.9172451529711619, "x9": 2.475332771198038}, "datetime": {"datetime": "2025-05-14 06:00:16", "elapsed": 58894.844977, "delta": 81.530081}}
{"target": 38.97394266935376, "params": {"x0": 0.8, "x1": 0.9, "x2": 2.6415547224947466e-81, "x3": 5.963370306155705e-82, "x4": 1.454751771360564, "x5": 2.212919688744881e-81, "x6": 1.1737985065771028, "x7": 4.652625255209876, "x8": 0.9172451529711619, "x9": 2.475332771198038}, "datetime": {"datetime": "2025-05-14 06:01:19", "elapsed": 58957.370097, "delta": 62.52512}}
{"target": 38.97394266935376, "params": {"x0": 0.8, "x1": 0.9, "x2": 2.342713719684269e-81, "x3": 1.307999524730127e-81, "x4": 1.454751771360564, "x5": 2.382172375188106e-81, "x6": 1.1737985065771028, "x7": 4.652625255209876, "x8": 0.9172451529711619, "x9": 2.475332771198038}, "datetime": {"datetime": "2025-05-14 06:02:46", "elapsed": 59044.234041, "delta": 86.863944}}
{"target": 38.97394266935376, "params": {"x0": 0.8, "x1": 0.9, "x2": 6.931614800276203e-83, "x3": 4.7478717601868084e-82, "x4": 1.454751771360564, "x5": 2.7887741534943534e-81, "x6": 1.1737985065771028, "x7": 4.652625255209876, "x8": 0.9172451529711619, "x9": 2.475332771198038}, "datetime": {"datetime": "2025-05-14 06:04:13", "elapsed": 59131.507773, "delta": 87.273732}}
{"target": 38.97394266935376, "params": {"x0": 0.8, "x1": 0.9, "x2": 1.164424288643557e-81, "x3": 2.713469469971509e-81, "x4": 1.454751771360564, "x5": 2.58862309562911e-81, "x6": 1.1737985065771028, "x7": 4.652625255209876, "x8": 0.9172451529711619, "x9": 2.475332771198038}, "datetime": {"datetime": "2025-05-14 06:05:44", "elapsed": 59222.952764, "delta": 91.444991}}
{"target": 38.97394266935376, "params": {"x0": 0.8, "x1": 0.9, "x2": 4.7102693450063605e-82, "x3": 2.156918038714275e-81, "x4": 1.454751771360564, "x5": 2.3416436952291453e-81, "x6": 1.1737985065771028, "x7": 4.652625255209876, "x8": 0.9172451529711619, "x9": 2.475332771198038}, "datetime": {"datetime": "2025-05-14 06:07:07", "elapsed": 59305.155534, "delta": 82.20277}}
{"target": 38.97394266935376, "params": {"x0": 0.8, "x1": 0.9, "x2": 5.438296565816888e-82, "x3": 2.177685940183193e-81, "x4": 1.454751771360564, "x5": 2.0456757104933776e-81, "x6": 1.1737985065771028, "x7": 4.652625255209876, "x8": 0.9172451529711619, "x9": 2.475332771198038}, "datetime": {"datetime": "2025-05-14 06:08:51", "elapsed": 59409.074778, "delta": 103.919244}}
{"target": 38.97394266935376, "params": {"x0": 0.8, "x1": 0.9, "x2": 4.725984891663078e-83, "x3": 5.595505851368933e-82, "x4": 1.454751771360564, "x5": 1.178451786837297e-81, "x6": 1.1737985065771028, "x7": 4.652625255209876, "x8": 0.9172451529711619, "x9": 2.475332771198038}, "datetime": {"datetime": "2025-05-14 06:10:11", "elapsed": 59489.563172, "delta": 80.488394}}
{"target": 38.97394266935376, "params": {"x0": 0.8, "x1": 0.9, "x2": 1.1957440056120623e-81, "x3": 4.5915361933703664e-82, "x4": 1.454751771360564, "x5": 2.257560443621928e-81, "x6": 1.1737985065771028, "x7": 4.652625255209876, "x8": 0.9172451529711619, "x9": 2.475332771198038}, "datetime": {"datetime": "2025-05-14 06:11:28", "elapsed": 59566.9021, "delta": 77.338928}}
{"target": 38.97394266935376, "params": {"x0": 0.8, "x1": 0.9, "x2": 3.420412124477542e-82, "x3": 1.306982304139255e-81, "x4": 1.454751771360564, "x5": 2.1587337752671988e-82, "x6": 1.1737985065771028, "x7": 4.652625255209876, "x8": 0.9172451529711619, "x9": 2.475332771198038}, "datetime": {"datetime": "2025-05-14 06:12:38", "elapsed": 59636.666546, "delta": 69.764446}}
{"target": 38.97394266935376, "params": {"x0": 0.8, "x1": 0.9, "x2": 4.2206937809972097e-82, "x3": 4.9998377866716085e-82, "x4": 1.454751771360564, "x5": 1.872819186928878e-81, "x6": 1.1737985065771028, "x7": 4.652625255209876, "x8": 0.9172451529711619, "x9": 2.475332771198038}, "datetime": {"datetime": "2025-05-14 06:14:10", "elapsed": 59728.796533, "delta": 92.129987}}
{"target": 38.97394266935376, "params": {"x0": 0.8, "x1": 0.9, "x2": 6.280461180533705e-82, "x3": 1.1477064553840122e-81, "x4": 1.454751771360564, "x5": 9.718119268326617e-82, "x6": 1.1737985065771028, "x7": 4.652625255209876, "x8": 0.9172451529711619, "x9": 2.475332771198038}, "datetime": {"datetime": "2025-05-14 06:15:38", "elapsed": 59816.241358, "delta": 87.444825}}
{"target": 38.97394266935376, "params": {"x0": 0.8, "x1": 0.9, "x2": 9.033898365823581e-82, "x3": 1.3518197428201682e-82, "x4": 1.454751771360564, "x5": 2.806334291984682e-82, "x6": 1.1737985065771028, "x7": 4.652625255209876, "x8": 0.9172451529711619, "x9": 2.475332771198038}, "datetime": {"datetime": "2025-05-14 06:17:17", "elapsed": 59915.068554, "delta": 98.827196}}
{"target": 38.97394266935376, "params": {"x0": 0.8, "x1": 0.9, "x2": 1.981551773227033e-83, "x3": 1.0918283795566052e-81, "x4": 1.454751771360564, "x5": 4.368938681286603e-82, "x6": 1.1737985065771028, "x7": 4.652625255209876, "x8": 0.9172451529711619, "x9": 2.475332771198038}, "datetime": {"datetime": "2025-05-14 06:18:56", "elapsed": 60014.67156, "delta": 99.603006}}
{"target": 38.97394266935376, "params": {"x0": 0.8, "x1": 0.9, "x2": 3.4474016758683336e-82, "x3": 1.8491018671634457e-82, "x4": 1.454751771360564, "x5": 1.3160539556328686e-81, "x6": 1.1737985065771028, "x7": 4.652625255209876, "x8": 0.9172451529711619, "x9": 2.475332771198038}, "datetime": {"datetime": "2025-05-14 06:20:41", "elapsed": 60119.998401, "delta": 105.326841}}
{"target": 38.97394266935376, "params": {"x0": 0.8, "x1": 0.9, "x2": 6.362107307293247e-82, "x3": 7.141868705286592e-82, "x4": 1.454751771360564, "x5": 8.574046377788144e-82, "x6": 1.1737985065771028, "x7": 4.652625255209876, "x8": 0.9172451529711619, "x9": 2.475332771198038}, "datetime": {"datetime": "2025-05-14 06:22:34", "elapsed": 60232.35801, "delta": 112.359609}}
{"target": 38.97394266935376, "params": {"x0": 0.8, "x1": 0.9, "x2": 4.7753532383405514e-82, "x3": 7.436642607321449e-82, "x4": 1.454751771360564, "x5": 1.1177502576002738e-83, "x6": 1.1737985065771028, "x7": 4.652625255209876, "x8": 0.9172451529711619, "x9": 2.475332771198038}, "datetime": {"datetime": "2025-05-14 06:23:47", "elapsed": 60305.960684, "delta": 73.602674}}
{"target": 38.97394266935376, "params": {"x0": 0.8, "x1": 0.9, "x2": 4.7070517550775717e-82, "x3": 4.825462948054202e-82, "x4": 1.454751771360564, "x5": 7.369693857720666e-82, "x6": 1.1737985065771028, "x7": 4.652625255209876, "x8": 0.9172451529711619, "x9": 2.475332771198038}, "datetime": {"datetime": "2025-05-14 06:25:02", "elapsed": 60380.201492, "delta": 74.240808}}
{"target": 38.97394266935376, "params": {"x0": 0.8, "x1": 0.9, "x2": 1.7727562040710711e-82, "x3": 3.9403613351186377e-82, "x4": 1.454751771360564, "x5": 3.3237370960202923e-82, "x6": 1.1737985065771028, "x7": 4.652625255209876, "x8": 0.9172451529711619, "x9": 2.475332771198038}, "datetime": {"datetime": "2025-05-14 06:26:23", "elapsed": 60461.580654, "delta": 81.379162}}
{"target": 38.97394266935376, "params": {"x0": 0.8, "x1": 0.9, "x2": 2.4026778917794416e-82, "x3": 7.589117371331165e-84, "x4": 1.454751771360564, "x5": 3.379209007154409e-82, "x6": 1.1737985065771028, "x7": 4.652625255209876, "x8": 0.9172451529711619, "x9": 2.475332771198038}, "datetime": {"datetime": "2025-05-14 06:27:58", "elapsed": 60556.835178, "delta": 95.254524}}
{"target": 38.97394266935376, "params": {"x0": 0.8, "x1": 0.9, "x2": 3.278272129683875e-82, "x3": 5.204260584633152e-82, "x4": 1.454751771360564, "x5": 4.130728244079955e-82, "x6": 1.1737985065771028, "x7": 4.652625255209876, "x8": 0.9172451529711619, "x9": 2.475332771198038}, "datetime": {"datetime": "2025-05-14 06:29:00", "elapsed": 60618.734723, "delta": 61.899545}}
{"target": 38.97394266935376, "params": {"x0": 0.8, "x1": 0.9, "x2": 1.0889432642628156e-82, "x3": 6.2413262325986624e-83, "x4": 1.454751771360564, "x5": 2.3707363375754055e-82, "x6": 1.1737985065771028, "x7": 4.652625255209876, "x8": 0.9172451529711619, "x9": 2.475332771198038}, "datetime": {"datetime": "2025-05-14 06:30:07", "elapsed": 60685.273639, "delta": 66.538916}}
{"target": 38.97394266935376, "params": {"x0": 0.8, "x1": 0.9, "x2": 1.7008207829592295e-82, "x3": 2.976778186577672e-82, "x4": 1.454751771360564, "x5": 2.3307191822136708e-82, "x6": 1.1737985065771028, "x7": 4.652625255209876, "x8": 0.9172451529711619, "x9": 2.475332771198038}, "datetime": {"datetime": "2025-05-14 06:31:24", "elapsed": 60762.244805, "delta": 76.971166}}
{"target": 38.97394266935376, "params": {"x0": 0.8, "x1": 0.9, "x2": 6.77295046632302e-83, "x3": 3.754508247449416e-82, "x4": 1.454751771360564, "x5": 4.0374779499885656e-82, "x6": 1.1737985065771028, "x7": 4.652625255209876, "x8": 0.9172451529711619, "x9": 2.475332771198038}, "datetime": {"datetime": "2025-05-14 06:33:18", "elapsed": 60876.102592, "delta": 113.857787}}
{"target": 38.97394266935376, "params": {"x0": 0.8, "x1": 0.9, "x2": 2.6212931675772685e-82, "x3": 1.0688013761050587e-82, "x4": 1.454751771360564, "x5": 1.4084720247649248e-83, "x6": 1.1737985065771028, "x7": 4.652625255209876, "x8": 0.9172451529711619, "x9": 2.475332771198038}, "datetime": {"datetime": "2025-05-14 06:35:10", "elapsed": 60988.865617, "delta": 112.763025}}
{"target": 38.97394266935376, "params": {"x0": 0.8, "x1": 0.9, "x2": 1.8096541967911866e-82, "x3": 2.293841481851757e-82, "x4": 1.454751771360564, "x5": 1.7949386956335173e-82, "x6": 1.1737985065771028, "x7": 4.652625255209876, "x8": 0.9172451529711619, "x9": 2.475332771198038}, "datetime": {"datetime": "2025-05-14 06:36:31", "elapsed": 61069.65089, "delta": 80.785273}}
