{"target": 38.97394266935376, "params": {"x0": 0.8, "x1": 0.9, "x2": 1.0169463747787321e-50, "x3": 3.999441809245644e-50, "x4": 1.454751771360564, "x5": 7.734445117505766e-52, "x6": 1.1737985065771028, "x7": 4.652625255209876, "x8": 0.9172451529711619, "x9": 2.475332771198038}, "datetime": {"datetime": "2025-05-13 18:53:12", "elapsed": 18870.682128, "delta": 38.18622}}
{"target": 38.97394266935376, "params": {"x0": 0.8, "x1": 0.9, "x2": 4.6303476097754044e-51, "x3": 3.1965677877044436e-50, "x4": 1.454751771360564, "x5": 2.730036133748789e-50, "x6": 1.1737985065771028, "x7": 4.652625255209876, "x8": 0.9172451529711619, "x9": 2.475332771198038}, "datetime": {"datetime": "2025-05-13 18:53:42", "elapsed": 18900.395687, "delta": 29.713559}}
{"target": 38.97394266935376, "params": {"x0": 0.8, "x1": 0.9, "x2": 6.425236287331025e-52, "x3": 2.2110614680548595e-50, "x4": 1.454751771360564, "x5": 2.631458886867374e-50, "x6": 1.1737985065771028, "x7": 4.652625255209876, "x8": 0.9172451529711619, "x9": 2.475332771198038}, "datetime": {"datetime": "2025-05-13 18:54:18", "elapsed": 18936.214486, "delta": 35.818799}}
{"target": 38.97394266935376, "params": {"x0": 0.8, "x1": 0.9, "x2": 2.460713659555108e-50, "x3": 1.3469204764650262e-50, "x4": 1.454751771360564, "x5": 4.305291776053589e-50, "x6": 1.1737985065771028, "x7": 4.652625255209876, "x8": 0.9172451529711619, "x9": 2.475332771198038}, "datetime": {"datetime": "2025-05-13 18:54:49", "elapsed": 18967.616433, "delta": 31.401947}}
{"target": 38.97394266935376, "params": {"x0": 0.8, "x1": 0.9, "x2": 1.9713717526753085e-51, "x3": 2.0029915682907833e-50, "x4": 1.454751771360564, "x5": 3.1389034777032993e-50, "x6": 1.1737985065771028, "x7": 4.652625255209876, "x8": 0.9172451529711619, "x9": 2.475332771198038}, "datetime": {"datetime": "2025-05-13 18:55:31", "elapsed": 19009.575232, "delta": 41.958799}}
{"target": 38.97394266935376, "params": {"x0": 0.8, "x1": 0.9, "x2": 8.318343916209301e-51, "x3": 2.184062525887132e-50, "x4": 1.454751771360564, "x5": 5.1984185921572424e-51, "x6": 1.1737985065771028, "x7": 4.652625255209876, "x8": 0.9172451529711619, "x9": 2.475332771198038}, "datetime": {"datetime": "2025-05-13 18:56:11", "elapsed": 19049.865346, "delta": 40.290114}}
{"target": 38.97394266935376, "params": {"x0": 0.8, "x1": 0.9, "x2": 9.566489646337553e-51, "x3": 1.5344700804408155e-50, "x4": 1.454751771360564, "x5": 3.198955407047983e-50, "x6": 1.1737985065771028, "x7": 4.652625255209876, "x8": 0.9172451529711619, "x9": 2.475332771198038}, "datetime": {"datetime": "2025-05-13 18:56:45", "elapsed": 19083.798047, "delta": 33.932701}}
{"target": 38.97394266935376, "params": {"x0": 0.8, "x1": 0.9, "x2": 1.5801064794760234e-50, "x3": 2.659907008753488e-51, "x4": 1.454751771360564, "x5": 1.027352055415057e-50, "x6": 1.1737985065771028, "x7": 4.652625255209876, "x8": 0.9172451529711619, "x9": 2.475332771198038}, "datetime": {"datetime": "2025-05-13 18:57:20", "elapsed": 19118.894545, "delta": 35.096498}}
{"target": 38.97394266935376, "params": {"x0": 0.8, "x1": 0.9, "x2": 6.805165989459085e-51, "x3": 1.6450511743978418e-50, "x4": 1.454751771360564, "x5": 5.2950580985674097e-51, "x6": 1.1737985065771028, "x7": 4.652625255209876, "x8": 0.9172451529711619, "x9": 2.475332771198038}, "datetime": {"datetime": "2025-05-13 18:57:51", "elapsed": 19149.290622, "delta": 30.396077}}
{"target": 38.97394266935376, "params": {"x0": 0.8, "x1": 0.9, "x2": 8.766152129161025e-51, "x3": 1.4532891833529426e-50, "x4": 1.454751771360564, "x5": 1.778751108047301e-50, "x6": 1.1737985065771028, "x7": 4.652625255209876, "x8": 0.9172451529711619, "x9": 2.475332771198038}, "datetime": {"datetime": "2025-05-13 18:58:46", "elapsed": 19204.145936, "delta": 54.855314}}
{"target": 38.97394266935376, "params": {"x0": 0.8, "x1": 0.9, "x2": 1.0793910192398008e-50, "x3": 1.6583090302518899e-50, "x4": 1.454751771360564, "x5": 1.479946364639872e-50, "x6": 1.1737985065771028, "x7": 4.652625255209876, "x8": 0.9172451529711619, "x9": 2.475332771198038}, "datetime": {"datetime": "2025-05-13 18:59:19", "elapsed": 19237.438473, "delta": 33.292537}}
{"target": 38.97394266935376, "params": {"x0": 0.8, "x1": 0.9, "x2": 1.0944490637226298e-50, "x3": 1.113409515463741e-50, "x4": 1.454751771360564, "x5": 1.1483883831996162e-50, "x6": 1.1737985065771028, "x7": 4.652625255209876, "x8": 0.9172451529711619, "x9": 2.475332771198038}, "datetime": {"datetime": "2025-05-13 18:59:50", "elapsed": 19268.187086, "delta": 30.748613}}
{"target": 38.97394266935376, "params": {"x0": 0.8, "x1": 0.9, "x2": 6.28447711615866e-52, "x3": 2.506970224861193e-51, "x4": 1.454751771360564, "x5": 8.429261776468642e-52, "x6": 1.1737985065771028, "x7": 4.652625255209876, "x8": 0.9172451529711619, "x9": 2.475332771198038}, "datetime": {"datetime": "2025-05-13 19:00:27", "elapsed": 19305.916022, "delta": 37.728936}}
{"target": 38.97394266935376, "params": {"x0": 0.8, "x1": 0.9, "x2": 6.669165075336508e-51, "x3": 3.1183156614223534e-52, "x4": 1.454751771360564, "x5": 2.1302287452101654e-51, "x6": 1.1737985065771028, "x7": 4.652625255209876, "x8": 0.9172451529711619, "x9": 2.475332771198038}, "datetime": {"datetime": "2025-05-13 19:01:09", "elapsed": 19347.91293, "delta": 41.996908}}
{"target": 38.97394266935376, "params": {"x0": 0.8, "x1": 0.9, "x2": 7.2898366225289e-51, "x3": 8.992835338641334e-51, "x4": 1.454751771360564, "x5": 1.4869660644006354e-50, "x6": 1.1737985065771028, "x7": 4.652625255209876, "x8": 0.9172451529711619, "x9": 2.475332771198038}, "datetime": {"datetime": "2025-05-13 19:01:48", "elapsed": 19386.74605, "delta": 38.83312}}
{"target": 38.97394266935376, "params": {"x0": 0.8, "x1": 0.9, "x2": 7.0005299557329e-51, "x3": 3.1108455362119776e-52, "x4": 1.454751771360564, "x5": 1.329580680257525e-50, "x6": 1.1737985065771028, "x7": 4.652625255209876, "x8": 0.9172451529711619, "x9": 2.475332771198038}, "datetime": {"datetime": "2025-05-13 19:02:25", "elapsed": 19423.977184, "delta": 37.231134}}
{"target": 38.97394266935376, "params": {"x0": 0.8, "x1": 0.9, "x2": 6.675414291692871e-51, "x3": 4.1755305408313266e-51, "x4": 1.454751771360564, "x5": 9.69140690007293e-51, "x6": 1.1737985065771028, "x7": 4.652625255209876, "x8": 0.9172451529711619, "x9": 2.475332771198038}, "datetime": {"datetime": "2025-05-13 19:02:58", "elapsed": 19456.655394, "delta": 32.67821}}
{"target": 38.97394266935376, "params": {"x0": 0.8, "x1": 0.9, "x2": 9.509331760723402e-52, "x3": 5.704985116505891e-51, "x4": 1.454751771360564, "x5": 1.1362761756969936e-50, "x6": 1.1737985065771028, "x7": 4.652625255209876, "x8": 0.9172451529711619, "x9": 2.475332771198038}, "datetime": {"datetime": "2025-05-13 19:03:44", "elapsed": 19502.022976, "delta": 45.367582}}
{"target": 38.97394266935376, "params": {"x0": 0.8, "x1": 0.9, "x2": 5.364728182803666e-51, "x3": 6.60211118204907e-51, "x4": 1.454751771360564, "x5": 9.657302614149611e-51, "x6": 1.1737985065771028, "x7": 4.652625255209876, "x8": 0.9172451529711619, "x9": 2.475332771198038}, "datetime": {"datetime": "2025-05-13 19:04:14", "elapsed": 19532.803053, "delta": 30.780077}}
{"target": 38.97394266935376, "params": {"x0": 0.8, "x1": 0.9, "x2": 3.4628258916959974e-51, "x3": 5.553250541288478e-51, "x4": 1.454751771360564, "x5": 7.913383300588457e-51, "x6": 1.1737985065771028, "x7": 4.652625255209876, "x8": 0.9172451529711619, "x9": 2.475332771198038}, "datetime": {"datetime": "2025-05-13 19:04:55", "elapsed": 19573.956834, "delta": 41.153781}}
{"target": 38.97394266935376, "params": {"x0": 0.8, "x1": 0.9, "x2": 2.6655598623966422e-51, "x3": 5.494849535766695e-52, "x4": 1.454751771360564, "x5": 3.647373835381591e-51, "x6": 1.1737985065771028, "x7": 4.652625255209876, "x8": 0.9172451529711619, "x9": 2.475332771198038}, "datetime": {"datetime": "2025-05-13 19:05:28", "elapsed": 19606.483516, "delta": 32.526682}}
{"target": 38.97394266935376, "params": {"x0": 0.8, "x1": 0.9, "x2": 1.3182912429472362e-51, "x3": 4.50970709165369e-51, "x4": 1.454751771360564, "x5": 7.184502043414882e-51, "x6": 1.1737985065771028, "x7": 4.652625255209876, "x8": 0.9172451529711619, "x9": 2.475332771198038}, "datetime": {"datetime": "2025-05-13 19:06:18", "elapsed": 19656.706665, "delta": 50.223149}}
{"target": 38.97394266935376, "params": {"x0": 0.8, "x1": 0.9, "x2": 1.3375805456654503e-51, "x3": 2.10052432917797e-52, "x4": 1.454751771360564, "x5": 3.763479691848586e-52, "x6": 1.1737985065771028, "x7": 4.652625255209876, "x8": 0.9172451529711619, "x9": 2.475332771198038}, "datetime": {"datetime": "2025-05-13 19:07:03", "elapsed": 19701.466892, "delta": 44.760227}}
{"target": 38.97394266935376, "params": {"x0": 0.8, "x1": 0.9, "x2": 1.5718467093564457e-51, "x3": 9.482970325701458e-52, "x4": 1.454751771360564, "x5": 5.226933101286659e-51, "x6": 1.1737985065771028, "x7": 4.652625255209876, "x8": 0.9172451529711619, "x9": 2.475332771198038}, "datetime": {"datetime": "2025-05-13 19:07:40", "elapsed": 19738.618332, "delta": 37.15144}}
{"target": 38.97394266935376, "params": {"x0": 0.8, "x1": 0.9, "x2": 2.873932498612399e-51, "x3": 3.654409916441513e-51, "x4": 1.454751771360564, "x5": 2.876817095878872e-51, "x6": 1.1737985065771028, "x7": 4.652625255209876, "x8": 0.9172451529711619, "x9": 2.475332771198038}, "datetime": {"datetime": "2025-05-13 19:08:13", "elapsed": 19771.074629, "delta": 32.456297}}
{"target": 38.97394266935376, "params": {"x0": 0.8, "x1": 0.9, "x2": 2.6703771865035427e-51, "x3": 2.830801184617692e-51, "x4": 1.454751771360564, "x5": 4.4659526142201955e-51, "x6": 1.1737985065771028, "x7": 4.652625255209876, "x8": 0.9172451529711619, "x9": 2.475332771198038}, "datetime": {"datetime": "2025-05-13 19:08:46", "elapsed": 19804.840962, "delta": 33.766333}}
{"target": 38.97394266935376, "params": {"x0": 0.8, "x1": 0.9, "x2": 3.862402673377012e-52, "x3": 2.33122092618787e-51, "x4": 1.454751771360564, "x5": 9.232446848358622e-53, "x6": 1.1737985065771028, "x7": 4.652625255209876, "x8": 0.9172451529711619, "x9": 2.475332771198038}, "datetime": {"datetime": "2025-05-13 19:09:22", "elapsed": 19840.436299, "delta": 35.595337}}
{"target": 38.97394266935376, "params": {"x0": 0.8, "x1": 0.9, "x2": 2.0137917847238567e-51, "x3": 2.6379451856810433e-51, "x4": 1.454751771360564, "x5": 2.5249399538106517e-52, "x6": 1.1737985065771028, "x7": 4.652625255209876, "x8": 0.9172451529711619, "x9": 2.475332771198038}, "datetime": {"datetime": "2025-05-13 19:10:09", "elapsed": 19887.027194, "delta": 46.590895}}
{"target": 38.97394266935376, "params": {"x0": 0.8, "x1": 0.9, "x2": 1.3342681515602917e-51, "x3": 8.461187344515211e-52, "x4": 1.454751771360564, "x5": 2.3218523022322276e-51, "x6": 1.1737985065771028, "x7": 4.652625255209876, "x8": 0.9172451529711619, "x9": 2.475332771198038}, "datetime": {"datetime": "2025-05-13 19:10:38", "elapsed": 19916.969651, "delta": 29.942457}}
{"target": 38.97394266935376, "params": {"x0": 0.8, "x1": 0.9, "x2": 1.7054666049587267e-52, "x3": 1.4630823155168164e-52, "x4": 1.454751771360564, "x5": 1.2351994659224688e-51, "x6": 1.1737985065771028, "x7": 4.652625255209876, "x8": 0.9172451529711619, "x9": 2.475332771198038}, "datetime": {"datetime": "2025-05-13 19:11:15", "elapsed": 19953.179065, "delta": 36.209414}}
{"target": 38.97394266935376, "params": {"x0": 0.8, "x1": 0.9, "x2": 1.2438587287013504e-51, "x3": 1.406121750092624e-51, "x4": 1.454751771360564, "x5": 4.063874368128898e-52, "x6": 1.1737985065771028, "x7": 4.652625255209876, "x8": 0.9172451529711619, "x9": 2.475332771198038}, "datetime": {"datetime": "2025-05-13 19:11:50", "elapsed": 19988.887285, "delta": 35.70822}}
{"target": 38.97394266935376, "params": {"x0": 0.8, "x1": 0.9, "x2": 5.979347208733524e-53, "x3": 9.833622523521761e-52, "x4": 1.454751771360564, "x5": 2.0505127673334156e-51, "x6": 1.1737985065771028, "x7": 4.652625255209876, "x8": 0.9172451529711619, "x9": 2.475332771198038}, "datetime": {"datetime": "2025-05-13 19:12:28", "elapsed": 20026.181787, "delta": 37.294502}}
{"target": 38.97394266935376, "params": {"x0": 0.8, "x1": 0.9, "x2": 4.718699820625209e-52, "x3": 4.825102214859237e-52, "x4": 1.454751771360564, "x5": 1.2374147208512161e-51, "x6": 1.1737985065771028, "x7": 4.652625255209876, "x8": 0.9172451529711619, "x9": 2.475332771198038}, "datetime": {"datetime": "2025-05-13 19:13:13", "elapsed": 20071.738583, "delta": 45.556796}}
{"target": 38.97394266935376, "params": {"x0": 0.8, "x1": 0.9, "x2": 7.540829211068965e-52, "x3": 1.606680676207356e-52, "x4": 1.454751771360564, "x5": 9.288657458278664e-52, "x6": 1.1737985065771028, "x7": 4.652625255209876, "x8": 0.9172451529711619, "x9": 2.475332771198038}, "datetime": {"datetime": "2025-05-13 19:14:00", "elapsed": 20118.963839, "delta": 47.225256}}
{"target": 38.97394266935376, "params": {"x0": 0.8, "x1": 0.9, "x2": 4.5048361815044785e-52, "x3": 7.39283515175514e-52, "x4": 1.454751771360564, "x5": 1.4496857488514546e-51, "x6": 1.1737985065771028, "x7": 4.652625255209876, "x8": 0.9172451529711619, "x9": 2.475332771198038}, "datetime": {"datetime": "2025-05-13 19:14:40", "elapsed": 20158.402894, "delta": 39.439055}}
{"target": 38.97394266935376, "params": {"x0": 0.8, "x1": 0.9, "x2": 1.11467537196856e-52, "x3": 3.465147435580652e-52, "x4": 1.454751771360564, "x5": 4.332048416916189e-52, "x6": 1.1737985065771028, "x7": 4.652625255209876, "x8": 0.9172451529711619, "x9": 2.475332771198038}, "datetime": {"datetime": "2025-05-13 19:15:18", "elapsed": 20196.327763, "delta": 37.924869}}
{"target": 38.97394266935376, "params": {"x0": 0.8, "x1": 0.9, "x2": 4.2443739778305e-52, "x3": 5.472943854531865e-52, "x4": 1.454751771360564, "x5": 1.1986627725977123e-51, "x6": 1.1737985065771028, "x7": 4.652625255209876, "x8": 0.9172451529711619, "x9": 2.475332771198038}, "datetime": {"datetime": "2025-05-13 19:15:47", "elapsed": 20225.913424, "delta": 29.585661}}
{"target": 38.97394266935376, "params": {"x0": 0.8, "x1": 0.9, "x2": 7.851669200643272e-52, "x3": 4.040821508597118e-52, "x4": 1.454751771360564, "x5": 7.86098655948587e-52, "x6": 1.1737985065771028, "x7": 4.652625255209876, "x8": 0.9172451529711619, "x9": 2.475332771198038}, "datetime": {"datetime": "2025-05-13 19:16:19", "elapsed": 20257.867384, "delta": 31.95396}}
{"target": 38.97394266935376, "params": {"x0": 0.8, "x1": 0.9, "x2": 4.071941127009977e-52, "x3": 1.8778393117203727e-53, "x4": 1.454751771360564, "x5": 1.1926345826097381e-51, "x6": 1.1737985065771028, "x7": 4.652625255209876, "x8": 0.9172451529711619, "x9": 2.475332771198038}, "datetime": {"datetime": "2025-05-13 19:16:59", "elapsed": 20297.177899, "delta": 39.310515}}
{"target": 38.97394266935376, "params": {"x0": 0.8, "x1": 0.9, "x2": 4.901002039981408e-52, "x3": 2.0645005977441537e-52, "x4": 1.454751771360564, "x5": 1.0440874449823753e-51, "x6": 1.1737985065771028, "x7": 4.652625255209876, "x8": 0.9172451529711619, "x9": 2.475332771198038}, "datetime": {"datetime": "2025-05-13 19:17:45", "elapsed": 20343.311913, "delta": 46.134014}}
{"target": 38.97394266935376, "params": {"x0": 0.8, "x1": 0.9, "x2": 2.1611358966869698e-52, "x3": 3.3121369466125246e-52, "x4": 1.454751771360564, "x5": 1.0130768026015403e-51, "x6": 1.1737985065771028, "x7": 4.652625255209876, "x8": 0.9172451529711619, "x9": 2.475332771198038}, "datetime": {"datetime": "2025-05-13 19:18:44", "elapsed": 20402.599014, "delta": 59.287101}}
{"target": 38.97394266935376, "params": {"x0": 0.8, "x1": 0.9, "x2": 4.3596343479961865e-52, "x3": 3.2656266758490375e-52, "x4": 1.454751771360564, "x5": 1.1052156248778816e-52, "x6": 1.1737985065771028, "x7": 4.652625255209876, "x8": 0.9172451529711619, "x9": 2.475332771198038}, "datetime": {"datetime": "2025-05-13 19:19:26", "elapsed": 20444.16503, "delta": 41.566016}}
{"target": 38.97394266935376, "params": {"x0": 0.8, "x1": 0.9, "x2": 4.872803887677867e-53, "x3": 6.458267648562867e-53, "x4": 1.454751771360564, "x5": 4.953278197555034e-52, "x6": 1.1737985065771028, "x7": 4.652625255209876, "x8": 0.9172451529711619, "x9": 2.475332771198038}, "datetime": {"datetime": "2025-05-13 19:20:01", "elapsed": 20479.507324, "delta": 35.342294}}
{"target": 38.97394266935376, "params": {"x0": 0.8, "x1": 0.9, "x2": 1.4088070816856857e-52, "x3": 3.1086830349434273e-52, "x4": 1.454751771360564, "x5": 6.339789668496505e-52, "x6": 1.1737985065771028, "x7": 4.652625255209876, "x8": 0.9172451529711619, "x9": 2.475332771198038}, "datetime": {"datetime": "2025-05-13 19:20:51", "elapsed": 20529.452948, "delta": 49.945624}}
{"target": 38.97394266935376, "params": {"x0": 0.8, "x1": 0.9, "x2": 3.791090113015508e-52, "x3": 3.3231236973869076e-52, "x4": 1.454751771360564, "x5": 5.3475632253651166e-52, "x6": 1.1737985065771028, "x7": 4.652625255209876, "x8": 0.9172451529711619, "x9": 2.475332771198038}, "datetime": {"datetime": "2025-05-13 19:21:28", "elapsed": 20566.265579, "delta": 36.812631}}
{"target": 38.97394266935376, "params": {"x0": 0.8, "x1": 0.9, "x2": 7.6640479972341135e-53, "x3": 5.403762967633806e-53, "x4": 1.454751771360564, "x5": 5.307726706377783e-53, "x6": 1.1737985065771028, "x7": 4.652625255209876, "x8": 0.9172451529711619, "x9": 2.475332771198038}, "datetime": {"datetime": "2025-05-13 19:22:03", "elapsed": 20601.546041, "delta": 35.280462}}
{"target": 38.97394266935376, "params": {"x0": 0.8, "x1": 0.9, "x2": 1.0625381180417247e-52, "x3": 7.943374535948024e-53, "x4": 1.454751771360564, "x5": 4.738500816673238e-52, "x6": 1.1737985065771028, "x7": 4.652625255209876, "x8": 0.9172451529711619, "x9": 2.475332771198038}, "datetime": {"datetime": "2025-05-13 19:22:51", "elapsed": 20649.732579, "delta": 48.186538}}
{"target": 38.97394266935376, "params": {"x0": 0.8, "x1": 0.9, "x2": 1.654214008859827e-52, "x3": 2.1947790474179876e-52, "x4": 1.454751771360564, "x5": 1.6255417293447038e-52, "x6": 1.1737985065771028, "x7": 4.652625255209876, "x8": 0.9172451529711619, "x9": 2.475332771198038}, "datetime": {"datetime": "2025-05-13 19:23:51", "elapsed": 20709.050342, "delta": 59.317763}}
{"target": 38.97394266935376, "params": {"x0": 0.8, "x1": 0.9, "x2": 4.511318767732532e-53, "x3": 1.6098374487441203e-52, "x4": 1.454751771360564, "x5": 2.6000085871161955e-52, "x6": 1.1737985065771028, "x7": 4.652625255209876, "x8": 0.9172451529711619, "x9": 2.475332771198038}, "datetime": {"datetime": "2025-05-13 19:24:26", "elapsed": 20744.897152, "delta": 35.84681}}
{"target": 38.97394266935376, "params": {"x0": 0.8, "x1": 0.9, "x2": 1.9839290253891626e-52, "x3": 1.5929822693817133e-52, "x4": 1.454751771360564, "x5": 3.415420673502713e-52, "x6": 1.1737985065771028, "x7": 4.652625255209876, "x8": 0.9172451529711619, "x9": 2.475332771198038}, "datetime": {"datetime": "2025-05-13 19:24:57", "elapsed": 20775.224853, "delta": 30.327701}}
{"target": 38.97394266935376, "params": {"x0": 0.8, "x1": 0.9, "x2": 9.220063111820046e-54, "x3": 1.5707711846500658e-52, "x4": 1.454751771360564, "x5": 1.8872119788967437e-52, "x6": 1.1737985065771028, "x7": 4.652625255209876, "x8": 0.9172451529711619, "x9": 2.475332771198038}, "datetime": {"datetime": "2025-05-13 19:25:30", "elapsed": 20808.796406, "delta": 33.571553}}
{"target": 38.97394266935376, "params": {"x0": 0.8, "x1": 0.9, "x2": 6.288222467565106e-53, "x3": 9.891586771245312e-53, "x4": 1.454751771360564, "x5": 2.628407097462861e-52, "x6": 1.1737985065771028, "x7": 4.652625255209876, "x8": 0.9172451529711619, "x9": 2.475332771198038}, "datetime": {"datetime": "2025-05-13 19:26:25", "elapsed": 20863.883619, "delta": 55.087213}}
{"target": 38.97394266935376, "params": {"x0": 0.8, "x1": 0.9, "x2": 4.289550381997172e-53, "x3": 1.286267436132781e-52, "x4": 1.454751771360564, "x5": 1.622842790173528e-52, "x6": 1.1737985065771028, "x7": 4.652625255209876, "x8": 0.9172451529711619, "x9": 2.475332771198038}, "datetime": {"datetime": "2025-05-13 19:27:01", "elapsed": 20899.331008, "delta": 35.447389}}
{"target": 38.97394266935376, "params": {"x0": 0.8, "x1": 0.9, "x2": 9.047338526669618e-53, "x3": 2.235537796713852e-53, "x4": 1.454751771360564, "x5": 1.7762069880486935e-52, "x6": 1.1737985065771028, "x7": 4.652625255209876, "x8": 0.9172451529711619, "x9": 2.475332771198038}, "datetime": {"datetime": "2025-05-13 19:27:47", "elapsed": 20945.75527, "delta": 46.424262}}
{"target": 38.97394266935376, "params": {"x0": 0.8, "x1": 0.9, "x2": 6.174639532409586e-53, "x3": 9.047117624961097e-53, "x4": 1.454751771360564, "x5": 7.331077945713644e-53, "x6": 1.1737985065771028, "x7": 4.652625255209876, "x8": 0.9172451529711619, "x9": 2.475332771198038}, "datetime": {"datetime": "2025-05-13 19:28:29", "elapsed": 20987.894771, "delta": 42.139501}}
{"target": 38.97394266935376, "params": {"x0": 0.8, "x1": 0.9, "x2": 2.674204570480571e-53, "x3": 8.833000060838902e-53, "x4": 1.454751771360564, "x5": 2.6219267455353984e-53, "x6": 1.1737985065771028, "x7": 4.652625255209876, "x8": 0.9172451529711619, "x9": 2.475332771198038}, "datetime": {"datetime": "2025-05-13 19:29:02", "elapsed": 21020.066555, "delta": 32.171784}}
{"target": 38.97394266935376, "params": {"x0": 0.8, "x1": 0.9, "x2": 2.4348862278760877e-53, "x3": 1.189219004678025e-52, "x4": 1.454751771360564, "x5": 8.644738158100558e-54, "x6": 1.1737985065771028, "x7": 4.652625255209876, "x8": 0.9172451529711619, "x9": 2.475332771198038}, "datetime": {"datetime": "2025-05-13 19:29:37", "elapsed": 21055.978888, "delta": 35.912333}}
{"target": 38.97394266935376, "params": {"x0": 0.8, "x1": 0.9, "x2": 2.2738734062493106e-53, "x3": 6.303949495894079e-53, "x4": 1.454751771360564, "x5": 1.4456852604516045e-52, "x6": 1.1737985065771028, "x7": 4.652625255209876, "x8": 0.9172451529711619, "x9": 2.475332771198038}, "datetime": {"datetime": "2025-05-13 19:30:30", "elapsed": 21108.249633, "delta": 52.270745}}
{"target": 38.97394266935376, "params": {"x0": 0.8, "x1": 0.9, "x2": 1.7923929363580035e-54, "x3": 5.713677306127958e-53, "x4": 1.454751771360564, "x5": 1.4012864365193985e-52, "x6": 1.1737985065771028, "x7": 4.652625255209876, "x8": 0.9172451529711619, "x9": 2.475332771198038}, "datetime": {"datetime": "2025-05-13 19:31:09", "elapsed": 21147.252484, "delta": 39.002851}}
