{"target": 38.97394266935376, "params": {"x0": 0.8, "x1": 0.9, "x2": 2.3770141819804415e-37, "x3": 8.614090019372307e-37, "x4": 1.454751771360564, "x5": 1.2776251554087451e-36, "x6": 1.1737985065771028, "x7": 4.652625255209876, "x8": 0.9172451529711619, "x9": 2.475332771198038}, "datetime": {"datetime": "2025-05-13 16:30:39", "elapsed": 10317.38795, "delta": 25.564785}}
{"target": 38.97394266935376, "params": {"x0": 0.8, "x1": 0.9, "x2": 3.466520971761639e-37, "x3": 2.093979573004103e-37, "x4": 1.454751771360564, "x5": 1.3234781520311046e-37, "x6": 1.1737985065771028, "x7": 4.652625255209876, "x8": 0.9172451529711619, "x9": 2.475332771198038}, "datetime": {"datetime": "2025-05-13 16:31:02", "elapsed": 10340.995046, "delta": 23.607096}}
{"target": 38.97394266935376, "params": {"x0": 0.8, "x1": 0.9, "x2": 3.130975268882296e-37, "x3": 8.392972405308193e-37, "x4": 1.454751771360564, "x5": 9.61715177440701e-37, "x6": 1.1737985065771028, "x7": 4.652625255209876, "x8": 0.9172451529711619, "x9": 2.475332771198038}, "datetime": {"datetime": "2025-05-13 16:31:24", "elapsed": 10362.025122, "delta": 21.030076}}
{"target": 38.97394266935376, "params": {"x0": 0.8, "x1": 0.9, "x2": 2.8082699531015568e-37, "x3": 3.5536347342424775e-37, "x4": 1.454751771360564, "x5": 3.415930609930277e-37, "x6": 1.1737985065771028, "x7": 4.652625255209876, "x8": 0.9172451529711619, "x9": 2.475332771198038}, "datetime": {"datetime": "2025-05-13 16:31:44", "elapsed": 10382.164245, "delta": 20.139123}}
{"target": 38.97394266935376, "params": {"x0": 0.8, "x1": 0.9, "x2": 2.154311847583822e-37, "x3": 7.783862589830035e-37, "x4": 1.454751771360564, "x5": 7.1268127543214635e-37, "x6": 1.1737985065771028, "x7": 4.652625255209876, "x8": 0.9172451529711619, "x9": 2.475332771198038}, "datetime": {"datetime": "2025-05-13 16:32:05", "elapsed": 10403.349074, "delta": 21.184829}}
{"target": 38.97394266935376, "params": {"x0": 0.8, "x1": 0.9, "x2": 5.474137125156892e-37, "x3": 3.874108035242489e-37, "x4": 1.454751771360564, "x5": 8.219243568916277e-38, "x6": 1.1737985065771028, "x7": 4.652625255209876, "x8": 0.9172451529711619, "x9": 2.475332771198038}, "datetime": {"datetime": "2025-05-13 16:32:26", "elapsed": 10424.721798, "delta": 21.372724}}
{"target": 38.97394266935376, "params": {"x0": 0.8, "x1": 0.9, "x2": 8.698833932269584e-38, "x3": 4.6594559372792215e-37, "x4": 1.454751771360564, "x5": 8.664665788776092e-37, "x6": 1.1737985065771028, "x7": 4.652625255209876, "x8": 0.9172451529711619, "x9": 2.475332771198038}, "datetime": {"datetime": "2025-05-13 16:32:47", "elapsed": 10445.807205, "delta": 21.085407}}
{"target": 38.97394266935376, "params": {"x0": 0.8, "x1": 0.9, "x2": 2.6528871380842743e-38, "x3": 3.4031975346567983e-38, "x4": 1.454751771360564, "x5": 5.250507634642327e-37, "x6": 1.1737985065771028, "x7": 4.652625255209876, "x8": 0.9172451529711619, "x9": 2.475332771198038}, "datetime": {"datetime": "2025-05-13 16:33:11", "elapsed": 10469.263685, "delta": 23.45648}}
{"target": 38.97394266935376, "params": {"x0": 0.8, "x1": 0.9, "x2": 3.519102675223412e-38, "x3": 4.042786788466321e-37, "x4": 1.454751771360564, "x5": 3.0375905744287348e-37, "x6": 1.1737985065771028, "x7": 4.652625255209876, "x8": 0.9172451529711619, "x9": 2.475332771198038}, "datetime": {"datetime": "2025-05-13 16:33:37", "elapsed": 10495.973937, "delta": 26.710252}}
{"target": 38.97394266935376, "params": {"x0": 0.8, "x1": 0.9, "x2": 1.1866682444934302e-37, "x3": 3.6664794436383954e-37, "x4": 1.454751771360564, "x5": 6.566989486521847e-38, "x6": 1.1737985065771028, "x7": 4.652625255209876, "x8": 0.9172451529711619, "x9": 2.475332771198038}, "datetime": {"datetime": "2025-05-13 16:33:58", "elapsed": 10516.839764, "delta": 20.865827}}
{"target": 38.97394266935376, "params": {"x0": 0.8, "x1": 0.9, "x2": 2.7628454740221956e-37, "x3": 1.362949989509303e-38, "x4": 1.454751771360564, "x5": 7.590156841993154e-38, "x6": 1.1737985065771028, "x7": 4.652625255209876, "x8": 0.9172451529711619, "x9": 2.475332771198038}, "datetime": {"datetime": "2025-05-13 16:34:25", "elapsed": 10543.213968, "delta": 26.374204}}
{"target": 38.97394266935376, "params": {"x0": 0.8, "x1": 0.9, "x2": 1.4010185317397161e-37, "x3": 3.842224917063731e-37, "x4": 1.454751771360564, "x5": 1.2666302289691906e-37, "x6": 1.1737985065771028, "x7": 4.652625255209876, "x8": 0.9172451529711619, "x9": 2.475332771198038}, "datetime": {"datetime": "2025-05-13 16:34:45", "elapsed": 10563.805884, "delta": 20.591916}}
{"target": 38.97394266935376, "params": {"x0": 0.8, "x1": 0.9, "x2": 1.8949580540117816e-37, "x3": 2.3117800880161637e-37, "x4": 1.454751771360564, "x5": 1.8881046900796363e-37, "x6": 1.1737985065771028, "x7": 4.652625255209876, "x8": 0.9172451529711619, "x9": 2.475332771198038}, "datetime": {"datetime": "2025-05-13 16:35:16", "elapsed": 10594.978377, "delta": 31.172493}}
{"target": 38.97394266935376, "params": {"x0": 0.8, "x1": 0.9, "x2": 8.186478286448526e-38, "x3": 1.7690723413489717e-37, "x4": 1.454751771360564, "x5": 4.147781555245697e-37, "x6": 1.1737985065771028, "x7": 4.652625255209876, "x8": 0.9172451529711619, "x9": 2.475332771198038}, "datetime": {"datetime": "2025-05-13 16:35:41", "elapsed": 10619.422805, "delta": 24.444428}}
{"target": 38.97394266935376, "params": {"x0": 0.8, "x1": 0.9, "x2": 9.698646677264277e-38, "x3": 2.54038601604212e-37, "x4": 1.454751771360564, "x5": 3.398086827119907e-38, "x6": 1.1737985065771028, "x7": 4.652625255209876, "x8": 0.9172451529711619, "x9": 2.475332771198038}, "datetime": {"datetime": "2025-05-13 16:36:05", "elapsed": 10643.058791, "delta": 23.635986}}
{"target": 38.97394266935376, "params": {"x0": 0.8, "x1": 0.9, "x2": 8.318717552036938e-38, "x3": 2.7890156990393006e-38, "x4": 1.454751771360564, "x5": 2.1270370071670404e-37, "x6": 1.1737985065771028, "x7": 4.652625255209876, "x8": 0.9172451529711619, "x9": 2.475332771198038}, "datetime": {"datetime": "2025-05-13 16:36:27", "elapsed": 10665.261613, "delta": 22.202822}}
{"target": 38.97394266935376, "params": {"x0": 0.8, "x1": 0.9, "x2": 8.62162625951096e-38, "x3": 1.2798954657512535e-37, "x4": 1.454751771360564, "x5": 8.366700842214667e-38, "x6": 1.1737985065771028, "x7": 4.652625255209876, "x8": 0.9172451529711619, "x9": 2.475332771198038}, "datetime": {"datetime": "2025-05-13 16:36:48", "elapsed": 10686.031098, "delta": 20.769485}}
{"target": 38.97394266935376, "params": {"x0": 0.8, "x1": 0.9, "x2": 9.791149461652032e-38, "x3": 1.1171201184083428e-37, "x4": 1.454751771360564, "x5": 2.1561471138060676e-37, "x6": 1.1737985065771028, "x7": 4.652625255209876, "x8": 0.9172451529711619, "x9": 2.475332771198038}, "datetime": {"datetime": "2025-05-13 16:37:12", "elapsed": 10710.080597, "delta": 24.049499}}
{"target": 38.97394266935376, "params": {"x0": 0.8, "x1": 0.9, "x2": 1.5786514662950584e-38, "x3": 1.6649458411115946e-37, "x4": 1.454751771360564, "x5": 8.548292292147434e-38, "x6": 1.1737985065771028, "x7": 4.652625255209876, "x8": 0.9172451529711619, "x9": 2.475332771198038}, "datetime": {"datetime": "2025-05-13 16:37:34", "elapsed": 10732.53153, "delta": 22.450933}}
{"target": 38.97394266935376, "params": {"x0": 0.8, "x1": 0.9, "x2": 1.291016306002472e-37, "x3": 4.2854337478695463e-38, "x4": 1.454751771360564, "x5": 2.327788907081119e-37, "x6": 1.1737985065771028, "x7": 4.652625255209876, "x8": 0.9172451529711619, "x9": 2.475332771198038}, "datetime": {"datetime": "2025-05-13 16:37:59", "elapsed": 10757.568036, "delta": 25.036506}}
{"target": 38.97394266935376, "params": {"x0": 0.8, "x1": 0.9, "x2": 6.352769795398609e-38, "x3": 1.4005616186107047e-37, "x4": 1.454751771360564, "x5": 1.5645447399925185e-37, "x6": 1.1737985065771028, "x7": 4.652625255209876, "x8": 0.9172451529711619, "x9": 2.475332771198038}, "datetime": {"datetime": "2025-05-13 16:38:22", "elapsed": 10780.058269, "delta": 22.490233}}
{"target": 38.97394266935376, "params": {"x0": 0.8, "x1": 0.9, "x2": 8.545302382329871e-38, "x3": 1.3785683791040837e-37, "x4": 1.454751771360564, "x5": 2.8329615806639715e-39, "x6": 1.1737985065771028, "x7": 4.652625255209876, "x8": 0.9172451529711619, "x9": 2.475332771198038}, "datetime": {"datetime": "2025-05-13 16:38:46", "elapsed": 10804.408402, "delta": 24.350133}}
{"target": 38.97394266935376, "params": {"x0": 0.8, "x1": 0.9, "x2": 8.456253760293863e-38, "x3": 1.226578905595174e-37, "x4": 1.454751771360564, "x5": 1.2697728243314176e-37, "x6": 1.1737985065771028, "x7": 4.652625255209876, "x8": 0.9172451529711619, "x9": 2.475332771198038}, "datetime": {"datetime": "2025-05-13 16:39:09", "elapsed": 10827.058586, "delta": 22.650184}}
{"target": 38.97394266935376, "params": {"x0": 0.8, "x1": 0.9, "x2": 5.270138671712267e-38, "x3": 5.589445784038412e-38, "x4": 1.454751771360564, "x5": 1.1463558805693889e-37, "x6": 1.1737985065771028, "x7": 4.652625255209876, "x8": 0.9172451529711619, "x9": 2.475332771198038}, "datetime": {"datetime": "2025-05-13 16:39:31", "elapsed": 10849.576853, "delta": 22.518267}}
{"target": 38.97394266935376, "params": {"x0": 0.8, "x1": 0.9, "x2": 1.5545983285272137e-38, "x3": 7.641829337129964e-38, "x4": 1.454751771360564, "x5": 6.376421776663149e-38, "x6": 1.1737985065771028, "x7": 4.652625255209876, "x8": 0.9172451529711619, "x9": 2.475332771198038}, "datetime": {"datetime": "2025-05-13 16:39:50", "elapsed": 10868.500771, "delta": 18.923918}}
{"target": 38.97394266935376, "params": {"x0": 0.8, "x1": 0.9, "x2": 3.0029968292226527e-38, "x3": 7.796889514911782e-38, "x4": 1.454751771360564, "x5": 6.484753497152005e-38, "x6": 1.1737985065771028, "x7": 4.652625255209876, "x8": 0.9172451529711619, "x9": 2.475332771198038}, "datetime": {"datetime": "2025-05-13 16:40:15", "elapsed": 10893.267823, "delta": 24.767052}}
{"target": 38.97394266935376, "params": {"x0": 0.8, "x1": 0.9, "x2": 6.307257989812446e-38, "x3": 4.6147083682159635e-38, "x4": 1.454751771360564, "x5": 9.984400701944655e-38, "x6": 1.1737985065771028, "x7": 4.652625255209876, "x8": 0.9172451529711619, "x9": 2.475332771198038}, "datetime": {"datetime": "2025-05-13 16:40:39", "elapsed": 10917.215578, "delta": 23.947755}}
{"target": 38.97394266935376, "params": {"x0": 0.8, "x1": 0.9, "x2": 1.9643420480294136e-38, "x3": 7.152856333249311e-38, "x4": 1.454751771360564, "x5": 9.376620110511332e-38, "x6": 1.1737985065771028, "x7": 4.652625255209876, "x8": 0.9172451529711619, "x9": 2.475332771198038}, "datetime": {"datetime": "2025-05-13 16:40:55", "elapsed": 10933.042283, "delta": 15.826705}}
{"target": 38.97394266935376, "params": {"x0": 0.8, "x1": 0.9, "x2": 3.652594337798838e-38, "x3": 2.5997347010103984e-38, "x4": 1.454751771360564, "x5": 2.2776083587318057e-38, "x6": 1.1737985065771028, "x7": 4.652625255209876, "x8": 0.9172451529711619, "x9": 2.475332771198038}, "datetime": {"datetime": "2025-05-13 16:41:14", "elapsed": 10952.397201, "delta": 19.354918}}
{"target": 38.97394266935376, "params": {"x0": 0.8, "x1": 0.9, "x2": 2.1565727886887718e-38, "x3": 2.9824937079487993e-38, "x4": 1.454751771360564, "x5": 5.162839124067136e-38, "x6": 1.1737985065771028, "x7": 4.652625255209876, "x8": 0.9172451529711619, "x9": 2.475332771198038}, "datetime": {"datetime": "2025-05-13 16:41:39", "elapsed": 10977.383989, "delta": 24.986788}}
{"target": 38.97394266935376, "params": {"x0": 0.8, "x1": 0.9, "x2": 2.1417490406569683e-38, "x3": 2.638324899353015e-38, "x4": 1.454751771360564, "x5": 2.684523366382711e-38, "x6": 1.1737985065771028, "x7": 4.652625255209876, "x8": 0.9172451529711619, "x9": 2.475332771198038}, "datetime": {"datetime": "2025-05-13 16:41:58", "elapsed": 10996.568694, "delta": 19.184705}}
{"target": 38.97394266935376, "params": {"x0": 0.8, "x1": 0.9, "x2": 1.0306853900383025e-38, "x3": 4.902062224259228e-38, "x4": 1.454751771360564, "x5": 7.567516391661825e-39, "x6": 1.1737985065771028, "x7": 4.652625255209876, "x8": 0.9172451529711619, "x9": 2.475332771198038}, "datetime": {"datetime": "2025-05-13 16:42:20", "elapsed": 11018.821563, "delta": 22.252869}}
{"target": 38.97394266935376, "params": {"x0": 0.8, "x1": 0.9, "x2": 3.0657349704262937e-38, "x3": 1.9534148632720433e-38, "x4": 1.454751771360564, "x5": 6.309482761591243e-39, "x6": 1.1737985065771028, "x7": 4.652625255209876, "x8": 0.9172451529711619, "x9": 2.475332771198038}, "datetime": {"datetime": "2025-05-13 16:42:47", "elapsed": 11045.263969, "delta": 26.442406}}
{"target": 38.97394266935376, "params": {"x0": 0.8, "x1": 0.9, "x2": 1.5449570634857167e-38, "x3": 1.923498850360426e-38, "x4": 1.454751771360564, "x5": 2.1034303611889383e-38, "x6": 1.1737985065771028, "x7": 4.652625255209876, "x8": 0.9172451529711619, "x9": 2.475332771198038}, "datetime": {"datetime": "2025-05-13 16:43:13", "elapsed": 11071.618652, "delta": 26.354683}}
{"target": 38.97394266935376, "params": {"x0": 0.8, "x1": 0.9, "x2": 1.709012279960908e-38, "x3": 2.0169557154484504e-38, "x4": 1.454751771360564, "x5": 1.246463519974306e-38, "x6": 1.1737985065771028, "x7": 4.652625255209876, "x8": 0.9172451529711619, "x9": 2.475332771198038}, "datetime": {"datetime": "2025-05-13 16:43:39", "elapsed": 11097.306762, "delta": 25.68811}}
{"target": 38.97394266935376, "params": {"x0": 0.8, "x1": 0.9, "x2": 6.95131456914211e-39, "x3": 8.816490781284009e-39, "x4": 1.454751771360564, "x5": 6.475918089345498e-39, "x6": 1.1737985065771028, "x7": 4.652625255209876, "x8": 0.9172451529711619, "x9": 2.475332771198038}, "datetime": {"datetime": "2025-05-13 16:43:59", "elapsed": 11117.247834, "delta": 19.941072}}
{"target": 38.97394266935376, "params": {"x0": 0.8, "x1": 0.9, "x2": 1.2836978583134272e-39, "x3": 1.7616694327164709e-38, "x4": 1.454751771360564, "x5": 1.2818789262941557e-39, "x6": 1.1737985065771028, "x7": 4.652625255209876, "x8": 0.9172451529711619, "x9": 2.475332771198038}, "datetime": {"datetime": "2025-05-13 16:44:31", "elapsed": 11149.938655, "delta": 32.690821}}
{"target": 38.97394266935376, "params": {"x0": 0.8, "x1": 0.9, "x2": 1.4560206064297346e-38, "x3": 2.4629678042599534e-38, "x4": 1.454751771360564, "x5": 7.325099360606199e-39, "x6": 1.1737985065771028, "x7": 4.652625255209876, "x8": 0.9172451529711619, "x9": 2.475332771198038}, "datetime": {"datetime": "2025-05-13 16:44:55", "elapsed": 11173.095902, "delta": 23.157247}}
{"target": 38.97394266935376, "params": {"x0": 0.8, "x1": 0.9, "x2": 7.685135945321548e-39, "x3": 1.9301441110349748e-38, "x4": 1.454751771360564, "x5": 1.5387586457557255e-38, "x6": 1.1737985065771028, "x7": 4.652625255209876, "x8": 0.9172451529711619, "x9": 2.475332771198038}, "datetime": {"datetime": "2025-05-13 16:45:24", "elapsed": 11202.435769, "delta": 29.339867}}
{"target": 38.97394266935376, "params": {"x0": 0.8, "x1": 0.9, "x2": 1.5649659280687767e-38, "x3": 3.652651823797051e-40, "x4": 1.454751771360564, "x5": 1.4121857352462522e-39, "x6": 1.1737985065771028, "x7": 4.652625255209876, "x8": 0.9172451529711619, "x9": 2.475332771198038}, "datetime": {"datetime": "2025-05-13 16:45:50", "elapsed": 11228.643425, "delta": 26.207656}}
{"target": 38.97394266935376, "params": {"x0": 0.8, "x1": 0.9, "x2": 1.2228122430387266e-38, "x3": 7.420982409326289e-39, "x4": 1.454751771360564, "x5": 2.7157043220709568e-39, "x6": 1.1737985065771028, "x7": 4.652625255209876, "x8": 0.9172451529711619, "x9": 2.475332771198038}, "datetime": {"datetime": "2025-05-13 16:46:17", "elapsed": 11255.237558, "delta": 26.594133}}
{"target": 38.97394266935376, "params": {"x0": 0.8, "x1": 0.9, "x2": 4.154689554260368e-39, "x3": 6.082475359700418e-39, "x4": 1.454751771360564, "x5": 7.318238006283586e-39, "x6": 1.1737985065771028, "x7": 4.652625255209876, "x8": 0.9172451529711619, "x9": 2.475332771198038}, "datetime": {"datetime": "2025-05-13 16:46:43", "elapsed": 11281.765021, "delta": 26.527463}}
{"target": 38.97394266935376, "params": {"x0": 0.8, "x1": 0.9, "x2": 8.25420886968468e-39, "x3": 5.235550853243368e-39, "x4": 1.454751771360564, "x5": 1.2181982277993763e-38, "x6": 1.1737985065771028, "x7": 4.652625255209876, "x8": 0.9172451529711619, "x9": 2.475332771198038}, "datetime": {"datetime": "2025-05-13 16:47:14", "elapsed": 11312.413205, "delta": 30.648184}}
{"target": 38.97394266935376, "params": {"x0": 0.8, "x1": 0.9, "x2": 6.169293159249763e-39, "x3": 1.1652198101552133e-38, "x4": 1.454751771360564, "x5": 1.0946234316629942e-38, "x6": 1.1737985065771028, "x7": 4.652625255209876, "x8": 0.9172451529711619, "x9": 2.475332771198038}, "datetime": {"datetime": "2025-05-13 16:47:50", "elapsed": 11348.392325, "delta": 35.97912}}
{"target": 38.97394266935376, "params": {"x0": 0.8, "x1": 0.9, "x2": 3.8079192978572245e-39, "x3": 2.3335593896155655e-39, "x4": 1.454751771360564, "x5": 1.436234874841654e-38, "x6": 1.1737985065771028, "x7": 4.652625255209876, "x8": 0.9172451529711619, "x9": 2.475332771198038}, "datetime": {"datetime": "2025-05-13 16:48:13", "elapsed": 11371.3108, "delta": 22.918475}}
{"target": 38.97394266935376, "params": {"x0": 0.8, "x1": 0.9, "x2": 7.218813797991297e-39, "x3": 4.3122729904903044e-39, "x4": 1.454751771360564, "x5": 1.0964156863686317e-38, "x6": 1.1737985065771028, "x7": 4.652625255209876, "x8": 0.9172451529711619, "x9": 2.475332771198038}, "datetime": {"datetime": "2025-05-13 16:48:42", "elapsed": 11400.569563, "delta": 29.258763}}
{"target": 38.97394266935376, "params": {"x0": 0.8, "x1": 0.9, "x2": 6.199441419745112e-39, "x3": 2.9277889414207386e-39, "x4": 1.454751771360564, "x5": 1.1827095583590434e-38, "x6": 1.1737985065771028, "x7": 4.652625255209876, "x8": 0.9172451529711619, "x9": 2.475332771198038}, "datetime": {"datetime": "2025-05-13 16:49:10", "elapsed": 11428.948219, "delta": 28.378656}}
{"target": 38.97394266935376, "params": {"x0": 0.8, "x1": 0.9, "x2": 3.694591905099628e-39, "x3": 7.830234356312215e-40, "x4": 1.454751771360564, "x5": 7.473417323543763e-39, "x6": 1.1737985065771028, "x7": 4.652625255209876, "x8": 0.9172451529711619, "x9": 2.475332771198038}, "datetime": {"datetime": "2025-05-13 16:49:37", "elapsed": 11455.932805, "delta": 26.984586}}
{"target": 38.97394266935376, "params": {"x0": 0.8, "x1": 0.9, "x2": 3.003706064102389e-39, "x3": 2.7967418944200858e-39, "x4": 1.454751771360564, "x5": 6.948529013301788e-39, "x6": 1.1737985065771028, "x7": 4.652625255209876, "x8": 0.9172451529711619, "x9": 2.475332771198038}, "datetime": {"datetime": "2025-05-13 16:50:05", "elapsed": 11483.785689, "delta": 27.852884}}
{"target": 38.97394266935376, "params": {"x0": 0.8, "x1": 0.9, "x2": 4.9849296934057674e-39, "x3": 3.552784069658486e-39, "x4": 1.454751771360564, "x5": 7.815869620074022e-39, "x6": 1.1737985065771028, "x7": 4.652625255209876, "x8": 0.9172451529711619, "x9": 2.475332771198038}, "datetime": {"datetime": "2025-05-13 16:50:32", "elapsed": 11510.990655, "delta": 27.204966}}
{"target": 38.97394266935376, "params": {"x0": 0.8, "x1": 0.9, "x2": 4.262919264082395e-39, "x3": 2.6633302534117137e-39, "x4": 1.454751771360564, "x5": 5.436307407716766e-39, "x6": 1.1737985065771028, "x7": 4.652625255209876, "x8": 0.9172451529711619, "x9": 2.475332771198038}, "datetime": {"datetime": "2025-05-13 16:50:54", "elapsed": 11532.114601, "delta": 21.123946}}
{"target": 38.97394266935376, "params": {"x0": 0.8, "x1": 0.9, "x2": 1.2807550415043412e-39, "x3": 5.935271435330044e-39, "x4": 1.454751771360564, "x5": 2.4536894929448464e-39, "x6": 1.1737985065771028, "x7": 4.652625255209876, "x8": 0.9172451529711619, "x9": 2.475332771198038}, "datetime": {"datetime": "2025-05-13 16:51:28", "elapsed": 11566.505056, "delta": 34.390455}}
{"target": 38.97394266935376, "params": {"x0": 0.8, "x1": 0.9, "x2": 2.4950407445745177e-40, "x3": 5.396480850659954e-39, "x4": 1.454751771360564, "x5": 1.994913809100858e-39, "x6": 1.1737985065771028, "x7": 4.652625255209876, "x8": 0.9172451529711619, "x9": 2.475332771198038}, "datetime": {"datetime": "2025-05-13 16:51:55", "elapsed": 11593.324722, "delta": 26.819666}}
{"target": 38.97394266935376, "params": {"x0": 0.8, "x1": 0.9, "x2": 1.69785920115316e-39, "x3": 4.500200838161637e-39, "x4": 1.454751771360564, "x5": 1.4840671427498306e-40, "x6": 1.1737985065771028, "x7": 4.652625255209876, "x8": 0.9172451529711619, "x9": 2.475332771198038}, "datetime": {"datetime": "2025-05-13 16:52:15", "elapsed": 11613.279128, "delta": 19.954406}}
{"target": 38.97394266935376, "params": {"x0": 0.8, "x1": 0.9, "x2": 9.593017047082689e-40, "x3": 6.000435075836602e-40, "x4": 1.454751771360564, "x5": 2.1599356035092515e-39, "x6": 1.1737985065771028, "x7": 4.652625255209876, "x8": 0.9172451529711619, "x9": 2.475332771198038}, "datetime": {"datetime": "2025-05-13 16:52:42", "elapsed": 11640.580957, "delta": 27.301829}}
{"target": 38.97394266935376, "params": {"x0": 0.8, "x1": 0.9, "x2": 1.4695515289787282e-39, "x3": 2.618253739482735e-39, "x4": 1.454751771360564, "x5": 4.9589056231142603e-39, "x6": 1.1737985065771028, "x7": 4.652625255209876, "x8": 0.9172451529711619, "x9": 2.475332771198038}, "datetime": {"datetime": "2025-05-13 16:53:09", "elapsed": 11667.518359, "delta": 26.937402}}
{"target": 38.97394266935376, "params": {"x0": 0.8, "x1": 0.9, "x2": 1.4764026781888777e-39, "x3": 9.944774352408674e-40, "x4": 1.454751771360564, "x5": 4.4557055163033416e-39, "x6": 1.1737985065771028, "x7": 4.652625255209876, "x8": 0.9172451529711619, "x9": 2.475332771198038}, "datetime": {"datetime": "2025-05-13 16:53:36", "elapsed": 11694.075493, "delta": 26.557134}}
{"target": 38.97394266935376, "params": {"x0": 0.8, "x1": 0.9, "x2": 1.6585026164449053e-39, "x3": 4.6367864613811785e-40, "x4": 1.454751771360564, "x5": 1.0453742881693232e-39, "x6": 1.1737985065771028, "x7": 4.652625255209876, "x8": 0.9172451529711619, "x9": 2.475332771198038}, "datetime": {"datetime": "2025-05-13 16:54:04", "elapsed": 11722.753172, "delta": 28.677679}}
