{"target": 38.97394266935376, "params": {"x0": 0.8, "x1": 0.9, "x2": 9.012840230785977e-27, "x3": 6.88217306948766e-26, "x4": 1.454751771360564, "x5": 1.453760280500169e-26, "x6": 1.1737985065771028, "x7": 4.652625255209876, "x8": 0.9172451529711619, "x9": 2.475332771198038}, "datetime": {"datetime": "2025-05-13 15:18:03", "elapsed": 5961.209894, "delta": 16.162613}}
{"target": 38.97394266935376, "params": {"x0": 0.8, "x1": 0.9, "x2": 1.7430306673873044e-26, "x3": 5.479091077583855e-26, "x4": 1.454751771360564, "x5": 6.380231834879116e-26, "x6": 1.1737985065771028, "x7": 4.652625255209876, "x8": 0.9172451529711619, "x9": 2.475332771198038}, "datetime": {"datetime": "2025-05-13 15:18:15", "elapsed": 5973.883894, "delta": 12.674}}
{"target": 38.97394266935376, "params": {"x0": 0.8, "x1": 0.9, "x2": 3.1410839673929117e-26, "x3": 4.248399441550189e-26, "x4": 1.454751771360564, "x5": 6.745379601551048e-26, "x6": 1.1737985065771028, "x7": 4.652625255209876, "x8": 0.9172451529711619, "x9": 2.475332771198038}, "datetime": {"datetime": "2025-05-13 15:18:29", "elapsed": 5987.406905, "delta": 13.523011}}
{"target": 38.97394266935376, "params": {"x0": 0.8, "x1": 0.9, "x2": 2.704299297984849e-26, "x3": 5.831095538302961e-26, "x4": 1.454751771360564, "x5": 6.151314938429065e-26, "x6": 1.1737985065771028, "x7": 4.652625255209876, "x8": 0.9172451529711619, "x9": 2.475332771198038}, "datetime": {"datetime": "2025-05-13 15:18:43", "elapsed": 6001.611834, "delta": 14.204929}}
{"target": 38.97394266935376, "params": {"x0": 0.8, "x1": 0.9, "x2": 1.465918051334792e-26, "x3": 4.154033079145508e-26, "x4": 1.454751771360564, "x5": 4.4849215457057996e-27, "x6": 1.1737985065771028, "x7": 4.652625255209876, "x8": 0.9172451529711619, "x9": 2.475332771198038}, "datetime": {"datetime": "2025-05-13 15:18:59", "elapsed": 6017.061728, "delta": 15.449894}}
{"target": 38.97394266935376, "params": {"x0": 0.8, "x1": 0.9, "x2": 3.2080025584381726e-26, "x3": 1.2513592155336448e-26, "x4": 1.454751771360564, "x5": 5.504573023479789e-26, "x6": 1.1737985065771028, "x7": 4.652625255209876, "x8": 0.9172451529711619, "x9": 2.475332771198038}, "datetime": {"datetime": "2025-05-13 15:19:15", "elapsed": 6033.141596, "delta": 16.079868}}
{"target": 38.97394266935376, "params": {"x0": 0.8, "x1": 0.9, "x2": 7.394883536548102e-28, "x3": 2.0898604963349557e-26, "x4": 1.454751771360564, "x5": 2.3869336088388085e-26, "x6": 1.1737985065771028, "x7": 4.652625255209876, "x8": 0.9172451529711619, "x9": 2.475332771198038}, "datetime": {"datetime": "2025-05-13 15:19:31", "elapsed": 6049.09705, "delta": 15.955454}}
{"target": 38.97394266935376, "params": {"x0": 0.8, "x1": 0.9, "x2": 1.2917597254229566e-26, "x3": 3.7029484164455716e-26, "x4": 1.454751771360564, "x5": 9.373847819489663e-27, "x6": 1.1737985065771028, "x7": 4.652625255209876, "x8": 0.9172451529711619, "x9": 2.475332771198038}, "datetime": {"datetime": "2025-05-13 15:19:44", "elapsed": 6062.759581, "delta": 13.662531}}
{"target": 38.97394266935376, "params": {"x0": 0.8, "x1": 0.9, "x2": 7.084776565787354e-27, "x3": 2.1894560240954022e-26, "x4": 1.454751771360564, "x5": 3.4291620961224175e-26, "x6": 1.1737985065771028, "x7": 4.652625255209876, "x8": 0.9172451529711619, "x9": 2.475332771198038}, "datetime": {"datetime": "2025-05-13 15:19:58", "elapsed": 6076.55392, "delta": 13.794339}}
{"target": 38.97394266935376, "params": {"x0": 0.8, "x1": 0.9, "x2": 1.8978930872180111e-26, "x3": 9.854119962806809e-27, "x4": 1.454751771360564, "x5": 4.0526533704588424e-27, "x6": 1.1737985065771028, "x7": 4.652625255209876, "x8": 0.9172451529711619, "x9": 2.475332771198038}, "datetime": {"datetime": "2025-05-13 15:20:15", "elapsed": 6093.297743, "delta": 16.743823}}
{"target": 38.97394266935376, "params": {"x0": 0.8, "x1": 0.9, "x2": 1.8649778355507962e-26, "x3": 1.0087675866699366e-26, "x4": 1.454751771360564, "x5": 3.448154022191745e-26, "x6": 1.1737985065771028, "x7": 4.652625255209876, "x8": 0.9172451529711619, "x9": 2.475332771198038}, "datetime": {"datetime": "2025-05-13 15:20:30", "elapsed": 6108.974024, "delta": 15.676281}}
{"target": 38.97394266935376, "params": {"x0": 0.8, "x1": 0.9, "x2": 1.447773229812559e-26, "x3": 2.4480445142684793e-26, "x4": 1.454751771360564, "x5": 1.5540512971737342e-26, "x6": 1.1737985065771028, "x7": 4.652625255209876, "x8": 0.9172451529711619, "x9": 2.475332771198038}, "datetime": {"datetime": "2025-05-13 15:20:44", "elapsed": 6122.060159, "delta": 13.086135}}
{"target": 38.97394266935376, "params": {"x0": 0.8, "x1": 0.9, "x2": 3.459651397359995e-27, "x3": 1.463712548499724e-26, "x4": 1.454751771360564, "x5": 2.4909471694624105e-26, "x6": 1.1737985065771028, "x7": 4.652625255209876, "x8": 0.9172451529711619, "x9": 2.475332771198038}, "datetime": {"datetime": "2025-05-13 15:20:59", "elapsed": 6137.939595, "delta": 15.879436}}
{"target": 38.97394266935376, "params": {"x0": 0.8, "x1": 0.9, "x2": 6.4331469251747005e-27, "x3": 1.380190174980322e-26, "x4": 1.454751771360564, "x5": 2.365878525394381e-26, "x6": 1.1737985065771028, "x7": 4.652625255209876, "x8": 0.9172451529711619, "x9": 2.475332771198038}, "datetime": {"datetime": "2025-05-13 15:21:15", "elapsed": 6153.268184, "delta": 15.328589}}
{"target": 38.97394266935376, "params": {"x0": 0.8, "x1": 0.9, "x2": 9.163737922756541e-27, "x3": 8.0487138697415e-27, "x4": 1.454751771360564, "x5": 1.3410673418370875e-26, "x6": 1.1737985065771028, "x7": 4.652625255209876, "x8": 0.9172451529711619, "x9": 2.475332771198038}, "datetime": {"datetime": "2025-05-13 15:21:30", "elapsed": 6168.234795, "delta": 14.966611}}
{"target": 38.97394266935376, "params": {"x0": 0.8, "x1": 0.9, "x2": 1.2397031978394523e-27, "x3": 1.2356257093754695e-26, "x4": 1.454751771360564, "x5": 6.626113508935258e-27, "x6": 1.1737985065771028, "x7": 4.652625255209876, "x8": 0.9172451529711619, "x9": 2.475332771198038}, "datetime": {"datetime": "2025-05-13 15:21:46", "elapsed": 6184.365473, "delta": 16.130678}}
{"target": 38.97394266935376, "params": {"x0": 0.8, "x1": 0.9, "x2": 7.772723852508734e-27, "x3": 4.657099519150911e-27, "x4": 1.454751771360564, "x5": 9.688988166418131e-28, "x6": 1.1737985065771028, "x7": 4.652625255209876, "x8": 0.9172451529711619, "x9": 2.475332771198038}, "datetime": {"datetime": "2025-05-13 15:22:01", "elapsed": 6199.84289, "delta": 15.477417}}
{"target": 38.97394266935376, "params": {"x0": 0.8, "x1": 0.9, "x2": 4.3078841113542865e-27, "x3": 1.316574782300902e-26, "x4": 1.454751771360564, "x5": 1.2899716264373503e-26, "x6": 1.1737985065771028, "x7": 4.652625255209876, "x8": 0.9172451529711619, "x9": 2.475332771198038}, "datetime": {"datetime": "2025-05-13 15:22:15", "elapsed": 6213.617165, "delta": 13.774275}}
{"target": 38.97394266935376, "params": {"x0": 0.8, "x1": 0.9, "x2": 7.510480248370433e-27, "x3": 8.756402339838626e-27, "x4": 1.454751771360564, "x5": 2.6110145620426527e-27, "x6": 1.1737985065771028, "x7": 4.652625255209876, "x8": 0.9172451529711619, "x9": 2.475332771198038}, "datetime": {"datetime": "2025-05-13 15:22:29", "elapsed": 6227.639015, "delta": 14.02185}}
{"target": 38.97394266935376, "params": {"x0": 0.8, "x1": 0.9, "x2": 8.048640827266707e-28, "x3": 9.894047484537181e-27, "x4": 1.454751771360564, "x5": 5.644094356672222e-27, "x6": 1.1737985065771028, "x7": 4.652625255209876, "x8": 0.9172451529711619, "x9": 2.475332771198038}, "datetime": {"datetime": "2025-05-13 15:22:44", "elapsed": 6242.259359, "delta": 14.620344}}
{"target": 38.97394266935376, "params": {"x0": 0.8, "x1": 0.9, "x2": 1.827068155728845e-28, "x3": 3.291836982149676e-27, "x4": 1.454751771360564, "x5": 5.90526006312131e-27, "x6": 1.1737985065771028, "x7": 4.652625255209876, "x8": 0.9172451529711619, "x9": 2.475332771198038}, "datetime": {"datetime": "2025-05-13 15:22:58", "elapsed": 6256.286504, "delta": 14.027145}}
{"target": 38.97394266935376, "params": {"x0": 0.8, "x1": 0.9, "x2": 3.8826350478616645e-28, "x3": 2.0587397187584885e-27, "x4": 1.454751771360564, "x5": 2.7860570985870456e-27, "x6": 1.1737985065771028, "x7": 4.652625255209876, "x8": 0.9172451529711619, "x9": 2.475332771198038}, "datetime": {"datetime": "2025-05-13 15:23:15", "elapsed": 6273.457868, "delta": 17.171364}}
{"target": 38.97394266935376, "params": {"x0": 0.8, "x1": 0.9, "x2": 2.383429688105382e-27, "x3": 2.8219378709711226e-27, "x4": 1.454751771360564, "x5": 4.738632926647245e-27, "x6": 1.1737985065771028, "x7": 4.652625255209876, "x8": 0.9172451529711619, "x9": 2.475332771198038}, "datetime": {"datetime": "2025-05-13 15:23:30", "elapsed": 6288.135026, "delta": 14.677158}}
{"target": 38.97394266935376, "params": {"x0": 0.8, "x1": 0.9, "x2": 7.133430055396269e-28, "x3": 6.441854856909535e-27, "x4": 1.454751771360564, "x5": 9.528394654331139e-27, "x6": 1.1737985065771028, "x7": 4.652625255209876, "x8": 0.9172451529711619, "x9": 2.475332771198038}, "datetime": {"datetime": "2025-05-13 15:23:46", "elapsed": 6304.383857, "delta": 16.248831}}
{"target": 38.97394266935376, "params": {"x0": 0.8, "x1": 0.9, "x2": 4.581877379327823e-27, "x3": 4.925454191269971e-27, "x4": 1.454751771360564, "x5": 1.3714464309717341e-27, "x6": 1.1737985065771028, "x7": 4.652625255209876, "x8": 0.9172451529711619, "x9": 2.475332771198038}, "datetime": {"datetime": "2025-05-13 15:24:00", "elapsed": 6318.384442, "delta": 14.000585}}
{"target": 38.97394266935376, "params": {"x0": 0.8, "x1": 0.9, "x2": 2.385748566028615e-27, "x3": 4.231524788883217e-27, "x4": 1.454751771360564, "x5": 7.134285611132525e-27, "x6": 1.1737985065771028, "x7": 4.652625255209876, "x8": 0.9172451529711619, "x9": 2.475332771198038}, "datetime": {"datetime": "2025-05-13 15:24:14", "elapsed": 6332.677788, "delta": 14.293346}}
{"target": 38.97394266935376, "params": {"x0": 0.8, "x1": 0.9, "x2": 2.664224847422275e-27, "x3": 5.0377159557498346e-27, "x4": 1.454751771360564, "x5": 4.628047520682978e-27, "x6": 1.1737985065771028, "x7": 4.652625255209876, "x8": 0.9172451529711619, "x9": 2.475332771198038}, "datetime": {"datetime": "2025-05-13 15:24:30", "elapsed": 6348.849195, "delta": 16.171407}}
{"target": 38.97394266935376, "params": {"x0": 0.8, "x1": 0.9, "x2": 1.7957784209610446e-27, "x3": 1.5539079260426505e-27, "x4": 1.454751771360564, "x5": 2.422252500267031e-28, "x6": 1.1737985065771028, "x7": 4.652625255209876, "x8": 0.9172451529711619, "x9": 2.475332771198038}, "datetime": {"datetime": "2025-05-13 15:24:47", "elapsed": 6365.24388, "delta": 16.394685}}
{"target": 38.97394266935376, "params": {"x0": 0.8, "x1": 0.9, "x2": 1.8887988131857627e-27, "x3": 2.4834472875516572e-27, "x4": 1.454751771360564, "x5": 1.0479702837082264e-27, "x6": 1.1737985065771028, "x7": 4.652625255209876, "x8": 0.9172451529711619, "x9": 2.475332771198038}, "datetime": {"datetime": "2025-05-13 15:25:01", "elapsed": 6379.462045, "delta": 14.218165}}
{"target": 38.97394266935376, "params": {"x0": 0.8, "x1": 0.9, "x2": 2.2105824631445993e-27, "x3": 3.6566491240195875e-27, "x4": 1.454751771360564, "x5": 2.450646185677031e-27, "x6": 1.1737985065771028, "x7": 4.652625255209876, "x8": 0.9172451529711619, "x9": 2.475332771198038}, "datetime": {"datetime": "2025-05-13 15:25:15", "elapsed": 6393.715388, "delta": 14.253343}}
{"target": 38.97394266935376, "params": {"x0": 0.8, "x1": 0.9, "x2": 1.292621442919099e-27, "x3": 2.3675875030873543e-27, "x4": 1.454751771360564, "x5": 1.892613125536393e-27, "x6": 1.1737985065771028, "x7": 4.652625255209876, "x8": 0.9172451529711619, "x9": 2.475332771198038}, "datetime": {"datetime": "2025-05-13 15:25:31", "elapsed": 6409.095855, "delta": 15.380467}}
{"target": 38.97394266935376, "params": {"x0": 0.8, "x1": 0.9, "x2": 2.275142823824055e-27, "x3": 1.3175202426325808e-27, "x4": 1.454751771360564, "x5": 3.910829278900817e-27, "x6": 1.1737985065771028, "x7": 4.652625255209876, "x8": 0.9172451529711619, "x9": 2.475332771198038}, "datetime": {"datetime": "2025-05-13 15:25:46", "elapsed": 6424.764638, "delta": 15.668783}}
{"target": 38.97394266935376, "params": {"x0": 0.8, "x1": 0.9, "x2": 1.6712490885090584e-27, "x3": 6.370482840178535e-28, "x4": 1.454751771360564, "x5": 2.9475483938157404e-27, "x6": 1.1737985065771028, "x7": 4.652625255209876, "x8": 0.9172451529711619, "x9": 2.475332771198038}, "datetime": {"datetime": "2025-05-13 15:26:06", "elapsed": 6444.181162, "delta": 19.416524}}
{"target": 38.97394266935376, "params": {"x0": 0.8, "x1": 0.9, "x2": 1.1587670694535717e-27, "x3": 2.2545338659247803e-27, "x4": 1.454751771360564, "x5": 2.122632864785258e-27, "x6": 1.1737985065771028, "x7": 4.652625255209876, "x8": 0.9172451529711619, "x9": 2.475332771198038}, "datetime": {"datetime": "2025-05-13 15:26:21", "elapsed": 6459.23571, "delta": 15.054548}}
{"target": 38.97394266935376, "params": {"x0": 0.8, "x1": 0.9, "x2": 1.8257965505311041e-28, "x3": 8.137975681342465e-29, "x4": 1.454751771360564, "x5": 1.354503174661704e-27, "x6": 1.1737985065771028, "x7": 4.652625255209876, "x8": 0.9172451529711619, "x9": 2.475332771198038}, "datetime": {"datetime": "2025-05-13 15:26:36", "elapsed": 6474.575916, "delta": 15.340206}}
{"target": 38.97394266935376, "params": {"x0": 0.8, "x1": 0.9, "x2": 1.5583551692525708e-27, "x3": 1.3889155863154196e-27, "x4": 1.454751771360564, "x5": 1.683996678453858e-27, "x6": 1.1737985065771028, "x7": 4.652625255209876, "x8": 0.9172451529711619, "x9": 2.475332771198038}, "datetime": {"datetime": "2025-05-13 15:26:52", "elapsed": 6490.356712, "delta": 15.780796}}
{"target": 38.97394266935376, "params": {"x0": 0.8, "x1": 0.9, "x2": 9.71527170856625e-28, "x3": 5.9605805745867766e-28, "x4": 1.454751771360564, "x5": 1.2996069083724088e-27, "x6": 1.1737985065771028, "x7": 4.652625255209876, "x8": 0.9172451529711619, "x9": 2.475332771198038}, "datetime": {"datetime": "2025-05-13 15:27:08", "elapsed": 6507.006197, "delta": 16.649485}}
{"target": 38.97394266935376, "params": {"x0": 0.8, "x1": 0.9, "x2": 1.2057892717526094e-27, "x3": 1.5474794785136137e-27, "x4": 1.454751771360564, "x5": 7.485536536691302e-28, "x6": 1.1737985065771028, "x7": 4.652625255209876, "x8": 0.9172451529711619, "x9": 2.475332771198038}, "datetime": {"datetime": "2025-05-13 15:27:26", "elapsed": 6524.159721, "delta": 17.153524}}
{"target": 38.97394266935376, "params": {"x0": 0.8, "x1": 0.9, "x2": 8.324167966622223e-28, "x3": 1.2560571834431903e-27, "x4": 1.454751771360564, "x5": 1.1983686041029118e-27, "x6": 1.1737985065771028, "x7": 4.652625255209876, "x8": 0.9172451529711619, "x9": 2.475332771198038}, "datetime": {"datetime": "2025-05-13 15:27:41", "elapsed": 6539.351796, "delta": 15.192075}}
{"target": 38.97394266935376, "params": {"x0": 0.8, "x1": 0.9, "x2": 1.0025895337631943e-27, "x3": 1.0737832033514416e-27, "x4": 1.454751771360564, "x5": 1.3674686897382616e-27, "x6": 1.1737985065771028, "x7": 4.652625255209876, "x8": 0.9172451529711619, "x9": 2.475332771198038}, "datetime": {"datetime": "2025-05-13 15:27:58", "elapsed": 6556.187194, "delta": 16.835398}}
{"target": 38.97394266935376, "params": {"x0": 0.8, "x1": 0.9, "x2": 1.5231503496621874e-30, "x3": 5.3892789275967155e-28, "x4": 1.454751771360564, "x5": 9.016666804757547e-28, "x6": 1.1737985065771028, "x7": 4.652625255209876, "x8": 0.9172451529711619, "x9": 2.475332771198038}, "datetime": {"datetime": "2025-05-13 15:28:17", "elapsed": 6575.257427, "delta": 19.070233}}
{"target": 38.97394266935376, "params": {"x0": 0.8, "x1": 0.9, "x2": 9.881466692315524e-29, "x3": 9.269272701363828e-28, "x4": 1.454751771360564, "x5": 1.3075105649158579e-27, "x6": 1.1737985065771028, "x7": 4.652625255209876, "x8": 0.9172451529711619, "x9": 2.475332771198038}, "datetime": {"datetime": "2025-05-13 15:28:33", "elapsed": 6591.625007, "delta": 16.36758}}
{"target": 38.97394266935376, "params": {"x0": 0.8, "x1": 0.9, "x2": 2.3661183311453924e-28, "x3": 5.1623091150542215e-28, "x4": 1.454751771360564, "x5": 1.084200906399961e-28, "x6": 1.1737985065771028, "x7": 4.652625255209876, "x8": 0.9172451529711619, "x9": 2.475332771198038}, "datetime": {"datetime": "2025-05-13 15:28:48", "elapsed": 6606.888707, "delta": 15.2637}}
{"target": 38.97394266935376, "params": {"x0": 0.8, "x1": 0.9, "x2": 7.051829891828305e-29, "x3": 5.593893262994468e-29, "x4": 1.454751771360564, "x5": 1.074372153590277e-27, "x6": 1.1737985065771028, "x7": 4.652625255209876, "x8": 0.9172451529711619, "x9": 2.475332771198038}, "datetime": {"datetime": "2025-05-13 15:29:03", "elapsed": 6621.532155, "delta": 14.643448}}
{"target": 38.97394266935376, "params": {"x0": 0.8, "x1": 0.9, "x2": 3.2774415930114316e-28, "x3": 2.37859934492355e-28, "x4": 1.454751771360564, "x5": 7.249165523190072e-28, "x6": 1.1737985065771028, "x7": 4.652625255209876, "x8": 0.9172451529711619, "x9": 2.475332771198038}, "datetime": {"datetime": "2025-05-13 15:29:20", "elapsed": 6638.051241, "delta": 16.519086}}
{"target": 38.97394266935376, "params": {"x0": 0.8, "x1": 0.9, "x2": 3.725407456600573e-30, "x3": 2.8607271565229465e-29, "x4": 1.454751771360564, "x5": 5.633361748217058e-28, "x6": 1.1737985065771028, "x7": 4.652625255209876, "x8": 0.9172451529711619, "x9": 2.475332771198038}, "datetime": {"datetime": "2025-05-13 15:29:38", "elapsed": 6656.058182, "delta": 18.006941}}
{"target": 38.97394266935376, "params": {"x0": 0.8, "x1": 0.9, "x2": 3.326550495167199e-28, "x3": 6.247761746802626e-28, "x4": 1.454751771360564, "x5": 1.5126779334466587e-28, "x6": 1.1737985065771028, "x7": 4.652625255209876, "x8": 0.9172451529711619, "x9": 2.475332771198038}, "datetime": {"datetime": "2025-05-13 15:29:55", "elapsed": 6673.496976, "delta": 17.438794}}
{"target": 38.97394266935376, "params": {"x0": 0.8, "x1": 0.9, "x2": 3.3313003523728358e-28, "x3": 6.62341805253739e-29, "x4": 1.454751771360564, "x5": 3.6932931385427393e-28, "x6": 1.1737985065771028, "x7": 4.652625255209876, "x8": 0.9172451529711619, "x9": 2.475332771198038}, "datetime": {"datetime": "2025-05-13 15:30:14", "elapsed": 6692.093288, "delta": 18.596312}}
{"target": 38.97394266935376, "params": {"x0": 0.8, "x1": 0.9, "x2": 6.029146721671626e-29, "x3": 2.567558288428892e-28, "x4": 1.454751771360564, "x5": 5.841332389297611e-28, "x6": 1.1737985065771028, "x7": 4.652625255209876, "x8": 0.9172451529711619, "x9": 2.475332771198038}, "datetime": {"datetime": "2025-05-13 15:30:30", "elapsed": 6708.738515, "delta": 16.645227}}
{"target": 38.97394266935376, "params": {"x0": 0.8, "x1": 0.9, "x2": 1.162057336310635e-28, "x3": 1.0844818801968224e-28, "x4": 1.454751771360564, "x5": 4.409640606729002e-28, "x6": 1.1737985065771028, "x7": 4.652625255209876, "x8": 0.9172451529711619, "x9": 2.475332771198038}, "datetime": {"datetime": "2025-05-13 15:30:45", "elapsed": 6723.995671, "delta": 15.257156}}
{"target": 38.97394266935376, "params": {"x0": 0.8, "x1": 0.9, "x2": 2.1002503095269157e-28, "x3": 9.100885235139041e-29, "x4": 1.454751771360564, "x5": 3.7662345825397067e-28, "x6": 1.1737985065771028, "x7": 4.652625255209876, "x8": 0.9172451529711619, "x9": 2.475332771198038}, "datetime": {"datetime": "2025-05-13 15:31:03", "elapsed": 6741.22317, "delta": 17.227499}}
{"target": 38.97394266935376, "params": {"x0": 0.8, "x1": 0.9, "x2": 6.72159639166135e-29, "x3": 5.948995033957338e-29, "x4": 1.454751771360564, "x5": 3.1490212548517275e-28, "x6": 1.1737985065771028, "x7": 4.652625255209876, "x8": 0.9172451529711619, "x9": 2.475332771198038}, "datetime": {"datetime": "2025-05-13 15:31:20", "elapsed": 6758.766008, "delta": 17.542838}}
{"target": 38.97394266935376, "params": {"x0": 0.8, "x1": 0.9, "x2": 9.533512789347145e-29, "x3": 1.2337864440088113e-28, "x4": 1.454751771360564, "x5": 3.0281779319912267e-28, "x6": 1.1737985065771028, "x7": 4.652625255209876, "x8": 0.9172451529711619, "x9": 2.475332771198038}, "datetime": {"datetime": "2025-05-13 15:31:36", "elapsed": 6774.268536, "delta": 15.502528}}
{"target": 38.97394266935376, "params": {"x0": 0.8, "x1": 0.9, "x2": 1.1724004118698716e-28, "x3": 2.3932141274409477e-28, "x4": 1.454751771360564, "x5": 2.6733376413553445e-28, "x6": 1.1737985065771028, "x7": 4.652625255209876, "x8": 0.9172451529711619, "x9": 2.475332771198038}, "datetime": {"datetime": "2025-05-13 15:31:51", "elapsed": 6789.143067, "delta": 14.874531}}
{"target": 38.97394266935376, "params": {"x0": 0.8, "x1": 0.9, "x2": 1.3805885226565566e-28, "x3": 2.5618180629402526e-28, "x4": 1.454751771360564, "x5": 1.5438789921594006e-28, "x6": 1.1737985065771028, "x7": 4.652625255209876, "x8": 0.9172451529711619, "x9": 2.475332771198038}, "datetime": {"datetime": "2025-05-13 15:32:07", "elapsed": 6805.083544, "delta": 15.940477}}
{"target": 38.97394266935376, "params": {"x0": 0.8, "x1": 0.9, "x2": 5.166623735005414e-29, "x3": 1.159343627001481e-28, "x4": 1.454751771360564, "x5": 2.836858265551569e-28, "x6": 1.1737985065771028, "x7": 4.652625255209876, "x8": 0.9172451529711619, "x9": 2.475332771198038}, "datetime": {"datetime": "2025-05-13 15:32:22", "elapsed": 6820.15295, "delta": 15.069406}}
{"target": 38.97394266935376, "params": {"x0": 0.8, "x1": 0.9, "x2": 1.6543666284167066e-28, "x3": 4.304507227512099e-29, "x4": 1.454751771360564, "x5": 2.3177914649610973e-28, "x6": 1.1737985065771028, "x7": 4.652625255209876, "x8": 0.9172451529711619, "x9": 2.475332771198038}, "datetime": {"datetime": "2025-05-13 15:32:36", "elapsed": 6834.147941, "delta": 13.994991}}
{"target": 38.97394266935376, "params": {"x0": 0.8, "x1": 0.9, "x2": 9.536092848871752e-29, "x3": 1.097235799019375e-28, "x4": 1.454751771360564, "x5": 1.540112940599376e-28, "x6": 1.1737985065771028, "x7": 4.652625255209876, "x8": 0.9172451529711619, "x9": 2.475332771198038}, "datetime": {"datetime": "2025-05-13 15:32:54", "elapsed": 6852.372118, "delta": 18.224177}}
{"target": 38.97394266935376, "params": {"x0": 0.8, "x1": 0.9, "x2": 8.019423387299845e-29, "x3": 1.4195594967087366e-28, "x4": 1.454751771360564, "x5": 6.366947499321733e-29, "x6": 1.1737985065771028, "x7": 4.652625255209876, "x8": 0.9172451529711619, "x9": 2.475332771198038}, "datetime": {"datetime": "2025-05-13 15:33:12", "elapsed": 6870.122699, "delta": 17.750581}}
