{"target": 38.97394266935376, "params": {"x0": 0.8000000000000002, "x1": 0.9000000000000037, "x2": 6.952822499546476e-16, "x3": 2.6765123518171905e-15, "x4": 1.4547517713606686, "x5": 1.6292644453030014e-15, "x6": 1.1737985065778127, "x7": 4.652625255049727, "x8": 0.91724515297108, "x9": 2.4753327711981723}, "datetime": {"datetime": "2025-05-13 14:31:06", "elapsed": 3144.230399, "delta": 9.740895}}
{"target": 38.97394266935376, "params": {"x0": 0.8, "x1": 0.9000000000000035, "x2": 3.961583289778977e-16, "x3": 3.3040511120326168e-15, "x4": 1.4547517713607696, "x5": 4.054081639434357e-15, "x6": 1.173798506577403, "x7": 4.652625255204869, "x8": 0.9172451529711818, "x9": 2.4753327711983957}, "datetime": {"datetime": "2025-05-13 14:31:15", "elapsed": 3153.743868, "delta": 9.513469}}
{"target": 38.97394266935376, "params": {"x0": 0.8000000000000002, "x1": 0.9000000000000001, "x2": 2.580847731829192e-15, "x3": 1.4641174236034674e-15, "x4": 1.4547517713603244, "x5": 1.3492352200904e-15, "x6": 1.1737985065782757, "x7": 4.65262525507222, "x8": 0.9172451529711135, "x9": 2.4753327711979867}, "datetime": {"datetime": "2025-05-13 14:31:25", "elapsed": 3163.294766, "delta": 9.550898}}
{"target": 38.97394266935376, "params": {"x0": 0.8000000000000002, "x1": 0.9000000000000035, "x2": 1.5607100653856552e-15, "x3": 1.3080899246036107e-15, "x4": 1.454751771360753, "x5": 6.062484683496802e-16, "x6": 1.173798506575877, "x7": 4.6526252551477025, "x8": 0.9172451529710344, "x9": 2.475332771197791}, "datetime": {"datetime": "2025-05-13 14:31:35", "elapsed": 3173.252057, "delta": 9.957291}}
{"target": 38.97394266935376, "params": {"x0": 0.8000000000000002, "x1": 0.9000000000000016, "x2": 1.2729175939233554e-15, "x3": 1.568849799111129e-15, "x4": 1.4547517713606912, "x5": 3.3176170986225895e-16, "x6": 1.1737985065771084, "x7": 4.65262525505372, "x8": 0.9172451529712432, "x9": 2.4753327711981488}, "datetime": {"datetime": "2025-05-13 14:31:47", "elapsed": 3185.69257, "delta": 12.440513}}
{"target": 38.97394266935376, "params": {"x0": 0.8, "x1": 0.9000000000000002, "x2": 6.875327166205226e-16, "x3": 1.5717091553322465e-15, "x4": 1.4547517713605975, "x5": 2.5846549095649888e-15, "x6": 1.1737985065773837, "x7": 4.652625255231048, "x8": 0.9172451529712381, "x9": 2.4753327711977704}, "datetime": {"datetime": "2025-05-13 14:31:57", "elapsed": 3195.362499, "delta": 9.669929}}
{"target": 38.97394266935376, "params": {"x0": 0.8, "x1": 0.9000000000000001, "x2": 4.65644618991362e-16, "x3": 1.924268228475513e-15, "x4": 1.4547517713606943, "x5": 2.394633263396278e-15, "x6": 1.1737985065766896, "x7": 4.652625255120058, "x8": 0.9172451529712203, "x9": 2.475332771198144}, "datetime": {"datetime": "2025-05-13 14:32:07", "elapsed": 3205.52483, "delta": 10.162331}}
{"target": 38.97394266935376, "params": {"x0": 0.8, "x1": 0.9000000000000015, "x2": 3.048048399034918e-16, "x3": 1.072812936227169e-15, "x4": 1.4547517713605773, "x5": 2.6091924725113612e-15, "x6": 1.1737985065767, "x7": 4.652625255168843, "x8": 0.9172451529711958, "x9": 2.4753327711980666}, "datetime": {"datetime": "2025-05-13 14:32:17", "elapsed": 3215.461924, "delta": 9.937094}}
{"target": 38.97394266935376, "params": {"x0": 0.8, "x1": 0.9000000000000021, "x2": 1.2073921748364937e-15, "x3": 1.1574286823028715e-15, "x4": 1.454751771360568, "x5": 2.477946716354798e-16, "x6": 1.1737985065774417, "x7": 4.652625255302681, "x8": 0.9172451529712081, "x9": 2.475332771197983}, "datetime": {"datetime": "2025-05-13 14:32:27", "elapsed": 3225.347273, "delta": 9.885349}}
{"target": 38.97394266935376, "params": {"x0": 0.8, "x1": 0.9000000000000015, "x2": 6.375881699372233e-16, "x3": 3.098836042078011e-16, "x4": 1.4547517713606923, "x5": 1.9290878040959417e-15, "x6": 1.1737985065770415, "x7": 4.652625255184027, "x8": 0.9172451529712251, "x9": 2.475332771197903}, "datetime": {"datetime": "2025-05-13 14:32:36", "elapsed": 3234.98701, "delta": 9.639737}}
{"target": 38.97394266935376, "params": {"x0": 0.8000000000000002, "x1": 0.9000000000000007, "x2": 2.4175457866514366e-16, "x3": 4.862968212969232e-16, "x4": 1.4547517713605913, "x5": 4.939995991849382e-16, "x6": 1.1737985065774335, "x7": 4.652625255127145, "x8": 0.9172451529712133, "x9": 2.475332771198139}, "datetime": {"datetime": "2025-05-13 14:32:47", "elapsed": 3245.243769, "delta": 10.256759}}
{"target": 38.97394266935376, "params": {"x0": 0.8, "x1": 0.9000000000000012, "x2": 6.17710100702367e-16, "x3": 1.2571859493780583e-15, "x4": 1.4547517713606042, "x5": 9.081257131920062e-16, "x6": 1.1737985065769594, "x7": 4.652625255265464, "x8": 0.9172451529712002, "x9": 2.475332771198036}, "datetime": {"datetime": "2025-05-13 14:32:58", "elapsed": 3256.837089, "delta": 11.59332}}
{"target": 38.97394266935376, "params": {"x0": 0.8, "x1": 0.9000000000000012, "x2": 5.400848095196405e-16, "x3": 2.3551191094071925e-16, "x4": 1.454751771360507, "x5": 1.2219927908837866e-15, "x6": 1.1737985065769136, "x7": 4.652625255250607, "x8": 0.9172451529711606, "x9": 2.4753327711979716}, "datetime": {"datetime": "2025-05-13 14:33:08", "elapsed": 3266.637881, "delta": 9.800792}}
{"target": 38.97394266935376, "params": {"x0": 0.8, "x1": 0.9000000000000008, "x2": 6.243565684027656e-16, "x3": 8.775653027460227e-16, "x4": 1.4547517713605187, "x5": 2.66811871116645e-16, "x6": 1.173798506576684, "x7": 4.6526252552382426, "x8": 0.9172451529711441, "x9": 2.4753327711980804}, "datetime": {"datetime": "2025-05-13 14:33:18", "elapsed": 3276.576958, "delta": 9.939077}}
{"target": 38.97394266935376, "params": {"x0": 0.8, "x1": 0.900000000000001, "x2": 3.244991491933945e-17, "x3": 2.711614897131195e-16, "x4": 1.454751771360596, "x5": 1.847122992499395e-16, "x6": 1.1737985065771304, "x7": 4.652625255171135, "x8": 0.917245152971177, "x9": 2.475332771198014}, "datetime": {"datetime": "2025-05-13 14:33:29", "elapsed": 3287.305758, "delta": 10.7288}}
{"target": 38.97394266935376, "params": {"x0": 0.8, "x1": 0.9000000000000004, "x2": 1.3087513224554775e-16, "x3": 2.746998513821139e-16, "x4": 1.454751771360492, "x5": 7.66514610479869e-16, "x6": 1.173798506577032, "x7": 4.652625255240419, "x8": 0.9172451529711348, "x9": 2.475332771198107}, "datetime": {"datetime": "2025-05-13 14:33:38", "elapsed": 3296.670803, "delta": 9.365045}}
{"target": 38.97394266935376, "params": {"x0": 0.8, "x1": 0.9000000000000004, "x2": 2.2445111948059813e-16, "x3": 6.189056819178232e-16, "x4": 1.4547517713606255, "x5": 2.046083434333512e-16, "x6": 1.1737985065770307, "x7": 4.652625255238684, "x8": 0.9172451529711867, "x9": 2.475332771198083}, "datetime": {"datetime": "2025-05-13 14:33:48", "elapsed": 3306.306152, "delta": 9.635349}}
{"target": 38.97394266935376, "params": {"x0": 0.8, "x1": 0.9000000000000005, "x2": 4.767541315390765e-16, "x3": 2.395708933401732e-16, "x4": 1.4547517713605047, "x5": 4.557820117376181e-16, "x6": 1.1737985065770142, "x7": 4.652625255238276, "x8": 0.9172451529711527, "x9": 2.475332771198108}, "datetime": {"datetime": "2025-05-13 14:33:57", "elapsed": 3315.841222, "delta": 9.53507}}
{"target": 38.97394266935376, "params": {"x0": 0.8, "x1": 0.9000000000000004, "x2": 6.776821335061159e-18, "x3": 2.6494900552789884e-16, "x4": 1.454751771360605, "x5": 7.777380240403324e-17, "x6": 1.1737985065773537, "x7": 4.652625255196951, "x8": 0.9172451529711599, "x9": 2.475332771197988}, "datetime": {"datetime": "2025-05-13 14:34:07", "elapsed": 3325.741914, "delta": 9.900692}}
{"target": 38.97394266935376, "params": {"x0": 0.8, "x1": 0.9000000000000005, "x2": 4.0114069154779693e-16, "x3": 1.6961996549425635e-16, "x4": 1.4547517713605582, "x5": 6.224619312603077e-16, "x6": 1.1737985065768979, "x7": 4.652625255210022, "x8": 0.917245152971158, "x9": 2.475332771198094}, "datetime": {"datetime": "2025-05-13 14:34:17", "elapsed": 3335.809473, "delta": 10.067559}}
{"target": 38.97394266935376, "params": {"x0": 0.8, "x1": 0.9000000000000004, "x2": 3.751063834410111e-16, "x3": 1.3233464259179072e-16, "x4": 1.4547517713605675, "x5": 9.003146025049286e-17, "x6": 1.173798506576972, "x7": 4.652625255181737, "x8": 0.9172451529711729, "x9": 2.4753327711980617}, "datetime": {"datetime": "2025-05-13 14:34:28", "elapsed": 3346.056053, "delta": 10.24658}}
{"target": 38.97394266935376, "params": {"x0": 0.8, "x1": 0.9000000000000001, "x2": 2.7977028842013935e-16, "x3": 9.272205814224723e-17, "x4": 1.4547517713605607, "x5": 2.0146566243527437e-16, "x6": 1.1737985065771737, "x7": 4.652625255194514, "x8": 0.9172451529711596, "x9": 2.4753327711980537}, "datetime": {"datetime": "2025-05-13 14:34:37", "elapsed": 3355.524924, "delta": 9.468871}}
{"target": 38.97394266935376, "params": {"x0": 0.8, "x1": 0.9000000000000002, "x2": 1.0409313687023876e-16, "x3": 3.559900942555765e-16, "x4": 1.4547517713605884, "x5": 6.934869574337999e-19, "x6": 1.1737985065769867, "x7": 4.652625255196536, "x8": 0.917245152971161, "x9": 2.4753327711979987}, "datetime": {"datetime": "2025-05-13 14:34:48", "elapsed": 3366.015947, "delta": 10.491023}}
{"target": 38.97394266935376, "params": {"x0": 0.8, "x1": 0.9000000000000004, "x2": 1.807456841873598e-16, "x3": 8.171370077285938e-17, "x4": 1.454751771360542, "x5": 3.3101483554540275e-16, "x6": 1.1737985065769865, "x7": 4.652625255231101, "x8": 0.9172451529711679, "x9": 2.47533277119807}, "datetime": {"datetime": "2025-05-13 14:34:57", "elapsed": 3375.363842, "delta": 9.347895}}
{"target": 38.97394266935376, "params": {"x0": 0.8, "x1": 0.9000000000000001, "x2": 1.1720119249683444e-16, "x3": 1.3258411240133946e-16, "x4": 1.4547517713605795, "x5": 1.159295835084273e-16, "x6": 1.1737985065771894, "x7": 4.652625255225974, "x8": 0.9172451529711534, "x9": 2.475332771198006}, "datetime": {"datetime": "2025-05-13 14:35:07", "elapsed": 3385.701385, "delta": 10.337543}}
{"target": 38.97394266935376, "params": {"x0": 0.8, "x1": 0.9, "x2": 4.985896182059121e-17, "x3": 6.065560712323039e-17, "x4": 1.4547517713605742, "x5": 3.8332150207624375e-16, "x6": 1.1737985065770307, "x7": 4.652625255221915, "x8": 0.9172451529711657, "x9": 2.475332771198011}, "datetime": {"datetime": "2025-05-13 14:35:17", "elapsed": 3395.145683, "delta": 9.444298}}
{"target": 38.97394266935376, "params": {"x0": 0.8, "x1": 0.9000000000000001, "x2": 2.5265245533228552e-17, "x3": 1.0559192356109636e-16, "x4": 1.4547517713605544, "x5": 1.4410250676114864e-16, "x6": 1.1737985065770546, "x7": 4.65262525520087, "x8": 0.9172451529711547, "x9": 2.475332771198013}, "datetime": {"datetime": "2025-05-13 14:35:27", "elapsed": 3405.286184, "delta": 10.140501}}
{"target": 38.97394266935376, "params": {"x0": 0.8, "x1": 0.9, "x2": 1.3290155644259276e-16, "x3": 1.594202777830871e-16, "x4": 1.454751771360545, "x5": 2.688491349207432e-16, "x6": 1.173798506576998, "x7": 4.652625255220328, "x8": 0.9172451529711723, "x9": 2.4753327711980124}, "datetime": {"datetime": "2025-05-13 14:35:37", "elapsed": 3415.329947, "delta": 10.043763}}
{"target": 38.97394266935376, "params": {"x0": 0.8, "x1": 0.9000000000000001, "x2": 5.88182673926725e-17, "x3": 1.5540122100241383e-16, "x4": 1.4547517713605733, "x5": 2.929420317689207e-16, "x6": 1.17379850657719, "x7": 4.6526252552082425, "x8": 0.9172451529711552, "x9": 2.4753327711980586}, "datetime": {"datetime": "2025-05-13 14:35:48", "elapsed": 3426.392833, "delta": 11.062886}}
{"target": 38.97394266935376, "params": {"x0": 0.8, "x1": 0.9000000000000001, "x2": 3.106053422247358e-17, "x3": 1.9581388783847811e-16, "x4": 1.4547517713605618, "x5": 1.8075034426171365e-16, "x6": 1.1737985065771583, "x7": 4.652625255215097, "x8": 0.9172451529711646, "x9": 2.475332771198055}, "datetime": {"datetime": "2025-05-13 14:35:57", "elapsed": 3435.900291, "delta": 9.507458}}
{"target": 38.97394266935376, "params": {"x0": 0.8, "x1": 0.9000000000000002, "x2": 3.753066354211622e-17, "x3": 7.309205833929415e-17, "x4": 1.4547517713605793, "x5": 2.301237658581065e-16, "x6": 1.1737985065771495, "x7": 4.652625255200008, "x8": 0.9172451529711656, "x9": 2.475332771198019}, "datetime": {"datetime": "2025-05-13 14:36:08", "elapsed": 3446.084535, "delta": 10.184244}}
{"target": 38.97394266935376, "params": {"x0": 0.8, "x1": 0.9000000000000001, "x2": 6.929523387581876e-17, "x3": 4.821510133459657e-18, "x4": 1.4547517713605722, "x5": 9.833873628353012e-18, "x6": 1.173798506577148, "x7": 4.652625255202688, "x8": 0.9172451529711575, "x9": 2.475332771198047}, "datetime": {"datetime": "2025-05-13 14:36:18", "elapsed": 3456.502083, "delta": 10.417548}}
{"target": 38.97394266935376, "params": {"x0": 0.8, "x1": 0.9000000000000001, "x2": 7.982018548954162e-17, "x3": 8.848372652564519e-17, "x4": 1.454751771360558, "x5": 4.110417149394234e-17, "x6": 1.1737985065771466, "x7": 4.652625255206792, "x8": 0.9172451529711558, "x9": 2.475332771198046}, "datetime": {"datetime": "2025-05-13 14:36:29", "elapsed": 3467.843836, "delta": 11.341753}}
{"target": 38.97394266935376, "params": {"x0": 0.8, "x1": 0.9000000000000001, "x2": 5.868937154497653e-17, "x3": 3.2181023997156077e-18, "x4": 1.454751771360568, "x5": 2.6188620725194853e-17, "x6": 1.1737985065771002, "x7": 4.652625255216434, "x8": 0.9172451529711634, "x9": 2.475332771198033}, "datetime": {"datetime": "2025-05-13 14:36:39", "elapsed": 3477.44597, "delta": 9.602134}}
{"target": 38.97394266935376, "params": {"x0": 0.8, "x1": 0.9, "x2": 7.525558884019043e-17, "x3": 6.705946601345072e-17, "x4": 1.4547517713605562, "x5": 1.263116216456533e-16, "x6": 1.173798506577056, "x7": 4.652625255211579, "x8": 0.9172451529711572, "x9": 2.475332771198027}, "datetime": {"datetime": "2025-05-13 14:36:50", "elapsed": 3488.369771, "delta": 10.923801}}
{"target": 38.97394266935376, "params": {"x0": 0.8, "x1": 0.9000000000000001, "x2": 2.8643420771702117e-17, "x3": 4.882748714515785e-18, "x4": 1.454751771360557, "x5": 6.524838962397491e-17, "x6": 1.173798506577058, "x7": 4.652625255207346, "x8": 0.9172451529711606, "x9": 2.4753327711980315}, "datetime": {"datetime": "2025-05-13 14:37:01", "elapsed": 3499.349462, "delta": 10.979691}}
{"target": 38.97394266935376, "params": {"x0": 0.8, "x1": 0.9000000000000001, "x2": 1.7360702215009167e-17, "x3": 9.73364972084729e-18, "x4": 1.4547517713605629, "x5": 1.0556906311025197e-16, "x6": 1.1737985065771035, "x7": 4.652625255204438, "x8": 0.9172451529711658, "x9": 2.4753327711980333}, "datetime": {"datetime": "2025-05-13 14:37:12", "elapsed": 3510.165269, "delta": 10.815807}}
{"target": 38.97394266935376, "params": {"x0": 0.8, "x1": 0.9000000000000001, "x2": 2.457717256539824e-17, "x3": 1.1166628178421451e-17, "x4": 1.4547517713605649, "x5": 4.7801439386955546e-17, "x6": 1.1737985065770846, "x7": 4.652625255213913, "x8": 0.9172451529711598, "x9": 2.4753327711980364}, "datetime": {"datetime": "2025-05-13 14:37:22", "elapsed": 3520.353379, "delta": 10.18811}}
{"target": 38.97394266935376, "params": {"x0": 0.8, "x1": 0.9, "x2": 5.5443850037232556e-17, "x3": 6.544959148089468e-17, "x4": 1.4547517713605687, "x5": 9.557172379821654e-17, "x6": 1.1737985065771026, "x7": 4.6526252552073375, "x8": 0.9172451529711648, "x9": 2.4753327711980306}, "datetime": {"datetime": "2025-05-13 14:37:32", "elapsed": 3530.681356, "delta": 10.327977}}
{"target": 38.97394266935376, "params": {"x0": 0.8, "x1": 0.9, "x2": 4.815980041303263e-17, "x3": 4.24912353406248e-17, "x4": 1.454751771360562, "x5": 6.766177028529391e-17, "x6": 1.1737985065771155, "x7": 4.65262525521332, "x8": 0.9172451529711628, "x9": 2.4753327711980444}, "datetime": {"datetime": "2025-05-13 14:37:43", "elapsed": 3541.654033, "delta": 10.972677}}
{"target": 38.97394266935376, "params": {"x0": 0.8, "x1": 0.9, "x2": 4.316179286893297e-18, "x3": 5.732035862106498e-18, "x4": 1.454751771360562, "x5": 2.296687211078067e-17, "x6": 1.1737985065771137, "x7": 4.652625255207649, "x8": 0.917245152971163, "x9": 2.475332771198033}, "datetime": {"datetime": "2025-05-13 14:37:53", "elapsed": 3551.726065, "delta": 10.072032}}
{"target": 38.97394266935376, "params": {"x0": 0.8, "x1": 0.9000000000000001, "x2": 1.0863813670918552e-17, "x3": 2.3862106930101038e-17, "x4": 1.454751771360567, "x5": 5.4122527155412326e-18, "x6": 1.1737985065771097, "x7": 4.652625255212541, "x8": 0.9172451529711627, "x9": 2.4753327711980355}, "datetime": {"datetime": "2025-05-13 14:38:03", "elapsed": 3561.434554, "delta": 9.708489}}
{"target": 38.97394266935376, "params": {"x0": 0.8, "x1": 0.9, "x2": 2.978618247335455e-17, "x3": 1.7891559071803625e-17, "x4": 1.4547517713605647, "x5": 3.390235032629245e-17, "x6": 1.1737985065771015, "x7": 4.652625255212291, "x8": 0.91724515297116, "x9": 2.4753327711980355}, "datetime": {"datetime": "2025-05-13 14:38:14", "elapsed": 3572.114678, "delta": 10.680124}}
{"target": 38.97394266935376, "params": {"x0": 0.8, "x1": 0.9000000000000001, "x2": 9.115181012985867e-18, "x3": 2.8589233771459865e-18, "x4": 1.4547517713605647, "x5": 2.9869082701877823e-17, "x6": 1.1737985065771164, "x7": 4.652625255210352, "x8": 0.9172451529711606, "x9": 2.4753327711980355}, "datetime": {"datetime": "2025-05-13 14:38:24", "elapsed": 3582.249238, "delta": 10.13456}}
{"target": 38.97394266935376, "params": {"x0": 0.8, "x1": 0.9, "x2": 4.356183397161801e-18, "x3": 2.8670509907550555e-17, "x4": 1.4547517713605609, "x5": 2.683378801370159e-17, "x6": 1.1737985065770884, "x7": 4.652625255207813, "x8": 0.9172451529711607, "x9": 2.4753327711980337}, "datetime": {"datetime": "2025-05-13 14:38:36", "elapsed": 3594.175025, "delta": 11.925787}}
{"target": 38.97394266935376, "params": {"x0": 0.8, "x1": 0.9, "x2": 8.649920245618816e-18, "x3": 1.3841413609345118e-17, "x4": 1.454751771360561, "x5": 4.7532463031888664e-17, "x6": 1.173798506577107, "x7": 4.6526252552084815, "x8": 0.9172451529711633, "x9": 2.475332771198038}, "datetime": {"datetime": "2025-05-13 14:38:46", "elapsed": 3604.505066, "delta": 10.330041}}
{"target": 38.97394266935376, "params": {"x0": 0.8, "x1": 0.9, "x2": 8.076959679840443e-18, "x3": 1.87525696723129e-18, "x4": 1.4547517713605618, "x5": 4.1137327501931725e-17, "x6": 1.1737985065770957, "x7": 4.652625255208502, "x8": 0.917245152971161, "x9": 2.4753327711980377}, "datetime": {"datetime": "2025-05-13 14:38:57", "elapsed": 3615.0767, "delta": 10.571634}}
{"target": 38.97394266935376, "params": {"x0": 0.8, "x1": 0.9, "x2": 1.0806952093927247e-17, "x3": 9.471490562005763e-18, "x4": 1.4547517713605629, "x5": 2.6516189430771005e-17, "x6": 1.1737985065771, "x7": 4.652625255211027, "x8": 0.9172451529711616, "x9": 2.475332771198038}, "datetime": {"datetime": "2025-05-13 14:39:08", "elapsed": 3626.174028, "delta": 11.097328}}
{"target": 38.97394266935376, "params": {"x0": 0.8, "x1": 0.9, "x2": 8.360264232829397e-18, "x3": 6.6014125203823726e-18, "x4": 1.4547517713605633, "x5": 2.0246627602527687e-17, "x6": 1.1737985065771075, "x7": 4.652625255210058, "x8": 0.9172451529711616, "x9": 2.4753327711980355}, "datetime": {"datetime": "2025-05-13 14:39:18", "elapsed": 3636.859639, "delta": 10.685611}}
{"target": 38.97394266935376, "params": {"x0": 0.8, "x1": 0.9, "x2": 4.036953381885025e-18, "x3": 1.5159230628760145e-17, "x4": 1.4547517713605658, "x5": 1.4462271483181702e-17, "x6": 1.1737985065771013, "x7": 4.652625255209173, "x8": 0.9172451529711623, "x9": 2.475332771198038}, "datetime": {"datetime": "2025-05-13 14:39:29", "elapsed": 3647.706965, "delta": 10.847326}}
{"target": 38.97394266935376, "params": {"x0": 0.8, "x1": 0.9, "x2": 8.501363382251566e-18, "x3": 1.040684666168923e-17, "x4": 1.4547517713605627, "x5": 1.1736063918926028e-17, "x6": 1.1737985065771035, "x7": 4.652625255210897, "x8": 0.9172451529711612, "x9": 2.475332771198038}, "datetime": {"datetime": "2025-05-13 14:39:39", "elapsed": 3657.681936, "delta": 9.974971}}
{"target": 38.97394266935376, "params": {"x0": 0.8, "x1": 0.9, "x2": 1.844917827926166e-18, "x3": 1.8152232497688362e-17, "x4": 1.4547517713605627, "x5": 1.0911211033008256e-17, "x6": 1.173798506577102, "x7": 4.6526252552094425, "x8": 0.917245152971162, "x9": 2.475332771198039}, "datetime": {"datetime": "2025-05-13 14:39:50", "elapsed": 3668.144906, "delta": 10.46297}}
{"target": 38.97394266935376, "params": {"x0": 0.8, "x1": 0.9, "x2": 6.63955643098404e-18, "x3": 1.5101350506562592e-17, "x4": 1.4547517713605653, "x5": 9.091495045655526e-18, "x6": 1.173798506577104, "x7": 4.652625255209287, "x8": 0.9172451529711622, "x9": 2.475332771198038}, "datetime": {"datetime": "2025-05-13 14:40:02", "elapsed": 3680.589648, "delta": 12.444742}}
{"target": 38.97394266935376, "params": {"x0": 0.8, "x1": 0.9, "x2": 5.671603896561242e-18, "x3": 1.3941858665438566e-17, "x4": 1.4547517713605638, "x5": 1.9679346389080616e-17, "x6": 1.1737985065771013, "x7": 4.652625255209674, "x8": 0.9172451529711617, "x9": 2.47533277119804}, "datetime": {"datetime": "2025-05-13 14:40:13", "elapsed": 3691.17329, "delta": 10.583642}}
{"target": 38.97394266935376, "params": {"x0": 0.8, "x1": 0.9, "x2": 3.9123200218605766e-18, "x3": 1.6874444885895343e-19, "x4": 1.4547517713605647, "x5": 8.275712940318185e-18, "x6": 1.1737985065771035, "x7": 4.6526252552095215, "x8": 0.9172451529711619, "x9": 2.4753327711980373}, "datetime": {"datetime": "2025-05-13 14:40:23", "elapsed": 3701.907882, "delta": 10.734592}}
{"target": 38.97394266935376, "params": {"x0": 0.8, "x1": 0.9, "x2": 3.536829576449507e-18, "x3": 4.1090042489783326e-19, "x4": 1.4547517713605644, "x5": 1.4199906674519327e-17, "x6": 1.173798506577103, "x7": 4.652625255210301, "x8": 0.9172451529711615, "x9": 2.475332771198038}, "datetime": {"datetime": "2025-05-13 14:40:33", "elapsed": 3711.925572, "delta": 10.01769}}
{"target": 38.97394266935376, "params": {"x0": 0.8, "x1": 0.9, "x2": 5.709351606238133e-18, "x3": 5.71779183039777e-18, "x4": 1.4547517713605647, "x5": 6.101211612190594e-18, "x6": 1.1737985065771002, "x7": 4.652625255210015, "x8": 0.9172451529711617, "x9": 2.4753327711980373}, "datetime": {"datetime": "2025-05-13 14:40:44", "elapsed": 3722.203886, "delta": 10.278314}}
