{"target": 38.97394266935376, "params": {"x0": 0.8, "x1": 0.9, "x2": 9.92191020786652e-75, "x3": 9.448437975933372e-75, "x4": 1.454751771360564, "x5": 1.390575985109598e-74, "x6": 1.1737985065771028, "x7": 4.652625255209876, "x8": 0.9172451529711619, "x9": 2.475332771198038}, "datetime": {"datetime": "2025-05-14 02:41:53", "elapsed": 46991.542219, "delta": 67.523092}}
{"target": 38.97394266935376, "params": {"x0": 0.8, "x1": 0.9, "x2": 9.310348804243562e-75, "x3": 1.478768742462396e-74, "x4": 1.454751771360564, "x5": 3.3947659502342517e-74, "x6": 1.1737985065771028, "x7": 4.652625255209876, "x8": 0.9172451529711619, "x9": 2.475332771198038}, "datetime": {"datetime": "2025-05-14 02:42:55", "elapsed": 47053.193512, "delta": 61.651293}}
{"target": 38.97394266935376, "params": {"x0": 0.8, "x1": 0.9, "x2": 9.576875078165732e-75, "x3": 1.7548769201002177e-74, "x4": 1.454751771360564, "x5": 2.478574022068495e-74, "x6": 1.1737985065771028, "x7": 4.652625255209876, "x8": 0.9172451529711619, "x9": 2.475332771198038}, "datetime": {"datetime": "2025-05-14 02:44:23", "elapsed": 47141.943564, "delta": 88.750052}}
{"target": 38.97394266935376, "params": {"x0": 0.8, "x1": 0.9, "x2": 1.0806140473971392e-74, "x3": 1.1007415647047819e-74, "x4": 1.454751771360564, "x5": 2.116570400717212e-74, "x6": 1.1737985065771028, "x7": 4.652625255209876, "x8": 0.9172451529711619, "x9": 2.475332771198038}, "datetime": {"datetime": "2025-05-14 02:45:38", "elapsed": 47216.219388, "delta": 74.275824}}
{"target": 38.97394266935376, "params": {"x0": 0.8, "x1": 0.9, "x2": 8.671094501070798e-75, "x3": 1.831855494484689e-74, "x4": 1.454751771360564, "x5": 1.784376617416467e-75, "x6": 1.1737985065771028, "x7": 4.652625255209876, "x8": 0.9172451529711619, "x9": 2.475332771198038}, "datetime": {"datetime": "2025-05-14 02:47:11", "elapsed": 47309.119697, "delta": 92.900309}}
{"target": 38.97394266935376, "params": {"x0": 0.8, "x1": 0.9, "x2": 2.2948290074975763e-75, "x3": 1.2841471907669543e-74, "x4": 1.454751771360564, "x5": 1.769583435612343e-75, "x6": 1.1737985065771028, "x7": 4.652625255209876, "x8": 0.9172451529711619, "x9": 2.475332771198038}, "datetime": {"datetime": "2025-05-14 02:48:22", "elapsed": 47380.391335, "delta": 71.271638}}
{"target": 38.97394266935376, "params": {"x0": 0.8, "x1": 0.9, "x2": 3.840817393678491e-75, "x3": 9.575769577006317e-75, "x4": 1.454751771360564, "x5": 6.680592177697485e-75, "x6": 1.1737985065771028, "x7": 4.652625255209876, "x8": 0.9172451529711619, "x9": 2.475332771198038}, "datetime": {"datetime": "2025-05-14 02:49:46", "elapsed": 47464.269611, "delta": 83.878276}}
{"target": 38.97394266935376, "params": {"x0": 0.8, "x1": 0.9, "x2": 7.205497389965742e-75, "x3": 1.0914410199457554e-74, "x4": 1.454751771360564, "x5": 4.849242050904324e-75, "x6": 1.1737985065771028, "x7": 4.652625255209876, "x8": 0.9172451529711619, "x9": 2.475332771198038}, "datetime": {"datetime": "2025-05-14 02:50:50", "elapsed": 47528.144354, "delta": 63.874743}}
{"target": 38.97394266935376, "params": {"x0": 0.8, "x1": 0.9, "x2": 7.201477318223017e-75, "x3": 4.66334516509811e-76, "x4": 1.454751771360564, "x5": 8.123594063567938e-75, "x6": 1.1737985065771028, "x7": 4.652625255209876, "x8": 0.9172451529711619, "x9": 2.475332771198038}, "datetime": {"datetime": "2025-05-14 02:51:57", "elapsed": 47595.654284, "delta": 67.50993}}
{"target": 38.97394266935376, "params": {"x0": 0.8, "x1": 0.9, "x2": 6.966707278292246e-75, "x3": 3.699829019674352e-75, "x4": 1.454751771360564, "x5": 1.338311750726669e-75, "x6": 1.1737985065771028, "x7": 4.652625255209876, "x8": 0.9172451529711619, "x9": 2.475332771198038}, "datetime": {"datetime": "2025-05-14 02:53:06", "elapsed": 47664.399753, "delta": 68.745469}}
{"target": 38.97394266935376, "params": {"x0": 0.8, "x1": 0.9, "x2": 5.611961236077512e-75, "x3": 4.627693317816844e-75, "x4": 1.454751771360564, "x5": 9.425055396159702e-75, "x6": 1.1737985065771028, "x7": 4.652625255209876, "x8": 0.9172451529711619, "x9": 2.475332771198038}, "datetime": {"datetime": "2025-05-14 02:54:16", "elapsed": 47734.019904, "delta": 69.620151}}
{"target": 38.97394266935376, "params": {"x0": 0.8, "x1": 0.9, "x2": 4.194658058290717e-75, "x3": 7.310938360614778e-75, "x4": 1.454751771360564, "x5": 3.8105261600882104e-75, "x6": 1.1737985065771028, "x7": 4.652625255209876, "x8": 0.9172451529711619, "x9": 2.475332771198038}, "datetime": {"datetime": "2025-05-14 02:55:20", "elapsed": 47798.627103, "delta": 64.607199}}
{"target": 38.97394266935376, "params": {"x0": 0.8, "x1": 0.9, "x2": 5.928449850601292e-75, "x3": 2.8032996443757767e-75, "x4": 1.454751771360564, "x5": 5.59330098210396e-75, "x6": 1.1737985065771028, "x7": 4.652625255209876, "x8": 0.9172451529711619, "x9": 2.475332771198038}, "datetime": {"datetime": "2025-05-14 02:56:22", "elapsed": 47860.542575, "delta": 61.915472}}
{"target": 38.97394266935376, "params": {"x0": 0.8, "x1": 0.9, "x2": 1.7899386642122588e-76, "x3": 4.11311873366503e-75, "x4": 1.454751771360564, "x5": 7.270772706554397e-75, "x6": 1.1737985065771028, "x7": 4.652625255209876, "x8": 0.9172451529711619, "x9": 2.475332771198038}, "datetime": {"datetime": "2025-05-14 02:57:50", "elapsed": 47948.894206, "delta": 88.351631}}
{"target": 38.97394266935376, "params": {"x0": 0.8, "x1": 0.9, "x2": 9.640259115652009e-76, "x3": 2.4394829527680923e-75, "x4": 1.454751771360564, "x5": 2.963792780327923e-75, "x6": 1.1737985065771028, "x7": 4.652625255209876, "x8": 0.9172451529711619, "x9": 2.475332771198038}, "datetime": {"datetime": "2025-05-14 02:58:59", "elapsed": 48017.433833, "delta": 68.539627}}
{"target": 38.97394266935376, "params": {"x0": 0.8, "x1": 0.9, "x2": 3.390531346812155e-75, "x3": 1.1553981456087365e-76, "x4": 1.454751771360564, "x5": 7.277409197380554e-75, "x6": 1.1737985065771028, "x7": 4.652625255209876, "x8": 0.9172451529711619, "x9": 2.475332771198038}, "datetime": {"datetime": "2025-05-14 03:00:00", "elapsed": 48078.759706, "delta": 61.325873}}
{"target": 38.97394266935376, "params": {"x0": 0.8, "x1": 0.9, "x2": 2.9521971967917567e-75, "x3": 4.922522608829407e-75, "x4": 1.454751771360564, "x5": 1.6163362302688235e-76, "x6": 1.1737985065771028, "x7": 4.652625255209876, "x8": 0.9172451529711619, "x9": 2.475332771198038}, "datetime": {"datetime": "2025-05-14 03:01:11", "elapsed": 48149.4012, "delta": 70.641494}}
{"target": 38.97394266935376, "params": {"x0": 0.8, "x1": 0.9, "x2": 3.3013672764963477e-75, "x3": 6.199717069592234e-76, "x4": 1.454751771360564, "x5": 4.805659156708485e-75, "x6": 1.1737985065771028, "x7": 4.652625255209876, "x8": 0.9172451529711619, "x9": 2.475332771198038}, "datetime": {"datetime": "2025-05-14 03:02:09", "elapsed": 48207.219455, "delta": 57.818255}}
{"target": 38.97394266935376, "params": {"x0": 0.8, "x1": 0.9, "x2": 2.7921686493110735e-75, "x3": 7.611377764795984e-76, "x4": 1.454751771360564, "x5": 3.433200091397127e-75, "x6": 1.1737985065771028, "x7": 4.652625255209876, "x8": 0.9172451529711619, "x9": 2.475332771198038}, "datetime": {"datetime": "2025-05-14 03:03:08", "elapsed": 48266.447817, "delta": 59.228362}}
{"target": 38.97394266935376, "params": {"x0": 0.8, "x1": 0.9, "x2": 7.28292766236266e-76, "x3": 4.374185962775657e-76, "x4": 1.454751771360564, "x5": 4.257702322715718e-75, "x6": 1.1737985065771028, "x7": 4.652625255209876, "x8": 0.9172451529711619, "x9": 2.475332771198038}, "datetime": {"datetime": "2025-05-14 03:04:20", "elapsed": 48338.602361, "delta": 72.154544}}
{"target": 38.97394266935376, "params": {"x0": 0.8, "x1": 0.9, "x2": 1.434413197081413e-75, "x3": 2.234160401134296e-76, "x4": 1.454751771360564, "x5": 2.58989707692254e-76, "x6": 1.1737985065771028, "x7": 4.652625255209876, "x8": 0.9172451529711619, "x9": 2.475332771198038}, "datetime": {"datetime": "2025-05-14 03:05:49", "elapsed": 48427.245847, "delta": 88.643486}}
{"target": 38.97394266935376, "params": {"x0": 0.8, "x1": 0.9, "x2": 1.39415028086272e-75, "x3": 1.0058238855907916e-75, "x4": 1.454751771360564, "x5": 1.2449676903089527e-75, "x6": 1.1737985065771028, "x7": 4.652625255209876, "x8": 0.9172451529711619, "x9": 2.475332771198038}, "datetime": {"datetime": "2025-05-14 03:07:05", "elapsed": 48503.040515, "delta": 75.794668}}
{"target": 38.97394266935376, "params": {"x0": 0.8, "x1": 0.9, "x2": 1.0791902472705683e-76, "x3": 3.4127483197876537e-76, "x4": 1.454751771360564, "x5": 1.8623592988097267e-75, "x6": 1.1737985065771028, "x7": 4.652625255209876, "x8": 0.9172451529711619, "x9": 2.475332771198038}, "datetime": {"datetime": "2025-05-14 03:08:03", "elapsed": 48561.491085, "delta": 58.45057}}
{"target": 38.97394266935376, "params": {"x0": 0.8, "x1": 0.9, "x2": 1.6905421140813376e-76, "x3": 4.1673073317005865e-76, "x4": 1.454751771360564, "x5": 2.831495286902651e-75, "x6": 1.1737985065771028, "x7": 4.652625255209876, "x8": 0.9172451529711619, "x9": 2.475332771198038}, "datetime": {"datetime": "2025-05-14 03:09:22", "elapsed": 48640.173024, "delta": 78.681939}}
{"target": 38.97394266935376, "params": {"x0": 0.8, "x1": 0.9, "x2": 1.1390298728920025e-75, "x3": 6.303676859667095e-76, "x4": 1.454751771360564, "x5": 3.0116680616277516e-76, "x6": 1.1737985065771028, "x7": 4.652625255209876, "x8": 0.9172451529711619, "x9": 2.475332771198038}, "datetime": {"datetime": "2025-05-14 03:10:47", "elapsed": 48725.429775, "delta": 85.256751}}
{"target": 38.97394266935376, "params": {"x0": 0.8, "x1": 0.9, "x2": 1.319602647903739e-75, "x3": 1.9222192322361696e-75, "x4": 1.454751771360564, "x5": 2.512103729182388e-75, "x6": 1.1737985065771028, "x7": 4.652625255209876, "x8": 0.9172451529711619, "x9": 2.475332771198038}, "datetime": {"datetime": "2025-05-14 03:11:42", "elapsed": 48780.042283, "delta": 54.612508}}
{"target": 38.97394266935376, "params": {"x0": 0.8, "x1": 0.9, "x2": 1.327211413876025e-75, "x3": 1.3936331224194855e-75, "x4": 1.454751771360564, "x5": 2.433945676102764e-75, "x6": 1.1737985065771028, "x7": 4.652625255209876, "x8": 0.9172451529711619, "x9": 2.475332771198038}, "datetime": {"datetime": "2025-05-14 03:13:05", "elapsed": 48863.789393, "delta": 83.74711}}
{"target": 38.97394266935376, "params": {"x0": 0.8, "x1": 0.9, "x2": 1.2014422313003608e-75, "x3": 7.989550313090885e-76, "x4": 1.454751771360564, "x5": 1.413595093614762e-75, "x6": 1.1737985065771028, "x7": 4.652625255209876, "x8": 0.9172451529711619, "x9": 2.475332771198038}, "datetime": {"datetime": "2025-05-14 03:14:25", "elapsed": 48943.185422, "delta": 79.396029}}
{"target": 38.97394266935376, "params": {"x0": 0.8, "x1": 0.9, "x2": 5.286710394500126e-76, "x3": 3.977936834218637e-76, "x4": 1.454751771360564, "x5": 1.6366417972372897e-75, "x6": 1.1737985065771028, "x7": 4.652625255209876, "x8": 0.9172451529711619, "x9": 2.475332771198038}, "datetime": {"datetime": "2025-05-14 03:15:39", "elapsed": 49017.825856, "delta": 74.640434}}
{"target": 38.97394266935376, "params": {"x0": 0.8, "x1": 0.9, "x2": 1.0035051590028113e-75, "x3": 6.815445017680415e-76, "x4": 1.454751771360564, "x5": 7.215589654846861e-76, "x6": 1.1737985065771028, "x7": 4.652625255209876, "x8": 0.9172451529711619, "x9": 2.475332771198038}, "datetime": {"datetime": "2025-05-14 03:16:51", "elapsed": 49089.057273, "delta": 71.231417}}
{"target": 38.97394266935376, "params": {"x0": 0.8, "x1": 0.9, "x2": 6.960231268682675e-76, "x3": 7.311841014536688e-76, "x4": 1.454751771360564, "x5": 1.384206005815117e-75, "x6": 1.1737985065771028, "x7": 4.652625255209876, "x8": 0.9172451529711619, "x9": 2.475332771198038}, "datetime": {"datetime": "2025-05-14 03:17:52", "elapsed": 49150.818684, "delta": 61.761411}}
{"target": 38.97394266935376, "params": {"x0": 0.8, "x1": 0.9, "x2": 5.814827478975277e-76, "x3": 9.64672948008966e-76, "x4": 1.454751771360564, "x5": 8.216017746566666e-76, "x6": 1.1737985065771028, "x7": 4.652625255209876, "x8": 0.9172451529711619, "x9": 2.475332771198038}, "datetime": {"datetime": "2025-05-14 03:19:12", "elapsed": 49230.256289, "delta": 79.437605}}
{"target": 38.97394266935376, "params": {"x0": 0.8, "x1": 0.9, "x2": 2.3164636653777538e-76, "x3": 7.870877075236626e-76, "x4": 1.454751771360564, "x5": 1.1474503287816385e-75, "x6": 1.1737985065771028, "x7": 4.652625255209876, "x8": 0.9172451529711619, "x9": 2.475332771198038}, "datetime": {"datetime": "2025-05-14 03:20:27", "elapsed": 49305.568603, "delta": 75.312314}}
{"target": 38.97394266935376, "params": {"x0": 0.8, "x1": 0.9, "x2": 6.621998774122743e-76, "x3": 8.663827417659244e-77, "x4": 1.454751771360564, "x5": 3.960935503628061e-76, "x6": 1.1737985065771028, "x7": 4.652625255209876, "x8": 0.9172451529711619, "x9": 2.475332771198038}, "datetime": {"datetime": "2025-05-14 03:21:29", "elapsed": 49367.672447, "delta": 62.103844}}
{"target": 38.97394266935376, "params": {"x0": 0.8, "x1": 0.9, "x2": 8.61656386904545e-77, "x3": 1.1131617412725057e-76, "x4": 1.454751771360564, "x5": 8.427363338632818e-76, "x6": 1.1737985065771028, "x7": 4.652625255209876, "x8": 0.9172451529711619, "x9": 2.475332771198038}, "datetime": {"datetime": "2025-05-14 03:22:42", "elapsed": 49440.293914, "delta": 72.621467}}
{"target": 38.97394266935376, "params": {"x0": 0.8, "x1": 0.9, "x2": 5.860916991263097e-77, "x3": 1.2019251881688189e-76, "x4": 1.454751771360564, "x5": 8.304318823345953e-76, "x6": 1.1737985065771028, "x7": 4.652625255209876, "x8": 0.9172451529711619, "x9": 2.475332771198038}, "datetime": {"datetime": "2025-05-14 03:24:04", "elapsed": 49522.175147, "delta": 81.881233}}
{"target": 38.97394266935376, "params": {"x0": 0.8, "x1": 0.9, "x2": 3.588378032962667e-76, "x3": 5.746190626969112e-79, "x4": 1.454751771360564, "x5": 1.7241403197630696e-76, "x6": 1.1737985065771028, "x7": 4.652625255209876, "x8": 0.9172451529711619, "x9": 2.475332771198038}, "datetime": {"datetime": "2025-05-14 03:25:25", "elapsed": 49603.415532, "delta": 81.240385}}
{"target": 38.97394266935376, "params": {"x0": 0.8, "x1": 0.9, "x2": 2.2827084288617783e-77, "x3": 3.1934461040023767e-77, "x4": 1.454751771360564, "x5": 1.1410190856302438e-77, "x6": 1.1737985065771028, "x7": 4.652625255209876, "x8": 0.9172451529711619, "x9": 2.475332771198038}, "datetime": {"datetime": "2025-05-14 03:26:38", "elapsed": 49676.738732, "delta": 73.3232}}
{"target": 38.97394266935376, "params": {"x0": 0.8, "x1": 0.9, "x2": 2.5986077444991726e-76, "x3": 1.1769915982063247e-76, "x4": 1.454751771360564, "x5": 6.06747233476214e-76, "x6": 1.1737985065771028, "x7": 4.652625255209876, "x8": 0.9172451529711619, "x9": 2.475332771198038}, "datetime": {"datetime": "2025-05-14 03:28:02", "elapsed": 49760.949374, "delta": 84.210642}}
{"target": 38.97394266935376, "params": {"x0": 0.8, "x1": 0.9, "x2": 3.4774783708430136e-76, "x3": 2.0682430364746232e-76, "x4": 1.454751771360564, "x5": 2.5862855878992854e-77, "x6": 1.1737985065771028, "x7": 4.652625255209876, "x8": 0.9172451529711619, "x9": 2.475332771198038}, "datetime": {"datetime": "2025-05-14 03:29:10", "elapsed": 49828.283876, "delta": 67.334502}}
{"target": 38.97394266935376, "params": {"x0": 0.8, "x1": 0.9, "x2": 1.8429895531670298e-76, "x3": 2.9820978304729176e-76, "x4": 1.454751771360564, "x5": 4.503266903594866e-76, "x6": 1.1737985065771028, "x7": 4.652625255209876, "x8": 0.9172451529711619, "x9": 2.475332771198038}, "datetime": {"datetime": "2025-05-14 03:30:23", "elapsed": 49901.584563, "delta": 73.300687}}
{"target": 38.97394266935376, "params": {"x0": 0.8, "x1": 0.9, "x2": 5.861024986713258e-77, "x3": 2.4281604913240084e-76, "x4": 1.454751771360564, "x5": 2.266770817101431e-76, "x6": 1.1737985065771028, "x7": 4.652625255209876, "x8": 0.9172451529711619, "x9": 2.475332771198038}, "datetime": {"datetime": "2025-05-14 03:31:32", "elapsed": 49970.662827, "delta": 69.078264}}
{"target": 38.97394266935376, "params": {"x0": 0.8, "x1": 0.9, "x2": 2.0510294265628e-76, "x3": 8.125555402437951e-77, "x4": 1.454751771360564, "x5": 6.095405578928372e-77, "x6": 1.1737985065771028, "x7": 4.652625255209876, "x8": 0.9172451529711619, "x9": 2.475332771198038}, "datetime": {"datetime": "2025-05-14 03:33:00", "elapsed": 50058.374809, "delta": 87.711982}}
{"target": 38.97394266935376, "params": {"x0": 0.8, "x1": 0.9, "x2": 4.809501479480924e-78, "x3": 4.569316416501505e-77, "x4": 1.454751771360564, "x5": 3.0538719666924005e-76, "x6": 1.1737985065771028, "x7": 4.652625255209876, "x8": 0.9172451529711619, "x9": 2.475332771198038}, "datetime": {"datetime": "2025-05-14 03:34:09", "elapsed": 50127.289346, "delta": 68.914537}}
{"target": 38.97394266935376, "params": {"x0": 0.8, "x1": 0.9, "x2": 2.3083801738271884e-77, "x3": 3.361825652067199e-77, "x4": 1.454751771360564, "x5": 1.970060820023756e-76, "x6": 1.1737985065771028, "x7": 4.652625255209876, "x8": 0.9172451529711619, "x9": 2.475332771198038}, "datetime": {"datetime": "2025-05-14 03:35:25", "elapsed": 50203.089975, "delta": 75.800629}}
{"target": 38.97394266935376, "params": {"x0": 0.8, "x1": 0.9, "x2": 2.6606299761236025e-77, "x3": 1.8542436416277357e-76, "x4": 1.454751771360564, "x5": 3.0931972678708313e-76, "x6": 1.1737985065771028, "x7": 4.652625255209876, "x8": 0.9172451529711619, "x9": 2.475332771198038}, "datetime": {"datetime": "2025-05-14 03:36:42", "elapsed": 50280.678394, "delta": 77.588419}}
{"target": 38.97394266935376, "params": {"x0": 0.8, "x1": 0.9, "x2": 1.1951614657773621e-76, "x3": 1.113143254951254e-76, "x4": 1.454751771360564, "x5": 7.164805821770769e-78, "x6": 1.1737985065771028, "x7": 4.652625255209876, "x8": 0.9172451529711619, "x9": 2.475332771198038}, "datetime": {"datetime": "2025-05-14 03:37:39", "elapsed": 50337.122652, "delta": 56.444258}}
{"target": 38.97394266935376, "params": {"x0": 0.8, "x1": 0.9, "x2": 1.541141542885155e-76, "x3": 1.6876221134266357e-76, "x4": 1.454751771360564, "x5": 1.8817522083387305e-76, "x6": 1.1737985065771028, "x7": 4.652625255209876, "x8": 0.9172451529711619, "x9": 2.475332771198038}, "datetime": {"datetime": "2025-05-14 03:38:57", "elapsed": 50415.890241, "delta": 78.767589}}
{"target": 38.97394266935376, "params": {"x0": 0.8, "x1": 0.9, "x2": 1.3069305447907793e-76, "x3": 1.634932973091173e-76, "x4": 1.454751771360564, "x5": 2.1593081111141577e-76, "x6": 1.1737985065771028, "x7": 4.652625255209876, "x8": 0.9172451529711619, "x9": 2.475332771198038}, "datetime": {"datetime": "2025-05-14 03:40:08", "elapsed": 50486.841472, "delta": 70.951231}}
{"target": 38.97394266935376, "params": {"x0": 0.8, "x1": 0.9, "x2": 1.8686672053090416e-77, "x3": 1.0276657369546065e-76, "x4": 1.454751771360564, "x5": 4.32957346511561e-77, "x6": 1.1737985065771028, "x7": 4.652625255209876, "x8": 0.9172451529711619, "x9": 2.475332771198038}, "datetime": {"datetime": "2025-05-14 03:41:26", "elapsed": 50564.447684, "delta": 77.606212}}
{"target": 38.97394266935376, "params": {"x0": 0.8, "x1": 0.9, "x2": 5.671999321196504e-77, "x3": 3.83381692542099e-77, "x4": 1.454751771360564, "x5": 1.365978483773777e-76, "x6": 1.1737985065771028, "x7": 4.652625255209876, "x8": 0.9172451529711619, "x9": 2.475332771198038}, "datetime": {"datetime": "2025-05-14 03:43:04", "elapsed": 50662.879657, "delta": 98.431973}}
{"target": 38.97394266935376, "params": {"x0": 0.8, "x1": 0.9, "x2": 9.069280430291405e-77, "x3": 3.852087117361901e-77, "x4": 1.454751771360564, "x5": 1.413451024687913e-76, "x6": 1.1737985065771028, "x7": 4.652625255209876, "x8": 0.9172451529711619, "x9": 2.475332771198038}, "datetime": {"datetime": "2025-05-14 03:44:36", "elapsed": 50754.04655, "delta": 91.166893}}
{"target": 38.97394266935376, "params": {"x0": 0.8, "x1": 0.9, "x2": 7.778220417477757e-78, "x3": 1.1436605228527736e-76, "x4": 1.454751771360564, "x5": 4.534458673794739e-77, "x6": 1.1737985065771028, "x7": 4.652625255209876, "x8": 0.9172451529711619, "x9": 2.475332771198038}, "datetime": {"datetime": "2025-05-14 03:45:56", "elapsed": 50834.18785, "delta": 80.1413}}
{"target": 38.97394266935376, "params": {"x0": 0.8, "x1": 0.9, "x2": 4.647888106115976e-77, "x3": 9.450879975655086e-78, "x4": 1.454751771360564, "x5": 7.778990277897652e-77, "x6": 1.1737985065771028, "x7": 4.652625255209876, "x8": 0.9172451529711619, "x9": 2.475332771198038}, "datetime": {"datetime": "2025-05-14 03:47:23", "elapsed": 50921.998751, "delta": 87.810901}}
{"target": 38.97394266935376, "params": {"x0": 0.8, "x1": 0.9, "x2": 6.056866117531841e-77, "x3": 3.8673206244622e-77, "x4": 1.454751771360564, "x5": 8.234045676980306e-77, "x6": 1.1737985065771028, "x7": 4.652625255209876, "x8": 0.9172451529711619, "x9": 2.475332771198038}, "datetime": {"datetime": "2025-05-14 03:48:59", "elapsed": 51017.077162, "delta": 95.078411}}
{"target": 38.97394266935376, "params": {"x0": 0.8, "x1": 0.9, "x2": 2.4407012805074326e-77, "x3": 2.6778090034327908e-77, "x4": 1.454751771360564, "x5": 5.844824754073092e-77, "x6": 1.1737985065771028, "x7": 4.652625255209876, "x8": 0.9172451529711619, "x9": 2.475332771198038}, "datetime": {"datetime": "2025-05-14 03:50:33", "elapsed": 51111.307021, "delta": 94.229859}}
{"target": 38.97394266935376, "params": {"x0": 0.8, "x1": 0.9, "x2": 3.145013560570103e-77, "x3": 2.934968507046083e-77, "x4": 1.454751771360564, "x5": 7.7221954908163e-77, "x6": 1.1737985065771028, "x7": 4.652625255209876, "x8": 0.9172451529711619, "x9": 2.475332771198038}, "datetime": {"datetime": "2025-05-14 03:51:44", "elapsed": 51182.064276, "delta": 70.757255}}
{"target": 38.97394266935376, "params": {"x0": 0.8, "x1": 0.9, "x2": 3.088502692671978e-77, "x3": 3.365166538286903e-77, "x4": 1.454751771360564, "x5": 1.1149708047088845e-77, "x6": 1.1737985065771028, "x7": 4.652625255209876, "x8": 0.9172451529711619, "x9": 2.475332771198038}, "datetime": {"datetime": "2025-05-14 03:53:09", "elapsed": 51267.714386, "delta": 85.65011}}
{"target": 38.97394266935376, "params": {"x0": 0.8, "x1": 0.9, "x2": 4.45473787012836e-77, "x3": 3.560451146319389e-77, "x4": 1.454751771360564, "x5": 4.7713793286389944e-77, "x6": 1.1737985065771028, "x7": 4.652625255209876, "x8": 0.9172451529711619, "x9": 2.475332771198038}, "datetime": {"datetime": "2025-05-14 03:54:48", "elapsed": 51366.045814, "delta": 98.331428}}
