{"target": 38.97394266935376, "params": {"x0": 0.8, "x1": 0.9, "x2": 0.0, "x3": 0.0, "x4": 1.4547518199885436, "x5": 0.0, "x6": 1.1737987502503469, "x7": 4.652592323015789, "x8": 0.9172451291866008, "x9": 2.475332709434694}, "datetime": {"datetime": "2025-05-13 14:13:47", "elapsed": 2105.271877, "delta": 8.634321}}
{"target": 38.97394266935376, "params": {"x0": 0.8000000000223366, "x1": 0.9, "x2": 0.0, "x3": 0.0, "x4": 1.4547518151257457, "x5": 0.0, "x6": 1.1737987258830225, "x7": 4.652595616235197, "x8": 0.9172451315650569, "x9": 2.475332715611028}, "datetime": {"datetime": "2025-05-13 14:13:56", "elapsed": 2114.279349, "delta": 9.007472}}
{"target": 38.97394266935376, "params": {"x0": 0.8, "x1": 0.9, "x2": 0.0, "x3": 0.0, "x4": 1.4547518107492274, "x5": 0.0, "x6": 1.1737987039524305, "x7": 4.652598580132665, "x8": 0.9172451337056675, "x9": 2.475332721169729}, "datetime": {"datetime": "2025-05-13 14:14:04", "elapsed": 2122.612642, "delta": 8.333293}}
{"target": 38.97394266935376, "params": {"x0": 0.8000000000043155, "x1": 0.9, "x2": 0.0, "x3": 0.0, "x4": 1.454751806810361, "x5": 0.0, "x6": 1.1737986842148977, "x7": 4.652601247640386, "x8": 0.9172451356322169, "x9": 2.47533272617256}, "datetime": {"datetime": "2025-05-13 14:14:13", "elapsed": 2131.313969, "delta": 8.701327}}
{"target": 38.97394266935376, "params": {"x0": 0.8000000000162835, "x1": 0.9, "x2": 0.0, "x3": 0.0, "x4": 1.4547518032653814, "x5": 0.0, "x6": 1.1737986664511182, "x7": 4.652603648397335, "x8": 0.9172451373661115, "x9": 2.475332730675108}, "datetime": {"datetime": "2025-05-13 14:14:22", "elapsed": 2140.070113, "delta": 8.756144}}
{"target": 38.97394266935376, "params": {"x0": 0.8000000000049914, "x1": 0.9, "x2": 0.0, "x3": 0.0, "x4": 1.4547518000748998, "x5": 0.0, "x6": 1.1737986504637168, "x7": 4.652605809078589, "x8": 0.9172451389266165, "x9": 2.475332734727401}, "datetime": {"datetime": "2025-05-13 14:14:30", "elapsed": 2148.675502, "delta": 8.605389}}
{"target": 38.97394266935376, "params": {"x0": 0.8000000000131896, "x1": 0.9, "x2": 0.0, "x3": 0.0, "x4": 1.454751797203466, "x5": 0.0, "x6": 1.1737986360750554, "x7": 4.652607753691718, "x8": 0.9172451403310711, "x9": 2.4753327383744645}, "datetime": {"datetime": "2025-05-13 14:14:40", "elapsed": 2158.031647, "delta": 9.356145}}
{"target": 38.97394266935376, "params": {"x0": 0.8, "x1": 0.9, "x2": 0.0, "x3": 0.0, "x4": 1.454751794619176, "x5": 0.0, "x6": 1.1737986231252602, "x7": 4.652609503843534, "x8": 0.9172451415950801, "x9": 2.475332741656822}, "datetime": {"datetime": "2025-05-13 14:14:48", "elapsed": 2166.659379, "delta": 8.627732}}
{"target": 38.97394266935376, "params": {"x0": 0.8000000000106836, "x1": 0.9, "x2": 0.0, "x3": 0.0, "x4": 1.4547517922933146, "x5": 0.0, "x6": 1.1737986114704444, "x7": 4.652611078980168, "x8": 0.9172451427326883, "x9": 2.475332744610944}, "datetime": {"datetime": "2025-05-13 14:14:57", "elapsed": 2175.359224, "delta": 8.699845}}
{"target": 38.97394266935376, "params": {"x0": 0.8000000000096152, "x1": 0.9, "x2": 0.0, "x3": 0.0, "x4": 1.4547517902000395, "x5": 0.0, "x6": 1.17379860098111, "x7": 4.652612496603139, "x8": 0.9172451437565357, "x9": 2.475332747269653}, "datetime": {"datetime": "2025-05-13 14:15:06", "elapsed": 2184.328648, "delta": 8.969424}}
{"target": 38.97394266935376, "params": {"x0": 0.8000000000032887, "x1": 0.9, "x2": 0.0, "x3": 0.0, "x4": 1.454751788316092, "x5": 0.0, "x6": 1.1737985915407094, "x7": 4.652613772463813, "x8": 0.9172451446779983, "x9": 2.4753327496624915}, "datetime": {"datetime": "2025-05-13 14:15:15", "elapsed": 2193.279033, "delta": 8.950385}}
{"target": 38.97394266935376, "params": {"x0": 0.8, "x1": 0.9, "x2": 0.0, "x3": 0.0, "x4": 1.4547517866205393, "x5": 0.0, "x6": 1.1737985830443487, "x7": 4.652614920738419, "x8": 0.9172451455073146, "x9": 2.475332751816046}, "datetime": {"datetime": "2025-05-13 14:15:24", "elapsed": 2202.075849, "delta": 8.796816}}
{"target": 38.97394266935376, "params": {"x0": 0.8000000000070095, "x1": 0.9, "x2": 0.0, "x3": 0.0, "x4": 1.4547517850945417, "x5": 0.0, "x6": 1.173798575397624, "x7": 4.652615954185564, "x8": 0.9172451462536994, "x9": 2.4753327537542456}, "datetime": {"datetime": "2025-05-13 14:15:32", "elapsed": 2210.625378, "delta": 8.549529}}
{"target": 38.97394266935376, "params": {"x0": 0.8, "x1": 0.9, "x2": 0.0, "x3": 0.0, "x4": 1.4547517837211439, "x5": 0.0, "x6": 1.173798568515572, "x7": 4.652616884287996, "x8": 0.9172451469254457, "x9": 2.475332755498625}, "datetime": {"datetime": "2025-05-13 14:15:41", "elapsed": 2219.216354, "delta": 8.590976}}
{"target": 38.97394266935376, "params": {"x0": 0.8000000000056777, "x1": 0.9, "x2": 0.0, "x3": 0.0, "x4": 1.454751782485086, "x5": 0.0, "x6": 1.173798562321725, "x7": 4.652617721380183, "x8": 0.9172451475300173, "x9": 2.475332757068566}, "datetime": {"datetime": "2025-05-13 14:15:50", "elapsed": 2228.242944, "delta": 9.02659}}
{"target": 38.97394266935376, "params": {"x0": 0.80000000000511, "x1": 0.9, "x2": 0.0, "x3": 0.0, "x4": 1.4547517813726338, "x5": 0.0, "x6": 1.1737985567472629, "x7": 4.652618474763153, "x8": 0.9172451480741317, "x9": 2.4753327584815135}, "datetime": {"datetime": "2025-05-13 14:15:58", "elapsed": 2237.008863, "delta": 8.765919}}
{"target": 38.97394266935376, "params": {"x0": 0.8, "x1": 0.9, "x2": 0.0, "x3": 0.0, "x4": 1.4547517803714267, "x5": 0.0, "x6": 1.173798551730247, "x7": 4.652619152807826, "x8": 0.9172451485638348, "x9": 2.4753327597531656}, "datetime": {"datetime": "2025-05-13 14:16:08", "elapsed": 2246.332101, "delta": 9.323238}}
{"target": 38.97394266935376, "params": {"x0": 0.8, "x1": 0.9, "x2": 0.0, "x3": 0.0, "x4": 1.4547517794703406, "x5": 0.0, "x6": 1.1737985472149326, "x7": 4.652619763048031, "x8": 0.9172451490045674, "x9": 2.475332760897653}, "datetime": {"datetime": "2025-05-13 14:16:17", "elapsed": 2255.260011, "delta": 8.92791}}
{"target": 38.97394266935376, "params": {"x0": 0.800000000001444, "x1": 0.9000000000039723, "x2": 7.402509827590848e-12, "x3": 1.3748167938005766e-11, "x4": 1.4547517748397003, "x5": 2.4727793304015174e-11, "x6": 1.173798542907785, "x7": 4.6526204443062555, "x8": 0.9172451518859085, "x9": 2.475332769517106}, "datetime": {"datetime": "2025-05-13 14:16:25", "elapsed": 2263.665852, "delta": 8.405841}}
{"target": 38.97394266935376, "params": {"x0": 0.8000000000026231, "x1": 0.9000000000633085, "x2": 2.7481972948092374e-11, "x3": 3.1962404361309865e-11, "x4": 1.4547517695884142, "x5": 1.4127613752818697e-11, "x6": 1.173798539184039, "x7": 4.652620813100111, "x8": 0.9172451514834677, "x9": 2.47533276641879}, "datetime": {"datetime": "2025-05-13 14:16:34", "elapsed": 2272.839111, "delta": 9.173259}}
{"target": 38.97394266935376, "params": {"x0": 0.8000000000029882, "x1": 0.9000000000071949, "x2": 4.0812477947993405e-11, "x3": 1.2987658545385816e-11, "x4": 1.4547517710569393, "x5": 2.1107025913479264e-11, "x6": 1.1737985360604961, "x7": 4.652621261276926, "x8": 0.9172451504923826, "x9": 2.4753327655273076}, "datetime": {"datetime": "2025-05-13 14:16:43", "elapsed": 2281.89847, "delta": 9.059359}}
{"target": 38.97394266935376, "params": {"x0": 0.800000000000129, "x1": 0.9000000000440277, "x2": 4.078124096485247e-11, "x3": 4.062723785040158e-11, "x4": 1.4547517715319733, "x5": 4.8020353494506067e-11, "x6": 1.1737985316166166, "x7": 4.652621703860114, "x8": 0.9172451508969969, "x9": 2.4753327664815576}, "datetime": {"datetime": "2025-05-13 14:16:52", "elapsed": 2290.657734, "delta": 8.759264}}
{"target": 38.97394266935376, "params": {"x0": 0.8000000000003898, "x1": 0.9000000000482417, "x2": 3.970489396104284e-11, "x3": 4.9494104783692573e-11, "x4": 1.4547517705233088, "x5": 1.5252655044339178e-11, "x6": 1.1737985297877154, "x7": 4.65262204758791, "x8": 0.9172451519468471, "x9": 2.47533276694585}, "datetime": {"datetime": "2025-05-13 14:17:01", "elapsed": 2299.834331, "delta": 9.176597}}
{"target": 38.97394266935376, "params": {"x0": 0.8000000000009702, "x1": 0.9000000000018599, "x2": 1.523735478651874e-11, "x3": 5.798275453053346e-12, "x4": 1.4547517739478684, "x5": 1.872823728832278e-11, "x6": 1.1737985278669285, "x7": 4.652622458487441, "x8": 0.9172451539101072, "x9": 2.47533276574502}, "datetime": {"datetime": "2025-05-13 14:17:10", "elapsed": 2308.682441, "delta": 8.84811}}
{"target": 38.97394266935376, "params": {"x0": 0.8000000000011843, "x1": 0.9000000000386155, "x2": 2.4787710852384026e-11, "x3": 3.581261274510396e-11, "x4": 1.4547517736183715, "x5": 5.995237890156107e-11, "x6": 1.1737985240793556, "x7": 4.652622636378823, "x8": 0.9172451535448971, "x9": 2.4753327670057237}, "datetime": {"datetime": "2025-05-13 14:17:20", "elapsed": 2318.532499, "delta": 9.850058}}
{"target": 38.97394266935376, "params": {"x0": 0.8000000000010746, "x1": 0.9000000000396964, "x2": 2.4233546586351502e-11, "x3": 3.811269386613437e-11, "x4": 1.4547517738745799, "x5": 3.072372332252036e-11, "x6": 1.1737985231621508, "x7": 4.6526228980467925, "x8": 0.917245154659655, "x9": 2.4753327686192605}, "datetime": {"datetime": "2025-05-13 14:17:29", "elapsed": 2327.894005, "delta": 9.361506}}
{"target": 38.97394266935376, "params": {"x0": 0.8000000000011497, "x1": 0.9000000000402281, "x2": 9.326758757238528e-12, "x3": 2.1155967934332532e-11, "x4": 1.4547517714274918, "x5": 3.1752891928183173e-11, "x6": 1.1737985211724324, "x7": 4.652623145688984, "x8": 0.917245152874788, "x9": 2.4753327677330565}, "datetime": {"datetime": "2025-05-13 14:17:38", "elapsed": 2336.584747, "delta": 8.690742}}
{"target": 38.97394266935376, "params": {"x0": 0.8000000000010257, "x1": 0.9000000000144628, "x2": 1.628575394234369e-11, "x3": 2.559975608576674e-11, "x4": 1.4547517708191553, "x5": 1.9057078509248018e-11, "x6": 1.1737985203365326, "x7": 4.652623405381094, "x8": 0.9172451533197538, "x9": 2.4753327701771273}, "datetime": {"datetime": "2025-05-13 14:17:47", "elapsed": 2345.18889, "delta": 8.604143}}
{"target": 38.97394266935376, "params": {"x0": 0.8000000000009175, "x1": 0.9000000000069763, "x2": 2.207001792952937e-11, "x3": 7.015441950639189e-12, "x4": 1.4547517699707935, "x5": 2.141619463774615e-11, "x6": 1.1737985187798654, "x7": 4.652623555758346, "x8": 0.9172451538757997, "x9": 2.4753327683381077}, "datetime": {"datetime": "2025-05-13 14:17:56", "elapsed": 2354.304032, "delta": 9.115142}}
{"target": 38.97394266935376, "params": {"x0": 0.8000000000002446, "x1": 0.9000000000032898, "x2": 1.3289302599569254e-11, "x3": 2.0946163404006806e-11, "x4": 1.4547517730264239, "x5": 4.0012343026393546e-13, "x6": 1.173798517274123, "x7": 4.652623760566148, "x8": 0.9172451526281498, "x9": 2.475332768691912}, "datetime": {"datetime": "2025-05-13 14:18:05", "elapsed": 2363.539275, "delta": 9.235243}}
{"target": 38.97394266935376, "params": {"x0": 0.800000000000377, "x1": 0.9000000000215493, "x2": 1.0368369079480946e-12, "x3": 2.2303810576072443e-11, "x4": 1.4547517723813397, "x5": 4.910435181899219e-12, "x6": 1.1737985158702513, "x7": 4.652623867123183, "x8": 0.9172451523513686, "x9": 2.4753327697823537}, "datetime": {"datetime": "2025-05-13 14:18:14", "elapsed": 2372.789147, "delta": 9.249872}}
{"target": 38.97394266935376, "params": {"x0": 0.8000000000006455, "x1": 0.9000000000230355, "x2": 1.0583248400199706e-12, "x3": 9.412826398705607e-12, "x4": 1.4547517730295338, "x5": 1.4565140556303177e-11, "x6": 1.1737985156819777, "x7": 4.652624000974669, "x8": 0.917245152152968, "x9": 2.4753327707921176}, "datetime": {"datetime": "2025-05-13 14:18:23", "elapsed": 2381.538168, "delta": 8.749021}}
{"target": 38.97394266935376, "params": {"x0": 0.8000000000006713, "x1": 0.9000000000207693, "x2": 3.436824699907237e-12, "x3": 1.868111857826418e-11, "x4": 1.4547517713801446, "x5": 2.3255428523593634e-11, "x6": 1.1737985148983214, "x7": 4.652624142324554, "x8": 0.9172451526431622, "x9": 2.475332769291304}, "datetime": {"datetime": "2025-05-13 14:18:32", "elapsed": 2390.362517, "delta": 8.824349}}
{"target": 38.97394266935376, "params": {"x0": 0.8000000000000423, "x1": 0.900000000002729, "x2": 3.830263557750142e-12, "x3": 1.6579596957087536e-11, "x4": 1.4547517708889286, "x5": 1.0629659440244292e-11, "x6": 1.1737985138512295, "x7": 4.652624271904916, "x8": 0.9172451529260791, "x9": 2.475332769633036}, "datetime": {"datetime": "2025-05-13 14:18:41", "elapsed": 2399.572283, "delta": 9.209766}}
{"target": 38.97394266935376, "params": {"x0": 0.8000000000006504, "x1": 0.900000000017862, "x2": 9.834155507968145e-12, "x3": 1.5207829170883384e-11, "x4": 1.4547517725187116, "x5": 1.5099109091269714e-11, "x6": 1.1737985132004356, "x7": 4.652624365621894, "x8": 0.9172451532096559, "x9": 2.475332770280752}, "datetime": {"datetime": "2025-05-13 14:18:50", "elapsed": 2408.389341, "delta": 8.817058}}
{"target": 38.97394266935376, "params": {"x0": 0.8000000000003873, "x1": 0.9000000000098448, "x2": 3.5591291497818254e-12, "x3": 1.133846714068546e-11, "x4": 1.4547517721716414, "x5": 1.689405300432629e-11, "x6": 1.173798512530815, "x7": 4.652624451659651, "x8": 0.9172451528250006, "x9": 2.4753327706798847}, "datetime": {"datetime": "2025-05-13 14:18:59", "elapsed": 2417.359882, "delta": 8.970541}}
{"target": 38.97394266935376, "params": {"x0": 0.8000000000001198, "x1": 0.9000000000043406, "x2": 3.767628264648678e-12, "x3": 1.5312439463040545e-12, "x4": 1.4547517724172365, "x5": 8.085742861812969e-12, "x6": 1.1737985119972976, "x7": 4.652624521607214, "x8": 0.9172451526265858, "x9": 2.475332770196825}, "datetime": {"datetime": "2025-05-13 14:19:08", "elapsed": 2426.325777, "delta": 8.965895}}
{"target": 38.97394266935376, "params": {"x0": 0.8000000000002222, "x1": 0.9000000000071747, "x2": 6.146856872481014e-13, "x3": 6.258481122311682e-12, "x4": 1.4547517720649548, "x5": 6.486537029268897e-12, "x6": 1.1737985115031038, "x7": 4.652624590633366, "x8": 0.9172451525631853, "x9": 2.4753327715237687}, "datetime": {"datetime": "2025-05-13 14:19:17", "elapsed": 2435.390833, "delta": 9.065056}}
{"target": 38.97394266935376, "params": {"x0": 0.8000000000004245, "x1": 0.9000000000042818, "x2": 3.762719095624238e-12, "x3": 9.816768822802979e-12, "x4": 1.4547517720388519, "x5": 2.596553169135026e-12, "x6": 1.1737985107672257, "x7": 4.652624657560357, "x8": 0.9172451527735999, "x9": 2.47533277064052}, "datetime": {"datetime": "2025-05-13 14:19:26", "elapsed": 2444.607292, "delta": 9.216459}}
{"target": 38.97394266935376, "params": {"x0": 0.8000000000002643, "x1": 0.9000000000031626, "x2": 1.9076939889295876e-12, "x3": 1.6065142132065175e-12, "x4": 1.4547517720700114, "x5": 3.053525879479909e-13, "x6": 1.1737985105075341, "x7": 4.6526247270032846, "x8": 0.9172451529779143, "x9": 2.4753327704087797}, "datetime": {"datetime": "2025-05-13 14:19:35", "elapsed": 2453.652337, "delta": 9.045045}}
{"target": 38.97394266935376, "params": {"x0": 0.8000000000003151, "x1": 0.9000000000033803, "x2": 4.179401091107989e-12, "x3": 1.0806745031635044e-12, "x4": 1.4547517712854978, "x5": 4.235097407991781e-12, "x6": 1.1737985100974953, "x7": 4.652624772669647, "x8": 0.9172451531020867, "x9": 2.4753327710296054}, "datetime": {"datetime": "2025-05-13 14:19:44", "elapsed": 2462.657249, "delta": 9.004912}}
{"target": 38.97394266935376, "params": {"x0": 0.8000000000003178, "x1": 0.9000000000037787, "x2": 2.503115096832461e-13, "x3": 5.865481533300602e-12, "x4": 1.4547517718359504, "x5": 1.1143280850156019e-12, "x6": 1.173798509789376, "x7": 4.652624819062938, "x8": 0.9172451526704004, "x9": 2.475332771276709}, "datetime": {"datetime": "2025-05-13 14:19:54", "elapsed": 2472.241007, "delta": 9.583758}}
{"target": 38.97394266935376, "params": {"x0": 0.8000000000002608, "x1": 0.900000000000603, "x2": 3.0734584635024137e-12, "x3": 3.434718057237488e-12, "x4": 1.4547517716795808, "x5": 7.183608004537978e-12, "x6": 1.1737985093617078, "x7": 4.652624869618152, "x8": 0.9172451528686894, "x9": 2.4753327704657098}, "datetime": {"datetime": "2025-05-13 14:20:02", "elapsed": 2480.975372, "delta": 8.734365}}
{"target": 38.97394266935376, "params": {"x0": 0.8000000000000527, "x1": 0.9000000000052524, "x2": 4.45992973220489e-12, "x3": 2.4435070833187364e-12, "x4": 1.4547517715611824, "x5": 1.4084259582315206e-12, "x6": 1.1737985091605803, "x7": 4.652624908653189, "x8": 0.9172451528534971, "x9": 2.4753327708501143}, "datetime": {"datetime": "2025-05-13 14:20:12", "elapsed": 2490.631517, "delta": 9.656145}}
{"target": 38.97394266935376, "params": {"x0": 0.8000000000001615, "x1": 0.9000000000047701, "x2": 3.651299235665718e-12, "x3": 3.5822054773232286e-12, "x4": 1.454751771821163, "x5": 2.3266568853767472e-12, "x6": 1.1737985089278278, "x7": 4.6526249362144805, "x8": 0.9172451529960416, "x9": 2.475332770599874}, "datetime": {"datetime": "2025-05-13 14:20:22", "elapsed": 2500.377594, "delta": 9.746077}}
{"target": 38.97394266935376, "params": {"x0": 0.8000000000000574, "x1": 0.9000000000019559, "x2": 1.426720570984991e-12, "x3": 1.4764900459747103e-12, "x4": 1.4547517716757021, "x5": 4.746683806610048e-12, "x6": 1.1737985086431042, "x7": 4.652624972554696, "x8": 0.9172451527681514, "x9": 2.475332771039169}, "datetime": {"datetime": "2025-05-13 14:20:31", "elapsed": 2509.429258, "delta": 9.051664}}
{"target": 38.97394266935376, "params": {"x0": 0.8000000000001827, "x1": 0.9000000000008136, "x2": 1.6851259385980009e-12, "x3": 3.065697204912796e-12, "x4": 1.4547517716984755, "x5": 3.598384440288372e-12, "x6": 1.1737985084385425, "x7": 4.652624998917519, "x8": 0.9172451531163983, "x9": 2.47533277124015}, "datetime": {"datetime": "2025-05-13 14:20:40", "elapsed": 2518.423484, "delta": 8.994226}}
{"target": 38.97394266935376, "params": {"x0": 0.8000000000000835, "x1": 0.9000000000040875, "x2": 6.941004100512807e-13, "x3": 1.5786672544974276e-12, "x4": 1.454751771063569, "x5": 2.437732147461938e-12, "x6": 1.173798508229363, "x7": 4.652625023003202, "x8": 0.9172451529913767, "x9": 2.475332770842755}, "datetime": {"datetime": "2025-05-13 14:20:49", "elapsed": 2527.33646, "delta": 8.912976}}
{"target": 38.97394266935376, "params": {"x0": 0.8000000000001114, "x1": 0.9000000000017125, "x2": 2.034059709386572e-12, "x3": 1.6879099095381994e-12, "x4": 1.4547517713119773, "x5": 2.533239078979254e-12, "x6": 1.1737985081232811, "x7": 4.652625050449553, "x8": 0.9172451528796407, "x9": 2.475332771087198}, "datetime": {"datetime": "2025-05-13 14:20:57", "elapsed": 2535.889193, "delta": 8.552733}}
{"target": 38.97394266935376, "params": {"x0": 0.800000000000132, "x1": 0.9000000000038995, "x2": 8.682034433502384e-13, "x3": 1.9880041009945207e-12, "x4": 1.454751771424816, "x5": 3.3797975435914913e-12, "x6": 1.1737985079360351, "x7": 4.6526250726964244, "x8": 0.9172451528842402, "x9": 2.4753327709270443}, "datetime": {"datetime": "2025-05-13 14:21:06", "elapsed": 2544.998645, "delta": 9.109452}}
{"target": 38.97394266935376, "params": {"x0": 0.8000000000000417, "x1": 0.9000000000027083, "x2": 1.8842940291503126e-12, "x3": 1.2129215514365063e-12, "x4": 1.454751771555706, "x5": 2.2869786305134335e-12, "x6": 1.173798507793371, "x7": 4.652625091275171, "x8": 0.9172451529992881, "x9": 2.4753327709806743}, "datetime": {"datetime": "2025-05-13 14:21:15", "elapsed": 2553.640997, "delta": 8.642352}}
{"target": 38.97394266935376, "params": {"x0": 0.8000000000000794, "x1": 0.9000000000004554, "x2": 1.918779715384432e-12, "x3": 2.4866454578216816e-13, "x4": 1.4547517713801563, "x5": 3.0236038328238704e-12, "x6": 1.1737985076941098, "x7": 4.652625103692485, "x8": 0.917245152868297, "x9": 2.475332771034158}, "datetime": {"datetime": "2025-05-13 14:21:24", "elapsed": 2562.70648, "delta": 9.065483}}
{"target": 38.97394266935376, "params": {"x0": 0.8000000000000171, "x1": 0.9000000000018954, "x2": 1.4646799529384997e-12, "x3": 4.2497336949891125e-13, "x4": 1.4547517713355504, "x5": 1.7700462364698975e-13, "x6": 1.173798507580243, "x7": 4.6526251178850595, "x8": 0.9172451529689584, "x9": 2.475332770946871}, "datetime": {"datetime": "2025-05-13 14:21:33", "elapsed": 2571.921917, "delta": 9.215437}}
{"target": 38.97394266935376, "params": {"x0": 0.8000000000000694, "x1": 0.9000000000006543, "x2": 1.0432018905956523e-12, "x3": 2.2215722192626785e-13, "x4": 1.4547517713384532, "x5": 1.1161327496135469e-12, "x6": 1.1737985074528856, "x7": 4.652625132376859, "x8": 0.9172451529536862, "x9": 2.475332771013689}, "datetime": {"datetime": "2025-05-13 14:21:43", "elapsed": 2581.027708, "delta": 9.105791}}
{"target": 38.97394266935376, "params": {"x0": 0.8000000000000714, "x1": 0.9000000000020689, "x2": 5.589719030994289e-13, "x3": 1.4156538363972555e-12, "x4": 1.4547517714960496, "x5": 2.5489382987602898e-12, "x6": 1.1737985073697317, "x7": 4.652625145325899, "x8": 0.9172451529709352, "x9": 2.475332771250759}, "datetime": {"datetime": "2025-05-13 14:21:51", "elapsed": 2589.726137, "delta": 8.698429}}
{"target": 38.97394266935376, "params": {"x0": 0.8000000000000383, "x1": 0.9000000000009302, "x2": 6.056495729677871e-13, "x3": 1.2593156398587476e-12, "x4": 1.4547517714564635, "x5": 1.6087774757720223e-12, "x6": 1.1737985072995114, "x7": 4.652625156060369, "x8": 0.9172451530398134, "x9": 2.4753327710263786}, "datetime": {"datetime": "2025-05-13 14:22:01", "elapsed": 2599.182494, "delta": 9.456357}}
{"target": 38.97394266935376, "params": {"x0": 0.8000000000000316, "x1": 0.9000000000011258, "x2": 7.939318824426405e-13, "x3": 7.305480986338935e-13, "x4": 1.454751771423506, "x5": 1.5602855776932495e-12, "x6": 1.1737985072374406, "x7": 4.6526251670244205, "x8": 0.9172451529499113, "x9": 2.4753327710351045}, "datetime": {"datetime": "2025-05-13 14:22:10", "elapsed": 2608.267811, "delta": 9.085317}}
{"target": 38.97394266935376, "params": {"x0": 0.800000000000002, "x1": 0.9000000000010727, "x2": 2.6670039558418707e-13, "x3": 5.71565435577835e-13, "x4": 1.4547517714061013, "x5": 4.451000775895356e-13, "x6": 1.173798507130098, "x7": 4.652625175519347, "x8": 0.917245152938013, "x9": 2.47533277105919}, "datetime": {"datetime": "2025-05-13 14:22:19", "elapsed": 2617.710111, "delta": 9.4423}}
