{"target": 38.97394266935376, "params": {"x0": 0.8, "x1": 0.9, "x2": 7.0662483585223385e-53, "x3": 9.87585280557011e-54, "x4": 1.454751771360564, "x5": 1.4324040699243e-53, "x6": 1.1737985065771028, "x7": 4.652625255209876, "x8": 0.9172451529711619, "x9": 2.475332771198038}, "datetime": {"datetime": "2025-05-13 19:31:53", "elapsed": 21191.366328, "delta": 44.113844}}
{"target": 38.97394266935376, "params": {"x0": 0.8, "x1": 0.9, "x2": 3.3961157745114466e-53, "x3": 8.780714250737103e-53, "x4": 1.454751771360564, "x5": 1.6961976693010648e-53, "x6": 1.1737985065771028, "x7": 4.652625255209876, "x8": 0.9172451529711619, "x9": 2.475332771198038}, "datetime": {"datetime": "2025-05-13 19:32:34", "elapsed": 21232.402087, "delta": 41.035759}}
{"target": 38.97394266935376, "params": {"x0": 0.8, "x1": 0.9, "x2": 5.96675310416952e-55, "x3": 4.988951527831589e-53, "x4": 1.454751771360564, "x5": 9.38992629942115e-53, "x6": 1.1737985065771028, "x7": 4.652625255209876, "x8": 0.9172451529711619, "x9": 2.475332771198038}, "datetime": {"datetime": "2025-05-13 19:33:32", "elapsed": 21290.525016, "delta": 58.122929}}
{"target": 38.97394266935376, "params": {"x0": 0.8, "x1": 0.9, "x2": 5.184577714668606e-53, "x3": 6.686848300488643e-53, "x4": 1.454751771360564, "x5": 5.283941481723935e-53, "x6": 1.1737985065771028, "x7": 4.652625255209876, "x8": 0.9172451529711619, "x9": 2.475332771198038}, "datetime": {"datetime": "2025-05-13 19:34:13", "elapsed": 21331.494375, "delta": 40.969359}}
{"target": 38.97394266935376, "params": {"x0": 0.8, "x1": 0.9, "x2": 2.167736576223891e-53, "x3": 2.5078620145577254e-53, "x4": 1.454751771360564, "x5": 7.208751986940606e-53, "x6": 1.1737985065771028, "x7": 4.652625255209876, "x8": 0.9172451529711619, "x9": 2.475332771198038}, "datetime": {"datetime": "2025-05-13 19:34:55", "elapsed": 21373.701123, "delta": 42.206748}}
{"target": 38.97394266935376, "params": {"x0": 0.8, "x1": 0.9, "x2": 1.5542022142283892e-53, "x3": 2.9639509114130293e-53, "x4": 1.454751771360564, "x5": 2.1952937922412737e-54, "x6": 1.1737985065771028, "x7": 4.652625255209876, "x8": 0.9172451529711619, "x9": 2.475332771198038}, "datetime": {"datetime": "2025-05-13 19:35:40", "elapsed": 21418.374225, "delta": 44.673102}}
{"target": 38.97394266935376, "params": {"x0": 0.8, "x1": 0.9, "x2": 2.9738239063794737e-53, "x3": 9.200582732722374e-55, "x4": 1.454751771360564, "x5": 6.271739317958961e-53, "x6": 1.1737985065771028, "x7": 4.652625255209876, "x8": 0.9172451529711619, "x9": 2.475332771198038}, "datetime": {"datetime": "2025-05-13 19:36:12", "elapsed": 21450.815597, "delta": 32.441372}}
{"target": 38.97394266935376, "params": {"x0": 0.8, "x1": 0.9, "x2": 2.320268232494264e-53, "x3": 4.299880368614616e-54, "x4": 1.454751771360564, "x5": 5.806669801583478e-53, "x6": 1.1737985065771028, "x7": 4.652625255209876, "x8": 0.9172451529711619, "x9": 2.475332771198038}, "datetime": {"datetime": "2025-05-13 19:36:58", "elapsed": 21496.125322, "delta": 45.309725}}
{"target": 38.97394266935376, "params": {"x0": 0.8, "x1": 0.9, "x2": 7.386033079223019e-54, "x3": 3.4730699311287618e-53, "x4": 1.454751771360564, "x5": 3.8260677406273295e-53, "x6": 1.1737985065771028, "x7": 4.652625255209876, "x8": 0.9172451529711619, "x9": 2.475332771198038}, "datetime": {"datetime": "2025-05-13 19:37:43", "elapsed": 21541.335342, "delta": 45.21002}}
{"target": 38.97394266935376, "params": {"x0": 0.8, "x1": 0.9, "x2": 1.5752997384307633e-53, "x3": 2.471362029125582e-54, "x4": 1.454751771360564, "x5": 3.968028233711205e-53, "x6": 1.1737985065771028, "x7": 4.652625255209876, "x8": 0.9172451529711619, "x9": 2.475332771198038}, "datetime": {"datetime": "2025-05-13 19:38:23", "elapsed": 21581.040722, "delta": 39.70538}}
{"target": 38.97394266935376, "params": {"x0": 0.8, "x1": 0.9, "x2": 8.953828587327819e-54, "x3": 2.49140011891891e-53, "x4": 1.454751771360564, "x5": 3.051878377664769e-53, "x6": 1.1737985065771028, "x7": 4.652625255209876, "x8": 0.9172451529711619, "x9": 2.475332771198038}, "datetime": {"datetime": "2025-05-13 19:38:54", "elapsed": 21612.98935, "delta": 31.948628}}
{"target": 38.97394266935376, "params": {"x0": 0.8, "x1": 0.9, "x2": 2.188205936630549e-53, "x3": 1.5651348713070633e-53, "x4": 1.454751771360564, "x5": 3.738076815276655e-53, "x6": 1.1737985065771028, "x7": 4.652625255209876, "x8": 0.9172451529711619, "x9": 2.475332771198038}, "datetime": {"datetime": "2025-05-13 19:39:37", "elapsed": 21655.997876, "delta": 43.008526}}
{"target": 38.97394266935376, "params": {"x0": 0.8, "x1": 0.9, "x2": 2.1663410233401497e-53, "x3": 1.615605021749201e-53, "x4": 1.454751771360564, "x5": 2.6129356314798047e-53, "x6": 1.1737985065771028, "x7": 4.652625255209876, "x8": 0.9172451529711619, "x9": 2.475332771198038}, "datetime": {"datetime": "2025-05-13 19:40:14", "elapsed": 21692.658521, "delta": 36.660645}}
{"target": 38.97394266935376, "params": {"x0": 0.8, "x1": 0.9, "x2": 6.354420215422429e-54, "x3": 3.788677645051015e-54, "x4": 1.454751771360564, "x5": 2.9703194443341683e-53, "x6": 1.1737985065771028, "x7": 4.652625255209876, "x8": 0.9172451529711619, "x9": 2.475332771198038}, "datetime": {"datetime": "2025-05-13 19:40:57", "elapsed": 21735.019491, "delta": 42.36097}}
{"target": 38.97394266935376, "params": {"x0": 0.8, "x1": 0.9, "x2": 1.106706401030564e-53, "x3": 4.908897733685908e-54, "x4": 1.454751771360564, "x5": 4.4763621111294463e-54, "x6": 1.1737985065771028, "x7": 4.652625255209876, "x8": 0.9172451529711619, "x9": 2.475332771198038}, "datetime": {"datetime": "2025-05-13 19:41:41", "elapsed": 21779.369775, "delta": 44.350284}}
{"target": 38.97394266935376, "params": {"x0": 0.8, "x1": 0.9, "x2": 2.723733323019673e-54, "x3": 4.089569366612478e-54, "x4": 1.454751771360564, "x5": 2.110510515696334e-53, "x6": 1.1737985065771028, "x7": 4.652625255209876, "x8": 0.9172451529711619, "x9": 2.475332771198038}, "datetime": {"datetime": "2025-05-13 19:42:20", "elapsed": 21818.34188, "delta": 38.972105}}
{"target": 38.97394266935376, "params": {"x0": 0.8, "x1": 0.9, "x2": 1.3623475701702267e-53, "x3": 1.1787335799094106e-53, "x4": 1.454751771360564, "x5": 1.0842762043609404e-53, "x6": 1.1737985065771028, "x7": 4.652625255209876, "x8": 0.9172451529711619, "x9": 2.475332771198038}, "datetime": {"datetime": "2025-05-13 19:42:54", "elapsed": 21852.986218, "delta": 34.644338}}
{"target": 38.97394266935376, "params": {"x0": 0.8, "x1": 0.9, "x2": 3.266757797898355e-54, "x3": 1.2275670060965777e-53, "x4": 1.454751771360564, "x5": 1.8467760736922092e-53, "x6": 1.1737985065771028, "x7": 4.652625255209876, "x8": 0.9172451529711619, "x9": 2.475332771198038}, "datetime": {"datetime": "2025-05-13 19:43:29", "elapsed": 21887.421314, "delta": 34.435096}}
{"target": 38.97394266935376, "params": {"x0": 0.8, "x1": 0.9, "x2": 4.691954838747818e-54, "x3": 2.298155209728582e-54, "x4": 1.454751771360564, "x5": 1.1060190210786678e-53, "x6": 1.1737985065771028, "x7": 4.652625255209876, "x8": 0.9172451529711619, "x9": 2.475332771198038}, "datetime": {"datetime": "2025-05-13 19:44:17", "elapsed": 21935.374061, "delta": 47.952747}}
{"target": 38.97394266935376, "params": {"x0": 0.8, "x1": 0.9, "x2": 6.912947693794673e-54, "x3": 6.521450732042273e-54, "x4": 1.454751771360564, "x5": 7.371327917550601e-54, "x6": 1.1737985065771028, "x7": 4.652625255209876, "x8": 0.9172451529711619, "x9": 2.475332771198038}, "datetime": {"datetime": "2025-05-13 19:44:52", "elapsed": 21970.890165, "delta": 35.516104}}
{"target": 38.97394266935376, "params": {"x0": 0.8, "x1": 0.9, "x2": 8.732187433776451e-54, "x3": 7.804625136254274e-54, "x4": 1.454751771360564, "x5": 7.314998630428051e-54, "x6": 1.1737985065771028, "x7": 4.652625255209876, "x8": 0.9172451529711619, "x9": 2.475332771198038}, "datetime": {"datetime": "2025-05-13 19:45:43", "elapsed": 22021.021387, "delta": 50.131222}}
{"target": 38.97394266935376, "params": {"x0": 0.8, "x1": 0.9, "x2": 1.2042351799974375e-55, "x3": 9.667439051793641e-54, "x4": 1.454751771360564, "x5": 4.6522743604986204e-55, "x6": 1.1737985065771028, "x7": 4.652625255209876, "x8": 0.9172451529711619, "x9": 2.475332771198038}, "datetime": {"datetime": "2025-05-13 19:46:15", "elapsed": 22053.485809, "delta": 32.464422}}
{"target": 38.97394266935376, "params": {"x0": 0.8, "x1": 0.9, "x2": 2.905310962954197e-54, "x3": 6.113594296355565e-54, "x4": 1.454751771360564, "x5": 3.540978521757087e-54, "x6": 1.1737985065771028, "x7": 4.652625255209876, "x8": 0.9172451529711619, "x9": 2.475332771198038}, "datetime": {"datetime": "2025-05-13 19:47:04", "elapsed": 22102.990528, "delta": 49.504719}}
{"target": 38.97394266935376, "params": {"x0": 0.8, "x1": 0.9, "x2": 5.494914924147778e-54, "x3": 7.619232616084772e-54, "x4": 1.454751771360564, "x5": 6.541608047384452e-54, "x6": 1.1737985065771028, "x7": 4.652625255209876, "x8": 0.9172451529711619, "x9": 2.475332771198038}, "datetime": {"datetime": "2025-05-13 19:47:56", "elapsed": 22154.354218, "delta": 51.36369}}
{"target": 38.97394266935376, "params": {"x0": 0.8, "x1": 0.9, "x2": 1.6062098456045502e-54, "x3": 6.251849296168448e-54, "x4": 1.454751771360564, "x5": 5.53611192193677e-54, "x6": 1.1737985065771028, "x7": 4.652625255209876, "x8": 0.9172451529711619, "x9": 2.475332771198038}, "datetime": {"datetime": "2025-05-13 19:48:32", "elapsed": 22190.821388, "delta": 36.46717}}
{"target": 38.97394266935376, "params": {"x0": 0.8, "x1": 0.9, "x2": 2.560084421347394e-55, "x3": 6.364053317123333e-54, "x4": 1.454751771360564, "x5": 2.6359961358535927e-54, "x6": 1.1737985065771028, "x7": 4.652625255209876, "x8": 0.9172451529711619, "x9": 2.475332771198038}, "datetime": {"datetime": "2025-05-13 19:49:23", "elapsed": 22241.184711, "delta": 50.363323}}
{"target": 38.97394266935376, "params": {"x0": 0.8, "x1": 0.9, "x2": 3.1250519797878395e-54, "x3": 1.0988540263212484e-54, "x4": 1.454751771360564, "x5": 6.57954642762864e-54, "x6": 1.1737985065771028, "x7": 4.652625255209876, "x8": 0.9172451529711619, "x9": 2.475332771198038}, "datetime": {"datetime": "2025-05-13 19:50:05", "elapsed": 22283.644221, "delta": 42.45951}}
{"target": 38.97394266935376, "params": {"x0": 0.8, "x1": 0.9, "x2": 3.484000720203457e-54, "x3": 4.5905987510436987e-54, "x4": 1.454751771360564, "x5": 3.06800695248435e-54, "x6": 1.1737985065771028, "x7": 4.652625255209876, "x8": 0.9172451529711619, "x9": 2.475332771198038}, "datetime": {"datetime": "2025-05-13 19:50:49", "elapsed": 22327.468338, "delta": 43.824117}}
{"target": 38.97394266935376, "params": {"x0": 0.8, "x1": 0.9, "x2": 1.2421543933273525e-54, "x3": 6.971536961800576e-56, "x4": 1.454751771360564, "x5": 6.227589798966264e-54, "x6": 1.1737985065771028, "x7": 4.652625255209876, "x8": 0.9172451529711619, "x9": 2.475332771198038}, "datetime": {"datetime": "2025-05-13 19:51:24", "elapsed": 22362.410847, "delta": 34.942509}}
{"target": 38.97394266935376, "params": {"x0": 0.8, "x1": 0.9, "x2": 1.5772536103144996e-55, "x3": 7.454527985973511e-55, "x4": 1.454751771360564, "x5": 4.3673467680430367e-54, "x6": 1.1737985065771028, "x7": 4.652625255209876, "x8": 0.9172451529711619, "x9": 2.475332771198038}, "datetime": {"datetime": "2025-05-13 19:52:12", "elapsed": 22410.524448, "delta": 48.113601}}
{"target": 38.97394266935376, "params": {"x0": 0.8, "x1": 0.9, "x2": 2.1733456778087654e-54, "x3": 3.885060701806482e-54, "x4": 1.454751771360564, "x5": 5.816725728081094e-54, "x6": 1.1737985065771028, "x7": 4.652625255209876, "x8": 0.9172451529711619, "x9": 2.475332771198038}, "datetime": {"datetime": "2025-05-13 19:52:56", "elapsed": 22454.365083, "delta": 43.840635}}
{"target": 38.97394266935376, "params": {"x0": 0.8, "x1": 0.9, "x2": 1.7221521951390937e-54, "x3": 3.6385073193418325e-54, "x4": 1.454751771360564, "x5": 8.766442632850151e-55, "x6": 1.1737985065771028, "x7": 4.652625255209876, "x8": 0.9172451529711619, "x9": 2.475332771198038}, "datetime": {"datetime": "2025-05-13 19:53:35", "elapsed": 22493.575893, "delta": 39.21081}}
{"target": 38.97394266935376, "params": {"x0": 0.8, "x1": 0.9, "x2": 5.3272566812320994e-55, "x3": 6.593334052534574e-55, "x4": 1.454751771360564, "x5": 4.629332143117365e-54, "x6": 1.1737985065771028, "x7": 4.652625255209876, "x8": 0.9172451529711619, "x9": 2.475332771198038}, "datetime": {"datetime": "2025-05-13 19:54:21", "elapsed": 22539.29789, "delta": 45.721997}}
{"target": 38.97394266935376, "params": {"x0": 0.8, "x1": 0.9, "x2": 2.240152789432721e-54, "x3": 9.15441507652289e-55, "x4": 1.454751771360564, "x5": 3.300141708633236e-54, "x6": 1.1737985065771028, "x7": 4.652625255209876, "x8": 0.9172451529711619, "x9": 2.475332771198038}, "datetime": {"datetime": "2025-05-13 19:54:57", "elapsed": 22575.041555, "delta": 35.743665}}
{"target": 38.97394266935376, "params": {"x0": 0.8, "x1": 0.9, "x2": 7.588940510719525e-55, "x3": 1.1542718897251718e-54, "x4": 1.454751771360564, "x5": 2.3637813061909894e-54, "x6": 1.1737985065771028, "x7": 4.652625255209876, "x8": 0.9172451529711619, "x9": 2.475332771198038}, "datetime": {"datetime": "2025-05-13 19:55:40", "elapsed": 22618.024005, "delta": 42.98245}}
{"target": 38.97394266935376, "params": {"x0": 0.8, "x1": 0.9, "x2": 1.3160185433695322e-54, "x3": 7.691762821729618e-55, "x4": 1.454751771360564, "x5": 8.070287299601603e-55, "x6": 1.1737985065771028, "x7": 4.652625255209876, "x8": 0.9172451529711619, "x9": 2.475332771198038}, "datetime": {"datetime": "2025-05-13 19:56:11", "elapsed": 22649.155866, "delta": 31.131861}}
{"target": 38.97394266935376, "params": {"x0": 0.8, "x1": 0.9, "x2": 2.3184752098216618e-55, "x3": 7.281363261033286e-55, "x4": 1.454751771360564, "x5": 1.7055663577108554e-54, "x6": 1.1737985065771028, "x7": 4.652625255209876, "x8": 0.9172451529711619, "x9": 2.475332771198038}, "datetime": {"datetime": "2025-05-13 19:56:56", "elapsed": 22694.514051, "delta": 45.358185}}
{"target": 38.97394266935376, "params": {"x0": 0.8, "x1": 0.9, "x2": 1.384016690456056e-54, "x3": 1.877044835365076e-54, "x4": 1.454751771360564, "x5": 6.634988844767508e-55, "x6": 1.1737985065771028, "x7": 4.652625255209876, "x8": 0.9172451529711619, "x9": 2.475332771198038}, "datetime": {"datetime": "2025-05-13 19:57:33", "elapsed": 22731.744865, "delta": 37.230814}}
{"target": 38.97394266935376, "params": {"x0": 0.8, "x1": 0.9, "x2": 9.710581770394689e-55, "x3": 1.8996487402033264e-55, "x4": 1.454751771360564, "x5": 6.992458796485236e-55, "x6": 1.1737985065771028, "x7": 4.652625255209876, "x8": 0.9172451529711619, "x9": 2.475332771198038}, "datetime": {"datetime": "2025-05-13 19:58:23", "elapsed": 22781.972728, "delta": 50.227863}}
{"target": 38.97394266935376, "params": {"x0": 0.8, "x1": 0.9, "x2": 3.940827367731045e-55, "x3": 6.84621057813426e-55, "x4": 1.454751771360564, "x5": 1.663696106075125e-54, "x6": 1.1737985065771028, "x7": 4.652625255209876, "x8": 0.9172451529711619, "x9": 2.475332771198038}, "datetime": {"datetime": "2025-05-13 19:59:09", "elapsed": 22827.503783, "delta": 45.531055}}
{"target": 38.97394266935376, "params": {"x0": 0.8, "x1": 0.9, "x2": 1.9967724620305778e-55, "x3": 1.3614706704503088e-54, "x4": 1.454751771360564, "x5": 2.9317011956389977e-55, "x6": 1.1737985065771028, "x7": 4.652625255209876, "x8": 0.9172451529711619, "x9": 2.475332771198038}, "datetime": {"datetime": "2025-05-13 19:59:45", "elapsed": 22863.018792, "delta": 35.515009}}
{"target": 38.97394266935376, "params": {"x0": 0.8, "x1": 0.9, "x2": 8.416481833785809e-55, "x3": 1.1169019160606546e-54, "x4": 1.454751771360564, "x5": 1.36060378483659e-54, "x6": 1.1737985065771028, "x7": 4.652625255209876, "x8": 0.9172451529711619, "x9": 2.475332771198038}, "datetime": {"datetime": "2025-05-13 20:00:20", "elapsed": 22898.598571, "delta": 35.579779}}
{"target": 38.97394266935376, "params": {"x0": 0.8, "x1": 0.9, "x2": 7.016107516700035e-55, "x3": 8.483158895010772e-55, "x4": 1.454751771360564, "x5": 3.552505243562079e-55, "x6": 1.1737985065771028, "x7": 4.652625255209876, "x8": 0.9172451529711619, "x9": 2.475332771198038}, "datetime": {"datetime": "2025-05-13 20:00:58", "elapsed": 22936.608678, "delta": 38.010107}}
{"target": 38.97394266935376, "params": {"x0": 0.8, "x1": 0.9, "x2": 5.46253560134307e-56, "x3": 1.5381667650577814e-55, "x4": 1.454751771360564, "x5": 4.251805933199766e-56, "x6": 1.1737985065771028, "x7": 4.652625255209876, "x8": 0.9172451529711619, "x9": 2.475332771198038}, "datetime": {"datetime": "2025-05-13 20:01:47", "elapsed": 22985.202458, "delta": 48.59378}}
{"target": 38.97394266935376, "params": {"x0": 0.8, "x1": 0.9, "x2": 4.188852107481511e-55, "x3": 2.4648712068750454e-55, "x4": 1.454751771360564, "x5": 3.925821906236991e-55, "x6": 1.1737985065771028, "x7": 4.652625255209876, "x8": 0.9172451529711619, "x9": 2.475332771198038}, "datetime": {"datetime": "2025-05-13 20:02:29", "elapsed": 23027.795437, "delta": 42.592979}}
{"target": 38.97394266935376, "params": {"x0": 0.8, "x1": 0.9, "x2": 1.0140066716118238e-55, "x3": 6.6434957658353265e-56, "x4": 1.454751771360564, "x5": 8.957241523629615e-56, "x6": 1.1737985065771028, "x7": 4.652625255209876, "x8": 0.9172451529711619, "x9": 2.475332771198038}, "datetime": {"datetime": "2025-05-13 20:03:04", "elapsed": 23062.688943, "delta": 34.893506}}
{"target": 38.97394266935376, "params": {"x0": 0.8, "x1": 0.9, "x2": 2.0173201213800885e-55, "x3": 3.804949599307578e-55, "x4": 1.454751771360564, "x5": 2.075119488410463e-55, "x6": 1.1737985065771028, "x7": 4.652625255209876, "x8": 0.9172451529711619, "x9": 2.475332771198038}, "datetime": {"datetime": "2025-05-13 20:03:42", "elapsed": 23100.684749, "delta": 37.995806}}
{"target": 38.97394266935376, "params": {"x0": 0.8, "x1": 0.9, "x2": 3.874057486136412e-55, "x3": 2.247246158169178e-55, "x4": 1.454751771360564, "x5": 5.8430536900338156e-55, "x6": 1.1737985065771028, "x7": 4.652625255209876, "x8": 0.9172451529711619, "x9": 2.475332771198038}, "datetime": {"datetime": "2025-05-13 20:04:23", "elapsed": 23141.188213, "delta": 40.503464}}
{"target": 38.97394266935376, "params": {"x0": 0.8, "x1": 0.9, "x2": 2.389915008206325e-55, "x3": 8.33730737291296e-56, "x4": 1.454751771360564, "x5": 1.2253598872414403e-55, "x6": 1.1737985065771028, "x7": 4.652625255209876, "x8": 0.9172451529711619, "x9": 2.475332771198038}, "datetime": {"datetime": "2025-05-13 20:05:04", "elapsed": 23182.193364, "delta": 41.005151}}
{"target": 38.97394266935376, "params": {"x0": 0.8, "x1": 0.9, "x2": 2.932011820016231e-55, "x3": 5.0602127945666846e-55, "x4": 1.454751771360564, "x5": 3.190425221037191e-55, "x6": 1.1737985065771028, "x7": 4.652625255209876, "x8": 0.9172451529711619, "x9": 2.475332771198038}, "datetime": {"datetime": "2025-05-13 20:05:36", "elapsed": 23214.853761, "delta": 32.660397}}
{"target": 38.97394266935376, "params": {"x0": 0.8, "x1": 0.9, "x2": 1.5002598448914925e-55, "x3": 1.996481950601227e-55, "x4": 1.454751771360564, "x5": 2.006456214822234e-55, "x6": 1.1737985065771028, "x7": 4.652625255209876, "x8": 0.9172451529711619, "x9": 2.475332771198038}, "datetime": {"datetime": "2025-05-13 20:06:19", "elapsed": 23257.823994, "delta": 42.970233}}
{"target": 38.97394266935376, "params": {"x0": 0.8, "x1": 0.9, "x2": 3.0663178070471996e-55, "x3": 2.8083396870939298e-55, "x4": 1.454751771360564, "x5": 1.2553778599253996e-56, "x6": 1.1737985065771028, "x7": 4.652625255209876, "x8": 0.9172451529711619, "x9": 2.475332771198038}, "datetime": {"datetime": "2025-05-13 20:07:01", "elapsed": 23299.115543, "delta": 41.291549}}
{"target": 38.97394266935376, "params": {"x0": 0.8, "x1": 0.9, "x2": 1.3460065888962347e-55, "x3": 1.8582537738716904e-55, "x4": 1.454751771360564, "x5": 3.997939211385475e-55, "x6": 1.1737985065771028, "x7": 4.652625255209876, "x8": 0.9172451529711619, "x9": 2.475332771198038}, "datetime": {"datetime": "2025-05-13 20:07:46", "elapsed": 23344.332183, "delta": 45.21664}}
{"target": 38.97394266935376, "params": {"x0": 0.8, "x1": 0.9, "x2": 2.7146665913020654e-55, "x3": 3.668095446379017e-56, "x4": 1.454751771360564, "x5": 4.149471190871989e-55, "x6": 1.1737985065771028, "x7": 4.652625255209876, "x8": 0.9172451529711619, "x9": 2.475332771198038}, "datetime": {"datetime": "2025-05-13 20:08:23", "elapsed": 23381.987737, "delta": 37.655554}}
{"target": 38.97394266935376, "params": {"x0": 0.8, "x1": 0.9, "x2": 1.328527501129423e-55, "x3": 2.422485445471641e-55, "x4": 1.454751771360564, "x5": 4.248138790234199e-55, "x6": 1.1737985065771028, "x7": 4.652625255209876, "x8": 0.9172451529711619, "x9": 2.475332771198038}, "datetime": {"datetime": "2025-05-13 20:09:03", "elapsed": 23421.307645, "delta": 39.319908}}
{"target": 38.97394266935376, "params": {"x0": 0.8, "x1": 0.9, "x2": 1.8880826640260506e-55, "x3": 3.1512312532106295e-56, "x4": 1.454751771360564, "x5": 2.6995975738716443e-55, "x6": 1.1737985065771028, "x7": 4.652625255209876, "x8": 0.9172451529711619, "x9": 2.475332771198038}, "datetime": {"datetime": "2025-05-13 20:09:46", "elapsed": 23464.115833, "delta": 42.808188}}
{"target": 38.97394266935376, "params": {"x0": 0.8, "x1": 0.9, "x2": 1.2611695003811453e-55, "x3": 2.317982650028953e-55, "x4": 1.454751771360564, "x5": 2.1280951905240962e-55, "x6": 1.1737985065771028, "x7": 4.652625255209876, "x8": 0.9172451529711619, "x9": 2.475332771198038}, "datetime": {"datetime": "2025-05-13 20:10:18", "elapsed": 23496.112236, "delta": 31.996403}}
{"target": 38.97394266935376, "params": {"x0": 0.8, "x1": 0.9, "x2": 2.949610934536053e-56, "x3": 7.7588638864571615e-56, "x4": 1.454751771360564, "x5": 1.03510664330449e-55, "x6": 1.1737985065771028, "x7": 4.652625255209876, "x8": 0.9172451529711619, "x9": 2.475332771198038}, "datetime": {"datetime": "2025-05-13 20:11:00", "elapsed": 23538.417441, "delta": 42.305205}}
{"target": 38.97394266935376, "params": {"x0": 0.8, "x1": 0.9, "x2": 7.0541834541992815e-56, "x3": 1.6835168953567343e-56, "x4": 1.454751771360564, "x5": 1.435253334166873e-55, "x6": 1.1737985065771028, "x7": 4.652625255209876, "x8": 0.9172451529711619, "x9": 2.475332771198038}, "datetime": {"datetime": "2025-05-13 20:11:35", "elapsed": 23573.272681, "delta": 34.85524}}
