{"target": 38.97394266935376, "params": {"x0": 0.8, "x1": 0.9, "x2": 5.560831068825615e-83, "x3": 1.8013320612934137e-83, "x4": 1.454751771360564, "x5": 1.282365228319674e-82, "x6": 1.1737985065771028, "x7": 4.652625255209876, "x8": 0.9172451529711619, "x9": 2.475332771198038}, "datetime": {"datetime": "2025-05-14 06:38:38", "elapsed": 61196.154207, "delta": 126.503317}}
{"target": 38.97394266935376, "params": {"x0": 0.8, "x1": 0.9, "x2": 1.5374853409725383e-82, "x3": 3.4907662393930036e-83, "x4": 1.454751771360564, "x5": 2.218627824171972e-82, "x6": 1.1737985065771028, "x7": 4.652625255209876, "x8": 0.9172451529711619, "x9": 2.475332771198038}, "datetime": {"datetime": "2025-05-14 06:40:09", "elapsed": 61287.712885, "delta": 91.558678}}
{"target": 38.97394266935376, "params": {"x0": 0.8, "x1": 0.9, "x2": 1.6812211963607285e-82, "x3": 2.1224791315000395e-82, "x4": 1.454751771360564, "x5": 2.253509912433364e-82, "x6": 1.1737985065771028, "x7": 4.652625255209876, "x8": 0.9172451529711619, "x9": 2.475332771198038}, "datetime": {"datetime": "2025-05-14 06:42:09", "elapsed": 61407.084134, "delta": 119.371249}}
{"target": 38.97394266935376, "params": {"x0": 0.8, "x1": 0.9, "x2": 6.356826842575849e-83, "x3": 1.6669723618430774e-82, "x4": 1.454751771360564, "x5": 1.996363774318421e-82, "x6": 1.1737985065771028, "x7": 4.652625255209876, "x8": 0.9172451529711619, "x9": 2.475332771198038}, "datetime": {"datetime": "2025-05-14 06:43:30", "elapsed": 61488.425764, "delta": 81.34163}}
{"target": 38.97394266935376, "params": {"x0": 0.8, "x1": 0.9, "x2": 1.3725841260369578e-82, "x3": 1.337918675482325e-82, "x4": 1.454751771360564, "x5": 1.0563376285901743e-82, "x6": 1.1737985065771028, "x7": 4.652625255209876, "x8": 0.9172451529711619, "x9": 2.475332771198038}, "datetime": {"datetime": "2025-05-14 06:45:00", "elapsed": 61578.122952, "delta": 89.697188}}
{"target": 38.97394266935376, "params": {"x0": 0.8, "x1": 0.9, "x2": 4.874415955604734e-83, "x3": 3.311868410274922e-83, "x4": 1.454751771360564, "x5": 1.1723842161826835e-82, "x6": 1.1737985065771028, "x7": 4.652625255209876, "x8": 0.9172451529711619, "x9": 2.475332771198038}, "datetime": {"datetime": "2025-05-14 06:46:16", "elapsed": 61654.947177, "delta": 76.824225}}
{"target": 38.97394266935376, "params": {"x0": 0.8, "x1": 0.9, "x2": 1.1295752443585813e-82, "x3": 1.0625777734735651e-82, "x4": 1.454751771360564, "x5": 1.9605644973778777e-82, "x6": 1.1737985065771028, "x7": 4.652625255209876, "x8": 0.9172451529711619, "x9": 2.475332771198038}, "datetime": {"datetime": "2025-05-14 06:47:38", "elapsed": 61736.30265, "delta": 81.355473}}
{"target": 38.97394266935376, "params": {"x0": 0.8, "x1": 0.9, "x2": 5.44444588268784e-83, "x3": 1.0997668629616181e-82, "x4": 1.454751771360564, "x5": 7.787526363419667e-83, "x6": 1.1737985065771028, "x7": 4.652625255209876, "x8": 0.9172451529711619, "x9": 2.475332771198038}, "datetime": {"datetime": "2025-05-14 06:48:56", "elapsed": 61814.409247, "delta": 78.106597}}
{"target": 38.97394266935376, "params": {"x0": 0.8, "x1": 0.9, "x2": 1.7736129870760656e-83, "x3": 7.906841405994552e-83, "x4": 1.454751771360564, "x5": 1.571775374198849e-83, "x6": 1.1737985065771028, "x7": 4.652625255209876, "x8": 0.9172451529711619, "x9": 2.475332771198038}, "datetime": {"datetime": "2025-05-14 06:50:51", "elapsed": 61929.463867, "delta": 115.05462}}
{"target": 38.97394266935376, "params": {"x0": 0.8, "x1": 0.9, "x2": 7.201462542990374e-83, "x3": 5.019264973670057e-83, "x4": 1.454751771360564, "x5": 2.20912041180866e-83, "x6": 1.1737985065771028, "x7": 4.652625255209876, "x8": 0.9172451529711619, "x9": 2.475332771198038}, "datetime": {"datetime": "2025-05-14 06:52:20", "elapsed": 62018.845176, "delta": 89.381309}}
{"target": 38.97394266935376, "params": {"x0": 0.8, "x1": 0.9, "x2": 4.766955493617721e-83, "x3": 5.262434739738428e-84, "x4": 1.454751771360564, "x5": 7.41668554462238e-83, "x6": 1.1737985065771028, "x7": 4.652625255209876, "x8": 0.9172451529711619, "x9": 2.475332771198038}, "datetime": {"datetime": "2025-05-14 06:54:08", "elapsed": 62126.049902, "delta": 107.204726}}
{"target": 38.97394266935376, "params": {"x0": 0.8, "x1": 0.9, "x2": 4.069142057771491e-83, "x3": 5.4062874499329856e-83, "x4": 1.454751771360564, "x5": 6.893292403834596e-83, "x6": 1.1737985065771028, "x7": 4.652625255209876, "x8": 0.9172451529711619, "x9": 2.475332771198038}, "datetime": {"datetime": "2025-05-14 06:55:26", "elapsed": 62204.923269, "delta": 78.873367}}
{"target": 38.97394266935376, "params": {"x0": 0.8, "x1": 0.9, "x2": 1.3018713857468307e-83, "x3": 7.351129792140554e-83, "x4": 1.454751771360564, "x5": 1.4341234930656947e-83, "x6": 1.1737985065771028, "x7": 4.652625255209876, "x8": 0.9172451529711619, "x9": 2.475332771198038}, "datetime": {"datetime": "2025-05-14 06:57:00", "elapsed": 62298.971626, "delta": 94.048357}}
{"target": 38.97394266935376, "params": {"x0": 0.8, "x1": 0.9, "x2": 3.442546970177442e-83, "x3": 1.519711202469145e-83, "x4": 1.454751771360564, "x5": 3.937704305775458e-83, "x6": 1.1737985065771028, "x7": 4.652625255209876, "x8": 0.9172451529711619, "x9": 2.475332771198038}, "datetime": {"datetime": "2025-05-14 06:58:13", "elapsed": 62371.618063, "delta": 72.646437}}
{"target": 38.97394266935376, "params": {"x0": 0.8, "x1": 0.9, "x2": 2.708147789324417e-83, "x3": 5.857419701070753e-83, "x4": 1.454751771360564, "x5": 4.001971552564407e-83, "x6": 1.1737985065771028, "x7": 4.652625255209876, "x8": 0.9172451529711619, "x9": 2.475332771198038}, "datetime": {"datetime": "2025-05-14 06:59:41", "elapsed": 62459.80534, "delta": 88.187277}}
{"target": 38.97394266935376, "params": {"x0": 0.8, "x1": 0.9, "x2": 3.974241150840431e-83, "x3": 5.325288221759083e-83, "x4": 1.454751771360564, "x5": 3.378561647276902e-83, "x6": 1.1737985065771028, "x7": 4.652625255209876, "x8": 0.9172451529711619, "x9": 2.475332771198038}, "datetime": {"datetime": "2025-05-14 07:01:02", "elapsed": 62540.893029, "delta": 81.087689}}
{"target": 38.97394266935376, "params": {"x0": 0.8, "x1": 0.9, "x2": 1.927938443387419e-83, "x3": 2.8632352026244746e-83, "x4": 1.454751771360564, "x5": 3.96971328019757e-83, "x6": 1.1737985065771028, "x7": 4.652625255209876, "x8": 0.9172451529711619, "x9": 2.475332771198038}, "datetime": {"datetime": "2025-05-14 07:02:27", "elapsed": 62625.898141, "delta": 85.005112}}
{"target": 38.97394266935376, "params": {"x0": 0.8, "x1": 0.9, "x2": 2.851548225114148e-83, "x3": 8.781256391948472e-84, "x4": 1.454751771360564, "x5": 4.715346414615606e-84, "x6": 1.1737985065771028, "x7": 4.652625255209876, "x8": 0.9172451529711619, "x9": 2.475332771198038}, "datetime": {"datetime": "2025-05-14 07:03:56", "elapsed": 62714.090481, "delta": 88.19234}}
{"target": 38.97394266935376, "params": {"x0": 0.8, "x1": 0.9, "x2": 2.784294438966219e-84, "x3": 9.473461635271267e-84, "x4": 1.454751771360564, "x5": 3.3124078646952306e-83, "x6": 1.1737985065771028, "x7": 4.652625255209876, "x8": 0.9172451529711619, "x9": 2.475332771198038}, "datetime": {"datetime": "2025-05-14 07:05:22", "elapsed": 62800.998704, "delta": 86.908223}}
{"target": 38.97394266935376, "params": {"x0": 0.8, "x1": 0.9, "x2": 1.2734005128308556e-83, "x3": 2.1761078415690287e-83, "x4": 1.454751771360564, "x5": 6.809258888712327e-84, "x6": 1.1737985065771028, "x7": 4.652625255209876, "x8": 0.9172451529711619, "x9": 2.475332771198038}, "datetime": {"datetime": "2025-05-14 07:06:31", "elapsed": 62869.887336, "delta": 68.888632}}
{"target": 38.97394266935376, "params": {"x0": 0.8, "x1": 0.9, "x2": 3.0881561693040926e-85, "x3": 3.183288508778199e-83, "x4": 1.454751771360564, "x5": 1.2856531811381762e-83, "x6": 1.1737985065771028, "x7": 4.652625255209876, "x8": 0.9172451529711619, "x9": 2.475332771198038}, "datetime": {"datetime": "2025-05-14 07:08:10", "elapsed": 62968.335889, "delta": 98.448553}}
{"target": 38.97394266935376, "params": {"x0": 0.8, "x1": 0.9, "x2": 2.2131084724936228e-83, "x3": 4.054695422044634e-84, "x4": 1.454751771360564, "x5": 1.2957924238174e-83, "x6": 1.1737985065771028, "x7": 4.652625255209876, "x8": 0.9172451529711619, "x9": 2.475332771198038}, "datetime": {"datetime": "2025-05-14 07:09:47", "elapsed": 63065.10416, "delta": 96.768271}}
{"target": 38.97394266935376, "params": {"x0": 0.8, "x1": 0.9, "x2": 5.640333240694591e-84, "x3": 1.4912100303772565e-83, "x4": 1.454751771360564, "x5": 5.726893194941225e-84, "x6": 1.1737985065771028, "x7": 4.652625255209876, "x8": 0.9172451529711619, "x9": 2.475332771198038}, "datetime": {"datetime": "2025-05-14 07:11:41", "elapsed": 63179.911156, "delta": 114.806996}}
{"target": 38.97394266935376, "params": {"x0": 0.8, "x1": 0.9, "x2": 5.644960282844624e-84, "x3": 2.0293938183055314e-83, "x4": 1.454751771360564, "x5": 2.1410091293763853e-83, "x6": 1.1737985065771028, "x7": 4.652625255209876, "x8": 0.9172451529711619, "x9": 2.475332771198038}, "datetime": {"datetime": "2025-05-14 07:13:01", "elapsed": 63259.016356, "delta": 79.1052}}
{"target": 38.97394266935376, "params": {"x0": 0.8, "x1": 0.9, "x2": 1.2232352611042333e-83, "x3": 2.2412101225691842e-83, "x4": 1.454751771360564, "x5": 2.458937577362289e-83, "x6": 1.1737985065771028, "x7": 4.652625255209876, "x8": 0.9172451529711619, "x9": 2.475332771198038}, "datetime": {"datetime": "2025-05-14 07:14:42", "elapsed": 63360.998899, "delta": 101.982543}}
{"target": 38.97394266935376, "params": {"x0": 0.8, "x1": 0.9, "x2": 1.4653366617417354e-83, "x3": 1.940307737800078e-83, "x4": 1.454751771360564, "x5": 6.30341307994443e-84, "x6": 1.1737985065771028, "x7": 4.652625255209876, "x8": 0.9172451529711619, "x9": 2.475332771198038}, "datetime": {"datetime": "2025-05-14 07:16:22", "elapsed": 63460.997565, "delta": 99.998666}}
{"target": 38.97394266935376, "params": {"x0": 0.8, "x1": 0.9, "x2": 2.273079738712322e-84, "x3": 1.2817988791760937e-83, "x4": 1.454751771360564, "x5": 1.7265850547818053e-85, "x6": 1.1737985065771028, "x7": 4.652625255209876, "x8": 0.9172451529711619, "x9": 2.475332771198038}, "datetime": {"datetime": "2025-05-14 07:18:05", "elapsed": 63563.037166, "delta": 102.039601}}
{"target": 38.97394266935376, "params": {"x0": 0.8, "x1": 0.9, "x2": 5.677226532399404e-84, "x3": 1.4316081028851676e-83, "x4": 1.454751771360564, "x5": 2.4543403412703235e-84, "x6": 1.1737985065771028, "x7": 4.652625255209876, "x8": 0.9172451529711619, "x9": 2.475332771198038}, "datetime": {"datetime": "2025-05-14 07:19:41", "elapsed": 63659.695499, "delta": 96.658333}}
{"target": 38.97394266935376, "params": {"x0": 0.8, "x1": 0.9, "x2": 1.361460196366117e-85, "x3": 4.418600133173292e-84, "x4": 1.454751771360564, "x5": 1.9540668081736616e-83, "x6": 1.1737985065771028, "x7": 4.652625255209876, "x8": 0.9172451529711619, "x9": 2.475332771198038}, "datetime": {"datetime": "2025-05-14 07:21:00", "elapsed": 63738.988361, "delta": 79.292862}}
{"target": 38.97394266935376, "params": {"x0": 0.8, "x1": 0.9, "x2": 4.26243047479329e-84, "x3": 3.1695207977554833e-84, "x4": 1.454751771360564, "x5": 4.182930216498648e-84, "x6": 1.1737985065771028, "x7": 4.652625255209876, "x8": 0.9172451529711619, "x9": 2.475332771198038}, "datetime": {"datetime": "2025-05-14 07:22:45", "elapsed": 63843.471507, "delta": 104.483146}}
{"target": 38.97394266935376, "params": {"x0": 0.8, "x1": 0.9, "x2": 1.6053551147125712e-84, "x3": 4.590477759289878e-84, "x4": 1.454751771360564, "x5": 1.0241590699230126e-83, "x6": 1.1737985065771028, "x7": 4.652625255209876, "x8": 0.9172451529711619, "x9": 2.475332771198038}, "datetime": {"datetime": "2025-05-14 07:24:20", "elapsed": 63938.805475, "delta": 95.333968}}
{"target": 38.97394266935376, "params": {"x0": 0.8, "x1": 0.9, "x2": 5.502509637940114e-84, "x3": 6.203395243189607e-84, "x4": 1.454751771360564, "x5": 1.3197516150045569e-83, "x6": 1.1737985065771028, "x7": 4.652625255209876, "x8": 0.9172451529711619, "x9": 2.475332771198038}, "datetime": {"datetime": "2025-05-14 07:26:10", "elapsed": 64048.600219, "delta": 109.794744}}
{"target": 38.97394266935376, "params": {"x0": 0.8, "x1": 0.9, "x2": 3.1512594386751572e-84, "x3": 6.565762045389983e-84, "x4": 1.454751771360564, "x5": 1.0763906108948108e-83, "x6": 1.1737985065771028, "x7": 4.652625255209876, "x8": 0.9172451529711619, "x9": 2.475332771198038}, "datetime": {"datetime": "2025-05-14 07:28:11", "elapsed": 64169.825767, "delta": 121.225548}}
{"target": 38.97394266935376, "params": {"x0": 0.8, "x1": 0.9, "x2": 4.164272422748155e-84, "x3": 4.691412445309654e-84, "x4": 1.454751771360564, "x5": 1.4728165745334034e-84, "x6": 1.1737985065771028, "x7": 4.652625255209876, "x8": 0.9172451529711619, "x9": 2.475332771198038}, "datetime": {"datetime": "2025-05-14 07:29:36", "elapsed": 64254.120782, "delta": 84.295015}}
{"target": 38.97394266935376, "params": {"x0": 0.8, "x1": 0.9, "x2": 5.712030746179413e-84, "x3": 8.956450127262037e-85, "x4": 1.454751771360564, "x5": 2.4512581076621706e-84, "x6": 1.1737985065771028, "x7": 4.652625255209876, "x8": 0.9172451529711619, "x9": 2.475332771198038}, "datetime": {"datetime": "2025-05-14 07:31:13", "elapsed": 64351.422087, "delta": 97.301305}}
{"target": 38.97394266935376, "params": {"x0": 0.8, "x1": 0.9, "x2": 2.61752704311367e-84, "x3": 3.0618397109037363e-84, "x4": 1.454751771360564, "x5": 5.290440224155213e-84, "x6": 1.1737985065771028, "x7": 4.652625255209876, "x8": 0.9172451529711619, "x9": 2.475332771198038}, "datetime": {"datetime": "2025-05-14 07:32:26", "elapsed": 64424.16562, "delta": 72.743533}}
{"target": 38.97394266935376, "params": {"x0": 0.8, "x1": 0.9, "x2": 3.2614339134734873e-84, "x3": 6.428004005977454e-86, "x4": 1.454751771360564, "x5": 5.453768161311581e-84, "x6": 1.1737985065771028, "x7": 4.652625255209876, "x8": 0.9172451529711619, "x9": 2.475332771198038}, "datetime": {"datetime": "2025-05-14 07:33:59", "elapsed": 64517.61868, "delta": 93.45306}}
{"target": 38.97394266935376, "params": {"x0": 0.8, "x1": 0.9, "x2": 3.8823432269005037e-84, "x3": 4.923655642947038e-84, "x4": 1.454751771360564, "x5": 2.75533441781514e-84, "x6": 1.1737985065771028, "x7": 4.652625255209876, "x8": 0.9172451529711619, "x9": 2.475332771198038}, "datetime": {"datetime": "2025-05-14 07:35:39", "elapsed": 64617.429455, "delta": 99.810775}}
{"target": 38.97394266935376, "params": {"x0": 0.8, "x1": 0.9, "x2": 1.9270500385767084e-84, "x3": 1.82229697382163e-84, "x4": 1.454751771360564, "x5": 2.4677166664006327e-84, "x6": 1.1737985065771028, "x7": 4.652625255209876, "x8": 0.9172451529711619, "x9": 2.475332771198038}, "datetime": {"datetime": "2025-05-14 07:37:12", "elapsed": 64710.909583, "delta": 93.480128}}
{"target": 38.97394266935376, "params": {"x0": 0.8, "x1": 0.9, "x2": 1.9107540811354724e-85, "x3": 4.383971732014156e-84, "x4": 1.454751771360564, "x5": 4.005179494462018e-84, "x6": 1.1737985065771028, "x7": 4.652625255209876, "x8": 0.9172451529711619, "x9": 2.475332771198038}, "datetime": {"datetime": "2025-05-14 07:38:52", "elapsed": 64810.787243, "delta": 99.87766}}
{"target": 38.97394266935376, "params": {"x0": 0.8, "x1": 0.9, "x2": 6.217855103719163e-85, "x3": 1.8709416759596714e-85, "x4": 1.454751771360564, "x5": 4.871289659923361e-85, "x6": 1.1737985065771028, "x7": 4.652625255209876, "x8": 0.9172451529711619, "x9": 2.475332771198038}, "datetime": {"datetime": "2025-05-14 07:40:22", "elapsed": 64900.925629, "delta": 90.138386}}
{"target": 38.97394266935376, "params": {"x0": 0.8, "x1": 0.9, "x2": 2.8108554925663207e-84, "x3": 3.520840421017751e-84, "x4": 1.454751771360564, "x5": 5.800331031953456e-85, "x6": 1.1737985065771028, "x7": 4.652625255209876, "x8": 0.9172451529711619, "x9": 2.475332771198038}, "datetime": {"datetime": "2025-05-14 07:42:21", "elapsed": 65019.53148, "delta": 118.605851}}
{"target": 38.97394266935376, "params": {"x0": 0.8, "x1": 0.9, "x2": 2.476958367830847e-84, "x3": 2.794080784245047e-84, "x4": 1.454751771360564, "x5": 2.43725119335725e-84, "x6": 1.1737985065771028, "x7": 4.652625255209876, "x8": 0.9172451529711619, "x9": 2.475332771198038}, "datetime": {"datetime": "2025-05-14 07:43:55", "elapsed": 65113.877962, "delta": 94.346482}}
{"target": 38.97394266935376, "params": {"x0": 0.8, "x1": 0.9, "x2": 2.069446849838205e-84, "x3": 1.7931959067809522e-84, "x4": 1.454751771360564, "x5": 3.2740957852638486e-85, "x6": 1.1737985065771028, "x7": 4.652625255209876, "x8": 0.9172451529711619, "x9": 2.475332771198038}, "datetime": {"datetime": "2025-05-14 07:45:45", "elapsed": 65223.134261, "delta": 109.256299}}
{"target": 38.97394266935376, "params": {"x0": 0.8, "x1": 0.9, "x2": 4.6179069969113644e-85, "x3": 1.2515093270658498e-84, "x4": 1.454751771360564, "x5": 2.387222460072066e-84, "x6": 1.1737985065771028, "x7": 4.652625255209876, "x8": 0.9172451529711619, "x9": 2.475332771198038}, "datetime": {"datetime": "2025-05-14 07:46:54", "elapsed": 65292.41591, "delta": 69.281649}}
{"target": 38.97394266935376, "params": {"x0": 0.8, "x1": 0.9, "x2": 1.1703457175955594e-84, "x3": 2.337530205735985e-84, "x4": 1.454751771360564, "x5": 1.4659684510771956e-84, "x6": 1.1737985065771028, "x7": 4.652625255209876, "x8": 0.9172451529711619, "x9": 2.475332771198038}, "datetime": {"datetime": "2025-05-14 07:48:46", "elapsed": 65404.314334, "delta": 111.898424}}
{"target": 38.97394266935376, "params": {"x0": 0.8, "x1": 0.9, "x2": 1.0255702626132112e-84, "x3": 1.9502189303296687e-84, "x4": 1.454751771360564, "x5": 1.1675723941386188e-84, "x6": 1.1737985065771028, "x7": 4.652625255209876, "x8": 0.9172451529711619, "x9": 2.475332771198038}, "datetime": {"datetime": "2025-05-14 07:50:32", "elapsed": 65510.901223, "delta": 106.586889}}
{"target": 38.97394266935376, "params": {"x0": 0.8, "x1": 0.9, "x2": 9.138525364445694e-85, "x3": 1.4270179728992043e-84, "x4": 1.454751771360564, "x5": 7.550173600630641e-85, "x6": 1.1737985065771028, "x7": 4.652625255209876, "x8": 0.9172451529711619, "x9": 2.475332771198038}, "datetime": {"datetime": "2025-05-14 07:52:10", "elapsed": 65608.277715, "delta": 97.376492}}
{"target": 38.97394266935376, "params": {"x0": 0.8, "x1": 0.9, "x2": 2.829272392929496e-85, "x3": 8.738351443822916e-85, "x4": 1.454751771360564, "x5": 2.2132161189309842e-84, "x6": 1.1737985065771028, "x7": 4.652625255209876, "x8": 0.9172451529711619, "x9": 2.475332771198038}, "datetime": {"datetime": "2025-05-14 07:54:01", "elapsed": 65719.899015, "delta": 111.6213}}
{"target": 38.97394266935376, "params": {"x0": 0.8, "x1": 0.9, "x2": 9.58560151923699e-85, "x3": 7.695953990785914e-85, "x4": 1.454751771360564, "x5": 3.479052551703963e-85, "x6": 1.1737985065771028, "x7": 4.652625255209876, "x8": 0.9172451529711619, "x9": 2.475332771198038}, "datetime": {"datetime": "2025-05-14 07:55:49", "elapsed": 65827.257544, "delta": 107.358529}}
{"target": 38.97394266935376, "params": {"x0": 0.8, "x1": 0.9, "x2": 4.5646662131934763e-85, "x3": 1.2139090835835726e-84, "x4": 1.454751771360564, "x5": 6.017258888101141e-86, "x6": 1.1737985065771028, "x7": 4.652625255209876, "x8": 0.9172451529711619, "x9": 2.475332771198038}, "datetime": {"datetime": "2025-05-14 07:57:00", "elapsed": 65898.84663, "delta": 71.589086}}
{"target": 38.97394266935376, "params": {"x0": 0.8, "x1": 0.9, "x2": 3.865565364311917e-85, "x3": 9.140324101714859e-85, "x4": 1.454751771360564, "x5": 1.4472010366110314e-84, "x6": 1.1737985065771028, "x7": 4.652625255209876, "x8": 0.9172451529711619, "x9": 2.475332771198038}, "datetime": {"datetime": "2025-05-14 07:58:31", "elapsed": 65989.2676, "delta": 90.42097}}
{"target": 38.97394266935376, "params": {"x0": 0.8, "x1": 0.9, "x2": 8.016320521565821e-85, "x3": 3.676595397650544e-85, "x4": 1.454751771360564, "x5": 7.483559158980694e-85, "x6": 1.1737985065771028, "x7": 4.652625255209876, "x8": 0.9172451529711619, "x9": 2.475332771198038}, "datetime": {"datetime": "2025-05-14 07:59:52", "elapsed": 66070.191997, "delta": 80.924397}}
{"target": 38.97394266935376, "params": {"x0": 0.8, "x1": 0.9, "x2": 5.273733383118794e-85, "x3": 2.7437145681233456e-85, "x4": 1.454751771360564, "x5": 1.0525480716393604e-84, "x6": 1.1737985065771028, "x7": 4.652625255209876, "x8": 0.9172451529711619, "x9": 2.475332771198038}, "datetime": {"datetime": "2025-05-14 08:01:23", "elapsed": 66161.731698, "delta": 91.539701}}
{"target": 38.97394266935376, "params": {"x0": 0.8, "x1": 0.9, "x2": 1.0503329008811183e-85, "x3": 8.009463517010235e-86, "x4": 1.454751771360564, "x5": 5.090460934267759e-85, "x6": 1.1737985065771028, "x7": 4.652625255209876, "x8": 0.9172451529711619, "x9": 2.475332771198038}, "datetime": {"datetime": "2025-05-14 08:03:28", "elapsed": 66286.648531, "delta": 124.916833}}
{"target": 38.97394266935376, "params": {"x0": 0.8, "x1": 0.9, "x2": 5.561180590201618e-85, "x3": 2.853539258471882e-85, "x4": 1.454751771360564, "x5": 3.619986559548297e-85, "x6": 1.1737985065771028, "x7": 4.652625255209876, "x8": 0.9172451529711619, "x9": 2.475332771198038}, "datetime": {"datetime": "2025-05-14 08:05:15", "elapsed": 66393.782688, "delta": 107.134157}}
{"target": 38.97394266935376, "params": {"x0": 0.8, "x1": 0.9, "x2": 4.987831477587925e-86, "x3": 6.598556985521986e-85, "x4": 1.454751771360564, "x5": 6.061332497998857e-85, "x6": 1.1737985065771028, "x7": 4.652625255209876, "x8": 0.9172451529711619, "x9": 2.475332771198038}, "datetime": {"datetime": "2025-05-14 08:06:46", "elapsed": 66484.944535, "delta": 91.161847}}
{"target": 38.97394266935376, "params": {"x0": 0.8, "x1": 0.9, "x2": 2.8092879839443404e-85, "x3": 8.875215679956753e-86, "x4": 1.454751771360564, "x5": 1.5301481155994005e-85, "x6": 1.1737985065771028, "x7": 4.652625255209876, "x8": 0.9172451529711619, "x9": 2.475332771198038}, "datetime": {"datetime": "2025-05-14 08:08:10", "elapsed": 66568.999855, "delta": 84.05532}}
