{"target": 38.92860939112156, "params": {"x0": 0.8, "x1": 0.9, "x2": 0.0, "x3": 0.0, "x4": 1.4547631845429834, "x5": 0.0, "x6": 1.173855697667634, "x7": 4.644895936791094, "x8": 0.9172395706390118, "x9": 2.475318275092682}, "datetime": {"datetime": "2025-05-13 14:04:23", "elapsed": 1541.020175, "delta": 7.656687}}
{"target": 38.92860939112156, "params": {"x0": 0.8, "x1": 0.9, "x2": 0.0, "x3": 0.0, "x4": 1.4547568416810066, "x5": 0.0, "x6": 1.1738239137899904, "x7": 4.649191495917679, "x8": 0.917242673013182, "x9": 2.475326331285258}, "datetime": {"datetime": "2025-05-13 14:04:30", "elapsed": 1548.706241, "delta": 7.686066}}
{"target": 38.96541497183111, "params": {"x0": 0.8, "x1": 0.9, "x2": 0.0, "x3": 0.0, "x4": 1.4547511331052274, "x5": 0.0, "x6": 1.1737953083001114, "x7": 4.722645556982301, "x8": 0.917245465149935, "x9": 2.475333581858576}, "datetime": {"datetime": "2025-05-13 14:04:38", "elapsed": 1556.708411, "delta": 8.00217}}
{"target": 38.96657309194724, "params": {"x0": 0.8, "x1": 0.9, "x2": 0.0, "x3": 0.0, "x4": 1.4547459953870263, "x5": 0.0, "x6": 1.17376956335922, "x7": 4.719166154089766, "x8": 0.9172479780730127, "x9": 2.4753401073745627}, "datetime": {"datetime": "2025-05-13 14:04:46", "elapsed": 1564.656797, "delta": 7.948386}}
{"target": 38.96657309194724, "params": {"x0": 0.8, "x1": 0.9, "x2": 0.0, "x3": 0.0, "x4": 1.4547413714406452, "x5": 0.0, "x6": 1.173746392912418, "x7": 4.716034691486485, "x8": 0.9172502397037827, "x9": 2.4753459803389504}, "datetime": {"datetime": "2025-05-13 14:04:54", "elapsed": 1572.697446, "delta": 8.040649}}
{"target": 38.96657309194724, "params": {"x0": 0.8, "x1": 0.9, "x2": 0.0, "x3": 0.0, "x4": 1.4547372098889022, "x5": 0.0, "x6": 1.1737255395102961, "x7": 4.713216375143531, "x8": 0.9172522751714757, "x9": 2.475351266006899}, "datetime": {"datetime": "2025-05-13 14:05:02", "elapsed": 1580.709784, "delta": 8.012338}}
{"target": 38.96657309194724, "params": {"x0": 0.8, "x1": 0.9, "x2": 0.0, "x3": 0.0, "x4": 1.4547334644923335, "x5": 0.0, "x6": 1.1737067714483864, "x7": 4.710679890434874, "x8": 0.9172541070923994, "x9": 2.4753560231080534}, "datetime": {"datetime": "2025-05-13 14:05:10", "elapsed": 1588.759371, "delta": 8.049587}}
{"target": 38.96755797341026, "params": {"x0": 0.8, "x1": 0.9, "x2": 0.0, "x3": 0.0, "x4": 1.4547300936354217, "x5": 0.0, "x6": 1.1736898801926676, "x7": 4.708397054197082, "x8": 0.9172557558212308, "x9": 2.475360304499092}, "datetime": {"datetime": "2025-05-13 14:05:18", "elapsed": 1596.836417, "delta": 8.077046}}
{"target": 38.96755797341026, "params": {"x0": 0.8, "x1": 0.9, "x2": 0.0, "x3": 0.0, "x4": 1.454727059864201, "x5": 0.0, "x6": 1.1736746780625207, "x7": 4.7063425015830695, "x8": 0.9172572396771789, "x9": 2.475364157751027}, "datetime": {"datetime": "2025-05-13 14:05:26", "elapsed": 1604.71045, "delta": 7.874033}}
{"target": 38.96755797341026, "params": {"x0": 0.8, "x1": 0.9, "x2": 0.0, "x3": 0.0, "x4": 1.4547243294701024, "x5": 0.0, "x6": 1.1736609961453885, "x7": 4.704493404230457, "x8": 0.9172585751475323, "x9": 2.475367625677768}, "datetime": {"datetime": "2025-05-13 14:05:34", "elapsed": 1612.581397, "delta": 7.870947}}
{"target": 38.97072998158933, "params": {"x0": 0.8, "x1": 0.9, "x2": 0.0, "x3": 0.0, "x4": 1.4547218721154138, "x5": 0.0, "x6": 1.1736486824199697, "x7": 4.6728738395008005, "x8": 0.9172597770708503, "x9": 2.4753707468118353}, "datetime": {"datetime": "2025-05-13 14:05:42", "elapsed": 1620.600233, "delta": 8.018836}}
{"target": 38.97165843909604, "params": {"x0": 0.8, "x1": 0.9, "x2": 0.0, "x3": 0.0, "x4": 1.4547406708787824, "x5": 0.0, "x6": 1.1737428824194247, "x7": 4.66014280422807, "x8": 0.9172505823574674, "x9": 2.4753468701362213}, "datetime": {"datetime": "2025-05-13 14:05:50", "elapsed": 1628.448964, "delta": 7.848731}}
{"target": 38.92860939112156, "params": {"x0": 0.8, "x1": 0.9, "x2": 0.0, "x3": 0.0, "x4": 1.454759469642151, "x5": 0.0, "x6": 1.1738370824188797, "x7": 4.64741176895534, "x8": 0.9172413876440845, "x9": 2.4753229934606074}, "datetime": {"datetime": "2025-05-13 14:05:58", "elapsed": 1636.196849, "delta": 7.747885}}
{"target": 38.97072998158933, "params": {"x0": 0.8, "x1": 0.9, "x2": 0.0, "x3": 0.0, "x4": 1.4547575897658143, "x5": 0.0, "x6": 1.1738276624189343, "x7": 4.671600735973528, "x8": 0.9172423071154228, "x9": 2.475325381128169}, "datetime": {"datetime": "2025-05-13 14:06:06", "elapsed": 1644.226996, "delta": 8.030147}}
{"target": 38.97072998158933, "params": {"x0": 0.8, "x1": 0.9, "x2": 0.0, "x3": 0.0, "x4": 1.4547558978771111, "x5": 0.0, "x6": 1.1738191844189834, "x7": 4.670454942798982, "x8": 0.9172431346396273, "x9": 2.475327530028974}, "datetime": {"datetime": "2025-05-13 14:06:14", "elapsed": 1652.074183, "delta": 7.847187}}
{"target": 38.97165843909604, "params": {"x0": 0.8, "x1": 0.9, "x2": 0.0, "x3": 0.0, "x4": 1.4547543751772782, "x5": 0.0, "x6": 1.1738115542190275, "x7": 4.669423728941891, "x8": 0.9172438794114112, "x9": 2.4753294640396986}, "datetime": {"datetime": "2025-05-13 14:06:22", "elapsed": 1660.181165, "delta": 8.106982}}
{"target": 38.97165843909604, "params": {"x0": 0.8, "x1": 0.9, "x2": 0.0, "x3": 0.0, "x4": 1.4547530047474286, "x5": 0.0, "x6": 1.1738046870390673, "x7": 4.668495636470508, "x8": 0.9172445497060169, "x9": 2.475331204649351}, "datetime": {"datetime": "2025-05-13 14:06:30", "elapsed": 1668.267856, "delta": 8.086691}}
{"target": 38.97394266935376, "params": {"x0": 0.8, "x1": 0.9, "x2": 0.0, "x3": 0.0, "x4": 1.454751771360564, "x5": 0.0, "x6": 1.1737985065771028, "x7": 4.652625255209876, "x8": 0.9172451529711619, "x9": 2.475332771198038}, "datetime": {"datetime": "2025-05-13 14:06:38", "elapsed": 1676.325995, "delta": 8.058139}}
{"target": 38.92860939112156, "params": {"x0": 0.8, "x1": 0.9, "x2": 0.0, "x3": 0.0, "x4": 1.4547612067700784, "x5": 0.0, "x6": 1.1738457871111294, "x7": 4.64623533854441, "x8": 0.9172405379928023, "x9": 2.4753207871005825}, "datetime": {"datetime": "2025-05-13 14:06:46", "elapsed": 1684.118913, "delta": 7.792918}}
{"target": 38.97394266935376, "params": {"x0": 0.8, "x1": 0.9, "x2": 0.0, "x3": 0.0, "x4": 1.454760263229127, "x5": 0.0, "x6": 1.1738410590577266, "x7": 4.658376180208795, "x8": 0.9172409994906382, "x9": 2.475321985510328}, "datetime": {"datetime": "2025-05-13 14:06:54", "elapsed": 1692.176894, "delta": 8.057981}}
{"target": 38.97394266935376, "params": {"x0": 0.8, "x1": 0.9, "x2": 0.0, "x3": 0.0, "x4": 1.4547594140422706, "x5": 0.0, "x6": 1.1738368038096643, "x7": 4.657801087708902, "x8": 0.9172414148386906, "x9": 2.475323064079099}, "datetime": {"datetime": "2025-05-13 14:07:02", "elapsed": 1700.157126, "delta": 7.980232}}
{"target": 38.97394266935376, "params": {"x0": 0.8, "x1": 0.9, "x2": 0.0, "x3": 0.0, "x4": 1.4547586497740999, "x5": 0.0, "x6": 1.1738329740864082, "x7": 4.657283504459, "x8": 0.9172417886519377, "x9": 2.475324034790993}, "datetime": {"datetime": "2025-05-13 14:07:10", "elapsed": 1708.305958, "delta": 8.148832}}
{"target": 38.92860939112156, "params": {"x0": 0.8, "x1": 0.9, "x2": 0.0, "x3": 0.0, "x4": 1.4547579619327464, "x5": 0.0, "x6": 1.1738295273354775, "x7": 4.648432830885664, "x8": 0.9172421250838602, "x9": 2.4753249084316975}, "datetime": {"datetime": "2025-05-13 14:07:18", "elapsed": 1716.191546, "delta": 7.885588}}
{"target": 38.97394266935376, "params": {"x0": 0.8, "x1": 0.9, "x2": 0.0, "x3": 0.0, "x4": 1.454757342875528, "x5": 0.0, "x6": 1.1738264252596402, "x7": 4.656398437101666, "x8": 0.9172424278725904, "x9": 2.4753256947083315}, "datetime": {"datetime": "2025-05-13 14:07:25", "elapsed": 1723.996935, "delta": 7.805389}}
{"target": 38.97394266935376, "params": {"x0": 0.8, "x1": 0.9, "x2": 0.0, "x3": 0.0, "x4": 1.4547567857240318, "x5": 0.0, "x6": 1.1738236333913865, "x7": 4.656021118912488, "x8": 0.9172427003824475, "x9": 2.475326402357302}, "datetime": {"datetime": "2025-05-13 14:07:33", "elapsed": 1731.860256, "delta": 7.863321}}
{"target": 38.97394266935376, "params": {"x0": 0.8, "x1": 0.9, "x2": 0.0, "x3": 0.0, "x4": 1.4547562842876849, "x5": 0.0, "x6": 1.173821120709958, "x7": 4.655681532542227, "x8": 0.9172429456413189, "x9": 2.4753270392413755}, "datetime": {"datetime": "2025-05-13 14:07:41", "elapsed": 1739.845546, "delta": 7.98529}}
{"target": 38.97394266935376, "params": {"x0": 0.8, "x1": 0.9, "x2": 0.0, "x3": 0.0, "x4": 1.4547558329949728, "x5": 0.0, "x6": 1.1738188592966725, "x7": 4.6553759048089915, "x8": 0.9172431663743033, "x9": 2.475327612437042}, "datetime": {"datetime": "2025-05-13 14:07:50", "elapsed": 1748.110516, "delta": 8.26497}}
{"target": 38.97394266935376, "params": {"x0": 0.8, "x1": 0.9, "x2": 0.0, "x3": 0.0, "x4": 1.454755426831532, "x5": 0.0, "x6": 1.1738168240247155, "x7": 4.65510083984908, "x8": 0.9172433650339891, "x9": 2.4753281283131416}, "datetime": {"datetime": "2025-05-13 14:07:58", "elapsed": 1756.182843, "delta": 8.072327}}
{"target": 38.97394266935376, "params": {"x0": 0.8, "x1": 0.9, "x2": 0.0, "x3": 0.0, "x4": 1.454755061284435, "x5": 0.0, "x6": 1.1738149922799543, "x7": 4.65485328138516, "x8": 0.9172435438277063, "x9": 2.475328592601631}, "datetime": {"datetime": "2025-05-13 14:08:05", "elapsed": 1764.006486, "delta": 7.823643}}
{"target": 38.97394266935376, "params": {"x0": 0.8, "x1": 0.9, "x2": 0.0, "x3": 0.0, "x4": 1.454754732292048, "x5": 0.0, "x6": 1.1738133437096692, "x7": 4.650620031652121, "x8": 0.917243704742052, "x9": 2.475329010461272}, "datetime": {"datetime": "2025-05-13 14:08:14", "elapsed": 1772.262126, "delta": 8.25564}}
{"target": 38.97394266935376, "params": {"x0": 0.8, "x1": 0.9, "x2": 0.0, "x3": 0.0, "x4": 1.4547544361988995, "x5": 0.0, "x6": 1.1738118599964125, "x7": 4.650820554007896, "x8": 0.917243849564963, "x9": 2.4753293865349484}, "datetime": {"datetime": "2025-05-13 14:08:22", "elapsed": 1780.195423, "delta": 7.933297}}
{"target": 38.97394266935376, "params": {"x0": 0.8, "x1": 0.9, "x2": 0.0, "x3": 0.0, "x4": 1.454754169715066, "x5": 0.0, "x6": 1.1738105246544814, "x7": 4.651001024128094, "x8": 0.9172439799055828, "x9": 2.4753297250012576}, "datetime": {"datetime": "2025-05-13 14:08:30", "elapsed": 1788.132985, "delta": 7.937562}}
{"target": 38.97394266935376, "params": {"x0": 0.8, "x1": 0.9, "x2": 0.0, "x3": 0.0, "x4": 1.454753929879616, "x5": 0.0, "x6": 1.1738093228467437, "x7": 4.651163447236272, "x8": 0.9172440972121407, "x9": 2.4753300296209355}, "datetime": {"datetime": "2025-05-13 14:08:37", "elapsed": 1795.946614, "delta": 7.813629}}
{"target": 38.97394266935376, "params": {"x0": 0.8, "x1": 0.9, "x2": 0.0, "x3": 0.0, "x4": 1.4547537140277107, "x5": 0.0, "x6": 1.1738082412197797, "x7": 4.651309628033633, "x8": 0.9172442027880429, "x9": 2.475330303778646}, "datetime": {"datetime": "2025-05-13 14:08:46", "elapsed": 1804.104139, "delta": 8.157525}}
{"target": 38.97394266935376, "params": {"x0": 0.8, "x1": 0.9, "x2": 0.0, "x3": 0.0, "x4": 1.454753519760996, "x5": 0.0, "x6": 1.1738072677555118, "x7": 4.651441190751257, "x8": 0.9172442978063547, "x9": 2.475330550520585}, "datetime": {"datetime": "2025-05-13 14:08:54", "elapsed": 1812.080074, "delta": 7.975935}}
{"target": 38.97394266935376, "params": {"x0": 0.8, "x1": 0.9, "x2": 0.0, "x3": 0.0, "x4": 1.4547533449209529, "x5": 0.0, "x6": 1.173806391637671, "x7": 4.651559597197119, "x8": 0.9172443833228355, "x9": 2.4753307725883302}, "datetime": {"datetime": "2025-05-13 14:09:02", "elapsed": 1820.171107, "delta": 8.091033}}
{"target": 38.97394266935376, "params": {"x0": 0.8, "x1": 0.9, "x2": 0.0, "x3": 0.0, "x4": 1.454753187564914, "x5": 0.0, "x6": 1.1738056031316142, "x7": 4.651666162998395, "x8": 0.9172444602876682, "x9": 2.475330972449301}, "datetime": {"datetime": "2025-05-13 14:09:10", "elapsed": 1828.034052, "delta": 7.862945}}
{"target": 38.97394266935376, "params": {"x0": 0.8, "x1": 0.9, "x2": 0.0, "x3": 0.0, "x4": 1.4547530459444789, "x5": 0.0, "x6": 1.1738048934761631, "x7": 4.651762072219543, "x8": 0.9172445295560175, "x9": 2.4753311523241748}, "datetime": {"datetime": "2025-05-13 14:09:17", "elapsed": 1835.998439, "delta": 7.964387}}
{"target": 38.97394266935376, "params": {"x0": 0.8, "x1": 0.9, "x2": 0.0, "x3": 0.0, "x4": 1.4547529184860875, "x5": 0.0, "x6": 1.173804254786257, "x7": 4.651848390518576, "x8": 0.9172445918975319, "x9": 2.4753313142115614}, "datetime": {"datetime": "2025-05-13 14:09:25", "elapsed": 1843.951009, "delta": 7.95257}}
{"target": 38.97394266935376, "params": {"x0": 0.8, "x1": 0.9, "x2": 0.0, "x3": 0.0, "x4": 1.454752803773535, "x5": 0.0, "x6": 1.1738036799653415, "x7": 4.651926076987706, "x8": 0.9172446480048949, "x9": 2.4753314599102088}, "datetime": {"datetime": "2025-05-13 14:09:34", "elapsed": 1852.97352, "delta": 9.022511}}
{"target": 38.97394266935376, "params": {"x0": 0.8, "x1": 0.9, "x2": 0.0, "x3": 0.0, "x4": 1.454752700532238, "x5": 0.0, "x6": 1.1738031626265177, "x7": 4.651995994809923, "x8": 0.9172446985015217, "x9": 2.4753315910389917}, "datetime": {"datetime": "2025-05-13 14:09:43", "elapsed": 1861.914218, "delta": 8.940698}}
{"target": 38.97394266935376, "params": {"x0": 0.8, "x1": 0.9, "x2": 0.0, "x3": 0.0, "x4": 1.4547526076150705, "x5": 0.0, "x6": 1.1738026970215762, "x7": 4.652058920849918, "x8": 0.9172447439484857, "x9": 2.4753317090548963}, "datetime": {"datetime": "2025-05-13 14:09:52", "elapsed": 1870.310945, "delta": 8.396727}}
{"target": 38.97394266935376, "params": {"x0": 0.8, "x1": 0.9, "x2": 0.0, "x3": 0.0, "x4": 1.45475252398962, "x5": 0.0, "x6": 1.1738022779771289, "x7": 4.652115554285914, "x8": 0.9172447848507533, "x9": 2.4753318152692105}, "datetime": {"datetime": "2025-05-13 14:10:00", "elapsed": 1878.660102, "delta": 8.349157}}
{"target": 38.97394266935376, "params": {"x0": 0.8, "x1": 0.9, "x2": 0.0, "x3": 0.0, "x4": 1.4547524487267143, "x5": 0.0, "x6": 1.1738019008371263, "x7": 4.65216652437831, "x8": 0.9172448216627942, "x9": 2.4753319108620935}, "datetime": {"datetime": "2025-05-13 14:10:09", "elapsed": 1887.285532, "delta": 8.62543}}
{"target": 38.97394266935376, "params": {"x0": 0.8, "x1": 0.9, "x2": 0.0, "x3": 0.0, "x4": 1.4547523809900993, "x5": 0.0, "x6": 1.173801561411124, "x7": 4.652212397461467, "x8": 0.9172448547936309, "x9": 2.475331996895688}, "datetime": {"datetime": "2025-05-13 14:10:17", "elapsed": 1895.704622, "delta": 8.41909}}
{"target": 38.97394266935376, "params": {"x0": 0.8000000001070473, "x1": 0.9, "x2": 0.0, "x3": 0.0, "x4": 1.4547523200271457, "x5": 0.0, "x6": 1.1738012559277218, "x7": 4.6522536832363075, "x8": 0.9172448846113841, "x9": 2.475332074325923}, "datetime": {"datetime": "2025-05-13 14:10:26", "elapsed": 1904.460769, "delta": 8.756147}}
{"target": 38.97394266935376, "params": {"x0": 0.8, "x1": 0.9, "x2": 0.0, "x3": 0.0, "x4": 1.4547522651604876, "x5": 0.0, "x6": 1.17380098099266, "x7": 4.652290840433665, "x8": 0.9172449114473619, "x9": 2.4753321440131346}, "datetime": {"datetime": "2025-05-13 14:10:35", "elapsed": 1913.222551, "delta": 8.761782}}
{"target": 38.97394266935376, "params": {"x0": 0.8000000002268202, "x1": 0.9, "x2": 0.0, "x3": 0.0, "x4": 1.4547522157804953, "x5": 0.0, "x6": 1.1738007335511043, "x7": 4.6523242819112856, "x8": 0.9172449355997419, "x9": 2.475332206731625}, "datetime": {"datetime": "2025-05-13 14:10:43", "elapsed": 1921.837116, "delta": 8.614565}}
{"target": 38.97394266935376, "params": {"x0": 0.8, "x1": 0.9, "x2": 0.0, "x3": 0.0, "x4": 1.454752171338502, "x5": 0.0, "x6": 1.1738005108537042, "x7": 4.652354379241145, "x8": 0.9172449573368838, "x9": 2.475332263178266}, "datetime": {"datetime": "2025-05-13 14:10:52", "elapsed": 1930.126057, "delta": 8.288941}}
{"target": 38.97394266935376, "params": {"x0": 0.8, "x1": 0.9, "x2": 0.0, "x3": 0.0, "x4": 1.4547521313407084, "x5": 0.0, "x6": 1.173800310426044, "x7": 4.652381466838018, "x8": 0.9172449769003117, "x9": 2.4753323139802434}, "datetime": {"datetime": "2025-05-13 14:11:00", "elapsed": 1938.435808, "delta": 8.309751}}
{"target": 38.97394266935376, "params": {"x0": 0.8, "x1": 0.9, "x2": 0.0, "x3": 0.0, "x4": 1.4547520953426938, "x5": 0.0, "x6": 1.1738001300411498, "x7": 4.6524058456752035, "x8": 0.9172449945073967, "x9": 2.4753323597020227}, "datetime": {"datetime": "2025-05-13 14:11:08", "elapsed": 1946.902551, "delta": 8.466743}}
{"target": 38.97394266935376, "params": {"x0": 0.8, "x1": 0.9, "x2": 0.0, "x3": 0.0, "x4": 1.4547520629444808, "x5": 0.0, "x6": 1.173799967694745, "x7": 4.652427786628671, "x8": 0.9172450103537733, "x9": 2.475332400851624}, "datetime": {"datetime": "2025-05-13 14:11:17", "elapsed": 1955.480155, "delta": 8.577604}}
{"target": 38.97394266935376, "params": {"x0": 0.800000000133935, "x1": 0.9, "x2": 0.0, "x3": 0.0, "x4": 1.454752033786089, "x5": 0.0, "x6": 1.173799821582981, "x7": 4.652447533486791, "x8": 0.917245024615512, "x9": 2.475332437886266}, "datetime": {"datetime": "2025-05-13 14:11:25", "elapsed": 1963.854725, "delta": 8.37457}}
{"target": 38.97394266935376, "params": {"x0": 0.8000000001205415, "x1": 0.9, "x2": 0.0, "x3": 0.0, "x4": 1.4547520075435367, "x5": 0.0, "x6": 1.173799690082393, "x7": 4.6524653056591, "x8": 0.9172450374510771, "x9": 2.475332471217443}, "datetime": {"datetime": "2025-05-13 14:11:34", "elapsed": 1972.365684, "delta": 8.510959}}
{"target": 38.97394266935376, "params": {"x0": 0.8000000001084874, "x1": 0.9, "x2": 0.0, "x3": 0.0, "x4": 1.4547519839252394, "x5": 0.0, "x6": 1.173799571731864, "x7": 4.652481300614178, "x8": 0.9172450490030856, "x9": 2.4753325012155023}, "datetime": {"datetime": "2025-05-13 14:11:43", "elapsed": 1981.194306, "delta": 8.828622}}
{"target": 38.97394266935376, "params": {"x0": 0.8000000000976386, "x1": 0.9, "x2": 0.0, "x3": 0.0, "x4": 1.454751962668772, "x5": 0.0, "x6": 1.173799465216388, "x7": 4.652495696073747, "x8": 0.9172450593998932, "x9": 2.475332528213756}, "datetime": {"datetime": "2025-05-13 14:11:52", "elapsed": 1990.439585, "delta": 9.245279}}
{"target": 38.97394266935376, "params": {"x0": 0.8, "x1": 0.9, "x2": 0.0, "x3": 0.0, "x4": 1.454751943537951, "x5": 0.0, "x6": 1.1737993693524595, "x7": 4.65250865198736, "x8": 0.91724506875702, "x9": 2.4753325525121843}, "datetime": {"datetime": "2025-05-13 14:12:00", "elapsed": 1998.958977, "delta": 8.519392}}
{"target": 38.97394266935376, "params": {"x0": 0.8000000000790873, "x1": 0.9, "x2": 0.0, "x3": 0.0, "x4": 1.4547519263202124, "x5": 0.0, "x6": 1.1737992830749238, "x7": 4.652520312309612, "x8": 0.9172450771784343, "x9": 2.4753325743807695}, "datetime": {"datetime": "2025-05-13 14:12:09", "elapsed": 2007.534889, "delta": 8.575912}}
{"target": 38.97394266935376, "params": {"x0": 0.8000000000711786, "x1": 0.9, "x2": 0.0, "x3": 0.0, "x4": 1.4547519108242475, "x5": 0.0, "x6": 1.1737992054251416, "x7": 4.652530806599638, "x8": 0.917245084757707, "x9": 2.4753325940624964}, "datetime": {"datetime": "2025-05-13 14:12:18", "elapsed": 2016.306942, "delta": 8.772053}}
{"target": 38.97394266935376, "params": {"x0": 0.8, "x1": 0.9, "x2": 0.0, "x3": 0.0, "x4": 1.4547518968778792, "x5": 0.0, "x6": 1.1737991355403379, "x7": 4.652540251460662, "x8": 0.9172450915790525, "x9": 2.4753326117760506}, "datetime": {"datetime": "2025-05-13 14:12:27", "elapsed": 2025.047175, "delta": 8.740233}}
{"target": 38.97394266935376, "params": {"x0": 0.8000000000576547, "x1": 0.9, "x2": 0.0, "x3": 0.0, "x4": 1.4547518843261475, "x5": 0.0, "x6": 1.1737990726440144, "x7": 4.6525487518355835, "x8": 0.9172450977182635, "x9": 2.4753326277182492}, "datetime": {"datetime": "2025-05-13 14:12:35", "elapsed": 2033.609066, "delta": 8.561891}}
{"target": 38.97394266935376, "params": {"x0": 0.8000000000518892, "x1": 0.9, "x2": 0.0, "x3": 0.0, "x4": 1.4547518730295892, "x5": 0.0, "x6": 1.173799016037323, "x7": 4.652556402173013, "x8": 0.9172451032435534, "x9": 2.4753326420662285}, "datetime": {"datetime": "2025-05-13 14:12:44", "elapsed": 2042.675485, "delta": 9.066419}}
{"target": 38.97394266935376, "params": {"x0": 0.8000000000467002, "x1": 0.9, "x2": 0.0, "x3": 0.0, "x4": 1.4547518628626868, "x5": 0.0, "x6": 1.1737989650913012, "x7": 4.652563287476699, "x8": 0.9172451082163142, "x9": 2.4753326549794092}, "datetime": {"datetime": "2025-05-13 14:12:53", "elapsed": 2051.210251, "delta": 8.534766}}
{"target": 38.97394266935376, "params": {"x0": 0.8, "x1": 0.9, "x2": 0.0, "x3": 0.0, "x4": 1.4547518537124744, "x5": 0.0, "x6": 1.1737989192398812, "x7": 4.652569484250017, "x8": 0.917245112691799, "x9": 2.4753326666012723}, "datetime": {"datetime": "2025-05-13 14:13:01", "elapsed": 2059.775194, "delta": 8.564943}}
{"target": 38.97394266935376, "params": {"x0": 0.8, "x1": 0.9, "x2": 0.0, "x3": 0.0, "x4": 1.4547518454772834, "x5": 0.0, "x6": 1.1737988779736035, "x7": 4.652575061346003, "x8": 0.9172451167197353, "x9": 2.475332677060949}, "datetime": {"datetime": "2025-05-13 14:13:10", "elapsed": 2068.618084, "delta": 8.84289}}
{"target": 38.97394266935376, "params": {"x0": 0.8, "x1": 0.9, "x2": 0.0, "x3": 0.0, "x4": 1.4547518380656115, "x5": 0.0, "x6": 1.1737988408339535, "x7": 4.65258008073239, "x8": 0.9172451203448779, "x9": 2.475332686474658}, "datetime": {"datetime": "2025-05-13 14:13:20", "elapsed": 2078.068894, "delta": 9.45081}}
{"target": 38.97394266935376, "params": {"x0": 0.8, "x1": 0.9, "x2": 0.0, "x3": 0.0, "x4": 1.4547518313951067, "x5": 0.0, "x6": 1.1737988074082684, "x7": 4.652584598180138, "x8": 0.9172451236075063, "x9": 2.475332694946996}, "datetime": {"datetime": "2025-05-13 14:13:29", "elapsed": 2087.752243, "delta": 9.683349}}
{"target": 38.97394266935376, "params": {"x0": 0.8, "x1": 0.9, "x2": 0.0, "x3": 0.0, "x4": 1.4547518253916525, "x5": 0.0, "x6": 1.1737987773251517, "x7": 4.652588663883113, "x8": 0.9172451265438719, "x9": 2.4753327025721}, "datetime": {"datetime": "2025-05-13 14:13:38", "elapsed": 2096.637556, "delta": 8.885313}}
