{"target": 38.97394266935376, "params": {"x0": 0.8, "x1": 0.9, "x2": 1.08406279800297e-71, "x3": 1.148026538093446e-71, "x4": 1.454751771360564, "x5": 1.3738325269705847e-71, "x6": 1.1737985065771028, "x7": 4.652625255209876, "x8": 0.9172451529711619, "x9": 2.475332771198038}, "datetime": {"datetime": "2025-05-14 01:34:25", "elapsed": 42943.985933, "delta": 66.450029}}
{"target": 38.97394266935376, "params": {"x0": 0.8, "x1": 0.9, "x2": 8.403916781779689e-73, "x3": 7.908495486091966e-72, "x4": 1.454751771360564, "x5": 1.1123822537283297e-71, "x6": 1.1737985065771028, "x7": 4.652625255209876, "x8": 0.9172451529711619, "x9": 2.475332771198038}, "datetime": {"datetime": "2025-05-14 01:35:27", "elapsed": 43005.218892, "delta": 61.232959}}
{"target": 38.97394266935376, "params": {"x0": 0.8, "x1": 0.9, "x2": 6.734786787634684e-72, "x3": 4.85577689423177e-72, "x4": 1.454751771360564, "x5": 2.6460120982424544e-72, "x6": 1.1737985065771028, "x7": 4.652625255209876, "x8": 0.9172451529711619, "x9": 2.475332771198038}, "datetime": {"datetime": "2025-05-14 01:36:26", "elapsed": 43064.818805, "delta": 59.599913}}
{"target": 38.97394266935376, "params": {"x0": 0.8, "x1": 0.9, "x2": 5.92664989002533e-72, "x3": 4.5276052588386416e-72, "x4": 1.454751771360564, "x5": 1.2495148491843552e-71, "x6": 1.1737985065771028, "x7": 4.652625255209876, "x8": 0.9172451529711619, "x9": 2.475332771198038}, "datetime": {"datetime": "2025-05-14 01:37:47", "elapsed": 43145.119511, "delta": 80.300706}}
{"target": 38.97394266935376, "params": {"x0": 0.8, "x1": 0.9, "x2": 4.710272089685332e-72, "x3": 8.24672425476532e-72, "x4": 1.454751771360564, "x5": 5.250191634266629e-72, "x6": 1.1737985065771028, "x7": 4.652625255209876, "x8": 0.9172451529711619, "x9": 2.475332771198038}, "datetime": {"datetime": "2025-05-14 01:38:44", "elapsed": 43202.754472, "delta": 57.634961}}
{"target": 38.97394266935376, "params": {"x0": 0.8, "x1": 0.9, "x2": 4.028448693142649e-72, "x3": 8.407912298361411e-72, "x4": 1.454751771360564, "x5": 5.346313433410367e-72, "x6": 1.1737985065771028, "x7": 4.652625255209876, "x8": 0.9172451529711619, "x9": 2.475332771198038}, "datetime": {"datetime": "2025-05-14 01:40:02", "elapsed": 43280.089082, "delta": 77.33461}}
{"target": 38.97394266935376, "params": {"x0": 0.8, "x1": 0.9, "x2": 4.951764268673281e-72, "x3": 6.178035980947618e-72, "x4": 1.454751771360564, "x5": 1.0086978515197408e-72, "x6": 1.1737985065771028, "x7": 4.652625255209876, "x8": 0.9172451529711619, "x9": 2.475332771198038}, "datetime": {"datetime": "2025-05-14 01:41:10", "elapsed": 43348.86606, "delta": 68.776978}}
{"target": 38.97394266935376, "params": {"x0": 0.8, "x1": 0.9, "x2": 2.6297929770119483e-72, "x3": 4.084286727906886e-72, "x4": 1.454751771360564, "x5": 1.0033460972455216e-73, "x6": 1.1737985065771028, "x7": 4.652625255209876, "x8": 0.9172451529711619, "x9": 2.475332771198038}, "datetime": {"datetime": "2025-05-14 01:42:23", "elapsed": 43421.687355, "delta": 72.821295}}
{"target": 38.97394266935376, "params": {"x0": 0.8, "x1": 0.9, "x2": 5.098569686527836e-74, "x3": 5.906118699657575e-72, "x4": 1.454751771360564, "x5": 8.352290687550487e-72, "x6": 1.1737985065771028, "x7": 4.652625255209876, "x8": 0.9172451529711619, "x9": 2.475332771198038}, "datetime": {"datetime": "2025-05-14 01:43:16", "elapsed": 43474.816682, "delta": 53.129327}}
{"target": 38.97394266935376, "params": {"x0": 0.8, "x1": 0.9, "x2": 2.4565045783585306e-72, "x3": 4.78310597441542e-72, "x4": 1.454751771360564, "x5": 1.4750458579758885e-72, "x6": 1.1737985065771028, "x7": 4.652625255209876, "x8": 0.9172451529711619, "x9": 2.475332771198038}, "datetime": {"datetime": "2025-05-14 01:44:30", "elapsed": 43548.384792, "delta": 73.56811}}
{"target": 38.97394266935376, "params": {"x0": 0.8, "x1": 0.9, "x2": 9.415481921537287e-73, "x3": 2.9518410143996557e-73, "x4": 1.454751771360564, "x5": 2.0258308214222444e-72, "x6": 1.1737985065771028, "x7": 4.652625255209876, "x8": 0.9172451529711619, "x9": 2.475332771198038}, "datetime": {"datetime": "2025-05-14 01:45:41", "elapsed": 43619.224824, "delta": 70.840032}}
{"target": 38.97394266935376, "params": {"x0": 0.8, "x1": 0.9, "x2": 1.3311409916802866e-72, "x3": 2.05067321297641e-72, "x4": 1.454751771360564, "x5": 2.708324347592898e-72, "x6": 1.1737985065771028, "x7": 4.652625255209876, "x8": 0.9172451529711619, "x9": 2.475332771198038}, "datetime": {"datetime": "2025-05-14 01:46:37", "elapsed": 43675.768535, "delta": 56.543711}}
{"target": 38.97394266935376, "params": {"x0": 0.8, "x1": 0.9, "x2": 5.627899218525757e-73, "x3": 1.356836919688099e-72, "x4": 1.454751771360564, "x5": 4.640985109134957e-72, "x6": 1.1737985065771028, "x7": 4.652625255209876, "x8": 0.9172451529711619, "x9": 2.475332771198038}, "datetime": {"datetime": "2025-05-14 01:47:51", "elapsed": 43749.134636, "delta": 73.366101}}
{"target": 38.97394266935376, "params": {"x0": 0.8, "x1": 0.9, "x2": 1.9168803350173177e-72, "x3": 1.7151102031756277e-72, "x4": 1.454751771360564, "x5": 9.457414590809201e-73, "x6": 1.1737985065771028, "x7": 4.652625255209876, "x8": 0.9172451529711619, "x9": 2.475332771198038}, "datetime": {"datetime": "2025-05-14 01:49:08", "elapsed": 43826.453388, "delta": 77.318752}}
{"target": 38.97394266935376, "params": {"x0": 0.8, "x1": 0.9, "x2": 8.168951530168856e-73, "x3": 3.2200401316320105e-73, "x4": 1.454751771360564, "x5": 5.040073781271565e-73, "x6": 1.1737985065771028, "x7": 4.652625255209876, "x8": 0.9172451529711619, "x9": 2.475332771198038}, "datetime": {"datetime": "2025-05-14 01:49:52", "elapsed": 43870.455518, "delta": 44.00213}}
{"target": 38.97394266935376, "params": {"x0": 0.8, "x1": 0.9, "x2": 2.1518670102630315e-72, "x3": 4.135513258734764e-73, "x4": 1.454751771360564, "x5": 1.7135891153533877e-72, "x6": 1.1737985065771028, "x7": 4.652625255209876, "x8": 0.9172451529711619, "x9": 2.475332771198038}, "datetime": {"datetime": "2025-05-14 01:51:03", "elapsed": 43941.184907, "delta": 70.729389}}
{"target": 38.97394266935376, "params": {"x0": 0.8, "x1": 0.9, "x2": 4.06280791204099e-73, "x3": 2.3478429188160803e-72, "x4": 1.454751771360564, "x5": 5.87885012032761e-73, "x6": 1.1737985065771028, "x7": 4.652625255209876, "x8": 0.9172451529711619, "x9": 2.475332771198038}, "datetime": {"datetime": "2025-05-14 01:52:05", "elapsed": 44003.739473, "delta": 62.554566}}
{"target": 38.97394266935376, "params": {"x0": 0.8, "x1": 0.9, "x2": 1.0313437249097296e-72, "x3": 1.502929708256997e-72, "x4": 1.454751771360564, "x5": 2.867434600592595e-72, "x6": 1.1737985065771028, "x7": 4.652625255209876, "x8": 0.9172451529711619, "x9": 2.475332771198038}, "datetime": {"datetime": "2025-05-14 01:53:11", "elapsed": 44069.140635, "delta": 65.401162}}
{"target": 38.97394266935376, "params": {"x0": 0.8, "x1": 0.9, "x2": 5.772727330371245e-73, "x3": 1.7444415356660075e-72, "x4": 1.454751771360564, "x5": 1.306022232154241e-72, "x6": 1.1737985065771028, "x7": 4.652625255209876, "x8": 0.9172451529711619, "x9": 2.475332771198038}, "datetime": {"datetime": "2025-05-14 01:54:01", "elapsed": 44119.803665, "delta": 50.66303}}
{"target": 38.97394266935376, "params": {"x0": 0.8, "x1": 0.9, "x2": 2.2813429260218748e-73, "x3": 1.1310447620580754e-72, "x4": 1.454751771360564, "x5": 3.2344305561022794e-73, "x6": 1.1737985065771028, "x7": 4.652625255209876, "x8": 0.9172451529711619, "x9": 2.475332771198038}, "datetime": {"datetime": "2025-05-14 01:55:13", "elapsed": 44192.008091, "delta": 72.204426}}
{"target": 38.97394266935376, "params": {"x0": 0.8, "x1": 0.9, "x2": 7.385913602066922e-73, "x3": 3.9048286219661565e-73, "x4": 1.454751771360564, "x5": 2.1160181669260594e-72, "x6": 1.1737985065771028, "x7": 4.652625255209876, "x8": 0.9172451529711619, "x9": 2.475332771198038}, "datetime": {"datetime": "2025-05-14 01:56:26", "elapsed": 44264.994813, "delta": 72.986722}}
{"target": 38.97394266935376, "params": {"x0": 0.8, "x1": 0.9, "x2": 1.5350452629106206e-74, "x3": 6.080809407837902e-74, "x4": 1.454751771360564, "x5": 3.4970748184030666e-73, "x6": 1.1737985065771028, "x7": 4.652625255209876, "x8": 0.9172451529711619, "x9": 2.475332771198038}, "datetime": {"datetime": "2025-05-14 01:58:02", "elapsed": 44360.540816, "delta": 95.546003}}
{"target": 38.97394266935376, "params": {"x0": 0.8, "x1": 0.9, "x2": 6.98192677925543e-73, "x3": 3.8316694173375614e-73, "x4": 1.454751771360564, "x5": 1.4282226799545674e-72, "x6": 1.1737985065771028, "x7": 4.652625255209876, "x8": 0.9172451529711619, "x9": 2.475332771198038}, "datetime": {"datetime": "2025-05-14 01:59:10", "elapsed": 44428.470751, "delta": 67.929935}}
{"target": 38.97394266935376, "params": {"x0": 0.8, "x1": 0.9, "x2": 9.405552013709149e-73, "x3": 1.0841158647665612e-72, "x4": 1.454751771360564, "x5": 1.845369583111419e-73, "x6": 1.1737985065771028, "x7": 4.652625255209876, "x8": 0.9172451529711619, "x9": 2.475332771198038}, "datetime": {"datetime": "2025-05-14 02:00:06", "elapsed": 44484.995988, "delta": 56.525237}}
{"target": 38.97394266935376, "params": {"x0": 0.8, "x1": 0.9, "x2": 1.1308918402623536e-74, "x3": 6.258046374249346e-73, "x4": 1.454751771360564, "x5": 1.1532007047370073e-72, "x6": 1.1737985065771028, "x7": 4.652625255209876, "x8": 0.9172451529711619, "x9": 2.475332771198038}, "datetime": {"datetime": "2025-05-14 02:01:05", "elapsed": 44543.422607, "delta": 58.426619}}
{"target": 38.97394266935376, "params": {"x0": 0.8, "x1": 0.9, "x2": 3.545227520146001e-73, "x3": 8.666560454829839e-73, "x4": 1.454751771360564, "x5": 5.098902048367138e-73, "x6": 1.1737985065771028, "x7": 4.652625255209876, "x8": 0.9172451529711619, "x9": 2.475332771198038}, "datetime": {"datetime": "2025-05-14 02:01:58", "elapsed": 44596.835701, "delta": 53.413094}}
{"target": 38.97394266935376, "params": {"x0": 0.8, "x1": 0.9, "x2": 6.356125539870259e-73, "x3": 2.6897478444436294e-73, "x4": 1.454751771360564, "x5": 5.504665726702987e-73, "x6": 1.1737985065771028, "x7": 4.652625255209876, "x8": 0.9172451529711619, "x9": 2.475332771198038}, "datetime": {"datetime": "2025-05-14 02:03:10", "elapsed": 44668.285833, "delta": 71.450132}}
{"target": 38.97394266935376, "params": {"x0": 0.8, "x1": 0.9, "x2": 5.897218917480384e-73, "x3": 7.454038633698724e-74, "x4": 1.454751771360564, "x5": 1.0224926591558734e-72, "x6": 1.1737985065771028, "x7": 4.652625255209876, "x8": 0.9172451529711619, "x9": 2.475332771198038}, "datetime": {"datetime": "2025-05-14 02:04:33", "elapsed": 44751.54254, "delta": 83.256707}}
{"target": 38.97394266935376, "params": {"x0": 0.8, "x1": 0.9, "x2": 1.2523584871572722e-73, "x3": 5.906535955279905e-73, "x4": 1.454751771360564, "x5": 9.696800542466086e-73, "x6": 1.1737985065771028, "x7": 4.652625255209876, "x8": 0.9172451529711619, "x9": 2.475332771198038}, "datetime": {"datetime": "2025-05-14 02:05:27", "elapsed": 44805.809061, "delta": 54.266521}}
{"target": 38.97394266935376, "params": {"x0": 0.8, "x1": 0.9, "x2": 7.956555085344776e-74, "x3": 4.435214199490528e-73, "x4": 1.454751771360564, "x5": 2.7481719902067514e-73, "x6": 1.1737985065771028, "x7": 4.652625255209876, "x8": 0.9172451529711619, "x9": 2.475332771198038}, "datetime": {"datetime": "2025-05-14 02:06:49", "elapsed": 44887.401256, "delta": 81.592195}}
{"target": 38.97394266935376, "params": {"x0": 0.8, "x1": 0.9, "x2": 4.0039975041443934e-73, "x3": 4.7630086409699644e-73, "x4": 1.454751771360564, "x5": 8.202160323164171e-73, "x6": 1.1737985065771028, "x7": 4.652625255209876, "x8": 0.9172451529711619, "x9": 2.475332771198038}, "datetime": {"datetime": "2025-05-14 02:07:43", "elapsed": 44941.975657, "delta": 54.574401}}
{"target": 38.97394266935376, "params": {"x0": 0.8, "x1": 0.9, "x2": 2.477055466369665e-73, "x3": 1.8649530334227263e-73, "x4": 1.454751771360564, "x5": 1.427446363227953e-73, "x6": 1.1737985065771028, "x7": 4.652625255209876, "x8": 0.9172451529711619, "x9": 2.475332771198038}, "datetime": {"datetime": "2025-05-14 02:08:38", "elapsed": 44996.288612, "delta": 54.312955}}
{"target": 38.97394266935376, "params": {"x0": 0.8, "x1": 0.9, "x2": 2.5459700794674726e-73, "x3": 5.187111010710577e-74, "x4": 1.454751771360564, "x5": 4.6391028755578283e-73, "x6": 1.1737985065771028, "x7": 4.652625255209876, "x8": 0.9172451529711619, "x9": 2.475332771198038}, "datetime": {"datetime": "2025-05-14 02:10:07", "elapsed": 45085.429886, "delta": 89.141274}}
{"target": 38.97394266935376, "params": {"x0": 0.8, "x1": 0.9, "x2": 3.173962125423198e-73, "x3": 1.1892113368913102e-73, "x4": 1.454751771360564, "x5": 4.9435059440716285e-73, "x6": 1.1737985065771028, "x7": 4.652625255209876, "x8": 0.9172451529711619, "x9": 2.475332771198038}, "datetime": {"datetime": "2025-05-14 02:11:06", "elapsed": 45144.95828, "delta": 59.528394}}
{"target": 38.97394266935376, "params": {"x0": 0.8, "x1": 0.9, "x2": 1.1609371634745014e-73, "x3": 2.990539740859354e-73, "x4": 1.454751771360564, "x5": 5.165075021259604e-73, "x6": 1.1737985065771028, "x7": 4.652625255209876, "x8": 0.9172451529711619, "x9": 2.475332771198038}, "datetime": {"datetime": "2025-05-14 02:12:08", "elapsed": 45206.345396, "delta": 61.387116}}
{"target": 38.97394266935376, "params": {"x0": 0.8, "x1": 0.9, "x2": 1.65962629347601e-73, "x3": 8.384444565250064e-75, "x4": 1.454751771360564, "x5": 4.088228866399571e-73, "x6": 1.1737985065771028, "x7": 4.652625255209876, "x8": 0.9172451529711619, "x9": 2.475332771198038}, "datetime": {"datetime": "2025-05-14 02:13:26", "elapsed": 45284.709165, "delta": 78.363769}}
{"target": 38.97394266935376, "params": {"x0": 0.8, "x1": 0.9, "x2": 1.5455776912894467e-73, "x3": 1.7544242586285366e-73, "x4": 1.454751771360564, "x5": 3.6130705492578085e-73, "x6": 1.1737985065771028, "x7": 4.652625255209876, "x8": 0.9172451529711619, "x9": 2.475332771198038}, "datetime": {"datetime": "2025-05-14 02:14:49", "elapsed": 45367.352961, "delta": 82.643796}}
{"target": 38.97394266935376, "params": {"x0": 0.8, "x1": 0.9, "x2": 1.4119116163030797e-73, "x3": 2.7834743299090478e-73, "x4": 1.454751771360564, "x5": 2.412883925409209e-73, "x6": 1.1737985065771028, "x7": 4.652625255209876, "x8": 0.9172451529711619, "x9": 2.475332771198038}, "datetime": {"datetime": "2025-05-14 02:15:59", "elapsed": 45437.770727, "delta": 70.417766}}
{"target": 38.97394266935376, "params": {"x0": 0.8, "x1": 0.9, "x2": 9.406919852275204e-74, "x3": 7.328582194915613e-74, "x4": 1.454751771360564, "x5": 2.5185932878352274e-73, "x6": 1.1737985065771028, "x7": 4.652625255209876, "x8": 0.9172451529711619, "x9": 2.475332771198038}, "datetime": {"datetime": "2025-05-14 02:17:07", "elapsed": 45505.438797, "delta": 67.66807}}
{"target": 38.97394266935376, "params": {"x0": 0.8, "x1": 0.9, "x2": 5.266163352359105e-75, "x3": 9.620075487016844e-74, "x4": 1.454751771360564, "x5": 7.925662213140455e-74, "x6": 1.1737985065771028, "x7": 4.652625255209876, "x8": 0.9172451529711619, "x9": 2.475332771198038}, "datetime": {"datetime": "2025-05-14 02:17:55", "elapsed": 45553.282748, "delta": 47.843951}}
{"target": 38.97394266935376, "params": {"x0": 0.8, "x1": 0.9, "x2": 1.3602463140235299e-73, "x3": 1.2295672565510154e-73, "x4": 1.454751771360564, "x5": 1.2107957349262985e-73, "x6": 1.1737985065771028, "x7": 4.652625255209876, "x8": 0.9172451529711619, "x9": 2.475332771198038}, "datetime": {"datetime": "2025-05-14 02:18:39", "elapsed": 45597.874575, "delta": 44.591827}}
{"target": 38.97394266935376, "params": {"x0": 0.8, "x1": 0.9, "x2": 3.820224342214686e-74, "x3": 1.6329395322138725e-74, "x4": 1.454751771360564, "x5": 1.565144398536726e-73, "x6": 1.1737985065771028, "x7": 4.652625255209876, "x8": 0.9172451529711619, "x9": 2.475332771198038}, "datetime": {"datetime": "2025-05-14 02:19:52", "elapsed": 45670.085575, "delta": 72.211}}
{"target": 38.97394266935376, "params": {"x0": 0.8, "x1": 0.9, "x2": 9.877247202120383e-74, "x3": 5.922899039946547e-74, "x4": 1.454751771360564, "x5": 1.3713825869190469e-73, "x6": 1.1737985065771028, "x7": 4.652625255209876, "x8": 0.9172451529711619, "x9": 2.475332771198038}, "datetime": {"datetime": "2025-05-14 02:21:07", "elapsed": 45745.213297, "delta": 75.127722}}
{"target": 38.97394266935376, "params": {"x0": 0.8, "x1": 0.9, "x2": 9.278168115489895e-74, "x3": 6.5722314831507946e-74, "x4": 1.454751771360564, "x5": 1.7715345897334802e-73, "x6": 1.1737985065771028, "x7": 4.652625255209876, "x8": 0.9172451529711619, "x9": 2.475332771198038}, "datetime": {"datetime": "2025-05-14 02:22:17", "elapsed": 45815.979351, "delta": 70.766054}}
{"target": 38.97394266935376, "params": {"x0": 0.8, "x1": 0.9, "x2": 6.4021678595343975e-74, "x3": 9.130640879513222e-74, "x4": 1.454751771360564, "x5": 1.0691141001882188e-73, "x6": 1.1737985065771028, "x7": 4.652625255209876, "x8": 0.9172451529711619, "x9": 2.475332771198038}, "datetime": {"datetime": "2025-05-14 02:23:35", "elapsed": 45893.878722, "delta": 77.899371}}
{"target": 38.97394266935376, "params": {"x0": 0.8, "x1": 0.9, "x2": 1.4759094441614722e-74, "x3": 1.1263440598881814e-74, "x4": 1.454751771360564, "x5": 2.5371034861981747e-74, "x6": 1.1737985065771028, "x7": 4.652625255209876, "x8": 0.9172451529711619, "x9": 2.475332771198038}, "datetime": {"datetime": "2025-05-14 02:24:41", "elapsed": 45959.822243, "delta": 65.943521}}
{"target": 38.97394266935376, "params": {"x0": 0.8, "x1": 0.9, "x2": 2.954148556647734e-74, "x3": 1.0817637945719638e-73, "x4": 1.454751771360564, "x5": 1.4350711351163038e-73, "x6": 1.1737985065771028, "x7": 4.652625255209876, "x8": 0.9172451529711619, "x9": 2.475332771198038}, "datetime": {"datetime": "2025-05-14 02:25:58", "elapsed": 46036.978902, "delta": 77.156659}}
{"target": 38.97394266935376, "params": {"x0": 0.8, "x1": 0.9, "x2": 4.80994342590672e-74, "x3": 2.20795373900725e-74, "x4": 1.454751771360564, "x5": 1.0019404843373294e-74, "x6": 1.1737985065771028, "x7": 4.652625255209876, "x8": 0.9172451529711619, "x9": 2.475332771198038}, "datetime": {"datetime": "2025-05-14 02:27:03", "elapsed": 46101.599623, "delta": 64.620721}}
{"target": 38.97394266935376, "params": {"x0": 0.8, "x1": 0.9, "x2": 1.0156190757518203e-74, "x3": 3.63361866847169e-75, "x4": 1.454751771360564, "x5": 1.2083306910949615e-73, "x6": 1.1737985065771028, "x7": 4.652625255209876, "x8": 0.9172451529711619, "x9": 2.475332771198038}, "datetime": {"datetime": "2025-05-14 02:28:46", "elapsed": 46204.529391, "delta": 102.929768}}
{"target": 38.97394266935376, "params": {"x0": 0.8, "x1": 0.9, "x2": 1.5377715575783206e-74, "x3": 4.272156980048291e-74, "x4": 1.454751771360564, "x5": 9.290264957976969e-74, "x6": 1.1737985065771028, "x7": 4.652625255209876, "x8": 0.9172451529711619, "x9": 2.475332771198038}, "datetime": {"datetime": "2025-05-14 02:30:18", "elapsed": 46296.424598, "delta": 91.895207}}
{"target": 38.97394266935376, "params": {"x0": 0.8, "x1": 0.9, "x2": 5.3200630374364825e-74, "x3": 5.306066356694062e-74, "x4": 1.454751771360564, "x5": 9.548194574215231e-74, "x6": 1.1737985065771028, "x7": 4.652625255209876, "x8": 0.9172451529711619, "x9": 2.475332771198038}, "datetime": {"datetime": "2025-05-14 02:31:12", "elapsed": 46351.005716, "delta": 54.581118}}
{"target": 38.97394266935376, "params": {"x0": 0.8, "x1": 0.9, "x2": 2.962814930194753e-74, "x3": 2.974830115261197e-74, "x4": 1.454751771360564, "x5": 3.2071323983397813e-74, "x6": 1.1737985065771028, "x7": 4.652625255209876, "x8": 0.9172451529711619, "x9": 2.475332771198038}, "datetime": {"datetime": "2025-05-14 02:32:09", "elapsed": 46407.541666, "delta": 56.53595}}
{"target": 38.97394266935376, "params": {"x0": 0.8, "x1": 0.9, "x2": 3.2486262205190617e-74, "x3": 4.769232387653946e-74, "x4": 1.454751771360564, "x5": 4.213562815766527e-74, "x6": 1.1737985065771028, "x7": 4.652625255209876, "x8": 0.9172451529711619, "x9": 2.475332771198038}, "datetime": {"datetime": "2025-05-14 02:33:03", "elapsed": 46461.057373, "delta": 53.515707}}
{"target": 38.97394266935376, "params": {"x0": 0.8, "x1": 0.9, "x2": 1.528368118454587e-74, "x3": 4.989552523426843e-74, "x4": 1.454751771360564, "x5": 4.8884104743533395e-74, "x6": 1.1737985065771028, "x7": 4.652625255209876, "x8": 0.9172451529711619, "x9": 2.475332771198038}, "datetime": {"datetime": "2025-05-14 02:34:07", "elapsed": 46525.158682, "delta": 64.101309}}
{"target": 38.97394266935376, "params": {"x0": 0.8, "x1": 0.9, "x2": 2.2825915832917465e-74, "x3": 4.7957657553947e-74, "x4": 1.454751771360564, "x5": 3.8153974413996534e-74, "x6": 1.1737985065771028, "x7": 4.652625255209876, "x8": 0.9172451529711619, "x9": 2.475332771198038}, "datetime": {"datetime": "2025-05-14 02:35:06", "elapsed": 46584.08671, "delta": 58.928028}}
{"target": 38.97394266935376, "params": {"x0": 0.8, "x1": 0.9, "x2": 2.4169668668368527e-74, "x3": 1.3668205414229031e-76, "x4": 1.454751771360564, "x5": 5.173670221789692e-74, "x6": 1.1737985065771028, "x7": 4.652625255209876, "x8": 0.9172451529711619, "x9": 2.475332771198038}, "datetime": {"datetime": "2025-05-14 02:36:37", "elapsed": 46675.682579, "delta": 91.595869}}
{"target": 38.97394266935376, "params": {"x0": 0.8, "x1": 0.9, "x2": 1.8670062618087725e-74, "x3": 3.4590821091175173e-74, "x4": 1.454751771360564, "x5": 4.715996536857101e-75, "x6": 1.1737985065771028, "x7": 4.652625255209876, "x8": 0.9172451529711619, "x9": 2.475332771198038}, "datetime": {"datetime": "2025-05-14 02:37:47", "elapsed": 46745.055136, "delta": 69.372557}}
{"target": 38.97394266935376, "params": {"x0": 0.8, "x1": 0.9, "x2": 4.195444835733611e-75, "x3": 1.205908888038544e-74, "x4": 1.454751771360564, "x5": 2.073590390062003e-74, "x6": 1.1737985065771028, "x7": 4.652625255209876, "x8": 0.9172451529711619, "x9": 2.475332771198038}, "datetime": {"datetime": "2025-05-14 02:39:20", "elapsed": 46838.814946, "delta": 93.75981}}
{"target": 38.97394266935376, "params": {"x0": 0.8, "x1": 0.9, "x2": 1.9343325557980075e-74, "x3": 2.04149695674278e-74, "x4": 1.454751771360564, "x5": 1.660278619627951e-74, "x6": 1.1737985065771028, "x7": 4.652625255209876, "x8": 0.9172451529711619, "x9": 2.475332771198038}, "datetime": {"datetime": "2025-05-14 02:40:46", "elapsed": 46924.019127, "delta": 85.204181}}
