{"target": 38.97394266935376, "params": {"x0": 0.8, "x1": 0.9, "x2": 3.545899541118109e-61, "x3": 7.758981269278966e-61, "x4": 1.454751771360564, "x5": 3.171590451769844e-61, "x6": 1.1737985065771028, "x7": 4.652625255209876, "x8": 0.9172451529711619, "x9": 2.475332771198038}, "datetime": {"datetime": "2025-05-13 21:45:06", "elapsed": 29184.124374, "delta": 47.168613}}
{"target": 38.97394266935376, "params": {"x0": 0.8, "x1": 0.9, "x2": 3.350542329339063e-61, "x3": 6.4890734570280114e-62, "x4": 1.454751771360564, "x5": 2.2037071735941297e-61, "x6": 1.1737985065771028, "x7": 4.652625255209876, "x8": 0.9172451529711619, "x9": 2.475332771198038}, "datetime": {"datetime": "2025-05-13 21:45:40", "elapsed": 29218.985443, "delta": 34.861069}}
{"target": 38.97394266935376, "params": {"x0": 0.8, "x1": 0.9, "x2": 2.2131793489764353e-61, "x3": 3.926399688519057e-61, "x4": 1.454751771360564, "x5": 4.541824236266753e-61, "x6": 1.1737985065771028, "x7": 4.652625255209876, "x8": 0.9172451529711619, "x9": 2.475332771198038}, "datetime": {"datetime": "2025-05-13 21:46:40", "elapsed": 29278.945954, "delta": 59.960511}}
{"target": 38.97394266935376, "params": {"x0": 0.8, "x1": 0.9, "x2": 1.6101914106022278e-61, "x3": 2.359345012183141e-61, "x4": 1.454751771360564, "x5": 4.3222769850596635e-61, "x6": 1.1737985065771028, "x7": 4.652625255209876, "x8": 0.9172451529711619, "x9": 2.475332771198038}, "datetime": {"datetime": "2025-05-13 21:47:30", "elapsed": 29328.941313, "delta": 49.995359}}
{"target": 38.97394266935376, "params": {"x0": 0.8, "x1": 0.9, "x2": 3.6338848072706656e-61, "x3": 2.841488745675655e-62, "x4": 1.454751771360564, "x5": 1.0394184091634621e-61, "x6": 1.1737985065771028, "x7": 4.652625255209876, "x8": 0.9172451529711619, "x9": 2.475332771198038}, "datetime": {"datetime": "2025-05-13 21:48:15", "elapsed": 29373.090544, "delta": 44.149231}}
{"target": 38.97394266935376, "params": {"x0": 0.8, "x1": 0.9, "x2": 2.4508745210483278e-61, "x3": 3.33474472768853e-61, "x4": 1.454751771360564, "x5": 5.98156306260329e-61, "x6": 1.1737985065771028, "x7": 4.652625255209876, "x8": 0.9172451529711619, "x9": 2.475332771198038}, "datetime": {"datetime": "2025-05-13 21:48:57", "elapsed": 29415.840849, "delta": 42.750305}}
{"target": 38.97394266935376, "params": {"x0": 0.8, "x1": 0.9, "x2": 2.962040090553156e-62, "x3": 1.0960726320833439e-61, "x4": 1.454751771360564, "x5": 4.33979360030219e-61, "x6": 1.1737985065771028, "x7": 4.652625255209876, "x8": 0.9172451529711619, "x9": 2.475332771198038}, "datetime": {"datetime": "2025-05-13 21:49:44", "elapsed": 29462.354648, "delta": 46.513799}}
{"target": 38.97394266935376, "params": {"x0": 0.8, "x1": 0.9, "x2": 2.818116290190653e-61, "x3": 6.99092922396909e-62, "x4": 1.454751771360564, "x5": 1.4019504004150263e-61, "x6": 1.1737985065771028, "x7": 4.652625255209876, "x8": 0.9172451529711619, "x9": 2.475332771198038}, "datetime": {"datetime": "2025-05-13 21:50:35", "elapsed": 29513.727596, "delta": 51.372948}}
{"target": 38.97394266935376, "params": {"x0": 0.8, "x1": 0.9, "x2": 9.911859922639726e-62, "x3": 1.5119858217729206e-61, "x4": 1.454751771360564, "x5": 3.603595440890422e-61, "x6": 1.1737985065771028, "x7": 4.652625255209876, "x8": 0.9172451529711619, "x9": 2.475332771198038}, "datetime": {"datetime": "2025-05-13 21:51:21", "elapsed": 29559.970742, "delta": 46.243146}}
{"target": 38.97394266935376, "params": {"x0": 0.8, "x1": 0.9, "x2": 1.2593748371991015e-61, "x3": 3.1092176717473223e-61, "x4": 1.454751771360564, "x5": 2.2047090873336218e-61, "x6": 1.1737985065771028, "x7": 4.652625255209876, "x8": 0.9172451529711619, "x9": 2.475332771198038}, "datetime": {"datetime": "2025-05-13 21:52:20", "elapsed": 29618.877198, "delta": 58.906456}}
{"target": 38.97394266935376, "params": {"x0": 0.8, "x1": 0.9, "x2": 1.5082346241104055e-61, "x3": 5.0510900972715814e-62, "x4": 1.454751771360564, "x5": 1.5020345618788027e-61, "x6": 1.1737985065771028, "x7": 4.652625255209876, "x8": 0.9172451529711619, "x9": 2.475332771198038}, "datetime": {"datetime": "2025-05-13 21:52:58", "elapsed": 29656.038453, "delta": 37.161255}}
{"target": 38.97394266935376, "params": {"x0": 0.8, "x1": 0.9, "x2": 1.599031959249057e-63, "x3": 1.8447310068940528e-61, "x4": 1.454751771360564, "x5": 9.967115680398185e-62, "x6": 1.1737985065771028, "x7": 4.652625255209876, "x8": 0.9172451529711619, "x9": 2.475332771198038}, "datetime": {"datetime": "2025-05-13 21:54:10", "elapsed": 29728.33966, "delta": 72.301207}}
{"target": 38.97394266935376, "params": {"x0": 0.8, "x1": 0.9, "x2": 4.601004315546773e-62, "x3": 3.6694960213263974e-63, "x4": 1.454751771360564, "x5": 2.956952419003945e-62, "x6": 1.1737985065771028, "x7": 4.652625255209876, "x8": 0.9172451529711619, "x9": 2.475332771198038}, "datetime": {"datetime": "2025-05-13 21:54:55", "elapsed": 29773.230805, "delta": 44.891145}}
{"target": 38.97394266935376, "params": {"x0": 0.8, "x1": 0.9, "x2": 4.072150481025815e-62, "x3": 5.13624646165734e-62, "x4": 1.454751771360564, "x5": 2.020652494683941e-61, "x6": 1.1737985065771028, "x7": 4.652625255209876, "x8": 0.9172451529711619, "x9": 2.475332771198038}, "datetime": {"datetime": "2025-05-13 21:55:43", "elapsed": 29821.227123, "delta": 47.996318}}
{"target": 38.97394266935376, "params": {"x0": 0.8, "x1": 0.9, "x2": 9.696753747472326e-62, "x3": 6.311439696477332e-62, "x4": 1.454751771360564, "x5": 2.8846396466026846e-63, "x6": 1.1737985065771028, "x7": 4.652625255209876, "x8": 0.9172451529711619, "x9": 2.475332771198038}, "datetime": {"datetime": "2025-05-13 21:56:38", "elapsed": 29876.982672, "delta": 55.755549}}
{"target": 38.97394266935376, "params": {"x0": 0.8, "x1": 0.9, "x2": 5.402618024149359e-62, "x3": 2.320267954596249e-62, "x4": 1.454751771360564, "x5": 7.005586653524901e-62, "x6": 1.1737985065771028, "x7": 4.652625255209876, "x8": 0.9172451529711619, "x9": 2.475332771198038}, "datetime": {"datetime": "2025-05-13 21:57:23", "elapsed": 29921.98403, "delta": 45.001358}}
{"target": 38.97394266935376, "params": {"x0": 0.8, "x1": 0.9, "x2": 4.068033045593885e-62, "x3": 4.4136046499122115e-62, "x4": 1.454751771360564, "x5": 1.11330738137906e-61, "x6": 1.1737985065771028, "x7": 4.652625255209876, "x8": 0.9172451529711619, "x9": 2.475332771198038}, "datetime": {"datetime": "2025-05-13 21:57:59", "elapsed": 29957.713194, "delta": 35.729164}}
{"target": 38.97394266935376, "params": {"x0": 0.8, "x1": 0.9, "x2": 5.501954936796508e-63, "x3": 1.8804459167329502e-62, "x4": 1.454751771360564, "x5": 4.7254055980106734e-62, "x6": 1.1737985065771028, "x7": 4.652625255209876, "x8": 0.9172451529711619, "x9": 2.475332771198038}, "datetime": {"datetime": "2025-05-13 21:58:43", "elapsed": 30001.065335, "delta": 43.352141}}
{"target": 38.97394266935376, "params": {"x0": 0.8, "x1": 0.9, "x2": 1.902263345902492e-62, "x3": 9.24263130933927e-62, "x4": 1.454751771360564, "x5": 7.156774564935134e-62, "x6": 1.1737985065771028, "x7": 4.652625255209876, "x8": 0.9172451529711619, "x9": 2.475332771198038}, "datetime": {"datetime": "2025-05-13 21:59:31", "elapsed": 30049.863617, "delta": 48.798282}}
{"target": 38.97394266935376, "params": {"x0": 0.8, "x1": 0.9, "x2": 3.903623866359577e-62, "x3": 1.3489453696991488e-62, "x4": 1.454751771360564, "x5": 1.2725677140038552e-61, "x6": 1.1737985065771028, "x7": 4.652625255209876, "x8": 0.9172451529711619, "x9": 2.475332771198038}, "datetime": {"datetime": "2025-05-13 22:00:19", "elapsed": 30097.015558, "delta": 47.151941}}
{"target": 38.97394266935376, "params": {"x0": 0.8, "x1": 0.9, "x2": 4.0780036965090385e-62, "x3": 7.566985989054785e-62, "x4": 1.454751771360564, "x5": 2.252034862311549e-62, "x6": 1.1737985065771028, "x7": 4.652625255209876, "x8": 0.9172451529711619, "x9": 2.475332771198038}, "datetime": {"datetime": "2025-05-13 22:01:10", "elapsed": 30148.720178, "delta": 51.70462}}
{"target": 38.97394266935376, "params": {"x0": 0.8, "x1": 0.9, "x2": 1.3096962067918559e-62, "x3": 8.823376023711474e-63, "x4": 1.454751771360564, "x5": 9.80489792202806e-62, "x6": 1.1737985065771028, "x7": 4.652625255209876, "x8": 0.9172451529711619, "x9": 2.475332771198038}, "datetime": {"datetime": "2025-05-13 22:01:58", "elapsed": 30196.70512, "delta": 47.984942}}
{"target": 38.97394266935376, "params": {"x0": 0.8, "x1": 0.9, "x2": 1.628635704975865e-62, "x3": 3.6433899875097318e-62, "x4": 1.454751771360564, "x5": 2.2613632965387546e-62, "x6": 1.1737985065771028, "x7": 4.652625255209876, "x8": 0.9172451529711619, "x9": 2.475332771198038}, "datetime": {"datetime": "2025-05-13 22:02:42", "elapsed": 30240.968787, "delta": 44.263667}}
{"target": 38.97394266935376, "params": {"x0": 0.8, "x1": 0.9, "x2": 7.019445044272918e-63, "x3": 2.6220001890568637e-62, "x4": 1.454751771360564, "x5": 5.848351717455158e-62, "x6": 1.1737985065771028, "x7": 4.652625255209876, "x8": 0.9172451529711619, "x9": 2.475332771198038}, "datetime": {"datetime": "2025-05-13 22:03:39", "elapsed": 30298.010021, "delta": 57.041234}}
{"target": 38.97394266935376, "params": {"x0": 0.8, "x1": 0.9, "x2": 9.79620301944576e-64, "x3": 3.684061941730784e-62, "x4": 1.454751771360564, "x5": 6.211661854634304e-65, "x6": 1.1737985065771028, "x7": 4.652625255209876, "x8": 0.9172451529711619, "x9": 2.475332771198038}, "datetime": {"datetime": "2025-05-13 22:04:31", "elapsed": 30349.356189, "delta": 51.346168}}
{"target": 38.97394266935376, "params": {"x0": 0.8, "x1": 0.9, "x2": 1.2142639718322763e-63, "x3": 4.343650051549557e-62, "x4": 1.454751771360564, "x5": 4.6496960081305575e-62, "x6": 1.1737985065771028, "x7": 4.652625255209876, "x8": 0.9172451529711619, "x9": 2.475332771198038}, "datetime": {"datetime": "2025-05-13 22:05:18", "elapsed": 30396.151629, "delta": 46.79544}}
{"target": 38.97394266935376, "params": {"x0": 0.8, "x1": 0.9, "x2": 6.811628233259442e-63, "x3": 3.3534477474051016e-62, "x4": 1.454751771360564, "x5": 4.8086880213613164e-62, "x6": 1.1737985065771028, "x7": 4.652625255209876, "x8": 0.9172451529711619, "x9": 2.475332771198038}, "datetime": {"datetime": "2025-05-13 22:06:12", "elapsed": 30450.997122, "delta": 54.845493}}
{"target": 38.97394266935376, "params": {"x0": 0.8, "x1": 0.9, "x2": 2.2681994591563478e-62, "x3": 2.866489446274693e-65, "x4": 1.454751771360564, "x5": 2.4994368232878177e-62, "x6": 1.1737985065771028, "x7": 4.652625255209876, "x8": 0.9172451529711619, "x9": 2.475332771198038}, "datetime": {"datetime": "2025-05-13 22:07:09", "elapsed": 30507.154467, "delta": 56.157345}}
{"target": 38.97394266935376, "params": {"x0": 0.8, "x1": 0.9, "x2": 2.138105483018323e-62, "x3": 1.5870443312891238e-62, "x4": 1.454751771360564, "x5": 2.6614401500154905e-64, "x6": 1.1737985065771028, "x7": 4.652625255209876, "x8": 0.9172451529711619, "x9": 2.475332771198038}, "datetime": {"datetime": "2025-05-13 22:07:56", "elapsed": 30554.306875, "delta": 47.152408}}
{"target": 38.97394266935376, "params": {"x0": 0.8, "x1": 0.9, "x2": 1.9417762672641874e-62, "x3": 1.5433611908022921e-62, "x4": 1.454751771360564, "x5": 3.813751752109962e-63, "x6": 1.1737985065771028, "x7": 4.652625255209876, "x8": 0.9172451529711619, "x9": 2.475332771198038}, "datetime": {"datetime": "2025-05-13 22:08:39", "elapsed": 30597.713432, "delta": 43.406557}}
{"target": 38.97394266935376, "params": {"x0": 0.8, "x1": 0.9, "x2": 1.3979483425968295e-62, "x3": 7.868273530820739e-63, "x4": 1.454751771360564, "x5": 1.5125921838461994e-62, "x6": 1.1737985065771028, "x7": 4.652625255209876, "x8": 0.9172451529711619, "x9": 2.475332771198038}, "datetime": {"datetime": "2025-05-13 22:09:33", "elapsed": 30651.405192, "delta": 53.69176}}
{"target": 38.97394266935376, "params": {"x0": 0.8, "x1": 0.9, "x2": 2.3370081061764377e-62, "x3": 6.829832773195998e-63, "x4": 1.454751771360564, "x5": 2.1772558549861936e-62, "x6": 1.1737985065771028, "x7": 4.652625255209876, "x8": 0.9172451529711619, "x9": 2.475332771198038}, "datetime": {"datetime": "2025-05-13 22:10:14", "elapsed": 30692.039531, "delta": 40.634339}}
{"target": 38.97394266935376, "params": {"x0": 0.8, "x1": 0.9, "x2": 8.198734914318585e-63, "x3": 1.368943106893571e-62, "x4": 1.454751771360564, "x5": 3.3775517514589042e-62, "x6": 1.1737985065771028, "x7": 4.652625255209876, "x8": 0.9172451529711619, "x9": 2.475332771198038}, "datetime": {"datetime": "2025-05-13 22:11:05", "elapsed": 30743.058525, "delta": 51.018994}}
{"target": 38.97394266935376, "params": {"x0": 0.8, "x1": 0.9, "x2": 2.692647134178884e-63, "x3": 7.994762184465828e-63, "x4": 1.454751771360564, "x5": 1.2974844746796586e-62, "x6": 1.1737985065771028, "x7": 4.652625255209876, "x8": 0.9172451529711619, "x9": 2.475332771198038}, "datetime": {"datetime": "2025-05-13 22:11:44", "elapsed": 30782.944634, "delta": 39.886109}}
{"target": 38.97394266935376, "params": {"x0": 0.8, "x1": 0.9, "x2": 3.335300321464013e-63, "x3": 7.255891476483647e-63, "x4": 1.454751771360564, "x5": 4.987909927748985e-64, "x6": 1.1737985065771028, "x7": 4.652625255209876, "x8": 0.9172451529711619, "x9": 2.475332771198038}, "datetime": {"datetime": "2025-05-13 22:12:35", "elapsed": 30833.455944, "delta": 50.51131}}
{"target": 38.97394266935376, "params": {"x0": 0.8, "x1": 0.9, "x2": 6.344896803814099e-63, "x3": 1.9784234050933327e-62, "x4": 1.454751771360564, "x5": 1.0390830391936907e-62, "x6": 1.1737985065771028, "x7": 4.652625255209876, "x8": 0.9172451529711619, "x9": 2.475332771198038}, "datetime": {"datetime": "2025-05-13 22:13:35", "elapsed": 30893.075203, "delta": 59.619259}}
{"target": 38.97394266935376, "params": {"x0": 0.8, "x1": 0.9, "x2": 5.497427684313593e-63, "x3": 1.0108918658874549e-62, "x4": 1.454751771360564, "x5": 1.943171007530489e-62, "x6": 1.1737985065771028, "x7": 4.652625255209876, "x8": 0.9172451529711619, "x9": 2.475332771198038}, "datetime": {"datetime": "2025-05-13 22:14:25", "elapsed": 30943.13096, "delta": 50.055757}}
{"target": 38.97394266935376, "params": {"x0": 0.8, "x1": 0.9, "x2": 1.1265639070516285e-62, "x3": 1.095122473062476e-62, "x4": 1.454751771360564, "x5": 4.412907674244262e-63, "x6": 1.1737985065771028, "x7": 4.652625255209876, "x8": 0.9172451529711619, "x9": 2.475332771198038}, "datetime": {"datetime": "2025-05-13 22:15:12", "elapsed": 30990.484315, "delta": 47.353355}}
{"target": 38.97394266935376, "params": {"x0": 0.8, "x1": 0.9, "x2": 8.472678690642572e-63, "x3": 1.339932685492194e-62, "x4": 1.454751771360564, "x5": 1.5732915486878707e-62, "x6": 1.1737985065771028, "x7": 4.652625255209876, "x8": 0.9172451529711619, "x9": 2.475332771198038}, "datetime": {"datetime": "2025-05-13 22:16:09", "elapsed": 31047.061542, "delta": 56.577227}}
{"target": 38.97394266935376, "params": {"x0": 0.8, "x1": 0.9, "x2": 7.707941221404794e-63, "x3": 1.2913777831351696e-63, "x4": 1.454751771360564, "x5": 4.9270621513816565e-64, "x6": 1.1737985065771028, "x7": 4.652625255209876, "x8": 0.9172451529711619, "x9": 2.475332771198038}, "datetime": {"datetime": "2025-05-13 22:17:14", "elapsed": 31112.807893, "delta": 65.746351}}
{"target": 38.97394266935376, "params": {"x0": 0.8, "x1": 0.9, "x2": 8.455816619123e-63, "x3": 8.802856169571121e-65, "x4": 1.454751771360564, "x5": 8.725149543577456e-63, "x6": 1.1737985065771028, "x7": 4.652625255209876, "x8": 0.9172451529711619, "x9": 2.475332771198038}, "datetime": {"datetime": "2025-05-13 22:18:22", "elapsed": 31180.076773, "delta": 67.26888}}
{"target": 38.97394266935376, "params": {"x0": 0.8, "x1": 0.9, "x2": 7.882944326326384e-63, "x3": 4.401487246293582e-63, "x4": 1.454751771360564, "x5": 1.4247462977141187e-62, "x6": 1.1737985065771028, "x7": 4.652625255209876, "x8": 0.9172451529711619, "x9": 2.475332771198038}, "datetime": {"datetime": "2025-05-13 22:19:12", "elapsed": 31230.675825, "delta": 50.599052}}
{"target": 38.97394266935376, "params": {"x0": 0.8, "x1": 0.9, "x2": 3.6417372229738205e-63, "x3": 1.4115429522676553e-63, "x4": 1.454751771360564, "x5": 3.6718246364064484e-63, "x6": 1.1737985065771028, "x7": 4.652625255209876, "x8": 0.9172451529711619, "x9": 2.475332771198038}, "datetime": {"datetime": "2025-05-13 22:20:01", "elapsed": 31279.476949, "delta": 48.801124}}
{"target": 38.97394266935376, "params": {"x0": 0.8, "x1": 0.9, "x2": 4.011762339895972e-63, "x3": 8.406914983168621e-63, "x4": 1.454751771360564, "x5": 8.75014988992889e-63, "x6": 1.1737985065771028, "x7": 4.652625255209876, "x8": 0.9172451529711619, "x9": 2.475332771198038}, "datetime": {"datetime": "2025-05-13 22:20:58", "elapsed": 31336.165861, "delta": 56.688912}}
{"target": 38.97394266935376, "params": {"x0": 0.8, "x1": 0.9, "x2": 2.0273479064211633e-63, "x3": 1.70230858454812e-63, "x4": 1.454751771360564, "x5": 5.297521260491027e-63, "x6": 1.1737985065771028, "x7": 4.652625255209876, "x8": 0.9172451529711619, "x9": 2.475332771198038}, "datetime": {"datetime": "2025-05-13 22:21:45", "elapsed": 31383.927418, "delta": 47.761557}}
{"target": 38.97394266935376, "params": {"x0": 0.8, "x1": 0.9, "x2": 3.785103073592506e-63, "x3": 5.684323817721469e-63, "x4": 1.454751771360564, "x5": 5.727855390060286e-63, "x6": 1.1737985065771028, "x7": 4.652625255209876, "x8": 0.9172451529711619, "x9": 2.475332771198038}, "datetime": {"datetime": "2025-05-13 22:23:03", "elapsed": 31461.73423, "delta": 77.806812}}
{"target": 38.97394266935376, "params": {"x0": 0.8, "x1": 0.9, "x2": 7.579810071014537e-64, "x3": 3.4459497638327266e-63, "x4": 1.454751771360564, "x5": 1.806682005173017e-63, "x6": 1.1737985065771028, "x7": 4.652625255209876, "x8": 0.9172451529711619, "x9": 2.475332771198038}, "datetime": {"datetime": "2025-05-13 22:23:50", "elapsed": 31508.355484, "delta": 46.621254}}
{"target": 38.97394266935376, "params": {"x0": 0.8, "x1": 0.9, "x2": 1.629020406175925e-63, "x3": 3.7073478747852103e-63, "x4": 1.454751771360564, "x5": 5.483270650442239e-64, "x6": 1.1737985065771028, "x7": 4.652625255209876, "x8": 0.9172451529711619, "x9": 2.475332771198038}, "datetime": {"datetime": "2025-05-13 22:24:35", "elapsed": 31553.786126, "delta": 45.430642}}
{"target": 38.97394266935376, "params": {"x0": 0.8, "x1": 0.9, "x2": 2.5152818572100207e-63, "x3": 3.5862092461900746e-63, "x4": 1.454751771360564, "x5": 5.884222416654844e-63, "x6": 1.1737985065771028, "x7": 4.652625255209876, "x8": 0.9172451529711619, "x9": 2.475332771198038}, "datetime": {"datetime": "2025-05-13 22:25:34", "elapsed": 31612.10662, "delta": 58.320494}}
{"target": 38.97394266935376, "params": {"x0": 0.8, "x1": 0.9, "x2": 1.0337083793551084e-63, "x3": 3.4352044629888794e-63, "x4": 1.454751771360564, "x5": 5.025907472547205e-63, "x6": 1.1737985065771028, "x7": 4.652625255209876, "x8": 0.9172451529711619, "x9": 2.475332771198038}, "datetime": {"datetime": "2025-05-13 22:26:30", "elapsed": 31668.167702, "delta": 56.061082}}
{"target": 38.97394266935376, "params": {"x0": 0.8, "x1": 0.9, "x2": 2.34190674214511e-64, "x3": 1.4817590320148776e-63, "x4": 1.454751771360564, "x5": 1.4789038403917909e-63, "x6": 1.1737985065771028, "x7": 4.652625255209876, "x8": 0.9172451529711619, "x9": 2.475332771198038}, "datetime": {"datetime": "2025-05-13 22:27:16", "elapsed": 31714.963766, "delta": 46.796064}}
{"target": 38.97394266935376, "params": {"x0": 0.8, "x1": 0.9, "x2": 3.20169632973731e-65, "x3": 1.9029740528513197e-63, "x4": 1.454751771360564, "x5": 3.12812691964131e-63, "x6": 1.1737985065771028, "x7": 4.652625255209876, "x8": 0.9172451529711619, "x9": 2.475332771198038}, "datetime": {"datetime": "2025-05-13 22:28:15", "elapsed": 31773.627458, "delta": 58.663692}}
{"target": 38.97394266935376, "params": {"x0": 0.8, "x1": 0.9, "x2": 1.8780984907386997e-63, "x3": 1.1694802230889173e-63, "x4": 1.454751771360564, "x5": 1.0909282224569928e-63, "x6": 1.1737985065771028, "x7": 4.652625255209876, "x8": 0.9172451529711619, "x9": 2.475332771198038}, "datetime": {"datetime": "2025-05-13 22:29:14", "elapsed": 31832.481241, "delta": 58.853783}}
{"target": 38.97394266935376, "params": {"x0": 0.8, "x1": 0.9, "x2": 1.9212895419240887e-63, "x3": 1.4264270244246844e-63, "x4": 1.454751771360564, "x5": 1.8224093601360984e-64, "x6": 1.1737985065771028, "x7": 4.652625255209876, "x8": 0.9172451529711619, "x9": 2.475332771198038}, "datetime": {"datetime": "2025-05-13 22:30:07", "elapsed": 31885.254409, "delta": 52.773168}}
{"target": 38.97394266935376, "params": {"x0": 0.8, "x1": 0.9, "x2": 6.001836493131627e-64, "x3": 1.6782565599063821e-63, "x4": 1.454751771360564, "x5": 2.506832420643912e-63, "x6": 1.1737985065771028, "x7": 4.652625255209876, "x8": 0.9172451529711619, "x9": 2.475332771198038}, "datetime": {"datetime": "2025-05-13 22:30:54", "elapsed": 31932.591004, "delta": 47.336595}}
{"target": 38.97394266935376, "params": {"x0": 0.8, "x1": 0.9, "x2": 1.5582091952749712e-63, "x3": 6.216520682016131e-64, "x4": 1.454751771360564, "x5": 1.4437239874800672e-63, "x6": 1.1737985065771028, "x7": 4.652625255209876, "x8": 0.9172451529711619, "x9": 2.475332771198038}, "datetime": {"datetime": "2025-05-13 22:31:34", "elapsed": 31972.395873, "delta": 39.804869}}
{"target": 38.97394266935376, "params": {"x0": 0.8, "x1": 0.9, "x2": 2.7183432984539774e-64, "x3": 2.2177843963325422e-63, "x4": 1.454751771360564, "x5": 1.244436299500611e-63, "x6": 1.1737985065771028, "x7": 4.652625255209876, "x8": 0.9172451529711619, "x9": 2.475332771198038}, "datetime": {"datetime": "2025-05-13 22:32:36", "elapsed": 32034.861143, "delta": 62.46527}}
{"target": 38.97394266935376, "params": {"x0": 0.8, "x1": 0.9, "x2": 7.702343495914438e-64, "x3": 3.9796395807345446e-64, "x4": 1.454751771360564, "x5": 1.767953093372057e-63, "x6": 1.1737985065771028, "x7": 4.652625255209876, "x8": 0.9172451529711619, "x9": 2.475332771198038}, "datetime": {"datetime": "2025-05-13 22:33:32", "elapsed": 32090.412016, "delta": 55.550873}}
{"target": 38.97394266935376, "params": {"x0": 0.8, "x1": 0.9, "x2": 1.2139329449003499e-63, "x3": 7.874859835353803e-64, "x4": 1.454751771360564, "x5": 1.5032782639572367e-63, "x6": 1.1737985065771028, "x7": 4.652625255209876, "x8": 0.9172451529711619, "x9": 2.475332771198038}, "datetime": {"datetime": "2025-05-13 22:34:23", "elapsed": 32141.262175, "delta": 50.850159}}
