{"target": 38.97394266935376, "params": {"x0": 0.8, "x1": 0.9, "x2": 1.7782533247633026e-29, "x3": 4.822680139772391e-29, "x4": 1.454751771360564, "x5": 1.5670657532983041e-28, "x6": 1.1737985065771028, "x7": 4.652625255209876, "x8": 0.9172451529711619, "x9": 2.475332771198038}, "datetime": {"datetime": "2025-05-13 15:33:30", "elapsed": 6888.202209, "delta": 18.07951}}
{"target": 38.97394266935376, "params": {"x0": 0.8, "x1": 0.9, "x2": 3.9955721837781233e-29, "x3": 1.24809975496943e-28, "x4": 1.454751771360564, "x5": 1.9302782439616745e-28, "x6": 1.1737985065771028, "x7": 4.652625255209876, "x8": 0.9172451529711619, "x9": 2.475332771198038}, "datetime": {"datetime": "2025-05-13 15:33:47", "elapsed": 6905.492089, "delta": 17.28988}}
{"target": 38.97394266935376, "params": {"x0": 0.8, "x1": 0.9, "x2": 8.899100396970115e-29, "x3": 3.982385810542389e-30, "x4": 1.454751771360564, "x5": 4.3948442463348437e-29, "x6": 1.1737985065771028, "x7": 4.652625255209876, "x8": 0.9172451529711619, "x9": 2.475332771198038}, "datetime": {"datetime": "2025-05-13 15:34:02", "elapsed": 6920.042722, "delta": 14.550633}}
{"target": 38.97394266935376, "params": {"x0": 0.8, "x1": 0.9, "x2": 7.375759881166774e-29, "x3": 1.1583263686936781e-28, "x4": 1.454751771360564, "x5": 1.5746189361709215e-28, "x6": 1.1737985065771028, "x7": 4.652625255209876, "x8": 0.9172451529711619, "x9": 2.475332771198038}, "datetime": {"datetime": "2025-05-13 15:34:16", "elapsed": 6934.962332, "delta": 14.91961}}
{"target": 38.97394266935376, "params": {"x0": 0.8, "x1": 0.9, "x2": 6.199588567145363e-29, "x3": 3.40710521569789e-30, "x4": 1.454751771360564, "x5": 8.96506201943619e-29, "x6": 1.1737985065771028, "x7": 4.652625255209876, "x8": 0.9172451529711619, "x9": 2.475332771198038}, "datetime": {"datetime": "2025-05-13 15:34:34", "elapsed": 6952.914079, "delta": 17.951747}}
{"target": 38.97394266935376, "params": {"x0": 0.8, "x1": 0.9, "x2": 2.9611765516443066e-29, "x3": 4.768976920962083e-29, "x4": 1.454751771360564, "x5": 7.038178847067205e-29, "x6": 1.1737985065771028, "x7": 4.652625255209876, "x8": 0.9172451529711619, "x9": 2.475332771198038}, "datetime": {"datetime": "2025-05-13 15:34:50", "elapsed": 6968.438709, "delta": 15.52463}}
{"target": 38.97394266935376, "params": {"x0": 0.8, "x1": 0.9, "x2": 5.575140142618381e-29, "x3": 4.587672764288138e-29, "x4": 1.454751771360564, "x5": 3.430093213631079e-29, "x6": 1.1737985065771028, "x7": 4.652625255209876, "x8": 0.9172451529711619, "x9": 2.475332771198038}, "datetime": {"datetime": "2025-05-13 15:35:08", "elapsed": 6986.163479, "delta": 17.72477}}
{"target": 38.97394266935376, "params": {"x0": 0.8, "x1": 0.9, "x2": 5.962836419904348e-29, "x3": 7.317788516021788e-29, "x4": 1.454751771360564, "x5": 6.79229561891329e-29, "x6": 1.1737985065771028, "x7": 4.652625255209876, "x8": 0.9172451529711619, "x9": 2.475332771198038}, "datetime": {"datetime": "2025-05-13 15:35:27", "elapsed": 7005.486499, "delta": 19.32302}}
{"target": 38.97394266935376, "params": {"x0": 0.8, "x1": 0.9, "x2": 3.7596836402342916e-29, "x3": 2.752001458008967e-29, "x4": 1.454751771360564, "x5": 6.351333733112013e-30, "x6": 1.1737985065771028, "x7": 4.652625255209876, "x8": 0.9172451529711619, "x9": 2.475332771198038}, "datetime": {"datetime": "2025-05-13 15:35:44", "elapsed": 7022.118743, "delta": 16.632244}}
{"target": 38.97394266935376, "params": {"x0": 0.8, "x1": 0.9, "x2": 3.831619991055146e-29, "x3": 6.096240108231888e-29, "x4": 1.454751771360564, "x5": 4.375200736455867e-29, "x6": 1.1737985065771028, "x7": 4.652625255209876, "x8": 0.9172451529711619, "x9": 2.475332771198038}, "datetime": {"datetime": "2025-05-13 15:36:00", "elapsed": 7038.071066, "delta": 15.952323}}
{"target": 38.97394266935376, "params": {"x0": 0.8, "x1": 0.9, "x2": 1.438612983355894e-29, "x3": 1.1207495441043206e-29, "x4": 1.454751771360564, "x5": 3.9559946969881155e-29, "x6": 1.1737985065771028, "x7": 4.652625255209876, "x8": 0.9172451529711619, "x9": 2.475332771198038}, "datetime": {"datetime": "2025-05-13 15:36:19", "elapsed": 7057.775619, "delta": 19.704553}}
{"target": 38.97394266935376, "params": {"x0": 0.8, "x1": 0.9, "x2": 3.356938866762924e-29, "x3": 1.2528043455693922e-29, "x4": 1.454751771360564, "x5": 6.586211394763476e-29, "x6": 1.1737985065771028, "x7": 4.652625255209876, "x8": 0.9172451529711619, "x9": 2.475332771198038}, "datetime": {"datetime": "2025-05-13 15:36:38", "elapsed": 7076.613205, "delta": 18.837586}}
{"target": 38.97394266935376, "params": {"x0": 0.8, "x1": 0.9, "x2": 1.9345439438969053e-29, "x3": 4.553292253865592e-29, "x4": 1.454751771360564, "x5": 5.359402160144478e-29, "x6": 1.1737985065771028, "x7": 4.652625255209876, "x8": 0.9172451529711619, "x9": 2.475332771198038}, "datetime": {"datetime": "2025-05-13 15:36:54", "elapsed": 7092.064566, "delta": 15.451361}}
{"target": 38.97394266935376, "params": {"x0": 0.8, "x1": 0.9, "x2": 8.621884888438052e-30, "x3": 1.773476853898756e-30, "x4": 1.454751771360564, "x5": 2.1383937753776842e-29, "x6": 1.1737985065771028, "x7": 4.652625255209876, "x8": 0.9172451529711619, "x9": 2.475332771198038}, "datetime": {"datetime": "2025-05-13 15:37:13", "elapsed": 7111.403631, "delta": 19.339065}}
{"target": 38.97394266935376, "params": {"x0": 0.8, "x1": 0.9, "x2": 1.122696884113245e-29, "x3": 2.7954787090933905e-29, "x4": 1.454751771360564, "x5": 4.5839021999569517e-29, "x6": 1.1737985065771028, "x7": 4.652625255209876, "x8": 0.9172451529711619, "x9": 2.475332771198038}, "datetime": {"datetime": "2025-05-13 15:37:29", "elapsed": 7127.411633, "delta": 16.008002}}
{"target": 38.97394266935376, "params": {"x0": 0.8, "x1": 0.9, "x2": 2.0957841311914465e-29, "x3": 7.611460758554376e-30, "x4": 1.454751771360564, "x5": 1.8303086671358714e-29, "x6": 1.1737985065771028, "x7": 4.652625255209876, "x8": 0.9172451529711619, "x9": 2.475332771198038}, "datetime": {"datetime": "2025-05-13 15:37:49", "elapsed": 7147.657006, "delta": 20.245373}}
{"target": 38.97394266935376, "params": {"x0": 0.8, "x1": 0.9, "x2": 5.5510372259325394e-30, "x3": 2.237189430557063e-29, "x4": 1.454751771360564, "x5": 3.6616908375578713e-29, "x6": 1.1737985065771028, "x7": 4.652625255209876, "x8": 0.9172451529711619, "x9": 2.475332771198038}, "datetime": {"datetime": "2025-05-13 15:38:08", "elapsed": 7166.561873, "delta": 18.904867}}
{"target": 38.97394266935376, "params": {"x0": 0.8, "x1": 0.9, "x2": 1.0159520463236152e-29, "x3": 1.4984530873947098e-29, "x4": 1.454751771360564, "x5": 7.621117268693823e-30, "x6": 1.1737985065771028, "x7": 4.652625255209876, "x8": 0.9172451529711619, "x9": 2.475332771198038}, "datetime": {"datetime": "2025-05-13 15:38:28", "elapsed": 7186.376223, "delta": 19.81435}}
{"target": 38.97394266935376, "params": {"x0": 0.8, "x1": 0.9, "x2": 1.228384395483867e-29, "x3": 1.3513183025640443e-29, "x4": 1.454751771360564, "x5": 7.43351360833471e-30, "x6": 1.1737985065771028, "x7": 4.652625255209876, "x8": 0.9172451529711619, "x9": 2.475332771198038}, "datetime": {"datetime": "2025-05-13 15:38:44", "elapsed": 7202.268001, "delta": 15.891778}}
{"target": 38.97394266935376, "params": {"x0": 0.8, "x1": 0.9, "x2": 1.0517248649057749e-29, "x3": 7.2655603033970125e-31, "x4": 1.454751771360564, "x5": 1.838061517936599e-30, "x6": 1.1737985065771028, "x7": 4.652625255209876, "x8": 0.9172451529711619, "x9": 2.475332771198038}, "datetime": {"datetime": "2025-05-13 15:39:01", "elapsed": 7219.150705, "delta": 16.882704}}
{"target": 38.97394266935376, "params": {"x0": 0.8, "x1": 0.9, "x2": 6.789753145488359e-31, "x3": 3.64883703067927e-30, "x4": 1.454751771360564, "x5": 1.7969745444450922e-29, "x6": 1.1737985065771028, "x7": 4.652625255209876, "x8": 0.9172451529711619, "x9": 2.475332771198038}, "datetime": {"datetime": "2025-05-13 15:39:15", "elapsed": 7233.911848, "delta": 14.761143}}
{"target": 38.97394266935376, "params": {"x0": 0.8, "x1": 0.9, "x2": 7.028642453835654e-30, "x3": 2.9056676522696253e-30, "x4": 1.454751771360564, "x5": 9.936112787743843e-31, "x6": 1.1737985065771028, "x7": 4.652625255209876, "x8": 0.9172451529711619, "x9": 2.475332771198038}, "datetime": {"datetime": "2025-05-13 15:39:41", "elapsed": 7259.52311, "delta": 25.611262}}
{"target": 38.97394266935376, "params": {"x0": 0.8, "x1": 0.9, "x2": 1.1427104751988431e-29, "x3": 9.189995252730201e-30, "x4": 1.454751771360564, "x5": 1.3321955070609755e-29, "x6": 1.1737985065771028, "x7": 4.652625255209876, "x8": 0.9172451529711619, "x9": 2.475332771198038}, "datetime": {"datetime": "2025-05-13 15:40:05", "elapsed": 7283.334545, "delta": 23.811435}}
{"target": 38.97394266935376, "params": {"x0": 0.8, "x1": 0.9, "x2": 4.93700975994911e-31, "x3": 1.0514917155109255e-29, "x4": 1.454751771360564, "x5": 2.8664684913591065e-30, "x6": 1.1737985065771028, "x7": 4.652625255209876, "x8": 0.9172451529711619, "x9": 2.475332771198038}, "datetime": {"datetime": "2025-05-13 15:40:20", "elapsed": 7298.184074, "delta": 14.849529}}
{"target": 38.97394266935376, "params": {"x0": 0.8, "x1": 0.9, "x2": 8.206594900017054e-30, "x3": 1.289064975726797e-29, "x4": 1.454751771360564, "x5": 3.377302812365278e-30, "x6": 1.1737985065771028, "x7": 4.652625255209876, "x8": 0.9172451529711619, "x9": 2.475332771198038}, "datetime": {"datetime": "2025-05-13 15:40:39", "elapsed": 7317.923901, "delta": 19.739827}}
{"target": 38.97394266935376, "params": {"x0": 0.8, "x1": 0.9, "x2": 2.0927630270165676e-30, "x3": 3.329050753252189e-30, "x4": 1.454751771360564, "x5": 7.512149115974045e-30, "x6": 1.1737985065771028, "x7": 4.652625255209876, "x8": 0.9172451529711619, "x9": 2.475332771198038}, "datetime": {"datetime": "2025-05-13 15:40:55", "elapsed": 7333.082728, "delta": 15.158827}}
{"target": 38.97394266935376, "params": {"x0": 0.8, "x1": 0.9, "x2": 6.261811281358723e-30, "x3": 7.957071756070374e-30, "x4": 1.454751771360564, "x5": 1.3818712499035725e-29, "x6": 1.1737985065771028, "x7": 4.652625255209876, "x8": 0.9172451529711619, "x9": 2.475332771198038}, "datetime": {"datetime": "2025-05-13 15:41:11", "elapsed": 7349.802525, "delta": 16.719797}}
{"target": 38.97394266935376, "params": {"x0": 0.8, "x1": 0.9, "x2": 1.5839281893345237e-32, "x3": 3.6459832698144276e-30, "x4": 1.454751771360564, "x5": 6.217535082475626e-30, "x6": 1.1737985065771028, "x7": 4.652625255209876, "x8": 0.9172451529711619, "x9": 2.475332771198038}, "datetime": {"datetime": "2025-05-13 15:41:31", "elapsed": 7369.918804, "delta": 20.116279}}
{"target": 38.97394266935376, "params": {"x0": 0.8, "x1": 0.9, "x2": 5.965084755025363e-30, "x3": 7.200012480388738e-30, "x4": 1.454751771360564, "x5": 1.1161766568501386e-29, "x6": 1.1737985065771028, "x7": 4.652625255209876, "x8": 0.9172451529711619, "x9": 2.475332771198038}, "datetime": {"datetime": "2025-05-13 15:41:50", "elapsed": 7388.658096, "delta": 18.739292}}
{"target": 38.97394266935376, "params": {"x0": 0.8, "x1": 0.9, "x2": 4.255633109525213e-31, "x3": 3.201609985157446e-30, "x4": 1.454751771360564, "x5": 1.4873275008462187e-30, "x6": 1.1737985065771028, "x7": 4.652625255209876, "x8": 0.9172451529711619, "x9": 2.475332771198038}, "datetime": {"datetime": "2025-05-13 15:42:06", "elapsed": 7404.999835, "delta": 16.341739}}
{"target": 38.97394266935376, "params": {"x0": 0.8, "x1": 0.9, "x2": 1.827883782928789e-30, "x3": 5.0869673464204216e-30, "x4": 1.454751771360564, "x5": 8.737027266451971e-30, "x6": 1.1737985065771028, "x7": 4.652625255209876, "x8": 0.9172451529711619, "x9": 2.475332771198038}, "datetime": {"datetime": "2025-05-13 15:42:26", "elapsed": 7424.627126, "delta": 19.627291}}
{"target": 38.97394266935376, "params": {"x0": 0.8, "x1": 0.9, "x2": 1.4759298390635551e-30, "x3": 3.287587071669988e-30, "x4": 1.454751771360564, "x5": 8.260557875957919e-30, "x6": 1.1737985065771028, "x7": 4.652625255209876, "x8": 0.9172451529711619, "x9": 2.475332771198038}, "datetime": {"datetime": "2025-05-13 15:42:43", "elapsed": 7441.915633, "delta": 17.288507}}
{"target": 38.97394266935376, "params": {"x0": 0.8, "x1": 0.9, "x2": 4.2247124578480814e-30, "x3": 7.613137186366188e-31, "x4": 1.454751771360564, "x5": 6.65963212398976e-30, "x6": 1.1737985065771028, "x7": 4.652625255209876, "x8": 0.9172451529711619, "x9": 2.475332771198038}, "datetime": {"datetime": "2025-05-13 15:42:59", "elapsed": 7457.116131, "delta": 15.200498}}
{"target": 38.97394266935376, "params": {"x0": 0.8, "x1": 0.9, "x2": 3.5574869482108736e-30, "x3": 2.5432698283246955e-31, "x4": 1.454751771360564, "x5": 4.8349287133923124e-30, "x6": 1.1737985065771028, "x7": 4.652625255209876, "x8": 0.9172451529711619, "x9": 2.475332771198038}, "datetime": {"datetime": "2025-05-13 15:43:16", "elapsed": 7474.523147, "delta": 17.407016}}
{"target": 38.97394266935376, "params": {"x0": 0.8, "x1": 0.9, "x2": 4.564709385897327e-31, "x3": 9.82656790838079e-31, "x4": 1.454751771360564, "x5": 4.3875123080722055e-30, "x6": 1.1737985065771028, "x7": 4.652625255209876, "x8": 0.9172451529711619, "x9": 2.475332771198038}, "datetime": {"datetime": "2025-05-13 15:43:34", "elapsed": 7492.029381, "delta": 17.506234}}
{"target": 38.97394266935376, "params": {"x0": 0.8, "x1": 0.9, "x2": 2.2700046970704864e-31, "x3": 3.5964302667472105e-30, "x4": 1.454751771360564, "x5": 3.7671447858784374e-30, "x6": 1.1737985065771028, "x7": 4.652625255209876, "x8": 0.9172451529711619, "x9": 2.475332771198038}, "datetime": {"datetime": "2025-05-13 15:43:55", "elapsed": 7513.629766, "delta": 21.600385}}
{"target": 38.97394266935376, "params": {"x0": 0.8, "x1": 0.9, "x2": 1.6667919953652363e-30, "x3": 1.815020088692546e-30, "x4": 1.454751771360564, "x5": 6.902028112998619e-31, "x6": 1.1737985065771028, "x7": 4.652625255209876, "x8": 0.9172451529711619, "x9": 2.475332771198038}, "datetime": {"datetime": "2025-05-13 15:44:12", "elapsed": 7530.145918, "delta": 16.516152}}
{"target": 38.97394266935376, "params": {"x0": 0.8, "x1": 0.9, "x2": 9.197861223164771e-31, "x3": 2.2090970557534625e-30, "x4": 1.454751771360564, "x5": 4.270191749115752e-31, "x6": 1.1737985065771028, "x7": 4.652625255209876, "x8": 0.9172451529711619, "x9": 2.475332771198038}, "datetime": {"datetime": "2025-05-13 15:44:32", "elapsed": 7550.072256, "delta": 19.926338}}
{"target": 38.97394266935376, "params": {"x0": 0.8, "x1": 0.9, "x2": 5.605328409793506e-32, "x3": 1.0741686476864833e-31, "x4": 1.454751771360564, "x5": 2.5610362038503228e-30, "x6": 1.1737985065771028, "x7": 4.652625255209876, "x8": 0.9172451529711619, "x9": 2.475332771198038}, "datetime": {"datetime": "2025-05-13 15:44:48", "elapsed": 7566.287387, "delta": 16.215131}}
{"target": 38.97394266935376, "params": {"x0": 0.8, "x1": 0.9, "x2": 1.6550335554110808e-30, "x3": 2.4056143227041633e-30, "x4": 1.454751771360564, "x5": 2.3461278005473253e-30, "x6": 1.1737985065771028, "x7": 4.652625255209876, "x8": 0.9172451529711619, "x9": 2.475332771198038}, "datetime": {"datetime": "2025-05-13 15:45:05", "elapsed": 7583.984987, "delta": 17.6976}}
{"target": 38.97394266935376, "params": {"x0": 0.8, "x1": 0.9, "x2": 1.219617375786496e-30, "x3": 6.497804925230448e-32, "x4": 1.454751771360564, "x5": 1.3996308284746002e-30, "x6": 1.1737985065771028, "x7": 4.652625255209876, "x8": 0.9172451529711619, "x9": 2.475332771198038}, "datetime": {"datetime": "2025-05-13 15:45:22", "elapsed": 7600.276547, "delta": 16.29156}}
{"target": 38.97394266935376, "params": {"x0": 0.8, "x1": 0.9, "x2": 1.9931770635933844e-31, "x3": 5.537849078254511e-31, "x4": 1.454751771360564, "x5": 1.9341425329045997e-30, "x6": 1.1737985065771028, "x7": 4.652625255209876, "x8": 0.9172451529711619, "x9": 2.475332771198038}, "datetime": {"datetime": "2025-05-13 15:45:41", "elapsed": 7619.227529, "delta": 18.950982}}
{"target": 38.97394266935376, "params": {"x0": 0.8, "x1": 0.9, "x2": 2.00779880511684e-31, "x3": 1.3044704282169401e-30, "x4": 1.454751771360564, "x5": 2.4223533115683534e-30, "x6": 1.1737985065771028, "x7": 4.652625255209876, "x8": 0.9172451529711619, "x9": 2.475332771198038}, "datetime": {"datetime": "2025-05-13 15:45:56", "elapsed": 7634.662607, "delta": 15.435078}}
{"target": 38.97394266935376, "params": {"x0": 0.8, "x1": 0.9, "x2": 7.4568916893318585e-31, "x3": 1.3646896667687464e-30, "x4": 1.454751771360564, "x5": 7.241592436963156e-31, "x6": 1.1737985065771028, "x7": 4.652625255209876, "x8": 0.9172451529711619, "x9": 2.475332771198038}, "datetime": {"datetime": "2025-05-13 15:46:13", "elapsed": 7651.16734, "delta": 16.504733}}
{"target": 38.97394266935376, "params": {"x0": 0.8, "x1": 0.9, "x2": 2.2313719557043793e-31, "x3": 1.150373239628688e-30, "x4": 1.454751771360564, "x5": 1.7365904973131246e-30, "x6": 1.1737985065771028, "x7": 4.652625255209876, "x8": 0.9172451529711619, "x9": 2.475332771198038}, "datetime": {"datetime": "2025-05-13 15:46:30", "elapsed": 7668.03956, "delta": 16.87222}}
{"target": 38.97394266935376, "params": {"x0": 0.8, "x1": 0.9, "x2": 7.746740248451304e-31, "x3": 3.1530270725217076e-31, "x4": 1.454751771360564, "x5": 1.1486473624584494e-30, "x6": 1.1737985065771028, "x7": 4.652625255209876, "x8": 0.9172451529711619, "x9": 2.475332771198038}, "datetime": {"datetime": "2025-05-13 15:46:45", "elapsed": 7683.689818, "delta": 15.650258}}
{"target": 38.97394266935376, "params": {"x0": 0.8, "x1": 0.9, "x2": 1.5739602210394484e-31, "x3": 5.9494830962463135e-31, "x4": 1.454751771360564, "x5": 1.613002270362231e-30, "x6": 1.1737985065771028, "x7": 4.652625255209876, "x8": 0.9172451529711619, "x9": 2.475332771198038}, "datetime": {"datetime": "2025-05-13 15:47:00", "elapsed": 7698.816906, "delta": 15.127088}}
{"target": 38.97394266935376, "params": {"x0": 0.8, "x1": 0.9, "x2": 2.420657480253666e-32, "x3": 6.147922481556443e-31, "x4": 1.454751771360564, "x5": 7.8344776912957695e-31, "x6": 1.1737985065771028, "x7": 4.652625255209876, "x8": 0.9172451529711619, "x9": 2.475332771198038}, "datetime": {"datetime": "2025-05-13 15:47:18", "elapsed": 7716.694534, "delta": 17.877628}}
{"target": 38.97394266935376, "params": {"x0": 0.8, "x1": 0.9, "x2": 7.794127174540158e-31, "x3": 6.85881028751496e-32, "x4": 1.454751771360564, "x5": 4.86205109739627e-31, "x6": 1.1737985065771028, "x7": 4.652625255209876, "x8": 0.9172451529711619, "x9": 2.475332771198038}, "datetime": {"datetime": "2025-05-13 15:47:34", "elapsed": 7732.100668, "delta": 15.406134}}
{"target": 38.97394266935376, "params": {"x0": 0.8, "x1": 0.9, "x2": 1.4959619713526258e-31, "x3": 6.688793482425655e-31, "x4": 1.454751771360564, "x5": 4.135048024550212e-32, "x6": 1.1737985065771028, "x7": 4.652625255209876, "x8": 0.9172451529711619, "x9": 2.475332771198038}, "datetime": {"datetime": "2025-05-13 15:47:54", "elapsed": 7752.622677, "delta": 20.522009}}
{"target": 38.97394266935376, "params": {"x0": 0.8, "x1": 0.9, "x2": 4.724607428737384e-32, "x3": 2.751047541214098e-31, "x4": 1.454751771360564, "x5": 6.351916062110459e-31, "x6": 1.1737985065771028, "x7": 4.652625255209876, "x8": 0.9172451529711619, "x9": 2.475332771198038}, "datetime": {"datetime": "2025-05-13 15:48:11", "elapsed": 7769.606507, "delta": 16.98383}}
{"target": 38.97394266935376, "params": {"x0": 0.8, "x1": 0.9, "x2": 9.992717934747246e-32, "x3": 4.177583362343423e-31, "x4": 1.454751771360564, "x5": 2.899749369388571e-31, "x6": 1.1737985065771028, "x7": 4.652625255209876, "x8": 0.9172451529711619, "x9": 2.475332771198038}, "datetime": {"datetime": "2025-05-13 15:48:29", "elapsed": 7787.927709, "delta": 18.321202}}
{"target": 38.97394266935376, "params": {"x0": 0.8, "x1": 0.9, "x2": 4.020458600775875e-32, "x3": 6.1194444169789435e-31, "x4": 1.454751771360564, "x5": 9.145796516106287e-31, "x6": 1.1737985065771028, "x7": 4.652625255209876, "x8": 0.9172451529711619, "x9": 2.475332771198038}, "datetime": {"datetime": "2025-05-13 15:48:47", "elapsed": 7805.719945, "delta": 17.792236}}
{"target": 38.97394266935376, "params": {"x0": 0.8, "x1": 0.9, "x2": 2.6071310782508863e-31, "x3": 5.7145362801021745e-31, "x4": 1.454751771360564, "x5": 4.831861521504461e-31, "x6": 1.1737985065771028, "x7": 4.652625255209876, "x8": 0.9172451529711619, "x9": 2.475332771198038}, "datetime": {"datetime": "2025-05-13 15:49:05", "elapsed": 7823.130722, "delta": 17.410777}}
{"target": 38.97394266935376, "params": {"x0": 0.8, "x1": 0.9, "x2": 4.072719978098505e-31, "x3": 3.862355819343263e-31, "x4": 1.454751771360564, "x5": 5.47704166847978e-31, "x6": 1.1737985065771028, "x7": 4.652625255209876, "x8": 0.9172451529711619, "x9": 2.475332771198038}, "datetime": {"datetime": "2025-05-13 15:49:25", "elapsed": 7843.352651, "delta": 20.221929}}
{"target": 38.97394266935376, "params": {"x0": 0.8, "x1": 0.9, "x2": 2.8818350778103794e-31, "x3": 1.509457050704626e-31, "x4": 1.454751771360564, "x5": 4.126775630599491e-31, "x6": 1.1737985065771028, "x7": 4.652625255209876, "x8": 0.9172451529711619, "x9": 2.475332771198038}, "datetime": {"datetime": "2025-05-13 15:49:39", "elapsed": 7857.248235, "delta": 13.895584}}
{"target": 38.97394266935376, "params": {"x0": 0.8, "x1": 0.9, "x2": 2.4004097288054373e-32, "x3": 4.223438858113062e-31, "x4": 1.454751771360564, "x5": 3.6145437320665634e-31, "x6": 1.1737985065771028, "x7": 4.652625255209876, "x8": 0.9172451529711619, "x9": 2.475332771198038}, "datetime": {"datetime": "2025-05-13 15:49:53", "elapsed": 7871.896698, "delta": 14.648463}}
{"target": 38.97394266935376, "params": {"x0": 0.8, "x1": 0.9, "x2": 2.4609325845261572e-31, "x3": 2.7980386436668447e-31, "x4": 1.454751771360564, "x5": 3.0804515950687883e-31, "x6": 1.1737985065771028, "x7": 4.652625255209876, "x8": 0.9172451529711619, "x9": 2.475332771198038}, "datetime": {"datetime": "2025-05-13 15:50:12", "elapsed": 7890.25836, "delta": 18.361662}}
{"target": 38.97394266935376, "params": {"x0": 0.8, "x1": 0.9, "x2": 1.2696232896749344e-31, "x3": 1.1956764500792323e-31, "x4": 1.454751771360564, "x5": 9.759511112335442e-32, "x6": 1.1737985065771028, "x7": 4.652625255209876, "x8": 0.9172451529711619, "x9": 2.475332771198038}, "datetime": {"datetime": "2025-05-13 15:50:31", "elapsed": 7909.102054, "delta": 18.843694}}
