{"target": 49.455633046266634, "params": {"x0": 1.1229516387251148, "x1": 1.5910247439732115, "x2": 0.010416203694604118, "x3": 1.9583947673753124, "x4": 0.0058571555876750685, "x5": 3.431329688227402e-10, "x6": 2.6878895854820684, "x7": 11.311933398499093, "x8": 1.4155740637395968, "x9": 1.025307858181555}, "datetime": {"datetime": "2025-05-10 12:14:29", "elapsed": 1938.497922, "delta": 9.014904}}
{"target": 49.455633046266634, "params": {"x0": 1.1229516391646812, "x1": 1.591024735976822, "x2": 0.01041619932161165, "x3": 1.9583947688990735, "x4": 0.005857124855945748, "x5": 3.355610418145001e-10, "x6": 2.6878895852725533, "x7": 11.311933382371924, "x8": 1.415574064740325, "x9": 1.0253078631343495}, "datetime": {"datetime": "2025-05-10 12:14:38", "elapsed": 1947.573284, "delta": 9.075362}}
{"target": 49.455633046266634, "params": {"x0": 1.1229516387212133, "x1": 1.591024745947029, "x2": 0.010416198580010501, "x3": 1.9583947595798354, "x4": 0.005857140738069631, "x5": 8.136478966977482e-11, "x6": 2.687889638428394, "x7": 11.311933404039841, "x8": 1.4155740661730982, "x9": 1.0253078620245293}, "datetime": {"datetime": "2025-05-10 12:14:47", "elapsed": 1956.328458, "delta": 8.755174}}
{"target": 49.455633046266634, "params": {"x0": 1.1229516392739192, "x1": 1.5910247422579349, "x2": 0.010416198422146989, "x3": 1.95839477105867, "x4": 0.005857136703069522, "x5": 4.0454498862756176e-10, "x6": 2.6878896205321525, "x7": 11.311933399458665, "x8": 1.4155740644590793, "x9": 1.0253078642193938}, "datetime": {"datetime": "2025-05-10 12:14:56", "elapsed": 1965.166811, "delta": 8.838353}}
{"target": 49.455633046266634, "params": {"x0": 1.1229516385663267, "x1": 1.5910247458606626, "x2": 0.010416201983413842, "x3": 1.9583947671436166, "x4": 0.0058571331926552785, "x5": 3.53558076491901e-10, "x6": 2.6878896240971057, "x7": 11.311933396939356, "x8": 1.4155740664450425, "x9": 1.025307861900391}, "datetime": {"datetime": "2025-05-10 12:15:05", "elapsed": 1973.974184, "delta": 8.807373}}
{"target": 49.455633046266634, "params": {"x0": 1.1229516389765957, "x1": 1.591024740207915, "x2": 0.010416215288267973, "x3": 1.9583947690850985, "x4": 0.005857129953767097, "x5": 1.4290459068502954e-10, "x6": 2.687889608095611, "x7": 11.311933389061826, "x8": 1.4155740650414528, "x9": 1.025307862372941}, "datetime": {"datetime": "2025-05-10 12:15:14", "elapsed": 1982.98484, "delta": 9.010656}}
{"target": 49.455633046266634, "params": {"x0": 1.1229516388695613, "x1": 1.5910247607201486, "x2": 0.010416199589517892, "x3": 1.9583947757083657, "x4": 0.005857130719305806, "x5": 1.7760983734652198e-10, "x6": 2.687889607486845, "x7": 11.311933387250882, "x8": 1.4155740655146996, "x9": 1.0253078641141828}, "datetime": {"datetime": "2025-05-10 12:15:23", "elapsed": 1992.023326, "delta": 9.038486}}
{"target": 49.455633046266634, "params": {"x0": 1.1229516385616816, "x1": 1.5910247432947877, "x2": 0.010416211409032098, "x3": 1.9583947723918758, "x4": 0.005857129843454, "x5": 5.844368307683184e-10, "x6": 2.6878896157405636, "x7": 11.311933394522919, "x8": 1.4155740657146296, "x9": 1.0253078646341414}, "datetime": {"datetime": "2025-05-10 12:15:32", "elapsed": 2001.002747, "delta": 8.979421}}
{"target": 49.455633046266634, "params": {"x0": 1.1229516390105285, "x1": 1.591024756145623, "x2": 0.010416201751331431, "x3": 1.9583947755444213, "x4": 0.005857142067762756, "x5": 7.576319516305811e-10, "x6": 2.687889616683967, "x7": 11.311933393425726, "x8": 1.4155740670621368, "x9": 1.0253078630038022}, "datetime": {"datetime": "2025-05-10 12:15:40", "elapsed": 2009.564986, "delta": 8.562239}}
{"target": 49.455633046266634, "params": {"x0": 1.12295163862873, "x1": 1.5910247575064755, "x2": 0.010416203221218778, "x3": 1.9583947783752205, "x4": 0.0058571332806264835, "x5": 2.046576396358892e-10, "x6": 2.6878896211481456, "x7": 11.311933390669198, "x8": 1.415574067603178, "x9": 1.0253078651718153}, "datetime": {"datetime": "2025-05-10 12:15:49", "elapsed": 2018.276557, "delta": 8.711571}}
{"target": 49.455633046266634, "params": {"x0": 1.122951638872275, "x1": 1.591024750572095, "x2": 0.010416203910341697, "x3": 1.958394779074098, "x4": 0.005857128202281926, "x5": 1.412956951987692e-10, "x6": 2.6878896236111482, "x7": 11.311933376527941, "x8": 1.4155740662887153, "x9": 1.0253078651920666}, "datetime": {"datetime": "2025-05-10 12:15:58", "elapsed": 2027.059991, "delta": 8.783434}}
{"target": 49.455633046266634, "params": {"x0": 1.1229516386675906, "x1": 1.5910247579662986, "x2": 0.010416204245707768, "x3": 1.9583947809940518, "x4": 0.00585713083058705, "x5": 5.843673041603358e-10, "x6": 2.687889632904054, "x7": 11.311933388574717, "x8": 1.4155740664009409, "x9": 1.0253078655368648}, "datetime": {"datetime": "2025-05-10 12:16:07", "elapsed": 2036.38725, "delta": 9.327259}}
{"target": 49.455633046266634, "params": {"x0": 1.122951638972771, "x1": 1.5910247502899137, "x2": 0.010416203770506022, "x3": 1.9583947823632664, "x4": 0.0058571292892562014, "x5": 2.6496375256233822e-11, "x6": 2.6878896578386935, "x7": 11.311933387372079, "x8": 1.4155740667233223, "x9": 1.0253078647331706}, "datetime": {"datetime": "2025-05-10 12:16:16", "elapsed": 2045.435992, "delta": 9.048742}}
{"target": 49.455633046266634, "params": {"x0": 1.1229516389648715, "x1": 1.5910247466439849, "x2": 0.010416202416202062, "x3": 1.9583947823853398, "x4": 0.005857132647046385, "x5": 2.0226388854368318e-10, "x6": 2.6878896251699445, "x7": 11.311933382381104, "x8": 1.4155740665419183, "x9": 1.0253078655167158}, "datetime": {"datetime": "2025-05-10 12:16:25", "elapsed": 2054.501549, "delta": 9.065557}}
{"target": 49.455633046266634, "params": {"x0": 1.1229516388723833, "x1": 1.591024751715064, "x2": 0.010416202823743658, "x3": 1.9583947834250524, "x4": 0.005857131504865853, "x5": 1.4043730542979782e-10, "x6": 2.6878896400978185, "x7": 11.311933382771821, "x8": 1.415574066819089, "x9": 1.0253078657495203}, "datetime": {"datetime": "2025-05-10 12:16:34", "elapsed": 2063.505981, "delta": 9.004432}}
{"target": 49.455633046266634, "params": {"x0": 1.1229516388988896, "x1": 1.5910247511600808, "x2": 0.010416204402568248, "x3": 1.9583947844546177, "x4": 0.0058571361061134095, "x5": 6.175290735838412e-11, "x6": 2.6878896337530223, "x7": 11.311933380794999, "x8": 1.4155740668117833, "x9": 1.0253078656505246}, "datetime": {"datetime": "2025-05-10 12:16:43", "elapsed": 2072.608852, "delta": 9.102871}}
{"target": 49.455633046266634, "params": {"x0": 1.1229516387325773, "x1": 1.5910247528698753, "x2": 0.010416203601354276, "x3": 1.9583947867936826, "x4": 0.0058571360937735755, "x5": 2.663447675758217e-10, "x6": 2.687889633560395, "x7": 11.311933384232265, "x8": 1.4155740667983274, "x9": 1.0253078654446495}, "datetime": {"datetime": "2025-05-10 12:16:53", "elapsed": 2081.906057, "delta": 9.297205}}
{"target": 49.455633046266634, "params": {"x0": 1.1229516388528007, "x1": 1.5910247523272198, "x2": 0.010416203640687433, "x3": 1.9583947862848619, "x4": 0.0058571372617121755, "x5": 1.6261123224533565e-10, "x6": 2.687889630265353, "x7": 11.311933383348551, "x8": 1.4155740668337005, "x9": 1.025307866826458}, "datetime": {"datetime": "2025-05-10 12:17:01", "elapsed": 2090.671352, "delta": 8.765295}}
{"target": 49.455633046266634, "params": {"x0": 1.122951638863008, "x1": 1.591024750106972, "x2": 0.010416203963844448, "x3": 1.958394788483042, "x4": 0.005857134674140915, "x5": 5.654425600986617e-11, "x6": 2.6878896415334803, "x7": 11.311933381472835, "x8": 1.4155740669753505, "x9": 1.025307866159897}, "datetime": {"datetime": "2025-05-10 12:17:11", "elapsed": 2099.818185, "delta": 9.146833}}
{"target": 49.455633046266634, "params": {"x0": 1.1229516389066168, "x1": 1.591024749757817, "x2": 0.010416205332278572, "x3": 1.9583947879054533, "x4": 0.005857134235823431, "x5": 1.5937218299252615e-11, "x6": 2.6878896377580217, "x7": 11.311933380183925, "x8": 1.4155740669835601, "x9": 1.0253078659014443}, "datetime": {"datetime": "2025-05-10 12:17:20", "elapsed": 2108.994397, "delta": 9.176212}}
{"target": 49.455633046266634, "params": {"x0": 1.122951638839126, "x1": 1.5910247496538874, "x2": 0.010416204041322345, "x3": 1.9583947891933347, "x4": 0.005857137442952602, "x5": 6.669932794000681e-12, "x6": 2.6878896418046265, "x7": 11.31193337931752, "x8": 1.4155740669497008, "x9": 1.0253078663755375}, "datetime": {"datetime": "2025-05-10 12:17:29", "elapsed": 2118.076284, "delta": 9.081887}}
{"target": 49.455633046266634, "params": {"x0": 1.1229516388329999, "x1": 1.5910247528487, "x2": 0.010416204397223199, "x3": 1.958394788899559, "x4": 0.005857136201071857, "x5": 1.5244156692497296e-10, "x6": 2.687889639160632, "x7": 11.31193338261656, "x8": 1.4155740670935337, "x9": 1.0253078666397974}, "datetime": {"datetime": "2025-05-10 12:17:38", "elapsed": 2127.120876, "delta": 9.044592}}
{"target": 49.455633046266634, "params": {"x0": 1.1229516388896246, "x1": 1.5910247505083361, "x2": 0.010416206434760964, "x3": 1.9583947892159375, "x4": 0.005857135476593523, "x5": 1.807863465067559e-11, "x6": 2.6878896358186455, "x7": 11.311933383362238, "x8": 1.4155740673927866, "x9": 1.025307866302488}, "datetime": {"datetime": "2025-05-10 12:17:47", "elapsed": 2136.472751, "delta": 9.351875}}
{"target": 49.455633046266634, "params": {"x0": 1.1229516388851548, "x1": 1.5910247527766066, "x2": 0.010416205652754022, "x3": 1.9583947898941745, "x4": 0.005857138162840722, "x5": 4.421725954646835e-11, "x6": 2.6878896454216568, "x7": 11.311933383149691, "x8": 1.4155740670593147, "x9": 1.0253078664275366}, "datetime": {"datetime": "2025-05-10 12:17:56", "elapsed": 2145.614672, "delta": 9.141921}}
{"target": 49.455633046266634, "params": {"x0": 1.1229516388608336, "x1": 1.5910247531610227, "x2": 0.010416205904584102, "x3": 1.9583947904061763, "x4": 0.005857137350699646, "x5": 4.0653385224033195e-11, "x6": 2.6878896370132286, "x7": 11.311933382064513, "x8": 1.4155740670712682, "x9": 1.0253078670342248}, "datetime": {"datetime": "2025-05-10 12:18:05", "elapsed": 2154.472447, "delta": 8.857775}}
{"target": 49.455633046266634, "params": {"x0": 1.122951638827212, "x1": 1.5910247510576059, "x2": 0.010416205884120925, "x3": 1.9583947905093229, "x4": 0.0058571359396544795, "x5": 6.453695955557594e-11, "x6": 2.687889646536344, "x7": 11.311933381496836, "x8": 1.4155740671803696, "x9": 1.025307866528101}, "datetime": {"datetime": "2025-05-10 12:18:14", "elapsed": 2163.333081, "delta": 8.860634}}
{"target": 49.455633046266634, "params": {"x0": 1.1229516388011158, "x1": 1.5910247515876206, "x2": 0.010416205332773674, "x3": 1.958394791099847, "x4": 0.005857137632686312, "x5": 8.765170675138871e-11, "x6": 2.6878896389981293, "x7": 11.311933380784234, "x8": 1.4155740671406716, "x9": 1.0253078667400157}, "datetime": {"datetime": "2025-05-10 12:18:23", "elapsed": 2172.6519, "delta": 9.318819}}
{"target": 49.455633046266634, "params": {"x0": 1.1229516388404661, "x1": 1.591024751770515, "x2": 0.010416205302158553, "x3": 1.9583947910969548, "x4": 0.005857136934844733, "x5": 4.5952863527472066e-11, "x6": 2.6878896443182234, "x7": 11.311933381588505, "x8": 1.415574067159505, "x9": 1.0253078669088431}, "datetime": {"datetime": "2025-05-10 12:18:33", "elapsed": 2182.106719, "delta": 9.454819}}
{"target": 49.455633046266634, "params": {"x0": 1.1229516388289162, "x1": 1.5910247513151776, "x2": 0.010416205185974773, "x3": 1.9583947914525393, "x4": 0.0058571361462012705, "x5": 2.685500236168014e-11, "x6": 2.68788963948135, "x7": 11.311933380218957, "x8": 1.41557406719042, "x9": 1.025307866970313}, "datetime": {"datetime": "2025-05-10 12:18:42", "elapsed": 2191.418504, "delta": 9.311785}}
{"target": 49.455633046266634, "params": {"x0": 1.122951638848173, "x1": 1.5910247525629493, "x2": 0.01041620534136536, "x3": 1.9583947917215554, "x4": 0.005857135248541285, "x5": 2.928018702814538e-11, "x6": 2.6878896408298956, "x7": 11.31193338133309, "x8": 1.4155740673815314, "x9": 1.0253078667782083}, "datetime": {"datetime": "2025-05-10 12:18:52", "elapsed": 2200.9467, "delta": 9.528196}}
{"target": 49.455633046266634, "params": {"x0": 1.1229516388372374, "x1": 1.5910247513446998, "x2": 0.010416206047625267, "x3": 1.958394791591954, "x4": 0.005857136082990509, "x5": 1.9388968511736784e-11, "x6": 2.6878896387905504, "x7": 11.311933379317342, "x8": 1.415574067217658, "x9": 1.025307866836883}, "datetime": {"datetime": "2025-05-10 12:19:01", "elapsed": 2209.867721, "delta": 8.921021}}
{"target": 49.455633046266634, "params": {"x0": 1.122951638854254, "x1": 1.591024752385645, "x2": 0.01041620555852297, "x3": 1.9583947920987872, "x4": 0.005857137017570542, "x5": 1.6090306140686757e-11, "x6": 2.687889639341725, "x7": 11.311933381339063, "x8": 1.4155740672781123, "x9": 1.0253078669899112}, "datetime": {"datetime": "2025-05-10 12:19:10", "elapsed": 2219.148661, "delta": 9.28094}}
{"target": 49.455633046266634, "params": {"x0": 1.122951638840407, "x1": 1.5910247512187206, "x2": 0.010416205480625598, "x3": 1.9583947923232348, "x4": 0.0058571361098922374, "x5": 6.652594982814227e-12, "x6": 2.687889639612933, "x7": 11.311933380713558, "x8": 1.4155740673132529, "x9": 1.0253078671105247}, "datetime": {"datetime": "2025-05-10 12:19:19", "elapsed": 2228.344692, "delta": 9.196031}}
{"target": 49.455633046266634, "params": {"x0": 1.1229516388214464, "x1": 1.591024751198849, "x2": 0.010416205643888683, "x3": 1.9583947923023657, "x4": 0.005857136473615526, "x5": 5.41664737587803e-11, "x6": 2.687889639768634, "x7": 11.311933381182435, "x8": 1.415574067409056, "x9": 1.0253078669208042}, "datetime": {"datetime": "2025-05-10 12:19:29", "elapsed": 2238.089587, "delta": 9.744895}}
{"target": 49.455633046266634, "params": {"x0": 1.1229516388386227, "x1": 1.5910247518344858, "x2": 0.010416205646189747, "x3": 1.9583947925381295, "x4": 0.005857135787247057, "x5": 1.93044923998071e-11, "x6": 2.6878896400409613, "x7": 11.31193338077772, "x8": 1.4155740672935286, "x9": 1.0253078670355742}, "datetime": {"datetime": "2025-05-10 12:19:38", "elapsed": 2247.078137, "delta": 8.98855}}
{"target": 49.455633046266634, "params": {"x0": 1.1229516388372212, "x1": 1.5910247522020382, "x2": 0.010416205838810658, "x3": 1.9583947923950558, "x4": 0.005857135670461028, "x5": 5.3260025771462e-12, "x6": 2.687889640344906, "x7": 11.311933380155121, "x8": 1.4155740673173647, "x9": 1.0253078669925715}, "datetime": {"datetime": "2025-05-10 12:19:47", "elapsed": 2256.06853, "delta": 8.990393}}
{"target": 49.455633046266634, "params": {"x0": 1.1229516388304153, "x1": 1.5910247514685907, "x2": 0.010416205684502685, "x3": 1.9583947925225396, "x4": 0.005857136348746455, "x5": 3.4705374122603205e-11, "x6": 2.6878896417124825, "x7": 11.311933380985637, "x8": 1.4155740673310253, "x9": 1.0253078670215336}, "datetime": {"datetime": "2025-05-10 12:19:56", "elapsed": 2265.002163, "delta": 8.933633}}
{"target": 49.455633046266634, "params": {"x0": 1.122951638833736, "x1": 1.5910247515096794, "x2": 0.010416206041495357, "x3": 1.958394792700029, "x4": 0.0058571357837012596, "x5": 2.401227926150129e-11, "x6": 2.6878896406437742, "x7": 11.31193338091874, "x8": 1.4155740673070873, "x9": 1.025307867104205}, "datetime": {"datetime": "2025-05-10 12:20:05", "elapsed": 2273.857537, "delta": 8.855374}}
{"target": 49.455633046266634, "params": {"x0": 1.1229516388390286, "x1": 1.5910247517444593, "x2": 0.010416205857055634, "x3": 1.958394792736544, "x4": 0.005857136550452408, "x5": 4.9811481012816386e-12, "x6": 2.687889640605763, "x7": 11.311933380656765, "x8": 1.4155740673439798, "x9": 1.02530786707678}, "datetime": {"datetime": "2025-05-10 12:20:14", "elapsed": 2282.880004, "delta": 9.022467}}
{"target": 49.455633046266634, "params": {"x0": 1.1229516388394027, "x1": 1.5910247515893419, "x2": 0.010416206070159176, "x3": 1.9583947927354883, "x4": 0.005857135919554047, "x5": 6.1720747401293405e-12, "x6": 2.687889641603727, "x7": 11.311933380791766, "x8": 1.4155740673395771, "x9": 1.0253078671143083}, "datetime": {"datetime": "2025-05-10 12:20:23", "elapsed": 2291.849923, "delta": 8.969919}}
{"target": 49.455633046266634, "params": {"x0": 1.1229516388290646, "x1": 1.5910247516450535, "x2": 0.010416206055093552, "x3": 1.9583947928517202, "x4": 0.005857135966311828, "x5": 1.1222306799137454e-11, "x6": 2.6878896419696776, "x7": 11.31193338055893, "x8": 1.4155740673319699, "x9": 1.0253078671160916}, "datetime": {"datetime": "2025-05-10 12:20:32", "elapsed": 2300.761989, "delta": 8.912066}}
{"target": 49.455633046266634, "params": {"x0": 1.1229516388268874, "x1": 1.5910247518801999, "x2": 0.010416205972585661, "x3": 1.9583947930660555, "x4": 0.005857136158522713, "x5": 2.5190944046362367e-12, "x6": 2.6878896411373225, "x7": 11.311933380693944, "x8": 1.4155740673615675, "x9": 1.0253078671888969}, "datetime": {"datetime": "2025-05-10 12:20:41", "elapsed": 2309.951044, "delta": 9.189055}}
{"target": 49.455633046266634, "params": {"x0": 1.1229516388295313, "x1": 1.5910247517755904, "x2": 0.010416205916494241, "x3": 1.9583947929707373, "x4": 0.0058571361094419665, "x5": 1.407123878372321e-11, "x6": 2.6878896415188973, "x7": 11.311933380634336, "x8": 1.4155740673517998, "x9": 1.0253078671020333}, "datetime": {"datetime": "2025-05-10 12:20:50", "elapsed": 2319.279955, "delta": 9.328911}}
{"target": 49.455633046266634, "params": {"x0": 1.1229516388391303, "x1": 1.59102475160331, "x2": 0.010416205885121033, "x3": 1.9583947930242183, "x4": 0.005857136182131365, "x5": 1.2006346417377373e-11, "x6": 2.6878896410362363, "x7": 11.311933380577514, "x8": 1.4155740673805106, "x9": 1.02530786716292}, "datetime": {"datetime": "2025-05-10 12:20:59", "elapsed": 2328.450444, "delta": 9.170489}}
{"target": 49.455633046266634, "params": {"x0": 1.1229516388300127, "x1": 1.5910247516118283, "x2": 0.010416206024460327, "x3": 1.9583947931610748, "x4": 0.00585713614212725, "x5": 8.057236142672647e-12, "x6": 2.6878896412258992, "x7": 11.311933380522241, "x8": 1.4155740673710482, "x9": 1.025307867123472}, "datetime": {"datetime": "2025-05-10 12:21:08", "elapsed": 2337.514083, "delta": 9.063639}}
{"target": 49.455633046266634, "params": {"x0": 1.1229516388322371, "x1": 1.5910247515994824, "x2": 0.01041620605778757, "x3": 1.958394793175211, "x4": 0.0058571362459981565, "x5": 3.0082738532553316e-12, "x6": 2.6878896412002766, "x7": 11.311933380526293, "x8": 1.415574067387037, "x9": 1.0253078671254423}, "datetime": {"datetime": "2025-05-10 12:21:18", "elapsed": 2347.083138, "delta": 9.569055}}
{"target": 49.455633046266634, "params": {"x0": 1.1229516388300993, "x1": 1.5910247517515717, "x2": 0.010416205960984736, "x3": 1.9583947931183758, "x4": 0.005857136185284535, "x5": 4.3996548035185e-13, "x6": 2.6878896418409286, "x7": 11.311933380260177, "x8": 1.415574067362312, "x9": 1.0253078671622138}, "datetime": {"datetime": "2025-05-10 12:21:27", "elapsed": 2356.595457, "delta": 9.512319}}
{"target": 49.455633046266634, "params": {"x0": 1.1229516388330218, "x1": 1.59102475178816, "x2": 0.010416205945013609, "x3": 1.9583947931706864, "x4": 0.005857136145926993, "x5": 2.392963853558147e-12, "x6": 2.6878896416498086, "x7": 11.311933380434414, "x8": 1.4155740673754584, "x9": 1.0253078671679057}, "datetime": {"datetime": "2025-05-10 12:21:37", "elapsed": 2365.828469, "delta": 9.233012}}
{"target": 49.455633046266634, "params": {"x0": 1.1229516388343546, "x1": 1.5910247516133518, "x2": 0.010416206004896136, "x3": 1.9583947932812549, "x4": 0.005857136138950904, "x5": 6.57606670250105e-12, "x6": 2.6878896420776623, "x7": 11.311933380435118, "x8": 1.4155740673685007, "x9": 1.025307867147336}, "datetime": {"datetime": "2025-05-10 12:21:46", "elapsed": 2375.138288, "delta": 9.309819}}
{"target": 49.455633046266634, "params": {"x0": 1.1229516388315475, "x1": 1.5910247517365705, "x2": 0.010416206003606375, "x3": 1.9583947932457433, "x4": 0.0058571363912546595, "x5": 5.83332089676908e-12, "x6": 2.687889641483728, "x7": 11.31193338044275, "x8": 1.415574067368446, "x9": 1.0253078672088134}, "datetime": {"datetime": "2025-05-10 12:21:55", "elapsed": 2384.380005, "delta": 9.241717}}
{"target": 49.455633046266634, "params": {"x0": 1.1229516388332859, "x1": 1.5910247516674547, "x2": 0.010416205956101984, "x3": 1.9583947932894648, "x4": 0.0058571362197528095, "x5": 1.2471797641080308e-12, "x6": 2.687889641593562, "x7": 11.311933380345403, "x8": 1.4155740673835975, "x9": 1.0253078672142752}, "datetime": {"datetime": "2025-05-10 12:22:04", "elapsed": 2393.261272, "delta": 8.881267}}
{"target": 49.455633046266634, "params": {"x0": 1.1229516388355378, "x1": 1.5910247517111387, "x2": 0.010416206012502708, "x3": 1.9583947932945525, "x4": 0.005857136285290639, "x5": 4.391444328786605e-13, "x6": 2.6878896417115503, "x7": 11.311933380378111, "x8": 1.41557406737887, "x9": 1.0253078671874498}, "datetime": {"datetime": "2025-05-10 12:22:14", "elapsed": 2403.525064, "delta": 10.263792}}
{"target": 49.455633046266634, "params": {"x0": 1.1229516388342062, "x1": 1.591024751675215, "x2": 0.01041620597927236, "x3": 1.9583947932733399, "x4": 0.005857136222551815, "x5": 7.100337838300379e-12, "x6": 2.687889641484428, "x7": 11.311933380386604, "x8": 1.4155740673744202, "x9": 1.025307867194849}, "datetime": {"datetime": "2025-05-10 12:22:23", "elapsed": 2412.483153, "delta": 8.958089}}
{"target": 49.455633046266634, "params": {"x0": 1.1229516388315688, "x1": 1.5910247517684148, "x2": 0.010416206060378488, "x3": 1.9583947932998125, "x4": 0.005857136368644265, "x5": 3.0771307750609774e-12, "x6": 2.687889641513139, "x7": 11.311933380344264, "x8": 1.415574067391148, "x9": 1.025307867198763}, "datetime": {"datetime": "2025-05-10 12:22:33", "elapsed": 2421.709758, "delta": 9.226605}}
