{"target": 49.455633046266634, "params": {"x0": 1.1229516388330776, "x1": 1.591024751721341, "x2": 0.010416206035317541, "x3": 1.9583947934574981, "x4": 0.005857136287714036, "x5": 4.850910984530264e-65, "x6": 2.6878896417631726, "x7": 11.311933380265081, "x8": 1.4155740673908412, "x9": 1.0253078672082814}, "datetime": {"datetime": "2025-05-10 20:17:04", "elapsed": 30892.887787, "delta": 40.049837}}
{"target": 49.455633046266634, "params": {"x0": 1.1229516388330776, "x1": 1.591024751721341, "x2": 0.010416206035317541, "x3": 1.9583947934574981, "x4": 0.005857136287714036, "x5": 3.2142360310906937e-65, "x6": 2.6878896417631726, "x7": 11.311933380265081, "x8": 1.4155740673908412, "x9": 1.0253078672082814}, "datetime": {"datetime": "2025-05-10 20:17:37", "elapsed": 30925.792426, "delta": 32.904639}}
{"target": 49.455633046266634, "params": {"x0": 1.1229516388330776, "x1": 1.591024751721341, "x2": 0.010416206035317541, "x3": 1.9583947934574981, "x4": 0.005857136287714036, "x5": 2.612973928960761e-65, "x6": 2.6878896417631726, "x7": 11.311933380265081, "x8": 1.4155740673908412, "x9": 1.0253078672082814}, "datetime": {"datetime": "2025-05-10 20:18:30", "elapsed": 30979.183728, "delta": 53.391302}}
{"target": 49.455633046266634, "params": {"x0": 1.1229516388330776, "x1": 1.591024751721341, "x2": 0.010416206035317541, "x3": 1.9583947934574981, "x4": 0.005857136287714036, "x5": 1.1799733262602247e-65, "x6": 2.6878896417631726, "x7": 11.311933380265081, "x8": 1.4155740673908412, "x9": 1.0253078672082814}, "datetime": {"datetime": "2025-05-10 20:19:13", "elapsed": 31021.97297, "delta": 42.789242}}
{"target": 49.455633046266634, "params": {"x0": 1.1229516388330776, "x1": 1.591024751721341, "x2": 0.010416206035317541, "x3": 1.9583947934574981, "x4": 0.005857136287714036, "x5": 1.730202674281656e-65, "x6": 2.6878896417631726, "x7": 11.311933380265081, "x8": 1.4155740673908412, "x9": 1.0253078672082814}, "datetime": {"datetime": "2025-05-10 20:19:55", "elapsed": 31063.755194, "delta": 41.782224}}
{"target": 49.455633046266634, "params": {"x0": 1.1229516388330776, "x1": 1.591024751721341, "x2": 0.010416206035317541, "x3": 1.9583947934574981, "x4": 0.005857136287714036, "x5": 4.1312736507613335e-65, "x6": 2.6878896417631726, "x7": 11.311933380265081, "x8": 1.4155740673908412, "x9": 1.0253078672082814}, "datetime": {"datetime": "2025-05-10 20:20:38", "elapsed": 31106.940224, "delta": 43.18503}}
{"target": 49.455633046266634, "params": {"x0": 1.1229516388330776, "x1": 1.591024751721341, "x2": 0.010416206035317541, "x3": 1.9583947934574981, "x4": 0.005857136287714036, "x5": 1.0187119660729358e-65, "x6": 2.6878896417631726, "x7": 11.311933380265081, "x8": 1.4155740673908412, "x9": 1.0253078672082814}, "datetime": {"datetime": "2025-05-10 20:21:24", "elapsed": 31152.756719, "delta": 45.816495}}
{"target": 49.455633046266634, "params": {"x0": 1.1229516388330776, "x1": 1.591024751721341, "x2": 0.010416206035317541, "x3": 1.9583947934574981, "x4": 0.005857136287714036, "x5": 1.250666521819836e-65, "x6": 2.6878896417631726, "x7": 11.311933380265081, "x8": 1.4155740673908412, "x9": 1.0253078672082814}, "datetime": {"datetime": "2025-05-10 20:22:08", "elapsed": 31197.197026, "delta": 44.440307}}
{"target": 49.455633046266634, "params": {"x0": 1.1229516388330776, "x1": 1.591024751721341, "x2": 0.010416206035317541, "x3": 1.9583947934574981, "x4": 0.005857136287714036, "x5": 3.1452207251180943e-66, "x6": 2.6878896417631726, "x7": 11.311933380265081, "x8": 1.4155740673908412, "x9": 1.0253078672082814}, "datetime": {"datetime": "2025-05-10 20:22:55", "elapsed": 31244.093207, "delta": 46.896181}}
{"target": 49.455633046266634, "params": {"x0": 1.1229516388330776, "x1": 1.591024751721341, "x2": 0.010416206035317541, "x3": 1.9583947934574981, "x4": 0.005857136287714036, "x5": 3.065971554066106e-66, "x6": 2.6878896417631726, "x7": 11.311933380265081, "x8": 1.4155740673908412, "x9": 1.0253078672082814}, "datetime": {"datetime": "2025-05-10 20:23:46", "elapsed": 31295.486557, "delta": 51.39335}}
{"target": 49.455633046266634, "params": {"x0": 1.1229516388330776, "x1": 1.591024751721341, "x2": 0.010416206035317541, "x3": 1.9583947934574981, "x4": 0.005857136287714036, "x5": 4.245169442284286e-66, "x6": 2.6878896417631726, "x7": 11.311933380265081, "x8": 1.4155740673908412, "x9": 1.0253078672082814}, "datetime": {"datetime": "2025-05-10 20:24:35", "elapsed": 31344.473654, "delta": 48.987097}}
{"target": 49.455633046266634, "params": {"x0": 1.1229516388330776, "x1": 1.591024751721341, "x2": 0.010416206035317541, "x3": 1.9583947934574981, "x4": 0.005857136287714036, "x5": 5.437709092581042e-66, "x6": 2.6878896417631726, "x7": 11.311933380265081, "x8": 1.4155740673908412, "x9": 1.0253078672082814}, "datetime": {"datetime": "2025-05-10 20:25:42", "elapsed": 31411.332404, "delta": 66.85875}}
{"target": 49.455633046266634, "params": {"x0": 1.1229516388330776, "x1": 1.591024751721341, "x2": 0.010416206035317541, "x3": 1.9583947934574981, "x4": 0.005857136287714036, "x5": 3.315036856370587e-66, "x6": 2.6878896417631726, "x7": 11.311933380265081, "x8": 1.4155740673908412, "x9": 1.0253078672082814}, "datetime": {"datetime": "2025-05-10 20:26:32", "elapsed": 31461.559544, "delta": 50.22714}}
{"target": 49.455633046266634, "params": {"x0": 1.1229516388330776, "x1": 1.591024751721341, "x2": 0.010416206035317541, "x3": 1.9583947934574981, "x4": 0.005857136287714036, "x5": 1.2869920513550644e-65, "x6": 2.6878896417631726, "x7": 11.311933380265081, "x8": 1.4155740673908412, "x9": 1.0253078672082814}, "datetime": {"datetime": "2025-05-10 20:27:20", "elapsed": 31509.46947, "delta": 47.909926}}
{"target": 49.455633046266634, "params": {"x0": 1.1229516388330776, "x1": 1.591024751721341, "x2": 0.010416206035317541, "x3": 1.9583947934574981, "x4": 0.005857136287714036, "x5": 3.1494711504092705e-66, "x6": 2.6878896417631726, "x7": 11.311933380265081, "x8": 1.4155740673908412, "x9": 1.0253078672082814}, "datetime": {"datetime": "2025-05-10 20:28:10", "elapsed": 31558.864021, "delta": 49.394551}}
{"target": 49.455633046266634, "params": {"x0": 1.1229516388330776, "x1": 1.591024751721341, "x2": 0.010416206035317541, "x3": 1.9583947934574981, "x4": 0.005857136287714036, "x5": 7.378825831007041e-66, "x6": 2.6878896417631726, "x7": 11.311933380265081, "x8": 1.4155740673908412, "x9": 1.0253078672082814}, "datetime": {"datetime": "2025-05-10 20:28:59", "elapsed": 31608.324311, "delta": 49.46029}}
{"target": 49.455633046266634, "params": {"x0": 1.1229516388330776, "x1": 1.591024751721341, "x2": 0.010416206035317541, "x3": 1.9583947934574981, "x4": 0.005857136287714036, "x5": 1.688554314995189e-67, "x6": 2.6878896417631726, "x7": 11.311933380265081, "x8": 1.4155740673908412, "x9": 1.0253078672082814}, "datetime": {"datetime": "2025-05-10 20:29:43", "elapsed": 31652.581434, "delta": 44.257123}}
{"target": 49.455633046266634, "params": {"x0": 1.1229516388330776, "x1": 1.591024751721341, "x2": 0.010416206035317541, "x3": 1.9583947934574981, "x4": 0.005857136287714036, "x5": 8.019011677138245e-66, "x6": 2.6878896417631726, "x7": 11.311933380265081, "x8": 1.4155740673908412, "x9": 1.0253078672082814}, "datetime": {"datetime": "2025-05-10 20:30:38", "elapsed": 31706.977293, "delta": 54.395859}}
{"target": 49.455633046266634, "params": {"x0": 1.1229516388330776, "x1": 1.591024751721341, "x2": 0.010416206035317541, "x3": 1.9583947934574981, "x4": 0.005857136287714036, "x5": 5.1661225886741333e-67, "x6": 2.6878896417631726, "x7": 11.311933380265081, "x8": 1.4155740673908412, "x9": 1.0253078672082814}, "datetime": {"datetime": "2025-05-10 20:31:26", "elapsed": 31755.201045, "delta": 48.223752}}
{"target": 49.455633046266634, "params": {"x0": 1.1229516388330776, "x1": 1.591024751721341, "x2": 0.010416206035317541, "x3": 1.9583947934574981, "x4": 0.005857136287714036, "x5": 5.96843703394466e-66, "x6": 2.6878896417631726, "x7": 11.311933380265081, "x8": 1.4155740673908412, "x9": 1.0253078672082814}, "datetime": {"datetime": "2025-05-10 20:32:06", "elapsed": 31795.125531, "delta": 39.924486}}
{"target": 49.455633046266634, "params": {"x0": 1.1229516388330776, "x1": 1.591024751721341, "x2": 0.010416206035317541, "x3": 1.9583947934574981, "x4": 0.005857136287714036, "x5": 7.014086779886764e-66, "x6": 2.6878896417631726, "x7": 11.311933380265081, "x8": 1.4155740673908412, "x9": 1.0253078672082814}, "datetime": {"datetime": "2025-05-10 20:32:43", "elapsed": 31832.31528, "delta": 37.189749}}
{"target": 49.455633046266634, "params": {"x0": 1.1229516388330776, "x1": 1.591024751721341, "x2": 0.010416206035317541, "x3": 1.9583947934574981, "x4": 0.005857136287714036, "x5": 4.91141116974167e-66, "x6": 2.6878896417631726, "x7": 11.311933380265081, "x8": 1.4155740673908412, "x9": 1.0253078672082814}, "datetime": {"datetime": "2025-05-10 20:33:31", "elapsed": 31879.95179, "delta": 47.63651}}
{"target": 49.455633046266634, "params": {"x0": 1.1229516388330776, "x1": 1.591024751721341, "x2": 0.010416206035317541, "x3": 1.9583947934574981, "x4": 0.005857136287714036, "x5": 1.2771663329212148e-66, "x6": 2.6878896417631726, "x7": 11.311933380265081, "x8": 1.4155740673908412, "x9": 1.0253078672082814}, "datetime": {"datetime": "2025-05-10 20:34:20", "elapsed": 31929.614439, "delta": 49.662649}}
{"target": 49.455633046266634, "params": {"x0": 1.1229516388330776, "x1": 1.591024751721341, "x2": 0.010416206035317541, "x3": 1.9583947934574981, "x4": 0.005857136287714036, "x5": 2.4002380457961677e-66, "x6": 2.6878896417631726, "x7": 11.311933380265081, "x8": 1.4155740673908412, "x9": 1.0253078672082814}, "datetime": {"datetime": "2025-05-10 20:35:15", "elapsed": 31983.753706, "delta": 54.139267}}
{"target": 49.455633046266634, "params": {"x0": 1.1229516388330776, "x1": 1.591024751721341, "x2": 0.010416206035317541, "x3": 1.9583947934574981, "x4": 0.005857136287714036, "x5": 1.7459425549440802e-66, "x6": 2.6878896417631726, "x7": 11.311933380265081, "x8": 1.4155740673908412, "x9": 1.0253078672082814}, "datetime": {"datetime": "2025-05-10 20:36:05", "elapsed": 32034.110339, "delta": 50.356633}}
{"target": 49.455633046266634, "params": {"x0": 1.1229516388330776, "x1": 1.591024751721341, "x2": 0.010416206035317541, "x3": 1.9583947934574981, "x4": 0.005857136287714036, "x5": 8.247751547315215e-68, "x6": 2.6878896417631726, "x7": 11.311933380265081, "x8": 1.4155740673908412, "x9": 1.0253078672082814}, "datetime": {"datetime": "2025-05-10 20:36:59", "elapsed": 32087.798895, "delta": 53.688556}}
{"target": 49.455633046266634, "params": {"x0": 1.1229516388330776, "x1": 1.591024751721341, "x2": 0.010416206035317541, "x3": 1.9583947934574981, "x4": 0.005857136287714036, "x5": 9.699871641483267e-67, "x6": 2.6878896417631726, "x7": 11.311933380265081, "x8": 1.4155740673908412, "x9": 1.0253078672082814}, "datetime": {"datetime": "2025-05-10 20:37:51", "elapsed": 32140.235722, "delta": 52.436827}}
{"target": 49.455633046266634, "params": {"x0": 1.1229516388330776, "x1": 1.591024751721341, "x2": 0.010416206035317541, "x3": 1.9583947934574981, "x4": 0.005857136287714036, "x5": 7.283852623218073e-67, "x6": 2.6878896417631726, "x7": 11.311933380265081, "x8": 1.4155740673908412, "x9": 1.0253078672082814}, "datetime": {"datetime": "2025-05-10 20:38:42", "elapsed": 32191.483959, "delta": 51.248237}}
{"target": 49.455633046266634, "params": {"x0": 1.1229516388330776, "x1": 1.591024751721341, "x2": 0.010416206035317541, "x3": 1.9583947934574981, "x4": 0.005857136287714036, "x5": 3.152065889651958e-68, "x6": 2.6878896417631726, "x7": 11.311933380265081, "x8": 1.4155740673908412, "x9": 1.0253078672082814}, "datetime": {"datetime": "2025-05-10 20:39:48", "elapsed": 32257.446367, "delta": 65.962408}}
{"target": 49.455633046266634, "params": {"x0": 1.1229516388330776, "x1": 1.591024751721341, "x2": 0.010416206035317541, "x3": 1.9583947934574981, "x4": 0.005857136287714036, "x5": 1.2367610210916714e-66, "x6": 2.6878896417631726, "x7": 11.311933380265081, "x8": 1.4155740673908412, "x9": 1.0253078672082814}, "datetime": {"datetime": "2025-05-10 20:40:32", "elapsed": 32301.635147, "delta": 44.18878}}
{"target": 49.455633046266634, "params": {"x0": 1.1229516388330776, "x1": 1.591024751721341, "x2": 0.010416206035317541, "x3": 1.9583947934574981, "x4": 0.005857136287714036, "x5": 1.9417570226989735e-66, "x6": 2.6878896417631726, "x7": 11.311933380265081, "x8": 1.4155740673908412, "x9": 1.0253078672082814}, "datetime": {"datetime": "2025-05-10 20:41:31", "elapsed": 32360.033273, "delta": 58.398126}}
{"target": 49.455633046266634, "params": {"x0": 1.1229516388330776, "x1": 1.591024751721341, "x2": 0.010416206035317541, "x3": 1.9583947934574981, "x4": 0.005857136287714036, "x5": 1.593197752478718e-67, "x6": 2.6878896417631726, "x7": 11.311933380265081, "x8": 1.4155740673908412, "x9": 1.0253078672082814}, "datetime": {"datetime": "2025-05-10 20:42:18", "elapsed": 32406.894959, "delta": 46.861686}}
{"target": 49.455633046266634, "params": {"x0": 1.1229516388330776, "x1": 1.591024751721341, "x2": 0.010416206035317541, "x3": 1.9583947934574981, "x4": 0.005857136287714036, "x5": 2.780467361311283e-67, "x6": 2.6878896417631726, "x7": 11.311933380265081, "x8": 1.4155740673908412, "x9": 1.0253078672082814}, "datetime": {"datetime": "2025-05-10 20:43:08", "elapsed": 32457.052874, "delta": 50.157915}}
{"target": 49.455633046266634, "params": {"x0": 1.1229516388330776, "x1": 1.591024751721341, "x2": 0.010416206035317541, "x3": 1.9583947934574981, "x4": 0.005857136287714036, "x5": 1.9911654412373208e-66, "x6": 2.6878896417631726, "x7": 11.311933380265081, "x8": 1.4155740673908412, "x9": 1.0253078672082814}, "datetime": {"datetime": "2025-05-10 20:43:51", "elapsed": 32499.875055, "delta": 42.822181}}
{"target": 49.455633046266634, "params": {"x0": 1.1229516388330776, "x1": 1.591024751721341, "x2": 0.010416206035317541, "x3": 1.9583947934574981, "x4": 0.005857136287714036, "x5": 9.424416646327476e-67, "x6": 2.6878896417631726, "x7": 11.311933380265081, "x8": 1.4155740673908412, "x9": 1.0253078672082814}, "datetime": {"datetime": "2025-05-10 20:44:47", "elapsed": 32555.807924, "delta": 55.932869}}
{"target": 49.455633046266634, "params": {"x0": 1.1229516388330776, "x1": 1.591024751721341, "x2": 0.010416206035317541, "x3": 1.9583947934574981, "x4": 0.005857136287714036, "x5": 5.3278277633280466e-67, "x6": 2.6878896417631726, "x7": 11.311933380265081, "x8": 1.4155740673908412, "x9": 1.0253078672082814}, "datetime": {"datetime": "2025-05-10 20:45:42", "elapsed": 32611.265635, "delta": 55.457711}}
{"target": 49.455633046266634, "params": {"x0": 1.1229516388330776, "x1": 1.591024751721341, "x2": 0.010416206035317541, "x3": 1.9583947934574981, "x4": 0.005857136287714036, "x5": 1.4973113637845902e-66, "x6": 2.6878896417631726, "x7": 11.311933380265081, "x8": 1.4155740673908412, "x9": 1.0253078672082814}, "datetime": {"datetime": "2025-05-10 20:46:37", "elapsed": 32666.087073, "delta": 54.821438}}
{"target": 49.455633046266634, "params": {"x0": 1.1229516388330776, "x1": 1.591024751721341, "x2": 0.010416206035317541, "x3": 1.9583947934574981, "x4": 0.005857136287714036, "x5": 7.940585342973096e-67, "x6": 2.6878896417631726, "x7": 11.311933380265081, "x8": 1.4155740673908412, "x9": 1.0253078672082814}, "datetime": {"datetime": "2025-05-10 20:47:22", "elapsed": 32711.478825, "delta": 45.391752}}
{"target": 49.455633046266634, "params": {"x0": 1.1229516388330776, "x1": 1.591024751721341, "x2": 0.010416206035317541, "x3": 1.9583947934574981, "x4": 0.005857136287714036, "x5": 1.1636777910840063e-66, "x6": 2.6878896417631726, "x7": 11.311933380265081, "x8": 1.4155740673908412, "x9": 1.0253078672082814}, "datetime": {"datetime": "2025-05-10 20:48:17", "elapsed": 32766.616798, "delta": 55.137973}}
{"target": 49.455633046266634, "params": {"x0": 1.1229516388330776, "x1": 1.591024751721341, "x2": 0.010416206035317541, "x3": 1.9583947934574981, "x4": 0.005857136287714036, "x5": 5.746549242083766e-67, "x6": 2.6878896417631726, "x7": 11.311933380265081, "x8": 1.4155740673908412, "x9": 1.0253078672082814}, "datetime": {"datetime": "2025-05-10 20:49:09", "elapsed": 32817.920375, "delta": 51.303577}}
{"target": 49.455633046266634, "params": {"x0": 1.1229516388330776, "x1": 1.591024751721341, "x2": 0.010416206035317541, "x3": 1.9583947934574981, "x4": 0.005857136287714036, "x5": 5.973759231675342e-67, "x6": 2.6878896417631726, "x7": 11.311933380265081, "x8": 1.4155740673908412, "x9": 1.0253078672082814}, "datetime": {"datetime": "2025-05-10 20:50:04", "elapsed": 32872.829298, "delta": 54.908923}}
{"target": 49.455633046266634, "params": {"x0": 1.1229516388330776, "x1": 1.591024751721341, "x2": 0.010416206035317541, "x3": 1.9583947934574981, "x4": 0.005857136287714036, "x5": 6.386763488148924e-67, "x6": 2.6878896417631726, "x7": 11.311933380265081, "x8": 1.4155740673908412, "x9": 1.0253078672082814}, "datetime": {"datetime": "2025-05-10 20:50:53", "elapsed": 32921.735696, "delta": 48.906398}}
{"target": 49.455633046266634, "params": {"x0": 1.1229516388330776, "x1": 1.591024751721341, "x2": 0.010416206035317541, "x3": 1.9583947934574981, "x4": 0.005857136287714036, "x5": 1.6547337500510325e-67, "x6": 2.6878896417631726, "x7": 11.311933380265081, "x8": 1.4155740673908412, "x9": 1.0253078672082814}, "datetime": {"datetime": "2025-05-10 20:51:36", "elapsed": 32964.836575, "delta": 43.100879}}
{"target": 49.455633046266634, "params": {"x0": 1.1229516388330776, "x1": 1.591024751721341, "x2": 0.010416206035317541, "x3": 1.9583947934574981, "x4": 0.005857136287714036, "x5": 7.367576801179371e-67, "x6": 2.6878896417631726, "x7": 11.311933380265081, "x8": 1.4155740673908412, "x9": 1.0253078672082814}, "datetime": {"datetime": "2025-05-10 20:52:15", "elapsed": 33004.664533, "delta": 39.827958}}
{"target": 49.455633046266634, "params": {"x0": 1.1229516388330776, "x1": 1.591024751721341, "x2": 0.010416206035317541, "x3": 1.9583947934574981, "x4": 0.005857136287714036, "x5": 6.046536118472026e-67, "x6": 2.6878896417631726, "x7": 11.311933380265081, "x8": 1.4155740673908412, "x9": 1.0253078672082814}, "datetime": {"datetime": "2025-05-10 20:53:13", "elapsed": 33062.472312, "delta": 57.807779}}
{"target": 49.455633046266634, "params": {"x0": 1.1229516388330776, "x1": 1.591024751721341, "x2": 0.010416206035317541, "x3": 1.9583947934574981, "x4": 0.005857136287714036, "x5": 2.07226758851326e-67, "x6": 2.6878896417631726, "x7": 11.311933380265081, "x8": 1.4155740673908412, "x9": 1.0253078672082814}, "datetime": {"datetime": "2025-05-10 20:54:01", "elapsed": 33110.219098, "delta": 47.746786}}
{"target": 49.455633046266634, "params": {"x0": 1.1229516388330776, "x1": 1.591024751721341, "x2": 0.010416206035317541, "x3": 1.9583947934574981, "x4": 0.005857136287714036, "x5": 1.3286342918430104e-67, "x6": 2.6878896417631726, "x7": 11.311933380265081, "x8": 1.4155740673908412, "x9": 1.0253078672082814}, "datetime": {"datetime": "2025-05-10 20:54:48", "elapsed": 33157.16385, "delta": 46.944752}}
{"target": 49.455633046266634, "params": {"x0": 1.1229516388330776, "x1": 1.591024751721341, "x2": 0.010416206035317541, "x3": 1.9583947934574981, "x4": 0.005857136287714036, "x5": 4.3894177819300054e-67, "x6": 2.6878896417631726, "x7": 11.311933380265081, "x8": 1.4155740673908412, "x9": 1.0253078672082814}, "datetime": {"datetime": "2025-05-10 20:55:52", "elapsed": 33221.171529, "delta": 64.007679}}
{"target": 49.455633046266634, "params": {"x0": 1.1229516388330776, "x1": 1.591024751721341, "x2": 0.010416206035317541, "x3": 1.9583947934574981, "x4": 0.005857136287714036, "x5": 8.014703007438114e-68, "x6": 2.6878896417631726, "x7": 11.311933380265081, "x8": 1.4155740673908412, "x9": 1.0253078672082814}, "datetime": {"datetime": "2025-05-10 20:57:03", "elapsed": 33292.015075, "delta": 70.843546}}
{"target": 49.455633046266634, "params": {"x0": 1.1229516388330776, "x1": 1.591024751721341, "x2": 0.010416206035317541, "x3": 1.9583947934574981, "x4": 0.005857136287714036, "x5": 9.524266608224322e-68, "x6": 2.6878896417631726, "x7": 11.311933380265081, "x8": 1.4155740673908412, "x9": 1.0253078672082814}, "datetime": {"datetime": "2025-05-10 20:57:45", "elapsed": 33334.697468, "delta": 42.682393}}
{"target": 49.455633046266634, "params": {"x0": 1.1229516388330776, "x1": 1.591024751721341, "x2": 0.010416206035317541, "x3": 1.9583947934574981, "x4": 0.005857136287714036, "x5": 1.051384570317985e-67, "x6": 2.6878896417631726, "x7": 11.311933380265081, "x8": 1.4155740673908412, "x9": 1.0253078672082814}, "datetime": {"datetime": "2025-05-10 20:58:47", "elapsed": 33396.25653, "delta": 61.559062}}
{"target": 49.455633046266634, "params": {"x0": 1.1229516388330776, "x1": 1.591024751721341, "x2": 0.010416206035317541, "x3": 1.9583947934574981, "x4": 0.005857136287714036, "x5": 1.797168190336559e-67, "x6": 2.6878896417631726, "x7": 11.311933380265081, "x8": 1.4155740673908412, "x9": 1.0253078672082814}, "datetime": {"datetime": "2025-05-10 20:59:33", "elapsed": 33442.439674, "delta": 46.183144}}
{"target": 49.455633046266634, "params": {"x0": 1.1229516388330776, "x1": 1.591024751721341, "x2": 0.010416206035317541, "x3": 1.9583947934574981, "x4": 0.005857136287714036, "x5": 1.3772167785415947e-67, "x6": 2.6878896417631726, "x7": 11.311933380265081, "x8": 1.4155740673908412, "x9": 1.0253078672082814}, "datetime": {"datetime": "2025-05-10 21:00:26", "elapsed": 33495.523708, "delta": 53.084034}}
{"target": 49.455633046266634, "params": {"x0": 1.1229516388330776, "x1": 1.591024751721341, "x2": 0.010416206035317541, "x3": 1.9583947934574981, "x4": 0.005857136287714036, "x5": 1.8867593664792865e-67, "x6": 2.6878896417631726, "x7": 11.311933380265081, "x8": 1.4155740673908412, "x9": 1.0253078672082814}, "datetime": {"datetime": "2025-05-10 21:01:38", "elapsed": 33566.846888, "delta": 71.32318}}
