{"target": 49.455633046266634, "params": {"x0": 1.1229516388330776, "x1": 1.591024751721341, "x2": 0.010416206035317541, "x3": 1.9583947934574981, "x4": 0.005857136287714036, "x5": 8.365210124032928e-51, "x6": 2.6878896417631726, "x7": 11.311933380265081, "x8": 1.4155740673908412, "x9": 1.0253078672082814}, "datetime": {"datetime": "2025-05-10 16:46:47", "elapsed": 18276.433367, "delta": 27.409999}}
{"target": 49.455633046266634, "params": {"x0": 1.1229516388330776, "x1": 1.591024751721341, "x2": 0.010416206035317541, "x3": 1.9583947934574981, "x4": 0.005857136287714036, "x5": 2.810096981031764e-50, "x6": 2.6878896417631726, "x7": 11.311933380265081, "x8": 1.4155740673908412, "x9": 1.0253078672082814}, "datetime": {"datetime": "2025-05-10 16:47:14", "elapsed": 18303.566981, "delta": 27.133614}}
{"target": 49.455633046266634, "params": {"x0": 1.1229516388330776, "x1": 1.591024751721341, "x2": 0.010416206035317541, "x3": 1.9583947934574981, "x4": 0.005857136287714036, "x5": 2.3380408830378347e-50, "x6": 2.6878896417631726, "x7": 11.311933380265081, "x8": 1.4155740673908412, "x9": 1.0253078672082814}, "datetime": {"datetime": "2025-05-10 16:47:42", "elapsed": 18331.627718, "delta": 28.060737}}
{"target": 49.455633046266634, "params": {"x0": 1.1229516388330776, "x1": 1.591024751721341, "x2": 0.010416206035317541, "x3": 1.9583947934574981, "x4": 0.005857136287714036, "x5": 1.1041887542645155e-50, "x6": 2.6878896417631726, "x7": 11.311933380265081, "x8": 1.4155740673908412, "x9": 1.0253078672082814}, "datetime": {"datetime": "2025-05-10 16:48:14", "elapsed": 18362.755474, "delta": 31.127756}}
{"target": 49.455633046266634, "params": {"x0": 1.1229516388330776, "x1": 1.591024751721341, "x2": 0.010416206035317541, "x3": 1.9583947934574981, "x4": 0.005857136287714036, "x5": 2.3996161301173933e-50, "x6": 2.6878896417631726, "x7": 11.311933380265081, "x8": 1.4155740673908412, "x9": 1.0253078672082814}, "datetime": {"datetime": "2025-05-10 16:48:46", "elapsed": 18395.101614, "delta": 32.34614}}
{"target": 49.455633046266634, "params": {"x0": 1.1229516388330776, "x1": 1.591024751721341, "x2": 0.010416206035317541, "x3": 1.9583947934574981, "x4": 0.005857136287714036, "x5": 3.365366485923776e-51, "x6": 2.6878896417631726, "x7": 11.311933380265081, "x8": 1.4155740673908412, "x9": 1.0253078672082814}, "datetime": {"datetime": "2025-05-10 16:49:19", "elapsed": 18427.774014, "delta": 32.6724}}
{"target": 49.455633046266634, "params": {"x0": 1.1229516388330776, "x1": 1.591024751721341, "x2": 0.010416206035317541, "x3": 1.9583947934574981, "x4": 0.005857136287714036, "x5": 2.349130707250018e-50, "x6": 2.6878896417631726, "x7": 11.311933380265081, "x8": 1.4155740673908412, "x9": 1.0253078672082814}, "datetime": {"datetime": "2025-05-10 16:49:51", "elapsed": 18459.923554, "delta": 32.14954}}
{"target": 49.455633046266634, "params": {"x0": 1.1229516388330776, "x1": 1.591024751721341, "x2": 0.010416206035317541, "x3": 1.9583947934574981, "x4": 0.005857136287714036, "x5": 1.0261693319452747e-50, "x6": 2.6878896417631726, "x7": 11.311933380265081, "x8": 1.4155740673908412, "x9": 1.0253078672082814}, "datetime": {"datetime": "2025-05-10 16:50:22", "elapsed": 18491.372167, "delta": 31.448613}}
{"target": 49.455633046266634, "params": {"x0": 1.1229516388330776, "x1": 1.591024751721341, "x2": 0.010416206035317541, "x3": 1.9583947934574981, "x4": 0.005857136287714036, "x5": 1.5310626173968992e-50, "x6": 2.6878896417631726, "x7": 11.311933380265081, "x8": 1.4155740673908412, "x9": 1.0253078672082814}, "datetime": {"datetime": "2025-05-10 16:51:00", "elapsed": 18528.98222, "delta": 37.610053}}
{"target": 49.455633046266634, "params": {"x0": 1.1229516388330776, "x1": 1.591024751721341, "x2": 0.010416206035317541, "x3": 1.9583947934574981, "x4": 0.005857136287714036, "x5": 8.59731493384513e-51, "x6": 2.6878896417631726, "x7": 11.311933380265081, "x8": 1.4155740673908412, "x9": 1.0253078672082814}, "datetime": {"datetime": "2025-05-10 16:51:38", "elapsed": 18567.315904, "delta": 38.333684}}
{"target": 49.455633046266634, "params": {"x0": 1.1229516388330776, "x1": 1.591024751721341, "x2": 0.010416206035317541, "x3": 1.9583947934574981, "x4": 0.005857136287714036, "x5": 1.822245286189919e-51, "x6": 2.6878896417631726, "x7": 11.311933380265081, "x8": 1.4155740673908412, "x9": 1.0253078672082814}, "datetime": {"datetime": "2025-05-10 16:52:03", "elapsed": 18592.108745, "delta": 24.792841}}
{"target": 49.455633046266634, "params": {"x0": 1.1229516388330776, "x1": 1.591024751721341, "x2": 0.010416206035317541, "x3": 1.9583947934574981, "x4": 0.005857136287714036, "x5": 1.2501678521590815e-50, "x6": 2.6878896417631726, "x7": 11.311933380265081, "x8": 1.4155740673908412, "x9": 1.0253078672082814}, "datetime": {"datetime": "2025-05-10 16:52:44", "elapsed": 18633.455999, "delta": 41.347254}}
{"target": 49.455633046266634, "params": {"x0": 1.1229516388330776, "x1": 1.591024751721341, "x2": 0.010416206035317541, "x3": 1.9583947934574981, "x4": 0.005857136287714036, "x5": 5.762174458883036e-51, "x6": 2.6878896417631726, "x7": 11.311933380265081, "x8": 1.4155740673908412, "x9": 1.0253078672082814}, "datetime": {"datetime": "2025-05-10 16:53:13", "elapsed": 18661.712906, "delta": 28.256907}}
{"target": 49.455633046266634, "params": {"x0": 1.1229516388330776, "x1": 1.591024751721341, "x2": 0.010416206035317541, "x3": 1.9583947934574981, "x4": 0.005857136287714036, "x5": 8.736415964978846e-51, "x6": 2.6878896417631726, "x7": 11.311933380265081, "x8": 1.4155740673908412, "x9": 1.0253078672082814}, "datetime": {"datetime": "2025-05-10 16:53:47", "elapsed": 18696.314537, "delta": 34.601631}}
{"target": 49.455633046266634, "params": {"x0": 1.1229516388330776, "x1": 1.591024751721341, "x2": 0.010416206035317541, "x3": 1.9583947934574981, "x4": 0.005857136287714036, "x5": 5.94560018677826e-52, "x6": 2.6878896417631726, "x7": 11.311933380265081, "x8": 1.4155740673908412, "x9": 1.0253078672082814}, "datetime": {"datetime": "2025-05-10 16:54:23", "elapsed": 18732.262677, "delta": 35.94814}}
{"target": 49.455633046266634, "params": {"x0": 1.1229516388330776, "x1": 1.591024751721341, "x2": 0.010416206035317541, "x3": 1.9583947934574981, "x4": 0.005857136287714036, "x5": 3.81602708777223e-51, "x6": 2.6878896417631726, "x7": 11.311933380265081, "x8": 1.4155740673908412, "x9": 1.0253078672082814}, "datetime": {"datetime": "2025-05-10 16:54:55", "elapsed": 18763.71434, "delta": 31.451663}}
{"target": 49.455633046266634, "params": {"x0": 1.1229516388330776, "x1": 1.591024751721341, "x2": 0.010416206035317541, "x3": 1.9583947934574981, "x4": 0.005857136287714036, "x5": 5.272403054044418e-51, "x6": 2.6878896417631726, "x7": 11.311933380265081, "x8": 1.4155740673908412, "x9": 1.0253078672082814}, "datetime": {"datetime": "2025-05-10 16:55:25", "elapsed": 18794.493364, "delta": 30.779024}}
{"target": 49.455633046266634, "params": {"x0": 1.1229516388330776, "x1": 1.591024751721341, "x2": 0.010416206035317541, "x3": 1.9583947934574981, "x4": 0.005857136287714036, "x5": 7.055377169899908e-51, "x6": 2.6878896417631726, "x7": 11.311933380265081, "x8": 1.4155740673908412, "x9": 1.0253078672082814}, "datetime": {"datetime": "2025-05-10 16:55:50", "elapsed": 18818.789317, "delta": 24.295953}}
{"target": 49.455633046266634, "params": {"x0": 1.1229516388330776, "x1": 1.591024751721341, "x2": 0.010416206035317541, "x3": 1.9583947934574981, "x4": 0.005857136287714036, "x5": 1.4585554380674422e-52, "x6": 2.6878896417631726, "x7": 11.311933380265081, "x8": 1.4155740673908412, "x9": 1.0253078672082814}, "datetime": {"datetime": "2025-05-10 16:56:19", "elapsed": 18847.731431, "delta": 28.942114}}
{"target": 49.455633046266634, "params": {"x0": 1.1229516388330776, "x1": 1.591024751721341, "x2": 0.010416206035317541, "x3": 1.9583947934574981, "x4": 0.005857136287714036, "x5": 4.688622708756781e-51, "x6": 2.6878896417631726, "x7": 11.311933380265081, "x8": 1.4155740673908412, "x9": 1.0253078672082814}, "datetime": {"datetime": "2025-05-10 16:56:56", "elapsed": 18885.59201, "delta": 37.860579}}
{"target": 49.455633046266634, "params": {"x0": 1.1229516388330776, "x1": 1.591024751721341, "x2": 0.010416206035317541, "x3": 1.9583947934574981, "x4": 0.005857136287714036, "x5": 4.360297860197309e-51, "x6": 2.6878896417631726, "x7": 11.311933380265081, "x8": 1.4155740673908412, "x9": 1.0253078672082814}, "datetime": {"datetime": "2025-05-10 16:57:24", "elapsed": 18913.188668, "delta": 27.596658}}
{"target": 49.455633046266634, "params": {"x0": 1.1229516388330776, "x1": 1.591024751721341, "x2": 0.010416206035317541, "x3": 1.9583947934574981, "x4": 0.005857136287714036, "x5": 3.055986483730263e-51, "x6": 2.6878896417631726, "x7": 11.311933380265081, "x8": 1.4155740673908412, "x9": 1.0253078672082814}, "datetime": {"datetime": "2025-05-10 16:57:57", "elapsed": 18946.459447, "delta": 33.270779}}
{"target": 49.455633046266634, "params": {"x0": 1.1229516388330776, "x1": 1.591024751721341, "x2": 0.010416206035317541, "x3": 1.9583947934574981, "x4": 0.005857136287714036, "x5": 2.9560973607306355e-52, "x6": 2.6878896417631726, "x7": 11.311933380265081, "x8": 1.4155740673908412, "x9": 1.0253078672082814}, "datetime": {"datetime": "2025-05-10 16:58:32", "elapsed": 18980.769439, "delta": 34.309992}}
{"target": 49.455633046266634, "params": {"x0": 1.1229516388330776, "x1": 1.591024751721341, "x2": 0.010416206035317541, "x3": 1.9583947934574981, "x4": 0.005857136287714036, "x5": 3.239430019738037e-51, "x6": 2.6878896417631726, "x7": 11.311933380265081, "x8": 1.4155740673908412, "x9": 1.0253078672082814}, "datetime": {"datetime": "2025-05-10 16:59:16", "elapsed": 19024.909082, "delta": 44.139643}}
{"target": 49.455633046266634, "params": {"x0": 1.1229516388330776, "x1": 1.591024751721341, "x2": 0.010416206035317541, "x3": 1.9583947934574981, "x4": 0.005857136287714036, "x5": 1.9548858497496996e-51, "x6": 2.6878896417631726, "x7": 11.311933380265081, "x8": 1.4155740673908412, "x9": 1.0253078672082814}, "datetime": {"datetime": "2025-05-10 16:59:56", "elapsed": 19065.436879, "delta": 40.527797}}
{"target": 49.455633046266634, "params": {"x0": 1.1229516388330776, "x1": 1.591024751721341, "x2": 0.010416206035317541, "x3": 1.9583947934574981, "x4": 0.005857136287714036, "x5": 2.437803590930614e-51, "x6": 2.6878896417631726, "x7": 11.311933380265081, "x8": 1.4155740673908412, "x9": 1.0253078672082814}, "datetime": {"datetime": "2025-05-10 17:00:29", "elapsed": 19097.993951, "delta": 32.557072}}
{"target": 49.455633046266634, "params": {"x0": 1.1229516388330776, "x1": 1.591024751721341, "x2": 0.010416206035317541, "x3": 1.9583947934574981, "x4": 0.005857136287714036, "x5": 5.406366370401306e-52, "x6": 2.6878896417631726, "x7": 11.311933380265081, "x8": 1.4155740673908412, "x9": 1.0253078672082814}, "datetime": {"datetime": "2025-05-10 17:00:59", "elapsed": 19127.709002, "delta": 29.715051}}
{"target": 49.455633046266634, "params": {"x0": 1.1229516388330776, "x1": 1.591024751721341, "x2": 0.010416206035317541, "x3": 1.9583947934574981, "x4": 0.005857136287714036, "x5": 1.367492126720362e-51, "x6": 2.6878896417631726, "x7": 11.311933380265081, "x8": 1.4155740673908412, "x9": 1.0253078672082814}, "datetime": {"datetime": "2025-05-10 17:01:33", "elapsed": 19162.515483, "delta": 34.806481}}
{"target": 49.455633046266634, "params": {"x0": 1.1229516388330776, "x1": 1.591024751721341, "x2": 0.010416206035317541, "x3": 1.9583947934574981, "x4": 0.005857136287714036, "x5": 1.7628504077176816e-51, "x6": 2.6878896417631726, "x7": 11.311933380265081, "x8": 1.4155740673908412, "x9": 1.0253078672082814}, "datetime": {"datetime": "2025-05-10 17:02:00", "elapsed": 19189.183095, "delta": 26.667612}}
{"target": 49.455633046266634, "params": {"x0": 1.1229516388330776, "x1": 1.591024751721341, "x2": 0.010416206035317541, "x3": 1.9583947934574981, "x4": 0.005857136287714036, "x5": 7.35776300478338e-52, "x6": 2.6878896417631726, "x7": 11.311933380265081, "x8": 1.4155740673908412, "x9": 1.0253078672082814}, "datetime": {"datetime": "2025-05-10 17:02:40", "elapsed": 19229.524802, "delta": 40.341707}}
{"target": 49.455633046266634, "params": {"x0": 1.1229516388330776, "x1": 1.591024751721341, "x2": 0.010416206035317541, "x3": 1.9583947934574981, "x4": 0.005857136287714036, "x5": 6.721670710689212e-52, "x6": 2.6878896417631726, "x7": 11.311933380265081, "x8": 1.4155740673908412, "x9": 1.0253078672082814}, "datetime": {"datetime": "2025-05-10 17:03:17", "elapsed": 19266.336647, "delta": 36.811845}}
{"target": 49.455633046266634, "params": {"x0": 1.1229516388330776, "x1": 1.591024751721341, "x2": 0.010416206035317541, "x3": 1.9583947934574981, "x4": 0.005857136287714036, "x5": 6.22459625244709e-52, "x6": 2.6878896417631726, "x7": 11.311933380265081, "x8": 1.4155740673908412, "x9": 1.0253078672082814}, "datetime": {"datetime": "2025-05-10 17:03:57", "elapsed": 19305.943519, "delta": 39.606872}}
{"target": 49.455633046266634, "params": {"x0": 1.1229516388330776, "x1": 1.591024751721341, "x2": 0.010416206035317541, "x3": 1.9583947934574981, "x4": 0.005857136287714036, "x5": 1.600473529806622e-51, "x6": 2.6878896417631726, "x7": 11.311933380265081, "x8": 1.4155740673908412, "x9": 1.0253078672082814}, "datetime": {"datetime": "2025-05-10 17:04:31", "elapsed": 19340.037281, "delta": 34.093762}}
{"target": 49.455633046266634, "params": {"x0": 1.1229516388330776, "x1": 1.591024751721341, "x2": 0.010416206035317541, "x3": 1.9583947934574981, "x4": 0.005857136287714036, "x5": 1.3427349654918438e-51, "x6": 2.6878896417631726, "x7": 11.311933380265081, "x8": 1.4155740673908412, "x9": 1.0253078672082814}, "datetime": {"datetime": "2025-05-10 17:05:06", "elapsed": 19374.92894, "delta": 34.891659}}
{"target": 49.455633046266634, "params": {"x0": 1.1229516388330776, "x1": 1.591024751721341, "x2": 0.010416206035317541, "x3": 1.9583947934574981, "x4": 0.005857136287714036, "x5": 7.825261244357144e-52, "x6": 2.6878896417631726, "x7": 11.311933380265081, "x8": 1.4155740673908412, "x9": 1.0253078672082814}, "datetime": {"datetime": "2025-05-10 17:05:37", "elapsed": 19405.837596, "delta": 30.908656}}
{"target": 49.455633046266634, "params": {"x0": 1.1229516388330776, "x1": 1.591024751721341, "x2": 0.010416206035317541, "x3": 1.9583947934574981, "x4": 0.005857136287714036, "x5": 1.7929393331499335e-52, "x6": 2.6878896417631726, "x7": 11.311933380265081, "x8": 1.4155740673908412, "x9": 1.0253078672082814}, "datetime": {"datetime": "2025-05-10 17:06:13", "elapsed": 19442.341072, "delta": 36.503476}}
{"target": 49.455633046266634, "params": {"x0": 1.1229516388330776, "x1": 1.591024751721341, "x2": 0.010416206035317541, "x3": 1.9583947934574981, "x4": 0.005857136287714036, "x5": 4.9356075352371935e-52, "x6": 2.6878896417631726, "x7": 11.311933380265081, "x8": 1.4155740673908412, "x9": 1.0253078672082814}, "datetime": {"datetime": "2025-05-10 17:06:49", "elapsed": 19478.007872, "delta": 35.6668}}
{"target": 49.455633046266634, "params": {"x0": 1.1229516388330776, "x1": 1.591024751721341, "x2": 0.010416206035317541, "x3": 1.9583947934574981, "x4": 0.005857136287714036, "x5": 4.331228049823615e-52, "x6": 2.6878896417631726, "x7": 11.311933380265081, "x8": 1.4155740673908412, "x9": 1.0253078672082814}, "datetime": {"datetime": "2025-05-10 17:07:19", "elapsed": 19507.799805, "delta": 29.791933}}
{"target": 49.455633046266634, "params": {"x0": 1.1229516388330776, "x1": 1.591024751721341, "x2": 0.010416206035317541, "x3": 1.9583947934574981, "x4": 0.005857136287714036, "x5": 7.485952800989585e-52, "x6": 2.6878896417631726, "x7": 11.311933380265081, "x8": 1.4155740673908412, "x9": 1.0253078672082814}, "datetime": {"datetime": "2025-05-10 17:07:57", "elapsed": 19546.507016, "delta": 38.707211}}
{"target": 49.455633046266634, "params": {"x0": 1.1229516388330776, "x1": 1.591024751721341, "x2": 0.010416206035317541, "x3": 1.9583947934574981, "x4": 0.005857136287714036, "x5": 1.7605392864866498e-52, "x6": 2.6878896417631726, "x7": 11.311933380265081, "x8": 1.4155740673908412, "x9": 1.0253078672082814}, "datetime": {"datetime": "2025-05-10 17:08:31", "elapsed": 19580.217089, "delta": 33.710073}}
{"target": 49.455633046266634, "params": {"x0": 1.1229516388330776, "x1": 1.591024751721341, "x2": 0.010416206035317541, "x3": 1.9583947934574981, "x4": 0.005857136287714036, "x5": 6.5062448664657264e-52, "x6": 2.6878896417631726, "x7": 11.311933380265081, "x8": 1.4155740673908412, "x9": 1.0253078672082814}, "datetime": {"datetime": "2025-05-10 17:08:59", "elapsed": 19607.8925, "delta": 27.675411}}
{"target": 49.455633046266634, "params": {"x0": 1.1229516388330776, "x1": 1.591024751721341, "x2": 0.010416206035317541, "x3": 1.9583947934574981, "x4": 0.005857136287714036, "x5": 1.7633413605754234e-52, "x6": 2.6878896417631726, "x7": 11.311933380265081, "x8": 1.4155740673908412, "x9": 1.0253078672082814}, "datetime": {"datetime": "2025-05-10 17:09:39", "elapsed": 19648.025091, "delta": 40.132591}}
{"target": 49.455633046266634, "params": {"x0": 1.1229516388330776, "x1": 1.591024751721341, "x2": 0.010416206035317541, "x3": 1.9583947934574981, "x4": 0.005857136287714036, "x5": 2.408325317480317e-52, "x6": 2.6878896417631726, "x7": 11.311933380265081, "x8": 1.4155740673908412, "x9": 1.0253078672082814}, "datetime": {"datetime": "2025-05-10 17:10:07", "elapsed": 19676.300556, "delta": 28.275465}}
{"target": 49.455633046266634, "params": {"x0": 1.1229516388330776, "x1": 1.591024751721341, "x2": 0.010416206035317541, "x3": 1.9583947934574981, "x4": 0.005857136287714036, "x5": 3.593100185637223e-52, "x6": 2.6878896417631726, "x7": 11.311933380265081, "x8": 1.4155740673908412, "x9": 1.0253078672082814}, "datetime": {"datetime": "2025-05-10 17:10:47", "elapsed": 19716.073116, "delta": 39.77256}}
{"target": 49.455633046266634, "params": {"x0": 1.1229516388330776, "x1": 1.591024751721341, "x2": 0.010416206035317541, "x3": 1.9583947934574981, "x4": 0.005857136287714036, "x5": 2.1309079547858877e-52, "x6": 2.6878896417631726, "x7": 11.311933380265081, "x8": 1.4155740673908412, "x9": 1.0253078672082814}, "datetime": {"datetime": "2025-05-10 17:11:21", "elapsed": 19750.058189, "delta": 33.985073}}
{"target": 49.455633046266634, "params": {"x0": 1.1229516388330776, "x1": 1.591024751721341, "x2": 0.010416206035317541, "x3": 1.9583947934574981, "x4": 0.005857136287714036, "x5": 2.072898235047449e-52, "x6": 2.6878896417631726, "x7": 11.311933380265081, "x8": 1.4155740673908412, "x9": 1.0253078672082814}, "datetime": {"datetime": "2025-05-10 17:12:04", "elapsed": 19793.076775, "delta": 43.018586}}
{"target": 49.455633046266634, "params": {"x0": 1.1229516388330776, "x1": 1.591024751721341, "x2": 0.010416206035317541, "x3": 1.9583947934574981, "x4": 0.005857136287714036, "x5": 1.1581744016774849e-52, "x6": 2.6878896417631726, "x7": 11.311933380265081, "x8": 1.4155740673908412, "x9": 1.0253078672082814}, "datetime": {"datetime": "2025-05-10 17:12:41", "elapsed": 19829.868208, "delta": 36.791433}}
{"target": 49.455633046266634, "params": {"x0": 1.1229516388330776, "x1": 1.591024751721341, "x2": 0.010416206035317541, "x3": 1.9583947934574981, "x4": 0.005857136287714036, "x5": 4.5186107775695565e-53, "x6": 2.6878896417631726, "x7": 11.311933380265081, "x8": 1.4155740673908412, "x9": 1.0253078672082814}, "datetime": {"datetime": "2025-05-10 17:13:15", "elapsed": 19863.893637, "delta": 34.025429}}
{"target": 49.455633046266634, "params": {"x0": 1.1229516388330776, "x1": 1.591024751721341, "x2": 0.010416206035317541, "x3": 1.9583947934574981, "x4": 0.005857136287714036, "x5": 8.278422511957553e-53, "x6": 2.6878896417631726, "x7": 11.311933380265081, "x8": 1.4155740673908412, "x9": 1.0253078672082814}, "datetime": {"datetime": "2025-05-10 17:13:46", "elapsed": 19895.059593, "delta": 31.165956}}
{"target": 49.455633046266634, "params": {"x0": 1.1229516388330776, "x1": 1.591024751721341, "x2": 0.010416206035317541, "x3": 1.9583947934574981, "x4": 0.005857136287714036, "x5": 6.6700992344285715e-53, "x6": 2.6878896417631726, "x7": 11.311933380265081, "x8": 1.4155740673908412, "x9": 1.0253078672082814}, "datetime": {"datetime": "2025-05-10 17:14:21", "elapsed": 19930.688649, "delta": 35.629056}}
{"target": 49.455633046266634, "params": {"x0": 1.1229516388330776, "x1": 1.591024751721341, "x2": 0.010416206035317541, "x3": 1.9583947934574981, "x4": 0.005857136287714036, "x5": 2.2137727796817807e-52, "x6": 2.6878896417631726, "x7": 11.311933380265081, "x8": 1.4155740673908412, "x9": 1.0253078672082814}, "datetime": {"datetime": "2025-05-10 17:14:48", "elapsed": 19956.811104, "delta": 26.122455}}
{"target": 49.455633046266634, "params": {"x0": 1.1229516388330776, "x1": 1.591024751721341, "x2": 0.010416206035317541, "x3": 1.9583947934574981, "x4": 0.005857136287714036, "x5": 2.142860078331683e-52, "x6": 2.6878896417631726, "x7": 11.311933380265081, "x8": 1.4155740673908412, "x9": 1.0253078672082814}, "datetime": {"datetime": "2025-05-10 17:15:22", "elapsed": 19990.724171, "delta": 33.913067}}
{"target": 49.455633046266634, "params": {"x0": 1.1229516388330776, "x1": 1.591024751721341, "x2": 0.010416206035317541, "x3": 1.9583947934574981, "x4": 0.005857136287714036, "x5": 1.5161715792437648e-52, "x6": 2.6878896417631726, "x7": 11.311933380265081, "x8": 1.4155740673908412, "x9": 1.0253078672082814}, "datetime": {"datetime": "2025-05-10 17:16:00", "elapsed": 20029.594778, "delta": 38.870607}}
{"target": 49.455633046266634, "params": {"x0": 1.1229516388330776, "x1": 1.591024751721341, "x2": 0.010416206035317541, "x3": 1.9583947934574981, "x4": 0.005857136287714036, "x5": 1.4834342717616712e-52, "x6": 2.6878896417631726, "x7": 11.311933380265081, "x8": 1.4155740673908412, "x9": 1.0253078672082814}, "datetime": {"datetime": "2025-05-10 17:16:39", "elapsed": 20067.703916, "delta": 38.109138}}
