{"target": 49.455633046266634, "params": {"x0": 1.1229516388330776, "x1": 1.591024751721341, "x2": 0.010416206035317541, "x3": 1.9583947934574981, "x4": 0.005857136287714036, "x5": 5.376420691817584e-85, "x6": 2.6878896417631726, "x7": 11.311933380265081, "x8": 1.4155740673908412, "x9": 1.0253078672082814}, "datetime": {"datetime": "2025-05-11 04:01:16", "elapsed": 58745.546147, "delta": 66.607087}}
{"target": 49.455633046266634, "params": {"x0": 1.1229516388330776, "x1": 1.591024751721341, "x2": 0.010416206035317541, "x3": 1.9583947934574981, "x4": 0.005857136287714036, "x5": 2.0808418697849105e-85, "x6": 2.6878896417631726, "x7": 11.311933380265081, "x8": 1.4155740673908412, "x9": 1.0253078672082814}, "datetime": {"datetime": "2025-05-11 04:02:37", "elapsed": 58826.530212, "delta": 80.984065}}
{"target": 49.455633046266634, "params": {"x0": 1.1229516388330776, "x1": 1.591024751721341, "x2": 0.010416206035317541, "x3": 1.9583947934574981, "x4": 0.005857136287714036, "x5": 7.939696017638567e-85, "x6": 2.6878896417631726, "x7": 11.311933380265081, "x8": 1.4155740673908412, "x9": 1.0253078672082814}, "datetime": {"datetime": "2025-05-11 04:03:59", "elapsed": 58908.352161, "delta": 81.821949}}
{"target": 49.455633046266634, "params": {"x0": 1.1229516388330776, "x1": 1.591024751721341, "x2": 0.010416206035317541, "x3": 1.9583947934574981, "x4": 0.005857136287714036, "x5": 4.963525047385016e-85, "x6": 2.6878896417631726, "x7": 11.311933380265081, "x8": 1.4155740673908412, "x9": 1.0253078672082814}, "datetime": {"datetime": "2025-05-11 04:05:29", "elapsed": 58998.532523, "delta": 90.180362}}
{"target": 49.455633046266634, "params": {"x0": 1.1229516388330776, "x1": 1.591024751721341, "x2": 0.010416206035317541, "x3": 1.9583947934574981, "x4": 0.005857136287714036, "x5": 5.1016191687936556e-85, "x6": 2.6878896417631726, "x7": 11.311933380265081, "x8": 1.4155740673908412, "x9": 1.0253078672082814}, "datetime": {"datetime": "2025-05-11 04:07:24", "elapsed": 59113.522406, "delta": 114.989883}}
{"target": 49.455633046266634, "params": {"x0": 1.1229516388330776, "x1": 1.591024751721341, "x2": 0.010416206035317541, "x3": 1.9583947934574981, "x4": 0.005857136287714036, "x5": 5.1354872491281924e-85, "x6": 2.6878896417631726, "x7": 11.311933380265081, "x8": 1.4155740673908412, "x9": 1.0253078672082814}, "datetime": {"datetime": "2025-05-11 04:09:03", "elapsed": 59212.02629, "delta": 98.503884}}
{"target": 49.455633046266634, "params": {"x0": 1.1229516388330776, "x1": 1.591024751721341, "x2": 0.010416206035317541, "x3": 1.9583947934574981, "x4": 0.005857136287714036, "x5": 1.9385735961743706e-85, "x6": 2.6878896417631726, "x7": 11.311933380265081, "x8": 1.4155740673908412, "x9": 1.0253078672082814}, "datetime": {"datetime": "2025-05-11 04:10:02", "elapsed": 59271.656342, "delta": 59.630052}}
{"target": 49.455633046266634, "params": {"x0": 1.1229516388330776, "x1": 1.591024751721341, "x2": 0.010416206035317541, "x3": 1.9583947934574981, "x4": 0.005857136287714036, "x5": 1.6668760992716806e-85, "x6": 2.6878896417631726, "x7": 11.311933380265081, "x8": 1.4155740673908412, "x9": 1.0253078672082814}, "datetime": {"datetime": "2025-05-11 04:11:07", "elapsed": 59336.536263, "delta": 64.879921}}
{"target": 49.455633046266634, "params": {"x0": 1.1229516388330776, "x1": 1.591024751721341, "x2": 0.010416206035317541, "x3": 1.9583947934574981, "x4": 0.005857136287714036, "x5": 2.0144848003928438e-85, "x6": 2.6878896417631726, "x7": 11.311933380265081, "x8": 1.4155740673908412, "x9": 1.0253078672082814}, "datetime": {"datetime": "2025-05-11 04:12:17", "elapsed": 59406.138098, "delta": 69.601835}}
{"target": 49.455633046266634, "params": {"x0": 1.1229516388330776, "x1": 1.591024751721341, "x2": 0.010416206035317541, "x3": 1.9583947934574981, "x4": 0.005857136287714036, "x5": 1.6823487217461656e-85, "x6": 2.6878896417631726, "x7": 11.311933380265081, "x8": 1.4155740673908412, "x9": 1.0253078672082814}, "datetime": {"datetime": "2025-05-11 04:13:43", "elapsed": 59491.782798, "delta": 85.6447}}
{"target": 49.455633046266634, "params": {"x0": 1.1229516388330776, "x1": 1.591024751721341, "x2": 0.010416206035317541, "x3": 1.9583947934574981, "x4": 0.005857136287714036, "x5": 1.0490287919772313e-85, "x6": 2.6878896417631726, "x7": 11.311933380265081, "x8": 1.4155740673908412, "x9": 1.0253078672082814}, "datetime": {"datetime": "2025-05-11 04:15:12", "elapsed": 59581.013126, "delta": 89.230328}}
{"target": 49.455633046266634, "params": {"x0": 1.1229516388330776, "x1": 1.591024751721341, "x2": 0.010416206035317541, "x3": 1.9583947934574981, "x4": 0.005857136287714036, "x5": 3.496169980396997e-85, "x6": 2.6878896417631726, "x7": 11.311933380265081, "x8": 1.4155740673908412, "x9": 1.0253078672082814}, "datetime": {"datetime": "2025-05-11 04:16:49", "elapsed": 59678.445821, "delta": 97.432695}}
{"target": 49.455633046266634, "params": {"x0": 1.1229516388330776, "x1": 1.591024751721341, "x2": 0.010416206035317541, "x3": 1.9583947934574981, "x4": 0.005857136287714036, "x5": 3.5987357517970455e-86, "x6": 2.6878896417631726, "x7": 11.311933380265081, "x8": 1.4155740673908412, "x9": 1.0253078672082814}, "datetime": {"datetime": "2025-05-11 04:17:45", "elapsed": 59733.992741, "delta": 55.54692}}
{"target": 49.455633046266634, "params": {"x0": 1.1229516388330776, "x1": 1.591024751721341, "x2": 0.010416206035317541, "x3": 1.9583947934574981, "x4": 0.005857136287714036, "x5": 2.1912597260750615e-85, "x6": 2.6878896417631726, "x7": 11.311933380265081, "x8": 1.4155740673908412, "x9": 1.0253078672082814}, "datetime": {"datetime": "2025-05-11 04:18:54", "elapsed": 59803.623311, "delta": 69.63057}}
{"target": 49.455633046266634, "params": {"x0": 1.1229516388330776, "x1": 1.591024751721341, "x2": 0.010416206035317541, "x3": 1.9583947934574981, "x4": 0.005857136287714036, "x5": 1.0246450534193534e-87, "x6": 2.6878896417631726, "x7": 11.311933380265081, "x8": 1.4155740673908412, "x9": 1.0253078672082814}, "datetime": {"datetime": "2025-05-11 04:20:24", "elapsed": 59893.655049, "delta": 90.031738}}
{"target": 49.455633046266634, "params": {"x0": 1.1229516388330776, "x1": 1.591024751721341, "x2": 0.010416206035317541, "x3": 1.9583947934574981, "x4": 0.005857136287714036, "x5": 2.3772931583573552e-85, "x6": 2.6878896417631726, "x7": 11.311933380265081, "x8": 1.4155740673908412, "x9": 1.0253078672082814}, "datetime": {"datetime": "2025-05-11 04:21:37", "elapsed": 59966.147959, "delta": 72.49291}}
{"target": 49.455633046266634, "params": {"x0": 1.1229516388330776, "x1": 1.591024751721341, "x2": 0.010416206035317541, "x3": 1.9583947934574981, "x4": 0.005857136287714036, "x5": 1.8669480951278816e-85, "x6": 2.6878896417631726, "x7": 11.311933380265081, "x8": 1.4155740673908412, "x9": 1.0253078672082814}, "datetime": {"datetime": "2025-05-11 04:22:37", "elapsed": 60025.809922, "delta": 59.661963}}
{"target": 49.455633046266634, "params": {"x0": 1.1229516388330776, "x1": 1.591024751721341, "x2": 0.010416206035317541, "x3": 1.9583947934574981, "x4": 0.005857136287714036, "x5": 8.526059660424808e-86, "x6": 2.6878896417631726, "x7": 11.311933380265081, "x8": 1.4155740673908412, "x9": 1.0253078672082814}, "datetime": {"datetime": "2025-05-11 04:24:03", "elapsed": 60112.508239, "delta": 86.698317}}
{"target": 49.455633046266634, "params": {"x0": 1.1229516388330776, "x1": 1.591024751721341, "x2": 0.010416206035317541, "x3": 1.9583947934574981, "x4": 0.005857136287714036, "x5": 2.9586309973463916e-86, "x6": 2.6878896417631726, "x7": 11.311933380265081, "x8": 1.4155740673908412, "x9": 1.0253078672082814}, "datetime": {"datetime": "2025-05-11 04:25:21", "elapsed": 60190.507386, "delta": 77.999147}}
{"target": 49.455633046266634, "params": {"x0": 1.1229516388330776, "x1": 1.591024751721341, "x2": 0.010416206035317541, "x3": 1.9583947934574981, "x4": 0.005857136287714036, "x5": 6.638546017471676e-86, "x6": 2.6878896417631726, "x7": 11.311933380265081, "x8": 1.4155740673908412, "x9": 1.0253078672082814}, "datetime": {"datetime": "2025-05-11 04:26:47", "elapsed": 60276.003479, "delta": 85.496093}}
{"target": 49.455633046266634, "params": {"x0": 1.1229516388330776, "x1": 1.591024751721341, "x2": 0.010416206035317541, "x3": 1.9583947934574981, "x4": 0.005857136287714036, "x5": 3.299556417291088e-86, "x6": 2.6878896417631726, "x7": 11.311933380265081, "x8": 1.4155740673908412, "x9": 1.0253078672082814}, "datetime": {"datetime": "2025-05-11 04:28:08", "elapsed": 60357.598073, "delta": 81.594594}}
{"target": 49.455633046266634, "params": {"x0": 1.1229516388330776, "x1": 1.591024751721341, "x2": 0.010416206035317541, "x3": 1.9583947934574981, "x4": 0.005857136287714036, "x5": 1.0915656747055954e-85, "x6": 2.6878896417631726, "x7": 11.311933380265081, "x8": 1.4155740673908412, "x9": 1.0253078672082814}, "datetime": {"datetime": "2025-05-11 04:29:27", "elapsed": 60436.075006, "delta": 78.476933}}
{"target": 49.455633046266634, "params": {"x0": 1.1229516388330776, "x1": 1.591024751721341, "x2": 0.010416206035317541, "x3": 1.9583947934574981, "x4": 0.005857136287714036, "x5": 1.0955898341056436e-85, "x6": 2.6878896417631726, "x7": 11.311933380265081, "x8": 1.4155740673908412, "x9": 1.0253078672082814}, "datetime": {"datetime": "2025-05-11 04:30:50", "elapsed": 60519.148156, "delta": 83.07315}}
{"target": 49.455633046266634, "params": {"x0": 1.1229516388330776, "x1": 1.591024751721341, "x2": 0.010416206035317541, "x3": 1.9583947934574981, "x4": 0.005857136287714036, "x5": 1.4598187227263011e-86, "x6": 2.6878896417631726, "x7": 11.311933380265081, "x8": 1.4155740673908412, "x9": 1.0253078672082814}, "datetime": {"datetime": "2025-05-11 04:32:23", "elapsed": 60612.402143, "delta": 93.253987}}
{"target": 49.455633046266634, "params": {"x0": 1.1229516388330776, "x1": 1.591024751721341, "x2": 0.010416206035317541, "x3": 1.9583947934574981, "x4": 0.005857136287714036, "x5": 1.3080933528151814e-86, "x6": 2.6878896417631726, "x7": 11.311933380265081, "x8": 1.4155740673908412, "x9": 1.0253078672082814}, "datetime": {"datetime": "2025-05-11 04:33:43", "elapsed": 60692.348165, "delta": 79.946022}}
{"target": 49.455633046266634, "params": {"x0": 1.1229516388330776, "x1": 1.591024751721341, "x2": 0.010416206035317541, "x3": 1.9583947934574981, "x4": 0.005857136287714036, "x5": 2.6911685388537104e-86, "x6": 2.6878896417631726, "x7": 11.311933380265081, "x8": 1.4155740673908412, "x9": 1.0253078672082814}, "datetime": {"datetime": "2025-05-11 04:34:56", "elapsed": 60764.782986, "delta": 72.434821}}
{"target": 49.455633046266634, "params": {"x0": 1.1229516388330776, "x1": 1.591024751721341, "x2": 0.010416206035317541, "x3": 1.9583947934574981, "x4": 0.005857136287714036, "x5": 5.518403969204786e-86, "x6": 2.6878896417631726, "x7": 11.311933380265081, "x8": 1.4155740673908412, "x9": 1.0253078672082814}, "datetime": {"datetime": "2025-05-11 04:36:25", "elapsed": 60854.401986, "delta": 89.619}}
{"target": 49.455633046266634, "params": {"x0": 1.1229516388330776, "x1": 1.591024751721341, "x2": 0.010416206035317541, "x3": 1.9583947934574981, "x4": 0.005857136287714036, "x5": 1.0189353464466362e-86, "x6": 2.6878896417631726, "x7": 11.311933380265081, "x8": 1.4155740673908412, "x9": 1.0253078672082814}, "datetime": {"datetime": "2025-05-11 04:37:34", "elapsed": 60923.519023, "delta": 69.117037}}
{"target": 49.455633046266634, "params": {"x0": 1.1229516388330776, "x1": 1.591024751721341, "x2": 0.010416206035317541, "x3": 1.9583947934574981, "x4": 0.005857136287714036, "x5": 3.0683112386693486e-86, "x6": 2.6878896417631726, "x7": 11.311933380265081, "x8": 1.4155740673908412, "x9": 1.0253078672082814}, "datetime": {"datetime": "2025-05-11 04:39:15", "elapsed": 61024.109042, "delta": 100.590019}}
{"target": 49.455633046266634, "params": {"x0": 1.1229516388330776, "x1": 1.591024751721341, "x2": 0.010416206035317541, "x3": 1.9583947934574981, "x4": 0.005857136287714036, "x5": 3.7392348212685116e-86, "x6": 2.6878896417631726, "x7": 11.311933380265081, "x8": 1.4155740673908412, "x9": 1.0253078672082814}, "datetime": {"datetime": "2025-05-11 04:40:45", "elapsed": 61113.780804, "delta": 89.671762}}
{"target": 49.455633046266634, "params": {"x0": 1.1229516388330776, "x1": 1.591024751721341, "x2": 0.010416206035317541, "x3": 1.9583947934574981, "x4": 0.005857136287714036, "x5": 2.0299977944330563e-86, "x6": 2.6878896417631726, "x7": 11.311933380265081, "x8": 1.4155740673908412, "x9": 1.0253078672082814}, "datetime": {"datetime": "2025-05-11 04:42:17", "elapsed": 61205.746616, "delta": 91.965812}}
{"target": 49.455633046266634, "params": {"x0": 1.1229516388330776, "x1": 1.591024751721341, "x2": 0.010416206035317541, "x3": 1.9583947934574981, "x4": 0.005857136287714036, "x5": 3.610469032801108e-86, "x6": 2.6878896417631726, "x7": 11.311933380265081, "x8": 1.4155740673908412, "x9": 1.0253078672082814}, "datetime": {"datetime": "2025-05-11 04:43:38", "elapsed": 61287.129963, "delta": 81.383347}}
{"target": 49.455633046266634, "params": {"x0": 1.1229516388330776, "x1": 1.591024751721341, "x2": 0.010416206035317541, "x3": 1.9583947934574981, "x4": 0.005857136287714036, "x5": 2.904704752079746e-86, "x6": 2.6878896417631726, "x7": 11.311933380265081, "x8": 1.4155740673908412, "x9": 1.0253078672082814}, "datetime": {"datetime": "2025-05-11 04:44:54", "elapsed": 61363.182101, "delta": 76.052138}}
{"target": 49.455633046266634, "params": {"x0": 1.1229516388330776, "x1": 1.591024751721341, "x2": 0.010416206035317541, "x3": 1.9583947934574981, "x4": 0.005857136287714036, "x5": 1.1814760933210228e-86, "x6": 2.6878896417631726, "x7": 11.311933380265081, "x8": 1.4155740673908412, "x9": 1.0253078672082814}, "datetime": {"datetime": "2025-05-11 04:46:28", "elapsed": 61456.82563, "delta": 93.643529}}
{"target": 49.455633046266634, "params": {"x0": 1.1229516388330776, "x1": 1.591024751721341, "x2": 0.010416206035317541, "x3": 1.9583947934574981, "x4": 0.005857136287714036, "x5": 1.9934961398735446e-86, "x6": 2.6878896417631726, "x7": 11.311933380265081, "x8": 1.4155740673908412, "x9": 1.0253078672082814}, "datetime": {"datetime": "2025-05-11 04:47:57", "elapsed": 61546.456311, "delta": 89.630681}}
{"target": 49.455633046266634, "params": {"x0": 1.1229516388330776, "x1": 1.591024751721341, "x2": 0.010416206035317541, "x3": 1.9583947934574981, "x4": 0.005857136287714036, "x5": 2.4003005858960157e-86, "x6": 2.6878896417631726, "x7": 11.311933380265081, "x8": 1.4155740673908412, "x9": 1.0253078672082814}, "datetime": {"datetime": "2025-05-11 04:49:46", "elapsed": 61655.293098, "delta": 108.836787}}
{"target": 49.455633046266634, "params": {"x0": 1.1229516388330776, "x1": 1.591024751721341, "x2": 0.010416206035317541, "x3": 1.9583947934574981, "x4": 0.005857136287714036, "x5": 2.0409089277505132e-86, "x6": 2.6878896417631726, "x7": 11.311933380265081, "x8": 1.4155740673908412, "x9": 1.0253078672082814}, "datetime": {"datetime": "2025-05-11 04:50:53", "elapsed": 61721.897403, "delta": 66.604305}}
{"target": 49.455633046266634, "params": {"x0": 1.1229516388330776, "x1": 1.591024751721341, "x2": 0.010416206035317541, "x3": 1.9583947934574981, "x4": 0.005857136287714036, "x5": 5.858740525588401e-87, "x6": 2.6878896417631726, "x7": 11.311933380265081, "x8": 1.4155740673908412, "x9": 1.0253078672082814}, "datetime": {"datetime": "2025-05-11 04:52:24", "elapsed": 61813.276576, "delta": 91.379173}}
{"target": 49.455633046266634, "params": {"x0": 1.1229516388330776, "x1": 1.591024751721341, "x2": 0.010416206035317541, "x3": 1.9583947934574981, "x4": 0.005857136287714036, "x5": 8.953703251696666e-87, "x6": 2.6878896417631726, "x7": 11.311933380265081, "x8": 1.4155740673908412, "x9": 1.0253078672082814}, "datetime": {"datetime": "2025-05-11 04:54:07", "elapsed": 61916.084994, "delta": 102.808418}}
{"target": 49.455633046266634, "params": {"x0": 1.1229516388330776, "x1": 1.591024751721341, "x2": 0.010416206035317541, "x3": 1.9583947934574981, "x4": 0.005857136287714036, "x5": 1.348034194465445e-86, "x6": 2.6878896417631726, "x7": 11.311933380265081, "x8": 1.4155740673908412, "x9": 1.0253078672082814}, "datetime": {"datetime": "2025-05-11 04:55:45", "elapsed": 62013.880153, "delta": 97.795159}}
{"target": 49.455633046266634, "params": {"x0": 1.1229516388330776, "x1": 1.591024751721341, "x2": 0.010416206035317541, "x3": 1.9583947934574981, "x4": 0.005857136287714036, "x5": 4.502328452509625e-87, "x6": 2.6878896417631726, "x7": 11.311933380265081, "x8": 1.4155740673908412, "x9": 1.0253078672082814}, "datetime": {"datetime": "2025-05-11 04:57:12", "elapsed": 62101.014328, "delta": 87.134175}}
{"target": 49.455633046266634, "params": {"x0": 1.1229516388330776, "x1": 1.591024751721341, "x2": 0.010416206035317541, "x3": 1.9583947934574981, "x4": 0.005857136287714036, "x5": 1.4847399671987669e-86, "x6": 2.6878896417631726, "x7": 11.311933380265081, "x8": 1.4155740673908412, "x9": 1.0253078672082814}, "datetime": {"datetime": "2025-05-11 04:58:26", "elapsed": 62174.836569, "delta": 73.822241}}
{"target": 49.455633046266634, "params": {"x0": 1.1229516388330776, "x1": 1.591024751721341, "x2": 0.010416206035317541, "x3": 1.9583947934574981, "x4": 0.005857136287714036, "x5": 9.675869762611201e-87, "x6": 2.6878896417631726, "x7": 11.311933380265081, "x8": 1.4155740673908412, "x9": 1.0253078672082814}, "datetime": {"datetime": "2025-05-11 05:00:26", "elapsed": 62294.933499, "delta": 120.09693}}
{"target": 49.455633046266634, "params": {"x0": 1.1229516388330776, "x1": 1.591024751721341, "x2": 0.010416206035317541, "x3": 1.9583947934574981, "x4": 0.005857136287714036, "x5": 4.617831024549156e-87, "x6": 2.6878896417631726, "x7": 11.311933380265081, "x8": 1.4155740673908412, "x9": 1.0253078672082814}, "datetime": {"datetime": "2025-05-11 05:01:29", "elapsed": 62357.763746, "delta": 62.830247}}
{"target": 49.455633046266634, "params": {"x0": 1.1229516388330776, "x1": 1.591024751721341, "x2": 0.010416206035317541, "x3": 1.9583947934574981, "x4": 0.005857136287714036, "x5": 1.6011049728031248e-87, "x6": 2.6878896417631726, "x7": 11.311933380265081, "x8": 1.4155740673908412, "x9": 1.0253078672082814}, "datetime": {"datetime": "2025-05-11 05:03:19", "elapsed": 62468.347464, "delta": 110.583718}}
{"target": 49.455633046266634, "params": {"x0": 1.1229516388330776, "x1": 1.591024751721341, "x2": 0.010416206035317541, "x3": 1.9583947934574981, "x4": 0.005857136287714036, "x5": 9.353551937252764e-88, "x6": 2.6878896417631726, "x7": 11.311933380265081, "x8": 1.4155740673908412, "x9": 1.0253078672082814}, "datetime": {"datetime": "2025-05-11 05:04:32", "elapsed": 62541.164448, "delta": 72.816984}}
{"target": 49.455633046266634, "params": {"x0": 1.1229516388330776, "x1": 1.591024751721341, "x2": 0.010416206035317541, "x3": 1.9583947934574981, "x4": 0.005857136287714036, "x5": 6.895333656513578e-88, "x6": 2.6878896417631726, "x7": 11.311933380265081, "x8": 1.4155740673908412, "x9": 1.0253078672082814}, "datetime": {"datetime": "2025-05-11 05:05:43", "elapsed": 62611.834952, "delta": 70.670504}}
{"target": 49.455633046266634, "params": {"x0": 1.1229516388330776, "x1": 1.591024751721341, "x2": 0.010416206035317541, "x3": 1.9583947934574981, "x4": 0.005857136287714036, "x5": 5.288717419087794e-87, "x6": 2.6878896417631726, "x7": 11.311933380265081, "x8": 1.4155740673908412, "x9": 1.0253078672082814}, "datetime": {"datetime": "2025-05-11 05:07:17", "elapsed": 62706.698801, "delta": 94.863849}}
{"target": 49.455633046266634, "params": {"x0": 1.1229516388330776, "x1": 1.591024751721341, "x2": 0.010416206035317541, "x3": 1.9583947934574981, "x4": 0.005857136287714036, "x5": 1.220500724267881e-87, "x6": 2.6878896417631726, "x7": 11.311933380265081, "x8": 1.4155740673908412, "x9": 1.0253078672082814}, "datetime": {"datetime": "2025-05-11 05:09:19", "elapsed": 62827.805917, "delta": 121.107116}}
{"target": 49.455633046266634, "params": {"x0": 1.1229516388330776, "x1": 1.591024751721341, "x2": 0.010416206035317541, "x3": 1.9583947934574981, "x4": 0.005857136287714036, "x5": 4.975788382234108e-87, "x6": 2.6878896417631726, "x7": 11.311933380265081, "x8": 1.4155740673908412, "x9": 1.0253078672082814}, "datetime": {"datetime": "2025-05-11 05:10:58", "elapsed": 62927.441232, "delta": 99.635315}}
{"target": 49.455633046266634, "params": {"x0": 1.1229516388330776, "x1": 1.591024751721341, "x2": 0.010416206035317541, "x3": 1.9583947934574981, "x4": 0.005857136287714036, "x5": 3.464265528586958e-89, "x6": 2.6878896417631726, "x7": 11.311933380265081, "x8": 1.4155740673908412, "x9": 1.0253078672082814}, "datetime": {"datetime": "2025-05-11 05:12:17", "elapsed": 63006.249277, "delta": 78.808045}}
{"target": 49.455633046266634, "params": {"x0": 1.1229516388330776, "x1": 1.591024751721341, "x2": 0.010416206035317541, "x3": 1.9583947934574981, "x4": 0.005857136287714036, "x5": 1.3397824403866847e-88, "x6": 2.6878896417631726, "x7": 11.311933380265081, "x8": 1.4155740673908412, "x9": 1.0253078672082814}, "datetime": {"datetime": "2025-05-11 05:13:28", "elapsed": 63077.581118, "delta": 71.331841}}
{"target": 49.455633046266634, "params": {"x0": 1.1229516388330776, "x1": 1.591024751721341, "x2": 0.010416206035317541, "x3": 1.9583947934574981, "x4": 0.005857136287714036, "x5": 3.461270720688068e-87, "x6": 2.6878896417631726, "x7": 11.311933380265081, "x8": 1.4155740673908412, "x9": 1.0253078672082814}, "datetime": {"datetime": "2025-05-11 05:14:39", "elapsed": 63148.305633, "delta": 70.724515}}
{"target": 49.455633046266634, "params": {"x0": 1.1229516388330776, "x1": 1.591024751721341, "x2": 0.010416206035317541, "x3": 1.9583947934574981, "x4": 0.005857136287714036, "x5": 2.6363783396395306e-87, "x6": 2.6878896417631726, "x7": 11.311933380265081, "x8": 1.4155740673908412, "x9": 1.0253078672082814}, "datetime": {"datetime": "2025-05-11 05:15:53", "elapsed": 63222.69268, "delta": 74.387047}}
