{"target": 49.455633046266634, "params": {"x0": 1.1229516388330776, "x1": 1.591024751721341, "x2": 0.010416206035317541, "x3": 1.9583947934574981, "x4": 0.005857136287714036, "x5": 7.57968453407342e-88, "x6": 2.6878896417631726, "x7": 11.311933380265081, "x8": 1.4155740673908412, "x9": 1.0253078672082814}, "datetime": {"datetime": "2025-05-11 05:17:17", "elapsed": 63305.860639, "delta": 83.167959}}
{"target": 49.455633046266634, "params": {"x0": 1.1229516388330776, "x1": 1.591024751721341, "x2": 0.010416206035317541, "x3": 1.9583947934574981, "x4": 0.005857136287714036, "x5": 2.404560060736908e-87, "x6": 2.6878896417631726, "x7": 11.311933380265081, "x8": 1.4155740673908412, "x9": 1.0253078672082814}, "datetime": {"datetime": "2025-05-11 05:18:35", "elapsed": 63384.066566, "delta": 78.205927}}
{"target": 49.455633046266634, "params": {"x0": 1.1229516388330776, "x1": 1.591024751721341, "x2": 0.010416206035317541, "x3": 1.9583947934574981, "x4": 0.005857136287714036, "x5": 1.5247507272222773e-87, "x6": 2.6878896417631726, "x7": 11.311933380265081, "x8": 1.4155740673908412, "x9": 1.0253078672082814}, "datetime": {"datetime": "2025-05-11 05:20:44", "elapsed": 63513.164861, "delta": 129.098295}}
{"target": 49.455633046266634, "params": {"x0": 1.1229516388330776, "x1": 1.591024751721341, "x2": 0.010416206035317541, "x3": 1.9583947934574981, "x4": 0.005857136287714036, "x5": 1.6173502005866257e-87, "x6": 2.6878896417631726, "x7": 11.311933380265081, "x8": 1.4155740673908412, "x9": 1.0253078672082814}, "datetime": {"datetime": "2025-05-11 05:22:34", "elapsed": 63622.818035, "delta": 109.653174}}
{"target": 49.455633046266634, "params": {"x0": 1.1229516388330776, "x1": 1.591024751721341, "x2": 0.010416206035317541, "x3": 1.9583947934574981, "x4": 0.005857136287714036, "x5": 2.490119157451297e-87, "x6": 2.6878896417631726, "x7": 11.311933380265081, "x8": 1.4155740673908412, "x9": 1.0253078672082814}, "datetime": {"datetime": "2025-05-11 05:24:00", "elapsed": 63709.010695, "delta": 86.19266}}
{"target": 49.455633046266634, "params": {"x0": 1.1229516388330776, "x1": 1.591024751721341, "x2": 0.010416206035317541, "x3": 1.9583947934574981, "x4": 0.005857136287714036, "x5": 7.896353069874095e-88, "x6": 2.6878896417631726, "x7": 11.311933380265081, "x8": 1.4155740673908412, "x9": 1.0253078672082814}, "datetime": {"datetime": "2025-05-11 05:26:06", "elapsed": 63835.369804, "delta": 126.359109}}
{"target": 49.455633046266634, "params": {"x0": 1.1229516388330776, "x1": 1.591024751721341, "x2": 0.010416206035317541, "x3": 1.9583947934574981, "x4": 0.005857136287714036, "x5": 9.31964283339305e-88, "x6": 2.6878896417631726, "x7": 11.311933380265081, "x8": 1.4155740673908412, "x9": 1.0253078672082814}, "datetime": {"datetime": "2025-05-11 05:27:38", "elapsed": 63927.231541, "delta": 91.861737}}
{"target": 49.455633046266634, "params": {"x0": 1.1229516388330776, "x1": 1.591024751721341, "x2": 0.010416206035317541, "x3": 1.9583947934574981, "x4": 0.005857136287714036, "x5": 1.3687042596763168e-87, "x6": 2.6878896417631726, "x7": 11.311933380265081, "x8": 1.4155740673908412, "x9": 1.0253078672082814}, "datetime": {"datetime": "2025-05-11 05:29:28", "elapsed": 64037.157873, "delta": 109.926332}}
{"target": 49.455633046266634, "params": {"x0": 1.1229516388330776, "x1": 1.591024751721341, "x2": 0.010416206035317541, "x3": 1.9583947934574981, "x4": 0.005857136287714036, "x5": 1.054457328821718e-87, "x6": 2.6878896417631726, "x7": 11.311933380265081, "x8": 1.4155740673908412, "x9": 1.0253078672082814}, "datetime": {"datetime": "2025-05-11 05:31:23", "elapsed": 64151.745443, "delta": 114.58757}}
{"target": 49.455633046266634, "params": {"x0": 1.1229516388330776, "x1": 1.591024751721341, "x2": 0.010416206035317541, "x3": 1.9583947934574981, "x4": 0.005857136287714036, "x5": 6.274420232711856e-88, "x6": 2.6878896417631726, "x7": 11.311933380265081, "x8": 1.4155740673908412, "x9": 1.0253078672082814}, "datetime": {"datetime": "2025-05-11 05:33:19", "elapsed": 64268.451365, "delta": 116.705922}}
{"target": 49.455633046266634, "params": {"x0": 1.1229516388330776, "x1": 1.591024751721341, "x2": 0.010416206035317541, "x3": 1.9583947934574981, "x4": 0.005857136287714036, "x5": 1.041878644365345e-87, "x6": 2.6878896417631726, "x7": 11.311933380265081, "x8": 1.4155740673908412, "x9": 1.0253078672082814}, "datetime": {"datetime": "2025-05-11 05:34:57", "elapsed": 64365.94565, "delta": 97.494285}}
{"target": 49.455633046266634, "params": {"x0": 1.1229516388330776, "x1": 1.591024751721341, "x2": 0.010416206035317541, "x3": 1.9583947934574981, "x4": 0.005857136287714036, "x5": 1.2733914243479287e-87, "x6": 2.6878896417631726, "x7": 11.311933380265081, "x8": 1.4155740673908412, "x9": 1.0253078672082814}, "datetime": {"datetime": "2025-05-11 05:36:03", "elapsed": 64432.249871, "delta": 66.304221}}
{"target": 49.455633046266634, "params": {"x0": 1.1229516388330776, "x1": 1.591024751721341, "x2": 0.010416206035317541, "x3": 1.9583947934574981, "x4": 0.005857136287714036, "x5": 1.7031394478664933e-88, "x6": 2.6878896417631726, "x7": 11.311933380265081, "x8": 1.4155740673908412, "x9": 1.0253078672082814}, "datetime": {"datetime": "2025-05-11 05:37:06", "elapsed": 64494.92071, "delta": 62.670839}}
{"target": 49.455633046266634, "params": {"x0": 1.1229516388330776, "x1": 1.591024751721341, "x2": 0.010416206035317541, "x3": 1.9583947934574981, "x4": 0.005857136287714036, "x5": 3.2255845902211454e-88, "x6": 2.6878896417631726, "x7": 11.311933380265081, "x8": 1.4155740673908412, "x9": 1.0253078672082814}, "datetime": {"datetime": "2025-05-11 05:38:49", "elapsed": 64598.211785, "delta": 103.291075}}
{"target": 49.455633046266634, "params": {"x0": 1.1229516388330776, "x1": 1.591024751721341, "x2": 0.010416206035317541, "x3": 1.9583947934574981, "x4": 0.005857136287714036, "x5": 1.7704630088848805e-88, "x6": 2.6878896417631726, "x7": 11.311933380265081, "x8": 1.4155740673908412, "x9": 1.0253078672082814}, "datetime": {"datetime": "2025-05-11 05:40:06", "elapsed": 64675.492232, "delta": 77.280447}}
{"target": 49.455633046266634, "params": {"x0": 1.1229516388330776, "x1": 1.591024751721341, "x2": 0.010416206035317541, "x3": 1.9583947934574981, "x4": 0.005857136287714036, "x5": 2.074017637270179e-88, "x6": 2.6878896417631726, "x7": 11.311933380265081, "x8": 1.4155740673908412, "x9": 1.0253078672082814}, "datetime": {"datetime": "2025-05-11 05:41:23", "elapsed": 64752.088784, "delta": 76.596552}}
{"target": 49.455633046266634, "params": {"x0": 1.1229516388330776, "x1": 1.591024751721341, "x2": 0.010416206035317541, "x3": 1.9583947934574981, "x4": 0.005857136287714036, "x5": 7.045782176415309e-88, "x6": 2.6878896417631726, "x7": 11.311933380265081, "x8": 1.4155740673908412, "x9": 1.0253078672082814}, "datetime": {"datetime": "2025-05-11 05:43:07", "elapsed": 64856.221032, "delta": 104.132248}}
{"target": 49.455633046266634, "params": {"x0": 1.1229516388330776, "x1": 1.591024751721341, "x2": 0.010416206035317541, "x3": 1.9583947934574981, "x4": 0.005857136287714036, "x5": 3.706618271367093e-88, "x6": 2.6878896417631726, "x7": 11.311933380265081, "x8": 1.4155740673908412, "x9": 1.0253078672082814}, "datetime": {"datetime": "2025-05-11 05:44:25", "elapsed": 64934.557493, "delta": 78.336461}}
{"target": 49.455633046266634, "params": {"x0": 1.1229516388330776, "x1": 1.591024751721341, "x2": 0.010416206035317541, "x3": 1.9583947934574981, "x4": 0.005857136287714036, "x5": 3.7059648901807965e-88, "x6": 2.6878896417631726, "x7": 11.311933380265081, "x8": 1.4155740673908412, "x9": 1.0253078672082814}, "datetime": {"datetime": "2025-05-11 05:46:11", "elapsed": 65039.881576, "delta": 105.324083}}
{"target": 49.455633046266634, "params": {"x0": 1.1229516388330776, "x1": 1.591024751721341, "x2": 0.010416206035317541, "x3": 1.9583947934574981, "x4": 0.005857136287714036, "x5": 1.1579085762171006e-88, "x6": 2.6878896417631726, "x7": 11.311933380265081, "x8": 1.4155740673908412, "x9": 1.0253078672082814}, "datetime": {"datetime": "2025-05-11 05:47:39", "elapsed": 65128.628667, "delta": 88.747091}}
{"target": 49.455633046266634, "params": {"x0": 1.1229516388330776, "x1": 1.591024751721341, "x2": 0.010416206035317541, "x3": 1.9583947934574981, "x4": 0.005857136287714036, "x5": 5.861595875128128e-89, "x6": 2.6878896417631726, "x7": 11.311933380265081, "x8": 1.4155740673908412, "x9": 1.0253078672082814}, "datetime": {"datetime": "2025-05-11 05:48:45", "elapsed": 65193.873962, "delta": 65.245295}}
{"target": 49.455633046266634, "params": {"x0": 1.1229516388330776, "x1": 1.591024751721341, "x2": 0.010416206035317541, "x3": 1.9583947934574981, "x4": 0.005857136287714036, "x5": 6.431432379767288e-89, "x6": 2.6878896417631726, "x7": 11.311933380265081, "x8": 1.4155740673908412, "x9": 1.0253078672082814}, "datetime": {"datetime": "2025-05-11 05:49:53", "elapsed": 65262.251641, "delta": 68.377679}}
{"target": 49.455633046266634, "params": {"x0": 1.1229516388330776, "x1": 1.591024751721341, "x2": 0.010416206035317541, "x3": 1.9583947934574981, "x4": 0.005857136287714036, "x5": 1.3850430246608487e-88, "x6": 2.6878896417631726, "x7": 11.311933380265081, "x8": 1.4155740673908412, "x9": 1.0253078672082814}, "datetime": {"datetime": "2025-05-11 05:51:35", "elapsed": 65364.682815, "delta": 102.431174}}
{"target": 49.455633046266634, "params": {"x0": 1.1229516388330776, "x1": 1.591024751721341, "x2": 0.010416206035317541, "x3": 1.9583947934574981, "x4": 0.005857136287714036, "x5": 2.1742117937548555e-88, "x6": 2.6878896417631726, "x7": 11.311933380265081, "x8": 1.4155740673908412, "x9": 1.0253078672082814}, "datetime": {"datetime": "2025-05-11 05:52:44", "elapsed": 65433.200915, "delta": 68.5181}}
{"target": 49.455633046266634, "params": {"x0": 1.1229516388330776, "x1": 1.591024751721341, "x2": 0.010416206035317541, "x3": 1.9583947934574981, "x4": 0.005857136287714036, "x5": 2.654605062908664e-88, "x6": 2.6878896417631726, "x7": 11.311933380265081, "x8": 1.4155740673908412, "x9": 1.0253078672082814}, "datetime": {"datetime": "2025-05-11 05:54:21", "elapsed": 65530.067641, "delta": 96.866726}}
{"target": 49.455633046266634, "params": {"x0": 1.1229516388330776, "x1": 1.591024751721341, "x2": 0.010416206035317541, "x3": 1.9583947934574981, "x4": 0.005857136287714036, "x5": 4.081565503585914e-89, "x6": 2.6878896417631726, "x7": 11.311933380265081, "x8": 1.4155740673908412, "x9": 1.0253078672082814}, "datetime": {"datetime": "2025-05-11 05:55:52", "elapsed": 65621.00007, "delta": 90.932429}}
{"target": 49.455633046266634, "params": {"x0": 1.1229516388330776, "x1": 1.591024751721341, "x2": 0.010416206035317541, "x3": 1.9583947934574981, "x4": 0.005857136287714036, "x5": 2.3334390431086054e-88, "x6": 2.6878896417631726, "x7": 11.311933380265081, "x8": 1.4155740673908412, "x9": 1.0253078672082814}, "datetime": {"datetime": "2025-05-11 05:57:21", "elapsed": 65709.858196, "delta": 88.858126}}
{"target": 49.455633046266634, "params": {"x0": 1.1229516388330776, "x1": 1.591024751721341, "x2": 0.010416206035317541, "x3": 1.9583947934574981, "x4": 0.005857136287714036, "x5": 3.476329666989736e-89, "x6": 2.6878896417631726, "x7": 11.311933380265081, "x8": 1.4155740673908412, "x9": 1.0253078672082814}, "datetime": {"datetime": "2025-05-11 05:58:58", "elapsed": 65806.791346, "delta": 96.93315}}
{"target": 49.455633046266634, "params": {"x0": 1.1229516388330776, "x1": 1.591024751721341, "x2": 0.010416206035317541, "x3": 1.9583947934574981, "x4": 0.005857136287714036, "x5": 1.2485167180480672e-88, "x6": 2.6878896417631726, "x7": 11.311933380265081, "x8": 1.4155740673908412, "x9": 1.0253078672082814}, "datetime": {"datetime": "2025-05-11 06:00:34", "elapsed": 65902.802574, "delta": 96.011228}}
{"target": 49.455633046266634, "params": {"x0": 1.1229516388330776, "x1": 1.591024751721341, "x2": 0.010416206035317541, "x3": 1.9583947934574981, "x4": 0.005857136287714036, "x5": 1.2416768444697062e-89, "x6": 2.6878896417631726, "x7": 11.311933380265081, "x8": 1.4155740673908412, "x9": 1.0253078672082814}, "datetime": {"datetime": "2025-05-11 06:02:01", "elapsed": 65989.833177, "delta": 87.030603}}
{"target": 49.455633046266634, "params": {"x0": 1.1229516388330776, "x1": 1.591024751721341, "x2": 0.010416206035317541, "x3": 1.9583947934574981, "x4": 0.005857136287714036, "x5": 2.4382670322404926e-89, "x6": 2.6878896417631726, "x7": 11.311933380265081, "x8": 1.4155740673908412, "x9": 1.0253078672082814}, "datetime": {"datetime": "2025-05-11 06:03:24", "elapsed": 66072.783353, "delta": 82.950176}}
{"target": 49.455633046266634, "params": {"x0": 1.1229516388330776, "x1": 1.591024751721341, "x2": 0.010416206035317541, "x3": 1.9583947934574981, "x4": 0.005857136287714036, "x5": 8.47804505006791e-90, "x6": 2.6878896417631726, "x7": 11.311933380265081, "x8": 1.4155740673908412, "x9": 1.0253078672082814}, "datetime": {"datetime": "2025-05-11 06:05:11", "elapsed": 66179.888019, "delta": 107.104666}}
{"target": 49.455633046266634, "params": {"x0": 1.1229516388330776, "x1": 1.591024751721341, "x2": 0.010416206035317541, "x3": 1.9583947934574981, "x4": 0.005857136287714036, "x5": 8.593981671785302e-89, "x6": 2.6878896417631726, "x7": 11.311933380265081, "x8": 1.4155740673908412, "x9": 1.0253078672082814}, "datetime": {"datetime": "2025-05-11 06:06:50", "elapsed": 66279.651677, "delta": 99.763658}}
{"target": 49.455633046266634, "params": {"x0": 1.1229516388330776, "x1": 1.591024751721341, "x2": 0.010416206035317541, "x3": 1.9583947934574981, "x4": 0.005857136287714036, "x5": 1.2487434970853047e-88, "x6": 2.6878896417631726, "x7": 11.311933380265081, "x8": 1.4155740673908412, "x9": 1.0253078672082814}, "datetime": {"datetime": "2025-05-11 06:08:28", "elapsed": 66377.129352, "delta": 97.477675}}
{"target": 49.455633046266634, "params": {"x0": 1.1229516388330776, "x1": 1.591024751721341, "x2": 0.010416206035317541, "x3": 1.9583947934574981, "x4": 0.005857136287714036, "x5": 3.819425152724065e-89, "x6": 2.6878896417631726, "x7": 11.311933380265081, "x8": 1.4155740673908412, "x9": 1.0253078672082814}, "datetime": {"datetime": "2025-05-11 06:10:46", "elapsed": 66514.751752, "delta": 137.6224}}
{"target": 49.455633046266634, "params": {"x0": 1.1229516388330776, "x1": 1.591024751721341, "x2": 0.010416206035317541, "x3": 1.9583947934574981, "x4": 0.005857136287714036, "x5": 1.940587624403899e-89, "x6": 2.6878896417631726, "x7": 11.311933380265081, "x8": 1.4155740673908412, "x9": 1.0253078672082814}, "datetime": {"datetime": "2025-05-11 06:12:00", "elapsed": 66589.188738, "delta": 74.436986}}
{"target": 49.455633046266634, "params": {"x0": 1.1229516388330776, "x1": 1.591024751721341, "x2": 0.010416206035317541, "x3": 1.9583947934574981, "x4": 0.005857136287714036, "x5": 1.5586024003638046e-89, "x6": 2.6878896417631726, "x7": 11.311933380265081, "x8": 1.4155740673908412, "x9": 1.0253078672082814}, "datetime": {"datetime": "2025-05-11 06:13:25", "elapsed": 66674.549118, "delta": 85.36038}}
{"target": 49.455633046266634, "params": {"x0": 1.1229516388330776, "x1": 1.591024751721341, "x2": 0.010416206035317541, "x3": 1.9583947934574981, "x4": 0.005857136287714036, "x5": 7.184763053336952e-89, "x6": 2.6878896417631726, "x7": 11.311933380265081, "x8": 1.4155740673908412, "x9": 1.0253078672082814}, "datetime": {"datetime": "2025-05-11 06:15:01", "elapsed": 66770.442391, "delta": 95.893273}}
{"target": 49.455633046266634, "params": {"x0": 1.1229516388330776, "x1": 1.591024751721341, "x2": 0.010416206035317541, "x3": 1.9583947934574981, "x4": 0.005857136287714036, "x5": 7.197892046622096e-89, "x6": 2.6878896417631726, "x7": 11.311933380265081, "x8": 1.4155740673908412, "x9": 1.0253078672082814}, "datetime": {"datetime": "2025-05-11 06:16:40", "elapsed": 66869.3884, "delta": 98.946009}}
{"target": 49.455633046266634, "params": {"x0": 1.1229516388330776, "x1": 1.591024751721341, "x2": 0.010416206035317541, "x3": 1.9583947934574981, "x4": 0.005857136287714036, "x5": 3.6529637804905236e-89, "x6": 2.6878896417631726, "x7": 11.311933380265081, "x8": 1.4155740673908412, "x9": 1.0253078672082814}, "datetime": {"datetime": "2025-05-11 06:18:06", "elapsed": 66955.423493, "delta": 86.035093}}
{"target": 49.455633046266634, "params": {"x0": 1.1229516388330776, "x1": 1.591024751721341, "x2": 0.010416206035317541, "x3": 1.9583947934574981, "x4": 0.005857136287714036, "x5": 4.624348950524775e-89, "x6": 2.6878896417631726, "x7": 11.311933380265081, "x8": 1.4155740673908412, "x9": 1.0253078672082814}, "datetime": {"datetime": "2025-05-11 06:19:23", "elapsed": 67031.798218, "delta": 76.374725}}
{"target": 49.455633046266634, "params": {"x0": 1.1229516388330776, "x1": 1.591024751721341, "x2": 0.010416206035317541, "x3": 1.9583947934574981, "x4": 0.005857136287714036, "x5": 6.620231520063027e-90, "x6": 2.6878896417631726, "x7": 11.311933380265081, "x8": 1.4155740673908412, "x9": 1.0253078672082814}, "datetime": {"datetime": "2025-05-11 06:20:43", "elapsed": 67112.071334, "delta": 80.273116}}
{"target": 49.455633046266634, "params": {"x0": 1.1229516388330776, "x1": 1.591024751721341, "x2": 0.010416206035317541, "x3": 1.9583947934574981, "x4": 0.005857136287714036, "x5": 1.9929846028185153e-89, "x6": 2.6878896417631726, "x7": 11.311933380265081, "x8": 1.4155740673908412, "x9": 1.0253078672082814}, "datetime": {"datetime": "2025-05-11 06:22:23", "elapsed": 67211.8922, "delta": 99.820866}}
{"target": 49.455633046266634, "params": {"x0": 1.1229516388330776, "x1": 1.591024751721341, "x2": 0.010416206035317541, "x3": 1.9583947934574981, "x4": 0.005857136287714036, "x5": 4.070098305462199e-89, "x6": 2.6878896417631726, "x7": 11.311933380265081, "x8": 1.4155740673908412, "x9": 1.0253078672082814}, "datetime": {"datetime": "2025-05-11 06:23:35", "elapsed": 67284.650576, "delta": 72.758376}}
{"target": 49.455633046266634, "params": {"x0": 1.1229516388330776, "x1": 1.591024751721341, "x2": 0.010416206035317541, "x3": 1.9583947934574981, "x4": 0.005857136287714036, "x5": 3.1897246031130195e-89, "x6": 2.6878896417631726, "x7": 11.311933380265081, "x8": 1.4155740673908412, "x9": 1.0253078672082814}, "datetime": {"datetime": "2025-05-11 06:24:50", "elapsed": 67359.448503, "delta": 74.797927}}
{"target": 49.455633046266634, "params": {"x0": 1.1229516388330776, "x1": 1.591024751721341, "x2": 0.010416206035317541, "x3": 1.9583947934574981, "x4": 0.005857136287714036, "x5": 2.090730579442836e-89, "x6": 2.6878896417631726, "x7": 11.311933380265081, "x8": 1.4155740673908412, "x9": 1.0253078672082814}, "datetime": {"datetime": "2025-05-11 06:27:23", "elapsed": 67512.03405, "delta": 152.585547}}
{"target": 49.455633046266634, "params": {"x0": 1.1229516388330776, "x1": 1.591024751721341, "x2": 0.010416206035317541, "x3": 1.9583947934574981, "x4": 0.005857136287714036, "x5": 1.0762133320180883e-89, "x6": 2.6878896417631726, "x7": 11.311933380265081, "x8": 1.4155740673908412, "x9": 1.0253078672082814}, "datetime": {"datetime": "2025-05-11 06:28:42", "elapsed": 67591.660979, "delta": 79.626929}}
{"target": 49.455633046266634, "params": {"x0": 1.1229516388330776, "x1": 1.591024751721341, "x2": 0.010416206035317541, "x3": 1.9583947934574981, "x4": 0.005857136287714036, "x5": 7.860143223671233e-90, "x6": 2.6878896417631726, "x7": 11.311933380265081, "x8": 1.4155740673908412, "x9": 1.0253078672082814}, "datetime": {"datetime": "2025-05-11 06:30:07", "elapsed": 67676.547404, "delta": 84.886425}}
{"target": 49.455633046266634, "params": {"x0": 1.1229516388330776, "x1": 1.591024751721341, "x2": 0.010416206035317541, "x3": 1.9583947934574981, "x4": 0.005857136287714036, "x5": 1.6815081155039077e-89, "x6": 2.6878896417631726, "x7": 11.311933380265081, "x8": 1.4155740673908412, "x9": 1.0253078672082814}, "datetime": {"datetime": "2025-05-11 06:31:27", "elapsed": 67756.630725, "delta": 80.083321}}
{"target": 49.455633046266634, "params": {"x0": 1.1229516388330776, "x1": 1.591024751721341, "x2": 0.010416206035317541, "x3": 1.9583947934574981, "x4": 0.005857136287714036, "x5": 2.294606646422751e-89, "x6": 2.6878896417631726, "x7": 11.311933380265081, "x8": 1.4155740673908412, "x9": 1.0253078672082814}, "datetime": {"datetime": "2025-05-11 06:32:43", "elapsed": 67832.664955, "delta": 76.03423}}
{"target": 49.455633046266634, "params": {"x0": 1.1229516388330776, "x1": 1.591024751721341, "x2": 0.010416206035317541, "x3": 1.9583947934574981, "x4": 0.005857136287714036, "x5": 5.608912908639925e-90, "x6": 2.6878896417631726, "x7": 11.311933380265081, "x8": 1.4155740673908412, "x9": 1.0253078672082814}, "datetime": {"datetime": "2025-05-11 06:34:11", "elapsed": 67920.109626, "delta": 87.444671}}
{"target": 49.455633046266634, "params": {"x0": 1.1229516388330776, "x1": 1.591024751721341, "x2": 0.010416206035317541, "x3": 1.9583947934574981, "x4": 0.005857136287714036, "x5": 1.71784794117898e-89, "x6": 2.6878896417631726, "x7": 11.311933380265081, "x8": 1.4155740673908412, "x9": 1.0253078672082814}, "datetime": {"datetime": "2025-05-11 06:36:00", "elapsed": 68028.764899, "delta": 108.655273}}
{"target": 49.455633046266634, "params": {"x0": 1.1229516388330776, "x1": 1.591024751721341, "x2": 0.010416206035317541, "x3": 1.9583947934574981, "x4": 0.005857136287714036, "x5": 9.193604471438053e-90, "x6": 2.6878896417631726, "x7": 11.311933380265081, "x8": 1.4155740673908412, "x9": 1.0253078672082814}, "datetime": {"datetime": "2025-05-11 06:37:34", "elapsed": 68123.167361, "delta": 94.402462}}
{"target": 49.455633046266634, "params": {"x0": 1.1229516388330776, "x1": 1.591024751721341, "x2": 0.010416206035317541, "x3": 1.9583947934574981, "x4": 0.005857136287714036, "x5": 6.6848053310877455e-90, "x6": 2.6878896417631726, "x7": 11.311933380265081, "x8": 1.4155740673908412, "x9": 1.0253078672082814}, "datetime": {"datetime": "2025-05-11 06:39:01", "elapsed": 68210.626203, "delta": 87.458842}}
