{"target": 49.417865585478864, "params": {"x0": 1.122894945551344, "x1": 1.593349121171799, "x2": 0.015337099275690377, "x3": 1.9715654294187843, "x4": 0.0030269438179400705, "x5": 0.0, "x6": 2.7090307419925264, "x7": 11.315696793914702, "x8": 1.4168227704187528, "x9": 1.0282294148831876}, "datetime": {"datetime": "2025-05-10 11:58:30", "elapsed": 979.547084, "delta": 8.142195}}
{"target": 49.432422546202446, "params": {"x0": 1.1229849348874292, "x1": 1.5912360580350189, "x2": 0.013640239537630779, "x3": 1.9670238308114443, "x4": 0.0055998460631891305, "x5": 0.0, "x6": 2.7017407074306803, "x7": 11.312275508778683, "x8": 1.4163921831677488, "x9": 1.0272219846504613}, "datetime": {"datetime": "2025-05-10 11:58:38", "elapsed": 987.646181, "delta": 8.099097}}
{"target": 49.44355757508972, "params": {"x0": 1.122894945551344, "x1": 1.5891229948982388, "x2": 0.01194337979957118, "x3": 1.9624822322041042, "x4": 0.00817274830843819, "x5": 0.0, "x6": 2.694450672868834, "x7": 11.308854223642664, "x8": 1.4159615959167449, "x9": 1.026214554417735}, "datetime": {"datetime": "2025-05-10 11:58:47", "elapsed": 995.814707, "delta": 8.168526}}
{"target": 49.41693263581739, "params": {"x0": 1.1228319530160842, "x1": 1.5870099317614588, "x2": 0.010246520061511583, "x3": 1.9579406335967642, "x4": 0.010745650553687251, "x5": 0.0, "x6": 2.687160638306988, "x7": 11.305432938506645, "x8": 1.4155310086657409, "x9": 1.0252071241850087}, "datetime": {"datetime": "2025-05-10 11:58:55", "elapsed": 1003.949517, "delta": 8.13481}}
{"target": 49.455633046266634, "params": {"x0": 1.1229516388330776, "x1": 1.591024751721341, "x2": 0.010416206035317541, "x3": 1.9583947934574981, "x4": 0.005857136287714036, "x5": 0.0, "x6": 2.6878896417631726, "x7": 11.311933380265081, "x8": 1.4155740673908412, "x9": 1.0253078672082814}, "datetime": {"datetime": "2025-05-10 11:59:03", "elapsed": 1012.160755, "delta": 8.211238}}
{"target": 49.45517152397432, "params": {"x0": 1.1229998281225513, "x1": 1.5926412450209777, "x2": 0.009118108335701949, "x3": 1.954920470522883, "x4": 0.0038888660700985055, "x5": 0.0, "x6": 2.6823127653233603, "x7": 11.314550663394137, "x8": 1.415244668143823, "x9": 1.0245371830802457}, "datetime": {"datetime": "2025-05-10 11:59:11", "elapsed": 1020.265807, "delta": 8.105052}}
{"target": 49.45517152397432, "params": {"x0": 1.1229950091936038, "x1": 1.592479595691014, "x2": 0.009247918105663508, "x3": 1.9552679028163444, "x4": 0.004085693091860058, "x5": 0.0, "x6": 2.6828704529673417, "x7": 11.314288935081231, "x8": 1.415277608068525, "x9": 1.0246142514930492}, "datetime": {"datetime": "2025-05-10 11:59:19", "elapsed": 1028.334818, "delta": 8.069011}}
{"target": 49.45517152397432, "params": {"x0": 1.1229906721575513, "x1": 1.5923341112940468, "x2": 0.009364746898628911, "x3": 1.9555805918804599, "x4": 0.004262837411445456, "x5": 0.0, "x6": 2.6833723718469247, "x7": 11.314053379599615, "x8": 1.4153072540007565, "x9": 1.0246836130645725}, "datetime": {"datetime": "2025-05-10 11:59:27", "elapsed": 1036.346248, "delta": 8.01143}}
{"target": 49.44503282764213, "params": {"x0": 1.1229165088410513, "x1": 1.5898463281059056, "x2": 0.009469892812297775, "x3": 1.9558620120381638, "x4": 0.004422267299072314, "x5": 0.0, "x6": 2.691955184687796, "x7": 11.310025380864001, "x8": 1.4153339353397651, "x9": 1.0247460384789433}, "datetime": {"datetime": "2025-05-10 11:59:35", "elapsed": 1044.582898, "delta": 8.23665}}
{"target": 49.449287602716375, "params": {"x0": 1.122920021840254, "x1": 1.5899641704674492, "x2": 0.011267887936035332, "x3": 1.956115290180097, "x4": 0.004565754197936487, "x5": 0.0, "x6": 2.684230653131012, "x7": 11.313650579726055, "x8": 1.4153579485448726, "x9": 1.0248022213518773}, "datetime": {"datetime": "2025-05-10 11:59:43", "elapsed": 1052.633632, "delta": 8.050734}}
{"target": 49.45517152397432, "params": {"x0": 1.1229231835395364, "x1": 1.5900702285928385, "x2": 0.00964969232467153, "x3": 1.9563432405078371, "x4": 0.004694892406914241, "x5": 0.0, "x6": 2.684596551994228, "x7": 11.313478859779957, "x8": 1.4153795604294694, "x9": 1.0248527859375176}, "datetime": {"datetime": "2025-05-10 11:59:52", "elapsed": 1060.717413, "delta": 8.083781}}
{"target": 49.45517152397432, "params": {"x0": 1.1229260290688905, "x1": 1.5918838225369931, "x2": 0.00972634369573613, "x3": 1.9565483958028034, "x4": 0.0048111167949942205, "x5": 0.0, "x6": 2.684925860971122, "x7": 11.31332431182847, "x8": 1.4153990111256067, "x9": 1.0248982940645939}, "datetime": {"datetime": "2025-05-10 12:00:00", "elapsed": 1068.913596, "delta": 8.196183}}
{"target": 49.45517152397432, "params": {"x0": 1.122974687620846, "x1": 1.591797915455428, "x2": 0.009795329929694271, "x3": 1.9567330355682728, "x4": 0.004915718744266202, "x5": 0.0, "x6": 2.6852222390503275, "x7": 11.31318521867213, "x8": 1.4154165167521302, "x9": 1.0249392513789628}, "datetime": {"datetime": "2025-05-10 12:00:08", "elapsed": 1077.004216, "delta": 8.09062}}
{"target": 49.45517152397432, "params": {"x0": 1.1229723827420692, "x1": 1.5917205990820193, "x2": 0.009857417540256598, "x3": 1.9568992113571952, "x4": 0.0050098604986109855, "x5": 0.0, "x6": 2.6854889793216117, "x7": 11.313060034831425, "x8": 1.4154322718160013, "x9": 1.0249761129618946}, "datetime": {"datetime": "2025-05-10 12:00:16", "elapsed": 1085.122358, "delta": 8.118142}}
{"target": 49.45517152397432, "params": {"x0": 1.1229329693149852, "x1": 1.5903984890967304, "x2": 0.009913296389762693, "x3": 1.9570487695672256, "x4": 0.005094588077521291, "x5": 0.0, "x6": 2.685729045565768, "x7": 11.312947369374792, "x8": 1.4154464513734852, "x9": 1.0250092883865332}, "datetime": {"datetime": "2025-05-10 12:00:24", "elapsed": 1093.257345, "delta": 8.134987}}
{"target": 49.45517152397432, "params": {"x0": 1.1229348362667944, "x1": 1.5915883880834905, "x2": 0.009963587354318178, "x3": 1.9571833719562528, "x4": 0.005170842898540565, "x5": 0.0, "x6": 2.6859451051855086, "x7": 11.31284597046382, "x8": 1.4154592129752208, "x9": 1.025039146268708}, "datetime": {"datetime": "2025-05-10 12:00:32", "elapsed": 1101.462669, "delta": 8.205324}}
{"target": 49.455633046266634, "params": {"x0": 1.1229365165234226, "x1": 1.5905174789954064, "x2": 0.010008849222418114, "x3": 1.9573045141063774, "x4": 0.005239472237457913, "x5": 0.0, "x6": 2.686139558843275, "x7": 11.312754711443947, "x8": 1.4154706984167829, "x9": 1.0250660183626654}, "datetime": {"datetime": "2025-05-10 12:00:41", "elapsed": 1109.738935, "delta": 8.276266}}
{"target": 49.455633046266634, "params": {"x0": 1.1229380287543882, "x1": 1.590568206268, "x2": 0.010049584903708057, "x3": 1.9574135420414895, "x4": 0.0053012386424835245, "x5": 0.0, "x6": 2.6863145671352644, "x7": 11.31267257832606, "x8": 1.4154810353141887, "x9": 1.025090203247227}, "datetime": {"datetime": "2025-05-10 12:00:49", "elapsed": 1117.892985, "delta": 8.15405}}
{"target": 49.455633046266634, "params": {"x0": 1.122939389762257, "x1": 1.591435642629348, "x2": 0.010086247016869006, "x3": 1.9575116671830903, "x4": 0.005356828407006576, "x5": 0.0, "x6": 2.6864720745980555, "x7": 11.312598658519962, "x8": 1.415490338521854, "x9": 1.0251119696433324}, "datetime": {"datetime": "2025-05-10 12:00:57", "elapsed": 1126.392989, "delta": 8.500004}}
{"target": 49.455633046266634, "params": {"x0": 1.1229406146693393, "x1": 1.5906549499041347, "x2": 0.010119242918713859, "x3": 1.957599979810531, "x4": 0.005406859195077322, "x5": 0.0, "x6": 2.6866138313145673, "x7": 11.312532130694475, "x8": 1.4154987114087527, "x9": 1.0251315593998274}, "datetime": {"datetime": "2025-05-10 12:01:05", "elapsed": 1134.682182, "delta": 8.289193}}
{"target": 49.455633046266634, "params": {"x0": 1.122941717085713, "x1": 1.5906919300858553, "x2": 0.010148939230374228, "x3": 1.9576794611752277, "x4": 0.005451886904340993, "x5": 0.0, "x6": 2.6867414123594275, "x7": 11.312472255651535, "x8": 1.4155062470069615, "x9": 1.0251491901806726}, "datetime": {"datetime": "2025-05-10 12:01:14", "elapsed": 1142.939802, "delta": 8.25762}}
{"target": 49.455633046266634, "params": {"x0": 1.1229427092604494, "x1": 1.5913242911932781, "x2": 0.010175665910868558, "x3": 1.9577509944034548, "x4": 0.005492411842678298, "x5": 0.0, "x6": 2.686856235299802, "x7": 11.312418368112889, "x8": 1.4155130290453495, "x9": 1.0251650578834337}, "datetime": {"datetime": "2025-05-10 12:01:22", "elapsed": 1151.011907, "delta": 8.072105}}
{"target": 49.455633046266634, "params": {"x0": 1.1229436022177122, "x1": 1.5907551661965975, "x2": 0.010199719923313456, "x3": 1.957815374308859, "x4": 0.005528884287181872, "x5": 0.0, "x6": 2.686959575946139, "x7": 11.312369869328109, "x8": 1.4155191328798986, "x9": 1.0251793388159183}, "datetime": {"datetime": "2025-05-10 12:01:30", "elapsed": 1159.209286, "delta": 8.197379}}
{"target": 49.455633046266634, "params": {"x0": 1.1229444058792488, "x1": 1.5907821247490719, "x2": 0.010221368534513865, "x3": 1.957873316223723, "x4": 0.005561709487235088, "x5": 0.0, "x6": 2.6870525825278424, "x7": 11.312326220421806, "x8": 1.4155246263309929, "x9": 1.0251921916551547}, "datetime": {"datetime": "2025-05-10 12:01:38", "elapsed": 1167.291444, "delta": 8.082158}}
{"target": 49.455633046266634, "params": {"x0": 1.1229451291746317, "x1": 1.5908063874462988, "x2": 0.010240852284594234, "x3": 1.9579254639471007, "x4": 0.005591252167282983, "x5": 0.0, "x6": 2.6871362884513754, "x7": 11.312286936406133, "x8": 1.4155295704369777, "x9": 1.0252037592104672}, "datetime": {"datetime": "2025-05-10 12:01:46", "elapsed": 1175.41539, "delta": 8.123946}}
{"target": 49.455633046266634, "params": {"x0": 1.1229457801404763, "x1": 1.590828223873803, "x2": 0.010258387659666563, "x3": 1.9579723968981404, "x4": 0.005617840579326088, "x5": 0.0, "x6": 2.6872116237825554, "x7": 11.312251580792028, "x8": 1.415534020132364, "x9": 1.0252141700102488}, "datetime": {"datetime": "2025-05-10 12:01:55", "elapsed": 1183.708355, "delta": 8.292965}}
{"target": 49.455633046266634, "params": {"x0": 1.1229463660097363, "x1": 1.5908478766585568, "x2": 0.010274169497231662, "x3": 1.958014636554076, "x4": 0.005641770150164883, "x5": 0.0, "x6": 2.687279425580617, "x7": 11.312219760739334, "x8": 1.415538024858212, "x9": 1.025223539730052}, "datetime": {"datetime": "2025-05-10 12:02:03", "elapsed": 1191.769155, "delta": 8.0608}}
{"target": 49.455633046266634, "params": {"x0": 1.1229468932920705, "x1": 1.5908655641648353, "x2": 0.01028837315104025, "x3": 1.9580526522444184, "x4": 0.005663306763919798, "x5": 0.0, "x6": 2.6873404471988724, "x7": 11.312191122691909, "x8": 1.4155416291114749, "x9": 1.025231972477875}, "datetime": {"datetime": "2025-05-10 12:02:11", "elapsed": 1199.850547, "delta": 8.081392}}
{"target": 49.455633046266634, "params": {"x0": 1.1229473678461712, "x1": 1.5908814829204858, "x2": 0.010301156439467978, "x3": 1.9580868663657263, "x4": 0.0056826897162992225, "x5": 0.0, "x6": 2.6873953666553025, "x7": 11.312165348449225, "x8": 1.4155448729394113, "x9": 1.0252395619509156}, "datetime": {"datetime": "2025-05-10 12:02:20", "elapsed": 1208.724653, "delta": 8.874106}}
{"target": 49.455633046266634, "params": {"x0": 1.1229477949448619, "x1": 1.5908958098005712, "x2": 0.010312661399052936, "x3": 1.9581176590749034, "x4": 0.005700134373440704, "x5": 0.0, "x6": 2.6874447941660895, "x7": 11.31214215163081, "x8": 1.4155477923845543, "x9": 1.0252463924766522}, "datetime": {"datetime": "2025-05-10 12:02:28", "elapsed": 1217.346542, "delta": 8.621889}}
{"target": 49.455633046266634, "params": {"x0": 1.1229481793336835, "x1": 1.5909087039926484, "x2": 0.010323015862679396, "x3": 1.958145372513163, "x4": 0.005715834564868037, "x5": 0.0, "x6": 2.687489278925798, "x7": 11.312121274494238, "x8": 1.4155504198851832, "x9": 1.0252525399498151}, "datetime": {"datetime": "2025-05-10 12:02:37", "elapsed": 1225.793079, "delta": 8.446537}}
{"target": 49.455633046266634, "params": {"x0": 1.1229485252836229, "x1": 1.5909203087655175, "x2": 0.01033233487994321, "x3": 1.9581703146075964, "x4": 0.005729964737152636, "x5": 0.0, "x6": 2.6875293152095354, "x7": 11.312102485071323, "x8": 1.415552784635749, "x9": 1.0252580726756617}, "datetime": {"datetime": "2025-05-10 12:02:45", "elapsed": 1234.054734, "delta": 8.261655}}
{"target": 49.455633046266634, "params": {"x0": 1.1229488366385683, "x1": 1.5909307530610999, "x2": 0.010340721995480643, "x3": 1.9581927624925866, "x4": 0.005742681892208777, "x5": 0.0, "x6": 2.687565347864899, "x7": 11.312085574590698, "x8": 1.4155549129112581, "x9": 1.0252630521289237}, "datetime": {"datetime": "2025-05-10 12:02:53", "elapsed": 1242.649522, "delta": 8.594788}}
{"target": 49.455633046266634, "params": {"x0": 1.1229491168580192, "x1": 1.590940152927124, "x2": 0.010348270399464333, "x3": 1.9582129655890779, "x4": 0.005754127331759303, "x5": 0.0, "x6": 2.6875977772547266, "x7": 11.312070355158136, "x8": 1.4155568283592164, "x9": 1.0252675336368595}, "datetime": {"datetime": "2025-05-10 12:03:02", "elapsed": 1251.136258, "delta": 8.486736}}
{"target": 49.455633046266634, "params": {"x0": 1.122949369055525, "x1": 1.5909486128065458, "x2": 0.010355063963049653, "x3": 1.9582311483759198, "x4": 0.005764428227354776, "x5": 0.0, "x6": 2.687626963705571, "x7": 11.312056657668832, "x8": 1.415558552262379, "x9": 1.0252715669940016}, "datetime": {"datetime": "2025-05-10 12:03:10", "elapsed": 1259.533976, "delta": 8.397718}}
{"target": 49.455633046266634, "params": {"x0": 1.1229495960332803, "x1": 1.5909562266980253, "x2": 0.010361178170276443, "x3": 1.9582475128840777, "x4": 0.005773699033390702, "x5": 0.0, "x6": 2.687653231511331, "x7": 11.312044329928456, "x8": 1.4155601037752252, "x9": 1.0252751970154297}, "datetime": {"datetime": "2025-05-10 12:03:19", "elapsed": 1267.931017, "delta": 8.397041}}
{"target": 49.455633046266634, "params": {"x0": 1.12294980031326, "x1": 1.5909630792003568, "x2": 0.010366680956780552, "x3": 1.9582622409414197, "x4": 0.005782042758823036, "x5": 0.0, "x6": 2.687676872536515, "x7": 11.312033234962119, "x8": 1.4155615001367867, "x9": 1.0252784640347148}, "datetime": {"datetime": "2025-05-10 12:03:27", "elapsed": 1276.394114, "delta": 8.463097}}
{"target": 49.455633046266634, "params": {"x0": 1.1229499841652417, "x1": 1.5909692464524552, "x2": 0.010371633464634251, "x3": 1.9582754961930275, "x4": 0.005789552111712136, "x5": 0.0, "x6": 2.687698149459181, "x7": 11.312023249492414, "x8": 1.4155627568621922, "x9": 1.0252814043520715}, "datetime": {"datetime": "2025-05-10 12:03:36", "elapsed": 1284.879246, "delta": 8.485132}}
{"target": 49.455633046266634, "params": {"x0": 1.1229501496320253, "x1": 1.5909747969793437, "x2": 0.01037609072170258, "x3": 1.9582874259194747, "x4": 0.005796310529312326, "x5": 0.0, "x6": 2.6877172986895803, "x7": 11.312014262569681, "x8": 1.4155638879150572, "x9": 1.0252840506376923}, "datetime": {"datetime": "2025-05-10 12:03:44", "elapsed": 1293.21506, "delta": 8.335814}}
{"target": 49.455633046266634, "params": {"x0": 1.1229502985521307, "x1": 1.5909797924535436, "x2": 0.010380102253064077, "x3": 1.958298162673277, "x4": 0.005802393105152496, "x5": 0.0, "x6": 2.6877345329969393, "x7": 11.312006174339222, "x8": 1.4155649058626356, "x9": 1.0252864322947512}, "datetime": {"datetime": "2025-05-10 12:03:53", "elapsed": 1301.885468, "delta": 8.670408}}
{"target": 49.455633046266634, "params": {"x0": 1.1229504325802253, "x1": 1.5909842883803231, "x2": 0.010383712631289423, "x3": 1.958307825751699, "x4": 0.0058078674234086506, "x5": 0.0, "x6": 2.687750043873563, "x7": 11.311998894931808, "x8": 1.415565822015456, "x9": 1.0252885757861043}, "datetime": {"datetime": "2025-05-10 12:04:01", "elapsed": 1310.638737, "delta": 8.753269}}
{"target": 49.455633046266634, "params": {"x0": 1.1229505532055106, "x1": 1.590988334714425, "x2": 0.010386961971692235, "x3": 1.958316522522279, "x4": 0.0058127943098391895, "x5": 0.0, "x6": 2.6877640036625237, "x7": 11.311992343465135, "x8": 1.4155666465529946, "x9": 1.025290504928322}, "datetime": {"datetime": "2025-05-10 12:04:10", "elapsed": 1319.202934, "delta": 8.564197}}
{"target": 49.455633046266634, "params": {"x0": 1.1229506617682672, "x1": 1.5909919764151166, "x2": 0.010389886378054766, "x3": 1.958324349615801, "x4": 0.005817228507626674, "x5": 0.0, "x6": 2.6877765674725884, "x7": 11.311986447145129, "x8": 1.4155673886367792, "x9": 1.025292241156318}, "datetime": {"datetime": "2025-05-10 12:04:19", "elapsed": 1327.714638, "delta": 8.511704}}
{"target": 49.455633046266634, "params": {"x0": 1.1229507594747483, "x1": 1.590995253945739, "x2": 0.010392518343781043, "x3": 1.9583313939999707, "x4": 0.00582121928563541, "x5": 0.0, "x6": 2.687787874901647, "x7": 11.311981140457124, "x8": 1.4155680565121855, "x9": 1.0252938037615142}, "datetime": {"datetime": "2025-05-10 12:04:27", "elapsed": 1336.164428, "delta": 8.44979}}
{"target": 49.455633046266634, "params": {"x0": 1.1229508474105812, "x1": 1.5909982037232993, "x2": 0.010394887112934693, "x3": 1.9583377339457233, "x4": 0.005824810985843273, "x5": 0.0, "x6": 2.6877980515877997, "x7": 11.311976364437921, "x8": 1.415568657600051, "x9": 1.025295210106191}, "datetime": {"datetime": "2025-05-10 12:04:35", "elapsed": 1344.659091, "delta": 8.494663}}
{"target": 49.455633046266634, "params": {"x0": 1.1229509265528308, "x1": 1.5910008585231035, "x2": 0.010397019005172977, "x3": 1.9583434398969009, "x4": 0.005828043516030349, "x5": 0.0, "x6": 2.687807210605337, "x7": 11.311972066020637, "x8": 1.41556919857913, "x9": 1.0252964758164}, "datetime": {"datetime": "2025-05-10 12:04:44", "elapsed": 1353.173914, "delta": 8.514823}}
{"target": 49.455633046266634, "params": {"x0": 1.1229509977808556, "x1": 1.5910032478429272, "x2": 0.010398937708187435, "x3": 1.9583485752529606, "x4": 0.005830952793198718, "x5": 0.0, "x6": 2.6878154537211203, "x7": 11.311968197445081, "x8": 1.4155696854603013, "x9": 1.0252976149555881}, "datetime": {"datetime": "2025-05-10 12:04:52", "elapsed": 1361.647557, "delta": 8.473643}}
{"target": 49.455633046266634, "params": {"x0": 1.1229510618860776, "x1": 1.5910053982307686, "x2": 0.010400664540900445, "x3": 1.9583531970734143, "x4": 0.00583357114265025, "x5": 0.0, "x6": 2.6878228725253255, "x7": 11.31196471572708, "x8": 1.415570123653355, "x9": 1.0252986401808575}, "datetime": {"datetime": "2025-05-10 12:05:01", "elapsed": 1370.408805, "delta": 8.761248}}
{"target": 49.455633046266634, "params": {"x0": 1.1229511195807778, "x1": 1.5910073335798258, "x2": 0.010402218690342155, "x3": 1.9583573567118226, "x4": 0.005835927657156628, "x5": 0.0, "x6": 2.6878295494491105, "x7": 11.311961582180881, "x8": 1.4155705180271039, "x9": 1.0252995628836}, "datetime": {"datetime": "2025-05-10 12:05:10", "elapsed": 1379.486158, "delta": 9.077353}}
{"target": 49.455633046266634, "params": {"x0": 1.1229511715060077, "x1": 1.5910090753939774, "x2": 0.010403617424839693, "x3": 1.9583611003863903, "x4": 0.005838048520212369, "x5": 0.0, "x6": 2.6878355586805167, "x7": 11.3119587619893, "x8": 1.4155708729634775, "x9": 1.025300393316068}, "datetime": {"datetime": "2025-05-10 12:05:21", "elapsed": 1390.332094, "delta": 10.845936}}
{"target": 49.455633046266634, "params": {"x0": 1.1229512182387147, "x1": 1.5910106430267137, "x2": 0.010404876285887477, "x3": 1.958364469693501, "x4": 0.005839957296962536, "x5": 0.0, "x6": 2.6878409669887824, "x7": 11.31195622381688, "x8": 1.415571192406214, "x9": 1.0253011407052894}, "datetime": {"datetime": "2025-05-10 12:05:30", "elapsed": 1398.95488, "delta": 8.622786}}
{"target": 49.455633046266634, "params": {"x0": 1.122951260298151, "x1": 1.5910120538961763, "x2": 0.010406009260830485, "x3": 1.9583675020699007, "x4": 0.005841675196037686, "x5": 0.0, "x6": 2.6878458344662213, "x7": 11.311953939461699, "x8": 1.4155714799046766, "x9": 1.0253018133555887}, "datetime": {"datetime": "2025-05-10 12:05:39", "elapsed": 1408.012483, "delta": 9.057603}}
{"target": 49.455633046266634, "params": {"x0": 1.1229512981516436, "x1": 1.5910133236786927, "x2": 0.01040702893827919, "x3": 1.9583702312086604, "x4": 0.005843221305205321, "x5": 0.0, "x6": 2.6878502151959163, "x7": 11.311951883542038, "x8": 1.415571738653293, "x9": 1.025302418740858}, "datetime": {"datetime": "2025-05-10 12:05:47", "elapsed": 1416.638622, "delta": 8.626139}}
{"target": 49.455633046266634, "params": {"x0": 1.122951332219787, "x1": 1.5910144664829577, "x2": 0.010407946647983024, "x3": 1.9583726874335443, "x4": 0.005844612803456193, "x5": 0.0, "x6": 2.687854157852642, "x7": 11.311950033214343, "x8": 1.4155719715270478, "x9": 1.0253029635876003}, "datetime": {"datetime": "2025-05-10 12:05:56", "elapsed": 1425.049129, "delta": 8.410507}}
{"target": 49.455633046266634, "params": {"x0": 1.122951362881116, "x1": 1.591015495006796, "x2": 0.010408772586716476, "x3": 1.9583748980359397, "x4": 0.005845865151881977, "x5": 0.0, "x6": 2.6878577062436952, "x7": 11.311948367919417, "x8": 1.4155721811134272, "x9": 1.0253034539496684}, "datetime": {"datetime": "2025-05-10 12:06:04", "elapsed": 1433.540664, "delta": 8.491535}}
{"target": 49.455633046266634, "params": {"x0": 1.1229513904763122, "x1": 1.5910164206782504, "x2": 0.010409515931576583, "x3": 1.9583768875780956, "x4": 0.0058469922654651825, "x5": 0.0, "x6": 2.6878608997956426, "x7": 11.311946869153983, "x8": 1.4155723697411686, "x9": 1.0253038952755296}, "datetime": {"datetime": "2025-05-10 12:06:13", "elapsed": 1442.510477, "delta": 8.969813}}
{"target": 49.455633046266634, "params": {"x0": 1.1229514153119888, "x1": 1.5910172537825595, "x2": 0.010410184941950678, "x3": 1.9583786781660357, "x4": 0.005848006667690068, "x5": 0.0, "x6": 2.6878637739923956, "x7": 11.311945520265093, "x8": 1.4155725395061358, "x9": 1.0253042924688047}, "datetime": {"datetime": "2025-05-10 12:06:22", "elapsed": 1451.277845, "delta": 8.767368}}
