{"target": 49.455633046266634, "params": {"x0": 1.1229516388330776, "x1": 1.591024751721341, "x2": 0.010416206035317184, "x3": 1.9583947934574988, "x4": 0.005857136287713516, "x5": 6.999597772468327e-16, "x6": 2.6878896417631717, "x7": 11.311933380265081, "x8": 1.4155740673908415, "x9": 1.0253078672082812}, "datetime": {"datetime": "2025-05-10 12:40:14", "elapsed": 3483.535395, "delta": 10.658413}}
{"target": 49.455633046266634, "params": {"x0": 1.1229516388330776, "x1": 1.5910247517213414, "x2": 0.010416206035317503, "x3": 1.9583947934574986, "x4": 0.005857136287713174, "x5": 1.2996573527761824e-15, "x6": 2.6878896417631726, "x7": 11.31193338026508, "x8": 1.415574067390841, "x9": 1.025307867208281}, "datetime": {"datetime": "2025-05-10 12:40:24", "elapsed": 3493.631152, "delta": 10.095757}}
{"target": 49.455633046266634, "params": {"x0": 1.1229516388330776, "x1": 1.5910247517213414, "x2": 0.010416206035317874, "x3": 1.9583947934574986, "x4": 0.005857136287714349, "x5": 8.985359251242562e-16, "x6": 2.6878896417631744, "x7": 11.311933380265083, "x8": 1.4155740673908412, "x9": 1.0253078672082814}, "datetime": {"datetime": "2025-05-10 12:40:34", "elapsed": 3503.586168, "delta": 9.955016}}
{"target": 49.455633046266634, "params": {"x0": 1.1229516388330776, "x1": 1.5910247517213403, "x2": 0.010416206035317323, "x3": 1.9583947934574975, "x4": 0.005857136287714375, "x5": 9.601736366219752e-16, "x6": 2.687889641763172, "x7": 11.311933380265083, "x8": 1.4155740673908412, "x9": 1.0253078672082812}, "datetime": {"datetime": "2025-05-10 12:40:45", "elapsed": 3513.971382, "delta": 10.385214}}
{"target": 49.455633046266634, "params": {"x0": 1.1229516388330776, "x1": 1.5910247517213405, "x2": 0.010416206035317677, "x3": 1.9583947934574975, "x4": 0.0058571362877145716, "x5": 3.5541759611027484e-16, "x6": 2.6878896417631726, "x7": 11.311933380265081, "x8": 1.4155740673908412, "x9": 1.0253078672082814}, "datetime": {"datetime": "2025-05-10 12:40:55", "elapsed": 3524.353361, "delta": 10.381979}}
{"target": 49.455633046266634, "params": {"x0": 1.1229516388330776, "x1": 1.5910247517213407, "x2": 0.010416206035317493, "x3": 1.9583947934574977, "x4": 0.005857136287713684, "x5": 4.02300918822242e-16, "x6": 2.6878896417631712, "x7": 11.311933380265081, "x8": 1.4155740673908412, "x9": 1.0253078672082816}, "datetime": {"datetime": "2025-05-10 12:41:07", "elapsed": 3535.769468, "delta": 11.416107}}
{"target": 49.455633046266634, "params": {"x0": 1.1229516388330776, "x1": 1.5910247517213407, "x2": 0.010416206035317397, "x3": 1.9583947934574988, "x4": 0.00585713628771451, "x5": 3.12523047531698e-16, "x6": 2.6878896417631735, "x7": 11.311933380265081, "x8": 1.4155740673908412, "x9": 1.0253078672082814}, "datetime": {"datetime": "2025-05-10 12:41:16", "elapsed": 3545.595783, "delta": 9.826315}}
{"target": 49.455633046266634, "params": {"x0": 1.1229516388330776, "x1": 1.591024751721341, "x2": 0.010416206035317373, "x3": 1.9583947934574975, "x4": 0.005857136287713706, "x5": 1.427537714844152e-16, "x6": 2.6878896417631717, "x7": 11.311933380265081, "x8": 1.4155740673908412, "x9": 1.0253078672082814}, "datetime": {"datetime": "2025-05-10 12:41:27", "elapsed": 3556.25821, "delta": 10.662427}}
{"target": 49.455633046266634, "params": {"x0": 1.1229516388330776, "x1": 1.5910247517213414, "x2": 0.010416206035317429, "x3": 1.9583947934574981, "x4": 0.005857136287713702, "x5": 6.254820666791199e-16, "x6": 2.6878896417631735, "x7": 11.311933380265081, "x8": 1.4155740673908412, "x9": 1.0253078672082814}, "datetime": {"datetime": "2025-05-10 12:41:38", "elapsed": 3566.855592, "delta": 10.597382}}
{"target": 49.455633046266634, "params": {"x0": 1.1229516388330776, "x1": 1.5910247517213412, "x2": 0.0104162060353176, "x3": 1.958394793457498, "x4": 0.005857136287714337, "x5": 6.436009085086659e-17, "x6": 2.6878896417631717, "x7": 11.311933380265081, "x8": 1.4155740673908412, "x9": 1.0253078672082816}, "datetime": {"datetime": "2025-05-10 12:41:49", "elapsed": 3578.139251, "delta": 11.283659}}
{"target": 49.455633046266634, "params": {"x0": 1.1229516388330776, "x1": 1.5910247517213412, "x2": 0.010416206035317573, "x3": 1.958394793457498, "x4": 0.0058571362877139314, "x5": 3.958310430800141e-16, "x6": 2.687889641763173, "x7": 11.311933380265081, "x8": 1.4155740673908412, "x9": 1.0253078672082814}, "datetime": {"datetime": "2025-05-10 12:41:59", "elapsed": 3588.334502, "delta": 10.195251}}
{"target": 49.455633046266634, "params": {"x0": 1.1229516388330776, "x1": 1.591024751721341, "x2": 0.010416206035317432, "x3": 1.9583947934574981, "x4": 0.005857136287713896, "x5": 3.415861010765479e-16, "x6": 2.6878896417631735, "x7": 11.311933380265081, "x8": 1.4155740673908412, "x9": 1.0253078672082812}, "datetime": {"datetime": "2025-05-10 12:42:10", "elapsed": 3598.750937, "delta": 10.416435}}
{"target": 49.455633046266634, "params": {"x0": 1.1229516388330776, "x1": 1.5910247517213407, "x2": 0.010416206035317385, "x3": 1.9583947934574981, "x4": 0.005857136287714216, "x5": 6.977292117703185e-17, "x6": 2.6878896417631726, "x7": 11.311933380265081, "x8": 1.4155740673908412, "x9": 1.0253078672082814}, "datetime": {"datetime": "2025-05-10 12:42:20", "elapsed": 3609.587266, "delta": 10.836329}}
{"target": 49.455633046266634, "params": {"x0": 1.1229516388330776, "x1": 1.5910247517213412, "x2": 0.010416206035317606, "x3": 1.9583947934574986, "x4": 0.005857136287714253, "x5": 3.9590273430188436e-16, "x6": 2.6878896417631717, "x7": 11.311933380265081, "x8": 1.4155740673908412, "x9": 1.0253078672082814}, "datetime": {"datetime": "2025-05-10 12:42:30", "elapsed": 3619.102843, "delta": 9.515577}}
{"target": 49.455633046266634, "params": {"x0": 1.1229516388330776, "x1": 1.5910247517213407, "x2": 0.010416206035317423, "x3": 1.9583947934574981, "x4": 0.005857136287714199, "x5": 1.7025864228015364e-16, "x6": 2.687889641763172, "x7": 11.311933380265081, "x8": 1.4155740673908412, "x9": 1.0253078672082814}, "datetime": {"datetime": "2025-05-10 12:42:41", "elapsed": 3630.212196, "delta": 11.109353}}
{"target": 49.455633046266634, "params": {"x0": 1.1229516388330776, "x1": 1.591024751721341, "x2": 0.010416206035317592, "x3": 1.9583947934574977, "x4": 0.005857136287714052, "x5": 1.874926086651573e-16, "x6": 2.6878896417631726, "x7": 11.311933380265081, "x8": 1.4155740673908412, "x9": 1.0253078672082814}, "datetime": {"datetime": "2025-05-10 12:42:52", "elapsed": 3641.160664, "delta": 10.948468}}
{"target": 49.455633046266634, "params": {"x0": 1.1229516388330776, "x1": 1.591024751721341, "x2": 0.010416206035317652, "x3": 1.9583947934574981, "x4": 0.005857136287714068, "x5": 5.899565523224e-17, "x6": 2.687889641763172, "x7": 11.311933380265081, "x8": 1.4155740673908412, "x9": 1.0253078672082814}, "datetime": {"datetime": "2025-05-10 12:43:02", "elapsed": 3651.206673, "delta": 10.046009}}
{"target": 49.455633046266634, "params": {"x0": 1.1229516388330776, "x1": 1.5910247517213412, "x2": 0.01041620603531744, "x3": 1.958394793457498, "x4": 0.005857136287713941, "x5": 7.852584720376867e-17, "x6": 2.6878896417631726, "x7": 11.311933380265081, "x8": 1.4155740673908412, "x9": 1.0253078672082814}, "datetime": {"datetime": "2025-05-10 12:43:12", "elapsed": 3661.574017, "delta": 10.367344}}
{"target": 49.455633046266634, "params": {"x0": 1.1229516388330776, "x1": 1.5910247517213412, "x2": 0.010416206035317595, "x3": 1.9583947934574981, "x4": 0.0058571362877140164, "x5": 1.9521264413559623e-16, "x6": 2.687889641763172, "x7": 11.311933380265081, "x8": 1.4155740673908412, "x9": 1.0253078672082814}, "datetime": {"datetime": "2025-05-10 12:43:23", "elapsed": 3671.906895, "delta": 10.332878}}
{"target": 49.455633046266634, "params": {"x0": 1.1229516388330776, "x1": 1.591024751721341, "x2": 0.010416206035317496, "x3": 1.9583947934574981, "x4": 0.0058571362877139176, "x5": 2.2736180657090012e-17, "x6": 2.6878896417631726, "x7": 11.311933380265081, "x8": 1.4155740673908412, "x9": 1.0253078672082814}, "datetime": {"datetime": "2025-05-10 12:43:33", "elapsed": 3681.818392, "delta": 9.911497}}
{"target": 49.455633046266634, "params": {"x0": 1.1229516388330776, "x1": 1.591024751721341, "x2": 0.010416206035317468, "x3": 1.9583947934574981, "x4": 0.005857136287714028, "x5": 3.736097110756198e-17, "x6": 2.687889641763173, "x7": 11.311933380265081, "x8": 1.4155740673908412, "x9": 1.0253078672082814}, "datetime": {"datetime": "2025-05-10 12:43:44", "elapsed": 3693.057392, "delta": 11.239}}
{"target": 49.455633046266634, "params": {"x0": 1.1229516388330776, "x1": 1.591024751721341, "x2": 0.010416206035317482, "x3": 1.958394793457498, "x4": 0.005857136287714127, "x5": 5.810816390329889e-17, "x6": 2.687889641763173, "x7": 11.311933380265081, "x8": 1.4155740673908412, "x9": 1.0253078672082814}, "datetime": {"datetime": "2025-05-10 12:43:56", "elapsed": 3704.798192, "delta": 11.7408}}
{"target": 49.455633046266634, "params": {"x0": 1.1229516388330776, "x1": 1.591024751721341, "x2": 0.010416206035317482, "x3": 1.958394793457498, "x4": 0.00585713628771403, "x5": 5.3382400534480624e-17, "x6": 2.6878896417631726, "x7": 11.311933380265081, "x8": 1.4155740673908412, "x9": 1.0253078672082814}, "datetime": {"datetime": "2025-05-10 12:44:06", "elapsed": 3715.581285, "delta": 10.783093}}
{"target": 49.455633046266634, "params": {"x0": 1.1229516388330776, "x1": 1.591024751721341, "x2": 0.01041620603531749, "x3": 1.9583947934574981, "x4": 0.0058571362877139705, "x5": 3.8580772790604185e-17, "x6": 2.6878896417631726, "x7": 11.311933380265081, "x8": 1.4155740673908412, "x9": 1.0253078672082814}, "datetime": {"datetime": "2025-05-10 12:44:17", "elapsed": 3726.137554, "delta": 10.556269}}
{"target": 49.455633046266634, "params": {"x0": 1.1229516388330776, "x1": 1.591024751721341, "x2": 0.010416206035317507, "x3": 1.9583947934574983, "x4": 0.00585713628771408, "x5": 3.0138367119409286e-17, "x6": 2.6878896417631726, "x7": 11.311933380265081, "x8": 1.4155740673908412, "x9": 1.0253078672082814}, "datetime": {"datetime": "2025-05-10 12:44:27", "elapsed": 3736.604284, "delta": 10.46673}}
{"target": 49.455633046266634, "params": {"x0": 1.1229516388330776, "x1": 1.591024751721341, "x2": 0.010416206035317583, "x3": 1.9583947934574983, "x4": 0.0058571362877140295, "x5": 1.0485738375837112e-16, "x6": 2.6878896417631726, "x7": 11.311933380265081, "x8": 1.4155740673908412, "x9": 1.0253078672082814}, "datetime": {"datetime": "2025-05-10 12:44:37", "elapsed": 3746.683435, "delta": 10.079151}}
{"target": 49.455633046266634, "params": {"x0": 1.1229516388330776, "x1": 1.591024751721341, "x2": 0.010416206035317555, "x3": 1.9583947934574981, "x4": 0.005857136287714005, "x5": 3.655259099764032e-17, "x6": 2.6878896417631726, "x7": 11.311933380265081, "x8": 1.4155740673908412, "x9": 1.0253078672082814}, "datetime": {"datetime": "2025-05-10 12:44:48", "elapsed": 3756.884665, "delta": 10.20123}}
{"target": 49.455633046266634, "params": {"x0": 1.1229516388330776, "x1": 1.591024751721341, "x2": 0.010416206035317541, "x3": 1.9583947934574981, "x4": 0.005857136287714049, "x5": 6.649411573447513e-17, "x6": 2.6878896417631726, "x7": 11.311933380265081, "x8": 1.4155740673908412, "x9": 1.0253078672082814}, "datetime": {"datetime": "2025-05-10 12:45:00", "elapsed": 3769.512964, "delta": 12.628299}}
{"target": 49.455633046266634, "params": {"x0": 1.1229516388330776, "x1": 1.591024751721341, "x2": 0.010416206035317564, "x3": 1.9583947934574981, "x4": 0.0058571362877140355, "x5": 3.679182999827195e-17, "x6": 2.6878896417631726, "x7": 11.311933380265081, "x8": 1.4155740673908412, "x9": 1.0253078672082814}, "datetime": {"datetime": "2025-05-10 12:45:11", "elapsed": 3780.355591, "delta": 10.842627}}
{"target": 49.455633046266634, "params": {"x0": 1.1229516388330776, "x1": 1.591024751721341, "x2": 0.010416206035317531, "x3": 1.9583947934574981, "x4": 0.00585713628771405, "x5": 8.04242536635131e-17, "x6": 2.6878896417631726, "x7": 11.311933380265081, "x8": 1.4155740673908412, "x9": 1.0253078672082814}, "datetime": {"datetime": "2025-05-10 12:45:21", "elapsed": 3790.373833, "delta": 10.018242}}
{"target": 49.455633046266634, "params": {"x0": 1.1229516388330776, "x1": 1.591024751721341, "x2": 0.010416206035317557, "x3": 1.9583947934574981, "x4": 0.005857136287714071, "x5": 3.463224510982744e-17, "x6": 2.6878896417631726, "x7": 11.311933380265081, "x8": 1.4155740673908412, "x9": 1.0253078672082814}, "datetime": {"datetime": "2025-05-10 12:45:31", "elapsed": 3800.45705, "delta": 10.083217}}
{"target": 49.455633046266634, "params": {"x0": 1.1229516388330776, "x1": 1.591024751721341, "x2": 0.01041620603531755, "x3": 1.9583947934574981, "x4": 0.005857136287714072, "x5": 5.453095697786665e-18, "x6": 2.6878896417631726, "x7": 11.311933380265081, "x8": 1.4155740673908412, "x9": 1.0253078672082814}, "datetime": {"datetime": "2025-05-10 12:45:43", "elapsed": 3811.72897, "delta": 11.27192}}
{"target": 49.455633046266634, "params": {"x0": 1.1229516388330776, "x1": 1.591024751721341, "x2": 0.010416206035317562, "x3": 1.9583947934574981, "x4": 0.005857136287714064, "x5": 3.460356090315683e-17, "x6": 2.6878896417631726, "x7": 11.311933380265081, "x8": 1.4155740673908412, "x9": 1.0253078672082814}, "datetime": {"datetime": "2025-05-10 12:45:53", "elapsed": 3822.260828, "delta": 10.531858}}
{"target": 49.455633046266634, "params": {"x0": 1.1229516388330776, "x1": 1.591024751721341, "x2": 0.010416206035317559, "x3": 1.9583947934574981, "x4": 0.005857136287714066, "x5": 2.8740119843759863e-17, "x6": 2.6878896417631726, "x7": 11.311933380265081, "x8": 1.4155740673908412, "x9": 1.0253078672082814}, "datetime": {"datetime": "2025-05-10 12:46:03", "elapsed": 3832.549343, "delta": 10.288515}}
{"target": 49.455633046266634, "params": {"x0": 1.1229516388330776, "x1": 1.591024751721341, "x2": 0.010416206035317548, "x3": 1.9583947934574981, "x4": 0.00585713628771402, "x5": 8.172251591822868e-18, "x6": 2.6878896417631726, "x7": 11.311933380265081, "x8": 1.4155740673908412, "x9": 1.0253078672082814}, "datetime": {"datetime": "2025-05-10 12:46:15", "elapsed": 3844.045643, "delta": 11.4963}}
{"target": 49.455633046266634, "params": {"x0": 1.1229516388330776, "x1": 1.591024751721341, "x2": 0.010416206035317552, "x3": 1.9583947934574981, "x4": 0.005857136287714022, "x5": 5.664998419616194e-18, "x6": 2.6878896417631726, "x7": 11.311933380265081, "x8": 1.4155740673908412, "x9": 1.0253078672082814}, "datetime": {"datetime": "2025-05-10 12:46:25", "elapsed": 3854.438027, "delta": 10.392384}}
{"target": 49.455633046266634, "params": {"x0": 1.1229516388330776, "x1": 1.591024751721341, "x2": 0.01041620603531755, "x3": 1.9583947934574981, "x4": 0.005857136287714015, "x5": 4.071402292538659e-17, "x6": 2.6878896417631726, "x7": 11.311933380265081, "x8": 1.4155740673908412, "x9": 1.0253078672082814}, "datetime": {"datetime": "2025-05-10 12:46:36", "elapsed": 3864.774856, "delta": 10.336829}}
{"target": 49.455633046266634, "params": {"x0": 1.1229516388330776, "x1": 1.591024751721341, "x2": 0.010416206035317545, "x3": 1.9583947934574981, "x4": 0.0058571362877140164, "x5": 2.878038654154278e-17, "x6": 2.6878896417631726, "x7": 11.311933380265081, "x8": 1.4155740673908412, "x9": 1.0253078672082814}, "datetime": {"datetime": "2025-05-10 12:46:47", "elapsed": 3876.000635, "delta": 11.225779}}
{"target": 49.455633046266634, "params": {"x0": 1.1229516388330776, "x1": 1.591024751721341, "x2": 0.010416206035317552, "x3": 1.9583947934574981, "x4": 0.0058571362877140485, "x5": 8.393053633494596e-18, "x6": 2.6878896417631726, "x7": 11.311933380265081, "x8": 1.4155740673908412, "x9": 1.0253078672082814}, "datetime": {"datetime": "2025-05-10 12:46:58", "elapsed": 3886.89507, "delta": 10.894435}}
{"target": 49.455633046266634, "params": {"x0": 1.1229516388330776, "x1": 1.591024751721341, "x2": 0.010416206035317548, "x3": 1.9583947934574981, "x4": 0.005857136287714038, "x5": 1.3230725801270965e-18, "x6": 2.6878896417631726, "x7": 11.311933380265081, "x8": 1.4155740673908412, "x9": 1.0253078672082814}, "datetime": {"datetime": "2025-05-10 12:47:08", "elapsed": 3897.64376, "delta": 10.74869}}
{"target": 49.455633046266634, "params": {"x0": 1.1229516388330776, "x1": 1.591024751721341, "x2": 0.010416206035317547, "x3": 1.9583947934574981, "x4": 0.0058571362877140295, "x5": 1.4094050625988097e-17, "x6": 2.6878896417631726, "x7": 11.311933380265081, "x8": 1.4155740673908412, "x9": 1.0253078672082814}, "datetime": {"datetime": "2025-05-10 12:47:19", "elapsed": 3907.939887, "delta": 10.296127}}
{"target": 49.455633046266634, "params": {"x0": 1.1229516388330776, "x1": 1.591024751721341, "x2": 0.010416206035317543, "x3": 1.9583947934574981, "x4": 0.005857136287714036, "x5": 1.7745878695353163e-17, "x6": 2.6878896417631726, "x7": 11.311933380265081, "x8": 1.4155740673908412, "x9": 1.0253078672082814}, "datetime": {"datetime": "2025-05-10 12:47:29", "elapsed": 3918.579957, "delta": 10.64007}}
{"target": 49.455633046266634, "params": {"x0": 1.1229516388330776, "x1": 1.591024751721341, "x2": 0.010416206035317543, "x3": 1.9583947934574981, "x4": 0.005857136287714039, "x5": 7.03876119104703e-18, "x6": 2.6878896417631726, "x7": 11.311933380265081, "x8": 1.4155740673908412, "x9": 1.0253078672082814}, "datetime": {"datetime": "2025-05-10 12:47:39", "elapsed": 3928.558113, "delta": 9.978156}}
{"target": 49.455633046266634, "params": {"x0": 1.1229516388330776, "x1": 1.591024751721341, "x2": 0.010416206035317547, "x3": 1.9583947934574981, "x4": 0.005857136287714033, "x5": 7.182817657897208e-18, "x6": 2.6878896417631726, "x7": 11.311933380265081, "x8": 1.4155740673908412, "x9": 1.0253078672082814}, "datetime": {"datetime": "2025-05-10 12:47:50", "elapsed": 3939.679148, "delta": 11.121035}}
{"target": 49.455633046266634, "params": {"x0": 1.1229516388330776, "x1": 1.591024751721341, "x2": 0.010416206035317536, "x3": 1.9583947934574981, "x4": 0.005857136287714028, "x5": 2.7896611330068706e-18, "x6": 2.6878896417631726, "x7": 11.311933380265081, "x8": 1.4155740673908412, "x9": 1.0253078672082814}, "datetime": {"datetime": "2025-05-10 12:48:01", "elapsed": 3950.491338, "delta": 10.81219}}
{"target": 49.455633046266634, "params": {"x0": 1.1229516388330776, "x1": 1.591024751721341, "x2": 0.010416206035317545, "x3": 1.9583947934574981, "x4": 0.005857136287714032, "x5": 1.543450732334062e-17, "x6": 2.6878896417631726, "x7": 11.311933380265081, "x8": 1.4155740673908412, "x9": 1.0253078672082814}, "datetime": {"datetime": "2025-05-10 12:48:12", "elapsed": 3961.348655, "delta": 10.857317}}
{"target": 49.455633046266634, "params": {"x0": 1.1229516388330776, "x1": 1.591024751721341, "x2": 0.010416206035317547, "x3": 1.9583947934574981, "x4": 0.005857136287714035, "x5": 1.6073628798840419e-18, "x6": 2.6878896417631726, "x7": 11.311933380265081, "x8": 1.4155740673908412, "x9": 1.0253078672082814}, "datetime": {"datetime": "2025-05-10 12:48:23", "elapsed": 3971.791681, "delta": 10.443026}}
{"target": 49.455633046266634, "params": {"x0": 1.1229516388330776, "x1": 1.591024751721341, "x2": 0.01041620603531754, "x3": 1.9583947934574981, "x4": 0.00585713628771403, "x5": 4.124204462801275e-18, "x6": 2.6878896417631726, "x7": 11.311933380265081, "x8": 1.4155740673908412, "x9": 1.0253078672082814}, "datetime": {"datetime": "2025-05-10 12:48:33", "elapsed": 3982.670835, "delta": 10.879154}}
{"target": 49.455633046266634, "params": {"x0": 1.1229516388330776, "x1": 1.591024751721341, "x2": 0.010416206035317543, "x3": 1.9583947934574981, "x4": 0.0058571362877140425, "x5": 2.3254509152652736e-18, "x6": 2.6878896417631726, "x7": 11.311933380265081, "x8": 1.4155740673908412, "x9": 1.0253078672082814}, "datetime": {"datetime": "2025-05-10 12:48:45", "elapsed": 3993.773453, "delta": 11.102618}}
{"target": 49.455633046266634, "params": {"x0": 1.1229516388330776, "x1": 1.591024751721341, "x2": 0.010416206035317543, "x3": 1.9583947934574981, "x4": 0.005857136287714038, "x5": 7.159700204816395e-18, "x6": 2.6878896417631726, "x7": 11.311933380265081, "x8": 1.4155740673908412, "x9": 1.0253078672082814}, "datetime": {"datetime": "2025-05-10 12:48:55", "elapsed": 4004.695436, "delta": 10.921983}}
{"target": 49.455633046266634, "params": {"x0": 1.1229516388330776, "x1": 1.591024751721341, "x2": 0.010416206035317541, "x3": 1.9583947934574981, "x4": 0.005857136287714034, "x5": 5.1225443875626115e-18, "x6": 2.6878896417631726, "x7": 11.311933380265081, "x8": 1.4155740673908412, "x9": 1.0253078672082814}, "datetime": {"datetime": "2025-05-10 12:49:06", "elapsed": 4015.183204, "delta": 10.487768}}
{"target": 49.455633046266634, "params": {"x0": 1.1229516388330776, "x1": 1.591024751721341, "x2": 0.01041620603531754, "x3": 1.9583947934574981, "x4": 0.005857136287714036, "x5": 1.4604280359271509e-18, "x6": 2.6878896417631726, "x7": 11.311933380265081, "x8": 1.4155740673908412, "x9": 1.0253078672082814}, "datetime": {"datetime": "2025-05-10 12:49:16", "elapsed": 4025.226126, "delta": 10.042922}}
{"target": 49.455633046266634, "params": {"x0": 1.1229516388330776, "x1": 1.591024751721341, "x2": 0.010416206035317541, "x3": 1.9583947934574981, "x4": 0.005857136287714033, "x5": 1.1645607868650939e-18, "x6": 2.6878896417631726, "x7": 11.311933380265081, "x8": 1.4155740673908412, "x9": 1.0253078672082814}, "datetime": {"datetime": "2025-05-10 12:49:26", "elapsed": 4035.263462, "delta": 10.037336}}
{"target": 49.455633046266634, "params": {"x0": 1.1229516388330776, "x1": 1.591024751721341, "x2": 0.01041620603531754, "x3": 1.9583947934574981, "x4": 0.005857136287714034, "x5": 1.132502334984122e-18, "x6": 2.6878896417631726, "x7": 11.311933380265081, "x8": 1.4155740673908412, "x9": 1.0253078672082814}, "datetime": {"datetime": "2025-05-10 12:49:38", "elapsed": 4047.581917, "delta": 12.318455}}
