{"target": 27.44272719903672, "params": {"x0": 1.0116755222362053, "x1": 2.2529718518609854, "x2": 0.4139541422512724, "x3": 0.5362913493090936, "x4": 0.24152365461174188, "x5": 2.41617437213164, "x6": 4.531351183659692, "x7": 13.974547690218385, "x8": 1.124688722083532, "x9": 1.0}, "datetime": {"datetime": "2025-05-10 11:50:15", "elapsed": 483.76497, "delta": 8.281834}}
{"target": 27.251903311691745, "params": {"x0": 1.003680043874597, "x1": 1.654899996774008, "x2": 0.8966018898070354, "x3": 1.1032759146406301, "x4": 0.03421279975124576, "x5": 2.2348227210891705, "x6": 4.216301193576132, "x7": 13.807957937650047, "x8": 1.1799070157740041, "x9": 1.0}, "datetime": {"datetime": "2025-05-10 11:50:23", "elapsed": 492.301851, "delta": 8.536881}}
{"target": 24.493208467586044, "params": {"x0": 0.9470842166559998, "x1": 1.9014567374383349, "x2": 0.23302242322495534, "x3": 1.5579218053875168, "x4": 0.09469655337833936, "x5": 1.8459101027393172, "x6": 4.354338867289338, "x7": 14.060728511867833, "x8": 0.7971538392331987, "x9": 1.0}, "datetime": {"datetime": "2025-05-10 11:50:32", "elapsed": 501.056522, "delta": 8.754671}}
{"target": 28.07959028422647, "params": {"x0": 1.0907056848314902, "x1": 2.292300992263473, "x2": 0.3257778635250715, "x3": 1.184131333313607, "x4": 0.5522003583846549, "x5": 2.2597177559058474, "x6": 3.910181770771726, "x7": 13.604710575251381, "x8": 1.4843638560758532, "x9": 1.0}, "datetime": {"datetime": "2025-05-10 11:50:40", "elapsed": 509.496731, "delta": 8.440209}}
{"target": 16.942072817223764, "params": {"x0": 1.0839025626547565, "x1": 2.617480127818344, "x2": 0.0, "x3": 1.1824682546927396, "x4": 0.6336538349088285, "x5": 1.9341870095906453, "x6": 4.84533970827627, "x7": 13.997318980731714, "x8": 1.4518118026464644, "x9": 1.0}, "datetime": {"datetime": "2025-05-10 11:50:49", "elapsed": 518.037308, "delta": 8.540577}}
{"target": 20.623186102645185, "params": {"x0": 1.077779752695696, "x1": 1.726274814501342, "x2": 0.07179776125496705, "x3": 0.5574331113746459, "x4": 0.022427930992481443, "x5": 1.8224554525499157, "x6": 3.819537646100284, "x7": 13.694610869511514, "x8": 1.4225149545600142, "x9": 1.0}, "datetime": {"datetime": "2025-05-10 11:50:58", "elapsed": 526.741238, "delta": 8.70393}}
{"target": 16.359206994118086, "params": {"x0": 1.0722692237325417, "x1": 1.9311263447660938, "x2": 0.5385442380963459, "x3": 1.366086035331937, "x4": 0.6067345394655749, "x5": 3.0009001323250053, "x6": 4.476678743662981, "x7": 13.430952222914259, "x8": 0.9215388522817192, "x9": 1.0}, "datetime": {"datetime": "2025-05-10 11:51:06", "elapsed": 535.280608, "delta": 8.53937}}
{"target": 19.548749858645998, "params": {"x0": 1.0673097476657027, "x1": 2.1409067416624006, "x2": 1.113983986730324, "x3": 0.8602794591007825, "x4": 0.5839603139658237, "x5": 1.6628712078633232, "x6": 4.438927204459634, "x7": 13.580587468370453, "x8": 1.3724173443321848, "x9": 1.0}, "datetime": {"datetime": "2025-05-10 11:51:15", "elapsed": 544.313908, "delta": 9.0333}}
{"target": 28.387016094963794, "params": {"x0": 0.9825027069227575, "x1": 2.1536126084184857, "x2": 0.5240636933054698, "x3": 1.2011815402109665, "x4": 0.0, "x5": 2.2822138926692848, "x6": 4.471553760231037, "x7": 13.75908108786215, "x8": 1.3510599420771627, "x9": 1.1737628047323225}, "datetime": {"datetime": "2025-05-10 11:51:24", "elapsed": 552.953096, "delta": 8.639188}}
{"target": 25.773231732311103, "params": {"x0": 0.986519882536897, "x1": 2.180732601502328, "x2": 0.4166803893133592, "x3": 0.9849420556228115, "x4": 0.27560694644141487, "x5": 2.278158170774808, "x6": 3.8942577875096736, "x7": 13.959993372664618, "x8": 0.9858483635162856, "x9": 1.0}, "datetime": {"datetime": "2025-05-10 11:51:33", "elapsed": 561.763083, "delta": 8.809987}}
{"target": 26.325901629236917, "params": {"x0": 1.0552135855386828, "x1": 1.4323440503844278, "x2": 0.415196017563003, "x3": 1.7238341628550125, "x4": 0.5551948306043731, "x5": 1.9957505265615991, "x6": 4.174591715397638, "x7": 13.816578437866369, "x8": 1.314538784221075, "x9": 1.0}, "datetime": {"datetime": "2025-05-10 11:51:41", "elapsed": 570.493597, "delta": 8.730514}}
{"target": 39.546807385848645, "params": {"x0": 1.0519596732912297, "x1": 1.849797130947075, "x2": 0.0, "x3": 1.8280667746104347, "x4": 0.38571032760322, "x5": 1.7756693712639022, "x6": 3.6170586069396293, "x7": 12.527509297557955, "x8": 1.298969237977164, "x9": 1.0}, "datetime": {"datetime": "2025-05-10 11:51:50", "elapsed": 578.768406, "delta": 8.274809}}
{"target": 38.72290392636981, "params": {"x0": 1.0768521019842452, "x1": 1.9058111901780437, "x2": 0.0, "x3": 2.3892190767450403, "x4": 0.5874253793627684, "x5": 1.680160412752867, "x6": 2.9494447521304203, "x7": 12.264239687028418, "x8": 1.4180762667430837, "x9": 1.0}, "datetime": {"datetime": "2025-05-10 11:51:58", "elapsed": 587.338154, "delta": 8.569748}}
{"target": 41.78776856200874, "params": {"x0": 1.0743628591149437, "x1": 1.4899935750962807, "x2": 0.0, "x3": 2.238525763228368, "x4": 0.17861273193882343, "x5": 1.5443177665517214, "x6": 3.5891463100758094, "x7": 11.611038450163404, "x8": 1.4061655638664918, "x9": 1.0}, "datetime": {"datetime": "2025-05-10 11:52:07", "elapsed": 595.91741, "delta": 8.579256}}
{"target": 39.086323802053045, "params": {"x0": 1.0934055670651006, "x1": 1.9371403809778054, "x2": 0.0, "x3": 1.7676108033272364, "x4": 0.6767711262001979, "x5": 2.0816641913890135, "x6": 3.3091537525520898, "x7": 11.383885861712505, "x8": 1.4972824408724204, "x9": 1.0}, "datetime": {"datetime": "2025-05-10 11:52:15", "elapsed": 604.511755, "delta": 8.594345}}
{"target": 41.90001828028198, "params": {"x0": 1.091501296270085, "x1": 1.892425700389653, "x2": 0.0, "x3": 1.8147022993173496, "x4": 0.6269552867740604, "x5": 0.8077297590265828, "x6": 3.339218552769551, "x7": 11.641029628033772, "x8": 1.4881707531718276, "x9": 1.0}, "datetime": {"datetime": "2025-05-10 11:52:24", "elapsed": 612.813042, "delta": 8.301287}}
{"target": 32.69362476998683, "params": {"x0": 1.106068967851955, "x1": 2.0487727073305195, "x2": 0.0, "x3": 2.1749522436417155, "x4": 1.0080464583840119, "x5": 1.3560993434051725, "x6": 4.103276479416971, "x7": 11.665422064474054, "x8": 1.5578751640813628, "x9": 1.0}, "datetime": {"datetime": "2025-05-10 11:52:32", "elapsed": 621.319304, "delta": 8.506262}}
{"target": 26.080604298708565, "params": {"x0": 1.104612200693768, "x1": 1.5845651245402232, "x2": 0.3658299833811615, "x3": 1.4904773494254204, "x4": 0.28397323232510413, "x5": 1.3543160194174608, "x6": 2.6107998165143194, "x7": 11.62323328490815, "x8": 1.5509047229904094, "x9": 1.0}, "datetime": {"datetime": "2025-05-10 11:52:41", "elapsed": 629.79661, "delta": 8.477306}}
{"target": 33.85365387635419, "params": {"x0": 1.0797014822887703, "x1": 2.16950021865414, "x2": 0.0, "x3": 2.106504754220086, "x4": 0.3182714377699998, "x5": 1.1507124264002822, "x6": 3.3315046115398794, "x7": 11.00834977018051, "x8": 1.431710180335104, "x9": 1.0605873437014672}, "datetime": {"datetime": "2025-05-10 11:52:49", "elapsed": 638.144235, "delta": 8.347625}}
{"target": 42.552972772879315, "params": {"x0": 1.1021211288532682, "x1": 1.6430586339516149, "x2": 0.0, "x3": 2.0773245087298124, "x4": 0.34913982267040583, "x5": 0.2351540045878655, "x6": 3.721845523310906, "x7": 12.210441500101707, "x8": 1.4373562376187763, "x9": 1.0}, "datetime": {"datetime": "2025-05-10 11:52:57", "elapsed": 646.417915, "delta": 8.27368}}
{"target": 42.357799043509885, "params": {"x0": 1.111147986548974, "x1": 1.4310966274792825, "x2": 0.0, "x3": 2.3005533867304058, "x4": 0.5852829671585122, "x5": 0.0, "x6": 3.20995961310791, "x7": 11.726441408843963, "x8": 1.3941638993986827, "x9": 1.0490757483981883}, "datetime": {"datetime": "2025-05-10 11:53:06", "elapsed": 654.903065, "delta": 8.48515}}
{"target": 39.5857764477926, "params": {"x0": 1.1102453007794033, "x1": 1.4522928281265157, "x2": 0.0, "x3": 2.2782304989303466, "x4": 0.5616686527097016, "x5": 0.6731744567334843, "x6": 3.2611482041282094, "x7": 12.572311905785464, "x8": 1.398483133220692, "x9": 1.0}, "datetime": {"datetime": "2025-05-10 11:53:14", "elapsed": 663.211695, "delta": 8.30863}}
{"target": 34.856705478597036, "params": {"x0": 1.0948093741197464, "x1": 1.4713694087090257, "x2": 0.2160189468867421, "x3": 1.8965091175493318, "x4": 0.540415769705772, "x5": 0.0, "x6": 4.1364731105753325, "x7": 11.818401426182934, "x8": 1.4023704436605005, "x9": 1.0}, "datetime": {"datetime": "2025-05-10 11:53:22", "elapsed": 671.381919, "delta": 8.170224}}
{"target": 43.846416319573166, "params": {"x0": 1.1087017081134376, "x1": 1.7975789366699453, "x2": 0.1944170521980679, "x3": 2.240058360792245, "x4": 0.17699147033857626, "x5": 0.5546647330626882, "x6": 3.3486806947729217, "x7": 11.935328833488388, "x8": 1.405869023056328, "x9": 1.0}, "datetime": {"datetime": "2025-05-10 11:53:30", "elapsed": 679.654716, "delta": 8.272797}}
{"target": 41.76775209332968, "params": {"x0": 1.1031082157422936, "x1": 1.928921193980526, "x2": 0.029162557829710195, "x3": 2.101734586539177, "x4": 0.03066537085652113, "x5": 0.2513233598722732, "x6": 3.0314905905156353, "x7": 12.23912566003193, "x8": 1.379104890678247, "x9": 1.0}, "datetime": {"datetime": "2025-05-10 11:53:39", "elapsed": 688.114444, "delta": 8.459728}}
{"target": 45.1690207578901, "params": {"x0": 1.1137358512474673, "x1": 1.6793709050904226, "x2": 0.045688007266545955, "x3": 2.3645497576200056, "x4": 0.045297980804726634, "x5": 0.2816574971913147, "x6": 3.6341517886044796, "x7": 11.6619116895992, "x8": 1.4299567421966008, "x9": 1.0}, "datetime": {"datetime": "2025-05-10 11:53:47", "elapsed": 696.147779, "delta": 8.033335}}
{"target": 45.12058261964119, "params": {"x0": 1.1180148729113926, "x1": 1.5788940782478282, "x2": 0.0, "x3": 2.4703674449236024, "x4": 0.0, "x5": 0.5137136476819821, "x6": 3.3915013588476555, "x7": 11.89431626190501, "x8": 1.4504313034658327, "x9": 1.0}, "datetime": {"datetime": "2025-05-10 11:53:55", "elapsed": 704.050283, "delta": 7.902504}}
{"target": 44.28366102474681, "params": {"x0": 1.1098847317499347, "x1": 1.7698000492487576, "x2": 0.0, "x3": 2.459785676193243, "x4": 0.1460435002981216, "x5": 0.07280696174971404, "x6": 3.4158278339480717, "x7": 11.871075804674428, "x8": 1.4483838473389097, "x9": 1.0}, "datetime": {"datetime": "2025-05-10 11:54:03", "elapsed": 712.085312, "delta": 8.035029}}
{"target": 47.230282963917034, "params": {"x0": 1.1172018587952468, "x1": 1.5979846753479212, "x2": 0.0, "x3": 2.278837430904092, "x4": 0.0, "x5": 0.09369201529387411, "x6": 3.437604940501452, "x7": 11.473663986031497, "x8": 1.413372347568523, "x9": 1.0}, "datetime": {"datetime": "2025-05-10 11:54:11", "elapsed": 720.279052, "delta": 8.19374}}
{"target": 47.63209815903928, "params": {"x0": 1.1201479652108592, "x1": 1.528806380066795, "x2": 0.0, "x3": 2.205981953195566, "x4": 0.0, "x5": 0.0, "x6": 3.270540119613879, "x7": 11.633674534064046, "x8": 1.427469083002389, "x9": 1.0190129504424672}, "datetime": {"datetime": "2025-05-10 11:54:19", "elapsed": 728.314239, "delta": 8.035187}}
{"target": 45.809756671598095, "params": {"x0": 1.1230940716264717, "x1": 1.4596280847856689, "x2": 0.0, "x3": 2.13312647548704, "x4": 0.0, "x5": 0.14987108279537625, "x6": 3.437604940501452, "x7": 11.74568191768683, "x8": 1.4176013681986828, "x9": 1.0028519425663702}, "datetime": {"datetime": "2025-05-10 11:54:27", "elapsed": 736.396849, "delta": 8.08261}}
{"target": 46.97232017626201, "params": {"x0": 1.117496469436808, "x1": 1.4665459143137816, "x2": 0.0, "x3": 2.2715518831332395, "x4": 0.0, "x5": 0.13488397451583864, "x6": 3.120181780815063, "x7": 11.532867888803539, "x8": 1.4363500263257247, "x9": 1.0044680433539799}, "datetime": {"datetime": "2025-05-10 11:54:35", "elapsed": 744.456356, "delta": 8.059507}}
{"target": 48.1420554807896, "params": {"x0": 1.1225343114075053, "x1": 1.5848407992445073, "x2": 0.0, "x3": 2.1469690162516595, "x4": 0.0, "x5": 0.0, "x6": 3.135217614694944, "x7": 11.54294855332959, "x8": 1.4354619319933912, "x9": 1.0321033668221058}, "datetime": {"datetime": "2025-05-10 11:54:43", "elapsed": 752.509745, "delta": 8.053389}}
{"target": 47.61466175534648, "params": {"x0": 1.120505917140356, "x1": 1.6324700555455627, "x2": 0.05896734988272246, "x3": 2.0968080198493393, "x4": 0.0, "x5": 0.0, "x6": 3.2502417438760385, "x7": 11.465831469705302, "x8": 1.442255853635743, "x9": 1.0432302207447985}, "datetime": {"datetime": "2025-05-10 11:54:51", "elapsed": 760.540923, "delta": 8.031178}}
{"target": 48.286646454982446, "params": {"x0": 1.1243598662479395, "x1": 1.627707129915457, "x2": 0.0, "x3": 2.1921139130137477, "x4": 0.0, "x5": 0.0, "x6": 3.031695898431959, "x7": 11.47354317806773, "x8": 1.4293474025152746, "x9": 1.0421175353525294}, "datetime": {"datetime": "2025-05-10 11:54:59", "elapsed": 768.654951, "delta": 8.114028}}
{"target": 47.591402677172944, "params": {"x0": 1.1259115878623087, "x1": 1.6641435109857645, "x2": 0.0, "x3": 2.230487075261523, "x4": 0.0, "x5": 0.0, "x6": 3.1196893572554965, "x7": 11.53253774704031, "x8": 1.4241500524588755, "x9": 1.0506295786033895}, "datetime": {"datetime": "2025-05-10 11:55:08", "elapsed": 776.718191, "delta": 8.06324}}
{"target": 48.276318548432265, "params": {"x0": 1.1257564157008717, "x1": 1.5949143869521805, "x2": 0.0, "x3": 2.1575780669907503, "x4": 0.0379475842369321, "x5": 0.0, "x6": 3.1095778810459915, "x7": 11.420448065992408, "x8": 1.4246697874645153, "x9": 1.0344566964267554}, "datetime": {"datetime": "2025-05-10 11:55:16", "elapsed": 784.744586, "delta": 8.026395}}
{"target": 48.65594955663399, "params": {"x0": 1.1256167607555785, "x1": 1.5981936612485081, "x2": 0.03868847825805421, "x3": 2.1610316515930497, "x4": 0.0, "x5": 0.0, "x6": 2.960421196784894, "x7": 11.42575757719994, "x8": 1.4251375489695912, "x9": 1.0352227803193328}, "datetime": {"datetime": "2025-05-10 11:55:24", "elapsed": 792.717983, "delta": 7.973397}}
{"target": 48.851412800807495, "params": {"x0": 1.1245484004240853, "x1": 1.5731072128816015, "x2": 0.005803271738708135, "x3": 2.1346117293854565, "x4": 0.0, "x5": 0.0, "x6": 2.8998377003848885, "x7": 11.385139816462319, "x8": 1.4215591734557604, "x9": 1.0293622385411156}, "datetime": {"datetime": "2025-05-10 11:55:32", "elapsed": 800.787451, "delta": 8.069468}}
{"target": 48.80614283706622, "params": {"x0": 1.1238005481920401, "x1": 1.5981936612485081, "x2": 0.028822916302250385, "x3": 2.1081918071778634, "x4": 0.027663788908723504, "x5": 0.0, "x6": 2.839254203984883, "x7": 11.42575757719994, "x8": 1.4251375489695912, "x9": 1.0235016967628985}, "datetime": {"datetime": "2025-05-10 11:55:40", "elapsed": 808.888077, "delta": 8.100626}}
{"target": 48.83755750985143, "params": {"x0": 1.1238753334152447, "x1": 1.5956850164118175, "x2": 0.02652095184589616, "x3": 2.15838965937229, "x4": 0.0, "x5": 0.0, "x6": 2.8453125536248836, "x7": 11.348583831798459, "x8": 1.4247797114182081, "x9": 1.0240877509407202}, "datetime": {"datetime": "2025-05-10 11:55:48", "elapsed": 816.999791, "delta": 8.111714}}
{"target": 48.92275141166521, "params": {"x0": 1.1239426401161288, "x1": 1.5934272360587958, "x2": 0.0, "x3": 2.113211592397306, "x4": 0.0, "x5": 0.0, "x6": 2.948910332468893, "x7": 11.352239430264845, "x8": 1.4186606892895575, "x9": 1.0246151997007598}, "datetime": {"datetime": "2025-05-10 11:55:56", "elapsed": 825.142712, "delta": 8.142921}}
{"target": 48.964696426035, "params": {"x0": 1.1234277438543656, "x1": 1.5761552163581805, "x2": 0.016491157299886892, "x3": 2.095021475957378, "x4": 0.0, "x5": 0.0, "x6": 2.9071985951974892, "x7": 11.324274101996993, "x8": 1.42112440083083, "x9": 1.0205802166864573}, "datetime": {"datetime": "2025-05-10 11:56:04", "elapsed": 833.27838, "delta": 8.135668}}
{"target": 48.9847273089155, "params": {"x0": 1.1239426401161288, "x1": 1.588245630148611, "x2": 0.0038536988380477727, "x3": 2.07683135951745, "x4": 0.0, "x5": 0.0, "x6": 2.878000379107507, "x7": 11.352239430264845, "x8": 1.4228489989097206, "x9": 1.0165452336721548}, "datetime": {"datetime": "2025-05-10 11:56:12", "elapsed": 841.29305, "delta": 8.01467}}
{"target": 48.90969715837404, "params": {"x0": 1.1235822127328945, "x1": 1.5797823404953095, "x2": 0.012699919761335155, "x3": 2.095021475957378, "x4": 0.0, "x5": 0.0, "x6": 2.9071985951974892, "x7": 11.371815160052341, "x8": 1.42112440083083, "x9": 1.0125102506578523}, "datetime": {"datetime": "2025-05-10 11:56:21", "elapsed": 849.736167, "delta": 8.443117}}
{"target": 49.02705467390193, "params": {"x0": 1.123618255471218, "x1": 1.5958625908365822, "x2": 0.0, "x3": 2.060460254721515, "x4": 0.0, "x5": 0.0, "x6": 2.8517219846265225, "x7": 11.334621273456099, "x8": 1.4212968606387189, "x9": 1.020176718385027}, "datetime": {"datetime": "2025-05-10 11:56:29", "elapsed": 857.729578, "delta": 7.993411}}
{"target": 49.19878985540207, "params": {"x0": 1.1233425285230438, "x1": 1.6023370074213579, "x2": 0.006972754005960391, "x3": 2.04654481564497, "x4": 0.0, "x5": 0.0, "x6": 2.8293853493176857, "x7": 11.319645840168665, "x8": 1.4199775431083674, "x9": 1.0232634803909684}, "datetime": {"datetime": "2025-05-10 11:56:37", "elapsed": 865.844698, "delta": 8.11512}}
{"target": 49.24692641714116, "params": {"x0": 1.1230668015748697, "x1": 1.6088114240061335, "x2": 0.012171925123427307, "x3": 2.0326293765684254, "x4": 0.0, "x5": 0.0, "x6": 2.807048714008849, "x7": 11.30467040688123, "x8": 1.418658225578016, "x9": 1.0263502423969098}, "datetime": {"datetime": "2025-05-10 11:56:45", "elapsed": 874.02337, "delta": 8.178672}}
{"target": 49.25637042508118, "params": {"x0": 1.1227910746266956, "x1": 1.6152858405909092, "x2": 0.01737109624089422, "x3": 2.0187139374918806, "x4": 0.0, "x5": 0.0, "x6": 2.784712078700012, "x7": 11.319645840168665, "x8": 1.4173389080476646, "x9": 1.0294370044028511}, "datetime": {"datetime": "2025-05-10 11:56:53", "elapsed": 882.422313, "delta": 8.398943}}
{"target": 49.21531650722796, "params": {"x0": 1.1225153476785215, "x1": 1.6217602571756848, "x2": 0.022570267358361134, "x3": 2.0047984984153358, "x4": 0.009645766763949395, "x5": 0.0, "x6": 2.807048714008849, "x7": 11.30916303686746, "x8": 1.4160195905173132, "x9": 1.0325237664087925}, "datetime": {"datetime": "2025-05-10 11:57:01", "elapsed": 890.487725, "delta": 8.065412}}
{"target": 49.19204005175369, "params": {"x0": 1.1225429203733388, "x1": 1.6211128155172072, "x2": 0.012691842235173997, "x3": 2.031237832660771, "x4": 0.0, "x5": 0.0, "x6": 2.7646091069220593, "x7": 11.31021131719758, "x8": 1.4161515222703482, "x9": 1.0322150902081983}, "datetime": {"datetime": "2025-05-10 11:57:09", "elapsed": 898.507329, "delta": 8.019604}}
{"target": 49.29339109013556, "params": {"x0": 1.1230144134547166, "x1": 1.610041563157241, "x2": 0.02158242484604242, "x3": 2.007442431839879, "x4": 0.0, "x5": 0.0, "x6": 2.7666194040998544, "x7": 11.311154769494689, "x8": 1.4184075552472493, "x9": 1.0319372816276637}, "datetime": {"datetime": "2025-05-10 11:57:17", "elapsed": 906.625449, "delta": 8.11812}}
{"target": 49.35495474730248, "params": {"x0": 1.1232042514585345, "x1": 1.6055839273386228, "x2": 0.02516205416041839, "x3": 1.997861652035678, "x4": 0.0, "x5": 0.0, "x6": 2.75124063068972, "x7": 11.303937359421809, "x8": 1.4193159053668962, "x9": 1.0340625172687543}, "datetime": {"datetime": "2025-05-10 11:57:26", "elapsed": 914.746185, "delta": 8.120736}}
{"target": 49.26480495669889, "params": {"x0": 1.1230144134547166, "x1": 1.6011262915200046, "x2": 0.02874168347479436, "x3": 1.9882808722314769, "x4": 0.0, "x5": 0.0, "x6": 2.735861857279586, "x7": 11.29671994934893, "x8": 1.4202242554865432, "x9": 1.0361877529098449}, "datetime": {"datetime": "2025-05-10 11:57:34", "elapsed": 922.864909, "delta": 8.118724}}
{"target": 49.24877066023951, "params": {"x0": 1.1233751056619707, "x1": 1.609595799575379, "x2": 0.028383720543356764, "x3": 1.989238950211897, "x4": 0.0, "x5": 0.0, "x6": 2.765081526758841, "x7": 11.297441690356218, "x8": 1.4201334204745786, "x9": 1.0359752293457358}, "datetime": {"datetime": "2025-05-10 11:57:42", "elapsed": 930.971388, "delta": 8.106479}}
{"target": 49.369853270053184, "params": {"x0": 1.123050482675442, "x1": 1.6019732423255422, "x2": 0.022262554415773853, "x3": 1.9901012203942752, "x4": 0.0, "x5": 0.0, "x6": 2.7387838242275113, "x7": 11.30978346158084, "x8": 1.4185801417699822, "x9": 1.032341076399471}, "datetime": {"datetime": "2025-05-10 11:57:50", "elapsed": 938.974901, "delta": 8.003513}}
{"target": 49.39304543167189, "params": {"x0": 1.1229197792098133, "x1": 1.5989041600644236, "x2": 0.019797979632825997, "x3": 1.9835048534990827, "x4": 0.0, "x5": 0.0, "x6": 2.728195538734634, "x7": 11.314752648416018, "x8": 1.4179547427126051, "x9": 1.03087785166058}, "datetime": {"datetime": "2025-05-10 11:57:58", "elapsed": 947.111514, "delta": 8.136613}}
{"target": 49.41300675634865, "params": {"x0": 1.1227890757441847, "x1": 1.595835077803305, "x2": 0.01733340484987814, "x3": 1.9769084866038902, "x4": 0.0, "x5": 0.0, "x6": 2.717607253241757, "x7": 11.319721835251196, "x8": 1.4173293436552281, "x9": 1.0294146269216893}, "datetime": {"datetime": "2025-05-10 11:58:06", "elapsed": 955.273555, "delta": 8.162041}}
{"target": 49.407298810393584, "params": {"x0": 1.1226583722785561, "x1": 1.5927659955421865, "x2": 0.014868830066930286, "x3": 1.9703121197086977, "x4": 0.0, "x5": 0.0, "x6": 2.70701896774888, "x7": 11.324691022086373, "x8": 1.416703944597851, "x9": 1.0279514021827985}, "datetime": {"datetime": "2025-05-10 11:58:14", "elapsed": 963.391161, "delta": 8.117606}}
{"target": 49.396358455206155, "params": {"x0": 1.122671442625119, "x1": 1.5930729037682982, "x2": 0.015115287545225072, "x3": 1.970971756398217, "x4": 0.0, "x5": 0.0, "x6": 2.7271367101853468, "x7": 11.324194103402855, "x8": 1.4167664845035888, "x9": 1.030731529186691}, "datetime": {"datetime": "2025-05-10 11:58:22", "elapsed": 971.404889, "delta": 8.013728}}
