{"target": 49.455633046266634, "params": {"x0": 1.1229516388330776, "x1": 1.591024751721341, "x2": 0.010416206035317541, "x3": 1.9583947934574981, "x4": 0.005857136287714036, "x5": 1.0941827979056201e-60, "x6": 2.6878896417631726, "x7": 11.311933380265081, "x8": 1.4155740673908412, "x9": 1.0253078672082814}, "datetime": {"datetime": "2025-05-10 18:59:20", "elapsed": 26229.048386, "delta": 37.869345}}
{"target": 49.455633046266634, "params": {"x0": 1.1229516388330776, "x1": 1.591024751721341, "x2": 0.010416206035317541, "x3": 1.9583947934574981, "x4": 0.005857136287714036, "x5": 3.481134472831758e-60, "x6": 2.6878896417631726, "x7": 11.311933380265081, "x8": 1.4155740673908412, "x9": 1.0253078672082814}, "datetime": {"datetime": "2025-05-10 18:59:50", "elapsed": 26259.20759, "delta": 30.159204}}
{"target": 49.455633046266634, "params": {"x0": 1.1229516388330776, "x1": 1.591024751721341, "x2": 0.010416206035317541, "x3": 1.9583947934574981, "x4": 0.005857136287714036, "x5": 1.4749247662122562e-61, "x6": 2.6878896417631726, "x7": 11.311933380265081, "x8": 1.4155740673908412, "x9": 1.0253078672082814}, "datetime": {"datetime": "2025-05-10 19:00:42", "elapsed": 26310.922784, "delta": 51.715194}}
{"target": 49.455633046266634, "params": {"x0": 1.1229516388330776, "x1": 1.591024751721341, "x2": 0.010416206035317541, "x3": 1.9583947934574981, "x4": 0.005857136287714036, "x5": 2.2151812544567186e-61, "x6": 2.6878896417631726, "x7": 11.311933380265081, "x8": 1.4155740673908412, "x9": 1.0253078672082814}, "datetime": {"datetime": "2025-05-10 19:01:30", "elapsed": 26359.270197, "delta": 48.347413}}
{"target": 49.455633046266634, "params": {"x0": 1.1229516388330776, "x1": 1.591024751721341, "x2": 0.010416206035317541, "x3": 1.9583947934574981, "x4": 0.005857136287714036, "x5": 5.123551261852068e-62, "x6": 2.6878896417631726, "x7": 11.311933380265081, "x8": 1.4155740673908412, "x9": 1.0253078672082814}, "datetime": {"datetime": "2025-05-10 19:02:09", "elapsed": 26398.052366, "delta": 38.782169}}
{"target": 49.455633046266634, "params": {"x0": 1.1229516388330776, "x1": 1.591024751721341, "x2": 0.010416206035317541, "x3": 1.9583947934574981, "x4": 0.005857136287714036, "x5": 6.781952543834106e-61, "x6": 2.6878896417631726, "x7": 11.311933380265081, "x8": 1.4155740673908412, "x9": 1.0253078672082814}, "datetime": {"datetime": "2025-05-10 19:02:53", "elapsed": 26442.003138, "delta": 43.950772}}
{"target": 49.455633046266634, "params": {"x0": 1.1229516388330776, "x1": 1.591024751721341, "x2": 0.010416206035317541, "x3": 1.9583947934574981, "x4": 0.005857136287714036, "x5": 1.5914596363625268e-60, "x6": 2.6878896417631726, "x7": 11.311933380265081, "x8": 1.4155740673908412, "x9": 1.0253078672082814}, "datetime": {"datetime": "2025-05-10 19:03:32", "elapsed": 26481.583776, "delta": 39.580638}}
{"target": 49.455633046266634, "params": {"x0": 1.1229516388330776, "x1": 1.591024751721341, "x2": 0.010416206035317541, "x3": 1.9583947934574981, "x4": 0.005857136287714036, "x5": 4.254138711270318e-61, "x6": 2.6878896417631726, "x7": 11.311933380265081, "x8": 1.4155740673908412, "x9": 1.0253078672082814}, "datetime": {"datetime": "2025-05-10 19:04:23", "elapsed": 26532.334652, "delta": 50.750876}}
{"target": 49.455633046266634, "params": {"x0": 1.1229516388330776, "x1": 1.591024751721341, "x2": 0.010416206035317541, "x3": 1.9583947934574981, "x4": 0.005857136287714036, "x5": 1.905447673667477e-60, "x6": 2.6878896417631726, "x7": 11.311933380265081, "x8": 1.4155740673908412, "x9": 1.0253078672082814}, "datetime": {"datetime": "2025-05-10 19:05:06", "elapsed": 26574.994542, "delta": 42.65989}}
{"target": 49.455633046266634, "params": {"x0": 1.1229516388330776, "x1": 1.591024751721341, "x2": 0.010416206035317541, "x3": 1.9583947934574981, "x4": 0.005857136287714036, "x5": 2.3734669662496277e-61, "x6": 2.6878896417631726, "x7": 11.311933380265081, "x8": 1.4155740673908412, "x9": 1.0253078672082814}, "datetime": {"datetime": "2025-05-10 19:05:42", "elapsed": 26611.119448, "delta": 36.124906}}
{"target": 49.455633046266634, "params": {"x0": 1.1229516388330776, "x1": 1.591024751721341, "x2": 0.010416206035317541, "x3": 1.9583947934574981, "x4": 0.005857136287714036, "x5": 1.4847986074084737e-60, "x6": 2.6878896417631726, "x7": 11.311933380265081, "x8": 1.4155740673908412, "x9": 1.0253078672082814}, "datetime": {"datetime": "2025-05-10 19:06:22", "elapsed": 26651.464964, "delta": 40.345516}}
{"target": 49.455633046266634, "params": {"x0": 1.1229516388330776, "x1": 1.591024751721341, "x2": 0.010416206035317541, "x3": 1.9583947934574981, "x4": 0.005857136287714036, "x5": 1.344409901353538e-60, "x6": 2.6878896417631726, "x7": 11.311933380265081, "x8": 1.4155740673908412, "x9": 1.0253078672082814}, "datetime": {"datetime": "2025-05-10 19:07:01", "elapsed": 26690.256495, "delta": 38.791531}}
{"target": 49.455633046266634, "params": {"x0": 1.1229516388330776, "x1": 1.591024751721341, "x2": 0.010416206035317541, "x3": 1.9583947934574981, "x4": 0.005857136287714036, "x5": 4.287131798126548e-62, "x6": 2.6878896417631726, "x7": 11.311933380265081, "x8": 1.4155740673908412, "x9": 1.0253078672082814}, "datetime": {"datetime": "2025-05-10 19:07:41", "elapsed": 26730.112972, "delta": 39.856477}}
{"target": 49.455633046266634, "params": {"x0": 1.1229516388330776, "x1": 1.591024751721341, "x2": 0.010416206035317541, "x3": 1.9583947934574981, "x4": 0.005857136287714036, "x5": 1.4565792615909214e-60, "x6": 2.6878896417631726, "x7": 11.311933380265081, "x8": 1.4155740673908412, "x9": 1.0253078672082814}, "datetime": {"datetime": "2025-05-10 19:08:20", "elapsed": 26769.177059, "delta": 39.064087}}
{"target": 49.455633046266634, "params": {"x0": 1.1229516388330776, "x1": 1.591024751721341, "x2": 0.010416206035317541, "x3": 1.9583947934574981, "x4": 0.005857136287714036, "x5": 7.17524026659423e-61, "x6": 2.6878896417631726, "x7": 11.311933380265081, "x8": 1.4155740673908412, "x9": 1.0253078672082814}, "datetime": {"datetime": "2025-05-10 19:08:57", "elapsed": 26805.889541, "delta": 36.712482}}
{"target": 49.455633046266634, "params": {"x0": 1.1229516388330776, "x1": 1.591024751721341, "x2": 0.010416206035317541, "x3": 1.9583947934574981, "x4": 0.005857136287714036, "x5": 6.82839631241778e-61, "x6": 2.6878896417631726, "x7": 11.311933380265081, "x8": 1.4155740673908412, "x9": 1.0253078672082814}, "datetime": {"datetime": "2025-05-10 19:09:43", "elapsed": 26852.022831, "delta": 46.13329}}
{"target": 49.455633046266634, "params": {"x0": 1.1229516388330776, "x1": 1.591024751721341, "x2": 0.010416206035317541, "x3": 1.9583947934574981, "x4": 0.005857136287714036, "x5": 1.6420883846001292e-61, "x6": 2.6878896417631726, "x7": 11.311933380265081, "x8": 1.4155740673908412, "x9": 1.0253078672082814}, "datetime": {"datetime": "2025-05-10 19:10:36", "elapsed": 26905.660899, "delta": 53.638068}}
{"target": 49.455633046266634, "params": {"x0": 1.1229516388330776, "x1": 1.591024751721341, "x2": 0.010416206035317541, "x3": 1.9583947934574981, "x4": 0.005857136287714036, "x5": 3.4330185445060654e-61, "x6": 2.6878896417631726, "x7": 11.311933380265081, "x8": 1.4155740673908412, "x9": 1.0253078672082814}, "datetime": {"datetime": "2025-05-10 19:11:16", "elapsed": 26945.22054, "delta": 39.559641}}
{"target": 49.455633046266634, "params": {"x0": 1.1229516388330776, "x1": 1.591024751721341, "x2": 0.010416206035317541, "x3": 1.9583947934574981, "x4": 0.005857136287714036, "x5": 8.435447550373645e-61, "x6": 2.6878896417631726, "x7": 11.311933380265081, "x8": 1.4155740673908412, "x9": 1.0253078672082814}, "datetime": {"datetime": "2025-05-10 19:11:58", "elapsed": 26986.888883, "delta": 41.668343}}
{"target": 49.455633046266634, "params": {"x0": 1.1229516388330776, "x1": 1.591024751721341, "x2": 0.010416206035317541, "x3": 1.9583947934574981, "x4": 0.005857136287714036, "x5": 4.281275582968707e-61, "x6": 2.6878896417631726, "x7": 11.311933380265081, "x8": 1.4155740673908412, "x9": 1.0253078672082814}, "datetime": {"datetime": "2025-05-10 19:12:42", "elapsed": 27031.233467, "delta": 44.344584}}
{"target": 49.455633046266634, "params": {"x0": 1.1229516388330776, "x1": 1.591024751721341, "x2": 0.010416206035317541, "x3": 1.9583947934574981, "x4": 0.005857136287714036, "x5": 5.693012711836194e-61, "x6": 2.6878896417631726, "x7": 11.311933380265081, "x8": 1.4155740673908412, "x9": 1.0253078672082814}, "datetime": {"datetime": "2025-05-10 19:13:42", "elapsed": 27090.774092, "delta": 59.540625}}
{"target": 49.455633046266634, "params": {"x0": 1.1229516388330776, "x1": 1.591024751721341, "x2": 0.010416206035317541, "x3": 1.9583947934574981, "x4": 0.005857136287714036, "x5": 3.4830316182744736e-61, "x6": 2.6878896417631726, "x7": 11.311933380265081, "x8": 1.4155740673908412, "x9": 1.0253078672082814}, "datetime": {"datetime": "2025-05-10 19:14:25", "elapsed": 27133.713244, "delta": 42.939152}}
{"target": 49.455633046266634, "params": {"x0": 1.1229516388330776, "x1": 1.591024751721341, "x2": 0.010416206035317541, "x3": 1.9583947934574981, "x4": 0.005857136287714036, "x5": 5.657763542189799e-61, "x6": 2.6878896417631726, "x7": 11.311933380265081, "x8": 1.4155740673908412, "x9": 1.0253078672082814}, "datetime": {"datetime": "2025-05-10 19:15:10", "elapsed": 27179.614999, "delta": 45.901755}}
{"target": 49.455633046266634, "params": {"x0": 1.1229516388330776, "x1": 1.591024751721341, "x2": 0.010416206035317541, "x3": 1.9583947934574981, "x4": 0.005857136287714036, "x5": 1.574619493214476e-61, "x6": 2.6878896417631726, "x7": 11.311933380265081, "x8": 1.4155740673908412, "x9": 1.0253078672082814}, "datetime": {"datetime": "2025-05-10 19:15:53", "elapsed": 27222.355537, "delta": 42.740538}}
{"target": 49.455633046266634, "params": {"x0": 1.1229516388330776, "x1": 1.591024751721341, "x2": 0.010416206035317541, "x3": 1.9583947934574981, "x4": 0.005857136287714036, "x5": 4.671436620955624e-62, "x6": 2.6878896417631726, "x7": 11.311933380265081, "x8": 1.4155740673908412, "x9": 1.0253078672082814}, "datetime": {"datetime": "2025-05-10 19:16:35", "elapsed": 27264.212453, "delta": 41.856916}}
{"target": 49.455633046266634, "params": {"x0": 1.1229516388330776, "x1": 1.591024751721341, "x2": 0.010416206035317541, "x3": 1.9583947934574981, "x4": 0.005857136287714036, "x5": 3.2708233576361874e-61, "x6": 2.6878896417631726, "x7": 11.311933380265081, "x8": 1.4155740673908412, "x9": 1.0253078672082814}, "datetime": {"datetime": "2025-05-10 19:17:15", "elapsed": 27304.193317, "delta": 39.980864}}
{"target": 49.455633046266634, "params": {"x0": 1.1229516388330776, "x1": 1.591024751721341, "x2": 0.010416206035317541, "x3": 1.9583947934574981, "x4": 0.005857136287714036, "x5": 4.5571958469116945e-63, "x6": 2.6878896417631726, "x7": 11.311933380265081, "x8": 1.4155740673908412, "x9": 1.0253078672082814}, "datetime": {"datetime": "2025-05-10 19:17:52", "elapsed": 27340.910131, "delta": 36.716814}}
{"target": 49.455633046266634, "params": {"x0": 1.1229516388330776, "x1": 1.591024751721341, "x2": 0.010416206035317541, "x3": 1.9583947934574981, "x4": 0.005857136287714036, "x5": 1.1067528119230965e-61, "x6": 2.6878896417631726, "x7": 11.311933380265081, "x8": 1.4155740673908412, "x9": 1.0253078672082814}, "datetime": {"datetime": "2025-05-10 19:18:33", "elapsed": 27382.563466, "delta": 41.653335}}
{"target": 49.455633046266634, "params": {"x0": 1.1229516388330776, "x1": 1.591024751721341, "x2": 0.010416206035317541, "x3": 1.9583947934574981, "x4": 0.005857136287714036, "x5": 1.3194214532303954e-61, "x6": 2.6878896417631726, "x7": 11.311933380265081, "x8": 1.4155740673908412, "x9": 1.0253078672082814}, "datetime": {"datetime": "2025-05-10 19:19:08", "elapsed": 27417.026518, "delta": 34.463052}}
{"target": 49.455633046266634, "params": {"x0": 1.1229516388330776, "x1": 1.591024751721341, "x2": 0.010416206035317541, "x3": 1.9583947934574981, "x4": 0.005857136287714036, "x5": 7.46526478327696e-62, "x6": 2.6878896417631726, "x7": 11.311933380265081, "x8": 1.4155740673908412, "x9": 1.0253078672082814}, "datetime": {"datetime": "2025-05-10 19:19:48", "elapsed": 27456.826096, "delta": 39.799578}}
{"target": 49.455633046266634, "params": {"x0": 1.1229516388330776, "x1": 1.591024751721341, "x2": 0.010416206035317541, "x3": 1.9583947934574981, "x4": 0.005857136287714036, "x5": 2.2652500951406297e-61, "x6": 2.6878896417631726, "x7": 11.311933380265081, "x8": 1.4155740673908412, "x9": 1.0253078672082814}, "datetime": {"datetime": "2025-05-10 19:20:31", "elapsed": 27500.083294, "delta": 43.257198}}
{"target": 49.455633046266634, "params": {"x0": 1.1229516388330776, "x1": 1.591024751721341, "x2": 0.010416206035317541, "x3": 1.9583947934574981, "x4": 0.005857136287714036, "x5": 2.0104210617788305e-61, "x6": 2.6878896417631726, "x7": 11.311933380265081, "x8": 1.4155740673908412, "x9": 1.0253078672082814}, "datetime": {"datetime": "2025-05-10 19:21:13", "elapsed": 27542.365668, "delta": 42.282374}}
{"target": 49.455633046266634, "params": {"x0": 1.1229516388330776, "x1": 1.591024751721341, "x2": 0.010416206035317541, "x3": 1.9583947934574981, "x4": 0.005857136287714036, "x5": 9.94728253212331e-62, "x6": 2.6878896417631726, "x7": 11.311933380265081, "x8": 1.4155740673908412, "x9": 1.0253078672082814}, "datetime": {"datetime": "2025-05-10 19:21:48", "elapsed": 27577.67239, "delta": 35.306722}}
{"target": 49.455633046266634, "params": {"x0": 1.1229516388330776, "x1": 1.591024751721341, "x2": 0.010416206035317541, "x3": 1.9583947934574981, "x4": 0.005857136287714036, "x5": 9.211596711229975e-62, "x6": 2.6878896417631726, "x7": 11.311933380265081, "x8": 1.4155740673908412, "x9": 1.0253078672082814}, "datetime": {"datetime": "2025-05-10 19:22:28", "elapsed": 27617.637071, "delta": 39.964681}}
{"target": 49.455633046266634, "params": {"x0": 1.1229516388330776, "x1": 1.591024751721341, "x2": 0.010416206035317541, "x3": 1.9583947934574981, "x4": 0.005857136287714036, "x5": 1.3712178001393101e-61, "x6": 2.6878896417631726, "x7": 11.311933380265081, "x8": 1.4155740673908412, "x9": 1.0253078672082814}, "datetime": {"datetime": "2025-05-10 19:23:09", "elapsed": 27657.776519, "delta": 40.139448}}
{"target": 49.455633046266634, "params": {"x0": 1.1229516388330776, "x1": 1.591024751721341, "x2": 0.010416206035317541, "x3": 1.9583947934574981, "x4": 0.005857136287714036, "x5": 4.201596877346948e-62, "x6": 2.6878896417631726, "x7": 11.311933380265081, "x8": 1.4155740673908412, "x9": 1.0253078672082814}, "datetime": {"datetime": "2025-05-10 19:23:50", "elapsed": 27699.59011, "delta": 41.813591}}
{"target": 49.455633046266634, "params": {"x0": 1.1229516388330776, "x1": 1.591024751721341, "x2": 0.010416206035317541, "x3": 1.9583947934574981, "x4": 0.005857136287714036, "x5": 9.813274125833372e-65, "x6": 2.6878896417631726, "x7": 11.311933380265081, "x8": 1.4155740673908412, "x9": 1.0253078672082814}, "datetime": {"datetime": "2025-05-10 19:24:38", "elapsed": 27746.795685, "delta": 47.205575}}
{"target": 49.455633046266634, "params": {"x0": 1.1229516388330776, "x1": 1.591024751721341, "x2": 0.010416206035317541, "x3": 1.9583947934574981, "x4": 0.005857136287714036, "x5": 5.4018230054231055e-62, "x6": 2.6878896417631726, "x7": 11.311933380265081, "x8": 1.4155740673908412, "x9": 1.0253078672082814}, "datetime": {"datetime": "2025-05-10 19:25:24", "elapsed": 27792.806249, "delta": 46.010564}}
{"target": 49.455633046266634, "params": {"x0": 1.1229516388330776, "x1": 1.591024751721341, "x2": 0.010416206035317541, "x3": 1.9583947934574981, "x4": 0.005857136287714036, "x5": 7.596835572114061e-62, "x6": 2.6878896417631726, "x7": 11.311933380265081, "x8": 1.4155740673908412, "x9": 1.0253078672082814}, "datetime": {"datetime": "2025-05-10 19:26:07", "elapsed": 27836.181235, "delta": 43.374986}}
{"target": 49.455633046266634, "params": {"x0": 1.1229516388330776, "x1": 1.591024751721341, "x2": 0.010416206035317541, "x3": 1.9583947934574981, "x4": 0.005857136287714036, "x5": 3.948646800344786e-62, "x6": 2.6878896417631726, "x7": 11.311933380265081, "x8": 1.4155740673908412, "x9": 1.0253078672082814}, "datetime": {"datetime": "2025-05-10 19:26:46", "elapsed": 27874.883307, "delta": 38.702072}}
{"target": 49.455633046266634, "params": {"x0": 1.1229516388330776, "x1": 1.591024751721341, "x2": 0.010416206035317541, "x3": 1.9583947934574981, "x4": 0.005857136287714036, "x5": 4.204582022138857e-64, "x6": 2.6878896417631726, "x7": 11.311933380265081, "x8": 1.4155740673908412, "x9": 1.0253078672082814}, "datetime": {"datetime": "2025-05-10 19:27:25", "elapsed": 27913.716383, "delta": 38.833076}}
{"target": 49.455633046266634, "params": {"x0": 1.1229516388330776, "x1": 1.591024751721341, "x2": 0.010416206035317541, "x3": 1.9583947934574981, "x4": 0.005857136287714036, "x5": 6.025020721855714e-63, "x6": 2.6878896417631726, "x7": 11.311933380265081, "x8": 1.4155740673908412, "x9": 1.0253078672082814}, "datetime": {"datetime": "2025-05-10 19:28:06", "elapsed": 27955.656445, "delta": 41.940062}}
{"target": 49.455633046266634, "params": {"x0": 1.1229516388330776, "x1": 1.591024751721341, "x2": 0.010416206035317541, "x3": 1.9583947934574981, "x4": 0.005857136287714036, "x5": 5.289243581505119e-62, "x6": 2.6878896417631726, "x7": 11.311933380265081, "x8": 1.4155740673908412, "x9": 1.0253078672082814}, "datetime": {"datetime": "2025-05-10 19:28:45", "elapsed": 27993.73109, "delta": 38.074645}}
{"target": 49.455633046266634, "params": {"x0": 1.1229516388330776, "x1": 1.591024751721341, "x2": 0.010416206035317541, "x3": 1.9583947934574981, "x4": 0.005857136287714036, "x5": 3.439660600828553e-62, "x6": 2.6878896417631726, "x7": 11.311933380265081, "x8": 1.4155740673908412, "x9": 1.0253078672082814}, "datetime": {"datetime": "2025-05-10 19:29:28", "elapsed": 28036.837052, "delta": 43.105962}}
{"target": 49.455633046266634, "params": {"x0": 1.1229516388330776, "x1": 1.591024751721341, "x2": 0.010416206035317541, "x3": 1.9583947934574981, "x4": 0.005857136287714036, "x5": 5.335905589665454e-62, "x6": 2.6878896417631726, "x7": 11.311933380265081, "x8": 1.4155740673908412, "x9": 1.0253078672082814}, "datetime": {"datetime": "2025-05-10 19:30:06", "elapsed": 28075.040391, "delta": 38.203339}}
{"target": 49.455633046266634, "params": {"x0": 1.1229516388330776, "x1": 1.591024751721341, "x2": 0.010416206035317541, "x3": 1.9583947934574981, "x4": 0.005857136287714036, "x5": 5.14245463020872e-62, "x6": 2.6878896417631726, "x7": 11.311933380265081, "x8": 1.4155740673908412, "x9": 1.0253078672082814}, "datetime": {"datetime": "2025-05-10 19:30:50", "elapsed": 28119.459202, "delta": 44.418811}}
{"target": 49.455633046266634, "params": {"x0": 1.1229516388330776, "x1": 1.591024751721341, "x2": 0.010416206035317541, "x3": 1.9583947934574981, "x4": 0.005857136287714036, "x5": 4.194632360240132e-62, "x6": 2.6878896417631726, "x7": 11.311933380265081, "x8": 1.4155740673908412, "x9": 1.0253078672082814}, "datetime": {"datetime": "2025-05-10 19:31:34", "elapsed": 28162.954271, "delta": 43.495069}}
{"target": 49.455633046266634, "params": {"x0": 1.1229516388330776, "x1": 1.591024751721341, "x2": 0.010416206035317541, "x3": 1.9583947934574981, "x4": 0.005857136287714036, "x5": 1.6415585622234524e-62, "x6": 2.6878896417631726, "x7": 11.311933380265081, "x8": 1.4155740673908412, "x9": 1.0253078672082814}, "datetime": {"datetime": "2025-05-10 19:32:33", "elapsed": 28222.528227, "delta": 59.573956}}
{"target": 49.455633046266634, "params": {"x0": 1.1229516388330776, "x1": 1.591024751721341, "x2": 0.010416206035317541, "x3": 1.9583947934574981, "x4": 0.005857136287714036, "x5": 1.7844115945704184e-62, "x6": 2.6878896417631726, "x7": 11.311933380265081, "x8": 1.4155740673908412, "x9": 1.0253078672082814}, "datetime": {"datetime": "2025-05-10 19:33:10", "elapsed": 28259.130519, "delta": 36.602292}}
{"target": 49.455633046266634, "params": {"x0": 1.1229516388330776, "x1": 1.591024751721341, "x2": 0.010416206035317541, "x3": 1.9583947934574981, "x4": 0.005857136287714036, "x5": 6.971575998948551e-63, "x6": 2.6878896417631726, "x7": 11.311933380265081, "x8": 1.4155740673908412, "x9": 1.0253078672082814}, "datetime": {"datetime": "2025-05-10 19:33:52", "elapsed": 28301.065405, "delta": 41.934886}}
{"target": 49.455633046266634, "params": {"x0": 1.1229516388330776, "x1": 1.591024751721341, "x2": 0.010416206035317541, "x3": 1.9583947934574981, "x4": 0.005857136287714036, "x5": 2.4855089682018667e-62, "x6": 2.6878896417631726, "x7": 11.311933380265081, "x8": 1.4155740673908412, "x9": 1.0253078672082814}, "datetime": {"datetime": "2025-05-10 19:34:38", "elapsed": 28346.829656, "delta": 45.764251}}
{"target": 49.455633046266634, "params": {"x0": 1.1229516388330776, "x1": 1.591024751721341, "x2": 0.010416206035317541, "x3": 1.9583947934574981, "x4": 0.005857136287714036, "x5": 7.783844751699391e-64, "x6": 2.6878896417631726, "x7": 11.311933380265081, "x8": 1.4155740673908412, "x9": 1.0253078672082814}, "datetime": {"datetime": "2025-05-10 19:35:29", "elapsed": 28398.678403, "delta": 51.848747}}
{"target": 49.455633046266634, "params": {"x0": 1.1229516388330776, "x1": 1.591024751721341, "x2": 0.010416206035317541, "x3": 1.9583947934574981, "x4": 0.005857136287714036, "x5": 1.3784118688968196e-62, "x6": 2.6878896417631726, "x7": 11.311933380265081, "x8": 1.4155740673908412, "x9": 1.0253078672082814}, "datetime": {"datetime": "2025-05-10 19:36:23", "elapsed": 28451.725853, "delta": 53.04745}}
{"target": 49.455633046266634, "params": {"x0": 1.1229516388330776, "x1": 1.591024751721341, "x2": 0.010416206035317541, "x3": 1.9583947934574981, "x4": 0.005857136287714036, "x5": 1.4330181992289212e-62, "x6": 2.6878896417631726, "x7": 11.311933380265081, "x8": 1.4155740673908412, "x9": 1.0253078672082814}, "datetime": {"datetime": "2025-05-10 19:37:07", "elapsed": 28496.357839, "delta": 44.631986}}
