{"target": 49.455633046266634, "params": {"x0": 1.1229516388330767, "x1": 1.5910247517212084, "x2": 0.010416206035337442, "x3": 1.9583947934571218, "x4": 0.005857136287884498, "x5": 3.2113816414254233e-13, "x6": 2.6878896417636264, "x7": 11.31193338026481, "x8": 1.4155740673908404, "x9": 1.025307867208366}, "datetime": {"datetime": "2025-05-10 12:31:15", "elapsed": 2943.98522, "delta": 9.58215}}
{"target": 49.455633046266634, "params": {"x0": 1.122951638833077, "x1": 1.5910247517213247, "x2": 0.010416206035429532, "x3": 1.958394793457473, "x4": 0.005857136287829956, "x5": 1.6100724191993611e-13, "x6": 2.687889641762691, "x7": 11.31193338026532, "x8": 1.4155740673908472, "x9": 1.0253078672082392}, "datetime": {"datetime": "2025-05-10 12:31:25", "elapsed": 2953.709361, "delta": 9.724141}}
{"target": 49.455633046266634, "params": {"x0": 1.1229516388330754, "x1": 1.5910247517214557, "x2": 0.010416206035193843, "x3": 1.9583947934578787, "x4": 0.005857136287716013, "x5": 3.868908173930316e-13, "x6": 2.687889641762583, "x7": 11.311933380264978, "x8": 1.4155740673908073, "x9": 1.0253078672082352}, "datetime": {"datetime": "2025-05-10 12:31:34", "elapsed": 2963.638251, "delta": 9.92889}}
{"target": 49.455633046266634, "params": {"x0": 1.1229516388330778, "x1": 1.5910247517213998, "x2": 0.01041620603532924, "x3": 1.9583947934573365, "x4": 0.005857136287714332, "x5": 3.5255860709343814e-14, "x6": 2.687889641762921, "x7": 11.311933380264835, "x8": 1.4155740673908486, "x9": 1.0253078672083247}, "datetime": {"datetime": "2025-05-10 12:31:44", "elapsed": 2973.544762, "delta": 9.906511}}
{"target": 49.455633046266634, "params": {"x0": 1.122951638833075, "x1": 1.5910247517212746, "x2": 0.010416206035386536, "x3": 1.9583947934573382, "x4": 0.005857136287864397, "x5": 1.9333771306367424e-13, "x6": 2.687889641763216, "x7": 11.311933380265145, "x8": 1.4155740673908634, "x9": 1.025307867208252}, "datetime": {"datetime": "2025-05-10 12:31:55", "elapsed": 2983.710382, "delta": 10.16562}}
{"target": 49.455633046266634, "params": {"x0": 1.1229516388330767, "x1": 1.5910247517213811, "x2": 0.010416206035277507, "x3": 1.9583947934574912, "x4": 0.005857136287584021, "x5": 1.5103982219912644e-13, "x6": 2.6878896417628617, "x7": 11.311933380265195, "x8": 1.4155740673908392, "x9": 1.0253078672082991}, "datetime": {"datetime": "2025-05-10 12:32:05", "elapsed": 2993.727084, "delta": 10.016702}}
{"target": 49.455633046266634, "params": {"x0": 1.122951638833076, "x1": 1.5910247517213068, "x2": 0.010416206035274407, "x3": 1.9583947934573434, "x4": 0.0058571362877576265, "x5": 2.106551994297386e-13, "x6": 2.6878896417629736, "x7": 11.311933380265076, "x8": 1.4155740673908443, "x9": 1.025307867208335}, "datetime": {"datetime": "2025-05-10 12:32:14", "elapsed": 3003.16433, "delta": 9.437246}}
{"target": 49.455633046266634, "params": {"x0": 1.1229516388330747, "x1": 1.5910247517214269, "x2": 0.010416206035250085, "x3": 1.9583947934575332, "x4": 0.0058571362878075805, "x5": 2.0306372133914963e-13, "x6": 2.6878896417630997, "x7": 11.311933380265152, "x8": 1.41557406739086, "x9": 1.0253078672083116}, "datetime": {"datetime": "2025-05-10 12:32:24", "elapsed": 3013.309258, "delta": 10.144928}}
{"target": 49.455633046266634, "params": {"x0": 1.122951638833079, "x1": 1.5910247517212879, "x2": 0.010416206035270822, "x3": 1.9583947934575523, "x4": 0.005857136287772279, "x5": 2.0860763744991663e-13, "x6": 2.687889641763049, "x7": 11.311933380265193, "x8": 1.4155740673908552, "x9": 1.0253078672082923}, "datetime": {"datetime": "2025-05-10 12:32:34", "elapsed": 3022.951114, "delta": 9.641856}}
{"target": 49.455633046266634, "params": {"x0": 1.12295163883308, "x1": 1.591024751721374, "x2": 0.010416206035382267, "x3": 1.9583947934575223, "x4": 0.005857136287696166, "x5": 1.3274901926036032e-13, "x6": 2.6878896417631983, "x7": 11.31193338026502, "x8": 1.4155740673908543, "x9": 1.025307867208311}, "datetime": {"datetime": "2025-05-10 12:32:43", "elapsed": 3032.580963, "delta": 9.629849}}
{"target": 49.455633046266634, "params": {"x0": 1.1229516388330765, "x1": 1.5910247517213856, "x2": 0.010416206035358826, "x3": 1.95839479345748, "x4": 0.005857136287730884, "x5": 1.345443210686144e-13, "x6": 2.687889641762944, "x7": 11.311933380265083, "x8": 1.41557406739085, "x9": 1.0253078672082891}, "datetime": {"datetime": "2025-05-10 12:32:53", "elapsed": 3042.056163, "delta": 9.4752}}
{"target": 49.455633046266634, "params": {"x0": 1.1229516388330771, "x1": 1.5910247517214076, "x2": 0.010416206035277781, "x3": 1.9583947934576547, "x4": 0.005857136287781729, "x5": 8.093662418036399e-14, "x6": 2.687889641763198, "x7": 11.311933380265009, "x8": 1.415574067390853, "x9": 1.0253078672082854}, "datetime": {"datetime": "2025-05-10 12:33:03", "elapsed": 3052.223812, "delta": 10.167649}}
{"target": 49.455633046266634, "params": {"x0": 1.1229516388330765, "x1": 1.5910247517212965, "x2": 0.01041620603527265, "x3": 1.9583947934576096, "x4": 0.005857136287730526, "x5": 1.2153380944655773e-13, "x6": 2.687889641763242, "x7": 11.311933380265083, "x8": 1.4155740673908515, "x9": 1.0253078672083105}, "datetime": {"datetime": "2025-05-10 12:33:13", "elapsed": 3062.437339, "delta": 10.213527}}
{"target": 49.455633046266634, "params": {"x0": 1.1229516388330782, "x1": 1.591024751721287, "x2": 0.010416206035307567, "x3": 1.9583947934574728, "x4": 0.005857136287736982, "x5": 6.286785108404339e-14, "x6": 2.6878896417630744, "x7": 11.311933380265158, "x8": 1.4155740673908441, "x9": 1.0253078672082998}, "datetime": {"datetime": "2025-05-10 12:33:23", "elapsed": 3072.026395, "delta": 9.589056}}
{"target": 49.455633046266634, "params": {"x0": 1.1229516388330767, "x1": 1.5910247517213114, "x2": 0.010416206035333282, "x3": 1.9583947934575594, "x4": 0.00585713628775274, "x5": 7.682925570248205e-14, "x6": 2.687889641763316, "x7": 11.311933380265105, "x8": 1.4155740673908475, "x9": 1.0253078672082623}, "datetime": {"datetime": "2025-05-10 12:33:32", "elapsed": 3081.643682, "delta": 9.617287}}
{"target": 49.455633046266634, "params": {"x0": 1.122951638833079, "x1": 1.5910247517213596, "x2": 0.010416206035292534, "x3": 1.9583947934574917, "x4": 0.005857136287696115, "x5": 2.0277644336666373e-14, "x6": 2.6878896417631246, "x7": 11.311933380265133, "x8": 1.4155740673908486, "x9": 1.0253078672082938}, "datetime": {"datetime": "2025-05-10 12:33:42", "elapsed": 3091.152389, "delta": 9.508707}}
{"target": 49.455633046266634, "params": {"x0": 1.1229516388330774, "x1": 1.5910247517213316, "x2": 0.010416206035311883, "x3": 1.9583947934574295, "x4": 0.005857136287763265, "x5": 3.865791891333946e-15, "x6": 2.6878896417631335, "x7": 11.31193338026508, "x8": 1.415574067390839, "x9": 1.0253078672082656}, "datetime": {"datetime": "2025-05-10 12:33:52", "elapsed": 3100.853115, "delta": 9.700726}}
{"target": 49.455633046266634, "params": {"x0": 1.122951638833077, "x1": 1.5910247517213063, "x2": 0.0104162060353143, "x3": 1.95839479345752, "x4": 0.005857136287729401, "x5": 6.299476249412469e-14, "x6": 2.687889641763099, "x7": 11.311933380265137, "x8": 1.415574067390837, "x9": 1.0253078672082632}, "datetime": {"datetime": "2025-05-10 12:34:02", "elapsed": 3111.032596, "delta": 10.179481}}
{"target": 49.455633046266634, "params": {"x0": 1.1229516388330774, "x1": 1.5910247517213105, "x2": 0.010416206035289428, "x3": 1.9583947934574693, "x4": 0.0058571362877404935, "x5": 3.6005308761276845e-14, "x6": 2.6878896417632614, "x7": 11.311933380265101, "x8": 1.4155740673908344, "x9": 1.02530786720827}, "datetime": {"datetime": "2025-05-10 12:34:12", "elapsed": 3120.716198, "delta": 9.683602}}
{"target": 49.455633046266634, "params": {"x0": 1.1229516388330782, "x1": 1.5910247517213405, "x2": 0.010416206035327263, "x3": 1.9583947934575037, "x4": 0.005857136287742163, "x5": 9.03304191943041e-15, "x6": 2.6878896417632565, "x7": 11.311933380265042, "x8": 1.41557406739084, "x9": 1.0253078672082767}, "datetime": {"datetime": "2025-05-10 12:34:21", "elapsed": 3130.387368, "delta": 9.67117}}
{"target": 49.455633046266634, "params": {"x0": 1.1229516388330776, "x1": 1.5910247517213143, "x2": 0.010416206035329686, "x3": 1.9583947934575505, "x4": 0.005857136287728099, "x5": 4.281190861288378e-14, "x6": 2.6878896417631806, "x7": 11.31193338026508, "x8": 1.4155740673908428, "x9": 1.0253078672082723}, "datetime": {"datetime": "2025-05-10 12:34:31", "elapsed": 3139.853615, "delta": 9.466247}}
{"target": 49.455633046266634, "params": {"x0": 1.1229516388330774, "x1": 1.5910247517213263, "x2": 0.010416206035316605, "x3": 1.9583947934575474, "x4": 0.005857136287696286, "x5": 2.7450135284272244e-14, "x6": 2.687889641763175, "x7": 11.311933380265055, "x8": 1.4155740673908364, "x9": 1.025307867208276}, "datetime": {"datetime": "2025-05-10 12:34:41", "elapsed": 3149.755159, "delta": 9.901544}}
{"target": 49.455633046266634, "params": {"x0": 1.122951638833078, "x1": 1.5910247517213267, "x2": 0.01041620603533357, "x3": 1.9583947934575465, "x4": 0.005857136287688535, "x5": 4.8165806441898096e-14, "x6": 2.6878896417632094, "x7": 11.311933380265081, "x8": 1.415574067390845, "x9": 1.025307867208285}, "datetime": {"datetime": "2025-05-10 12:34:51", "elapsed": 3159.976585, "delta": 10.221426}}
{"target": 49.455633046266634, "params": {"x0": 1.122951638833078, "x1": 1.5910247517213445, "x2": 0.010416206035332658, "x3": 1.9583947934574826, "x4": 0.005857136287692898, "x5": 2.1100217196802273e-15, "x6": 2.6878896417631757, "x7": 11.31193338026511, "x8": 1.4155740673908412, "x9": 1.025307867208287}, "datetime": {"datetime": "2025-05-10 12:35:01", "elapsed": 3170.014102, "delta": 10.037517}}
{"target": 49.455633046266634, "params": {"x0": 1.1229516388330778, "x1": 1.5910247517213352, "x2": 0.010416206035312865, "x3": 1.9583947934575205, "x4": 0.005857136287728028, "x5": 2.904530084447449e-16, "x6": 2.6878896417631792, "x7": 11.311933380265058, "x8": 1.4155740673908428, "x9": 1.025307867208289}, "datetime": {"datetime": "2025-05-10 12:35:11", "elapsed": 3180.291667, "delta": 10.277565}}
{"target": 49.455633046266634, "params": {"x0": 1.1229516388330776, "x1": 1.5910247517213294, "x2": 0.010416206035311057, "x3": 1.958394793457509, "x4": 0.005857136287732007, "x5": 2.330584652527464e-14, "x6": 2.6878896417631215, "x7": 11.311933380265087, "x8": 1.41557406739084, "x9": 1.0253078672082876}, "datetime": {"datetime": "2025-05-10 12:35:21", "elapsed": 3190.119759, "delta": 9.828092}}
{"target": 49.455633046266634, "params": {"x0": 1.1229516388330778, "x1": 1.5910247517213494, "x2": 0.010416206035321975, "x3": 1.9583947934574961, "x4": 0.005857136287712004, "x5": 7.180267294206427e-15, "x6": 2.687889641763183, "x7": 11.311933380265085, "x8": 1.4155740673908432, "x9": 1.0253078672082745}, "datetime": {"datetime": "2025-05-10 12:35:30", "elapsed": 3199.487455, "delta": 9.367696}}
{"target": 49.455633046266634, "params": {"x0": 1.1229516388330774, "x1": 1.59102475172134, "x2": 0.010416206035310066, "x3": 1.9583947934574768, "x4": 0.005857136287724435, "x5": 2.8028316198678344e-14, "x6": 2.6878896417631446, "x7": 11.311933380265073, "x8": 1.4155740673908417, "x9": 1.0253078672082798}, "datetime": {"datetime": "2025-05-10 12:35:41", "elapsed": 3209.95432, "delta": 10.466865}}
{"target": 49.455633046266634, "params": {"x0": 1.1229516388330774, "x1": 1.5910247517213485, "x2": 0.010416206035320572, "x3": 1.9583947934575028, "x4": 0.005857136287705235, "x5": 2.648865797689181e-14, "x6": 2.6878896417631744, "x7": 11.311933380265076, "x8": 1.4155740673908404, "x9": 1.0253078672082836}, "datetime": {"datetime": "2025-05-10 12:35:50", "elapsed": 3219.335164, "delta": 9.380844}}
{"target": 49.455633046266634, "params": {"x0": 1.1229516388330774, "x1": 1.591024751721334, "x2": 0.010416206035321784, "x3": 1.9583947934575132, "x4": 0.005857136287727376, "x5": 2.1319065091452697e-14, "x6": 2.687889641763182, "x7": 11.311933380265074, "x8": 1.4155740673908404, "x9": 1.0253078672082792}, "datetime": {"datetime": "2025-05-10 12:36:00", "elapsed": 3229.135104, "delta": 9.79994}}
{"target": 49.455633046266634, "params": {"x0": 1.1229516388330776, "x1": 1.5910247517213352, "x2": 0.010416206035316953, "x3": 1.9583947934574957, "x4": 0.005857136287705432, "x5": 1.8467781554110782e-14, "x6": 2.6878896417631544, "x7": 11.311933380265067, "x8": 1.4155740673908423, "x9": 1.0253078672082858}, "datetime": {"datetime": "2025-05-10 12:36:10", "elapsed": 3238.92445, "delta": 9.789346}}
{"target": 49.455633046266634, "params": {"x0": 1.1229516388330774, "x1": 1.5910247517213354, "x2": 0.010416206035316409, "x3": 1.9583947934574801, "x4": 0.005857136287724028, "x5": 7.573737836022276e-15, "x6": 2.6878896417631806, "x7": 11.31193338026508, "x8": 1.4155740673908428, "x9": 1.0253078672082845}, "datetime": {"datetime": "2025-05-10 12:36:19", "elapsed": 3248.446673, "delta": 9.522223}}
{"target": 49.455633046266634, "params": {"x0": 1.1229516388330778, "x1": 1.591024751721336, "x2": 0.010416206035322152, "x3": 1.9583947934574872, "x4": 0.005857136287705908, "x5": 6.2241878050552915e-15, "x6": 2.687889641763178, "x7": 11.311933380265069, "x8": 1.415574067390841, "x9": 1.0253078672082845}, "datetime": {"datetime": "2025-05-10 12:36:29", "elapsed": 3258.298178, "delta": 9.851505}}
{"target": 49.455633046266634, "params": {"x0": 1.1229516388330778, "x1": 1.5910247517213363, "x2": 0.010416206035314008, "x3": 1.9583947934575079, "x4": 0.0058571362877093665, "x5": 1.611580640844242e-14, "x6": 2.687889641763192, "x7": 11.311933380265073, "x8": 1.4155740673908417, "x9": 1.0253078672082794}, "datetime": {"datetime": "2025-05-10 12:36:39", "elapsed": 3268.360974, "delta": 10.062796}}
{"target": 49.455633046266634, "params": {"x0": 1.1229516388330776, "x1": 1.5910247517213372, "x2": 0.010416206035321358, "x3": 1.9583947934574986, "x4": 0.00585713628770969, "x5": 1.4500398014530104e-14, "x6": 2.687889641763167, "x7": 11.311933380265078, "x8": 1.4155740673908426, "x9": 1.0253078672082794}, "datetime": {"datetime": "2025-05-10 12:36:50", "elapsed": 3278.88652, "delta": 10.525546}}
{"target": 49.455633046266634, "params": {"x0": 1.1229516388330778, "x1": 1.5910247517213443, "x2": 0.010416206035320022, "x3": 1.958394793457495, "x4": 0.005857136287712286, "x5": 3.1026346560566418e-15, "x6": 2.6878896417631717, "x7": 11.31193338026508, "x8": 1.4155740673908423, "x9": 1.0253078672082798}, "datetime": {"datetime": "2025-05-10 12:36:59", "elapsed": 3288.573517, "delta": 9.686997}}
{"target": 49.455633046266634, "params": {"x0": 1.1229516388330776, "x1": 1.5910247517213418, "x2": 0.01041620603532115, "x3": 1.9583947934574903, "x4": 0.005857136287717696, "x5": 4.4851029353889365e-15, "x6": 2.687889641763186, "x7": 11.311933380265087, "x8": 1.4155740673908412, "x9": 1.025307867208281}, "datetime": {"datetime": "2025-05-10 12:37:09", "elapsed": 3298.700263, "delta": 10.126746}}
{"target": 49.455633046266634, "params": {"x0": 1.1229516388330776, "x1": 1.5910247517213438, "x2": 0.010416206035318981, "x3": 1.9583947934574955, "x4": 0.005857136287714808, "x5": 7.377917232808157e-15, "x6": 2.6878896417631783, "x7": 11.311933380265076, "x8": 1.4155740673908415, "x9": 1.0253078672082792}, "datetime": {"datetime": "2025-05-10 12:37:20", "elapsed": 3309.257476, "delta": 10.557213}}
{"target": 49.455633046266634, "params": {"x0": 1.1229516388330776, "x1": 1.5910247517213445, "x2": 0.01041620603531541, "x3": 1.9583947934574968, "x4": 0.0058571362877129435, "x5": 8.610900242509024e-15, "x6": 2.68788964176316, "x7": 11.311933380265083, "x8": 1.4155740673908412, "x9": 1.0253078672082807}, "datetime": {"datetime": "2025-05-10 12:37:30", "elapsed": 3319.632727, "delta": 10.375251}}
{"target": 49.455633046266634, "params": {"x0": 1.1229516388330774, "x1": 1.5910247517213432, "x2": 0.010416206035316785, "x3": 1.9583947934574992, "x4": 0.005857136287716155, "x5": 5.096838672389709e-15, "x6": 2.6878896417631823, "x7": 11.311933380265076, "x8": 1.415574067390841, "x9": 1.0253078672082812}, "datetime": {"datetime": "2025-05-10 12:37:41", "elapsed": 3329.900423, "delta": 10.267696}}
{"target": 49.455633046266634, "params": {"x0": 1.1229516388330776, "x1": 1.5910247517213412, "x2": 0.010416206035317635, "x3": 1.9583947934574992, "x4": 0.005857136287714036, "x5": 7.536920737737859e-15, "x6": 2.687889641763175, "x7": 11.311933380265083, "x8": 1.4155740673908406, "x9": 1.0253078672082827}, "datetime": {"datetime": "2025-05-10 12:37:51", "elapsed": 3340.018993, "delta": 10.11857}}
{"target": 49.455633046266634, "params": {"x0": 1.1229516388330776, "x1": 1.591024751721342, "x2": 0.01041620603531896, "x3": 1.958394793457492, "x4": 0.0058571362877105106, "x5": 3.828086333450771e-15, "x6": 2.687889641763164, "x7": 11.311933380265081, "x8": 1.4155740673908408, "x9": 1.0253078672082816}, "datetime": {"datetime": "2025-05-10 12:38:01", "elapsed": 3350.207463, "delta": 10.18847}}
{"target": 49.455633046266634, "params": {"x0": 1.1229516388330776, "x1": 1.5910247517213436, "x2": 0.010416206035317592, "x3": 1.9583947934574957, "x4": 0.0058571362877124335, "x5": 7.958713060869911e-16, "x6": 2.687889641763182, "x7": 11.31193338026508, "x8": 1.4155740673908417, "x9": 1.02530786720828}, "datetime": {"datetime": "2025-05-10 12:38:11", "elapsed": 3360.185349, "delta": 9.977886}}
{"target": 49.455633046266634, "params": {"x0": 1.1229516388330776, "x1": 1.5910247517213416, "x2": 0.010416206035316265, "x3": 1.9583947934574941, "x4": 0.005857136287713693, "x5": 4.180653896316222e-15, "x6": 2.6878896417631672, "x7": 11.311933380265081, "x8": 1.415574067390841, "x9": 1.0253078672082814}, "datetime": {"datetime": "2025-05-10 12:38:21", "elapsed": 3370.331307, "delta": 10.145958}}
{"target": 49.455633046266634, "params": {"x0": 1.1229516388330776, "x1": 1.591024751721341, "x2": 0.010416206035318615, "x3": 1.9583947934574961, "x4": 0.005857136287712953, "x5": 1.5122448033880318e-15, "x6": 2.687889641763167, "x7": 11.31193338026508, "x8": 1.4155740673908417, "x9": 1.025307867208282}, "datetime": {"datetime": "2025-05-10 12:38:31", "elapsed": 3380.232977, "delta": 9.90167}}
{"target": 49.455633046266634, "params": {"x0": 1.1229516388330776, "x1": 1.5910247517213407, "x2": 0.01041620603531904, "x3": 1.9583947934574946, "x4": 0.005857136287713708, "x5": 5.53266409217985e-16, "x6": 2.6878896417631757, "x7": 11.311933380265085, "x8": 1.4155740673908412, "x9": 1.0253078672082816}, "datetime": {"datetime": "2025-05-10 12:38:41", "elapsed": 3390.252572, "delta": 10.019595}}
{"target": 49.455633046266634, "params": {"x0": 1.1229516388330776, "x1": 1.5910247517213416, "x2": 0.010416206035317408, "x3": 1.9583947934575, "x4": 0.005857136287714998, "x5": 3.7574022734198275e-15, "x6": 2.6878896417631704, "x7": 11.311933380265081, "x8": 1.4155740673908412, "x9": 1.0253078672082807}, "datetime": {"datetime": "2025-05-10 12:38:51", "elapsed": 3400.693733, "delta": 10.441161}}
{"target": 49.455633046266634, "params": {"x0": 1.1229516388330776, "x1": 1.5910247517213396, "x2": 0.010416206035318402, "x3": 1.9583947934575012, "x4": 0.005857136287713393, "x5": 1.4371934400408282e-15, "x6": 2.6878896417631672, "x7": 11.311933380265085, "x8": 1.415574067390841, "x9": 1.0253078672082807}, "datetime": {"datetime": "2025-05-10 12:39:02", "elapsed": 3411.158716, "delta": 10.464983}}
{"target": 49.455633046266634, "params": {"x0": 1.1229516388330776, "x1": 1.5910247517213412, "x2": 0.010416206035317371, "x3": 1.9583947934575001, "x4": 0.005857136287714881, "x5": 1.96359256383106e-15, "x6": 2.687889641763175, "x7": 11.311933380265081, "x8": 1.4155740673908415, "x9": 1.025307867208282}, "datetime": {"datetime": "2025-05-10 12:39:12", "elapsed": 3420.774981, "delta": 9.616265}}
{"target": 49.455633046266634, "params": {"x0": 1.1229516388330776, "x1": 1.5910247517213396, "x2": 0.010416206035317841, "x3": 1.9583947934574968, "x4": 0.005857136287714368, "x5": 4.1615362954326004e-16, "x6": 2.687889641763169, "x7": 11.31193338026508, "x8": 1.4155740673908415, "x9": 1.0253078672082816}, "datetime": {"datetime": "2025-05-10 12:39:22", "elapsed": 3430.857115, "delta": 10.082134}}
{"target": 49.455633046266634, "params": {"x0": 1.1229516388330776, "x1": 1.5910247517213407, "x2": 0.01041620603531846, "x3": 1.9583947934574972, "x4": 0.0058571362877128065, "x5": 1.59788687584065e-15, "x6": 2.68788964176317, "x7": 11.311933380265081, "x8": 1.4155740673908412, "x9": 1.0253078672082816}, "datetime": {"datetime": "2025-05-10 12:39:33", "elapsed": 3441.749515, "delta": 10.8924}}
{"target": 49.455633046266634, "params": {"x0": 1.1229516388330776, "x1": 1.5910247517213416, "x2": 0.010416206035316733, "x3": 1.9583947934574981, "x4": 0.00585713628771522, "x5": 1.1533895820649951e-15, "x6": 2.687889641763171, "x7": 11.311933380265081, "x8": 1.415574067390841, "x9": 1.0253078672082812}, "datetime": {"datetime": "2025-05-10 12:39:43", "elapsed": 3452.235556, "delta": 10.486041}}
{"target": 49.455633046266634, "params": {"x0": 1.1229516388330776, "x1": 1.591024751721341, "x2": 0.010416206035316757, "x3": 1.958394793457498, "x4": 0.005857136287715155, "x5": 1.6051180454300472e-15, "x6": 2.68788964176317, "x7": 11.311933380265081, "x8": 1.4155740673908412, "x9": 1.0253078672082818}, "datetime": {"datetime": "2025-05-10 12:39:54", "elapsed": 3462.730247, "delta": 10.494691}}
{"target": 49.455633046266634, "params": {"x0": 1.1229516388330776, "x1": 1.5910247517213414, "x2": 0.010416206035317139, "x3": 1.9583947934574975, "x4": 0.005857136287713393, "x5": 1.563381178796429e-15, "x6": 2.68788964176317, "x7": 11.311933380265083, "x8": 1.415574067390841, "x9": 1.0253078672082814}, "datetime": {"datetime": "2025-05-10 12:40:04", "elapsed": 3472.876982, "delta": 10.146735}}
