{"target": 49.455633046266634, "params": {"x0": 1.1229514376640977, "x1": 1.5910180035764376, "x2": 0.010410787051287364, "x3": 1.958380289695182, "x4": 0.005848919629692465, "x5": 0.0, "x6": 2.6878663607694735, "x7": 11.311944306265092, "x8": 1.4155726922946064, "x9": 1.0253046499427525}, "datetime": {"datetime": "2025-05-10 12:06:31", "elapsed": 1459.791272, "delta": 8.513427}}
{"target": 49.455633046266634, "params": {"x0": 1.1229514577809956, "x1": 1.591018678390928, "x2": 0.010411328949690383, "x3": 1.9583817400714136, "x4": 0.005849741295494622, "x5": 0.0, "x6": 2.6878686888688432, "x7": 11.31194321366509, "x8": 1.4155728298042298, "x9": 1.0253049716693055}, "datetime": {"datetime": "2025-05-10 12:06:39", "elapsed": 1468.571981, "delta": 8.780709}}
{"target": 49.455633046266634, "params": {"x0": 1.1229514758862038, "x1": 1.5910192857239693, "x2": 0.010411816658253099, "x3": 1.958383045410022, "x4": 0.005850480794716563, "x5": 0.0, "x6": 2.6878707841582763, "x7": 11.311942230325089, "x8": 1.4155729535628911, "x9": 1.025305261223203}, "datetime": {"datetime": "2025-05-10 12:06:48", "elapsed": 1477.301597, "delta": 8.729616}}
{"target": 49.455633046266634, "params": {"x0": 1.1229514921808912, "x1": 1.5910198323237064, "x2": 0.010412255595959543, "x3": 1.9583842202147697, "x4": 0.005851146344016311, "x5": 0.0, "x6": 2.687872669918766, "x7": 11.311941345319088, "x8": 1.4155730649456861, "x9": 1.0253055218217109}, "datetime": {"datetime": "2025-05-10 12:06:57", "elapsed": 1485.950816, "delta": 8.649219}}
{"target": 49.455633046266634, "params": {"x0": 1.1229515068461098, "x1": 1.59102032426347, "x2": 0.010412650639895342, "x3": 1.9583852775390425, "x4": 0.005851745338386083, "x5": 0.0, "x6": 2.6878743671032064, "x7": 11.311940548813688, "x8": 1.4155731651902015, "x9": 1.0253057563603678}, "datetime": {"datetime": "2025-05-10 12:07:05", "elapsed": 1494.585413, "delta": 8.634597}}
{"target": 49.455633046266634, "params": {"x0": 1.1229515200448066, "x1": 1.591020767009257, "x2": 0.010413006179437563, "x3": 1.958386229130888, "x4": 0.005852284433318878, "x5": 0.0, "x6": 2.687875894569203, "x7": 11.311939831958828, "x8": 1.4155732554102656, "x9": 1.0253059674451592}, "datetime": {"datetime": "2025-05-10 12:07:14", "elapsed": 1503.163604, "delta": 8.578191}}
{"target": 49.455633046266634, "params": {"x0": 1.1229515319236336, "x1": 1.5910211654804653, "x2": 0.01041332616502556, "x3": 1.958387085563549, "x4": 0.005852769618758394, "x5": 0.0, "x6": 2.6878772692886, "x7": 11.311939186789452, "x8": 1.4155733366083232, "x9": 1.0253061574214715}, "datetime": {"datetime": "2025-05-10 12:07:22", "elapsed": 1511.653025, "delta": 8.489421}}
{"target": 49.455633046266634, "params": {"x0": 1.1229515426145782, "x1": 1.5910215241045529, "x2": 0.01041361415205476, "x3": 1.958387856352944, "x4": 0.0058532062856539585, "x5": 0.0, "x6": 2.6878785065360575, "x7": 11.311938606137016, "x8": 1.4155734096865749, "x9": 1.0253063284001525}, "datetime": {"datetime": "2025-05-10 12:07:31", "elapsed": 1520.181514, "delta": 8.528489}}
{"target": 49.455633046266634, "params": {"x0": 1.122951552236428, "x1": 1.5910218468662318, "x2": 0.010413873340381036, "x3": 1.9583885500633993, "x4": 0.005853599285859966, "x5": 0.0, "x6": 2.687879620058769, "x7": 11.311938083549823, "x8": 1.4155734754570015, "x9": 1.0253064822809652}, "datetime": {"datetime": "2025-05-10 12:07:40", "elapsed": 1528.78017, "delta": 8.598656}}
{"target": 49.455633046266634, "params": {"x0": 1.122951560896093, "x1": 1.5910221373517426, "x2": 0.010414106609874687, "x3": 1.9583891744028092, "x4": 0.005853952986045374, "x5": 0.0, "x6": 2.6878806222292093, "x7": 11.311937613221348, "x8": 1.4155735346503855, "x9": 1.025306620773697}, "datetime": {"datetime": "2025-05-10 12:07:48", "elapsed": 1537.393582, "delta": 8.613412}}
{"target": 49.455633046266634, "params": {"x0": 1.1229515686897915, "x1": 1.5910223987887024, "x2": 0.010414316552418973, "x3": 1.958389736308278, "x4": 0.00585427131621224, "x5": 0.0, "x6": 2.6878815241826057, "x7": 11.311937189925722, "x8": 1.415573587924431, "x9": 1.0253067454171554}, "datetime": {"datetime": "2025-05-10 12:07:57", "elapsed": 1545.996957, "delta": 8.603375}}
{"target": 49.455633046266634, "params": {"x0": 1.12295157570412, "x1": 1.5910226340819664, "x2": 0.01041450550070883, "x3": 1.9583902420232002, "x4": 0.00585455781336242, "x5": 0.0, "x6": 2.6878823359406625, "x7": 11.311936808959658, "x8": 1.4155736358710722, "x9": 1.025306857596268}, "datetime": {"datetime": "2025-05-10 12:08:05", "elapsed": 1554.37988, "delta": 8.382923}}
{"target": 49.455633046266634, "params": {"x0": 1.1229515820170157, "x1": 1.5910228458459037, "x2": 0.010414675554169701, "x3": 1.9583906971666298, "x4": 0.005854815660797581, "x5": 0.0, "x6": 2.687883066522913, "x7": 11.3119364660902, "x8": 1.415573679023049, "x9": 1.0253069585574692}, "datetime": {"datetime": "2025-05-10 12:08:14", "elapsed": 1563.030622, "delta": 8.650742}}
{"target": 49.455633046266634, "params": {"x0": 1.122951587698622, "x1": 1.5910230364334474, "x2": 0.010414828602284485, "x3": 1.9583911067957167, "x4": 0.005855047723489226, "x5": 0.0, "x6": 2.687883724046939, "x7": 11.311936157507688, "x8": 1.4155737178598282, "x9": 1.0253070494225505}, "datetime": {"datetime": "2025-05-10 12:08:22", "elapsed": 1571.594531, "delta": 8.563909}}
{"target": 49.455633046266634, "params": {"x0": 1.1229516336146497, "x1": 1.5910236848063617, "x2": 0.01041525223485136, "x3": 1.9583923722095795, "x4": 0.005856137254105963, "x5": 7.08453481880529e-08, "x6": 2.6878848896338488, "x7": 11.311932760535816, "x8": 1.4155738929980675, "x9": 1.0253074371014985}, "datetime": {"datetime": "2025-05-10 12:08:31", "elapsed": 1580.157285, "delta": 8.562754}}
{"target": 49.455633046266634, "params": {"x0": 1.1229516389414707, "x1": 1.5910240388414978, "x2": 0.010415100052792906, "x3": 1.958392152413832, "x4": 0.005858088870763454, "x5": 5.2888068030177294e-08, "x6": 2.6878850005092016, "x7": 11.311932748773337, "x8": 1.4155738710292212, "x9": 1.025307779020362}, "datetime": {"datetime": "2025-05-10 12:08:40", "elapsed": 1588.797121, "delta": 8.639836}}
{"target": 49.455633046266634, "params": {"x0": 1.1229516548534435, "x1": 1.5910258174717455, "x2": 0.010415539943554398, "x3": 1.9583924981349767, "x4": 0.0058561074835115695, "x5": 2.392509842337496e-08, "x6": 2.687887468879546, "x7": 11.31193474186625, "x8": 1.415573825591282, "x9": 1.025307326560667}, "datetime": {"datetime": "2025-05-10 12:08:48", "elapsed": 1597.538044, "delta": 8.740923}}
{"target": 49.455633046266634, "params": {"x0": 1.1229516405593627, "x1": 1.5910238770474594, "x2": 0.01041559290780558, "x3": 1.9583929308810661, "x4": 0.005855832817549712, "x5": 3.5639903978651084e-09, "x6": 2.6878857763126103, "x7": 11.311933971845477, "x8": 1.4155739308669197, "x9": 1.0253077292387216}, "datetime": {"datetime": "2025-05-10 12:08:57", "elapsed": 1606.130494, "delta": 8.59245}}
{"target": 49.455633046266634, "params": {"x0": 1.122951639568674, "x1": 1.5910246499284657, "x2": 0.010415619417850148, "x3": 1.958392654322559, "x4": 0.005856137366734055, "x5": 4.84816812052375e-08, "x6": 2.6878865042972357, "x7": 11.31193473786916, "x8": 1.4155740340598637, "x9": 1.025307645427339}, "datetime": {"datetime": "2025-05-10 12:09:05", "elapsed": 1614.610873, "delta": 8.480379}}
{"target": 49.455633046266634, "params": {"x0": 1.1229516233841788, "x1": 1.5910240114919836, "x2": 0.010415544853858228, "x3": 1.9583934547367952, "x4": 0.005857192701601061, "x5": 4.135021330393752e-08, "x6": 2.6878869828830143, "x7": 11.311934692165378, "x8": 1.4155740213383847, "x9": 1.0253075843906394}, "datetime": {"datetime": "2025-05-10 12:09:14", "elapsed": 1623.179064, "delta": 8.568191}}
{"target": 49.455633046266634, "params": {"x0": 1.1229516235439, "x1": 1.591024725056354, "x2": 0.010415798921943225, "x3": 1.9583932568665914, "x4": 0.0058573692275938624, "x5": 2.48808907989537e-08, "x6": 2.6878871635626123, "x7": 11.311933905250488, "x8": 1.4155739700904444, "x9": 1.0253075994077978}, "datetime": {"datetime": "2025-05-10 12:09:23", "elapsed": 1631.769224, "delta": 8.59016}}
{"target": 49.455633046266634, "params": {"x0": 1.1229516303947322, "x1": 1.591024411372066, "x2": 0.010415921623972878, "x3": 1.9583934369245892, "x4": 0.005856600179250155, "x5": 3.936788565963442e-08, "x6": 2.6878876775085345, "x7": 11.311934477972953, "x8": 1.4155739264878568, "x9": 1.0253080890577941}, "datetime": {"datetime": "2025-05-10 12:09:31", "elapsed": 1640.255961, "delta": 8.486737}}
{"target": 49.455633046266634, "params": {"x0": 1.1229516306835994, "x1": 1.5910245255108872, "x2": 0.010416628461667292, "x3": 1.9583933946355727, "x4": 0.005856623685777444, "x5": 1.5441337541176805e-08, "x6": 2.687887376367515, "x7": 11.311934228158641, "x8": 1.4155740043971021, "x9": 1.0253077563060988}, "datetime": {"datetime": "2025-05-10 12:09:40", "elapsed": 1648.892299, "delta": 8.636338}}
{"target": 49.455633046266634, "params": {"x0": 1.1229516234377297, "x1": 1.5910242931167629, "x2": 0.010415892471739022, "x3": 1.9583935917508046, "x4": 0.005857728957334841, "x5": 1.232271702574269e-08, "x6": 2.6878885876737604, "x7": 11.311933669011442, "x8": 1.415574013651919, "x9": 1.0253076867029618}, "datetime": {"datetime": "2025-05-10 12:09:48", "elapsed": 1657.445861, "delta": 8.553562}}
{"target": 49.455633046266634, "params": {"x0": 1.122951646122422, "x1": 1.5910244522850445, "x2": 0.010416016853017924, "x3": 1.9583937835107352, "x4": 0.00585688370785082, "x5": 2.5368066299279085e-08, "x6": 2.6878878534267048, "x7": 11.311933905814879, "x8": 1.4155739831728447, "x9": 1.0253079176228912}, "datetime": {"datetime": "2025-05-10 12:09:57", "elapsed": 1666.539606, "delta": 9.093745}}
{"target": 49.455633046266634, "params": {"x0": 1.1229516247679512, "x1": 1.5910245498737472, "x2": 0.010415875379518826, "x3": 1.958393849044942, "x4": 0.005856844066572997, "x5": 4.690767218439881e-09, "x6": 2.6878882497662278, "x7": 11.311933765486707, "x8": 1.4155740604656226, "x9": 1.025307963582147}, "datetime": {"datetime": "2025-05-10 12:10:06", "elapsed": 1675.042804, "delta": 8.503198}}
{"target": 49.455633046266634, "params": {"x0": 1.122951628088983, "x1": 1.5910243652841047, "x2": 0.010415902794837853, "x3": 1.9583942865659922, "x4": 0.005857096729897045, "x5": 3.9741652691682493e-08, "x6": 2.6878887402322746, "x7": 11.311933915915995, "x8": 1.415574006882472, "x9": 1.0253077246481734}, "datetime": {"datetime": "2025-05-10 12:10:15", "elapsed": 1683.707575, "delta": 8.664771}}
{"target": 49.455633046266634, "params": {"x0": 1.1229516288505248, "x1": 1.5910246291889982, "x2": 0.010415921850609479, "x3": 1.958394069048826, "x4": 0.005857046387184475, "x5": 2.4071496076820317e-08, "x6": 2.687888607970775, "x7": 11.311933580695168, "x8": 1.4155739888698968, "x9": 1.025307891152206}, "datetime": {"datetime": "2025-05-10 12:10:23", "elapsed": 1692.288671, "delta": 8.581096}}
{"target": 49.455633046266634, "params": {"x0": 1.1229516438404945, "x1": 1.591024687247547, "x2": 0.01041599949397387, "x3": 1.9583942430678905, "x4": 0.005857257479203735, "x5": 4.851408703659509e-09, "x6": 2.6878885083624238, "x7": 11.31193349062477, "x8": 1.41557399929744, "x9": 1.0253077143948446}, "datetime": {"datetime": "2025-05-10 12:10:32", "elapsed": 1700.989694, "delta": 8.701023}}
{"target": 49.455633046266634, "params": {"x0": 1.122951640737622, "x1": 1.5910249525572437, "x2": 0.010416118379968893, "x3": 1.9583942054124566, "x4": 0.0058573482489257265, "x5": 7.991549060749192e-10, "x6": 2.68788856009732, "x7": 11.311933377777276, "x8": 1.415574024163192, "x9": 1.025307733152403}, "datetime": {"datetime": "2025-05-10 12:10:40", "elapsed": 1709.654959, "delta": 8.665265}}
{"target": 49.455633046266634, "params": {"x0": 1.1229516447836834, "x1": 1.5910249355088875, "x2": 0.010416107202001998, "x3": 1.9583943855023414, "x4": 0.005857284083959858, "x5": 3.652206368861258e-09, "x6": 2.6878888918783153, "x7": 11.311933713222242, "x8": 1.4155740357751143, "x9": 1.0253077964214503}, "datetime": {"datetime": "2025-05-10 12:10:50", "elapsed": 1718.943563, "delta": 9.288604}}
{"target": 49.455633046266634, "params": {"x0": 1.1229516373130215, "x1": 1.591024683451633, "x2": 0.010416328843007446, "x3": 1.9583943017441043, "x4": 0.0058573550444426985, "x5": 1.5698361599022096e-08, "x6": 2.6878888088527284, "x7": 11.311933581691441, "x8": 1.4155740186587247, "x9": 1.0253077591010773}, "datetime": {"datetime": "2025-05-10 12:10:59", "elapsed": 1727.71953, "delta": 8.775967}}
{"target": 49.455633046266634, "params": {"x0": 1.1229516383867024, "x1": 1.5910247394521069, "x2": 0.010416035607721301, "x3": 1.958394587270571, "x4": 0.005856900498192948, "x5": 6.903078310553373e-09, "x6": 2.6878890587227158, "x7": 11.311933591430682, "x8": 1.4155740266671706, "x9": 1.0253078187964697}, "datetime": {"datetime": "2025-05-10 12:11:07", "elapsed": 1736.567567, "delta": 8.848037}}
{"target": 49.455633046266634, "params": {"x0": 1.1229516435358673, "x1": 1.5910247037974776, "x2": 0.01041624763631042, "x3": 1.9583943563410933, "x4": 0.005857031351761508, "x5": 1.2204613928522217e-08, "x6": 2.6878889276732356, "x7": 11.311933531606886, "x8": 1.415574037263293, "x9": 1.0253077883886248}, "datetime": {"datetime": "2025-05-10 12:11:16", "elapsed": 1745.199445, "delta": 8.631878}}
{"target": 49.455633046266634, "params": {"x0": 1.122951642008982, "x1": 1.591024918787687, "x2": 0.010416140598976867, "x3": 1.9583944250012237, "x4": 0.005857310895381739, "x5": 1.0725852718137749e-08, "x6": 2.687889037023317, "x7": 11.311933589579246, "x8": 1.415574043299396, "x9": 1.0253078166881726}, "datetime": {"datetime": "2025-05-10 12:11:25", "elapsed": 1753.997427, "delta": 8.797982}}
{"target": 49.455633046266634, "params": {"x0": 1.1229516339517136, "x1": 1.5910246947424553, "x2": 0.010416075598621222, "x3": 1.9583945133305896, "x4": 0.005857076112944433, "x5": 1.290636585965062e-08, "x6": 2.687889646743936, "x7": 11.311933644571987, "x8": 1.415574035297201, "x9": 1.0253077906434482}, "datetime": {"datetime": "2025-05-10 12:11:34", "elapsed": 1762.745591, "delta": 8.748164}}
{"target": 49.455633046266634, "params": {"x0": 1.1229516382450921, "x1": 1.5910246450394954, "x2": 0.010416087902761587, "x3": 1.9583945294148493, "x4": 0.005857145377403191, "x5": 5.49139789016705e-10, "x6": 2.6878893123447654, "x7": 11.311933407871052, "x8": 1.4155740640910277, "x9": 1.025307798292217}, "datetime": {"datetime": "2025-05-10 12:11:42", "elapsed": 1771.354977, "delta": 8.609386}}
{"target": 49.455633046266634, "params": {"x0": 1.1229516361196943, "x1": 1.5910248310368273, "x2": 0.010416098887995906, "x3": 1.958394500896913, "x4": 0.005856997898950781, "x5": 2.535840759493063e-10, "x6": 2.687889395828013, "x7": 11.311933451394582, "x8": 1.4155740694383363, "x9": 1.0253078066811858}, "datetime": {"datetime": "2025-05-10 12:11:51", "elapsed": 1780.109954, "delta": 8.754977}}
{"target": 49.455633046266634, "params": {"x0": 1.1229516397182322, "x1": 1.5910247162682825, "x2": 0.010416165765043471, "x3": 1.9583945380971854, "x4": 0.005857096397293089, "x5": 1.3490679104363972e-08, "x6": 2.6878894223870042, "x7": 11.311933551140802, "x8": 1.4155740489114255, "x9": 1.0253078244750475}, "datetime": {"datetime": "2025-05-10 12:12:00", "elapsed": 1788.766346, "delta": 8.656392}}
{"target": 49.455633046266634, "params": {"x0": 1.1229516382848899, "x1": 1.591024771685322, "x2": 0.010416168921033699, "x3": 1.9583946282453966, "x4": 0.005857025380951775, "x5": 6.32846713605342e-09, "x6": 2.6878893196301394, "x7": 11.31193354364187, "x8": 1.4155740533643262, "x9": 1.0253078166039262}, "datetime": {"datetime": "2025-05-10 12:12:08", "elapsed": 1797.528693, "delta": 8.762347}}
{"target": 49.455633046266634, "params": {"x0": 1.1229516384798808, "x1": 1.5910246869965106, "x2": 0.010416187073700222, "x3": 1.9583946233563831, "x4": 0.005857184476105036, "x5": 1.5628075064920933e-09, "x6": 2.687889463074353, "x7": 11.311933439599848, "x8": 1.4155740485636088, "x9": 1.0253078441757564}, "datetime": {"datetime": "2025-05-10 12:12:17", "elapsed": 1806.215336, "delta": 8.686643}}
{"target": 49.455633046266634, "params": {"x0": 1.122951640804487, "x1": 1.5910248181488884, "x2": 0.010416145176907888, "x3": 1.958394604391035, "x4": 0.005857144473572848, "x5": 5.428582447548285e-09, "x6": 2.6878893373386052, "x7": 11.311933518562379, "x8": 1.4155740495178097, "x9": 1.0253078663617134}, "datetime": {"datetime": "2025-05-10 12:12:26", "elapsed": 1815.092631, "delta": 8.877295}}
{"target": 49.455633046266634, "params": {"x0": 1.1229516394574979, "x1": 1.5910247029624094, "x2": 0.010416211878529057, "x3": 1.9583946655085698, "x4": 0.005857076306147894, "x5": 1.910068229721102e-09, "x6": 2.687889369850801, "x7": 11.3119334617007, "x8": 1.4155740525923457, "x9": 1.0253078391393664}, "datetime": {"datetime": "2025-05-10 12:12:35", "elapsed": 1824.102681, "delta": 9.01005}}
{"target": 49.455633046266634, "params": {"x0": 1.12295163992096, "x1": 1.591024747194094, "x2": 0.010416204579680023, "x3": 1.9583946412647524, "x4": 0.005857107235260352, "x5": 2.8034055211010546e-09, "x6": 2.687889556474585, "x7": 11.311933487565254, "x8": 1.4155740544592432, "x9": 1.0253078601103245}, "datetime": {"datetime": "2025-05-10 12:12:44", "elapsed": 1832.850327, "delta": 8.747646}}
{"target": 49.455633046266634, "params": {"x0": 1.12295163802541, "x1": 1.591024743135877, "x2": 0.010416174198178984, "x3": 1.958394767801559, "x4": 0.005857061698893105, "x5": 1.7476428701356189e-09, "x6": 2.6878894240616753, "x7": 11.31193348467502, "x8": 1.4155740544755255, "x9": 1.0253078529533965}, "datetime": {"datetime": "2025-05-10 12:12:52", "elapsed": 1841.513345, "delta": 8.663018}}
{"target": 49.455633046266634, "params": {"x0": 1.1229516374890074, "x1": 1.5910247068329961, "x2": 0.010416168345891567, "x3": 1.958394689135605, "x4": 0.005857192208286259, "x5": 1.603163183855284e-09, "x6": 2.6878894525725125, "x7": 11.311933399215846, "x8": 1.415574060008841, "x9": 1.0253078399539763}, "datetime": {"datetime": "2025-05-10 12:13:01", "elapsed": 1850.499339, "delta": 8.985994}}
{"target": 49.455633046266634, "params": {"x0": 1.1229516381582603, "x1": 1.5910247168543719, "x2": 0.01041619923676874, "x3": 1.9583946815065665, "x4": 0.005857150557350929, "x5": 5.496725013128366e-11, "x6": 2.6878894935714266, "x7": 11.31193342776226, "x8": 1.4155740676847954, "x9": 1.0253078499163086}, "datetime": {"datetime": "2025-05-10 12:13:10", "elapsed": 1859.223054, "delta": 8.723715}}
{"target": 49.455633046266634, "params": {"x0": 1.12295163956828, "x1": 1.591024768981997, "x2": 0.010416171548759609, "x3": 1.9583947011730138, "x4": 0.0058571332395362325, "x5": 1.2596232431665752e-09, "x6": 2.6878895600501838, "x7": 11.311933410411001, "x8": 1.4155740576919895, "x9": 1.0253078502840727}, "datetime": {"datetime": "2025-05-10 12:13:19", "elapsed": 1868.088158, "delta": 8.865104}}
{"target": 49.455633046266634, "params": {"x0": 1.1229516379287299, "x1": 1.5910247197432648, "x2": 0.010416177666921251, "x3": 1.958394711279353, "x4": 0.005857099727083472, "x5": 3.9335419752484154e-09, "x6": 2.6878895747429317, "x7": 11.311933435704798, "x8": 1.4155740636057508, "x9": 1.02530785891215}, "datetime": {"datetime": "2025-05-10 12:13:28", "elapsed": 1876.885269, "delta": 8.797111}}
{"target": 49.455633046266634, "params": {"x0": 1.1229516392676289, "x1": 1.5910247786873448, "x2": 0.010416231022829884, "x3": 1.9583947334984217, "x4": 0.005857105270879086, "x5": 1.4917545107298374e-10, "x6": 2.687889540398317, "x7": 11.31193343433373, "x8": 1.4155740598753257, "x9": 1.0253078529829274}, "datetime": {"datetime": "2025-05-10 12:13:36", "elapsed": 1885.649915, "delta": 8.764646}}
{"target": 49.455633046266634, "params": {"x0": 1.1229516394604788, "x1": 1.5910247800128325, "x2": 0.010416201330541656, "x3": 1.958394738312889, "x4": 0.005857130155283389, "x5": 6.533660850320346e-10, "x6": 2.6878895441106074, "x7": 11.311933428331255, "x8": 1.4155740650657607, "x9": 1.0253078514468057}, "datetime": {"datetime": "2025-05-10 12:13:45", "elapsed": 1894.531108, "delta": 8.881193}}
{"target": 49.455633046266634, "params": {"x0": 1.1229516394779913, "x1": 1.5910247361344696, "x2": 0.010416192744876512, "x3": 1.9583947261845833, "x4": 0.005857113261928952, "x5": 8.530779680558657e-11, "x6": 2.6878895455738476, "x7": 11.311933418713586, "x8": 1.4155740633358154, "x9": 1.0253078696274287}, "datetime": {"datetime": "2025-05-10 12:13:54", "elapsed": 1903.183211, "delta": 8.652103}}
{"target": 49.455633046266634, "params": {"x0": 1.1229516392334646, "x1": 1.591024762761345, "x2": 0.010416206678943928, "x3": 1.9583947375894977, "x4": 0.005857129652355981, "x5": 5.503791801509712e-10, "x6": 2.687889646718487, "x7": 11.311933396021043, "x8": 1.4155740628323292, "x9": 1.0253078579343144}, "datetime": {"datetime": "2025-05-10 12:14:03", "elapsed": 1911.887109, "delta": 8.703898}}
{"target": 49.455633046266634, "params": {"x0": 1.1229516390252265, "x1": 1.5910247521676855, "x2": 0.010416193382027256, "x3": 1.9583947399191783, "x4": 0.005857150802893693, "x5": 1.4227663034073825e-09, "x6": 2.687889559936572, "x7": 11.311933395653778, "x8": 1.4155740633677458, "x9": 1.0253078705628593}, "datetime": {"datetime": "2025-05-10 12:14:11", "elapsed": 1920.584827, "delta": 8.697718}}
{"target": 49.455633046266634, "params": {"x0": 1.1229516381956774, "x1": 1.591024773172883, "x2": 0.01041622159135175, "x3": 1.9583947445472965, "x4": 0.0058571177432190525, "x5": 8.696368765426086e-11, "x6": 2.687889564338777, "x7": 11.31193339465473, "x8": 1.4155740634082288, "x9": 1.0253078574237764}, "datetime": {"datetime": "2025-05-10 12:14:20", "elapsed": 1929.483018, "delta": 8.898191}}
