{"target": 49.455633046266634, "params": {"x0": 1.1229516388311531, "x1": 1.5910247516742286, "x2": 0.010416205997751421, "x3": 1.9583947933251626, "x4": 0.005857136241654929, "x5": 4.655685695634936e-13, "x6": 2.6878896417787583, "x7": 11.311933380353002, "x8": 1.4155740673787514, "x9": 1.025307867179521}, "datetime": {"datetime": "2025-05-10 12:22:42", "elapsed": 2430.937623, "delta": 9.227865}}
{"target": 49.455633046266634, "params": {"x0": 1.122951638832349, "x1": 1.5910247516826406, "x2": 0.010416206026611715, "x3": 1.9583947933599692, "x4": 0.005857136249502675, "x5": 1.3998072322883773e-12, "x6": 2.6878896416371663, "x7": 11.31193338036127, "x8": 1.4155740673932686, "x9": 1.025307867188217}, "datetime": {"datetime": "2025-05-10 12:22:51", "elapsed": 2440.553759, "delta": 9.616136}}
{"target": 49.455633046266634, "params": {"x0": 1.1229516388346734, "x1": 1.591024751757147, "x2": 0.010416206048743474, "x3": 1.9583947933655068, "x4": 0.005857136243383075, "x5": 2.8742983114572708e-12, "x6": 2.6878896416481077, "x7": 11.31193338030539, "x8": 1.4155740673799568, "x9": 1.0253078672050353}, "datetime": {"datetime": "2025-05-10 12:23:00", "elapsed": 2449.644035, "delta": 9.090276}}
{"target": 49.455633046266634, "params": {"x0": 1.122951638833499, "x1": 1.5910247517187264, "x2": 0.010416206049401747, "x3": 1.9583947934023482, "x4": 0.0058571362605782185, "x5": 4.047635267047852e-13, "x6": 2.687889641884468, "x7": 11.311933380338388, "x8": 1.4155740673828145, "x9": 1.0253078671889504}, "datetime": {"datetime": "2025-05-10 12:23:10", "elapsed": 2458.951306, "delta": 9.307271}}
{"target": 49.455633046266634, "params": {"x0": 1.122951638832493, "x1": 1.5910247517342793, "x2": 0.010416206050257594, "x3": 1.958394793413309, "x4": 0.005857136319107249, "x5": 1.5621352204722019e-12, "x6": 2.687889641908357, "x7": 11.311933380314922, "x8": 1.4155740673826114, "x9": 1.0253078671909033}, "datetime": {"datetime": "2025-05-10 12:23:19", "elapsed": 2468.425631, "delta": 9.474325}}
{"target": 49.455633046266634, "params": {"x0": 1.1229516388323535, "x1": 1.5910247516850367, "x2": 0.01041620602579671, "x3": 1.9583947933949764, "x4": 0.0058571362826572645, "x5": 3.1050025348496685e-12, "x6": 2.687889641665227, "x7": 11.311933380307792, "x8": 1.4155740673830057, "x9": 1.0253078671932094}, "datetime": {"datetime": "2025-05-10 12:23:29", "elapsed": 2478.06189, "delta": 9.636259}}
{"target": 49.455633046266634, "params": {"x0": 1.1229516388336942, "x1": 1.591024751691115, "x2": 0.010416206017898336, "x3": 1.958394793381501, "x4": 0.0058571362463673785, "x5": 7.408482178799911e-12, "x6": 2.687889641668452, "x7": 11.311933380249393, "x8": 1.415574067387394, "x9": 1.0253078671945397}, "datetime": {"datetime": "2025-05-10 12:23:38", "elapsed": 2487.452517, "delta": 9.390627}}
{"target": 49.455633046266634, "params": {"x0": 1.1229516388340495, "x1": 1.5910247516966416, "x2": 0.010416206019906575, "x3": 1.9583947933976278, "x4": 0.005857136266182934, "x5": 2.1542663767402792e-13, "x6": 2.6878896418316094, "x7": 11.311933380248913, "x8": 1.4155740673858925, "x9": 1.0253078671996545}, "datetime": {"datetime": "2025-05-10 12:23:47", "elapsed": 2496.415673, "delta": 8.963156}}
{"target": 49.455633046266634, "params": {"x0": 1.1229516388325178, "x1": 1.5910247516979552, "x2": 0.010416206020599863, "x3": 1.9583947934029724, "x4": 0.005857136307949473, "x5": 1.4091463264981695e-12, "x6": 2.68788964175043, "x7": 11.311933380257988, "x8": 1.415574067385297, "x9": 1.025307867214444}, "datetime": {"datetime": "2025-05-10 12:23:57", "elapsed": 2505.828841, "delta": 9.413168}}
{"target": 49.455633046266634, "params": {"x0": 1.1229516388335923, "x1": 1.5910247516968883, "x2": 0.010416206015725892, "x3": 1.958394793432117, "x4": 0.005857136295376644, "x5": 3.847724938995319e-12, "x6": 2.6878896416714477, "x7": 11.311933380291585, "x8": 1.4155740673855113, "x9": 1.0253078672022427}, "datetime": {"datetime": "2025-05-10 12:24:06", "elapsed": 2515.201264, "delta": 9.372423}}
{"target": 49.455633046266634, "params": {"x0": 1.1229516388332756, "x1": 1.5910247517188145, "x2": 0.010416206020238477, "x3": 1.9583947934397705, "x4": 0.005857136289630536, "x5": 6.287056994868085e-12, "x6": 2.687889641812293, "x7": 11.311933380271558, "x8": 1.4155740673862418, "x9": 1.0253078672002156}, "datetime": {"datetime": "2025-05-10 12:24:16", "elapsed": 2524.710815, "delta": 9.509551}}
{"target": 49.455633046266634, "params": {"x0": 1.1229516388336058, "x1": 1.5910247517269411, "x2": 0.010416206028069197, "x3": 1.958394793474146, "x4": 0.005857136288498256, "x5": 2.110464486730939e-12, "x6": 2.6878896417182565, "x7": 11.31193338027956, "x8": 1.4155740673879187, "x9": 1.0253078672035576}, "datetime": {"datetime": "2025-05-10 12:24:25", "elapsed": 2534.47538, "delta": 9.764565}}
{"target": 49.455633046266634, "params": {"x0": 1.1229516388335312, "x1": 1.5910247517311233, "x2": 0.010416206035196189, "x3": 1.9583947934549193, "x4": 0.005857136310056505, "x5": 1.573049700803346e-12, "x6": 2.687889641748844, "x7": 11.311933380270379, "x8": 1.4155740673895871, "x9": 1.0253078672088396}, "datetime": {"datetime": "2025-05-10 12:24:35", "elapsed": 2543.719276, "delta": 9.243896}}
{"target": 49.455633046266634, "params": {"x0": 1.1229516388327883, "x1": 1.5910247517209721, "x2": 0.010416206048571507, "x3": 1.9583947934672008, "x4": 0.005857136283450617, "x5": 1.3168672152216955e-12, "x6": 2.6878896417600697, "x7": 11.311933380291421, "x8": 1.4155740673899195, "x9": 1.0253078672011733}, "datetime": {"datetime": "2025-05-10 12:24:44", "elapsed": 2552.895769, "delta": 9.176493}}
{"target": 49.455633046266634, "params": {"x0": 1.1229516388334126, "x1": 1.5910247517204599, "x2": 0.010416206024858843, "x3": 1.9583947934486912, "x4": 0.00585713628268889, "x5": 1.5639746483420618e-12, "x6": 2.6878896417515015, "x7": 11.311933380262037, "x8": 1.4155740673882964, "x9": 1.0253078672039664}, "datetime": {"datetime": "2025-05-10 12:24:53", "elapsed": 2562.570149, "delta": 9.67438}}
{"target": 49.455633046266634, "params": {"x0": 1.1229516388326801, "x1": 1.5910247517253069, "x2": 0.010416206028610276, "x3": 1.9583947934386974, "x4": 0.005857136293546927, "x5": 7.764022881049531e-13, "x6": 2.6878896417840354, "x7": 11.311933380263557, "x8": 1.415574067390354, "x9": 1.0253078672097966}, "datetime": {"datetime": "2025-05-10 12:25:03", "elapsed": 2572.236704, "delta": 9.666555}}
{"target": 49.455633046266634, "params": {"x0": 1.122951638833046, "x1": 1.5910247517218794, "x2": 0.010416206036664911, "x3": 1.958394793440811, "x4": 0.005857136278236609, "x5": 1.7280605725001446e-12, "x6": 2.6878896417851457, "x7": 11.311933380281669, "x8": 1.4155740673913209, "x9": 1.025307867206113}, "datetime": {"datetime": "2025-05-10 12:25:12", "elapsed": 2581.598141, "delta": 9.361437}}
{"target": 49.455633046266634, "params": {"x0": 1.1229516388332492, "x1": 1.5910247517124692, "x2": 0.010416206033678758, "x3": 1.9583947934348935, "x4": 0.005857136290177093, "x5": 2.5516512620091918e-12, "x6": 2.687889641782527, "x7": 11.311933380271327, "x8": 1.415574067390066, "x9": 1.0253078672097855}, "datetime": {"datetime": "2025-05-10 12:25:22", "elapsed": 2590.814937, "delta": 9.216796}}
{"target": 49.455633046266634, "params": {"x0": 1.1229516388331835, "x1": 1.5910247517316614, "x2": 0.010416206035142506, "x3": 1.9583947934370436, "x4": 0.005857136282583871, "x5": 2.130126941453746e-12, "x6": 2.687889641727835, "x7": 11.311933380271322, "x8": 1.415574067389444, "x9": 1.0253078672043625}, "datetime": {"datetime": "2025-05-10 12:25:31", "elapsed": 2599.917731, "delta": 9.102794}}
{"target": 49.455633046266634, "params": {"x0": 1.1229516388329785, "x1": 1.591024751719733, "x2": 0.010416206032631103, "x3": 1.9583947934392743, "x4": 0.005857136288012268, "x5": 1.8613526000540776e-12, "x6": 2.6878896417825504, "x7": 11.311933380266733, "x8": 1.415574067390216, "x9": 1.0253078672060612}, "datetime": {"datetime": "2025-05-10 12:25:40", "elapsed": 2609.136556, "delta": 9.218825}}
{"target": 49.455633046266634, "params": {"x0": 1.1229516388329988, "x1": 1.5910247517145308, "x2": 0.010416206028755856, "x3": 1.958394793443465, "x4": 0.00585713629715065, "x5": 6.42562329145768e-12, "x6": 2.6878896417592806, "x7": 11.31193338025344, "x8": 1.4155740673895412, "x9": 1.0253078672114855}, "datetime": {"datetime": "2025-05-10 12:25:50", "elapsed": 2618.769817, "delta": 9.633261}}
{"target": 49.455633046266634, "params": {"x0": 1.1229516388330785, "x1": 1.5910247517149954, "x2": 0.010416206030227793, "x3": 1.9583947934724661, "x4": 0.005857136296375501, "x5": 5.061113483373268e-13, "x6": 2.687889641743388, "x7": 11.311933380257184, "x8": 1.4155740673921204, "x9": 1.0253078672096883}, "datetime": {"datetime": "2025-05-10 12:25:59", "elapsed": 2628.226642, "delta": 9.456825}}
{"target": 49.455633046266634, "params": {"x0": 1.1229516388331402, "x1": 1.5910247517180327, "x2": 0.010416206030353111, "x3": 1.9583947934528214, "x4": 0.005857136289671325, "x5": 3.343563440518478e-13, "x6": 2.6878896417483835, "x7": 11.311933380265776, "x8": 1.415574067389694, "x9": 1.0253078672063523}, "datetime": {"datetime": "2025-05-10 12:26:09", "elapsed": 2637.938389, "delta": 9.711747}}
{"target": 49.455633046266634, "params": {"x0": 1.122951638833215, "x1": 1.5910247517231673, "x2": 0.010416206033173506, "x3": 1.958394793453582, "x4": 0.005857136292067924, "x5": 1.094684406261681e-12, "x6": 2.687889641750883, "x7": 11.311933380261483, "x8": 1.415574067389839, "x9": 1.025307867205856}, "datetime": {"datetime": "2025-05-10 12:26:18", "elapsed": 2647.153341, "delta": 9.214952}}
{"target": 49.455633046266634, "params": {"x0": 1.1229516388331364, "x1": 1.591024751717032, "x2": 0.01041620603210267, "x3": 1.958394793458784, "x4": 0.005857136284862411, "x5": 4.0676488958679914e-12, "x6": 2.687889641771989, "x7": 11.311933380257718, "x8": 1.4155740673903536, "x9": 1.02530786721046}, "datetime": {"datetime": "2025-05-10 12:26:27", "elapsed": 2656.693783, "delta": 9.540442}}
{"target": 49.455633046266634, "params": {"x0": 1.1229516388330485, "x1": 1.5910247517253913, "x2": 0.010416206035118126, "x3": 1.9583947934550177, "x4": 0.0058571362861364745, "x5": 1.6121547136815383e-12, "x6": 2.6878896417541727, "x7": 11.311933380265266, "x8": 1.4155740673914639, "x9": 1.025307867207828}, "datetime": {"datetime": "2025-05-10 12:26:37", "elapsed": 2666.165972, "delta": 9.472189}}
{"target": 49.455633046266634, "params": {"x0": 1.1229516388331084, "x1": 1.5910247517178404, "x2": 0.010416206035698927, "x3": 1.9583947934492743, "x4": 0.005857136289502666, "x5": 1.529566002701055e-12, "x6": 2.687889641758373, "x7": 11.311933380264929, "x8": 1.4155740673915094, "x9": 1.0253078672099463}, "datetime": {"datetime": "2025-05-10 12:26:47", "elapsed": 2675.98978, "delta": 9.823808}}
{"target": 49.455633046266634, "params": {"x0": 1.1229516388329701, "x1": 1.5910247517202696, "x2": 0.0104162060373498, "x3": 1.9583947934494481, "x4": 0.005857136291835036, "x5": 7.632618946456982e-13, "x6": 2.6878896417621414, "x7": 11.31193338026708, "x8": 1.4155740673909836, "x9": 1.025307867208854}, "datetime": {"datetime": "2025-05-10 12:26:56", "elapsed": 2685.576848, "delta": 9.587068}}
{"target": 49.455633046266634, "params": {"x0": 1.1229516388330687, "x1": 1.5910247517208862, "x2": 0.01041620603334427, "x3": 1.9583947934593977, "x4": 0.005857136291902834, "x5": 8.434843314659603e-13, "x6": 2.6878896417577223, "x7": 11.311933380269892, "x8": 1.4155740673906034, "x9": 1.0253078672090548}, "datetime": {"datetime": "2025-05-10 12:27:06", "elapsed": 2694.893869, "delta": 9.317021}}
{"target": 49.455633046266634, "params": {"x0": 1.122951638833055, "x1": 1.5910247517244176, "x2": 0.010416206035733627, "x3": 1.9583947934583035, "x4": 0.005857136285290466, "x5": 2.2106530612019414e-13, "x6": 2.6878896417565135, "x7": 11.311933380266964, "x8": 1.4155740673902222, "x9": 1.0253078672078597}, "datetime": {"datetime": "2025-05-10 12:27:15", "elapsed": 2704.398556, "delta": 9.504687}}
{"target": 49.455633046266634, "params": {"x0": 1.122951638833055, "x1": 1.5910247517200766, "x2": 0.010416206035138141, "x3": 1.9583947934532107, "x4": 0.005857136289952526, "x5": 2.5837258195427235e-12, "x6": 2.6878896417695803, "x7": 11.311933380265977, "x8": 1.4155740673903705, "x9": 1.0253078672073745}, "datetime": {"datetime": "2025-05-10 12:27:25", "elapsed": 2713.868177, "delta": 9.469621}}
{"target": 49.455633046266634, "params": {"x0": 1.1229516388330605, "x1": 1.5910247517222909, "x2": 0.01041620603382445, "x3": 1.9583947934592305, "x4": 0.005857136286615877, "x5": 5.961360594158892e-12, "x6": 2.6878896417674616, "x7": 11.311933380269192, "x8": 1.415574067390374, "x9": 1.0253078672092981}, "datetime": {"datetime": "2025-05-10 12:27:34", "elapsed": 2723.128625, "delta": 9.260448}}
{"target": 49.455633046266634, "params": {"x0": 1.1229516388331098, "x1": 1.591024751722509, "x2": 0.010416206036333238, "x3": 1.9583947934614767, "x4": 0.00585713628807631, "x5": 2.4538417166726243e-12, "x6": 2.6878896417662563, "x7": 11.311933380267146, "x8": 1.4155740673905586, "x9": 1.025307867209409}, "datetime": {"datetime": "2025-05-10 12:27:43", "elapsed": 2732.554813, "delta": 9.426188}}
{"target": 49.455633046266634, "params": {"x0": 1.122951638833107, "x1": 1.5910247517206495, "x2": 0.010416206034883102, "x3": 1.9583947934566752, "x4": 0.005857136288904194, "x5": 2.9855705323976544e-12, "x6": 2.6878896417596394, "x7": 11.311933380267266, "x8": 1.4155740673911477, "x9": 1.0253078672076403}, "datetime": {"datetime": "2025-05-10 12:27:53", "elapsed": 2742.046976, "delta": 9.492163}}
{"target": 49.455633046266634, "params": {"x0": 1.1229516388330856, "x1": 1.5910247517217697, "x2": 0.010416206036772443, "x3": 1.958394793453596, "x4": 0.005857136285889688, "x5": 2.309911785804459e-12, "x6": 2.6878896417698193, "x7": 11.3119333802662, "x8": 1.415574067390645, "x9": 1.0253078672074367}, "datetime": {"datetime": "2025-05-10 12:28:03", "elapsed": 2751.805032, "delta": 9.758056}}
{"target": 49.455633046266634, "params": {"x0": 1.122951638833103, "x1": 1.5910247517200293, "x2": 0.01041620603524123, "x3": 1.9583947934540027, "x4": 0.005857136289106112, "x5": 2.7837908362232712e-12, "x6": 2.6878896417674056, "x7": 11.3119333802623, "x8": 1.415574067391106, "x9": 1.025307867208765}, "datetime": {"datetime": "2025-05-10 12:28:12", "elapsed": 2761.09257, "delta": 9.287538}}
{"target": 49.455633046266634, "params": {"x0": 1.1229516388330325, "x1": 1.5910247517198377, "x2": 0.010416206034447668, "x3": 1.9583947934598165, "x4": 0.005857136287546938, "x5": 2.17972115288799e-12, "x6": 2.6878896417649893, "x7": 11.311933380263307, "x8": 1.4155740673909354, "x9": 1.025307867207988}, "datetime": {"datetime": "2025-05-10 12:28:21", "elapsed": 2770.682791, "delta": 9.590221}}
{"target": 49.455633046266634, "params": {"x0": 1.122951638833048, "x1": 1.5910247517201976, "x2": 0.01041620603492074, "x3": 1.9583947934591763, "x4": 0.005857136289364342, "x5": 9.791824422968707e-13, "x6": 2.6878896417600657, "x7": 11.311933380265673, "x8": 1.415574067390687, "x9": 1.0253078672087137}, "datetime": {"datetime": "2025-05-10 12:28:31", "elapsed": 2780.241641, "delta": 9.55885}}
{"target": 49.455633046266634, "params": {"x0": 1.1229516388330634, "x1": 1.591024751721304, "x2": 0.010416206034922595, "x3": 1.958394793456717, "x4": 0.0058571362885042255, "x5": 1.4785467434280797e-12, "x6": 2.687889641762121, "x7": 11.31193338026329, "x8": 1.4155740673909365, "x9": 1.0253078672080198}, "datetime": {"datetime": "2025-05-10 12:28:41", "elapsed": 2789.946481, "delta": 9.70484}}
{"target": 49.455633046266634, "params": {"x0": 1.1229516388330587, "x1": 1.591024751720233, "x2": 0.010416206035455195, "x3": 1.9583947934557857, "x4": 0.005857136287561694, "x5": 1.2661936830611224e-12, "x6": 2.68788964176124, "x7": 11.31193338026324, "x8": 1.4155740673909003, "x9": 1.0253078672079574}, "datetime": {"datetime": "2025-05-10 12:28:50", "elapsed": 2799.356434, "delta": 9.409953}}
{"target": 49.455633046266634, "params": {"x0": 1.1229516388330913, "x1": 1.5910247517207883, "x2": 0.01041620603471261, "x3": 1.9583947934575703, "x4": 0.005857136286610234, "x5": 2.1087112740312876e-12, "x6": 2.6878896417657767, "x7": 11.311933380265813, "x8": 1.4155740673907944, "x9": 1.0253078672086284}, "datetime": {"datetime": "2025-05-10 12:28:59", "elapsed": 2808.589675, "delta": 9.233241}}
{"target": 49.455633046266634, "params": {"x0": 1.122951638833097, "x1": 1.5910247517211151, "x2": 0.010416206034720071, "x3": 1.9583947934575685, "x4": 0.005857136286949504, "x5": 1.7304558524448582e-12, "x6": 2.6878896417613305, "x7": 11.311933380263893, "x8": 1.4155740673908732, "x9": 1.0253078672082192}, "datetime": {"datetime": "2025-05-10 12:29:09", "elapsed": 2818.246562, "delta": 9.656887}}
{"target": 49.455633046266634, "params": {"x0": 1.12295163883306, "x1": 1.5910247517219653, "x2": 0.010416206035971121, "x3": 1.9583947934592043, "x4": 0.0058571362885254195, "x5": 3.0076732212108013e-13, "x6": 2.687889641760376, "x7": 11.311933380265625, "x8": 1.4155740673908677, "x9": 1.0253078672082165}, "datetime": {"datetime": "2025-05-10 12:29:19", "elapsed": 2828.226738, "delta": 9.980176}}
{"target": 49.455633046266634, "params": {"x0": 1.1229516388330576, "x1": 1.5910247517209912, "x2": 0.01041620603499215, "x3": 1.9583947934587151, "x4": 0.005857136287833367, "x5": 1.512651141842236e-13, "x6": 2.6878896417632485, "x7": 11.311933380264167, "x8": 1.4155740673907493, "x9": 1.0253078672080096}, "datetime": {"datetime": "2025-05-10 12:29:29", "elapsed": 2837.84174, "delta": 9.615002}}
{"target": 49.455633046266634, "params": {"x0": 1.1229516388330842, "x1": 1.5910247517211427, "x2": 0.010416206034936114, "x3": 1.9583947934574872, "x4": 0.005857136286967282, "x5": 1.4098975739350934e-13, "x6": 2.6878896417653793, "x7": 11.311933380264259, "x8": 1.4155740673909527, "x9": 1.0253078672084501}, "datetime": {"datetime": "2025-05-10 12:29:38", "elapsed": 2847.496089, "delta": 9.654349}}
{"target": 49.455633046266634, "params": {"x0": 1.1229516388330893, "x1": 1.5910247517208231, "x2": 0.010416206035181534, "x3": 1.9583947934564105, "x4": 0.005857136287758003, "x5": 1.822151405304342e-13, "x6": 2.6878896417626534, "x7": 11.31193338026566, "x8": 1.415574067390793, "x9": 1.0253078672081477}, "datetime": {"datetime": "2025-05-10 12:29:48", "elapsed": 2857.094701, "delta": 9.598612}}
{"target": 49.455633046266634, "params": {"x0": 1.122951638833089, "x1": 1.591024751721289, "x2": 0.010416206035642887, "x3": 1.9583947934575976, "x4": 0.0058571362870726154, "x5": 7.246523373399978e-13, "x6": 2.687889641762232, "x7": 11.311933380264604, "x8": 1.4155740673909456, "x9": 1.0253078672084437}, "datetime": {"datetime": "2025-05-10 12:29:57", "elapsed": 2866.458672, "delta": 9.363971}}
{"target": 49.455633046266634, "params": {"x0": 1.1229516388330678, "x1": 1.591024751721406, "x2": 0.010416206035661098, "x3": 1.9583947934584958, "x4": 0.005857136287695956, "x5": 1.0000003109724546e-12, "x6": 2.6878896417625446, "x7": 11.311933380265081, "x8": 1.415574067390788, "x9": 1.0253078672083582}, "datetime": {"datetime": "2025-05-10 12:30:06", "elapsed": 2875.69384, "delta": 9.235168}}
{"target": 49.455633046266634, "params": {"x0": 1.1229516388330663, "x1": 1.591024751721146, "x2": 0.010416206035560576, "x3": 1.958394793458241, "x4": 0.005857136287462433, "x5": 1.017554563476687e-12, "x6": 2.6878896417636344, "x7": 11.311933380264538, "x8": 1.4155740673908197, "x9": 1.02530786720825}, "datetime": {"datetime": "2025-05-10 12:30:16", "elapsed": 2885.3889, "delta": 9.69506}}
{"target": 49.455633046266634, "params": {"x0": 1.1229516388330776, "x1": 1.5910247517210632, "x2": 0.010416206035543628, "x3": 1.9583947934571326, "x4": 0.005857136287963422, "x5": 5.043353058692356e-13, "x6": 2.6878896417642917, "x7": 11.311933380264799, "x8": 1.4155740673908486, "x9": 1.025307867208147}, "datetime": {"datetime": "2025-05-10 12:30:26", "elapsed": 2895.392635, "delta": 10.003735}}
{"target": 49.455633046266634, "params": {"x0": 1.1229516388330736, "x1": 1.5910247517212524, "x2": 0.010416206035254453, "x3": 1.958394793457688, "x4": 0.005857136287783733, "x5": 8.901102609787787e-14, "x6": 2.6878896417638884, "x7": 11.311933380265645, "x8": 1.4155740673908224, "x9": 1.0253078672082463}, "datetime": {"datetime": "2025-05-10 12:30:36", "elapsed": 2904.914441, "delta": 9.521806}}
{"target": 49.455633046266634, "params": {"x0": 1.1229516388330743, "x1": 1.591024751721211, "x2": 0.010416206035209655, "x3": 1.9583947934568222, "x4": 0.005857136288062667, "x5": 5.922822066422516e-13, "x6": 2.6878896417642055, "x7": 11.311933380264644, "x8": 1.415574067390884, "x9": 1.0253078672083376}, "datetime": {"datetime": "2025-05-10 12:30:46", "elapsed": 2915.01171, "delta": 10.097269}}
{"target": 49.455633046266634, "params": {"x0": 1.1229516388330838, "x1": 1.5910247517215106, "x2": 0.010416206035407206, "x3": 1.958394793456953, "x4": 0.005857136287590504, "x5": 8.498987477686835e-14, "x6": 2.6878896417637477, "x7": 11.311933380264863, "x8": 1.4155740673908892, "x9": 1.0253078672081954}, "datetime": {"datetime": "2025-05-10 12:30:56", "elapsed": 2924.77729, "delta": 9.76558}}
{"target": 49.455633046266634, "params": {"x0": 1.1229516388330776, "x1": 1.5910247517215683, "x2": 0.01041620603538535, "x3": 1.9583947934571115, "x4": 0.005857136287783621, "x5": 3.316024618614863e-13, "x6": 2.6878896417634706, "x7": 11.311933380265433, "x8": 1.4155740673908628, "x9": 1.0253078672081988}, "datetime": {"datetime": "2025-05-10 12:31:05", "elapsed": 2934.40307, "delta": 9.62578}}
