{"target": 5.778805104466444, "params": {"x0": 0.9026045717565698, "x1": 1.51610501640422, "x2": 0.3195272422202779, "x3": 4.809321140585345, "x4": 0.07078125975358941, "x5": 6.345448867326393, "x6": 14.035848092199164, "x7": -3.7402228662006474, "x8": 1.0523499661853077, "x9": 1.2454216947557073}, "datetime": {"datetime": "2025-05-16 04:29:38", "elapsed": 420.026303, "delta": 7.54932}}
{"target": 5.779057416323853, "params": {"x0": 0.9, "x1": 1.5536276289627615, "x2": 0.16429440532232528, "x3": 4.777228413949928, "x4": 0.0, "x5": 6.3066748945797775, "x6": 14.350899092814359, "x7": -3.571167785372923, "x8": 0.9603331309345909, "x9": 1.232241343043195}, "datetime": {"datetime": "2025-05-16 04:29:46", "elapsed": 428.231468, "delta": 8.205165}}
{"target": 4.145856675292859, "params": {"x0": 0.9, "x1": 1.7034905115758863, "x2": 0.2014462542005407, "x3": 4.570661924178878, "x4": 0.0, "x5": 6.297996043507771, "x6": 14.003846823087974, "x7": -3.6487636587802723, "x8": 0.5886062824074972, "x9": 1.2178553180777223}, "datetime": {"datetime": "2025-05-16 04:29:53", "elapsed": 435.236223, "delta": 7.004755}}
{"target": 2.352622242940257, "params": {"x0": 0.9, "x1": 1.5287907955312494, "x2": 0.0700544868675164, "x3": 4.888731441044664, "x4": 0.0, "x5": 6.600594541065574, "x6": 14.374451198369684, "x7": -3.951054648799018, "x8": 1.2350614636897632, "x9": 1.181097744891068}, "datetime": {"datetime": "2025-05-16 04:30:02", "elapsed": 444.461532, "delta": 9.225309}}
{"target": 5.982354176223017, "params": {"x0": 0.9, "x1": 1.6172485391981577, "x2": 0.4243249211721505, "x3": 4.776991648848309, "x4": 0.0, "x5": 6.057873240358572, "x6": 14.177952055626472, "x7": -3.489926065412675, "x8": 1.018834372380849, "x9": 1.306470594001947}, "datetime": {"datetime": "2025-05-16 04:30:10", "elapsed": 452.051124, "delta": 7.589592}}
{"target": 6.955786267602782, "params": {"x0": 0.9, "x1": 1.2489799094467449, "x2": 0.4383433917657125, "x3": 4.781971542276031, "x4": 0.1025407841213871, "x5": 6.206281637883652, "x6": 14.239617853935922, "x7": -3.524491025019105, "x8": 0.8284764832466548, "x9": 1.2721314521980096}, "datetime": {"datetime": "2025-05-16 04:30:17", "elapsed": 459.338069, "delta": 7.286945}}
{"target": 5.0965899132233154, "params": {"x0": 0.9, "x1": 1.3724230825740833, "x2": 0.3476492859956079, "x3": 5.013767976171686, "x4": 0.2708752373634697, "x5": 6.046927090515378, "x6": 14.246364650747747, "x7": -3.5711000445352914, "x8": 0.7652600868091868, "x9": 1.0809842478782579}, "datetime": {"datetime": "2025-05-16 04:30:25", "elapsed": 466.533691, "delta": 7.195622}}
{"target": 6.753692326052166, "params": {"x0": 0.9, "x1": 1.2868767769259464, "x2": 0.42454709456354245, "x3": 4.4169872147136, "x4": 0.26078281792696373, "x5": 6.242506146659676, "x6": 14.28140597489801, "x7": -3.459493832529622, "x8": 1.0031282612369086, "x9": 1.3147681812502054}, "datetime": {"datetime": "2025-05-16 04:30:32", "elapsed": 474.356475, "delta": 7.822784}}
{"target": 6.030623512677272, "params": {"x0": 0.9, "x1": 1.2611029714189945, "x2": 0.7207271859176636, "x3": 4.505144278992224, "x4": 0.0, "x5": 6.337330720613035, "x6": 14.355914706451538, "x7": -3.4816415164400816, "x8": 0.9251019129639155, "x9": 1.0819870820384454}, "datetime": {"datetime": "2025-05-16 04:30:39", "elapsed": 481.15647, "delta": 6.799995}}
{"target": 6.881823193702133, "params": {"x0": 0.9, "x1": 1.0666950604553167, "x2": 0.3601686526345511, "x3": 4.5622052714399, "x4": 0.0, "x5": 6.232768950954823, "x6": 14.482155696744094, "x7": -3.10772162292752, "x8": 0.8089638110659707, "x9": 1.4432613853416174}, "datetime": {"datetime": "2025-05-16 04:30:47", "elapsed": 488.532425, "delta": 7.375955}}
{"target": 6.857261039113778, "params": {"x0": 0.9, "x1": 1.0518141313528195, "x2": 0.46524354895754305, "x3": 4.459011425917228, "x4": 0.0, "x5": 5.979419521226161, "x6": 14.684512173509676, "x7": -3.600166275816645, "x8": 0.7448479352762727, "x9": 1.4261483920272566}, "datetime": {"datetime": "2025-05-16 04:30:54", "elapsed": 495.78798, "delta": 7.255555}}
{"target": 6.216249149546196, "params": {"x0": 0.9, "x1": 0.9, "x2": 0.589817220512243, "x3": 4.5937182665877705, "x4": 0.43061059726862677, "x5": 6.398014914879974, "x6": 14.770487517435102, "x7": -3.4194515917110295, "x8": 0.6967791708313418, "x9": 1.410746698044332}, "datetime": {"datetime": "2025-05-16 04:31:00", "elapsed": 502.039795, "delta": 6.251815}}
{"target": 6.322713738874404, "params": {"x0": 0.9, "x1": 1.4211897891187126, "x2": 0.6139105945516479, "x3": 4.461718530826898, "x4": 0.2402706942909896, "x5": 5.9334121049580375, "x6": 15.0, "x7": -3.0948892756532795, "x8": 0.709948902072873, "x9": 1.3968851734596996}, "datetime": {"datetime": "2025-05-16 04:31:07", "elapsed": 508.79977, "delta": 6.759975}}
{"target": 5.871193068853571, "params": {"x0": 0.9, "x1": 0.9511875280888893, "x2": 0.805028231258109, "x3": 4.39555336959194, "x4": 0.3586099004998013, "x5": 5.717493013183102, "x6": 14.505116669177436, "x7": -3.1290656171901365, "x8": 0.7218016601902512, "x9": 1.3844098013335306}, "datetime": {"datetime": "2025-05-16 04:31:13", "elapsed": 514.912581, "delta": 6.112811}}
{"target": 6.288706335889309, "params": {"x0": 0.9, "x1": 0.9809667662246748, "x2": 0.10832703622255574, "x3": 4.434195186860348, "x4": 0.43780672274512583, "x5": 5.7784971317016165, "x6": 15.0, "x7": -3.094330387856021, "x8": 0.924483823997418, "x9": 1.3731819664199787}, "datetime": {"datetime": "2025-05-16 04:31:20", "elapsed": 521.692552, "delta": 6.779971}}
{"target": 4.938943307843722, "params": {"x0": 0.9, "x1": 1.0077680805468818, "x2": 0.5136276838228938, "x3": 5.086485030161978, "x4": 0.0, "x5": 5.7512636619164, "x6": 15.0, "x7": -3.0578270163287287, "x8": 0.7420698765709679, "x9": 1.3630769149977817}, "datetime": {"datetime": "2025-05-16 04:31:27", "elapsed": 528.924674, "delta": 7.232122}}
{"target": 6.748068306232151, "params": {"x0": 0.9, "x1": 1.2781075664527417, "x2": 0.17103014377575554, "x3": 4.500272694389328, "x4": 1.0215863337624012, "x5": 6.287564630677775, "x6": 14.920035217192448, "x7": -2.67893144600193, "x8": 0.7507105372385365, "x9": 1.3539823687178045}, "datetime": {"datetime": "2025-05-16 04:31:34", "elapsed": 535.547512, "delta": 6.622838}}
{"target": 6.5453991017636435, "params": {"x0": 0.9, "x1": 1.0535983280378558, "x2": 0.19776146857475124, "x3": 4.528442579177998, "x4": 0.9296817787982997, "x5": 6.845426819048866, "x6": 14.292540156508716, "x7": -2.763487403903648, "x8": 0.7584871318393483, "x9": 1.345797277065825}, "datetime": {"datetime": "2025-05-16 04:31:40", "elapsed": 541.979624, "delta": 6.432112}}
{"target": 6.538845998540955, "params": {"x0": 0.9, "x1": 1.0731364861787447, "x2": 0.22181966089384736, "x3": 4.553795475487802, "x4": 0.8469676793306085, "x5": 6.0384619420872765, "x6": 14.239572994940335, "x7": -2.8395877660151934, "x8": 0.765486066980079, "x9": 1.3384306945790434}, "datetime": {"datetime": "2025-05-16 04:31:46", "elapsed": 548.462201, "delta": 6.482577}}
{"target": 7.06283889123391, "params": {"x0": 0.9, "x1": 1.407238990387945, "x2": 0.24347203398103387, "x3": 4.576613082166625, "x4": 0.4618614842706635, "x5": 6.723989234627476, "x6": 14.742940757898943, "x7": -2.9080780919155846, "x8": 0.7717851086067365, "x9": 1.33180077034094}, "datetime": {"datetime": "2025-05-16 04:31:53", "elapsed": 554.912897, "delta": 6.450696}}
{"target": 6.378522028020477, "params": {"x0": 0.9, "x1": 1.272718771587925, "x2": 0.07783137986405703, "x3": 4.40205839107363, "x4": 0.2374572383943493, "x5": 6.567054313763303, "x6": 15.0, "x7": -2.3841270987775927, "x8": 0.723597440162806, "x9": 1.3825196907624309}, "datetime": {"datetime": "2025-05-16 04:32:00", "elapsed": 561.504862, "delta": 6.591965}}
{"target": 6.386222935688479, "params": {"x0": 0.9, "x1": 1.528307187307963, "x2": 0.392548622686313, "x3": 4.419513860182929, "x4": 0.9883792593714684, "x5": 7.120035546136501, "x6": 15.0, "x7": -2.436522198091392, "x8": 0.7284162070071991, "x9": 1.3774477987202818}, "datetime": {"datetime": "2025-05-16 04:32:06", "elapsed": 568.221721, "delta": 6.716859}}
{"target": 6.365217439780169, "params": {"x0": 0.9, "x1": 1.5162003676159612, "x2": 0.3776409638157851, "x3": 4.435223782381298, "x4": 0.701183454960639, "x5": 6.497450950274534, "x6": 14.396402938520403, "x7": -2.4836777874738107, "x8": 0.7327530971671529, "x9": 1.3728830958823477}, "datetime": {"datetime": "2025-05-16 04:32:13", "elapsed": 574.599348, "delta": 6.377627}}
{"target": 6.470852582029609, "params": {"x0": 0.9, "x1": 1.5053042298931596, "x2": 0.12271999712975776, "x3": 4.449362712359831, "x4": 0.8883408821023154, "x5": 7.044786746949787, "x6": 15.0, "x7": -3.2815710262605724, "x8": 0.7366562983111112, "x9": 1.3687748633282069}, "datetime": {"datetime": "2025-05-16 04:32:19", "elapsed": 581.104196, "delta": 6.504848}}
{"target": 6.481348746051983, "params": {"x0": 0.9, "x1": 1.4954977059426382, "x2": 0.13479520081488539, "x3": 4.462087749340511, "x4": 0.8456929423191503, "x5": 6.435271473537397, "x6": 14.529576695897502, "x7": -3.1993300361865042, "x8": 0.7401691793406737, "x9": 1.36507745402948}, "datetime": {"datetime": "2025-05-16 04:32:26", "elapsed": 587.467139, "delta": 6.362943}}
{"target": 7.05656560253697, "params": {"x0": 0.9, "x1": 1.327806146388721, "x2": 0.14566288413150022, "x3": 4.679685881710127, "x4": 0.8073097965143016, "x5": 6.983835219608547, "x6": 14.995566828225899, "x7": -2.6224941603558514, "x8": 0.7433307722672801, "x9": 1.3617497856606262}, "datetime": {"datetime": "2025-05-16 04:32:32", "elapsed": 594.070978, "delta": 6.603839}}
{"target": 6.662427128327093, "params": {"x0": 0.9, "x1": 1.3357494307886435, "x2": 0.15544379911645356, "x3": 4.4838475625774725, "x4": 0.1509580032513892, "x5": 6.95785062111044, "x6": 14.515577294604682, "x7": -2.629629052171337, "x8": 0.7461762059012257, "x9": 1.3587548841286576}, "datetime": {"datetime": "2025-05-16 04:32:38", "elapsed": 600.165442, "delta": 6.094464}}
{"target": 6.759988185745148, "params": {"x0": 0.9, "x1": 1.3428983867485735, "x2": 0.16424662260291162, "x3": 4.493124114536387, "x4": 0.1820483513533166, "x5": 6.934464482462144, "x6": 14.947567874863777, "x7": -3.098681865064089, "x8": 0.7487370961717768, "x9": 1.3560594727498858}, "datetime": {"datetime": "2025-05-16 04:32:44", "elapsed": 606.406781, "delta": 6.241339}}
{"target": 7.133425160043551, "params": {"x0": 0.9, "x1": 1.4651455336633792, "x2": 0.3147749042213439, "x3": 4.651753153033838, "x4": 0.2100296646450513, "x5": 6.9134169576786775, "x6": 14.927105163167294, "x7": -2.682534369722744, "x8": 0.7510418974152727, "x9": 1.3536336025089912}, "datetime": {"datetime": "2025-05-16 04:32:51", "elapsed": 613.190131, "delta": 6.78335}}
{"target": 7.147820445254582, "params": {"x0": 0.9, "x1": 1.5143660954474982, "x2": 0.37538234392560743, "x3": 4.7156222132709695, "x4": 0.42408671132682163, "x5": 7.074430522272198, "x6": 14.770565418689197, "x7": -2.8742465335866587, "x8": 0.7334101679025284, "x9": 1.3721915098518347}, "datetime": {"datetime": "2025-05-16 04:32:57", "elapsed": 619.415306, "delta": 6.225175}}
{"target": 7.135011151531265, "params": {"x0": 0.9031584470239461, "x1": 1.4651455336633792, "x2": 0.43598978362987095, "x3": 4.651753153033838, "x4": 0.27424677864958236, "x5": 7.235444086865719, "x6": 14.880143239823866, "x7": -2.7400480188819185, "x8": 0.7157784383897842, "x9": 1.3907494171946782}, "datetime": {"datetime": "2025-05-16 04:33:04", "elapsed": 625.595, "delta": 6.179694}}
{"target": 7.08561754856995, "params": {"x0": 0.9, "x1": 1.5586646010532055, "x2": 0.32083564819177024, "x3": 4.658140059057551, "x4": 0.558942650736337, "x5": 7.2193427304063675, "x6": 14.671945379667994, "x7": -2.7534678703523925, "x8": 0.7175416113410586, "x9": 1.388893626460394}, "datetime": {"datetime": "2025-05-16 04:33:10", "elapsed": 631.939511, "delta": 6.344511}}
{"target": 7.037850801932271, "params": {"x0": 0.9025583420893963, "x1": 1.5542347504926346, "x2": 0.4244743700860609, "x3": 4.663888274478893, "x4": 0.5454570567953854, "x5": 6.944009534951446, "x6": 14.859323453808278, "x7": -2.7655457366758194, "x8": 0.7191284669972056, "x9": 1.387223414799538}, "datetime": {"datetime": "2025-05-16 04:33:16", "elapsed": 637.980042, "delta": 6.040531}}
{"target": 7.0991090536208565, "params": {"x0": 0.9023025078804567, "x1": 1.5502478849881212, "x2": 0.3311995203811993, "x3": 4.7621827581838385, "x4": 0.3148534004051142, "x5": 7.191809410860875, "x6": 14.85044765029637, "x7": -2.776415816366903, "x8": 0.7205566370877379, "x9": 1.3857202243047677}, "datetime": {"datetime": "2025-05-16 04:33:22", "elapsed": 644.293711, "delta": 6.313669}}
{"target": 7.192597208479305, "params": {"x0": 0.9, "x1": 1.4820724848609377, "x2": 0.3356178027356401, "x3": 4.673717722849387, "x4": 0.5223966911563583, "x5": 7.180071522002008, "x6": 14.842459427135653, "x7": -2.962294179084439, "x8": 0.74497834563584, "x9": 1.3843673528594744}, "datetime": {"datetime": "2025-05-16 04:33:29", "elapsed": 650.637121, "delta": 6.34341}}
{"target": 7.1489545477559515, "params": {"x0": 0.9, "x1": 1.4546229158623611, "x2": 0.36941766274711235, "x3": 4.709336539707732, "x4": 0.6059601740114645, "x5": 7.269866371772346, "x6": 14.90356933431514, "x7": -2.8874536804113258, "x8": 0.7351453945625253, "x9": 1.3740178863029808}, "datetime": {"datetime": "2025-05-16 04:33:35", "elapsed": 656.586658, "delta": 5.949537}}
{"target": 7.175040396973137, "params": {"x0": 0.9, "x1": 1.4573678727622188, "x2": 0.30519792872531515, "x3": 4.641660787676877, "x4": 0.4471895565867628, "x5": 7.099256157208703, "x6": 14.897458343597192, "x7": -2.894937730278637, "x8": 0.7361286896698567, "x9": 1.3936818727603189}, "datetime": {"datetime": "2025-05-16 04:33:41", "elapsed": 662.892539, "delta": 6.305881}}
{"target": 7.1573351388683, "params": {"x0": 0.9015106754203677, "x1": 1.4598383339720908, "x2": 0.30823991612634766, "x3": 4.702568964504646, "x4": 0.5900831122689943, "x5": 7.107337693688034, "x6": 14.792960402320269, "x7": -3.0229149830096604, "x8": 0.737013655266455, "x9": 1.3927504207702344}, "datetime": {"datetime": "2025-05-16 04:33:47", "elapsed": 668.801002, "delta": 5.908463}}
{"target": 7.208650452850479, "params": {"x0": 0.9013596078783309, "x1": 1.4620617490609755, "x2": 0.3109777047872769, "x3": 4.647751605359654, "x4": 0.46147891215498593, "x5": 7.245531967484584, "x6": 14.797910304801807, "x7": -3.016852902617138, "x8": 0.7378101243033935, "x9": 1.3919121139791584}, "datetime": {"datetime": "2025-05-16 04:33:53", "elapsed": 674.866162, "delta": 6.06516}}
{"target": 7.238700596482766, "params": {"x0": 0.9002039411817496, "x1": 1.4450526236310077, "x2": 0.3319217880433856, "x3": 4.625680405493381, "x4": 0.5132590243061524, "x5": 7.301173346144774, "x6": 14.760043550818038, "x7": -2.9704779876143435, "x8": 0.7439031124359731, "x9": 1.3983251609308898}, "datetime": {"datetime": "2025-05-16 04:33:59", "elapsed": 680.839218, "delta": 5.973056}}
{"target": 7.2615001771393715, "params": {"x0": 0.9, "x1": 1.42804349820104, "x2": 0.3172609297641095, "x3": 4.647751605359654, "x4": 0.4770129458003359, "x5": 7.356814724804964, "x6": 14.722176796834269, "x7": -2.9380155471123874, "x8": 0.7481682041287787, "x9": 1.3919121139791584}, "datetime": {"datetime": "2025-05-16 04:34:05", "elapsed": 687.275187, "delta": 6.435969}}
{"target": 7.273313539218277, "params": {"x0": 0.9, "x1": 1.4450526236310077, "x2": 0.30699832896861623, "x3": 4.632301765453263, "x4": 0.45164069084626424, "x5": 7.4124561034651535, "x6": 14.760043550818038, "x7": -2.9055531066104314, "x8": 0.7524332958215844, "x9": 1.3964012468453704}, "datetime": {"datetime": "2025-05-16 04:34:12", "elapsed": 693.500504, "delta": 6.225317}}
{"target": 7.277275463245458, "params": {"x0": 0.9, "x1": 1.4569590114319853, "x2": 0.3172609297641095, "x3": 4.643116653387738, "x4": 0.4770129458003359, "x5": 7.468097482125343, "x6": 14.733536823029398, "x7": -2.9380155471123874, "x8": 0.7481682041287787, "x9": 1.3995436398517187}, "datetime": {"datetime": "2025-05-16 04:34:18", "elapsed": 699.981707, "delta": 6.481203}}
{"target": 7.275377665572385, "params": {"x0": 0.9005939184717059, "x1": 1.4450526236310077, "x2": 0.3100771092072642, "x3": 4.635546231833606, "x4": 0.494773524268186, "x5": 7.523738860785533, "x6": 14.752091532481446, "x7": -2.9152918387610183, "x8": 0.7451826399438147, "x9": 1.3964012468453704}, "datetime": {"datetime": "2025-05-16 04:34:24", "elapsed": 705.831318, "delta": 5.849611}}
{"target": 7.272819708233923, "params": {"x0": 0.9, "x1": 1.4462432624111055, "x2": 0.3237263682652703, "x3": 4.649930032786457, "x4": 0.4610284251792708, "x5": 7.518174722919515, "x6": 14.75023606153624, "x7": -2.9584668846286197, "x8": 0.7508552118952463, "x9": 1.4023717935574322}, "datetime": {"datetime": "2025-05-16 04:34:30", "elapsed": 712.078598, "delta": 6.24728}}
{"target": 7.283681553821064, "params": {"x0": 0.9, "x1": 1.466603185550777, "x2": 0.3230798244151542, "x3": 4.636984611928891, "x4": 0.4626268772413773, "x5": 7.513166998840097, "x6": 14.718507508373241, "x7": -2.919609343347778, "x8": 0.7457498971389579, "x9": 1.3969983015165766}, "datetime": {"datetime": "2025-05-16 04:34:37", "elapsed": 718.581539, "delta": 6.502941}}
{"target": 7.289252236953176, "params": {"x0": 0.9004329665658736, "x1": 1.4748007335517501, "x2": 0.31813376396176624, "x3": 4.64219684716891, "x4": 0.4503987189662625, "x5": 7.551476088047638, "x6": 14.705732590915506, "x7": -2.90396407014786, "x8": 0.7478054580803056, "x9": 1.3991618391014473}, "datetime": {"datetime": "2025-05-16 04:34:43", "elapsed": 724.507013, "delta": 5.925474}}
{"target": 7.293275571408812, "params": {"x0": 0.9000649449848811, "x1": 1.4829982815527232, "x2": 0.31467152164439466, "x3": 4.638548282500897, "x4": 0.4381705606911477, "x5": 7.5897851772551785, "x6": 14.718507508373241, "x7": -2.919609343347778, "x8": 0.7463665654213623, "x9": 1.3976473627920378}, "datetime": {"datetime": "2025-05-16 04:34:49", "elapsed": 730.743937, "delta": 6.236924}}
{"target": 7.298987029658346, "params": {"x0": 0.9, "x1": 1.4911958295536962, "x2": 0.31813376396176624, "x3": 4.641102277768506, "x4": 0.4503987189662625, "x5": 7.628094266462719, "x6": 14.727449950593655, "x7": -2.9086576521078356, "x8": 0.7473737902826226, "x9": 1.3987074962086246}, "datetime": {"datetime": "2025-05-16 04:34:55", "elapsed": 737.126646, "delta": 6.382709}}
{"target": 7.305018630262489, "params": {"x0": 0.9, "x1": 1.4829982815527232, "x2": 0.32055733358392635, "x3": 4.639314481081179, "x4": 0.4418390081736821, "x5": 7.66640335567026, "x6": 14.718507508373241, "x7": -2.900991468239876, "x8": 0.7466687328797404, "x9": 1.3994495896002352}, "datetime": {"datetime": "2025-05-16 04:35:02", "elapsed": 743.474207, "delta": 6.347561}}
{"target": 7.3111042970264934, "params": {"x0": 0.9002101478793193, "x1": 1.4887365651534044, "x2": 0.31813376396176624, "x3": 4.638063023400051, "x4": 0.4478308057284883, "x5": 7.704712444877801, "x6": 14.712247798818952, "x7": -2.9086576521078356, "x8": 0.747162273061758, "x9": 1.3987074962086246}, "datetime": {"datetime": "2025-05-16 04:35:08", "elapsed": 749.852738, "delta": 6.378531}}
{"target": 7.313890926971534, "params": {"x0": 0.9000315221818979, "x1": 1.4927533636738812, "x2": 0.31643726522625415, "x3": 4.639314481081179, "x4": 0.44363654744012393, "x5": 7.743021534085342, "x6": 14.718507508373241, "x7": -2.9032913234002637, "x8": 0.7468167949343456, "x9": 1.3992269615827522}, "datetime": {"datetime": "2025-05-16 04:35:14", "elapsed": 756.169363, "delta": 6.316625}}
{"target": 7.319779590098132, "params": {"x0": 0.9, "x1": 1.496770162194358, "x2": 0.31813376396176624, "x3": 4.638438460704389, "x4": 0.446572528241979, "x5": 7.781330623292883, "x6": 14.714125711685238, "x7": -2.8995348933049634, "x8": 0.7470586296235342, "x9": 1.3995905873446415}, "datetime": {"datetime": "2025-05-16 04:35:20", "elapsed": 762.440894, "delta": 6.271531}}
{"target": 7.323279089363063, "params": {"x0": 0.9001133321566023, "x1": 1.4927533636738812, "x2": 0.3193213130766247, "x3": 4.637825246440636, "x4": 0.44451734168068047, "x5": 7.819639712500424, "x6": 14.711058454003636, "x7": -2.9032913234002637, "x8": 0.7472279139059662, "x9": 1.3999542131065308}, "datetime": {"datetime": "2025-05-16 04:35:26", "elapsed": 768.452909, "delta": 6.012015}}
{"target": 7.337784624561259, "params": {"x0": 0.9000255353744349, "x1": 1.495565122638215, "x2": 0.31813376396176624, "x3": 4.637212032176883, "x4": 0.44595597227358946, "x5": 7.857948801707964, "x6": 14.707991196322034, "x7": -2.9006618223335536, "x8": 0.7473971981883982, "x9": 1.40031783886842}, "datetime": {"datetime": "2025-05-16 04:35:33", "elapsed": 774.811813, "delta": 6.358904}}
{"target": 7.338575157411233, "params": {"x0": 0.9, "x1": 1.4975333539132485, "x2": 0.3173024795813653, "x3": 4.63659881791313, "x4": 0.44696301368862573, "x5": 7.896257890915505, "x6": 14.711058454003636, "x7": -2.8988211715868566, "x8": 0.7475664824708302, "x9": 1.4006814646303094}, "datetime": {"datetime": "2025-05-16 04:35:39", "elapsed": 781.029934, "delta": 6.218121}}
{"target": 7.344474398582044, "params": {"x0": 0.9, "x1": 1.499501585188282, "x2": 0.31813376396176624, "x3": 4.635985603649377, "x4": 0.44595597227358946, "x5": 7.934566980123046, "x6": 14.708911373626515, "x7": -2.8969805208401596, "x8": 0.7477357667532623, "x9": 1.40031783886842}, "datetime": {"datetime": "2025-05-16 04:35:45", "elapsed": 787.231885, "delta": 6.201951}}
{"target": 7.352705544230167, "params": {"x0": 0.9, "x1": 1.4975333539132485, "x2": 0.3175518648954856, "x3": 4.63659881791313, "x4": 0.44666090126411484, "x5": 7.972876069330587, "x6": 14.70740841736253, "x7": -2.8988211715868566, "x8": 0.7475664824708302, "x9": 1.4005723769017426}, "datetime": {"datetime": "2025-05-16 04:35:52", "elapsed": 793.508214, "delta": 6.276329}}
