{"target": 7.422946096180871, "params": {"x0": 0.9, "x1": 1.497824870804679, "x2": 0.3155120503715517, "x3": 4.635515317067092, "x4": 0.44980064365931044, "x5": 8.633268846618467, "x6": 14.694668462820038, "x7": -2.8943688054453327, "x8": 0.7475242776639989, "x9": 1.4011385133003191}, "datetime": {"datetime": "2025-05-16 04:42:13", "elapsed": 1174.574854, "delta": 7.311149}}
{"target": 7.422946096180871, "params": {"x0": 0.9, "x1": 1.4978250970810487, "x2": 0.3155121868973279, "x3": 4.635515387564853, "x4": 0.4498004073861855, "x5": 8.63332232504499, "x6": 14.694668110194845, "x7": -2.8943691077441343, "x8": 0.7475242971256513, "x9": 1.4011384714963309}, "datetime": {"datetime": "2025-05-16 04:42:19", "elapsed": 1181.368921, "delta": 6.794067}}
{"target": 7.422946096180871, "params": {"x0": 0.9, "x1": 1.4978253007297815, "x2": 0.3155123097705264, "x3": 4.635515451012838, "x4": 0.44980019474037297, "x5": 8.633370455628858, "x6": 14.694667792832172, "x7": -2.894369379813056, "x8": 0.7475243146411384, "x9": 1.4011384338727413}, "datetime": {"datetime": "2025-05-16 04:42:26", "elapsed": 1188.062598, "delta": 6.693677}}
{"target": 7.422946096180871, "params": {"x0": 0.9, "x1": 1.497825484013641, "x2": 0.31551242035640514, "x3": 4.635515508116024, "x4": 0.4498000033591417, "x5": 8.633413773154341, "x6": 14.694667507205766, "x7": -2.8943696246750847, "x8": 0.7475243304050768, "x9": 1.4011384000115108}, "datetime": {"datetime": "2025-05-16 04:42:33", "elapsed": 1194.59363, "delta": 6.531032}}
{"target": 7.422946096180871, "params": {"x0": 0.9, "x1": 1.4978256489691144, "x2": 0.31551251988369594, "x3": 4.6355155595088915, "x4": 0.4497998311160336, "x5": 8.633452758927275, "x6": 14.694667250142, "x7": -2.894369845050911, "x8": 0.7475243445926214, "x9": 1.4011383695364032}, "datetime": {"datetime": "2025-05-16 04:42:39", "elapsed": 1201.391436, "delta": 6.797806}}
{"target": 7.422946096180871, "params": {"x0": 0.9, "x1": 1.4978257974290405, "x2": 0.3155126094582577, "x3": 4.635515605762472, "x4": 0.4497996760972363, "x5": 8.633487846122916, "x6": 14.694667018784612, "x7": -2.894370043389155, "x8": 0.7475243573614115, "x9": 1.4011383421088064}, "datetime": {"datetime": "2025-05-16 04:42:46", "elapsed": 1207.914852, "delta": 6.523416}}
{"target": 7.422946096180871, "params": {"x0": 0.9, "x1": 1.497825931042974, "x2": 0.31551269007536326, "x3": 4.635515647390695, "x4": 0.44979953658031874, "x5": 8.633519424598992, "x6": 14.69466681056296, "x7": -2.894370221893574, "x8": 0.7475243688533226, "x9": 1.4011383174239693}, "datetime": {"datetime": "2025-05-16 04:42:53", "elapsed": 1214.695237, "delta": 6.780385}}
{"target": 7.422946096180871, "params": {"x0": 0.9, "x1": 1.4978260512955142, "x2": 0.3155127626307583, "x3": 4.635515684856095, "x4": 0.4497994110150929, "x5": 8.633547845227461, "x6": 14.694666623163476, "x7": -2.8943703825475513, "x8": 0.7475243791960426, "x9": 1.401138295207616}, "datetime": {"datetime": "2025-05-16 04:42:59", "elapsed": 1221.281135, "delta": 6.585898}}
{"target": 7.422946096180871, "params": {"x0": 0.9, "x1": 1.4978261595228004, "x2": 0.3155128279306138, "x3": 4.635515718574956, "x4": 0.4497992980063897, "x5": 8.633573423793084, "x6": 14.69466645450394, "x7": -2.894370527136131, "x8": 0.7475243885044907, "x9": 1.4011382752128978}, "datetime": {"datetime": "2025-05-16 04:43:06", "elapsed": 1227.810994, "delta": 6.529859}}
{"target": 7.422946096180871, "params": {"x0": 0.9, "x1": 1.497826256927358, "x2": 0.3155128867004838, "x3": 4.6355157489219305, "x4": 0.44979919629855675, "x5": 8.633596444502144, "x6": 14.694666302710356, "x7": -2.8943706572658523, "x8": 0.7475243968820938, "x9": 1.4011382572176516}, "datetime": {"datetime": "2025-05-16 04:43:12", "elapsed": 1234.419595, "delta": 6.608601}}
{"target": 7.422946096180871, "params": {"x0": 0.9, "x1": 1.4978263445914597, "x2": 0.31551293959336674, "x3": 4.635515776234207, "x4": 0.44979910476150714, "x5": 8.633617163140299, "x6": 14.694666166096132, "x7": -2.894370774382602, "x8": 0.7475244044219367, "x9": 1.40113824102193}, "datetime": {"datetime": "2025-05-16 04:43:19", "elapsed": 1241.053752, "delta": 6.634157}}
{"target": 7.422946096180871, "params": {"x0": 0.9, "x1": 1.4978264234891512, "x2": 0.3155129871969614, "x3": 4.635515800815257, "x4": 0.44979902237816244, "x5": 8.633635809914637, "x6": 14.694666043143329, "x7": -2.8943708797876764, "x8": 0.7475244112077953, "x9": 1.4011382264457806}, "datetime": {"datetime": "2025-05-16 04:43:26", "elapsed": 1247.803065, "delta": 6.749313}}
{"target": 7.422946096180871, "params": {"x0": 0.9, "x1": 1.4978264944970736, "x2": 0.3155130300401966, "x3": 4.635515822938201, "x4": 0.44979894823315225, "x5": 8.633652592011542, "x6": 14.694665932485808, "x7": -2.8943709746522437, "x8": 0.747524417315068, "x9": 1.401138213327246}, "datetime": {"datetime": "2025-05-16 04:43:33", "elapsed": 1254.658, "delta": 6.854935}}
{"target": 7.422946096180871, "params": {"x0": 0.9, "x1": 1.4978265584042039, "x2": 0.31551306859910827, "x3": 4.63551584284885, "x4": 0.4497988815026431, "x5": 8.633667695898755, "x6": 14.694665832894037, "x7": -2.894371060030354, "x8": 0.7475244228116135, "x9": 1.4011382015205651}, "datetime": {"datetime": "2025-05-16 04:43:39", "elapsed": 1261.138948, "delta": 6.480948}}
{"target": 7.422946096180871, "params": {"x0": 0.9, "x1": 1.497826615920621, "x2": 0.3155131033021288, "x3": 4.635515860768435, "x4": 0.44979882144518485, "x5": 8.633681289397249, "x6": 14.694665743261444, "x7": -2.8943711368706535, "x8": 0.7475244277585045, "x9": 1.4011381908945522}, "datetime": {"datetime": "2025-05-16 04:43:46", "elapsed": 1267.885165, "delta": 6.746217}}
{"target": 7.422946096180871, "params": {"x0": 0.9, "x1": 1.4978266676853966, "x2": 0.31551313453484725, "x3": 4.635515876896061, "x4": 0.4497987673934724, "x5": 8.633693523545892, "x6": 14.694665662592111, "x7": -2.8943712060269227, "x8": 0.7475244322107063, "x9": 1.4011381813311405}, "datetime": {"datetime": "2025-05-16 04:43:53", "elapsed": 1274.560156, "delta": 6.674991}}
{"target": 7.422946096180871, "params": {"x0": 0.9, "x1": 1.4978267142736945, "x2": 0.31551316264429385, "x3": 4.635515891410925, "x4": 0.4497987187469312, "x5": 8.633704534279671, "x6": 14.694665589989711, "x7": -2.894371268267565, "x8": 0.7475244362176879, "x9": 1.40113817272407}, "datetime": {"datetime": "2025-05-16 04:43:59", "elapsed": 1281.241782, "delta": 6.681626}}
{"target": 7.422946096180871, "params": {"x0": 0.9, "x1": 1.4978267562031626, "x2": 0.3155131879427958, "x3": 4.635515904474303, "x4": 0.44979867496504417, "x5": 8.633714443940072, "x6": 14.69466552464755, "x7": -2.8943713242841436, "x8": 0.7475244398239713, "x9": 1.4011381649777066}, "datetime": {"datetime": "2025-05-16 04:44:06", "elapsed": 1287.733323, "delta": 6.491541}}
{"target": 7.422946096180871, "params": {"x0": 0.9, "x1": 1.4978267939396839, "x2": 0.31551321071144756, "x3": 4.635515916231342, "x4": 0.4497986355613458, "x5": 8.633723362634433, "x6": 14.694665465839607, "x7": -2.894371374699064, "x8": 0.7475244430696265, "x9": 1.4011381580059794}, "datetime": {"datetime": "2025-05-16 04:44:13", "elapsed": 1294.724394, "delta": 6.991071}}
{"target": 7.422946096180871, "params": {"x0": 0.9, "x1": 1.497826827902553, "x2": 0.31551323120323416, "x3": 4.635515926812678, "x4": 0.44979860009801725, "x5": 8.633731389459358, "x6": 14.694665412912457, "x7": -2.894371420072492, "x8": 0.7475244459907161, "x9": 1.401138151731425}, "datetime": {"datetime": "2025-05-16 04:44:19", "elapsed": 1301.170512, "delta": 6.446118}}
{"target": 7.422946096180871, "params": {"x0": 0.9, "x1": 1.4978268584691354, "x2": 0.3155132496458421, "x3": 4.635515936335881, "x4": 0.4497985681810216, "x5": 8.63373861360179, "x6": 14.694665365278022, "x7": -2.8943714609085776, "x8": 0.7475244486196968, "x9": 1.401138146084326}, "datetime": {"datetime": "2025-05-16 04:44:26", "elapsed": 1308.014832, "delta": 6.84432}}
{"target": 7.422946096180871, "params": {"x0": 0.9, "x1": 1.4978268859790593, "x2": 0.3155132662441892, "x3": 4.635515944906762, "x4": 0.44979853945572545, "x5": 8.63374511532998, "x6": 14.694665322407031, "x7": -2.8943714976610546, "x8": 0.7475244509857794, "x9": 1.401138141001937}, "datetime": {"datetime": "2025-05-16 04:44:33", "elapsed": 1314.60509, "delta": 6.590258}}
{"target": 7.422946096180871, "params": {"x0": 0.9, "x1": 1.4978269107379911, "x2": 0.3155132811827016, "x3": 4.635515952620556, "x4": 0.44979851360295897, "x5": 8.63375096688535, "x6": 14.69466528382314, "x7": -2.894371530738284, "x8": 0.7475244531152537, "x9": 1.4011381364277868}, "datetime": {"datetime": "2025-05-16 04:44:39", "elapsed": 1321.361698, "delta": 6.756608}}
{"target": 7.422946096180871, "params": {"x0": 0.9, "x1": 1.4978269330210294, "x2": 0.31551329462736283, "x3": 4.63551595956297, "x4": 0.44979849033546915, "x5": 8.633756233285183, "x6": 14.694665249097635, "x7": -2.89437156050779, "x8": 0.7475244550317806, "x9": 1.4011381323110517}, "datetime": {"datetime": "2025-05-16 04:44:46", "elapsed": 1327.962205, "delta": 6.600507}}
{"target": 7.422946096180871, "params": {"x0": 0.9, "x1": 1.4978269530757642, "x2": 0.31551330672755784, "x3": 4.635515965811143, "x4": 0.4497984693947283, "x5": 8.633760973045034, "x6": 14.694665217844683, "x7": -2.8943715873003457, "x8": 0.7475244567566548, "x9": 1.40113812860599}, "datetime": {"datetime": "2025-05-16 04:44:53", "elapsed": 1334.977715, "delta": 7.01551}}
{"target": 7.422946096180871, "params": {"x0": 0.9, "x1": 1.4978269711250252, "x2": 0.31551331761773344, "x3": 4.635515971434499, "x4": 0.4497984505480615, "x5": 8.633765238828898, "x6": 14.694665189717027, "x7": -2.894371611413646, "x8": 0.7475244583090416, "x9": 1.4011381252714346}, "datetime": {"datetime": "2025-05-16 04:45:00", "elapsed": 1341.706644, "delta": 6.728929}}
{"target": 7.422946096180871, "params": {"x0": 0.9, "x1": 1.4978269873693604, "x2": 0.31551332741889143, "x3": 4.635515976495519, "x4": 0.4497984335860614, "x5": 8.633769078034376, "x6": 14.694665164402135, "x7": -2.894371633115616, "x8": 0.7475244597061896, "x9": 1.4011381222703347}, "datetime": {"datetime": "2025-05-16 04:45:07", "elapsed": 1348.53178, "delta": 6.825136}}
{"target": 7.422946096180871, "params": {"x0": 0.9, "x1": 1.4978270019892619, "x2": 0.3155133362399336, "x3": 4.635515981050437, "x4": 0.4497984183202613, "x5": 8.633772533319307, "x6": 14.694665141618731, "x7": -2.8943716526473895, "x8": 0.747524460963623, "x9": 1.4011381195693449}, "datetime": {"datetime": "2025-05-16 04:45:13", "elapsed": 1355.252545, "delta": 6.720765}}
{"target": 7.422946096180871, "params": {"x0": 0.9, "x1": 1.4978270151471733, "x2": 0.3155133441788716, "x3": 4.635515985149863, "x4": 0.4497984045810412, "x5": 8.633775643075746, "x6": 14.694665121113669, "x7": -2.894371670225985, "x8": 0.747524462095313, "x9": 1.4011381171384538}, "datetime": {"datetime": "2025-05-16 04:45:20", "elapsed": 1361.955139, "delta": 6.702594}}
{"target": 7.422946096180871, "params": {"x0": 0.9, "x1": 1.4978270269892935, "x2": 0.3155133513239158, "x3": 4.635515988839347, "x4": 0.44979839221574314, "x5": 8.633778441856538, "x6": 14.694665102659114, "x7": -2.8943716860467212, "x8": 0.7475244631138339, "x9": 1.401138114950652}, "datetime": {"datetime": "2025-05-16 04:45:27", "elapsed": 1368.630616, "delta": 6.675477}}
{"target": 7.422946096180871, "params": {"x0": 0.9, "x1": 1.4978270376472018, "x2": 0.31551335775445555, "x3": 4.635515992159882, "x4": 0.4497983810869749, "x5": 8.633780960759253, "x6": 14.694665086050014, "x7": -2.894371700285384, "x8": 0.7475244640305028, "x9": 1.4011381129816305}, "datetime": {"datetime": "2025-05-16 04:45:33", "elapsed": 1375.154853, "delta": 6.524237}}
{"target": 7.422946096180871, "params": {"x0": 0.9, "x1": 1.4978270472393191, "x2": 0.3155133635419413, "x3": 4.6355159951483635, "x4": 0.44979837107108345, "x5": 8.633783227771696, "x6": 14.694665071101824, "x7": -2.8943717131001803, "x8": 0.7475244648555048, "x9": 1.401138111209511}, "datetime": {"datetime": "2025-05-16 04:45:40", "elapsed": 1381.943972, "delta": 6.789119}}
{"target": 7.422946096180871, "params": {"x0": 0.9, "x1": 1.4978270558722249, "x2": 0.31551336875067854, "x3": 4.635515997837997, "x4": 0.44979836205678114, "x5": 8.633785268082896, "x6": 14.694665057648452, "x7": -2.894371724633497, "x8": 0.7475244655980066, "x9": 1.4011381096146034}, "datetime": {"datetime": "2025-05-16 04:45:47", "elapsed": 1388.911173, "delta": 6.967201}}
{"target": 7.422946096180871, "params": {"x0": 0.9, "x1": 1.4978270636418398, "x2": 0.315513373438542, "x3": 4.635516000258668, "x4": 0.4497983539439091, "x5": 8.633787104362973, "x6": 14.694665045540418, "x7": -2.894371735013482, "x8": 0.7475244662662581, "x9": 1.4011381081791865}, "datetime": {"datetime": "2025-05-16 04:45:54", "elapsed": 1395.695884, "delta": 6.784711}}
{"target": 7.422946096180871, "params": {"x0": 0.9, "x1": 1.4978270706344934, "x2": 0.31551337765761917, "x3": 4.635516002437271, "x4": 0.4497983466423242, "x5": 8.633788757015045, "x6": 14.694665034643187, "x7": -2.8943717443554684, "x8": 0.7475244668676846, "x9": 1.4011381068873114}, "datetime": {"datetime": "2025-05-16 04:46:00", "elapsed": 1402.416551, "delta": 6.720667}}
{"target": 7.422946096180871, "params": {"x0": 0.9, "x1": 1.4978270769278816, "x2": 0.3155133814547886, "x3": 4.6355160043980135, "x4": 0.44979834007089786, "x5": 8.63379024440191, "x6": 14.694665024835679, "x7": -2.894371752763256, "x8": 0.7475244674089684, "x9": 1.401138105724624}, "datetime": {"datetime": "2025-05-16 04:46:07", "elapsed": 1409.38741, "delta": 6.970859}}
{"target": 7.422946096180871, "params": {"x0": 0.9, "x1": 1.497827082591931, "x2": 0.31551338487224106, "x3": 4.635516006162682, "x4": 0.44979833415661413, "x5": 8.633791583050087, "x6": 14.694665016008923, "x7": -2.8943717603302654, "x8": 0.7475244678961238, "x9": 1.401138104678205}, "datetime": {"datetime": "2025-05-16 04:46:14", "elapsed": 1416.139057, "delta": 6.751647}}
{"target": 7.422946096180871, "params": {"x0": 0.9, "x1": 1.4978270876895756, "x2": 0.3155133879479483, "x3": 4.6355160077508835, "x4": 0.44979832883375875, "x5": 8.633792787833446, "x6": 14.69466500806484, "x7": -2.8943717671405738, "x8": 0.7475244683345638, "x9": 1.401138103736428}, "datetime": {"datetime": "2025-05-16 04:46:21", "elapsed": 1423.116462, "delta": 6.977405}}
{"target": 7.422946096180871, "params": {"x0": 0.9, "x1": 1.4978270922774555, "x2": 0.3155133907160848, "x3": 4.635516009180265, "x4": 0.4497983240431889, "x5": 8.63379387213847, "x6": 14.694665000915167, "x7": -2.894371773269851, "x8": 0.7475244687291597, "x9": 1.4011381028888288}, "datetime": {"datetime": "2025-05-16 04:46:28", "elapsed": 1429.937415, "delta": 6.820953}}
{"target": 7.422946096180871, "params": {"x0": 0.9, "x1": 1.4978270964065477, "x2": 0.3155133932074077, "x3": 4.635516010466709, "x4": 0.4497983197316761, "x5": 8.633794848012991, "x6": 14.694664994480462, "x7": -2.8943717787862004, "x8": 0.7475244690842959, "x9": 1.4011381021259894}, "datetime": {"datetime": "2025-05-16 04:46:35", "elapsed": 1436.994458, "delta": 7.057043}}
{"target": 7.422946096180871, "params": {"x0": 0.9, "x1": 1.4978271001227303, "x2": 0.3155133954495982, "x3": 4.6355160116245075, "x4": 0.4497983158513145, "x5": 8.633795726300061, "x6": 14.694664988689226, "x7": -2.8943717837509153, "x8": 0.7475244694039186, "x9": 1.4011381014394342}, "datetime": {"datetime": "2025-05-16 04:46:42", "elapsed": 1443.725435, "delta": 6.730977}}
{"target": 7.422946096180871, "params": {"x0": 0.9, "x1": 1.497827103467295, "x2": 0.31551339746756973, "x3": 4.635516012666527, "x4": 0.44979831235898915, "x5": 8.633796516758423, "x6": 14.694664983477114, "x7": -2.8943717882191584, "x8": 0.747524469691579, "x9": 1.4011381008215342}, "datetime": {"datetime": "2025-05-16 04:46:48", "elapsed": 1450.409324, "delta": 6.683889}}
{"target": 7.422946096180871, "params": {"x0": 0.9, "x1": 1.497827106477403, "x2": 0.3155133992837441, "x3": 4.635516013604344, "x4": 0.44979830921589625, "x5": 8.633797228170948, "x6": 14.694664978786214, "x7": -2.894371792240577, "x8": 0.7475244699504734, "x9": 1.4011381002654244}, "datetime": {"datetime": "2025-05-16 04:46:55", "elapsed": 1457.314284, "delta": 6.90496}}
{"target": 7.422946096180871, "params": {"x0": 0.9, "x1": 1.4978271091865003, "x2": 0.31551340091830105, "x3": 4.635516014448379, "x4": 0.4497983063871127, "x5": 8.633797868442223, "x6": 14.694664974564404, "x7": -2.8943717958598545, "x8": 0.7475244701834783, "x9": 1.4011380997649254}, "datetime": {"datetime": "2025-05-16 04:47:02", "elapsed": 1464.131243, "delta": 6.816959}}
{"target": 7.422946096180871, "params": {"x0": 0.9000000001425495, "x1": 1.497827138540567, "x2": 0.3155134042021574, "x3": 4.635516019728056, "x4": 0.4497982907091666, "x5": 8.633798457981417, "x6": 14.694664963031437, "x7": -2.894371801171708, "x8": 0.7475244719507088, "x9": 1.4011380956030746}, "datetime": {"datetime": "2025-05-16 04:47:09", "elapsed": 1471.162897, "delta": 7.031654}}
{"target": 7.422946096180871, "params": {"x0": 0.9000000004117608, "x1": 1.4978271152559897, "x2": 0.3155134072502322, "x3": 4.635516018756883, "x4": 0.4497982966479119, "x5": 8.633798985115128, "x6": 14.694664951541306, "x7": -2.8943718090422332, "x8": 0.7475244708043993, "x9": 1.4011380946362508}, "datetime": {"datetime": "2025-05-16 04:47:16", "elapsed": 1477.928943, "delta": 6.766046}}
{"target": 7.422946096180871, "params": {"x0": 0.9000000001448291, "x1": 1.4978271317282976, "x2": 0.31551341035173813, "x3": 4.635516018368808, "x4": 0.4497982965731063, "x5": 8.63379949582922, "x6": 14.694664956487578, "x7": -2.8943718156835994, "x8": 0.7475244735326697, "x9": 1.4011380975973926}, "datetime": {"datetime": "2025-05-16 04:47:23", "elapsed": 1484.890598, "delta": 6.961655}}
{"target": 7.422946096180871, "params": {"x0": 0.9000000002252841, "x1": 1.4978271238239182, "x2": 0.3155134154548663, "x3": 4.635516023340389, "x4": 0.449798294386207, "x5": 8.633799855784291, "x6": 14.694664956955874, "x7": -2.894371808910533, "x8": 0.7475244734505533, "x9": 1.4011380979440187}, "datetime": {"datetime": "2025-05-16 04:47:30", "elapsed": 1491.759317, "delta": 6.868719}}
{"target": 7.422946096180871, "params": {"x0": 0.900000000458554, "x1": 1.4978271285294282, "x2": 0.3155134159197925, "x3": 4.635516025633281, "x4": 0.449798289760799, "x5": 8.633800259624987, "x6": 14.694664949747791, "x7": -2.8943718105743113, "x8": 0.7475244717412499, "x9": 1.401138097859202}, "datetime": {"datetime": "2025-05-16 04:47:37", "elapsed": 1498.728878, "delta": 6.969561}}
{"target": 7.422946096180871, "params": {"x0": 0.9000000005506815, "x1": 1.4978271277466335, "x2": 0.315513415158314, "x3": 4.635516019095625, "x4": 0.4497982940307397, "x5": 8.633800620063436, "x6": 14.694664951779846, "x7": -2.8943718118123476, "x8": 0.7475244713745166, "x9": 1.401138094260598}, "datetime": {"datetime": "2025-05-16 04:47:44", "elapsed": 1505.479495, "delta": 6.750617}}
{"target": 7.422946096180871, "params": {"x0": 0.9000000001863676, "x1": 1.4978271229840836, "x2": 0.3155134091517896, "x3": 4.635516022364784, "x4": 0.44979828498513347, "x5": 8.633800883026403, "x6": 14.694664938946767, "x7": -2.8943718151702695, "x8": 0.7475244724113596, "x9": 1.4011380943217493}, "datetime": {"datetime": "2025-05-16 04:47:50", "elapsed": 1512.178577, "delta": 6.699082}}
{"target": 7.422946096180871, "params": {"x0": 0.9000000002680392, "x1": 1.4978271231770655, "x2": 0.3155134094811037, "x3": 4.635516020961314, "x4": 0.4497982917275514, "x5": 8.633801208160428, "x6": 14.694664946851626, "x7": -2.894371823773403, "x8": 0.747524471976546, "x9": 1.4011380951889727}, "datetime": {"datetime": "2025-05-16 04:47:57", "elapsed": 1519.181655, "delta": 7.003078}}
{"target": 7.422946096180871, "params": {"x0": 0.9000000001376385, "x1": 1.4978271247948285, "x2": 0.3155134115563383, "x3": 4.635516022961378, "x4": 0.4497982831271765, "x5": 8.633801415281692, "x6": 14.694664945742062, "x7": -2.8943718169614585, "x8": 0.7475244724989837, "x9": 1.4011380968275677}, "datetime": {"datetime": "2025-05-16 04:48:04", "elapsed": 1526.32379, "delta": 7.142135}}
{"target": 7.422946096180871, "params": {"x0": 0.9000000000346703, "x1": 1.4978271333540143, "x2": 0.31551341080426815, "x3": 4.635516021441408, "x4": 0.44979828484310663, "x5": 8.633801625408832, "x6": 14.694664946361879, "x7": -2.894371817193321, "x8": 0.7475244717746361, "x9": 1.401138095326375}, "datetime": {"datetime": "2025-05-16 04:48:11", "elapsed": 1533.083633, "delta": 6.759843}}
{"target": 7.422946096180871, "params": {"x0": 0.9000000002803435, "x1": 1.4978271333084607, "x2": 0.3155134161557482, "x3": 4.635516019781991, "x4": 0.44979828608054967, "x5": 8.633801868774352, "x6": 14.694664948246894, "x7": -2.894371818555577, "x8": 0.7475244718866504, "x9": 1.4011380966396452}, "datetime": {"datetime": "2025-05-16 04:48:18", "elapsed": 1539.839533, "delta": 6.7559}}
{"target": 7.422946096180871, "params": {"x0": 0.9000000002123851, "x1": 1.497827130488275, "x2": 0.31551341155653634, "x3": 4.635516022766479, "x4": 0.449798286579735, "x5": 8.633802009020068, "x6": 14.694664943919085, "x7": -2.8943718221066113, "x8": 0.7475244723197091, "x9": 1.401138094099225}, "datetime": {"datetime": "2025-05-16 04:48:25", "elapsed": 1546.521822, "delta": 6.682289}}
{"target": 7.422946096180871, "params": {"x0": 0.9000000000938025, "x1": 1.497827134699289, "x2": 0.3155134183624126, "x3": 4.635516022473422, "x4": 0.44979828712580094, "x5": 8.633802167308081, "x6": 14.69466494496548, "x7": -2.8943718250109085, "x8": 0.7475244727705759, "x9": 1.4011380961547157}, "datetime": {"datetime": "2025-05-16 04:48:32", "elapsed": 1553.602435, "delta": 7.080613}}
