{"target": 7.422946096180871, "params": {"x0": 0.9, "x1": 1.4978271335683757, "x2": 0.3155134156293134, "x3": 4.635516022044699, "x4": 0.4497982809280605, "x5": 8.633803630883685, "x6": 14.69466493656811, "x7": -2.8943718284333473, "x8": 0.7475244722805227, "x9": 1.4011380952604355}, "datetime": {"datetime": "2025-05-16 05:52:12", "elapsed": 5374.042987, "delta": 4.03154}}
{"target": 7.422946096180871, "params": {"x0": 0.9, "x1": 1.4978271335683757, "x2": 0.3155134156293134, "x3": 4.635516022044699, "x4": 0.4497982809280605, "x5": 8.633803630883685, "x6": 14.69466493656811, "x7": -2.8943718284333473, "x8": 0.7475244722805227, "x9": 1.4011380952604355}, "datetime": {"datetime": "2025-05-16 05:52:16", "elapsed": 5377.870243, "delta": 3.827256}}
{"target": 7.422946096180871, "params": {"x0": 0.9, "x1": 1.4978271335683757, "x2": 0.3155134156293134, "x3": 4.635516022044699, "x4": 0.4497982809280605, "x5": 8.633803630883685, "x6": 14.69466493656811, "x7": -2.8943718284333473, "x8": 0.7475244722805227, "x9": 1.4011380952604355}, "datetime": {"datetime": "2025-05-16 05:52:20", "elapsed": 5382.135671, "delta": 4.265428}}
{"target": 7.422946096180871, "params": {"x0": 0.9, "x1": 1.4978271335683757, "x2": 0.3155134156293134, "x3": 4.635516022044699, "x4": 0.4497982809280605, "x5": 8.633803630883685, "x6": 14.69466493656811, "x7": -2.8943718284333473, "x8": 0.7475244722805227, "x9": 1.4011380952604355}, "datetime": {"datetime": "2025-05-16 05:52:25", "elapsed": 5386.501421, "delta": 4.36575}}
{"target": 7.422946096180871, "params": {"x0": 0.9, "x1": 1.4978271335683757, "x2": 0.3155134156293134, "x3": 4.635516022044699, "x4": 0.4497982809280605, "x5": 8.633803630883685, "x6": 14.69466493656811, "x7": -2.8943718284333473, "x8": 0.7475244722805227, "x9": 1.4011380952604355}, "datetime": {"datetime": "2025-05-16 05:52:28", "elapsed": 5389.503383, "delta": 3.001962}}
{"target": 7.422946096180871, "params": {"x0": 0.9, "x1": 1.4978271335683757, "x2": 0.3155134156293134, "x3": 4.635516022044699, "x4": 0.4497982809280605, "x5": 8.633803630883685, "x6": 14.69466493656811, "x7": -2.8943718284333473, "x8": 0.7475244722805227, "x9": 1.4011380952604355}, "datetime": {"datetime": "2025-05-16 05:52:31", "elapsed": 5393.150721, "delta": 3.647338}}
{"target": 7.422946096180871, "params": {"x0": 0.9, "x1": 1.4978271335683757, "x2": 0.3155134156293134, "x3": 4.635516022044699, "x4": 0.4497982809280605, "x5": 8.633803630883685, "x6": 14.69466493656811, "x7": -2.8943718284333473, "x8": 0.7475244722805227, "x9": 1.4011380952604355}, "datetime": {"datetime": "2025-05-16 05:52:35", "elapsed": 5397.368578, "delta": 4.217857}}
{"target": 7.422946096180871, "params": {"x0": 0.9, "x1": 1.4978271335683757, "x2": 0.3155134156293134, "x3": 4.635516022044699, "x4": 0.4497982809280605, "x5": 8.633803630883685, "x6": 14.69466493656811, "x7": -2.8943718284333473, "x8": 0.7475244722805227, "x9": 1.4011380952604355}, "datetime": {"datetime": "2025-05-16 05:52:39", "elapsed": 5400.7042, "delta": 3.335622}}
{"target": 7.422946096180871, "params": {"x0": 0.9, "x1": 1.4978271335683757, "x2": 0.3155134156293134, "x3": 4.635516022044699, "x4": 0.4497982809280605, "x5": 8.633803630883685, "x6": 14.69466493656811, "x7": -2.8943718284333473, "x8": 0.7475244722805227, "x9": 1.4011380952604355}, "datetime": {"datetime": "2025-05-16 05:52:42", "elapsed": 5403.876834, "delta": 3.172634}}
{"target": 7.422946096180871, "params": {"x0": 0.9, "x1": 1.4978271335683757, "x2": 0.3155134156293134, "x3": 4.635516022044699, "x4": 0.4497982809280605, "x5": 8.633803630883685, "x6": 14.69466493656811, "x7": -2.8943718284333473, "x8": 0.7475244722805227, "x9": 1.4011380952604355}, "datetime": {"datetime": "2025-05-16 05:52:46", "elapsed": 5407.500101, "delta": 3.623267}}
{"target": 7.422946096180871, "params": {"x0": 0.9, "x1": 1.4978271335683757, "x2": 0.3155134156293134, "x3": 4.635516022044699, "x4": 0.4497982809280605, "x5": 8.633803630883685, "x6": 14.69466493656811, "x7": -2.8943718284333473, "x8": 0.7475244722805227, "x9": 1.4011380952604355}, "datetime": {"datetime": "2025-05-16 05:52:48", "elapsed": 5410.373864, "delta": 2.873763}}
{"target": 7.422946096180871, "params": {"x0": 0.9, "x1": 1.4978271335683757, "x2": 0.3155134156293134, "x3": 4.635516022044699, "x4": 0.4497982809280605, "x5": 8.633803630883685, "x6": 14.69466493656811, "x7": -2.8943718284333473, "x8": 0.7475244722805227, "x9": 1.4011380952604355}, "datetime": {"datetime": "2025-05-16 05:52:52", "elapsed": 5414.375821, "delta": 4.001957}}
{"target": 7.422946096180871, "params": {"x0": 0.9, "x1": 1.4978271335683757, "x2": 0.3155134156293134, "x3": 4.635516022044699, "x4": 0.4497982809280605, "x5": 8.633803630883685, "x6": 14.69466493656811, "x7": -2.8943718284333473, "x8": 0.7475244722805227, "x9": 1.4011380952604355}, "datetime": {"datetime": "2025-05-16 05:52:56", "elapsed": 5417.641627, "delta": 3.265806}}
{"target": 7.422946096180871, "params": {"x0": 0.9, "x1": 1.4978271335683757, "x2": 0.3155134156293134, "x3": 4.635516022044699, "x4": 0.4497982809280605, "x5": 8.633803630883685, "x6": 14.69466493656811, "x7": -2.8943718284333473, "x8": 0.7475244722805227, "x9": 1.4011380952604355}, "datetime": {"datetime": "2025-05-16 05:52:59", "elapsed": 5421.227338, "delta": 3.585711}}
{"target": 7.422946096180871, "params": {"x0": 0.9, "x1": 1.4978271335683757, "x2": 0.3155134156293134, "x3": 4.635516022044699, "x4": 0.4497982809280605, "x5": 8.633803630883685, "x6": 14.69466493656811, "x7": -2.8943718284333473, "x8": 0.7475244722805227, "x9": 1.4011380952604355}, "datetime": {"datetime": "2025-05-16 05:53:02", "elapsed": 5424.04296, "delta": 2.815622}}
{"target": 7.422946096180871, "params": {"x0": 0.9, "x1": 1.4978271335683757, "x2": 0.3155134156293134, "x3": 4.635516022044699, "x4": 0.4497982809280605, "x5": 8.633803630883685, "x6": 14.69466493656811, "x7": -2.8943718284333473, "x8": 0.7475244722805227, "x9": 1.4011380952604355}, "datetime": {"datetime": "2025-05-16 05:53:05", "elapsed": 5427.213608, "delta": 3.170648}}
{"target": 7.422946096180871, "params": {"x0": 0.9, "x1": 1.4978271335683757, "x2": 0.3155134156293134, "x3": 4.635516022044699, "x4": 0.4497982809280605, "x5": 8.633803630883685, "x6": 14.69466493656811, "x7": -2.8943718284333473, "x8": 0.7475244722805227, "x9": 1.4011380952604355}, "datetime": {"datetime": "2025-05-16 05:53:09", "elapsed": 5431.257704, "delta": 4.044096}}
{"target": 7.422946096180871, "params": {"x0": 0.9, "x1": 1.4978271335683757, "x2": 0.3155134156293134, "x3": 4.635516022044699, "x4": 0.4497982809280605, "x5": 8.633803630883685, "x6": 14.69466493656811, "x7": -2.8943718284333473, "x8": 0.7475244722805227, "x9": 1.4011380952604355}, "datetime": {"datetime": "2025-05-16 05:53:13", "elapsed": 5434.519532, "delta": 3.261828}}
{"target": 7.422946096180871, "params": {"x0": 0.9, "x1": 1.4978271335683757, "x2": 0.3155134156293134, "x3": 4.635516022044699, "x4": 0.4497982809280605, "x5": 8.633803630883685, "x6": 14.69466493656811, "x7": -2.8943718284333473, "x8": 0.7475244722805227, "x9": 1.4011380952604355}, "datetime": {"datetime": "2025-05-16 05:53:16", "elapsed": 5437.605238, "delta": 3.085706}}
{"target": 7.422946096180871, "params": {"x0": 0.9, "x1": 1.4978271335683757, "x2": 0.3155134156293134, "x3": 4.635516022044699, "x4": 0.4497982809280605, "x5": 8.633803630883685, "x6": 14.69466493656811, "x7": -2.8943718284333473, "x8": 0.7475244722805227, "x9": 1.4011380952604355}, "datetime": {"datetime": "2025-05-16 05:53:19", "elapsed": 5440.84243, "delta": 3.237192}}
{"target": 7.422946096180871, "params": {"x0": 0.9, "x1": 1.4978271335683757, "x2": 0.3155134156293134, "x3": 4.635516022044699, "x4": 0.4497982809280605, "x5": 8.633803630883685, "x6": 14.69466493656811, "x7": -2.8943718284333473, "x8": 0.7475244722805227, "x9": 1.4011380952604355}, "datetime": {"datetime": "2025-05-16 05:53:22", "elapsed": 5444.129794, "delta": 3.287364}}
{"target": 7.422946096180871, "params": {"x0": 0.9, "x1": 1.4978271335683757, "x2": 0.3155134156293134, "x3": 4.635516022044699, "x4": 0.4497982809280605, "x5": 8.633803630883685, "x6": 14.69466493656811, "x7": -2.8943718284333473, "x8": 0.7475244722805227, "x9": 1.4011380952604355}, "datetime": {"datetime": "2025-05-16 05:53:26", "elapsed": 5448.036315, "delta": 3.906521}}
{"target": 7.422946096180871, "params": {"x0": 0.9, "x1": 1.4978271335683757, "x2": 0.3155134156293134, "x3": 4.635516022044699, "x4": 0.4497982809280605, "x5": 8.633803630883685, "x6": 14.69466493656811, "x7": -2.8943718284333473, "x8": 0.7475244722805227, "x9": 1.4011380952604355}, "datetime": {"datetime": "2025-05-16 05:53:31", "elapsed": 5453.24321, "delta": 5.206895}}
{"target": 7.422946096180871, "params": {"x0": 0.9, "x1": 1.4978271335683757, "x2": 0.3155134156293134, "x3": 4.635516022044699, "x4": 0.4497982809280605, "x5": 8.633803630883685, "x6": 14.69466493656811, "x7": -2.8943718284333473, "x8": 0.7475244722805227, "x9": 1.4011380952604355}, "datetime": {"datetime": "2025-05-16 05:53:34", "elapsed": 5456.318587, "delta": 3.075377}}
{"target": 7.422946096180871, "params": {"x0": 0.9, "x1": 1.4978271335683757, "x2": 0.3155134156293134, "x3": 4.635516022044699, "x4": 0.4497982809280605, "x5": 8.633803630883685, "x6": 14.69466493656811, "x7": -2.8943718284333473, "x8": 0.7475244722805227, "x9": 1.4011380952604355}, "datetime": {"datetime": "2025-05-16 05:53:38", "elapsed": 5459.8616, "delta": 3.543013}}
{"target": 7.422946096180871, "params": {"x0": 0.9, "x1": 1.4978271335683757, "x2": 0.3155134156293134, "x3": 4.635516022044699, "x4": 0.4497982809280605, "x5": 8.633803630883685, "x6": 14.69466493656811, "x7": -2.8943718284333473, "x8": 0.7475244722805227, "x9": 1.4011380952604355}, "datetime": {"datetime": "2025-05-16 05:53:42", "elapsed": 5463.834398, "delta": 3.972798}}
{"target": 7.422946096180871, "params": {"x0": 0.9, "x1": 1.4978271335683757, "x2": 0.3155134156293134, "x3": 4.635516022044699, "x4": 0.4497982809280605, "x5": 8.633803630883685, "x6": 14.69466493656811, "x7": -2.8943718284333473, "x8": 0.7475244722805227, "x9": 1.4011380952604355}, "datetime": {"datetime": "2025-05-16 05:53:45", "elapsed": 5467.092582, "delta": 3.258184}}
{"target": 7.422946096180871, "params": {"x0": 0.9, "x1": 1.4978271335683757, "x2": 0.3155134156293134, "x3": 4.635516022044699, "x4": 0.4497982809280605, "x5": 8.633803630883685, "x6": 14.69466493656811, "x7": -2.8943718284333473, "x8": 0.7475244722805227, "x9": 1.4011380952604355}, "datetime": {"datetime": "2025-05-16 05:53:48", "elapsed": 5470.02768, "delta": 2.935098}}
{"target": 7.422946096180871, "params": {"x0": 0.9, "x1": 1.4978271335683757, "x2": 0.3155134156293134, "x3": 4.635516022044699, "x4": 0.4497982809280605, "x5": 8.633803630883685, "x6": 14.69466493656811, "x7": -2.8943718284333473, "x8": 0.7475244722805227, "x9": 1.4011380952604355}, "datetime": {"datetime": "2025-05-16 05:53:52", "elapsed": 5473.72932, "delta": 3.70164}}
{"target": 7.422946096180871, "params": {"x0": 0.9, "x1": 1.4978271335683757, "x2": 0.3155134156293134, "x3": 4.635516022044699, "x4": 0.4497982809280605, "x5": 8.633803630883685, "x6": 14.69466493656811, "x7": -2.8943718284333473, "x8": 0.7475244722805227, "x9": 1.4011380952604355}, "datetime": {"datetime": "2025-05-16 05:53:55", "elapsed": 5476.871341, "delta": 3.142021}}
{"target": 7.422946096180871, "params": {"x0": 0.9, "x1": 1.4978271335683757, "x2": 0.3155134156293134, "x3": 4.635516022044699, "x4": 0.4497982809280605, "x5": 8.633803630883685, "x6": 14.69466493656811, "x7": -2.8943718284333473, "x8": 0.7475244722805227, "x9": 1.4011380952604355}, "datetime": {"datetime": "2025-05-16 05:53:58", "elapsed": 5479.96288, "delta": 3.091539}}
{"target": 7.422946096180871, "params": {"x0": 0.9, "x1": 1.4978271335683757, "x2": 0.3155134156293134, "x3": 4.635516022044699, "x4": 0.4497982809280605, "x5": 8.633803630883685, "x6": 14.69466493656811, "x7": -2.8943718284333473, "x8": 0.7475244722805227, "x9": 1.4011380952604355}, "datetime": {"datetime": "2025-05-16 05:54:03", "elapsed": 5484.818627, "delta": 4.855747}}
{"target": 7.422946096180871, "params": {"x0": 0.9, "x1": 1.4978271335683757, "x2": 0.3155134156293134, "x3": 4.635516022044699, "x4": 0.4497982809280605, "x5": 8.633803630883685, "x6": 14.69466493656811, "x7": -2.8943718284333473, "x8": 0.7475244722805227, "x9": 1.4011380952604355}, "datetime": {"datetime": "2025-05-16 05:54:06", "elapsed": 5488.014491, "delta": 3.195864}}
{"target": 7.422946096180871, "params": {"x0": 0.9, "x1": 1.4978271335683757, "x2": 0.3155134156293134, "x3": 4.635516022044699, "x4": 0.4497982809280605, "x5": 8.633803630883685, "x6": 14.69466493656811, "x7": -2.8943718284333473, "x8": 0.7475244722805227, "x9": 1.4011380952604355}, "datetime": {"datetime": "2025-05-16 05:54:11", "elapsed": 5492.82405, "delta": 4.809559}}
{"target": 7.422946096180871, "params": {"x0": 0.9, "x1": 1.4978271335683757, "x2": 0.3155134156293134, "x3": 4.635516022044699, "x4": 0.4497982809280605, "x5": 8.633803630883685, "x6": 14.69466493656811, "x7": -2.8943718284333473, "x8": 0.7475244722805227, "x9": 1.4011380952604355}, "datetime": {"datetime": "2025-05-16 05:54:14", "elapsed": 5495.654283, "delta": 2.830233}}
{"target": 7.422946096180871, "params": {"x0": 0.9, "x1": 1.4978271335683757, "x2": 0.3155134156293134, "x3": 4.635516022044699, "x4": 0.4497982809280605, "x5": 8.633803630883685, "x6": 14.69466493656811, "x7": -2.8943718284333473, "x8": 0.7475244722805227, "x9": 1.4011380952604355}, "datetime": {"datetime": "2025-05-16 05:54:17", "elapsed": 5498.798087, "delta": 3.143804}}
{"target": 7.422946096180871, "params": {"x0": 0.9, "x1": 1.4978271335683757, "x2": 0.3155134156293134, "x3": 4.635516022044699, "x4": 0.4497982809280605, "x5": 8.633803630883685, "x6": 14.69466493656811, "x7": -2.8943718284333473, "x8": 0.7475244722805227, "x9": 1.4011380952604355}, "datetime": {"datetime": "2025-05-16 05:54:20", "elapsed": 5501.814532, "delta": 3.016445}}
{"target": 7.422946096180871, "params": {"x0": 0.9, "x1": 1.4978271335683757, "x2": 0.3155134156293134, "x3": 4.635516022044699, "x4": 0.4497982809280605, "x5": 8.633803630883685, "x6": 14.69466493656811, "x7": -2.8943718284333473, "x8": 0.7475244722805227, "x9": 1.4011380952604355}, "datetime": {"datetime": "2025-05-16 05:54:23", "elapsed": 5505.290514, "delta": 3.475982}}
{"target": 7.422946096180871, "params": {"x0": 0.9, "x1": 1.4978271335683757, "x2": 0.3155134156293134, "x3": 4.635516022044699, "x4": 0.4497982809280605, "x5": 8.633803630883685, "x6": 14.69466493656811, "x7": -2.8943718284333473, "x8": 0.7475244722805227, "x9": 1.4011380952604355}, "datetime": {"datetime": "2025-05-16 05:54:26", "elapsed": 5508.030791, "delta": 2.740277}}
{"target": 7.422946096180871, "params": {"x0": 0.9, "x1": 1.4978271335683757, "x2": 0.3155134156293134, "x3": 4.635516022044699, "x4": 0.4497982809280605, "x5": 8.633803630883685, "x6": 14.69466493656811, "x7": -2.8943718284333473, "x8": 0.7475244722805227, "x9": 1.4011380952604355}, "datetime": {"datetime": "2025-05-16 05:54:30", "elapsed": 5511.631876, "delta": 3.601085}}
{"target": 7.422946096180871, "params": {"x0": 0.9, "x1": 1.4978271335683757, "x2": 0.3155134156293134, "x3": 4.635516022044699, "x4": 0.4497982809280605, "x5": 8.633803630883685, "x6": 14.69466493656811, "x7": -2.8943718284333473, "x8": 0.7475244722805227, "x9": 1.4011380952604355}, "datetime": {"datetime": "2025-05-16 05:54:33", "elapsed": 5515.089313, "delta": 3.457437}}
{"target": 7.422946096180871, "params": {"x0": 0.9, "x1": 1.4978271335683757, "x2": 0.3155134156293134, "x3": 4.635516022044699, "x4": 0.4497982809280605, "x5": 8.633803630883685, "x6": 14.69466493656811, "x7": -2.8943718284333473, "x8": 0.7475244722805227, "x9": 1.4011380952604355}, "datetime": {"datetime": "2025-05-16 05:54:36", "elapsed": 5518.021283, "delta": 2.93197}}
{"target": 7.422946096180871, "params": {"x0": 0.9, "x1": 1.4978271335683757, "x2": 0.3155134156293134, "x3": 4.635516022044699, "x4": 0.4497982809280605, "x5": 8.633803630883685, "x6": 14.69466493656811, "x7": -2.8943718284333473, "x8": 0.7475244722805227, "x9": 1.4011380952604355}, "datetime": {"datetime": "2025-05-16 05:54:40", "elapsed": 5521.855526, "delta": 3.834243}}
{"target": 7.422946096180871, "params": {"x0": 0.9, "x1": 1.4978271335683757, "x2": 0.3155134156293134, "x3": 4.635516022044699, "x4": 0.4497982809280605, "x5": 8.633803630883685, "x6": 14.69466493656811, "x7": -2.8943718284333473, "x8": 0.7475244722805227, "x9": 1.4011380952604355}, "datetime": {"datetime": "2025-05-16 05:54:42", "elapsed": 5524.334743, "delta": 2.479217}}
{"target": 7.422946096180871, "params": {"x0": 0.9, "x1": 1.4978271335683757, "x2": 0.3155134156293134, "x3": 4.635516022044699, "x4": 0.4497982809280605, "x5": 8.633803630883685, "x6": 14.69466493656811, "x7": -2.8943718284333473, "x8": 0.7475244722805227, "x9": 1.4011380952604355}, "datetime": {"datetime": "2025-05-16 05:54:46", "elapsed": 5527.926401, "delta": 3.591658}}
{"target": 7.422946096180871, "params": {"x0": 0.9, "x1": 1.4978271335683757, "x2": 0.3155134156293134, "x3": 4.635516022044699, "x4": 0.4497982809280605, "x5": 8.633803630883685, "x6": 14.69466493656811, "x7": -2.8943718284333473, "x8": 0.7475244722805227, "x9": 1.4011380952604355}, "datetime": {"datetime": "2025-05-16 05:54:49", "elapsed": 5531.396426, "delta": 3.470025}}
{"target": 7.422946096180871, "params": {"x0": 0.9, "x1": 1.4978271335683757, "x2": 0.3155134156293134, "x3": 4.635516022044699, "x4": 0.4497982809280605, "x5": 8.633803630883685, "x6": 14.69466493656811, "x7": -2.8943718284333473, "x8": 0.7475244722805227, "x9": 1.4011380952604355}, "datetime": {"datetime": "2025-05-16 05:54:54", "elapsed": 5535.805486, "delta": 4.40906}}
{"target": 7.422946096180871, "params": {"x0": 0.9, "x1": 1.4978271335683757, "x2": 0.3155134156293134, "x3": 4.635516022044699, "x4": 0.4497982809280605, "x5": 8.633803630883685, "x6": 14.69466493656811, "x7": -2.8943718284333473, "x8": 0.7475244722805227, "x9": 1.4011380952604355}, "datetime": {"datetime": "2025-05-16 05:54:58", "elapsed": 5539.677917, "delta": 3.872431}}
{"target": 7.422946096180871, "params": {"x0": 0.9, "x1": 1.4978271335683757, "x2": 0.3155134156293134, "x3": 4.635516022044699, "x4": 0.4497982809280605, "x5": 8.633803630883685, "x6": 14.69466493656811, "x7": -2.8943718284333473, "x8": 0.7475244722805227, "x9": 1.4011380952604355}, "datetime": {"datetime": "2025-05-16 05:55:01", "elapsed": 5543.375464, "delta": 3.697547}}
{"target": 7.422946096180871, "params": {"x0": 0.9, "x1": 1.4978271335683757, "x2": 0.3155134156293134, "x3": 4.635516022044699, "x4": 0.4497982809280605, "x5": 8.633803630883685, "x6": 14.69466493656811, "x7": -2.8943718284333473, "x8": 0.7475244722805227, "x9": 1.4011380952604355}, "datetime": {"datetime": "2025-05-16 05:55:06", "elapsed": 5547.565118, "delta": 4.189654}}
{"target": 7.422946096180871, "params": {"x0": 0.9, "x1": 1.4978271335683757, "x2": 0.3155134156293134, "x3": 4.635516022044699, "x4": 0.4497982809280605, "x5": 8.633803630883685, "x6": 14.69466493656811, "x7": -2.8943718284333473, "x8": 0.7475244722805227, "x9": 1.4011380952604355}, "datetime": {"datetime": "2025-05-16 05:55:10", "elapsed": 5551.641731, "delta": 4.076613}}
{"target": 7.422946096180871, "params": {"x0": 0.9, "x1": 1.4978271335683757, "x2": 0.3155134156293134, "x3": 4.635516022044699, "x4": 0.4497982809280605, "x5": 8.633803630883685, "x6": 14.69466493656811, "x7": -2.8943718284333473, "x8": 0.7475244722805227, "x9": 1.4011380952604355}, "datetime": {"datetime": "2025-05-16 05:55:13", "elapsed": 5555.277465, "delta": 3.635734}}
{"target": 7.422946096180871, "params": {"x0": 0.9, "x1": 1.4978271335683757, "x2": 0.3155134156293134, "x3": 4.635516022044699, "x4": 0.4497982809280605, "x5": 8.633803630883685, "x6": 14.69466493656811, "x7": -2.8943718284333473, "x8": 0.7475244722805227, "x9": 1.4011380952604355}, "datetime": {"datetime": "2025-05-16 05:55:18", "elapsed": 5559.701771, "delta": 4.424306}}
{"target": 7.422946096180871, "params": {"x0": 0.9, "x1": 1.4978271335683757, "x2": 0.3155134156293134, "x3": 4.635516022044699, "x4": 0.4497982809280605, "x5": 8.633803630883685, "x6": 14.69466493656811, "x7": -2.8943718284333473, "x8": 0.7475244722805227, "x9": 1.4011380952604355}, "datetime": {"datetime": "2025-05-16 05:55:21", "elapsed": 5562.768836, "delta": 3.067065}}
{"target": 7.422946096180871, "params": {"x0": 0.9, "x1": 1.4978271335683757, "x2": 0.3155134156293134, "x3": 4.635516022044699, "x4": 0.4497982809280605, "x5": 8.633803630883685, "x6": 14.69466493656811, "x7": -2.8943718284333473, "x8": 0.7475244722805227, "x9": 1.4011380952604355}, "datetime": {"datetime": "2025-05-16 05:55:24", "elapsed": 5566.443901, "delta": 3.675065}}
{"target": 7.422946096180871, "params": {"x0": 0.9, "x1": 1.4978271335683757, "x2": 0.3155134156293134, "x3": 4.635516022044699, "x4": 0.4497982809280605, "x5": 8.633803630883685, "x6": 14.69466493656811, "x7": -2.8943718284333473, "x8": 0.7475244722805227, "x9": 1.4011380952604355}, "datetime": {"datetime": "2025-05-16 05:55:28", "elapsed": 5570.069377, "delta": 3.625476}}
{"target": 7.422946096180871, "params": {"x0": 0.9, "x1": 1.4978271335683757, "x2": 0.3155134156293134, "x3": 4.635516022044699, "x4": 0.4497982809280605, "x5": 8.633803630883685, "x6": 14.69466493656811, "x7": -2.8943718284333473, "x8": 0.7475244722805227, "x9": 1.4011380952604355}, "datetime": {"datetime": "2025-05-16 05:55:33", "elapsed": 5574.740432, "delta": 4.671055}}
{"target": 7.422946096180871, "params": {"x0": 0.9, "x1": 1.4978271335683757, "x2": 0.3155134156293134, "x3": 4.635516022044699, "x4": 0.4497982809280605, "x5": 8.633803630883685, "x6": 14.69466493656811, "x7": -2.8943718284333473, "x8": 0.7475244722805227, "x9": 1.4011380952604355}, "datetime": {"datetime": "2025-05-16 05:55:37", "elapsed": 5578.590288, "delta": 3.849856}}
