{"target": 7.422946096180871, "params": {"x0": 0.9, "x1": 1.4978271335683757, "x2": 0.3155134156293134, "x3": 4.635516022044699, "x4": 0.4497982809280605, "x5": 8.633803630883685, "x6": 14.69466493656811, "x7": -2.8943718284333473, "x8": 0.7475244722805227, "x9": 1.4011380952604355}, "datetime": {"datetime": "2025-05-16 07:06:27", "elapsed": 9829.101012, "delta": 7.205655}}
{"target": 7.422946096180871, "params": {"x0": 0.9, "x1": 1.4978271335683757, "x2": 0.3155134156293134, "x3": 4.635516022044699, "x4": 0.4497982809280605, "x5": 8.633803630883685, "x6": 14.69466493656811, "x7": -2.8943718284333473, "x8": 0.7475244722805227, "x9": 1.4011380952604355}, "datetime": {"datetime": "2025-05-16 07:06:35", "elapsed": 9837.177524, "delta": 8.076512}}
{"target": 7.422946096180871, "params": {"x0": 0.9, "x1": 1.4978271335683757, "x2": 0.3155134156293134, "x3": 4.635516022044699, "x4": 0.4497982809280605, "x5": 8.633803630883685, "x6": 14.69466493656811, "x7": -2.8943718284333473, "x8": 0.7475244722805227, "x9": 1.4011380952604355}, "datetime": {"datetime": "2025-05-16 07:06:43", "elapsed": 9844.49051, "delta": 7.312986}}
{"target": 7.422946096180871, "params": {"x0": 0.9, "x1": 1.4978271335683757, "x2": 0.3155134156293134, "x3": 4.635516022044699, "x4": 0.4497982809280605, "x5": 8.633803630883685, "x6": 14.69466493656811, "x7": -2.8943718284333473, "x8": 0.7475244722805227, "x9": 1.4011380952604355}, "datetime": {"datetime": "2025-05-16 07:06:51", "elapsed": 9852.677801, "delta": 8.187291}}
{"target": 7.422946096180871, "params": {"x0": 0.9, "x1": 1.4978271335683757, "x2": 0.3155134156293134, "x3": 4.635516022044699, "x4": 0.4497982809280605, "x5": 8.633803630883685, "x6": 14.69466493656811, "x7": -2.8943718284333473, "x8": 0.7475244722805227, "x9": 1.4011380952604355}, "datetime": {"datetime": "2025-05-16 07:06:58", "elapsed": 9859.931319, "delta": 7.253518}}
{"target": 7.422946096180871, "params": {"x0": 0.9, "x1": 1.4978271335683757, "x2": 0.3155134156293134, "x3": 4.635516022044699, "x4": 0.4497982809280605, "x5": 8.633803630883685, "x6": 14.69466493656811, "x7": -2.8943718284333473, "x8": 0.7475244722805227, "x9": 1.4011380952604355}, "datetime": {"datetime": "2025-05-16 07:07:07", "elapsed": 9869.057724, "delta": 9.126405}}
{"target": 7.422946096180871, "params": {"x0": 0.9, "x1": 1.4978271335683757, "x2": 0.3155134156293134, "x3": 4.635516022044699, "x4": 0.4497982809280605, "x5": 8.633803630883685, "x6": 14.69466493656811, "x7": -2.8943718284333473, "x8": 0.7475244722805227, "x9": 1.4011380952604355}, "datetime": {"datetime": "2025-05-16 07:07:16", "elapsed": 9877.573556, "delta": 8.515832}}
{"target": 7.422946096180871, "params": {"x0": 0.9, "x1": 1.4978271335683757, "x2": 0.3155134156293134, "x3": 4.635516022044699, "x4": 0.4497982809280605, "x5": 8.633803630883685, "x6": 14.69466493656811, "x7": -2.8943718284333473, "x8": 0.7475244722805227, "x9": 1.4011380952604355}, "datetime": {"datetime": "2025-05-16 07:07:23", "elapsed": 9884.736451, "delta": 7.162895}}
{"target": 7.422946096180871, "params": {"x0": 0.9, "x1": 1.4978271335683757, "x2": 0.3155134156293134, "x3": 4.635516022044699, "x4": 0.4497982809280605, "x5": 8.633803630883685, "x6": 14.69466493656811, "x7": -2.8943718284333473, "x8": 0.7475244722805227, "x9": 1.4011380952604355}, "datetime": {"datetime": "2025-05-16 07:07:31", "elapsed": 9893.286099, "delta": 8.549648}}
{"target": 7.422946096180871, "params": {"x0": 0.9, "x1": 1.4978271335683757, "x2": 0.3155134156293134, "x3": 4.635516022044699, "x4": 0.4497982809280605, "x5": 8.633803630883685, "x6": 14.69466493656811, "x7": -2.8943718284333473, "x8": 0.7475244722805227, "x9": 1.4011380952604355}, "datetime": {"datetime": "2025-05-16 07:07:38", "elapsed": 9900.399286, "delta": 7.113187}}
{"target": 7.422946096180871, "params": {"x0": 0.9, "x1": 1.4978271335683757, "x2": 0.3155134156293134, "x3": 4.635516022044699, "x4": 0.4497982809280605, "x5": 8.633803630883685, "x6": 14.69466493656811, "x7": -2.8943718284333473, "x8": 0.7475244722805227, "x9": 1.4011380952604355}, "datetime": {"datetime": "2025-05-16 07:07:46", "elapsed": 9907.75595, "delta": 7.356664}}
{"target": 7.422946096180871, "params": {"x0": 0.9, "x1": 1.4978271335683757, "x2": 0.3155134156293134, "x3": 4.635516022044699, "x4": 0.4497982809280605, "x5": 8.633803630883685, "x6": 14.69466493656811, "x7": -2.8943718284333473, "x8": 0.7475244722805227, "x9": 1.4011380952604355}, "datetime": {"datetime": "2025-05-16 07:07:52", "elapsed": 9914.270985, "delta": 6.515035}}
{"target": 7.422946096180871, "params": {"x0": 0.9, "x1": 1.4978271335683757, "x2": 0.3155134156293134, "x3": 4.635516022044699, "x4": 0.4497982809280605, "x5": 8.633803630883685, "x6": 14.69466493656811, "x7": -2.8943718284333473, "x8": 0.7475244722805227, "x9": 1.4011380952604355}, "datetime": {"datetime": "2025-05-16 07:08:00", "elapsed": 9921.799997, "delta": 7.529012}}
{"target": 7.422946096180871, "params": {"x0": 0.9, "x1": 1.4978271335683757, "x2": 0.3155134156293134, "x3": 4.635516022044699, "x4": 0.4497982809280605, "x5": 8.633803630883685, "x6": 14.69466493656811, "x7": -2.8943718284333473, "x8": 0.7475244722805227, "x9": 1.4011380952604355}, "datetime": {"datetime": "2025-05-16 07:08:08", "elapsed": 9929.815891, "delta": 8.015894}}
{"target": 7.422946096180871, "params": {"x0": 0.9, "x1": 1.4978271335683757, "x2": 0.3155134156293134, "x3": 4.635516022044699, "x4": 0.4497982809280605, "x5": 8.633803630883685, "x6": 14.69466493656811, "x7": -2.8943718284333473, "x8": 0.7475244722805227, "x9": 1.4011380952604355}, "datetime": {"datetime": "2025-05-16 07:08:14", "elapsed": 9936.170482, "delta": 6.354591}}
{"target": 7.422946096180871, "params": {"x0": 0.9, "x1": 1.4978271335683757, "x2": 0.3155134156293134, "x3": 4.635516022044699, "x4": 0.4497982809280605, "x5": 8.633803630883685, "x6": 14.69466493656811, "x7": -2.8943718284333473, "x8": 0.7475244722805227, "x9": 1.4011380952604355}, "datetime": {"datetime": "2025-05-16 07:08:22", "elapsed": 9944.32098, "delta": 8.150498}}
{"target": 7.422946096180871, "params": {"x0": 0.9, "x1": 1.4978271335683757, "x2": 0.3155134156293134, "x3": 4.635516022044699, "x4": 0.4497982809280605, "x5": 8.633803630883685, "x6": 14.69466493656811, "x7": -2.8943718284333473, "x8": 0.7475244722805227, "x9": 1.4011380952604355}, "datetime": {"datetime": "2025-05-16 07:08:31", "elapsed": 9953.383404, "delta": 9.062424}}
{"target": 7.422946096180871, "params": {"x0": 0.9, "x1": 1.4978271335683757, "x2": 0.3155134156293134, "x3": 4.635516022044699, "x4": 0.4497982809280605, "x5": 8.633803630883685, "x6": 14.69466493656811, "x7": -2.8943718284333473, "x8": 0.7475244722805227, "x9": 1.4011380952604355}, "datetime": {"datetime": "2025-05-16 07:08:38", "elapsed": 9960.376512, "delta": 6.993108}}
{"target": 7.422946096180871, "params": {"x0": 0.9, "x1": 1.4978271335683757, "x2": 0.3155134156293134, "x3": 4.635516022044699, "x4": 0.4497982809280605, "x5": 8.633803630883685, "x6": 14.69466493656811, "x7": -2.8943718284333473, "x8": 0.7475244722805227, "x9": 1.4011380952604355}, "datetime": {"datetime": "2025-05-16 07:08:46", "elapsed": 9968.031141, "delta": 7.654629}}
{"target": 7.422946096180871, "params": {"x0": 0.9, "x1": 1.4978271335683757, "x2": 0.3155134156293134, "x3": 4.635516022044699, "x4": 0.4497982809280605, "x5": 8.633803630883685, "x6": 14.69466493656811, "x7": -2.8943718284333473, "x8": 0.7475244722805227, "x9": 1.4011380952604355}, "datetime": {"datetime": "2025-05-16 07:08:55", "elapsed": 9976.548795, "delta": 8.517654}}
{"target": 7.422946096180871, "params": {"x0": 0.9, "x1": 1.4978271335683757, "x2": 0.3155134156293134, "x3": 4.635516022044699, "x4": 0.4497982809280605, "x5": 8.633803630883685, "x6": 14.69466493656811, "x7": -2.8943718284333473, "x8": 0.7475244722805227, "x9": 1.4011380952604355}, "datetime": {"datetime": "2025-05-16 07:09:00", "elapsed": 9982.318778, "delta": 5.769983}}
{"target": 7.422946096180871, "params": {"x0": 0.9, "x1": 1.4978271335683757, "x2": 0.3155134156293134, "x3": 4.635516022044699, "x4": 0.4497982809280605, "x5": 8.633803630883685, "x6": 14.69466493656811, "x7": -2.8943718284333473, "x8": 0.7475244722805227, "x9": 1.4011380952604355}, "datetime": {"datetime": "2025-05-16 07:09:11", "elapsed": 9992.477063, "delta": 10.158285}}
{"target": 7.422946096180871, "params": {"x0": 0.9, "x1": 1.4978271335683757, "x2": 0.3155134156293134, "x3": 4.635516022044699, "x4": 0.4497982809280605, "x5": 8.633803630883685, "x6": 14.69466493656811, "x7": -2.8943718284333473, "x8": 0.7475244722805227, "x9": 1.4011380952604355}, "datetime": {"datetime": "2025-05-16 07:09:18", "elapsed": 9999.655481, "delta": 7.178418}}
{"target": 7.422946096180871, "params": {"x0": 0.9, "x1": 1.4978271335683757, "x2": 0.3155134156293134, "x3": 4.635516022044699, "x4": 0.4497982809280605, "x5": 8.633803630883685, "x6": 14.69466493656811, "x7": -2.8943718284333473, "x8": 0.7475244722805227, "x9": 1.4011380952604355}, "datetime": {"datetime": "2025-05-16 07:09:26", "elapsed": 10008.101656, "delta": 8.446175}}
{"target": 7.422946096180871, "params": {"x0": 0.9, "x1": 1.4978271335683757, "x2": 0.3155134156293134, "x3": 4.635516022044699, "x4": 0.4497982809280605, "x5": 8.633803630883685, "x6": 14.69466493656811, "x7": -2.8943718284333473, "x8": 0.7475244722805227, "x9": 1.4011380952604355}, "datetime": {"datetime": "2025-05-16 07:09:33", "elapsed": 10015.205241, "delta": 7.103585}}
{"target": 7.422946096180871, "params": {"x0": 0.9, "x1": 1.4978271335683757, "x2": 0.3155134156293134, "x3": 4.635516022044699, "x4": 0.4497982809280605, "x5": 8.633803630883685, "x6": 14.69466493656811, "x7": -2.8943718284333473, "x8": 0.7475244722805227, "x9": 1.4011380952604355}, "datetime": {"datetime": "2025-05-16 07:09:39", "elapsed": 10021.082429, "delta": 5.877188}}
{"target": 7.422946096180871, "params": {"x0": 0.9, "x1": 1.4978271335683757, "x2": 0.3155134156293134, "x3": 4.635516022044699, "x4": 0.4497982809280605, "x5": 8.633803630883685, "x6": 14.69466493656811, "x7": -2.8943718284333473, "x8": 0.7475244722805227, "x9": 1.4011380952604355}, "datetime": {"datetime": "2025-05-16 07:09:48", "elapsed": 10029.533379, "delta": 8.45095}}
{"target": 7.422946096180871, "params": {"x0": 0.9, "x1": 1.4978271335683757, "x2": 0.3155134156293134, "x3": 4.635516022044699, "x4": 0.4497982809280605, "x5": 8.633803630883685, "x6": 14.69466493656811, "x7": -2.8943718284333473, "x8": 0.7475244722805227, "x9": 1.4011380952604355}, "datetime": {"datetime": "2025-05-16 07:09:54", "elapsed": 10036.337138, "delta": 6.803759}}
{"target": 7.422946096180871, "params": {"x0": 0.9, "x1": 1.4978271335683757, "x2": 0.3155134156293134, "x3": 4.635516022044699, "x4": 0.4497982809280605, "x5": 8.633803630883685, "x6": 14.69466493656811, "x7": -2.8943718284333473, "x8": 0.7475244722805227, "x9": 1.4011380952604355}, "datetime": {"datetime": "2025-05-16 07:10:03", "elapsed": 10045.143022, "delta": 8.805884}}
{"target": 7.422946096180871, "params": {"x0": 0.9, "x1": 1.4978271335683757, "x2": 0.3155134156293134, "x3": 4.635516022044699, "x4": 0.4497982809280605, "x5": 8.633803630883685, "x6": 14.69466493656811, "x7": -2.8943718284333473, "x8": 0.7475244722805227, "x9": 1.4011380952604355}, "datetime": {"datetime": "2025-05-16 07:10:12", "elapsed": 10053.679585, "delta": 8.536563}}
{"target": 7.422946096180871, "params": {"x0": 0.9, "x1": 1.4978271335683757, "x2": 0.3155134156293134, "x3": 4.635516022044699, "x4": 0.4497982809280605, "x5": 8.633803630883685, "x6": 14.69466493656811, "x7": -2.8943718284333473, "x8": 0.7475244722805227, "x9": 1.4011380952604355}, "datetime": {"datetime": "2025-05-16 07:10:21", "elapsed": 10062.872226, "delta": 9.192641}}
{"target": 7.422946096180871, "params": {"x0": 0.9, "x1": 1.4978271335683757, "x2": 0.3155134156293134, "x3": 4.635516022044699, "x4": 0.4497982809280605, "x5": 8.633803630883685, "x6": 14.69466493656811, "x7": -2.8943718284333473, "x8": 0.7475244722805227, "x9": 1.4011380952604355}, "datetime": {"datetime": "2025-05-16 07:10:28", "elapsed": 10069.867141, "delta": 6.994915}}
{"target": 7.422946096180871, "params": {"x0": 0.9, "x1": 1.4978271335683757, "x2": 0.3155134156293134, "x3": 4.635516022044699, "x4": 0.4497982809280605, "x5": 8.633803630883685, "x6": 14.69466493656811, "x7": -2.8943718284333473, "x8": 0.7475244722805227, "x9": 1.4011380952604355}, "datetime": {"datetime": "2025-05-16 07:10:35", "elapsed": 10076.860011, "delta": 6.99287}}
{"target": 7.422946096180871, "params": {"x0": 0.9, "x1": 1.4978271335683757, "x2": 0.3155134156293134, "x3": 4.635516022044699, "x4": 0.4497982809280605, "x5": 8.633803630883685, "x6": 14.69466493656811, "x7": -2.8943718284333473, "x8": 0.7475244722805227, "x9": 1.4011380952604355}, "datetime": {"datetime": "2025-05-16 07:10:43", "elapsed": 10084.937395, "delta": 8.077384}}
{"target": 7.422946096180871, "params": {"x0": 0.9, "x1": 1.4978271335683757, "x2": 0.3155134156293134, "x3": 4.635516022044699, "x4": 0.4497982809280605, "x5": 8.633803630883685, "x6": 14.69466493656811, "x7": -2.8943718284333473, "x8": 0.7475244722805227, "x9": 1.4011380952604355}, "datetime": {"datetime": "2025-05-16 07:10:50", "elapsed": 10092.084039, "delta": 7.146644}}
{"target": 7.422946096180871, "params": {"x0": 0.9, "x1": 1.4978271335683757, "x2": 0.3155134156293134, "x3": 4.635516022044699, "x4": 0.4497982809280605, "x5": 8.633803630883685, "x6": 14.69466493656811, "x7": -2.8943718284333473, "x8": 0.7475244722805227, "x9": 1.4011380952604355}, "datetime": {"datetime": "2025-05-16 07:10:58", "elapsed": 10100.246948, "delta": 8.162909}}
{"target": 7.422946096180871, "params": {"x0": 0.9, "x1": 1.4978271335683757, "x2": 0.3155134156293134, "x3": 4.635516022044699, "x4": 0.4497982809280605, "x5": 8.633803630883685, "x6": 14.69466493656811, "x7": -2.8943718284333473, "x8": 0.7475244722805227, "x9": 1.4011380952604355}, "datetime": {"datetime": "2025-05-16 07:11:06", "elapsed": 10107.555217, "delta": 7.308269}}
{"target": 7.422946096180871, "params": {"x0": 0.9, "x1": 1.4978271335683757, "x2": 0.3155134156293134, "x3": 4.635516022044699, "x4": 0.4497982809280605, "x5": 8.633803630883685, "x6": 14.69466493656811, "x7": -2.8943718284333473, "x8": 0.7475244722805227, "x9": 1.4011380952604355}, "datetime": {"datetime": "2025-05-16 07:11:15", "elapsed": 10117.341893, "delta": 9.786676}}
{"target": 7.422946096180871, "params": {"x0": 0.9, "x1": 1.4978271335683757, "x2": 0.3155134156293134, "x3": 4.635516022044699, "x4": 0.4497982809280605, "x5": 8.633803630883685, "x6": 14.69466493656811, "x7": -2.8943718284333473, "x8": 0.7475244722805227, "x9": 1.4011380952604355}, "datetime": {"datetime": "2025-05-16 07:11:22", "elapsed": 10123.872194, "delta": 6.530301}}
{"target": 7.422946096180871, "params": {"x0": 0.9, "x1": 1.4978271335683757, "x2": 0.3155134156293134, "x3": 4.635516022044699, "x4": 0.4497982809280605, "x5": 8.633803630883685, "x6": 14.69466493656811, "x7": -2.8943718284333473, "x8": 0.7475244722805227, "x9": 1.4011380952604355}, "datetime": {"datetime": "2025-05-16 07:11:30", "elapsed": 10132.068403, "delta": 8.196209}}
{"target": 7.422946096180871, "params": {"x0": 0.9, "x1": 1.4978271335683757, "x2": 0.3155134156293134, "x3": 4.635516022044699, "x4": 0.4497982809280605, "x5": 8.633803630883685, "x6": 14.69466493656811, "x7": -2.8943718284333473, "x8": 0.7475244722805227, "x9": 1.4011380952604355}, "datetime": {"datetime": "2025-05-16 07:11:39", "elapsed": 10140.659674, "delta": 8.591271}}
{"target": 7.422946096180871, "params": {"x0": 0.9, "x1": 1.4978271335683757, "x2": 0.3155134156293134, "x3": 4.635516022044699, "x4": 0.4497982809280605, "x5": 8.633803630883685, "x6": 14.69466493656811, "x7": -2.8943718284333473, "x8": 0.7475244722805227, "x9": 1.4011380952604355}, "datetime": {"datetime": "2025-05-16 07:11:47", "elapsed": 10148.912294, "delta": 8.25262}}
{"target": 7.422946096180871, "params": {"x0": 0.9, "x1": 1.4978271335683757, "x2": 0.3155134156293134, "x3": 4.635516022044699, "x4": 0.4497982809280605, "x5": 8.633803630883685, "x6": 14.69466493656811, "x7": -2.8943718284333473, "x8": 0.7475244722805227, "x9": 1.4011380952604355}, "datetime": {"datetime": "2025-05-16 07:11:53", "elapsed": 10155.154479, "delta": 6.242185}}
{"target": 7.422946096180871, "params": {"x0": 0.9, "x1": 1.4978271335683757, "x2": 0.3155134156293134, "x3": 4.635516022044699, "x4": 0.4497982809280605, "x5": 8.633803630883685, "x6": 14.69466493656811, "x7": -2.8943718284333473, "x8": 0.7475244722805227, "x9": 1.4011380952604355}, "datetime": {"datetime": "2025-05-16 07:12:00", "elapsed": 10161.600601, "delta": 6.446122}}
{"target": 7.422946096180871, "params": {"x0": 0.9, "x1": 1.4978271335683757, "x2": 0.3155134156293134, "x3": 4.635516022044699, "x4": 0.4497982809280605, "x5": 8.633803630883685, "x6": 14.69466493656811, "x7": -2.8943718284333473, "x8": 0.7475244722805227, "x9": 1.4011380952604355}, "datetime": {"datetime": "2025-05-16 07:12:09", "elapsed": 10170.63136, "delta": 9.030759}}
{"target": 7.422946096180871, "params": {"x0": 0.9, "x1": 1.4978271335683757, "x2": 0.3155134156293134, "x3": 4.635516022044699, "x4": 0.4497982809280605, "x5": 8.633803630883685, "x6": 14.69466493656811, "x7": -2.8943718284333473, "x8": 0.7475244722805227, "x9": 1.4011380952604355}, "datetime": {"datetime": "2025-05-16 07:12:15", "elapsed": 10177.417987, "delta": 6.786627}}
{"target": 7.422946096180871, "params": {"x0": 0.9, "x1": 1.4978271335683757, "x2": 0.3155134156293134, "x3": 4.635516022044699, "x4": 0.4497982809280605, "x5": 8.633803630883685, "x6": 14.69466493656811, "x7": -2.8943718284333473, "x8": 0.7475244722805227, "x9": 1.4011380952604355}, "datetime": {"datetime": "2025-05-16 07:12:24", "elapsed": 10186.426213, "delta": 9.008226}}
{"target": 7.422946096180871, "params": {"x0": 0.9, "x1": 1.4978271335683757, "x2": 0.3155134156293134, "x3": 4.635516022044699, "x4": 0.4497982809280605, "x5": 8.633803630883685, "x6": 14.69466493656811, "x7": -2.8943718284333473, "x8": 0.7475244722805227, "x9": 1.4011380952604355}, "datetime": {"datetime": "2025-05-16 07:12:33", "elapsed": 10194.77356, "delta": 8.347347}}
{"target": 7.422946096180871, "params": {"x0": 0.9, "x1": 1.4978271335683757, "x2": 0.3155134156293134, "x3": 4.635516022044699, "x4": 0.4497982809280605, "x5": 8.633803630883685, "x6": 14.69466493656811, "x7": -2.8943718284333473, "x8": 0.7475244722805227, "x9": 1.4011380952604355}, "datetime": {"datetime": "2025-05-16 07:12:40", "elapsed": 10202.268144, "delta": 7.494584}}
{"target": 7.422946096180871, "params": {"x0": 0.9, "x1": 1.4978271335683757, "x2": 0.3155134156293134, "x3": 4.635516022044699, "x4": 0.4497982809280605, "x5": 8.633803630883685, "x6": 14.69466493656811, "x7": -2.8943718284333473, "x8": 0.7475244722805227, "x9": 1.4011380952604355}, "datetime": {"datetime": "2025-05-16 07:12:48", "elapsed": 10210.381366, "delta": 8.113222}}
{"target": 7.422946096180871, "params": {"x0": 0.9, "x1": 1.4978271335683757, "x2": 0.3155134156293134, "x3": 4.635516022044699, "x4": 0.4497982809280605, "x5": 8.633803630883685, "x6": 14.69466493656811, "x7": -2.8943718284333473, "x8": 0.7475244722805227, "x9": 1.4011380952604355}, "datetime": {"datetime": "2025-05-16 07:12:56", "elapsed": 10218.16721, "delta": 7.785844}}
{"target": 7.422946096180871, "params": {"x0": 0.9, "x1": 1.4978271335683757, "x2": 0.3155134156293134, "x3": 4.635516022044699, "x4": 0.4497982809280605, "x5": 8.633803630883685, "x6": 14.69466493656811, "x7": -2.8943718284333473, "x8": 0.7475244722805227, "x9": 1.4011380952604355}, "datetime": {"datetime": "2025-05-16 07:13:05", "elapsed": 10227.022699, "delta": 8.855489}}
{"target": 7.422946096180871, "params": {"x0": 0.9, "x1": 1.4978271335683757, "x2": 0.3155134156293134, "x3": 4.635516022044699, "x4": 0.4497982809280605, "x5": 8.633803630883685, "x6": 14.69466493656811, "x7": -2.8943718284333473, "x8": 0.7475244722805227, "x9": 1.4011380952604355}, "datetime": {"datetime": "2025-05-16 07:13:11", "elapsed": 10233.308249, "delta": 6.28555}}
{"target": 7.422946096180871, "params": {"x0": 0.9, "x1": 1.4978271335683757, "x2": 0.3155134156293134, "x3": 4.635516022044699, "x4": 0.4497982809280605, "x5": 8.633803630883685, "x6": 14.69466493656811, "x7": -2.8943718284333473, "x8": 0.7475244722805227, "x9": 1.4011380952604355}, "datetime": {"datetime": "2025-05-16 07:13:18", "elapsed": 10240.309315, "delta": 7.001066}}
{"target": 7.422946096180871, "params": {"x0": 0.9, "x1": 1.4978271335683757, "x2": 0.3155134156293134, "x3": 4.635516022044699, "x4": 0.4497982809280605, "x5": 8.633803630883685, "x6": 14.69466493656811, "x7": -2.8943718284333473, "x8": 0.7475244722805227, "x9": 1.4011380952604355}, "datetime": {"datetime": "2025-05-16 07:13:26", "elapsed": 10248.310232, "delta": 8.000917}}
{"target": 7.422946096180871, "params": {"x0": 0.9, "x1": 1.4978271335683757, "x2": 0.3155134156293134, "x3": 4.635516022044699, "x4": 0.4497982809280605, "x5": 8.633803630883685, "x6": 14.69466493656811, "x7": -2.8943718284333473, "x8": 0.7475244722805227, "x9": 1.4011380952604355}, "datetime": {"datetime": "2025-05-16 07:13:34", "elapsed": 10256.151343, "delta": 7.841111}}
{"target": 7.422946096180871, "params": {"x0": 0.9, "x1": 1.4978271335683757, "x2": 0.3155134156293134, "x3": 4.635516022044699, "x4": 0.4497982809280605, "x5": 8.633803630883685, "x6": 14.69466493656811, "x7": -2.8943718284333473, "x8": 0.7475244722805227, "x9": 1.4011380952604355}, "datetime": {"datetime": "2025-05-16 07:13:45", "elapsed": 10266.845988, "delta": 10.694645}}
{"target": 7.422946096180871, "params": {"x0": 0.9, "x1": 1.4978271335683757, "x2": 0.3155134156293134, "x3": 4.635516022044699, "x4": 0.4497982809280605, "x5": 8.633803630883685, "x6": 14.69466493656811, "x7": -2.8943718284333473, "x8": 0.7475244722805227, "x9": 1.4011380952604355}, "datetime": {"datetime": "2025-05-16 07:13:54", "elapsed": 10276.286977, "delta": 9.440989}}
