{"target": 7.422946096180871, "params": {"x0": 0.9000000002121731, "x1": 1.4978271323079786, "x2": 0.3155134165301309, "x3": 4.635516021006102, "x4": 0.44979828641709185, "x5": 8.633802324402657, "x6": 14.69466494389713, "x7": -2.8943718210144835, "x8": 0.7475244722542274, "x9": 1.4011380945090752}, "datetime": {"datetime": "2025-05-16 04:48:39", "elapsed": 1560.58239, "delta": 6.979955}}
{"target": 7.422946096180871, "params": {"x0": 0.9000000000169587, "x1": 1.49782713175305, "x2": 0.3155134163463901, "x3": 4.635516022447206, "x4": 0.4497982845487152, "x5": 8.633802461706345, "x6": 14.694664943383302, "x7": -2.8943718236969027, "x8": 0.7475244718744976, "x9": 1.401138095269253}, "datetime": {"datetime": "2025-05-16 04:48:45", "elapsed": 1567.286776, "delta": 6.704386}}
{"target": 7.422946096180871, "params": {"x0": 0.9000000000252854, "x1": 1.4978271329972248, "x2": 0.31551341472416594, "x3": 4.635516022635222, "x4": 0.44979828344619993, "x5": 8.633802582365556, "x6": 14.694664943123959, "x7": -2.8943718227834574, "x8": 0.7475244721209473, "x9": 1.4011380949789254}, "datetime": {"datetime": "2025-05-16 04:48:52", "elapsed": 1574.216489, "delta": 6.929713}}
{"target": 7.422946096180871, "params": {"x0": 0.9000000000694398, "x1": 1.4978271308326965, "x2": 0.31551341767808516, "x3": 4.635516021448672, "x4": 0.44979828363089724, "x5": 8.633802671520648, "x6": 14.694664941441781, "x7": -2.894371823828162, "x8": 0.7475244723436433, "x9": 1.4011380954312072}, "datetime": {"datetime": "2025-05-16 04:48:59", "elapsed": 1581.160816, "delta": 6.944327}}
{"target": 7.422946096180871, "params": {"x0": 0.9000000000462692, "x1": 1.497827133075857, "x2": 0.3155134141279296, "x3": 4.635516022356148, "x4": 0.4497982836311189, "x5": 8.63380276706024, "x6": 14.694664941847662, "x7": -2.8943718265823524, "x8": 0.7475244724127581, "x9": 1.4011380950568266}, "datetime": {"datetime": "2025-05-16 04:49:06", "elapsed": 1588.104386, "delta": 6.94357}}
{"target": 7.422946096180871, "params": {"x0": 0.9000000000147362, "x1": 1.497827134405127, "x2": 0.31551341405128075, "x3": 4.635516023039504, "x4": 0.44979828335588773, "x5": 8.633802853480944, "x6": 14.694664939396882, "x7": -2.8943718251602704, "x8": 0.7475244721329525, "x9": 1.4011380954299502}, "datetime": {"datetime": "2025-05-16 04:49:13", "elapsed": 1595.219294, "delta": 7.114908}}
{"target": 7.422946096180871, "params": {"x0": 0.9000000000594621, "x1": 1.497827134657599, "x2": 0.31551341407993533, "x3": 4.635516021670834, "x4": 0.44979828393763055, "x5": 8.633802941468028, "x6": 14.694664940109323, "x7": -2.8943718258959814, "x8": 0.7475244722501277, "x9": 1.401138095176806}, "datetime": {"datetime": "2025-05-16 04:49:21", "elapsed": 1602.502451, "delta": 7.283157}}
{"target": 7.422946096180871, "params": {"x0": 0.9000000000744767, "x1": 1.4978271310296714, "x2": 0.3155134144111865, "x3": 4.635516022103948, "x4": 0.4497982835095837, "x5": 8.63380301337676, "x6": 14.694664940117818, "x7": -2.89437182496956, "x8": 0.7475244723465919, "x9": 1.401138095677409}, "datetime": {"datetime": "2025-05-16 04:49:28", "elapsed": 1609.490748, "delta": 6.988297}}
{"target": 7.422946096180871, "params": {"x0": 0.9000000000200769, "x1": 1.4978271311707674, "x2": 0.31551341650749193, "x3": 4.635516021711907, "x4": 0.4497982830009151, "x5": 8.633803074709302, "x6": 14.694664940038413, "x7": -2.894371825305286, "x8": 0.7475244722087814, "x9": 1.401138094850861}, "datetime": {"datetime": "2025-05-16 04:49:34", "elapsed": 1616.252556, "delta": 6.761808}}
{"target": 7.422946096180871, "params": {"x0": 0.900000000079994, "x1": 1.4978271325753005, "x2": 0.3155134154037086, "x3": 4.635516022200833, "x4": 0.44979828227232355, "x5": 8.63380312248849, "x6": 14.694664938521717, "x7": -2.894371826062908, "x8": 0.7475244722905204, "x9": 1.4011380951737775}, "datetime": {"datetime": "2025-05-16 04:49:41", "elapsed": 1623.324573, "delta": 7.072017}}
{"target": 7.422946096180871, "params": {"x0": 0.9000000000524122, "x1": 1.4978271324998422, "x2": 0.3155134158883519, "x3": 4.63551602168371, "x4": 0.4497982824756894, "x5": 8.633803171609895, "x6": 14.694664939052876, "x7": -2.8943718264253047, "x8": 0.747524472336243, "x9": 1.4011380956100203}, "datetime": {"datetime": "2025-05-16 04:49:48", "elapsed": 1630.202974, "delta": 6.878401}}
{"target": 7.422946096180871, "params": {"x0": 0.9000000000758609, "x1": 1.4978271322989412, "x2": 0.31551341486080015, "x3": 4.635516022573213, "x4": 0.44979828255329857, "x5": 8.63380321726747, "x6": 14.694664938778736, "x7": -2.8943718268232668, "x8": 0.7475244721821032, "x9": 1.4011380954924155}, "datetime": {"datetime": "2025-05-16 04:49:55", "elapsed": 1637.173687, "delta": 6.970713}}
{"target": 7.422946096180871, "params": {"x0": 0.9000000000115018, "x1": 1.4978271325155357, "x2": 0.3155134153683149, "x3": 4.635516022233111, "x4": 0.44979828231696195, "x5": 8.633803269954534, "x6": 14.694664938573009, "x7": -2.8943718270445724, "x8": 0.7475244722498785, "x9": 1.4011380950088872}, "datetime": {"datetime": "2025-05-16 04:50:02", "elapsed": 1644.394171, "delta": 7.220484}}
{"target": 7.422946096180871, "params": {"x0": 0.9000000000298922, "x1": 1.4978271323840462, "x2": 0.3155134154099881, "x3": 4.63551602224944, "x4": 0.4497982813915236, "x5": 8.633803304413936, "x6": 14.69466493858803, "x7": -2.894371826796424, "x8": 0.7475244723293628, "x9": 1.4011380954628596}, "datetime": {"datetime": "2025-05-16 04:50:10", "elapsed": 1651.612372, "delta": 7.218201}}
{"target": 7.422946096180871, "params": {"x0": 0.9000000000031649, "x1": 1.4978271327301598, "x2": 0.3155134157341968, "x3": 4.635516022415252, "x4": 0.44979828209851347, "x5": 8.633803331038527, "x6": 14.694664938284141, "x7": -2.894371828472894, "x8": 0.7475244721759031, "x9": 1.4011380951344834}, "datetime": {"datetime": "2025-05-16 04:50:17", "elapsed": 1658.882523, "delta": 7.270151}}
{"target": 7.422946096180871, "params": {"x0": 0.9000000000346181, "x1": 1.4978271327465376, "x2": 0.31551341508238495, "x3": 4.635516022042824, "x4": 0.4497982819680358, "x5": 8.633803359948637, "x6": 14.694664938306879, "x7": -2.894371826971606, "x8": 0.7475244722634645, "x9": 1.401138095458687}, "datetime": {"datetime": "2025-05-16 04:50:24", "elapsed": 1665.787108, "delta": 6.904585}}
{"target": 7.422946096180871, "params": {"x0": 0.9000000000062752, "x1": 1.4978271342478042, "x2": 0.315513415316949, "x3": 4.635516022356642, "x4": 0.4497982817004168, "x5": 8.633803386792644, "x6": 14.694664938120503, "x7": -2.8943718271179986, "x8": 0.7475244723060347, "x9": 1.401138095170412}, "datetime": {"datetime": "2025-05-16 04:50:31", "elapsed": 1672.95091, "delta": 7.163802}}
{"target": 7.422946096180871, "params": {"x0": 0.9000000000411517, "x1": 1.4978271329477104, "x2": 0.31551341518488163, "x3": 4.6355160220873115, "x4": 0.449798281826253, "x5": 8.633803413857887, "x6": 14.69466493704313, "x7": -2.8943718274454295, "x8": 0.7475244722322657, "x9": 1.4011380951538024}, "datetime": {"datetime": "2025-05-16 04:50:38", "elapsed": 1680.073989, "delta": 7.123079}}
{"target": 7.422946096180871, "params": {"x0": 0.9000000000355163, "x1": 1.4978271328951682, "x2": 0.3155134158823399, "x3": 4.6355160219692735, "x4": 0.4497982814833446, "x5": 8.63380343563207, "x6": 14.694664937602486, "x7": -2.8943718275343486, "x8": 0.7475244722669755, "x9": 1.4011380951823804}, "datetime": {"datetime": "2025-05-16 04:50:45", "elapsed": 1687.178875, "delta": 7.104886}}
{"target": 7.422946096180871, "params": {"x0": 0.9000000000174947, "x1": 1.497827132844153, "x2": 0.3155134152317738, "x3": 4.635516022088763, "x4": 0.44979828164549895, "x5": 8.63380345504336, "x6": 14.694664937283651, "x7": -2.894371827555837, "x8": 0.7475244722842666, "x9": 1.4011380953172647}, "datetime": {"datetime": "2025-05-16 04:50:53", "elapsed": 1694.652118, "delta": 7.473243}}
{"target": 7.422946096180871, "params": {"x0": 0.9000000000299062, "x1": 1.4978271331824768, "x2": 0.3155134156738918, "x3": 4.6355160218675575, "x4": 0.44979828145708595, "x5": 8.633803471556245, "x6": 14.69466493714926, "x7": -2.8943718277527264, "x8": 0.7475244723120789, "x9": 1.4011380953337575}, "datetime": {"datetime": "2025-05-16 04:51:00", "elapsed": 1702.0352, "delta": 7.383082}}
{"target": 7.422946096180871, "params": {"x0": 0.9000000000160444, "x1": 1.4978271331410378, "x2": 0.31551341540873723, "x3": 4.635516022192452, "x4": 0.44979828137368655, "x5": 8.633803487581478, "x6": 14.69466493730179, "x7": -2.8943718276188193, "x8": 0.7475244722889143, "x9": 1.4011380953472818}, "datetime": {"datetime": "2025-05-16 04:51:07", "elapsed": 1709.343507, "delta": 7.308307}}
{"target": 7.422946096180871, "params": {"x0": 0.9000000000093183, "x1": 1.4978271330956447, "x2": 0.31551341547854683, "x3": 4.635516021992778, "x4": 0.4497982813679683, "x5": 8.63380350169863, "x6": 14.694664937224394, "x7": -2.8943718280816837, "x8": 0.7475244722804347, "x9": 1.4011380951756474}, "datetime": {"datetime": "2025-05-16 04:51:15", "elapsed": 1716.587118, "delta": 7.243611}}
{"target": 7.422946096180871, "params": {"x0": 0.9000000000036084, "x1": 1.497827133820173, "x2": 0.3155134153938218, "x3": 4.635516022018422, "x4": 0.4497982814115257, "x5": 8.633803514277307, "x6": 14.694664937312854, "x7": -2.894371828661631, "x8": 0.7475244722784782, "x9": 1.4011380952904464}, "datetime": {"datetime": "2025-05-16 04:51:22", "elapsed": 1724.279172, "delta": 7.692054}}
{"target": 7.422946096180871, "params": {"x0": 0.900000000009456, "x1": 1.4978271333732567, "x2": 0.3155134153614775, "x3": 4.635516022065114, "x4": 0.4497982811739177, "x5": 8.633803525885005, "x6": 14.694664937218183, "x7": -2.8943718284085747, "x8": 0.7475244722806351, "x9": 1.4011380953037966}, "datetime": {"datetime": "2025-05-16 04:51:29", "elapsed": 1731.430217, "delta": 7.151045}}
{"target": 7.422946096180871, "params": {"x0": 0.900000000017375, "x1": 1.4978271332472854, "x2": 0.3155134156514511, "x3": 4.6355160220827765, "x4": 0.4497982812667291, "x5": 8.633803538262143, "x6": 14.694664937131343, "x7": -2.894371828226679, "x8": 0.7475244723116993, "x9": 1.4011380952498247}, "datetime": {"datetime": "2025-05-16 04:51:37", "elapsed": 1738.640872, "delta": 7.210655}}
{"target": 7.422946096180871, "params": {"x0": 0.9000000000025221, "x1": 1.4978271334165718, "x2": 0.3155134154378689, "x3": 4.635516022138198, "x4": 0.44979828125928173, "x5": 8.633803546529569, "x6": 14.694664937027245, "x7": -2.8943718281333184, "x8": 0.7475244722574803, "x9": 1.4011380952356076}, "datetime": {"datetime": "2025-05-16 04:51:44", "elapsed": 1745.66169, "delta": 7.020818}}
{"target": 7.422946096180871, "params": {"x0": 0.9000000000022005, "x1": 1.4978271332934876, "x2": 0.3155134157926993, "x3": 4.6355160220335705, "x4": 0.4497982812076971, "x5": 8.633803554889305, "x6": 14.694664937011341, "x7": -2.8943718280756228, "x8": 0.7475244723042189, "x9": 1.4011380952852228}, "datetime": {"datetime": "2025-05-16 04:51:51", "elapsed": 1752.808155, "delta": 7.146465}}
{"target": 7.422946096180871, "params": {"x0": 0.900000000008615, "x1": 1.497827133596342, "x2": 0.3155134155158505, "x3": 4.635516022116473, "x4": 0.44979828122363424, "x5": 8.633803562597471, "x6": 14.69466493697393, "x7": -2.8943718281124142, "x8": 0.7475244722618775, "x9": 1.401138095242993}, "datetime": {"datetime": "2025-05-16 04:51:59", "elapsed": 1760.72687, "delta": 7.918715}}
{"target": 7.422946096180871, "params": {"x0": 0.9000000000064154, "x1": 1.4978271334024347, "x2": 0.3155134156541135, "x3": 4.635516022098927, "x4": 0.4497982811774844, "x5": 8.633803570771953, "x6": 14.694664936829858, "x7": -2.8943718281772464, "x8": 0.747524472266219, "x9": 1.4011380952310117}, "datetime": {"datetime": "2025-05-16 04:52:06", "elapsed": 1767.919218, "delta": 7.192348}}
{"target": 7.422946096180871, "params": {"x0": 0.900000000009912, "x1": 1.4978271334013924, "x2": 0.31551341549116685, "x3": 4.6355160221148735, "x4": 0.44979828102214003, "x5": 8.633803575458737, "x6": 14.694664936809273, "x7": -2.89437182844692, "x8": 0.7475244722687906, "x9": 1.401138095277884}, "datetime": {"datetime": "2025-05-16 04:52:13", "elapsed": 1775.06856, "delta": 7.149342}}
{"target": 7.422946096180871, "params": {"x0": 0.9000000000000872, "x1": 1.4978271334178943, "x2": 0.31551341550451373, "x3": 4.635516022053824, "x4": 0.4497982810996416, "x5": 8.633803580893101, "x6": 14.694664936794988, "x7": -2.894371828324016, "x8": 0.7475244722761828, "x9": 1.4011380952928418}, "datetime": {"datetime": "2025-05-16 04:52:20", "elapsed": 1781.948912, "delta": 6.880352}}
{"target": 7.422946096180871, "params": {"x0": 0.9000000000066647, "x1": 1.4978271333862818, "x2": 0.3155134156238819, "x3": 4.635516022004261, "x4": 0.4497982810605934, "x5": 8.633803585655187, "x6": 14.694664936848184, "x7": -2.894371828181448, "x8": 0.747524472272492, "x9": 1.4011380952859123}, "datetime": {"datetime": "2025-05-16 04:52:28", "elapsed": 1789.867803, "delta": 7.918891}}
{"target": 7.422946096180871, "params": {"x0": 0.9000000000059184, "x1": 1.4978271335219528, "x2": 0.31551341555336226, "x3": 4.635516022065849, "x4": 0.4497982810214312, "x5": 8.633803590596019, "x6": 14.694664936833476, "x7": -2.8943718282132322, "x8": 0.747524472286349, "x9": 1.4011380952751387}, "datetime": {"datetime": "2025-05-16 04:52:36", "elapsed": 1797.581574, "delta": 7.713771}}
{"target": 7.422946096180871, "params": {"x0": 0.9000000000062207, "x1": 1.4978271336418216, "x2": 0.3155134155803114, "x3": 4.635516022027038, "x4": 0.449798281068373, "x5": 8.633803594338085, "x6": 14.694664936803056, "x7": -2.8943718284169555, "x8": 0.7475244722705077, "x9": 1.4011380952322952}, "datetime": {"datetime": "2025-05-16 04:52:43", "elapsed": 1805.062463, "delta": 7.480889}}
{"target": 7.422946096180871, "params": {"x0": 0.9000000000045065, "x1": 1.4978271334295872, "x2": 0.31551341556935697, "x3": 4.635516022060273, "x4": 0.449798281056899, "x5": 8.633803597929191, "x6": 14.694664936704699, "x7": -2.894371828276295, "x8": 0.7475244722862382, "x9": 1.401138095234932}, "datetime": {"datetime": "2025-05-16 04:52:51", "elapsed": 1812.591849, "delta": 7.529386}}
{"target": 7.422946096180871, "params": {"x0": 0.9000000000033537, "x1": 1.4978271335051558, "x2": 0.3155134156814187, "x3": 4.635516022059434, "x4": 0.44979828103922004, "x5": 8.633803601494783, "x6": 14.694664936674908, "x7": -2.8943718282846986, "x8": 0.7475244722848103, "x9": 1.4011380952443417}, "datetime": {"datetime": "2025-05-16 04:52:58", "elapsed": 1819.587712, "delta": 6.995863}}
{"target": 7.422946096180871, "params": {"x0": 0.9000000000036467, "x1": 1.497827133492085, "x2": 0.3155134156574201, "x3": 4.635516022044405, "x4": 0.44979828103194835, "x5": 8.633803604664207, "x6": 14.694664936690682, "x7": -2.894371828326652, "x8": 0.7475244722846048, "x9": 1.401138095242488}, "datetime": {"datetime": "2025-05-16 04:53:05", "elapsed": 1826.824429, "delta": 7.236717}}
{"target": 7.422946096180871, "params": {"x0": 0.9000000000002917, "x1": 1.4978271334770803, "x2": 0.315513415626343, "x3": 4.635516022073639, "x4": 0.44979828102904346, "x5": 8.633803607318647, "x6": 14.694664936707065, "x7": -2.894371828308066, "x8": 0.7475244722776964, "x9": 1.4011380952597992}, "datetime": {"datetime": "2025-05-16 04:53:12", "elapsed": 1834.190646, "delta": 7.366217}}
{"target": 7.422946096180871, "params": {"x0": 0.9000000000005874, "x1": 1.4978271335390092, "x2": 0.3155134155970754, "x3": 4.635516022024486, "x4": 0.4497982809992214, "x5": 8.633803610364582, "x6": 14.694664936691185, "x7": -2.8943718283737416, "x8": 0.7475244722827257, "x9": 1.4011380952510295}, "datetime": {"datetime": "2025-05-16 04:53:19", "elapsed": 1841.318965, "delta": 7.128319}}
{"target": 7.422946096180871, "params": {"x0": 0.9000000000020856, "x1": 1.4978271335689601, "x2": 0.31551341561745133, "x3": 4.635516022059111, "x4": 0.44979828093380086, "x5": 8.633803611498461, "x6": 14.69466493667465, "x7": -2.894371828330753, "x8": 0.747524472278316, "x9": 1.4011380952652919}, "datetime": {"datetime": "2025-05-16 04:53:26", "elapsed": 1848.423672, "delta": 7.104707}}
{"target": 7.422946096180871, "params": {"x0": 0.9000000000002063, "x1": 1.4978271335674525, "x2": 0.3155134156247412, "x3": 4.63551602206146, "x4": 0.44979828096058205, "x5": 8.633803613390072, "x6": 14.694664936670069, "x7": -2.8943718283839015, "x8": 0.7475244722791727, "x9": 1.4011380952654917}, "datetime": {"datetime": "2025-05-16 04:53:34", "elapsed": 1855.751031, "delta": 7.327359}}
{"target": 7.422946096180871, "params": {"x0": 0.900000000000809, "x1": 1.4978271335079472, "x2": 0.3155134155963488, "x3": 4.635516022039097, "x4": 0.4497982809484449, "x5": 8.633803615235802, "x6": 14.69466493666867, "x7": -2.8943718283922593, "x8": 0.7475244722788911, "x9": 1.4011380952646137}, "datetime": {"datetime": "2025-05-16 04:53:41", "elapsed": 1863.389582, "delta": 7.638551}}
{"target": 7.422946096180871, "params": {"x0": 0.9000000000017369, "x1": 1.4978271335734887, "x2": 0.3155134156194955, "x3": 4.635516022040044, "x4": 0.44979828093164204, "x5": 8.633803616921984, "x6": 14.69466493662925, "x7": -2.8943718284390028, "x8": 0.7475244722844625, "x9": 1.4011380952555623}, "datetime": {"datetime": "2025-05-16 04:53:49", "elapsed": 1870.728824, "delta": 7.339242}}
{"target": 7.422946096180871, "params": {"x0": 0.9000000000010998, "x1": 1.4978271335687217, "x2": 0.3155134156066072, "x3": 4.635516022046643, "x4": 0.44979828094058344, "x5": 8.633803618553042, "x6": 14.694664936644504, "x7": -2.894371828380602, "x8": 0.7475244722802044, "x9": 1.4011380952678945}, "datetime": {"datetime": "2025-05-16 04:53:56", "elapsed": 1878.319187, "delta": 7.590363}}
{"target": 7.422946096180871, "params": {"x0": 0.9000000000020063, "x1": 1.497827133552238, "x2": 0.31551341565434254, "x3": 4.6355160220399165, "x4": 0.4497982809372398, "x5": 8.63380361944621, "x6": 14.694664936640818, "x7": -2.8943718283929036, "x8": 0.7475244722808376, "x9": 1.4011380952613726}, "datetime": {"datetime": "2025-05-16 04:54:04", "elapsed": 1886.056489, "delta": 7.737302}}
{"target": 7.422946096180871, "params": {"x0": 0.9000000000009937, "x1": 1.497827133541707, "x2": 0.3155134156384483, "x3": 4.635516022035192, "x4": 0.4497982809716672, "x5": 8.633803620676616, "x6": 14.694664936587696, "x7": -2.8943718283850814, "x8": 0.7475244722794818, "x9": 1.4011380952550285}, "datetime": {"datetime": "2025-05-16 04:54:11", "elapsed": 1893.372541, "delta": 7.316052}}
{"target": 7.422946096180871, "params": {"x0": 0.9000000000002897, "x1": 1.4978271335482094, "x2": 0.31551341563104607, "x3": 4.635516022047596, "x4": 0.4497982809499687, "x5": 8.633803621964812, "x6": 14.69466493652579, "x7": -2.894371828427454, "x8": 0.747524472280205, "x9": 1.4011380952602308}, "datetime": {"datetime": "2025-05-16 04:54:19", "elapsed": 1900.623036, "delta": 7.250495}}
{"target": 7.422946096180871, "params": {"x0": 0.9000000000000944, "x1": 1.4978271335626008, "x2": 0.3155134156112859, "x3": 4.635516022047883, "x4": 0.4497982809315327, "x5": 8.63380362263526, "x6": 14.694664936622402, "x7": -2.894371828426274, "x8": 0.7475244722777974, "x9": 1.4011380952561945}, "datetime": {"datetime": "2025-05-16 04:54:26", "elapsed": 1908.02309, "delta": 7.400054}}
{"target": 7.422946096180871, "params": {"x0": 0.9000000000003, "x1": 1.4978271335416846, "x2": 0.31551341564088375, "x3": 4.635516022047215, "x4": 0.4497982809206459, "x5": 8.633803623393112, "x6": 14.69466493660477, "x7": -2.89437182844531, "x8": 0.7475244722780837, "x9": 1.4011380952608867}, "datetime": {"datetime": "2025-05-16 04:54:34", "elapsed": 1915.785236, "delta": 7.762146}}
{"target": 7.422946096180871, "params": {"x0": 0.9000000000010643, "x1": 1.497827133574969, "x2": 0.31551341561493185, "x3": 4.635516022038219, "x4": 0.4497982809398165, "x5": 8.63380362432125, "x6": 14.694664936602239, "x7": -2.8943718284015385, "x8": 0.7475244722815622, "x9": 1.4011380952561248}, "datetime": {"datetime": "2025-05-16 04:54:41", "elapsed": 1923.160139, "delta": 7.374903}}
{"target": 7.422946096180871, "params": {"x0": 0.9000000000006334, "x1": 1.497827133555009, "x2": 0.3155134156178495, "x3": 4.635516022039936, "x4": 0.4497982809140919, "x5": 8.63380362489631, "x6": 14.69466493655533, "x7": -2.894371828466574, "x8": 0.747524472280311, "x9": 1.4011380952579986}, "datetime": {"datetime": "2025-05-16 04:54:49", "elapsed": 1930.931763, "delta": 7.771624}}
{"target": 7.422946096180871, "params": {"x0": 0.9000000000003057, "x1": 1.4978271335675437, "x2": 0.31551341562455815, "x3": 4.635516022043845, "x4": 0.44979828090750223, "x5": 8.63380362542134, "x6": 14.69466493659063, "x7": -2.894371828446744, "x8": 0.7475244722788709, "x9": 1.4011380952607986}, "datetime": {"datetime": "2025-05-16 04:54:56", "elapsed": 1938.049009, "delta": 7.117246}}
{"target": 7.422946096180871, "params": {"x0": 0.9000000000004513, "x1": 1.4978271335721522, "x2": 0.31551341562942065, "x3": 4.635516022044619, "x4": 0.44979828094324026, "x5": 8.633803625948264, "x6": 14.694664936599041, "x7": -2.8943718284100757, "x8": 0.7475244722817829, "x9": 1.401138095258547}, "datetime": {"datetime": "2025-05-16 04:55:04", "elapsed": 1945.80981, "delta": 7.760801}}
{"target": 7.422946096180871, "params": {"x0": 0.9000000000000613, "x1": 1.4978271335690931, "x2": 0.31551341563301727, "x3": 4.635516022041849, "x4": 0.4497982809273874, "x5": 8.633803626570126, "x6": 14.694664936556617, "x7": -2.8943718284454145, "x8": 0.7475244722804145, "x9": 1.401138095259796}, "datetime": {"datetime": "2025-05-16 04:55:12", "elapsed": 1953.463927, "delta": 7.654117}}
{"target": 7.422946096180871, "params": {"x0": 0.9000000000001526, "x1": 1.4978271335722588, "x2": 0.315513415628784, "x3": 4.635516022043363, "x4": 0.4497982809155047, "x5": 8.633803627047536, "x6": 14.694664936584195, "x7": -2.8943718284348936, "x8": 0.7475244722794555, "x9": 1.4011380952582748}, "datetime": {"datetime": "2025-05-16 04:55:19", "elapsed": 1961.351817, "delta": 7.88789}}
