{"target": 7.422946096180871, "params": {"x0": 0.9, "x1": 1.4978271335683757, "x2": 0.3155134156293134, "x3": 4.635516022044699, "x4": 0.4497982809280605, "x5": 8.633803630883685, "x6": 14.69466493656811, "x7": -2.8943718284333473, "x8": 0.7475244722805227, "x9": 1.4011380952604355}, "datetime": {"datetime": "2025-05-16 05:48:35", "elapsed": 5157.134652, "delta": 3.422691}}
{"target": 7.422946096180871, "params": {"x0": 0.9, "x1": 1.4978271335683757, "x2": 0.3155134156293134, "x3": 4.635516022044699, "x4": 0.4497982809280605, "x5": 8.633803630883685, "x6": 14.69466493656811, "x7": -2.8943718284333473, "x8": 0.7475244722805227, "x9": 1.4011380952604355}, "datetime": {"datetime": "2025-05-16 05:48:39", "elapsed": 5161.121162, "delta": 3.98651}}
{"target": 7.422946096180871, "params": {"x0": 0.9, "x1": 1.4978271335683757, "x2": 0.3155134156293134, "x3": 4.635516022044699, "x4": 0.4497982809280605, "x5": 8.633803630883685, "x6": 14.69466493656811, "x7": -2.8943718284333473, "x8": 0.7475244722805227, "x9": 1.4011380952604355}, "datetime": {"datetime": "2025-05-16 05:48:43", "elapsed": 5164.897005, "delta": 3.775843}}
{"target": 7.422946096180871, "params": {"x0": 0.9, "x1": 1.4978271335683757, "x2": 0.3155134156293134, "x3": 4.635516022044699, "x4": 0.4497982809280605, "x5": 8.633803630883685, "x6": 14.69466493656811, "x7": -2.8943718284333473, "x8": 0.7475244722805227, "x9": 1.4011380952604355}, "datetime": {"datetime": "2025-05-16 05:48:47", "elapsed": 5168.579828, "delta": 3.682823}}
{"target": 7.422946096180871, "params": {"x0": 0.9, "x1": 1.4978271335683757, "x2": 0.3155134156293134, "x3": 4.635516022044699, "x4": 0.4497982809280605, "x5": 8.633803630883685, "x6": 14.69466493656811, "x7": -2.8943718284333473, "x8": 0.7475244722805227, "x9": 1.4011380952604355}, "datetime": {"datetime": "2025-05-16 05:48:51", "elapsed": 5172.691818, "delta": 4.11199}}
{"target": 7.422946096180871, "params": {"x0": 0.9, "x1": 1.4978271335683757, "x2": 0.3155134156293134, "x3": 4.635516022044699, "x4": 0.4497982809280605, "x5": 8.633803630883685, "x6": 14.69466493656811, "x7": -2.8943718284333473, "x8": 0.7475244722805227, "x9": 1.4011380952604355}, "datetime": {"datetime": "2025-05-16 05:48:55", "elapsed": 5176.968113, "delta": 4.276295}}
{"target": 7.422946096180871, "params": {"x0": 0.9, "x1": 1.4978271335683757, "x2": 0.3155134156293134, "x3": 4.635516022044699, "x4": 0.4497982809280605, "x5": 8.633803630883685, "x6": 14.69466493656811, "x7": -2.8943718284333473, "x8": 0.7475244722805227, "x9": 1.4011380952604355}, "datetime": {"datetime": "2025-05-16 05:48:58", "elapsed": 5180.150858, "delta": 3.182745}}
{"target": 7.422946096180871, "params": {"x0": 0.9, "x1": 1.4978271335683757, "x2": 0.3155134156293134, "x3": 4.635516022044699, "x4": 0.4497982809280605, "x5": 8.633803630883685, "x6": 14.69466493656811, "x7": -2.8943718284333473, "x8": 0.7475244722805227, "x9": 1.4011380952604355}, "datetime": {"datetime": "2025-05-16 05:49:03", "elapsed": 5185.130953, "delta": 4.980095}}
{"target": 7.422946096180871, "params": {"x0": 0.9, "x1": 1.4978271335683757, "x2": 0.3155134156293134, "x3": 4.635516022044699, "x4": 0.4497982809280605, "x5": 8.633803630883685, "x6": 14.69466493656811, "x7": -2.8943718284333473, "x8": 0.7475244722805227, "x9": 1.4011380952604355}, "datetime": {"datetime": "2025-05-16 05:49:07", "elapsed": 5189.391548, "delta": 4.260595}}
{"target": 7.422946096180871, "params": {"x0": 0.9, "x1": 1.4978271335683757, "x2": 0.3155134156293134, "x3": 4.635516022044699, "x4": 0.4497982809280605, "x5": 8.633803630883685, "x6": 14.69466493656811, "x7": -2.8943718284333473, "x8": 0.7475244722805227, "x9": 1.4011380952604355}, "datetime": {"datetime": "2025-05-16 05:49:12", "elapsed": 5194.03494, "delta": 4.643392}}
{"target": 7.422946096180871, "params": {"x0": 0.9, "x1": 1.4978271335683757, "x2": 0.3155134156293134, "x3": 4.635516022044699, "x4": 0.4497982809280605, "x5": 8.633803630883685, "x6": 14.69466493656811, "x7": -2.8943718284333473, "x8": 0.7475244722805227, "x9": 1.4011380952604355}, "datetime": {"datetime": "2025-05-16 05:49:15", "elapsed": 5197.380327, "delta": 3.345387}}
{"target": 7.422946096180871, "params": {"x0": 0.9, "x1": 1.4978271335683757, "x2": 0.3155134156293134, "x3": 4.635516022044699, "x4": 0.4497982809280605, "x5": 8.633803630883685, "x6": 14.69466493656811, "x7": -2.8943718284333473, "x8": 0.7475244722805227, "x9": 1.4011380952604355}, "datetime": {"datetime": "2025-05-16 05:49:19", "elapsed": 5201.245737, "delta": 3.86541}}
{"target": 7.422946096180871, "params": {"x0": 0.9, "x1": 1.4978271335683757, "x2": 0.3155134156293134, "x3": 4.635516022044699, "x4": 0.4497982809280605, "x5": 8.633803630883685, "x6": 14.69466493656811, "x7": -2.8943718284333473, "x8": 0.7475244722805227, "x9": 1.4011380952604355}, "datetime": {"datetime": "2025-05-16 05:49:23", "elapsed": 5204.835315, "delta": 3.589578}}
{"target": 7.422946096180871, "params": {"x0": 0.9, "x1": 1.4978271335683757, "x2": 0.3155134156293134, "x3": 4.635516022044699, "x4": 0.4497982809280605, "x5": 8.633803630883685, "x6": 14.69466493656811, "x7": -2.8943718284333473, "x8": 0.7475244722805227, "x9": 1.4011380952604355}, "datetime": {"datetime": "2025-05-16 05:49:26", "elapsed": 5208.328706, "delta": 3.493391}}
{"target": 7.422946096180871, "params": {"x0": 0.9, "x1": 1.4978271335683757, "x2": 0.3155134156293134, "x3": 4.635516022044699, "x4": 0.4497982809280605, "x5": 8.633803630883685, "x6": 14.69466493656811, "x7": -2.8943718284333473, "x8": 0.7475244722805227, "x9": 1.4011380952604355}, "datetime": {"datetime": "2025-05-16 05:49:31", "elapsed": 5212.759053, "delta": 4.430347}}
{"target": 7.422946096180871, "params": {"x0": 0.9, "x1": 1.4978271335683757, "x2": 0.3155134156293134, "x3": 4.635516022044699, "x4": 0.4497982809280605, "x5": 8.633803630883685, "x6": 14.69466493656811, "x7": -2.8943718284333473, "x8": 0.7475244722805227, "x9": 1.4011380952604355}, "datetime": {"datetime": "2025-05-16 05:49:35", "elapsed": 5216.546883, "delta": 3.78783}}
{"target": 7.422946096180871, "params": {"x0": 0.9, "x1": 1.4978271335683757, "x2": 0.3155134156293134, "x3": 4.635516022044699, "x4": 0.4497982809280605, "x5": 8.633803630883685, "x6": 14.69466493656811, "x7": -2.8943718284333473, "x8": 0.7475244722805227, "x9": 1.4011380952604355}, "datetime": {"datetime": "2025-05-16 05:49:38", "elapsed": 5219.891143, "delta": 3.34426}}
{"target": 7.422946096180871, "params": {"x0": 0.9, "x1": 1.4978271335683757, "x2": 0.3155134156293134, "x3": 4.635516022044699, "x4": 0.4497982809280605, "x5": 8.633803630883685, "x6": 14.69466493656811, "x7": -2.8943718284333473, "x8": 0.7475244722805227, "x9": 1.4011380952604355}, "datetime": {"datetime": "2025-05-16 05:49:41", "elapsed": 5222.73658, "delta": 2.845437}}
{"target": 7.422946096180871, "params": {"x0": 0.9, "x1": 1.4978271335683757, "x2": 0.3155134156293134, "x3": 4.635516022044699, "x4": 0.4497982809280605, "x5": 8.633803630883685, "x6": 14.69466493656811, "x7": -2.8943718284333473, "x8": 0.7475244722805227, "x9": 1.4011380952604355}, "datetime": {"datetime": "2025-05-16 05:49:45", "elapsed": 5226.82121, "delta": 4.08463}}
{"target": 7.422946096180871, "params": {"x0": 0.9, "x1": 1.4978271335683757, "x2": 0.3155134156293134, "x3": 4.635516022044699, "x4": 0.4497982809280605, "x5": 8.633803630883685, "x6": 14.69466493656811, "x7": -2.8943718284333473, "x8": 0.7475244722805227, "x9": 1.4011380952604355}, "datetime": {"datetime": "2025-05-16 05:49:48", "elapsed": 5230.424415, "delta": 3.603205}}
{"target": 7.422946096180871, "params": {"x0": 0.9, "x1": 1.4978271335683757, "x2": 0.3155134156293134, "x3": 4.635516022044699, "x4": 0.4497982809280605, "x5": 8.633803630883685, "x6": 14.69466493656811, "x7": -2.8943718284333473, "x8": 0.7475244722805227, "x9": 1.4011380952604355}, "datetime": {"datetime": "2025-05-16 05:49:52", "elapsed": 5234.236393, "delta": 3.811978}}
{"target": 7.422946096180871, "params": {"x0": 0.9, "x1": 1.4978271335683757, "x2": 0.3155134156293134, "x3": 4.635516022044699, "x4": 0.4497982809280605, "x5": 8.633803630883685, "x6": 14.69466493656811, "x7": -2.8943718284333473, "x8": 0.7475244722805227, "x9": 1.4011380952604355}, "datetime": {"datetime": "2025-05-16 05:49:55", "elapsed": 5237.155197, "delta": 2.918804}}
{"target": 7.422946096180871, "params": {"x0": 0.9, "x1": 1.4978271335683757, "x2": 0.3155134156293134, "x3": 4.635516022044699, "x4": 0.4497982809280605, "x5": 8.633803630883685, "x6": 14.69466493656811, "x7": -2.8943718284333473, "x8": 0.7475244722805227, "x9": 1.4011380952604355}, "datetime": {"datetime": "2025-05-16 05:49:59", "elapsed": 5241.19301, "delta": 4.037813}}
{"target": 7.422946096180871, "params": {"x0": 0.9, "x1": 1.4978271335683757, "x2": 0.3155134156293134, "x3": 4.635516022044699, "x4": 0.4497982809280605, "x5": 8.633803630883685, "x6": 14.69466493656811, "x7": -2.8943718284333473, "x8": 0.7475244722805227, "x9": 1.4011380952604355}, "datetime": {"datetime": "2025-05-16 05:50:03", "elapsed": 5244.943556, "delta": 3.750546}}
{"target": 7.422946096180871, "params": {"x0": 0.9, "x1": 1.4978271335683757, "x2": 0.3155134156293134, "x3": 4.635516022044699, "x4": 0.4497982809280605, "x5": 8.633803630883685, "x6": 14.69466493656811, "x7": -2.8943718284333473, "x8": 0.7475244722805227, "x9": 1.4011380952604355}, "datetime": {"datetime": "2025-05-16 05:50:07", "elapsed": 5248.699013, "delta": 3.755457}}
{"target": 7.422946096180871, "params": {"x0": 0.9, "x1": 1.4978271335683757, "x2": 0.3155134156293134, "x3": 4.635516022044699, "x4": 0.4497982809280605, "x5": 8.633803630883685, "x6": 14.69466493656811, "x7": -2.8943718284333473, "x8": 0.7475244722805227, "x9": 1.4011380952604355}, "datetime": {"datetime": "2025-05-16 05:50:11", "elapsed": 5252.672884, "delta": 3.973871}}
{"target": 7.422946096180871, "params": {"x0": 0.9, "x1": 1.4978271335683757, "x2": 0.3155134156293134, "x3": 4.635516022044699, "x4": 0.4497982809280605, "x5": 8.633803630883685, "x6": 14.69466493656811, "x7": -2.8943718284333473, "x8": 0.7475244722805227, "x9": 1.4011380952604355}, "datetime": {"datetime": "2025-05-16 05:50:14", "elapsed": 5256.373999, "delta": 3.701115}}
{"target": 7.422946096180871, "params": {"x0": 0.9, "x1": 1.4978271335683757, "x2": 0.3155134156293134, "x3": 4.635516022044699, "x4": 0.4497982809280605, "x5": 8.633803630883685, "x6": 14.69466493656811, "x7": -2.8943718284333473, "x8": 0.7475244722805227, "x9": 1.4011380952604355}, "datetime": {"datetime": "2025-05-16 05:50:19", "elapsed": 5260.661188, "delta": 4.287189}}
{"target": 7.422946096180871, "params": {"x0": 0.9, "x1": 1.4978271335683757, "x2": 0.3155134156293134, "x3": 4.635516022044699, "x4": 0.4497982809280605, "x5": 8.633803630883685, "x6": 14.69466493656811, "x7": -2.8943718284333473, "x8": 0.7475244722805227, "x9": 1.4011380952604355}, "datetime": {"datetime": "2025-05-16 05:50:22", "elapsed": 5264.097049, "delta": 3.435861}}
{"target": 7.422946096180871, "params": {"x0": 0.9, "x1": 1.4978271335683757, "x2": 0.3155134156293134, "x3": 4.635516022044699, "x4": 0.4497982809280605, "x5": 8.633803630883685, "x6": 14.69466493656811, "x7": -2.8943718284333473, "x8": 0.7475244722805227, "x9": 1.4011380952604355}, "datetime": {"datetime": "2025-05-16 05:50:25", "elapsed": 5267.433314, "delta": 3.336265}}
{"target": 7.422946096180871, "params": {"x0": 0.9, "x1": 1.4978271335683757, "x2": 0.3155134156293134, "x3": 4.635516022044699, "x4": 0.4497982809280605, "x5": 8.633803630883685, "x6": 14.69466493656811, "x7": -2.8943718284333473, "x8": 0.7475244722805227, "x9": 1.4011380952604355}, "datetime": {"datetime": "2025-05-16 05:50:29", "elapsed": 5271.422191, "delta": 3.988877}}
{"target": 7.422946096180871, "params": {"x0": 0.9, "x1": 1.4978271335683757, "x2": 0.3155134156293134, "x3": 4.635516022044699, "x4": 0.4497982809280605, "x5": 8.633803630883685, "x6": 14.69466493656811, "x7": -2.8943718284333473, "x8": 0.7475244722805227, "x9": 1.4011380952604355}, "datetime": {"datetime": "2025-05-16 05:50:34", "elapsed": 5275.509056, "delta": 4.086865}}
{"target": 7.422946096180871, "params": {"x0": 0.9, "x1": 1.4978271335683757, "x2": 0.3155134156293134, "x3": 4.635516022044699, "x4": 0.4497982809280605, "x5": 8.633803630883685, "x6": 14.69466493656811, "x7": -2.8943718284333473, "x8": 0.7475244722805227, "x9": 1.4011380952604355}, "datetime": {"datetime": "2025-05-16 05:50:38", "elapsed": 5279.909649, "delta": 4.400593}}
{"target": 7.422946096180871, "params": {"x0": 0.9, "x1": 1.4978271335683757, "x2": 0.3155134156293134, "x3": 4.635516022044699, "x4": 0.4497982809280605, "x5": 8.633803630883685, "x6": 14.69466493656811, "x7": -2.8943718284333473, "x8": 0.7475244722805227, "x9": 1.4011380952604355}, "datetime": {"datetime": "2025-05-16 05:50:42", "elapsed": 5283.767464, "delta": 3.857815}}
{"target": 7.422946096180871, "params": {"x0": 0.9, "x1": 1.4978271335683757, "x2": 0.3155134156293134, "x3": 4.635516022044699, "x4": 0.4497982809280605, "x5": 8.633803630883685, "x6": 14.69466493656811, "x7": -2.8943718284333473, "x8": 0.7475244722805227, "x9": 1.4011380952604355}, "datetime": {"datetime": "2025-05-16 05:50:45", "elapsed": 5287.360971, "delta": 3.593507}}
{"target": 7.422946096180871, "params": {"x0": 0.9, "x1": 1.4978271335683757, "x2": 0.3155134156293134, "x3": 4.635516022044699, "x4": 0.4497982809280605, "x5": 8.633803630883685, "x6": 14.69466493656811, "x7": -2.8943718284333473, "x8": 0.7475244722805227, "x9": 1.4011380952604355}, "datetime": {"datetime": "2025-05-16 05:50:49", "elapsed": 5290.477508, "delta": 3.116537}}
{"target": 7.422946096180871, "params": {"x0": 0.9, "x1": 1.4978271335683757, "x2": 0.3155134156293134, "x3": 4.635516022044699, "x4": 0.4497982809280605, "x5": 8.633803630883685, "x6": 14.69466493656811, "x7": -2.8943718284333473, "x8": 0.7475244722805227, "x9": 1.4011380952604355}, "datetime": {"datetime": "2025-05-16 05:50:52", "elapsed": 5293.913355, "delta": 3.435847}}
{"target": 7.422946096180871, "params": {"x0": 0.9, "x1": 1.4978271335683757, "x2": 0.3155134156293134, "x3": 4.635516022044699, "x4": 0.4497982809280605, "x5": 8.633803630883685, "x6": 14.69466493656811, "x7": -2.8943718284333473, "x8": 0.7475244722805227, "x9": 1.4011380952604355}, "datetime": {"datetime": "2025-05-16 05:50:56", "elapsed": 5297.582319, "delta": 3.668964}}
{"target": 7.422946096180871, "params": {"x0": 0.9, "x1": 1.4978271335683757, "x2": 0.3155134156293134, "x3": 4.635516022044699, "x4": 0.4497982809280605, "x5": 8.633803630883685, "x6": 14.69466493656811, "x7": -2.8943718284333473, "x8": 0.7475244722805227, "x9": 1.4011380952604355}, "datetime": {"datetime": "2025-05-16 05:50:59", "elapsed": 5301.095089, "delta": 3.51277}}
{"target": 7.422946096180871, "params": {"x0": 0.9, "x1": 1.4978271335683757, "x2": 0.3155134156293134, "x3": 4.635516022044699, "x4": 0.4497982809280605, "x5": 8.633803630883685, "x6": 14.69466493656811, "x7": -2.8943718284333473, "x8": 0.7475244722805227, "x9": 1.4011380952604355}, "datetime": {"datetime": "2025-05-16 05:51:02", "elapsed": 5304.118757, "delta": 3.023668}}
{"target": 7.422946096180871, "params": {"x0": 0.9, "x1": 1.4978271335683757, "x2": 0.3155134156293134, "x3": 4.635516022044699, "x4": 0.4497982809280605, "x5": 8.633803630883685, "x6": 14.69466493656811, "x7": -2.8943718284333473, "x8": 0.7475244722805227, "x9": 1.4011380952604355}, "datetime": {"datetime": "2025-05-16 05:51:06", "elapsed": 5307.840373, "delta": 3.721616}}
{"target": 7.422946096180871, "params": {"x0": 0.9, "x1": 1.4978271335683757, "x2": 0.3155134156293134, "x3": 4.635516022044699, "x4": 0.4497982809280605, "x5": 8.633803630883685, "x6": 14.69466493656811, "x7": -2.8943718284333473, "x8": 0.7475244722805227, "x9": 1.4011380952604355}, "datetime": {"datetime": "2025-05-16 05:51:09", "elapsed": 5310.948176, "delta": 3.107803}}
{"target": 7.422946096180871, "params": {"x0": 0.9, "x1": 1.4978271335683757, "x2": 0.3155134156293134, "x3": 4.635516022044699, "x4": 0.4497982809280605, "x5": 8.633803630883685, "x6": 14.69466493656811, "x7": -2.8943718284333473, "x8": 0.7475244722805227, "x9": 1.4011380952604355}, "datetime": {"datetime": "2025-05-16 05:51:14", "elapsed": 5316.099696, "delta": 5.15152}}
{"target": 7.422946096180871, "params": {"x0": 0.9, "x1": 1.4978271335683757, "x2": 0.3155134156293134, "x3": 4.635516022044699, "x4": 0.4497982809280605, "x5": 8.633803630883685, "x6": 14.69466493656811, "x7": -2.8943718284333473, "x8": 0.7475244722805227, "x9": 1.4011380952604355}, "datetime": {"datetime": "2025-05-16 05:51:18", "elapsed": 5319.675652, "delta": 3.575956}}
{"target": 7.422946096180871, "params": {"x0": 0.9, "x1": 1.4978271335683757, "x2": 0.3155134156293134, "x3": 4.635516022044699, "x4": 0.4497982809280605, "x5": 8.633803630883685, "x6": 14.69466493656811, "x7": -2.8943718284333473, "x8": 0.7475244722805227, "x9": 1.4011380952604355}, "datetime": {"datetime": "2025-05-16 05:51:21", "elapsed": 5323.22529, "delta": 3.549638}}
{"target": 7.422946096180871, "params": {"x0": 0.9, "x1": 1.4978271335683757, "x2": 0.3155134156293134, "x3": 4.635516022044699, "x4": 0.4497982809280605, "x5": 8.633803630883685, "x6": 14.69466493656811, "x7": -2.8943718284333473, "x8": 0.7475244722805227, "x9": 1.4011380952604355}, "datetime": {"datetime": "2025-05-16 05:51:26", "elapsed": 5327.921295, "delta": 4.696005}}
{"target": 7.422946096180871, "params": {"x0": 0.9, "x1": 1.4978271335683757, "x2": 0.3155134156293134, "x3": 4.635516022044699, "x4": 0.4497982809280605, "x5": 8.633803630883685, "x6": 14.69466493656811, "x7": -2.8943718284333473, "x8": 0.7475244722805227, "x9": 1.4011380952604355}, "datetime": {"datetime": "2025-05-16 05:51:29", "elapsed": 5331.358322, "delta": 3.437027}}
{"target": 7.422946096180871, "params": {"x0": 0.9, "x1": 1.4978271335683757, "x2": 0.3155134156293134, "x3": 4.635516022044699, "x4": 0.4497982809280605, "x5": 8.633803630883685, "x6": 14.69466493656811, "x7": -2.8943718284333473, "x8": 0.7475244722805227, "x9": 1.4011380952604355}, "datetime": {"datetime": "2025-05-16 05:51:33", "elapsed": 5335.149429, "delta": 3.791107}}
{"target": 7.422946096180871, "params": {"x0": 0.9, "x1": 1.4978271335683757, "x2": 0.3155134156293134, "x3": 4.635516022044699, "x4": 0.4497982809280605, "x5": 8.633803630883685, "x6": 14.69466493656811, "x7": -2.8943718284333473, "x8": 0.7475244722805227, "x9": 1.4011380952604355}, "datetime": {"datetime": "2025-05-16 05:51:37", "elapsed": 5338.639319, "delta": 3.48989}}
{"target": 7.422946096180871, "params": {"x0": 0.9, "x1": 1.4978271335683757, "x2": 0.3155134156293134, "x3": 4.635516022044699, "x4": 0.4497982809280605, "x5": 8.633803630883685, "x6": 14.69466493656811, "x7": -2.8943718284333473, "x8": 0.7475244722805227, "x9": 1.4011380952604355}, "datetime": {"datetime": "2025-05-16 05:51:41", "elapsed": 5342.690794, "delta": 4.051475}}
{"target": 7.422946096180871, "params": {"x0": 0.9, "x1": 1.4978271335683757, "x2": 0.3155134156293134, "x3": 4.635516022044699, "x4": 0.4497982809280605, "x5": 8.633803630883685, "x6": 14.69466493656811, "x7": -2.8943718284333473, "x8": 0.7475244722805227, "x9": 1.4011380952604355}, "datetime": {"datetime": "2025-05-16 05:51:44", "elapsed": 5345.670085, "delta": 2.979291}}
{"target": 7.422946096180871, "params": {"x0": 0.9, "x1": 1.4978271335683757, "x2": 0.3155134156293134, "x3": 4.635516022044699, "x4": 0.4497982809280605, "x5": 8.633803630883685, "x6": 14.69466493656811, "x7": -2.8943718284333473, "x8": 0.7475244722805227, "x9": 1.4011380952604355}, "datetime": {"datetime": "2025-05-16 05:51:47", "elapsed": 5349.192596, "delta": 3.522511}}
{"target": 7.422946096180871, "params": {"x0": 0.9, "x1": 1.4978271335683757, "x2": 0.3155134156293134, "x3": 4.635516022044699, "x4": 0.4497982809280605, "x5": 8.633803630883685, "x6": 14.69466493656811, "x7": -2.8943718284333473, "x8": 0.7475244722805227, "x9": 1.4011380952604355}, "datetime": {"datetime": "2025-05-16 05:51:50", "elapsed": 5352.445527, "delta": 3.252931}}
{"target": 7.422946096180871, "params": {"x0": 0.9, "x1": 1.4978271335683757, "x2": 0.3155134156293134, "x3": 4.635516022044699, "x4": 0.4497982809280605, "x5": 8.633803630883685, "x6": 14.69466493656811, "x7": -2.8943718284333473, "x8": 0.7475244722805227, "x9": 1.4011380952604355}, "datetime": {"datetime": "2025-05-16 05:51:53", "elapsed": 5355.409475, "delta": 2.963948}}
{"target": 7.422946096180871, "params": {"x0": 0.9, "x1": 1.4978271335683757, "x2": 0.3155134156293134, "x3": 4.635516022044699, "x4": 0.4497982809280605, "x5": 8.633803630883685, "x6": 14.69466493656811, "x7": -2.8943718284333473, "x8": 0.7475244722805227, "x9": 1.4011380952604355}, "datetime": {"datetime": "2025-05-16 05:51:57", "elapsed": 5359.090472, "delta": 3.680997}}
{"target": 7.422946096180871, "params": {"x0": 0.9, "x1": 1.4978271335683757, "x2": 0.3155134156293134, "x3": 4.635516022044699, "x4": 0.4497982809280605, "x5": 8.633803630883685, "x6": 14.69466493656811, "x7": -2.8943718284333473, "x8": 0.7475244722805227, "x9": 1.4011380952604355}, "datetime": {"datetime": "2025-05-16 05:52:01", "elapsed": 5362.564796, "delta": 3.474324}}
{"target": 7.422946096180871, "params": {"x0": 0.9, "x1": 1.4978271335683757, "x2": 0.3155134156293134, "x3": 4.635516022044699, "x4": 0.4497982809280605, "x5": 8.633803630883685, "x6": 14.69466493656811, "x7": -2.8943718284333473, "x8": 0.7475244722805227, "x9": 1.4011380952604355}, "datetime": {"datetime": "2025-05-16 05:52:04", "elapsed": 5366.39631, "delta": 3.831514}}
{"target": 7.422946096180871, "params": {"x0": 0.9, "x1": 1.4978271335683757, "x2": 0.3155134156293134, "x3": 4.635516022044699, "x4": 0.4497982809280605, "x5": 8.633803630883685, "x6": 14.69466493656811, "x7": -2.8943718284333473, "x8": 0.7475244722805227, "x9": 1.4011380952604355}, "datetime": {"datetime": "2025-05-16 05:52:08", "elapsed": 5370.011447, "delta": 3.615137}}
