{"target": 7.3561585803992475, "params": {"x0": 0.9, "x1": 1.498911115805772, "x2": 0.3171445355490891, "x3": 4.636169567928503, "x4": 0.4471543515574826, "x5": 8.011185158538128, "x6": 14.705905461098544, "x7": -2.897532716064169, "x8": 0.7476849814685327, "x9": 1.4007505535250684}, "datetime": {"datetime": "2025-05-16 04:35:58", "elapsed": 799.568499, "delta": 6.060285}}
{"target": 7.358840845667263, "params": {"x0": 0.9, "x1": 1.4998755491305384, "x2": 0.31673720620269263, "x3": 4.635869092939264, "x4": 0.4476478018508504, "x5": 8.049494247745669, "x6": 14.704402504834558, "x7": -2.8966307971982874, "x8": 0.7477679307669244, "x9": 1.4009287301483941}, "datetime": {"datetime": "2025-05-16 04:36:04", "elapsed": 806.209287, "delta": 6.640788}}
{"target": 7.363049173656664, "params": {"x0": 0.9, "x1": 1.500839982455305, "x2": 0.3171445355490891, "x3": 4.635568617950025, "x4": 0.4481412521442182, "x5": 8.08780333695321, "x6": 14.702899548570572, "x7": -2.897532716064169, "x8": 0.7476849814685327, "x9": 1.40110690677172}, "datetime": {"datetime": "2025-05-16 04:36:11", "elapsed": 812.814823, "delta": 6.605536}}
{"target": 7.36796675613021, "params": {"x0": 0.9, "x1": 1.4998755491305384, "x2": 0.3168594050066116, "x3": 4.635869092939264, "x4": 0.4476478018508504, "x5": 8.12611242616075, "x6": 14.701396592306587, "x7": -2.8969013728580517, "x8": 0.7477430459774068, "x9": 1.4009287301483941}, "datetime": {"datetime": "2025-05-16 04:36:17", "elapsed": 819.278907, "delta": 6.464084}}
{"target": 7.37440730207769, "params": {"x0": 0.9, "x1": 1.499200445803202, "x2": 0.31665981362687734, "x3": 4.636079425431731, "x4": 0.44799321705620787, "x5": 8.164421515368291, "x6": 14.699893636042601, "x7": -2.89645943261377, "x8": 0.7477024008211949, "x9": 1.4008040065120662}, "datetime": {"datetime": "2025-05-16 04:36:24", "elapsed": 825.535691, "delta": 6.256784}}
{"target": 7.378660289352005, "params": {"x0": 0.9, "x1": 1.4998755491305384, "x2": 0.3164602222471431, "x3": 4.635869092939264, "x4": 0.44823500769995805, "x5": 8.202730604575832, "x6": 14.698390679778615, "x7": -2.8969013728580517, "x8": 0.7476739492118465, "x9": 1.4009287301483941}, "datetime": {"datetime": "2025-05-16 04:36:30", "elapsed": 832.077417, "delta": 6.541726}}
{"target": 7.384439544694076, "params": {"x0": 0.9, "x1": 1.4994029768014028, "x2": 0.31626063086740885, "x3": 4.635721860194537, "x4": 0.44847679834370824, "x5": 8.241039693783373, "x6": 14.69688772351463, "x7": -2.8965920146870543, "x8": 0.7476454976024981, "x9": 1.4010160366938238}, "datetime": {"datetime": "2025-05-16 04:36:37", "elapsed": 838.705716, "delta": 6.628299}}
{"target": 7.385003962272888, "params": {"x0": 0.9, "x1": 1.499072176171008, "x2": 0.3164602222471431, "x3": 4.635869092939264, "x4": 0.4487185889874584, "x5": 8.279348782990914, "x6": 14.695384767250644, "x7": -2.896375463967356, "x8": 0.7476170459931497, "x9": 1.4009287301483941}, "datetime": {"datetime": "2025-05-16 04:36:43", "elapsed": 844.949298, "delta": 6.243582}}
{"target": 7.389880899205949, "params": {"x0": 0.9, "x1": 1.4987413755406132, "x2": 0.3163205082813291, "x3": 4.635766030017955, "x4": 0.4489603796312086, "x5": 8.317657872198454, "x6": 14.69688772351463, "x7": -2.8961589132476577, "x8": 0.7476454976024981, "x9": 1.400989844730195}, "datetime": {"datetime": "2025-05-16 04:36:50", "elapsed": 851.565746, "delta": 6.616448}}
{"target": 7.394205214963889, "params": {"x0": 0.9, "x1": 1.499072176171008, "x2": 0.31622270850525935, "x3": 4.635693885973038, "x4": 0.4492021702749588, "x5": 8.355966961405995, "x6": 14.69583565412984, "x7": -2.8959423625279594, "x8": 0.7476255814759543, "x9": 1.4010326249374554}, "datetime": {"datetime": "2025-05-16 04:36:56", "elapsed": 857.912292, "delta": 6.346546}}
{"target": 7.397144587508574, "params": {"x0": 0.9, "x1": 1.4988406157297316, "x2": 0.3161249087291896, "x3": 4.635621741928121, "x4": 0.449443960918709, "x5": 8.394276050613536, "x6": 14.695099205560487, "x7": -2.895725811808261, "x8": 0.7476116401873736, "x9": 1.4010754051447158}, "datetime": {"datetime": "2025-05-16 04:37:03", "elapsed": 864.551247, "delta": 6.638955}}
{"target": 7.400835351926867, "params": {"x0": 0.9, "x1": 1.4986785234208382, "x2": 0.3160271089531198, "x3": 4.635549597883204, "x4": 0.44968575156245916, "x5": 8.432585139821077, "x6": 14.694362756991133, "x7": -2.895509261088563, "x8": 0.7475976988987929, "x9": 1.4011181853519763}, "datetime": {"datetime": "2025-05-16 04:37:09", "elapsed": 871.351729, "delta": 6.800482}}
{"target": 7.406741308818553, "params": {"x0": 0.9, "x1": 1.4985164311119448, "x2": 0.31592930917705003, "x3": 4.635477453838288, "x4": 0.44992754220620934, "x5": 8.470894229028618, "x6": 14.695099205560487, "x7": -2.8952927103688646, "x8": 0.7475837576102122, "x9": 1.4011609655592367}, "datetime": {"datetime": "2025-05-16 04:37:16", "elapsed": 877.518847, "delta": 6.167118}}
{"target": 7.404975238269615, "params": {"x0": 0.9, "x1": 1.4983543388030514, "x2": 0.31583150940098026, "x3": 4.635405309793371, "x4": 0.4501693328499595, "x5": 8.509203318236159, "x6": 14.69458369156194, "x7": -2.8950761596491663, "x8": 0.7475698163216316, "x9": 1.4012037457664972}, "datetime": {"datetime": "2025-05-16 04:37:22", "elapsed": 883.860175, "delta": 6.341328}}
{"target": 7.404975238269615, "params": {"x0": 0.9, "x1": 1.4986623141899489, "x2": 0.31584128937858724, "x3": 4.6354125241978625, "x4": 0.4501451537855845, "x5": 8.505372409315404, "x6": 14.695563168159179, "x7": -2.895487606016593, "x8": 0.7475712104504896, "x9": 1.401199467745771}, "datetime": {"datetime": "2025-05-16 04:37:28", "elapsed": 890.060001, "delta": 6.199826}}
{"target": 7.407286498885763, "params": {"x0": 0.9, "x1": 1.498385136341741, "x2": 0.3158500913584335, "x3": 4.63553589051467, "x4": 0.4497316917847717, "x5": 8.501924591286725, "x6": 14.69551677189931, "x7": -2.895117304285909, "x8": 0.7475724651664619, "x9": 1.4011263135913559}, "datetime": {"datetime": "2025-05-16 04:37:35", "elapsed": 896.52049, "delta": 6.460489}}
{"target": 7.412035871504951, "params": {"x0": 0.9, "x1": 1.498273535787068, "x2": 0.3157827562126095, "x3": 4.635585561689595, "x4": 0.44956521892654966, "x5": 8.528300399206117, "x6": 14.695161840511311, "x7": -2.8949682091153965, "x8": 0.7475628665892741, "x9": 1.401096859418657}, "datetime": {"datetime": "2025-05-16 04:37:41", "elapsed": 902.704794, "delta": 6.184304}}
{"target": 7.412608106293617, "params": {"x0": 0.9, "x1": 1.498161935232395, "x2": 0.31571542106678546, "x3": 4.63563523286452, "x4": 0.44939874606832764, "x5": 8.554676207125508, "x6": 14.69491338853971, "x7": -2.8948191139448842, "x8": 0.7475532680120862, "x9": 1.4010674052459582}, "datetime": {"datetime": "2025-05-16 04:37:47", "elapsed": 909.455436, "delta": 6.750642}}
{"target": 7.413807804609617, "params": {"x0": 0.9, "x1": 1.4980503346777219, "x2": 0.31564808592096144, "x3": 4.635585561689595, "x4": 0.44956521892654966, "x5": 8.5810520150449, "x6": 14.69466493656811, "x7": -2.894670018774372, "x8": 0.7475436694348984, "x9": 1.401096859418657}, "datetime": {"datetime": "2025-05-16 04:37:54", "elapsed": 915.874259, "delta": 6.418823}}
{"target": 7.4181670022385795, "params": {"x0": 0.9, "x1": 1.4979387341230488, "x2": 0.3155807507751374, "x3": 4.635550791867147, "x4": 0.4496817499273051, "x5": 8.607427822964292, "x6": 14.694416484596509, "x7": -2.8945209236038596, "x8": 0.7475340708577105, "x9": 1.4011174773395463}, "datetime": {"datetime": "2025-05-16 04:38:00", "elapsed": 922.264165, "delta": 6.389906}}
{"target": 7.422946096180871, "params": {"x0": 0.9, "x1": 1.4978271335683757, "x2": 0.3155134156293134, "x3": 4.635516022044699, "x4": 0.4497982809280605, "x5": 8.633803630883683, "x6": 14.69466493656811, "x7": -2.8943718284333473, "x8": 0.7475244722805227, "x9": 1.4011380952604355}, "datetime": {"datetime": "2025-05-16 04:38:06", "elapsed": 928.317046, "delta": 6.052881}}
{"target": 7.4200709237250555, "params": {"x0": 0.9, "x1": 1.4977155330137026, "x2": 0.3154460804834894, "x3": 4.635550791867147, "x4": 0.4496817499273051, "x5": 8.660179438803075, "x6": 14.69483885294823, "x7": -2.894222733262835, "x8": 0.7475148737033348, "x9": 1.4011174773395463}, "datetime": {"datetime": "2025-05-16 04:38:13", "elapsed": 934.557656, "delta": 6.24061}}
{"target": 7.418317162364536, "params": {"x0": 0.9, "x1": 1.4979275740675815, "x2": 0.3154528139980718, "x3": 4.635484729204497, "x4": 0.4499031588287404, "x5": 8.657541858011136, "x6": 14.694508411826002, "x7": -2.894237642779886, "x8": 0.7475158335610536, "x9": 1.4011566513892357}, "datetime": {"datetime": "2025-05-16 04:38:19", "elapsed": 940.784354, "delta": 6.226698}}
{"target": 7.418317162364536, "params": {"x0": 0.9, "x1": 1.4977367371190906, "x2": 0.31545887416119595, "x3": 4.635487858488517, "x4": 0.4498926710386724, "x5": 8.655168035298392, "x6": 14.694524064300213, "x7": -2.894251061345232, "x8": 0.7475166974330005, "x9": 1.4011547957763557}, "datetime": {"datetime": "2025-05-16 04:38:25", "elapsed": 946.948283, "delta": 6.163929}}
{"target": 7.418317162364536, "params": {"x0": 0.9, "x1": 1.497745776764019, "x2": 0.3155625029506191, "x3": 4.635541369245264, "x4": 0.4497133298285098, "x5": 8.65303159485692, "x6": 14.694791721609217, "x7": -2.894480518812651, "x8": 0.7475174749177527, "x9": 1.4011230647961073}, "datetime": {"datetime": "2025-05-16 04:38:31", "elapsed": 953.170102, "delta": 6.221819}}
{"target": 7.418317162364536, "params": {"x0": 0.9, "x1": 1.4977539124444548, "x2": 0.31546923704013824, "x3": 4.635493209564191, "x4": 0.4497218249384649, "x5": 8.651108798459596, "x6": 14.694550830031114, "x7": -2.8942740070919744, "x8": 0.7475181746540297, "x9": 1.4011245678425401}, "datetime": {"datetime": "2025-05-16 04:38:38", "elapsed": 959.605138, "delta": 6.435036}}
{"target": 7.4211719945859524, "params": {"x0": 0.9, "x1": 1.4977612345568467, "x2": 0.31547365489905577, "x3": 4.635536553277157, "x4": 0.44986709131869657, "x5": 8.649378281702004, "x6": 14.694562240684812, "x7": -2.8942837892261113, "x8": 0.7475188044166791, "x9": 1.4011259205843296}, "datetime": {"datetime": "2025-05-16 04:38:44", "elapsed": 966.403401, "delta": 6.798263}}
{"target": 7.418594511504284, "params": {"x0": 0.9, "x1": 1.4977678244579997, "x2": 0.31547763097208154, "x3": 4.635497543935488, "x4": 0.44986021027963297, "x5": 8.624934427893535, "x6": 14.694572510273142, "x7": -2.894292593146835, "x8": 0.7475193712030633, "x9": 1.4011490524689307}, "datetime": {"datetime": "2025-05-16 04:38:52", "elapsed": 973.495721, "delta": 7.09232}}
{"target": 7.4211719945859524, "params": {"x0": 0.9, "x1": 1.4977737553690373, "x2": 0.3154812094378047, "x3": 4.63553265234299, "x4": 0.4497425445116453, "x5": 8.646419098046524, "x6": 14.69474812023358, "x7": -2.8943005166754863, "x8": 0.7475198813108093, "x9": 1.4011479567480813}, "datetime": {"datetime": "2025-05-16 04:38:59", "elapsed": 980.503841, "delta": 7.00812}}
{"target": 7.4211719945859524, "params": {"x0": 0.9, "x1": 1.4977790931889712, "x2": 0.3154844300569556, "x3": 4.63553098931316, "x4": 0.4498484437028342, "x5": 8.64515755133024, "x6": 14.694590071269186, "x7": -2.8943076478512726, "x8": 0.7475203404077806, "x9": 1.4011292199215544}, "datetime": {"datetime": "2025-05-16 04:39:05", "elapsed": 987.367347, "delta": 6.863506}}
{"target": 7.418594511504284, "params": {"x0": 0.9, "x1": 1.4977838972269115, "x2": 0.3154873286141914, "x3": 4.635502551503084, "x4": 0.4498434274253568, "x5": 8.626307254514252, "x6": 14.694597557799078, "x7": -2.8943140659094797, "x8": 0.7475207535950549, "x9": 1.4011460830654285}, "datetime": {"datetime": "2025-05-16 04:39:12", "elapsed": 994.375666, "delta": 7.008319}}
{"target": 7.4211719945859524, "params": {"x0": 0.9, "x1": 1.497788220861058, "x2": 0.3154899373157036, "x3": 4.635503898557245, "x4": 0.4497576490804938, "x5": 8.643000306445394, "x6": 14.694725577460238, "x7": -2.8943198421618668, "x8": 0.7475211254636016, "x9": 1.4011452842849292}, "datetime": {"datetime": "2025-05-16 04:39:19", "elapsed": 1001.055244, "delta": 6.679578}}
{"target": 7.4211719945859524, "params": {"x0": 0.9, "x1": 1.4977921121317899, "x2": 0.31549228514706457, "x3": 4.635505110905991, "x4": 0.44983484959087056, "x5": 8.642080638889222, "x6": 14.694719513371025, "x7": -2.8943250407890146, "x8": 0.7475214601452937, "x9": 1.4011316251383912}, "datetime": {"datetime": "2025-05-16 04:39:26", "elapsed": 1007.956812, "delta": 6.901568}}
{"target": 7.4211719945859524, "params": {"x0": 0.9, "x1": 1.4977956142754483, "x2": 0.31549439819528946, "x3": 4.635506202019862, "x4": 0.44983119272458955, "x5": 8.64125293808867, "x6": 14.694714055690733, "x7": -2.894329719553448, "x8": 0.7475217613588166, "x9": 1.4011439183702754}, "datetime": {"datetime": "2025-05-16 04:39:33", "elapsed": 1015.046367, "delta": 7.089555}}
{"target": 7.4211719945859524, "params": {"x0": 0.9, "x1": 1.4977987662047412, "x2": 0.3154962999386918, "x3": 4.635524860067053, "x4": 0.4498279015449366, "x5": 8.64050800736817, "x6": 14.694709143778471, "x7": -2.8943339304414377, "x8": 0.7475220324509873, "x9": 1.4011433360592915}, "datetime": {"datetime": "2025-05-16 04:39:40", "elapsed": 1021.860241, "delta": 6.813874}}
{"target": 7.418594511504284, "params": {"x0": 0.9, "x1": 1.4978016029411045, "x2": 0.315498011507754, "x3": 4.635508067824581, "x4": 0.44982493948324903, "x5": 8.627769692047645, "x6": 14.694625150078785, "x7": -2.8943377202406286, "x8": 0.7475222764339408, "x9": 1.4011428119794058}, "datetime": {"datetime": "2025-05-16 04:39:47", "elapsed": 1028.666069, "delta": 6.805828}}
{"target": 7.422946096180871, "params": {"x0": 0.9, "x1": 1.4978041560038318, "x2": 0.3154995519199099, "x3": 4.635508863246593, "x4": 0.4497742882283909, "x5": 8.639234175836117, "x6": 14.694700744408502, "x7": -2.8943411310599005, "x8": 0.747522496018599, "x9": 1.4011338502133621}, "datetime": {"datetime": "2025-05-16 04:39:53", "elapsed": 1035.018034, "delta": 6.351965}}
{"target": 7.422946096180871, "params": {"x0": 0.9, "x1": 1.497806453760286, "x2": 0.3155009382908503, "x3": 4.635509579126404, "x4": 0.4497766874983578, "x5": 8.638691121340875, "x6": 14.694697163624463, "x7": -2.8943442007972453, "x8": 0.7475226936447913, "x9": 1.4011419158028016}, "datetime": {"datetime": "2025-05-16 04:39:59", "elapsed": 1041.399466, "delta": 6.381432}}
{"target": 7.422946096180871, "params": {"x0": 0.9, "x1": 1.497808521741095, "x2": 0.3155021860246966, "x3": 4.635510223418233, "x4": 0.44981771501479295, "x5": 8.638202372295156, "x6": 14.694693940918828, "x7": -2.8943469635608556, "x8": 0.7475228715083645, "x9": 1.4011415337485649}, "datetime": {"datetime": "2025-05-16 04:40:06", "elapsed": 1047.514401, "delta": 6.114935}}
{"target": 7.418594511504284, "params": {"x0": 0.9, "x1": 1.4978103829238232, "x2": 0.31550330898515827, "x3": 4.63551080328088, "x4": 0.4498157716061197, "x5": 8.629844763613358, "x6": 14.694691040483756, "x7": -2.8943494500481046, "x8": 0.7475230315855803, "x9": 1.401141189899752}, "datetime": {"datetime": "2025-05-16 04:40:12", "elapsed": 1054.27451, "delta": 6.760109}}
{"target": 7.422946096180871, "params": {"x0": 0.9, "x1": 1.4978120579882783, "x2": 0.31550431964957376, "x3": 4.635511325157261, "x4": 0.44978253931780726, "x5": 8.637366611426975, "x6": 14.69468843009219, "x7": -2.894351687886629, "x8": 0.7475231756550745, "x9": 1.4011408804358203}, "datetime": {"datetime": "2025-05-16 04:40:18", "elapsed": 1060.461683, "delta": 6.187173}}
{"target": 7.422946096180871, "params": {"x0": 0.9, "x1": 1.497813565546288, "x2": 0.31550522924754776, "x3": 4.635511794846005, "x4": 0.44981244837728845, "x5": 8.637010313372647, "x6": 14.694686080739784, "x7": -2.894353701941301, "x8": 0.7475233053176193, "x9": 1.401140601918282}, "datetime": {"datetime": "2025-05-16 04:40:25", "elapsed": 1066.672117, "delta": 6.210434}}
{"target": 7.422946096180871, "params": {"x0": 0.9, "x1": 1.497814922348497, "x2": 0.3155060478857243, "x3": 4.635512217565875, "x4": 0.44981103163236563, "x5": 8.63668964512375, "x6": 14.694683966322616, "x7": -2.8943555145905053, "x8": 0.7475234220139096, "x9": 1.4011403512524971}, "datetime": {"datetime": "2025-05-16 04:40:31", "elapsed": 1072.926023, "delta": 6.253906}}
{"target": 7.422946096180871, "params": {"x0": 0.9, "x1": 1.4978161434704849, "x2": 0.3155067846600832, "x3": 4.635512598013757, "x4": 0.4498097565619351, "x5": 8.636401043699744, "x6": 14.694682063347166, "x7": -2.8943571459747894, "x8": 0.747523527040571, "x9": 1.4011401256532912}, "datetime": {"datetime": "2025-05-16 04:40:37", "elapsed": 1079.166677, "delta": 6.240654}}
{"target": 7.422946096180871, "params": {"x0": 0.9, "x1": 1.4978172424802738, "x2": 0.31550744775700623, "x3": 4.635512940416851, "x4": 0.4498086089985477, "x5": 8.63146595934923, "x6": 14.694680350669259, "x7": -2.8943586142206454, "x8": 0.7475236215645661, "x9": 1.4011399226140056}, "datetime": {"datetime": "2025-05-16 04:40:44", "elapsed": 1085.487031, "delta": 6.320354}}
{"target": 7.422946096180871, "params": {"x0": 0.9, "x1": 1.497818231589084, "x2": 0.315508044544237, "x3": 4.635513248579636, "x4": 0.44980757619149897, "x5": 8.631699726502674, "x6": 14.694678809259145, "x7": -2.8943599356419156, "x8": 0.7475237066361617, "x9": 1.4011397398786485}, "datetime": {"datetime": "2025-05-16 04:40:50", "elapsed": 1091.632577, "delta": 6.145546}}
{"target": 7.422946096180871, "params": {"x0": 0.9, "x1": 1.4978191217870132, "x2": 0.3155085816527446, "x3": 4.635513525926142, "x4": 0.44980664666515513, "x5": 8.631910116940775, "x6": 14.694677421990042, "x7": -2.894361124921059, "x8": 0.7475237832005979, "x9": 1.4011395754168272}, "datetime": {"datetime": "2025-05-16 04:40:56", "elapsed": 1097.864373, "delta": 6.231796}}
{"target": 7.422946096180871, "params": {"x0": 0.9, "x1": 1.4978199229651494, "x2": 0.3155090650504015, "x3": 4.635513775537999, "x4": 0.44980581009144566, "x5": 8.632099468335067, "x6": 14.694676173447847, "x7": -2.8943621952722878, "x8": 0.7475238521085904, "x9": 1.4011394274011881}, "datetime": {"datetime": "2025-05-16 04:41:02", "elapsed": 1104.055111, "delta": 6.190738}}
{"target": 7.422946096180871, "params": {"x0": 0.9, "x1": 1.497820644025472, "x2": 0.31550950010829265, "x3": 4.635514000188668, "x4": 0.44980505717510716, "x5": 8.632269884589927, "x6": 14.694675049759875, "x7": -2.8943631585883938, "x8": 0.7475239141257836, "x9": 1.4011392941871128}, "datetime": {"datetime": "2025-05-16 04:41:08", "elapsed": 1110.249814, "delta": 6.194703}}
{"target": 7.422946096180871, "params": {"x0": 0.9, "x1": 1.4978212929797625, "x2": 0.3155098916603947, "x3": 4.635514202374272, "x4": 0.4498043795504025, "x5": 8.632423259219303, "x6": 14.694674038440697, "x7": -2.894364025572889, "x8": 0.7475239699412575, "x9": 1.401139174294445}, "datetime": {"datetime": "2025-05-16 04:41:15", "elapsed": 1116.464353, "delta": 6.214539}}
{"target": 7.422946096180871, "params": {"x0": 0.9, "x1": 1.4978218770386238, "x2": 0.3155102440572866, "x3": 4.635514384341314, "x4": 0.44980376968816826, "x5": 8.632561296385742, "x6": 14.69467312825344, "x7": -2.8943648058589346, "x8": 0.747524020175184, "x9": 1.4011390663910441}, "datetime": {"datetime": "2025-05-16 04:41:21", "elapsed": 1122.693347, "delta": 6.228994}}
{"target": 7.422946096180871, "params": {"x0": 0.9, "x1": 1.497822402691599, "x2": 0.3155105612144893, "x3": 4.635514548111653, "x4": 0.4498032208121575, "x5": 8.632685529835536, "x6": 14.694672309084906, "x7": -2.894365508116376, "x8": 0.7475240653857179, "x9": 1.4011389692779832}, "datetime": {"datetime": "2025-05-16 04:41:27", "elapsed": 1128.935101, "delta": 6.241754}}
{"target": 7.422946096180871, "params": {"x0": 0.9, "x1": 1.4978228757792766, "x2": 0.3155108466559717, "x3": 4.635514695504957, "x4": 0.4498027268237478, "x5": 8.63279733994035, "x6": 14.694671571833226, "x7": -2.8943661401480734, "x8": 0.7475241060751984, "x9": 1.4011388818762285}, "datetime": {"datetime": "2025-05-16 04:41:33", "elapsed": 1135.247902, "delta": 6.312801}}
{"target": 7.422946096180871, "params": {"x0": 0.9, "x1": 1.4978233015581865, "x2": 0.31551110355330586, "x3": 4.635514828158931, "x4": 0.44980228223417906, "x5": 8.632897969034683, "x6": 14.694670908306716, "x7": -2.8943667089766008, "x8": 0.7475241426957308, "x9": 1.4011388032146492}, "datetime": {"datetime": "2025-05-16 04:41:40", "elapsed": 1141.491504, "delta": 6.243602}}
{"target": 7.422946096180871, "params": {"x0": 0.9, "x1": 1.4978236847592055, "x2": 0.31551133476090665, "x3": 4.635514947547509, "x4": 0.4498018821035672, "x5": 8.632988535219583, "x6": 14.694670311132855, "x7": -2.894367220922275, "x8": 0.7475241756542099, "x9": 1.401138732419228}, "datetime": {"datetime": "2025-05-16 04:41:46", "elapsed": 1147.728916, "delta": 6.237412}}
{"target": 7.422946096180871, "params": {"x0": 0.9, "x1": 1.4978240296401224, "x2": 0.3155115428477473, "x3": 4.635515054997228, "x4": 0.44980152198601653, "x5": 8.633070044785994, "x6": 14.69466977367638, "x7": -2.8943676816733825, "x8": 0.7475242053168413, "x9": 1.4011386687033487}, "datetime": {"datetime": "2025-05-16 04:41:52", "elapsed": 1153.905923, "delta": 6.177007}}
{"target": 7.422946096180871, "params": {"x0": 0.9, "x1": 1.4978243400329478, "x2": 0.3155117301259039, "x3": 4.635515151701974, "x4": 0.44980119788022094, "x5": 8.633143403395763, "x6": 14.694669289965553, "x7": -2.8943680963493787, "x8": 0.7475242320132094, "x9": 1.4011386113590574}, "datetime": {"datetime": "2025-05-16 04:41:59", "elapsed": 1160.594814, "delta": 6.688891}}
{"target": 7.422946096180871, "params": {"x0": 0.9, "x1": 1.4978246193864906, "x2": 0.31551189867624485, "x3": 4.6355152387362475, "x4": 0.4498009061850049, "x5": 8.633209426144555, "x6": 14.694668854625808, "x7": -2.894368469557776, "x8": 0.7475242560399407, "x9": 1.4011385597491952}, "datetime": {"datetime": "2025-05-16 04:42:05", "elapsed": 1167.263705, "delta": 6.668891}}
