{"target": 7.422946096180871, "params": {"x0": 0.9000000000000016, "x1": 1.4978271335684112, "x2": 0.315513415629297, "x3": 4.635516022044708, "x4": 0.4497982809280172, "x5": 8.633803630885277, "x6": 14.694664936568069, "x7": -2.894371828433346, "x8": 0.7475244722805251, "x9": 1.401138095260429}, "datetime": {"datetime": "2025-05-16 05:02:53", "elapsed": 2415.107043, "delta": 8.99466}}
{"target": 7.422946096180871, "params": {"x0": 0.9000000000000008, "x1": 1.49782713356835, "x2": 0.3155134156293263, "x3": 4.635516022044696, "x4": 0.449798280928027, "x5": 8.633803630884778, "x6": 14.69466493656813, "x7": -2.89437182843331, "x8": 0.7475244722805211, "x9": 1.4011380952604366}, "datetime": {"datetime": "2025-05-16 05:03:01", "elapsed": 2423.183682, "delta": 8.076639}}
{"target": 7.422946096180871, "params": {"x0": 0.9000000000000014, "x1": 1.497827133568357, "x2": 0.3155134156293338, "x3": 4.635516022044698, "x4": 0.4497982809280439, "x5": 8.6338036308844, "x6": 14.69466493656816, "x7": -2.894371828433312, "x8": 0.7475244722805213, "x9": 1.4011380952604373}, "datetime": {"datetime": "2025-05-16 05:03:09", "elapsed": 2430.826894, "delta": 7.643212}}
{"target": 7.422946096180871, "params": {"x0": 0.9000000000000002, "x1": 1.4978271335683595, "x2": 0.315513415629302, "x3": 4.635516022044697, "x4": 0.4497982809280898, "x5": 8.63380363088914, "x6": 14.694664936568126, "x7": -2.894371828433314, "x8": 0.7475244722805231, "x9": 1.401138095260438}, "datetime": {"datetime": "2025-05-16 05:03:18", "elapsed": 2439.731525, "delta": 8.904631}}
{"target": 7.422946096180871, "params": {"x0": 0.9, "x1": 1.4978271335683977, "x2": 0.31551341562930235, "x3": 4.635516022044698, "x4": 0.44979828092807395, "x5": 8.633803630888087, "x6": 14.694664936568145, "x7": -2.894371828433364, "x8": 0.7475244722805218, "x9": 1.401138095260436}, "datetime": {"datetime": "2025-05-16 05:03:26", "elapsed": 2447.809304, "delta": 8.077779}}
{"target": 7.422946096180871, "params": {"x0": 0.9000000000000009, "x1": 1.4978271335683826, "x2": 0.3155134156293271, "x3": 4.6355160220447065, "x4": 0.4497982809280657, "x5": 8.63380363088846, "x6": 14.694664936568106, "x7": -2.8943718284333335, "x8": 0.7475244722805223, "x9": 1.4011380952604384}, "datetime": {"datetime": "2025-05-16 05:03:34", "elapsed": 2456.037077, "delta": 8.227773}}
{"target": 7.422946096180871, "params": {"x0": 0.9000000000000007, "x1": 1.4978271335683808, "x2": 0.3155134156293125, "x3": 4.635516022044692, "x4": 0.4497982809280537, "x5": 8.633803630888622, "x6": 14.694664936568126, "x7": -2.8943718284333695, "x8": 0.7475244722805209, "x9": 1.4011380952604364}, "datetime": {"datetime": "2025-05-16 05:03:43", "elapsed": 2464.500963, "delta": 8.463886}}
{"target": 7.422946096180871, "params": {"x0": 0.9000000000000006, "x1": 1.4978271335683633, "x2": 0.3155134156293187, "x3": 4.635516022044705, "x4": 0.44979828092806984, "x5": 8.633803630882788, "x6": 14.69466493656808, "x7": -2.8943718284333295, "x8": 0.747524472280521, "x9": 1.4011380952604329}, "datetime": {"datetime": "2025-05-16 05:03:52", "elapsed": 2473.723937, "delta": 9.222974}}
{"target": 7.422946096180871, "params": {"x0": 0.9000000000000007, "x1": 1.4978271335683822, "x2": 0.3155134156293102, "x3": 4.635516022044695, "x4": 0.4497982809280679, "x5": 8.633803630883099, "x6": 14.69466493656811, "x7": -2.8943718284333624, "x8": 0.7475244722805215, "x9": 1.4011380952604335}, "datetime": {"datetime": "2025-05-16 05:04:00", "elapsed": 2482.354912, "delta": 8.630975}}
{"target": 7.422946096180871, "params": {"x0": 0.9000000000000005, "x1": 1.4978271335683615, "x2": 0.31551341562932045, "x3": 4.635516022044696, "x4": 0.4497982809280694, "x5": 8.63380363088637, "x6": 14.694664936568113, "x7": -2.8943718284333437, "x8": 0.7475244722805232, "x9": 1.4011380952604353}, "datetime": {"datetime": "2025-05-16 05:04:08", "elapsed": 2490.410024, "delta": 8.055112}}
{"target": 7.422946096180871, "params": {"x0": 0.9000000000000001, "x1": 1.4978271335683655, "x2": 0.31551341562931445, "x3": 4.635516022044698, "x4": 0.44979828092807117, "x5": 8.63380363088246, "x6": 14.694664936568119, "x7": -2.894371828433344, "x8": 0.7475244722805228, "x9": 1.4011380952604338}, "datetime": {"datetime": "2025-05-16 05:04:17", "elapsed": 2499.458746, "delta": 9.048722}}
{"target": 7.422946096180871, "params": {"x0": 0.9000000000000002, "x1": 1.4978271335683688, "x2": 0.31551341562930935, "x3": 4.635516022044703, "x4": 0.44979828092805413, "x5": 8.633803630886387, "x6": 14.6946649365681, "x7": -2.894371828433352, "x8": 0.7475244722805238, "x9": 1.4011380952604364}, "datetime": {"datetime": "2025-05-16 05:04:26", "elapsed": 2507.486392, "delta": 8.027646}}
{"target": 7.422946096180871, "params": {"x0": 0.9000000000000004, "x1": 1.4978271335683693, "x2": 0.3155134156293102, "x3": 4.6355160220446985, "x4": 0.44979828092805, "x5": 8.633803630881433, "x6": 14.694664936568108, "x7": -2.894371828433351, "x8": 0.747524472280523, "x9": 1.4011380952604338}, "datetime": {"datetime": "2025-05-16 05:04:34", "elapsed": 2515.804552, "delta": 8.31816}}
{"target": 7.422946096180871, "params": {"x0": 0.9000000000000005, "x1": 1.4978271335683762, "x2": 0.3155134156293093, "x3": 4.635516022044701, "x4": 0.44979828092805557, "x5": 8.633803630884357, "x6": 14.694664936568104, "x7": -2.8943718284333575, "x8": 0.7475244722805218, "x9": 1.4011380952604349}, "datetime": {"datetime": "2025-05-16 05:04:42", "elapsed": 2524.431939, "delta": 8.627387}}
{"target": 7.422946096180871, "params": {"x0": 0.9, "x1": 1.4978271335683675, "x2": 0.3155134156293161, "x3": 4.635516022044702, "x4": 0.44979828092806584, "x5": 8.633803630884454, "x6": 14.694664936568095, "x7": -2.8943718284333517, "x8": 0.7475244722805233, "x9": 1.4011380952604355}, "datetime": {"datetime": "2025-05-16 05:04:51", "elapsed": 2532.764828, "delta": 8.332889}}
{"target": 7.422946096180871, "params": {"x0": 0.9000000000000004, "x1": 1.4978271335683828, "x2": 0.3155134156293109, "x3": 4.635516022044699, "x4": 0.44979828092805774, "x5": 8.63380363088479, "x6": 14.694664936568097, "x7": -2.894371828433346, "x8": 0.7475244722805221, "x9": 1.4011380952604342}, "datetime": {"datetime": "2025-05-16 05:04:59", "elapsed": 2541.138736, "delta": 8.373908}}
{"target": 7.422946096180871, "params": {"x0": 0.9000000000000001, "x1": 1.4978271335683815, "x2": 0.3155134156293173, "x3": 4.635516022044697, "x4": 0.4497982809280578, "x5": 8.633803630883726, "x6": 14.69466493656812, "x7": -2.8943718284333575, "x8": 0.7475244722805228, "x9": 1.401138095260436}, "datetime": {"datetime": "2025-05-16 05:05:08", "elapsed": 2549.626371, "delta": 8.487635}}
{"target": 7.422946096180871, "params": {"x0": 0.9000000000000002, "x1": 1.4978271335683737, "x2": 0.31551341562931573, "x3": 4.635516022044698, "x4": 0.44979828092805557, "x5": 8.633803630882166, "x6": 14.694664936568104, "x7": -2.8943718284333486, "x8": 0.7475244722805231, "x9": 1.4011380952604369}, "datetime": {"datetime": "2025-05-16 05:05:17", "elapsed": 2559.304454, "delta": 9.678083}}
{"target": 7.422946096180871, "params": {"x0": 0.9000000000000002, "x1": 1.4978271335683702, "x2": 0.31551341562930973, "x3": 4.6355160220447, "x4": 0.44979828092805973, "x5": 8.633803630882802, "x6": 14.694664936568113, "x7": -2.8943718284333455, "x8": 0.7475244722805221, "x9": 1.4011380952604353}, "datetime": {"datetime": "2025-05-16 05:05:27", "elapsed": 2568.585749, "delta": 9.281295}}
{"target": 7.422946096180871, "params": {"x0": 0.9, "x1": 1.4978271335683766, "x2": 0.3155134156293101, "x3": 4.6355160220447, "x4": 0.44979828092805746, "x5": 8.633803630882676, "x6": 14.69466493656811, "x7": -2.8943718284333397, "x8": 0.7475244722805223, "x9": 1.401138095260435}, "datetime": {"datetime": "2025-05-16 05:05:36", "elapsed": 2577.520401, "delta": 8.934652}}
{"target": 7.422946096180871, "params": {"x0": 0.9, "x1": 1.4978271335683806, "x2": 0.3155134156293149, "x3": 4.635516022044698, "x4": 0.4497982809280574, "x5": 8.633803630883406, "x6": 14.694664936568113, "x7": -2.8943718284333424, "x8": 0.7475244722805222, "x9": 1.4011380952604364}, "datetime": {"datetime": "2025-05-16 05:05:45", "elapsed": 2587.292595, "delta": 9.772194}}
{"target": 7.422946096180871, "params": {"x0": 0.9000000000000001, "x1": 1.4978271335683715, "x2": 0.3155134156293128, "x3": 4.635516022044698, "x4": 0.4497982809280572, "x5": 8.633803630884021, "x6": 14.69466493656811, "x7": -2.894371828433346, "x8": 0.7475244722805228, "x9": 1.4011380952604358}, "datetime": {"datetime": "2025-05-16 05:05:54", "elapsed": 2595.755476, "delta": 8.462881}}
{"target": 7.422946096180871, "params": {"x0": 0.9, "x1": 1.4978271335683782, "x2": 0.3155134156293119, "x3": 4.6355160220447, "x4": 0.44979828092806345, "x5": 8.633803630883621, "x6": 14.694664936568108, "x7": -2.8943718284333446, "x8": 0.7475244722805224, "x9": 1.4011380952604355}, "datetime": {"datetime": "2025-05-16 05:06:02", "elapsed": 2603.75906, "delta": 8.003584}}
{"target": 7.422946096180871, "params": {"x0": 0.9000000000000001, "x1": 1.497827133568378, "x2": 0.3155134156293142, "x3": 4.6355160220447, "x4": 0.44979828092806223, "x5": 8.633803630883655, "x6": 14.694664936568111, "x7": -2.8943718284333495, "x8": 0.7475244722805224, "x9": 1.401138095260436}, "datetime": {"datetime": "2025-05-16 05:06:10", "elapsed": 2612.232332, "delta": 8.473272}}
{"target": 7.422946096180871, "params": {"x0": 0.9, "x1": 1.4978271335683728, "x2": 0.3155134156293138, "x3": 4.635516022044699, "x4": 0.44979828092805924, "x5": 8.633803630884392, "x6": 14.69466493656811, "x7": -2.8943718284333464, "x8": 0.7475244722805227, "x9": 1.401138095260436}, "datetime": {"datetime": "2025-05-16 05:06:18", "elapsed": 2620.317083, "delta": 8.084751}}
{"target": 7.422946096180871, "params": {"x0": 0.9000000000000001, "x1": 1.4978271335683755, "x2": 0.31551341562931473, "x3": 4.635516022044699, "x4": 0.44979828092805946, "x5": 8.63380363088388, "x6": 14.69466493656811, "x7": -2.894371828433348, "x8": 0.7475244722805225, "x9": 1.4011380952604355}, "datetime": {"datetime": "2025-05-16 05:06:26", "elapsed": 2628.393455, "delta": 8.076372}}
{"target": 7.422946096180871, "params": {"x0": 0.9000000000000001, "x1": 1.4978271335683777, "x2": 0.3155134156293126, "x3": 4.635516022044699, "x4": 0.44979828092806096, "x5": 8.633803630883229, "x6": 14.69466493656811, "x7": -2.894371828433349, "x8": 0.7475244722805225, "x9": 1.401138095260436}, "datetime": {"datetime": "2025-05-16 05:06:35", "elapsed": 2636.918862, "delta": 8.525407}}
{"target": 7.422946096180871, "params": {"x0": 0.9, "x1": 1.4978271335683768, "x2": 0.31551341562931445, "x3": 4.635516022044699, "x4": 0.4497982809280585, "x5": 8.633803630884186, "x6": 14.694664936568106, "x7": -2.894371828433348, "x8": 0.7475244722805224, "x9": 1.4011380952604358}, "datetime": {"datetime": "2025-05-16 05:06:43", "elapsed": 2645.310294, "delta": 8.391432}}
{"target": 7.422946096180871, "params": {"x0": 0.9000000000000001, "x1": 1.4978271335683773, "x2": 0.31551341562931323, "x3": 4.635516022044699, "x4": 0.44979828092806085, "x5": 8.633803630883609, "x6": 14.694664936568111, "x7": -2.8943718284333473, "x8": 0.7475244722805228, "x9": 1.401138095260435}, "datetime": {"datetime": "2025-05-16 05:06:52", "elapsed": 2653.591803, "delta": 8.281509}}
{"target": 7.422946096180871, "params": {"x0": 0.9000000000000001, "x1": 1.4978271335683757, "x2": 0.3155134156293128, "x3": 4.635516022044699, "x4": 0.44979828092806157, "x5": 8.633803630883225, "x6": 14.69466493656811, "x7": -2.8943718284333473, "x8": 0.7475244722805227, "x9": 1.4011380952604353}, "datetime": {"datetime": "2025-05-16 05:07:01", "elapsed": 2662.8305, "delta": 9.238697}}
{"target": 7.422946096180871, "params": {"x0": 0.9000000000000001, "x1": 1.4978271335683744, "x2": 0.31551341562931406, "x3": 4.635516022044699, "x4": 0.4497982809280623, "x5": 8.633803630883943, "x6": 14.69466493656811, "x7": -2.8943718284333473, "x8": 0.7475244722805227, "x9": 1.4011380952604358}, "datetime": {"datetime": "2025-05-16 05:07:09", "elapsed": 2671.369577, "delta": 8.539077}}
{"target": 7.422946096180871, "params": {"x0": 0.9000000000000001, "x1": 1.4978271335683753, "x2": 0.31551341562931345, "x3": 4.6355160220447, "x4": 0.4497982809280616, "x5": 8.633803630883985, "x6": 14.69466493656811, "x7": -2.8943718284333473, "x8": 0.7475244722805227, "x9": 1.4011380952604358}, "datetime": {"datetime": "2025-05-16 05:07:18", "elapsed": 2680.084125, "delta": 8.714548}}
{"target": 7.422946096180871, "params": {"x0": 0.9, "x1": 1.4978271335683755, "x2": 0.3155134156293125, "x3": 4.635516022044699, "x4": 0.4497982809280608, "x5": 8.6338036308837, "x6": 14.694664936568111, "x7": -2.894371828433347, "x8": 0.7475244722805227, "x9": 1.4011380952604355}, "datetime": {"datetime": "2025-05-16 05:07:27", "elapsed": 2689.071099, "delta": 8.986974}}
{"target": 7.422946096180871, "params": {"x0": 0.9, "x1": 1.4978271335683757, "x2": 0.3155134156293139, "x3": 4.635516022044699, "x4": 0.44979828092806023, "x5": 8.633803630883403, "x6": 14.694664936568111, "x7": -2.8943718284333455, "x8": 0.7475244722805225, "x9": 1.4011380952604353}, "datetime": {"datetime": "2025-05-16 05:07:37", "elapsed": 2698.644064, "delta": 9.572965}}
{"target": 7.422946096180871, "params": {"x0": 0.9, "x1": 1.4978271335683764, "x2": 0.3155134156293127, "x3": 4.635516022044699, "x4": 0.44979828092806173, "x5": 8.633803630883849, "x6": 14.694664936568108, "x7": -2.894371828433348, "x8": 0.7475244722805225, "x9": 1.4011380952604355}, "datetime": {"datetime": "2025-05-16 05:07:46", "elapsed": 2707.747337, "delta": 9.103273}}
{"target": 7.422946096180871, "params": {"x0": 0.9, "x1": 1.497827133568375, "x2": 0.31551341562931345, "x3": 4.635516022044699, "x4": 0.44979828092806073, "x5": 8.633803630883513, "x6": 14.694664936568111, "x7": -2.894371828433347, "x8": 0.7475244722805225, "x9": 1.4011380952604358}, "datetime": {"datetime": "2025-05-16 05:07:55", "elapsed": 2716.738052, "delta": 8.990715}}
{"target": 7.422946096180871, "params": {"x0": 0.9, "x1": 1.4978271335683748, "x2": 0.31551341562931373, "x3": 4.635516022044699, "x4": 0.449798280928061, "x5": 8.633803630883605, "x6": 14.69466493656811, "x7": -2.894371828433347, "x8": 0.7475244722805228, "x9": 1.4011380952604355}, "datetime": {"datetime": "2025-05-16 05:08:03", "elapsed": 2725.133131, "delta": 8.395079}}
{"target": 7.422946096180871, "params": {"x0": 0.9, "x1": 1.4978271335683762, "x2": 0.315513415629313, "x3": 4.635516022044699, "x4": 0.4497982809280605, "x5": 8.633803630883591, "x6": 14.69466493656811, "x7": -2.894371828433348, "x8": 0.7475244722805227, "x9": 1.4011380952604353}, "datetime": {"datetime": "2025-05-16 05:08:12", "elapsed": 2733.539602, "delta": 8.406471}}
{"target": 7.422946096180871, "params": {"x0": 0.9, "x1": 1.4978271335683762, "x2": 0.31551341562931307, "x3": 4.635516022044699, "x4": 0.4497982809280609, "x5": 8.63380363088372, "x6": 14.694664936568111, "x7": -2.8943718284333477, "x8": 0.7475244722805228, "x9": 1.4011380952604355}, "datetime": {"datetime": "2025-05-16 05:08:21", "elapsed": 2742.6119, "delta": 9.072298}}
{"target": 7.422946096180871, "params": {"x0": 0.9, "x1": 1.4978271335683755, "x2": 0.3155134156293132, "x3": 4.635516022044699, "x4": 0.4497982809280608, "x5": 8.633803630883598, "x6": 14.69466493656811, "x7": -2.8943718284333464, "x8": 0.7475244722805225, "x9": 1.4011380952604355}, "datetime": {"datetime": "2025-05-16 05:08:29", "elapsed": 2751.111903, "delta": 8.500003}}
{"target": 7.422946096180871, "params": {"x0": 0.9, "x1": 1.4978271335683755, "x2": 0.31551341562931345, "x3": 4.635516022044699, "x4": 0.4497982809280601, "x5": 8.633803630883625, "x6": 14.694664936568111, "x7": -2.894371828433347, "x8": 0.7475244722805227, "x9": 1.4011380952604353}, "datetime": {"datetime": "2025-05-16 05:08:39", "elapsed": 2761.192014, "delta": 10.080111}}
{"target": 7.422946096180871, "params": {"x0": 0.9, "x1": 1.4978271335683753, "x2": 0.3155134156293131, "x3": 4.635516022044699, "x4": 0.44979828092806007, "x5": 8.633803630883795, "x6": 14.69466493656811, "x7": -2.8943718284333473, "x8": 0.7475244722805227, "x9": 1.4011380952604355}, "datetime": {"datetime": "2025-05-16 05:08:48", "elapsed": 2769.865388, "delta": 8.673374}}
{"target": 7.422946096180871, "params": {"x0": 0.9, "x1": 1.4978271335683757, "x2": 0.3155134156293136, "x3": 4.635516022044699, "x4": 0.44979828092806035, "x5": 8.633803630883742, "x6": 14.69466493656811, "x7": -2.894371828433348, "x8": 0.7475244722805227, "x9": 1.4011380952604355}, "datetime": {"datetime": "2025-05-16 05:08:57", "elapsed": 2778.941328, "delta": 9.07594}}
{"target": 7.422946096180871, "params": {"x0": 0.9, "x1": 1.4978271335683755, "x2": 0.31551341562931323, "x3": 4.635516022044699, "x4": 0.4497982809280608, "x5": 8.633803630883692, "x6": 14.69466493656811, "x7": -2.8943718284333477, "x8": 0.7475244722805227, "x9": 1.4011380952604355}, "datetime": {"datetime": "2025-05-16 05:09:07", "elapsed": 2788.566654, "delta": 9.625326}}
{"target": 7.422946096180871, "params": {"x0": 0.9, "x1": 1.497827133568376, "x2": 0.31551341562931356, "x3": 4.635516022044699, "x4": 0.4497982809280606, "x5": 8.633803630883605, "x6": 14.69466493656811, "x7": -2.894371828433347, "x8": 0.7475244722805227, "x9": 1.4011380952604355}, "datetime": {"datetime": "2025-05-16 05:09:15", "elapsed": 2797.086925, "delta": 8.520271}}
{"target": 7.422946096180871, "params": {"x0": 0.9, "x1": 1.4978271335683755, "x2": 0.31551341562931356, "x3": 4.635516022044699, "x4": 0.4497982809280604, "x5": 8.633803630883717, "x6": 14.69466493656811, "x7": -2.8943718284333473, "x8": 0.7475244722805227, "x9": 1.4011380952604355}, "datetime": {"datetime": "2025-05-16 05:09:24", "elapsed": 2805.919083, "delta": 8.832158}}
{"target": 7.422946096180871, "params": {"x0": 0.9, "x1": 1.4978271335683757, "x2": 0.3155134156293135, "x3": 4.635516022044699, "x4": 0.4497982809280603, "x5": 8.633803630883676, "x6": 14.69466493656811, "x7": -2.894371828433347, "x8": 0.7475244722805227, "x9": 1.4011380952604355}, "datetime": {"datetime": "2025-05-16 05:09:35", "elapsed": 2816.513734, "delta": 10.594651}}
{"target": 7.422946096180871, "params": {"x0": 0.9, "x1": 1.4978271335683757, "x2": 0.3155134156293135, "x3": 4.635516022044699, "x4": 0.44979828092806023, "x5": 8.633803630883683, "x6": 14.69466493656811, "x7": -2.8943718284333473, "x8": 0.7475244722805227, "x9": 1.4011380952604355}, "datetime": {"datetime": "2025-05-16 05:09:44", "elapsed": 2826.163481, "delta": 9.649747}}
{"target": 7.422946096180871, "params": {"x0": 0.9, "x1": 1.497827133568376, "x2": 0.31551341562931356, "x3": 4.635516022044699, "x4": 0.4497982809280607, "x5": 8.633803630883659, "x6": 14.69466493656811, "x7": -2.8943718284333473, "x8": 0.7475244722805227, "x9": 1.4011380952604355}, "datetime": {"datetime": "2025-05-16 05:09:53", "elapsed": 2835.004136, "delta": 8.840655}}
{"target": 7.422946096180871, "params": {"x0": 0.9, "x1": 1.4978271335683757, "x2": 0.31551341562931323, "x3": 4.635516022044699, "x4": 0.44979828092806046, "x5": 8.633803630883692, "x6": 14.69466493656811, "x7": -2.8943718284333473, "x8": 0.7475244722805227, "x9": 1.4011380952604355}, "datetime": {"datetime": "2025-05-16 05:10:02", "elapsed": 2844.272483, "delta": 9.268347}}
{"target": 7.422946096180871, "params": {"x0": 0.9, "x1": 1.4978271335683757, "x2": 0.31551341562931345, "x3": 4.635516022044699, "x4": 0.44979828092806057, "x5": 8.633803630883707, "x6": 14.69466493656811, "x7": -2.894371828433347, "x8": 0.7475244722805227, "x9": 1.4011380952604355}, "datetime": {"datetime": "2025-05-16 05:10:12", "elapsed": 2853.527664, "delta": 9.255181}}
{"target": 7.422946096180871, "params": {"x0": 0.9, "x1": 1.497827133568376, "x2": 0.31551341562931334, "x3": 4.635516022044699, "x4": 0.4497982809280607, "x5": 8.633803630883692, "x6": 14.69466493656811, "x7": -2.8943718284333473, "x8": 0.7475244722805227, "x9": 1.4011380952604355}, "datetime": {"datetime": "2025-05-16 05:10:21", "elapsed": 2862.858797, "delta": 9.331133}}
{"target": 7.422946096180871, "params": {"x0": 0.9, "x1": 1.4978271335683757, "x2": 0.3155134156293135, "x3": 4.635516022044699, "x4": 0.44979828092806035, "x5": 8.633803630883708, "x6": 14.69466493656811, "x7": -2.8943718284333473, "x8": 0.7475244722805227, "x9": 1.4011380952604355}, "datetime": {"datetime": "2025-05-16 05:10:30", "elapsed": 2871.994101, "delta": 9.135304}}
{"target": 7.422946096180871, "params": {"x0": 0.9, "x1": 1.4978271335683755, "x2": 0.3155134156293133, "x3": 4.635516022044699, "x4": 0.4497982809280607, "x5": 8.63380363088371, "x6": 14.69466493656811, "x7": -2.8943718284333473, "x8": 0.7475244722805227, "x9": 1.4011380952604355}, "datetime": {"datetime": "2025-05-16 05:10:39", "elapsed": 2881.416036, "delta": 9.421935}}
{"target": 7.422946096180871, "params": {"x0": 0.9, "x1": 1.4978271335683755, "x2": 0.3155134156293135, "x3": 4.635516022044699, "x4": 0.44979828092806035, "x5": 8.633803630883676, "x6": 14.69466493656811, "x7": -2.8943718284333473, "x8": 0.7475244722805227, "x9": 1.4011380952604355}, "datetime": {"datetime": "2025-05-16 05:10:50", "elapsed": 2891.691709, "delta": 10.275673}}
{"target": 7.422946096180871, "params": {"x0": 0.9, "x1": 1.4978271335683755, "x2": 0.31551341562931334, "x3": 4.635516022044699, "x4": 0.4497982809280605, "x5": 8.63380363088366, "x6": 14.69466493656811, "x7": -2.8943718284333473, "x8": 0.7475244722805227, "x9": 1.4011380952604355}, "datetime": {"datetime": "2025-05-16 05:10:59", "elapsed": 2901.107255, "delta": 9.415546}}
{"target": 7.422946096180871, "params": {"x0": 0.9, "x1": 1.4978271335683757, "x2": 0.3155134156293134, "x3": 4.635516022044699, "x4": 0.4497982809280605, "x5": 8.633803630883664, "x6": 14.69466493656811, "x7": -2.8943718284333473, "x8": 0.7475244722805227, "x9": 1.4011380952604355}, "datetime": {"datetime": "2025-05-16 05:11:08", "elapsed": 2910.385711, "delta": 9.278456}}
