{"target": 7.422946096180871, "params": {"x0": 0.9, "x1": 1.4978271335683757, "x2": 0.3155134156293134, "x3": 4.635516022044699, "x4": 0.4497982809280605, "x5": 8.633803630883685, "x6": 14.69466493656811, "x7": -2.8943718284333473, "x8": 0.7475244722805227, "x9": 1.4011380952604355}, "datetime": {"datetime": "2025-05-16 06:43:22", "elapsed": 8444.115033, "delta": 7.1668}}
{"target": 7.422946096180871, "params": {"x0": 0.9, "x1": 1.4978271335683757, "x2": 0.3155134156293134, "x3": 4.635516022044699, "x4": 0.4497982809280605, "x5": 8.633803630883685, "x6": 14.69466493656811, "x7": -2.8943718284333473, "x8": 0.7475244722805227, "x9": 1.4011380952604355}, "datetime": {"datetime": "2025-05-16 06:43:32", "elapsed": 8453.608695, "delta": 9.493662}}
{"target": 7.422946096180871, "params": {"x0": 0.9, "x1": 1.4978271335683757, "x2": 0.3155134156293134, "x3": 4.635516022044699, "x4": 0.4497982809280605, "x5": 8.633803630883685, "x6": 14.69466493656811, "x7": -2.8943718284333473, "x8": 0.7475244722805227, "x9": 1.4011380952604355}, "datetime": {"datetime": "2025-05-16 06:43:39", "elapsed": 8460.910246, "delta": 7.301551}}
{"target": 7.422946096180871, "params": {"x0": 0.9, "x1": 1.4978271335683757, "x2": 0.3155134156293134, "x3": 4.635516022044699, "x4": 0.4497982809280605, "x5": 8.633803630883685, "x6": 14.69466493656811, "x7": -2.8943718284333473, "x8": 0.7475244722805227, "x9": 1.4011380952604355}, "datetime": {"datetime": "2025-05-16 06:43:47", "elapsed": 8469.043535, "delta": 8.133289}}
{"target": 7.422946096180871, "params": {"x0": 0.9, "x1": 1.4978271335683757, "x2": 0.3155134156293134, "x3": 4.635516022044699, "x4": 0.4497982809280605, "x5": 8.633803630883685, "x6": 14.69466493656811, "x7": -2.8943718284333473, "x8": 0.7475244722805227, "x9": 1.4011380952604355}, "datetime": {"datetime": "2025-05-16 06:43:54", "elapsed": 8476.252283, "delta": 7.208748}}
{"target": 7.422946096180871, "params": {"x0": 0.9, "x1": 1.4978271335683757, "x2": 0.3155134156293134, "x3": 4.635516022044699, "x4": 0.4497982809280605, "x5": 8.633803630883685, "x6": 14.69466493656811, "x7": -2.8943718284333473, "x8": 0.7475244722805227, "x9": 1.4011380952604355}, "datetime": {"datetime": "2025-05-16 06:44:01", "elapsed": 8482.763526, "delta": 6.511243}}
{"target": 7.422946096180871, "params": {"x0": 0.9, "x1": 1.4978271335683757, "x2": 0.3155134156293134, "x3": 4.635516022044699, "x4": 0.4497982809280605, "x5": 8.633803630883685, "x6": 14.69466493656811, "x7": -2.8943718284333473, "x8": 0.7475244722805227, "x9": 1.4011380952604355}, "datetime": {"datetime": "2025-05-16 06:44:09", "elapsed": 8490.524015, "delta": 7.760489}}
{"target": 7.422946096180871, "params": {"x0": 0.9, "x1": 1.4978271335683757, "x2": 0.3155134156293134, "x3": 4.635516022044699, "x4": 0.4497982809280605, "x5": 8.633803630883685, "x6": 14.69466493656811, "x7": -2.8943718284333473, "x8": 0.7475244722805227, "x9": 1.4011380952604355}, "datetime": {"datetime": "2025-05-16 06:44:17", "elapsed": 8499.359338, "delta": 8.835323}}
{"target": 7.422946096180871, "params": {"x0": 0.9, "x1": 1.4978271335683757, "x2": 0.3155134156293134, "x3": 4.635516022044699, "x4": 0.4497982809280605, "x5": 8.633803630883685, "x6": 14.69466493656811, "x7": -2.8943718284333473, "x8": 0.7475244722805227, "x9": 1.4011380952604355}, "datetime": {"datetime": "2025-05-16 06:44:25", "elapsed": 8506.590383, "delta": 7.231045}}
{"target": 7.422946096180871, "params": {"x0": 0.9, "x1": 1.4978271335683757, "x2": 0.3155134156293134, "x3": 4.635516022044699, "x4": 0.4497982809280605, "x5": 8.633803630883685, "x6": 14.69466493656811, "x7": -2.8943718284333473, "x8": 0.7475244722805227, "x9": 1.4011380952604355}, "datetime": {"datetime": "2025-05-16 06:44:33", "elapsed": 8515.225518, "delta": 8.635135}}
{"target": 7.422946096180871, "params": {"x0": 0.9, "x1": 1.4978271335683757, "x2": 0.3155134156293134, "x3": 4.635516022044699, "x4": 0.4497982809280605, "x5": 8.633803630883685, "x6": 14.69466493656811, "x7": -2.8943718284333473, "x8": 0.7475244722805227, "x9": 1.4011380952604355}, "datetime": {"datetime": "2025-05-16 06:44:43", "elapsed": 8524.577289, "delta": 9.351771}}
{"target": 7.422946096180871, "params": {"x0": 0.9, "x1": 1.4978271335683757, "x2": 0.3155134156293134, "x3": 4.635516022044699, "x4": 0.4497982809280605, "x5": 8.633803630883685, "x6": 14.69466493656811, "x7": -2.8943718284333473, "x8": 0.7475244722805227, "x9": 1.4011380952604355}, "datetime": {"datetime": "2025-05-16 06:44:51", "elapsed": 8532.926512, "delta": 8.349223}}
{"target": 7.422946096180871, "params": {"x0": 0.9, "x1": 1.4978271335683757, "x2": 0.3155134156293134, "x3": 4.635516022044699, "x4": 0.4497982809280605, "x5": 8.633803630883685, "x6": 14.69466493656811, "x7": -2.8943718284333473, "x8": 0.7475244722805227, "x9": 1.4011380952604355}, "datetime": {"datetime": "2025-05-16 06:44:59", "elapsed": 8540.574983, "delta": 7.648471}}
{"target": 7.422946096180871, "params": {"x0": 0.9, "x1": 1.4978271335683757, "x2": 0.3155134156293134, "x3": 4.635516022044699, "x4": 0.4497982809280605, "x5": 8.633803630883685, "x6": 14.69466493656811, "x7": -2.8943718284333473, "x8": 0.7475244722805227, "x9": 1.4011380952604355}, "datetime": {"datetime": "2025-05-16 06:45:05", "elapsed": 8547.431498, "delta": 6.856515}}
{"target": 7.422946096180871, "params": {"x0": 0.9, "x1": 1.4978271335683757, "x2": 0.3155134156293134, "x3": 4.635516022044699, "x4": 0.4497982809280605, "x5": 8.633803630883685, "x6": 14.69466493656811, "x7": -2.8943718284333473, "x8": 0.7475244722805227, "x9": 1.4011380952604355}, "datetime": {"datetime": "2025-05-16 06:45:13", "elapsed": 8554.769448, "delta": 7.33795}}
{"target": 7.422946096180871, "params": {"x0": 0.9, "x1": 1.4978271335683757, "x2": 0.3155134156293134, "x3": 4.635516022044699, "x4": 0.4497982809280605, "x5": 8.633803630883685, "x6": 14.69466493656811, "x7": -2.8943718284333473, "x8": 0.7475244722805227, "x9": 1.4011380952604355}, "datetime": {"datetime": "2025-05-16 06:45:22", "elapsed": 8563.825202, "delta": 9.055754}}
{"target": 7.422946096180871, "params": {"x0": 0.9, "x1": 1.4978271335683757, "x2": 0.3155134156293134, "x3": 4.635516022044699, "x4": 0.4497982809280605, "x5": 8.633803630883685, "x6": 14.69466493656811, "x7": -2.8943718284333473, "x8": 0.7475244722805227, "x9": 1.4011380952604355}, "datetime": {"datetime": "2025-05-16 06:45:30", "elapsed": 8571.790032, "delta": 7.96483}}
{"target": 7.422946096180871, "params": {"x0": 0.9, "x1": 1.4978271335683757, "x2": 0.3155134156293134, "x3": 4.635516022044699, "x4": 0.4497982809280605, "x5": 8.633803630883685, "x6": 14.69466493656811, "x7": -2.8943718284333473, "x8": 0.7475244722805227, "x9": 1.4011380952604355}, "datetime": {"datetime": "2025-05-16 06:45:37", "elapsed": 8578.656902, "delta": 6.86687}}
{"target": 7.422946096180871, "params": {"x0": 0.9, "x1": 1.4978271335683757, "x2": 0.3155134156293134, "x3": 4.635516022044699, "x4": 0.4497982809280605, "x5": 8.633803630883685, "x6": 14.69466493656811, "x7": -2.8943718284333473, "x8": 0.7475244722805227, "x9": 1.4011380952604355}, "datetime": {"datetime": "2025-05-16 06:45:45", "elapsed": 8586.527775, "delta": 7.870873}}
{"target": 7.422946096180871, "params": {"x0": 0.9, "x1": 1.4978271335683757, "x2": 0.3155134156293134, "x3": 4.635516022044699, "x4": 0.4497982809280605, "x5": 8.633803630883685, "x6": 14.69466493656811, "x7": -2.8943718284333473, "x8": 0.7475244722805227, "x9": 1.4011380952604355}, "datetime": {"datetime": "2025-05-16 06:45:55", "elapsed": 8597.140071, "delta": 10.612296}}
{"target": 7.422946096180871, "params": {"x0": 0.9, "x1": 1.4978271335683757, "x2": 0.3155134156293134, "x3": 4.635516022044699, "x4": 0.4497982809280605, "x5": 8.633803630883685, "x6": 14.69466493656811, "x7": -2.8943718284333473, "x8": 0.7475244722805227, "x9": 1.4011380952604355}, "datetime": {"datetime": "2025-05-16 06:46:02", "elapsed": 8603.722911, "delta": 6.58284}}
{"target": 7.422946096180871, "params": {"x0": 0.9, "x1": 1.4978271335683757, "x2": 0.3155134156293134, "x3": 4.635516022044699, "x4": 0.4497982809280605, "x5": 8.633803630883685, "x6": 14.69466493656811, "x7": -2.8943718284333473, "x8": 0.7475244722805227, "x9": 1.4011380952604355}, "datetime": {"datetime": "2025-05-16 06:46:09", "elapsed": 8611.14952, "delta": 7.426609}}
{"target": 7.422946096180871, "params": {"x0": 0.9, "x1": 1.4978271335683757, "x2": 0.3155134156293134, "x3": 4.635516022044699, "x4": 0.4497982809280605, "x5": 8.633803630883685, "x6": 14.69466493656811, "x7": -2.8943718284333473, "x8": 0.7475244722805227, "x9": 1.4011380952604355}, "datetime": {"datetime": "2025-05-16 06:46:17", "elapsed": 8618.495717, "delta": 7.346197}}
{"target": 7.422946096180871, "params": {"x0": 0.9, "x1": 1.4978271335683757, "x2": 0.3155134156293134, "x3": 4.635516022044699, "x4": 0.4497982809280605, "x5": 8.633803630883685, "x6": 14.69466493656811, "x7": -2.8943718284333473, "x8": 0.7475244722805227, "x9": 1.4011380952604355}, "datetime": {"datetime": "2025-05-16 06:46:25", "elapsed": 8627.250409, "delta": 8.754692}}
{"target": 7.422946096180871, "params": {"x0": 0.9, "x1": 1.4978271335683757, "x2": 0.3155134156293134, "x3": 4.635516022044699, "x4": 0.4497982809280605, "x5": 8.633803630883685, "x6": 14.69466493656811, "x7": -2.8943718284333473, "x8": 0.7475244722805227, "x9": 1.4011380952604355}, "datetime": {"datetime": "2025-05-16 06:46:34", "elapsed": 8635.809423, "delta": 8.559014}}
{"target": 7.422946096180871, "params": {"x0": 0.9, "x1": 1.4978271335683757, "x2": 0.3155134156293134, "x3": 4.635516022044699, "x4": 0.4497982809280605, "x5": 8.633803630883685, "x6": 14.69466493656811, "x7": -2.8943718284333473, "x8": 0.7475244722805227, "x9": 1.4011380952604355}, "datetime": {"datetime": "2025-05-16 06:46:41", "elapsed": 8643.343351, "delta": 7.533928}}
{"target": 7.422946096180871, "params": {"x0": 0.9, "x1": 1.4978271335683757, "x2": 0.3155134156293134, "x3": 4.635516022044699, "x4": 0.4497982809280605, "x5": 8.633803630883685, "x6": 14.69466493656811, "x7": -2.8943718284333473, "x8": 0.7475244722805227, "x9": 1.4011380952604355}, "datetime": {"datetime": "2025-05-16 06:46:49", "elapsed": 8650.639352, "delta": 7.296001}}
{"target": 7.422946096180871, "params": {"x0": 0.9, "x1": 1.4978271335683757, "x2": 0.3155134156293134, "x3": 4.635516022044699, "x4": 0.4497982809280605, "x5": 8.633803630883685, "x6": 14.69466493656811, "x7": -2.8943718284333473, "x8": 0.7475244722805227, "x9": 1.4011380952604355}, "datetime": {"datetime": "2025-05-16 06:46:58", "elapsed": 8659.540257, "delta": 8.900905}}
{"target": 7.422946096180871, "params": {"x0": 0.9, "x1": 1.4978271335683757, "x2": 0.3155134156293134, "x3": 4.635516022044699, "x4": 0.4497982809280605, "x5": 8.633803630883685, "x6": 14.69466493656811, "x7": -2.8943718284333473, "x8": 0.7475244722805227, "x9": 1.4011380952604355}, "datetime": {"datetime": "2025-05-16 06:47:06", "elapsed": 8667.844425, "delta": 8.304168}}
{"target": 7.422946096180871, "params": {"x0": 0.9, "x1": 1.4978271335683757, "x2": 0.3155134156293134, "x3": 4.635516022044699, "x4": 0.4497982809280605, "x5": 8.633803630883685, "x6": 14.69466493656811, "x7": -2.8943718284333473, "x8": 0.7475244722805227, "x9": 1.4011380952604355}, "datetime": {"datetime": "2025-05-16 06:47:14", "elapsed": 8676.098233, "delta": 8.253808}}
{"target": 7.422946096180871, "params": {"x0": 0.9, "x1": 1.4978271335683757, "x2": 0.3155134156293134, "x3": 4.635516022044699, "x4": 0.4497982809280605, "x5": 8.633803630883685, "x6": 14.69466493656811, "x7": -2.8943718284333473, "x8": 0.7475244722805227, "x9": 1.4011380952604355}, "datetime": {"datetime": "2025-05-16 06:47:21", "elapsed": 8682.531798, "delta": 6.433565}}
{"target": 7.422946096180871, "params": {"x0": 0.9, "x1": 1.4978271335683757, "x2": 0.3155134156293134, "x3": 4.635516022044699, "x4": 0.4497982809280605, "x5": 8.633803630883685, "x6": 14.69466493656811, "x7": -2.8943718284333473, "x8": 0.7475244722805227, "x9": 1.4011380952604355}, "datetime": {"datetime": "2025-05-16 06:47:27", "elapsed": 8689.231948, "delta": 6.70015}}
{"target": 7.422946096180871, "params": {"x0": 0.9, "x1": 1.4978271335683757, "x2": 0.3155134156293134, "x3": 4.635516022044699, "x4": 0.4497982809280605, "x5": 8.633803630883685, "x6": 14.69466493656811, "x7": -2.8943718284333473, "x8": 0.7475244722805227, "x9": 1.4011380952604355}, "datetime": {"datetime": "2025-05-16 06:47:35", "elapsed": 8696.856289, "delta": 7.624341}}
{"target": 7.422946096180871, "params": {"x0": 0.9, "x1": 1.4978271335683757, "x2": 0.3155134156293134, "x3": 4.635516022044699, "x4": 0.4497982809280605, "x5": 8.633803630883685, "x6": 14.69466493656811, "x7": -2.8943718284333473, "x8": 0.7475244722805227, "x9": 1.4011380952604355}, "datetime": {"datetime": "2025-05-16 06:47:43", "elapsed": 8704.961181, "delta": 8.104892}}
{"target": 7.422946096180871, "params": {"x0": 0.9, "x1": 1.4978271335683757, "x2": 0.3155134156293134, "x3": 4.635516022044699, "x4": 0.4497982809280605, "x5": 8.633803630883685, "x6": 14.69466493656811, "x7": -2.8943718284333473, "x8": 0.7475244722805227, "x9": 1.4011380952604355}, "datetime": {"datetime": "2025-05-16 06:47:52", "elapsed": 8714.207199, "delta": 9.246018}}
{"target": 7.422946096180871, "params": {"x0": 0.9, "x1": 1.4978271335683757, "x2": 0.3155134156293134, "x3": 4.635516022044699, "x4": 0.4497982809280605, "x5": 8.633803630883685, "x6": 14.69466493656811, "x7": -2.8943718284333473, "x8": 0.7475244722805227, "x9": 1.4011380952604355}, "datetime": {"datetime": "2025-05-16 06:48:00", "elapsed": 8721.789187, "delta": 7.581988}}
{"target": 7.422946096180871, "params": {"x0": 0.9, "x1": 1.4978271335683757, "x2": 0.3155134156293134, "x3": 4.635516022044699, "x4": 0.4497982809280605, "x5": 8.633803630883685, "x6": 14.69466493656811, "x7": -2.8943718284333473, "x8": 0.7475244722805227, "x9": 1.4011380952604355}, "datetime": {"datetime": "2025-05-16 06:48:10", "elapsed": 8731.900929, "delta": 10.111742}}
{"target": 7.422946096180871, "params": {"x0": 0.9, "x1": 1.4978271335683757, "x2": 0.3155134156293134, "x3": 4.635516022044699, "x4": 0.4497982809280605, "x5": 8.633803630883685, "x6": 14.69466493656811, "x7": -2.8943718284333473, "x8": 0.7475244722805227, "x9": 1.4011380952604355}, "datetime": {"datetime": "2025-05-16 06:48:18", "elapsed": 8739.842771, "delta": 7.941842}}
{"target": 7.422946096180871, "params": {"x0": 0.9, "x1": 1.4978271335683757, "x2": 0.3155134156293134, "x3": 4.635516022044699, "x4": 0.4497982809280605, "x5": 8.633803630883685, "x6": 14.69466493656811, "x7": -2.8943718284333473, "x8": 0.7475244722805227, "x9": 1.4011380952604355}, "datetime": {"datetime": "2025-05-16 06:48:24", "elapsed": 8745.841351, "delta": 5.99858}}
{"target": 7.422946096180871, "params": {"x0": 0.9, "x1": 1.4978271335683757, "x2": 0.3155134156293134, "x3": 4.635516022044699, "x4": 0.4497982809280605, "x5": 8.633803630883685, "x6": 14.69466493656811, "x7": -2.8943718284333473, "x8": 0.7475244722805227, "x9": 1.4011380952604355}, "datetime": {"datetime": "2025-05-16 06:48:33", "elapsed": 8754.551805, "delta": 8.710454}}
{"target": 7.422946096180871, "params": {"x0": 0.9, "x1": 1.4978271335683757, "x2": 0.3155134156293134, "x3": 4.635516022044699, "x4": 0.4497982809280605, "x5": 8.633803630883685, "x6": 14.69466493656811, "x7": -2.8943718284333473, "x8": 0.7475244722805227, "x9": 1.4011380952604355}, "datetime": {"datetime": "2025-05-16 06:48:41", "elapsed": 8762.578002, "delta": 8.026197}}
{"target": 7.422946096180871, "params": {"x0": 0.9, "x1": 1.4978271335683757, "x2": 0.3155134156293134, "x3": 4.635516022044699, "x4": 0.4497982809280605, "x5": 8.633803630883685, "x6": 14.69466493656811, "x7": -2.8943718284333473, "x8": 0.7475244722805227, "x9": 1.4011380952604355}, "datetime": {"datetime": "2025-05-16 06:48:48", "elapsed": 8769.76507, "delta": 7.187068}}
{"target": 7.422946096180871, "params": {"x0": 0.9, "x1": 1.4978271335683757, "x2": 0.3155134156293134, "x3": 4.635516022044699, "x4": 0.4497982809280605, "x5": 8.633803630883685, "x6": 14.69466493656811, "x7": -2.8943718284333473, "x8": 0.7475244722805227, "x9": 1.4011380952604355}, "datetime": {"datetime": "2025-05-16 06:48:57", "elapsed": 8778.606579, "delta": 8.841509}}
{"target": 7.422946096180871, "params": {"x0": 0.9, "x1": 1.4978271335683757, "x2": 0.3155134156293134, "x3": 4.635516022044699, "x4": 0.4497982809280605, "x5": 8.633803630883685, "x6": 14.69466493656811, "x7": -2.8943718284333473, "x8": 0.7475244722805227, "x9": 1.4011380952604355}, "datetime": {"datetime": "2025-05-16 06:49:07", "elapsed": 8789.220321, "delta": 10.613742}}
{"target": 7.422946096180871, "params": {"x0": 0.9, "x1": 1.4978271335683757, "x2": 0.3155134156293134, "x3": 4.635516022044699, "x4": 0.4497982809280605, "x5": 8.633803630883685, "x6": 14.69466493656811, "x7": -2.8943718284333473, "x8": 0.7475244722805227, "x9": 1.4011380952604355}, "datetime": {"datetime": "2025-05-16 06:49:17", "elapsed": 8798.634249, "delta": 9.413928}}
{"target": 7.422946096180871, "params": {"x0": 0.9, "x1": 1.4978271335683757, "x2": 0.3155134156293134, "x3": 4.635516022044699, "x4": 0.4497982809280605, "x5": 8.633803630883685, "x6": 14.69466493656811, "x7": -2.8943718284333473, "x8": 0.7475244722805227, "x9": 1.4011380952604355}, "datetime": {"datetime": "2025-05-16 06:49:24", "elapsed": 8805.72925, "delta": 7.095001}}
{"target": 7.422946096180871, "params": {"x0": 0.9, "x1": 1.4978271335683757, "x2": 0.3155134156293134, "x3": 4.635516022044699, "x4": 0.4497982809280605, "x5": 8.633803630883685, "x6": 14.69466493656811, "x7": -2.8943718284333473, "x8": 0.7475244722805227, "x9": 1.4011380952604355}, "datetime": {"datetime": "2025-05-16 06:49:32", "elapsed": 8813.964977, "delta": 8.235727}}
{"target": 7.422946096180871, "params": {"x0": 0.9, "x1": 1.4978271335683757, "x2": 0.3155134156293134, "x3": 4.635516022044699, "x4": 0.4497982809280605, "x5": 8.633803630883685, "x6": 14.69466493656811, "x7": -2.8943718284333473, "x8": 0.7475244722805227, "x9": 1.4011380952604355}, "datetime": {"datetime": "2025-05-16 06:49:41", "elapsed": 8822.59541, "delta": 8.630433}}
{"target": 7.422946096180871, "params": {"x0": 0.9, "x1": 1.4978271335683757, "x2": 0.3155134156293134, "x3": 4.635516022044699, "x4": 0.4497982809280605, "x5": 8.633803630883685, "x6": 14.69466493656811, "x7": -2.8943718284333473, "x8": 0.7475244722805227, "x9": 1.4011380952604355}, "datetime": {"datetime": "2025-05-16 06:49:49", "elapsed": 8830.668482, "delta": 8.073072}}
{"target": 7.422946096180871, "params": {"x0": 0.9, "x1": 1.4978271335683757, "x2": 0.3155134156293134, "x3": 4.635516022044699, "x4": 0.4497982809280605, "x5": 8.633803630883685, "x6": 14.69466493656811, "x7": -2.8943718284333473, "x8": 0.7475244722805227, "x9": 1.4011380952604355}, "datetime": {"datetime": "2025-05-16 06:49:58", "elapsed": 8839.844913, "delta": 9.176431}}
{"target": 7.422946096180871, "params": {"x0": 0.9, "x1": 1.4978271335683757, "x2": 0.3155134156293134, "x3": 4.635516022044699, "x4": 0.4497982809280605, "x5": 8.633803630883685, "x6": 14.69466493656811, "x7": -2.8943718284333473, "x8": 0.7475244722805227, "x9": 1.4011380952604355}, "datetime": {"datetime": "2025-05-16 06:50:06", "elapsed": 8848.17645, "delta": 8.331537}}
{"target": 7.422946096180871, "params": {"x0": 0.9, "x1": 1.4978271335683757, "x2": 0.3155134156293134, "x3": 4.635516022044699, "x4": 0.4497982809280605, "x5": 8.633803630883685, "x6": 14.69466493656811, "x7": -2.8943718284333473, "x8": 0.7475244722805227, "x9": 1.4011380952604355}, "datetime": {"datetime": "2025-05-16 06:50:15", "elapsed": 8857.378641, "delta": 9.202191}}
{"target": 7.422946096180871, "params": {"x0": 0.9, "x1": 1.4978271335683757, "x2": 0.3155134156293134, "x3": 4.635516022044699, "x4": 0.4497982809280605, "x5": 8.633803630883685, "x6": 14.69466493656811, "x7": -2.8943718284333473, "x8": 0.7475244722805227, "x9": 1.4011380952604355}, "datetime": {"datetime": "2025-05-16 06:50:25", "elapsed": 8866.65114, "delta": 9.272499}}
{"target": 7.422946096180871, "params": {"x0": 0.9, "x1": 1.4978271335683757, "x2": 0.3155134156293134, "x3": 4.635516022044699, "x4": 0.4497982809280605, "x5": 8.633803630883685, "x6": 14.69466493656811, "x7": -2.8943718284333473, "x8": 0.7475244722805227, "x9": 1.4011380952604355}, "datetime": {"datetime": "2025-05-16 06:50:34", "elapsed": 8875.505984, "delta": 8.854844}}
{"target": 7.422946096180871, "params": {"x0": 0.9, "x1": 1.4978271335683757, "x2": 0.3155134156293134, "x3": 4.635516022044699, "x4": 0.4497982809280605, "x5": 8.633803630883685, "x6": 14.69466493656811, "x7": -2.8943718284333473, "x8": 0.7475244722805227, "x9": 1.4011380952604355}, "datetime": {"datetime": "2025-05-16 06:50:40", "elapsed": 8881.521275, "delta": 6.015291}}
{"target": 7.422946096180871, "params": {"x0": 0.9, "x1": 1.4978271335683757, "x2": 0.3155134156293134, "x3": 4.635516022044699, "x4": 0.4497982809280605, "x5": 8.633803630883685, "x6": 14.69466493656811, "x7": -2.8943718284333473, "x8": 0.7475244722805227, "x9": 1.4011380952604355}, "datetime": {"datetime": "2025-05-16 06:50:48", "elapsed": 8889.782463, "delta": 8.261188}}
{"target": 7.422946096180871, "params": {"x0": 0.9, "x1": 1.4978271335683757, "x2": 0.3155134156293134, "x3": 4.635516022044699, "x4": 0.4497982809280605, "x5": 8.633803630883685, "x6": 14.69466493656811, "x7": -2.8943718284333473, "x8": 0.7475244722805227, "x9": 1.4011380952604355}, "datetime": {"datetime": "2025-05-16 06:50:57", "elapsed": 8899.049298, "delta": 9.266835}}
{"target": 7.422946096180871, "params": {"x0": 0.9, "x1": 1.4978271335683757, "x2": 0.3155134156293134, "x3": 4.635516022044699, "x4": 0.4497982809280605, "x5": 8.633803630883685, "x6": 14.69466493656811, "x7": -2.8943718284333473, "x8": 0.7475244722805227, "x9": 1.4011380952604355}, "datetime": {"datetime": "2025-05-16 06:51:05", "elapsed": 8907.382882, "delta": 8.333584}}
