{"target": 7.422946096180871, "params": {"x0": 0.9000000000003306, "x1": 1.4978271335576934, "x2": 0.31551341563626734, "x3": 4.635516022046402, "x4": 0.44979828093863533, "x5": 8.633803627430263, "x6": 14.69466493658011, "x7": -2.894371828439634, "x8": 0.7475244722802709, "x9": 1.4011380952615209}, "datetime": {"datetime": "2025-05-16 04:55:27", "elapsed": 1968.811822, "delta": 7.460005}}
{"target": 7.422946096180871, "params": {"x0": 0.9000000000003748, "x1": 1.497827133558218, "x2": 0.3155134156292248, "x3": 4.635516022045082, "x4": 0.44979828093512014, "x5": 8.633803627679065, "x6": 14.694664936584802, "x7": -2.8943718284303444, "x8": 0.7475244722793791, "x9": 1.40113809526224}, "datetime": {"datetime": "2025-05-16 04:55:34", "elapsed": 1976.319968, "delta": 7.508146}}
{"target": 7.422946096180871, "params": {"x0": 0.9000000000003628, "x1": 1.4978271335743556, "x2": 0.3155134156295363, "x3": 4.6355160220419975, "x4": 0.4497982809271932, "x5": 8.63380362806572, "x6": 14.694664936580997, "x7": -2.894371828440613, "x8": 0.7475244722803387, "x9": 1.4011380952608359}, "datetime": {"datetime": "2025-05-16 04:55:42", "elapsed": 1983.952975, "delta": 7.633007}}
{"target": 7.422946096180871, "params": {"x0": 0.900000000000236, "x1": 1.4978271335623838, "x2": 0.3155134156234976, "x3": 4.635516022047618, "x4": 0.4497982809298568, "x5": 8.633803628655372, "x6": 14.694664936581024, "x7": -2.894371828446707, "x8": 0.7475244722805022, "x9": 1.4011380952600205}, "datetime": {"datetime": "2025-05-16 04:55:50", "elapsed": 1991.671662, "delta": 7.718687}}
{"target": 7.422946096180871, "params": {"x0": 0.9000000000000505, "x1": 1.4978271335663864, "x2": 0.31551341563174923, "x3": 4.635516022042679, "x4": 0.44979828093660273, "x5": 8.633803628549432, "x6": 14.694664936572101, "x7": -2.8943718284408515, "x8": 0.7475244722802201, "x9": 1.4011380952591368}, "datetime": {"datetime": "2025-05-16 04:55:57", "elapsed": 1999.292048, "delta": 7.620386}}
{"target": 7.422946096180871, "params": {"x0": 0.9000000000003142, "x1": 1.4978271335619442, "x2": 0.3155134156329668, "x3": 4.635516022042593, "x4": 0.4497982809298661, "x5": 8.633803628775812, "x6": 14.694664936572996, "x7": -2.8943718284414213, "x8": 0.7475244722805198, "x9": 1.4011380952588264}, "datetime": {"datetime": "2025-05-16 04:56:05", "elapsed": 2006.870734, "delta": 7.578686}}
{"target": 7.422946096180871, "params": {"x0": 0.9000000000001618, "x1": 1.497827133567567, "x2": 0.3155134156320402, "x3": 4.635516022044741, "x4": 0.4497982809294798, "x5": 8.633803629245481, "x6": 14.694664936574712, "x7": -2.8943718284255056, "x8": 0.7475244722802294, "x9": 1.4011380952606658}, "datetime": {"datetime": "2025-05-16 04:56:12", "elapsed": 2014.137717, "delta": 7.266983}}
{"target": 7.422946096180871, "params": {"x0": 0.9000000000001169, "x1": 1.497827133567101, "x2": 0.3155134156271067, "x3": 4.635516022046494, "x4": 0.4497982809235432, "x5": 8.633803629185268, "x6": 14.694664936556826, "x7": -2.894371828437078, "x8": 0.7475244722802601, "x9": 1.4011380952595232}, "datetime": {"datetime": "2025-05-16 04:56:20", "elapsed": 2021.727344, "delta": 7.589627}}
{"target": 7.422946096180871, "params": {"x0": 0.9000000000000108, "x1": 1.497827133561837, "x2": 0.3155134156332715, "x3": 4.6355160220438485, "x4": 0.44979828092595203, "x5": 8.633803629498125, "x6": 14.6946649365753, "x7": -2.8943718284340774, "x8": 0.7475244722800941, "x9": 1.4011380952604628}, "datetime": {"datetime": "2025-05-16 04:56:28", "elapsed": 2029.987435, "delta": 8.260091}}
{"target": 7.422946096180871, "params": {"x0": 0.9000000000002327, "x1": 1.4978271335688804, "x2": 0.3155134156297649, "x3": 4.635516022044799, "x4": 0.4497982809293729, "x5": 8.633803629524769, "x6": 14.694664936569016, "x7": -2.894371828441149, "x8": 0.7475244722805479, "x9": 1.4011380952596495}, "datetime": {"datetime": "2025-05-16 04:56:36", "elapsed": 2037.805178, "delta": 7.817743}}
{"target": 7.422946096180871, "params": {"x0": 0.9000000000001528, "x1": 1.4978271335636655, "x2": 0.31551341563200164, "x3": 4.6355160220446745, "x4": 0.44979828093218077, "x5": 8.633803629630636, "x6": 14.694664936569893, "x7": -2.894371828439516, "x8": 0.7475244722805816, "x9": 1.4011380952608892}, "datetime": {"datetime": "2025-05-16 04:56:44", "elapsed": 2045.619454, "delta": 7.814276}}
{"target": 7.422946096180871, "params": {"x0": 0.90000000000001, "x1": 1.4978271335643336, "x2": 0.31551341563010277, "x3": 4.63551602204452, "x4": 0.449798280931634, "x5": 8.633803629860685, "x6": 14.694664936564196, "x7": -2.894371828438264, "x8": 0.7475244722808114, "x9": 1.4011380952600665}, "datetime": {"datetime": "2025-05-16 04:56:51", "elapsed": 2053.226754, "delta": 7.6073}}
{"target": 7.422946096180871, "params": {"x0": 0.900000000000039, "x1": 1.4978271335658366, "x2": 0.31551341563038526, "x3": 4.635516022043439, "x4": 0.44979828093171753, "x5": 8.633803629942822, "x6": 14.694664936567738, "x7": -2.894371828431299, "x8": 0.7475244722807045, "x9": 1.4011380952607055}, "datetime": {"datetime": "2025-05-16 04:56:59", "elapsed": 2061.16893, "delta": 7.942176}}
{"target": 7.422946096180871, "params": {"x0": 0.9000000000000453, "x1": 1.4978271335715347, "x2": 0.31551341562710933, "x3": 4.635516022044946, "x4": 0.4497982809250302, "x5": 8.633803630096187, "x6": 14.694664936569527, "x7": -2.894371828435132, "x8": 0.7475244722804231, "x9": 1.4011380952602746}, "datetime": {"datetime": "2025-05-16 04:57:07", "elapsed": 2068.874752, "delta": 7.705822}}
{"target": 7.422946096180871, "params": {"x0": 0.9000000000000657, "x1": 1.497827133571547, "x2": 0.3155134156288513, "x3": 4.635516022044515, "x4": 0.44979828093010343, "x5": 8.63380363031245, "x6": 14.694664936571264, "x7": -2.8943718284335733, "x8": 0.7475244722802488, "x9": 1.4011380952606995}, "datetime": {"datetime": "2025-05-16 04:57:15", "elapsed": 2076.733684, "delta": 7.858932}}
{"target": 7.422946096180871, "params": {"x0": 0.9000000000000545, "x1": 1.497827133569004, "x2": 0.3155134156287995, "x3": 4.635516022045179, "x4": 0.4497982809307965, "x5": 8.633803630461511, "x6": 14.694664936565335, "x7": -2.8943718284333246, "x8": 0.74752447228053, "x9": 1.4011380952600025}, "datetime": {"datetime": "2025-05-16 04:57:22", "elapsed": 2084.310134, "delta": 7.57645}}
{"target": 7.422946096180871, "params": {"x0": 0.9000000000000282, "x1": 1.4978271335702402, "x2": 0.3155134156307604, "x3": 4.635516022045292, "x4": 0.44979828092619073, "x5": 8.633803630378699, "x6": 14.694664936567017, "x7": -2.894371828434599, "x8": 0.7475244722804666, "x9": 1.4011380952600185}, "datetime": {"datetime": "2025-05-16 04:57:30", "elapsed": 2091.609147, "delta": 7.299013}}
{"target": 7.422946096180871, "params": {"x0": 0.9000000000000284, "x1": 1.4978271335702673, "x2": 0.31551341562893515, "x3": 4.635516022044064, "x4": 0.4497982809268484, "x5": 8.63380363028939, "x6": 14.694664936569492, "x7": -2.8943718284331945, "x8": 0.7475244722805593, "x9": 1.4011380952602583}, "datetime": {"datetime": "2025-05-16 04:57:37", "elapsed": 2098.975418, "delta": 7.366271}}
{"target": 7.422946096180871, "params": {"x0": 0.9000000000000575, "x1": 1.4978271335686166, "x2": 0.3155134156281173, "x3": 4.635516022044729, "x4": 0.44979828092841456, "x5": 8.633803630357912, "x6": 14.694664936571096, "x7": -2.894371828434585, "x8": 0.7475244722805394, "x9": 1.4011380952600532}, "datetime": {"datetime": "2025-05-16 04:57:46", "elapsed": 2107.490215, "delta": 8.514797}}
{"target": 7.422946096180871, "params": {"x0": 0.9000000000000468, "x1": 1.4978271335698254, "x2": 0.31551341562939506, "x3": 4.635516022044389, "x4": 0.44979828092810004, "x5": 8.633803630487577, "x6": 14.694664936570353, "x7": -2.894371828433437, "x8": 0.7475244722805194, "x9": 1.4011380952606343}, "datetime": {"datetime": "2025-05-16 04:57:53", "elapsed": 2115.28905, "delta": 7.798835}}
{"target": 7.422946096180871, "params": {"x0": 0.9000000000000683, "x1": 1.4978271335691744, "x2": 0.3155134156299553, "x3": 4.635516022045045, "x4": 0.4497982809271355, "x5": 8.63380363081259, "x6": 14.694664936565637, "x7": -2.8943718284313777, "x8": 0.7475244722804776, "x9": 1.401138095260324}, "datetime": {"datetime": "2025-05-16 04:58:01", "elapsed": 2123.316614, "delta": 8.027564}}
{"target": 7.422946096180871, "params": {"x0": 0.9000000000000102, "x1": 1.497827133569052, "x2": 0.3155134156295622, "x3": 4.635516022044731, "x4": 0.44979828092812285, "x5": 8.633803630523044, "x6": 14.694664936569966, "x7": -2.894371828434646, "x8": 0.7475244722804361, "x9": 1.4011380952606396}, "datetime": {"datetime": "2025-05-16 04:58:09", "elapsed": 2131.304097, "delta": 7.987483}}
{"target": 7.422946096180871, "params": {"x0": 0.9000000000000651, "x1": 1.4978271335668951, "x2": 0.31551341562938684, "x3": 4.635516022044503, "x4": 0.4497982809274951, "x5": 8.633803630655564, "x6": 14.694664936568856, "x7": -2.8943718284337936, "x8": 0.7475244722804262, "x9": 1.4011380952605363}, "datetime": {"datetime": "2025-05-16 04:58:17", "elapsed": 2139.054752, "delta": 7.750655}}
{"target": 7.422946096180871, "params": {"x0": 0.9000000000000505, "x1": 1.4978271335695676, "x2": 0.31551341562911756, "x3": 4.635516022044443, "x4": 0.44979828092814284, "x5": 8.6338036305824, "x6": 14.694664936569687, "x7": -2.894371828433718, "x8": 0.7475244722805414, "x9": 1.401138095260324}, "datetime": {"datetime": "2025-05-16 04:58:25", "elapsed": 2146.812106, "delta": 7.757354}}
{"target": 7.422946096180871, "params": {"x0": 0.9000000000000429, "x1": 1.4978271335684716, "x2": 0.3155134156290064, "x3": 4.6355160220448575, "x4": 0.44979828092683305, "x5": 8.633803630615025, "x6": 14.69466493656671, "x7": -2.894371828431912, "x8": 0.7475244722805929, "x9": 1.4011380952606463}, "datetime": {"datetime": "2025-05-16 04:58:33", "elapsed": 2154.681604, "delta": 7.869498}}
{"target": 7.422946096180871, "params": {"x0": 0.9000000000000048, "x1": 1.4978271335674542, "x2": 0.3155134156295722, "x3": 4.635516022044579, "x4": 0.449798280927689, "x5": 8.633803630838186, "x6": 14.694664936569353, "x7": -2.8943718284340414, "x8": 0.7475244722804757, "x9": 1.401138095260403}, "datetime": {"datetime": "2025-05-16 04:58:41", "elapsed": 2162.697628, "delta": 8.016024}}
{"target": 7.422946096180871, "params": {"x0": 0.9000000000000331, "x1": 1.4978271335691962, "x2": 0.3155134156289476, "x3": 4.635516022044589, "x4": 0.4497982809283585, "x5": 8.633803630772082, "x6": 14.694664936567936, "x7": -2.8943718284345175, "x8": 0.7475244722804808, "x9": 1.4011380952604118}, "datetime": {"datetime": "2025-05-16 04:58:48", "elapsed": 2170.292162, "delta": 7.594534}}
{"target": 7.422946096180871, "params": {"x0": 0.9000000000000241, "x1": 1.4978271335684281, "x2": 0.31551341562959356, "x3": 4.635516022044602, "x4": 0.44979828092722474, "x5": 8.633803630743728, "x6": 14.694664936567436, "x7": -2.894371828434079, "x8": 0.747524472280541, "x9": 1.4011380952602959}, "datetime": {"datetime": "2025-05-16 04:58:56", "elapsed": 2177.699289, "delta": 7.407127}}
{"target": 7.422946096180871, "params": {"x0": 0.9000000000000322, "x1": 1.4978271335689695, "x2": 0.31551341562930674, "x3": 4.63551602204481, "x4": 0.4497982809278607, "x5": 8.633803630697034, "x6": 14.694664936568232, "x7": -2.894371828434213, "x8": 0.7475244722804717, "x9": 1.4011380952604497}, "datetime": {"datetime": "2025-05-16 04:59:04", "elapsed": 2185.588952, "delta": 7.889663}}
{"target": 7.422946096180871, "params": {"x0": 0.9000000000000019, "x1": 1.4978271335683484, "x2": 0.315513415629286, "x3": 4.635516022044799, "x4": 0.44979828092765306, "x5": 8.633803630904511, "x6": 14.69466493656732, "x7": -2.8943718284330893, "x8": 0.7475244722804629, "x9": 1.4011380952604051}, "datetime": {"datetime": "2025-05-16 04:59:11", "elapsed": 2193.180359, "delta": 7.591407}}
{"target": 7.422946096180871, "params": {"x0": 0.9000000000000209, "x1": 1.4978271335687943, "x2": 0.31551341562946117, "x3": 4.635516022044838, "x4": 0.4497982809279416, "x5": 8.633803630801623, "x6": 14.694664936567989, "x7": -2.894371828433194, "x8": 0.7475244722805073, "x9": 1.4011380952604642}, "datetime": {"datetime": "2025-05-16 04:59:19", "elapsed": 2200.534405, "delta": 7.354046}}
{"target": 7.422946096180871, "params": {"x0": 0.900000000000023, "x1": 1.4978271335683542, "x2": 0.31551341562948354, "x3": 4.635516022044766, "x4": 0.44979828092772906, "x5": 8.633803630920628, "x6": 14.694664936567973, "x7": -2.8943718284326634, "x8": 0.7475244722805047, "x9": 1.4011380952605175}, "datetime": {"datetime": "2025-05-16 04:59:27", "elapsed": 2209.069603, "delta": 8.535198}}
{"target": 7.422946096180871, "params": {"x0": 0.9000000000000102, "x1": 1.4978271335682989, "x2": 0.3155134156291151, "x3": 4.635516022044663, "x4": 0.4497982809275552, "x5": 8.633803630924458, "x6": 14.694664936567422, "x7": -2.8943718284326776, "x8": 0.7475244722805332, "x9": 1.401138095260404}, "datetime": {"datetime": "2025-05-16 04:59:35", "elapsed": 2217.182899, "delta": 8.113296}}
{"target": 7.422946096180871, "params": {"x0": 0.9000000000000177, "x1": 1.4978271335683944, "x2": 0.31551341562946145, "x3": 4.635516022044608, "x4": 0.449798280928328, "x5": 8.633803630903985, "x6": 14.694664936567705, "x7": -2.894371828433594, "x8": 0.7475244722805183, "x9": 1.4011380952603743}, "datetime": {"datetime": "2025-05-16 04:59:43", "elapsed": 2224.985443, "delta": 7.802544}}
{"target": 7.422946096180871, "params": {"x0": 0.900000000000005, "x1": 1.497827133568179, "x2": 0.3155134156291201, "x3": 4.635516022044798, "x4": 0.4497982809278768, "x5": 8.633803630860474, "x6": 14.69466493656774, "x7": -2.894371828433873, "x8": 0.7475244722805057, "x9": 1.401138095260379}, "datetime": {"datetime": "2025-05-16 04:59:51", "elapsed": 2232.7051, "delta": 7.719657}}
{"target": 7.422946096180871, "params": {"x0": 0.9000000000000073, "x1": 1.4978271335681845, "x2": 0.3155134156295339, "x3": 4.635516022044726, "x4": 0.4497982809279831, "x5": 8.633803630817837, "x6": 14.694664936568007, "x7": -2.8943718284333197, "x8": 0.7475244722805504, "x9": 1.4011380952604937}, "datetime": {"datetime": "2025-05-16 04:59:59", "elapsed": 2240.903035, "delta": 8.197935}}
{"target": 7.422946096180871, "params": {"x0": 0.9000000000000151, "x1": 1.4978271335680367, "x2": 0.3155134156292655, "x3": 4.6355160220446665, "x4": 0.4497982809277248, "x5": 8.633803630924929, "x6": 14.694664936567715, "x7": -2.894371828433298, "x8": 0.747524472280511, "x9": 1.4011380952603834}, "datetime": {"datetime": "2025-05-16 05:00:07", "elapsed": 2249.251326, "delta": 8.348291}}
{"target": 7.422946096180871, "params": {"x0": 0.9000000000000059, "x1": 1.4978271335686586, "x2": 0.31551341562947965, "x3": 4.635516022044655, "x4": 0.44979828092818347, "x5": 8.633803630826852, "x6": 14.69466493656829, "x7": -2.8943718284332953, "x8": 0.7475244722805096, "x9": 1.4011380952604437}, "datetime": {"datetime": "2025-05-16 05:00:15", "elapsed": 2257.165119, "delta": 7.913793}}
{"target": 7.422946096180871, "params": {"x0": 0.9000000000000034, "x1": 1.49782713356864, "x2": 0.3155134156293931, "x3": 4.635516022044641, "x4": 0.44979828092815427, "x5": 8.633803630845716, "x6": 14.694664936568003, "x7": -2.8943718284336977, "x8": 0.747524472280521, "x9": 1.401138095260421}, "datetime": {"datetime": "2025-05-16 05:00:23", "elapsed": 2265.165017, "delta": 7.999898}}
{"target": 7.422946096180871, "params": {"x0": 0.9000000000000028, "x1": 1.497827133568253, "x2": 0.31551341562936436, "x3": 4.635516022044732, "x4": 0.44979828092815755, "x5": 8.633803630858091, "x6": 14.694664936568145, "x7": -2.894371828433366, "x8": 0.747524472280541, "x9": 1.4011380952604138}, "datetime": {"datetime": "2025-05-16 05:00:32", "elapsed": 2273.472456, "delta": 8.307439}}
{"target": 7.422946096180871, "params": {"x0": 0.9000000000000012, "x1": 1.4978271335682376, "x2": 0.3155134156292034, "x3": 4.635516022044678, "x4": 0.44979828092804675, "x5": 8.63380363085525, "x6": 14.694664936568126, "x7": -2.8943718284333055, "x8": 0.747524472280535, "x9": 1.401138095260436}, "datetime": {"datetime": "2025-05-16 05:00:40", "elapsed": 2281.561897, "delta": 8.089441}}
{"target": 7.422946096180871, "params": {"x0": 0.9000000000000028, "x1": 1.4978271335685014, "x2": 0.31551341562934887, "x3": 4.635516022044698, "x4": 0.4497982809280442, "x5": 8.633803630913325, "x6": 14.694664936568211, "x7": -2.8943718284335325, "x8": 0.7475244722805249, "x9": 1.401138095260465}, "datetime": {"datetime": "2025-05-16 05:00:48", "elapsed": 2289.846659, "delta": 8.284762}}
{"target": 7.422946096180871, "params": {"x0": 0.9000000000000017, "x1": 1.497827133568326, "x2": 0.3155134156292994, "x3": 4.635516022044689, "x4": 0.4497982809280586, "x5": 8.633803630862928, "x6": 14.694664936568104, "x7": -2.894371828433164, "x8": 0.7475244722805274, "x9": 1.4011380952604096}, "datetime": {"datetime": "2025-05-16 05:00:57", "elapsed": 2298.593931, "delta": 8.747272}}
{"target": 7.422946096180871, "params": {"x0": 0.9000000000000024, "x1": 1.4978271335682734, "x2": 0.31551341562923474, "x3": 4.635516022044654, "x4": 0.4497982809279179, "x5": 8.633803630865147, "x6": 14.69466493656802, "x7": -2.8943718284334317, "x8": 0.7475244722805349, "x9": 1.4011380952604455}, "datetime": {"datetime": "2025-05-16 05:01:05", "elapsed": 2306.812389, "delta": 8.218458}}
{"target": 7.422946096180871, "params": {"x0": 0.9000000000000032, "x1": 1.4978271335684197, "x2": 0.3155134156293445, "x3": 4.635516022044678, "x4": 0.44979828092794305, "x5": 8.633803630900806, "x6": 14.694664936568053, "x7": -2.8943718284334605, "x8": 0.7475244722805134, "x9": 1.4011380952604084}, "datetime": {"datetime": "2025-05-16 05:01:13", "elapsed": 2315.251679, "delta": 8.43929}}
{"target": 7.422946096180871, "params": {"x0": 0.9000000000000017, "x1": 1.4978271335683415, "x2": 0.31551341562936885, "x3": 4.635516022044722, "x4": 0.44979828092797347, "x5": 8.633803630890542, "x6": 14.694664936568246, "x7": -2.894371828433421, "x8": 0.7475244722805264, "x9": 1.4011380952604284}, "datetime": {"datetime": "2025-05-16 05:01:21", "elapsed": 2322.90124, "delta": 7.649561}}
{"target": 7.422946096180871, "params": {"x0": 0.9000000000000052, "x1": 1.4978271335683968, "x2": 0.3155134156293028, "x3": 4.635516022044683, "x4": 0.4497982809281461, "x5": 8.633803630859097, "x6": 14.694664936568232, "x7": -2.8943718284332483, "x8": 0.747524472280527, "x9": 1.401138095260445}, "datetime": {"datetime": "2025-05-16 05:01:29", "elapsed": 2331.228338, "delta": 8.327098}}
{"target": 7.422946096180871, "params": {"x0": 0.9000000000000029, "x1": 1.4978271335684203, "x2": 0.31551341562934215, "x3": 4.635516022044731, "x4": 0.4497982809280631, "x5": 8.633803630876672, "x6": 14.694664936568216, "x7": -2.894371828433333, "x8": 0.7475244722805173, "x9": 1.401138095260453}, "datetime": {"datetime": "2025-05-16 05:01:37", "elapsed": 2339.389383, "delta": 8.161045}}
{"target": 7.422946096180871, "params": {"x0": 0.9000000000000036, "x1": 1.4978271335683757, "x2": 0.3155134156292993, "x3": 4.635516022044723, "x4": 0.44979828092810487, "x5": 8.633803630878777, "x6": 14.69466493656819, "x7": -2.894371828433452, "x8": 0.7475244722805257, "x9": 1.4011380952604204}, "datetime": {"datetime": "2025-05-16 05:01:46", "elapsed": 2347.476937, "delta": 8.087554}}
{"target": 7.422946096180871, "params": {"x0": 0.9000000000000019, "x1": 1.4978271335684064, "x2": 0.3155134156293517, "x3": 4.635516022044679, "x4": 0.44979828092809776, "x5": 8.63380363087393, "x6": 14.694664936568225, "x7": -2.8943718284334476, "x8": 0.7475244722805164, "x9": 1.4011380952604275}, "datetime": {"datetime": "2025-05-16 05:01:55", "elapsed": 2356.634693, "delta": 9.157756}}
{"target": 7.422946096180871, "params": {"x0": 0.9000000000000022, "x1": 1.4978271335683282, "x2": 0.31551341562928564, "x3": 4.635516022044712, "x4": 0.4497982809279838, "x5": 8.6338036308998, "x6": 14.694664936568016, "x7": -2.894371828433292, "x8": 0.747524472280525, "x9": 1.4011380952604378}, "datetime": {"datetime": "2025-05-16 05:02:03", "elapsed": 2365.194884, "delta": 8.560191}}
{"target": 7.422946096180871, "params": {"x0": 0.9000000000000024, "x1": 1.4978271335683888, "x2": 0.31551341562933266, "x3": 4.635516022044711, "x4": 0.44979828092800245, "x5": 8.633803630871723, "x6": 14.694664936568099, "x7": -2.894371828433425, "x8": 0.7475244722805245, "x9": 1.4011380952604415}, "datetime": {"datetime": "2025-05-16 05:02:11", "elapsed": 2373.234761, "delta": 8.039877}}
{"target": 7.422946096180871, "params": {"x0": 0.9000000000000016, "x1": 1.4978271335684024, "x2": 0.3155134156293083, "x3": 4.635516022044712, "x4": 0.4497982809280163, "x5": 8.633803630881806, "x6": 14.694664936568048, "x7": -2.8943718284332784, "x8": 0.7475244722805214, "x9": 1.401138095260442}, "datetime": {"datetime": "2025-05-16 05:02:20", "elapsed": 2381.969771, "delta": 8.73501}}
{"target": 7.422946096180871, "params": {"x0": 0.9000000000000014, "x1": 1.4978271335683566, "x2": 0.31551341562932683, "x3": 4.635516022044693, "x4": 0.449798280928055, "x5": 8.633803630892059, "x6": 14.694664936568056, "x7": -2.894371828433351, "x8": 0.747524472280518, "x9": 1.4011380952604449}, "datetime": {"datetime": "2025-05-16 05:02:28", "elapsed": 2389.730115, "delta": 7.760344}}
{"target": 7.422946096180871, "params": {"x0": 0.9, "x1": 1.4978271335684255, "x2": 0.3155134156293268, "x3": 4.635516022044685, "x4": 0.4497982809280418, "x5": 8.633803630886444, "x6": 14.694664936568095, "x7": -2.894371828433321, "x8": 0.7475244722805224, "x9": 1.4011380952604278}, "datetime": {"datetime": "2025-05-16 05:02:36", "elapsed": 2397.807701, "delta": 8.077586}}
{"target": 7.422946096180871, "params": {"x0": 0.9000000000000014, "x1": 1.4978271335684072, "x2": 0.3155134156293137, "x3": 4.6355160220446905, "x4": 0.44979828092803575, "x5": 8.63380363087998, "x6": 14.694664936568175, "x7": -2.894371828433393, "x8": 0.7475244722805233, "x9": 1.4011380952604384}, "datetime": {"datetime": "2025-05-16 05:02:44", "elapsed": 2406.112383, "delta": 8.304682}}
