{"target": 7.422946096180871, "params": {"x0": 0.9, "x1": 1.4978271335683757, "x2": 0.3155134156293134, "x3": 4.635516022044699, "x4": 0.4497982809280605, "x5": 8.633803630883685, "x6": 14.69466493656811, "x7": -2.8943718284333473, "x8": 0.7475244722805227, "x9": 1.4011380952604355}, "datetime": {"datetime": "2025-05-16 05:19:43", "elapsed": 3425.421206, "delta": 4.502867}}
{"target": 7.422946096180871, "params": {"x0": 0.9, "x1": 1.4978271335683757, "x2": 0.3155134156293134, "x3": 4.635516022044699, "x4": 0.4497982809280605, "x5": 8.633803630883685, "x6": 14.69466493656811, "x7": -2.8943718284333473, "x8": 0.7475244722805227, "x9": 1.4011380952604355}, "datetime": {"datetime": "2025-05-16 05:19:47", "elapsed": 3429.006337, "delta": 3.585131}}
{"target": 7.422946096180871, "params": {"x0": 0.9, "x1": 1.4978271335683757, "x2": 0.3155134156293134, "x3": 4.635516022044699, "x4": 0.4497982809280605, "x5": 8.633803630883685, "x6": 14.69466493656811, "x7": -2.8943718284333473, "x8": 0.7475244722805227, "x9": 1.4011380952604355}, "datetime": {"datetime": "2025-05-16 05:19:51", "elapsed": 3432.929007, "delta": 3.92267}}
{"target": 7.422946096180871, "params": {"x0": 0.9, "x1": 1.4978271335683757, "x2": 0.3155134156293134, "x3": 4.635516022044699, "x4": 0.4497982809280605, "x5": 8.633803630883685, "x6": 14.69466493656811, "x7": -2.8943718284333473, "x8": 0.7475244722805227, "x9": 1.4011380952604355}, "datetime": {"datetime": "2025-05-16 05:19:55", "elapsed": 3437.13637, "delta": 4.207363}}
{"target": 7.422946096180871, "params": {"x0": 0.9, "x1": 1.4978271335683757, "x2": 0.3155134156293134, "x3": 4.635516022044699, "x4": 0.4497982809280605, "x5": 8.633803630883685, "x6": 14.69466493656811, "x7": -2.8943718284333473, "x8": 0.7475244722805227, "x9": 1.4011380952604355}, "datetime": {"datetime": "2025-05-16 05:19:58", "elapsed": 3440.079579, "delta": 2.943209}}
{"target": 7.422946096180871, "params": {"x0": 0.9, "x1": 1.4978271335683757, "x2": 0.3155134156293134, "x3": 4.635516022044699, "x4": 0.4497982809280605, "x5": 8.633803630883685, "x6": 14.69466493656811, "x7": -2.8943718284333473, "x8": 0.7475244722805227, "x9": 1.4011380952604355}, "datetime": {"datetime": "2025-05-16 05:20:01", "elapsed": 3443.450043, "delta": 3.370464}}
{"target": 7.422946096180871, "params": {"x0": 0.9, "x1": 1.4978271335683757, "x2": 0.3155134156293134, "x3": 4.635516022044699, "x4": 0.4497982809280605, "x5": 8.633803630883685, "x6": 14.69466493656811, "x7": -2.8943718284333473, "x8": 0.7475244722805227, "x9": 1.4011380952604355}, "datetime": {"datetime": "2025-05-16 05:20:05", "elapsed": 3447.060366, "delta": 3.610323}}
{"target": 7.422946096180871, "params": {"x0": 0.9, "x1": 1.4978271335683757, "x2": 0.3155134156293134, "x3": 4.635516022044699, "x4": 0.4497982809280605, "x5": 8.633803630883685, "x6": 14.69466493656811, "x7": -2.8943718284333473, "x8": 0.7475244722805227, "x9": 1.4011380952604355}, "datetime": {"datetime": "2025-05-16 05:20:09", "elapsed": 3451.421115, "delta": 4.360749}}
{"target": 7.422946096180871, "params": {"x0": 0.9, "x1": 1.4978271335683757, "x2": 0.3155134156293134, "x3": 4.635516022044699, "x4": 0.4497982809280605, "x5": 8.633803630883685, "x6": 14.69466493656811, "x7": -2.8943718284333473, "x8": 0.7475244722805227, "x9": 1.4011380952604355}, "datetime": {"datetime": "2025-05-16 05:20:13", "elapsed": 3455.190434, "delta": 3.769319}}
{"target": 7.422946096180871, "params": {"x0": 0.9, "x1": 1.4978271335683757, "x2": 0.3155134156293134, "x3": 4.635516022044699, "x4": 0.4497982809280605, "x5": 8.633803630883685, "x6": 14.69466493656811, "x7": -2.8943718284333473, "x8": 0.7475244722805227, "x9": 1.4011380952604355}, "datetime": {"datetime": "2025-05-16 05:20:16", "elapsed": 3458.072109, "delta": 2.881675}}
{"target": 7.422946096180871, "params": {"x0": 0.9, "x1": 1.4978271335683757, "x2": 0.3155134156293134, "x3": 4.635516022044699, "x4": 0.4497982809280605, "x5": 8.633803630883685, "x6": 14.69466493656811, "x7": -2.8943718284333473, "x8": 0.7475244722805227, "x9": 1.4011380952604355}, "datetime": {"datetime": "2025-05-16 05:20:19", "elapsed": 3461.123792, "delta": 3.051683}}
{"target": 7.422946096180871, "params": {"x0": 0.9, "x1": 1.4978271335683757, "x2": 0.3155134156293134, "x3": 4.635516022044699, "x4": 0.4497982809280605, "x5": 8.633803630883685, "x6": 14.69466493656811, "x7": -2.8943718284333473, "x8": 0.7475244722805227, "x9": 1.4011380952604355}, "datetime": {"datetime": "2025-05-16 05:20:23", "elapsed": 3464.795624, "delta": 3.671832}}
{"target": 7.422946096180871, "params": {"x0": 0.9, "x1": 1.4978271335683757, "x2": 0.3155134156293134, "x3": 4.635516022044699, "x4": 0.4497982809280605, "x5": 8.633803630883685, "x6": 14.69466493656811, "x7": -2.8943718284333473, "x8": 0.7475244722805227, "x9": 1.4011380952604355}, "datetime": {"datetime": "2025-05-16 05:20:26", "elapsed": 3468.297505, "delta": 3.501881}}
{"target": 7.422946096180871, "params": {"x0": 0.9, "x1": 1.4978271335683757, "x2": 0.3155134156293134, "x3": 4.635516022044699, "x4": 0.4497982809280605, "x5": 8.633803630883685, "x6": 14.69466493656811, "x7": -2.8943718284333473, "x8": 0.7475244722805227, "x9": 1.4011380952604355}, "datetime": {"datetime": "2025-05-16 05:20:30", "elapsed": 3471.952931, "delta": 3.655426}}
{"target": 7.422946096180871, "params": {"x0": 0.9, "x1": 1.4978271335683757, "x2": 0.3155134156293134, "x3": 4.635516022044699, "x4": 0.4497982809280605, "x5": 8.633803630883685, "x6": 14.69466493656811, "x7": -2.8943718284333473, "x8": 0.7475244722805227, "x9": 1.4011380952604355}, "datetime": {"datetime": "2025-05-16 05:20:34", "elapsed": 3475.51702, "delta": 3.564089}}
{"target": 7.422946096180871, "params": {"x0": 0.9, "x1": 1.4978271335683757, "x2": 0.3155134156293134, "x3": 4.635516022044699, "x4": 0.4497982809280605, "x5": 8.633803630883685, "x6": 14.69466493656811, "x7": -2.8943718284333473, "x8": 0.7475244722805227, "x9": 1.4011380952604355}, "datetime": {"datetime": "2025-05-16 05:20:37", "elapsed": 3479.076823, "delta": 3.559803}}
{"target": 7.422946096180871, "params": {"x0": 0.9, "x1": 1.4978271335683757, "x2": 0.3155134156293134, "x3": 4.635516022044699, "x4": 0.4497982809280605, "x5": 8.633803630883685, "x6": 14.69466493656811, "x7": -2.8943718284333473, "x8": 0.7475244722805227, "x9": 1.4011380952604355}, "datetime": {"datetime": "2025-05-16 05:20:40", "elapsed": 3481.866737, "delta": 2.789914}}
{"target": 7.422946096180871, "params": {"x0": 0.9, "x1": 1.4978271335683757, "x2": 0.3155134156293134, "x3": 4.635516022044699, "x4": 0.4497982809280605, "x5": 8.633803630883685, "x6": 14.69466493656811, "x7": -2.8943718284333473, "x8": 0.7475244722805227, "x9": 1.4011380952604355}, "datetime": {"datetime": "2025-05-16 05:20:44", "elapsed": 3485.921932, "delta": 4.055195}}
{"target": 7.422946096180871, "params": {"x0": 0.9, "x1": 1.4978271335683757, "x2": 0.3155134156293134, "x3": 4.635516022044699, "x4": 0.4497982809280605, "x5": 8.633803630883685, "x6": 14.69466493656811, "x7": -2.8943718284333473, "x8": 0.7475244722805227, "x9": 1.4011380952604355}, "datetime": {"datetime": "2025-05-16 05:20:47", "elapsed": 3488.469358, "delta": 2.547426}}
{"target": 7.422946096180871, "params": {"x0": 0.9, "x1": 1.4978271335683757, "x2": 0.3155134156293134, "x3": 4.635516022044699, "x4": 0.4497982809280605, "x5": 8.633803630883685, "x6": 14.69466493656811, "x7": -2.8943718284333473, "x8": 0.7475244722805227, "x9": 1.4011380952604355}, "datetime": {"datetime": "2025-05-16 05:20:51", "elapsed": 3492.616192, "delta": 4.146834}}
{"target": 7.422946096180871, "params": {"x0": 0.9, "x1": 1.4978271335683757, "x2": 0.3155134156293134, "x3": 4.635516022044699, "x4": 0.4497982809280605, "x5": 8.633803630883685, "x6": 14.69466493656811, "x7": -2.8943718284333473, "x8": 0.7475244722805227, "x9": 1.4011380952604355}, "datetime": {"datetime": "2025-05-16 05:20:55", "elapsed": 3497.104868, "delta": 4.488676}}
{"target": 7.422946096180871, "params": {"x0": 0.9, "x1": 1.4978271335683757, "x2": 0.3155134156293134, "x3": 4.635516022044699, "x4": 0.4497982809280605, "x5": 8.633803630883685, "x6": 14.69466493656811, "x7": -2.8943718284333473, "x8": 0.7475244722805227, "x9": 1.4011380952604355}, "datetime": {"datetime": "2025-05-16 05:20:59", "elapsed": 3501.165345, "delta": 4.060477}}
{"target": 7.422946096180871, "params": {"x0": 0.9, "x1": 1.4978271335683757, "x2": 0.3155134156293134, "x3": 4.635516022044699, "x4": 0.4497982809280605, "x5": 8.633803630883685, "x6": 14.69466493656811, "x7": -2.8943718284333473, "x8": 0.7475244722805227, "x9": 1.4011380952604355}, "datetime": {"datetime": "2025-05-16 05:21:03", "elapsed": 3505.057841, "delta": 3.892496}}
{"target": 7.422946096180871, "params": {"x0": 0.9, "x1": 1.4978271335683757, "x2": 0.3155134156293134, "x3": 4.635516022044699, "x4": 0.4497982809280605, "x5": 8.633803630883685, "x6": 14.69466493656811, "x7": -2.8943718284333473, "x8": 0.7475244722805227, "x9": 1.4011380952604355}, "datetime": {"datetime": "2025-05-16 05:21:07", "elapsed": 3508.643689, "delta": 3.585848}}
{"target": 7.422946096180871, "params": {"x0": 0.9, "x1": 1.4978271335683757, "x2": 0.3155134156293134, "x3": 4.635516022044699, "x4": 0.4497982809280605, "x5": 8.633803630883685, "x6": 14.69466493656811, "x7": -2.8943718284333473, "x8": 0.7475244722805227, "x9": 1.4011380952604355}, "datetime": {"datetime": "2025-05-16 05:21:10", "elapsed": 3512.285835, "delta": 3.642146}}
{"target": 7.422946096180871, "params": {"x0": 0.9, "x1": 1.4978271335683757, "x2": 0.3155134156293134, "x3": 4.635516022044699, "x4": 0.4497982809280605, "x5": 8.633803630883685, "x6": 14.69466493656811, "x7": -2.8943718284333473, "x8": 0.7475244722805227, "x9": 1.4011380952604355}, "datetime": {"datetime": "2025-05-16 05:21:14", "elapsed": 3515.865615, "delta": 3.57978}}
{"target": 7.422946096180871, "params": {"x0": 0.9, "x1": 1.4978271335683757, "x2": 0.3155134156293134, "x3": 4.635516022044699, "x4": 0.4497982809280605, "x5": 8.633803630883685, "x6": 14.69466493656811, "x7": -2.8943718284333473, "x8": 0.7475244722805227, "x9": 1.4011380952604355}, "datetime": {"datetime": "2025-05-16 05:21:19", "elapsed": 3520.71975, "delta": 4.854135}}
{"target": 7.422946096180871, "params": {"x0": 0.9, "x1": 1.4978271335683757, "x2": 0.3155134156293134, "x3": 4.635516022044699, "x4": 0.4497982809280605, "x5": 8.633803630883685, "x6": 14.69466493656811, "x7": -2.8943718284333473, "x8": 0.7475244722805227, "x9": 1.4011380952604355}, "datetime": {"datetime": "2025-05-16 05:21:24", "elapsed": 3525.588157, "delta": 4.868407}}
{"target": 7.422946096180871, "params": {"x0": 0.9, "x1": 1.4978271335683757, "x2": 0.3155134156293134, "x3": 4.635516022044699, "x4": 0.4497982809280605, "x5": 8.633803630883685, "x6": 14.69466493656811, "x7": -2.8943718284333473, "x8": 0.7475244722805227, "x9": 1.4011380952604355}, "datetime": {"datetime": "2025-05-16 05:21:27", "elapsed": 3529.267416, "delta": 3.679259}}
{"target": 7.422946096180871, "params": {"x0": 0.9, "x1": 1.4978271335683757, "x2": 0.3155134156293134, "x3": 4.635516022044699, "x4": 0.4497982809280605, "x5": 8.633803630883685, "x6": 14.69466493656811, "x7": -2.8943718284333473, "x8": 0.7475244722805227, "x9": 1.4011380952604355}, "datetime": {"datetime": "2025-05-16 05:21:32", "elapsed": 3534.165422, "delta": 4.898006}}
{"target": 7.422946096180871, "params": {"x0": 0.9, "x1": 1.4978271335683757, "x2": 0.3155134156293134, "x3": 4.635516022044699, "x4": 0.4497982809280605, "x5": 8.633803630883685, "x6": 14.69466493656811, "x7": -2.8943718284333473, "x8": 0.7475244722805227, "x9": 1.4011380952604355}, "datetime": {"datetime": "2025-05-16 05:21:37", "elapsed": 3539.399735, "delta": 5.234313}}
{"target": 7.422946096180871, "params": {"x0": 0.9, "x1": 1.4978271335683757, "x2": 0.3155134156293134, "x3": 4.635516022044699, "x4": 0.4497982809280605, "x5": 8.633803630883685, "x6": 14.69466493656811, "x7": -2.8943718284333473, "x8": 0.7475244722805227, "x9": 1.4011380952604355}, "datetime": {"datetime": "2025-05-16 05:21:41", "elapsed": 3542.521294, "delta": 3.121559}}
{"target": 7.422946096180871, "params": {"x0": 0.9, "x1": 1.4978271335683757, "x2": 0.3155134156293134, "x3": 4.635516022044699, "x4": 0.4497982809280605, "x5": 8.633803630883685, "x6": 14.69466493656811, "x7": -2.8943718284333473, "x8": 0.7475244722805227, "x9": 1.4011380952604355}, "datetime": {"datetime": "2025-05-16 05:21:45", "elapsed": 3546.821985, "delta": 4.300691}}
{"target": 7.422946096180871, "params": {"x0": 0.9, "x1": 1.4978271335683757, "x2": 0.3155134156293134, "x3": 4.635516022044699, "x4": 0.4497982809280605, "x5": 8.633803630883685, "x6": 14.69466493656811, "x7": -2.8943718284333473, "x8": 0.7475244722805227, "x9": 1.4011380952604355}, "datetime": {"datetime": "2025-05-16 05:21:49", "elapsed": 3550.825334, "delta": 4.003349}}
{"target": 7.422946096180871, "params": {"x0": 0.9, "x1": 1.4978271335683757, "x2": 0.3155134156293134, "x3": 4.635516022044699, "x4": 0.4497982809280605, "x5": 8.633803630883685, "x6": 14.69466493656811, "x7": -2.8943718284333473, "x8": 0.7475244722805227, "x9": 1.4011380952604355}, "datetime": {"datetime": "2025-05-16 05:21:52", "elapsed": 3554.292935, "delta": 3.467601}}
{"target": 7.422946096180871, "params": {"x0": 0.9, "x1": 1.4978271335683757, "x2": 0.3155134156293134, "x3": 4.635516022044699, "x4": 0.4497982809280605, "x5": 8.633803630883685, "x6": 14.69466493656811, "x7": -2.8943718284333473, "x8": 0.7475244722805227, "x9": 1.4011380952604355}, "datetime": {"datetime": "2025-05-16 05:21:56", "elapsed": 3557.55846, "delta": 3.265525}}
{"target": 7.422946096180871, "params": {"x0": 0.9, "x1": 1.4978271335683757, "x2": 0.3155134156293134, "x3": 4.635516022044699, "x4": 0.4497982809280605, "x5": 8.633803630883685, "x6": 14.69466493656811, "x7": -2.8943718284333473, "x8": 0.7475244722805227, "x9": 1.4011380952604355}, "datetime": {"datetime": "2025-05-16 05:22:00", "elapsed": 3561.656544, "delta": 4.098084}}
{"target": 7.422946096180871, "params": {"x0": 0.9, "x1": 1.4978271335683757, "x2": 0.3155134156293134, "x3": 4.635516022044699, "x4": 0.4497982809280605, "x5": 8.633803630883685, "x6": 14.69466493656811, "x7": -2.8943718284333473, "x8": 0.7475244722805227, "x9": 1.4011380952604355}, "datetime": {"datetime": "2025-05-16 05:22:03", "elapsed": 3564.819801, "delta": 3.163257}}
{"target": 7.422946096180871, "params": {"x0": 0.9, "x1": 1.4978271335683757, "x2": 0.3155134156293134, "x3": 4.635516022044699, "x4": 0.4497982809280605, "x5": 8.633803630883685, "x6": 14.69466493656811, "x7": -2.8943718284333473, "x8": 0.7475244722805227, "x9": 1.4011380952604355}, "datetime": {"datetime": "2025-05-16 05:22:06", "elapsed": 3568.266909, "delta": 3.447108}}
{"target": 7.422946096180871, "params": {"x0": 0.9, "x1": 1.4978271335683757, "x2": 0.3155134156293134, "x3": 4.635516022044699, "x4": 0.4497982809280605, "x5": 8.633803630883685, "x6": 14.69466493656811, "x7": -2.8943718284333473, "x8": 0.7475244722805227, "x9": 1.4011380952604355}, "datetime": {"datetime": "2025-05-16 05:22:11", "elapsed": 3572.77932, "delta": 4.512411}}
{"target": 7.422946096180871, "params": {"x0": 0.9, "x1": 1.4978271335683757, "x2": 0.3155134156293134, "x3": 4.635516022044699, "x4": 0.4497982809280605, "x5": 8.633803630883685, "x6": 14.69466493656811, "x7": -2.8943718284333473, "x8": 0.7475244722805227, "x9": 1.4011380952604355}, "datetime": {"datetime": "2025-05-16 05:22:15", "elapsed": 3576.675924, "delta": 3.896604}}
{"target": 7.422946096180871, "params": {"x0": 0.9, "x1": 1.4978271335683757, "x2": 0.3155134156293134, "x3": 4.635516022044699, "x4": 0.4497982809280605, "x5": 8.633803630883685, "x6": 14.69466493656811, "x7": -2.8943718284333473, "x8": 0.7475244722805227, "x9": 1.4011380952604355}, "datetime": {"datetime": "2025-05-16 05:22:18", "elapsed": 3579.921861, "delta": 3.245937}}
{"target": 7.422946096180871, "params": {"x0": 0.9, "x1": 1.4978271335683757, "x2": 0.3155134156293134, "x3": 4.635516022044699, "x4": 0.4497982809280605, "x5": 8.633803630883685, "x6": 14.69466493656811, "x7": -2.8943718284333473, "x8": 0.7475244722805227, "x9": 1.4011380952604355}, "datetime": {"datetime": "2025-05-16 05:22:22", "elapsed": 3583.477432, "delta": 3.555571}}
{"target": 7.422946096180871, "params": {"x0": 0.9, "x1": 1.4978271335683757, "x2": 0.3155134156293134, "x3": 4.635516022044699, "x4": 0.4497982809280605, "x5": 8.633803630883685, "x6": 14.69466493656811, "x7": -2.8943718284333473, "x8": 0.7475244722805227, "x9": 1.4011380952604355}, "datetime": {"datetime": "2025-05-16 05:22:26", "elapsed": 3587.509917, "delta": 4.032485}}
{"target": 7.422946096180871, "params": {"x0": 0.9, "x1": 1.4978271335683757, "x2": 0.3155134156293134, "x3": 4.635516022044699, "x4": 0.4497982809280605, "x5": 8.633803630883685, "x6": 14.69466493656811, "x7": -2.8943718284333473, "x8": 0.7475244722805227, "x9": 1.4011380952604355}, "datetime": {"datetime": "2025-05-16 05:22:30", "elapsed": 3591.479562, "delta": 3.969645}}
{"target": 7.422946096180871, "params": {"x0": 0.9, "x1": 1.4978271335683757, "x2": 0.3155134156293134, "x3": 4.635516022044699, "x4": 0.4497982809280605, "x5": 8.633803630883685, "x6": 14.69466493656811, "x7": -2.8943718284333473, "x8": 0.7475244722805227, "x9": 1.4011380952604355}, "datetime": {"datetime": "2025-05-16 05:22:33", "elapsed": 3594.965325, "delta": 3.485763}}
{"target": 7.422946096180871, "params": {"x0": 0.9, "x1": 1.4978271335683757, "x2": 0.3155134156293134, "x3": 4.635516022044699, "x4": 0.4497982809280605, "x5": 8.633803630883685, "x6": 14.69466493656811, "x7": -2.8943718284333473, "x8": 0.7475244722805227, "x9": 1.4011380952604355}, "datetime": {"datetime": "2025-05-16 05:22:37", "elapsed": 3598.52383, "delta": 3.558505}}
{"target": 7.422946096180871, "params": {"x0": 0.9, "x1": 1.4978271335683757, "x2": 0.3155134156293134, "x3": 4.635516022044699, "x4": 0.4497982809280605, "x5": 8.633803630883685, "x6": 14.69466493656811, "x7": -2.8943718284333473, "x8": 0.7475244722805227, "x9": 1.4011380952604355}, "datetime": {"datetime": "2025-05-16 05:22:41", "elapsed": 3602.635655, "delta": 4.111825}}
{"target": 7.422946096180871, "params": {"x0": 0.9, "x1": 1.4978271335683757, "x2": 0.3155134156293134, "x3": 4.635516022044699, "x4": 0.4497982809280605, "x5": 8.633803630883685, "x6": 14.69466493656811, "x7": -2.8943718284333473, "x8": 0.7475244722805227, "x9": 1.4011380952604355}, "datetime": {"datetime": "2025-05-16 05:22:45", "elapsed": 3606.899333, "delta": 4.263678}}
{"target": 7.422946096180871, "params": {"x0": 0.9, "x1": 1.4978271335683757, "x2": 0.3155134156293134, "x3": 4.635516022044699, "x4": 0.4497982809280605, "x5": 8.633803630883685, "x6": 14.69466493656811, "x7": -2.8943718284333473, "x8": 0.7475244722805227, "x9": 1.4011380952604355}, "datetime": {"datetime": "2025-05-16 05:22:49", "elapsed": 3610.730187, "delta": 3.830854}}
{"target": 7.422946096180871, "params": {"x0": 0.9, "x1": 1.4978271335683757, "x2": 0.3155134156293134, "x3": 4.635516022044699, "x4": 0.4497982809280605, "x5": 8.633803630883685, "x6": 14.69466493656811, "x7": -2.8943718284333473, "x8": 0.7475244722805227, "x9": 1.4011380952604355}, "datetime": {"datetime": "2025-05-16 05:22:52", "elapsed": 3614.433622, "delta": 3.703435}}
{"target": 7.422946096180871, "params": {"x0": 0.9, "x1": 1.4978271335683757, "x2": 0.3155134156293134, "x3": 4.635516022044699, "x4": 0.4497982809280605, "x5": 8.633803630883685, "x6": 14.69466493656811, "x7": -2.8943718284333473, "x8": 0.7475244722805227, "x9": 1.4011380952604355}, "datetime": {"datetime": "2025-05-16 05:22:56", "elapsed": 3617.983109, "delta": 3.549487}}
{"target": 7.422946096180871, "params": {"x0": 0.9, "x1": 1.4978271335683757, "x2": 0.3155134156293134, "x3": 4.635516022044699, "x4": 0.4497982809280605, "x5": 8.633803630883685, "x6": 14.69466493656811, "x7": -2.8943718284333473, "x8": 0.7475244722805227, "x9": 1.4011380952604355}, "datetime": {"datetime": "2025-05-16 05:23:00", "elapsed": 3622.295001, "delta": 4.311892}}
{"target": 7.422946096180871, "params": {"x0": 0.9, "x1": 1.4978271335683757, "x2": 0.3155134156293134, "x3": 4.635516022044699, "x4": 0.4497982809280605, "x5": 8.633803630883685, "x6": 14.69466493656811, "x7": -2.8943718284333473, "x8": 0.7475244722805227, "x9": 1.4011380952604355}, "datetime": {"datetime": "2025-05-16 05:23:04", "elapsed": 3625.770756, "delta": 3.475755}}
{"target": 7.422946096180871, "params": {"x0": 0.9, "x1": 1.4978271335683757, "x2": 0.3155134156293134, "x3": 4.635516022044699, "x4": 0.4497982809280605, "x5": 8.633803630883685, "x6": 14.69466493656811, "x7": -2.8943718284333473, "x8": 0.7475244722805227, "x9": 1.4011380952604355}, "datetime": {"datetime": "2025-05-16 05:23:07", "elapsed": 3629.002772, "delta": 3.232016}}
{"target": 7.422946096180871, "params": {"x0": 0.9, "x1": 1.4978271335683757, "x2": 0.3155134156293134, "x3": 4.635516022044699, "x4": 0.4497982809280605, "x5": 8.633803630883685, "x6": 14.69466493656811, "x7": -2.8943718284333473, "x8": 0.7475244722805227, "x9": 1.4011380952604355}, "datetime": {"datetime": "2025-05-16 05:23:10", "elapsed": 3632.003559, "delta": 3.000787}}
{"target": 7.422946096180871, "params": {"x0": 0.9, "x1": 1.4978271335683757, "x2": 0.3155134156293134, "x3": 4.635516022044699, "x4": 0.4497982809280605, "x5": 8.633803630883685, "x6": 14.69466493656811, "x7": -2.8943718284333473, "x8": 0.7475244722805227, "x9": 1.4011380952604355}, "datetime": {"datetime": "2025-05-16 05:23:14", "elapsed": 3635.657556, "delta": 3.653997}}
{"target": 7.422946096180871, "params": {"x0": 0.9, "x1": 1.4978271335683757, "x2": 0.3155134156293134, "x3": 4.635516022044699, "x4": 0.4497982809280605, "x5": 8.633803630883685, "x6": 14.69466493656811, "x7": -2.8943718284333473, "x8": 0.7475244722805227, "x9": 1.4011380952604355}, "datetime": {"datetime": "2025-05-16 05:23:17", "elapsed": 3638.959354, "delta": 3.301798}}
