{"target": 5.10167104767561e-09, "params": {"x0": 1.0251066014107721, "x1": 4.5736549165550064, "x2": 0.0006862489040693198, "x3": 1.8139954357910386, "x4": 2.935117816342261, "x5": 1.385078921531967, "x6": 2.7939031706650637, "x7": -11.77990691322514, "x8": 0.8538582010382728, "x9": 1.9698701212060423}, "datetime": {"datetime": "2025-05-16 04:22:38", "elapsed": 0.0, "delta": 0.0}}
{"target": 8.911039727448895e-07, "params": {"x0": 1.0257583543209885, "x1": 4.394619452023473, "x2": 1.2267134983891046, "x3": 5.268704618345673, "x4": 0.5477518639585233, "x5": 10.057012652676033, "x6": 6.259572035506904, "x7": -7.943583087976471, "x8": 0.3667351833309441, "x9": 1.3565826803527818}, "datetime": {"datetime": "2025-05-16 04:22:46", "elapsed": 8.051225, "delta": 8.051225}}
{"target": 2.2136094859933672e-09, "params": {"x0": 1.140223370602661, "x1": 5.838134036168928, "x2": 1.880545068955457, "x3": 4.1539356940158845, "x4": 17.527783045920767, "x5": 13.41909995255771, "x6": 1.2756631705466686, "x7": -17.297013901808118, "x8": 0.42267779717268095, "x9": 2.5806565061729434}, "datetime": {"datetime": "2025-05-16 04:22:54", "elapsed": 16.408133, "delta": 8.356908}}
{"target": 1.952354652689058e-08, "params": {"x0": 0.929504050149915, "x1": 3.047648887525766, "x2": 5.747337180903012, "x3": 3.1989917098381024, "x4": 13.837542279009467, "x5": 4.732734465090944, "x6": 10.297513915223755, "x7": -2.976737905847287, "x8": 0.13474772695396442, "x9": 2.3502597669009413}, "datetime": {"datetime": "2025-05-16 04:23:02", "elapsed": 24.240491, "delta": 7.832358}}
{"target": 5.2379716430412234e-08, "params": {"x0": 1.1966583266719484, "x1": 4.715644837337181, "x2": 1.682663952386431, "x3": 4.735675970708931, "x4": 2.0645201315528405, "x5": 6.7184028926385775, "x6": 13.628932546396433, "x7": -12.71494532927377, "x8": 0.6467731433140625, "x9": 1.2340514298128997}, "datetime": {"datetime": "2025-05-16 04:23:10", "elapsed": 32.254583, "delta": 8.014092}}
{"target": 1.577199829270758e-08, "params": {"x0": 0.9058100873610891, "x1": 4.3620612179934435, "x2": 1.2697686960003542, "x3": 1.5932799562333573, "x4": 9.831463185606765, "x5": 0.8004381767562058, "x6": 8.611764082380196, "x7": -15.358885651695417, "x8": 1.2196805201162402, "x9": 2.259565048037676}, "datetime": {"datetime": "2025-05-16 04:23:18", "elapsed": 40.051362, "delta": 7.796779}}
{"target": 0.02788581328209687, "params": {"x0": 0.9307003286483477, "x1": 3.011685537879798, "x2": 4.166400946366471, "x3": 2.485075617161416, "x4": 0.9990691789217432, "x5": 8.038446088732673, "x6": 9.956919678296833, "x7": -8.731995982950446, "x8": 1.8947300363825452, "x9": 2.055799072903587}, "datetime": {"datetime": "2025-05-16 04:23:23", "elapsed": 45.258161, "delta": 5.206799}}
{"target": 9.407110415277497e-06, "params": {"x0": 1.171020574586365, "x1": 1.6011209911458113, "x2": 0.8356580835045513, "x3": 4.844347732257143, "x4": 7.953536739710671, "x5": 2.4803129567539917, "x6": 13.91262870594051, "x7": -11.740214524580882, "x8": 1.5265429959586956, "x9": 2.306796373630813}, "datetime": {"datetime": "2025-05-16 04:23:31", "elapsed": 52.844348, "delta": 7.586187}}
{"target": 6.389319284980449e-08, "params": {"x0": 1.1649918273617428, "x1": 4.080728255983606, "x2": 4.5056546041640235, "x3": 2.093390051867055, "x4": 5.3985578353005215, "x5": 13.438293272941003, "x6": 6.421367848069424, "x7": -0.6328791513290604, "x8": 1.3605388458550514, "x9": 2.1190522963764193}, "datetime": {"datetime": "2025-05-16 04:23:41", "elapsed": 62.995327, "delta": 10.150979}}
{"target": 1.389111932442746e-08, "params": {"x0": 0.9344237918860125, "x1": 5.742395219406063, "x2": 2.699472800879643, "x3": 3.4703376863227904, "x4": 8.162736055225624, "x5": 3.5554047036454155, "x6": 13.550692808433807, "x7": -7.673769239898855, "x8": 0.10545362135920205, "x9": 2.110860844517303}, "datetime": {"datetime": "2025-05-16 04:23:49", "elapsed": 71.084223, "delta": 8.088896}}
{"target": 6.704266159062271e-10, "params": {"x0": 0.9979934705316289, "x1": 3.587996321513807, "x2": 5.315652595864647, "x3": 2.143618560014999, "x4": 18.170703018395983, "x5": 9.350401736877041, "x6": 0.23731864269834424, "x7": -1.2701297926122948, "x8": 1.4127041432821554, "x9": 2.795181130812665}, "datetime": {"datetime": "2025-05-16 04:23:57", "elapsed": 79.388159, "delta": 8.303936}}
{"target": 0.10632226920772177, "params": {"x0": 0.9517021525035986, "x1": 1.5993923231072764, "x2": 5.595572778222982, "x3": 4.180908968939401, "x4": 1.3200034544412498, "x5": 11.331945789036995, "x6": 11.308142826918695, "x7": -1.3855583601633015, "x8": 1.4518970413940964, "x9": 1.2236877315498964}, "datetime": {"datetime": "2025-05-16 04:24:06", "elapsed": 88.127833, "delta": 8.739674}}
{"target": 2.2248550050576655e-05, "params": {"x0": 0.9059640401519387, "x1": 1.0336760330763684, "x2": 0.16983892812476764, "x3": 1.4772664056182754, "x4": 17.20055897365776, "x5": 8.082465965124793, "x6": 8.292329680286489, "x7": -2.8434439375270966, "x8": 0.33592929872783117, "x9": 1.5025306222200512}, "datetime": {"datetime": "2025-05-16 04:24:12", "elapsed": 93.530822, "delta": 5.402989}}
{"target": 2.3963005337038246e-09, "params": {"x0": 1.0757277814374864, "x1": 5.844938316430341, "x2": 3.3661813155342597, "x3": 0.11188373623765813, "x4": 16.012653453612327, "x5": 3.4946141076153063, "x6": 12.106577934281686, "x7": -11.018508406844909, "x8": 1.7407295236629146, "x9": 2.3448189569269324}, "datetime": {"datetime": "2025-05-16 04:24:19", "elapsed": 101.216062, "delta": 7.68524}}
{"target": 2.143668002433496e-07, "params": {"x0": 1.0668720701971257, "x1": 1.5959216508694936, "x2": 0.35950613707326995, "x3": 0.7280607344444241, "x4": 0.8910375708952345, "x5": 1.6124119365913936, "x6": 3.3856400791178203, "x7": -5.16619835311182, "x8": 1.1634622659028706, "x9": 1.0226007642864086}, "datetime": {"datetime": "2025-05-16 04:24:24", "elapsed": 106.194651, "delta": 4.978589}}
{"target": 2.8423253879275608e-08, "params": {"x0": 0.921592283906846, "x1": 5.833109283001387, "x2": 3.4086027715196527, "x3": 1.2197594079659428, "x4": 5.046514891406469, "x5": 11.157387811126394, "x6": 2.9314422166397818, "x7": -7.53553930908136, "x8": 1.9430379792677934, "x9": 2.5242918426820635}, "datetime": {"datetime": "2025-05-16 04:24:32", "elapsed": 113.899511, "delta": 7.70486}}
{"target": 9.03624012391541e-09, "params": {"x0": 0.9719543277442758, "x1": 3.4182255427705224, "x2": 3.7197343102882785, "x3": 4.973885397301072, "x4": 3.1358278929216854, "x5": 0.27864303266114276, "x6": 1.050332155788335, "x7": -9.245788003133427, "x8": 1.2520259771413278, "x9": 2.0239325867556666}, "datetime": {"datetime": "2025-05-16 04:24:39", "elapsed": 121.409286, "delta": 7.509775}}
{"target": 5.690949920785306e-09, "params": {"x0": 0.9952087227966482, "x1": 5.941942387503489, "x2": 3.4784713154747813, "x3": 2.2808470357413024, "x4": 11.018964382357936, "x5": 11.180016463597532, "x6": 10.03849340179777, "x7": -13.231447962069431, "x8": 0.22603618541403897, "x9": 1.6661515562453912}, "datetime": {"datetime": "2025-05-16 04:24:47", "elapsed": 129.218954, "delta": 7.809668}}
{"target": 6.631726622426313e-08, "params": {"x0": 1.0889152521064693, "x1": 1.9718874505656818, "x2": 4.516533322432883, "x3": 0.39921888812468964, "x4": 5.206301971570819, "x5": 12.07131845615018, "x6": 2.901514239349916, "x7": -6.489704144161077, "x8": 1.096873587335094, "x9": 2.664654346718831}, "datetime": {"datetime": "2025-05-16 04:24:56", "elapsed": 138.124474, "delta": 8.90552}}
{"target": 1.0244197811478813e-08, "params": {"x0": 0.9789890311461333, "x1": 1.2364015624885214, "x2": 4.410395779732017, "x3": 4.633068177259481, "x4": 18.15631705007048, "x5": 13.97958103795256, "x6": 0.20927359463395523, "x7": -13.78148244981443, "x8": 1.2718788783031496, "x9": 2.7082293772377097}, "datetime": {"datetime": "2025-05-16 04:25:04", "elapsed": 146.407208, "delta": 8.282734}}
{"target": 6.554090055468434e-07, "params": {"x0": 1.185052835774124, "x1": 3.7389312597952973, "x2": 5.493638098597647, "x3": 3.849397253678025, "x4": 7.800154282824925, "x5": 7.2898600064536465, "x6": 9.064657243799598, "x7": -8.108137412845874, "x8": 1.859744710742262, "x9": 2.6537201841404907}, "datetime": {"datetime": "2025-05-16 04:25:12", "elapsed": 154.429341, "delta": 8.022133}}
{"target": 2.6566354888245525e-07, "params": {"x0": 1.0184626838770665, "x1": 5.81263889504763, "x2": 1.0437340000827862, "x3": 0.757977116637824, "x4": 2.7015831609346264, "x5": 7.58493248515345, "x6": 0.32287207911296967, "x7": -0.9365361980817433, "x8": 1.6715193952243916, "x9": 1.0270341653358204}, "datetime": {"datetime": "2025-05-16 04:25:21", "elapsed": 162.90829, "delta": 8.478949}}
{"target": 0.083642535567454, "params": {"x0": 0.9528588766725166, "x1": 2.5935242292708685, "x2": 0.7859810688655013, "x3": 4.8569441527594925, "x4": 6.894733053665869, "x5": 14.101612235000507, "x6": 8.7302126992062, "x7": -2.181024280586806, "x8": 1.7049954462452215, "x9": 2.6297061736755687}, "datetime": {"datetime": "2025-05-16 04:25:26", "elapsed": 168.298577, "delta": 5.390287}}
{"target": 4.648558766722194e-09, "params": {"x0": 1.037964079745042, "x1": 3.6863687617039034, "x2": 4.7916215469122365, "x3": 1.7143131104048854, "x4": 9.805070452398555, "x5": 8.986654614688176, "x6": 0.23299913326253585, "x7": -7.317334652460531, "x8": 0.9239850630799706, "x9": 2.4532489519927143}, "datetime": {"datetime": "2025-05-16 04:25:34", "elapsed": 176.264929, "delta": 7.966352}}
{"target": 6.170793834509706e-09, "params": {"x0": 0.9945734409286119, "x1": 5.453732413478272, "x2": 3.467143291707213, "x3": 1.1040612097647904, "x4": 15.758584676510086, "x5": 9.18046765567401, "x6": 0.8086390811062943, "x7": -10.43651375997962, "x8": 1.3902307894743162, "x9": 2.6534832003595463}, "datetime": {"datetime": "2025-05-16 04:25:42", "elapsed": 184.277215, "delta": 8.012286}}
{"target": 8.850263720979161e-10, "params": {"x0": 0.9001206074674073, "x1": 5.881471660058404, "x2": 2.259481888474647, "x3": 5.8427012301499355, "x4": 12.09432201948106, "x5": 12.432687119710394, "x6": 8.620672570621535, "x7": -6.694628430467693, "x8": 0.6425949352218184, "x9": 2.056300013180949}, "datetime": {"datetime": "2025-05-16 04:25:50", "elapsed": 192.248671, "delta": 7.971456}}
{"target": 9.272032586826355e-09, "params": {"x0": 1.125006529110798, "x1": 5.277400565788116, "x2": 4.5304931308060805, "x3": 4.188343490683818, "x4": 17.289588601091996, "x5": 4.840214952551197, "x6": 10.06183186181381, "x7": -9.884269144559715, "x8": 0.8259952288598826, "x9": 1.739460429859934}, "datetime": {"datetime": "2025-05-16 04:25:58", "elapsed": 199.833278, "delta": 7.584607}}
{"target": 3.1551591061184224e-09, "params": {"x0": 1.0204438750408622, "x1": 2.518658124387212, "x2": 3.7315162075218087, "x3": 2.581483624927586, "x4": 19.476041558545045, "x5": 10.167013371514667, "x6": 2.978548326406663, "x7": -10.31938183173541, "x8": 0.7523578555714037, "x9": 2.43574984712542}, "datetime": {"datetime": "2025-05-16 04:26:06", "elapsed": 207.703892, "delta": 7.870614}}
{"target": 7.616824523960463e-09, "params": {"x0": 1.1639994865690295, "x1": 5.509593974714497, "x2": 3.9763188742515734, "x3": 1.6212495721785467, "x4": 5.047334030091795, "x5": 12.823469140461036, "x6": 7.9157196946312, "x7": -3.561100487917235, "x8": 1.187728182664052, "x9": 2.31965654551752}, "datetime": {"datetime": "2025-05-16 04:26:14", "elapsed": 215.539701, "delta": 7.835809}}
{"target": 5.287696781735254e-08, "params": {"x0": 1.0557034882392167, "x1": 4.831507943559629, "x2": 3.4131479442282933, "x3": 2.7942592715518852, "x4": 6.8537781590656355, "x5": 1.0231402262505618, "x6": 5.6688626899214976, "x7": -16.56673060143146, "x8": 1.9673525160878456, "x9": 1.3269031323953748}, "datetime": {"datetime": "2025-05-16 04:26:21", "elapsed": 223.3996, "delta": 7.859899}}
{"target": 3.861889228347489e-08, "params": {"x0": 1.143557609316162, "x1": 5.362304389275081, "x2": 4.13047951431566, "x3": 3.416966476472254, "x4": 3.2194287363121754, "x5": 7.0032003414495945, "x6": 5.177580767328225, "x7": -13.949280759346477, "x8": 1.225772550655014, "x9": 1.5620857078634505}, "datetime": {"datetime": "2025-05-16 04:26:29", "elapsed": 230.484853, "delta": 7.085253}}
{"target": 1.9284467548928297e-08, "params": {"x0": 1.174891666040505, "x1": 5.539141177252941, "x2": 1.5427097626931772, "x3": 0.6653478044641752, "x4": 3.859254640382257, "x5": 7.493762560183291, "x6": 10.928785019618944, "x7": -14.252500108641753, "x8": 0.5712637609167384, "x9": 2.5330093748854603}, "datetime": {"datetime": "2025-05-16 04:26:37", "elapsed": 238.915171, "delta": 8.430318}}
{"target": 2.0666631219360748e-09, "params": {"x0": 1.0247546154802583, "x1": 4.0450938424917045, "x2": 1.4019968354355004, "x3": 0.6118035565547846, "x4": 10.317140339370596, "x5": 7.157114805746735, "x6": 2.2900746613974485, "x7": -6.807487828672521, "x8": 1.1336192257464826, "x9": 2.1774472245473397}, "datetime": {"datetime": "2025-05-16 04:26:44", "elapsed": 246.41677, "delta": 7.501599}}
{"target": 1.3370000704056072e-08, "params": {"x0": 0.943363662037398, "x1": 4.732791867389744, "x2": 1.3322948387995361, "x3": 3.1161109461961978, "x4": 15.705920564432379, "x5": 0.3349564198770927, "x6": 4.865436895892797, "x7": -2.287397224798001, "x8": 1.7049482544439323, "x9": 1.9691930666701785}, "datetime": {"datetime": "2025-05-16 04:26:52", "elapsed": 253.7535, "delta": 7.33673}}
{"target": 2.4759414566902615e-06, "params": {"x0": 1.1599824822499538, "x1": 5.744010555903495, "x2": 4.958441985776048, "x3": 5.124692663019232, "x4": 1.974868036406967, "x5": 9.769564985114865, "x6": 10.552754822289794, "x7": -7.015665372360665, "x8": 1.6192689972984533, "x9": 1.0622281957689417}, "datetime": {"datetime": "2025-05-16 04:27:00", "elapsed": 261.989427, "delta": 8.235927}}
{"target": 5.900132751215945e-09, "params": {"x0": 1.131071620366494, "x1": 4.631815863771587, "x2": 1.5581903597901186, "x3": 1.5424157929328801, "x4": 12.646066348602556, "x5": 5.179461923866223, "x6": 11.948830170109312, "x7": -9.96936782393777, "x8": 1.5872238880899268, "x9": 2.782849210522913}, "datetime": {"datetime": "2025-05-16 04:27:08", "elapsed": 270.242263, "delta": 8.252836}}
{"target": 3.888010083316685e-09, "params": {"x0": 0.99007450186017, "x1": 1.6293297241163067, "x2": 5.407850618095643, "x3": 3.2493562733242394, "x4": 19.494807417101644, "x5": 9.549066000028459, "x6": 14.908695369157185, "x7": -8.170725525426871, "x8": 1.1002092744204905, "x9": 1.243770225529906}, "datetime": {"datetime": "2025-05-16 04:27:16", "elapsed": 277.577039, "delta": 7.334776}}
{"target": 0.30336609637824485, "params": {"x0": 1.0067115512951643, "x1": 1.0337146932115038, "x2": 0.9623710771178946, "x3": 4.473823156244976, "x4": 0.6079937985757766, "x5": 5.498146458656165, "x6": 12.935193792570661, "x7": -5.531801084867622, "x8": 1.4127900699257203, "x9": 1.3395462417195596}, "datetime": {"datetime": "2025-05-16 04:27:22", "elapsed": 283.927559, "delta": 6.35052}}
{"target": 8.099035595458172e-08, "params": {"x0": 1.032571284224527, "x1": 3.8660447774558846, "x2": 5.938510245982231, "x3": 1.223437351398731, "x4": 4.954658035247097, "x5": 3.932596256593679, "x6": 11.252586199469892, "x7": -9.77444410615753, "x8": 0.2081659329810805, "x9": 1.915329233098431}, "datetime": {"datetime": "2025-05-16 04:27:30", "elapsed": 291.987469, "delta": 8.05991}}
{"target": 4.026138188623239e-09, "params": {"x0": 0.9635880493931028, "x1": 4.972881648277072, "x2": 1.7839882890436334, "x3": 0.16563607172702177, "x4": 11.86864898929242, "x5": 12.657606433967832, "x6": 5.7152418609332125, "x7": -4.502550406929419, "x8": 1.0711688087645435, "x9": 1.9737132489319396}, "datetime": {"datetime": "2025-05-16 04:27:37", "elapsed": 299.450877, "delta": 7.463408}}
{"target": 1.3416743019742245e-08, "params": {"x0": 1.1878302963185257, "x1": 5.000200546643098, "x2": 0.1939383997414439, "x3": 4.256323507387771, "x4": 9.300029631270121, "x5": 14.213234120926497, "x6": 3.3214910148523247, "x7": -13.192703645681416, "x8": 0.2548005332667978, "x9": 1.7715138915948156}, "datetime": {"datetime": "2025-05-16 04:27:45", "elapsed": 307.214742, "delta": 7.763865}}
{"target": 3.3553830708945845e-09, "params": {"x0": 0.9327056292057205, "x1": 4.132312479120781, "x2": 4.817779424242428, "x3": 4.180802976721071, "x4": 15.324227621515409, "x5": 5.136811797652797, "x6": 12.687772245415164, "x7": -10.282162050010033, "x8": 1.6656187537834057, "x9": 2.1276930855237284}, "datetime": {"datetime": "2025-05-16 04:27:53", "elapsed": 314.743833, "delta": 7.529091}}
{"target": 1.3221382422333812e-05, "params": {"x0": 0.9430269146010735, "x1": 1.2997731892602347, "x2": 0.10999585747804375, "x3": 0.4003499858361388, "x4": 9.171676274168636, "x5": 1.7001288415138571, "x6": 0.4167502327300493, "x7": -4.412493334971588, "x8": 0.8502159128752148, "x9": 2.344489292093545}, "datetime": {"datetime": "2025-05-16 04:28:01", "elapsed": 322.479331, "delta": 7.735498}}
{"target": 1.5108385903518417e-08, "params": {"x0": 1.0357214480239354, "x1": 3.1954424097038814, "x2": 2.868435040306986, "x3": 2.844023559373164, "x4": 16.063266842283394, "x5": 6.035887797866037, "x6": 13.570292405154346, "x7": -17.332901136827353, "x8": 1.5703612511687954, "x9": 1.2261544860479299}, "datetime": {"datetime": "2025-05-16 04:28:09", "elapsed": 331.174384, "delta": 8.695053}}
{"target": 3.799417020992232e-05, "params": {"x0": 1.0855540700736257, "x1": 0.9528577328096829, "x2": 3.2317636954580817, "x3": 0.018107739717578175, "x4": 19.02387570980409, "x5": 13.581030505541671, "x6": 11.93950412913404, "x7": -1.5250622415338242, "x8": 0.3765606392009544, "x9": 1.28391412576696}, "datetime": {"datetime": "2025-05-16 04:28:16", "elapsed": 338.058544, "delta": 6.88416}}
{"target": 9.140325008850611e-09, "params": {"x0": 0.9562895018707303, "x1": 4.074729101729598, "x2": 5.4348569760498115, "x3": 5.939731070154442, "x4": 14.222449175316319, "x5": 10.97700613713443, "x6": 13.639398068163816, "x7": -10.784272817319824, "x8": 0.5747162924275698, "x9": 1.312174307416821}, "datetime": {"datetime": "2025-05-16 04:28:24", "elapsed": 345.995807, "delta": 7.937263}}
{"target": 3.2621839259815172e-09, "params": {"x0": 0.9358371151001187, "x1": 5.044313998967427, "x2": 0.880754240503459, "x3": 1.585784896361404, "x4": 16.381783572670617, "x5": 4.658808776913149, "x6": 14.736261739394143, "x7": -13.200503361270567, "x8": 1.1139413554453017, "x9": 1.5660406201345292}, "datetime": {"datetime": "2025-05-16 04:28:31", "elapsed": 353.33168, "delta": 7.335873}}
{"target": 1.4316663740183696e-09, "params": {"x0": 1.1732318493521512, "x1": 2.7694388836412953, "x2": 2.6015539636389873, "x3": 3.0737561536701685, "x4": 18.777729547394266, "x5": 0.4642350940672607, "x6": 10.753179954475337, "x7": -1.961658822737899, "x8": 0.15184572468319074, "x9": 1.9396922450545193}, "datetime": {"datetime": "2025-05-16 04:28:39", "elapsed": 361.014732, "delta": 7.683052}}
{"target": 8.693938405562805e-09, "params": {"x0": 0.9977969435310076, "x1": 5.283395536414488, "x2": 3.351099305535107, "x3": 4.141367208976487, "x4": 9.057069999030748, "x5": 9.424635562820358, "x6": 4.351452775311388, "x7": -17.831725596602716, "x8": 1.1958362764754724, "x9": 1.5605995854384331}, "datetime": {"datetime": "2025-05-16 04:28:47", "elapsed": 368.561131, "delta": 7.546399}}
{"target": 2.471561764733658e-07, "params": {"x0": 1.0551802795503389, "x1": 5.573669850574879, "x2": 2.558848731008376, "x3": 1.4843762196143124, "x4": 7.425875225581089, "x5": 13.97791674954811, "x6": 14.053025719636405, "x7": -2.8020609258171625, "x8": 1.8483923771807549, "x9": 1.4102205219123705}, "datetime": {"datetime": "2025-05-16 04:28:55", "elapsed": 376.915888, "delta": 8.354757}}
{"target": 1.4409978186794583, "params": {"x0": 0.9649721573989238, "x1": 0.9, "x2": 0.341496060664472, "x3": 4.843407627642817, "x4": 0.007393234893307258, "x5": 5.506358741619825, "x6": 13.766751798470773, "x7": -3.7645447175256477, "x8": 1.5485825569615614, "x9": 1.3406340330555941}, "datetime": {"datetime": "2025-05-16 04:29:03", "elapsed": 384.763363, "delta": 7.847475}}
{"target": 2.654118929591705, "params": {"x0": 0.958505552286477, "x1": 1.02724664713662, "x2": 0.5154353558579359, "x3": 4.930538209696835, "x4": 0.11573355199708067, "x5": 5.699113591462277, "x6": 13.827123313494262, "x7": -3.636920215385737, "x8": 1.5207450422438142, "x9": 1.357058571275653}, "datetime": {"datetime": "2025-05-16 04:29:10", "elapsed": 391.534778, "delta": 6.771415}}
{"target": 4.621248233486452, "params": {"x0": 0.9061779856351371, "x1": 1.4876359135641875, "x2": 0.3951722565737243, "x3": 4.976020987401953, "x4": 0.15681369356234712, "x5": 6.484504764085113, "x6": 13.877545555333361, "x7": -3.4368082587484174, "x8": 1.183956603323312, "x9": 1.2632935469362188}, "datetime": {"datetime": "2025-05-16 04:29:16", "elapsed": 397.921176, "delta": 6.386398}}
{"target": 3.806425127465327, "params": {"x0": 0.9220772864767655, "x1": 1.4240559837739581, "x2": 0.6359076585025162, "x3": 5.049954935734186, "x4": 0.25626479698961174, "x5": 6.349619641798511, "x6": 13.920103438275767, "x7": -3.3876852331685225, "x8": 1.300876630190661, "x9": 1.321969214144271}, "datetime": {"datetime": "2025-05-16 04:29:23", "elapsed": 405.285211, "delta": 7.364035}}
{"target": 4.84642607375871, "params": {"x0": 0.913147819374934, "x1": 1.361507366001328, "x2": 0.24638871290448663, "x3": 4.905068989818435, "x4": 0.05742720629155681, "x5": 6.292525141017107, "x6": 13.834038150374846, "x7": -3.532171166370999, "x8": 1.2216945740741338, "x9": 1.2530350910340433}, "datetime": {"datetime": "2025-05-16 04:29:31", "elapsed": 412.476983, "delta": 7.191772}}
