{"target": 0.19879917174474965, "params": {"x0": 0.9276004780199069, "x1": 5.35285300851101, "x2": 5.455529218992847, "x3": 8.365745707898148, "x4": 0.8097532519673277, "x5": 0.4993365445136098, "x6": 0.12782171596200248, "x7": 4.669464852242589, "x8": 1.4121927894638593, "x9": 2.4306898873961957}, "datetime": {"datetime": "2025-05-11 14:58:57", "elapsed": 1228.982347, "delta": 7.60446}}
{"target": 0.19879917174474965, "params": {"x0": 0.9276002394558186, "x1": 5.3528520240648465, "x2": 5.455524847293697, "x3": 8.365742695258428, "x4": 0.8097575162757534, "x5": 0.49934856058903054, "x6": 0.1278235151039771, "x7": 4.669477767994657, "x8": 1.4121924095946654, "x9": 2.4306902444113874}, "datetime": {"datetime": "2025-05-11 14:59:05", "elapsed": 1236.434778, "delta": 7.452431}}
{"target": 0.19879917174474965, "params": {"x0": 0.9276000247481392, "x1": 5.352851138063299, "x2": 5.455520912764461, "x3": 8.365739983882682, "x4": 0.8097613541533366, "x5": 0.49935937505690914, "x6": 0.12782513433175424, "x7": 4.669489392171517, "x8": 1.412192067712391, "x9": 2.43069056572506}, "datetime": {"datetime": "2025-05-11 14:59:13", "elapsed": 1244.136303, "delta": 7.701525}}
{"target": 0.19879917174474965, "params": {"x0": 0.9275998315112276, "x1": 5.352850340661907, "x2": 5.455517371688149, "x3": 8.365737543644508, "x4": 0.8097648082431614, "x5": 0.4993691080779999, "x6": 0.12782659163675367, "x7": 4.669499853930692, "x8": 1.4121917600183438, "x9": 2.430690854907365}, "datetime": {"datetime": "2025-05-11 14:59:20", "elapsed": 1251.795346, "delta": 7.659043}}
{"target": 0.19879917174474965, "params": {"x0": 0.9275996575980073, "x1": 5.352849623000653, "x2": 5.455514184719468, "x3": 8.365735347430153, "x4": 0.8097679169240037, "x5": 0.4993778677969816, "x6": 0.12782790321125317, "x7": 4.669509269513949, "x8": 1.4121914830937012, "x9": 2.4306911151714394}, "datetime": {"datetime": "2025-05-11 14:59:28", "elapsed": 1259.260143, "delta": 7.464797}}
{"target": 0.19879917174474965, "params": {"x0": 0.927599501076109, "x1": 5.352848977105524, "x2": 5.455511316447655, "x3": 8.365733370837232, "x4": 0.8097707147367619, "x5": 0.4993857515440651, "x6": 0.12782908362830273, "x7": 4.66951774353888, "x8": 1.412191233861523, "x9": 2.430691349409107}, "datetime": {"datetime": "2025-05-11 14:59:35", "elapsed": 1266.56029, "delta": 7.300147}}
{"target": 0.19879917174474965, "params": {"x0": 0.9275993602064004, "x1": 5.352848395799909, "x2": 5.455508735003024, "x3": 8.365731591903604, "x4": 0.8097732327682442, "x5": 0.49939284691644026, "x6": 0.1278301460036473, "x7": 4.669525370161319, "x8": 1.4121910095525627, "x9": 2.4306915602230075}, "datetime": {"datetime": "2025-05-11 14:59:42", "elapsed": 1273.885994, "delta": 7.325704}}
{"target": 0.19879917174474965, "params": {"x0": 0.9275992334236628, "x1": 5.352847872624856, "x2": 5.4555064117028556, "x3": 8.36572999086334, "x4": 0.8097754989965783, "x5": 0.49939923275157794, "x6": 0.12783110214145743, "x7": 4.669532234121513, "x8": 1.4121908076744984, "x9": 2.4306917499555176}, "datetime": {"datetime": "2025-05-11 14:59:50", "elapsed": 1281.308732, "delta": 7.422738}}
{"target": 0.19879917174474965, "params": {"x0": 0.927599119319199, "x1": 5.352847401767307, "x2": 5.455504320732704, "x3": 8.3657285499271, "x4": 0.8097775386020789, "x5": 0.4994049800032018, "x6": 0.12783196266548655, "x7": 4.669538411685688, "x8": 1.4121906259842405, "x9": 2.4306919207147772}, "datetime": {"datetime": "2025-05-11 14:59:57", "elapsed": 1288.773928, "delta": 7.465196}}
{"target": 0.19879917174474965, "params": {"x0": 0.9275990166251815, "x1": 5.3528469779955135, "x2": 5.455502438859567, "x3": 8.365727253084486, "x4": 0.8097793742470295, "x5": 0.4994101525296633, "x6": 0.12783273713711277, "x7": 4.669543971493446, "x8": 1.4121904624630084, "x9": 2.4306920743981104}, "datetime": {"datetime": "2025-05-11 15:00:05", "elapsed": 1296.418559, "delta": 7.644631}}
{"target": 0.19879917174474965, "params": {"x0": 0.9275989242005658, "x1": 5.3528465966009, "x2": 5.455500745173745, "x3": 8.365726085926132, "x4": 0.809781026327485, "x5": 0.49941480780347863, "x6": 0.12783343416157633, "x7": 4.669548975320427, "x8": 1.4121903152938995, "x9": 2.4306922127131108}, "datetime": {"datetime": "2025-05-11 15:00:13", "elapsed": 1304.196047, "delta": 7.777488}}
{"target": 0.19879917174474965, "params": {"x0": 0.9275988410184116, "x1": 5.352846253345747, "x2": 5.455499220856504, "x3": 8.365725035483614, "x4": 0.809782513199895, "x5": 0.4994189975499125, "x6": 0.12783406148359355, "x7": 4.669553478764711, "x8": 1.4121901828417016, "x9": 2.4306923371966107}, "datetime": {"datetime": "2025-05-11 15:00:20", "elapsed": 1311.492053, "delta": 7.296006}}
{"target": 0.19879917174474965, "params": {"x0": 0.9275987661544729, "x1": 5.352845944416109, "x2": 5.455497848970987, "x3": 8.365724090085347, "x4": 0.809783851385064, "x5": 0.4994227683217029, "x6": 0.12783462607340906, "x7": 4.669557531864566, "x8": 1.4121900636347233, "x9": 2.4306924492317608}, "datetime": {"datetime": "2025-05-11 15:00:27", "elapsed": 1318.889819, "delta": 7.397766}}
{"target": 0.19879917174474965, "params": {"x0": 0.927598698776928, "x1": 5.3528456663794355, "x2": 5.455496614274023, "x3": 8.365723239226908, "x4": 0.8097850557517161, "x5": 0.4994261620163143, "x6": 0.12783513420424303, "x7": 4.669561179654436, "x8": 1.412189956348443, "x9": 2.430692550063396}, "datetime": {"datetime": "2025-05-11 15:00:35", "elapsed": 1326.437924, "delta": 7.548105}}
{"target": 0.19879917174474965, "params": {"x0": 0.9275986381371376, "x1": 5.352845416146429, "x2": 5.4554955030467545, "x3": 8.365722473454312, "x4": 0.809786139681703, "x5": 0.49942921634146453, "x6": 0.12783559152199359, "x7": 4.669564462665319, "x8": 1.4121898597907907, "x9": 2.4306926408118676}, "datetime": {"datetime": "2025-05-11 15:00:43", "elapsed": 1334.051024, "delta": 7.6131}}
{"target": 0.19879917174474965, "params": {"x0": 0.9275985835613263, "x1": 5.352845190936724, "x2": 5.455494502942213, "x3": 8.365721784258977, "x4": 0.8097871152186912, "x5": 0.4994319652340998, "x6": 0.12783600310796908, "x7": 4.669567417375113, "x8": 1.4121897728889035, "x9": 2.430692722485492}, "datetime": {"datetime": "2025-05-11 15:00:50", "elapsed": 1341.513589, "delta": 7.462565}}
{"target": 0.19879917174474965, "params": {"x0": 0.927598534443096, "x1": 5.352844988247988, "x2": 5.455493602848126, "x3": 8.365721163983174, "x4": 0.8097879932019806, "x5": 0.49943443923747144, "x6": 0.12783637353534705, "x7": 4.669570076613928, "x8": 1.4121896946772052, "x9": 2.430692795991754}, "datetime": {"datetime": "2025-05-11 15:00:58", "elapsed": 1349.003366, "delta": 7.489777}}
{"target": 0.19879917174474965, "params": {"x0": 0.9275984902366888, "x1": 5.352844805828126, "x2": 5.455492792763447, "x3": 8.365720605734952, "x4": 0.8097887833869409, "x5": 0.499436665840506, "x6": 0.1278367069199872, "x7": 4.669572469928862, "x8": 1.4121896242866767, "x9": 2.4306928621473896}, "datetime": {"datetime": "2025-05-11 15:01:05", "elapsed": 1356.472408, "delta": 7.469042}}
{"target": 0.19879917174474965, "params": {"x0": 0.9275984504509224, "x1": 5.35284464165025, "x2": 5.455492063687236, "x3": 8.365720103311553, "x4": 0.8097894945534054, "x5": 0.4994386697832371, "x6": 0.12783700696616332, "x7": 4.669574623912301, "x8": 1.4121895609352009, "x9": 2.430692921687462}, "datetime": {"datetime": "2025-05-11 15:01:12", "elapsed": 1363.97597, "delta": 7.503562}}
{"target": 0.19879917174474965, "params": {"x0": 0.9275984146437325, "x1": 5.352844493890163, "x2": 5.455491407518647, "x3": 8.365719651130492, "x4": 0.8097901346032234, "x5": 0.49944047333169506, "x6": 0.12783727700772185, "x7": 4.669576562497398, "x8": 1.4121895039188728, "x9": 2.430692975273527}, "datetime": {"datetime": "2025-05-11 15:01:20", "elapsed": 1371.296454, "delta": 7.320484}}
{"target": 0.19879917174474965, "params": {"x0": 0.9275983824172617, "x1": 5.352844360906084, "x2": 5.455490816966916, "x3": 8.365719244167538, "x4": 0.8097907106480595, "x5": 0.4994420965253072, "x6": 0.12783752004512453, "x7": 4.6695783072239845, "x8": 1.4121894526041774, "x9": 2.4306930235009854}, "datetime": {"datetime": "2025-05-11 15:01:27", "elapsed": 1378.934457, "delta": 7.638003}}
{"target": 0.19879917174474965, "params": {"x0": 0.927598353413438, "x1": 5.352844241220413, "x2": 5.455490285470359, "x3": 8.36571887790088, "x4": 0.8097912290884121, "x5": 0.49944355739955815, "x6": 0.12783773877878693, "x7": 4.669579877477912, "x8": 1.4121894064209517, "x9": 2.430693066905698}, "datetime": {"datetime": "2025-05-11 15:01:35", "elapsed": 1386.478148, "delta": 7.543691}}
{"target": 0.19879917174474965, "params": {"x0": 0.9275983273099966, "x1": 5.352844133503308, "x2": 5.455489807123456, "x3": 8.365718548260887, "x4": 0.8097916956847293, "x5": 0.499444872186384, "x6": 0.1278379356390831, "x7": 4.669581290706447, "x8": 1.4121893648560484, "x9": 2.4306931059699393}, "datetime": {"datetime": "2025-05-11 15:01:43", "elapsed": 1393.98737, "delta": 7.509222}}
{"target": 0.19879917174474965, "params": {"x0": 0.9275983038168993, "x1": 5.352844036557915, "x2": 5.4554893766112444, "x3": 8.365718251584893, "x4": 0.8097921156214148, "x5": 0.4994460554945273, "x6": 0.12783811281334967, "x7": 4.669582562612129, "x8": 1.4121893274476356, "x9": 2.4306931411277564}, "datetime": {"datetime": "2025-05-11 15:01:50", "elapsed": 1401.495532, "delta": 7.508162}}
{"target": 0.19879917174474965, "params": {"x0": 0.9275982826731118, "x1": 5.3528439493070605, "x2": 5.455488989150254, "x3": 8.365717984576499, "x4": 0.8097924935644318, "x5": 0.49944712047185624, "x6": 0.12783827227018954, "x7": 4.669583707327242, "x8": 1.412189293780064, "x9": 2.430693172769792}, "datetime": {"datetime": "2025-05-11 15:01:58", "elapsed": 1409.112505, "delta": 7.616973}}
{"target": 0.19879917174474965, "params": {"x0": 0.927598263643703, "x1": 5.3528438707812915, "x2": 5.455488640435362, "x3": 8.365717744268945, "x4": 0.8097928337131471, "x5": 0.4994480789514523, "x6": 0.12783841578134544, "x7": 4.669584737570845, "x8": 1.4121892634792497, "x9": 2.430693201247624}, "datetime": {"datetime": "2025-05-11 15:02:05", "elapsed": 1416.912638, "delta": 7.800133}}
{"target": 0.19879917174474965, "params": {"x0": 0.9275982465172351, "x1": 5.3528438001081, "x2": 5.4554883265919605, "x3": 8.365717527992144, "x4": 0.809793139846991, "x5": 0.4994489415830887, "x6": 0.12783854494138577, "x7": 4.669585664790087, "x8": 1.4121892362085167, "x9": 2.430693226877673}, "datetime": {"datetime": "2025-05-11 15:02:13", "elapsed": 1424.821916, "delta": 7.909278}}
{"target": 0.19879917174474965, "params": {"x0": 0.927598231103414, "x1": 5.352843736502226, "x2": 5.455488044132898, "x3": 8.365717333343026, "x4": 0.8097934153674503, "x5": 0.49944971795156157, "x6": 0.12783866118542206, "x7": 4.669586499287404, "x8": 1.412189211664857, "x9": 2.4306932499447167}, "datetime": {"datetime": "2025-05-11 15:02:21", "elapsed": 1432.445866, "delta": 7.62395}}
{"target": 0.19879917174474965, "params": {"x0": 0.927598217230975, "x1": 5.352843679256941, "x2": 5.455487789919743, "x3": 8.365717158158818, "x4": 0.8097936633358638, "x5": 0.49945041668318707, "x6": 0.1278387658050547, "x7": 4.66958725033499, "x8": 1.4121891895755632, "x9": 2.430693270705056}, "datetime": {"datetime": "2025-05-11 15:02:29", "elapsed": 1440.158468, "delta": 7.712602}}
{"target": 0.19879917174474965, "params": {"x0": 0.9275982047457799, "x1": 5.352843627736184, "x2": 5.455487561127902, "x3": 8.365717000493031, "x4": 0.8097938865074359, "x5": 0.49945104554165004, "x6": 0.1278388599627241, "x7": 4.669587926277817, "x8": 1.4121891696951987, "x9": 2.4306932893893616}, "datetime": {"datetime": "2025-05-11 15:02:36", "elapsed": 1447.788703, "delta": 7.630235}}
{"target": 0.19879917174474965, "params": {"x0": 0.9275981935091043, "x1": 5.352843581367503, "x2": 5.455487355215246, "x3": 8.365716858593824, "x4": 0.8097940873618508, "x5": 0.4994516115142667, "x6": 0.12783894470462656, "x7": 4.669588534626362, "x8": 1.4121891518028709, "x9": 2.4306933062052365}, "datetime": {"datetime": "2025-05-11 15:02:44", "elapsed": 1455.22244, "delta": 7.433737}}
{"target": 0.19879917174474965, "params": {"x0": 0.9275981289459472, "x1": 5.352843465262102, "x2": 5.455486862843062, "x3": 8.36571625920452, "x4": 0.8097943988640445, "x5": 0.49945220692903436, "x6": 0.12783928460349403, "x7": 4.669589578675967, "x8": 1.4121889316966714, "x9": 2.430693382725577}, "datetime": {"datetime": "2025-05-11 15:02:51", "elapsed": 1462.895355, "delta": 7.672915}}
{"target": 0.19879917174474965, "params": {"x0": 0.927598152730282, "x1": 5.3528431249393815, "x2": 5.455486795300623, "x3": 8.365715484100152, "x4": 0.8097944590614526, "x5": 0.49945294794598605, "x6": 0.12783912101215109, "x7": 4.669589860694661, "x8": 1.4121890670363297, "x9": 2.430693356298233}, "datetime": {"datetime": "2025-05-11 15:02:59", "elapsed": 1470.497721, "delta": 7.602366}}
{"target": 0.19879917174474965, "params": {"x0": 0.9275981457939417, "x1": 5.352842958243627, "x2": 5.455486768680837, "x3": 8.36571641457754, "x4": 0.8097946669241313, "x5": 0.49945338958551266, "x6": 0.12783933447804885, "x7": 4.669591887399893, "x8": 1.4121890050530286, "x9": 2.430693375180001}, "datetime": {"datetime": "2025-05-11 15:03:07", "elapsed": 1478.170018, "delta": 7.672297}}
{"target": 0.19879917174474965, "params": {"x0": 0.9275980658600831, "x1": 5.352843437253936, "x2": 5.455486680220787, "x3": 8.365715396581212, "x4": 0.8097947612825451, "x5": 0.49945442461964684, "x6": 0.12783951729013227, "x7": 4.669591101638422, "x8": 1.4121890783331226, "x9": 2.430693384305564}, "datetime": {"datetime": "2025-05-11 15:03:14", "elapsed": 1485.826597, "delta": 7.656579}}
{"target": 0.19879917174474965, "params": {"x0": 0.927598119084766, "x1": 5.352843309524328, "x2": 5.455486549604915, "x3": 8.365715344554099, "x4": 0.8097949299238991, "x5": 0.4994539685224541, "x6": 0.12783936595125237, "x7": 4.669591060037629, "x8": 1.412189000475835, "x9": 2.4306934010065753}, "datetime": {"datetime": "2025-05-11 15:03:22", "elapsed": 1493.413805, "delta": 7.587208}}
{"target": 0.19879917174474965, "params": {"x0": 0.9275981195085048, "x1": 5.352843121656775, "x2": 5.455486305787455, "x3": 8.365715816402384, "x4": 0.8097949690438746, "x5": 0.49945476846880765, "x6": 0.1278393370139593, "x7": 4.669591862991718, "x8": 1.412189039641792, "x9": 2.430693386940909}, "datetime": {"datetime": "2025-05-11 15:03:29", "elapsed": 1500.938513, "delta": 7.524708}}
{"target": 0.19879917174474965, "params": {"x0": 0.927598079050806, "x1": 5.352843088901522, "x2": 5.455486248323425, "x3": 8.365715214054184, "x4": 0.8097950456508576, "x5": 0.49945458000737536, "x6": 0.12783938225037306, "x7": 4.669591812626568, "x8": 1.4121890568229991, "x9": 2.430693445854363}, "datetime": {"datetime": "2025-05-11 15:03:37", "elapsed": 1508.610514, "delta": 7.672001}}
{"target": 0.19879917174474965, "params": {"x0": 0.9275980892644315, "x1": 5.352843296262668, "x2": 5.455486123764396, "x3": 8.365715810451691, "x4": 0.8097951196891245, "x5": 0.49945457388971776, "x6": 0.12783961963811832, "x7": 4.669592422027152, "x8": 1.41218903552604, "x9": 2.43069342796004}, "datetime": {"datetime": "2025-05-11 15:03:45", "elapsed": 1516.819866, "delta": 8.209352}}
{"target": 0.19879917174474965, "params": {"x0": 0.9275981067373212, "x1": 5.352843197262283, "x2": 5.455486103269711, "x3": 8.36571587637902, "x4": 0.8097953207210921, "x5": 0.49945555755631243, "x6": 0.12783970181454485, "x7": 4.66959213393617, "x8": 1.4121890414744507, "x9": 2.430693415493453}, "datetime": {"datetime": "2025-05-11 15:03:53", "elapsed": 1524.80341, "delta": 7.983544}}
{"target": 0.19879917174474965, "params": {"x0": 0.9275980824861594, "x1": 5.352843244906751, "x2": 5.455486128962866, "x3": 8.365715555946167, "x4": 0.8097952687139334, "x5": 0.4994554121770975, "x6": 0.12783982675692465, "x7": 4.669592139265826, "x8": 1.4121889633248905, "x9": 2.430693417192059}, "datetime": {"datetime": "2025-05-11 15:04:01", "elapsed": 1532.625419, "delta": 7.822009}}
{"target": 0.19879917174474965, "params": {"x0": 0.9275980876618269, "x1": 5.3528431476635205, "x2": 5.4554859970154554, "x3": 8.365715903740535, "x4": 0.8097954403344759, "x5": 0.4994551093732417, "x6": 0.12783960559243587, "x7": 4.66959231688512, "x8": 1.4121890137616113, "x9": 2.4306934306481662}, "datetime": {"datetime": "2025-05-11 15:04:09", "elapsed": 1540.340279, "delta": 7.71486}}
{"target": 0.19879917174474965, "params": {"x0": 0.9275980690731261, "x1": 5.35284322878633, "x2": 5.455485952067856, "x3": 8.365715761425063, "x4": 0.8097954029473089, "x5": 0.4994555382433505, "x6": 0.1278397179106076, "x7": 4.669592491531696, "x8": 1.4121890285830982, "x9": 2.4306934610394344}, "datetime": {"datetime": "2025-05-11 15:04:16", "elapsed": 1547.873773, "delta": 7.533494}}
{"target": 0.19879917174474965, "params": {"x0": 0.9275980959328182, "x1": 5.352843165197796, "x2": 5.455485962065429, "x3": 8.36571564321515, "x4": 0.809795565674068, "x5": 0.499455775262009, "x6": 0.127839578895702, "x7": 4.669593093615487, "x8": 1.4121890002354294, "x9": 2.430693420168859}, "datetime": {"datetime": "2025-05-11 15:04:24", "elapsed": 1555.514039, "delta": 7.640266}}
{"target": 0.19879917174474965, "params": {"x0": 0.9275980888866805, "x1": 5.352843256259265, "x2": 5.455485777550586, "x3": 8.365715730426885, "x4": 0.8097954847067453, "x5": 0.4994557446079035, "x6": 0.12783958946594295, "x7": 4.669593529922811, "x8": 1.4121890143658449, "x9": 2.430693430600591}, "datetime": {"datetime": "2025-05-11 15:04:32", "elapsed": 1563.168147, "delta": 7.654108}}
{"target": 0.19879917174474965, "params": {"x0": 0.927598107174592, "x1": 5.352843192988247, "x2": 5.455485834121116, "x3": 8.365715810804856, "x4": 0.8097955284155001, "x5": 0.49945610060987056, "x6": 0.12783966984666753, "x7": 4.669593516598844, "x8": 1.4121890014445215, "x9": 2.4306934413248147}, "datetime": {"datetime": "2025-05-11 15:04:39", "elapsed": 1570.75747, "delta": 7.589323}}
{"target": 0.19879917174474965, "params": {"x0": 0.9275981072197708, "x1": 5.352843210330525, "x2": 5.455485716787842, "x3": 8.365715724580909, "x4": 0.809795578549851, "x5": 0.4994559712753901, "x6": 0.1278395730964521, "x7": 4.6695931248640505, "x8": 1.4121890065698306, "x9": 2.4306934336907577}, "datetime": {"datetime": "2025-05-11 15:04:47", "elapsed": 1578.46345, "delta": 7.70598}}
{"target": 0.19879917174474965, "params": {"x0": 0.927598096987854, "x1": 5.3528432282569876, "x2": 5.455485805519087, "x3": 8.36571579368211, "x4": 0.8097955993450988, "x5": 0.49945626508839047, "x6": 0.12783973888784272, "x7": 4.6695931622651505, "x8": 1.4121890042618281, "x9": 2.430693468993955}, "datetime": {"datetime": "2025-05-11 15:04:55", "elapsed": 1586.082374, "delta": 7.618924}}
{"target": 0.19879917174474965, "params": {"x0": 0.9275981045326083, "x1": 5.352843180271297, "x2": 5.455485760127129, "x3": 8.365715650682498, "x4": 0.8097956276997597, "x5": 0.49945642992070743, "x6": 0.12783968052864259, "x7": 4.669593278633543, "x8": 1.4121890099686583, "x9": 2.4306934596027414}, "datetime": {"datetime": "2025-05-11 15:05:03", "elapsed": 1594.048436, "delta": 7.966062}}
{"target": 0.19879917174474965, "params": {"x0": 0.9275980875064749, "x1": 5.3528431868110555, "x2": 5.455485727303894, "x3": 8.365715750141968, "x4": 0.8097957293289059, "x5": 0.4994560827233585, "x6": 0.1278396895068894, "x7": 4.6695933486531995, "x8": 1.412188985507536, "x9": 2.4306934426444498}, "datetime": {"datetime": "2025-05-11 15:05:10", "elapsed": 1601.641841, "delta": 7.593405}}
{"target": 0.19879917174474965, "params": {"x0": 0.9275981015257365, "x1": 5.352843143736458, "x2": 5.455485679740107, "x3": 8.365715469646467, "x4": 0.8097956764152421, "x5": 0.49945627775538476, "x6": 0.1278396452562027, "x7": 4.669593539637578, "x8": 1.4121889998742911, "x9": 2.4306934433570495}, "datetime": {"datetime": "2025-05-11 15:05:18", "elapsed": 1609.540733, "delta": 7.898892}}
{"target": 0.19879917174474965, "params": {"x0": 0.9275981007391841, "x1": 5.352843193127951, "x2": 5.455485683531241, "x3": 8.365715677831192, "x4": 0.8097957332079786, "x5": 0.4994562682104861, "x6": 0.12783965097043254, "x7": 4.669593437167522, "x8": 1.4121890055129107, "x9": 2.430693459159084}, "datetime": {"datetime": "2025-05-11 15:05:26", "elapsed": 1617.215298, "delta": 7.674565}}
{"target": 0.19879917174474965, "params": {"x0": 0.9275980924193001, "x1": 5.352843200735056, "x2": 5.4554856338728825, "x3": 8.365715614855928, "x4": 0.8097957214505844, "x5": 0.49945635040534453, "x6": 0.12783973345271502, "x7": 4.669593563020135, "x8": 1.4121889923707331, "x9": 2.4306934432021845}, "datetime": {"datetime": "2025-05-11 15:05:33", "elapsed": 1624.895262, "delta": 7.679964}}
{"target": 0.19879917174474965, "params": {"x0": 0.9275980907208092, "x1": 5.35284314422369, "x2": 5.45548565408671, "x3": 8.365715574603561, "x4": 0.8097957391626691, "x5": 0.49945634056978977, "x6": 0.12783965480253226, "x7": 4.66959354981451, "x8": 1.4121889864747916, "x9": 2.4306934462371355}, "datetime": {"datetime": "2025-05-11 15:05:43", "elapsed": 1634.679186, "delta": 9.783924}}
{"target": 0.19879917174474965, "params": {"x0": 0.9275980939740215, "x1": 5.352843191560064, "x2": 5.455485648318656, "x3": 8.365715585104779, "x4": 0.8097957640633484, "x5": 0.499456371976748, "x6": 0.1278396798161409, "x7": 4.669593608159384, "x8": 1.4121890027230581, "x9": 2.43069346880481}, "datetime": {"datetime": "2025-05-11 15:05:52", "elapsed": 1643.096552, "delta": 8.417366}}
{"target": 0.19879917174474965, "params": {"x0": 0.9275980995523455, "x1": 5.352843183617473, "x2": 5.4554856132194915, "x3": 8.36571563284437, "x4": 0.8097957826302601, "x5": 0.49945640200611485, "x6": 0.12783966346980521, "x7": 4.669593677017885, "x8": 1.412188999867063, "x9": 2.4306934502661046}, "datetime": {"datetime": "2025-05-11 15:06:00", "elapsed": 1651.150824, "delta": 8.054272}}
