{"target": 0.19879917174474965, "params": {"x0": 0.9275980923790242, "x1": 5.352843164049372, "x2": 5.455485502001337, "x3": 8.365715581500954, "x4": 0.8097958950515828, "x5": 0.49945670526781966, "x6": 0.12783970738174893, "x7": 4.669594009763263, "x8": 1.4121889907719198, "x9": 2.4306934575481116}, "datetime": {"datetime": "2025-05-11 15:30:08", "elapsed": 3099.948105, "delta": 9.536789}}
{"target": 0.19879917174474965, "params": {"x0": 0.927598092379024, "x1": 5.352843164049371, "x2": 5.4554855020013395, "x3": 8.365715581500952, "x4": 0.8097958950515869, "x5": 0.4994567052678111, "x6": 0.12783970738174796, "x7": 4.669594009763259, "x8": 1.4121889907719198, "x9": 2.4306934575481116}, "datetime": {"datetime": "2025-05-11 15:30:18", "elapsed": 3109.265598, "delta": 9.317493}}
{"target": 0.19879917174474965, "params": {"x0": 0.927598092379024, "x1": 5.352843164049372, "x2": 5.455485502001341, "x3": 8.365715581500952, "x4": 0.809795895051584, "x5": 0.4994567052678168, "x6": 0.12783970738174819, "x7": 4.669594009763261, "x8": 1.4121889907719196, "x9": 2.4306934575481116}, "datetime": {"datetime": "2025-05-11 15:30:27", "elapsed": 3118.64339, "delta": 9.377792}}
{"target": 0.19879917174474965, "params": {"x0": 0.9275980923790242, "x1": 5.352843164049371, "x2": 5.45548550200134, "x3": 8.36571558150095, "x4": 0.809795895051584, "x5": 0.4994567052678195, "x6": 0.12783970738174916, "x7": 4.669594009763266, "x8": 1.4121889907719196, "x9": 2.4306934575481116}, "datetime": {"datetime": "2025-05-11 15:30:36", "elapsed": 3127.586464, "delta": 8.943074}}
{"target": 0.19879917174474965, "params": {"x0": 0.9275980923790242, "x1": 5.352843164049371, "x2": 5.4554855020013395, "x3": 8.36571558150095, "x4": 0.8097958950515852, "x5": 0.49945670526781877, "x6": 0.12783970738174813, "x7": 4.669594009763262, "x8": 1.4121889907719198, "x9": 2.4306934575481116}, "datetime": {"datetime": "2025-05-11 15:30:45", "elapsed": 3136.638741, "delta": 9.052277}}
{"target": 0.19879917174474965, "params": {"x0": 0.9275980923790241, "x1": 5.352843164049371, "x2": 5.455485502001339, "x3": 8.365715581500952, "x4": 0.8097958950515861, "x5": 0.49945670526781644, "x6": 0.12783970738174907, "x7": 4.669594009763266, "x8": 1.4121889907719196, "x9": 2.4306934575481116}, "datetime": {"datetime": "2025-05-11 15:30:55", "elapsed": 3146.839869, "delta": 10.201128}}
{"target": 0.19879917174474965, "params": {"x0": 0.9275980923790242, "x1": 5.352843164049371, "x2": 5.455485502001339, "x3": 8.365715581500952, "x4": 0.8097958950515841, "x5": 0.49945670526781666, "x6": 0.12783970738174838, "x7": 4.669594009763264, "x8": 1.4121889907719194, "x9": 2.4306934575481116}, "datetime": {"datetime": "2025-05-11 15:31:05", "elapsed": 3156.537918, "delta": 9.698049}}
{"target": 0.19879917174474965, "params": {"x0": 0.927598092379024, "x1": 5.352843164049371, "x2": 5.45548550200134, "x3": 8.365715581500952, "x4": 0.8097958950515842, "x5": 0.49945670526781805, "x6": 0.12783970738174882, "x7": 4.669594009763262, "x8": 1.4121889907719196, "x9": 2.4306934575481116}, "datetime": {"datetime": "2025-05-11 15:31:14", "elapsed": 3165.825311, "delta": 9.287393}}
{"target": 0.19879917174474965, "params": {"x0": 0.9275980923790242, "x1": 5.352843164049371, "x2": 5.4554855020013395, "x3": 8.365715581500952, "x4": 0.8097958950515844, "x5": 0.49945670526781943, "x6": 0.12783970738174869, "x7": 4.669594009763261, "x8": 1.4121889907719196, "x9": 2.4306934575481116}, "datetime": {"datetime": "2025-05-11 15:31:23", "elapsed": 3174.675499, "delta": 8.850188}}
{"target": 0.19879917174474965, "params": {"x0": 0.9275980923790241, "x1": 5.352843164049371, "x2": 5.45548550200134, "x3": 8.365715581500952, "x4": 0.809795895051585, "x5": 0.4994567052678179, "x6": 0.12783970738174869, "x7": 4.669594009763266, "x8": 1.4121889907719196, "x9": 2.4306934575481116}, "datetime": {"datetime": "2025-05-11 15:31:33", "elapsed": 3184.804136, "delta": 10.128637}}
{"target": 0.19879917174474965, "params": {"x0": 0.9275980923790241, "x1": 5.352843164049371, "x2": 5.455485502001339, "x3": 8.365715581500952, "x4": 0.8097958950515844, "x5": 0.49945670526781466, "x6": 0.12783970738174874, "x7": 4.669594009763261, "x8": 1.4121889907719196, "x9": 2.4306934575481116}, "datetime": {"datetime": "2025-05-11 15:31:42", "elapsed": 3193.740226, "delta": 8.93609}}
{"target": 0.19879917174474965, "params": {"x0": 0.9275980923790241, "x1": 5.352843164049371, "x2": 5.45548550200134, "x3": 8.365715581500952, "x4": 0.809795895051585, "x5": 0.49945670526781816, "x6": 0.12783970738174855, "x7": 4.669594009763263, "x8": 1.4121889907719196, "x9": 2.4306934575481116}, "datetime": {"datetime": "2025-05-11 15:31:52", "elapsed": 3203.478033, "delta": 9.737807}}
{"target": 0.19879917174474965, "params": {"x0": 0.9275980923790241, "x1": 5.352843164049371, "x2": 5.4554855020013395, "x3": 8.365715581500952, "x4": 0.8097958950515852, "x5": 0.4994567052678168, "x6": 0.1278397073817488, "x7": 4.669594009763262, "x8": 1.4121889907719196, "x9": 2.4306934575481116}, "datetime": {"datetime": "2025-05-11 15:32:02", "elapsed": 3213.085019, "delta": 9.606986}}
{"target": 0.19879917174474965, "params": {"x0": 0.9275980923790241, "x1": 5.352843164049371, "x2": 5.455485502001339, "x3": 8.365715581500952, "x4": 0.8097958950515846, "x5": 0.49945670526781727, "x6": 0.1278397073817487, "x7": 4.669594009763261, "x8": 1.4121889907719196, "x9": 2.4306934575481116}, "datetime": {"datetime": "2025-05-11 15:32:11", "elapsed": 3222.294273, "delta": 9.209254}}
{"target": 0.19879917174474965, "params": {"x0": 0.9275980923790241, "x1": 5.352843164049371, "x2": 5.4554855020013395, "x3": 8.365715581500952, "x4": 0.8097958950515846, "x5": 0.4994567052678182, "x6": 0.12783970738174874, "x7": 4.669594009763264, "x8": 1.4121889907719196, "x9": 2.4306934575481116}, "datetime": {"datetime": "2025-05-11 15:32:20", "elapsed": 3231.806187, "delta": 9.511914}}
{"target": 0.19879917174474965, "params": {"x0": 0.9275980923790241, "x1": 5.352843164049371, "x2": 5.4554855020013395, "x3": 8.365715581500952, "x4": 0.8097958950515847, "x5": 0.49945670526781677, "x6": 0.12783970738174866, "x7": 4.669594009763262, "x8": 1.4121889907719196, "x9": 2.4306934575481116}, "datetime": {"datetime": "2025-05-11 15:32:30", "elapsed": 3241.442157, "delta": 9.63597}}
{"target": 0.19879917174474965, "params": {"x0": 0.9275980923790241, "x1": 5.352843164049371, "x2": 5.4554855020013395, "x3": 8.365715581500952, "x4": 0.8097958950515852, "x5": 0.4994567052678162, "x6": 0.12783970738174855, "x7": 4.669594009763264, "x8": 1.4121889907719196, "x9": 2.4306934575481116}, "datetime": {"datetime": "2025-05-11 15:32:39", "elapsed": 3250.564755, "delta": 9.122598}}
{"target": 0.19879917174474965, "params": {"x0": 0.9275980923790241, "x1": 5.352843164049371, "x2": 5.4554855020013395, "x3": 8.365715581500952, "x4": 0.8097958950515846, "x5": 0.49945670526781694, "x6": 0.12783970738174855, "x7": 4.669594009763264, "x8": 1.4121889907719196, "x9": 2.4306934575481116}, "datetime": {"datetime": "2025-05-11 15:32:49", "elapsed": 3260.108602, "delta": 9.543847}}
{"target": 0.19879917174474965, "params": {"x0": 0.9275980923790241, "x1": 5.352843164049371, "x2": 5.4554855020013395, "x3": 8.365715581500952, "x4": 0.8097958950515848, "x5": 0.49945670526781616, "x6": 0.12783970738174869, "x7": 4.669594009763263, "x8": 1.4121889907719196, "x9": 2.4306934575481116}, "datetime": {"datetime": "2025-05-11 15:32:59", "elapsed": 3270.588107, "delta": 10.479505}}
{"target": 0.19879917174474965, "params": {"x0": 0.9275980923790241, "x1": 5.352843164049371, "x2": 5.4554855020013395, "x3": 8.365715581500952, "x4": 0.809795895051585, "x5": 0.4994567052678166, "x6": 0.12783970738174869, "x7": 4.669594009763264, "x8": 1.4121889907719196, "x9": 2.4306934575481116}, "datetime": {"datetime": "2025-05-11 15:33:08", "elapsed": 3279.653159, "delta": 9.065052}}
{"target": 0.19879917174474965, "params": {"x0": 0.9275980923790241, "x1": 5.352843164049371, "x2": 5.4554855020013395, "x3": 8.365715581500952, "x4": 0.8097958950515847, "x5": 0.4994567052678166, "x6": 0.12783970738174866, "x7": 4.669594009763263, "x8": 1.4121889907719196, "x9": 2.4306934575481116}, "datetime": {"datetime": "2025-05-11 15:33:18", "elapsed": 3289.541944, "delta": 9.888785}}
{"target": 0.19879917174474965, "params": {"x0": 0.9275980923790241, "x1": 5.352843164049371, "x2": 5.4554855020013395, "x3": 8.365715581500952, "x4": 0.8097958950515847, "x5": 0.49945670526781616, "x6": 0.12783970738174863, "x7": 4.669594009763264, "x8": 1.4121889907719196, "x9": 2.4306934575481116}, "datetime": {"datetime": "2025-05-11 15:33:28", "elapsed": 3299.359608, "delta": 9.817664}}
{"target": 0.19879917174474965, "params": {"x0": 0.9275980923790241, "x1": 5.352843164049371, "x2": 5.4554855020013395, "x3": 8.365715581500952, "x4": 0.8097958950515849, "x5": 0.49945670526781655, "x6": 0.12783970738174866, "x7": 4.669594009763263, "x8": 1.4121889907719196, "x9": 2.4306934575481116}, "datetime": {"datetime": "2025-05-11 15:33:38", "elapsed": 3309.168416, "delta": 9.808808}}
{"target": 0.19879917174474965, "params": {"x0": 0.9275980923790241, "x1": 5.352843164049371, "x2": 5.4554855020013395, "x3": 8.365715581500952, "x4": 0.8097958950515848, "x5": 0.4994567052678165, "x6": 0.12783970738174855, "x7": 4.669594009763264, "x8": 1.4121889907719196, "x9": 2.4306934575481116}, "datetime": {"datetime": "2025-05-11 15:33:48", "elapsed": 3319.204136, "delta": 10.03572}}
{"target": 0.19879917174474965, "params": {"x0": 0.9275980923790241, "x1": 5.352843164049371, "x2": 5.4554855020013395, "x3": 8.365715581500952, "x4": 0.8097958950515849, "x5": 0.4994567052678172, "x6": 0.12783970738174869, "x7": 4.669594009763264, "x8": 1.4121889907719196, "x9": 2.4306934575481116}, "datetime": {"datetime": "2025-05-11 15:33:57", "elapsed": 3328.31261, "delta": 9.108474}}
{"target": 0.19879917174474965, "params": {"x0": 0.9275980923790241, "x1": 5.352843164049371, "x2": 5.4554855020013395, "x3": 8.365715581500952, "x4": 0.8097958950515848, "x5": 0.4994567052678165, "x6": 0.1278397073817486, "x7": 4.669594009763263, "x8": 1.4121889907719196, "x9": 2.4306934575481116}, "datetime": {"datetime": "2025-05-11 15:34:06", "elapsed": 3337.960926, "delta": 9.648316}}
{"target": 0.19879917174474965, "params": {"x0": 0.9275980923790241, "x1": 5.352843164049371, "x2": 5.4554855020013395, "x3": 8.365715581500952, "x4": 0.8097958950515848, "x5": 0.4994567052678169, "x6": 0.1278397073817486, "x7": 4.669594009763262, "x8": 1.4121889907719196, "x9": 2.4306934575481116}, "datetime": {"datetime": "2025-05-11 15:34:16", "elapsed": 3347.686777, "delta": 9.725851}}
{"target": 0.19879917174474965, "params": {"x0": 0.9275980923790241, "x1": 5.352843164049371, "x2": 5.4554855020013395, "x3": 8.365715581500952, "x4": 0.809795895051585, "x5": 0.49945670526781694, "x6": 0.12783970738174857, "x7": 4.669594009763263, "x8": 1.4121889907719196, "x9": 2.4306934575481116}, "datetime": {"datetime": "2025-05-11 15:34:26", "elapsed": 3357.237727, "delta": 9.55095}}
{"target": 0.19879917174474965, "params": {"x0": 0.9275980923790241, "x1": 5.352843164049371, "x2": 5.4554855020013395, "x3": 8.365715581500952, "x4": 0.8097958950515848, "x5": 0.4994567052678166, "x6": 0.12783970738174855, "x7": 4.669594009763263, "x8": 1.4121889907719196, "x9": 2.4306934575481116}, "datetime": {"datetime": "2025-05-11 15:34:35", "elapsed": 3366.959673, "delta": 9.721946}}
{"target": 0.19879917174474965, "params": {"x0": 0.9275980923790241, "x1": 5.352843164049371, "x2": 5.4554855020013395, "x3": 8.365715581500952, "x4": 0.809795895051585, "x5": 0.4994567052678168, "x6": 0.12783970738174863, "x7": 4.669594009763263, "x8": 1.4121889907719196, "x9": 2.4306934575481116}, "datetime": {"datetime": "2025-05-11 15:34:46", "elapsed": 3377.014286, "delta": 10.054613}}
{"target": 0.19879917174474965, "params": {"x0": 0.9275980923790241, "x1": 5.352843164049371, "x2": 5.4554855020013395, "x3": 8.365715581500952, "x4": 0.809795895051585, "x5": 0.49945670526781666, "x6": 0.12783970738174855, "x7": 4.669594009763263, "x8": 1.4121889907719196, "x9": 2.4306934575481116}, "datetime": {"datetime": "2025-05-11 15:34:56", "elapsed": 3387.077986, "delta": 10.0637}}
{"target": 0.19879917174474965, "params": {"x0": 0.9275980923790241, "x1": 5.352843164049371, "x2": 5.4554855020013395, "x3": 8.365715581500952, "x4": 0.8097958950515849, "x5": 0.4994567052678168, "x6": 0.12783970738174857, "x7": 4.669594009763263, "x8": 1.4121889907719196, "x9": 2.4306934575481116}, "datetime": {"datetime": "2025-05-11 15:35:07", "elapsed": 3398.127075, "delta": 11.049089}}
{"target": 0.19879917174474965, "params": {"x0": 0.9275980923790241, "x1": 5.352843164049371, "x2": 5.4554855020013395, "x3": 8.365715581500952, "x4": 0.809795895051585, "x5": 0.4994567052678167, "x6": 0.1278397073817486, "x7": 4.669594009763263, "x8": 1.4121889907719196, "x9": 2.4306934575481116}, "datetime": {"datetime": "2025-05-11 15:35:17", "elapsed": 3408.660981, "delta": 10.533906}}
{"target": 0.19879917174474965, "params": {"x0": 0.9275980923790241, "x1": 5.352843164049371, "x2": 5.4554855020013395, "x3": 8.365715581500952, "x4": 0.8097958950515848, "x5": 0.499456705267817, "x6": 0.1278397073817486, "x7": 4.669594009763263, "x8": 1.4121889907719196, "x9": 2.4306934575481116}, "datetime": {"datetime": "2025-05-11 15:35:27", "elapsed": 3418.075761, "delta": 9.41478}}
{"target": 0.19879917174474965, "params": {"x0": 0.9275980923790241, "x1": 5.352843164049371, "x2": 5.4554855020013395, "x3": 8.365715581500952, "x4": 0.809795895051585, "x5": 0.4994567052678169, "x6": 0.12783970738174857, "x7": 4.669594009763263, "x8": 1.4121889907719196, "x9": 2.4306934575481116}, "datetime": {"datetime": "2025-05-11 15:35:37", "elapsed": 3428.622312, "delta": 10.546551}}
{"target": 0.19879917174474965, "params": {"x0": 0.9275980923790241, "x1": 5.352843164049371, "x2": 5.4554855020013395, "x3": 8.365715581500952, "x4": 0.809795895051585, "x5": 0.49945670526781677, "x6": 0.12783970738174863, "x7": 4.669594009763263, "x8": 1.4121889907719196, "x9": 2.4306934575481116}, "datetime": {"datetime": "2025-05-11 15:35:47", "elapsed": 3438.960762, "delta": 10.33845}}
{"target": 0.19879917174474965, "params": {"x0": 0.9275980923790241, "x1": 5.352843164049371, "x2": 5.4554855020013395, "x3": 8.365715581500952, "x4": 0.8097958950515849, "x5": 0.4994567052678166, "x6": 0.1278397073817486, "x7": 4.669594009763263, "x8": 1.4121889907719196, "x9": 2.4306934575481116}, "datetime": {"datetime": "2025-05-11 15:35:57", "elapsed": 3448.595787, "delta": 9.635025}}
{"target": 0.19879917174474965, "params": {"x0": 0.9275980923790241, "x1": 5.352843164049371, "x2": 5.4554855020013395, "x3": 8.365715581500952, "x4": 0.8097958950515849, "x5": 0.49945670526781666, "x6": 0.1278397073817486, "x7": 4.669594009763263, "x8": 1.4121889907719196, "x9": 2.4306934575481116}, "datetime": {"datetime": "2025-05-11 15:36:07", "elapsed": 3458.091124, "delta": 9.495337}}
{"target": 0.19879917174474965, "params": {"x0": 0.9275980923790241, "x1": 5.352843164049371, "x2": 5.4554855020013395, "x3": 8.365715581500952, "x4": 0.8097958950515849, "x5": 0.49945670526781666, "x6": 0.12783970738174863, "x7": 4.669594009763263, "x8": 1.4121889907719196, "x9": 2.4306934575481116}, "datetime": {"datetime": "2025-05-11 15:36:17", "elapsed": 3468.54439, "delta": 10.453266}}
{"target": 0.19879917174474965, "params": {"x0": 0.9275980923790241, "x1": 5.352843164049371, "x2": 5.4554855020013395, "x3": 8.365715581500952, "x4": 0.8097958950515849, "x5": 0.4994567052678169, "x6": 0.12783970738174857, "x7": 4.669594009763263, "x8": 1.4121889907719196, "x9": 2.4306934575481116}, "datetime": {"datetime": "2025-05-11 15:36:27", "elapsed": 3478.614661, "delta": 10.070271}}
{"target": 0.19879917174474965, "params": {"x0": 0.9275980923790241, "x1": 5.352843164049371, "x2": 5.4554855020013395, "x3": 8.365715581500952, "x4": 0.8097958950515849, "x5": 0.4994567052678168, "x6": 0.12783970738174857, "x7": 4.669594009763263, "x8": 1.4121889907719196, "x9": 2.4306934575481116}, "datetime": {"datetime": "2025-05-11 15:36:38", "elapsed": 3489.419406, "delta": 10.804745}}
{"target": 0.19879917174474965, "params": {"x0": 0.9275980923790241, "x1": 5.352843164049371, "x2": 5.4554855020013395, "x3": 8.365715581500952, "x4": 0.8097958950515849, "x5": 0.4994567052678168, "x6": 0.1278397073817486, "x7": 4.669594009763263, "x8": 1.4121889907719196, "x9": 2.4306934575481116}, "datetime": {"datetime": "2025-05-11 15:36:49", "elapsed": 3500.039017, "delta": 10.619611}}
{"target": 0.19879917174474965, "params": {"x0": 0.9275980923790241, "x1": 5.352843164049371, "x2": 5.4554855020013395, "x3": 8.365715581500952, "x4": 0.8097958950515849, "x5": 0.4994567052678167, "x6": 0.1278397073817486, "x7": 4.669594009763263, "x8": 1.4121889907719196, "x9": 2.4306934575481116}, "datetime": {"datetime": "2025-05-11 15:36:58", "elapsed": 3509.551728, "delta": 9.512711}}
{"target": 0.19879917174474965, "params": {"x0": 0.9275980923790241, "x1": 5.352843164049371, "x2": 5.4554855020013395, "x3": 8.365715581500952, "x4": 0.8097958950515849, "x5": 0.4994567052678167, "x6": 0.1278397073817486, "x7": 4.669594009763263, "x8": 1.4121889907719196, "x9": 2.4306934575481116}, "datetime": {"datetime": "2025-05-11 15:37:08", "elapsed": 3519.736287, "delta": 10.184559}}
{"target": 0.19879917174474965, "params": {"x0": 0.9275980923790241, "x1": 5.352843164049371, "x2": 5.4554855020013395, "x3": 8.365715581500952, "x4": 0.8097958950515849, "x5": 0.4994567052678167, "x6": 0.1278397073817486, "x7": 4.669594009763263, "x8": 1.4121889907719196, "x9": 2.4306934575481116}, "datetime": {"datetime": "2025-05-11 15:37:18", "elapsed": 3529.968707, "delta": 10.23242}}
{"target": 0.19879917174474965, "params": {"x0": 0.9275980923790241, "x1": 5.352843164049371, "x2": 5.4554855020013395, "x3": 8.365715581500952, "x4": 0.8097958950515849, "x5": 0.4994567052678167, "x6": 0.1278397073817486, "x7": 4.669594009763263, "x8": 1.4121889907719196, "x9": 2.4306934575481116}, "datetime": {"datetime": "2025-05-11 15:37:29", "elapsed": 3540.164286, "delta": 10.195579}}
{"target": 0.19879917174474965, "params": {"x0": 0.9275980923790241, "x1": 5.352843164049371, "x2": 5.4554855020013395, "x3": 8.365715581500952, "x4": 0.8097958950515849, "x5": 0.4994567052678168, "x6": 0.1278397073817486, "x7": 4.669594009763263, "x8": 1.4121889907719196, "x9": 2.4306934575481116}, "datetime": {"datetime": "2025-05-11 15:37:39", "elapsed": 3550.086165, "delta": 9.921879}}
{"target": 0.19879917174474965, "params": {"x0": 0.9275980923790241, "x1": 5.352843164049371, "x2": 5.4554855020013395, "x3": 8.365715581500952, "x4": 0.8097958950515849, "x5": 0.4994567052678167, "x6": 0.1278397073817486, "x7": 4.669594009763263, "x8": 1.4121889907719196, "x9": 2.4306934575481116}, "datetime": {"datetime": "2025-05-11 15:37:48", "elapsed": 3559.561976, "delta": 9.475811}}
{"target": 0.19879917174474965, "params": {"x0": 0.9275980923790241, "x1": 5.352843164049371, "x2": 5.4554855020013395, "x3": 8.365715581500952, "x4": 0.8097958950515849, "x5": 0.49945670526781677, "x6": 0.1278397073817486, "x7": 4.669594009763263, "x8": 1.4121889907719196, "x9": 2.4306934575481116}, "datetime": {"datetime": "2025-05-11 15:37:59", "elapsed": 3570.625478, "delta": 11.063502}}
{"target": 0.19879917174474965, "params": {"x0": 0.9275980923790241, "x1": 5.352843164049371, "x2": 5.4554855020013395, "x3": 8.365715581500952, "x4": 0.8097958950515849, "x5": 0.4994567052678168, "x6": 0.1278397073817486, "x7": 4.669594009763263, "x8": 1.4121889907719196, "x9": 2.4306934575481116}, "datetime": {"datetime": "2025-05-11 15:38:09", "elapsed": 3580.342722, "delta": 9.717244}}
{"target": 0.19879917174474965, "params": {"x0": 0.9275980923790241, "x1": 5.352843164049371, "x2": 5.4554855020013395, "x3": 8.365715581500952, "x4": 0.8097958950515849, "x5": 0.49945670526781677, "x6": 0.1278397073817486, "x7": 4.669594009763263, "x8": 1.4121889907719196, "x9": 2.4306934575481116}, "datetime": {"datetime": "2025-05-11 15:38:19", "elapsed": 3590.359662, "delta": 10.01694}}
{"target": 0.19879917174474965, "params": {"x0": 0.9275980923790241, "x1": 5.352843164049371, "x2": 5.4554855020013395, "x3": 8.365715581500952, "x4": 0.8097958950515849, "x5": 0.4994567052678168, "x6": 0.1278397073817486, "x7": 4.669594009763263, "x8": 1.4121889907719196, "x9": 2.4306934575481116}, "datetime": {"datetime": "2025-05-11 15:38:29", "elapsed": 3600.729563, "delta": 10.369901}}
{"target": 0.19879917174474965, "params": {"x0": 0.9275980923790241, "x1": 5.352843164049371, "x2": 5.4554855020013395, "x3": 8.365715581500952, "x4": 0.8097958950515849, "x5": 0.49945670526781677, "x6": 0.1278397073817486, "x7": 4.669594009763263, "x8": 1.4121889907719196, "x9": 2.4306934575481116}, "datetime": {"datetime": "2025-05-11 15:38:39", "elapsed": 3610.76228, "delta": 10.032717}}
