{"target": 0.19879917174474965, "params": {"x0": 0.9275980967841839, "x1": 5.352843189221249, "x2": 5.455485619343449, "x3": 8.365715565697112, "x4": 0.8097957805183449, "x5": 0.49945651487635445, "x6": 0.1278396979002052, "x7": 4.669593757216976, "x8": 1.412188990441051, "x9": 2.4306934498015327}, "datetime": {"datetime": "2025-05-11 15:06:07", "elapsed": 1658.674366, "delta": 7.523542}}
{"target": 0.19879917174474965, "params": {"x0": 0.927598095606492, "x1": 5.3528431770599605, "x2": 5.455485607749923, "x3": 8.36571562653003, "x4": 0.8097958045495272, "x5": 0.4994564604604974, "x6": 0.12783972725610873, "x7": 4.669593699963573, "x8": 1.4121889987178744, "x9": 2.4306934519342427}, "datetime": {"datetime": "2025-05-11 15:06:15", "elapsed": 1666.264338, "delta": 7.589972}}
{"target": 0.19879917174474965, "params": {"x0": 0.9275980921577973, "x1": 5.352843147369754, "x2": 5.455485563148879, "x3": 8.365715628875588, "x4": 0.8097958011066274, "x5": 0.49945644565271863, "x6": 0.1278396820894074, "x7": 4.66959377336316, "x8": 1.4121889948293807, "x9": 2.4306934544797025}, "datetime": {"datetime": "2025-05-11 15:06:23", "elapsed": 1673.990508, "delta": 7.72617}}
{"target": 0.19879917174474965, "params": {"x0": 0.9275980969554822, "x1": 5.352843171269009, "x2": 5.455485588449878, "x3": 8.365715612916595, "x4": 0.8097958111496494, "x5": 0.4994564872134403, "x6": 0.12783970091602131, "x7": 4.6695937627024895, "x8": 1.412188988623351, "x9": 2.430693457350302}, "datetime": {"datetime": "2025-05-11 15:06:31", "elapsed": 1682.347188, "delta": 8.35668}}
{"target": 0.19879917174474965, "params": {"x0": 0.9275980963978003, "x1": 5.352843179580406, "x2": 5.4554855676435015, "x3": 8.365715619605977, "x4": 0.8097958187472528, "x5": 0.49945651956187104, "x6": 0.12783969631032735, "x7": 4.669593824052487, "x8": 1.4121889914006578, "x9": 2.430693451698085}, "datetime": {"datetime": "2025-05-11 15:06:38", "elapsed": 1689.916401, "delta": 7.569213}}
{"target": 0.19879917174474965, "params": {"x0": 0.9275980956805183, "x1": 5.352843175988128, "x2": 5.455485569581876, "x3": 8.365715610746394, "x4": 0.8097958451818275, "x5": 0.49945652090308434, "x6": 0.1278397011530844, "x7": 4.669593823474087, "x8": 1.4121889965366952, "x9": 2.4306934601691292}, "datetime": {"datetime": "2025-05-11 15:06:46", "elapsed": 1697.686933, "delta": 7.770532}}
{"target": 0.19879917174474965, "params": {"x0": 0.9275980923935101, "x1": 5.352843166600159, "x2": 5.455485541891434, "x3": 8.36571562219228, "x4": 0.8097958345599738, "x5": 0.4994565320339352, "x6": 0.1278396910460071, "x7": 4.669593897433396, "x8": 1.4121889955454208, "x9": 2.430693456062896}, "datetime": {"datetime": "2025-05-11 15:06:54", "elapsed": 1705.726436, "delta": 8.039503}}
{"target": 0.19879917174474965, "params": {"x0": 0.9275980947379361, "x1": 5.352843160924705, "x2": 5.455485546367635, "x3": 8.365715563857606, "x4": 0.8097958446092359, "x5": 0.49945659826522704, "x6": 0.12783970070467182, "x7": 4.6695938441916445, "x8": 1.4121889941996744, "x9": 2.4306934542749215}, "datetime": {"datetime": "2025-05-11 15:07:02", "elapsed": 1713.735743, "delta": 8.009307}}
{"target": 0.19879917174474965, "params": {"x0": 0.9275980919958304, "x1": 5.352843172913836, "x2": 5.455485543017033, "x3": 8.365715608351033, "x4": 0.809795848156811, "x5": 0.49945659667532044, "x6": 0.12783971930655327, "x7": 4.669593868465694, "x8": 1.4121889908893386, "x9": 2.430693453495963}, "datetime": {"datetime": "2025-05-11 15:07:10", "elapsed": 1721.474776, "delta": 7.739033}}
{"target": 0.19879917174474965, "params": {"x0": 0.9275980925685797, "x1": 5.352843168365106, "x2": 5.455485545925158, "x3": 8.365715607992486, "x4": 0.8097958570194974, "x5": 0.4994566428823416, "x6": 0.1278396921811269, "x7": 4.669593899913134, "x8": 1.4121889947176012, "x9": 2.4306934542082823}, "datetime": {"datetime": "2025-05-11 15:07:18", "elapsed": 1729.097402, "delta": 7.622626}}
{"target": 0.19879917174474965, "params": {"x0": 0.9275980929069667, "x1": 5.352843162824717, "x2": 5.455485542319547, "x3": 8.365715603650823, "x4": 0.8097958556146639, "x5": 0.49945660215974447, "x6": 0.1278397053558428, "x7": 4.669593952582602, "x8": 1.4121889923931645, "x9": 2.4306934563607565}, "datetime": {"datetime": "2025-05-11 15:07:25", "elapsed": 1736.869408, "delta": 7.772006}}
{"target": 0.19879917174474965, "params": {"x0": 0.927598093846873, "x1": 5.3528431570629005, "x2": 5.455485534267511, "x3": 8.365715598463293, "x4": 0.8097958692731257, "x5": 0.49945660233131384, "x6": 0.1278396959661499, "x7": 4.669593927438376, "x8": 1.4121889935097296, "x9": 2.4306934550309287}, "datetime": {"datetime": "2025-05-11 15:07:33", "elapsed": 1744.647631, "delta": 7.778223}}
{"target": 0.19879917174474965, "params": {"x0": 0.927598091653967, "x1": 5.352843169750282, "x2": 5.455485529852336, "x3": 8.365715600871445, "x4": 0.8097958632085964, "x5": 0.49945661460584406, "x6": 0.1278396939044759, "x7": 4.6695939529681825, "x8": 1.4121889930959386, "x9": 2.430693458807698}, "datetime": {"datetime": "2025-05-11 15:07:41", "elapsed": 1752.390308, "delta": 7.742677}}
{"target": 0.19879917174474965, "params": {"x0": 0.9275980925960153, "x1": 5.352843166282402, "x2": 5.455485528011678, "x3": 8.365715566334101, "x4": 0.8097958688336792, "x5": 0.49945666398471006, "x6": 0.12783970406634745, "x7": 4.669593921672581, "x8": 1.4121889927281668, "x9": 2.430693455369079}, "datetime": {"datetime": "2025-05-11 15:07:49", "elapsed": 1760.111746, "delta": 7.721438}}
{"target": 0.19879917174474965, "params": {"x0": 0.9275980910723146, "x1": 5.352843170079347, "x2": 5.4554855182480235, "x3": 8.365715594893793, "x4": 0.8097958694290184, "x5": 0.49945663031058013, "x6": 0.12783970295995686, "x7": 4.669593935155695, "x8": 1.4121889931161133, "x9": 2.4306934556254087}, "datetime": {"datetime": "2025-05-11 15:07:56", "elapsed": 1767.675964, "delta": 7.564218}}
{"target": 0.19879917174474965, "params": {"x0": 0.9275980929044708, "x1": 5.3528431619816494, "x2": 5.45548552585364, "x3": 8.365715594865383, "x4": 0.8097958741874752, "x5": 0.49945664207195095, "x6": 0.12783970731516106, "x7": 4.669593973972449, "x8": 1.4121889928151121, "x9": 2.430693455557659}, "datetime": {"datetime": "2025-05-11 15:08:04", "elapsed": 1775.980489, "delta": 8.304525}}
{"target": 0.19879917174474965, "params": {"x0": 0.9275980920900485, "x1": 5.352843168276881, "x2": 5.45548552022335, "x3": 8.365715595890162, "x4": 0.8097958736698352, "x5": 0.49945667801806, "x6": 0.12783969912666332, "x7": 4.669593948044272, "x8": 1.4121889889976926, "x9": 2.4306934564227736}, "datetime": {"datetime": "2025-05-11 15:08:12", "elapsed": 1783.858715, "delta": 7.878226}}
{"target": 0.19879917174474965, "params": {"x0": 0.9275980929775044, "x1": 5.352843160143074, "x2": 5.45548551857368, "x3": 8.365715592720655, "x4": 0.8097958771315094, "x5": 0.49945665554155116, "x6": 0.12783971352293874, "x7": 4.669593961472586, "x8": 1.4121889919457304, "x9": 2.43069345600693}, "datetime": {"datetime": "2025-05-11 15:08:20", "elapsed": 1791.599473, "delta": 7.740758}}
{"target": 0.19879917174474965, "params": {"x0": 0.9275980926436985, "x1": 5.352843167064433, "x2": 5.455485518177402, "x3": 8.365715584369669, "x4": 0.8097958790204145, "x5": 0.499456672700312, "x6": 0.12783970139183248, "x7": 4.669593961289587, "x8": 1.4121889917183708, "x9": 2.430693457326881}, "datetime": {"datetime": "2025-05-11 15:08:28", "elapsed": 1799.32739, "delta": 7.727917}}
{"target": 0.19879917174474965, "params": {"x0": 0.9275980931981492, "x1": 5.35284316675968, "x2": 5.455485514509176, "x3": 8.36571559003784, "x4": 0.8097958794637514, "x5": 0.4994566647001427, "x6": 0.12783970950713922, "x7": 4.669593963596949, "x8": 1.41218899212505, "x9": 2.4306934578869837}, "datetime": {"datetime": "2025-05-11 15:08:36", "elapsed": 1807.15072, "delta": 7.82333}}
{"target": 0.19879917174474965, "params": {"x0": 0.9275980930458328, "x1": 5.352843164398541, "x2": 5.455485512416533, "x3": 8.36571558525596, "x4": 0.809795882567051, "x5": 0.4994566653806218, "x6": 0.12783970191420593, "x7": 4.669593973690158, "x8": 1.4121889918681616, "x9": 2.4306934565457006}, "datetime": {"datetime": "2025-05-11 15:08:43", "elapsed": 1814.862184, "delta": 7.711464}}
{"target": 0.19879917174474965, "params": {"x0": 0.9275980928289598, "x1": 5.352843166081247, "x2": 5.455485514001764, "x3": 8.365715583639005, "x4": 0.809795883217773, "x5": 0.4994566783474609, "x6": 0.12783971168087493, "x7": 4.669593987063289, "x8": 1.4121889913067003, "x9": 2.43069345676958}, "datetime": {"datetime": "2025-05-11 15:08:51", "elapsed": 1822.60572, "delta": 7.743536}}
{"target": 0.19879917174474965, "params": {"x0": 0.9275980924781333, "x1": 5.352843166088291, "x2": 5.455485512596114, "x3": 8.36571558740325, "x4": 0.809795885036873, "x5": 0.4994566844604201, "x6": 0.12783971004607567, "x7": 4.66959397549269, "x8": 1.4121889910287773, "x9": 2.43069345731422}, "datetime": {"datetime": "2025-05-11 15:08:59", "elapsed": 1830.601909, "delta": 7.996189}}
{"target": 0.19879917174474965, "params": {"x0": 0.9275980925178615, "x1": 5.352843166238537, "x2": 5.455485510397619, "x3": 8.365715581250443, "x4": 0.8097958847778586, "x5": 0.4994566844480149, "x6": 0.1278397057363033, "x7": 4.669593980142082, "x8": 1.4121889911195273, "x9": 2.4306934567140637}, "datetime": {"datetime": "2025-05-11 15:09:07", "elapsed": 1838.629969, "delta": 8.02806}}
{"target": 0.19879917174474965, "params": {"x0": 0.9275980926770165, "x1": 5.352843164585216, "x2": 5.455485509552626, "x3": 8.365715588080235, "x4": 0.8097958872529337, "x5": 0.4994566825920939, "x6": 0.12783970463985053, "x7": 4.669593995298885, "x8": 1.4121889912913144, "x9": 2.430693456848536}, "datetime": {"datetime": "2025-05-11 15:09:16", "elapsed": 1847.043319, "delta": 8.41335}}
{"target": 0.19879917174474965, "params": {"x0": 0.9275980920029284, "x1": 5.352843165314846, "x2": 5.45548551030249, "x3": 8.3657155845831, "x4": 0.8097958869168195, "x5": 0.49945669202399806, "x6": 0.1278397056872242, "x7": 4.669593985297534, "x8": 1.4121889906160534, "x9": 2.4306934569239864}, "datetime": {"datetime": "2025-05-11 15:09:24", "elapsed": 1855.308072, "delta": 8.264753}}
{"target": 0.19879917174474965, "params": {"x0": 0.9275980926800093, "x1": 5.352843164150436, "x2": 5.455485509100813, "x3": 8.365715584793055, "x4": 0.8097958892199356, "x5": 0.49945668530927895, "x6": 0.12783970698517375, "x7": 4.669593988286846, "x8": 1.4121889909857042, "x9": 2.430693456929756}, "datetime": {"datetime": "2025-05-11 15:09:32", "elapsed": 1863.290996, "delta": 7.982924}}
{"target": 0.19879917174474965, "params": {"x0": 0.9275980924737591, "x1": 5.352843165055029, "x2": 5.45548550875022, "x3": 8.365715583110266, "x4": 0.809795888610921, "x5": 0.49945669616402405, "x6": 0.1278397070900236, "x7": 4.669593994770757, "x8": 1.412188991322939, "x9": 2.430693457239239}, "datetime": {"datetime": "2025-05-11 15:09:40", "elapsed": 1871.584328, "delta": 8.293332}}
{"target": 0.19879917174474965, "params": {"x0": 0.9275980924788991, "x1": 5.3528431640952725, "x2": 5.4554855063042424, "x3": 8.365715584032435, "x4": 0.8097958894712344, "x5": 0.4994566924501433, "x6": 0.12783970855278318, "x7": 4.669593991722539, "x8": 1.412188990887479, "x9": 2.4306934570862655}, "datetime": {"datetime": "2025-05-11 15:09:48", "elapsed": 1879.294311, "delta": 7.709983}}
{"target": 0.19879917174474965, "params": {"x0": 0.9275980922255236, "x1": 5.352843165011928, "x2": 5.455485506634128, "x3": 8.365715584867653, "x4": 0.8097958916194484, "x5": 0.49945669063563586, "x6": 0.12783970736203695, "x7": 4.669593994878191, "x8": 1.4121889912526522, "x9": 2.4306934573308907}, "datetime": {"datetime": "2025-05-11 15:09:56", "elapsed": 1887.003047, "delta": 7.708736}}
{"target": 0.19879917174474965, "params": {"x0": 0.9275980925596449, "x1": 5.352843164237789, "x2": 5.4554855067374115, "x3": 8.365715581080403, "x4": 0.8097958902293508, "x5": 0.49945669379084395, "x6": 0.12783970607355463, "x7": 4.669593998486467, "x8": 1.4121889909793628, "x9": 2.4306934575266945}, "datetime": {"datetime": "2025-05-11 15:10:03", "elapsed": 1894.879534, "delta": 7.876487}}
{"target": 0.19879917174474965, "params": {"x0": 0.9275980925947035, "x1": 5.352843164749292, "x2": 5.45548550480125, "x3": 8.36571558199958, "x4": 0.8097958906006767, "x5": 0.49945669557874334, "x6": 0.1278397061494625, "x7": 4.669594000214343, "x8": 1.4121889910055458, "x9": 2.4306934572157233}, "datetime": {"datetime": "2025-05-11 15:10:12", "elapsed": 1903.671817, "delta": 8.792283}}
{"target": 0.19879917174474965, "params": {"x0": 0.9275980925789982, "x1": 5.352843164480441, "x2": 5.455485505466941, "x3": 8.365715583096513, "x4": 0.8097958910862613, "x5": 0.4994566986275032, "x6": 0.12783970780533768, "x7": 4.669594000007854, "x8": 1.4121889907189598, "x9": 2.4306934573643955}, "datetime": {"datetime": "2025-05-11 15:10:20", "elapsed": 1911.651642, "delta": 7.979825}}
{"target": 0.19879917174474965, "params": {"x0": 0.9275980924602717, "x1": 5.352843164109904, "x2": 5.4554855056693174, "x3": 8.365715583606498, "x4": 0.8097958917330882, "x5": 0.4994566968543268, "x6": 0.12783970720801532, "x7": 4.669594005244673, "x8": 1.4121889910567507, "x9": 2.430693457461297}, "datetime": {"datetime": "2025-05-11 15:10:28", "elapsed": 1919.436237, "delta": 7.784595}}
{"target": 0.19879917174474965, "params": {"x0": 0.9275980924208177, "x1": 5.352843164653981, "x2": 5.455485504348569, "x3": 8.365715580242108, "x4": 0.8097958921554428, "x5": 0.4994566970399635, "x6": 0.12783970617233337, "x7": 4.669594001871032, "x8": 1.4121889910385736, "x9": 2.430693457345747}, "datetime": {"datetime": "2025-05-11 15:10:36", "elapsed": 1927.102646, "delta": 7.666409}}
{"target": 0.19879917174474965, "params": {"x0": 0.9275980924663613, "x1": 5.3528431640337555, "x2": 5.455485504802843, "x3": 8.365715583005441, "x4": 0.8097958926965553, "x5": 0.49945669747004007, "x6": 0.12783970696745708, "x7": 4.669594001321192, "x8": 1.4121889906887464, "x9": 2.430693457481518}, "datetime": {"datetime": "2025-05-11 15:10:44", "elapsed": 1935.217759, "delta": 8.115113}}
{"target": 0.19879917174474965, "params": {"x0": 0.927598092481709, "x1": 5.352843164625936, "x2": 5.455485504155028, "x3": 8.365715581838524, "x4": 0.8097958926641029, "x5": 0.49945669805163, "x6": 0.12783970644181308, "x7": 4.6695940063502155, "x8": 1.4121889908044065, "x9": 2.430693457372666}, "datetime": {"datetime": "2025-05-11 15:10:52", "elapsed": 1943.335899, "delta": 8.11814}}
{"target": 0.19879917174474965, "params": {"x0": 0.927598092441686, "x1": 5.352843164510851, "x2": 5.455485504388179, "x3": 8.365715583105947, "x4": 0.8097958929154444, "x5": 0.49945669980467877, "x6": 0.12783970724803362, "x7": 4.66959400259315, "x8": 1.4121889906379943, "x9": 2.4306934573628007}, "datetime": {"datetime": "2025-05-11 15:11:00", "elapsed": 1951.303131, "delta": 7.967232}}
{"target": 0.19879917174474965, "params": {"x0": 0.9275980924246312, "x1": 5.3528431639792995, "x2": 5.455485503917446, "x3": 8.365715582764537, "x4": 0.8097958929964324, "x5": 0.49945669979521246, "x6": 0.1278397072363299, "x7": 4.669594007517473, "x8": 1.4121889908906404, "x9": 2.4306934573938057}, "datetime": {"datetime": "2025-05-11 15:11:08", "elapsed": 1959.280396, "delta": 7.977265}}
{"target": 0.19879917174474965, "params": {"x0": 0.9275980924803782, "x1": 5.352843164357691, "x2": 5.455485503787412, "x3": 8.365715580387349, "x4": 0.8097958933996963, "x5": 0.4994567012317304, "x6": 0.12783970746992393, "x7": 4.669594004128005, "x8": 1.4121889909412784, "x9": 2.430693457471426}, "datetime": {"datetime": "2025-05-11 15:11:16", "elapsed": 1967.682951, "delta": 8.402555}}
{"target": 0.19879917174474965, "params": {"x0": 0.9275980923254008, "x1": 5.352843163937544, "x2": 5.455485503736843, "x3": 8.3657155818705, "x4": 0.8097958933313537, "x5": 0.49945670130577513, "x6": 0.12783970697298988, "x7": 4.669594005137687, "x8": 1.4121889908811975, "x9": 2.430693457592716}, "datetime": {"datetime": "2025-05-11 15:11:24", "elapsed": 1975.50314, "delta": 7.820189}}
{"target": 0.19879917174474965, "params": {"x0": 0.9275980923441511, "x1": 5.352843163921706, "x2": 5.455485503492095, "x3": 8.36571558161916, "x4": 0.8097958935007437, "x5": 0.49945670260356634, "x6": 0.1278397071163161, "x7": 4.669594005606139, "x8": 1.41218899078211, "x9": 2.430693457539245}, "datetime": {"datetime": "2025-05-11 15:11:32", "elapsed": 1983.618794, "delta": 8.115654}}
{"target": 0.19879917174474965, "params": {"x0": 0.9275980923275061, "x1": 5.3528431643398635, "x2": 5.455485503165898, "x3": 8.36571558239984, "x4": 0.809795893787506, "x5": 0.49945670144526627, "x6": 0.12783970706065007, "x7": 4.669594005707529, "x8": 1.4121889906767648, "x9": 2.4306934576341197}, "datetime": {"datetime": "2025-05-11 15:11:40", "elapsed": 1991.607386, "delta": 7.988592}}
{"target": 0.19879917174474965, "params": {"x0": 0.9275980923554528, "x1": 5.3528431641868774, "x2": 5.455485503126654, "x3": 8.365715581876241, "x4": 0.8097958938182379, "x5": 0.49945670246580326, "x6": 0.1278397072693633, "x7": 4.669594006063812, "x8": 1.4121889908640743, "x9": 2.430693457546401}, "datetime": {"datetime": "2025-05-11 15:11:48", "elapsed": 1999.571615, "delta": 7.964229}}
{"target": 0.19879917174474965, "params": {"x0": 0.9275980924082279, "x1": 5.352843164086557, "x2": 5.455485502991532, "x3": 8.365715581847963, "x4": 0.8097958939866996, "x5": 0.4994567026390459, "x6": 0.12783970697555874, "x7": 4.669594007241838, "x8": 1.41218899085534, "x9": 2.4306934575720653}, "datetime": {"datetime": "2025-05-11 15:11:56", "elapsed": 2007.62657, "delta": 8.054955}}
{"target": 0.19879917174474965, "params": {"x0": 0.9275980924188367, "x1": 5.352843164027475, "x2": 5.455485502911012, "x3": 8.365715581875667, "x4": 0.8097958941886438, "x5": 0.49945670253196855, "x6": 0.12783970699652003, "x7": 4.669594007225262, "x8": 1.4121889906825509, "x9": 2.4306934574661025}, "datetime": {"datetime": "2025-05-11 15:12:04", "elapsed": 2015.662359, "delta": 8.035789}}
{"target": 0.19879917174474965, "params": {"x0": 0.9275980923724342, "x1": 5.352843164044939, "x2": 5.455485502792454, "x3": 8.365715581970965, "x4": 0.8097958943139816, "x5": 0.4994567027724365, "x6": 0.12783970702963288, "x7": 4.669594008265645, "x8": 1.4121889907561236, "x9": 2.4306934574905683}, "datetime": {"datetime": "2025-05-11 15:12:13", "elapsed": 2024.028289, "delta": 8.36593}}
{"target": 0.19879917174474965, "params": {"x0": 0.927598092350302, "x1": 5.352843163932051, "x2": 5.455485502743212, "x3": 8.365715581792944, "x4": 0.8097958942633132, "x5": 0.49945670322828056, "x6": 0.12783970711847298, "x7": 4.669594007702811, "x8": 1.4121889907171556, "x9": 2.4306934574804164}, "datetime": {"datetime": "2025-05-11 15:12:21", "elapsed": 2032.08105, "delta": 8.052761}}
{"target": 0.19879917174474965, "params": {"x0": 0.9275980923838071, "x1": 5.352843164007023, "x2": 5.455485502608279, "x3": 8.36571558202018, "x4": 0.809795894359911, "x5": 0.4994567032849961, "x6": 0.12783970755558197, "x7": 4.669594007714783, "x8": 1.4121889907168808, "x9": 2.430693457528791}, "datetime": {"datetime": "2025-05-11 15:12:29", "elapsed": 2040.351199, "delta": 8.270149}}
{"target": 0.19879917174474965, "params": {"x0": 0.9275980923745484, "x1": 5.352843164168106, "x2": 5.455485502418118, "x3": 8.365715581927478, "x4": 0.8097958944033944, "x5": 0.49945670361649797, "x6": 0.1278397070996076, "x7": 4.669594008102941, "x8": 1.412188990801883, "x9": 2.4306934575050816}, "datetime": {"datetime": "2025-05-11 15:12:37", "elapsed": 2048.603786, "delta": 8.252587}}
{"target": 0.19879917174474965, "params": {"x0": 0.9275980924073038, "x1": 5.352843164136567, "x2": 5.455485502605026, "x3": 8.365715581108272, "x4": 0.8097958945769851, "x5": 0.4994567037553863, "x6": 0.12783970734848424, "x7": 4.669594008260556, "x8": 1.412188990761191, "x9": 2.4306934575203165}, "datetime": {"datetime": "2025-05-11 15:12:45", "elapsed": 2056.973557, "delta": 8.369771}}
{"target": 0.19879917174474965, "params": {"x0": 0.927598092390236, "x1": 5.352843164132227, "x2": 5.455485502417945, "x3": 8.365715581638431, "x4": 0.8097958945479209, "x5": 0.49945670423296484, "x6": 0.127839707432988, "x7": 4.669594008822964, "x8": 1.4121889907973588, "x9": 2.4306934575105186}, "datetime": {"datetime": "2025-05-11 15:12:54", "elapsed": 2065.077041, "delta": 8.103484}}
{"target": 0.19879917174474965, "params": {"x0": 0.9275980924037592, "x1": 5.352843164055084, "x2": 5.455485502300856, "x3": 8.365715581585121, "x4": 0.8097958945802877, "x5": 0.4994567043293994, "x6": 0.1278397074050651, "x7": 4.669594008362619, "x8": 1.412188990773419, "x9": 2.4306934575352828}, "datetime": {"datetime": "2025-05-11 15:13:02", "elapsed": 2073.334822, "delta": 8.257781}}
{"target": 0.19879917174474965, "params": {"x0": 0.9275980923980905, "x1": 5.3528431639850025, "x2": 5.455485502435314, "x3": 8.365715581808239, "x4": 0.8097958947552734, "x5": 0.4994567041165829, "x6": 0.1278397071969383, "x7": 4.669594008761808, "x8": 1.4121889907577934, "x9": 2.4306934575210235}, "datetime": {"datetime": "2025-05-11 15:13:10", "elapsed": 2081.454547, "delta": 8.119725}}
{"target": 0.19879917174474965, "params": {"x0": 0.9275980923811218, "x1": 5.352843164053762, "x2": 5.455485502260309, "x3": 8.365715581478774, "x4": 0.809795894695873, "x5": 0.4994567042850904, "x6": 0.12783970733786224, "x7": 4.669594008951355, "x8": 1.4121889907991971, "x9": 2.430693457535992}, "datetime": {"datetime": "2025-05-11 15:13:20", "elapsed": 2091.068071, "delta": 9.613524}}
{"target": 0.19879917174474965, "params": {"x0": 0.9275980923882149, "x1": 5.352843164049103, "x2": 5.455485502280022, "x3": 8.365715581579082, "x4": 0.8097958947032174, "x5": 0.49945670435356593, "x6": 0.12783970735010303, "x7": 4.6695940087842915, "x8": 1.4121889907788192, "x9": 2.4306934575521493}, "datetime": {"datetime": "2025-05-11 15:13:28", "elapsed": 2099.125, "delta": 8.056929}}
