{"target": 0.19836593078770487, "params": {"x0": 0.9250225212601383, "x1": 5.341344323127593, "x2": 5.408288029176282, "x3": 8.333190703554804, "x4": 0.8558339626535805, "x5": 0.4684065298596146, "x6": 0.12998845015705549, "x7": 4.731641586869844, "x8": 1.4120232627469547, "x9": 2.4345478432736503}, "datetime": {"datetime": "2025-05-11 14:52:07", "elapsed": 818.749959, "delta": 7.274401}}
{"target": 0.1984728586058184, "params": {"x0": 0.9252335022161727, "x1": 5.34258807033394, "x2": 5.4121542660144035, "x3": 8.33585501742044, "x4": 0.8520626998663008, "x5": 0.45322544552650185, "x6": 0.13462729132973877, "x7": 4.708330538426586, "x8": 1.4115433368087942, "x9": 2.4342321067058124}, "datetime": {"datetime": "2025-05-11 14:52:14", "elapsed": 825.914126, "delta": 7.164167}}
{"target": 0.19847681833223452, "params": {"x0": 0.9254444831722072, "x1": 5.343831817540286, "x2": 5.4160205028525255, "x3": 8.338519331286077, "x4": 0.8482914370790211, "x5": 0.4380443611933891, "x6": 0.12998845015705549, "x7": 4.685019489983328, "x8": 1.4110634108706337, "x9": 2.4339163701379745}, "datetime": {"datetime": "2025-05-11 14:52:22", "elapsed": 833.140543, "delta": 7.226417}}
{"target": 0.1984990162792079, "params": {"x0": 0.9256554641282416, "x1": 5.345075564746632, "x2": 5.419886739690647, "x3": 8.341183645151714, "x4": 0.8445201742917414, "x5": 0.4228632768602763, "x6": 0.1267412613361772, "x7": 4.66170844154007, "x8": 1.4105834849324732, "x9": 2.4336006335701366}, "datetime": {"datetime": "2025-05-11 14:52:29", "elapsed": 840.373545, "delta": 7.233002}}
{"target": 0.19852410652982175, "params": {"x0": 0.9258664450842761, "x1": 5.346319311952978, "x2": 5.423752976528769, "x3": 8.343847959017351, "x4": 0.8407489115044617, "x5": 0.40768219252716353, "x6": 0.12998845015705549, "x7": 4.685019489983328, "x8": 1.4101035589943127, "x9": 2.4332848970022987}, "datetime": {"datetime": "2025-05-11 14:52:36", "elapsed": 847.639256, "delta": 7.265711}}
{"target": 0.19852566159654303, "params": {"x0": 0.9260774260403105, "x1": 5.347563059159325, "x2": 5.427619213366891, "x3": 8.346512272882988, "x4": 0.836977648717182, "x5": 0.4228632768602763, "x6": 0.13226148233167032, "x7": 4.701337223893609, "x8": 1.4096236330561522, "x9": 2.4329691604344608}, "datetime": {"datetime": "2025-05-11 14:52:44", "elapsed": 855.021207, "delta": 7.381951}}
{"target": 0.19857250648603963, "params": {"x0": 0.926288406996345, "x1": 5.348806806365671, "x2": 5.431485450205013, "x3": 8.349176586748625, "x4": 0.8332063859299024, "x5": 0.43349003589345525, "x6": 0.13453451450628515, "x7": 4.71765495780389, "x8": 1.4101035589943127, "x9": 2.432653423866623}, "datetime": {"datetime": "2025-05-11 14:52:51", "elapsed": 862.393886, "delta": 7.372679}}
{"target": 0.19860587731694065, "params": {"x0": 0.9264993879523794, "x1": 5.350050553572017, "x2": 5.435351687043135, "x3": 8.351840900614262, "x4": 0.8294351231426227, "x5": 0.4441167949266342, "x6": 0.13680754668089998, "x7": 4.733972691714171, "x8": 1.410439507151025, "x9": 2.432337687298785}, "datetime": {"datetime": "2025-05-11 14:52:58", "elapsed": 869.666392, "delta": 7.272506}}
{"target": 0.19863334781828582, "params": {"x0": 0.9267103689084139, "x1": 5.351294300778363, "x2": 5.439217923881257, "x3": 8.354505214479898, "x4": 0.825663860355343, "x5": 0.45474355395981314, "x6": 0.13453451450628515, "x7": 4.71765495780389, "x8": 1.4107754553077372, "x9": 2.432021950730947}, "datetime": {"datetime": "2025-05-11 14:53:05", "elapsed": 876.856956, "delta": 7.190564}}
{"target": 0.19870489103253444, "params": {"x0": 0.9269213498644483, "x1": 5.350050553572017, "x2": 5.443084160719379, "x3": 8.357169528345535, "x4": 0.8218925975680633, "x5": 0.4653703129929921, "x6": 0.13294339198405478, "x7": 4.706232544066694, "x8": 1.4111114034644494, "x9": 2.431706214163109}, "datetime": {"datetime": "2025-05-11 14:53:13", "elapsed": 884.16241, "delta": 7.305454}}
{"target": 0.19867157233911137, "params": {"x0": 0.9271323308204827, "x1": 5.3491799305275745, "x2": 5.446950397557501, "x3": 8.359833842211172, "x4": 0.8181213347807836, "x5": 0.47599707202617103, "x6": 0.1313522694618244, "x7": 4.694810130329498, "x8": 1.4114473516211616, "x9": 2.4313904775952713}, "datetime": {"datetime": "2025-05-11 14:53:20", "elapsed": 891.394171, "delta": 7.231761}}
{"target": 0.19860922576023154, "params": {"x0": 0.9271112327248793, "x1": 5.349266992832019, "x2": 5.439604547565069, "x3": 8.359567410824608, "x4": 0.8184984610595116, "x5": 0.455806229863131, "x6": 0.1343754022540621, "x7": 4.695952371703217, "x8": 1.4114137568054905, "x9": 2.431422051252055}, "datetime": {"datetime": "2025-05-11 14:53:27", "elapsed": 898.620634, "delta": 7.226463}}
{"target": 0.19869216941128176, "params": {"x0": 0.9270922444388362, "x1": 5.350755758238015, "x2": 5.446215812558258, "x3": 8.355011434114369, "x4": 0.8188378747103667, "x5": 0.4567626381761171, "x6": 0.13165458274104816, "x7": 4.715484699193823, "x8": 1.4113835214713863, "x9": 2.4314504675431605}, "datetime": {"datetime": "2025-05-11 14:53:34", "elapsed": 905.704854, "delta": 7.08422}}
{"target": 0.1987226509871048, "params": {"x0": 0.9270751549813974, "x1": 5.350685237771415, "x2": 5.4459026473743695, "x3": 8.359111813153584, "x4": 0.8191433469961364, "x5": 0.47311722032817954, "x6": 0.13178346366534882, "x7": 4.697905604452278, "x8": 1.4113563096706927, "x9": 2.4314760422051553}, "datetime": {"datetime": "2025-05-11 14:53:41", "elapsed": 912.969529, "delta": 7.264675}}
{"target": 0.19872438378662594, "params": {"x0": 0.9272058893308041, "x1": 5.351224719340904, "x2": 5.448298361031112, "x3": 8.360762755240426, "x4": 0.8168064840099986, "x5": 0.47970209156308885, "x6": 0.13079752459444877, "x7": 4.690827705780024, "x8": 1.4115644799459994, "x9": 2.4312803960408944}, "datetime": {"datetime": "2025-05-11 14:53:49", "elapsed": 920.211484, "delta": 7.241955}}
{"target": 0.198769007785767, "params": {"x0": 0.9273366236802107, "x1": 5.351764200910393, "x2": 5.4506940746878545, "x3": 8.362413697327268, "x4": 0.8144696210238607, "x5": 0.48628696279799816, "x6": 0.1298115855235487, "x7": 4.683749807107771, "x8": 1.4117726502213062, "x9": 2.4310847498766335}, "datetime": {"datetime": "2025-05-11 14:53:56", "elapsed": 927.446586, "delta": 7.235102}}
{"target": 0.19878426521053424, "params": {"x0": 0.9274673580296174, "x1": 5.352303682479882, "x2": 5.453089788344597, "x3": 8.36406463941411, "x4": 0.8121327580377228, "x5": 0.49287183403290746, "x6": 0.12882564645264866, "x7": 4.676671908435517, "x8": 1.4119808204966129, "x9": 2.4308891037123725}, "datetime": {"datetime": "2025-05-11 14:54:03", "elapsed": 934.684272, "delta": 7.237686}}
{"target": 0.19879917174474965, "params": {"x0": 0.9275980923790241, "x1": 5.352843164049371, "x2": 5.4554855020013395, "x3": 8.365715581500952, "x4": 0.8097958950515849, "x5": 0.49945670526781677, "x6": 0.1278397073817486, "x7": 4.669594009763263, "x8": 1.4121889907719196, "x9": 2.4306934575481116}, "datetime": {"datetime": "2025-05-11 14:54:10", "elapsed": 941.947883, "delta": 7.263611}}
{"target": 0.19879917174474965, "params": {"x0": 0.9277288267284308, "x1": 5.3533826456188605, "x2": 5.457881215658082, "x3": 8.367366523587794, "x4": 0.807459032065447, "x5": 0.49287183403290746, "x6": 0.12685376831084855, "x7": 4.662516111091009, "x8": 1.4123971610472263, "x9": 2.4304978113838507}, "datetime": {"datetime": "2025-05-11 14:54:18", "elapsed": 949.405776, "delta": 7.457893}}
{"target": 0.19879917174474965, "params": {"x0": 0.9277157532934902, "x1": 5.352357630636831, "x2": 5.457641644292408, "x3": 8.36720142937911, "x4": 0.8076927183640608, "x5": 0.4935303211563984, "x6": 0.12695236221793854, "x7": 4.663223900958235, "x8": 1.4123763440196957, "x9": 2.4305173760002767}, "datetime": {"datetime": "2025-05-11 14:54:25", "elapsed": 956.737691, "delta": 7.331915}}
{"target": 0.19879917174474965, "params": {"x0": 0.9277039872020436, "x1": 5.3532801441206574, "x2": 5.457426030063301, "x3": 8.367052844591294, "x4": 0.8079030360328132, "x5": 0.4941229595675402, "x6": 0.12704109673431957, "x7": 4.6638609118387375, "x8": 1.412357608694918, "x9": 2.4305349841550603}, "datetime": {"datetime": "2025-05-11 14:54:32", "elapsed": 963.930022, "delta": 7.192331}}
{"target": 0.19879917174474965, "params": {"x0": 0.9276933977197416, "x1": 5.353236446113529, "x2": 5.457231977257105, "x3": 8.364512044719644, "x4": 0.8080923219346904, "x5": 0.4946563341375679, "x6": 0.12712095779906246, "x7": 4.66443422163119, "x8": 1.4123407469026181, "x9": 2.4305508314943656}, "datetime": {"datetime": "2025-05-11 14:54:40", "elapsed": 971.278288, "delta": 7.348266}}
{"target": 0.19879917174474965, "params": {"x0": 0.9276838671856699, "x1": 5.353197117907113, "x2": 5.457057329731528, "x3": 8.366798764604129, "x4": 0.8082626792463798, "x5": 0.4951363712505928, "x6": 0.12719283275733106, "x7": 4.664950200444397, "x8": 1.4123255712895484, "x9": 2.43056509409974}, "datetime": {"datetime": "2025-05-11 14:54:47", "elapsed": 978.557991, "delta": 7.279703}}
{"target": 0.19879917174474965, "params": {"x0": 0.9276752897050053, "x1": 5.353161722521339, "x2": 5.4569001469585094, "x3": 8.366690446293811, "x4": 0.8084160008269003, "x5": 0.49556840465231516, "x6": 0.12725752021977282, "x7": 4.665414581376284, "x8": 1.4123119132377855, "x9": 2.4305779304445774}, "datetime": {"datetime": "2025-05-11 14:54:54", "elapsed": 985.792054, "delta": 7.234063}}
{"target": 0.19879917174474965, "params": {"x0": 0.9276675699724072, "x1": 5.353129866674142, "x2": 5.456758682462793, "x3": 8.366592959814525, "x4": 0.8085539902493688, "x5": 0.4959572347138653, "x6": 0.1273157389359704, "x7": 4.665832524214982, "x8": 1.4122996209911989, "x9": 2.4305894831549306}, "datetime": {"datetime": "2025-05-11 14:55:01", "elapsed": 992.977207, "delta": 7.185153}}
{"target": 0.19879917174474965, "params": {"x0": 0.9276606222130689, "x1": 5.353101196411665, "x2": 5.456631364416647, "x3": 8.366505221983168, "x4": 0.8086781807295904, "x5": 0.4963071817692605, "x6": 0.12736813578054823, "x7": 4.66620867276981, "x8": 1.412288557969271, "x9": 2.4305998805942486}, "datetime": {"datetime": "2025-05-11 14:55:09", "elapsed": 1000.193533, "delta": 7.216326}}
{"target": 0.19879917174474965, "params": {"x0": 0.9276543692296644, "x1": 5.353075393175436, "x2": 5.456516778175116, "x3": 8.366426257934947, "x4": 0.8087899521617898, "x5": 0.4966221341191161, "x6": 0.12741529294066825, "x7": 4.666547206469155, "x8": 1.4122786012495359, "x9": 2.430609238289635}, "datetime": {"datetime": "2025-05-11 14:55:16", "elapsed": 1007.358798, "delta": 7.165265}}
{"target": 0.19879917174474965, "params": {"x0": 0.9276487415446004, "x1": 5.3530521702628295, "x2": 5.456413650557739, "x3": 8.366355190291547, "x4": 0.8088905464507693, "x5": 0.49690559123398614, "x6": 0.12745773438477628, "x7": 4.666851886798566, "x8": 1.4122696402017743, "x9": 2.4306176602154825}, "datetime": {"datetime": "2025-05-11 14:55:23", "elapsed": 1014.628216, "delta": 7.269418}}
{"target": 0.19879917174474965, "params": {"x0": 0.9276436766280427, "x1": 5.353031269641484, "x2": 5.4563208357020985, "x3": 8.366291229412488, "x4": 0.8089810813108509, "x5": 0.4971607026373692, "x6": 0.12749593168447354, "x7": 4.667126099095036, "x8": 1.4122615752587888, "x9": 2.430625239948746}, "datetime": {"datetime": "2025-05-11 14:55:30", "elapsed": 1021.926198, "delta": 7.297982}}
{"target": 0.19879917174474965, "params": {"x0": 0.9276391182031409, "x1": 5.353012459082272, "x2": 5.456237302332023, "x3": 8.366233664621333, "x4": 0.8090625626849243, "x5": 0.49739030290041397, "x6": 0.12753030925420103, "x7": 4.667372890161858, "x8": 1.4122543168101018, "x9": 2.4306320617086823}, "datetime": {"datetime": "2025-05-11 14:55:38", "elapsed": 1029.551489, "delta": 7.625291}}
{"target": 0.19879917174474965, "params": {"x0": 0.9276350156207293, "x1": 5.352995529578982, "x2": 5.456162122298955, "x3": 8.366181856309296, "x4": 0.8091358959215904, "x5": 0.49759694313715425, "x6": 0.1275612490669558, "x7": 4.667595002121999, "x8": 1.4122477842062837, "x9": 2.4306382012926253}, "datetime": {"datetime": "2025-05-11 14:55:45", "elapsed": 1036.764338, "delta": 7.212849}}
{"target": 0.19879917174474965, "params": {"x0": 0.9276313232965587, "x1": 5.352980293026021, "x2": 5.456094460269193, "x3": 8.366135228828462, "x4": 0.8092018958345898, "x5": 0.4977829193502205, "x6": 0.12758909489843506, "x7": 4.667794902886126, "x8": 1.4122419048628472, "x9": 2.430643726918174}, "datetime": {"datetime": "2025-05-11 14:55:52", "elapsed": 1043.921178, "delta": 7.15684}}
{"target": 0.19879917174474965, "params": {"x0": 0.9276280002048053, "x1": 5.352966580128356, "x2": 5.456033564442408, "x3": 8.36609326409571, "x4": 0.8092612957562894, "x5": 0.49795029794198015, "x6": 0.12761415614676644, "x7": 4.6679748135738395, "x8": 1.4122366134537545, "x9": 2.4306486999811674}, "datetime": {"datetime": "2025-05-11 14:56:00", "elapsed": 1051.130475, "delta": 7.209297}}
{"target": 0.19879917174474965, "params": {"x0": 0.9276250094222271, "x1": 5.352954238520458, "x2": 5.455978758198301, "x3": 8.366055495836235, "x4": 0.8093147556858189, "x5": 0.4981009386745638, "x6": 0.12763671127026463, "x7": 4.668136733192782, "x8": 1.412231851185571, "x9": 2.430653175737862}, "datetime": {"datetime": "2025-05-11 14:56:07", "elapsed": 1058.38564, "delta": 7.255165}}
{"target": 0.19879917174474965, "params": {"x0": 0.9276223177179068, "x1": 5.352943131073349, "x2": 5.455929432578604, "x3": 8.366021504402706, "x4": 0.8093628696223955, "x5": 0.4982365153338891, "x6": 0.12765701088141304, "x7": 4.66828246084983, "x8": 1.4122275651442058, "x9": 2.4306572039188867}, "datetime": {"datetime": "2025-05-11 14:56:14", "elapsed": 1065.654224, "delta": 7.268584}}
{"target": 0.19879917174474965, "params": {"x0": 0.9276198951840186, "x1": 5.352933134370951, "x2": 5.455885039520878, "x3": 8.365990912112531, "x4": 0.8094061721653144, "x5": 0.4983585343272819, "x6": 0.12767528053144658, "x7": 4.668413615741173, "x8": 1.4122237077069772, "x9": 2.4306608292818095}, "datetime": {"datetime": "2025-05-11 14:56:21", "elapsed": 1072.85495, "delta": 7.200726}}
{"target": 0.19879917174474965, "params": {"x0": 0.9276177149035191, "x1": 5.3529241373387935, "x2": 5.4558450857689245, "x3": 8.365963379051372, "x4": 0.8094451444539414, "x5": 0.49846835142133533, "x6": 0.1276917232164768, "x7": 4.668531655143382, "x8": 1.4122202360134715, "x9": 2.4306640921084397}, "datetime": {"datetime": "2025-05-11 14:56:29", "elapsed": 1080.150222, "delta": 7.295272}}
{"target": 0.19879917174474965, "params": {"x0": 0.9276157526510697, "x1": 5.352916040009851, "x2": 5.455809127392166, "x3": 8.365938599296332, "x4": 0.8094802195137059, "x5": 0.4985671868059835, "x6": 0.12770652163300397, "x7": 4.66863789060537, "x8": 1.4122171114893163, "x9": 2.430667028652407}, "datetime": {"datetime": "2025-05-11 14:56:36", "elapsed": 1087.646076, "delta": 7.495854}}
{"target": 0.19879917174474965, "params": {"x0": 0.9276139866238651, "x1": 5.3529087524138035, "x2": 5.455776764853083, "x3": 8.365916297516794, "x4": 0.8095117870674937, "x5": 0.49865613865216685, "x6": 0.12771984020787844, "x7": 4.668733502521159, "x8": 1.4122142994175766, "x9": 2.430669671541977}, "datetime": {"datetime": "2025-05-11 14:56:44", "elapsed": 1095.04908, "delta": 7.403004}}
{"target": 0.19879917174474965, "params": {"x0": 0.9276123971993809, "x1": 5.35290219357736, "x2": 5.4557476385679085, "x3": 8.36589622591521, "x4": 0.8095401978659028, "x5": 0.4987361953137318, "x6": 0.12773182692526547, "x7": 4.66881955324537, "x8": 1.412211768553011, "x9": 2.430672050142591}, "datetime": {"datetime": "2025-05-11 14:56:51", "elapsed": 1102.393699, "delta": 7.344619}}
{"target": 0.19879917174474965, "params": {"x0": 0.9276109667173453, "x1": 5.352896290624561, "x2": 5.455721424911252, "x3": 8.365878161473784, "x4": 0.8095657675844711, "x5": 0.49880824630914034, "x6": 0.12774261497091377, "x7": 4.668896998897159, "x8": 1.4122094907749019, "x9": 2.430674190883143}, "datetime": {"datetime": "2025-05-11 14:56:58", "elapsed": 1109.62507, "delta": 7.231371}}
{"target": 0.19879917174474965, "params": {"x0": 0.9276096792835131, "x1": 5.352890977967042, "x2": 5.4556978326202605, "x3": 8.3658619034765, "x4": 0.8095887803311824, "x5": 0.498873092205008, "x6": 0.12775232421199725, "x7": 4.66896669998377, "x8": 1.4122074407746035, "x9": 2.43067611754964}, "datetime": {"datetime": "2025-05-11 14:57:05", "elapsed": 1116.882089, "delta": 7.257019}}
{"target": 0.19879917174474965, "params": {"x0": 0.9276085205930643, "x1": 5.352886196575275, "x2": 5.455676599558369, "x3": 8.365847271278945, "x4": 0.8096094918032227, "x5": 0.4989314535112888, "x6": 0.12776106252897237, "x7": 4.669029430961719, "x8": 1.4122055957743351, "x9": 2.4306778515494867}, "datetime": {"datetime": "2025-05-11 14:57:13", "elapsed": 1124.321018, "delta": 7.438929}}
{"target": 0.19879917174474965, "params": {"x0": 0.9276074777716603, "x1": 5.352881893322685, "x2": 5.4556574898026655, "x3": 8.365834102301147, "x4": 0.8096281321280588, "x5": 0.4989839786869416, "x6": 0.12776892701425002, "x7": 4.669085888841873, "x8": 1.4122039352740936, "x9": 2.4306794121493493}, "datetime": {"datetime": "2025-05-11 14:57:20", "elapsed": 1131.516389, "delta": 7.195371}}
{"target": 0.19879917174474965, "params": {"x0": 0.9276065392323967, "x1": 5.352878020395353, "x2": 5.455640291022533, "x3": 8.365822250221127, "x4": 0.8096449084204115, "x5": 0.4990312513450291, "x6": 0.12777600505099987, "x7": 4.669136700934012, "x8": 1.4122024408238762, "x9": 2.4306808166892258}, "datetime": {"datetime": "2025-05-11 14:57:27", "elapsed": 1138.802104, "delta": 7.285715}}
{"target": 0.19879917174474965, "params": {"x0": 0.9276056945470594, "x1": 5.352874534760756, "x2": 5.455624812120414, "x3": 8.365811583349108, "x4": 0.8096600070835288, "x5": 0.4990737967373079, "x6": 0.12778237528407474, "x7": 4.669182431816937, "x8": 1.4122010958186806, "x9": 2.430682080775114}, "datetime": {"datetime": "2025-05-11 14:57:35", "elapsed": 1146.537098, "delta": 7.734994}}
{"target": 0.19879917174474965, "params": {"x0": 0.9276049343302558, "x1": 5.352871397689617, "x2": 5.455610881108506, "x3": 8.365801983164294, "x4": 0.8096735958803344, "x5": 0.4991120875903588, "x6": 0.12778810849384212, "x7": 4.66922358961157, "x8": 1.4121998853140045, "x9": 2.430683218452414}, "datetime": {"datetime": "2025-05-11 14:57:42", "elapsed": 1153.934586, "delta": 7.397488}}
{"target": 0.19879917174474965, "params": {"x0": 0.9276042501351327, "x1": 5.352868574325592, "x2": 5.4555983431977895, "x3": 8.365793342997959, "x4": 0.8096858257974595, "x5": 0.4991465493581046, "x6": 0.12779326838263277, "x7": 4.669260631626739, "x8": 1.412198795859796, "x9": 2.4306842423619837}, "datetime": {"datetime": "2025-05-11 14:57:50", "elapsed": 1161.486852, "delta": 7.552266}}
{"target": 0.19879917174474965, "params": {"x0": 0.9276036343595219, "x1": 5.35286603329797, "x2": 5.455587059078145, "x3": 8.365785566848258, "x4": 0.8096968327228721, "x5": 0.49917756494907584, "x6": 0.12779791228254436, "x7": 4.669293969440392, "x8": 1.4121978153510084, "x9": 2.4306851638805966}, "datetime": {"datetime": "2025-05-11 14:57:58", "elapsed": 1169.138752, "delta": 7.6519}}
{"target": 0.19879917174474965, "params": {"x0": 0.9276030801614721, "x1": 5.35286374637311, "x2": 5.455576903370464, "x3": 8.365778568313528, "x4": 0.8097067389557433, "x5": 0.4992054789809499, "x6": 0.1278020917924648, "x7": 4.669323973472679, "x8": 1.4121969328930994, "x9": 2.430685993247348}, "datetime": {"datetime": "2025-05-11 14:58:05", "elapsed": 1176.591872, "delta": 7.45312}}
{"target": 0.19879917174474965, "params": {"x0": 0.9276025813832273, "x1": 5.352861688140736, "x2": 5.455567763233551, "x3": 8.36577226963227, "x4": 0.8097156545653275, "x5": 0.4992306016096366, "x6": 0.12780585335139316, "x7": 4.669350977101737, "x8": 1.4121961386809814, "x9": 2.4306867396774243}, "datetime": {"datetime": "2025-05-11 14:58:12", "elapsed": 1183.948398, "delta": 7.356526}}
{"target": 0.19879917174474965, "params": {"x0": 0.927602132482807, "x1": 5.3528598357316, "x2": 5.4555595371103305, "x3": 8.36576660081914, "x4": 0.8097236786139532, "x5": 0.49925321197545464, "x6": 0.1278092387544287, "x7": 4.669375280367889, "x8": 1.4121954238900754, "x9": 2.430687411464493}, "datetime": {"datetime": "2025-05-11 14:58:20", "elapsed": 1191.468411, "delta": 7.520013}}
{"target": 0.19879917174474965, "params": {"x0": 0.9276017284724287, "x1": 5.352858168563377, "x2": 5.455552133599431, "x3": 8.36576149888732, "x4": 0.8097309002577164, "x5": 0.4992735613046908, "x6": 0.1278122856171607, "x7": 4.669397153307427, "x8": 1.4121947805782598, "x9": 2.430688016072855}, "datetime": {"datetime": "2025-05-11 14:58:27", "elapsed": 1198.799951, "delta": 7.33154}}
{"target": 0.19879917174474965, "params": {"x0": 0.9276013648630882, "x1": 5.3528566681119765, "x2": 5.455545470439622, "x3": 8.365756907148683, "x4": 0.8097373997371032, "x5": 0.4992918757010034, "x6": 0.1278150277936195, "x7": 4.669416838953011, "x8": 1.4121942015976257, "x9": 2.4306885602203807}, "datetime": {"datetime": "2025-05-11 14:58:35", "elapsed": 1206.195083, "delta": 7.395132}}
{"target": 0.19879917174474965, "params": {"x0": 0.9276010376146818, "x1": 5.352855317705716, "x2": 5.455539473595794, "x3": 8.36575277458391, "x4": 0.8097432492685513, "x5": 0.49930835865768475, "x6": 0.1278174957524324, "x7": 4.669434556034036, "x8": 1.412193680515055, "x9": 2.4306890499531537}, "datetime": {"datetime": "2025-05-11 14:58:42", "elapsed": 1213.659139, "delta": 7.464056}}
{"target": 0.19879917174474965, "params": {"x0": 0.9276007430911161, "x1": 5.352854102340082, "x2": 5.455534076436348, "x3": 8.365749055275614, "x4": 0.8097485138468548, "x5": 0.49932319331869796, "x6": 0.127819716915364, "x7": 4.669450501406959, "x8": 1.4121932115407416, "x9": 2.4306894907126493}, "datetime": {"datetime": "2025-05-11 14:58:50", "elapsed": 1221.377887, "delta": 7.718748}}
