{"target": 0.19879917174474965, "params": {"x0": 0.9275980923789886, "x1": 5.352843164049451, "x2": 5.455485502001192, "x3": 8.365715581501366, "x4": 0.8097958950514417, "x5": 0.49945670526638763, "x6": 0.12783970738187397, "x7": 4.6695940097646265, "x8": 1.4121889907718923, "x9": 2.430693457548166}, "datetime": {"datetime": "2025-05-11 15:21:35", "elapsed": 2586.527408, "delta": 8.449227}}
{"target": 0.19879917174474965, "params": {"x0": 0.9275980923789922, "x1": 5.352843164049469, "x2": 5.455485502001874, "x3": 8.365715581500448, "x4": 0.8097958950517333, "x5": 0.4994567052679714, "x6": 0.12783970738203196, "x7": 4.669594009762075, "x8": 1.4121889907719878, "x9": 2.43069345754814}, "datetime": {"datetime": "2025-05-11 15:21:44", "elapsed": 2595.514072, "delta": 8.986664}}
{"target": 0.19879917174474965, "params": {"x0": 0.9275980923789944, "x1": 5.352843164049274, "x2": 5.455485502001284, "x3": 8.365715581500737, "x4": 0.8097958950510599, "x5": 0.49945670526888974, "x6": 0.1278397073818453, "x7": 4.669594009762324, "x8": 1.4121889907718854, "x9": 2.430693457548143}, "datetime": {"datetime": "2025-05-11 15:21:53", "elapsed": 2604.536412, "delta": 9.02234}}
{"target": 0.19879917174474965, "params": {"x0": 0.9275980923790333, "x1": 5.352843164049402, "x2": 5.455485502000939, "x3": 8.365715581500696, "x4": 0.8097958950514598, "x5": 0.4994567052676452, "x6": 0.127839707381849, "x7": 4.66959400976506, "x8": 1.4121889907718697, "x9": 2.4306934575480676}, "datetime": {"datetime": "2025-05-11 15:22:02", "elapsed": 2613.334156, "delta": 8.797744}}
{"target": 0.19879917174474965, "params": {"x0": 0.9275980923790151, "x1": 5.352843164049359, "x2": 5.455485502001514, "x3": 8.365715581501101, "x4": 0.8097958950521329, "x5": 0.4994567052688976, "x6": 0.12783970738154948, "x7": 4.669594009763797, "x8": 1.4121889907718712, "x9": 2.4306934575481476}, "datetime": {"datetime": "2025-05-11 15:22:11", "elapsed": 2622.142573, "delta": 8.808417}}
{"target": 0.19879917174474965, "params": {"x0": 0.9275980923790457, "x1": 5.352843164049445, "x2": 5.455485502001533, "x3": 8.365715581501043, "x4": 0.8097958950518775, "x5": 0.49945670526743985, "x6": 0.12783970738171813, "x7": 4.669594009764217, "x8": 1.4121889907718828, "x9": 2.430693457548155}, "datetime": {"datetime": "2025-05-11 15:22:19", "elapsed": 2630.801749, "delta": 8.659176}}
{"target": 0.19879917174474965, "params": {"x0": 0.9275980923790164, "x1": 5.3528431640493395, "x2": 5.45548550200133, "x3": 8.365715581500861, "x4": 0.8097958950514059, "x5": 0.499456705266998, "x6": 0.12783970738164752, "x7": 4.669594009764063, "x8": 1.4121889907719292, "x9": 2.430693457548093}, "datetime": {"datetime": "2025-05-11 15:22:28", "elapsed": 2639.840862, "delta": 9.039113}}
{"target": 0.19879917174474965, "params": {"x0": 0.9275980923790202, "x1": 5.352843164049411, "x2": 5.455485502001279, "x3": 8.365715581500938, "x4": 0.8097958950517016, "x5": 0.49945670526780217, "x6": 0.12783970738160672, "x7": 4.6695940097629745, "x8": 1.4121889907719494, "x9": 2.4306934575481036}, "datetime": {"datetime": "2025-05-11 15:22:37", "elapsed": 2648.860341, "delta": 9.019479}}
{"target": 0.19879917174474965, "params": {"x0": 0.9275980923790317, "x1": 5.352843164049415, "x2": 5.455485502001695, "x3": 8.365715581500728, "x4": 0.8097958950514357, "x5": 0.49945670526818525, "x6": 0.1278397073817237, "x7": 4.669594009763099, "x8": 1.4121889907719223, "x9": 2.4306934575481365}, "datetime": {"datetime": "2025-05-11 15:22:46", "elapsed": 2657.82941, "delta": 8.969069}}
{"target": 0.19879917174474965, "params": {"x0": 0.9275980923790376, "x1": 5.35284316404936, "x2": 5.455485502001559, "x3": 8.365715581500751, "x4": 0.8097958950514731, "x5": 0.49945670526687164, "x6": 0.12783970738171377, "x7": 4.669594009763921, "x8": 1.4121889907719012, "x9": 2.4306934575481014}, "datetime": {"datetime": "2025-05-11 15:22:55", "elapsed": 2666.530534, "delta": 8.701124}}
{"target": 0.19879917174474965, "params": {"x0": 0.9275980923790133, "x1": 5.352843164049379, "x2": 5.455485502001558, "x3": 8.365715581501087, "x4": 0.8097958950517089, "x5": 0.49945670526757807, "x6": 0.1278397073817081, "x7": 4.669594009763601, "x8": 1.4121889907719325, "x9": 2.430693457548093}, "datetime": {"datetime": "2025-05-11 15:23:05", "elapsed": 2676.103254, "delta": 9.57272}}
{"target": 0.19879917174474965, "params": {"x0": 0.9275980923790306, "x1": 5.352843164049337, "x2": 5.45548550200152, "x3": 8.365715581500954, "x4": 0.8097958950514661, "x5": 0.4994567052672848, "x6": 0.12783970738185316, "x7": 4.6695940097635535, "x8": 1.412188990771901, "x9": 2.430693457548127}, "datetime": {"datetime": "2025-05-11 15:23:14", "elapsed": 2685.763791, "delta": 9.660537}}
{"target": 0.19879917174474965, "params": {"x0": 0.9275980923790109, "x1": 5.352843164049355, "x2": 5.4554855020011574, "x3": 8.365715581501057, "x4": 0.8097958950515698, "x5": 0.499456705267335, "x6": 0.1278397073816709, "x7": 4.669594009763222, "x8": 1.4121889907719156, "x9": 2.430693457548093}, "datetime": {"datetime": "2025-05-11 15:23:23", "elapsed": 2694.64306, "delta": 8.879269}}
{"target": 0.19879917174474965, "params": {"x0": 0.9275980923790342, "x1": 5.352843164049368, "x2": 5.455485502001301, "x3": 8.365715581501066, "x4": 0.8097958950515968, "x5": 0.4994567052682516, "x6": 0.12783970738175515, "x7": 4.669594009763457, "x8": 1.4121889907719167, "x9": 2.4306934575481036}, "datetime": {"datetime": "2025-05-11 15:23:32", "elapsed": 2703.698546, "delta": 9.055486}}
{"target": 0.19879917174474965, "params": {"x0": 0.9275980923790295, "x1": 5.3528431640493634, "x2": 5.455485502001464, "x3": 8.365715581501055, "x4": 0.8097958950517413, "x5": 0.49945670526782004, "x6": 0.1278397073817774, "x7": 4.669594009763173, "x8": 1.412188990771907, "x9": 2.4306934575481085}, "datetime": {"datetime": "2025-05-11 15:23:41", "elapsed": 2712.67999, "delta": 8.981444}}
{"target": 0.19879917174474965, "params": {"x0": 0.9275980923790288, "x1": 5.352843164049361, "x2": 5.455485502001518, "x3": 8.365715581500929, "x4": 0.8097958950515944, "x5": 0.4994567052676087, "x6": 0.12783970738169448, "x7": 4.669594009763268, "x8": 1.4121889907719163, "x9": 2.430693457548122}, "datetime": {"datetime": "2025-05-11 15:23:50", "elapsed": 2721.651026, "delta": 8.971036}}
{"target": 0.19879917174474965, "params": {"x0": 0.9275980923790207, "x1": 5.352843164049398, "x2": 5.455485502001227, "x3": 8.365715581500915, "x4": 0.8097958950514692, "x5": 0.49945670526815455, "x6": 0.12783970738169276, "x7": 4.669594009763215, "x8": 1.4121889907719223, "x9": 2.4306934575481236}, "datetime": {"datetime": "2025-05-11 15:24:00", "elapsed": 2730.994096, "delta": 9.34307}}
{"target": 0.19879917174474965, "params": {"x0": 0.9275980923790235, "x1": 5.352843164049366, "x2": 5.455485502001364, "x3": 8.365715581500984, "x4": 0.8097958950517236, "x5": 0.49945670526774943, "x6": 0.12783970738174216, "x7": 4.669594009763413, "x8": 1.4121889907719092, "x9": 2.4306934575481076}, "datetime": {"datetime": "2025-05-11 15:24:09", "elapsed": 2740.515859, "delta": 9.521763}}
{"target": 0.19879917174474965, "params": {"x0": 0.9275980923790178, "x1": 5.352843164049385, "x2": 5.455485502001324, "x3": 8.365715581500977, "x4": 0.8097958950517085, "x5": 0.4994567052679666, "x6": 0.12783970738173955, "x7": 4.669594009762896, "x8": 1.4121889907719294, "x9": 2.43069345754812}, "datetime": {"datetime": "2025-05-11 15:24:19", "elapsed": 2750.36384, "delta": 9.847981}}
{"target": 0.19879917174474965, "params": {"x0": 0.9275980923790295, "x1": 5.352843164049373, "x2": 5.45548550200124, "x3": 8.36571558150095, "x4": 0.8097958950515567, "x5": 0.4994567052678565, "x6": 0.12783970738179573, "x7": 4.669594009762951, "x8": 1.4121889907719198, "x9": 2.4306934575481076}, "datetime": {"datetime": "2025-05-11 15:24:28", "elapsed": 2759.099134, "delta": 8.735294}}
{"target": 0.19879917174474965, "params": {"x0": 0.927598092379029, "x1": 5.352843164049383, "x2": 5.455485502001376, "x3": 8.365715581500925, "x4": 0.8097958950515406, "x5": 0.4994567052677135, "x6": 0.1278397073817269, "x7": 4.669594009763108, "x8": 1.4121889907719125, "x9": 2.4306934575481076}, "datetime": {"datetime": "2025-05-11 15:24:37", "elapsed": 2768.537022, "delta": 9.437888}}
{"target": 0.19879917174474965, "params": {"x0": 0.9275980923790248, "x1": 5.352843164049376, "x2": 5.455485502001409, "x3": 8.36571558150089, "x4": 0.8097958950515143, "x5": 0.49945670526760155, "x6": 0.12783970738176323, "x7": 4.669594009763105, "x8": 1.4121889907719134, "x9": 2.4306934575481107}, "datetime": {"datetime": "2025-05-11 15:24:46", "elapsed": 2777.952061, "delta": 9.415039}}
{"target": 0.19879917174474965, "params": {"x0": 0.9275980923790285, "x1": 5.352843164049371, "x2": 5.45548550200139, "x3": 8.36571558150097, "x4": 0.8097958950516287, "x5": 0.4994567052676923, "x6": 0.1278397073817787, "x7": 4.66959400976335, "x8": 1.412188990771926, "x9": 2.4306934575481076}, "datetime": {"datetime": "2025-05-11 15:24:56", "elapsed": 2787.479553, "delta": 9.527492}}
{"target": 0.19879917174474965, "params": {"x0": 0.9275980923790214, "x1": 5.3528431640493706, "x2": 5.455485502001395, "x3": 8.365715581500957, "x4": 0.8097958950515232, "x5": 0.49945670526768876, "x6": 0.1278397073817457, "x7": 4.6695940097633635, "x8": 1.4121889907719138, "x9": 2.430693457548106}, "datetime": {"datetime": "2025-05-11 15:25:06", "elapsed": 2797.595183, "delta": 10.11563}}
{"target": 0.19879917174474965, "params": {"x0": 0.9275980923790249, "x1": 5.352843164049365, "x2": 5.4554855020013875, "x3": 8.365715581500904, "x4": 0.8097958950516421, "x5": 0.49945670526790986, "x6": 0.1278397073817683, "x7": 4.6695940097631095, "x8": 1.4121889907719225, "x9": 2.430693457548115}, "datetime": {"datetime": "2025-05-11 15:25:15", "elapsed": 2806.93263, "delta": 9.337447}}
{"target": 0.19879917174474965, "params": {"x0": 0.9275980923790228, "x1": 5.352843164049368, "x2": 5.455485502001394, "x3": 8.36571558150097, "x4": 0.8097958950516448, "x5": 0.4994567052678759, "x6": 0.1278397073817291, "x7": 4.669594009763352, "x8": 1.4121889907719218, "x9": 2.4306934575481076}, "datetime": {"datetime": "2025-05-11 15:25:24", "elapsed": 2815.660507, "delta": 8.727877}}
{"target": 0.19879917174474965, "params": {"x0": 0.9275980923790271, "x1": 5.352843164049362, "x2": 5.455485502001287, "x3": 8.36571558150092, "x4": 0.8097958950516181, "x5": 0.4994567052678349, "x6": 0.12783970738176478, "x7": 4.669594009763113, "x8": 1.4121889907719232, "x9": 2.4306934575481143}, "datetime": {"datetime": "2025-05-11 15:25:33", "elapsed": 2824.431949, "delta": 8.771442}}
{"target": 0.19879917174474965, "params": {"x0": 0.9275980923790219, "x1": 5.352843164049366, "x2": 5.455485502001295, "x3": 8.36571558150095, "x4": 0.8097958950516357, "x5": 0.4994567052677519, "x6": 0.12783970738172837, "x7": 4.66959400976326, "x8": 1.412188990771919, "x9": 2.430693457548107}, "datetime": {"datetime": "2025-05-11 15:25:41", "elapsed": 2832.979703, "delta": 8.547754}}
{"target": 0.19879917174474965, "params": {"x0": 0.9275980923790256, "x1": 5.352843164049368, "x2": 5.455485502001357, "x3": 8.365715581500933, "x4": 0.809795895051628, "x5": 0.499456705267893, "x6": 0.12783970738173736, "x7": 4.6695940097632915, "x8": 1.412188990771922, "x9": 2.43069345754811}, "datetime": {"datetime": "2025-05-11 15:25:51", "elapsed": 2842.029019, "delta": 9.049316}}
{"target": 0.19879917174474965, "params": {"x0": 0.9275980923790229, "x1": 5.352843164049367, "x2": 5.455485502001372, "x3": 8.365715581500938, "x4": 0.8097958950515735, "x5": 0.49945670526782376, "x6": 0.1278397073817591, "x7": 4.669594009763349, "x8": 1.4121889907719225, "x9": 2.430693457548114}, "datetime": {"datetime": "2025-05-11 15:26:00", "elapsed": 2851.083572, "delta": 9.054553}}
{"target": 0.19879917174474965, "params": {"x0": 0.9275980923790259, "x1": 5.352843164049379, "x2": 5.455485502001302, "x3": 8.365715581500954, "x4": 0.8097958950515992, "x5": 0.49945670526791625, "x6": 0.127839707381763, "x7": 4.669594009763301, "x8": 1.4121889907719192, "x9": 2.4306934575481103}, "datetime": {"datetime": "2025-05-11 15:26:08", "elapsed": 2859.806662, "delta": 8.72309}}
{"target": 0.19879917174474965, "params": {"x0": 0.9275980923790227, "x1": 5.352843164049378, "x2": 5.455485502001314, "x3": 8.365715581500972, "x4": 0.8097958950515918, "x5": 0.4994567052678642, "x6": 0.12783970738174605, "x7": 4.669594009763213, "x8": 1.4121889907719212, "x9": 2.43069345754811}, "datetime": {"datetime": "2025-05-11 15:26:18", "elapsed": 2869.484024, "delta": 9.677362}}
{"target": 0.19879917174474965, "params": {"x0": 0.9275980923790252, "x1": 5.352843164049377, "x2": 5.455485502001337, "x3": 8.365715581500968, "x4": 0.8097958950515589, "x5": 0.4994567052678583, "x6": 0.1278397073817459, "x7": 4.669594009763298, "x8": 1.4121889907719205, "x9": 2.430693457548114}, "datetime": {"datetime": "2025-05-11 15:26:27", "elapsed": 2878.450962, "delta": 8.966938}}
{"target": 0.19879917174474965, "params": {"x0": 0.9275980923790255, "x1": 5.35284316404937, "x2": 5.455485502001363, "x3": 8.365715581500941, "x4": 0.8097958950515951, "x5": 0.49945670526776265, "x6": 0.1278397073817396, "x7": 4.669594009763318, "x8": 1.41218899077192, "x9": 2.4306934575481125}, "datetime": {"datetime": "2025-05-11 15:26:36", "elapsed": 2887.277257, "delta": 8.826295}}
{"target": 0.19879917174474965, "params": {"x0": 0.9275980923790241, "x1": 5.352843164049376, "x2": 5.455485502001346, "x3": 8.365715581500956, "x4": 0.8097958950516018, "x5": 0.49945670526776087, "x6": 0.12783970738175718, "x7": 4.669594009763277, "x8": 1.4121889907719205, "x9": 2.4306934575481125}, "datetime": {"datetime": "2025-05-11 15:26:45", "elapsed": 2896.071375, "delta": 8.794118}}
{"target": 0.19879917174474965, "params": {"x0": 0.9275980923790241, "x1": 5.35284316404937, "x2": 5.455485502001326, "x3": 8.365715581500943, "x4": 0.8097958950516013, "x5": 0.49945670526783137, "x6": 0.12783970738174197, "x7": 4.669594009763237, "x8": 1.4121889907719176, "x9": 2.4306934575481125}, "datetime": {"datetime": "2025-05-11 15:26:55", "elapsed": 2906.13125, "delta": 10.059875}}
{"target": 0.19879917174474965, "params": {"x0": 0.9275980923790235, "x1": 5.352843164049371, "x2": 5.455485502001334, "x3": 8.365715581500961, "x4": 0.8097958950515873, "x5": 0.49945670526785496, "x6": 0.12783970738174252, "x7": 4.6695940097632205, "x8": 1.4121889907719196, "x9": 2.4306934575481116}, "datetime": {"datetime": "2025-05-11 15:27:04", "elapsed": 2915.655187, "delta": 9.523937}}
{"target": 0.19879917174474965, "params": {"x0": 0.9275980923790244, "x1": 5.35284316404937, "x2": 5.455485502001324, "x3": 8.365715581500956, "x4": 0.8097958950515942, "x5": 0.4994567052678058, "x6": 0.12783970738174966, "x7": 4.669594009763256, "x8": 1.412188990771919, "x9": 2.430693457548113}, "datetime": {"datetime": "2025-05-11 15:27:14", "elapsed": 2925.059175, "delta": 9.403988}}
{"target": 0.19879917174474965, "params": {"x0": 0.9275980923790246, "x1": 5.352843164049373, "x2": 5.455485502001329, "x3": 8.365715581500952, "x4": 0.8097958950515778, "x5": 0.49945670526784347, "x6": 0.1278397073817511, "x7": 4.669594009763298, "x8": 1.4121889907719192, "x9": 2.430693457548111}, "datetime": {"datetime": "2025-05-11 15:27:23", "elapsed": 2934.446489, "delta": 9.387314}}
{"target": 0.19879917174474965, "params": {"x0": 0.9275980923790249, "x1": 5.35284316404937, "x2": 5.455485502001353, "x3": 8.365715581500941, "x4": 0.8097958950515833, "x5": 0.49945670526778, "x6": 0.1278397073817426, "x7": 4.66959400976323, "x8": 1.41218899077192, "x9": 2.430693457548112}, "datetime": {"datetime": "2025-05-11 15:27:32", "elapsed": 2943.478503, "delta": 9.032014}}
{"target": 0.19879917174474965, "params": {"x0": 0.9275980923790237, "x1": 5.35284316404937, "x2": 5.455485502001343, "x3": 8.365715581500961, "x4": 0.80979589505158, "x5": 0.49945670526783603, "x6": 0.12783970738175332, "x7": 4.669594009763246, "x8": 1.4121889907719203, "x9": 2.4306934575481116}, "datetime": {"datetime": "2025-05-11 15:27:41", "elapsed": 2951.989107, "delta": 8.510604}}
{"target": 0.19879917174474965, "params": {"x0": 0.9275980923790237, "x1": 5.352843164049371, "x2": 5.45548550200134, "x3": 8.365715581500961, "x4": 0.8097958950515756, "x5": 0.4994567052678481, "x6": 0.12783970738174388, "x7": 4.6695940097632445, "x8": 1.4121889907719203, "x9": 2.430693457548111}, "datetime": {"datetime": "2025-05-11 15:27:50", "elapsed": 2961.940494, "delta": 9.951387}}
{"target": 0.19879917174474965, "params": {"x0": 0.9275980923790239, "x1": 5.3528431640493706, "x2": 5.455485502001349, "x3": 8.365715581500954, "x4": 0.8097958950515786, "x5": 0.4994567052677946, "x6": 0.12783970738175024, "x7": 4.669594009763249, "x8": 1.4121889907719198, "x9": 2.430693457548112}, "datetime": {"datetime": "2025-05-11 15:27:59", "elapsed": 2970.57465, "delta": 8.634156}}
{"target": 0.19879917174474965, "params": {"x0": 0.9275980923790239, "x1": 5.352843164049373, "x2": 5.455485502001334, "x3": 8.365715581500947, "x4": 0.8097958950515888, "x5": 0.4994567052678216, "x6": 0.12783970738174633, "x7": 4.669594009763249, "x8": 1.4121889907719198, "x9": 2.4306934575481116}, "datetime": {"datetime": "2025-05-11 15:28:08", "elapsed": 2979.654188, "delta": 9.079538}}
{"target": 0.19879917174474965, "params": {"x0": 0.9275980923790238, "x1": 5.352843164049371, "x2": 5.455485502001348, "x3": 8.365715581500957, "x4": 0.8097958950515889, "x5": 0.49945670526780583, "x6": 0.12783970738175163, "x7": 4.669594009763272, "x8": 1.4121889907719194, "x9": 2.4306934575481116}, "datetime": {"datetime": "2025-05-11 15:28:17", "elapsed": 2988.598684, "delta": 8.944496}}
{"target": 0.19879917174474965, "params": {"x0": 0.9275980923790244, "x1": 5.352843164049371, "x2": 5.455485502001335, "x3": 8.365715581500956, "x4": 0.8097958950515872, "x5": 0.4994567052678121, "x6": 0.1278397073817462, "x7": 4.669594009763268, "x8": 1.4121889907719198, "x9": 2.430693457548111}, "datetime": {"datetime": "2025-05-11 15:28:27", "elapsed": 2998.645678, "delta": 10.046994}}
{"target": 0.19879917174474965, "params": {"x0": 0.927598092379024, "x1": 5.3528431640493706, "x2": 5.455485502001334, "x3": 8.365715581500956, "x4": 0.8097958950515796, "x5": 0.49945670526782177, "x6": 0.12783970738174952, "x7": 4.669594009763248, "x8": 1.4121889907719203, "x9": 2.4306934575481116}, "datetime": {"datetime": "2025-05-11 15:28:36", "elapsed": 3007.725264, "delta": 9.079586}}
{"target": 0.19879917174474965, "params": {"x0": 0.9275980923790241, "x1": 5.3528431640493706, "x2": 5.455485502001341, "x3": 8.365715581500954, "x4": 0.8097958950515807, "x5": 0.49945670526783387, "x6": 0.1278397073817462, "x7": 4.669594009763269, "x8": 1.4121889907719194, "x9": 2.430693457548112}, "datetime": {"datetime": "2025-05-11 15:28:45", "elapsed": 3016.840371, "delta": 9.115107}}
{"target": 0.19879917174474965, "params": {"x0": 0.9275980923790244, "x1": 5.352843164049372, "x2": 5.455485502001342, "x3": 8.365715581500956, "x4": 0.8097958950515817, "x5": 0.49945670526780256, "x6": 0.12783970738174696, "x7": 4.669594009763255, "x8": 1.4121889907719198, "x9": 2.4306934575481116}, "datetime": {"datetime": "2025-05-11 15:28:55", "elapsed": 3026.227765, "delta": 9.387394}}
{"target": 0.19879917174474965, "params": {"x0": 0.9275980923790241, "x1": 5.352843164049372, "x2": 5.455485502001337, "x3": 8.365715581500954, "x4": 0.8097958950515818, "x5": 0.4994567052678063, "x6": 0.12783970738174932, "x7": 4.6695940097632604, "x8": 1.4121889907719198, "x9": 2.430693457548112}, "datetime": {"datetime": "2025-05-11 15:29:05", "elapsed": 3036.065961, "delta": 9.838196}}
{"target": 0.19879917174474965, "params": {"x0": 0.927598092379024, "x1": 5.352843164049371, "x2": 5.455485502001338, "x3": 8.365715581500954, "x4": 0.8097958950515822, "x5": 0.49945670526781205, "x6": 0.12783970738174968, "x7": 4.669594009763256, "x8": 1.4121889907719192, "x9": 2.4306934575481116}, "datetime": {"datetime": "2025-05-11 15:29:14", "elapsed": 3045.213086, "delta": 9.147125}}
{"target": 0.19879917174474965, "params": {"x0": 0.9275980923790239, "x1": 5.352843164049371, "x2": 5.455485502001341, "x3": 8.365715581500956, "x4": 0.8097958950515846, "x5": 0.49945670526782526, "x6": 0.1278397073817497, "x7": 4.6695940097632604, "x8": 1.4121889907719196, "x9": 2.430693457548112}, "datetime": {"datetime": "2025-05-11 15:29:23", "elapsed": 3054.186821, "delta": 8.973735}}
{"target": 0.19879917174474965, "params": {"x0": 0.927598092379024, "x1": 5.352843164049371, "x2": 5.455485502001342, "x3": 8.365715581500952, "x4": 0.8097958950515844, "x5": 0.4994567052678207, "x6": 0.12783970738174782, "x7": 4.669594009763273, "x8": 1.4121889907719198, "x9": 2.430693457548112}, "datetime": {"datetime": "2025-05-11 15:29:32", "elapsed": 3063.433557, "delta": 9.246736}}
{"target": 0.19879917174474965, "params": {"x0": 0.927598092379024, "x1": 5.3528431640493706, "x2": 5.455485502001337, "x3": 8.365715581500954, "x4": 0.8097958950515868, "x5": 0.49945670526781943, "x6": 0.12783970738174863, "x7": 4.669594009763262, "x8": 1.4121889907719196, "x9": 2.4306934575481116}, "datetime": {"datetime": "2025-05-11 15:29:41", "elapsed": 3072.582585, "delta": 9.149028}}
{"target": 0.19879917174474965, "params": {"x0": 0.927598092379024, "x1": 5.352843164049371, "x2": 5.455485502001341, "x3": 8.365715581500952, "x4": 0.8097958950515854, "x5": 0.4994567052678107, "x6": 0.12783970738174819, "x7": 4.669594009763264, "x8": 1.4121889907719196, "x9": 2.430693457548112}, "datetime": {"datetime": "2025-05-11 15:29:50", "elapsed": 3081.477793, "delta": 8.895208}}
{"target": 0.19879917174474965, "params": {"x0": 0.9275980923790241, "x1": 5.3528431640493706, "x2": 5.45548550200134, "x3": 8.36571558150095, "x4": 0.8097958950515862, "x5": 0.4994567052678147, "x6": 0.12783970738174844, "x7": 4.6695940097632676, "x8": 1.4121889907719196, "x9": 2.430693457548112}, "datetime": {"datetime": "2025-05-11 15:29:59", "elapsed": 3090.411316, "delta": 8.933523}}
