{"target": 0.1450834894876011, "params": {"x0": 0.8088190010945885, "x1": 5.945221257611607, "x2": 5.755301262257945, "x3": 8.747890330280462, "x4": 2.6958338526156553, "x5": 0.15207910167040076, "x6": 0.7306547787151122, "x7": 8.864902355487235, "x8": 0.8239463661688797, "x9": 2.7772784814894904}, "datetime": {"datetime": "2025-05-11 14:45:05", "elapsed": 396.747067, "delta": 7.630869}}
{"target": 0.15286175196763435, "params": {"x0": 0.9238034723516505, "x1": 4.763305094877562, "x2": 5.761687453611368, "x3": 9.039996299768235, "x4": 1.7993373015544554, "x5": 0.0018361455769480444, "x6": 0.4770025375943191, "x7": 8.373090533240717, "x8": 1.5295060080970395, "x9": 2.5722734894742807}, "datetime": {"datetime": "2025-05-11 14:45:13", "elapsed": 404.122003, "delta": 7.374936}}
{"target": 0.15707620214471005, "params": {"x0": 0.849577637737666, "x1": 6.20459830277233, "x2": 6.125391269136948, "x3": 8.917423243844429, "x4": 0.9677131755444975, "x5": 0.0, "x6": 0.10200518009613495, "x7": 8.493444675034944, "x8": 1.034107969907919, "x9": 2.5829930027211834}, "datetime": {"datetime": "2025-05-11 14:45:22", "elapsed": 413.215289, "delta": 9.093286}}
{"target": 0.18254272018491674, "params": {"x0": 0.8863272397217437, "x1": 5.8076931472534445, "x2": 5.503866417039653, "x3": 8.466873371787871, "x4": 1.5581363528990286, "x5": 1.5637068336615076, "x6": 0.08057980665818637, "x7": 8.277707060195757, "x8": 1.5029994194140222, "x9": 2.3553639844026057}, "datetime": {"datetime": "2025-05-11 14:45:29", "elapsed": 420.697844, "delta": 7.482555}}
{"target": 0.16975813360551492, "params": {"x0": 0.9436517200250335, "x1": 5.621034175865052, "x2": 6.5240218740885245, "x3": 7.070304760505343, "x4": 1.5432696770945007, "x5": 1.0640439127223167, "x6": 0.0, "x7": 7.984382273665321, "x8": 1.769117886239273, "x9": 2.605472013498532}, "datetime": {"datetime": "2025-05-11 14:45:37", "elapsed": 428.242079, "delta": 7.544235}}
{"target": 0.1642383150563429, "params": {"x0": 0.8347352074487828, "x1": 4.540976909082154, "x2": 5.493040684088682, "x3": 7.634122270473978, "x4": 0.5044860465012658, "x5": 1.567310953273217, "x6": 0.0, "x7": 8.071414965738267, "x8": 1.2634927992712965, "x9": 2.5804612105889393}, "datetime": {"datetime": "2025-05-11 14:45:44", "elapsed": 435.603019, "delta": 7.36094}}
{"target": 0.1614543374626427, "params": {"x0": 0.839894410676079, "x1": 4.667648532899284, "x2": 5.204982769543138, "x3": 7.270212215561326, "x4": 2.7438249543684523, "x5": 1.5527146822410725, "x6": 0.0, "x7": 8.230163091585569, "x8": 1.287443461285569, "x9": 2.1527764808349055}, "datetime": {"datetime": "2025-05-11 14:45:52", "elapsed": 443.200798, "delta": 7.597779}}
{"target": 0.153127123296, "params": {"x0": 0.8445376935806453, "x1": 5.456029457230234, "x2": 6.437920243500503, "x3": 7.416018399031161, "x4": 1.5248127142208934, "x5": 3.6402161317941144, "x6": 0.0, "x7": 9.40411324952734, "x8": 1.3089990570984142, "x9": 2.537692737613536}, "datetime": {"datetime": "2025-05-11 14:45:59", "elapsed": 450.85153, "delta": 7.650732}}
{"target": 0.11795000420591374, "params": {"x0": 0.8487166481947552, "x1": 5.5661750069376446, "x2": 5.517194392648778, "x3": 7.497577835244369, "x4": 1.3478664304934385, "x5": 2.92256557576614, "x6": 1.8581008905196854, "x7": 7.577010579576132, "x8": 1.3283990933299752, "x9": 2.519459862292443}, "datetime": {"datetime": "2025-05-11 14:46:07", "elapsed": 458.102282, "delta": 7.250752}}
{"target": 0.1737922985210184, "params": {"x0": 0.8524777073474541, "x1": 4.9766006233892615, "x2": 4.617731536307266, "x3": 9.339239354677023, "x4": 0.6937693624278187, "x5": 3.268651349452745, "x6": 0.0, "x7": 10.078935522577682, "x8": 1.3458591259383799, "x9": 2.5030502745034595}, "datetime": {"datetime": "2025-05-11 14:46:14", "elapsed": 465.338491, "delta": 7.236209}}
{"target": 4.1704574249327455e-08, "params": {"x0": 0.855862660584883, "x1": 6.55567641873121, "x2": 4.706345024380505, "x3": 7.681743987187635, "x4": 0.7802060614749396, "x5": 2.9523255276907587, "x6": 0.0, "x7": 9.898812676339489, "x8": 1.361573155285944, "x9": 2.488281645493374}, "datetime": {"datetime": "2025-05-11 14:46:21", "elapsed": 472.671469, "delta": 7.332978}}
{"target": 0.15705802599603297, "params": {"x0": 0.8589091184985691, "x1": 5.134508202923456, "x2": 6.221635670432886, "x3": 9.173489817928084, "x4": 1.7975467889314443, "x5": 2.9447118914524104, "x6": 0.0, "x7": 9.021424490436448, "x8": 1.6302830571292926, "x9": 2.2357380894209142}, "datetime": {"datetime": "2025-05-11 14:46:29", "elapsed": 479.99754, "delta": 7.326071}}
{"target": 0.18696006599764106, "params": {"x0": 0.9110035488226008, "x1": 5.201826697356455, "x2": 4.857874088985743, "x3": 9.102828173314062, "x4": 0.9280128168455166, "x5": 2.80661138567332, "x6": 0.0, "x7": 7.353379214426467, "x8": 1.388444145470279, "x9": 2.463027289886128}, "datetime": {"datetime": "2025-05-11 14:46:36", "elapsed": 487.572608, "delta": 7.575068}}
{"target": 0.12082861274969074, "params": {"x0": 0.9319784115583294, "x1": 4.686840214944014, "x2": 4.3087806101399195, "x3": 9.643389754611325, "x4": 0.4166723362860776, "x5": 2.3212626136796946, "x6": 0.9059803864992442, "x7": 8.488948816306783, "x8": 1.2910721626180972, "x9": 2.5545410995471216}, "datetime": {"datetime": "2025-05-11 14:46:43", "elapsed": 494.852397, "delta": 7.279789}}
{"target": 0.17099294288208158, "params": {"x0": 0.9298809252847565, "x1": 4.738338863185257, "x2": 4.929074031503117, "x3": 8.616322750146526, "x4": 1.4100573219264532, "x5": 3.7574333679623564, "x6": 0.0, "x7": 8.202640785396813, "x8": 1.3008093609033153, "x9": 2.5453897185810224}, "datetime": {"datetime": "2025-05-11 14:46:51", "elapsed": 502.581777, "delta": 7.72938}}
{"target": 0.1794513354978951, "params": {"x0": 0.8940139100066606, "x1": 4.784687646602377, "x2": 4.413108371120626, "x3": 8.66497329246328, "x4": 1.3618528714183595, "x5": 1.9508716016131875, "x6": 0.0, "x7": 6.433567836903411, "x8": 1.4673154515805462, "x9": 2.388901104060723}, "datetime": {"datetime": "2025-05-11 14:46:58", "elapsed": 509.743588, "delta": 7.161811}}
{"target": 0.1789376265663893, "params": {"x0": 0.8957128738882547, "x1": 4.826401551677785, "x2": 5.258163235064348, "x3": 8.708758780548358, "x4": 0.5375567677299579, "x5": 3.5767771913274395, "x6": 0.0, "x7": 6.525548974655717, "x8": 1.4594283209695196, "x9": 2.396313722643263}, "datetime": {"datetime": "2025-05-11 14:47:06", "elapsed": 517.144336, "delta": 7.400748}}
{"target": 0.18937976839769702, "params": {"x0": 0.9247651562635123, "x1": 5.539709328467258, "x2": 5.218134320456488, "x3": 8.748165719824929, "x4": 0.5766023726415137, "x5": 2.1134621605846124, "x6": 0.0, "x7": 6.608331998632791, "x8": 1.4523299034195953, "x9": 2.523069500404706}, "datetime": {"datetime": "2025-05-11 14:47:13", "elapsed": 524.592919, "delta": 7.448583}}
{"target": 0.18200924714342137, "params": {"x0": 0.9130677899387375, "x1": 5.826909564911441, "x2": 4.911913123706355, "x3": 8.446702634359164, "x4": 0.8753012502149162, "x5": 2.702639001910014, "x6": 6.938893903907228e-18, "x7": 5.975041865208167, "x8": 1.3980270091626763, "x9": 2.5741053793454975}, "datetime": {"datetime": "2025-05-11 14:47:20", "elapsed": 531.971293, "delta": 7.378374}}
{"target": 0.18579757447178358, "params": {"x0": 0.9352927859558096, "x1": 5.281229115667494, "x2": 5.493733397531607, "x3": 8.476848942905741, "x4": 0.845431362457576, "x5": 2.6188533833141108, "x6": 0.0, "x7": 7.086062534064964, "x8": 1.5012025082508225, "x9": 2.5690017914514183}, "datetime": {"datetime": "2025-05-11 14:47:28", "elapsed": 539.444666, "delta": 7.473373}}
{"target": 0.17780196489214342, "params": {"x0": 0.9152902895404448, "x1": 5.30707713694747, "x2": 5.4661734898240955, "x3": 8.992350819052197, "x4": 0.8185484634759697, "x5": 2.438775849690211, "x6": 0.5417489390064903, "x7": 6.095366990558846, "x8": 1.4963152477676998, "x9": 2.481730438462665}, "datetime": {"datetime": "2025-05-11 14:47:35", "elapsed": 546.910447, "delta": 7.465781}}
{"target": 0.19362418308845733, "params": {"x0": 0.9162377762127515, "x1": 5.330340356099449, "x2": 5.441369572887335, "x3": 8.528399130520388, "x4": 0.7943538543925242, "x5": 1.6839522432583949, "x6": 0.0, "x7": 6.14666349136624, "x8": 1.4127430935063015, "x9": 2.485864344656869}, "datetime": {"datetime": "2025-05-11 14:47:43", "elapsed": 554.271066, "delta": 7.360619}}
{"target": 0.1931262700416682, "params": {"x0": 0.9089895031696048, "x1": 5.5083039826120865, "x2": 5.251619608321115, "x3": 8.341597529611526, "x4": 0.6092650949041654, "x5": 1.31886881353111, "x6": 0.4388166405952572, "x7": 5.754245260189672, "x8": 1.4463918819326014, "x9": 2.454239962271208}, "datetime": {"datetime": "2025-05-11 14:47:50", "elapsed": 561.651131, "delta": 7.380065}}
{"target": 0.19208233367105468, "params": {"x0": 0.9097143304739195, "x1": 5.490507619960823, "x2": 5.270594604777737, "x3": 8.360277689702412, "x4": 0.9609337379320471, "x5": 1.3553771565038384, "x6": 0.3949349765357315, "x7": 6.499839899425152, "x8": 1.3824591839226317, "x9": 2.457402400509774}, "datetime": {"datetime": "2025-05-11 14:47:58", "elapsed": 569.079335, "delta": 7.428204}}
{"target": 0.19302466461724438, "params": {"x0": 0.9103666750478027, "x1": 5.474490893574686, "x2": 5.287672101588696, "x3": 8.679708427256564, "x4": 0.9442757495780948, "x5": 1.388234665179294, "x6": 0.0, "x7": 5.82880472411322, "x8": 1.4399986121316044, "x9": 2.4602485949244834}, "datetime": {"datetime": "2025-05-11 14:48:05", "elapsed": 576.485913, "delta": 7.406578}}
{"target": 0.1930998767544427, "params": {"x0": 0.9215217672612054, "x1": 5.200604872371736, "x2": 5.303041848718561, "x3": 8.664577497582947, "x4": 0.6594241487255106, "x5": 1.417806422987204, "x6": 0.0, "x7": 6.4327363818939585, "x8": 1.388213126743529, "x9": 2.462810169897722}, "datetime": {"datetime": "2025-05-11 14:48:12", "elapsed": 583.971414, "delta": 7.485501}}
{"target": 0.19318634367700468, "params": {"x0": 0.911482184269143, "x1": 5.4471022914543905, "x2": 5.565864524639232, "x3": 8.405838600164085, "x4": 0.6729171192922119, "x5": 1.4444210050143231, "x6": 0.0, "x7": 6.4041290928411865, "x8": 1.4348200635927968, "x9": 2.465115587373637}, "datetime": {"datetime": "2025-05-11 14:48:20", "elapsed": 591.51862, "delta": 7.547206}}
{"target": 0.19409650190631608, "params": {"x0": 0.9205178089619992, "x1": 5.225254614280002, "x2": 5.3293241163106275, "x3": 8.418094653199715, "x4": 0.9036469159828051, "x5": 1.4683741288387304, "x6": 0.0, "x7": 5.914944450038789, "x8": 1.4326123665841473, "x9": 2.46719046310196}, "datetime": {"datetime": "2025-05-11 14:48:27", "elapsed": 598.924626, "delta": 7.406006}}
{"target": 0.19342588592968604, "params": {"x0": 0.9168797811251387, "x1": 5.314577494826532, "x2": 5.234085478220426, "x3": 8.324335847477142, "x4": 0.8107478136310663, "x5": 1.2851327315820156, "x6": 0.0, "x7": 6.111905635167123, "x8": 1.4157234844679782, "x9": 2.4830632624236326}, "datetime": {"datetime": "2025-05-11 14:48:35", "elapsed": 606.33609, "delta": 7.411464}}
{"target": 0.19397203325275764, "params": {"x0": 0.9237920340151736, "x1": 5.305645206771879, "x2": 5.243609342029447, "x3": 8.3337117280494, "x4": 0.8200377238662402, "x5": 1.6332913863697738, "x6": 0.0, "x7": 5.737679383423288, "x8": 1.4174123726795953, "x9": 2.452904943712454}, "datetime": {"datetime": "2025-05-11 14:48:42", "elapsed": 613.830199, "delta": 7.494109}}
{"target": 0.19548475675952584, "params": {"x0": 0.9234646115098563, "x1": 5.297606147522691, "x2": 5.40646741316369, "x3": 8.342150020564432, "x4": 0.9788951888877135, "x5": 1.3199485970607914, "x6": 0.1888961749786132, "x7": 5.755405890084838, "x8": 1.4189323720700504, "x9": 2.454333495651405}, "datetime": {"datetime": "2025-05-11 14:48:50", "elapsed": 621.344084, "delta": 7.513885}}
{"target": 0.1958367074580674, "params": {"x0": 0.9209598293441777, "x1": 5.359104950778977, "x2": 5.472039215488794, "x3": 8.27759708282444, "x4": 0.9149341569185413, "x5": 1.1937868950495432, "x6": 0.02833442624679197, "x7": 5.619798114123981, "x8": 1.4073043767330682, "x9": 2.4434050733184334}, "datetime": {"datetime": "2025-05-11 14:48:57", "elapsed": 628.874505, "delta": 7.530421}}
{"target": 0.1959937497997533, "params": {"x0": 0.9192064818282029, "x1": 5.297606147522691, "x2": 5.40646741316369, "x3": 8.342150020564432, "x4": 0.8701614345401207, "x5": 1.067625193038295, "x6": 0.1407276503590668, "x7": 5.484190338163123, "x8": 1.395676381396086, "x9": 2.454333495651405}, "datetime": {"datetime": "2025-05-11 14:49:05", "elapsed": 636.251821, "delta": 7.377316}}
{"target": 0.1966882203195731, "params": {"x0": 0.9209598293441777, "x1": 5.3406553098020915, "x2": 5.3605671515361175, "x3": 8.296962964146438, "x4": 0.9149341569185413, "x5": 0.9414634910270469, "x6": 0.2194029072376592, "x7": 5.348582562202266, "x8": 1.4073043767330682, "x9": 2.4466836000183245}, "datetime": {"datetime": "2025-05-11 14:49:12", "elapsed": 643.574557, "delta": 7.322736}}
{"target": 0.19592901563656448, "params": {"x0": 0.9197324860829953, "x1": 5.370789723397672, "x2": 5.40646741316369, "x3": 8.265332024653842, "x4": 0.883593251253647, "x5": 1.067625193038295, "x6": 0.2980781641162516, "x7": 5.212974786241408, "x8": 1.3991647799971805, "x9": 2.4520385269614806}, "datetime": {"datetime": "2025-05-11 14:49:19", "elapsed": 650.957596, "delta": 7.383039}}
{"target": 0.19609977338309983, "params": {"x0": 0.922064438279242, "x1": 5.367776282038114, "x2": 5.4018773870009325, "x3": 8.268495118603102, "x4": 0.8867273418201363, "x5": 0.8279179592169236, "x6": 0.29021063842839234, "x7": 5.470629560567038, "x8": 1.3999787396707692, "x9": 2.441864165769484}, "datetime": {"datetime": "2025-05-11 14:49:27", "elapsed": 658.394919, "delta": 7.437323}}
{"target": 0.19683902858511781, "params": {"x0": 0.9219539773857356, "x1": 5.316246434789671, "x2": 5.323387939617784, "x3": 8.271341903157436, "x4": 0.8895480233299768, "x5": 0.8392725123979359, "x6": 0.15567594916599936, "x7": 5.238740263673971, "x8": 1.4007113033769991, "x9": 2.442346109194368}, "datetime": {"datetime": "2025-05-11 14:49:34", "elapsed": 665.668523, "delta": 7.273604}}
{"target": 0.19575149356821495, "params": {"x0": 0.9211089515504115, "x1": 5.295498891029115, "x2": 5.2917856094872, "x3": 8.249564001316784, "x4": 0.9111262368802566, "x5": 0.9261348442326802, "x6": 0.2098438635269102, "x7": 5.332106217423021, "x8": 1.3951071910243404, "x9": 2.4386592419940047}, "datetime": {"datetime": "2025-05-11 14:49:41", "elapsed": 672.941983, "delta": 7.27346}}
{"target": 0.19730094422712047, "params": {"x0": 0.9211934541339439, "x1": 5.334919224174173, "x2": 5.3518300367353095, "x3": 8.290942014814023, "x4": 0.9089684155252287, "x5": 0.761096413746666, "x6": 0.10692482624117959, "x7": 5.154710905299825, "x8": 1.4057550044943918, "x9": 2.439027928714041}, "datetime": {"datetime": "2025-05-11 14:49:49", "elapsed": 680.219159, "delta": 7.277176}}
{"target": 0.1969610150785083, "params": {"x0": 0.9218398988979669, "x1": 5.350791095150999, "x2": 5.327654254185413, "x3": 8.307602109722122, "x4": 0.8924610821592647, "x5": 0.8275460976002454, "x6": 0.06548637175508279, "x7": 5.083285950681801, "x8": 1.4100421504441756, "x9": 2.436207475305763}, "datetime": {"datetime": "2025-05-11 14:49:56", "elapsed": 687.438039, "delta": 7.21888}}
{"target": 0.19703680948821278, "params": {"x0": 0.9217752544215646, "x1": 5.349203908053316, "x2": 5.373588241030216, "x3": 8.275947929396734, "x4": 0.894111815495861, "x5": 0.7012916982784446, "x6": 0.06963021720369247, "x7": 5.218993364456046, "x8": 1.4096134358491974, "x9": 2.441566336781491}, "datetime": {"datetime": "2025-05-11 14:50:03", "elapsed": 694.731633, "delta": 7.293594}}
{"target": 0.19751681290424064, "params": {"x0": 0.9217170743928025, "x1": 5.322063008682943, "x2": 5.371412420600726, "x3": 8.304436691689583, "x4": 0.8955974754987978, "x5": 0.7072721698252667, "x6": 0.140489974374918, "x7": 5.096856692059226, "x8": 1.4092275927137168, "x9": 2.436743361453336}, "datetime": {"datetime": "2025-05-11 14:50:10", "elapsed": 701.918847, "delta": 7.187214}}
{"target": 0.19752404077360733, "params": {"x0": 0.9221621516128323, "x1": 5.332990791850488, "x2": 5.354767394315123, "x3": 8.315907167033808, "x4": 0.906962774521264, "x5": 0.6615215624920774, "x6": 0.16902035028859566, "x7": 5.047680610804717, "x8": 1.4062758927272907, "x9": 2.4386852436249353}, "datetime": {"datetime": "2025-05-11 14:50:18", "elapsed": 709.233511, "delta": 7.314664}}
{"target": 0.19733411042288074, "params": {"x0": 0.9226072288328622, "x1": 5.340640240067769, "x2": 5.3431158759152, "x3": 8.327377642378034, "x4": 0.8990070652055376, "x5": 0.615770955158888, "x6": 0.19755072620227332, "x7": 5.096856692059226, "x8": 1.408342082717789, "x9": 2.437325926104816}, "datetime": {"datetime": "2025-05-11 14:50:25", "elapsed": 716.569243, "delta": 7.335732}}
{"target": 0.1974607261176031, "params": {"x0": 0.9225627211108591, "x1": 5.339875295246041, "x2": 5.365253760875053, "x3": 8.305583739224005, "x4": 0.9141229129054177, "x5": 0.620346015892207, "x6": 0.19469768861090556, "x7": 5.003422137675658, "x8": 1.408135463718739, "x9": 2.439908629393043}, "datetime": {"datetime": "2025-05-11 14:50:33", "elapsed": 724.043782, "delta": 7.474539}}
{"target": 0.19732556226804562, "params": {"x0": 0.9225226641610564, "x1": 5.32679473879449, "x2": 5.36420512421906, "x3": 8.32519825206263, "x4": 0.9134068990670023, "x5": 0.6985795544319608, "x6": 0.19212995477867456, "x7": 5.007847984988564, "x8": 1.4079495066195944, "x9": 2.439786290816232}, "datetime": {"datetime": "2025-05-11 14:50:40", "elapsed": 731.457527, "delta": 7.413745}}
{"target": 0.19768828043367367, "params": {"x0": 0.922486612906234, "x1": 5.338567239600886, "x2": 5.363261351228666, "x3": 8.324269143559748, "x4": 0.9011630624300995, "x5": 0.6281693697461823, "x6": 0.14822170624752465, "x7": 5.011831247570179, "x8": 1.4047696402242174, "x9": 2.437694301152768}, "datetime": {"datetime": "2025-05-11 14:50:47", "elapsed": 738.772194, "delta": 7.314667}}
{"target": 0.19780420792127332, "params": {"x0": 0.9227624050056255, "x1": 5.333827259013048, "x2": 5.370481214605178, "x3": 8.331376823606798, "x4": 0.8962333071526096, "x5": 0.5998200059121715, "x6": 0.1305428588126143, "x7": 4.981359288820823, "x8": 1.4060499548518297, "x9": 2.436852000051426}, "datetime": {"datetime": "2025-05-11 14:50:55", "elapsed": 746.051161, "delta": 7.278967}}
{"target": 0.19782340500173878, "params": {"x0": 0.9230381971050169, "x1": 5.330509272601561, "x2": 5.37770107798169, "x3": 8.338484503653847, "x4": 0.8913035518751198, "x5": 0.5714706420781608, "x6": 0.11286401137770394, "x7": 4.950887330071466, "x8": 1.4069461750911583, "x9": 2.437694301152768}, "datetime": {"datetime": "2025-05-11 14:51:02", "elapsed": 753.337238, "delta": 7.286077}}
{"target": 0.19795614061541283, "params": {"x0": 0.9233139892044083, "x1": 5.333827259013048, "x2": 5.384920941358201, "x3": 8.345592183700896, "x4": 0.8863737965976299, "x5": 0.54312127824415, "x6": 0.1305428588126143, "x7": 4.920415371322109, "x8": 1.4078423953304868, "x9": 2.4371046903818288}, "datetime": {"datetime": "2025-05-11 14:51:09", "elapsed": 760.551837, "delta": 7.214599}}
{"target": 0.19805957829515902, "params": {"x0": 0.9235897813037998, "x1": 5.336149849501089, "x2": 5.392140804734713, "x3": 8.338484503653847, "x4": 0.8814440413201401, "x5": 0.5147719144101393, "x6": 0.14291805201705154, "x7": 4.889943412572753, "x8": 1.4087386155698154, "x9": 2.436691962842171}, "datetime": {"datetime": "2025-05-11 14:51:16", "elapsed": 767.79503, "delta": 7.243193}}
{"target": 0.1981090083898441, "params": {"x0": 0.9238655734031912, "x1": 5.33847243998913, "x2": 5.399360668111225, "x3": 8.333509127620912, "x4": 0.8765142860426502, "x5": 0.4864225505761285, "x6": 0.1305428588126143, "x7": 4.859471453823396, "x8": 1.409634835809144, "x9": 2.4362792353025133}, "datetime": {"datetime": "2025-05-11 14:51:24", "elapsed": 775.05176, "delta": 7.25673}}
{"target": 0.19813743442074466, "params": {"x0": 0.9241413655025826, "x1": 5.336149849501089, "x2": 5.392140804734713, "x3": 8.328533751587978, "x4": 0.8715845307651604, "x5": 0.4580731867421177, "x6": 0.12188022356950823, "x7": 4.828999495074039, "x8": 1.4105310560484725, "x9": 2.4358665077628556}, "datetime": {"datetime": "2025-05-11 14:51:31", "elapsed": 782.311615, "delta": 7.259855}}
{"target": 0.19807628277105357, "params": {"x0": 0.9244171576019741, "x1": 5.33452403615946, "x2": 5.3971947090982715, "x3": 8.333509127620912, "x4": 0.8666547754876706, "x5": 0.42972382290810696, "x6": 0.11321758832640216, "x7": 4.859471453823396, "x8": 1.411427276287801, "x9": 2.435453780223198}, "datetime": {"datetime": "2025-05-11 14:51:38", "elapsed": 789.468434, "delta": 7.156819}}
{"target": 0.1981497170140304, "params": {"x0": 0.924389578392035, "x1": 5.337613081508555, "x2": 5.396689318661916, "x3": 8.324055913158336, "x4": 0.8671477510154195, "x5": 0.48358761419272744, "x6": 0.11408385185071276, "x7": 4.801574732199618, "x8": 1.4113376542638683, "x9": 2.435495052977164}, "datetime": {"datetime": "2025-05-11 14:51:45", "elapsed": 796.792143, "delta": 7.323709}}
{"target": 0.198268622818855, "params": {"x0": 0.9246005593480694, "x1": 5.338856828714901, "x2": 5.400555555500038, "x3": 8.32786207582353, "x4": 0.8633764882281398, "x5": 0.5052748775257456, "x6": 0.12071076781168891, "x7": 4.77826368375636, "x8": 1.4120232627469547, "x9": 2.435179316409326}, "datetime": {"datetime": "2025-05-11 14:51:53", "elapsed": 804.230278, "delta": 7.438135}}
{"target": 0.19834463019036438, "params": {"x0": 0.9248115403041038, "x1": 5.340100575921247, "x2": 5.40442179233816, "x3": 8.330526389689167, "x4": 0.8596052254408602, "x5": 0.4835876141927274, "x6": 0.1253496089843722, "x7": 4.754952635313102, "x8": 1.412708871230041, "x9": 2.434863579841488}, "datetime": {"datetime": "2025-05-11 14:52:00", "elapsed": 811.475558, "delta": 7.24528}}
