{"target": 0.19879917174474965, "params": {"x0": 0.9275980923658067, "x1": 5.352843163985456, "x2": 5.45548550232132, "x3": 8.365715581391415, "x4": 0.8097958947374204, "x5": 0.49945670478242316, "x6": 0.12783970728243324, "x7": 4.669594008910891, "x8": 1.412188990775002, "x9": 2.4306934575617323}, "datetime": {"datetime": "2025-05-11 15:13:36", "elapsed": 2107.316061, "delta": 8.191061}}
{"target": 0.19879917174474965, "params": {"x0": 0.927598092378612, "x1": 5.3528431640880285, "x2": 5.455485502295483, "x3": 8.365715581589255, "x4": 0.8097958947640209, "x5": 0.49945670473608267, "x6": 0.12783970737981315, "x7": 4.669594010394512, "x8": 1.4121889907975456, "x9": 2.4306934575286214}, "datetime": {"datetime": "2025-05-11 15:13:44", "elapsed": 2115.463081, "delta": 8.14702}}
{"target": 0.19879917174474965, "params": {"x0": 0.9275980923817302, "x1": 5.3528431640760745, "x2": 5.455485502140629, "x3": 8.365715581630463, "x4": 0.8097958947936162, "x5": 0.4994567045962328, "x6": 0.1278397074530663, "x7": 4.6695940097690904, "x8": 1.4121889907647487, "x9": 2.430693457528871}, "datetime": {"datetime": "2025-05-11 15:13:52", "elapsed": 2123.900565, "delta": 8.437484}}
{"target": 0.19879917174474965, "params": {"x0": 0.9275980923847452, "x1": 5.352843164064779, "x2": 5.4554855021465345, "x3": 8.3657155815447, "x4": 0.8097958948413257, "x5": 0.49945670512335955, "x6": 0.12783970740472145, "x7": 4.669594009877006, "x8": 1.4121889907806415, "x9": 2.4306934575481756}, "datetime": {"datetime": "2025-05-11 15:14:00", "elapsed": 2131.894386, "delta": 7.993821}}
{"target": 0.19879917174474965, "params": {"x0": 0.9275980923764209, "x1": 5.352843164069516, "x2": 5.45548550213203, "x3": 8.365715581375378, "x4": 0.8097958948554728, "x5": 0.4994567048619643, "x6": 0.12783970736029068, "x7": 4.669594009184854, "x8": 1.4121889907634246, "x9": 2.4306934575605474}, "datetime": {"datetime": "2025-05-11 15:14:09", "elapsed": 2140.015869, "delta": 8.121483}}
{"target": 0.19879917174474965, "params": {"x0": 0.9275980923843292, "x1": 5.352843164058527, "x2": 5.4554855021907604, "x3": 8.365715581608358, "x4": 0.8097958948642879, "x5": 0.4994567054472616, "x6": 0.12783970735530764, "x7": 4.669594009434128, "x8": 1.4121889907880123, "x9": 2.4306934575400865}, "datetime": {"datetime": "2025-05-11 15:14:17", "elapsed": 2148.145981, "delta": 8.130112}}
{"target": 0.19879917174474965, "params": {"x0": 0.9275980923747466, "x1": 5.352843164029191, "x2": 5.455485502125176, "x3": 8.365715581608587, "x4": 0.8097958948835943, "x5": 0.4994567047959975, "x6": 0.12783970738302744, "x7": 4.669594009728167, "x8": 1.4121889907833898, "x9": 2.4306934575598453}, "datetime": {"datetime": "2025-05-11 15:14:25", "elapsed": 2156.736137, "delta": 8.590156}}
{"target": 0.19879917174474965, "params": {"x0": 0.9275980923821855, "x1": 5.352843164036755, "x2": 5.455485502082471, "x3": 8.365715581544158, "x4": 0.8097958949268594, "x5": 0.49945670502287415, "x6": 0.12783970732380853, "x7": 4.669594009602097, "x8": 1.412188990772115, "x9": 2.4306934575369925}, "datetime": {"datetime": "2025-05-11 15:14:34", "elapsed": 2165.168507, "delta": 8.43237}}
{"target": 0.19879917174474965, "params": {"x0": 0.9275980923857804, "x1": 5.352843164080574, "x2": 5.455485502102663, "x3": 8.365715581580686, "x4": 0.8097958950074986, "x5": 0.49945670554119176, "x6": 0.12783970733565875, "x7": 4.669594009348366, "x8": 1.4121889907783542, "x9": 2.43069345755244}, "datetime": {"datetime": "2025-05-11 15:14:42", "elapsed": 2173.372877, "delta": 8.20437}}
{"target": 0.19879917174474965, "params": {"x0": 0.9275980923800705, "x1": 5.352843164034021, "x2": 5.455485502070619, "x3": 8.36571558158415, "x4": 0.8097958949354802, "x5": 0.4994567049548998, "x6": 0.12783970733296499, "x7": 4.669594009487159, "x8": 1.4121889907703566, "x9": 2.4306934575438985}, "datetime": {"datetime": "2025-05-11 15:14:50", "elapsed": 2181.464461, "delta": 8.091584}}
{"target": 0.19879917174474965, "params": {"x0": 0.9275980923825403, "x1": 5.352843164043734, "x2": 5.455485501922077, "x3": 8.365715581561423, "x4": 0.8097958949808727, "x5": 0.4994567050483574, "x6": 0.12783970737901648, "x7": 4.669594009602265, "x8": 1.4121889907697913, "x9": 2.4306934575572106}, "datetime": {"datetime": "2025-05-11 15:14:58", "elapsed": 2189.872399, "delta": 8.407938}}
{"target": 0.19879917174474965, "params": {"x0": 0.9275980923747796, "x1": 5.35284316405833, "x2": 5.455485502095243, "x3": 8.365715581478955, "x4": 0.8097958949575028, "x5": 0.4994567052623858, "x6": 0.12783970735009634, "x7": 4.669594009534379, "x8": 1.4121889907727263, "x9": 2.4306934575486254}, "datetime": {"datetime": "2025-05-11 15:15:07", "elapsed": 2198.105102, "delta": 8.232703}}
{"target": 0.19879917174474965, "params": {"x0": 0.9275980923790187, "x1": 5.352843164039692, "x2": 5.4554855020865345, "x3": 8.365715581493905, "x4": 0.809795895045331, "x5": 0.499456705185838, "x6": 0.12783970741111472, "x7": 4.669594009797338, "x8": 1.4121889907709357, "x9": 2.4306934575484216}, "datetime": {"datetime": "2025-05-11 15:15:15", "elapsed": 2206.803105, "delta": 8.698003}}
{"target": 0.19879917174474965, "params": {"x0": 0.927598092377342, "x1": 5.352843164048598, "x2": 5.455485502048141, "x3": 8.365715581464627, "x4": 0.8097958950406766, "x5": 0.49945670515526813, "x6": 0.12783970739794448, "x7": 4.669594009688276, "x8": 1.4121889907763134, "x9": 2.4306934575525094}, "datetime": {"datetime": "2025-05-11 15:15:24", "elapsed": 2215.274885, "delta": 8.47178}}
{"target": 0.19879917174474965, "params": {"x0": 0.9275980923827127, "x1": 5.352843164048454, "x2": 5.455485502023091, "x3": 8.365715581472566, "x4": 0.8097958950125769, "x5": 0.49945670516477425, "x6": 0.12783970739561137, "x7": 4.6695940096635535, "x8": 1.412188990773358, "x9": 2.4306934575439145}, "datetime": {"datetime": "2025-05-11 15:15:32", "elapsed": 2223.43951, "delta": 8.164625}}
{"target": 0.19879917174474965, "params": {"x0": 0.9275980923811203, "x1": 5.3528431640599115, "x2": 5.455485502051966, "x3": 8.365715581536676, "x4": 0.8097958949968862, "x5": 0.49945670512648366, "x6": 0.12783970737712522, "x7": 4.669594009851974, "x8": 1.4121889907776541, "x9": 2.4306934575454626}, "datetime": {"datetime": "2025-05-11 15:15:41", "elapsed": 2232.518554, "delta": 9.079044}}
{"target": 0.19879917174474965, "params": {"x0": 0.9275980923820883, "x1": 5.3528431640459155, "x2": 5.4554855020425705, "x3": 8.365715581474907, "x4": 0.8097958950061527, "x5": 0.49945670531773634, "x6": 0.1278397073604751, "x7": 4.669594009767489, "x8": 1.412188990767452, "x9": 2.4306934575524575}, "datetime": {"datetime": "2025-05-11 15:15:49", "elapsed": 2240.529386, "delta": 8.010832}}
{"target": 0.19879917174474965, "params": {"x0": 0.9275980923780163, "x1": 5.352843164049769, "x2": 5.455485502031717, "x3": 8.365715581527214, "x4": 0.8097958950660294, "x5": 0.49945670523060237, "x6": 0.12783970739795134, "x7": 4.669594009675579, "x8": 1.4121889907673346, "x9": 2.430693457546893}, "datetime": {"datetime": "2025-05-11 15:15:57", "elapsed": 2248.785776, "delta": 8.25639}}
{"target": 0.19879917174474965, "params": {"x0": 0.9275980923770049, "x1": 5.35284316404133, "x2": 5.45548550199028, "x3": 8.365715581492724, "x4": 0.8097958950288017, "x5": 0.49945670530752184, "x6": 0.12783970738683975, "x7": 4.669594009639027, "x8": 1.4121889907734828, "x9": 2.4306934575500136}, "datetime": {"datetime": "2025-05-11 15:16:06", "elapsed": 2257.084838, "delta": 8.299062}}
{"target": 0.19879917174474965, "params": {"x0": 0.9275980923772008, "x1": 5.352843164054058, "x2": 5.455485501979896, "x3": 8.365715581504775, "x4": 0.8097958950648506, "x5": 0.49945670523429014, "x6": 0.1278397073649134, "x7": 4.669594009705537, "x8": 1.4121889907685312, "x9": 2.4306934575488826}, "datetime": {"datetime": "2025-05-11 15:16:14", "elapsed": 2265.367321, "delta": 8.282483}}
{"target": 0.19879917174474965, "params": {"x0": 0.927598092377986, "x1": 5.352843164040406, "x2": 5.45548550203192, "x3": 8.365715581492983, "x4": 0.809795895015836, "x5": 0.4994567051705628, "x6": 0.12783970738260905, "x7": 4.669594009730845, "x8": 1.4121889907716965, "x9": 2.4306934575451815}, "datetime": {"datetime": "2025-05-11 15:16:22", "elapsed": 2273.956204, "delta": 8.588883}}
{"target": 0.19879917174474965, "params": {"x0": 0.9275980923797362, "x1": 5.352843164056659, "x2": 5.455485502015704, "x3": 8.365715581505906, "x4": 0.8097958950294972, "x5": 0.4994567053090754, "x6": 0.12783970738131276, "x7": 4.669594009824692, "x8": 1.4121889907733436, "x9": 2.4306934575473007}, "datetime": {"datetime": "2025-05-11 15:16:31", "elapsed": 2282.540982, "delta": 8.584778}}
{"target": 0.19879917174474965, "params": {"x0": 0.9275980923799879, "x1": 5.352843164042493, "x2": 5.455485501988749, "x3": 8.365715581510864, "x4": 0.8097958950657647, "x5": 0.4994567052105217, "x6": 0.12783970737479977, "x7": 4.669594009682827, "x8": 1.4121889907707517, "x9": 2.430693457546708}, "datetime": {"datetime": "2025-05-11 15:16:40", "elapsed": 2291.293466, "delta": 8.752484}}
{"target": 0.19879917174474965, "params": {"x0": 0.9275980923779821, "x1": 5.352843164055492, "x2": 5.455485502003705, "x3": 8.365715581494944, "x4": 0.8097958950334093, "x5": 0.49945670523901103, "x6": 0.1278397073733452, "x7": 4.669594009833343, "x8": 1.4121889907722465, "x9": 2.4306934575500154}, "datetime": {"datetime": "2025-05-11 15:16:49", "elapsed": 2300.152634, "delta": 8.859168}}
{"target": 0.19879917174474965, "params": {"x0": 0.9275980923796927, "x1": 5.352843164052984, "x2": 5.455485502026982, "x3": 8.3657155814866, "x4": 0.8097958950541141, "x5": 0.4994567052433881, "x6": 0.12783970737516775, "x7": 4.669594009746926, "x8": 1.4121889907735767, "x9": 2.430693457549653}, "datetime": {"datetime": "2025-05-11 15:16:57", "elapsed": 2308.629397, "delta": 8.476763}}
{"target": 0.19879917174474965, "params": {"x0": 0.9275980923792116, "x1": 5.352843164051973, "x2": 5.455485502013586, "x3": 8.36571558149584, "x4": 0.8097958950347105, "x5": 0.49945670524437286, "x6": 0.12783970738385916, "x7": 4.6695940096995905, "x8": 1.4121889907728475, "x9": 2.4306934575485593}, "datetime": {"datetime": "2025-05-11 15:17:05", "elapsed": 2316.696585, "delta": 8.067188}}
{"target": 0.19879917174474965, "params": {"x0": 0.927598092378691, "x1": 5.352843164045937, "x2": 5.455485502001643, "x3": 8.365715581509333, "x4": 0.8097958950355623, "x5": 0.49945670524654273, "x6": 0.1278397073902866, "x7": 4.669594009819172, "x8": 1.4121889907712584, "x9": 2.4306934575493506}, "datetime": {"datetime": "2025-05-11 15:17:14", "elapsed": 2325.629064, "delta": 8.932479}}
{"target": 0.19879917174474965, "params": {"x0": 0.9275980923789038, "x1": 5.352843164045253, "x2": 5.455485502004505, "x3": 8.365715581502746, "x4": 0.8097958950473901, "x5": 0.4994567052847396, "x6": 0.12783970738868627, "x7": 4.669594009808527, "x8": 1.412188990773438, "x9": 2.4306934575484562}, "datetime": {"datetime": "2025-05-11 15:17:22", "elapsed": 2333.86132, "delta": 8.232256}}
{"target": 0.19879917174474965, "params": {"x0": 0.9275980923793059, "x1": 5.352843164052791, "x2": 5.455485502015813, "x3": 8.365715581500625, "x4": 0.8097958950637713, "x5": 0.4994567052245619, "x6": 0.12783970738797837, "x7": 4.669594009791652, "x8": 1.4121889907712462, "x9": 2.4306934575469428}, "datetime": {"datetime": "2025-05-11 15:17:31", "elapsed": 2342.691442, "delta": 8.830122}}
{"target": 0.19879917174474965, "params": {"x0": 0.9275980923786716, "x1": 5.352843164048066, "x2": 5.455485502012012, "x3": 8.365715581499593, "x4": 0.8097958950655454, "x5": 0.49945670528269703, "x6": 0.12783970737694145, "x7": 4.66959400977158, "x8": 1.4121889907718583, "x9": 2.4306934575489105}, "datetime": {"datetime": "2025-05-11 15:17:40", "elapsed": 2351.257564, "delta": 8.566122}}
{"target": 0.19879917174474965, "params": {"x0": 0.9275980923788314, "x1": 5.35284316404759, "x2": 5.455485502008393, "x3": 8.365715581498044, "x4": 0.8097958950386253, "x5": 0.49945670525210184, "x6": 0.1278397073827053, "x7": 4.669594009764075, "x8": 1.412188990773042, "x9": 2.430693457548932}, "datetime": {"datetime": "2025-05-11 15:17:48", "elapsed": 2359.347603, "delta": 8.090039}}
{"target": 0.19879917174474965, "params": {"x0": 0.9275980923784786, "x1": 5.352843164051512, "x2": 5.455485502004769, "x3": 8.365715581507137, "x4": 0.8097958950542736, "x5": 0.4994567052717749, "x6": 0.12783970737806719, "x7": 4.669594009798038, "x8": 1.4121889907719218, "x9": 2.4306934575481005}, "datetime": {"datetime": "2025-05-11 15:17:56", "elapsed": 2367.882249, "delta": 8.534646}}
{"target": 0.19879917174474965, "params": {"x0": 0.9275980923796079, "x1": 5.352843164050175, "x2": 5.455485501998297, "x3": 8.365715581495163, "x4": 0.8097958950502807, "x5": 0.4994567052440227, "x6": 0.12783970738308617, "x7": 4.669594009788276, "x8": 1.4121889907715917, "x9": 2.4306934575476498}, "datetime": {"datetime": "2025-05-11 15:18:05", "elapsed": 2376.247507, "delta": 8.365258}}
{"target": 0.19879917174474965, "params": {"x0": 0.9275980923787287, "x1": 5.3528431640473295, "x2": 5.455485502005218, "x3": 8.36571558150518, "x4": 0.8097958950515286, "x5": 0.49945670527445657, "x6": 0.12783970738274825, "x7": 4.669594009778215, "x8": 1.4121889907718363, "x9": 2.430693457548937}, "datetime": {"datetime": "2025-05-11 15:18:13", "elapsed": 2384.683901, "delta": 8.436394}}
{"target": 0.19879917174474965, "params": {"x0": 0.927598092378937, "x1": 5.352843164051387, "x2": 5.455485502000054, "x3": 8.365715581495493, "x4": 0.8097958950483244, "x5": 0.49945670527058933, "x6": 0.12783970738231337, "x7": 4.66959400977525, "x8": 1.412188990771605, "x9": 2.4306934575485033}, "datetime": {"datetime": "2025-05-11 15:18:22", "elapsed": 2393.477341, "delta": 8.79344}}
{"target": 0.19879917174474965, "params": {"x0": 0.9275980923791892, "x1": 5.352843164048275, "x2": 5.455485502000722, "x3": 8.365715581504263, "x4": 0.8097958950506151, "x5": 0.4994567052635294, "x6": 0.12783970737944517, "x7": 4.669594009741228, "x8": 1.4121889907720613, "x9": 2.430693457548014}, "datetime": {"datetime": "2025-05-11 15:18:30", "elapsed": 2401.860211, "delta": 8.38287}}
{"target": 0.19879917174474965, "params": {"x0": 0.9275980923791762, "x1": 5.352843164049123, "x2": 5.455485502008559, "x3": 8.36571558150439, "x4": 0.8097958950527913, "x5": 0.49945670527593816, "x6": 0.12783970738444547, "x7": 4.669594009780172, "x8": 1.4121889907719223, "x9": 2.430693457548302}, "datetime": {"datetime": "2025-05-11 15:18:39", "elapsed": 2410.251257, "delta": 8.391046}}
{"target": 0.19879917174474965, "params": {"x0": 0.9275980923792664, "x1": 5.3528431640486955, "x2": 5.45548550200528, "x3": 8.365715581501536, "x4": 0.8097958950455955, "x5": 0.49945670526161795, "x6": 0.1278397073825837, "x7": 4.669594009774604, "x8": 1.4121889907721372, "x9": 2.4306934575476786}, "datetime": {"datetime": "2025-05-11 15:18:48", "elapsed": 2419.236937, "delta": 8.98568}}
{"target": 0.19879917174474965, "params": {"x0": 0.9275980923787766, "x1": 5.3528431640493395, "x2": 5.455485502004254, "x3": 8.365715581500726, "x4": 0.809795895055195, "x5": 0.4994567052689192, "x6": 0.1278397073829135, "x7": 4.669594009769051, "x8": 1.412188990771435, "x9": 2.430693457547677}, "datetime": {"datetime": "2025-05-11 15:18:57", "elapsed": 2428.428454, "delta": 9.191517}}
{"target": 0.19879917174474965, "params": {"x0": 0.927598092379134, "x1": 5.352843164049093, "x2": 5.455485502001189, "x3": 8.365715581498865, "x4": 0.809795895046725, "x5": 0.4994567052817209, "x6": 0.12783970738012462, "x7": 4.669594009757424, "x8": 1.412188990771567, "x9": 2.430693457548335}, "datetime": {"datetime": "2025-05-11 15:19:07", "elapsed": 2438.029953, "delta": 9.601499}}
{"target": 0.19879917174474965, "params": {"x0": 0.9275980923791334, "x1": 5.352843164048856, "x2": 5.455485502003901, "x3": 8.365715581501538, "x4": 0.809795895050182, "x5": 0.49945670525825236, "x6": 0.12783970737980518, "x7": 4.669594009755608, "x8": 1.4121889907722402, "x9": 2.430693457547778}, "datetime": {"datetime": "2025-05-11 15:19:15", "elapsed": 2446.769522, "delta": 8.739569}}
{"target": 0.19879917174474965, "params": {"x0": 0.9275980923792464, "x1": 5.352843164049608, "x2": 5.4554855019989965, "x3": 8.365715581501119, "x4": 0.8097958950513665, "x5": 0.49945670526256586, "x6": 0.1278397073816889, "x7": 4.669594009764004, "x8": 1.4121889907719665, "x9": 2.430693457548331}, "datetime": {"datetime": "2025-05-11 15:19:24", "elapsed": 2455.268294, "delta": 8.498772}}
{"target": 0.19879917174474965, "params": {"x0": 0.9275980923790558, "x1": 5.352843164048971, "x2": 5.455485502001796, "x3": 8.365715581502256, "x4": 0.8097958950517842, "x5": 0.49945670525982355, "x6": 0.12783970738139863, "x7": 4.669594009755924, "x8": 1.412188990771597, "x9": 2.4306934575483723}, "datetime": {"datetime": "2025-05-11 15:19:33", "elapsed": 2464.384457, "delta": 9.116163}}
{"target": 0.19879917174474965, "params": {"x0": 0.927598092379027, "x1": 5.352843164049725, "x2": 5.455485502003947, "x3": 8.365715581499792, "x4": 0.8097958950491577, "x5": 0.49945670527235664, "x6": 0.12783970738291495, "x7": 4.669594009753358, "x8": 1.4121889907720473, "x9": 2.430693457548252}, "datetime": {"datetime": "2025-05-11 15:19:41", "elapsed": 2472.680531, "delta": 8.296074}}
{"target": 0.19879917174474965, "params": {"x0": 0.9275980923789314, "x1": 5.352843164049235, "x2": 5.455485502004417, "x3": 8.365715581502014, "x4": 0.8097958950520506, "x5": 0.49945670527520175, "x6": 0.12783970738199693, "x7": 4.669594009754354, "x8": 1.4121889907718421, "x9": 2.4306934575483337}, "datetime": {"datetime": "2025-05-11 15:19:50", "elapsed": 2481.695223, "delta": 9.014692}}
{"target": 0.19879917174474965, "params": {"x0": 0.9275980923790575, "x1": 5.352843164049742, "x2": 5.455485501999718, "x3": 8.365715581501462, "x4": 0.8097958950493346, "x5": 0.4994567052717242, "x6": 0.12783970738071398, "x7": 4.669594009768772, "x8": 1.4121889907717988, "x9": 2.4306934575480215}, "datetime": {"datetime": "2025-05-11 15:19:59", "elapsed": 2490.578235, "delta": 8.883012}}
{"target": 0.19879917174474965, "params": {"x0": 0.9275980923791575, "x1": 5.352843164049861, "x2": 5.455485502003146, "x3": 8.36571558150094, "x4": 0.8097958950500891, "x5": 0.4994567052741379, "x6": 0.12783970738129224, "x7": 4.669594009770725, "x8": 1.412188990771986, "x9": 2.4306934575479984}, "datetime": {"datetime": "2025-05-11 15:20:07", "elapsed": 2498.967784, "delta": 8.389549}}
{"target": 0.19879917174474965, "params": {"x0": 0.9275980923789662, "x1": 5.352843164048874, "x2": 5.455485502002737, "x3": 8.365715581500366, "x4": 0.809795895049579, "x5": 0.49945670527182556, "x6": 0.12783970738219266, "x7": 4.669594009764506, "x8": 1.4121889907720924, "x9": 2.4306934575479513}, "datetime": {"datetime": "2025-05-11 15:20:16", "elapsed": 2507.461933, "delta": 8.494149}}
{"target": 0.19879917174474965, "params": {"x0": 0.9275980923789766, "x1": 5.35284316404915, "x2": 5.455485502000919, "x3": 8.365715581500966, "x4": 0.8097958950499033, "x5": 0.49945670526938646, "x6": 0.1278397073817327, "x7": 4.669594009768098, "x8": 1.4121889907719005, "x9": 2.4306934575479415}, "datetime": {"datetime": "2025-05-11 15:20:25", "elapsed": 2516.191537, "delta": 8.729604}}
{"target": 0.19879917174474965, "params": {"x0": 0.9275980923789552, "x1": 5.3528431640497285, "x2": 5.455485502001065, "x3": 8.36571558149989, "x4": 0.8097958950499325, "x5": 0.499456705270261, "x6": 0.12783970738183395, "x7": 4.66959400975941, "x8": 1.4121889907720493, "x9": 2.430693457548033}, "datetime": {"datetime": "2025-05-11 15:20:34", "elapsed": 2525.133097, "delta": 8.94156}}
{"target": 0.19879917174474965, "params": {"x0": 0.9275980923790296, "x1": 5.352843164049291, "x2": 5.4554855020016175, "x3": 8.365715581500726, "x4": 0.809795895049997, "x5": 0.4994567052703409, "x6": 0.1278397073823843, "x7": 4.669594009761871, "x8": 1.4121889907719511, "x9": 2.4306934575480224}, "datetime": {"datetime": "2025-05-11 15:20:43", "elapsed": 2534.248044, "delta": 9.114947}}
{"target": 0.19879917174474965, "params": {"x0": 0.9275980923789431, "x1": 5.352843164049296, "x2": 5.45548550200255, "x3": 8.365715581500123, "x4": 0.809795895051961, "x5": 0.49945670526618574, "x6": 0.12783970738185668, "x7": 4.669594009760593, "x8": 1.412188990772034, "x9": 2.4306934575480135}, "datetime": {"datetime": "2025-05-11 15:20:51", "elapsed": 2542.835406, "delta": 8.587362}}
{"target": 0.19879917174474965, "params": {"x0": 0.9275980923790071, "x1": 5.352843164049121, "x2": 5.455485502001029, "x3": 8.365715581501354, "x4": 0.8097958950522823, "x5": 0.4994567052714681, "x6": 0.12783970738194916, "x7": 4.669594009765166, "x8": 1.4121889907719973, "x9": 2.4306934575481294}, "datetime": {"datetime": "2025-05-11 15:21:00", "elapsed": 2551.809006, "delta": 8.9736}}
{"target": 0.19879917174474965, "params": {"x0": 0.9275980923789908, "x1": 5.352843164049205, "x2": 5.455485502000767, "x3": 8.365715581501018, "x4": 0.8097958950508083, "x5": 0.49945670526554947, "x6": 0.12783970738188785, "x7": 4.669594009760569, "x8": 1.4121889907719003, "x9": 2.4306934575480255}, "datetime": {"datetime": "2025-05-11 15:21:09", "elapsed": 2560.710841, "delta": 8.901835}}
{"target": 0.19879917174474965, "params": {"x0": 0.9275980923790003, "x1": 5.352843164049152, "x2": 5.455485502000603, "x3": 8.365715581501142, "x4": 0.8097958950513453, "x5": 0.49945670526558844, "x6": 0.12783970738141412, "x7": 4.669594009762795, "x8": 1.4121889907719445, "x9": 2.430693457548162}, "datetime": {"datetime": "2025-05-11 15:21:18", "elapsed": 2569.774254, "delta": 9.063413}}
{"target": 0.19879917174474965, "params": {"x0": 0.9275980923790684, "x1": 5.352843164049434, "x2": 5.4554855020016815, "x3": 8.365715581500792, "x4": 0.8097958950508837, "x5": 0.4994567052705427, "x6": 0.12783970738193107, "x7": 4.669594009763268, "x8": 1.4121889907718579, "x9": 2.4306934575481383}, "datetime": {"datetime": "2025-05-11 15:21:27", "elapsed": 2578.078181, "delta": 8.303927}}
