{"target": 45.02990873479244, "params": {"x0": 0.9247672967503265, "x1": 0.94895544017681, "x2": 1.2123438421496388e-09, "x3": 0.8380769115762076, "x4": 1.662924557373087, "x5": 0.16409061808664954, "x6": 1.6671238272877513, "x7": 7.210619673880437, "x8": 0.9058474937491308, "x9": 1.3348087654558016}, "datetime": {"datetime": "2025-05-14 19:28:23", "elapsed": 1789.675378, "delta": 8.15371}}
{"target": 45.02990873479244, "params": {"x0": 0.9247672937037341, "x1": 0.9489554400588691, "x2": 2.694319328416878e-09, "x3": 0.8380769092972274, "x4": 1.6629245558895254, "x5": 0.16409061973896125, "x6": 1.6671238273912905, "x7": 7.210620657574527, "x8": 0.9058474935157218, "x9": 1.3348087650407003}, "datetime": {"datetime": "2025-05-14 19:28:31", "elapsed": 1797.992445, "delta": 8.317067}}
{"target": 45.02990873479244, "params": {"x0": 0.9247672963092001, "x1": 0.9489554418393604, "x2": 1.3650700266392254e-09, "x3": 0.8380769099717649, "x4": 1.662924557154341, "x5": 0.1640906203060668, "x6": 1.667123828413329, "x7": 7.2106192562802125, "x8": 0.9058474938672161, "x9": 1.3348087665525201}, "datetime": {"datetime": "2025-05-14 19:28:39", "elapsed": 1806.492382, "delta": 8.499937}}
{"target": 45.02990873479244, "params": {"x0": 0.9247672944383962, "x1": 0.9489554404272613, "x2": 1.038521603623136e-09, "x3": 0.8380769107848217, "x4": 1.662924552797672, "x5": 0.16409062027674967, "x6": 1.6671238286223606, "x7": 7.210620259662994, "x8": 0.9058474942567099, "x9": 1.3348087664309485}, "datetime": {"datetime": "2025-05-14 19:28:48", "elapsed": 1814.729087, "delta": 8.236705}}
{"target": 45.02990873479244, "params": {"x0": 0.9247672958282337, "x1": 0.9489554406730064, "x2": 1.3834280770244733e-09, "x3": 0.8380769098922903, "x4": 1.6629245549615839, "x5": 0.16409062108376127, "x6": 1.6671238292974389, "x7": 7.210619375795473, "x8": 0.9058474944092163, "x9": 1.3348087673236717}, "datetime": {"datetime": "2025-05-14 19:28:56", "elapsed": 1823.04916, "delta": 8.320073}}
{"target": 45.02990873479244, "params": {"x0": 0.9247672924634818, "x1": 0.9489554408633037, "x2": 6.784547729346645e-11, "x3": 0.8380769093040636, "x4": 1.662924555032954, "x5": 0.16409062319566417, "x6": 1.6671238301416047, "x7": 7.210619764670941, "x8": 0.9058474941307757, "x9": 1.3348087683684162}, "datetime": {"datetime": "2025-05-14 19:29:04", "elapsed": 1831.528889, "delta": 8.479729}}
{"target": 45.02990873479244, "params": {"x0": 0.924767294517326, "x1": 0.9489554407593398, "x2": 8.969604579824923e-10, "x3": 0.8380769101864283, "x4": 1.66292455408225, "x5": 0.16409062364871643, "x6": 1.6671238306144573, "x7": 7.210620118770413, "x8": 0.9058474942348494, "x9": 1.3348087692194313}, "datetime": {"datetime": "2025-05-14 19:29:13", "elapsed": 1839.99815, "delta": 8.469261}}
{"target": 45.02990873479244, "params": {"x0": 0.9247672944625168, "x1": 0.9489554407492895, "x2": 2.6489756726522604e-10, "x3": 0.8380769096008953, "x4": 1.6629245531178416, "x5": 0.16409062282480372, "x6": 1.6671238312034096, "x7": 7.210619663817779, "x8": 0.9058474943632768, "x9": 1.334808768281002}, "datetime": {"datetime": "2025-05-14 19:29:21", "elapsed": 1848.285207, "delta": 8.287057}}
{"target": 45.02990873479244, "params": {"x0": 0.9247672935720325, "x1": 0.9489554411025384, "x2": 7.291929768116566e-12, "x3": 0.8380769100608472, "x4": 1.6629245535648296, "x5": 0.16409062352841206, "x6": 1.6671238313673526, "x7": 7.210619897135896, "x8": 0.9058474955681453, "x9": 1.334808769351518}, "datetime": {"datetime": "2025-05-14 19:29:29", "elapsed": 1856.484837, "delta": 8.19963}}
{"target": 45.02990873479244, "params": {"x0": 0.9247672940372684, "x1": 0.9489554407031222, "x2": 4.858475826024446e-10, "x3": 0.838076909731832, "x4": 1.662924551769595, "x5": 0.16409062414300757, "x6": 1.6671238315675825, "x7": 7.210619991696869, "x8": 0.9058474950778013, "x9": 1.3348087690744865}, "datetime": {"datetime": "2025-05-14 19:29:38", "elapsed": 1864.815241, "delta": 8.330404}}
{"target": 45.02990873479244, "params": {"x0": 0.9247672946002843, "x1": 0.9489554410073187, "x2": 3.675629438869367e-10, "x3": 0.8380769097619128, "x4": 1.6629245517646223, "x5": 0.16409062434759375, "x6": 1.66712383205681, "x7": 7.210619960300639, "x8": 0.9058474947809496, "x9": 1.3348087696031086}, "datetime": {"datetime": "2025-05-14 19:29:46", "elapsed": 1873.119955, "delta": 8.304714}}
{"target": 45.02990873479244, "params": {"x0": 0.9247672935499595, "x1": 0.9489554407704943, "x2": 4.4099970560483764e-11, "x3": 0.8380769098394698, "x4": 1.6629245526904317, "x5": 0.1640906246184487, "x6": 1.6671238322588446, "x7": 7.210619559903442, "x8": 0.905847495061156, "x9": 1.3348087694122788}, "datetime": {"datetime": "2025-05-14 19:29:55", "elapsed": 1881.678225, "delta": 8.55827}}
{"target": 45.02990873479244, "params": {"x0": 0.9247672940158013, "x1": 0.9489554410778295, "x2": 4.5155938284494727e-10, "x3": 0.8380769096976468, "x4": 1.662924552517349, "x5": 0.1640906250875376, "x6": 1.6671238327609095, "x7": 7.2106197735836, "x8": 0.9058474946118679, "x9": 1.3348087703183507}, "datetime": {"datetime": "2025-05-14 19:30:03", "elapsed": 1890.283429, "delta": 8.605204}}
{"target": 45.02990873479244, "params": {"x0": 0.9247672943177957, "x1": 0.9489554410697143, "x2": 5.762515479462369e-10, "x3": 0.838076909985584, "x4": 1.6629245519872744, "x5": 0.16409062588183476, "x6": 1.667123832752942, "x7": 7.210619867087027, "x8": 0.9058474945602433, "x9": 1.3348087699714315}, "datetime": {"datetime": "2025-05-14 19:30:11", "elapsed": 1898.492155, "delta": 8.208726}}
{"target": 45.02990873479244, "params": {"x0": 0.9247672933552208, "x1": 0.9489554411505171, "x2": 1.6514531830589482e-10, "x3": 0.8380769099958123, "x4": 1.662924552112253, "x5": 0.16409062544695188, "x6": 1.6671238329614342, "x7": 7.210619728030343, "x8": 0.905847494687838, "x9": 1.3348087705616094}, "datetime": {"datetime": "2025-05-14 19:30:20", "elapsed": 1906.693269, "delta": 8.201114}}
{"target": 45.02990873479244, "params": {"x0": 0.9247672940660037, "x1": 0.948955440850827, "x2": 4.286344043252629e-10, "x3": 0.8380769101427645, "x4": 1.6629245514576536, "x5": 0.1640906257276642, "x6": 1.667123833263347, "x7": 7.210620002854521, "x8": 0.9058474948738878, "x9": 1.3348087702059124}, "datetime": {"datetime": "2025-05-14 19:30:28", "elapsed": 1914.980923, "delta": 8.287654}}
{"target": 45.02990873479244, "params": {"x0": 0.924767293449307, "x1": 0.9489554412000323, "x2": 1.521804985748823e-10, "x3": 0.8380769099443378, "x4": 1.66292455159113, "x5": 0.16409062601458219, "x6": 1.6671238334551444, "x7": 7.210619808439881, "x8": 0.9058474948289256, "x9": 1.3348087704632836}, "datetime": {"datetime": "2025-05-14 19:30:36", "elapsed": 1923.398066, "delta": 8.417143}}
{"target": 45.02990873479244, "params": {"x0": 0.9247672942278081, "x1": 0.948955441007127, "x2": 6.826916500244268e-11, "x3": 0.8380769100320876, "x4": 1.6629245507227661, "x5": 0.16409062638076466, "x6": 1.6671238334889469, "x7": 7.210619965520501, "x8": 0.9058474948614068, "x9": 1.3348087707087042}, "datetime": {"datetime": "2025-05-14 19:30:45", "elapsed": 1931.79264, "delta": 8.394574}}
{"target": 45.02990873479244, "params": {"x0": 0.9247672939982972, "x1": 0.9489554410936579, "x2": 2.3210373638400422e-10, "x3": 0.8380769102689243, "x4": 1.662924551249515, "x5": 0.164090626764292, "x6": 1.6671238336306013, "x7": 7.210619852790521, "x8": 0.905847494852266, "x9": 1.3348087707754879}, "datetime": {"datetime": "2025-05-14 19:30:53", "elapsed": 1940.248359, "delta": 8.455719}}
{"target": 45.02990873479244, "params": {"x0": 0.924767293829332, "x1": 0.9489554410160294, "x2": 1.7130612101399452e-11, "x3": 0.8380769099747893, "x4": 1.6629245512892254, "x5": 0.16409062662305787, "x6": 1.6671238338476773, "x7": 7.210619727626226, "x8": 0.9058474950756368, "x9": 1.3348087706810232}, "datetime": {"datetime": "2025-05-14 19:31:02", "elapsed": 1948.65001, "delta": 8.401651}}
{"target": 45.02990873479244, "params": {"x0": 0.9247672937416876, "x1": 0.9489554410323818, "x2": 1.1320001979107728e-10, "x3": 0.8380769099051951, "x4": 1.6629245510774644, "x5": 0.1640906270222745, "x6": 1.6671238338811638, "x7": 7.210619874619371, "x8": 0.9058474950433971, "x9": 1.3348087707448497}, "datetime": {"datetime": "2025-05-14 19:31:10", "elapsed": 1957.227293, "delta": 8.577283}}
{"target": 45.02990873479244, "params": {"x0": 0.9247672937665387, "x1": 0.9489554411396628, "x2": 6.666861451826419e-11, "x3": 0.838076910135368, "x4": 1.6629245510099002, "x5": 0.16409062674850988, "x6": 1.667123833996177, "x7": 7.210619875518182, "x8": 0.905847495053189, "x9": 1.3348087711216354}, "datetime": {"datetime": "2025-05-14 19:31:19", "elapsed": 1965.70762, "delta": 8.480327}}
{"target": 45.02990873479244, "params": {"x0": 0.9247672940121934, "x1": 0.9489554409783122, "x2": 2.618014052741289e-10, "x3": 0.8380769100097387, "x4": 1.6629245509522907, "x5": 0.1640906271900987, "x6": 1.6671238340797603, "x7": 7.2106198643550785, "x8": 0.9058474948521582, "x9": 1.3348087710051992}, "datetime": {"datetime": "2025-05-14 19:31:27", "elapsed": 1974.12474, "delta": 8.41712}}
{"target": 45.02990873479244, "params": {"x0": 0.9247672939771255, "x1": 0.9489554410663912, "x2": 6.728787796091932e-11, "x3": 0.83807690998232, "x4": 1.6629245505146424, "x5": 0.16409062699672652, "x6": 1.6671238341551256, "x7": 7.210619890863787, "x8": 0.9058474949856767, "x9": 1.334808771227255}, "datetime": {"datetime": "2025-05-14 19:31:36", "elapsed": 1982.81255, "delta": 8.68781}}
{"target": 45.02990873479244, "params": {"x0": 0.9247672937979015, "x1": 0.9489554410178781, "x2": 8.494649170875872e-11, "x3": 0.838076910076567, "x4": 1.662924550821133, "x5": 0.1640906271617472, "x6": 1.6671238342554011, "x7": 7.210619810630275, "x8": 0.9058474950972653, "x9": 1.334808771097698}, "datetime": {"datetime": "2025-05-14 19:31:44", "elapsed": 1991.533805, "delta": 8.721255}}
{"target": 45.02990873479244, "params": {"x0": 0.9247672937046535, "x1": 0.9489554410197472, "x2": 4.745276866509707e-11, "x3": 0.8380769100987996, "x4": 1.662924550673911, "x5": 0.16409062742993993, "x6": 1.6671238342876724, "x7": 7.210619833979359, "x8": 0.9058474950009587, "x9": 1.3348087711019367}, "datetime": {"datetime": "2025-05-14 19:31:53", "elapsed": 1999.762989, "delta": 8.229184}}
{"target": 45.02990873479244, "params": {"x0": 0.9247672938602902, "x1": 0.9489554410994185, "x2": 1.0277576669956225e-10, "x3": 0.8380769100063983, "x4": 1.6629245505483727, "x5": 0.16409062725227713, "x6": 1.667123834359829, "x7": 7.210619822007383, "x8": 0.9058474949100532, "x9": 1.3348087713501824}, "datetime": {"datetime": "2025-05-14 19:32:01", "elapsed": 2008.316352, "delta": 8.553363}}
{"target": 45.02990873479244, "params": {"x0": 0.924767293578861, "x1": 0.9489554410685953, "x2": 8.034568328122093e-11, "x3": 0.8380769099796644, "x4": 1.6629245505264059, "x5": 0.1640906274975146, "x6": 1.6671238344183745, "x7": 7.2106198585627945, "x8": 0.9058474949706752, "x9": 1.3348087712035588}, "datetime": {"datetime": "2025-05-14 19:32:10", "elapsed": 2017.140536, "delta": 8.824184}}
{"target": 45.02990873479244, "params": {"x0": 0.9247672938158129, "x1": 0.9489554410330227, "x2": 4.426579436148054e-11, "x3": 0.8380769101251068, "x4": 1.6629245504624512, "x5": 0.16409062741146868, "x6": 1.6671238344700778, "x7": 7.210619827415044, "x8": 0.9058474950020095, "x9": 1.3348087712285912}, "datetime": {"datetime": "2025-05-14 19:32:18", "elapsed": 2025.496236, "delta": 8.3557}}
{"target": 45.02990873479244, "params": {"x0": 0.9247672937973374, "x1": 0.948955441021229, "x2": 2.094859473368395e-11, "x3": 0.838076910070361, "x4": 1.6629245503584582, "x5": 0.16409062757544718, "x6": 1.6671238345122992, "x7": 7.210619843439597, "x8": 0.9058474949657868, "x9": 1.3348087712982057}, "datetime": {"datetime": "2025-05-14 19:32:27", "elapsed": 2034.047282, "delta": 8.551046}}
{"target": 45.02990873479244, "params": {"x0": 0.924767293852565, "x1": 0.9489554410232618, "x2": 5.592463660502807e-11, "x3": 0.838076910006557, "x4": 1.6629245504433376, "x5": 0.16409062760567986, "x6": 1.6671238345726005, "x7": 7.210619830151837, "x8": 0.9058474949322209, "x9": 1.3348087714059207}, "datetime": {"datetime": "2025-05-14 19:32:35", "elapsed": 2042.357835, "delta": 8.310553}}
{"target": 45.02990873479244, "params": {"x0": 0.9247672938740994, "x1": 0.9489554410313435, "x2": 1.1231630172606444e-10, "x3": 0.8380769100678004, "x4": 1.6629245504479546, "x5": 0.16409062756185633, "x6": 1.6671238346224166, "x7": 7.2106198364195935, "x8": 0.9058474950588737, "x9": 1.334808771453297}, "datetime": {"datetime": "2025-05-14 19:32:44", "elapsed": 2051.127627, "delta": 8.769792}}
{"target": 45.02990873479244, "params": {"x0": 0.9247672938113541, "x1": 0.9489554410431947, "x2": 1.3432372511512162e-11, "x3": 0.8380769100803962, "x4": 1.6629245503715526, "x5": 0.16409062772164054, "x6": 1.667123834631637, "x7": 7.21061982930098, "x8": 0.9058474949686739, "x9": 1.3348087714109937}, "datetime": {"datetime": "2025-05-14 19:32:53", "elapsed": 2059.947211, "delta": 8.819584}}
{"target": 45.02990873479244, "params": {"x0": 0.9247672938629828, "x1": 0.9489554410411049, "x2": 3.1804438860841033e-11, "x3": 0.8380769100675953, "x4": 1.6629245503810048, "x5": 0.16409062766885715, "x6": 1.6671238346456525, "x7": 7.210619796775751, "x8": 0.9058474949517132, "x9": 1.334808771424062}, "datetime": {"datetime": "2025-05-14 19:33:02", "elapsed": 2068.919307, "delta": 8.972096}}
{"target": 45.02990873479244, "params": {"x0": 0.9247672938506509, "x1": 0.9489554410385073, "x2": 6.793332964393447e-13, "x3": 0.8380769100596925, "x4": 1.6629245503696068, "x5": 0.16409062776704184, "x6": 1.667123834697959, "x7": 7.210619815897409, "x8": 0.9058474949751802, "x9": 1.3348087714149968}, "datetime": {"datetime": "2025-05-14 19:33:10", "elapsed": 2077.532542, "delta": 8.613235}}
{"target": 45.02990873479244, "params": {"x0": 0.9247672937741606, "x1": 0.9489554410393464, "x2": 4.296646323386919e-11, "x3": 0.8380769100362145, "x4": 1.6629245502931052, "x5": 0.16409062771146452, "x6": 1.6671238347012662, "x7": 7.210619819895914, "x8": 0.9058474949852816, "x9": 1.3348087714485994}, "datetime": {"datetime": "2025-05-14 19:33:19", "elapsed": 2085.966929, "delta": 8.434387}}
{"target": 45.02990873479244, "params": {"x0": 0.9247672937670758, "x1": 0.9489554410781121, "x2": 1.5518573464497552e-11, "x3": 0.838076910090274, "x4": 1.662924550311865, "x5": 0.164090627848181, "x6": 1.6671238347174695, "x7": 7.210619826878259, "x8": 0.905847495008718, "x9": 1.3348087714530839}, "datetime": {"datetime": "2025-05-14 19:33:27", "elapsed": 2094.383372, "delta": 8.416443}}
{"target": 45.02990873479244, "params": {"x0": 0.9247672938028647, "x1": 0.9489554410393404, "x2": 7.2473072401158886e-12, "x3": 0.8380769100638996, "x4": 1.662924550254362, "x5": 0.16409062784768558, "x6": 1.6671238347513797, "x7": 7.210619825320428, "x8": 0.9058474950419306, "x9": 1.3348087714572672}, "datetime": {"datetime": "2025-05-14 19:33:36", "elapsed": 2103.350155, "delta": 8.966783}}
{"target": 45.02990873479244, "params": {"x0": 0.9247672937101654, "x1": 0.9489554410776444, "x2": 2.9613506502618027e-11, "x3": 0.8380769100858382, "x4": 1.6629245502748031, "x5": 0.16409062787129772, "x6": 1.6671238347575343, "x7": 7.2106198101760475, "x8": 0.9058474949725392, "x9": 1.334808771474306}, "datetime": {"datetime": "2025-05-14 19:33:45", "elapsed": 2112.045376, "delta": 8.695221}}
{"target": 45.02990873479244, "params": {"x0": 0.9247672938032078, "x1": 0.9489554410687349, "x2": 4.6673850575706176e-11, "x3": 0.8380769100768111, "x4": 1.6629245502687, "x5": 0.1640906277798525, "x6": 1.667123834784848, "x7": 7.210619820209917, "x8": 0.9058474949765088, "x9": 1.334808771583743}, "datetime": {"datetime": "2025-05-14 19:33:54", "elapsed": 2120.758555, "delta": 8.713179}}
{"target": 45.02990873479244, "params": {"x0": 0.9247672937724267, "x1": 0.9489554410646486, "x2": 1.1294848367448819e-11, "x3": 0.8380769100608861, "x4": 1.6629245502533383, "x5": 0.16409062798583476, "x6": 1.6671238347828499, "x7": 7.210619800920701, "x8": 0.9058474949985985, "x9": 1.3348087715535806}, "datetime": {"datetime": "2025-05-14 19:34:03", "elapsed": 2129.874545, "delta": 9.11599}}
{"target": 45.02990873479244, "params": {"x0": 0.9247672937893012, "x1": 0.948955441047596, "x2": 1.8439694035434845e-11, "x3": 0.8380769100512087, "x4": 1.6629245502324235, "x5": 0.164090627839339, "x6": 1.6671238347944333, "x7": 7.210619799605884, "x8": 0.90584749500599, "x9": 1.3348087715114718}, "datetime": {"datetime": "2025-05-14 19:34:11", "elapsed": 2138.526295, "delta": 8.65175}}
{"target": 45.02990873479244, "params": {"x0": 0.9247672937610016, "x1": 0.9489554410656184, "x2": 9.304257604629407e-12, "x3": 0.8380769100490797, "x4": 1.662924550198221, "x5": 0.1640906278692626, "x6": 1.667123834813052, "x7": 7.21061979996117, "x8": 0.905847495023709, "x9": 1.3348087715416892}, "datetime": {"datetime": "2025-05-14 19:34:20", "elapsed": 2147.186901, "delta": 8.660606}}
{"target": 45.02990873479244, "params": {"x0": 0.9247672937850391, "x1": 0.9489554410665976, "x2": 1.202526914576063e-11, "x3": 0.8380769100647298, "x4": 1.6629245501631071, "x5": 0.16409062786548684, "x6": 1.6671238348157194, "x7": 7.210619814870925, "x8": 0.9058474950088045, "x9": 1.3348087715545216}, "datetime": {"datetime": "2025-05-14 19:34:29", "elapsed": 2155.826038, "delta": 8.639137}}
{"target": 45.02990873479244, "params": {"x0": 0.9247672937760697, "x1": 0.9489554410646346, "x2": 2.3132111314972133e-11, "x3": 0.8380769100581692, "x4": 1.6629245502117564, "x5": 0.16409062787721201, "x6": 1.6671238348331205, "x7": 7.210619807048885, "x8": 0.905847494990795, "x9": 1.3348087715597254}, "datetime": {"datetime": "2025-05-14 19:34:38", "elapsed": 2164.695207, "delta": 8.869169}}
{"target": 45.02990873479244, "params": {"x0": 0.9247672937759406, "x1": 0.9489554410528221, "x2": 1.9036929283780543e-11, "x3": 0.8380769100762693, "x4": 1.6629245502031083, "x5": 0.16409062785516887, "x6": 1.6671238348534572, "x7": 7.210619800634783, "x8": 0.9058474950188143, "x9": 1.3348087715551684}, "datetime": {"datetime": "2025-05-14 19:34:46", "elapsed": 2173.403362, "delta": 8.708155}}
{"target": 45.02990873479244, "params": {"x0": 0.9247672937644562, "x1": 0.948955441053293, "x2": 1.845078145222231e-11, "x3": 0.8380769100748694, "x4": 1.6629245501800114, "x5": 0.16409062787743425, "x6": 1.6671238348398583, "x7": 7.210619809625462, "x8": 0.9058474949997468, "x9": 1.3348087715568586}, "datetime": {"datetime": "2025-05-14 19:34:55", "elapsed": 2182.538882, "delta": 9.13552}}
{"target": 45.02990873479244, "params": {"x0": 0.9247672937631232, "x1": 0.9489554410566277, "x2": 8.179484039503883e-12, "x3": 0.838076910077057, "x4": 1.6629245501877716, "x5": 0.1640906278851702, "x6": 1.6671238348560007, "x7": 7.210619803157728, "x8": 0.9058474949980444, "x9": 1.33480877157214}, "datetime": {"datetime": "2025-05-14 19:35:05", "elapsed": 2191.699244, "delta": 9.160362}}
{"target": 45.02990873479244, "params": {"x0": 0.9247672937596739, "x1": 0.9489554410582195, "x2": 8.283556720207875e-13, "x3": 0.8380769100605333, "x4": 1.6629245501817491, "x5": 0.16409062787918885, "x6": 1.6671238348601496, "x7": 7.210619810335695, "x8": 0.9058474949953905, "x9": 1.334808771564275}, "datetime": {"datetime": "2025-05-14 19:35:14", "elapsed": 2200.953159, "delta": 9.253915}}
{"target": 45.02990873479244, "params": {"x0": 0.9247672937499366, "x1": 0.9489554410595274, "x2": 2.6836907999877364e-12, "x3": 0.8380769100596983, "x4": 1.6629245501617855, "x5": 0.16409062788368398, "x6": 1.6671238348585757, "x7": 7.21061980768455, "x8": 0.9058474950037373, "x9": 1.3348087715798442}, "datetime": {"datetime": "2025-05-14 19:35:22", "elapsed": 2209.464009, "delta": 8.51085}}
{"target": 45.02990873479244, "params": {"x0": 0.9247672937596549, "x1": 0.9489554410661233, "x2": 9.163337110523666e-12, "x3": 0.8380769100683971, "x4": 1.66292455016803, "x5": 0.16409062791342258, "x6": 1.667123834874832, "x7": 7.210619805390498, "x8": 0.9058474950045791, "x9": 1.3348087715850787}, "datetime": {"datetime": "2025-05-14 19:35:32", "elapsed": 2219.235563, "delta": 9.771554}}
{"target": 45.02990873479244, "params": {"x0": 0.9247672937645418, "x1": 0.9489554410650819, "x2": 8.106879883871397e-12, "x3": 0.8380769100605407, "x4": 1.6629245501690613, "x5": 0.16409062790254036, "x6": 1.6671238348782078, "x7": 7.210619809918824, "x8": 0.9058474950069346, "x9": 1.3348087715790538}, "datetime": {"datetime": "2025-05-14 19:35:41", "elapsed": 2228.290312, "delta": 9.054749}}
{"target": 45.02990873479244, "params": {"x0": 0.9247672937542665, "x1": 0.9489554410589142, "x2": 5.608518626389678e-13, "x3": 0.8380769100678153, "x4": 1.662924550164704, "x5": 0.16409062790443446, "x6": 1.6671238348730184, "x7": 7.210619808753687, "x8": 0.9058474950108829, "x9": 1.334808771598415}, "datetime": {"datetime": "2025-05-14 19:35:50", "elapsed": 2236.86731, "delta": 8.576998}}
{"target": 45.02990873479244, "params": {"x0": 0.9247672937639811, "x1": 0.9489554410608729, "x2": 1.4406560151442876e-13, "x3": 0.8380769100662104, "x4": 1.6629245501469954, "x5": 0.16409062792230436, "x6": 1.667123834892052, "x7": 7.210619807635665, "x8": 0.905847495007117, "x9": 1.334808771596938}, "datetime": {"datetime": "2025-05-14 19:35:59", "elapsed": 2245.813552, "delta": 8.946242}}
{"target": 45.02990873479244, "params": {"x0": 0.9247672937619639, "x1": 0.9489554410585763, "x2": 6.290806344102207e-12, "x3": 0.8380769100687225, "x4": 1.6629245501539411, "x5": 0.1640906279229945, "x6": 1.6671238348800261, "x7": 7.210619804341393, "x8": 0.9058474950066222, "x9": 1.3348087715845827}, "datetime": {"datetime": "2025-05-14 19:36:08", "elapsed": 2255.237949, "delta": 9.424397}}
