{"target": 45.02990873479244, "params": {"x0": 0.9247672937615226, "x1": 0.948955441061824, "x2": 6.8190924798442115e-15, "x3": 0.8380769100660491, "x4": 1.6629245501292227, "x5": 0.1640906279444666, "x6": 1.6671238349077324, "x7": 7.210619805424735, "x8": 0.9058474950054214, "x9": 1.3348087716060655}, "datetime": {"datetime": "2025-05-14 19:44:40", "elapsed": 2767.322558, "delta": 9.453794}}
{"target": 45.02990873479244, "params": {"x0": 0.9247672937615073, "x1": 0.9489554410618125, "x2": 4.3341518969802926e-15, "x3": 0.8380769100660653, "x4": 1.6629245501291836, "x5": 0.16409062794439386, "x6": 1.6671238349077826, "x7": 7.210619805420188, "x8": 0.9058474950054066, "x9": 1.334808771605984}, "datetime": {"datetime": "2025-05-14 19:44:50", "elapsed": 2776.628194, "delta": 9.305636}}
{"target": 45.02990873479244, "params": {"x0": 0.9247672937614962, "x1": 0.9489554410618115, "x2": 1.7694838956483367e-14, "x3": 0.8380769100660727, "x4": 1.6629245501292074, "x5": 0.164090627944521, "x6": 1.6671238349076924, "x7": 7.210619805425169, "x8": 0.9058474950054127, "x9": 1.3348087716060826}, "datetime": {"datetime": "2025-05-14 19:44:59", "elapsed": 2785.639077, "delta": 9.010883}}
{"target": 45.02990873479244, "params": {"x0": 0.9247672937615034, "x1": 0.9489554410618183, "x2": 1.8291753160702462e-14, "x3": 0.838076910066071, "x4": 1.662924550129247, "x5": 0.16409062794440996, "x6": 1.6671238349077604, "x7": 7.210619805426874, "x8": 0.9058474950054146, "x9": 1.3348087716059849}, "datetime": {"datetime": "2025-05-14 19:45:08", "elapsed": 2794.797373, "delta": 9.158296}}
{"target": 45.02990873479244, "params": {"x0": 0.9247672937615136, "x1": 0.9489554410618196, "x2": 4.229777437890391e-15, "x3": 0.8380769100660704, "x4": 1.6629245501292451, "x5": 0.16409062794442844, "x6": 1.6671238349076882, "x7": 7.210619805425593, "x8": 0.9058474950054206, "x9": 1.334808771606009}, "datetime": {"datetime": "2025-05-14 19:45:17", "elapsed": 2804.243191, "delta": 9.445818}}
{"target": 45.02990873479244, "params": {"x0": 0.9247672937615197, "x1": 0.9489554410618091, "x2": 1.0912527680624914e-14, "x3": 0.8380769100660704, "x4": 1.6629245501291996, "x5": 0.16409062794450935, "x6": 1.6671238349076944, "x7": 7.210619805421185, "x8": 0.9058474950054219, "x9": 1.334808771606036}, "datetime": {"datetime": "2025-05-14 19:45:27", "elapsed": 2813.749812, "delta": 9.506621}}
{"target": 45.02990873479244, "params": {"x0": 0.9247672937615287, "x1": 0.948955441061815, "x2": 4.901110279520565e-15, "x3": 0.8380769100660692, "x4": 1.662924550129231, "x5": 0.16409062794452423, "x6": 1.667123834907714, "x7": 7.210619805428496, "x8": 0.9058474950054148, "x9": 1.3348087716060206}, "datetime": {"datetime": "2025-05-14 19:45:36", "elapsed": 2823.516582, "delta": 9.76677}}
{"target": 45.02990873479244, "params": {"x0": 0.9247672937615228, "x1": 0.9489554410618094, "x2": 6.6552658568722546e-15, "x3": 0.8380769100660671, "x4": 1.6629245501292689, "x5": 0.16409062794447288, "x6": 1.6671238349076938, "x7": 7.210619805426355, "x8": 0.9058474950054068, "x9": 1.334808771606004}, "datetime": {"datetime": "2025-05-14 19:45:46", "elapsed": 2832.819441, "delta": 9.302859}}
{"target": 45.02990873479244, "params": {"x0": 0.9247672937615127, "x1": 0.9489554410618166, "x2": 3.141143231423841e-15, "x3": 0.8380769100660691, "x4": 1.6629245501292385, "x5": 0.16409062794451068, "x6": 1.6671238349076862, "x7": 7.210619805420934, "x8": 0.9058474950054073, "x9": 1.334808771606007}, "datetime": {"datetime": "2025-05-14 19:45:56", "elapsed": 2842.723887, "delta": 9.904446}}
{"target": 45.02990873479244, "params": {"x0": 0.9247672937615153, "x1": 0.9489554410618168, "x2": 6.11478755689771e-15, "x3": 0.8380769100660603, "x4": 1.6629245501292207, "x5": 0.16409062794445353, "x6": 1.6671238349077107, "x7": 7.210619805426695, "x8": 0.9058474950054176, "x9": 1.3348087716060069}, "datetime": {"datetime": "2025-05-14 19:46:05", "elapsed": 2851.883648, "delta": 9.159761}}
{"target": 45.02990873479244, "params": {"x0": 0.92476729376151, "x1": 0.9489554410618144, "x2": 6.554602548875304e-15, "x3": 0.8380769100660633, "x4": 1.6629245501292345, "x5": 0.16409062794449975, "x6": 1.6671238349077313, "x7": 7.210619805423295, "x8": 0.9058474950054068, "x9": 1.334808771606023}, "datetime": {"datetime": "2025-05-14 19:46:14", "elapsed": 2861.451308, "delta": 9.56766}}
{"target": 45.02990873479244, "params": {"x0": 0.9247672937615067, "x1": 0.9489554410618142, "x2": 4.122981321775949e-15, "x3": 0.838076910066066, "x4": 1.6629245501292638, "x5": 0.164090627944478, "x6": 1.6671238349076964, "x7": 7.210619805422102, "x8": 0.9058474950054146, "x9": 1.3348087716060242}, "datetime": {"datetime": "2025-05-14 19:46:24", "elapsed": 2870.841232, "delta": 9.389924}}
{"target": 45.02990873479244, "params": {"x0": 0.9247672937615167, "x1": 0.9489554410618115, "x2": 1.791743961628625e-15, "x3": 0.838076910066064, "x4": 1.6629245501292438, "x5": 0.16409062794448448, "x6": 1.6671238349077342, "x7": 7.210619805425151, "x8": 0.9058474950054097, "x9": 1.3348087716060408}, "datetime": {"datetime": "2025-05-14 19:46:33", "elapsed": 2879.972072, "delta": 9.13084}}
{"target": 45.02990873479244, "params": {"x0": 0.9247672937615096, "x1": 0.9489554410618141, "x2": 4.605006525546941e-15, "x3": 0.8380769100660631, "x4": 1.662924550129259, "x5": 0.16409062794447934, "x6": 1.6671238349077082, "x7": 7.210619805425198, "x8": 0.9058474950054088, "x9": 1.3348087716060215}, "datetime": {"datetime": "2025-05-14 19:46:42", "elapsed": 2889.441075, "delta": 9.469003}}
{"target": 45.02990873479244, "params": {"x0": 0.9247672937615156, "x1": 0.9489554410618157, "x2": 4.7903103202614856e-15, "x3": 0.8380769100660621, "x4": 1.6629245501292271, "x5": 0.16409062794446325, "x6": 1.6671238349077266, "x7": 7.210619805426291, "x8": 0.9058474950054091, "x9": 1.334808771606033}, "datetime": {"datetime": "2025-05-14 19:46:52", "elapsed": 2899.450477, "delta": 10.009402}}
{"target": 45.02990873479244, "params": {"x0": 0.9247672937615111, "x1": 0.9489554410618158, "x2": 5.578333456143375e-15, "x3": 0.8380769100660652, "x4": 1.6629245501292589, "x5": 0.16409062794446486, "x6": 1.6671238349077135, "x7": 7.210619805423387, "x8": 0.9058474950054094, "x9": 1.33480877160602}, "datetime": {"datetime": "2025-05-14 19:47:02", "elapsed": 2909.361297, "delta": 9.91082}}
{"target": 45.02990873479244, "params": {"x0": 0.9247672937615076, "x1": 0.948955441061813, "x2": 1.1667471381087275e-15, "x3": 0.8380769100660612, "x4": 1.662924550129239, "x5": 0.16409062794448045, "x6": 1.6671238349077067, "x7": 7.2106198054234465, "x8": 0.9058474950054106, "x9": 1.334808771606025}, "datetime": {"datetime": "2025-05-14 19:47:12", "elapsed": 2919.021191, "delta": 9.659894}}
{"target": 45.02990873479244, "params": {"x0": 0.9247672937615176, "x1": 0.9489554410618152, "x2": 2.8489062067040514e-15, "x3": 0.838076910066065, "x4": 1.6629245501292549, "x5": 0.16409062794446272, "x6": 1.6671238349077138, "x7": 7.210619805424702, "x8": 0.9058474950054108, "x9": 1.3348087716060237}, "datetime": {"datetime": "2025-05-14 19:47:22", "elapsed": 2928.739493, "delta": 9.718302}}
{"target": 45.02990873479244, "params": {"x0": 0.9247672937615089, "x1": 0.9489554410618128, "x2": 8.183269872325312e-16, "x3": 0.8380769100660632, "x4": 1.6629245501292498, "x5": 0.16409062794448578, "x6": 1.6671238349077189, "x7": 7.210619805424328, "x8": 0.9058474950054138, "x9": 1.3348087716060293}, "datetime": {"datetime": "2025-05-14 19:47:31", "elapsed": 2938.301247, "delta": 9.561754}}
{"target": 45.02990873479244, "params": {"x0": 0.9247672937615156, "x1": 0.9489554410618148, "x2": 2.129648048691593e-15, "x3": 0.8380769100660642, "x4": 1.6629245501292484, "x5": 0.16409062794448773, "x6": 1.6671238349077224, "x7": 7.21061980542443, "x8": 0.905847495005415, "x9": 1.3348087716060377}, "datetime": {"datetime": "2025-05-14 19:47:42", "elapsed": 2948.749279, "delta": 10.448032}}
{"target": 45.02990873479244, "params": {"x0": 0.9247672937615155, "x1": 0.9489554410618146, "x2": 1.0268077586482206e-15, "x3": 0.8380769100660619, "x4": 1.6629245501292385, "x5": 0.16409062794446894, "x6": 1.6671238349077202, "x7": 7.2106198054253845, "x8": 0.9058474950054147, "x9": 1.3348087716060313}, "datetime": {"datetime": "2025-05-14 19:47:52", "elapsed": 2958.672387, "delta": 9.923108}}
{"target": 45.02990873479244, "params": {"x0": 0.9247672937615151, "x1": 0.9489554410618136, "x2": 2.9397394387277027e-15, "x3": 0.838076910066063, "x4": 1.662924550129245, "x5": 0.16409062794448528, "x6": 1.667123834907711, "x7": 7.210619805425657, "x8": 0.9058474950054113, "x9": 1.3348087716060293}, "datetime": {"datetime": "2025-05-14 19:48:02", "elapsed": 2969.023989, "delta": 10.351602}}
{"target": 45.02990873479244, "params": {"x0": 0.9247672937615151, "x1": 0.9489554410618134, "x2": 2.660431833104577e-16, "x3": 0.8380769100660639, "x4": 1.6629245501292356, "x5": 0.16409062794447377, "x6": 1.6671238349077093, "x7": 7.210619805424923, "x8": 0.9058474950054142, "x9": 1.334808771606031}, "datetime": {"datetime": "2025-05-14 19:48:12", "elapsed": 2979.497954, "delta": 10.473965}}
{"target": 45.02990873479244, "params": {"x0": 0.9247672937615138, "x1": 0.9489554410618138, "x2": 1.8967000175982343e-15, "x3": 0.8380769100660646, "x4": 1.6629245501292398, "x5": 0.16409062794448162, "x6": 1.6671238349077175, "x7": 7.2106198054248205, "x8": 0.9058474950054114, "x9": 1.334808771606032}, "datetime": {"datetime": "2025-05-14 19:48:22", "elapsed": 2989.076457, "delta": 9.578503}}
{"target": 45.02990873479244, "params": {"x0": 0.9247672937615137, "x1": 0.9489554410618136, "x2": 1.6700707276218137e-15, "x3": 0.8380769100660634, "x4": 1.6629245501292451, "x5": 0.1640906279444772, "x6": 1.667123834907711, "x7": 7.21061980542505, "x8": 0.9058474950054123, "x9": 1.3348087716060326}, "datetime": {"datetime": "2025-05-14 19:48:32", "elapsed": 2998.725772, "delta": 9.649315}}
{"target": 45.02990873479244, "params": {"x0": 0.9247672937615128, "x1": 0.9489554410618146, "x2": 1.9467661094541443e-15, "x3": 0.8380769100660638, "x4": 1.662924550129245, "x5": 0.16409062794447346, "x6": 1.667123834907715, "x7": 7.210619805424568, "x8": 0.9058474950054136, "x9": 1.3348087716060335}, "datetime": {"datetime": "2025-05-14 19:48:41", "elapsed": 3007.987581, "delta": 9.261809}}
{"target": 45.02990873479244, "params": {"x0": 0.9247672937615141, "x1": 0.9489554410618135, "x2": 1.0023537709474982e-15, "x3": 0.838076910066064, "x4": 1.662924550129243, "x5": 0.16409062794448004, "x6": 1.6671238349077109, "x7": 7.210619805424668, "x8": 0.9058474950054124, "x9": 1.334808771606031}, "datetime": {"datetime": "2025-05-14 19:48:51", "elapsed": 3018.368453, "delta": 10.380872}}
{"target": 45.02990873479244, "params": {"x0": 0.9247672937615118, "x1": 0.9489554410618143, "x2": 4.2667856767725756e-16, "x3": 0.8380769100660632, "x4": 1.6629245501292425, "x5": 0.1640906279444809, "x6": 1.6671238349077104, "x7": 7.210619805424803, "x8": 0.9058474950054132, "x9": 1.334808771606035}, "datetime": {"datetime": "2025-05-14 19:49:01", "elapsed": 3028.494501, "delta": 10.126048}}
{"target": 45.02990873479244, "params": {"x0": 0.9247672937615121, "x1": 0.9489554410618143, "x2": 7.114884634169939e-16, "x3": 0.8380769100660633, "x4": 1.6629245501292425, "x5": 0.16409062794447343, "x6": 1.6671238349077087, "x7": 7.210619805424892, "x8": 0.9058474950054118, "x9": 1.3348087716060302}, "datetime": {"datetime": "2025-05-14 19:49:11", "elapsed": 3037.731236, "delta": 9.236735}}
{"target": 45.02990873479244, "params": {"x0": 0.9247672937615142, "x1": 0.9489554410618137, "x2": 1.053810007068993e-15, "x3": 0.8380769100660634, "x4": 1.6629245501292427, "x5": 0.16409062794447146, "x6": 1.6671238349077122, "x7": 7.2106198054248996, "x8": 0.9058474950054128, "x9": 1.3348087716060322}, "datetime": {"datetime": "2025-05-14 19:49:20", "elapsed": 3047.348744, "delta": 9.617508}}
{"target": 45.02990873479244, "params": {"x0": 0.9247672937615136, "x1": 0.9489554410618136, "x2": 1.0222198365821962e-16, "x3": 0.8380769100660637, "x4": 1.6629245501292453, "x5": 0.16409062794447532, "x6": 1.6671238349077144, "x7": 7.210619805424735, "x8": 0.905847495005412, "x9": 1.3348087716060337}, "datetime": {"datetime": "2025-05-14 19:49:30", "elapsed": 3056.832632, "delta": 9.483888}}
{"target": 45.02990873479244, "params": {"x0": 0.9247672937615133, "x1": 0.9489554410618142, "x2": 1.1049581178132774e-15, "x3": 0.8380769100660638, "x4": 1.6629245501292442, "x5": 0.16409062794447626, "x6": 1.667123834907711, "x7": 7.210619805425176, "x8": 0.9058474950054126, "x9": 1.3348087716060304}, "datetime": {"datetime": "2025-05-14 19:49:39", "elapsed": 3066.454736, "delta": 9.622104}}
{"target": 45.02990873479244, "params": {"x0": 0.9247672937615135, "x1": 0.9489554410618138, "x2": 5.622630405606927e-16, "x3": 0.8380769100660631, "x4": 1.6629245501292442, "x5": 0.16409062794447515, "x6": 1.667123834907712, "x7": 7.210619805424854, "x8": 0.9058474950054122, "x9": 1.3348087716060342}, "datetime": {"datetime": "2025-05-14 19:49:49", "elapsed": 3076.557591, "delta": 10.102855}}
{"target": 45.02990873479244, "params": {"x0": 0.9247672937615126, "x1": 0.9489554410618142, "x2": 5.518815010826534e-17, "x3": 0.8380769100660639, "x4": 1.6629245501292425, "x5": 0.1640906279444724, "x6": 1.667123834907711, "x7": 7.210619805425182, "x8": 0.9058474950054126, "x9": 1.334808771606032}, "datetime": {"datetime": "2025-05-14 19:50:00", "elapsed": 3086.870093, "delta": 10.312502}}
{"target": 45.02990873479244, "params": {"x0": 0.9247672937615127, "x1": 0.9489554410618138, "x2": 1.3565574750674449e-16, "x3": 0.838076910066063, "x4": 1.6629245501292447, "x5": 0.16409062794447363, "x6": 1.667123834907712, "x7": 7.210619805424716, "x8": 0.9058474950054127, "x9": 1.334808771606034}, "datetime": {"datetime": "2025-05-14 19:50:10", "elapsed": 3097.382182, "delta": 10.512089}}
{"target": 45.02990873479244, "params": {"x0": 0.9247672937615132, "x1": 0.9489554410618138, "x2": 5.438187300647212e-16, "x3": 0.8380769100660637, "x4": 1.6629245501292413, "x5": 0.16409062794447496, "x6": 1.6671238349077122, "x7": 7.210619805425053, "x8": 0.905847495005413, "x9": 1.3348087716060324}, "datetime": {"datetime": "2025-05-14 19:50:21", "elapsed": 3108.129122, "delta": 10.74694}}
{"target": 45.02990873479244, "params": {"x0": 0.9247672937615137, "x1": 0.948955441061814, "x2": 2.307997245003059e-16, "x3": 0.8380769100660632, "x4": 1.662924550129243, "x5": 0.16409062794447316, "x6": 1.6671238349077118, "x7": 7.210619805424911, "x8": 0.9058474950054127, "x9": 1.3348087716060337}, "datetime": {"datetime": "2025-05-14 19:50:32", "elapsed": 3118.756897, "delta": 10.627775}}
{"target": 45.02990873479244, "params": {"x0": 0.9247672937615135, "x1": 0.9489554410618138, "x2": 4.826996413860472e-16, "x3": 0.8380769100660633, "x4": 1.6629245501292433, "x5": 0.1640906279444759, "x6": 1.667123834907712, "x7": 7.210619805425038, "x8": 0.9058474950054128, "x9": 1.334808771606032}, "datetime": {"datetime": "2025-05-14 19:50:42", "elapsed": 3129.417296, "delta": 10.660399}}
{"target": 45.02990873479244, "params": {"x0": 0.9247672937615137, "x1": 0.9489554410618137, "x2": 3.9509673465226715e-16, "x3": 0.8380769100660633, "x4": 1.6629245501292411, "x5": 0.16409062794447452, "x6": 1.6671238349077122, "x7": 7.210619805424741, "x8": 0.9058474950054124, "x9": 1.334808771606034}, "datetime": {"datetime": "2025-05-14 19:50:52", "elapsed": 3139.019924, "delta": 9.602628}}
{"target": 45.02990873479244, "params": {"x0": 0.9247672937615132, "x1": 0.948955441061814, "x2": 1.2502862371047169e-18, "x3": 0.8380769100660633, "x4": 1.6629245501292436, "x5": 0.16409062794447465, "x6": 1.6671238349077115, "x7": 7.210619805424755, "x8": 0.9058474950054124, "x9": 1.3348087716060326}, "datetime": {"datetime": "2025-05-14 19:51:02", "elapsed": 3149.009162, "delta": 9.989238}}
{"target": 45.02990873479244, "params": {"x0": 0.924767293761513, "x1": 0.948955441061814, "x2": 2.8263221245196184e-16, "x3": 0.8380769100660634, "x4": 1.6629245501292436, "x5": 0.1640906279444745, "x6": 1.6671238349077122, "x7": 7.210619805424798, "x8": 0.9058474950054126, "x9": 1.3348087716060324}, "datetime": {"datetime": "2025-05-14 19:51:12", "elapsed": 3158.834654, "delta": 9.825492}}
{"target": 45.02990873479244, "params": {"x0": 0.9247672937615135, "x1": 0.9489554410618141, "x2": 1.740641742406628e-16, "x3": 0.8380769100660633, "x4": 1.6629245501292431, "x5": 0.16409062794447535, "x6": 1.667123834907711, "x7": 7.210619805424915, "x8": 0.9058474950054127, "x9": 1.3348087716060328}, "datetime": {"datetime": "2025-05-14 19:51:22", "elapsed": 3168.970032, "delta": 10.135378}}
{"target": 45.02990873479244, "params": {"x0": 0.924767293761513, "x1": 0.9489554410618138, "x2": 1.787520948035107e-16, "x3": 0.8380769100660636, "x4": 1.6629245501292422, "x5": 0.1640906279444743, "x6": 1.667123834907712, "x7": 7.21061980542488, "x8": 0.9058474950054127, "x9": 1.334808771606033}, "datetime": {"datetime": "2025-05-14 19:51:32", "elapsed": 3179.141, "delta": 10.170968}}
{"target": 45.02990873479244, "params": {"x0": 0.9247672937615136, "x1": 0.9489554410618138, "x2": 2.7442472621090806e-16, "x3": 0.8380769100660633, "x4": 1.6629245501292425, "x5": 0.1640906279444753, "x6": 1.6671238349077115, "x7": 7.210619805424814, "x8": 0.9058474950054124, "x9": 1.3348087716060328}, "datetime": {"datetime": "2025-05-14 19:51:42", "elapsed": 3189.38961, "delta": 10.24861}}
{"target": 45.02990873479244, "params": {"x0": 0.9247672937615135, "x1": 0.948955441061814, "x2": 7.661859864737354e-17, "x3": 0.8380769100660633, "x4": 1.6629245501292418, "x5": 0.16409062794447485, "x6": 1.6671238349077124, "x7": 7.210619805424901, "x8": 0.9058474950054125, "x9": 1.3348087716060333}, "datetime": {"datetime": "2025-05-14 19:51:52", "elapsed": 3199.43376, "delta": 10.04415}}
{"target": 45.02990873479244, "params": {"x0": 0.9247672937615135, "x1": 0.9489554410618138, "x2": 2.065148074527528e-17, "x3": 0.8380769100660634, "x4": 1.6629245501292431, "x5": 0.16409062794447513, "x6": 1.667123834907712, "x7": 7.210619805424884, "x8": 0.9058474950054126, "x9": 1.334808771606033}, "datetime": {"datetime": "2025-05-14 19:52:03", "elapsed": 3209.758933, "delta": 10.325173}}
{"target": 45.02990873479244, "params": {"x0": 0.9247672937615133, "x1": 0.948955441061814, "x2": 1.6017111100908244e-16, "x3": 0.8380769100660634, "x4": 1.662924550129242, "x5": 0.16409062794447585, "x6": 1.6671238349077122, "x7": 7.210619805424896, "x8": 0.9058474950054127, "x9": 1.3348087716060322}, "datetime": {"datetime": "2025-05-14 19:52:13", "elapsed": 3220.148293, "delta": 10.38936}}
{"target": 45.02990873479244, "params": {"x0": 0.9247672937615133, "x1": 0.9489554410618141, "x2": 5.755678623537989e-18, "x3": 0.8380769100660633, "x4": 1.6629245501292425, "x5": 0.16409062794447543, "x6": 1.6671238349077115, "x7": 7.21061980542492, "x8": 0.9058474950054127, "x9": 1.3348087716060322}, "datetime": {"datetime": "2025-05-14 19:52:23", "elapsed": 3230.435815, "delta": 10.287522}}
{"target": 45.02990873479244, "params": {"x0": 0.9247672937615133, "x1": 0.948955441061814, "x2": 1.2921811557759469e-16, "x3": 0.8380769100660634, "x4": 1.6629245501292427, "x5": 0.1640906279444747, "x6": 1.6671238349077122, "x7": 7.210619805424873, "x8": 0.9058474950054125, "x9": 1.334808771606033}, "datetime": {"datetime": "2025-05-14 19:52:33", "elapsed": 3240.358044, "delta": 9.922229}}
{"target": 45.02990873479244, "params": {"x0": 0.9247672937615133, "x1": 0.9489554410618141, "x2": 4.409045254904248e-17, "x3": 0.8380769100660633, "x4": 1.6629245501292427, "x5": 0.16409062794447515, "x6": 1.667123834907712, "x7": 7.210619805424866, "x8": 0.9058474950054126, "x9": 1.3348087716060328}, "datetime": {"datetime": "2025-05-14 19:52:43", "elapsed": 3250.243634, "delta": 9.88559}}
{"target": 45.02990873479244, "params": {"x0": 0.9247672937615131, "x1": 0.948955441061814, "x2": 1.8721517752744722e-19, "x3": 0.8380769100660633, "x4": 1.6629245501292425, "x5": 0.16409062794447515, "x6": 1.6671238349077122, "x7": 7.210619805424861, "x8": 0.9058474950054125, "x9": 1.3348087716060324}, "datetime": {"datetime": "2025-05-14 19:52:53", "elapsed": 3260.548441, "delta": 10.304807}}
{"target": 45.02990873479244, "params": {"x0": 0.9247672937615133, "x1": 0.948955441061814, "x2": 9.130816349623088e-18, "x3": 0.8380769100660634, "x4": 1.662924550129242, "x5": 0.16409062794447468, "x6": 1.667123834907712, "x7": 7.2106198054249075, "x8": 0.9058474950054127, "x9": 1.3348087716060324}, "datetime": {"datetime": "2025-05-14 19:53:04", "elapsed": 3270.774889, "delta": 10.226448}}
{"target": 45.02990873479244, "params": {"x0": 0.9247672937615133, "x1": 0.948955441061814, "x2": 4.6974118436241705e-17, "x3": 0.8380769100660633, "x4": 1.662924550129242, "x5": 0.1640906279444749, "x6": 1.6671238349077127, "x7": 7.210619805424922, "x8": 0.9058474950054126, "x9": 1.3348087716060324}, "datetime": {"datetime": "2025-05-14 19:53:14", "elapsed": 3280.821767, "delta": 10.046878}}
{"target": 45.02990873479244, "params": {"x0": 0.9247672937615132, "x1": 0.948955441061814, "x2": 2.4151881678734918e-17, "x3": 0.8380769100660634, "x4": 1.6629245501292425, "x5": 0.1640906279444753, "x6": 1.667123834907712, "x7": 7.210619805424928, "x8": 0.9058474950054126, "x9": 1.3348087716060326}, "datetime": {"datetime": "2025-05-14 19:53:23", "elapsed": 3290.505145, "delta": 9.683378}}
{"target": 45.02990873479244, "params": {"x0": 0.9247672937615131, "x1": 0.948955441061814, "x2": 7.14155770196392e-17, "x3": 0.8380769100660634, "x4": 1.6629245501292427, "x5": 0.16409062794447496, "x6": 1.6671238349077122, "x7": 7.210619805424875, "x8": 0.9058474950054125, "x9": 1.3348087716060326}, "datetime": {"datetime": "2025-05-14 19:53:34", "elapsed": 3301.231228, "delta": 10.726083}}
