{"target": 45.02990873479244, "params": {"x0": 0.9247672937713809, "x1": 0.9489554410621338, "x2": 8.591042310883329e-12, "x3": 0.8380769100625152, "x4": 1.662924550128372, "x5": 0.1640906279270297, "x6": 1.6671238348997752, "x7": 7.210619807342489, "x8": 0.9058474950002882, "x9": 1.3348087715941421}, "datetime": {"datetime": "2025-05-14 19:36:17", "elapsed": 2264.081541, "delta": 8.843592}}
{"target": 45.02990873479244, "params": {"x0": 0.924767293768137, "x1": 0.9489554410630254, "x2": 5.902737140210447e-12, "x3": 0.8380769100672533, "x4": 1.6629245501215735, "x5": 0.1640906279461387, "x6": 1.6671238348922142, "x7": 7.210619803339512, "x8": 0.9058474950078987, "x9": 1.3348087715938923}, "datetime": {"datetime": "2025-05-14 19:36:26", "elapsed": 2272.687714, "delta": 8.606173}}
{"target": 45.02990873479244, "params": {"x0": 0.9247672937652539, "x1": 0.9489554410600686, "x2": 2.1527125481975535e-12, "x3": 0.8380769100673393, "x4": 1.662924550134543, "x5": 0.16409062792397228, "x6": 1.667123834887015, "x7": 7.210619803820945, "x8": 0.9058474950091326, "x9": 1.3348087715922223}, "datetime": {"datetime": "2025-05-14 19:36:34", "elapsed": 2281.466552, "delta": 8.778838}}
{"target": 45.02990873479244, "params": {"x0": 0.9247672937593755, "x1": 0.9489554410606874, "x2": 4.900513490326488e-13, "x3": 0.8380769100689541, "x4": 1.6629245501380692, "x5": 0.164090627922447, "x6": 1.667123834903949, "x7": 7.210619805381407, "x8": 0.9058474950019764, "x9": 1.3348087716010286}, "datetime": {"datetime": "2025-05-14 19:36:43", "elapsed": 2290.38541, "delta": 8.918858}}
{"target": 45.02990873479244, "params": {"x0": 0.9247672937665407, "x1": 0.9489554410612484, "x2": 3.775710031734259e-12, "x3": 0.8380769100675802, "x4": 1.662924550133345, "x5": 0.1640906279271268, "x6": 1.6671238349018906, "x7": 7.210619804101876, "x8": 0.9058474950073417, "x9": 1.3348087716067347}, "datetime": {"datetime": "2025-05-14 19:36:52", "elapsed": 2299.383489, "delta": 8.998079}}
{"target": 45.02990873479244, "params": {"x0": 0.9247672937650508, "x1": 0.9489554410605009, "x2": 1.5223531564003597e-12, "x3": 0.8380769100636755, "x4": 1.662924550128986, "x5": 0.16409062793399737, "x6": 1.6671238348960704, "x7": 7.21061980711117, "x8": 0.9058474950045682, "x9": 1.3348087715972046}, "datetime": {"datetime": "2025-05-14 19:37:01", "elapsed": 2308.133404, "delta": 8.749915}}
{"target": 45.02990873479244, "params": {"x0": 0.9247672937652923, "x1": 0.9489554410633093, "x2": 1.7335363223193855e-12, "x3": 0.8380769100660072, "x4": 1.662924550136565, "x5": 0.16409062792784965, "x6": 1.6671238348944015, "x7": 7.210619806851169, "x8": 0.9058474950063683, "x9": 1.334808771597264}, "datetime": {"datetime": "2025-05-14 19:37:10", "elapsed": 2317.081323, "delta": 8.947919}}
{"target": 45.02990873479244, "params": {"x0": 0.9247672937644011, "x1": 0.9489554410612999, "x2": 2.3657756384118987e-12, "x3": 0.8380769100663445, "x4": 1.66292455011872, "x5": 0.16409062793320026, "x6": 1.6671238349028183, "x7": 7.210619805707116, "x8": 0.905847495006429, "x9": 1.3348087716046064}, "datetime": {"datetime": "2025-05-14 19:37:19", "elapsed": 2325.869809, "delta": 8.788486}}
{"target": 45.02990873479244, "params": {"x0": 0.9247672937593585, "x1": 0.9489554410622013, "x2": 3.11323033034987e-12, "x3": 0.8380769100673515, "x4": 1.6629245501332184, "x5": 0.16409062793391474, "x6": 1.6671238349015507, "x7": 7.21061980485886, "x8": 0.9058474950035171, "x9": 1.3348087716084804}, "datetime": {"datetime": "2025-05-14 19:37:28", "elapsed": 2335.204087, "delta": 9.334278}}
{"target": 45.02990873479244, "params": {"x0": 0.9247672937636395, "x1": 0.9489554410624336, "x2": 8.158884608006947e-13, "x3": 0.8380769100660305, "x4": 1.6629245501238727, "x5": 0.16409062793812867, "x6": 1.6671238349000845, "x7": 7.210619805727918, "x8": 0.9058474950053068, "x9": 1.3348087716134869}, "datetime": {"datetime": "2025-05-14 19:37:37", "elapsed": 2344.390331, "delta": 9.186244}}
{"target": 45.02990873479244, "params": {"x0": 0.9247672937580971, "x1": 0.9489554410609133, "x2": 2.9569248233616155e-13, "x3": 0.8380769100672333, "x4": 1.6629245501254333, "x5": 0.16409062794688414, "x6": 1.6671238348988129, "x7": 7.210619805580247, "x8": 0.9058474950057755, "x9": 1.3348087716100008}, "datetime": {"datetime": "2025-05-14 19:37:46", "elapsed": 2353.292178, "delta": 8.901847}}
{"target": 45.02990873479244, "params": {"x0": 0.924767293762061, "x1": 0.9489554410626257, "x2": 2.0472346579135996e-12, "x3": 0.8380769100672603, "x4": 1.6629245501263095, "x5": 0.1640906279381835, "x6": 1.6671238348996913, "x7": 7.210619805371143, "x8": 0.9058474950043279, "x9": 1.3348087716122656}, "datetime": {"datetime": "2025-05-14 19:37:55", "elapsed": 2362.031715, "delta": 8.739537}}
{"target": 45.02990873479244, "params": {"x0": 0.9247672937600377, "x1": 0.9489554410617776, "x2": 1.366532856914268e-12, "x3": 0.8380769100664791, "x4": 1.6629245501353842, "x5": 0.16409062793652923, "x6": 1.6671238349043938, "x7": 7.21061980528455, "x8": 0.9058474950063544, "x9": 1.3348087716021668}, "datetime": {"datetime": "2025-05-14 19:38:04", "elapsed": 2371.138025, "delta": 9.10631}}
{"target": 45.02990873479244, "params": {"x0": 0.924767293760687, "x1": 0.948955441061888, "x2": 2.3781142885427002e-12, "x3": 0.8380769100650511, "x4": 1.6629245501347236, "x5": 0.16409062794008072, "x6": 1.6671238349044442, "x7": 7.210619806202003, "x8": 0.9058474950062516, "x9": 1.3348087716068289}, "datetime": {"datetime": "2025-05-14 19:38:13", "elapsed": 2379.918488, "delta": 8.780463}}
{"target": 45.02990873479244, "params": {"x0": 0.9247672937627245, "x1": 0.9489554410614709, "x2": 7.782891838522267e-13, "x3": 0.8380769100665653, "x4": 1.662924550127237, "x5": 0.1640906279397784, "x6": 1.667123834910602, "x7": 7.210619804759483, "x8": 0.905847495004862, "x9": 1.334808771608652}, "datetime": {"datetime": "2025-05-14 19:38:22", "elapsed": 2389.259579, "delta": 9.341091}}
{"target": 45.02990873479244, "params": {"x0": 0.9247672937617388, "x1": 0.9489554410614893, "x2": 3.017630600516917e-13, "x3": 0.8380769100657777, "x4": 1.6629245501286378, "x5": 0.16409062794368176, "x6": 1.6671238349125013, "x7": 7.210619805047181, "x8": 0.9058474950059023, "x9": 1.3348087716072878}, "datetime": {"datetime": "2025-05-14 19:38:31", "elapsed": 2398.279537, "delta": 9.019958}}
{"target": 45.02990873479244, "params": {"x0": 0.9247672937617321, "x1": 0.9489554410617089, "x2": 1.0599893454582708e-12, "x3": 0.8380769100668164, "x4": 1.6629245501339862, "x5": 0.1640906279457806, "x6": 1.6671238349046331, "x7": 7.210619805011768, "x8": 0.9058474950045219, "x9": 1.334808771610121}, "datetime": {"datetime": "2025-05-14 19:38:40", "elapsed": 2407.116115, "delta": 8.836578}}
{"target": 45.02990873479244, "params": {"x0": 0.9247672937610899, "x1": 0.9489554410620901, "x2": 3.812314965677307e-13, "x3": 0.8380769100661888, "x4": 1.6629245501327277, "x5": 0.16409062794587778, "x6": 1.6671238349078843, "x7": 7.210619805748144, "x8": 0.905847495005609, "x9": 1.334808771604607}, "datetime": {"datetime": "2025-05-14 19:38:49", "elapsed": 2415.903954, "delta": 8.787839}}
{"target": 45.02990873479244, "params": {"x0": 0.9247672937620252, "x1": 0.9489554410613049, "x2": 1.657856667182683e-13, "x3": 0.8380769100654233, "x4": 1.6629245501327548, "x5": 0.16409062794316787, "x6": 1.6671238349047486, "x7": 7.21061980508557, "x8": 0.9058474950054854, "x9": 1.3348087716052515}, "datetime": {"datetime": "2025-05-14 19:38:58", "elapsed": 2425.527227, "delta": 9.623273}}
{"target": 45.02990873479244, "params": {"x0": 0.9247672937618826, "x1": 0.9489554410617427, "x2": 4.578080414535061e-13, "x3": 0.8380769100654676, "x4": 1.6629245501299352, "x5": 0.16409062794511758, "x6": 1.6671238349057136, "x7": 7.210619805820168, "x8": 0.905847495005604, "x9": 1.3348087716037096}, "datetime": {"datetime": "2025-05-14 19:39:07", "elapsed": 2434.591033, "delta": 9.063806}}
{"target": 45.02990873479244, "params": {"x0": 0.9247672937610508, "x1": 0.9489554410614461, "x2": 1.1294935928334547e-12, "x3": 0.8380769100665778, "x4": 1.662924550126693, "x5": 0.16409062794590498, "x6": 1.6671238349066104, "x7": 7.210619805678465, "x8": 0.9058474950051751, "x9": 1.334808771605096}, "datetime": {"datetime": "2025-05-14 19:39:17", "elapsed": 2444.098304, "delta": 9.507271}}
{"target": 45.02990873479244, "params": {"x0": 0.9247672937621811, "x1": 0.9489554410619214, "x2": 5.8980033165558e-13, "x3": 0.8380769100662507, "x4": 1.6629245501286245, "x5": 0.16409062794426577, "x6": 1.667123834906704, "x7": 7.210619805702747, "x8": 0.9058474950050481, "x9": 1.3348087716074972}, "datetime": {"datetime": "2025-05-14 19:39:26", "elapsed": 2452.910789, "delta": 8.812485}}
{"target": 45.02990873479244, "params": {"x0": 0.9247672937620178, "x1": 0.9489554410614864, "x2": 3.736347622168287e-13, "x3": 0.8380769100660005, "x4": 1.6629245501290228, "x5": 0.16409062794532162, "x6": 1.667123834906248, "x7": 7.21061980558258, "x8": 0.9058474950056389, "x9": 1.3348087716051202}, "datetime": {"datetime": "2025-05-14 19:39:35", "elapsed": 2461.786186, "delta": 8.875397}}
{"target": 45.02990873479244, "params": {"x0": 0.9247672937619265, "x1": 0.9489554410615277, "x2": 7.731207045006281e-13, "x3": 0.8380769100662643, "x4": 1.662924550129446, "x5": 0.1640906279459242, "x6": 1.6671238349078785, "x7": 7.210619805589512, "x8": 0.9058474950058586, "x9": 1.3348087716079575}, "datetime": {"datetime": "2025-05-14 19:39:44", "elapsed": 2470.970346, "delta": 9.18416}}
{"target": 45.02990873479244, "params": {"x0": 0.9247672937616852, "x1": 0.9489554410618233, "x2": 4.4350501091668845e-13, "x3": 0.8380769100664249, "x4": 1.6629245501291772, "x5": 0.16409062794619983, "x6": 1.6671238349097157, "x7": 7.210619805628605, "x8": 0.9058474950053153, "x9": 1.3348087716073636}, "datetime": {"datetime": "2025-05-14 19:39:53", "elapsed": 2479.843402, "delta": 8.873056}}
{"target": 45.02990873479244, "params": {"x0": 0.9247672937608199, "x1": 0.9489554410619395, "x2": 2.821251495020872e-13, "x3": 0.8380769100660187, "x4": 1.662924550129449, "x5": 0.16409062794515042, "x6": 1.6671238349066015, "x7": 7.210619805505392, "x8": 0.9058474950051347, "x9": 1.3348087716075554}, "datetime": {"datetime": "2025-05-14 19:40:02", "elapsed": 2488.733885, "delta": 8.890483}}
{"target": 45.02990873479244, "params": {"x0": 0.924767293761152, "x1": 0.9489554410616041, "x2": 5.27487758948501e-13, "x3": 0.8380769100663286, "x4": 1.6629245501285932, "x5": 0.16409062794547102, "x6": 1.6671238349063886, "x7": 7.210619805584547, "x8": 0.9058474950051308, "x9": 1.3348087716068604}, "datetime": {"datetime": "2025-05-14 19:40:11", "elapsed": 2497.675673, "delta": 8.941788}}
{"target": 45.02990873479244, "params": {"x0": 0.9247672937610603, "x1": 0.9489554410617725, "x2": 1.4056452250410793e-13, "x3": 0.8380769100663242, "x4": 1.6629245501305587, "x5": 0.16409062794475404, "x6": 1.6671238349070416, "x7": 7.210619805557881, "x8": 0.9058474950051474, "x9": 1.3348087716068997}, "datetime": {"datetime": "2025-05-14 19:40:19", "elapsed": 2506.461611, "delta": 8.785938}}
{"target": 45.02990873479244, "params": {"x0": 0.9247672937618208, "x1": 0.9489554410616852, "x2": 1.5134185793554557e-13, "x3": 0.8380769100662628, "x4": 1.6629245501305627, "x5": 0.16409062794344795, "x6": 1.6671238349069852, "x7": 7.21061980528066, "x8": 0.9058474950056683, "x9": 1.3348087716051178}, "datetime": {"datetime": "2025-05-14 19:40:28", "elapsed": 2515.468505, "delta": 9.006894}}
{"target": 45.02990873479244, "params": {"x0": 0.9247672937612508, "x1": 0.9489554410617391, "x2": 2.6979541953169193e-14, "x3": 0.8380769100658612, "x4": 1.6629245501297127, "x5": 0.16409062794597895, "x6": 1.6671238349083897, "x7": 7.210619805305892, "x8": 0.9058474950055833, "x9": 1.334808771605685}, "datetime": {"datetime": "2025-05-14 19:40:37", "elapsed": 2524.107548, "delta": 8.639043}}
{"target": 45.02990873479244, "params": {"x0": 0.9247672937615711, "x1": 0.9489554410618233, "x2": 8.954779320203765e-14, "x3": 0.8380769100662218, "x4": 1.6629245501301722, "x5": 0.16409062794379042, "x6": 1.6671238349082398, "x7": 7.210619805436847, "x8": 0.9058474950054489, "x9": 1.334808771606162}, "datetime": {"datetime": "2025-05-14 19:40:46", "elapsed": 2533.093052, "delta": 8.985504}}
{"target": 45.02990873479244, "params": {"x0": 0.9247672937618713, "x1": 0.9489554410617869, "x2": 1.0962786839260489e-13, "x3": 0.8380769100662292, "x4": 1.6629245501295835, "x5": 0.16409062794351836, "x6": 1.6671238349083053, "x7": 7.210619805458523, "x8": 0.9058474950054382, "x9": 1.3348087716064754}, "datetime": {"datetime": "2025-05-14 19:40:55", "elapsed": 2542.404258, "delta": 9.311206}}
{"target": 45.02990873479244, "params": {"x0": 0.9247672937617264, "x1": 0.9489554410617507, "x2": 6.299037904026588e-14, "x3": 0.838076910066188, "x4": 1.6629245501292231, "x5": 0.16409062794526005, "x6": 1.6671238349070663, "x7": 7.210619805394509, "x8": 0.9058474950055004, "x9": 1.334808771605709}, "datetime": {"datetime": "2025-05-14 19:41:05", "elapsed": 2551.931406, "delta": 9.527148}}
{"target": 45.02990873479244, "params": {"x0": 0.9247672937615967, "x1": 0.9489554410617344, "x2": 2.0084967955845916e-13, "x3": 0.8380769100662111, "x4": 1.6629245501290153, "x5": 0.16409062794360038, "x6": 1.66712383490724, "x7": 7.210619805337131, "x8": 0.90584749500554, "x9": 1.3348087716060337}, "datetime": {"datetime": "2025-05-14 19:41:13", "elapsed": 2560.573231, "delta": 8.641825}}
{"target": 45.02990873479244, "params": {"x0": 0.9247672937614994, "x1": 0.948955441061888, "x2": 2.0550958136533024e-13, "x3": 0.8380769100661462, "x4": 1.6629245501291936, "x5": 0.16409062794482368, "x6": 1.6671238349083386, "x7": 7.210619805419896, "x8": 0.905847495005331, "x9": 1.3348087716057442}, "datetime": {"datetime": "2025-05-14 19:41:23", "elapsed": 2569.883786, "delta": 9.310555}}
{"target": 45.02990873479244, "params": {"x0": 0.9247672937613743, "x1": 0.9489554410617955, "x2": 1.1305033890224806e-14, "x3": 0.8380769100660033, "x4": 1.662924550129395, "x5": 0.16409062794493973, "x6": 1.6671238349070538, "x7": 7.21061980540698, "x8": 0.9058474950053689, "x9": 1.3348087716059418}, "datetime": {"datetime": "2025-05-14 19:41:33", "elapsed": 2579.65983, "delta": 9.776044}}
{"target": 45.02990873479244, "params": {"x0": 0.9247672937616364, "x1": 0.9489554410618488, "x2": 9.386602003793837e-14, "x3": 0.838076910066115, "x4": 1.6629245501293477, "x5": 0.16409062794391213, "x6": 1.6671238349077737, "x7": 7.2106198054241455, "x8": 0.90584749500531, "x9": 1.3348087716064214}, "datetime": {"datetime": "2025-05-14 19:41:42", "elapsed": 2589.132605, "delta": 9.472775}}
{"target": 45.02990873479244, "params": {"x0": 0.9247672937613799, "x1": 0.9489554410617532, "x2": 8.943519509003543e-14, "x3": 0.8380769100660855, "x4": 1.6629245501287315, "x5": 0.16409062794507273, "x6": 1.66712383490724, "x7": 7.210619805364214, "x8": 0.9058474950053579, "x9": 1.334808771606462}, "datetime": {"datetime": "2025-05-14 19:41:51", "elapsed": 2598.231041, "delta": 9.098436}}
{"target": 45.02990873479244, "params": {"x0": 0.9247672937614017, "x1": 0.9489554410618483, "x2": 1.2532536565577725e-13, "x3": 0.8380769100660911, "x4": 1.662924550129343, "x5": 0.1640906279441281, "x6": 1.6671238349078457, "x7": 7.210619805441825, "x8": 0.9058474950053891, "x9": 1.3348087716063683}, "datetime": {"datetime": "2025-05-14 19:42:00", "elapsed": 2607.285755, "delta": 9.054714}}
{"target": 45.02990873479244, "params": {"x0": 0.924767293761496, "x1": 0.9489554410618568, "x2": 1.2083059798312827e-14, "x3": 0.8380769100660077, "x4": 1.6629245501288616, "x5": 0.16409062794425602, "x6": 1.6671238349078057, "x7": 7.210619805462069, "x8": 0.9058474950054223, "x9": 1.3348087716058863}, "datetime": {"datetime": "2025-05-14 19:42:10", "elapsed": 2616.844708, "delta": 9.558953}}
{"target": 45.02990873479244, "params": {"x0": 0.9247672937615624, "x1": 0.9489554410618206, "x2": 5.032871889927702e-14, "x3": 0.8380769100660213, "x4": 1.6629245501295287, "x5": 0.16409062794475998, "x6": 1.6671238349077995, "x7": 7.210619805446679, "x8": 0.9058474950053623, "x9": 1.3348087716062416}, "datetime": {"datetime": "2025-05-14 19:42:19", "elapsed": 2626.241124, "delta": 9.396416}}
{"target": 45.02990873479244, "params": {"x0": 0.9247672937615701, "x1": 0.9489554410618387, "x2": 4.514590665978289e-15, "x3": 0.8380769100660734, "x4": 1.6629245501293608, "x5": 0.16409062794424137, "x6": 1.6671238349078363, "x7": 7.210619805388209, "x8": 0.9058474950054057, "x9": 1.3348087716060746}, "datetime": {"datetime": "2025-05-14 19:42:29", "elapsed": 2635.756762, "delta": 9.515638}}
{"target": 45.02990873479244, "params": {"x0": 0.9247672937616206, "x1": 0.9489554410618272, "x2": 3.548468349054962e-14, "x3": 0.8380769100660433, "x4": 1.6629245501293821, "x5": 0.164090627944675, "x6": 1.6671238349074622, "x7": 7.2106198054404125, "x8": 0.9058474950053909, "x9": 1.3348087716058386}, "datetime": {"datetime": "2025-05-14 19:42:38", "elapsed": 2645.586382, "delta": 9.82962}}
{"target": 45.02990873479244, "params": {"x0": 0.9247672937614897, "x1": 0.9489554410618375, "x2": 5.666065940052996e-14, "x3": 0.8380769100660617, "x4": 1.6629245501289835, "x5": 0.16409062794417534, "x6": 1.6671238349077488, "x7": 7.210619805394998, "x8": 0.905847495005378, "x9": 1.3348087716061967}, "datetime": {"datetime": "2025-05-14 19:42:47", "elapsed": 2654.53262, "delta": 8.946238}}
{"target": 45.02990873479244, "params": {"x0": 0.92476729376149, "x1": 0.9489554410618071, "x2": 1.1188424343647427e-14, "x3": 0.8380769100661027, "x4": 1.662924550129292, "x5": 0.16409062794468127, "x6": 1.6671238349075286, "x7": 7.210619805423568, "x8": 0.9058474950054554, "x9": 1.3348087716060502}, "datetime": {"datetime": "2025-05-14 19:42:56", "elapsed": 2663.507609, "delta": 8.974989}}
{"target": 45.02990873479244, "params": {"x0": 0.9247672937615574, "x1": 0.948955441061797, "x2": 4.576830233522623e-14, "x3": 0.8380769100660825, "x4": 1.6629245501293102, "x5": 0.16409062794460755, "x6": 1.6671238349076636, "x7": 7.210619805412949, "x8": 0.9058474950054238, "x9": 1.334808771605999}, "datetime": {"datetime": "2025-05-14 19:43:06", "elapsed": 2672.90354, "delta": 9.395931}}
{"target": 45.02990873479244, "params": {"x0": 0.9247672937614753, "x1": 0.9489554410618206, "x2": 1.1266344739898142e-15, "x3": 0.8380769100660452, "x4": 1.6629245501291408, "x5": 0.16409062794462517, "x6": 1.6671238349076427, "x7": 7.210619805443507, "x8": 0.9058474950054207, "x9": 1.3348087716060062}, "datetime": {"datetime": "2025-05-14 19:43:15", "elapsed": 2682.445591, "delta": 9.542051}}
{"target": 45.02990873479244, "params": {"x0": 0.924767293761549, "x1": 0.948955441061799, "x2": 1.860312813454076e-14, "x3": 0.8380769100660789, "x4": 1.6629245501291499, "x5": 0.16409062794425766, "x6": 1.6671238349077093, "x7": 7.210619805426055, "x8": 0.9058474950053956, "x9": 1.3348087716059849}, "datetime": {"datetime": "2025-05-14 19:43:25", "elapsed": 2691.898732, "delta": 9.453141}}
{"target": 45.02990873479244, "params": {"x0": 0.924767293761484, "x1": 0.9489554410618014, "x2": 9.263774286263208e-16, "x3": 0.8380769100660681, "x4": 1.662924550129274, "x5": 0.1640906279443361, "x6": 1.6671238349075461, "x7": 7.210619805411856, "x8": 0.9058474950054204, "x9": 1.3348087716060113}, "datetime": {"datetime": "2025-05-14 19:43:34", "elapsed": 2701.256312, "delta": 9.35758}}
{"target": 45.02990873479244, "params": {"x0": 0.9247672937614811, "x1": 0.9489554410618084, "x2": 4.627469754144537e-14, "x3": 0.8380769100660638, "x4": 1.6629245501293775, "x5": 0.16409062794463128, "x6": 1.6671238349075936, "x7": 7.210619805440393, "x8": 0.9058474950053846, "x9": 1.334808771606153}, "datetime": {"datetime": "2025-05-14 19:43:43", "elapsed": 2710.545122, "delta": 9.28881}}
{"target": 45.02990873479244, "params": {"x0": 0.9247672937615389, "x1": 0.9489554410618144, "x2": 2.7689883142656863e-14, "x3": 0.838076910066062, "x4": 1.6629245501292742, "x5": 0.16409062794445473, "x6": 1.6671238349076622, "x7": 7.2106198054302295, "x8": 0.9058474950054233, "x9": 1.3348087716060235}, "datetime": {"datetime": "2025-05-14 19:43:53", "elapsed": 2720.250193, "delta": 9.705071}}
{"target": 45.02990873479244, "params": {"x0": 0.924767293761487, "x1": 0.9489554410618282, "x2": 3.273488466376195e-14, "x3": 0.8380769100660785, "x4": 1.6629245501293393, "x5": 0.1640906279445846, "x6": 1.6671238349076107, "x7": 7.210619805419837, "x8": 0.9058474950053887, "x9": 1.334808771605961}, "datetime": {"datetime": "2025-05-14 19:44:03", "elapsed": 2729.95302, "delta": 9.702827}}
{"target": 45.02990873479244, "params": {"x0": 0.9247672937615342, "x1": 0.9489554410618047, "x2": 3.52064429425051e-14, "x3": 0.8380769100660789, "x4": 1.6629245501293035, "x5": 0.16409062794452442, "x6": 1.667123834907662, "x7": 7.210619805420781, "x8": 0.9058474950054094, "x9": 1.3348087716059511}, "datetime": {"datetime": "2025-05-14 19:44:12", "elapsed": 2739.433102, "delta": 9.480082}}
{"target": 45.02990873479244, "params": {"x0": 0.9247672937615335, "x1": 0.9489554410618086, "x2": 2.74892016706473e-14, "x3": 0.8380769100660737, "x4": 1.6629245501292347, "x5": 0.16409062794457435, "x6": 1.6671238349077633, "x7": 7.210619805418965, "x8": 0.9058474950054334, "x9": 1.334808771606006}, "datetime": {"datetime": "2025-05-14 19:44:21", "elapsed": 2748.529048, "delta": 9.095946}}
{"target": 45.02990873479244, "params": {"x0": 0.9247672937615299, "x1": 0.9489554410618078, "x2": 1.67968035118038e-14, "x3": 0.8380769100660592, "x4": 1.662924550129317, "x5": 0.1640906279444755, "x6": 1.6671238349076658, "x7": 7.210619805427228, "x8": 0.905847495005419, "x9": 1.3348087716060872}, "datetime": {"datetime": "2025-05-14 19:44:31", "elapsed": 2757.868764, "delta": 9.339716}}
