{"target": 18.86084335199307, "params": {"x0": 0.8719380842313534, "x1": 0.9908801288193847, "x2": 0.024009680383541513, "x3": 0.08571820320617791, "x4": 0.27330082633750286, "x5": 0.7532364136737405, "x6": 1.2628827624593724, "x7": 16.43377885734329, "x8": 1.2797852905990519, "x9": 1.102450172136221}, "datetime": {"datetime": "2025-05-14 19:05:22", "elapsed": 409.156951, "delta": 8.405912}}
{"target": 16.77881375111914, "params": {"x0": 0.9990176192889811, "x1": 0.9369253700938683, "x2": 0.9908219294788366, "x3": 0.19967875312497568, "x4": 0.7543427069373045, "x5": 0.24117399122989452, "x6": 1.0883309320432666, "x7": 16.659844349979224, "x8": 1.2361841017019564, "x9": 1.8715439718615672}, "datetime": {"datetime": "2025-05-14 19:05:31", "elapsed": 417.82895, "delta": 8.671999}}
{"target": 18.582519192465632, "params": {"x0": 0.8406649550282126, "x1": 1.7977895739523253, "x2": 0.0, "x3": 0.0, "x4": 1.2526698349998866, "x5": 0.09774556997396135, "x6": 1.0339503106896788, "x7": 16.980239364750688, "x8": 1.1969430316945704, "x9": 1.1526373010100481}, "datetime": {"datetime": "2025-05-14 19:05:39", "elapsed": 425.895861, "delta": 8.066911}}
{"target": 11.567645847657818, "params": {"x0": 0.9831823528629043, "x1": 1.9862171509548348, "x2": 0.0, "x3": 0.0, "x4": 0.24322374368445268, "x5": 0.44079228392818703, "x6": 1.2191522552746117, "x7": 16.39897373641671, "x8": 0.5259207345682697, "x9": 1.7996533047764154}, "datetime": {"datetime": "2025-05-14 19:05:47", "elapsed": 433.824427, "delta": 7.928566}}
{"target": 18.78941751154594, "params": {"x0": 0.8549166948116818, "x1": 0.9, "x2": 0.0, "x3": 1.1885488692722421, "x4": 1.1829217414017645, "x5": 0.1545177264964959, "x6": 1.0614423971547944, "x7": 16.92162124100371, "x8": 1.1298408019819404, "x9": 1.2173389013866849}, "datetime": {"datetime": "2025-05-14 19:05:54", "elapsed": 441.582208, "delta": 7.757781}}
{"target": 8.32500539241384, "params": {"x0": 0.8609924365088449, "x1": 0.9, "x2": 0.6280786574813509, "x3": 0.29212874478977113, "x4": 1.2744721187301038, "x5": 0.1858718655386621, "x6": 1.2104110566541113, "x7": 16.780637708429282, "x8": 0.5863127413096367, "x9": 1.2449222152314616}, "datetime": {"datetime": "2025-05-14 19:06:03", "elapsed": 449.710117, "delta": 8.127909}}
{"target": 17.73113306182177, "params": {"x0": 0.9648876195303352, "x1": 1.0799165207817936, "x2": 0.0, "x3": 0.6349587217072323, "x4": 0.6554811050597134, "x5": 0.4504880721741054, "x6": 0.6654249198860502, "x7": 16.667445921719334, "x8": 1.0754879959147101, "x9": 1.7165968819771433}, "datetime": {"datetime": "2025-05-14 19:06:11", "elapsed": 457.687788, "delta": 7.977671}}
{"target": 18.189483993827984, "params": {"x0": 0.8713819548109939, "x1": 1.227340806754599, "x2": 0.0, "x3": 0.5318669371852851, "x4": 0.7020299108265522, "x5": 0.46039106527909207, "x6": 1.7309257600920975, "x7": 17.181589752702237, "x8": 1.0523165364860487, "x9": 1.6942543977628741}, "datetime": {"datetime": "2025-05-14 19:06:19", "elapsed": 465.661233, "delta": 7.973445}}
{"target": 18.072174025694174, "params": {"x0": 0.9555370530584011, "x1": 0.9, "x2": 0.0, "x3": 0.0, "x4": 0.9930060337817448, "x5": 0.5857924488191051, "x6": 1.4107973905001046, "x7": 15.995252716642069, "x8": 1.0314622230002535, "x9": 1.674146161970032}, "datetime": {"datetime": "2025-05-14 19:06:27", "elapsed": 473.701692, "delta": 8.040459}}
{"target": 20.737205477701256, "params": {"x0": 0.8797974646357346, "x1": 0.9, "x2": 0.0, "x3": 0.88960525121416, "x4": 0.3443055443235781, "x5": 0.0, "x6": 1.536302717665351, "x7": 16.16013343058649, "x8": 1.0126933408630379, "x9": 1.3302953299124298}, "datetime": {"datetime": "2025-05-14 19:06:35", "elapsed": 481.806465, "delta": 8.104773}}
{"target": 16.440605893460397, "params": {"x0": 0.8833851293504925, "x1": 1.7517923933456239, "x2": 0.0, "x3": 1.1630531872414318, "x4": 1.1866056135489034, "x5": 0.0, "x6": 1.4476632652326216, "x7": 15.912007604471691, "x8": 0.9958013469395436, "x9": 1.346583000904632}, "datetime": {"datetime": "2025-05-14 19:06:43", "elapsed": 489.927017, "delta": 8.120552}}
{"target": 20.50160693833458, "params": {"x0": 0.8866140275937746, "x1": 0.9, "x2": 0.0, "x3": 0.0, "x4": 0.17557211802154826, "x5": 0.0, "x6": 1.334140746303291, "x7": 16.283220016258646, "x8": 0.9805985524083989, "x9": 1.6251021748712897}, "datetime": {"datetime": "2025-05-14 19:06:51", "elapsed": 498.021408, "delta": 8.094391}}
{"target": 19.94987239027822, "params": {"x0": 0.8895200360127286, "x1": 0.9, "x2": 0.0, "x3": 1.0112637459258875, "x4": 0.24678608457663742, "x5": 0.0, "x6": 0.6676970258352971, "x7": 15.125843701068217, "x8": 0.9669160373303687, "x9": 1.3744349183012978}, "datetime": {"datetime": "2025-05-14 19:06:59", "elapsed": 506.106738, "delta": 8.08533}}
{"target": 20.1783030593746, "params": {"x0": 0.892135443589787, "x1": 1.2841550842180474, "x2": 0.7206556922398396, "x3": 0.45008152466335394, "x4": 0.31087865447621765, "x5": 0.0, "x6": 1.217218659272143, "x7": 15.254622765625134, "x8": 0.9546017737601414, "x9": 1.3863086304546133}, "datetime": {"datetime": "2025-05-14 19:07:07", "elapsed": 514.317108, "delta": 8.21037}}
{"target": 12.427207230638464, "params": {"x0": 0.8944893104091397, "x1": 1.766271291566394, "x2": 0.663776063349339, "x3": 0.8958656792410322, "x4": 0.3685619673858398, "x5": 0.0, "x6": 0.28131997713962087, "x7": 15.37052392372636, "x8": 0.9435189365469369, "x9": 1.396994971392597}, "datetime": {"datetime": "2025-05-14 19:07:15", "elapsed": 522.199341, "delta": 7.882233}}
{"target": 18.25906522504655, "params": {"x0": 0.9347404330200699, "x1": 0.9, "x2": 0.6125843973478886, "x3": 0.8448910575489526, "x4": 0.4204769490044998, "x5": 0.0, "x6": 2.243541290008099, "x7": 15.474834966017463, "x8": 0.9335443830550528, "x9": 1.5797314014321213}, "datetime": {"datetime": "2025-05-14 19:07:23", "elapsed": 530.316172, "delta": 8.116831}}
{"target": 18.173444890363992, "params": {"x0": 0.8985144226702326, "x1": 1.539705279632987, "x2": 0.0, "x3": 0.18222317516161718, "x4": 0.4672004324612938, "x5": 0.0, "x6": 1.9102019228553275, "x7": 15.568714904079455, "x8": 0.9245672849123572, "x9": 1.4152686143965496}, "datetime": {"datetime": "2025-05-14 19:07:31", "elapsed": 538.155751, "delta": 7.839579}}
{"target": 22.18630232317376, "params": {"x0": 0.9311178319850862, "x1": 0.9650668609658715, "x2": 0.0, "x3": 0.7577244544554962, "x4": 0.8860662790335757, "x5": 0.0, "x6": 1.2475286202905944, "x7": 15.653206848335248, "x8": 0.9164878965839311, "x9": 1.563285122728564}, "datetime": {"datetime": "2025-05-14 19:07:39", "elapsed": 546.336288, "delta": 8.180537}}
{"target": 22.263140220567717, "params": {"x0": 0.9179906698135795, "x1": 0.9, "x2": 0.0, "x3": 1.0735886977704683, "x4": 0.5455343598604907, "x5": 0.663681191445889, "x6": 1.551750539768884, "x7": 15.006843474778428, "x8": 0.8546805758714716, "x9": 1.5036890022685687}, "datetime": {"datetime": "2025-05-14 19:07:47", "elapsed": 554.122283, "delta": 7.785995}}
{"target": 22.087522901627533, "params": {"x0": 0.9271796833336342, "x1": 0.9, "x2": 0.2954479954218974, "x3": 1.3894529410854404, "x4": 0.25271410115957754, "x5": 0.157088490428956, "x6": 1.6905656821948785, "x7": 14.360480101221608, "x8": 0.8979457003701933, "x9": 1.5454062865905656}, "datetime": {"datetime": "2025-05-14 19:07:55", "elapsed": 561.846423, "delta": 7.72414}}
{"target": 24.452265097282893, "params": {"x0": 0.9097205576455302, "x1": 0.9, "x2": 0.0, "x3": 0.7893108787869935, "x4": 0.8090725926913125, "x5": 0.2077477605306493, "x6": 1.222505951381801, "x7": 14.42511643857729, "x8": 0.8936191879203211, "x9": 1.4661434463787717}, "datetime": {"datetime": "2025-05-14 19:08:03", "elapsed": 569.603246, "delta": 7.756823}}
{"target": 21.96318093508247, "params": {"x0": 0.916750152988372, "x1": 0.9, "x2": 0.23931287629173692, "x3": 1.030947024922947, "x4": 0.5850650947851139, "x5": 0.5952911768086031, "x6": 0.7671355384931646, "x7": 13.930648457806322, "x8": 0.860521367678799, "x9": 1.4980571688850992}, "datetime": {"datetime": "2025-05-14 19:08:10", "elapsed": 577.161983, "delta": 7.558737}}
{"target": 23.19820956782831, "params": {"x0": 0.9033939218369724, "x1": 1.089408315694525, "x2": 0.21538158866256324, "x3": 0.5718383472646352, "x4": 0.6074658445757337, "x5": 0.5565368351808078, "x6": 1.632339322981574, "x7": 13.980095255883418, "x8": 0.923407226137691, "x9": 1.437421096123077}, "datetime": {"datetime": "2025-05-14 19:08:18", "elapsed": 585.349554, "delta": 8.187571}}
{"target": 27.165120768636566, "params": {"x0": 0.9040265854178282, "x1": 0.9, "x2": 0.19384342979630692, "x3": 0.9850361571571159, "x4": 0.9905186659953333, "x5": 0.0, "x6": 1.5913559858215967, "x7": 14.024597374152805, "x8": 0.8668099535246883, "x9": 1.4402933311486463}, "datetime": {"datetime": "2025-05-14 19:08:26", "elapsed": 593.555749, "delta": 8.206195}}
{"target": 28.39196041885366, "params": {"x0": 0.8991867090242815, "x1": 0.9, "x2": 0.029076514469446035, "x3": 1.15140264377172, "x4": 1.144747828303751, "x5": 0.27213176244009585, "x6": 1.9048785150954228, "x7": 13.684156169391994, "x8": 0.8440221042884003, "x9": 1.4183207332030399}, "datetime": {"datetime": "2025-05-14 19:08:34", "elapsed": 601.09327, "delta": 7.537521}}
{"target": 29.52142516478932, "params": {"x0": 0.8943468326307349, "x1": 1.0380786621413087, "x2": 0.0, "x3": 1.317769130386324, "x4": 1.2989769906121689, "x5": 0.07402724879979067, "x6": 1.5913559858215967, "x7": 13.343714964631182, "x8": 0.8668099535246883, "x9": 1.3963481352574334}, "datetime": {"datetime": "2025-05-14 19:08:42", "elapsed": 608.673922, "delta": 7.580652}}
{"target": 31.031962088877304, "params": {"x0": 0.8895069562371882, "x1": 0.9207117993211964, "x2": 0.10453921311577039, "x3": 1.15140264377172, "x4": 1.4532061529205866, "x5": 0.0, "x6": 1.810821756313275, "x7": 13.003273759870371, "x8": 0.8508584590592867, "x9": 1.4183207332030399}, "datetime": {"datetime": "2025-05-14 19:08:49", "elapsed": 616.273919, "delta": 7.599997}}
{"target": 31.65789088143769, "params": {"x0": 0.8943468326307349, "x1": 0.9, "x2": 0.023554197061618487, "x3": 1.0349461031414973, "x4": 1.2989769906121689, "x5": 0.12921749967779103, "x6": 1.6571957169691, "x7": 12.66283255510956, "x8": 0.8396924129335056, "x9": 1.4029399146411152}, "datetime": {"datetime": "2025-05-14 19:08:57", "elapsed": 623.895902, "delta": 7.621983}}
{"target": 31.70877305997053, "params": {"x0": 0.8977347461062175, "x1": 0.9744654317327073, "x2": 0.0, "x3": 1.15140264377172, "x4": 1.4069374042280611, "x5": 0.224890778700197, "x6": 1.7647339445100225, "x7": 12.322391350348749, "x8": 0.8285263668077245, "x9": 1.392173341647768}, "datetime": {"datetime": "2025-05-14 19:09:04", "elapsed": 631.50023, "delta": 7.604328}}
{"target": 31.23232775209249, "params": {"x0": 0.8943468326307349, "x1": 0.9167781390449943, "x2": 0.05212026621665142, "x3": 1.232922222212876, "x4": 1.3313651146969365, "x5": 0.12921749967779103, "x6": 1.689457185231377, "x7": 11.981950145587938, "x8": 0.8173603206819434, "x9": 1.4029399146411152}, "datetime": {"datetime": "2025-05-14 19:09:12", "elapsed": 638.994847, "delta": 7.494617}}
{"target": 30.15098590154083, "params": {"x0": 0.8946856239782831, "x1": 0.9225468683137656, "x2": 0.04690823959498628, "x3": 1.2247702643687604, "x4": 1.4749524648060732, "x5": 0.31099672982036236, "x6": 1.6969848611592415, "x7": 12.62878843463348, "x8": 0.8184769252945215, "x9": 1.4018632573417804}, "datetime": {"datetime": "2025-05-14 19:09:20", "elapsed": 646.660341, "delta": 7.665494}}
{"target": 33.13307359145126, "params": {"x0": 0.9004789560213584, "x1": 1.0211921388097547, "x2": 0.0, "x3": 1.0853717852343836, "x4": 1.4681509587482722, "x5": 0.14739542269204814, "x6": 1.7037597694943196, "x7": 12.046633974492492, "x8": 0.8375708641696072, "x9": 1.3834524175231568}, "datetime": {"datetime": "2025-05-14 19:09:27", "elapsed": 654.359379, "delta": 7.699038}}
{"target": 34.44931592301654, "params": {"x0": 0.9028115344492282, "x1": 0.9814744377942644, "x2": 0.0, "x3": 1.0292455554776476, "x4": 1.5201824800904515, "x5": 0.08152437008512162, "x6": 1.7555878182576672, "x7": 11.812240205014673, "x8": 0.8452586869272075, "x9": 1.3760396320172372}, "datetime": {"datetime": "2025-05-14 19:09:35", "elapsed": 661.853451, "delta": 7.494072}}
{"target": 35.30529654276795, "params": {"x0": 0.9051441128770981, "x1": 1.0092768285051077, "x2": 0.034196106664745, "x3": 0.9731193257209118, "x4": 1.572214001432631, "x5": 0.14739542269204814, "x6": 1.7918674523920104, "x7": 11.577846435536854, "x8": 0.8529465096848078, "x9": 1.3834524175231568}, "datetime": {"datetime": "2025-05-14 19:09:42", "elapsed": 669.493011, "delta": 7.63956}}
{"target": 35.81702987190953, "params": {"x0": 0.9028115344492282, "x1": 1.028738502002698, "x2": 0.005129415999711749, "x3": 0.9169930959641759, "x4": 1.6242455227748103, "x5": 0.10128568586719958, "x6": 1.8281470865263536, "x7": 11.343452666059035, "x8": 0.8452586869272075, "x9": 1.378263467669013}, "datetime": {"datetime": "2025-05-14 19:09:50", "elapsed": 676.966067, "delta": 7.473056}}
{"target": 35.20916467998626, "params": {"x0": 0.9011787295497193, "x1": 1.0482001755002883, "x2": 0.025476099465235023, "x3": 0.86086686620744, "x4": 1.6762770441169896, "x5": 0.06900887008980558, "x6": 1.8644267206606968, "x7": 11.577846435536854, "x8": 0.8398772109968873, "x9": 1.3818957325669137}, "datetime": {"datetime": "2025-05-14 19:09:57", "elapsed": 684.51394, "delta": 7.547873}}
{"target": 36.54037742733119, "params": {"x0": 0.9042810588587862, "x1": 1.0112229958548669, "x2": 0.0, "x3": 0.8664794891831136, "x4": 1.5774171535668489, "x5": 0.13033482006685418, "x6": 1.7954954158054446, "x7": 11.132498273528997, "x8": 0.8501020152644957, "x9": 1.3749944292609027}, "datetime": {"datetime": "2025-05-14 19:10:05", "elapsed": 692.065523, "delta": 7.551583}}
{"target": 36.99319916430977, "params": {"x0": 0.9055301546069104, "x1": 0.9963348156292103, "x2": 0.0, "x3": 0.9094160549470165, "x4": 1.6172212673936162, "x5": 0.1550265841365606, "x6": 1.767741495692672, "x7": 10.953187039878465, "x8": 0.8542188443511907, "x9": 1.3722157466140088}, "datetime": {"datetime": "2025-05-14 19:10:13", "elapsed": 699.6703, "delta": 7.604777}}
{"target": 37.00304778235731, "params": {"x0": 0.9067792503550347, "x1": 1.0112229958548669, "x2": 0.0, "x3": 0.9394716509817486, "x4": 1.5893583877148791, "x5": 0.179718348206267, "x6": 1.7954954158054446, "x7": 10.773875806227933, "x8": 0.8583356734378856, "x9": 1.369437063967115}, "datetime": {"datetime": "2025-05-14 19:10:20", "elapsed": 707.548551, "delta": 7.878251}}
{"target": 37.78556559286834, "params": {"x0": 0.908028346103159, "x1": 1.0008012696969073, "x2": 0.0, "x3": 0.9094160549470165, "x4": 1.608862403489995, "x5": 0.20441011227597342, "x6": 1.7760676717265038, "x7": 10.5945645725774, "x8": 0.8624525025245806, "x9": 1.366658381320221}, "datetime": {"datetime": "2025-05-14 19:10:28", "elapsed": 715.202927, "delta": 7.654376}}
{"target": 38.42224118595962, "params": {"x0": 0.9092774418512832, "x1": 0.9935060613863356, "x2": 0.011827545906367344, "x3": 0.888377137722704, "x4": 1.622515214532576, "x5": 0.179718348206267, "x6": 1.7624682508712453, "x7": 10.415253338926869, "x8": 0.8665693316112756, "x9": 1.3638796986733273}, "datetime": {"datetime": "2025-05-14 19:10:36", "elapsed": 722.871558, "delta": 7.668631}}
{"target": 39.11536599883277, "params": {"x0": 0.9105265375994075, "x1": 0.9862108530757638, "x2": 0.0017741318859551027, "x3": 0.8673382204983915, "x4": 1.6361680255751572, "x5": 0.19700258305506146, "x6": 1.7488688300159867, "x7": 10.235942105276337, "x8": 0.8706861606979706, "x9": 1.3611010160264334}, "datetime": {"datetime": "2025-05-14 19:10:43", "elapsed": 730.389053, "delta": 7.517495}}
{"target": 39.639798263279175, "params": {"x0": 0.9117756333475318, "x1": 0.9789156447651921, "x2": 0.008811521700243671, "x3": 0.846299303274079, "x4": 1.6498208366177383, "x5": 0.2091015474492176, "x6": 1.7352694091607281, "x7": 10.056630871625805, "x8": 0.8748029897846655, "x9": 1.3583223333795396}, "datetime": {"datetime": "2025-05-14 19:10:51", "elapsed": 737.998475, "delta": 7.609422}}
{"target": 40.07048610660452, "params": {"x0": 0.913024729095656, "x1": 0.9716204364546204, "x2": 0.0038853488302416734, "x3": 0.8673382204983915, "x4": 1.6361680255751572, "x5": 0.19700258305506146, "x6": 1.7216699883054696, "x7": 9.877319637975273, "x8": 0.8789198188713605, "x9": 1.3555436507326457}, "datetime": {"datetime": "2025-05-14 19:10:59", "elapsed": 745.599266, "delta": 7.600791}}
{"target": 40.66833969200428, "params": {"x0": 0.9142738248437803, "x1": 0.9643252281440486, "x2": 0.000437027821240275, "x3": 0.8526109784413728, "x4": 1.645724993304964, "x5": 0.18853330797915216, "x6": 1.708070567450211, "x7": 9.69800840432474, "x8": 0.8830366479580555, "x9": 1.3527649680857519}, "datetime": {"datetime": "2025-05-14 19:11:06", "elapsed": 753.253469, "delta": 7.654203}}
{"target": 41.08474208725526, "params": {"x0": 0.9155229205919045, "x1": 0.9570300198334769, "x2": 0.0038853488302416734, "x3": 0.862920047881286, "x4": 1.6390351158940992, "x5": 0.19700258305506146, "x6": 1.6944711465949525, "x7": 9.518697170674209, "x8": 0.8871534770447504, "x9": 1.349986285438858}, "datetime": {"datetime": "2025-05-14 19:11:14", "elapsed": 760.830423, "delta": 7.576954}}
{"target": 41.503352613976574, "params": {"x0": 0.9167720163400288, "x1": 0.9497348115229052, "x2": 0.0014715241239406946, "x3": 0.8557036992733468, "x4": 1.6437180300817045, "x5": 0.19107409050192495, "x6": 1.680871725739694, "x7": 9.339385937023676, "x8": 0.8912703061314454, "x9": 1.3527649680857519}, "datetime": {"datetime": "2025-05-14 19:11:21", "elapsed": 768.460732, "delta": 7.630309}}
{"target": 41.94482534495983, "params": {"x0": 0.9180211120881531, "x1": 0.9424396032123334, "x2": 0.0, "x3": 0.8506522552477893, "x4": 1.6469960700130282, "x5": 0.1869241457147294, "x6": 1.6944711465949525, "x7": 9.160074703373144, "x8": 0.8953871352181404, "x9": 1.3508198902329263}, "datetime": {"datetime": "2025-05-14 19:11:29", "elapsed": 776.234607, "delta": 7.773875}}
{"target": 42.49307144175787, "params": {"x0": 0.9192702078362773, "x1": 0.9497348115229052, "x2": 0.0, "x3": 0.8456008112222319, "x4": 1.6502741099443519, "x5": 0.18277420092753385, "x6": 1.6849515519962714, "x7": 8.980763469722612, "x8": 0.8995039643048354, "x9": 1.3494583357359482}, "datetime": {"datetime": "2025-05-14 19:11:37", "elapsed": 783.962437, "delta": 7.72783}}
{"target": 42.871363522574875, "params": {"x0": 0.9205193035844016, "x1": 0.944628165705505, "x2": 0.0, "x3": 0.8405493671966744, "x4": 1.6535521498756756, "x5": 0.1786242561403383, "x6": 1.6916152682153482, "x7": 8.80145223607208, "x8": 0.9036207933915303, "x9": 1.3480967812389701}, "datetime": {"datetime": "2025-05-14 19:11:44", "elapsed": 791.494329, "delta": 7.531892}}
{"target": 43.16757113452744, "params": {"x0": 0.9192702078362773, "x1": 0.9482028177776851, "x2": 0.0, "x3": 0.8354979231711169, "x4": 1.6502741099443519, "x5": 0.18277420092753385, "x6": 1.6869506668619947, "x7": 8.622141002421548, "x8": 0.9077376224782253, "x9": 1.346735226741992}, "datetime": {"datetime": "2025-05-14 19:11:52", "elapsed": 799.136648, "delta": 7.642319}}
{"target": 43.5698894851971, "params": {"x0": 0.9201445748599643, "x1": 0.9507050742282113, "x2": 0.0, "x3": 0.8405493671966744, "x4": 1.6525687378962786, "x5": 0.17986923957649698, "x6": 1.683685445914647, "x7": 8.442829768771016, "x8": 0.9036207933915303, "x9": 1.345373672245014}, "datetime": {"datetime": "2025-05-14 19:12:00", "elapsed": 806.640983, "delta": 7.504335}}
{"target": 43.99724910030426, "params": {"x0": 0.9207566317765452, "x1": 0.9482028177776851, "x2": 0.0, "x3": 0.8370133563787842, "x4": 1.654174977462627, "x5": 0.17783576663077116, "x6": 1.6804202249672995, "x7": 8.263518535120484, "x8": 0.9065025737522168, "x9": 1.344012117748036}, "datetime": {"datetime": "2025-05-14 19:12:07", "elapsed": 814.307269, "delta": 7.666286}}
{"target": 44.308527046810106, "params": {"x0": 0.9213686886931262, "x1": 0.9499543972930534, "x2": 0.0, "x3": 0.8394885639513073, "x4": 1.6557812170289756, "x5": 0.17580229368504535, "x6": 1.6771550040199519, "x7": 8.084207301469952, "x8": 0.9044853274997362, "x9": 1.342650563251058}, "datetime": {"datetime": "2025-05-14 19:12:15", "elapsed": 821.857229, "delta": 7.54996}}
{"target": 44.533855706985506, "params": {"x0": 0.9219807456097071, "x1": 0.9487282916322957, "x2": 0.0, "x3": 0.8377559186505411, "x4": 1.6573874565953242, "x5": 0.17376882073931954, "x6": 1.6738897830726043, "x7": 7.90489606781942, "x8": 0.9058973998764726, "x9": 1.3412890087540799}, "datetime": {"datetime": "2025-05-14 19:12:22", "elapsed": 829.440702, "delta": 7.583473}}
{"target": 44.70628567496879, "params": {"x0": 0.9225928025262881, "x1": 0.9495865655948261, "x2": 0.0, "x3": 0.8389687703610774, "x4": 1.6589936961616727, "x5": 0.17173534779359373, "x6": 1.6706245621252567, "x7": 7.725584834168888, "x8": 0.906885850540188, "x9": 1.3399274542571018}, "datetime": {"datetime": "2025-05-14 19:12:30", "elapsed": 837.202602, "delta": 7.7619}}
{"target": 44.94502876073398, "params": {"x0": 0.923204859442869, "x1": 0.9489857738210548, "x2": 0.0, "x3": 0.838119774163702, "x4": 1.6605999357280212, "x5": 0.16970187484786792, "x6": 1.667359341177909, "x7": 7.546273600518356, "x8": 0.9058973998764726, "x9": 1.3385658997601237}, "datetime": {"datetime": "2025-05-14 19:12:38", "elapsed": 844.887393, "delta": 7.684791}}
{"target": 44.97593055757248, "params": {"x0": 0.92381691635945, "x1": 0.9494063280626946, "x2": 0.0, "x3": 0.8387140715018647, "x4": 1.6622061752943698, "x5": 0.1676684019021421, "x6": 1.6706245621252567, "x7": 7.366962366867824, "x8": 0.9065893153410733, "x9": 1.3372043452631457}, "datetime": {"datetime": "2025-05-14 19:12:45", "elapsed": 852.481626, "delta": 7.594233}}
