{"target": 45.028977544600835, "params": {"x0": 0.9244289732760309, "x1": 0.9491119400935467, "x2": 0.0, "x3": 0.8382980633651508, "x4": 1.6638124148607183, "x5": 0.1656349289564163, "x6": 1.6683389074621133, "x7": 7.187651133217292, "x8": 0.9061049745158527, "x9": 1.3358427907661676}, "datetime": {"datetime": "2025-05-14 19:12:53", "elapsed": 860.217762, "delta": 7.736136}}
{"target": 44.99293742646536, "params": {"x0": 0.9250410301926119, "x1": 0.9489058685151431, "x2": 0.0, "x3": 0.838006857669451, "x4": 1.6654186544270668, "x5": 0.16360145601069048, "x6": 1.666738949197913, "x7": 7.00833989956676, "x8": 0.9057659359381983, "x9": 1.3344812362691896}, "datetime": {"datetime": "2025-05-14 19:13:01", "elapsed": 867.868221, "delta": 7.650459}}
{"target": 45.01722354007193, "params": {"x0": 0.9249798245009537, "x1": 0.9489264756729835, "x2": 0.0, "x3": 0.838035978239021, "x4": 1.665258030470432, "x5": 0.16380480330526306, "x6": 1.666898945024333, "x7": 7.349031243502771, "x8": 0.9057998397959637, "x9": 1.3346173917188875}, "datetime": {"datetime": "2025-05-14 19:13:09", "elapsed": 875.627791, "delta": 7.75957}}
{"target": 45.02755988605257, "params": {"x0": 0.9249247393784614, "x1": 0.9489450221150398, "x2": 0.0, "x3": 0.8380621867516339, "x4": 1.6651134689094607, "x5": 0.1672820420424542, "x6": 1.6670429412681111, "x7": 7.1673662674453364, "x8": 0.9058303532679526, "x9": 1.3347399316236155}, "datetime": {"datetime": "2025-05-14 19:13:16", "elapsed": 883.536244, "delta": 7.908453}}
{"target": 45.028353309416, "params": {"x0": 0.9239827837838434, "x1": 0.9489617139128905, "x2": 0.00037818098314482563, "x3": 0.8380857744129856, "x4": 1.6626414662168503, "x5": 0.16415252717898218, "x6": 1.6671725378875113, "x7": 7.170455638781307, "x8": 0.9058578153927427, "x9": 1.3368353639944646}, "datetime": {"datetime": "2025-05-14 19:13:25", "elapsed": 891.742619, "delta": 8.206375}}
{"target": 45.02989600004452, "params": {"x0": 0.9248305438189997, "x1": 0.9489767365309562, "x2": 0.0, "x3": 0.8381070033082022, "x4": 1.662758561081237, "x5": 0.16430076735672558, "x6": 1.6672891748449714, "x7": 7.22984889284827, "x8": 0.9058825313050537, "x9": 1.3349494748607003}, "datetime": {"datetime": "2025-05-14 19:13:33", "elapsed": 899.986666, "delta": 8.244047}}
{"target": 45.02659786912156, "params": {"x0": 0.9251718787805231, "x1": 0.9488618135027541, "x2": 0.0, "x3": 0.8379446022597958, "x4": 1.6618627853686778, "x5": 0.16316672999698847, "x6": 1.6663969021204008, "x7": 7.153911140916568, "x8": 0.9056934545758745, "x9": 1.334190156341053}, "datetime": {"datetime": "2025-05-14 19:13:41", "elapsed": 907.999269, "delta": 8.012603}}
{"target": 45.02742219621582, "params": {"x0": 0.9251377452843708, "x1": 0.9488733058055744, "x2": 0.0, "x3": 0.8379608423646365, "x4": 1.6619523629399338, "x5": 0.16328013373296218, "x6": 1.666486129392858, "x7": 7.272546180220613, "x8": 0.9057123622487924, "x9": 1.3342660881930177}, "datetime": {"datetime": "2025-05-14 19:13:49", "elapsed": 916.102908, "delta": 8.103639}}
{"target": 45.02972975719474, "params": {"x0": 0.9251070251378336, "x1": 0.9488836488781125, "x2": 0.0, "x3": 0.837975458458993, "x4": 1.66348413940841, "x5": 0.16338219709533852, "x6": 1.6665664339380692, "x7": 7.23205045378666, "x8": 0.9057293791544185, "x9": 1.3355645228616144}, "datetime": {"datetime": "2025-05-14 19:13:58", "elapsed": 924.713821, "delta": 8.610913}}
{"target": 45.02659786912156, "params": {"x0": 0.9250793770059502, "x1": 0.9488929576433969, "x2": 0.0, "x3": 0.837988612943914, "x4": 1.6621055405867815, "x5": 0.16347405412147722, "x6": 1.6666387080287595, "x7": 7.154199394715616, "x8": 0.905744694369482, "x9": 1.3343959316598775}, "datetime": {"datetime": "2025-05-14 19:14:05", "elapsed": 932.478805, "delta": 7.764984}}
{"target": 45.02889595201257, "params": {"x0": 0.9246065939507441, "x1": 0.9489013355321528, "x2": 0.0, "x3": 0.8380004519803428, "x4": 1.662170842636227, "x5": 0.16504480926844908, "x6": 1.6667037547103807, "x7": 7.253464588905507, "x8": 0.9057584780630392, "x9": 1.3344512859799598}, "datetime": {"datetime": "2025-05-14 19:14:14", "elapsed": 940.870322, "delta": 8.391517}}
{"target": 45.02755988605257, "params": {"x0": 0.9246289889375696, "x1": 0.9489088756320332, "x2": 0.0, "x3": 0.8380111071131288, "x4": 1.663287507681746, "x5": 0.16363112963617443, "x6": 1.6667622967238398, "x7": 7.16857279936082, "x8": 0.9057708833872407, "x9": 1.3345011048680337}, "datetime": {"datetime": "2025-05-14 19:14:22", "elapsed": 948.790894, "delta": 7.920572}}
{"target": 45.02742219621582, "params": {"x0": 0.9246491444257127, "x1": 0.9489156617219254, "x2": 0.0, "x3": 0.8380206967326361, "x4": 1.663234613021695, "x5": 0.16369809340822952, "x6": 1.666814984535953, "x7": 7.273474383824155, "x8": 0.905782048179022, "x9": 1.3345459418673005}, "datetime": {"datetime": "2025-05-14 19:14:30", "elapsed": 956.893454, "delta": 8.10256}}
{"target": 45.028977544600835, "params": {"x0": 0.9249938032729579, "x1": 0.9489217692028286, "x2": 0.0, "x3": 0.8380293273901926, "x4": 1.6631870078276494, "x5": 0.164843173910372, "x6": 1.6668624035668547, "x7": 7.180215257123436, "x8": 0.9057920964916252, "x9": 1.3345862951666405}, "datetime": {"datetime": "2025-05-14 19:14:38", "elapsed": 964.691405, "delta": 7.797951}}
{"target": 45.029385589516714, "params": {"x0": 0.9249774773275621, "x1": 0.9489272659356413, "x2": 0.00013186355527842225, "x3": 0.8380370949819936, "x4": 1.663144163153008, "x5": 0.16381260145844379, "x6": 1.6669050806946664, "x7": 7.243439058073821, "x8": 0.905801139972968, "x9": 1.3352763365853542}, "datetime": {"datetime": "2025-05-14 19:14:46", "elapsed": 972.951855, "delta": 8.26045}}
{"target": 45.028977544600835, "params": {"x0": 0.9246983036612935, "x1": 0.9489322129951728, "x2": 0.0, "x3": 0.8380440858146145, "x4": 1.6631056029458309, "x5": 0.16386141804827195, "x6": 1.666943490109697, "x7": 7.189645647911154, "x8": 0.9058092791061766, "x9": 1.3346552993085117}, "datetime": {"datetime": "2025-05-14 19:14:54", "elapsed": 980.732354, "delta": 7.780499}}
{"target": 45.028242553196726, "params": {"x0": 0.9249495599609352, "x1": 0.9489366653487511, "x2": 0.0, "x3": 0.8380503775639733, "x4": 1.6630708987593716, "x5": 0.16390535297911732, "x6": 1.6669780585832243, "x7": 7.266031813291674, "x8": 0.9058166043260643, "x9": 1.3346847168637306}, "datetime": {"datetime": "2025-05-14 19:15:01", "elapsed": 988.479255, "delta": 7.746901}}
{"target": 45.02946245755158, "params": {"x0": 0.9249376583467417, "x1": 0.9489406724669717, "x2": 0.0, "x3": 0.8380560401383962, "x4": 1.6624774571709158, "x5": 0.164656640296573, "x6": 1.667009170209399, "x7": 7.197284264449206, "x8": 0.9058231970239632, "x9": 1.3347111926634276}, "datetime": {"datetime": "2025-05-14 19:15:09", "elapsed": 996.261971, "delta": 7.782716}}
{"target": 45.02889595201257, "params": {"x0": 0.9249269468939675, "x1": 0.9489442788733701, "x2": 0.0, "x3": 0.8380611364553767, "x4": 1.663011554600526, "x5": 0.1639804817108629, "x6": 1.6670371706729563, "x7": 7.255250789758133, "x8": 0.9058291304520723, "x9": 1.3351639288382458}, "datetime": {"datetime": "2025-05-14 19:15:17", "elapsed": 1004.365245, "delta": 8.103274}}
{"target": 45.029761119276166, "params": {"x0": 0.9249173065864706, "x1": 0.9489475246391287, "x2": 0.0, "x3": 0.8380657231406593, "x4": 1.662986255248597, "x5": 0.16401251027544916, "x6": 1.6670623710901578, "x7": 7.203471543845028, "x8": 0.9058344705373704, "x9": 1.335142483440491}, "datetime": {"datetime": "2025-05-14 19:15:25", "elapsed": 1012.443588, "delta": 8.078343}}
{"target": 45.02889595201257, "params": {"x0": 0.9249086303097236, "x1": 0.9489504458283115, "x2": 0.0, "x3": 0.8380698511574136, "x4": 1.6625536363306128, "x5": 0.16456019872987435, "x6": 1.6670850514656392, "x7": 7.2535885069511865, "x8": 0.9058392766141388, "x9": 1.3347757671388885}, "datetime": {"datetime": "2025-05-14 19:15:33", "elapsed": 1020.249125, "delta": 7.805537}}
{"target": 45.029761119276166, "params": {"x0": 0.9249008216606512, "x1": 0.9489530748985759, "x2": 0.0, "x3": 0.8380735663724924, "x4": 1.6629429933567987, "x5": 0.16406727912089167, "x6": 1.6671054638035725, "x7": 7.208483240155644, "x8": 0.9058436020832302, "x9": 1.3347931379110696}, "datetime": {"datetime": "2025-05-14 19:15:41", "elapsed": 1028.093594, "delta": 7.844469}}
{"target": 45.02990873479244, "params": {"x0": 0.9247672937615132, "x1": 0.948955441061814, "x2": 0.0, "x3": 0.8380769100660634, "x4": 1.6629245501292425, "x5": 0.16409062794447507, "x6": 1.6671238349077122, "x7": 7.210619805424907, "x8": 0.9058474950054126, "x9": 1.3348087716060326}, "datetime": {"datetime": "2025-05-14 19:15:49", "elapsed": 1035.84764, "delta": 7.754046}}
{"target": 45.02946245755158, "params": {"x0": 0.9247135312126498, "x1": 0.9489373399130431, "x2": 0.0, "x3": 0.8380513308102455, "x4": 1.663065640820047, "x5": 0.16391200944406215, "x6": 1.666983295961042, "x7": 7.194275081115048, "x8": 0.9058177141507177, "x9": 1.3346891738395652}, "datetime": {"datetime": "2025-05-14 19:15:56", "elapsed": 1043.489524, "delta": 7.641884}}
{"target": 45.02946245755158, "params": {"x0": 0.9247189074675362, "x1": 0.9489391500279202, "x2": 0.0, "x3": 0.8380538887358273, "x4": 1.6630515317509666, "x5": 0.16392987129410344, "x6": 1.666997349855709, "x7": 7.195909553546034, "x8": 0.9058206922361872, "x9": 1.334701133616212}, "datetime": {"datetime": "2025-05-14 19:16:04", "elapsed": 1051.139423, "delta": 7.649899}}
{"target": 45.02946245755158, "params": {"x0": 0.9247237460969339, "x1": 0.9489407791313095, "x2": 0.0, "x3": 0.8380561908688509, "x4": 1.6630388335887942, "x5": 0.1639459469591406, "x6": 1.6670099983609092, "x7": 7.197380578733921, "x8": 0.9058233725131097, "x9": 1.334711897415194}, "datetime": {"datetime": "2025-05-14 19:16:12", "elapsed": 1058.913412, "delta": 7.773989}}
{"target": 45.02946245755158, "params": {"x0": 0.9247281008633917, "x1": 0.94894224532436, "x2": 0.0, "x3": 0.8380582627885722, "x4": 1.663027405242839, "x5": 0.16396041505767403, "x6": 1.6670213820155897, "x7": 7.19870450140302, "x8": 0.90582578476234, "x9": 1.334721584834278}, "datetime": {"datetime": "2025-05-14 19:16:19", "elapsed": 1066.591175, "delta": 7.677763}}
{"target": 45.02989600004452, "params": {"x0": 0.9247320201532039, "x1": 0.9489435648981054, "x2": 0.0, "x3": 0.8380601275163213, "x4": 1.6630171197314794, "x5": 0.16397343634635414, "x6": 1.6670316273048018, "x7": 7.221343579044605, "x8": 0.9058279557866472, "x9": 1.3347303035114533}, "datetime": {"datetime": "2025-05-14 19:16:27", "elapsed": 1074.357724, "delta": 7.766549}}
{"target": 45.029761119276166, "params": {"x0": 0.9247355475140349, "x1": 0.9489447525144762, "x2": 0.0, "x3": 0.8380618057712955, "x4": 1.6630078627712557, "x5": 0.16398515550616624, "x6": 1.667040848065093, "x7": 7.200968409167178, "x8": 0.9058299097085238, "x9": 1.3347381503209113}, "datetime": {"datetime": "2025-05-14 19:16:35", "elapsed": 1082.036049, "delta": 7.678325}}
{"target": 45.02990873479244, "params": {"x0": 0.9247387221387827, "x1": 0.94894582136921, "x2": 0.0, "x3": 0.8380633162007723, "x4": 1.6629995315070545, "x5": 0.1639957027499971, "x6": 1.667049146749355, "x7": 7.219306062056862, "x8": 0.9058316682382127, "x9": 1.3347452124494235}, "datetime": {"datetime": "2025-05-14 19:16:43", "elapsed": 1089.708511, "delta": 7.672462}}
{"target": 45.029761119276166, "params": {"x0": 0.9247415793010557, "x1": 0.9489467833384704, "x2": 0.0, "x3": 0.8380646755873014, "x4": 1.6629920333692731, "x5": 0.1640051952694449, "x6": 1.6670566155651905, "x7": 7.202802174456147, "x8": 0.9058332509149327, "x9": 1.3347515683650844}, "datetime": {"datetime": "2025-05-14 19:16:50", "elapsed": 1097.424685, "delta": 7.716174}}
{"target": 45.02990873479244, "params": {"x0": 0.9247441507471015, "x1": 0.9489476491108048, "x2": 0.0, "x3": 0.8380658990351776, "x4": 1.6629852850452702, "x5": 0.16401373853694792, "x6": 1.6670633374994428, "x7": 7.2176556732967905, "x8": 0.9058346753239807, "x9": 1.3347572886891792}, "datetime": {"datetime": "2025-05-14 19:16:58", "elapsed": 1105.401747, "delta": 7.977062}}
{"target": 45.02990873479244, "params": {"x0": 0.9247464650485426, "x1": 0.9489484283059056, "x2": 0.0, "x3": 0.8380670001382662, "x4": 1.6629792115536675, "x5": 0.16402142747770065, "x6": 1.6670693872402698, "x7": 7.216952086509602, "x8": 0.9058359572921239, "x9": 1.3347624369808646}, "datetime": {"datetime": "2025-05-14 19:17:06", "elapsed": 1113.172434, "delta": 7.770687}}
{"target": 45.029761119276166, "params": {"x0": 0.9247485479198397, "x1": 0.9489491295814965, "x2": 0.0, "x3": 0.8380679911310459, "x4": 1.6629737454112248, "x5": 0.1640283475243781, "x6": 1.667074832007014, "x7": 7.204920752448681, "x8": 0.9058371110634528, "x9": 1.3347670704433814}, "datetime": {"datetime": "2025-05-14 19:17:14", "elapsed": 1120.882368, "delta": 7.709934}}
{"target": 45.029761119276166, "params": {"x0": 0.9247504225040071, "x1": 0.9489497607295282, "x2": 0.0, "x3": 0.8380688830245476, "x4": 1.6629688258830266, "x5": 0.16403457556638779, "x6": 1.6670797322970838, "x7": 7.205490657746303, "x8": 0.9058381494576487, "x9": 1.3347712405596464}, "datetime": {"datetime": "2025-05-14 19:17:22", "elapsed": 1128.677636, "delta": 7.795268}}
{"target": 45.02990873479244, "params": {"x0": 0.9247521096297577, "x1": 0.9489503287627569, "x2": 0.0, "x3": 0.8380696857286992, "x4": 1.6629643983076483, "x5": 0.16404018080419652, "x6": 1.6670841425581466, "x7": 7.21523603833565, "x8": 0.9058390840124251, "x9": 1.334774993664285}, "datetime": {"datetime": "2025-05-14 19:17:29", "elapsed": 1136.484014, "delta": 7.806378}}
{"target": 45.029761119276166, "params": {"x0": 0.9247536280429333, "x1": 0.9489508399926625, "x2": 0.0, "x3": 0.8380704081624357, "x4": 1.6629604134898077, "x5": 0.16404522551822437, "x6": 1.6670881117931031, "x7": 7.2064651958052375, "x8": 0.9058399251117238, "x9": 1.3347783714584598}, "datetime": {"datetime": "2025-05-14 19:17:37", "elapsed": 1144.155752, "delta": 7.671738}}
{"target": 45.02990873479244, "params": {"x0": 0.9247549946147913, "x1": 0.9489513000995776, "x2": 0.0, "x3": 0.8380710583527985, "x4": 1.6629568271537511, "x5": 0.16404976576084945, "x6": 1.667091684104564, "x7": 7.214358954082608, "x8": 0.9058406821010927, "x9": 1.334781411473217}, "datetime": {"datetime": "2025-05-14 19:17:45", "elapsed": 1152.103444, "delta": 7.947692}}
{"target": 45.029761119276166, "params": {"x0": 0.9247562245294635, "x1": 0.9489517141958013, "x2": 0.0, "x3": 0.838071643524125, "x4": 1.6629535994513003, "x5": 0.164053851979212, "x6": 1.6670948991848789, "x7": 7.207254571632975, "x8": 0.9058413633915248, "x9": 1.3347841474864988}, "datetime": {"datetime": "2025-05-14 19:17:53", "elapsed": 1159.791778, "delta": 7.688334}}
{"target": 45.02990873479244, "params": {"x0": 0.9247573314526685, "x1": 0.9489520868824025, "x2": 0.0, "x3": 0.8380721701783188, "x4": 1.6629506945190944, "x5": 0.1640575295757383, "x6": 1.6670977927571622, "x7": 7.2136485158376455, "x8": 0.9058419765529135, "x9": 1.334786609898452}, "datetime": {"datetime": "2025-05-14 19:18:00", "elapsed": 1167.544218, "delta": 7.75244}}
{"target": 45.02990873479244, "params": {"x0": 0.9247583276835529, "x1": 0.9489524223003437, "x2": 0.0, "x3": 0.8380726441670933, "x4": 1.6629480800801093, "x5": 0.164060839412612, "x6": 1.6671003969722171, "x7": 7.213345644796371, "x8": 0.9058425283981635, "x9": 1.33478882606921}, "datetime": {"datetime": "2025-05-14 19:18:08", "elapsed": 1175.308858, "delta": 7.76464}}
{"target": 45.029761119276166, "params": {"x0": 0.9247592242913489, "x1": 0.9489527241764907, "x2": 0.0, "x3": 0.8380730707569902, "x4": 1.6629457270850225, "x5": 0.1640638182657983, "x6": 1.6671027407657668, "x7": 7.2081665499905885, "x8": 0.9058430250588884, "x9": 1.3347908206228924}, "datetime": {"datetime": "2025-05-14 19:18:16", "elapsed": 1183.009247, "delta": 7.700389}}
{"target": 45.029761119276166, "params": {"x0": 0.9247600312383654, "x1": 0.948952995865023, "x2": 0.0, "x3": 0.8380734546878976, "x4": 1.6629436093894445, "x5": 0.16406649923366598, "x6": 1.6671048501799612, "x7": 7.20841187553402, "x8": 0.9058434720535408, "x9": 1.3347926157212064}, "datetime": {"datetime": "2025-05-14 19:18:24", "elapsed": 1190.739203, "delta": 7.729956}}
{"target": 45.02990873479244, "params": {"x0": 0.9247607574906802, "x1": 0.9489532403847022, "x2": 0.0, "x3": 0.8380738002257142, "x4": 1.6629417034634244, "x5": 0.1640689121047469, "x6": 1.6671067486527364, "x7": 7.212606942326705, "x8": 0.9058438743487279, "x9": 1.334794231309689}, "datetime": {"datetime": "2025-05-14 19:18:31", "elapsed": 1198.47112, "delta": 7.731917}}
{"target": 45.02990873479244, "params": {"x0": 0.9247614111177634, "x1": 0.9489534604524134, "x2": 0.0, "x3": 0.8380741112097491, "x4": 1.6629399881300062, "x5": 0.1640710836887197, "x6": 1.667108457278234, "x7": 7.212408228636525, "x8": 0.9058442364143964, "x9": 1.3347956853393235}, "datetime": {"datetime": "2025-05-14 19:18:39", "elapsed": 1206.201589, "delta": 7.730469}}
{"target": 45.029761119276166, "params": {"x0": 0.9247619993821384, "x1": 0.9489536585133533, "x2": 0.0, "x3": 0.8380743910953805, "x4": 1.6629384443299298, "x5": 0.16407303811429524, "x6": 1.6671099950411818, "x7": 7.209010224534451, "x8": 0.9058445622734981, "x9": 1.3347969939659943}, "datetime": {"datetime": "2025-05-14 19:18:47", "elapsed": 1214.052853, "delta": 7.851264}}
{"target": 45.02990873479244, "params": {"x0": 0.9247625288200759, "x1": 0.9489538367681994, "x2": 0.0, "x3": 0.8380746429924488, "x4": 1.662937054909861, "x5": 0.1640747970973132, "x6": 1.667111379027835, "x7": 7.212068428226317, "x8": 0.9058448555466895, "x9": 1.3347981717299982}, "datetime": {"datetime": "2025-05-14 19:18:55", "elapsed": 1221.707138, "delta": 7.654285}}
{"target": 45.029761119276166, "params": {"x0": 0.9247630053142196, "x1": 0.9489539971975609, "x2": 0.0, "x3": 0.8380748696998103, "x4": 1.6629358044317992, "x5": 0.1640763801820294, "x6": 1.6671126246158225, "x7": 7.2093160449036375, "x8": 0.9058451194925619, "x9": 1.3347992317176016}, "datetime": {"datetime": "2025-05-14 19:19:02", "elapsed": 1229.502346, "delta": 7.795208}}
{"target": 45.02990873479244, "params": {"x0": 0.9247711533640774, "x1": 0.9489541415839862, "x2": 0.0, "x3": 0.8380750737364356, "x4": 1.6629346790015436, "x5": 0.16407780495827398, "x6": 1.6671137456450116, "x7": 7.211793189894049, "x8": 0.9058453570438469, "x9": 1.3348001857064447}, "datetime": {"datetime": "2025-05-14 19:19:10", "elapsed": 1237.232258, "delta": 7.729912}}
{"target": 45.029761119276166, "params": {"x0": 0.924770767403821, "x1": 0.9489542715317689, "x2": 0.0, "x3": 0.8380752573693984, "x4": 1.6629336661143135, "x5": 0.16407908725689407, "x6": 1.6671147545712817, "x7": 7.209563759402679, "x8": 0.9058455708400035, "x9": 1.3348010442964036}, "datetime": {"datetime": "2025-05-14 19:19:18", "elapsed": 1245.000943, "delta": 7.768685}}
{"target": 45.02990873479244, "params": {"x0": 0.9247704200395902, "x1": 0.9489543884847734, "x2": 0.0, "x3": 0.8380754226390649, "x4": 1.6629327545158064, "x5": 0.1640802413256522, "x6": 1.6671156626049246, "x7": 7.211570246829835, "x8": 0.9058457632565444, "x9": 1.3348018170273663}, "datetime": {"datetime": "2025-05-14 19:19:26", "elapsed": 1252.934304, "delta": 7.933361}}
{"target": 45.02990873479244, "params": {"x0": 0.9247701074117826, "x1": 0.9489544937424775, "x2": 0.0, "x3": 0.8380755713817647, "x4": 1.66293193407715, "x5": 0.16408127998753447, "x6": 1.6671164798352034, "x7": 7.211475202702911, "x8": 0.9058459364314312, "x9": 1.334802512485233}, "datetime": {"datetime": "2025-05-14 19:19:34", "elapsed": 1260.756019, "delta": 7.821715}}
{"target": 45.02990873479244, "params": {"x0": 0.9247698260467556, "x1": 0.9489545884744112, "x2": 0.0, "x3": 0.8380757052501946, "x4": 1.6629311956823591, "x5": 0.16408221478322854, "x6": 1.6671172153424543, "x7": 7.211389662975111, "x8": 0.9058460922888294, "x9": 1.334803138397313}, "datetime": {"datetime": "2025-05-14 19:19:41", "elapsed": 1268.467445, "delta": 7.711426}}
{"target": 45.02990873479244, "params": {"x0": 0.9247695728182314, "x1": 0.9489546737331515, "x2": 0.0, "x3": 0.8380758257317815, "x4": 1.6629305311270475, "x5": 0.1640830560993532, "x6": 1.66711787729898, "x7": 7.21131267696387, "x8": 0.9058462325604877, "x9": 1.3348037017181849}, "datetime": {"datetime": "2025-05-14 19:19:50", "elapsed": 1276.873897, "delta": 8.406452}}
{"target": 45.02990873479244, "params": {"x0": 0.9247693449125596, "x1": 0.9489547504660177, "x2": 0.0, "x3": 0.8380759341652096, "x4": 1.662929933027267, "x5": 0.16408381328386537, "x6": 1.6671184730598534, "x7": 7.211243390033165, "x8": 0.9058463588049802, "x9": 1.3348042087069698}, "datetime": {"datetime": "2025-05-14 19:19:58", "elapsed": 1285.278805, "delta": 8.404908}}
{"target": 45.02990873479244, "params": {"x0": 0.9247691397974549, "x1": 0.9489548195255973, "x2": 0.0, "x3": 0.8380760317552951, "x4": 1.6629293947374646, "x5": 0.16408449474992634, "x6": 1.6671190092446393, "x7": 7.211181031579006, "x8": 0.9058464724250234, "x9": 1.334804664996876}, "datetime": {"datetime": "2025-05-14 19:20:06", "elapsed": 1293.526193, "delta": 8.247388}}
{"target": 45.02990873479244, "params": {"x0": 0.9247689551938607, "x1": 0.9489548816792189, "x2": 0.0, "x3": 0.838076119586372, "x4": 1.6629289102766422, "x5": 0.1640851080693812, "x6": 1.6671194918109464, "x7": 7.211124908963596, "x8": 0.9058465746830623, "x9": 1.3348050756577916}, "datetime": {"datetime": "2025-05-14 19:20:15", "elapsed": 1301.630579, "delta": 8.104386}}
{"target": 45.02990873479244, "params": {"x0": 0.924768789050626, "x1": 0.9489549376174785, "x2": 0.0, "x3": 0.838076198634341, "x4": 1.6629284742619024, "x5": 0.1640856600568906, "x6": 1.667119926120623, "x7": 7.2110743986097265, "x8": 0.9058466667152973, "x9": 1.3348054452526157}, "datetime": {"datetime": "2025-05-14 19:20:23", "elapsed": 1309.885859, "delta": 8.25528}}
