{"target": 45.02990873479244, "params": {"x0": 0.9247672937615131, "x1": 0.948955441061814, "x2": 6.741071944351642e-17, "x3": 0.8380769100660634, "x4": 1.6629245501292425, "x5": 0.16409062794447485, "x6": 1.6671238349077122, "x7": 7.210619805424913, "x8": 0.9058474950054126, "x9": 1.3348087716060328}, "datetime": {"datetime": "2025-05-14 19:53:45", "elapsed": 3311.944009, "delta": 10.712781}}
{"target": 45.02990873479244, "params": {"x0": 0.9247672937615132, "x1": 0.948955441061814, "x2": 7.395488207558286e-17, "x3": 0.8380769100660634, "x4": 1.6629245501292425, "x5": 0.16409062794447513, "x6": 1.6671238349077122, "x7": 7.210619805424887, "x8": 0.9058474950054126, "x9": 1.3348087716060326}, "datetime": {"datetime": "2025-05-14 19:53:55", "elapsed": 3322.270032, "delta": 10.326023}}
{"target": 45.02990873479244, "params": {"x0": 0.9247672937615132, "x1": 0.948955441061814, "x2": 6.132656804132515e-17, "x3": 0.8380769100660634, "x4": 1.6629245501292427, "x5": 0.164090627944475, "x6": 1.6671238349077124, "x7": 7.210619805424924, "x8": 0.9058474950054126, "x9": 1.3348087716060324}, "datetime": {"datetime": "2025-05-14 19:54:05", "elapsed": 3331.920409, "delta": 9.650377}}
{"target": 45.02990873479244, "params": {"x0": 0.9247672937615132, "x1": 0.948955441061814, "x2": 5.819680020361471e-17, "x3": 0.8380769100660634, "x4": 1.6629245501292427, "x5": 0.16409062794447488, "x6": 1.667123834907712, "x7": 7.210619805424893, "x8": 0.9058474950054126, "x9": 1.3348087716060328}, "datetime": {"datetime": "2025-05-14 19:54:15", "elapsed": 3342.310524, "delta": 10.390115}}
{"target": 45.02990873479244, "params": {"x0": 0.9247672937615132, "x1": 0.948955441061814, "x2": 4.697521901041114e-18, "x3": 0.8380769100660634, "x4": 1.6629245501292422, "x5": 0.16409062794447526, "x6": 1.6671238349077122, "x7": 7.210619805424899, "x8": 0.9058474950054126, "x9": 1.3348087716060328}, "datetime": {"datetime": "2025-05-14 19:54:26", "elapsed": 3352.791738, "delta": 10.481214}}
{"target": 45.02990873479244, "params": {"x0": 0.9247672937615132, "x1": 0.948955441061814, "x2": 2.474321681168707e-17, "x3": 0.8380769100660634, "x4": 1.6629245501292427, "x5": 0.1640906279444751, "x6": 1.667123834907712, "x7": 7.210619805424911, "x8": 0.9058474950054126, "x9": 1.3348087716060324}, "datetime": {"datetime": "2025-05-14 19:54:37", "elapsed": 3364.043362, "delta": 11.251624}}
{"target": 45.02990873479244, "params": {"x0": 0.9247672937615132, "x1": 0.948955441061814, "x2": 3.794825859533482e-17, "x3": 0.8380769100660634, "x4": 1.6629245501292427, "x5": 0.1640906279444749, "x6": 1.6671238349077124, "x7": 7.210619805424899, "x8": 0.9058474950054126, "x9": 1.3348087716060326}, "datetime": {"datetime": "2025-05-14 19:54:47", "elapsed": 3374.185231, "delta": 10.141869}}
{"target": 45.02990873479244, "params": {"x0": 0.9247672937615132, "x1": 0.948955441061814, "x2": 5.208701042027407e-19, "x3": 0.8380769100660634, "x4": 1.6629245501292425, "x5": 0.16409062794447496, "x6": 1.667123834907712, "x7": 7.210619805424918, "x8": 0.9058474950054126, "x9": 1.3348087716060326}, "datetime": {"datetime": "2025-05-14 19:54:57", "elapsed": 3384.295135, "delta": 10.109904}}
{"target": 45.02990873479244, "params": {"x0": 0.9247672937615132, "x1": 0.948955441061814, "x2": 3.503896516916917e-17, "x3": 0.8380769100660634, "x4": 1.6629245501292425, "x5": 0.16409062794447504, "x6": 1.6671238349077122, "x7": 7.210619805424912, "x8": 0.9058474950054126, "x9": 1.3348087716060326}, "datetime": {"datetime": "2025-05-14 19:55:08", "elapsed": 3394.75038, "delta": 10.455245}}
{"target": 45.02990873479244, "params": {"x0": 0.9247672937615132, "x1": 0.948955441061814, "x2": 4.4418353063104004e-18, "x3": 0.8380769100660634, "x4": 1.6629245501292425, "x5": 0.164090627944475, "x6": 1.6671238349077122, "x7": 7.210619805424912, "x8": 0.9058474950054126, "x9": 1.3348087716060326}, "datetime": {"datetime": "2025-05-14 19:55:18", "elapsed": 3404.872974, "delta": 10.122594}}
{"target": 45.02990873479244, "params": {"x0": 0.9247672937615132, "x1": 0.948955441061814, "x2": 1.5560923707250346e-17, "x3": 0.8380769100660634, "x4": 1.6629245501292425, "x5": 0.16409062794447501, "x6": 1.6671238349077122, "x7": 7.210619805424901, "x8": 0.9058474950054126, "x9": 1.3348087716060326}, "datetime": {"datetime": "2025-05-14 19:55:28", "elapsed": 3414.692634, "delta": 9.81966}}
{"target": 45.02990873479244, "params": {"x0": 0.9247672937615132, "x1": 0.948955441061814, "x2": 5.009924033204525e-18, "x3": 0.8380769100660634, "x4": 1.6629245501292425, "x5": 0.16409062794447518, "x6": 1.6671238349077122, "x7": 7.210619805424899, "x8": 0.9058474950054126, "x9": 1.3348087716060326}, "datetime": {"datetime": "2025-05-14 19:55:39", "elapsed": 3425.636089, "delta": 10.943455}}
{"target": 45.02990873479244, "params": {"x0": 0.9247672937615132, "x1": 0.948955441061814, "x2": 1.3564699425278282e-17, "x3": 0.8380769100660634, "x4": 1.6629245501292425, "x5": 0.16409062794447507, "x6": 1.6671238349077122, "x7": 7.2106198054248996, "x8": 0.9058474950054126, "x9": 1.3348087716060326}, "datetime": {"datetime": "2025-05-14 19:55:49", "elapsed": 3435.906533, "delta": 10.270444}}
{"target": 45.02990873479244, "params": {"x0": 0.9247672937615132, "x1": 0.948955441061814, "x2": 1.578002587824283e-17, "x3": 0.8380769100660634, "x4": 1.6629245501292425, "x5": 0.16409062794447501, "x6": 1.6671238349077122, "x7": 7.210619805424912, "x8": 0.9058474950054126, "x9": 1.3348087716060326}, "datetime": {"datetime": "2025-05-14 19:56:00", "elapsed": 3447.147776, "delta": 11.241243}}
{"target": 45.02990873479244, "params": {"x0": 0.9247672937615132, "x1": 0.948955441061814, "x2": 1.274514692756517e-17, "x3": 0.8380769100660634, "x4": 1.6629245501292425, "x5": 0.16409062794447507, "x6": 1.6671238349077122, "x7": 7.210619805424907, "x8": 0.9058474950054126, "x9": 1.3348087716060326}, "datetime": {"datetime": "2025-05-14 19:56:10", "elapsed": 3457.317103, "delta": 10.169327}}
{"target": 45.02990873479244, "params": {"x0": 0.9247672937615132, "x1": 0.948955441061814, "x2": 1.0693047261968641e-17, "x3": 0.8380769100660634, "x4": 1.6629245501292425, "x5": 0.1640906279444751, "x6": 1.6671238349077122, "x7": 7.210619805424908, "x8": 0.9058474950054126, "x9": 1.3348087716060326}, "datetime": {"datetime": "2025-05-14 19:56:20", "elapsed": 3467.193321, "delta": 9.876218}}
{"target": 45.02990873479244, "params": {"x0": 0.9247672937615132, "x1": 0.948955441061814, "x2": 4.9579954384521655e-18, "x3": 0.8380769100660634, "x4": 1.6629245501292425, "x5": 0.16409062794447504, "x6": 1.6671238349077122, "x7": 7.210619805424906, "x8": 0.9058474950054126, "x9": 1.3348087716060326}, "datetime": {"datetime": "2025-05-14 19:56:31", "elapsed": 3477.760704, "delta": 10.567383}}
{"target": 45.02990873479244, "params": {"x0": 0.9247672937615132, "x1": 0.948955441061814, "x2": 1.3238344161238393e-17, "x3": 0.8380769100660634, "x4": 1.6629245501292425, "x5": 0.16409062794447504, "x6": 1.6671238349077122, "x7": 7.210619805424903, "x8": 0.9058474950054126, "x9": 1.3348087716060326}, "datetime": {"datetime": "2025-05-14 19:56:42", "elapsed": 3488.662385, "delta": 10.901681}}
{"target": 45.02990873479244, "params": {"x0": 0.9247672937615132, "x1": 0.948955441061814, "x2": 9.363383696577597e-18, "x3": 0.8380769100660634, "x4": 1.6629245501292425, "x5": 0.16409062794447507, "x6": 1.6671238349077122, "x7": 7.210619805424907, "x8": 0.9058474950054126, "x9": 1.3348087716060326}, "datetime": {"datetime": "2025-05-14 19:56:52", "elapsed": 3498.649186, "delta": 9.986801}}
{"target": 45.02990873479244, "params": {"x0": 0.9247672937615132, "x1": 0.948955441061814, "x2": 4.155880589822464e-18, "x3": 0.8380769100660634, "x4": 1.6629245501292425, "x5": 0.16409062794447513, "x6": 1.6671238349077122, "x7": 7.210619805424905, "x8": 0.9058474950054126, "x9": 1.3348087716060326}, "datetime": {"datetime": "2025-05-14 19:57:02", "elapsed": 3509.149236, "delta": 10.50005}}
{"target": 45.02990873479244, "params": {"x0": 0.9247672937615132, "x1": 0.948955441061814, "x2": 5.087448255986038e-18, "x3": 0.8380769100660634, "x4": 1.6629245501292425, "x5": 0.16409062794447507, "x6": 1.6671238349077122, "x7": 7.210619805424907, "x8": 0.9058474950054126, "x9": 1.3348087716060326}, "datetime": {"datetime": "2025-05-14 19:57:13", "elapsed": 3520.020499, "delta": 10.871263}}
{"target": 45.02990873479244, "params": {"x0": 0.9247672937615132, "x1": 0.948955441061814, "x2": 4.724594191029575e-18, "x3": 0.8380769100660634, "x4": 1.6629245501292425, "x5": 0.1640906279444751, "x6": 1.6671238349077122, "x7": 7.210619805424909, "x8": 0.9058474950054126, "x9": 1.3348087716060326}, "datetime": {"datetime": "2025-05-14 19:57:23", "elapsed": 3530.424795, "delta": 10.404296}}
{"target": 45.02990873479244, "params": {"x0": 0.9247672937615132, "x1": 0.948955441061814, "x2": 6.944634316698319e-18, "x3": 0.8380769100660634, "x4": 1.6629245501292425, "x5": 0.16409062794447507, "x6": 1.6671238349077122, "x7": 7.210619805424908, "x8": 0.9058474950054126, "x9": 1.3348087716060326}, "datetime": {"datetime": "2025-05-14 19:57:34", "elapsed": 3540.897688, "delta": 10.472893}}
{"target": 45.02990873479244, "params": {"x0": 0.9247672937615132, "x1": 0.948955441061814, "x2": 2.5313726496537232e-18, "x3": 0.8380769100660634, "x4": 1.6629245501292425, "x5": 0.16409062794447507, "x6": 1.6671238349077122, "x7": 7.210619805424908, "x8": 0.9058474950054126, "x9": 1.3348087716060326}, "datetime": {"datetime": "2025-05-14 19:57:44", "elapsed": 3551.088727, "delta": 10.191039}}
{"target": 45.02990873479244, "params": {"x0": 0.9247672937615132, "x1": 0.948955441061814, "x2": 2.5783913101421604e-18, "x3": 0.8380769100660634, "x4": 1.6629245501292425, "x5": 0.16409062794447507, "x6": 1.6671238349077122, "x7": 7.210619805424904, "x8": 0.9058474950054126, "x9": 1.3348087716060326}, "datetime": {"datetime": "2025-05-14 19:57:54", "elapsed": 3561.399274, "delta": 10.310547}}
{"target": 45.02990873479244, "params": {"x0": 0.9247672937615132, "x1": 0.948955441061814, "x2": 4.933268057288778e-18, "x3": 0.8380769100660634, "x4": 1.6629245501292425, "x5": 0.16409062794447507, "x6": 1.6671238349077122, "x7": 7.210619805424905, "x8": 0.9058474950054126, "x9": 1.3348087716060326}, "datetime": {"datetime": "2025-05-14 19:58:06", "elapsed": 3572.981656, "delta": 11.582382}}
{"target": 45.02990873479244, "params": {"x0": 0.9247672937615132, "x1": 0.948955441061814, "x2": 5.983154447464185e-19, "x3": 0.8380769100660634, "x4": 1.6629245501292425, "x5": 0.1640906279444751, "x6": 1.6671238349077122, "x7": 7.210619805424908, "x8": 0.9058474950054126, "x9": 1.3348087716060326}, "datetime": {"datetime": "2025-05-14 19:58:17", "elapsed": 3583.897151, "delta": 10.915495}}
{"target": 45.02990873479244, "params": {"x0": 0.9247672937615132, "x1": 0.948955441061814, "x2": 1.7508757687974753e-18, "x3": 0.8380769100660634, "x4": 1.6629245501292425, "x5": 0.1640906279444751, "x6": 1.6671238349077122, "x7": 7.210619805424906, "x8": 0.9058474950054126, "x9": 1.3348087716060326}, "datetime": {"datetime": "2025-05-14 19:58:28", "elapsed": 3594.870125, "delta": 10.972974}}
{"target": 45.02990873479244, "params": {"x0": 0.9247672937615132, "x1": 0.948955441061814, "x2": 4.56719178207892e-18, "x3": 0.8380769100660634, "x4": 1.6629245501292425, "x5": 0.16409062794447507, "x6": 1.6671238349077122, "x7": 7.210619805424907, "x8": 0.9058474950054126, "x9": 1.3348087716060326}, "datetime": {"datetime": "2025-05-14 19:58:38", "elapsed": 3605.210878, "delta": 10.340753}}
{"target": 45.02990873479244, "params": {"x0": 0.9247672937615132, "x1": 0.948955441061814, "x2": 4.674174651073981e-19, "x3": 0.8380769100660634, "x4": 1.6629245501292425, "x5": 0.16409062794447507, "x6": 1.6671238349077122, "x7": 7.210619805424907, "x8": 0.9058474950054126, "x9": 1.3348087716060326}, "datetime": {"datetime": "2025-05-14 19:58:49", "elapsed": 3615.721791, "delta": 10.510913}}
{"target": 45.02990873479244, "params": {"x0": 0.9247672937615132, "x1": 0.948955441061814, "x2": 2.5201142854195613e-18, "x3": 0.8380769100660634, "x4": 1.6629245501292425, "x5": 0.16409062794447507, "x6": 1.6671238349077122, "x7": 7.210619805424907, "x8": 0.9058474950054126, "x9": 1.3348087716060326}, "datetime": {"datetime": "2025-05-14 19:59:00", "elapsed": 3626.819972, "delta": 11.098181}}
{"target": 45.02990873479244, "params": {"x0": 0.9247672937615132, "x1": 0.948955441061814, "x2": 1.0909557024222496e-18, "x3": 0.8380769100660634, "x4": 1.6629245501292425, "x5": 0.16409062794447507, "x6": 1.6671238349077122, "x7": 7.2106198054249075, "x8": 0.9058474950054126, "x9": 1.3348087716060326}, "datetime": {"datetime": "2025-05-14 19:59:10", "elapsed": 3637.163287, "delta": 10.343315}}
{"target": 45.02990873479244, "params": {"x0": 0.9247672937615132, "x1": 0.948955441061814, "x2": 3.0503291302512738e-18, "x3": 0.8380769100660634, "x4": 1.6629245501292425, "x5": 0.16409062794447507, "x6": 1.6671238349077122, "x7": 7.2106198054249075, "x8": 0.9058474950054126, "x9": 1.3348087716060326}, "datetime": {"datetime": "2025-05-14 19:59:20", "elapsed": 3647.155194, "delta": 9.991907}}
{"target": 45.02990873479244, "params": {"x0": 0.9247672937615132, "x1": 0.948955441061814, "x2": 2.039340309953801e-18, "x3": 0.8380769100660634, "x4": 1.6629245501292425, "x5": 0.16409062794447507, "x6": 1.6671238349077122, "x7": 7.210619805424907, "x8": 0.9058474950054126, "x9": 1.3348087716060326}, "datetime": {"datetime": "2025-05-14 19:59:32", "elapsed": 3658.865183, "delta": 11.709989}}
{"target": 45.02990873479244, "params": {"x0": 0.9247672937615132, "x1": 0.948955441061814, "x2": 9.436173232424927e-19, "x3": 0.8380769100660634, "x4": 1.6629245501292425, "x5": 0.16409062794447507, "x6": 1.6671238349077122, "x7": 7.210619805424907, "x8": 0.9058474950054126, "x9": 1.3348087716060326}, "datetime": {"datetime": "2025-05-14 19:59:44", "elapsed": 3670.841554, "delta": 11.976371}}
{"target": 45.02990873479244, "params": {"x0": 0.9247672937615132, "x1": 0.948955441061814, "x2": 1.6831875265653564e-18, "x3": 0.8380769100660634, "x4": 1.6629245501292425, "x5": 0.16409062794447507, "x6": 1.6671238349077122, "x7": 7.210619805424907, "x8": 0.9058474950054126, "x9": 1.3348087716060326}, "datetime": {"datetime": "2025-05-14 19:59:55", "elapsed": 3682.470014, "delta": 11.62846}}
{"target": 45.02990873479244, "params": {"x0": 0.9247672937615132, "x1": 0.948955441061814, "x2": 2.0587715026042644e-19, "x3": 0.8380769100660634, "x4": 1.6629245501292425, "x5": 0.16409062794447507, "x6": 1.6671238349077122, "x7": 7.210619805424906, "x8": 0.9058474950054126, "x9": 1.3348087716060326}, "datetime": {"datetime": "2025-05-14 20:00:06", "elapsed": 3692.888367, "delta": 10.418353}}
{"target": 45.02990873479244, "params": {"x0": 0.9247672937615132, "x1": 0.948955441061814, "x2": 3.1422019017127104e-19, "x3": 0.8380769100660634, "x4": 1.6629245501292425, "x5": 0.16409062794447507, "x6": 1.6671238349077122, "x7": 7.210619805424907, "x8": 0.9058474950054126, "x9": 1.3348087716060326}, "datetime": {"datetime": "2025-05-14 20:00:17", "elapsed": 3704.068518, "delta": 11.180151}}
{"target": 45.02990873479244, "params": {"x0": 0.9247672937615132, "x1": 0.948955441061814, "x2": 9.993157563411757e-19, "x3": 0.8380769100660634, "x4": 1.6629245501292425, "x5": 0.16409062794447507, "x6": 1.6671238349077122, "x7": 7.210619805424906, "x8": 0.9058474950054126, "x9": 1.3348087716060326}, "datetime": {"datetime": "2025-05-14 20:00:28", "elapsed": 3714.891796, "delta": 10.823278}}
{"target": 45.02990873479244, "params": {"x0": 0.9247672937615132, "x1": 0.948955441061814, "x2": 1.1902916056750462e-18, "x3": 0.8380769100660634, "x4": 1.6629245501292425, "x5": 0.16409062794447507, "x6": 1.6671238349077122, "x7": 7.210619805424907, "x8": 0.9058474950054126, "x9": 1.3348087716060326}, "datetime": {"datetime": "2025-05-14 20:00:39", "elapsed": 3726.481308, "delta": 11.589512}}
{"target": 45.02990873479244, "params": {"x0": 0.9247672937615132, "x1": 0.948955441061814, "x2": 5.685835185685288e-19, "x3": 0.8380769100660634, "x4": 1.6629245501292425, "x5": 0.16409062794447507, "x6": 1.6671238349077122, "x7": 7.210619805424907, "x8": 0.9058474950054126, "x9": 1.3348087716060326}, "datetime": {"datetime": "2025-05-14 20:00:50", "elapsed": 3737.265088, "delta": 10.78378}}
{"target": 45.02990873479244, "params": {"x0": 0.9247672937615132, "x1": 0.948955441061814, "x2": 9.886105232411963e-19, "x3": 0.8380769100660634, "x4": 1.6629245501292425, "x5": 0.16409062794447507, "x6": 1.6671238349077122, "x7": 7.210619805424907, "x8": 0.9058474950054126, "x9": 1.3348087716060326}, "datetime": {"datetime": "2025-05-14 20:01:00", "elapsed": 3747.379517, "delta": 10.114429}}
{"target": 45.02990873479244, "params": {"x0": 0.9247672937615132, "x1": 0.948955441061814, "x2": 2.8804636516405985e-19, "x3": 0.8380769100660634, "x4": 1.6629245501292425, "x5": 0.16409062794447507, "x6": 1.6671238349077122, "x7": 7.210619805424907, "x8": 0.9058474950054126, "x9": 1.3348087716060326}, "datetime": {"datetime": "2025-05-14 20:01:11", "elapsed": 3757.925636, "delta": 10.546119}}
{"target": 45.02990873479244, "params": {"x0": 0.9247672937615132, "x1": 0.948955441061814, "x2": 2.524241404108382e-19, "x3": 0.8380769100660634, "x4": 1.6629245501292425, "x5": 0.16409062794447507, "x6": 1.6671238349077122, "x7": 7.210619805424907, "x8": 0.9058474950054126, "x9": 1.3348087716060326}, "datetime": {"datetime": "2025-05-14 20:01:23", "elapsed": 3769.690317, "delta": 11.764681}}
{"target": 45.02990873479244, "params": {"x0": 0.9247672937615132, "x1": 0.948955441061814, "x2": 4.095180573354687e-20, "x3": 0.8380769100660634, "x4": 1.6629245501292425, "x5": 0.16409062794447507, "x6": 1.6671238349077122, "x7": 7.210619805424907, "x8": 0.9058474950054126, "x9": 1.3348087716060326}, "datetime": {"datetime": "2025-05-14 20:01:33", "elapsed": 3780.194124, "delta": 10.503807}}
{"target": 45.02990873479244, "params": {"x0": 0.9247672937615132, "x1": 0.948955441061814, "x2": 3.5890626434952354e-19, "x3": 0.8380769100660634, "x4": 1.6629245501292425, "x5": 0.16409062794447507, "x6": 1.6671238349077122, "x7": 7.210619805424907, "x8": 0.9058474950054126, "x9": 1.3348087716060326}, "datetime": {"datetime": "2025-05-14 20:01:43", "elapsed": 3790.323578, "delta": 10.129454}}
{"target": 45.02990873479244, "params": {"x0": 0.9247672937615132, "x1": 0.948955441061814, "x2": 5.126952998119569e-19, "x3": 0.8380769100660634, "x4": 1.6629245501292425, "x5": 0.16409062794447507, "x6": 1.6671238349077122, "x7": 7.210619805424907, "x8": 0.9058474950054126, "x9": 1.3348087716060326}, "datetime": {"datetime": "2025-05-14 20:01:54", "elapsed": 3801.117772, "delta": 10.794194}}
{"target": 45.02990873479244, "params": {"x0": 0.9247672937615132, "x1": 0.948955441061814, "x2": 2.6709016879213218e-19, "x3": 0.8380769100660634, "x4": 1.6629245501292425, "x5": 0.16409062794447507, "x6": 1.6671238349077122, "x7": 7.210619805424907, "x8": 0.9058474950054126, "x9": 1.3348087716060326}, "datetime": {"datetime": "2025-05-14 20:02:05", "elapsed": 3811.65328, "delta": 10.535508}}
{"target": 45.02990873479244, "params": {"x0": 0.9247672937615132, "x1": 0.948955441061814, "x2": 3.237145749455968e-19, "x3": 0.8380769100660634, "x4": 1.6629245501292425, "x5": 0.16409062794447507, "x6": 1.6671238349077122, "x7": 7.210619805424907, "x8": 0.9058474950054126, "x9": 1.3348087716060326}, "datetime": {"datetime": "2025-05-14 20:02:15", "elapsed": 3822.040564, "delta": 10.387284}}
{"target": 45.02990873479244, "params": {"x0": 0.9247672937615132, "x1": 0.948955441061814, "x2": 3.705933569368742e-19, "x3": 0.8380769100660634, "x4": 1.6629245501292425, "x5": 0.16409062794447507, "x6": 1.6671238349077122, "x7": 7.210619805424907, "x8": 0.9058474950054126, "x9": 1.3348087716060326}, "datetime": {"datetime": "2025-05-14 20:02:26", "elapsed": 3832.732372, "delta": 10.691808}}
{"target": 45.02990873479244, "params": {"x0": 0.9247672937615132, "x1": 0.948955441061814, "x2": 1.785804633252118e-19, "x3": 0.8380769100660634, "x4": 1.6629245501292425, "x5": 0.16409062794447507, "x6": 1.6671238349077122, "x7": 7.210619805424907, "x8": 0.9058474950054126, "x9": 1.3348087716060326}, "datetime": {"datetime": "2025-05-14 20:02:37", "elapsed": 3844.462018, "delta": 11.729646}}
{"target": 45.02990873479244, "params": {"x0": 0.9247672937615132, "x1": 0.948955441061814, "x2": 1.7874793525979234e-19, "x3": 0.8380769100660634, "x4": 1.6629245501292425, "x5": 0.16409062794447507, "x6": 1.6671238349077122, "x7": 7.210619805424907, "x8": 0.9058474950054126, "x9": 1.3348087716060326}, "datetime": {"datetime": "2025-05-14 20:02:48", "elapsed": 3855.469452, "delta": 11.007434}}
{"target": 45.02990873479244, "params": {"x0": 0.9247672937615132, "x1": 0.948955441061814, "x2": 2.5099186209896103e-19, "x3": 0.8380769100660634, "x4": 1.6629245501292425, "x5": 0.16409062794447507, "x6": 1.6671238349077122, "x7": 7.210619805424907, "x8": 0.9058474950054126, "x9": 1.3348087716060326}, "datetime": {"datetime": "2025-05-14 20:02:59", "elapsed": 3866.287214, "delta": 10.817762}}
{"target": 45.02990873479244, "params": {"x0": 0.9247672937615132, "x1": 0.948955441061814, "x2": 2.8636786053467228e-19, "x3": 0.8380769100660634, "x4": 1.6629245501292425, "x5": 0.16409062794447507, "x6": 1.6671238349077122, "x7": 7.210619805424907, "x8": 0.9058474950054126, "x9": 1.3348087716060326}, "datetime": {"datetime": "2025-05-14 20:03:10", "elapsed": 3877.192171, "delta": 10.904957}}
{"target": 45.02990873479244, "params": {"x0": 0.9247672937615132, "x1": 0.948955441061814, "x2": 2.7821029431474466e-19, "x3": 0.8380769100660634, "x4": 1.6629245501292425, "x5": 0.16409062794447507, "x6": 1.6671238349077122, "x7": 7.210619805424907, "x8": 0.9058474950054126, "x9": 1.3348087716060326}, "datetime": {"datetime": "2025-05-14 20:03:22", "elapsed": 3888.748961, "delta": 11.55679}}
