{"target": 45.02990873479244, "params": {"x0": 0.9247672937615132, "x1": 0.948955441061814, "x2": 1.208437533142309e-54, "x3": 0.8380769100660634, "x4": 1.6629245501292425, "x5": 0.16409062794447507, "x6": 1.6671238349077122, "x7": 7.210619805424907, "x8": 0.9058474950054126, "x9": 1.3348087716060326}, "datetime": {"datetime": "2025-05-15 01:19:21", "elapsed": 22848.143809, "delta": 43.467014}}
{"target": 45.02990873479244, "params": {"x0": 0.9247672937615132, "x1": 0.948955441061814, "x2": 1.129574992319823e-54, "x3": 0.8380769100660634, "x4": 1.6629245501292425, "x5": 0.16409062794447507, "x6": 1.6671238349077122, "x7": 7.210619805424907, "x8": 0.9058474950054126, "x9": 1.3348087716060326}, "datetime": {"datetime": "2025-05-15 01:20:22", "elapsed": 22909.381613, "delta": 61.237804}}
{"target": 45.02990873479244, "params": {"x0": 0.9247672937615132, "x1": 0.948955441061814, "x2": 7.397773777672547e-55, "x3": 0.8380769100660634, "x4": 1.6629245501292425, "x5": 0.16409062794447507, "x6": 1.6671238349077122, "x7": 7.210619805424907, "x8": 0.9058474950054126, "x9": 1.3348087716060326}, "datetime": {"datetime": "2025-05-15 01:21:00", "elapsed": 22947.192172, "delta": 37.810559}}
{"target": 45.02990873479244, "params": {"x0": 0.9247672937615132, "x1": 0.948955441061814, "x2": 5.262697203687972e-56, "x3": 0.8380769100660634, "x4": 1.6629245501292425, "x5": 0.16409062794447507, "x6": 1.6671238349077122, "x7": 7.210619805424907, "x8": 0.9058474950054126, "x9": 1.3348087716060326}, "datetime": {"datetime": "2025-05-15 01:21:43", "elapsed": 22990.311981, "delta": 43.119809}}
{"target": 45.02990873479244, "params": {"x0": 0.9247672937615132, "x1": 0.948955441061814, "x2": 7.759384558792992e-55, "x3": 0.8380769100660634, "x4": 1.6629245501292425, "x5": 0.16409062794447507, "x6": 1.6671238349077122, "x7": 7.210619805424907, "x8": 0.9058474950054126, "x9": 1.3348087716060326}, "datetime": {"datetime": "2025-05-15 01:22:29", "elapsed": 23036.195741, "delta": 45.88376}}
{"target": 45.02990873479244, "params": {"x0": 0.9247672937615132, "x1": 0.948955441061814, "x2": 8.40624291120143e-55, "x3": 0.8380769100660634, "x4": 1.6629245501292425, "x5": 0.16409062794447507, "x6": 1.6671238349077122, "x7": 7.210619805424907, "x8": 0.9058474950054126, "x9": 1.3348087716060326}, "datetime": {"datetime": "2025-05-15 01:23:13", "elapsed": 23080.223793, "delta": 44.028052}}
{"target": 45.02990873479244, "params": {"x0": 0.9247672937615132, "x1": 0.948955441061814, "x2": 2.553463627137759e-55, "x3": 0.8380769100660634, "x4": 1.6629245501292425, "x5": 0.16409062794447507, "x6": 1.6671238349077122, "x7": 7.210619805424907, "x8": 0.9058474950054126, "x9": 1.3348087716060326}, "datetime": {"datetime": "2025-05-15 01:23:58", "elapsed": 23125.039774, "delta": 44.815981}}
{"target": 45.02990873479244, "params": {"x0": 0.9247672937615132, "x1": 0.948955441061814, "x2": 3.242318142047908e-56, "x3": 0.8380769100660634, "x4": 1.6629245501292425, "x5": 0.16409062794447507, "x6": 1.6671238349077122, "x7": 7.210619805424907, "x8": 0.9058474950054126, "x9": 1.3348087716060326}, "datetime": {"datetime": "2025-05-15 01:24:42", "elapsed": 23169.337353, "delta": 44.297579}}
{"target": 45.02990873479244, "params": {"x0": 0.9247672937615132, "x1": 0.948955441061814, "x2": 4.467688692559519e-55, "x3": 0.8380769100660634, "x4": 1.6629245501292425, "x5": 0.16409062794447507, "x6": 1.6671238349077122, "x7": 7.210619805424907, "x8": 0.9058474950054126, "x9": 1.3348087716060326}, "datetime": {"datetime": "2025-05-15 01:25:29", "elapsed": 23216.272488, "delta": 46.935135}}
{"target": 45.02990873479244, "params": {"x0": 0.9247672937615132, "x1": 0.948955441061814, "x2": 5.585472795992127e-55, "x3": 0.8380769100660634, "x4": 1.6629245501292425, "x5": 0.16409062794447507, "x6": 1.6671238349077122, "x7": 7.210619805424907, "x8": 0.9058474950054126, "x9": 1.3348087716060326}, "datetime": {"datetime": "2025-05-15 01:26:17", "elapsed": 23264.547329, "delta": 48.274841}}
{"target": 45.02990873479244, "params": {"x0": 0.9247672937615132, "x1": 0.948955441061814, "x2": 1.0951099348861626e-55, "x3": 0.8380769100660634, "x4": 1.6629245501292425, "x5": 0.16409062794447507, "x6": 1.6671238349077122, "x7": 7.210619805424907, "x8": 0.9058474950054126, "x9": 1.3348087716060326}, "datetime": {"datetime": "2025-05-15 01:27:22", "elapsed": 23329.50272, "delta": 64.955391}}
{"target": 45.02990873479244, "params": {"x0": 0.9247672937615132, "x1": 0.948955441061814, "x2": 3.349040357783328e-55, "x3": 0.8380769100660634, "x4": 1.6629245501292425, "x5": 0.16409062794447507, "x6": 1.6671238349077122, "x7": 7.210619805424907, "x8": 0.9058474950054126, "x9": 1.3348087716060326}, "datetime": {"datetime": "2025-05-15 01:28:03", "elapsed": 23369.665079, "delta": 40.162359}}
{"target": 45.02990873479244, "params": {"x0": 0.9247672937615132, "x1": 0.948955441061814, "x2": 1.5600382421646145e-55, "x3": 0.8380769100660634, "x4": 1.6629245501292425, "x5": 0.16409062794447507, "x6": 1.6671238349077122, "x7": 7.210619805424907, "x8": 0.9058474950054126, "x9": 1.3348087716060326}, "datetime": {"datetime": "2025-05-15 01:28:48", "elapsed": 23415.164815, "delta": 45.499736}}
{"target": 45.02990873479244, "params": {"x0": 0.9247672937615132, "x1": 0.948955441061814, "x2": 2.705304188581112e-55, "x3": 0.8380769100660634, "x4": 1.6629245501292425, "x5": 0.16409062794447507, "x6": 1.6671238349077122, "x7": 7.210619805424907, "x8": 0.9058474950054126, "x9": 1.3348087716060326}, "datetime": {"datetime": "2025-05-15 01:29:32", "elapsed": 23459.561505, "delta": 44.39669}}
{"target": 45.02990873479244, "params": {"x0": 0.9247672937615132, "x1": 0.948955441061814, "x2": 2.1782806834660894e-55, "x3": 0.8380769100660634, "x4": 1.6629245501292425, "x5": 0.16409062794447507, "x6": 1.6671238349077122, "x7": 7.210619805424907, "x8": 0.9058474950054126, "x9": 1.3348087716060326}, "datetime": {"datetime": "2025-05-15 01:30:20", "elapsed": 23507.585665, "delta": 48.02416}}
{"target": 45.02990873479244, "params": {"x0": 0.9247672937615132, "x1": 0.948955441061814, "x2": 2.8450861643410642e-55, "x3": 0.8380769100660634, "x4": 1.6629245501292425, "x5": 0.16409062794447507, "x6": 1.6671238349077122, "x7": 7.210619805424907, "x8": 0.9058474950054126, "x9": 1.3348087716060326}, "datetime": {"datetime": "2025-05-15 01:31:07", "elapsed": 23553.778445, "delta": 46.19278}}
{"target": 45.02990873479244, "params": {"x0": 0.9247672937615132, "x1": 0.948955441061814, "x2": 1.996178372209427e-55, "x3": 0.8380769100660634, "x4": 1.6629245501292425, "x5": 0.16409062794447507, "x6": 1.6671238349077122, "x7": 7.210619805424907, "x8": 0.9058474950054126, "x9": 1.3348087716060326}, "datetime": {"datetime": "2025-05-15 01:31:43", "elapsed": 23590.064023, "delta": 36.285578}}
{"target": 45.02990873479244, "params": {"x0": 0.9247672937615132, "x1": 0.948955441061814, "x2": 8.101053619731765e-56, "x3": 0.8380769100660634, "x4": 1.6629245501292425, "x5": 0.16409062794447507, "x6": 1.6671238349077122, "x7": 7.210619805424907, "x8": 0.9058474950054126, "x9": 1.3348087716060326}, "datetime": {"datetime": "2025-05-15 01:32:22", "elapsed": 23628.785603, "delta": 38.72158}}
{"target": 45.02990873479244, "params": {"x0": 0.9247672937615132, "x1": 0.948955441061814, "x2": 1.634356555666017e-55, "x3": 0.8380769100660634, "x4": 1.6629245501292425, "x5": 0.16409062794447507, "x6": 1.6671238349077122, "x7": 7.210619805424907, "x8": 0.9058474950054126, "x9": 1.3348087716060326}, "datetime": {"datetime": "2025-05-15 01:33:01", "elapsed": 23667.960374, "delta": 39.174771}}
{"target": 45.02990873479244, "params": {"x0": 0.9247672937615132, "x1": 0.948955441061814, "x2": 1.730153702831534e-55, "x3": 0.8380769100660634, "x4": 1.6629245501292425, "x5": 0.16409062794447507, "x6": 1.6671238349077122, "x7": 7.210619805424907, "x8": 0.9058474950054126, "x9": 1.3348087716060326}, "datetime": {"datetime": "2025-05-15 01:33:40", "elapsed": 23706.969763, "delta": 39.009389}}
{"target": 45.02990873479244, "params": {"x0": 0.9247672937615132, "x1": 0.948955441061814, "x2": 1.679986493812852e-55, "x3": 0.8380769100660634, "x4": 1.6629245501292425, "x5": 0.16409062794447507, "x6": 1.6671238349077122, "x7": 7.210619805424907, "x8": 0.9058474950054126, "x9": 1.3348087716060326}, "datetime": {"datetime": "2025-05-15 01:34:20", "elapsed": 23747.176739, "delta": 40.206976}}
{"target": 45.02990873479244, "params": {"x0": 0.9247672937615132, "x1": 0.948955441061814, "x2": 1.122918861367237e-56, "x3": 0.8380769100660634, "x4": 1.6629245501292425, "x5": 0.16409062794447507, "x6": 1.6671238349077122, "x7": 7.210619805424907, "x8": 0.9058474950054126, "x9": 1.3348087716060326}, "datetime": {"datetime": "2025-05-15 01:35:09", "elapsed": 23796.395915, "delta": 49.219176}}
{"target": 45.02990873479244, "params": {"x0": 0.9247672937615132, "x1": 0.948955441061814, "x2": 5.041162484666199e-56, "x3": 0.8380769100660634, "x4": 1.6629245501292425, "x5": 0.16409062794447507, "x6": 1.6671238349077122, "x7": 7.210619805424907, "x8": 0.9058474950054126, "x9": 1.3348087716060326}, "datetime": {"datetime": "2025-05-15 01:35:48", "elapsed": 23835.59181, "delta": 39.195895}}
{"target": 45.02990873479244, "params": {"x0": 0.9247672937615132, "x1": 0.948955441061814, "x2": 9.033845594515738e-56, "x3": 0.8380769100660634, "x4": 1.6629245501292425, "x5": 0.16409062794447507, "x6": 1.6671238349077122, "x7": 7.210619805424907, "x8": 0.9058474950054126, "x9": 1.3348087716060326}, "datetime": {"datetime": "2025-05-15 01:36:26", "elapsed": 23873.183724, "delta": 37.591914}}
{"target": 45.02990873479244, "params": {"x0": 0.9247672937615132, "x1": 0.948955441061814, "x2": 4.004593831898277e-56, "x3": 0.8380769100660634, "x4": 1.6629245501292425, "x5": 0.16409062794447507, "x6": 1.6671238349077122, "x7": 7.210619805424907, "x8": 0.9058474950054126, "x9": 1.3348087716060326}, "datetime": {"datetime": "2025-05-15 01:37:12", "elapsed": 23918.796154, "delta": 45.61243}}
{"target": 45.02990873479244, "params": {"x0": 0.9247672937615132, "x1": 0.948955441061814, "x2": 7.96379655655503e-56, "x3": 0.8380769100660634, "x4": 1.6629245501292425, "x5": 0.16409062794447507, "x6": 1.6671238349077122, "x7": 7.210619805424907, "x8": 0.9058474950054126, "x9": 1.3348087716060326}, "datetime": {"datetime": "2025-05-15 01:37:53", "elapsed": 23960.498762, "delta": 41.702608}}
{"target": 45.02990873479244, "params": {"x0": 0.9247672937615132, "x1": 0.948955441061814, "x2": 8.656839039093716e-56, "x3": 0.8380769100660634, "x4": 1.6629245501292425, "x5": 0.16409062794447507, "x6": 1.6671238349077122, "x7": 7.210619805424907, "x8": 0.9058474950054126, "x9": 1.3348087716060326}, "datetime": {"datetime": "2025-05-15 01:38:34", "elapsed": 24000.612626, "delta": 40.113864}}
{"target": 45.02990873479244, "params": {"x0": 0.9247672937615132, "x1": 0.948955441061814, "x2": 6.027258428555419e-56, "x3": 0.8380769100660634, "x4": 1.6629245501292425, "x5": 0.16409062794447507, "x6": 1.6671238349077122, "x7": 7.210619805424907, "x8": 0.9058474950054126, "x9": 1.3348087716060326}, "datetime": {"datetime": "2025-05-15 01:39:30", "elapsed": 24056.7111, "delta": 56.098474}}
{"target": 45.02990873479244, "params": {"x0": 0.9247672937615132, "x1": 0.948955441061814, "x2": 3.0840441138110546e-56, "x3": 0.8380769100660634, "x4": 1.6629245501292425, "x5": 0.16409062794447507, "x6": 1.6671238349077122, "x7": 7.210619805424907, "x8": 0.9058474950054126, "x9": 1.3348087716060326}, "datetime": {"datetime": "2025-05-15 01:40:13", "elapsed": 24100.35227, "delta": 43.64117}}
{"target": 45.02990873479244, "params": {"x0": 0.9247672937615132, "x1": 0.948955441061814, "x2": 2.9457227249430143e-56, "x3": 0.8380769100660634, "x4": 1.6629245501292425, "x5": 0.16409062794447507, "x6": 1.6671238349077122, "x7": 7.210619805424907, "x8": 0.9058474950054126, "x9": 1.3348087716060326}, "datetime": {"datetime": "2025-05-15 01:40:51", "elapsed": 24138.088955, "delta": 37.736685}}
{"target": 45.02990873479244, "params": {"x0": 0.9247672937615132, "x1": 0.948955441061814, "x2": 2.7669498132415617e-56, "x3": 0.8380769100660634, "x4": 1.6629245501292425, "x5": 0.16409062794447507, "x6": 1.6671238349077122, "x7": 7.210619805424907, "x8": 0.9058474950054126, "x9": 1.3348087716060326}, "datetime": {"datetime": "2025-05-15 01:41:49", "elapsed": 24196.477842, "delta": 58.388887}}
{"target": 45.02990873479244, "params": {"x0": 0.9247672937615132, "x1": 0.948955441061814, "x2": 5.580467643903498e-56, "x3": 0.8380769100660634, "x4": 1.6629245501292425, "x5": 0.16409062794447507, "x6": 1.6671238349077122, "x7": 7.210619805424907, "x8": 0.9058474950054126, "x9": 1.3348087716060326}, "datetime": {"datetime": "2025-05-15 01:42:31", "elapsed": 24238.358262, "delta": 41.88042}}
{"target": 45.02990873479244, "params": {"x0": 0.9247672937615132, "x1": 0.948955441061814, "x2": 2.7310185191223607e-56, "x3": 0.8380769100660634, "x4": 1.6629245501292425, "x5": 0.16409062794447507, "x6": 1.6671238349077122, "x7": 7.210619805424907, "x8": 0.9058474950054126, "x9": 1.3348087716060326}, "datetime": {"datetime": "2025-05-15 01:43:20", "elapsed": 24287.073409, "delta": 48.715147}}
{"target": 45.02990873479244, "params": {"x0": 0.9247672937615132, "x1": 0.948955441061814, "x2": 1.4604397630028733e-56, "x3": 0.8380769100660634, "x4": 1.6629245501292425, "x5": 0.16409062794447507, "x6": 1.6671238349077122, "x7": 7.210619805424907, "x8": 0.9058474950054126, "x9": 1.3348087716060326}, "datetime": {"datetime": "2025-05-15 01:43:59", "elapsed": 24325.849484, "delta": 38.776075}}
{"target": 45.02990873479244, "params": {"x0": 0.9247672937615132, "x1": 0.948955441061814, "x2": 2.592552475101279e-56, "x3": 0.8380769100660634, "x4": 1.6629245501292425, "x5": 0.16409062794447507, "x6": 1.6671238349077122, "x7": 7.210619805424907, "x8": 0.9058474950054126, "x9": 1.3348087716060326}, "datetime": {"datetime": "2025-05-15 01:44:42", "elapsed": 24369.013017, "delta": 43.163533}}
{"target": 45.02990873479244, "params": {"x0": 0.9247672937615132, "x1": 0.948955441061814, "x2": 6.063436458466677e-57, "x3": 0.8380769100660634, "x4": 1.6629245501292425, "x5": 0.16409062794447507, "x6": 1.6671238349077122, "x7": 7.210619805424907, "x8": 0.9058474950054126, "x9": 1.3348087716060326}, "datetime": {"datetime": "2025-05-15 01:45:26", "elapsed": 24413.586919, "delta": 44.573902}}
{"target": 45.02990873479244, "params": {"x0": 0.9247672937615132, "x1": 0.948955441061814, "x2": 2.42755032788981e-56, "x3": 0.8380769100660634, "x4": 1.6629245501292425, "x5": 0.16409062794447507, "x6": 1.6671238349077122, "x7": 7.210619805424907, "x8": 0.9058474950054126, "x9": 1.3348087716060326}, "datetime": {"datetime": "2025-05-15 01:46:07", "elapsed": 24454.166983, "delta": 40.580064}}
{"target": 45.02990873479244, "params": {"x0": 0.9247672937615132, "x1": 0.948955441061814, "x2": 1.8030228780484587e-56, "x3": 0.8380769100660634, "x4": 1.6629245501292425, "x5": 0.16409062794447507, "x6": 1.6671238349077122, "x7": 7.210619805424907, "x8": 0.9058474950054126, "x9": 1.3348087716060326}, "datetime": {"datetime": "2025-05-15 01:46:59", "elapsed": 24506.171351, "delta": 52.004368}}
{"target": 45.02990873479244, "params": {"x0": 0.9247672937615132, "x1": 0.948955441061814, "x2": 1.810360756914252e-56, "x3": 0.8380769100660634, "x4": 1.6629245501292425, "x5": 0.16409062794447507, "x6": 1.6671238349077122, "x7": 7.210619805424907, "x8": 0.9058474950054126, "x9": 1.3348087716060326}, "datetime": {"datetime": "2025-05-15 01:47:42", "elapsed": 24548.96484, "delta": 42.793489}}
{"target": 45.02990873479244, "params": {"x0": 0.9247672937615132, "x1": 0.948955441061814, "x2": 8.097533277884662e-57, "x3": 0.8380769100660634, "x4": 1.6629245501292425, "x5": 0.16409062794447507, "x6": 1.6671238349077122, "x7": 7.210619805424907, "x8": 0.9058474950054126, "x9": 1.3348087716060326}, "datetime": {"datetime": "2025-05-15 01:48:36", "elapsed": 24603.581509, "delta": 54.616669}}
{"target": 45.02990873479244, "params": {"x0": 0.9247672937615132, "x1": 0.948955441061814, "x2": 3.813246814121933e-57, "x3": 0.8380769100660634, "x4": 1.6629245501292425, "x5": 0.16409062794447507, "x6": 1.6671238349077122, "x7": 7.210619805424907, "x8": 0.9058474950054126, "x9": 1.3348087716060326}, "datetime": {"datetime": "2025-05-15 01:49:22", "elapsed": 24648.919657, "delta": 45.338148}}
{"target": 45.02990873479244, "params": {"x0": 0.9247672937615132, "x1": 0.948955441061814, "x2": 1.0294499285178645e-57, "x3": 0.8380769100660634, "x4": 1.6629245501292425, "x5": 0.16409062794447507, "x6": 1.6671238349077122, "x7": 7.210619805424907, "x8": 0.9058474950054126, "x9": 1.3348087716060326}, "datetime": {"datetime": "2025-05-15 01:50:01", "elapsed": 24687.973214, "delta": 39.053557}}
{"target": 45.02990873479244, "params": {"x0": 0.9247672937615132, "x1": 0.948955441061814, "x2": 1.3108286262323333e-56, "x3": 0.8380769100660634, "x4": 1.6629245501292425, "x5": 0.16409062794447507, "x6": 1.6671238349077122, "x7": 7.210619805424907, "x8": 0.9058474950054126, "x9": 1.3348087716060326}, "datetime": {"datetime": "2025-05-15 01:50:41", "elapsed": 24727.980792, "delta": 40.007578}}
{"target": 45.02990873479244, "params": {"x0": 0.9247672937615132, "x1": 0.948955441061814, "x2": 1.4248684352651305e-56, "x3": 0.8380769100660634, "x4": 1.6629245501292425, "x5": 0.16409062794447507, "x6": 1.6671238349077122, "x7": 7.210619805424907, "x8": 0.9058474950054126, "x9": 1.3348087716060326}, "datetime": {"datetime": "2025-05-15 01:51:22", "elapsed": 24769.319557, "delta": 41.338765}}
{"target": 45.02990873479244, "params": {"x0": 0.9247672937615132, "x1": 0.948955441061814, "x2": 2.954646538216276e-57, "x3": 0.8380769100660634, "x4": 1.6629245501292425, "x5": 0.16409062794447507, "x6": 1.6671238349077122, "x7": 7.210619805424907, "x8": 0.9058474950054126, "x9": 1.3348087716060326}, "datetime": {"datetime": "2025-05-15 01:52:07", "elapsed": 24814.354215, "delta": 45.034658}}
{"target": 45.02990873479244, "params": {"x0": 0.9247672937615132, "x1": 0.948955441061814, "x2": 1.3145336221362301e-56, "x3": 0.8380769100660634, "x4": 1.6629245501292425, "x5": 0.16409062794447507, "x6": 1.6671238349077122, "x7": 7.210619805424907, "x8": 0.9058474950054126, "x9": 1.3348087716060326}, "datetime": {"datetime": "2025-05-15 01:52:44", "elapsed": 24851.009175, "delta": 36.65496}}
{"target": 45.02990873479244, "params": {"x0": 0.9247672937615132, "x1": 0.948955441061814, "x2": 8.742627250812239e-57, "x3": 0.8380769100660634, "x4": 1.6629245501292425, "x5": 0.16409062794447507, "x6": 1.6671238349077122, "x7": 7.210619805424907, "x8": 0.9058474950054126, "x9": 1.3348087716060326}, "datetime": {"datetime": "2025-05-15 01:53:21", "elapsed": 24888.589631, "delta": 37.580456}}
{"target": 45.02990873479244, "params": {"x0": 0.9247672937615132, "x1": 0.948955441061814, "x2": 1.0370663774579103e-56, "x3": 0.8380769100660634, "x4": 1.6629245501292425, "x5": 0.16409062794447507, "x6": 1.6671238349077122, "x7": 7.210619805424907, "x8": 0.9058474950054126, "x9": 1.3348087716060326}, "datetime": {"datetime": "2025-05-15 01:54:02", "elapsed": 24929.467859, "delta": 40.878228}}
{"target": 45.02990873479244, "params": {"x0": 0.9247672937615132, "x1": 0.948955441061814, "x2": 5.677254233618108e-57, "x3": 0.8380769100660634, "x4": 1.6629245501292425, "x5": 0.16409062794447507, "x6": 1.6671238349077122, "x7": 7.210619805424907, "x8": 0.9058474950054126, "x9": 1.3348087716060326}, "datetime": {"datetime": "2025-05-15 01:54:51", "elapsed": 24977.836728, "delta": 48.368869}}
{"target": 45.02990873479244, "params": {"x0": 0.9247672937615132, "x1": 0.948955441061814, "x2": 3.2784822026059947e-57, "x3": 0.8380769100660634, "x4": 1.6629245501292425, "x5": 0.16409062794447507, "x6": 1.6671238349077122, "x7": 7.210619805424907, "x8": 0.9058474950054126, "x9": 1.3348087716060326}, "datetime": {"datetime": "2025-05-15 01:55:30", "elapsed": 25017.122937, "delta": 39.286209}}
{"target": 45.02990873479244, "params": {"x0": 0.9247672937615132, "x1": 0.948955441061814, "x2": 2.89704562313053e-57, "x3": 0.8380769100660634, "x4": 1.6629245501292425, "x5": 0.16409062794447507, "x6": 1.6671238349077122, "x7": 7.210619805424907, "x8": 0.9058474950054126, "x9": 1.3348087716060326}, "datetime": {"datetime": "2025-05-15 01:56:25", "elapsed": 25072.344503, "delta": 55.221566}}
{"target": 45.02990873479244, "params": {"x0": 0.9247672937615132, "x1": 0.948955441061814, "x2": 2.1771199226670133e-57, "x3": 0.8380769100660634, "x4": 1.6629245501292425, "x5": 0.16409062794447507, "x6": 1.6671238349077122, "x7": 7.210619805424907, "x8": 0.9058474950054126, "x9": 1.3348087716060326}, "datetime": {"datetime": "2025-05-15 01:57:09", "elapsed": 25116.068956, "delta": 43.724453}}
{"target": 45.02990873479244, "params": {"x0": 0.9247672937615132, "x1": 0.948955441061814, "x2": 2.883599809258447e-57, "x3": 0.8380769100660634, "x4": 1.6629245501292425, "x5": 0.16409062794447507, "x6": 1.6671238349077122, "x7": 7.210619805424907, "x8": 0.9058474950054126, "x9": 1.3348087716060326}, "datetime": {"datetime": "2025-05-15 01:57:52", "elapsed": 25159.056293, "delta": 42.987337}}
{"target": 45.02990873479244, "params": {"x0": 0.9247672937615132, "x1": 0.948955441061814, "x2": 5.699590957366e-57, "x3": 0.8380769100660634, "x4": 1.6629245501292425, "x5": 0.16409062794447507, "x6": 1.6671238349077122, "x7": 7.210619805424907, "x8": 0.9058474950054126, "x9": 1.3348087716060326}, "datetime": {"datetime": "2025-05-15 01:58:33", "elapsed": 25200.443358, "delta": 41.387065}}
{"target": 45.02990873479244, "params": {"x0": 0.9247672937615132, "x1": 0.948955441061814, "x2": 2.55916386457181e-57, "x3": 0.8380769100660634, "x4": 1.6629245501292425, "x5": 0.16409062794447507, "x6": 1.6671238349077122, "x7": 7.210619805424907, "x8": 0.9058474950054126, "x9": 1.3348087716060326}, "datetime": {"datetime": "2025-05-15 01:59:20", "elapsed": 25247.006664, "delta": 46.563306}}
