{"target": 45.02990873479244, "params": {"x0": 0.9247672937615132, "x1": 0.948955441061814, "x2": 2.4102709405753285e-83, "x3": 0.8380769100660634, "x4": 1.6629245501292425, "x5": 0.16409062794447507, "x6": 1.6671238349077122, "x7": 7.210619805424907, "x8": 0.9058474950054126, "x9": 1.3348087716060326}, "datetime": {"datetime": "2025-05-15 12:16:19", "elapsed": 62266.019145, "delta": 95.546556}}
{"target": 45.02990873479244, "params": {"x0": 0.9247672937615132, "x1": 0.948955441061814, "x2": 1.484114883141785e-82, "x3": 0.8380769100660634, "x4": 1.6629245501292425, "x5": 0.16409062794447507, "x6": 1.6671238349077122, "x7": 7.210619805424907, "x8": 0.9058474950054126, "x9": 1.3348087716060326}, "datetime": {"datetime": "2025-05-15 12:17:48", "elapsed": 62355.51553, "delta": 89.496385}}
{"target": 45.02990873479244, "params": {"x0": 0.9247672937615132, "x1": 0.948955441061814, "x2": 7.031249896624322e-83, "x3": 0.8380769100660634, "x4": 1.6629245501292425, "x5": 0.16409062794447507, "x6": 1.6671238349077122, "x7": 7.210619805424907, "x8": 0.9058474950054126, "x9": 1.3348087716060326}, "datetime": {"datetime": "2025-05-15 12:19:13", "elapsed": 62440.454666, "delta": 84.939136}}
{"target": 45.02990873479244, "params": {"x0": 0.9247672937615132, "x1": 0.948955441061814, "x2": 8.67636753446855e-83, "x3": 0.8380769100660634, "x4": 1.6629245501292425, "x5": 0.16409062794447507, "x6": 1.6671238349077122, "x7": 7.210619805424907, "x8": 0.9058474950054126, "x9": 1.3348087716060326}, "datetime": {"datetime": "2025-05-15 12:20:42", "elapsed": 62528.70329, "delta": 88.248624}}
{"target": 45.02990873479244, "params": {"x0": 0.9247672937615132, "x1": 0.948955441061814, "x2": 1.2910576392348018e-82, "x3": 0.8380769100660634, "x4": 1.6629245501292425, "x5": 0.16409062794447507, "x6": 1.6671238349077122, "x7": 7.210619805424907, "x8": 0.9058474950054126, "x9": 1.3348087716060326}, "datetime": {"datetime": "2025-05-15 12:22:18", "elapsed": 62625.587819, "delta": 96.884529}}
{"target": 45.02990873479244, "params": {"x0": 0.9247672937615132, "x1": 0.948955441061814, "x2": 1.7332626854909434e-82, "x3": 0.8380769100660634, "x4": 1.6629245501292425, "x5": 0.16409062794447507, "x6": 1.6671238349077122, "x7": 7.210619805424907, "x8": 0.9058474950054126, "x9": 1.3348087716060326}, "datetime": {"datetime": "2025-05-15 12:23:48", "elapsed": 62715.02962, "delta": 89.441801}}
{"target": 45.02990873479244, "params": {"x0": 0.9247672937615132, "x1": 0.948955441061814, "x2": 1.7188009086585702e-82, "x3": 0.8380769100660634, "x4": 1.6629245501292425, "x5": 0.16409062794447507, "x6": 1.6671238349077122, "x7": 7.210619805424907, "x8": 0.9058474950054126, "x9": 1.3348087716060326}, "datetime": {"datetime": "2025-05-15 12:25:21", "elapsed": 62808.005568, "delta": 92.975948}}
{"target": 45.02990873479244, "params": {"x0": 0.9247672937615132, "x1": 0.948955441061814, "x2": 7.086731596934173e-83, "x3": 0.8380769100660634, "x4": 1.6629245501292425, "x5": 0.16409062794447507, "x6": 1.6671238349077122, "x7": 7.210619805424907, "x8": 0.9058474950054126, "x9": 1.3348087716060326}, "datetime": {"datetime": "2025-05-15 12:27:22", "elapsed": 62929.095265, "delta": 121.089697}}
{"target": 45.02990873479244, "params": {"x0": 0.9247672937615132, "x1": 0.948955441061814, "x2": 1.3078414155589927e-82, "x3": 0.8380769100660634, "x4": 1.6629245501292425, "x5": 0.16409062794447507, "x6": 1.6671238349077122, "x7": 7.210619805424907, "x8": 0.9058474950054126, "x9": 1.3348087716060326}, "datetime": {"datetime": "2025-05-15 12:29:14", "elapsed": 63040.976772, "delta": 111.881507}}
{"target": 45.02990873479244, "params": {"x0": 0.9247672937615132, "x1": 0.948955441061814, "x2": 1.163171185831351e-82, "x3": 0.8380769100660634, "x4": 1.6629245501292425, "x5": 0.16409062794447507, "x6": 1.6671238349077122, "x7": 7.210619805424907, "x8": 0.9058474950054126, "x9": 1.3348087716060326}, "datetime": {"datetime": "2025-05-15 12:30:41", "elapsed": 63128.167254, "delta": 87.190482}}
{"target": 45.02990873479244, "params": {"x0": 0.9247672937615132, "x1": 0.948955441061814, "x2": 9.676160638493203e-83, "x3": 0.8380769100660634, "x4": 1.6629245501292425, "x5": 0.16409062794447507, "x6": 1.6671238349077122, "x7": 7.210619805424907, "x8": 0.9058474950054126, "x9": 1.3348087716060326}, "datetime": {"datetime": "2025-05-15 12:32:00", "elapsed": 63207.332134, "delta": 79.16488}}
{"target": 45.02990873479244, "params": {"x0": 0.9247672937615132, "x1": 0.948955441061814, "x2": 9.433642357136404e-83, "x3": 0.8380769100660634, "x4": 1.6629245501292425, "x5": 0.16409062794447507, "x6": 1.6671238349077122, "x7": 7.210619805424907, "x8": 0.9058474950054126, "x9": 1.3348087716060326}, "datetime": {"datetime": "2025-05-15 12:33:25", "elapsed": 63291.884163, "delta": 84.552029}}
{"target": 45.02990873479244, "params": {"x0": 0.9247672937615132, "x1": 0.948955441061814, "x2": 5.1735382386558026e-83, "x3": 0.8380769100660634, "x4": 1.6629245501292425, "x5": 0.16409062794447507, "x6": 1.6671238349077122, "x7": 7.210619805424907, "x8": 0.9058474950054126, "x9": 1.3348087716060326}, "datetime": {"datetime": "2025-05-15 12:35:24", "elapsed": 63411.331952, "delta": 119.447789}}
{"target": 45.02990873479244, "params": {"x0": 0.9247672937615132, "x1": 0.948955441061814, "x2": 6.739056503744274e-83, "x3": 0.8380769100660634, "x4": 1.6629245501292425, "x5": 0.16409062794447507, "x6": 1.6671238349077122, "x7": 7.210619805424907, "x8": 0.9058474950054126, "x9": 1.3348087716060326}, "datetime": {"datetime": "2025-05-15 12:36:35", "elapsed": 63482.174473, "delta": 70.842521}}
{"target": 45.02990873479244, "params": {"x0": 0.9247672937615132, "x1": 0.948955441061814, "x2": 2.238511599080243e-83, "x3": 0.8380769100660634, "x4": 1.6629245501292425, "x5": 0.16409062794447507, "x6": 1.6671238349077122, "x7": 7.210619805424907, "x8": 0.9058474950054126, "x9": 1.3348087716060326}, "datetime": {"datetime": "2025-05-15 12:38:00", "elapsed": 63566.782581, "delta": 84.608108}}
{"target": 45.02990873479244, "params": {"x0": 0.9247672937615132, "x1": 0.948955441061814, "x2": 2.5712579295110363e-83, "x3": 0.8380769100660634, "x4": 1.6629245501292425, "x5": 0.16409062794447507, "x6": 1.6671238349077122, "x7": 7.210619805424907, "x8": 0.9058474950054126, "x9": 1.3348087716060326}, "datetime": {"datetime": "2025-05-15 12:39:34", "elapsed": 63661.563805, "delta": 94.781224}}
{"target": 45.02990873479244, "params": {"x0": 0.9247672937615132, "x1": 0.948955441061814, "x2": 3.381446065233583e-83, "x3": 0.8380769100660634, "x4": 1.6629245501292425, "x5": 0.16409062794447507, "x6": 1.6671238349077122, "x7": 7.210619805424907, "x8": 0.9058474950054126, "x9": 1.3348087716060326}, "datetime": {"datetime": "2025-05-15 12:41:38", "elapsed": 63785.359891, "delta": 123.796086}}
{"target": 45.02990873479244, "params": {"x0": 0.9247672937615132, "x1": 0.948955441061814, "x2": 5.3885223893494955e-83, "x3": 0.8380769100660634, "x4": 1.6629245501292425, "x5": 0.16409062794447507, "x6": 1.6671238349077122, "x7": 7.210619805424907, "x8": 0.9058474950054126, "x9": 1.3348087716060326}, "datetime": {"datetime": "2025-05-15 12:43:25", "elapsed": 63892.33002, "delta": 106.970129}}
{"target": 45.02990873479244, "params": {"x0": 0.9247672937615132, "x1": 0.948955441061814, "x2": 1.668145469982019e-83, "x3": 0.8380769100660634, "x4": 1.6629245501292425, "x5": 0.16409062794447507, "x6": 1.6671238349077122, "x7": 7.210619805424907, "x8": 0.9058474950054126, "x9": 1.3348087716060326}, "datetime": {"datetime": "2025-05-15 12:45:14", "elapsed": 64000.602199, "delta": 108.272179}}
{"target": 45.02990873479244, "params": {"x0": 0.9247672937615132, "x1": 0.948955441061814, "x2": 2.7233120365228895e-83, "x3": 0.8380769100660634, "x4": 1.6629245501292425, "x5": 0.16409062794447507, "x6": 1.6671238349077122, "x7": 7.210619805424907, "x8": 0.9058474950054126, "x9": 1.3348087716060326}, "datetime": {"datetime": "2025-05-15 12:47:00", "elapsed": 64106.750148, "delta": 106.147949}}
{"target": 45.02990873479244, "params": {"x0": 0.9247672937615132, "x1": 0.948955441061814, "x2": 3.519974856390035e-83, "x3": 0.8380769100660634, "x4": 1.6629245501292425, "x5": 0.16409062794447507, "x6": 1.6671238349077122, "x7": 7.210619805424907, "x8": 0.9058474950054126, "x9": 1.3348087716060326}, "datetime": {"datetime": "2025-05-15 12:48:47", "elapsed": 64214.42867, "delta": 107.678522}}
{"target": 45.02990873479244, "params": {"x0": 0.9247672937615132, "x1": 0.948955441061814, "x2": 3.456041533275651e-83, "x3": 0.8380769100660634, "x4": 1.6629245501292425, "x5": 0.16409062794447507, "x6": 1.6671238349077122, "x7": 7.210619805424907, "x8": 0.9058474950054126, "x9": 1.3348087716060326}, "datetime": {"datetime": "2025-05-15 12:50:53", "elapsed": 64340.160834, "delta": 125.732164}}
{"target": 45.02990873479244, "params": {"x0": 0.9247672937615132, "x1": 0.948955441061814, "x2": 1.3067559245232005e-83, "x3": 0.8380769100660634, "x4": 1.6629245501292425, "x5": 0.16409062794447507, "x6": 1.6671238349077122, "x7": 7.210619805424907, "x8": 0.9058474950054126, "x9": 1.3348087716060326}, "datetime": {"datetime": "2025-05-15 12:52:47", "elapsed": 64453.975185, "delta": 113.814351}}
{"target": 45.02990873479244, "params": {"x0": 0.9247672937615132, "x1": 0.948955441061814, "x2": 1.9161730476034304e-83, "x3": 0.8380769100660634, "x4": 1.6629245501292425, "x5": 0.16409062794447507, "x6": 1.6671238349077122, "x7": 7.210619805424907, "x8": 0.9058474950054126, "x9": 1.3348087716060326}, "datetime": {"datetime": "2025-05-15 12:54:29", "elapsed": 64556.07294, "delta": 102.097755}}
{"target": 45.02990873479244, "params": {"x0": 0.9247672937615132, "x1": 0.948955441061814, "x2": 1.002020675774118e-83, "x3": 0.8380769100660634, "x4": 1.6629245501292425, "x5": 0.16409062794447507, "x6": 1.6671238349077122, "x7": 7.210619805424907, "x8": 0.9058474950054126, "x9": 1.3348087716060326}, "datetime": {"datetime": "2025-05-15 12:55:50", "elapsed": 64636.809775, "delta": 80.736835}}
{"target": 45.02990873479244, "params": {"x0": 0.9247672937615132, "x1": 0.948955441061814, "x2": 2.322037675895221e-83, "x3": 0.8380769100660634, "x4": 1.6629245501292425, "x5": 0.16409062794447507, "x6": 1.6671238349077122, "x7": 7.210619805424907, "x8": 0.9058474950054126, "x9": 1.3348087716060326}, "datetime": {"datetime": "2025-05-15 12:57:15", "elapsed": 64721.823051, "delta": 85.013276}}
{"target": 45.02990873479244, "params": {"x0": 0.9247672937615132, "x1": 0.948955441061814, "x2": 2.676842678153593e-84, "x3": 0.8380769100660634, "x4": 1.6629245501292425, "x5": 0.16409062794447507, "x6": 1.6671238349077122, "x7": 7.210619805424907, "x8": 0.9058474950054126, "x9": 1.3348087716060326}, "datetime": {"datetime": "2025-05-15 12:59:21", "elapsed": 64848.108762, "delta": 126.285711}}
{"target": 45.02990873479244, "params": {"x0": 0.9247672937615132, "x1": 0.948955441061814, "x2": 3.6459688710567316e-84, "x3": 0.8380769100660634, "x4": 1.6629245501292425, "x5": 0.16409062794447507, "x6": 1.6671238349077122, "x7": 7.210619805424907, "x8": 0.9058474950054126, "x9": 1.3348087716060326}, "datetime": {"datetime": "2025-05-15 13:00:55", "elapsed": 64942.154133, "delta": 94.045371}}
{"target": 45.02990873479244, "params": {"x0": 0.9247672937615132, "x1": 0.948955441061814, "x2": 9.017728093357361e-84, "x3": 0.8380769100660634, "x4": 1.6629245501292425, "x5": 0.16409062794447507, "x6": 1.6671238349077122, "x7": 7.210619805424907, "x8": 0.9058474950054126, "x9": 1.3348087716060326}, "datetime": {"datetime": "2025-05-15 13:02:30", "elapsed": 65036.811519, "delta": 94.657386}}
{"target": 45.02990873479244, "params": {"x0": 0.9247672937615132, "x1": 0.948955441061814, "x2": 9.799303154684045e-84, "x3": 0.8380769100660634, "x4": 1.6629245501292425, "x5": 0.16409062794447507, "x6": 1.6671238349077122, "x7": 7.210619805424907, "x8": 0.9058474950054126, "x9": 1.3348087716060326}, "datetime": {"datetime": "2025-05-15 13:03:45", "elapsed": 65112.594978, "delta": 75.783459}}
{"target": 45.02990873479244, "params": {"x0": 0.9247672937615132, "x1": 0.948955441061814, "x2": 1.0323006914356066e-83, "x3": 0.8380769100660634, "x4": 1.6629245501292425, "x5": 0.16409062794447507, "x6": 1.6671238349077122, "x7": 7.210619805424907, "x8": 0.9058474950054126, "x9": 1.3348087716060326}, "datetime": {"datetime": "2025-05-15 13:05:06", "elapsed": 65193.353216, "delta": 80.758238}}
{"target": 45.02990873479244, "params": {"x0": 0.9247672937615132, "x1": 0.948955441061814, "x2": 2.676222254313514e-84, "x3": 0.8380769100660634, "x4": 1.6629245501292425, "x5": 0.16409062794447507, "x6": 1.6671238349077122, "x7": 7.210619805424907, "x8": 0.9058474950054126, "x9": 1.3348087716060326}, "datetime": {"datetime": "2025-05-15 13:07:11", "elapsed": 65317.791414, "delta": 124.438198}}
{"target": 45.02990873479244, "params": {"x0": 0.9247672937615132, "x1": 0.948955441061814, "x2": 7.076751908041434e-84, "x3": 0.8380769100660634, "x4": 1.6629245501292425, "x5": 0.16409062794447507, "x6": 1.6671238349077122, "x7": 7.210619805424907, "x8": 0.9058474950054126, "x9": 1.3348087716060326}, "datetime": {"datetime": "2025-05-15 13:09:03", "elapsed": 65429.655453, "delta": 111.864039}}
{"target": 45.02990873479244, "params": {"x0": 0.9247672937615132, "x1": 0.948955441061814, "x2": 2.0149584868794294e-84, "x3": 0.8380769100660634, "x4": 1.6629245501292425, "x5": 0.16409062794447507, "x6": 1.6671238349077122, "x7": 7.210619805424907, "x8": 0.9058474950054126, "x9": 1.3348087716060326}, "datetime": {"datetime": "2025-05-15 13:10:51", "elapsed": 65538.490108, "delta": 108.834655}}
{"target": 45.02990873479244, "params": {"x0": 0.9247672937615132, "x1": 0.948955441061814, "x2": 1.3435901947997713e-84, "x3": 0.8380769100660634, "x4": 1.6629245501292425, "x5": 0.16409062794447507, "x6": 1.6671238349077122, "x7": 7.210619805424907, "x8": 0.9058474950054126, "x9": 1.3348087716060326}, "datetime": {"datetime": "2025-05-15 13:12:40", "elapsed": 65647.026041, "delta": 108.535933}}
{"target": 45.02990873479244, "params": {"x0": 0.9247672937615132, "x1": 0.948955441061814, "x2": 3.9632115918886394e-84, "x3": 0.8380769100660634, "x4": 1.6629245501292425, "x5": 0.16409062794447507, "x6": 1.6671238349077122, "x7": 7.210619805424907, "x8": 0.9058474950054126, "x9": 1.3348087716060326}, "datetime": {"datetime": "2025-05-15 13:14:15", "elapsed": 65741.805248, "delta": 94.779207}}
{"target": 45.02990873479244, "params": {"x0": 0.9247672937615132, "x1": 0.948955441061814, "x2": 5.861851564485285e-84, "x3": 0.8380769100660634, "x4": 1.6629245501292425, "x5": 0.16409062794447507, "x6": 1.6671238349077122, "x7": 7.210619805424907, "x8": 0.9058474950054126, "x9": 1.3348087716060326}, "datetime": {"datetime": "2025-05-15 13:15:46", "elapsed": 65832.718851, "delta": 90.913603}}
{"target": 45.02990873479244, "params": {"x0": 0.9247672937615132, "x1": 0.948955441061814, "x2": 5.723599751636139e-85, "x3": 0.8380769100660634, "x4": 1.6629245501292425, "x5": 0.16409062794447507, "x6": 1.6671238349077122, "x7": 7.210619805424907, "x8": 0.9058474950054126, "x9": 1.3348087716060326}, "datetime": {"datetime": "2025-05-15 13:17:27", "elapsed": 65933.841117, "delta": 101.122266}}
{"target": 45.02990873479244, "params": {"x0": 0.9247672937615132, "x1": 0.948955441061814, "x2": 2.61769544088812e-84, "x3": 0.8380769100660634, "x4": 1.6629245501292425, "x5": 0.16409062794447507, "x6": 1.6671238349077122, "x7": 7.210619805424907, "x8": 0.9058474950054126, "x9": 1.3348087716060326}, "datetime": {"datetime": "2025-05-15 13:18:57", "elapsed": 66024.07407, "delta": 90.232953}}
{"target": 45.02990873479244, "params": {"x0": 0.9247672937615132, "x1": 0.948955441061814, "x2": 4.50426770467003e-84, "x3": 0.8380769100660634, "x4": 1.6629245501292425, "x5": 0.16409062794447507, "x6": 1.6671238349077122, "x7": 7.210619805424907, "x8": 0.9058474950054126, "x9": 1.3348087716060326}, "datetime": {"datetime": "2025-05-15 13:20:28", "elapsed": 66115.456748, "delta": 91.382678}}
{"target": 45.02990873479244, "params": {"x0": 0.9247672937615132, "x1": 0.948955441061814, "x2": 4.549428008128136e-84, "x3": 0.8380769100660634, "x4": 1.6629245501292425, "x5": 0.16409062794447507, "x6": 1.6671238349077122, "x7": 7.210619805424907, "x8": 0.9058474950054126, "x9": 1.3348087716060326}, "datetime": {"datetime": "2025-05-15 13:22:21", "elapsed": 66228.043736, "delta": 112.586988}}
{"target": 45.02990873479244, "params": {"x0": 0.9247672937615132, "x1": 0.948955441061814, "x2": 1.159468247459165e-84, "x3": 0.8380769100660634, "x4": 1.6629245501292425, "x5": 0.16409062794447507, "x6": 1.6671238349077122, "x7": 7.210619805424907, "x8": 0.9058474950054126, "x9": 1.3348087716060326}, "datetime": {"datetime": "2025-05-15 13:24:25", "elapsed": 66352.380741, "delta": 124.337005}}
{"target": 45.02990873479244, "params": {"x0": 0.9247672937615132, "x1": 0.948955441061814, "x2": 3.497351224052369e-84, "x3": 0.8380769100660634, "x4": 1.6629245501292425, "x5": 0.16409062794447507, "x6": 1.6671238349077122, "x7": 7.210619805424907, "x8": 0.9058474950054126, "x9": 1.3348087716060326}, "datetime": {"datetime": "2025-05-15 13:25:56", "elapsed": 66443.261583, "delta": 90.880842}}
{"target": 45.02990873479244, "params": {"x0": 0.9247672937615132, "x1": 0.948955441061814, "x2": 2.5145720720716136e-84, "x3": 0.8380769100660634, "x4": 1.6629245501292425, "x5": 0.16409062794447507, "x6": 1.6671238349077122, "x7": 7.210619805424907, "x8": 0.9058474950054126, "x9": 1.3348087716060326}, "datetime": {"datetime": "2025-05-15 13:27:32", "elapsed": 66538.775884, "delta": 95.514301}}
{"target": 45.02990873479244, "params": {"x0": 0.9247672937615132, "x1": 0.948955441061814, "x2": 2.484483092244921e-84, "x3": 0.8380769100660634, "x4": 1.6629245501292425, "x5": 0.16409062794447507, "x6": 1.6671238349077122, "x7": 7.210619805424907, "x8": 0.9058474950054126, "x9": 1.3348087716060326}, "datetime": {"datetime": "2025-05-15 13:29:22", "elapsed": 66649.385286, "delta": 110.609402}}
{"target": 45.02990873479244, "params": {"x0": 0.9247672937615132, "x1": 0.948955441061814, "x2": 6.326488552098575e-85, "x3": 0.8380769100660634, "x4": 1.6629245501292425, "x5": 0.16409062794447507, "x6": 1.6671238349077122, "x7": 7.210619805424907, "x8": 0.9058474950054126, "x9": 1.3348087716060326}, "datetime": {"datetime": "2025-05-15 13:31:13", "elapsed": 66760.529424, "delta": 111.144138}}
{"target": 45.02990873479244, "params": {"x0": 0.9247672937615132, "x1": 0.948955441061814, "x2": 2.175717742752584e-84, "x3": 0.8380769100660634, "x4": 1.6629245501292425, "x5": 0.16409062794447507, "x6": 1.6671238349077122, "x7": 7.210619805424907, "x8": 0.9058474950054126, "x9": 1.3348087716060326}, "datetime": {"datetime": "2025-05-15 13:32:35", "elapsed": 66841.73187, "delta": 81.202446}}
{"target": 45.02990873479244, "params": {"x0": 0.9247672937615132, "x1": 0.948955441061814, "x2": 1.5004149872547214e-84, "x3": 0.8380769100660634, "x4": 1.6629245501292425, "x5": 0.16409062794447507, "x6": 1.6671238349077122, "x7": 7.210619805424907, "x8": 0.9058474950054126, "x9": 1.3348087716060326}, "datetime": {"datetime": "2025-05-15 13:34:09", "elapsed": 66936.023636, "delta": 94.291766}}
{"target": 45.02990873479244, "params": {"x0": 0.9247672937615132, "x1": 0.948955441061814, "x2": 8.762164541747006e-85, "x3": 0.8380769100660634, "x4": 1.6629245501292425, "x5": 0.16409062794447507, "x6": 1.6671238349077122, "x7": 7.210619805424907, "x8": 0.9058474950054126, "x9": 1.3348087716060326}, "datetime": {"datetime": "2025-05-15 13:36:16", "elapsed": 67063.256219, "delta": 127.232583}}
{"target": 45.02990873479244, "params": {"x0": 0.9247672937615132, "x1": 0.948955441061814, "x2": 3.3000856544713143e-85, "x3": 0.8380769100660634, "x4": 1.6629245501292425, "x5": 0.16409062794447507, "x6": 1.6671238349077122, "x7": 7.210619805424907, "x8": 0.9058474950054126, "x9": 1.3348087716060326}, "datetime": {"datetime": "2025-05-15 13:37:53", "elapsed": 67160.31515, "delta": 97.058931}}
{"target": 45.02990873479244, "params": {"x0": 0.9247672937615132, "x1": 0.948955441061814, "x2": 1.131136217360078e-84, "x3": 0.8380769100660634, "x4": 1.6629245501292425, "x5": 0.16409062794447507, "x6": 1.6671238349077122, "x7": 7.210619805424907, "x8": 0.9058474950054126, "x9": 1.3348087716060326}, "datetime": {"datetime": "2025-05-15 13:39:56", "elapsed": 67283.304039, "delta": 122.988889}}
{"target": 45.02990873479244, "params": {"x0": 0.9247672937615132, "x1": 0.948955441061814, "x2": 6.477959905432617e-85, "x3": 0.8380769100660634, "x4": 1.6629245501292425, "x5": 0.16409062794447507, "x6": 1.6671238349077122, "x7": 7.210619805424907, "x8": 0.9058474950054126, "x9": 1.3348087716060326}, "datetime": {"datetime": "2025-05-15 13:41:38", "elapsed": 67385.151112, "delta": 101.847073}}
{"target": 45.02990873479244, "params": {"x0": 0.9247672937615132, "x1": 0.948955441061814, "x2": 1.1738679986159828e-84, "x3": 0.8380769100660634, "x4": 1.6629245501292425, "x5": 0.16409062794447507, "x6": 1.6671238349077122, "x7": 7.210619805424907, "x8": 0.9058474950054126, "x9": 1.3348087716060326}, "datetime": {"datetime": "2025-05-15 13:43:22", "elapsed": 67488.654845, "delta": 103.503733}}
{"target": 45.02990873479244, "params": {"x0": 0.9247672937615132, "x1": 0.948955441061814, "x2": 1.174206912265687e-84, "x3": 0.8380769100660634, "x4": 1.6629245501292425, "x5": 0.16409062794447507, "x6": 1.6671238349077122, "x7": 7.210619805424907, "x8": 0.9058474950054126, "x9": 1.3348087716060326}, "datetime": {"datetime": "2025-05-15 13:44:46", "elapsed": 67573.249304, "delta": 84.594459}}
{"target": 45.02990873479244, "params": {"x0": 0.9247672937615132, "x1": 0.948955441061814, "x2": 8.533610086027817e-85, "x3": 0.8380769100660634, "x4": 1.6629245501292425, "x5": 0.16409062794447507, "x6": 1.6671238349077122, "x7": 7.210619805424907, "x8": 0.9058474950054126, "x9": 1.3348087716060326}, "datetime": {"datetime": "2025-05-15 13:45:56", "elapsed": 67643.498297, "delta": 70.248993}}
