{"target": 45.02990873479244, "params": {"x0": 0.9247672937615132, "x1": 0.948955441061814, "x2": 6.38696850013931e-70, "x3": 0.8380769100660634, "x4": 1.6629245501292425, "x5": 0.16409062794447507, "x6": 1.6671238349077122, "x7": 7.210619805424907, "x8": 0.9058474950054126, "x9": 1.3348087716060326}, "datetime": {"datetime": "2025-05-15 06:19:02", "elapsed": 40829.239803, "delta": 64.289943}}
{"target": 45.02990873479244, "params": {"x0": 0.9247672937615132, "x1": 0.948955441061814, "x2": 3.7680009934918725e-70, "x3": 0.8380769100660634, "x4": 1.6629245501292425, "x5": 0.16409062794447507, "x6": 1.6671238349077122, "x7": 7.210619805424907, "x8": 0.9058474950054126, "x9": 1.3348087716060326}, "datetime": {"datetime": "2025-05-15 06:20:26", "elapsed": 40913.170813, "delta": 83.93101}}
{"target": 45.02990873479244, "params": {"x0": 0.9247672937615132, "x1": 0.948955441061814, "x2": 7.611842641469193e-70, "x3": 0.8380769100660634, "x4": 1.6629245501292425, "x5": 0.16409062794447507, "x6": 1.6671238349077122, "x7": 7.210619805424907, "x8": 0.9058474950054126, "x9": 1.3348087716060326}, "datetime": {"datetime": "2025-05-15 06:21:33", "elapsed": 40980.166047, "delta": 66.995234}}
{"target": 45.02990873479244, "params": {"x0": 0.9247672937615132, "x1": 0.948955441061814, "x2": 8.671410515472433e-70, "x3": 0.8380769100660634, "x4": 1.6629245501292425, "x5": 0.16409062794447507, "x6": 1.6671238349077122, "x7": 7.210619805424907, "x8": 0.9058474950054126, "x9": 1.3348087716060326}, "datetime": {"datetime": "2025-05-15 06:22:38", "elapsed": 41045.440821, "delta": 65.274774}}
{"target": 45.02990873479244, "params": {"x0": 0.9247672937615132, "x1": 0.948955441061814, "x2": 7.950997379570936e-70, "x3": 0.8380769100660634, "x4": 1.6629245501292425, "x5": 0.16409062794447507, "x6": 1.6671238349077122, "x7": 7.210619805424907, "x8": 0.9058474950054126, "x9": 1.3348087716060326}, "datetime": {"datetime": "2025-05-15 06:23:30", "elapsed": 41097.083888, "delta": 51.643067}}
{"target": 45.02990873479244, "params": {"x0": 0.9247672937615132, "x1": 0.948955441061814, "x2": 4.943729295700359e-70, "x3": 0.8380769100660634, "x4": 1.6629245501292425, "x5": 0.16409062794447507, "x6": 1.6671238349077122, "x7": 7.210619805424907, "x8": 0.9058474950054126, "x9": 1.3348087716060326}, "datetime": {"datetime": "2025-05-15 06:24:44", "elapsed": 41171.269897, "delta": 74.186009}}
{"target": 45.02990873479244, "params": {"x0": 0.9247672937615132, "x1": 0.948955441061814, "x2": 3.2233082794185646e-70, "x3": 0.8380769100660634, "x4": 1.6629245501292425, "x5": 0.16409062794447507, "x6": 1.6671238349077122, "x7": 7.210619805424907, "x8": 0.9058474950054126, "x9": 1.3348087716060326}, "datetime": {"datetime": "2025-05-15 06:25:49", "elapsed": 41235.908111, "delta": 64.638214}}
{"target": 45.02990873479244, "params": {"x0": 0.9247672937615132, "x1": 0.948955441061814, "x2": 4.83181161091343e-70, "x3": 0.8380769100660634, "x4": 1.6629245501292425, "x5": 0.16409062794447507, "x6": 1.6671238349077122, "x7": 7.210619805424907, "x8": 0.9058474950054126, "x9": 1.3348087716060326}, "datetime": {"datetime": "2025-05-15 06:26:50", "elapsed": 41297.408522, "delta": 61.500411}}
{"target": 45.02990873479244, "params": {"x0": 0.9247672937615132, "x1": 0.948955441061814, "x2": 1.4379799936665158e-70, "x3": 0.8380769100660634, "x4": 1.6629245501292425, "x5": 0.16409062794447507, "x6": 1.6671238349077122, "x7": 7.210619805424907, "x8": 0.9058474950054126, "x9": 1.3348087716060326}, "datetime": {"datetime": "2025-05-15 06:27:55", "elapsed": 41361.929696, "delta": 64.521174}}
{"target": 45.02990873479244, "params": {"x0": 0.9247672937615132, "x1": 0.948955441061814, "x2": 7.638771952882516e-71, "x3": 0.8380769100660634, "x4": 1.6629245501292425, "x5": 0.16409062794447507, "x6": 1.6671238349077122, "x7": 7.210619805424907, "x8": 0.9058474950054126, "x9": 1.3348087716060326}, "datetime": {"datetime": "2025-05-15 06:29:00", "elapsed": 41426.841964, "delta": 64.912268}}
{"target": 45.02990873479244, "params": {"x0": 0.9247672937615132, "x1": 0.948955441061814, "x2": 2.4098219774808822e-70, "x3": 0.8380769100660634, "x4": 1.6629245501292425, "x5": 0.16409062794447507, "x6": 1.6671238349077122, "x7": 7.210619805424907, "x8": 0.9058474950054126, "x9": 1.3348087716060326}, "datetime": {"datetime": "2025-05-15 06:30:05", "elapsed": 41491.949164, "delta": 65.1072}}
{"target": 45.02990873479244, "params": {"x0": 0.9247672937615132, "x1": 0.948955441061814, "x2": 9.190292206703121e-71, "x3": 0.8380769100660634, "x4": 1.6629245501292425, "x5": 0.16409062794447507, "x6": 1.6671238349077122, "x7": 7.210619805424907, "x8": 0.9058474950054126, "x9": 1.3348087716060326}, "datetime": {"datetime": "2025-05-15 06:31:16", "elapsed": 41563.501305, "delta": 71.552141}}
{"target": 45.02990873479244, "params": {"x0": 0.9247672937615132, "x1": 0.948955441061814, "x2": 2.5730207646223302e-70, "x3": 0.8380769100660634, "x4": 1.6629245501292425, "x5": 0.16409062794447507, "x6": 1.6671238349077122, "x7": 7.210619805424907, "x8": 0.9058474950054126, "x9": 1.3348087716060326}, "datetime": {"datetime": "2025-05-15 06:32:30", "elapsed": 41636.835645, "delta": 73.33434}}
{"target": 45.02990873479244, "params": {"x0": 0.9247672937615132, "x1": 0.948955441061814, "x2": 2.2600926897008848e-70, "x3": 0.8380769100660634, "x4": 1.6629245501292425, "x5": 0.16409062794447507, "x6": 1.6671238349077122, "x7": 7.210619805424907, "x8": 0.9058474950054126, "x9": 1.3348087716060326}, "datetime": {"datetime": "2025-05-15 06:33:42", "elapsed": 41709.518643, "delta": 72.682998}}
{"target": 45.02990873479244, "params": {"x0": 0.9247672937615132, "x1": 0.948955441061814, "x2": 1.5297327080512772e-70, "x3": 0.8380769100660634, "x4": 1.6629245501292425, "x5": 0.16409062794447507, "x6": 1.6671238349077122, "x7": 7.210619805424907, "x8": 0.9058474950054126, "x9": 1.3348087716060326}, "datetime": {"datetime": "2025-05-15 06:34:45", "elapsed": 41772.238143, "delta": 62.7195}}
{"target": 45.02990873479244, "params": {"x0": 0.9247672937615132, "x1": 0.948955441061814, "x2": 1.375540400079285e-70, "x3": 0.8380769100660634, "x4": 1.6629245501292425, "x5": 0.16409062794447507, "x6": 1.6671238349077122, "x7": 7.210619805424907, "x8": 0.9058474950054126, "x9": 1.3348087716060326}, "datetime": {"datetime": "2025-05-15 06:35:48", "elapsed": 41835.429995, "delta": 63.191852}}
{"target": 45.02990873479244, "params": {"x0": 0.9247672937615132, "x1": 0.948955441061814, "x2": 2.98336283322727e-71, "x3": 0.8380769100660634, "x4": 1.6629245501292425, "x5": 0.16409062794447507, "x6": 1.6671238349077122, "x7": 7.210619805424907, "x8": 0.9058474950054126, "x9": 1.3348087716060326}, "datetime": {"datetime": "2025-05-15 06:37:05", "elapsed": 41912.518677, "delta": 77.088682}}
{"target": 45.02990873479244, "params": {"x0": 0.9247672937615132, "x1": 0.948955441061814, "x2": 1.0776672553113238e-71, "x3": 0.8380769100660634, "x4": 1.6629245501292425, "x5": 0.16409062794447507, "x6": 1.6671238349077122, "x7": 7.210619805424907, "x8": 0.9058474950054126, "x9": 1.3348087716060326}, "datetime": {"datetime": "2025-05-15 06:38:20", "elapsed": 41987.133409, "delta": 74.614732}}
{"target": 45.02990873479244, "params": {"x0": 0.9247672937615132, "x1": 0.948955441061814, "x2": 1.8284279443545912e-70, "x3": 0.8380769100660634, "x4": 1.6629245501292425, "x5": 0.16409062794447507, "x6": 1.6671238349077122, "x7": 7.210619805424907, "x8": 0.9058474950054126, "x9": 1.3348087716060326}, "datetime": {"datetime": "2025-05-15 06:39:42", "elapsed": 42068.702408, "delta": 81.568999}}
{"target": 45.02990873479244, "params": {"x0": 0.9247672937615132, "x1": 0.948955441061814, "x2": 5.800737790216537e-71, "x3": 0.8380769100660634, "x4": 1.6629245501292425, "x5": 0.16409062794447507, "x6": 1.6671238349077122, "x7": 7.210619805424907, "x8": 0.9058474950054126, "x9": 1.3348087716060326}, "datetime": {"datetime": "2025-05-15 06:40:51", "elapsed": 42138.408285, "delta": 69.705877}}
{"target": 45.02990873479244, "params": {"x0": 0.9247672937615132, "x1": 0.948955441061814, "x2": 1.4978791731842365e-71, "x3": 0.8380769100660634, "x4": 1.6629245501292425, "x5": 0.16409062794447507, "x6": 1.6671238349077122, "x7": 7.210619805424907, "x8": 0.9058474950054126, "x9": 1.3348087716060326}, "datetime": {"datetime": "2025-05-15 06:41:54", "elapsed": 42201.214218, "delta": 62.805933}}
{"target": 45.02990873479244, "params": {"x0": 0.9247672937615132, "x1": 0.948955441061814, "x2": 1.3390646943014708e-70, "x3": 0.8380769100660634, "x4": 1.6629245501292425, "x5": 0.16409062794447507, "x6": 1.6671238349077122, "x7": 7.210619805424907, "x8": 0.9058474950054126, "x9": 1.3348087716060326}, "datetime": {"datetime": "2025-05-15 06:43:03", "elapsed": 42270.009934, "delta": 68.795716}}
{"target": 45.02990873479244, "params": {"x0": 0.9247672937615132, "x1": 0.948955441061814, "x2": 1.1126819070723146e-70, "x3": 0.8380769100660634, "x4": 1.6629245501292425, "x5": 0.16409062794447507, "x6": 1.6671238349077122, "x7": 7.210619805424907, "x8": 0.9058474950054126, "x9": 1.3348087716060326}, "datetime": {"datetime": "2025-05-15 06:44:18", "elapsed": 42345.442834, "delta": 75.4329}}
{"target": 45.02990873479244, "params": {"x0": 0.9247672937615132, "x1": 0.948955441061814, "x2": 1.1091030490571638e-70, "x3": 0.8380769100660634, "x4": 1.6629245501292425, "x5": 0.16409062794447507, "x6": 1.6671238349077122, "x7": 7.210619805424907, "x8": 0.9058474950054126, "x9": 1.3348087716060326}, "datetime": {"datetime": "2025-05-15 06:45:43", "elapsed": 42430.575885, "delta": 85.133051}}
{"target": 45.02990873479244, "params": {"x0": 0.9247672937615132, "x1": 0.948955441061814, "x2": 4.3002030685744115e-72, "x3": 0.8380769100660634, "x4": 1.6629245501292425, "x5": 0.16409062794447507, "x6": 1.6671238349077122, "x7": 7.210619805424907, "x8": 0.9058474950054126, "x9": 1.3348087716060326}, "datetime": {"datetime": "2025-05-15 06:46:56", "elapsed": 42503.026152, "delta": 72.450267}}
{"target": 45.02990873479244, "params": {"x0": 0.9247672937615132, "x1": 0.948955441061814, "x2": 1.7857429271274626e-71, "x3": 0.8380769100660634, "x4": 1.6629245501292425, "x5": 0.16409062794447507, "x6": 1.6671238349077122, "x7": 7.210619805424907, "x8": 0.9058474950054126, "x9": 1.3348087716060326}, "datetime": {"datetime": "2025-05-15 06:48:11", "elapsed": 42578.373484, "delta": 75.347332}}
{"target": 45.02990873479244, "params": {"x0": 0.9247672937615132, "x1": 0.948955441061814, "x2": 2.9459098147256814e-71, "x3": 0.8380769100660634, "x4": 1.6629245501292425, "x5": 0.16409062794447507, "x6": 1.6671238349077122, "x7": 7.210619805424907, "x8": 0.9058474950054126, "x9": 1.3348087716060326}, "datetime": {"datetime": "2025-05-15 06:49:14", "elapsed": 42641.148345, "delta": 62.774861}}
{"target": 45.02990873479244, "params": {"x0": 0.9247672937615132, "x1": 0.948955441061814, "x2": 3.2273127777920864e-71, "x3": 0.8380769100660634, "x4": 1.6629245501292425, "x5": 0.16409062794447507, "x6": 1.6671238349077122, "x7": 7.210619805424907, "x8": 0.9058474950054126, "x9": 1.3348087716060326}, "datetime": {"datetime": "2025-05-15 06:50:22", "elapsed": 42708.988541, "delta": 67.840196}}
{"target": 45.02990873479244, "params": {"x0": 0.9247672937615132, "x1": 0.948955441061814, "x2": 6.162031425256195e-71, "x3": 0.8380769100660634, "x4": 1.6629245501292425, "x5": 0.16409062794447507, "x6": 1.6671238349077122, "x7": 7.210619805424907, "x8": 0.9058474950054126, "x9": 1.3348087716060326}, "datetime": {"datetime": "2025-05-15 06:51:21", "elapsed": 42768.510704, "delta": 59.522163}}
{"target": 45.02990873479244, "params": {"x0": 0.9247672937615132, "x1": 0.948955441061814, "x2": 2.227809030013402e-71, "x3": 0.8380769100660634, "x4": 1.6629245501292425, "x5": 0.16409062794447507, "x6": 1.6671238349077122, "x7": 7.210619805424907, "x8": 0.9058474950054126, "x9": 1.3348087716060326}, "datetime": {"datetime": "2025-05-15 06:52:54", "elapsed": 42861.131174, "delta": 92.62047}}
{"target": 45.02990873479244, "params": {"x0": 0.9247672937615132, "x1": 0.948955441061814, "x2": 5.04559060107362e-71, "x3": 0.8380769100660634, "x4": 1.6629245501292425, "x5": 0.16409062794447507, "x6": 1.6671238349077122, "x7": 7.210619805424907, "x8": 0.9058474950054126, "x9": 1.3348087716060326}, "datetime": {"datetime": "2025-05-15 06:54:01", "elapsed": 42928.014812, "delta": 66.883638}}
{"target": 45.02990873479244, "params": {"x0": 0.9247672937615132, "x1": 0.948955441061814, "x2": 4.551668437707791e-71, "x3": 0.8380769100660634, "x4": 1.6629245501292425, "x5": 0.16409062794447507, "x6": 1.6671238349077122, "x7": 7.210619805424907, "x8": 0.9058474950054126, "x9": 1.3348087716060326}, "datetime": {"datetime": "2025-05-15 06:55:04", "elapsed": 42990.898904, "delta": 62.884092}}
{"target": 45.02990873479244, "params": {"x0": 0.9247672937615132, "x1": 0.948955441061814, "x2": 6.220836833580427e-72, "x3": 0.8380769100660634, "x4": 1.6629245501292425, "x5": 0.16409062794447507, "x6": 1.6671238349077122, "x7": 7.210619805424907, "x8": 0.9058474950054126, "x9": 1.3348087716060326}, "datetime": {"datetime": "2025-05-15 06:56:02", "elapsed": 43049.045734, "delta": 58.14683}}
{"target": 45.02990873479244, "params": {"x0": 0.9247672937615132, "x1": 0.948955441061814, "x2": 3.420641112976273e-71, "x3": 0.8380769100660634, "x4": 1.6629245501292425, "x5": 0.16409062794447507, "x6": 1.6671238349077122, "x7": 7.210619805424907, "x8": 0.9058474950054126, "x9": 1.3348087716060326}, "datetime": {"datetime": "2025-05-15 06:57:08", "elapsed": 43114.683307, "delta": 65.637573}}
{"target": 45.02990873479244, "params": {"x0": 0.9247672937615132, "x1": 0.948955441061814, "x2": 2.217124095942019e-71, "x3": 0.8380769100660634, "x4": 1.6629245501292425, "x5": 0.16409062794447507, "x6": 1.6671238349077122, "x7": 7.210619805424907, "x8": 0.9058474950054126, "x9": 1.3348087716060326}, "datetime": {"datetime": "2025-05-15 06:58:30", "elapsed": 43196.70706, "delta": 82.023753}}
{"target": 45.02990873479244, "params": {"x0": 0.9247672937615132, "x1": 0.948955441061814, "x2": 4.886898745246125e-72, "x3": 0.8380769100660634, "x4": 1.6629245501292425, "x5": 0.16409062794447507, "x6": 1.6671238349077122, "x7": 7.210619805424907, "x8": 0.9058474950054126, "x9": 1.3348087716060326}, "datetime": {"datetime": "2025-05-15 06:59:45", "elapsed": 43271.907964, "delta": 75.200904}}
{"target": 45.02990873479244, "params": {"x0": 0.9247672937615132, "x1": 0.948955441061814, "x2": 2.539520832989145e-71, "x3": 0.8380769100660634, "x4": 1.6629245501292425, "x5": 0.16409062794447507, "x6": 1.6671238349077122, "x7": 7.210619805424907, "x8": 0.9058474950054126, "x9": 1.3348087716060326}, "datetime": {"datetime": "2025-05-15 07:01:02", "elapsed": 43349.596544, "delta": 77.68858}}
{"target": 45.02990873479244, "params": {"x0": 0.9247672937615132, "x1": 0.948955441061814, "x2": 2.5232271355462346e-71, "x3": 0.8380769100660634, "x4": 1.6629245501292425, "x5": 0.16409062794447507, "x6": 1.6671238349077122, "x7": 7.210619805424907, "x8": 0.9058474950054126, "x9": 1.3348087716060326}, "datetime": {"datetime": "2025-05-15 07:02:13", "elapsed": 43420.138432, "delta": 70.541888}}
{"target": 45.02990873479244, "params": {"x0": 0.9247672937615132, "x1": 0.948955441061814, "x2": 1.3881774230518444e-71, "x3": 0.8380769100660634, "x4": 1.6629245501292425, "x5": 0.16409062794447507, "x6": 1.6671238349077122, "x7": 7.210619805424907, "x8": 0.9058474950054126, "x9": 1.3348087716060326}, "datetime": {"datetime": "2025-05-15 07:03:20", "elapsed": 43487.478349, "delta": 67.339917}}
{"target": 45.02990873479244, "params": {"x0": 0.9247672937615132, "x1": 0.948955441061814, "x2": 9.372446942700943e-72, "x3": 0.8380769100660634, "x4": 1.6629245501292425, "x5": 0.16409062794447507, "x6": 1.6671238349077122, "x7": 7.210619805424907, "x8": 0.9058474950054126, "x9": 1.3348087716060326}, "datetime": {"datetime": "2025-05-15 07:04:27", "elapsed": 43554.307658, "delta": 66.829309}}
{"target": 45.02990873479244, "params": {"x0": 0.9247672937615132, "x1": 0.948955441061814, "x2": 1.7166644640970072e-71, "x3": 0.8380769100660634, "x4": 1.6629245501292425, "x5": 0.16409062794447507, "x6": 1.6671238349077122, "x7": 7.210619805424907, "x8": 0.9058474950054126, "x9": 1.3348087716060326}, "datetime": {"datetime": "2025-05-15 07:05:38", "elapsed": 43624.695554, "delta": 70.387896}}
{"target": 45.02990873479244, "params": {"x0": 0.9247672937615132, "x1": 0.948955441061814, "x2": 2.6384846437468553e-72, "x3": 0.8380769100660634, "x4": 1.6629245501292425, "x5": 0.16409062794447507, "x6": 1.6671238349077122, "x7": 7.210619805424907, "x8": 0.9058474950054126, "x9": 1.3348087716060326}, "datetime": {"datetime": "2025-05-15 07:06:36", "elapsed": 43682.899872, "delta": 58.204318}}
{"target": 45.02990873479244, "params": {"x0": 0.9247672937615132, "x1": 0.948955441061814, "x2": 1.1671831321398752e-71, "x3": 0.8380769100660634, "x4": 1.6629245501292425, "x5": 0.16409062794447507, "x6": 1.6671238349077122, "x7": 7.210619805424907, "x8": 0.9058474950054126, "x9": 1.3348087716060326}, "datetime": {"datetime": "2025-05-15 07:07:47", "elapsed": 43754.583193, "delta": 71.683321}}
{"target": 45.02990873479244, "params": {"x0": 0.9247672937615132, "x1": 0.948955441061814, "x2": 7.625519414181579e-72, "x3": 0.8380769100660634, "x4": 1.6629245501292425, "x5": 0.16409062794447507, "x6": 1.6671238349077122, "x7": 7.210619805424907, "x8": 0.9058474950054126, "x9": 1.3348087716060326}, "datetime": {"datetime": "2025-05-15 07:08:53", "elapsed": 43820.277336, "delta": 65.694143}}
{"target": 45.02990873479244, "params": {"x0": 0.9247672937615132, "x1": 0.948955441061814, "x2": 3.4830160105427737e-72, "x3": 0.8380769100660634, "x4": 1.6629245501292425, "x5": 0.16409062794447507, "x6": 1.6671238349077122, "x7": 7.210619805424907, "x8": 0.9058474950054126, "x9": 1.3348087716060326}, "datetime": {"datetime": "2025-05-15 07:10:07", "elapsed": 43894.307253, "delta": 74.029917}}
{"target": 45.02990873479244, "params": {"x0": 0.9247672937615132, "x1": 0.948955441061814, "x2": 9.627443213944119e-72, "x3": 0.8380769100660634, "x4": 1.6629245501292425, "x5": 0.16409062794447507, "x6": 1.6671238349077122, "x7": 7.210619805424907, "x8": 0.9058474950054126, "x9": 1.3348087716060326}, "datetime": {"datetime": "2025-05-15 07:11:02", "elapsed": 43948.891854, "delta": 54.584601}}
{"target": 45.02990873479244, "params": {"x0": 0.9247672937615132, "x1": 0.948955441061814, "x2": 1.0265202900491936e-72, "x3": 0.8380769100660634, "x4": 1.6629245501292425, "x5": 0.16409062794447507, "x6": 1.6671238349077122, "x7": 7.210619805424907, "x8": 0.9058474950054126, "x9": 1.3348087716060326}, "datetime": {"datetime": "2025-05-15 07:12:04", "elapsed": 44010.605102, "delta": 61.713248}}
{"target": 45.02990873479244, "params": {"x0": 0.9247672937615132, "x1": 0.948955441061814, "x2": 8.022645521037467e-72, "x3": 0.8380769100660634, "x4": 1.6629245501292425, "x5": 0.16409062794447507, "x6": 1.6671238349077122, "x7": 7.210619805424907, "x8": 0.9058474950054126, "x9": 1.3348087716060326}, "datetime": {"datetime": "2025-05-15 07:13:10", "elapsed": 44076.817844, "delta": 66.212742}}
{"target": 45.02990873479244, "params": {"x0": 0.9247672937615132, "x1": 0.948955441061814, "x2": 1.1754100649813264e-72, "x3": 0.8380769100660634, "x4": 1.6629245501292425, "x5": 0.16409062794447507, "x6": 1.6671238349077122, "x7": 7.210619805424907, "x8": 0.9058474950054126, "x9": 1.3348087716060326}, "datetime": {"datetime": "2025-05-15 07:14:16", "elapsed": 44143.310409, "delta": 66.492565}}
{"target": 45.02990873479244, "params": {"x0": 0.9247672937615132, "x1": 0.948955441061814, "x2": 1.1295113995562522e-72, "x3": 0.8380769100660634, "x4": 1.6629245501292425, "x5": 0.16409062794447507, "x6": 1.6671238349077122, "x7": 7.210619805424907, "x8": 0.9058474950054126, "x9": 1.3348087716060326}, "datetime": {"datetime": "2025-05-15 07:15:03", "elapsed": 44190.153842, "delta": 46.843433}}
{"target": 45.02990873479244, "params": {"x0": 0.9247672937615132, "x1": 0.948955441061814, "x2": 1.6950449166660943e-72, "x3": 0.8380769100660634, "x4": 1.6629245501292425, "x5": 0.16409062794447507, "x6": 1.6671238349077122, "x7": 7.210619805424907, "x8": 0.9058474950054126, "x9": 1.3348087716060326}, "datetime": {"datetime": "2025-05-15 07:16:11", "elapsed": 44258.408071, "delta": 68.254229}}
{"target": 45.02990873479244, "params": {"x0": 0.9247672937615132, "x1": 0.948955441061814, "x2": 2.26331385733219e-73, "x3": 0.8380769100660634, "x4": 1.6629245501292425, "x5": 0.16409062794447507, "x6": 1.6671238349077122, "x7": 7.210619805424907, "x8": 0.9058474950054126, "x9": 1.3348087716060326}, "datetime": {"datetime": "2025-05-15 07:17:20", "elapsed": 44326.745871, "delta": 68.3378}}
{"target": 45.02990873479244, "params": {"x0": 0.9247672937615132, "x1": 0.948955441061814, "x2": 3.734092824898079e-72, "x3": 0.8380769100660634, "x4": 1.6629245501292425, "x5": 0.16409062794447507, "x6": 1.6671238349077122, "x7": 7.210619805424907, "x8": 0.9058474950054126, "x9": 1.3348087716060326}, "datetime": {"datetime": "2025-05-15 07:18:32", "elapsed": 44398.795787, "delta": 72.049916}}
{"target": 45.02990873479244, "params": {"x0": 0.9247672937615132, "x1": 0.948955441061814, "x2": 1.6969194650451494e-72, "x3": 0.8380769100660634, "x4": 1.6629245501292425, "x5": 0.16409062794447507, "x6": 1.6671238349077122, "x7": 7.210619805424907, "x8": 0.9058474950054126, "x9": 1.3348087716060326}, "datetime": {"datetime": "2025-05-15 07:19:30", "elapsed": 44456.951616, "delta": 58.155829}}
{"target": 45.02990873479244, "params": {"x0": 0.9247672937615132, "x1": 0.948955441061814, "x2": 1.7557994997030116e-73, "x3": 0.8380769100660634, "x4": 1.6629245501292425, "x5": 0.16409062794447507, "x6": 1.6671238349077122, "x7": 7.210619805424907, "x8": 0.9058474950054126, "x9": 1.3348087716060326}, "datetime": {"datetime": "2025-05-15 07:20:37", "elapsed": 44524.195231, "delta": 67.243615}}
