{"target": 45.02990873479244, "params": {"x0": 0.9247672937615132, "x1": 0.948955441061814, "x2": 4.488440301667231e-27, "x3": 0.8380769100660634, "x4": 1.6629245501292425, "x5": 0.16409062794447507, "x6": 1.6671238349077122, "x7": 7.210619805424907, "x8": 0.9058474950054126, "x9": 1.3348087716060326}, "datetime": {"datetime": "2025-05-14 20:39:20", "elapsed": 6047.279307, "delta": 17.157959}}
{"target": 45.02990873479244, "params": {"x0": 0.9247672937615132, "x1": 0.948955441061814, "x2": 2.7523847029679763e-27, "x3": 0.8380769100660634, "x4": 1.6629245501292425, "x5": 0.16409062794447507, "x6": 1.6671238349077122, "x7": 7.210619805424907, "x8": 0.9058474950054126, "x9": 1.3348087716060326}, "datetime": {"datetime": "2025-05-14 20:39:40", "elapsed": 6067.018227, "delta": 19.73892}}
{"target": 45.02990873479244, "params": {"x0": 0.9247672937615132, "x1": 0.948955441061814, "x2": 5.227319350168349e-28, "x3": 0.8380769100660634, "x4": 1.6629245501292425, "x5": 0.16409062794447507, "x6": 1.6671238349077122, "x7": 7.210619805424907, "x8": 0.9058474950054126, "x9": 1.3348087716060326}, "datetime": {"datetime": "2025-05-14 20:39:54", "elapsed": 6080.909988, "delta": 13.891761}}
{"target": 45.02990873479244, "params": {"x0": 0.9247672937615132, "x1": 0.948955441061814, "x2": 4.073554028598973e-27, "x3": 0.8380769100660634, "x4": 1.6629245501292425, "x5": 0.16409062794447507, "x6": 1.6671238349077122, "x7": 7.210619805424907, "x8": 0.9058474950054126, "x9": 1.3348087716060326}, "datetime": {"datetime": "2025-05-14 20:40:09", "elapsed": 6095.911831, "delta": 15.001843}}
{"target": 45.02990873479244, "params": {"x0": 0.9247672937615132, "x1": 0.948955441061814, "x2": 1.7475855926261975e-27, "x3": 0.8380769100660634, "x4": 1.6629245501292425, "x5": 0.16409062794447507, "x6": 1.6671238349077122, "x7": 7.210619805424907, "x8": 0.9058474950054126, "x9": 1.3348087716060326}, "datetime": {"datetime": "2025-05-14 20:40:23", "elapsed": 6110.285363, "delta": 14.373532}}
{"target": 45.02990873479244, "params": {"x0": 0.9247672937615132, "x1": 0.948955441061814, "x2": 1.8957073739404111e-28, "x3": 0.8380769100660634, "x4": 1.6629245501292425, "x5": 0.16409062794447507, "x6": 1.6671238349077122, "x7": 7.210619805424907, "x8": 0.9058474950054126, "x9": 1.3348087716060326}, "datetime": {"datetime": "2025-05-14 20:40:38", "elapsed": 6125.120715, "delta": 14.835352}}
{"target": 45.02990873479244, "params": {"x0": 0.9247672937615132, "x1": 0.948955441061814, "x2": 2.9761487803198395e-27, "x3": 0.8380769100660634, "x4": 1.6629245501292425, "x5": 0.16409062794447507, "x6": 1.6671238349077122, "x7": 7.210619805424907, "x8": 0.9058474950054126, "x9": 1.3348087716060326}, "datetime": {"datetime": "2025-05-14 20:40:53", "elapsed": 6140.046142, "delta": 14.925427}}
{"target": 45.02990873479244, "params": {"x0": 0.9247672937615132, "x1": 0.948955441061814, "x2": 7.111913022399123e-28, "x3": 0.8380769100660634, "x4": 1.6629245501292425, "x5": 0.16409062794447507, "x6": 1.6671238349077122, "x7": 7.210619805424907, "x8": 0.9058474950054126, "x9": 1.3348087716060326}, "datetime": {"datetime": "2025-05-14 20:41:09", "elapsed": 6156.048829, "delta": 16.002687}}
{"target": 45.02990873479244, "params": {"x0": 0.9247672937615132, "x1": 0.948955441061814, "x2": 1.3224448401671174e-27, "x3": 0.8380769100660634, "x4": 1.6629245501292425, "x5": 0.16409062794447507, "x6": 1.6671238349077122, "x7": 7.210619805424907, "x8": 0.9058474950054126, "x9": 1.3348087716060326}, "datetime": {"datetime": "2025-05-14 20:41:23", "elapsed": 6170.207789, "delta": 14.15896}}
{"target": 45.02990873479244, "params": {"x0": 0.9247672937615132, "x1": 0.948955441061814, "x2": 1.883765142246309e-27, "x3": 0.8380769100660634, "x4": 1.6629245501292425, "x5": 0.16409062794447507, "x6": 1.6671238349077122, "x7": 7.210619805424907, "x8": 0.9058474950054126, "x9": 1.3348087716060326}, "datetime": {"datetime": "2025-05-14 20:41:38", "elapsed": 6185.382035, "delta": 15.174246}}
{"target": 45.02990873479244, "params": {"x0": 0.9247672937615132, "x1": 0.948955441061814, "x2": 2.342131552075407e-27, "x3": 0.8380769100660634, "x4": 1.6629245501292425, "x5": 0.16409062794447507, "x6": 1.6671238349077122, "x7": 7.210619805424907, "x8": 0.9058474950054126, "x9": 1.3348087716060326}, "datetime": {"datetime": "2025-05-14 20:41:53", "elapsed": 6200.072966, "delta": 14.690931}}
{"target": 45.02990873479244, "params": {"x0": 0.9247672937615132, "x1": 0.948955441061814, "x2": 2.4580678906834547e-28, "x3": 0.8380769100660634, "x4": 1.6629245501292425, "x5": 0.16409062794447507, "x6": 1.6671238349077122, "x7": 7.210619805424907, "x8": 0.9058474950054126, "x9": 1.3348087716060326}, "datetime": {"datetime": "2025-05-14 20:42:07", "elapsed": 6214.304456, "delta": 14.23149}}
{"target": 45.02990873479244, "params": {"x0": 0.9247672937615132, "x1": 0.948955441061814, "x2": 1.8800264916643386e-27, "x3": 0.8380769100660634, "x4": 1.6629245501292425, "x5": 0.16409062794447507, "x6": 1.6671238349077122, "x7": 7.210619805424907, "x8": 0.9058474950054126, "x9": 1.3348087716060326}, "datetime": {"datetime": "2025-05-14 20:42:23", "elapsed": 6230.138543, "delta": 15.834087}}
{"target": 45.02990873479244, "params": {"x0": 0.9247672937615132, "x1": 0.948955441061814, "x2": 1.5439093754826387e-27, "x3": 0.8380769100660634, "x4": 1.6629245501292425, "x5": 0.16409062794447507, "x6": 1.6671238349077122, "x7": 7.210619805424907, "x8": 0.9058474950054126, "x9": 1.3348087716060326}, "datetime": {"datetime": "2025-05-14 20:42:40", "elapsed": 6247.408309, "delta": 17.269766}}
{"target": 45.02990873479244, "params": {"x0": 0.9247672937615132, "x1": 0.948955441061814, "x2": 1.2092256040169797e-27, "x3": 0.8380769100660634, "x4": 1.6629245501292425, "x5": 0.16409062794447507, "x6": 1.6671238349077122, "x7": 7.210619805424907, "x8": 0.9058474950054126, "x9": 1.3348087716060326}, "datetime": {"datetime": "2025-05-14 20:42:58", "elapsed": 6265.1893, "delta": 17.780991}}
{"target": 45.02990873479244, "params": {"x0": 0.9247672937615132, "x1": 0.948955441061814, "x2": 3.755855234274239e-29, "x3": 0.8380769100660634, "x4": 1.6629245501292425, "x5": 0.16409062794447507, "x6": 1.6671238349077122, "x7": 7.210619805424907, "x8": 0.9058474950054126, "x9": 1.3348087716060326}, "datetime": {"datetime": "2025-05-14 20:43:14", "elapsed": 6281.561825, "delta": 16.372525}}
{"target": 45.02990873479244, "params": {"x0": 0.9247672937615132, "x1": 0.948955441061814, "x2": 7.981429221216225e-29, "x3": 0.8380769100660634, "x4": 1.6629245501292425, "x5": 0.16409062794447507, "x6": 1.6671238349077122, "x7": 7.210619805424907, "x8": 0.9058474950054126, "x9": 1.3348087716060326}, "datetime": {"datetime": "2025-05-14 20:43:31", "elapsed": 6297.664938, "delta": 16.103113}}
{"target": 45.02990873479244, "params": {"x0": 0.9247672937615132, "x1": 0.948955441061814, "x2": 7.894880684143603e-28, "x3": 0.8380769100660634, "x4": 1.6629245501292425, "x5": 0.16409062794447507, "x6": 1.6671238349077122, "x7": 7.210619805424907, "x8": 0.9058474950054126, "x9": 1.3348087716060326}, "datetime": {"datetime": "2025-05-14 20:43:46", "elapsed": 6312.672603, "delta": 15.007665}}
{"target": 45.02990873479244, "params": {"x0": 0.9247672937615132, "x1": 0.948955441061814, "x2": 1.4664001738458116e-28, "x3": 0.8380769100660634, "x4": 1.6629245501292425, "x5": 0.16409062794447507, "x6": 1.6671238349077122, "x7": 7.210619805424907, "x8": 0.9058474950054126, "x9": 1.3348087716060326}, "datetime": {"datetime": "2025-05-14 20:44:01", "elapsed": 6328.078696, "delta": 15.406093}}
{"target": 45.02990873479244, "params": {"x0": 0.9247672937615132, "x1": 0.948955441061814, "x2": 2.7659734392652357e-28, "x3": 0.8380769100660634, "x4": 1.6629245501292425, "x5": 0.16409062794447507, "x6": 1.6671238349077122, "x7": 7.210619805424907, "x8": 0.9058474950054126, "x9": 1.3348087716060326}, "datetime": {"datetime": "2025-05-14 20:44:16", "elapsed": 6342.726252, "delta": 14.647556}}
{"target": 45.02990873479244, "params": {"x0": 0.9247672937615132, "x1": 0.948955441061814, "x2": 1.7191641548620187e-28, "x3": 0.8380769100660634, "x4": 1.6629245501292425, "x5": 0.16409062794447507, "x6": 1.6671238349077122, "x7": 7.210619805424907, "x8": 0.9058474950054126, "x9": 1.3348087716060326}, "datetime": {"datetime": "2025-05-14 20:44:30", "elapsed": 6357.140284, "delta": 14.414032}}
{"target": 45.02990873479244, "params": {"x0": 0.9247672937615132, "x1": 0.948955441061814, "x2": 3.3536981806908855e-28, "x3": 0.8380769100660634, "x4": 1.6629245501292425, "x5": 0.16409062794447507, "x6": 1.6671238349077122, "x7": 7.210619805424907, "x8": 0.9058474950054126, "x9": 1.3348087716060326}, "datetime": {"datetime": "2025-05-14 20:44:45", "elapsed": 6372.343187, "delta": 15.202903}}
{"target": 45.02990873479244, "params": {"x0": 0.9247672937615132, "x1": 0.948955441061814, "x2": 5.996966591282364e-28, "x3": 0.8380769100660634, "x4": 1.6629245501292425, "x5": 0.16409062794447507, "x6": 1.6671238349077122, "x7": 7.210619805424907, "x8": 0.9058474950054126, "x9": 1.3348087716060326}, "datetime": {"datetime": "2025-05-14 20:45:02", "elapsed": 6389.20646, "delta": 16.863273}}
{"target": 45.02990873479244, "params": {"x0": 0.9247672937615132, "x1": 0.948955441061814, "x2": 6.118215350050791e-28, "x3": 0.8380769100660634, "x4": 1.6629245501292425, "x5": 0.16409062794447507, "x6": 1.6671238349077122, "x7": 7.210619805424907, "x8": 0.9058474950054126, "x9": 1.3348087716060326}, "datetime": {"datetime": "2025-05-14 20:45:17", "elapsed": 6404.089038, "delta": 14.882578}}
{"target": 45.02990873479244, "params": {"x0": 0.9247672937615132, "x1": 0.948955441061814, "x2": 4.677525572235538e-28, "x3": 0.8380769100660634, "x4": 1.6629245501292425, "x5": 0.16409062794447507, "x6": 1.6671238349077122, "x7": 7.210619805424907, "x8": 0.9058474950054126, "x9": 1.3348087716060326}, "datetime": {"datetime": "2025-05-14 20:45:31", "elapsed": 6418.518347, "delta": 14.429309}}
{"target": 45.02990873479244, "params": {"x0": 0.9247672937615132, "x1": 0.948955441061814, "x2": 2.6572073937691306e-28, "x3": 0.8380769100660634, "x4": 1.6629245501292425, "x5": 0.16409062794447507, "x6": 1.6671238349077122, "x7": 7.210619805424907, "x8": 0.9058474950054126, "x9": 1.3348087716060326}, "datetime": {"datetime": "2025-05-14 20:45:49", "elapsed": 6435.642602, "delta": 17.124255}}
{"target": 45.02990873479244, "params": {"x0": 0.9247672937615132, "x1": 0.948955441061814, "x2": 4.67695036815541e-28, "x3": 0.8380769100660634, "x4": 1.6629245501292425, "x5": 0.16409062794447507, "x6": 1.6671238349077122, "x7": 7.210619805424907, "x8": 0.9058474950054126, "x9": 1.3348087716060326}, "datetime": {"datetime": "2025-05-14 20:46:07", "elapsed": 6453.691902, "delta": 18.0493}}
{"target": 45.02990873479244, "params": {"x0": 0.9247672937615132, "x1": 0.948955441061814, "x2": 3.4355421373697026e-28, "x3": 0.8380769100660634, "x4": 1.6629245501292425, "x5": 0.16409062794447507, "x6": 1.6671238349077122, "x7": 7.210619805424907, "x8": 0.9058474950054126, "x9": 1.3348087716060326}, "datetime": {"datetime": "2025-05-14 20:46:24", "elapsed": 6471.425105, "delta": 17.733203}}
{"target": 45.02990873479244, "params": {"x0": 0.9247672937615132, "x1": 0.948955441061814, "x2": 1.3440233664242044e-28, "x3": 0.8380769100660634, "x4": 1.6629245501292425, "x5": 0.16409062794447507, "x6": 1.6671238349077122, "x7": 7.210619805424907, "x8": 0.9058474950054126, "x9": 1.3348087716060326}, "datetime": {"datetime": "2025-05-14 20:46:42", "elapsed": 6489.597073, "delta": 18.171968}}
{"target": 45.02990873479244, "params": {"x0": 0.9247672937615132, "x1": 0.948955441061814, "x2": 3.7532412294146543e-29, "x3": 0.8380769100660634, "x4": 1.6629245501292425, "x5": 0.16409062794447507, "x6": 1.6671238349077122, "x7": 7.210619805424907, "x8": 0.9058474950054126, "x9": 1.3348087716060326}, "datetime": {"datetime": "2025-05-14 20:46:58", "elapsed": 6504.687168, "delta": 15.090095}}
{"target": 45.02990873479244, "params": {"x0": 0.9247672937615132, "x1": 0.948955441061814, "x2": 3.078061296405859e-28, "x3": 0.8380769100660634, "x4": 1.6629245501292425, "x5": 0.16409062794447507, "x6": 1.6671238349077122, "x7": 7.210619805424907, "x8": 0.9058474950054126, "x9": 1.3348087716060326}, "datetime": {"datetime": "2025-05-14 20:47:14", "elapsed": 6520.815567, "delta": 16.128399}}
{"target": 45.02990873479244, "params": {"x0": 0.9247672937615132, "x1": 0.948955441061814, "x2": 1.997142470279599e-28, "x3": 0.8380769100660634, "x4": 1.6629245501292425, "x5": 0.16409062794447507, "x6": 1.6671238349077122, "x7": 7.210619805424907, "x8": 0.9058474950054126, "x9": 1.3348087716060326}, "datetime": {"datetime": "2025-05-14 20:47:30", "elapsed": 6537.43165, "delta": 16.616083}}
{"target": 45.02990873479244, "params": {"x0": 0.9247672937615132, "x1": 0.948955441061814, "x2": 2.4787088174809574e-28, "x3": 0.8380769100660634, "x4": 1.6629245501292425, "x5": 0.16409062794447507, "x6": 1.6671238349077122, "x7": 7.210619805424907, "x8": 0.9058474950054126, "x9": 1.3348087716060326}, "datetime": {"datetime": "2025-05-14 20:47:47", "elapsed": 6553.811928, "delta": 16.380278}}
{"target": 45.02990873479244, "params": {"x0": 0.9247672937615132, "x1": 0.948955441061814, "x2": 1.647433924820266e-28, "x3": 0.8380769100660634, "x4": 1.6629245501292425, "x5": 0.16409062794447507, "x6": 1.6671238349077122, "x7": 7.210619805424907, "x8": 0.9058474950054126, "x9": 1.3348087716060326}, "datetime": {"datetime": "2025-05-14 20:48:04", "elapsed": 6570.745868, "delta": 16.93394}}
{"target": 45.02990873479244, "params": {"x0": 0.9247672937615132, "x1": 0.948955441061814, "x2": 7.369360447809766e-29, "x3": 0.8380769100660634, "x4": 1.6629245501292425, "x5": 0.16409062794447507, "x6": 1.6671238349077122, "x7": 7.210619805424907, "x8": 0.9058474950054126, "x9": 1.3348087716060326}, "datetime": {"datetime": "2025-05-14 20:48:18", "elapsed": 6584.779215, "delta": 14.033347}}
{"target": 45.02990873479244, "params": {"x0": 0.9247672937615132, "x1": 0.948955441061814, "x2": 3.1310995134077396e-31, "x3": 0.8380769100660634, "x4": 1.6629245501292425, "x5": 0.16409062794447507, "x6": 1.6671238349077122, "x7": 7.210619805424907, "x8": 0.9058474950054126, "x9": 1.3348087716060326}, "datetime": {"datetime": "2025-05-14 20:48:37", "elapsed": 6603.813988, "delta": 19.034773}}
{"target": 45.02990873479244, "params": {"x0": 0.9247672937615132, "x1": 0.948955441061814, "x2": 1.3084616461078168e-28, "x3": 0.8380769100660634, "x4": 1.6629245501292425, "x5": 0.16409062794447507, "x6": 1.6671238349077122, "x7": 7.210619805424907, "x8": 0.9058474950054126, "x9": 1.3348087716060326}, "datetime": {"datetime": "2025-05-14 20:48:53", "elapsed": 6620.343879, "delta": 16.529891}}
{"target": 45.02990873479244, "params": {"x0": 0.9247672937615132, "x1": 0.948955441061814, "x2": 1.1899773131180632e-28, "x3": 0.8380769100660634, "x4": 1.6629245501292425, "x5": 0.16409062794447507, "x6": 1.6671238349077122, "x7": 7.210619805424907, "x8": 0.9058474950054126, "x9": 1.3348087716060326}, "datetime": {"datetime": "2025-05-14 20:49:09", "elapsed": 6635.744615, "delta": 15.400736}}
{"target": 45.02990873479244, "params": {"x0": 0.9247672937615132, "x1": 0.948955441061814, "x2": 1.4496258460522155e-29, "x3": 0.8380769100660634, "x4": 1.6629245501292425, "x5": 0.16409062794447507, "x6": 1.6671238349077122, "x7": 7.210619805424907, "x8": 0.9058474950054126, "x9": 1.3348087716060326}, "datetime": {"datetime": "2025-05-14 20:49:22", "elapsed": 6649.400756, "delta": 13.656141}}
{"target": 45.02990873479244, "params": {"x0": 0.9247672937615132, "x1": 0.948955441061814, "x2": 6.737349191677856e-29, "x3": 0.8380769100660634, "x4": 1.6629245501292425, "x5": 0.16409062794447507, "x6": 1.6671238349077122, "x7": 7.210619805424907, "x8": 0.9058474950054126, "x9": 1.3348087716060326}, "datetime": {"datetime": "2025-05-14 20:49:37", "elapsed": 6664.282046, "delta": 14.88129}}
{"target": 45.02990873479244, "params": {"x0": 0.9247672937615132, "x1": 0.948955441061814, "x2": 7.658220659040432e-31, "x3": 0.8380769100660634, "x4": 1.6629245501292425, "x5": 0.16409062794447507, "x6": 1.6671238349077122, "x7": 7.210619805424907, "x8": 0.9058474950054126, "x9": 1.3348087716060326}, "datetime": {"datetime": "2025-05-14 20:49:54", "elapsed": 6681.01118, "delta": 16.729134}}
{"target": 45.02990873479244, "params": {"x0": 0.9247672937615132, "x1": 0.948955441061814, "x2": 6.838301050880735e-29, "x3": 0.8380769100660634, "x4": 1.6629245501292425, "x5": 0.16409062794447507, "x6": 1.6671238349077122, "x7": 7.210619805424907, "x8": 0.9058474950054126, "x9": 1.3348087716060326}, "datetime": {"datetime": "2025-05-14 20:50:10", "elapsed": 6696.700552, "delta": 15.689372}}
{"target": 45.02990873479244, "params": {"x0": 0.9247672937615132, "x1": 0.948955441061814, "x2": 1.4435780491289689e-29, "x3": 0.8380769100660634, "x4": 1.6629245501292425, "x5": 0.16409062794447507, "x6": 1.6671238349077122, "x7": 7.210619805424907, "x8": 0.9058474950054126, "x9": 1.3348087716060326}, "datetime": {"datetime": "2025-05-14 20:50:27", "elapsed": 6713.812411, "delta": 17.111859}}
{"target": 45.02990873479244, "params": {"x0": 0.9247672937615132, "x1": 0.948955441061814, "x2": 7.52869601009209e-29, "x3": 0.8380769100660634, "x4": 1.6629245501292425, "x5": 0.16409062794447507, "x6": 1.6671238349077122, "x7": 7.210619805424907, "x8": 0.9058474950054126, "x9": 1.3348087716060326}, "datetime": {"datetime": "2025-05-14 20:50:44", "elapsed": 6731.299339, "delta": 17.486928}}
{"target": 45.02990873479244, "params": {"x0": 0.9247672937615132, "x1": 0.948955441061814, "x2": 2.3553785559317187e-29, "x3": 0.8380769100660634, "x4": 1.6629245501292425, "x5": 0.16409062794447507, "x6": 1.6671238349077122, "x7": 7.210619805424907, "x8": 0.9058474950054126, "x9": 1.3348087716060326}, "datetime": {"datetime": "2025-05-14 20:51:01", "elapsed": 6747.908794, "delta": 16.609455}}
{"target": 45.02990873479244, "params": {"x0": 0.9247672937615132, "x1": 0.948955441061814, "x2": 4.317428495258308e-29, "x3": 0.8380769100660634, "x4": 1.6629245501292425, "x5": 0.16409062794447507, "x6": 1.6671238349077122, "x7": 7.210619805424907, "x8": 0.9058474950054126, "x9": 1.3348087716060326}, "datetime": {"datetime": "2025-05-14 20:51:16", "elapsed": 6763.226313, "delta": 15.317519}}
{"target": 45.02990873479244, "params": {"x0": 0.9247672937615132, "x1": 0.948955441061814, "x2": 1.3817406269789307e-29, "x3": 0.8380769100660634, "x4": 1.6629245501292425, "x5": 0.16409062794447507, "x6": 1.6671238349077122, "x7": 7.210619805424907, "x8": 0.9058474950054126, "x9": 1.3348087716060326}, "datetime": {"datetime": "2025-05-14 20:51:35", "elapsed": 6781.728661, "delta": 18.502348}}
{"target": 45.02990873479244, "params": {"x0": 0.9247672937615132, "x1": 0.948955441061814, "x2": 4.8896349405921547e-29, "x3": 0.8380769100660634, "x4": 1.6629245501292425, "x5": 0.16409062794447507, "x6": 1.6671238349077122, "x7": 7.210619805424907, "x8": 0.9058474950054126, "x9": 1.3348087716060326}, "datetime": {"datetime": "2025-05-14 20:51:51", "elapsed": 6798.171, "delta": 16.442339}}
{"target": 45.02990873479244, "params": {"x0": 0.9247672937615132, "x1": 0.948955441061814, "x2": 2.4100722295333105e-29, "x3": 0.8380769100660634, "x4": 1.6629245501292425, "x5": 0.16409062794447507, "x6": 1.6671238349077122, "x7": 7.210619805424907, "x8": 0.9058474950054126, "x9": 1.3348087716060326}, "datetime": {"datetime": "2025-05-14 20:52:07", "elapsed": 6814.236979, "delta": 16.065979}}
{"target": 45.02990873479244, "params": {"x0": 0.9247672937615132, "x1": 0.948955441061814, "x2": 2.8380389713103376e-29, "x3": 0.8380769100660634, "x4": 1.6629245501292425, "x5": 0.16409062794447507, "x6": 1.6671238349077122, "x7": 7.210619805424907, "x8": 0.9058474950054126, "x9": 1.3348087716060326}, "datetime": {"datetime": "2025-05-14 20:52:25", "elapsed": 6831.803737, "delta": 17.566758}}
{"target": 45.02990873479244, "params": {"x0": 0.9247672937615132, "x1": 0.948955441061814, "x2": 1.0620890489388789e-29, "x3": 0.8380769100660634, "x4": 1.6629245501292425, "x5": 0.16409062794447507, "x6": 1.6671238349077122, "x7": 7.210619805424907, "x8": 0.9058474950054126, "x9": 1.3348087716060326}, "datetime": {"datetime": "2025-05-14 20:52:41", "elapsed": 6848.158438, "delta": 16.354701}}
{"target": 45.02990873479244, "params": {"x0": 0.9247672937615132, "x1": 0.948955441061814, "x2": 3.4008373148339556e-29, "x3": 0.8380769100660634, "x4": 1.6629245501292425, "x5": 0.16409062794447507, "x6": 1.6671238349077122, "x7": 7.210619805424907, "x8": 0.9058474950054126, "x9": 1.3348087716060326}, "datetime": {"datetime": "2025-05-14 20:52:56", "elapsed": 6862.821843, "delta": 14.663405}}
{"target": 45.02990873479244, "params": {"x0": 0.9247672937615132, "x1": 0.948955441061814, "x2": 1.9634891489316013e-29, "x3": 0.8380769100660634, "x4": 1.6629245501292425, "x5": 0.16409062794447507, "x6": 1.6671238349077122, "x7": 7.210619805424907, "x8": 0.9058474950054126, "x9": 1.3348087716060326}, "datetime": {"datetime": "2025-05-14 20:53:13", "elapsed": 6879.932211, "delta": 17.110368}}
{"target": 45.02990873479244, "params": {"x0": 0.9247672937615132, "x1": 0.948955441061814, "x2": 2.779351167560981e-29, "x3": 0.8380769100660634, "x4": 1.6629245501292425, "x5": 0.16409062794447507, "x6": 1.6671238349077122, "x7": 7.210619805424907, "x8": 0.9058474950054126, "x9": 1.3348087716060326}, "datetime": {"datetime": "2025-05-14 20:53:30", "elapsed": 6897.516762, "delta": 17.584551}}
{"target": 45.02990873479244, "params": {"x0": 0.9247672937615132, "x1": 0.948955441061814, "x2": 1.584656876189092e-29, "x3": 0.8380769100660634, "x4": 1.6629245501292425, "x5": 0.16409062794447507, "x6": 1.6671238349077122, "x7": 7.210619805424907, "x8": 0.9058474950054126, "x9": 1.3348087716060326}, "datetime": {"datetime": "2025-05-14 20:53:47", "elapsed": 6913.914396, "delta": 16.397634}}
