{"target": 45.02990873479244, "params": {"x0": 0.9247672937615132, "x1": 0.948955441061814, "x2": 6.160682774953027e-20, "x3": 0.8380769100660634, "x4": 1.6629245501292425, "x5": 0.16409062794447507, "x6": 1.6671238349077122, "x7": 7.210619805424907, "x8": 0.9058474950054126, "x9": 1.3348087716060326}, "datetime": {"datetime": "2025-05-14 20:03:32", "elapsed": 3899.467479, "delta": 10.718518}}
{"target": 45.02990873479244, "params": {"x0": 0.9247672937615132, "x1": 0.948955441061814, "x2": 2.043605531563699e-19, "x3": 0.8380769100660634, "x4": 1.6629245501292425, "x5": 0.16409062794447507, "x6": 1.6671238349077122, "x7": 7.210619805424907, "x8": 0.9058474950054126, "x9": 1.3348087716060326}, "datetime": {"datetime": "2025-05-14 20:03:44", "elapsed": 3911.581201, "delta": 12.113722}}
{"target": 45.02990873479244, "params": {"x0": 0.9247672937615132, "x1": 0.948955441061814, "x2": 1.0159475660760659e-19, "x3": 0.8380769100660634, "x4": 1.6629245501292425, "x5": 0.16409062794447507, "x6": 1.6671238349077122, "x7": 7.210619805424907, "x8": 0.9058474950054126, "x9": 1.3348087716060326}, "datetime": {"datetime": "2025-05-14 20:03:56", "elapsed": 3923.010199, "delta": 11.428998}}
{"target": 45.02990873479244, "params": {"x0": 0.9247672937615132, "x1": 0.948955441061814, "x2": 8.988490941998981e-20, "x3": 0.8380769100660634, "x4": 1.6629245501292425, "x5": 0.16409062794447507, "x6": 1.6671238349077122, "x7": 7.210619805424907, "x8": 0.9058474950054126, "x9": 1.3348087716060326}, "datetime": {"datetime": "2025-05-14 20:04:08", "elapsed": 3935.522511, "delta": 12.512312}}
{"target": 45.02990873479244, "params": {"x0": 0.9247672937615132, "x1": 0.948955441061814, "x2": 6.451541394817326e-20, "x3": 0.8380769100660634, "x4": 1.6629245501292425, "x5": 0.16409062794447507, "x6": 1.6671238349077122, "x7": 7.210619805424907, "x8": 0.9058474950054126, "x9": 1.3348087716060326}, "datetime": {"datetime": "2025-05-14 20:04:19", "elapsed": 3946.020009, "delta": 10.497498}}
{"target": 45.02990873479244, "params": {"x0": 0.9247672937615132, "x1": 0.948955441061814, "x2": 7.425982467729506e-20, "x3": 0.8380769100660634, "x4": 1.6629245501292425, "x5": 0.16409062794447507, "x6": 1.6671238349077122, "x7": 7.210619805424907, "x8": 0.9058474950054126, "x9": 1.3348087716060326}, "datetime": {"datetime": "2025-05-14 20:04:30", "elapsed": 3956.995059, "delta": 10.97505}}
{"target": 45.02990873479244, "params": {"x0": 0.9247672937615132, "x1": 0.948955441061814, "x2": 1.0832827476293414e-19, "x3": 0.8380769100660634, "x4": 1.6629245501292425, "x5": 0.16409062794447507, "x6": 1.6671238349077122, "x7": 7.210619805424907, "x8": 0.9058474950054126, "x9": 1.3348087716060326}, "datetime": {"datetime": "2025-05-14 20:04:41", "elapsed": 3968.229446, "delta": 11.234387}}
{"target": 45.02990873479244, "params": {"x0": 0.9247672937615132, "x1": 0.948955441061814, "x2": 2.3791291293757467e-20, "x3": 0.8380769100660634, "x4": 1.6629245501292425, "x5": 0.16409062794447507, "x6": 1.6671238349077122, "x7": 7.210619805424907, "x8": 0.9058474950054126, "x9": 1.3348087716060326}, "datetime": {"datetime": "2025-05-14 20:04:52", "elapsed": 3979.506708, "delta": 11.277262}}
{"target": 45.02990873479244, "params": {"x0": 0.9247672937615132, "x1": 0.948955441061814, "x2": 3.9573785099709426e-20, "x3": 0.8380769100660634, "x4": 1.6629245501292425, "x5": 0.16409062794447507, "x6": 1.6671238349077122, "x7": 7.210619805424907, "x8": 0.9058474950054126, "x9": 1.3348087716060326}, "datetime": {"datetime": "2025-05-14 20:05:04", "elapsed": 3991.349745, "delta": 11.843037}}
{"target": 45.02990873479244, "params": {"x0": 0.9247672937615132, "x1": 0.948955441061814, "x2": 4.356157528514091e-20, "x3": 0.8380769100660634, "x4": 1.6629245501292425, "x5": 0.16409062794447507, "x6": 1.6671238349077122, "x7": 7.210619805424907, "x8": 0.9058474950054126, "x9": 1.3348087716060326}, "datetime": {"datetime": "2025-05-14 20:05:16", "elapsed": 4002.68461, "delta": 11.334865}}
{"target": 45.02990873479244, "params": {"x0": 0.9247672937615132, "x1": 0.948955441061814, "x2": 3.9028432792951295e-20, "x3": 0.8380769100660634, "x4": 1.6629245501292425, "x5": 0.16409062794447507, "x6": 1.6671238349077122, "x7": 7.210619805424907, "x8": 0.9058474950054126, "x9": 1.3348087716060326}, "datetime": {"datetime": "2025-05-14 20:05:27", "elapsed": 4013.709303, "delta": 11.024693}}
{"target": 45.02990873479244, "params": {"x0": 0.9247672937615132, "x1": 0.948955441061814, "x2": 1.8032966122487487e-20, "x3": 0.8380769100660634, "x4": 1.6629245501292425, "x5": 0.16409062794447507, "x6": 1.6671238349077122, "x7": 7.210619805424907, "x8": 0.9058474950054126, "x9": 1.3348087716060326}, "datetime": {"datetime": "2025-05-14 20:05:38", "elapsed": 4025.284398, "delta": 11.575095}}
{"target": 45.02990873479244, "params": {"x0": 0.9247672937615132, "x1": 0.948955441061814, "x2": 5.628370761854282e-20, "x3": 0.8380769100660634, "x4": 1.6629245501292425, "x5": 0.16409062794447507, "x6": 1.6671238349077122, "x7": 7.210619805424907, "x8": 0.9058474950054126, "x9": 1.3348087716060326}, "datetime": {"datetime": "2025-05-14 20:05:49", "elapsed": 4036.592329, "delta": 11.307931}}
{"target": 45.02990873479244, "params": {"x0": 0.9247672937615132, "x1": 0.948955441061814, "x2": 1.7406271836483724e-20, "x3": 0.8380769100660634, "x4": 1.6629245501292425, "x5": 0.16409062794447507, "x6": 1.6671238349077122, "x7": 7.210619805424907, "x8": 0.9058474950054126, "x9": 1.3348087716060326}, "datetime": {"datetime": "2025-05-14 20:06:01", "elapsed": 4048.451148, "delta": 11.858819}}
{"target": 45.02990873479244, "params": {"x0": 0.9247672937615132, "x1": 0.948955441061814, "x2": 4.7202057350342204e-20, "x3": 0.8380769100660634, "x4": 1.6629245501292425, "x5": 0.16409062794447507, "x6": 1.6671238349077122, "x7": 7.210619805424907, "x8": 0.9058474950054126, "x9": 1.3348087716060326}, "datetime": {"datetime": "2025-05-14 20:06:12", "elapsed": 4059.54804, "delta": 11.096892}}
{"target": 45.02990873479244, "params": {"x0": 0.9247672937615132, "x1": 0.948955441061814, "x2": 6.902599840571338e-21, "x3": 0.8380769100660634, "x4": 1.6629245501292425, "x5": 0.16409062794447507, "x6": 1.6671238349077122, "x7": 7.210619805424907, "x8": 0.9058474950054126, "x9": 1.3348087716060326}, "datetime": {"datetime": "2025-05-14 20:06:23", "elapsed": 4070.122303, "delta": 10.574263}}
{"target": 45.02990873479244, "params": {"x0": 0.9247672937615132, "x1": 0.948955441061814, "x2": 1.3052052750661532e-20, "x3": 0.8380769100660634, "x4": 1.6629245501292425, "x5": 0.16409062794447507, "x6": 1.6671238349077122, "x7": 7.210619805424907, "x8": 0.9058474950054126, "x9": 1.3348087716060326}, "datetime": {"datetime": "2025-05-14 20:06:34", "elapsed": 4081.096118, "delta": 10.973815}}
{"target": 45.02990873479244, "params": {"x0": 0.9247672937615132, "x1": 0.948955441061814, "x2": 4.3471289441294025e-20, "x3": 0.8380769100660634, "x4": 1.6629245501292425, "x5": 0.16409062794447507, "x6": 1.6671238349077122, "x7": 7.210619805424907, "x8": 0.9058474950054126, "x9": 1.3348087716060326}, "datetime": {"datetime": "2025-05-14 20:06:46", "elapsed": 4092.650769, "delta": 11.554651}}
{"target": 45.02990873479244, "params": {"x0": 0.9247672937615132, "x1": 0.948955441061814, "x2": 1.697944469941429e-20, "x3": 0.8380769100660634, "x4": 1.6629245501292425, "x5": 0.16409062794447507, "x6": 1.6671238349077122, "x7": 7.210619805424907, "x8": 0.9058474950054126, "x9": 1.3348087716060326}, "datetime": {"datetime": "2025-05-14 20:06:57", "elapsed": 4104.396145, "delta": 11.745376}}
{"target": 45.02990873479244, "params": {"x0": 0.9247672937615132, "x1": 0.948955441061814, "x2": 2.0507470008783092e-20, "x3": 0.8380769100660634, "x4": 1.6629245501292425, "x5": 0.16409062794447507, "x6": 1.6671238349077122, "x7": 7.210619805424907, "x8": 0.9058474950054126, "x9": 1.3348087716060326}, "datetime": {"datetime": "2025-05-14 20:07:09", "elapsed": 4115.992183, "delta": 11.596038}}
{"target": 45.02990873479244, "params": {"x0": 0.9247672937615132, "x1": 0.948955441061814, "x2": 1.8280981011536712e-20, "x3": 0.8380769100660634, "x4": 1.6629245501292425, "x5": 0.16409062794447507, "x6": 1.6671238349077122, "x7": 7.210619805424907, "x8": 0.9058474950054126, "x9": 1.3348087716060326}, "datetime": {"datetime": "2025-05-14 20:07:21", "elapsed": 4127.807082, "delta": 11.814899}}
{"target": 45.02990873479244, "params": {"x0": 0.9247672937615132, "x1": 0.948955441061814, "x2": 1.2639470495871057e-21, "x3": 0.8380769100660634, "x4": 1.6629245501292425, "x5": 0.16409062794447507, "x6": 1.6671238349077122, "x7": 7.210619805424907, "x8": 0.9058474950054126, "x9": 1.3348087716060326}, "datetime": {"datetime": "2025-05-14 20:07:31", "elapsed": 4138.086136, "delta": 10.279054}}
{"target": 45.02990873479244, "params": {"x0": 0.9247672937615132, "x1": 0.948955441061814, "x2": 2.201975538165957e-21, "x3": 0.8380769100660634, "x4": 1.6629245501292425, "x5": 0.16409062794447507, "x6": 1.6671238349077122, "x7": 7.210619805424907, "x8": 0.9058474950054126, "x9": 1.3348087716060326}, "datetime": {"datetime": "2025-05-14 20:07:42", "elapsed": 4149.34994, "delta": 11.263804}}
{"target": 45.02990873479244, "params": {"x0": 0.9247672937615132, "x1": 0.948955441061814, "x2": 3.637241069701717e-21, "x3": 0.8380769100660634, "x4": 1.6629245501292425, "x5": 0.16409062794447507, "x6": 1.6671238349077122, "x7": 7.210619805424907, "x8": 0.9058474950054126, "x9": 1.3348087716060326}, "datetime": {"datetime": "2025-05-14 20:07:55", "elapsed": 4162.100881, "delta": 12.750941}}
{"target": 45.02990873479244, "params": {"x0": 0.9247672937615132, "x1": 0.948955441061814, "x2": 1.089790974583821e-20, "x3": 0.8380769100660634, "x4": 1.6629245501292425, "x5": 0.16409062794447507, "x6": 1.6671238349077122, "x7": 7.210619805424907, "x8": 0.9058474950054126, "x9": 1.3348087716060326}, "datetime": {"datetime": "2025-05-14 20:08:05", "elapsed": 4172.365393, "delta": 10.264512}}
{"target": 45.02990873479244, "params": {"x0": 0.9247672937615132, "x1": 0.948955441061814, "x2": 8.556259225608367e-21, "x3": 0.8380769100660634, "x4": 1.6629245501292425, "x5": 0.16409062794447507, "x6": 1.6671238349077122, "x7": 7.210619805424907, "x8": 0.9058474950054126, "x9": 1.3348087716060326}, "datetime": {"datetime": "2025-05-14 20:08:19", "elapsed": 4185.819511, "delta": 13.454118}}
{"target": 45.02990873479244, "params": {"x0": 0.9247672937615132, "x1": 0.948955441061814, "x2": 7.788519246194734e-22, "x3": 0.8380769100660634, "x4": 1.6629245501292425, "x5": 0.16409062794447507, "x6": 1.6671238349077122, "x7": 7.210619805424907, "x8": 0.9058474950054126, "x9": 1.3348087716060326}, "datetime": {"datetime": "2025-05-14 20:08:31", "elapsed": 4197.649745, "delta": 11.830234}}
{"target": 45.02990873479244, "params": {"x0": 0.9247672937615132, "x1": 0.948955441061814, "x2": 4.488357875912155e-21, "x3": 0.8380769100660634, "x4": 1.6629245501292425, "x5": 0.16409062794447507, "x6": 1.6671238349077122, "x7": 7.210619805424907, "x8": 0.9058474950054126, "x9": 1.3348087716060326}, "datetime": {"datetime": "2025-05-14 20:08:43", "elapsed": 4209.742037, "delta": 12.092292}}
{"target": 45.02990873479244, "params": {"x0": 0.9247672937615132, "x1": 0.948955441061814, "x2": 5.764343441917351e-21, "x3": 0.8380769100660634, "x4": 1.6629245501292425, "x5": 0.16409062794447507, "x6": 1.6671238349077122, "x7": 7.210619805424907, "x8": 0.9058474950054126, "x9": 1.3348087716060326}, "datetime": {"datetime": "2025-05-14 20:08:54", "elapsed": 4221.550796, "delta": 11.808759}}
{"target": 45.02990873479244, "params": {"x0": 0.9247672937615132, "x1": 0.948955441061814, "x2": 7.971832739524372e-21, "x3": 0.8380769100660634, "x4": 1.6629245501292425, "x5": 0.16409062794447507, "x6": 1.6671238349077122, "x7": 7.210619805424907, "x8": 0.9058474950054126, "x9": 1.3348087716060326}, "datetime": {"datetime": "2025-05-14 20:09:06", "elapsed": 4232.66778, "delta": 11.116984}}
{"target": 45.02990873479244, "params": {"x0": 0.9247672937615132, "x1": 0.948955441061814, "x2": 1.101725801949499e-20, "x3": 0.8380769100660634, "x4": 1.6629245501292425, "x5": 0.16409062794447507, "x6": 1.6671238349077122, "x7": 7.210619805424907, "x8": 0.9058474950054126, "x9": 1.3348087716060326}, "datetime": {"datetime": "2025-05-14 20:09:18", "elapsed": 4245.023815, "delta": 12.356035}}
{"target": 45.02990873479244, "params": {"x0": 0.9247672937615132, "x1": 0.948955441061814, "x2": 8.183022516558809e-21, "x3": 0.8380769100660634, "x4": 1.6629245501292425, "x5": 0.16409062794447507, "x6": 1.6671238349077122, "x7": 7.210619805424907, "x8": 0.9058474950054126, "x9": 1.3348087716060326}, "datetime": {"datetime": "2025-05-14 20:09:31", "elapsed": 4257.803852, "delta": 12.780037}}
{"target": 45.02990873479244, "params": {"x0": 0.9247672937615132, "x1": 0.948955441061814, "x2": 8.158713821025522e-21, "x3": 0.8380769100660634, "x4": 1.6629245501292425, "x5": 0.16409062794447507, "x6": 1.6671238349077122, "x7": 7.210619805424907, "x8": 0.9058474950054126, "x9": 1.3348087716060326}, "datetime": {"datetime": "2025-05-14 20:09:41", "elapsed": 4268.223477, "delta": 10.419625}}
{"target": 45.02990873479244, "params": {"x0": 0.9247672937615132, "x1": 0.948955441061814, "x2": 3.0917282927400644e-21, "x3": 0.8380769100660634, "x4": 1.6629245501292425, "x5": 0.16409062794447507, "x6": 1.6671238349077122, "x7": 7.210619805424907, "x8": 0.9058474950054126, "x9": 1.3348087716060326}, "datetime": {"datetime": "2025-05-14 20:09:53", "elapsed": 4280.139841, "delta": 11.916364}}
{"target": 45.02990873479244, "params": {"x0": 0.9247672937615132, "x1": 0.948955441061814, "x2": 2.473252462363744e-21, "x3": 0.8380769100660634, "x4": 1.6629245501292425, "x5": 0.16409062794447507, "x6": 1.6671238349077122, "x7": 7.210619805424907, "x8": 0.9058474950054126, "x9": 1.3348087716060326}, "datetime": {"datetime": "2025-05-14 20:10:04", "elapsed": 4291.124342, "delta": 10.984501}}
{"target": 45.02990873479244, "params": {"x0": 0.9247672937615132, "x1": 0.948955441061814, "x2": 4.090840124396474e-21, "x3": 0.8380769100660634, "x4": 1.6629245501292425, "x5": 0.16409062794447507, "x6": 1.6671238349077122, "x7": 7.210619805424907, "x8": 0.9058474950054126, "x9": 1.3348087716060326}, "datetime": {"datetime": "2025-05-14 20:10:16", "elapsed": 4302.884441, "delta": 11.760099}}
{"target": 45.02990873479244, "params": {"x0": 0.9247672937615132, "x1": 0.948955441061814, "x2": 2.0190677965820925e-21, "x3": 0.8380769100660634, "x4": 1.6629245501292425, "x5": 0.16409062794447507, "x6": 1.6671238349077122, "x7": 7.210619805424907, "x8": 0.9058474950054126, "x9": 1.3348087716060326}, "datetime": {"datetime": "2025-05-14 20:10:28", "elapsed": 4315.401766, "delta": 12.517325}}
{"target": 45.02990873479244, "params": {"x0": 0.9247672937615132, "x1": 0.948955441061814, "x2": 5.935911727212826e-22, "x3": 0.8380769100660634, "x4": 1.6629245501292425, "x5": 0.16409062794447507, "x6": 1.6671238349077122, "x7": 7.210619805424907, "x8": 0.9058474950054126, "x9": 1.3348087716060326}, "datetime": {"datetime": "2025-05-14 20:10:40", "elapsed": 4326.934996, "delta": 11.53323}}
{"target": 45.02990873479244, "params": {"x0": 0.9247672937615132, "x1": 0.948955441061814, "x2": 1.5234458422809973e-22, "x3": 0.8380769100660634, "x4": 1.6629245501292425, "x5": 0.16409062794447507, "x6": 1.6671238349077122, "x7": 7.210619805424907, "x8": 0.9058474950054126, "x9": 1.3348087716060326}, "datetime": {"datetime": "2025-05-14 20:10:51", "elapsed": 4338.58288, "delta": 11.647884}}
{"target": 45.02990873479244, "params": {"x0": 0.9247672937615132, "x1": 0.948955441061814, "x2": 2.6813869391779454e-21, "x3": 0.8380769100660634, "x4": 1.6629245501292425, "x5": 0.16409062794447507, "x6": 1.6671238349077122, "x7": 7.210619805424907, "x8": 0.9058474950054126, "x9": 1.3348087716060326}, "datetime": {"datetime": "2025-05-14 20:11:03", "elapsed": 4350.211228, "delta": 11.628348}}
{"target": 45.02990873479244, "params": {"x0": 0.9247672937615132, "x1": 0.948955441061814, "x2": 4.307116031776843e-22, "x3": 0.8380769100660634, "x4": 1.6629245501292425, "x5": 0.16409062794447507, "x6": 1.6671238349077122, "x7": 7.210619805424907, "x8": 0.9058474950054126, "x9": 1.3348087716060326}, "datetime": {"datetime": "2025-05-14 20:11:16", "elapsed": 4362.85725, "delta": 12.646022}}
{"target": 45.02990873479244, "params": {"x0": 0.9247672937615132, "x1": 0.948955441061814, "x2": 3.207679568635859e-21, "x3": 0.8380769100660634, "x4": 1.6629245501292425, "x5": 0.16409062794447507, "x6": 1.6671238349077122, "x7": 7.210619805424907, "x8": 0.9058474950054126, "x9": 1.3348087716060326}, "datetime": {"datetime": "2025-05-14 20:11:28", "elapsed": 4374.947418, "delta": 12.090168}}
{"target": 45.02990873479244, "params": {"x0": 0.9247672937615132, "x1": 0.948955441061814, "x2": 5.969045502296798e-22, "x3": 0.8380769100660634, "x4": 1.6629245501292425, "x5": 0.16409062794447507, "x6": 1.6671238349077122, "x7": 7.210619805424907, "x8": 0.9058474950054126, "x9": 1.3348087716060326}, "datetime": {"datetime": "2025-05-14 20:11:40", "elapsed": 4386.722128, "delta": 11.77471}}
{"target": 45.02990873479244, "params": {"x0": 0.9247672937615132, "x1": 0.948955441061814, "x2": 1.772410062064302e-21, "x3": 0.8380769100660634, "x4": 1.6629245501292425, "x5": 0.16409062794447507, "x6": 1.6671238349077122, "x7": 7.210619805424907, "x8": 0.9058474950054126, "x9": 1.3348087716060326}, "datetime": {"datetime": "2025-05-14 20:11:51", "elapsed": 4397.921646, "delta": 11.199518}}
{"target": 45.02990873479244, "params": {"x0": 0.9247672937615132, "x1": 0.948955441061814, "x2": 2.591308085341096e-21, "x3": 0.8380769100660634, "x4": 1.6629245501292425, "x5": 0.16409062794447507, "x6": 1.6671238349077122, "x7": 7.210619805424907, "x8": 0.9058474950054126, "x9": 1.3348087716060326}, "datetime": {"datetime": "2025-05-14 20:12:02", "elapsed": 4409.09338, "delta": 11.171734}}
{"target": 45.02990873479244, "params": {"x0": 0.9247672937615132, "x1": 0.948955441061814, "x2": 6.822647696063516e-22, "x3": 0.8380769100660634, "x4": 1.6629245501292425, "x5": 0.16409062794447507, "x6": 1.6671238349077122, "x7": 7.210619805424907, "x8": 0.9058474950054126, "x9": 1.3348087716060326}, "datetime": {"datetime": "2025-05-14 20:12:14", "elapsed": 4421.06166, "delta": 11.96828}}
{"target": 45.02990873479244, "params": {"x0": 0.9247672937615132, "x1": 0.948955441061814, "x2": 1.0803041891396706e-21, "x3": 0.8380769100660634, "x4": 1.6629245501292425, "x5": 0.16409062794447507, "x6": 1.6671238349077122, "x7": 7.210619805424907, "x8": 0.9058474950054126, "x9": 1.3348087716060326}, "datetime": {"datetime": "2025-05-14 20:12:26", "elapsed": 4433.070761, "delta": 12.009101}}
{"target": 45.02990873479244, "params": {"x0": 0.9247672937615132, "x1": 0.948955441061814, "x2": 1.2484030231051633e-21, "x3": 0.8380769100660634, "x4": 1.6629245501292425, "x5": 0.16409062794447507, "x6": 1.6671238349077122, "x7": 7.210619805424907, "x8": 0.9058474950054126, "x9": 1.3348087716060326}, "datetime": {"datetime": "2025-05-14 20:12:37", "elapsed": 4444.213375, "delta": 11.142614}}
{"target": 45.02990873479244, "params": {"x0": 0.9247672937615132, "x1": 0.948955441061814, "x2": 1.9938618808279133e-22, "x3": 0.8380769100660634, "x4": 1.6629245501292425, "x5": 0.16409062794447507, "x6": 1.6671238349077122, "x7": 7.210619805424907, "x8": 0.9058474950054126, "x9": 1.3348087716060326}, "datetime": {"datetime": "2025-05-14 20:12:49", "elapsed": 4455.979953, "delta": 11.766578}}
{"target": 45.02990873479244, "params": {"x0": 0.9247672937615132, "x1": 0.948955441061814, "x2": 1.0773753774485458e-22, "x3": 0.8380769100660634, "x4": 1.6629245501292425, "x5": 0.16409062794447507, "x6": 1.6671238349077122, "x7": 7.210619805424907, "x8": 0.9058474950054126, "x9": 1.3348087716060326}, "datetime": {"datetime": "2025-05-14 20:13:02", "elapsed": 4468.769313, "delta": 12.78936}}
{"target": 45.02990873479244, "params": {"x0": 0.9247672937615132, "x1": 0.948955441061814, "x2": 4.832662491231684e-22, "x3": 0.8380769100660634, "x4": 1.6629245501292425, "x5": 0.16409062794447507, "x6": 1.6671238349077122, "x7": 7.210619805424907, "x8": 0.9058474950054126, "x9": 1.3348087716060326}, "datetime": {"datetime": "2025-05-14 20:13:14", "elapsed": 4481.535554, "delta": 12.766241}}
{"target": 45.02990873479244, "params": {"x0": 0.9247672937615132, "x1": 0.948955441061814, "x2": 1.2308590831310224e-21, "x3": 0.8380769100660634, "x4": 1.6629245501292425, "x5": 0.16409062794447507, "x6": 1.6671238349077122, "x7": 7.210619805424907, "x8": 0.9058474950054126, "x9": 1.3348087716060326}, "datetime": {"datetime": "2025-05-14 20:13:26", "elapsed": 4492.657585, "delta": 11.122031}}
{"target": 45.02990873479244, "params": {"x0": 0.9247672937615132, "x1": 0.948955441061814, "x2": 8.94601524810701e-22, "x3": 0.8380769100660634, "x4": 1.6629245501292425, "x5": 0.16409062794447507, "x6": 1.6671238349077122, "x7": 7.210619805424907, "x8": 0.9058474950054126, "x9": 1.3348087716060326}, "datetime": {"datetime": "2025-05-14 20:13:39", "elapsed": 4505.912645, "delta": 13.25506}}
{"target": 45.02990873479244, "params": {"x0": 0.9247672937615132, "x1": 0.948955441061814, "x2": 7.465432045129825e-22, "x3": 0.8380769100660634, "x4": 1.6629245501292425, "x5": 0.16409062794447507, "x6": 1.6671238349077122, "x7": 7.210619805424907, "x8": 0.9058474950054126, "x9": 1.3348087716060326}, "datetime": {"datetime": "2025-05-14 20:13:52", "elapsed": 4518.966488, "delta": 13.053843}}
{"target": 45.02990873479244, "params": {"x0": 0.9247672937615132, "x1": 0.948955441061814, "x2": 5.326463065799833e-22, "x3": 0.8380769100660634, "x4": 1.6629245501292425, "x5": 0.16409062794447507, "x6": 1.6671238349077122, "x7": 7.210619805424907, "x8": 0.9058474950054126, "x9": 1.3348087716060326}, "datetime": {"datetime": "2025-05-14 20:14:05", "elapsed": 4532.031336, "delta": 13.064848}}
