{"target": 45.02990873479244, "params": {"x0": 0.9247686395217147, "x1": 0.948954987961912, "x2": 0.0, "x3": 0.8380762697775133, "x4": 1.6629280818486363, "x5": 0.16408615684564906, "x6": 1.667120316999332, "x7": 7.2110289392912446, "x8": 0.9058467495443089, "x9": 1.3348057778879574}, "datetime": {"datetime": "2025-05-14 19:20:31", "elapsed": 1318.245044, "delta": 8.359185}}
{"target": 45.02990873479244, "params": {"x0": 0.9247685049456946, "x1": 0.9489550332719022, "x2": 0.0, "x3": 0.8380763338063683, "x4": 1.662927728676697, "x5": 0.16408660395553165, "x6": 1.66712066879017, "x7": 7.210988025327232, "x8": 0.9058468240904193, "x9": 1.334806077259765}, "datetime": {"datetime": "2025-05-14 19:20:40", "elapsed": 1326.639778, "delta": 8.394734}}
{"target": 45.02990873479244, "params": {"x0": 0.9247683838272764, "x1": 0.9489550740508934, "x2": 0.0, "x3": 0.8380763914323378, "x4": 1.6629274108219516, "x5": 0.164087006354426, "x6": 1.6671209854019242, "x7": 7.2109512038339405, "x8": 0.9058468911819186, "x9": 1.3348063466943918}, "datetime": {"datetime": "2025-05-14 19:20:48", "elapsed": 1335.149868, "delta": 8.51009}}
{"target": 45.02990873479244, "params": {"x0": 0.9247682748207001, "x1": 0.9489551107519855, "x2": 0.0, "x3": 0.8380764432957104, "x4": 1.6629271247526807, "x5": 0.1640873685134309, "x6": 1.6671212703525031, "x7": 7.210918064013467, "x8": 0.905846951564268, "x9": 1.3348065891855558}, "datetime": {"datetime": "2025-05-14 19:20:56", "elapsed": 1343.324086, "delta": 8.174218}}
{"target": 45.02990873479244, "params": {"x0": 0.9247681767147814, "x1": 0.9489551437829683, "x2": 0.0, "x3": 0.8380764899727456, "x4": 1.6629268672903368, "x5": 0.16408769445653532, "x6": 1.667121526808024, "x7": 7.210888219891962, "x8": 0.9058470059083824, "x9": 1.3348068074276036}, "datetime": {"datetime": "2025-05-14 19:21:05", "elapsed": 1351.685072, "delta": 8.360986}}
{"target": 45.02990873479244, "params": {"x0": 0.9247680884194546, "x1": 0.9489551735108529, "x2": 0.0, "x3": 0.8380765319820774, "x4": 1.6629266355742274, "x5": 0.1640879878053293, "x6": 1.6671217576179929, "x7": 7.210861394881641, "x8": 0.9058470548180855, "x9": 1.3348070038454465}, "datetime": {"datetime": "2025-05-14 19:21:13", "elapsed": 1359.826852, "delta": 8.14178}}
{"target": 45.02990873479244, "params": {"x0": 0.9247680089536605, "x1": 0.9489552002659489, "x2": 0.0, "x3": 0.8380765697904761, "x4": 1.6629264270297288, "x5": 0.16408825181924386, "x6": 1.6671219653469647, "x7": 7.210837235935967, "x8": 0.9058470988368182, "x9": 1.334807180621505}, "datetime": {"datetime": "2025-05-14 19:21:21", "elapsed": 1367.946046, "delta": 8.119194}}
{"target": 45.02990873479244, "params": {"x0": 0.9247679374344457, "x1": 0.9489552243455355, "x2": 0.0, "x3": 0.8380766038180348, "x4": 1.6629262393396802, "x5": 0.164088489431767, "x6": 1.6671221523030395, "x7": 7.210815492884512, "x8": 0.9058471384536776, "x9": 1.3348073397199578}, "datetime": {"datetime": "2025-05-14 19:21:30", "elapsed": 1376.71471, "delta": 8.768664}}
{"target": 45.02990873479244, "params": {"x0": 0.9247678730671525, "x1": 0.9489552460171633, "x2": 0.0, "x3": 0.8380766344428376, "x4": 1.6629260704186364, "x5": 0.1640887032830378, "x6": 1.6671223205635068, "x7": 7.210795923040138, "x8": 0.9058471741088512, "x9": 1.3348074829085652}, "datetime": {"datetime": "2025-05-14 19:21:38", "elapsed": 1384.939828, "delta": 8.225118}}
{"target": 45.02990873479244, "params": {"x0": 0.9247678151365886, "x1": 0.9489552655216283, "x2": 0.0, "x3": 0.8380766620051603, "x4": 1.662925918389697, "x5": 0.16408889574918153, "x6": 1.6671224719979272, "x7": 7.210778302954553, "x8": 0.9058472061985072, "x9": 1.334807611778312}, "datetime": {"datetime": "2025-05-14 19:21:46", "elapsed": 1393.260566, "delta": 8.320738}}
{"target": 45.02990873479244, "params": {"x0": 0.924767762999081, "x1": 0.9489552830756469, "x2": 0.0, "x3": 0.8380766868112506, "x4": 1.6629257815636516, "x5": 0.16408906896871087, "x6": 1.6671226082889057, "x7": 7.210762461583213, "x8": 0.9058472350791978, "x9": 1.3348077277610841}, "datetime": {"datetime": "2025-05-14 19:21:54", "elapsed": 1401.265953, "delta": 8.005387}}
{"target": 45.02990873479244, "params": {"x0": 0.9247677160753243, "x1": 0.9489552988742637, "x2": 0.0, "x3": 0.8380767091367318, "x4": 1.6629256584202108, "x5": 0.1640892248662873, "x6": 1.6671227309507863, "x7": 7.2107481959673825, "x8": 0.9058472610718193, "x9": 1.334807832145579}, "datetime": {"datetime": "2025-05-14 19:22:02", "elapsed": 1409.328316, "delta": 8.062363}}
{"target": 45.02990873479244, "params": {"x0": 0.9247676738439432, "x1": 0.9489553130930187, "x2": 0.0, "x3": 0.838076729229665, "x4": 1.6629255475911138, "x5": 0.16408936517410608, "x6": 1.667122841346479, "x7": 7.210735356913135, "x8": 0.9058472844651786, "x9": 1.3348079260916244}, "datetime": {"datetime": "2025-05-14 19:22:10", "elapsed": 1417.509497, "delta": 8.181181}}
{"target": 45.02990873479244, "params": {"x0": 0.9247676358357002, "x1": 0.9489553258898982, "x2": 0.0, "x3": 0.8380767473133048, "x4": 1.6629254478449267, "x5": 0.164089491451143, "x6": 1.6671229407026023, "x7": 7.210723788673527, "x8": 0.905847305519202, "x9": 1.334808010643065}, "datetime": {"datetime": "2025-05-14 19:22:19", "elapsed": 1425.703328, "delta": 8.193831}}
{"target": 45.02990873479244, "params": {"x0": 0.9247676016282814, "x1": 0.9489553374070898, "x2": 0.0, "x3": 0.8380767635885807, "x4": 1.6629253580733583, "x5": 0.16408960510047618, "x6": 1.6671230301231132, "x7": 7.210713402130372, "x8": 0.9058473244678231, "x9": 1.334808086739362}, "datetime": {"datetime": "2025-05-14 19:22:27", "elapsed": 1433.676014, "delta": 7.972686}}
{"target": 45.02990873479244, "params": {"x0": 0.9247675708416047, "x1": 0.9489553477725622, "x2": 0.0, "x3": 0.838076778236329, "x4": 1.6629252772789467, "x5": 0.16408970738487608, "x6": 1.6671231106015731, "x7": 7.210704042459826, "x8": 0.9058473415215821, "x9": 1.334808155226029}, "datetime": {"datetime": "2025-05-14 19:22:35", "elapsed": 1441.753521, "delta": 8.077507}}
{"target": 45.02990873479244, "params": {"x0": 0.9247675431335955, "x1": 0.9489553571014874, "x2": 0.0, "x3": 0.8380767914193025, "x4": 1.6629252045639762, "x5": 0.16408979944083596, "x6": 1.667123183032187, "x7": 7.210695618756334, "x8": 0.9058473568699651, "x9": 1.3348082168640294}, "datetime": {"datetime": "2025-05-14 19:22:43", "elapsed": 1449.752703, "delta": 7.999182}}
{"target": 45.02990873479244, "params": {"x0": 0.9247675181963873, "x1": 0.94895536549752, "x2": 0.0, "x3": 0.8380768032839785, "x4": 1.6629251391205029, "x5": 0.1640898822911999, "x6": 1.6671232482197396, "x7": 7.210688037423191, "x8": 0.9058473706835098, "x9": 1.3348082723382297}, "datetime": {"datetime": "2025-05-14 19:22:51", "elapsed": 1458.071235, "delta": 8.318532}}
{"target": 45.02990873479244, "params": {"x0": 0.9247674957528998, "x1": 0.9489553730539494, "x2": 0.0, "x3": 0.838076813962187, "x4": 1.6629250802213769, "x5": 0.1640899568565274, "x6": 1.667123306888537, "x7": 7.210681214223363, "x8": 0.9058473831157001, "x9": 1.33480832226501}, "datetime": {"datetime": "2025-05-14 19:22:59", "elapsed": 1466.157352, "delta": 8.086117}}
{"target": 45.02990873479244, "params": {"x0": 0.9247674755537612, "x1": 0.9489553798547359, "x2": 0.0, "x3": 0.8380768235725746, "x4": 1.6629250272121634, "x5": 0.16409002396532216, "x6": 1.6671233596904544, "x7": 7.210675073343517, "x8": 0.9058473943046714, "x9": 1.3348083671991122}, "datetime": {"datetime": "2025-05-14 19:23:07", "elapsed": 1474.516414, "delta": 8.359062}}
{"target": 45.02990873479244, "params": {"x0": 0.9247674573745364, "x1": 0.9489553859754437, "x2": 0.0, "x3": 0.8380768322219235, "x4": 1.6629249795038714, "x5": 0.16409008436323747, "x6": 1.66712340721218, "x7": 7.210669519038645, "x8": 0.9058474043747455, "x9": 1.3348084076398044}, "datetime": {"datetime": "2025-05-14 19:23:16", "elapsed": 1482.986278, "delta": 8.469864}}
{"target": 45.02990873479244, "params": {"x0": 0.924767441013234, "x1": 0.9489553914840807, "x2": 0.0, "x3": 0.8380768400063375, "x4": 1.6629249365664085, "x5": 0.16409013872136122, "x6": 1.6671234499817333, "x7": 7.210664572438981, "x8": 0.9058474134378122, "x9": 1.3348084440364272}, "datetime": {"datetime": "2025-05-14 19:23:24", "elapsed": 1491.498457, "delta": 8.512179}}
{"target": 45.02990873479244, "params": {"x0": 0.924767426288062, "x1": 0.948955396441854, "x2": 0.0, "x3": 0.8380768470123101, "x4": 1.6629248979226918, "x5": 0.1640901876436726, "x6": 1.6671234884743313, "x7": 7.210660095737573, "x8": 0.9058474215945722, "x9": 1.3348084767933877}, "datetime": {"datetime": "2025-05-14 19:23:33", "elapsed": 1499.666016, "delta": 8.167559}}
{"target": 45.02990873479244, "params": {"x0": 0.9247674130354071, "x1": 0.94895540090385, "x2": 0.0, "x3": 0.8380768533176854, "x4": 1.6629248631433469, "x5": 0.16409023167375286, "x6": 1.6671235231176693, "x7": 7.210656066706306, "x8": 0.9058474289356563, "x9": 1.3348085062746522}, "datetime": {"datetime": "2025-05-14 19:23:41", "elapsed": 1507.940978, "delta": 8.274962}}
{"target": 45.02990873479244, "params": {"x0": 0.9247674011080177, "x1": 0.9489554049196465, "x2": 0.0, "x3": 0.8380768589925233, "x4": 1.6629248318419365, "x5": 0.16409027130082507, "x6": 1.6671235542966736, "x7": 7.2106524405781665, "x8": 0.9058474355426319, "x9": 1.33480853280779}, "datetime": {"datetime": "2025-05-14 19:23:49", "elapsed": 1516.176308, "delta": 8.23533}}
{"target": 45.02990873479244, "params": {"x0": 0.9247673903733673, "x1": 0.9489554085338632, "x2": 0.0, "x3": 0.8380768640998773, "x4": 1.662924803670667, "x5": 0.16409030696519009, "x6": 1.6671235823577775, "x7": 7.210649162173708, "x8": 0.9058474414889099, "x9": 1.3348085566876144}, "datetime": {"datetime": "2025-05-14 19:23:57", "elapsed": 1524.474534, "delta": 8.298226}}
{"target": 45.02990873479244, "params": {"x0": 0.9247673807121819, "x1": 0.9489554117866582, "x2": 0.0, "x3": 0.8380768686964959, "x4": 1.6629247783165246, "x5": 0.16409033906311857, "x6": 1.667123607612771, "x7": 7.210646239899047, "x8": 0.9058474468405603, "x9": 1.3348085781794563}, "datetime": {"datetime": "2025-05-14 19:24:06", "elapsed": 1532.617253, "delta": 8.142719}}
{"target": 45.02990873479244, "params": {"x0": 0.924767372017115, "x1": 0.9489554147141738, "x2": 0.0, "x3": 0.8380768728334527, "x4": 1.6629247554977964, "x5": 0.16409036795125423, "x6": 1.6671236303422652, "x7": 7.210643596196562, "x8": 0.9058474516570455, "x9": 1.3348085975221138}, "datetime": {"datetime": "2025-05-14 19:24:14", "elapsed": 1540.870618, "delta": 8.253365}}
{"target": 45.02990873479244, "params": {"x0": 0.9247673641915548, "x1": 0.9489554173489378, "x2": 0.0, "x3": 0.8380768765567137, "x4": 1.662924734960941, "x5": 0.1640903939505763, "x6": 1.6671236507988099, "x7": 7.210641217072618, "x8": 0.9058474559918822, "x9": 1.3348086149305058}, "datetime": {"datetime": "2025-05-14 19:24:22", "elapsed": 1549.130707, "delta": 8.260089}}
{"target": 45.02990873479244, "params": {"x0": 0.9247673571485506, "x1": 0.9489554197202255, "x2": 0.0, "x3": 0.8380768799076487, "x4": 1.6629247164777712, "x5": 0.16409041734996618, "x6": 1.6671236692097, "x7": 7.210639070903225, "x8": 0.9058474598932352, "x9": 1.3348086305980584}, "datetime": {"datetime": "2025-05-14 19:24:30", "elapsed": 1557.35225, "delta": 8.221543}}
{"target": 45.02990873479244, "params": {"x0": 0.924767350809847, "x1": 0.9489554218543843, "x2": 0.0, "x3": 0.8380768829234901, "x4": 1.6629246998429184, "x5": 0.16409043840941706, "x6": 1.6671236857795013, "x7": 7.21063714903271, "x8": 0.905847463404453, "x9": 1.3348086446988559}, "datetime": {"datetime": "2025-05-14 19:24:39", "elapsed": 1565.665037, "delta": 8.312787}}
{"target": 45.02990873479244, "params": {"x0": 0.9247673451050136, "x1": 0.9489554237751273, "x2": 0.0, "x3": 0.8380768856377475, "x4": 1.6629246848715507, "x5": 0.16409045736292288, "x6": 1.6671237006923223, "x7": 7.2106354027357575, "x8": 0.905847466564549, "x9": 1.3348086573895734}, "datetime": {"datetime": "2025-05-14 19:24:47", "elapsed": 1573.917705, "delta": 8.252668}}
{"target": 45.02990873479244, "params": {"x0": 0.9247673399706635, "x1": 0.948955425503796, "x2": 0.0, "x3": 0.8380768880805791, "x4": 1.6629246713973198, "x5": 0.1640904744210781, "x6": 1.6671237141138613, "x7": 7.210633853788279, "x8": 0.9058474694086354, "x9": 1.3348086688112195}, "datetime": {"datetime": "2025-05-14 19:24:55", "elapsed": 1582.472029, "delta": 8.554324}}
{"target": 45.02990873479244, "params": {"x0": 0.9247673353497485, "x1": 0.9489554270595977, "x2": 0.0, "x3": 0.8380768902791276, "x4": 1.662924659270512, "x5": 0.16409048977341778, "x6": 1.6671237261932463, "x7": 7.210632444530247, "x8": 0.9058474719683131, "x9": 1.3348086790907008}, "datetime": {"datetime": "2025-05-14 19:25:04", "elapsed": 1590.777526, "delta": 8.305497}}
{"target": 45.02990873479244, "params": {"x0": 0.924767331190925, "x1": 0.9489554284598194, "x2": 0.0, "x3": 0.8380768922578211, "x4": 1.662924648356385, "x5": 0.16409050359052352, "x6": 1.667123737064693, "x7": 7.2106311845992375, "x8": 0.905847474272023, "x9": 1.3348086883422339}, "datetime": {"datetime": "2025-05-14 19:25:12", "elapsed": 1599.41925, "delta": 8.641724}}
{"target": 45.02990873479244, "params": {"x0": 0.9247673274479838, "x1": 0.9489554297200188, "x2": 0.0, "x3": 0.8380768940386454, "x4": 1.662924638533671, "x5": 0.16409051602591868, "x6": 1.667123746848995, "x7": 7.210630046681804, "x8": 0.905847476345362, "x9": 1.334808696668614}, "datetime": {"datetime": "2025-05-14 19:25:21", "elapsed": 1607.824505, "delta": 8.405255}}
{"target": 45.02990873479244, "params": {"x0": 0.9247673240793367, "x1": 0.9489554308541983, "x2": 0.0, "x3": 0.8380768956413872, "x4": 1.662924629693228, "x5": 0.1640905272177743, "x6": 1.6671237556548666, "x7": 7.210629022556115, "x8": 0.905847478211367, "x9": 1.3348087041623558}, "datetime": {"datetime": "2025-05-14 19:25:29", "elapsed": 1616.089986, "delta": 8.265481}}
{"target": 45.02990873479244, "params": {"x0": 0.9247673210475544, "x1": 0.9489554318749599, "x2": 0.0, "x3": 0.8380768970838548, "x4": 1.6629246217368294, "x5": 0.1640905372904444, "x6": 1.6671237635801512, "x7": 7.210628100842994, "x8": 0.9058474798907716, "x9": 1.3348087109067235}, "datetime": {"datetime": "2025-05-14 19:25:37", "elapsed": 1624.291508, "delta": 8.201522}}
{"target": 45.02990873479244, "params": {"x0": 0.9247673183189503, "x1": 0.9489554327936452, "x2": 0.0, "x3": 0.8380768983820757, "x4": 1.6629246145760708, "x5": 0.16409054635584747, "x6": 1.6671237707129074, "x7": 7.210627252088923, "x8": 0.9058474814022357, "x9": 1.3348087169766543}, "datetime": {"datetime": "2025-05-14 19:25:45", "elapsed": 1632.465052, "delta": 8.173544}}
{"target": 45.02990873479244, "params": {"x0": 0.9247673055627993, "x1": 0.9489554379996168, "x2": 1.7588288194471973e-08, "x3": 0.838076913592769, "x4": 1.6629245983932375, "x5": 0.16409055908129114, "x6": 1.6671237801948775, "x7": 7.210616815406251, "x8": 0.9058474849849592, "x9": 1.3348087273939733}, "datetime": {"datetime": "2025-05-14 19:25:53", "elapsed": 1640.577794, "delta": 8.112742}}
{"target": 45.02990873479244, "params": {"x0": 0.9247673136530372, "x1": 0.9489554343645974, "x2": 0.0, "x3": 0.8380769006020333, "x4": 1.6629246023311735, "x5": 0.1640905618576867, "x6": 1.6671237829099201, "x7": 7.210613758065121, "x8": 0.9058474839868393, "x9": 1.3348087273562361}, "datetime": {"datetime": "2025-05-14 19:26:02", "elapsed": 1648.811742, "delta": 8.233948}}
{"target": 45.02990873479244, "params": {"x0": 0.9247673116638848, "x1": 0.948955435034319, "x2": 0.0, "x3": 0.8380769015484364, "x4": 1.6629245971109803, "x5": 0.16409056846636555, "x6": 1.6671237881096994, "x7": 7.210618912521892, "x8": 0.9058474850886966, "x9": 1.3348087317812158}, "datetime": {"datetime": "2025-05-14 19:26:10", "elapsed": 1657.3521, "delta": 8.540358}}
{"target": 45.02990873479244, "params": {"x0": 0.9247673092230768, "x1": 0.9489554364035179, "x2": 4.3481283693139463e-11, "x3": 0.83807690665151, "x4": 1.6629245884216117, "x5": 0.16409058403471816, "x6": 1.6671237934036307, "x7": 7.210619063657192, "x8": 0.9058474929834927, "x9": 1.334808747000095}, "datetime": {"datetime": "2025-05-14 19:26:18", "elapsed": 1665.495052, "delta": 8.142952}}
{"target": 45.02990873479244, "params": {"x0": 0.9247672890525287, "x1": 0.9489554374975064, "x2": 1.0376627429774797e-08, "x3": 0.8380769048219089, "x4": 1.662924586708904, "x5": 0.1640906088297901, "x6": 1.6671237970446575, "x7": 7.210621769693936, "x8": 0.9058474890728673, "x9": 1.3348087460173985}, "datetime": {"datetime": "2025-05-14 19:26:27", "elapsed": 1673.754972, "delta": 8.25992}}
{"target": 45.02990873479244, "params": {"x0": 0.924767295395238, "x1": 0.9489554378825292, "x2": 7.381976417107237e-10, "x3": 0.838076907951032, "x4": 1.6629245814791989, "x5": 0.1640905857472757, "x6": 1.667123803229958, "x7": 7.210620064750519, "x8": 0.9058474987168117, "x9": 1.334808750746434}, "datetime": {"datetime": "2025-05-14 19:26:35", "elapsed": 1681.964368, "delta": 8.209396}}
{"target": 45.02990873479244, "params": {"x0": 0.9247672901572298, "x1": 0.948955438839961, "x2": 2.276608660911465e-09, "x3": 0.8380769080574177, "x4": 1.6629245751808406, "x5": 0.1640905924194972, "x6": 1.667123804733784, "x7": 7.210621992930472, "x8": 0.905847493621135, "x9": 1.3348087460944442}, "datetime": {"datetime": "2025-05-14 19:26:43", "elapsed": 1690.143991, "delta": 8.179623}}
{"target": 45.02990873479244, "params": {"x0": 0.9247672856692287, "x1": 0.9489554383492145, "x2": 1.0202105252724335e-09, "x3": 0.8380769059211732, "x4": 1.6629245717616619, "x5": 0.16409059364709655, "x6": 1.6671238091785756, "x7": 7.210620444090414, "x8": 0.9058474914037049, "x9": 1.3348087487815146}, "datetime": {"datetime": "2025-05-14 19:26:51", "elapsed": 1698.439582, "delta": 8.295591}}
{"target": 45.02990873479244, "params": {"x0": 0.9247672916110937, "x1": 0.9489554413801978, "x2": 6.9448098204244964e-09, "x3": 0.8380769056028147, "x4": 1.6629245732396796, "x5": 0.16409059840910797, "x6": 1.6671238100376118, "x7": 7.210617679154817, "x8": 0.9058474907741991, "x9": 1.3348087505460193}, "datetime": {"datetime": "2025-05-14 19:27:00", "elapsed": 1706.780438, "delta": 8.340856}}
{"target": 45.02990873479244, "params": {"x0": 0.9247672893987587, "x1": 0.948955438322247, "x2": 2.936551292885157e-10, "x3": 0.8380769078443047, "x4": 1.6629245627130964, "x5": 0.16409061308411504, "x6": 1.6671238131607626, "x7": 7.2106212656853055, "x8": 0.905847492877614, "x9": 1.334808754172583}, "datetime": {"datetime": "2025-05-14 19:27:08", "elapsed": 1715.007969, "delta": 8.227531}}
{"target": 45.02990873479244, "params": {"x0": 0.9247673009646382, "x1": 0.9489554390492584, "x2": 1.968802640073024e-09, "x3": 0.8380769093690582, "x4": 1.662924570238301, "x5": 0.16409061037054404, "x6": 1.6671238150358498, "x7": 7.21062165926786, "x8": 0.9058474932557188, "x9": 1.334808757928163}, "datetime": {"datetime": "2025-05-14 19:27:16", "elapsed": 1723.231234, "delta": 8.223265}}
{"target": 45.02990873479244, "params": {"x0": 0.9247672932091612, "x1": 0.9489554414369876, "x2": 4.436766457795511e-09, "x3": 0.8380769070358939, "x4": 1.662924567507648, "x5": 0.16409060797429684, "x6": 1.6671238173084486, "x7": 7.210621027864733, "x8": 0.9058474952634872, "x9": 1.3348087596963818}, "datetime": {"datetime": "2025-05-14 19:27:24", "elapsed": 1731.478316, "delta": 8.247082}}
{"target": 45.02990873479244, "params": {"x0": 0.9247672990788898, "x1": 0.9489554393781303, "x2": 2.6111076017221153e-09, "x3": 0.8380769124829679, "x4": 1.6629245662215197, "x5": 0.16409061981532783, "x6": 1.6671238188157464, "x7": 7.210621438704064, "x8": 0.905847492040192, "x9": 1.3348087643351279}, "datetime": {"datetime": "2025-05-14 19:27:33", "elapsed": 1739.999415, "delta": 8.521099}}
{"target": 45.02990873479244, "params": {"x0": 0.924767298314881, "x1": 0.9489554424999573, "x2": 3.800731380697294e-09, "x3": 0.8380769074860956, "x4": 1.6629245625710227, "x5": 0.1640906108213321, "x6": 1.6671238208100523, "x7": 7.210621342530623, "x8": 0.9058474942116969, "x9": 1.3348087599835408}, "datetime": {"datetime": "2025-05-14 19:27:41", "elapsed": 1748.149289, "delta": 8.149874}}
{"target": 45.02990873479244, "params": {"x0": 0.9247672926999398, "x1": 0.9489554410017821, "x2": 8.28705122950413e-10, "x3": 0.8380769108873459, "x4": 1.6629245599426654, "x5": 0.16409061373685177, "x6": 1.6671238223173719, "x7": 7.210620802727014, "x8": 0.905847495139566, "x9": 1.3348087613571071}, "datetime": {"datetime": "2025-05-14 19:27:49", "elapsed": 1756.429256, "delta": 8.279967}}
{"target": 45.02990873479244, "params": {"x0": 0.924767293862245, "x1": 0.9489554419282022, "x2": 1.8912990235320716e-10, "x3": 0.838076909768073, "x4": 1.6629245619147275, "x5": 0.16409061289430638, "x6": 1.667123824130629, "x7": 7.21062101884573, "x8": 0.9058474947971514, "x9": 1.3348087632733556}, "datetime": {"datetime": "2025-05-14 19:27:58", "elapsed": 1764.673157, "delta": 8.243901}}
{"target": 45.02990873479244, "params": {"x0": 0.9247672924697027, "x1": 0.9489554417602454, "x2": 2.084656136530852e-09, "x3": 0.8380769119028513, "x4": 1.662924559929757, "x5": 0.16409061471031006, "x6": 1.6671238247330773, "x7": 7.210620712514044, "x8": 0.9058474947430194, "x9": 1.3348087649667624}, "datetime": {"datetime": "2025-05-14 19:28:06", "elapsed": 1773.034269, "delta": 8.361112}}
{"target": 45.02990873479244, "params": {"x0": 0.924767294037786, "x1": 0.9489554400314913, "x2": 6.595087074836026e-10, "x3": 0.8380769094181673, "x4": 1.6629245592299926, "x5": 0.1640906157490107, "x6": 1.6671238258103576, "x7": 7.21062068638469, "x8": 0.9058474957301842, "x9": 1.3348087680960699}, "datetime": {"datetime": "2025-05-14 19:28:14", "elapsed": 1781.521668, "delta": 8.487399}}
