{"target": 1.0370955433540803e-05, "params": {"x0": 0.8956102923291751, "x1": 3.42639634191492, "x2": 1.8060883782579578, "x3": 7.646764510955829, "x4": 2.964621167135863, "x5": 18.237061944436057, "x6": 12.215356474393952, "x7": 17.508004456490706, "x8": 1.6374789419928106, "x9": 2.726757910382124}, "datetime": {"datetime": "2025-05-12 18:55:19", "elapsed": 4425.271504, "delta": 13.270108}}
{"target": 1.0370955433540803e-05, "params": {"x0": 0.8956102923291751, "x1": 3.4263963419149217, "x2": 1.8060883782579558, "x3": 7.646764510955829, "x4": 2.964621167135863, "x5": 18.23706194443606, "x6": 12.215356474393952, "x7": 17.508004456490706, "x8": 1.6374789419928104, "x9": 2.726757910382124}, "datetime": {"datetime": "2025-05-12 18:55:34", "elapsed": 4439.699698, "delta": 14.428194}}
{"target": 1.0370955433540803e-05, "params": {"x0": 0.8956102923291751, "x1": 3.426396341914919, "x2": 1.806088378257957, "x3": 7.646764510955831, "x4": 2.9646211671358635, "x5": 18.237061944436057, "x6": 12.215356474393952, "x7": 17.508004456490706, "x8": 1.6374789419928104, "x9": 2.726757910382124}, "datetime": {"datetime": "2025-05-12 18:55:47", "elapsed": 4452.696186, "delta": 12.996488}}
{"target": 1.0370955433540803e-05, "params": {"x0": 0.8956102923291751, "x1": 3.426396341914921, "x2": 1.8060883782579562, "x3": 7.646764510955829, "x4": 2.9646211671358635, "x5": 18.237061944436057, "x6": 12.215356474393952, "x7": 17.508004456490706, "x8": 1.6374789419928104, "x9": 2.726757910382124}, "datetime": {"datetime": "2025-05-12 18:56:01", "elapsed": 4466.733265, "delta": 14.037079}}
{"target": 1.0370955433540803e-05, "params": {"x0": 0.8956102923291751, "x1": 3.4263963419149195, "x2": 1.806088378257958, "x3": 7.646764510955829, "x4": 2.9646211671358627, "x5": 18.237061944436057, "x6": 12.21535647439395, "x7": 17.508004456490706, "x8": 1.6374789419928106, "x9": 2.726757910382124}, "datetime": {"datetime": "2025-05-12 18:56:14", "elapsed": 4480.061429, "delta": 13.328164}}
{"target": 1.0370955433540803e-05, "params": {"x0": 0.8956102923291751, "x1": 3.4263963419149213, "x2": 1.8060883782579564, "x3": 7.64676451095583, "x4": 2.964621167135863, "x5": 18.237061944436057, "x6": 12.215356474393952, "x7": 17.508004456490706, "x8": 1.6374789419928104, "x9": 2.726757910382124}, "datetime": {"datetime": "2025-05-12 18:56:27", "elapsed": 4493.638578, "delta": 13.577149}}
{"target": 1.0370955433540803e-05, "params": {"x0": 0.8956102923291751, "x1": 3.4263963419149195, "x2": 1.8060883782579575, "x3": 7.64676451095583, "x4": 2.964621167135863, "x5": 18.237061944436057, "x6": 12.21535647439395, "x7": 17.508004456490706, "x8": 1.6374789419928104, "x9": 2.726757910382124}, "datetime": {"datetime": "2025-05-12 18:56:41", "elapsed": 4506.829765, "delta": 13.191187}}
{"target": 1.0370955433540803e-05, "params": {"x0": 0.8956102923291751, "x1": 3.426396341914921, "x2": 1.8060883782579564, "x3": 7.646764510955831, "x4": 2.964621167135863, "x5": 18.237061944436057, "x6": 12.215356474393952, "x7": 17.508004456490706, "x8": 1.6374789419928104, "x9": 2.726757910382124}, "datetime": {"datetime": "2025-05-12 18:56:53", "elapsed": 4519.613894, "delta": 12.784129}}
{"target": 1.0370955433540803e-05, "params": {"x0": 0.8956102923291751, "x1": 3.42639634191492, "x2": 1.8060883782579567, "x3": 7.646764510955831, "x4": 2.9646211671358627, "x5": 18.237061944436057, "x6": 12.215356474393948, "x7": 17.508004456490706, "x8": 1.6374789419928104, "x9": 2.726757910382124}, "datetime": {"datetime": "2025-05-12 18:57:07", "elapsed": 4533.666886, "delta": 14.052992}}
{"target": 1.0370955433540803e-05, "params": {"x0": 0.8956102923291751, "x1": 3.42639634191492, "x2": 1.806088378257957, "x3": 7.646764510955829, "x4": 2.9646211671358635, "x5": 18.237061944436057, "x6": 12.215356474393948, "x7": 17.508004456490706, "x8": 1.6374789419928104, "x9": 2.726757910382124}, "datetime": {"datetime": "2025-05-12 18:57:21", "elapsed": 4547.442011, "delta": 13.775125}}
{"target": 1.0370955433540803e-05, "params": {"x0": 0.8956102923291751, "x1": 3.426396341914921, "x2": 1.8060883782579569, "x3": 7.64676451095583, "x4": 2.9646211671358635, "x5": 18.237061944436057, "x6": 12.215356474393952, "x7": 17.508004456490706, "x8": 1.6374789419928104, "x9": 2.726757910382124}, "datetime": {"datetime": "2025-05-12 18:57:34", "elapsed": 4560.448603, "delta": 13.006592}}
{"target": 1.0370955433540803e-05, "params": {"x0": 0.8956102923291751, "x1": 3.42639634191492, "x2": 1.8060883782579567, "x3": 7.64676451095583, "x4": 2.9646211671358635, "x5": 18.237061944436057, "x6": 12.21535647439395, "x7": 17.508004456490706, "x8": 1.6374789419928104, "x9": 2.726757910382124}, "datetime": {"datetime": "2025-05-12 18:57:48", "elapsed": 4573.817841, "delta": 13.369238}}
{"target": 1.0370955433540803e-05, "params": {"x0": 0.8956102923291751, "x1": 3.426396341914921, "x2": 1.8060883782579567, "x3": 7.646764510955831, "x4": 2.964621167135863, "x5": 18.237061944436057, "x6": 12.21535647439395, "x7": 17.508004456490706, "x8": 1.6374789419928104, "x9": 2.726757910382124}, "datetime": {"datetime": "2025-05-12 18:58:02", "elapsed": 4587.6972, "delta": 13.879359}}
{"target": 1.0370955433540803e-05, "params": {"x0": 0.8956102923291751, "x1": 3.426396341914921, "x2": 1.8060883782579567, "x3": 7.64676451095583, "x4": 2.9646211671358627, "x5": 18.237061944436057, "x6": 12.21535647439395, "x7": 17.508004456490706, "x8": 1.6374789419928104, "x9": 2.726757910382124}, "datetime": {"datetime": "2025-05-12 18:58:15", "elapsed": 4601.669971, "delta": 13.972771}}
{"target": 1.0370955433540803e-05, "params": {"x0": 0.8956102923291751, "x1": 3.42639634191492, "x2": 1.806088378257957, "x3": 7.64676451095583, "x4": 2.964621167135863, "x5": 18.237061944436057, "x6": 12.21535647439395, "x7": 17.508004456490706, "x8": 1.6374789419928104, "x9": 2.726757910382124}, "datetime": {"datetime": "2025-05-12 18:58:28", "elapsed": 4614.513748, "delta": 12.843777}}
{"target": 1.0370955433540803e-05, "params": {"x0": 0.8956102923291751, "x1": 3.4263963419149204, "x2": 1.806088378257957, "x3": 7.64676451095583, "x4": 2.964621167135863, "x5": 18.237061944436057, "x6": 12.21535647439395, "x7": 17.508004456490706, "x8": 1.6374789419928104, "x9": 2.726757910382124}, "datetime": {"datetime": "2025-05-12 18:58:42", "elapsed": 4628.133471, "delta": 13.619723}}
{"target": 1.0370955433540803e-05, "params": {"x0": 0.8956102923291751, "x1": 3.4263963419149204, "x2": 1.8060883782579569, "x3": 7.64676451095583, "x4": 2.964621167135863, "x5": 18.237061944436057, "x6": 12.21535647439395, "x7": 17.508004456490706, "x8": 1.6374789419928104, "x9": 2.726757910382124}, "datetime": {"datetime": "2025-05-12 18:58:56", "elapsed": 4642.113218, "delta": 13.979747}}
{"target": 1.0370955433540803e-05, "params": {"x0": 0.8956102923291751, "x1": 3.42639634191492, "x2": 1.8060883782579569, "x3": 7.64676451095583, "x4": 2.964621167135863, "x5": 18.237061944436057, "x6": 12.21535647439395, "x7": 17.508004456490706, "x8": 1.6374789419928104, "x9": 2.726757910382124}, "datetime": {"datetime": "2025-05-12 18:59:09", "elapsed": 4655.195993, "delta": 13.082775}}
{"target": 1.0370955433540803e-05, "params": {"x0": 0.8956102923291751, "x1": 3.4263963419149204, "x2": 1.8060883782579569, "x3": 7.64676451095583, "x4": 2.964621167135863, "x5": 18.237061944436057, "x6": 12.21535647439395, "x7": 17.508004456490706, "x8": 1.6374789419928104, "x9": 2.726757910382124}, "datetime": {"datetime": "2025-05-12 18:59:23", "elapsed": 4669.014335, "delta": 13.818342}}
{"target": 1.0370955433540803e-05, "params": {"x0": 0.8956102923291751, "x1": 3.4263963419149204, "x2": 1.8060883782579569, "x3": 7.64676451095583, "x4": 2.964621167135863, "x5": 18.237061944436057, "x6": 12.21535647439395, "x7": 17.508004456490706, "x8": 1.6374789419928104, "x9": 2.726757910382124}, "datetime": {"datetime": "2025-05-12 18:59:37", "elapsed": 4683.005975, "delta": 13.99164}}
{"target": 1.0370955433540803e-05, "params": {"x0": 0.8956102923291751, "x1": 3.4263963419149204, "x2": 1.8060883782579569, "x3": 7.64676451095583, "x4": 2.964621167135863, "x5": 18.237061944436057, "x6": 12.21535647439395, "x7": 17.508004456490706, "x8": 1.6374789419928104, "x9": 2.726757910382124}, "datetime": {"datetime": "2025-05-12 18:59:51", "elapsed": 4697.663533, "delta": 14.657558}}
{"target": 1.0370955433540803e-05, "params": {"x0": 0.8956102923291751, "x1": 3.4263963419149204, "x2": 1.806088378257957, "x3": 7.64676451095583, "x4": 2.964621167135863, "x5": 18.237061944436057, "x6": 12.21535647439395, "x7": 17.508004456490706, "x8": 1.6374789419928104, "x9": 2.726757910382124}, "datetime": {"datetime": "2025-05-12 19:00:06", "elapsed": 4711.936534, "delta": 14.273001}}
{"target": 1.0370955433540803e-05, "params": {"x0": 0.8956102923291751, "x1": 3.4263963419149204, "x2": 1.8060883782579573, "x3": 7.64676451095583, "x4": 2.964621167135863, "x5": 18.237061944436057, "x6": 12.21535647439395, "x7": 17.508004456490706, "x8": 1.6374789419928104, "x9": 2.726757910382124}, "datetime": {"datetime": "2025-05-12 19:00:20", "elapsed": 4726.585211, "delta": 14.648677}}
{"target": 1.0370955433540803e-05, "params": {"x0": 0.8956102923291751, "x1": 3.4263963419149204, "x2": 1.8060883782579573, "x3": 7.64676451095583, "x4": 2.964621167135863, "x5": 18.237061944436057, "x6": 12.21535647439395, "x7": 17.508004456490706, "x8": 1.6374789419928104, "x9": 2.726757910382124}, "datetime": {"datetime": "2025-05-12 19:00:34", "elapsed": 4740.106711, "delta": 13.5215}}
{"target": 1.0370955433540803e-05, "params": {"x0": 0.8956102923291751, "x1": 3.4263963419149204, "x2": 1.8060883782579573, "x3": 7.64676451095583, "x4": 2.964621167135863, "x5": 18.237061944436057, "x6": 12.21535647439395, "x7": 17.508004456490706, "x8": 1.6374789419928104, "x9": 2.726757910382124}, "datetime": {"datetime": "2025-05-12 19:00:48", "elapsed": 4754.531941, "delta": 14.42523}}
