{"target": 5.681735368334858e-10, "params": {"x0": 0.9668088018810296, "x1": 7.454952890323638, "x2": 0.0011437481734488664, "x3": 3.0233257263183977, "x4": 1.4675589081711304, "x5": 1.846771895375956, "x6": 3.725204227553418, "x7": 6.911214540860955, "x8": 0.8538582010382728, "x9": 1.9698701212060423}, "datetime": {"datetime": "2025-05-12 17:41:34", "elapsed": 0.0, "delta": 0.0}}
{"target": 2.2188891658077624e-07, "params": {"x0": 0.9676778057613179, "x1": 7.135497453610512, "x2": 2.0445224973151745, "x3": 8.781174363909454, "x4": 0.27387593197926163, "x5": 13.409350203568044, "x6": 8.34609604734254, "x7": 11.173796568915034, "x8": 0.3667351833309441, "x9": 1.3565826803527818}, "datetime": {"datetime": "2025-05-12 17:41:45", "elapsed": 11.137827, "delta": 11.137827}}
{"target": 4.210160714671651e-11, "params": {"x0": 1.1202978274702147, "x1": 9.711180339046518, "x2": 3.1342417815924284, "x3": 6.923226156693141, "x4": 8.763891522960384, "x5": 17.892133270076947, "x6": 1.7008842273955582, "x7": 0.7810956646576472, "x8": 0.42267779717268095, "x9": 2.5806565061729434}, "datetime": {"datetime": "2025-05-12 17:41:57", "elapsed": 22.690487, "delta": 11.55266}}
{"target": 4.016037772535314e-06, "params": {"x0": 0.8393387335332201, "x1": 4.732079387545975, "x2": 9.57889530150502, "x3": 5.331652849730171, "x4": 6.9187711395047335, "x5": 6.310312620121259, "x6": 13.730018553631673, "x7": 16.692513437947458, "x8": 0.13474772695396442, "x9": 2.3502597669009413}, "datetime": {"datetime": "2025-05-12 17:42:08", "elapsed": 33.686377, "delta": 10.99589}}
{"target": 3.872133033368141e-08, "params": {"x0": 1.195544435562598, "x1": 7.708307454856539, "x2": 2.804439920644052, "x3": 7.892793284514886, "x4": 1.0322600657764203, "x5": 8.957870523518103, "x6": 18.17191006186191, "x7": 5.8722829674735895, "x8": 0.6467731433140625, "x9": 1.2340514298128997}, "datetime": {"datetime": "2025-05-12 17:42:19", "elapsed": 45.236649, "delta": 11.550272}}
{"target": 2.660046712112625e-09, "params": {"x0": 0.8077467831481189, "x1": 7.077403349753008, "x2": 2.1162811600005904, "x3": 2.655466593722262, "x4": 4.9157315928033825, "x5": 1.0672509023416077, "x6": 11.482352109840262, "x7": 2.934571498116203, "x8": 1.2196805201162402, "x9": 2.259565048037676}, "datetime": {"datetime": "2025-05-12 17:42:31", "elapsed": 56.813812, "delta": 11.577163}}
{"target": 4.33781851178606e-06, "params": {"x0": 0.8409337715311304, "x1": 4.667909489158071, "x2": 6.944001577277451, "x3": 4.141792695269027, "x4": 0.4995345894608716, "x5": 10.717928118310232, "x6": 13.275892904395777, "x7": 10.297782241166171, "x8": 1.8947300363825452, "x9": 2.055799072903587}, "datetime": {"datetime": "2025-05-12 17:42:42", "elapsed": 68.128043, "delta": 11.314231}}
{"target": 7.832450295660115e-06, "params": {"x0": 1.1613607661151533, "x1": 2.1510198077307616, "x2": 1.3927634725075855, "x3": 8.073912887095238, "x4": 3.9767683698553355, "x5": 3.3070839423386555, "x6": 18.550171607920678, "x7": 6.955317194910132, "x8": 1.5265429959586956, "x9": 2.306796373630813}, "datetime": {"datetime": "2025-05-12 17:42:53", "elapsed": 78.777703, "delta": 10.64966}}
{"target": 3.0007162045752292e-06, "params": {"x0": 1.1533224364823238, "x1": 6.575417084206041, "x2": 7.509424340273371, "x3": 3.4889834197784255, "x4": 2.6992789176502607, "x5": 17.917724363921337, "x6": 8.561823797425898, "x7": 19.29680094296771, "x8": 1.3605388458550514, "x9": 2.1190522963764193}, "datetime": {"datetime": "2025-05-12 17:43:03", "elapsed": 89.623938, "delta": 10.846235}}
{"target": 2.312126191879102e-10, "params": {"x0": 0.8458983891813501, "x1": 9.540352254234348, "x2": 4.499121334799405, "x3": 5.783896143871318, "x4": 4.081368027612812, "x5": 4.740539604860555, "x6": 18.067590411245074, "x7": 11.473589733445717, "x8": 0.10545362135920205, "x9": 2.110860844517303}, "datetime": {"datetime": "2025-05-12 17:43:15", "elapsed": 101.013677, "delta": 11.389739}}
{"target": 1.670471182666978e-06, "params": {"x0": 0.9306579607088384, "x1": 5.696228730544245, "x2": 8.859420993107745, "x3": 3.5726976000249975, "x4": 9.085351509197992, "x5": 12.467202315836055, "x6": 0.31642485693112565, "x7": 18.588744674875226, "x8": 1.4127041432821554, "x9": 2.795181130812665}, "datetime": {"datetime": "2025-05-12 17:43:26", "elapsed": 111.718521, "delta": 10.704844}}
{"target": 8.368323982095217e-06, "params": {"x0": 0.8689362033381315, "x1": 2.1479353216227874, "x2": 9.325954630371635, "x3": 6.9681816148990015, "x4": 0.6600017272206249, "x5": 15.109261052049327, "x6": 15.077523769224928, "x7": 18.460490710929665, "x8": 1.4518970413940964, "x9": 1.2236877315498964}, "datetime": {"datetime": "2025-05-12 17:43:36", "elapsed": 122.259196, "delta": 10.540675}}
{"target": 2.4523604330458393e-06, "params": {"x0": 0.8079520535359183, "x1": 1.1385199805872455, "x2": 0.28306488020794607, "x3": 2.462110676030459, "x4": 8.60027948682888, "x5": 10.776621286833057, "x6": 11.056439573715318, "x7": 16.840617847192114, "x8": 0.33592929872783117, "x9": 1.5025306222200512}, "datetime": {"datetime": "2025-05-12 17:43:46", "elapsed": 132.307182, "delta": 10.047986}}
{"target": 2.3136586911512412e-09, "params": {"x0": 1.034303708583315, "x1": 9.72332130970904, "x2": 5.6103021925571, "x3": 0.1864728937294302, "x4": 8.006326726806163, "x5": 4.659485476820409, "x6": 16.142103912375582, "x7": 7.757212881283435, "x8": 1.7407295236629146, "x9": 2.3448189569269324}, "datetime": {"datetime": "2025-05-12 17:43:57", "elapsed": 142.883224, "delta": 10.576042}}
{"target": 4.280998084039485e-06, "params": {"x0": 1.0224960935961676, "x1": 2.1417425535122336, "x2": 0.5991768951221166, "x3": 1.2134345574073735, "x4": 0.44551878544761725, "x5": 2.149882582121858, "x6": 4.514186772157094, "x7": 14.259779607653533, "x8": 1.1634622659028706, "x9": 1.0226007642864086}, "datetime": {"datetime": "2025-05-12 17:44:07", "elapsed": 152.787687, "delta": 9.904463}}
{"target": 9.397509967063054e-08, "params": {"x0": 0.8287897118757948, "x1": 9.702214603002476, "x2": 5.681004619199421, "x3": 2.032932346609905, "x4": 2.5232574457032344, "x5": 14.87651708150186, "x6": 3.908589622186376, "x7": 11.627178545465156, "x8": 1.9430379792677934, "x9": 2.5242918426820635}, "datetime": {"datetime": "2025-05-12 17:44:17", "elapsed": 163.225654, "delta": 10.437967}}
{"target": 3.997379998583214e-06, "params": {"x0": 0.8959391036590345, "x1": 5.393304399845443, "x2": 6.1995571838137975, "x3": 8.289808995501787, "x4": 1.5679139464608427, "x5": 0.37152404354819035, "x6": 1.4004428743844466, "x7": 9.726902218740637, "x8": 1.2520259771413278, "x9": 2.0239325867556666}, "datetime": {"datetime": "2025-05-12 17:44:28", "elapsed": 173.716157, "delta": 10.490503}}
{"target": 1.6392136916331735e-10, "params": {"x0": 0.9269449637288643, "x1": 9.896407005153284, "x2": 5.797452192457969, "x3": 3.801411726235504, "x4": 5.509482191178968, "x5": 14.906688618130042, "x6": 13.384657869063691, "x7": 5.298391153256188, "x8": 0.22603618541403897, "x9": 1.6661515562453912}, "datetime": {"datetime": "2025-05-12 17:44:38", "elapsed": 184.213312, "delta": 10.497155}}
{"target": 3.7855141709036338e-06, "params": {"x0": 1.0518870028086258, "x1": 2.81258349022504, "x2": 7.527555537388139, "x3": 0.6653648135411494, "x4": 2.6031509857854096, "x5": 16.09509127486691, "x6": 3.8686856524665547, "x7": 12.789217617598803, "x8": 1.096873587335094, "x9": 2.664654346718831}, "datetime": {"datetime": "2025-05-12 17:44:48", "elapsed": 194.60911, "delta": 10.395798}}
{"target": 3.6952149099179093e-06, "params": {"x0": 0.9053187081948444, "x1": 1.5002459252246165, "x2": 7.350659632886694, "x3": 7.721780295432468, "x4": 9.07815852503524, "x5": 18.639441383936745, "x6": 0.2790314595119403, "x7": 4.687241722428411, "x8": 1.2718788783031496, "x9": 2.7082293772377097}, "datetime": {"datetime": "2025-05-12 17:44:59", "elapsed": 204.904868, "delta": 10.295758}}
{"target": 5.812854960754744e-07, "params": {"x0": 1.180070447698832, "x1": 5.965544012575924, "x2": 9.156063497662746, "x3": 6.415662089463376, "x4": 3.9000771414124626, "x5": 9.719813341938195, "x6": 12.086209658399465, "x7": 10.99095843017125, "x8": 1.859744710742262, "x9": 2.6537201841404907}, "datetime": {"datetime": "2025-05-12 17:45:09", "elapsed": 215.583156, "delta": 10.678288}}
{"target": 6.364362421006576e-11, "params": {"x0": 0.957950245169422, "x1": 9.665689008810478, "x2": 1.7395566668046436, "x3": 1.2632951943963733, "x4": 1.3507915804673132, "x5": 10.113243313537934, "x6": 0.43049610548395956, "x7": 18.95940422435362, "x8": 1.6715193952243916, "x9": 1.0270341653358204}, "datetime": {"datetime": "2025-05-12 17:45:20", "elapsed": 226.269702, "delta": 10.686546}}
{"target": 9.332086956375333e-06, "params": {"x0": 0.8704785022300221, "x1": 3.9217785267382164, "x2": 1.309968448109169, "x3": 8.094906921265821, "x4": 3.4473665268329343, "x5": 18.802149646667342, "x6": 11.6402835989416, "x7": 17.57663968823688, "x8": 1.7049954462452215, "x9": 2.6297061736755687}, "datetime": {"datetime": "2025-05-12 17:45:30", "elapsed": 236.532066, "delta": 10.262364}}
{"target": 6.62763085785225e-06, "params": {"x0": 0.9839521063267228, "x1": 5.871756025785397, "x2": 7.986035911520394, "x3": 2.8571885173414757, "x4": 4.902535226199277, "x5": 11.982206152917566, "x6": 0.31066551101671447, "x7": 11.869628163932743, "x8": 0.9239850630799706, "x9": 2.4532489519927143}, "datetime": {"datetime": "2025-05-12 17:45:41", "elapsed": 247.192954, "delta": 10.660888}}
{"target": 5.309614989138205e-09, "params": {"x0": 0.9260979212381492, "x1": 9.025287247578877, "x2": 5.778572152845355, "x3": 1.8401020162746506, "x4": 7.879292338255043, "x5": 12.240623540898678, "x6": 1.0781854414750591, "x7": 8.403873600022644, "x8": 1.3902307894743162, "x9": 2.6534832003595463}, "datetime": {"datetime": "2025-05-12 17:45:52", "elapsed": 257.822096, "delta": 10.629142}}
{"target": 7.301625366546782e-07, "params": {"x0": 0.800160809956543, "x1": 9.788508256182643, "x2": 3.7658031474577447, "x3": 9.737835383583226, "x4": 6.04716100974053, "x5": 16.57691615961386, "x6": 11.494230094162045, "x7": 12.561523966147007, "x8": 0.6425949352218184, "x9": 2.056300013180949}, "datetime": {"datetime": "2025-05-12 17:46:02", "elapsed": 268.397138, "delta": 10.575042}}
{"target": 8.637334742104612e-06, "params": {"x0": 1.1000087054810639, "x1": 8.710655911504285, "x2": 7.550821884676802, "x3": 6.98057248447303, "x4": 8.644794300545998, "x5": 6.453619936734929, "x6": 13.415775815751745, "x7": 9.017478728266983, "x8": 0.8259952288598826, "x9": 1.739460429859934}, "datetime": {"datetime": "2025-05-12 17:46:13", "elapsed": 278.675777, "delta": 10.278639}}
{"target": 3.003021882189125e-06, "params": {"x0": 0.9605918333878163, "x1": 3.7881939082203195, "x2": 6.2191936792030145, "x3": 4.302472708212644, "x4": 9.738020779272523, "x5": 13.556017828686223, "x6": 3.9713977685422175, "x7": 8.534020186960657, "x8": 0.7523578555714037, "x9": 2.43574984712542}, "datetime": {"datetime": "2025-05-12 17:46:23", "elapsed": 289.226033, "delta": 10.550256}}
{"target": 2.8960192610718852e-08, "params": {"x0": 1.1519993154253727, "x1": 9.124961798019985, "x2": 6.627198123752622, "x3": 2.7020826202975776, "x4": 2.5236670150458975, "x5": 17.097958853948047, "x6": 10.554292926174933, "x7": 16.04322168009196, "x8": 1.187728182664052, "x9": 2.31965654551752}, "datetime": {"datetime": "2025-05-12 17:46:34", "elapsed": 299.78244, "delta": 10.556407}}
{"target": 1.0137409776608418e-08, "params": {"x0": 1.0076046509856222, "x1": 7.91504358556718, "x2": 5.688579907047155, "x3": 4.657098785919809, "x4": 3.4268890795328177, "x5": 1.3641869683340824, "x6": 7.558483586561997, "x7": 1.5925215539650472, "x8": 1.9673525160878456, "x9": 1.3269031323953748}, "datetime": {"datetime": "2025-05-12 17:46:44", "elapsed": 310.051939, "delta": 10.269499}}
{"target": 8.06525040617972e-09, "params": {"x0": 1.1247434790882158, "x1": 8.862150969098673, "x2": 6.884132523859433, "x3": 5.694944127453757, "x4": 1.6097143681560877, "x5": 9.337600455266127, "x6": 6.9034410231043, "x7": 4.500799156281692, "x8": 1.225772550655014, "x9": 1.5620857078634505}, "datetime": {"datetime": "2025-05-12 17:46:54", "elapsed": 320.40443, "delta": 10.352491}}
{"target": 2.834251549640556e-10, "params": {"x0": 1.1665222213873403, "x1": 9.17768327705917, "x2": 2.5711829378219617, "x3": 1.108913007440292, "x4": 1.9296273201911285, "x5": 9.991683413577721, "x6": 14.571713359491925, "x7": 4.16388876817583, "x8": 0.5712637609167384, "x9": 2.5330093748854603}, "datetime": {"datetime": "2025-05-12 17:47:05", "elapsed": 330.785288, "delta": 10.380858}}
{"target": 1.0185385830669543e-08, "params": {"x0": 0.9663394873070109, "x1": 6.511834111112649, "x2": 2.3366613923925006, "x3": 1.0196725942579743, "x4": 5.158570169685298, "x5": 9.542819740995647, "x6": 3.053432881863265, "x7": 12.43612463480831, "x8": 1.1336192257464826, "x9": 2.1774472245473397}, "datetime": {"datetime": "2025-05-12 17:47:15", "elapsed": 341.538788, "delta": 10.7535}}
{"target": 1.2827326643209922e-06, "params": {"x0": 0.857818216049864, "x1": 7.738903135930719, "x2": 2.220491397999227, "x3": 5.19351824366033, "x4": 7.8529602822161895, "x5": 0.4466085598361236, "x6": 6.48724919452373, "x7": 17.45844752800222, "x8": 1.7049482544439323, "x9": 1.9691930666701785}, "datetime": {"datetime": "2025-05-12 17:47:26", "elapsed": 352.270924, "delta": 10.732136}}
{"target": 1.0171686132497235e-06, "params": {"x0": 1.146643309666605, "x1": 9.543234521318002, "x2": 8.264069976293413, "x3": 8.541154438365387, "x4": 0.9874340182034835, "x5": 13.02608664681982, "x6": 14.07033976305306, "x7": 12.204816252932593, "x8": 1.6192689972984533, "x9": 1.0622281957689417}, "datetime": {"datetime": "2025-05-12 17:47:36", "elapsed": 362.672861, "delta": 10.401937}}
{"target": 8.971632040318205e-09, "params": {"x0": 1.108095493821992, "x1": 7.558730266729695, "x2": 2.596983932983531, "x3": 2.5706929882214666, "x4": 6.323033174301278, "x5": 6.905949231821631, "x6": 15.93177356014575, "x7": 8.922924640069144, "x8": 1.5872238880899268, "x9": 2.782849210522913}, "datetime": {"datetime": "2025-05-12 17:47:47", "elapsed": 373.099368, "delta": 10.426507}}
{"target": 4.439644847265042e-06, "params": {"x0": 0.9200993358135601, "x1": 2.2013530371487042, "x2": 9.013084363492737, "x3": 5.415593788873733, "x4": 9.747403708550822, "x5": 12.732088000037944, "x6": 19.878260492209577, "x7": 10.921416082859032, "x8": 1.1002092744204905, "x9": 1.243770225529906}, "datetime": {"datetime": "2025-05-12 17:47:57", "elapsed": 383.582153, "delta": 10.482785}}
{"target": 8.311838654455148e-06, "params": {"x0": 0.9422820683935524, "x1": 1.138588962396997, "x2": 1.603951795196491, "x3": 7.456371927074961, "x4": 0.3039968992878883, "x5": 7.330861944874886, "x6": 17.246925056760883, "x7": 13.853554350147085, "x8": 1.4127900699257203, "x9": 1.3395462417195596}, "datetime": {"datetime": "2025-05-12 17:48:08", "elapsed": 393.795122, "delta": 10.212969}}
{"target": 7.40634256068478e-06, "params": {"x0": 0.9767617122993694, "x1": 6.19235440683305, "x2": 9.897517076637053, "x3": 2.0390622523312185, "x4": 2.4773290176235485, "x5": 5.243461675458239, "x6": 15.003448265959856, "x7": 9.139506548713856, "x8": 0.2081659329810805, "x9": 1.915329233098431}, "datetime": {"datetime": "2025-05-12 17:48:18", "elapsed": 404.100483, "delta": 10.305361}}
{"target": 2.433232802496468e-09, "params": {"x0": 0.8847840658574704, "x1": 8.167298627317912, "x2": 2.9733138150727223, "x3": 0.2760601195450363, "x4": 5.93432449464621, "x5": 16.876808578623777, "x6": 7.620322481244283, "x7": 14.997166214522867, "x8": 1.0711688087645435, "x9": 1.9737132489319396}, "datetime": {"datetime": "2025-05-12 17:48:28", "elapsed": 414.632261, "delta": 10.531778}}
{"target": 2.89530343611343e-10, "params": {"x0": 1.183773728424701, "x1": 8.216044112637686, "x2": 0.3232306662357398, "x3": 7.0938725123129505, "x4": 4.6500148156350605, "x5": 18.950978827901995, "x6": 4.428654686469766, "x7": 5.341440393687316, "x8": 0.2548005332667978, "x9": 1.7715138915948156}, "datetime": {"datetime": "2025-05-12 17:48:39", "elapsed": 425.371149, "delta": 10.738888}}
{"target": 6.299547124037102e-06, "params": {"x0": 0.8436075056076273, "x1": 6.6674595215684525, "x2": 8.029632373737378, "x3": 6.9680049612017845, "x4": 7.662113810757704, "x5": 6.849082396870396, "x6": 16.917029660553553, "x7": 8.575375499988851, "x8": 1.6656187537834057, "x9": 2.1276930855237284}, "datetime": {"datetime": "2025-05-12 17:48:49", "elapsed": 435.4867, "delta": 10.115551}}
{"target": 3.0632482597731844e-06, "params": {"x0": 0.857369219468098, "x1": 1.6133207886800265, "x2": 0.1833264291300729, "x3": 0.6672499763935646, "x4": 4.585838137084318, "x5": 2.2668384553518095, "x6": 0.5556669769733991, "x7": 15.097229627809348, "x8": 0.8502159128752148, "x9": 2.344489292093545}, "datetime": {"datetime": "2025-05-12 17:48:59", "elapsed": 445.541771, "delta": 10.055071}}
{"target": 2.1886956608334146e-06, "params": {"x0": 0.9809619306985806, "x1": 4.995789397706926, "x2": 4.7807250671783095, "x3": 4.74003926562194, "x4": 8.031633421141697, "x5": 8.047850397154717, "x6": 18.09372320687246, "x7": 0.7412209590807173, "x8": 1.5703612511687954, "x9": 1.2261544860479299}, "datetime": {"datetime": "2025-05-12 17:49:10", "elapsed": 455.727421, "delta": 10.18565}}
{"target": 3.880974703236687e-06, "params": {"x0": 1.047405426764834, "x1": 0.9943147781506106, "x2": 5.38627282576347, "x3": 0.030179566195963625, "x4": 9.511937854902046, "x5": 18.108040674055562, "x6": 15.919338838845388, "x7": 18.30548639829575, "x8": 0.3765606392009544, "x9": 1.28391412576696}, "datetime": {"datetime": "2025-05-12 17:49:20", "elapsed": 465.790824, "delta": 10.063403}}
{"target": 6.7281335949403325e-06, "params": {"x0": 0.8750526691609737, "x1": 6.564712710929283, "x2": 9.058094960083018, "x3": 9.899551783590736, "x4": 7.1112245876581595, "x5": 14.636008182845906, "x6": 18.18586409088509, "x7": 8.017474647422418, "x8": 0.5747162924275698, "x9": 1.312174307416821}, "datetime": {"datetime": "2025-05-12 17:49:30", "elapsed": 475.840241, "delta": 10.049417}}
{"target": 4.403170359551581e-09, "params": {"x0": 0.8477828201334916, "x1": 8.29475635109874, "x2": 1.4679237341724316, "x3": 2.642974827269007, "x4": 8.190891786335309, "x5": 6.211745035884199, "x6": 19.648348985858856, "x7": 5.332774043032704, "x8": 1.1139413554453017, "x9": 1.5660406201345292}, "datetime": {"datetime": "2025-05-12 17:49:40", "elapsed": 486.252522, "delta": 10.412281}}
{"target": 6.893164320441148e-06, "params": {"x0": 1.164309132469535, "x1": 4.235665459046233, "x2": 4.3359232727316455, "x3": 5.122926922783614, "x4": 9.388864773697133, "x5": 0.6189801254230143, "x6": 14.337573272633783, "x7": 17.820379085846778, "x8": 0.15184572468319074, "x9": 1.9396922450545193}, "datetime": {"datetime": "2025-05-12 17:49:50", "elapsed": 496.393674, "delta": 10.141152}}
{"target": 1.0503981598225536e-08, "params": {"x0": 0.9303959247080101, "x1": 8.72135281987683, "x2": 5.585165509225178, "x3": 6.902278681627479, "x4": 4.528534999515374, "x5": 12.566180750427144, "x6": 5.8019370337485165, "x7": 0.18697155933031562, "x8": 1.1958362764754724, "x9": 1.5605995854384331}, "datetime": {"datetime": "2025-05-12 17:50:01", "elapsed": 506.94334, "delta": 10.549666}}
{"target": 2.1000108939182595e-08, "params": {"x0": 1.006907039400452, "x1": 9.23929326279047, "x2": 4.26474788501396, "x3": 2.473960366023854, "x4": 3.7129376127905447, "x5": 18.63722233273081, "x6": 18.73736762618187, "x7": 16.886598971314264, "x8": 1.8483923771807549, "x9": 1.4102205219123705}, "datetime": {"datetime": "2025-05-12 17:50:11", "elapsed": 517.66135, "delta": 10.71801}}
{"target": 3.830289865044994e-06, "params": {"x0": 1.1064644318562409, "x1": 1.0696423755537825, "x2": 3.475510887334181, "x3": 8.610891740396005, "x4": 4.895478942122108, "x5": 18.860708607500392, "x6": 13.198014705787696, "x7": 19.13242987912732, "x8": 1.835697931820334, "x9": 1.9277226217872232}, "datetime": {"datetime": "2025-05-12 17:50:22", "elapsed": 528.40679, "delta": 10.74544}}
{"target": 5.932551739793787e-06, "params": {"x0": 0.8899418428990911, "x1": 2.7882831085217186, "x2": 1.8799118176887295, "x3": 8.850895767854393, "x4": 0.2732512662180432, "x5": 16.940811543339777, "x6": 12.625216780212103, "x7": 17.163346644293462, "x8": 1.7562213202273322, "x9": 2.681850562076707}, "datetime": {"datetime": "2025-05-12 17:50:33", "elapsed": 539.041878, "delta": 10.635088}}
{"target": 4.6621112356296e-06, "params": {"x0": 0.9314133170254496, "x1": 4.808811822153057, "x2": 1.0161967952329947, "x3": 8.561617689023425, "x4": 2.8439807716121135, "x5": 19.89938970470773, "x6": 8.309541940420903, "x7": 18.1224693657609, "x8": 1.5336184196547038, "x9": 2.7291931710281743}, "datetime": {"datetime": "2025-05-12 17:50:43", "elapsed": 549.380994, "delta": 10.339116}}
{"target": 3.1092239616636675e-06, "params": {"x0": 0.8006269335065461, "x1": 3.086335750258194, "x2": 0.6684092975627892, "x3": 7.147581125129516, "x4": 3.6355028718306848, "x5": 19.17437742183062, "x6": 11.954064073525572, "x7": 15.399479702885902, "x8": 1.7817912933451832, "x9": 2.080855121911404}, "datetime": {"datetime": "2025-05-12 17:50:53", "elapsed": 559.66747, "delta": 10.286476}}
{"target": 6.855414904877533e-06, "params": {"x0": 0.8137862318172202, "x1": 4.859994631660095, "x2": 1.6184599756548728, "x3": 7.527276399291974, "x4": 3.2896548197069713, "x5": 17.89061176301969, "x6": 12.67295244062376, "x7": 19.112157570069016, "x8": 1.595890770488501, "x9": 2.7985757445408375}, "datetime": {"datetime": "2025-05-12 17:51:04", "elapsed": 570.065859, "delta": 10.398389}}
{"target": 5.506206807785139e-06, "params": {"x0": 0.9166088884483509, "x1": 4.039832541016971, "x2": 2.4994466526758106, "x3": 9.8782477685486, "x4": 2.9414246735170844, "x5": 18.411764185613922, "x6": 11.567187920975606, "x7": 17.025101494135967, "x8": 1.3907922310033236, "x9": 2.576980754340343}, "datetime": {"datetime": "2025-05-12 17:51:14", "elapsed": 580.446689, "delta": 10.38083}}
