{"target": 1.0370955433540803e-05, "params": {"x0": 0.8956109151114693, "x1": 3.426379792101219, "x2": 1.8060950205833088, "x3": 7.646746530937698, "x4": 2.9646318027914984, "x5": 18.23705637285961, "x6": 12.2153281787887, "x7": 17.507990057742155, "x8": 1.6374774281825744, "x9": 2.7267602474873693}, "datetime": {"datetime": "2025-05-12 18:10:50", "elapsed": 1755.984365, "delta": 10.894997}}
{"target": 1.0370955433540803e-05, "params": {"x0": 0.8956108339988579, "x1": 3.426380623564966, "x2": 1.806089722448328, "x3": 7.646751322141229, "x4": 2.964619599192738, "x5": 18.23704495664611, "x6": 12.215353958796376, "x7": 17.507989059375504, "x8": 1.6374771658986988, "x9": 2.7267602811529867}, "datetime": {"datetime": "2025-05-12 18:11:01", "elapsed": 1766.958815, "delta": 10.97445}}
{"target": 1.0370955433540803e-05, "params": {"x0": 0.895610719640152, "x1": 3.426386886641018, "x2": 1.8060971406632083, "x3": 7.646751049579732, "x4": 2.96462964556501, "x5": 18.237048424035432, "x6": 12.2153350048183, "x7": 17.507987626189355, "x8": 1.6374772963326638, "x9": 2.7267600385819355}, "datetime": {"datetime": "2025-05-12 18:11:12", "elapsed": 1777.814396, "delta": 10.855581}}
{"target": 1.0370955433540803e-05, "params": {"x0": 0.8956106351100223, "x1": 3.426384367013757, "x2": 1.806080797919116, "x3": 7.646760685001673, "x4": 2.9646238971661623, "x5": 18.237047598744926, "x6": 12.215339298217993, "x7": 17.507990466516354, "x8": 1.6374774434199266, "x9": 2.7267592857079825}, "datetime": {"datetime": "2025-05-12 18:11:23", "elapsed": 1788.966519, "delta": 11.152123}}
{"target": 1.0370955433540803e-05, "params": {"x0": 0.8956107006208519, "x1": 3.426384950702036, "x2": 1.8060990710180906, "x3": 7.646756527098519, "x4": 2.9646229570765477, "x5": 18.237070110402982, "x6": 12.215374634315497, "x7": 17.507994085879663, "x8": 1.637477715449122, "x9": 2.7267591051677416}, "datetime": {"datetime": "2025-05-12 18:11:34", "elapsed": 1800.22612, "delta": 11.259601}}
{"target": 1.0370955433540803e-05, "params": {"x0": 0.8956104984648222, "x1": 3.4263911909550986, "x2": 1.8060908649657836, "x3": 7.646757291191291, "x4": 2.9646252173162755, "x5": 18.237046956785182, "x6": 12.215351902771507, "x7": 17.507996811032708, "x8": 1.6374777503626472, "x9": 2.7267593121692117}, "datetime": {"datetime": "2025-05-12 18:11:45", "elapsed": 1811.464538, "delta": 11.238418}}
{"target": 1.0370955433540803e-05, "params": {"x0": 0.8956105126408049, "x1": 3.4263878785592397, "x2": 1.8060931398907127, "x3": 7.646755982857391, "x4": 2.9646253738893824, "x5": 18.237052218417986, "x6": 12.215340473574136, "x7": 17.507997105079504, "x8": 1.637477941086335, "x9": 2.7267583458194844}, "datetime": {"datetime": "2025-05-12 18:11:57", "elapsed": 1822.733691, "delta": 11.269153}}
{"target": 1.0370955433540803e-05, "params": {"x0": 0.8956106142818042, "x1": 3.4263905468537037, "x2": 1.806085113782069, "x3": 7.646755662082302, "x4": 2.964619775417983, "x5": 18.23704978458737, "x6": 12.215368481045259, "x7": 17.50799533201405, "x8": 1.6374779932142456, "x9": 2.7267587709422902}, "datetime": {"datetime": "2025-05-12 18:12:08", "elapsed": 1833.831126, "delta": 11.097435}}
{"target": 1.0370955433540803e-05, "params": {"x0": 0.8956105426633745, "x1": 3.4263923692148235, "x2": 1.806086740684867, "x3": 7.646757758593859, "x4": 2.9646255994704673, "x5": 18.23705412948194, "x6": 12.215347894217333, "x7": 17.507996685160524, "x8": 1.637478061099706, "x9": 2.726758286996216}, "datetime": {"datetime": "2025-05-12 18:12:19", "elapsed": 1844.811402, "delta": 10.980276}}
{"target": 1.0370955433540803e-05, "params": {"x0": 0.8956105097584122, "x1": 3.426390182504941, "x2": 1.8060894545839132, "x3": 7.646758407890543, "x4": 2.964622672760947, "x5": 18.237066118674594, "x6": 12.215358911849666, "x7": 17.507998043670963, "x8": 1.6374782911875962, "x9": 2.7267589461318624}, "datetime": {"datetime": "2025-05-12 18:12:30", "elapsed": 1856.04186, "delta": 11.230458}}
{"target": 1.0370955433540803e-05, "params": {"x0": 0.8956103948065763, "x1": 3.426391012281465, "x2": 1.8060939370951108, "x3": 7.646758280945891, "x4": 2.9646192971529235, "x5": 18.237053771362802, "x6": 12.215355059602034, "x7": 17.507999602429194, "x8": 1.637478444861959, "x9": 2.726758642313336}, "datetime": {"datetime": "2025-05-12 18:12:41", "elapsed": 1867.028578, "delta": 10.986718}}
{"target": 1.0370955433540803e-05, "params": {"x0": 0.895610498255098, "x1": 3.4263908774186373, "x2": 1.8060927802777298, "x3": 7.646759050924724, "x4": 2.9646183882402166, "x5": 18.237061667176707, "x6": 12.215348262818587, "x7": 17.50799810782479, "x8": 1.637478361484747, "x9": 2.72675791206821}, "datetime": {"datetime": "2025-05-12 18:12:52", "elapsed": 1878.16361, "delta": 11.135032}}
{"target": 1.0370955433540803e-05, "params": {"x0": 0.8956104768710584, "x1": 3.4263938112835315, "x2": 1.8060923678425005, "x3": 7.646760680639921, "x4": 2.9646236661313154, "x5": 18.2370551735035, "x6": 12.215349925271877, "x7": 17.508001688229417, "x8": 1.6374783651418308, "x9": 2.7267581605344833}, "datetime": {"datetime": "2025-05-12 18:13:03", "elapsed": 1889.213401, "delta": 11.049791}}
{"target": 1.0370955433540803e-05, "params": {"x0": 0.8956104369289553, "x1": 3.426393124609851, "x2": 1.8060902273689317, "x3": 7.646763663295621, "x4": 2.964623952610129, "x5": 18.237056752828884, "x6": 12.215350000421154, "x7": 17.50799973380107, "x8": 1.6374784470062085, "x9": 2.726758083435059}, "datetime": {"datetime": "2025-05-12 18:13:14", "elapsed": 1900.519626, "delta": 11.306225}}
{"target": 1.0370955433540803e-05, "params": {"x0": 0.8956104051744168, "x1": 3.426392355878891, "x2": 1.806089017909584, "x3": 7.646760761086772, "x4": 2.964620268382753, "x5": 18.23706540479325, "x6": 12.215358502625737, "x7": 17.507999961862737, "x8": 1.6374784979001882, "x9": 2.72675851189988}, "datetime": {"datetime": "2025-05-12 18:13:25", "elapsed": 1911.345156, "delta": 10.82553}}
{"target": 1.0370955433540803e-05, "params": {"x0": 0.8956104116455199, "x1": 3.4263935028463663, "x2": 1.8060903988236192, "x3": 7.646760629113651, "x4": 2.964621586495762, "x5": 18.237056290876353, "x6": 12.21535168982771, "x7": 17.5080041960592, "x8": 1.637478545959059, "x9": 2.7267584079898053}, "datetime": {"datetime": "2025-05-12 18:13:36", "elapsed": 1922.377708, "delta": 11.032552}}
{"target": 1.0370955433540803e-05, "params": {"x0": 0.8956102775238992, "x1": 3.4263931789097257, "x2": 1.8060907900024226, "x3": 7.646763219634932, "x4": 2.9646200794587725, "x5": 18.237056857125133, "x6": 12.215355993611565, "x7": 17.5080008157679, "x8": 1.6374785569688592, "x9": 2.726758247123253}, "datetime": {"datetime": "2025-05-12 18:13:47", "elapsed": 1933.508037, "delta": 11.130329}}
{"target": 1.0370955433540803e-05, "params": {"x0": 0.8956103879720241, "x1": 3.4263943854446315, "x2": 1.8060871053373024, "x3": 7.646761510471901, "x4": 2.96462277512522, "x5": 18.2370573778568, "x6": 12.215360298489523, "x7": 17.5080024957772, "x8": 1.6374785990491156, "x9": 2.7267581840779873}, "datetime": {"datetime": "2025-05-12 18:13:59", "elapsed": 1944.695883, "delta": 11.187846}}
{"target": 1.0370955433540803e-05, "params": {"x0": 0.8956102809542871, "x1": 3.4263944151312162, "x2": 1.8060906249161082, "x3": 7.6467621271970545, "x4": 2.964622246310573, "x5": 18.237058458950713, "x6": 12.215352297678265, "x7": 17.50800175699386, "x8": 1.6374786535267345, "x9": 2.7267582399318058}, "datetime": {"datetime": "2025-05-12 18:14:09", "elapsed": 1955.639946, "delta": 10.944063}}
{"target": 1.0370955433540803e-05, "params": {"x0": 0.8956103652038644, "x1": 3.4263951226498035, "x2": 1.8060901974828607, "x3": 7.646762071527798, "x4": 2.9646225370602175, "x5": 18.23706288810373, "x6": 12.215352489527106, "x7": 17.508002704289545, "x8": 1.6374786683181424, "x9": 2.726757973414564}, "datetime": {"datetime": "2025-05-12 18:14:21", "elapsed": 1966.76584, "delta": 11.125894}}
{"target": 1.0370955433540803e-05, "params": {"x0": 0.8956103489315271, "x1": 3.426395356400035, "x2": 1.8060895388382152, "x3": 7.646762408653743, "x4": 2.9646201239041625, "x5": 18.2370587525095, "x6": 12.215353600141544, "x7": 17.508003101686302, "x8": 1.6374787180446362, "x9": 2.726758158551579}, "datetime": {"datetime": "2025-05-12 18:14:32", "elapsed": 1977.846626, "delta": 11.080786}}
{"target": 1.0370955433540803e-05, "params": {"x0": 0.8956103610327952, "x1": 3.4263949204875654, "x2": 1.8060888098975285, "x3": 7.6467631210202835, "x4": 2.964621584565938, "x5": 18.23705904860311, "x6": 12.215354102177443, "x7": 17.508002856022568, "x8": 1.637478769170697, "x9": 2.726757976871068}, "datetime": {"datetime": "2025-05-12 18:14:45", "elapsed": 1991.01272, "delta": 13.166094}}
{"target": 1.0370955433540803e-05, "params": {"x0": 0.8956103350316555, "x1": 3.4263951627156364, "x2": 1.8060875892432517, "x3": 7.646762716025778, "x4": 2.9646215520844073, "x5": 18.237059415952277, "x6": 12.215355420567374, "x7": 17.508002899515063, "x8": 1.6374787612916213, "x9": 2.7267580593999163}, "datetime": {"datetime": "2025-05-12 18:14:57", "elapsed": 2003.37688, "delta": 12.36416}}
{"target": 1.0370955433540803e-05, "params": {"x0": 0.8956103208126092, "x1": 3.4263948292768616, "x2": 1.8060870517658225, "x3": 7.646762900201047, "x4": 2.964622002886072, "x5": 18.237061194304644, "x6": 12.21535884656983, "x7": 17.50800281480414, "x8": 1.6374787665312047, "x9": 2.726758122122907}, "datetime": {"datetime": "2025-05-12 18:15:09", "elapsed": 2015.004328, "delta": 11.627448}}
{"target": 1.0370955433540803e-05, "params": {"x0": 0.8956103396378768, "x1": 3.4263949548918364, "x2": 1.8060896204295305, "x3": 7.646763234646337, "x4": 2.964621700748358, "x5": 18.237064132216396, "x6": 12.215354576944126, "x7": 17.508002963812842, "x8": 1.6374787787143488, "x9": 2.7267580928011217}, "datetime": {"datetime": "2025-05-12 18:15:20", "elapsed": 2026.09347, "delta": 11.089142}}
{"target": 1.0370955433540803e-05, "params": {"x0": 0.8956103358996431, "x1": 3.426395089781119, "x2": 1.806088356691214, "x3": 7.646764555428979, "x4": 2.964621446931735, "x5": 18.23706026642805, "x6": 12.21535489656933, "x7": 17.50800377318554, "x8": 1.637478793578682, "x9": 2.726758110170502}, "datetime": {"datetime": "2025-05-12 18:15:31", "elapsed": 2037.304066, "delta": 11.210596}}
{"target": 1.0370955433540803e-05, "params": {"x0": 0.8956103364762571, "x1": 3.426395509723268, "x2": 1.8060892859106101, "x3": 7.64676338406112, "x4": 2.96462181062361, "x5": 18.237061582793796, "x6": 12.215354659583229, "x7": 17.50800360896757, "x8": 1.6374788230715014, "x9": 2.7267580564244907}, "datetime": {"datetime": "2025-05-12 18:15:42", "elapsed": 2048.571715, "delta": 11.267649}}
{"target": 1.0370955433540803e-05, "params": {"x0": 0.8956103158116621, "x1": 3.426395594170513, "x2": 1.8060887298858361, "x3": 7.646763777973257, "x4": 2.9646210423361428, "x5": 18.23706141061899, "x6": 12.215356644165697, "x7": 17.508003463882748, "x8": 1.6374788292343556, "x9": 2.726758035783912}, "datetime": {"datetime": "2025-05-12 18:15:54", "elapsed": 2059.803161, "delta": 11.231446}}
{"target": 1.0370955433540803e-05, "params": {"x0": 0.8956102860643774, "x1": 3.426395502705771, "x2": 1.8060879675185206, "x3": 7.646763526338424, "x4": 2.964621137178062, "x5": 18.2370608507596, "x6": 12.215355071651297, "x7": 17.508003433742534, "x8": 1.6374788425508284, "x9": 2.7267579937209656}, "datetime": {"datetime": "2025-05-12 18:16:05", "elapsed": 2071.252597, "delta": 11.449436}}
{"target": 1.0370955433540803e-05, "params": {"x0": 0.8956103234772027, "x1": 3.4263955916174083, "x2": 1.8060878416838229, "x3": 7.646763825428562, "x4": 2.964621648185812, "x5": 18.237061950761863, "x6": 12.21535512060303, "x7": 17.508003479803936, "x8": 1.6374788608908284, "x9": 2.7267579868647864}, "datetime": {"datetime": "2025-05-12 18:16:16", "elapsed": 2082.612971, "delta": 11.360374}}
{"target": 1.0370955433540803e-05, "params": {"x0": 0.8956103193935436, "x1": 3.42639567682505, "x2": 1.8060882892654173, "x3": 7.646764041261204, "x4": 2.9646213503230183, "x5": 18.237061202351956, "x6": 12.215355520594631, "x7": 17.50800376385752, "x8": 1.637478856911677, "x9": 2.726757980157617}, "datetime": {"datetime": "2025-05-12 18:16:28", "elapsed": 2093.788642, "delta": 11.175671}}
{"target": 1.0370955433540803e-05, "params": {"x0": 0.8956103082700758, "x1": 3.426395765651473, "x2": 1.8060885286837565, "x3": 7.646763974319715, "x4": 2.9646215563675224, "x5": 18.2370611430297, "x6": 12.215356498461935, "x7": 17.5080038950516, "x8": 1.6374788760704675, "x9": 2.72675798265193}, "datetime": {"datetime": "2025-05-12 18:16:39", "elapsed": 2105.076567, "delta": 11.287925}}
{"target": 1.0370955433540803e-05, "params": {"x0": 0.895610311167791, "x1": 3.426395858044274, "x2": 1.8060887506352616, "x3": 7.646763864633032, "x4": 2.9646215054573264, "x5": 18.237061302829268, "x6": 12.21535721098921, "x7": 17.508004077838844, "x8": 1.6374788765743384, "x9": 2.726757987208434}, "datetime": {"datetime": "2025-05-12 18:16:50", "elapsed": 2116.391373, "delta": 11.314806}}
{"target": 1.0370955433540803e-05, "params": {"x0": 0.8956103133434665, "x1": 3.426395874063759, "x2": 1.8060883455368213, "x3": 7.646764200914289, "x4": 2.964621365836076, "x5": 18.23706164764086, "x6": 12.215356603057895, "x7": 17.50800382035851, "x8": 1.637478893502296, "x9": 2.7267579949792107}, "datetime": {"datetime": "2025-05-12 18:17:01", "elapsed": 2127.498674, "delta": 11.107301}}
{"target": 1.0370955433540803e-05, "params": {"x0": 0.8956103091536051, "x1": 3.426395863104815, "x2": 1.8060887778503694, "x3": 7.646764170794858, "x4": 2.9646214431070685, "x5": 18.237061260789773, "x6": 12.215355820013269, "x7": 17.508004062529974, "x8": 1.6374788994818525, "x9": 2.726757955429799}, "datetime": {"datetime": "2025-05-12 18:17:13", "elapsed": 2138.709383, "delta": 11.210709}}
{"target": 1.0370955433540803e-05, "params": {"x0": 0.895610308059113, "x1": 3.4263959721112687, "x2": 1.8060885588763225, "x3": 7.646764087201166, "x4": 2.9646212108343213, "x5": 18.23706167733596, "x6": 12.215356300064197, "x7": 17.50800406336021, "x8": 1.6374789005905954, "x9": 2.7267579517114244}, "datetime": {"datetime": "2025-05-12 18:17:24", "elapsed": 2149.809774, "delta": 11.100391}}
{"target": 1.0370955433540803e-05, "params": {"x0": 0.8956102946173493, "x1": 3.426395952508658, "x2": 1.8060887413327844, "x3": 7.646764138076167, "x4": 2.964621378796922, "x5": 18.237061488567335, "x6": 12.21535593668318, "x7": 17.508004059520502, "x8": 1.6374789069075266, "x9": 2.726757966926573}, "datetime": {"datetime": "2025-05-12 18:17:35", "elapsed": 2161.107536, "delta": 11.297762}}
{"target": 1.0370955433540803e-05, "params": {"x0": 0.8956102963456504, "x1": 3.4263960495631287, "x2": 1.8060886108034355, "x3": 7.646764352556231, "x4": 2.964621283345953, "x5": 18.23706145953464, "x6": 12.215357004703563, "x7": 17.508004050194923, "x8": 1.637478899387406, "x9": 2.7267579607831816}, "datetime": {"datetime": "2025-05-12 18:17:46", "elapsed": 2172.538726, "delta": 11.43119}}
{"target": 1.0370955433540803e-05, "params": {"x0": 0.8956103046966453, "x1": 3.42639621283564, "x2": 1.8060884741160135, "x3": 7.64676432210546, "x4": 2.964621212503413, "x5": 18.237061814976762, "x6": 12.215356092550625, "x7": 17.508004227340468, "x8": 1.6374789050024956, "x9": 2.726757960072518}, "datetime": {"datetime": "2025-05-12 18:17:58", "elapsed": 2183.835037, "delta": 11.296311}}
{"target": 1.0370955433540803e-05, "params": {"x0": 0.8956102953053529, "x1": 3.426396081548283, "x2": 1.8060883622775283, "x3": 7.64676421340644, "x4": 2.9646212902173583, "x5": 18.237061885307668, "x6": 12.215356809737782, "x7": 17.50800416156919, "x8": 1.6374789154901805, "x9": 2.726757937631555}, "datetime": {"datetime": "2025-05-12 18:18:09", "elapsed": 2195.04446, "delta": 11.209423}}
{"target": 1.0370955433540803e-05, "params": {"x0": 0.8956102991420337, "x1": 3.4263961208537705, "x2": 1.8060882036175328, "x3": 7.646764273562011, "x4": 2.9646213235423673, "x5": 18.237061881004024, "x6": 12.21535620593804, "x7": 17.50800418022311, "x8": 1.637478920800737, "x9": 2.726757939098933}, "datetime": {"datetime": "2025-05-12 18:18:20", "elapsed": 2206.523996, "delta": 11.479536}}
{"target": 1.0370955433540803e-05, "params": {"x0": 0.8956102989655815, "x1": 3.4263962651512476, "x2": 1.8060884470152074, "x3": 7.646764309312761, "x4": 2.9646212889403056, "x5": 18.237061712882582, "x6": 12.21535624770927, "x7": 17.508004373463, "x8": 1.6374789141806314, "x9": 2.7267579463824902}, "datetime": {"datetime": "2025-05-12 18:18:32", "elapsed": 2218.02099, "delta": 11.496994}}
{"target": 1.0370955433540803e-05, "params": {"x0": 0.8956102977757276, "x1": 3.4263962275121496, "x2": 1.8060881904612627, "x3": 7.646764360444866, "x4": 2.9646212802696312, "x5": 18.237061736564005, "x6": 12.215356224910497, "x7": 17.50800431420843, "x8": 1.637478917673317, "x9": 2.726757932388362}, "datetime": {"datetime": "2025-05-12 18:18:43", "elapsed": 2229.656492, "delta": 11.635502}}
{"target": 1.0370955433540803e-05, "params": {"x0": 0.8956102974961854, "x1": 3.426396159828363, "x2": 1.8060883402977548, "x3": 7.646764343663962, "x4": 2.964621256774304, "x5": 18.23706188399806, "x6": 12.215356324152287, "x7": 17.508004243863695, "x8": 1.6374789288306923, "x9": 2.72675794049631}, "datetime": {"datetime": "2025-05-12 18:18:55", "elapsed": 2240.850387, "delta": 11.193895}}
{"target": 1.0370955433540803e-05, "params": {"x0": 0.8956102963178711, "x1": 3.426396203881622, "x2": 1.8060882420907345, "x3": 7.646764362096303, "x4": 2.9646212604144706, "x5": 18.237061740464043, "x6": 12.21535619996026, "x7": 17.50800430224545, "x8": 1.6374789249471682, "x9": 2.7267579198788976}, "datetime": {"datetime": "2025-05-12 18:19:06", "elapsed": 2252.305401, "delta": 11.455014}}
{"target": 1.0370955433540803e-05, "params": {"x0": 0.8956102976792056, "x1": 3.4263961905681493, "x2": 1.806088474812365, "x3": 7.6467643708444255, "x4": 2.9646212580430746, "x5": 18.237061744036648, "x6": 12.215356223517006, "x7": 17.50800429223801, "x8": 1.6374789313043723, "x9": 2.726757930939259}, "datetime": {"datetime": "2025-05-12 18:19:17", "elapsed": 2263.526816, "delta": 11.221415}}
{"target": 1.0370955433540803e-05, "params": {"x0": 0.8956102955895255, "x1": 3.426396267629078, "x2": 1.806088290081666, "x3": 7.646764382834601, "x4": 2.96462119697734, "x5": 18.237061782271066, "x6": 12.215356345263318, "x7": 17.508004296296132, "x8": 1.6374789268990524, "x9": 2.7267579270859716}, "datetime": {"datetime": "2025-05-12 18:19:29", "elapsed": 2275.035475, "delta": 11.508659}}
{"target": 1.0370955433540803e-05, "params": {"x0": 0.8956102968773698, "x1": 3.426396265032756, "x2": 1.8060884056291424, "x3": 7.646764385409377, "x4": 2.9646212181175216, "x5": 18.237061806970416, "x6": 12.215356291964978, "x7": 17.508004382992812, "x8": 1.6374789277761195, "x9": 2.726757909902501}, "datetime": {"datetime": "2025-05-12 18:19:41", "elapsed": 2286.921045, "delta": 11.88557}}
{"target": 1.0370955433540803e-05, "params": {"x0": 0.8956102936669458, "x1": 3.426396259807226, "x2": 1.806088422569397, "x3": 7.6467643975361295, "x4": 2.9646212287579345, "x5": 18.237061882517423, "x6": 12.21535663233671, "x7": 17.50800433076936, "x8": 1.6374789302869879, "x9": 2.726757919008436}, "datetime": {"datetime": "2025-05-12 18:19:52", "elapsed": 2298.040655, "delta": 11.11961}}
{"target": 1.0370955433540803e-05, "params": {"x0": 0.8956102911131242, "x1": 3.4263962479654317, "x2": 1.8060883472988087, "x3": 7.646764411169103, "x4": 2.9646212265217295, "x5": 18.237061792619283, "x6": 12.215356445391182, "x7": 17.508004363556555, "x8": 1.6374789315847362, "x9": 2.7267579247367344}, "datetime": {"datetime": "2025-05-12 18:20:03", "elapsed": 2309.569917, "delta": 11.529262}}
{"target": 1.0370955433540803e-05, "params": {"x0": 0.8956102956379675, "x1": 3.4263963223693845, "x2": 1.8060883646617079, "x3": 7.646764417253496, "x4": 2.9646212090507524, "x5": 18.237061810783104, "x6": 12.215356449869816, "x7": 17.50800441278431, "x8": 1.6374789321011805, "x9": 2.726757924043231}, "datetime": {"datetime": "2025-05-12 18:20:15", "elapsed": 2320.834541, "delta": 11.264624}}
{"target": 1.0370955433540803e-05, "params": {"x0": 0.8956102940035597, "x1": 3.426396275645504, "x2": 1.80608845271298, "x3": 7.646764473885029, "x4": 2.9646211928436115, "x5": 18.23706187203965, "x6": 12.215356383400971, "x7": 17.508004393557002, "x8": 1.6374789323379655, "x9": 2.7267579135125324}, "datetime": {"datetime": "2025-05-12 18:20:26", "elapsed": 2332.085164, "delta": 11.250623}}
{"target": 1.0370955433540803e-05, "params": {"x0": 0.8956102934462123, "x1": 3.4263962742029372, "x2": 1.8060883300135808, "x3": 7.646764440486889, "x4": 2.9646211934376607, "x5": 18.237061856843287, "x6": 12.21535636775632, "x7": 17.508004399572528, "x8": 1.6374789350252787, "x9": 2.7267579150510746}, "datetime": {"datetime": "2025-05-12 18:20:38", "elapsed": 2343.774406, "delta": 11.689242}}
{"target": 1.0370955433540803e-05, "params": {"x0": 0.8956102946584483, "x1": 3.426396277810686, "x2": 1.8060883843630617, "x3": 7.646764447333168, "x4": 2.9646212057431214, "x5": 18.237062021318906, "x6": 12.215356518049777, "x7": 17.50800439353774, "x8": 1.6374789345213456, "x9": 2.726757914284999}, "datetime": {"datetime": "2025-05-12 18:20:49", "elapsed": 2355.277209, "delta": 11.502803}}
{"target": 1.0370955433540803e-05, "params": {"x0": 0.8956102907752499, "x1": 3.4263962961731296, "x2": 1.8060883998778334, "x3": 7.646764447632272, "x4": 2.9646211711509665, "x5": 18.237061865853786, "x6": 12.215356475181677, "x7": 17.508004403952235, "x8": 1.6374789350139047, "x9": 2.726757916703771}, "datetime": {"datetime": "2025-05-12 18:21:01", "elapsed": 2366.745593, "delta": 11.468384}}
