{"target": 9.031875234319722e-06, "params": {"x0": 0.8169700276714493, "x1": 3.403598258791681, "x2": 0.32664529145619775, "x3": 8.657083803652185, "x4": 3.4964580462907824, "x5": 19.366134231595133, "x6": 11.992604891232006, "x7": 19.599969885902777, "x8": 1.784176358660092, "x9": 2.675881058581139}, "datetime": {"datetime": "2025-05-12 17:51:25", "elapsed": 590.820668, "delta": 10.373979}}
{"target": 5.586956706259727e-06, "params": {"x0": 0.8469099651049784, "x1": 3.3683900069801247, "x2": 1.8425506148277437, "x3": 7.200864958011962, "x4": 1.9896038725813359, "x5": 19.974815587923725, "x6": 11.799648219261726, "x7": 18.62509936774517, "x8": 1.445688670596505, "x9": 2.68135451644296}, "datetime": {"datetime": "2025-05-12 17:51:35", "elapsed": 601.269249, "delta": 10.448581}}
{"target": 5.453277514972342e-06, "params": {"x0": 0.9089179985071216, "x1": 2.7295441860047736, "x2": 0.15929514508838633, "x3": 8.163353210749474, "x4": 3.158093924721368, "x5": 17.399929190182547, "x6": 10.788868944446675, "x7": 18.188981441984204, "x8": 1.7298696666245994, "x9": 2.602421326442534}, "datetime": {"datetime": "2025-05-12 17:51:45", "elapsed": 611.638708, "delta": 10.369459}}
{"target": 5.612593390099977e-06, "params": {"x0": 0.8959969302084764, "x1": 4.96802184274822, "x2": 0.23560197183537157, "x3": 9.082187561887478, "x4": 3.2587628732488954, "x5": 19.533232686617104, "x6": 12.855956171451847, "x7": 18.220503625687503, "x8": 1.9463735362364467, "x9": 2.621642365840901}, "datetime": {"datetime": "2025-05-12 17:51:56", "elapsed": 622.059093, "delta": 10.420385}}
{"target": 9.100925268677622e-06, "params": {"x0": 0.8515694401429297, "x1": 4.16894905511769, "x2": 1.5885748650653038, "x3": 8.25296506139531, "x4": 4.87786971048988, "x5": 19.706845983855366, "x6": 11.042793469580042, "x7": 19.932003212768908, "x8": 1.730850527078786, "x9": 2.762174291619548}, "datetime": {"datetime": "2025-05-12 17:52:06", "elapsed": 632.44627, "delta": 10.387177}}
{"target": 3.321381837909948e-06, "params": {"x0": 0.9124938559800889, "x1": 3.946927542110183, "x2": 1.3881819075505626, "x3": 8.38541731392341, "x4": 4.772541049678244, "x5": 19.99314264423197, "x6": 11.044031423572324, "x7": 18.14856368251369, "x8": 1.8241261762707848, "x9": 2.7355794226294243}, "datetime": {"datetime": "2025-05-12 17:52:17", "elapsed": 642.944828, "delta": 10.498558}}
{"target": 2.923417200564965e-06, "params": {"x0": 0.9110966606813978, "x1": 3.9200933895521173, "x2": 1.6386399643969705, "x3": 8.484822703773496, "x4": 4.047420747698739, "x5": 18.694002198345036, "x6": 11.093843178531758, "x7": 19.917337697933178, "x8": 1.89013976110733, "x9": 2.775669850266388}, "datetime": {"datetime": "2025-05-12 17:52:27", "elapsed": 653.316596, "delta": 10.371768}}
{"target": 6.998113885494895e-06, "params": {"x0": 0.8915889400667472, "x1": 3.5522277502570327, "x2": 0.3276273776235917, "x3": 8.319956232160557, "x4": 2.77505459527154, "x5": 18.86599469280983, "x6": 12.251690599885853, "x7": 18.70609137839388, "x8": 1.5150791935688692, "x9": 2.602556951400558}, "datetime": {"datetime": "2025-05-12 17:52:38", "elapsed": 663.762326, "delta": 10.44573}}
{"target": 6.073448751687815e-06, "params": {"x0": 0.8379135510416614, "x1": 4.122196333630117, "x2": 1.1257893799586596, "x3": 7.875231202900829, "x4": 4.140432983086571, "x5": 19.866995934506377, "x6": 12.419456241076507, "x7": 19.351744902477407, "x8": 1.5654132036251993, "x9": 2.5938647941456225}, "datetime": {"datetime": "2025-05-12 17:52:48", "elapsed": 674.113907, "delta": 10.351581}}
{"target": 8.611213151571967e-06, "params": {"x0": 0.8629606713138471, "x1": 4.5279347339897225, "x2": 1.3267809854787993, "x3": 8.0332460636072, "x4": 2.7940523633675363, "x5": 18.745718168716117, "x6": 12.281852331922455, "x7": 17.947959257404776, "x8": 1.6747937996652968, "x9": 2.642918715776549}, "datetime": {"datetime": "2025-05-12 17:52:58", "elapsed": 684.43275, "delta": 10.318843}}
{"target": 1.0285440546694837e-05, "params": {"x0": 0.8969274066655266, "x1": 3.528860502590119, "x2": 1.8798316894511613, "x3": 7.653852872858831, "x4": 3.0120228461409253, "x5": 18.244643717964212, "x6": 12.03655443686058, "x7": 17.625001131173963, "x8": 1.638630927369101, "x9": 2.7290117551874116}, "datetime": {"datetime": "2025-05-12 17:53:09", "elapsed": 694.977116, "delta": 10.544366}}
{"target": 4.864371938907543e-06, "params": {"x0": 0.9043766025032339, "x1": 4.169922584405304, "x2": 1.3360476120076972, "x3": 8.316738881965648, "x4": 3.036869257709068, "x5": 17.526589358476336, "x6": 11.955044530797444, "x7": 17.50013286572329, "x8": 1.76380767855939, "x9": 2.757631253257123}, "datetime": {"datetime": "2025-05-12 17:53:19", "elapsed": 705.532141, "delta": 10.555025}}
{"target": 6.933608676641925e-06, "params": {"x0": 0.8945245189625403, "x1": 3.2222929819572177, "x2": 1.7090093268093731, "x3": 7.790091483508347, "x4": 3.336358101701842, "x5": 19.04409655306105, "x6": 12.324496909918118, "x7": 18.096694123040013, "x8": 1.6970498453467082, "x9": 2.7247727952788994}, "datetime": {"datetime": "2025-05-12 17:53:30", "elapsed": 716.152648, "delta": 10.620507}}
{"target": 8.39022471997041e-06, "params": {"x0": 0.8895722501803837, "x1": 3.8765846389283833, "x2": 1.6809567328164967, "x3": 7.131555596051598, "x4": 2.891498371012702, "x5": 18.618680054662942, "x6": 11.461456122096163, "x7": 17.418065793378837, "x8": 1.6104947299078027, "x9": 2.652251833889465}, "datetime": {"datetime": "2025-05-12 17:53:40", "elapsed": 726.539284, "delta": 10.386636}}
{"target": 9.63194111186536e-06, "params": {"x0": 0.8892072410894049, "x1": 3.8863038261369307, "x2": 2.210608020797996, "x3": 8.084354478128882, "x4": 2.5283239937889403, "x5": 19.020892596760298, "x6": 12.003058461882103, "x7": 17.242017742410777, "x8": 1.597481150768838, "x9": 2.7904176024653786}, "datetime": {"datetime": "2025-05-12 17:53:51", "elapsed": 737.019683, "delta": 10.480399}}
{"target": 4.656624747243996e-06, "params": {"x0": 0.9040323983471619, "x1": 3.2616908739874297, "x2": 1.8833760922331249, "x3": 7.977501082734, "x4": 2.553331413967001, "x5": 18.431136919281823, "x6": 11.439806732047444, "x7": 17.68232143752479, "x8": 1.7162577167011004, "x9": 2.7674154201462}, "datetime": {"datetime": "2025-05-12 17:54:01", "elapsed": 747.53281, "delta": 10.513127}}
{"target": 9.487292816568719e-06, "params": {"x0": 0.9094629763459525, "x1": 3.8934823549109545, "x2": 2.0765461406993926, "x3": 7.560148749172405, "x4": 3.17812393411422, "x5": 18.766074888764738, "x6": 12.634078073610132, "x7": 16.95930645888978, "x8": 1.6040058320454207, "x9": 2.6881815337161092}, "datetime": {"datetime": "2025-05-12 17:54:12", "elapsed": 757.980168, "delta": 10.447358}}
{"target": 1.0016308247156932e-05, "params": {"x0": 0.8902631551330259, "x1": 3.8208734280188845, "x2": 2.1855381858307026, "x3": 7.331713425850398, "x4": 2.827602343113135, "x5": 18.12526092749326, "x6": 12.71673475876241, "x7": 17.766540004855514, "x8": 1.659695965578442, "x9": 2.680561076085551}, "datetime": {"datetime": "2025-05-12 17:54:22", "elapsed": 768.401789, "delta": 10.421621}}
{"target": 9.50836351185255e-06, "params": {"x0": 0.8929241934328425, "x1": 3.431930391439388, "x2": 1.5866439545152946, "x3": 7.380788120484192, "x4": 2.7435660275768172, "x5": 18.333807561437997, "x6": 12.515455210834165, "x7": 17.198023480101984, "x8": 1.6488152940277074, "x9": 2.7485440792794837}, "datetime": {"datetime": "2025-05-12 17:54:33", "elapsed": 779.145716, "delta": 10.743927}}
{"target": 9.524478193620918e-06, "params": {"x0": 0.8929958925274402, "x1": 3.791578981933119, "x2": 2.0502592670153668, "x3": 7.3596740404401055, "x4": 3.308225288171418, "x5": 17.669036432436428, "x6": 12.148118028965758, "x7": 17.344661461667254, "x8": 1.6220775690160203, "x9": 2.686796973307881}, "datetime": {"datetime": "2025-05-12 17:54:43", "elapsed": 789.509766, "delta": 10.36405}}
{"target": 6.929354460981234e-06, "params": {"x0": 0.9034252142751599, "x1": 3.7681770271654167, "x2": 1.6557706687811509, "x3": 7.3935254155489005, "x4": 3.200224995150666, "x5": 18.20171116213655, "x6": 12.404044420543102, "x7": 17.956314250627077, "x8": 1.6641913060332576, "x9": 2.752106687489916}, "datetime": {"datetime": "2025-05-12 17:54:54", "elapsed": 800.001222, "delta": 10.491456}}
{"target": 9.366521245832238e-06, "params": {"x0": 0.8883057703710032, "x1": 3.3235931409656647, "x2": 2.0605202340308058, "x3": 7.83427331207049, "x4": 3.099366581162724, "x5": 18.19112425506086, "x6": 12.530207394934564, "x7": 17.187718018308473, "x8": 1.6084489260173194, "x9": 2.714818324651424}, "datetime": {"datetime": "2025-05-12 17:55:04", "elapsed": 810.535502, "delta": 10.53428}}
{"target": 9.47500458118051e-06, "params": {"x0": 0.8988296736929916, "x1": 3.6597720380381302, "x2": 2.0862094555888633, "x3": 7.739229729575078, "x4": 3.210632322414983, "x5": 18.557982683752513, "x6": 11.835657652958954, "x7": 17.200972636185003, "x8": 1.6088812255606901, "x9": 2.7299769458474037}, "datetime": {"datetime": "2025-05-12 17:55:15", "elapsed": 820.963715, "delta": 10.428213}}
{"target": 1.0202650226173973e-05, "params": {"x0": 0.8917511259501056, "x1": 3.6874798772937076, "x2": 2.057204648861648, "x3": 7.634407336069981, "x4": 2.8339145576089595, "x5": 17.94119759415419, "x6": 12.216246026011246, "x7": 17.244436708585507, "x8": 1.6435127591440586, "x9": 2.7123227023048164}, "datetime": {"datetime": "2025-05-12 17:55:25", "elapsed": 831.601291, "delta": 10.637576}}
{"target": 8.760040089675368e-06, "params": {"x0": 0.8939290675024313, "x1": 3.604229093179217, "x2": 2.0147188042602338, "x3": 7.639284037724331, "x4": 2.8388047638660945, "x5": 18.560536031699126, "x6": 12.318832881071494, "x7": 17.492825830302547, "x8": 1.664448093802383, "x9": 2.7267312070336147}, "datetime": {"datetime": "2025-05-12 17:55:36", "elapsed": 842.051474, "delta": 10.450183}}
{"target": 9.729504485786294e-06, "params": {"x0": 0.8944923171878546, "x1": 3.4609933947374802, "x2": 1.877080999868671, "x3": 7.577115836096067, "x4": 3.1595775808243545, "x5": 17.946541390342446, "x6": 11.749655086580104, "x7": 17.31076352350333, "x8": 1.6110387015149363, "x9": 2.7166095511352912}, "datetime": {"datetime": "2025-05-12 17:55:46", "elapsed": 852.489388, "delta": 10.437914}}
{"target": 9.19747513673886e-06, "params": {"x0": 0.9018600218546822, "x1": 3.4137819674055554, "x2": 2.014883490376333, "x3": 7.793022019996804, "x4": 2.8692250255238165, "x5": 17.960081264926522, "x6": 12.287348530837981, "x7": 17.835767607516573, "x8": 1.6152952691027582, "x9": 2.7521757486611196}, "datetime": {"datetime": "2025-05-12 17:55:57", "elapsed": 862.930255, "delta": 10.440867}}
{"target": 8.966659366128873e-06, "params": {"x0": 0.8918970539480864, "x1": 3.621240766678117, "x2": 1.9648954720639351, "x3": 7.596374308986796, "x4": 3.1348519194394386, "x5": 18.009712573045334, "x6": 11.797192695065588, "x7": 17.874944542268768, "x8": 1.6458806865233229, "x9": 2.740700956188022}, "datetime": {"datetime": "2025-05-12 17:56:07", "elapsed": 873.402279, "delta": 10.472024}}
{"target": 1.0107728886080395e-05, "params": {"x0": 0.8969826553965293, "x1": 3.4368517198168935, "x2": 1.775864972262328, "x3": 7.545436346861289, "x4": 3.032181613972373, "x5": 18.018629919547273, "x6": 12.248563109636082, "x7": 17.467497427865098, "x8": 1.6285799056299426, "x9": 2.708971471448467}, "datetime": {"datetime": "2025-05-12 17:56:18", "elapsed": 883.72669, "delta": 10.324411}}
{"target": 9.976071292929885e-06, "params": {"x0": 0.8955513780833303, "x1": 3.623606134933863, "x2": 1.7984259967150145, "x3": 7.72949173369963, "x4": 3.0823918128091727, "x5": 18.26395922780838, "x6": 11.961470809086874, "x7": 17.414302774800532, "x8": 1.631050659478995, "x9": 2.745158710739704}, "datetime": {"datetime": "2025-05-12 17:56:28", "elapsed": 894.177284, "delta": 10.450594}}
{"target": 1.0138140866891541e-05, "params": {"x0": 0.8958967113415464, "x1": 3.475552573034615, "x2": 1.9640857638140445, "x3": 7.572773767172606, "x4": 3.082593566477512, "x5": 18.211969119235125, "x6": 12.15907181463073, "x7": 17.46017246543783, "x8": 1.6217324399619062, "x9": 2.7144154734213517}, "datetime": {"datetime": "2025-05-12 17:56:39", "elapsed": 904.745347, "delta": 10.568063}}
{"target": 1.0178061507071625e-05, "params": {"x0": 0.8964814238344738, "x1": 3.4514528645443394, "x2": 1.8021259967354983, "x3": 7.5773600676737844, "x4": 3.077541891119358, "x5": 18.387078559501408, "x6": 11.877732940590414, "x7": 17.526426056639565, "x8": 1.6259684958858838, "x9": 2.7281045567946567}, "datetime": {"datetime": "2025-05-12 17:56:49", "elapsed": 915.267598, "delta": 10.522251}}
{"target": 1.0231319958853089e-05, "params": {"x0": 0.8953341612440702, "x1": 3.468610001694804, "x2": 1.8863234250677265, "x3": 7.592900991551135, "x4": 2.934421228026684, "x5": 18.127122375548055, "x6": 11.962153337394533, "x7": 17.495794440193595, "x8": 1.630382885174928, "x9": 2.733369475682638}, "datetime": {"datetime": "2025-05-12 17:57:00", "elapsed": 925.789048, "delta": 10.52145}}
{"target": 1.0254055212984985e-05, "params": {"x0": 0.8991272359612027, "x1": 3.473343050202392, "x2": 1.9251093263754953, "x3": 7.722423759963177, "x4": 3.081527802071033, "x5": 18.135697854508678, "x6": 12.009047415967764, "x7": 17.519396389216116, "x8": 1.6395252923170538, "x9": 2.736738897952824}, "datetime": {"datetime": "2025-05-12 17:57:10", "elapsed": 936.232299, "delta": 10.443251}}
{"target": 1.0047892595222164e-05, "params": {"x0": 0.8991614935966683, "x1": 3.570301133821087, "x2": 1.9274493644395383, "x3": 7.610038985175975, "x4": 3.072581286228003, "x5": 18.267504336211793, "x6": 11.909588249218904, "x7": 17.571100462985893, "x8": 1.6274605163198317, "x9": 2.718591697298044}, "datetime": {"datetime": "2025-05-12 17:57:21", "elapsed": 946.726852, "delta": 10.494553}}
{"target": 1.0249983021636622e-05, "params": {"x0": 0.8979159028091571, "x1": 3.4780697384326626, "x2": 1.8335886319416608, "x3": 7.641547564849767, "x4": 3.0582632348918732, "x5": 18.143877910746205, "x6": 12.015590783404823, "x7": 17.737261894494363, "x8": 1.629396103288009, "x9": 2.7212214151753464}, "datetime": {"datetime": "2025-05-12 17:57:31", "elapsed": 957.207711, "delta": 10.480859}}
{"target": 1.0330708587983922e-05, "params": {"x0": 0.8954942696539276, "x1": 3.4839869011562477, "x2": 1.8306515202678642, "x3": 7.693072954410066, "x4": 2.962526981943247, "x5": 18.165637565646804, "x6": 12.12402625240106, "x7": 17.54758265301673, "x8": 1.6322958775607477, "x9": 2.7222366199692383}, "datetime": {"datetime": "2025-05-12 17:57:42", "elapsed": 967.68399, "delta": 10.476279}}
{"target": 1.0259170186055237e-05, "params": {"x0": 0.8942513837809997, "x1": 3.4472471001990206, "x2": 1.7979660026042046, "x3": 7.690154183198225, "x4": 2.9788647897743483, "x5": 18.245692334927323, "x6": 12.036300169236904, "x7": 17.57996486790683, "x8": 1.6255421905898626, "x9": 2.7210752326866663}, "datetime": {"datetime": "2025-05-12 17:57:52", "elapsed": 978.227266, "delta": 10.543276}}
{"target": 1.0304512343928667e-05, "params": {"x0": 0.8951877846995837, "x1": 3.5011481253708134, "x2": 1.7959303900385433, "x3": 7.655039900748211, "x4": 2.9928750750021607, "x5": 18.103571253818764, "x6": 12.05982006780022, "x7": 17.582620434425156, "x8": 1.6355799739836734, "x9": 2.725622975796458}, "datetime": {"datetime": "2025-05-12 17:58:03", "elapsed": 988.697827, "delta": 10.470561}}
{"target": 1.0325025761150036e-05, "params": {"x0": 0.8950394907456243, "x1": 3.4621038336877974, "x2": 1.86196867700119, "x3": 7.659218377722033, "x4": 2.9627377959906123, "x5": 18.10849693502092, "x6": 12.10553818959025, "x7": 17.60595214747698, "x8": 1.637140828247934, "x9": 2.7175469254843447}, "datetime": {"datetime": "2025-05-12 17:58:13", "elapsed": 999.510782, "delta": 10.812955}}
{"target": 1.0242398301610426e-05, "params": {"x0": 0.8944049531289254, "x1": 3.502286398950028, "x2": 1.8598795445496044, "x3": 7.666897689105796, "x4": 2.9807392903913437, "x5": 18.14042067118724, "x6": 12.177333237859061, "x7": 17.602067542616826, "x8": 1.6266830704455502, "x9": 2.725146019613214}, "datetime": {"datetime": "2025-05-12 17:58:24", "elapsed": 1010.053051, "delta": 10.542269}}
{"target": 1.0158316976558194e-05, "params": {"x0": 0.896278634769592, "x1": 3.482974457676375, "x2": 1.8413904494639182, "x3": 7.716248795618925, "x4": 2.987374845557189, "x5": 18.110016971154206, "x6": 12.117123431642625, "x7": 17.490889549338508, "x8": 1.6286695986303095, "x9": 2.719742525841865}, "datetime": {"datetime": "2025-05-12 17:58:34", "elapsed": 1020.432202, "delta": 10.379151}}
{"target": 1.0341820331093081e-05, "params": {"x0": 0.8953594842014613, "x1": 3.4651378440757394, "x2": 1.8156095176661935, "x3": 7.673717831345639, "x4": 2.9881627268795, "x5": 18.209923808437992, "x6": 12.170439363860803, "x7": 17.505618542788778, "x8": 1.6359343650862275, "x9": 2.7240142691151745}, "datetime": {"datetime": "2025-05-12 17:58:45", "elapsed": 1030.827311, "delta": 10.395109}}
{"target": 1.0340729848284764e-05, "params": {"x0": 0.8953010870947822, "x1": 3.45218572894087, "x2": 1.7984935486154652, "x3": 7.655458993650614, "x4": 3.007603386447266, "x5": 18.187544328938348, "x6": 12.129123372990376, "x7": 17.536850117957034, "x8": 1.6388292945785605, "x9": 2.7276189315593604}, "datetime": {"datetime": "2025-05-12 17:58:55", "elapsed": 1041.31676, "delta": 10.489449}}
{"target": 1.032491454479373e-05, "params": {"x0": 0.8946781724291111, "x1": 3.482092948217402, "x2": 1.8271428724249006, "x3": 7.65493235193441, "x4": 2.971982708038661, "x5": 18.24496574356111, "x6": 12.134113449621536, "x7": 17.466715568487643, "x8": 1.6324421977646513, "x9": 2.723420293088806}, "datetime": {"datetime": "2025-05-12 17:59:06", "elapsed": 1051.914034, "delta": 10.597274}}
{"target": 1.0337072187701317e-05, "params": {"x0": 0.8954857583058237, "x1": 3.4775108593327952, "x2": 1.8318606798916266, "x3": 7.65754677624413, "x4": 2.9752641536423523, "x5": 18.19112484972761, "x6": 12.194981989350651, "x7": 17.47644515062401, "x8": 1.6391264933216798, "x9": 2.7236539282910184}, "datetime": {"datetime": "2025-05-12 17:59:16", "elapsed": 1062.411413, "delta": 10.497379}}
{"target": 1.033932675986417e-05, "params": {"x0": 0.8953723439201619, "x1": 3.47887067878601, "x2": 1.8001638522224368, "x3": 7.6725906851023895, "x4": 2.974921832759013, "x5": 18.22863987849406, "x6": 12.192670647862215, "x7": 17.528697175369825, "x8": 1.6378659977038383, "x9": 2.7215631495201213}, "datetime": {"datetime": "2025-05-12 17:59:27", "elapsed": 1073.017101, "delta": 10.605688}}
{"target": 1.0348786378407065e-05, "params": {"x0": 0.8957587986197573, "x1": 3.459715841443411, "x2": 1.8264115494946207, "x3": 7.663735352882544, "x4": 2.9739284735938516, "x5": 18.232810099210592, "x6": 12.151503382773601, "x7": 17.53205623835173, "x8": 1.6379748398660496, "x9": 2.7252413962763193}, "datetime": {"datetime": "2025-05-12 17:59:37", "elapsed": 1083.509984, "delta": 10.492883}}
{"target": 9.940442466004802e-06, "params": {"x0": 0.8959330272016048, "x1": 3.4674043344790553, "x2": 1.8381011937317815, "x3": 7.674204618836504, "x4": 2.976981892658306, "x5": 18.23341782496288, "x6": 12.135787865382195, "x7": 17.514568559553673, "x8": 1.6403384578635645, "x9": 2.723350432848703}, "datetime": {"datetime": "2025-05-12 17:59:48", "elapsed": 1094.065505, "delta": 10.555521}}
{"target": 1.0350679257681986e-05, "params": {"x0": 0.8953333502877706, "x1": 3.4506398607089923, "x2": 1.8188304675391311, "x3": 7.654852241199187, "x4": 2.963382162987697, "x5": 18.214848678342268, "x6": 12.164162982229895, "x7": 17.518711385155527, "x8": 1.6358370615480653, "x9": 2.725614668127906}, "datetime": {"datetime": "2025-05-12 17:59:58", "elapsed": 1104.633764, "delta": 10.568259}}
{"target": 1.035693557369542e-05, "params": {"x0": 0.8949912579303261, "x1": 3.4425669950147944, "x2": 1.8118937321923758, "x3": 7.648110229612738, "x4": 2.960626037263768, "x5": 18.2108824891091, "x6": 12.174071942860444, "x7": 17.5020663413575, "x8": 1.6373228952874541, "x9": 2.726671781355549}, "datetime": {"datetime": "2025-05-12 18:00:09", "elapsed": 1115.150037, "delta": 10.516273}}
{"target": 1.0364118549050004e-05, "params": {"x0": 0.8951639343579677, "x1": 3.435797836317878, "x2": 1.809370240682953, "x3": 7.639888083096233, "x4": 2.9683880911006466, "x5": 18.223475095805558, "x6": 12.188545066486974, "x7": 17.520631266399747, "x8": 1.6362279095917818, "x9": 2.727220889455945}, "datetime": {"datetime": "2025-05-12 18:00:20", "elapsed": 1126.116938, "delta": 10.966901}}
{"target": 1.0355199077021335e-05, "params": {"x0": 0.8948799419974349, "x1": 3.4419628290047117, "x2": 1.804219315217152, "x3": 7.631700034869594, "x4": 2.972592121478364, "x5": 18.235824301617694, "x6": 12.174659411214936, "x7": 17.511300857860956, "x8": 1.6354461228927046, "x9": 2.728332950505082}, "datetime": {"datetime": "2025-05-12 18:00:31", "elapsed": 1136.711474, "delta": 10.594536}}
{"target": 1.036468655189595e-05, "params": {"x0": 0.8952158428825436, "x1": 3.4376618189680923, "x2": 1.8062657166140104, "x3": 7.636150591367332, "x4": 2.9639731963717693, "x5": 18.23559235230441, "x6": 12.202654294745887, "x7": 17.5131617739219, "x8": 1.637058434035268, "x9": 2.7271633281913665}, "datetime": {"datetime": "2025-05-12 18:00:41", "elapsed": 1147.265594, "delta": 10.55412}}
{"target": 1.036468655189595e-05, "params": {"x0": 0.8951396008058822, "x1": 3.437342914959182, "x2": 1.8072824382579378, "x3": 7.637200243002224, "x4": 2.9635655158882788, "x5": 18.23484247118091, "x6": 12.203560748523598, "x7": 17.515742535234434, "x8": 1.6367893620074994, "x9": 2.7274137866906507}, "datetime": {"datetime": "2025-05-12 18:00:51", "elapsed": 1157.632893, "delta": 10.367299}}
