{"target": 1.0370955433540803e-05, "params": {"x0": 0.8956102923291724, "x1": 3.4263963419149985, "x2": 1.806088378258165, "x3": 7.6467645109553954, "x4": 2.964621167135959, "x5": 18.237061944435855, "x6": 12.215356474393468, "x7": 17.50800445649088, "x8": 1.6374789419928035, "x9": 2.726757910382083}, "datetime": {"datetime": "2025-05-12 18:43:13", "elapsed": 3699.218408, "delta": 13.090368}}
{"target": 1.0370955433540803e-05, "params": {"x0": 0.8956102923291753, "x1": 3.426396341915333, "x2": 1.8060883782580066, "x3": 7.6467645109562445, "x4": 2.9646211671358764, "x5": 18.237061944435926, "x6": 12.215356474394078, "x7": 17.50800445649073, "x8": 1.6374789419928324, "x9": 2.726757910382183}, "datetime": {"datetime": "2025-05-12 18:43:27", "elapsed": 3712.788002, "delta": 13.569594}}
{"target": 1.0370955433540803e-05, "params": {"x0": 0.8956102923291601, "x1": 3.426396341914862, "x2": 1.806088378257636, "x3": 7.646764510955584, "x4": 2.9646211671360585, "x5": 18.237061944435847, "x6": 12.21535647439458, "x7": 17.50800445649094, "x8": 1.6374789419928397, "x9": 2.7267579103821222}, "datetime": {"datetime": "2025-05-12 18:43:40", "elapsed": 3726.388652, "delta": 13.60065}}
{"target": 1.0370955433540803e-05, "params": {"x0": 0.8956102923291772, "x1": 3.4263963419147943, "x2": 1.8060883782578907, "x3": 7.646764510955702, "x4": 2.9646211671360163, "x5": 18.237061944436434, "x6": 12.21535647439396, "x7": 17.508004456491083, "x8": 1.637478941992841, "x9": 2.7267579103820805}, "datetime": {"datetime": "2025-05-12 18:43:53", "elapsed": 3739.374442, "delta": 12.98579}}
{"target": 1.0370955433540803e-05, "params": {"x0": 0.8956102923291746, "x1": 3.4263963419149457, "x2": 1.8060883782579813, "x3": 7.646764510955695, "x4": 2.9646211671360145, "x5": 18.237061944436196, "x6": 12.215356474394355, "x7": 17.508004456490625, "x8": 1.6374789419928097, "x9": 2.7267579103821613}, "datetime": {"datetime": "2025-05-12 18:44:06", "elapsed": 3752.057137, "delta": 12.682695}}
{"target": 1.0370955433540803e-05, "params": {"x0": 0.8956102923291814, "x1": 3.4263963419147623, "x2": 1.8060883782580222, "x3": 7.646764510955865, "x4": 2.964621167135691, "x5": 18.237061944436217, "x6": 12.215356474393817, "x7": 17.50800445649083, "x8": 1.6374789419928204, "x9": 2.726757910382136}, "datetime": {"datetime": "2025-05-12 18:44:19", "elapsed": 3764.712477, "delta": 12.65534}}
{"target": 1.0370955433540803e-05, "params": {"x0": 0.8956102923291835, "x1": 3.4263963419148245, "x2": 1.8060883782580133, "x3": 7.6467645109556175, "x4": 2.964621167135713, "x5": 18.237061944436263, "x6": 12.21535647439433, "x7": 17.508004456490568, "x8": 1.637478941992811, "x9": 2.726757910382156}, "datetime": {"datetime": "2025-05-12 18:44:31", "elapsed": 3777.213288, "delta": 12.500811}}
{"target": 1.0370955433540803e-05, "params": {"x0": 0.8956102923291789, "x1": 3.426396341915041, "x2": 1.806088378258094, "x3": 7.646764510955997, "x4": 2.9646211671357787, "x5": 18.237061944436412, "x6": 12.21535647439421, "x7": 17.50800445649094, "x8": 1.637478941992789, "x9": 2.726757910382121}, "datetime": {"datetime": "2025-05-12 18:44:43", "elapsed": 3789.50471, "delta": 12.291422}}
{"target": 1.0370955433540803e-05, "params": {"x0": 0.8956102923291669, "x1": 3.426396341915059, "x2": 1.8060883782579926, "x3": 7.6467645109558795, "x4": 2.9646211671357987, "x5": 18.2370619444363, "x6": 12.215356474393708, "x7": 17.508004456490838, "x8": 1.6374789419928328, "x9": 2.7267579103821014}, "datetime": {"datetime": "2025-05-12 18:44:56", "elapsed": 3802.025522, "delta": 12.520812}}
{"target": 1.0370955433540803e-05, "params": {"x0": 0.8956102923291729, "x1": 3.426396341914889, "x2": 1.8060883782579804, "x3": 7.646764510955779, "x4": 2.964621167135974, "x5": 18.23706194443604, "x6": 12.215356474394028, "x7": 17.508004456490852, "x8": 1.6374789419928055, "x9": 2.726757910382106}, "datetime": {"datetime": "2025-05-12 18:45:08", "elapsed": 3814.621041, "delta": 12.595519}}
{"target": 1.0370955433540803e-05, "params": {"x0": 0.8956102923291743, "x1": 3.4263963419150345, "x2": 1.8060883782580237, "x3": 7.646764510955774, "x4": 2.96462116713584, "x5": 18.237061944436025, "x6": 12.215356474394031, "x7": 17.508004456490646, "x8": 1.6374789419927998, "x9": 2.7267579103821054}, "datetime": {"datetime": "2025-05-12 18:45:22", "elapsed": 3827.834583, "delta": 13.213542}}
{"target": 1.0370955433540803e-05, "params": {"x0": 0.8956102923291793, "x1": 3.426396341914946, "x2": 1.8060883782579726, "x3": 7.64676451095569, "x4": 2.964621167135938, "x5": 18.237061944436274, "x6": 12.215356474393795, "x7": 17.508004456490784, "x8": 1.6374789419928146, "x9": 2.726757910382145}, "datetime": {"datetime": "2025-05-12 18:45:34", "elapsed": 3840.336829, "delta": 12.502246}}
{"target": 1.0370955433540803e-05, "params": {"x0": 0.89561029232918, "x1": 3.426396341915032, "x2": 1.8060883782578407, "x3": 7.646764510955857, "x4": 2.9646211671358693, "x5": 18.237061944435965, "x6": 12.215356474394149, "x7": 17.508004456490607, "x8": 1.6374789419928002, "x9": 2.7267579103821302}, "datetime": {"datetime": "2025-05-12 18:45:47", "elapsed": 3853.486394, "delta": 13.149565}}
{"target": 1.0370955433540803e-05, "params": {"x0": 0.8956102923291748, "x1": 3.4263963419148205, "x2": 1.806088378258068, "x3": 7.646764510955907, "x4": 2.9646211671358467, "x5": 18.23706194443623, "x6": 12.21535647439382, "x7": 17.508004456490703, "x8": 1.6374789419928246, "x9": 2.7267579103821333}, "datetime": {"datetime": "2025-05-12 18:46:00", "elapsed": 3866.205869, "delta": 12.719475}}
{"target": 1.0370955433540803e-05, "params": {"x0": 0.8956102923291754, "x1": 3.4263963419148897, "x2": 1.8060883782580601, "x3": 7.646764510955845, "x4": 2.964621167135876, "x5": 18.237061944435915, "x6": 12.215356474393904, "x7": 17.508004456490728, "x8": 1.6374789419928097, "x9": 2.7267579103821116}, "datetime": {"datetime": "2025-05-12 18:46:13", "elapsed": 3878.873011, "delta": 12.667142}}
{"target": 1.0370955433540803e-05, "params": {"x0": 0.895610292329178, "x1": 3.426396341914834, "x2": 1.806088378257884, "x3": 7.646764510955881, "x4": 2.964621167135802, "x5": 18.237061944436014, "x6": 12.215356474393833, "x7": 17.50800445649076, "x8": 1.6374789419928137, "x9": 2.726757910382132}, "datetime": {"datetime": "2025-05-12 18:46:25", "elapsed": 3891.454984, "delta": 12.581973}}
{"target": 1.0370955433540803e-05, "params": {"x0": 0.8956102923291763, "x1": 3.4263963419148933, "x2": 1.8060883782580224, "x3": 7.646764510955819, "x4": 2.9646211671358547, "x5": 18.23706194443607, "x6": 12.215356474394103, "x7": 17.508004456490763, "x8": 1.6374789419928013, "x9": 2.7267579103821276}, "datetime": {"datetime": "2025-05-12 18:46:39", "elapsed": 3904.826304, "delta": 13.37132}}
{"target": 1.0370955433540803e-05, "params": {"x0": 0.8956102923291733, "x1": 3.426396341914919, "x2": 1.8060883782579151, "x3": 7.646764510955794, "x4": 2.9646211671358365, "x5": 18.237061944435982, "x6": 12.215356474393856, "x7": 17.50800445649062, "x8": 1.6374789419928046, "x9": 2.726757910382131}, "datetime": {"datetime": "2025-05-12 18:46:52", "elapsed": 3918.192836, "delta": 13.366532}}
{"target": 1.0370955433540803e-05, "params": {"x0": 0.8956102923291722, "x1": 3.4263963419149577, "x2": 1.806088378257916, "x3": 7.646764510955837, "x4": 2.964621167135842, "x5": 18.237061944436075, "x6": 12.215356474393863, "x7": 17.50800445649079, "x8": 1.6374789419928035, "x9": 2.7267579103821173}, "datetime": {"datetime": "2025-05-12 18:47:05", "elapsed": 3931.630072, "delta": 13.437236}}
{"target": 1.0370955433540803e-05, "params": {"x0": 0.8956102923291744, "x1": 3.4263963419149457, "x2": 1.8060883782579695, "x3": 7.646764510955791, "x4": 2.964621167135841, "x5": 18.23706194443613, "x6": 12.215356474393964, "x7": 17.50800445649069, "x8": 1.6374789419928024, "x9": 2.7267579103821347}, "datetime": {"datetime": "2025-05-12 18:47:18", "elapsed": 3944.283494, "delta": 12.653422}}
{"target": 1.0370955433540803e-05, "params": {"x0": 0.8956102923291769, "x1": 3.426396341914883, "x2": 1.8060883782579336, "x3": 7.64676451095587, "x4": 2.964621167135856, "x5": 18.23706194443601, "x6": 12.215356474393957, "x7": 17.50800445649066, "x8": 1.6374789419928133, "x9": 2.7267579103821205}, "datetime": {"datetime": "2025-05-12 18:47:31", "elapsed": 3957.000726, "delta": 12.717232}}
{"target": 1.0370955433540803e-05, "params": {"x0": 0.8956102923291734, "x1": 3.426396341914921, "x2": 1.8060883782580046, "x3": 7.646764510955862, "x4": 2.964621167135841, "x5": 18.23706194443601, "x6": 12.215356474393861, "x7": 17.508004456490657, "x8": 1.6374789419928157, "x9": 2.726757910382126}, "datetime": {"datetime": "2025-05-12 18:47:44", "elapsed": 3970.159997, "delta": 13.159271}}
{"target": 1.0370955433540803e-05, "params": {"x0": 0.8956102923291739, "x1": 3.426396341914954, "x2": 1.8060883782579518, "x3": 7.6467645109557845, "x4": 2.964621167135875, "x5": 18.237061944436117, "x6": 12.215356474393934, "x7": 17.508004456490653, "x8": 1.6374789419928064, "x9": 2.7267579103821165}, "datetime": {"datetime": "2025-05-12 18:47:57", "elapsed": 3983.302189, "delta": 13.142192}}
{"target": 1.0370955433540803e-05, "params": {"x0": 0.8956102923291756, "x1": 3.426396341914915, "x2": 1.806088378257993, "x3": 7.646764510955834, "x4": 2.964621167135883, "x5": 18.237061944436096, "x6": 12.215356474393934, "x7": 17.508004456490674, "x8": 1.6374789419928093, "x9": 2.726757910382127}, "datetime": {"datetime": "2025-05-12 18:48:11", "elapsed": 3996.77532, "delta": 13.473131}}
{"target": 1.0370955433540803e-05, "params": {"x0": 0.8956102923291744, "x1": 3.4263963419149484, "x2": 1.806088378257967, "x3": 7.6467645109558555, "x4": 2.9646211671358462, "x5": 18.237061944436014, "x6": 12.215356474393921, "x7": 17.50800445649075, "x8": 1.6374789419928084, "x9": 2.7267579103821205}, "datetime": {"datetime": "2025-05-12 18:48:24", "elapsed": 4010.09137, "delta": 13.31605}}
{"target": 1.0370955433540803e-05, "params": {"x0": 0.895610292329174, "x1": 3.4263963419149257, "x2": 1.8060883782579353, "x3": 7.646764510955809, "x4": 2.964621167135879, "x5": 18.237061944436064, "x6": 12.215356474393934, "x7": 17.50800445649071, "x8": 1.6374789419928066, "x9": 2.726757910382124}, "datetime": {"datetime": "2025-05-12 18:48:37", "elapsed": 4023.262238, "delta": 13.170868}}
{"target": 1.0370955433540803e-05, "params": {"x0": 0.895610292329175, "x1": 3.4263963419148986, "x2": 1.8060883782579713, "x3": 7.6467645109558235, "x4": 2.9646211671358764, "x5": 18.23706194443605, "x6": 12.215356474393916, "x7": 17.508004456490685, "x8": 1.637478941992809, "x9": 2.7267579103821245}, "datetime": {"datetime": "2025-05-12 18:48:50", "elapsed": 4036.577058, "delta": 13.31482}}
{"target": 1.0370955433540803e-05, "params": {"x0": 0.8956102923291746, "x1": 3.4263963419149217, "x2": 1.8060883782579822, "x3": 7.646764510955803, "x4": 2.9646211671358444, "x5": 18.237061944436014, "x6": 12.215356474393955, "x7": 17.508004456490717, "x8": 1.6374789419928075, "x9": 2.726757910382121}, "datetime": {"datetime": "2025-05-12 18:49:04", "elapsed": 4050.185529, "delta": 13.608471}}
{"target": 1.0370955433540803e-05, "params": {"x0": 0.8956102923291756, "x1": 3.42639634191491, "x2": 1.806088378257953, "x3": 7.646764510955811, "x4": 2.9646211671358706, "x5": 18.237061944436018, "x6": 12.215356474393989, "x7": 17.508004456490696, "x8": 1.6374789419928095, "x9": 2.726757910382124}, "datetime": {"datetime": "2025-05-12 18:49:17", "elapsed": 4063.287639, "delta": 13.10211}}
{"target": 1.0370955433540803e-05, "params": {"x0": 0.8956102923291758, "x1": 3.426396341914941, "x2": 1.8060883782579653, "x3": 7.646764510955817, "x4": 2.964621167135858, "x5": 18.237061944436068, "x6": 12.215356474393955, "x7": 17.508004456490703, "x8": 1.6374789419928115, "x9": 2.7267579103821276}, "datetime": {"datetime": "2025-05-12 18:49:31", "elapsed": 4077.523697, "delta": 14.236058}}
{"target": 1.0370955433540803e-05, "params": {"x0": 0.8956102923291747, "x1": 3.4263963419148995, "x2": 1.8060883782579706, "x3": 7.646764510955838, "x4": 2.964621167135853, "x5": 18.237061944436064, "x6": 12.215356474393916, "x7": 17.508004456490728, "x8": 1.6374789419928102, "x9": 2.726757910382123}, "datetime": {"datetime": "2025-05-12 18:49:45", "elapsed": 4091.110045, "delta": 13.586348}}
{"target": 1.0370955433540803e-05, "params": {"x0": 0.8956102923291757, "x1": 3.4263963419149133, "x2": 1.8060883782579702, "x3": 7.646764510955844, "x4": 2.9646211671358547, "x5": 18.237061944436032, "x6": 12.21535647439393, "x7": 17.508004456490696, "x8": 1.6374789419928126, "x9": 2.7267579103821222}, "datetime": {"datetime": "2025-05-12 18:49:58", "elapsed": 4103.77919, "delta": 12.669145}}
{"target": 1.0370955433540803e-05, "params": {"x0": 0.8956102923291752, "x1": 3.4263963419149333, "x2": 1.8060883782579704, "x3": 7.646764510955836, "x4": 2.964621167135853, "x5": 18.23706194443606, "x6": 12.215356474393925, "x7": 17.508004456490713, "x8": 1.6374789419928115, "x9": 2.726757910382126}, "datetime": {"datetime": "2025-05-12 18:50:10", "elapsed": 4116.477702, "delta": 12.698512}}
{"target": 1.0370955433540803e-05, "params": {"x0": 0.8956102923291748, "x1": 3.4263963419149057, "x2": 1.8060883782579693, "x3": 7.646764510955845, "x4": 2.964621167135861, "x5": 18.237061944436054, "x6": 12.21535647439395, "x7": 17.508004456490706, "x8": 1.6374789419928093, "x9": 2.7267579103821253}, "datetime": {"datetime": "2025-05-12 18:50:23", "elapsed": 4129.49042, "delta": 13.012718}}
{"target": 1.0370955433540803e-05, "params": {"x0": 0.8956102923291757, "x1": 3.4263963419149186, "x2": 1.8060883782579646, "x3": 7.646764510955838, "x4": 2.9646211671358644, "x5": 18.23706194443607, "x6": 12.215356474393948, "x7": 17.50800445649072, "x8": 1.6374789419928113, "x9": 2.7267579103821245}, "datetime": {"datetime": "2025-05-12 18:50:36", "elapsed": 4142.48269, "delta": 12.99227}}
{"target": 1.0370955433540803e-05, "params": {"x0": 0.8956102923291754, "x1": 3.4263963419149324, "x2": 1.8060883782579646, "x3": 7.646764510955826, "x4": 2.9646211671358618, "x5": 18.237061944436057, "x6": 12.215356474393941, "x7": 17.50800445649071, "x8": 1.637478941992812, "x9": 2.726757910382124}, "datetime": {"datetime": "2025-05-12 18:50:49", "elapsed": 4155.194007, "delta": 12.711317}}
{"target": 1.0370955433540803e-05, "params": {"x0": 0.8956102923291753, "x1": 3.426396341914925, "x2": 1.80608837825796, "x3": 7.64676451095584, "x4": 2.964621167135864, "x5": 18.23706194443605, "x6": 12.21535647439393, "x7": 17.508004456490696, "x8": 1.6374789419928104, "x9": 2.726757910382124}, "datetime": {"datetime": "2025-05-12 18:51:03", "elapsed": 4168.781903, "delta": 13.587896}}
{"target": 1.0370955433540803e-05, "params": {"x0": 0.8956102923291751, "x1": 3.426396341914917, "x2": 1.8060883782579498, "x3": 7.646764510955824, "x4": 2.9646211671358675, "x5": 18.237061944436043, "x6": 12.215356474393932, "x7": 17.508004456490696, "x8": 1.6374789419928106, "x9": 2.7267579103821245}, "datetime": {"datetime": "2025-05-12 18:51:15", "elapsed": 4181.353875, "delta": 12.571972}}
{"target": 1.0370955433540803e-05, "params": {"x0": 0.8956102923291749, "x1": 3.4263963419149217, "x2": 1.806088378257956, "x3": 7.64676451095582, "x4": 2.964621167135861, "x5": 18.23706194443605, "x6": 12.215356474393952, "x7": 17.50800445649071, "x8": 1.6374789419928106, "x9": 2.726757910382125}, "datetime": {"datetime": "2025-05-12 18:51:28", "elapsed": 4194.374062, "delta": 13.020187}}
{"target": 1.0370955433540803e-05, "params": {"x0": 0.8956102923291751, "x1": 3.426396341914913, "x2": 1.80608837825795, "x3": 7.6467645109558235, "x4": 2.9646211671358595, "x5": 18.237061944436057, "x6": 12.215356474393943, "x7": 17.508004456490713, "x8": 1.6374789419928106, "x9": 2.726757910382123}, "datetime": {"datetime": "2025-05-12 18:51:41", "elapsed": 4207.632243, "delta": 13.258181}}
{"target": 1.0370955433540803e-05, "params": {"x0": 0.8956102923291751, "x1": 3.4263963419149244, "x2": 1.806088378257954, "x3": 7.646764510955837, "x4": 2.9646211671358604, "x5": 18.237061944436068, "x6": 12.215356474393941, "x7": 17.508004456490706, "x8": 1.6374789419928106, "x9": 2.726757910382125}, "datetime": {"datetime": "2025-05-12 18:51:54", "elapsed": 4220.39081, "delta": 12.758567}}
{"target": 1.0370955433540803e-05, "params": {"x0": 0.8956102923291751, "x1": 3.426396341914924, "x2": 1.806088378257961, "x3": 7.646764510955829, "x4": 2.9646211671358667, "x5": 18.237061944436068, "x6": 12.21535647439395, "x7": 17.5080044564907, "x8": 1.6374789419928097, "x9": 2.726757910382124}, "datetime": {"datetime": "2025-05-12 18:52:08", "elapsed": 4234.413655, "delta": 14.022845}}
{"target": 1.0370955433540803e-05, "params": {"x0": 0.8956102923291752, "x1": 3.4263963419149164, "x2": 1.8060883782579547, "x3": 7.646764510955831, "x4": 2.964621167135862, "x5": 18.237061944436054, "x6": 12.21535647439394, "x7": 17.50800445649071, "x8": 1.6374789419928109, "x9": 2.726757910382123}, "datetime": {"datetime": "2025-05-12 18:52:23", "elapsed": 4248.906061, "delta": 14.492406}}
{"target": 1.0370955433540803e-05, "params": {"x0": 0.895610292329175, "x1": 3.4263963419149195, "x2": 1.8060883782579595, "x3": 7.6467645109558315, "x4": 2.964621167135863, "x5": 18.237061944436064, "x6": 12.215356474393946, "x7": 17.50800445649071, "x8": 1.6374789419928104, "x9": 2.726757910382124}, "datetime": {"datetime": "2025-05-12 18:52:36", "elapsed": 4262.463835, "delta": 13.557774}}
{"target": 1.0370955433540803e-05, "params": {"x0": 0.895610292329175, "x1": 3.426396341914918, "x2": 1.8060883782579529, "x3": 7.646764510955832, "x4": 2.964621167135861, "x5": 18.23706194443606, "x6": 12.215356474393953, "x7": 17.50800445649071, "x8": 1.637478941992811, "x9": 2.7267579103821245}, "datetime": {"datetime": "2025-05-12 18:52:51", "elapsed": 4277.352053, "delta": 14.888218}}
{"target": 1.0370955433540803e-05, "params": {"x0": 0.8956102923291751, "x1": 3.426396341914918, "x2": 1.806088378257959, "x3": 7.646764510955828, "x4": 2.964621167135861, "x5": 18.237061944436054, "x6": 12.215356474393946, "x7": 17.508004456490703, "x8": 1.6374789419928109, "x9": 2.7267579103821236}, "datetime": {"datetime": "2025-05-12 18:53:04", "elapsed": 4290.433357, "delta": 13.081304}}
{"target": 1.0370955433540803e-05, "params": {"x0": 0.8956102923291752, "x1": 3.426396341914923, "x2": 1.806088378257958, "x3": 7.646764510955831, "x4": 2.9646211671358658, "x5": 18.23706194443605, "x6": 12.215356474393957, "x7": 17.508004456490703, "x8": 1.6374789419928102, "x9": 2.726757910382124}, "datetime": {"datetime": "2025-05-12 18:53:17", "elapsed": 4303.525375, "delta": 13.092018}}
{"target": 1.0370955433540803e-05, "params": {"x0": 0.8956102923291752, "x1": 3.4263963419149177, "x2": 1.8060883782579547, "x3": 7.646764510955828, "x4": 2.9646211671358644, "x5": 18.237061944436064, "x6": 12.215356474393953, "x7": 17.508004456490706, "x8": 1.6374789419928106, "x9": 2.7267579103821236}, "datetime": {"datetime": "2025-05-12 18:53:31", "elapsed": 4317.100513, "delta": 13.575138}}
{"target": 1.0370955433540803e-05, "params": {"x0": 0.8956102923291751, "x1": 3.4263963419149173, "x2": 1.8060883782579564, "x3": 7.646764510955826, "x4": 2.9646211671358644, "x5": 18.23706194443606, "x6": 12.21535647439395, "x7": 17.508004456490706, "x8": 1.6374789419928106, "x9": 2.726757910382124}, "datetime": {"datetime": "2025-05-12 18:53:44", "elapsed": 4330.342616, "delta": 13.242103}}
{"target": 1.0370955433540803e-05, "params": {"x0": 0.895610292329175, "x1": 3.42639634191492, "x2": 1.8060883782579558, "x3": 7.64676451095583, "x4": 2.964621167135864, "x5": 18.237061944436057, "x6": 12.215356474393948, "x7": 17.508004456490703, "x8": 1.6374789419928106, "x9": 2.726757910382124}, "datetime": {"datetime": "2025-05-12 18:53:57", "elapsed": 4343.396842, "delta": 13.054226}}
{"target": 1.0370955433540803e-05, "params": {"x0": 0.8956102923291751, "x1": 3.426396341914918, "x2": 1.8060883782579569, "x3": 7.64676451095583, "x4": 2.964621167135864, "x5": 18.237061944436057, "x6": 12.215356474393948, "x7": 17.50800445649071, "x8": 1.6374789419928106, "x9": 2.7267579103821236}, "datetime": {"datetime": "2025-05-12 18:54:11", "elapsed": 4356.733766, "delta": 13.336924}}
{"target": 1.0370955433540803e-05, "params": {"x0": 0.8956102923291752, "x1": 3.4263963419149213, "x2": 1.8060883782579567, "x3": 7.646764510955829, "x4": 2.964621167135862, "x5": 18.23706194443606, "x6": 12.21535647439395, "x7": 17.508004456490703, "x8": 1.6374789419928106, "x9": 2.7267579103821236}, "datetime": {"datetime": "2025-05-12 18:54:25", "elapsed": 4370.792351, "delta": 14.058585}}
{"target": 1.0370955433540803e-05, "params": {"x0": 0.8956102923291751, "x1": 3.4263963419149195, "x2": 1.8060883782579562, "x3": 7.646764510955829, "x4": 2.9646211671358627, "x5": 18.237061944436057, "x6": 12.215356474393952, "x7": 17.50800445649071, "x8": 1.6374789419928104, "x9": 2.726757910382124}, "datetime": {"datetime": "2025-05-12 18:54:38", "elapsed": 4384.155932, "delta": 13.363581}}
{"target": 1.0370955433540803e-05, "params": {"x0": 0.8956102923291752, "x1": 3.426396341914919, "x2": 1.8060883782579573, "x3": 7.646764510955831, "x4": 2.964621167135863, "x5": 18.237061944436057, "x6": 12.215356474393948, "x7": 17.508004456490703, "x8": 1.6374789419928102, "x9": 2.7267579103821236}, "datetime": {"datetime": "2025-05-12 18:54:52", "elapsed": 4397.971616, "delta": 13.815684}}
{"target": 1.0370955433540803e-05, "params": {"x0": 0.8956102923291752, "x1": 3.4263963419149204, "x2": 1.8060883782579569, "x3": 7.646764510955831, "x4": 2.964621167135862, "x5": 18.237061944436057, "x6": 12.215356474393946, "x7": 17.508004456490706, "x8": 1.6374789419928104, "x9": 2.726757910382124}, "datetime": {"datetime": "2025-05-12 18:55:06", "elapsed": 4412.001396, "delta": 14.02978}}
