{"target": 1.0370955433540803e-05, "params": {"x0": 0.8956102944213694, "x1": 3.4263962997908255, "x2": 1.8060884114550577, "x3": 7.646764480673241, "x4": 2.964621197615487, "x5": 18.23706192064085, "x6": 12.21535640873925, "x7": 17.50800440526367, "x8": 1.637478936075973, "x9": 2.726757916259807}, "datetime": {"datetime": "2025-05-12 18:21:12", "elapsed": 2378.236972, "delta": 11.491379}}
{"target": 1.0370955433540803e-05, "params": {"x0": 0.8956102918667405, "x1": 3.4263962995405106, "x2": 1.806088357637987, "x3": 7.646764464375954, "x4": 2.964621191669279, "x5": 18.237061889588556, "x6": 12.215356465109817, "x7": 17.50800442273294, "x8": 1.637478936677081, "x9": 2.7267579170824243}, "datetime": {"datetime": "2025-05-12 18:21:23", "elapsed": 2389.509804, "delta": 11.272832}}
{"target": 1.0370955433540803e-05, "params": {"x0": 0.8956102924761935, "x1": 3.426396313994906, "x2": 1.8060883821828422, "x3": 7.646764470965759, "x4": 2.9646211687716444, "x5": 18.237061907953688, "x6": 12.215356437318201, "x7": 17.508004408753003, "x8": 1.637478936845871, "x9": 2.726757915510912}, "datetime": {"datetime": "2025-05-12 18:21:35", "elapsed": 2401.202037, "delta": 11.692233}}
{"target": 1.0370955433540803e-05, "params": {"x0": 0.895610292507458, "x1": 3.4263963050483173, "x2": 1.806088354913138, "x3": 7.6467644804624735, "x4": 2.964621185922724, "x5": 18.237061899345175, "x6": 12.215356418452265, "x7": 17.50800441067002, "x8": 1.6374789374510115, "x9": 2.7267579145356016}, "datetime": {"datetime": "2025-05-12 18:21:46", "elapsed": 2412.59726, "delta": 11.395223}}
{"target": 1.0370955433540803e-05, "params": {"x0": 0.895610293043365, "x1": 3.4263963210331845, "x2": 1.8060883499517053, "x3": 7.646764475324283, "x4": 2.964621189270004, "x5": 18.237061937023885, "x6": 12.215356443885273, "x7": 17.50800442364232, "x8": 1.637478937993306, "x9": 2.726757911062723}, "datetime": {"datetime": "2025-05-12 18:21:58", "elapsed": 2423.812823, "delta": 11.215563}}
{"target": 1.0370955433540803e-05, "params": {"x0": 0.8956102920232177, "x1": 3.4263963151282826, "x2": 1.8060883690186076, "x3": 7.646764484098413, "x4": 2.964621179815116, "x5": 18.23706192315094, "x6": 12.21535644916534, "x7": 17.50800443257266, "x8": 1.63747893845385, "x9": 2.7267579151644346}, "datetime": {"datetime": "2025-05-12 18:22:09", "elapsed": 2435.468425, "delta": 11.655602}}
{"target": 1.0370955433540803e-05, "params": {"x0": 0.895610293301603, "x1": 3.4263963352353075, "x2": 1.8060883625579878, "x3": 7.646764482906342, "x4": 2.9646211828830293, "x5": 18.237061900240175, "x6": 12.21535643629302, "x7": 17.50800443239057, "x8": 1.6374789386083326, "x9": 2.726757912811827}, "datetime": {"datetime": "2025-05-12 18:22:21", "elapsed": 2447.168024, "delta": 11.699599}}
{"target": 1.0370955433540803e-05, "params": {"x0": 0.8956102930229496, "x1": 3.42639632025781, "x2": 1.8060883741798468, "x3": 7.646764486570374, "x4": 2.964621170807653, "x5": 18.237061921100043, "x6": 12.215356432216348, "x7": 17.508004430514507, "x8": 1.637478940338608, "x9": 2.7267579130861046}, "datetime": {"datetime": "2025-05-12 18:22:33", "elapsed": 2458.775798, "delta": 11.607774}}
{"target": 1.0370955433540803e-05, "params": {"x0": 0.8956102929470439, "x1": 3.42639633256269, "x2": 1.8060883820971876, "x3": 7.646764486959048, "x4": 2.9646211727598977, "x5": 18.2370619185698, "x6": 12.215356462255851, "x7": 17.508004441286577, "x8": 1.637478939553382, "x9": 2.7267579127790493}, "datetime": {"datetime": "2025-05-12 18:22:44", "elapsed": 2470.151367, "delta": 11.375569}}
{"target": 1.0370955433540803e-05, "params": {"x0": 0.8956102926981957, "x1": 3.4263963285397803, "x2": 1.8060883697101704, "x3": 7.646764489246783, "x4": 2.9646211782581826, "x5": 18.237061913727356, "x6": 12.215356448560193, "x7": 17.50800444469022, "x8": 1.6374789396143334, "x9": 2.72675791179801}, "datetime": {"datetime": "2025-05-12 18:22:56", "elapsed": 2482.003612, "delta": 11.852245}}
{"target": 1.0370955433540803e-05, "params": {"x0": 0.8956102921810752, "x1": 3.4263963274483493, "x2": 1.8060883670294867, "x3": 7.646764493789069, "x4": 2.9646211731634673, "x5": 18.23706191876827, "x6": 12.21535644426735, "x7": 17.50800443449309, "x8": 1.6374789397903653, "x9": 2.726757910559154}, "datetime": {"datetime": "2025-05-12 18:23:07", "elapsed": 2493.500327, "delta": 11.496715}}
{"target": 1.0370955433540803e-05, "params": {"x0": 0.8956102928184692, "x1": 3.4263963280706293, "x2": 1.8060883812281836, "x3": 7.646764495847679, "x4": 2.964621177489643, "x5": 18.237061956741492, "x6": 12.215356469929933, "x7": 17.50800443947375, "x8": 1.6374789400988523, "x9": 2.726757912635068}, "datetime": {"datetime": "2025-05-12 18:23:19", "elapsed": 2505.073821, "delta": 11.573494}}
{"target": 1.0370955433540803e-05, "params": {"x0": 0.8956102928287103, "x1": 3.4263963288314145, "x2": 1.8060883826401555, "x3": 7.646764501353898, "x4": 2.964621176238106, "x5": 18.237061923172302, "x6": 12.215356449131933, "x7": 17.508004450296667, "x8": 1.6374789403669243, "x9": 2.7267579119738343}, "datetime": {"datetime": "2025-05-12 18:23:30", "elapsed": 2516.507271, "delta": 11.43345}}
{"target": 1.0370955433540803e-05, "params": {"x0": 0.8956102927663301, "x1": 3.4263963332022938, "x2": 1.8060883677102293, "x3": 7.646764499181711, "x4": 2.9646211722888713, "x5": 18.23706192767479, "x6": 12.215356453564688, "x7": 17.508004442918473, "x8": 1.6374789403860321, "x9": 2.726757910295966}, "datetime": {"datetime": "2025-05-12 18:23:42", "elapsed": 2527.902063, "delta": 11.394792}}
{"target": 1.0370955433540803e-05, "params": {"x0": 0.8956102926828514, "x1": 3.4263963298447737, "x2": 1.8060883727458612, "x3": 7.646764499214489, "x4": 2.9646211709816015, "x5": 18.237061932748315, "x6": 12.215356460332575, "x7": 17.50800444370278, "x8": 1.6374789412560644, "x9": 2.7267579108556212}, "datetime": {"datetime": "2025-05-12 18:23:53", "elapsed": 2539.412254, "delta": 11.510191}}
{"target": 1.0370955433540803e-05, "params": {"x0": 0.8956102927021432, "x1": 3.4263963351911144, "x2": 1.8060883821538671, "x3": 7.6467644998019, "x4": 2.9646211689767914, "x5": 18.237061927740132, "x6": 12.215356463243914, "x7": 17.50800444862818, "x8": 1.637478940915825, "x9": 2.7267579110906643}, "datetime": {"datetime": "2025-05-12 18:24:05", "elapsed": 2550.926306, "delta": 11.514052}}
{"target": 1.0370955433540803e-05, "params": {"x0": 0.8956102927175371, "x1": 3.4263963354692213, "x2": 1.806088378318193, "x3": 7.64676450634749, "x4": 2.964621170511, "x5": 18.237061930469874, "x6": 12.215356468502938, "x7": 17.5080044467613, "x8": 1.6374789409958093, "x9": 2.7267579115328355}, "datetime": {"datetime": "2025-05-12 18:24:16", "elapsed": 2562.652718, "delta": 11.726412}}
{"target": 1.0370955433540803e-05, "params": {"x0": 0.8956102923945496, "x1": 3.426396336112258, "x2": 1.8060883744818714, "x3": 7.64676450312716, "x4": 2.964621169154985, "x5": 18.237061934990603, "x6": 12.215356466141815, "x7": 17.5080044462924, "x8": 1.6374789411119846, "x9": 2.726757911175444}, "datetime": {"datetime": "2025-05-12 18:24:28", "elapsed": 2574.130752, "delta": 11.478034}}
{"target": 1.0370955433540803e-05, "params": {"x0": 0.8956102924908994, "x1": 3.4263963451275647, "x2": 1.8060883816292823, "x3": 7.646764504100475, "x4": 2.964621172200017, "x5": 18.23706193483416, "x6": 12.215356462557768, "x7": 17.508004451366432, "x8": 1.6374789410437847, "x9": 2.7267579116086282}, "datetime": {"datetime": "2025-05-12 18:24:40", "elapsed": 2585.750857, "delta": 11.620105}}
{"target": 1.0370955433540803e-05, "params": {"x0": 0.8956102925388987, "x1": 3.42639634178749, "x2": 1.8060883779610386, "x3": 7.646764504505239, "x4": 2.964621170050513, "x5": 18.237061933904688, "x6": 12.215356463010663, "x7": 17.508004448813864, "x8": 1.6374789412116793, "x9": 2.726757910450129}, "datetime": {"datetime": "2025-05-12 18:24:51", "elapsed": 2597.368485, "delta": 11.617628}}
{"target": 1.0370955433540803e-05, "params": {"x0": 0.8956102925312492, "x1": 3.4263963377013438, "x2": 1.8060883775302043, "x3": 7.6467645041723555, "x4": 2.9646211642122604, "x5": 18.237061945349815, "x6": 12.21535646315972, "x7": 17.508004449049228, "x8": 1.6374789412320976, "x9": 2.726757911174219}, "datetime": {"datetime": "2025-05-12 18:25:03", "elapsed": 2609.182143, "delta": 11.813658}}
{"target": 1.0370955433540803e-05, "params": {"x0": 0.8956102924938474, "x1": 3.4263963389562724, "x2": 1.8060883729235564, "x3": 7.646764508106913, "x4": 2.9646211703239236, "x5": 18.237061942547825, "x6": 12.215356465536459, "x7": 17.508004449926904, "x8": 1.6374789413642055, "x9": 2.7267579112913847}, "datetime": {"datetime": "2025-05-12 18:25:15", "elapsed": 2620.815883, "delta": 11.63374}}
{"target": 1.0370955433540803e-05, "params": {"x0": 0.895610292444792, "x1": 3.4263963370113095, "x2": 1.8060883756247892, "x3": 7.646764506638571, "x4": 2.9646211687190247, "x5": 18.23706194261412, "x6": 12.215356466770139, "x7": 17.50800445178114, "x8": 1.6374789414184527, "x9": 2.7267579109911315}, "datetime": {"datetime": "2025-05-12 18:25:26", "elapsed": 2632.577574, "delta": 11.761691}}
{"target": 1.0370955433540803e-05, "params": {"x0": 0.8956102923804916, "x1": 3.426396338134405, "x2": 1.8060883793026026, "x3": 7.646764506758702, "x4": 2.964621167888444, "x5": 18.23706193777514, "x6": 12.21535647075111, "x7": 17.508004452551543, "x8": 1.6374789415358086, "x9": 2.726757910948928}, "datetime": {"datetime": "2025-05-12 18:25:38", "elapsed": 2644.095631, "delta": 11.518057}}
{"target": 1.0370955433540803e-05, "params": {"x0": 0.8956102924738284, "x1": 3.426396338261996, "x2": 1.8060883802050682, "x3": 7.646764506796718, "x4": 2.9646211691306297, "x5": 18.237061939482444, "x6": 12.215356471180481, "x7": 17.508004452268455, "x8": 1.6374789416081563, "x9": 2.726757910184381}, "datetime": {"datetime": "2025-05-12 18:25:49", "elapsed": 2655.665591, "delta": 11.56996}}
{"target": 1.0370955433540803e-05, "params": {"x0": 0.8956102923977833, "x1": 3.426396338107427, "x2": 1.8060883794859608, "x3": 7.646764508032884, "x4": 2.964621166810197, "x5": 18.237061941362267, "x6": 12.21535647116855, "x7": 17.50800445241026, "x8": 1.6374789415391409, "x9": 2.726757910765878}, "datetime": {"datetime": "2025-05-12 18:26:01", "elapsed": 2667.267639, "delta": 11.602048}}
{"target": 1.0370955433540803e-05, "params": {"x0": 0.8956102924249141, "x1": 3.426396339303314, "x2": 1.806088378118375, "x3": 7.646764508029607, "x4": 2.9646211684307033, "x5": 18.237061940027488, "x6": 12.215356476494346, "x7": 17.508004453954605, "x8": 1.637478941590637, "x9": 2.72675791064904}, "datetime": {"datetime": "2025-05-12 18:26:13", "elapsed": 2678.692789, "delta": 11.42515}}
{"target": 1.0370955433540803e-05, "params": {"x0": 0.8956102924395837, "x1": 3.42639634096512, "x2": 1.8060883768491802, "x3": 7.646764507729144, "x4": 2.9646211675369707, "x5": 18.23706193982255, "x6": 12.215356473172493, "x7": 17.50800445352147, "x8": 1.637478941691504, "x9": 2.7267579107549262}, "datetime": {"datetime": "2025-05-12 18:26:24", "elapsed": 2690.238511, "delta": 11.545722}}
{"target": 1.0370955433540803e-05, "params": {"x0": 0.8956102924321243, "x1": 3.426396339543449, "x2": 1.8060883802040941, "x3": 7.646764509290208, "x4": 2.9646211687834416, "x5": 18.237061941069644, "x6": 12.215356473591264, "x7": 17.508004456447935, "x8": 1.6374789416618145, "x9": 2.726757910825459}, "datetime": {"datetime": "2025-05-12 18:26:36", "elapsed": 2702.54733, "delta": 12.308819}}
{"target": 1.0370955433540803e-05, "params": {"x0": 0.895610292424653, "x1": 3.426396339415315, "x2": 1.8060883803250458, "x3": 7.646764508881552, "x4": 2.964621168103181, "x5": 18.237061943702013, "x6": 12.215356470080586, "x7": 17.508004457172646, "x8": 1.637478941693692, "x9": 2.7267579107465036}, "datetime": {"datetime": "2025-05-12 18:26:48", "elapsed": 2714.383666, "delta": 11.836336}}
{"target": 1.0370955433540803e-05, "params": {"x0": 0.8956102923758535, "x1": 3.4263963397828503, "x2": 1.806088376258382, "x3": 7.646764509024852, "x4": 2.96462116812697, "x5": 18.2370619448114, "x6": 12.21535647055597, "x7": 17.508004453904924, "x8": 1.6374789417520348, "x9": 2.72675791059183}, "datetime": {"datetime": "2025-05-12 18:27:00", "elapsed": 2726.031517, "delta": 11.647851}}
{"target": 1.0370955433540803e-05, "params": {"x0": 0.8956102923441707, "x1": 3.4263963399710256, "x2": 1.8060883781812596, "x3": 7.646764509480285, "x4": 2.96462116835445, "x5": 18.23706194174052, "x6": 12.215356471959941, "x7": 17.508004456433092, "x8": 1.6374789417552478, "x9": 2.7267579106671955}, "datetime": {"datetime": "2025-05-12 18:27:11", "elapsed": 2737.660566, "delta": 11.629049}}
{"target": 1.0370955433540803e-05, "params": {"x0": 0.895610292386326, "x1": 3.4263963403573654, "x2": 1.8060883773182541, "x3": 7.646764509159274, "x4": 2.964621167208508, "x5": 18.237061942453295, "x6": 12.21535647142257, "x7": 17.508004454602958, "x8": 1.6374789418090532, "x9": 2.7267579105655884}, "datetime": {"datetime": "2025-05-12 18:27:23", "elapsed": 2749.529261, "delta": 11.868695}}
{"target": 1.0370955433540803e-05, "params": {"x0": 0.8956102923840371, "x1": 3.426396340615223, "x2": 1.8060883785862425, "x3": 7.6467645094582855, "x4": 2.9646211670348435, "x5": 18.23706194193512, "x6": 12.215356474080592, "x7": 17.508004455312374, "x8": 1.6374789417959088, "x9": 2.7267579106003748}, "datetime": {"datetime": "2025-05-12 18:27:35", "elapsed": 2761.149256, "delta": 11.619995}}
{"target": 1.0370955433540803e-05, "params": {"x0": 0.8956102923079649, "x1": 3.426396341196407, "x2": 1.8060883778658263, "x3": 7.646764509856588, "x4": 2.964621168058939, "x5": 18.23706194210059, "x6": 12.215356471853683, "x7": 17.50800445494003, "x8": 1.637478941841671, "x9": 2.726757910586732}, "datetime": {"datetime": "2025-05-12 18:27:47", "elapsed": 2772.851795, "delta": 11.702539}}
{"target": 1.0370955433540803e-05, "params": {"x0": 0.8956102923183369, "x1": 3.426396341903725, "x2": 1.8060883784498056, "x3": 7.646764509551088, "x4": 2.9646211675091534, "x5": 18.23706194252208, "x6": 12.215356472933449, "x7": 17.508004455389155, "x8": 1.6374789418444016, "x9": 2.72675791048823}, "datetime": {"datetime": "2025-05-12 18:27:59", "elapsed": 2784.899563, "delta": 12.047768}}
{"target": 1.0370955433540803e-05, "params": {"x0": 0.8956102923504323, "x1": 3.426396341316619, "x2": 1.8060883787755906, "x3": 7.646764509670248, "x4": 2.9646211678720165, "x5": 18.237061943444196, "x6": 12.215356473369665, "x7": 17.50800445543225, "x8": 1.6374789418858362, "x9": 2.726757910415227}, "datetime": {"datetime": "2025-05-12 18:28:10", "elapsed": 2796.403218, "delta": 11.503655}}
{"target": 1.0370955433540803e-05, "params": {"x0": 0.8956102923716031, "x1": 3.4263963414651246, "x2": 1.8060883787566289, "x3": 7.6467645099981665, "x4": 2.964621167454363, "x5": 18.237061943456236, "x6": 12.215356474095275, "x7": 17.508004455291108, "x8": 1.6374789418874482, "x9": 2.7267579105215836}, "datetime": {"datetime": "2025-05-12 18:28:22", "elapsed": 2807.89698, "delta": 11.493762}}
{"target": 1.0370955433540803e-05, "params": {"x0": 0.895610292365664, "x1": 3.426396341895798, "x2": 1.8060883775465981, "x3": 7.646764510195722, "x4": 2.96462116741675, "x5": 18.237061942964566, "x6": 12.215356473106484, "x7": 17.508004456853847, "x8": 1.6374789418772149, "x9": 2.7267579105327164}, "datetime": {"datetime": "2025-05-12 18:28:33", "elapsed": 2819.420321, "delta": 11.523341}}
{"target": 1.0370955433540803e-05, "params": {"x0": 0.8956102923616213, "x1": 3.4263963421178927, "x2": 1.8060883777068233, "x3": 7.646764510123601, "x4": 2.964621167615938, "x5": 18.23706194315548, "x6": 12.21535647467573, "x7": 17.50800445577918, "x8": 1.6374789418938618, "x9": 2.7267579104779123}, "datetime": {"datetime": "2025-05-12 18:28:45", "elapsed": 2830.996389, "delta": 11.576068}}
{"target": 1.0370955433540803e-05, "params": {"x0": 0.8956102923535472, "x1": 3.426396341151098, "x2": 1.806088378928056, "x3": 7.646764510433356, "x4": 2.964621167593796, "x5": 18.237061943234625, "x6": 12.215356474184517, "x7": 17.50800445601711, "x8": 1.6374789419061122, "x9": 2.7267579104156727}, "datetime": {"datetime": "2025-05-12 18:28:57", "elapsed": 2842.932615, "delta": 11.936226}}
{"target": 1.0370955433540803e-05, "params": {"x0": 0.8956102923548604, "x1": 3.4263963412278087, "x2": 1.8060883787095865, "x3": 7.64676451037738, "x4": 2.964621167346321, "x5": 18.237061943713055, "x6": 12.21535647339027, "x7": 17.508004456145837, "x8": 1.6374789419133489, "x9": 2.726757910394978}, "datetime": {"datetime": "2025-05-12 18:29:08", "elapsed": 2854.669203, "delta": 11.736588}}
{"target": 1.0370955433540803e-05, "params": {"x0": 0.8956102923506559, "x1": 3.4263963415035086, "x2": 1.806088378465032, "x3": 7.6467645105015105, "x4": 2.9646211674504452, "x5": 18.2370619435292, "x6": 12.215356474686661, "x7": 17.508004455970788, "x8": 1.6374789419210214, "x9": 2.726757910457425}, "datetime": {"datetime": "2025-05-12 18:29:20", "elapsed": 2866.264714, "delta": 11.595511}}
{"target": 1.0370955433540803e-05, "params": {"x0": 0.8956102923436862, "x1": 3.426396341474553, "x2": 1.8060883786180402, "x3": 7.646764510439189, "x4": 2.964621167442816, "x5": 18.237061943587285, "x6": 12.21535647378309, "x7": 17.508004456251165, "x8": 1.6374789419413187, "x9": 2.726757910417717}, "datetime": {"datetime": "2025-05-12 18:29:32", "elapsed": 2877.754309, "delta": 11.489595}}
{"target": 1.0370955433540803e-05, "params": {"x0": 0.8956102923352358, "x1": 3.4263963416183607, "x2": 1.8060883785135864, "x3": 7.646764510410783, "x4": 2.9646211674469924, "x5": 18.23706194389185, "x6": 12.215356473723276, "x7": 17.50800445609326, "x8": 1.637478941949064, "x9": 2.7267579104324247}, "datetime": {"datetime": "2025-05-12 18:29:43", "elapsed": 2889.111628, "delta": 11.357319}}
{"target": 1.0370955433540803e-05, "params": {"x0": 0.8956102923450564, "x1": 3.4263963415351246, "x2": 1.8060883781380912, "x3": 7.646764510607873, "x4": 2.964621167105561, "x5": 18.23706194416062, "x6": 12.21535647361868, "x7": 17.50800445595953, "x8": 1.637478941938173, "x9": 2.7267579104312367}, "datetime": {"datetime": "2025-05-12 18:29:55", "elapsed": 2900.825875, "delta": 11.714247}}
{"target": 1.0370955433540803e-05, "params": {"x0": 0.895610292338905, "x1": 3.4263963414983216, "x2": 1.80608837820904, "x3": 7.646764510633836, "x4": 2.964621167318611, "x5": 18.237061944795048, "x6": 12.215356473763437, "x7": 17.508004456133502, "x8": 1.6374789419460478, "x9": 2.726757910443003}, "datetime": {"datetime": "2025-05-12 18:30:06", "elapsed": 2912.522206, "delta": 11.696331}}
{"target": 1.0370955433540803e-05, "params": {"x0": 0.8956102923288489, "x1": 3.426396341560619, "x2": 1.8060883785035569, "x3": 7.646764510603092, "x4": 2.964621167298621, "x5": 18.237061944067353, "x6": 12.215356474062213, "x7": 17.508004456339478, "x8": 1.6374789419507394, "x9": 2.726757910437873}, "datetime": {"datetime": "2025-05-12 18:30:18", "elapsed": 2924.028947, "delta": 11.506741}}
{"target": 1.0370955433540803e-05, "params": {"x0": 0.8956102923336886, "x1": 3.426396341643217, "x2": 1.8060883784732236, "x3": 7.646764510731583, "x4": 2.964621167327412, "x5": 18.23706194398348, "x6": 12.215356473878039, "x7": 17.508004456535957, "x8": 1.6374789419605993, "x9": 2.726757910419264}, "datetime": {"datetime": "2025-05-12 18:30:30", "elapsed": 2936.016767, "delta": 11.98782}}
{"target": 1.0370955433540803e-05, "params": {"x0": 0.895610292336188, "x1": 3.4263963418664787, "x2": 1.8060883784849662, "x3": 7.646764510697775, "x4": 2.9646211673172402, "x5": 18.237061944013828, "x6": 12.215356474054875, "x7": 17.508004456153152, "x8": 1.63747894196666, "x9": 2.726757910423481}, "datetime": {"datetime": "2025-05-12 18:30:42", "elapsed": 2947.78701, "delta": 11.770243}}
{"target": 1.0370955433540803e-05, "params": {"x0": 0.8956102923209134, "x1": 3.4263963416468672, "x2": 1.8060883781385184, "x3": 7.646764510757581, "x4": 2.964621167199499, "x5": 18.23706194425067, "x6": 12.215356474230285, "x7": 17.508004456166518, "x8": 1.637478941967219, "x9": 2.7267579104254582}, "datetime": {"datetime": "2025-05-12 18:30:53", "elapsed": 2959.356201, "delta": 11.569191}}
{"target": 1.0370955433540803e-05, "params": {"x0": 0.8956102923290409, "x1": 3.4263963416950434, "x2": 1.8060883782653017, "x3": 7.646764510695502, "x4": 2.9646211672935423, "x5": 18.237061944299764, "x6": 12.215356474393941, "x7": 17.50800445629705, "x8": 1.6374789419756162, "x9": 2.726757910418774}, "datetime": {"datetime": "2025-05-12 18:31:05", "elapsed": 2971.31816, "delta": 11.961959}}
{"target": 1.0370955433540803e-05, "params": {"x0": 0.8956102923366573, "x1": 3.4263963417247125, "x2": 1.8060883783338457, "x3": 7.646764510734796, "x4": 2.9646211672608005, "x5": 18.23706194417931, "x6": 12.215356474059002, "x7": 17.508004456348964, "x8": 1.6374789419710076, "x9": 2.726757910404167}, "datetime": {"datetime": "2025-05-12 18:31:17", "elapsed": 2983.24199, "delta": 11.92383}}
{"target": 1.0370955433540803e-05, "params": {"x0": 0.8956102923368858, "x1": 3.426396341746251, "x2": 1.8060883781477797, "x3": 7.646764510747023, "x4": 2.9646211672590477, "x5": 18.23706194414296, "x6": 12.215356474148617, "x7": 17.508004456597426, "x8": 1.63747894197535, "x9": 2.7267579104087045}, "datetime": {"datetime": "2025-05-12 18:31:29", "elapsed": 2995.114166, "delta": 11.872176}}
{"target": 1.0370955433540803e-05, "params": {"x0": 0.8956102923328821, "x1": 3.4263963420010772, "x2": 1.8060883783818935, "x3": 7.646764510767587, "x4": 2.964621167170771, "x5": 18.23706194417926, "x6": 12.21535647425063, "x7": 17.508004456390502, "x8": 1.6374789419816194, "x9": 2.7267579104101927}, "datetime": {"datetime": "2025-05-12 18:31:41", "elapsed": 3007.108945, "delta": 11.994779}}
