{"target": 1.036478048254853e-05, "params": {"x0": 0.8953581163405643, "x1": 3.4335293030230036, "x2": 1.8041121207848492, "x3": 7.641105428337007, "x4": 2.9621206385912586, "x5": 18.237290722722772, "x6": 12.199830238471751, "x7": 17.52051716407929, "x8": 1.6374799464673782, "x9": 2.726158374435238}, "datetime": {"datetime": "2025-05-12 18:01:02", "elapsed": 1168.509466, "delta": 10.876573}}
{"target": 1.0370875952023515e-05, "params": {"x0": 0.8955267520198695, "x1": 3.429757839189965, "x2": 1.8061564902490077, "x3": 7.645569270837418, "x4": 2.966205224976561, "x5": 18.24237272887775, "x6": 12.20943426734694, "x7": 17.51267018145333, "x8": 1.637929744675328, "x9": 2.726545085132687}, "datetime": {"datetime": "2025-05-12 18:01:13", "elapsed": 1179.014273, "delta": 10.504807}}
{"target": 1.0364792828833883e-05, "params": {"x0": 0.8954460621115485, "x1": 3.431788601931738, "x2": 1.8099803519453028, "x3": 7.648138017362916, "x4": 2.96749006687324, "x5": 18.24404501325139, "x6": 12.207584336787805, "x7": 17.511801498209806, "x8": 1.637917045925732, "x9": 2.726749300802495}, "datetime": {"datetime": "2025-05-12 18:01:23", "elapsed": 1189.627872, "delta": 10.613599}}
{"target": 1.0364983450045976e-05, "params": {"x0": 0.8955727217886699, "x1": 3.430027753049895, "x2": 1.8026503481683742, "x3": 7.65013463948383, "x4": 2.965593245180107, "x5": 18.24499110508907, "x6": 12.205081863531237, "x7": 17.513254916470352, "x8": 1.637669617441809, "x9": 2.726021073216438}, "datetime": {"datetime": "2025-05-12 18:01:34", "elapsed": 1200.026752, "delta": 10.39888}}
{"target": 1.0370955433540803e-05, "params": {"x0": 0.8956102923291751, "x1": 3.4263963419149204, "x2": 1.806088378257957, "x3": 7.64676451095583, "x4": 2.964621167135863, "x5": 18.237061944436057, "x6": 12.21535647439395, "x7": 17.508004456490706, "x8": 1.6374789419928104, "x9": 2.726757910382124}, "datetime": {"datetime": "2025-05-12 18:01:44", "elapsed": 1210.573007, "delta": 10.546255}}
{"target": 1.0370955433540803e-05, "params": {"x0": 0.8955272145496203, "x1": 3.4264322396769886, "x2": 1.806151865726083, "x3": 7.646231942434565, "x4": 2.9653732808693793, "x5": 18.237254311882314, "x6": 12.214678657139212, "x7": 17.50875867334093, "x8": 1.6375209717145192, "x9": 2.726569212550395}, "datetime": {"datetime": "2025-05-12 18:01:55", "elapsed": 1220.967376, "delta": 10.394369}}
{"target": 1.0370955433540803e-05, "params": {"x0": 0.8955673397158771, "x1": 3.427035982801594, "x2": 1.8055453214858495, "x3": 7.644323604290087, "x4": 2.965628089543188, "x5": 18.23333319155487, "x6": 12.215353077291825, "x7": 17.509197950333615, "x8": 1.6373915355148125, "x9": 2.726304486406988}, "datetime": {"datetime": "2025-05-12 18:02:05", "elapsed": 1231.343469, "delta": 10.376093}}
{"target": 1.0370870775644359e-05, "params": {"x0": 0.8955924876923482, "x1": 3.42398516143155, "x2": 1.8084688647850007, "x3": 7.643893191942786, "x4": 2.9653754237809125, "x5": 18.24016017059386, "x6": 12.210593778468365, "x7": 17.504874998425723, "x8": 1.637286211017674, "x9": 2.7269491685852105}, "datetime": {"datetime": "2025-05-12 18:02:16", "elapsed": 1241.785036, "delta": 10.441567}}
{"target": 1.0370870775644359e-05, "params": {"x0": 0.8955487176360841, "x1": 3.424827611754158, "x2": 1.805505477130559, "x3": 7.644920531721421, "x4": 2.965175968686425, "x5": 18.240648714130547, "x6": 12.219563024702335, "x7": 17.505467781996888, "x8": 1.637191666411157, "x9": 2.7264311805383152}, "datetime": {"datetime": "2025-05-12 18:02:26", "elapsed": 1252.182715, "delta": 10.397679}}
{"target": 1.0370955433540803e-05, "params": {"x0": 0.8956891394702253, "x1": 3.4284533642510295, "x2": 1.8040726970754393, "x3": 7.649130937542997, "x4": 2.964911909975609, "x5": 18.234532105072393, "x6": 12.216489629284155, "x7": 17.505620670614228, "x8": 1.63731840169296, "x9": 2.7270499609547763}, "datetime": {"datetime": "2025-05-12 18:02:37", "elapsed": 1262.772916, "delta": 10.590201}}
{"target": 1.0370955433540803e-05, "params": {"x0": 0.8955442386866824, "x1": 3.424561426646475, "x2": 1.8073628382502107, "x3": 7.648598095704238, "x4": 2.964920945658142, "x5": 18.236350298739744, "x6": 12.217648254766535, "x7": 17.50998935361356, "x8": 1.637362388580804, "x9": 2.7270481267635813}, "datetime": {"datetime": "2025-05-12 18:02:47", "elapsed": 1273.235322, "delta": 10.462406}}
{"target": 1.0370955433540803e-05, "params": {"x0": 0.8956770149348382, "x1": 3.4249973831647402, "x2": 1.8051530852126616, "x3": 7.645017613470879, "x4": 2.9657854666504755, "x5": 18.23538999568119, "x6": 12.218345975981272, "x7": 17.509731506711436, "x8": 1.6376554250821915, "x9": 2.7269428958422095}, "datetime": {"datetime": "2025-05-12 18:02:58", "elapsed": 1283.742672, "delta": 10.50735}}
{"target": 1.0370955433540803e-05, "params": {"x0": 0.8955577889953297, "x1": 3.425130112179296, "x2": 1.804974799428303, "x3": 7.648511930266895, "x4": 2.9655523694889725, "x5": 18.23537548927452, "x6": 12.213637291883797, "x7": 17.506381450066726, "x8": 1.6374878838968852, "x9": 2.7269737190747394}, "datetime": {"datetime": "2025-05-12 18:03:08", "elapsed": 1294.197778, "delta": 10.455106}}
{"target": 1.0370955433540803e-05, "params": {"x0": 0.8956521378694379, "x1": 3.4273428146554847, "x2": 1.8074025125638484, "x3": 7.646561362443282, "x4": 2.9636785191858896, "x5": 18.23484335179966, "x6": 12.216423633094745, "x7": 17.50644545890672, "x8": 1.6375336863386352, "x9": 2.7269601391229883}, "datetime": {"datetime": "2025-05-12 18:03:19", "elapsed": 1305.502752, "delta": 11.304974}}
{"target": 1.0370955433540803e-05, "params": {"x0": 0.8956379786316124, "x1": 3.425228273416325, "x2": 1.8051544130446486, "x3": 7.645941146079637, "x4": 2.964206098198268, "x5": 18.238653516038305, "x6": 12.213201710612397, "x7": 17.50870816058258, "x8": 1.6373641489297868, "x9": 2.7269509530307308}, "datetime": {"datetime": "2025-05-12 18:03:30", "elapsed": 1316.144203, "delta": 10.641451}}
{"target": 1.0370955433540803e-05, "params": {"x0": 0.8955825097466008, "x1": 3.425315347671814, "x2": 1.8071721714675428, "x3": 7.647560813044876, "x4": 2.964556828258302, "x5": 18.235455028270525, "x6": 12.213326978161469, "x7": 17.50893417151858, "x8": 1.6373457679260623, "x9": 2.7266062831388074}, "datetime": {"datetime": "2025-05-12 18:03:41", "elapsed": 1327.04476, "delta": 10.900557}}
{"target": 1.0370955433540803e-05, "params": {"x0": 0.8956321389823642, "x1": 3.4271786038356566, "x2": 1.8067715337657346, "x3": 7.645928340348091, "x4": 2.9651779992336955, "x5": 18.238418288195525, "x6": 12.21630906197829, "x7": 17.509096337062374, "x8": 1.6373611707722389, "x9": 2.72687710923887}, "datetime": {"datetime": "2025-05-12 18:03:51", "elapsed": 1337.570776, "delta": 10.526016}}
{"target": 1.0370955433540803e-05, "params": {"x0": 0.8956422292466311, "x1": 3.4271119465182878, "x2": 1.8054210737554532, "x3": 7.645947786173441, "x4": 2.964389580905359, "x5": 18.236308557739925, "x6": 12.213736041434839, "x7": 17.50749350836434, "x8": 1.6373641284671479, "x9": 2.726902288635703}, "datetime": {"datetime": "2025-05-12 18:04:02", "elapsed": 1348.252347, "delta": 10.681571}}
{"target": 1.0370955433540803e-05, "params": {"x0": 0.8956363568320215, "x1": 3.42698958548919, "x2": 1.8068653657011076, "x3": 7.64672967138053, "x4": 2.9642039287978617, "x5": 18.236064438445844, "x6": 12.215320595513969, "x7": 17.50726833088848, "x8": 1.6373754915064234, "x9": 2.726621130279976}, "datetime": {"datetime": "2025-05-12 18:04:13", "elapsed": 1358.825945, "delta": 10.573598}}
{"target": 1.0370955433540803e-05, "params": {"x0": 0.8956271984456275, "x1": 3.425764258572353, "x2": 1.8058615850437956, "x3": 7.6459522280690555, "x4": 2.9649088422933754, "x5": 18.236098691650025, "x6": 12.21404469673155, "x7": 17.507155810333156, "x8": 1.63741040812176, "x9": 2.726882120156227}, "datetime": {"datetime": "2025-05-12 18:04:23", "elapsed": 1369.30644, "delta": 10.480495}}
{"target": 1.0370955433540803e-05, "params": {"x0": 0.8956009927588404, "x1": 3.425720707304692, "x2": 1.8061851635785733, "x3": 7.646010481378243, "x4": 2.9641957623955277, "x5": 18.237669244821884, "x6": 12.216181833502072, "x7": 17.50862238726678, "x8": 1.6374331562060165, "x9": 2.7268476387469778}, "datetime": {"datetime": "2025-05-12 18:04:34", "elapsed": 1379.801858, "delta": 10.495418}}
{"target": 1.0370955433540803e-05, "params": {"x0": 0.895628822925908, "x1": 3.4268633443854126, "x2": 1.8065110566425702, "x3": 7.646131990472247, "x4": 2.9650037964379847, "x5": 18.236221101262036, "x6": 12.214439412342957, "x7": 17.507912625368373, "x8": 1.6374201119286926, "x9": 2.72684866884327}, "datetime": {"datetime": "2025-05-12 18:04:44", "elapsed": 1390.408545, "delta": 10.606687}}
{"target": 1.0370955433540803e-05, "params": {"x0": 0.8955940723335193, "x1": 3.4259465966703595, "x2": 1.805641849188206, "x3": 7.646205968144659, "x4": 2.964353281039297, "x5": 18.23618922729874, "x6": 12.216259372016651, "x7": 17.507339759170538, "x8": 1.637424310974958, "x9": 2.7266710206196243}, "datetime": {"datetime": "2025-05-12 18:04:55", "elapsed": 1400.878688, "delta": 10.470143}}
{"target": 1.0370955433540803e-05, "params": {"x0": 0.8956006294596466, "x1": 3.425999203148809, "x2": 1.8065474343932406, "x3": 7.646244453006578, "x4": 2.9643029130233574, "x5": 18.23640308336448, "x6": 12.216167692519125, "x7": 17.50841838179579, "x8": 1.6374312060363208, "x9": 2.7268212666361404}, "datetime": {"datetime": "2025-05-12 18:05:05", "elapsed": 1411.498745, "delta": 10.620057}}
{"target": 1.0370955433540803e-05, "params": {"x0": 0.89562287819864, "x1": 3.42617340690973, "x2": 1.8064822730315777, "x3": 7.64629432353413, "x4": 2.9649033579660435, "x5": 18.236351403830103, "x6": 12.215396963831394, "x7": 17.507534679191863, "x8": 1.6374389918168373, "x9": 2.7268178517400066}, "datetime": {"datetime": "2025-05-12 18:05:16", "elapsed": 1422.03567, "delta": 10.536925}}
{"target": 1.0370955433540803e-05, "params": {"x0": 0.8956041278313163, "x1": 3.426656562039795, "x2": 1.8064447203452814, "x3": 7.646340352688337, "x4": 2.964387252172177, "x5": 18.23762454794155, "x6": 12.215908110305145, "x7": 17.507794886770043, "x8": 1.6374301367541548, "x9": 2.7268148841497797}, "datetime": {"datetime": "2025-05-12 18:05:26", "elapsed": 1432.643866, "delta": 10.608196}}
{"target": 1.0370955433540803e-05, "params": {"x0": 0.8956057894167385, "x1": 3.426102674354777, "x2": 1.8058571710717481, "x3": 7.647165260985041, "x4": 2.9644483624877003, "x5": 18.236520447016982, "x6": 12.215274168001935, "x7": 17.50805156120488, "x8": 1.6375097032978367, "x9": 2.726804361699674}, "datetime": {"datetime": "2025-05-12 18:05:37", "elapsed": 1443.155045, "delta": 10.511179}}
{"target": 1.0370955433540803e-05, "params": {"x0": 0.8956022600597011, "x1": 3.4260727291448743, "x2": 1.8063561213629802, "x3": 7.64659791624346, "x4": 2.9644596220841244, "x5": 18.23660461401116, "x6": 12.215931896393894, "x7": 17.507652792088553, "x8": 1.6374475318035542, "x9": 2.726704870835272}, "datetime": {"datetime": "2025-05-12 18:05:48", "elapsed": 1453.6786, "delta": 10.523555}}
{"target": 1.0370955433540803e-05, "params": {"x0": 0.8956220305803584, "x1": 3.4261107928158525, "x2": 1.8058882669441711, "x3": 7.6470555960749715, "x4": 2.9644512703402857, "x5": 18.237528778373587, "x6": 12.215813952827006, "x7": 17.50766219989413, "x8": 1.6374527013349949, "x9": 2.726779986255994}, "datetime": {"datetime": "2025-05-12 18:05:58", "elapsed": 1464.168098, "delta": 10.489498}}
{"target": 1.0370955433540803e-05, "params": {"x0": 0.8956007638868192, "x1": 3.4261408045081323, "x2": 1.806031259602724, "x3": 7.646531538877466, "x4": 2.9644488524844097, "x5": 18.23714827555429, "x6": 12.215744001525648, "x7": 17.507685568082568, "x8": 1.6375089610574214, "x9": 2.726799406499962}, "datetime": {"datetime": "2025-05-12 18:06:09", "elapsed": 1474.685392, "delta": 10.517294}}
{"target": 1.0370955433540803e-05, "params": {"x0": 0.8956193322951651, "x1": 3.42661191844105, "x2": 1.8058805725092177, "x3": 7.646507345765805, "x4": 2.964730542211011, "x5": 18.237394363086985, "x6": 12.215626655706949, "x7": 17.507729232875544, "x8": 1.6374554857376842, "x9": 2.726779970190053}, "datetime": {"datetime": "2025-05-12 18:06:19", "elapsed": 1485.213716, "delta": 10.528324}}
{"target": 1.0370955433540803e-05, "params": {"x0": 0.8956179398882685, "x1": 3.426603508560587, "x2": 1.8062537767538618, "x3": 7.64654844354992, "x4": 2.9647438608799184, "x5": 18.237370331302177, "x6": 12.215505274667224, "x7": 17.50781986021661, "x8": 1.6374602257727686, "x9": 2.7267932846930902}, "datetime": {"datetime": "2025-05-12 18:06:30", "elapsed": 1495.775836, "delta": 10.56212}}
{"target": 1.0370955433540803e-05, "params": {"x0": 0.8956043120356556, "x1": 3.426204794371026, "x2": 1.8059102204740078, "x3": 7.646635906501829, "x4": 2.9644973603286324, "x5": 18.236815270914924, "x6": 12.215016703527978, "x7": 17.507846019616064, "x8": 1.6374661138766724, "x9": 2.7267840195160304}, "datetime": {"datetime": "2025-05-12 18:06:40", "elapsed": 1506.215675, "delta": 10.439839}}
{"target": 1.0370955433540803e-05, "params": {"x0": 0.8956076803735917, "x1": 3.4262528149737874, "x2": 1.8062386387329608, "x3": 7.646876607691716, "x4": 2.9645356435417503, "x5": 18.236867499615506, "x6": 12.215105847269603, "x7": 17.507801560302376, "x8": 1.6374593921827676, "x9": 2.7267438490173257}, "datetime": {"datetime": "2025-05-12 18:06:50", "elapsed": 1516.663774, "delta": 10.448099}}
{"target": 1.0370955433540803e-05, "params": {"x0": 0.8956123384728282, "x1": 3.4262537778978555, "x2": 1.8062255477790512, "x3": 7.646908403488887, "x4": 2.964716148358371, "x5": 18.23681335202363, "x6": 12.215116008618889, "x7": 17.507848959076757, "x8": 1.6374734223266294, "x9": 2.726772356713645}, "datetime": {"datetime": "2025-05-12 18:07:01", "elapsed": 1527.246989, "delta": 10.583215}}
{"target": 1.0370955433540803e-05, "params": {"x0": 0.8956139517144623, "x1": 3.4264931772524054, "x2": 1.80621040247503, "x3": 7.646653444941399, "x4": 2.9646882100029828, "x5": 18.236867982640746, "x6": 12.215123176220882, "x7": 17.50784545252804, "x8": 1.6374623994476882, "x9": 2.7267647308222474}, "datetime": {"datetime": "2025-05-12 18:07:12", "elapsed": 1537.827562, "delta": 10.580573}}
{"target": 1.0370955433540803e-05, "params": {"x0": 0.8956133348773405, "x1": 3.4262881860874317, "x2": 1.8062039614331666, "x3": 7.646868463601872, "x4": 2.964562581605987, "x5": 18.236861869733655, "x6": 12.215242408988095, "x7": 17.507892476655467, "x8": 1.6374650301878695, "x9": 2.726739040902515}, "datetime": {"datetime": "2025-05-12 18:07:22", "elapsed": 1548.416153, "delta": 10.588591}}
{"target": 1.0370955433540803e-05, "params": {"x0": 0.8956143656679242, "x1": 3.4263479342359884, "x2": 1.806109805460678, "x3": 7.646655999782458, "x4": 2.964629982869386, "x5": 18.236886675318125, "x6": 12.215157118556538, "x7": 17.50786753571124, "x8": 1.637468151560069, "x9": 2.7267742215611053}, "datetime": {"datetime": "2025-05-12 18:07:33", "elapsed": 1558.996684, "delta": 10.580531}}
{"target": 1.0370955433540803e-05, "params": {"x0": 0.895611652886553, "x1": 3.4264754026941744, "x2": 1.8061759567570126, "x3": 7.646665383990733, "x4": 2.9645923727775796, "x5": 18.237221183727385, "x6": 12.215534848521093, "x7": 17.507899734349373, "x8": 1.6374690927321873, "x9": 2.726769875031692}, "datetime": {"datetime": "2025-05-12 18:07:43", "elapsed": 1569.546104, "delta": 10.54942}}
{"target": 1.0370955433540803e-05, "params": {"x0": 0.8956138462868138, "x1": 3.4263041023717133, "x2": 1.8060309607431322, "x3": 7.64668452340891, "x4": 2.9646775999740975, "x5": 18.237005535234925, "x6": 12.215235346054884, "x7": 17.50789616802831, "x8": 1.6374702285744096, "x9": 2.7267430757455124}, "datetime": {"datetime": "2025-05-12 18:07:54", "elapsed": 1580.047055, "delta": 10.500951}}
{"target": 1.0370955433540803e-05, "params": {"x0": 0.8956072603404038, "x1": 3.4264025935248954, "x2": 1.8060956446998249, "x3": 7.646750022765693, "x4": 2.964626260103956, "x5": 18.237062015376438, "x6": 12.215358442205623, "x7": 17.50800884482654, "x8": 1.6374735208595772, "x9": 2.7267535950544812}, "datetime": {"datetime": "2025-05-12 18:08:04", "elapsed": 1590.645308, "delta": 10.598253}}
{"target": 1.0370955433540803e-05, "params": {"x0": 0.8956126049072484, "x1": 3.4263284923976074, "x2": 1.8060460286835567, "x3": 7.646715704638302, "x4": 2.9645806141166053, "x5": 18.23714897984989, "x6": 12.215269536945598, "x7": 17.5079169732531, "x8": 1.6374740780144101, "x9": 2.7267687774474236}, "datetime": {"datetime": "2025-05-12 18:08:15", "elapsed": 1601.509437, "delta": 10.864129}}
{"target": 1.0370955433540803e-05, "params": {"x0": 0.8956126218937769, "x1": 3.4263336709785177, "x2": 1.8061448511478608, "x3": 7.646798008066622, "x4": 2.964662068304453, "x5": 18.237042753935643, "x6": 12.215258057783913, "x7": 17.507965704536602, "x8": 1.637471187398646, "x9": 2.7267690870643864}, "datetime": {"datetime": "2025-05-12 18:08:26", "elapsed": 1612.583901, "delta": 11.074464}}
{"target": 1.0370955433540803e-05, "params": {"x0": 0.8956126563358696, "x1": 3.4263495348143085, "x2": 1.806090912124066, "x3": 7.646725789522056, "x4": 2.9646574524633347, "x5": 18.236990192196288, "x6": 12.215267077729317, "x7": 17.507937740094743, "x8": 1.6374722708537308, "x9": 2.7267678347817026}, "datetime": {"datetime": "2025-05-12 18:08:37", "elapsed": 1623.52644, "delta": 10.942539}}
{"target": 1.0370955433540803e-05, "params": {"x0": 0.8956113431681629, "x1": 3.426345233486187, "x2": 1.8060578572621206, "x3": 7.6467109524953045, "x4": 2.964619287000569, "x5": 18.237085370473725, "x6": 12.215361648950871, "x7": 17.507941786829683, "x8": 1.6374731067898325, "x9": 2.726766945862244}, "datetime": {"datetime": "2025-05-12 18:08:48", "elapsed": 1634.645281, "delta": 11.118841}}
{"target": 1.0370955433540803e-05, "params": {"x0": 0.8956121401926268, "x1": 3.42635157330272, "x2": 1.8060467558610516, "x3": 7.646720646633626, "x4": 2.964593259918143, "x5": 18.237045759804527, "x6": 12.215439206298862, "x7": 17.507953869837394, "x8": 1.637473649867449, "x9": 2.726764675972621}, "datetime": {"datetime": "2025-05-12 18:08:59", "elapsed": 1645.644816, "delta": 10.999535}}
{"target": 1.0370955433540803e-05, "params": {"x0": 0.8956117089726661, "x1": 3.426356099084813, "x2": 1.8060615492449708, "x3": 7.646718814860385, "x4": 2.964646195764879, "x5": 18.236995121032287, "x6": 12.215361555238887, "x7": 17.50795429751032, "x8": 1.6374735896398844, "x9": 2.72675378884654}, "datetime": {"datetime": "2025-05-12 18:09:10", "elapsed": 1656.557445, "delta": 10.912629}}
{"target": 1.0370955433540803e-05, "params": {"x0": 0.8956104347065054, "x1": 3.4263599237858666, "x2": 1.8061223808530917, "x3": 7.646722613043046, "x4": 2.964607188001029, "x5": 18.23709327210301, "x6": 12.215371154770818, "x7": 17.5079600018159, "x8": 1.6374741744147778, "x9": 2.7267628121376117}, "datetime": {"datetime": "2025-05-12 18:09:21", "elapsed": 1667.376143, "delta": 10.818698}}
{"target": 1.0370955433540803e-05, "params": {"x0": 0.895611504718407, "x1": 3.426362185796485, "x2": 1.806119165784964, "x3": 7.646731831370195, "x4": 2.9646439193081187, "x5": 18.237055713026255, "x6": 12.215302958486596, "x7": 17.50796620081688, "x8": 1.6374760362844407, "x9": 2.726760644665427}, "datetime": {"datetime": "2025-05-12 18:09:32", "elapsed": 1678.620565, "delta": 11.244422}}
{"target": 1.0370955433540803e-05, "params": {"x0": 0.8956114340713912, "x1": 3.4263685622695745, "x2": 1.8060927073724673, "x3": 7.646741371052147, "x4": 2.964601930452852, "x5": 18.23704312288863, "x6": 12.215399318289263, "x7": 17.50796936307073, "x8": 1.6374755399679055, "x9": 2.726760594632959}, "datetime": {"datetime": "2025-05-12 18:09:44", "elapsed": 1689.824273, "delta": 11.203708}}
{"target": 1.0370955433540803e-05, "params": {"x0": 0.8956105375315612, "x1": 3.4263718454782506, "x2": 1.8060720490981912, "x3": 7.646734282114876, "x4": 2.964640285729369, "x5": 18.23702867532992, "x6": 12.215326085002248, "x7": 17.50797088869438, "x8": 1.63747586388005, "x9": 2.72675993653882}, "datetime": {"datetime": "2025-05-12 18:09:55", "elapsed": 1700.870321, "delta": 11.046048}}
{"target": 1.0370955433540803e-05, "params": {"x0": 0.895611145698673, "x1": 3.426373562003916, "x2": 1.8061083377436047, "x3": 7.646744668551799, "x4": 2.964621531357487, "x5": 18.23705183383355, "x6": 12.215312508800277, "x7": 17.507983032357277, "x8": 1.6374759127825027, "x9": 2.7267600937145615}, "datetime": {"datetime": "2025-05-12 18:10:06", "elapsed": 1712.120281, "delta": 11.24996}}
{"target": 1.0370955433540803e-05, "params": {"x0": 0.8956107678005567, "x1": 3.426389720140182, "x2": 1.806101976547628, "x3": 7.646738629456464, "x4": 2.964632378171357, "x5": 18.23703233052799, "x6": 12.215388204987006, "x7": 17.507980159748872, "x8": 1.6374763760699955, "x9": 2.7267616222303874}, "datetime": {"datetime": "2025-05-12 18:10:17", "elapsed": 1723.24422, "delta": 11.123939}}
{"target": 1.0370955433540803e-05, "params": {"x0": 0.8956102182608793, "x1": 3.426375282878062, "x2": 1.8060982874686131, "x3": 7.646750456191221, "x4": 2.9646238443511184, "x5": 18.237035933401415, "x6": 12.21534210261034, "x7": 17.5079824346372, "x8": 1.6374763699171673, "x9": 2.726761363443177}, "datetime": {"datetime": "2025-05-12 18:10:28", "elapsed": 1734.18067, "delta": 10.93645}}
{"target": 1.0370955433540803e-05, "params": {"x0": 0.895611042011258, "x1": 3.42638623402758, "x2": 1.8061014080232345, "x3": 7.646757877870166, "x4": 2.9646107179037853, "x5": 18.23703850645512, "x6": 12.21536196681773, "x7": 17.50798306784822, "x8": 1.637476673925848, "x9": 2.7267602088915015}, "datetime": {"datetime": "2025-05-12 18:10:39", "elapsed": 1745.089368, "delta": 10.908698}}
