{"target": 1.0370955433540803e-05, "params": {"x0": 0.8956102923317998, "x1": 3.4263963419774512, "x2": 1.806088378321939, "x3": 7.6467645107964, "x4": 2.964621167168315, "x5": 18.23706194437456, "x6": 12.215356474252925, "x7": 17.508004456322467, "x8": 1.6374789419779923, "x9": 2.726757910395502}, "datetime": {"datetime": "2025-05-12 18:31:53", "elapsed": 3018.810172, "delta": 11.701227}}
{"target": 1.0370955433540803e-05, "params": {"x0": 0.8956102923327417, "x1": 3.426396341828051, "x2": 1.8060883781766417, "x3": 7.64676451080909, "x4": 2.96462116719293, "x5": 18.237061944296656, "x6": 12.215356474164423, "x7": 17.50800445637805, "x8": 1.6374789419833815, "x9": 2.726757910390354}, "datetime": {"datetime": "2025-05-12 18:32:05", "elapsed": 3030.941597, "delta": 12.131425}}
{"target": 1.0370955433540803e-05, "params": {"x0": 0.8956102923260485, "x1": 3.42639634181752, "x2": 1.8060883783446149, "x3": 7.646764510884341, "x4": 2.9646211672100984, "x5": 18.237061944257707, "x6": 12.215356474210722, "x7": 17.508004456344054, "x8": 1.6374789419813058, "x9": 2.7267579104009565}, "datetime": {"datetime": "2025-05-12 18:32:17", "elapsed": 3042.783834, "delta": 11.842237}}
{"target": 1.0370955433540803e-05, "params": {"x0": 0.8956102923280903, "x1": 3.4263963418564662, "x2": 1.8060883783513157, "x3": 7.646764510844286, "x4": 2.9646211671916722, "x5": 18.237061944350252, "x6": 12.215356474229388, "x7": 17.508004456359618, "x8": 1.637478941983329, "x9": 2.7267579103992565}, "datetime": {"datetime": "2025-05-12 18:32:29", "elapsed": 3054.844345, "delta": 12.060511}}
{"target": 1.0370955433540803e-05, "params": {"x0": 0.8956102923318783, "x1": 3.42639634183054, "x2": 1.806088378236309, "x3": 7.646764510871314, "x4": 2.9646211671204314, "x5": 18.237061944493686, "x6": 12.215356474390134, "x7": 17.50800445639822, "x8": 1.6374789419829638, "x9": 2.7267579103983444}, "datetime": {"datetime": "2025-05-12 18:32:41", "elapsed": 3066.820579, "delta": 11.976234}}
{"target": 1.0370955433540803e-05, "params": {"x0": 0.8956102923326592, "x1": 3.4263963418803938, "x2": 1.8060883782083272, "x3": 7.646764510860095, "x4": 2.9646211671538634, "x5": 18.237061944402914, "x6": 12.215356474347976, "x7": 17.508004456393675, "x8": 1.6374789419818891, "x9": 2.7267579103868815}, "datetime": {"datetime": "2025-05-12 18:32:53", "elapsed": 3078.742519, "delta": 11.92194}}
{"target": 1.0370955433540803e-05, "params": {"x0": 0.8956102923320239, "x1": 3.4263963418859666, "x2": 1.8060883781862367, "x3": 7.64676451091078, "x4": 2.9646211671857987, "x5": 18.23706194445486, "x6": 12.215356474264176, "x7": 17.508004456530465, "x8": 1.6374789419831504, "x9": 2.7267579103837227}, "datetime": {"datetime": "2025-05-12 18:33:04", "elapsed": 3090.541342, "delta": 11.798823}}
{"target": 1.0370955433540803e-05, "params": {"x0": 0.8956102923295911, "x1": 3.4263963418488483, "x2": 1.8060883782922528, "x3": 7.646764510876068, "x4": 2.964621167170166, "x5": 18.23706194432617, "x6": 12.215356474305535, "x7": 17.508004456430314, "x8": 1.6374789419841667, "x9": 2.7267579103947286}, "datetime": {"datetime": "2025-05-12 18:33:16", "elapsed": 3102.398134, "delta": 11.856792}}
{"target": 1.0370955433540803e-05, "params": {"x0": 0.8956102923311836, "x1": 3.4263963418549768, "x2": 1.8060883782770283, "x3": 7.646764510880333, "x4": 2.9646211671481346, "x5": 18.23706194447719, "x6": 12.215356474308894, "x7": 17.508004456456597, "x8": 1.637478941987412, "x9": 2.7267579103717496}, "datetime": {"datetime": "2025-05-12 18:33:28", "elapsed": 3114.248919, "delta": 11.850785}}
{"target": 1.0370955433540803e-05, "params": {"x0": 0.8956102923303905, "x1": 3.426396341884357, "x2": 1.8060883782669597, "x3": 7.646764510897959, "x4": 2.9646211671602716, "x5": 18.237061944482072, "x6": 12.215356474285532, "x7": 17.508004456440236, "x8": 1.6374789419861915, "x9": 2.72675791038519}, "datetime": {"datetime": "2025-05-12 18:33:40", "elapsed": 3126.044853, "delta": 11.795934}}
{"target": 1.0370955433540803e-05, "params": {"x0": 0.8956102923303925, "x1": 3.4263963419209, "x2": 1.8060883782660992, "x3": 7.646764510919403, "x4": 2.964621167162483, "x5": 18.237061944357848, "x6": 12.215356474380423, "x7": 17.50800445649561, "x8": 1.6374789419896454, "x9": 2.7267579103907535}, "datetime": {"datetime": "2025-05-12 18:33:52", "elapsed": 3138.118104, "delta": 12.073251}}
{"target": 1.0370955433540803e-05, "params": {"x0": 0.8956102923309389, "x1": 3.4263963418788705, "x2": 1.8060883782422659, "x3": 7.6467645109031706, "x4": 2.9646211671584637, "x5": 18.23706194444418, "x6": 12.215356474434106, "x7": 17.5080044564789, "x8": 1.6374789419874933, "x9": 2.726757910381274}, "datetime": {"datetime": "2025-05-12 18:34:04", "elapsed": 3150.393425, "delta": 12.275321}}
{"target": 1.0370955433540803e-05, "params": {"x0": 0.8956102923301944, "x1": 3.426396341874911, "x2": 1.8060883782396304, "x3": 7.646764510908327, "x4": 2.9646211671120777, "x5": 18.237061944400327, "x6": 12.215356474361622, "x7": 17.50800445645834, "x8": 1.6374789419885865, "x9": 2.72675791038721}, "datetime": {"datetime": "2025-05-12 18:34:16", "elapsed": 3162.601702, "delta": 12.208277}}
{"target": 1.0370955433540803e-05, "params": {"x0": 0.8956102923297073, "x1": 3.4263963418753844, "x2": 1.8060883782402282, "x3": 7.646764510959818, "x4": 2.9646211671316274, "x5": 18.23706194437181, "x6": 12.215356474413428, "x7": 17.508004456454728, "x8": 1.6374789419892701, "x9": 2.7267579103888395}, "datetime": {"datetime": "2025-05-12 18:34:28", "elapsed": 3174.463252, "delta": 11.86155}}
{"target": 1.0370955433540803e-05, "params": {"x0": 0.8956102923302711, "x1": 3.426396341889779, "x2": 1.80608837822921, "x3": 7.646764510919192, "x4": 2.9646211671230995, "x5": 18.237061944445838, "x6": 12.215356474457002, "x7": 17.508004456501155, "x8": 1.6374789419892304, "x9": 2.726757910385735}, "datetime": {"datetime": "2025-05-12 18:34:40", "elapsed": 3186.143312, "delta": 11.68006}}
{"target": 1.0370955433540803e-05, "params": {"x0": 0.8956102923303264, "x1": 3.4263963418936454, "x2": 1.8060883782834243, "x3": 7.646764510926023, "x4": 2.96462116714403, "x5": 18.237061944384145, "x6": 12.215356474363084, "x7": 17.508004456472033, "x8": 1.6374789419898104, "x9": 2.726757910387273}, "datetime": {"datetime": "2025-05-12 18:34:52", "elapsed": 3198.03194, "delta": 11.888628}}
{"target": 1.0370955433540803e-05, "params": {"x0": 0.8956102923301019, "x1": 3.426396341893509, "x2": 1.8060883782850021, "x3": 7.6467645109319085, "x4": 2.964621167155124, "x5": 18.237061944444484, "x6": 12.215356474403103, "x7": 17.508004456481448, "x8": 1.637478941992206, "x9": 2.726757910383857}, "datetime": {"datetime": "2025-05-12 18:35:04", "elapsed": 3210.428726, "delta": 12.396786}}
{"target": 1.0370955433540803e-05, "params": {"x0": 0.8956102923296773, "x1": 3.426396341924707, "x2": 1.8060883782727608, "x3": 7.646764510935383, "x4": 2.9646211671493905, "x5": 18.237061944404502, "x6": 12.21535647436643, "x7": 17.508004456459812, "x8": 1.6374789419943983, "x9": 2.726757910385786}, "datetime": {"datetime": "2025-05-12 18:35:17", "elapsed": 3223.27037, "delta": 12.841644}}
{"target": 1.0370955433540803e-05, "params": {"x0": 0.8956102923288896, "x1": 3.4263963419180534, "x2": 1.8060883782425998, "x3": 7.646764510949463, "x4": 2.964621167150608, "x5": 18.23706194441312, "x6": 12.215356474395026, "x7": 17.50800445650132, "x8": 1.6374789419904048, "x9": 2.726757910383103}, "datetime": {"datetime": "2025-05-12 18:35:29", "elapsed": 3235.373396, "delta": 12.103026}}
{"target": 1.0370955433540803e-05, "params": {"x0": 0.8956102923287684, "x1": 3.4263963419063868, "x2": 1.8060883782643402, "x3": 7.64676451094007, "x4": 2.9646211671441587, "x5": 18.237061944444736, "x6": 12.215356474423963, "x7": 17.508004456484986, "x8": 1.6374789419914046, "x9": 2.7267579103854636}, "datetime": {"datetime": "2025-05-12 18:35:41", "elapsed": 3247.119774, "delta": 11.746378}}
{"target": 1.0370955433540803e-05, "params": {"x0": 0.8956102923286721, "x1": 3.42639634192169, "x2": 1.8060883782415909, "x3": 7.646764510942948, "x4": 2.9646211671246525, "x5": 18.23706194441632, "x6": 12.215356474377435, "x7": 17.508004456491175, "x8": 1.6374789419908544, "x9": 2.726757910384621}, "datetime": {"datetime": "2025-05-12 18:35:53", "elapsed": 3259.444028, "delta": 12.324254}}
{"target": 1.0370955433540803e-05, "params": {"x0": 0.8956102923296845, "x1": 3.4263963419200643, "x2": 1.8060883782728605, "x3": 7.6467645109458395, "x4": 2.9646211671283313, "x5": 18.237061944429065, "x6": 12.215356474389806, "x7": 17.50800445647933, "x8": 1.6374789419917222, "x9": 2.726757910383319}, "datetime": {"datetime": "2025-05-12 18:36:05", "elapsed": 3271.608489, "delta": 12.164461}}
{"target": 1.0370955433540803e-05, "params": {"x0": 0.8956102923291457, "x1": 3.42639634191727, "x2": 1.8060883782675385, "x3": 7.646764510951611, "x4": 2.964621167144964, "x5": 18.23706194442176, "x6": 12.215356474397296, "x7": 17.508004456494753, "x8": 1.6374789419913673, "x9": 2.7267579103830744}, "datetime": {"datetime": "2025-05-12 18:36:17", "elapsed": 3283.513224, "delta": 11.904735}}
{"target": 1.0370955433540803e-05, "params": {"x0": 0.8956102923295484, "x1": 3.426396341901981, "x2": 1.8060883782663633, "x3": 7.646764510944338, "x4": 2.964621167141232, "x5": 18.237061944419885, "x6": 12.215356474373745, "x7": 17.508004456486233, "x8": 1.6374789419917393, "x9": 2.72675791038329}, "datetime": {"datetime": "2025-05-12 18:36:30", "elapsed": 3295.95039, "delta": 12.437166}}
{"target": 1.0370955433540803e-05, "params": {"x0": 0.8956102923294338, "x1": 3.4263963419040375, "x2": 1.8060883782663733, "x3": 7.646764510955992, "x4": 2.9646211671303715, "x5": 18.237061944426536, "x6": 12.215356474396808, "x7": 17.508004456493488, "x8": 1.6374789419928604, "x9": 2.7267579103835553}, "datetime": {"datetime": "2025-05-12 18:36:41", "elapsed": 3307.662345, "delta": 11.711955}}
{"target": 1.0370955433540803e-05, "params": {"x0": 0.8956102923287569, "x1": 3.42639634192332, "x2": 1.806088378268018, "x3": 7.6467645109583575, "x4": 2.9646211671335556, "x5": 18.237061944451103, "x6": 12.215356474404748, "x7": 17.50800445648013, "x8": 1.6374789419939066, "x9": 2.7267579103825628}, "datetime": {"datetime": "2025-05-12 18:36:53", "elapsed": 3319.431956, "delta": 11.769611}}
{"target": 1.0370955433540803e-05, "params": {"x0": 0.8956102923291619, "x1": 3.4263963419148546, "x2": 1.8060883782646693, "x3": 7.646764510955199, "x4": 2.9646211671349985, "x5": 18.23706194444617, "x6": 12.215356474402045, "x7": 17.50800445650253, "x8": 1.6374789419918336, "x9": 2.726757910380548}, "datetime": {"datetime": "2025-05-12 18:37:06", "elapsed": 3332.074446, "delta": 12.64249}}
{"target": 1.0370955433540803e-05, "params": {"x0": 0.8956102923288886, "x1": 3.426396341922257, "x2": 1.8060883782573067, "x3": 7.6467645109554025, "x4": 2.9646211671323903, "x5": 18.237061944434647, "x6": 12.215356474379268, "x7": 17.50800445649319, "x8": 1.6374789419929565, "x9": 2.7267579103828825}, "datetime": {"datetime": "2025-05-12 18:37:18", "elapsed": 3344.18511, "delta": 12.110664}}
{"target": 1.0370955433540803e-05, "params": {"x0": 0.8956102923288899, "x1": 3.4263963419201584, "x2": 1.8060883782534407, "x3": 7.6467645109609546, "x4": 2.9646211671390246, "x5": 18.23706194443566, "x6": 12.21535647437945, "x7": 17.508004456484457, "x8": 1.6374789419929279, "x9": 2.726757910383476}, "datetime": {"datetime": "2025-05-12 18:37:31", "elapsed": 3356.732823, "delta": 12.547713}}
{"target": 1.0370955433540803e-05, "params": {"x0": 0.8956102923289224, "x1": 3.4263963419091668, "x2": 1.8060883782554071, "x3": 7.646764510951131, "x4": 2.9646211671379894, "x5": 18.237061944427168, "x6": 12.215356474404526, "x7": 17.50800445649069, "x8": 1.637478941993232, "x9": 2.7267579103814352}, "datetime": {"datetime": "2025-05-12 18:37:43", "elapsed": 3369.032008, "delta": 12.299185}}
{"target": 1.0370955433540803e-05, "params": {"x0": 0.8956102923290695, "x1": 3.4263963419203756, "x2": 1.8060883782535868, "x3": 7.646764510948878, "x4": 2.9646211671365044, "x5": 18.237061944439805, "x6": 12.215356474395522, "x7": 17.50800445648977, "x8": 1.6374789419921132, "x9": 2.726757910382622}, "datetime": {"datetime": "2025-05-12 18:37:55", "elapsed": 3381.092834, "delta": 12.060826}}
{"target": 1.0370955433540803e-05, "params": {"x0": 0.8956102923293746, "x1": 3.4263963419184242, "x2": 1.80608837825946, "x3": 7.646764510956937, "x4": 2.964621167131991, "x5": 18.23706194442847, "x6": 12.215356474390624, "x7": 17.50800445648916, "x8": 1.6374789419930857, "x9": 2.7267579103826587}, "datetime": {"datetime": "2025-05-12 18:38:07", "elapsed": 3393.628166, "delta": 12.535332}}
{"target": 1.0370955433540803e-05, "params": {"x0": 0.8956102923293527, "x1": 3.4263963419143133, "x2": 1.8060883782541928, "x3": 7.646764510954016, "x4": 2.9646211671370737, "x5": 18.237061944430735, "x6": 12.215356474387795, "x7": 17.508004456496323, "x8": 1.6374789419922922, "x9": 2.726757910382321}, "datetime": {"datetime": "2025-05-12 18:38:19", "elapsed": 3405.583301, "delta": 11.955135}}
{"target": 1.0370955433540803e-05, "params": {"x0": 0.895610292329276, "x1": 3.4263963419121524, "x2": 1.806088378257617, "x3": 7.64676451095781, "x4": 2.964621167138954, "x5": 18.237061944431446, "x6": 12.21535647439589, "x7": 17.508004456485555, "x8": 1.6374789419933689, "x9": 2.726757910382389}, "datetime": {"datetime": "2025-05-12 18:38:32", "elapsed": 3418.043683, "delta": 12.460382}}
{"target": 1.0370955433540803e-05, "params": {"x0": 0.8956102923290413, "x1": 3.4263963419115093, "x2": 1.8060883782547048, "x3": 7.646764510959721, "x4": 2.964621167134476, "x5": 18.2370619444406, "x6": 12.215356474399098, "x7": 17.508004456487864, "x8": 1.63747894199233, "x9": 2.7267579103827253}, "datetime": {"datetime": "2025-05-12 18:38:44", "elapsed": 3429.796489, "delta": 11.752806}}
{"target": 1.0370955433540803e-05, "params": {"x0": 0.8956102923290699, "x1": 3.4263963419155963, "x2": 1.8060883782546997, "x3": 7.646764510959908, "x4": 2.964621167133465, "x5": 18.23706194444165, "x6": 12.215356474400393, "x7": 17.50800445649479, "x8": 1.6374789419928932, "x9": 2.7267579103819446}, "datetime": {"datetime": "2025-05-12 18:38:56", "elapsed": 3441.867183, "delta": 12.070694}}
{"target": 1.0370955433540803e-05, "params": {"x0": 0.8956102923290856, "x1": 3.4263963419144967, "x2": 1.8060883782547428, "x3": 7.646764510952153, "x4": 2.9646211671357676, "x5": 18.237061944438636, "x6": 12.215356474398591, "x7": 17.508004456492056, "x8": 1.6374789419929776, "x9": 2.726757910382224}, "datetime": {"datetime": "2025-05-12 18:39:08", "elapsed": 3454.6587, "delta": 12.791517}}
{"target": 1.0370955433540803e-05, "params": {"x0": 0.8956102923291336, "x1": 3.426396341914223, "x2": 1.8060883782577704, "x3": 7.646764510952932, "x4": 2.96462116713556, "x5": 18.23706194443992, "x6": 12.215356474397362, "x7": 17.50800445648821, "x8": 1.637478941992611, "x9": 2.72675791038244}, "datetime": {"datetime": "2025-05-12 18:39:20", "elapsed": 3466.30588, "delta": 11.64718}}
{"target": 1.0370955433540803e-05, "params": {"x0": 0.8956102923292566, "x1": 3.4263963419168797, "x2": 1.8060883782578447, "x3": 7.646764510957929, "x4": 2.9646211671365696, "x5": 18.237061944433798, "x6": 12.215356474395852, "x7": 17.508004456487964, "x8": 1.637478941992853, "x9": 2.726757910382111}, "datetime": {"datetime": "2025-05-12 18:39:32", "elapsed": 3478.065519, "delta": 11.759639}}
{"target": 1.0370955433540803e-05, "params": {"x0": 0.8956102923291448, "x1": 3.4263963419154484, "x2": 1.8060883782559591, "x3": 7.646764510956926, "x4": 2.964621167136206, "x5": 18.237061944438235, "x6": 12.215356474391616, "x7": 17.508004456490482, "x8": 1.6374789419927034, "x9": 2.7267579103817803}, "datetime": {"datetime": "2025-05-12 18:39:45", "elapsed": 3491.074455, "delta": 13.008936}}
{"target": 1.0370955433540803e-05, "params": {"x0": 0.8956102923292557, "x1": 3.426396341913694, "x2": 1.806088378256646, "x3": 7.646764510953367, "x4": 2.964621167136702, "x5": 18.23706194443799, "x6": 12.215356474393653, "x7": 17.50800445649094, "x8": 1.6374789419929843, "x9": 2.726757910382164}, "datetime": {"datetime": "2025-05-12 18:39:58", "elapsed": 3503.780791, "delta": 12.706336}}
{"target": 1.0370955433540803e-05, "params": {"x0": 0.8956102923292217, "x1": 3.426396341914469, "x2": 1.806088378257512, "x3": 7.646764510956669, "x4": 2.9646211671351845, "x5": 18.237061944436455, "x6": 12.21535647439425, "x7": 17.50800445649158, "x8": 1.637478941992599, "x9": 2.726757910382197}, "datetime": {"datetime": "2025-05-12 18:40:10", "elapsed": 3516.21958, "delta": 12.438789}}
{"target": 1.0370955433540803e-05, "params": {"x0": 0.8956102923291397, "x1": 3.42639634191318, "x2": 1.8060883782581683, "x3": 7.646764510957763, "x4": 2.964621167136107, "x5": 18.23706194443566, "x6": 12.215356474396115, "x7": 17.508004456492227, "x8": 1.6374789419929285, "x9": 2.7267579103822372}, "datetime": {"datetime": "2025-05-12 18:40:23", "elapsed": 3529.214907, "delta": 12.995327}}
{"target": 1.0370955433540803e-05, "params": {"x0": 0.895610292329143, "x1": 3.426396341914785, "x2": 1.806088378256778, "x3": 7.646764510955809, "x4": 2.9646211671359506, "x5": 18.237061944435805, "x6": 12.21535647439684, "x7": 17.508004456490564, "x8": 1.6374789419928617, "x9": 2.7267579103822435}, "datetime": {"datetime": "2025-05-12 18:40:36", "elapsed": 3542.24038, "delta": 13.025473}}
{"target": 1.0370955433540803e-05, "params": {"x0": 0.8956102923291597, "x1": 3.4263963419134726, "x2": 1.8060883782567125, "x3": 7.646764510954669, "x4": 2.964621167136727, "x5": 18.23706194443686, "x6": 12.215356474395934, "x7": 17.50800445649159, "x8": 1.637478941992868, "x9": 2.726757910381969}, "datetime": {"datetime": "2025-05-12 18:40:49", "elapsed": 3555.284618, "delta": 13.044238}}
{"target": 1.0370955433540803e-05, "params": {"x0": 0.8956102923291628, "x1": 3.426396341915545, "x2": 1.8060883782574657, "x3": 7.646764510955919, "x4": 2.964621167135431, "x5": 18.237061944437837, "x6": 12.215356474392614, "x7": 17.50800445649045, "x8": 1.6374789419927078, "x9": 2.7267579103820294}, "datetime": {"datetime": "2025-05-12 18:41:02", "elapsed": 3567.836074, "delta": 12.551456}}
{"target": 1.0370955433540803e-05, "params": {"x0": 0.895610292329189, "x1": 3.426396341914572, "x2": 1.8060883782576822, "x3": 7.646764510956927, "x4": 2.9646211671362397, "x5": 18.237061944436114, "x6": 12.215356474394685, "x7": 17.50800445648991, "x8": 1.637478941992781, "x9": 2.7267579103820503}, "datetime": {"datetime": "2025-05-12 18:41:14", "elapsed": 3579.924627, "delta": 12.088553}}
{"target": 1.0370955433540803e-05, "params": {"x0": 0.8956102923291814, "x1": 3.4263963419145047, "x2": 1.8060883782571755, "x3": 7.646764510955586, "x4": 2.964621167136599, "x5": 18.237061944436473, "x6": 12.21535647439467, "x7": 17.50800445648968, "x8": 1.63747894199287, "x9": 2.7267579103820516}, "datetime": {"datetime": "2025-05-12 18:41:28", "elapsed": 3594.10845, "delta": 14.183823}}
{"target": 1.0370955433540803e-05, "params": {"x0": 0.8956102923291352, "x1": 3.426396341914672, "x2": 1.8060883782583874, "x3": 7.646764510954793, "x4": 2.9646211671356335, "x5": 18.237061944435638, "x6": 12.21535647439251, "x7": 17.508004456490625, "x8": 1.637478941992749, "x9": 2.7267579103820707}, "datetime": {"datetime": "2025-05-12 18:41:41", "elapsed": 3607.094089, "delta": 12.985639}}
{"target": 1.0370955433540803e-05, "params": {"x0": 0.8956102923292046, "x1": 3.426396341914492, "x2": 1.8060883782581765, "x3": 7.646764510956024, "x4": 2.96462116713598, "x5": 18.237061944436018, "x6": 12.215356474392712, "x7": 17.508004456489918, "x8": 1.637478941992848, "x9": 2.7267579103821036}, "datetime": {"datetime": "2025-05-12 18:41:54", "elapsed": 3620.085024, "delta": 12.990935}}
{"target": 1.0370955433540803e-05, "params": {"x0": 0.8956102923291516, "x1": 3.426396341915416, "x2": 1.8060883782580262, "x3": 7.64676451095663, "x4": 2.964621167136079, "x5": 18.23706194443656, "x6": 12.215356474394175, "x7": 17.508004456489957, "x8": 1.6374789419927975, "x9": 2.7267579103821618}, "datetime": {"datetime": "2025-05-12 18:42:07", "elapsed": 3632.933117, "delta": 12.848093}}
{"target": 1.0370955433540803e-05, "params": {"x0": 0.8956102923291657, "x1": 3.426396341915448, "x2": 1.8060883782577575, "x3": 7.646764510955522, "x4": 2.9646211671363414, "x5": 18.237061944437094, "x6": 12.215356474392705, "x7": 17.50800445648986, "x8": 1.6374789419927223, "x9": 2.7267579103820143}, "datetime": {"datetime": "2025-05-12 18:42:19", "elapsed": 3645.315794, "delta": 12.382677}}
{"target": 1.0370955433540803e-05, "params": {"x0": 0.8956102923291767, "x1": 3.4263963419143044, "x2": 1.8060883782579824, "x3": 7.646764510955329, "x4": 2.964621167135512, "x5": 18.237061944434995, "x6": 12.215356474393113, "x7": 17.50800445649042, "x8": 1.6374789419927493, "x9": 2.7267579103821427}, "datetime": {"datetime": "2025-05-12 18:42:33", "elapsed": 3659.425213, "delta": 14.109419}}
{"target": 1.0370955433540803e-05, "params": {"x0": 0.8956102923291616, "x1": 3.4263963419147103, "x2": 1.8060883782581205, "x3": 7.646764510955479, "x4": 2.9646211671361153, "x5": 18.237061944435155, "x6": 12.215356474393296, "x7": 17.508004456490017, "x8": 1.6374789419928466, "x9": 2.7267579103820445}, "datetime": {"datetime": "2025-05-12 18:42:47", "elapsed": 3673.165285, "delta": 13.740072}}
{"target": 1.0370955433540803e-05, "params": {"x0": 0.8956102923291747, "x1": 3.426396341914661, "x2": 1.8060883782583153, "x3": 7.646764510955973, "x4": 2.964621167135824, "x5": 18.237061944435766, "x6": 12.21535647439469, "x7": 17.508004456490323, "x8": 1.637478941992763, "x9": 2.7267579103822004}, "datetime": {"datetime": "2025-05-12 18:43:00", "elapsed": 3686.12804, "delta": 12.962755}}
