{"target": 0.0010379280414780584, "params": {"x0": 0.8328441537014386, "x1": 4.926649533275476, "x2": 7.105744459812681, "x3": 3.1853791438570878, "x4": 0.2701420433935188, "x5": 11.202536644152014, "x6": 13.188473372661512, "x7": 10.91962066042544, "x8": 1.5963800227730156, "x9": 1.9454850442037623}, "datetime": {"datetime": "2025-05-09 20:58:00", "elapsed": 3062.512971, "delta": 12.139699}}
{"target": 0.0010379280414780584, "params": {"x0": 0.832844153701632, "x1": 4.926649533294745, "x2": 7.10574445979074, "x3": 3.1853791437913253, "x4": 0.27014204338365266, "x5": 11.202536644458615, "x6": 13.188473372893425, "x7": 10.919620660459886, "x8": 1.5963800227444582, "x9": 1.9454850442015066}, "datetime": {"datetime": "2025-05-09 20:58:13", "elapsed": 3074.710413, "delta": 12.197442}}
{"target": 0.0010379280414780584, "params": {"x0": 0.8328441536990188, "x1": 4.926649533285575, "x2": 7.105744459793043, "x3": 3.185379143881409, "x4": 0.270142043370799, "x5": 11.20253664428399, "x6": 13.18847337280888, "x7": 10.919620660539591, "x8": 1.59638002273565, "x9": 1.9454850441980256}, "datetime": {"datetime": "2025-05-09 20:58:25", "elapsed": 3086.757683, "delta": 12.04727}}
{"target": 0.0010379280414780584, "params": {"x0": 0.8328441537000546, "x1": 4.926649533302844, "x2": 7.105744459791747, "x3": 3.1853791438721744, "x4": 0.2701420433528072, "x5": 11.20253664422593, "x6": 13.18847337272492, "x7": 10.919620660554665, "x8": 1.596380022760472, "x9": 1.945485044197225}, "datetime": {"datetime": "2025-05-09 20:58:37", "elapsed": 3099.361567, "delta": 12.603884}}
{"target": 0.0010379280414780584, "params": {"x0": 0.8328441536979257, "x1": 4.926649533304537, "x2": 7.105744459775421, "x3": 3.185379143811196, "x4": 0.27014204335618325, "x5": 11.202536644188989, "x6": 13.188473372817036, "x7": 10.919620660420504, "x8": 1.5963800227559801, "x9": 1.9454850441924973}, "datetime": {"datetime": "2025-05-09 20:58:50", "elapsed": 3111.631409, "delta": 12.269842}}
{"target": 0.0010379280414780584, "params": {"x0": 0.8328441536985365, "x1": 4.926649533328531, "x2": 7.105744459778711, "x3": 3.1853791438150885, "x4": 0.27014204335303643, "x5": 11.20253664435971, "x6": 13.188473372766964, "x7": 10.919620660425357, "x8": 1.5963800227516802, "x9": 1.9454850441930414}, "datetime": {"datetime": "2025-05-09 20:59:02", "elapsed": 3123.672794, "delta": 12.041385}}
{"target": 0.0010379280414780584, "params": {"x0": 0.8328441537002256, "x1": 4.926649533312206, "x2": 7.105744459755988, "x3": 3.1853791438465486, "x4": 0.2701420433434503, "x5": 11.202536644334936, "x6": 13.188473372815883, "x7": 10.9196206605039, "x8": 1.5963800227534688, "x9": 1.9454850441949132}, "datetime": {"datetime": "2025-05-09 20:59:14", "elapsed": 3136.121117, "delta": 12.448323}}
{"target": 0.0010379280414780584, "params": {"x0": 0.8328441536991635, "x1": 4.926649533314661, "x2": 7.105744459765269, "x3": 3.185379143836949, "x4": 0.27014204334210606, "x5": 11.20253664440425, "x6": 13.188473372735439, "x7": 10.919620660471399, "x8": 1.596380022744091, "x9": 1.9454850441924185}, "datetime": {"datetime": "2025-05-09 20:59:26", "elapsed": 3148.554337, "delta": 12.43322}}
{"target": 0.0010379280414780584, "params": {"x0": 0.8328441536991991, "x1": 4.92664953332935, "x2": 7.105744459761362, "x3": 3.185379143877051, "x4": 0.2701420433424043, "x5": 11.202536644344104, "x6": 13.188473372773156, "x7": 10.919620660352543, "x8": 1.59638002275043, "x9": 1.9454850441919185}, "datetime": {"datetime": "2025-05-09 20:59:38", "elapsed": 3160.559186, "delta": 12.004849}}
{"target": 0.0010379280414780584, "params": {"x0": 0.8328441536981258, "x1": 4.926649533325799, "x2": 7.10574445975688, "x3": 3.1853791438573498, "x4": 0.2701420433330175, "x5": 11.202536644300276, "x6": 13.188473372852412, "x7": 10.919620660426961, "x8": 1.5963800227561966, "x9": 1.9454850441908302}, "datetime": {"datetime": "2025-05-09 20:59:51", "elapsed": 3172.586264, "delta": 12.027078}}
{"target": 0.0010379280414780584, "params": {"x0": 0.8328441536998279, "x1": 4.926649533328396, "x2": 7.105744459749023, "x3": 3.1853791438636607, "x4": 0.27014204333514186, "x5": 11.202536644260517, "x6": 13.18847337286457, "x7": 10.919620660429773, "x8": 1.596380022757027, "x9": 1.9454850441909655}, "datetime": {"datetime": "2025-05-09 21:00:03", "elapsed": 3184.711249, "delta": 12.124985}}
{"target": 0.0010379280414780584, "params": {"x0": 0.8328441536997154, "x1": 4.926649533336903, "x2": 7.105744459745848, "x3": 3.185379143879524, "x4": 0.2701420433315442, "x5": 11.202536644336782, "x6": 13.188473372812984, "x7": 10.919620660370148, "x8": 1.596380022747823, "x9": 1.9454850441903981}, "datetime": {"datetime": "2025-05-09 21:00:15", "elapsed": 3196.857218, "delta": 12.145969}}
{"target": 0.0010379280414780584, "params": {"x0": 0.8328441536988159, "x1": 4.926649533356501, "x2": 7.105744459753744, "x3": 3.1853791438693677, "x4": 0.27014204332952435, "x5": 11.202536644295375, "x6": 13.188473372795944, "x7": 10.919620660399085, "x8": 1.5963800227518268, "x9": 1.9454850441900449}, "datetime": {"datetime": "2025-05-09 21:00:27", "elapsed": 3209.149616, "delta": 12.292398}}
{"target": 0.0010379280414780584, "params": {"x0": 0.8328441536992828, "x1": 4.926649533335873, "x2": 7.105744459748453, "x3": 3.185379143866417, "x4": 0.2701420433247452, "x5": 11.202536644343876, "x6": 13.188473372920376, "x7": 10.919620660409832, "x8": 1.5963800227563807, "x9": 1.9454850441893476}, "datetime": {"datetime": "2025-05-09 21:00:39", "elapsed": 3220.899099, "delta": 11.749483}}
{"target": 0.0010379280414780584, "params": {"x0": 0.8328441536990329, "x1": 4.926649533342983, "x2": 7.105744459723587, "x3": 3.1853791438640497, "x4": 0.2701420433234675, "x5": 11.202536644296439, "x6": 13.188473372829572, "x7": 10.919620660373255, "x8": 1.5963800227500033, "x9": 1.9454850441882687}, "datetime": {"datetime": "2025-05-09 21:00:51", "elapsed": 3233.21073, "delta": 12.311631}}
{"target": 0.0010379280414780584, "params": {"x0": 0.8328441536985727, "x1": 4.926649533345052, "x2": 7.1057444597464, "x3": 3.185379143871202, "x4": 0.27014204332153086, "x5": 11.202536644290285, "x6": 13.18847337281278, "x7": 10.91962066036796, "x8": 1.5963800227551757, "x9": 1.9454850441862794}, "datetime": {"datetime": "2025-05-09 21:01:03", "elapsed": 3245.485176, "delta": 12.274446}}
{"target": 0.0010379280414780584, "params": {"x0": 0.8328441536980951, "x1": 4.926649533342732, "x2": 7.105744459742117, "x3": 3.185379143869969, "x4": 0.27014204331710867, "x5": 11.202536644289017, "x6": 13.18847337289474, "x7": 10.919620660383922, "x8": 1.5963800227510931, "x9": 1.9454850441879576}, "datetime": {"datetime": "2025-05-09 21:01:16", "elapsed": 3257.931635, "delta": 12.446459}}
{"target": 0.0010379280414780584, "params": {"x0": 0.8328441536988492, "x1": 4.926649533351044, "x2": 7.105744459742077, "x3": 3.185379143892492, "x4": 0.27014204331815983, "x5": 11.202536644357775, "x6": 13.188473372825417, "x7": 10.919620660349533, "x8": 1.596380022755426, "x9": 1.9454850441853146}, "datetime": {"datetime": "2025-05-09 21:01:29", "elapsed": 3270.859647, "delta": 12.928012}}
{"target": 0.0010379280414780584, "params": {"x0": 0.8328441536982414, "x1": 4.926649533347304, "x2": 7.105744459739933, "x3": 3.1853791438869594, "x4": 0.2701420433153255, "x5": 11.202536644296433, "x6": 13.188473372822441, "x7": 10.91962066035034, "x8": 1.5963800227530096, "x9": 1.945485044187684}, "datetime": {"datetime": "2025-05-09 21:01:41", "elapsed": 3283.039259, "delta": 12.179612}}
{"target": 0.0010379280414780584, "params": {"x0": 0.8328441536987563, "x1": 4.926649533353731, "x2": 7.10574445973777, "x3": 3.1853791438860304, "x4": 0.27014204330651664, "x5": 11.20253664430166, "x6": 13.188473372840953, "x7": 10.919620660365416, "x8": 1.596380022751024, "x9": 1.9454850441871503}, "datetime": {"datetime": "2025-05-09 21:01:53", "elapsed": 3295.010078, "delta": 11.970819}}
{"target": 0.0010379280414780584, "params": {"x0": 0.8328441536990433, "x1": 4.926649533349874, "x2": 7.105744459729245, "x3": 3.185379143893085, "x4": 0.2701420433144951, "x5": 11.202536644306976, "x6": 13.188473372841575, "x7": 10.91962066034667, "x8": 1.5963800227554077, "x9": 1.9454850441876634}, "datetime": {"datetime": "2025-05-09 21:02:05", "elapsed": 3307.448354, "delta": 12.438276}}
{"target": 0.0010379280414780584, "params": {"x0": 0.8328441536990369, "x1": 4.926649533358915, "x2": 7.105744459730256, "x3": 3.1853791439013306, "x4": 0.2701420433080819, "x5": 11.202536644338286, "x6": 13.188473372833966, "x7": 10.919620660368018, "x8": 1.596380022752814, "x9": 1.9454850441873528}, "datetime": {"datetime": "2025-05-09 21:02:17", "elapsed": 3319.499018, "delta": 12.050664}}
{"target": 0.0010379280414780584, "params": {"x0": 0.8328441536986719, "x1": 4.926649533351881, "x2": 7.105744459737248, "x3": 3.185379143908652, "x4": 0.2701420433122355, "x5": 11.202536644313213, "x6": 13.188473372846811, "x7": 10.919620660308016, "x8": 1.5963800227564753, "x9": 1.9454850441869749}, "datetime": {"datetime": "2025-05-09 21:02:29", "elapsed": 3331.52088, "delta": 12.021862}}
{"target": 0.0010379280414780584, "params": {"x0": 0.8328441536988107, "x1": 4.926649533352566, "x2": 7.1057444597349715, "x3": 3.185379143883792, "x4": 0.27014204331023056, "x5": 11.202536644318528, "x6": 13.188473372873151, "x7": 10.919620660363009, "x8": 1.5963800227534986, "x9": 1.945485044187049}, "datetime": {"datetime": "2025-05-09 21:02:42", "elapsed": 3343.936995, "delta": 12.416115}}
{"target": 0.0010379280414780584, "params": {"x0": 0.8328441536984759, "x1": 4.926649533355469, "x2": 7.105744459731557, "x3": 3.185379143887249, "x4": 0.2701420433057747, "x5": 11.202536644321375, "x6": 13.188473372839022, "x7": 10.919620660359982, "x8": 1.5963800227555967, "x9": 1.9454850441867815}, "datetime": {"datetime": "2025-05-09 21:02:54", "elapsed": 3355.982772, "delta": 12.045777}}
{"target": 0.0010379280414780584, "params": {"x0": 0.832844153698427, "x1": 4.926649533354713, "x2": 7.105744459733972, "x3": 3.185379143889059, "x4": 0.27014204330836705, "x5": 11.202536644329406, "x6": 13.188473372846314, "x7": 10.91962066035431, "x8": 1.5963800227547003, "x9": 1.9454850441844762}, "datetime": {"datetime": "2025-05-09 21:03:07", "elapsed": 3368.598113, "delta": 12.615341}}
{"target": 0.0010379280414780584, "params": {"x0": 0.8328441536987073, "x1": 4.926649533358512, "x2": 7.105744459731359, "x3": 3.1853791438905663, "x4": 0.27014204330875907, "x5": 11.202536644314135, "x6": 13.188473372860988, "x7": 10.919620660337971, "x8": 1.596380022752896, "x9": 1.9454850441863931}, "datetime": {"datetime": "2025-05-09 21:03:19", "elapsed": 3381.02181, "delta": 12.423697}}
{"target": 0.0010379280414780584, "params": {"x0": 0.8328441536984383, "x1": 4.926649533361552, "x2": 7.105744459727511, "x3": 3.1853791438902346, "x4": 0.2701420433080035, "x5": 11.202536644317698, "x6": 13.18847337286259, "x7": 10.919620660342302, "x8": 1.5963800227536868, "x9": 1.9454850441849547}, "datetime": {"datetime": "2025-05-09 21:03:31", "elapsed": 3393.218675, "delta": 12.196865}}
{"target": 0.0010379280414780584, "params": {"x0": 0.8328441536986962, "x1": 4.926649533355839, "x2": 7.105744459725018, "x3": 3.1853791438994996, "x4": 0.2701420433082539, "x5": 11.202536644323276, "x6": 13.18847337284934, "x7": 10.91962066034795, "x8": 1.5963800227537552, "x9": 1.945485044186153}, "datetime": {"datetime": "2025-05-09 21:03:44", "elapsed": 3406.049567, "delta": 12.830892}}
{"target": 0.0010379280414780584, "params": {"x0": 0.8328441536986868, "x1": 4.926649533357165, "x2": 7.105744459730712, "x3": 3.1853791438900214, "x4": 0.2701420433078978, "x5": 11.20253664431951, "x6": 13.188473372847856, "x7": 10.919620660331772, "x8": 1.5963800227542866, "x9": 1.9454850441848994}, "datetime": {"datetime": "2025-05-09 21:03:57", "elapsed": 3418.629138, "delta": 12.579571}}
{"target": 0.0010379280414780584, "params": {"x0": 0.8328441536985891, "x1": 4.926649533358264, "x2": 7.105744459732013, "x3": 3.185379143890022, "x4": 0.27014204330179964, "x5": 11.202536644316215, "x6": 13.188473372859642, "x7": 10.919620660334372, "x8": 1.5963800227536373, "x9": 1.9454850441855671}, "datetime": {"datetime": "2025-05-09 21:04:09", "elapsed": 3430.838328, "delta": 12.20919}}
{"target": 0.0010379280414780584, "params": {"x0": 0.8328441536985913, "x1": 4.926649533364331, "x2": 7.105744459731639, "x3": 3.1853791438931225, "x4": 0.2701420433061, "x5": 11.202536644322326, "x6": 13.188473372847925, "x7": 10.919620660350192, "x8": 1.5963800227550295, "x9": 1.9454850441857054}, "datetime": {"datetime": "2025-05-09 21:04:21", "elapsed": 3443.557546, "delta": 12.719218}}
{"target": 0.0010379280414780584, "params": {"x0": 0.832844153698563, "x1": 4.926649533358742, "x2": 7.105744459731149, "x3": 3.185379143891539, "x4": 0.270142043306615, "x5": 11.202536644331213, "x6": 13.188473372860791, "x7": 10.91962066032973, "x8": 1.596380022753607, "x9": 1.9454850441848335}, "datetime": {"datetime": "2025-05-09 21:04:34", "elapsed": 3455.772411, "delta": 12.214865}}
{"target": 0.0010379280414780584, "params": {"x0": 0.8328441536986235, "x1": 4.926649533361147, "x2": 7.105744459730428, "x3": 3.1853791438987105, "x4": 0.2701420433048892, "x5": 11.20253664432358, "x6": 13.18847337285234, "x7": 10.91962066033356, "x8": 1.596380022754385, "x9": 1.9454850441859544}, "datetime": {"datetime": "2025-05-09 21:04:46", "elapsed": 3468.086288, "delta": 12.313877}}
{"target": 0.0010379280414780584, "params": {"x0": 0.8328441536986123, "x1": 4.926649533361561, "x2": 7.105744459728191, "x3": 3.1853791438942927, "x4": 0.27014204330573544, "x5": 11.20253664432748, "x6": 13.188473372858969, "x7": 10.919620660341101, "x8": 1.596380022753521, "x9": 1.945485044185501}, "datetime": {"datetime": "2025-05-09 21:04:58", "elapsed": 3480.418166, "delta": 12.331878}}
{"target": 0.0010379280414780584, "params": {"x0": 0.8328441536986099, "x1": 4.926649533359452, "x2": 7.1057444597279344, "x3": 3.185379143892992, "x4": 0.27014204330535824, "x5": 11.202536644326024, "x6": 13.188473372853167, "x7": 10.919620660337173, "x8": 1.5963800227543972, "x9": 1.9454850441849518}, "datetime": {"datetime": "2025-05-09 21:05:10", "elapsed": 3492.544465, "delta": 12.126299}}
{"target": 0.0010379280414780584, "params": {"x0": 0.8328441536985961, "x1": 4.926649533361282, "x2": 7.105744459729309, "x3": 3.1853791438966583, "x4": 0.27014204330534936, "x5": 11.202536644320302, "x6": 13.1884733728532, "x7": 10.919620660343133, "x8": 1.596380022753863, "x9": 1.9454850441856975}, "datetime": {"datetime": "2025-05-09 21:05:23", "elapsed": 3504.842099, "delta": 12.297634}}
{"target": 0.0010379280414780584, "params": {"x0": 0.8328441536985751, "x1": 4.92664953336063, "x2": 7.105744459729989, "x3": 3.185379143895875, "x4": 0.2701420433023073, "x5": 11.202536644320295, "x6": 13.188473372854451, "x7": 10.919620660338579, "x8": 1.5963800227543246, "x9": 1.9454850441853597}, "datetime": {"datetime": "2025-05-09 21:05:35", "elapsed": 3517.518747, "delta": 12.676648}}
{"target": 0.0010379280414780584, "params": {"x0": 0.8328441536986052, "x1": 4.926649533361221, "x2": 7.1057444597287365, "x3": 3.1853791438968, "x4": 0.27014204330508923, "x5": 11.202536644326978, "x6": 13.188473372859024, "x7": 10.919620660343444, "x8": 1.5963800227537692, "x9": 1.9454850441850613}, "datetime": {"datetime": "2025-05-09 21:05:48", "elapsed": 3529.766564, "delta": 12.247817}}
{"target": 0.0010379280414780584, "params": {"x0": 0.8328441536986119, "x1": 4.926649533362218, "x2": 7.105744459728965, "x3": 3.1853791438932197, "x4": 0.2701420433023018, "x5": 11.20253664432712, "x6": 13.188473372856448, "x7": 10.919620660334482, "x8": 1.596380022754441, "x9": 1.9454850441856897}, "datetime": {"datetime": "2025-05-09 21:06:01", "elapsed": 3542.80942, "delta": 13.042856}}
{"target": 0.0010379280414780584, "params": {"x0": 0.8328441536986892, "x1": 4.926649533361025, "x2": 7.105744459728454, "x3": 3.185379143896513, "x4": 0.2701420433044398, "x5": 11.202536644322672, "x6": 13.188473372861395, "x7": 10.919620660334811, "x8": 1.5963800227541693, "x9": 1.9454850441853013}, "datetime": {"datetime": "2025-05-09 21:06:13", "elapsed": 3555.26666, "delta": 12.45724}}
{"target": 0.0010379280414780584, "params": {"x0": 0.8328441536986201, "x1": 4.926649533360579, "x2": 7.105744459728583, "x3": 3.1853791438972205, "x4": 0.2701420433028335, "x5": 11.202536644322729, "x6": 13.188473372860372, "x7": 10.919620660335118, "x8": 1.59638002275432, "x9": 1.9454850441854912}, "datetime": {"datetime": "2025-05-09 21:06:26", "elapsed": 3567.834921, "delta": 12.568261}}
{"target": 0.0010379280414780584, "params": {"x0": 0.832844153698626, "x1": 4.926649533360143, "x2": 7.105744459729695, "x3": 3.1853791438961143, "x4": 0.2701420433038952, "x5": 11.202536644326555, "x6": 13.188473372855544, "x7": 10.919620660341073, "x8": 1.5963800227542324, "x9": 1.9454850441855172}, "datetime": {"datetime": "2025-05-09 21:06:39", "elapsed": 3580.818021, "delta": 12.9831}}
{"target": 0.0010379280414780584, "params": {"x0": 0.832844153698632, "x1": 4.926649533360839, "x2": 7.1057444597296575, "x3": 3.185379143896475, "x4": 0.27014204330332986, "x5": 11.202536644324166, "x6": 13.188473372859933, "x7": 10.919620660339271, "x8": 1.5963800227543519, "x9": 1.945485044185306}, "datetime": {"datetime": "2025-05-09 21:06:52", "elapsed": 3593.69736, "delta": 12.879339}}
{"target": 0.0010379280414780584, "params": {"x0": 0.8328441536986433, "x1": 4.9266495333605285, "x2": 7.1057444597288635, "x3": 3.1853791438960837, "x4": 0.2701420433034532, "x5": 11.20253664432476, "x6": 13.18847337285881, "x7": 10.919620660341872, "x8": 1.5963800227542053, "x9": 1.9454850441855571}, "datetime": {"datetime": "2025-05-09 21:07:05", "elapsed": 3606.776138, "delta": 13.078778}}
{"target": 0.0010379280414780584, "params": {"x0": 0.8328441536986386, "x1": 4.926649533360797, "x2": 7.105744459729314, "x3": 3.1853791438965686, "x4": 0.27014204330318553, "x5": 11.202536644322878, "x6": 13.188473372859644, "x7": 10.919620660337431, "x8": 1.59638002275403, "x9": 1.9454850441853089}, "datetime": {"datetime": "2025-05-09 21:07:17", "elapsed": 3619.44476, "delta": 12.668622}}
{"target": 0.0010379280414780584, "params": {"x0": 0.8328441536986576, "x1": 4.926649533361092, "x2": 7.105744459728505, "x3": 3.1853791438959993, "x4": 0.2701420433036274, "x5": 11.202536644324518, "x6": 13.188473372856999, "x7": 10.919620660338902, "x8": 1.5963800227542306, "x9": 1.9454850441854497}, "datetime": {"datetime": "2025-05-09 21:07:30", "elapsed": 3632.252246, "delta": 12.807486}}
{"target": 0.0010379280414780584, "params": {"x0": 0.8328441536986243, "x1": 4.926649533361133, "x2": 7.105744459728976, "x3": 3.185379143895868, "x4": 0.2701420433035452, "x5": 11.202536644324661, "x6": 13.188473372859093, "x7": 10.919620660338515, "x8": 1.5963800227539948, "x9": 1.9454850441855256}, "datetime": {"datetime": "2025-05-09 21:07:43", "elapsed": 3644.838047, "delta": 12.585801}}
{"target": 0.0010379280414780584, "params": {"x0": 0.8328441536986468, "x1": 4.926649533361003, "x2": 7.1057444597290775, "x3": 3.1853791438963097, "x4": 0.2701420433037841, "x5": 11.20253664432364, "x6": 13.188473372859074, "x7": 10.919620660338865, "x8": 1.5963800227542693, "x9": 1.9454850441852976}, "datetime": {"datetime": "2025-05-09 21:07:56", "elapsed": 3657.74617, "delta": 12.908123}}
{"target": 0.0010379280414780584, "params": {"x0": 0.8328441536986368, "x1": 4.926649533361396, "x2": 7.105744459729157, "x3": 3.185379143895933, "x4": 0.27014204330333713, "x5": 11.202536644324459, "x6": 13.18847337285686, "x7": 10.919620660339406, "x8": 1.5963800227541745, "x9": 1.9454850441853306}, "datetime": {"datetime": "2025-05-09 21:08:08", "elapsed": 3670.239853, "delta": 12.493683}}
{"target": 0.0010379280414780584, "params": {"x0": 0.8328441536986404, "x1": 4.9266495333611875, "x2": 7.105744459728976, "x3": 3.1853791438959225, "x4": 0.27014204330379826, "x5": 11.202536644325422, "x6": 13.18847337285772, "x7": 10.919620660337355, "x8": 1.5963800227541942, "x9": 1.9454850441853513}, "datetime": {"datetime": "2025-05-09 21:08:21", "elapsed": 3683.27676, "delta": 13.036907}}
{"target": 0.0010379280414780584, "params": {"x0": 0.8328441536986341, "x1": 4.926649533361437, "x2": 7.105744459728863, "x3": 3.18537914389618, "x4": 0.2701420433033763, "x5": 11.202536644325143, "x6": 13.188473372857851, "x7": 10.919620660339328, "x8": 1.5963800227542508, "x9": 1.9454850441854592}, "datetime": {"datetime": "2025-05-09 21:08:34", "elapsed": 3695.971, "delta": 12.69424}}
{"target": 0.0010379280414780584, "params": {"x0": 0.8328441536986244, "x1": 4.926649533361373, "x2": 7.1057444597290536, "x3": 3.185379143895284, "x4": 0.2701420433036461, "x5": 11.202536644324487, "x6": 13.18847337285782, "x7": 10.919620660338378, "x8": 1.596380022754097, "x9": 1.9454850441854536}, "datetime": {"datetime": "2025-05-09 21:08:46", "elapsed": 3708.064545, "delta": 12.093545}}
{"target": 0.0010379280414780584, "params": {"x0": 0.8328441536986498, "x1": 4.926649533361083, "x2": 7.105744459728672, "x3": 3.185379143895246, "x4": 0.2701420433036674, "x5": 11.202536644324153, "x6": 13.188473372857677, "x7": 10.919620660338003, "x8": 1.5963800227541325, "x9": 1.9454850441853857}, "datetime": {"datetime": "2025-05-09 21:08:58", "elapsed": 3720.207707, "delta": 12.143162}}
{"target": 0.0010379280414780584, "params": {"x0": 0.832844153698644, "x1": 4.926649533360868, "x2": 7.105744459728578, "x3": 3.185379143895572, "x4": 0.27014204330376534, "x5": 11.202536644325178, "x6": 13.188473372857814, "x7": 10.919620660338607, "x8": 1.5963800227542098, "x9": 1.9454850441853668}, "datetime": {"datetime": "2025-05-09 21:09:11", "elapsed": 3732.754383, "delta": 12.546676}}
