{"target": 1.3132606949938357e-12, "params": {"x0": 0.8668481630067814, "x1": 3.6319194402442703, "x2": 9.144773408652231, "x3": 4.186895741236544, "x4": 0.8620976397521309, "x5": 10.842792139565308, "x6": 9.84195489740727, "x7": 8.266386097720106, "x8": 1.511476624065984, "x9": 2.3300347861127158}, "datetime": {"datetime": "2025-05-09 20:17:21", "elapsed": 622.928061, "delta": 9.971018}}
{"target": 8.246236047126865e-08, "params": {"x0": 0.8288493609837972, "x1": 5.621013854276613, "x2": 6.794171632081995, "x3": 3.1623415156636865, "x4": 1.2255696169618875, "x5": 10.338735633247152, "x6": 12.631116185049715, "x7": 11.3124874687499, "x8": 1.648712399011344, "x9": 2.2327954647378463}, "datetime": {"datetime": "2025-05-09 20:17:31", "elapsed": 633.030846, "delta": 10.102785}}
{"target": 0.0007324917737775028, "params": {"x0": 0.8278757072482373, "x1": 4.528567937098955, "x2": 7.177843458457483, "x3": 3.7548603774191767, "x4": 0.6724082294322579, "x5": 10.62943629070601, "x6": 13.212981201679572, "x7": 10.866992066442467, "x8": 1.7112829170299204, "x9": 1.8924581137072671}, "datetime": {"datetime": "2025-05-09 20:17:41", "elapsed": 643.148631, "delta": 10.117785}}
{"target": 0.0004956981435680152, "params": {"x0": 0.8308275473150024, "x1": 4.326963967710449, "x2": 7.207185103660873, "x3": 3.983723778380234, "x4": 0.6259429695102103, "x5": 10.782144515648788, "x6": 13.243349994465088, "x7": 10.71278995122802, "x8": 1.7833886415470308, "x9": 1.846970015449243}, "datetime": {"datetime": "2025-05-09 20:17:51", "elapsed": 653.086549, "delta": 9.937918}}
{"target": 0.0007446078673288404, "params": {"x0": 0.832100712932781, "x1": 4.73462848260091, "x2": 7.044637430271996, "x3": 3.781792198718445, "x4": 0.6086628777258684, "x5": 10.558672817295399, "x6": 13.234974616963662, "x7": 10.690903572915062, "x8": 1.7482196879382101, "x9": 2.003313525661362}, "datetime": {"datetime": "2025-05-09 20:18:01", "elapsed": 663.16876, "delta": 10.082211}}
{"target": 0.00013056556745827657, "params": {"x0": 0.8306698108042784, "x1": 4.581697614169729, "x2": 7.002088668017694, "x3": 3.712745514871828, "x4": 0.8983149767630676, "x5": 10.495688150738365, "x6": 13.27450729134607, "x7": 10.763283899874885, "x8": 1.729005502231828, "x9": 2.000258970280034}, "datetime": {"datetime": "2025-05-09 20:18:11", "elapsed": 673.473975, "delta": 10.305215}}
{"target": 2.1120856899994523e-07, "params": {"x0": 0.8095985975204621, "x1": 5.1097049504373455, "x2": 6.913805892144831, "x3": 3.2378461155364584, "x4": 0.0027866618292943343, "x5": 11.538701056329602, "x6": 10.941757823649956, "x7": 8.757394976014604, "x8": 1.552298834664662, "x9": 2.159261581052499}, "datetime": {"datetime": "2025-05-09 20:18:21", "elapsed": 683.402083, "delta": 9.928108}}
{"target": 0.0006982414266290011, "params": {"x0": 0.8307612242733845, "x1": 4.638979553935436, "x2": 7.151623747162499, "x3": 3.8536412464189334, "x4": 0.5085190005146812, "x5": 10.668301332590834, "x6": 13.20461495264545, "x7": 10.728516175181385, "x8": 1.7510265145315538, "x9": 1.9330624029587562}, "datetime": {"datetime": "2025-05-09 20:18:31", "elapsed": 693.380375, "delta": 9.978292}}
{"target": 0.0006796545674474182, "params": {"x0": 0.8345955396197066, "x1": 4.916670074311586, "x2": 7.275253659005598, "x3": 3.9677297880918667, "x4": 0.5178974304329907, "x5": 10.713386866548392, "x6": 13.191250126993868, "x7": 10.90190805572567, "x8": 1.7248638723990368, "x9": 1.8317732602083654}, "datetime": {"datetime": "2025-05-09 20:18:41", "elapsed": 703.230025, "delta": 9.84965}}
{"target": 0.0007562399012020557, "params": {"x0": 0.8422377043214037, "x1": 4.59477440226655, "x2": 6.9253495409193695, "x3": 3.626317282322398, "x4": 0.506239422888965, "x5": 10.902984914398068, "x6": 13.460877098918047, "x7": 10.759963335831696, "x8": 1.6263828128730176, "x9": 2.01036816389124}, "datetime": {"datetime": "2025-05-09 20:18:51", "elapsed": 713.107449, "delta": 9.877424}}
{"target": 0.0005081547510809334, "params": {"x0": 0.8121367102593781, "x1": 4.436863484527768, "x2": 7.431980095026678, "x3": 4.418636831184103, "x4": 0.6374930640859572, "x5": 11.365650608983318, "x6": 12.647470745265473, "x7": 12.347803479457788, "x8": 1.7286279320770137, "x9": 2.0475918000530204}, "datetime": {"datetime": "2025-05-09 20:19:01", "elapsed": 723.103742, "delta": 9.996293}}
{"target": 2.3298873900298676e-10, "params": {"x0": 0.8395507423761454, "x1": 4.612410131929952, "x2": 6.840888879606045, "x3": 3.831389050309791, "x4": 0.5345939775987104, "x5": 10.870134546830938, "x6": 13.572699289937706, "x7": 10.634712978855418, "x8": 1.6970742146673987, "x9": 2.090584337628674}, "datetime": {"datetime": "2025-05-09 20:19:11", "elapsed": 732.845148, "delta": 9.741406}}
{"target": 7.188752885652962e-09, "params": {"x0": 0.8502888159658898, "x1": 5.073280812712719, "x2": 6.411702509256423, "x3": 3.2874790159691374, "x4": 0.8971875150345694, "x5": 10.877390807030876, "x6": 14.078250264301094, "x7": 11.336749369768913, "x8": 1.5707166110845971, "x9": 2.00364834074672}, "datetime": {"datetime": "2025-05-09 20:19:20", "elapsed": 742.524978, "delta": 9.67983}}
{"target": 0.0007803726094748813, "params": {"x0": 0.8387749877965904, "x1": 4.671333285114732, "x2": 7.064238285979955, "x3": 3.6572137313078934, "x4": 0.5466451601161623, "x5": 10.781639887559576, "x6": 13.308112762698308, "x7": 10.830913546913138, "x8": 1.6509636645046015, "x9": 1.932829132572238}, "datetime": {"datetime": "2025-05-09 20:19:31", "elapsed": 752.904592, "delta": 10.379614}}
{"target": 0.0007423863054476605, "params": {"x0": 0.8356159114386787, "x1": 4.793384176997689, "x2": 7.159013275475909, "x3": 3.7970057441709435, "x4": 0.6100664889560371, "x5": 10.624969328904182, "x6": 13.25745585747108, "x7": 10.858232223893413, "x8": 1.7117945152237737, "x9": 1.8635043206709037}, "datetime": {"datetime": "2025-05-09 20:19:41", "elapsed": 763.353036, "delta": 10.448444}}
{"target": 1.3587686912198632e-11, "params": {"x0": 0.8425888407827146, "x1": 5.081342944525418, "x2": 6.67292610262632, "x3": 3.3641148334172764, "x4": 0.6610047622952686, "x5": 9.914693849535908, "x6": 13.053691567105034, "x7": 10.286315795082185, "x8": 1.6715467679376528, "x9": 1.8765324699782249}, "datetime": {"datetime": "2025-05-09 20:19:51", "elapsed": 773.359614, "delta": 10.006578}}
{"target": 0.0006718179222936768, "params": {"x0": 0.8262152152524271, "x1": 4.343050439054223, "x2": 7.186740514215005, "x3": 3.8650185566957616, "x4": 0.3674714624904274, "x5": 11.078939660095154, "x6": 12.881460993162595, "x7": 10.659709181000679, "x8": 1.6203207498530696, "x9": 1.9359194864009044}, "datetime": {"datetime": "2025-05-09 20:20:01", "elapsed": 783.342361, "delta": 9.982747}}
{"target": 0.000760519089775048, "params": {"x0": 0.8359849187273876, "x1": 4.469657436194984, "x2": 7.042689333871447, "x3": 3.6390291590207524, "x4": 0.4796252931431098, "x5": 10.948517996248931, "x6": 13.211971993913812, "x7": 10.764477941278118, "x8": 1.6051314544404605, "x9": 1.96062047449378}, "datetime": {"datetime": "2025-05-09 20:20:12", "elapsed": 793.977658, "delta": 10.635297}}
{"target": 0.0007592622350138834, "params": {"x0": 0.8343829884243671, "x1": 4.729563338824373, "x2": 7.072749873247536, "x3": 3.6187070415570477, "x4": 0.5525304430885971, "x5": 11.04381173305108, "x6": 13.47208841927743, "x7": 11.438636173173172, "x8": 1.6446129749427478, "x9": 1.8913947505162385}, "datetime": {"datetime": "2025-05-09 20:20:22", "elapsed": 803.846515, "delta": 9.868857}}
{"target": 0.0007898004562554039, "params": {"x0": 0.8341006043274463, "x1": 4.8076515064258425, "x2": 6.921564118737899, "x3": 3.6451479268412323, "x4": 0.4263988171621176, "x5": 10.70930894462265, "x6": 13.353207613357693, "x7": 10.913452757908557, "x8": 1.6122248710191873, "x9": 1.974687436032666}, "datetime": {"datetime": "2025-05-09 20:20:32", "elapsed": 813.812551, "delta": 9.966036}}
{"target": 0.0007872362074326568, "params": {"x0": 0.8356487246826895, "x1": 4.602014912212945, "x2": 6.995198684625883, "x3": 3.550014527454231, "x4": 0.4322057672937284, "x5": 10.970016972787542, "x6": 13.401504421373206, "x7": 11.084398769624054, "x8": 1.6000026663291609, "x9": 1.956784631300759}, "datetime": {"datetime": "2025-05-09 20:20:42", "elapsed": 824.228619, "delta": 10.416068}}
{"target": 0.0008943923978140984, "params": {"x0": 0.8411053801507672, "x1": 4.924822124703326, "x2": 7.102452084444847, "x3": 3.517684206761574, "x4": 0.42982143525903005, "x5": 11.115286597391972, "x6": 13.118071236038636, "x7": 10.416466471016232, "x8": 1.6244257397411221, "x9": 1.9427075224973627}, "datetime": {"datetime": "2025-05-09 20:20:52", "elapsed": 834.194498, "delta": 9.965879}}
{"target": 0.0007928022629494053, "params": {"x0": 0.8470702847660251, "x1": 4.798137892074609, "x2": 6.934337086813251, "x3": 3.6050171987631923, "x4": 0.4838426061783292, "x5": 10.760027139902968, "x6": 13.37063917424598, "x7": 10.849040471442638, "x8": 1.6542919290844265, "x9": 1.9657042525171953}, "datetime": {"datetime": "2025-05-09 20:21:02", "elapsed": 844.102232, "delta": 9.907734}}
{"target": 0.0009160287878107016, "params": {"x0": 0.8338359754054867, "x1": 4.773027507476733, "x2": 7.0469421294789365, "x3": 3.412662005046347, "x4": 0.311689853648884, "x5": 11.012233282848923, "x6": 13.284838848359673, "x7": 10.667137034962746, "x8": 1.591742610956072, "x9": 1.9740705156036953}, "datetime": {"datetime": "2025-05-09 20:21:13", "elapsed": 854.898803, "delta": 10.796571}}
{"target": 0.0009332538307494983, "params": {"x0": 0.8348061171249357, "x1": 4.814594359970548, "x2": 7.065879037045827, "x3": 3.381420315757598, "x4": 0.2704846972869974, "x5": 10.968100451747945, "x6": 13.289406285025917, "x7": 10.62204034082247, "x8": 1.5986278271614187, "x9": 1.9566070043425847}, "datetime": {"datetime": "2025-05-09 20:21:23", "elapsed": 865.264455, "delta": 10.365652}}
{"target": 0.0009191281448684666, "params": {"x0": 0.8293511909754774, "x1": 4.890092188648732, "x2": 7.088197500274602, "x3": 3.5372884443112893, "x4": 0.3581522832435891, "x5": 10.724800024545045, "x6": 13.002827826839141, "x7": 10.541963563378864, "x8": 1.6217299027740009, "x9": 1.977606349908251}, "datetime": {"datetime": "2025-05-09 20:21:34", "elapsed": 875.667027, "delta": 10.402572}}
{"target": 5.747554827314376e-09, "params": {"x0": 0.8317162746927824, "x1": 4.755136111496877, "x2": 7.0877229470365695, "x3": 3.3600900571758134, "x4": 0.2574594289379576, "x5": 10.992195755234906, "x6": 13.279405856948461, "x7": 10.616135792478644, "x8": 1.5881716399262602, "x9": 1.9680932526610004}, "datetime": {"datetime": "2025-05-09 20:21:44", "elapsed": 885.826582, "delta": 10.159555}}
{"target": 0.0009714961540033004, "params": {"x0": 0.8309621591050836, "x1": 4.852353905010401, "x2": 7.147742521828291, "x3": 3.3038781958314187, "x4": 0.16977009298558304, "x5": 11.154399682460957, "x6": 13.041734486657388, "x7": 10.815026493375894, "x8": 1.5920589272375512, "x9": 1.9590523030508957}, "datetime": {"datetime": "2025-05-09 20:21:54", "elapsed": 896.125487, "delta": 10.298905}}
{"target": 0.0009765715610737741, "params": {"x0": 0.8333399358150235, "x1": 4.8466361879681505, "x2": 7.084403287731559, "x3": 3.284758948900245, "x4": 0.24571195927138345, "x5": 11.172132364834553, "x6": 13.145831933991095, "x7": 10.966670430252126, "x8": 1.5926259940925307, "x9": 1.9547144737839908}, "datetime": {"datetime": "2025-05-09 20:22:05", "elapsed": 906.592701, "delta": 10.467214}}
{"target": 7.680339450012205e-10, "params": {"x0": 0.8347633413599438, "x1": 4.869480968754735, "x2": 7.090514398690544, "x3": 3.3765239535991056, "x4": 0.2945552441174163, "x5": 11.154359641577974, "x6": 13.117921256812473, "x7": 10.956328662262818, "x8": 1.5775237507512676, "x9": 1.9452453830366818}, "datetime": {"datetime": "2025-05-09 20:22:14", "elapsed": 916.523374, "delta": 9.930673}}
{"target": 2.729147565069246e-08, "params": {"x0": 0.8356532822476119, "x1": 4.869710761679447, "x2": 7.0943052132753674, "x3": 3.3586014797583266, "x4": 0.19514129090302207, "x5": 11.17701428551931, "x6": 13.036409837867536, "x7": 11.043945379387567, "x8": 1.5843237715008378, "x9": 1.956525513507545}, "datetime": {"datetime": "2025-05-09 20:22:24", "elapsed": 926.424063, "delta": 9.900689}}
{"target": 2.6382220418034035e-07, "params": {"x0": 0.8331663884429377, "x1": 4.8708836781098706, "x2": 7.147849653644868, "x3": 3.2099069584910853, "x4": 0.24145381159006363, "x5": 11.013267096418385, "x6": 13.228438000281415, "x7": 10.863033841164683, "x8": 1.5890632589337852, "x9": 1.9470533065503217}, "datetime": {"datetime": "2025-05-09 20:22:34", "elapsed": 936.288523, "delta": 9.86446}}
{"target": 3.416799151869498e-08, "params": {"x0": 0.8339951912066549, "x1": 4.85603263648274, "x2": 7.0807055323092705, "x3": 3.3236788926039114, "x4": 0.2652121803410728, "x5": 11.168158665193598, "x6": 13.124338224645923, "x7": 10.967391166051419, "x8": 1.5893538309767095, "x9": 1.9584975200029175}, "datetime": {"datetime": "2025-05-09 20:22:44", "elapsed": 946.250181, "delta": 9.961658}}
{"target": 0.0009397095854835494, "params": {"x0": 0.8349818195782456, "x1": 4.800456894022338, "x2": 7.111181032304423, "x3": 3.3325438820592024, "x4": 0.27943181288819946, "x5": 11.206326871442272, "x6": 13.229035493179246, "x7": 10.976305869442136, "x8": 1.592926350222353, "x9": 1.9550256203653913}, "datetime": {"datetime": "2025-05-09 20:22:55", "elapsed": 956.670115, "delta": 10.419934}}
{"target": 3.875391947798823e-08, "params": {"x0": 0.8317493973675574, "x1": 4.878475463149177, "x2": 7.098147107979079, "x3": 3.30555099583568, "x4": 0.27203001016646206, "x5": 11.26670325363301, "x6": 13.15452631381678, "x7": 10.893348920278818, "x8": 1.5842756278764403, "x9": 1.9578377746082696}, "datetime": {"datetime": "2025-05-09 20:23:05", "elapsed": 966.624935, "delta": 9.95482}}
{"target": 0.001000557964692296, "params": {"x0": 0.8328715685349399, "x1": 4.8571199957713445, "x2": 7.101575652304364, "x3": 3.2465304957630847, "x4": 0.27079641691098244, "x5": 11.252879323861595, "x6": 13.20518889467285, "x7": 10.881234679186678, "x8": 1.5988468441292008, "x9": 1.9513318235248165}, "datetime": {"datetime": "2025-05-09 20:23:15", "elapsed": 976.962839, "delta": 10.337904}}
{"target": 0.0009843281092944617, "params": {"x0": 0.8340869175248936, "x1": 4.875775481211036, "x2": 7.120684097480446, "x3": 3.2336116846129728, "x4": 0.26676363772007694, "x5": 11.233476419954357, "x6": 13.218222370850404, "x7": 10.870150625360205, "x8": 1.6019415725713009, "x9": 1.9553433301873127}, "datetime": {"datetime": "2025-05-09 20:23:25", "elapsed": 987.009067, "delta": 10.046228}}
{"target": 0.0010065037147586559, "params": {"x0": 0.8329167976416189, "x1": 4.891531285519355, "x2": 7.133004179111541, "x3": 3.235679578248022, "x4": 0.26224949896363775, "x5": 11.239809296253672, "x6": 13.215286122015618, "x7": 10.89441600813147, "x8": 1.5977633941867275, "x9": 1.9477999414503833}, "datetime": {"datetime": "2025-05-09 20:23:35", "elapsed": 997.390186, "delta": 10.381119}}
{"target": 0.0009772562464299942, "params": {"x0": 0.833552996940754, "x1": 4.861518924574146, "x2": 7.110530307705241, "x3": 3.245018147610516, "x4": 0.26072768541169733, "x5": 11.21931429709403, "x6": 13.208477664373428, "x7": 10.91112831417542, "x8": 1.6000125003326153, "x9": 1.9506239051308925}, "datetime": {"datetime": "2025-05-09 20:23:46", "elapsed": 1007.989103, "delta": 10.598917}}
{"target": 0.0009851507749117675, "params": {"x0": 0.833167198398662, "x1": 4.864520160668667, "x2": 7.105854936639483, "x3": 3.2626413461789516, "x4": 0.238538670928547, "x5": 11.182766648192848, "x6": 13.179669805513614, "x7": 10.959890687962213, "x8": 1.5956767832058023, "x9": 1.9516159917372777}, "datetime": {"datetime": "2025-05-09 20:23:57", "elapsed": 1019.192873, "delta": 11.20377}}
{"target": 0.0009891562037938856, "params": {"x0": 0.8332266382671549, "x1": 4.874093161003768, "x2": 7.137275163445036, "x3": 3.262771487373948, "x4": 0.2722293891443188, "x5": 11.247433144626061, "x6": 13.231203069917306, "x7": 10.885569993089705, "x8": 1.5985919962026056, "x9": 1.9444705361896513}, "datetime": {"datetime": "2025-05-09 20:24:08", "elapsed": 1029.573576, "delta": 10.380703}}
{"target": 0.0010181206217680608, "params": {"x0": 0.8335032201826826, "x1": 4.901922748005169, "x2": 7.121762050912493, "x3": 3.2235927546651073, "x4": 0.2824929471802878, "x5": 11.189599508891103, "x6": 13.182371957933707, "x7": 10.901121178593199, "x8": 1.5978725232918607, "x9": 1.9467785638739297}, "datetime": {"datetime": "2025-05-09 20:24:18", "elapsed": 1039.91652, "delta": 10.342944}}
{"target": 0.0010095864114038164, "params": {"x0": 0.8338260285764925, "x1": 4.914049307568625, "x2": 7.132475299297014, "x3": 3.2300694734650683, "x4": 0.26811926788372187, "x5": 11.163907869340745, "x6": 13.199156159772201, "x7": 10.919660247251588, "x8": 1.5984314067289969, "x9": 1.9486150702940541}, "datetime": {"datetime": "2025-05-09 20:24:28", "elapsed": 1050.195433, "delta": 10.278913}}
{"target": 0.0010255947706762252, "params": {"x0": 0.8335229517838485, "x1": 4.915690958428562, "x2": 7.118203194715698, "x3": 3.216609877533633, "x4": 0.2815876818174913, "x5": 11.219706816578908, "x6": 13.175861356370644, "x7": 10.896835064962008, "x8": 1.5971389998580934, "x9": 1.9485137482876826}, "datetime": {"datetime": "2025-05-09 20:24:38", "elapsed": 1060.559197, "delta": 10.363764}}
{"target": 0.0010077255123249911, "params": {"x0": 0.8341094271134282, "x1": 4.9008504240673245, "x2": 7.102805087530274, "x3": 3.2004679156891678, "x4": 0.29676633368058675, "x5": 11.217264280403903, "x6": 13.209461331960386, "x7": 10.935011343570004, "x8": 1.6001282026070256, "x9": 1.9460662880965838}, "datetime": {"datetime": "2025-05-09 20:24:49", "elapsed": 1071.412667, "delta": 10.85347}}
{"target": 0.0010255947706762252, "params": {"x0": 0.8334793857882157, "x1": 4.914977683104292, "x2": 7.11769881243814, "x3": 3.2180822984062205, "x4": 0.28023013389221557, "x5": 11.217337422242009, "x6": 13.175976991278558, "x7": 10.89911759270308, "x8": 1.5970083826379289, "x9": 1.948398246594343}, "datetime": {"datetime": "2025-05-09 20:25:00", "elapsed": 1081.931013, "delta": 10.518346}}
{"target": 0.0010268064865230004, "params": {"x0": 0.833047906766889, "x1": 4.9277117912611645, "x2": 7.105730727895504, "x3": 3.201719193879231, "x4": 0.2692929738083839, "x5": 11.191456306302223, "x6": 13.203077336598334, "x7": 10.87686569164646, "x8": 1.5995602540847285, "x9": 1.9465313055328926}, "datetime": {"datetime": "2025-05-09 20:25:11", "elapsed": 1092.900404, "delta": 10.969391}}
{"target": 0.0010055060566226113, "params": {"x0": 0.8334516950313046, "x1": 4.9379294991688765, "x2": 7.116332324692669, "x3": 3.2143762749854727, "x4": 0.27974347561612517, "x5": 11.215469240037406, "x6": 13.22621091979187, "x7": 10.903697730085911, "x8": 1.6016183201773684, "x9": 1.9448462291913209}, "datetime": {"datetime": "2025-05-09 20:25:21", "elapsed": 1103.320443, "delta": 10.420039}}
{"target": 0.0010163300251746401, "params": {"x0": 0.8326844973289149, "x1": 4.936907728378106, "x2": 7.115272165012953, "x3": 3.190327820883614, "x4": 0.2598875221814168, "x5": 11.169844665940559, "x6": 13.182257111724152, "x7": 10.901014526241966, "x8": 1.6014125135681043, "x9": 1.9450147368254782}, "datetime": {"datetime": "2025-05-09 20:25:32", "elapsed": 1113.742019, "delta": 10.421576}}
{"target": 0.0010148619598044164, "params": {"x0": 0.8331680806362063, "x1": 4.9231636747006915, "x2": 7.098427517956987, "x3": 3.2011009422064802, "x4": 0.2769660606765703, "x5": 11.186627295637013, "x6": 13.19373963838147, "x7": 10.875292784267508, "x8": 1.6002043498829912, "x9": 1.947555940012027}, "datetime": {"datetime": "2025-05-09 20:25:42", "elapsed": 1123.697086, "delta": 9.955067}}
{"target": 0.0010160522045482762, "params": {"x0": 0.8327914782273111, "x1": 4.921005257365781, "x2": 7.100084153154674, "x3": 3.1952942010181706, "x4": 0.26705576549409754, "x5": 11.187795361639562, "x6": 13.211247384106507, "x7": 10.860365505935736, "x8": 1.6007780426971436, "x9": 1.9472413117289065}, "datetime": {"datetime": "2025-05-09 20:25:52", "elapsed": 1133.966749, "delta": 10.269663}}
{"target": 0.0010332000581177191, "params": {"x0": 0.8331763383050244, "x1": 4.929051045442362, "x2": 7.110758944408568, "x3": 3.1937181437465396, "x4": 0.27345008436238477, "x5": 11.179751518186121, "x6": 13.196604717111821, "x7": 10.892757917189213, "x8": 1.5986909025394913, "x9": 1.9461785120941857}, "datetime": {"datetime": "2025-05-09 20:26:02", "elapsed": 1144.329756, "delta": 10.363007}}
{"target": 0.0010368746313549175, "params": {"x0": 0.8329443269496764, "x1": 4.923084553808997, "x2": 7.104750218341463, "x3": 3.18664431643075, "x4": 0.26748702307763167, "x5": 11.193345676021604, "x6": 13.183268198546196, "x7": 10.907807356290187, "x8": 1.5975191026697102, "x9": 1.9452011310371864}, "datetime": {"datetime": "2025-05-09 20:26:13", "elapsed": 1155.135992, "delta": 10.806236}}
{"target": 0.0010368746313549175, "params": {"x0": 0.8328900075145479, "x1": 4.92212546297431, "x2": 7.1055378600138726, "x3": 3.1867937319120156, "x4": 0.26641070315488163, "x5": 11.194511358686537, "x6": 13.18298623409728, "x7": 10.907481817048428, "x8": 1.5972895097004396, "x9": 1.945512282071675}, "datetime": {"datetime": "2025-05-09 20:26:23", "elapsed": 1165.531526, "delta": 10.395534}}
{"target": 0.0010290802522007541, "params": {"x0": 0.832788646320475, "x1": 4.918880204328733, "x2": 7.1008432306281675, "x3": 3.1929931618831286, "x4": 0.263552104647322, "x5": 11.184527976795419, "x6": 13.194646371228158, "x7": 10.921250520667833, "x8": 1.596495744024074, "x9": 1.9443788990359325}, "datetime": {"datetime": "2025-05-09 20:26:34", "elapsed": 1176.357508, "delta": 10.825982}}
