{"target": 0.0010379280414780584, "params": {"x0": 0.8328441529459079, "x1": 4.92664951049902, "x2": 7.105744486399113, "x3": 3.185379128472615, "x4": 0.2701420718425051, "x5": 11.202536600269903, "x6": 13.188473297264867, "x7": 10.919620757747765, "x8": 1.5963800191107638, "x9": 1.9454850499227636}, "datetime": {"datetime": "2025-05-09 20:47:17", "elapsed": 2418.678344, "delta": 11.386575}}
{"target": 0.0010379280414780584, "params": {"x0": 0.832844154031687, "x1": 4.926649519766144, "x2": 7.105744485267977, "x3": 3.1853791309327333, "x4": 0.27014207020347336, "x5": 11.202536647688682, "x6": 13.188473301788376, "x7": 10.91962069645559, "x8": 1.596380016019858, "x9": 1.9454850495208758}, "datetime": {"datetime": "2025-05-09 20:47:28", "elapsed": 2430.521384, "delta": 11.84304}}
{"target": 0.0010379280414780584, "params": {"x0": 0.8328441539217056, "x1": 4.92664951054483, "x2": 7.105744477604324, "x3": 3.185379117873348, "x4": 0.27014206725793993, "x5": 11.202536699346261, "x6": 13.188473376172944, "x7": 10.919620724878113, "x8": 1.5963800191737914, "x9": 1.945485049117243}, "datetime": {"datetime": "2025-05-09 20:47:40", "elapsed": 2442.232158, "delta": 11.710774}}
{"target": 0.0010379280414780584, "params": {"x0": 0.8328441531221972, "x1": 4.926649510214233, "x2": 7.105744476923411, "x3": 3.185379130907443, "x4": 0.27014206492742204, "x5": 11.202536670174673, "x6": 13.188473356073272, "x7": 10.9196207057949, "x8": 1.596380023415648, "x9": 1.9454850484200779}, "datetime": {"datetime": "2025-05-09 20:47:52", "elapsed": 2453.826955, "delta": 11.594797}}
{"target": 0.0010379280414780584, "params": {"x0": 0.8328441544180404, "x1": 4.926649513650068, "x2": 7.1057444752107735, "x3": 3.185379138075163, "x4": 0.2701420630269559, "x5": 11.202536682690257, "x6": 13.188473333363444, "x7": 10.919620724588873, "x8": 1.5963800204710266, "x9": 1.9454850472219591}, "datetime": {"datetime": "2025-05-09 20:48:03", "elapsed": 2465.09625, "delta": 11.269295}}
{"target": 0.0010379280414780584, "params": {"x0": 0.8328441542240355, "x1": 4.926649519347992, "x2": 7.105744475666056, "x3": 3.1853791207045035, "x4": 0.2701420608453358, "x5": 11.202536668066147, "x6": 13.188473388956856, "x7": 10.919620664558545, "x8": 1.596380025555025, "x9": 1.9454850467566882}, "datetime": {"datetime": "2025-05-09 20:48:15", "elapsed": 2476.645497, "delta": 11.549247}}
{"target": 0.0010379280414780584, "params": {"x0": 0.8328441533638103, "x1": 4.9266495199567935, "x2": 7.105744469795385, "x3": 3.1853791253298382, "x4": 0.2701420589354464, "x5": 11.202536613585236, "x6": 13.188473359268041, "x7": 10.919620695112927, "x8": 1.5963800214753414, "x9": 1.9454850471837146}, "datetime": {"datetime": "2025-05-09 20:48:26", "elapsed": 2488.391612, "delta": 11.746115}}
{"target": 0.0010379280414780584, "params": {"x0": 0.8328441541569339, "x1": 4.926649520009749, "x2": 7.105744472594101, "x3": 3.1853791241540295, "x4": 0.2701420565383204, "x5": 11.202536668369449, "x6": 13.188473337744025, "x7": 10.919620693653181, "x8": 1.596380020366912, "x9": 1.9454850470358722}, "datetime": {"datetime": "2025-05-09 20:48:38", "elapsed": 2499.712089, "delta": 11.320477}}
{"target": 0.0010379280414780584, "params": {"x0": 0.8328441538958621, "x1": 4.926649521339827, "x2": 7.105744470085679, "x3": 3.185379131478211, "x4": 0.2701420564238995, "x5": 11.202536659043897, "x6": 13.188473341719204, "x7": 10.919620695777372, "x8": 1.596380023992714, "x9": 1.945485045476645}, "datetime": {"datetime": "2025-05-09 20:48:49", "elapsed": 2510.901553, "delta": 11.189464}}
{"target": 0.0010379280414780584, "params": {"x0": 0.8328441536856349, "x1": 4.926649522596785, "x2": 7.105744470596229, "x3": 3.18537912787784, "x4": 0.27014205374848466, "x5": 11.20253663953583, "x6": 13.188473367133305, "x7": 10.919620694122413, "x8": 1.5963800218414232, "x9": 1.94548504579952}, "datetime": {"datetime": "2025-05-09 20:49:00", "elapsed": 2522.316902, "delta": 11.415349}}
{"target": 0.0010379280414780584, "params": {"x0": 0.832844154033633, "x1": 4.926649523996476, "x2": 7.105744467462064, "x3": 3.18537913365231, "x4": 0.2701420532222486, "x5": 11.202536656389844, "x6": 13.188473397039848, "x7": 10.91962069477781, "x8": 1.5963800217624546, "x9": 1.9454850453930146}, "datetime": {"datetime": "2025-05-09 20:49:12", "elapsed": 2533.876027, "delta": 11.559125}}
{"target": 0.0010379280414780584, "params": {"x0": 0.8328441538216795, "x1": 4.926649525528973, "x2": 7.105744466976359, "x3": 3.1853791313134816, "x4": 0.2701420520735864, "x5": 11.202536663187265, "x6": 13.18847336767462, "x7": 10.919620676813357, "x8": 1.5963800217089585, "x9": 1.945485046084902}, "datetime": {"datetime": "2025-05-09 20:49:24", "elapsed": 2545.649199, "delta": 11.773172}}
{"target": 0.0010379280414780584, "params": {"x0": 0.8328441539869653, "x1": 4.926649526706441, "x2": 7.105744466960449, "x3": 3.1853791377451137, "x4": 0.2701420512860126, "x5": 11.202536642922558, "x6": 13.188473363878725, "x7": 10.919620667332795, "x8": 1.5963800217838502, "x9": 1.9454850453340686}, "datetime": {"datetime": "2025-05-09 20:49:35", "elapsed": 2556.953074, "delta": 11.303875}}
{"target": 0.0010379280414780584, "params": {"x0": 0.8328441537765331, "x1": 4.926649526967354, "x2": 7.105744466457631, "x3": 3.185379136099055, "x4": 0.2701420497679716, "x5": 11.202536647763122, "x6": 13.188473359740021, "x7": 10.919620676140166, "x8": 1.5963800237624164, "x9": 1.9454850453804409}, "datetime": {"datetime": "2025-05-09 20:49:46", "elapsed": 2568.482734, "delta": 11.52966}}
{"target": 0.0010379280414780584, "params": {"x0": 0.8328441536203948, "x1": 4.9266495270435575, "x2": 7.105744464565282, "x3": 3.185379148027149, "x4": 0.27014205026356414, "x5": 11.202536646221725, "x6": 13.188473363706338, "x7": 10.919620682090377, "x8": 1.5963800222525664, "x9": 1.945485045412647}, "datetime": {"datetime": "2025-05-09 20:49:58", "elapsed": 2580.003301, "delta": 11.520567}}
{"target": 0.0010379280414780584, "params": {"x0": 0.832844153901063, "x1": 4.926649526955227, "x2": 7.105744465518074, "x3": 3.185379144338102, "x4": 0.27014204891127236, "x5": 11.202536657626524, "x6": 13.188473376234676, "x7": 10.919620677298377, "x8": 1.5963800226628948, "x9": 1.9454850450957792}, "datetime": {"datetime": "2025-05-09 20:50:10", "elapsed": 2591.692585, "delta": 11.689284}}
{"target": 0.0010379280414780584, "params": {"x0": 0.8328441537129703, "x1": 4.926649527409896, "x2": 7.105744464909016, "x3": 3.1853791436650245, "x4": 0.2701420476590269, "x5": 11.20253663943351, "x6": 13.18847335697142, "x7": 10.919620667808008, "x8": 1.5963800234607215, "x9": 1.9454850453054489}, "datetime": {"datetime": "2025-05-09 20:50:21", "elapsed": 2603.042716, "delta": 11.350131}}
{"target": 0.0010379280414780584, "params": {"x0": 0.8328441538243979, "x1": 4.926649528025841, "x2": 7.105744464444145, "x3": 3.1853791401889393, "x4": 0.2701420476194911, "x5": 11.202536653710958, "x6": 13.1884733591832, "x7": 10.919620676533075, "x8": 1.5963800220337327, "x9": 1.945485045119974}, "datetime": {"datetime": "2025-05-09 20:50:33", "elapsed": 2614.643222, "delta": 11.600506}}
{"target": 0.0010379280414780584, "params": {"x0": 0.8328441538444764, "x1": 4.926649529023228, "x2": 7.105744462413691, "x3": 3.1853791379916743, "x4": 0.2701420465277161, "x5": 11.202536648530264, "x6": 13.188473363861107, "x7": 10.919620674030853, "x8": 1.596380022460012, "x9": 1.9454850450998609}, "datetime": {"datetime": "2025-05-09 20:50:44", "elapsed": 2626.375556, "delta": 11.732334}}
{"target": 0.0010379280414780584, "params": {"x0": 0.8328441538265849, "x1": 4.926649530098798, "x2": 7.105744463637459, "x3": 3.1853791417760613, "x4": 0.27014204723658963, "x5": 11.202536635988503, "x6": 13.188473366401611, "x7": 10.919620673465474, "x8": 1.5963800237591168, "x9": 1.9454850446961232}, "datetime": {"datetime": "2025-05-09 20:50:56", "elapsed": 2637.898207, "delta": 11.522651}}
{"target": 0.0010379280414780584, "params": {"x0": 0.8328441537777462, "x1": 4.926649529394199, "x2": 7.1057444624904385, "x3": 3.1853791433412515, "x4": 0.27014204700415095, "x5": 11.202536636427613, "x6": 13.18847336643166, "x7": 10.919620671507573, "x8": 1.596380022161152, "x9": 1.9454850442440677}, "datetime": {"datetime": "2025-05-09 20:51:08", "elapsed": 2649.569313, "delta": 11.671106}}
{"target": 0.0010379280414780584, "params": {"x0": 0.8328441538028057, "x1": 4.926649530091351, "x2": 7.105744460615123, "x3": 3.185379140147858, "x4": 0.27014204648621715, "x5": 11.202536647725553, "x6": 13.188473365406931, "x7": 10.919620671476183, "x8": 1.5963800219984983, "x9": 1.9454850447849414}, "datetime": {"datetime": "2025-05-09 20:51:19", "elapsed": 2661.127171, "delta": 11.557858}}
{"target": 0.0010379280414780584, "params": {"x0": 0.8328441537512871, "x1": 4.926649530329888, "x2": 7.105744460856703, "x3": 3.1853791444229813, "x4": 0.2701420462575774, "x5": 11.202536650684277, "x6": 13.188473364364846, "x7": 10.91962067029781, "x8": 1.5963800225228388, "x9": 1.9454850446971217}, "datetime": {"datetime": "2025-05-09 20:51:31", "elapsed": 2672.688155, "delta": 11.560984}}
{"target": 0.0010379280414780584, "params": {"x0": 0.8328441537921148, "x1": 4.926649531419529, "x2": 7.105744461803149, "x3": 3.1853791409541654, "x4": 0.2701420458804743, "x5": 11.202536643284969, "x6": 13.188473367284422, "x7": 10.919620660423417, "x8": 1.5963800228268112, "x9": 1.9454850447076066}, "datetime": {"datetime": "2025-05-09 20:51:42", "elapsed": 2684.04774, "delta": 11.359585}}
{"target": 0.0010379280414780584, "params": {"x0": 0.8328441537779898, "x1": 4.926649530899116, "x2": 7.105744461251429, "x3": 3.185379146717907, "x4": 0.27014204574291933, "x5": 11.20253664805736, "x6": 13.188473374369421, "x7": 10.919620666973282, "x8": 1.5963800225648637, "x9": 1.9454850446509193}, "datetime": {"datetime": "2025-05-09 20:51:54", "elapsed": 2695.607169, "delta": 11.559429}}
{"target": 0.0010379280414780584, "params": {"x0": 0.8328441536885803, "x1": 4.926649531377857, "x2": 7.105744461740121, "x3": 3.1853791411384154, "x4": 0.2701420447355853, "x5": 11.20253664146186, "x6": 13.188473368364468, "x7": 10.919620667744775, "x8": 1.59638002243242, "x9": 1.9454850445721388}, "datetime": {"datetime": "2025-05-09 20:52:05", "elapsed": 2707.349029, "delta": 11.74186}}
{"target": 0.0010379280414780584, "params": {"x0": 0.8328441537516614, "x1": 4.926649531799313, "x2": 7.105744461604308, "x3": 3.1853791410620453, "x4": 0.270142044681367, "x5": 11.202536645258547, "x6": 13.188473370072247, "x7": 10.919620666482626, "x8": 1.5963800222656983, "x9": 1.9454850445770577}, "datetime": {"datetime": "2025-05-09 20:52:17", "elapsed": 2718.776625, "delta": 11.427596}}
{"target": 0.0010379280414780584, "params": {"x0": 0.8328441537456204, "x1": 4.926649531821975, "x2": 7.105744461342811, "x3": 3.18537914304789, "x4": 0.270142045017874, "x5": 11.202536646978851, "x6": 13.188473368731556, "x7": 10.919620660603249, "x8": 1.59638002246787, "x9": 1.9454850444364573}, "datetime": {"datetime": "2025-05-09 20:52:28", "elapsed": 2730.208229, "delta": 11.431604}}
{"target": 0.0010379280414780584, "params": {"x0": 0.8328441537585891, "x1": 4.926649532683078, "x2": 7.105744460981407, "x3": 3.1853791421866826, "x4": 0.2701420447567506, "x5": 11.20253664655118, "x6": 13.188473370188088, "x7": 10.919620665231264, "x8": 1.5963800223778233, "x9": 1.9454850444629184}, "datetime": {"datetime": "2025-05-09 20:52:40", "elapsed": 2742.234366, "delta": 12.026137}}
{"target": 0.0010379280414780584, "params": {"x0": 0.8328441537533332, "x1": 4.926649531816759, "x2": 7.105744460945899, "x3": 3.1853791422033666, "x4": 0.27014204416467097, "x5": 11.202536643734424, "x6": 13.188473368815034, "x7": 10.91962066147218, "x8": 1.5963800223880338, "x9": 1.9454850444448977}, "datetime": {"datetime": "2025-05-09 20:52:52", "elapsed": 2753.981383, "delta": 11.747017}}
{"target": 0.0010379280414780584, "params": {"x0": 0.832844153742263, "x1": 4.926649532636622, "x2": 7.105744460819515, "x3": 3.1853791427928413, "x4": 0.27014204458432634, "x5": 11.202536643348365, "x6": 13.188473371658459, "x7": 10.919620663815486, "x8": 1.5963800225940192, "x9": 1.9454850443702851}, "datetime": {"datetime": "2025-05-09 20:53:04", "elapsed": 2766.090541, "delta": 12.109158}}
{"target": 0.0010379280414780584, "params": {"x0": 0.8328441537226239, "x1": 4.926649532328541, "x2": 7.105744460396238, "x3": 3.1853791421974917, "x4": 0.2701420442834158, "x5": 11.202536642457275, "x6": 13.188473371922777, "x7": 10.919620663813955, "x8": 1.5963800226666633, "x9": 1.9454850443984144}, "datetime": {"datetime": "2025-05-09 20:53:15", "elapsed": 2777.527282, "delta": 11.436741}}
{"target": 0.0010379280414780584, "params": {"x0": 0.8328441537361154, "x1": 4.9266495323805675, "x2": 7.105744460509857, "x3": 3.1853791422790283, "x4": 0.2701420443101822, "x5": 11.202536645711024, "x6": 13.188473373904097, "x7": 10.919620663069036, "x8": 1.5963800225606841, "x9": 1.945485044333075}, "datetime": {"datetime": "2025-05-09 20:53:27", "elapsed": 2789.012233, "delta": 11.484951}}
{"target": 0.0010379280414780584, "params": {"x0": 0.832844153734068, "x1": 4.926649532407334, "x2": 7.105744460584702, "x3": 3.18537914411553, "x4": 0.2701420442474112, "x5": 11.202536644517405, "x6": 13.188473373278846, "x7": 10.91962066232289, "x8": 1.5963800225419973, "x9": 1.9454850442753062}, "datetime": {"datetime": "2025-05-09 20:53:38", "elapsed": 2800.439062, "delta": 11.426829}}
{"target": 0.0010379280414780584, "params": {"x0": 0.8328441537114182, "x1": 4.926649532482953, "x2": 7.1057444604518105, "x3": 3.1853791435796865, "x4": 0.27014204402416647, "x5": 11.202536645339132, "x6": 13.188473372664175, "x7": 10.919620662517868, "x8": 1.5963800227185179, "x9": 1.9454850443156328}, "datetime": {"datetime": "2025-05-09 20:53:50", "elapsed": 2812.117943, "delta": 11.678881}}
{"target": 0.0010379280414780584, "params": {"x0": 0.832844153723145, "x1": 4.926649532590839, "x2": 7.105744460447757, "x3": 3.1853791432793717, "x4": 0.2701420440571855, "x5": 11.20253664324259, "x6": 13.188473370830838, "x7": 10.919620658513788, "x8": 1.596380022786601, "x9": 1.9454850442874991}, "datetime": {"datetime": "2025-05-09 20:54:02", "elapsed": 2824.065353, "delta": 11.94741}}
{"target": 0.0010379280414780584, "params": {"x0": 0.8328441537234889, "x1": 4.926649533061844, "x2": 7.1057444602501425, "x3": 3.18537914288306, "x4": 0.27014204395011804, "x5": 11.20253664359595, "x6": 13.188473371099304, "x7": 10.919620661746912, "x8": 1.5963800227444969, "x9": 1.9454850442987859}, "datetime": {"datetime": "2025-05-09 20:54:13", "elapsed": 2835.468986, "delta": 11.403633}}
{"target": 0.0010379280414780584, "params": {"x0": 0.8328441537049067, "x1": 4.926649532710356, "x2": 7.105744460204405, "x3": 3.1853791429786633, "x4": 0.27014204391433294, "x5": 11.202536643611642, "x6": 13.188473374181426, "x7": 10.919620662457321, "x8": 1.5963800226855565, "x9": 1.9454850443041254}, "datetime": {"datetime": "2025-05-09 20:54:25", "elapsed": 2847.257933, "delta": 11.788947}}
{"target": 0.0010379280414780584, "params": {"x0": 0.8328441537070098, "x1": 4.9266495329150874, "x2": 7.105744460258813, "x3": 3.1853791432333676, "x4": 0.27014204378888634, "x5": 11.202536643795485, "x6": 13.188473371801646, "x7": 10.919620661292754, "x8": 1.5963800227803486, "x9": 1.9454850442280434}, "datetime": {"datetime": "2025-05-09 20:54:37", "elapsed": 2859.061265, "delta": 11.803332}}
{"target": 0.0010379280414780584, "params": {"x0": 0.8328441537062963, "x1": 4.9266495328709725, "x2": 7.105744460119029, "x3": 3.1853791435853513, "x4": 0.2701420437979489, "x5": 11.20253664540846, "x6": 13.188473371437746, "x7": 10.919620661845617, "x8": 1.5963800226604232, "x9": 1.9454850442481622}, "datetime": {"datetime": "2025-05-09 20:54:49", "elapsed": 2870.944332, "delta": 11.883067}}
{"target": 0.0010379280414780584, "params": {"x0": 0.8328441537142341, "x1": 4.926649532901779, "x2": 7.105744460033055, "x3": 3.1853791433804313, "x4": 0.27014204374109335, "x5": 11.202536643930177, "x6": 13.188473371716555, "x7": 10.91962065941702, "x8": 1.596380022694009, "x9": 1.9454850442449219}, "datetime": {"datetime": "2025-05-09 20:55:01", "elapsed": 2883.248357, "delta": 12.304025}}
{"target": 0.0010379280414780584, "params": {"x0": 0.8328441537023962, "x1": 4.926649532979856, "x2": 7.105744460098872, "x3": 3.185379143496385, "x4": 0.2701420436890732, "x5": 11.202536644411962, "x6": 13.188473372560251, "x7": 10.919620661613122, "x8": 1.596380022806198, "x9": 1.9454850442652827}, "datetime": {"datetime": "2025-05-09 20:55:13", "elapsed": 2895.052702, "delta": 11.804345}}
{"target": 0.0010379280414780584, "params": {"x0": 0.8328441537029244, "x1": 4.926649533009848, "x2": 7.105744459859826, "x3": 3.1853791436117627, "x4": 0.2701420436500567, "x5": 11.202536643672325, "x6": 13.188473372478546, "x7": 10.919620661355221, "x8": 1.5963800226956357, "x9": 1.9454850442543503}, "datetime": {"datetime": "2025-05-09 20:55:25", "elapsed": 2907.11013, "delta": 12.057428}}
{"target": 0.0010379280414780584, "params": {"x0": 0.832844153686793, "x1": 4.9266495330376445, "x2": 7.105744460024428, "x3": 3.1853791434346945, "x4": 0.2701420435864875, "x5": 11.202536643830786, "x6": 13.188473372877844, "x7": 10.91962066141227, "x8": 1.596380022714857, "x9": 1.9454850442513496}, "datetime": {"datetime": "2025-05-09 20:55:37", "elapsed": 2918.644044, "delta": 11.533914}}
{"target": 0.0010379280414780584, "params": {"x0": 0.8328441537070217, "x1": 4.926649533085022, "x2": 7.10574445993473, "x3": 3.185379144063109, "x4": 0.2701420435856529, "x5": 11.202536644864022, "x6": 13.188473372452002, "x7": 10.919620660901336, "x8": 1.5963800227124714, "x9": 1.9454850442391265}, "datetime": {"datetime": "2025-05-09 20:55:48", "elapsed": 2930.530444, "delta": 11.8864}}
{"target": 0.0010379280414780584, "params": {"x0": 0.8328441537064158, "x1": 4.926649533143673, "x2": 7.1057444599069415, "x3": 3.185379143504492, "x4": 0.2701420435695579, "x5": 11.2025366438147, "x6": 13.188473372638072, "x7": 10.919620660922014, "x8": 1.5963800227298255, "x9": 1.9454850442390295}, "datetime": {"datetime": "2025-05-09 20:56:00", "elapsed": 2942.49091, "delta": 11.960466}}
{"target": 0.0010379280414780584, "params": {"x0": 0.8328441537043164, "x1": 4.926649533112176, "x2": 7.105744459812759, "x3": 3.185379143655903, "x4": 0.27014204349408016, "x5": 11.202536643915082, "x6": 13.188473372407225, "x7": 10.91962066104037, "x8": 1.5963800226938232, "x9": 1.9454850442338858}, "datetime": {"datetime": "2025-05-09 20:56:13", "elapsed": 2955.199841, "delta": 12.708931}}
{"target": 0.0010379280414780584, "params": {"x0": 0.8328441537047818, "x1": 4.926649533209801, "x2": 7.105744459874457, "x3": 3.1853791436218675, "x4": 0.270142043497663, "x5": 11.202536644706587, "x6": 13.188473372380145, "x7": 10.919620661064545, "x8": 1.596380022705177, "x9": 1.9454850442059444}, "datetime": {"datetime": "2025-05-09 20:56:25", "elapsed": 2967.175148, "delta": 11.975307}}
{"target": 0.0010379280414780584, "params": {"x0": 0.8328441537038466, "x1": 4.926649533157155, "x2": 7.105744459902024, "x3": 3.1853791437909846, "x4": 0.2701420434910228, "x5": 11.202536644479123, "x6": 13.188473372317468, "x7": 10.919620660769839, "x8": 1.5963800227905303, "x9": 1.9454850442245046}, "datetime": {"datetime": "2025-05-09 20:56:37", "elapsed": 2978.936972, "delta": 11.761824}}
{"target": 0.0010379280414780584, "params": {"x0": 0.8328441537044005, "x1": 4.926649533218288, "x2": 7.105744459860706, "x3": 3.1853791437804335, "x4": 0.2701420434771227, "x5": 11.202536644069628, "x6": 13.18847337292792, "x7": 10.919620660734873, "x8": 1.596380022736176, "x9": 1.9454850442122205}, "datetime": {"datetime": "2025-05-09 20:56:49", "elapsed": 2990.71114, "delta": 11.774168}}
{"target": 0.0010379280414780584, "params": {"x0": 0.8328441536951765, "x1": 4.926649533201181, "x2": 7.105744459866367, "x3": 3.1853791437887207, "x4": 0.270142043452332, "x5": 11.20253664466782, "x6": 13.188473372758798, "x7": 10.919620660438126, "x8": 1.5963800227232179, "x9": 1.9454850442030578}, "datetime": {"datetime": "2025-05-09 20:57:01", "elapsed": 3002.716552, "delta": 12.005412}}
{"target": 0.0010379280414780584, "params": {"x0": 0.8328441537016069, "x1": 4.926649533260379, "x2": 7.105744459841504, "x3": 3.1853791438001187, "x4": 0.2701420434395922, "x5": 11.202536644281386, "x6": 13.188473372619491, "x7": 10.919620660736726, "x8": 1.596380022731717, "x9": 1.9454850442135931}, "datetime": {"datetime": "2025-05-09 20:57:13", "elapsed": 3014.607218, "delta": 11.890666}}
{"target": 0.0010379280414780584, "params": {"x0": 0.83284415369568, "x1": 4.926649533238184, "x2": 7.105744459813811, "x3": 3.1853791437130905, "x4": 0.2701420434137982, "x5": 11.202536644162619, "x6": 13.188473372667776, "x7": 10.919620660661653, "x8": 1.5963800227264713, "x9": 1.9454850441982405}, "datetime": {"datetime": "2025-05-09 20:57:25", "elapsed": 3026.667419, "delta": 12.060201}}
{"target": 0.0010379280414780584, "params": {"x0": 0.832844153696797, "x1": 4.926649533238259, "x2": 7.105744459803861, "x3": 3.1853791437301213, "x4": 0.2701420434130505, "x5": 11.202536644520663, "x6": 13.188473372677082, "x7": 10.91962066069873, "x8": 1.5963800227674751, "x9": 1.9454850442080538}, "datetime": {"datetime": "2025-05-09 20:57:37", "elapsed": 3038.578303, "delta": 11.910884}}
{"target": 0.0010379280414780584, "params": {"x0": 0.8328441537003537, "x1": 4.926649533346856, "x2": 7.105744459822811, "x3": 3.185379143760403, "x4": 0.27014204340205045, "x5": 11.202536644283906, "x6": 13.188473372680189, "x7": 10.919620660652884, "x8": 1.5963800227457265, "x9": 1.9454850442057015}, "datetime": {"datetime": "2025-05-09 20:57:48", "elapsed": 3050.373272, "delta": 11.794969}}
