{"target": 0.0010379280414780584, "params": {"x0": 0.8328441536986364, "x1": 4.92664953336109, "x2": 7.105744459728726, "x3": 3.185379143895553, "x4": 0.2701420433035228, "x5": 11.20253664432448, "x6": 13.188473372857741, "x7": 10.919620660338882, "x8": 1.596380022754149, "x9": 1.9454850441853933}, "datetime": {"datetime": "2025-05-09 21:21:23", "elapsed": 4464.611057, "delta": 13.432045}}
{"target": 0.0010379280414780584, "params": {"x0": 0.8328441536986364, "x1": 4.926649533361092, "x2": 7.105744459728725, "x3": 3.185379143895552, "x4": 0.27014204330352265, "x5": 11.202536644324478, "x6": 13.18847337285774, "x7": 10.919620660338884, "x8": 1.5963800227541491, "x9": 1.9454850441853933}, "datetime": {"datetime": "2025-05-09 21:21:36", "elapsed": 4478.325262, "delta": 13.714205}}
{"target": 0.0010379280414780584, "params": {"x0": 0.8328441536986364, "x1": 4.926649533361091, "x2": 7.105744459728724, "x3": 3.185379143895553, "x4": 0.2701420433035222, "x5": 11.202536644324482, "x6": 13.188473372857738, "x7": 10.919620660338884, "x8": 1.596380022754149, "x9": 1.9454850441853935}, "datetime": {"datetime": "2025-05-09 21:21:50", "elapsed": 4491.64272, "delta": 13.317458}}
{"target": 0.0010379280414780584, "params": {"x0": 0.8328441536986364, "x1": 4.926649533361092, "x2": 7.105744459728726, "x3": 3.1853791438955525, "x4": 0.27014204330352287, "x5": 11.20253664432448, "x6": 13.18847337285774, "x7": 10.919620660338884, "x8": 1.596380022754149, "x9": 1.9454850441853933}, "datetime": {"datetime": "2025-05-09 21:22:03", "elapsed": 4505.121407, "delta": 13.478687}}
{"target": 0.0010379280414780584, "params": {"x0": 0.8328441536986364, "x1": 4.926649533361091, "x2": 7.105744459728726, "x3": 3.1853791438955534, "x4": 0.2701420433035226, "x5": 11.202536644324478, "x6": 13.18847337285774, "x7": 10.919620660338886, "x8": 1.596380022754149, "x9": 1.9454850441853933}, "datetime": {"datetime": "2025-05-09 21:22:16", "elapsed": 4518.127722, "delta": 13.006315}}
{"target": 0.0010379280414780584, "params": {"x0": 0.8328441536986364, "x1": 4.92664953336109, "x2": 7.105744459728724, "x3": 3.1853791438955525, "x4": 0.2701420433035219, "x5": 11.202536644324478, "x6": 13.188473372857741, "x7": 10.919620660338882, "x8": 1.596380022754149, "x9": 1.9454850441853933}, "datetime": {"datetime": "2025-05-09 21:22:29", "elapsed": 4531.471684, "delta": 13.343962}}
{"target": 0.0010379280414780584, "params": {"x0": 0.8328441536986364, "x1": 4.92664953336109, "x2": 7.105744459728725, "x3": 3.185379143895553, "x4": 0.27014204330352226, "x5": 11.20253664432448, "x6": 13.18847337285774, "x7": 10.919620660338886, "x8": 1.5963800227541487, "x9": 1.9454850441853933}, "datetime": {"datetime": "2025-05-09 21:22:42", "elapsed": 4544.503282, "delta": 13.031598}}
{"target": 0.0010379280414780584, "params": {"x0": 0.8328441536986364, "x1": 4.926649533361091, "x2": 7.105744459728725, "x3": 3.1853791438955525, "x4": 0.27014204330352243, "x5": 11.202536644324478, "x6": 13.188473372857738, "x7": 10.919620660338886, "x8": 1.596380022754149, "x9": 1.9454850441853933}, "datetime": {"datetime": "2025-05-09 21:22:56", "elapsed": 4557.88153, "delta": 13.378248}}
{"target": 0.0010379280414780584, "params": {"x0": 0.8328441536986364, "x1": 4.926649533361091, "x2": 7.105744459728725, "x3": 3.185379143895553, "x4": 0.270142043303522, "x5": 11.20253664432448, "x6": 13.188473372857741, "x7": 10.919620660338884, "x8": 1.596380022754149, "x9": 1.9454850441853933}, "datetime": {"datetime": "2025-05-09 21:23:09", "elapsed": 4571.266077, "delta": 13.384547}}
{"target": 0.0010379280414780584, "params": {"x0": 0.8328441536986364, "x1": 4.926649533361091, "x2": 7.105744459728725, "x3": 3.1853791438955525, "x4": 0.2701420433035223, "x5": 11.20253664432448, "x6": 13.18847337285774, "x7": 10.919620660338882, "x8": 1.596380022754149, "x9": 1.9454850441853933}, "datetime": {"datetime": "2025-05-09 21:23:22", "elapsed": 4584.479304, "delta": 13.213227}}
{"target": 0.0010379280414780584, "params": {"x0": 0.8328441536986364, "x1": 4.926649533361091, "x2": 7.105744459728725, "x3": 3.1853791438955534, "x4": 0.2701420433035224, "x5": 11.20253664432448, "x6": 13.18847337285774, "x7": 10.919620660338886, "x8": 1.596380022754149, "x9": 1.9454850441853933}, "datetime": {"datetime": "2025-05-09 21:23:35", "elapsed": 4597.134372, "delta": 12.655068}}
{"target": 0.0010379280414780584, "params": {"x0": 0.8328441536986364, "x1": 4.926649533361091, "x2": 7.105744459728725, "x3": 3.185379143895553, "x4": 0.27014204330352215, "x5": 11.20253664432448, "x6": 13.18847337285774, "x7": 10.919620660338886, "x8": 1.596380022754149, "x9": 1.9454850441853933}, "datetime": {"datetime": "2025-05-09 21:23:48", "elapsed": 4610.446456, "delta": 13.312084}}
{"target": 0.0010379280414780584, "params": {"x0": 0.8328441536986364, "x1": 4.926649533361091, "x2": 7.105744459728725, "x3": 3.185379143895553, "x4": 0.27014204330352215, "x5": 11.20253664432448, "x6": 13.18847337285774, "x7": 10.919620660338884, "x8": 1.596380022754149, "x9": 1.9454850441853933}, "datetime": {"datetime": "2025-05-09 21:24:03", "elapsed": 4624.570004, "delta": 14.123548}}
{"target": 0.0010379280414780584, "params": {"x0": 0.8328441536986364, "x1": 4.926649533361091, "x2": 7.105744459728725, "x3": 3.185379143895553, "x4": 0.2701420433035221, "x5": 11.20253664432448, "x6": 13.18847337285774, "x7": 10.919620660338884, "x8": 1.596380022754149, "x9": 1.9454850441853933}, "datetime": {"datetime": "2025-05-09 21:24:17", "elapsed": 4638.903995, "delta": 14.333991}}
{"target": 0.0010379280414780584, "params": {"x0": 0.8328441536986364, "x1": 4.926649533361091, "x2": 7.105744459728725, "x3": 3.185379143895553, "x4": 0.2701420433035221, "x5": 11.20253664432448, "x6": 13.18847337285774, "x7": 10.919620660338884, "x8": 1.596380022754149, "x9": 1.9454850441853933}, "datetime": {"datetime": "2025-05-09 21:24:29", "elapsed": 4651.540025, "delta": 12.63603}}
{"target": 0.0010379280414780584, "params": {"x0": 0.8328441536986364, "x1": 4.926649533361091, "x2": 7.105744459728725, "x3": 3.1853791438955534, "x4": 0.27014204330352215, "x5": 11.20253664432448, "x6": 13.18847337285774, "x7": 10.919620660338884, "x8": 1.596380022754149, "x9": 1.9454850441853933}, "datetime": {"datetime": "2025-05-09 21:24:44", "elapsed": 4666.019752, "delta": 14.479727}}
{"target": 0.0010379280414780584, "params": {"x0": 0.8328441536986364, "x1": 4.926649533361091, "x2": 7.105744459728725, "x3": 3.185379143895553, "x4": 0.27014204330352243, "x5": 11.20253664432448, "x6": 13.18847337285774, "x7": 10.919620660338884, "x8": 1.596380022754149, "x9": 1.9454850441853933}, "datetime": {"datetime": "2025-05-09 21:24:58", "elapsed": 4679.654088, "delta": 13.634336}}
{"target": 0.0010379280414780584, "params": {"x0": 0.8328441536986364, "x1": 4.926649533361091, "x2": 7.105744459728725, "x3": 3.185379143895553, "x4": 0.2701420433035222, "x5": 11.20253664432448, "x6": 13.18847337285774, "x7": 10.919620660338884, "x8": 1.596380022754149, "x9": 1.9454850441853933}, "datetime": {"datetime": "2025-05-09 21:25:11", "elapsed": 4692.914738, "delta": 13.26065}}
{"target": 0.0010379280414780584, "params": {"x0": 0.8328441536986364, "x1": 4.926649533361091, "x2": 7.105744459728725, "x3": 3.185379143895553, "x4": 0.27014204330352215, "x5": 11.20253664432448, "x6": 13.18847337285774, "x7": 10.919620660338884, "x8": 1.596380022754149, "x9": 1.9454850441853933}, "datetime": {"datetime": "2025-05-09 21:25:24", "elapsed": 4706.090129, "delta": 13.175391}}
{"target": 0.0010379280414780584, "params": {"x0": 0.8328441536986364, "x1": 4.926649533361091, "x2": 7.105744459728725, "x3": 3.185379143895553, "x4": 0.27014204330352215, "x5": 11.20253664432448, "x6": 13.18847337285774, "x7": 10.919620660338884, "x8": 1.596380022754149, "x9": 1.9454850441853933}, "datetime": {"datetime": "2025-05-09 21:25:38", "elapsed": 4719.841075, "delta": 13.750946}}
{"target": 0.0010379280414780584, "params": {"x0": 0.8328441536986364, "x1": 4.926649533361091, "x2": 7.105744459728725, "x3": 3.185379143895553, "x4": 0.2701420433035224, "x5": 11.20253664432448, "x6": 13.18847337285774, "x7": 10.919620660338884, "x8": 1.596380022754149, "x9": 1.9454850441853933}, "datetime": {"datetime": "2025-05-09 21:25:51", "elapsed": 4733.543514, "delta": 13.702439}}
{"target": 0.0010379280414780584, "params": {"x0": 0.8328441536986364, "x1": 4.926649533361091, "x2": 7.105744459728725, "x3": 3.185379143895553, "x4": 0.2701420433035223, "x5": 11.20253664432448, "x6": 13.18847337285774, "x7": 10.919620660338884, "x8": 1.596380022754149, "x9": 1.9454850441853933}, "datetime": {"datetime": "2025-05-09 21:26:05", "elapsed": 4747.423514, "delta": 13.88}}
{"target": 0.0010379280414780584, "params": {"x0": 0.8328441536986364, "x1": 4.926649533361091, "x2": 7.105744459728725, "x3": 3.185379143895553, "x4": 0.2701420433035223, "x5": 11.20253664432448, "x6": 13.18847337285774, "x7": 10.919620660338884, "x8": 1.596380022754149, "x9": 1.9454850441853933}, "datetime": {"datetime": "2025-05-09 21:26:19", "elapsed": 4760.962787, "delta": 13.539273}}
{"target": 0.0010379280414780584, "params": {"x0": 0.8328441536986364, "x1": 4.926649533361091, "x2": 7.105744459728725, "x3": 3.185379143895553, "x4": 0.27014204330352226, "x5": 11.20253664432448, "x6": 13.18847337285774, "x7": 10.919620660338884, "x8": 1.596380022754149, "x9": 1.9454850441853933}, "datetime": {"datetime": "2025-05-09 21:26:32", "elapsed": 4774.165719, "delta": 13.202932}}
{"target": 0.0010379280414780584, "params": {"x0": 0.8328441536986364, "x1": 4.926649533361091, "x2": 7.105744459728725, "x3": 3.185379143895553, "x4": 0.2701420433035223, "x5": 11.20253664432448, "x6": 13.18847337285774, "x7": 10.919620660338884, "x8": 1.596380022754149, "x9": 1.9454850441853933}, "datetime": {"datetime": "2025-05-09 21:26:47", "elapsed": 4788.934903, "delta": 14.769184}}
{"target": 0.0010379280414780584, "params": {"x0": 0.8328441536986364, "x1": 4.926649533361091, "x2": 7.105744459728725, "x3": 3.185379143895553, "x4": 0.2701420433035222, "x5": 11.20253664432448, "x6": 13.18847337285774, "x7": 10.919620660338884, "x8": 1.596380022754149, "x9": 1.9454850441853933}, "datetime": {"datetime": "2025-05-09 21:27:01", "elapsed": 4803.2327, "delta": 14.297797}}
{"target": 0.0010379280414780584, "params": {"x0": 0.8328441536986364, "x1": 4.926649533361091, "x2": 7.105744459728725, "x3": 3.185379143895553, "x4": 0.2701420433035223, "x5": 11.20253664432448, "x6": 13.18847337285774, "x7": 10.919620660338884, "x8": 1.596380022754149, "x9": 1.9454850441853933}, "datetime": {"datetime": "2025-05-09 21:27:15", "elapsed": 4816.823929, "delta": 13.591229}}
{"target": 0.0010379280414780584, "params": {"x0": 0.8328441536986364, "x1": 4.926649533361091, "x2": 7.105744459728725, "x3": 3.185379143895553, "x4": 0.27014204330352226, "x5": 11.20253664432448, "x6": 13.18847337285774, "x7": 10.919620660338884, "x8": 1.596380022754149, "x9": 1.9454850441853933}, "datetime": {"datetime": "2025-05-09 21:27:29", "elapsed": 4831.333962, "delta": 14.510033}}
{"target": 0.0010379280414780584, "params": {"x0": 0.8328441536986364, "x1": 4.926649533361091, "x2": 7.105744459728725, "x3": 3.185379143895553, "x4": 0.2701420433035222, "x5": 11.20253664432448, "x6": 13.18847337285774, "x7": 10.919620660338884, "x8": 1.596380022754149, "x9": 1.9454850441853933}, "datetime": {"datetime": "2025-05-09 21:27:44", "elapsed": 4845.6146, "delta": 14.280638}}
{"target": 0.0010379280414780584, "params": {"x0": 0.8328441536986364, "x1": 4.926649533361091, "x2": 7.105744459728725, "x3": 3.185379143895553, "x4": 0.2701420433035222, "x5": 11.20253664432448, "x6": 13.18847337285774, "x7": 10.919620660338884, "x8": 1.596380022754149, "x9": 1.9454850441853933}, "datetime": {"datetime": "2025-05-09 21:27:57", "elapsed": 4859.556693, "delta": 13.942093}}
{"target": 0.0010379280414780584, "params": {"x0": 0.8328441536986364, "x1": 4.926649533361091, "x2": 7.105744459728725, "x3": 3.185379143895553, "x4": 0.2701420433035222, "x5": 11.20253664432448, "x6": 13.18847337285774, "x7": 10.919620660338884, "x8": 1.596380022754149, "x9": 1.9454850441853933}, "datetime": {"datetime": "2025-05-09 21:28:12", "elapsed": 4874.498478, "delta": 14.941785}}
{"target": 0.0010379280414780584, "params": {"x0": 0.8328441536986364, "x1": 4.926649533361091, "x2": 7.105744459728725, "x3": 3.185379143895553, "x4": 0.27014204330352226, "x5": 11.20253664432448, "x6": 13.18847337285774, "x7": 10.919620660338884, "x8": 1.596380022754149, "x9": 1.9454850441853933}, "datetime": {"datetime": "2025-05-09 21:28:26", "elapsed": 4888.065757, "delta": 13.567279}}
{"target": 0.0010379280414780584, "params": {"x0": 0.8328441536986364, "x1": 4.926649533361091, "x2": 7.105744459728725, "x3": 3.185379143895553, "x4": 0.2701420433035223, "x5": 11.20253664432448, "x6": 13.18847337285774, "x7": 10.919620660338884, "x8": 1.596380022754149, "x9": 1.9454850441853933}, "datetime": {"datetime": "2025-05-09 21:28:40", "elapsed": 4902.089034, "delta": 14.023277}}
