{"target": 0.0010379280414780584, "params": {"x0": 0.8328441536986403, "x1": 4.9266495333608304, "x2": 7.105744459728689, "x3": 3.185379143895748, "x4": 0.27014204330326086, "x5": 11.20253664432428, "x6": 13.188473372857043, "x7": 10.919620660339774, "x8": 1.5963800227541476, "x9": 1.9454850441854432}, "datetime": {"datetime": "2025-05-09 21:09:24", "elapsed": 3746.062625, "delta": 13.308242}}
{"target": 0.0010379280414780584, "params": {"x0": 0.8328441536986326, "x1": 4.926649533361113, "x2": 7.105744459728551, "x3": 3.185379143895776, "x4": 0.2701420433033638, "x5": 11.202536644324192, "x6": 13.188473372857636, "x7": 10.919620660339525, "x8": 1.596380022754165, "x9": 1.945485044185407}, "datetime": {"datetime": "2025-05-09 21:09:37", "elapsed": 3758.851871, "delta": 12.789246}}
{"target": 0.0010379280414780584, "params": {"x0": 0.8328441536986408, "x1": 4.926649533361022, "x2": 7.105744459728611, "x3": 3.185379143895823, "x4": 0.2701420433035467, "x5": 11.202536644324562, "x6": 13.188473372857091, "x7": 10.919620660338854, "x8": 1.5963800227541822, "x9": 1.9454850441853762}, "datetime": {"datetime": "2025-05-09 21:09:50", "elapsed": 3771.722347, "delta": 12.870476}}
{"target": 0.0010379280414780584, "params": {"x0": 0.8328441536986284, "x1": 4.926649533361196, "x2": 7.105744459728672, "x3": 3.1853791438954935, "x4": 0.27014204330332303, "x5": 11.202536644324192, "x6": 13.188473372857276, "x7": 10.919620660339199, "x8": 1.5963800227541602, "x9": 1.945485044185428}, "datetime": {"datetime": "2025-05-09 21:10:03", "elapsed": 3784.597132, "delta": 12.874785}}
{"target": 0.0010379280414780584, "params": {"x0": 0.8328441536986334, "x1": 4.926649533361187, "x2": 7.105744459728597, "x3": 3.185379143895375, "x4": 0.2701420433036862, "x5": 11.202536644324546, "x6": 13.188473372858017, "x7": 10.919620660339485, "x8": 1.5963800227541054, "x9": 1.9454850441854095}, "datetime": {"datetime": "2025-05-09 21:10:16", "elapsed": 3797.815715, "delta": 13.218583}}
{"target": 0.0010379280414780584, "params": {"x0": 0.8328441536986311, "x1": 4.926649533360967, "x2": 7.105744459728719, "x3": 3.1853791438957177, "x4": 0.2701420433035119, "x5": 11.20253664432425, "x6": 13.188473372858146, "x7": 10.919620660339117, "x8": 1.5963800227541876, "x9": 1.9454850441854195}, "datetime": {"datetime": "2025-05-09 21:10:28", "elapsed": 3810.45393, "delta": 12.638215}}
{"target": 0.0010379280414780584, "params": {"x0": 0.8328441536986309, "x1": 4.926649533361197, "x2": 7.105744459728753, "x3": 3.1853791438955574, "x4": 0.27014204330345803, "x5": 11.20253664432433, "x6": 13.188473372857601, "x7": 10.919620660339357, "x8": 1.5963800227541527, "x9": 1.9454850441853864}, "datetime": {"datetime": "2025-05-09 21:10:41", "elapsed": 3823.539393, "delta": 13.085463}}
{"target": 0.0010379280414780584, "params": {"x0": 0.8328441536986386, "x1": 4.926649533361089, "x2": 7.105744459728717, "x3": 3.1853791438954877, "x4": 0.2701420433035206, "x5": 11.20253664432447, "x6": 13.188473372857823, "x7": 10.91962066033919, "x8": 1.596380022754151, "x9": 1.9454850441853826}, "datetime": {"datetime": "2025-05-09 21:10:54", "elapsed": 3835.866871, "delta": 12.327478}}
{"target": 0.0010379280414780584, "params": {"x0": 0.8328441536986321, "x1": 4.926649533361139, "x2": 7.10574445972872, "x3": 3.1853791438954286, "x4": 0.270142043303423, "x5": 11.202536644324601, "x6": 13.188473372857846, "x7": 10.919620660338966, "x8": 1.5963800227541574, "x9": 1.9454850441853804}, "datetime": {"datetime": "2025-05-09 21:11:07", "elapsed": 3849.24033, "delta": 13.373459}}
{"target": 0.0010379280414780584, "params": {"x0": 0.832844153698637, "x1": 4.926649533361118, "x2": 7.105744459728715, "x3": 3.185379143895668, "x4": 0.2701420433036027, "x5": 11.20253664432432, "x6": 13.188473372857866, "x7": 10.919620660339241, "x8": 1.5963800227541478, "x9": 1.9454850441853995}, "datetime": {"datetime": "2025-05-09 21:11:20", "elapsed": 3861.746509, "delta": 12.506179}}
{"target": 0.0010379280414780584, "params": {"x0": 0.8328441536986394, "x1": 4.926649533361045, "x2": 7.105744459728658, "x3": 3.1853791438954273, "x4": 0.27014204330355157, "x5": 11.202536644324372, "x6": 13.188473372857596, "x7": 10.919620660339016, "x8": 1.5963800227541283, "x9": 1.945485044185384}, "datetime": {"datetime": "2025-05-09 21:11:32", "elapsed": 3874.509818, "delta": 12.763309}}
{"target": 0.0010379280414780584, "params": {"x0": 0.832844153698633, "x1": 4.926649533361152, "x2": 7.105744459728663, "x3": 3.1853791438954473, "x4": 0.27014204330348374, "x5": 11.202536644324638, "x6": 13.188473372857723, "x7": 10.919620660339032, "x8": 1.5963800227541651, "x9": 1.9454850441853895}, "datetime": {"datetime": "2025-05-09 21:11:46", "elapsed": 3887.829183, "delta": 13.319365}}
{"target": 0.0010379280414780584, "params": {"x0": 0.8328441536986348, "x1": 4.926649533361142, "x2": 7.105744459728697, "x3": 3.185379143895467, "x4": 0.27014204330349173, "x5": 11.202536644324333, "x6": 13.188473372857798, "x7": 10.919620660338738, "x8": 1.596380022754161, "x9": 1.9454850441854032}, "datetime": {"datetime": "2025-05-09 21:11:58", "elapsed": 3900.549998, "delta": 12.720815}}
{"target": 0.0010379280414780584, "params": {"x0": 0.8328441536986392, "x1": 4.926649533361089, "x2": 7.105744459728705, "x3": 3.185379143895643, "x4": 0.2701420433035873, "x5": 11.202536644324635, "x6": 13.188473372857944, "x7": 10.919620660338722, "x8": 1.596380022754165, "x9": 1.9454850441853897}, "datetime": {"datetime": "2025-05-09 21:12:12", "elapsed": 3914.286866, "delta": 13.736868}}
{"target": 0.0010379280414780584, "params": {"x0": 0.8328441536986381, "x1": 4.926649533361087, "x2": 7.105744459728697, "x3": 3.185379143895536, "x4": 0.2701420433035523, "x5": 11.202536644324466, "x6": 13.18847337285779, "x7": 10.91962066033906, "x8": 1.5963800227541605, "x9": 1.945485044185386}, "datetime": {"datetime": "2025-05-09 21:12:25", "elapsed": 3926.894898, "delta": 12.608032}}
{"target": 0.0010379280414780584, "params": {"x0": 0.8328441536986351, "x1": 4.926649533361119, "x2": 7.105744459728741, "x3": 3.185379143895492, "x4": 0.27014204330347213, "x5": 11.20253664432453, "x6": 13.188473372857837, "x7": 10.919620660338918, "x8": 1.596380022754159, "x9": 1.9454850441853972}, "datetime": {"datetime": "2025-05-09 21:12:37", "elapsed": 3939.215051, "delta": 12.320153}}
{"target": 0.0010379280414780584, "params": {"x0": 0.8328441536986352, "x1": 4.926649533361111, "x2": 7.1057444597287125, "x3": 3.1853791438955987, "x4": 0.27014204330353475, "x5": 11.202536644324459, "x6": 13.188473372857615, "x7": 10.91962066033888, "x8": 1.5963800227541487, "x9": 1.945485044185394}, "datetime": {"datetime": "2025-05-09 21:12:51", "elapsed": 3953.307206, "delta": 14.092155}}
{"target": 0.0010379280414780584, "params": {"x0": 0.8328441536986358, "x1": 4.926649533361042, "x2": 7.105744459728712, "x3": 3.185379143895553, "x4": 0.27014204330355807, "x5": 11.202536644324427, "x6": 13.188473372857638, "x7": 10.91962066033886, "x8": 1.5963800227541571, "x9": 1.9454850441853841}, "datetime": {"datetime": "2025-05-09 21:13:04", "elapsed": 3966.198419, "delta": 12.891213}}
{"target": 0.0010379280414780584, "params": {"x0": 0.8328441536986378, "x1": 4.926649533361049, "x2": 7.105744459728707, "x3": 3.1853791438955508, "x4": 0.27014204330350167, "x5": 11.202536644324436, "x6": 13.188473372857782, "x7": 10.919620660338774, "x8": 1.5963800227541383, "x9": 1.945485044185397}, "datetime": {"datetime": "2025-05-09 21:13:17", "elapsed": 3978.743964, "delta": 12.545545}}
{"target": 0.0010379280414780584, "params": {"x0": 0.8328441536986364, "x1": 4.926649533361092, "x2": 7.105744459728697, "x3": 3.1853791438956023, "x4": 0.2701420433034986, "x5": 11.20253664432443, "x6": 13.188473372857793, "x7": 10.919620660338767, "x8": 1.5963800227541451, "x9": 1.9454850441854008}, "datetime": {"datetime": "2025-05-09 21:13:30", "elapsed": 3991.789135, "delta": 13.045171}}
{"target": 0.0010379280414780584, "params": {"x0": 0.8328441536986366, "x1": 4.926649533361117, "x2": 7.1057444597287525, "x3": 3.1853791438955725, "x4": 0.27014204330350594, "x5": 11.202536644324457, "x6": 13.188473372857658, "x7": 10.919620660338799, "x8": 1.5963800227541463, "x9": 1.9454850441853961}, "datetime": {"datetime": "2025-05-09 21:13:42", "elapsed": 4004.101243, "delta": 12.312108}}
{"target": 0.0010379280414780584, "params": {"x0": 0.8328441536986365, "x1": 4.926649533361069, "x2": 7.105744459728713, "x3": 3.185379143895518, "x4": 0.27014204330350794, "x5": 11.202536644324432, "x6": 13.188473372857766, "x7": 10.919620660338936, "x8": 1.5963800227541542, "x9": 1.945485044185393}, "datetime": {"datetime": "2025-05-09 21:13:55", "elapsed": 4016.893541, "delta": 12.792298}}
{"target": 0.0010379280414780584, "params": {"x0": 0.8328441536986357, "x1": 4.926649533361097, "x2": 7.105744459728737, "x3": 3.1853791438955192, "x4": 0.2701420433035345, "x5": 11.202536644324486, "x6": 13.188473372857818, "x7": 10.919620660338895, "x8": 1.5963800227541516, "x9": 1.9454850441853935}, "datetime": {"datetime": "2025-05-09 21:14:08", "elapsed": 4030.254718, "delta": 13.361177}}
{"target": 0.0010379280414780584, "params": {"x0": 0.8328441536986363, "x1": 4.926649533361074, "x2": 7.105744459728731, "x3": 3.185379143895546, "x4": 0.2701420433035093, "x5": 11.202536644324452, "x6": 13.188473372857674, "x7": 10.919620660338799, "x8": 1.5963800227541507, "x9": 1.9454850441853897}, "datetime": {"datetime": "2025-05-09 21:14:21", "elapsed": 4042.819461, "delta": 12.564743}}
{"target": 0.0010379280414780584, "params": {"x0": 0.832844153698636, "x1": 4.92664953336108, "x2": 7.10574445972873, "x3": 3.185379143895561, "x4": 0.27014204330352, "x5": 11.202536644324516, "x6": 13.188473372857693, "x7": 10.919620660338808, "x8": 1.596380022754154, "x9": 1.9454850441853948}, "datetime": {"datetime": "2025-05-09 21:14:34", "elapsed": 4055.750194, "delta": 12.930733}}
{"target": 0.0010379280414780584, "params": {"x0": 0.8328441536986363, "x1": 4.926649533361106, "x2": 7.105744459728708, "x3": 3.1853791438955845, "x4": 0.2701420433035263, "x5": 11.202536644324475, "x6": 13.188473372857715, "x7": 10.919620660338863, "x8": 1.5963800227541494, "x9": 1.945485044185392}, "datetime": {"datetime": "2025-05-09 21:14:47", "elapsed": 4068.885721, "delta": 13.135527}}
{"target": 0.0010379280414780584, "params": {"x0": 0.8328441536986365, "x1": 4.926649533361106, "x2": 7.105744459728709, "x3": 3.1853791438955716, "x4": 0.27014204330353764, "x5": 11.20253664432451, "x6": 13.188473372857738, "x7": 10.91962066033886, "x8": 1.5963800227541525, "x9": 1.9454850441853901}, "datetime": {"datetime": "2025-05-09 21:15:00", "elapsed": 4081.977063, "delta": 13.091342}}
{"target": 0.0010379280414780584, "params": {"x0": 0.8328441536986368, "x1": 4.926649533361093, "x2": 7.105744459728731, "x3": 3.1853791438955765, "x4": 0.27014204330351027, "x5": 11.202536644324493, "x6": 13.188473372857757, "x7": 10.919620660338836, "x8": 1.5963800227541454, "x9": 1.9454850441853961}, "datetime": {"datetime": "2025-05-09 21:15:13", "elapsed": 4095.347943, "delta": 13.37088}}
{"target": 0.0010379280414780584, "params": {"x0": 0.832844153698637, "x1": 4.926649533361105, "x2": 7.105744459728711, "x3": 3.1853791438955468, "x4": 0.2701420433035338, "x5": 11.202536644324463, "x6": 13.18847337285772, "x7": 10.919620660338909, "x8": 1.5963800227541454, "x9": 1.9454850441853957}, "datetime": {"datetime": "2025-05-09 21:15:27", "elapsed": 4109.137299, "delta": 13.789356}}
{"target": 0.0010379280414780584, "params": {"x0": 0.8328441536986361, "x1": 4.926649533361097, "x2": 7.105744459728731, "x3": 3.1853791438955383, "x4": 0.2701420433035204, "x5": 11.202536644324478, "x6": 13.18847337285771, "x7": 10.919620660338875, "x8": 1.5963800227541498, "x9": 1.9454850441853917}, "datetime": {"datetime": "2025-05-09 21:15:40", "elapsed": 4122.457993, "delta": 13.320694}}
{"target": 0.0010379280414780584, "params": {"x0": 0.8328441536986368, "x1": 4.926649533361083, "x2": 7.105744459728715, "x3": 3.1853791438955357, "x4": 0.2701420433035106, "x5": 11.202536644324505, "x6": 13.18847337285776, "x7": 10.919620660338873, "x8": 1.5963800227541507, "x9": 1.9454850441853933}, "datetime": {"datetime": "2025-05-09 21:15:54", "elapsed": 4135.715357, "delta": 13.257364}}
{"target": 0.0010379280414780584, "params": {"x0": 0.8328441536986361, "x1": 4.926649533361079, "x2": 7.105744459728729, "x3": 3.1853791438955366, "x4": 0.2701420433035302, "x5": 11.202536644324471, "x6": 13.188473372857764, "x7": 10.919620660338875, "x8": 1.5963800227541511, "x9": 1.9454850441853915}, "datetime": {"datetime": "2025-05-09 21:16:06", "elapsed": 4148.297056, "delta": 12.581699}}
{"target": 0.0010379280414780584, "params": {"x0": 0.8328441536986363, "x1": 4.9266495333611005, "x2": 7.105744459728731, "x3": 3.185379143895554, "x4": 0.27014204330351776, "x5": 11.202536644324468, "x6": 13.188473372857757, "x7": 10.919620660338895, "x8": 1.596380022754148, "x9": 1.9454850441853937}, "datetime": {"datetime": "2025-05-09 21:16:20", "elapsed": 4161.593949, "delta": 13.296893}}
{"target": 0.0010379280414780584, "params": {"x0": 0.8328441536986361, "x1": 4.926649533361085, "x2": 7.105744459728721, "x3": 3.185379143895558, "x4": 0.27014204330352243, "x5": 11.202536644324466, "x6": 13.188473372857748, "x7": 10.91962066033888, "x8": 1.596380022754147, "x9": 1.9454850441853933}, "datetime": {"datetime": "2025-05-09 21:16:32", "elapsed": 4174.234009, "delta": 12.64006}}
{"target": 0.0010379280414780584, "params": {"x0": 0.8328441536986366, "x1": 4.926649533361099, "x2": 7.105744459728728, "x3": 3.185379143895543, "x4": 0.27014204330352104, "x5": 11.20253664432448, "x6": 13.188473372857734, "x7": 10.919620660338907, "x8": 1.5963800227541494, "x9": 1.9454850441853921}, "datetime": {"datetime": "2025-05-09 21:16:46", "elapsed": 4188.261499, "delta": 14.02749}}
{"target": 0.0010379280414780584, "params": {"x0": 0.8328441536986361, "x1": 4.926649533361087, "x2": 7.105744459728727, "x3": 3.1853791438955605, "x4": 0.27014204330352226, "x5": 11.202536644324466, "x6": 13.188473372857755, "x7": 10.919620660338875, "x8": 1.596380022754149, "x9": 1.9454850441853933}, "datetime": {"datetime": "2025-05-09 21:16:59", "elapsed": 4200.765784, "delta": 12.504285}}
{"target": 0.0010379280414780584, "params": {"x0": 0.8328441536986363, "x1": 4.926649533361085, "x2": 7.105744459728723, "x3": 3.1853791438955508, "x4": 0.2701420433035197, "x5": 11.202536644324491, "x6": 13.188473372857734, "x7": 10.919620660338895, "x8": 1.5963800227541496, "x9": 1.945485044185392}, "datetime": {"datetime": "2025-05-09 21:17:11", "elapsed": 4213.520221, "delta": 12.754437}}
{"target": 0.0010379280414780584, "params": {"x0": 0.8328441536986363, "x1": 4.926649533361095, "x2": 7.105744459728727, "x3": 3.185379143895558, "x4": 0.2701420433035258, "x5": 11.20253664432449, "x6": 13.188473372857727, "x7": 10.919620660338886, "x8": 1.5963800227541503, "x9": 1.9454850441853944}, "datetime": {"datetime": "2025-05-09 21:17:24", "elapsed": 4226.550428, "delta": 13.030207}}
{"target": 0.0010379280414780584, "params": {"x0": 0.8328441536986364, "x1": 4.926649533361088, "x2": 7.105744459728723, "x3": 3.185379143895554, "x4": 0.2701420433035209, "x5": 11.202536644324484, "x6": 13.18847337285774, "x7": 10.919620660338875, "x8": 1.5963800227541503, "x9": 1.9454850441853941}, "datetime": {"datetime": "2025-05-09 21:17:38", "elapsed": 4239.696562, "delta": 13.146134}}
{"target": 0.0010379280414780584, "params": {"x0": 0.8328441536986364, "x1": 4.926649533361092, "x2": 7.105744459728728, "x3": 3.1853791438955468, "x4": 0.2701420433035232, "x5": 11.202536644324477, "x6": 13.188473372857747, "x7": 10.919620660338891, "x8": 1.596380022754148, "x9": 1.9454850441853933}, "datetime": {"datetime": "2025-05-09 21:17:50", "elapsed": 4252.447051, "delta": 12.750489}}
{"target": 0.0010379280414780584, "params": {"x0": 0.8328441536986364, "x1": 4.926649533361087, "x2": 7.105744459728728, "x3": 3.1853791438955503, "x4": 0.2701420433035183, "x5": 11.20253664432448, "x6": 13.18847337285774, "x7": 10.919620660338884, "x8": 1.5963800227541498, "x9": 1.9454850441853926}, "datetime": {"datetime": "2025-05-09 21:18:03", "elapsed": 4265.368175, "delta": 12.921124}}
{"target": 0.0010379280414780584, "params": {"x0": 0.8328441536986364, "x1": 4.926649533361094, "x2": 7.105744459728726, "x3": 3.185379143895551, "x4": 0.2701420433035192, "x5": 11.202536644324486, "x6": 13.18847337285773, "x7": 10.919620660338875, "x8": 1.5963800227541483, "x9": 1.9454850441853928}, "datetime": {"datetime": "2025-05-09 21:18:16", "elapsed": 4278.472789, "delta": 13.104614}}
{"target": 0.0010379280414780584, "params": {"x0": 0.8328441536986364, "x1": 4.926649533361094, "x2": 7.105744459728727, "x3": 3.185379143895549, "x4": 0.27014204330352165, "x5": 11.202536644324473, "x6": 13.188473372857736, "x7": 10.919620660338895, "x8": 1.5963800227541485, "x9": 1.9454850441853935}, "datetime": {"datetime": "2025-05-09 21:18:30", "elapsed": 4291.876893, "delta": 13.404104}}
{"target": 0.0010379280414780584, "params": {"x0": 0.8328441536986364, "x1": 4.92664953336109, "x2": 7.105744459728728, "x3": 3.1853791438955494, "x4": 0.2701420433035202, "x5": 11.202536644324473, "x6": 13.188473372857745, "x7": 10.919620660338875, "x8": 1.5963800227541491, "x9": 1.9454850441853935}, "datetime": {"datetime": "2025-05-09 21:18:43", "elapsed": 4304.990039, "delta": 13.113146}}
{"target": 0.0010379280414780584, "params": {"x0": 0.8328441536986364, "x1": 4.926649533361092, "x2": 7.105744459728725, "x3": 3.1853791438955548, "x4": 0.2701420433035214, "x5": 11.202536644324484, "x6": 13.188473372857745, "x7": 10.919620660338891, "x8": 1.5963800227541494, "x9": 1.9454850441853928}, "datetime": {"datetime": "2025-05-09 21:18:57", "elapsed": 4318.712937, "delta": 13.722898}}
{"target": 0.0010379280414780584, "params": {"x0": 0.8328441536986364, "x1": 4.926649533361093, "x2": 7.105744459728727, "x3": 3.18537914389555, "x4": 0.27014204330351976, "x5": 11.202536644324475, "x6": 13.188473372857747, "x7": 10.919620660338877, "x8": 1.596380022754149, "x9": 1.9454850441853933}, "datetime": {"datetime": "2025-05-09 21:19:10", "elapsed": 4331.958632, "delta": 13.245695}}
{"target": 0.0010379280414780584, "params": {"x0": 0.8328441536986364, "x1": 4.926649533361089, "x2": 7.105744459728724, "x3": 3.1853791438955534, "x4": 0.2701420433035218, "x5": 11.202536644324486, "x6": 13.188473372857743, "x7": 10.919620660338879, "x8": 1.5963800227541483, "x9": 1.9454850441853937}, "datetime": {"datetime": "2025-05-09 21:19:23", "elapsed": 4345.057121, "delta": 13.098489}}
{"target": 0.0010379280414780584, "params": {"x0": 0.8328441536986364, "x1": 4.926649533361089, "x2": 7.105744459728726, "x3": 3.1853791438955557, "x4": 0.2701420433035241, "x5": 11.202536644324477, "x6": 13.188473372857743, "x7": 10.919620660338879, "x8": 1.5963800227541487, "x9": 1.9454850441853933}, "datetime": {"datetime": "2025-05-09 21:19:36", "elapsed": 4358.177585, "delta": 13.120464}}
{"target": 0.0010379280414780584, "params": {"x0": 0.8328441536986365, "x1": 4.926649533361092, "x2": 7.105744459728725, "x3": 3.1853791438955517, "x4": 0.27014204330352315, "x5": 11.202536644324482, "x6": 13.188473372857743, "x7": 10.919620660338884, "x8": 1.5963800227541491, "x9": 1.945485044185393}, "datetime": {"datetime": "2025-05-09 21:19:49", "elapsed": 4371.193047, "delta": 13.015462}}
{"target": 0.0010379280414780584, "params": {"x0": 0.8328441536986364, "x1": 4.926649533361092, "x2": 7.105744459728725, "x3": 3.185379143895551, "x4": 0.270142043303522, "x5": 11.202536644324484, "x6": 13.188473372857745, "x7": 10.919620660338884, "x8": 1.5963800227541487, "x9": 1.9454850441853933}, "datetime": {"datetime": "2025-05-09 21:20:02", "elapsed": 4384.226622, "delta": 13.033575}}
{"target": 0.0010379280414780584, "params": {"x0": 0.8328441536986364, "x1": 4.926649533361092, "x2": 7.105744459728726, "x3": 3.1853791438955548, "x4": 0.2701420433035231, "x5": 11.202536644324484, "x6": 13.188473372857741, "x7": 10.919620660338882, "x8": 1.5963800227541494, "x9": 1.945485044185393}, "datetime": {"datetime": "2025-05-09 21:20:15", "elapsed": 4397.400555, "delta": 13.173933}}
{"target": 0.0010379280414780584, "params": {"x0": 0.8328441536986364, "x1": 4.926649533361091, "x2": 7.105744459728726, "x3": 3.185379143895555, "x4": 0.2701420433035229, "x5": 11.20253664432448, "x6": 13.188473372857738, "x7": 10.919620660338884, "x8": 1.5963800227541485, "x9": 1.9454850441853933}, "datetime": {"datetime": "2025-05-09 21:20:29", "elapsed": 4411.166092, "delta": 13.765537}}
{"target": 0.0010379280414780584, "params": {"x0": 0.8328441536986364, "x1": 4.92664953336109, "x2": 7.105744459728725, "x3": 3.185379143895552, "x4": 0.270142043303522, "x5": 11.20253664432448, "x6": 13.18847337285774, "x7": 10.919620660338882, "x8": 1.596380022754149, "x9": 1.9454850441853933}, "datetime": {"datetime": "2025-05-09 21:20:42", "elapsed": 4424.379189, "delta": 13.213097}}
{"target": 0.0010379280414780584, "params": {"x0": 0.8328441536986364, "x1": 4.926649533361091, "x2": 7.105744459728725, "x3": 3.1853791438955534, "x4": 0.2701420433035232, "x5": 11.202536644324478, "x6": 13.188473372857743, "x7": 10.919620660338884, "x8": 1.596380022754149, "x9": 1.9454850441853935}, "datetime": {"datetime": "2025-05-09 21:20:56", "elapsed": 4437.811785, "delta": 13.432596}}
{"target": 0.0010379280414780584, "params": {"x0": 0.8328441536986364, "x1": 4.92664953336109, "x2": 7.105744459728725, "x3": 3.1853791438955517, "x4": 0.27014204330352193, "x5": 11.20253664432448, "x6": 13.188473372857741, "x7": 10.919620660338882, "x8": 1.5963800227541487, "x9": 1.9454850441853933}, "datetime": {"datetime": "2025-05-09 21:21:09", "elapsed": 4451.179012, "delta": 13.367227}}
