{"target": 0.0010314012921634546, "params": {"x0": 0.8330308437215088, "x1": 4.920486729328588, "x2": 7.10343495531942, "x3": 3.191187057819991, "x4": 0.2660836823462215, "x5": 11.194737305932087, "x6": 13.180870036805201, "x7": 10.917285816937177, "x8": 1.5980528988263527, "x9": 1.9445143289775793}, "datetime": {"datetime": "2025-05-09 20:26:45", "elapsed": 1186.830123, "delta": 10.472615}}
{"target": 0.0010370277324582115, "params": {"x0": 0.8328182256400233, "x1": 4.926490076888011, "x2": 7.1079148783892325, "x3": 3.181501751614323, "x4": 0.2706743070061825, "x5": 11.200488012394814, "x6": 13.192484518418585, "x7": 10.91869631943608, "x8": 1.5966901821667447, "x9": 1.9458671389582018}, "datetime": {"datetime": "2025-05-09 20:26:56", "elapsed": 1198.256606, "delta": 11.426483}}
{"target": 0.0010370052901911664, "params": {"x0": 0.8327727145851054, "x1": 4.927689786545561, "x2": 7.110281976068099, "x3": 3.1836834019303883, "x4": 0.27179178622563105, "x5": 11.201796416874089, "x6": 13.190779635079549, "x7": 10.917323117164631, "x8": 1.5966750409734827, "x9": 1.9460160472893668}, "datetime": {"datetime": "2025-05-09 20:27:07", "elapsed": 1208.623261, "delta": 10.366655}}
{"target": 0.0010379280414780584, "params": {"x0": 0.8328441536986364, "x1": 4.926649533361091, "x2": 7.105744459728725, "x3": 3.185379143895553, "x4": 0.27014204330352226, "x5": 11.20253664432448, "x6": 13.18847337285774, "x7": 10.919620660338884, "x8": 1.596380022754149, "x9": 1.9454850441853933}, "datetime": {"datetime": "2025-05-09 20:27:17", "elapsed": 1219.030216, "delta": 10.406955}}
{"target": 0.0010370277324582115, "params": {"x0": 0.8327586293498709, "x1": 4.924312803544844, "x2": 7.103674112218861, "x3": 3.1887259301576014, "x4": 0.2723098751031965, "x5": 11.207351711320952, "x6": 13.194618251811837, "x7": 10.912169826258078, "x8": 1.596935226549811, "x9": 1.9450456024704144}, "datetime": {"datetime": "2025-05-09 20:27:28", "elapsed": 1229.862931, "delta": 10.832715}}
{"target": 0.0010379280414780584, "params": {"x0": 0.8327671817847474, "x1": 4.924546476526468, "x2": 7.103881146969847, "x3": 3.1823670362597096, "x4": 0.27209309192322906, "x5": 11.206870204621305, "x6": 13.182942981799052, "x7": 10.912914909666158, "x8": 1.5958803393380532, "x9": 1.9450895466419122}, "datetime": {"datetime": "2025-05-09 20:27:39", "elapsed": 1240.581961, "delta": 10.71903}}
{"target": 0.0010374057638924735, "params": {"x0": 0.8328195472317775, "x1": 4.927044722746068, "x2": 7.105424689062313, "x3": 3.1833878632509527, "x4": 0.2710384495529685, "x5": 11.199539312302248, "x6": 13.188470188920235, "x7": 10.921604092272524, "x8": 1.596273038903271, "x9": 1.9451621237194092}, "datetime": {"datetime": "2025-05-09 20:27:49", "elapsed": 1250.944845, "delta": 10.362884}}
{"target": 0.0010348685575972054, "params": {"x0": 0.8329065009488864, "x1": 4.928353009397134, "x2": 7.107253743063416, "x3": 3.1829393367105197, "x4": 0.26856169392155976, "x5": 11.206046828164908, "x6": 13.192952989615277, "x7": 10.925052318383793, "x8": 1.5959752791871114, "x9": 1.9451646911751737}, "datetime": {"datetime": "2025-05-09 20:28:00", "elapsed": 1261.827418, "delta": 10.882573}}
{"target": 0.0010373870717721744, "params": {"x0": 0.8327880411734113, "x1": 4.9251164049286515, "x2": 7.107102814729947, "x3": 3.183183317429023, "x4": 0.27156435774728854, "x5": 11.205695809780865, "x6": 13.184441717775956, "x7": 10.924509152579303, "x8": 1.5967442919644828, "x9": 1.945773361894591}, "datetime": {"datetime": "2025-05-09 20:28:11", "elapsed": 1272.626681, "delta": 10.799263}}
{"target": 0.0010364944574375807, "params": {"x0": 0.832894654971339, "x1": 4.925269717771895, "x2": 7.106966979229824, "x3": 3.1873553877154297, "x4": 0.2714221263029119, "x5": 11.199693395413734, "x6": 13.192101862431345, "x7": 10.92402030335526, "x8": 1.5960521804648484, "x9": 1.945744530123671}, "datetime": {"datetime": "2025-05-09 20:28:21", "elapsed": 1283.46432, "delta": 10.837639}}
{"target": 0.0010364795561001432, "params": {"x0": 0.8327987025532041, "x1": 4.927891367391367, "x2": 7.1046441921777355, "x3": 3.1836005244576637, "x4": 0.27129411800297293, "x5": 11.205095568344152, "x6": 13.191739013473985, "x7": 10.923580339053622, "x8": 1.5966750808145194, "x9": 1.9457185815298432}, "datetime": {"datetime": "2025-05-09 20:28:33", "elapsed": 1294.699463, "delta": 11.235143}}
{"target": 0.0010363187825073313, "params": {"x0": 0.8328032476677474, "x1": 4.9277671839883395, "x2": 7.104754218932834, "x3": 3.186979901389653, "x4": 0.2691051760740166, "x5": 11.200233612706775, "x6": 13.18553429630312, "x7": 10.91605694949562, "x8": 1.5961144704998156, "x9": 1.9456952277953983}, "datetime": {"datetime": "2025-05-09 20:28:43", "elapsed": 1305.509245, "delta": 10.809782}}
{"target": 0.0010370277324582115, "params": {"x0": 0.8328809691264366, "x1": 4.9256436477965675, "x2": 7.104853243012423, "x3": 3.183938462150863, "x4": 0.2710752238100773, "x5": 11.204609372780414, "x6": 13.191118541756898, "x7": 10.916413320579947, "x8": 1.5961410257252489, "x9": 1.9456742094343977}, "datetime": {"datetime": "2025-05-09 20:28:54", "elapsed": 1316.33314, "delta": 10.823895}}
{"target": 0.0010363187825073313, "params": {"x0": 0.8328772875836565, "x1": 4.927554830369162, "x2": 7.106546554773397, "x3": 3.1866757574657743, "x4": 0.2693021808476227, "x5": 11.204402099934821, "x6": 13.186092720848498, "x7": 10.91673405455584, "x8": 1.596595120080159, "x9": 1.9453147954612893}, "datetime": {"datetime": "2025-05-09 20:29:05", "elapsed": 1327.254408, "delta": 10.921268}}
{"target": 0.0010357726480868267, "params": {"x0": 0.8328143332021183, "x1": 4.925834766053827, "x2": 7.105022574188521, "x3": 3.184212191682354, "x4": 0.26938616709321267, "x5": 11.200857734275173, "x6": 13.186330786049421, "x7": 10.922218605543623, "x8": 1.5965736103475578, "x9": 1.945638268037087}, "datetime": {"datetime": "2025-05-09 20:29:16", "elapsed": 1337.987685, "delta": 10.733277}}
{"target": 0.0010354099326193235, "params": {"x0": 0.83281731525177, "x1": 4.927382823937628, "x2": 7.105094762742541, "x3": 3.186429400887432, "x4": 0.2694617547142436, "x5": 11.201025625280105, "x6": 13.190401700985225, "x7": 10.917282509654619, "x8": 1.596554251588217, "x9": 1.9453471427188689}, "datetime": {"datetime": "2025-05-09 20:29:27", "elapsed": 1348.8802, "delta": 10.892515}}
{"target": 0.0010379280414780584, "params": {"x0": 0.8328199990964568, "x1": 4.925989571842207, "x2": 7.10632918701629, "x3": 3.1863243751882444, "x4": 0.27075430303387304, "x5": 11.201176727184542, "x6": 13.186737877543003, "x7": 10.917516324723046, "x8": 1.5962232168034876, "x9": 1.9453609328655215}, "datetime": {"datetime": "2025-05-09 20:29:38", "elapsed": 1359.761827, "delta": 10.881627}}
{"target": 0.0010373870717721744, "params": {"x0": 0.8328224145566747, "x1": 4.927243498728086, "x2": 7.106270714287533, "x3": 3.1862298520589754, "x4": 0.27069307706083795, "x5": 11.203760569750425, "x6": 13.186911427074476, "x7": 10.92151456239314, "x8": 1.5962388973985537, "x9": 1.9453733439975085}, "datetime": {"datetime": "2025-05-09 20:29:49", "elapsed": 1370.674928, "delta": 10.913101}}
{"target": 0.0010379280414780584, "params": {"x0": 0.832845443481056, "x1": 4.926776809117606, "x2": 7.105832476400317, "x3": 3.185494282116099, "x4": 0.2701913625116317, "x5": 11.202812935963873, "x6": 13.188400446917509, "x7": 10.919690490359987, "x8": 1.5964013098453764, "x9": 1.9454583607987612}, "datetime": {"datetime": "2025-05-09 20:29:59", "elapsed": 1381.478082, "delta": 10.803154}}
{"target": 0.0010373870717721744, "params": {"x0": 0.8328265449936474, "x1": 4.926168421413824, "x2": 7.10617072592136, "x3": 3.184690070283181, "x4": 0.27058838064694796, "x5": 11.203528023919496, "x6": 13.189738548942183, "x7": 10.92115472100283, "x8": 1.596265711216117, "x9": 1.9453945670332067}, "datetime": {"datetime": "2025-05-09 20:30:10", "elapsed": 1392.470618, "delta": 10.992536}}
{"target": 0.0010379280414780584, "params": {"x0": 0.8328600015331264, "x1": 4.926216532608551, "x2": 7.1053608201553535, "x3": 3.1859993101466877, "x4": 0.2705437469126054, "x5": 11.203428885959994, "x6": 13.18733471438174, "x7": 10.918240005741332, "x8": 1.59627714236992, "x9": 1.9455664736223612}, "datetime": {"datetime": "2025-05-09 20:30:21", "elapsed": 1403.327569, "delta": 10.856951}}
{"target": 0.0010379280414780584, "params": {"x0": 0.8328584167496775, "x1": 4.927039234038377, "x2": 7.106089735344759, "x3": 3.184820994269532, "x4": 0.2705035765516971, "x5": 11.201733626852517, "x6": 13.18744858022934, "x7": 10.918597560475224, "x8": 1.596287430408343, "x9": 1.9455583306786643}, "datetime": {"datetime": "2025-05-09 20:30:32", "elapsed": 1414.252422, "delta": 10.924853}}
{"target": 0.0010379280414780584, "params": {"x0": 0.8328313169526994, "x1": 4.926298802751534, "x2": 7.106055207783156, "x3": 3.184876809232134, "x4": 0.2704674232268796, "x5": 11.203259360049246, "x6": 13.18755105949218, "x7": 10.918502330114867, "x8": 1.5962966896429236, "x9": 1.9455510020293372}, "datetime": {"datetime": "2025-05-09 20:30:43", "elapsed": 1425.231211, "delta": 10.978789}}
{"target": 0.0010379280414780584, "params": {"x0": 0.8328557067699797, "x1": 4.926333875812489, "x2": 7.106024132977713, "x3": 3.184927042698476, "x4": 0.27043488523454384, "x5": 11.20188620017219, "x6": 13.187643290828737, "x7": 10.918614163137269, "x8": 1.5964550225542518, "x9": 1.945544406244943}, "datetime": {"datetime": "2025-05-09 20:30:54", "elapsed": 1436.292136, "delta": 11.060925}}
{"target": 0.0010379280414780584, "params": {"x0": 0.8328545514628454, "x1": 4.9263654415673495, "x2": 7.105996165652814, "x3": 3.1849722528181834, "x4": 0.27040560104144173, "x5": 11.20312204406154, "x6": 13.187726299031636, "x7": 10.919351061319764, "x8": 1.5963125229340565, "x9": 1.945538470038988}, "datetime": {"datetime": "2025-05-09 20:31:05", "elapsed": 1447.164518, "delta": 10.872382}}
{"target": 0.0010379280414780584, "params": {"x0": 0.8328535116864244, "x1": 4.926393850746724, "x2": 7.105517924397045, "x3": 3.1850129419259203, "x4": 0.2703792452676498, "x5": 11.203063504087835, "x6": 13.187801006414247, "x7": 10.918805397605576, "x8": 1.5963192729160656, "x9": 1.945436960917158}, "datetime": {"datetime": "2025-05-09 20:31:16", "elapsed": 1458.064582, "delta": 10.900064}}
{"target": 0.0010379280414780584, "params": {"x0": 0.8328453280645297, "x1": 4.926777173418824, "x2": 7.1058691485715535, "x3": 3.1854347245639816, "x4": 0.2702019803569739, "x5": 11.202782612513527, "x6": 13.188475824315004, "x7": 10.919773656247468, "x8": 1.596391467912491, "x9": 1.9454490158567506}, "datetime": {"datetime": "2025-05-09 20:31:26", "elapsed": 1468.462681, "delta": 10.398099}}
{"target": 0.0010379280414780584, "params": {"x0": 0.8328517336687448, "x1": 4.926442430443453, "x2": 7.105927953347386, "x3": 3.1850825203001505, "x4": 0.27033417689446554, "x5": 11.202963400732797, "x6": 13.18792875603851, "x7": 10.919564832353727, "x8": 1.5964292301229963, "x9": 1.9455239916326637}, "datetime": {"datetime": "2025-05-09 20:31:37", "elapsed": 1479.295552, "delta": 10.832871}}
{"target": 0.0010379280414780584, "params": {"x0": 0.8328447151600593, "x1": 4.926675355786955, "x2": 7.105780998227923, "x3": 3.1853381061683246, "x4": 0.27016357561728355, "x5": 11.202543797254656, "x6": 13.188526814504524, "x7": 10.919635763920311, "x8": 1.5963895340313017, "x9": 1.9454872141109254}, "datetime": {"datetime": "2025-05-09 20:31:48", "elapsed": 1489.832369, "delta": 10.536817}}
{"target": 0.0010373870717721744, "params": {"x0": 0.8328502934744242, "x1": 4.926481779997804, "x2": 7.1058930895598404, "x3": 3.185619409007829, "x4": 0.2702976715121863, "x5": 11.202882317015217, "x6": 13.188032233234164, "x7": 10.920102105849264, "x8": 1.5964198807229153, "x9": 1.9455165916176824}, "datetime": {"datetime": "2025-05-09 20:31:59", "elapsed": 1501.499773, "delta": 11.667404}}
{"target": 0.0010379280414780584, "params": {"x0": 0.8328496794968454, "x1": 4.926498555334133, "x2": 7.105878226576729, "x3": 3.1851629052945047, "x4": 0.2702821086913199, "x5": 11.202847749746143, "x6": 13.188076347196521, "x7": 10.919139255847492, "x8": 1.596344150582259, "x9": 1.9455134368744536}, "datetime": {"datetime": "2025-05-09 20:32:11", "elapsed": 1513.008233, "delta": 11.50846}}
{"target": 0.0010379280414780584, "params": {"x0": 0.8328491269170245, "x1": 4.926513653136829, "x2": 7.105864849891929, "x3": 3.1851845291546095, "x4": 0.27026810215254016, "x5": 11.202816639203977, "x6": 13.188116049762643, "x7": 10.919867590504058, "x8": 1.5963477377994482, "x9": 1.9455105976055473}, "datetime": {"datetime": "2025-05-09 20:32:23", "elapsed": 1524.924269, "delta": 11.916036}}
{"target": 0.0010379280414780584, "params": {"x0": 0.8328486295951857, "x1": 4.926527241159255, "x2": 7.105852810875608, "x3": 3.185203990628704, "x4": 0.27025549626763834, "x5": 11.202788639716028, "x6": 13.188151782072152, "x7": 10.919230722700856, "x8": 1.5963509662949182, "x9": 1.945508042263532}, "datetime": {"datetime": "2025-05-09 20:32:35", "elapsed": 1536.586836, "delta": 11.662567}}
{"target": 0.0010379280414780584, "params": {"x0": 0.8328481820055308, "x1": 4.9265394703794385, "x2": 7.10584197576092, "x3": 3.1852215059553886, "x4": 0.2702441509712267, "x5": 11.202763440176872, "x6": 13.188183941150712, "x7": 10.91926971646466, "x8": 1.5963538719408412, "x9": 1.945505742455718}, "datetime": {"datetime": "2025-05-09 20:32:46", "elapsed": 1548.306362, "delta": 11.719526}}
{"target": 0.0010379280414780584, "params": {"x0": 0.8328477791748413, "x1": 4.926550476677604, "x2": 7.1058322241577, "x3": 3.1852372697494054, "x4": 0.2702339402044563, "x5": 11.202740760591633, "x6": 13.188212884321414, "x7": 10.919304810852083, "x8": 1.596356487022172, "x9": 1.9455036726286856}, "datetime": {"datetime": "2025-05-09 20:32:58", "elapsed": 1559.660027, "delta": 11.353665}}
{"target": 0.0010379280414780584, "params": {"x0": 0.8328474166272208, "x1": 4.9265603823459525, "x2": 7.105823447714803, "x3": 3.18525145716402, "x4": 0.2702247505143629, "x5": 11.202720348964919, "x6": 13.188238933175047, "x7": 10.919904924877006, "x8": 1.5963588405953697, "x9": 1.9455018097843564}, "datetime": {"datetime": "2025-05-09 20:33:09", "elapsed": 1570.863244, "delta": 11.203217}}
{"target": 0.0010379280414780584, "params": {"x0": 0.8328470903343623, "x1": 4.926569297447466, "x2": 7.105815548916195, "x3": 3.185264225837173, "x4": 0.27021647979327884, "x5": 11.202701978500874, "x6": 13.188262377143316, "x7": 10.919876498423193, "x8": 1.5963609588112477, "x9": 1.9455001332244601}, "datetime": {"datetime": "2025-05-09 20:33:20", "elapsed": 1581.856957, "delta": 10.993713}}
{"target": 0.0010379280414780584, "params": {"x0": 0.8328467966707898, "x1": 4.926577321038828, "x2": 7.105808439997448, "x3": 3.185275717643011, "x4": 0.2702090361443032, "x5": 11.202685445083235, "x6": 13.188283476714759, "x7": 10.919390406063005, "x8": 1.5963628652055377, "x9": 1.9454986243205534}, "datetime": {"datetime": "2025-05-09 20:33:31", "elapsed": 1593.133662, "delta": 11.276705}}
{"target": 0.0010379280414780584, "params": {"x0": 0.8328465323735744, "x1": 4.926584542271055, "x2": 7.105802041970576, "x3": 3.1852860602682656, "x4": 0.2702023368602251, "x5": 11.202667070729934, "x6": 13.188302466329057, "x7": 10.919827889187175, "x8": 1.5963645809603988, "x9": 1.9454972663070373}, "datetime": {"datetime": "2025-05-09 20:33:42", "elapsed": 1604.332406, "delta": 11.198744}}
{"target": 0.0010379280414780584, "params": {"x0": 0.8328462945060806, "x1": 4.926591041380059, "x2": 7.105796283746391, "x3": 3.185295368630994, "x4": 0.2701963075045548, "x5": 11.20265600532631, "x6": 13.188319556981925, "x7": 10.919680389996364, "x8": 1.5963661251397738, "x9": 1.945496044094873}, "datetime": {"datetime": "2025-05-09 20:33:53", "elapsed": 1615.549025, "delta": 11.216619}}
{"target": 0.0010379280414780584, "params": {"x0": 0.8328460804253363, "x1": 4.926596890578161, "x2": 7.105791101344624, "x3": 3.1853037461574503, "x4": 0.27019088108445155, "x5": 11.202645120077612, "x6": 13.188334938569506, "x7": 10.919689351540315, "x8": 1.5963675149012113, "x9": 1.945494944103925}, "datetime": {"datetime": "2025-05-09 20:34:05", "elapsed": 1627.018886, "delta": 11.469861}}
{"target": 0.0010379280414780584, "params": {"x0": 0.8328458877526662, "x1": 4.926602154856455, "x2": 7.105786437183034, "x3": 3.1853112859312604, "x4": 0.2701859973063586, "x5": 11.2026342725023, "x6": 13.188348781998329, "x7": 10.919771730169288, "x8": 1.596368765686505, "x9": 1.945493954112072}, "datetime": {"datetime": "2025-05-09 20:34:16", "elapsed": 1638.422978, "delta": 11.404092}}
{"target": 0.0010379280414780584, "params": {"x0": 0.8328457143472633, "x1": 4.926606892706919, "x2": 7.105782239437604, "x3": 3.1853180717276897, "x4": 0.270181601906075, "x5": 11.202624509684517, "x6": 13.188361241084271, "x7": 10.919756623186247, "x8": 1.5963698913932696, "x9": 1.945493063119404}, "datetime": {"datetime": "2025-05-09 20:34:28", "elapsed": 1649.839969, "delta": 11.416991}}
{"target": 0.0010379280414780584, "params": {"x0": 0.8328455582824006, "x1": 4.926611156772336, "x2": 7.105778461466715, "x3": 3.1853241789444757, "x4": 0.27017764604581973, "x5": 11.202615723148513, "x6": 13.188372454261618, "x7": 10.91974302690151, "x8": 1.5963709045293575, "x9": 1.9454922612260028}, "datetime": {"datetime": "2025-05-09 20:34:39", "elapsed": 1661.062408, "delta": 11.222439}}
{"target": 0.0010379280414780584, "params": {"x0": 0.8328454178240241, "x1": 4.926614994431211, "x2": 7.105775061292916, "x3": 3.1853296754395837, "x4": 0.27017408577158997, "x5": 11.202607815266111, "x6": 13.188382546121229, "x7": 10.919730790245248, "x8": 1.5963718163518366, "x9": 1.9454915395219419}, "datetime": {"datetime": "2025-05-09 20:34:50", "elapsed": 1672.295806, "delta": 11.233398}}
{"target": 0.0010379280414780584, "params": {"x0": 0.8328452914114853, "x1": 4.926618448324199, "x2": 7.105772001136497, "x3": 3.1853346222851804, "x4": 0.2701708815247832, "x5": 11.202600698171947, "x6": 13.18839162879488, "x7": 10.919719777254612, "x8": 1.5963726369920679, "x9": 1.945490889988287}, "datetime": {"datetime": "2025-05-09 20:35:01", "elapsed": 1683.497987, "delta": 11.202181}}
{"target": 0.0010379280414780584, "params": {"x0": 0.8328451776402005, "x1": 4.926621556827888, "x2": 7.10576924699572, "x3": 3.185339074446218, "x4": 0.2701679977026571, "x5": 11.2025942927872, "x6": 13.188399803201166, "x7": 10.91970986556304, "x8": 1.5963733755682759, "x9": 1.9454903054079977}, "datetime": {"datetime": "2025-05-09 20:35:13", "elapsed": 1694.589696, "delta": 11.091709}}
{"target": 0.0010379280414780584, "params": {"x0": 0.8328450752460441, "x1": 4.926624354481208, "x2": 7.105766768269021, "x3": 3.185343081391151, "x4": 0.2701654022627436, "x5": 11.202588527940929, "x6": 13.188407160166824, "x7": 10.919700945040624, "x8": 1.5963740402868631, "x9": 1.9454897792857373}, "datetime": {"datetime": "2025-05-09 20:35:24", "elapsed": 1705.789439, "delta": 11.199743}}
{"target": 0.0010379280414780584, "params": {"x0": 0.8328449830913033, "x1": 4.926626872369197, "x2": 7.1057645374149905, "x3": 3.1853466876415917, "x4": 0.27016306636682147, "x5": 11.202583339579284, "x6": 13.188413781435916, "x7": 10.91967971881747, "x8": 1.5963746385335917, "x9": 1.9454893057757028}, "datetime": {"datetime": "2025-05-09 20:35:35", "elapsed": 1716.894707, "delta": 11.105268}}
{"target": 0.0010379280414780584, "params": {"x0": 0.8328449001520366, "x1": 4.926629138468386, "x2": 7.1057625296463645, "x3": 3.1853499332669877, "x4": 0.27016096406049156, "x5": 11.202578670053803, "x6": 13.188431117765745, "x7": 10.919685690947293, "x8": 1.5963751769556476, "x9": 1.9454888796166718}, "datetime": {"datetime": "2025-05-09 20:35:46", "elapsed": 1728.057352, "delta": 11.162645}}
{"target": 0.0010379280414780584, "params": {"x0": 0.8328448255066966, "x1": 4.926631177957656, "x2": 7.1057607226546, "x3": 3.185352854329844, "x4": 0.2701590719847946, "x5": 11.20257446748087, "x6": 13.188425103806061, "x7": 10.919679187886452, "x8": 1.5963756615354976, "x9": 1.9454884960735441}, "datetime": {"datetime": "2025-05-09 20:35:57", "elapsed": 1739.166614, "delta": 11.109262}}
{"target": 0.0010379280414780584, "params": {"x0": 0.8328447583258906, "x1": 4.926633013498, "x2": 7.1057590963620125, "x3": 3.1853554832864153, "x4": 0.2701573691166674, "x5": 11.202570685165233, "x6": 13.18842993071123, "x7": 10.919673335131696, "x8": 1.5963760976573629, "x9": 1.945488150884729}, "datetime": {"datetime": "2025-05-09 20:36:09", "elapsed": 1750.62921, "delta": 11.462596}}
{"target": 0.0010379280414780584, "params": {"x0": 0.8328446978631652, "x1": 4.926634665484309, "x2": 7.105757632698684, "x3": 3.1853578493473287, "x4": 0.27015583653535286, "x5": 11.202567281081157, "x6": 13.18843427492588, "x7": 10.919668067652415, "x8": 1.5963764901670414, "x9": 1.9454878402147955}, "datetime": {"datetime": "2025-05-09 20:36:20", "elapsed": 1761.944804, "delta": 11.315594}}
{"target": 0.0010379280414780584, "params": {"x0": 0.8328446434467123, "x1": 4.926636152271987, "x2": 7.105756315401688, "x3": 3.1853599788021514, "x4": 0.2701544572121698, "x5": 11.20256421740549, "x6": 13.188438184719066, "x7": 10.91966332692106, "x8": 1.5963768434257521, "x9": 1.9454875606118551}, "datetime": {"datetime": "2025-05-09 20:36:31", "elapsed": 1773.107069, "delta": 11.162265}}
{"target": 0.0010379280414780584, "params": {"x0": 0.8328445944719047, "x1": 4.926637490380897, "x2": 7.1057551298343915, "x3": 3.1853618953114915, "x4": 0.2701532158213051, "x5": 11.202561460097389, "x6": 13.188441703532934, "x7": 10.919659060262843, "x8": 1.5963771613585918, "x9": 1.945487308969209}, "datetime": {"datetime": "2025-05-09 20:36:42", "elapsed": 1784.385859, "delta": 11.27879}}
