{"target": 0.0010379280414780584, "params": {"x0": 0.8328445503945778, "x1": 4.926638694678917, "x2": 7.105754062823825, "x3": 3.1853636201698974, "x4": 0.27015209856952677, "x5": 11.202558978520097, "x6": 13.188444870465414, "x7": 10.919655220270448, "x8": 1.5963774474981476, "x9": 1.9454870824908275}, "datetime": {"datetime": "2025-05-09 20:36:54", "elapsed": 1795.718539, "delta": 11.33268}}
{"target": 0.0010379280414780584, "params": {"x0": 0.8328445107249837, "x1": 4.926639778547134, "x2": 7.105753102514315, "x3": 3.185365172542463, "x4": 0.27015109304292634, "x5": 11.202556745100535, "x6": 13.188447720704646, "x7": 10.919651764277292, "x8": 1.5963777050237478, "x9": 1.945486878660284}, "datetime": {"datetime": "2025-05-09 20:37:05", "elapsed": 1806.749338, "delta": 11.030799}}
{"target": 0.0010379280414780584, "params": {"x0": 0.832844475022349, "x1": 4.92664075402853, "x2": 7.105752238235756, "x3": 3.185366569677772, "x4": 0.27015018806898594, "x5": 11.20255473502293, "x6": 13.188450285919956, "x7": 10.919648653883451, "x8": 1.5963779367967879, "x9": 1.945486695212795}, "datetime": {"datetime": "2025-05-09 20:37:16", "elapsed": 1818.081859, "delta": 11.332521}}
{"target": 0.0010379280414780584, "params": {"x0": 0.8328444428899777, "x1": 4.926641631961786, "x2": 7.105751460385053, "x3": 3.18536782709955, "x4": 0.27014937359243957, "x5": 11.202552925953086, "x6": 13.188452594613734, "x7": 10.919645854528994, "x8": 1.5963781453925239, "x9": 1.9454865301100548}, "datetime": {"datetime": "2025-05-09 20:37:27", "elapsed": 1829.308576, "delta": 11.226717}}
{"target": 0.0010379280414780584, "params": {"x0": 0.8328444139708436, "x1": 4.926642422101716, "x2": 7.10575076031942, "x3": 3.1853689587791503, "x4": 0.2701486405635478, "x5": 11.202551297790224, "x6": 13.188454672438136, "x7": 10.919643335109983, "x8": 1.5963783331286865, "x9": 1.9454863815175887}, "datetime": {"datetime": "2025-05-09 20:37:38", "elapsed": 1840.424125, "delta": 11.115549}}
{"target": 0.0010379280414780584, "params": {"x0": 0.8328443879436229, "x1": 4.926643133227654, "x2": 7.1057501302603505, "x3": 3.1853699772907906, "x4": 0.27014798083754527, "x5": 11.20254983244365, "x6": 13.188456542480095, "x7": 10.919639910421566, "x8": 1.5963785020912327, "x9": 1.945486247784369}, "datetime": {"datetime": "2025-05-09 20:37:50", "elapsed": 1851.639402, "delta": 11.215277}}
{"target": 0.0010379280414780584, "params": {"x0": 0.8328443645191242, "x1": 4.926643773240998, "x2": 7.105749563207188, "x3": 3.185370893951267, "x4": 0.270147387084143, "x5": 11.202548513631733, "x6": 13.18845822551786, "x7": 10.919639026903473, "x8": 1.5963786541575242, "x9": 1.9454861274244715}, "datetime": {"datetime": "2025-05-09 20:38:01", "elapsed": 1862.834707, "delta": 11.195305}}
{"target": 0.0010379280414780584, "params": {"x0": 0.8328443434370755, "x1": 4.9266443492530065, "x2": 7.105749052859342, "x3": 3.1853717189456954, "x4": 0.2701468527060809, "x5": 11.202547326701009, "x6": 13.188459740251847, "x7": 10.919637190247014, "x8": 1.5963787910171867, "x9": 1.9454860191005636}, "datetime": {"datetime": "2025-05-09 20:38:12", "elapsed": 1873.932873, "delta": 11.098166}}
{"target": 0.0010379280414780584, "params": {"x0": 0.8328443244632315, "x1": 4.926644867663815, "x2": 7.10574859354628, "x3": 3.1853724614406813, "x4": 0.270146371765825, "x5": 11.202546258463355, "x6": 13.188461103512436, "x7": 10.919635537256202, "x8": 1.596378914190883, "x9": 1.9454859216090465}, "datetime": {"datetime": "2025-05-09 20:38:23", "elapsed": 1885.045111, "delta": 11.112238}}
{"target": 0.0010379280414780584, "params": {"x0": 0.8328443073867721, "x1": 4.926645334233543, "x2": 7.105748180164524, "x3": 3.1853731296861683, "x4": 0.27014593891959476, "x5": 11.202545297049468, "x6": 13.188462330446967, "x7": 10.91963404956447, "x8": 1.5963790250472096, "x9": 1.9454858338666814}, "datetime": {"datetime": "2025-05-09 20:38:34", "elapsed": 1896.247089, "delta": 11.201978}}
{"target": 0.0010379280414780584, "params": {"x0": 0.8328442920179585, "x1": 4.926645754146297, "x2": 7.105747808120944, "x3": 3.185373731107107, "x4": 0.2701455493579875, "x5": 11.20254443177697, "x6": 13.188463434688044, "x7": 10.919632710641912, "x8": 1.5963791248179036, "x9": 1.9454857548985525}, "datetime": {"datetime": "2025-05-09 20:38:45", "elapsed": 1907.480367, "delta": 11.233278}}
{"target": 0.0010379280414780584, "params": {"x0": 0.8328442781860262, "x1": 4.926646132067777, "x2": 7.105747473281722, "x3": 3.1853742723859515, "x4": 0.270145198752541, "x5": 11.20254365303172, "x6": 13.188464428505014, "x7": 10.919631505611608, "x8": 1.596379214611528, "x9": 1.9454856838272365}, "datetime": {"datetime": "2025-05-09 20:38:57", "elapsed": 1918.924863, "delta": 11.444496}}
{"target": 0.0010379280414780584, "params": {"x0": 0.8328442657372873, "x1": 4.926646472197108, "x2": 7.1057471719264225, "x3": 3.1853747595369115, "x4": 0.27014488320763913, "x5": 11.202542952160996, "x6": 13.188465322940287, "x7": 10.919630421084337, "x8": 1.59637929542579, "x9": 1.9454856198630521}, "datetime": {"datetime": "2025-05-09 20:39:08", "elapsed": 1930.093158, "delta": 11.168295}}
{"target": 0.0010379280414780584, "params": {"x0": 0.8328442545334221, "x1": 4.926646778313507, "x2": 7.105746900706653, "x3": 3.185375197972776, "x4": 0.27014459921722744, "x5": 11.202542321377345, "x6": 13.188466127932031, "x7": 10.919629445009791, "x8": 1.596379368158626, "x9": 1.9454855622952862}, "datetime": {"datetime": "2025-05-09 20:39:19", "elapsed": 1941.293256, "delta": 11.200098}}
{"target": 0.0010379280414780584, "params": {"x0": 0.8328442444499436, "x1": 4.9266470538182645, "x2": 7.1057466566088605, "x3": 3.1853755925650535, "x4": 0.27014434362585693, "x5": 11.202541753672058, "x6": 13.188466852424602, "x7": 10.9196285665427, "x8": 1.5963794336181782, "x9": 1.945485510484297}, "datetime": {"datetime": "2025-05-09 20:39:31", "elapsed": 1952.702402, "delta": 11.409146}}
{"target": 0.0010379280414780584, "params": {"x0": 0.8328442353748129, "x1": 4.926647301772547, "x2": 7.105746436920847, "x3": 3.1853759476981036, "x4": 0.27014411359362345, "x5": 11.2025412427373, "x6": 13.188467504467916, "x7": 10.919627775922319, "x8": 1.5963794925317754, "x9": 1.9454854638544066}, "datetime": {"datetime": "2025-05-09 20:39:42", "elapsed": 1963.987956, "delta": 11.285554}}
{"target": 0.0010379280414780584, "params": {"x0": 0.8328442272071952, "x1": 4.9266475249314015, "x2": 7.105746239201634, "x3": 3.1853762673178485, "x4": 0.27014390656461335, "x5": 11.202540782896019, "x6": 13.188468091306898, "x7": 10.919627064363976, "x8": 1.5963795455540126, "x9": 1.9454854218875053}, "datetime": {"datetime": "2025-05-09 20:39:53", "elapsed": 1975.060158, "delta": 11.072202}}
{"target": 0.0010379280414780584, "params": {"x0": 0.8328442198563394, "x1": 4.92664772577437, "x2": 7.105746061254344, "x3": 3.185376554975619, "x4": 0.2701437202385042, "x5": 11.202540369038864, "x6": 13.188468619461982, "x7": 10.919626423961466, "x8": 1.5963795932740263, "x9": 1.945485384117294}, "datetime": {"datetime": "2025-05-09 20:40:04", "elapsed": 1986.430446, "delta": 11.370288}}
{"target": 0.0010379280414780584, "params": {"x0": 0.8328442130080503, "x1": 4.926648219298255, "x2": 7.105745842058885, "x3": 3.185377037094182, "x4": 0.27014352412831505, "x5": 11.202537323262598, "x6": 13.188476925772143, "x7": 10.919622887088726, "x8": 1.5963802725070222, "x9": 1.945485266312729}, "datetime": {"datetime": "2025-05-09 20:40:16", "elapsed": 1997.710957, "delta": 11.280511}}
{"target": 0.0010379280414780584, "params": {"x0": 0.8328441343785004, "x1": 4.926648756846942, "x2": 7.105745211883641, "x3": 3.185377281415058, "x4": 0.27014339616570576, "x5": 11.202537483045862, "x6": 13.188469644792548, "x7": 10.919624175773368, "x8": 1.5963797846633156, "x9": 1.9454852300488004}, "datetime": {"datetime": "2025-05-09 20:40:27", "elapsed": 2009.303998, "delta": 11.593041}}
{"target": 0.0010379280414780584, "params": {"x0": 0.8328441529925897, "x1": 4.926648686928322, "x2": 7.105745437813385, "x3": 3.1853782263364616, "x4": 0.2701432493342887, "x5": 11.202534528288261, "x6": 13.188472782124819, "x7": 10.919622959604439, "x8": 1.5963797332972631, "x9": 1.9454852162277383}, "datetime": {"datetime": "2025-05-09 20:40:38", "elapsed": 2020.549105, "delta": 11.245107}}
{"target": 0.0010379280414780584, "params": {"x0": 0.8328441188408193, "x1": 4.92664839263681, "x2": 7.105745389104175, "x3": 3.1853790826396478, "x4": 0.2701429128119051, "x5": 11.202536525124739, "x6": 13.188470839229339, "x7": 10.919622810437994, "x8": 1.5963799140952886, "x9": 1.9454852500518336}, "datetime": {"datetime": "2025-05-09 20:40:50", "elapsed": 2031.640261, "delta": 11.091156}}
{"target": 0.0010379280414780584, "params": {"x0": 0.8328441504922542, "x1": 4.9266484832052955, "x2": 7.105745351002851, "x3": 3.185377972723842, "x4": 0.2701429816824358, "x5": 11.202538328982897, "x6": 13.188474833391192, "x7": 10.919621872089179, "x8": 1.5963799751072016, "x9": 1.9454852174837294}, "datetime": {"datetime": "2025-05-09 20:41:01", "elapsed": 2042.779766, "delta": 11.139505}}
{"target": 0.0010379280414780584, "params": {"x0": 0.832844188584076, "x1": 4.926648793173869, "x2": 7.105744988246956, "x3": 3.1853780172635697, "x4": 0.27014291062660045, "x5": 11.202538242604389, "x6": 13.188473168547413, "x7": 10.919621528889254, "x8": 1.5963798676883252, "x9": 1.9454851803523883}, "datetime": {"datetime": "2025-05-09 20:41:12", "elapsed": 2053.917967, "delta": 11.138201}}
{"target": 0.0010379280414780584, "params": {"x0": 0.8328441454909374, "x1": 4.926648717159278, "x2": 7.105744958281059, "x3": 3.185378653918827, "x4": 0.2701428269435716, "x5": 11.202537291153305, "x6": 13.188474148063705, "x7": 10.91962271597343, "x8": 1.5963798908664113, "x9": 1.9454851666659703}, "datetime": {"datetime": "2025-05-09 20:41:23", "elapsed": 2065.073034, "delta": 11.155067}}
{"target": 0.0010379280414780584, "params": {"x0": 0.8328441733019865, "x1": 4.926648945496721, "x2": 7.105745063964446, "x3": 3.18537883725248, "x4": 0.2701426588472932, "x5": 11.202537538602808, "x6": 13.18847135918582, "x7": 10.919622025222253, "x8": 1.5963801350941424, "x9": 1.945485187396725}, "datetime": {"datetime": "2025-05-09 20:41:34", "elapsed": 2076.4282, "delta": 11.355166}}
{"target": 0.0010379280414780584, "params": {"x0": 0.8328441789893842, "x1": 4.926649019208049, "x2": 7.105744994186094, "x3": 3.1853782245799334, "x4": 0.27014261616438384, "x5": 11.20253635362087, "x6": 13.1884716719245, "x7": 10.919619251865385, "x8": 1.59637987719675, "x9": 1.9454851481941613}, "datetime": {"datetime": "2025-05-09 20:41:46", "elapsed": 2087.587101, "delta": 11.158901}}
{"target": 0.0010379280414780584, "params": {"x0": 0.8328441616877305, "x1": 4.926649026453708, "x2": 7.105744891307391, "x3": 3.185378293095023, "x4": 0.2701424426146449, "x5": 11.202535491832624, "x6": 13.188473299615795, "x7": 10.91962240227969, "x8": 1.5963799292269507, "x9": 1.945485154620305}, "datetime": {"datetime": "2025-05-09 20:41:57", "elapsed": 2098.877903, "delta": 11.290802}}
{"target": 0.0010379280414780584, "params": {"x0": 0.8328441432613816, "x1": 4.926649009944125, "x2": 7.1057446988034965, "x3": 3.1853790288574415, "x4": 0.27014250068983864, "x5": 11.20253762869679, "x6": 13.188472533849247, "x7": 10.919622056386894, "x8": 1.5963798912444342, "x9": 1.9454851358140857}, "datetime": {"datetime": "2025-05-09 20:42:08", "elapsed": 2110.324489, "delta": 11.446586}}
{"target": 0.0010379280414780584, "params": {"x0": 0.832844158441161, "x1": 4.926649052830594, "x2": 7.105744886666272, "x3": 3.18537853856352, "x4": 0.2701424966082997, "x5": 11.202536830168386, "x6": 13.18847306177609, "x7": 10.919620554788846, "x8": 1.5963799697591636, "x9": 1.9454851222524763}, "datetime": {"datetime": "2025-05-09 20:42:20", "elapsed": 2121.773522, "delta": 11.449033}}
{"target": 0.0010379280414780584, "params": {"x0": 0.8328441679659003, "x1": 4.926649179214902, "x2": 7.105744848832933, "x3": 3.18537931611789, "x4": 0.2701424099917966, "x5": 11.202537431440733, "x6": 13.188472303560246, "x7": 10.919622047079647, "x8": 1.5963800244432926, "x9": 1.9454851291389907}, "datetime": {"datetime": "2025-05-09 20:42:31", "elapsed": 2133.116135, "delta": 11.342613}}
{"target": 0.0010379280414780584, "params": {"x0": 0.8328441682975063, "x1": 4.926649166786567, "x2": 7.105744732426046, "x3": 3.185379112399941, "x4": 0.27014241848915693, "x5": 11.20253691541394, "x6": 13.188472642039144, "x7": 10.919621647024083, "x8": 1.5963799725820889, "x9": 1.9454850998811402}, "datetime": {"datetime": "2025-05-09 20:42:42", "elapsed": 2144.484629, "delta": 11.368494}}
{"target": 0.0010379280414780584, "params": {"x0": 0.8328441660467778, "x1": 4.92664919266991, "x2": 7.105744614862536, "x3": 3.185379063438601, "x4": 0.2701423433516021, "x5": 11.20253688718189, "x6": 13.188472430081864, "x7": 10.919621549668783, "x8": 1.596379961030062, "x9": 1.9454851077084718}, "datetime": {"datetime": "2025-05-09 20:42:54", "elapsed": 2155.628505, "delta": 11.143876}}
{"target": 0.0010379280414780584, "params": {"x0": 0.8328441629923377, "x1": 4.926649238313422, "x2": 7.105744737547349, "x3": 3.1853789837442252, "x4": 0.27014232226779067, "x5": 11.202536729731973, "x6": 13.188473059030015, "x7": 10.919621671930615, "x8": 1.5963800203703662, "x9": 1.945485090927223}, "datetime": {"datetime": "2025-05-09 20:43:05", "elapsed": 2167.003098, "delta": 11.374593}}
{"target": 0.0010379280414780584, "params": {"x0": 0.8328441586763551, "x1": 4.92664923695623, "x2": 7.105744620663017, "x3": 3.1853788164615695, "x4": 0.2701423219387898, "x5": 11.20253697622043, "x6": 13.188472707641388, "x7": 10.919620499885903, "x8": 1.5963800786847206, "x9": 1.945485095606305}, "datetime": {"datetime": "2025-05-09 20:43:16", "elapsed": 2178.359492, "delta": 11.356394}}
{"target": 0.0010379280414780584, "params": {"x0": 0.8328441584641684, "x1": 4.926649360263464, "x2": 7.105744656972728, "x3": 3.185378925566703, "x4": 0.27014228257977607, "x5": 11.202536825990826, "x6": 13.188473697086813, "x7": 10.919620979180047, "x8": 1.5963799618633072, "x9": 1.9454850947965636}, "datetime": {"datetime": "2025-05-09 20:43:28", "elapsed": 2189.845922, "delta": 11.48643}}
{"target": 0.0010379280414780584, "params": {"x0": 0.8328441570033396, "x1": 4.926649320151593, "x2": 7.105744638794498, "x3": 3.185379119559941, "x4": 0.27014225976349593, "x5": 11.202536297373978, "x6": 13.18847282676856, "x7": 10.919620939763945, "x8": 1.5963799786207233, "x9": 1.9454850851076713}, "datetime": {"datetime": "2025-05-09 20:43:39", "elapsed": 2201.185601, "delta": 11.339679}}
{"target": 0.0010379280414780584, "params": {"x0": 0.8328441604732887, "x1": 4.926649383457445, "x2": 7.105744628486382, "x3": 3.185379114945262, "x4": 0.27014224361671785, "x5": 11.202536221984172, "x6": 13.188473221567477, "x7": 10.919621307918469, "x8": 1.5963799741815141, "x9": 1.9454850774214734}, "datetime": {"datetime": "2025-05-09 20:43:51", "elapsed": 2212.724531, "delta": 11.53893}}
{"target": 0.0010379280414780584, "params": {"x0": 0.8328441593071154, "x1": 4.926649410539335, "x2": 7.10574462671587, "x3": 3.1853790234112336, "x4": 0.27014220177060366, "x5": 11.202536284688986, "x6": 13.18847304710593, "x7": 10.919620820824072, "x8": 1.596379986444706, "x9": 1.9454850744450067}, "datetime": {"datetime": "2025-05-09 20:44:02", "elapsed": 2224.072417, "delta": 11.347886}}
{"target": 0.0010379280414780584, "params": {"x0": 0.8328441576409893, "x1": 4.926649447172805, "x2": 7.105744601450269, "x3": 3.185378923144064, "x4": 0.27014218404273155, "x5": 11.202536477684278, "x6": 13.18847303047534, "x7": 10.91962109098188, "x8": 1.596380058916537, "x9": 1.9454850749473285}, "datetime": {"datetime": "2025-05-09 20:44:13", "elapsed": 2235.268471, "delta": 11.196054}}
{"target": 0.0010379280414780584, "params": {"x0": 0.8328441511203655, "x1": 4.926649375584271, "x2": 7.1057446005376095, "x3": 3.185379038077291, "x4": 0.27014218930128336, "x5": 11.202536514856625, "x6": 13.18847316045876, "x7": 10.919620688706143, "x8": 1.5963800270759578, "x9": 1.9454850730592033}, "datetime": {"datetime": "2025-05-09 20:44:25", "elapsed": 2247.031959, "delta": 11.763488}}
{"target": 0.0010379280414780584, "params": {"x0": 0.8328441585825259, "x1": 4.926649454719298, "x2": 7.10574457879446, "x3": 3.1853791451574383, "x4": 0.27014217327661244, "x5": 11.202536872125588, "x6": 13.18847316989382, "x7": 10.919620585992075, "x8": 1.5963799887880443, "x9": 1.9454850688298526}, "datetime": {"datetime": "2025-05-09 20:44:36", "elapsed": 2258.257725, "delta": 11.225766}}
{"target": 0.0010379280414780584, "params": {"x0": 0.8328441528702968, "x1": 4.92664946685887, "x2": 7.105744531617732, "x3": 3.1853790119865715, "x4": 0.27014215998793106, "x5": 11.20253675202828, "x6": 13.188473216150578, "x7": 10.919621022869713, "x8": 1.5963799959063876, "x9": 1.945485062572854}, "datetime": {"datetime": "2025-05-09 20:44:48", "elapsed": 2269.629848, "delta": 11.372123}}
{"target": 0.0010379280414780584, "params": {"x0": 0.832844151876906, "x1": 4.9266494182545975, "x2": 7.105744556719042, "x3": 3.1853790148996275, "x4": 0.2701421362322289, "x5": 11.202536455823369, "x6": 13.188473294095445, "x7": 10.919620638076786, "x8": 1.5963799956386278, "x9": 1.9454850645291153}, "datetime": {"datetime": "2025-05-09 20:44:59", "elapsed": 2281.049455, "delta": 11.419607}}
{"target": 0.0010379280414780584, "params": {"x0": 0.8328441565428735, "x1": 4.9266494685410045, "x2": 7.105744528616048, "x3": 3.1853790575981225, "x4": 0.27014213547691124, "x5": 11.202536646252964, "x6": 13.18847317175957, "x7": 10.919620939341781, "x8": 1.596380040433554, "x9": 1.9454850607537664}, "datetime": {"datetime": "2025-05-09 20:45:10", "elapsed": 2292.369321, "delta": 11.319866}}
{"target": 0.0010379280414780584, "params": {"x0": 0.8328441567635337, "x1": 4.9266494398545015, "x2": 7.10574451658331, "x3": 3.185379029593301, "x4": 0.27014212423308753, "x5": 11.20253648323481, "x6": 13.188473137723063, "x7": 10.919620387372209, "x8": 1.596380009671706, "x9": 1.9454850588258181}, "datetime": {"datetime": "2025-05-09 20:45:22", "elapsed": 2303.635888, "delta": 11.266567}}
{"target": 0.0010379280414780584, "params": {"x0": 0.8328441553178493, "x1": 4.926649449465233, "x2": 7.105744514431435, "x3": 3.1853790533521424, "x4": 0.2701421211484018, "x5": 11.202536719778504, "x6": 13.188473438197352, "x7": 10.919620838597563, "x8": 1.5963800164432975, "x9": 1.9454850576653842}, "datetime": {"datetime": "2025-05-09 20:45:33", "elapsed": 2315.135888, "delta": 11.5}}
{"target": 0.0010379280414780584, "params": {"x0": 0.8328441555183732, "x1": 4.926649480145279, "x2": 7.10574452230319, "x3": 3.1853790720931703, "x4": 0.27014210827245827, "x5": 11.202536563318478, "x6": 13.188473331204959, "x7": 10.919620743996859, "x8": 1.596380024238218, "x9": 1.9454850557550032}, "datetime": {"datetime": "2025-05-09 20:45:45", "elapsed": 2326.605789, "delta": 11.469901}}
{"target": 0.0010379280414780584, "params": {"x0": 0.8328441532200261, "x1": 4.926649468472922, "x2": 7.105744515413453, "x3": 3.1853790515156484, "x4": 0.2701421028121117, "x5": 11.202536527366547, "x6": 13.188473292646881, "x7": 10.919620876931482, "x8": 1.5963800249369273, "x9": 1.9454850516635414}, "datetime": {"datetime": "2025-05-09 20:45:56", "elapsed": 2337.939464, "delta": 11.333675}}
{"target": 0.0010379280414780584, "params": {"x0": 0.8328441517807444, "x1": 4.92664948444078, "x2": 7.105744491797094, "x3": 3.185379104889882, "x4": 0.27014209648768134, "x5": 11.202536757791002, "x6": 13.188473392057194, "x7": 10.919620856372527, "x8": 1.596380011852794, "x9": 1.9454850551071143}, "datetime": {"datetime": "2025-05-09 20:46:08", "elapsed": 2349.700724, "delta": 11.76126}}
{"target": 0.0010379280414780584, "params": {"x0": 0.8328441547344414, "x1": 4.926649482814419, "x2": 7.105744508601399, "x3": 3.185379067846818, "x4": 0.2701420915170948, "x5": 11.202536752221327, "x6": 13.188473273756047, "x7": 10.919620834483933, "x8": 1.5963800189389332, "x9": 1.9454850428611081}, "datetime": {"datetime": "2025-05-09 20:46:19", "elapsed": 2360.967906, "delta": 11.267182}}
{"target": 0.0010379280414780584, "params": {"x0": 0.8328441542599275, "x1": 4.926649493779382, "x2": 7.105744501249202, "x3": 3.185379100856833, "x4": 0.2701420854697492, "x5": 11.202536711603276, "x6": 13.188473274260904, "x7": 10.919620725748063, "x8": 1.5963800261074876, "x9": 1.9454850507698978}, "datetime": {"datetime": "2025-05-09 20:46:30", "elapsed": 2372.382787, "delta": 11.414881}}
{"target": 0.0010379280414780584, "params": {"x0": 0.8328441539184459, "x1": 4.926649488757487, "x2": 7.105744487286287, "x3": 3.185379181430774, "x4": 0.27014207994331396, "x5": 11.202536730695972, "x6": 13.188473266521518, "x7": 10.919620722342858, "x8": 1.596380019437642, "x9": 1.945485052593463}, "datetime": {"datetime": "2025-05-09 20:46:42", "elapsed": 2384.175583, "delta": 11.792796}}
{"target": 0.0010379280414780584, "params": {"x0": 0.8328441550435448, "x1": 4.92664949872653, "x2": 7.105744480673717, "x3": 3.1853790933410795, "x4": 0.270142080327363, "x5": 11.20253663972694, "x6": 13.18847334909427, "x7": 10.919620702286899, "x8": 1.596380013607812, "x9": 1.945485051356849}, "datetime": {"datetime": "2025-05-09 20:46:54", "elapsed": 2395.96932, "delta": 11.793737}}
{"target": 0.0010379280414780584, "params": {"x0": 0.8328441535099111, "x1": 4.926649500913133, "x2": 7.1057444888908705, "x3": 3.185379118560819, "x4": 0.27014207562733766, "x5": 11.20253669547893, "x6": 13.188473314070752, "x7": 10.919620662111878, "x8": 1.5963800173717186, "x9": 1.9454850473097176}, "datetime": {"datetime": "2025-05-09 20:47:05", "elapsed": 2407.291769, "delta": 11.322449}}
