{"target": 3.5268936155790063, "params": {"x0": 0.9969132557299644, "x1": 1.1800033070729097, "x2": 2.94245154324344, "x3": 1.719067992798262, "x4": 3.287745401658248, "x5": 5.930781813170061, "x6": 0.0454005546292943, "x7": -0.9613615629637733, "x8": 0.9125581463619594, "x9": 1.6471290832990886}, "datetime": {"datetime": "2025-05-18 00:03:53", "elapsed": 10144.521267, "delta": 4.434491}}
{"target": 3.5268936155790063, "params": {"x0": 0.9969132557299644, "x1": 1.1800033070729097, "x2": 2.94245154324344, "x3": 1.719067992798262, "x4": 3.287745401658248, "x5": 5.930781813170061, "x6": 0.0454005546292943, "x7": -0.9613615629637733, "x8": 0.9125581463619594, "x9": 1.6471290832990886}, "datetime": {"datetime": "2025-05-18 00:03:58", "elapsed": 10148.945018, "delta": 4.423751}}
{"target": 3.5268936155790063, "params": {"x0": 0.9969132557299644, "x1": 1.1800033070729097, "x2": 2.94245154324344, "x3": 1.719067992798262, "x4": 3.287745401658248, "x5": 5.930781813170061, "x6": 0.0454005546292943, "x7": -0.9613615629637733, "x8": 0.9125581463619594, "x9": 1.6471290832990886}, "datetime": {"datetime": "2025-05-18 00:04:02", "elapsed": 10153.191866, "delta": 4.246848}}
{"target": 3.5268936155790063, "params": {"x0": 0.9969132557299644, "x1": 1.1800033070729097, "x2": 2.94245154324344, "x3": 1.719067992798262, "x4": 3.287745401658248, "x5": 5.930781813170061, "x6": 0.0454005546292943, "x7": -0.9613615629637733, "x8": 0.9125581463619594, "x9": 1.6471290832990886}, "datetime": {"datetime": "2025-05-18 00:04:06", "elapsed": 10157.534028, "delta": 4.342162}}
{"target": 3.5268936155790063, "params": {"x0": 0.9969132557299644, "x1": 1.1800033070729097, "x2": 2.94245154324344, "x3": 1.719067992798262, "x4": 3.287745401658248, "x5": 5.930781813170061, "x6": 0.0454005546292943, "x7": -0.9613615629637733, "x8": 0.9125581463619594, "x9": 1.6471290832990886}, "datetime": {"datetime": "2025-05-18 00:04:11", "elapsed": 10161.919391, "delta": 4.385363}}
{"target": 3.5268936155790063, "params": {"x0": 0.9969132557299644, "x1": 1.1800033070729097, "x2": 2.94245154324344, "x3": 1.719067992798262, "x4": 3.287745401658248, "x5": 5.930781813170061, "x6": 0.0454005546292943, "x7": -0.9613615629637733, "x8": 0.9125581463619594, "x9": 1.6471290832990886}, "datetime": {"datetime": "2025-05-18 00:04:14", "elapsed": 10165.660998, "delta": 3.741607}}
{"target": 3.5268936155790063, "params": {"x0": 0.9969132557299644, "x1": 1.1800033070729097, "x2": 2.94245154324344, "x3": 1.719067992798262, "x4": 3.287745401658248, "x5": 5.930781813170061, "x6": 0.0454005546292943, "x7": -0.9613615629637733, "x8": 0.9125581463619594, "x9": 1.6471290832990886}, "datetime": {"datetime": "2025-05-18 00:04:18", "elapsed": 10169.550004, "delta": 3.889006}}
{"target": 3.5268936155790063, "params": {"x0": 0.9969132557299644, "x1": 1.1800033070729097, "x2": 2.94245154324344, "x3": 1.719067992798262, "x4": 3.287745401658248, "x5": 5.930781813170061, "x6": 0.0454005546292943, "x7": -0.9613615629637733, "x8": 0.9125581463619594, "x9": 1.6471290832990886}, "datetime": {"datetime": "2025-05-18 00:04:22", "elapsed": 10173.124817, "delta": 3.574813}}
{"target": 3.5268936155790063, "params": {"x0": 0.9969132557299644, "x1": 1.1800033070729097, "x2": 2.94245154324344, "x3": 1.719067992798262, "x4": 3.287745401658248, "x5": 5.930781813170061, "x6": 0.0454005546292943, "x7": -0.9613615629637733, "x8": 0.9125581463619594, "x9": 1.6471290832990886}, "datetime": {"datetime": "2025-05-18 00:04:26", "elapsed": 10177.349777, "delta": 4.22496}}
{"target": 3.5268936155790063, "params": {"x0": 0.9969132557299644, "x1": 1.1800033070729097, "x2": 2.94245154324344, "x3": 1.719067992798262, "x4": 3.287745401658248, "x5": 5.930781813170061, "x6": 0.0454005546292943, "x7": -0.9613615629637733, "x8": 0.9125581463619594, "x9": 1.6471290832990886}, "datetime": {"datetime": "2025-05-18 00:04:30", "elapsed": 10181.218022, "delta": 3.868245}}
{"target": 3.5268936155790063, "params": {"x0": 0.9969132557299644, "x1": 1.1800033070729097, "x2": 2.94245154324344, "x3": 1.719067992798262, "x4": 3.287745401658248, "x5": 5.930781813170061, "x6": 0.0454005546292943, "x7": -0.9613615629637733, "x8": 0.9125581463619594, "x9": 1.6471290832990886}, "datetime": {"datetime": "2025-05-18 00:04:34", "elapsed": 10185.146287, "delta": 3.928265}}
{"target": 3.5268936155790063, "params": {"x0": 0.9969132557299644, "x1": 1.1800033070729097, "x2": 2.94245154324344, "x3": 1.719067992798262, "x4": 3.287745401658248, "x5": 5.930781813170061, "x6": 0.0454005546292943, "x7": -0.9613615629637733, "x8": 0.9125581463619594, "x9": 1.6471290832990886}, "datetime": {"datetime": "2025-05-18 00:04:37", "elapsed": 10188.596115, "delta": 3.449828}}
{"target": 3.5268936155790063, "params": {"x0": 0.9969132557299644, "x1": 1.1800033070729097, "x2": 2.94245154324344, "x3": 1.719067992798262, "x4": 3.287745401658248, "x5": 5.930781813170061, "x6": 0.0454005546292943, "x7": -0.9613615629637733, "x8": 0.9125581463619594, "x9": 1.6471290832990886}, "datetime": {"datetime": "2025-05-18 00:04:41", "elapsed": 10192.405384, "delta": 3.809269}}
{"target": 3.5268936155790063, "params": {"x0": 0.9969132557299644, "x1": 1.1800033070729097, "x2": 2.94245154324344, "x3": 1.719067992798262, "x4": 3.287745401658248, "x5": 5.930781813170061, "x6": 0.0454005546292943, "x7": -0.9613615629637733, "x8": 0.9125581463619594, "x9": 1.6471290832990886}, "datetime": {"datetime": "2025-05-18 00:04:45", "elapsed": 10195.990988, "delta": 3.585604}}
{"target": 3.5268936155790063, "params": {"x0": 0.9969132557299644, "x1": 1.1800033070729097, "x2": 2.94245154324344, "x3": 1.719067992798262, "x4": 3.287745401658248, "x5": 5.930781813170061, "x6": 0.0454005546292943, "x7": -0.9613615629637733, "x8": 0.9125581463619594, "x9": 1.6471290832990886}, "datetime": {"datetime": "2025-05-18 00:04:49", "elapsed": 10200.846363, "delta": 4.855375}}
{"target": 3.5268936155790063, "params": {"x0": 0.9969132557299644, "x1": 1.1800033070729097, "x2": 2.94245154324344, "x3": 1.719067992798262, "x4": 3.287745401658248, "x5": 5.930781813170061, "x6": 0.0454005546292943, "x7": -0.9613615629637733, "x8": 0.9125581463619594, "x9": 1.6471290832990886}, "datetime": {"datetime": "2025-05-18 00:04:53", "elapsed": 10204.482063, "delta": 3.6357}}
{"target": 3.5268936155790063, "params": {"x0": 0.9969132557299644, "x1": 1.1800033070729097, "x2": 2.94245154324344, "x3": 1.719067992798262, "x4": 3.287745401658248, "x5": 5.930781813170061, "x6": 0.0454005546292943, "x7": -0.9613615629637733, "x8": 0.9125581463619594, "x9": 1.6471290832990886}, "datetime": {"datetime": "2025-05-18 00:04:57", "elapsed": 10208.275557, "delta": 3.793494}}
{"target": 3.5268936155790063, "params": {"x0": 0.9969132557299644, "x1": 1.1800033070729097, "x2": 2.94245154324344, "x3": 1.719067992798262, "x4": 3.287745401658248, "x5": 5.930781813170061, "x6": 0.0454005546292943, "x7": -0.9613615629637733, "x8": 0.9125581463619594, "x9": 1.6471290832990886}, "datetime": {"datetime": "2025-05-18 00:05:01", "elapsed": 10212.557937, "delta": 4.28238}}
{"target": 3.5268936155790063, "params": {"x0": 0.9969132557299644, "x1": 1.1800033070729097, "x2": 2.94245154324344, "x3": 1.719067992798262, "x4": 3.287745401658248, "x5": 5.930781813170061, "x6": 0.0454005546292943, "x7": -0.9613615629637733, "x8": 0.9125581463619594, "x9": 1.6471290832990886}, "datetime": {"datetime": "2025-05-18 00:05:05", "elapsed": 10216.40939, "delta": 3.851453}}
{"target": 3.5268936155790063, "params": {"x0": 0.9969132557299644, "x1": 1.1800033070729097, "x2": 2.94245154324344, "x3": 1.719067992798262, "x4": 3.287745401658248, "x5": 5.930781813170061, "x6": 0.0454005546292943, "x7": -0.9613615629637733, "x8": 0.9125581463619594, "x9": 1.6471290832990886}, "datetime": {"datetime": "2025-05-18 00:05:09", "elapsed": 10220.813686, "delta": 4.404296}}
{"target": 3.5268936155790063, "params": {"x0": 0.9969132557299644, "x1": 1.1800033070729097, "x2": 2.94245154324344, "x3": 1.719067992798262, "x4": 3.287745401658248, "x5": 5.930781813170061, "x6": 0.0454005546292943, "x7": -0.9613615629637733, "x8": 0.9125581463619594, "x9": 1.6471290832990886}, "datetime": {"datetime": "2025-05-18 00:05:14", "elapsed": 10225.725923, "delta": 4.912237}}
{"target": 3.5268936155790063, "params": {"x0": 0.9969132557299644, "x1": 1.1800033070729097, "x2": 2.94245154324344, "x3": 1.719067992798262, "x4": 3.287745401658248, "x5": 5.930781813170061, "x6": 0.0454005546292943, "x7": -0.9613615629637733, "x8": 0.9125581463619594, "x9": 1.6471290832990886}, "datetime": {"datetime": "2025-05-18 00:05:19", "elapsed": 10230.077646, "delta": 4.351723}}
{"target": 3.5268936155790063, "params": {"x0": 0.9969132557299644, "x1": 1.1800033070729097, "x2": 2.94245154324344, "x3": 1.719067992798262, "x4": 3.287745401658248, "x5": 5.930781813170061, "x6": 0.0454005546292943, "x7": -0.9613615629637733, "x8": 0.9125581463619594, "x9": 1.6471290832990886}, "datetime": {"datetime": "2025-05-18 00:05:22", "elapsed": 10233.7501, "delta": 3.672454}}
{"target": 3.5268936155790063, "params": {"x0": 0.9969132557299644, "x1": 1.1800033070729097, "x2": 2.94245154324344, "x3": 1.719067992798262, "x4": 3.287745401658248, "x5": 5.930781813170061, "x6": 0.0454005546292943, "x7": -0.9613615629637733, "x8": 0.9125581463619594, "x9": 1.6471290832990886}, "datetime": {"datetime": "2025-05-18 00:05:27", "elapsed": 10238.020816, "delta": 4.270716}}
{"target": 3.5268936155790063, "params": {"x0": 0.9969132557299644, "x1": 1.1800033070729097, "x2": 2.94245154324344, "x3": 1.719067992798262, "x4": 3.287745401658248, "x5": 5.930781813170061, "x6": 0.0454005546292943, "x7": -0.9613615629637733, "x8": 0.9125581463619594, "x9": 1.6471290832990886}, "datetime": {"datetime": "2025-05-18 00:05:31", "elapsed": 10242.676937, "delta": 4.656121}}
{"target": 3.5268936155790063, "params": {"x0": 0.9969132557299644, "x1": 1.1800033070729097, "x2": 2.94245154324344, "x3": 1.719067992798262, "x4": 3.287745401658248, "x5": 5.930781813170061, "x6": 0.0454005546292943, "x7": -0.9613615629637733, "x8": 0.9125581463619594, "x9": 1.6471290832990886}, "datetime": {"datetime": "2025-05-18 00:05:35", "elapsed": 10246.537066, "delta": 3.860129}}
{"target": 3.5268936155790063, "params": {"x0": 0.9969132557299644, "x1": 1.1800033070729097, "x2": 2.94245154324344, "x3": 1.719067992798262, "x4": 3.287745401658248, "x5": 5.930781813170061, "x6": 0.0454005546292943, "x7": -0.9613615629637733, "x8": 0.9125581463619594, "x9": 1.6471290832990886}, "datetime": {"datetime": "2025-05-18 00:05:39", "elapsed": 10250.877691, "delta": 4.340625}}
{"target": 3.5268936155790063, "params": {"x0": 0.9969132557299644, "x1": 1.1800033070729097, "x2": 2.94245154324344, "x3": 1.719067992798262, "x4": 3.287745401658248, "x5": 5.930781813170061, "x6": 0.0454005546292943, "x7": -0.9613615629637733, "x8": 0.9125581463619594, "x9": 1.6471290832990886}, "datetime": {"datetime": "2025-05-18 00:05:45", "elapsed": 10255.997841, "delta": 5.12015}}
{"target": 3.5268936155790063, "params": {"x0": 0.9969132557299644, "x1": 1.1800033070729097, "x2": 2.94245154324344, "x3": 1.719067992798262, "x4": 3.287745401658248, "x5": 5.930781813170061, "x6": 0.0454005546292943, "x7": -0.9613615629637733, "x8": 0.9125581463619594, "x9": 1.6471290832990886}, "datetime": {"datetime": "2025-05-18 00:05:49", "elapsed": 10260.371865, "delta": 4.374024}}
{"target": 3.5268936155790063, "params": {"x0": 0.9969132557299644, "x1": 1.1800033070729097, "x2": 2.94245154324344, "x3": 1.719067992798262, "x4": 3.287745401658248, "x5": 5.930781813170061, "x6": 0.0454005546292943, "x7": -0.9613615629637733, "x8": 0.9125581463619594, "x9": 1.6471290832990886}, "datetime": {"datetime": "2025-05-18 00:05:53", "elapsed": 10263.98408, "delta": 3.612215}}
{"target": 3.5268936155790063, "params": {"x0": 0.9969132557299644, "x1": 1.1800033070729097, "x2": 2.94245154324344, "x3": 1.719067992798262, "x4": 3.287745401658248, "x5": 5.930781813170061, "x6": 0.0454005546292943, "x7": -0.9613615629637733, "x8": 0.9125581463619594, "x9": 1.6471290832990886}, "datetime": {"datetime": "2025-05-18 00:05:56", "elapsed": 10267.474847, "delta": 3.490767}}
{"target": 3.5268936155790063, "params": {"x0": 0.9969132557299644, "x1": 1.1800033070729097, "x2": 2.94245154324344, "x3": 1.719067992798262, "x4": 3.287745401658248, "x5": 5.930781813170061, "x6": 0.0454005546292943, "x7": -0.9613615629637733, "x8": 0.9125581463619594, "x9": 1.6471290832990886}, "datetime": {"datetime": "2025-05-18 00:06:00", "elapsed": 10271.703005, "delta": 4.228158}}
{"target": 3.5268936155790063, "params": {"x0": 0.9969132557299644, "x1": 1.1800033070729097, "x2": 2.94245154324344, "x3": 1.719067992798262, "x4": 3.287745401658248, "x5": 5.930781813170061, "x6": 0.0454005546292943, "x7": -0.9613615629637733, "x8": 0.9125581463619594, "x9": 1.6471290832990886}, "datetime": {"datetime": "2025-05-18 00:06:04", "elapsed": 10275.471605, "delta": 3.7686}}
{"target": 3.5268936155790063, "params": {"x0": 0.9969132557299644, "x1": 1.1800033070729097, "x2": 2.94245154324344, "x3": 1.719067992798262, "x4": 3.287745401658248, "x5": 5.930781813170061, "x6": 0.0454005546292943, "x7": -0.9613615629637733, "x8": 0.9125581463619594, "x9": 1.6471290832990886}, "datetime": {"datetime": "2025-05-18 00:06:08", "elapsed": 10279.633584, "delta": 4.161979}}
{"target": 3.5268936155790063, "params": {"x0": 0.9969132557299644, "x1": 1.1800033070729097, "x2": 2.94245154324344, "x3": 1.719067992798262, "x4": 3.287745401658248, "x5": 5.930781813170061, "x6": 0.0454005546292943, "x7": -0.9613615629637733, "x8": 0.9125581463619594, "x9": 1.6471290832990886}, "datetime": {"datetime": "2025-05-18 00:06:12", "elapsed": 10283.673515, "delta": 4.039931}}
{"target": 3.5268936155790063, "params": {"x0": 0.9969132557299644, "x1": 1.1800033070729097, "x2": 2.94245154324344, "x3": 1.719067992798262, "x4": 3.287745401658248, "x5": 5.930781813170061, "x6": 0.0454005546292943, "x7": -0.9613615629637733, "x8": 0.9125581463619594, "x9": 1.6471290832990886}, "datetime": {"datetime": "2025-05-18 00:06:17", "elapsed": 10288.758428, "delta": 5.084913}}
{"target": 3.5268936155790063, "params": {"x0": 0.9969132557299644, "x1": 1.1800033070729097, "x2": 2.94245154324344, "x3": 1.719067992798262, "x4": 3.287745401658248, "x5": 5.930781813170061, "x6": 0.0454005546292943, "x7": -0.9613615629637733, "x8": 0.9125581463619594, "x9": 1.6471290832990886}, "datetime": {"datetime": "2025-05-18 00:06:22", "elapsed": 10293.260213, "delta": 4.501785}}
{"target": 3.5268936155790063, "params": {"x0": 0.9969132557299644, "x1": 1.1800033070729097, "x2": 2.94245154324344, "x3": 1.719067992798262, "x4": 3.287745401658248, "x5": 5.930781813170061, "x6": 0.0454005546292943, "x7": -0.9613615629637733, "x8": 0.9125581463619594, "x9": 1.6471290832990886}, "datetime": {"datetime": "2025-05-18 00:06:25", "elapsed": 10296.663253, "delta": 3.40304}}
{"target": 3.5268936155790063, "params": {"x0": 0.9969132557299644, "x1": 1.1800033070729097, "x2": 2.94245154324344, "x3": 1.719067992798262, "x4": 3.287745401658248, "x5": 5.930781813170061, "x6": 0.0454005546292943, "x7": -0.9613615629637733, "x8": 0.9125581463619594, "x9": 1.6471290832990886}, "datetime": {"datetime": "2025-05-18 00:06:29", "elapsed": 10300.423765, "delta": 3.760512}}
{"target": 3.5268936155790063, "params": {"x0": 0.9969132557299644, "x1": 1.1800033070729097, "x2": 2.94245154324344, "x3": 1.719067992798262, "x4": 3.287745401658248, "x5": 5.930781813170061, "x6": 0.0454005546292943, "x7": -0.9613615629637733, "x8": 0.9125581463619594, "x9": 1.6471290832990886}, "datetime": {"datetime": "2025-05-18 00:06:33", "elapsed": 10304.47037, "delta": 4.046605}}
{"target": 3.5268936155790063, "params": {"x0": 0.9969132557299644, "x1": 1.1800033070729097, "x2": 2.94245154324344, "x3": 1.719067992798262, "x4": 3.287745401658248, "x5": 5.930781813170061, "x6": 0.0454005546292943, "x7": -0.9613615629637733, "x8": 0.9125581463619594, "x9": 1.6471290832990886}, "datetime": {"datetime": "2025-05-18 00:06:37", "elapsed": 10308.38301, "delta": 3.91264}}
{"target": 3.5268936155790063, "params": {"x0": 0.9969132557299644, "x1": 1.1800033070729097, "x2": 2.94245154324344, "x3": 1.719067992798262, "x4": 3.287745401658248, "x5": 5.930781813170061, "x6": 0.0454005546292943, "x7": -0.9613615629637733, "x8": 0.9125581463619594, "x9": 1.6471290832990886}, "datetime": {"datetime": "2025-05-18 00:06:43", "elapsed": 10314.257129, "delta": 5.874119}}
{"target": 3.5268936155790063, "params": {"x0": 0.9969132557299644, "x1": 1.1800033070729097, "x2": 2.94245154324344, "x3": 1.719067992798262, "x4": 3.287745401658248, "x5": 5.930781813170061, "x6": 0.0454005546292943, "x7": -0.9613615629637733, "x8": 0.9125581463619594, "x9": 1.6471290832990886}, "datetime": {"datetime": "2025-05-18 00:06:47", "elapsed": 10318.108084, "delta": 3.850955}}
{"target": 3.5268936155790063, "params": {"x0": 0.9969132557299644, "x1": 1.1800033070729097, "x2": 2.94245154324344, "x3": 1.719067992798262, "x4": 3.287745401658248, "x5": 5.930781813170061, "x6": 0.0454005546292943, "x7": -0.9613615629637733, "x8": 0.9125581463619594, "x9": 1.6471290832990886}, "datetime": {"datetime": "2025-05-18 00:06:50", "elapsed": 10321.739428, "delta": 3.631344}}
{"target": 3.5268936155790063, "params": {"x0": 0.9969132557299644, "x1": 1.1800033070729097, "x2": 2.94245154324344, "x3": 1.719067992798262, "x4": 3.287745401658248, "x5": 5.930781813170061, "x6": 0.0454005546292943, "x7": -0.9613615629637733, "x8": 0.9125581463619594, "x9": 1.6471290832990886}, "datetime": {"datetime": "2025-05-18 00:06:54", "elapsed": 10325.204302, "delta": 3.464874}}
{"target": 3.5268936155790063, "params": {"x0": 0.9969132557299644, "x1": 1.1800033070729097, "x2": 2.94245154324344, "x3": 1.719067992798262, "x4": 3.287745401658248, "x5": 5.930781813170061, "x6": 0.0454005546292943, "x7": -0.9613615629637733, "x8": 0.9125581463619594, "x9": 1.6471290832990886}, "datetime": {"datetime": "2025-05-18 00:06:58", "elapsed": 10329.563791, "delta": 4.359489}}
{"target": 3.5268936155790063, "params": {"x0": 0.9969132557299644, "x1": 1.1800033070729097, "x2": 2.94245154324344, "x3": 1.719067992798262, "x4": 3.287745401658248, "x5": 5.930781813170061, "x6": 0.0454005546292943, "x7": -0.9613615629637733, "x8": 0.9125581463619594, "x9": 1.6471290832990886}, "datetime": {"datetime": "2025-05-18 00:07:02", "elapsed": 10333.097672, "delta": 3.533881}}
{"target": 3.5268936155790063, "params": {"x0": 0.9969132557299644, "x1": 1.1800033070729097, "x2": 2.94245154324344, "x3": 1.719067992798262, "x4": 3.287745401658248, "x5": 5.930781813170061, "x6": 0.0454005546292943, "x7": -0.9613615629637733, "x8": 0.9125581463619594, "x9": 1.6471290832990886}, "datetime": {"datetime": "2025-05-18 00:07:06", "elapsed": 10337.767212, "delta": 4.66954}}
{"target": 3.5268936155790063, "params": {"x0": 0.9969132557299644, "x1": 1.1800033070729097, "x2": 2.94245154324344, "x3": 1.719067992798262, "x4": 3.287745401658248, "x5": 5.930781813170061, "x6": 0.0454005546292943, "x7": -0.9613615629637733, "x8": 0.9125581463619594, "x9": 1.6471290832990886}, "datetime": {"datetime": "2025-05-18 00:07:10", "elapsed": 10341.569021, "delta": 3.801809}}
{"target": 3.5268936155790063, "params": {"x0": 0.9969132557299644, "x1": 1.1800033070729097, "x2": 2.94245154324344, "x3": 1.719067992798262, "x4": 3.287745401658248, "x5": 5.930781813170061, "x6": 0.0454005546292943, "x7": -0.9613615629637733, "x8": 0.9125581463619594, "x9": 1.6471290832990886}, "datetime": {"datetime": "2025-05-18 00:07:15", "elapsed": 10345.911258, "delta": 4.342237}}
{"target": 3.5268936155790063, "params": {"x0": 0.9969132557299644, "x1": 1.1800033070729097, "x2": 2.94245154324344, "x3": 1.719067992798262, "x4": 3.287745401658248, "x5": 5.930781813170061, "x6": 0.0454005546292943, "x7": -0.9613615629637733, "x8": 0.9125581463619594, "x9": 1.6471290832990886}, "datetime": {"datetime": "2025-05-18 00:07:20", "elapsed": 10351.075473, "delta": 5.164215}}
{"target": 3.5268936155790063, "params": {"x0": 0.9969132557299644, "x1": 1.1800033070729097, "x2": 2.94245154324344, "x3": 1.719067992798262, "x4": 3.287745401658248, "x5": 5.930781813170061, "x6": 0.0454005546292943, "x7": -0.9613615629637733, "x8": 0.9125581463619594, "x9": 1.6471290832990886}, "datetime": {"datetime": "2025-05-18 00:07:24", "elapsed": 10354.942485, "delta": 3.867012}}
{"target": 3.5268936155790063, "params": {"x0": 0.9969132557299644, "x1": 1.1800033070729097, "x2": 2.94245154324344, "x3": 1.719067992798262, "x4": 3.287745401658248, "x5": 5.930781813170061, "x6": 0.0454005546292943, "x7": -0.9613615629637733, "x8": 0.9125581463619594, "x9": 1.6471290832990886}, "datetime": {"datetime": "2025-05-18 00:07:27", "elapsed": 10358.728026, "delta": 3.785541}}
{"target": 3.5268936155790063, "params": {"x0": 0.9969132557299644, "x1": 1.1800033070729097, "x2": 2.94245154324344, "x3": 1.719067992798262, "x4": 3.287745401658248, "x5": 5.930781813170061, "x6": 0.0454005546292943, "x7": -0.9613615629637733, "x8": 0.9125581463619594, "x9": 1.6471290832990886}, "datetime": {"datetime": "2025-05-18 00:07:32", "elapsed": 10363.194451, "delta": 4.466425}}
{"target": 3.5268936155790063, "params": {"x0": 0.9969132557299644, "x1": 1.1800033070729097, "x2": 2.94245154324344, "x3": 1.719067992798262, "x4": 3.287745401658248, "x5": 5.930781813170061, "x6": 0.0454005546292943, "x7": -0.9613615629637733, "x8": 0.9125581463619594, "x9": 1.6471290832990886}, "datetime": {"datetime": "2025-05-18 00:07:36", "elapsed": 10367.801805, "delta": 4.607354}}
{"target": 3.5268936155790063, "params": {"x0": 0.9969132557299644, "x1": 1.1800033070729097, "x2": 2.94245154324344, "x3": 1.719067992798262, "x4": 3.287745401658248, "x5": 5.930781813170061, "x6": 0.0454005546292943, "x7": -0.9613615629637733, "x8": 0.9125581463619594, "x9": 1.6471290832990886}, "datetime": {"datetime": "2025-05-18 00:07:41", "elapsed": 10372.632287, "delta": 4.830482}}
