{"target": 3.5268936155790063, "params": {"x0": 0.9969132557299644, "x1": 1.18000330707291, "x2": 2.9424515432434393, "x3": 1.7190679927982626, "x4": 3.287745401658248, "x5": 5.930781813170061, "x6": 0.045400554629292475, "x7": -0.9613615629637726, "x8": 0.9125581463619595, "x9": 1.6471290832990884}, "datetime": {"datetime": "2025-05-17 22:20:00", "elapsed": 3911.672389, "delta": 12.538948}}
{"target": 3.5268936155790063, "params": {"x0": 0.9969132557299644, "x1": 1.1800033070729101, "x2": 2.94245154324344, "x3": 1.7190679927982608, "x4": 3.287745401658247, "x5": 5.930781813170061, "x6": 0.04540055462929262, "x7": -0.9613615629637722, "x8": 0.9125581463619594, "x9": 1.6471290832990888}, "datetime": {"datetime": "2025-05-17 22:20:12", "elapsed": 3923.83667, "delta": 12.164281}}
{"target": 3.5268936155790063, "params": {"x0": 0.9969132557299644, "x1": 1.1800033070729095, "x2": 2.9424515432434406, "x3": 1.7190679927982626, "x4": 3.28774540165825, "x5": 5.9307818131700625, "x6": 0.04540055462929204, "x7": -0.9613615629637736, "x8": 0.9125581463619594, "x9": 1.6471290832990886}, "datetime": {"datetime": "2025-05-17 22:20:24", "elapsed": 3935.740596, "delta": 11.903926}}
{"target": 3.5268936155790063, "params": {"x0": 0.9969132557299644, "x1": 1.1800033070729101, "x2": 2.94245154324344, "x3": 1.7190679927982613, "x4": 3.287745401658249, "x5": 5.930781813170062, "x6": 0.04540055462929574, "x7": -0.9613615629637734, "x8": 0.9125581463619594, "x9": 1.6471290832990886}, "datetime": {"datetime": "2025-05-17 22:20:37", "elapsed": 3947.906194, "delta": 12.165598}}
{"target": 3.5268936155790063, "params": {"x0": 0.9969132557299644, "x1": 1.1800033070729097, "x2": 2.94245154324344, "x3": 1.7190679927982617, "x4": 3.2877454016582472, "x5": 5.930781813170061, "x6": 0.04540055462929414, "x7": -0.9613615629637741, "x8": 0.9125581463619594, "x9": 1.6471290832990886}, "datetime": {"datetime": "2025-05-17 22:20:49", "elapsed": 3960.019494, "delta": 12.1133}}
{"target": 3.5268936155790063, "params": {"x0": 0.9969132557299644, "x1": 1.1800033070729097, "x2": 2.94245154324344, "x3": 1.7190679927982615, "x4": 3.2877454016582472, "x5": 5.930781813170059, "x6": 0.045400554629293696, "x7": -0.9613615629637734, "x8": 0.9125581463619595, "x9": 1.6471290832990886}, "datetime": {"datetime": "2025-05-17 22:21:01", "elapsed": 3972.166692, "delta": 12.147198}}
{"target": 3.5268936155790063, "params": {"x0": 0.9969132557299644, "x1": 1.1800033070729095, "x2": 2.9424515432434406, "x3": 1.7190679927982626, "x4": 3.2877454016582472, "x5": 5.930781813170062, "x6": 0.04540055462929509, "x7": -0.961361562963773, "x8": 0.9125581463619596, "x9": 1.6471290832990886}, "datetime": {"datetime": "2025-05-17 22:21:13", "elapsed": 3983.993056, "delta": 11.826364}}
{"target": 3.5268936155790063, "params": {"x0": 0.9969132557299644, "x1": 1.1800033070729095, "x2": 2.94245154324344, "x3": 1.719067992798262, "x4": 3.2877454016582477, "x5": 5.930781813170062, "x6": 0.04540055462929295, "x7": -0.9613615629637732, "x8": 0.9125581463619595, "x9": 1.6471290832990886}, "datetime": {"datetime": "2025-05-17 22:21:25", "elapsed": 3996.158984, "delta": 12.165928}}
{"target": 3.5268936155790063, "params": {"x0": 0.9969132557299644, "x1": 1.1800033070729097, "x2": 2.9424515432434406, "x3": 1.7190679927982617, "x4": 3.2877454016582486, "x5": 5.930781813170061, "x6": 0.045400554629294196, "x7": -0.9613615629637728, "x8": 0.9125581463619595, "x9": 1.6471290832990886}, "datetime": {"datetime": "2025-05-17 22:21:37", "elapsed": 4008.477254, "delta": 12.31827}}
{"target": 3.5268936155790063, "params": {"x0": 0.9969132557299644, "x1": 1.1800033070729095, "x2": 2.9424515432434397, "x3": 1.7190679927982622, "x4": 3.2877454016582477, "x5": 5.93078181317006, "x6": 0.045400554629294064, "x7": -0.9613615629637733, "x8": 0.9125581463619594, "x9": 1.6471290832990886}, "datetime": {"datetime": "2025-05-17 22:21:50", "elapsed": 4021.015411, "delta": 12.538157}}
{"target": 3.5268936155790063, "params": {"x0": 0.9969132557299644, "x1": 1.1800033070729095, "x2": 2.94245154324344, "x3": 1.7190679927982617, "x4": 3.2877454016582477, "x5": 5.930781813170061, "x6": 0.04540055462929425, "x7": -0.9613615629637728, "x8": 0.9125581463619594, "x9": 1.6471290832990886}, "datetime": {"datetime": "2025-05-17 22:22:02", "elapsed": 4033.641224, "delta": 12.625813}}
{"target": 3.5268936155790063, "params": {"x0": 0.9969132557299644, "x1": 1.1800033070729097, "x2": 2.9424515432434397, "x3": 1.7190679927982615, "x4": 3.2877454016582477, "x5": 5.93078181317006, "x6": 0.04540055462929392, "x7": -0.9613615629637734, "x8": 0.9125581463619595, "x9": 1.6471290832990886}, "datetime": {"datetime": "2025-05-17 22:22:14", "elapsed": 4045.279591, "delta": 11.638367}}
{"target": 3.5268936155790063, "params": {"x0": 0.9969132557299644, "x1": 1.1800033070729095, "x2": 2.94245154324344, "x3": 1.7190679927982617, "x4": 3.2877454016582486, "x5": 5.930781813170061, "x6": 0.04540055462929467, "x7": -0.9613615629637732, "x8": 0.9125581463619594, "x9": 1.6471290832990886}, "datetime": {"datetime": "2025-05-17 22:22:27", "elapsed": 4057.905327, "delta": 12.625736}}
{"target": 3.5268936155790063, "params": {"x0": 0.9969132557299644, "x1": 1.1800033070729097, "x2": 2.94245154324344, "x3": 1.719067992798262, "x4": 3.287745401658248, "x5": 5.930781813170061, "x6": 0.045400554629294175, "x7": -0.9613615629637731, "x8": 0.9125581463619595, "x9": 1.6471290832990886}, "datetime": {"datetime": "2025-05-17 22:22:40", "elapsed": 4071.46954, "delta": 13.564213}}
{"target": 3.5268936155790063, "params": {"x0": 0.9969132557299644, "x1": 1.1800033070729097, "x2": 2.94245154324344, "x3": 1.7190679927982617, "x4": 3.287745401658248, "x5": 5.930781813170062, "x6": 0.04540055462929404, "x7": -0.9613615629637735, "x8": 0.9125581463619593, "x9": 1.6471290832990886}, "datetime": {"datetime": "2025-05-17 22:22:52", "elapsed": 4083.417463, "delta": 11.947923}}
{"target": 3.5268936155790063, "params": {"x0": 0.9969132557299644, "x1": 1.1800033070729097, "x2": 2.94245154324344, "x3": 1.7190679927982617, "x4": 3.287745401658248, "x5": 5.930781813170062, "x6": 0.04540055462929423, "x7": -0.9613615629637735, "x8": 0.9125581463619594, "x9": 1.6471290832990886}, "datetime": {"datetime": "2025-05-17 22:23:05", "elapsed": 4096.333132, "delta": 12.915669}}
{"target": 3.5268936155790063, "params": {"x0": 0.9969132557299644, "x1": 1.1800033070729097, "x2": 2.94245154324344, "x3": 1.7190679927982622, "x4": 3.2877454016582477, "x5": 5.930781813170061, "x6": 0.04540055462929401, "x7": -0.9613615629637733, "x8": 0.9125581463619594, "x9": 1.6471290832990886}, "datetime": {"datetime": "2025-05-17 22:23:17", "elapsed": 4108.824596, "delta": 12.491464}}
{"target": 3.5268936155790063, "params": {"x0": 0.9969132557299644, "x1": 1.1800033070729097, "x2": 2.94245154324344, "x3": 1.719067992798262, "x4": 3.287745401658248, "x5": 5.930781813170062, "x6": 0.045400554629294196, "x7": -0.9613615629637731, "x8": 0.9125581463619594, "x9": 1.6471290832990886}, "datetime": {"datetime": "2025-05-17 22:23:29", "elapsed": 4120.644003, "delta": 11.819407}}
{"target": 3.5268936155790063, "params": {"x0": 0.9969132557299644, "x1": 1.1800033070729097, "x2": 2.94245154324344, "x3": 1.7190679927982617, "x4": 3.2877454016582486, "x5": 5.930781813170061, "x6": 0.04540055462929401, "x7": -0.9613615629637733, "x8": 0.9125581463619594, "x9": 1.6471290832990886}, "datetime": {"datetime": "2025-05-17 22:23:41", "elapsed": 4132.661447, "delta": 12.017444}}
{"target": 3.5268936155790063, "params": {"x0": 0.9969132557299644, "x1": 1.1800033070729097, "x2": 2.94245154324344, "x3": 1.7190679927982622, "x4": 3.287745401658248, "x5": 5.930781813170061, "x6": 0.04540055462929407, "x7": -0.9613615629637734, "x8": 0.9125581463619594, "x9": 1.6471290832990886}, "datetime": {"datetime": "2025-05-17 22:23:54", "elapsed": 4145.401016, "delta": 12.739569}}
{"target": 3.5268936155790063, "params": {"x0": 0.9969132557299644, "x1": 1.1800033070729097, "x2": 2.94245154324344, "x3": 1.7190679927982622, "x4": 3.2877454016582477, "x5": 5.930781813170061, "x6": 0.04540055462929458, "x7": -0.9613615629637732, "x8": 0.9125581463619594, "x9": 1.6471290832990886}, "datetime": {"datetime": "2025-05-17 22:24:06", "elapsed": 4157.839291, "delta": 12.438275}}
{"target": 3.5268936155790063, "params": {"x0": 0.9969132557299644, "x1": 1.1800033070729097, "x2": 2.94245154324344, "x3": 1.7190679927982622, "x4": 3.287745401658248, "x5": 5.930781813170061, "x6": 0.0454005546292943, "x7": -0.9613615629637732, "x8": 0.9125581463619594, "x9": 1.6471290832990886}, "datetime": {"datetime": "2025-05-17 22:24:20", "elapsed": 4171.233586, "delta": 13.394295}}
{"target": 3.5268936155790063, "params": {"x0": 0.9969132557299644, "x1": 1.1800033070729097, "x2": 2.94245154324344, "x3": 1.719067992798262, "x4": 3.287745401658248, "x5": 5.930781813170061, "x6": 0.0454005546292945, "x7": -0.9613615629637732, "x8": 0.9125581463619594, "x9": 1.6471290832990886}, "datetime": {"datetime": "2025-05-17 22:24:32", "elapsed": 4183.86422, "delta": 12.630634}}
{"target": 3.5268936155790063, "params": {"x0": 0.9969132557299644, "x1": 1.1800033070729097, "x2": 2.94245154324344, "x3": 1.719067992798262, "x4": 3.287745401658248, "x5": 5.930781813170061, "x6": 0.04540055462929455, "x7": -0.9613615629637732, "x8": 0.9125581463619594, "x9": 1.6471290832990886}, "datetime": {"datetime": "2025-05-17 22:24:45", "elapsed": 4196.558772, "delta": 12.694552}}
{"target": 3.5268936155790063, "params": {"x0": 0.9969132557299644, "x1": 1.1800033070729097, "x2": 2.94245154324344, "x3": 1.719067992798262, "x4": 3.287745401658248, "x5": 5.930781813170061, "x6": 0.0454005546292945, "x7": -0.9613615629637733, "x8": 0.9125581463619594, "x9": 1.6471290832990886}, "datetime": {"datetime": "2025-05-17 22:24:58", "elapsed": 4209.23992, "delta": 12.681148}}
{"target": 3.5268936155790063, "params": {"x0": 0.9969132557299644, "x1": 1.1800033070729097, "x2": 2.94245154324344, "x3": 1.719067992798262, "x4": 3.287745401658248, "x5": 5.930781813170061, "x6": 0.04540055462929413, "x7": -0.9613615629637732, "x8": 0.9125581463619594, "x9": 1.6471290832990886}, "datetime": {"datetime": "2025-05-17 22:25:11", "elapsed": 4222.764567, "delta": 13.524647}}
{"target": 3.5268936155790063, "params": {"x0": 0.9969132557299644, "x1": 1.1800033070729097, "x2": 2.94245154324344, "x3": 1.719067992798262, "x4": 3.287745401658248, "x5": 5.930781813170061, "x6": 0.045400554629294404, "x7": -0.9613615629637733, "x8": 0.9125581463619594, "x9": 1.6471290832990886}, "datetime": {"datetime": "2025-05-17 22:25:23", "elapsed": 4234.72491, "delta": 11.960343}}
{"target": 3.5268936155790063, "params": {"x0": 0.9969132557299644, "x1": 1.1800033070729097, "x2": 2.94245154324344, "x3": 1.719067992798262, "x4": 3.287745401658248, "x5": 5.930781813170061, "x6": 0.04540055462929444, "x7": -0.9613615629637733, "x8": 0.9125581463619594, "x9": 1.6471290832990886}, "datetime": {"datetime": "2025-05-17 22:25:36", "elapsed": 4247.231382, "delta": 12.506472}}
{"target": 3.5268936155790063, "params": {"x0": 0.9969132557299644, "x1": 1.1800033070729097, "x2": 2.94245154324344, "x3": 1.719067992798262, "x4": 3.287745401658248, "x5": 5.930781813170061, "x6": 0.045400554629294224, "x7": -0.9613615629637732, "x8": 0.9125581463619594, "x9": 1.6471290832990886}, "datetime": {"datetime": "2025-05-17 22:25:49", "elapsed": 4260.264441, "delta": 13.033059}}
{"target": 3.5268936155790063, "params": {"x0": 0.9969132557299644, "x1": 1.1800033070729097, "x2": 2.94245154324344, "x3": 1.719067992798262, "x4": 3.287745401658248, "x5": 5.930781813170061, "x6": 0.04540055462929426, "x7": -0.9613615629637733, "x8": 0.9125581463619594, "x9": 1.6471290832990886}, "datetime": {"datetime": "2025-05-17 22:26:01", "elapsed": 4272.63495, "delta": 12.370509}}
{"target": 3.5268936155790063, "params": {"x0": 0.9969132557299644, "x1": 1.1800033070729097, "x2": 2.94245154324344, "x3": 1.719067992798262, "x4": 3.287745401658248, "x5": 5.930781813170061, "x6": 0.04540055462929439, "x7": -0.9613615629637733, "x8": 0.9125581463619594, "x9": 1.6471290832990886}, "datetime": {"datetime": "2025-05-17 22:26:14", "elapsed": 4285.183332, "delta": 12.548382}}
{"target": 3.5268936155790063, "params": {"x0": 0.9969132557299644, "x1": 1.1800033070729097, "x2": 2.94245154324344, "x3": 1.719067992798262, "x4": 3.287745401658248, "x5": 5.930781813170061, "x6": 0.04540055462929439, "x7": -0.9613615629637733, "x8": 0.9125581463619594, "x9": 1.6471290832990886}, "datetime": {"datetime": "2025-05-17 22:26:17", "elapsed": 4288.710866, "delta": 3.527534}}
{"target": 3.5268936155790063, "params": {"x0": 0.9969132557299644, "x1": 1.1800033070729097, "x2": 2.94245154324344, "x3": 1.719067992798262, "x4": 3.287745401658248, "x5": 5.930781813170061, "x6": 0.045400554629294335, "x7": -0.9613615629637733, "x8": 0.9125581463619594, "x9": 1.6471290832990886}, "datetime": {"datetime": "2025-05-17 22:26:30", "elapsed": 4301.312452, "delta": 12.601586}}
{"target": 3.5268936155790063, "params": {"x0": 0.9969132557299644, "x1": 1.1800033070729097, "x2": 2.94245154324344, "x3": 1.719067992798262, "x4": 3.287745401658248, "x5": 5.930781813170061, "x6": 0.045400554629294314, "x7": -0.9613615629637733, "x8": 0.9125581463619594, "x9": 1.6471290832990886}, "datetime": {"datetime": "2025-05-17 22:26:43", "elapsed": 4314.082113, "delta": 12.769661}}
{"target": 3.5268936155790063, "params": {"x0": 0.9969132557299644, "x1": 1.1800033070729097, "x2": 2.94245154324344, "x3": 1.719067992798262, "x4": 3.287745401658248, "x5": 5.930781813170061, "x6": 0.04540055462929435, "x7": -0.9613615629637733, "x8": 0.9125581463619594, "x9": 1.6471290832990886}, "datetime": {"datetime": "2025-05-17 22:26:55", "elapsed": 4326.587051, "delta": 12.504938}}
{"target": 3.5268936155790063, "params": {"x0": 0.9969132557299644, "x1": 1.1800033070729097, "x2": 2.94245154324344, "x3": 1.719067992798262, "x4": 3.287745401658248, "x5": 5.930781813170061, "x6": 0.04540055462929427, "x7": -0.9613615629637733, "x8": 0.9125581463619594, "x9": 1.6471290832990886}, "datetime": {"datetime": "2025-05-17 22:27:08", "elapsed": 4339.67106, "delta": 13.084009}}
{"target": 3.5268936155790063, "params": {"x0": 0.9969132557299644, "x1": 1.1800033070729097, "x2": 2.94245154324344, "x3": 1.719067992798262, "x4": 3.287745401658248, "x5": 5.930781813170061, "x6": 0.04540055462929427, "x7": -0.9613615629637733, "x8": 0.9125581463619594, "x9": 1.6471290832990886}, "datetime": {"datetime": "2025-05-17 22:27:14", "elapsed": 4345.140732, "delta": 5.469672}}
{"target": 3.5268936155790063, "params": {"x0": 0.9969132557299644, "x1": 1.1800033070729097, "x2": 2.94245154324344, "x3": 1.719067992798262, "x4": 3.287745401658248, "x5": 5.930781813170061, "x6": 0.04540055462929427, "x7": -0.9613615629637733, "x8": 0.9125581463619594, "x9": 1.6471290832990886}, "datetime": {"datetime": "2025-05-17 22:27:18", "elapsed": 4349.237568, "delta": 4.096836}}
{"target": 3.5268936155790063, "params": {"x0": 0.9969132557299644, "x1": 1.1800033070729097, "x2": 2.94245154324344, "x3": 1.719067992798262, "x4": 3.287745401658248, "x5": 5.930781813170061, "x6": 0.04540055462929427, "x7": -0.9613615629637733, "x8": 0.9125581463619594, "x9": 1.6471290832990886}, "datetime": {"datetime": "2025-05-17 22:27:23", "elapsed": 4354.112885, "delta": 4.875317}}
{"target": 3.5268936155790063, "params": {"x0": 0.9969132557299644, "x1": 1.1800033070729097, "x2": 2.94245154324344, "x3": 1.719067992798262, "x4": 3.287745401658248, "x5": 5.930781813170061, "x6": 0.04540055462929427, "x7": -0.9613615629637733, "x8": 0.9125581463619594, "x9": 1.6471290832990886}, "datetime": {"datetime": "2025-05-17 22:27:26", "elapsed": 4357.60687, "delta": 3.493985}}
{"target": 3.5268936155790063, "params": {"x0": 0.9969132557299644, "x1": 1.1800033070729097, "x2": 2.94245154324344, "x3": 1.719067992798262, "x4": 3.287745401658248, "x5": 5.930781813170061, "x6": 0.04540055462929427, "x7": -0.9613615629637733, "x8": 0.9125581463619594, "x9": 1.6471290832990886}, "datetime": {"datetime": "2025-05-17 22:27:30", "elapsed": 4361.840737, "delta": 4.233867}}
{"target": 3.5268936155790063, "params": {"x0": 0.9969132557299644, "x1": 1.1800033070729097, "x2": 2.94245154324344, "x3": 1.719067992798262, "x4": 3.287745401658248, "x5": 5.930781813170061, "x6": 0.04540055462929427, "x7": -0.9613615629637733, "x8": 0.9125581463619594, "x9": 1.6471290832990886}, "datetime": {"datetime": "2025-05-17 22:27:35", "elapsed": 4366.35691, "delta": 4.516173}}
{"target": 3.5268936155790063, "params": {"x0": 0.9969132557299644, "x1": 1.1800033070729097, "x2": 2.94245154324344, "x3": 1.719067992798262, "x4": 3.287745401658248, "x5": 5.930781813170061, "x6": 0.04540055462929427, "x7": -0.9613615629637733, "x8": 0.9125581463619594, "x9": 1.6471290832990886}, "datetime": {"datetime": "2025-05-17 22:27:40", "elapsed": 4371.411292, "delta": 5.054382}}
{"target": 3.5268936155790063, "params": {"x0": 0.9969132557299644, "x1": 1.1800033070729097, "x2": 2.94245154324344, "x3": 1.719067992798262, "x4": 3.287745401658248, "x5": 5.930781813170061, "x6": 0.04540055462929427, "x7": -0.9613615629637733, "x8": 0.9125581463619594, "x9": 1.6471290832990886}, "datetime": {"datetime": "2025-05-17 22:27:44", "elapsed": 4375.217613, "delta": 3.806321}}
{"target": 3.5268936155790063, "params": {"x0": 0.9969132557299644, "x1": 1.1800033070729097, "x2": 2.94245154324344, "x3": 1.719067992798262, "x4": 3.287745401658248, "x5": 5.930781813170061, "x6": 0.04540055462929427, "x7": -0.9613615629637733, "x8": 0.9125581463619594, "x9": 1.6471290832990886}, "datetime": {"datetime": "2025-05-17 22:27:48", "elapsed": 4379.408109, "delta": 4.190496}}
{"target": 3.5268936155790063, "params": {"x0": 0.9969132557299644, "x1": 1.1800033070729097, "x2": 2.94245154324344, "x3": 1.719067992798262, "x4": 3.287745401658248, "x5": 5.930781813170061, "x6": 0.045400554629294286, "x7": -0.9613615629637733, "x8": 0.9125581463619594, "x9": 1.6471290832990886}, "datetime": {"datetime": "2025-05-17 22:28:01", "elapsed": 4392.045597, "delta": 12.637488}}
{"target": 3.5268936155790063, "params": {"x0": 0.9969132557299644, "x1": 1.1800033070729097, "x2": 2.94245154324344, "x3": 1.719067992798262, "x4": 3.287745401658248, "x5": 5.930781813170061, "x6": 0.04540055462929432, "x7": -0.9613615629637733, "x8": 0.9125581463619594, "x9": 1.6471290832990886}, "datetime": {"datetime": "2025-05-17 22:28:13", "elapsed": 4404.274144, "delta": 12.228547}}
{"target": 3.5268936155790063, "params": {"x0": 0.9969132557299644, "x1": 1.1800033070729097, "x2": 2.94245154324344, "x3": 1.719067992798262, "x4": 3.287745401658248, "x5": 5.930781813170061, "x6": 0.04540055462929432, "x7": -0.9613615629637733, "x8": 0.9125581463619594, "x9": 1.6471290832990886}, "datetime": {"datetime": "2025-05-17 22:28:18", "elapsed": 4409.130584, "delta": 4.85644}}
{"target": 3.5268936155790063, "params": {"x0": 0.9969132557299644, "x1": 1.1800033070729097, "x2": 2.94245154324344, "x3": 1.719067992798262, "x4": 3.287745401658248, "x5": 5.930781813170061, "x6": 0.04540055462929432, "x7": -0.9613615629637733, "x8": 0.9125581463619594, "x9": 1.6471290832990886}, "datetime": {"datetime": "2025-05-17 22:28:22", "elapsed": 4413.289175, "delta": 4.158591}}
{"target": 3.5268936155790063, "params": {"x0": 0.9969132557299644, "x1": 1.1800033070729097, "x2": 2.94245154324344, "x3": 1.719067992798262, "x4": 3.287745401658248, "x5": 5.930781813170061, "x6": 0.04540055462929432, "x7": -0.9613615629637733, "x8": 0.9125581463619594, "x9": 1.6471290832990886}, "datetime": {"datetime": "2025-05-17 22:28:26", "elapsed": 4417.369297, "delta": 4.080122}}
{"target": 3.5268936155790063, "params": {"x0": 0.9969132557299644, "x1": 1.1800033070729097, "x2": 2.94245154324344, "x3": 1.719067992798262, "x4": 3.287745401658248, "x5": 5.930781813170061, "x6": 0.04540055462929432, "x7": -0.9613615629637733, "x8": 0.9125581463619594, "x9": 1.6471290832990886}, "datetime": {"datetime": "2025-05-17 22:28:30", "elapsed": 4421.400604, "delta": 4.031307}}
{"target": 3.5268936155790063, "params": {"x0": 0.9969132557299644, "x1": 1.1800033070729097, "x2": 2.94245154324344, "x3": 1.719067992798262, "x4": 3.287745401658248, "x5": 5.930781813170061, "x6": 0.04540055462929432, "x7": -0.9613615629637733, "x8": 0.9125581463619594, "x9": 1.6471290832990886}, "datetime": {"datetime": "2025-05-17 22:28:34", "elapsed": 4425.732035, "delta": 4.331431}}
{"target": 3.5268936155790063, "params": {"x0": 0.9969132557299644, "x1": 1.1800033070729097, "x2": 2.94245154324344, "x3": 1.719067992798262, "x4": 3.287745401658248, "x5": 5.930781813170061, "x6": 0.04540055462929432, "x7": -0.9613615629637733, "x8": 0.9125581463619594, "x9": 1.6471290832990886}, "datetime": {"datetime": "2025-05-17 22:28:39", "elapsed": 4429.893062, "delta": 4.161027}}
{"target": 3.5268936155790063, "params": {"x0": 0.9969132557299644, "x1": 1.1800033070729097, "x2": 2.94245154324344, "x3": 1.719067992798262, "x4": 3.287745401658248, "x5": 5.930781813170061, "x6": 0.0454005546292943, "x7": -0.9613615629637733, "x8": 0.9125581463619594, "x9": 1.6471290832990886}, "datetime": {"datetime": "2025-05-17 22:28:51", "elapsed": 4442.269449, "delta": 12.376387}}
{"target": 3.5268936155790063, "params": {"x0": 0.9969132557299644, "x1": 1.1800033070729097, "x2": 2.94245154324344, "x3": 1.719067992798262, "x4": 3.287745401658248, "x5": 5.930781813170061, "x6": 0.0454005546292943, "x7": -0.9613615629637733, "x8": 0.9125581463619594, "x9": 1.6471290832990886}, "datetime": {"datetime": "2025-05-17 22:28:56", "elapsed": 4447.130176, "delta": 4.860727}}
