{"target": 3.5268936155790063, "params": {"x0": 0.9969138099467006, "x1": 1.1800088243894116, "x2": 2.9424424654317427, "x3": 1.7190812480211954, "x4": 3.2877679209372523, "x5": 5.930748512159268, "x6": 0.04536681802000654, "x7": -0.9613755188493879, "x8": 0.9125621753054453, "x9": 1.6471269214352793}, "datetime": {"datetime": "2025-05-17 21:41:33", "elapsed": 1604.254016, "delta": 9.577931}}
{"target": 3.5268936155790063, "params": {"x0": 0.9969137545250271, "x1": 1.1800082726577614, "x2": 2.9424433732129125, "x3": 1.7190799224989022, "x4": 3.2877656690093517, "x5": 5.930751842260348, "x6": 0.04537019168093532, "x7": -0.9613741232608264, "x8": 0.9125617724110966, "x9": 1.64712713762166}, "datetime": {"datetime": "2025-05-17 21:41:42", "elapsed": 1613.673879, "delta": 9.419863}}
{"target": 3.5268936155790063, "params": {"x0": 0.9969137046455208, "x1": 1.1800077760992762, "x2": 2.9424441902159653, "x3": 1.7190787295288381, "x4": 3.2877636422742413, "x5": 5.930754839351319, "x6": 0.045373227975771216, "x7": -0.961372867231121, "x8": 0.9125614098061829, "x9": 1.647127332189403}, "datetime": {"datetime": "2025-05-17 21:41:52", "elapsed": 1623.222597, "delta": 9.548718}}
{"target": 3.5268936155790063, "params": {"x0": 0.9969136597539651, "x1": 1.1800073291966395, "x2": 2.942444925518713, "x3": 1.7190776558557805, "x4": 3.2877618182126422, "x5": 5.930757551064161, "x6": 0.04537596064112353, "x7": -0.9613717368043863, "x8": 0.9125610834617606, "x9": 1.6471275073003715}, "datetime": {"datetime": "2025-05-17 21:42:01", "elapsed": 1632.877365, "delta": 9.654768}}
{"target": 3.5268936155790063, "params": {"x0": 0.9969136193515651, "x1": 1.1800069269842666, "x2": 2.9424455872911857, "x3": 1.7190766895500287, "x4": 3.2877601765572027, "x5": 5.93075996437688, "x6": 0.0453784200399406, "x7": -0.961370719420325, "x8": 0.9125607897517805, "x9": 1.6471276649002433}, "datetime": {"datetime": "2025-05-17 21:42:11", "elapsed": 1642.445035, "delta": 9.56767}}
{"target": 3.5268936155790063, "params": {"x0": 0.996913582989405, "x1": 1.1800065649931308, "x2": 2.942446182886411, "x3": 1.719075819874852, "x4": 3.2877586990673073, "x5": 5.930762149256198, "x6": 0.04538063349887598, "x7": -0.9613698037746699, "x8": 0.9125605254127983, "x9": 1.6471278067401278}, "datetime": {"datetime": "2025-05-17 21:42:21", "elapsed": 1652.217732, "delta": 9.772697}}
{"target": 3.5268936155790063, "params": {"x0": 0.996913550263461, "x1": 1.1800062392011088, "x2": 2.9424467189221137, "x3": 1.719075037167193, "x4": 3.2877573693264015, "x5": 5.930764115647584, "x6": 0.04538262561191781, "x7": -0.9613689796935802, "x8": 0.9125602875077145, "x9": 1.647127934396024}, "datetime": {"datetime": "2025-05-17 21:42:30", "elapsed": 1661.815754, "delta": 9.598022}}
{"target": 3.5268936155790063, "params": {"x0": 0.9969135208101113, "x1": 1.1800059459882888, "x2": 2.9424472013542466, "x3": 1.7190743327303, "x4": 3.287756172559586, "x5": 5.930765885399832, "x6": 0.04538441851365546, "x7": -0.9613682380205995, "x8": 0.9125600733931389, "x9": 1.6471280492863303}, "datetime": {"datetime": "2025-05-17 21:42:40", "elapsed": 1671.500578, "delta": 9.684824}}
{"target": 3.5268936155790063, "params": {"x0": 0.9969134943020965, "x1": 1.1800056820967508, "x2": 2.9424476355431657, "x3": 1.719073698737096, "x4": 3.287755095469452, "x5": 5.930767478176855, "x6": 0.04538603212521934, "x7": -0.9613675705149168, "x8": 0.912559880690021, "x9": 1.6471281526876063}, "datetime": {"datetime": "2025-05-17 21:42:50", "elapsed": 1680.994116, "delta": 9.493538}}
{"target": 3.5268936155790063, "params": {"x0": 0.9969134704448833, "x1": 1.1800054445943668, "x2": 2.942448026313193, "x3": 1.7190731281432128, "x4": 3.287754126088332, "x5": 5.930768911676175, "x6": 0.04538748437562684, "x7": -0.9613669697598025, "x8": 0.9125597072572148, "x9": 1.6471282457487544}, "datetime": {"datetime": "2025-05-17 21:42:59", "elapsed": 1690.585273, "delta": 9.591157}}
{"target": 3.5268936155790063, "params": {"x0": 0.9969134489733914, "x1": 1.180005230842221, "x2": 2.942448378006218, "x3": 1.7190726146087176, "x4": 3.2877532536453233, "x5": 5.930770201825564, "x6": 0.04538879140099358, "x7": -0.9613664290801995, "x8": 0.9125595511676893, "x9": 1.6471283295037877}, "datetime": {"datetime": "2025-05-17 21:43:09", "elapsed": 1700.122426, "delta": 9.537153}}
{"target": 3.5268936155790063, "params": {"x0": 0.9969134296490487, "x1": 1.18000503846529, "x2": 2.9424486945299404, "x3": 1.719072152427672, "x4": 3.287752468446616, "x5": 5.930771453580809, "x6": 0.04538996772382366, "x7": -0.961365942468557, "x8": 0.9125594106871163, "x9": 1.647128404883318}, "datetime": {"datetime": "2025-05-17 21:43:18", "elapsed": 1709.788437, "delta": 9.666011}}
{"target": 3.5268936155790063, "params": {"x0": 0.9969134122571403, "x1": 1.180004865326052, "x2": 2.94244897940129, "x3": 1.719071736464731, "x4": 3.287751761767779, "x5": 5.930772407981018, "x6": 0.045391026414370726, "x7": -0.9613655045180786, "x8": 0.9125592842546006, "x9": 1.647128472724895}, "datetime": {"datetime": "2025-05-17 21:43:28", "elapsed": 1719.431873, "delta": 9.643436}}
{"target": 3.5268936155790063, "params": {"x0": 0.9969133966044227, "x1": 1.1800047095007378, "x2": 2.942449235785505, "x3": 1.7190713620980842, "x4": 3.287751125756826, "x5": 5.9307733484999225, "x6": 0.045391979235863085, "x7": -0.961365110362648, "x8": 0.9125591704653365, "x9": 1.6471285337823143}, "datetime": {"datetime": "2025-05-17 21:43:38", "elapsed": 1728.972264, "delta": 9.540391}}
{"target": 3.5268936155790063, "params": {"x0": 0.9969133825169769, "x1": 1.1800045692579548, "x2": 2.942449466531299, "x3": 1.7190710251681018, "x4": 3.287750553346968, "x5": 5.930774213953652, "x6": 0.045392836775206204, "x7": -0.9613647556227606, "x8": 0.9125590680549988, "x9": 1.6471285887339917}, "datetime": {"datetime": "2025-05-17 21:43:47", "elapsed": 1738.518358, "delta": 9.546094}}
{"target": 3.5268936155790063, "params": {"x0": 0.9969133698382756, "x1": 1.1800044430394503, "x2": 2.942449674202513, "x3": 1.7190707219311179, "x4": 3.287750038178096, "x5": 5.930774956787249, "x6": 0.045393608560615015, "x7": -0.9613644363568619, "x8": 0.9125589758856949, "x9": 1.6471286381905015}, "datetime": {"datetime": "2025-05-17 21:43:57", "elapsed": 1748.140873, "delta": 9.622515}}
{"target": 3.5268936155790063, "params": {"x0": 0.9969133584274446, "x1": 1.1800043294427962, "x2": 2.9424498611066054, "x3": 1.7190704490178323, "x4": 3.2877495745261114, "x5": 5.930775683239125, "x6": 0.04539430316748294, "x7": -0.961364149017553, "x8": 0.9125588929333213, "x9": 1.6471286827013603}, "datetime": {"datetime": "2025-05-17 21:44:06", "elapsed": 1757.757901, "delta": 9.617028}}
{"target": 3.5268936155790063, "params": {"x0": 0.9969133481576965, "x1": 1.1800042272058076, "x2": 2.942450029320289, "x3": 1.7190702033958754, "x4": 3.287749157239325, "x5": 5.930776259499983, "x6": 0.04539492831366408, "x7": -0.9613638904121751, "x8": 0.9125588182761851, "x9": 1.647128722761133}, "datetime": {"datetime": "2025-05-17 21:44:16", "elapsed": 1767.412688, "delta": 9.654787}}
{"target": 3.5268936155790063, "params": {"x0": 0.9969132901339668, "x1": 1.1800032331528947, "x2": 2.9424528915644443, "x3": 1.7190697149393035, "x4": 3.287747246002739, "x5": 5.930785891897591, "x6": 0.04539624929408346, "x7": -0.96136290921825, "x8": 0.9125587449936575, "x9": 1.6471287972444826}, "datetime": {"datetime": "2025-05-17 21:44:26", "elapsed": 1776.960903, "delta": 9.548215}}
{"target": 3.5268936155790063, "params": {"x0": 0.9969133186076156, "x1": 1.1800037915965347, "x2": 2.94245086276285, "x3": 1.7190693633563539, "x4": 3.287745401614903, "x5": 5.930778278289605, "x6": 0.04539770213892218, "x7": -0.9613633214939917, "x8": 0.912558610401262, "x9": 1.6471287920498394}, "datetime": {"datetime": "2025-05-17 21:44:35", "elapsed": 1786.503234, "delta": 9.542331}}
{"target": 3.5268936155790063, "params": {"x0": 0.9969133189545958, "x1": 1.1800033537894847, "x2": 2.9424522437168235, "x3": 1.719068819249106, "x4": 3.2877456778448435, "x5": 5.930779316433578, "x6": 0.04539675007348225, "x7": -0.9613626794431503, "x8": 0.9125586088708312, "x9": 1.647128927402561}, "datetime": {"datetime": "2025-05-17 21:44:45", "elapsed": 1796.115619, "delta": 9.612385}}
{"target": 3.5268936155790063, "params": {"x0": 0.996913295590105, "x1": 1.1800034797072225, "x2": 2.942451024409361, "x3": 1.719068547043971, "x4": 3.287747666003632, "x5": 5.930781873722625, "x6": 0.04539761271176358, "x7": -0.9613626444667918, "x8": 0.9125585807952983, "x9": 1.6471289151552542}, "datetime": {"datetime": "2025-05-17 21:44:54", "elapsed": 1805.74821, "delta": 9.632591}}
{"target": 3.5268936155790063, "params": {"x0": 0.9969132951438777, "x1": 1.180003449666791, "x2": 2.9424511587546482, "x3": 1.7190689347320274, "x4": 3.2877470990494544, "x5": 5.930782085687123, "x6": 0.045398289492836794, "x7": -0.9613625796655282, "x8": 0.9125583484031846, "x9": 1.6471288797070913}, "datetime": {"datetime": "2025-05-17 21:45:04", "elapsed": 1815.131917, "delta": 9.383707}}
{"target": 3.5268936155790063, "params": {"x0": 0.9969132919563083, "x1": 1.180003550371715, "x2": 2.9424522910466955, "x3": 1.7190684524012145, "x4": 3.2877467788510804, "x5": 5.930783466402997, "x6": 0.04539772297685573, "x7": -0.9613626538026347, "x8": 0.9125584549811124, "x9": 1.6471289301974716}, "datetime": {"datetime": "2025-05-17 21:45:13", "elapsed": 1824.869099, "delta": 9.737182}}
{"target": 3.5268936155790063, "params": {"x0": 0.9969132913018652, "x1": 1.1800030144627227, "x2": 2.942451993657225, "x3": 1.7190684867923898, "x4": 3.2877470491209824, "x5": 5.930779449793294, "x6": 0.04539796265286686, "x7": -0.9613624938555685, "x8": 0.9125583608551195, "x9": 1.647128931938545}, "datetime": {"datetime": "2025-05-17 21:45:23", "elapsed": 1834.308149, "delta": 9.43905}}
{"target": 3.5268936155790063, "params": {"x0": 0.996913290188939, "x1": 1.1800031636753725, "x2": 2.942452148005479, "x3": 1.7190687557575857, "x4": 3.2877469116334748, "x5": 5.930780867797011, "x6": 0.045398525343550204, "x7": -0.9613624845487475, "x8": 0.9125582996086409, "x9": 1.6471289579975859}, "datetime": {"datetime": "2025-05-17 21:45:33", "elapsed": 1843.984186, "delta": 9.676037}}
{"target": 3.5268936155790063, "params": {"x0": 0.9969132887424335, "x1": 1.1800033820953741, "x2": 2.9424520242361285, "x3": 1.7190688456203977, "x4": 3.2877465257784326, "x5": 5.9307819032451246, "x6": 0.04539866871114694, "x7": -0.9613620503326843, "x8": 0.912558377428175, "x9": 1.647129032922455}, "datetime": {"datetime": "2025-05-17 21:45:42", "elapsed": 1853.685874, "delta": 9.701688}}
{"target": 3.5268936155790063, "params": {"x0": 0.996913277284004, "x1": 1.1800033425294312, "x2": 2.942451393470248, "x3": 1.7190681779562937, "x4": 3.2877464483098424, "x5": 5.9307831683986985, "x6": 0.04539877811849544, "x7": -0.9613623572899005, "x8": 0.9125581947179155, "x9": 1.647128957899341}, "datetime": {"datetime": "2025-05-17 21:45:52", "elapsed": 1863.330394, "delta": 9.64452}}
{"target": 3.5268936155790063, "params": {"x0": 0.9969132594987371, "x1": 1.1800034384612774, "x2": 2.9424511328038925, "x3": 1.719068430824751, "x4": 3.2877462601968603, "x5": 5.930782429616447, "x6": 0.045398799717324856, "x7": -0.9613621414856641, "x8": 0.9125583225733246, "x9": 1.647128989635402}, "datetime": {"datetime": "2025-05-17 21:46:02", "elapsed": 1873.280299, "delta": 9.949905}}
{"target": 3.5268936155790063, "params": {"x0": 0.9969132757894663, "x1": 1.180003078167577, "x2": 2.942451127022002, "x3": 1.7190679136135536, "x4": 3.2877455059907446, "x5": 5.930782669275635, "x6": 0.04539908671899098, "x7": -0.9613621026624062, "x8": 0.9125583159724932, "x9": 1.6471289819258752}, "datetime": {"datetime": "2025-05-17 21:46:12", "elapsed": 1883.65247, "delta": 10.372171}}
{"target": 3.5268936155790063, "params": {"x0": 0.9969132779391082, "x1": 1.1800034188919575, "x2": 2.9424513468846523, "x3": 1.7190683540597809, "x4": 3.2877458139594307, "x5": 5.930781876095042, "x6": 0.04539913483365797, "x7": -0.9613615479734107, "x8": 0.9125583061913868, "x9": 1.6471290043999887}, "datetime": {"datetime": "2025-05-17 21:46:22", "elapsed": 1893.208968, "delta": 9.556498}}
{"target": 3.5268936155790063, "params": {"x0": 0.9969132739653077, "x1": 1.1800034289911718, "x2": 2.9424512410282055, "x3": 1.7190683853045834, "x4": 3.28774582901812, "x5": 5.93078227136364, "x6": 0.04539948323277667, "x7": -0.9613617890453058, "x8": 0.9125582887813798, "x9": 1.6471290385614183}, "datetime": {"datetime": "2025-05-17 21:46:32", "elapsed": 1903.107252, "delta": 9.898284}}
{"target": 3.5268936155790063, "params": {"x0": 0.9969132746871344, "x1": 1.1800031804532938, "x2": 2.942451436290943, "x3": 1.7190683790591057, "x4": 3.287745787611905, "x5": 5.930781948006135, "x6": 0.04539953880767225, "x7": -0.9613618456797958, "x8": 0.9125582139955447, "x9": 1.647129022163239}, "datetime": {"datetime": "2025-05-17 21:46:41", "elapsed": 1912.759465, "delta": 9.652213}}
{"target": 3.5268936155790063, "params": {"x0": 0.9969132682174777, "x1": 1.1800032571450012, "x2": 2.942451304299125, "x3": 1.7190683977340044, "x4": 3.2877459055807323, "x5": 5.930781081801145, "x6": 0.045399798586087385, "x7": -0.9613619246642267, "x8": 0.9125582463598029, "x9": 1.6471290401675809}, "datetime": {"datetime": "2025-05-17 21:46:51", "elapsed": 1922.509459, "delta": 9.749994}}
{"target": 3.5268936155790063, "params": {"x0": 0.9969132705543663, "x1": 1.1800031996940799, "x2": 2.9424516165375407, "x3": 1.7190681542486048, "x4": 3.2877460150543873, "x5": 5.9307815415845955, "x6": 0.04539994782141516, "x7": -0.9613618968308509, "x8": 0.9125582469433333, "x9": 1.64712904287228}, "datetime": {"datetime": "2025-05-17 21:47:01", "elapsed": 1932.282506, "delta": 9.773047}}
{"target": 3.5268936155790063, "params": {"x0": 0.9969132682852839, "x1": 1.180003211459402, "x2": 2.9424513385460793, "x3": 1.7190679977208136, "x4": 3.2877456221817205, "x5": 5.93078182670414, "x6": 0.04539974029145616, "x7": -0.9613618899507186, "x8": 0.9125582396789502, "x9": 1.6471290484142866}, "datetime": {"datetime": "2025-05-17 21:47:10", "elapsed": 1941.866278, "delta": 9.583772}}
{"target": 3.5268936155790063, "params": {"x0": 0.9969132678494556, "x1": 1.18000335265207, "x2": 2.9424514600006844, "x3": 1.719068167035722, "x4": 3.287745624102958, "x5": 5.930781121255569, "x6": 0.04539997038705194, "x7": -0.9613618589239449, "x8": 0.9125582211172911, "x9": 1.647129049964632}, "datetime": {"datetime": "2025-05-17 21:47:20", "elapsed": 1951.587221, "delta": 9.720943}}
{"target": 3.5268936155790063, "params": {"x0": 0.9969132613246501, "x1": 1.1800032877022248, "x2": 2.942451470616072, "x3": 1.7190682366611976, "x4": 3.287745766449371, "x5": 5.93078145786228, "x6": 0.045399898711609474, "x7": -0.9613618342196667, "x8": 0.912558204745782, "x9": 1.6471290498935092}, "datetime": {"datetime": "2025-05-17 21:47:30", "elapsed": 1961.260629, "delta": 9.673408}}
{"target": 3.5268936155790063, "params": {"x0": 0.9969132583646412, "x1": 1.1800032271272234, "x2": 2.9424513950749196, "x3": 1.7190681950997204, "x4": 3.287745801795681, "x5": 5.930781507768857, "x6": 0.045400074178534346, "x7": -0.9613618014388602, "x8": 0.9125581723226003, "x9": 1.6471290493860895}, "datetime": {"datetime": "2025-05-17 21:47:39", "elapsed": 1970.875122, "delta": 9.614493}}
{"target": 3.5268936155790063, "params": {"x0": 0.9969132633423071, "x1": 1.180003369162442, "x2": 2.942451406715647, "x3": 1.7190681823981935, "x4": 3.2877457419934046, "x5": 5.930781783189592, "x6": 0.045400117814164614, "x7": -0.9613617833088937, "x8": 0.9125581847512858, "x9": 1.6471290490512738}, "datetime": {"datetime": "2025-05-17 21:47:49", "elapsed": 1980.665033, "delta": 9.789911}}
{"target": 3.5268936155790063, "params": {"x0": 0.9969132595016319, "x1": 1.1800032791170514, "x2": 2.9424515633035506, "x3": 1.7190680728630547, "x4": 3.287745537702471, "x5": 5.930781599550933, "x6": 0.04540011418937236, "x7": -0.9613617571294736, "x8": 0.912558195407206, "x9": 1.6471290515202917}, "datetime": {"datetime": "2025-05-17 21:47:59", "elapsed": 1990.41898, "delta": 9.753947}}
{"target": 3.5268936155790063, "params": {"x0": 0.996913260138476, "x1": 1.180003289164337, "x2": 2.942451433695448, "x3": 1.7190681512751547, "x4": 3.2877456256834856, "x5": 5.930781637246588, "x6": 0.04540012729485159, "x7": -0.9613617232859616, "x8": 0.912558190086615, "x9": 1.6471290733520332}, "datetime": {"datetime": "2025-05-17 21:48:09", "elapsed": 2000.140278, "delta": 9.721298}}
{"target": 3.5268936155790063, "params": {"x0": 0.9969132564969504, "x1": 1.1800033165021155, "x2": 2.942451475141269, "x3": 1.719068131431673, "x4": 3.287745585978733, "x5": 5.930781749919332, "x6": 0.045400171900375506, "x7": -0.9613616968511525, "x8": 0.9125581839073331, "x9": 1.6471290613779273}, "datetime": {"datetime": "2025-05-17 21:48:19", "elapsed": 2009.995489, "delta": 9.855211}}
{"target": 3.5268936155790063, "params": {"x0": 0.9969132614293809, "x1": 1.1800032503175415, "x2": 2.942451463016719, "x3": 1.719068077955823, "x4": 3.2877455709757237, "x5": 5.930781846964215, "x6": 0.04540022863126546, "x7": -0.9613616201735319, "x8": 0.9125581573107949, "x9": 1.6471290633780131}, "datetime": {"datetime": "2025-05-17 21:48:28", "elapsed": 2019.685489, "delta": 9.69}}
{"target": 3.5268936155790063, "params": {"x0": 0.9969132583839, "x1": 1.1800033079643635, "x2": 2.94245145954275, "x3": 1.719068070566189, "x4": 3.287745607874176, "x5": 5.930781538960338, "x6": 0.04540037588480201, "x7": -0.9613616727112776, "x8": 0.9125581787901711, "x9": 1.6471290710957092}, "datetime": {"datetime": "2025-05-17 21:48:38", "elapsed": 2029.350747, "delta": 9.665258}}
{"target": 3.5268936155790063, "params": {"x0": 0.9969132604015006, "x1": 1.1800032732307584, "x2": 2.9424514792021563, "x3": 1.7190680489408074, "x4": 3.2877455039038472, "x5": 5.93078170548006, "x6": 0.045400269260786184, "x7": -0.9613615787092619, "x8": 0.9125581713018369, "x9": 1.6471290659398994}, "datetime": {"datetime": "2025-05-17 21:48:48", "elapsed": 2039.060017, "delta": 9.70927}}
{"target": 3.5268936155790063, "params": {"x0": 0.9969132593745968, "x1": 1.180003296129314, "x2": 2.9424515276437027, "x3": 1.7190680598025774, "x4": 3.2877455306135897, "x5": 5.930782073954976, "x6": 0.04540029239066062, "x7": -0.961361612971304, "x8": 0.9125581771164978, "x9": 1.6471290671671461}, "datetime": {"datetime": "2025-05-17 21:48:57", "elapsed": 2048.751329, "delta": 9.691312}}
{"target": 3.5268936155790063, "params": {"x0": 0.9969132587134374, "x1": 1.1800032863114427, "x2": 2.94245151776119, "x3": 1.7190680711826045, "x4": 3.2877455215529574, "x5": 5.930781646285967, "x6": 0.04540038543620962, "x7": -0.961361623809007, "x8": 0.9125581710392461, "x9": 1.6471290704898482}, "datetime": {"datetime": "2025-05-17 21:49:07", "elapsed": 2058.442543, "delta": 9.691214}}
{"target": 3.5268936155790063, "params": {"x0": 0.99691325825682, "x1": 1.1800033181386653, "x2": 2.942451512367231, "x3": 1.7190680280326267, "x4": 3.2877455425809017, "x5": 5.93078186929463, "x6": 0.04540036280304898, "x7": -0.9613615993096074, "x8": 0.912558170757277, "x9": 1.6471290751014693}, "datetime": {"datetime": "2025-05-17 21:49:17", "elapsed": 2068.109613, "delta": 9.66707}}
{"target": 3.5268936155790063, "params": {"x0": 0.9969132586355781, "x1": 1.1800033126923102, "x2": 2.942451497235178, "x3": 1.7190680649521075, "x4": 3.2877454954029255, "x5": 5.930781777456044, "x6": 0.04540040260663602, "x7": -0.9613616358087699, "x8": 0.9125581595712645, "x9": 1.6471290751821777}, "datetime": {"datetime": "2025-05-17 21:49:27", "elapsed": 2078.07546, "delta": 9.965847}}
{"target": 3.5268936155790063, "params": {"x0": 0.9969132578196024, "x1": 1.18000328133185, "x2": 2.942451580468647, "x3": 1.7190680334951431, "x4": 3.2877455117870915, "x5": 5.9307817173045345, "x6": 0.04540038230045062, "x7": -0.9613616344039249, "x8": 0.9125581592551766, "x9": 1.6471290726350583}, "datetime": {"datetime": "2025-05-17 21:49:36", "elapsed": 2087.760111, "delta": 9.684651}}
{"target": 3.5268936155790063, "params": {"x0": 0.9969132580779276, "x1": 1.1800033325061048, "x2": 2.9424515247703686, "x3": 1.7190680333959691, "x4": 3.2877454850971444, "x5": 5.93078167238194, "x6": 0.045400445599337466, "x7": -0.9613616074742841, "x8": 0.912558160930229, "x9": 1.6471290790536435}, "datetime": {"datetime": "2025-05-17 21:49:46", "elapsed": 2097.774208, "delta": 10.014097}}
{"target": 3.5268936155790063, "params": {"x0": 0.9969132579598067, "x1": 1.1800033240994174, "x2": 2.942451530108538, "x3": 1.7190680480048977, "x4": 3.2877454872739436, "x5": 5.930781798004414, "x6": 0.045400480016462776, "x7": -0.9613615819028696, "x8": 0.9125581612365119, "x9": 1.6471290753412173}, "datetime": {"datetime": "2025-05-17 21:49:56", "elapsed": 2107.55151, "delta": 9.777302}}
{"target": 3.5268936155790063, "params": {"x0": 0.9969132575963101, "x1": 1.1800032918878551, "x2": 2.942451522002183, "x3": 1.7190679796692483, "x4": 3.2877454795766288, "x5": 5.9307818246343285, "x6": 0.045400436520358994, "x7": -0.961361596874769, "x8": 0.9125581586686963, "x9": 1.6471290773429896}, "datetime": {"datetime": "2025-05-17 21:50:06", "elapsed": 2117.336669, "delta": 9.785159}}
{"target": 3.5268936155790063, "params": {"x0": 0.9969132570784313, "x1": 1.1800033190145636, "x2": 2.942451570584919, "x3": 1.7190680375040415, "x4": 3.2877454692315293, "x5": 5.930781848411118, "x6": 0.04540046067476043, "x7": -0.9613616085694785, "x8": 0.9125581594032833, "x9": 1.647129076301858}, "datetime": {"datetime": "2025-05-17 21:50:16", "elapsed": 2126.921916, "delta": 9.585247}}
