{"target": 3.526682970048166, "params": {"x0": 0.997095369010354, "x1": 1.1781903401570524, "x2": 2.945434473852962, "x3": 1.7147123824879482, "x4": 3.2951451416929936, "x5": 5.941724384764456, "x6": 0.05648626205082662, "x7": -0.9659474080738081, "x8": 0.9138820401866309, "x9": 1.6478394626223734}, "datetime": {"datetime": "2025-05-17 21:32:59", "elapsed": 1090.207001, "delta": 9.047079}}
{"target": 3.526407674983506, "params": {"x0": 0.9970771576823151, "x1": 1.178371636848638, "x2": 2.9397669056948708, "x3": 1.7229880420775443, "x4": 3.2810856356269773, "x5": 5.920933498735105, "x6": 0.03542341794991522, "x7": -0.9572343023647419, "x8": 0.9137496508041638, "x9": 1.6464897419081324}, "datetime": {"datetime": "2025-05-17 21:33:08", "elapsed": 1099.326104, "delta": 9.119103}}
{"target": 3.526816712912498, "params": {"x0": 0.9970607674870801, "x1": 1.1814718102747541, "x2": 2.9400353694497277, "x3": 1.7155399484469078, "x4": 3.293739191086392, "x5": 5.921918330178601, "x6": 0.03642113161785313, "x7": -0.9650760975029015, "x8": 0.9114857923639755, "x9": 1.646553676047228}, "datetime": {"datetime": "2025-05-17 21:33:17", "elapsed": 1108.492805, "delta": 9.166701}}
{"target": 3.526826682038497, "params": {"x0": 0.9970460163113685, "x1": 1.1813249599545697, "x2": 2.9402769868290988, "x3": 1.7158927528820433, "x4": 3.2931398121435778, "x5": 5.938758947862374, "x6": 0.053482035339591366, "x7": -0.9580184818785579, "x8": 0.9135232649601449, "x9": 1.646611216772414}, "datetime": {"datetime": "2025-05-17 21:33:26", "elapsed": 1117.671511, "delta": 9.178706}}
{"target": 3.526683051413378, "params": {"x0": 0.9970327402532281, "x1": 1.1788138194794155, "x2": 2.9404944424705333, "x3": 1.7219257087228588, "x4": 3.2828904322214516, "x5": 5.923602391946978, "x6": 0.03812722199002695, "x7": -0.9643703359404671, "x8": 0.9134267531003264, "x9": 1.6466630034250815}, "datetime": {"datetime": "2025-05-17 21:33:35", "elapsed": 1126.839284, "delta": 9.167773}}
{"target": 3.526633654892918, "params": {"x0": 0.9970207918009016, "x1": 1.1789327682387651, "x2": 2.9442129339390566, "x3": 1.721639937130399, "x4": 3.292114874151365, "x5": 5.937243292270835, "x6": 0.05194655400463492, "x7": -0.9640694586427977, "x8": 0.9133398924264897, "x9": 1.6467096114124822}, "datetime": {"datetime": "2025-05-17 21:33:45", "elapsed": 1135.973681, "delta": 9.134397}}
{"target": 3.526683051413378, "params": {"x0": 0.997010038193808, "x1": 1.1790398221221796, "x2": 2.9408662916173856, "x3": 1.7213827426971853, "x4": 3.283812876414443, "x5": 5.9249664819793635, "x6": 0.03950915519148775, "x7": -0.9637986690748953, "x8": 0.9132617178200366, "x9": 1.6467515586011428}, "datetime": {"datetime": "2025-05-17 21:33:54", "elapsed": 1145.09765, "delta": 9.123969}}
{"target": 3.526879637760626, "params": {"x0": 0.9970003599474235, "x1": 1.1808704435285668, "x2": 2.941024816779991, "x3": 1.7169847178892308, "x4": 3.291284674377673, "x5": 5.936015611241688, "x6": 0.05070281412332021, "x7": -0.9635549584637831, "x8": 0.9131913606742289, "x9": 1.6467893110709375}, "datetime": {"datetime": "2025-05-17 21:34:03", "elapsed": 1154.283915, "delta": 9.186265}}
{"target": 3.5265083970235778, "params": {"x0": 0.9969916495256776, "x1": 1.1792228842628183, "x2": 2.941167489426336, "x3": 1.7209429402163898, "x4": 3.2909307471057305, "x5": 5.9260713949055965, "x6": 0.05017258817391762, "x7": -0.9593875070137645, "x8": 0.913128039243002, "x9": 1.6468232882937526}, "datetime": {"datetime": "2025-05-17 21:34:12", "elapsed": 1163.475328, "delta": 9.191413}}
{"target": 3.5268339754994256, "params": {"x0": 0.9969838101461064, "x1": 1.180705687601992, "x2": 2.941295894808046, "x3": 1.7173805401219469, "x4": 3.290612212560982, "x5": 5.926542436732043, "x6": 0.04110572443913333, "x7": -0.9631382133187812, "x8": 0.9130710499548977, "x9": 1.646853867794286}, "datetime": {"datetime": "2025-05-17 21:34:21", "elapsed": 1172.789132, "delta": 9.313804}}
{"target": 3.5266503832277065, "params": {"x0": 0.9969767547044921, "x1": 1.1793711645967355, "x2": 2.9434916268352946, "x3": 1.7205867002069457, "x4": 3.2851652718457878, "x5": 5.926966374375844, "x6": 0.041535207458149426, "x7": -0.9629605482832805, "x8": 0.9130197595956039, "x9": 1.6468813893447665}, "datetime": {"datetime": "2025-05-17 21:34:31", "elapsed": 1181.967243, "delta": 9.178111}}
{"target": 3.526875911124678, "params": {"x0": 0.9969704048070394, "x1": 1.1805722353014663, "x2": 2.9433876184761094, "x3": 1.7177011561304467, "x4": 3.2900675184894626, "x5": 5.934215708084856, "x6": 0.04192174217526391, "x7": -0.9628006497513297, "x8": 0.9129735982722395, "x9": 1.6469061587401985}, "datetime": {"datetime": "2025-05-17 21:34:40", "elapsed": 1191.127067, "delta": 9.159824}}
{"target": 3.5266787320522957, "params": {"x0": 0.9969646898993318, "x1": 1.1794912716672088, "x2": 2.9432940109528425, "x3": 1.7202981457992956, "x4": 3.2898353068063413, "x5": 5.933872318593376, "x6": 0.04853148583792166, "x7": -0.962656741072574, "x8": 0.9129320530812115, "x9": 1.6469284511960876}, "datetime": {"datetime": "2025-05-17 21:34:49", "elapsed": 1200.365044, "delta": 9.237977}}
{"target": 3.52681657605069, "params": {"x0": 0.9969595464823952, "x1": 1.1804641389380406, "x2": 2.943209764181902, "x3": 1.7201751304991924, "x4": 3.2858644870249645, "x5": 5.9280003582890775, "x6": 0.04258271654152969, "x7": -0.962527223261694, "x8": 0.9128946624092863, "x9": 1.6469485144063878}, "datetime": {"datetime": "2025-05-17 21:34:58", "elapsed": 1209.703123, "delta": 9.338079}}
{"target": 3.52681657605069, "params": {"x0": 0.996954917407152, "x1": 1.1804180557515276, "x2": 2.9417691443988243, "x3": 1.7200644167290993, "x4": 3.2860525784882926, "x5": 5.928278503777175, "x6": 0.04286450035030615, "x7": -0.9624106572319019, "x8": 0.9128610108045536, "x9": 1.6469665712956578}, "datetime": {"datetime": "2025-05-17 21:35:08", "elapsed": 1218.902798, "delta": 9.199675}}
{"target": 3.526851667883636, "params": {"x0": 0.9969507512394332, "x1": 1.1803765808836657, "x2": 2.941837384283286, "x3": 1.7199647743360156, "x4": 3.289268942511208, "x5": 5.928528834716464, "x6": 0.04311810577820496, "x7": -0.962305747805089, "x8": 0.9128307243602941, "x9": 1.6469828224960008}, "datetime": {"datetime": "2025-05-17 21:35:17", "elapsed": 1228.274218, "delta": 9.37142}}
{"target": 3.526683158963132, "params": {"x0": 0.9969470016884864, "x1": 1.1796673606432293, "x2": 2.9418988001793016, "x3": 1.7198750961822402, "x4": 3.289116588425912, "x5": 5.928754132561823, "x6": 0.0433463506633139, "x7": -0.9622113293209574, "x8": 0.9128034665604606, "x9": 1.6469974485763097}, "datetime": {"datetime": "2025-05-17 21:35:26", "elapsed": 1237.584725, "delta": 9.310507}}
{"target": 3.526711327739999, "params": {"x0": 0.9969436270926342, "x1": 1.1797009552861972, "x2": 2.9419540744857153, "x3": 1.7197943858438425, "x4": 3.2889794697491457, "x5": 5.932606725717474, "x6": 0.047249338198676674, "x7": -0.962126352685239, "x8": 0.9127789345406105, "x9": 1.6470106120485875}, "datetime": {"datetime": "2025-05-17 21:35:35", "elapsed": 1246.784376, "delta": 9.199651}}
{"target": 3.526683158963132, "params": {"x0": 0.9969405899563673, "x1": 1.1797311904648686, "x2": 2.942003821361488, "x3": 1.7197217465392842, "x4": 3.288856062940056, "x5": 5.9291393918773885, "x6": 0.043736649416850175, "x7": -0.9620498737130925, "x8": 0.9127568557227455, "x9": 1.6470224591736375}, "datetime": {"datetime": "2025-05-17 21:35:45", "elapsed": 1255.967454, "delta": 9.183078}}
{"target": 3.526851667883636, "params": {"x0": 0.9969378565337269, "x1": 1.1802482120201467, "x2": 2.942048593549683, "x3": 1.719656371165182, "x4": 3.288744996811875, "x5": 5.929303634006656, "x6": 0.04390303993809459, "x7": -0.9619810426381605, "x8": 0.9127369847866669, "x9": 1.6470331215861826}, "datetime": {"datetime": "2025-05-17 21:35:54", "elapsed": 1265.412163, "delta": 9.444709}}
{"target": 3.526851667883636, "params": {"x0": 0.9969353964533506, "x1": 1.180223721525423, "x2": 2.942088888519059, "x3": 1.71959753332849, "x4": 3.2886450372965124, "x5": 5.929451451922996, "x6": 0.04405279140721456, "x7": -0.9619190946707218, "x8": 0.9127191009441961, "x9": 1.6470427177574734}, "datetime": {"datetime": "2025-05-17 21:36:03", "elapsed": 1274.715278, "delta": 9.303115}}
{"target": 3.526851667883636, "params": {"x0": 0.996933182381012, "x1": 1.1802016800801716, "x2": 2.9421251539914968, "x3": 1.7195445792754673, "x4": 3.288555073732686, "x5": 5.929584488047703, "x6": 0.04418756772942253, "x7": -0.961863341500027, "x8": 0.9127030054859724, "x9": 1.6470513543116347}, "datetime": {"datetime": "2025-05-17 21:36:13", "elapsed": 1283.996889, "delta": 9.281611}}
{"target": 3.526851667883636, "params": {"x0": 0.9969311897159072, "x1": 1.1801818427794455, "x2": 2.9421577929166913, "x3": 1.7194969206277468, "x4": 3.2884741065252423, "x5": 5.929704220559938, "x6": 0.04430886641940971, "x7": -0.9618131636464016, "x8": 0.9126885195735711, "x9": 1.6470591272103803}, "datetime": {"datetime": "2025-05-17 21:36:22", "elapsed": 1293.350967, "delta": 9.354078}}
{"target": 3.526683158963132, "params": {"x0": 0.9969293963173129, "x1": 1.1798426249370275, "x2": 2.942187167949366, "x3": 1.7194540278447983, "x4": 3.288401236038543, "x5": 5.9298119798209505, "x6": 0.044418035240398175, "x7": -0.9617680035781387, "x8": 0.9126754822524099, "x9": 1.6470661228192511}, "datetime": {"datetime": "2025-05-17 21:36:31", "elapsed": 1302.693761, "delta": 9.342794}}
{"target": 3.526683158963132, "params": {"x0": 0.9969277822585781, "x1": 1.1798586931506156, "x2": 2.9422136054787735, "x3": 1.7194154243401447, "x4": 3.288335652600513, "x5": 5.929908963155862, "x6": 0.04451628717928779, "x7": -0.9617273595167022, "x8": 0.9126637486633649, "x9": 1.6470724188672348}, "datetime": {"datetime": "2025-05-17 21:36:41", "elapsed": 1311.953162, "delta": 9.259401}}
{"target": 3.526851667883636, "params": {"x0": 0.9969263296057167, "x1": 1.1801334596029742, "x2": 2.94223739925524, "x3": 1.7193806811859564, "x4": 3.2882766275062867, "x5": 5.929996248157281, "x6": 0.044604713924288435, "x7": -0.9616907798614094, "x8": 0.9126531884332244, "x9": 1.64707808531042}, "datetime": {"datetime": "2025-05-17 21:36:50", "elapsed": 1321.243014, "delta": 9.289852}}
{"target": 3.5268936155790063, "params": {"x0": 0.9969250222181415, "x1": 1.1801204443499678, "x2": 2.94225881365406, "x3": 1.7193494123471869, "x4": 3.2882235049214827, "x5": 5.93007480465856, "x6": 0.04468429799478903, "x7": -0.9616578581716457, "x8": 0.9126436842260979, "x9": 1.647083185109287}, "datetime": {"datetime": "2025-05-17 21:36:59", "elapsed": 1330.442501, "delta": 9.199487}}
{"target": 3.5268936155790063, "params": {"x0": 0.9969238455693238, "x1": 1.180108730622262, "x2": 2.942278086612998, "x3": 1.7193212703922944, "x4": 3.2881756945951595, "x5": 5.93014550550971, "x6": 0.044755923658239556, "x7": -0.9616282286508585, "x8": 0.912635130439684, "x9": 1.647087774928267}, "datetime": {"datetime": "2025-05-17 21:37:08", "elapsed": 1339.539318, "delta": 9.096817}}
{"target": 3.5268936155790063, "params": {"x0": 0.9969227865853878, "x1": 1.1800981882673267, "x2": 2.942295432276042, "x3": 1.719295942632891, "x4": 3.288132665301468, "x5": 5.930209136275745, "x6": 0.044820386755345026, "x7": -0.96160156208215, "x8": 0.9126274320319115, "x9": 1.6470919057653493}, "datetime": {"datetime": "2025-05-17 21:37:17", "elapsed": 1348.568912, "delta": 9.029594}}
{"target": 3.5268936155790063, "params": {"x0": 0.9969218334998455, "x1": 1.180088700147885, "x2": 2.942311043372782, "x3": 1.7192731476494283, "x4": 3.288093938937146, "x5": 5.9302664039651765, "x6": 0.044878403542739954, "x7": -0.9615775621703123, "x8": 0.9126205034649163, "x9": 1.6470956235187233}, "datetime": {"datetime": "2025-05-17 21:37:26", "elapsed": 1357.878021, "delta": 9.309109}}
{"target": 3.526711327739999, "params": {"x0": 0.9969209757228574, "x1": 1.1799264533054319, "x2": 2.942325093359848, "x3": 1.7192526321643116, "x4": 3.2880590852092566, "x5": 5.931245681454457, "x6": 0.044930618651395395, "x7": -0.9615559622496584, "x8": 0.9126142677546206, "x9": 1.6470989694967597}, "datetime": {"datetime": "2025-05-17 21:37:36", "elapsed": 1366.925476, "delta": 9.047455}}
{"target": 3.5268936155790063, "params": {"x0": 0.996920203723568, "x1": 1.1800724754636398, "x2": 2.942337738348207, "x3": 1.7192341682277066, "x4": 3.2880277168541556, "x5": 5.930364331714104, "x6": 0.044977612249185284, "x7": -0.9615365223210699, "x8": 0.9126086556153545, "x9": 1.6471019808769927}, "datetime": {"datetime": "2025-05-17 21:37:45", "elapsed": 1376.003384, "delta": 9.077908}}
{"target": 3.526711327739999, "params": {"x0": 0.9969195089242077, "x1": 1.1799410555212526, "x2": 2.9423491188377304, "x3": 1.7192175506847622, "x4": 3.287999485334565, "x5": 5.931157546480422, "x6": 0.045019906487196185, "x7": -0.9615190263853403, "x8": 0.912603604690015, "x9": 1.6471046911192022}, "datetime": {"datetime": "2025-05-17 21:37:54", "elapsed": 1385.341244, "delta": 9.33786}}
{"target": 3.5268936155790063, "params": {"x0": 0.9969188836047834, "x1": 1.180059333469401, "x2": 2.942359361278301, "x3": 1.719202594896112, "x4": 3.287974076966933, "x5": 5.9304436531907365, "x6": 0.045057971301406, "x7": -0.9615032800431835, "x8": 0.9125990588572095, "x9": 1.647107130337191}, "datetime": {"datetime": "2025-05-17 21:38:03", "elapsed": 1394.535516, "delta": 9.194272}}
{"target": 3.5268936155790063, "params": {"x0": 0.9969183208173015, "x1": 1.1800537308297518, "x2": 2.9423685794748153, "x3": 1.719189134686327, "x4": 3.2879512094360646, "x5": 5.930477469188668, "x6": 0.045092229634194826, "x7": -0.9614891083352425, "x8": 0.9125949676076844, "x9": 1.6471093256333806}, "datetime": {"datetime": "2025-05-17 21:38:12", "elapsed": 1403.72615, "delta": 9.190634}}
{"target": 3.526711327739999, "params": {"x0": 0.9969178143085677, "x1": 1.1799579256917516, "x2": 2.9423768758516777, "x3": 1.7191770204975205, "x4": 3.287930628658283, "x5": 5.931055722753314, "x6": 0.045123062133704775, "x7": -0.9614763537980956, "x8": 0.912591285483112, "x9": 1.6471113013999514}, "datetime": {"datetime": "2025-05-17 21:38:22", "elapsed": 1413.305018, "delta": 9.578868}}
{"target": 3.5268936155790063, "params": {"x0": 0.9969173584507074, "x1": 1.1800441503159518, "x2": 2.942384342590854, "x3": 1.7191661177275948, "x4": 3.2879121059582794, "x5": 5.930535294545133, "x6": 0.04515081138326373, "x7": -0.9614648747146634, "x8": 0.9125879715709967, "x9": 1.6471130795898652}, "datetime": {"datetime": "2025-05-17 21:38:31", "elapsed": 1422.582313, "delta": 9.277295}}
{"target": 3.5268936155790063, "params": {"x0": 0.9969169481786331, "x1": 1.1800400659916477, "x2": 2.9423910626561125, "x3": 1.7191563052346615, "x4": 3.2878954355282763, "x5": 5.930559946407626, "x6": 0.04517578570786679, "x7": -0.9614545435395744, "x8": 0.912584989050093, "x9": 1.6471146799607874}, "datetime": {"datetime": "2025-05-17 21:38:41", "elapsed": 1432.076868, "delta": 9.494555}}
{"target": 3.5268936155790063, "params": {"x0": 0.9969165789337663, "x1": 1.180036390099774, "x2": 2.9423971107148454, "x3": 1.7191474739910215, "x4": 3.287880432141274, "x5": 5.930981493256252, "x6": 0.04519826260000954, "x7": -0.9614452454819943, "x8": 0.9125823047812797, "x9": 1.6471161202946176}, "datetime": {"datetime": "2025-05-17 21:38:50", "elapsed": 1441.627894, "delta": 9.551026}}
{"target": 3.5268936155790063, "params": {"x0": 0.9969162466133861, "x1": 1.1800330817970874, "x2": 2.942402553967705, "x3": 1.7191395258717455, "x4": 3.287866929092971, "x5": 5.930961525247633, "x6": 0.045218491802938014, "x7": -0.9614368772301721, "x8": 0.9125798889393476, "x9": 1.6471174165950646}, "datetime": {"datetime": "2025-05-17 21:39:00", "elapsed": 1451.127043, "delta": 9.499149}}
{"target": 3.5268936155790063, "params": {"x0": 0.9969159475250439, "x1": 1.1800301043246697, "x2": 2.9424074528952784, "x3": 1.7191323725643972, "x4": 3.2878547763494987, "x5": 5.930943553876749, "x6": 0.045236698085573644, "x7": -0.9614293458035322, "x8": 0.9125777146816088, "x9": 1.6471185832654671}, "datetime": {"datetime": "2025-05-17 21:39:09", "elapsed": 1460.651091, "delta": 9.524048}}
{"target": 3.5268936155790063, "params": {"x0": 0.996915678345536, "x1": 1.1800274245994937, "x2": 2.9424118619300947, "x3": 1.7191259345877836, "x4": 3.2878438388803737, "x5": 5.9309273799528945, "x6": 0.04525308373994571, "x7": -0.9614225675195563, "x8": 0.9125757578496438, "x9": 1.6471196332688292}, "datetime": {"datetime": "2025-05-17 21:39:19", "elapsed": 1470.036139, "delta": 9.385048}}
{"target": 3.5268936155790063, "params": {"x0": 0.9969154360839788, "x1": 1.1800250128468353, "x2": 2.942415830061429, "x3": 1.7191201404088314, "x4": 3.287833995158161, "x5": 5.9309128232746104, "x6": 0.04526783082888057, "x7": -0.9614164670639781, "x8": 0.9125739967008754, "x9": 1.6471205782718552}, "datetime": {"datetime": "2025-05-17 21:39:28", "elapsed": 1479.531078, "delta": 9.494939}}
{"target": 3.5268936155790063, "params": {"x0": 0.9969152180485773, "x1": 1.1800228422694428, "x2": 2.94241940137963, "x3": 1.7191149256477745, "x4": 3.28782513580817, "x5": 5.930899722264156, "x6": 0.045281103208921945, "x7": -0.9614109766539576, "x8": 0.9125724116669838, "x9": 1.6471214287745786}, "datetime": {"datetime": "2025-05-17 21:39:38", "elapsed": 1489.286679, "delta": 9.755601}}
{"target": 3.5268936155790063, "params": {"x0": 0.996915021816716, "x1": 1.1800208887497894, "x2": 2.942422615566011, "x3": 1.7191102323628233, "x4": 3.2878171623931776, "x5": 5.9308879284805105, "x6": 0.04529304835095918, "x7": -0.9614060352849392, "x8": 0.9125709851364814, "x9": 1.6471221942270295}, "datetime": {"datetime": "2025-05-17 21:39:48", "elapsed": 1498.954034, "delta": 9.667355}}
{"target": 3.5268936155790063, "params": {"x0": 0.9969148452080409, "x1": 1.1800191305821015, "x2": 2.9424255083337543, "x3": 1.7191060084063672, "x4": 3.287809986319685, "x5": 5.930686306803843, "x6": 0.04530379897879269, "x7": -0.9614015880528226, "x8": 0.9125697012590291, "x9": 1.6471228831342355}, "datetime": {"datetime": "2025-05-17 21:39:57", "elapsed": 1508.541201, "delta": 9.587167}}
{"target": 3.5268936155790063, "params": {"x0": 0.9969146862602333, "x1": 1.1800175482311823, "x2": 2.942428111824723, "x3": 1.7191022068455566, "x4": 3.287803527853541, "x5": 5.930867768631151, "x6": 0.04531347454384285, "x7": -0.9613975855439176, "x8": 0.9125685457693222, "x9": 1.6471235031507208}, "datetime": {"datetime": "2025-05-17 21:40:07", "elapsed": 1517.897633, "delta": 9.356432}}
{"target": 3.5268936155790063, "params": {"x0": 0.9969145432072063, "x1": 1.180016124115355, "x2": 2.9424304549665945, "x3": 1.719098785440827, "x4": 3.287797715234012, "x5": 5.930859173326697, "x6": 0.045322182552388, "x7": -0.9613939832859032, "x8": 0.9125675058285859, "x9": 1.6471240611655575}, "datetime": {"datetime": "2025-05-17 21:40:16", "elapsed": 1527.457622, "delta": 9.559989}}
{"target": 3.5268936155790063, "params": {"x0": 0.9969144144594821, "x1": 1.1800148424111105, "x2": 2.942432563794279, "x3": 1.7190957061765706, "x4": 3.2877924838764354, "x5": 5.930712189029088, "x6": 0.04533001976007863, "x7": -0.9613907412536902, "x8": 0.9125665698819233, "x9": 1.6471245633789107}, "datetime": {"datetime": "2025-05-17 21:40:26", "elapsed": 1536.912181, "delta": 9.454559}}
{"target": 3.5268936155790063, "params": {"x0": 0.9969142985865304, "x1": 1.1800136888772903, "x2": 2.9424344617391953, "x3": 1.7190929348387398, "x4": 3.2877877756546168, "x5": 5.930844474584603, "x6": 0.0453370732470002, "x7": -0.9613878234246985, "x8": 0.9125657275299269, "x9": 1.6471250153709285}, "datetime": {"datetime": "2025-05-17 21:40:35", "elapsed": 1546.716821, "delta": 9.80464}}
{"target": 3.5268936155790063, "params": {"x0": 0.9969141943008738, "x1": 1.1800126506968522, "x2": 2.9424361698896195, "x3": 1.719090440634692, "x4": 3.28778353825498, "x5": 5.930725417615873, "x6": 0.04534342138522961, "x7": -0.961385197378606, "x8": 0.9125649694131301, "x9": 1.6471254221637444}, "datetime": {"datetime": "2025-05-17 21:40:45", "elapsed": 1556.45727, "delta": 9.740449}}
{"target": 3.5268936155790063, "params": {"x0": 0.9969141004437828, "x1": 1.1800117163344581, "x2": 2.9424377072250016, "x3": 1.7190881958510489, "x4": 3.2877797245953064, "x5": 5.930832569168829, "x6": 0.04534913470963608, "x7": -0.9613828339371228, "x8": 0.9125642871080131, "x9": 1.647125788277279}, "datetime": {"datetime": "2025-05-17 21:40:55", "elapsed": 1565.906705, "delta": 9.449435}}
{"target": 3.5268936155790063, "params": {"x0": 0.9969140159724009, "x1": 1.1800108753082992, "x2": 2.9424390908268454, "x3": 1.7190861755457703, "x4": 3.2877762923016007, "x5": 5.930736132771169, "x6": 0.0453542767016019, "x7": -0.9613807068397878, "x8": 0.9125636730334077, "x9": 1.6471261177794598}, "datetime": {"datetime": "2025-05-17 21:41:04", "elapsed": 1575.620444, "delta": 9.713739}}
{"target": 3.5268936155790063, "params": {"x0": 0.9969139399481574, "x1": 1.18001011432125, "x2": 2.942440336068505, "x3": 1.7190843572710195, "x4": 3.2877732032372657, "x5": 5.930822914527419, "x6": 0.04535890449437114, "x7": -0.9613787924521864, "x8": 0.9125631203662629, "x9": 1.6471264143314226}, "datetime": {"datetime": "2025-05-17 21:41:14", "elapsed": 1585.259624, "delta": 9.63918}}
{"target": 3.5268936155790063, "params": {"x0": 0.996913871526338, "x1": 1.1800094374245784, "x2": 2.9424414567859984, "x3": 1.7190827208237438, "x4": 3.2877704230793636, "x5": 5.930744812046958, "x6": 0.04536306950786346, "x7": -0.961377069503345, "x8": 0.9125626229658326, "x9": 1.6471266812281893}, "datetime": {"datetime": "2025-05-17 21:41:23", "elapsed": 1594.676085, "delta": 9.416461}}
