{"target": 3.5268936155790063, "params": {"x0": 0.9969132557299644, "x1": 1.1800033070729097, "x2": 2.94245154324344, "x3": 1.719067992798262, "x4": 3.287745401658248, "x5": 5.930781813170061, "x6": 0.0454005546292943, "x7": -0.9613615629637733, "x8": 0.9125581463619594, "x9": 1.6471290832990886}, "datetime": {"datetime": "2025-05-17 22:29:00", "elapsed": 4451.771807, "delta": 4.641631}}
{"target": 3.5268936155790063, "params": {"x0": 0.9969132557299644, "x1": 1.1800033070729097, "x2": 2.94245154324344, "x3": 1.719067992798262, "x4": 3.287745401658248, "x5": 5.930781813170061, "x6": 0.0454005546292943, "x7": -0.9613615629637733, "x8": 0.9125581463619594, "x9": 1.6471290832990886}, "datetime": {"datetime": "2025-05-17 22:29:04", "elapsed": 4455.335804, "delta": 3.563997}}
{"target": 3.5268936155790063, "params": {"x0": 0.9969132557299644, "x1": 1.1800033070729097, "x2": 2.94245154324344, "x3": 1.719067992798262, "x4": 3.287745401658248, "x5": 5.930781813170061, "x6": 0.0454005546292943, "x7": -0.9613615629637733, "x8": 0.9125581463619594, "x9": 1.6471290832990886}, "datetime": {"datetime": "2025-05-17 22:29:08", "elapsed": 4459.312144, "delta": 3.97634}}
{"target": 3.5268936155790063, "params": {"x0": 0.9969132557299644, "x1": 1.1800033070729097, "x2": 2.94245154324344, "x3": 1.719067992798262, "x4": 3.287745401658248, "x5": 5.930781813170061, "x6": 0.0454005546292943, "x7": -0.9613615629637733, "x8": 0.9125581463619594, "x9": 1.6471290832990886}, "datetime": {"datetime": "2025-05-17 22:29:12", "elapsed": 4463.801469, "delta": 4.489325}}
{"target": 3.5268936155790063, "params": {"x0": 0.9969132557299644, "x1": 1.1800033070729097, "x2": 2.94245154324344, "x3": 1.719067992798262, "x4": 3.287745401658248, "x5": 5.930781813170061, "x6": 0.0454005546292943, "x7": -0.9613615629637733, "x8": 0.9125581463619594, "x9": 1.6471290832990886}, "datetime": {"datetime": "2025-05-17 22:29:16", "elapsed": 4467.778505, "delta": 3.977036}}
{"target": 3.5268936155790063, "params": {"x0": 0.9969132557299644, "x1": 1.1800033070729097, "x2": 2.94245154324344, "x3": 1.719067992798262, "x4": 3.287745401658248, "x5": 5.930781813170061, "x6": 0.0454005546292943, "x7": -0.9613615629637733, "x8": 0.9125581463619594, "x9": 1.6471290832990886}, "datetime": {"datetime": "2025-05-17 22:29:21", "elapsed": 4472.368131, "delta": 4.589626}}
{"target": 3.5268936155790063, "params": {"x0": 0.9969132557299644, "x1": 1.1800033070729097, "x2": 2.94245154324344, "x3": 1.719067992798262, "x4": 3.287745401658248, "x5": 5.930781813170061, "x6": 0.0454005546292943, "x7": -0.9613615629637733, "x8": 0.9125581463619594, "x9": 1.6471290832990886}, "datetime": {"datetime": "2025-05-17 22:29:24", "elapsed": 4475.846578, "delta": 3.478447}}
{"target": 3.5268936155790063, "params": {"x0": 0.9969132557299644, "x1": 1.1800033070729097, "x2": 2.94245154324344, "x3": 1.719067992798262, "x4": 3.287745401658248, "x5": 5.930781813170061, "x6": 0.0454005546292943, "x7": -0.9613615629637733, "x8": 0.9125581463619594, "x9": 1.6471290832990886}, "datetime": {"datetime": "2025-05-17 22:29:29", "elapsed": 4479.991575, "delta": 4.144997}}
{"target": 3.5268936155790063, "params": {"x0": 0.9969132557299644, "x1": 1.1800033070729097, "x2": 2.94245154324344, "x3": 1.719067992798262, "x4": 3.287745401658248, "x5": 5.930781813170061, "x6": 0.0454005546292943, "x7": -0.9613615629637733, "x8": 0.9125581463619594, "x9": 1.6471290832990886}, "datetime": {"datetime": "2025-05-17 22:29:32", "elapsed": 4483.477294, "delta": 3.485719}}
{"target": 3.5268936155790063, "params": {"x0": 0.9969132557299644, "x1": 1.1800033070729097, "x2": 2.94245154324344, "x3": 1.719067992798262, "x4": 3.287745401658248, "x5": 5.930781813170061, "x6": 0.0454005546292943, "x7": -0.9613615629637733, "x8": 0.9125581463619594, "x9": 1.6471290832990886}, "datetime": {"datetime": "2025-05-17 22:29:36", "elapsed": 4487.610741, "delta": 4.133447}}
{"target": 3.5268936155790063, "params": {"x0": 0.9969132557299644, "x1": 1.1800033070729097, "x2": 2.94245154324344, "x3": 1.719067992798262, "x4": 3.287745401658248, "x5": 5.930781813170061, "x6": 0.0454005546292943, "x7": -0.9613615629637733, "x8": 0.9125581463619594, "x9": 1.6471290832990886}, "datetime": {"datetime": "2025-05-17 22:29:40", "elapsed": 4491.494917, "delta": 3.884176}}
{"target": 3.5268936155790063, "params": {"x0": 0.9969132557299644, "x1": 1.1800033070729097, "x2": 2.94245154324344, "x3": 1.719067992798262, "x4": 3.287745401658248, "x5": 5.930781813170061, "x6": 0.0454005546292943, "x7": -0.9613615629637733, "x8": 0.9125581463619594, "x9": 1.6471290832990886}, "datetime": {"datetime": "2025-05-17 22:29:44", "elapsed": 4495.846315, "delta": 4.351398}}
{"target": 3.5268936155790063, "params": {"x0": 0.9969132557299644, "x1": 1.1800033070729097, "x2": 2.94245154324344, "x3": 1.719067992798262, "x4": 3.287745401658248, "x5": 5.930781813170061, "x6": 0.0454005546292943, "x7": -0.9613615629637733, "x8": 0.9125581463619594, "x9": 1.6471290832990886}, "datetime": {"datetime": "2025-05-17 22:29:48", "elapsed": 4499.308865, "delta": 3.46255}}
{"target": 3.5268936155790063, "params": {"x0": 0.9969132557299644, "x1": 1.1800033070729097, "x2": 2.94245154324344, "x3": 1.719067992798262, "x4": 3.287745401658248, "x5": 5.930781813170061, "x6": 0.0454005546292943, "x7": -0.9613615629637733, "x8": 0.9125581463619594, "x9": 1.6471290832990886}, "datetime": {"datetime": "2025-05-17 22:29:51", "elapsed": 4502.491586, "delta": 3.182721}}
{"target": 3.5268936155790063, "params": {"x0": 0.9969132557299644, "x1": 1.1800033070729097, "x2": 2.94245154324344, "x3": 1.719067992798262, "x4": 3.287745401658248, "x5": 5.930781813170061, "x6": 0.0454005546292943, "x7": -0.9613615629637733, "x8": 0.9125581463619594, "x9": 1.6471290832990886}, "datetime": {"datetime": "2025-05-17 22:29:56", "elapsed": 4507.175906, "delta": 4.68432}}
{"target": 3.5268936155790063, "params": {"x0": 0.9969132557299644, "x1": 1.1800033070729097, "x2": 2.94245154324344, "x3": 1.719067992798262, "x4": 3.287745401658248, "x5": 5.930781813170061, "x6": 0.0454005546292943, "x7": -0.9613615629637733, "x8": 0.9125581463619594, "x9": 1.6471290832990886}, "datetime": {"datetime": "2025-05-17 22:30:00", "elapsed": 4511.17192, "delta": 3.996014}}
{"target": 3.5268936155790063, "params": {"x0": 0.9969132557299644, "x1": 1.1800033070729097, "x2": 2.94245154324344, "x3": 1.719067992798262, "x4": 3.287745401658248, "x5": 5.930781813170061, "x6": 0.0454005546292943, "x7": -0.9613615629637733, "x8": 0.9125581463619594, "x9": 1.6471290832990886}, "datetime": {"datetime": "2025-05-17 22:30:04", "elapsed": 4515.271348, "delta": 4.099428}}
{"target": 3.5268936155790063, "params": {"x0": 0.9969132557299644, "x1": 1.1800033070729097, "x2": 2.94245154324344, "x3": 1.719067992798262, "x4": 3.287745401658248, "x5": 5.930781813170061, "x6": 0.0454005546292943, "x7": -0.9613615629637733, "x8": 0.9125581463619594, "x9": 1.6471290832990886}, "datetime": {"datetime": "2025-05-17 22:30:07", "elapsed": 4518.634033, "delta": 3.362685}}
{"target": 3.5268936155790063, "params": {"x0": 0.9969132557299644, "x1": 1.1800033070729097, "x2": 2.94245154324344, "x3": 1.719067992798262, "x4": 3.287745401658248, "x5": 5.930781813170061, "x6": 0.0454005546292943, "x7": -0.9613615629637733, "x8": 0.9125581463619594, "x9": 1.6471290832990886}, "datetime": {"datetime": "2025-05-17 22:30:12", "elapsed": 4523.59189, "delta": 4.957857}}
{"target": 3.5268936155790063, "params": {"x0": 0.9969132557299644, "x1": 1.1800033070729097, "x2": 2.94245154324344, "x3": 1.719067992798262, "x4": 3.287745401658248, "x5": 5.930781813170061, "x6": 0.0454005546292943, "x7": -0.9613615629637733, "x8": 0.9125581463619594, "x9": 1.6471290832990886}, "datetime": {"datetime": "2025-05-17 22:30:17", "elapsed": 4528.189264, "delta": 4.597374}}
{"target": 3.5268936155790063, "params": {"x0": 0.9969132557299644, "x1": 1.1800033070729097, "x2": 2.94245154324344, "x3": 1.719067992798262, "x4": 3.287745401658248, "x5": 5.930781813170061, "x6": 0.0454005546292943, "x7": -0.9613615629637733, "x8": 0.9125581463619594, "x9": 1.6471290832990886}, "datetime": {"datetime": "2025-05-17 22:30:21", "elapsed": 4531.916449, "delta": 3.727185}}
{"target": 3.5268936155790063, "params": {"x0": 0.9969132557299644, "x1": 1.1800033070729097, "x2": 2.94245154324344, "x3": 1.719067992798262, "x4": 3.287745401658248, "x5": 5.930781813170061, "x6": 0.0454005546292943, "x7": -0.9613615629637733, "x8": 0.9125581463619594, "x9": 1.6471290832990886}, "datetime": {"datetime": "2025-05-17 22:30:25", "elapsed": 4535.962629, "delta": 4.04618}}
{"target": 3.5268936155790063, "params": {"x0": 0.9969132557299644, "x1": 1.1800033070729097, "x2": 2.94245154324344, "x3": 1.719067992798262, "x4": 3.287745401658248, "x5": 5.930781813170061, "x6": 0.0454005546292943, "x7": -0.9613615629637733, "x8": 0.9125581463619594, "x9": 1.6471290832990886}, "datetime": {"datetime": "2025-05-17 22:30:28", "elapsed": 4539.722313, "delta": 3.759684}}
{"target": 3.5268936155790063, "params": {"x0": 0.9969132557299644, "x1": 1.1800033070729097, "x2": 2.94245154324344, "x3": 1.719067992798262, "x4": 3.287745401658248, "x5": 5.930781813170061, "x6": 0.0454005546292943, "x7": -0.9613615629637733, "x8": 0.9125581463619594, "x9": 1.6471290832990886}, "datetime": {"datetime": "2025-05-17 22:30:33", "elapsed": 4544.036189, "delta": 4.313876}}
{"target": 3.5268936155790063, "params": {"x0": 0.9969132557299644, "x1": 1.1800033070729097, "x2": 2.94245154324344, "x3": 1.719067992798262, "x4": 3.287745401658248, "x5": 5.930781813170061, "x6": 0.0454005546292943, "x7": -0.9613615629637733, "x8": 0.9125581463619594, "x9": 1.6471290832990886}, "datetime": {"datetime": "2025-05-17 22:30:36", "elapsed": 4547.538549, "delta": 3.50236}}
{"target": 3.5268936155790063, "params": {"x0": 0.9969132557299644, "x1": 1.1800033070729097, "x2": 2.94245154324344, "x3": 1.719067992798262, "x4": 3.287745401658248, "x5": 5.930781813170061, "x6": 0.0454005546292943, "x7": -0.9613615629637733, "x8": 0.9125581463619594, "x9": 1.6471290832990886}, "datetime": {"datetime": "2025-05-17 22:30:40", "elapsed": 4551.820771, "delta": 4.282222}}
{"target": 3.5268936155790063, "params": {"x0": 0.9969132557299644, "x1": 1.1800033070729097, "x2": 2.94245154324344, "x3": 1.719067992798262, "x4": 3.287745401658248, "x5": 5.930781813170061, "x6": 0.0454005546292943, "x7": -0.9613615629637733, "x8": 0.9125581463619594, "x9": 1.6471290832990886}, "datetime": {"datetime": "2025-05-17 22:30:46", "elapsed": 4556.950773, "delta": 5.130002}}
{"target": 3.5268936155790063, "params": {"x0": 0.9969132557299644, "x1": 1.1800033070729097, "x2": 2.94245154324344, "x3": 1.719067992798262, "x4": 3.287745401658248, "x5": 5.930781813170061, "x6": 0.0454005546292943, "x7": -0.9613615629637733, "x8": 0.9125581463619594, "x9": 1.6471290832990886}, "datetime": {"datetime": "2025-05-17 22:30:50", "elapsed": 4560.999906, "delta": 4.049133}}
{"target": 3.5268936155790063, "params": {"x0": 0.9969132557299644, "x1": 1.1800033070729097, "x2": 2.94245154324344, "x3": 1.719067992798262, "x4": 3.287745401658248, "x5": 5.930781813170061, "x6": 0.0454005546292943, "x7": -0.9613615629637733, "x8": 0.9125581463619594, "x9": 1.6471290832990886}, "datetime": {"datetime": "2025-05-17 22:30:53", "elapsed": 4564.590929, "delta": 3.591023}}
{"target": 3.5268936155790063, "params": {"x0": 0.9969132557299644, "x1": 1.1800033070729097, "x2": 2.94245154324344, "x3": 1.719067992798262, "x4": 3.287745401658248, "x5": 5.930781813170061, "x6": 0.0454005546292943, "x7": -0.9613615629637733, "x8": 0.9125581463619594, "x9": 1.6471290832990886}, "datetime": {"datetime": "2025-05-17 22:30:56", "elapsed": 4567.498743, "delta": 2.907814}}
{"target": 3.5268936155790063, "params": {"x0": 0.9969132557299644, "x1": 1.1800033070729097, "x2": 2.94245154324344, "x3": 1.719067992798262, "x4": 3.287745401658248, "x5": 5.930781813170061, "x6": 0.0454005546292943, "x7": -0.9613615629637733, "x8": 0.9125581463619594, "x9": 1.6471290832990886}, "datetime": {"datetime": "2025-05-17 22:31:00", "elapsed": 4571.685695, "delta": 4.186952}}
{"target": 3.5268936155790063, "params": {"x0": 0.9969132557299644, "x1": 1.1800033070729097, "x2": 2.94245154324344, "x3": 1.719067992798262, "x4": 3.287745401658248, "x5": 5.930781813170061, "x6": 0.0454005546292943, "x7": -0.9613615629637733, "x8": 0.9125581463619594, "x9": 1.6471290832990886}, "datetime": {"datetime": "2025-05-17 22:31:05", "elapsed": 4576.803831, "delta": 5.118136}}
{"target": 3.5268936155790063, "params": {"x0": 0.9969132557299644, "x1": 1.1800033070729097, "x2": 2.94245154324344, "x3": 1.719067992798262, "x4": 3.287745401658248, "x5": 5.930781813170061, "x6": 0.0454005546292943, "x7": -0.9613615629637733, "x8": 0.9125581463619594, "x9": 1.6471290832990886}, "datetime": {"datetime": "2025-05-17 22:31:09", "elapsed": 4580.514525, "delta": 3.710694}}
{"target": 3.5268936155790063, "params": {"x0": 0.9969132557299644, "x1": 1.1800033070729097, "x2": 2.94245154324344, "x3": 1.719067992798262, "x4": 3.287745401658248, "x5": 5.930781813170061, "x6": 0.0454005546292943, "x7": -0.9613615629637733, "x8": 0.9125581463619594, "x9": 1.6471290832990886}, "datetime": {"datetime": "2025-05-17 22:31:13", "elapsed": 4584.878509, "delta": 4.363984}}
{"target": 3.5268936155790063, "params": {"x0": 0.9969132557299644, "x1": 1.1800033070729097, "x2": 2.94245154324344, "x3": 1.719067992798262, "x4": 3.287745401658248, "x5": 5.930781813170061, "x6": 0.0454005546292943, "x7": -0.9613615629637733, "x8": 0.9125581463619594, "x9": 1.6471290832990886}, "datetime": {"datetime": "2025-05-17 22:31:18", "elapsed": 4589.262781, "delta": 4.384272}}
{"target": 3.5268936155790063, "params": {"x0": 0.9969132557299644, "x1": 1.1800033070729097, "x2": 2.94245154324344, "x3": 1.719067992798262, "x4": 3.287745401658248, "x5": 5.930781813170061, "x6": 0.0454005546292943, "x7": -0.9613615629637733, "x8": 0.9125581463619594, "x9": 1.6471290832990886}, "datetime": {"datetime": "2025-05-17 22:31:22", "elapsed": 4593.497368, "delta": 4.234587}}
{"target": 3.5268936155790063, "params": {"x0": 0.9969132557299644, "x1": 1.1800033070729097, "x2": 2.94245154324344, "x3": 1.719067992798262, "x4": 3.287745401658248, "x5": 5.930781813170061, "x6": 0.0454005546292943, "x7": -0.9613615629637733, "x8": 0.9125581463619594, "x9": 1.6471290832990886}, "datetime": {"datetime": "2025-05-17 22:31:26", "elapsed": 4597.6541, "delta": 4.156732}}
{"target": 3.5268936155790063, "params": {"x0": 0.9969132557299644, "x1": 1.1800033070729097, "x2": 2.94245154324344, "x3": 1.719067992798262, "x4": 3.287745401658248, "x5": 5.930781813170061, "x6": 0.0454005546292943, "x7": -0.9613615629637733, "x8": 0.9125581463619594, "x9": 1.6471290832990886}, "datetime": {"datetime": "2025-05-17 22:31:30", "elapsed": 4601.038589, "delta": 3.384489}}
{"target": 3.5268936155790063, "params": {"x0": 0.9969132557299644, "x1": 1.1800033070729097, "x2": 2.94245154324344, "x3": 1.719067992798262, "x4": 3.287745401658248, "x5": 5.930781813170061, "x6": 0.0454005546292943, "x7": -0.9613615629637733, "x8": 0.9125581463619594, "x9": 1.6471290832990886}, "datetime": {"datetime": "2025-05-17 22:31:34", "elapsed": 4605.242105, "delta": 4.203516}}
{"target": 3.5268936155790063, "params": {"x0": 0.9969132557299644, "x1": 1.1800033070729097, "x2": 2.94245154324344, "x3": 1.719067992798262, "x4": 3.287745401658248, "x5": 5.930781813170061, "x6": 0.0454005546292943, "x7": -0.9613615629637733, "x8": 0.9125581463619594, "x9": 1.6471290832990886}, "datetime": {"datetime": "2025-05-17 22:31:39", "elapsed": 4610.476835, "delta": 5.23473}}
{"target": 3.5268936155790063, "params": {"x0": 0.9969132557299644, "x1": 1.1800033070729097, "x2": 2.94245154324344, "x3": 1.719067992798262, "x4": 3.287745401658248, "x5": 5.930781813170061, "x6": 0.0454005546292943, "x7": -0.9613615629637733, "x8": 0.9125581463619594, "x9": 1.6471290832990886}, "datetime": {"datetime": "2025-05-17 22:31:42", "elapsed": 4613.474181, "delta": 2.997346}}
{"target": 3.5268936155790063, "params": {"x0": 0.9969132557299644, "x1": 1.1800033070729097, "x2": 2.94245154324344, "x3": 1.719067992798262, "x4": 3.287745401658248, "x5": 5.930781813170061, "x6": 0.0454005546292943, "x7": -0.9613615629637733, "x8": 0.9125581463619594, "x9": 1.6471290832990886}, "datetime": {"datetime": "2025-05-17 22:31:46", "elapsed": 4617.072315, "delta": 3.598134}}
{"target": 3.5268936155790063, "params": {"x0": 0.9969132557299644, "x1": 1.1800033070729097, "x2": 2.94245154324344, "x3": 1.719067992798262, "x4": 3.287745401658248, "x5": 5.930781813170061, "x6": 0.0454005546292943, "x7": -0.9613615629637733, "x8": 0.9125581463619594, "x9": 1.6471290832990886}, "datetime": {"datetime": "2025-05-17 22:31:49", "elapsed": 4620.67718, "delta": 3.604865}}
{"target": 3.5268936155790063, "params": {"x0": 0.9969132557299644, "x1": 1.1800033070729097, "x2": 2.94245154324344, "x3": 1.719067992798262, "x4": 3.287745401658248, "x5": 5.930781813170061, "x6": 0.0454005546292943, "x7": -0.9613615629637733, "x8": 0.9125581463619594, "x9": 1.6471290832990886}, "datetime": {"datetime": "2025-05-17 22:31:53", "elapsed": 4624.501076, "delta": 3.823896}}
{"target": 3.5268936155790063, "params": {"x0": 0.9969132557299644, "x1": 1.1800033070729097, "x2": 2.94245154324344, "x3": 1.719067992798262, "x4": 3.287745401658248, "x5": 5.930781813170061, "x6": 0.0454005546292943, "x7": -0.9613615629637733, "x8": 0.9125581463619594, "x9": 1.6471290832990886}, "datetime": {"datetime": "2025-05-17 22:31:58", "elapsed": 4629.096674, "delta": 4.595598}}
{"target": 3.5268936155790063, "params": {"x0": 0.9969132557299644, "x1": 1.1800033070729097, "x2": 2.94245154324344, "x3": 1.719067992798262, "x4": 3.287745401658248, "x5": 5.930781813170061, "x6": 0.0454005546292943, "x7": -0.9613615629637733, "x8": 0.9125581463619594, "x9": 1.6471290832990886}, "datetime": {"datetime": "2025-05-17 22:32:02", "elapsed": 4633.696906, "delta": 4.600232}}
{"target": 3.5268936155790063, "params": {"x0": 0.9969132557299644, "x1": 1.1800033070729097, "x2": 2.94245154324344, "x3": 1.719067992798262, "x4": 3.287745401658248, "x5": 5.930781813170061, "x6": 0.0454005546292943, "x7": -0.9613615629637733, "x8": 0.9125581463619594, "x9": 1.6471290832990886}, "datetime": {"datetime": "2025-05-17 22:32:06", "elapsed": 4637.129118, "delta": 3.432212}}
{"target": 3.5268936155790063, "params": {"x0": 0.9969132557299644, "x1": 1.1800033070729097, "x2": 2.94245154324344, "x3": 1.719067992798262, "x4": 3.287745401658248, "x5": 5.930781813170061, "x6": 0.0454005546292943, "x7": -0.9613615629637733, "x8": 0.9125581463619594, "x9": 1.6471290832990886}, "datetime": {"datetime": "2025-05-17 22:32:10", "elapsed": 4641.164678, "delta": 4.03556}}
{"target": 3.5268936155790063, "params": {"x0": 0.9969132557299644, "x1": 1.1800033070729097, "x2": 2.94245154324344, "x3": 1.719067992798262, "x4": 3.287745401658248, "x5": 5.930781813170061, "x6": 0.0454005546292943, "x7": -0.9613615629637733, "x8": 0.9125581463619594, "x9": 1.6471290832990886}, "datetime": {"datetime": "2025-05-17 22:32:14", "elapsed": 4645.384627, "delta": 4.219949}}
{"target": 3.5268936155790063, "params": {"x0": 0.9969132557299644, "x1": 1.1800033070729097, "x2": 2.94245154324344, "x3": 1.719067992798262, "x4": 3.287745401658248, "x5": 5.930781813170061, "x6": 0.0454005546292943, "x7": -0.9613615629637733, "x8": 0.9125581463619594, "x9": 1.6471290832990886}, "datetime": {"datetime": "2025-05-17 22:32:18", "elapsed": 4649.254834, "delta": 3.870207}}
{"target": 3.5268936155790063, "params": {"x0": 0.9969132557299644, "x1": 1.1800033070729097, "x2": 2.94245154324344, "x3": 1.719067992798262, "x4": 3.287745401658248, "x5": 5.930781813170061, "x6": 0.0454005546292943, "x7": -0.9613615629637733, "x8": 0.9125581463619594, "x9": 1.6471290832990886}, "datetime": {"datetime": "2025-05-17 22:32:21", "elapsed": 4652.836444, "delta": 3.58161}}
{"target": 3.5268936155790063, "params": {"x0": 0.9969132557299644, "x1": 1.1800033070729097, "x2": 2.94245154324344, "x3": 1.719067992798262, "x4": 3.287745401658248, "x5": 5.930781813170061, "x6": 0.0454005546292943, "x7": -0.9613615629637733, "x8": 0.9125581463619594, "x9": 1.6471290832990886}, "datetime": {"datetime": "2025-05-17 22:32:25", "elapsed": 4656.753113, "delta": 3.916669}}
{"target": 3.5268936155790063, "params": {"x0": 0.9969132557299644, "x1": 1.1800033070729097, "x2": 2.94245154324344, "x3": 1.719067992798262, "x4": 3.287745401658248, "x5": 5.930781813170061, "x6": 0.0454005546292943, "x7": -0.9613615629637733, "x8": 0.9125581463619594, "x9": 1.6471290832990886}, "datetime": {"datetime": "2025-05-17 22:32:29", "elapsed": 4660.667792, "delta": 3.914679}}
{"target": 3.5268936155790063, "params": {"x0": 0.9969132557299644, "x1": 1.1800033070729097, "x2": 2.94245154324344, "x3": 1.719067992798262, "x4": 3.287745401658248, "x5": 5.930781813170061, "x6": 0.0454005546292943, "x7": -0.9613615629637733, "x8": 0.9125581463619594, "x9": 1.6471290832990886}, "datetime": {"datetime": "2025-05-17 22:32:33", "elapsed": 4664.696636, "delta": 4.028844}}
{"target": 3.5268936155790063, "params": {"x0": 0.9969132557299644, "x1": 1.1800033070729097, "x2": 2.94245154324344, "x3": 1.719067992798262, "x4": 3.287745401658248, "x5": 5.930781813170061, "x6": 0.0454005546292943, "x7": -0.9613615629637733, "x8": 0.9125581463619594, "x9": 1.6471290832990886}, "datetime": {"datetime": "2025-05-17 22:32:37", "elapsed": 4668.58348, "delta": 3.886844}}
{"target": 3.5268936155790063, "params": {"x0": 0.9969132557299644, "x1": 1.1800033070729097, "x2": 2.94245154324344, "x3": 1.719067992798262, "x4": 3.287745401658248, "x5": 5.930781813170061, "x6": 0.0454005546292943, "x7": -0.9613615629637733, "x8": 0.9125581463619594, "x9": 1.6471290832990886}, "datetime": {"datetime": "2025-05-17 22:32:41", "elapsed": 4672.839377, "delta": 4.255897}}
