{"target": 3.5268936155790063, "params": {"x0": 0.9969132557299644, "x1": 1.1800033070729097, "x2": 2.94245154324344, "x3": 1.719067992798262, "x4": 3.287745401658248, "x5": 5.930781813170061, "x6": 0.0454005546292943, "x7": -0.9613615629637733, "x8": 0.9125581463619594, "x9": 1.6471290832990886}, "datetime": {"datetime": "2025-05-17 22:36:39", "elapsed": 4910.444491, "delta": 5.080116}}
{"target": 3.5268936155790063, "params": {"x0": 0.9969132557299644, "x1": 1.1800033070729097, "x2": 2.94245154324344, "x3": 1.719067992798262, "x4": 3.287745401658248, "x5": 5.930781813170061, "x6": 0.0454005546292943, "x7": -0.9613615629637733, "x8": 0.9125581463619594, "x9": 1.6471290832990886}, "datetime": {"datetime": "2025-05-17 22:36:43", "elapsed": 4914.028723, "delta": 3.584232}}
{"target": 3.5268936155790063, "params": {"x0": 0.9969132557299644, "x1": 1.1800033070729097, "x2": 2.94245154324344, "x3": 1.719067992798262, "x4": 3.287745401658248, "x5": 5.930781813170061, "x6": 0.0454005546292943, "x7": -0.9613615629637733, "x8": 0.9125581463619594, "x9": 1.6471290832990886}, "datetime": {"datetime": "2025-05-17 22:36:47", "elapsed": 4918.10509, "delta": 4.076367}}
{"target": 3.5268936155790063, "params": {"x0": 0.9969132557299644, "x1": 1.1800033070729097, "x2": 2.94245154324344, "x3": 1.719067992798262, "x4": 3.287745401658248, "x5": 5.930781813170061, "x6": 0.0454005546292943, "x7": -0.9613615629637733, "x8": 0.9125581463619594, "x9": 1.6471290832990886}, "datetime": {"datetime": "2025-05-17 22:36:51", "elapsed": 4922.825376, "delta": 4.720286}}
{"target": 3.5268936155790063, "params": {"x0": 0.9969132557299644, "x1": 1.1800033070729097, "x2": 2.94245154324344, "x3": 1.719067992798262, "x4": 3.287745401658248, "x5": 5.930781813170061, "x6": 0.0454005546292943, "x7": -0.9613615629637733, "x8": 0.9125581463619594, "x9": 1.6471290832990886}, "datetime": {"datetime": "2025-05-17 22:36:55", "elapsed": 4926.765503, "delta": 3.940127}}
{"target": 3.5268936155790063, "params": {"x0": 0.9969132557299644, "x1": 1.1800033070729097, "x2": 2.94245154324344, "x3": 1.719067992798262, "x4": 3.287745401658248, "x5": 5.930781813170061, "x6": 0.0454005546292943, "x7": -0.9613615629637733, "x8": 0.9125581463619594, "x9": 1.6471290832990886}, "datetime": {"datetime": "2025-05-17 22:36:59", "elapsed": 4930.403194, "delta": 3.637691}}
{"target": 3.5268936155790063, "params": {"x0": 0.9969132557299644, "x1": 1.1800033070729097, "x2": 2.94245154324344, "x3": 1.719067992798262, "x4": 3.287745401658248, "x5": 5.930781813170061, "x6": 0.0454005546292943, "x7": -0.9613615629637733, "x8": 0.9125581463619594, "x9": 1.6471290832990886}, "datetime": {"datetime": "2025-05-17 22:37:03", "elapsed": 4934.54906, "delta": 4.145866}}
{"target": 3.5268936155790063, "params": {"x0": 0.9969132557299644, "x1": 1.1800033070729097, "x2": 2.94245154324344, "x3": 1.719067992798262, "x4": 3.287745401658248, "x5": 5.930781813170061, "x6": 0.0454005546292943, "x7": -0.9613615629637733, "x8": 0.9125581463619594, "x9": 1.6471290832990886}, "datetime": {"datetime": "2025-05-17 22:37:08", "elapsed": 4939.052529, "delta": 4.503469}}
{"target": 3.5268936155790063, "params": {"x0": 0.9969132557299644, "x1": 1.1800033070729097, "x2": 2.94245154324344, "x3": 1.719067992798262, "x4": 3.287745401658248, "x5": 5.930781813170061, "x6": 0.0454005546292943, "x7": -0.9613615629637733, "x8": 0.9125581463619594, "x9": 1.6471290832990886}, "datetime": {"datetime": "2025-05-17 22:37:12", "elapsed": 4943.536481, "delta": 4.483952}}
{"target": 3.5268936155790063, "params": {"x0": 0.9969132557299644, "x1": 1.1800033070729097, "x2": 2.94245154324344, "x3": 1.719067992798262, "x4": 3.287745401658248, "x5": 5.930781813170061, "x6": 0.0454005546292943, "x7": -0.9613615629637733, "x8": 0.9125581463619594, "x9": 1.6471290832990886}, "datetime": {"datetime": "2025-05-17 22:37:17", "elapsed": 4947.968863, "delta": 4.432382}}
{"target": 3.5268936155790063, "params": {"x0": 0.9969132557299644, "x1": 1.1800033070729097, "x2": 2.94245154324344, "x3": 1.719067992798262, "x4": 3.287745401658248, "x5": 5.930781813170061, "x6": 0.0454005546292943, "x7": -0.9613615629637733, "x8": 0.9125581463619594, "x9": 1.6471290832990886}, "datetime": {"datetime": "2025-05-17 22:37:21", "elapsed": 4952.195878, "delta": 4.227015}}
{"target": 3.5268936155790063, "params": {"x0": 0.9969132557299644, "x1": 1.1800033070729097, "x2": 2.94245154324344, "x3": 1.719067992798262, "x4": 3.287745401658248, "x5": 5.930781813170061, "x6": 0.0454005546292943, "x7": -0.9613615629637733, "x8": 0.9125581463619594, "x9": 1.6471290832990886}, "datetime": {"datetime": "2025-05-17 22:37:24", "elapsed": 4955.844356, "delta": 3.648478}}
{"target": 3.5268936155790063, "params": {"x0": 0.9969132557299644, "x1": 1.1800033070729097, "x2": 2.94245154324344, "x3": 1.719067992798262, "x4": 3.287745401658248, "x5": 5.930781813170061, "x6": 0.0454005546292943, "x7": -0.9613615629637733, "x8": 0.9125581463619594, "x9": 1.6471290832990886}, "datetime": {"datetime": "2025-05-17 22:37:29", "elapsed": 4960.156091, "delta": 4.311735}}
{"target": 3.5268936155790063, "params": {"x0": 0.9969132557299644, "x1": 1.1800033070729097, "x2": 2.94245154324344, "x3": 1.719067992798262, "x4": 3.287745401658248, "x5": 5.930781813170061, "x6": 0.0454005546292943, "x7": -0.9613615629637733, "x8": 0.9125581463619594, "x9": 1.6471290832990886}, "datetime": {"datetime": "2025-05-17 22:37:32", "elapsed": 4963.685488, "delta": 3.529397}}
{"target": 3.5268936155790063, "params": {"x0": 0.9969132557299644, "x1": 1.1800033070729097, "x2": 2.94245154324344, "x3": 1.719067992798262, "x4": 3.287745401658248, "x5": 5.930781813170061, "x6": 0.0454005546292943, "x7": -0.9613615629637733, "x8": 0.9125581463619594, "x9": 1.6471290832990886}, "datetime": {"datetime": "2025-05-17 22:37:36", "elapsed": 4967.489099, "delta": 3.803611}}
{"target": 3.5268936155790063, "params": {"x0": 0.9969132557299644, "x1": 1.1800033070729097, "x2": 2.94245154324344, "x3": 1.719067992798262, "x4": 3.287745401658248, "x5": 5.930781813170061, "x6": 0.0454005546292943, "x7": -0.9613615629637733, "x8": 0.9125581463619594, "x9": 1.6471290832990886}, "datetime": {"datetime": "2025-05-17 22:37:39", "elapsed": 4970.797832, "delta": 3.308733}}
{"target": 3.5268936155790063, "params": {"x0": 0.9969132557299644, "x1": 1.1800033070729097, "x2": 2.94245154324344, "x3": 1.719067992798262, "x4": 3.287745401658248, "x5": 5.930781813170061, "x6": 0.0454005546292943, "x7": -0.9613615629637733, "x8": 0.9125581463619594, "x9": 1.6471290832990886}, "datetime": {"datetime": "2025-05-17 22:37:43", "elapsed": 4974.790379, "delta": 3.992547}}
{"target": 3.5268936155790063, "params": {"x0": 0.9969132557299644, "x1": 1.1800033070729097, "x2": 2.94245154324344, "x3": 1.719067992798262, "x4": 3.287745401658248, "x5": 5.930781813170061, "x6": 0.0454005546292943, "x7": -0.9613615629637733, "x8": 0.9125581463619594, "x9": 1.6471290832990886}, "datetime": {"datetime": "2025-05-17 22:37:48", "elapsed": 4978.971618, "delta": 4.181239}}
{"target": 3.5268936155790063, "params": {"x0": 0.9969132557299644, "x1": 1.1800033070729097, "x2": 2.94245154324344, "x3": 1.719067992798262, "x4": 3.287745401658248, "x5": 5.930781813170061, "x6": 0.0454005546292943, "x7": -0.9613615629637733, "x8": 0.9125581463619594, "x9": 1.6471290832990886}, "datetime": {"datetime": "2025-05-17 22:37:52", "elapsed": 4983.739678, "delta": 4.76806}}
{"target": 3.5268936155790063, "params": {"x0": 0.9969132557299644, "x1": 1.1800033070729097, "x2": 2.94245154324344, "x3": 1.719067992798262, "x4": 3.287745401658248, "x5": 5.930781813170061, "x6": 0.0454005546292943, "x7": -0.9613615629637733, "x8": 0.9125581463619594, "x9": 1.6471290832990886}, "datetime": {"datetime": "2025-05-17 22:37:56", "elapsed": 4987.832732, "delta": 4.093054}}
{"target": 3.5268936155790063, "params": {"x0": 0.9969132557299644, "x1": 1.1800033070729097, "x2": 2.94245154324344, "x3": 1.719067992798262, "x4": 3.287745401658248, "x5": 5.930781813170061, "x6": 0.0454005546292943, "x7": -0.9613615629637733, "x8": 0.9125581463619594, "x9": 1.6471290832990886}, "datetime": {"datetime": "2025-05-17 22:38:01", "elapsed": 4992.264883, "delta": 4.432151}}
{"target": 3.5268936155790063, "params": {"x0": 0.9969132557299644, "x1": 1.1800033070729097, "x2": 2.94245154324344, "x3": 1.719067992798262, "x4": 3.287745401658248, "x5": 5.930781813170061, "x6": 0.0454005546292943, "x7": -0.9613615629637733, "x8": 0.9125581463619594, "x9": 1.6471290832990886}, "datetime": {"datetime": "2025-05-17 22:38:06", "elapsed": 4996.913767, "delta": 4.648884}}
{"target": 3.5268936155790063, "params": {"x0": 0.9969132557299644, "x1": 1.1800033070729097, "x2": 2.94245154324344, "x3": 1.719067992798262, "x4": 3.287745401658248, "x5": 5.930781813170061, "x6": 0.0454005546292943, "x7": -0.9613615629637733, "x8": 0.9125581463619594, "x9": 1.6471290832990886}, "datetime": {"datetime": "2025-05-17 22:38:10", "elapsed": 5000.900385, "delta": 3.986618}}
{"target": 3.5268936155790063, "params": {"x0": 0.9969132557299644, "x1": 1.1800033070729097, "x2": 2.94245154324344, "x3": 1.719067992798262, "x4": 3.287745401658248, "x5": 5.930781813170061, "x6": 0.0454005546292943, "x7": -0.9613615629637733, "x8": 0.9125581463619594, "x9": 1.6471290832990886}, "datetime": {"datetime": "2025-05-17 22:38:13", "elapsed": 5004.525737, "delta": 3.625352}}
{"target": 3.5268936155790063, "params": {"x0": 0.9969132557299644, "x1": 1.1800033070729097, "x2": 2.94245154324344, "x3": 1.719067992798262, "x4": 3.287745401658248, "x5": 5.930781813170061, "x6": 0.0454005546292943, "x7": -0.9613615629637733, "x8": 0.9125581463619594, "x9": 1.6471290832990886}, "datetime": {"datetime": "2025-05-17 22:38:17", "elapsed": 5008.097309, "delta": 3.571572}}
{"target": 3.5268936155790063, "params": {"x0": 0.9969132557299644, "x1": 1.1800033070729097, "x2": 2.94245154324344, "x3": 1.719067992798262, "x4": 3.287745401658248, "x5": 5.930781813170061, "x6": 0.0454005546292943, "x7": -0.9613615629637733, "x8": 0.9125581463619594, "x9": 1.6471290832990886}, "datetime": {"datetime": "2025-05-17 22:38:21", "elapsed": 5012.257151, "delta": 4.159842}}
{"target": 3.5268936155790063, "params": {"x0": 0.9969132557299644, "x1": 1.1800033070729097, "x2": 2.94245154324344, "x3": 1.719067992798262, "x4": 3.287745401658248, "x5": 5.930781813170061, "x6": 0.0454005546292943, "x7": -0.9613615629637733, "x8": 0.9125581463619594, "x9": 1.6471290832990886}, "datetime": {"datetime": "2025-05-17 22:38:25", "elapsed": 5016.099388, "delta": 3.842237}}
{"target": 3.5268936155790063, "params": {"x0": 0.9969132557299644, "x1": 1.1800033070729097, "x2": 2.94245154324344, "x3": 1.719067992798262, "x4": 3.287745401658248, "x5": 5.930781813170061, "x6": 0.0454005546292943, "x7": -0.9613615629637733, "x8": 0.9125581463619594, "x9": 1.6471290832990886}, "datetime": {"datetime": "2025-05-17 22:38:29", "elapsed": 5020.313368, "delta": 4.21398}}
{"target": 3.5268936155790063, "params": {"x0": 0.9969132557299644, "x1": 1.1800033070729097, "x2": 2.94245154324344, "x3": 1.719067992798262, "x4": 3.287745401658248, "x5": 5.930781813170061, "x6": 0.0454005546292943, "x7": -0.9613615629637733, "x8": 0.9125581463619594, "x9": 1.6471290832990886}, "datetime": {"datetime": "2025-05-17 22:38:33", "elapsed": 5024.83776, "delta": 4.524392}}
{"target": 3.5268936155790063, "params": {"x0": 0.9969132557299644, "x1": 1.1800033070729097, "x2": 2.94245154324344, "x3": 1.719067992798262, "x4": 3.287745401658248, "x5": 5.930781813170061, "x6": 0.0454005546292943, "x7": -0.9613615629637733, "x8": 0.9125581463619594, "x9": 1.6471290832990886}, "datetime": {"datetime": "2025-05-17 22:38:37", "elapsed": 5028.833819, "delta": 3.996059}}
{"target": 3.5268936155790063, "params": {"x0": 0.9969132557299644, "x1": 1.1800033070729097, "x2": 2.94245154324344, "x3": 1.719067992798262, "x4": 3.287745401658248, "x5": 5.930781813170061, "x6": 0.0454005546292943, "x7": -0.9613615629637733, "x8": 0.9125581463619594, "x9": 1.6471290832990886}, "datetime": {"datetime": "2025-05-17 22:38:41", "elapsed": 5032.749617, "delta": 3.915798}}
{"target": 3.5268936155790063, "params": {"x0": 0.9969132557299644, "x1": 1.1800033070729097, "x2": 2.94245154324344, "x3": 1.719067992798262, "x4": 3.287745401658248, "x5": 5.930781813170061, "x6": 0.0454005546292943, "x7": -0.9613615629637733, "x8": 0.9125581463619594, "x9": 1.6471290832990886}, "datetime": {"datetime": "2025-05-17 22:38:45", "elapsed": 5036.707712, "delta": 3.958095}}
{"target": 3.5268936155790063, "params": {"x0": 0.9969132557299644, "x1": 1.1800033070729097, "x2": 2.94245154324344, "x3": 1.719067992798262, "x4": 3.287745401658248, "x5": 5.930781813170061, "x6": 0.0454005546292943, "x7": -0.9613615629637733, "x8": 0.9125581463619594, "x9": 1.6471290832990886}, "datetime": {"datetime": "2025-05-17 22:38:50", "elapsed": 5041.176166, "delta": 4.468454}}
{"target": 3.5268936155790063, "params": {"x0": 0.9969132557299644, "x1": 1.1800033070729097, "x2": 2.94245154324344, "x3": 1.719067992798262, "x4": 3.287745401658248, "x5": 5.930781813170061, "x6": 0.0454005546292943, "x7": -0.9613615629637733, "x8": 0.9125581463619594, "x9": 1.6471290832990886}, "datetime": {"datetime": "2025-05-17 22:38:53", "elapsed": 5044.86289, "delta": 3.686724}}
{"target": 3.5268936155790063, "params": {"x0": 0.9969132557299644, "x1": 1.1800033070729097, "x2": 2.94245154324344, "x3": 1.719067992798262, "x4": 3.287745401658248, "x5": 5.930781813170061, "x6": 0.0454005546292943, "x7": -0.9613615629637733, "x8": 0.9125581463619594, "x9": 1.6471290832990886}, "datetime": {"datetime": "2025-05-17 22:38:57", "elapsed": 5048.153779, "delta": 3.290889}}
{"target": 3.5268936155790063, "params": {"x0": 0.9969132557299644, "x1": 1.1800033070729097, "x2": 2.94245154324344, "x3": 1.719067992798262, "x4": 3.287745401658248, "x5": 5.930781813170061, "x6": 0.0454005546292943, "x7": -0.9613615629637733, "x8": 0.9125581463619594, "x9": 1.6471290832990886}, "datetime": {"datetime": "2025-05-17 22:39:01", "elapsed": 5052.090461, "delta": 3.936682}}
{"target": 3.5268936155790063, "params": {"x0": 0.9969132557299644, "x1": 1.1800033070729097, "x2": 2.94245154324344, "x3": 1.719067992798262, "x4": 3.287745401658248, "x5": 5.930781813170061, "x6": 0.0454005546292943, "x7": -0.9613615629637733, "x8": 0.9125581463619594, "x9": 1.6471290832990886}, "datetime": {"datetime": "2025-05-17 22:39:05", "elapsed": 5056.211008, "delta": 4.120547}}
{"target": 3.5268936155790063, "params": {"x0": 0.9969132557299644, "x1": 1.1800033070729097, "x2": 2.94245154324344, "x3": 1.719067992798262, "x4": 3.287745401658248, "x5": 5.930781813170061, "x6": 0.0454005546292943, "x7": -0.9613615629637733, "x8": 0.9125581463619594, "x9": 1.6471290832990886}, "datetime": {"datetime": "2025-05-17 22:39:10", "elapsed": 5061.126535, "delta": 4.915527}}
{"target": 3.5268936155790063, "params": {"x0": 0.9969132557299644, "x1": 1.1800033070729097, "x2": 2.94245154324344, "x3": 1.719067992798262, "x4": 3.287745401658248, "x5": 5.930781813170061, "x6": 0.0454005546292943, "x7": -0.9613615629637733, "x8": 0.9125581463619594, "x9": 1.6471290832990886}, "datetime": {"datetime": "2025-05-17 22:39:13", "elapsed": 5064.794241, "delta": 3.667706}}
{"target": 3.5268936155790063, "params": {"x0": 0.9969132557299644, "x1": 1.1800033070729097, "x2": 2.94245154324344, "x3": 1.719067992798262, "x4": 3.287745401658248, "x5": 5.930781813170061, "x6": 0.0454005546292943, "x7": -0.9613615629637733, "x8": 0.9125581463619594, "x9": 1.6471290832990886}, "datetime": {"datetime": "2025-05-17 22:39:17", "elapsed": 5068.464942, "delta": 3.670701}}
{"target": 3.5268936155790063, "params": {"x0": 0.9969132557299644, "x1": 1.1800033070729097, "x2": 2.94245154324344, "x3": 1.719067992798262, "x4": 3.287745401658248, "x5": 5.930781813170061, "x6": 0.0454005546292943, "x7": -0.9613615629637733, "x8": 0.9125581463619594, "x9": 1.6471290832990886}, "datetime": {"datetime": "2025-05-17 22:39:22", "elapsed": 5072.998095, "delta": 4.533153}}
{"target": 3.5268936155790063, "params": {"x0": 0.9969132557299644, "x1": 1.1800033070729097, "x2": 2.94245154324344, "x3": 1.719067992798262, "x4": 3.287745401658248, "x5": 5.930781813170061, "x6": 0.0454005546292943, "x7": -0.9613615629637733, "x8": 0.9125581463619594, "x9": 1.6471290832990886}, "datetime": {"datetime": "2025-05-17 22:39:26", "elapsed": 5077.072572, "delta": 4.074477}}
{"target": 3.5268936155790063, "params": {"x0": 0.9969132557299644, "x1": 1.1800033070729097, "x2": 2.94245154324344, "x3": 1.719067992798262, "x4": 3.287745401658248, "x5": 5.930781813170061, "x6": 0.0454005546292943, "x7": -0.9613615629637733, "x8": 0.9125581463619594, "x9": 1.6471290832990886}, "datetime": {"datetime": "2025-05-17 22:39:30", "elapsed": 5081.164153, "delta": 4.091581}}
{"target": 3.5268936155790063, "params": {"x0": 0.9969132557299644, "x1": 1.1800033070729097, "x2": 2.94245154324344, "x3": 1.719067992798262, "x4": 3.287745401658248, "x5": 5.930781813170061, "x6": 0.0454005546292943, "x7": -0.9613615629637733, "x8": 0.9125581463619594, "x9": 1.6471290832990886}, "datetime": {"datetime": "2025-05-17 22:39:34", "elapsed": 5085.201132, "delta": 4.036979}}
{"target": 3.5268936155790063, "params": {"x0": 0.9969132557299644, "x1": 1.1800033070729097, "x2": 2.94245154324344, "x3": 1.719067992798262, "x4": 3.287745401658248, "x5": 5.930781813170061, "x6": 0.0454005546292943, "x7": -0.9613615629637733, "x8": 0.9125581463619594, "x9": 1.6471290832990886}, "datetime": {"datetime": "2025-05-17 22:39:38", "elapsed": 5088.943966, "delta": 3.742834}}
{"target": 3.5268936155790063, "params": {"x0": 0.9969132557299644, "x1": 1.1800033070729097, "x2": 2.94245154324344, "x3": 1.719067992798262, "x4": 3.287745401658248, "x5": 5.930781813170061, "x6": 0.0454005546292943, "x7": -0.9613615629637733, "x8": 0.9125581463619594, "x9": 1.6471290832990886}, "datetime": {"datetime": "2025-05-17 22:39:41", "elapsed": 5092.84138, "delta": 3.897414}}
{"target": 3.5268936155790063, "params": {"x0": 0.9969132557299644, "x1": 1.1800033070729097, "x2": 2.94245154324344, "x3": 1.719067992798262, "x4": 3.287745401658248, "x5": 5.930781813170061, "x6": 0.0454005546292943, "x7": -0.9613615629637733, "x8": 0.9125581463619594, "x9": 1.6471290832990886}, "datetime": {"datetime": "2025-05-17 22:39:46", "elapsed": 5097.578036, "delta": 4.736656}}
{"target": 3.5268936155790063, "params": {"x0": 0.9969132557299644, "x1": 1.1800033070729097, "x2": 2.94245154324344, "x3": 1.719067992798262, "x4": 3.287745401658248, "x5": 5.930781813170061, "x6": 0.0454005546292943, "x7": -0.9613615629637733, "x8": 0.9125581463619594, "x9": 1.6471290832990886}, "datetime": {"datetime": "2025-05-17 22:39:51", "elapsed": 5102.656211, "delta": 5.078175}}
{"target": 3.5268936155790063, "params": {"x0": 0.9969132557299644, "x1": 1.1800033070729097, "x2": 2.94245154324344, "x3": 1.719067992798262, "x4": 3.287745401658248, "x5": 5.930781813170061, "x6": 0.0454005546292943, "x7": -0.9613615629637733, "x8": 0.9125581463619594, "x9": 1.6471290832990886}, "datetime": {"datetime": "2025-05-17 22:39:56", "elapsed": 5106.943719, "delta": 4.287508}}
{"target": 3.5268936155790063, "params": {"x0": 0.9969132557299644, "x1": 1.1800033070729097, "x2": 2.94245154324344, "x3": 1.719067992798262, "x4": 3.287745401658248, "x5": 5.930781813170061, "x6": 0.0454005546292943, "x7": -0.9613615629637733, "x8": 0.9125581463619594, "x9": 1.6471290832990886}, "datetime": {"datetime": "2025-05-17 22:39:59", "elapsed": 5110.45068, "delta": 3.506961}}
{"target": 3.5268936155790063, "params": {"x0": 0.9969132557299644, "x1": 1.1800033070729097, "x2": 2.94245154324344, "x3": 1.719067992798262, "x4": 3.287745401658248, "x5": 5.930781813170061, "x6": 0.0454005546292943, "x7": -0.9613615629637733, "x8": 0.9125581463619594, "x9": 1.6471290832990886}, "datetime": {"datetime": "2025-05-17 22:40:03", "elapsed": 5114.39532, "delta": 3.94464}}
{"target": 3.5268936155790063, "params": {"x0": 0.9969132557299644, "x1": 1.1800033070729097, "x2": 2.94245154324344, "x3": 1.719067992798262, "x4": 3.287745401658248, "x5": 5.930781813170061, "x6": 0.0454005546292943, "x7": -0.9613615629637733, "x8": 0.9125581463619594, "x9": 1.6471290832990886}, "datetime": {"datetime": "2025-05-17 22:40:07", "elapsed": 5117.937297, "delta": 3.541977}}
{"target": 3.5268936155790063, "params": {"x0": 0.9969132557299644, "x1": 1.1800033070729097, "x2": 2.94245154324344, "x3": 1.719067992798262, "x4": 3.287745401658248, "x5": 5.930781813170061, "x6": 0.0454005546292943, "x7": -0.9613615629637733, "x8": 0.9125581463619594, "x9": 1.6471290832990886}, "datetime": {"datetime": "2025-05-17 22:40:11", "elapsed": 5122.11364, "delta": 4.176343}}
{"target": 3.5268936155790063, "params": {"x0": 0.9969132557299644, "x1": 1.1800033070729097, "x2": 2.94245154324344, "x3": 1.719067992798262, "x4": 3.287745401658248, "x5": 5.930781813170061, "x6": 0.0454005546292943, "x7": -0.9613615629637733, "x8": 0.9125581463619594, "x9": 1.6471290832990886}, "datetime": {"datetime": "2025-05-17 22:40:14", "elapsed": 5125.281605, "delta": 3.167965}}
{"target": 3.5268936155790063, "params": {"x0": 0.9969132557299644, "x1": 1.1800033070729097, "x2": 2.94245154324344, "x3": 1.719067992798262, "x4": 3.287745401658248, "x5": 5.930781813170061, "x6": 0.0454005546292943, "x7": -0.9613615629637733, "x8": 0.9125581463619594, "x9": 1.6471290832990886}, "datetime": {"datetime": "2025-05-17 22:40:17", "elapsed": 5128.665296, "delta": 3.383691}}
{"target": 3.5268936155790063, "params": {"x0": 0.9969132557299644, "x1": 1.1800033070729097, "x2": 2.94245154324344, "x3": 1.719067992798262, "x4": 3.287745401658248, "x5": 5.930781813170061, "x6": 0.0454005546292943, "x7": -0.9613615629637733, "x8": 0.9125581463619594, "x9": 1.6471290832990886}, "datetime": {"datetime": "2025-05-17 22:40:22", "elapsed": 5133.144956, "delta": 4.47966}}
