{"target": 3.249127114310811, "params": {"x0": 0.9648571419430494, "x1": 1.588320451832609, "x2": 1.6031367007470905, "x3": 1.1858951135256501, "x4": 2.323384789337297, "x5": 4.630400461554684, "x6": 0.7264652782418871, "x7": -0.43870020483327643, "x8": 1.168568705711401, "x9": 1.7471226175745826}, "datetime": {"datetime": "2025-05-17 21:24:09", "elapsed": 560.862191, "delta": 8.67324}}
{"target": 3.1502302280682253, "params": {"x0": 0.9798312547546575, "x1": 1.281417594978135, "x2": 1.3719001978611207, "x3": 1.1827964867491025, "x4": 2.1487576585950436, "x5": 3.7144446794217507, "x6": 0.6860563232617768, "x7": -1.0661246394925463, "x8": 1.1286168957476397, "x9": 1.608742053758995}, "datetime": {"datetime": "2025-05-17 21:24:19", "elapsed": 570.321073, "delta": 9.458882}}
{"target": 3.079561060329963, "params": {"x0": 0.9623457282238324, "x1": 0.9, "x2": 2.1521137347016994, "x3": 1.3714731406842524, "x4": 2.641024833944135, "x5": 3.8171081156998277, "x6": 0.44636023210810594, "x7": 0.0, "x8": 0.8273195727673962, "x9": 1.8920249613471347}, "datetime": {"datetime": "2025-05-17 21:24:29", "elapsed": 580.655337, "delta": 10.334264}}
{"target": 0.06265017472604349, "params": {"x0": 0.9066000749713539, "x1": 0.9, "x2": 0.5363207287762484, "x3": 0.4480046401092216, "x4": 2.6005162074330808, "x5": 4.196194687828171, "x6": 0.28138274732256513, "x7": 0.0, "x8": 1.5086895238585927, "x9": 2.082971090536337}, "datetime": {"datetime": "2025-05-17 21:24:39", "elapsed": 590.850818, "delta": 10.195481}}
{"target": 3.150477040838124, "params": {"x0": 1.0107759093268391, "x1": 1.5059390123714522, "x2": 2.008598588012157, "x3": 1.4624630486201011, "x4": 2.4118036094207564, "x5": 3.8496872516146907, "x6": 1.2051153680031599, "x7": -0.5267498314953263, "x8": 0.8734526827731988, "x9": 1.5002274801295883}, "datetime": {"datetime": "2025-05-17 21:24:49", "elapsed": 600.117504, "delta": 9.266686}}
{"target": 3.280620725019663, "params": {"x0": 0.9994054806356163, "x1": 1.3434087959582106, "x2": 1.9191679713088343, "x3": 1.5848435101620397, "x4": 1.9260994166074823, "x5": 4.121122139106875, "x6": 0.3498265776777885, "x7": -0.44875638509997123, "x8": 0.9650705270923621, "x9": 1.4948221843977108}, "datetime": {"datetime": "2025-05-17 21:24:59", "elapsed": 610.626112, "delta": 10.508608}}
{"target": 3.3338601299195165, "params": {"x0": 0.9586634957478786, "x1": 1.2284456818494347, "x2": 2.224302478539068, "x3": 1.317377024615307, "x4": 2.599545263485172, "x5": 4.390352859882008, "x6": 0.4379156154345767, "x7": -1.05926355851505, "x8": 0.9461270343343248, "x9": 1.7270406995279863}, "datetime": {"datetime": "2025-05-17 21:25:09", "elapsed": 620.495068, "delta": 9.868956}}
{"target": 2.656732407371014, "params": {"x0": 0.9292619478708457, "x1": 1.7916071588506033, "x2": 1.740448937104529, "x3": 1.9873594598939293, "x4": 2.7819027230601674, "x5": 3.9803431454930736, "x6": 0.36849202745651033, "x7": -0.7425205232281538, "x8": 1.144587965696322, "x9": 1.8908810429804213}, "datetime": {"datetime": "2025-05-17 21:25:19", "elapsed": 630.280425, "delta": 9.785357}}
{"target": 2.9823126924235592, "params": {"x0": 0.932202102658549, "x1": 1.744043841672667, "x2": 2.4755960531715706, "x3": 0.7143928328645467, "x4": 1.9873720417799134, "x5": 3.923604969583306, "x6": 0.5465657626590046, "x7": -0.6764039063379413, "x8": 1.1384912311035102, "x9": 1.8744970086351778}, "datetime": {"datetime": "2025-05-17 21:25:29", "elapsed": 639.935116, "delta": 9.654691}}
{"target": 3.0575606660679946, "params": {"x0": 0.934848241967482, "x1": 0.9, "x2": 2.127246894917963, "x3": 1.4592754320669106, "x4": 1.6271547800333641, "x5": 4.674892631222838, "x6": 1.202635185525308, "x7": -0.9624230043727695, "x8": 1.119254811426592, "x9": 1.8597513777244588}, "datetime": {"datetime": "2025-05-17 21:25:38", "elapsed": 649.41457, "delta": 9.479454}}
{"target": 3.422931076477748, "params": {"x0": 0.9800972241502356, "x1": 1.355151201385759, "x2": 2.7258374445836235, "x3": 1.3941543708595514, "x4": 2.3120902022135272, "x5": 5.424863614347557, "x6": 0.577730554334437, "x7": -0.035927911763963614, "x8": 0.7903120349512844, "x9": 1.6076010891511612}, "datetime": {"datetime": "2025-05-17 21:25:48", "elapsed": 659.17679, "delta": 9.76222}}
{"target": 1.997711566211477, "params": {"x0": 0.998315893292239, "x1": 1.7252935961691893, "x2": 2.2995327234457514, "x3": 0.9990490466639153, "x4": 1.6630941140149829, "x5": 5.717767199559837, "x6": 0.3235958608554606, "x7": -1.2610583074912787, "x8": 0.6578692854757002, "x9": 1.5060774203308598}, "datetime": {"datetime": "2025-05-17 21:25:58", "elapsed": 668.986948, "delta": 9.810158}}
{"target": 2.9162762711131083, "params": {"x0": 0.9964940263780386, "x1": 1.0220230460806716, "x2": 3.1095116936077085, "x3": 1.0019914232328686, "x4": 3.2926413834327057, "x5": 4.9916133453320155, "x6": 1.4056578937496371, "x7": 0.0, "x8": 0.9095105094793103, "x9": 1.51622978721289}, "datetime": {"datetime": "2025-05-17 21:26:08", "elapsed": 678.928682, "delta": 9.941734}}
{"target": 3.381526736760823, "params": {"x0": 0.9948543461552584, "x1": 1.0553358616111805, "x2": 3.0711442687053, "x3": 1.747101023723566, "x4": 3.275900339069082, "x5": 5.000609381442637, "x6": 0.0, "x7": 0.0, "x8": 0.8975906620265077, "x9": 1.525366917406717}, "datetime": {"datetime": "2025-05-17 21:26:17", "elapsed": 688.601344, "delta": 9.672662}}
{"target": 3.2565467129999086, "params": {"x0": 0.9933786339547561, "x1": 1.0853173955886382, "x2": 2.415061302874115, "x3": 1.7118063584371646, "x4": 3.3884909889067103, "x5": 6.222898646990222, "x6": 0.712899509293588, "x7": 0.0, "x8": 0.8868627993189854, "x9": 1.5335903345811615}, "datetime": {"datetime": "2025-05-17 21:26:27", "elapsed": 698.112587, "delta": 9.511243}}
{"target": 2.7234979043962433, "params": {"x0": 0.9681439553261671, "x1": 1.5980016266031676, "x2": 2.4461389170450656, "x3": 1.6800411596794032, "x4": 3.2808509102373917, "x5": 5.156536780914956, "x6": 0.7018799207803732, "x7": 0.0, "x8": 0.7034163470203536, "x9": 1.5409914100381614}, "datetime": {"datetime": "2025-05-17 21:26:36", "elapsed": 707.694078, "delta": 9.581491}}
{"target": 3.5126912249418663, "params": {"x0": 0.9908551660918972, "x1": 1.1365858186900912, "x2": 2.977566119368326, "x3": 1.651452480797418, "x4": 3.183974839435005, "x5": 6.071271990788116, "x6": 0.0, "x7": -0.8115435998292649, "x8": 0.8685181540891223, "x9": 1.6675498003528608}, "datetime": {"datetime": "2025-05-17 21:26:46", "elapsed": 717.155964, "delta": 9.461886}}
{"target": 3.1894060673367797, "params": {"x0": 0.9999994167423095, "x1": 0.9508052433987736, "x2": 3.191535492935323, "x3": 1.8701558742446045, "x4": 2.442872897796749, "x5": 6.6207191107625905, "x6": 0.0, "x7": -0.15227026497375884, "x8": 0.9349933553562844, "x9": 1.7185062048743056}, "datetime": {"datetime": "2025-05-17 21:26:55", "elapsed": 726.514459, "delta": 9.358495}}
{"target": 3.2415029042873966, "params": {"x0": 0.9990849916772683, "x1": 0.9693833009279054, "x2": 3.170138555578623, "x3": 1.4546194266949501, "x4": 3.850966586909436, "x5": 6.565774398765143, "x6": 0.0, "x7": -0.21819759845930942, "x8": 0.9283458352295682, "x9": 1.713410564422161}, "datetime": {"datetime": "2025-05-17 21:27:05", "elapsed": 736.024486, "delta": 9.510027}}
{"target": 3.4746158340942612, "params": {"x0": 0.9982620091187312, "x1": 0.986103552704124, "x2": 3.150881311957593, "x3": 1.8286022294896391, "x4": 3.784267412161993, "x5": 5.626219823608792, "x6": 0.47584826244906625, "x7": -1.345555001062225, "x8": 0.9223630671155235, "x9": 1.708824488015231}, "datetime": {"datetime": "2025-05-17 21:27:14", "elapsed": 745.346658, "delta": 9.322172}}
{"target": 3.3773581219922657, "params": {"x0": 0.9975213248160478, "x1": 1.0011517793027207, "x2": 3.1335497926986666, "x3": 1.810887254620417, "x4": 2.7913141683313714, "x5": 5.670725040326724, "x6": 0.42826343620415963, "x7": -0.5699023702203886, "x8": 0.9169785758128834, "x9": 1.704697019248994}, "datetime": {"datetime": "2025-05-17 21:27:23", "elapsed": 754.579773, "delta": 9.233115}}
{"target": 3.468633618054627, "params": {"x0": 0.9968547089436327, "x1": 1.0146951832414577, "x2": 2.837180813371019, "x3": 1.5079611843567189, "x4": 3.670211823343865, "x5": 6.431764246203369, "x6": 0.3854370925837437, "x7": -1.2440928348279625, "x8": 0.9121325336405073, "x9": 1.634117303346341}, "datetime": {"datetime": "2025-05-17 21:27:32", "elapsed": 763.85122, "delta": 9.271447}}
{"target": 3.495019016227053, "params": {"x0": 0.9962547546584591, "x1": 1.026884246786321, "x2": 2.85121934397075, "x3": 1.5223103140007888, "x4": 3.621588124952979, "x5": 5.746828960914388, "x6": 0.0, "x7": -1.2008379113280927, "x8": 0.9077710956853688, "x9": 1.6374605530469928}, "datetime": {"datetime": "2025-05-17 21:27:42", "elapsed": 773.172728, "delta": 9.321508}}
{"target": 3.4844354298365494, "params": {"x0": 0.9859955363819913, "x1": 1.0378544039766981, "x2": 3.091278217226144, "x3": 1.7676804309143843, "x4": 3.577826796401182, "x5": 6.363270717674471, "x6": 0.0, "x7": -1.16190848017821, "x8": 0.9038458015257441, "x9": 1.6404694777775797}, "datetime": {"datetime": "2025-05-17 21:27:51", "elapsed": 782.34503, "delta": 9.172302}}
{"target": 3.4370902752295613, "params": {"x0": 0.9952288328308124, "x1": 1.0477275454480375, "x2": 2.875225231296289, "x3": 1.5468473256921484, "x4": 2.8295080781654462, "x5": 5.808473136590396, "x6": 0.0, "x7": -0.4962152075152144, "x8": 0.900313036782082, "x9": 1.6431775100351078}, "datetime": {"datetime": "2025-05-17 21:28:00", "elapsed": 791.813105, "delta": 9.468075}}
{"target": 3.449777744556399, "params": {"x0": 0.9947914661569208, "x1": 1.0566133727722429, "x2": 2.885459320103493, "x3": 1.7455971203921608, "x4": 3.5029949245776084, "x5": 5.994624592514576, "x6": 0.2528852764441943, "x7": -0.6463445431228552, "x8": 0.897133548512786, "x9": 1.6894848616388385}, "datetime": {"datetime": "2025-05-17 21:28:10", "elapsed": 801.135943, "delta": 9.322838}}
{"target": 3.4693109429628337, "params": {"x0": 0.9873124960333758, "x1": 1.2085610200161547, "x2": 3.0604622387066756, "x3": 1.5667223051621495, "x4": 3.188788812788277, "x5": 6.2841390626882685, "x6": 0.22759674879977487, "x7": -0.556127602054884, "x8": 0.8942720090704196, "x9": 1.647808245195481}, "datetime": {"datetime": "2025-05-17 21:28:19", "elapsed": 810.53603, "delta": 9.400087}}
{"target": 3.4972900969472427, "params": {"x0": 0.987666763039228, "x1": 1.071808137496634, "x2": 3.0521726267728404, "x3": 1.5751953227256763, "x4": 3.2944970189887774, "x5": 5.879691626077978, "x6": 0.20483707391979739, "x7": -1.041417997826208, "x8": 0.8453396846059547, "x9": 1.649782400711219}, "datetime": {"datetime": "2025-05-17 21:28:28", "elapsed": 819.769162, "delta": 9.233132}}
{"target": 3.487866537350832, "params": {"x0": 0.9937247288392994, "x1": 1.0782859056159797, "x2": 2.9104202627042626, "x3": 1.7200839230619855, "x4": 3.016857018855971, "x5": 6.24369431902724, "x6": 0.18435336652781764, "x7": -1.0184305580265136, "x8": 0.8893787766239731, "x9": 1.6835404600303385}, "datetime": {"datetime": "2025-05-17 21:28:38", "elapsed": 829.12876, "delta": 9.359598}}
{"target": 3.5248451743587426, "params": {"x0": 0.9934377725645592, "x1": 1.1890557404567916, "x2": 2.917134848370669, "x3": 1.7132207788355287, "x4": 3.3108296243429804, "x5": 5.9160918953729045, "x6": 0.13178401017344096, "x7": -0.9977418622067886, "x8": 0.8872927143704881, "x9": 1.6531582066431307}, "datetime": {"datetime": "2025-05-17 21:28:47", "elapsed": 838.460193, "delta": 9.331433}}
{"target": 3.5220162082102453, "params": {"x0": 0.9956329880663219, "x1": 1.1444563069550964, "x2": 2.9685014287186773, "x3": 1.7657238321679227, "x4": 3.1474745999157623, "x5": 5.784188814269974, "x6": 0.0, "x7": -1.1560103852276837, "x8": 0.9032510906096489, "x9": 1.6653910612964011}, "datetime": {"datetime": "2025-05-17 21:28:56", "elapsed": 847.696455, "delta": 9.236262}}
{"target": 3.513171724880355, "params": {"x0": 0.9954134665161457, "x1": 1.2291952306083174, "x2": 2.9633647706838766, "x3": 1.665968030836374, "x4": 3.4746615120903916, "x5": 6.034804668365541, "x6": 0.0033206864324667462, "x7": -1.1401835329255943, "x8": 0.9016552529857329, "x9": 1.6641677758310742}, "datetime": {"datetime": "2025-05-17 21:29:06", "elapsed": 857.107597, "delta": 9.411142}}
{"target": 3.5226259184936715, "params": {"x0": 0.995215897120987, "x1": 1.1529301993204184, "x2": 2.8755279182887823, "x3": 1.7557482520347678, "x4": 3.38260301013601, "x5": 6.022933391066277, "x6": 0.016167018806564168, "x7": -1.1259393658537138, "x8": 0.8743664296167677, "x9": 1.6432495943739815}, "datetime": {"datetime": "2025-05-17 21:29:15", "elapsed": 866.684926, "delta": 9.577329}}
{"target": 3.523397203830383, "params": {"x0": 0.9950380846653443, "x1": 1.1565427534340558, "x2": 2.9545810854443673, "x3": 1.751495504714844, "x4": 3.4435334534183837, "x5": 5.8199345492488685, "x6": 0.02772871794325185, "x7": -0.9643338746214812, "x8": 0.8989263706488364, "x9": 1.6442404556008965}, "datetime": {"datetime": "2025-05-17 21:29:25", "elapsed": 876.10245, "delta": 9.417524}}
{"target": 3.524134812268289, "params": {"x0": 0.9948780534552658, "x1": 1.1597940521363292, "x2": 2.9508364617369973, "x3": 1.7476680321269125, "x4": 3.3173873339406446, "x5": 6.0026335068845365, "x6": 0.22543377318061117, "x7": -1.101581840160798, "x8": 0.8977630050210016, "x9": 1.64513223070512}, "datetime": {"datetime": "2025-05-17 21:29:34", "elapsed": 885.502213, "delta": 9.399763}}
{"target": 3.5245123819515993, "params": {"x0": 0.9947340253661952, "x1": 1.1627202209683756, "x2": 2.886803396340974, "x3": 1.6822182508732832, "x4": 3.2410025525747033, "x5": 5.993979345733373, "x6": 0.047499223466987775, "x7": -0.9929494626746079, "x8": 0.8967159759559502, "x9": 1.645934828298921}, "datetime": {"datetime": "2025-05-17 21:29:44", "elapsed": 894.995759, "delta": 9.493546}}
{"target": 3.5245725162579404, "params": {"x0": 0.9946044000860316, "x1": 1.212757707996366, "x2": 2.944433155197395, "x3": 1.7411230540015497, "x4": 3.2140885329470117, "x5": 5.986190600697326, "x6": 0.055927702137633095, "x7": -0.913631480064041, "x8": 0.8957736497974039, "x9": 1.646657166133342}, "datetime": {"datetime": "2025-05-17 21:29:53", "elapsed": 904.303426, "delta": 9.307667}}
{"target": 3.5240653179405195, "params": {"x0": 0.9923878077952342, "x1": 1.1677239696711745, "x2": 2.9417033245147226, "x3": 1.7383328264849476, "x4": 3.334980988965018, "x5": 5.8530030605809245, "x6": 0.06351333294121388, "x7": -1.0734412061352614, "x8": 0.8949255562547124, "x9": 1.6590091431019405}, "datetime": {"datetime": "2025-05-17 21:30:02", "elapsed": 913.798052, "delta": 9.494626}}
{"target": 3.5224941241316334, "params": {"x0": 0.9943827408569518, "x1": 1.1698571467497363, "x2": 2.895023219841021, "x3": 1.7358216217200055, "x4": 3.2324693403122455, "x5": 5.8593119440601225, "x6": 0.19322761968244534, "x7": -1.0658712717424141, "x8": 0.89416227206629, "x9": 1.6478923638302019}, "datetime": {"datetime": "2025-05-17 21:30:12", "elapsed": 923.17971, "delta": 9.381658}}
{"target": 3.5236623685482167, "params": {"x0": 0.9942882440277125, "x1": 1.2063344747931415, "x2": 2.897234382693986, "x3": 1.7335615374315578, "x4": 3.381353879970642, "x5": 5.967193851554408, "x6": 0.1870832587315449, "x7": -1.0199824581438937, "x8": 0.8934753162967097, "x9": 1.6484189481114948}, "datetime": {"datetime": "2025-05-17 21:30:21", "elapsed": 932.446862, "delta": 9.267152}}
{"target": 3.522330340810163, "params": {"x0": 0.9942031968813972, "x1": 1.1735048795540768, "x2": 2.8992244292616545, "x3": 1.731527461571955, "x4": 3.247357794278085, "x5": 5.962083655936258, "x6": 0.18155333387573452, "x7": -0.942557040482932, "x8": 0.8817283726368885, "x9": 1.657423539321603}, "datetime": {"datetime": "2025-05-17 21:30:31", "elapsed": 942.120787, "delta": 9.673925}}
{"target": 3.525116013233599, "params": {"x0": 0.9941266544497134, "x1": 1.1750599656443483, "x2": 2.9332542255687826, "x3": 1.7296967932983123, "x4": 3.3679542714013864, "x5": 5.9574844798799225, "x6": 0.08699161884137677, "x7": -0.9534243994324433, "x8": 0.8923006219307277, "x9": 1.6493194072325057}, "datetime": {"datetime": "2025-05-17 21:30:40", "elapsed": 951.538079, "delta": 9.417292}}
{"target": 3.5254024743118038, "params": {"x0": 0.9947122040520944, "x1": 1.1631635570537715, "x2": 2.946955696187179, "x3": 1.7437014055916784, "x4": 3.3193983214017417, "x5": 5.992668176710888, "x6": 0.0489180862091222, "x7": -0.99590823189005, "x8": 0.8965573433569313, "x9": 1.6460564277334744}, "datetime": {"datetime": "2025-05-17 21:30:50", "elapsed": 961.003033, "delta": 9.464954}}
{"target": 3.525640914274339, "params": {"x0": 0.9952977536544754, "x1": 1.1750599656443483, "x2": 2.9332542255687826, "x3": 1.7577060178850445, "x4": 3.353387486401493, "x5": 6.027851873541853, "x6": 0.01084455357686763, "x7": -0.9658166253169245, "x8": 0.9008140647831349, "x9": 1.6493194072325057}, "datetime": {"datetime": "2025-05-17 21:30:59", "elapsed": 970.104849, "delta": 9.101816}}
{"target": 3.524795458093032, "params": {"x0": 0.9958833032568564, "x1": 1.183387451657752, "x2": 2.923663196135905, "x3": 1.7717106301784107, "x4": 3.329595070901667, "x5": 6.0630355703728185, "x6": 0.0489180862091222, "x7": -0.9447525007157367, "x8": 0.9050707862093385, "x9": 1.6470353215831837}, "datetime": {"datetime": "2025-05-17 21:31:08", "elapsed": 979.341987, "delta": 9.237138}}
{"target": 3.5259135301057047, "params": {"x0": 0.9958247482966183, "x1": 1.1825547030564116, "x2": 2.924622299079193, "x3": 1.745101866821015, "x4": 3.3319743124516497, "x5": 5.996186546393984, "x6": 0.0, "x7": -0.9468589131758555, "x8": 0.9046451140667181, "x9": 1.6513750843168955}, "datetime": {"datetime": "2025-05-17 21:31:17", "elapsed": 988.58322, "delta": 9.241233}}
{"target": 3.5256226423639414, "params": {"x0": 0.9962726937424398, "x1": 1.1761841762561578, "x2": 2.9172851615630417, "x3": 1.75581539522544, "x4": 3.313773114594283, "x5": 5.969271018318295, "x6": 0.0, "x7": -0.9307448578559467, "x8": 0.9079015059577639, "x9": 1.6531224098386268}, "datetime": {"datetime": "2025-05-17 21:31:26", "elapsed": 997.741089, "delta": 9.157869}}
{"target": 3.526019256788367, "params": {"x0": 0.9962278991978576, "x1": 1.18828817717664, "x2": 2.931225722843729, "x3": 1.7354596912570324, "x4": 3.315593234380019, "x5": 5.971962571125864, "x6": 0.0, "x7": -0.9613615629637733, "x8": 0.9075758667686593, "x9": 1.6498024913473373}, "datetime": {"datetime": "2025-05-17 21:31:36", "elapsed": 1007.081857, "delta": 9.340768}}
{"target": 3.5266707954082324, "params": {"x0": 0.996570577463911, "x1": 1.1834147241744457, "x2": 2.9368386330435845, "x3": 1.7272638420276472, "x4": 3.3016693180191337, "x5": 5.9513721921479625, "x6": 0.024540840340159086, "x7": -0.9736888152835035, "x8": 0.9100670065653094, "x9": 1.648465787323213}, "datetime": {"datetime": "2025-05-17 21:31:45", "elapsed": 1016.461125, "delta": 9.379268}}
{"target": 3.5268936155790063, "params": {"x0": 0.9969132557299644, "x1": 1.1800033070729097, "x2": 2.94245154324344, "x3": 1.719067992798262, "x4": 3.287745401658248, "x5": 5.930781813170061, "x6": 0.04540055462929431, "x7": -0.9613615629637733, "x8": 0.9125581463619594, "x9": 1.6471290832990886}, "datetime": {"datetime": "2025-05-17 21:31:54", "elapsed": 1025.642263, "delta": 9.181138}}
{"target": 3.5266107091288292, "params": {"x0": 0.9972559339960178, "x1": 1.1765918899713737, "x2": 2.948064453443296, "x3": 1.7108721435688767, "x4": 3.2738214852973626, "x5": 5.910191434192159, "x6": 0.024540840340159083, "x7": -0.9527324863399622, "x8": 0.9150492861586095, "x9": 1.6457923792749642}, "datetime": {"datetime": "2025-05-17 21:32:04", "elapsed": 1034.897484, "delta": 9.255221}}
{"target": 3.5264071833819415, "params": {"x0": 0.9972216661694124, "x1": 1.1769330316815274, "x2": 2.93739992406357, "x3": 1.7264442571047087, "x4": 3.300276926383045, "x5": 5.949313154250172, "x6": 0.064174297489516, "x7": -0.9691277319252033, "x8": 0.9148001721789445, "x9": 1.6459260496773767}, "datetime": {"datetime": "2025-05-17 21:32:13", "elapsed": 1044.168494, "delta": 9.27101}}
{"target": 3.526723596177715, "params": {"x0": 0.9971908251254676, "x1": 1.1827665549251538, "x2": 2.946998000505323, "x3": 1.7124293549224598, "x4": 3.2990237739105654, "x5": 5.91410360619796, "x6": 0.028504186055094773, "x7": -0.9543720108984863, "x8": 0.9105403231266729, "x9": 1.6460463530395477}, "datetime": {"datetime": "2025-05-17 21:32:22", "elapsed": 1053.368402, "delta": 9.199908}}
{"target": 3.5263958046003525, "params": {"x0": 0.9971630681859173, "x1": 1.17751638400589, "x2": 2.9383597317077452, "x3": 1.7250427668864838, "x4": 3.2775948666311625, "x5": 5.945792199444951, "x6": 0.06060728634607389, "x7": -0.9676521598225316, "x8": 0.9143741872737173, "x9": 1.6481035405326754}, "datetime": {"datetime": "2025-05-17 21:32:31", "elapsed": 1062.695676, "delta": 9.327274}}
{"target": 3.526639314422592, "params": {"x0": 0.997138086940322, "x1": 1.177765076312592, "x2": 2.9461341736255653, "x3": 1.7244452894776616, "x4": 3.278609920133871, "x5": 5.917272465522659, "x6": 0.03171449608419268, "x7": -0.9670231001366557, "x8": 0.9109237095413774, "x9": 1.6462520717888605}, "datetime": {"datetime": "2025-05-17 21:32:40", "elapsed": 1071.862866, "delta": 9.16719}}
{"target": 3.526541225204492, "params": {"x0": 0.9971156038192862, "x1": 1.1820177147571957, "x2": 2.9391371758995275, "x3": 1.7142284257868023, "x4": 3.2959673350301877, "x5": 5.9186234002874, "x6": 0.03308310193870285, "x7": -0.956266179508179, "x8": 0.9140291395004833, "x9": 1.6463397729398834}, "datetime": {"datetime": "2025-05-17 21:32:50", "elapsed": 1081.159922, "delta": 9.297056}}
