{"target": 3.5268936155790063, "params": {"x0": 0.9969132569654596, "x1": 1.180003294968138, "x2": 2.9424515543633247, "x3": 1.719068010235722, "x4": 3.2877454657941994, "x5": 5.930781821150909, "x6": 0.04540045795738221, "x7": -0.9613615939082143, "x8": 0.9125581575570146, "x9": 1.6471290788075899}, "datetime": {"datetime": "2025-05-17 21:50:25", "elapsed": 2136.705383, "delta": 9.783467}}
{"target": 3.5268936155790063, "params": {"x0": 0.9969132571321235, "x1": 1.1800033097540734, "x2": 2.9424515263858093, "x3": 1.7190680219739511, "x4": 3.28774543896481, "x5": 5.930781757043137, "x6": 0.045400467078706715, "x7": -0.9613615924742536, "x8": 0.9125581561662673, "x9": 1.6471290803446017}, "datetime": {"datetime": "2025-05-17 21:50:35", "elapsed": 2146.571665, "delta": 9.866282}}
{"target": 3.5268936155790063, "params": {"x0": 0.996913257040722, "x1": 1.1800033103273717, "x2": 2.942451523982595, "x3": 1.7190680234114095, "x4": 3.287745423174777, "x5": 5.930781822551389, "x6": 0.04540047807734071, "x7": -0.9613615944556273, "x8": 0.9125581546692823, "x9": 1.6471290805117755}, "datetime": {"datetime": "2025-05-17 21:50:45", "elapsed": 2156.545839, "delta": 9.974174}}
{"target": 3.5268936155790063, "params": {"x0": 0.9969132567673765, "x1": 1.1800033088490447, "x2": 2.942451525599868, "x3": 1.7190680031882513, "x4": 3.2877454509854935, "x5": 5.930781854307823, "x6": 0.04540048630391199, "x7": -0.9613615636109686, "x8": 0.9125581531363846, "x9": 1.6471290785727006}, "datetime": {"datetime": "2025-05-17 21:50:55", "elapsed": 2166.558374, "delta": 10.012535}}
{"target": 3.5268936155790063, "params": {"x0": 0.9969132567669469, "x1": 1.1800033053134706, "x2": 2.9424515376256983, "x3": 1.7190680165361927, "x4": 3.2877454337994836, "x5": 5.930781775122938, "x6": 0.0454004957563763, "x7": -0.961361570300895, "x8": 0.9125581542654344, "x9": 1.647129080829321}, "datetime": {"datetime": "2025-05-17 21:51:05", "elapsed": 2176.437104, "delta": 9.87873}}
{"target": 3.5268936155790063, "params": {"x0": 0.9969132564298389, "x1": 1.1800033020924168, "x2": 2.942451531999459, "x3": 1.7190680110528473, "x4": 3.287745432343495, "x5": 5.930781816979434, "x6": 0.0454005091815512, "x7": -0.9613615737529451, "x8": 0.9125581528874541, "x9": 1.6471290799320533}, "datetime": {"datetime": "2025-05-17 21:51:15", "elapsed": 2186.234896, "delta": 9.797792}}
{"target": 3.5268936155790063, "params": {"x0": 0.9969132561995252, "x1": 1.180003314019213, "x2": 2.9424515292821174, "x3": 1.719067999303461, "x4": 3.287745431016918, "x5": 5.93078183031208, "x6": 0.045400511318748914, "x7": -0.9613615815824004, "x8": 0.9125581499513005, "x9": 1.647129080445791}, "datetime": {"datetime": "2025-05-17 21:51:25", "elapsed": 2196.517623, "delta": 10.282727}}
{"target": 3.5268936155790063, "params": {"x0": 0.9969132563791022, "x1": 1.1800033086115937, "x2": 2.9424515358554046, "x3": 1.7190680091965687, "x4": 3.2877454264995043, "x5": 5.930781766172338, "x6": 0.045400513700361085, "x7": -0.9613615718914199, "x8": 0.912558151876793, "x9": 1.6471290805182726}, "datetime": {"datetime": "2025-05-17 21:51:35", "elapsed": 2206.350319, "delta": 9.832696}}
{"target": 3.5268936155790063, "params": {"x0": 0.9969132559740289, "x1": 1.1800033123133862, "x2": 2.9424515318388758, "x3": 1.7190680101545428, "x4": 3.287745415589578, "x5": 5.930781808339377, "x6": 0.04540051299600045, "x7": -0.961361570384668, "x8": 0.9125581505040135, "x9": 1.6471290810132677}, "datetime": {"datetime": "2025-05-17 21:51:45", "elapsed": 2215.971672, "delta": 9.621353}}
{"target": 3.5268936155790063, "params": {"x0": 0.9969132561980941, "x1": 1.1800033045703822, "x2": 2.9424515348536913, "x3": 1.7190680024789398, "x4": 3.28774541331495, "x5": 5.930781786603354, "x6": 0.045400519202271124, "x7": -0.9613615724356732, "x8": 0.9125581506062952, "x9": 1.6471290807522603}, "datetime": {"datetime": "2025-05-17 21:51:55", "elapsed": 2226.0163, "delta": 10.044628}}
{"target": 3.5268936155790063, "params": {"x0": 0.9969132562292465, "x1": 1.180003302737961, "x2": 2.9424515339136463, "x3": 1.7190680014857223, "x4": 3.2877454234472787, "x5": 5.930781825254062, "x6": 0.04540052235365833, "x7": -0.9613615748645137, "x8": 0.9125581497946443, "x9": 1.6471290834798893}, "datetime": {"datetime": "2025-05-17 21:52:05", "elapsed": 2236.253381, "delta": 10.237081}}
{"target": 3.5268936155790063, "params": {"x0": 0.9969132561724575, "x1": 1.180003310965893, "x2": 2.9424515431374334, "x3": 1.7190680021054072, "x4": 3.2877454207301504, "x5": 5.930781837150761, "x6": 0.045400523696968544, "x7": -0.9613615715402951, "x8": 0.9125581492778504, "x9": 1.647129081510445}, "datetime": {"datetime": "2025-05-17 21:52:15", "elapsed": 2246.137807, "delta": 9.884426}}
{"target": 3.5268936155790063, "params": {"x0": 0.9969132560238461, "x1": 1.1800033106057652, "x2": 2.9424515400871187, "x3": 1.7190680039200144, "x4": 3.287745418088427, "x5": 5.930781807855421, "x6": 0.045400534598225135, "x7": -0.9613615732465208, "x8": 0.9125581494501244, "x9": 1.6471290822306304}, "datetime": {"datetime": "2025-05-17 21:52:25", "elapsed": 2256.14702, "delta": 10.009213}}
{"target": 3.5268936155790063, "params": {"x0": 0.9969132561481623, "x1": 1.1800033059661925, "x2": 2.94245153796946, "x3": 1.719068000623065, "x4": 3.2877454159676813, "x5": 5.9307818100624, "x6": 0.045400536576950076, "x7": -0.9613615726575159, "x8": 0.9125581489089836, "x9": 1.647129081643758}, "datetime": {"datetime": "2025-05-17 21:52:35", "elapsed": 2266.20566, "delta": 10.05864}}
{"target": 3.5268936155790063, "params": {"x0": 0.9969132558580968, "x1": 1.1800033079226988, "x2": 2.9424515423412227, "x3": 1.719068001633821, "x4": 3.287745414093026, "x5": 5.930781804304962, "x6": 0.0454005333736923, "x7": -0.961361572011721, "x8": 0.9125581485964223, "x9": 1.647129082047179}, "datetime": {"datetime": "2025-05-17 21:52:45", "elapsed": 2276.093301, "delta": 9.887641}}
{"target": 3.5268936155790063, "params": {"x0": 0.9969132559985286, "x1": 1.1800033043000648, "x2": 2.942451540178189, "x3": 1.7190679971764706, "x4": 3.287745408325268, "x5": 5.930781799834141, "x6": 0.04540053360779746, "x7": -0.961361570259336, "x8": 0.9125581487714245, "x9": 1.6471290821526903}, "datetime": {"datetime": "2025-05-17 21:52:55", "elapsed": 2286.308244, "delta": 10.214943}}
{"target": 3.5268936155790063, "params": {"x0": 0.9969132558686463, "x1": 1.180003307347239, "x2": 2.942451538764969, "x3": 1.7190679982128663, "x4": 3.287745413879382, "x5": 5.930781795443718, "x6": 0.045400536815008094, "x7": -0.9613615696407883, "x8": 0.912558148195148, "x9": 1.6471290821920506}, "datetime": {"datetime": "2025-05-17 21:53:05", "elapsed": 2296.21592, "delta": 9.907676}}
{"target": 3.5268936155790063, "params": {"x0": 0.9969132560009896, "x1": 1.18000330891186, "x2": 2.942451543963323, "x3": 1.7190679957551138, "x4": 3.287745405066205, "x5": 5.930781820406092, "x6": 0.045400538801235506, "x7": -0.9613615689052261, "x8": 0.9125581480761614, "x9": 1.6471290823425893}, "datetime": {"datetime": "2025-05-17 21:53:15", "elapsed": 2306.105412, "delta": 9.889492}}
{"target": 3.5268936155790063, "params": {"x0": 0.9969132559192933, "x1": 1.1800033084214192, "x2": 2.942451543027583, "x3": 1.7190679987002968, "x4": 3.2877454025992128, "x5": 5.930781812210807, "x6": 0.04540054212972312, "x7": -0.9613615683321465, "x8": 0.9125581479590057, "x9": 1.6471290827656948}, "datetime": {"datetime": "2025-05-17 21:53:25", "elapsed": 2316.081805, "delta": 9.976393}}
{"target": 3.5268936155790063, "params": {"x0": 0.9969132558679163, "x1": 1.1800033076640282, "x2": 2.942451540102977, "x3": 1.7190679970217595, "x4": 3.2877454100844896, "x5": 5.9307818202482805, "x6": 0.04540054229257453, "x7": -0.9613615683167815, "x8": 0.912558146206634, "x9": 1.6471290825835379}, "datetime": {"datetime": "2025-05-17 21:53:35", "elapsed": 2326.123135, "delta": 10.04133}}
{"target": 3.5268936155790063, "params": {"x0": 0.9969132558564091, "x1": 1.180003308628553, "x2": 2.942451544781589, "x3": 1.7190679973488452, "x4": 3.2877454092419276, "x5": 5.930781807314999, "x6": 0.045400542447121675, "x7": -0.9613615654442589, "x8": 0.9125581474231379, "x9": 1.647129082662203}, "datetime": {"datetime": "2025-05-17 21:53:45", "elapsed": 2336.335391, "delta": 10.212256}}
{"target": 3.5268936155790063, "params": {"x0": 0.9969132558875763, "x1": 1.180003306801682, "x2": 2.9424515403953544, "x3": 1.7190679971942482, "x4": 3.287745409063766, "x5": 5.930781816779336, "x6": 0.045400549331924375, "x7": -0.9613615675608725, "x8": 0.9125581473120479, "x9": 1.647129082681702}, "datetime": {"datetime": "2025-05-17 21:53:55", "elapsed": 2346.206567, "delta": 9.871176}}
{"target": 3.5268936155790063, "params": {"x0": 0.9969132558702817, "x1": 1.1800033059502935, "x2": 2.942451541265647, "x3": 1.7190679967502063, "x4": 3.2877454018322907, "x5": 5.9307818167495, "x6": 0.045400546490286874, "x7": -0.9613615671194157, "x8": 0.9125581473586469, "x9": 1.6471290829113152}, "datetime": {"datetime": "2025-05-17 21:54:05", "elapsed": 2355.943196, "delta": 9.736629}}
{"target": 3.5268936155790063, "params": {"x0": 0.9969132558469253, "x1": 1.1800033082799135, "x2": 2.9424515416133517, "x3": 1.7190679933391908, "x4": 3.2877454059266134, "x5": 5.930781815327654, "x6": 0.04540054584386502, "x7": -0.961361566247574, "x8": 0.9125581471717394, "x9": 1.6471290827491916}, "datetime": {"datetime": "2025-05-17 21:54:14", "elapsed": 2365.799081, "delta": 9.855885}}
{"target": 3.5268936155790063, "params": {"x0": 0.996913255788124, "x1": 1.180003307598368, "x2": 2.9424515411698837, "x3": 1.71906799568076, "x4": 3.287745405586948, "x5": 5.930781817056472, "x6": 0.04540054678065077, "x7": -0.9613615641890028, "x8": 0.9125581472349089, "x9": 1.647129082798005}, "datetime": {"datetime": "2025-05-17 21:54:24", "elapsed": 2375.507559, "delta": 9.708478}}
{"target": 3.5268936155790063, "params": {"x0": 0.9969132558192262, "x1": 1.1800033075517513, "x2": 2.9424515416686483, "x3": 1.7190679956021422, "x4": 3.287745403523438, "x5": 5.930781817952008, "x6": 0.04540054813525897, "x7": -0.9613615636389271, "x8": 0.9125581471897577, "x9": 1.647129082909378}, "datetime": {"datetime": "2025-05-17 21:54:34", "elapsed": 2385.540576, "delta": 10.033017}}
{"target": 3.5268936155790063, "params": {"x0": 0.9969132558140665, "x1": 1.1800033078383536, "x2": 2.942451543601112, "x3": 1.7190679949317744, "x4": 3.2877454045248085, "x5": 5.930781816787806, "x6": 0.045400548297367734, "x7": -0.9613615646544518, "x8": 0.9125581470326215, "x9": 1.6471290829576426}, "datetime": {"datetime": "2025-05-17 21:54:44", "elapsed": 2395.463229, "delta": 9.922653}}
{"target": 3.5268936155790063, "params": {"x0": 0.9969132558165472, "x1": 1.1800033061710216, "x2": 2.9424515417914536, "x3": 1.7190679948065104, "x4": 3.28774540495977, "x5": 5.930781810176453, "x6": 0.04540055038714925, "x7": -0.9613615644653822, "x8": 0.9125581470610642, "x9": 1.647129082977567}, "datetime": {"datetime": "2025-05-17 21:54:54", "elapsed": 2405.516237, "delta": 10.053008}}
{"target": 3.5268936155790063, "params": {"x0": 0.9969132557478568, "x1": 1.1800033063338349, "x2": 2.9424515424075235, "x3": 1.7190679945103133, "x4": 3.2877454050309423, "x5": 5.9307818086592, "x6": 0.045400549792679566, "x7": -0.9613615650734282, "x8": 0.9125581464780285, "x9": 1.6471290830111165}, "datetime": {"datetime": "2025-05-17 21:55:04", "elapsed": 2415.623118, "delta": 10.106881}}
{"target": 3.5268936155790063, "params": {"x0": 0.9969132557511549, "x1": 1.1800033077928698, "x2": 2.9424515426096716, "x3": 1.7190679946047183, "x4": 3.287745403661641, "x5": 5.93078181291204, "x6": 0.045400550483511416, "x7": -0.961361563730909, "x8": 0.9125581467017438, "x9": 1.6471290830151968}, "datetime": {"datetime": "2025-05-17 21:55:14", "elapsed": 2425.489602, "delta": 9.866484}}
{"target": 3.5268936155790063, "params": {"x0": 0.9969132557480961, "x1": 1.1800033069907616, "x2": 2.94245154216643, "x3": 1.7190679928898378, "x4": 3.2877454044782546, "x5": 5.930781809444416, "x6": 0.04540055082431266, "x7": -0.9613615642856254, "x8": 0.9125581468383388, "x9": 1.647129083067791}, "datetime": {"datetime": "2025-05-17 21:55:24", "elapsed": 2435.404558, "delta": 9.914956}}
{"target": 3.5268936155790063, "params": {"x0": 0.9969132557304285, "x1": 1.180003306807476, "x2": 2.9424515423389916, "x3": 1.719067993747095, "x4": 3.2877454039905714, "x5": 5.930781809701912, "x6": 0.04540055154739418, "x7": -0.961361564566817, "x8": 0.9125581467811366, "x9": 1.6471290832537502}, "datetime": {"datetime": "2025-05-17 21:55:34", "elapsed": 2445.500451, "delta": 10.095893}}
{"target": 3.5268936155790063, "params": {"x0": 0.996913255782853, "x1": 1.180003307359239, "x2": 2.9424515423061597, "x3": 1.7190679936730682, "x4": 3.287745403612753, "x5": 5.9307818165302475, "x6": 0.04540055115429709, "x7": -0.9613615642445736, "x8": 0.9125581464229358, "x9": 1.6471290831912757}, "datetime": {"datetime": "2025-05-17 21:55:44", "elapsed": 2455.33923, "delta": 9.838779}}
{"target": 3.5268936155790063, "params": {"x0": 0.9969132557717527, "x1": 1.1800033073376597, "x2": 2.9424515424950974, "x3": 1.719067992773167, "x4": 3.287745403152011, "x5": 5.930781816215909, "x6": 0.04540055185430698, "x7": -0.9613615642272374, "x8": 0.9125581467362305, "x9": 1.6471290831126855}, "datetime": {"datetime": "2025-05-17 21:55:54", "elapsed": 2465.023272, "delta": 9.684042}}
{"target": 3.5268936155790063, "params": {"x0": 0.9969132557603901, "x1": 1.180003306807814, "x2": 2.942451542955262, "x3": 1.7190679934960316, "x4": 3.287745403000397, "x5": 5.930781815497187, "x6": 0.04540055221793509, "x7": -0.9613615639872777, "x8": 0.9125581464411833, "x9": 1.6471290831354075}, "datetime": {"datetime": "2025-05-17 21:56:04", "elapsed": 2475.02691, "delta": 10.003638}}
{"target": 3.5268936155790063, "params": {"x0": 0.9969132557694569, "x1": 1.1800033073620626, "x2": 2.942451542733326, "x3": 1.7190679928539898, "x4": 3.2877454008535336, "x5": 5.930781814510786, "x6": 0.045400552135939784, "x7": -0.9613615639530307, "x8": 0.9125581466106067, "x9": 1.6471290831604535}, "datetime": {"datetime": "2025-05-17 21:56:14", "elapsed": 2485.387894, "delta": 10.360984}}
{"target": 3.5268936155790063, "params": {"x0": 0.9969132557646254, "x1": 1.1800033074459455, "x2": 2.9424515427360958, "x3": 1.7190679936485704, "x4": 3.287745402142333, "x5": 5.9307818112979085, "x6": 0.04540055286937045, "x7": -0.9613615638347778, "x8": 0.9125581465388364, "x9": 1.6471290831896923}, "datetime": {"datetime": "2025-05-17 21:56:24", "elapsed": 2495.181678, "delta": 9.793784}}
{"target": 3.5268936155790063, "params": {"x0": 0.9969132557611022, "x1": 1.180003307150282, "x2": 2.942451542721045, "x3": 1.7190679935988187, "x4": 3.2877454030197986, "x5": 5.930781812057804, "x6": 0.04540055401474055, "x7": -0.9613615630732806, "x8": 0.9125581463451752, "x9": 1.6471290832486885}, "datetime": {"datetime": "2025-05-17 21:56:34", "elapsed": 2505.410169, "delta": 10.228491}}
{"target": 3.5268936155790063, "params": {"x0": 0.9969132557499142, "x1": 1.1800033069513571, "x2": 2.942451542953621, "x3": 1.719067993510152, "x4": 3.287745402832568, "x5": 5.930781813446358, "x6": 0.04540055434022423, "x7": -0.9613615634484667, "x8": 0.9125581465382736, "x9": 1.6471290832299652}, "datetime": {"datetime": "2025-05-17 21:56:44", "elapsed": 2515.531435, "delta": 10.121266}}
{"target": 3.5268936155790063, "params": {"x0": 0.9969132557469714, "x1": 1.180003307304656, "x2": 2.942451542918234, "x3": 1.7190679931635566, "x4": 3.287745401838582, "x5": 5.9307818129159795, "x6": 0.045400553158474244, "x7": -0.9613615631295213, "x8": 0.9125581465016755, "x9": 1.6471290833149776}, "datetime": {"datetime": "2025-05-17 21:56:54", "elapsed": 2525.734159, "delta": 10.202724}}
{"target": 3.5268936155790063, "params": {"x0": 0.9969132557519191, "x1": 1.1800033072575926, "x2": 2.942451543195901, "x3": 1.7190679927923884, "x4": 3.2877454011175944, "x5": 5.930781812419342, "x6": 0.04540055386139723, "x7": -0.9613615635747155, "x8": 0.9125581464263609, "x9": 1.6471290832544554}, "datetime": {"datetime": "2025-05-17 21:57:05", "elapsed": 2536.092111, "delta": 10.357952}}
{"target": 3.5268936155790063, "params": {"x0": 0.9969132557481634, "x1": 1.1800033068852014, "x2": 2.9424515431491716, "x3": 1.7190679928130879, "x4": 3.2877454021829156, "x5": 5.930781812416359, "x6": 0.04540055329164151, "x7": -0.9613615634983931, "x8": 0.9125581462139665, "x9": 1.6471290832438217}, "datetime": {"datetime": "2025-05-17 21:57:15", "elapsed": 2546.2388, "delta": 10.146689}}
{"target": 3.5268936155790063, "params": {"x0": 0.9969132557291722, "x1": 1.1800033071628846, "x2": 2.9424515433102054, "x3": 1.7190679929734773, "x4": 3.2877454018604846, "x5": 5.930781813309519, "x6": 0.045400553620276694, "x7": -0.9613615634630294, "x8": 0.9125581463569076, "x9": 1.6471290832351593}, "datetime": {"datetime": "2025-05-17 21:57:25", "elapsed": 2556.833344, "delta": 10.594544}}
{"target": 3.5268936155790063, "params": {"x0": 0.9969132557362131, "x1": 1.1800033070156402, "x2": 2.9424515432268414, "x3": 1.7190679928538373, "x4": 3.287745402107554, "x5": 5.930781812733609, "x6": 0.045400553525016075, "x7": -0.9613615632910757, "x8": 0.9125581463312642, "x9": 1.64712908324688}, "datetime": {"datetime": "2025-05-17 21:57:35", "elapsed": 2566.849773, "delta": 10.016429}}
{"target": 3.5268936155790063, "params": {"x0": 0.996913255739399, "x1": 1.1800033070266618, "x2": 2.9424515432084264, "x3": 1.7190679928518886, "x4": 3.287745402017434, "x5": 5.9307818125432625, "x6": 0.04540055390030933, "x7": -0.961361563277507, "x8": 0.9125581464651131, "x9": 1.64712908325824}, "datetime": {"datetime": "2025-05-17 21:57:45", "elapsed": 2576.52723, "delta": 9.677457}}
{"target": 3.5268936155790063, "params": {"x0": 0.9969132557380286, "x1": 1.180003307040188, "x2": 2.9424515430756935, "x3": 1.7190679929368666, "x4": 3.287745401770911, "x5": 5.9307818135458135, "x6": 0.04540055390467019, "x7": -0.9613615630948475, "x8": 0.9125581464414401, "x9": 1.6471290832445735}, "datetime": {"datetime": "2025-05-17 21:57:55", "elapsed": 2586.819383, "delta": 10.292153}}
{"target": 3.5268936155790063, "params": {"x0": 0.9969132557293835, "x1": 1.1800033071393556, "x2": 2.942451543187581, "x3": 1.71906799251347, "x4": 3.287745401906757, "x5": 5.93078181359701, "x6": 0.045400553948493606, "x7": -0.9613615629891816, "x8": 0.9125581464283877, "x9": 1.647129083339036}, "datetime": {"datetime": "2025-05-17 21:58:06", "elapsed": 2597.111841, "delta": 10.292458}}
{"target": 3.5268936155790063, "params": {"x0": 0.9969132557357724, "x1": 1.1800033069627565, "x2": 2.942451543367577, "x3": 1.7190679930542818, "x4": 3.2877454018118644, "x5": 5.930781812792381, "x6": 0.04540055402484936, "x7": -0.9613615629075898, "x8": 0.9125581464157069, "x9": 1.6471290832715078}, "datetime": {"datetime": "2025-05-17 21:58:16", "elapsed": 2607.075537, "delta": 9.963696}}
{"target": 3.5268936155790063, "params": {"x0": 0.9969132557398768, "x1": 1.1800033070111733, "x2": 2.942451543202105, "x3": 1.7190679926052252, "x4": 3.2877454016544414, "x5": 5.930781813162541, "x6": 0.045400554163121914, "x7": -0.9613615630388029, "x8": 0.9125581464287041, "x9": 1.647129083295696}, "datetime": {"datetime": "2025-05-17 21:58:26", "elapsed": 2617.139393, "delta": 10.063856}}
{"target": 3.5268936155790063, "params": {"x0": 0.9969132557358531, "x1": 1.180003307135987, "x2": 2.9424515431007334, "x3": 1.719067992976688, "x4": 3.287745401899637, "x5": 5.930781813181787, "x6": 0.045400554420725346, "x7": -0.9613615631364074, "x8": 0.9125581464189481, "x9": 1.6471290832699104}, "datetime": {"datetime": "2025-05-17 21:58:36", "elapsed": 2627.520135, "delta": 10.380742}}
{"target": 3.5268936155790063, "params": {"x0": 0.996913255725119, "x1": 1.180003307062488, "x2": 2.9424515432384295, "x3": 1.7190679929600627, "x4": 3.2877454019772108, "x5": 5.93078181282792, "x6": 0.04540055445237965, "x7": -0.9613615631334121, "x8": 0.9125581463875087, "x9": 1.647129083293493}, "datetime": {"datetime": "2025-05-17 21:58:47", "elapsed": 2637.889622, "delta": 10.369487}}
{"target": 3.5268936155790063, "params": {"x0": 0.9969132557369058, "x1": 1.1800033071207678, "x2": 2.942451543284163, "x3": 1.7190679928613355, "x4": 3.2877454017169323, "x5": 5.9307818134142645, "x6": 0.04540055440458291, "x7": -0.9613615630477355, "x8": 0.912558146371321, "x9": 1.6471290832729528}, "datetime": {"datetime": "2025-05-17 21:58:57", "elapsed": 2647.930691, "delta": 10.041069}}
{"target": 3.5268936155790063, "params": {"x0": 0.9969132557344075, "x1": 1.1800033070327325, "x2": 2.94245154322415, "x3": 1.7190679926348573, "x4": 3.2877454016924346, "x5": 5.930781812751545, "x6": 0.04540055432680947, "x7": -0.9613615630997933, "x8": 0.9125581463406227, "x9": 1.6471290833189658}, "datetime": {"datetime": "2025-05-17 21:59:07", "elapsed": 2658.709982, "delta": 10.779291}}
{"target": 3.5268936155790063, "params": {"x0": 0.9969132557248661, "x1": 1.180003307091384, "x2": 2.9424515432850664, "x3": 1.7190679929033155, "x4": 3.287745401682423, "x5": 5.930781812789599, "x6": 0.045400554256915034, "x7": -0.9613615630603217, "x8": 0.912558146316314, "x9": 1.6471290832892866}, "datetime": {"datetime": "2025-05-17 21:59:18", "elapsed": 2669.02662, "delta": 10.316638}}
{"target": 3.5268936155790063, "params": {"x0": 0.9969132557302409, "x1": 1.180003307118668, "x2": 2.9424515431738794, "x3": 1.7190679929011659, "x4": 3.2877454015458625, "x5": 5.930781813283614, "x6": 0.04540055432935414, "x7": -0.9613615630852054, "x8": 0.9125581463835115, "x9": 1.64712908328363}, "datetime": {"datetime": "2025-05-17 21:59:28", "elapsed": 2679.260024, "delta": 10.233404}}
