{"target": 3.5268936155790063, "params": {"x0": 0.9969132557299758, "x1": 1.1800033070728662, "x2": 2.9424515432432354, "x3": 1.719067992798018, "x4": 3.287745401657864, "x5": 5.9307818131703485, "x6": 0.04540055462893382, "x7": -0.9613615629636668, "x8": 0.9125581463619192, "x9": 1.6471290832991448}, "datetime": {"datetime": "2025-05-17 22:09:25", "elapsed": 3276.666163, "delta": 11.377318}}
{"target": 3.5268936155790063, "params": {"x0": 0.9969132557299704, "x1": 1.1800033070727896, "x2": 2.9424515432432825, "x3": 1.7190679927983885, "x4": 3.2877454016583956, "x5": 5.930781813169317, "x6": 0.04540055462956351, "x7": -0.9613615629637459, "x8": 0.9125581463618702, "x9": 1.647129083299078}, "datetime": {"datetime": "2025-05-17 22:09:37", "elapsed": 3287.982791, "delta": 11.316628}}
{"target": 3.5268936155790063, "params": {"x0": 0.9969132557299732, "x1": 1.180003307072797, "x2": 2.9424515432434983, "x3": 1.7190679927981778, "x4": 3.2877454016584937, "x5": 5.930781813170718, "x6": 0.045400554629757645, "x7": -0.9613615629635553, "x8": 0.9125581463620487, "x9": 1.647129083299088}, "datetime": {"datetime": "2025-05-17 22:09:48", "elapsed": 3299.45156, "delta": 11.468769}}
{"target": 3.5268936155790063, "params": {"x0": 0.9969132557299741, "x1": 1.1800033070729907, "x2": 2.9424515432433993, "x3": 1.7190679927982095, "x4": 3.2877454016581855, "x5": 5.930781813169443, "x6": 0.045400554629092656, "x7": -0.9613615629638802, "x8": 0.9125581463619864, "x9": 1.6471290832991068}, "datetime": {"datetime": "2025-05-17 22:09:59", "elapsed": 3310.593471, "delta": 11.141911}}
{"target": 3.5268936155790063, "params": {"x0": 0.9969132557299741, "x1": 1.180003307072921, "x2": 2.9424515432433753, "x3": 1.7190679927980854, "x4": 3.2877454016579626, "x5": 5.930781813170496, "x6": 0.04540055462960308, "x7": -0.9613615629636743, "x8": 0.9125581463620136, "x9": 1.6471290832990684}, "datetime": {"datetime": "2025-05-17 22:10:11", "elapsed": 3322.143415, "delta": 11.549944}}
{"target": 3.5268936155790063, "params": {"x0": 0.996913255729963, "x1": 1.1800033070729175, "x2": 2.942451543243425, "x3": 1.7190679927984336, "x4": 3.287745401658272, "x5": 5.930781813170139, "x6": 0.04540055462874236, "x7": -0.9613615629638452, "x8": 0.9125581463619739, "x9": 1.6471290832990784}, "datetime": {"datetime": "2025-05-17 22:10:21", "elapsed": 3332.793788, "delta": 10.650373}}
{"target": 3.5268936155790063, "params": {"x0": 0.9969132557299724, "x1": 1.1800033070728893, "x2": 2.942451543243544, "x3": 1.7190679927982682, "x4": 3.2877454016582437, "x5": 5.930781813169967, "x6": 0.045400554628842335, "x7": -0.9613615629635942, "x8": 0.9125581463619118, "x9": 1.647129083299115}, "datetime": {"datetime": "2025-05-17 22:10:32", "elapsed": 3343.640342, "delta": 10.846554}}
{"target": 3.5268936155790063, "params": {"x0": 0.996913255729966, "x1": 1.1800033070729123, "x2": 2.942451543243396, "x3": 1.719067992798356, "x4": 3.287745401658295, "x5": 5.93078181316983, "x6": 0.045400554629713735, "x7": -0.961361562963854, "x8": 0.9125581463619814, "x9": 1.6471290832990657}, "datetime": {"datetime": "2025-05-17 22:10:43", "elapsed": 3354.726403, "delta": 11.086061}}
{"target": 3.5268936155790063, "params": {"x0": 0.9969132557299679, "x1": 1.1800033070729037, "x2": 2.9424515432435485, "x3": 1.7190679927983141, "x4": 3.2877454016582934, "x5": 5.930781813170129, "x6": 0.04540055462949423, "x7": -0.9613615629636912, "x8": 0.9125581463619548, "x9": 1.6471290832990915}, "datetime": {"datetime": "2025-05-17 22:10:55", "elapsed": 3366.197775, "delta": 11.471372}}
{"target": 3.5268936155790063, "params": {"x0": 0.9969132557299664, "x1": 1.180003307072883, "x2": 2.94245154324348, "x3": 1.7190679927983892, "x4": 3.2877454016583605, "x5": 5.930781813170288, "x6": 0.045400554629224724, "x7": -0.9613615629638548, "x8": 0.9125581463619475, "x9": 1.647129083299081}, "datetime": {"datetime": "2025-05-17 22:11:06", "elapsed": 3377.37655, "delta": 11.178775}}
{"target": 3.5268936155790063, "params": {"x0": 0.9969132557299689, "x1": 1.1800033070729008, "x2": 2.9424515432435108, "x3": 1.719067992798391, "x4": 3.287745401658305, "x5": 5.930781813170295, "x6": 0.04540055462956543, "x7": -0.961361562963884, "x8": 0.9125581463619709, "x9": 1.6471290832990881}, "datetime": {"datetime": "2025-05-17 22:11:17", "elapsed": 3388.601846, "delta": 11.225296}}
{"target": 3.5268936155790063, "params": {"x0": 0.9969132557299667, "x1": 1.180003307072887, "x2": 2.9424515432434997, "x3": 1.7190679927982273, "x4": 3.2877454016583925, "x5": 5.930781813170315, "x6": 0.045400554629479874, "x7": -0.9613615629637506, "x8": 0.912558146361985, "x9": 1.6471290832990924}, "datetime": {"datetime": "2025-05-17 22:11:28", "elapsed": 3399.682203, "delta": 11.080357}}
{"target": 3.5268936155790063, "params": {"x0": 0.9969132557299613, "x1": 1.1800033070729476, "x2": 2.9424515432434957, "x3": 1.7190679927981722, "x4": 3.28774540165822, "x5": 5.93078181317012, "x6": 0.04540055462909764, "x7": -0.9613615629637126, "x8": 0.9125581463619405, "x9": 1.6471290832990775}, "datetime": {"datetime": "2025-05-17 22:11:40", "elapsed": 3411.257089, "delta": 11.574886}}
{"target": 3.5268936155790063, "params": {"x0": 0.9969132557299655, "x1": 1.180003307072931, "x2": 2.9424515432434806, "x3": 1.7190679927982737, "x4": 3.2877454016581518, "x5": 5.930781813169903, "x6": 0.04540055462931618, "x7": -0.9613615629637781, "x8": 0.9125581463619574, "x9": 1.6471290832990748}, "datetime": {"datetime": "2025-05-17 22:11:51", "elapsed": 3422.373892, "delta": 11.116803}}
{"target": 3.5268936155790063, "params": {"x0": 0.9969132557299654, "x1": 1.1800033070729044, "x2": 2.9424515432433886, "x3": 1.7190679927982695, "x4": 3.2877454016581433, "x5": 5.930781813170024, "x6": 0.04540055462910336, "x7": -0.9613615629636858, "x8": 0.9125581463619575, "x9": 1.647129083299075}, "datetime": {"datetime": "2025-05-17 22:12:02", "elapsed": 3433.482413, "delta": 11.108521}}
{"target": 3.5268936155790063, "params": {"x0": 0.9969132557299623, "x1": 1.1800033070729332, "x2": 2.9424515432434464, "x3": 1.7190679927982968, "x4": 3.2877454016582157, "x5": 5.93078181317016, "x6": 0.04540055462947813, "x7": -0.9613615629637874, "x8": 0.9125581463619776, "x9": 1.6471290832990977}, "datetime": {"datetime": "2025-05-17 22:12:13", "elapsed": 3444.414133, "delta": 10.93172}}
{"target": 3.5268936155790063, "params": {"x0": 0.9969132557299664, "x1": 1.1800033070728946, "x2": 2.942451543243453, "x3": 1.7190679927982602, "x4": 3.2877454016583583, "x5": 5.9307818131698955, "x6": 0.045400554629190584, "x7": -0.9613615629637015, "x8": 0.9125581463619434, "x9": 1.647129083299085}, "datetime": {"datetime": "2025-05-17 22:12:24", "elapsed": 3455.876191, "delta": 11.462058}}
{"target": 3.5268936155790063, "params": {"x0": 0.9969132557299666, "x1": 1.1800033070729115, "x2": 2.942451543243399, "x3": 1.7190679927982084, "x4": 3.287745401658172, "x5": 5.93078181316995, "x6": 0.045400554629313056, "x7": -0.9613615629637748, "x8": 0.9125581463619749, "x9": 1.6471290832990795}, "datetime": {"datetime": "2025-05-17 22:12:35", "elapsed": 3466.663933, "delta": 10.787742}}
{"target": 3.5268936155790063, "params": {"x0": 0.9969132557299646, "x1": 1.1800033070729226, "x2": 2.942451543243468, "x3": 1.7190679927982926, "x4": 3.28774540165827, "x5": 5.930781813170014, "x6": 0.04540055462943295, "x7": -0.9613615629637687, "x8": 0.9125581463619648, "x9": 1.647129083299083}, "datetime": {"datetime": "2025-05-17 22:12:47", "elapsed": 3478.092268, "delta": 11.428335}}
{"target": 3.5268936155790063, "params": {"x0": 0.9969132557299631, "x1": 1.1800033070729148, "x2": 2.9424515432434615, "x3": 1.7190679927983104, "x4": 3.287745401658195, "x5": 5.930781813170084, "x6": 0.04540055462919095, "x7": -0.9613615629638038, "x8": 0.9125581463619452, "x9": 1.6471290832990952}, "datetime": {"datetime": "2025-05-17 22:12:58", "elapsed": 3489.373773, "delta": 11.281505}}
{"target": 3.5268936155790063, "params": {"x0": 0.996913255729966, "x1": 1.1800033070729221, "x2": 2.942451543243454, "x3": 1.7190679927982437, "x4": 3.287745401658296, "x5": 5.930781813170135, "x6": 0.04540055462921832, "x7": -0.9613615629638093, "x8": 0.9125581463619499, "x9": 1.6471290832990837}, "datetime": {"datetime": "2025-05-17 22:13:09", "elapsed": 3500.195609, "delta": 10.821836}}
{"target": 3.5268936155790063, "params": {"x0": 0.9969132557299649, "x1": 1.1800033070729206, "x2": 2.942451543243449, "x3": 1.7190679927982688, "x4": 3.287745401658196, "x5": 5.930781813170024, "x6": 0.04540055462926911, "x7": -0.9613615629637594, "x8": 0.9125581463619554, "x9": 1.6471290832990926}, "datetime": {"datetime": "2025-05-17 22:13:20", "elapsed": 3511.371253, "delta": 11.175644}}
{"target": 3.5268936155790063, "params": {"x0": 0.9969132557299657, "x1": 1.180003307072909, "x2": 2.9424515432434584, "x3": 1.7190679927982626, "x4": 3.2877454016581926, "x5": 5.930781813170135, "x6": 0.045400554629304216, "x7": -0.9613615629637565, "x8": 0.9125581463619512, "x9": 1.6471290832990912}, "datetime": {"datetime": "2025-05-17 22:13:32", "elapsed": 3523.373622, "delta": 12.002369}}
{"target": 3.5268936155790063, "params": {"x0": 0.9969132557299654, "x1": 1.1800033070729044, "x2": 2.9424515432434286, "x3": 1.7190679927982428, "x4": 3.2877454016582894, "x5": 5.930781813170139, "x6": 0.045400554629265254, "x7": -0.9613615629637957, "x8": 0.91255814636196, "x9": 1.6471290832990853}, "datetime": {"datetime": "2025-05-17 22:13:44", "elapsed": 3534.882725, "delta": 11.509103}}
{"target": 3.5268936155790063, "params": {"x0": 0.996913255729964, "x1": 1.180003307072919, "x2": 2.942451543243448, "x3": 1.719067992798263, "x4": 3.28774540165826, "x5": 5.930781813170105, "x6": 0.045400554629245644, "x7": -0.9613615629637929, "x8": 0.9125581463619612, "x9": 1.6471290832990884}, "datetime": {"datetime": "2025-05-17 22:13:55", "elapsed": 3546.494103, "delta": 11.611378}}
{"target": 3.5268936155790063, "params": {"x0": 0.9969132557299644, "x1": 1.1800033070729108, "x2": 2.9424515432434553, "x3": 1.7190679927982673, "x4": 3.2877454016582544, "x5": 5.930781813170042, "x6": 0.04540055462923732, "x7": -0.9613615629637504, "x8": 0.9125581463619535, "x9": 1.647129083299091}, "datetime": {"datetime": "2025-05-17 22:14:06", "elapsed": 3557.79632, "delta": 11.302217}}
{"target": 3.5268936155790063, "params": {"x0": 0.9969132557299641, "x1": 1.1800033070729181, "x2": 2.942451543243453, "x3": 1.7190679927982544, "x4": 3.2877454016582512, "x5": 5.930781813170113, "x6": 0.04540055462932774, "x7": -0.9613615629637873, "x8": 0.9125581463619667, "x9": 1.647129083299088}, "datetime": {"datetime": "2025-05-17 22:14:18", "elapsed": 3569.410198, "delta": 11.613878}}
{"target": 3.5268936155790063, "params": {"x0": 0.9969132557299649, "x1": 1.1800033070729012, "x2": 2.94245154324343, "x3": 1.7190679927982708, "x4": 3.287745401658233, "x5": 5.930781813170033, "x6": 0.04540055462931489, "x7": -0.9613615629637614, "x8": 0.912558146361964, "x9": 1.6471290832990892}, "datetime": {"datetime": "2025-05-17 22:14:30", "elapsed": 3581.027988, "delta": 11.61779}}
{"target": 3.5268936155790063, "params": {"x0": 0.996913255729964, "x1": 1.1800033070729172, "x2": 2.942451543243445, "x3": 1.71906799279825, "x4": 3.287745401658239, "x5": 5.930781813170065, "x6": 0.045400554629306165, "x7": -0.9613615629637833, "x8": 0.9125581463619635, "x9": 1.6471290832990864}, "datetime": {"datetime": "2025-05-17 22:14:42", "elapsed": 3593.25995, "delta": 12.231962}}
{"target": 3.5268936155790063, "params": {"x0": 0.9969132557299641, "x1": 1.1800033070729126, "x2": 2.9424515432434344, "x3": 1.7190679927982444, "x4": 3.287745401658264, "x5": 5.930781813170079, "x6": 0.04540055462930996, "x7": -0.9613615629637853, "x8": 0.9125581463619621, "x9": 1.647129083299089}, "datetime": {"datetime": "2025-05-17 22:14:54", "elapsed": 3605.875662, "delta": 12.615712}}
{"target": 3.5268936155790063, "params": {"x0": 0.9969132557299648, "x1": 1.1800033070729161, "x2": 2.942451543243448, "x3": 1.719067992798261, "x4": 3.287745401658239, "x5": 5.93078181317003, "x6": 0.0454005546293192, "x7": -0.9613615629637678, "x8": 0.9125581463619558, "x9": 1.6471290832990892}, "datetime": {"datetime": "2025-05-17 22:15:06", "elapsed": 3617.636924, "delta": 11.761262}}
{"target": 3.5268936155790063, "params": {"x0": 0.9969132557299644, "x1": 1.1800033070729155, "x2": 2.942451543243438, "x3": 1.719067992798258, "x4": 3.2877454016582557, "x5": 5.930781813170081, "x6": 0.045400554629258585, "x7": -0.9613615629637754, "x8": 0.9125581463619586, "x9": 1.6471290832990906}, "datetime": {"datetime": "2025-05-17 22:15:17", "elapsed": 3628.811023, "delta": 11.174099}}
{"target": 3.5268936155790063, "params": {"x0": 0.9969132557299643, "x1": 1.1800033070729075, "x2": 2.942451543243435, "x3": 1.7190679927982677, "x4": 3.287745401658235, "x5": 5.930781813170062, "x6": 0.04540055462929303, "x7": -0.9613615629637642, "x8": 0.9125581463619572, "x9": 1.6471290832990866}, "datetime": {"datetime": "2025-05-17 22:15:28", "elapsed": 3639.808204, "delta": 10.997181}}
{"target": 3.5268936155790063, "params": {"x0": 0.9969132557299647, "x1": 1.1800033070729101, "x2": 2.9424515432434357, "x3": 1.7190679927982535, "x4": 3.2877454016582535, "x5": 5.930781813170059, "x6": 0.045400554629309746, "x7": -0.961361562963781, "x8": 0.9125581463619599, "x9": 1.6471290832990886}, "datetime": {"datetime": "2025-05-17 22:15:40", "elapsed": 3651.471107, "delta": 11.662903}}
{"target": 3.5268936155790063, "params": {"x0": 0.9969132557299639, "x1": 1.1800033070729126, "x2": 2.942451543243434, "x3": 1.719067992798261, "x4": 3.287745401658259, "x5": 5.930781813170035, "x6": 0.045400554629277744, "x7": -0.9613615629637698, "x8": 0.9125581463619578, "x9": 1.6471290832990901}, "datetime": {"datetime": "2025-05-17 22:15:51", "elapsed": 3662.626478, "delta": 11.155371}}
{"target": 3.5268936155790063, "params": {"x0": 0.9969132557299639, "x1": 1.1800033070729095, "x2": 2.942451543243437, "x3": 1.7190679927982695, "x4": 3.2877454016582592, "x5": 5.930781813170043, "x6": 0.045400554629288194, "x7": -0.9613615629637816, "x8": 0.9125581463619614, "x9": 1.6471290832990875}, "datetime": {"datetime": "2025-05-17 22:16:03", "elapsed": 3674.026573, "delta": 11.400095}}
{"target": 3.5268936155790063, "params": {"x0": 0.9969132557299647, "x1": 1.180003307072911, "x2": 2.942451543243435, "x3": 1.7190679927982637, "x4": 3.287745401658239, "x5": 5.930781813170064, "x6": 0.0454005546292746, "x7": -0.9613615629637803, "x8": 0.9125581463619601, "x9": 1.6471290832990884}, "datetime": {"datetime": "2025-05-17 22:16:14", "elapsed": 3685.338135, "delta": 11.311562}}
{"target": 3.5268936155790063, "params": {"x0": 0.9969132557299644, "x1": 1.1800033070729092, "x2": 2.9424515432434446, "x3": 1.7190679927982622, "x4": 3.287745401658237, "x5": 5.9307818131700625, "x6": 0.045400554629275704, "x7": -0.9613615629637692, "x8": 0.9125581463619599, "x9": 1.6471290832990892}, "datetime": {"datetime": "2025-05-17 22:16:25", "elapsed": 3696.639712, "delta": 11.301577}}
{"target": 3.5268936155790063, "params": {"x0": 0.9969132557299641, "x1": 1.1800033070729103, "x2": 2.9424515432434397, "x3": 1.7190679927982664, "x4": 3.28774540165824, "x5": 5.930781813170073, "x6": 0.045400554629282795, "x7": -0.961361562963772, "x8": 0.9125581463619606, "x9": 1.6471290832990892}, "datetime": {"datetime": "2025-05-17 22:16:36", "elapsed": 3707.722783, "delta": 11.083071}}
{"target": 3.5268936155790063, "params": {"x0": 0.9969132557299643, "x1": 1.1800033070729095, "x2": 2.9424515432434433, "x3": 1.7190679927982613, "x4": 3.287745401658257, "x5": 5.930781813170061, "x6": 0.04540055462928146, "x7": -0.961361562963772, "x8": 0.9125581463619581, "x9": 1.6471290832990881}, "datetime": {"datetime": "2025-05-17 22:16:48", "elapsed": 3719.037672, "delta": 11.314889}}
{"target": 3.5268936155790063, "params": {"x0": 0.9969132557299643, "x1": 1.1800033070729106, "x2": 2.942451543243439, "x3": 1.71906799279826, "x4": 3.287745401658254, "x5": 5.930781813170075, "x6": 0.0454005546292828, "x7": -0.9613615629637764, "x8": 0.9125581463619589, "x9": 1.6471290832990884}, "datetime": {"datetime": "2025-05-17 22:16:59", "elapsed": 3730.261691, "delta": 11.224019}}
{"target": 3.5268936155790063, "params": {"x0": 0.9969132557299643, "x1": 1.180003307072908, "x2": 2.942451543243437, "x3": 1.7190679927982657, "x4": 3.287745401658243, "x5": 5.930781813170071, "x6": 0.04540055462929546, "x7": -0.9613615629637716, "x8": 0.9125581463619589, "x9": 1.6471290832990892}, "datetime": {"datetime": "2025-05-17 22:17:11", "elapsed": 3742.286927, "delta": 12.025236}}
{"target": 3.5268936155790063, "params": {"x0": 0.9969132557299645, "x1": 1.1800033070729083, "x2": 2.9424515432434415, "x3": 1.7190679927982657, "x4": 3.287745401658248, "x5": 5.930781813170056, "x6": 0.045400554629296354, "x7": -0.9613615629637767, "x8": 0.9125581463619585, "x9": 1.6471290832990884}, "datetime": {"datetime": "2025-05-17 22:17:23", "elapsed": 3754.859701, "delta": 12.572774}}
{"target": 3.5268936155790063, "params": {"x0": 0.9969132557299646, "x1": 1.1800033070729108, "x2": 2.9424515432434384, "x3": 1.719067992798264, "x4": 3.2877454016582517, "x5": 5.930781813170065, "x6": 0.04540055462929462, "x7": -0.9613615629637767, "x8": 0.9125581463619599, "x9": 1.6471290832990888}, "datetime": {"datetime": "2025-05-17 22:17:35", "elapsed": 3766.832952, "delta": 11.973251}}
{"target": 3.5268936155790063, "params": {"x0": 0.9969132557299644, "x1": 1.1800033070729095, "x2": 2.9424515432434406, "x3": 1.7190679927982584, "x4": 3.2877454016582495, "x5": 5.930781813170068, "x6": 0.04540055462929887, "x7": -0.9613615629637714, "x8": 0.9125581463619596, "x9": 1.6471290832990892}, "datetime": {"datetime": "2025-05-17 22:17:47", "elapsed": 3778.592832, "delta": 11.75988}}
{"target": 3.5268936155790063, "params": {"x0": 0.9969132557299644, "x1": 1.1800033070729101, "x2": 2.94245154324344, "x3": 1.7190679927982642, "x4": 3.2877454016582526, "x5": 5.930781813170059, "x6": 0.04540055462930149, "x7": -0.9613615629637712, "x8": 0.9125581463619604, "x9": 1.6471290832990888}, "datetime": {"datetime": "2025-05-17 22:17:58", "elapsed": 3789.729644, "delta": 11.136812}}
{"target": 3.5268936155790063, "params": {"x0": 0.9969132557299643, "x1": 1.180003307072909, "x2": 2.942451543243441, "x3": 1.71906799279826, "x4": 3.287745401658245, "x5": 5.930781813170056, "x6": 0.04540055462929668, "x7": -0.9613615629637717, "x8": 0.9125581463619595, "x9": 1.6471290832990886}, "datetime": {"datetime": "2025-05-17 22:18:10", "elapsed": 3801.224738, "delta": 11.495094}}
{"target": 3.5268936155790063, "params": {"x0": 0.9969132557299643, "x1": 1.1800033070729092, "x2": 2.94245154324344, "x3": 1.7190679927982626, "x4": 3.2877454016582477, "x5": 5.930781813170063, "x6": 0.04540055462930103, "x7": -0.9613615629637741, "x8": 0.9125581463619588, "x9": 1.6471290832990884}, "datetime": {"datetime": "2025-05-17 22:18:23", "elapsed": 3814.490309, "delta": 13.265571}}
{"target": 3.5268936155790063, "params": {"x0": 0.9969132557299644, "x1": 1.1800033070729088, "x2": 2.9424515432434406, "x3": 1.7190679927982635, "x4": 3.287745401658248, "x5": 5.930781813170063, "x6": 0.04540055462929367, "x7": -0.9613615629637713, "x8": 0.9125581463619594, "x9": 1.6471290832990886}, "datetime": {"datetime": "2025-05-17 22:18:35", "elapsed": 3826.023869, "delta": 11.53356}}
{"target": 3.5268936155790063, "params": {"x0": 0.9969132557299643, "x1": 1.18000330707291, "x2": 2.94245154324344, "x3": 1.7190679927982606, "x4": 3.2877454016582477, "x5": 5.93078181317006, "x6": 0.04540055462929948, "x7": -0.961361562963774, "x8": 0.9125581463619593, "x9": 1.6471290832990884}, "datetime": {"datetime": "2025-05-17 22:18:47", "elapsed": 3838.40017, "delta": 12.376301}}
{"target": 3.5268936155790063, "params": {"x0": 0.9969132557299645, "x1": 1.180003307072909, "x2": 2.9424515432434397, "x3": 1.7190679927982635, "x4": 3.2877454016582472, "x5": 5.930781813170061, "x6": 0.04540055462929034, "x7": -0.9613615629637737, "x8": 0.9125581463619594, "x9": 1.6471290832990888}, "datetime": {"datetime": "2025-05-17 22:18:59", "elapsed": 3850.85498, "delta": 12.45481}}
{"target": 3.5268936155790063, "params": {"x0": 0.9969132557299643, "x1": 1.1800033070729103, "x2": 2.94245154324344, "x3": 1.7190679927982617, "x4": 3.2877454016582464, "x5": 5.930781813170061, "x6": 0.045400554629297284, "x7": -0.9613615629637738, "x8": 0.9125581463619599, "x9": 1.6471290832990888}, "datetime": {"datetime": "2025-05-17 22:19:12", "elapsed": 3863.263439, "delta": 12.408459}}
{"target": 3.5268936155790063, "params": {"x0": 0.9969132557299643, "x1": 1.1800033070729097, "x2": 2.9424515432434397, "x3": 1.7190679927982606, "x4": 3.287745401658247, "x5": 5.930781813170062, "x6": 0.045400554629295035, "x7": -0.9613615629637725, "x8": 0.9125581463619596, "x9": 1.6471290832990884}, "datetime": {"datetime": "2025-05-17 22:19:24", "elapsed": 3875.381776, "delta": 12.118337}}
{"target": 3.5268936155790063, "params": {"x0": 0.9969132557299645, "x1": 1.1800033070729095, "x2": 2.9424515432434406, "x3": 1.719067992798261, "x4": 3.2877454016582472, "x5": 5.930781813170063, "x6": 0.04540055462929574, "x7": -0.961361562963774, "x8": 0.9125581463619599, "x9": 1.6471290832990886}, "datetime": {"datetime": "2025-05-17 22:19:35", "elapsed": 3886.816939, "delta": 11.435163}}
{"target": 3.5268936155790063, "params": {"x0": 0.9969132557299644, "x1": 1.1800033070729092, "x2": 2.9424515432434406, "x3": 1.7190679927982617, "x4": 3.2877454016582472, "x5": 5.930781813170064, "x6": 0.04540055462929505, "x7": -0.9613615629637736, "x8": 0.9125581463619598, "x9": 1.6471290832990888}, "datetime": {"datetime": "2025-05-17 22:19:48", "elapsed": 3899.133441, "delta": 12.316502}}
