{"target": 3.5268936155790063, "params": {"x0": 0.9969132557299644, "x1": 1.1800033070729097, "x2": 2.94245154324344, "x3": 1.719067992798262, "x4": 3.287745401658248, "x5": 5.930781813170061, "x6": 0.0454005546292943, "x7": -0.9613615629637733, "x8": 0.9125581463619594, "x9": 1.6471290832990886}, "datetime": {"datetime": "2025-05-17 22:40:26", "elapsed": 5137.739843, "delta": 4.594887}}
{"target": 3.5268936155790063, "params": {"x0": 0.9969132557299644, "x1": 1.1800033070729097, "x2": 2.94245154324344, "x3": 1.719067992798262, "x4": 3.287745401658248, "x5": 5.930781813170061, "x6": 0.0454005546292943, "x7": -0.9613615629637733, "x8": 0.9125581463619594, "x9": 1.6471290832990886}, "datetime": {"datetime": "2025-05-17 22:40:30", "elapsed": 5141.164607, "delta": 3.424764}}
{"target": 3.5268936155790063, "params": {"x0": 0.9969132557299644, "x1": 1.1800033070729097, "x2": 2.94245154324344, "x3": 1.719067992798262, "x4": 3.287745401658248, "x5": 5.930781813170061, "x6": 0.0454005546292943, "x7": -0.9613615629637733, "x8": 0.9125581463619594, "x9": 1.6471290832990886}, "datetime": {"datetime": "2025-05-17 22:40:34", "elapsed": 5145.061848, "delta": 3.897241}}
{"target": 3.5268936155790063, "params": {"x0": 0.9969132557299644, "x1": 1.1800033070729097, "x2": 2.94245154324344, "x3": 1.719067992798262, "x4": 3.287745401658248, "x5": 5.930781813170061, "x6": 0.0454005546292943, "x7": -0.9613615629637733, "x8": 0.9125581463619594, "x9": 1.6471290832990886}, "datetime": {"datetime": "2025-05-17 22:40:38", "elapsed": 5149.227519, "delta": 4.165671}}
{"target": 3.5268936155790063, "params": {"x0": 0.9969132557299644, "x1": 1.1800033070729097, "x2": 2.94245154324344, "x3": 1.719067992798262, "x4": 3.287745401658248, "x5": 5.930781813170061, "x6": 0.0454005546292943, "x7": -0.9613615629637733, "x8": 0.9125581463619594, "x9": 1.6471290832990886}, "datetime": {"datetime": "2025-05-17 22:40:41", "elapsed": 5152.710069, "delta": 3.48255}}
{"target": 3.5268936155790063, "params": {"x0": 0.9969132557299644, "x1": 1.1800033070729097, "x2": 2.94245154324344, "x3": 1.719067992798262, "x4": 3.287745401658248, "x5": 5.930781813170061, "x6": 0.0454005546292943, "x7": -0.9613615629637733, "x8": 0.9125581463619594, "x9": 1.6471290832990886}, "datetime": {"datetime": "2025-05-17 22:40:45", "elapsed": 5156.605043, "delta": 3.894974}}
{"target": 3.5268936155790063, "params": {"x0": 0.9969132557299644, "x1": 1.1800033070729097, "x2": 2.94245154324344, "x3": 1.719067992798262, "x4": 3.287745401658248, "x5": 5.930781813170061, "x6": 0.0454005546292943, "x7": -0.9613615629637733, "x8": 0.9125581463619594, "x9": 1.6471290832990886}, "datetime": {"datetime": "2025-05-17 22:40:50", "elapsed": 5161.552812, "delta": 4.947769}}
{"target": 3.5268936155790063, "params": {"x0": 0.9969132557299644, "x1": 1.1800033070729097, "x2": 2.94245154324344, "x3": 1.719067992798262, "x4": 3.287745401658248, "x5": 5.930781813170061, "x6": 0.0454005546292943, "x7": -0.9613615629637733, "x8": 0.9125581463619594, "x9": 1.6471290832990886}, "datetime": {"datetime": "2025-05-17 22:40:54", "elapsed": 5165.332304, "delta": 3.779492}}
{"target": 3.5268936155790063, "params": {"x0": 0.9969132557299644, "x1": 1.1800033070729097, "x2": 2.94245154324344, "x3": 1.719067992798262, "x4": 3.287745401658248, "x5": 5.930781813170061, "x6": 0.0454005546292943, "x7": -0.9613615629637733, "x8": 0.9125581463619594, "x9": 1.6471290832990886}, "datetime": {"datetime": "2025-05-17 22:40:58", "elapsed": 5169.492059, "delta": 4.159755}}
{"target": 3.5268936155790063, "params": {"x0": 0.9969132557299644, "x1": 1.1800033070729097, "x2": 2.94245154324344, "x3": 1.719067992798262, "x4": 3.287745401658248, "x5": 5.930781813170061, "x6": 0.0454005546292943, "x7": -0.9613615629637733, "x8": 0.9125581463619594, "x9": 1.6471290832990886}, "datetime": {"datetime": "2025-05-17 22:41:02", "elapsed": 5172.927771, "delta": 3.435712}}
{"target": 3.5268936155790063, "params": {"x0": 0.9969132557299644, "x1": 1.1800033070729097, "x2": 2.94245154324344, "x3": 1.719067992798262, "x4": 3.287745401658248, "x5": 5.930781813170061, "x6": 0.0454005546292943, "x7": -0.9613615629637733, "x8": 0.9125581463619594, "x9": 1.6471290832990886}, "datetime": {"datetime": "2025-05-17 22:41:06", "elapsed": 5177.050466, "delta": 4.122695}}
{"target": 3.5268936155790063, "params": {"x0": 0.9969132557299644, "x1": 1.1800033070729097, "x2": 2.94245154324344, "x3": 1.719067992798262, "x4": 3.287745401658248, "x5": 5.930781813170061, "x6": 0.0454005546292943, "x7": -0.9613615629637733, "x8": 0.9125581463619594, "x9": 1.6471290832990886}, "datetime": {"datetime": "2025-05-17 22:41:09", "elapsed": 5180.249054, "delta": 3.198588}}
{"target": 3.5268936155790063, "params": {"x0": 0.9969132557299644, "x1": 1.1800033070729097, "x2": 2.94245154324344, "x3": 1.719067992798262, "x4": 3.287745401658248, "x5": 5.930781813170061, "x6": 0.0454005546292943, "x7": -0.9613615629637733, "x8": 0.9125581463619594, "x9": 1.6471290832990886}, "datetime": {"datetime": "2025-05-17 22:41:13", "elapsed": 5184.33164, "delta": 4.082586}}
{"target": 3.5268936155790063, "params": {"x0": 0.9969132557299644, "x1": 1.1800033070729097, "x2": 2.94245154324344, "x3": 1.719067992798262, "x4": 3.287745401658248, "x5": 5.930781813170061, "x6": 0.0454005546292943, "x7": -0.9613615629637733, "x8": 0.9125581463619594, "x9": 1.6471290832990886}, "datetime": {"datetime": "2025-05-17 22:41:17", "elapsed": 5188.413477, "delta": 4.081837}}
{"target": 3.5268936155790063, "params": {"x0": 0.9969132557299644, "x1": 1.1800033070729097, "x2": 2.94245154324344, "x3": 1.719067992798262, "x4": 3.287745401658248, "x5": 5.930781813170061, "x6": 0.0454005546292943, "x7": -0.9613615629637733, "x8": 0.9125581463619594, "x9": 1.6471290832990886}, "datetime": {"datetime": "2025-05-17 22:41:21", "elapsed": 5192.405837, "delta": 3.99236}}
{"target": 3.5268936155790063, "params": {"x0": 0.9969132557299644, "x1": 1.1800033070729097, "x2": 2.94245154324344, "x3": 1.719067992798262, "x4": 3.287745401658248, "x5": 5.930781813170061, "x6": 0.0454005546292943, "x7": -0.9613615629637733, "x8": 0.9125581463619594, "x9": 1.6471290832990886}, "datetime": {"datetime": "2025-05-17 22:41:25", "elapsed": 5196.360866, "delta": 3.955029}}
{"target": 3.5268936155790063, "params": {"x0": 0.9969132557299644, "x1": 1.1800033070729097, "x2": 2.94245154324344, "x3": 1.719067992798262, "x4": 3.287745401658248, "x5": 5.930781813170061, "x6": 0.0454005546292943, "x7": -0.9613615629637733, "x8": 0.9125581463619594, "x9": 1.6471290832990886}, "datetime": {"datetime": "2025-05-17 22:41:29", "elapsed": 5200.198829, "delta": 3.837963}}
{"target": 3.5268936155790063, "params": {"x0": 0.9969132557299644, "x1": 1.1800033070729097, "x2": 2.94245154324344, "x3": 1.719067992798262, "x4": 3.287745401658248, "x5": 5.930781813170061, "x6": 0.0454005546292943, "x7": -0.9613615629637733, "x8": 0.9125581463619594, "x9": 1.6471290832990886}, "datetime": {"datetime": "2025-05-17 22:41:32", "elapsed": 5203.385161, "delta": 3.186332}}
{"target": 3.5268936155790063, "params": {"x0": 0.9969132557299644, "x1": 1.1800033070729097, "x2": 2.94245154324344, "x3": 1.719067992798262, "x4": 3.287745401658248, "x5": 5.930781813170061, "x6": 0.0454005546292943, "x7": -0.9613615629637733, "x8": 0.9125581463619594, "x9": 1.6471290832990886}, "datetime": {"datetime": "2025-05-17 22:41:36", "elapsed": 5207.235846, "delta": 3.850685}}
{"target": 3.5268936155790063, "params": {"x0": 0.9969132557299644, "x1": 1.1800033070729097, "x2": 2.94245154324344, "x3": 1.719067992798262, "x4": 3.287745401658248, "x5": 5.930781813170061, "x6": 0.0454005546292943, "x7": -0.9613615629637733, "x8": 0.9125581463619594, "x9": 1.6471290832990886}, "datetime": {"datetime": "2025-05-17 22:41:40", "elapsed": 5211.068396, "delta": 3.83255}}
{"target": 3.5268936155790063, "params": {"x0": 0.9969132557299644, "x1": 1.1800033070729097, "x2": 2.94245154324344, "x3": 1.719067992798262, "x4": 3.287745401658248, "x5": 5.930781813170061, "x6": 0.0454005546292943, "x7": -0.9613615629637733, "x8": 0.9125581463619594, "x9": 1.6471290832990886}, "datetime": {"datetime": "2025-05-17 22:41:43", "elapsed": 5214.706366, "delta": 3.63797}}
{"target": 3.5268936155790063, "params": {"x0": 0.9969132557299644, "x1": 1.1800033070729097, "x2": 2.94245154324344, "x3": 1.719067992798262, "x4": 3.287745401658248, "x5": 5.930781813170061, "x6": 0.0454005546292943, "x7": -0.9613615629637733, "x8": 0.9125581463619594, "x9": 1.6471290832990886}, "datetime": {"datetime": "2025-05-17 22:41:47", "elapsed": 5218.609555, "delta": 3.903189}}
{"target": 3.5268936155790063, "params": {"x0": 0.9969132557299644, "x1": 1.1800033070729097, "x2": 2.94245154324344, "x3": 1.719067992798262, "x4": 3.287745401658248, "x5": 5.930781813170061, "x6": 0.0454005546292943, "x7": -0.9613615629637733, "x8": 0.9125581463619594, "x9": 1.6471290832990886}, "datetime": {"datetime": "2025-05-17 22:41:52", "elapsed": 5223.371639, "delta": 4.762084}}
{"target": 3.5268936155790063, "params": {"x0": 0.9969132557299644, "x1": 1.1800033070729097, "x2": 2.94245154324344, "x3": 1.719067992798262, "x4": 3.287745401658248, "x5": 5.930781813170061, "x6": 0.0454005546292943, "x7": -0.9613615629637733, "x8": 0.9125581463619594, "x9": 1.6471290832990886}, "datetime": {"datetime": "2025-05-17 22:41:56", "elapsed": 5227.553538, "delta": 4.181899}}
{"target": 3.5268936155790063, "params": {"x0": 0.9969132557299644, "x1": 1.1800033070729097, "x2": 2.94245154324344, "x3": 1.719067992798262, "x4": 3.287745401658248, "x5": 5.930781813170061, "x6": 0.0454005546292943, "x7": -0.9613615629637733, "x8": 0.9125581463619594, "x9": 1.6471290832990886}, "datetime": {"datetime": "2025-05-17 22:42:01", "elapsed": 5231.906123, "delta": 4.352585}}
{"target": 3.5268936155790063, "params": {"x0": 0.9969132557299644, "x1": 1.1800033070729097, "x2": 2.94245154324344, "x3": 1.719067992798262, "x4": 3.287745401658248, "x5": 5.930781813170061, "x6": 0.0454005546292943, "x7": -0.9613615629637733, "x8": 0.9125581463619594, "x9": 1.6471290832990886}, "datetime": {"datetime": "2025-05-17 22:42:05", "elapsed": 5236.036594, "delta": 4.130471}}
{"target": 3.5268936155790063, "params": {"x0": 0.9969132557299644, "x1": 1.1800033070729097, "x2": 2.94245154324344, "x3": 1.719067992798262, "x4": 3.287745401658248, "x5": 5.930781813170061, "x6": 0.0454005546292943, "x7": -0.9613615629637733, "x8": 0.9125581463619594, "x9": 1.6471290832990886}, "datetime": {"datetime": "2025-05-17 22:42:09", "elapsed": 5240.040575, "delta": 4.003981}}
{"target": 3.5268936155790063, "params": {"x0": 0.9969132557299644, "x1": 1.1800033070729097, "x2": 2.94245154324344, "x3": 1.719067992798262, "x4": 3.287745401658248, "x5": 5.930781813170061, "x6": 0.0454005546292943, "x7": -0.9613615629637733, "x8": 0.9125581463619594, "x9": 1.6471290832990886}, "datetime": {"datetime": "2025-05-17 22:42:13", "elapsed": 5244.466668, "delta": 4.426093}}
{"target": 3.5268936155790063, "params": {"x0": 0.9969132557299644, "x1": 1.1800033070729097, "x2": 2.94245154324344, "x3": 1.719067992798262, "x4": 3.287745401658248, "x5": 5.930781813170061, "x6": 0.0454005546292943, "x7": -0.9613615629637733, "x8": 0.9125581463619594, "x9": 1.6471290832990886}, "datetime": {"datetime": "2025-05-17 22:42:17", "elapsed": 5248.42616, "delta": 3.959492}}
{"target": 3.5268936155790063, "params": {"x0": 0.9969132557299644, "x1": 1.1800033070729097, "x2": 2.94245154324344, "x3": 1.719067992798262, "x4": 3.287745401658248, "x5": 5.930781813170061, "x6": 0.0454005546292943, "x7": -0.9613615629637733, "x8": 0.9125581463619594, "x9": 1.6471290832990886}, "datetime": {"datetime": "2025-05-17 22:42:21", "elapsed": 5252.007305, "delta": 3.581145}}
{"target": 3.5268936155790063, "params": {"x0": 0.9969132557299644, "x1": 1.1800033070729097, "x2": 2.94245154324344, "x3": 1.719067992798262, "x4": 3.287745401658248, "x5": 5.930781813170061, "x6": 0.0454005546292943, "x7": -0.9613615629637733, "x8": 0.9125581463619594, "x9": 1.6471290832990886}, "datetime": {"datetime": "2025-05-17 22:42:24", "elapsed": 5255.6405, "delta": 3.633195}}
{"target": 3.5268936155790063, "params": {"x0": 0.9969132557299644, "x1": 1.1800033070729097, "x2": 2.94245154324344, "x3": 1.719067992798262, "x4": 3.287745401658248, "x5": 5.930781813170061, "x6": 0.0454005546292943, "x7": -0.9613615629637733, "x8": 0.9125581463619594, "x9": 1.6471290832990886}, "datetime": {"datetime": "2025-05-17 22:42:28", "elapsed": 5259.635085, "delta": 3.994585}}
{"target": 3.5268936155790063, "params": {"x0": 0.9969132557299644, "x1": 1.1800033070729097, "x2": 2.94245154324344, "x3": 1.719067992798262, "x4": 3.287745401658248, "x5": 5.930781813170061, "x6": 0.0454005546292943, "x7": -0.9613615629637733, "x8": 0.9125581463619594, "x9": 1.6471290832990886}, "datetime": {"datetime": "2025-05-17 22:42:34", "elapsed": 5265.168049, "delta": 5.532964}}
{"target": 3.5268936155790063, "params": {"x0": 0.9969132557299644, "x1": 1.1800033070729097, "x2": 2.94245154324344, "x3": 1.719067992798262, "x4": 3.287745401658248, "x5": 5.930781813170061, "x6": 0.0454005546292943, "x7": -0.9613615629637733, "x8": 0.9125581463619594, "x9": 1.6471290832990886}, "datetime": {"datetime": "2025-05-17 22:42:38", "elapsed": 5269.535885, "delta": 4.367836}}
{"target": 3.5268936155790063, "params": {"x0": 0.9969132557299644, "x1": 1.1800033070729097, "x2": 2.94245154324344, "x3": 1.719067992798262, "x4": 3.287745401658248, "x5": 5.930781813170061, "x6": 0.0454005546292943, "x7": -0.9613615629637733, "x8": 0.9125581463619594, "x9": 1.6471290832990886}, "datetime": {"datetime": "2025-05-17 22:42:42", "elapsed": 5273.067465, "delta": 3.53158}}
{"target": 3.5268936155790063, "params": {"x0": 0.9969132557299644, "x1": 1.1800033070729097, "x2": 2.94245154324344, "x3": 1.719067992798262, "x4": 3.287745401658248, "x5": 5.930781813170061, "x6": 0.0454005546292943, "x7": -0.9613615629637733, "x8": 0.9125581463619594, "x9": 1.6471290832990886}, "datetime": {"datetime": "2025-05-17 22:42:46", "elapsed": 5277.463038, "delta": 4.395573}}
{"target": 3.5268936155790063, "params": {"x0": 0.9969132557299644, "x1": 1.1800033070729097, "x2": 2.94245154324344, "x3": 1.719067992798262, "x4": 3.287745401658248, "x5": 5.930781813170061, "x6": 0.0454005546292943, "x7": -0.9613615629637733, "x8": 0.9125581463619594, "x9": 1.6471290832990886}, "datetime": {"datetime": "2025-05-17 22:42:51", "elapsed": 5282.286833, "delta": 4.823795}}
{"target": 3.5268936155790063, "params": {"x0": 0.9969132557299644, "x1": 1.1800033070729097, "x2": 2.94245154324344, "x3": 1.719067992798262, "x4": 3.287745401658248, "x5": 5.930781813170061, "x6": 0.0454005546292943, "x7": -0.9613615629637733, "x8": 0.9125581463619594, "x9": 1.6471290832990886}, "datetime": {"datetime": "2025-05-17 22:42:55", "elapsed": 5286.288977, "delta": 4.002144}}
{"target": 3.5268936155790063, "params": {"x0": 0.9969132557299644, "x1": 1.1800033070729097, "x2": 2.94245154324344, "x3": 1.719067992798262, "x4": 3.287745401658248, "x5": 5.930781813170061, "x6": 0.0454005546292943, "x7": -0.9613615629637733, "x8": 0.9125581463619594, "x9": 1.6471290832990886}, "datetime": {"datetime": "2025-05-17 22:42:59", "elapsed": 5290.558918, "delta": 4.269941}}
{"target": 3.5268936155790063, "params": {"x0": 0.9969132557299644, "x1": 1.1800033070729097, "x2": 2.94245154324344, "x3": 1.719067992798262, "x4": 3.287745401658248, "x5": 5.930781813170061, "x6": 0.0454005546292943, "x7": -0.9613615629637733, "x8": 0.9125581463619594, "x9": 1.6471290832990886}, "datetime": {"datetime": "2025-05-17 22:43:03", "elapsed": 5294.614632, "delta": 4.055714}}
{"target": 3.5268936155790063, "params": {"x0": 0.9969132557299644, "x1": 1.1800033070729097, "x2": 2.94245154324344, "x3": 1.719067992798262, "x4": 3.287745401658248, "x5": 5.930781813170061, "x6": 0.0454005546292943, "x7": -0.9613615629637733, "x8": 0.9125581463619594, "x9": 1.6471290832990886}, "datetime": {"datetime": "2025-05-17 22:43:08", "elapsed": 5299.7029, "delta": 5.088268}}
{"target": 3.5268936155790063, "params": {"x0": 0.9969132557299644, "x1": 1.1800033070729097, "x2": 2.94245154324344, "x3": 1.719067992798262, "x4": 3.287745401658248, "x5": 5.930781813170061, "x6": 0.0454005546292943, "x7": -0.9613615629637733, "x8": 0.9125581463619594, "x9": 1.6471290832990886}, "datetime": {"datetime": "2025-05-17 22:43:12", "elapsed": 5303.715817, "delta": 4.012917}}
{"target": 3.5268936155790063, "params": {"x0": 0.9969132557299644, "x1": 1.1800033070729097, "x2": 2.94245154324344, "x3": 1.719067992798262, "x4": 3.287745401658248, "x5": 5.930781813170061, "x6": 0.0454005546292943, "x7": -0.9613615629637733, "x8": 0.9125581463619594, "x9": 1.6471290832990886}, "datetime": {"datetime": "2025-05-17 22:43:17", "elapsed": 5308.006554, "delta": 4.290737}}
{"target": 3.5268936155790063, "params": {"x0": 0.9969132557299644, "x1": 1.1800033070729097, "x2": 2.94245154324344, "x3": 1.719067992798262, "x4": 3.287745401658248, "x5": 5.930781813170061, "x6": 0.0454005546292943, "x7": -0.9613615629637733, "x8": 0.9125581463619594, "x9": 1.6471290832990886}, "datetime": {"datetime": "2025-05-17 22:43:20", "elapsed": 5311.478583, "delta": 3.472029}}
{"target": 3.5268936155790063, "params": {"x0": 0.9969132557299644, "x1": 1.1800033070729097, "x2": 2.94245154324344, "x3": 1.719067992798262, "x4": 3.287745401658248, "x5": 5.930781813170061, "x6": 0.0454005546292943, "x7": -0.9613615629637733, "x8": 0.9125581463619594, "x9": 1.6471290832990886}, "datetime": {"datetime": "2025-05-17 22:43:24", "elapsed": 5315.097866, "delta": 3.619283}}
{"target": 3.5268936155790063, "params": {"x0": 0.9969132557299644, "x1": 1.1800033070729097, "x2": 2.94245154324344, "x3": 1.719067992798262, "x4": 3.287745401658248, "x5": 5.930781813170061, "x6": 0.0454005546292943, "x7": -0.9613615629637733, "x8": 0.9125581463619594, "x9": 1.6471290832990886}, "datetime": {"datetime": "2025-05-17 22:43:28", "elapsed": 5319.720528, "delta": 4.622662}}
{"target": 3.5268936155790063, "params": {"x0": 0.9969132557299644, "x1": 1.1800033070729097, "x2": 2.94245154324344, "x3": 1.719067992798262, "x4": 3.287745401658248, "x5": 5.930781813170061, "x6": 0.0454005546292943, "x7": -0.9613615629637733, "x8": 0.9125581463619594, "x9": 1.6471290832990886}, "datetime": {"datetime": "2025-05-17 22:43:32", "elapsed": 5323.78423, "delta": 4.063702}}
{"target": 3.5268936155790063, "params": {"x0": 0.9969132557299644, "x1": 1.1800033070729097, "x2": 2.94245154324344, "x3": 1.719067992798262, "x4": 3.287745401658248, "x5": 5.930781813170061, "x6": 0.0454005546292943, "x7": -0.9613615629637733, "x8": 0.9125581463619594, "x9": 1.6471290832990886}, "datetime": {"datetime": "2025-05-17 22:43:36", "elapsed": 5327.803738, "delta": 4.019508}}
{"target": 3.5268936155790063, "params": {"x0": 0.9969132557299644, "x1": 1.1800033070729097, "x2": 2.94245154324344, "x3": 1.719067992798262, "x4": 3.287745401658248, "x5": 5.930781813170061, "x6": 0.0454005546292943, "x7": -0.9613615629637733, "x8": 0.9125581463619594, "x9": 1.6471290832990886}, "datetime": {"datetime": "2025-05-17 22:43:41", "elapsed": 5332.534622, "delta": 4.730884}}
{"target": 3.5268936155790063, "params": {"x0": 0.9969132557299644, "x1": 1.1800033070729097, "x2": 2.94245154324344, "x3": 1.719067992798262, "x4": 3.287745401658248, "x5": 5.930781813170061, "x6": 0.0454005546292943, "x7": -0.9613615629637733, "x8": 0.9125581463619594, "x9": 1.6471290832990886}, "datetime": {"datetime": "2025-05-17 22:43:45", "elapsed": 5336.830502, "delta": 4.29588}}
{"target": 3.5268936155790063, "params": {"x0": 0.9969132557299644, "x1": 1.1800033070729097, "x2": 2.94245154324344, "x3": 1.719067992798262, "x4": 3.287745401658248, "x5": 5.930781813170061, "x6": 0.0454005546292943, "x7": -0.9613615629637733, "x8": 0.9125581463619594, "x9": 1.6471290832990886}, "datetime": {"datetime": "2025-05-17 22:43:49", "elapsed": 5340.683865, "delta": 3.853363}}
{"target": 3.5268936155790063, "params": {"x0": 0.9969132557299644, "x1": 1.1800033070729097, "x2": 2.94245154324344, "x3": 1.719067992798262, "x4": 3.287745401658248, "x5": 5.930781813170061, "x6": 0.0454005546292943, "x7": -0.9613615629637733, "x8": 0.9125581463619594, "x9": 1.6471290832990886}, "datetime": {"datetime": "2025-05-17 22:43:53", "elapsed": 5344.300984, "delta": 3.617119}}
{"target": 3.5268936155790063, "params": {"x0": 0.9969132557299644, "x1": 1.1800033070729097, "x2": 2.94245154324344, "x3": 1.719067992798262, "x4": 3.287745401658248, "x5": 5.930781813170061, "x6": 0.0454005546292943, "x7": -0.9613615629637733, "x8": 0.9125581463619594, "x9": 1.6471290832990886}, "datetime": {"datetime": "2025-05-17 22:43:57", "elapsed": 5348.388898, "delta": 4.087914}}
{"target": 3.5268936155790063, "params": {"x0": 0.9969132557299644, "x1": 1.1800033070729097, "x2": 2.94245154324344, "x3": 1.719067992798262, "x4": 3.287745401658248, "x5": 5.930781813170061, "x6": 0.0454005546292943, "x7": -0.9613615629637733, "x8": 0.9125581463619594, "x9": 1.6471290832990886}, "datetime": {"datetime": "2025-05-17 22:44:01", "elapsed": 5351.974096, "delta": 3.585198}}
{"target": 3.5268936155790063, "params": {"x0": 0.9969132557299644, "x1": 1.1800033070729097, "x2": 2.94245154324344, "x3": 1.719067992798262, "x4": 3.287745401658248, "x5": 5.930781813170061, "x6": 0.0454005546292943, "x7": -0.9613615629637733, "x8": 0.9125581463619594, "x9": 1.6471290832990886}, "datetime": {"datetime": "2025-05-17 22:44:05", "elapsed": 5356.03796, "delta": 4.063864}}
{"target": 3.5268936155790063, "params": {"x0": 0.9969132557299644, "x1": 1.1800033070729097, "x2": 2.94245154324344, "x3": 1.719067992798262, "x4": 3.287745401658248, "x5": 5.930781813170061, "x6": 0.0454005546292943, "x7": -0.9613615629637733, "x8": 0.9125581463619594, "x9": 1.6471290832990886}, "datetime": {"datetime": "2025-05-17 22:44:08", "elapsed": 5359.558159, "delta": 3.520199}}
