{"target": 3.5268936155790063, "params": {"x0": 0.9969132557299644, "x1": 1.1800033070729097, "x2": 2.94245154324344, "x3": 1.719067992798262, "x4": 3.287745401658248, "x5": 5.930781813170061, "x6": 0.0454005546292943, "x7": -0.9613615629637733, "x8": 0.9125581463619594, "x9": 1.6471290832990886}, "datetime": {"datetime": "2025-05-17 23:29:40", "elapsed": 8091.721788, "delta": 4.855432}}
{"target": 3.5268936155790063, "params": {"x0": 0.9969132557299644, "x1": 1.1800033070729097, "x2": 2.94245154324344, "x3": 1.719067992798262, "x4": 3.287745401658248, "x5": 5.930781813170061, "x6": 0.0454005546292943, "x7": -0.9613615629637733, "x8": 0.9125581463619594, "x9": 1.6471290832990886}, "datetime": {"datetime": "2025-05-17 23:29:44", "elapsed": 8095.362265, "delta": 3.640477}}
{"target": 3.5268936155790063, "params": {"x0": 0.9969132557299644, "x1": 1.1800033070729097, "x2": 2.94245154324344, "x3": 1.719067992798262, "x4": 3.287745401658248, "x5": 5.930781813170061, "x6": 0.0454005546292943, "x7": -0.9613615629637733, "x8": 0.9125581463619594, "x9": 1.6471290832990886}, "datetime": {"datetime": "2025-05-17 23:29:48", "elapsed": 8099.431781, "delta": 4.069516}}
{"target": 3.5268936155790063, "params": {"x0": 0.9969132557299644, "x1": 1.1800033070729097, "x2": 2.94245154324344, "x3": 1.719067992798262, "x4": 3.287745401658248, "x5": 5.930781813170061, "x6": 0.0454005546292943, "x7": -0.9613615629637733, "x8": 0.9125581463619594, "x9": 1.6471290832990886}, "datetime": {"datetime": "2025-05-17 23:29:52", "elapsed": 8103.17971, "delta": 3.747929}}
{"target": 3.5268936155790063, "params": {"x0": 0.9969132557299644, "x1": 1.1800033070729097, "x2": 2.94245154324344, "x3": 1.719067992798262, "x4": 3.287745401658248, "x5": 5.930781813170061, "x6": 0.0454005546292943, "x7": -0.9613615629637733, "x8": 0.9125581463619594, "x9": 1.6471290832990886}, "datetime": {"datetime": "2025-05-17 23:29:55", "elapsed": 8106.529369, "delta": 3.349659}}
{"target": 3.5268936155790063, "params": {"x0": 0.9969132557299644, "x1": 1.1800033070729097, "x2": 2.94245154324344, "x3": 1.719067992798262, "x4": 3.287745401658248, "x5": 5.930781813170061, "x6": 0.0454005546292943, "x7": -0.9613615629637733, "x8": 0.9125581463619594, "x9": 1.6471290832990886}, "datetime": {"datetime": "2025-05-17 23:29:59", "elapsed": 8110.107243, "delta": 3.577874}}
{"target": 3.5268936155790063, "params": {"x0": 0.9969132557299644, "x1": 1.1800033070729097, "x2": 2.94245154324344, "x3": 1.719067992798262, "x4": 3.287745401658248, "x5": 5.930781813170061, "x6": 0.0454005546292943, "x7": -0.9613615629637733, "x8": 0.9125581463619594, "x9": 1.6471290832990886}, "datetime": {"datetime": "2025-05-17 23:30:02", "elapsed": 8113.689024, "delta": 3.581781}}
{"target": 3.5268936155790063, "params": {"x0": 0.9969132557299644, "x1": 1.1800033070729097, "x2": 2.94245154324344, "x3": 1.719067992798262, "x4": 3.287745401658248, "x5": 5.930781813170061, "x6": 0.0454005546292943, "x7": -0.9613615629637733, "x8": 0.9125581463619594, "x9": 1.6471290832990886}, "datetime": {"datetime": "2025-05-17 23:30:07", "elapsed": 8118.083937, "delta": 4.394913}}
{"target": 3.5268936155790063, "params": {"x0": 0.9969132557299644, "x1": 1.1800033070729097, "x2": 2.94245154324344, "x3": 1.719067992798262, "x4": 3.287745401658248, "x5": 5.930781813170061, "x6": 0.0454005546292943, "x7": -0.9613615629637733, "x8": 0.9125581463619594, "x9": 1.6471290832990886}, "datetime": {"datetime": "2025-05-17 23:30:11", "elapsed": 8122.291158, "delta": 4.207221}}
{"target": 3.5268936155790063, "params": {"x0": 0.9969132557299644, "x1": 1.1800033070729097, "x2": 2.94245154324344, "x3": 1.719067992798262, "x4": 3.287745401658248, "x5": 5.930781813170061, "x6": 0.0454005546292943, "x7": -0.9613615629637733, "x8": 0.9125581463619594, "x9": 1.6471290832990886}, "datetime": {"datetime": "2025-05-17 23:30:16", "elapsed": 8126.883678, "delta": 4.59252}}
{"target": 3.5268936155790063, "params": {"x0": 0.9969132557299644, "x1": 1.1800033070729097, "x2": 2.94245154324344, "x3": 1.719067992798262, "x4": 3.287745401658248, "x5": 5.930781813170061, "x6": 0.0454005546292943, "x7": -0.9613615629637733, "x8": 0.9125581463619594, "x9": 1.6471290832990886}, "datetime": {"datetime": "2025-05-17 23:30:19", "elapsed": 8130.604077, "delta": 3.720399}}
{"target": 3.5268936155790063, "params": {"x0": 0.9969132557299644, "x1": 1.1800033070729097, "x2": 2.94245154324344, "x3": 1.719067992798262, "x4": 3.287745401658248, "x5": 5.930781813170061, "x6": 0.0454005546292943, "x7": -0.9613615629637733, "x8": 0.9125581463619594, "x9": 1.6471290832990886}, "datetime": {"datetime": "2025-05-17 23:30:24", "elapsed": 8135.218929, "delta": 4.614852}}
{"target": 3.5268936155790063, "params": {"x0": 0.9969132557299644, "x1": 1.1800033070729097, "x2": 2.94245154324344, "x3": 1.719067992798262, "x4": 3.287745401658248, "x5": 5.930781813170061, "x6": 0.0454005546292943, "x7": -0.9613615629637733, "x8": 0.9125581463619594, "x9": 1.6471290832990886}, "datetime": {"datetime": "2025-05-17 23:30:27", "elapsed": 8138.86098, "delta": 3.642051}}
{"target": 3.5268936155790063, "params": {"x0": 0.9969132557299644, "x1": 1.1800033070729097, "x2": 2.94245154324344, "x3": 1.719067992798262, "x4": 3.287745401658248, "x5": 5.930781813170061, "x6": 0.0454005546292943, "x7": -0.9613615629637733, "x8": 0.9125581463619594, "x9": 1.6471290832990886}, "datetime": {"datetime": "2025-05-17 23:30:31", "elapsed": 8142.804973, "delta": 3.943993}}
{"target": 3.5268936155790063, "params": {"x0": 0.9969132557299644, "x1": 1.1800033070729097, "x2": 2.94245154324344, "x3": 1.719067992798262, "x4": 3.287745401658248, "x5": 5.930781813170061, "x6": 0.0454005546292943, "x7": -0.9613615629637733, "x8": 0.9125581463619594, "x9": 1.6471290832990886}, "datetime": {"datetime": "2025-05-17 23:30:36", "elapsed": 8147.059308, "delta": 4.254335}}
{"target": 3.5268936155790063, "params": {"x0": 0.9969132557299644, "x1": 1.1800033070729097, "x2": 2.94245154324344, "x3": 1.719067992798262, "x4": 3.287745401658248, "x5": 5.930781813170061, "x6": 0.0454005546292943, "x7": -0.9613615629637733, "x8": 0.9125581463619594, "x9": 1.6471290832990886}, "datetime": {"datetime": "2025-05-17 23:30:39", "elapsed": 8150.409549, "delta": 3.350241}}
{"target": 3.5268936155790063, "params": {"x0": 0.9969132557299644, "x1": 1.1800033070729097, "x2": 2.94245154324344, "x3": 1.719067992798262, "x4": 3.287745401658248, "x5": 5.930781813170061, "x6": 0.0454005546292943, "x7": -0.9613615629637733, "x8": 0.9125581463619594, "x9": 1.6471290832990886}, "datetime": {"datetime": "2025-05-17 23:30:43", "elapsed": 8154.517079, "delta": 4.10753}}
{"target": 3.5268936155790063, "params": {"x0": 0.9969132557299644, "x1": 1.1800033070729097, "x2": 2.94245154324344, "x3": 1.719067992798262, "x4": 3.287745401658248, "x5": 5.930781813170061, "x6": 0.0454005546292943, "x7": -0.9613615629637733, "x8": 0.9125581463619594, "x9": 1.6471290832990886}, "datetime": {"datetime": "2025-05-17 23:30:48", "elapsed": 8159.295874, "delta": 4.778795}}
{"target": 3.5268936155790063, "params": {"x0": 0.9969132557299644, "x1": 1.1800033070729097, "x2": 2.94245154324344, "x3": 1.719067992798262, "x4": 3.287745401658248, "x5": 5.930781813170061, "x6": 0.0454005546292943, "x7": -0.9613615629637733, "x8": 0.9125581463619594, "x9": 1.6471290832990886}, "datetime": {"datetime": "2025-05-17 23:30:52", "elapsed": 8163.599633, "delta": 4.303759}}
{"target": 3.5268936155790063, "params": {"x0": 0.9969132557299644, "x1": 1.1800033070729097, "x2": 2.94245154324344, "x3": 1.719067992798262, "x4": 3.287745401658248, "x5": 5.930781813170061, "x6": 0.0454005546292943, "x7": -0.9613615629637733, "x8": 0.9125581463619594, "x9": 1.6471290832990886}, "datetime": {"datetime": "2025-05-17 23:30:56", "elapsed": 8167.582363, "delta": 3.98273}}
{"target": 3.5268936155790063, "params": {"x0": 0.9969132557299644, "x1": 1.1800033070729097, "x2": 2.94245154324344, "x3": 1.719067992798262, "x4": 3.287745401658248, "x5": 5.930781813170061, "x6": 0.0454005546292943, "x7": -0.9613615629637733, "x8": 0.9125581463619594, "x9": 1.6471290832990886}, "datetime": {"datetime": "2025-05-17 23:31:01", "elapsed": 8172.705829, "delta": 5.123466}}
{"target": 3.5268936155790063, "params": {"x0": 0.9969132557299644, "x1": 1.1800033070729097, "x2": 2.94245154324344, "x3": 1.719067992798262, "x4": 3.287745401658248, "x5": 5.930781813170061, "x6": 0.0454005546292943, "x7": -0.9613615629637733, "x8": 0.9125581463619594, "x9": 1.6471290832990886}, "datetime": {"datetime": "2025-05-17 23:31:05", "elapsed": 8176.593481, "delta": 3.887652}}
{"target": 3.5268936155790063, "params": {"x0": 0.9969132557299644, "x1": 1.1800033070729097, "x2": 2.94245154324344, "x3": 1.719067992798262, "x4": 3.287745401658248, "x5": 5.930781813170061, "x6": 0.0454005546292943, "x7": -0.9613615629637733, "x8": 0.9125581463619594, "x9": 1.6471290832990886}, "datetime": {"datetime": "2025-05-17 23:31:09", "elapsed": 8180.534542, "delta": 3.941061}}
{"target": 3.5268936155790063, "params": {"x0": 0.9969132557299644, "x1": 1.1800033070729097, "x2": 2.94245154324344, "x3": 1.719067992798262, "x4": 3.287745401658248, "x5": 5.930781813170061, "x6": 0.0454005546292943, "x7": -0.9613615629637733, "x8": 0.9125581463619594, "x9": 1.6471290832990886}, "datetime": {"datetime": "2025-05-17 23:31:12", "elapsed": 8183.445073, "delta": 2.910531}}
{"target": 3.5268936155790063, "params": {"x0": 0.9969132557299644, "x1": 1.1800033070729097, "x2": 2.94245154324344, "x3": 1.719067992798262, "x4": 3.287745401658248, "x5": 5.930781813170061, "x6": 0.0454005546292943, "x7": -0.9613615629637733, "x8": 0.9125581463619594, "x9": 1.6471290832990886}, "datetime": {"datetime": "2025-05-17 23:31:16", "elapsed": 8187.273865, "delta": 3.828792}}
{"target": 3.5268936155790063, "params": {"x0": 0.9969132557299644, "x1": 1.1800033070729097, "x2": 2.94245154324344, "x3": 1.719067992798262, "x4": 3.287745401658248, "x5": 5.930781813170061, "x6": 0.0454005546292943, "x7": -0.9613615629637733, "x8": 0.9125581463619594, "x9": 1.6471290832990886}, "datetime": {"datetime": "2025-05-17 23:31:20", "elapsed": 8191.425229, "delta": 4.151364}}
{"target": 3.5268936155790063, "params": {"x0": 0.9969132557299644, "x1": 1.1800033070729097, "x2": 2.94245154324344, "x3": 1.719067992798262, "x4": 3.287745401658248, "x5": 5.930781813170061, "x6": 0.0454005546292943, "x7": -0.9613615629637733, "x8": 0.9125581463619594, "x9": 1.6471290832990886}, "datetime": {"datetime": "2025-05-17 23:31:23", "elapsed": 8194.728276, "delta": 3.303047}}
{"target": 3.5268936155790063, "params": {"x0": 0.9969132557299644, "x1": 1.1800033070729097, "x2": 2.94245154324344, "x3": 1.719067992798262, "x4": 3.287745401658248, "x5": 5.930781813170061, "x6": 0.0454005546292943, "x7": -0.9613615629637733, "x8": 0.9125581463619594, "x9": 1.6471290832990886}, "datetime": {"datetime": "2025-05-17 23:31:28", "elapsed": 8199.512549, "delta": 4.784273}}
{"target": 3.5268936155790063, "params": {"x0": 0.9969132557299644, "x1": 1.1800033070729097, "x2": 2.94245154324344, "x3": 1.719067992798262, "x4": 3.287745401658248, "x5": 5.930781813170061, "x6": 0.0454005546292943, "x7": -0.9613615629637733, "x8": 0.9125581463619594, "x9": 1.6471290832990886}, "datetime": {"datetime": "2025-05-17 23:31:32", "elapsed": 8203.872332, "delta": 4.359783}}
{"target": 3.5268936155790063, "params": {"x0": 0.9969132557299644, "x1": 1.1800033070729097, "x2": 2.94245154324344, "x3": 1.719067992798262, "x4": 3.287745401658248, "x5": 5.930781813170061, "x6": 0.0454005546292943, "x7": -0.9613615629637733, "x8": 0.9125581463619594, "x9": 1.6471290832990886}, "datetime": {"datetime": "2025-05-17 23:31:36", "elapsed": 8207.797773, "delta": 3.925441}}
{"target": 3.5268936155790063, "params": {"x0": 0.9969132557299644, "x1": 1.1800033070729097, "x2": 2.94245154324344, "x3": 1.719067992798262, "x4": 3.287745401658248, "x5": 5.930781813170061, "x6": 0.0454005546292943, "x7": -0.9613615629637733, "x8": 0.9125581463619594, "x9": 1.6471290832990886}, "datetime": {"datetime": "2025-05-17 23:31:41", "elapsed": 8211.951026, "delta": 4.153253}}
{"target": 3.5268936155790063, "params": {"x0": 0.9969132557299644, "x1": 1.1800033070729097, "x2": 2.94245154324344, "x3": 1.719067992798262, "x4": 3.287745401658248, "x5": 5.930781813170061, "x6": 0.0454005546292943, "x7": -0.9613615629637733, "x8": 0.9125581463619594, "x9": 1.6471290832990886}, "datetime": {"datetime": "2025-05-17 23:31:44", "elapsed": 8215.737831, "delta": 3.786805}}
{"target": 3.5268936155790063, "params": {"x0": 0.9969132557299644, "x1": 1.1800033070729097, "x2": 2.94245154324344, "x3": 1.719067992798262, "x4": 3.287745401658248, "x5": 5.930781813170061, "x6": 0.0454005546292943, "x7": -0.9613615629637733, "x8": 0.9125581463619594, "x9": 1.6471290832990886}, "datetime": {"datetime": "2025-05-17 23:31:49", "elapsed": 8220.395122, "delta": 4.657291}}
{"target": 3.5268936155790063, "params": {"x0": 0.9969132557299644, "x1": 1.1800033070729097, "x2": 2.94245154324344, "x3": 1.719067992798262, "x4": 3.287745401658248, "x5": 5.930781813170061, "x6": 0.0454005546292943, "x7": -0.9613615629637733, "x8": 0.9125581463619594, "x9": 1.6471290832990886}, "datetime": {"datetime": "2025-05-17 23:31:54", "elapsed": 8225.565499, "delta": 5.170377}}
{"target": 3.5268936155790063, "params": {"x0": 0.9969132557299644, "x1": 1.1800033070729097, "x2": 2.94245154324344, "x3": 1.719067992798262, "x4": 3.287745401658248, "x5": 5.930781813170061, "x6": 0.0454005546292943, "x7": -0.9613615629637733, "x8": 0.9125581463619594, "x9": 1.6471290832990886}, "datetime": {"datetime": "2025-05-17 23:31:58", "elapsed": 8229.424824, "delta": 3.859325}}
{"target": 3.5268936155790063, "params": {"x0": 0.9969132557299644, "x1": 1.1800033070729097, "x2": 2.94245154324344, "x3": 1.719067992798262, "x4": 3.287745401658248, "x5": 5.930781813170061, "x6": 0.0454005546292943, "x7": -0.9613615629637733, "x8": 0.9125581463619594, "x9": 1.6471290832990886}, "datetime": {"datetime": "2025-05-17 23:32:02", "elapsed": 8233.811445, "delta": 4.386621}}
{"target": 3.5268936155790063, "params": {"x0": 0.9969132557299644, "x1": 1.1800033070729097, "x2": 2.94245154324344, "x3": 1.719067992798262, "x4": 3.287745401658248, "x5": 5.930781813170061, "x6": 0.0454005546292943, "x7": -0.9613615629637733, "x8": 0.9125581463619594, "x9": 1.6471290832990886}, "datetime": {"datetime": "2025-05-17 23:32:07", "elapsed": 8238.449684, "delta": 4.638239}}
{"target": 3.5268936155790063, "params": {"x0": 0.9969132557299644, "x1": 1.1800033070729097, "x2": 2.94245154324344, "x3": 1.719067992798262, "x4": 3.287745401658248, "x5": 5.930781813170061, "x6": 0.0454005546292943, "x7": -0.9613615629637733, "x8": 0.9125581463619594, "x9": 1.6471290832990886}, "datetime": {"datetime": "2025-05-17 23:32:11", "elapsed": 8242.309315, "delta": 3.859631}}
{"target": 3.5268936155790063, "params": {"x0": 0.9969132557299644, "x1": 1.1800033070729097, "x2": 2.94245154324344, "x3": 1.719067992798262, "x4": 3.287745401658248, "x5": 5.930781813170061, "x6": 0.0454005546292943, "x7": -0.9613615629637733, "x8": 0.9125581463619594, "x9": 1.6471290832990886}, "datetime": {"datetime": "2025-05-17 23:32:14", "elapsed": 8245.421086, "delta": 3.111771}}
{"target": 3.5268936155790063, "params": {"x0": 0.9969132557299644, "x1": 1.1800033070729097, "x2": 2.94245154324344, "x3": 1.719067992798262, "x4": 3.287745401658248, "x5": 5.930781813170061, "x6": 0.0454005546292943, "x7": -0.9613615629637733, "x8": 0.9125581463619594, "x9": 1.6471290832990886}, "datetime": {"datetime": "2025-05-17 23:32:18", "elapsed": 8249.581053, "delta": 4.159967}}
{"target": 3.5268936155790063, "params": {"x0": 0.9969132557299644, "x1": 1.1800033070729097, "x2": 2.94245154324344, "x3": 1.719067992798262, "x4": 3.287745401658248, "x5": 5.930781813170061, "x6": 0.0454005546292943, "x7": -0.9613615629637733, "x8": 0.9125581463619594, "x9": 1.6471290832990886}, "datetime": {"datetime": "2025-05-17 23:32:24", "elapsed": 8255.164071, "delta": 5.583018}}
{"target": 3.5268936155790063, "params": {"x0": 0.9969132557299644, "x1": 1.1800033070729097, "x2": 2.94245154324344, "x3": 1.719067992798262, "x4": 3.287745401658248, "x5": 5.930781813170061, "x6": 0.0454005546292943, "x7": -0.9613615629637733, "x8": 0.9125581463619594, "x9": 1.6471290832990886}, "datetime": {"datetime": "2025-05-17 23:32:28", "elapsed": 8259.388573, "delta": 4.224502}}
{"target": 3.5268936155790063, "params": {"x0": 0.9969132557299644, "x1": 1.1800033070729097, "x2": 2.94245154324344, "x3": 1.719067992798262, "x4": 3.287745401658248, "x5": 5.930781813170061, "x6": 0.0454005546292943, "x7": -0.9613615629637733, "x8": 0.9125581463619594, "x9": 1.6471290832990886}, "datetime": {"datetime": "2025-05-17 23:32:32", "elapsed": 8263.05082, "delta": 3.662247}}
{"target": 3.5268936155790063, "params": {"x0": 0.9969132557299644, "x1": 1.1800033070729097, "x2": 2.94245154324344, "x3": 1.719067992798262, "x4": 3.287745401658248, "x5": 5.930781813170061, "x6": 0.0454005546292943, "x7": -0.9613615629637733, "x8": 0.9125581463619594, "x9": 1.6471290832990886}, "datetime": {"datetime": "2025-05-17 23:32:36", "elapsed": 8266.92349, "delta": 3.87267}}
{"target": 3.5268936155790063, "params": {"x0": 0.9969132557299644, "x1": 1.1800033070729097, "x2": 2.94245154324344, "x3": 1.719067992798262, "x4": 3.287745401658248, "x5": 5.930781813170061, "x6": 0.0454005546292943, "x7": -0.9613615629637733, "x8": 0.9125581463619594, "x9": 1.6471290832990886}, "datetime": {"datetime": "2025-05-17 23:32:40", "elapsed": 8271.335376, "delta": 4.411886}}
{"target": 3.5268936155790063, "params": {"x0": 0.9969132557299644, "x1": 1.1800033070729097, "x2": 2.94245154324344, "x3": 1.719067992798262, "x4": 3.287745401658248, "x5": 5.930781813170061, "x6": 0.0454005546292943, "x7": -0.9613615629637733, "x8": 0.9125581463619594, "x9": 1.6471290832990886}, "datetime": {"datetime": "2025-05-17 23:32:45", "elapsed": 8276.313669, "delta": 4.978293}}
{"target": 3.5268936155790063, "params": {"x0": 0.9969132557299644, "x1": 1.1800033070729097, "x2": 2.94245154324344, "x3": 1.719067992798262, "x4": 3.287745401658248, "x5": 5.930781813170061, "x6": 0.0454005546292943, "x7": -0.9613615629637733, "x8": 0.9125581463619594, "x9": 1.6471290832990886}, "datetime": {"datetime": "2025-05-17 23:32:49", "elapsed": 8279.904925, "delta": 3.591256}}
{"target": 3.5268936155790063, "params": {"x0": 0.9969132557299644, "x1": 1.1800033070729097, "x2": 2.94245154324344, "x3": 1.719067992798262, "x4": 3.287745401658248, "x5": 5.930781813170061, "x6": 0.0454005546292943, "x7": -0.9613615629637733, "x8": 0.9125581463619594, "x9": 1.6471290832990886}, "datetime": {"datetime": "2025-05-17 23:32:53", "elapsed": 8284.108954, "delta": 4.204029}}
{"target": 3.5268936155790063, "params": {"x0": 0.9969132557299644, "x1": 1.1800033070729097, "x2": 2.94245154324344, "x3": 1.719067992798262, "x4": 3.287745401658248, "x5": 5.930781813170061, "x6": 0.0454005546292943, "x7": -0.9613615629637733, "x8": 0.9125581463619594, "x9": 1.6471290832990886}, "datetime": {"datetime": "2025-05-17 23:32:58", "elapsed": 8289.031359, "delta": 4.922405}}
{"target": 3.5268936155790063, "params": {"x0": 0.9969132557299644, "x1": 1.1800033070729097, "x2": 2.94245154324344, "x3": 1.719067992798262, "x4": 3.287745401658248, "x5": 5.930781813170061, "x6": 0.0454005546292943, "x7": -0.9613615629637733, "x8": 0.9125581463619594, "x9": 1.6471290832990886}, "datetime": {"datetime": "2025-05-17 23:33:01", "elapsed": 8292.741681, "delta": 3.710322}}
{"target": 3.5268936155790063, "params": {"x0": 0.9969132557299644, "x1": 1.1800033070729097, "x2": 2.94245154324344, "x3": 1.719067992798262, "x4": 3.287745401658248, "x5": 5.930781813170061, "x6": 0.0454005546292943, "x7": -0.9613615629637733, "x8": 0.9125581463619594, "x9": 1.6471290832990886}, "datetime": {"datetime": "2025-05-17 23:33:05", "elapsed": 8296.371418, "delta": 3.629737}}
{"target": 3.5268936155790063, "params": {"x0": 0.9969132557299644, "x1": 1.1800033070729097, "x2": 2.94245154324344, "x3": 1.719067992798262, "x4": 3.287745401658248, "x5": 5.930781813170061, "x6": 0.0454005546292943, "x7": -0.9613615629637733, "x8": 0.9125581463619594, "x9": 1.6471290832990886}, "datetime": {"datetime": "2025-05-17 23:33:09", "elapsed": 8300.262702, "delta": 3.891284}}
{"target": 3.5268936155790063, "params": {"x0": 0.9969132557299644, "x1": 1.1800033070729097, "x2": 2.94245154324344, "x3": 1.719067992798262, "x4": 3.287745401658248, "x5": 5.930781813170061, "x6": 0.0454005546292943, "x7": -0.9613615629637733, "x8": 0.9125581463619594, "x9": 1.6471290832990886}, "datetime": {"datetime": "2025-05-17 23:33:13", "elapsed": 8304.626694, "delta": 4.363992}}
{"target": 3.5268936155790063, "params": {"x0": 0.9969132557299644, "x1": 1.1800033070729097, "x2": 2.94245154324344, "x3": 1.719067992798262, "x4": 3.287745401658248, "x5": 5.930781813170061, "x6": 0.0454005546292943, "x7": -0.9613615629637733, "x8": 0.9125581463619594, "x9": 1.6471290832990886}, "datetime": {"datetime": "2025-05-17 23:33:17", "elapsed": 8308.136972, "delta": 3.510278}}
{"target": 3.5268936155790063, "params": {"x0": 0.9969132557299644, "x1": 1.1800033070729097, "x2": 2.94245154324344, "x3": 1.719067992798262, "x4": 3.287745401658248, "x5": 5.930781813170061, "x6": 0.0454005546292943, "x7": -0.9613615629637733, "x8": 0.9125581463619594, "x9": 1.6471290832990886}, "datetime": {"datetime": "2025-05-17 23:33:21", "elapsed": 8312.415508, "delta": 4.278536}}
{"target": 3.5268936155790063, "params": {"x0": 0.9969132557299644, "x1": 1.1800033070729097, "x2": 2.94245154324344, "x3": 1.719067992798262, "x4": 3.287745401658248, "x5": 5.930781813170061, "x6": 0.0454005546292943, "x7": -0.9613615629637733, "x8": 0.9125581463619594, "x9": 1.6471290832990886}, "datetime": {"datetime": "2025-05-17 23:33:25", "elapsed": 8316.751599, "delta": 4.336091}}
