{"target": 3.5268936155790063, "params": {"x0": 0.9969132557319144, "x1": 1.1800033070222036, "x2": 2.942451543257925, "x3": 1.7190679928113353, "x4": 3.2877454018623182, "x5": 5.930781813078441, "x6": 0.0454005546297491, "x7": -0.9613615630576036, "x8": 0.9125581463550441, "x9": 1.6471290832844059}, "datetime": {"datetime": "2025-05-17 21:59:38", "elapsed": 2689.628424, "delta": 10.3684}}
{"target": 3.5268936155790063, "params": {"x0": 0.9969132557256052, "x1": 1.1800033071168148, "x2": 2.9424515431849194, "x3": 1.719067992745454, "x4": 3.2877454017087646, "x5": 5.930781813062566, "x6": 0.04540055450932965, "x7": -0.961361563024154, "x8": 0.9125581463608742, "x9": 1.6471290832982712}, "datetime": {"datetime": "2025-05-17 21:59:49", "elapsed": 2700.21451, "delta": 10.586086}}
{"target": 3.5268936155790063, "params": {"x0": 0.9969132557338656, "x1": 1.180003307036333, "x2": 2.942451543192523, "x3": 1.7190679927482608, "x4": 3.2877454017483227, "x5": 5.930781813171189, "x6": 0.04540055479900637, "x7": -0.9613615629530083, "x8": 0.9125581463769905, "x9": 1.6471290832877832}, "datetime": {"datetime": "2025-05-17 21:59:59", "elapsed": 2710.383483, "delta": 10.168973}}
{"target": 3.5268936155790063, "params": {"x0": 0.9969132557304474, "x1": 1.1800033070775344, "x2": 2.94245154324612, "x3": 1.7190679928479575, "x4": 3.287745401684996, "x5": 5.93078181318281, "x6": 0.045400554572284084, "x7": -0.9613615629942818, "x8": 0.9125581463878403, "x9": 1.6471290833008827}, "datetime": {"datetime": "2025-05-17 22:00:10", "elapsed": 2721.175853, "delta": 10.79237}}
{"target": 3.5268936155790063, "params": {"x0": 0.9969132557318928, "x1": 1.1800033070531684, "x2": 2.9424515432113623, "x3": 1.7190679927439125, "x4": 3.2877454017316086, "x5": 5.930781813219987, "x6": 0.04540055450980208, "x7": -0.9613615629349366, "x8": 0.9125581463493352, "x9": 1.6471290833051988}, "datetime": {"datetime": "2025-05-17 22:00:20", "elapsed": 2731.383292, "delta": 10.207439}}
{"target": 3.5268936155790063, "params": {"x0": 0.996913255732946, "x1": 1.1800033070435176, "x2": 2.9424515432508995, "x3": 1.719067992729146, "x4": 3.2877454015828236, "x5": 5.930781813003799, "x6": 0.04540055461122206, "x7": -0.9613615629762255, "x8": 0.912558146362527, "x9": 1.6471290833066534}, "datetime": {"datetime": "2025-05-17 22:00:30", "elapsed": 2741.47969, "delta": 10.096398}}
{"target": 3.5268936155790063, "params": {"x0": 0.9969132557304636, "x1": 1.1800033070807532, "x2": 2.942451543234777, "x3": 1.7190679928045363, "x4": 3.2877454016291736, "x5": 5.9307818131895, "x6": 0.045400554657093715, "x7": -0.9613615629565522, "x8": 0.912558146379311, "x9": 1.6471290832965424}, "datetime": {"datetime": "2025-05-17 22:00:41", "elapsed": 2752.317145, "delta": 10.837455}}
{"target": 3.5268936155790063, "params": {"x0": 0.9969132557296871, "x1": 1.180003307062229, "x2": 2.9424515432368503, "x3": 1.719067992789329, "x4": 3.2877454017032175, "x5": 5.9307818133126515, "x6": 0.04540055459706041, "x7": -0.9613615630248663, "x8": 0.9125581463516195, "x9": 1.6471290833027223}, "datetime": {"datetime": "2025-05-17 22:00:52", "elapsed": 2762.952989, "delta": 10.635844}}
{"target": 3.5268936155790063, "params": {"x0": 0.9969132557291625, "x1": 1.1800033070645028, "x2": 2.942451543274252, "x3": 1.7190679927737595, "x4": 3.287745401633322, "x5": 5.93078181326324, "x6": 0.04540055455661535, "x7": -0.9613615629653735, "x8": 0.9125581463460039, "x9": 1.6471290832952217}, "datetime": {"datetime": "2025-05-17 22:01:02", "elapsed": 2773.243181, "delta": 10.290192}}
{"target": 3.5268936155790063, "params": {"x0": 0.9969132557307461, "x1": 1.1800033070665696, "x2": 2.9424515432229508, "x3": 1.71906799282505, "x4": 3.2877454015928973, "x5": 5.930781813056077, "x6": 0.04540055464393307, "x7": -0.9613615629437003, "x8": 0.9125581463595104, "x9": 1.647129083298743}, "datetime": {"datetime": "2025-05-17 22:01:12", "elapsed": 2783.408961, "delta": 10.16578}}
{"target": 3.5268936155790063, "params": {"x0": 0.9969132557286045, "x1": 1.1800033070796005, "x2": 2.9424515432421825, "x3": 1.7190679928363402, "x4": 3.2877454016746297, "x5": 5.930781813222799, "x6": 0.045400554555482385, "x7": -0.9613615629745281, "x8": 0.9125581463569695, "x9": 1.6471290832992749}, "datetime": {"datetime": "2025-05-17 22:01:22", "elapsed": 2793.662269, "delta": 10.253308}}
{"target": 3.5268936155790063, "params": {"x0": 0.9969132557297563, "x1": 1.180003307075474, "x2": 2.9424515432271137, "x3": 1.719067992817942, "x4": 3.287745401599579, "x5": 5.930781813248858, "x6": 0.04540055455609215, "x7": -0.9613615629284064, "x8": 0.9125581463562324, "x9": 1.6471290832997596}, "datetime": {"datetime": "2025-05-17 22:01:33", "elapsed": 2804.439989, "delta": 10.77772}}
{"target": 3.5268936155790063, "params": {"x0": 0.9969132557306488, "x1": 1.1800033070763416, "x2": 2.9424515432445078, "x3": 1.7190679927907822, "x4": 3.2877454016506977, "x5": 5.930781813203545, "x6": 0.04540055465283641, "x7": -0.9613615629573808, "x8": 0.9125581463650382, "x9": 1.6471290832988568}, "datetime": {"datetime": "2025-05-17 22:01:44", "elapsed": 2814.975236, "delta": 10.535247}}
{"target": 3.5268936155790063, "params": {"x0": 0.996913255731004, "x1": 1.1800033070641136, "x2": 2.9424515432372917, "x3": 1.7190679927719306, "x4": 3.2877454016662937, "x5": 5.930781813218971, "x6": 0.04540055462347282, "x7": -0.9613615629661205, "x8": 0.9125581463638793, "x9": 1.6471290833016836}, "datetime": {"datetime": "2025-05-17 22:01:54", "elapsed": 2825.376668, "delta": 10.401432}}
{"target": 3.5268936155790063, "params": {"x0": 0.9969132557295654, "x1": 1.1800033070763618, "x2": 2.9424515432533203, "x3": 1.7190679928104355, "x4": 3.287745401687636, "x5": 5.930781813178971, "x6": 0.04540055466771369, "x7": -0.9613615629398585, "x8": 0.9125581463567513, "x9": 1.6471290832979855}, "datetime": {"datetime": "2025-05-17 22:02:04", "elapsed": 2835.495403, "delta": 10.118735}}
{"target": 3.5268936155790063, "params": {"x0": 0.9969132557291444, "x1": 1.1800033070714635, "x2": 2.942451543245125, "x3": 1.719067992810414, "x4": 3.2877454016427556, "x5": 5.930781813232933, "x6": 0.045400554675627765, "x7": -0.9613615629833444, "x8": 0.9125581463577563, "x9": 1.6471290833021004}, "datetime": {"datetime": "2025-05-17 22:02:14", "elapsed": 2845.832607, "delta": 10.337204}}
{"target": 3.5268936155790063, "params": {"x0": 0.9969132557300348, "x1": 1.1800033070704001, "x2": 2.94245154323258, "x3": 1.7190679928206196, "x4": 3.287745401664076, "x5": 5.930781813130544, "x6": 0.04540055457439966, "x7": -0.9613615629829428, "x8": 0.9125581463688366, "x9": 1.6471290833022805}, "datetime": {"datetime": "2025-05-17 22:02:25", "elapsed": 2856.838906, "delta": 11.006299}}
{"target": 3.5268936155790063, "params": {"x0": 0.9969132557302516, "x1": 1.1800033070788065, "x2": 2.942451543252105, "x3": 1.7190679927994459, "x4": 3.287745401623664, "x5": 5.930781813192985, "x6": 0.04540055457761562, "x7": -0.9613615629778591, "x8": 0.9125581463673506, "x9": 1.6471290832967087}, "datetime": {"datetime": "2025-05-17 22:02:36", "elapsed": 2867.374877, "delta": 10.535971}}
{"target": 3.5268936155790063, "params": {"x0": 0.9969132557299848, "x1": 1.1800033070789124, "x2": 2.942451543236685, "x3": 1.7190679927834402, "x4": 3.2877454016703753, "x5": 5.930781813207286, "x6": 0.045400554583474605, "x7": -0.9613615629790159, "x8": 0.9125581463580169, "x9": 1.6471290833004166}, "datetime": {"datetime": "2025-05-17 22:02:47", "elapsed": 2878.196611, "delta": 10.821734}}
{"target": 3.5268936155790063, "params": {"x0": 0.9969132557294315, "x1": 1.1800033070780236, "x2": 2.942451543239479, "x3": 1.7190679927828654, "x4": 3.2877454016420193, "x5": 5.930781813151004, "x6": 0.045400554621768785, "x7": -0.9613615629758335, "x8": 0.9125581463652386, "x9": 1.6471290833002061}, "datetime": {"datetime": "2025-05-17 22:02:57", "elapsed": 2888.299591, "delta": 10.10298}}
{"target": 3.5268936155790063, "params": {"x0": 0.9969132557298062, "x1": 1.1800033070685194, "x2": 2.942451543238946, "x3": 1.719067992791313, "x4": 3.2877454016623195, "x5": 5.930781813175578, "x6": 0.04540055460590472, "x7": -0.9613615629655563, "x8": 0.9125581463586254, "x9": 1.6471290832992178}, "datetime": {"datetime": "2025-05-17 22:03:08", "elapsed": 2899.146546, "delta": 10.846955}}
{"target": 3.5268936155790063, "params": {"x0": 0.9969132557304027, "x1": 1.1800033070700089, "x2": 2.9424515432342515, "x3": 1.719067992797287, "x4": 3.287745401639495, "x5": 5.930781813203621, "x6": 0.045400554659246896, "x7": -0.9613615629625053, "x8": 0.9125581463616833, "x9": 1.647129083298985}, "datetime": {"datetime": "2025-05-17 22:03:18", "elapsed": 2909.606336, "delta": 10.45979}}
{"target": 3.5268936155790063, "params": {"x0": 0.9969132557302424, "x1": 1.1800033070694784, "x2": 2.942451543244561, "x3": 1.719067992795703, "x4": 3.2877454016513616, "x5": 5.930781813146506, "x6": 0.04540055465638399, "x7": -0.9613615629735631, "x8": 0.9125581463613882, "x9": 1.6471290833004615}, "datetime": {"datetime": "2025-05-17 22:03:29", "elapsed": 2920.151168, "delta": 10.544832}}
{"target": 3.5268936155790063, "params": {"x0": 0.9969132557302426, "x1": 1.1800033070684597, "x2": 2.942451543242686, "x3": 1.7190679927903, "x4": 3.2877454016633463, "x5": 5.930781813173896, "x6": 0.04540055460461981, "x7": -0.9613615629724366, "x8": 0.9125581463595565, "x9": 1.647129083299487}, "datetime": {"datetime": "2025-05-17 22:03:39", "elapsed": 2930.41698, "delta": 10.265812}}
{"target": 3.5268936155790063, "params": {"x0": 0.996913255729708, "x1": 1.1800033070705334, "x2": 2.9424515432474525, "x3": 1.7190679927923578, "x4": 3.2877454016523564, "x5": 5.930781813193725, "x6": 0.04540055463821216, "x7": -0.961361562970592, "x8": 0.9125581463646784, "x9": 1.6471290832988492}, "datetime": {"datetime": "2025-05-17 22:03:50", "elapsed": 2941.148613, "delta": 10.731633}}
{"target": 3.5268936155790063, "params": {"x0": 0.9969132557300197, "x1": 1.180003307069988, "x2": 2.9424515432454497, "x3": 1.7190679928030697, "x4": 3.287745401643553, "x5": 5.93078181316566, "x6": 0.04540055463537715, "x7": -0.9613615629695061, "x8": 0.9125581463593233, "x9": 1.647129083299032}, "datetime": {"datetime": "2025-05-17 22:04:00", "elapsed": 2951.713166, "delta": 10.564553}}
{"target": 3.5268936155790063, "params": {"x0": 0.9969132557300857, "x1": 1.1800033070724907, "x2": 2.942451543248398, "x3": 1.7190679928046295, "x4": 3.2877454016618577, "x5": 5.930781813158405, "x6": 0.04540055461496874, "x7": -0.9613615629585838, "x8": 0.9125581463623245, "x9": 1.6471290833000545}, "datetime": {"datetime": "2025-05-17 22:04:11", "elapsed": 2962.616503, "delta": 10.903337}}
{"target": 3.5268936155790063, "params": {"x0": 0.9969132557298492, "x1": 1.1800033070723535, "x2": 2.942451543240555, "x3": 1.719067992798722, "x4": 3.287745401669766, "x5": 5.930781813181652, "x6": 0.04540055464384786, "x7": -0.9613615629671715, "x8": 0.9125581463639729, "x9": 1.6471290832992962}, "datetime": {"datetime": "2025-05-17 22:04:22", "elapsed": 2973.119051, "delta": 10.502548}}
{"target": 3.5268936155790063, "params": {"x0": 0.9969132557300266, "x1": 1.1800033070755003, "x2": 2.942451543244281, "x3": 1.7190679928014176, "x4": 3.287745401664991, "x5": 5.930781813173476, "x6": 0.0454005546261659, "x7": -0.9613615629656882, "x8": 0.9125581463615934, "x9": 1.6471290833000087}, "datetime": {"datetime": "2025-05-17 22:04:32", "elapsed": 2983.829021, "delta": 10.70997}}
{"target": 3.5268936155790063, "params": {"x0": 0.9969132557301329, "x1": 1.1800033070725664, "x2": 2.9424515432467846, "x3": 1.719067992797516, "x4": 3.2877454016546923, "x5": 5.930781813175322, "x6": 0.0454005546392217, "x7": -0.9613615629631076, "x8": 0.9125581463615086, "x9": 1.6471290832988768}, "datetime": {"datetime": "2025-05-17 22:04:43", "elapsed": 2994.60564, "delta": 10.776619}}
{"target": 3.5268936155790063, "params": {"x0": 0.9969132557300588, "x1": 1.1800033070713742, "x2": 2.9424515432464737, "x3": 1.7190679928003, "x4": 3.2877454016510566, "x5": 5.930781813165321, "x6": 0.045400554636919443, "x7": -0.9613615629597199, "x8": 0.9125581463614839, "x9": 1.6471290832991448}, "datetime": {"datetime": "2025-05-17 22:04:54", "elapsed": 3005.306942, "delta": 10.701302}}
{"target": 3.5268936155790063, "params": {"x0": 0.9969132557299178, "x1": 1.180003307072486, "x2": 2.942451543244365, "x3": 1.7190679928027155, "x4": 3.2877454016616188, "x5": 5.930781813173955, "x6": 0.04540055462231414, "x7": -0.9613615629589497, "x8": 0.9125581463623532, "x9": 1.6471290832989558}, "datetime": {"datetime": "2025-05-17 22:05:05", "elapsed": 3016.084642, "delta": 10.7777}}
{"target": 3.5268936155790063, "params": {"x0": 0.9969132557300231, "x1": 1.1800033070727105, "x2": 2.9424515432417175, "x3": 1.719067992798675, "x4": 3.2877454016621015, "x5": 5.930781813161345, "x6": 0.0454005546344591, "x7": -0.9613615629598827, "x8": 0.9125581463613265, "x9": 1.6471290832989538}, "datetime": {"datetime": "2025-05-17 22:05:15", "elapsed": 3026.709884, "delta": 10.625242}}
{"target": 3.5268936155790063, "params": {"x0": 0.9969132557298928, "x1": 1.1800033070733462, "x2": 2.9424515432446183, "x3": 1.7190679927964725, "x4": 3.287745401658908, "x5": 5.9307818131690855, "x6": 0.04540055462342138, "x7": -0.9613615629617601, "x8": 0.9125581463619716, "x9": 1.6471290832995995}, "datetime": {"datetime": "2025-05-17 22:05:26", "elapsed": 3037.241851, "delta": 10.531967}}
{"target": 3.5268936155790063, "params": {"x0": 0.9969132557299386, "x1": 1.1800033070721518, "x2": 2.9424515432411487, "x3": 1.7190679927986978, "x4": 3.2877454016526815, "x5": 5.9307818131630885, "x6": 0.045400554625125676, "x7": -0.961361562964332, "x8": 0.9125581463625977, "x9": 1.6471290832987189}, "datetime": {"datetime": "2025-05-17 22:05:36", "elapsed": 3047.64565, "delta": 10.403799}}
{"target": 3.5268936155790063, "params": {"x0": 0.9969132557298651, "x1": 1.180003307071918, "x2": 2.942451543241674, "x3": 1.7190679927973782, "x4": 3.2877454016551853, "x5": 5.930781813166129, "x6": 0.04540055462763413, "x7": -0.961361562962958, "x8": 0.9125581463618088, "x9": 1.6471290832995462}, "datetime": {"datetime": "2025-05-17 22:05:47", "elapsed": 3058.182659, "delta": 10.537009}}
{"target": 3.5268936155790063, "params": {"x0": 0.9969132557300245, "x1": 1.180003307073996, "x2": 2.9424515432444367, "x3": 1.7190679927989758, "x4": 3.2877454016600676, "x5": 5.930781813174877, "x6": 0.04540055463066312, "x7": -0.961361562965783, "x8": 0.9125581463615025, "x9": 1.6471290832986794}, "datetime": {"datetime": "2025-05-17 22:05:58", "elapsed": 3068.909, "delta": 10.726341}}
{"target": 3.5268936155790063, "params": {"x0": 0.9969132557300507, "x1": 1.1800033070724714, "x2": 2.942451543243711, "x3": 1.719067992798337, "x4": 3.287745401662008, "x5": 5.930781813173322, "x6": 0.045400554633620936, "x7": -0.961361562965218, "x8": 0.9125581463617883, "x9": 1.6471290832990078}, "datetime": {"datetime": "2025-05-17 22:06:08", "elapsed": 3079.376759, "delta": 10.467759}}
{"target": 3.5268936155790063, "params": {"x0": 0.9969132557299109, "x1": 1.18000330707279, "x2": 2.9424515432447103, "x3": 1.7190679927973707, "x4": 3.2877454016570313, "x5": 5.930781813172702, "x6": 0.045400554631759314, "x7": -0.9613615629622444, "x8": 0.9125581463625588, "x9": 1.6471290832988987}, "datetime": {"datetime": "2025-05-17 22:06:19", "elapsed": 3090.548886, "delta": 11.172127}}
{"target": 3.5268936155790063, "params": {"x0": 0.9969132557300446, "x1": 1.1800033070732585, "x2": 2.9424515432445353, "x3": 1.7190679927976988, "x4": 3.2877454016584466, "x5": 5.930781813172398, "x6": 0.04540055462965197, "x7": -0.9613615629629106, "x8": 0.9125581463620087, "x9": 1.6471290832993475}, "datetime": {"datetime": "2025-05-17 22:06:30", "elapsed": 3101.315933, "delta": 10.767047}}
{"target": 3.5268936155790063, "params": {"x0": 0.9969132557300161, "x1": 1.1800033070730582, "x2": 2.9424515432430476, "x3": 1.7190679927967578, "x4": 3.287745401660932, "x5": 5.930781813166833, "x6": 0.04540055462815612, "x7": -0.9613615629641626, "x8": 0.912558146361754, "x9": 1.6471290832993215}, "datetime": {"datetime": "2025-05-17 22:06:40", "elapsed": 3111.866959, "delta": 10.551026}}
{"target": 3.5268936155790063, "params": {"x0": 0.9969132557299416, "x1": 1.1800033070726974, "x2": 2.9424515432433314, "x3": 1.7190679927991168, "x4": 3.2877454016585888, "x5": 5.930781813170112, "x6": 0.04540055463256889, "x7": -0.9613615629652785, "x8": 0.9125581463616181, "x9": 1.647129083298974}, "datetime": {"datetime": "2025-05-17 22:06:51", "elapsed": 3122.43843, "delta": 10.571471}}
{"target": 3.5268936155790063, "params": {"x0": 0.996913255729933, "x1": 1.1800033070732032, "x2": 2.9424515432432026, "x3": 1.7190679927986332, "x4": 3.287745401657123, "x5": 5.930781813168112, "x6": 0.04540055463026876, "x7": -0.9613615629647434, "x8": 0.9125581463619095, "x9": 1.6471290832989662}, "datetime": {"datetime": "2025-05-17 22:07:02", "elapsed": 3133.564995, "delta": 11.126565}}
{"target": 3.5268936155790063, "params": {"x0": 0.9969132557299725, "x1": 1.1800033070729121, "x2": 2.9424515432435743, "x3": 1.7190679927981687, "x4": 3.287745401658276, "x5": 5.930781813168581, "x6": 0.04540055462813252, "x7": -0.9613615629643174, "x8": 0.9125581463620668, "x9": 1.6471290832990457}, "datetime": {"datetime": "2025-05-17 22:07:13", "elapsed": 3144.469465, "delta": 10.90447}}
{"target": 3.5268936155790063, "params": {"x0": 0.9969132557300054, "x1": 1.1800033070731386, "x2": 2.9424515432438563, "x3": 1.7190679927982404, "x4": 3.287745401659038, "x5": 5.930781813170417, "x6": 0.045400554632064966, "x7": -0.9613615629632217, "x8": 0.9125581463618337, "x9": 1.6471290832992085}, "datetime": {"datetime": "2025-05-17 22:07:24", "elapsed": 3155.615523, "delta": 11.146058}}
{"target": 3.5268936155790063, "params": {"x0": 0.9969132557299637, "x1": 1.180003307072594, "x2": 2.942451543244147, "x3": 1.7190679927976393, "x4": 3.2877454016582, "x5": 5.9307818131679815, "x6": 0.045400554627135235, "x7": -0.9613615629641935, "x8": 0.9125581463620713, "x9": 1.6471290832992007}, "datetime": {"datetime": "2025-05-17 22:07:35", "elapsed": 3166.181484, "delta": 10.565961}}
{"target": 3.5268936155790063, "params": {"x0": 0.9969132557299871, "x1": 1.1800033070728604, "x2": 2.9424515432432763, "x3": 1.7190679927985566, "x4": 3.287745401657059, "x5": 5.930781813172439, "x6": 0.045400554629199716, "x7": -0.9613615629640819, "x8": 0.9125581463618178, "x9": 1.6471290832989487}, "datetime": {"datetime": "2025-05-17 22:07:45", "elapsed": 3176.842124, "delta": 10.66064}}
{"target": 3.5268936155790063, "params": {"x0": 0.9969132557299546, "x1": 1.1800033070727691, "x2": 2.942451543243017, "x3": 1.7190679927981707, "x4": 3.287745401657167, "x5": 5.930781813171211, "x6": 0.04540055462892505, "x7": -0.9613615629642145, "x8": 0.9125581463621937, "x9": 1.647129083298964}, "datetime": {"datetime": "2025-05-17 22:07:57", "elapsed": 3187.993012, "delta": 11.150888}}
{"target": 3.5268936155790063, "params": {"x0": 0.9969132557299389, "x1": 1.1800033070729488, "x2": 2.942451543243281, "x3": 1.7190679927983292, "x4": 3.287745401657308, "x5": 5.930781813170249, "x6": 0.04540055462966702, "x7": -0.9613615629634649, "x8": 0.9125581463621726, "x9": 1.6471290832990328}, "datetime": {"datetime": "2025-05-17 22:08:07", "elapsed": 3198.718771, "delta": 10.725759}}
{"target": 3.5268936155790063, "params": {"x0": 0.9969132557299683, "x1": 1.1800033070727969, "x2": 2.9424515432431244, "x3": 1.7190679927976034, "x4": 3.287745401657428, "x5": 5.930781813170882, "x6": 0.04540055462954294, "x7": -0.9613615629633614, "x8": 0.912558146362126, "x9": 1.6471290832990453}, "datetime": {"datetime": "2025-05-17 22:08:18", "elapsed": 3209.85865, "delta": 11.139879}}
{"target": 3.5268936155790063, "params": {"x0": 0.9969132557299867, "x1": 1.1800033070726752, "x2": 2.9424515432431035, "x3": 1.719067992798187, "x4": 3.2877454016579835, "x5": 5.930781813169924, "x6": 0.04540055463058601, "x7": -0.9613615629632981, "x8": 0.9125581463618323, "x9": 1.6471290832990224}, "datetime": {"datetime": "2025-05-17 22:08:30", "elapsed": 3221.147664, "delta": 11.289014}}
{"target": 3.5268936155790063, "params": {"x0": 0.9969132557299626, "x1": 1.180003307072704, "x2": 2.9424515432430685, "x3": 1.7190679927984007, "x4": 3.2877454016575114, "x5": 5.9307818131706584, "x6": 0.0454005546303567, "x7": -0.9613615629632654, "x8": 0.9125581463618309, "x9": 1.6471290832990801}, "datetime": {"datetime": "2025-05-17 22:08:40", "elapsed": 3231.863844, "delta": 10.71618}}
{"target": 3.5268936155790063, "params": {"x0": 0.9969132557299707, "x1": 1.1800033070731044, "x2": 2.9424515432437106, "x3": 1.7190679927981511, "x4": 3.287745401657735, "x5": 5.930781813170463, "x6": 0.04540055463018704, "x7": -0.9613615629632776, "x8": 0.9125581463620267, "x9": 1.6471290832990608}, "datetime": {"datetime": "2025-05-17 22:08:51", "elapsed": 3242.553534, "delta": 10.68969}}
{"target": 3.5268936155790063, "params": {"x0": 0.9969132557299604, "x1": 1.180003307073037, "x2": 2.9424515432434912, "x3": 1.7190679927982706, "x4": 3.2877454016584955, "x5": 5.930781813171187, "x6": 0.045400554630293646, "x7": -0.9613615629634649, "x8": 0.9125581463618768, "x9": 1.6471290832990877}, "datetime": {"datetime": "2025-05-17 22:09:02", "elapsed": 3253.413707, "delta": 10.860173}}
{"target": 3.5268936155790063, "params": {"x0": 0.9969132557299764, "x1": 1.1800033070728728, "x2": 2.942451543243611, "x3": 1.7190679927981856, "x4": 3.2877454016586865, "x5": 5.930781813169417, "x6": 0.04540055462849403, "x7": -0.9613615629636826, "x8": 0.9125581463619777, "x9": 1.6471290832990906}, "datetime": {"datetime": "2025-05-17 22:09:14", "elapsed": 3265.288845, "delta": 11.875138}}
