{"target": 6.041615201816265, "params": {"x0": 0.8000000000003942, "x1": 0.9000000000019003, "x2": 2.930154983780896e-13, "x3": 4.0031493193084565e-12, "x4": 3.5171903219994767, "x5": 12.385553919988439, "x6": 3.031702040563964, "x7": -1.80352105317357, "x8": 0.3952392984757637, "x9": 2.499997264545331}, "datetime": {"datetime": "2025-05-18 02:24:08", "elapsed": 4776.997744, "delta": 16.511478}}
{"target": 6.041615201816265, "params": {"x0": 0.8000000000000375, "x1": 0.9000000000004239, "x2": 4.573689281126393e-12, "x3": 3.3683525254098928e-12, "x4": 3.5171903220077487, "x5": 12.385553920019333, "x6": 3.0317020405679096, "x7": -1.8035210531853898, "x8": 0.39523929847824385, "x9": 2.499997264539171}, "datetime": {"datetime": "2025-05-18 02:24:25", "elapsed": 4793.383642, "delta": 16.385898}}
{"target": 6.041615201816265, "params": {"x0": 0.8000000000004592, "x1": 0.9000000000013283, "x2": 4.002158693066823e-13, "x3": 1.310876299040046e-12, "x4": 3.5171903219533567, "x5": 12.385553920022824, "x6": 3.0317020405604875, "x7": -1.803521053161913, "x8": 0.3952392984859139, "x9": 2.499997264544816}, "datetime": {"datetime": "2025-05-18 02:24:42", "elapsed": 4810.378946, "delta": 16.995304}}
{"target": 6.041615201816265, "params": {"x0": 0.800000000000189, "x1": 0.9000000000030248, "x2": 6.6328761619095285e-12, "x3": 1.8354218272549833e-12, "x4": 3.517190321967971, "x5": 12.385553920116681, "x6": 3.031702040560423, "x7": -1.8035210531827732, "x8": 0.39523929848599865, "x9": 2.499997264544996}, "datetime": {"datetime": "2025-05-18 02:24:58", "elapsed": 4827.152974, "delta": 16.774028}}
{"target": 6.041615201816265, "params": {"x0": 0.8000000000004219, "x1": 0.9000000000011557, "x2": 2.216709020944273e-12, "x3": 5.821461353762043e-12, "x4": 3.517190321945448, "x5": 12.385553920133553, "x6": 3.031702040566089, "x7": -1.8035210531830814, "x8": 0.39523929848168216, "x9": 2.499997264536965}, "datetime": {"datetime": "2025-05-18 02:25:15", "elapsed": 4843.769984, "delta": 16.61701}}
{"target": 6.041615201816265, "params": {"x0": 0.8000000000003373, "x1": 0.9000000000010178, "x2": 7.924925812360046e-12, "x3": 1.4308443689227902e-12, "x4": 3.5171903219504355, "x5": 12.385553920145046, "x6": 3.031702040565592, "x7": -1.803521053166043, "x8": 0.3952392984855656, "x9": 2.499997264544254}, "datetime": {"datetime": "2025-05-18 02:25:31", "elapsed": 4860.008946, "delta": 16.238962}}
{"target": 6.041615201816265, "params": {"x0": 0.800000000000032, "x1": 0.9000000000019681, "x2": 4.143966034760765e-12, "x3": 8.215438834531983e-13, "x4": 3.5171903219876555, "x5": 12.385553920093546, "x6": 3.0317020405736814, "x7": -1.803521053181095, "x8": 0.39523929848355904, "x9": 2.499997264542119}, "datetime": {"datetime": "2025-05-18 02:25:48", "elapsed": 4876.695435, "delta": 16.686489}}
{"target": 6.041615201816265, "params": {"x0": 0.8000000000001389, "x1": 0.9000000000027912, "x2": 1.177570352483982e-12, "x3": 1.832798427742977e-12, "x4": 3.5171903219538363, "x5": 12.385553920024721, "x6": 3.03170204057096, "x7": -1.8035210531794923, "x8": 0.39523929848081596, "x9": 2.4999972645387314}, "datetime": {"datetime": "2025-05-18 02:26:05", "elapsed": 4893.481611, "delta": 16.786176}}
{"target": 6.041615201816265, "params": {"x0": 0.8000000000002744, "x1": 0.9000000000039856, "x2": 1.5002270236562177e-12, "x3": 4.776396824411993e-12, "x4": 3.5171903219869605, "x5": 12.3855539199843, "x6": 3.0317020405684274, "x7": -1.8035210531699222, "x8": 0.39523929848099876, "x9": 2.4999972645436506}, "datetime": {"datetime": "2025-05-18 02:26:21", "elapsed": 4910.030847, "delta": 16.549236}}
{"target": 6.041615201816265, "params": {"x0": 0.8000000000002119, "x1": 0.90000000000247, "x2": 3.1442067493923697e-12, "x3": 1.0852110097978455e-12, "x4": 3.517190321978029, "x5": 12.385553920028388, "x6": 3.031702040569807, "x7": -1.8035210531652768, "x8": 0.3952392984794705, "x9": 2.49999726454118}, "datetime": {"datetime": "2025-05-18 02:26:38", "elapsed": 4926.537624, "delta": 16.506777}}
{"target": 6.041615201816265, "params": {"x0": 0.80000000000009, "x1": 0.9000000000008042, "x2": 4.914786345356361e-13, "x3": 3.045307806148673e-12, "x4": 3.517190321966996, "x5": 12.38555391999223, "x6": 3.0317020405716817, "x7": -1.8035210531717458, "x8": 0.39523929848388584, "x9": 2.4999972645427904}, "datetime": {"datetime": "2025-05-18 02:26:54", "elapsed": 4943.17925, "delta": 16.641626}}
{"target": 6.041615201816265, "params": {"x0": 0.8000000000000712, "x1": 0.900000000001756, "x2": 2.451715116314577e-12, "x3": 1.2872193853198499e-12, "x4": 3.5171903219660163, "x5": 12.385553920084948, "x6": 3.031702040570146, "x7": -1.8035210531708195, "x8": 0.39523929848056377, "x9": 2.499997264541858}, "datetime": {"datetime": "2025-05-18 02:27:10", "elapsed": 4959.121809, "delta": 15.942559}}
{"target": 6.041615201816265, "params": {"x0": 0.8000000000001274, "x1": 0.9000000000007725, "x2": 1.4280183382377313e-12, "x3": 2.099445095003945e-12, "x4": 3.5171903219648293, "x5": 12.385553920013882, "x6": 3.0317020405645643, "x7": -1.8035210531778372, "x8": 0.3952392984813557, "x9": 2.4999972645415065}, "datetime": {"datetime": "2025-05-18 02:27:27", "elapsed": 4976.009553, "delta": 16.887744}}
{"target": 6.041615201816265, "params": {"x0": 0.8000000000000661, "x1": 0.9000000000022641, "x2": 3.027406555256573e-12, "x3": 3.4008351842180217e-13, "x4": 3.517190321980727, "x5": 12.38555392002274, "x6": 3.0317020405665938, "x7": -1.8035210531765518, "x8": 0.3952392984818722, "x9": 2.499997264542176}, "datetime": {"datetime": "2025-05-18 02:27:43", "elapsed": 4992.249797, "delta": 16.240244}}
{"target": 6.041615201816265, "params": {"x0": 0.8000000000001446, "x1": 0.9000000000009551, "x2": 6.66583112858563e-13, "x3": 3.7920400468193186e-13, "x4": 3.5171903219613405, "x5": 12.385553920039262, "x6": 3.0317020405688724, "x7": -1.8035210531783419, "x8": 0.39523929848316386, "x9": 2.4999972645398634}, "datetime": {"datetime": "2025-05-18 02:28:00", "elapsed": 5008.424506, "delta": 16.174709}}
{"target": 6.041615201816265, "params": {"x0": 0.8000000000000291, "x1": 0.9000000000001375, "x2": 8.708764846475682e-13, "x3": 6.248658365054691e-13, "x4": 3.517190321966608, "x5": 12.385553920017935, "x6": 3.0317020405658317, "x7": -1.8035210531779808, "x8": 0.3952392984824902, "x9": 2.4999972645425053}, "datetime": {"datetime": "2025-05-18 02:28:17", "elapsed": 5025.433618, "delta": 17.009112}}
{"target": 6.041615201816265, "params": {"x0": 0.8000000000000094, "x1": 0.900000000001515, "x2": 2.0292357308355e-12, "x3": 2.5354341937790313e-12, "x4": 3.517190321967774, "x5": 12.385553920038998, "x6": 3.0317020405682276, "x7": -1.803521053176266, "x8": 0.39523929848237893, "x9": 2.4999972645424093}, "datetime": {"datetime": "2025-05-18 02:28:33", "elapsed": 5041.982115, "delta": 16.548497}}
{"target": 6.041615201816265, "params": {"x0": 0.8000000000001042, "x1": 0.900000000001036, "x2": 1.0817509321973416e-12, "x3": 4.560884299986977e-13, "x4": 3.5171903219757903, "x5": 12.385553920082948, "x6": 3.0317020405670543, "x7": -1.8035210531724173, "x8": 0.39523929848169104, "x9": 2.4999972645406556}, "datetime": {"datetime": "2025-05-18 02:28:49", "elapsed": 5058.240176, "delta": 16.258061}}
{"target": 6.041615201816265, "params": {"x0": 0.8000000000000933, "x1": 0.9000000000009403, "x2": 1.3579084715650402e-12, "x3": 1.1778232235461351e-12, "x4": 3.5171903219686347, "x5": 12.385553920048876, "x6": 3.031702040567671, "x7": -1.803521053169191, "x8": 0.3952392984813461, "x9": 2.4999972645409003}, "datetime": {"datetime": "2025-05-18 02:29:06", "elapsed": 5074.934683, "delta": 16.694507}}
{"target": 6.041615201816265, "params": {"x0": 0.8000000000000526, "x1": 0.9000000000018391, "x2": 5.905908071295973e-13, "x3": 2.77724994592044e-13, "x4": 3.517190321964306, "x5": 12.385553920032969, "x6": 3.0317020405661266, "x7": -1.803521053169414, "x8": 0.3952392984824214, "x9": 2.4999972645411654}, "datetime": {"datetime": "2025-05-18 02:29:23", "elapsed": 5091.408413, "delta": 16.47373}}
{"target": 6.041615201816265, "params": {"x0": 0.8000000000000042, "x1": 0.9000000000014096, "x2": 6.041022855685886e-13, "x3": 1.1062560808885594e-12, "x4": 3.5171903219663694, "x5": 12.385553920039955, "x6": 3.031702040568208, "x7": -1.8035210531760275, "x8": 0.39523929848186135, "x9": 2.499997264541793}, "datetime": {"datetime": "2025-05-18 02:29:39", "elapsed": 5108.065717, "delta": 16.657304}}
{"target": 6.041615201816265, "params": {"x0": 0.8000000000000277, "x1": 0.9000000000001764, "x2": 4.1179916410410374e-13, "x3": 7.942353536798928e-13, "x4": 3.51719032197012, "x5": 12.385553920036696, "x6": 3.0317020405669406, "x7": -1.8035210531719923, "x8": 0.39523929848217454, "x9": 2.4999972645415736}, "datetime": {"datetime": "2025-05-18 02:29:56", "elapsed": 5124.812706, "delta": 16.746989}}
{"target": 6.041615201816265, "params": {"x0": 0.8000000000000073, "x1": 0.9000000000003542, "x2": 1.2253177955704571e-12, "x3": 8.876776286610052e-13, "x4": 3.517190321971255, "x5": 12.385553920065098, "x6": 3.0317020405679327, "x7": -1.8035210531707877, "x8": 0.3952392984823212, "x9": 2.4999972645415705}, "datetime": {"datetime": "2025-05-18 02:30:12", "elapsed": 5141.207696, "delta": 16.39499}}
{"target": 6.041615201816265, "params": {"x0": 0.8000000000000512, "x1": 0.9000000000002589, "x2": 1.573964428678482e-13, "x3": 9.788645974340897e-13, "x4": 3.5171903219664626, "x5": 12.385553920061213, "x6": 3.031702040567809, "x7": -1.803521053172183, "x8": 0.39523929848150613, "x9": 2.499997264541027}, "datetime": {"datetime": "2025-05-18 02:30:29", "elapsed": 5158.197601, "delta": 16.989905}}
{"target": 6.041615201816265, "params": {"x0": 0.8000000000000328, "x1": 0.9000000000002325, "x2": 3.627355079179288e-13, "x3": 8.708998666805982e-13, "x4": 3.517190321971387, "x5": 12.385553920064563, "x6": 3.0317020405686295, "x7": -1.8035210531724362, "x8": 0.39523929848158523, "x9": 2.499997264541507}, "datetime": {"datetime": "2025-05-18 02:30:46", "elapsed": 5174.96415, "delta": 16.766549}}
{"target": 6.041615201816265, "params": {"x0": 0.8000000000000276, "x1": 0.9000000000009278, "x2": 1.922028594935754e-13, "x3": 2.8579954233596467e-13, "x4": 3.5171903219682545, "x5": 12.385553920058024, "x6": 3.031702040567002, "x7": -1.8035210531748798, "x8": 0.39523929848151745, "x9": 2.4999972645409927}, "datetime": {"datetime": "2025-05-18 02:31:03", "elapsed": 5191.428468, "delta": 16.464318}}
{"target": 6.041615201816265, "params": {"x0": 0.8000000000000104, "x1": 0.9000000000000312, "x2": 4.710043692952401e-13, "x3": 6.054404516865253e-13, "x4": 3.517190321967884, "x5": 12.385553920049691, "x6": 3.0317020405678625, "x7": -1.8035210531734933, "x8": 0.3952392984817894, "x9": 2.499997264541144}, "datetime": {"datetime": "2025-05-18 02:31:19", "elapsed": 5208.047404, "delta": 16.618936}}
{"target": 6.041615201816265, "params": {"x0": 0.8000000000000359, "x1": 0.9000000000003463, "x2": 1.9841449128665483e-13, "x3": 5.030213243972916e-13, "x4": 3.5171903219690113, "x5": 12.385553920064815, "x6": 3.031702040567333, "x7": -1.8035210531718244, "x8": 0.3952392984820038, "x9": 2.499997264540952}, "datetime": {"datetime": "2025-05-18 02:31:36", "elapsed": 5225.050766, "delta": 17.003362}}
{"target": 6.041615201816265, "params": {"x0": 0.8000000000000255, "x1": 0.9000000000003605, "x2": 4.546755843524531e-13, "x3": 1.0828441314501907e-14, "x4": 3.5171903219677514, "x5": 12.385553920064575, "x6": 3.031702040567727, "x7": -1.8035210531742467, "x8": 0.39523929848211375, "x9": 2.4999972645407795}, "datetime": {"datetime": "2025-05-18 02:31:52", "elapsed": 5241.236469, "delta": 16.185703}}
{"target": 6.041615201816265, "params": {"x0": 0.8000000000000167, "x1": 0.9000000000001828, "x2": 6.24451734182223e-13, "x3": 2.07759514594919e-13, "x4": 3.5171903219710163, "x5": 12.385553920051027, "x6": 3.031702040567259, "x7": -1.803521053172719, "x8": 0.39523929848179096, "x9": 2.4999972645409843}, "datetime": {"datetime": "2025-05-18 02:32:09", "elapsed": 5257.537914, "delta": 16.301445}}
{"target": 6.041615201816265, "params": {"x0": 0.8000000000000242, "x1": 0.900000000000014, "x2": 5.422470190101821e-13, "x3": 3.88512656510211e-13, "x4": 3.5171903219689726, "x5": 12.385553920057603, "x6": 3.031702040567999, "x7": -1.8035210531743513, "x8": 0.39523929848151873, "x9": 2.499997264540917}, "datetime": {"datetime": "2025-05-18 02:32:26", "elapsed": 5274.975843, "delta": 17.437929}}
{"target": 6.041615201816265, "params": {"x0": 0.800000000000004, "x1": 0.9000000000005142, "x2": 3.5715573539026593e-13, "x3": 1.9967014033331264e-13, "x4": 3.5171903219671203, "x5": 12.38555392005883, "x6": 3.031702040567952, "x7": -1.803521053173387, "x8": 0.3952392984817842, "x9": 2.4999972645412436}, "datetime": {"datetime": "2025-05-18 02:32:43", "elapsed": 5292.00556, "delta": 17.029717}}
{"target": 6.041615201816265, "params": {"x0": 0.8000000000000006, "x1": 0.9000000000000546, "x2": 4.084101817500093e-13, "x3": 4.0696620432783296e-13, "x4": 3.5171903219680676, "x5": 12.385553920060618, "x6": 3.0317020405677133, "x7": -1.8035210531730188, "x8": 0.39523929848193673, "x9": 2.4999972645413133}, "datetime": {"datetime": "2025-05-18 02:33:00", "elapsed": 5308.727612, "delta": 16.722052}}
{"target": 6.041615201816265, "params": {"x0": 0.8000000000000144, "x1": 0.9000000000002952, "x2": 6.184667357448252e-14, "x3": 3.2470528590772603e-13, "x4": 3.517190321969077, "x5": 12.385553920058564, "x6": 3.0317020405679993, "x7": -1.8035210531737742, "x8": 0.3952392984817469, "x9": 2.499997264541044}, "datetime": {"datetime": "2025-05-18 02:33:17", "elapsed": 5325.583983, "delta": 16.856371}}
{"target": 6.041615201816265, "params": {"x0": 0.8000000000000137, "x1": 0.9000000000003406, "x2": 6.581248189033362e-15, "x3": 7.720565934634494e-14, "x4": 3.517190321968391, "x5": 12.385553920050432, "x6": 3.0317020405680144, "x7": -1.8035210531723391, "x8": 0.39523929848172523, "x9": 2.499997264541055}, "datetime": {"datetime": "2025-05-18 02:33:34", "elapsed": 5342.499366, "delta": 16.915383}}
{"target": 6.041615201816265, "params": {"x0": 0.8000000000000056, "x1": 0.9000000000002609, "x2": 1.8561520576969963e-13, "x3": 3.7651054105507797e-13, "x4": 3.5171903219681737, "x5": 12.385553920056998, "x6": 3.031702040567932, "x7": -1.8035210531733208, "x8": 0.395239298481642, "x9": 2.499997264541087}, "datetime": {"datetime": "2025-05-18 02:33:51", "elapsed": 5359.364799, "delta": 16.865433}}
{"target": 6.041615201816265, "params": {"x0": 0.8000000000000058, "x1": 0.9000000000002025, "x2": 1.9979702837656226e-13, "x3": 2.8886188226020505e-13, "x4": 3.517190321968432, "x5": 12.385553920058161, "x6": 3.0317020405678514, "x7": -1.803521053173449, "x8": 0.3952392984818436, "x9": 2.499997264541014}, "datetime": {"datetime": "2025-05-18 02:34:07", "elapsed": 5375.763942, "delta": 16.399143}}
{"target": 6.041615201816265, "params": {"x0": 0.8000000000000009, "x1": 0.9000000000002731, "x2": 2.191497603737285e-13, "x3": 1.8432918742470053e-13, "x4": 3.5171903219687786, "x5": 12.385553920055157, "x6": 3.0317020405678927, "x7": -1.8035210531727903, "x8": 0.3952392984819135, "x9": 2.499997264541112}, "datetime": {"datetime": "2025-05-18 02:34:22", "elapsed": 5391.302586, "delta": 15.538644}}
{"target": 6.041615201816265, "params": {"x0": 0.8000000000000039, "x1": 0.900000000000012, "x2": 1.9113000458319133e-13, "x3": 1.308412159066389e-13, "x4": 3.517190321969022, "x5": 12.385553920057635, "x6": 3.0317020405678834, "x7": -1.803521053173106, "x8": 0.3952392984816737, "x9": 2.499997264541015}, "datetime": {"datetime": "2025-05-18 02:34:39", "elapsed": 5407.589963, "delta": 16.287377}}
{"target": 6.041615201816265, "params": {"x0": 0.8000000000000006, "x1": 0.900000000000072, "x2": 1.0434232175470144e-13, "x3": 2.0052898888501486e-13, "x4": 3.517190321969208, "x5": 12.385553920052224, "x6": 3.031702040567666, "x7": -1.8035210531727666, "x8": 0.3952392984817377, "x9": 2.499997264541149}, "datetime": {"datetime": "2025-05-18 02:34:56", "elapsed": 5424.459956, "delta": 16.869993}}
{"target": 6.041615201816265, "params": {"x0": 0.8000000000000008, "x1": 0.9000000000000071, "x2": 1.0627700796723938e-13, "x3": 5.360024066712688e-14, "x4": 3.5171903219693568, "x5": 12.385553920057284, "x6": 3.0317020405678017, "x7": -1.8035210531731751, "x8": 0.3952392984818703, "x9": 2.499997264541096}, "datetime": {"datetime": "2025-05-18 02:35:12", "elapsed": 5441.108082, "delta": 16.648126}}
{"target": 6.041615201816265, "params": {"x0": 0.8000000000000078, "x1": 0.9000000000000337, "x2": 3.742763027716825e-15, "x3": 1.3543549381697374e-13, "x4": 3.517190321968618, "x5": 12.385553920052631, "x6": 3.0317020405678137, "x7": -1.8035210531733514, "x8": 0.3952392984817549, "x9": 2.499997264541135}, "datetime": {"datetime": "2025-05-18 02:35:29", "elapsed": 5457.84198, "delta": 16.733898}}
{"target": 6.041615201816265, "params": {"x0": 0.8000000000000058, "x1": 0.9000000000000944, "x2": 1.263002467856086e-13, "x3": 1.2995265051713233e-14, "x4": 3.5171903219692786, "x5": 12.385553920055893, "x6": 3.0317020405676347, "x7": -1.803521053173421, "x8": 0.39523929848183326, "x9": 2.4999972645411233}, "datetime": {"datetime": "2025-05-18 02:35:46", "elapsed": 5474.509081, "delta": 16.667101}}
{"target": 6.041615201816265, "params": {"x0": 0.8000000000000035, "x1": 0.9000000000000367, "x2": 7.490055130560255e-14, "x3": 2.3282013896079954e-14, "x4": 3.5171903219683984, "x5": 12.385553920052967, "x6": 3.0317020405677564, "x7": -1.8035210531733652, "x8": 0.395239298481854, "x9": 2.4999972645412014}, "datetime": {"datetime": "2025-05-18 02:36:02", "elapsed": 5491.054762, "delta": 16.545681}}
{"target": 6.041615201816265, "params": {"x0": 0.8000000000000052, "x1": 0.9000000000001217, "x2": 8.098037934021595e-15, "x3": 9.367270893200806e-15, "x4": 3.517190321968352, "x5": 12.385553920053944, "x6": 3.031702040567609, "x7": -1.8035210531730683, "x8": 0.3952392984817235, "x9": 2.4999972645411157}, "datetime": {"datetime": "2025-05-18 02:36:20", "elapsed": 5508.791341, "delta": 17.736579}}
{"target": 6.041615201816265, "params": {"x0": 0.8000000000000029, "x1": 0.9000000000000106, "x2": 1.639534416793509e-14, "x3": 6.289628159383481e-14, "x4": 3.5171903219685055, "x5": 12.38555392005512, "x6": 3.031702040567758, "x7": -1.8035210531730514, "x8": 0.39523929848183076, "x9": 2.499997264541183}, "datetime": {"datetime": "2025-05-18 02:36:37", "elapsed": 5525.3305, "delta": 16.539159}}
{"target": 6.041615201816265, "params": {"x0": 0.8000000000000047, "x1": 0.9000000000000598, "x2": 7.174932541579749e-15, "x3": 1.4482723891805796e-14, "x4": 3.517190321969042, "x5": 12.38555392005462, "x6": 3.0317020405676742, "x7": -1.8035210531732615, "x8": 0.39523929848180694, "x9": 2.4999972645411197}, "datetime": {"datetime": "2025-05-18 02:36:53", "elapsed": 5541.605491, "delta": 16.274991}}
{"target": 6.041615201816265, "params": {"x0": 0.8000000000000019, "x1": 0.9000000000000538, "x2": 7.43397297068348e-14, "x3": 4.677886951658274e-14, "x4": 3.5171903219686937, "x5": 12.385553920055893, "x6": 3.0317020405677946, "x7": -1.8035210531731851, "x8": 0.39523929848176015, "x9": 2.4999972645411708}, "datetime": {"datetime": "2025-05-18 02:37:09", "elapsed": 5557.895187, "delta": 16.289696}}
{"target": 6.041615201816265, "params": {"x0": 0.8000000000000002, "x1": 0.9000000000000302, "x2": 3.47060600234258e-14, "x3": 8.513431265464901e-14, "x4": 3.5171903219690854, "x5": 12.385553920055933, "x6": 3.0317020405677737, "x7": -1.8035210531732473, "x8": 0.3952392984818238, "x9": 2.499997264541137}, "datetime": {"datetime": "2025-05-18 02:37:25", "elapsed": 5574.020709, "delta": 16.125522}}
{"target": 6.041615201816265, "params": {"x0": 0.8000000000000017, "x1": 0.9000000000000324, "x2": 2.490819389776181e-14, "x3": 5.5738508719498494e-14, "x4": 3.5171903219685414, "x5": 12.385553920054809, "x6": 3.031702040567706, "x7": -1.8035210531730537, "x8": 0.3952392984818172, "x9": 2.4999972645411512}, "datetime": {"datetime": "2025-05-18 02:37:42", "elapsed": 5590.699839, "delta": 16.67913}}
{"target": 6.041615201816265, "params": {"x0": 0.8000000000000033, "x1": 0.9000000000000296, "x2": 4.117324239105188e-14, "x3": 4.128377638905114e-14, "x4": 3.517190321968895, "x5": 12.38555392005572, "x6": 3.031702040567754, "x7": -1.803521053173079, "x8": 0.3952392984818104, "x9": 2.499997264541133}, "datetime": {"datetime": "2025-05-18 02:37:58", "elapsed": 5607.236631, "delta": 16.536792}}
{"target": 6.041615201816265, "params": {"x0": 0.8000000000000012, "x1": 0.9000000000000337, "x2": 1.1927009067948868e-14, "x3": 2.0831749641807654e-14, "x4": 3.517190321968835, "x5": 12.38555392005513, "x6": 3.0317020405677, "x7": -1.8035210531731014, "x8": 0.39523929848178424, "x9": 2.4999972645411397}, "datetime": {"datetime": "2025-05-18 02:38:15", "elapsed": 5623.36896, "delta": 16.132329}}
{"target": 6.041615201816265, "params": {"x0": 0.8000000000000008, "x1": 0.9000000000000002, "x2": 3.835743932984806e-14, "x3": 6.239654447626779e-14, "x4": 3.5171903219686906, "x5": 12.385553920054479, "x6": 3.0317020405676773, "x7": -1.8035210531731085, "x8": 0.395239298481803, "x9": 2.499997264541116}, "datetime": {"datetime": "2025-05-18 02:38:31", "elapsed": 5639.830085, "delta": 16.461125}}
{"target": 6.041615201816265, "params": {"x0": 0.8000000000000002, "x1": 0.9000000000000099, "x2": 1.0007149416319029e-14, "x3": 3.115967830643786e-14, "x4": 3.517190321968767, "x5": 12.38555392005531, "x6": 3.031702040567708, "x7": -1.8035210531731931, "x8": 0.3952392984817769, "x9": 2.4999972645411166}, "datetime": {"datetime": "2025-05-18 02:38:48", "elapsed": 5656.987626, "delta": 17.157541}}
