{"target": 6.041615201816265, "params": {"x0": 0.8000000000000002, "x1": 0.9000000000000453, "x2": 4.2465129551765643e-14, "x3": 3.670015256515379e-14, "x4": 3.5171903219687803, "x5": 12.385553920054948, "x6": 3.031702040567727, "x7": -1.8035210531730472, "x8": 0.39523929848176953, "x9": 2.499997264541111}, "datetime": {"datetime": "2025-05-18 02:39:05", "elapsed": 5673.746509, "delta": 16.758883}}
{"target": 6.041615201816265, "params": {"x0": 0.8000000000000006, "x1": 0.9000000000000042, "x2": 5.651923494207795e-15, "x3": 2.818561574280352e-14, "x4": 3.5171903219686635, "x5": 12.385553920054948, "x6": 3.0317020405677177, "x7": -1.803521053173165, "x8": 0.39523929848179623, "x9": 2.499997264541144}, "datetime": {"datetime": "2025-05-18 02:39:22", "elapsed": 5690.65319, "delta": 16.906681}}
{"target": 6.041615201816265, "params": {"x0": 0.8000000000000003, "x1": 0.9000000000000159, "x2": 1.7623651244987807e-14, "x3": 2.819110164473619e-15, "x4": 3.5171903219688843, "x5": 12.385553920055113, "x6": 3.031702040567685, "x7": -1.8035210531730952, "x8": 0.39523929848176836, "x9": 2.4999972645411432}, "datetime": {"datetime": "2025-05-18 02:39:39", "elapsed": 5707.93561, "delta": 17.28242}}
{"target": 6.041615201816265, "params": {"x0": 0.8000000000000012, "x1": 0.9000000000000097, "x2": 2.9176663393189e-14, "x3": 1.9940198560321856e-14, "x4": 3.5171903219688305, "x5": 12.385553920054925, "x6": 3.031702040567685, "x7": -1.803521053173116, "x8": 0.39523929848178085, "x9": 2.4999972645411295}, "datetime": {"datetime": "2025-05-18 02:39:56", "elapsed": 5725.181891, "delta": 17.246281}}
{"target": 6.041615201816265, "params": {"x0": 0.8000000000000009, "x1": 0.900000000000028, "x2": 9.245969984488502e-15, "x3": 2.2731614026099483e-14, "x4": 3.5171903219689016, "x5": 12.385553920055235, "x6": 3.0317020405676893, "x7": -1.8035210531731711, "x8": 0.39523929848179107, "x9": 2.499997264541131}, "datetime": {"datetime": "2025-05-18 02:40:13", "elapsed": 5741.73626, "delta": 16.554369}}
{"target": 6.041615201816265, "params": {"x0": 0.8000000000000005, "x1": 0.9000000000000171, "x2": 2.557425453679011e-14, "x3": 1.0229127008731395e-14, "x4": 3.5171903219688208, "x5": 12.385553920055148, "x6": 3.0317020405677084, "x7": -1.8035210531731234, "x8": 0.3952392984817879, "x9": 2.49999726454113}, "datetime": {"datetime": "2025-05-18 02:40:30", "elapsed": 5758.725373, "delta": 16.989113}}
{"target": 6.041615201816265, "params": {"x0": 0.8000000000000005, "x1": 0.9000000000000139, "x2": 1.0762345459863106e-14, "x3": 1.2163186866535833e-14, "x4": 3.517190321968727, "x5": 12.385553920055004, "x6": 3.031702040567702, "x7": -1.803521053173103, "x8": 0.39523929848179334, "x9": 2.4999972645411415}, "datetime": {"datetime": "2025-05-18 02:40:47", "elapsed": 5775.826889, "delta": 17.101516}}
{"target": 6.041615201816265, "params": {"x0": 0.8000000000000003, "x1": 0.9000000000000009, "x2": 1.5011526998926348e-14, "x3": 2.0032477319320647e-15, "x4": 3.5171903219688634, "x5": 12.385553920055129, "x6": 3.031702040567717, "x7": -1.8035210531731323, "x8": 0.39523929848177863, "x9": 2.4999972645411233}, "datetime": {"datetime": "2025-05-18 02:41:04", "elapsed": 5792.693332, "delta": 16.866443}}
{"target": 6.041615201816265, "params": {"x0": 0.8000000000000009, "x1": 0.9000000000000022, "x2": 1.9220977477843062e-14, "x3": 1.8791932409945454e-14, "x4": 3.5171903219688043, "x5": 12.385553920054654, "x6": 3.0317020405677058, "x7": -1.8035210531731172, "x8": 0.395239298481775, "x9": 2.499997264541137}, "datetime": {"datetime": "2025-05-18 02:41:21", "elapsed": 5809.874238, "delta": 17.180906}}
{"target": 6.041615201816265, "params": {"x0": 0.8000000000000007, "x1": 0.9000000000000121, "x2": 9.020701762224743e-15, "x3": 9.406457146803872e-17, "x4": 3.5171903219688394, "x5": 12.385553920055056, "x6": 3.03170204056772, "x7": -1.8035210531731607, "x8": 0.39523929848178657, "x9": 2.499997264541136}, "datetime": {"datetime": "2025-05-18 02:41:38", "elapsed": 5826.333756, "delta": 16.459518}}
{"target": 6.041615201816265, "params": {"x0": 0.8000000000000003, "x1": 0.9000000000000095, "x2": 6.7855172500045395e-15, "x3": 3.1278339628648666e-15, "x4": 3.517190321968797, "x5": 12.385553920054749, "x6": 3.0317020405677004, "x7": -1.803521053173159, "x8": 0.395239298481776, "x9": 2.4999972645411312}, "datetime": {"datetime": "2025-05-18 02:41:55", "elapsed": 5843.434877, "delta": 17.101121}}
{"target": 6.041615201816265, "params": {"x0": 0.8000000000000003, "x1": 0.9000000000000044, "x2": 2.523955373792004e-15, "x3": 4.745769782581427e-15, "x4": 3.5171903219688296, "x5": 12.385553920054669, "x6": 3.0317020405677084, "x7": -1.8035210531731274, "x8": 0.3952392984817799, "x9": 2.4999972645411366}, "datetime": {"datetime": "2025-05-18 02:42:12", "elapsed": 5860.321578, "delta": 16.886701}}
{"target": 6.041615201816265, "params": {"x0": 0.8000000000000003, "x1": 0.9000000000000096, "x2": 1.0748478717401387e-14, "x3": 1.2757663534684495e-15, "x4": 3.517190321968808, "x5": 12.385553920054878, "x6": 3.031702040567706, "x7": -1.8035210531731565, "x8": 0.39523929848177825, "x9": 2.499997264541126}, "datetime": {"datetime": "2025-05-18 02:42:28", "elapsed": 5877.258227, "delta": 16.936649}}
{"target": 6.041615201816265, "params": {"x0": 0.8000000000000005, "x1": 0.9000000000000001, "x2": 3.3177904845410957e-15, "x3": 9.143878492714978e-15, "x4": 3.517190321968793, "x5": 12.38555392005497, "x6": 3.0317020405677213, "x7": -1.8035210531731238, "x8": 0.39523929848178574, "x9": 2.499997264541133}, "datetime": {"datetime": "2025-05-18 02:42:45", "elapsed": 5894.12444, "delta": 16.866213}}
{"target": 6.041615201816265, "params": {"x0": 0.8000000000000003, "x1": 0.9000000000000108, "x2": 5.295142795956006e-15, "x3": 1.1476589976213585e-14, "x4": 3.5171903219687843, "x5": 12.385553920054766, "x6": 3.0317020405677155, "x7": -1.8035210531731434, "x8": 0.3952392984817784, "x9": 2.4999972645411335}, "datetime": {"datetime": "2025-05-18 02:43:02", "elapsed": 5910.653661, "delta": 16.529221}}
{"target": 6.041615201816265, "params": {"x0": 0.8000000000000004, "x1": 0.9000000000000054, "x2": 6.271651727337274e-15, "x3": 4.816285821385267e-15, "x4": 3.5171903219687812, "x5": 12.385553920054816, "x6": 3.0317020405677075, "x7": -1.8035210531731223, "x8": 0.39523929848177924, "x9": 2.499997264541126}, "datetime": {"datetime": "2025-05-18 02:43:18", "elapsed": 5926.567686, "delta": 15.914025}}
{"target": 6.041615201816265, "params": {"x0": 0.8000000000000004, "x1": 0.9000000000000075, "x2": 1.9004954634178515e-15, "x3": 7.54458034313961e-15, "x4": 3.517190321968827, "x5": 12.385553920054942, "x6": 3.0317020405677195, "x7": -1.8035210531731283, "x8": 0.39523929848178524, "x9": 2.499997264541129}, "datetime": {"datetime": "2025-05-18 02:43:35", "elapsed": 5943.520661, "delta": 16.952975}}
{"target": 6.041615201816265, "params": {"x0": 0.8, "x1": 0.900000000000006, "x2": 8.085822270316236e-16, "x3": 7.962199396207554e-15, "x4": 3.5171903219687697, "x5": 12.385553920054905, "x6": 3.031702040567706, "x7": -1.8035210531731376, "x8": 0.3952392984817813, "x9": 2.4999972645411344}, "datetime": {"datetime": "2025-05-18 02:43:51", "elapsed": 5959.733365, "delta": 16.212704}}
{"target": 6.041615201816265, "params": {"x0": 0.8000000000000002, "x1": 0.9000000000000019, "x2": 2.325005661865625e-16, "x3": 4.560852030875684e-15, "x4": 3.517190321968776, "x5": 12.385553920054772, "x6": 3.0317020405677093, "x7": -1.8035210531731238, "x8": 0.39523929848178607, "x9": 2.4999972645411317}, "datetime": {"datetime": "2025-05-18 02:44:07", "elapsed": 5975.829734, "delta": 16.096369}}
{"target": 6.041615201816265, "params": {"x0": 0.8000000000000003, "x1": 0.9000000000000005, "x2": 1.7911371302119028e-16, "x3": 1.1823704837283332e-15, "x4": 3.5171903219687937, "x5": 12.385553920054797, "x6": 3.0317020405677133, "x7": -1.8035210531731372, "x8": 0.39523929848178435, "x9": 2.4999972645411286}, "datetime": {"datetime": "2025-05-18 02:44:24", "elapsed": 5992.900462, "delta": 17.070728}}
{"target": 6.041615201816265, "params": {"x0": 0.8000000000000003, "x1": 0.9000000000000019, "x2": 2.7425374275218793e-15, "x3": 4.22564053552032e-15, "x4": 3.517190321968785, "x5": 12.385553920054774, "x6": 3.031702040567717, "x7": -1.8035210531731438, "x8": 0.39523929848178074, "x9": 2.4999972645411286}, "datetime": {"datetime": "2025-05-18 02:44:41", "elapsed": 6009.572904, "delta": 16.672442}}
{"target": 6.041615201816265, "params": {"x0": 0.8, "x1": 0.9000000000000012, "x2": 4.533948524187814e-15, "x3": 2.8750041115338777e-15, "x4": 3.517190321968813, "x5": 12.38555392005491, "x6": 3.0317020405677084, "x7": -1.8035210531731287, "x8": 0.39523929848178185, "x9": 2.4999972645411304}, "datetime": {"datetime": "2025-05-18 02:44:58", "elapsed": 6026.33985, "delta": 16.766946}}
{"target": 6.041615201816265, "params": {"x0": 0.8000000000000002, "x1": 0.900000000000002, "x2": 3.026671717991861e-16, "x3": 4.6564305947025715e-15, "x4": 3.5171903219687857, "x5": 12.385553920054843, "x6": 3.031702040567713, "x7": -1.8035210531731398, "x8": 0.39523929848178185, "x9": 2.499997264541131}, "datetime": {"datetime": "2025-05-18 02:45:14", "elapsed": 6042.445402, "delta": 16.105552}}
{"target": 6.041615201816265, "params": {"x0": 0.8000000000000002, "x1": 0.9000000000000021, "x2": 1.3727122102651367e-16, "x3": 4.2361731828790575e-16, "x4": 3.5171903219687826, "x5": 12.385553920054823, "x6": 3.031702040567714, "x7": -1.8035210531731418, "x8": 0.39523929848178113, "x9": 2.4999972645411286}, "datetime": {"datetime": "2025-05-18 02:45:29", "elapsed": 6058.169704, "delta": 15.724302}}
{"target": 6.041615201816265, "params": {"x0": 0.8000000000000002, "x1": 0.9000000000000019, "x2": 3.2421769306224483e-15, "x3": 1.3756871592268126e-15, "x4": 3.5171903219688074, "x5": 12.385553920054855, "x6": 3.0317020405677115, "x7": -1.803521053173132, "x8": 0.3952392984817824, "x9": 2.4999972645411295}, "datetime": {"datetime": "2025-05-18 02:45:46", "elapsed": 6075.147438, "delta": 16.977734}}
{"target": 6.041615201816265, "params": {"x0": 0.8000000000000002, "x1": 0.9000000000000016, "x2": 1.2752938193927826e-15, "x3": 2.816535161000564e-16, "x4": 3.517190321968796, "x5": 12.38555392005482, "x6": 3.03170204056771, "x7": -1.8035210531731303, "x8": 0.3952392984817835, "x9": 2.4999972645411295}, "datetime": {"datetime": "2025-05-18 02:46:03", "elapsed": 6091.890356, "delta": 16.742918}}
{"target": 6.041615201816265, "params": {"x0": 0.8000000000000002, "x1": 0.9000000000000012, "x2": 5.222975336857622e-16, "x3": 2.426601015058927e-15, "x4": 3.5171903219688048, "x5": 12.385553920054871, "x6": 3.031702040567711, "x7": -1.803521053173132, "x8": 0.3952392984817824, "x9": 2.4999972645411317}, "datetime": {"datetime": "2025-05-18 02:46:20", "elapsed": 6108.80752, "delta": 16.917164}}
{"target": 6.041615201816265, "params": {"x0": 0.8, "x1": 0.9000000000000015, "x2": 2.4308670394954423e-15, "x3": 1.0363053940360687e-15, "x4": 3.5171903219688017, "x5": 12.38555392005485, "x6": 3.0317020405677138, "x7": -1.8035210531731385, "x8": 0.3952392984817819, "x9": 2.4999972645411295}, "datetime": {"datetime": "2025-05-18 02:46:37", "elapsed": 6125.647142, "delta": 16.839622}}
{"target": 6.041615201816265, "params": {"x0": 0.8000000000000002, "x1": 0.9000000000000005, "x2": 7.271834943866069e-16, "x3": 1.33843206757396e-15, "x4": 3.5171903219688, "x5": 12.385553920054857, "x6": 3.031702040567712, "x7": -1.8035210531731387, "x8": 0.395239298481783, "x9": 2.4999972645411312}, "datetime": {"datetime": "2025-05-18 02:46:54", "elapsed": 6142.825365, "delta": 17.178223}}
{"target": 6.041615201816265, "params": {"x0": 0.8, "x1": 0.9000000000000005, "x2": 1.5337359843875665e-15, "x3": 1.2569775880907363e-15, "x4": 3.517190321968795, "x5": 12.385553920054866, "x6": 3.0317020405677115, "x7": -1.803521053173141, "x8": 0.39523929848178235, "x9": 2.499997264541131}, "datetime": {"datetime": "2025-05-18 02:47:11", "elapsed": 6160.046564, "delta": 17.221199}}
{"target": 6.041615201816265, "params": {"x0": 0.8, "x1": 0.9000000000000017, "x2": 1.1817543314024793e-15, "x3": 2.969588209545832e-16, "x4": 3.517190321968792, "x5": 12.38555392005483, "x6": 3.0317020405677115, "x7": -1.8035210531731338, "x8": 0.39523929848178185, "x9": 2.49999726454113}, "datetime": {"datetime": "2025-05-18 02:47:28", "elapsed": 6177.018045, "delta": 16.971481}}
{"target": 6.041615201816265, "params": {"x0": 0.8000000000000002, "x1": 0.9000000000000004, "x2": 3.4039833194031785e-16, "x3": 7.367161835559167e-16, "x4": 3.5171903219687946, "x5": 12.385553920054871, "x6": 3.031702040567711, "x7": -1.8035210531731356, "x8": 0.3952392984817836, "x9": 2.4999972645411317}, "datetime": {"datetime": "2025-05-18 02:47:46", "elapsed": 6194.349419, "delta": 17.331374}}
{"target": 6.041615201816265, "params": {"x0": 0.8, "x1": 0.9000000000000015, "x2": 1.4604769210267356e-15, "x3": 7.270222594173068e-16, "x4": 3.517190321968798, "x5": 12.385553920054862, "x6": 3.0317020405677106, "x7": -1.8035210531731347, "x8": 0.3952392984817824, "x9": 2.4999972645411312}, "datetime": {"datetime": "2025-05-18 02:48:02", "elapsed": 6211.055123, "delta": 16.705704}}
{"target": 6.041615201816265, "params": {"x0": 0.8, "x1": 0.9000000000000002, "x2": 4.939010068284774e-16, "x3": 4.204138367169393e-17, "x4": 3.517190321968793, "x5": 12.385553920054845, "x6": 3.031702040567713, "x7": -1.8035210531731354, "x8": 0.3952392984817825, "x9": 2.4999972645411317}, "datetime": {"datetime": "2025-05-18 02:48:19", "elapsed": 6227.878017, "delta": 16.822894}}
{"target": 6.041615201816265, "params": {"x0": 0.8, "x1": 0.9000000000000004, "x2": 1.1232199035091503e-15, "x3": 9.817560835335099e-16, "x4": 3.5171903219687994, "x5": 12.385553920054862, "x6": 3.0317020405677115, "x7": -1.8035210531731385, "x8": 0.39523929848178224, "x9": 2.499997264541131}, "datetime": {"datetime": "2025-05-18 02:48:35", "elapsed": 6244.168399, "delta": 16.290382}}
{"target": 6.041615201816265, "params": {"x0": 0.8000000000000002, "x1": 0.9000000000000007, "x2": 7.579515408403746e-16, "x3": 8.928167054596538e-16, "x4": 3.5171903219687977, "x5": 12.385553920054832, "x6": 3.0317020405677115, "x7": -1.803521053173137, "x8": 0.3952392984817833, "x9": 2.499997264541131}, "datetime": {"datetime": "2025-05-18 02:48:53", "elapsed": 6261.637252, "delta": 17.468853}}
{"target": 6.041615201816265, "params": {"x0": 0.8, "x1": 0.9000000000000009, "x2": 7.132267375989987e-16, "x3": 4.308871095120857e-16, "x4": 3.5171903219687923, "x5": 12.385553920054846, "x6": 3.0317020405677115, "x7": -1.803521053173137, "x8": 0.3952392984817831, "x9": 2.499997264541131}, "datetime": {"datetime": "2025-05-18 02:49:10", "elapsed": 6278.531596, "delta": 16.894344}}
{"target": 6.041615201816265, "params": {"x0": 0.8, "x1": 0.9000000000000004, "x2": 5.549940992627904e-16, "x3": 9.723464244855427e-16, "x4": 3.517190321968793, "x5": 12.38555392005485, "x6": 3.0317020405677115, "x7": -1.8035210531731385, "x8": 0.39523929848178246, "x9": 2.4999972645411304}, "datetime": {"datetime": "2025-05-18 02:49:27", "elapsed": 6295.338389, "delta": 16.806793}}
{"target": 6.041615201816265, "params": {"x0": 0.8, "x1": 0.9000000000000009, "x2": 1.0414583837431368e-16, "x3": 8.242728082788108e-16, "x4": 3.5171903219687968, "x5": 12.385553920054843, "x6": 3.0317020405677124, "x7": -1.8035210531731354, "x8": 0.3952392984817827, "x9": 2.4999972645411304}, "datetime": {"datetime": "2025-05-18 02:49:44", "elapsed": 6312.437667, "delta": 17.099278}}
{"target": 6.041615201816265, "params": {"x0": 0.8, "x1": 0.9000000000000006, "x2": 6.938797231608494e-16, "x3": 2.7167148923711615e-16, "x4": 3.517190321968798, "x5": 12.385553920054855, "x6": 3.0317020405677115, "x7": -1.8035210531731383, "x8": 0.39523929848178296, "x9": 2.499997264541131}, "datetime": {"datetime": "2025-05-18 02:50:01", "elapsed": 6329.796688, "delta": 17.359021}}
{"target": 6.041615201816265, "params": {"x0": 0.8, "x1": 0.9000000000000005, "x2": 2.1152734069508397e-16, "x3": 2.9102524116022126e-16, "x4": 3.517190321968795, "x5": 12.38555392005484, "x6": 3.031702040567711, "x7": -1.8035210531731365, "x8": 0.39523929848178313, "x9": 2.4999972645411304}, "datetime": {"datetime": "2025-05-18 02:50:18", "elapsed": 6346.414551, "delta": 16.617863}}
{"target": 6.041615201816265, "params": {"x0": 0.8, "x1": 0.9000000000000002, "x2": 1.463101407963718e-16, "x3": 3.2006483483981734e-16, "x4": 3.5171903219687954, "x5": 12.385553920054853, "x6": 3.0317020405677115, "x7": -1.8035210531731358, "x8": 0.3952392984817829, "x9": 2.499997264541131}, "datetime": {"datetime": "2025-05-18 02:50:35", "elapsed": 6363.924689, "delta": 17.510138}}
{"target": 6.041615201816265, "params": {"x0": 0.8, "x1": 0.9000000000000001, "x2": 3.4935850125756345e-16, "x3": 3.0854482570065324e-16, "x4": 3.517190321968797, "x5": 12.385553920054855, "x6": 3.031702040567711, "x7": -1.8035210531731374, "x8": 0.39523929848178296, "x9": 2.4999972645411312}, "datetime": {"datetime": "2025-05-18 02:50:52", "elapsed": 6380.865609, "delta": 16.94092}}
{"target": 6.041615201816265, "params": {"x0": 0.8, "x1": 0.9, "x2": 3.679504432533731e-16, "x3": 1.3889927412521938e-16, "x4": 3.517190321968798, "x5": 12.385553920054841, "x6": 3.0317020405677115, "x7": -1.8035210531731372, "x8": 0.3952392984817828, "x9": 2.4999972645411312}, "datetime": {"datetime": "2025-05-18 02:51:08", "elapsed": 6397.102651, "delta": 16.237042}}
{"target": 6.041615201816265, "params": {"x0": 0.8, "x1": 0.9000000000000005, "x2": 3.266013528552963e-17, "x3": 2.429815888838448e-16, "x4": 3.517190321968795, "x5": 12.385553920054845, "x6": 3.031702040567711, "x7": -1.803521053173137, "x8": 0.39523929848178285, "x9": 2.499997264541131}, "datetime": {"datetime": "2025-05-18 02:51:25", "elapsed": 6413.97215, "delta": 16.869499}}
{"target": 6.041615201816265, "params": {"x0": 0.8, "x1": 0.9000000000000005, "x2": 1.869666943066945e-16, "x3": 2.2115290131220932e-16, "x4": 3.5171903219687954, "x5": 12.38555392005485, "x6": 3.031702040567711, "x7": -1.8035210531731363, "x8": 0.395239298481783, "x9": 2.499997264541131}, "datetime": {"datetime": "2025-05-18 02:51:43", "elapsed": 6431.483742, "delta": 17.511592}}
{"target": 6.041615201816265, "params": {"x0": 0.8, "x1": 0.9000000000000001, "x2": 1.3169120025607012e-16, "x3": 1.5209583925297064e-16, "x4": 3.5171903219687977, "x5": 12.385553920054852, "x6": 3.0317020405677115, "x7": -1.8035210531731372, "x8": 0.3952392984817828, "x9": 2.499997264541131}, "datetime": {"datetime": "2025-05-18 02:52:00", "elapsed": 6448.388736, "delta": 16.904994}}
{"target": 6.041615201816265, "params": {"x0": 0.8, "x1": 0.9000000000000004, "x2": 8.632985647034234e-17, "x3": 2.9675422353827734e-16, "x4": 3.5171903219687968, "x5": 12.385553920054852, "x6": 3.031702040567711, "x7": -1.8035210531731372, "x8": 0.3952392984817827, "x9": 2.499997264541131}, "datetime": {"datetime": "2025-05-18 02:52:16", "elapsed": 6465.299283, "delta": 16.910547}}
{"target": 6.041615201816265, "params": {"x0": 0.8, "x1": 0.9000000000000001, "x2": 2.1246055202838227e-16, "x3": 9.920668448920198e-17, "x4": 3.5171903219687968, "x5": 12.385553920054845, "x6": 3.031702040567712, "x7": -1.8035210531731363, "x8": 0.3952392984817827, "x9": 2.499997264541131}, "datetime": {"datetime": "2025-05-18 02:52:34", "elapsed": 6482.538933, "delta": 17.23965}}
{"target": 6.041615201816265, "params": {"x0": 0.8, "x1": 0.9000000000000001, "x2": 1.8638483143165788e-16, "x3": 2.246769560807536e-16, "x4": 3.517190321968797, "x5": 12.385553920054846, "x6": 3.031702040567711, "x7": -1.803521053173136, "x8": 0.3952392984817828, "x9": 2.499997264541131}, "datetime": {"datetime": "2025-05-18 02:52:51", "elapsed": 6499.821702, "delta": 17.282769}}
{"target": 6.041615201816265, "params": {"x0": 0.8, "x1": 0.9000000000000001, "x2": 1.5886437442021779e-16, "x3": 1.5517719040899113e-16, "x4": 3.5171903219687968, "x5": 12.38555392005485, "x6": 3.0317020405677115, "x7": -1.8035210531731365, "x8": 0.39523929848178285, "x9": 2.499997264541131}, "datetime": {"datetime": "2025-05-18 02:53:08", "elapsed": 6517.194891, "delta": 17.373189}}
{"target": 6.041615201816265, "params": {"x0": 0.8, "x1": 0.9000000000000001, "x2": 2.1020867202321803e-16, "x3": 2.149882184859981e-16, "x4": 3.517190321968796, "x5": 12.385553920054845, "x6": 3.0317020405677115, "x7": -1.8035210531731372, "x8": 0.3952392984817829, "x9": 2.499997264541131}, "datetime": {"datetime": "2025-05-18 02:53:25", "elapsed": 6534.264186, "delta": 17.069295}}
{"target": 6.041615201816265, "params": {"x0": 0.8, "x1": 0.9000000000000002, "x2": 1.839778019927842e-16, "x3": 2.037981661978697e-16, "x4": 3.517190321968797, "x5": 12.385553920054846, "x6": 3.0317020405677115, "x7": -1.8035210531731365, "x8": 0.39523929848178296, "x9": 2.499997264541131}, "datetime": {"datetime": "2025-05-18 02:53:43", "elapsed": 6551.49513, "delta": 17.230944}}
{"target": 6.041615201816265, "params": {"x0": 0.8, "x1": 0.9000000000000002, "x2": 9.41760216633644e-18, "x3": 1.9271783357342192e-16, "x4": 3.5171903219687968, "x5": 12.38555392005485, "x6": 3.0317020405677115, "x7": -1.8035210531731372, "x8": 0.39523929848178296, "x9": 2.499997264541131}, "datetime": {"datetime": "2025-05-18 02:54:00", "elapsed": 6568.701987, "delta": 17.206857}}
{"target": 6.041615201816265, "params": {"x0": 0.8, "x1": 0.9000000000000001, "x2": 7.397855813651388e-17, "x3": 1.7448964587319898e-16, "x4": 3.5171903219687963, "x5": 12.38555392005485, "x6": 3.0317020405677115, "x7": -1.803521053173137, "x8": 0.3952392984817828, "x9": 2.499997264541131}, "datetime": {"datetime": "2025-05-18 02:54:18", "elapsed": 6586.340803, "delta": 17.638816}}
