{"target": 6.041615201816265, "params": {"x0": 0.8000000001319062, "x1": 0.9000000002096172, "x2": 3.0923941117437274e-10, "x3": 8.011655580386843e-11, "x4": 3.5171903305609105, "x5": 12.385553971801174, "x6": 3.0317020388419533, "x7": -1.8035210612834087, "x8": 0.39523930032703464, "x9": 2.4999972627577227}, "datetime": {"datetime": "2025-05-18 02:09:27", "elapsed": 3895.806743, "delta": 16.292602}}
{"target": 6.041615201816265, "params": {"x0": 0.8000000001209042, "x1": 0.9000000003633694, "x2": 1.4499356363868986e-10, "x3": 3.637873791811063e-11, "x4": 3.51719032736502, "x5": 12.38555396593526, "x6": 3.031702039654892, "x7": -1.8035210571495521, "x8": 0.39523929918059725, "x9": 2.4999972662900616}, "datetime": {"datetime": "2025-05-18 02:09:44", "elapsed": 3912.480836, "delta": 16.674093}}
{"target": 6.041615201816265, "params": {"x0": 0.8000000001337629, "x1": 0.9000000002819067, "x2": 2.0726189708598718e-10, "x3": 2.193927360513924e-10, "x4": 3.517190332382327, "x5": 12.385553930144615, "x6": 3.0317020390257654, "x7": -1.8035210595861564, "x8": 0.39523929983087885, "x9": 2.499997264617848}, "datetime": {"datetime": "2025-05-18 02:10:00", "elapsed": 3928.911981, "delta": 16.431145}}
{"target": 6.041615201816265, "params": {"x0": 0.8000000000764693, "x1": 0.9000000001622745, "x2": 3.579392920877911e-10, "x3": 1.3761160331523998e-10, "x4": 3.51719032891049, "x5": 12.38555393644028, "x6": 3.031702038143868, "x7": -1.8035210578809773, "x8": 0.3952392991903585, "x9": 2.499997265469371}, "datetime": {"datetime": "2025-05-18 02:10:16", "elapsed": 3945.23606, "delta": 16.324079}}
{"target": 6.041615201816265, "params": {"x0": 0.8000000000924776, "x1": 0.9000000000761909, "x2": 8.028753614623599e-10, "x3": 1.072394106337894e-10, "x4": 3.5171903271943155, "x5": 12.385553919959492, "x6": 3.031702038233695, "x7": -1.8035210577017031, "x8": 0.3952392994286113, "x9": 2.4999972656921154}, "datetime": {"datetime": "2025-05-18 02:10:32", "elapsed": 3961.181227, "delta": 15.945167}}
{"target": 6.041615201816265, "params": {"x0": 0.8000000001093425, "x1": 0.9000000000964911, "x2": 3.329752156685569e-10, "x3": 1.6888581198615383e-10, "x4": 3.5171903303113417, "x5": 12.3855539416875, "x6": 3.0317020404705888, "x7": -1.80352105818795, "x8": 0.3952392992215201, "x9": 2.4999972647419857}, "datetime": {"datetime": "2025-05-18 02:10:49", "elapsed": 3977.462535, "delta": 16.281308}}
{"target": 6.041615201816265, "params": {"x0": 0.8000000000165056, "x1": 0.9000000002119178, "x2": 2.112107706408287e-10, "x3": 3.083360145864332e-11, "x4": 3.5171903259453456, "x5": 12.385553908390829, "x6": 3.0317020416018288, "x7": -1.8035210575082818, "x8": 0.39523929915488815, "x9": 2.499997265331041}, "datetime": {"datetime": "2025-05-18 02:11:05", "elapsed": 3993.752884, "delta": 16.290349}}
{"target": 6.041615201816265, "params": {"x0": 0.8000000000692536, "x1": 0.9000000000162031, "x2": 1.1732128142704016e-10, "x3": 3.513974430123209e-11, "x4": 3.517190322709599, "x5": 12.385553907051845, "x6": 3.031702039163587, "x7": -1.8035210554269958, "x8": 0.3952392987279898, "x9": 2.499997263958893}, "datetime": {"datetime": "2025-05-18 02:11:22", "elapsed": 4010.309698, "delta": 16.556814}}
{"target": 6.041615201816265, "params": {"x0": 0.8000000000312952, "x1": 0.900000000006015, "x2": 1.2938125109708286e-10, "x3": 8.773536622257402e-11, "x4": 3.517190326573754, "x5": 12.385553919599156, "x6": 3.0317020417487743, "x7": -1.8035210565798225, "x8": 0.3952392984252765, "x9": 2.49999726490099}, "datetime": {"datetime": "2025-05-18 02:11:38", "elapsed": 4026.62914, "delta": 16.319442}}
{"target": 6.041615201816265, "params": {"x0": 0.8000000000757739, "x1": 0.900000000266609, "x2": 9.483546929866533e-11, "x3": 8.16542432478135e-11, "x4": 3.5171903271092355, "x5": 12.385553930500842, "x6": 3.031702039254403, "x7": -1.8035210564551887, "x8": 0.39523929896159926, "x9": 2.4999972648288247}, "datetime": {"datetime": "2025-05-18 02:11:54", "elapsed": 4042.779991, "delta": 16.150851}}
{"target": 6.041615201816265, "params": {"x0": 0.800000000007588, "x1": 0.9000000001414996, "x2": 3.362164084631587e-11, "x3": 4.1146865541042606e-11, "x4": 3.517190325845657, "x5": 12.385553930709229, "x6": 3.031702041609172, "x7": -1.803521055092244, "x8": 0.39523929878750186, "x9": 2.4999972652028837}, "datetime": {"datetime": "2025-05-18 02:12:10", "elapsed": 4059.003902, "delta": 16.223911}}
{"target": 6.041615201816265, "params": {"x0": 0.8000000000037727, "x1": 0.9000000000290216, "x2": 5.3965419318733614e-12, "x3": 2.854353416358438e-11, "x4": 3.5171903258904935, "x5": 12.38555391198745, "x6": 3.031702040183947, "x7": -1.8035210554946426, "x8": 0.395239298460469, "x9": 2.4999972641489365}, "datetime": {"datetime": "2025-05-18 02:12:26", "elapsed": 4074.910724, "delta": 15.906822}}
{"target": 6.041615201816265, "params": {"x0": 0.8000000000180796, "x1": 0.9000000000197319, "x2": 2.0223746357253594e-10, "x3": 2.3246791223732823e-11, "x4": 3.517190326080159, "x5": 12.385553909913137, "x6": 3.0317020403969863, "x7": -1.8035210553983536, "x8": 0.39523929900373356, "x9": 2.4999972641581962}, "datetime": {"datetime": "2025-05-18 02:12:43", "elapsed": 4091.953769, "delta": 17.043045}}
{"target": 6.041615201816265, "params": {"x0": 0.8000000000005768, "x1": 0.9000000000581531, "x2": 8.867712497623167e-11, "x3": 1.1369226334297881e-10, "x4": 3.5171903242963083, "x5": 12.385553924093818, "x6": 3.0317020397346375, "x7": -1.8035210539490556, "x8": 0.39523929852090894, "x9": 2.4999972650189735}, "datetime": {"datetime": "2025-05-18 02:12:59", "elapsed": 4108.111881, "delta": 16.158112}}
{"target": 6.041615201816265, "params": {"x0": 0.800000000005408, "x1": 0.9000000000033528, "x2": 4.253704048807148e-12, "x3": 2.9044716494290204e-11, "x4": 3.517190323764176, "x5": 12.385553930717906, "x6": 3.0317020410209268, "x7": -1.8035210527551533, "x8": 0.39523929864644636, "x9": 2.4999972646387447}, "datetime": {"datetime": "2025-05-18 02:13:16", "elapsed": 4124.622161, "delta": 16.51028}}
{"target": 6.041615201816265, "params": {"x0": 0.8000000000270607, "x1": 0.9000000000594914, "x2": 6.695207842715499e-12, "x3": 1.5784285240493164e-11, "x4": 3.5171903226581898, "x5": 12.385553924173298, "x6": 3.0317020411927085, "x7": -1.8035210547912168, "x8": 0.3952392984621633, "x9": 2.499997264731808}, "datetime": {"datetime": "2025-05-18 02:13:33", "elapsed": 4141.311813, "delta": 16.689652}}
{"target": 6.041615201816265, "params": {"x0": 0.8000000000205698, "x1": 0.9000000000159295, "x2": 5.924567629694985e-11, "x3": 2.6217202776205654e-11, "x4": 3.5171903230907393, "x5": 12.38555391638813, "x6": 3.03170204021901, "x7": -1.8035210546505545, "x8": 0.3952392985202524, "x9": 2.499997264657818}, "datetime": {"datetime": "2025-05-18 02:13:49", "elapsed": 4157.854105, "delta": 16.542292}}
{"target": 6.041615201816265, "params": {"x0": 0.8000000000272516, "x1": 0.9000000000319919, "x2": 2.7651709136944275e-11, "x3": 2.1076376824888755e-11, "x4": 3.517190323464034, "x5": 12.385553917092752, "x6": 3.031702040175376, "x7": -1.8035210545672222, "x8": 0.39523929863649104, "x9": 2.4999972648189948}, "datetime": {"datetime": "2025-05-18 02:14:04", "elapsed": 4173.01735, "delta": 15.163245}}
{"target": 6.041615201816265, "params": {"x0": 0.8000000000118787, "x1": 0.9000000000034268, "x2": 1.2403738534536543e-10, "x3": 1.787274755182876e-11, "x4": 3.5171903223923953, "x5": 12.385553926627304, "x6": 3.031702040155151, "x7": -1.803521054215585, "x8": 0.3952392985187409, "x9": 2.4999972646905166}, "datetime": {"datetime": "2025-05-18 02:14:20", "elapsed": 4189.226802, "delta": 16.209452}}
{"target": 6.041615201816265, "params": {"x0": 0.8000000000225166, "x1": 0.9000000001215215, "x2": 8.250645809107228e-11, "x3": 3.2437564779381987e-12, "x4": 3.5171903238673976, "x5": 12.385553924052278, "x6": 3.0317020402440034, "x7": -1.803521054135759, "x8": 0.39523929859496426, "x9": 2.4999972647669146}, "datetime": {"datetime": "2025-05-18 02:14:36", "elapsed": 4205.303098, "delta": 16.076296}}
{"target": 6.041615201816265, "params": {"x0": 0.800000000024596, "x1": 0.9000000000269922, "x2": 4.241534086178158e-11, "x3": 4.10963676045713e-12, "x4": 3.5171903237275703, "x5": 12.385553921410985, "x6": 3.0317020402239834, "x7": -1.8035210538530868, "x8": 0.3952392986913169, "x9": 2.499997264442539}, "datetime": {"datetime": "2025-05-18 02:14:53", "elapsed": 4221.602165, "delta": 16.299067}}
{"target": 6.041615201816265, "params": {"x0": 0.8000000000196124, "x1": 0.9000000000084357, "x2": 2.9339129639416876e-11, "x3": 5.1897939037022526e-11, "x4": 3.5171903235393702, "x5": 12.38555392608358, "x6": 3.0317020403879176, "x7": -1.8035210540404474, "x8": 0.3952392985225263, "x9": 2.4999972644799113}, "datetime": {"datetime": "2025-05-18 02:15:08", "elapsed": 4237.013367, "delta": 15.411202}}
{"target": 6.041615201816265, "params": {"x0": 0.8000000000089966, "x1": 0.900000000008398, "x2": 7.490265110390869e-11, "x3": 1.4151087503914448e-11, "x4": 3.517190323175818, "x5": 12.385553925063853, "x6": 3.031702040672445, "x7": -1.8035210540071387, "x8": 0.3952392984482121, "x9": 2.4999972646616353}, "datetime": {"datetime": "2025-05-18 02:15:24", "elapsed": 4253.190373, "delta": 16.177006}}
{"target": 6.041615201816265, "params": {"x0": 0.8000000000066457, "x1": 0.9000000000195514, "x2": 3.554547660527062e-11, "x3": 3.2036791208682355e-11, "x4": 3.5171903221564444, "x5": 12.385553915360793, "x6": 3.0317020403151584, "x7": -1.803521053546638, "x8": 0.3952392985160698, "x9": 2.49999726463564}, "datetime": {"datetime": "2025-05-18 02:15:41", "elapsed": 4269.466853, "delta": 16.27648}}
{"target": 6.041615201816265, "params": {"x0": 0.8000000000001247, "x1": 0.9000000000139385, "x2": 2.8310091560285332e-11, "x3": 1.0357557436838671e-12, "x4": 3.5171903227051353, "x5": 12.385553921153594, "x6": 3.0317020405386037, "x7": -1.80352105375923, "x8": 0.3952392985004532, "x9": 2.499997264660866}, "datetime": {"datetime": "2025-05-18 02:15:57", "elapsed": 4285.809335, "delta": 16.342482}}
{"target": 6.041615201816265, "params": {"x0": 0.8000000000116038, "x1": 0.90000000001952, "x2": 4.441940855506276e-11, "x3": 1.3014948161731651e-11, "x4": 3.5171903226941015, "x5": 12.38555392182519, "x6": 3.031702040531628, "x7": -1.8035210534986295, "x8": 0.39523929849446404, "x9": 2.499997264669915}, "datetime": {"datetime": "2025-05-18 02:16:13", "elapsed": 4301.872925, "delta": 16.06359}}
{"target": 6.041615201816265, "params": {"x0": 0.8000000000091205, "x1": 0.9000000000125292, "x2": 4.2235818143551874e-11, "x3": 2.456083804634908e-12, "x4": 3.5171903221930507, "x5": 12.385553922367755, "x6": 3.0317020403658574, "x7": -1.8035210535965693, "x8": 0.3952392985049916, "x9": 2.499997264673095}, "datetime": {"datetime": "2025-05-18 02:16:29", "elapsed": 4318.095453, "delta": 16.222528}}
{"target": 6.041615201816265, "params": {"x0": 0.8000000000026027, "x1": 0.9000000000181229, "x2": 1.334788246247543e-11, "x3": 1.1479552309457497e-11, "x4": 3.51719032206443, "x5": 12.385553917709846, "x6": 3.0317020404231174, "x7": -1.8035210533961945, "x8": 0.3952392985780429, "x9": 2.499997264496826}, "datetime": {"datetime": "2025-05-18 02:16:46", "elapsed": 4334.528678, "delta": 16.433225}}
{"target": 6.041615201816265, "params": {"x0": 0.8000000000028334, "x1": 0.9000000000014445, "x2": 1.9908716045966476e-11, "x3": 3.8739263935971085e-12, "x4": 3.517190321882927, "x5": 12.385553922411868, "x6": 3.031702040481652, "x7": -1.803521053501915, "x8": 0.39523929839427635, "x9": 2.4999972646383815}, "datetime": {"datetime": "2025-05-18 02:17:02", "elapsed": 4350.590108, "delta": 16.06143}}
{"target": 6.041615201816265, "params": {"x0": 0.8000000000009523, "x1": 0.9000000000155781, "x2": 3.3037990802035394e-11, "x3": 7.854166476117262e-12, "x4": 3.5171903226691428, "x5": 12.38555392137058, "x6": 3.0317020406463397, "x7": -1.8035210535561306, "x8": 0.3952392985719211, "x9": 2.4999972645134694}, "datetime": {"datetime": "2025-05-18 02:17:18", "elapsed": 4366.786165, "delta": 16.196057}}
{"target": 6.041615201816265, "params": {"x0": 0.8000000000026994, "x1": 0.900000000008826, "x2": 3.725573639892105e-11, "x3": 1.9320965941802548e-11, "x4": 3.5171903221273295, "x5": 12.385553922258822, "x6": 3.0317020404616373, "x7": -1.8035210535180177, "x8": 0.39523929847674355, "x9": 2.4999972644839494}, "datetime": {"datetime": "2025-05-18 02:17:34", "elapsed": 4383.110145, "delta": 16.32398}}
{"target": 6.041615201816265, "params": {"x0": 0.800000000000285, "x1": 0.900000000001398, "x2": 1.3844356863510702e-11, "x3": 1.8125266141818624e-11, "x4": 3.5171903222008227, "x5": 12.385553917972338, "x6": 3.031702040449688, "x7": -1.8035210533954902, "x8": 0.39523929845742656, "x9": 2.4999972645912294}, "datetime": {"datetime": "2025-05-18 02:17:51", "elapsed": 4399.316514, "delta": 16.206369}}
{"target": 6.041615201816265, "params": {"x0": 0.8000000000055718, "x1": 0.9000000000126621, "x2": 3.64060724943689e-11, "x3": 3.2622575646008607e-12, "x4": 3.5171903221907863, "x5": 12.385553919502858, "x6": 3.03170204047261, "x7": -1.8035210533708954, "x8": 0.3952392984951204, "x9": 2.499997264567192}, "datetime": {"datetime": "2025-05-18 02:18:07", "elapsed": 4415.729382, "delta": 16.412868}}
{"target": 6.041615201816265, "params": {"x0": 0.8000000000027081, "x1": 0.9000000000013775, "x2": 1.1567944902050202e-11, "x3": 3.795017149922059e-11, "x4": 3.5171903220632057, "x5": 12.385553921633003, "x6": 3.0317020406135105, "x7": -1.803521053132073, "x8": 0.39523929853984613, "x9": 2.499997264596736}, "datetime": {"datetime": "2025-05-18 02:18:24", "elapsed": 4432.554464, "delta": 16.825082}}
{"target": 6.041615201816265, "params": {"x0": 0.8000000000023952, "x1": 0.9000000000157581, "x2": 2.5501774502519188e-11, "x3": 2.5631939082772163e-12, "x4": 3.517190321946897, "x5": 12.385553918643632, "x6": 3.031702040534249, "x7": -1.8035210532760568, "x8": 0.3952392985150806, "x9": 2.499997264561402}, "datetime": {"datetime": "2025-05-18 02:18:40", "elapsed": 4448.586236, "delta": 16.031772}}
{"target": 6.041615201816265, "params": {"x0": 0.800000000001756, "x1": 0.9000000000000854, "x2": 2.469056214213477e-11, "x3": 6.219319211944472e-13, "x4": 3.5171903222032186, "x5": 12.385553918807773, "x6": 3.0317020405838044, "x7": -1.8035210533189363, "x8": 0.3952392985249626, "x9": 2.4999972645694517}, "datetime": {"datetime": "2025-05-18 02:18:56", "elapsed": 4464.948823, "delta": 16.362587}}
{"target": 6.041615201816265, "params": {"x0": 0.800000000002336, "x1": 0.9000000000177625, "x2": 4.754939207663908e-13, "x3": 5.875196973525472e-12, "x4": 3.517190322270277, "x5": 12.385553920618994, "x6": 3.0317020405255426, "x7": -1.8035210533391324, "x8": 0.39523929851702305, "x9": 2.4999972645647786}, "datetime": {"datetime": "2025-05-18 02:19:13", "elapsed": 4481.668874, "delta": 16.720051}}
{"target": 6.041615201816265, "params": {"x0": 0.8000000000032425, "x1": 0.900000000003626, "x2": 4.264858567069954e-12, "x3": 8.37374661210552e-12, "x4": 3.5171903222215266, "x5": 12.385553920903265, "x6": 3.0317020405513198, "x7": -1.8035210533424626, "x8": 0.39523929852005785, "x9": 2.499997264518363}, "datetime": {"datetime": "2025-05-18 02:19:30", "elapsed": 4498.42672, "delta": 16.757846}}
{"target": 6.041615201816265, "params": {"x0": 0.8000000000024031, "x1": 0.9000000000092162, "x2": 2.8404912132380145e-11, "x3": 6.327171243867873e-13, "x4": 3.517190322086749, "x5": 12.385553920284249, "x6": 3.0317020405983905, "x7": -1.8035210533275898, "x8": 0.39523929847624406, "x9": 2.499997264508242}, "datetime": {"datetime": "2025-05-18 02:19:46", "elapsed": 4514.848598, "delta": 16.421878}}
{"target": 6.041615201816265, "params": {"x0": 0.8000000000002507, "x1": 0.9000000000166587, "x2": 4.079308232939744e-12, "x3": 1.3301370413735408e-11, "x4": 3.5171903217674987, "x5": 12.385553920520527, "x6": 3.031702040534796, "x7": -1.8035210532631651, "x8": 0.3952392984570722, "x9": 2.499997264562567}, "datetime": {"datetime": "2025-05-18 02:20:03", "elapsed": 4531.348262, "delta": 16.499664}}
{"target": 6.041615201816265, "params": {"x0": 0.8000000000013207, "x1": 0.9000000000007802, "x2": 7.967188236494832e-12, "x3": 1.7112732312960728e-12, "x4": 3.517190322045069, "x5": 12.38555391975454, "x6": 3.0317020405357353, "x7": -1.8035210531761967, "x8": 0.3952392984884939, "x9": 2.499997264562908}, "datetime": {"datetime": "2025-05-18 02:20:18", "elapsed": 4546.80386, "delta": 15.455598}}
{"target": 6.041615201816265, "params": {"x0": 0.8000000000023093, "x1": 0.9000000000030531, "x2": 8.934130693596221e-12, "x3": 8.369841313815121e-12, "x4": 3.517190321875151, "x5": 12.385553920064442, "x6": 3.0317020405244586, "x7": -1.8035210531543517, "x8": 0.3952392985012333, "x9": 2.4999972645251853}, "datetime": {"datetime": "2025-05-18 02:20:34", "elapsed": 4563.139434, "delta": 16.335574}}
{"target": 6.041615201816265, "params": {"x0": 0.8000000000007418, "x1": 0.9000000000010159, "x2": 1.0447497788957265e-11, "x3": 8.846330141424312e-12, "x4": 3.51719032197739, "x5": 12.385553919902192, "x6": 3.03170204053217, "x7": -1.8035210531664667, "x8": 0.3952392984941237, "x9": 2.4999972645460318}, "datetime": {"datetime": "2025-05-18 02:20:51", "elapsed": 4579.487986, "delta": 16.348552}}
{"target": 6.041615201816265, "params": {"x0": 0.8000000000002037, "x1": 0.90000000000468, "x2": 3.474422392521244e-13, "x3": 8.229156031959554e-12, "x4": 3.5171903220795446, "x5": 12.38555391958228, "x6": 3.0317020405427733, "x7": -1.8035210532550106, "x8": 0.3952392984811484, "x9": 2.4999972645570847}, "datetime": {"datetime": "2025-05-18 02:21:07", "elapsed": 4595.572739, "delta": 16.084753}}
{"target": 6.041615201816265, "params": {"x0": 0.8000000000018591, "x1": 0.9000000000031881, "x2": 9.839319688694563e-14, "x3": 7.629786225370914e-12, "x4": 3.5171903220783824, "x5": 12.38555392008122, "x6": 3.031702040559744, "x7": -1.8035210531415866, "x8": 0.39523929848119405, "x9": 2.4999972645566118}, "datetime": {"datetime": "2025-05-18 02:21:23", "elapsed": 4611.899087, "delta": 16.326348}}
{"target": 6.041615201816265, "params": {"x0": 0.8000000000014895, "x1": 0.9000000000024061, "x2": 3.184551678136998e-12, "x3": 1.8882793357078212e-11, "x4": 3.517190321917464, "x5": 12.385553919872432, "x6": 3.0317020405945025, "x7": -1.8035210531645465, "x8": 0.39523929847360584, "x9": 2.4999972645490236}, "datetime": {"datetime": "2025-05-18 02:21:39", "elapsed": 4628.199466, "delta": 16.300379}}
{"target": 6.041615201816265, "params": {"x0": 0.800000000000228, "x1": 0.9000000000060701, "x2": 5.474867852507843e-12, "x3": 3.285974449039399e-12, "x4": 3.5171903219005967, "x5": 12.385553920455559, "x6": 3.0317020405576582, "x7": -1.8035210531172066, "x8": 0.395239298492479, "x9": 2.4999972645380337}, "datetime": {"datetime": "2025-05-18 02:21:56", "elapsed": 4644.808603, "delta": 16.609137}}
{"target": 6.041615201816265, "params": {"x0": 0.8000000000011215, "x1": 0.9000000000017061, "x2": 7.902031623639656e-13, "x3": 8.347733565584392e-12, "x4": 3.517190321988548, "x5": 12.385553920413505, "x6": 3.031702040554485, "x7": -1.8035210531823622, "x8": 0.39523929849331296, "x9": 2.4999972645521065}, "datetime": {"datetime": "2025-05-18 02:22:13", "elapsed": 4661.730054, "delta": 16.921451}}
{"target": 6.041615201816265, "params": {"x0": 0.8000000000008154, "x1": 0.9000000000013849, "x2": 1.363330046714132e-11, "x3": 8.721624673923696e-13, "x4": 3.517190321980879, "x5": 12.385553920110558, "x6": 3.0317020405727866, "x7": -1.8035210531255876, "x8": 0.3952392984878641, "x9": 2.4999972645530333}, "datetime": {"datetime": "2025-05-18 02:22:29", "elapsed": 4677.409705, "delta": 15.679651}}
{"target": 6.041615201816265, "params": {"x0": 0.800000000000707, "x1": 0.900000000001559, "x2": 3.5997639844332887e-12, "x3": 2.294864354877222e-12, "x4": 3.5171903220323744, "x5": 12.385553919901406, "x6": 3.0317020405596224, "x7": -1.803521053186361, "x8": 0.3952392984840111, "x9": 2.499997264544785}, "datetime": {"datetime": "2025-05-18 02:22:46", "elapsed": 4694.362311, "delta": 16.952606}}
{"target": 6.041615201816265, "params": {"x0": 0.8000000000004869, "x1": 0.9000000000048134, "x2": 1.054425846772724e-12, "x3": 2.0888999566553087e-12, "x4": 3.517190321951611, "x5": 12.38555391985664, "x6": 3.0317020405652793, "x7": -1.8035210531320764, "x8": 0.39523929848869704, "x9": 2.499997264541422}, "datetime": {"datetime": "2025-05-18 02:23:03", "elapsed": 4711.39445, "delta": 17.032139}}
{"target": 6.041615201816265, "params": {"x0": 0.8000000000003465, "x1": 0.900000000000628, "x2": 1.6868015695897534e-11, "x3": 1.2063573662524328e-12, "x4": 3.5171903219005247, "x5": 12.385553920090755, "x6": 3.0317020405622763, "x7": -1.803521053173238, "x8": 0.39523929848168515, "x9": 2.499997264531859}, "datetime": {"datetime": "2025-05-18 02:23:19", "elapsed": 4727.539768, "delta": 16.145318}}
{"target": 6.041615201816265, "params": {"x0": 0.8000000000005884, "x1": 0.9000000000061892, "x2": 9.615822633392579e-12, "x3": 2.7686998753653015e-13, "x4": 3.517190322012811, "x5": 12.385553919868794, "x6": 3.0317020405819943, "x7": -1.803521053189622, "x8": 0.3952392984878733, "x9": 2.499997264539186}, "datetime": {"datetime": "2025-05-18 02:23:35", "elapsed": 4744.047419, "delta": 16.507651}}
{"target": 6.041615201816265, "params": {"x0": 0.8000000000007017, "x1": 0.9000000000017577, "x2": 3.5325388556987748e-12, "x3": 4.462939454289351e-12, "x4": 3.5171903220120604, "x5": 12.385553919958205, "x6": 3.0317020405719197, "x7": -1.8035210531548227, "x8": 0.3952392984892525, "x9": 2.4999972645481057}, "datetime": {"datetime": "2025-05-18 02:23:52", "elapsed": 4760.486266, "delta": 16.438847}}
