{"target": 6.041615201816265, "params": {"x0": 0.8, "x1": 0.9, "x2": 8.928184482177012e-68, "x3": 4.7348850501901134e-67, "x4": 3.5171903219687963, "x5": 12.385553920054848, "x6": 3.0317020405677115, "x7": -1.8035210531731367, "x8": 0.39523929848178285, "x9": 2.499997264541131}, "datetime": {"datetime": "2025-05-18 11:34:45", "elapsed": 37813.622321, "delta": 44.721779}}
{"target": 6.041615201816265, "params": {"x0": 0.8, "x1": 0.9, "x2": 1.6076641011247612e-67, "x3": 2.818420207102643e-67, "x4": 3.5171903219687963, "x5": 12.385553920054848, "x6": 3.0317020405677115, "x7": -1.8035210531731367, "x8": 0.39523929848178285, "x9": 2.499997264541131}, "datetime": {"datetime": "2025-05-18 11:35:50", "elapsed": 37878.595207, "delta": 64.972886}}
{"target": 6.041615201816265, "params": {"x0": 0.8, "x1": 0.9, "x2": 2.7384595246155303e-67, "x3": 2.0510700787506135e-67, "x4": 3.5171903219687963, "x5": 12.385553920054848, "x6": 3.0317020405677115, "x7": -1.8035210531731367, "x8": 0.39523929848178285, "x9": 2.499997264541131}, "datetime": {"datetime": "2025-05-18 11:36:35", "elapsed": 37924.172235, "delta": 45.577028}}
{"target": 6.041615201816265, "params": {"x0": 0.8, "x1": 0.9, "x2": 1.0087042160400494e-67, "x3": 2.8340819037995855e-67, "x4": 3.5171903219687963, "x5": 12.385553920054848, "x6": 3.0317020405677115, "x7": -1.8035210531731367, "x8": 0.39523929848178285, "x9": 2.499997264541131}, "datetime": {"datetime": "2025-05-18 11:37:12", "elapsed": 37960.515388, "delta": 36.343153}}
{"target": 6.041615201816265, "params": {"x0": 0.8, "x1": 0.9, "x2": 7.696927351954266e-68, "x3": 6.651818312382424e-68, "x4": 3.5171903219687963, "x5": 12.385553920054848, "x6": 3.0317020405677115, "x7": -1.8035210531731367, "x8": 0.39523929848178285, "x9": 2.499997264541131}, "datetime": {"datetime": "2025-05-18 11:38:05", "elapsed": 38014.142988, "delta": 53.6276}}
{"target": 6.041615201816265, "params": {"x0": 0.8, "x1": 0.9, "x2": 1.668731164181193e-67, "x3": 1.5629650279888608e-67, "x4": 3.5171903219687963, "x5": 12.385553920054848, "x6": 3.0317020405677115, "x7": -1.8035210531731367, "x8": 0.39523929848178285, "x9": 2.499997264541131}, "datetime": {"datetime": "2025-05-18 11:39:11", "elapsed": 38079.475302, "delta": 65.332314}}
{"target": 6.041615201816265, "params": {"x0": 0.8, "x1": 0.9, "x2": 2.1023161853808317e-68, "x3": 8.97904937881991e-68, "x4": 3.5171903219687963, "x5": 12.385553920054848, "x6": 3.0317020405677115, "x7": -1.8035210531731367, "x8": 0.39523929848178285, "x9": 2.499997264541131}, "datetime": {"datetime": "2025-05-18 11:39:52", "elapsed": 38121.18384, "delta": 41.708538}}
{"target": 6.041615201816265, "params": {"x0": 0.8, "x1": 0.9, "x2": 2.1423918211825256e-68, "x3": 9.795517673217596e-68, "x4": 3.5171903219687963, "x5": 12.385553920054848, "x6": 3.0317020405677115, "x7": -1.8035210531731367, "x8": 0.39523929848178285, "x9": 2.499997264541131}, "datetime": {"datetime": "2025-05-18 11:40:39", "elapsed": 38167.71636, "delta": 46.53252}}
{"target": 6.041615201816265, "params": {"x0": 0.8, "x1": 0.9, "x2": 9.80921241010046e-68, "x3": 3.978176261550026e-68, "x4": 3.5171903219687963, "x5": 12.385553920054848, "x6": 3.0317020405677115, "x7": -1.8035210531731367, "x8": 0.39523929848178285, "x9": 2.499997264541131}, "datetime": {"datetime": "2025-05-18 11:41:37", "elapsed": 38225.845453, "delta": 58.129093}}
{"target": 6.041615201816265, "params": {"x0": 0.8, "x1": 0.9, "x2": 5.5690914229645025e-68, "x3": 9.603453437216196e-68, "x4": 3.5171903219687963, "x5": 12.385553920054848, "x6": 3.0317020405677115, "x7": -1.8035210531731367, "x8": 0.39523929848178285, "x9": 2.499997264541131}, "datetime": {"datetime": "2025-05-18 11:42:42", "elapsed": 38290.882641, "delta": 65.037188}}
{"target": 6.041615201816265, "params": {"x0": 0.8, "x1": 0.9, "x2": 2.1756354539136584e-68, "x3": 5.76256405996653e-69, "x4": 3.5171903219687963, "x5": 12.385553920054848, "x6": 3.0317020405677115, "x7": -1.8035210531731367, "x8": 0.39523929848178285, "x9": 2.499997264541131}, "datetime": {"datetime": "2025-05-18 11:43:40", "elapsed": 38349.175735, "delta": 58.293094}}
{"target": 6.041615201816265, "params": {"x0": 0.8, "x1": 0.9, "x2": 1.2042922149912512e-67, "x3": 1.1157690154158825e-67, "x4": 3.5171903219687963, "x5": 12.385553920054848, "x6": 3.0317020405677115, "x7": -1.8035210531731367, "x8": 0.39523929848178285, "x9": 2.499997264541131}, "datetime": {"datetime": "2025-05-18 11:44:28", "elapsed": 38396.926711, "delta": 47.750976}}
{"target": 6.041615201816265, "params": {"x0": 0.8, "x1": 0.9, "x2": 1.0977986767401389e-68, "x3": 4.288383293453118e-68, "x4": 3.5171903219687963, "x5": 12.385553920054848, "x6": 3.0317020405677115, "x7": -1.8035210531731367, "x8": 0.39523929848178285, "x9": 2.499997264541131}, "datetime": {"datetime": "2025-05-18 11:45:07", "elapsed": 38435.903846, "delta": 38.977135}}
{"target": 6.041615201816265, "params": {"x0": 0.8, "x1": 0.9, "x2": 3.662128869519934e-68, "x3": 1.0510153189405481e-67, "x4": 3.5171903219687963, "x5": 12.385553920054848, "x6": 3.0317020405677115, "x7": -1.8035210531731367, "x8": 0.39523929848178285, "x9": 2.499997264541131}, "datetime": {"datetime": "2025-05-18 11:46:00", "elapsed": 38489.233973, "delta": 53.330127}}
{"target": 6.041615201816265, "params": {"x0": 0.8, "x1": 0.9, "x2": 9.427839183338938e-69, "x3": 2.4083428083694677e-68, "x4": 3.5171903219687963, "x5": 12.385553920054848, "x6": 3.0317020405677115, "x7": -1.8035210531731367, "x8": 0.39523929848178285, "x9": 2.499997264541131}, "datetime": {"datetime": "2025-05-18 11:47:01", "elapsed": 38549.50054, "delta": 60.266567}}
{"target": 6.041615201816265, "params": {"x0": 0.8, "x1": 0.9, "x2": 2.5919934090939597e-68, "x3": 3.1099398761980634e-68, "x4": 3.5171903219687963, "x5": 12.385553920054848, "x6": 3.0317020405677115, "x7": -1.8035210531731367, "x8": 0.39523929848178285, "x9": 2.499997264541131}, "datetime": {"datetime": "2025-05-18 11:47:47", "elapsed": 38596.260066, "delta": 46.759526}}
{"target": 6.041615201816265, "params": {"x0": 0.8, "x1": 0.9, "x2": 3.1720201449329256e-68, "x3": 3.975607599937501e-68, "x4": 3.5171903219687963, "x5": 12.385553920054848, "x6": 3.0317020405677115, "x7": -1.8035210531731367, "x8": 0.39523929848178285, "x9": 2.499997264541131}, "datetime": {"datetime": "2025-05-18 11:48:32", "elapsed": 38640.813912, "delta": 44.553846}}
{"target": 6.041615201816265, "params": {"x0": 0.8, "x1": 0.9, "x2": 3.7368390168462246e-68, "x3": 4.412629040885491e-68, "x4": 3.5171903219687963, "x5": 12.385553920054848, "x6": 3.0317020405677115, "x7": -1.8035210531731367, "x8": 0.39523929848178285, "x9": 2.499997264541131}, "datetime": {"datetime": "2025-05-18 11:49:13", "elapsed": 38681.880008, "delta": 41.066096}}
{"target": 6.041615201816265, "params": {"x0": 0.8, "x1": 0.9, "x2": 4.178176546916287e-70, "x3": 1.3026635910626454e-69, "x4": 3.5171903219687963, "x5": 12.385553920054848, "x6": 3.0317020405677115, "x7": -1.8035210531731367, "x8": 0.39523929848178285, "x9": 2.499997264541131}, "datetime": {"datetime": "2025-05-18 11:49:55", "elapsed": 38723.317576, "delta": 41.437568}}
{"target": 6.041615201816265, "params": {"x0": 0.8, "x1": 0.9, "x2": 4.417022806914063e-68, "x3": 4.438712894367292e-68, "x4": 3.5171903219687963, "x5": 12.385553920054848, "x6": 3.0317020405677115, "x7": -1.8035210531731367, "x8": 0.39523929848178285, "x9": 2.499997264541131}, "datetime": {"datetime": "2025-05-18 11:50:37", "elapsed": 38766.118153, "delta": 42.800577}}
{"target": 6.041615201816265, "params": {"x0": 0.8, "x1": 0.9, "x2": 2.412146728348813e-68, "x3": 1.5434475237761805e-68, "x4": 3.5171903219687963, "x5": 12.385553920054848, "x6": 3.0317020405677115, "x7": -1.8035210531731367, "x8": 0.39523929848178285, "x9": 2.499997264541131}, "datetime": {"datetime": "2025-05-18 11:51:19", "elapsed": 38807.50039, "delta": 41.382237}}
{"target": 6.041615201816265, "params": {"x0": 0.8, "x1": 0.9, "x2": 1.1128916864189183e-69, "x3": 2.788565705274432e-68, "x4": 3.5171903219687963, "x5": 12.385553920054848, "x6": 3.0317020405677115, "x7": -1.8035210531731367, "x8": 0.39523929848178285, "x9": 2.499997264541131}, "datetime": {"datetime": "2025-05-18 11:52:09", "elapsed": 38857.908446, "delta": 50.408056}}
{"target": 6.041615201816265, "params": {"x0": 0.8, "x1": 0.9, "x2": 1.9122358999426263e-68, "x3": 4.0968500410386185e-68, "x4": 3.5171903219687963, "x5": 12.385553920054848, "x6": 3.0317020405677115, "x7": -1.8035210531731367, "x8": 0.39523929848178285, "x9": 2.499997264541131}, "datetime": {"datetime": "2025-05-18 11:53:13", "elapsed": 38921.883517, "delta": 63.975071}}
{"target": 6.041615201816265, "params": {"x0": 0.8, "x1": 0.9, "x2": 2.929018013301499e-68, "x3": 2.3227606456414057e-68, "x4": 3.5171903219687963, "x5": 12.385553920054848, "x6": 3.0317020405677115, "x7": -1.8035210531731367, "x8": 0.39523929848178285, "x9": 2.499997264541131}, "datetime": {"datetime": "2025-05-18 11:54:17", "elapsed": 38985.697206, "delta": 63.813689}}
{"target": 6.041615201816265, "params": {"x0": 0.8, "x1": 0.9, "x2": 2.805853758084346e-68, "x3": 7.315249082140264e-70, "x4": 3.5171903219687963, "x5": 12.385553920054848, "x6": 3.0317020405677115, "x7": -1.8035210531731367, "x8": 0.39523929848178285, "x9": 2.499997264541131}, "datetime": {"datetime": "2025-05-18 11:55:06", "elapsed": 39034.603292, "delta": 48.906086}}
{"target": 6.041615201816265, "params": {"x0": 0.8, "x1": 0.9, "x2": 1.988285886424087e-68, "x3": 3.1038622459297255e-68, "x4": 3.5171903219687963, "x5": 12.385553920054848, "x6": 3.0317020405677115, "x7": -1.8035210531731367, "x8": 0.39523929848178285, "x9": 2.499997264541131}, "datetime": {"datetime": "2025-05-18 11:56:00", "elapsed": 39088.991983, "delta": 54.388691}}
{"target": 6.041615201816265, "params": {"x0": 0.8, "x1": 0.9, "x2": 1.3440960192678893e-68, "x3": 9.591237420779482e-69, "x4": 3.5171903219687963, "x5": 12.385553920054848, "x6": 3.0317020405677115, "x7": -1.8035210531731367, "x8": 0.39523929848178285, "x9": 2.499997264541131}, "datetime": {"datetime": "2025-05-18 11:56:59", "elapsed": 39147.331957, "delta": 58.339974}}
{"target": 6.041615201816265, "params": {"x0": 0.8, "x1": 0.9, "x2": 5.433974541655848e-69, "x3": 7.131426737299526e-69, "x4": 3.5171903219687963, "x5": 12.385553920054848, "x6": 3.0317020405677115, "x7": -1.8035210531731367, "x8": 0.39523929848178285, "x9": 2.499997264541131}, "datetime": {"datetime": "2025-05-18 11:57:50", "elapsed": 39199.154528, "delta": 51.822571}}
{"target": 6.041615201816265, "params": {"x0": 0.8, "x1": 0.9, "x2": 2.161865766534033e-68, "x3": 2.3246585847209304e-69, "x4": 3.5171903219687963, "x5": 12.385553920054848, "x6": 3.0317020405677115, "x7": -1.8035210531731367, "x8": 0.39523929848178285, "x9": 2.499997264541131}, "datetime": {"datetime": "2025-05-18 11:58:41", "elapsed": 39249.319512, "delta": 50.164984}}
{"target": 6.041615201816265, "params": {"x0": 0.8, "x1": 0.9, "x2": 1.4042567655379338e-68, "x3": 7.838102232936334e-69, "x4": 3.5171903219687963, "x5": 12.385553920054848, "x6": 3.0317020405677115, "x7": -1.8035210531731367, "x8": 0.39523929848178285, "x9": 2.499997264541131}, "datetime": {"datetime": "2025-05-18 11:59:42", "elapsed": 39311.104823, "delta": 61.785311}}
{"target": 6.041615201816265, "params": {"x0": 0.8, "x1": 0.9, "x2": 5.149604766245291e-69, "x3": 1.9315519727543758e-68, "x4": 3.5171903219687963, "x5": 12.385553920054848, "x6": 3.0317020405677115, "x7": -1.8035210531731367, "x8": 0.39523929848178285, "x9": 2.499997264541131}, "datetime": {"datetime": "2025-05-18 12:00:40", "elapsed": 39368.626854, "delta": 57.522031}}
{"target": 6.041615201816265, "params": {"x0": 0.8, "x1": 0.9, "x2": 1.5097370337698639e-68, "x3": 1.4749394484739252e-68, "x4": 3.5171903219687963, "x5": 12.385553920054848, "x6": 3.0317020405677115, "x7": -1.8035210531731367, "x8": 0.39523929848178285, "x9": 2.499997264541131}, "datetime": {"datetime": "2025-05-18 12:01:27", "elapsed": 39415.533855, "delta": 46.907001}}
{"target": 6.041615201816265, "params": {"x0": 0.8, "x1": 0.9, "x2": 4.123648670330285e-69, "x3": 5.826672959933133e-70, "x4": 3.5171903219687963, "x5": 12.385553920054848, "x6": 3.0317020405677115, "x7": -1.8035210531731367, "x8": 0.39523929848178285, "x9": 2.499997264541131}, "datetime": {"datetime": "2025-05-18 12:02:17", "elapsed": 39465.934813, "delta": 50.400958}}
{"target": 6.041615201816265, "params": {"x0": 0.8, "x1": 0.9, "x2": 1.2158599784032137e-68, "x3": 1.1012595343874147e-68, "x4": 3.5171903219687963, "x5": 12.385553920054848, "x6": 3.0317020405677115, "x7": -1.8035210531731367, "x8": 0.39523929848178285, "x9": 2.499997264541131}, "datetime": {"datetime": "2025-05-18 12:03:10", "elapsed": 39519.133469, "delta": 53.198656}}
{"target": 6.041615201816265, "params": {"x0": 0.8, "x1": 0.9, "x2": 6.505140160884048e-69, "x3": 1.0096372636383886e-68, "x4": 3.5171903219687963, "x5": 12.385553920054848, "x6": 3.0317020405677115, "x7": -1.8035210531731367, "x8": 0.39523929848178285, "x9": 2.499997264541131}, "datetime": {"datetime": "2025-05-18 12:04:01", "elapsed": 39569.793419, "delta": 50.65995}}
{"target": 6.041615201816265, "params": {"x0": 0.8, "x1": 0.9, "x2": 9.397318752303157e-69, "x3": 3.5081783835058775e-69, "x4": 3.5171903219687963, "x5": 12.385553920054848, "x6": 3.0317020405677115, "x7": -1.8035210531731367, "x8": 0.39523929848178285, "x9": 2.499997264541131}, "datetime": {"datetime": "2025-05-18 12:04:51", "elapsed": 39619.60584, "delta": 49.812421}}
{"target": 6.041615201816265, "params": {"x0": 0.8, "x1": 0.9, "x2": 4.856659734462723e-69, "x3": 1.0188418062234205e-68, "x4": 3.5171903219687963, "x5": 12.385553920054848, "x6": 3.0317020405677115, "x7": -1.8035210531731367, "x8": 0.39523929848178285, "x9": 2.499997264541131}, "datetime": {"datetime": "2025-05-18 12:05:40", "elapsed": 39668.339119, "delta": 48.733279}}
{"target": 6.041615201816265, "params": {"x0": 0.8, "x1": 0.9, "x2": 8.372215566439633e-69, "x3": 1.3885569521889005e-69, "x4": 3.5171903219687963, "x5": 12.385553920054848, "x6": 3.0317020405677115, "x7": -1.8035210531731367, "x8": 0.39523929848178285, "x9": 2.499997264541131}, "datetime": {"datetime": "2025-05-18 12:06:39", "elapsed": 39727.902709, "delta": 59.56359}}
{"target": 6.041615201816265, "params": {"x0": 0.8, "x1": 0.9, "x2": 5.489360708916737e-69, "x3": 1.4871262280839065e-69, "x4": 3.5171903219687963, "x5": 12.385553920054848, "x6": 3.0317020405677115, "x7": -1.8035210531731367, "x8": 0.39523929848178285, "x9": 2.499997264541131}, "datetime": {"datetime": "2025-05-18 12:07:24", "elapsed": 39772.879175, "delta": 44.976466}}
{"target": 6.041615201816265, "params": {"x0": 0.8, "x1": 0.9, "x2": 3.7349564935818156e-69, "x3": 7.393180197088604e-70, "x4": 3.5171903219687963, "x5": 12.385553920054848, "x6": 3.0317020405677115, "x7": -1.8035210531731367, "x8": 0.39523929848178285, "x9": 2.499997264541131}, "datetime": {"datetime": "2025-05-18 12:08:15", "elapsed": 39823.663573, "delta": 50.784398}}
{"target": 6.041615201816265, "params": {"x0": 0.8, "x1": 0.9, "x2": 6.045949470603859e-69, "x3": 3.6183589202476546e-70, "x4": 3.5171903219687963, "x5": 12.385553920054848, "x6": 3.0317020405677115, "x7": -1.8035210531731367, "x8": 0.39523929848178285, "x9": 2.499997264541131}, "datetime": {"datetime": "2025-05-18 12:08:59", "elapsed": 39868.040653, "delta": 44.37708}}
{"target": 6.041615201816265, "params": {"x0": 0.8, "x1": 0.9, "x2": 4.2052987700406214e-69, "x3": 5.678763718543129e-69, "x4": 3.5171903219687963, "x5": 12.385553920054848, "x6": 3.0317020405677115, "x7": -1.8035210531731367, "x8": 0.39523929848178285, "x9": 2.499997264541131}, "datetime": {"datetime": "2025-05-18 12:10:07", "elapsed": 39935.470173, "delta": 67.42952}}
{"target": 6.041615201816265, "params": {"x0": 0.8, "x1": 0.9, "x2": 2.451008100646029e-69, "x3": 1.5453236095798144e-69, "x4": 3.5171903219687963, "x5": 12.385553920054848, "x6": 3.0317020405677115, "x7": -1.8035210531731367, "x8": 0.39523929848178285, "x9": 2.499997264541131}, "datetime": {"datetime": "2025-05-18 12:10:52", "elapsed": 39980.803373, "delta": 45.3332}}
{"target": 6.041615201816265, "params": {"x0": 0.8, "x1": 0.9, "x2": 2.393621753536894e-69, "x3": 1.2675068337474917e-69, "x4": 3.5171903219687963, "x5": 12.385553920054848, "x6": 3.0317020405677115, "x7": -1.8035210531731367, "x8": 0.39523929848178285, "x9": 2.499997264541131}, "datetime": {"datetime": "2025-05-18 12:11:36", "elapsed": 40024.825686, "delta": 44.022313}}
{"target": 6.041615201816265, "params": {"x0": 0.8, "x1": 0.9, "x2": 1.0934419880183848e-69, "x3": 7.126781081775438e-70, "x4": 3.5171903219687963, "x5": 12.385553920054848, "x6": 3.0317020405677115, "x7": -1.8035210531731367, "x8": 0.39523929848178285, "x9": 2.499997264541131}, "datetime": {"datetime": "2025-05-18 12:12:23", "elapsed": 40071.953749, "delta": 47.128063}}
{"target": 6.041615201816265, "params": {"x0": 0.8, "x1": 0.9, "x2": 5.808532821713228e-70, "x3": 3.359019254688418e-69, "x4": 3.5171903219687963, "x5": 12.385553920054848, "x6": 3.0317020405677115, "x7": -1.8035210531731367, "x8": 0.39523929848178285, "x9": 2.499997264541131}, "datetime": {"datetime": "2025-05-18 12:13:06", "elapsed": 40114.984753, "delta": 43.031004}}
{"target": 6.041615201816265, "params": {"x0": 0.8, "x1": 0.9, "x2": 1.8327798728659649e-69, "x3": 2.2133907796048053e-69, "x4": 3.5171903219687963, "x5": 12.385553920054848, "x6": 3.0317020405677115, "x7": -1.8035210531731367, "x8": 0.39523929848178285, "x9": 2.499997264541131}, "datetime": {"datetime": "2025-05-18 12:13:53", "elapsed": 40161.536566, "delta": 46.551813}}
{"target": 6.041615201816265, "params": {"x0": 0.8, "x1": 0.9, "x2": 6.98831098153499e-70, "x3": 2.9735283538470066e-69, "x4": 3.5171903219687963, "x5": 12.385553920054848, "x6": 3.0317020405677115, "x7": -1.8035210531731367, "x8": 0.39523929848178285, "x9": 2.499997264541131}, "datetime": {"datetime": "2025-05-18 12:14:46", "elapsed": 40215.095242, "delta": 53.558676}}
{"target": 6.041615201816265, "params": {"x0": 0.8, "x1": 0.9, "x2": 6.191079444140383e-70, "x3": 5.752335601513283e-70, "x4": 3.5171903219687963, "x5": 12.385553920054848, "x6": 3.0317020405677115, "x7": -1.8035210531731367, "x8": 0.39523929848178285, "x9": 2.499997264541131}, "datetime": {"datetime": "2025-05-18 12:15:33", "elapsed": 40262.167187, "delta": 47.071945}}
{"target": 6.041615201816265, "params": {"x0": 0.8, "x1": 0.9, "x2": 3.325506957493154e-70, "x3": 2.2506619560066905e-69, "x4": 3.5171903219687963, "x5": 12.385553920054848, "x6": 3.0317020405677115, "x7": -1.8035210531731367, "x8": 0.39523929848178285, "x9": 2.499997264541131}, "datetime": {"datetime": "2025-05-18 12:16:24", "elapsed": 40312.726157, "delta": 50.55897}}
{"target": 6.041615201816265, "params": {"x0": 0.8, "x1": 0.9, "x2": 1.884792248434739e-69, "x3": 3.560278630556079e-70, "x4": 3.5171903219687963, "x5": 12.385553920054848, "x6": 3.0317020405677115, "x7": -1.8035210531731367, "x8": 0.39523929848178285, "x9": 2.499997264541131}, "datetime": {"datetime": "2025-05-18 12:17:26", "elapsed": 40375.151402, "delta": 62.425245}}
{"target": 6.041615201816265, "params": {"x0": 0.8, "x1": 0.9, "x2": 1.5371872217059657e-69, "x3": 1.6056280458606906e-69, "x4": 3.5171903219687963, "x5": 12.385553920054848, "x6": 3.0317020405677115, "x7": -1.8035210531731367, "x8": 0.39523929848178285, "x9": 2.499997264541131}, "datetime": {"datetime": "2025-05-18 12:18:29", "elapsed": 40437.90806, "delta": 62.756658}}
{"target": 6.041615201816265, "params": {"x0": 0.8, "x1": 0.9, "x2": 2.2685532494972346e-70, "x3": 4.672811502173698e-70, "x4": 3.5171903219687963, "x5": 12.385553920054848, "x6": 3.0317020405677115, "x7": -1.8035210531731367, "x8": 0.39523929848178285, "x9": 2.499997264541131}, "datetime": {"datetime": "2025-05-18 12:19:30", "elapsed": 40498.515252, "delta": 60.607192}}
{"target": 6.041615201816265, "params": {"x0": 0.8, "x1": 0.9, "x2": 1.1054781876724743e-70, "x3": 1.612537865208072e-69, "x4": 3.5171903219687963, "x5": 12.385553920054848, "x6": 3.0317020405677115, "x7": -1.8035210531731367, "x8": 0.39523929848178285, "x9": 2.499997264541131}, "datetime": {"datetime": "2025-05-18 12:20:23", "elapsed": 40551.933514, "delta": 53.418262}}
{"target": 6.041615201816265, "params": {"x0": 0.8, "x1": 0.9, "x2": 2.4041712803212845e-70, "x3": 7.90363789793089e-71, "x4": 3.5171903219687963, "x5": 12.385553920054848, "x6": 3.0317020405677115, "x7": -1.8035210531731367, "x8": 0.39523929848178285, "x9": 2.499997264541131}, "datetime": {"datetime": "2025-05-18 12:21:23", "elapsed": 40611.98849, "delta": 60.054976}}
{"target": 6.041615201816265, "params": {"x0": 0.8, "x1": 0.9, "x2": 4.4108890869442133e-70, "x3": 9.358242263996106e-70, "x4": 3.5171903219687963, "x5": 12.385553920054848, "x6": 3.0317020405677115, "x7": -1.8035210531731367, "x8": 0.39523929848178285, "x9": 2.499997264541131}, "datetime": {"datetime": "2025-05-18 12:22:12", "elapsed": 40660.44067, "delta": 48.45218}}
{"target": 6.041615201816265, "params": {"x0": 0.8, "x1": 0.9, "x2": 1.1389894074685863e-70, "x3": 3.8246967330647845e-70, "x4": 3.5171903219687963, "x5": 12.385553920054848, "x6": 3.0317020405677115, "x7": -1.8035210531731367, "x8": 0.39523929848178285, "x9": 2.499997264541131}, "datetime": {"datetime": "2025-05-18 12:22:59", "elapsed": 40707.381167, "delta": 46.940497}}
{"target": 6.041615201816265, "params": {"x0": 0.8, "x1": 0.9, "x2": 5.928290333970167e-70, "x3": 6.295710720150278e-70, "x4": 3.5171903219687963, "x5": 12.385553920054848, "x6": 3.0317020405677115, "x7": -1.8035210531731367, "x8": 0.39523929848178285, "x9": 2.499997264541131}, "datetime": {"datetime": "2025-05-18 12:24:03", "elapsed": 40772.214102, "delta": 64.832935}}
