{"target": 6.041615201816265, "params": {"x0": 0.8, "x1": 0.9, "x2": 4.900411918117492e-41, "x3": 7.726386888434295e-41, "x4": 3.5171903219687963, "x5": 12.385553920054848, "x6": 3.0317020405677115, "x7": -1.8035210531731367, "x8": 0.39523929848178285, "x9": 2.499997264541131}, "datetime": {"datetime": "2025-05-18 05:52:49", "elapsed": 17297.628362, "delta": 27.027596}}
{"target": 6.041615201816265, "params": {"x0": 0.8, "x1": 0.9, "x2": 4.4736760960660757e-41, "x3": 1.2714932893249277e-40, "x4": 3.5171903219687963, "x5": 12.385553920054848, "x6": 3.0317020405677115, "x7": -1.8035210531731367, "x8": 0.39523929848178285, "x9": 2.499997264541131}, "datetime": {"datetime": "2025-05-18 05:53:12", "elapsed": 17321.048001, "delta": 23.419639}}
{"target": 6.041615201816265, "params": {"x0": 0.8, "x1": 0.9, "x2": 1.494843623867579e-41, "x3": 1.2667183346381973e-40, "x4": 3.5171903219687963, "x5": 12.385553920054848, "x6": 3.0317020405677115, "x7": -1.8035210531731367, "x8": 0.39523929848178285, "x9": 2.499997264541131}, "datetime": {"datetime": "2025-05-18 05:53:36", "elapsed": 17344.32463, "delta": 23.276629}}
{"target": 6.041615201816265, "params": {"x0": 0.8, "x1": 0.9, "x2": 8.633847602928997e-41, "x3": 1.1681714201355838e-40, "x4": 3.5171903219687963, "x5": 12.385553920054848, "x6": 3.0317020405677115, "x7": -1.8035210531731367, "x8": 0.39523929848178285, "x9": 2.499997264541131}, "datetime": {"datetime": "2025-05-18 05:54:02", "elapsed": 17370.498194, "delta": 26.173564}}
{"target": 6.041615201816265, "params": {"x0": 0.8, "x1": 0.9, "x2": 9.191557388550978e-41, "x3": 4.455759249823803e-41, "x4": 3.5171903219687963, "x5": 12.385553920054848, "x6": 3.0317020405677115, "x7": -1.8035210531731367, "x8": 0.39523929848178285, "x9": 2.499997264541131}, "datetime": {"datetime": "2025-05-18 05:54:28", "elapsed": 17396.562106, "delta": 26.063912}}
{"target": 6.041615201816265, "params": {"x0": 0.8, "x1": 0.9, "x2": 1.1129021759421595e-41, "x3": 4.116170780310268e-41, "x4": 3.5171903219687963, "x5": 12.385553920054848, "x6": 3.0317020405677115, "x7": -1.8035210531731367, "x8": 0.39523929848178285, "x9": 2.499997264541131}, "datetime": {"datetime": "2025-05-18 05:55:00", "elapsed": 17429.167093, "delta": 32.604987}}
{"target": 6.041615201816265, "params": {"x0": 0.8, "x1": 0.9, "x2": 9.91539006967337e-42, "x3": 1.7847522699946514e-41, "x4": 3.5171903219687963, "x5": 12.385553920054848, "x6": 3.0317020405677115, "x7": -1.8035210531731367, "x8": 0.39523929848178285, "x9": 2.499997264541131}, "datetime": {"datetime": "2025-05-18 05:55:29", "elapsed": 17458.04972, "delta": 28.882627}}
{"target": 6.041615201816265, "params": {"x0": 0.8, "x1": 0.9, "x2": 3.492128955114163e-41, "x3": 4.738380057991894e-41, "x4": 3.5171903219687963, "x5": 12.385553920054848, "x6": 3.0317020405677115, "x7": -1.8035210531731367, "x8": 0.39523929848178285, "x9": 2.499997264541131}, "datetime": {"datetime": "2025-05-18 05:55:54", "elapsed": 17483.184397, "delta": 25.134677}}
{"target": 6.041615201816265, "params": {"x0": 0.8, "x1": 0.9, "x2": 1.892653781371592e-41, "x3": 9.718527809521265e-43, "x4": 3.5171903219687963, "x5": 12.385553920054848, "x6": 3.0317020405677115, "x7": -1.8035210531731367, "x8": 0.39523929848178285, "x9": 2.499997264541131}, "datetime": {"datetime": "2025-05-18 05:56:17", "elapsed": 17505.62239, "delta": 22.437993}}
{"target": 6.041615201816265, "params": {"x0": 0.8, "x1": 0.9, "x2": 3.380004891809219e-41, "x3": 9.85145861147941e-42, "x4": 3.5171903219687963, "x5": 12.385553920054848, "x6": 3.0317020405677115, "x7": -1.8035210531731367, "x8": 0.39523929848178285, "x9": 2.499997264541131}, "datetime": {"datetime": "2025-05-18 05:56:39", "elapsed": 17528.119986, "delta": 22.497596}}
{"target": 6.041615201816265, "params": {"x0": 0.8, "x1": 0.9, "x2": 5.5952785579406215e-42, "x3": 3.480904005230586e-41, "x4": 3.5171903219687963, "x5": 12.385553920054848, "x6": 3.0317020405677115, "x7": -1.8035210531731367, "x8": 0.39523929848178285, "x9": 2.499997264541131}, "datetime": {"datetime": "2025-05-18 05:57:07", "elapsed": 17555.832947, "delta": 27.712961}}
{"target": 6.041615201816265, "params": {"x0": 0.8, "x1": 0.9, "x2": 3.15199838613853e-41, "x3": 2.2515309334740808e-41, "x4": 3.5171903219687963, "x5": 12.385553920054848, "x6": 3.0317020405677115, "x7": -1.8035210531731367, "x8": 0.39523929848178285, "x9": 2.499997264541131}, "datetime": {"datetime": "2025-05-18 05:57:32", "elapsed": 17580.754525, "delta": 24.921578}}
{"target": 6.041615201816265, "params": {"x0": 0.8, "x1": 0.9, "x2": 2.389189566147892e-41, "x3": 2.953803174962414e-41, "x4": 3.5171903219687963, "x5": 12.385553920054848, "x6": 3.0317020405677115, "x7": -1.8035210531731367, "x8": 0.39523929848178285, "x9": 2.499997264541131}, "datetime": {"datetime": "2025-05-18 05:57:56", "elapsed": 17604.78745, "delta": 24.032925}}
{"target": 6.041615201816265, "params": {"x0": 0.8, "x1": 0.9, "x2": 1.187189641970409e-41, "x3": 3.1933134716401985e-42, "x4": 3.5171903219687963, "x5": 12.385553920054848, "x6": 3.0317020405677115, "x7": -1.8035210531731367, "x8": 0.39523929848178285, "x9": 2.499997264541131}, "datetime": {"datetime": "2025-05-18 05:58:21", "elapsed": 17629.632702, "delta": 24.845252}}
{"target": 6.041615201816265, "params": {"x0": 0.8, "x1": 0.9, "x2": 1.013374530178072e-41, "x3": 8.130286982650264e-42, "x4": 3.5171903219687963, "x5": 12.385553920054848, "x6": 3.0317020405677115, "x7": -1.8035210531731367, "x8": 0.39523929848178285, "x9": 2.499997264541131}, "datetime": {"datetime": "2025-05-18 05:58:48", "elapsed": 17656.875281, "delta": 27.242579}}
{"target": 6.041615201816265, "params": {"x0": 0.8, "x1": 0.9, "x2": 2.6482160959668326e-41, "x3": 2.8112363373500425e-41, "x4": 3.5171903219687963, "x5": 12.385553920054848, "x6": 3.0317020405677115, "x7": -1.8035210531731367, "x8": 0.39523929848178285, "x9": 2.499997264541131}, "datetime": {"datetime": "2025-05-18 05:59:14", "elapsed": 17682.613373, "delta": 25.738092}}
{"target": 6.041615201816265, "params": {"x0": 0.8, "x1": 0.9, "x2": 2.6470511233438883e-41, "x3": 5.388496372846187e-42, "x4": 3.5171903219687963, "x5": 12.385553920054848, "x6": 3.0317020405677115, "x7": -1.8035210531731367, "x8": 0.39523929848178285, "x9": 2.499997264541131}, "datetime": {"datetime": "2025-05-18 05:59:40", "elapsed": 17708.693597, "delta": 26.080224}}
{"target": 6.041615201816265, "params": {"x0": 0.8, "x1": 0.9, "x2": 2.261028515462327e-41, "x3": 7.036944716540479e-43, "x4": 3.5171903219687963, "x5": 12.385553920054848, "x6": 3.0317020405677115, "x7": -1.8035210531731367, "x8": 0.39523929848178285, "x9": 2.499997264541131}, "datetime": {"datetime": "2025-05-18 06:00:03", "elapsed": 17731.503828, "delta": 22.810231}}
{"target": 6.041615201816265, "params": {"x0": 0.8, "x1": 0.9, "x2": 8.112920220463552e-42, "x3": 1.3376808243163844e-41, "x4": 3.5171903219687963, "x5": 12.385553920054848, "x6": 3.0317020405677115, "x7": -1.8035210531731367, "x8": 0.39523929848178285, "x9": 2.499997264541131}, "datetime": {"datetime": "2025-05-18 06:00:27", "elapsed": 17756.166554, "delta": 24.662726}}
{"target": 6.041615201816265, "params": {"x0": 0.8, "x1": 0.9, "x2": 1.440352372715148e-41, "x3": 7.573249529247437e-42, "x4": 3.5171903219687963, "x5": 12.385553920054848, "x6": 3.0317020405677115, "x7": -1.8035210531731367, "x8": 0.39523929848178285, "x9": 2.499997264541131}, "datetime": {"datetime": "2025-05-18 06:00:54", "elapsed": 17782.600641, "delta": 26.434087}}
{"target": 6.041615201816265, "params": {"x0": 0.8, "x1": 0.9, "x2": 1.0666768035234002e-42, "x3": 3.861124144905911e-42, "x4": 3.5171903219687963, "x5": 12.385553920054848, "x6": 3.0317020405677115, "x7": -1.8035210531731367, "x8": 0.39523929848178285, "x9": 2.499997264541131}, "datetime": {"datetime": "2025-05-18 06:01:16", "elapsed": 17805.167933, "delta": 22.567292}}
{"target": 6.041615201816265, "params": {"x0": 0.8, "x1": 0.9, "x2": 7.14827998666883e-42, "x3": 1.2970559147712014e-41, "x4": 3.5171903219687963, "x5": 12.385553920054848, "x6": 3.0317020405677115, "x7": -1.8035210531731367, "x8": 0.39523929848178285, "x9": 2.499997264541131}, "datetime": {"datetime": "2025-05-18 06:01:42", "elapsed": 17831.283955, "delta": 26.116022}}
{"target": 6.041615201816265, "params": {"x0": 0.8, "x1": 0.9, "x2": 1.2879126769384456e-41, "x3": 1.8154035211805947e-42, "x4": 3.5171903219687963, "x5": 12.385553920054848, "x6": 3.0317020405677115, "x7": -1.8035210531731367, "x8": 0.39523929848178285, "x9": 2.499997264541131}, "datetime": {"datetime": "2025-05-18 06:02:05", "elapsed": 17853.658769, "delta": 22.374814}}
{"target": 6.041615201816265, "params": {"x0": 0.8, "x1": 0.9, "x2": 2.5581906504952163e-42, "x3": 6.601454103129014e-42, "x4": 3.5171903219687963, "x5": 12.385553920054848, "x6": 3.0317020405677115, "x7": -1.8035210531731367, "x8": 0.39523929848178285, "x9": 2.499997264541131}, "datetime": {"datetime": "2025-05-18 06:02:33", "elapsed": 17881.435114, "delta": 27.776345}}
{"target": 6.041615201816265, "params": {"x0": 0.8, "x1": 0.9, "x2": 4.123533715279335e-42, "x3": 3.703005975297692e-42, "x4": 3.5171903219687963, "x5": 12.385553920054848, "x6": 3.0317020405677115, "x7": -1.8035210531731367, "x8": 0.39523929848178285, "x9": 2.499997264541131}, "datetime": {"datetime": "2025-05-18 06:02:58", "elapsed": 17907.029835, "delta": 25.594721}}
{"target": 6.041615201816265, "params": {"x0": 0.8, "x1": 0.9, "x2": 7.53877798848014e-42, "x3": 5.974218574694076e-42, "x4": 3.5171903219687963, "x5": 12.385553920054848, "x6": 3.0317020405677115, "x7": -1.8035210531731367, "x8": 0.39523929848178285, "x9": 2.499997264541131}, "datetime": {"datetime": "2025-05-18 06:03:22", "elapsed": 17930.432815, "delta": 23.40298}}
{"target": 6.041615201816265, "params": {"x0": 0.8, "x1": 0.9, "x2": 1.8627532216805534e-42, "x3": 6.551599730953108e-42, "x4": 3.5171903219687963, "x5": 12.385553920054848, "x6": 3.0317020405677115, "x7": -1.8035210531731367, "x8": 0.39523929848178285, "x9": 2.499997264541131}, "datetime": {"datetime": "2025-05-18 06:03:47", "elapsed": 17955.480537, "delta": 25.047722}}
{"target": 6.041615201816265, "params": {"x0": 0.8, "x1": 0.9, "x2": 1.0008352040555716e-42, "x3": 5.037822659179954e-42, "x4": 3.5171903219687963, "x5": 12.385553920054848, "x6": 3.0317020405677115, "x7": -1.8035210531731367, "x8": 0.39523929848178285, "x9": 2.499997264541131}, "datetime": {"datetime": "2025-05-18 06:04:12", "elapsed": 17980.927797, "delta": 25.44726}}
{"target": 6.041615201816265, "params": {"x0": 0.8, "x1": 0.9, "x2": 4.2135355263500656e-42, "x3": 2.950819994535629e-42, "x4": 3.5171903219687963, "x5": 12.385553920054848, "x6": 3.0317020405677115, "x7": -1.8035210531731367, "x8": 0.39523929848178285, "x9": 2.499997264541131}, "datetime": {"datetime": "2025-05-18 06:04:34", "elapsed": 18003.068924, "delta": 22.141127}}
{"target": 6.041615201816265, "params": {"x0": 0.8, "x1": 0.9, "x2": 6.717279788509948e-44, "x3": 7.60462505687828e-42, "x4": 3.5171903219687963, "x5": 12.385553920054848, "x6": 3.0317020405677115, "x7": -1.8035210531731367, "x8": 0.39523929848178285, "x9": 2.499997264541131}, "datetime": {"datetime": "2025-05-18 06:04:59", "elapsed": 18028.164359, "delta": 25.095435}}
{"target": 6.041615201816265, "params": {"x0": 0.8, "x1": 0.9, "x2": 5.0891134858611314e-42, "x3": 1.3081639444907402e-42, "x4": 3.5171903219687963, "x5": 12.385553920054848, "x6": 3.0317020405677115, "x7": -1.8035210531731367, "x8": 0.39523929848178285, "x9": 2.499997264541131}, "datetime": {"datetime": "2025-05-18 06:05:21", "elapsed": 18049.647837, "delta": 21.483478}}
{"target": 6.041615201816265, "params": {"x0": 0.8, "x1": 0.9, "x2": 5.0417520546378195e-42, "x3": 4.6231035038460945e-42, "x4": 3.5171903219687963, "x5": 12.385553920054848, "x6": 3.0317020405677115, "x7": -1.8035210531731367, "x8": 0.39523929848178285, "x9": 2.499997264541131}, "datetime": {"datetime": "2025-05-18 06:05:44", "elapsed": 18072.953023, "delta": 23.305186}}
{"target": 6.041615201816265, "params": {"x0": 0.8, "x1": 0.9, "x2": 1.4038082447218349e-42, "x3": 1.514196709877485e-43, "x4": 3.5171903219687963, "x5": 12.385553920054848, "x6": 3.0317020405677115, "x7": -1.8035210531731367, "x8": 0.39523929848178285, "x9": 2.499997264541131}, "datetime": {"datetime": "2025-05-18 06:06:06", "elapsed": 18095.005067, "delta": 22.052044}}
{"target": 6.041615201816265, "params": {"x0": 0.8, "x1": 0.9, "x2": 2.6816630603511865e-42, "x3": 3.399947416545278e-42, "x4": 3.5171903219687963, "x5": 12.385553920054848, "x6": 3.0317020405677115, "x7": -1.8035210531731367, "x8": 0.39523929848178285, "x9": 2.499997264541131}, "datetime": {"datetime": "2025-05-18 06:06:33", "elapsed": 18121.866948, "delta": 26.861881}}
{"target": 6.041615201816265, "params": {"x0": 0.8, "x1": 0.9, "x2": 3.736938191385108e-43, "x3": 2.20942602539824e-42, "x4": 3.5171903219687963, "x5": 12.385553920054848, "x6": 3.0317020405677115, "x7": -1.8035210531731367, "x8": 0.39523929848178285, "x9": 2.499997264541131}, "datetime": {"datetime": "2025-05-18 06:06:59", "elapsed": 18148.12448, "delta": 26.257532}}
{"target": 6.041615201816265, "params": {"x0": 0.8, "x1": 0.9, "x2": 2.0523020552502526e-42, "x3": 8.152767186792476e-43, "x4": 3.5171903219687963, "x5": 12.385553920054848, "x6": 3.0317020405677115, "x7": -1.8035210531731367, "x8": 0.39523929848178285, "x9": 2.499997264541131}, "datetime": {"datetime": "2025-05-18 06:07:23", "elapsed": 18172.052912, "delta": 23.928432}}
{"target": 6.041615201816265, "params": {"x0": 0.8, "x1": 0.9, "x2": 4.318389048147525e-43, "x3": 3.2927831294973887e-42, "x4": 3.5171903219687963, "x5": 12.385553920054848, "x6": 3.0317020405677115, "x7": -1.8035210531731367, "x8": 0.39523929848178285, "x9": 2.499997264541131}, "datetime": {"datetime": "2025-05-18 06:07:46", "elapsed": 18194.545173, "delta": 22.492261}}
{"target": 6.041615201816265, "params": {"x0": 0.8, "x1": 0.9, "x2": 1.925718211475288e-42, "x3": 2.220587153055269e-42, "x4": 3.5171903219687963, "x5": 12.385553920054848, "x6": 3.0317020405677115, "x7": -1.8035210531731367, "x8": 0.39523929848178285, "x9": 2.499997264541131}, "datetime": {"datetime": "2025-05-18 06:08:08", "elapsed": 18216.738538, "delta": 22.193365}}
{"target": 6.041615201816265, "params": {"x0": 0.8, "x1": 0.9, "x2": 2.360092382076838e-42, "x3": 2.93777835708311e-42, "x4": 3.5171903219687963, "x5": 12.385553920054848, "x6": 3.0317020405677115, "x7": -1.8035210531731367, "x8": 0.39523929848178285, "x9": 2.499997264541131}, "datetime": {"datetime": "2025-05-18 06:08:33", "elapsed": 18241.838235, "delta": 25.099697}}
{"target": 6.041615201816265, "params": {"x0": 0.8, "x1": 0.9, "x2": 1.8120368068951494e-42, "x3": 1.7304019437867993e-43, "x4": 3.5171903219687963, "x5": 12.385553920054848, "x6": 3.0317020405677115, "x7": -1.8035210531731367, "x8": 0.39523929848178285, "x9": 2.499997264541131}, "datetime": {"datetime": "2025-05-18 06:08:58", "elapsed": 18266.562104, "delta": 24.723869}}
{"target": 6.041615201816265, "params": {"x0": 0.8, "x1": 0.9, "x2": 7.519939321498633e-43, "x3": 1.988500798745809e-43, "x4": 3.5171903219687963, "x5": 12.385553920054848, "x6": 3.0317020405677115, "x7": -1.8035210531731367, "x8": 0.39523929848178285, "x9": 2.499997264541131}, "datetime": {"datetime": "2025-05-18 06:09:19", "elapsed": 18287.865244, "delta": 21.30314}}
{"target": 6.041615201816265, "params": {"x0": 0.8, "x1": 0.9, "x2": 7.91852874144031e-43, "x3": 9.767438120631758e-43, "x4": 3.5171903219687963, "x5": 12.385553920054848, "x6": 3.0317020405677115, "x7": -1.8035210531731367, "x8": 0.39523929848178285, "x9": 2.499997264541131}, "datetime": {"datetime": "2025-05-18 06:09:43", "elapsed": 18311.711565, "delta": 23.846321}}
{"target": 6.041615201816265, "params": {"x0": 0.8, "x1": 0.9, "x2": 4.588798873836341e-43, "x3": 6.7721892103901315e-43, "x4": 3.5171903219687963, "x5": 12.385553920054848, "x6": 3.0317020405677115, "x7": -1.8035210531731367, "x8": 0.39523929848178285, "x9": 2.499997264541131}, "datetime": {"datetime": "2025-05-18 06:10:09", "elapsed": 18337.435517, "delta": 25.723952}}
{"target": 6.041615201816265, "params": {"x0": 0.8, "x1": 0.9, "x2": 9.351683795814455e-43, "x3": 2.9629321840920253e-44, "x4": 3.5171903219687963, "x5": 12.385553920054848, "x6": 3.0317020405677115, "x7": -1.8035210531731367, "x8": 0.39523929848178285, "x9": 2.499997264541131}, "datetime": {"datetime": "2025-05-18 06:10:35", "elapsed": 18363.436645, "delta": 26.001128}}
{"target": 6.041615201816265, "params": {"x0": 0.8, "x1": 0.9, "x2": 5.38041389796727e-43, "x3": 1.2142736113049486e-42, "x4": 3.5171903219687963, "x5": 12.385553920054848, "x6": 3.0317020405677115, "x7": -1.8035210531731367, "x8": 0.39523929848178285, "x9": 2.499997264541131}, "datetime": {"datetime": "2025-05-18 06:11:00", "elapsed": 18388.39547, "delta": 24.958825}}
{"target": 6.041615201816265, "params": {"x0": 0.8, "x1": 0.9, "x2": 5.667438537194876e-44, "x3": 1.3995839285878784e-42, "x4": 3.5171903219687963, "x5": 12.385553920054848, "x6": 3.0317020405677115, "x7": -1.8035210531731367, "x8": 0.39523929848178285, "x9": 2.499997264541131}, "datetime": {"datetime": "2025-05-18 06:11:29", "elapsed": 18417.875514, "delta": 29.480044}}
{"target": 6.041615201816265, "params": {"x0": 0.8, "x1": 0.9, "x2": 6.204545344448435e-43, "x3": 8.409108585086961e-43, "x4": 3.5171903219687963, "x5": 12.385553920054848, "x6": 3.0317020405677115, "x7": -1.8035210531731367, "x8": 0.39523929848178285, "x9": 2.499997264541131}, "datetime": {"datetime": "2025-05-18 06:11:56", "elapsed": 18444.380496, "delta": 26.504982}}
{"target": 6.041615201816265, "params": {"x0": 0.8, "x1": 0.9, "x2": 7.667128887274373e-45, "x3": 8.022713137058055e-43, "x4": 3.5171903219687963, "x5": 12.385553920054848, "x6": 3.0317020405677115, "x7": -1.8035210531731367, "x8": 0.39523929848178285, "x9": 2.499997264541131}, "datetime": {"datetime": "2025-05-18 06:12:22", "elapsed": 18470.813189, "delta": 26.432693}}
{"target": 6.041615201816265, "params": {"x0": 0.8, "x1": 0.9, "x2": 8.59052908633227e-43, "x3": 2.931283197943027e-43, "x4": 3.5171903219687963, "x5": 12.385553920054848, "x6": 3.0317020405677115, "x7": -1.8035210531731367, "x8": 0.39523929848178285, "x9": 2.499997264541131}, "datetime": {"datetime": "2025-05-18 06:12:53", "elapsed": 18502.066072, "delta": 31.252883}}
{"target": 6.041615201816265, "params": {"x0": 0.8, "x1": 0.9, "x2": 4.427313923783336e-43, "x3": 2.7171783685715454e-43, "x4": 3.5171903219687963, "x5": 12.385553920054848, "x6": 3.0317020405677115, "x7": -1.8035210531731367, "x8": 0.39523929848178285, "x9": 2.499997264541131}, "datetime": {"datetime": "2025-05-18 06:13:20", "elapsed": 18529.299446, "delta": 27.233374}}
{"target": 6.041615201816265, "params": {"x0": 0.8, "x1": 0.9, "x2": 3.5736562998607738e-43, "x3": 4.498211348159565e-43, "x4": 3.5171903219687963, "x5": 12.385553920054848, "x6": 3.0317020405677115, "x7": -1.8035210531731367, "x8": 0.39523929848178285, "x9": 2.499997264541131}, "datetime": {"datetime": "2025-05-18 06:13:43", "elapsed": 18551.630433, "delta": 22.330987}}
{"target": 6.041615201816265, "params": {"x0": 0.8, "x1": 0.9, "x2": 6.0505532432746556e-43, "x3": 8.860044420376802e-44, "x4": 3.5171903219687963, "x5": 12.385553920054848, "x6": 3.0317020405677115, "x7": -1.8035210531731367, "x8": 0.39523929848178285, "x9": 2.499997264541131}, "datetime": {"datetime": "2025-05-18 06:14:07", "elapsed": 18575.538706, "delta": 23.908273}}
{"target": 6.041615201816265, "params": {"x0": 0.8, "x1": 0.9, "x2": 5.446832560858358e-43, "x3": 6.895039616584326e-43, "x4": 3.5171903219687963, "x5": 12.385553920054848, "x6": 3.0317020405677115, "x7": -1.8035210531731367, "x8": 0.39523929848178285, "x9": 2.499997264541131}, "datetime": {"datetime": "2025-05-18 06:14:38", "elapsed": 18606.384327, "delta": 30.845621}}
{"target": 6.041615201816265, "params": {"x0": 0.8, "x1": 0.9, "x2": 3.2945527431349497e-43, "x3": 6.054990451526826e-43, "x4": 3.5171903219687963, "x5": 12.385553920054848, "x6": 3.0317020405677115, "x7": -1.8035210531731367, "x8": 0.39523929848178285, "x9": 2.499997264541131}, "datetime": {"datetime": "2025-05-18 06:15:01", "elapsed": 18629.62536, "delta": 23.241033}}
{"target": 6.041615201816265, "params": {"x0": 0.8, "x1": 0.9, "x2": 5.451130304008256e-44, "x3": 5.194617735116847e-43, "x4": 3.5171903219687963, "x5": 12.385553920054848, "x6": 3.0317020405677115, "x7": -1.8035210531731367, "x8": 0.39523929848178285, "x9": 2.499997264541131}, "datetime": {"datetime": "2025-05-18 06:15:26", "elapsed": 18654.767378, "delta": 25.142018}}
{"target": 6.041615201816265, "params": {"x0": 0.8, "x1": 0.9, "x2": 3.0070330105236072e-43, "x3": 4.962071099091279e-43, "x4": 3.5171903219687963, "x5": 12.385553920054848, "x6": 3.0317020405677115, "x7": -1.8035210531731367, "x8": 0.39523929848178285, "x9": 2.499997264541131}, "datetime": {"datetime": "2025-05-18 06:15:54", "elapsed": 18683.299725, "delta": 28.532347}}
{"target": 6.041615201816265, "params": {"x0": 0.8, "x1": 0.9, "x2": 3.0479001265834818e-43, "x3": 3.62083614161989e-43, "x4": 3.5171903219687963, "x5": 12.385553920054848, "x6": 3.0317020405677115, "x7": -1.8035210531731367, "x8": 0.39523929848178285, "x9": 2.499997264541131}, "datetime": {"datetime": "2025-05-18 06:16:17", "elapsed": 18705.557921, "delta": 22.258196}}
{"target": 6.041615201816265, "params": {"x0": 0.8, "x1": 0.9, "x2": 1.5574515749609313e-43, "x3": 3.3063525564718236e-43, "x4": 3.5171903219687963, "x5": 12.385553920054848, "x6": 3.0317020405677115, "x7": -1.8035210531731367, "x8": 0.39523929848178285, "x9": 2.499997264541131}, "datetime": {"datetime": "2025-05-18 06:16:44", "elapsed": 18733.194578, "delta": 27.636657}}
