{"target": 6.041615201816265, "params": {"x0": 0.8, "x1": 0.9, "x2": 1.1384212542873602e-75, "x3": 5.922460140749188e-76, "x4": 3.5171903219687963, "x5": 12.385553920054848, "x6": 3.0317020405677115, "x7": -1.8035210531731367, "x8": 0.39523929848178285, "x9": 2.499997264541131}, "datetime": {"datetime": "2025-05-18 14:07:58", "elapsed": 47006.559677, "delta": 36.932145}}
{"target": 6.041615201816265, "params": {"x0": 0.8, "x1": 0.9, "x2": 2.2421841142632086e-75, "x3": 3.0249573375160846e-76, "x4": 3.5171903219687963, "x5": 12.385553920054848, "x6": 3.0317020405677115, "x7": -1.8035210531731367, "x8": 0.39523929848178285, "x9": 2.499997264541131}, "datetime": {"datetime": "2025-05-18 14:09:03", "elapsed": 47071.48921, "delta": 64.929533}}
{"target": 6.041615201816265, "params": {"x0": 0.8, "x1": 0.9, "x2": 5.371220348419464e-76, "x3": 1.8531941644714822e-75, "x4": 3.5171903219687963, "x5": 12.385553920054848, "x6": 3.0317020405677115, "x7": -1.8035210531731367, "x8": 0.39523929848178285, "x9": 2.499997264541131}, "datetime": {"datetime": "2025-05-18 14:10:05", "elapsed": 47133.880325, "delta": 62.391115}}
{"target": 6.041615201816265, "params": {"x0": 0.8, "x1": 0.9, "x2": 3.272461894328998e-75, "x3": 2.0812623318885617e-75, "x4": 3.5171903219687963, "x5": 12.385553920054848, "x6": 3.0317020405677115, "x7": -1.8035210531731367, "x8": 0.39523929848178285, "x9": 2.499997264541131}, "datetime": {"datetime": "2025-05-18 14:11:09", "elapsed": 47198.130843, "delta": 64.250518}}
{"target": 6.041615201816265, "params": {"x0": 0.8, "x1": 0.9, "x2": 2.642548660594189e-76, "x3": 5.642355349379645e-76, "x4": 3.5171903219687963, "x5": 12.385553920054848, "x6": 3.0317020405677115, "x7": -1.8035210531731367, "x8": 0.39523929848178285, "x9": 2.499997264541131}, "datetime": {"datetime": "2025-05-18 14:11:56", "elapsed": 47244.819829, "delta": 46.688986}}
{"target": 6.041615201816265, "params": {"x0": 0.8, "x1": 0.9, "x2": 1.7804595578638819e-75, "x3": 8.534908039861068e-76, "x4": 3.5171903219687963, "x5": 12.385553920054848, "x6": 3.0317020405677115, "x7": -1.8035210531731367, "x8": 0.39523929848178285, "x9": 2.499997264541131}, "datetime": {"datetime": "2025-05-18 14:12:52", "elapsed": 47300.551045, "delta": 55.731216}}
{"target": 6.041615201816265, "params": {"x0": 0.8, "x1": 0.9, "x2": 1.2045028971748563e-75, "x3": 2.0822905346043028e-76, "x4": 3.5171903219687963, "x5": 12.385553920054848, "x6": 3.0317020405677115, "x7": -1.8035210531731367, "x8": 0.39523929848178285, "x9": 2.499997264541131}, "datetime": {"datetime": "2025-05-18 14:13:36", "elapsed": 47345.144685, "delta": 44.59364}}
{"target": 6.041615201816265, "params": {"x0": 0.8, "x1": 0.9, "x2": 1.1801262048585862e-77, "x3": 1.876027877006425e-76, "x4": 3.5171903219687963, "x5": 12.385553920054848, "x6": 3.0317020405677115, "x7": -1.8035210531731367, "x8": 0.39523929848178285, "x9": 2.499997264541131}, "datetime": {"datetime": "2025-05-18 14:14:41", "elapsed": 47410.267361, "delta": 65.122676}}
{"target": 6.041615201816265, "params": {"x0": 0.8, "x1": 0.9, "x2": 1.878018614655647e-75, "x3": 1.0817508371721187e-75, "x4": 3.5171903219687963, "x5": 12.385553920054848, "x6": 3.0317020405677115, "x7": -1.8035210531731367, "x8": 0.39523929848178285, "x9": 2.499997264541131}, "datetime": {"datetime": "2025-05-18 14:15:34", "elapsed": 47462.5412, "delta": 52.273839}}
{"target": 6.041615201816265, "params": {"x0": 0.8, "x1": 0.9, "x2": 6.340825750451957e-76, "x3": 1.192044133018118e-75, "x4": 3.5171903219687963, "x5": 12.385553920054848, "x6": 3.0317020405677115, "x7": -1.8035210531731367, "x8": 0.39523929848178285, "x9": 2.499997264541131}, "datetime": {"datetime": "2025-05-18 14:16:31", "elapsed": 47519.369738, "delta": 56.828538}}
{"target": 6.041615201816265, "params": {"x0": 0.8, "x1": 0.9, "x2": 7.53732325550859e-76, "x3": 7.99177517154283e-77, "x4": 3.5171903219687963, "x5": 12.385553920054848, "x6": 3.0317020405677115, "x7": -1.8035210531731367, "x8": 0.39523929848178285, "x9": 2.499997264541131}, "datetime": {"datetime": "2025-05-18 14:17:18", "elapsed": 47566.71176, "delta": 47.342022}}
{"target": 6.041615201816265, "params": {"x0": 0.8, "x1": 0.9, "x2": 1.087979392129965e-75, "x3": 9.899919055249738e-76, "x4": 3.5171903219687963, "x5": 12.385553920054848, "x6": 3.0317020405677115, "x7": -1.8035210531731367, "x8": 0.39523929848178285, "x9": 2.499997264541131}, "datetime": {"datetime": "2025-05-18 14:18:07", "elapsed": 47616.137068, "delta": 49.425308}}
{"target": 6.041615201816265, "params": {"x0": 0.8, "x1": 0.9, "x2": 1.0898736970314795e-75, "x3": 5.420077044778286e-76, "x4": 3.5171903219687963, "x5": 12.385553920054848, "x6": 3.0317020405677115, "x7": -1.8035210531731367, "x8": 0.39523929848178285, "x9": 2.499997264541131}, "datetime": {"datetime": "2025-05-18 14:18:59", "elapsed": 47667.485592, "delta": 51.348524}}
{"target": 6.041615201816265, "params": {"x0": 0.8, "x1": 0.9, "x2": 9.668402335586716e-76, "x3": 5.823142841973559e-76, "x4": 3.5171903219687963, "x5": 12.385553920054848, "x6": 3.0317020405677115, "x7": -1.8035210531731367, "x8": 0.39523929848178285, "x9": 2.499997264541131}, "datetime": {"datetime": "2025-05-18 14:20:00", "elapsed": 47728.31515, "delta": 60.829558}}
{"target": 6.041615201816265, "params": {"x0": 0.8, "x1": 0.9, "x2": 1.0351090248067304e-75, "x3": 1.1730450644777148e-76, "x4": 3.5171903219687963, "x5": 12.385553920054848, "x6": 3.0317020405677115, "x7": -1.8035210531731367, "x8": 0.39523929848178285, "x9": 2.499997264541131}, "datetime": {"datetime": "2025-05-18 14:21:01", "elapsed": 47789.398787, "delta": 61.083637}}
{"target": 6.041615201816265, "params": {"x0": 0.8, "x1": 0.9, "x2": 1.9446808482467153e-76, "x3": 4.438359242486688e-76, "x4": 3.5171903219687963, "x5": 12.385553920054848, "x6": 3.0317020405677115, "x7": -1.8035210531731367, "x8": 0.39523929848178285, "x9": 2.499997264541131}, "datetime": {"datetime": "2025-05-18 14:21:50", "elapsed": 47839.250102, "delta": 49.851315}}
{"target": 6.041615201816265, "params": {"x0": 0.8, "x1": 0.9, "x2": 9.161415273900034e-77, "x3": 1.6273551421154763e-76, "x4": 3.5171903219687963, "x5": 12.385553920054848, "x6": 3.0317020405677115, "x7": -1.8035210531731367, "x8": 0.39523929848178285, "x9": 2.499997264541131}, "datetime": {"datetime": "2025-05-18 14:22:50", "elapsed": 47898.417793, "delta": 59.167691}}
{"target": 6.041615201816265, "params": {"x0": 0.8, "x1": 0.9, "x2": 6.529155465770621e-76, "x3": 3.4257507297600157e-77, "x4": 3.5171903219687963, "x5": 12.385553920054848, "x6": 3.0317020405677115, "x7": -1.8035210531731367, "x8": 0.39523929848178285, "x9": 2.499997264541131}, "datetime": {"datetime": "2025-05-18 14:23:43", "elapsed": 47951.834567, "delta": 53.416774}}
{"target": 6.041615201816265, "params": {"x0": 0.8, "x1": 0.9, "x2": 3.568185643510996e-77, "x3": 4.323789025783329e-77, "x4": 3.5171903219687963, "x5": 12.385553920054848, "x6": 3.0317020405677115, "x7": -1.8035210531731367, "x8": 0.39523929848178285, "x9": 2.499997264541131}, "datetime": {"datetime": "2025-05-18 14:24:43", "elapsed": 48011.540314, "delta": 59.705747}}
{"target": 6.041615201816265, "params": {"x0": 0.8, "x1": 0.9, "x2": 4.0619795019821575e-76, "x3": 1.5935961309588147e-76, "x4": 3.5171903219687963, "x5": 12.385553920054848, "x6": 3.0317020405677115, "x7": -1.8035210531731367, "x8": 0.39523929848178285, "x9": 2.499997264541131}, "datetime": {"datetime": "2025-05-18 14:25:39", "elapsed": 48068.206664, "delta": 56.66635}}
{"target": 6.041615201816265, "params": {"x0": 0.8, "x1": 0.9, "x2": 5.435774556914904e-76, "x3": 2.800312343632122e-76, "x4": 3.5171903219687963, "x5": 12.385553920054848, "x6": 3.0317020405677115, "x7": -1.8035210531731367, "x8": 0.39523929848178285, "x9": 2.499997264541131}, "datetime": {"datetime": "2025-05-18 14:26:28", "elapsed": 48117.15335, "delta": 48.946686}}
{"target": 6.041615201816265, "params": {"x0": 0.8, "x1": 0.9, "x2": 2.8808448690183276e-76, "x3": 4.037632530278481e-76, "x4": 3.5171903219687963, "x5": 12.385553920054848, "x6": 3.0317020405677115, "x7": -1.8035210531731367, "x8": 0.39523929848178285, "x9": 2.499997264541131}, "datetime": {"datetime": "2025-05-18 14:27:31", "elapsed": 48179.772586, "delta": 62.619236}}
{"target": 6.041615201816265, "params": {"x0": 0.8, "x1": 0.9, "x2": 1.77897917310131e-76, "x3": 1.623913514158659e-76, "x4": 3.5171903219687963, "x5": 12.385553920054848, "x6": 3.0317020405677115, "x7": -1.8035210531731367, "x8": 0.39523929848178285, "x9": 2.499997264541131}, "datetime": {"datetime": "2025-05-18 14:28:20", "elapsed": 48229.071916, "delta": 49.29933}}
{"target": 6.041615201816265, "params": {"x0": 0.8, "x1": 0.9, "x2": 3.206039659620111e-76, "x3": 1.1001653428070352e-76, "x4": 3.5171903219687963, "x5": 12.385553920054848, "x6": 3.0317020405677115, "x7": -1.8035210531731367, "x8": 0.39523929848178285, "x9": 2.499997264541131}, "datetime": {"datetime": "2025-05-18 14:29:26", "elapsed": 48294.524356, "delta": 65.45244}}
{"target": 6.041615201816265, "params": {"x0": 0.8, "x1": 0.9, "x2": 7.517908951729669e-78, "x3": 6.186658403985424e-77, "x4": 3.5171903219687963, "x5": 12.385553920054848, "x6": 3.0317020405677115, "x7": -1.8035210531731367, "x8": 0.39523929848178285, "x9": 2.499997264541131}, "datetime": {"datetime": "2025-05-18 14:30:20", "elapsed": 48348.754, "delta": 54.229644}}
{"target": 6.041615201816265, "params": {"x0": 0.8, "x1": 0.9, "x2": 1.1730579561988901e-77, "x3": 2.5644194507563132e-76, "x4": 3.5171903219687963, "x5": 12.385553920054848, "x6": 3.0317020405677115, "x7": -1.8035210531731367, "x8": 0.39523929848178285, "x9": 2.499997264541131}, "datetime": {"datetime": "2025-05-18 14:31:04", "elapsed": 48392.629145, "delta": 43.875145}}
{"target": 6.041615201816265, "params": {"x0": 0.8, "x1": 0.9, "x2": 2.054874256369774e-76, "x3": 2.2404604158361163e-76, "x4": 3.5171903219687963, "x5": 12.385553920054848, "x6": 3.0317020405677115, "x7": -1.8035210531731367, "x8": 0.39523929848178285, "x9": 2.499997264541131}, "datetime": {"datetime": "2025-05-18 14:31:57", "elapsed": 48445.510155, "delta": 52.88101}}
{"target": 6.041615201816265, "params": {"x0": 0.8, "x1": 0.9, "x2": 8.01012954884219e-77, "x3": 9.743059390398724e-77, "x4": 3.5171903219687963, "x5": 12.385553920054848, "x6": 3.0317020405677115, "x7": -1.8035210531731367, "x8": 0.39523929848178285, "x9": 2.499997264541131}, "datetime": {"datetime": "2025-05-18 14:32:38", "elapsed": 48486.938662, "delta": 41.428507}}
{"target": 6.041615201816265, "params": {"x0": 0.8, "x1": 0.9, "x2": 2.4090151236192664e-76, "x3": 2.284967942486348e-76, "x4": 3.5171903219687963, "x5": 12.385553920054848, "x6": 3.0317020405677115, "x7": -1.8035210531731367, "x8": 0.39523929848178285, "x9": 2.499997264541131}, "datetime": {"datetime": "2025-05-18 14:33:24", "elapsed": 48533.054695, "delta": 46.116033}}
{"target": 6.041615201816265, "params": {"x0": 0.8, "x1": 0.9, "x2": 2.0429112838181225e-76, "x3": 2.2136291068395194e-76, "x4": 3.5171903219687963, "x5": 12.385553920054848, "x6": 3.0317020405677115, "x7": -1.8035210531731367, "x8": 0.39523929848178285, "x9": 2.499997264541131}, "datetime": {"datetime": "2025-05-18 14:34:08", "elapsed": 48577.026771, "delta": 43.972076}}
{"target": 6.041615201816265, "params": {"x0": 0.8, "x1": 0.9, "x2": 2.920982553084217e-77, "x3": 1.3914153209126955e-76, "x4": 3.5171903219687963, "x5": 12.385553920054848, "x6": 3.0317020405677115, "x7": -1.8035210531731367, "x8": 0.39523929848178285, "x9": 2.499997264541131}, "datetime": {"datetime": "2025-05-18 14:35:12", "elapsed": 48640.694179, "delta": 63.667408}}
{"target": 6.041615201816265, "params": {"x0": 0.8, "x1": 0.9, "x2": 1.3083976776827898e-76, "x3": 1.3790052375062038e-76, "x4": 3.5171903219687963, "x5": 12.385553920054848, "x6": 3.0317020405677115, "x7": -1.8035210531731367, "x8": 0.39523929848178285, "x9": 2.499997264541131}, "datetime": {"datetime": "2025-05-18 14:36:12", "elapsed": 48700.844526, "delta": 60.150347}}
{"target": 6.041615201816265, "params": {"x0": 0.8, "x1": 0.9, "x2": 1.0667616417527479e-78, "x3": 5.2919897122415684e-77, "x4": 3.5171903219687963, "x5": 12.385553920054848, "x6": 3.0317020405677115, "x7": -1.8035210531731367, "x8": 0.39523929848178285, "x9": 2.499997264541131}, "datetime": {"datetime": "2025-05-18 14:37:18", "elapsed": 48766.521537, "delta": 65.677011}}
{"target": 6.041615201816265, "params": {"x0": 0.8, "x1": 0.9, "x2": 5.700349226379318e-77, "x3": 4.994259551238834e-77, "x4": 3.5171903219687963, "x5": 12.385553920054848, "x6": 3.0317020405677115, "x7": -1.8035210531731367, "x8": 0.39523929848178285, "x9": 2.499997264541131}, "datetime": {"datetime": "2025-05-18 14:38:28", "elapsed": 48836.84785, "delta": 70.326313}}
{"target": 6.041615201816265, "params": {"x0": 0.8, "x1": 0.9, "x2": 1.9738515718280795e-77, "x3": 1.6797159265862096e-77, "x4": 3.5171903219687963, "x5": 12.385553920054848, "x6": 3.0317020405677115, "x7": -1.8035210531731367, "x8": 0.39523929848178285, "x9": 2.499997264541131}, "datetime": {"datetime": "2025-05-18 14:39:27", "elapsed": 48895.963623, "delta": 59.115773}}
{"target": 6.041615201816265, "params": {"x0": 0.8, "x1": 0.9, "x2": 4.592973866555102e-78, "x3": 6.7303363079678615e-77, "x4": 3.5171903219687963, "x5": 12.385553920054848, "x6": 3.0317020405677115, "x7": -1.8035210531731367, "x8": 0.39523929848178285, "x9": 2.499997264541131}, "datetime": {"datetime": "2025-05-18 14:40:26", "elapsed": 48954.812158, "delta": 58.848535}}
{"target": 6.041615201816265, "params": {"x0": 0.8, "x1": 0.9, "x2": 3.8151500906088184e-77, "x3": 3.6256385124756986e-77, "x4": 3.5171903219687963, "x5": 12.385553920054848, "x6": 3.0317020405677115, "x7": -1.8035210531731367, "x8": 0.39523929848178285, "x9": 2.499997264541131}, "datetime": {"datetime": "2025-05-18 14:41:19", "elapsed": 49007.976235, "delta": 53.164077}}
{"target": 6.041615201816265, "params": {"x0": 0.8, "x1": 0.9, "x2": 6.918625909322516e-77, "x3": 3.7895363022764996e-77, "x4": 3.5171903219687963, "x5": 12.385553920054848, "x6": 3.0317020405677115, "x7": -1.8035210531731367, "x8": 0.39523929848178285, "x9": 2.499997264541131}, "datetime": {"datetime": "2025-05-18 14:42:17", "elapsed": 49065.369735, "delta": 57.3935}}
{"target": 6.041615201816265, "params": {"x0": 0.8, "x1": 0.9, "x2": 4.827752343926053e-77, "x3": 4.5562911269872965e-77, "x4": 3.5171903219687963, "x5": 12.385553920054848, "x6": 3.0317020405677115, "x7": -1.8035210531731367, "x8": 0.39523929848178285, "x9": 2.499997264541131}, "datetime": {"datetime": "2025-05-18 14:43:18", "elapsed": 49127.191493, "delta": 61.821758}}
{"target": 6.041615201816265, "params": {"x0": 0.8, "x1": 0.9, "x2": 6.438364009532381e-77, "x3": 6.062886901479044e-77, "x4": 3.5171903219687963, "x5": 12.385553920054848, "x6": 3.0317020405677115, "x7": -1.8035210531731367, "x8": 0.39523929848178285, "x9": 2.499997264541131}, "datetime": {"datetime": "2025-05-18 14:44:11", "elapsed": 49179.391543, "delta": 52.20005}}
{"target": 6.041615201816265, "params": {"x0": 0.8, "x1": 0.9, "x2": 4.111003987141895e-77, "x3": 5.550137549199829e-77, "x4": 3.5171903219687963, "x5": 12.385553920054848, "x6": 3.0317020405677115, "x7": -1.8035210531731367, "x8": 0.39523929848178285, "x9": 2.499997264541131}, "datetime": {"datetime": "2025-05-18 14:45:07", "elapsed": 49236.079649, "delta": 56.688106}}
{"target": 6.041615201816265, "params": {"x0": 0.8, "x1": 0.9, "x2": 1.72677528127354e-77, "x3": 5.745803209353688e-77, "x4": 3.5171903219687963, "x5": 12.385553920054848, "x6": 3.0317020405677115, "x7": -1.8035210531731367, "x8": 0.39523929848178285, "x9": 2.499997264541131}, "datetime": {"datetime": "2025-05-18 14:46:00", "elapsed": 49288.490858, "delta": 52.411209}}
{"target": 6.041615201816265, "params": {"x0": 0.8, "x1": 0.9, "x2": 1.8449104179755472e-77, "x3": 7.247132033638457e-78, "x4": 3.5171903219687963, "x5": 12.385553920054848, "x6": 3.0317020405677115, "x7": -1.8035210531731367, "x8": 0.39523929848178285, "x9": 2.499997264541131}, "datetime": {"datetime": "2025-05-18 14:46:51", "elapsed": 49340.052705, "delta": 51.561847}}
{"target": 6.041615201816265, "params": {"x0": 0.8, "x1": 0.9, "x2": 1.15039600740222e-77, "x3": 9.52141362532276e-78, "x4": 3.5171903219687963, "x5": 12.385553920054848, "x6": 3.0317020405677115, "x7": -1.8035210531731367, "x8": 0.39523929848178285, "x9": 2.499997264541131}, "datetime": {"datetime": "2025-05-18 14:47:49", "elapsed": 49397.571674, "delta": 57.518969}}
{"target": 6.041615201816265, "params": {"x0": 0.8, "x1": 0.9, "x2": 1.1523229342989762e-77, "x3": 3.0520503316927376e-77, "x4": 3.5171903219687963, "x5": 12.385553920054848, "x6": 3.0317020405677115, "x7": -1.8035210531731367, "x8": 0.39523929848178285, "x9": 2.499997264541131}, "datetime": {"datetime": "2025-05-18 14:48:48", "elapsed": 49456.552572, "delta": 58.980898}}
{"target": 6.041615201816265, "params": {"x0": 0.8, "x1": 0.9, "x2": 3.4528310690515368e-77, "x3": 1.2881005455924114e-77, "x4": 3.5171903219687963, "x5": 12.385553920054848, "x6": 3.0317020405677115, "x7": -1.8035210531731367, "x8": 0.39523929848178285, "x9": 2.499997264541131}, "datetime": {"datetime": "2025-05-18 14:49:47", "elapsed": 49516.179009, "delta": 59.626437}}
{"target": 6.041615201816265, "params": {"x0": 0.8, "x1": 0.9, "x2": 6.219246024014786e-78, "x3": 1.1185092273199282e-77, "x4": 3.5171903219687963, "x5": 12.385553920054848, "x6": 3.0317020405677115, "x7": -1.8035210531731367, "x8": 0.39523929848178285, "x9": 2.499997264541131}, "datetime": {"datetime": "2025-05-18 14:50:53", "elapsed": 49581.434472, "delta": 65.255463}}
{"target": 6.041615201816265, "params": {"x0": 0.8, "x1": 0.9, "x2": 6.872734216511669e-78, "x3": 1.5143246141239929e-77, "x4": 3.5171903219687963, "x5": 12.385553920054848, "x6": 3.0317020405677115, "x7": -1.8035210531731367, "x8": 0.39523929848178285, "x9": 2.499997264541131}, "datetime": {"datetime": "2025-05-18 14:52:12", "elapsed": 49660.811756, "delta": 79.377284}}
{"target": 6.041615201816265, "params": {"x0": 0.8, "x1": 0.9, "x2": 4.824752644739602e-78, "x3": 3.2624779537231382e-77, "x4": 3.5171903219687963, "x5": 12.385553920054848, "x6": 3.0317020405677115, "x7": -1.8035210531731367, "x8": 0.39523929848178285, "x9": 2.499997264541131}, "datetime": {"datetime": "2025-05-18 14:53:06", "elapsed": 49714.511972, "delta": 53.700216}}
{"target": 6.041615201816265, "params": {"x0": 0.8, "x1": 0.9, "x2": 2.579081095193743e-77, "x3": 1.795083104870819e-77, "x4": 3.5171903219687963, "x5": 12.385553920054848, "x6": 3.0317020405677115, "x7": -1.8035210531731367, "x8": 0.39523929848178285, "x9": 2.499997264541131}, "datetime": {"datetime": "2025-05-18 14:54:10", "elapsed": 49778.324331, "delta": 63.812359}}
{"target": 6.041615201816265, "params": {"x0": 0.8, "x1": 0.9, "x2": 2.3543312135050614e-78, "x3": 1.5530836058059411e-77, "x4": 3.5171903219687963, "x5": 12.385553920054848, "x6": 3.0317020405677115, "x7": -1.8035210531731367, "x8": 0.39523929848178285, "x9": 2.499997264541131}, "datetime": {"datetime": "2025-05-18 14:55:24", "elapsed": 49852.826289, "delta": 74.501958}}
{"target": 6.041615201816265, "params": {"x0": 0.8, "x1": 0.9, "x2": 1.7383688408109364e-77, "x3": 6.954723518199753e-78, "x4": 3.5171903219687963, "x5": 12.385553920054848, "x6": 3.0317020405677115, "x7": -1.8035210531731367, "x8": 0.39523929848178285, "x9": 2.499997264541131}, "datetime": {"datetime": "2025-05-18 14:56:13", "elapsed": 49901.847401, "delta": 49.021112}}
{"target": 6.041615201816265, "params": {"x0": 0.8, "x1": 0.9, "x2": 7.123423207068321e-78, "x3": 5.959065823969182e-78, "x4": 3.5171903219687963, "x5": 12.385553920054848, "x6": 3.0317020405677115, "x7": -1.8035210531731367, "x8": 0.39523929848178285, "x9": 2.499997264541131}, "datetime": {"datetime": "2025-05-18 14:57:18", "elapsed": 49967.218137, "delta": 65.370736}}
{"target": 6.041615201816265, "params": {"x0": 0.8, "x1": 0.9, "x2": 1.0750726988990203e-78, "x3": 1.6709309897254278e-77, "x4": 3.5171903219687963, "x5": 12.385553920054848, "x6": 3.0317020405677115, "x7": -1.8035210531731367, "x8": 0.39523929848178285, "x9": 2.499997264541131}, "datetime": {"datetime": "2025-05-18 14:58:13", "elapsed": 50022.051767, "delta": 54.83363}}
{"target": 6.041615201816265, "params": {"x0": 0.8, "x1": 0.9, "x2": 1.404040919460334e-77, "x3": 6.570833105776126e-78, "x4": 3.5171903219687963, "x5": 12.385553920054848, "x6": 3.0317020405677115, "x7": -1.8035210531731367, "x8": 0.39523929848178285, "x9": 2.499997264541131}, "datetime": {"datetime": "2025-05-18 14:59:00", "elapsed": 50068.557178, "delta": 46.505411}}
{"target": 6.041615201816265, "params": {"x0": 0.8, "x1": 0.9, "x2": 2.695752364427747e-78, "x3": 6.11738597577943e-80, "x4": 3.5171903219687963, "x5": 12.385553920054848, "x6": 3.0317020405677115, "x7": -1.8035210531731367, "x8": 0.39523929848178285, "x9": 2.499997264541131}, "datetime": {"datetime": "2025-05-18 15:00:06", "elapsed": 50134.513502, "delta": 65.956324}}
{"target": 6.041615201816265, "params": {"x0": 0.8, "x1": 0.9, "x2": 3.975970532609394e-78, "x3": 1.2745333386571858e-77, "x4": 3.5171903219687963, "x5": 12.385553920054848, "x6": 3.0317020405677115, "x7": -1.8035210531731367, "x8": 0.39523929848178285, "x9": 2.499997264541131}, "datetime": {"datetime": "2025-05-18 15:01:09", "elapsed": 50197.330756, "delta": 62.817254}}
{"target": 6.041615201816265, "params": {"x0": 0.8, "x1": 0.9, "x2": 3.533719898450672e-78, "x3": 4.470761889088899e-78, "x4": 3.5171903219687963, "x5": 12.385553920054848, "x6": 3.0317020405677115, "x7": -1.8035210531731367, "x8": 0.39523929848178285, "x9": 2.499997264541131}, "datetime": {"datetime": "2025-05-18 15:01:54", "elapsed": 50242.849487, "delta": 45.518731}}
