{"target": 5.2592993334578395, "params": {"x0": 0.8, "x1": 0.9, "x2": 0.5273075700000001, "x3": 0.0, "x4": 0.0, "x5": 8.732442889388334, "x6": 4.318335589918237, "x7": 0.0, "x8": 0.1, "x9": 2.8}, "datetime": {"datetime": "2025-05-18 01:19:28", "elapsed": 897.063211, "delta": 16.273414}}
{"target": 4.607450631244529, "params": {"x0": 0.8, "x1": 0.9, "x2": 0.0, "x3": 0.0, "x4": 0.0, "x5": 6.492523130441047, "x6": 5.527456660957792, "x7": 0.0, "x8": 0.1, "x9": 2.8}, "datetime": {"datetime": "2025-05-18 01:19:44", "elapsed": 912.71479, "delta": 15.651579}}
{"target": 4.48520211637866, "params": {"x0": 0.8, "x1": 0.9, "x2": 1.84047170895, "x3": 1.4721978582000002, "x4": 0.0, "x5": 9.44049664335738, "x6": 2.7660563228062993, "x7": 0.0, "x8": 0.1, "x9": 2.8}, "datetime": {"datetime": "2025-05-18 01:20:00", "elapsed": 928.650304, "delta": 15.935514}}
{"target": 5.42704158034313, "params": {"x0": 0.8, "x1": 0.9, "x2": 1.709155295055, "x3": 0.0, "x4": 1.3092062325588107, "x5": 8.363097091264382, "x6": 4.168011698157398, "x7": 0.0, "x8": 0.3519365558178539, "x9": 2.8}, "datetime": {"datetime": "2025-05-18 01:20:15", "elapsed": 944.164568, "delta": 15.514264}}
{"target": 5.376647174936301, "params": {"x0": 0.8, "x1": 0.9, "x2": 0.7045847287582501, "x3": 0.0, "x4": 2.4220315302337996, "x5": 10.57675728904383, "x6": 4.585394499188347, "x7": 0.0, "x8": 0.13779048337267807, "x9": 2.8}, "datetime": {"datetime": "2025-05-18 01:20:31", "elapsed": 959.841607, "delta": 15.677039}}
{"target": 5.5607061243157485, "params": {"x0": 0.8, "x1": 0.9, "x2": 0.805041785387925, "x3": 0.0, "x4": 2.310749000466301, "x5": 8.794000867939614, "x6": 3.378956460354886, "x7": 0.0, "x8": 0.15920509061719565, "x9": 2.8}, "datetime": {"datetime": "2025-05-18 01:20:47", "elapsed": 976.093286, "delta": 16.251679}}
{"target": 5.66230875835287, "params": {"x0": 0.8, "x1": 0.9, "x2": 0.03654530217091134, "x3": 0.0, "x4": 3.162060353187668, "x5": 10.565520439307203, "x6": 2.3112183857032145, "x7": 0.0, "x8": 0.32302683603775517, "x9": 2.8}, "datetime": {"datetime": "2025-05-18 01:21:03", "elapsed": 992.221773, "delta": 16.128487}}
{"target": 5.420054539465955, "params": {"x0": 0.8347727245315407, "x1": 0.9, "x2": 0.0, "x3": 0.0, "x4": 4.013371705909035, "x5": 9.809943545747496, "x6": 3.3944513151372684, "x7": 0.0, "x8": 0.43770205783214683, "x9": 2.8}, "datetime": {"datetime": "2025-05-18 01:21:19", "elapsed": 1008.236636, "delta": 16.014863}}
{"target": 5.029070300074483, "params": {"x0": 0.8, "x1": 0.9, "x2": 0.7281921370662237, "x3": 0.0, "x4": 3.9282405706368975, "x5": 12.031955536334324, "x6": 0.8188866595399185, "x7": 0.0, "x8": 0.2198191364228027, "x9": 2.8}, "datetime": {"datetime": "2025-05-18 01:21:36", "elapsed": 1024.357427, "delta": 16.120791}}
{"target": 5.637245211845882, "params": {"x0": 0.8, "x1": 0.9, "x2": 0.0, "x3": 0.0, "x4": 2.472498157483361, "x5": 10.852142906512427, "x6": 2.749960497624809, "x7": -1.4224642486016799, "x8": 0.4159137656912124, "x9": 2.8}, "datetime": {"datetime": "2025-05-18 01:21:51", "elapsed": 1039.570414, "delta": 15.212987}}
{"target": 5.605991075458442, "params": {"x0": 0.8, "x1": 0.9, "x2": 0.0, "x3": 0.0, "x4": 2.5414543770537916, "x5": 11.753332867899172, "x6": 2.7289886405202046, "x7": 0.0, "x8": 0.4066250727258667, "x9": 2.8}, "datetime": {"datetime": "2025-05-18 01:22:07", "elapsed": 1055.836455, "delta": 16.266041}}
{"target": 5.676215913148523, "params": {"x0": 0.8, "x1": 0.9, "x2": 0.0, "x3": 0.0, "x4": 2.603514974667179, "x5": 10.105056501908235, "x6": 2.8311826560765594, "x7": 0.0, "x8": 0.3982652490570555, "x9": 2.6896054192159866}, "datetime": {"datetime": "2025-05-18 01:22:23", "elapsed": 1071.663712, "delta": 15.827257}}
{"target": 5.333615050903267, "params": {"x0": 0.8, "x1": 0.9, "x2": 0.0, "x3": 0.0, "x4": 2.1287514029247636, "x5": 10.555073433120228, "x6": 1.9511382629468819, "x7": 0.0, "x8": 0.4622179001234608, "x9": 2.783440812882398}, "datetime": {"datetime": "2025-05-18 01:22:38", "elapsed": 1087.214587, "delta": 15.550875}}
{"target": 5.349634418243678, "params": {"x0": 0.8, "x1": 0.9, "x2": 0.0, "x3": 0.4619912874441634, "x4": 3.0308021892353527, "x5": 10.950250885168828, "x6": 3.070683378661744, "x7": -0.7696748077480076, "x8": 0.34070786309729073, "x9": 2.6051535649162165}, "datetime": {"datetime": "2025-05-18 01:22:54", "elapsed": 1102.897525, "delta": 15.682938}}
{"target": 5.547202230895475, "params": {"x0": 0.8, "x1": 0.9, "x2": 0.36608940084567776, "x3": 0.0, "x4": 2.9880734677785354, "x5": 10.865731446842767, "x6": 2.994294308895712, "x7": -0.47296682121527484, "x8": 0.4500668964208438, "x9": 2.76561208808578}, "datetime": {"datetime": "2025-05-18 01:23:10", "elapsed": 1118.381139, "delta": 15.483614}}
{"target": 5.637597780132508, "params": {"x0": 0.8, "x1": 0.9, "x2": 0.0, "x3": 0.0, "x4": 2.2574123308669582, "x5": 9.453294976761487, "x6": 3.5260075968170046, "x7": -0.7559558227411254, "x8": 0.35164376642964607, "x9": 2.7580114211988005}, "datetime": {"datetime": "2025-05-18 01:23:25", "elapsed": 1134.010812, "delta": 15.629673}}
{"target": 5.249914217636775, "params": {"x0": 0.8, "x1": 1.2064804001775835, "x2": 0.0, "x3": 0.0, "x4": 2.6465268178512593, "x5": 10.44187499107057, "x6": 3.249279272153465, "x7": 0.0, "x8": 0.356305914692387, "x9": 2.7511708210005192}, "datetime": {"datetime": "2025-05-18 01:23:41", "elapsed": 1149.91147, "delta": 15.900658}}
{"target": 5.657403685446678, "params": {"x0": 0.8, "x1": 0.9, "x2": 0.0, "x3": 0.0, "x4": 2.883858116145358, "x5": 9.55052446705096, "x6": 2.3344232244412018, "x7": -0.6123242164203115, "x8": 0.36050184812885383, "x9": 2.6341965576099073}, "datetime": {"datetime": "2025-05-18 01:23:57", "elapsed": 1166.216815, "delta": 16.305345}}
{"target": 5.775304459696074, "params": {"x0": 0.8109120494129162, "x1": 0.9, "x2": 0.0, "x3": 0.0, "x4": 2.85582380199754, "x5": 10.604135333279782, "x6": 2.841337169759695, "x7": -0.5510917947782804, "x8": 0.364278188221674, "x9": 2.6397374437705152}, "datetime": {"datetime": "2025-05-18 01:24:13", "elapsed": 1182.178971, "delta": 15.962156}}
{"target": 5.732573876407966, "params": {"x0": 0.8201872914138949, "x1": 0.9, "x2": 0.0, "x3": 0.0, "x4": 3.070286305228347, "x5": 11.028352339945597, "x6": 2.3859702518240455, "x7": -1.0195198203398188, "x8": 0.3353891865115997, "x9": 2.5973496646418646}, "datetime": {"datetime": "2025-05-18 01:24:29", "elapsed": 1198.141807, "delta": 15.962836}}
{"target": 5.816042056066176, "params": {"x0": 0.819259767213797, "x1": 0.9, "x2": 0.0, "x3": 0.0, "x4": 2.662807549089814, "x5": 10.985930639279015, "x6": 3.2511673959017795, "x7": -0.972677017783665, "x8": 0.33827808668260717, "x9": 2.6015884425547298}, "datetime": {"datetime": "2025-05-18 01:24:45", "elapsed": 1213.66974, "delta": 15.527933}}
{"target": 5.715920717481355, "params": {"x0": 0.8263553273445458, "x1": 0.9, "x2": 0.0, "x3": 0.0, "x4": 2.498743734118247, "x5": 10.661404629179668, "x6": 3.3173214160351936, "x7": -1.3310244573382417, "x8": 0.31617800037440036, "x9": 2.569161791521312}, "datetime": {"datetime": "2025-05-18 01:25:01", "elapsed": 1229.541027, "delta": 15.871287}}
{"target": 5.758619954962645, "params": {"x0": 0.8128737630961231, "x1": 0.9, "x2": 0.0, "x3": 0.0, "x4": 2.8104649825642243, "x5": 11.278004048368429, "x6": 3.564687518900474, "x7": -0.6501643221845459, "x8": 0.318388009005221, "x9": 2.572404456624654}, "datetime": {"datetime": "2025-05-18 01:25:17", "elapsed": 1245.678047, "delta": 16.13702}}
{"target": 5.761967446184153, "params": {"x0": 0.8250071709197034, "x1": 0.9, "x2": 0.0, "x3": 0.0, "x4": 2.5299158589628448, "x5": 11.248796707459487, "x6": 2.9689992852029543, "x7": -0.8086128494241949, "x8": 0.32037701677295966, "x9": 2.5753228552176615}, "datetime": {"datetime": "2025-05-18 01:25:33", "elapsed": 1261.450895, "delta": 15.772848}}
{"target": 5.780871310493447, "params": {"x0": 0.8244324305491129, "x1": 0.9, "x2": 0.0, "x3": 0.0, "x4": 2.7824100702040866, "x5": 11.22251010064144, "x6": 3.5051186955307223, "x7": -1.2339123012189515, "x8": 0.3221671237639244, "x9": 2.6252274711580914}, "datetime": {"datetime": "2025-05-18 01:25:49", "elapsed": 1277.480155, "delta": 16.02926}}
{"target": 5.727234437009149, "params": {"x0": 0.8239151642155813, "x1": 0.9, "x2": 0.0, "x3": 0.0, "x4": 2.555165280086969, "x5": 10.786970884719286, "x6": 3.479723565567828, "x7": -0.7375652626919071, "x8": 0.32377822005579265, "x9": 2.6228635682977552}, "datetime": {"datetime": "2025-05-18 01:26:04", "elapsed": 1293.114162, "delta": 15.634007}}
{"target": 5.83053781595855, "params": {"x0": 0.8150699099121912, "x1": 0.9, "x2": 0.0, "x3": 0.0, "x4": 2.7596855911923748, "x5": 10.990550256920976, "x6": 3.081905407808865, "x7": -1.050349853271131, "x8": 0.32522820671847413, "x9": 2.6207360557234525}, "datetime": {"datetime": "2025-05-18 01:26:20", "elapsed": 1309.089719, "delta": 15.975557}}
{"target": 5.843103519526127, "params": {"x0": 0.8115085312058262, "x1": 0.9, "x2": 0.0, "x3": 0.0, "x4": 2.8420319269795513, "x5": 11.162785703372085, "x6": 3.112627548580934, "x7": -1.0341214195896697, "x8": 0.33632060468798725, "x9": 2.604460584530038}, "datetime": {"datetime": "2025-05-18 01:26:36", "elapsed": 1325.249519, "delta": 16.1598}}
{"target": 5.877898408219902, "params": {"x0": 0.8079471524994613, "x1": 0.9, "x2": 0.0, "x3": 0.0, "x4": 2.924378262766728, "x5": 11.012374268000611, "x6": 3.1633593497056407, "x7": -1.1261541807074327, "x8": 0.3440852832666464, "x9": 2.593067754694648}, "datetime": {"datetime": "2025-05-18 01:26:53", "elapsed": 1341.333618, "delta": 16.084099}}
{"target": 5.886152960208751, "params": {"x0": 0.8043857737930963, "x1": 0.9, "x2": 0.0, "x3": 0.0, "x4": 3.0067245985539044, "x5": 10.90708626324058, "x6": 3.106720056135145, "x7": -1.2685161273041834, "x8": 0.35184996184530554, "x9": 2.581674924859258}, "datetime": {"datetime": "2025-05-18 01:27:08", "elapsed": 1357.240607, "delta": 15.906989}}
{"target": 5.874690247396511, "params": {"x0": 0.8008243950867313, "x1": 0.9, "x2": 0.0, "x3": 0.0, "x4": 3.089070934341081, "x5": 10.801798258480547, "x6": 3.2262788273418805, "x7": -1.1316395475460366, "x8": 0.3596146404239647, "x9": 2.570282095023868}, "datetime": {"datetime": "2025-05-18 01:27:24", "elapsed": 1372.982194, "delta": 15.741587}}
{"target": 5.906436183064154, "params": {"x0": 0.8011805329573678, "x1": 0.9, "x2": 0.0, "x3": 0.0, "x4": 3.080836300762363, "x5": 11.001845467524609, "x6": 3.1212936781389478, "x7": -1.3917050490865155, "x8": 0.3588381725660988, "x9": 2.571421378007407}, "datetime": {"datetime": "2025-05-18 01:27:40", "elapsed": 1388.711952, "delta": 15.729758}}
{"target": 5.906548024130178, "params": {"x0": 0.8, "x1": 0.9, "x2": 0.0, "x3": 0.0, "x4": 3.1438312476395534, "x5": 11.082390791166032, "x6": 3.0924867932355795, "x7": -1.287656714508161, "x8": 0.36477815167877303, "x9": 2.5627058631833335}, "datetime": {"datetime": "2025-05-18 01:27:55", "elapsed": 1404.291141, "delta": 15.579189}}
{"target": 5.917249062273424, "params": {"x0": 0.8, "x1": 0.9, "x2": 0.0, "x3": 0.0, "x4": 3.2068261945167436, "x5": 11.162936114807456, "x6": 3.176678388902943, "x7": -1.3611360055777202, "x8": 0.3707181307914473, "x9": 2.55399034835926}, "datetime": {"datetime": "2025-05-18 01:28:11", "elapsed": 1420.08004, "delta": 15.788899}}
{"target": 5.923514917181751, "params": {"x0": 0.8, "x1": 0.9, "x2": 0.0, "x3": 0.0, "x4": 3.1438312476395534, "x5": 11.24348143844888, "x6": 3.1120293036593436, "x7": -1.412606418954828, "x8": 0.3766581099041215, "x9": 2.5452748335351862}, "datetime": {"datetime": "2025-05-18 01:28:27", "elapsed": 1436.27131, "delta": 16.19127}}
{"target": 5.915411493129501, "params": {"x0": 0.8, "x1": 0.9, "x2": 0.0, "x3": 0.0, "x4": 3.0997347848255203, "x5": 11.162936114807456, "x6": 3.1572836633298635, "x7": -1.4640768323319358, "x8": 0.38259808901679576, "x9": 2.5365593187111126}, "datetime": {"datetime": "2025-05-18 01:28:43", "elapsed": 1452.192931, "delta": 15.921621}}
{"target": 5.934674441918775, "params": {"x0": 0.8, "x1": 0.9, "x2": 0.0, "x3": 0.0, "x4": 3.183518064172183, "x5": 11.315972229726162, "x6": 3.0713003799558756, "x7": -1.458929790994225, "x8": 0.3713121287027147, "x9": 2.53743087019352}, "datetime": {"datetime": "2025-05-18 01:29:00", "elapsed": 1468.372601, "delta": 16.17967}}
{"target": 5.943105484164177, "params": {"x0": 0.8, "x1": 0.9, "x2": 0.0, "x3": 0.0, "x4": 3.2172518582249183, "x5": 11.377589402311852, "x6": 3.036680794807928, "x7": -1.4983046572277123, "x8": 0.3667680446815189, "x9": 2.530763501353104}, "datetime": {"datetime": "2025-05-18 01:29:15", "elapsed": 1484.183377, "delta": 15.810776}}
{"target": 5.952767408119232, "params": {"x0": 0.8, "x1": 0.9, "x2": 0.0, "x3": 0.0, "x4": 3.2509856522776537, "x5": 11.439206574897542, "x6": 3.0713003799558756, "x7": -1.5376795234611997, "x8": 0.36222396066032314, "x9": 2.5240961325126876}, "datetime": {"datetime": "2025-05-18 01:29:31", "elapsed": 1500.013473, "delta": 15.830096}}
{"target": 5.946771123226406, "params": {"x0": 0.8, "x1": 0.9, "x2": 0.0, "x3": 0.0, "x4": 3.284719446330389, "x5": 11.377589402311852, "x6": 3.0470666703523124, "x7": -1.5770543896946871, "x8": 0.35767987663912737, "x9": 2.5174287636722714}, "datetime": {"datetime": "2025-05-18 01:29:47", "elapsed": 1515.842601, "delta": 15.829128}}
{"target": 5.960623904968419, "params": {"x0": 0.8, "x1": 0.9, "x2": 0.0, "x3": 0.0, "x4": 3.2813460669251153, "x5": 11.494662030224662, "x6": 3.0931107185990827, "x7": -1.5731169030713383, "x8": 0.36631363627939934, "x9": 2.518095500556313}, "datetime": {"datetime": "2025-05-18 01:30:03", "elapsed": 1531.728258, "delta": 15.885657}}
{"target": 5.9673157555162435, "params": {"x0": 0.8, "x1": 0.9, "x2": 0.0, "x3": 0.0, "x4": 3.307152419375458, "x5": 11.541799167252714, "x6": 3.0745719307523567, "x7": -1.6032386757399562, "x8": 0.36978986055561414, "x9": 2.512994963393395}, "datetime": {"datetime": "2025-05-18 01:30:18", "elapsed": 1546.691731, "delta": 14.963473}}
{"target": 5.976530209096052, "params": {"x0": 0.8, "x1": 0.9, "x2": 0.0, "x3": 0.0, "x4": 3.3329587718258002, "x5": 11.588936304280766, "x6": 3.0615947792596487, "x7": -1.633360448408574, "x8": 0.37326608483182894, "x9": 2.5078944262304765}, "datetime": {"datetime": "2025-05-18 01:30:34", "elapsed": 1562.500127, "delta": 15.808396}}
{"target": 5.977779474689962, "params": {"x0": 0.8, "x1": 0.9, "x2": 0.0, "x3": 0.0, "x4": 3.3587651242761427, "x5": 11.636073441308818, "x6": 3.048617627766941, "x7": -1.6032386757399562, "x8": 0.37674230910804374, "x9": 2.5027938890675583}, "datetime": {"datetime": "2025-05-18 01:30:49", "elapsed": 1578.078769, "delta": 15.578642}}
{"target": 5.984131784609028, "params": {"x0": 0.8, "x1": 0.9, "x2": 0.0, "x3": 0.0, "x4": 3.384571476726485, "x5": 11.68321057833687, "x6": 3.0615947792596487, "x7": -1.6243239166079886, "x8": 0.37326608483182894, "x9": 2.49769335190464}, "datetime": {"datetime": "2025-05-18 01:31:05", "elapsed": 1593.74313, "delta": 15.664361}}
{"target": 5.984570197011844, "params": {"x0": 0.8, "x1": 0.9, "x2": 0.0, "x3": 0.0, "x4": 3.3587651242761427, "x5": 11.730347715364923, "x6": 3.0706787853045445, "x7": -1.6390835852156114, "x8": 0.3708327278384786, "x9": 2.492592814741722}, "datetime": {"datetime": "2025-05-18 01:31:21", "elapsed": 1609.758562, "delta": 16.015432}}
{"target": 5.988290982791089, "params": {"x0": 0.8, "x1": 0.9, "x2": 0.0, "x3": 0.0, "x4": 3.3768295709913825, "x5": 11.777484852392975, "x6": 3.0615947792596487, "x7": -1.6538432538232342, "x8": 0.37326608483182894, "x9": 2.4874922775788035}, "datetime": {"datetime": "2025-05-18 01:31:37", "elapsed": 1625.388789, "delta": 15.630227}}
{"target": 5.992291045033388, "params": {"x0": 0.8, "x1": 0.9, "x2": 0.0, "x3": 0.0, "x4": 3.3894746836920504, "x5": 11.824621989421027, "x6": 3.055235975028222, "x7": -1.668602922430857, "x8": 0.3749694347271742, "x9": 2.4823917404158853}, "datetime": {"datetime": "2025-05-18 01:31:52", "elapsed": 1641.153932, "delta": 15.765143}}
{"target": 5.995689784942864, "params": {"x0": 0.8, "x1": 0.9, "x2": 0.0, "x3": 0.0, "x4": 3.4021197963927183, "x5": 11.87175912644908, "x6": 3.048877170796795, "x7": -1.6833625910384797, "x8": 0.37667278462251946, "x9": 2.477291203252967}, "datetime": {"datetime": "2025-05-18 01:32:08", "elapsed": 1656.910876, "delta": 15.756944}}
{"target": 6.0019835031598054, "params": {"x0": 0.8, "x1": 0.9, "x2": 0.0, "x3": 0.0, "x4": 3.4147649090933863, "x5": 11.918896263477132, "x6": 3.042518366565368, "x7": -1.6981222596461025, "x8": 0.3783761345178647, "x9": 2.4823917404158853}, "datetime": {"datetime": "2025-05-18 01:32:23", "elapsed": 1672.259031, "delta": 15.348155}}
{"target": 6.009929251498009, "params": {"x0": 0.8, "x1": 0.9, "x2": 0.0, "x3": 0.0, "x4": 3.427410021794054, "x5": 11.966033400505184, "x6": 3.0361595623339412, "x7": -1.7128819282537253, "x8": 0.38007948441321, "x9": 2.485962116429928}, "datetime": {"datetime": "2025-05-18 01:32:40", "elapsed": 1688.623792, "delta": 16.364761}}
{"target": 6.015341661939324, "params": {"x0": 0.8, "x1": 0.9, "x2": 0.0, "x3": 0.0, "x4": 3.440055134494722, "x5": 12.013170537533236, "x6": 3.042518366565368, "x7": -1.727641596861348, "x8": 0.38178283430855525, "x9": 2.489532492443971}, "datetime": {"datetime": "2025-05-18 01:32:56", "elapsed": 1704.340581, "delta": 15.716789}}
{"target": 6.020484641508307, "params": {"x0": 0.8, "x1": 0.9, "x2": 0.0, "x3": 0.0, "x4": 3.45270024719539, "x5": 12.060307674561288, "x6": 3.046969529527367, "x7": -1.742401265468971, "x8": 0.3834861842039005, "x9": 2.493102868458014}, "datetime": {"datetime": "2025-05-18 01:33:12", "elapsed": 1720.352098, "delta": 16.011517}}
{"target": 6.024314109489248, "params": {"x0": 0.8, "x1": 0.9, "x2": 0.0, "x3": 0.0, "x4": 3.465345359896058, "x5": 12.10744481158934, "x6": 3.051420692489366, "x7": -1.7571609340765937, "x8": 0.3851895340992458, "x9": 2.4966732444720567}, "datetime": {"datetime": "2025-05-18 01:33:27", "elapsed": 1736.224119, "delta": 15.872021}}
{"target": 6.028567779697992, "params": {"x0": 0.8, "x1": 0.9, "x2": 0.0, "x3": 0.0, "x4": 3.477990472596726, "x5": 12.154581948617393, "x6": 3.046969529527367, "x7": -1.7719206026842165, "x8": 0.38689288399459104, "x9": 2.5002436204860996}, "datetime": {"datetime": "2025-05-18 01:33:43", "elapsed": 1752.023689, "delta": 15.79957}}
{"target": 6.034388390000825, "params": {"x0": 0.8, "x1": 0.9, "x2": 0.0, "x3": 0.0, "x4": 3.490635585297394, "x5": 12.201719085645445, "x6": 3.043853715453968, "x7": -1.7866802712918393, "x8": 0.3885962338899363, "x9": 2.4966732444720567}, "datetime": {"datetime": "2025-05-18 01:33:59", "elapsed": 1767.456786, "delta": 15.433097}}
{"target": 6.036192210386201, "params": {"x0": 0.8, "x1": 0.9, "x2": 0.0, "x3": 0.0, "x4": 3.5032806979980617, "x5": 12.248856222673497, "x6": 3.040737901380569, "x7": -1.801439939899462, "x8": 0.39029958378528157, "x9": 2.4941739812622266}, "datetime": {"datetime": "2025-05-18 01:34:14", "elapsed": 1782.820504, "delta": 15.363718}}
{"target": 6.03661530800416, "params": {"x0": 0.8, "x1": 0.9, "x2": 0.0, "x3": 0.0, "x4": 3.5159258106987297, "x5": 12.29599335970155, "x6": 3.0376220873071698, "x7": -1.7866802712918393, "x8": 0.39200293368062683, "x9": 2.4966732444720567}, "datetime": {"datetime": "2025-05-18 01:34:30", "elapsed": 1798.653476, "delta": 15.832972}}
{"target": 6.040459630583339, "params": {"x0": 0.8, "x1": 0.9, "x2": 0.0, "x3": 0.0, "x4": 3.5285709233993976, "x5": 12.343130496729602, "x6": 3.0345062732337706, "x7": -1.7970120393171751, "x8": 0.3937062835759721, "x9": 2.498422728718938}, "datetime": {"datetime": "2025-05-18 01:34:46", "elapsed": 1814.707516, "delta": 16.05404}}
{"target": 6.040194574165927, "params": {"x0": 0.8, "x1": 0.9, "x2": 0.0, "x3": 0.0, "x4": 3.5412160361000655, "x5": 12.29599335970155, "x6": 3.0313904591603715, "x7": -1.8042442769349103, "x8": 0.39540963347131736, "x9": 2.500172212965819}, "datetime": {"datetime": "2025-05-18 01:35:02", "elapsed": 1830.706751, "delta": 15.999235}}
{"target": 6.041615201816265, "params": {"x0": 0.8, "x1": 0.9, "x2": 0.0, "x3": 0.0, "x4": 3.5171903219687963, "x5": 12.385553920054848, "x6": 3.0317020405677115, "x7": -1.8035210531731367, "x8": 0.39523929848178285, "x9": 2.499997264541131}, "datetime": {"datetime": "2025-05-18 01:35:18", "elapsed": 1846.647939, "delta": 15.941188}}
{"target": 6.039128377914609, "params": {"x0": 0.8, "x1": 0.9, "x2": 0.0, "x3": 0.0, "x4": 3.507516810752785, "x5": 12.421613829881307, "x6": 3.029318442801561, "x7": -1.8090537149507042, "x8": 0.396542361151722, "x9": 2.5013356199899945}, "datetime": {"datetime": "2025-05-18 01:35:34", "elapsed": 1862.414193, "delta": 15.766254}}
{"target": 6.041357181550826, "params": {"x0": 0.8, "x1": 0.9, "x2": 0.0, "x3": 0.0, "x4": 3.525896482063206, "x5": 12.418007838898662, "x6": 3.033847278557247, "x7": -1.8085004487729475, "x8": 0.3964120548847281, "x9": 2.5012017844451084}, "datetime": {"datetime": "2025-05-18 01:35:49", "elapsed": 1878.178467, "delta": 15.764274}}
{"target": 6.041357181550826, "params": {"x0": 0.8, "x1": 0.9, "x2": 0.0, "x3": 0.0, "x4": 3.525025866053765, "x5": 12.414762447014281, "x6": 3.0336327547582935, "x7": -1.8080025092129663, "x8": 0.39629477924443357, "x9": 2.5010813324547105}, "datetime": {"datetime": "2025-05-18 01:36:05", "elapsed": 1894.161185, "delta": 15.982718}}
{"target": 6.041216463679585, "params": {"x0": 0.8, "x1": 0.9, "x2": 0.0, "x3": 0.0, "x4": 3.5242423116452684, "x5": 12.411841594318338, "x6": 3.029964397796188, "x7": -1.8075543636089835, "x8": 0.39618923116816845, "x9": 2.5009729256633526}, "datetime": {"datetime": "2025-05-18 01:36:21", "elapsed": 1910.267318, "delta": 16.106133}}
{"target": 6.041074650304863, "params": {"x0": 0.8, "x1": 0.9, "x2": 0.0, "x3": 0.0, "x4": 3.523537112677621, "x5": 12.409212826891988, "x6": 3.03013816207334, "x7": -1.8071510325653988, "x8": 0.3960942378995299, "x9": 2.5008753595511304}, "datetime": {"datetime": "2025-05-18 01:36:37", "elapsed": 1926.295344, "delta": 16.028026}}
