{"target": 6.039921506040081, "params": {"x0": 0.8, "x1": 0.9, "x2": 0.0, "x3": 0.0, "x4": 3.5229024336067387, "x5": 12.364260903901421, "x6": 3.0302945499227776, "x7": -1.8067880346261724, "x8": 0.3960087439577552, "x9": 2.5007875500501306}, "datetime": {"datetime": "2025-05-18 01:36:53", "elapsed": 1941.796988, "delta": 15.501644}}
{"target": 6.041074650304863, "params": {"x0": 0.8, "x1": 0.9, "x2": 0.0, "x3": 0.0, "x4": 3.5223312224429444, "x5": 12.404717634592933, "x6": 3.0329687821481524, "x7": -1.8064613364808688, "x8": 0.395931799410158, "x9": 2.5007085214992304}, "datetime": {"datetime": "2025-05-18 01:37:09", "elapsed": 1957.752015, "delta": 15.955027}}
{"target": 6.041074650304863, "params": {"x0": 0.8, "x1": 0.9, "x2": 0.0, "x3": 0.0, "x4": 3.5218171323955296, "x5": 12.402801263139123, "x6": 3.032842107990108, "x7": -1.8061673081500957, "x8": 0.39586254931732046, "x9": 2.5006373958034205}, "datetime": {"datetime": "2025-05-18 01:37:25", "elapsed": 1973.512416, "delta": 15.760401}}
{"target": 6.041074650304863, "params": {"x0": 0.8, "x1": 0.9, "x2": 0.0, "x3": 0.0, "x4": 3.521354451352856, "x5": 12.401076528830696, "x6": 3.0306759798875547, "x7": -1.8059026826523998, "x8": 0.3958002242337667, "x9": 2.5005733826771914}, "datetime": {"datetime": "2025-05-18 01:37:40", "elapsed": 1989.048087, "delta": 15.535671}}
{"target": 6.040789817893203, "params": {"x0": 0.8, "x1": 0.9, "x2": 0.0, "x3": 0.0, "x4": 3.5209380384144504, "x5": 12.399524267953112, "x6": 3.03077858595557, "x7": -1.8056645197044734, "x8": 0.3957441316585683, "x9": 2.5005157708635855}, "datetime": {"datetime": "2025-05-18 01:37:56", "elapsed": 2004.65652, "delta": 15.608433}}
{"target": 6.040789817893203, "params": {"x0": 0.8, "x1": 0.9, "x2": 0.0, "x3": 0.0, "x4": 3.520563266769885, "x5": 12.398127233163285, "x6": 3.0308709314167843, "x7": -1.80545017305134, "x8": 0.39569364834088977, "x9": 2.50046392023134}, "datetime": {"datetime": "2025-05-18 01:38:12", "elapsed": 2020.501104, "delta": 15.844584}}
{"target": 6.040789817893203, "params": {"x0": 0.8, "x1": 0.9, "x2": 0.0, "x3": 0.0, "x4": 3.520225972289776, "x5": 12.39686990185244, "x6": 3.030954042331877, "x7": -1.8052572610635196, "x8": 0.3956482133549791, "x9": 2.500417254662319}, "datetime": {"datetime": "2025-05-18 01:38:28", "elapsed": 2036.411023, "delta": 15.909919}}
{"target": 6.039603901123056, "params": {"x0": 0.8, "x1": 0.9, "x2": 0.0, "x3": 0.0, "x4": 3.519922407257678, "x5": 12.395738303672681, "x6": 3.0310288421554605, "x7": -1.8050836402744812, "x8": 0.39560732186765946, "x9": 2.5003752556502}, "datetime": {"datetime": "2025-05-18 01:38:44", "elapsed": 2052.698917, "delta": 16.287894}}
{"target": 6.039603901123056, "params": {"x0": 0.8, "x1": 0.9, "x2": 0.0, "x3": 0.0, "x4": 3.5196491987287897, "x5": 12.394719865310899, "x6": 3.0310961619966856, "x7": -1.8049273815643467, "x8": 0.3955705195290718, "x9": 2.5003374565392935}, "datetime": {"datetime": "2025-05-18 01:39:00", "elapsed": 2068.401628, "delta": 15.702711}}
{"target": 6.039027576149871, "params": {"x0": 0.8, "x1": 0.9, "x2": 0.0, "x3": 0.0, "x4": 3.5194033110527907, "x5": 12.377304569324403, "x6": 3.031156749853788, "x7": -1.8047867487252258, "x8": 0.3955373974243429, "x9": 2.5003034373394772}, "datetime": {"datetime": "2025-05-18 01:39:15", "elapsed": 2084.265645, "delta": 15.864017}}
{"target": 6.039603901123056, "params": {"x0": 0.8, "x1": 0.9, "x2": 0.0, "x3": 0.0, "x4": 3.519182012144391, "x5": 12.392978335712248, "x6": 3.0321928022102425, "x7": -1.8046601791700168, "x8": 0.3955075875300869, "x9": 2.5002728200596422}, "datetime": {"datetime": "2025-05-18 01:39:31", "elapsed": 2099.94728, "delta": 15.681635}}
{"target": 6.039603901123056, "params": {"x0": 0.8, "x1": 0.9, "x2": 0.0, "x3": 0.0, "x4": 3.5189828431268317, "x5": 12.39223589414651, "x6": 3.0312603550894335, "x7": -1.804546266570329, "x8": 0.3954807586252565, "x9": 2.5002452645077913}, "datetime": {"datetime": "2025-05-18 01:39:47", "elapsed": 2116.097704, "delta": 16.150424}}
{"target": 6.039603901123056, "params": {"x0": 0.8, "x1": 0.9, "x2": 0.0, "x3": 0.0, "x4": 3.5188035910110282, "x5": 12.391567696737344, "x6": 3.0313045236372615, "x7": -1.8044437452306097, "x8": 0.39545661261090914, "x9": 2.5002204645111252}, "datetime": {"datetime": "2025-05-18 01:40:03", "elapsed": 2131.856422, "delta": 15.758718}}
{"target": 6.039603901123056, "params": {"x0": 0.8, "x1": 0.9, "x2": 0.0, "x3": 0.0, "x4": 3.518642264106805, "x5": 12.390966319069094, "x6": 3.0313442753303064, "x7": -1.8043514760248622, "x8": 0.3954348811979965, "x9": 2.5001981445141257}, "datetime": {"datetime": "2025-05-18 01:40:18", "elapsed": 2146.807175, "delta": 14.950753}}
{"target": 6.039603901123056, "params": {"x0": 0.8, "x1": 0.9, "x2": 0.0, "x3": 0.0, "x4": 3.5184970698930043, "x5": 12.390425079167668, "x6": 3.031380051854047, "x7": -1.8042684337396897, "x8": 0.39541532292637516, "x9": 2.5001780565168263}, "datetime": {"datetime": "2025-05-18 01:40:34", "elapsed": 2162.436369, "delta": 15.629194}}
{"target": 6.039316890634239, "params": {"x0": 0.8, "x1": 0.9, "x2": 0.0, "x3": 0.0, "x4": 3.5183663951005832, "x5": 12.389937963256386, "x6": 3.0314122507254133, "x7": -1.8041936956830344, "x8": 0.3953977204819159, "x9": 2.5001599773192567}, "datetime": {"datetime": "2025-05-18 01:40:49", "elapsed": 2178.084152, "delta": 15.647783}}
{"target": 6.039316890634239, "params": {"x0": 0.8, "x1": 0.9, "x2": 0.0, "x3": 0.0, "x4": 3.5182487877874045, "x5": 12.389499558936233, "x6": 3.0314412297096434, "x7": -1.8041264314320447, "x8": 0.3953818782819026, "x9": 2.500143706041444}, "datetime": {"datetime": "2025-05-18 01:41:05", "elapsed": 2193.941835, "delta": 15.857683}}
{"target": 6.039316890634239, "params": {"x0": 0.8, "x1": 0.9, "x2": 0.0, "x3": 0.0, "x4": 3.518142941205544, "x5": 12.389104995048095, "x6": 3.03146731079545, "x7": -1.804065893606154, "x8": 0.3953676203018906, "x9": 2.5001290618914127}, "datetime": {"datetime": "2025-05-18 01:41:21", "elapsed": 2209.660221, "delta": 15.718386}}
{"target": 6.039316890634239, "params": {"x0": 0.8, "x1": 0.9, "x2": 0.0, "x3": 0.0, "x4": 3.518047679281869, "x5": 12.38874988754877, "x6": 3.0314907837726763, "x7": -1.804011409562852, "x8": 0.39535478811987984, "x9": 2.5001158821563845}, "datetime": {"datetime": "2025-05-18 01:41:37", "elapsed": 2225.386651, "delta": 15.72643}}
{"target": 6.039316890634239, "params": {"x0": 0.8, "x1": 0.9, "x2": 0.0, "x3": 0.0, "x4": 3.517961943550562, "x5": 12.38267754931032, "x6": 3.03151190945218, "x7": -1.8039623739238806, "x8": 0.39534323915607017, "x9": 2.500104020394859}, "datetime": {"datetime": "2025-05-18 01:41:52", "elapsed": 2241.174654, "delta": 15.788003}}
{"target": 6.039316890634239, "params": {"x0": 0.8, "x1": 0.9, "x2": 0.0, "x3": 0.0, "x4": 3.517884781392385, "x5": 12.388142653724925, "x6": 3.03187315857169, "x7": -1.8039182418488062, "x8": 0.3953328450886414, "x9": 2.5000933448094864}, "datetime": {"datetime": "2025-05-18 01:42:08", "elapsed": 2256.852137, "delta": 15.677483}}
{"target": 6.039316890634239, "params": {"x0": 0.8, "x1": 0.9, "x2": 0.0, "x3": 0.0, "x4": 3.517815335450026, "x5": 12.387883780357917, "x6": 3.0315480343641306, "x7": -1.8038785229812393, "x8": 0.39532349042795556, "x9": 2.500083736782651}, "datetime": {"datetime": "2025-05-18 01:42:24", "elapsed": 2272.72611, "delta": 15.873973}}
{"target": 6.039316890634239, "params": {"x0": 0.8, "x1": 0.9, "x2": 0.0, "x3": 0.0, "x4": 3.5177528341019033, "x5": 12.38765079432761, "x6": 3.0318406461509344, "x7": -1.803842776000429, "x8": 0.3953150712333383, "x9": 2.5000750895584987}, "datetime": {"datetime": "2025-05-18 01:42:40", "elapsed": 2288.400671, "delta": 15.674561}}
{"target": 6.039316890634239, "params": {"x0": 0.8, "x1": 0.9, "x2": 0.0, "x3": 0.0, "x4": 3.5176965828885924, "x5": 12.383666733209362, "x6": 3.031577295542811, "x7": -1.8038106037176997, "x8": 0.39530749395818277, "x9": 2.500067307056762}, "datetime": {"datetime": "2025-05-18 01:42:55", "elapsed": 2303.806113, "delta": 15.405442}}
{"target": 6.039316890634239, "params": {"x0": 0.8, "x1": 0.9, "x2": 0.0, "x3": 0.0, "x4": 3.517645956796613, "x5": 12.387252388215785, "x6": 3.031589770045301, "x7": -1.8037816486632434, "x8": 0.3953006744105428, "x9": 2.500060302805199}, "datetime": {"datetime": "2025-05-18 01:43:11", "elapsed": 2319.318075, "delta": 15.511962}}
{"target": 6.039316890634239, "params": {"x0": 0.8, "x1": 0.9, "x2": 0.0, "x3": 0.0, "x4": 3.517600393313831, "x5": 12.38708254139969, "x6": 3.0316009970975424, "x7": -1.8037555891142327, "x8": 0.39529453681766674, "x9": 2.500053998978792}, "datetime": {"datetime": "2025-05-18 01:43:26", "elapsed": 2335.193103, "delta": 15.875028}}
{"target": 6.039316890634239, "params": {"x0": 0.8, "x1": 0.9, "x2": 0.0, "x3": 0.0, "x4": 3.517559386179328, "x5": 12.386929679265208, "x6": 3.031792979690864, "x7": -1.8037321355201232, "x8": 0.39528901298407837, "x9": 2.500048325535026}, "datetime": {"datetime": "2025-05-18 01:43:42", "elapsed": 2351.020869, "delta": 15.827766}}
{"target": 6.039316890634239, "params": {"x0": 0.8, "x1": 0.9, "x2": 0.0, "x3": 0.0, "x4": 3.5175224797582745, "x5": 12.384315736765524, "x6": 3.0316201953568744, "x7": -1.8037110272854247, "x8": 0.39528404153384883, "x9": 2.5000432194356366}, "datetime": {"datetime": "2025-05-18 01:43:58", "elapsed": 2366.40492, "delta": 15.384051}}
{"target": 6.039316890634239, "params": {"x0": 0.8, "x1": 0.9, "x2": 0.0, "x3": 0.0, "x4": 3.5174892639793267, "x5": 12.386668285015238, "x6": 3.031775701257465, "x7": -1.8036920298741959, "x8": 0.3952795672286422, "x9": 2.500038623946186}, "datetime": {"datetime": "2025-05-18 01:44:14", "elapsed": 2382.536269, "delta": 16.131349}}
{"target": 6.039316890634239, "params": {"x0": 0.8, "x1": 0.9, "x2": 0.0, "x3": 0.0, "x4": 3.517459369778274, "x5": 12.3865568485192, "x6": 3.0316357459469336, "x7": -1.80367493220409, "x8": 0.3952755403539563, "x9": 2.50003448800568}, "datetime": {"datetime": "2025-05-18 01:44:29", "elapsed": 2398.295861, "delta": 15.759592}}
{"target": 6.039316890634239, "params": {"x0": 0.8, "x1": 0.9, "x2": 0.0, "x3": 0.0, "x4": 3.517432464997326, "x5": 12.38465128443693, "x6": 3.031642375409011, "x7": -1.8036595443009946, "x8": 0.39527191616673896, "x9": 2.5000307656592256}, "datetime": {"datetime": "2025-05-18 01:44:46", "elapsed": 2414.481976, "delta": 16.186115}}
{"target": 6.039316890634239, "params": {"x0": 0.8, "x1": 0.9, "x2": 0.0, "x3": 0.0, "x4": 3.5174082506944733, "x5": 12.386366292110973, "x6": 3.0317557392105416, "x7": -1.8036456951882087, "x8": 0.3952686543982433, "x9": 2.500027415547416}, "datetime": {"datetime": "2025-05-18 01:45:01", "elapsed": 2429.93039, "delta": 15.448414}}
{"target": 6.039316890634239, "params": {"x0": 0.8, "x1": 0.9, "x2": 0.0, "x3": 0.0, "x4": 3.5173864578219054, "x5": 12.384822785204335, "x6": 3.0316537117891644, "x7": -1.8036332309867016, "x8": 0.3952657188065973, "x9": 2.5000244004467875}, "datetime": {"datetime": "2025-05-18 01:45:17", "elapsed": 2445.668145, "delta": 15.737755}}
{"target": 6.039316890634239, "params": {"x0": 0.8, "x1": 0.9, "x2": 0.0, "x3": 0.0, "x4": 3.5173668442365944, "x5": 12.38621194142031, "x6": 3.031745536468404, "x7": -1.803622013205345, "x8": 0.3952630767741158, "x9": 2.500021686856222}, "datetime": {"datetime": "2025-05-18 01:45:33", "elapsed": 2461.333487, "delta": 15.665342}}
{"target": 6.039316890634239, "params": {"x0": 0.8, "x1": 0.9, "x2": 0.0, "x3": 0.0, "x4": 3.5173491920098146, "x5": 12.384961700825933, "x6": 3.0316628942570882, "x7": -1.8036119172021243, "x8": 0.3952606989448825, "x9": 2.5000192446247125}, "datetime": {"datetime": "2025-05-18 01:45:49", "elapsed": 2477.427772, "delta": 16.094285}}
{"target": 6.039316890634239, "params": {"x0": 0.8, "x1": 0.9, "x2": 0.0, "x3": 0.0, "x4": 3.517333305005713, "x5": 12.385020922748824, "x6": 3.0316668088881507, "x7": -1.8036028307992256, "x8": 0.3952585588985726, "x9": 2.5000170466163545}, "datetime": {"datetime": "2025-05-18 01:46:04", "elapsed": 2493.215807, "delta": 15.788035}}
{"target": 6.039316890634239, "params": {"x0": 0.8, "x1": 0.9, "x2": 0.0, "x3": 0.0, "x4": 3.5173190067020212, "x5": 12.385074222479426, "x6": 3.0316703320561067, "x7": -1.8035946530366167, "x8": 0.3952566328568936, "x9": 2.5000150684088323}, "datetime": {"datetime": "2025-05-18 01:46:21", "elapsed": 2509.599365, "delta": 16.383558}}
{"target": 6.039316890634239, "params": {"x0": 0.8, "x1": 0.9, "x2": 0.0, "x3": 0.0, "x4": 3.5173061382286988, "x5": 12.385985647872728, "x6": 3.031730578228156, "x7": -1.8035872930502685, "x8": 0.3952548994193825, "x9": 2.500013288022062}, "datetime": {"datetime": "2025-05-18 01:46:37", "elapsed": 2526.264938, "delta": 16.665573}}
{"target": 6.039316890634239, "params": {"x0": 0.8, "x1": 0.9, "x2": 0.0, "x3": 0.0, "x4": 3.5172945566027085, "x5": 12.385165365018757, "x6": 3.031676356673312, "x7": -1.8035806690625553, "x8": 0.39525333932562257, "x9": 2.500011685673969}, "datetime": {"datetime": "2025-05-18 01:46:53", "elapsed": 2542.107817, "delta": 15.842879}}
{"target": 6.039316890634239, "params": {"x0": 0.8, "x1": 0.9, "x2": 0.0, "x3": 0.0, "x4": 3.5172841331393174, "x5": 12.385204229183907, "x6": 3.0316789250627516, "x7": -1.8035747074736135, "x8": 0.3952519352412386, "x9": 2.500010243560685}, "datetime": {"datetime": "2025-05-18 01:47:09", "elapsed": 2558.099119, "delta": 15.991302}}
{"target": 6.039316890634239, "params": {"x0": 0.8, "x1": 0.9, "x2": 0.0, "x3": 0.0, "x4": 3.5172747520222654, "x5": 12.385239195949831, "x6": 3.0316812366132475, "x7": -1.803569342043566, "x8": 0.39525067156529303, "x9": 2.5000089456587298}, "datetime": {"datetime": "2025-05-18 01:47:25", "elapsed": 2573.961846, "delta": 15.862727}}
{"target": 6.039316890634239, "params": {"x0": 0.8, "x1": 0.9, "x2": 0.0, "x3": 0.0, "x4": 3.517266309016918, "x5": 12.385270664843473, "x6": 3.031720764126729, "x7": -1.803564513156523, "x8": 0.395249534256942, "x9": 2.5000077775469696}, "datetime": {"datetime": "2025-05-18 01:47:41", "elapsed": 2589.933824, "delta": 15.971978}}
{"target": 6.039316890634239, "params": {"x0": 0.8, "x1": 0.9, "x2": 0.0, "x3": 0.0, "x4": 3.517258710312106, "x5": 12.385298989095668, "x6": 3.0317188917708275, "x7": -1.8035601671581842, "x8": 0.39524851067942607, "x9": 2.5000067262463856}, "datetime": {"datetime": "2025-05-18 01:47:57", "elapsed": 2606.102978, "delta": 16.169154}}
{"target": 6.039316890634239, "params": {"x0": 0.8, "x1": 0.9, "x2": 0.0, "x3": 0.0, "x4": 3.517251871477775, "x5": 12.385324484684713, "x6": 3.031717206650516, "x7": -1.8035562557596796, "x8": 0.39524758945966176, "x9": 2.50000578007586}, "datetime": {"datetime": "2025-05-18 01:48:13", "elapsed": 2622.189599, "delta": 16.086621}}
{"target": 6.039316890634239, "params": {"x0": 0.8, "x1": 0.9, "x2": 0.0, "x3": 0.0, "x4": 3.5172457165268773, "x5": 12.385347438856838, "x6": 3.0317156900422355, "x7": -1.8035527355010252, "x8": 0.3952467603618739, "x9": 2.5000049285223875}, "datetime": {"datetime": "2025-05-18 01:48:30", "elapsed": 2638.443636, "delta": 16.254037}}
{"target": 6.039316890634239, "params": {"x0": 0.8, "x1": 0.9, "x2": 0.0, "x3": 0.0, "x4": 3.517240177071069, "x5": 12.385368075385607, "x6": 3.031714325094783, "x7": -1.8035495672682365, "x8": 0.3952460141738648, "x9": 2.5000041621242617}, "datetime": {"datetime": "2025-05-18 01:48:46", "elapsed": 2654.663305, "delta": 16.219669}}
{"target": 6.039316890634239, "params": {"x0": 0.8, "x1": 0.9, "x2": 0.0, "x3": 0.0, "x4": 3.5172351915608417, "x5": 12.38538665985253, "x6": 3.031713096642076, "x7": -1.8035467158587264, "x8": 0.3952453426046566, "x9": 2.5000034723659486}, "datetime": {"datetime": "2025-05-18 01:49:01", "elapsed": 2670.266876, "delta": 15.603571}}
{"target": 6.039316890634239, "params": {"x0": 0.8, "x1": 0.9, "x2": 0.0, "x3": 0.0, "x4": 3.517230704601637, "x5": 12.385403389273623, "x6": 3.0317119910346393, "x7": -1.8035441495901674, "x8": 0.3952447381923692, "x9": 2.5000028515834667}, "datetime": {"datetime": "2025-05-18 01:49:18", "elapsed": 2686.437886, "delta": 16.17101}}
{"target": 6.039316890634239, "params": {"x0": 0.8, "x1": 0.9, "x2": 0.0, "x3": 0.0, "x4": 3.5172266663383533, "x5": 12.385418439399036, "x6": 3.0317109959879467, "x7": -1.8035418399484644, "x8": 0.3952441942213106, "x9": 2.500002292879233}, "datetime": {"datetime": "2025-05-18 01:49:34", "elapsed": 2702.705214, "delta": 16.267328}}
{"target": 6.039316890634239, "params": {"x0": 0.8, "x1": 0.9, "x2": 0.0, "x3": 0.0, "x4": 3.5172230319013975, "x5": 12.385431987367358, "x6": 3.031710100445923, "x7": -1.8035397612709316, "x8": 0.3952437046473578, "x9": 2.500001790045423}, "datetime": {"datetime": "2025-05-18 01:49:50", "elapsed": 2719.097982, "delta": 16.392768}}
{"target": 6.039316890634239, "params": {"x0": 0.8, "x1": 0.9, "x2": 0.0, "x3": 0.0, "x4": 3.5172197609081373, "x5": 12.385444180636107, "x6": 3.031709294458102, "x7": -1.803537890461152, "x8": 0.3952432640308003, "x9": 2.500001337494994}, "datetime": {"datetime": "2025-05-18 01:50:06", "elapsed": 2734.784697, "delta": 15.686715}}
{"target": 6.039316890634239, "params": {"x0": 0.8, "x1": 0.9, "x2": 0.0, "x3": 0.0, "x4": 3.5172168170142033, "x5": 12.385455154577981, "x6": 3.031708569069063, "x7": -1.8035362067323506, "x8": 0.39524286747589854, "x9": 2.5000009301996076}, "datetime": {"datetime": "2025-05-18 01:50:22", "elapsed": 2751.018604, "delta": 16.233907}}
{"target": 6.039316890634239, "params": {"x0": 0.8, "x1": 0.9, "x2": 0.0, "x3": 0.0, "x4": 3.5172141675096626, "x5": 12.385465031125669, "x6": 3.0317079162189278, "x7": -1.8035346913764292, "x8": 0.39524251057648696, "x9": 2.5000005636337597}, "datetime": {"datetime": "2025-05-18 01:50:38", "elapsed": 2766.790819, "delta": 15.772215}}
{"target": 6.039316890634239, "params": {"x0": 0.8, "x1": 0.9, "x2": 0.0, "x3": 0.0, "x4": 3.517211782955576, "x5": 12.385473920018587, "x6": 3.0317073286538063, "x7": -1.8035333275560999, "x8": 0.39524218936701655, "x9": 2.500000233724497}, "datetime": {"datetime": "2025-05-18 01:50:54", "elapsed": 2782.79786, "delta": 16.007041}}
{"target": 6.041615201816265, "params": {"x0": 0.8, "x1": 0.9, "x2": 0.0, "x3": 0.0, "x4": 3.517209636856898, "x5": 12.385481920022212, "x6": 3.0317067998451965, "x7": -1.8035321001178037, "x8": 0.3952419002784932, "x9": 2.4999999368061605}, "datetime": {"datetime": "2025-05-18 01:51:10", "elapsed": 2798.889423, "delta": 16.091563}}
{"target": 6.041615201816265, "params": {"x0": 0.8, "x1": 0.9, "x2": 0.0, "x3": 0.0, "x4": 3.517207705368088, "x5": 12.385489120025476, "x6": 3.031706323917448, "x7": -1.803530995423337, "x8": 0.3952416400988222, "x9": 2.4999996695796574}, "datetime": {"datetime": "2025-05-18 01:51:26", "elapsed": 2815.170948, "delta": 16.281525}}
{"target": 6.041615201816265, "params": {"x0": 0.8, "x1": 0.9, "x2": 0.0, "x3": 0.0, "x4": 3.5172059670281586, "x5": 12.385495600028413, "x6": 3.0317058955824745, "x7": -1.8035300011983169, "x8": 0.39524140593711826, "x9": 2.4999994290758045}, "datetime": {"datetime": "2025-05-18 01:51:42", "elapsed": 2831.030443, "delta": 15.859495}}
{"target": 6.041615201816265, "params": {"x0": 0.8, "x1": 0.9, "x2": 0.0, "x3": 0.0, "x4": 3.5172044025222227, "x5": 12.385501432031056, "x6": 3.031705510080998, "x7": -1.803529106395799, "x8": 0.3952411951915847, "x9": 2.4999992126223374}, "datetime": {"datetime": "2025-05-18 01:51:58", "elapsed": 2846.96178, "delta": 15.931337}}
{"target": 6.041615201816265, "params": {"x0": 0.8, "x1": 0.9, "x2": 0.0, "x3": 0.0, "x4": 3.5172029944668797, "x5": 12.385506680833435, "x6": 3.0317051631296694, "x7": -1.8035283010735328, "x8": 0.39524100552060454, "x9": 2.4999990178142166}, "datetime": {"datetime": "2025-05-18 01:52:15", "elapsed": 2863.521369, "delta": 16.559589}}
{"target": 6.041615201816265, "params": {"x0": 0.8, "x1": 0.9, "x2": 0.0, "x3": 0.0, "x4": 3.5172017272170715, "x5": 12.385511405364706, "x6": 3.031704850873474, "x7": -1.803527576283493, "x8": 0.39524083481672234, "x9": 2.499998842486908}, "datetime": {"datetime": "2025-05-18 01:52:31", "elapsed": 2879.654378, "delta": 16.133009}}
{"target": 6.041615201816265, "params": {"x0": 0.8, "x1": 0.9, "x2": 0.0, "x3": 0.0, "x4": 3.517200586692244, "x5": 12.385515656285504, "x6": 3.0317045698428977, "x7": -1.8035269239724574, "x8": 0.3952406811832284, "x9": 2.4999986846923306}, "datetime": {"datetime": "2025-05-18 01:52:47", "elapsed": 2895.406288, "delta": 15.75191}}
{"target": 6.041615201816265, "params": {"x0": 0.8, "x1": 0.9, "x2": 0.0, "x3": 0.0, "x4": 3.517199560219899, "x5": 12.385588352400193, "x6": 3.0316997648048702, "x7": -1.8035263368925254, "x8": 0.39524054291308386, "x9": 2.4999985426772104}, "datetime": {"datetime": "2025-05-18 01:53:03", "elapsed": 2911.309635, "delta": 15.903347}}
{"target": 6.041615201816265, "params": {"x0": 0.8, "x1": 0.9, "x2": 0.0, "x3": 0.0, "x4": 3.517198636394789, "x5": 12.385584913708017, "x6": 3.031699991854811, "x7": -1.8035258085205865, "x8": 0.3952404184699537, "x9": 2.4999984148636023}, "datetime": {"datetime": "2025-05-18 01:53:18", "elapsed": 2927.271217, "delta": 15.961582}}
{"target": 6.041615201816265, "params": {"x0": 0.8, "x1": 0.9, "x2": 0.0, "x3": 0.0, "x4": 3.5171978049521897, "x5": 12.38558181077815, "x6": 3.031700196726101, "x7": -1.8035253329858416, "x8": 0.39524030647113667, "x9": 2.4999982998313555}, "datetime": {"datetime": "2025-05-18 01:53:35", "elapsed": 2943.770344, "delta": 16.499127}}
{"target": 6.041615201816265, "params": {"x0": 0.8, "x1": 0.9, "x2": 0.0, "x3": 0.0, "x4": 3.5171970566538504, "x5": 12.385579024913914, "x6": 3.031700381110262, "x7": -1.803524905004571, "x8": 0.39524020567220125, "x9": 2.4999981963023328}, "datetime": {"datetime": "2025-05-18 01:53:51", "elapsed": 2960.18459, "delta": 16.414246}}
