{"target": 6.041615201816265, "params": {"x0": 0.8, "x1": 0.9000000000000001, "x2": 5.086295565995978e-17, "x3": 9.630999261173958e-17, "x4": 3.5171903219687968, "x5": 12.38555392005485, "x6": 3.0317020405677115, "x7": -1.803521053173137, "x8": 0.3952392984817828, "x9": 2.499997264541131}, "datetime": {"datetime": "2025-05-18 02:54:35", "elapsed": 6603.81656, "delta": 17.475757}}
{"target": 6.041615201816265, "params": {"x0": 0.8, "x1": 0.9000000000000001, "x2": 1.1523943000904752e-16, "x3": 6.284865154675097e-17, "x4": 3.5171903219687963, "x5": 12.385553920054848, "x6": 3.0317020405677115, "x7": -1.8035210531731365, "x8": 0.3952392984817828, "x9": 2.499997264541131}, "datetime": {"datetime": "2025-05-18 02:54:53", "elapsed": 6621.363687, "delta": 17.547127}}
{"target": 6.041615201816265, "params": {"x0": 0.8, "x1": 0.9, "x2": 8.449515472556388e-17, "x3": 2.6991611389844748e-17, "x4": 3.5171903219687963, "x5": 12.385553920054848, "x6": 3.0317020405677115, "x7": -1.8035210531731365, "x8": 0.39523929848178285, "x9": 2.499997264541131}, "datetime": {"datetime": "2025-05-18 02:55:10", "elapsed": 6638.689421, "delta": 17.325734}}
{"target": 6.041615201816265, "params": {"x0": 0.8, "x1": 0.9, "x2": 8.413170599931173e-17, "x3": 4.106511388175658e-17, "x4": 3.5171903219687963, "x5": 12.385553920054846, "x6": 3.0317020405677115, "x7": -1.8035210531731365, "x8": 0.39523929848178285, "x9": 2.499997264541131}, "datetime": {"datetime": "2025-05-18 02:55:28", "elapsed": 6656.60211, "delta": 17.912689}}
{"target": 6.041615201816265, "params": {"x0": 0.8, "x1": 0.9000000000000001, "x2": 8.173524036141855e-17, "x3": 4.205246761967268e-17, "x4": 3.5171903219687968, "x5": 12.385553920054848, "x6": 3.0317020405677115, "x7": -1.8035210531731365, "x8": 0.3952392984817828, "x9": 2.499997264541131}, "datetime": {"datetime": "2025-05-18 02:55:45", "elapsed": 6673.595649, "delta": 16.993539}}
{"target": 6.041615201816265, "params": {"x0": 0.8, "x1": 0.9, "x2": 5.200618278477619e-17, "x3": 2.7740132189350646e-17, "x4": 3.517190321968796, "x5": 12.385553920054846, "x6": 3.0317020405677115, "x7": -1.8035210531731365, "x8": 0.39523929848178285, "x9": 2.499997264541131}, "datetime": {"datetime": "2025-05-18 02:56:02", "elapsed": 6690.890156, "delta": 17.294507}}
{"target": 6.041615201816265, "params": {"x0": 0.8, "x1": 0.9000000000000001, "x2": 6.86003118146982e-17, "x3": 6.527045134517408e-17, "x4": 3.5171903219687963, "x5": 12.385553920054848, "x6": 3.0317020405677115, "x7": -1.803521053173137, "x8": 0.39523929848178285, "x9": 2.499997264541131}, "datetime": {"datetime": "2025-05-18 02:56:19", "elapsed": 6708.005214, "delta": 17.115058}}
{"target": 6.041615201816265, "params": {"x0": 0.8, "x1": 0.9, "x2": 3.879914600947305e-17, "x3": 5.081271368336351e-17, "x4": 3.5171903219687963, "x5": 12.38555392005485, "x6": 3.0317020405677115, "x7": -1.8035210531731367, "x8": 0.3952392984817829, "x9": 2.499997264541131}, "datetime": {"datetime": "2025-05-18 02:56:36", "elapsed": 6725.264859, "delta": 17.259645}}
{"target": 6.041615201816265, "params": {"x0": 0.8, "x1": 0.9000000000000001, "x2": 1.3110015173822409e-17, "x3": 6.8453284031230175e-18, "x4": 3.5171903219687968, "x5": 12.385553920054848, "x6": 3.0317020405677115, "x7": -1.8035210531731367, "x8": 0.39523929848178285, "x9": 2.499997264541131}, "datetime": {"datetime": "2025-05-18 02:56:54", "elapsed": 6742.607965, "delta": 17.343106}}
{"target": 6.041615201816265, "params": {"x0": 0.8, "x1": 0.9, "x2": 3.788980562189509e-17, "x3": 5.950544262245258e-17, "x4": 3.5171903219687963, "x5": 12.385553920054848, "x6": 3.0317020405677115, "x7": -1.8035210531731365, "x8": 0.39523929848178285, "x9": 2.499997264541131}, "datetime": {"datetime": "2025-05-18 02:57:11", "elapsed": 6760.042417, "delta": 17.434452}}
{"target": 6.041615201816265, "params": {"x0": 0.8, "x1": 0.9, "x2": 4.412756139153435e-17, "x3": 4.0307074501178646e-17, "x4": 3.5171903219687963, "x5": 12.385553920054848, "x6": 3.0317020405677115, "x7": -1.8035210531731367, "x8": 0.39523929848178285, "x9": 2.499997264541131}, "datetime": {"datetime": "2025-05-18 02:57:28", "elapsed": 6776.977967, "delta": 16.93555}}
{"target": 6.041615201816265, "params": {"x0": 0.8, "x1": 0.9, "x2": 2.8416948419478744e-18, "x3": 4.1156422740436055e-17, "x4": 3.5171903219687963, "x5": 12.385553920054848, "x6": 3.0317020405677115, "x7": -1.8035210531731367, "x8": 0.39523929848178285, "x9": 2.499997264541131}, "datetime": {"datetime": "2025-05-18 02:57:45", "elapsed": 6794.243099, "delta": 17.265132}}
{"target": 6.041615201816265, "params": {"x0": 0.8, "x1": 0.9, "x2": 2.4906088342555354e-17, "x3": 3.0381513292135256e-17, "x4": 3.5171903219687963, "x5": 12.385553920054848, "x6": 3.0317020405677115, "x7": -1.8035210531731367, "x8": 0.39523929848178285, "x9": 2.499997264541131}, "datetime": {"datetime": "2025-05-18 02:58:03", "elapsed": 6811.394664, "delta": 17.151565}}
{"target": 6.041615201816265, "params": {"x0": 0.8, "x1": 0.9, "x2": 3.472898985975564e-17, "x3": 3.108050408096146e-17, "x4": 3.5171903219687963, "x5": 12.385553920054848, "x6": 3.0317020405677115, "x7": -1.8035210531731367, "x8": 0.39523929848178285, "x9": 2.499997264541131}, "datetime": {"datetime": "2025-05-18 02:58:19", "elapsed": 6828.17855, "delta": 16.783886}}
{"target": 6.041615201816265, "params": {"x0": 0.8, "x1": 0.9, "x2": 3.554248908417529e-18, "x3": 1.7665744095499298e-17, "x4": 3.5171903219687963, "x5": 12.385553920054848, "x6": 3.0317020405677115, "x7": -1.8035210531731367, "x8": 0.39523929848178285, "x9": 2.499997264541131}, "datetime": {"datetime": "2025-05-18 02:58:37", "elapsed": 6845.389513, "delta": 17.210963}}
{"target": 6.041615201816265, "params": {"x0": 0.8, "x1": 0.9, "x2": 1.9162984091708745e-17, "x3": 2.1869547800933915e-17, "x4": 3.5171903219687963, "x5": 12.385553920054848, "x6": 3.0317020405677115, "x7": -1.8035210531731367, "x8": 0.39523929848178285, "x9": 2.499997264541131}, "datetime": {"datetime": "2025-05-18 02:58:55", "elapsed": 6863.524845, "delta": 18.135332}}
{"target": 6.041615201816265, "params": {"x0": 0.8, "x1": 0.9, "x2": 1.3009254151393723e-17, "x3": 2.353207259219924e-17, "x4": 3.5171903219687963, "x5": 12.385553920054848, "x6": 3.0317020405677115, "x7": -1.8035210531731367, "x8": 0.39523929848178285, "x9": 2.499997264541131}, "datetime": {"datetime": "2025-05-18 02:59:12", "elapsed": 6880.738748, "delta": 17.213903}}
{"target": 6.041615201816265, "params": {"x0": 0.8, "x1": 0.9, "x2": 1.8175159177771163e-17, "x3": 1.973602825993794e-17, "x4": 3.5171903219687963, "x5": 12.385553920054848, "x6": 3.0317020405677115, "x7": -1.8035210531731367, "x8": 0.39523929848178285, "x9": 2.499997264541131}, "datetime": {"datetime": "2025-05-18 02:59:29", "elapsed": 6898.088014, "delta": 17.349266}}
{"target": 6.041615201816265, "params": {"x0": 0.8, "x1": 0.9, "x2": 1.7566821955550815e-17, "x3": 3.9413981828527716e-18, "x4": 3.5171903219687963, "x5": 12.385553920054848, "x6": 3.0317020405677115, "x7": -1.8035210531731367, "x8": 0.39523929848178285, "x9": 2.499997264541131}, "datetime": {"datetime": "2025-05-18 02:59:48", "elapsed": 6916.884039, "delta": 18.796025}}
{"target": 6.041615201816265, "params": {"x0": 0.8, "x1": 0.9, "x2": 7.17527925561765e-18, "x3": 2.0268043929954717e-17, "x4": 3.5171903219687963, "x5": 12.385553920054848, "x6": 3.0317020405677115, "x7": -1.8035210531731367, "x8": 0.39523929848178285, "x9": 2.499997264541131}, "datetime": {"datetime": "2025-05-18 03:00:05", "elapsed": 6934.276872, "delta": 17.392833}}
{"target": 6.041615201816265, "params": {"x0": 0.8, "x1": 0.9, "x2": 5.5425806453714605e-18, "x3": 1.2730488365421319e-17, "x4": 3.5171903219687963, "x5": 12.385553920054848, "x6": 3.0317020405677115, "x7": -1.8035210531731367, "x8": 0.39523929848178285, "x9": 2.499997264541131}, "datetime": {"datetime": "2025-05-18 03:00:23", "elapsed": 6952.111739, "delta": 17.834867}}
{"target": 6.041615201816265, "params": {"x0": 0.8, "x1": 0.9, "x2": 1.2963726607867192e-18, "x3": 9.800628539334698e-18, "x4": 3.5171903219687963, "x5": 12.385553920054848, "x6": 3.0317020405677115, "x7": -1.8035210531731367, "x8": 0.39523929848178285, "x9": 2.499997264541131}, "datetime": {"datetime": "2025-05-18 03:00:41", "elapsed": 6970.05196, "delta": 17.940221}}
{"target": 6.041615201816265, "params": {"x0": 0.8, "x1": 0.9, "x2": 7.065485392758562e-18, "x3": 7.289782325948979e-18, "x4": 3.5171903219687963, "x5": 12.385553920054848, "x6": 3.0317020405677115, "x7": -1.8035210531731367, "x8": 0.39523929848178285, "x9": 2.499997264541131}, "datetime": {"datetime": "2025-05-18 03:01:00", "elapsed": 6988.457556, "delta": 18.405596}}
{"target": 6.041615201816265, "params": {"x0": 0.8, "x1": 0.9, "x2": 9.185729336534635e-19, "x3": 2.7290613843172583e-18, "x4": 3.5171903219687963, "x5": 12.385553920054848, "x6": 3.0317020405677115, "x7": -1.8035210531731367, "x8": 0.39523929848178285, "x9": 2.499997264541131}, "datetime": {"datetime": "2025-05-18 03:01:17", "elapsed": 7006.081743, "delta": 17.624187}}
{"target": 6.041615201816265, "params": {"x0": 0.8, "x1": 0.9, "x2": 9.0509939315105e-18, "x3": 2.7572378383295285e-18, "x4": 3.5171903219687963, "x5": 12.385553920054848, "x6": 3.0317020405677115, "x7": -1.8035210531731367, "x8": 0.39523929848178285, "x9": 2.499997264541131}, "datetime": {"datetime": "2025-05-18 03:01:34", "elapsed": 7022.964284, "delta": 16.882541}}
{"target": 6.041615201816265, "params": {"x0": 0.8, "x1": 0.9, "x2": 1.693729746245122e-18, "x3": 8.202707528986027e-19, "x4": 3.5171903219687963, "x5": 12.385553920054848, "x6": 3.0317020405677115, "x7": -1.8035210531731367, "x8": 0.39523929848178285, "x9": 2.499997264541131}, "datetime": {"datetime": "2025-05-18 03:01:53", "elapsed": 7041.404399, "delta": 18.440115}}
{"target": 6.041615201816265, "params": {"x0": 0.8, "x1": 0.9, "x2": 7.517408174452254e-18, "x3": 6.077541601628184e-18, "x4": 3.5171903219687963, "x5": 12.385553920054848, "x6": 3.0317020405677115, "x7": -1.8035210531731367, "x8": 0.39523929848178285, "x9": 2.499997264541131}, "datetime": {"datetime": "2025-05-18 03:02:10", "elapsed": 7059.064077, "delta": 17.659678}}
{"target": 6.041615201816265, "params": {"x0": 0.8, "x1": 0.9, "x2": 7.925816027552953e-18, "x3": 8.097424501393724e-19, "x4": 3.5171903219687963, "x5": 12.385553920054848, "x6": 3.0317020405677115, "x7": -1.8035210531731367, "x8": 0.39523929848178285, "x9": 2.499997264541131}, "datetime": {"datetime": "2025-05-18 03:02:28", "elapsed": 7076.862995, "delta": 17.798918}}
{"target": 6.041615201816265, "params": {"x0": 0.8, "x1": 0.9, "x2": 2.9403676046789304e-18, "x3": 8.080727056877113e-18, "x4": 3.5171903219687963, "x5": 12.385553920054848, "x6": 3.0317020405677115, "x7": -1.8035210531731367, "x8": 0.39523929848178285, "x9": 2.499997264541131}, "datetime": {"datetime": "2025-05-18 03:02:46", "elapsed": 7095.008765, "delta": 18.14577}}
{"target": 6.041615201816265, "params": {"x0": 0.8, "x1": 0.9, "x2": 3.113981006095743e-19, "x3": 4.433863687971126e-18, "x4": 3.5171903219687963, "x5": 12.385553920054848, "x6": 3.0317020405677115, "x7": -1.8035210531731367, "x8": 0.39523929848178285, "x9": 2.499997264541131}, "datetime": {"datetime": "2025-05-18 03:03:04", "elapsed": 7112.980937, "delta": 17.972172}}
{"target": 6.041615201816265, "params": {"x0": 0.8, "x1": 0.9, "x2": 4.847471146159029e-18, "x3": 2.1188933033590367e-18, "x4": 3.5171903219687963, "x5": 12.385553920054848, "x6": 3.0317020405677115, "x7": -1.8035210531731367, "x8": 0.39523929848178285, "x9": 2.499997264541131}, "datetime": {"datetime": "2025-05-18 03:03:22", "elapsed": 7130.650078, "delta": 17.669141}}
{"target": 6.041615201816265, "params": {"x0": 0.8, "x1": 0.9, "x2": 3.8985421935159186e-18, "x3": 4.230587882599436e-19, "x4": 3.5171903219687963, "x5": 12.385553920054848, "x6": 3.0317020405677115, "x7": -1.8035210531731367, "x8": 0.39523929848178285, "x9": 2.499997264541131}, "datetime": {"datetime": "2025-05-18 03:03:39", "elapsed": 7147.879681, "delta": 17.229603}}
{"target": 6.041615201816265, "params": {"x0": 0.8, "x1": 0.9, "x2": 2.0309573598418463e-18, "x3": 2.321787962967542e-18, "x4": 3.5171903219687963, "x5": 12.385553920054848, "x6": 3.0317020405677115, "x7": -1.8035210531731367, "x8": 0.39523929848178285, "x9": 2.499997264541131}, "datetime": {"datetime": "2025-05-18 03:03:56", "elapsed": 7165.048625, "delta": 17.168944}}
{"target": 6.041615201816265, "params": {"x0": 0.8, "x1": 0.9, "x2": 2.3845356667850004e-18, "x3": 6.48816942349217e-19, "x4": 3.5171903219687963, "x5": 12.385553920054848, "x6": 3.0317020405677115, "x7": -1.8035210531731367, "x8": 0.39523929848178285, "x9": 2.499997264541131}, "datetime": {"datetime": "2025-05-18 03:04:14", "elapsed": 7182.514889, "delta": 17.466264}}
{"target": 6.041615201816265, "params": {"x0": 0.8, "x1": 0.9, "x2": 2.1418438648789527e-18, "x3": 2.1658391445762698e-18, "x4": 3.5171903219687963, "x5": 12.385553920054848, "x6": 3.0317020405677115, "x7": -1.8035210531731367, "x8": 0.39523929848178285, "x9": 2.499997264541131}, "datetime": {"datetime": "2025-05-18 03:04:31", "elapsed": 7200.164279, "delta": 17.64939}}
{"target": 6.041615201816265, "params": {"x0": 0.8, "x1": 0.9, "x2": 1.3579283279294919e-18, "x3": 3.5256722327257113e-19, "x4": 3.5171903219687963, "x5": 12.385553920054848, "x6": 3.0317020405677115, "x7": -1.8035210531731367, "x8": 0.39523929848178285, "x9": 2.499997264541131}, "datetime": {"datetime": "2025-05-18 03:04:50", "elapsed": 7218.634767, "delta": 18.470488}}
{"target": 6.041615201816265, "params": {"x0": 0.8, "x1": 0.9, "x2": 1.3592017868502805e-18, "x3": 2.3481268830204482e-18, "x4": 3.5171903219687963, "x5": 12.385553920054848, "x6": 3.0317020405677115, "x7": -1.8035210531731367, "x8": 0.39523929848178285, "x9": 2.499997264541131}, "datetime": {"datetime": "2025-05-18 03:05:07", "elapsed": 7235.657445, "delta": 17.022678}}
{"target": 6.041615201816265, "params": {"x0": 0.8, "x1": 0.9, "x2": 1.9085456117518867e-18, "x3": 2.985635737849704e-18, "x4": 3.5171903219687963, "x5": 12.385553920054848, "x6": 3.0317020405677115, "x7": -1.8035210531731367, "x8": 0.39523929848178285, "x9": 2.499997264541131}, "datetime": {"datetime": "2025-05-18 03:05:25", "elapsed": 7253.520327, "delta": 17.862882}}
{"target": 6.041615201816265, "params": {"x0": 0.8, "x1": 0.9, "x2": 2.177545196085812e-18, "x3": 4.8932100920441125e-19, "x4": 3.5171903219687963, "x5": 12.385553920054848, "x6": 3.0317020405677115, "x7": -1.8035210531731367, "x8": 0.39523929848178285, "x9": 2.499997264541131}, "datetime": {"datetime": "2025-05-18 03:05:42", "elapsed": 7270.553729, "delta": 17.033402}}
{"target": 6.041615201816265, "params": {"x0": 0.8, "x1": 0.9, "x2": 2.1155149490434605e-18, "x3": 2.35010978463637e-18, "x4": 3.5171903219687963, "x5": 12.385553920054848, "x6": 3.0317020405677115, "x7": -1.8035210531731367, "x8": 0.39523929848178285, "x9": 2.499997264541131}, "datetime": {"datetime": "2025-05-18 03:06:00", "elapsed": 7288.750854, "delta": 18.197125}}
{"target": 6.041615201816265, "params": {"x0": 0.8, "x1": 0.9, "x2": 1.211692796878942e-18, "x3": 7.833295010361116e-19, "x4": 3.5171903219687963, "x5": 12.385553920054848, "x6": 3.0317020405677115, "x7": -1.8035210531731367, "x8": 0.39523929848178285, "x9": 2.499997264541131}, "datetime": {"datetime": "2025-05-18 03:06:17", "elapsed": 7305.930364, "delta": 17.17951}}
{"target": 6.041615201816265, "params": {"x0": 0.8, "x1": 0.9, "x2": 1.3651178109241545e-18, "x3": 9.670753391085166e-19, "x4": 3.5171903219687963, "x5": 12.385553920054848, "x6": 3.0317020405677115, "x7": -1.8035210531731367, "x8": 0.39523929848178285, "x9": 2.499997264541131}, "datetime": {"datetime": "2025-05-18 03:06:35", "elapsed": 7323.563604, "delta": 17.63324}}
{"target": 6.041615201816265, "params": {"x0": 0.8, "x1": 0.9, "x2": 2.1519575081966675e-20, "x3": 5.4094292305018855e-19, "x4": 3.5171903219687963, "x5": 12.385553920054848, "x6": 3.0317020405677115, "x7": -1.8035210531731367, "x8": 0.39523929848178285, "x9": 2.499997264541131}, "datetime": {"datetime": "2025-05-18 03:06:52", "elapsed": 7340.788927, "delta": 17.225323}}
{"target": 6.041615201816265, "params": {"x0": 0.8, "x1": 0.9, "x2": 6.834861019063592e-19, "x3": 2.9627603038760224e-19, "x4": 3.5171903219687963, "x5": 12.385553920054848, "x6": 3.0317020405677115, "x7": -1.8035210531731367, "x8": 0.39523929848178285, "x9": 2.499997264541131}, "datetime": {"datetime": "2025-05-18 03:07:10", "elapsed": 7359.285332, "delta": 18.496405}}
{"target": 6.041615201816265, "params": {"x0": 0.8, "x1": 0.9, "x2": 4.905761053423899e-19, "x3": 1.1330818651651181e-18, "x4": 3.5171903219687963, "x5": 12.385553920054848, "x6": 3.0317020405677115, "x7": -1.8035210531731367, "x8": 0.39523929848178285, "x9": 2.499997264541131}, "datetime": {"datetime": "2025-05-18 03:07:28", "elapsed": 7376.563372, "delta": 17.27804}}
{"target": 6.041615201816265, "params": {"x0": 0.8, "x1": 0.9, "x2": 1.8706545957010806e-19, "x3": 5.740766480112191e-19, "x4": 3.5171903219687963, "x5": 12.385553920054848, "x6": 3.0317020405677115, "x7": -1.8035210531731367, "x8": 0.39523929848178285, "x9": 2.499997264541131}, "datetime": {"datetime": "2025-05-18 03:07:46", "elapsed": 7394.336367, "delta": 17.772995}}
{"target": 6.041615201816265, "params": {"x0": 0.8, "x1": 0.9, "x2": 1.7081373303500453e-19, "x3": 7.684504100613631e-19, "x4": 3.5171903219687963, "x5": 12.385553920054848, "x6": 3.0317020405677115, "x7": -1.8035210531731367, "x8": 0.39523929848178285, "x9": 2.499997264541131}, "datetime": {"datetime": "2025-05-18 03:08:02", "elapsed": 7411.240566, "delta": 16.904199}}
{"target": 6.041615201816265, "params": {"x0": 0.8, "x1": 0.9, "x2": 1.8090931003455684e-19, "x3": 1.055586727198983e-18, "x4": 3.5171903219687963, "x5": 12.385553920054848, "x6": 3.0317020405677115, "x7": -1.8035210531731367, "x8": 0.39523929848178285, "x9": 2.499997264541131}, "datetime": {"datetime": "2025-05-18 03:08:20", "elapsed": 7428.557093, "delta": 17.316527}}
{"target": 6.041615201816265, "params": {"x0": 0.8, "x1": 0.9, "x2": 3.009196125358172e-19, "x3": 5.128763460707146e-19, "x4": 3.5171903219687963, "x5": 12.385553920054848, "x6": 3.0317020405677115, "x7": -1.8035210531731367, "x8": 0.39523929848178285, "x9": 2.499997264541131}, "datetime": {"datetime": "2025-05-18 03:08:37", "elapsed": 7445.675307, "delta": 17.118214}}
{"target": 6.041615201816265, "params": {"x0": 0.8, "x1": 0.9, "x2": 7.891338154908173e-19, "x3": 1.764419192098643e-19, "x4": 3.5171903219687963, "x5": 12.385553920054848, "x6": 3.0317020405677115, "x7": -1.8035210531731367, "x8": 0.39523929848178285, "x9": 2.499997264541131}, "datetime": {"datetime": "2025-05-18 03:08:54", "elapsed": 7462.888892, "delta": 17.213585}}
{"target": 6.041615201816265, "params": {"x0": 0.8, "x1": 0.9, "x2": 2.967727460070864e-19, "x3": 7.359325329951889e-20, "x4": 3.5171903219687963, "x5": 12.385553920054848, "x6": 3.0317020405677115, "x7": -1.8035210531731367, "x8": 0.39523929848178285, "x9": 2.499997264541131}, "datetime": {"datetime": "2025-05-18 03:09:12", "elapsed": 7481.296145, "delta": 18.407253}}
{"target": 6.041615201816265, "params": {"x0": 0.8, "x1": 0.9, "x2": 1.9030438823176902e-19, "x3": 2.442921176916317e-19, "x4": 3.5171903219687963, "x5": 12.385553920054848, "x6": 3.0317020405677115, "x7": -1.8035210531731367, "x8": 0.39523929848178285, "x9": 2.499997264541131}, "datetime": {"datetime": "2025-05-18 03:09:32", "elapsed": 7500.438744, "delta": 19.142599}}
{"target": 6.041615201816265, "params": {"x0": 0.8, "x1": 0.9, "x2": 8.283938039971737e-20, "x3": 3.203418770663277e-19, "x4": 3.5171903219687963, "x5": 12.385553920054848, "x6": 3.0317020405677115, "x7": -1.8035210531731367, "x8": 0.39523929848178285, "x9": 2.499997264541131}, "datetime": {"datetime": "2025-05-18 03:09:49", "elapsed": 7517.660516, "delta": 17.221772}}
{"target": 6.041615201816265, "params": {"x0": 0.8, "x1": 0.9, "x2": 1.323575332389989e-19, "x3": 4.172964925685017e-19, "x4": 3.5171903219687963, "x5": 12.385553920054848, "x6": 3.0317020405677115, "x7": -1.8035210531731367, "x8": 0.39523929848178285, "x9": 2.499997264541131}, "datetime": {"datetime": "2025-05-18 03:10:08", "elapsed": 7536.411383, "delta": 18.750867}}
{"target": 6.041615201816265, "params": {"x0": 0.8, "x1": 0.9, "x2": 3.5892510087094734e-19, "x3": 3.7421943381376474e-19, "x4": 3.5171903219687963, "x5": 12.385553920054848, "x6": 3.0317020405677115, "x7": -1.8035210531731367, "x8": 0.39523929848178285, "x9": 2.499997264541131}, "datetime": {"datetime": "2025-05-18 03:10:26", "elapsed": 7554.512161, "delta": 18.100778}}
{"target": 6.041615201816265, "params": {"x0": 0.8, "x1": 0.9, "x2": 5.2487465231870693e-20, "x3": 3.4191144227216574e-19, "x4": 3.5171903219687963, "x5": 12.385553920054848, "x6": 3.0317020405677115, "x7": -1.8035210531731367, "x8": 0.39523929848178285, "x9": 2.499997264541131}, "datetime": {"datetime": "2025-05-18 03:10:43", "elapsed": 7572.239378, "delta": 17.727217}}
{"target": 6.041615201816265, "params": {"x0": 0.8, "x1": 0.9, "x2": 9.924799072492446e-20, "x3": 3.700812387704458e-19, "x4": 3.5171903219687963, "x5": 12.385553920054848, "x6": 3.0317020405677115, "x7": -1.8035210531731367, "x8": 0.39523929848178285, "x9": 2.499997264541131}, "datetime": {"datetime": "2025-05-18 03:11:01", "elapsed": 7589.630243, "delta": 17.390865}}
{"target": 6.041615201816265, "params": {"x0": 0.8, "x1": 0.9, "x2": 3.3055628977988793e-19, "x3": 1.1123024344599817e-19, "x4": 3.5171903219687963, "x5": 12.385553920054848, "x6": 3.0317020405677115, "x7": -1.8035210531731367, "x8": 0.39523929848178285, "x9": 2.499997264541131}, "datetime": {"datetime": "2025-05-18 03:11:18", "elapsed": 7607.223857, "delta": 17.593614}}
