{"target": 6.041615201816265, "params": {"x0": 0.8, "x1": 0.9, "x2": 4.884883881146694e-54, "x3": 1.487801210733101e-54, "x4": 3.5171903219687963, "x5": 12.385553920054848, "x6": 3.0317020405677115, "x7": -1.8035210531731367, "x8": 0.39523929848178285, "x9": 2.499997264541131}, "datetime": {"datetime": "2025-05-18 08:14:57", "elapsed": 25825.687007, "delta": 41.541829}}
{"target": 6.041615201816265, "params": {"x0": 0.8, "x1": 0.9, "x2": 6.392118806293508e-54, "x3": 5.1597486019258665e-54, "x4": 3.5171903219687963, "x5": 12.385553920054848, "x6": 3.0317020405677115, "x7": -1.8035210531731367, "x8": 0.39523929848178285, "x9": 2.499997264541131}, "datetime": {"datetime": "2025-05-18 08:15:37", "elapsed": 25865.964464, "delta": 40.277457}}
{"target": 6.041615201816265, "params": {"x0": 0.8, "x1": 0.9, "x2": 1.941657295016346e-54, "x3": 9.439161966910013e-56, "x4": 3.5171903219687963, "x5": 12.385553920054848, "x6": 3.0317020405677115, "x7": -1.8035210531731367, "x8": 0.39523929848178285, "x9": 2.499997264541131}, "datetime": {"datetime": "2025-05-18 08:16:09", "elapsed": 25897.581825, "delta": 31.617361}}
{"target": 6.041615201816265, "params": {"x0": 0.8, "x1": 0.9, "x2": 7.85619423457372e-55, "x3": 5.880007612567502e-54, "x4": 3.5171903219687963, "x5": 12.385553920054848, "x6": 3.0317020405677115, "x7": -1.8035210531731367, "x8": 0.39523929848178285, "x9": 2.499997264541131}, "datetime": {"datetime": "2025-05-18 08:16:36", "elapsed": 25925.064504, "delta": 27.482679}}
{"target": 6.041615201816265, "params": {"x0": 0.8, "x1": 0.9, "x2": 1.3090503121164204e-54, "x3": 1.0898290973285566e-54, "x4": 3.5171903219687963, "x5": 12.385553920054848, "x6": 3.0317020405677115, "x7": -1.8035210531731367, "x8": 0.39523929848178285, "x9": 2.499997264541131}, "datetime": {"datetime": "2025-05-18 08:17:10", "elapsed": 25958.455269, "delta": 33.390765}}
{"target": 6.041615201816265, "params": {"x0": 0.8, "x1": 0.9, "x2": 4.247201285811921e-54, "x3": 1.1644953841702153e-55, "x4": 3.5171903219687963, "x5": 12.385553920054848, "x6": 3.0317020405677115, "x7": -1.8035210531731367, "x8": 0.39523929848178285, "x9": 2.499997264541131}, "datetime": {"datetime": "2025-05-18 08:17:49", "elapsed": 25997.500171, "delta": 39.044902}}
{"target": 6.041615201816265, "params": {"x0": 0.8, "x1": 0.9, "x2": 4.176228625446091e-54, "x3": 3.7379380703681754e-54, "x4": 3.5171903219687963, "x5": 12.385553920054848, "x6": 3.0317020405677115, "x7": -1.8035210531731367, "x8": 0.39523929848178285, "x9": 2.499997264541131}, "datetime": {"datetime": "2025-05-18 08:18:25", "elapsed": 26034.148746, "delta": 36.648575}}
{"target": 6.041615201816265, "params": {"x0": 0.8, "x1": 0.9, "x2": 2.546614947980746e-54, "x3": 1.232661103617319e-54, "x4": 3.5171903219687963, "x5": 12.385553920054848, "x6": 3.0317020405677115, "x7": -1.8035210531731367, "x8": 0.39523929848178285, "x9": 2.499997264541131}, "datetime": {"datetime": "2025-05-18 08:19:05", "elapsed": 26073.474884, "delta": 39.326138}}
{"target": 6.041615201816265, "params": {"x0": 0.8, "x1": 0.9, "x2": 1.1862552500106489e-54, "x3": 1.5628346203522365e-54, "x4": 3.5171903219687963, "x5": 12.385553920054848, "x6": 3.0317020405677115, "x7": -1.8035210531731367, "x8": 0.39523929848178285, "x9": 2.499997264541131}, "datetime": {"datetime": "2025-05-18 08:19:42", "elapsed": 26110.398503, "delta": 36.923619}}
{"target": 6.041615201816265, "params": {"x0": 0.8, "x1": 0.9, "x2": 3.049431180822937e-55, "x3": 5.0735703930947144e-55, "x4": 3.5171903219687963, "x5": 12.385553920054848, "x6": 3.0317020405677115, "x7": -1.8035210531731367, "x8": 0.39523929848178285, "x9": 2.499997264541131}, "datetime": {"datetime": "2025-05-18 08:20:12", "elapsed": 26140.689133, "delta": 30.29063}}
{"target": 6.041615201816265, "params": {"x0": 0.8, "x1": 0.9, "x2": 1.656367662611293e-54, "x3": 1.695991894785536e-54, "x4": 3.5171903219687963, "x5": 12.385553920054848, "x6": 3.0317020405677115, "x7": -1.8035210531731367, "x8": 0.39523929848178285, "x9": 2.499997264541131}, "datetime": {"datetime": "2025-05-18 08:20:57", "elapsed": 26185.368237, "delta": 44.679104}}
{"target": 6.041615201816265, "params": {"x0": 0.8, "x1": 0.9, "x2": 2.183824858302552e-54, "x3": 1.6655826784630822e-54, "x4": 3.5171903219687963, "x5": 12.385553920054848, "x6": 3.0317020405677115, "x7": -1.8035210531731367, "x8": 0.39523929848178285, "x9": 2.499997264541131}, "datetime": {"datetime": "2025-05-18 08:21:26", "elapsed": 26215.134072, "delta": 29.765835}}
{"target": 6.041615201816265, "params": {"x0": 0.8, "x1": 0.9, "x2": 4.6655748658807665e-55, "x3": 1.8240283150332122e-54, "x4": 3.5171903219687963, "x5": 12.385553920054848, "x6": 3.0317020405677115, "x7": -1.8035210531731367, "x8": 0.39523929848178285, "x9": 2.499997264541131}, "datetime": {"datetime": "2025-05-18 08:21:54", "elapsed": 26242.903465, "delta": 27.769393}}
{"target": 6.041615201816265, "params": {"x0": 0.8, "x1": 0.9, "x2": 4.759549742346429e-55, "x3": 1.735450389348316e-54, "x4": 3.5171903219687963, "x5": 12.385553920054848, "x6": 3.0317020405677115, "x7": -1.8035210531731367, "x8": 0.39523929848178285, "x9": 2.499997264541131}, "datetime": {"datetime": "2025-05-18 08:22:27", "elapsed": 26275.442353, "delta": 32.538888}}
{"target": 6.041615201816265, "params": {"x0": 0.8, "x1": 0.9, "x2": 1.2427669990051156e-54, "x3": 1.042685529219224e-54, "x4": 3.5171903219687963, "x5": 12.385553920054848, "x6": 3.0317020405677115, "x7": -1.8035210531731367, "x8": 0.39523929848178285, "x9": 2.499997264541131}, "datetime": {"datetime": "2025-05-18 08:22:53", "elapsed": 26302.151483, "delta": 26.70913}}
{"target": 6.041615201816265, "params": {"x0": 0.8, "x1": 0.9, "x2": 1.3156112830038575e-54, "x3": 1.512237279184668e-54, "x4": 3.5171903219687963, "x5": 12.385553920054848, "x6": 3.0317020405677115, "x7": -1.8035210531731367, "x8": 0.39523929848178285, "x9": 2.499997264541131}, "datetime": {"datetime": "2025-05-18 08:23:21", "elapsed": 26330.141773, "delta": 27.99029}}
{"target": 6.041615201816265, "params": {"x0": 0.8, "x1": 0.9, "x2": 1.096713614313927e-54, "x3": 1.1485833215801945e-54, "x4": 3.5171903219687963, "x5": 12.385553920054848, "x6": 3.0317020405677115, "x7": -1.8035210531731367, "x8": 0.39523929848178285, "x9": 2.499997264541131}, "datetime": {"datetime": "2025-05-18 08:23:53", "elapsed": 26362.195773, "delta": 32.054}}
{"target": 6.041615201816265, "params": {"x0": 0.8, "x1": 0.9, "x2": 6.477028989989221e-55, "x3": 9.701125490377445e-55, "x4": 3.5171903219687963, "x5": 12.385553920054848, "x6": 3.0317020405677115, "x7": -1.8035210531731367, "x8": 0.39523929848178285, "x9": 2.499997264541131}, "datetime": {"datetime": "2025-05-18 08:24:27", "elapsed": 26396.305208, "delta": 34.109435}}
{"target": 6.041615201816265, "params": {"x0": 0.8, "x1": 0.9, "x2": 3.8333069677153376e-55, "x3": 4.534535707762691e-56, "x4": 3.5171903219687963, "x5": 12.385553920054848, "x6": 3.0317020405677115, "x7": -1.8035210531731367, "x8": 0.39523929848178285, "x9": 2.499997264541131}, "datetime": {"datetime": "2025-05-18 08:24:55", "elapsed": 26424.088667, "delta": 27.783459}}
{"target": 6.041615201816265, "params": {"x0": 0.8, "x1": 0.9, "x2": 1.5850311859030538e-55, "x3": 8.995008260560714e-56, "x4": 3.5171903219687963, "x5": 12.385553920054848, "x6": 3.0317020405677115, "x7": -1.8035210531731367, "x8": 0.39523929848178285, "x9": 2.499997264541131}, "datetime": {"datetime": "2025-05-18 08:25:35", "elapsed": 26464.020128, "delta": 39.931461}}
{"target": 6.041615201816265, "params": {"x0": 0.8, "x1": 0.9, "x2": 3.045098721848079e-55, "x3": 9.531877341960313e-55, "x4": 3.5171903219687963, "x5": 12.385553920054848, "x6": 3.0317020405677115, "x7": -1.8035210531731367, "x8": 0.39523929848178285, "x9": 2.499997264541131}, "datetime": {"datetime": "2025-05-18 08:26:11", "elapsed": 26500.185607, "delta": 36.165479}}
{"target": 6.041615201816265, "params": {"x0": 0.8, "x1": 0.9, "x2": 8.543175352778815e-55, "x3": 1.4703100962245239e-55, "x4": 3.5171903219687963, "x5": 12.385553920054848, "x6": 3.0317020405677115, "x7": -1.8035210531731367, "x8": 0.39523929848178285, "x9": 2.499997264541131}, "datetime": {"datetime": "2025-05-18 08:26:56", "elapsed": 26545.134163, "delta": 44.948556}}
{"target": 6.041615201816265, "params": {"x0": 0.8, "x1": 0.9, "x2": 6.582672450627308e-55, "x3": 5.821975455980001e-55, "x4": 3.5171903219687963, "x5": 12.385553920054848, "x6": 3.0317020405677115, "x7": -1.8035210531731367, "x8": 0.39523929848178285, "x9": 2.499997264541131}, "datetime": {"datetime": "2025-05-18 08:27:30", "elapsed": 26578.935404, "delta": 33.801241}}
{"target": 6.041615201816265, "params": {"x0": 0.8, "x1": 0.9, "x2": 5.24033409627885e-55, "x3": 2.9084737921970385e-55, "x4": 3.5171903219687963, "x5": 12.385553920054848, "x6": 3.0317020405677115, "x7": -1.8035210531731367, "x8": 0.39523929848178285, "x9": 2.499997264541131}, "datetime": {"datetime": "2025-05-18 08:28:00", "elapsed": 26609.152969, "delta": 30.217565}}
{"target": 6.041615201816265, "params": {"x0": 0.8, "x1": 0.9, "x2": 2.3451114353431104e-55, "x3": 2.703150911914579e-55, "x4": 3.5171903219687963, "x5": 12.385553920054848, "x6": 3.0317020405677115, "x7": -1.8035210531731367, "x8": 0.39523929848178285, "x9": 2.499997264541131}, "datetime": {"datetime": "2025-05-18 08:28:41", "elapsed": 26650.141416, "delta": 40.988447}}
{"target": 6.041615201816265, "params": {"x0": 0.8, "x1": 0.9, "x2": 4.793074331881943e-55, "x3": 3.802371458378459e-55, "x4": 3.5171903219687963, "x5": 12.385553920054848, "x6": 3.0317020405677115, "x7": -1.8035210531731367, "x8": 0.39523929848178285, "x9": 2.499997264541131}, "datetime": {"datetime": "2025-05-18 08:29:18", "elapsed": 26686.423895, "delta": 36.282479}}
{"target": 6.041615201816265, "params": {"x0": 0.8, "x1": 0.9, "x2": 4.975569246412513e-55, "x3": 5.217664632889202e-55, "x4": 3.5171903219687963, "x5": 12.385553920054848, "x6": 3.0317020405677115, "x7": -1.8035210531731367, "x8": 0.39523929848178285, "x9": 2.499997264541131}, "datetime": {"datetime": "2025-05-18 08:30:04", "elapsed": 26732.584492, "delta": 46.160597}}
{"target": 6.041615201816265, "params": {"x0": 0.8, "x1": 0.9, "x2": 4.243395361199457e-55, "x3": 4.966443872875081e-56, "x4": 3.5171903219687963, "x5": 12.385553920054848, "x6": 3.0317020405677115, "x7": -1.8035210531731367, "x8": 0.39523929848178285, "x9": 2.499997264541131}, "datetime": {"datetime": "2025-05-18 08:30:36", "elapsed": 26764.383329, "delta": 31.798837}}
{"target": 6.041615201816265, "params": {"x0": 0.8, "x1": 0.9, "x2": 1.7445517739549658e-55, "x3": 4.680752557155783e-55, "x4": 3.5171903219687963, "x5": 12.385553920054848, "x6": 3.0317020405677115, "x7": -1.8035210531731367, "x8": 0.39523929848178285, "x9": 2.499997264541131}, "datetime": {"datetime": "2025-05-18 08:31:08", "elapsed": 26797.192129, "delta": 32.8088}}
{"target": 6.041615201816265, "params": {"x0": 0.8, "x1": 0.9, "x2": 1.1105204278727277e-55, "x3": 1.393031555272526e-55, "x4": 3.5171903219687963, "x5": 12.385553920054848, "x6": 3.0317020405677115, "x7": -1.8035210531731367, "x8": 0.39523929848178285, "x9": 2.499997264541131}, "datetime": {"datetime": "2025-05-18 08:31:42", "elapsed": 26831.152004, "delta": 33.959875}}
{"target": 6.041615201816265, "params": {"x0": 0.8, "x1": 0.9, "x2": 1.9713805093968177e-55, "x3": 3.1384490665397783e-55, "x4": 3.5171903219687963, "x5": 12.385553920054848, "x6": 3.0317020405677115, "x7": -1.8035210531731367, "x8": 0.39523929848178285, "x9": 2.499997264541131}, "datetime": {"datetime": "2025-05-18 08:32:11", "elapsed": 26859.735952, "delta": 28.583948}}
{"target": 6.041615201816265, "params": {"x0": 0.8, "x1": 0.9, "x2": 4.610645519805847e-56, "x3": 1.050516884652114e-55, "x4": 3.5171903219687963, "x5": 12.385553920054848, "x6": 3.0317020405677115, "x7": -1.8035210531731367, "x8": 0.39523929848178285, "x9": 2.499997264541131}, "datetime": {"datetime": "2025-05-18 08:32:51", "elapsed": 26899.633389, "delta": 39.897437}}
{"target": 6.041615201816265, "params": {"x0": 0.8, "x1": 0.9, "x2": 1.845912647069901e-55, "x3": 1.7248579707311174e-55, "x4": 3.5171903219687963, "x5": 12.385553920054848, "x6": 3.0317020405677115, "x7": -1.8035210531731367, "x8": 0.39523929848178285, "x9": 2.499997264541131}, "datetime": {"datetime": "2025-05-18 08:33:23", "elapsed": 26931.875466, "delta": 32.242077}}
{"target": 6.041615201816265, "params": {"x0": 0.8, "x1": 0.9, "x2": 1.371021105230447e-55, "x3": 1.975441805087845e-55, "x4": 3.5171903219687963, "x5": 12.385553920054848, "x6": 3.0317020405677115, "x7": -1.8035210531731367, "x8": 0.39523929848178285, "x9": 2.499997264541131}, "datetime": {"datetime": "2025-05-18 08:33:59", "elapsed": 26967.734284, "delta": 35.858818}}
{"target": 6.041615201816265, "params": {"x0": 0.8, "x1": 0.9, "x2": 2.1198388557376594e-55, "x3": 1.754744821041214e-55, "x4": 3.5171903219687963, "x5": 12.385553920054848, "x6": 3.0317020405677115, "x7": -1.8035210531731367, "x8": 0.39523929848178285, "x9": 2.499997264541131}, "datetime": {"datetime": "2025-05-18 08:34:28", "elapsed": 26996.475882, "delta": 28.741598}}
{"target": 6.041615201816265, "params": {"x0": 0.8, "x1": 0.9, "x2": 1.2275976084158176e-57, "x3": 1.4521047779993983e-55, "x4": 3.5171903219687963, "x5": 12.385553920054848, "x6": 3.0317020405677115, "x7": -1.8035210531731367, "x8": 0.39523929848178285, "x9": 2.499997264541131}, "datetime": {"datetime": "2025-05-18 08:35:12", "elapsed": 27041.280127, "delta": 44.804245}}
{"target": 6.041615201816265, "params": {"x0": 0.8, "x1": 0.9, "x2": 1.1229593737022301e-55, "x3": 5.734254020391323e-56, "x4": 3.5171903219687963, "x5": 12.385553920054848, "x6": 3.0317020405677115, "x7": -1.8035210531731367, "x8": 0.39523929848178285, "x9": 2.499997264541131}, "datetime": {"datetime": "2025-05-18 08:35:52", "elapsed": 27080.556821, "delta": 39.276694}}
{"target": 6.041615201816265, "params": {"x0": 0.8, "x1": 0.9, "x2": 7.827951580423784e-57, "x3": 9.772574869672542e-56, "x4": 3.5171903219687963, "x5": 12.385553920054848, "x6": 3.0317020405677115, "x7": -1.8035210531731367, "x8": 0.39523929848178285, "x9": 2.499997264541131}, "datetime": {"datetime": "2025-05-18 08:36:28", "elapsed": 27116.757131, "delta": 36.20031}}
{"target": 6.041615201816265, "params": {"x0": 0.8, "x1": 0.9, "x2": 3.5731309604447764e-56, "x3": 9.112357995901814e-56, "x4": 3.5171903219687963, "x5": 12.385553920054848, "x6": 3.0317020405677115, "x7": -1.8035210531731367, "x8": 0.39523929848178285, "x9": 2.499997264541131}, "datetime": {"datetime": "2025-05-18 08:36:59", "elapsed": 27148.054329, "delta": 31.297198}}
{"target": 6.041615201816265, "params": {"x0": 0.8, "x1": 0.9, "x2": 1.0834719407662852e-55, "x3": 1.443639681976794e-55, "x4": 3.5171903219687963, "x5": 12.385553920054848, "x6": 3.0317020405677115, "x7": -1.8035210531731367, "x8": 0.39523929848178285, "x9": 2.499997264541131}, "datetime": {"datetime": "2025-05-18 08:37:34", "elapsed": 27182.718909, "delta": 34.66458}}
{"target": 6.041615201816265, "params": {"x0": 0.8, "x1": 0.9, "x2": 2.246717338814444e-56, "x3": 9.784611441303136e-56, "x4": 3.5171903219687963, "x5": 12.385553920054848, "x6": 3.0317020405677115, "x7": -1.8035210531731367, "x8": 0.39523929848178285, "x9": 2.499997264541131}, "datetime": {"datetime": "2025-05-18 08:38:08", "elapsed": 27217.226567, "delta": 34.507658}}
{"target": 6.041615201816265, "params": {"x0": 0.8, "x1": 0.9, "x2": 9.995731953409848e-56, "x3": 1.1712504868249025e-55, "x4": 3.5171903219687963, "x5": 12.385553920054848, "x6": 3.0317020405677115, "x7": -1.8035210531731367, "x8": 0.39523929848178285, "x9": 2.499997264541131}, "datetime": {"datetime": "2025-05-18 08:38:41", "elapsed": 27249.783155, "delta": 32.556588}}
{"target": 6.041615201816265, "params": {"x0": 0.8, "x1": 0.9, "x2": 3.5305309471578394e-56, "x3": 1.0054143169137251e-55, "x4": 3.5171903219687963, "x5": 12.385553920054848, "x6": 3.0317020405677115, "x7": -1.8035210531731367, "x8": 0.39523929848178285, "x9": 2.499997264541131}, "datetime": {"datetime": "2025-05-18 08:39:10", "elapsed": 27278.899241, "delta": 29.116086}}
{"target": 6.041615201816265, "params": {"x0": 0.8, "x1": 0.9, "x2": 7.885867164140695e-56, "x3": 7.027223160299565e-56, "x4": 3.5171903219687963, "x5": 12.385553920054848, "x6": 3.0317020405677115, "x7": -1.8035210531731367, "x8": 0.39523929848178285, "x9": 2.499997264541131}, "datetime": {"datetime": "2025-05-18 08:39:43", "elapsed": 27311.951969, "delta": 33.052728}}
{"target": 6.041615201816265, "params": {"x0": 0.8, "x1": 0.9, "x2": 4.922245932272824e-56, "x3": 2.548297003521111e-56, "x4": 3.5171903219687963, "x5": 12.385553920054848, "x6": 3.0317020405677115, "x7": -1.8035210531731367, "x8": 0.39523929848178285, "x9": 2.499997264541131}, "datetime": {"datetime": "2025-05-18 08:40:21", "elapsed": 27350.222545, "delta": 38.270576}}
{"target": 6.041615201816265, "params": {"x0": 0.8, "x1": 0.9, "x2": 2.49296242860786e-56, "x3": 5.065685868907583e-56, "x4": 3.5171903219687963, "x5": 12.385553920054848, "x6": 3.0317020405677115, "x7": -1.8035210531731367, "x8": 0.39523929848178285, "x9": 2.499997264541131}, "datetime": {"datetime": "2025-05-18 08:40:53", "elapsed": 27381.486088, "delta": 31.263543}}
{"target": 6.041615201816265, "params": {"x0": 0.8, "x1": 0.9, "x2": 4.945929632760599e-56, "x3": 1.3649327548007343e-57, "x4": 3.5171903219687963, "x5": 12.385553920054848, "x6": 3.0317020405677115, "x7": -1.8035210531731367, "x8": 0.39523929848178285, "x9": 2.499997264541131}, "datetime": {"datetime": "2025-05-18 08:41:37", "elapsed": 27425.757006, "delta": 44.270918}}
{"target": 6.041615201816265, "params": {"x0": 0.8, "x1": 0.9, "x2": 1.6554850184845687e-56, "x3": 2.6224168196693324e-56, "x4": 3.5171903219687963, "x5": 12.385553920054848, "x6": 3.0317020405677115, "x7": -1.8035210531731367, "x8": 0.39523929848178285, "x9": 2.499997264541131}, "datetime": {"datetime": "2025-05-18 08:42:13", "elapsed": 27462.216956, "delta": 36.45995}}
{"target": 6.041615201816265, "params": {"x0": 0.8, "x1": 0.9, "x2": 2.1926933072590583e-56, "x3": 4.043815852194027e-56, "x4": 3.5171903219687963, "x5": 12.385553920054848, "x6": 3.0317020405677115, "x7": -1.8035210531731367, "x8": 0.39523929848178285, "x9": 2.499997264541131}, "datetime": {"datetime": "2025-05-18 08:42:49", "elapsed": 27497.92732, "delta": 35.710364}}
{"target": 6.041615201816265, "params": {"x0": 0.8, "x1": 0.9, "x2": 4.333976894506923e-56, "x3": 1.6074040607848317e-56, "x4": 3.5171903219687963, "x5": 12.385553920054848, "x6": 3.0317020405677115, "x7": -1.8035210531731367, "x8": 0.39523929848178285, "x9": 2.499997264541131}, "datetime": {"datetime": "2025-05-18 08:43:29", "elapsed": 27537.424742, "delta": 39.497422}}
{"target": 6.041615201816265, "params": {"x0": 0.8, "x1": 0.9, "x2": 1.3506719774259122e-56, "x3": 2.7012947864465503e-56, "x4": 3.5171903219687963, "x5": 12.385553920054848, "x6": 3.0317020405677115, "x7": -1.8035210531731367, "x8": 0.39523929848178285, "x9": 2.499997264541131}, "datetime": {"datetime": "2025-05-18 08:44:00", "elapsed": 27568.358619, "delta": 30.933877}}
{"target": 6.041615201816265, "params": {"x0": 0.8, "x1": 0.9, "x2": 2.4161337813805214e-56, "x3": 6.732763541801368e-57, "x4": 3.5171903219687963, "x5": 12.385553920054848, "x6": 3.0317020405677115, "x7": -1.8035210531731367, "x8": 0.39523929848178285, "x9": 2.499997264541131}, "datetime": {"datetime": "2025-05-18 08:44:36", "elapsed": 27604.554982, "delta": 36.196363}}
{"target": 6.041615201816265, "params": {"x0": 0.8, "x1": 0.9, "x2": 1.932664819070885e-57, "x3": 2.2228383502528193e-56, "x4": 3.5171903219687963, "x5": 12.385553920054848, "x6": 3.0317020405677115, "x7": -1.8035210531731367, "x8": 0.39523929848178285, "x9": 2.499997264541131}, "datetime": {"datetime": "2025-05-18 08:45:13", "elapsed": 27641.900441, "delta": 37.345459}}
{"target": 6.041615201816265, "params": {"x0": 0.8, "x1": 0.9, "x2": 5.683096119346361e-57, "x3": 3.376544144243139e-57, "x4": 3.5171903219687963, "x5": 12.385553920054848, "x6": 3.0317020405677115, "x7": -1.8035210531731367, "x8": 0.39523929848178285, "x9": 2.499997264541131}, "datetime": {"datetime": "2025-05-18 08:45:47", "elapsed": 27676.152628, "delta": 34.252187}}
{"target": 6.041615201816265, "params": {"x0": 0.8, "x1": 0.9, "x2": 2.323040584095223e-56, "x3": 2.7763615751045285e-56, "x4": 3.5171903219687963, "x5": 12.385553920054848, "x6": 3.0317020405677115, "x7": -1.8035210531731367, "x8": 0.39523929848178285, "x9": 2.499997264541131}, "datetime": {"datetime": "2025-05-18 08:46:28", "elapsed": 27716.593824, "delta": 40.441196}}
{"target": 6.041615201816265, "params": {"x0": 0.8, "x1": 0.9, "x2": 5.313746785239473e-57, "x3": 1.6110540683257346e-56, "x4": 3.5171903219687963, "x5": 12.385553920054848, "x6": 3.0317020405677115, "x7": -1.8035210531731367, "x8": 0.39523929848178285, "x9": 2.499997264541131}, "datetime": {"datetime": "2025-05-18 08:47:05", "elapsed": 27753.802869, "delta": 37.209045}}
{"target": 6.041615201816265, "params": {"x0": 0.8, "x1": 0.9, "x2": 1.2551821145585309e-56, "x3": 1.134416047804239e-56, "x4": 3.5171903219687963, "x5": 12.385553920054848, "x6": 3.0317020405677115, "x7": -1.8035210531731367, "x8": 0.39523929848178285, "x9": 2.499997264541131}, "datetime": {"datetime": "2025-05-18 08:48:00", "elapsed": 27809.278682, "delta": 55.475813}}
{"target": 6.041615201816265, "params": {"x0": 0.8, "x1": 0.9, "x2": 1.7028437740135676e-56, "x3": 1.8590652135093947e-56, "x4": 3.5171903219687963, "x5": 12.385553920054848, "x6": 3.0317020405677115, "x7": -1.8035210531731367, "x8": 0.39523929848178285, "x9": 2.499997264541131}, "datetime": {"datetime": "2025-05-18 08:48:40", "elapsed": 27848.346988, "delta": 39.068306}}
