{"target": 6.041615201816265, "params": {"x0": 0.8, "x1": 0.9, "x2": 3.147832129771818e-51, "x3": 3.5716646134000893e-51, "x4": 3.5171903219687963, "x5": 12.385553920054848, "x6": 3.0317020405677115, "x7": -1.8035210531731367, "x8": 0.39523929848178285, "x9": 2.499997264541131}, "datetime": {"datetime": "2025-05-18 07:42:34", "elapsed": 23882.544903, "delta": 30.940339}}
{"target": 6.041615201816265, "params": {"x0": 0.8, "x1": 0.9, "x2": 3.0928851580144062e-52, "x3": 3.4520683147396406e-52, "x4": 3.5171903219687963, "x5": 12.385553920054848, "x6": 3.0317020405677115, "x7": -1.8035210531731367, "x8": 0.39523929848178285, "x9": 2.499997264541131}, "datetime": {"datetime": "2025-05-18 07:43:00", "elapsed": 23909.103741, "delta": 26.558838}}
{"target": 6.041615201816265, "params": {"x0": 0.8, "x1": 0.9, "x2": 2.665877682124969e-52, "x3": 1.980950688887709e-52, "x4": 3.5171903219687963, "x5": 12.385553920054848, "x6": 3.0317020405677115, "x7": -1.8035210531731367, "x8": 0.39523929848178285, "x9": 2.499997264541131}, "datetime": {"datetime": "2025-05-18 07:43:35", "elapsed": 23943.69047, "delta": 34.586729}}
{"target": 6.041615201816265, "params": {"x0": 0.8, "x1": 0.9, "x2": 1.944321404429678e-51, "x3": 1.9038285269151413e-51, "x4": 3.5171903219687963, "x5": 12.385553920054848, "x6": 3.0317020405677115, "x7": -1.8035210531731367, "x8": 0.39523929848178285, "x9": 2.499997264541131}, "datetime": {"datetime": "2025-05-18 07:44:07", "elapsed": 23976.031917, "delta": 32.341447}}
{"target": 6.041615201816265, "params": {"x0": 0.8, "x1": 0.9, "x2": 9.346537909972555e-53, "x3": 1.3314303033832429e-51, "x4": 3.5171903219687963, "x5": 12.385553920054848, "x6": 3.0317020405677115, "x7": -1.8035210531731367, "x8": 0.39523929848178285, "x9": 2.499997264541131}, "datetime": {"datetime": "2025-05-18 07:44:41", "elapsed": 24009.783724, "delta": 33.751807}}
{"target": 6.041615201816265, "params": {"x0": 0.8, "x1": 0.9, "x2": 7.37597353350479e-52, "x3": 6.532981401735188e-52, "x4": 3.5171903219687963, "x5": 12.385553920054848, "x6": 3.0317020405677115, "x7": -1.8035210531731367, "x8": 0.39523929848178285, "x9": 2.499997264541131}, "datetime": {"datetime": "2025-05-18 07:45:22", "elapsed": 24051.107173, "delta": 41.323449}}
{"target": 6.041615201816265, "params": {"x0": 0.8, "x1": 0.9, "x2": 3.0785515773403465e-52, "x3": 1.2119838649458537e-51, "x4": 3.5171903219687963, "x5": 12.385553920054848, "x6": 3.0317020405677115, "x7": -1.8035210531731367, "x8": 0.39523929848178285, "x9": 2.499997264541131}, "datetime": {"datetime": "2025-05-18 07:45:53", "elapsed": 24082.289093, "delta": 31.18192}}
{"target": 6.041615201816265, "params": {"x0": 0.8, "x1": 0.9, "x2": 7.041675400142172e-52, "x3": 1.0009581642390023e-51, "x4": 3.5171903219687963, "x5": 12.385553920054848, "x6": 3.0317020405677115, "x7": -1.8035210531731367, "x8": 0.39523929848178285, "x9": 2.499997264541131}, "datetime": {"datetime": "2025-05-18 07:46:23", "elapsed": 24112.164531, "delta": 29.875438}}
{"target": 6.041615201816265, "params": {"x0": 0.8, "x1": 0.9, "x2": 1.7423901402145877e-52, "x3": 4.6916609727363445e-52, "x4": 3.5171903219687963, "x5": 12.385553920054848, "x6": 3.0317020405677115, "x7": -1.8035210531731367, "x8": 0.39523929848178285, "x9": 2.499997264541131}, "datetime": {"datetime": "2025-05-18 07:46:50", "elapsed": 24139.282496, "delta": 27.117965}}
{"target": 6.041615201816265, "params": {"x0": 0.8, "x1": 0.9, "x2": 2.3121319172685035e-52, "x3": 1.3531289739067787e-51, "x4": 3.5171903219687963, "x5": 12.385553920054848, "x6": 3.0317020405677115, "x7": -1.8035210531731367, "x8": 0.39523929848178285, "x9": 2.499997264541131}, "datetime": {"datetime": "2025-05-18 07:47:14", "elapsed": 24162.85242, "delta": 23.569924}}
{"target": 6.041615201816265, "params": {"x0": 0.8, "x1": 0.9, "x2": 1.2273233394640089e-51, "x3": 5.4710989711472115e-52, "x4": 3.5171903219687963, "x5": 12.385553920054848, "x6": 3.0317020405677115, "x7": -1.8035210531731367, "x8": 0.39523929848178285, "x9": 2.499997264541131}, "datetime": {"datetime": "2025-05-18 07:47:44", "elapsed": 24193.233815, "delta": 30.381395}}
{"target": 6.041615201816265, "params": {"x0": 0.8, "x1": 0.9, "x2": 2.8944723244964633e-52, "x3": 7.213644658657366e-52, "x4": 3.5171903219687963, "x5": 12.385553920054848, "x6": 3.0317020405677115, "x7": -1.8035210531731367, "x8": 0.39523929848178285, "x9": 2.499997264541131}, "datetime": {"datetime": "2025-05-18 07:48:17", "elapsed": 24225.508304, "delta": 32.274489}}
{"target": 6.041615201816265, "params": {"x0": 0.8, "x1": 0.9, "x2": 7.660936848864055e-52, "x3": 2.7952452421419234e-52, "x4": 3.5171903219687963, "x5": 12.385553920054848, "x6": 3.0317020405677115, "x7": -1.8035210531731367, "x8": 0.39523929848178285, "x9": 2.499997264541131}, "datetime": {"datetime": "2025-05-18 07:48:51", "elapsed": 24259.655673, "delta": 34.147369}}
{"target": 6.041615201816265, "params": {"x0": 0.8, "x1": 0.9, "x2": 3.378151139556529e-52, "x3": 4.4844913348329665e-52, "x4": 3.5171903219687963, "x5": 12.385553920054848, "x6": 3.0317020405677115, "x7": -1.8035210531731367, "x8": 0.39523929848178285, "x9": 2.499997264541131}, "datetime": {"datetime": "2025-05-18 07:49:27", "elapsed": 24296.119988, "delta": 36.464315}}
{"target": 6.041615201816265, "params": {"x0": 0.8, "x1": 0.9, "x2": 3.597718298224049e-52, "x3": 5.599031023895756e-52, "x4": 3.5171903219687963, "x5": 12.385553920054848, "x6": 3.0317020405677115, "x7": -1.8035210531731367, "x8": 0.39523929848178285, "x9": 2.499997264541131}, "datetime": {"datetime": "2025-05-18 07:50:04", "elapsed": 24332.593292, "delta": 36.473304}}
{"target": 6.041615201816265, "params": {"x0": 0.8, "x1": 0.9, "x2": 6.154916725670669e-52, "x3": 1.684253931223004e-54, "x4": 3.5171903219687963, "x5": 12.385553920054848, "x6": 3.0317020405677115, "x7": -1.8035210531731367, "x8": 0.39523929848178285, "x9": 2.499997264541131}, "datetime": {"datetime": "2025-05-18 07:50:34", "elapsed": 24362.953751, "delta": 30.360459}}
{"target": 6.041615201816265, "params": {"x0": 0.8, "x1": 0.9, "x2": 5.189275814257859e-52, "x3": 6.657527927719605e-52, "x4": 3.5171903219687963, "x5": 12.385553920054848, "x6": 3.0317020405677115, "x7": -1.8035210531731367, "x8": 0.39523929848178285, "x9": 2.499997264541131}, "datetime": {"datetime": "2025-05-18 07:51:11", "elapsed": 24399.997061, "delta": 37.04331}}
{"target": 6.041615201816265, "params": {"x0": 0.8, "x1": 0.9, "x2": 3.838407436497959e-52, "x3": 5.158050141708344e-52, "x4": 3.5171903219687963, "x5": 12.385553920054848, "x6": 3.0317020405677115, "x7": -1.8035210531731367, "x8": 0.39523929848178285, "x9": 2.499997264541131}, "datetime": {"datetime": "2025-05-18 07:51:42", "elapsed": 24430.514804, "delta": 30.517743}}
{"target": 6.041615201816265, "params": {"x0": 0.8, "x1": 0.9, "x2": 6.960057340405376e-54, "x3": 1.8119349320682134e-52, "x4": 3.5171903219687963, "x5": 12.385553920054848, "x6": 3.0317020405677115, "x7": -1.8035210531731367, "x8": 0.39523929848178285, "x9": 2.499997264541131}, "datetime": {"datetime": "2025-05-18 07:52:12", "elapsed": 24460.926028, "delta": 30.411224}}
{"target": 6.041615201816265, "params": {"x0": 0.8, "x1": 0.9, "x2": 1.2752451247988562e-52, "x3": 2.198891511117979e-52, "x4": 3.5171903219687963, "x5": 12.385553920054848, "x6": 3.0317020405677115, "x7": -1.8035210531731367, "x8": 0.39523929848178285, "x9": 2.499997264541131}, "datetime": {"datetime": "2025-05-18 07:52:46", "elapsed": 24494.972343, "delta": 34.046315}}
{"target": 6.041615201816265, "params": {"x0": 0.8, "x1": 0.9, "x2": 2.585762860941281e-52, "x3": 2.9716366740467244e-52, "x4": 3.5171903219687963, "x5": 12.385553920054848, "x6": 3.0317020405677115, "x7": -1.8035210531731367, "x8": 0.39523929848178285, "x9": 2.499997264541131}, "datetime": {"datetime": "2025-05-18 07:53:13", "elapsed": 24522.017117, "delta": 27.044774}}
{"target": 6.041615201816265, "params": {"x0": 0.8, "x1": 0.9, "x2": 2.347478248318446e-53, "x3": 8.60695389358654e-53, "x4": 3.5171903219687963, "x5": 12.385553920054848, "x6": 3.0317020405677115, "x7": -1.8035210531731367, "x8": 0.39523929848178285, "x9": 2.499997264541131}, "datetime": {"datetime": "2025-05-18 07:53:42", "elapsed": 24550.329479, "delta": 28.312362}}
{"target": 6.041615201816265, "params": {"x0": 0.8, "x1": 0.9, "x2": 8.285258986985926e-53, "x3": 2.4418309209666707e-52, "x4": 3.5171903219687963, "x5": 12.385553920054848, "x6": 3.0317020405677115, "x7": -1.8035210531731367, "x8": 0.39523929848178285, "x9": 2.499997264541131}, "datetime": {"datetime": "2025-05-18 07:54:08", "elapsed": 24576.729254, "delta": 26.399775}}
{"target": 6.041615201816265, "params": {"x0": 0.8, "x1": 0.9, "x2": 3.088447237324435e-52, "x3": 1.3165987506002985e-52, "x4": 3.5171903219687963, "x5": 12.385553920054848, "x6": 3.0317020405677115, "x7": -1.8035210531731367, "x8": 0.39523929848178285, "x9": 2.499997264541131}, "datetime": {"datetime": "2025-05-18 07:54:37", "elapsed": 24605.731785, "delta": 29.002531}}
{"target": 6.041615201816265, "params": {"x0": 0.8, "x1": 0.9, "x2": 1.2564886701272996e-52, "x3": 9.732088713222272e-53, "x4": 3.5171903219687963, "x5": 12.385553920054848, "x6": 3.0317020405677115, "x7": -1.8035210531731367, "x8": 0.39523929848178285, "x9": 2.499997264541131}, "datetime": {"datetime": "2025-05-18 07:55:11", "elapsed": 24639.564574, "delta": 33.832789}}
{"target": 6.041615201816265, "params": {"x0": 0.8, "x1": 0.9, "x2": 3.2953349078929645e-53, "x3": 7.195135782078697e-53, "x4": 3.5171903219687963, "x5": 12.385553920054848, "x6": 3.0317020405677115, "x7": -1.8035210531731367, "x8": 0.39523929848178285, "x9": 2.499997264541131}, "datetime": {"datetime": "2025-05-18 07:55:37", "elapsed": 24666.114334, "delta": 26.54976}}
{"target": 6.041615201816265, "params": {"x0": 0.8, "x1": 0.9, "x2": 1.6854663306825076e-52, "x3": 1.677772887880214e-52, "x4": 3.5171903219687963, "x5": 12.385553920054848, "x6": 3.0317020405677115, "x7": -1.8035210531731367, "x8": 0.39523929848178285, "x9": 2.499997264541131}, "datetime": {"datetime": "2025-05-18 07:56:17", "elapsed": 24705.69953, "delta": 39.585196}}
{"target": 6.041615201816265, "params": {"x0": 0.8, "x1": 0.9, "x2": 1.8552678079752287e-52, "x3": 2.299391339978946e-52, "x4": 3.5171903219687963, "x5": 12.385553920054848, "x6": 3.0317020405677115, "x7": -1.8035210531731367, "x8": 0.39523929848178285, "x9": 2.499997264541131}, "datetime": {"datetime": "2025-05-18 07:56:51", "elapsed": 24739.483714, "delta": 33.784184}}
{"target": 6.041615201816265, "params": {"x0": 0.8, "x1": 0.9, "x2": 4.180147685772642e-53, "x3": 1.1959503146125535e-52, "x4": 3.5171903219687963, "x5": 12.385553920054848, "x6": 3.0317020405677115, "x7": -1.8035210531731367, "x8": 0.39523929848178285, "x9": 2.499997264541131}, "datetime": {"datetime": "2025-05-18 07:57:28", "elapsed": 24776.784996, "delta": 37.301282}}
{"target": 6.041615201816265, "params": {"x0": 0.8, "x1": 0.9, "x2": 3.806060367605618e-53, "x3": 1.6101515147650031e-52, "x4": 3.5171903219687963, "x5": 12.385553920054848, "x6": 3.0317020405677115, "x7": -1.8035210531731367, "x8": 0.39523929848178285, "x9": 2.499997264541131}, "datetime": {"datetime": "2025-05-18 07:58:01", "elapsed": 24810.217802, "delta": 33.432806}}
{"target": 6.041615201816265, "params": {"x0": 0.8, "x1": 0.9, "x2": 8.616836228058445e-54, "x3": 1.135983916292558e-52, "x4": 3.5171903219687963, "x5": 12.385553920054848, "x6": 3.0317020405677115, "x7": -1.8035210531731367, "x8": 0.39523929848178285, "x9": 2.499997264541131}, "datetime": {"datetime": "2025-05-18 07:58:36", "elapsed": 24845.090366, "delta": 34.872564}}
{"target": 6.041615201816265, "params": {"x0": 0.8, "x1": 0.9, "x2": 1.1695238740120774e-52, "x3": 1.4805986036707738e-52, "x4": 3.5171903219687963, "x5": 12.385553920054848, "x6": 3.0317020405677115, "x7": -1.8035210531731367, "x8": 0.39523929848178285, "x9": 2.499997264541131}, "datetime": {"datetime": "2025-05-18 07:59:11", "elapsed": 24879.325577, "delta": 34.235211}}
{"target": 6.041615201816265, "params": {"x0": 0.8, "x1": 0.9, "x2": 1.1045513140254535e-52, "x3": 1.3371481024044179e-53, "x4": 3.5171903219687963, "x5": 12.385553920054848, "x6": 3.0317020405677115, "x7": -1.8035210531731367, "x8": 0.39523929848178285, "x9": 2.499997264541131}, "datetime": {"datetime": "2025-05-18 07:59:54", "elapsed": 24922.503043, "delta": 43.177466}}
{"target": 6.041615201816265, "params": {"x0": 0.8, "x1": 0.9, "x2": 5.30859368507056e-53, "x3": 1.1888710402312199e-52, "x4": 3.5171903219687963, "x5": 12.385553920054848, "x6": 3.0317020405677115, "x7": -1.8035210531731367, "x8": 0.39523929848178285, "x9": 2.499997264541131}, "datetime": {"datetime": "2025-05-18 08:00:23", "elapsed": 24951.893567, "delta": 29.390524}}
{"target": 6.041615201816265, "params": {"x0": 0.8, "x1": 0.9, "x2": 6.632311850380036e-53, "x3": 9.112441449442303e-54, "x4": 3.5171903219687963, "x5": 12.385553920054848, "x6": 3.0317020405677115, "x7": -1.8035210531731367, "x8": 0.39523929848178285, "x9": 2.499997264541131}, "datetime": {"datetime": "2025-05-18 08:00:59", "elapsed": 24987.508363, "delta": 35.614796}}
{"target": 6.041615201816265, "params": {"x0": 0.8, "x1": 0.9, "x2": 8.104204433315189e-53, "x3": 9.053705732654887e-53, "x4": 3.5171903219687963, "x5": 12.385553920054848, "x6": 3.0317020405677115, "x7": -1.8035210531731367, "x8": 0.39523929848178285, "x9": 2.499997264541131}, "datetime": {"datetime": "2025-05-18 08:01:39", "elapsed": 25027.669119, "delta": 40.160756}}
{"target": 6.041615201816265, "params": {"x0": 0.8, "x1": 0.9, "x2": 7.935439062865841e-53, "x3": 6.399586112167975e-53, "x4": 3.5171903219687963, "x5": 12.385553920054848, "x6": 3.0317020405677115, "x7": -1.8035210531731367, "x8": 0.39523929848178285, "x9": 2.499997264541131}, "datetime": {"datetime": "2025-05-18 08:02:13", "elapsed": 25061.710572, "delta": 34.041453}}
{"target": 6.041615201816265, "params": {"x0": 0.8, "x1": 0.9, "x2": 6.295613038460521e-53, "x3": 2.547286783557335e-53, "x4": 3.5171903219687963, "x5": 12.385553920054848, "x6": 3.0317020405677115, "x7": -1.8035210531731367, "x8": 0.39523929848178285, "x9": 2.499997264541131}, "datetime": {"datetime": "2025-05-18 08:02:45", "elapsed": 25094.148711, "delta": 32.438139}}
{"target": 6.041615201816265, "params": {"x0": 0.8, "x1": 0.9, "x2": 1.914619084013021e-53, "x3": 1.7246160721836119e-53, "x4": 3.5171903219687963, "x5": 12.385553920054848, "x6": 3.0317020405677115, "x7": -1.8035210531731367, "x8": 0.39523929848178285, "x9": 2.499997264541131}, "datetime": {"datetime": "2025-05-18 08:03:26", "elapsed": 25134.529841, "delta": 40.38113}}
{"target": 6.041615201816265, "params": {"x0": 0.8, "x1": 0.9, "x2": 3.6268967563276943e-53, "x3": 5.821853553969744e-54, "x4": 3.5171903219687963, "x5": 12.385553920054848, "x6": 3.0317020405677115, "x7": -1.8035210531731367, "x8": 0.39523929848178285, "x9": 2.499997264541131}, "datetime": {"datetime": "2025-05-18 08:04:05", "elapsed": 25174.111547, "delta": 39.581706}}
{"target": 6.041615201816265, "params": {"x0": 0.8, "x1": 0.9, "x2": 1.1545380418524195e-53, "x3": 4.702387691832936e-53, "x4": 3.5171903219687963, "x5": 12.385553920054848, "x6": 3.0317020405677115, "x7": -1.8035210531731367, "x8": 0.39523929848178285, "x9": 2.499997264541131}, "datetime": {"datetime": "2025-05-18 08:04:38", "elapsed": 25206.463477, "delta": 32.35193}}
{"target": 6.041615201816265, "params": {"x0": 0.8, "x1": 0.9, "x2": 2.4624090575150887e-53, "x3": 3.3461181658517405e-54, "x4": 3.5171903219687963, "x5": 12.385553920054848, "x6": 3.0317020405677115, "x7": -1.8035210531731367, "x8": 0.39523929848178285, "x9": 2.499997264541131}, "datetime": {"datetime": "2025-05-18 08:05:07", "elapsed": 25236.265948, "delta": 29.802471}}
{"target": 6.041615201816265, "params": {"x0": 0.8, "x1": 0.9, "x2": 1.399605933714982e-53, "x3": 3.373248879796612e-53, "x4": 3.5171903219687963, "x5": 12.385553920054848, "x6": 3.0317020405677115, "x7": -1.8035210531731367, "x8": 0.39523929848178285, "x9": 2.499997264541131}, "datetime": {"datetime": "2025-05-18 08:05:37", "elapsed": 25265.628775, "delta": 29.362827}}
{"target": 6.041615201816265, "params": {"x0": 0.8, "x1": 0.9, "x2": 1.3881707541472088e-53, "x3": 2.479325190535239e-53, "x4": 3.5171903219687963, "x5": 12.385553920054848, "x6": 3.0317020405677115, "x7": -1.8035210531731367, "x8": 0.39523929848178285, "x9": 2.499997264541131}, "datetime": {"datetime": "2025-05-18 08:06:18", "elapsed": 25306.368644, "delta": 40.739869}}
{"target": 6.041615201816265, "params": {"x0": 0.8, "x1": 0.9, "x2": 3.3862874647926864e-53, "x3": 2.187459889892802e-53, "x4": 3.5171903219687963, "x5": 12.385553920054848, "x6": 3.0317020405677115, "x7": -1.8035210531731367, "x8": 0.39523929848178285, "x9": 2.499997264541131}, "datetime": {"datetime": "2025-05-18 08:06:50", "elapsed": 25339.127814, "delta": 32.75917}}
{"target": 6.041615201816265, "params": {"x0": 0.8, "x1": 0.9, "x2": 4.668432977878483e-55, "x3": 9.381582973871958e-55, "x4": 3.5171903219687963, "x5": 12.385553920054848, "x6": 3.0317020405677115, "x7": -1.8035210531731367, "x8": 0.39523929848178285, "x9": 2.499997264541131}, "datetime": {"datetime": "2025-05-18 08:07:27", "elapsed": 25375.64826, "delta": 36.520446}}
{"target": 6.041615201816265, "params": {"x0": 0.8, "x1": 0.9, "x2": 1.5367249379999305e-53, "x3": 1.641964109288179e-53, "x4": 3.5171903219687963, "x5": 12.385553920054848, "x6": 3.0317020405677115, "x7": -1.8035210531731367, "x8": 0.39523929848178285, "x9": 2.499997264541131}, "datetime": {"datetime": "2025-05-18 08:08:07", "elapsed": 25415.995937, "delta": 40.347677}}
{"target": 6.041615201816265, "params": {"x0": 0.8, "x1": 0.9, "x2": 9.02513873135623e-54, "x3": 2.8037721811822122e-53, "x4": 3.5171903219687963, "x5": 12.385553920054848, "x6": 3.0317020405677115, "x7": -1.8035210531731367, "x8": 0.39523929848178285, "x9": 2.499997264541131}, "datetime": {"datetime": "2025-05-18 08:08:39", "elapsed": 25447.912805, "delta": 31.916868}}
{"target": 6.041615201816265, "params": {"x0": 0.8, "x1": 0.9, "x2": 1.7263449128379631e-53, "x3": 1.361511372719092e-53, "x4": 3.5171903219687963, "x5": 12.385553920054848, "x6": 3.0317020405677115, "x7": -1.8035210531731367, "x8": 0.39523929848178285, "x9": 2.499997264541131}, "datetime": {"datetime": "2025-05-18 08:09:10", "elapsed": 25478.393894, "delta": 30.481089}}
{"target": 6.041615201816265, "params": {"x0": 0.8, "x1": 0.9, "x2": 1.5377554583838617e-54, "x3": 6.091590199377405e-54, "x4": 3.5171903219687963, "x5": 12.385553920054848, "x6": 3.0317020405677115, "x7": -1.8035210531731367, "x8": 0.39523929848178285, "x9": 2.499997264541131}, "datetime": {"datetime": "2025-05-18 08:09:39", "elapsed": 25507.445016, "delta": 29.051122}}
{"target": 6.041615201816265, "params": {"x0": 0.8, "x1": 0.9, "x2": 7.334167467007531e-54, "x3": 3.1116035629714936e-54, "x4": 3.5171903219687963, "x5": 12.385553920054848, "x6": 3.0317020405677115, "x7": -1.8035210531731367, "x8": 0.39523929848178285, "x9": 2.499997264541131}, "datetime": {"datetime": "2025-05-18 08:10:18", "elapsed": 25546.909721, "delta": 39.464705}}
{"target": 6.041615201816265, "params": {"x0": 0.8, "x1": 0.9, "x2": 1.0057769340484592e-53, "x3": 5.991659385085083e-54, "x4": 3.5171903219687963, "x5": 12.385553920054848, "x6": 3.0317020405677115, "x7": -1.8035210531731367, "x8": 0.39523929848178285, "x9": 2.499997264541131}, "datetime": {"datetime": "2025-05-18 08:10:55", "elapsed": 25583.5925, "delta": 36.682779}}
{"target": 6.041615201816265, "params": {"x0": 0.8, "x1": 0.9, "x2": 1.3649603884445532e-53, "x3": 1.0567127615585976e-53, "x4": 3.5171903219687963, "x5": 12.385553920054848, "x6": 3.0317020405677115, "x7": -1.8035210531731367, "x8": 0.39523929848178285, "x9": 2.499997264541131}, "datetime": {"datetime": "2025-05-18 08:11:24", "elapsed": 25612.399154, "delta": 28.806654}}
{"target": 6.041615201816265, "params": {"x0": 0.8, "x1": 0.9, "x2": 1.8823843756604128e-55, "x3": 1.3089297742393786e-53, "x4": 3.5171903219687963, "x5": 12.385553920054848, "x6": 3.0317020405677115, "x7": -1.8035210531731367, "x8": 0.39523929848178285, "x9": 2.499997264541131}, "datetime": {"datetime": "2025-05-18 08:11:51", "elapsed": 25639.616483, "delta": 27.217329}}
{"target": 6.041615201816265, "params": {"x0": 0.8, "x1": 0.9, "x2": 4.541398602149729e-54, "x3": 8.277544403691017e-54, "x4": 3.5171903219687963, "x5": 12.385553920054848, "x6": 3.0317020405677115, "x7": -1.8035210531731367, "x8": 0.39523929848178285, "x9": 2.499997264541131}, "datetime": {"datetime": "2025-05-18 08:12:26", "elapsed": 25674.373923, "delta": 34.75744}}
{"target": 6.041615201816265, "params": {"x0": 0.8, "x1": 0.9, "x2": 9.276334132715556e-54, "x3": 1.958454682790141e-54, "x4": 3.5171903219687963, "x5": 12.385553920054848, "x6": 3.0317020405677115, "x7": -1.8035210531731367, "x8": 0.39523929848178285, "x9": 2.499997264541131}, "datetime": {"datetime": "2025-05-18 08:13:06", "elapsed": 25714.577077, "delta": 40.203154}}
{"target": 6.041615201816265, "params": {"x0": 0.8, "x1": 0.9, "x2": 5.625277473953853e-54, "x3": 2.7474773067567685e-54, "x4": 3.5171903219687963, "x5": 12.385553920054848, "x6": 3.0317020405677115, "x7": -1.8035210531731367, "x8": 0.39523929848178285, "x9": 2.499997264541131}, "datetime": {"datetime": "2025-05-18 08:13:37", "elapsed": 25745.554503, "delta": 30.977426}}
{"target": 6.041615201816265, "params": {"x0": 0.8, "x1": 0.9, "x2": 4.001762276307373e-55, "x3": 8.616655173103052e-54, "x4": 3.5171903219687963, "x5": 12.385553920054848, "x6": 3.0317020405677115, "x7": -1.8035210531731367, "x8": 0.39523929848178285, "x9": 2.499997264541131}, "datetime": {"datetime": "2025-05-18 08:14:15", "elapsed": 25784.145178, "delta": 38.590675}}
