{"target": 6.041615201816265, "params": {"x0": 0.8, "x1": 0.9, "x2": 0.0, "x3": 0.0, "x4": 3.517196383185345, "x5": 12.385576514428008, "x6": 3.031700547056007, "x7": -1.8035245198214276, "x8": 0.3952401149531594, "x9": 2.4999981031262126}, "datetime": {"datetime": "2025-05-18 01:54:08", "elapsed": 2976.399343, "delta": 16.214753}}
{"target": 6.041615201816265, "params": {"x0": 0.8, "x1": 0.9, "x2": 0.0, "x3": 0.0, "x4": 3.51719577706369, "x5": 12.385574244711758, "x6": 3.0317006964071775, "x7": -1.8035241731565985, "x8": 0.39524003330602175, "x9": 2.4999980192677045}, "datetime": {"datetime": "2025-05-18 01:54:24", "elapsed": 2992.551467, "delta": 16.152124}}
{"target": 6.041615201816265, "params": {"x0": 0.8, "x1": 0.9, "x2": 0.0, "x3": 0.0, "x4": 3.5171952315542008, "x5": 12.385572207830704, "x6": 3.031700830823231, "x7": -1.8035238611582523, "x8": 0.3952399598235979, "x9": 2.499997943795047}, "datetime": {"datetime": "2025-05-18 01:54:40", "elapsed": 3009.248426, "delta": 16.696959}}
{"target": 6.041615201816265, "params": {"x0": 0.8, "x1": 0.9, "x2": 0.0, "x3": 0.0, "x4": 3.5171947405956603, "x5": 12.385570391352882, "x6": 3.0317009517976787, "x7": -1.8035235803597407, "x8": 0.39523989368941637, "x9": 2.4999978758696555}, "datetime": {"datetime": "2025-05-18 01:54:56", "elapsed": 3025.142909, "delta": 15.894483}}
{"target": 6.041615201816265, "params": {"x0": 0.8, "x1": 0.9, "x2": 0.0, "x3": 0.0, "x4": 3.517194298732974, "x5": 12.385568744223079, "x6": 3.031701060674682, "x7": -1.8035233276410805, "x8": 0.39523983416865305, "x9": 2.499997814736803}, "datetime": {"datetime": "2025-05-18 01:55:13", "elapsed": 3041.310711, "delta": 16.167802}}
{"target": 6.041615201816265, "params": {"x0": 0.8, "x1": 0.9, "x2": 0.0, "x3": 0.0, "x4": 3.5171939010565563, "x5": 12.385567261806255, "x6": 3.031701158663985, "x7": -1.803523100194286, "x8": 0.395239780599966, "x9": 2.499997759717236}, "datetime": {"datetime": "2025-05-18 01:55:29", "elapsed": 3057.923149, "delta": 16.612438}}
{"target": 6.041615201816265, "params": {"x0": 0.8, "x1": 0.9, "x2": 0.0, "x3": 0.0, "x4": 3.5171935431477803, "x5": 12.385565921723378, "x6": 3.031701246854358, "x7": -1.8035228954921712, "x8": 0.3952397323881477, "x9": 2.4999977101996254}, "datetime": {"datetime": "2025-05-18 01:55:46", "elapsed": 3074.442675, "delta": 16.519526}}
{"target": 6.041615201816265, "params": {"x0": 0.8, "x1": 0.9, "x2": 0.0, "x3": 0.0, "x4": 3.5171932210298817, "x5": 12.385564726872142, "x6": 3.031701326225693, "x7": -1.8035227112602676, "x8": 0.3952396889975112, "x9": 2.4999976656337757}, "datetime": {"datetime": "2025-05-18 01:56:02", "elapsed": 3090.543419, "delta": 16.100744}}
{"target": 6.041615201816265, "params": {"x0": 0.8, "x1": 0.9, "x2": 0.0, "x3": 0.0, "x4": 3.5171929311237733, "x5": 12.385563646191624, "x6": 3.0317013976598948, "x7": -1.8035225454515544, "x8": 0.39523964994593835, "x9": 2.4999976255245113}, "datetime": {"datetime": "2025-05-18 01:56:18", "elapsed": 3106.632665, "delta": 16.089246}}
{"target": 6.041615201816265, "params": {"x0": 0.8, "x1": 0.9, "x2": 0.0, "x3": 0.0, "x4": 3.5171926702082756, "x5": 12.38556267123303, "x6": 3.031701461950677, "x7": -1.8035223962237128, "x8": 0.3952396147995228, "x9": 2.4999975894261732}, "datetime": {"datetime": "2025-05-18 01:56:34", "elapsed": 3122.626584, "delta": 15.993919}}
{"target": 6.041615201816265, "params": {"x0": 0.8, "x1": 0.9, "x2": 0.0, "x3": 0.0, "x4": 3.517192435384328, "x5": 12.385561794058297, "x6": 3.0317015198123802, "x7": -1.803522261918655, "x8": 0.3952395831677488, "x9": 2.499997556937669}, "datetime": {"datetime": "2025-05-18 01:56:50", "elapsed": 3138.641746, "delta": 16.015162}}
{"target": 6.041615201816265, "params": {"x0": 0.8, "x1": 0.9, "x2": 0.0, "x3": 0.0, "x4": 3.5171922240427747, "x5": 12.385561010408559, "x6": 3.0317015718879134, "x7": -1.8035221410441034, "x8": 0.39523955469915223, "x9": 2.499997527698015}, "datetime": {"datetime": "2025-05-18 01:57:06", "elapsed": 3154.687773, "delta": 16.046027}}
{"target": 6.041615201816265, "params": {"x0": 0.8, "x1": 0.9, "x2": 0.0, "x3": 0.0, "x4": 3.517192033835377, "x5": 12.385560301191953, "x6": 3.031701618755893, "x7": -1.8035220322570067, "x8": 0.3952395290774153, "x9": 2.499997501382327}, "datetime": {"datetime": "2025-05-18 01:57:22", "elapsed": 3171.186929, "delta": 16.499156}}
{"target": 6.041615201816265, "params": {"x0": 0.8, "x1": 0.9, "x2": 0.0, "x3": 0.0, "x4": 3.5171918626487186, "x5": 12.385559663241352, "x6": 3.031701660937075, "x7": -1.8035219343486197, "x8": 0.39523950601785207, "x9": 2.4999974776982072}, "datetime": {"datetime": "2025-05-18 01:57:39", "elapsed": 3187.580069, "delta": 16.39314}}
{"target": 6.041615201816265, "params": {"x0": 0.8000000098535072, "x1": 0.9000000369262274, "x2": 3.1406300692816755e-08, "x3": 1.4381936705751306e-09, "x4": 3.5171916569910344, "x5": 12.385553851076097, "x6": 3.031701721574178, "x7": -1.8035218357743927, "x8": 0.3952392066494536, "x9": 2.4999972590280968}, "datetime": {"datetime": "2025-05-18 01:57:55", "elapsed": 3203.572083, "delta": 15.992014}}
{"target": 6.041615201816265, "params": {"x0": 0.8000000098929017, "x1": 0.9000000046856026, "x2": 1.4083183983145798e-08, "x3": 3.734895680005875e-08, "x4": 3.5171913659488285, "x5": 12.385556628217753, "x6": 3.0317022209474453, "x7": -1.803521374234444, "x8": 0.3952391821590378, "x9": 2.4999973874523977}, "datetime": {"datetime": "2025-05-18 01:58:11", "elapsed": 3219.498463, "delta": 15.92638}}
{"target": 6.041615201816265, "params": {"x0": 0.8000000081726941, "x1": 0.9000000072824181, "x2": 1.023591407433008e-09, "x3": 2.106106212384991e-09, "x4": 3.5171909939468367, "x5": 12.385553717595924, "x6": 3.031702283643813, "x7": -1.8035215289106314, "x8": 0.3952394206996203, "x9": 2.499997338085861}, "datetime": {"datetime": "2025-05-18 01:58:27", "elapsed": 3235.770733, "delta": 16.27227}}
{"target": 6.041615201816265, "params": {"x0": 0.8000000019442716, "x1": 0.9000000243841173, "x2": 9.214336703440939e-08, "x3": 1.2447616172843527e-08, "x4": 3.5171911682968213, "x5": 12.385554818199799, "x6": 3.0317019465545334, "x7": -1.803521474754021, "x8": 0.3952394209566745, "x9": 2.4999973678916674}, "datetime": {"datetime": "2025-05-18 01:58:43", "elapsed": 3251.901617, "delta": 16.130884}}
{"target": 6.041615201816265, "params": {"x0": 0.8000000060733357, "x1": 0.9000000005268813, "x2": 4.6910974146269726e-08, "x3": 3.905262082201065e-08, "x4": 3.5171912276236688, "x5": 12.385556314310998, "x6": 3.0317018344809665, "x7": -1.8035214673768365, "x8": 0.39523940880565234, "x9": 2.4999972639304153}, "datetime": {"datetime": "2025-05-18 01:59:00", "elapsed": 3268.317167, "delta": 16.41555}}
{"target": 6.041615201816265, "params": {"x0": 0.8000000086066205, "x1": 0.900000003449255, "x2": 2.233804074943854e-08, "x3": 7.682318844572088e-09, "x4": 3.517190507101192, "x5": 12.385552894699783, "x6": 3.0317021083022375, "x7": -1.803521518840319, "x8": 0.39523934405757777, "x9": 2.4999972598496147}, "datetime": {"datetime": "2025-05-18 01:59:16", "elapsed": 3284.581348, "delta": 16.264181}}
{"target": 6.041615201816265, "params": {"x0": 0.8000000090782992, "x1": 0.9000000098554004, "x2": 1.7657455271812386e-08, "x3": 6.994050245807704e-09, "x4": 3.517190867814831, "x5": 12.385551432408741, "x6": 3.0317020942201696, "x7": -1.803521347670526, "x8": 0.39523936685039135, "x9": 2.4999973225414402}, "datetime": {"datetime": "2025-05-18 01:59:32", "elapsed": 3300.768436, "delta": 16.187088}}
{"target": 6.041615201816265, "params": {"x0": 0.8000000062628876, "x1": 0.9000000013946732, "x2": 1.5768192648737026e-08, "x3": 6.964259248198583e-09, "x4": 3.5171909776797596, "x5": 12.385552573246143, "x6": 3.0317020171673636, "x7": -1.8035210610193968, "x8": 0.3952393539409689, "x9": 2.4999973207124233}, "datetime": {"datetime": "2025-05-18 01:59:48", "elapsed": 3316.404735, "delta": 15.636299}}
{"target": 6.041615201816265, "params": {"x0": 0.8000000051258802, "x1": 0.9000000115384427, "x2": 9.85627848681337e-09, "x3": 1.7470850368567193e-09, "x4": 3.517190894707996, "x5": 12.385555851535733, "x6": 3.03170198426838, "x7": -1.8035213339528957, "x8": 0.3952392772972195, "x9": 2.4999972828032373}, "datetime": {"datetime": "2025-05-18 02:00:03", "elapsed": 3332.013021, "delta": 15.608286}}
{"target": 6.041615201816265, "params": {"x0": 0.8000000045402123, "x1": 0.900000021680942, "x2": 1.4184762518582174e-08, "x3": 7.748708904584603e-10, "x4": 3.5171907660233583, "x5": 12.385552315751307, "x6": 3.031702020148119, "x7": -1.803521313400073, "x8": 0.3952393439883164, "x9": 2.4999973085978753}, "datetime": {"datetime": "2025-05-18 02:00:19", "elapsed": 3347.314018, "delta": 15.300997}}
{"target": 6.041615201816265, "params": {"x0": 0.8000000063709019, "x1": 0.9000000021089423, "x2": 3.114712573249988e-08, "x3": 2.4586562528546254e-09, "x4": 3.51719054405202, "x5": 12.385555497351763, "x6": 3.031702082164886, "x7": -1.8035211953668642, "x8": 0.39523928881266784, "x9": 2.499997302721031}, "datetime": {"datetime": "2025-05-18 02:00:35", "elapsed": 3363.951247, "delta": 16.637229}}
{"target": 6.041615201816265, "params": {"x0": 0.8000000059027033, "x1": 0.9000000016219571, "x2": 1.1316205361033329e-08, "x3": 3.95680752644242e-09, "x4": 3.517190580262773, "x5": 12.385555516550898, "x6": 3.031702101537055, "x7": -1.803521201813816, "x8": 0.3952393456091419, "x9": 2.4999972786012035}, "datetime": {"datetime": "2025-05-18 02:00:51", "elapsed": 3380.086164, "delta": 16.134917}}
{"target": 6.041615201816265, "params": {"x0": 0.8000000032469271, "x1": 0.9000000068547385, "x2": 1.4779490004264413e-09, "x3": 5.442404096592319e-09, "x4": 3.5171905131772974, "x5": 12.385552518103388, "x6": 3.031701965081181, "x7": -1.803521183177906, "x8": 0.39523932726892014, "x9": 2.499997263166425}, "datetime": {"datetime": "2025-05-18 02:01:07", "elapsed": 3396.139395, "delta": 16.053231}}
{"target": 6.041615201816265, "params": {"x0": 0.8000000033099562, "x1": 0.9000000039490339, "x2": 3.1461595422759944e-10, "x3": 4.6219806565915255e-10, "x4": 3.5171905883977246, "x5": 12.385553031447063, "x6": 3.031702034431817, "x7": -1.803521214695989, "x8": 0.3952393204343021, "x9": 2.4999972583758914}, "datetime": {"datetime": "2025-05-18 02:01:24", "elapsed": 3412.329075, "delta": 16.18968}}
{"target": 6.041615201816265, "params": {"x0": 0.8000000017937335, "x1": 0.900000001280282, "x2": 3.487295068513012e-09, "x3": 3.646512218460283e-09, "x4": 3.5171905496188396, "x5": 12.385554010186619, "x6": 3.0317020153191594, "x7": -1.8035211383409129, "x8": 0.39523930532946555, "x9": 2.499997244104692}, "datetime": {"datetime": "2025-05-18 02:01:39", "elapsed": 3428.136398, "delta": 15.807323}}
{"target": 6.041615201816265, "params": {"x0": 0.8000000014800521, "x1": 0.9000000022949609, "x2": 3.4278852110231043e-09, "x3": 8.03872451569585e-09, "x4": 3.51719057157997, "x5": 12.385554025677456, "x6": 3.0317020954687255, "x7": -1.8035212134597867, "x8": 0.39523931791550826, "x9": 2.4999973031580014}, "datetime": {"datetime": "2025-05-18 02:01:55", "elapsed": 3444.26148, "delta": 16.125082}}
{"target": 6.041615201816265, "params": {"x0": 0.800000000923187, "x1": 0.9000000001659327, "x2": 1.7630563844343184e-10, "x3": 7.1754242272329994e-09, "x4": 3.5171904109258207, "x5": 12.385554796866407, "x6": 3.0317020528114336, "x7": -1.8035211998668321, "x8": 0.39523932204616596, "x9": 2.499997298990606}, "datetime": {"datetime": "2025-05-18 02:02:12", "elapsed": 3460.537529, "delta": 16.276049}}
{"target": 6.041615201816265, "params": {"x0": 0.8000000013835582, "x1": 0.9000000025875019, "x2": 8.158643481163077e-09, "x3": 3.094547425671662e-09, "x4": 3.517190544490453, "x5": 12.385554438089036, "x6": 3.03170207494366, "x7": -1.8035211292680493, "x8": 0.3952393289405433, "x9": 2.499997282311925}, "datetime": {"datetime": "2025-05-18 02:02:28", "elapsed": 3476.546825, "delta": 16.009296}}
{"target": 6.041615201816265, "params": {"x0": 0.8000000009685331, "x1": 0.9000000003338865, "x2": 5.576385430127245e-10, "x3": 9.204827097846286e-09, "x4": 3.5171905049645416, "x5": 12.385554665071476, "x6": 3.031701992359637, "x7": -1.8035211718740738, "x8": 0.39523930605930074, "x9": 2.4999972832315485}, "datetime": {"datetime": "2025-05-18 02:02:44", "elapsed": 3492.821352, "delta": 16.274527}}
{"target": 6.041615201816265, "params": {"x0": 0.8000000005936169, "x1": 0.9000000033967652, "x2": 8.840172763558203e-09, "x3": 5.269199180860524e-09, "x4": 3.5171904761645045, "x5": 12.385554489409932, "x6": 3.03170206870401, "x7": -1.8035211220902558, "x8": 0.39523932302443654, "x9": 2.499997280608156}, "datetime": {"datetime": "2025-05-18 02:03:01", "elapsed": 3509.384165, "delta": 16.562813}}
{"target": 6.041615201816265, "params": {"x0": 0.8000000018286957, "x1": 0.9000000014316886, "x2": 1.6133833665722177e-09, "x3": 3.321903744607242e-09, "x4": 3.517190482165076, "x5": 12.385554384927934, "x6": 3.031702068552066, "x7": -1.8035211442643944, "x8": 0.3952392945136122, "x9": 2.4999972595303626}, "datetime": {"datetime": "2025-05-18 02:03:17", "elapsed": 3525.469623, "delta": 16.085458}}
{"target": 6.041615201816265, "params": {"x0": 0.8000000012226332, "x1": 0.9000000018931632, "x2": 1.3641519236609932e-09, "x3": 3.4321492631096023e-09, "x4": 3.5171904698181606, "x5": 12.385553431787347, "x6": 3.0317020485273414, "x7": -1.8035211137527725, "x8": 0.3952392958995463, "x9": 2.4999972831653468}, "datetime": {"datetime": "2025-05-18 02:03:33", "elapsed": 3541.544802, "delta": 16.075179}}
{"target": 6.041615201816265, "params": {"x0": 0.8000000014980537, "x1": 0.9000000011823681, "x2": 3.6305231456736156e-09, "x3": 7.2506570929825e-10, "x4": 3.5171903261070425, "x5": 12.385554394644112, "x6": 3.0317020363671654, "x7": -1.8035210782781979, "x8": 0.395239316690371, "x9": 2.499997280554893}, "datetime": {"datetime": "2025-05-18 02:03:49", "elapsed": 3557.35607, "delta": 15.811268}}
{"target": 6.041615201816265, "params": {"x0": 0.8000000000250077, "x1": 0.9000000012375585, "x2": 3.187026936426123e-09, "x3": 5.506717230565143e-10, "x4": 3.5171904048080638, "x5": 12.385554054056845, "x6": 3.0317020232545104, "x7": -1.8035211190121951, "x8": 0.3952392997471689, "x9": 2.4999972686187357}, "datetime": {"datetime": "2025-05-18 02:04:05", "elapsed": 3573.627056, "delta": 16.270986}}
{"target": 6.041615201816265, "params": {"x0": 0.8000000010187719, "x1": 0.900000000122963, "x2": 2.0780744638453303e-09, "x3": 2.060984237457335e-10, "x4": 3.5171904170782033, "x5": 12.38555360453657, "x6": 3.031702051441494, "x7": -1.8035210847133807, "x8": 0.3952393054742167, "x9": 2.4999972591246706}, "datetime": {"datetime": "2025-05-18 02:04:21", "elapsed": 3589.854664, "delta": 16.227608}}
{"target": 6.041615201816265, "params": {"x0": 0.8000000009036444, "x1": 0.9000000006856291, "x2": 5.837732893246837e-09, "x3": 1.043666708038315e-09, "x4": 3.5171904048207456, "x5": 12.385553843398007, "x6": 3.0317020363562523, "x7": -1.8035211087369534, "x8": 0.3952393094852661, "x9": 2.499997265256271}, "datetime": {"datetime": "2025-05-18 02:04:36", "elapsed": 3605.303154, "delta": 15.44849}}
{"target": 6.041615201816265, "params": {"x0": 0.8000000009742229, "x1": 0.900000001638116, "x2": 1.535871232918952e-09, "x3": 1.5614159333153865e-09, "x4": 3.5171903451617244, "x5": 12.385553891241877, "x6": 3.0317020223448345, "x7": -1.8035210835560316, "x8": 0.395239306569638, "x9": 2.499997274537726}, "datetime": {"datetime": "2025-05-18 02:04:53", "elapsed": 3621.63235, "delta": 16.329196}}
{"target": 6.041615201816265, "params": {"x0": 0.8000000002732752, "x1": 0.9000000000326237, "x2": 4.089098507724738e-09, "x3": 1.2162295894295286e-09, "x4": 3.517190366001321, "x5": 12.385553710704603, "x6": 3.0317020525963794, "x7": -1.8035210868472107, "x8": 0.3952392971876502, "x9": 2.4999972753714945}, "datetime": {"datetime": "2025-05-18 02:05:09", "elapsed": 3637.942223, "delta": 16.309873}}
{"target": 6.041615201816265, "params": {"x0": 0.8000000000774632, "x1": 0.9000000006492823, "x2": 1.5756586600876728e-09, "x3": 1.0194440646970624e-09, "x4": 3.517190332238567, "x5": 12.385553949107186, "x6": 3.0317020231839678, "x7": -1.8035210922303424, "x8": 0.39523930452303097, "x9": 2.4999972692027237}, "datetime": {"datetime": "2025-05-18 02:05:26", "elapsed": 3654.345142, "delta": 16.402919}}
{"target": 6.041615201816265, "params": {"x0": 0.8000000000964071, "x1": 0.9000000012582687, "x2": 1.494064080158546e-10, "x3": 2.0533612524278355e-09, "x4": 3.5171903328838066, "x5": 12.385554041369907, "x6": 3.0317020340569774, "x7": -1.8035210796375423, "x8": 0.3952393038625615, "x9": 2.4999972719407832}, "datetime": {"datetime": "2025-05-18 02:05:42", "elapsed": 3670.612835, "delta": 16.267693}}
{"target": 6.041615201816265, "params": {"x0": 0.8000000006680149, "x1": 0.9000000003141184, "x2": 1.6358464970979264e-09, "x3": 2.7882201263592666e-10, "x4": 3.5171903748159967, "x5": 12.385553861774035, "x6": 3.0317020548209483, "x7": -1.8035210652566012, "x8": 0.39523929982345485, "x9": 2.4999972724237605}, "datetime": {"datetime": "2025-05-18 02:05:58", "elapsed": 3686.542396, "delta": 15.929561}}
{"target": 6.041615201816265, "params": {"x0": 0.800000000078805, "x1": 0.9000000003044124, "x2": 7.874457293142928e-10, "x3": 2.9984177568772284e-10, "x4": 3.5171903371521025, "x5": 12.385553744249309, "x6": 3.031702046439843, "x7": -1.803521071439016, "x8": 0.3952393007106855, "x9": 2.499997270721541}, "datetime": {"datetime": "2025-05-18 02:06:14", "elapsed": 3703.260872, "delta": 16.718476}}
{"target": 6.041615201816265, "params": {"x0": 0.8000000001246761, "x1": 0.900000000590926, "x2": 1.1254061479564052e-09, "x3": 1.0413403917888109e-09, "x4": 3.5171903455370592, "x5": 12.385553766470945, "x6": 3.0317020320778583, "x7": -1.8035210796259458, "x8": 0.39523930260723833, "x9": 2.49999726614476}, "datetime": {"datetime": "2025-05-18 02:06:31", "elapsed": 3719.631418, "delta": 16.370546}}
{"target": 6.041615201816265, "params": {"x0": 0.8000000002391326, "x1": 0.9000000001782533, "x2": 1.6573008095356429e-09, "x3": 3.082997771111122e-10, "x4": 3.5171903573903154, "x5": 12.385553979037676, "x6": 3.0317020403593484, "x7": -1.8035210580215084, "x8": 0.3952393030508326, "x9": 2.4999972664704226}, "datetime": {"datetime": "2025-05-18 02:06:47", "elapsed": 3735.599262, "delta": 15.967844}}
{"target": 6.041615201816265, "params": {"x0": 0.8000000002339804, "x1": 0.9000000003056751, "x2": 6.597650294770294e-10, "x3": 3.4728016894865096e-10, "x4": 3.5171903406170983, "x5": 12.385553778902205, "x6": 3.03170203534733, "x7": -1.803521070108374, "x8": 0.3952393034965525, "x9": 2.4999972681140465}, "datetime": {"datetime": "2025-05-18 02:07:03", "elapsed": 3751.680834, "delta": 16.081572}}
{"target": 6.041615201816265, "params": {"x0": 0.8000000002766321, "x1": 0.9000000004935285, "x2": 7.143702323746576e-10, "x3": 4.4780329189013957e-10, "x4": 3.517190323424703, "x5": 12.385554001077344, "x6": 3.0317020457324095, "x7": -1.8035210728856905, "x8": 0.3952393019314614, "x9": 2.4999972674983915}, "datetime": {"datetime": "2025-05-18 02:07:19", "elapsed": 3767.833408, "delta": 16.152574}}
{"target": 6.041615201816265, "params": {"x0": 0.8000000003187777, "x1": 0.9000000009496688, "x2": 4.5518769058910635e-10, "x3": 3.704717606638487e-11, "x4": 3.517190351791165, "x5": 12.385553990620927, "x6": 3.031702042594057, "x7": -1.8035210703797937, "x8": 0.39523930134162644, "x9": 2.499997263208104}, "datetime": {"datetime": "2025-05-18 02:07:35", "elapsed": 3783.38971, "delta": 15.556302}}
{"target": 6.041615201816265, "params": {"x0": 0.800000000264394, "x1": 0.900000000155593, "x2": 8.128507194183492e-10, "x3": 7.042099731868691e-10, "x4": 3.517190344479911, "x5": 12.385553893149513, "x6": 3.031702035606958, "x7": -1.8035210656819176, "x8": 0.3952392982726589, "x9": 2.4999972674805266}, "datetime": {"datetime": "2025-05-18 02:07:51", "elapsed": 3799.320812, "delta": 15.931102}}
{"target": 6.041615201816265, "params": {"x0": 0.8000000000291942, "x1": 0.9000000000674193, "x2": 6.646426610919494e-10, "x3": 5.12290570603766e-10, "x4": 3.51719034411692, "x5": 12.385553974554897, "x6": 3.0317020411857265, "x7": -1.803521058351719, "x8": 0.39523929897710725, "x9": 2.499997263447628}, "datetime": {"datetime": "2025-05-18 02:08:07", "elapsed": 3815.500684, "delta": 16.179872}}
{"target": 6.041615201816265, "params": {"x0": 0.8000000001285802, "x1": 0.9000000002862771, "x2": 2.953354823577905e-10, "x3": 6.061211671642133e-10, "x4": 3.5171903248034098, "x5": 12.385553921691185, "x6": 3.031702039187891, "x7": -1.8035210642169093, "x8": 0.3952393003527244, "x9": 2.4999972666586925}, "datetime": {"datetime": "2025-05-18 02:08:23", "elapsed": 3831.835507, "delta": 16.334823}}
{"target": 6.041615201816265, "params": {"x0": 0.80000000000977, "x1": 0.9000000000944429, "x2": 5.232198096632866e-10, "x3": 4.1830218974202483e-10, "x4": 3.517190337940926, "x5": 12.385553926914483, "x6": 3.0317020421521192, "x7": -1.8035210621967241, "x8": 0.3952393009673953, "x9": 2.4999972657617797}, "datetime": {"datetime": "2025-05-18 02:08:39", "elapsed": 3847.575021, "delta": 15.739514}}
{"target": 6.041615201816265, "params": {"x0": 0.8000000000114943, "x1": 0.9000000000181133, "x2": 2.6233998903530397e-10, "x3": 1.1755051054957484e-10, "x4": 3.5171903299936256, "x5": 12.3855539532334, "x6": 3.031702040980242, "x7": -1.8035210598151756, "x8": 0.3952393004044185, "x9": 2.499997265293112}, "datetime": {"datetime": "2025-05-18 02:08:55", "elapsed": 3863.942867, "delta": 16.367846}}
{"target": 6.041615201816265, "params": {"x0": 0.8000000000975673, "x1": 0.9000000001640626, "x2": 1.4977097080625886e-10, "x3": 1.7155493943728265e-10, "x4": 3.5171903383445073, "x5": 12.385553920238502, "x6": 3.031702041045878, "x7": -1.8035210619526187, "x8": 0.3952393000802132, "x9": 2.499997263440902}, "datetime": {"datetime": "2025-05-18 02:09:11", "elapsed": 3879.514141, "delta": 15.571274}}
