{"target": 380.37510619259785, "params": {"x0": 1.0218835431687043, "x1": 3.2835324930181096, "x2": 8.251189347000208, "x3": 4.689752363535392, "x4": 9.160530551894475, "x5": 1.9666257851700546, "x6": 15.290469802962166, "x7": -2.764075850541204, "x8": 0.10884344641958517, "x9": 2.418322403751983}, "datetime": {"datetime": "2025-05-11 05:23:16", "elapsed": 9649.910511, "delta": 16.79327}}
{"target": 380.37510619259785, "params": {"x0": 1.0218835431687043, "x1": 3.2835324930181096, "x2": 8.251189347000208, "x3": 4.689752363535392, "x4": 9.160530551894475, "x5": 1.9666257851700546, "x6": 15.290469802962166, "x7": -2.764075850541204, "x8": 0.10884344641958517, "x9": 2.418322403751983}, "datetime": {"datetime": "2025-05-11 05:23:34", "elapsed": 9668.155775, "delta": 18.245264}}
{"target": 380.37510619259785, "params": {"x0": 1.0218835431687043, "x1": 3.2835324930181096, "x2": 8.251189347000208, "x3": 4.689752363535392, "x4": 9.160530551894475, "x5": 1.9666257851700546, "x6": 15.290469802962166, "x7": -2.764075850541204, "x8": 0.10884344641958517, "x9": 2.418322403751983}, "datetime": {"datetime": "2025-05-11 05:23:51", "elapsed": 9685.077388, "delta": 16.921613}}
{"target": 380.37510619259785, "params": {"x0": 1.0218835431687043, "x1": 3.2835324930181096, "x2": 8.251189347000208, "x3": 4.689752363535392, "x4": 9.160530551894475, "x5": 1.9666257851700546, "x6": 15.290469802962166, "x7": -2.764075850541204, "x8": 0.10884344641958517, "x9": 2.418322403751983}, "datetime": {"datetime": "2025-05-11 05:24:12", "elapsed": 9706.221852, "delta": 21.144464}}
{"target": 380.37510619259785, "params": {"x0": 1.0218835431687043, "x1": 3.2835324930181096, "x2": 8.251189347000208, "x3": 4.689752363535392, "x4": 9.160530551894475, "x5": 1.9666257851700546, "x6": 15.290469802962166, "x7": -2.764075850541204, "x8": 0.10884344641958517, "x9": 2.418322403751983}, "datetime": {"datetime": "2025-05-11 05:24:28", "elapsed": 9721.884809, "delta": 15.662957}}
{"target": 380.37510619259785, "params": {"x0": 1.0218835431687043, "x1": 3.2835324930181096, "x2": 8.251189347000208, "x3": 4.689752363535392, "x4": 9.160530551894475, "x5": 1.9666257851700546, "x6": 15.290469802962166, "x7": -2.764075850541204, "x8": 0.10884344641958517, "x9": 2.418322403751983}, "datetime": {"datetime": "2025-05-11 05:24:46", "elapsed": 9740.384971, "delta": 18.500162}}
{"target": 380.37510619259785, "params": {"x0": 1.0218835431687043, "x1": 3.2835324930181096, "x2": 8.251189347000208, "x3": 4.689752363535392, "x4": 9.160530551894475, "x5": 1.9666257851700546, "x6": 15.290469802962166, "x7": -2.764075850541204, "x8": 0.10884344641958517, "x9": 2.418322403751983}, "datetime": {"datetime": "2025-05-11 05:25:02", "elapsed": 9756.79441, "delta": 16.409439}}
{"target": 380.37510619259785, "params": {"x0": 1.0218835431687043, "x1": 3.2835324930181096, "x2": 8.251189347000208, "x3": 4.689752363535392, "x4": 9.160530551894475, "x5": 1.9666257851700546, "x6": 15.290469802962166, "x7": -2.764075850541204, "x8": 0.10884344641958517, "x9": 2.418322403751983}, "datetime": {"datetime": "2025-05-11 05:25:19", "elapsed": 9773.155617, "delta": 16.361207}}
{"target": 380.37510619259785, "params": {"x0": 1.0218835431687043, "x1": 3.2835324930181096, "x2": 8.251189347000208, "x3": 4.689752363535392, "x4": 9.160530551894475, "x5": 1.9666257851700546, "x6": 15.290469802962166, "x7": -2.764075850541204, "x8": 0.10884344641958517, "x9": 2.418322403751983}, "datetime": {"datetime": "2025-05-11 05:25:34", "elapsed": 9788.470207, "delta": 15.31459}}
{"target": 380.37510619259785, "params": {"x0": 1.0218835431687043, "x1": 3.2835324930181096, "x2": 8.251189347000208, "x3": 4.689752363535392, "x4": 9.160530551894475, "x5": 1.9666257851700546, "x6": 15.290469802962166, "x7": -2.764075850541204, "x8": 0.10884344641958517, "x9": 2.418322403751983}, "datetime": {"datetime": "2025-05-11 05:25:51", "elapsed": 9805.655184, "delta": 17.184977}}
{"target": 380.37510619259785, "params": {"x0": 1.0218835431687043, "x1": 3.2835324930181096, "x2": 8.251189347000208, "x3": 4.689752363535392, "x4": 9.160530551894475, "x5": 1.9666257851700546, "x6": 15.290469802962166, "x7": -2.764075850541204, "x8": 0.10884344641958517, "x9": 2.418322403751983}, "datetime": {"datetime": "2025-05-11 05:26:07", "elapsed": 9821.551084, "delta": 15.8959}}
{"target": 380.37510619259785, "params": {"x0": 1.0218835431687043, "x1": 3.2835324930181096, "x2": 8.251189347000208, "x3": 4.689752363535392, "x4": 9.160530551894475, "x5": 1.9666257851700546, "x6": 15.290469802962166, "x7": -2.764075850541204, "x8": 0.10884344641958517, "x9": 2.418322403751983}, "datetime": {"datetime": "2025-05-11 05:26:25", "elapsed": 9839.153369, "delta": 17.602285}}
{"target": 380.37510619259785, "params": {"x0": 1.0218835431687043, "x1": 3.2835324930181096, "x2": 8.251189347000208, "x3": 4.689752363535392, "x4": 9.160530551894475, "x5": 1.9666257851700546, "x6": 15.290469802962166, "x7": -2.764075850541204, "x8": 0.10884344641958517, "x9": 2.418322403751983}, "datetime": {"datetime": "2025-05-11 05:26:43", "elapsed": 9857.231252, "delta": 18.077883}}
{"target": 380.37510619259785, "params": {"x0": 1.0218835431687043, "x1": 3.2835324930181096, "x2": 8.251189347000208, "x3": 4.689752363535392, "x4": 9.160530551894475, "x5": 1.9666257851700546, "x6": 15.290469802962166, "x7": -2.764075850541204, "x8": 0.10884344641958517, "x9": 2.418322403751983}, "datetime": {"datetime": "2025-05-11 05:26:59", "elapsed": 9873.324441, "delta": 16.093189}}
{"target": 380.37510619259785, "params": {"x0": 1.0218835431687043, "x1": 3.2835324930181096, "x2": 8.251189347000208, "x3": 4.689752363535392, "x4": 9.160530551894475, "x5": 1.9666257851700546, "x6": 15.290469802962166, "x7": -2.764075850541204, "x8": 0.10884344641958517, "x9": 2.418322403751983}, "datetime": {"datetime": "2025-05-11 05:27:18", "elapsed": 9892.172779, "delta": 18.848338}}
{"target": 380.37510619259785, "params": {"x0": 1.0218835431687043, "x1": 3.2835324930181096, "x2": 8.251189347000208, "x3": 4.689752363535392, "x4": 9.160530551894475, "x5": 1.9666257851700546, "x6": 15.290469802962166, "x7": -2.764075850541204, "x8": 0.10884344641958517, "x9": 2.418322403751983}, "datetime": {"datetime": "2025-05-11 05:27:42", "elapsed": 9916.60309, "delta": 24.430311}}
{"target": 380.37510619259785, "params": {"x0": 1.0218835431687043, "x1": 3.2835324930181096, "x2": 8.251189347000208, "x3": 4.689752363535392, "x4": 9.160530551894475, "x5": 1.9666257851700546, "x6": 15.290469802962166, "x7": -2.764075850541204, "x8": 0.10884344641958517, "x9": 2.418322403751983}, "datetime": {"datetime": "2025-05-11 05:27:57", "elapsed": 9931.248824, "delta": 14.645734}}
{"target": 380.37510619259785, "params": {"x0": 1.0218835431687043, "x1": 3.2835324930181096, "x2": 8.251189347000208, "x3": 4.689752363535392, "x4": 9.160530551894475, "x5": 1.9666257851700546, "x6": 15.290469802962166, "x7": -2.764075850541204, "x8": 0.10884344641958517, "x9": 2.418322403751983}, "datetime": {"datetime": "2025-05-11 05:28:21", "elapsed": 9955.393399, "delta": 24.144575}}
{"target": 380.37510619259785, "params": {"x0": 1.0218835431687043, "x1": 3.2835324930181096, "x2": 8.251189347000208, "x3": 4.689752363535392, "x4": 9.160530551894475, "x5": 1.9666257851700546, "x6": 15.290469802962166, "x7": -2.764075850541204, "x8": 0.10884344641958517, "x9": 2.418322403751983}, "datetime": {"datetime": "2025-05-11 05:28:39", "elapsed": 9973.519911, "delta": 18.126512}}
{"target": 380.37510619259785, "params": {"x0": 1.0218835431687043, "x1": 3.2835324930181096, "x2": 8.251189347000208, "x3": 4.689752363535392, "x4": 9.160530551894475, "x5": 1.9666257851700546, "x6": 15.290469802962166, "x7": -2.764075850541204, "x8": 0.10884344641958517, "x9": 2.418322403751983}, "datetime": {"datetime": "2025-05-11 05:28:59", "elapsed": 9993.69529, "delta": 20.175379}}
{"target": 380.37510619259785, "params": {"x0": 1.0218835431687043, "x1": 3.2835324930181096, "x2": 8.251189347000208, "x3": 4.689752363535392, "x4": 9.160530551894475, "x5": 1.9666257851700546, "x6": 15.290469802962166, "x7": -2.764075850541204, "x8": 0.10884344641958517, "x9": 2.418322403751983}, "datetime": {"datetime": "2025-05-11 05:29:18", "elapsed": 10012.53623, "delta": 18.84094}}
{"target": 380.37510619259785, "params": {"x0": 1.0218835431687043, "x1": 3.2835324930181096, "x2": 8.251189347000208, "x3": 4.689752363535392, "x4": 9.160530551894475, "x5": 1.9666257851700546, "x6": 15.290469802962166, "x7": -2.764075850541204, "x8": 0.10884344641958517, "x9": 2.418322403751983}, "datetime": {"datetime": "2025-05-11 05:29:34", "elapsed": 10028.577729, "delta": 16.041499}}
{"target": 380.37510619259785, "params": {"x0": 1.0218835431687043, "x1": 3.2835324930181096, "x2": 8.251189347000208, "x3": 4.689752363535392, "x4": 9.160530551894475, "x5": 1.9666257851700546, "x6": 15.290469802962166, "x7": -2.764075850541204, "x8": 0.10884344641958517, "x9": 2.418322403751983}, "datetime": {"datetime": "2025-05-11 05:29:51", "elapsed": 10045.259328, "delta": 16.681599}}
{"target": 380.37510619259785, "params": {"x0": 1.0218835431687043, "x1": 3.2835324930181096, "x2": 8.251189347000208, "x3": 4.689752363535392, "x4": 9.160530551894475, "x5": 1.9666257851700546, "x6": 15.290469802962166, "x7": -2.764075850541204, "x8": 0.10884344641958517, "x9": 2.418322403751983}, "datetime": {"datetime": "2025-05-11 05:30:12", "elapsed": 10065.92925, "delta": 20.669922}}
{"target": 380.37510619259785, "params": {"x0": 1.0218835431687043, "x1": 3.2835324930181096, "x2": 8.251189347000208, "x3": 4.689752363535392, "x4": 9.160530551894475, "x5": 1.9666257851700546, "x6": 15.290469802962166, "x7": -2.764075850541204, "x8": 0.10884344641958517, "x9": 2.418322403751983}, "datetime": {"datetime": "2025-05-11 05:30:28", "elapsed": 10082.267082, "delta": 16.337832}}
{"target": 380.37510619259785, "params": {"x0": 1.0218835431687043, "x1": 3.2835324930181096, "x2": 8.251189347000208, "x3": 4.689752363535392, "x4": 9.160530551894475, "x5": 1.9666257851700546, "x6": 15.290469802962166, "x7": -2.764075850541204, "x8": 0.10884344641958517, "x9": 2.418322403751983}, "datetime": {"datetime": "2025-05-11 05:30:46", "elapsed": 10100.24361, "delta": 17.976528}}
{"target": 380.37510619259785, "params": {"x0": 1.0218835431687043, "x1": 3.2835324930181096, "x2": 8.251189347000208, "x3": 4.689752363535392, "x4": 9.160530551894475, "x5": 1.9666257851700546, "x6": 15.290469802962166, "x7": -2.764075850541204, "x8": 0.10884344641958517, "x9": 2.418322403751983}, "datetime": {"datetime": "2025-05-11 05:31:08", "elapsed": 10122.358903, "delta": 22.115293}}
{"target": 380.37510619259785, "params": {"x0": 1.0218835431687043, "x1": 3.2835324930181096, "x2": 8.251189347000208, "x3": 4.689752363535392, "x4": 9.160530551894475, "x5": 1.9666257851700546, "x6": 15.290469802962166, "x7": -2.764075850541204, "x8": 0.10884344641958517, "x9": 2.418322403751983}, "datetime": {"datetime": "2025-05-11 05:31:26", "elapsed": 10140.558639, "delta": 18.199736}}
{"target": 380.37510619259785, "params": {"x0": 1.0218835431687043, "x1": 3.2835324930181096, "x2": 8.251189347000208, "x3": 4.689752363535392, "x4": 9.160530551894475, "x5": 1.9666257851700546, "x6": 15.290469802962166, "x7": -2.764075850541204, "x8": 0.10884344641958517, "x9": 2.418322403751983}, "datetime": {"datetime": "2025-05-11 05:31:42", "elapsed": 10156.705472, "delta": 16.146833}}
{"target": 380.37510619259785, "params": {"x0": 1.0218835431687043, "x1": 3.2835324930181096, "x2": 8.251189347000208, "x3": 4.689752363535392, "x4": 9.160530551894475, "x5": 1.9666257851700546, "x6": 15.290469802962166, "x7": -2.764075850541204, "x8": 0.10884344641958517, "x9": 2.418322403751983}, "datetime": {"datetime": "2025-05-11 05:31:59", "elapsed": 10172.951636, "delta": 16.246164}}
{"target": 380.37510619259785, "params": {"x0": 1.0218835431687043, "x1": 3.2835324930181096, "x2": 8.251189347000208, "x3": 4.689752363535392, "x4": 9.160530551894475, "x5": 1.9666257851700546, "x6": 15.290469802962166, "x7": -2.764075850541204, "x8": 0.10884344641958517, "x9": 2.418322403751983}, "datetime": {"datetime": "2025-05-11 05:32:20", "elapsed": 10193.967073, "delta": 21.015437}}
{"target": 380.37510619259785, "params": {"x0": 1.0218835431687043, "x1": 3.2835324930181096, "x2": 8.251189347000208, "x3": 4.689752363535392, "x4": 9.160530551894475, "x5": 1.9666257851700546, "x6": 15.290469802962166, "x7": -2.764075850541204, "x8": 0.10884344641958517, "x9": 2.418322403751983}, "datetime": {"datetime": "2025-05-11 05:32:38", "elapsed": 10212.290355, "delta": 18.323282}}
{"target": 380.37510619259785, "params": {"x0": 1.0218835431687043, "x1": 3.2835324930181096, "x2": 8.251189347000208, "x3": 4.689752363535392, "x4": 9.160530551894475, "x5": 1.9666257851700546, "x6": 15.290469802962166, "x7": -2.764075850541204, "x8": 0.10884344641958517, "x9": 2.418322403751983}, "datetime": {"datetime": "2025-05-11 05:32:54", "elapsed": 10228.197758, "delta": 15.907403}}
{"target": 380.37510619259785, "params": {"x0": 1.0218835431687043, "x1": 3.2835324930181096, "x2": 8.251189347000208, "x3": 4.689752363535392, "x4": 9.160530551894475, "x5": 1.9666257851700546, "x6": 15.290469802962166, "x7": -2.764075850541204, "x8": 0.10884344641958517, "x9": 2.418322403751983}, "datetime": {"datetime": "2025-05-11 05:33:11", "elapsed": 10245.34095, "delta": 17.143192}}
{"target": 380.37510619259785, "params": {"x0": 1.0218835431687043, "x1": 3.2835324930181096, "x2": 8.251189347000208, "x3": 4.689752363535392, "x4": 9.160530551894475, "x5": 1.9666257851700546, "x6": 15.290469802962166, "x7": -2.764075850541204, "x8": 0.10884344641958517, "x9": 2.418322403751983}, "datetime": {"datetime": "2025-05-11 05:33:30", "elapsed": 10264.0866, "delta": 18.74565}}
{"target": 380.37510619259785, "params": {"x0": 1.0218835431687043, "x1": 3.2835324930181096, "x2": 8.251189347000208, "x3": 4.689752363535392, "x4": 9.160530551894475, "x5": 1.9666257851700546, "x6": 15.290469802962166, "x7": -2.764075850541204, "x8": 0.10884344641958517, "x9": 2.418322403751983}, "datetime": {"datetime": "2025-05-11 05:33:47", "elapsed": 10281.415123, "delta": 17.328523}}
{"target": 380.37510619259785, "params": {"x0": 1.0218835431687043, "x1": 3.2835324930181096, "x2": 8.251189347000208, "x3": 4.689752363535392, "x4": 9.160530551894475, "x5": 1.9666257851700546, "x6": 15.290469802962166, "x7": -2.764075850541204, "x8": 0.10884344641958517, "x9": 2.418322403751983}, "datetime": {"datetime": "2025-05-11 05:34:08", "elapsed": 10302.661407, "delta": 21.246284}}
{"target": 380.37510619259785, "params": {"x0": 1.0218835431687043, "x1": 3.2835324930181096, "x2": 8.251189347000208, "x3": 4.689752363535392, "x4": 9.160530551894475, "x5": 1.9666257851700546, "x6": 15.290469802962166, "x7": -2.764075850541204, "x8": 0.10884344641958517, "x9": 2.418322403751983}, "datetime": {"datetime": "2025-05-11 05:34:27", "elapsed": 10320.948677, "delta": 18.28727}}
{"target": 380.37510619259785, "params": {"x0": 1.0218835431687043, "x1": 3.2835324930181096, "x2": 8.251189347000208, "x3": 4.689752363535392, "x4": 9.160530551894475, "x5": 1.9666257851700546, "x6": 15.290469802962166, "x7": -2.764075850541204, "x8": 0.10884344641958517, "x9": 2.418322403751983}, "datetime": {"datetime": "2025-05-11 05:34:48", "elapsed": 10342.490181, "delta": 21.541504}}
{"target": 380.37510619259785, "params": {"x0": 1.0218835431687043, "x1": 3.2835324930181096, "x2": 8.251189347000208, "x3": 4.689752363535392, "x4": 9.160530551894475, "x5": 1.9666257851700546, "x6": 15.290469802962166, "x7": -2.764075850541204, "x8": 0.10884344641958517, "x9": 2.418322403751983}, "datetime": {"datetime": "2025-05-11 05:35:09", "elapsed": 10363.701126, "delta": 21.210945}}
{"target": 380.37510619259785, "params": {"x0": 1.0218835431687043, "x1": 3.2835324930181096, "x2": 8.251189347000208, "x3": 4.689752363535392, "x4": 9.160530551894475, "x5": 1.9666257851700546, "x6": 15.290469802962166, "x7": -2.764075850541204, "x8": 0.10884344641958517, "x9": 2.418322403751983}, "datetime": {"datetime": "2025-05-11 05:35:30", "elapsed": 10384.633677, "delta": 20.932551}}
{"target": 380.37510619259785, "params": {"x0": 1.0218835431687043, "x1": 3.2835324930181096, "x2": 8.251189347000208, "x3": 4.689752363535392, "x4": 9.160530551894475, "x5": 1.9666257851700546, "x6": 15.290469802962166, "x7": -2.764075850541204, "x8": 0.10884344641958517, "x9": 2.418322403751983}, "datetime": {"datetime": "2025-05-11 05:35:52", "elapsed": 10406.466469, "delta": 21.832792}}
{"target": 380.37510619259785, "params": {"x0": 1.0218835431687043, "x1": 3.2835324930181096, "x2": 8.251189347000208, "x3": 4.689752363535392, "x4": 9.160530551894475, "x5": 1.9666257851700546, "x6": 15.290469802962166, "x7": -2.764075850541204, "x8": 0.10884344641958517, "x9": 2.418322403751983}, "datetime": {"datetime": "2025-05-11 05:36:11", "elapsed": 10425.303511, "delta": 18.837042}}
{"target": 380.37510619259785, "params": {"x0": 1.0218835431687043, "x1": 3.2835324930181096, "x2": 8.251189347000208, "x3": 4.689752363535392, "x4": 9.160530551894475, "x5": 1.9666257851700546, "x6": 15.290469802962166, "x7": -2.764075850541204, "x8": 0.10884344641958517, "x9": 2.418322403751983}, "datetime": {"datetime": "2025-05-11 05:36:31", "elapsed": 10445.02324, "delta": 19.719729}}
{"target": 380.37510619259785, "params": {"x0": 1.0218835431687043, "x1": 3.2835324930181096, "x2": 8.251189347000208, "x3": 4.689752363535392, "x4": 9.160530551894475, "x5": 1.9666257851700546, "x6": 15.290469802962166, "x7": -2.764075850541204, "x8": 0.10884344641958517, "x9": 2.418322403751983}, "datetime": {"datetime": "2025-05-11 05:36:48", "elapsed": 10462.083665, "delta": 17.060425}}
{"target": 380.37510619259785, "params": {"x0": 1.0218835431687043, "x1": 3.2835324930181096, "x2": 8.251189347000208, "x3": 4.689752363535392, "x4": 9.160530551894475, "x5": 1.9666257851700546, "x6": 15.290469802962166, "x7": -2.764075850541204, "x8": 0.10884344641958517, "x9": 2.418322403751983}, "datetime": {"datetime": "2025-05-11 05:37:08", "elapsed": 10482.40773, "delta": 20.324065}}
{"target": 380.37510619259785, "params": {"x0": 1.0218835431687043, "x1": 3.2835324930181096, "x2": 8.251189347000208, "x3": 4.689752363535392, "x4": 9.160530551894475, "x5": 1.9666257851700546, "x6": 15.290469802962166, "x7": -2.764075850541204, "x8": 0.10884344641958517, "x9": 2.418322403751983}, "datetime": {"datetime": "2025-05-11 05:37:27", "elapsed": 10501.621052, "delta": 19.213322}}
{"target": 380.37510619259785, "params": {"x0": 1.0218835431687043, "x1": 3.2835324930181096, "x2": 8.251189347000208, "x3": 4.689752363535392, "x4": 9.160530551894475, "x5": 1.9666257851700546, "x6": 15.290469802962166, "x7": -2.764075850541204, "x8": 0.10884344641958517, "x9": 2.418322403751983}, "datetime": {"datetime": "2025-05-11 05:37:45", "elapsed": 10519.384342, "delta": 17.76329}}
{"target": 380.37510619259785, "params": {"x0": 1.0218835431687043, "x1": 3.2835324930181096, "x2": 8.251189347000208, "x3": 4.689752363535392, "x4": 9.160530551894475, "x5": 1.9666257851700546, "x6": 15.290469802962166, "x7": -2.764075850541204, "x8": 0.10884344641958517, "x9": 2.418322403751983}, "datetime": {"datetime": "2025-05-11 05:38:03", "elapsed": 10536.91441, "delta": 17.530068}}
{"target": 380.37510619259785, "params": {"x0": 1.0218835431687043, "x1": 3.2835324930181096, "x2": 8.251189347000208, "x3": 4.689752363535392, "x4": 9.160530551894475, "x5": 1.9666257851700546, "x6": 15.290469802962166, "x7": -2.764075850541204, "x8": 0.10884344641958517, "x9": 2.418322403751983}, "datetime": {"datetime": "2025-05-11 05:38:23", "elapsed": 10556.975467, "delta": 20.061057}}
{"target": 380.37510619259785, "params": {"x0": 1.0218835431687043, "x1": 3.2835324930181096, "x2": 8.251189347000208, "x3": 4.689752363535392, "x4": 9.160530551894475, "x5": 1.9666257851700546, "x6": 15.290469802962166, "x7": -2.764075850541204, "x8": 0.10884344641958517, "x9": 2.418322403751983}, "datetime": {"datetime": "2025-05-11 05:38:43", "elapsed": 10577.370983, "delta": 20.395516}}
{"target": 380.37510619259785, "params": {"x0": 1.0218835431687043, "x1": 3.2835324930181096, "x2": 8.251189347000208, "x3": 4.689752363535392, "x4": 9.160530551894475, "x5": 1.9666257851700546, "x6": 15.290469802962166, "x7": -2.764075850541204, "x8": 0.10884344641958517, "x9": 2.418322403751983}, "datetime": {"datetime": "2025-05-11 05:39:01", "elapsed": 10595.143278, "delta": 17.772295}}
{"target": 380.37510619259785, "params": {"x0": 1.0218835431687043, "x1": 3.2835324930181096, "x2": 8.251189347000208, "x3": 4.689752363535392, "x4": 9.160530551894475, "x5": 1.9666257851700546, "x6": 15.290469802962166, "x7": -2.764075850541204, "x8": 0.10884344641958517, "x9": 2.418322403751983}, "datetime": {"datetime": "2025-05-11 05:39:20", "elapsed": 10614.520816, "delta": 19.377538}}
{"target": 380.37510619259785, "params": {"x0": 1.0218835431687043, "x1": 3.2835324930181096, "x2": 8.251189347000208, "x3": 4.689752363535392, "x4": 9.160530551894475, "x5": 1.9666257851700546, "x6": 15.290469802962166, "x7": -2.764075850541204, "x8": 0.10884344641958517, "x9": 2.418322403751983}, "datetime": {"datetime": "2025-05-11 05:39:43", "elapsed": 10637.494871, "delta": 22.974055}}
{"target": 380.37510619259785, "params": {"x0": 1.0218835431687043, "x1": 3.2835324930181096, "x2": 8.251189347000208, "x3": 4.689752363535392, "x4": 9.160530551894475, "x5": 1.9666257851700546, "x6": 15.290469802962166, "x7": -2.764075850541204, "x8": 0.10884344641958517, "x9": 2.418322403751983}, "datetime": {"datetime": "2025-05-11 05:40:01", "elapsed": 10655.742965, "delta": 18.248094}}
