{"target": 380.37510619259785, "params": {"x0": 1.0218835431687043, "x1": 3.2835324930181096, "x2": 8.251189347000208, "x3": 4.689752363535392, "x4": 9.160530551894475, "x5": 1.9666257851700546, "x6": 15.290469802962166, "x7": -2.764075850541204, "x8": 0.10884344641958517, "x9": 2.418322403751983}, "datetime": {"datetime": "2025-05-11 07:03:16", "elapsed": 15650.083574, "delta": 36.01612}}
{"target": 380.37510619259785, "params": {"x0": 1.0218835431687043, "x1": 3.2835324930181096, "x2": 8.251189347000208, "x3": 4.689752363535392, "x4": 9.160530551894475, "x5": 1.9666257851700546, "x6": 15.290469802962166, "x7": -2.764075850541204, "x8": 0.10884344641958517, "x9": 2.418322403751983}, "datetime": {"datetime": "2025-05-11 07:03:41", "elapsed": 15675.732744, "delta": 25.64917}}
{"target": 380.37510619259785, "params": {"x0": 1.0218835431687043, "x1": 3.2835324930181096, "x2": 8.251189347000208, "x3": 4.689752363535392, "x4": 9.160530551894475, "x5": 1.9666257851700546, "x6": 15.290469802962166, "x7": -2.764075850541204, "x8": 0.10884344641958517, "x9": 2.418322403751983}, "datetime": {"datetime": "2025-05-11 07:04:07", "elapsed": 15701.170675, "delta": 25.437931}}
{"target": 380.37510619259785, "params": {"x0": 1.0218835431687043, "x1": 3.2835324930181096, "x2": 8.251189347000208, "x3": 4.689752363535392, "x4": 9.160530551894475, "x5": 1.9666257851700546, "x6": 15.290469802962166, "x7": -2.764075850541204, "x8": 0.10884344641958517, "x9": 2.418322403751983}, "datetime": {"datetime": "2025-05-11 07:04:37", "elapsed": 15731.483698, "delta": 30.313023}}
{"target": 380.37510619259785, "params": {"x0": 1.0218835431687043, "x1": 3.2835324930181096, "x2": 8.251189347000208, "x3": 4.689752363535392, "x4": 9.160530551894475, "x5": 1.9666257851700546, "x6": 15.290469802962166, "x7": -2.764075850541204, "x8": 0.10884344641958517, "x9": 2.418322403751983}, "datetime": {"datetime": "2025-05-11 07:05:05", "elapsed": 15759.383324, "delta": 27.899626}}
{"target": 380.37510619259785, "params": {"x0": 1.0218835431687043, "x1": 3.2835324930181096, "x2": 8.251189347000208, "x3": 4.689752363535392, "x4": 9.160530551894475, "x5": 1.9666257851700546, "x6": 15.290469802962166, "x7": -2.764075850541204, "x8": 0.10884344641958517, "x9": 2.418322403751983}, "datetime": {"datetime": "2025-05-11 07:05:38", "elapsed": 15792.785641, "delta": 33.402317}}
{"target": 380.37510619259785, "params": {"x0": 1.0218835431687043, "x1": 3.2835324930181096, "x2": 8.251189347000208, "x3": 4.689752363535392, "x4": 9.160530551894475, "x5": 1.9666257851700546, "x6": 15.290469802962166, "x7": -2.764075850541204, "x8": 0.10884344641958517, "x9": 2.418322403751983}, "datetime": {"datetime": "2025-05-11 07:06:05", "elapsed": 15819.784319, "delta": 26.998678}}
{"target": 380.37510619259785, "params": {"x0": 1.0218835431687043, "x1": 3.2835324930181096, "x2": 8.251189347000208, "x3": 4.689752363535392, "x4": 9.160530551894475, "x5": 1.9666257851700546, "x6": 15.290469802962166, "x7": -2.764075850541204, "x8": 0.10884344641958517, "x9": 2.418322403751983}, "datetime": {"datetime": "2025-05-11 07:06:32", "elapsed": 15846.112464, "delta": 26.328145}}
{"target": 380.37510619259785, "params": {"x0": 1.0218835431687043, "x1": 3.2835324930181096, "x2": 8.251189347000208, "x3": 4.689752363535392, "x4": 9.160530551894475, "x5": 1.9666257851700546, "x6": 15.290469802962166, "x7": -2.764075850541204, "x8": 0.10884344641958517, "x9": 2.418322403751983}, "datetime": {"datetime": "2025-05-11 07:07:02", "elapsed": 15876.483109, "delta": 30.370645}}
{"target": 380.37510619259785, "params": {"x0": 1.0218835431687043, "x1": 3.2835324930181096, "x2": 8.251189347000208, "x3": 4.689752363535392, "x4": 9.160530551894475, "x5": 1.9666257851700546, "x6": 15.290469802962166, "x7": -2.764075850541204, "x8": 0.10884344641958517, "x9": 2.418322403751983}, "datetime": {"datetime": "2025-05-11 07:07:30", "elapsed": 15904.157912, "delta": 27.674803}}
{"target": 380.37510619259785, "params": {"x0": 1.0218835431687043, "x1": 3.2835324930181096, "x2": 8.251189347000208, "x3": 4.689752363535392, "x4": 9.160530551894475, "x5": 1.9666257851700546, "x6": 15.290469802962166, "x7": -2.764075850541204, "x8": 0.10884344641958517, "x9": 2.418322403751983}, "datetime": {"datetime": "2025-05-11 07:07:54", "elapsed": 15928.605243, "delta": 24.447331}}
{"target": 380.37510619259785, "params": {"x0": 1.0218835431687043, "x1": 3.2835324930181096, "x2": 8.251189347000208, "x3": 4.689752363535392, "x4": 9.160530551894475, "x5": 1.9666257851700546, "x6": 15.290469802962166, "x7": -2.764075850541204, "x8": 0.10884344641958517, "x9": 2.418322403751983}, "datetime": {"datetime": "2025-05-11 07:08:20", "elapsed": 15954.225878, "delta": 25.620635}}
{"target": 380.37510619259785, "params": {"x0": 1.0218835431687043, "x1": 3.2835324930181096, "x2": 8.251189347000208, "x3": 4.689752363535392, "x4": 9.160530551894475, "x5": 1.9666257851700546, "x6": 15.290469802962166, "x7": -2.764075850541204, "x8": 0.10884344641958517, "x9": 2.418322403751983}, "datetime": {"datetime": "2025-05-11 07:08:46", "elapsed": 15980.286059, "delta": 26.060181}}
{"target": 380.37510619259785, "params": {"x0": 1.0218835431687043, "x1": 3.2835324930181096, "x2": 8.251189347000208, "x3": 4.689752363535392, "x4": 9.160530551894475, "x5": 1.9666257851700546, "x6": 15.290469802962166, "x7": -2.764075850541204, "x8": 0.10884344641958517, "x9": 2.418322403751983}, "datetime": {"datetime": "2025-05-11 07:09:08", "elapsed": 16002.461141, "delta": 22.175082}}
{"target": 380.37510619259785, "params": {"x0": 1.0218835431687043, "x1": 3.2835324930181096, "x2": 8.251189347000208, "x3": 4.689752363535392, "x4": 9.160530551894475, "x5": 1.9666257851700546, "x6": 15.290469802962166, "x7": -2.764075850541204, "x8": 0.10884344641958517, "x9": 2.418322403751983}, "datetime": {"datetime": "2025-05-11 07:09:32", "elapsed": 16026.020833, "delta": 23.559692}}
{"target": 380.37510619259785, "params": {"x0": 1.0218835431687043, "x1": 3.2835324930181096, "x2": 8.251189347000208, "x3": 4.689752363535392, "x4": 9.160530551894475, "x5": 1.9666257851700546, "x6": 15.290469802962166, "x7": -2.764075850541204, "x8": 0.10884344641958517, "x9": 2.418322403751983}, "datetime": {"datetime": "2025-05-11 07:09:54", "elapsed": 16048.646172, "delta": 22.625339}}
{"target": 380.37510619259785, "params": {"x0": 1.0218835431687043, "x1": 3.2835324930181096, "x2": 8.251189347000208, "x3": 4.689752363535392, "x4": 9.160530551894475, "x5": 1.9666257851700546, "x6": 15.290469802962166, "x7": -2.764075850541204, "x8": 0.10884344641958517, "x9": 2.418322403751983}, "datetime": {"datetime": "2025-05-11 07:10:25", "elapsed": 16079.076537, "delta": 30.430365}}
{"target": 380.37510619259785, "params": {"x0": 1.0218835431687043, "x1": 3.2835324930181096, "x2": 8.251189347000208, "x3": 4.689752363535392, "x4": 9.160530551894475, "x5": 1.9666257851700546, "x6": 15.290469802962166, "x7": -2.764075850541204, "x8": 0.10884344641958517, "x9": 2.418322403751983}, "datetime": {"datetime": "2025-05-11 07:10:54", "elapsed": 16107.844473, "delta": 28.767936}}
{"target": 380.37510619259785, "params": {"x0": 1.0218835431687043, "x1": 3.2835324930181096, "x2": 8.251189347000208, "x3": 4.689752363535392, "x4": 9.160530551894475, "x5": 1.9666257851700546, "x6": 15.290469802962166, "x7": -2.764075850541204, "x8": 0.10884344641958517, "x9": 2.418322403751983}, "datetime": {"datetime": "2025-05-11 07:11:20", "elapsed": 16134.297327, "delta": 26.452854}}
{"target": 380.37510619259785, "params": {"x0": 1.0218835431687043, "x1": 3.2835324930181096, "x2": 8.251189347000208, "x3": 4.689752363535392, "x4": 9.160530551894475, "x5": 1.9666257851700546, "x6": 15.290469802962166, "x7": -2.764075850541204, "x8": 0.10884344641958517, "x9": 2.418322403751983}, "datetime": {"datetime": "2025-05-11 07:11:43", "elapsed": 16157.275999, "delta": 22.978672}}
{"target": 380.37510619259785, "params": {"x0": 1.0218835431687043, "x1": 3.2835324930181096, "x2": 8.251189347000208, "x3": 4.689752363535392, "x4": 9.160530551894475, "x5": 1.9666257851700546, "x6": 15.290469802962166, "x7": -2.764075850541204, "x8": 0.10884344641958517, "x9": 2.418322403751983}, "datetime": {"datetime": "2025-05-11 07:12:12", "elapsed": 16186.470328, "delta": 29.194329}}
{"target": 380.37510619259785, "params": {"x0": 1.0218835431687043, "x1": 3.2835324930181096, "x2": 8.251189347000208, "x3": 4.689752363535392, "x4": 9.160530551894475, "x5": 1.9666257851700546, "x6": 15.290469802962166, "x7": -2.764075850541204, "x8": 0.10884344641958517, "x9": 2.418322403751983}, "datetime": {"datetime": "2025-05-11 07:12:45", "elapsed": 16219.47463, "delta": 33.004302}}
{"target": 380.37510619259785, "params": {"x0": 1.0218835431687043, "x1": 3.2835324930181096, "x2": 8.251189347000208, "x3": 4.689752363535392, "x4": 9.160530551894475, "x5": 1.9666257851700546, "x6": 15.290469802962166, "x7": -2.764075850541204, "x8": 0.10884344641958517, "x9": 2.418322403751983}, "datetime": {"datetime": "2025-05-11 07:13:17", "elapsed": 16250.799981, "delta": 31.325351}}
{"target": 380.37510619259785, "params": {"x0": 1.0218835431687043, "x1": 3.2835324930181096, "x2": 8.251189347000208, "x3": 4.689752363535392, "x4": 9.160530551894475, "x5": 1.9666257851700546, "x6": 15.290469802962166, "x7": -2.764075850541204, "x8": 0.10884344641958517, "x9": 2.418322403751983}, "datetime": {"datetime": "2025-05-11 07:13:47", "elapsed": 16281.69714, "delta": 30.897159}}
{"target": 380.37510619259785, "params": {"x0": 1.0218835431687043, "x1": 3.2835324930181096, "x2": 8.251189347000208, "x3": 4.689752363535392, "x4": 9.160530551894475, "x5": 1.9666257851700546, "x6": 15.290469802962166, "x7": -2.764075850541204, "x8": 0.10884344641958517, "x9": 2.418322403751983}, "datetime": {"datetime": "2025-05-11 07:14:16", "elapsed": 16309.79859, "delta": 28.10145}}
{"target": 380.37510619259785, "params": {"x0": 1.0218835431687043, "x1": 3.2835324930181096, "x2": 8.251189347000208, "x3": 4.689752363535392, "x4": 9.160530551894475, "x5": 1.9666257851700546, "x6": 15.290469802962166, "x7": -2.764075850541204, "x8": 0.10884344641958517, "x9": 2.418322403751983}, "datetime": {"datetime": "2025-05-11 07:14:42", "elapsed": 16336.54589, "delta": 26.7473}}
{"target": 380.37510619259785, "params": {"x0": 1.0218835431687043, "x1": 3.2835324930181096, "x2": 8.251189347000208, "x3": 4.689752363535392, "x4": 9.160530551894475, "x5": 1.9666257851700546, "x6": 15.290469802962166, "x7": -2.764075850541204, "x8": 0.10884344641958517, "x9": 2.418322403751983}, "datetime": {"datetime": "2025-05-11 07:15:14", "elapsed": 16368.069082, "delta": 31.523192}}
{"target": 380.37510619259785, "params": {"x0": 1.0218835431687043, "x1": 3.2835324930181096, "x2": 8.251189347000208, "x3": 4.689752363535392, "x4": 9.160530551894475, "x5": 1.9666257851700546, "x6": 15.290469802962166, "x7": -2.764075850541204, "x8": 0.10884344641958517, "x9": 2.418322403751983}, "datetime": {"datetime": "2025-05-11 07:15:44", "elapsed": 16397.948266, "delta": 29.879184}}
{"target": 380.37510619259785, "params": {"x0": 1.0218835431687043, "x1": 3.2835324930181096, "x2": 8.251189347000208, "x3": 4.689752363535392, "x4": 9.160530551894475, "x5": 1.9666257851700546, "x6": 15.290469802962166, "x7": -2.764075850541204, "x8": 0.10884344641958517, "x9": 2.418322403751983}, "datetime": {"datetime": "2025-05-11 07:16:09", "elapsed": 16423.562007, "delta": 25.613741}}
{"target": 380.37510619259785, "params": {"x0": 1.0218835431687043, "x1": 3.2835324930181096, "x2": 8.251189347000208, "x3": 4.689752363535392, "x4": 9.160530551894475, "x5": 1.9666257851700546, "x6": 15.290469802962166, "x7": -2.764075850541204, "x8": 0.10884344641958517, "x9": 2.418322403751983}, "datetime": {"datetime": "2025-05-11 07:16:33", "elapsed": 16447.459976, "delta": 23.897969}}
{"target": 380.37510619259785, "params": {"x0": 1.0218835431687043, "x1": 3.2835324930181096, "x2": 8.251189347000208, "x3": 4.689752363535392, "x4": 9.160530551894475, "x5": 1.9666257851700546, "x6": 15.290469802962166, "x7": -2.764075850541204, "x8": 0.10884344641958517, "x9": 2.418322403751983}, "datetime": {"datetime": "2025-05-11 07:16:57", "elapsed": 16470.925747, "delta": 23.465771}}
{"target": 380.37510619259785, "params": {"x0": 1.0218835431687043, "x1": 3.2835324930181096, "x2": 8.251189347000208, "x3": 4.689752363535392, "x4": 9.160530551894475, "x5": 1.9666257851700546, "x6": 15.290469802962166, "x7": -2.764075850541204, "x8": 0.10884344641958517, "x9": 2.418322403751983}, "datetime": {"datetime": "2025-05-11 07:17:20", "elapsed": 16494.740716, "delta": 23.814969}}
{"target": 380.37510619259785, "params": {"x0": 1.0218835431687043, "x1": 3.2835324930181096, "x2": 8.251189347000208, "x3": 4.689752363535392, "x4": 9.160530551894475, "x5": 1.9666257851700546, "x6": 15.290469802962166, "x7": -2.764075850541204, "x8": 0.10884344641958517, "x9": 2.418322403751983}, "datetime": {"datetime": "2025-05-11 07:17:48", "elapsed": 16522.038292, "delta": 27.297576}}
{"target": 380.37510619259785, "params": {"x0": 1.0218835431687043, "x1": 3.2835324930181096, "x2": 8.251189347000208, "x3": 4.689752363535392, "x4": 9.160530551894475, "x5": 1.9666257851700546, "x6": 15.290469802962166, "x7": -2.764075850541204, "x8": 0.10884344641958517, "x9": 2.418322403751983}, "datetime": {"datetime": "2025-05-11 07:18:13", "elapsed": 16547.54427, "delta": 25.505978}}
{"target": 380.37510619259785, "params": {"x0": 1.0218835431687043, "x1": 3.2835324930181096, "x2": 8.251189347000208, "x3": 4.689752363535392, "x4": 9.160530551894475, "x5": 1.9666257851700546, "x6": 15.290469802962166, "x7": -2.764075850541204, "x8": 0.10884344641958517, "x9": 2.418322403751983}, "datetime": {"datetime": "2025-05-11 07:18:34", "elapsed": 16568.221028, "delta": 20.676758}}
{"target": 380.37510619259785, "params": {"x0": 1.0218835431687043, "x1": 3.2835324930181096, "x2": 8.251189347000208, "x3": 4.689752363535392, "x4": 9.160530551894475, "x5": 1.9666257851700546, "x6": 15.290469802962166, "x7": -2.764075850541204, "x8": 0.10884344641958517, "x9": 2.418322403751983}, "datetime": {"datetime": "2025-05-11 07:18:59", "elapsed": 16593.574359, "delta": 25.353331}}
{"target": 380.37510619259785, "params": {"x0": 1.0218835431687043, "x1": 3.2835324930181096, "x2": 8.251189347000208, "x3": 4.689752363535392, "x4": 9.160530551894475, "x5": 1.9666257851700546, "x6": 15.290469802962166, "x7": -2.764075850541204, "x8": 0.10884344641958517, "x9": 2.418322403751983}, "datetime": {"datetime": "2025-05-11 07:19:26", "elapsed": 16619.874097, "delta": 26.299738}}
{"target": 380.37510619259785, "params": {"x0": 1.0218835431687043, "x1": 3.2835324930181096, "x2": 8.251189347000208, "x3": 4.689752363535392, "x4": 9.160530551894475, "x5": 1.9666257851700546, "x6": 15.290469802962166, "x7": -2.764075850541204, "x8": 0.10884344641958517, "x9": 2.418322403751983}, "datetime": {"datetime": "2025-05-11 07:19:54", "elapsed": 16648.553307, "delta": 28.67921}}
{"target": 380.37510619259785, "params": {"x0": 1.0218835431687043, "x1": 3.2835324930181096, "x2": 8.251189347000208, "x3": 4.689752363535392, "x4": 9.160530551894475, "x5": 1.9666257851700546, "x6": 15.290469802962166, "x7": -2.764075850541204, "x8": 0.10884344641958517, "x9": 2.418322403751983}, "datetime": {"datetime": "2025-05-11 07:20:22", "elapsed": 16675.876035, "delta": 27.322728}}
{"target": 380.37510619259785, "params": {"x0": 1.0218835431687043, "x1": 3.2835324930181096, "x2": 8.251189347000208, "x3": 4.689752363535392, "x4": 9.160530551894475, "x5": 1.9666257851700546, "x6": 15.290469802962166, "x7": -2.764075850541204, "x8": 0.10884344641958517, "x9": 2.418322403751983}, "datetime": {"datetime": "2025-05-11 07:20:45", "elapsed": 16699.450464, "delta": 23.574429}}
{"target": 380.37510619259785, "params": {"x0": 1.0218835431687043, "x1": 3.2835324930181096, "x2": 8.251189347000208, "x3": 4.689752363535392, "x4": 9.160530551894475, "x5": 1.9666257851700546, "x6": 15.290469802962166, "x7": -2.764075850541204, "x8": 0.10884344641958517, "x9": 2.418322403751983}, "datetime": {"datetime": "2025-05-11 07:21:16", "elapsed": 16729.915425, "delta": 30.464961}}
{"target": 380.37510619259785, "params": {"x0": 1.0218835431687043, "x1": 3.2835324930181096, "x2": 8.251189347000208, "x3": 4.689752363535392, "x4": 9.160530551894475, "x5": 1.9666257851700546, "x6": 15.290469802962166, "x7": -2.764075850541204, "x8": 0.10884344641958517, "x9": 2.418322403751983}, "datetime": {"datetime": "2025-05-11 07:21:43", "elapsed": 16757.631014, "delta": 27.715589}}
{"target": 380.37510619259785, "params": {"x0": 1.0218835431687043, "x1": 3.2835324930181096, "x2": 8.251189347000208, "x3": 4.689752363535392, "x4": 9.160530551894475, "x5": 1.9666257851700546, "x6": 15.290469802962166, "x7": -2.764075850541204, "x8": 0.10884344641958517, "x9": 2.418322403751983}, "datetime": {"datetime": "2025-05-11 07:22:12", "elapsed": 16786.237836, "delta": 28.606822}}
{"target": 380.37510619259785, "params": {"x0": 1.0218835431687043, "x1": 3.2835324930181096, "x2": 8.251189347000208, "x3": 4.689752363535392, "x4": 9.160530551894475, "x5": 1.9666257851700546, "x6": 15.290469802962166, "x7": -2.764075850541204, "x8": 0.10884344641958517, "x9": 2.418322403751983}, "datetime": {"datetime": "2025-05-11 07:22:33", "elapsed": 16807.443652, "delta": 21.205816}}
{"target": 380.37510619259785, "params": {"x0": 1.0218835431687043, "x1": 3.2835324930181096, "x2": 8.251189347000208, "x3": 4.689752363535392, "x4": 9.160530551894475, "x5": 1.9666257851700546, "x6": 15.290469802962166, "x7": -2.764075850541204, "x8": 0.10884344641958517, "x9": 2.418322403751983}, "datetime": {"datetime": "2025-05-11 07:23:05", "elapsed": 16839.300224, "delta": 31.856572}}
{"target": 380.37510619259785, "params": {"x0": 1.0218835431687043, "x1": 3.2835324930181096, "x2": 8.251189347000208, "x3": 4.689752363535392, "x4": 9.160530551894475, "x5": 1.9666257851700546, "x6": 15.290469802962166, "x7": -2.764075850541204, "x8": 0.10884344641958517, "x9": 2.418322403751983}, "datetime": {"datetime": "2025-05-11 07:23:37", "elapsed": 16871.238945, "delta": 31.938721}}
{"target": 380.37510619259785, "params": {"x0": 1.0218835431687043, "x1": 3.2835324930181096, "x2": 8.251189347000208, "x3": 4.689752363535392, "x4": 9.160530551894475, "x5": 1.9666257851700546, "x6": 15.290469802962166, "x7": -2.764075850541204, "x8": 0.10884344641958517, "x9": 2.418322403751983}, "datetime": {"datetime": "2025-05-11 07:24:04", "elapsed": 16898.211509, "delta": 26.972564}}
{"target": 380.37510619259785, "params": {"x0": 1.0218835431687043, "x1": 3.2835324930181096, "x2": 8.251189347000208, "x3": 4.689752363535392, "x4": 9.160530551894475, "x5": 1.9666257851700546, "x6": 15.290469802962166, "x7": -2.764075850541204, "x8": 0.10884344641958517, "x9": 2.418322403751983}, "datetime": {"datetime": "2025-05-11 07:24:29", "elapsed": 16922.907973, "delta": 24.696464}}
{"target": 380.37510619259785, "params": {"x0": 1.0218835431687043, "x1": 3.2835324930181096, "x2": 8.251189347000208, "x3": 4.689752363535392, "x4": 9.160530551894475, "x5": 1.9666257851700546, "x6": 15.290469802962166, "x7": -2.764075850541204, "x8": 0.10884344641958517, "x9": 2.418322403751983}, "datetime": {"datetime": "2025-05-11 07:24:51", "elapsed": 16945.284659, "delta": 22.376686}}
{"target": 380.37510619259785, "params": {"x0": 1.0218835431687043, "x1": 3.2835324930181096, "x2": 8.251189347000208, "x3": 4.689752363535392, "x4": 9.160530551894475, "x5": 1.9666257851700546, "x6": 15.290469802962166, "x7": -2.764075850541204, "x8": 0.10884344641958517, "x9": 2.418322403751983}, "datetime": {"datetime": "2025-05-11 07:25:17", "elapsed": 16971.420097, "delta": 26.135438}}
{"target": 380.37510619259785, "params": {"x0": 1.0218835431687043, "x1": 3.2835324930181096, "x2": 8.251189347000208, "x3": 4.689752363535392, "x4": 9.160530551894475, "x5": 1.9666257851700546, "x6": 15.290469802962166, "x7": -2.764075850541204, "x8": 0.10884344641958517, "x9": 2.418322403751983}, "datetime": {"datetime": "2025-05-11 07:25:48", "elapsed": 17002.266012, "delta": 30.845915}}
{"target": 380.37510619259785, "params": {"x0": 1.0218835431687043, "x1": 3.2835324930181096, "x2": 8.251189347000208, "x3": 4.689752363535392, "x4": 9.160530551894475, "x5": 1.9666257851700546, "x6": 15.290469802962166, "x7": -2.764075850541204, "x8": 0.10884344641958517, "x9": 2.418322403751983}, "datetime": {"datetime": "2025-05-11 07:26:12", "elapsed": 17026.138183, "delta": 23.872171}}
{"target": 380.37510619259785, "params": {"x0": 1.0218835431687043, "x1": 3.2835324930181096, "x2": 8.251189347000208, "x3": 4.689752363535392, "x4": 9.160530551894475, "x5": 1.9666257851700546, "x6": 15.290469802962166, "x7": -2.764075850541204, "x8": 0.10884344641958517, "x9": 2.418322403751983}, "datetime": {"datetime": "2025-05-11 07:26:41", "elapsed": 17055.60069, "delta": 29.462507}}
{"target": 380.37510619259785, "params": {"x0": 1.0218835431687043, "x1": 3.2835324930181096, "x2": 8.251189347000208, "x3": 4.689752363535392, "x4": 9.160530551894475, "x5": 1.9666257851700546, "x6": 15.290469802962166, "x7": -2.764075850541204, "x8": 0.10884344641958517, "x9": 2.418322403751983}, "datetime": {"datetime": "2025-05-11 07:27:17", "elapsed": 17091.035083, "delta": 35.434393}}
{"target": 380.37510619259785, "params": {"x0": 1.0218835431687043, "x1": 3.2835324930181096, "x2": 8.251189347000208, "x3": 4.689752363535392, "x4": 9.160530551894475, "x5": 1.9666257851700546, "x6": 15.290469802962166, "x7": -2.764075850541204, "x8": 0.10884344641958517, "x9": 2.418322403751983}, "datetime": {"datetime": "2025-05-11 07:27:43", "elapsed": 17117.148897, "delta": 26.113814}}
