{"target": 380.37510619259785, "params": {"x0": 1.0218835431687037, "x1": 3.283532493018077, "x2": 8.251189347000256, "x3": 4.689752363535377, "x4": 9.160530551894498, "x5": 1.9666257851700313, "x6": 15.290469802962264, "x7": -2.764075850541864, "x8": 0.1088434464195743, "x9": 2.418322403751995}, "datetime": {"datetime": "2025-05-11 03:33:26", "elapsed": 3060.732744, "delta": 9.560555}}
{"target": 380.37510619259785, "params": {"x0": 1.0218835431687043, "x1": 3.2835324930180656, "x2": 8.251189347000093, "x3": 4.689752363535417, "x4": 9.160530551894507, "x5": 1.9666257851700484, "x6": 15.290469802962223, "x7": -2.7640758505410994, "x8": 0.10884344641958378, "x9": 2.4183224037519824}, "datetime": {"datetime": "2025-05-11 03:33:36", "elapsed": 3070.607723, "delta": 9.874979}}
{"target": 380.37510619259785, "params": {"x0": 1.021883543168705, "x1": 3.283532493018131, "x2": 8.251189347000187, "x3": 4.689752363535362, "x4": 9.160530551894537, "x5": 1.966625785170174, "x6": 15.290469802962168, "x7": -2.7640758505404763, "x8": 0.10884344641958563, "x9": 2.4183224037519944}, "datetime": {"datetime": "2025-05-11 03:33:46", "elapsed": 3080.049536, "delta": 9.441813}}
{"target": 380.37510619259785, "params": {"x0": 1.0218835431687043, "x1": 3.28353249301806, "x2": 8.251189347000237, "x3": 4.689752363535416, "x4": 9.160530551894462, "x5": 1.9666257851699922, "x6": 15.290469802962082, "x7": -2.7640758505407472, "x8": 0.10884344641960371, "x9": 2.41832240375197}, "datetime": {"datetime": "2025-05-11 03:33:56", "elapsed": 3090.168166, "delta": 10.11863}}
{"target": 380.37510619259785, "params": {"x0": 1.021883543168704, "x1": 3.283532493018106, "x2": 8.251189347000228, "x3": 4.6897523635353755, "x4": 9.160530551894464, "x5": 1.9666257851700595, "x6": 15.290469802962079, "x7": -2.764075850541474, "x8": 0.10884344641959572, "x9": 2.4183224037519886}, "datetime": {"datetime": "2025-05-11 03:34:06", "elapsed": 3099.991024, "delta": 9.822858}}
{"target": 380.37510619259785, "params": {"x0": 1.021883543168704, "x1": 3.283532493018143, "x2": 8.25118934700021, "x3": 4.689752363535376, "x4": 9.160530551894515, "x5": 1.9666257851700975, "x6": 15.290469802962134, "x7": -2.764075850541707, "x8": 0.10884344641957648, "x9": 2.4183224037519926}, "datetime": {"datetime": "2025-05-11 03:34:16", "elapsed": 3109.82394, "delta": 9.832916}}
{"target": 380.37510619259785, "params": {"x0": 1.021883543168704, "x1": 3.2835324930181145, "x2": 8.251189347000206, "x3": 4.689752363535386, "x4": 9.160530551894436, "x5": 1.9666257851701123, "x6": 15.290469802962205, "x7": -2.764075850541073, "x8": 0.10884344641958238, "x9": 2.4183224037519855}, "datetime": {"datetime": "2025-05-11 03:34:26", "elapsed": 3119.798726, "delta": 9.974786}}
{"target": 380.37510619259785, "params": {"x0": 1.0218835431687046, "x1": 3.283532493018081, "x2": 8.251189347000262, "x3": 4.689752363535371, "x4": 9.160530551894434, "x5": 1.9666257851700548, "x6": 15.290469802962175, "x7": -2.7640758505415204, "x8": 0.10884344641957576, "x9": 2.4183224037519775}, "datetime": {"datetime": "2025-05-11 03:34:36", "elapsed": 3129.887391, "delta": 10.088665}}
{"target": 380.37510619259785, "params": {"x0": 1.0218835431687034, "x1": 3.2835324930181087, "x2": 8.251189347000192, "x3": 4.689752363535417, "x4": 9.160530551894494, "x5": 1.9666257851700566, "x6": 15.290469802962106, "x7": -2.7640758505413165, "x8": 0.10884344641957974, "x9": 2.4183224037519775}, "datetime": {"datetime": "2025-05-11 03:34:45", "elapsed": 3139.740374, "delta": 9.852983}}
{"target": 380.37510619259785, "params": {"x0": 1.0218835431687046, "x1": 3.283532493018121, "x2": 8.251189347000233, "x3": 4.689752363535374, "x4": 9.160530551894482, "x5": 1.9666257851700215, "x6": 15.290469802962129, "x7": -2.7640758505410443, "x8": 0.10884344641957736, "x9": 2.418322403751982}, "datetime": {"datetime": "2025-05-11 03:34:55", "elapsed": 3149.443318, "delta": 9.702944}}
{"target": 380.37510619259785, "params": {"x0": 1.0218835431687043, "x1": 3.283532493018133, "x2": 8.251189347000208, "x3": 4.689752363535408, "x4": 9.160530551894508, "x5": 1.9666257851700053, "x6": 15.290469802962214, "x7": -2.7640758505410976, "x8": 0.10884344641958651, "x9": 2.4183224037519833}, "datetime": {"datetime": "2025-05-11 03:35:06", "elapsed": 3160.070205, "delta": 10.626887}}
{"target": 380.37510619259785, "params": {"x0": 1.0218835431687041, "x1": 3.283532493018086, "x2": 8.251189347000238, "x3": 4.689752363535388, "x4": 9.16053055189447, "x5": 1.9666257851700901, "x6": 15.29046980296219, "x7": -2.7640758505409213, "x8": 0.10884344641957742, "x9": 2.4183224037519877}, "datetime": {"datetime": "2025-05-11 03:35:16", "elapsed": 3170.128429, "delta": 10.058224}}
{"target": 380.37510619259785, "params": {"x0": 1.0218835431687041, "x1": 3.2835324930181, "x2": 8.25118934700018, "x3": 4.6897523635354, "x4": 9.16053055189445, "x5": 1.9666257851700297, "x6": 15.290469802962141, "x7": -2.7640758505409946, "x8": 0.10884344641958307, "x9": 2.4183224037519797}, "datetime": {"datetime": "2025-05-11 03:35:26", "elapsed": 3179.80489, "delta": 9.676461}}
{"target": 380.37510619259785, "params": {"x0": 1.0218835431687043, "x1": 3.283532493018101, "x2": 8.251189347000192, "x3": 4.689752363535402, "x4": 9.16053055189447, "x5": 1.9666257851700928, "x6": 15.290469802962138, "x7": -2.764075850541267, "x8": 0.1088434464195816, "x9": 2.4183224037519846}, "datetime": {"datetime": "2025-05-11 03:35:36", "elapsed": 3189.976923, "delta": 10.172033}}
{"target": 380.37510619259785, "params": {"x0": 1.021883543168704, "x1": 3.2835324930181007, "x2": 8.251189347000208, "x3": 4.689752363535406, "x4": 9.16053055189449, "x5": 1.9666257851700308, "x6": 15.290469802962162, "x7": -2.764075850541235, "x8": 0.1088434464195906, "x9": 2.4183224037519815}, "datetime": {"datetime": "2025-05-11 03:35:45", "elapsed": 3199.392414, "delta": 9.415491}}
{"target": 380.37510619259785, "params": {"x0": 1.0218835431687041, "x1": 3.283532493018096, "x2": 8.251189347000217, "x3": 4.689752363535405, "x4": 9.160530551894489, "x5": 1.9666257851700857, "x6": 15.290469802962138, "x7": -2.7640758505411163, "x8": 0.10884344641958632, "x9": 2.4183224037519833}, "datetime": {"datetime": "2025-05-11 03:35:55", "elapsed": 3209.315813, "delta": 9.923399}}
{"target": 380.37510619259785, "params": {"x0": 1.0218835431687043, "x1": 3.283532493018096, "x2": 8.25118934700019, "x3": 4.689752363535385, "x4": 9.16053055189448, "x5": 1.966625785170059, "x6": 15.290469802962166, "x7": -2.7640758505411696, "x8": 0.1088434464195849, "x9": 2.418322403751982}, "datetime": {"datetime": "2025-05-11 03:36:05", "elapsed": 3219.309322, "delta": 9.993509}}
{"target": 380.37510619259785, "params": {"x0": 1.0218835431687046, "x1": 3.2835324930181056, "x2": 8.251189347000208, "x3": 4.689752363535384, "x4": 9.160530551894487, "x5": 1.96662578517005, "x6": 15.290469802962189, "x7": -2.7640758505412144, "x8": 0.10884344641958311, "x9": 2.4183224037519855}, "datetime": {"datetime": "2025-05-11 03:36:15", "elapsed": 3229.217847, "delta": 9.908525}}
{"target": 380.37510619259785, "params": {"x0": 1.0218835431687043, "x1": 3.2835324930181042, "x2": 8.251189347000215, "x3": 4.689752363535388, "x4": 9.160530551894485, "x5": 1.9666257851700388, "x6": 15.290469802962175, "x7": -2.7640758505410945, "x8": 0.1088434464195851, "x9": 2.4183224037519824}, "datetime": {"datetime": "2025-05-11 03:36:25", "elapsed": 3239.188871, "delta": 9.971024}}
{"target": 380.37510619259785, "params": {"x0": 1.0218835431687046, "x1": 3.2835324930181, "x2": 8.251189347000212, "x3": 4.689752363535398, "x4": 9.16053055189447, "x5": 1.9666257851700446, "x6": 15.290469802962148, "x7": -2.7640758505411074, "x8": 0.10884344641958471, "x9": 2.4183224037519846}, "datetime": {"datetime": "2025-05-11 03:36:35", "elapsed": 3249.179997, "delta": 9.991126}}
{"target": 380.37510619259785, "params": {"x0": 1.0218835431687043, "x1": 3.2835324930181087, "x2": 8.251189347000194, "x3": 4.689752363535394, "x4": 9.160530551894471, "x5": 1.9666257851700661, "x6": 15.290469802962157, "x7": -2.7640758505411425, "x8": 0.10884344641958338, "x9": 2.4183224037519815}, "datetime": {"datetime": "2025-05-11 03:36:45", "elapsed": 3259.015223, "delta": 9.835226}}
{"target": 380.37510619259785, "params": {"x0": 1.0218835431687041, "x1": 3.283532493018105, "x2": 8.251189347000205, "x3": 4.689752363535399, "x4": 9.16053055189448, "x5": 1.9666257851700684, "x6": 15.290469802962159, "x7": -2.7640758505412037, "x8": 0.10884344641958787, "x9": 2.418322403751982}, "datetime": {"datetime": "2025-05-11 03:36:55", "elapsed": 3269.488066, "delta": 10.472843}}
{"target": 380.37510619259785, "params": {"x0": 1.0218835431687043, "x1": 3.2835324930181047, "x2": 8.251189347000196, "x3": 4.68975236353539, "x4": 9.16053055189448, "x5": 1.9666257851700428, "x6": 15.290469802962155, "x7": -2.7640758505411385, "x8": 0.10884344641958474, "x9": 2.4183224037519833}, "datetime": {"datetime": "2025-05-11 03:37:05", "elapsed": 3279.385595, "delta": 9.897529}}
{"target": 380.37510619259785, "params": {"x0": 1.0218835431687043, "x1": 3.283532493018109, "x2": 8.251189347000215, "x3": 4.689752363535394, "x4": 9.160530551894478, "x5": 1.9666257851700684, "x6": 15.29046980296217, "x7": -2.764075850541276, "x8": 0.10884344641958311, "x9": 2.4183224037519824}, "datetime": {"datetime": "2025-05-11 03:37:15", "elapsed": 3289.716274, "delta": 10.330679}}
{"target": 380.37510619259785, "params": {"x0": 1.0218835431687043, "x1": 3.2835324930181042, "x2": 8.251189347000201, "x3": 4.6897523635353915, "x4": 9.160530551894471, "x5": 1.9666257851700515, "x6": 15.290469802962164, "x7": -2.7640758505412673, "x8": 0.10884344641958543, "x9": 2.4183224037519833}, "datetime": {"datetime": "2025-05-11 03:37:26", "elapsed": 3299.861398, "delta": 10.145124}}
{"target": 380.37510619259785, "params": {"x0": 1.0218835431687046, "x1": 3.2835324930181145, "x2": 8.251189347000205, "x3": 4.689752363535393, "x4": 9.160530551894476, "x5": 1.9666257851700553, "x6": 15.290469802962166, "x7": -2.764075850541259, "x8": 0.10884344641958517, "x9": 2.418322403751982}, "datetime": {"datetime": "2025-05-11 03:37:36", "elapsed": 3310.191544, "delta": 10.330146}}
{"target": 380.37510619259785, "params": {"x0": 1.0218835431687043, "x1": 3.283532493018108, "x2": 8.25118934700021, "x3": 4.689752363535396, "x4": 9.16053055189448, "x5": 1.9666257851700581, "x6": 15.290469802962173, "x7": -2.764075850541181, "x8": 0.1088434464195852, "x9": 2.4183224037519837}, "datetime": {"datetime": "2025-05-11 03:37:46", "elapsed": 3320.753599, "delta": 10.562055}}
{"target": 380.37510619259785, "params": {"x0": 1.0218835431687043, "x1": 3.2835324930181056, "x2": 8.251189347000205, "x3": 4.689752363535395, "x4": 9.160530551894475, "x5": 1.9666257851700482, "x6": 15.290469802962164, "x7": -2.764075850541171, "x8": 0.10884344641958622, "x9": 2.4183224037519833}, "datetime": {"datetime": "2025-05-11 03:37:57", "elapsed": 3331.076734, "delta": 10.323135}}
{"target": 380.37510619259785, "params": {"x0": 1.0218835431687043, "x1": 3.283532493018111, "x2": 8.251189347000205, "x3": 4.689752363535392, "x4": 9.160530551894471, "x5": 1.9666257851700524, "x6": 15.290469802962164, "x7": -2.7640758505412095, "x8": 0.10884344641958608, "x9": 2.4183224037519837}, "datetime": {"datetime": "2025-05-11 03:38:07", "elapsed": 3340.952281, "delta": 9.875547}}
{"target": 380.37510619259785, "params": {"x0": 1.0218835431687043, "x1": 3.2835324930181127, "x2": 8.251189347000205, "x3": 4.689752363535393, "x4": 9.160530551894478, "x5": 1.966625785170058, "x6": 15.290469802962162, "x7": -2.7640758505411913, "x8": 0.1088434464195858, "x9": 2.4183224037519824}, "datetime": {"datetime": "2025-05-11 03:38:17", "elapsed": 3351.197114, "delta": 10.244833}}
{"target": 380.37510619259785, "params": {"x0": 1.0218835431687043, "x1": 3.283532493018109, "x2": 8.251189347000206, "x3": 4.6897523635353915, "x4": 9.160530551894476, "x5": 1.9666257851700486, "x6": 15.290469802962168, "x7": -2.7640758505412415, "x8": 0.10884344641958475, "x9": 2.4183224037519833}, "datetime": {"datetime": "2025-05-11 03:38:27", "elapsed": 3361.137781, "delta": 9.940667}}
{"target": 380.37510619259785, "params": {"x0": 1.0218835431687043, "x1": 3.2835324930181073, "x2": 8.25118934700021, "x3": 4.689752363535393, "x4": 9.160530551894476, "x5": 1.966625785170053, "x6": 15.290469802962171, "x7": -2.764075850541192, "x8": 0.10884344641958478, "x9": 2.418322403751983}, "datetime": {"datetime": "2025-05-11 03:38:37", "elapsed": 3371.142827, "delta": 10.005046}}
{"target": 380.37510619259785, "params": {"x0": 1.0218835431687043, "x1": 3.283532493018111, "x2": 8.251189347000212, "x3": 4.689752363535392, "x4": 9.160530551894476, "x5": 1.9666257851700593, "x6": 15.290469802962162, "x7": -2.764075850541214, "x8": 0.10884344641958567, "x9": 2.418322403751983}, "datetime": {"datetime": "2025-05-11 03:38:47", "elapsed": 3381.481973, "delta": 10.339146}}
{"target": 380.37510619259785, "params": {"x0": 1.0218835431687043, "x1": 3.2835324930181105, "x2": 8.251189347000206, "x3": 4.689752363535393, "x4": 9.160530551894475, "x5": 1.9666257851700581, "x6": 15.290469802962164, "x7": -2.7640758505412237, "x8": 0.10884344641958452, "x9": 2.4183224037519833}, "datetime": {"datetime": "2025-05-11 03:38:57", "elapsed": 3391.59438, "delta": 10.112407}}
{"target": 380.37510619259785, "params": {"x0": 1.0218835431687043, "x1": 3.2835324930181073, "x2": 8.25118934700021, "x3": 4.689752363535394, "x4": 9.160530551894473, "x5": 1.9666257851700568, "x6": 15.290469802962168, "x7": -2.7640758505412197, "x8": 0.10884344641958486, "x9": 2.4183224037519833}, "datetime": {"datetime": "2025-05-11 03:39:07", "elapsed": 3401.204945, "delta": 9.610565}}
{"target": 380.37510619259785, "params": {"x0": 1.0218835431687043, "x1": 3.283532493018111, "x2": 8.251189347000206, "x3": 4.689752363535393, "x4": 9.160530551894476, "x5": 1.9666257851700546, "x6": 15.290469802962164, "x7": -2.7640758505411944, "x8": 0.10884344641958522, "x9": 2.418322403751983}, "datetime": {"datetime": "2025-05-11 03:39:17", "elapsed": 3411.376761, "delta": 10.171816}}
{"target": 380.37510619259785, "params": {"x0": 1.0218835431687043, "x1": 3.283532493018108, "x2": 8.251189347000205, "x3": 4.6897523635353915, "x4": 9.160530551894473, "x5": 1.9666257851700577, "x6": 15.290469802962162, "x7": -2.7640758505411984, "x8": 0.10884344641958481, "x9": 2.4183224037519833}, "datetime": {"datetime": "2025-05-11 03:39:27", "elapsed": 3421.5644, "delta": 10.187639}}
{"target": 380.37510619259785, "params": {"x0": 1.0218835431687043, "x1": 3.2835324930181096, "x2": 8.251189347000208, "x3": 4.6897523635353915, "x4": 9.160530551894475, "x5": 1.9666257851700522, "x6": 15.290469802962164, "x7": -2.764075850541199, "x8": 0.10884344641958527, "x9": 2.4183224037519824}, "datetime": {"datetime": "2025-05-11 03:39:38", "elapsed": 3431.907751, "delta": 10.343351}}
{"target": 380.37510619259785, "params": {"x0": 1.0218835431687043, "x1": 3.28353249301811, "x2": 8.25118934700021, "x3": 4.689752363535392, "x4": 9.160530551894475, "x5": 1.9666257851700535, "x6": 15.290469802962168, "x7": -2.764075850541196, "x8": 0.10884344641958561, "x9": 2.418322403751983}, "datetime": {"datetime": "2025-05-11 03:39:48", "elapsed": 3442.489033, "delta": 10.581282}}
{"target": 380.37510619259785, "params": {"x0": 1.0218835431687043, "x1": 3.2835324930181087, "x2": 8.25118934700021, "x3": 4.689752363535392, "x4": 9.160530551894475, "x5": 1.9666257851700553, "x6": 15.290469802962164, "x7": -2.7640758505412033, "x8": 0.10884344641958489, "x9": 2.418322403751983}, "datetime": {"datetime": "2025-05-11 03:39:58", "elapsed": 3452.469046, "delta": 9.980013}}
{"target": 380.37510619259785, "params": {"x0": 1.0218835431687043, "x1": 3.2835324930181087, "x2": 8.251189347000208, "x3": 4.689752363535392, "x4": 9.160530551894476, "x5": 1.9666257851700557, "x6": 15.290469802962166, "x7": -2.764075850541205, "x8": 0.10884344641958532, "x9": 2.4183224037519833}, "datetime": {"datetime": "2025-05-11 03:40:08", "elapsed": 3461.975776, "delta": 9.50673}}
{"target": 380.37510619259785, "params": {"x0": 1.0218835431687043, "x1": 3.28353249301811, "x2": 8.251189347000208, "x3": 4.689752363535393, "x4": 9.160530551894475, "x5": 1.9666257851700562, "x6": 15.290469802962166, "x7": -2.7640758505412126, "x8": 0.10884344641958493, "x9": 2.4183224037519824}, "datetime": {"datetime": "2025-05-11 03:40:18", "elapsed": 3472.42115, "delta": 10.445374}}
{"target": 380.37510619259785, "params": {"x0": 1.0218835431687043, "x1": 3.2835324930181105, "x2": 8.251189347000208, "x3": 4.689752363535392, "x4": 9.160530551894473, "x5": 1.9666257851700548, "x6": 15.290469802962166, "x7": -2.764075850541197, "x8": 0.10884344641958538, "x9": 2.4183224037519824}, "datetime": {"datetime": "2025-05-11 03:40:28", "elapsed": 3482.334341, "delta": 9.913191}}
{"target": 380.37510619259785, "params": {"x0": 1.0218835431687043, "x1": 3.283532493018109, "x2": 8.251189347000208, "x3": 4.689752363535392, "x4": 9.160530551894473, "x5": 1.9666257851700548, "x6": 15.290469802962164, "x7": -2.764075850541213, "x8": 0.10884344641958535, "x9": 2.418322403751983}, "datetime": {"datetime": "2025-05-11 03:40:38", "elapsed": 3492.584171, "delta": 10.24983}}
{"target": 380.37510619259785, "params": {"x0": 1.0218835431687043, "x1": 3.28353249301811, "x2": 8.251189347000208, "x3": 4.689752363535392, "x4": 9.160530551894475, "x5": 1.9666257851700562, "x6": 15.290469802962168, "x7": -2.764075850541198, "x8": 0.1088434464195852, "x9": 2.418322403751983}, "datetime": {"datetime": "2025-05-11 03:40:49", "elapsed": 3502.872124, "delta": 10.287953}}
{"target": 380.37510619259785, "params": {"x0": 1.0218835431687043, "x1": 3.2835324930181096, "x2": 8.25118934700021, "x3": 4.689752363535392, "x4": 9.160530551894475, "x5": 1.966625785170055, "x6": 15.290469802962166, "x7": -2.7640758505412064, "x8": 0.10884344641958521, "x9": 2.418322403751983}, "datetime": {"datetime": "2025-05-11 03:41:00", "elapsed": 3514.023656, "delta": 11.151532}}
{"target": 380.37510619259785, "params": {"x0": 1.0218835431687043, "x1": 3.2835324930181096, "x2": 8.251189347000206, "x3": 4.689752363535392, "x4": 9.160530551894475, "x5": 1.9666257851700553, "x6": 15.290469802962168, "x7": -2.764075850541198, "x8": 0.10884344641958531, "x9": 2.418322403751983}, "datetime": {"datetime": "2025-05-11 03:41:11", "elapsed": 3525.038394, "delta": 11.014738}}
{"target": 380.37510619259785, "params": {"x0": 1.0218835431687043, "x1": 3.2835324930181096, "x2": 8.251189347000206, "x3": 4.689752363535392, "x4": 9.160530551894475, "x5": 1.9666257851700544, "x6": 15.290469802962166, "x7": -2.764075850541199, "x8": 0.10884344641958517, "x9": 2.418322403751983}, "datetime": {"datetime": "2025-05-11 03:41:21", "elapsed": 3535.703979, "delta": 10.665585}}
{"target": 380.37510619259785, "params": {"x0": 1.0218835431687043, "x1": 3.2835324930181096, "x2": 8.251189347000208, "x3": 4.689752363535392, "x4": 9.160530551894475, "x5": 1.966625785170054, "x6": 15.290469802962166, "x7": -2.7640758505412033, "x8": 0.10884344641958525, "x9": 2.418322403751983}, "datetime": {"datetime": "2025-05-11 03:41:33", "elapsed": 3547.19658, "delta": 11.492601}}
{"target": 380.37510619259785, "params": {"x0": 1.0218835431687043, "x1": 3.2835324930181096, "x2": 8.251189347000208, "x3": 4.689752363535392, "x4": 9.160530551894475, "x5": 1.9666257851700542, "x6": 15.290469802962166, "x7": -2.7640758505411993, "x8": 0.10884344641958525, "x9": 2.418322403751983}, "datetime": {"datetime": "2025-05-11 03:41:43", "elapsed": 3557.348283, "delta": 10.151703}}
{"target": 380.37510619259785, "params": {"x0": 1.0218835431687043, "x1": 3.2835324930181096, "x2": 8.251189347000208, "x3": 4.689752363535392, "x4": 9.160530551894475, "x5": 1.966625785170055, "x6": 15.290469802962166, "x7": -2.764075850541207, "x8": 0.10884344641958504, "x9": 2.418322403751983}, "datetime": {"datetime": "2025-05-11 03:41:54", "elapsed": 3567.891955, "delta": 10.543672}}
{"target": 380.37510619259785, "params": {"x0": 1.0218835431687043, "x1": 3.28353249301811, "x2": 8.251189347000208, "x3": 4.689752363535392, "x4": 9.160530551894475, "x5": 1.966625785170055, "x6": 15.290469802962166, "x7": -2.7640758505412, "x8": 0.10884344641958514, "x9": 2.418322403751983}, "datetime": {"datetime": "2025-05-11 03:42:04", "elapsed": 3578.402177, "delta": 10.510222}}
{"target": 380.37510619259785, "params": {"x0": 1.0218835431687043, "x1": 3.28353249301811, "x2": 8.251189347000208, "x3": 4.689752363535392, "x4": 9.160530551894475, "x5": 1.966625785170055, "x6": 15.290469802962166, "x7": -2.7640758505412033, "x8": 0.10884344641958525, "x9": 2.418322403751983}, "datetime": {"datetime": "2025-05-11 03:42:14", "elapsed": 3588.764336, "delta": 10.362159}}
{"target": 380.37510619259785, "params": {"x0": 1.0218835431687043, "x1": 3.28353249301811, "x2": 8.251189347000208, "x3": 4.689752363535392, "x4": 9.160530551894475, "x5": 1.9666257851700553, "x6": 15.290469802962166, "x7": -2.764075850541207, "x8": 0.10884344641958509, "x9": 2.418322403751983}, "datetime": {"datetime": "2025-05-11 03:42:25", "elapsed": 3599.090356, "delta": 10.32602}}
{"target": 380.37510619259785, "params": {"x0": 1.0218835431687043, "x1": 3.283532493018109, "x2": 8.251189347000208, "x3": 4.689752363535392, "x4": 9.160530551894475, "x5": 1.966625785170055, "x6": 15.290469802962166, "x7": -2.764075850541201, "x8": 0.1088434464195851, "x9": 2.418322403751983}, "datetime": {"datetime": "2025-05-11 03:42:35", "elapsed": 3609.465971, "delta": 10.375615}}
{"target": 380.37510619259785, "params": {"x0": 1.0218835431687043, "x1": 3.28353249301811, "x2": 8.251189347000208, "x3": 4.689752363535392, "x4": 9.160530551894475, "x5": 1.9666257851700542, "x6": 15.290469802962166, "x7": -2.764075850541206, "x8": 0.10884344641958522, "x9": 2.418322403751983}, "datetime": {"datetime": "2025-05-11 03:42:46", "elapsed": 3619.957608, "delta": 10.491637}}
