{"target": 376.77678268992975, "params": {"x0": 1.0218474825865247, "x1": 3.2819772745862137, "x2": 8.248101204035704, "x3": 4.691015007247339, "x4": 9.160934204706523, "x5": 1.9657510215056548, "x6": 15.291458690708478, "x7": -2.7300356043094047, "x8": 0.10895394089142484, "x9": 2.4180611963624994}, "datetime": {"datetime": "2025-05-11 02:58:57", "elapsed": 991.636482, "delta": 8.925662}}
{"target": 375.7459082278842, "params": {"x0": 1.021856443907168, "x1": 3.2820652859197152, "x2": 8.245999771309691, "x3": 4.692165621284091, "x4": 9.160552160478899, "x5": 1.9667968047145863, "x6": 15.28940424239569, "x7": -2.728224308120017, "x8": 0.10871961936058086, "x9": 2.4178078415741417}, "datetime": {"datetime": "2025-05-11 02:59:06", "elapsed": 1000.541968, "delta": 8.905486}}
{"target": 374.86027192914344, "params": {"x0": 1.0218774897924656, "x1": 3.283271423403235, "x2": 8.250210817970967, "x3": 4.689964319554457, "x4": 9.16250931688324, "x5": 1.963240742629305, "x6": 15.288208653889004, "x7": -2.7159118065180854, "x8": 0.10852277533810867, "x9": 2.4183652438082546}, "datetime": {"datetime": "2025-05-11 02:59:15", "elapsed": 1009.386451, "delta": 8.844483}}
{"target": 376.77678268992975, "params": {"x0": 1.0218432763926513, "x1": 3.2818802699202974, "x2": 8.247978196816938, "x3": 4.690971408964729, "x4": 9.160943339290613, "x5": 1.9655333803525559, "x6": 15.291226703771693, "x7": -2.730257086645448, "x8": 0.10898078101134251, "x9": 2.4180781414432233}, "datetime": {"datetime": "2025-05-11 02:59:24", "elapsed": 1018.200389, "delta": 8.813938}}
{"target": 375.75715687078286, "params": {"x0": 1.0218388491233161, "x1": 3.2821961419415717, "x2": 8.247775368565698, "x3": 4.690389866021537, "x4": 9.161585519259155, "x5": 1.9641883975034695, "x6": 15.291457006718574, "x7": -2.726124853143837, "x8": 0.10887085833395668, "x9": 2.417837769365203}, "datetime": {"datetime": "2025-05-11 02:59:33", "elapsed": 1027.099069, "delta": 8.89868}}
{"target": 376.9659881962771, "params": {"x0": 1.0218693578396556, "x1": 3.282920709073822, "x2": 8.249639112594512, "x3": 4.690249055919228, "x4": 9.159785947929697, "x5": 1.9675810148065138, "x6": 15.293827967549873, "x7": -2.7407452549255042, "x8": 0.10863962120305735, "x9": 2.4178395457745436}, "datetime": {"datetime": "2025-05-11 02:59:41", "elapsed": 1035.694549, "delta": 8.59548}}
{"target": 375.9800232536203, "params": {"x0": 1.021887951804817, "x1": 3.2837226283882894, "x2": 8.250946334869498, "x3": 4.690900114548122, "x4": 9.158809929669395, "x5": 1.9660255205007837, "x6": 15.29584185286506, "x7": -2.7316420519018196, "x8": 0.108372449467945, "x9": 2.4180279487743057}, "datetime": {"datetime": "2025-05-11 02:59:50", "elapsed": 1044.576681, "delta": 8.882132}}
{"target": 376.989203736074, "params": {"x0": 1.0218526232710103, "x1": 3.2821989816908017, "x2": 8.250815612641999, "x3": 4.690835008685233, "x4": 9.158907531495425, "x5": 1.9661810699313567, "x6": 15.292015470766206, "x7": -2.7489381376468205, "x8": 0.10839916664145623, "x9": 2.4180091084743296}, "datetime": {"datetime": "2025-05-11 02:59:59", "elapsed": 1053.044855, "delta": 8.468174}}
{"target": 376.989203736074, "params": {"x0": 1.021838398887662, "x1": 3.281585513415234, "x2": 8.251815637682363, "x3": 4.690336948834129, "x4": 9.158160877526294, "x5": 1.9673710230752404, "x6": 15.290474848500088, "x7": -2.741974187333702, "x8": 0.10819478026409526, "x9": 2.4181532367691476}, "datetime": {"datetime": "2025-05-11 03:00:07", "elapsed": 1061.637972, "delta": 8.593117}}
{"target": 377.9682969389256, "params": {"x0": 1.021865425216024, "x1": 3.2827511031388124, "x2": 8.24991559010567, "x3": 4.690386754819239, "x4": 9.159579520067643, "x5": 1.9651101121018615, "x6": 15.2906289107267, "x7": -2.7552056929286275, "x8": 0.10858311438108109, "x9": 2.4181388239396657}, "datetime": {"datetime": "2025-05-11 03:00:16", "elapsed": 1070.136053, "delta": 8.498081}}
{"target": 376.95851231577836, "params": {"x0": 1.0218763068692855, "x1": 3.2832204063696215, "x2": 8.249150570949793, "x3": 4.690005739033145, "x4": 9.159008329781258, "x5": 1.9641997979467904, "x6": 15.28945033469312, "x7": -2.749878270939092, "x8": 0.10873946995976222, "x9": 2.4182490820852016}, "datetime": {"datetime": "2025-05-11 03:00:25", "elapsed": 1079.043403, "delta": 8.90735}}
{"target": 379.8191476306587, "params": {"x0": 1.0218752187039593, "x1": 3.2831734760465405, "x2": 8.25060410734596, "x3": 4.690043840611755, "x4": 9.16009359132539, "x5": 1.9659293948414254, "x6": 15.289568192296477, "x7": -2.7600003727192095, "x8": 0.1087238344018941, "x9": 2.418238056270648}, "datetime": {"datetime": "2025-05-11 03:00:34", "elapsed": 1088.029732, "delta": 8.986329}}
{"target": 380.37510619259785, "params": {"x0": 1.0218835431687043, "x1": 3.2835324930181096, "x2": 8.251189347000208, "x3": 4.689752363535392, "x4": 9.160530551894475, "x5": 1.9666257851700546, "x6": 15.290469802962166, "x7": -2.764075850541204, "x8": 0.10884344641958517, "x9": 2.418322403751983}, "datetime": {"datetime": "2025-05-11 03:00:43", "elapsed": 1096.814677, "delta": 8.784945}}
{"target": 380.20273968398504, "params": {"x0": 1.0218918676334494, "x1": 3.2831734760465405, "x2": 8.25060410734596, "x3": 4.68946088645903, "x4": 9.160967512463559, "x5": 1.9673221754986838, "x6": 15.289838675496185, "x7": -2.768151328363199, "x8": 0.1087238344018941, "x9": 2.418406751233318}, "datetime": {"datetime": "2025-05-11 03:00:51", "elapsed": 1105.624544, "delta": 8.809867}}
{"target": 380.20273968398504, "params": {"x0": 1.0218910351869748, "x1": 3.2838556082925217, "x2": 8.251716062689031, "x3": 4.689490034166666, "x4": 9.160923816406651, "x5": 1.9672525364658209, "x6": 15.289901788242782, "x7": -2.7604079205014087, "x8": 0.10895109723550712, "x9": 2.418398316485184}, "datetime": {"datetime": "2025-05-11 03:01:00", "elapsed": 1114.367438, "delta": 8.742894}}
{"target": 380.20273968398504, "params": {"x0": 1.0218902859851478, "x1": 3.2838232967650804, "x2": 8.251663391120148, "x3": 4.689988459967246, "x4": 9.160884489955434, "x5": 1.9660617090038648, "x6": 15.28995858971472, "x7": -2.76737698757702, "x8": 0.10894033215391494, "x9": 2.418390725211864}, "datetime": {"datetime": "2025-05-11 03:01:09", "elapsed": 1122.902959, "delta": 8.535521}}
{"target": 380.37510619259785, "params": {"x0": 1.0218774746339052, "x1": 3.283270769645836, "x2": 8.251615986708154, "x3": 4.689539876746724, "x4": 9.160212007639611, "x5": 1.9671334537196254, "x6": 15.290009711039465, "x7": -2.7670468738734386, "x8": 0.10893064358048196, "x9": 2.418383893065876}, "datetime": {"datetime": "2025-05-11 03:01:18", "elapsed": 1131.994739, "delta": 9.09178}}
{"target": 380.37510619259785, "params": {"x0": 1.0218890048500235, "x1": 3.283296941983063, "x2": 8.251573322737359, "x3": 4.689561125425591, "x4": 9.160817241723851, "x5": 1.966168883475441, "x6": 15.290883885692597, "x7": -2.765415094748431, "x8": 0.10892192386439227, "x9": 2.4183777441344865}, "datetime": {"datetime": "2025-05-11 03:01:27", "elapsed": 1141.145807, "delta": 9.151068}}
{"target": 380.37510619259785, "params": {"x0": 1.021878627655517, "x1": 3.2837444889496514, "x2": 8.250843768836772, "x3": 4.689580249236571, "x4": 9.160272531048037, "x5": 1.9670369966952068, "x6": 15.290842477419554, "x7": -2.766154530957611, "x8": 0.10891407611991157, "x9": 2.418372210096236}, "datetime": {"datetime": "2025-05-11 03:01:36", "elapsed": 1150.114274, "delta": 8.968467}}
{"target": 380.37510619259785, "params": {"x0": 1.021887967130573, "x1": 3.283341696679722, "x2": 8.251500367347301, "x3": 4.689907266404331, "x4": 9.16076277065627, "x5": 1.9669958755426917, "x6": 15.290805209973815, "x7": -2.765213852531526, "x8": 0.10890701314987893, "x9": 2.418367229461811}, "datetime": {"datetime": "2025-05-11 03:01:45", "elapsed": 1159.020959, "delta": 8.906685}}
{"target": 380.37510619259785, "params": {"x0": 1.0218795616030225, "x1": 3.2837042097226585, "x2": 8.251469265312592, "x3": 4.6896129509533475, "x4": 9.16073954878009, "x5": 1.966958866505428, "x6": 15.29077166927265, "x7": -2.7651652555502815, "x8": 0.10878623636232079, "x9": 2.418362746890828}, "datetime": {"datetime": "2025-05-11 03:01:53", "elapsed": 1167.610934, "delta": 8.589975}}
{"target": 380.37510619259785, "params": {"x0": 1.0218871265778178, "x1": 3.2833779479840155, "x2": 8.251441273481353, "x3": 4.689626892211551, "x4": 9.160718649091528, "x5": 1.9669255583718905, "x6": 15.29019812328273, "x7": -2.7644949688834113, "x8": 0.10889493547112311, "x9": 2.4183587125769437}, "datetime": {"datetime": "2025-05-11 03:02:02", "elapsed": 1176.780437, "delta": 9.169503}}
{"target": 380.37510619259785, "params": {"x0": 1.021880318100502, "x1": 3.283671583548794, "x2": 8.250962613167177, "x3": 4.689865287726849, "x4": 9.160699839371823, "x5": 1.966895581051707, "x6": 15.290225291250675, "x7": -2.7655134240831383, "x8": 0.10888978656596932, "x9": 2.4183550816944477}, "datetime": {"datetime": "2025-05-11 03:02:11", "elapsed": 1185.433821, "delta": 8.653384}}
{"target": 380.37510619259785, "params": {"x0": 1.0218806406073224, "x1": 3.2836576744957258, "x2": 8.251393407449935, "x3": 4.689650731763082, "x4": 9.160682910624088, "x5": 1.9668686014635417, "x6": 15.290689863502509, "x7": -2.7654968817908396, "x8": 0.10880174028783944, "x9": 2.418351813900201}, "datetime": {"datetime": "2025-05-11 03:02:20", "elapsed": 1194.385352, "delta": 8.951531}}
{"target": 380.37510619259785, "params": {"x0": 1.021884599199969, "x1": 3.2835037322527487, "x2": 8.251179204580062, "x3": 4.689818121361007, "x4": 9.160562106496895, "x5": 1.966632076018044, "x6": 15.290480410759391, "x7": -2.764099734887615, "x8": 0.10884285028902407, "x9": 2.418309843525304}, "datetime": {"datetime": "2025-05-11 03:02:28", "elapsed": 1202.726001, "delta": 8.340649}}
{"target": 380.37510619259785, "params": {"x0": 1.0218858942434237, "x1": 3.2836338900149786, "x2": 8.251354635964487, "x3": 4.689670041799821, "x4": 9.160407141323487, "x5": 1.9668224663677791, "x6": 15.290291553924488, "x7": -2.7652268858534086, "x8": 0.10887722838629921, "x9": 2.4183462259720394}, "datetime": {"datetime": "2025-05-11 03:02:39", "elapsed": 1212.96315, "delta": 10.237149}}
{"target": 380.37510619259785, "params": {"x0": 1.021881427201457, "x1": 3.2836237503152916, "x2": 8.251040586932357, "x3": 4.689678273973378, "x4": 9.160641621408363, "x5": 1.9668027982480067, "x6": 15.290630227096075, "x7": -2.7651117823221885, "x8": 0.10887385018962781, "x9": 2.418343843750034}, "datetime": {"datetime": "2025-05-11 03:02:48", "elapsed": 1222.240548, "delta": 9.277398}}
{"target": 380.37510619259785, "params": {"x0": 1.021885447539227, "x1": 3.2836146245855735, "x2": 8.251323231061274, "x3": 4.689685682929579, "x4": 9.160630514456974, "x5": 1.9667850969402116, "x6": 15.290325421241647, "x7": -2.76500818914409, "x8": 0.10887080981262355, "x9": 2.4183416997502287}, "datetime": {"datetime": "2025-05-11 03:02:58", "elapsed": 1232.043096, "delta": 9.802548}}
{"target": 380.37510619259785, "params": {"x0": 1.0218818292352339, "x1": 3.2836064114288273, "x2": 8.251309842655168, "x3": 4.6896923509901605, "x4": 9.160620518200725, "x5": 1.9667691657631958, "x6": 15.290339859413699, "x7": -2.7649149552838015, "x8": 0.10886807347331971, "x9": 2.4183397701504044}, "datetime": {"datetime": "2025-05-11 03:03:07", "elapsed": 1241.120003, "delta": 9.076907}}
{"target": 380.37510619259785, "params": {"x0": 1.0218850857088277, "x1": 3.283465966448464, "x2": 8.251297793089671, "x3": 4.689698352244684, "x4": 9.160611521570099, "x5": 1.9667548277038818, "x6": 15.290586752155786, "x7": -2.7648310448095414, "x8": 0.10886561076794625, "x9": 2.418338033510562}, "datetime": {"datetime": "2025-05-11 03:03:16", "elapsed": 1250.310066, "delta": 9.190063}}
{"target": 380.37510619259785, "params": {"x0": 1.0218849314548153, "x1": 3.2835923669307907, "x2": 8.251286948480725, "x3": 4.689703753373754, "x4": 9.160603424602536, "x5": 1.966741923450499, "x6": 15.290364548687908, "x7": -2.764755525382708, "x8": 0.10886339433311014, "x9": 2.418336470534704}, "datetime": {"datetime": "2025-05-11 03:03:25", "elapsed": 1259.567264, "delta": 9.257198}}
{"target": 380.37510619259785, "params": {"x0": 1.0218847926262042, "x1": 3.2835863795395226, "x2": 8.251277188332674, "x3": 4.689708614389918, "x4": 9.16059613733173, "x5": 1.9667303096224547, "x6": 15.290375074115333, "x7": -2.7646875578985575, "x8": 0.10886139954175765, "x9": 2.418335063856432}, "datetime": {"datetime": "2025-05-11 03:03:34", "elapsed": 1268.754971, "delta": 9.187707}}
{"target": 380.37510619259785, "params": {"x0": 1.0218846676804543, "x1": 3.283580990887381, "x2": 8.251268404199427, "x3": 4.689712989304466, "x4": 9.160589578788006, "x5": 1.9667198571772146, "x6": 15.290384547000016, "x7": -2.764626387162822, "x8": 0.1088596042295404, "x9": 2.418333797845987}, "datetime": {"datetime": "2025-05-11 03:03:44", "elapsed": 1278.366007, "delta": 9.611036}}
{"target": 380.37510619259785, "params": {"x0": 1.0218845552292792, "x1": 3.283576141100454, "x2": 8.251260498479505, "x3": 4.6897169267275585, "x4": 9.160583676098652, "x5": 1.9667104499764985, "x6": 15.290393072596231, "x7": -2.7645713335006605, "x8": 0.10885798844854487, "x9": 2.4183326584365865}, "datetime": {"datetime": "2025-05-11 03:03:53", "elapsed": 1287.421632, "delta": 9.055625}}
{"target": 380.37510619259785, "params": {"x0": 1.0218844540232217, "x1": 3.2835717762922196, "x2": 8.251253383331576, "x3": 4.689720470408342, "x4": 9.160578363678233, "x5": 1.9667019834958541, "x6": 15.290538860291507, "x7": -2.764521785204715, "x8": 0.10885653424564891, "x9": 2.418331632968126}, "datetime": {"datetime": "2025-05-11 03:04:02", "elapsed": 1296.078587, "delta": 8.656955}}
{"target": 380.37510619259785, "params": {"x0": 1.02188436293777, "x1": 3.2835678479648087, "x2": 8.251246979698438, "x3": 4.6897236597210465, "x4": 9.160573582499858, "x5": 1.9666943636632743, "x6": 15.29040765136576, "x7": -2.7644771917383637, "x8": 0.10885522546304253, "x9": 2.418330710046512}, "datetime": {"datetime": "2025-05-11 03:04:11", "elapsed": 1305.083129, "delta": 9.004542}}
{"target": 380.37510619259785, "params": {"x0": 1.0218842809608635, "x1": 3.283564312470139, "x2": 8.251241216428616, "x3": 4.689726530102481, "x4": 9.16056927943932, "x5": 1.9666875058139524, "x6": 15.2904138665254, "x7": -2.7644370576186477, "x8": 0.10885404755869679, "x9": 2.418329879417059}, "datetime": {"datetime": "2025-05-11 03:04:20", "elapsed": 1313.810167, "delta": 8.727038}}
{"target": 380.37510619259785, "params": {"x0": 1.0218842071816476, "x1": 3.283561130524936, "x2": 8.251236029485774, "x3": 4.689729113445773, "x4": 9.160565406684835, "x5": 1.9666813337495626, "x6": 15.290520145755256, "x7": -2.7644009369109033, "x8": 0.10885298744478564, "x9": 2.4183291318505513}, "datetime": {"datetime": "2025-05-11 03:04:29", "elapsed": 1322.804332, "delta": 8.994165}}
{"target": 380.37510619259785, "params": {"x0": 1.0218841407803532, "x1": 3.283558266774253, "x2": 8.251231361237219, "x3": 4.689731438454735, "x4": 9.1605619212058, "x5": 1.9666757788916116, "x6": 15.290424494448386, "x7": -2.7643684282739334, "x8": 0.10885203334226559, "x9": 2.4183284590406946}, "datetime": {"datetime": "2025-05-11 03:04:38", "elapsed": 1331.89623, "delta": 9.091898}}
{"target": 380.37510619259785, "params": {"x0": 1.0218840810191883, "x1": 3.283555689398639, "x2": 8.251227159813517, "x3": 4.6897335309628, "x4": 9.160558784274667, "x5": 1.966670779519456, "x6": 15.290429025299764, "x7": -2.7643391705006604, "x8": 0.10885117464999755, "x9": 2.4183278535118236}, "datetime": {"datetime": "2025-05-11 03:04:47", "elapsed": 1340.899605, "delta": 9.003375}}
{"target": 380.37510619259785, "params": {"x0": 1.0218840272341398, "x1": 3.283553369760586, "x2": 8.251223378532186, "x3": 4.68973541422006, "x4": 9.160555961036648, "x5": 1.9666662800845158, "x6": 15.290506502858328, "x7": -2.764312838504715, "x8": 0.10885040182695631, "x9": 2.418327308535839}, "datetime": {"datetime": "2025-05-11 03:04:55", "elapsed": 1349.463865, "delta": 8.56426}}
{"target": 380.37510619259785, "params": {"x0": 1.0218839788275964, "x1": 3.2835512820863384, "x2": 8.251219975378989, "x3": 4.689737109151593, "x4": 9.16055342012243, "x5": 1.9666622305930697, "x6": 15.29043677305562, "x7": -2.7642891397083638, "x8": 0.10884970628621919, "x9": 2.4183268180574538}, "datetime": {"datetime": "2025-05-11 03:05:04", "elapsed": 1358.565032, "delta": 9.101167}}
{"target": 380.37510619259785, "params": {"x0": 1.0218839352617073, "x1": 3.2835494031795154, "x2": 8.25121691254111, "x3": 4.689738634589973, "x4": 9.160551133299634, "x5": 1.9666585860507682, "x6": 15.290499529878057, "x7": -2.764267810791648, "x8": 0.1088490802995558, "x9": 2.4183263766269065}, "datetime": {"datetime": "2025-05-11 03:05:13", "elapsed": 1367.565724, "delta": 9.000692}}
{"target": 380.37510619259785, "params": {"x0": 1.0218838960524068, "x1": 3.283547712163375, "x2": 8.25121415598702, "x3": 4.689740007484515, "x4": 9.16054907515912, "x5": 1.9666553059626968, "x6": 15.290443048737863, "x7": -2.7642486147666037, "x8": 0.10884851691155872, "x9": 2.4183259793394143}, "datetime": {"datetime": "2025-05-11 03:05:22", "elapsed": 1376.49027, "delta": 8.924546}}
{"target": 380.37510619259785, "params": {"x0": 1.0218838607640366, "x1": 3.2835461902488485, "x2": 8.251211675088339, "x3": 4.689741243089602, "x4": 9.160547222832655, "x5": 1.9666523538834326, "x6": 15.290493881764037, "x7": -2.7642313383440635, "x8": 0.10884800986236137, "x9": 2.4183256217806712}, "datetime": {"datetime": "2025-05-11 03:05:31", "elapsed": 1385.410982, "delta": 8.920712}}
{"target": 380.37510619259785, "params": {"x0": 1.0218838290045034, "x1": 3.2835448205257745, "x2": 8.251209442279526, "x3": 4.6897423551341815, "x4": 9.160545555738837, "x5": 1.9666496970120948, "x6": 15.290448132040481, "x7": -2.7642157895637776, "x8": 0.10884755351808376, "x9": 2.4183252999778024}, "datetime": {"datetime": "2025-05-11 03:05:40", "elapsed": 1394.585677, "delta": 9.174695}}
{"target": 380.37510619259785, "params": {"x0": 1.0218838004209234, "x1": 3.283543587775008, "x2": 8.251207432751594, "x3": 4.6897433559743025, "x4": 9.1605440553544, "x5": 1.9666473058278908, "x6": 15.290489306791683, "x7": -2.76420179566152, "x8": 0.10884714280823389, "x9": 2.4183250103552205}, "datetime": {"datetime": "2025-05-11 03:05:49", "elapsed": 1403.533829, "delta": 8.948152}}
{"target": 380.37510619259785, "params": {"x0": 1.0218837746957017, "x1": 3.283542478299318, "x2": 8.251205624176455, "x3": 4.689744256730411, "x4": 9.160542705008409, "x5": 1.9666451537621072, "x6": 15.290452249515601, "x7": -2.7641892011494886, "x8": 0.10884677316936903, "x9": 2.4183247496948965}, "datetime": {"datetime": "2025-05-11 03:05:58", "elapsed": 1412.425808, "delta": 8.891979}}
{"target": 380.37510619259785, "params": {"x0": 1.021883751543002, "x1": 3.283541479771197, "x2": 8.25120399645883, "x3": 4.68974506741091, "x4": 9.160541489697014, "x5": 1.966643216902902, "x6": 15.290485601064074, "x7": -2.7641778660886605, "x8": 0.10884644049439064, "x9": 2.418324515100605}, "datetime": {"datetime": "2025-05-11 03:06:07", "elapsed": 1421.161872, "delta": 8.736064}}
{"target": 380.37510619259785, "params": {"x0": 1.0218837307055721, "x1": 3.2835405810958886, "x2": 8.251202531512968, "x3": 4.689745797023358, "x4": 9.16054039591676, "x5": 1.9666414737296172, "x6": 15.290455584670449, "x7": -2.7641676645339146, "x8": 0.10884614108691008, "x9": 2.418324303965743}, "datetime": {"datetime": "2025-05-11 03:06:16", "elapsed": 1430.105517, "delta": 8.943645}}
{"target": 380.37510619259785, "params": {"x0": 1.0218837119518853, "x1": 3.2835397722881106, "x2": 8.251201213061693, "x3": 4.689746453674561, "x4": 9.160539411514533, "x5": 1.966639904873661, "x6": 15.29045700649962, "x7": -2.7641584831346435, "x8": 0.1088458716201776, "x9": 2.418324113944367}, "datetime": {"datetime": "2025-05-11 03:06:25", "elapsed": 1439.037515, "delta": 8.931998}}
{"target": 380.37510619259785, "params": {"x0": 1.0218836950735672, "x1": 3.2835390443611105, "x2": 8.251200026455544, "x3": 4.689747044660645, "x4": 9.160538525552527, "x5": 1.9666384929033003, "x6": 15.290481319778458, "x7": -2.7641502198752996, "x8": 0.10884562910011836, "x9": 2.4183239429251286}, "datetime": {"datetime": "2025-05-11 03:06:34", "elapsed": 1448.063885, "delta": 9.02637}}
{"target": 380.37510619259785, "params": {"x0": 1.021883679883081, "x1": 3.2835383892268104, "x2": 8.251198958510011, "x3": 4.689747576548119, "x4": 9.160537728186721, "x5": 1.9666372221299757, "x6": 15.290459437827504, "x7": -2.76414278294189, "x8": 0.10884541083206503, "x9": 2.4183237890078138}, "datetime": {"datetime": "2025-05-11 03:06:43", "elapsed": 1456.86419, "delta": 8.800305}}
{"target": 380.37510619259785, "params": {"x0": 1.0218836662116433, "x1": 3.2835377996059405, "x2": 8.25119799735903, "x3": 4.689748055246847, "x4": 9.160537010557496, "x5": 1.9666360784339836, "x6": 15.29046047434097, "x7": -2.7641360897018217, "x8": 0.10884521439081705, "x9": 2.4183236504822307}, "datetime": {"datetime": "2025-05-11 03:06:52", "elapsed": 1465.927858, "delta": 9.063668}}
{"target": 380.37510619259785, "params": {"x0": 1.0218836539073495, "x1": 3.2835372689471574, "x2": 8.251197132323147, "x3": 4.689748486075701, "x4": 9.160536364691193, "x5": 1.9666350491075908, "x6": 15.290478198721242, "x7": -2.7641300657857597, "x8": 0.10884503759369386, "x9": 2.418323525809206}, "datetime": {"datetime": "2025-05-11 03:07:01", "elapsed": 1474.9579, "delta": 9.030042}}
{"target": 380.37510619259785, "params": {"x0": 1.021883642833485, "x1": 3.2835367913542526, "x2": 8.251196353790855, "x3": 4.68974887382167, "x4": 9.160535783411522, "x5": 1.966634122713837, "x6": 15.290462246778997, "x7": -2.764124644261304, "x8": 0.10884487847628299, "x9": 2.418323413603484}, "datetime": {"datetime": "2025-05-11 03:07:10", "elapsed": 1483.88264, "delta": 8.92474}}
