{"target": 380.37510619259785, "params": {"x0": 1.0218835431687043, "x1": 3.2835324930181096, "x2": 8.251189347000208, "x3": 4.689752363535392, "x4": 9.160530551894475, "x5": 1.9666257851700546, "x6": 15.290469802962166, "x7": -2.764075850541204, "x8": 0.10884344641958517, "x9": 2.418322403751983}, "datetime": {"datetime": "2025-05-11 11:29:38", "elapsed": 31632.737634, "delta": 50.632184}}
{"target": 380.37510619259785, "params": {"x0": 1.0218835431687043, "x1": 3.2835324930181096, "x2": 8.251189347000208, "x3": 4.689752363535392, "x4": 9.160530551894475, "x5": 1.9666257851700546, "x6": 15.290469802962166, "x7": -2.764075850541204, "x8": 0.10884344641958517, "x9": 2.418322403751983}, "datetime": {"datetime": "2025-05-11 11:30:25", "elapsed": 31679.103629, "delta": 46.365995}}
{"target": 380.37510619259785, "params": {"x0": 1.0218835431687043, "x1": 3.2835324930181096, "x2": 8.251189347000208, "x3": 4.689752363535392, "x4": 9.160530551894475, "x5": 1.9666257851700546, "x6": 15.290469802962166, "x7": -2.764075850541204, "x8": 0.10884344641958517, "x9": 2.418322403751983}, "datetime": {"datetime": "2025-05-11 11:31:14", "elapsed": 31728.030362, "delta": 48.926733}}
{"target": 380.37510619259785, "params": {"x0": 1.0218835431687043, "x1": 3.2835324930181096, "x2": 8.251189347000208, "x3": 4.689752363535392, "x4": 9.160530551894475, "x5": 1.9666257851700546, "x6": 15.290469802962166, "x7": -2.764075850541204, "x8": 0.10884344641958517, "x9": 2.418322403751983}, "datetime": {"datetime": "2025-05-11 11:31:55", "elapsed": 31769.373411, "delta": 41.343049}}
{"target": 380.37510619259785, "params": {"x0": 1.0218835431687043, "x1": 3.2835324930181096, "x2": 8.251189347000208, "x3": 4.689752363535392, "x4": 9.160530551894475, "x5": 1.9666257851700546, "x6": 15.290469802962166, "x7": -2.764075850541204, "x8": 0.10884344641958517, "x9": 2.418322403751983}, "datetime": {"datetime": "2025-05-11 11:32:57", "elapsed": 31831.79215, "delta": 62.418739}}
{"target": 380.37510619259785, "params": {"x0": 1.0218835431687043, "x1": 3.2835324930181096, "x2": 8.251189347000208, "x3": 4.689752363535392, "x4": 9.160530551894475, "x5": 1.9666257851700546, "x6": 15.290469802962166, "x7": -2.764075850541204, "x8": 0.10884344641958517, "x9": 2.418322403751983}, "datetime": {"datetime": "2025-05-11 11:33:43", "elapsed": 31877.589003, "delta": 45.796853}}
{"target": 380.37510619259785, "params": {"x0": 1.0218835431687043, "x1": 3.2835324930181096, "x2": 8.251189347000208, "x3": 4.689752363535392, "x4": 9.160530551894475, "x5": 1.9666257851700546, "x6": 15.290469802962166, "x7": -2.764075850541204, "x8": 0.10884344641958517, "x9": 2.418322403751983}, "datetime": {"datetime": "2025-05-11 11:34:33", "elapsed": 31927.731579, "delta": 50.142576}}
{"target": 380.37510619259785, "params": {"x0": 1.0218835431687043, "x1": 3.2835324930181096, "x2": 8.251189347000208, "x3": 4.689752363535392, "x4": 9.160530551894475, "x5": 1.9666257851700546, "x6": 15.290469802962166, "x7": -2.764075850541204, "x8": 0.10884344641958517, "x9": 2.418322403751983}, "datetime": {"datetime": "2025-05-11 11:35:24", "elapsed": 31978.461783, "delta": 50.730204}}
{"target": 380.37510619259785, "params": {"x0": 1.0218835431687043, "x1": 3.2835324930181096, "x2": 8.251189347000208, "x3": 4.689752363535392, "x4": 9.160530551894475, "x5": 1.9666257851700546, "x6": 15.290469802962166, "x7": -2.764075850541204, "x8": 0.10884344641958517, "x9": 2.418322403751983}, "datetime": {"datetime": "2025-05-11 11:36:10", "elapsed": 32024.602761, "delta": 46.140978}}
{"target": 380.37510619259785, "params": {"x0": 1.0218835431687043, "x1": 3.2835324930181096, "x2": 8.251189347000208, "x3": 4.689752363535392, "x4": 9.160530551894475, "x5": 1.9666257851700546, "x6": 15.290469802962166, "x7": -2.764075850541204, "x8": 0.10884344641958517, "x9": 2.418322403751983}, "datetime": {"datetime": "2025-05-11 11:36:55", "elapsed": 32069.39016, "delta": 44.787399}}
{"target": 380.37510619259785, "params": {"x0": 1.0218835431687043, "x1": 3.2835324930181096, "x2": 8.251189347000208, "x3": 4.689752363535392, "x4": 9.160530551894475, "x5": 1.9666257851700546, "x6": 15.290469802962166, "x7": -2.764075850541204, "x8": 0.10884344641958517, "x9": 2.418322403751983}, "datetime": {"datetime": "2025-05-11 11:37:42", "elapsed": 32116.462503, "delta": 47.072343}}
{"target": 380.37510619259785, "params": {"x0": 1.0218835431687043, "x1": 3.2835324930181096, "x2": 8.251189347000208, "x3": 4.689752363535392, "x4": 9.160530551894475, "x5": 1.9666257851700546, "x6": 15.290469802962166, "x7": -2.764075850541204, "x8": 0.10884344641958517, "x9": 2.418322403751983}, "datetime": {"datetime": "2025-05-11 11:38:33", "elapsed": 32166.843006, "delta": 50.380503}}
{"target": 380.37510619259785, "params": {"x0": 1.0218835431687043, "x1": 3.2835324930181096, "x2": 8.251189347000208, "x3": 4.689752363535392, "x4": 9.160530551894475, "x5": 1.9666257851700546, "x6": 15.290469802962166, "x7": -2.764075850541204, "x8": 0.10884344641958517, "x9": 2.418322403751983}, "datetime": {"datetime": "2025-05-11 11:39:29", "elapsed": 32223.217423, "delta": 56.374417}}
{"target": 380.37510619259785, "params": {"x0": 1.0218835431687043, "x1": 3.2835324930181096, "x2": 8.251189347000208, "x3": 4.689752363535392, "x4": 9.160530551894475, "x5": 1.9666257851700546, "x6": 15.290469802962166, "x7": -2.764075850541204, "x8": 0.10884344641958517, "x9": 2.418322403751983}, "datetime": {"datetime": "2025-05-11 11:40:14", "elapsed": 32268.66243, "delta": 45.445007}}
{"target": 380.37510619259785, "params": {"x0": 1.0218835431687043, "x1": 3.2835324930181096, "x2": 8.251189347000208, "x3": 4.689752363535392, "x4": 9.160530551894475, "x5": 1.9666257851700546, "x6": 15.290469802962166, "x7": -2.764075850541204, "x8": 0.10884344641958517, "x9": 2.418322403751983}, "datetime": {"datetime": "2025-05-11 11:40:55", "elapsed": 32309.779123, "delta": 41.116693}}
{"target": 380.37510619259785, "params": {"x0": 1.0218835431687043, "x1": 3.2835324930181096, "x2": 8.251189347000208, "x3": 4.689752363535392, "x4": 9.160530551894475, "x5": 1.9666257851700546, "x6": 15.290469802962166, "x7": -2.764075850541204, "x8": 0.10884344641958517, "x9": 2.418322403751983}, "datetime": {"datetime": "2025-05-11 11:41:46", "elapsed": 32360.211346, "delta": 50.432223}}
{"target": 380.37510619259785, "params": {"x0": 1.0218835431687043, "x1": 3.2835324930181096, "x2": 8.251189347000208, "x3": 4.689752363535392, "x4": 9.160530551894475, "x5": 1.9666257851700546, "x6": 15.290469802962166, "x7": -2.764075850541204, "x8": 0.10884344641958517, "x9": 2.418322403751983}, "datetime": {"datetime": "2025-05-11 11:42:37", "elapsed": 32411.140557, "delta": 50.929211}}
{"target": 380.37510619259785, "params": {"x0": 1.0218835431687043, "x1": 3.2835324930181096, "x2": 8.251189347000208, "x3": 4.689752363535392, "x4": 9.160530551894475, "x5": 1.9666257851700546, "x6": 15.290469802962166, "x7": -2.764075850541204, "x8": 0.10884344641958517, "x9": 2.418322403751983}, "datetime": {"datetime": "2025-05-11 11:43:36", "elapsed": 32470.481477, "delta": 59.34092}}
{"target": 380.37510619259785, "params": {"x0": 1.0218835431687043, "x1": 3.2835324930181096, "x2": 8.251189347000208, "x3": 4.689752363535392, "x4": 9.160530551894475, "x5": 1.9666257851700546, "x6": 15.290469802962166, "x7": -2.764075850541204, "x8": 0.10884344641958517, "x9": 2.418322403751983}, "datetime": {"datetime": "2025-05-11 11:44:26", "elapsed": 32520.147171, "delta": 49.665694}}
{"target": 380.37510619259785, "params": {"x0": 1.0218835431687043, "x1": 3.2835324930181096, "x2": 8.251189347000208, "x3": 4.689752363535392, "x4": 9.160530551894475, "x5": 1.9666257851700546, "x6": 15.290469802962166, "x7": -2.764075850541204, "x8": 0.10884344641958517, "x9": 2.418322403751983}, "datetime": {"datetime": "2025-05-11 11:45:16", "elapsed": 32570.536711, "delta": 50.38954}}
{"target": 380.37510619259785, "params": {"x0": 1.0218835431687043, "x1": 3.2835324930181096, "x2": 8.251189347000208, "x3": 4.689752363535392, "x4": 9.160530551894475, "x5": 1.9666257851700546, "x6": 15.290469802962166, "x7": -2.764075850541204, "x8": 0.10884344641958517, "x9": 2.418322403751983}, "datetime": {"datetime": "2025-05-11 11:46:07", "elapsed": 32621.587008, "delta": 51.050297}}
{"target": 380.37510619259785, "params": {"x0": 1.0218835431687043, "x1": 3.2835324930181096, "x2": 8.251189347000208, "x3": 4.689752363535392, "x4": 9.160530551894475, "x5": 1.9666257851700546, "x6": 15.290469802962166, "x7": -2.764075850541204, "x8": 0.10884344641958517, "x9": 2.418322403751983}, "datetime": {"datetime": "2025-05-11 11:46:56", "elapsed": 32669.831793, "delta": 48.244785}}
{"target": 380.37510619259785, "params": {"x0": 1.0218835431687043, "x1": 3.2835324930181096, "x2": 8.251189347000208, "x3": 4.689752363535392, "x4": 9.160530551894475, "x5": 1.9666257851700546, "x6": 15.290469802962166, "x7": -2.764075850541204, "x8": 0.10884344641958517, "x9": 2.418322403751983}, "datetime": {"datetime": "2025-05-11 11:47:46", "elapsed": 32720.767867, "delta": 50.936074}}
{"target": 380.37510619259785, "params": {"x0": 1.0218835431687043, "x1": 3.2835324930181096, "x2": 8.251189347000208, "x3": 4.689752363535392, "x4": 9.160530551894475, "x5": 1.9666257851700546, "x6": 15.290469802962166, "x7": -2.764075850541204, "x8": 0.10884344641958517, "x9": 2.418322403751983}, "datetime": {"datetime": "2025-05-11 11:48:37", "elapsed": 32771.761392, "delta": 50.993525}}
{"target": 380.37510619259785, "params": {"x0": 1.0218835431687043, "x1": 3.2835324930181096, "x2": 8.251189347000208, "x3": 4.689752363535392, "x4": 9.160530551894475, "x5": 1.9666257851700546, "x6": 15.290469802962166, "x7": -2.764075850541204, "x8": 0.10884344641958517, "x9": 2.418322403751983}, "datetime": {"datetime": "2025-05-11 11:49:32", "elapsed": 32826.118315, "delta": 54.356923}}
{"target": 380.37510619259785, "params": {"x0": 1.0218835431687043, "x1": 3.2835324930181096, "x2": 8.251189347000208, "x3": 4.689752363535392, "x4": 9.160530551894475, "x5": 1.9666257851700546, "x6": 15.290469802962166, "x7": -2.764075850541204, "x8": 0.10884344641958517, "x9": 2.418322403751983}, "datetime": {"datetime": "2025-05-11 11:50:08", "elapsed": 32862.257125, "delta": 36.13881}}
{"target": 380.37510619259785, "params": {"x0": 1.0218835431687043, "x1": 3.2835324930181096, "x2": 8.251189347000208, "x3": 4.689752363535392, "x4": 9.160530551894475, "x5": 1.9666257851700546, "x6": 15.290469802962166, "x7": -2.764075850541204, "x8": 0.10884344641958517, "x9": 2.418322403751983}, "datetime": {"datetime": "2025-05-11 11:50:57", "elapsed": 32911.492114, "delta": 49.234989}}
{"target": 380.37510619259785, "params": {"x0": 1.0218835431687043, "x1": 3.2835324930181096, "x2": 8.251189347000208, "x3": 4.689752363535392, "x4": 9.160530551894475, "x5": 1.9666257851700546, "x6": 15.290469802962166, "x7": -2.764075850541204, "x8": 0.10884344641958517, "x9": 2.418322403751983}, "datetime": {"datetime": "2025-05-11 11:51:44", "elapsed": 32958.145271, "delta": 46.653157}}
{"target": 380.37510619259785, "params": {"x0": 1.0218835431687043, "x1": 3.2835324930181096, "x2": 8.251189347000208, "x3": 4.689752363535392, "x4": 9.160530551894475, "x5": 1.9666257851700546, "x6": 15.290469802962166, "x7": -2.764075850541204, "x8": 0.10884344641958517, "x9": 2.418322403751983}, "datetime": {"datetime": "2025-05-11 11:52:32", "elapsed": 33005.92189, "delta": 47.776619}}
{"target": 380.37510619259785, "params": {"x0": 1.0218835431687043, "x1": 3.2835324930181096, "x2": 8.251189347000208, "x3": 4.689752363535392, "x4": 9.160530551894475, "x5": 1.9666257851700546, "x6": 15.290469802962166, "x7": -2.764075850541204, "x8": 0.10884344641958517, "x9": 2.418322403751983}, "datetime": {"datetime": "2025-05-11 11:53:27", "elapsed": 33061.595209, "delta": 55.673319}}
{"target": 380.37510619259785, "params": {"x0": 1.0218835431687043, "x1": 3.2835324930181096, "x2": 8.251189347000208, "x3": 4.689752363535392, "x4": 9.160530551894475, "x5": 1.9666257851700546, "x6": 15.290469802962166, "x7": -2.764075850541204, "x8": 0.10884344641958517, "x9": 2.418322403751983}, "datetime": {"datetime": "2025-05-11 11:54:13", "elapsed": 33107.529495, "delta": 45.934286}}
{"target": 380.37510619259785, "params": {"x0": 1.0218835431687043, "x1": 3.2835324930181096, "x2": 8.251189347000208, "x3": 4.689752363535392, "x4": 9.160530551894475, "x5": 1.9666257851700546, "x6": 15.290469802962166, "x7": -2.764075850541204, "x8": 0.10884344641958517, "x9": 2.418322403751983}, "datetime": {"datetime": "2025-05-11 11:55:00", "elapsed": 33153.864464, "delta": 46.334969}}
{"target": 380.37510619259785, "params": {"x0": 1.0218835431687043, "x1": 3.2835324930181096, "x2": 8.251189347000208, "x3": 4.689752363535392, "x4": 9.160530551894475, "x5": 1.9666257851700546, "x6": 15.290469802962166, "x7": -2.764075850541204, "x8": 0.10884344641958517, "x9": 2.418322403751983}, "datetime": {"datetime": "2025-05-11 11:55:40", "elapsed": 33194.764207, "delta": 40.899743}}
{"target": 380.37510619259785, "params": {"x0": 1.0218835431687043, "x1": 3.2835324930181096, "x2": 8.251189347000208, "x3": 4.689752363535392, "x4": 9.160530551894475, "x5": 1.9666257851700546, "x6": 15.290469802962166, "x7": -2.764075850541204, "x8": 0.10884344641958517, "x9": 2.418322403751983}, "datetime": {"datetime": "2025-05-11 11:56:35", "elapsed": 33249.176737, "delta": 54.41253}}
{"target": 380.37510619259785, "params": {"x0": 1.0218835431687043, "x1": 3.2835324930181096, "x2": 8.251189347000208, "x3": 4.689752363535392, "x4": 9.160530551894475, "x5": 1.9666257851700546, "x6": 15.290469802962166, "x7": -2.764075850541204, "x8": 0.10884344641958517, "x9": 2.418322403751983}, "datetime": {"datetime": "2025-05-11 11:57:33", "elapsed": 33306.829133, "delta": 57.652396}}
{"target": 380.37510619259785, "params": {"x0": 1.0218835431687043, "x1": 3.2835324930181096, "x2": 8.251189347000208, "x3": 4.689752363535392, "x4": 9.160530551894475, "x5": 1.9666257851700546, "x6": 15.290469802962166, "x7": -2.764075850541204, "x8": 0.10884344641958517, "x9": 2.418322403751983}, "datetime": {"datetime": "2025-05-11 11:58:13", "elapsed": 33346.821795, "delta": 39.992662}}
{"target": 380.37510619259785, "params": {"x0": 1.0218835431687043, "x1": 3.2835324930181096, "x2": 8.251189347000208, "x3": 4.689752363535392, "x4": 9.160530551894475, "x5": 1.9666257851700546, "x6": 15.290469802962166, "x7": -2.764075850541204, "x8": 0.10884344641958517, "x9": 2.418322403751983}, "datetime": {"datetime": "2025-05-11 11:59:00", "elapsed": 33394.718107, "delta": 47.896312}}
{"target": 380.37510619259785, "params": {"x0": 1.0218835431687043, "x1": 3.2835324930181096, "x2": 8.251189347000208, "x3": 4.689752363535392, "x4": 9.160530551894475, "x5": 1.9666257851700546, "x6": 15.290469802962166, "x7": -2.764075850541204, "x8": 0.10884344641958517, "x9": 2.418322403751983}, "datetime": {"datetime": "2025-05-11 11:59:46", "elapsed": 33440.0967, "delta": 45.378593}}
{"target": 380.37510619259785, "params": {"x0": 1.0218835431687043, "x1": 3.2835324930181096, "x2": 8.251189347000208, "x3": 4.689752363535392, "x4": 9.160530551894475, "x5": 1.9666257851700546, "x6": 15.290469802962166, "x7": -2.764075850541204, "x8": 0.10884344641958517, "x9": 2.418322403751983}, "datetime": {"datetime": "2025-05-11 12:00:37", "elapsed": 33491.191189, "delta": 51.094489}}
{"target": 380.37510619259785, "params": {"x0": 1.0218835431687043, "x1": 3.2835324930181096, "x2": 8.251189347000208, "x3": 4.689752363535392, "x4": 9.160530551894475, "x5": 1.9666257851700546, "x6": 15.290469802962166, "x7": -2.764075850541204, "x8": 0.10884344641958517, "x9": 2.418322403751983}, "datetime": {"datetime": "2025-05-11 12:01:18", "elapsed": 33531.858317, "delta": 40.667128}}
{"target": 380.37510619259785, "params": {"x0": 1.0218835431687043, "x1": 3.2835324930181096, "x2": 8.251189347000208, "x3": 4.689752363535392, "x4": 9.160530551894475, "x5": 1.9666257851700546, "x6": 15.290469802962166, "x7": -2.764075850541204, "x8": 0.10884344641958517, "x9": 2.418322403751983}, "datetime": {"datetime": "2025-05-11 12:02:00", "elapsed": 33574.171171, "delta": 42.312854}}
{"target": 380.37510619259785, "params": {"x0": 1.0218835431687043, "x1": 3.2835324930181096, "x2": 8.251189347000208, "x3": 4.689752363535392, "x4": 9.160530551894475, "x5": 1.9666257851700546, "x6": 15.290469802962166, "x7": -2.764075850541204, "x8": 0.10884344641958517, "x9": 2.418322403751983}, "datetime": {"datetime": "2025-05-11 12:02:49", "elapsed": 33623.068018, "delta": 48.896847}}
{"target": 380.37510619259785, "params": {"x0": 1.0218835431687043, "x1": 3.2835324930181096, "x2": 8.251189347000208, "x3": 4.689752363535392, "x4": 9.160530551894475, "x5": 1.9666257851700546, "x6": 15.290469802962166, "x7": -2.764075850541204, "x8": 0.10884344641958517, "x9": 2.418322403751983}, "datetime": {"datetime": "2025-05-11 12:03:32", "elapsed": 33666.346045, "delta": 43.278027}}
{"target": 380.37510619259785, "params": {"x0": 1.0218835431687043, "x1": 3.2835324930181096, "x2": 8.251189347000208, "x3": 4.689752363535392, "x4": 9.160530551894475, "x5": 1.9666257851700546, "x6": 15.290469802962166, "x7": -2.764075850541204, "x8": 0.10884344641958517, "x9": 2.418322403751983}, "datetime": {"datetime": "2025-05-11 12:04:12", "elapsed": 33705.959888, "delta": 39.613843}}
{"target": 380.37510619259785, "params": {"x0": 1.0218835431687043, "x1": 3.2835324930181096, "x2": 8.251189347000208, "x3": 4.689752363535392, "x4": 9.160530551894475, "x5": 1.9666257851700546, "x6": 15.290469802962166, "x7": -2.764075850541204, "x8": 0.10884344641958517, "x9": 2.418322403751983}, "datetime": {"datetime": "2025-05-11 12:05:08", "elapsed": 33762.627671, "delta": 56.667783}}
{"target": 380.37510619259785, "params": {"x0": 1.0218835431687043, "x1": 3.2835324930181096, "x2": 8.251189347000208, "x3": 4.689752363535392, "x4": 9.160530551894475, "x5": 1.9666257851700546, "x6": 15.290469802962166, "x7": -2.764075850541204, "x8": 0.10884344641958517, "x9": 2.418322403751983}, "datetime": {"datetime": "2025-05-11 12:05:48", "elapsed": 33802.759403, "delta": 40.131732}}
{"target": 380.37510619259785, "params": {"x0": 1.0218835431687043, "x1": 3.2835324930181096, "x2": 8.251189347000208, "x3": 4.689752363535392, "x4": 9.160530551894475, "x5": 1.9666257851700546, "x6": 15.290469802962166, "x7": -2.764075850541204, "x8": 0.10884344641958517, "x9": 2.418322403751983}, "datetime": {"datetime": "2025-05-11 12:06:37", "elapsed": 33851.592076, "delta": 48.832673}}
{"target": 380.37510619259785, "params": {"x0": 1.0218835431687043, "x1": 3.2835324930181096, "x2": 8.251189347000208, "x3": 4.689752363535392, "x4": 9.160530551894475, "x5": 1.9666257851700546, "x6": 15.290469802962166, "x7": -2.764075850541204, "x8": 0.10884344641958517, "x9": 2.418322403751983}, "datetime": {"datetime": "2025-05-11 12:07:19", "elapsed": 33893.644766, "delta": 42.05269}}
{"target": 380.37510619259785, "params": {"x0": 1.0218835431687043, "x1": 3.2835324930181096, "x2": 8.251189347000208, "x3": 4.689752363535392, "x4": 9.160530551894475, "x5": 1.9666257851700546, "x6": 15.290469802962166, "x7": -2.764075850541204, "x8": 0.10884344641958517, "x9": 2.418322403751983}, "datetime": {"datetime": "2025-05-11 12:08:05", "elapsed": 33939.731803, "delta": 46.087037}}
{"target": 380.37510619259785, "params": {"x0": 1.0218835431687043, "x1": 3.2835324930181096, "x2": 8.251189347000208, "x3": 4.689752363535392, "x4": 9.160530551894475, "x5": 1.9666257851700546, "x6": 15.290469802962166, "x7": -2.764075850541204, "x8": 0.10884344641958517, "x9": 2.418322403751983}, "datetime": {"datetime": "2025-05-11 12:08:46", "elapsed": 33980.226071, "delta": 40.494268}}
{"target": 380.37510619259785, "params": {"x0": 1.0218835431687043, "x1": 3.2835324930181096, "x2": 8.251189347000208, "x3": 4.689752363535392, "x4": 9.160530551894475, "x5": 1.9666257851700546, "x6": 15.290469802962166, "x7": -2.764075850541204, "x8": 0.10884344641958517, "x9": 2.418322403751983}, "datetime": {"datetime": "2025-05-11 12:09:35", "elapsed": 34029.731316, "delta": 49.505245}}
{"target": 380.37510619259785, "params": {"x0": 1.0218835431687043, "x1": 3.2835324930181096, "x2": 8.251189347000208, "x3": 4.689752363535392, "x4": 9.160530551894475, "x5": 1.9666257851700546, "x6": 15.290469802962166, "x7": -2.764075850541204, "x8": 0.10884344641958517, "x9": 2.418322403751983}, "datetime": {"datetime": "2025-05-11 12:10:34", "elapsed": 34088.788943, "delta": 59.057627}}
{"target": 380.37510619259785, "params": {"x0": 1.0218835431687043, "x1": 3.2835324930181096, "x2": 8.251189347000208, "x3": 4.689752363535392, "x4": 9.160530551894475, "x5": 1.9666257851700546, "x6": 15.290469802962166, "x7": -2.764075850541204, "x8": 0.10884344641958517, "x9": 2.418322403751983}, "datetime": {"datetime": "2025-05-11 12:11:11", "elapsed": 34125.426729, "delta": 36.637786}}
{"target": 380.37510619259785, "params": {"x0": 1.0218835431687043, "x1": 3.2835324930181096, "x2": 8.251189347000208, "x3": 4.689752363535392, "x4": 9.160530551894475, "x5": 1.9666257851700546, "x6": 15.290469802962166, "x7": -2.764075850541204, "x8": 0.10884344641958517, "x9": 2.418322403751983}, "datetime": {"datetime": "2025-05-11 12:11:58", "elapsed": 34172.261822, "delta": 46.835093}}
{"target": 380.37510619259785, "params": {"x0": 1.0218835431687043, "x1": 3.2835324930181096, "x2": 8.251189347000208, "x3": 4.689752363535392, "x4": 9.160530551894475, "x5": 1.9666257851700546, "x6": 15.290469802962166, "x7": -2.764075850541204, "x8": 0.10884344641958517, "x9": 2.418322403751983}, "datetime": {"datetime": "2025-05-11 12:12:40", "elapsed": 34214.509537, "delta": 42.247715}}
