{"target": 380.37510619259785, "params": {"x0": 1.0218835431687043, "x1": 3.2835324930181096, "x2": 8.251189347000208, "x3": 4.689752363535392, "x4": 9.160530551894475, "x5": 1.9666257851700546, "x6": 15.290469802962166, "x7": -2.764075850541204, "x8": 0.10884344641958517, "x9": 2.418322403751983}, "datetime": {"datetime": "2025-05-11 18:40:55", "elapsed": 57509.324092, "delta": 71.219515}}
{"target": 380.37510619259785, "params": {"x0": 1.0218835431687043, "x1": 3.2835324930181096, "x2": 8.251189347000208, "x3": 4.689752363535392, "x4": 9.160530551894475, "x5": 1.9666257851700546, "x6": 15.290469802962166, "x7": -2.764075850541204, "x8": 0.10884344641958517, "x9": 2.418322403751983}, "datetime": {"datetime": "2025-05-11 18:42:03", "elapsed": 57576.967717, "delta": 67.643625}}
{"target": 380.37510619259785, "params": {"x0": 1.0218835431687043, "x1": 3.2835324930181096, "x2": 8.251189347000208, "x3": 4.689752363535392, "x4": 9.160530551894475, "x5": 1.9666257851700546, "x6": 15.290469802962166, "x7": -2.764075850541204, "x8": 0.10884344641958517, "x9": 2.418322403751983}, "datetime": {"datetime": "2025-05-11 18:43:10", "elapsed": 57643.913157, "delta": 66.94544}}
{"target": 380.37510619259785, "params": {"x0": 1.0218835431687043, "x1": 3.2835324930181096, "x2": 8.251189347000208, "x3": 4.689752363535392, "x4": 9.160530551894475, "x5": 1.9666257851700546, "x6": 15.290469802962166, "x7": -2.764075850541204, "x8": 0.10884344641958517, "x9": 2.418322403751983}, "datetime": {"datetime": "2025-05-11 18:44:20", "elapsed": 57714.540028, "delta": 70.626871}}
{"target": 380.37510619259785, "params": {"x0": 1.0218835431687043, "x1": 3.2835324930181096, "x2": 8.251189347000208, "x3": 4.689752363535392, "x4": 9.160530551894475, "x5": 1.9666257851700546, "x6": 15.290469802962166, "x7": -2.764075850541204, "x8": 0.10884344641958517, "x9": 2.418322403751983}, "datetime": {"datetime": "2025-05-11 18:45:46", "elapsed": 57799.837411, "delta": 85.297383}}
{"target": 380.37510619259785, "params": {"x0": 1.0218835431687043, "x1": 3.2835324930181096, "x2": 8.251189347000208, "x3": 4.689752363535392, "x4": 9.160530551894475, "x5": 1.9666257851700546, "x6": 15.290469802962166, "x7": -2.764075850541204, "x8": 0.10884344641958517, "x9": 2.418322403751983}, "datetime": {"datetime": "2025-05-11 18:46:48", "elapsed": 57861.963722, "delta": 62.126311}}
{"target": 380.37510619259785, "params": {"x0": 1.0218835431687043, "x1": 3.2835324930181096, "x2": 8.251189347000208, "x3": 4.689752363535392, "x4": 9.160530551894475, "x5": 1.9666257851700546, "x6": 15.290469802962166, "x7": -2.764075850541204, "x8": 0.10884344641958517, "x9": 2.418322403751983}, "datetime": {"datetime": "2025-05-11 18:48:07", "elapsed": 57941.657091, "delta": 79.693369}}
{"target": 380.37510619259785, "params": {"x0": 1.0218835431687043, "x1": 3.2835324930181096, "x2": 8.251189347000208, "x3": 4.689752363535392, "x4": 9.160530551894475, "x5": 1.9666257851700546, "x6": 15.290469802962166, "x7": -2.764075850541204, "x8": 0.10884344641958517, "x9": 2.418322403751983}, "datetime": {"datetime": "2025-05-11 18:49:15", "elapsed": 58009.286523, "delta": 67.629432}}
{"target": 380.37510619259785, "params": {"x0": 1.0218835431687043, "x1": 3.2835324930181096, "x2": 8.251189347000208, "x3": 4.689752363535392, "x4": 9.160530551894475, "x5": 1.9666257851700546, "x6": 15.290469802962166, "x7": -2.764075850541204, "x8": 0.10884344641958517, "x9": 2.418322403751983}, "datetime": {"datetime": "2025-05-11 18:50:21", "elapsed": 58075.744457, "delta": 66.457934}}
{"target": 380.37510619259785, "params": {"x0": 1.0218835431687043, "x1": 3.2835324930181096, "x2": 8.251189347000208, "x3": 4.689752363535392, "x4": 9.160530551894475, "x5": 1.9666257851700546, "x6": 15.290469802962166, "x7": -2.764075850541204, "x8": 0.10884344641958517, "x9": 2.418322403751983}, "datetime": {"datetime": "2025-05-11 18:51:36", "elapsed": 58150.699885, "delta": 74.955428}}
{"target": 380.37510619259785, "params": {"x0": 1.0218835431687043, "x1": 3.2835324930181096, "x2": 8.251189347000208, "x3": 4.689752363535392, "x4": 9.160530551894475, "x5": 1.9666257851700546, "x6": 15.290469802962166, "x7": -2.764075850541204, "x8": 0.10884344641958517, "x9": 2.418322403751983}, "datetime": {"datetime": "2025-05-11 18:52:38", "elapsed": 58211.986634, "delta": 61.286749}}
{"target": 380.37510619259785, "params": {"x0": 1.0218835431687043, "x1": 3.2835324930181096, "x2": 8.251189347000208, "x3": 4.689752363535392, "x4": 9.160530551894475, "x5": 1.9666257851700546, "x6": 15.290469802962166, "x7": -2.764075850541204, "x8": 0.10884344641958517, "x9": 2.418322403751983}, "datetime": {"datetime": "2025-05-11 18:54:00", "elapsed": 58294.197166, "delta": 82.210532}}
{"target": 380.37510619259785, "params": {"x0": 1.0218835431687043, "x1": 3.2835324930181096, "x2": 8.251189347000208, "x3": 4.689752363535392, "x4": 9.160530551894475, "x5": 1.9666257851700546, "x6": 15.290469802962166, "x7": -2.764075850541204, "x8": 0.10884344641958517, "x9": 2.418322403751983}, "datetime": {"datetime": "2025-05-11 18:55:26", "elapsed": 58380.516241, "delta": 86.319075}}
{"target": 380.37510619259785, "params": {"x0": 1.0218835431687043, "x1": 3.2835324930181096, "x2": 8.251189347000208, "x3": 4.689752363535392, "x4": 9.160530551894475, "x5": 1.9666257851700546, "x6": 15.290469802962166, "x7": -2.764075850541204, "x8": 0.10884344641958517, "x9": 2.418322403751983}, "datetime": {"datetime": "2025-05-11 18:56:35", "elapsed": 58449.620441, "delta": 69.1042}}
{"target": 380.37510619259785, "params": {"x0": 1.0218835431687043, "x1": 3.2835324930181096, "x2": 8.251189347000208, "x3": 4.689752363535392, "x4": 9.160530551894475, "x5": 1.9666257851700546, "x6": 15.290469802962166, "x7": -2.764075850541204, "x8": 0.10884344641958517, "x9": 2.418322403751983}, "datetime": {"datetime": "2025-05-11 18:57:37", "elapsed": 58511.279809, "delta": 61.659368}}
{"target": 380.37510619259785, "params": {"x0": 1.0218835431687043, "x1": 3.2835324930181096, "x2": 8.251189347000208, "x3": 4.689752363535392, "x4": 9.160530551894475, "x5": 1.9666257851700546, "x6": 15.290469802962166, "x7": -2.764075850541204, "x8": 0.10884344641958517, "x9": 2.418322403751983}, "datetime": {"datetime": "2025-05-11 18:58:47", "elapsed": 58581.671039, "delta": 70.39123}}
{"target": 380.37510619259785, "params": {"x0": 1.0218835431687043, "x1": 3.2835324930181096, "x2": 8.251189347000208, "x3": 4.689752363535392, "x4": 9.160530551894475, "x5": 1.9666257851700546, "x6": 15.290469802962166, "x7": -2.764075850541204, "x8": 0.10884344641958517, "x9": 2.418322403751983}, "datetime": {"datetime": "2025-05-11 19:00:05", "elapsed": 58659.442947, "delta": 77.771908}}
{"target": 380.37510619259785, "params": {"x0": 1.0218835431687043, "x1": 3.2835324930181096, "x2": 8.251189347000208, "x3": 4.689752363535392, "x4": 9.160530551894475, "x5": 1.9666257851700546, "x6": 15.290469802962166, "x7": -2.764075850541204, "x8": 0.10884344641958517, "x9": 2.418322403751983}, "datetime": {"datetime": "2025-05-11 19:01:24", "elapsed": 58738.733919, "delta": 79.290972}}
{"target": 380.37510619259785, "params": {"x0": 1.0218835431687043, "x1": 3.2835324930181096, "x2": 8.251189347000208, "x3": 4.689752363535392, "x4": 9.160530551894475, "x5": 1.9666257851700546, "x6": 15.290469802962166, "x7": -2.764075850541204, "x8": 0.10884344641958517, "x9": 2.418322403751983}, "datetime": {"datetime": "2025-05-11 19:02:48", "elapsed": 58822.360746, "delta": 83.626827}}
{"target": 380.37510619259785, "params": {"x0": 1.0218835431687043, "x1": 3.2835324930181096, "x2": 8.251189347000208, "x3": 4.689752363535392, "x4": 9.160530551894475, "x5": 1.9666257851700546, "x6": 15.290469802962166, "x7": -2.764075850541204, "x8": 0.10884344641958517, "x9": 2.418322403751983}, "datetime": {"datetime": "2025-05-11 19:04:07", "elapsed": 58901.265118, "delta": 78.904372}}
{"target": 380.37510619259785, "params": {"x0": 1.0218835431687043, "x1": 3.2835324930181096, "x2": 8.251189347000208, "x3": 4.689752363535392, "x4": 9.160530551894475, "x5": 1.9666257851700546, "x6": 15.290469802962166, "x7": -2.764075850541204, "x8": 0.10884344641958517, "x9": 2.418322403751983}, "datetime": {"datetime": "2025-05-11 19:05:21", "elapsed": 58975.197353, "delta": 73.932235}}
{"target": 380.37510619259785, "params": {"x0": 1.0218835431687043, "x1": 3.2835324930181096, "x2": 8.251189347000208, "x3": 4.689752363535392, "x4": 9.160530551894475, "x5": 1.9666257851700546, "x6": 15.290469802962166, "x7": -2.764075850541204, "x8": 0.10884344641958517, "x9": 2.418322403751983}, "datetime": {"datetime": "2025-05-11 19:06:28", "elapsed": 59042.096558, "delta": 66.899205}}
{"target": 380.37510619259785, "params": {"x0": 1.0218835431687043, "x1": 3.2835324930181096, "x2": 8.251189347000208, "x3": 4.689752363535392, "x4": 9.160530551894475, "x5": 1.9666257851700546, "x6": 15.290469802962166, "x7": -2.764075850541204, "x8": 0.10884344641958517, "x9": 2.418322403751983}, "datetime": {"datetime": "2025-05-11 19:07:58", "elapsed": 59132.13487, "delta": 90.038312}}
{"target": 380.37510619259785, "params": {"x0": 1.0218835431687043, "x1": 3.2835324930181096, "x2": 8.251189347000208, "x3": 4.689752363535392, "x4": 9.160530551894475, "x5": 1.9666257851700546, "x6": 15.290469802962166, "x7": -2.764075850541204, "x8": 0.10884344641958517, "x9": 2.418322403751983}, "datetime": {"datetime": "2025-05-11 19:09:14", "elapsed": 59208.504136, "delta": 76.369266}}
{"target": 380.37510619259785, "params": {"x0": 1.0218835431687043, "x1": 3.2835324930181096, "x2": 8.251189347000208, "x3": 4.689752363535392, "x4": 9.160530551894475, "x5": 1.9666257851700546, "x6": 15.290469802962166, "x7": -2.764075850541204, "x8": 0.10884344641958517, "x9": 2.418322403751983}, "datetime": {"datetime": "2025-05-11 19:10:31", "elapsed": 59285.050456, "delta": 76.54632}}
{"target": 380.37510619259785, "params": {"x0": 1.0218835431687043, "x1": 3.2835324930181096, "x2": 8.251189347000208, "x3": 4.689752363535392, "x4": 9.160530551894475, "x5": 1.9666257851700546, "x6": 15.290469802962166, "x7": -2.764075850541204, "x8": 0.10884344641958517, "x9": 2.418322403751983}, "datetime": {"datetime": "2025-05-11 19:11:46", "elapsed": 59360.234678, "delta": 75.184222}}
{"target": 380.37510619259785, "params": {"x0": 1.0218835431687043, "x1": 3.2835324930181096, "x2": 8.251189347000208, "x3": 4.689752363535392, "x4": 9.160530551894475, "x5": 1.9666257851700546, "x6": 15.290469802962166, "x7": -2.764075850541204, "x8": 0.10884344641958517, "x9": 2.418322403751983}, "datetime": {"datetime": "2025-05-11 19:12:48", "elapsed": 59421.943479, "delta": 61.708801}}
{"target": 380.37510619259785, "params": {"x0": 1.0218835431687043, "x1": 3.2835324930181096, "x2": 8.251189347000208, "x3": 4.689752363535392, "x4": 9.160530551894475, "x5": 1.9666257851700546, "x6": 15.290469802962166, "x7": -2.764075850541204, "x8": 0.10884344641958517, "x9": 2.418322403751983}, "datetime": {"datetime": "2025-05-11 19:14:06", "elapsed": 59499.96705, "delta": 78.023571}}
{"target": 380.37510619259785, "params": {"x0": 1.0218835431687043, "x1": 3.2835324930181096, "x2": 8.251189347000208, "x3": 4.689752363535392, "x4": 9.160530551894475, "x5": 1.9666257851700546, "x6": 15.290469802962166, "x7": -2.764075850541204, "x8": 0.10884344641958517, "x9": 2.418322403751983}, "datetime": {"datetime": "2025-05-11 19:15:11", "elapsed": 59564.905047, "delta": 64.937997}}
{"target": 380.37510619259785, "params": {"x0": 1.0218835431687043, "x1": 3.2835324930181096, "x2": 8.251189347000208, "x3": 4.689752363535392, "x4": 9.160530551894475, "x5": 1.9666257851700546, "x6": 15.290469802962166, "x7": -2.764075850541204, "x8": 0.10884344641958517, "x9": 2.418322403751983}, "datetime": {"datetime": "2025-05-11 19:16:27", "elapsed": 59641.575291, "delta": 76.670244}}
{"target": 380.37510619259785, "params": {"x0": 1.0218835431687043, "x1": 3.2835324930181096, "x2": 8.251189347000208, "x3": 4.689752363535392, "x4": 9.160530551894475, "x5": 1.9666257851700546, "x6": 15.290469802962166, "x7": -2.764075850541204, "x8": 0.10884344641958517, "x9": 2.418322403751983}, "datetime": {"datetime": "2025-05-11 19:17:37", "elapsed": 59710.931535, "delta": 69.356244}}
{"target": 380.37510619259785, "params": {"x0": 1.0218835431687043, "x1": 3.2835324930181096, "x2": 8.251189347000208, "x3": 4.689752363535392, "x4": 9.160530551894475, "x5": 1.9666257851700546, "x6": 15.290469802962166, "x7": -2.764075850541204, "x8": 0.10884344641958517, "x9": 2.418322403751983}, "datetime": {"datetime": "2025-05-11 19:18:39", "elapsed": 59772.813839, "delta": 61.882304}}
{"target": 380.37510619259785, "params": {"x0": 1.0218835431687043, "x1": 3.2835324930181096, "x2": 8.251189347000208, "x3": 4.689752363535392, "x4": 9.160530551894475, "x5": 1.9666257851700546, "x6": 15.290469802962166, "x7": -2.764075850541204, "x8": 0.10884344641958517, "x9": 2.418322403751983}, "datetime": {"datetime": "2025-05-11 19:19:57", "elapsed": 59851.541421, "delta": 78.727582}}
{"target": 380.37510619259785, "params": {"x0": 1.0218835431687043, "x1": 3.2835324930181096, "x2": 8.251189347000208, "x3": 4.689752363535392, "x4": 9.160530551894475, "x5": 1.9666257851700546, "x6": 15.290469802962166, "x7": -2.764075850541204, "x8": 0.10884344641958517, "x9": 2.418322403751983}, "datetime": {"datetime": "2025-05-11 19:21:18", "elapsed": 59932.051896, "delta": 80.510475}}
{"target": 380.37510619259785, "params": {"x0": 1.0218835431687043, "x1": 3.2835324930181096, "x2": 8.251189347000208, "x3": 4.689752363535392, "x4": 9.160530551894475, "x5": 1.9666257851700546, "x6": 15.290469802962166, "x7": -2.764075850541204, "x8": 0.10884344641958517, "x9": 2.418322403751983}, "datetime": {"datetime": "2025-05-11 19:22:35", "elapsed": 60009.044913, "delta": 76.993017}}
{"target": 380.37510619259785, "params": {"x0": 1.0218835431687043, "x1": 3.2835324930181096, "x2": 8.251189347000208, "x3": 4.689752363535392, "x4": 9.160530551894475, "x5": 1.9666257851700546, "x6": 15.290469802962166, "x7": -2.764075850541204, "x8": 0.10884344641958517, "x9": 2.418322403751983}, "datetime": {"datetime": "2025-05-11 19:23:44", "elapsed": 60078.132993, "delta": 69.08808}}
{"target": 380.37510619259785, "params": {"x0": 1.0218835431687043, "x1": 3.2835324930181096, "x2": 8.251189347000208, "x3": 4.689752363535392, "x4": 9.160530551894475, "x5": 1.9666257851700546, "x6": 15.290469802962166, "x7": -2.764075850541204, "x8": 0.10884344641958517, "x9": 2.418322403751983}, "datetime": {"datetime": "2025-05-11 19:25:05", "elapsed": 60159.089578, "delta": 80.956585}}
{"target": 380.37510619259785, "params": {"x0": 1.0218835431687043, "x1": 3.2835324930181096, "x2": 8.251189347000208, "x3": 4.689752363535392, "x4": 9.160530551894475, "x5": 1.9666257851700546, "x6": 15.290469802962166, "x7": -2.764075850541204, "x8": 0.10884344641958517, "x9": 2.418322403751983}, "datetime": {"datetime": "2025-05-11 19:26:29", "elapsed": 60243.593353, "delta": 84.503775}}
{"target": 380.37510619259785, "params": {"x0": 1.0218835431687043, "x1": 3.2835324930181096, "x2": 8.251189347000208, "x3": 4.689752363535392, "x4": 9.160530551894475, "x5": 1.9666257851700546, "x6": 15.290469802962166, "x7": -2.764075850541204, "x8": 0.10884344641958517, "x9": 2.418322403751983}, "datetime": {"datetime": "2025-05-11 19:27:40", "elapsed": 60314.609152, "delta": 71.015799}}
{"target": 380.37510619259785, "params": {"x0": 1.0218835431687043, "x1": 3.2835324930181096, "x2": 8.251189347000208, "x3": 4.689752363535392, "x4": 9.160530551894475, "x5": 1.9666257851700546, "x6": 15.290469802962166, "x7": -2.764075850541204, "x8": 0.10884344641958517, "x9": 2.418322403751983}, "datetime": {"datetime": "2025-05-11 19:29:03", "elapsed": 60397.730268, "delta": 83.121116}}
{"target": 380.37510619259785, "params": {"x0": 1.0218835431687043, "x1": 3.2835324930181096, "x2": 8.251189347000208, "x3": 4.689752363535392, "x4": 9.160530551894475, "x5": 1.9666257851700546, "x6": 15.290469802962166, "x7": -2.764075850541204, "x8": 0.10884344641958517, "x9": 2.418322403751983}, "datetime": {"datetime": "2025-05-11 19:30:24", "elapsed": 60478.003598, "delta": 80.27333}}
{"target": 380.37510619259785, "params": {"x0": 1.0218835431687043, "x1": 3.2835324930181096, "x2": 8.251189347000208, "x3": 4.689752363535392, "x4": 9.160530551894475, "x5": 1.9666257851700546, "x6": 15.290469802962166, "x7": -2.764075850541204, "x8": 0.10884344641958517, "x9": 2.418322403751983}, "datetime": {"datetime": "2025-05-11 19:31:35", "elapsed": 60548.999237, "delta": 70.995639}}
{"target": 380.37510619259785, "params": {"x0": 1.0218835431687043, "x1": 3.2835324930181096, "x2": 8.251189347000208, "x3": 4.689752363535392, "x4": 9.160530551894475, "x5": 1.9666257851700546, "x6": 15.290469802962166, "x7": -2.764075850541204, "x8": 0.10884344641958517, "x9": 2.418322403751983}, "datetime": {"datetime": "2025-05-11 19:32:53", "elapsed": 60627.711015, "delta": 78.711778}}
{"target": 380.37510619259785, "params": {"x0": 1.0218835431687043, "x1": 3.2835324930181096, "x2": 8.251189347000208, "x3": 4.689752363535392, "x4": 9.160530551894475, "x5": 1.9666257851700546, "x6": 15.290469802962166, "x7": -2.764075850541204, "x8": 0.10884344641958517, "x9": 2.418322403751983}, "datetime": {"datetime": "2025-05-11 19:34:23", "elapsed": 60717.05235, "delta": 89.341335}}
{"target": 380.37510619259785, "params": {"x0": 1.0218835431687043, "x1": 3.2835324930181096, "x2": 8.251189347000208, "x3": 4.689752363535392, "x4": 9.160530551894475, "x5": 1.9666257851700546, "x6": 15.290469802962166, "x7": -2.764075850541204, "x8": 0.10884344641958517, "x9": 2.418322403751983}, "datetime": {"datetime": "2025-05-11 19:35:35", "elapsed": 60789.385404, "delta": 72.333054}}
{"target": 380.37510619259785, "params": {"x0": 1.0218835431687043, "x1": 3.2835324930181096, "x2": 8.251189347000208, "x3": 4.689752363535392, "x4": 9.160530551894475, "x5": 1.9666257851700546, "x6": 15.290469802962166, "x7": -2.764075850541204, "x8": 0.10884344641958517, "x9": 2.418322403751983}, "datetime": {"datetime": "2025-05-11 19:37:00", "elapsed": 60874.32547, "delta": 84.940066}}
{"target": 380.37510619259785, "params": {"x0": 1.0218835431687043, "x1": 3.2835324930181096, "x2": 8.251189347000208, "x3": 4.689752363535392, "x4": 9.160530551894475, "x5": 1.9666257851700546, "x6": 15.290469802962166, "x7": -2.764075850541204, "x8": 0.10884344641958517, "x9": 2.418322403751983}, "datetime": {"datetime": "2025-05-11 19:38:19", "elapsed": 60953.14233, "delta": 78.81686}}
{"target": 380.37510619259785, "params": {"x0": 1.0218835431687043, "x1": 3.2835324930181096, "x2": 8.251189347000208, "x3": 4.689752363535392, "x4": 9.160530551894475, "x5": 1.9666257851700546, "x6": 15.290469802962166, "x7": -2.764075850541204, "x8": 0.10884344641958517, "x9": 2.418322403751983}, "datetime": {"datetime": "2025-05-11 19:39:43", "elapsed": 61037.106222, "delta": 83.963892}}
{"target": 380.37510619259785, "params": {"x0": 1.0218835431687043, "x1": 3.2835324930181096, "x2": 8.251189347000208, "x3": 4.689752363535392, "x4": 9.160530551894475, "x5": 1.9666257851700546, "x6": 15.290469802962166, "x7": -2.764075850541204, "x8": 0.10884344641958517, "x9": 2.418322403751983}, "datetime": {"datetime": "2025-05-11 19:41:08", "elapsed": 61122.016956, "delta": 84.910734}}
{"target": 380.37510619259785, "params": {"x0": 1.0218835431687043, "x1": 3.2835324930181096, "x2": 8.251189347000208, "x3": 4.689752363535392, "x4": 9.160530551894475, "x5": 1.9666257851700546, "x6": 15.290469802962166, "x7": -2.764075850541204, "x8": 0.10884344641958517, "x9": 2.418322403751983}, "datetime": {"datetime": "2025-05-11 19:42:31", "elapsed": 61204.992188, "delta": 82.975232}}
{"target": 380.37510619259785, "params": {"x0": 1.0218835431687043, "x1": 3.2835324930181096, "x2": 8.251189347000208, "x3": 4.689752363535392, "x4": 9.160530551894475, "x5": 1.9666257851700546, "x6": 15.290469802962166, "x7": -2.764075850541204, "x8": 0.10884344641958517, "x9": 2.418322403751983}, "datetime": {"datetime": "2025-05-11 19:43:31", "elapsed": 61265.247776, "delta": 60.255588}}
{"target": 380.37510619259785, "params": {"x0": 1.0218835431687043, "x1": 3.2835324930181096, "x2": 8.251189347000208, "x3": 4.689752363535392, "x4": 9.160530551894475, "x5": 1.9666257851700546, "x6": 15.290469802962166, "x7": -2.764075850541204, "x8": 0.10884344641958517, "x9": 2.418322403751983}, "datetime": {"datetime": "2025-05-11 19:44:42", "elapsed": 61336.494617, "delta": 71.246841}}
{"target": 380.37510619259785, "params": {"x0": 1.0218835431687043, "x1": 3.2835324930181096, "x2": 8.251189347000208, "x3": 4.689752363535392, "x4": 9.160530551894475, "x5": 1.9666257851700546, "x6": 15.290469802962166, "x7": -2.764075850541204, "x8": 0.10884344641958517, "x9": 2.418322403751983}, "datetime": {"datetime": "2025-05-11 19:46:04", "elapsed": 61418.489325, "delta": 81.994708}}
{"target": 380.37510619259785, "params": {"x0": 1.0218835431687043, "x1": 3.2835324930181096, "x2": 8.251189347000208, "x3": 4.689752363535392, "x4": 9.160530551894475, "x5": 1.9666257851700546, "x6": 15.290469802962166, "x7": -2.764075850541204, "x8": 0.10884344641958517, "x9": 2.418322403751983}, "datetime": {"datetime": "2025-05-11 19:47:23", "elapsed": 61497.110169, "delta": 78.620844}}
{"target": 380.37510619259785, "params": {"x0": 1.0218835431687043, "x1": 3.2835324930181096, "x2": 8.251189347000208, "x3": 4.689752363535392, "x4": 9.160530551894475, "x5": 1.9666257851700546, "x6": 15.290469802962166, "x7": -2.764075850541204, "x8": 0.10884344641958517, "x9": 2.418322403751983}, "datetime": {"datetime": "2025-05-11 19:48:37", "elapsed": 61571.368291, "delta": 74.258122}}
