{"target": 380.37510619259785, "params": {"x0": 1.0218835431686277, "x1": 3.2835324930061476, "x2": 8.251189346965186, "x3": 4.689752363522614, "x4": 9.160530551876734, "x5": 1.966625785213665, "x6": 15.290469802941079, "x7": -2.7640758508614938, "x8": 0.10884344642838939, "x9": 2.418322403758768}, "datetime": {"datetime": "2025-05-11 03:24:28", "elapsed": 2522.506305, "delta": 9.746893}}
{"target": 380.37510619259785, "params": {"x0": 1.021883543168921, "x1": 3.2835324930000622, "x2": 8.251189346994703, "x3": 4.68975236351926, "x4": 9.160530551913237, "x5": 1.9666257851893283, "x6": 15.290469802922496, "x7": -2.7640758507385668, "x8": 0.10884344642818453, "x9": 2.4183224037572844}, "datetime": {"datetime": "2025-05-11 03:24:38", "elapsed": 2532.451109, "delta": 9.944804}}
{"target": 380.37510619259785, "params": {"x0": 1.021883543169159, "x1": 3.2835324930099685, "x2": 8.251189346976929, "x3": 4.6897523635215705, "x4": 9.160530551908794, "x5": 1.9666257852139033, "x6": 15.290469802963495, "x7": -2.764075850797942, "x8": 0.10884344642665855, "x9": 2.4183224037553788}, "datetime": {"datetime": "2025-05-11 03:24:48", "elapsed": 2542.400675, "delta": 9.949566}}
{"target": 380.37510619259785, "params": {"x0": 1.0218835431691233, "x1": 3.2835324930176064, "x2": 8.25118934703283, "x3": 4.689752363519265, "x4": 9.160530551919532, "x5": 1.9666257852025315, "x6": 15.290469802980647, "x7": -2.76407585070452, "x8": 0.10884344642273777, "x9": 2.418322403755999}, "datetime": {"datetime": "2025-05-11 03:24:57", "elapsed": 2551.45215, "delta": 9.051475}}
{"target": 380.37510619259785, "params": {"x0": 1.0218835431685371, "x1": 3.2835324930272085, "x2": 8.251189347011605, "x3": 4.689752363524205, "x4": 9.16053055191088, "x5": 1.9666257852057574, "x6": 15.290469802976125, "x7": -2.764075850709386, "x8": 0.10884344642376746, "x9": 2.4183224037559907}, "datetime": {"datetime": "2025-05-11 03:25:07", "elapsed": 2561.473931, "delta": 10.021781}}
{"target": 380.37510619259785, "params": {"x0": 1.0218835431690516, "x1": 3.28353249303496, "x2": 8.25118934701638, "x3": 4.689752363522225, "x4": 9.160530551895077, "x5": 1.9666257851907925, "x6": 15.290469802949463, "x7": -2.7640758507302694, "x8": 0.10884344642522395, "x9": 2.4183224037559743}, "datetime": {"datetime": "2025-05-11 03:25:16", "elapsed": 2570.587118, "delta": 9.113187}}
{"target": 380.37510619259785, "params": {"x0": 1.0218835431688595, "x1": 3.2835324930272, "x2": 8.25118934701051, "x3": 4.6897523635245495, "x4": 9.160530551908668, "x5": 1.966625785195963, "x6": 15.290469802981209, "x7": -2.7640758506866896, "x8": 0.10884344642365087, "x9": 2.418322403754515}, "datetime": {"datetime": "2025-05-11 03:25:26", "elapsed": 2580.136793, "delta": 9.549675}}
{"target": 380.37510619259785, "params": {"x0": 1.0218835431686035, "x1": 3.2835324930069665, "x2": 8.251189346977636, "x3": 4.6897523635258045, "x4": 9.160530551910472, "x5": 1.9666257851942126, "x6": 15.29046980296687, "x7": -2.764075850667127, "x8": 0.10884344642190298, "x9": 2.4183224037549307}, "datetime": {"datetime": "2025-05-11 03:25:35", "elapsed": 2589.71028, "delta": 9.573487}}
{"target": 380.37510619259785, "params": {"x0": 1.0218835431689668, "x1": 3.283532493010728, "x2": 8.25118934699608, "x3": 4.689752363533019, "x4": 9.160530551908172, "x5": 1.966625785193028, "x6": 15.290469802975114, "x7": -2.7640758506642027, "x8": 0.10884344642288399, "x9": 2.418322403754148}, "datetime": {"datetime": "2025-05-11 03:25:45", "elapsed": 2599.027623, "delta": 9.317343}}
{"target": 380.37510619259785, "params": {"x0": 1.0218835431688533, "x1": 3.2835324930137157, "x2": 8.251189346987548, "x3": 4.689752363526593, "x4": 9.160530551900212, "x5": 1.9666257851881452, "x6": 15.290469802953856, "x7": -2.7640758506324383, "x8": 0.1088434464232864, "x9": 2.418322403753578}, "datetime": {"datetime": "2025-05-11 03:25:54", "elapsed": 2608.47786, "delta": 9.450237}}
{"target": 380.37510619259785, "params": {"x0": 1.0218835431686757, "x1": 3.2835324930253487, "x2": 8.251189347013808, "x3": 4.689752363529251, "x4": 9.160530551903221, "x5": 1.9666257851886304, "x6": 15.290469802969895, "x7": -2.764075850626064, "x8": 0.10884344642243876, "x9": 2.4183224037542868}, "datetime": {"datetime": "2025-05-11 03:26:03", "elapsed": 2617.69214, "delta": 9.21428}}
{"target": 380.37510619259785, "params": {"x0": 1.0218835431687143, "x1": 3.2835324930179164, "x2": 8.25118934701043, "x3": 4.68975236352876, "x4": 9.160530551901154, "x5": 1.966625785182802, "x6": 15.290469802975368, "x7": -2.764075850620988, "x8": 0.1088434464218305, "x9": 2.4183224037539013}, "datetime": {"datetime": "2025-05-11 03:26:13", "elapsed": 2627.472902, "delta": 9.780762}}
{"target": 380.37510619259785, "params": {"x0": 1.0218835431685414, "x1": 3.283532493019347, "x2": 8.251189346988212, "x3": 4.689752363529517, "x4": 9.160530551898704, "x5": 1.9666257851836597, "x6": 15.290469802954052, "x7": -2.7640758506024277, "x8": 0.10884344642214584, "x9": 2.4183224037530118}, "datetime": {"datetime": "2025-05-11 03:26:23", "elapsed": 2637.170137, "delta": 9.697235}}
{"target": 380.37510619259785, "params": {"x0": 1.021883543168567, "x1": 3.2835324930180656, "x2": 8.251189347007067, "x3": 4.689752363532228, "x4": 9.160530551893853, "x5": 1.9666257851838982, "x6": 15.290469802955386, "x7": -2.7640758506168503, "x8": 0.10884344642140828, "x9": 2.418322403753552}, "datetime": {"datetime": "2025-05-11 03:26:32", "elapsed": 2646.688892, "delta": 9.518755}}
{"target": 380.37510619259785, "params": {"x0": 1.0218835431687976, "x1": 3.283532493022788, "x2": 8.251189347006147, "x3": 4.689752363531112, "x4": 9.160530551901388, "x5": 1.9666257851801612, "x6": 15.290469802951877, "x7": -2.7640758506088003, "x8": 0.10884344642075888, "x9": 2.4183224037531446}, "datetime": {"datetime": "2025-05-11 03:26:41", "elapsed": 2655.645946, "delta": 8.957054}}
{"target": 380.37510619259785, "params": {"x0": 1.0218835431687618, "x1": 3.2835324930228227, "x2": 8.251189346998826, "x3": 4.6897523635318175, "x4": 9.160530551898596, "x5": 1.9666257851795506, "x6": 15.290469802965294, "x7": -2.7640758505912855, "x8": 0.10884344642093254, "x9": 2.4183224037533333}, "datetime": {"datetime": "2025-05-11 03:26:52", "elapsed": 2666.715458, "delta": 11.069512}}
{"target": 380.37510619259785, "params": {"x0": 1.0218835431687023, "x1": 3.283532493021746, "x2": 8.25118934699238, "x3": 4.689752363531696, "x4": 9.160530551891675, "x5": 1.9666257851800535, "x6": 15.290469802965626, "x7": -2.7640758505646197, "x8": 0.10884344642117086, "x9": 2.4183224037525606}, "datetime": {"datetime": "2025-05-11 03:27:02", "elapsed": 2676.007027, "delta": 9.291569}}
{"target": 380.37510619259785, "params": {"x0": 1.0218835431687099, "x1": 3.2835324930222987, "x2": 8.251189346994405, "x3": 4.689752363531597, "x4": 9.160530551898393, "x5": 1.966625785176717, "x6": 15.290469802970279, "x7": -2.764075850573881, "x8": 0.10884344642100263, "x9": 2.418322403752916}, "datetime": {"datetime": "2025-05-11 03:27:11", "elapsed": 2685.284691, "delta": 9.277664}}
{"target": 380.37510619259785, "params": {"x0": 1.02188354316865, "x1": 3.2835324930178604, "x2": 8.25118934700683, "x3": 4.689752363533885, "x4": 9.160530551895379, "x5": 1.966625785177307, "x6": 15.290469802962559, "x7": -2.7640758505904333, "x8": 0.10884344642100803, "x9": 2.418322403752744}, "datetime": {"datetime": "2025-05-11 03:27:21", "elapsed": 2694.964934, "delta": 9.680243}}
{"target": 380.37510619259785, "params": {"x0": 1.0218835431686668, "x1": 3.2835324930194734, "x2": 8.251189347004608, "x3": 4.689752363532527, "x4": 9.160530551896935, "x5": 1.9666257851774953, "x6": 15.290469802968865, "x7": -2.7640758505856398, "x8": 0.10884344642060055, "x9": 2.4183224037527054}, "datetime": {"datetime": "2025-05-11 03:27:30", "elapsed": 2704.506976, "delta": 9.542042}}
{"target": 380.37510619259785, "params": {"x0": 1.0218835431687692, "x1": 3.2835324930185807, "x2": 8.25118934699853, "x3": 4.689752363533135, "x4": 9.160530551895636, "x5": 1.9666257851750948, "x6": 15.290469802966102, "x7": -2.76407585055781, "x8": 0.10884344641991649, "x9": 2.418322403752784}, "datetime": {"datetime": "2025-05-11 03:27:40", "elapsed": 2714.428524, "delta": 9.921548}}
{"target": 380.37510619259785, "params": {"x0": 1.0218835431687323, "x1": 3.2835324930161445, "x2": 8.251189347003425, "x3": 4.689752363533458, "x4": 9.1605305518928, "x5": 1.9666257851755162, "x6": 15.290469802963763, "x7": -2.7640758505737586, "x8": 0.10884344641958592, "x9": 2.418322403752239}, "datetime": {"datetime": "2025-05-11 03:27:50", "elapsed": 2723.934466, "delta": 9.505942}}
{"target": 380.37510619259785, "params": {"x0": 1.0218835431687607, "x1": 3.2835324930194147, "x2": 8.251189346999727, "x3": 4.689752363534582, "x4": 9.160530551891476, "x5": 1.966625785175263, "x6": 15.290469802965742, "x7": -2.7640758505525733, "x8": 0.10884344642007103, "x9": 2.4183224037518474}, "datetime": {"datetime": "2025-05-11 03:27:59", "elapsed": 2733.317539, "delta": 9.383073}}
{"target": 380.37510619259785, "params": {"x0": 1.021883543168665, "x1": 3.2835324930166703, "x2": 8.25118934699699, "x3": 4.6897523635350495, "x4": 9.160530551896766, "x5": 1.9666257851743751, "x6": 15.290469802959109, "x7": -2.7640758505561487, "x8": 0.1088434464198309, "x9": 2.4183224037521764}, "datetime": {"datetime": "2025-05-11 03:28:09", "elapsed": 2742.985048, "delta": 9.667509}}
{"target": 380.37510619259785, "params": {"x0": 1.0218835431687188, "x1": 3.2835324930200036, "x2": 8.251189346996528, "x3": 4.689752363534669, "x4": 9.160530551896105, "x5": 1.9666257851712223, "x6": 15.290469802965694, "x7": -2.7640758505644634, "x8": 0.10884344641985734, "x9": 2.4183224037522923}, "datetime": {"datetime": "2025-05-11 03:28:18", "elapsed": 2752.247588, "delta": 9.26254}}
{"target": 380.37510619259785, "params": {"x0": 1.0218835431687057, "x1": 3.283532493016896, "x2": 8.251189347002244, "x3": 4.689752363534294, "x4": 9.160530551895977, "x5": 1.9666257851668971, "x6": 15.29046980296067, "x7": -2.764075850561803, "x8": 0.1088434464196279, "x9": 2.4183224037523714}, "datetime": {"datetime": "2025-05-11 03:28:28", "elapsed": 2761.835675, "delta": 9.588087}}
{"target": 380.37510619259785, "params": {"x0": 1.0218835431686666, "x1": 3.283532493018704, "x2": 8.251189346999457, "x3": 4.689752363535851, "x4": 9.160530551896116, "x5": 1.9666257851729843, "x6": 15.29046980296452, "x7": -2.7640758505498537, "x8": 0.10884344641986994, "x9": 2.4183224037517426}, "datetime": {"datetime": "2025-05-11 03:28:37", "elapsed": 2771.733912, "delta": 9.898237}}
{"target": 380.37510619259785, "params": {"x0": 1.0218835431686923, "x1": 3.2835324930197656, "x2": 8.251189347000759, "x3": 4.689752363534208, "x4": 9.160530551894448, "x5": 1.9666257851715623, "x6": 15.290469802959631, "x7": -2.764075850544678, "x8": 0.10884344642012635, "x9": 2.418322403752257}, "datetime": {"datetime": "2025-05-11 03:28:47", "elapsed": 2781.523169, "delta": 9.789257}}
{"target": 380.37510619259785, "params": {"x0": 1.0218835431687148, "x1": 3.283532493017926, "x2": 8.251189347001283, "x3": 4.6897523635348515, "x4": 9.160530551894244, "x5": 1.9666257851672146, "x6": 15.290469802962335, "x7": -2.764075850558397, "x8": 0.10884344642004129, "x9": 2.4183224037522084}, "datetime": {"datetime": "2025-05-11 03:28:57", "elapsed": 2790.87073, "delta": 9.347561}}
{"target": 380.37510619259785, "params": {"x0": 1.0218835431686801, "x1": 3.283532493019244, "x2": 8.25118934699829, "x3": 4.689752363534349, "x4": 9.160530551895548, "x5": 1.9666257851708668, "x6": 15.290469802963765, "x7": -2.7640758505449132, "x8": 0.10884344641953474, "x9": 2.418322403752295}, "datetime": {"datetime": "2025-05-11 03:29:06", "elapsed": 2800.002077, "delta": 9.131347}}
{"target": 380.37510619259785, "params": {"x0": 1.02188354316871, "x1": 3.2835324930192513, "x2": 8.25118934699859, "x3": 4.689752363535444, "x4": 9.160530551894766, "x5": 1.9666257851698399, "x6": 15.290469802960011, "x7": -2.7640758505473593, "x8": 0.10884344641992776, "x9": 2.4183224037522413}, "datetime": {"datetime": "2025-05-11 03:29:15", "elapsed": 2809.083811, "delta": 9.081734}}
{"target": 380.37510619259785, "params": {"x0": 1.0218835431687021, "x1": 3.2835324930179612, "x2": 8.251189347001464, "x3": 4.6897523635353755, "x4": 9.160530551895453, "x5": 1.9666257851706213, "x6": 15.290469802964045, "x7": -2.7640758505528598, "x8": 0.10884344641972797, "x9": 2.4183224037518}, "datetime": {"datetime": "2025-05-11 03:29:25", "elapsed": 2818.94821, "delta": 9.864399}}
{"target": 380.37510619259785, "params": {"x0": 1.0218835431686866, "x1": 3.2835324930172662, "x2": 8.251189346999068, "x3": 4.689752363535128, "x4": 9.160530551894848, "x5": 1.9666257851710487, "x6": 15.290469802963337, "x7": -2.764075850549068, "x8": 0.10884344641984617, "x9": 2.4183224037520974}, "datetime": {"datetime": "2025-05-11 03:29:34", "elapsed": 2828.207534, "delta": 9.259324}}
{"target": 380.37510619259785, "params": {"x0": 1.0218835431686977, "x1": 3.283532493017467, "x2": 8.251189347000054, "x3": 4.689752363534677, "x4": 9.160530551894876, "x5": 1.9666257851711197, "x6": 15.290469802960846, "x7": -2.764075850542257, "x8": 0.10884344641981834, "x9": 2.4183224037519966}, "datetime": {"datetime": "2025-05-11 03:29:44", "elapsed": 2837.815332, "delta": 9.607798}}
{"target": 380.37510619259785, "params": {"x0": 1.021883543168714, "x1": 3.2835324930180536, "x2": 8.251189347001187, "x3": 4.689752363534991, "x4": 9.160530551894174, "x5": 1.9666257851715783, "x6": 15.290469802962336, "x7": -2.7640758505393386, "x8": 0.10884344641933084, "x9": 2.4183224037520503}, "datetime": {"datetime": "2025-05-11 03:29:53", "elapsed": 2847.456118, "delta": 9.640786}}
{"target": 380.37510619259785, "params": {"x0": 1.0218835431686952, "x1": 3.2835324930185577, "x2": 8.251189346999498, "x3": 4.689752363534908, "x4": 9.160530551894018, "x5": 1.9666257851712219, "x6": 15.290469802963278, "x7": -2.7640758505427367, "x8": 0.108843446419385, "x9": 2.4183224037520907}, "datetime": {"datetime": "2025-05-11 03:30:02", "elapsed": 2856.766614, "delta": 9.310496}}
{"target": 380.37510619259785, "params": {"x0": 1.0218835431686943, "x1": 3.2835324930186593, "x2": 8.251189347001034, "x3": 4.6897523635354865, "x4": 9.16053055189478, "x5": 1.9666257851691527, "x6": 15.290469802963289, "x7": -2.7640758505482115, "x8": 0.10884344641957305, "x9": 2.4183224037520494}, "datetime": {"datetime": "2025-05-11 03:30:12", "elapsed": 2866.749194, "delta": 9.98258}}
{"target": 380.37510619259785, "params": {"x0": 1.0218835431687012, "x1": 3.283532493018651, "x2": 8.251189347001011, "x3": 4.6897523635357246, "x4": 9.160530551894777, "x5": 1.9666257851702538, "x6": 15.290469802961491, "x7": -2.7640758505464573, "x8": 0.10884344641966703, "x9": 2.4183224037520894}, "datetime": {"datetime": "2025-05-11 03:30:22", "elapsed": 2876.101662, "delta": 9.352468}}
{"target": 380.37510619259785, "params": {"x0": 1.0218835431686981, "x1": 3.2835324930183583, "x2": 8.251189347000635, "x3": 4.68975236353578, "x4": 9.16053055189402, "x5": 1.9666257851699482, "x6": 15.290469802962932, "x7": -2.764075850543932, "x8": 0.1088434464197339, "x9": 2.4183224037519975}, "datetime": {"datetime": "2025-05-11 03:30:32", "elapsed": 2885.919378, "delta": 9.817716}}
{"target": 380.37510619259785, "params": {"x0": 1.0218835431687021, "x1": 3.283532493018505, "x2": 8.251189347000816, "x3": 4.689752363535651, "x4": 9.160530551894825, "x5": 1.9666257851707702, "x6": 15.290469802961978, "x7": -2.7640758505407774, "x8": 0.10884344641959652, "x9": 2.418322403751896}, "datetime": {"datetime": "2025-05-11 03:30:42", "elapsed": 2895.980298, "delta": 10.06092}}
{"target": 380.37510619259785, "params": {"x0": 1.0218835431687123, "x1": 3.283532493017954, "x2": 8.251189347, "x3": 4.689752363535723, "x4": 9.16053055189443, "x5": 1.966625785170543, "x6": 15.290469802962663, "x7": -2.764075850541025, "x8": 0.10884344641953428, "x9": 2.418322403751969}, "datetime": {"datetime": "2025-05-11 03:30:51", "elapsed": 2905.659425, "delta": 9.679127}}
{"target": 380.37510619259785, "params": {"x0": 1.0218835431687054, "x1": 3.2835324930182246, "x2": 8.251189346999755, "x3": 4.689752363535178, "x4": 9.160530551894013, "x5": 1.966625785169754, "x6": 15.290469802962132, "x7": -2.764075850539119, "x8": 0.10884344641949777, "x9": 2.418322403751981}, "datetime": {"datetime": "2025-05-11 03:31:01", "elapsed": 2914.839412, "delta": 9.179987}}
{"target": 380.37510619259785, "params": {"x0": 1.0218835431687077, "x1": 3.2835324930181655, "x2": 8.251189346999812, "x3": 4.689752363535145, "x4": 9.160530551894832, "x5": 1.9666257851694582, "x6": 15.29046980296238, "x7": -2.76407585054237, "x8": 0.10884344641967694, "x9": 2.418322403751987}, "datetime": {"datetime": "2025-05-11 03:31:11", "elapsed": 2925.026189, "delta": 10.186777}}
{"target": 380.37510619259785, "params": {"x0": 1.0218835431687079, "x1": 3.2835324930182233, "x2": 8.251189347000189, "x3": 4.689752363535342, "x4": 9.160530551894333, "x5": 1.9666257851699958, "x6": 15.290469802962049, "x7": -2.7640758505441494, "x8": 0.10884344641960371, "x9": 2.4183224037520485}, "datetime": {"datetime": "2025-05-11 03:31:20", "elapsed": 2934.554369, "delta": 9.52818}}
{"target": 380.37510619259785, "params": {"x0": 1.021883543168704, "x1": 3.283532493018092, "x2": 8.251189346999812, "x3": 4.689752363535475, "x4": 9.160530551894169, "x5": 1.9666257851700963, "x6": 15.290469802961843, "x7": -2.764075850538654, "x8": 0.10884344641964208, "x9": 2.4183224037519744}, "datetime": {"datetime": "2025-05-11 03:31:30", "elapsed": 2944.214483, "delta": 9.660114}}
{"target": 380.37510619259785, "params": {"x0": 1.0218835431687034, "x1": 3.283532493018158, "x2": 8.251189347000311, "x3": 4.689752363535197, "x4": 9.160530551894357, "x5": 1.9666257851699205, "x6": 15.290469802962091, "x7": -2.7640758505428167, "x8": 0.10884344641966612, "x9": 2.4183224037519917}, "datetime": {"datetime": "2025-05-11 03:31:39", "elapsed": 2953.739099, "delta": 9.524616}}
{"target": 380.37510619259785, "params": {"x0": 1.0218835431687012, "x1": 3.283532493018059, "x2": 8.251189347000153, "x3": 4.689752363535433, "x4": 9.16053055189429, "x5": 1.9666257851703484, "x6": 15.290469802962297, "x7": -2.7640758505413605, "x8": 0.10884344641961531, "x9": 2.4183224037519757}, "datetime": {"datetime": "2025-05-11 03:31:49", "elapsed": 2963.059283, "delta": 9.320184}}
{"target": 380.37510619259785, "params": {"x0": 1.0218835431687006, "x1": 3.2835324930180896, "x2": 8.251189346999965, "x3": 4.6897523635355585, "x4": 9.160530551894276, "x5": 1.9666257851704032, "x6": 15.290469802961894, "x7": -2.76407585054031, "x8": 0.10884344641965053, "x9": 2.4183224037519775}, "datetime": {"datetime": "2025-05-11 03:31:58", "elapsed": 2972.134365, "delta": 9.075082}}
{"target": 380.37510619259785, "params": {"x0": 1.0218835431687043, "x1": 3.283532493018067, "x2": 8.251189347000228, "x3": 4.6897523635353355, "x4": 9.160530551894311, "x5": 1.9666257851701028, "x6": 15.290469802962356, "x7": -2.7640758505398013, "x8": 0.10884344641958488, "x9": 2.4183224037519913}, "datetime": {"datetime": "2025-05-11 03:32:07", "elapsed": 2981.787115, "delta": 9.65275}}
{"target": 380.37510619259785, "params": {"x0": 1.0218835431687048, "x1": 3.2835324930182237, "x2": 8.25118934700008, "x3": 4.689752363535513, "x4": 9.16053055189448, "x5": 1.9666257851701683, "x6": 15.29046980296195, "x7": -2.7640758505418894, "x8": 0.10884344641960157, "x9": 2.4183224037519437}, "datetime": {"datetime": "2025-05-11 03:32:18", "elapsed": 2991.818954, "delta": 10.031839}}
{"target": 380.37510619259785, "params": {"x0": 1.0218835431687068, "x1": 3.2835324930181717, "x2": 8.251189347000237, "x3": 4.6897523635352805, "x4": 9.160530551894634, "x5": 1.9666257851698061, "x6": 15.29046980296229, "x7": -2.7640758505405696, "x8": 0.10884344641957344, "x9": 2.4183224037519793}, "datetime": {"datetime": "2025-05-11 03:32:27", "elapsed": 3001.66253, "delta": 9.843576}}
{"target": 380.37510619259785, "params": {"x0": 1.021883543168706, "x1": 3.2835324930180354, "x2": 8.251189347000247, "x3": 4.689752363535336, "x4": 9.160530551894519, "x5": 1.966625785170038, "x6": 15.29046980296205, "x7": -2.7640758505410545, "x8": 0.10884344641957663, "x9": 2.4183224037519704}, "datetime": {"datetime": "2025-05-11 03:32:37", "elapsed": 3011.369812, "delta": 9.707282}}
{"target": 380.37510619259785, "params": {"x0": 1.0218835431687048, "x1": 3.283532493018018, "x2": 8.251189347000174, "x3": 4.689752363535338, "x4": 9.160530551894528, "x5": 1.9666257851702251, "x6": 15.290469802962118, "x7": -2.7640758505411256, "x8": 0.10884344641961094, "x9": 2.4183224037519593}, "datetime": {"datetime": "2025-05-11 03:32:47", "elapsed": 3021.281913, "delta": 9.912101}}
{"target": 380.37510619259785, "params": {"x0": 1.0218835431687063, "x1": 3.28353249301813, "x2": 8.251189347000201, "x3": 4.689752363535349, "x4": 9.160530551894439, "x5": 1.9666257851701312, "x6": 15.290469802962146, "x7": -2.764075850541647, "x8": 0.10884344641955898, "x9": 2.41832240375196}, "datetime": {"datetime": "2025-05-11 03:32:57", "elapsed": 3031.471204, "delta": 10.189291}}
{"target": 380.37510619259785, "params": {"x0": 1.0218835431687026, "x1": 3.283532493018189, "x2": 8.251189347000118, "x3": 4.6897523635353195, "x4": 9.160530551894414, "x5": 1.9666257851698643, "x6": 15.290469802962226, "x7": -2.764075850541926, "x8": 0.1088434464196172, "x9": 2.418322403751974}, "datetime": {"datetime": "2025-05-11 03:33:07", "elapsed": 3041.670899, "delta": 10.199695}}
{"target": 380.37510619259785, "params": {"x0": 1.0218835431687046, "x1": 3.2835324930180847, "x2": 8.25118934700009, "x3": 4.689752363535383, "x4": 9.160530551894391, "x5": 1.966625785169888, "x6": 15.290469802962315, "x7": -2.7640758505414977, "x8": 0.10884344641956056, "x9": 2.418322403751974}, "datetime": {"datetime": "2025-05-11 03:33:17", "elapsed": 3051.172189, "delta": 9.50129}}
