{"target": 215.48069285319704, "params": {"x0": 1.018031484626508, "x1": 2.901849867368255, "x2": 8.056981948488065, "x3": 4.629973908133605, "x4": 9.166447983439102, "x5": 1.7557597951770831, "x6": 14.888141764579817, "x7": -1.3817657641959658, "x8": 0.1, "x9": 2.3417337433746153}, "datetime": {"datetime": "2025-05-11 02:50:35", "elapsed": 489.683922, "delta": 8.929537}}
{"target": 226.52777764345842, "params": {"x0": 1.0091301877253425, "x1": 2.9091977472645807, "x2": 8.031925168235183, "x3": 4.640673887288098, "x4": 9.05484139909763, "x5": 1.7766061576821697, "x6": 14.74410102422543, "x7": -1.6092385597548857, "x8": 0.1, "x9": 2.356442432978662}, "datetime": {"datetime": "2025-05-11 02:50:45", "elapsed": 498.888191, "delta": 9.204269}}
{"target": 115.11247871849694, "params": {"x0": 1.0032359174531094, "x1": 2.992022317056189, "x2": 7.932707477304477, "x3": 4.343434518915324, "x4": 9.245773876125632, "x5": 1.7883867078354678, "x6": 14.732071982160631, "x7": -1.6015944580522894, "x8": 0.1, "x9": 2.3475422043213148}, "datetime": {"datetime": "2025-05-11 02:50:53", "elapsed": 507.599612, "delta": 8.711421}}
{"target": 81.76254649859428, "params": {"x0": 1.0193677631043896, "x1": 2.8100837825142673, "x2": 8.11724219319027, "x3": 4.886881302513964, "x4": 8.960320691728548, "x5": 1.7022574774015942, "x6": 14.817205306993051, "x7": -1.4923396115493834, "x8": 0.1, "x9": 2.3594444156002936}, "datetime": {"datetime": "2025-05-11 02:51:01", "elapsed": 515.632022, "delta": 8.03241}}
{"target": 234.15386347438235, "params": {"x0": 1.0115446865995457, "x1": 2.9877399265325004, "x2": 8.0648162572471, "x3": 4.616695654753567, "x4": 9.093957463393275, "x5": 1.9239473225041779, "x6": 14.84905082288857, "x7": -1.5185901729909639, "x8": 0.12704052188619505, "x9": 2.338749428179146}, "datetime": {"datetime": "2025-05-11 02:51:09", "elapsed": 523.361686, "delta": 7.729664}}
{"target": 13.812150212652421, "params": {"x0": 1.0298925720938261, "x1": 3.743381266590048, "x2": 6.74882075335836, "x3": 3.8972677180011277, "x4": 7.814706979319095, "x5": 3.714586526973654, "x6": 15.55924947997035, "x7": -1.435096859140275, "x8": 0.11020715842167128, "x9": 2.5138335447524964}, "datetime": {"datetime": "2025-05-11 02:51:18", "elapsed": 532.064599, "delta": 8.702913}}
{"target": 26.26764690140549, "params": {"x0": 0.9743243259429083, "x1": 3.3562853010955322, "x2": 7.9348914450096455, "x3": 4.06455801033096, "x4": 7.897715952304629, "x5": 3.004208527203759, "x6": 12.5953908140056, "x7": -3.4482567595628324, "x8": 0.11374493465147503, "x9": 2.4978889982179058}, "datetime": {"datetime": "2025-05-11 02:51:27", "elapsed": 540.944291, "delta": 8.879692}}
{"target": 200.26806464340368, "params": {"x0": 1.0047083445877736, "x1": 2.8382125127690894, "x2": 7.959466428180984, "x3": 4.655372486317775, "x4": 9.184244063719646, "x5": 1.9176309574314125, "x6": 14.827467635508802, "x7": -1.541979277901395, "x8": 0.1, "x9": 2.3721354143343354}, "datetime": {"datetime": "2025-05-11 02:51:36", "elapsed": 550.305519, "delta": 9.361228}}
{"target": 226.64102820026056, "params": {"x0": 1.0505888535661387, "x1": 3.0501043896085624, "x2": 8.101230699574991, "x3": 4.681268408726668, "x4": 9.21442679183388, "x5": 1.7857272705894673, "x6": 14.840718010109153, "x7": -1.591576169228191, "x8": 0.1, "x9": 2.299885103901104}, "datetime": {"datetime": "2025-05-11 02:51:45", "elapsed": 559.269896, "delta": 8.964377}}
{"target": 220.19699256819152, "params": {"x0": 0.9758125092936142, "x1": 3.0905334844317442, "x2": 8.018579751803522, "x3": 4.648386491519268, "x4": 9.10813473438666, "x5": 1.785141507232098, "x6": 14.862545202704446, "x7": -1.5304733990614139, "x8": 0.1, "x9": 2.498975542822841}, "datetime": {"datetime": "2025-05-11 02:51:54", "elapsed": 568.298954, "delta": 9.029058}}
{"target": 15.160675549206285, "params": {"x0": 0.9800879730920852, "x1": 2.831101174456558, "x2": 8.571694339117736, "x3": 5.428692479398403, "x4": 9.089266901976682, "x5": 2.3692281452571446, "x6": 14.044103691796458, "x7": -0.05110605696490733, "x8": 0.25212674071323926, "x9": 2.376829908873278}, "datetime": {"datetime": "2025-05-11 02:52:03", "elapsed": 577.077805, "delta": 8.778851}}
{"target": 116.86237355687041, "params": {"x0": 0.9826016229817411, "x1": 3.0671734726600883, "x2": 7.947610416732283, "x3": 4.65776041463807, "x4": 9.08834837534693, "x5": 1.7740807044968208, "x6": 14.82943353288098, "x7": -1.518989706785495, "x8": 0.26007583153028446, "x9": 2.266423096470012}, "datetime": {"datetime": "2025-05-11 02:52:12", "elapsed": 586.123555, "delta": 9.04575}}
{"target": 40.3948930125026, "params": {"x0": 1.0199584124683763, "x1": 3.4623913823400985, "x2": 7.550918269735052, "x3": 4.269442331593378, "x4": 9.464187201845185, "x5": 1.8993149252474333, "x6": 15.460003461820868, "x7": -0.9711177371360102, "x8": 0.13688433822036444, "x9": 2.3318749225717217}, "datetime": {"datetime": "2025-05-11 02:52:21", "elapsed": 594.87991, "delta": 8.756355}}
{"target": 193.4910979046723, "params": {"x0": 1.0349885681299673, "x1": 2.92425269330861, "x2": 8.21617524908303, "x3": 4.561329211991219, "x4": 9.144454192628226, "x5": 1.8246102435596725, "x6": 14.89324362438385, "x7": -1.6043429357615135, "x8": 0.1, "x9": 2.4438737819968743}, "datetime": {"datetime": "2025-05-11 02:52:30", "elapsed": 603.961087, "delta": 9.081177}}
{"target": 200.9833094967691, "params": {"x0": 1.0326441799769253, "x1": 3.02567099483379, "x2": 8.129778625956593, "x3": 4.666851228667728, "x4": 9.170676954327435, "x5": 1.8849580122420622, "x6": 14.664352307673557, "x7": -1.4823231160881578, "x8": 0.1, "x9": 2.4333613466151016}, "datetime": {"datetime": "2025-05-11 02:52:39", "elapsed": 613.138636, "delta": 9.177549}}
{"target": 50.63220123881151, "params": {"x0": 1.0155647852093788, "x1": 3.3977035997871097, "x2": 7.668052694641909, "x3": 4.315438892816608, "x4": 9.21034023279047, "x5": 1.0848425644674753, "x6": 14.595453725845678, "x7": -2.037217601928803, "x8": 0.17178196346942215, "x9": 2.278636926311058}, "datetime": {"datetime": "2025-05-11 02:52:47", "elapsed": 621.745654, "delta": 8.607018}}
{"target": 237.19201784215667, "params": {"x0": 1.0003722091240073, "x1": 2.9285347847380683, "x2": 8.149303853518315, "x3": 4.625653286525978, "x4": 9.085464297238193, "x5": 1.906115497826195, "x6": 14.72098852715503, "x7": -1.6158052556173215, "x8": 0.10331677225673297, "x9": 2.3698106584656062}, "datetime": {"datetime": "2025-05-11 02:52:56", "elapsed": 630.440093, "delta": 8.694439}}
{"target": 238.95750859475584, "params": {"x0": 1.01519511592234, "x1": 3.074018479329041, "x2": 8.061538820484396, "x3": 4.6940595847533935, "x4": 9.058283110807727, "x5": 1.970765611280378, "x6": 14.802380487893311, "x7": -1.781861139901871, "x8": 0.1, "x9": 2.422375935274733}, "datetime": {"datetime": "2025-05-11 02:53:05", "elapsed": 639.435517, "delta": 8.995424}}
{"target": 199.17272056234, "params": {"x0": 1.011582786791549, "x1": 3.129368267713054, "x2": 8.069892360198333, "x3": 4.6548383534197875, "x4": 9.064244489147649, "x5": 2.222855241178543, "x6": 14.963130557007377, "x7": -1.2105684314635161, "x8": 0.12784807112721144, "x9": 2.377843427003391}, "datetime": {"datetime": "2025-05-11 02:53:14", "elapsed": 648.135374, "delta": 8.699857}}
{"target": 232.654753328728, "params": {"x0": 1.0113505316810794, "x1": 3.203593917127507, "x2": 7.921513900955133, "x3": 4.681769883631977, "x4": 8.936482010045273, "x5": 1.9012162643588146, "x6": 14.846588271605931, "x7": -1.7042697398710263, "x8": 0.10748605903799231, "x9": 2.46736406234651}, "datetime": {"datetime": "2025-05-11 02:53:23", "elapsed": 657.014779, "delta": 8.879405}}
{"target": 176.72795065024255, "params": {"x0": 1.0239445380510461, "x1": 3.117423376772715, "x2": 8.077897063664564, "x3": 4.5641447612190085, "x4": 8.795402456990187, "x5": 2.157996065059108, "x6": 14.807799837517956, "x7": -1.5964825482716303, "x8": 0.1, "x9": 2.4729857843655685}, "datetime": {"datetime": "2025-05-11 02:53:31", "elapsed": 665.767375, "delta": 8.752596}}
{"target": 205.1731563864305, "params": {"x0": 1.0217681955513938, "x1": 2.9489601926984754, "x2": 8.19215700736238, "x3": 4.613602185025999, "x4": 9.050476496930651, "x5": 1.9939950774244481, "x6": 14.75941362594282, "x7": -1.6145684388185488, "x8": 0.1280204550608072, "x9": 2.398741074017996}, "datetime": {"datetime": "2025-05-11 02:53:40", "elapsed": 674.384488, "delta": 8.617113}}
{"target": 148.008970432569, "params": {"x0": 1.0120777766545546, "x1": 2.9473495913284316, "x2": 8.115179515422474, "x3": 4.689096339375997, "x4": 9.202014963964585, "x5": 1.8772560588500842, "x6": 14.685468773890078, "x7": -1.4238124953242441, "x8": 0.1327308434644533, "x9": 2.4488479041753393}, "datetime": {"datetime": "2025-05-11 02:53:49", "elapsed": 683.23177, "delta": 8.847282}}
{"target": 194.2595990924665, "params": {"x0": 1.0215734446541667, "x1": 3.2500381584364244, "x2": 8.171863407893202, "x3": 4.6269281404410805, "x4": 8.964882626888677, "x5": 1.8236880488120166, "x6": 14.606738436371574, "x7": -1.7587552962497983, "x8": 0.1, "x9": 2.3854813552875136}, "datetime": {"datetime": "2025-05-11 02:53:58", "elapsed": 692.205955, "delta": 8.974185}}
{"target": 226.909472427033, "params": {"x0": 1.0163550753477637, "x1": 2.9157843123248663, "x2": 8.148699447607079, "x3": 4.589781699014071, "x4": 9.087642247111717, "x5": 1.9374276892702647, "x6": 14.78563844404864, "x7": -1.6535710365885476, "x8": 0.11071894495858259, "x9": 2.3933918620748096}, "datetime": {"datetime": "2025-05-11 02:54:07", "elapsed": 701.12114, "delta": 8.915185}}
{"target": 219.89755141158636, "params": {"x0": 1.0203615621951196, "x1": 3.2165944194060216, "x2": 7.9023551754338115, "x3": 4.742012795868268, "x4": 9.135397541867055, "x5": 2.219695978445968, "x6": 15.046157513454371, "x7": -1.6048824156823125, "x8": 0.1, "x9": 2.4522605450643806}, "datetime": {"datetime": "2025-05-11 02:54:16", "elapsed": 710.213095, "delta": 9.091955}}
{"target": 221.38785401772975, "params": {"x0": 1.012268677602243, "x1": 3.008673472618421, "x2": 8.085125631374527, "x3": 4.670961551832717, "x4": 9.044332154810506, "x5": 1.9956053338503696, "x6": 14.79202719631952, "x7": -1.7880768103277003, "x8": 0.10697421998364906, "x9": 2.438722256538386}, "datetime": {"datetime": "2025-05-11 02:54:25", "elapsed": 718.862828, "delta": 8.649733}}
{"target": 192.82695023379668, "params": {"x0": 1.0123194154669024, "x1": 2.9669999720901608, "x2": 8.078207424531474, "x3": 4.68597149094629, "x4": 9.024024086398944, "x5": 1.9924896689925724, "x6": 14.745522597230794, "x7": -1.7785511557519498, "x8": 0.1217973770857279, "x9": 2.4192049794036343}, "datetime": {"datetime": "2025-05-11 02:54:33", "elapsed": 727.608976, "delta": 8.746148}}
{"target": 214.33824205909275, "params": {"x0": 1.018917494154102, "x1": 3.0120732984869254, "x2": 8.117848359353705, "x3": 4.680359728865835, "x4": 9.034247130347646, "x5": 2.0263532091216647, "x6": 14.765418071174476, "x7": -1.7727729665372112, "x8": 0.11926980838720369, "x9": 2.425452311637349}, "datetime": {"datetime": "2025-05-11 02:54:42", "elapsed": 736.458733, "delta": 8.849757}}
{"target": 241.60746281925677, "params": {"x0": 1.0173070346151805, "x1": 3.069537861331169, "x2": 8.063481662951096, "x3": 4.693480524828507, "x4": 9.06207356089373, "x5": 1.9302034077362913, "x6": 14.786627075172312, "x7": -1.7891116834250138, "x8": 0.10507756407213158, "x9": 2.418939195625456}, "datetime": {"datetime": "2025-05-11 02:54:51", "elapsed": 744.923197, "delta": 8.464464}}
{"target": 255.7509924541889, "params": {"x0": 1.0202521735401522, "x1": 3.153503497287332, "x2": 8.15738087139368, "x3": 4.593843084185702, "x4": 9.157116348994133, "x5": 2.0126373330477083, "x6": 14.977596730706727, "x7": -1.9758376820940555, "x8": 0.1, "x9": 2.4014644693732308}, "datetime": {"datetime": "2025-05-11 02:55:00", "elapsed": 753.93944, "delta": 9.016243}}
{"target": 155.80884604508302, "params": {"x0": 1.0174001032725042, "x1": 3.222117815379359, "x2": 8.239116244474427, "x3": 4.516047269661349, "x4": 9.240600985817201, "x5": 2.1745689133636046, "x6": 14.823061640394995, "x7": -1.811889652000479, "x8": 0.1, "x9": 2.4174153896878146}, "datetime": {"datetime": "2025-05-11 02:55:08", "elapsed": 762.667061, "delta": 8.727621}}
{"target": 293.2941010433184, "params": {"x0": 1.0228190367810353, "x1": 3.215256383570156, "x2": 8.083819035621008, "x3": 4.6710383950419505, "x4": 9.081980175853372, "x5": 1.8668989107634015, "x6": 15.116678311987286, "x7": -2.1233909091782746, "x8": 0.1, "x9": 2.4158202976563565}, "datetime": {"datetime": "2025-05-11 02:55:17", "elapsed": 771.642539, "delta": 8.975478}}
{"target": 275.75925201805126, "params": {"x0": 1.025000870535786, "x1": 3.267746336910557, "x2": 8.14634659602778, "x3": 4.736654409269762, "x4": 9.018114428683726, "x5": 1.9907765697050623, "x6": 15.234897656075761, "x7": -1.9979706661566885, "x8": 0.1, "x9": 2.4280227516970134}, "datetime": {"datetime": "2025-05-11 02:55:26", "elapsed": 780.340898, "delta": 8.698359}}
{"target": 305.0495456164687, "params": {"x0": 1.0210696019045373, "x1": 3.245944438491566, "x2": 8.099465202705378, "x3": 4.692093898415067, "x4": 9.113356445650059, "x5": 1.957670373383677, "x6": 15.125442164896743, "x7": -2.194032610927016, "x8": 0.10048773998603805, "x9": 2.4201816688566002}, "datetime": {"datetime": "2025-05-11 02:55:35", "elapsed": 788.884018, "delta": 8.54312}}
{"target": 312.3170548706885, "params": {"x0": 1.0205799419659958, "x1": 3.2556845079321306, "x2": 8.118712513230022, "x3": 4.654147876106663, "x4": 9.142355107356476, "x5": 2.031667712718624, "x6": 15.184999630452971, "x7": -2.2734839368448494, "x8": 0.1091473121982806, "x9": 2.415562356879206}, "datetime": {"datetime": "2025-05-11 02:55:43", "elapsed": 797.362786, "delta": 8.478768}}
{"target": 315.5689850020503, "params": {"x0": 1.0221047211683654, "x1": 3.2187132334274295, "x2": 8.163574453085152, "x3": 4.696236508755487, "x4": 9.188494882602512, "x5": 1.9403434227203973, "x6": 15.269835973002847, "x7": -2.3662503054897344, "x8": 0.10038183915910398, "x9": 2.4237288608425547}, "datetime": {"datetime": "2025-05-11 02:55:52", "elapsed": 805.868087, "delta": 8.505301}}
{"target": 328.78146787135546, "params": {"x0": 1.022146141348339, "x1": 3.2467448549355655, "x2": 8.201286086878627, "x3": 4.688153266197069, "x4": 9.177319292386827, "x5": 1.9297663113683907, "x6": 15.281006029855861, "x7": -2.351483385392285, "x8": 0.10274310962514697, "x9": 2.419871973612114}, "datetime": {"datetime": "2025-05-11 02:56:00", "elapsed": 814.408809, "delta": 8.540722}}
{"target": 327.82700440214046, "params": {"x0": 1.0232005574558634, "x1": 3.2670391842906947, "x2": 8.242822877493156, "x3": 4.661834271864358, "x4": 9.138685426733064, "x5": 1.8706302239007522, "x6": 15.20699396312542, "x7": -2.432093687209507, "x8": 0.1, "x9": 2.4150398116513387}, "datetime": {"datetime": "2025-05-11 02:56:09", "elapsed": 823.233749, "delta": 8.82494}}
{"target": 313.5081046725659, "params": {"x0": 1.023095115845111, "x1": 3.2650097513551817, "x2": 8.238669198431703, "x3": 4.664466171297629, "x4": 9.212089771475213, "x5": 1.876543832647516, "x6": 15.214395169798463, "x7": -2.2789341137567853, "x8": 0.1, "x9": 2.424220919376812}, "datetime": {"datetime": "2025-05-11 02:56:18", "elapsed": 832.026836, "delta": 8.793087}}
{"target": 329.2021821438247, "params": {"x0": 1.0212920643012444, "x1": 3.26318326171322, "x2": 8.167641286480858, "x3": 4.666834880787573, "x4": 9.146025861207278, "x5": 1.8818660805196035, "x6": 15.34095580390752, "x7": -2.416777729864235, "x8": 0.1, "x9": 2.4237860248003424}, "datetime": {"datetime": "2025-05-11 02:56:27", "elapsed": 840.917201, "delta": 8.890365}}
{"target": 339.171813813557, "params": {"x0": 1.0220180297912749, "x1": 3.2771559074742265, "x2": 8.196239366818961, "x3": 4.684955508385644, "x4": 9.119426444704661, "x5": 1.9225812767410726, "x6": 15.391913111851428, "x7": -2.472277922665392, "x8": 0.1, "x9": 2.4204590812903484}, "datetime": {"datetime": "2025-05-11 02:56:35", "elapsed": 849.773299, "delta": 8.856098}}
{"target": 332.1968566704901, "params": {"x0": 1.0225262056342963, "x1": 3.26318326171322, "x2": 8.216258023055634, "x3": 4.672271069066994, "x4": 9.092827028202045, "x5": 1.951081914096101, "x6": 15.442870419795337, "x7": -2.416777729864235, "x8": 0.1, "x9": 2.422787941747344}, "datetime": {"datetime": "2025-05-11 02:56:44", "elapsed": 858.728873, "delta": 8.955574}}
{"target": 334.46389588541257, "params": {"x0": 1.0224753880499942, "x1": 3.2897312886591323, "x2": 8.178222576205956, "x3": 4.696371503772429, "x4": 9.095486969852306, "x5": 1.9482318503605982, "x6": 15.34605153470191, "x7": -2.4223277491443507, "x8": 0.1, "x9": 2.4225550557016446}, "datetime": {"datetime": "2025-05-11 02:56:53", "elapsed": 867.390458, "delta": 8.661585}}
{"target": 346.72664808575365, "params": {"x0": 1.0216064073584277, "x1": 3.2884737505406414, "x2": 8.212454478370667, "x3": 4.674681112537538, "x4": 9.14097197207178, "x5": 1.9456667929986455, "x6": 15.350637692416862, "x7": -2.51723307883433, "x8": 0.10269790534530954, "x9": 2.422345458260515}, "datetime": {"datetime": "2025-05-11 02:57:02", "elapsed": 876.263033, "delta": 8.872575}}
{"target": 341.2924958877488, "params": {"x0": 1.0212565282905075, "x1": 3.2980939171470944, "x2": 8.226237323189617, "x3": 4.665947876066648, "x4": 9.159285670333832, "x5": 1.9652894818175826, "x6": 15.385721798936244, "x7": -2.479021196090733, "x8": 0.10040468580179644, "x9": 2.4207420378358733}, "datetime": {"datetime": "2025-05-11 02:57:11", "elapsed": 885.144575, "delta": 8.881542}}
{"target": 345.9679924707344, "params": {"x0": 1.0212915161972995, "x1": 3.2971319004864488, "x2": 8.224859038707722, "x3": 4.666821199713737, "x4": 9.124489643635934, "x5": 1.9280063730616022, "x6": 15.382213388284306, "x7": -2.5516237733035667, "x8": 0.10063400775614775, "x9": 2.423788536642692}, "datetime": {"datetime": "2025-05-11 02:57:20", "elapsed": 893.986429, "delta": 8.841854}}
{"target": 350.9703087526373, "params": {"x0": 1.021889809403443, "x1": 3.2962660854918684, "x2": 8.223618582674016, "x3": 4.681755034078959, "x4": 9.155806067664042, "x5": 1.9297724150553064, "x6": 15.322219566136164, "x7": -2.548184703856643, "x8": 0.10455541317555515, "x9": 2.4210466877165553}, "datetime": {"datetime": "2025-05-11 02:57:29", "elapsed": 902.833615, "delta": 8.847186}}
{"target": 356.3476796664068, "params": {"x0": 1.02164891766518, "x1": 3.2896426007833255, "x2": 8.233108071331863, "x3": 4.687767867389167, "x4": 9.14319708641062, "x5": 1.9432826363071445, "x6": 15.29806415879757, "x7": -2.5744935851256097, "x8": 0.10613429483126392, "x9": 2.4199427327541896}, "datetime": {"datetime": "2025-05-11 02:57:37", "elapsed": 911.791113, "delta": 8.957498}}
{"target": 361.5892948923526, "params": {"x0": 1.0218175418819642, "x1": 3.2850061614873454, "x2": 8.24259755998971, "x3": 4.693780700699374, "x4": 9.152023373288015, "x5": 1.9527397911834312, "x6": 15.322219566136164, "x7": -2.600802466394576, "x8": 0.10771317648697269, "x9": 2.418838777791824}, "datetime": {"datetime": "2025-05-11 02:57:46", "elapsed": 920.418577, "delta": 8.627464}}
{"target": 364.4237813690942, "params": {"x0": 1.021935578833713, "x1": 3.2803697221913652, "x2": 8.233108071331863, "x3": 4.687767867389167, "x4": 9.158201774102192, "x5": 1.962196946059718, "x6": 15.305310780999148, "x7": -2.6271113476635426, "x8": 0.10929205814268146, "x9": 2.417734822829458}, "datetime": {"datetime": "2025-05-11 02:57:55", "elapsed": 929.476, "delta": 9.057423}}
{"target": 369.23668287983816, "params": {"x0": 1.0218175418819642, "x1": 3.2850061614873454, "x2": 8.239750713392356, "x3": 4.691976850706312, "x4": 9.164380174916369, "x5": 1.9716541009360047, "x6": 15.293474631403237, "x7": -2.653420228932509, "x8": 0.10771317648697269, "x9": 2.418838777791824}, "datetime": {"datetime": "2025-05-11 02:58:04", "elapsed": 938.305775, "delta": 8.829775}}
{"target": 369.7800685087848, "params": {"x0": 1.0217349160157398, "x1": 3.2817606539801596, "x2": 8.2444005628347, "x3": 4.694923139028314, "x4": 9.158201774102192, "x5": 1.962196946059718, "x6": 15.305310780999148, "x7": -2.6797291102014755, "x8": 0.10881839364596883, "x9": 2.418066009318168}, "datetime": {"datetime": "2025-05-11 02:58:13", "elapsed": 947.26763, "delta": 8.961855}}
{"target": 371.67766681958886, "params": {"x0": 1.0218175418819642, "x1": 3.2794887987251293, "x2": 8.249050412277045, "x3": 4.691976850706312, "x4": 9.162526654672115, "x5": 1.9688169544731187, "x6": 15.29702547628201, "x7": -2.706037991470442, "x8": 0.10959204565726613, "x9": 2.417525071386609}, "datetime": {"datetime": "2025-05-11 02:58:22", "elapsed": 956.000217, "delta": 8.732587}}
{"target": 368.22267990792176, "params": {"x0": 1.0217597037756072, "x1": 3.2817606539801596, "x2": 8.2444005628347, "x3": 4.694039252531713, "x4": 9.165554071071062, "x5": 1.9734509603624992, "x6": 15.302825189584008, "x7": -2.7323468727394085, "x8": 0.11036569766856343, "x9": 2.41698413345505}, "datetime": {"datetime": "2025-05-11 02:58:31", "elapsed": 964.859603, "delta": 8.859386}}
{"target": 360.4494344280445, "params": {"x0": 1.021765487586243, "x1": 3.2774441289956022, "x2": 8.253235276775156, "x3": 4.693833012349173, "x4": 9.165251329431168, "x5": 1.972987559773561, "x6": 15.291805734310215, "x7": -2.6823599983283724, "x8": 0.11028833246743369, "x9": 2.417038227248206}, "datetime": {"datetime": "2025-05-11 02:58:40", "elapsed": 973.877994, "delta": 9.018391}}
{"target": 375.75715687078286, "params": {"x0": 1.0218643907481133, "x1": 3.2813290014817036, "x2": 8.245284034228746, "x3": 4.690306305227737, "x4": 9.160074447388968, "x5": 1.9650634097027204, "x6": 15.292327708507393, "x7": -2.727348185298305, "x8": 0.10896538752811533, "x9": 2.417963231111172}, "datetime": {"datetime": "2025-05-11 02:58:48", "elapsed": 982.71082, "delta": 8.832826}}
