{"target": 380.37510619259785, "params": {"x0": 1.0218835431256423, "x1": 3.2835324955827847, "x2": 8.251189346651731, "x3": 4.689752355172805, "x4": 9.160530559597005, "x5": 1.966625803770327, "x6": 15.290469799553364, "x7": -2.764075940951158, "x8": 0.10884344948519618, "x9": 2.4183224059855055}, "datetime": {"datetime": "2025-05-11 03:15:47", "elapsed": 2000.871709, "delta": 8.896579}}
{"target": 380.37510619259785, "params": {"x0": 1.0218835431196143, "x1": 3.2835324870998983, "x2": 8.251189341418076, "x3": 4.689752357662207, "x4": 9.160530555930205, "x5": 1.9666258012483202, "x6": 15.290469813359698, "x7": -2.764075940569795, "x8": 0.1088434492918814, "x9": 2.4183224059523543}, "datetime": {"datetime": "2025-05-11 03:15:56", "elapsed": 2009.873542, "delta": 9.001833}}
{"target": 380.37510619259785, "params": {"x0": 1.0218835432028552, "x1": 3.283532496563017, "x2": 8.251189358345094, "x3": 4.689752357088017, "x4": 9.160530555389617, "x5": 1.9666258011265327, "x6": 15.290469817447427, "x7": -2.7640759228497513, "x8": 0.10884344910305001, "x9": 2.418322405638424}, "datetime": {"datetime": "2025-05-11 03:16:05", "elapsed": 2019.0233, "delta": 9.149758}}
{"target": 380.37510619259785, "params": {"x0": 1.0218835430082833, "x1": 3.2835324935463506, "x2": 8.251189337950692, "x3": 4.6897523593440305, "x4": 9.16053056060544, "x5": 1.966625790749792, "x6": 15.290469799538238, "x7": -2.7640759376347424, "x8": 0.10884344887934654, "x9": 2.4183224054976464}, "datetime": {"datetime": "2025-05-11 03:16:14", "elapsed": 2028.37491, "delta": 9.35161}}
{"target": 380.37510619259785, "params": {"x0": 1.0218835430361302, "x1": 3.283532495992239, "x2": 8.251189337652356, "x3": 4.689752358444494, "x4": 9.16053055242967, "x5": 1.966625794182945, "x6": 15.290469811584217, "x7": -2.7640759280239884, "x8": 0.10884344870773353, "x9": 2.418322405120252}, "datetime": {"datetime": "2025-05-11 03:16:23", "elapsed": 2037.630075, "delta": 9.255165}}
{"target": 380.37510619259785, "params": {"x0": 1.0218835430573143, "x1": 3.2835324898845206, "x2": 8.251189344725777, "x3": 4.689752359658683, "x4": 9.160530544545658, "x5": 1.9666257967022498, "x6": 15.290469794299607, "x7": -2.7640759215062634, "x8": 0.10884344831000416, "x9": 2.4183224050027534}, "datetime": {"datetime": "2025-05-11 03:16:32", "elapsed": 2046.653774, "delta": 9.023699}}
{"target": 380.37510619259785, "params": {"x0": 1.0218835432049869, "x1": 3.283532494325479, "x2": 8.251189355066488, "x3": 4.689752360620744, "x4": 9.16053055790992, "x5": 1.9666257949522863, "x6": 15.290469806365413, "x7": -2.764075907730875, "x8": 0.10884344803669276, "x9": 2.418322404815897}, "datetime": {"datetime": "2025-05-11 03:16:41", "elapsed": 2055.769024, "delta": 9.11525}}
{"target": 380.37510619259785, "params": {"x0": 1.0218835431583089, "x1": 3.2835324952986125, "x2": 8.251189343859878, "x3": 4.689752359873479, "x4": 9.160530557672923, "x5": 1.966625792541025, "x6": 15.290469808931178, "x7": -2.7640758987044536, "x8": 0.10884344778991907, "x9": 2.418322404905625}, "datetime": {"datetime": "2025-05-11 03:16:51", "elapsed": 2064.861563, "delta": 9.092539}}
{"target": 380.37510619259785, "params": {"x0": 1.0218835431768984, "x1": 3.2835324958916665, "x2": 8.251189350346687, "x3": 4.689752359905129, "x4": 9.160530557246991, "x5": 1.9666257901894215, "x6": 15.290469806705207, "x7": -2.7640758983851783, "x8": 0.10884344702811793, "x9": 2.418322404820486}, "datetime": {"datetime": "2025-05-11 03:17:00", "elapsed": 2074.009078, "delta": 9.147515}}
{"target": 380.37510619259785, "params": {"x0": 1.0218835431622073, "x1": 3.2835324970928768, "x2": 8.25118934052735, "x3": 4.689752360359989, "x4": 9.160530554935566, "x5": 1.9666257914432352, "x6": 15.290469804042493, "x7": -2.764075866803716, "x8": 0.10884344769459518, "x9": 2.4183224046482548}, "datetime": {"datetime": "2025-05-11 03:17:10", "elapsed": 2083.807201, "delta": 9.798123}}
{"target": 380.37510619259785, "params": {"x0": 1.0218835432303728, "x1": 3.2835324916217172, "x2": 8.251189349066854, "x3": 4.689752362765977, "x4": 9.160530556200774, "x5": 1.966625789458207, "x6": 15.290469802696228, "x7": -2.7640758918266175, "x8": 0.1088434474922343, "x9": 2.4183224046168594}, "datetime": {"datetime": "2025-05-11 03:17:18", "elapsed": 2092.793189, "delta": 8.985988}}
{"target": 380.37510619259785, "params": {"x0": 1.0218835432372506, "x1": 3.2835324900090743, "x2": 8.25118934604379, "x3": 4.68975236098547, "x4": 9.16053055439851, "x5": 1.96662579154652, "x6": 15.290469807212268, "x7": -2.7640758804134067, "x8": 0.10884344733435623, "x9": 2.4183224044921032}, "datetime": {"datetime": "2025-05-11 03:17:28", "elapsed": 2102.053708, "delta": 9.260519}}
{"target": 380.37510619259785, "params": {"x0": 1.0218835431087818, "x1": 3.2835324921948637, "x2": 8.251189347491037, "x3": 4.689752362642636, "x4": 9.160530555215075, "x5": 1.9666257907461195, "x6": 15.290469803339935, "x7": -2.764075884357206, "x8": 0.1088434469782949, "x9": 2.4183224044148655}, "datetime": {"datetime": "2025-05-11 03:17:37", "elapsed": 2111.106673, "delta": 9.052965}}
{"target": 380.37510619259785, "params": {"x0": 1.0218835431807674, "x1": 3.2835324914630206, "x2": 8.251189346645718, "x3": 4.689752361779558, "x4": 9.160530554383561, "x5": 1.9666257893684649, "x6": 15.290469804653677, "x7": -2.7640758775015466, "x8": 0.10884344700931113, "x9": 2.418322404331554}, "datetime": {"datetime": "2025-05-11 03:17:46", "elapsed": 2120.228591, "delta": 9.121918}}
{"target": 380.37510619259785, "params": {"x0": 1.021883543143851, "x1": 3.2835324918659747, "x2": 8.251189343998822, "x3": 4.689752362213279, "x4": 9.160530553965735, "x5": 1.9666257887330527, "x6": 15.29046980200223, "x7": -2.764075868408279, "x8": 0.10884344721680371, "x9": 2.4183224041211697}, "datetime": {"datetime": "2025-05-11 03:17:55", "elapsed": 2129.228025, "delta": 8.999434}}
{"target": 380.37510619259785, "params": {"x0": 1.0218835431724598, "x1": 3.283532493618291, "x2": 8.251189347755451, "x3": 4.689752362047423, "x4": 9.160530554493452, "x5": 1.9666257891780434, "x6": 15.290469805131124, "x7": -2.7640758717718197, "x8": 0.10884344714184302, "x9": 2.418322404080342}, "datetime": {"datetime": "2025-05-11 03:18:04", "elapsed": 2138.405513, "delta": 9.177488}}
{"target": 380.37510619259785, "params": {"x0": 1.0218835431317441, "x1": 3.2835324941676567, "x2": 8.251189346204914, "x3": 4.689752362514621, "x4": 9.160530549970396, "x5": 1.9666257884055613, "x6": 15.290469801467399, "x7": -2.7640758718835916, "x8": 0.10884344706408719, "x9": 2.418322404194344}, "datetime": {"datetime": "2025-05-11 03:18:14", "elapsed": 2147.839525, "delta": 9.434012}}
{"target": 380.37510619259785, "params": {"x0": 1.0218835431736535, "x1": 3.2835324923339395, "x2": 8.251189349568387, "x3": 4.689752362178886, "x4": 9.160530551761113, "x5": 1.9666257881749798, "x6": 15.290469803636542, "x7": -2.7640758679272888, "x8": 0.10884344687458558, "x9": 2.41832240409617}, "datetime": {"datetime": "2025-05-11 03:18:23", "elapsed": 2157.010185, "delta": 9.17066}}
{"target": 380.37510619259785, "params": {"x0": 1.0218835431960445, "x1": 3.283532494267382, "x2": 8.251189346507537, "x3": 4.689752362823476, "x4": 9.160530553077836, "x5": 1.9666257880302727, "x6": 15.290469804023841, "x7": -2.7640758664863583, "x8": 0.10884344690823966, "x9": 2.4183224040984435}, "datetime": {"datetime": "2025-05-11 03:18:32", "elapsed": 2166.018129, "delta": 9.007944}}
{"target": 380.37510619259785, "params": {"x0": 1.0218835431544322, "x1": 3.2835324939214265, "x2": 8.251189344923073, "x3": 4.68975236251938, "x4": 9.160530552937743, "x5": 1.9666257873083415, "x6": 15.290469802256233, "x7": -2.7640758665825573, "x8": 0.10884344655334205, "x9": 2.418322404087686}, "datetime": {"datetime": "2025-05-11 03:18:41", "elapsed": 2175.077927, "delta": 9.059798}}
{"target": 380.37510619259785, "params": {"x0": 1.0218835431829625, "x1": 3.2835324938541905, "x2": 8.25118934854789, "x3": 4.689752362506286, "x4": 9.160530552832688, "x5": 1.9666257875800153, "x6": 15.290469803674956, "x7": -2.7640758634629488, "x8": 0.10884344662275737, "x9": 2.418322404044886}, "datetime": {"datetime": "2025-05-11 03:18:50", "elapsed": 2184.451085, "delta": 9.373158}}
{"target": 380.37510619259785, "params": {"x0": 1.0218835431581599, "x1": 3.2835324930221765, "x2": 8.25118934546265, "x3": 4.689752362627202, "x4": 9.160530553105863, "x5": 1.9666257873968525, "x6": 15.290469803720987, "x7": -2.7640758613417202, "x8": 0.10884344675016472, "x9": 2.41832240402095}, "datetime": {"datetime": "2025-05-11 03:19:00", "elapsed": 2194.021136, "delta": 9.570051}}
{"target": 380.37510619259785, "params": {"x0": 1.02188354316636, "x1": 3.28353249226173, "x2": 8.25118934774318, "x3": 4.689752362782085, "x4": 9.160530552796894, "x5": 1.96662578685755, "x6": 15.290469804084688, "x7": -2.7640758588844196, "x8": 0.10884344672577025, "x9": 2.418322403931381}, "datetime": {"datetime": "2025-05-11 03:19:09", "elapsed": 2203.141562, "delta": 9.120426}}
{"target": 380.37510619259785, "params": {"x0": 1.0218835431757851, "x1": 3.283532492821817, "x2": 8.251189345575261, "x3": 4.689752363066957, "x4": 9.160530552739727, "x5": 1.9666257864552037, "x6": 15.290469801819595, "x7": -2.764075861113166, "x8": 0.10884344660631942, "x9": 2.418322403947506}, "datetime": {"datetime": "2025-05-11 03:19:18", "elapsed": 2212.713942, "delta": 9.57238}}
{"target": 380.37510619259785, "params": {"x0": 1.0218835431882287, "x1": 3.2835324928644427, "x2": 8.251189346296936, "x3": 4.689752363123868, "x4": 9.16053055169371, "x5": 1.9666257865518002, "x6": 15.290469801700908, "x7": -2.7640758583270593, "x8": 0.10884344667012989, "x9": 2.418322403940208}, "datetime": {"datetime": "2025-05-11 03:19:28", "elapsed": 2222.707126, "delta": 9.993184}}
{"target": 380.37510619259785, "params": {"x0": 1.0218835431717281, "x1": 3.2835324926915, "x2": 8.25118934702419, "x3": 4.68975236294504, "x4": 9.160530552328433, "x5": 1.966625786522101, "x6": 15.290469802675796, "x7": -2.7640758583806293, "x8": 0.10884344653340323, "x9": 2.41832240388455}, "datetime": {"datetime": "2025-05-11 03:19:37", "elapsed": 2231.786713, "delta": 9.079587}}
{"target": 380.37510619259785, "params": {"x0": 1.0218835431626847, "x1": 3.2835324929987, "x2": 8.251189347435044, "x3": 4.689752362991474, "x4": 9.160530552161505, "x5": 1.9666257864578724, "x6": 15.290469803269833, "x7": -2.764075857677547, "x8": 0.10884344649541552, "x9": 2.4183224039112208}, "datetime": {"datetime": "2025-05-11 03:19:47", "elapsed": 2241.493967, "delta": 9.707254}}
{"target": 380.37510619259785, "params": {"x0": 1.0218835431634758, "x1": 3.2835324925527707, "x2": 8.25118934755184, "x3": 4.68975236312648, "x4": 9.160530552507467, "x5": 1.9666257863600356, "x6": 15.290469801978391, "x7": -2.764075857199133, "x8": 0.10884344657663307, "x9": 2.41832240389262}, "datetime": {"datetime": "2025-05-11 03:19:56", "elapsed": 2250.630413, "delta": 9.136446}}
{"target": 380.37510619259785, "params": {"x0": 1.0218835431617845, "x1": 3.283532492725841, "x2": 8.251189346415535, "x3": 4.689752363172505, "x4": 9.160530552463035, "x5": 1.9666257861479, "x6": 15.29046980287683, "x7": -2.7640758565099204, "x8": 0.10884344655240707, "x9": 2.4183224038299764}, "datetime": {"datetime": "2025-05-11 03:20:05", "elapsed": 2259.552612, "delta": 8.922199}}
{"target": 380.37510619259785, "params": {"x0": 1.0218835431641433, "x1": 3.283532493500516, "x2": 8.251189347539373, "x3": 4.689752363155265, "x4": 9.160530552058656, "x5": 1.9666257858715015, "x6": 15.290469803520589, "x7": -2.7640758557755696, "x8": 0.10884344650956362, "x9": 2.4183224038497633}, "datetime": {"datetime": "2025-05-11 03:20:15", "elapsed": 2268.954207, "delta": 9.401595}}
{"target": 380.37510619259785, "params": {"x0": 1.021883543168562, "x1": 3.283532493200094, "x2": 8.251189346557746, "x3": 4.689752363189477, "x4": 9.160530552204236, "x5": 1.9666257855422409, "x6": 15.290469802757379, "x7": -2.7640758555191014, "x8": 0.10884344652642423, "x9": 2.418322403849016}, "datetime": {"datetime": "2025-05-11 03:20:24", "elapsed": 2278.136339, "delta": 9.182132}}
{"target": 380.37510619259785, "params": {"x0": 1.0218835431651534, "x1": 3.283532492730935, "x2": 8.251189347475634, "x3": 4.6897523632466305, "x4": 9.160530552167007, "x5": 1.9666257858451406, "x6": 15.290469802533424, "x7": -2.76407585487949, "x8": 0.10884344650578963, "x9": 2.418322403826993}, "datetime": {"datetime": "2025-05-11 03:20:33", "elapsed": 2287.469184, "delta": 9.332845}}
{"target": 380.37510619259785, "params": {"x0": 1.0218835431726807, "x1": 3.283532492974549, "x2": 8.251189347102105, "x3": 4.689752363246857, "x4": 9.160530552314762, "x5": 1.9666257857622897, "x6": 15.290469802858205, "x7": -2.7640758530176877, "x8": 0.10884344653367277, "x9": 2.4183224038315556}, "datetime": {"datetime": "2025-05-11 03:20:42", "elapsed": 2296.737045, "delta": 9.267861}}
{"target": 380.37510619259785, "params": {"x0": 1.0218835431692261, "x1": 3.2835324930680354, "x2": 8.251189347169932, "x3": 4.689752363343425, "x4": 9.16053055204008, "x5": 1.9666257857754794, "x6": 15.29046980259762, "x7": -2.764075853808828, "x8": 0.1088434465284154, "x9": 2.418322403807259}, "datetime": {"datetime": "2025-05-11 03:20:51", "elapsed": 2305.668598, "delta": 8.931553}}
{"target": 380.37510619259785, "params": {"x0": 1.0218835431731785, "x1": 3.2835324933105126, "x2": 8.251189346877032, "x3": 4.689752363327798, "x4": 9.160530552084895, "x5": 1.9666257855804372, "x6": 15.290469802878132, "x7": -2.7640758535843912, "x8": 0.1088434465022843, "x9": 2.418322403801135}, "datetime": {"datetime": "2025-05-11 03:21:01", "elapsed": 2315.10294, "delta": 9.434342}}
{"target": 380.37510619259785, "params": {"x0": 1.021883543173443, "x1": 3.2835324932246635, "x2": 8.251189346722429, "x3": 4.689752363333712, "x4": 9.160530552092467, "x5": 1.96662578565279, "x6": 15.290469802662958, "x7": -2.7640758527710525, "x8": 0.10884344646662497, "x9": 2.4183224038121947}, "datetime": {"datetime": "2025-05-11 03:21:10", "elapsed": 2324.71285, "delta": 9.60991}}
{"target": 380.37510619259785, "params": {"x0": 1.0218835431651105, "x1": 3.283532492826917, "x2": 8.251189346879936, "x3": 4.689752363414264, "x4": 9.160530552103852, "x5": 1.9666257855764038, "x6": 15.290469803278398, "x7": -2.764075852633511, "x8": 0.10884344648178158, "x9": 2.4183224038053104}, "datetime": {"datetime": "2025-05-11 03:21:20", "elapsed": 2334.307343, "delta": 9.594493}}
{"target": 380.37510619259785, "params": {"x0": 1.0218835431649473, "x1": 3.283532492981582, "x2": 8.251189347322374, "x3": 4.689752363389309, "x4": 9.160530551812071, "x5": 1.966625785500728, "x6": 15.290469802747904, "x7": -2.7640758529012217, "x8": 0.10884344646714558, "x9": 2.4183224037939306}, "datetime": {"datetime": "2025-05-11 03:21:30", "elapsed": 2343.833619, "delta": 9.526276}}
{"target": 380.37510619259785, "params": {"x0": 1.0218835431721656, "x1": 3.2835324930225283, "x2": 8.251189346716252, "x3": 4.689752363451417, "x4": 9.160530551975745, "x5": 1.966625785519617, "x6": 15.290469802709469, "x7": -2.7640758521306594, "x8": 0.1088434464739949, "x9": 2.4183224037882316}, "datetime": {"datetime": "2025-05-11 03:21:39", "elapsed": 2353.190488, "delta": 9.356869}}
{"target": 380.37510619259785, "params": {"x0": 1.0218835431667177, "x1": 3.2835324929901444, "x2": 8.251189347131415, "x3": 4.689752363398152, "x4": 9.160530551961594, "x5": 1.9666257854424833, "x6": 15.29046980277576, "x7": -2.7640758519511706, "x8": 0.10884344647527915, "x9": 2.4183224037927493}, "datetime": {"datetime": "2025-05-11 03:21:48", "elapsed": 2362.073684, "delta": 8.883196}}
{"target": 380.37510619259785, "params": {"x0": 1.0218835431707738, "x1": 3.2835324931420917, "x2": 8.251189346966855, "x3": 4.6897523634224845, "x4": 9.16053055186572, "x5": 1.9666257854399136, "x6": 15.290469802779565, "x7": -2.7640758519116813, "x8": 0.10884344646497157, "x9": 2.418322403783706}, "datetime": {"datetime": "2025-05-11 03:21:57", "elapsed": 2371.381217, "delta": 9.307533}}
{"target": 380.37510619259785, "params": {"x0": 1.0218835431704565, "x1": 3.2835324930700804, "x2": 8.251189346865862, "x3": 4.689752363441965, "x4": 9.16053055203679, "x5": 1.9666257853496856, "x6": 15.290469802900892, "x7": -2.764075851935821, "x8": 0.10884344646447172, "x9": 2.4183224037801847}, "datetime": {"datetime": "2025-05-11 03:22:06", "elapsed": 2380.451328, "delta": 9.070111}}
{"target": 380.37510619259785, "params": {"x0": 1.021883543170991, "x1": 3.283532493021399, "x2": 8.251189346805697, "x3": 4.689752363435603, "x4": 9.1605305520312, "x5": 1.9666257853246678, "x6": 15.290469803069344, "x7": -2.764075851646784, "x8": 0.10884344645686468, "x9": 2.4183224037793947}, "datetime": {"datetime": "2025-05-11 03:22:16", "elapsed": 2389.992508, "delta": 9.54118}}
{"target": 380.37510619259785, "params": {"x0": 1.0218835431674627, "x1": 3.2835324929301763, "x2": 8.251189347140368, "x3": 4.689752363446704, "x4": 9.160530551848545, "x5": 1.966625785359816, "x6": 15.290469802930359, "x7": -2.764075851834603, "x8": 0.10884344644555863, "x9": 2.4183224037786286}, "datetime": {"datetime": "2025-05-11 03:22:25", "elapsed": 2399.027873, "delta": 9.035365}}
{"target": 380.37510619259785, "params": {"x0": 1.0218835431665014, "x1": 3.283532493037993, "x2": 8.251189346847974, "x3": 4.689752363451983, "x4": 9.160530551850874, "x5": 1.966625785361676, "x6": 15.2904698028159, "x7": -2.764075851667463, "x8": 0.108843446447939, "x9": 2.4183224037692486}, "datetime": {"datetime": "2025-05-11 03:22:34", "elapsed": 2408.268653, "delta": 9.24078}}
{"target": 380.37510619259785, "params": {"x0": 1.021883543168388, "x1": 3.2835324929375003, "x2": 8.251189346916519, "x3": 4.689752363481818, "x4": 9.160530551929318, "x5": 1.9666257853078404, "x6": 15.290469803007978, "x7": -2.764075851302757, "x8": 0.108843446444634, "x9": 2.4183224037734252}, "datetime": {"datetime": "2025-05-11 03:22:43", "elapsed": 2417.660184, "delta": 9.391531}}
{"target": 380.37510619259785, "params": {"x0": 1.0218835431695976, "x1": 3.2835324930802883, "x2": 8.251189347014407, "x3": 4.68975236349187, "x4": 9.160530551894142, "x5": 1.966625785321284, "x6": 15.29046980294386, "x7": -2.7640758513014063, "x8": 0.10884344644169941, "x9": 2.4183224037708646}, "datetime": {"datetime": "2025-05-11 03:22:53", "elapsed": 2427.09805, "delta": 9.437866}}
{"target": 380.37510619259785, "params": {"x0": 1.0218835431672488, "x1": 3.2835324930715624, "x2": 8.25118934711879, "x3": 4.689752363483239, "x4": 9.160530551985527, "x5": 1.966625785293208, "x6": 15.290469803060937, "x7": -2.7640758513665906, "x8": 0.10884344643847393, "x9": 2.418322403765792}, "datetime": {"datetime": "2025-05-11 03:23:02", "elapsed": 2436.49258, "delta": 9.39453}}
{"target": 380.37510619259785, "params": {"x0": 1.0218835431676898, "x1": 3.2835324930679244, "x2": 8.25118934700343, "x3": 4.689752363493251, "x4": 9.160530551963818, "x5": 1.9666257852687303, "x6": 15.290469803074105, "x7": -2.76407585116468, "x8": 0.10884344643997262, "x9": 2.418322403764562}, "datetime": {"datetime": "2025-05-11 03:23:12", "elapsed": 2446.083823, "delta": 9.591243}}
{"target": 380.37510619259785, "params": {"x0": 1.0218835431701025, "x1": 3.283532492974623, "x2": 8.251189347021246, "x3": 4.689752363488071, "x4": 9.160530551945783, "x5": 1.966625785237986, "x6": 15.29046980286856, "x7": -2.7640758510462007, "x8": 0.10884344643101267, "x9": 2.418322403765947}, "datetime": {"datetime": "2025-05-11 03:23:21", "elapsed": 2455.657229, "delta": 9.573406}}
{"target": 380.37510619259785, "params": {"x0": 1.021883543167481, "x1": 3.2835324930369465, "x2": 8.251189347074352, "x3": 4.6897523635139535, "x4": 9.160530551902996, "x5": 1.9666257852638056, "x6": 15.290469802932991, "x7": -2.764075851041292, "x8": 0.10884344643667927, "x9": 2.418322403762148}, "datetime": {"datetime": "2025-05-11 03:23:31", "elapsed": 2465.042742, "delta": 9.385513}}
{"target": 380.37510619259785, "params": {"x0": 1.0218835431676316, "x1": 3.2835324929822964, "x2": 8.251189346970216, "x3": 4.689752363504121, "x4": 9.160530551941099, "x5": 1.9666257852628908, "x6": 15.290469802927593, "x7": -2.7640758509874566, "x8": 0.1088434464358576, "x9": 2.418322403758935}, "datetime": {"datetime": "2025-05-11 03:23:41", "elapsed": 2475.003714, "delta": 9.960972}}
{"target": 380.37510619259785, "params": {"x0": 1.021883543168761, "x1": 3.2835324930220002, "x2": 8.251189346933785, "x3": 4.6897523635112215, "x4": 9.1605305519087, "x5": 1.9666257852167754, "x6": 15.290469803001642, "x7": -2.764075850897915, "x8": 0.10884344643256126, "x9": 2.418322403762347}, "datetime": {"datetime": "2025-05-11 03:23:50", "elapsed": 2484.47533, "delta": 9.471616}}
{"target": 380.37510619259785, "params": {"x0": 1.021883543168168, "x1": 3.283532493010105, "x2": 8.251189346956524, "x3": 4.68975236351384, "x4": 9.160530551915702, "x5": 1.9666257852186186, "x6": 15.290469802995453, "x7": -2.7640758508974397, "x8": 0.10884344643159262, "x9": 2.418322403761228}, "datetime": {"datetime": "2025-05-11 03:24:00", "elapsed": 2493.882888, "delta": 9.407558}}
{"target": 380.37510619259785, "params": {"x0": 1.0218835431692557, "x1": 3.283532493039847, "x2": 8.251189346961079, "x3": 4.689752363506938, "x4": 9.16053055192036, "x5": 1.9666257852341118, "x6": 15.290469802976302, "x7": -2.764075850861335, "x8": 0.10884344642848273, "x9": 2.4183224037579882}, "datetime": {"datetime": "2025-05-11 03:24:09", "elapsed": 2503.451571, "delta": 9.568683}}
{"target": 380.37510619259785, "params": {"x0": 1.0218835431684208, "x1": 3.28353249298715, "x2": 8.251189346992394, "x3": 4.68975236351658, "x4": 9.16053055191084, "x5": 1.9666257852230788, "x6": 15.290469802934831, "x7": -2.764075850783038, "x8": 0.10884344643023962, "x9": 2.418322403758434}, "datetime": {"datetime": "2025-05-11 03:24:18", "elapsed": 2512.759412, "delta": 9.307841}}
