{"target": 380.37510619259785, "params": {"x0": 1.0218835431687043, "x1": 3.2835324930181096, "x2": 8.251189347000208, "x3": 4.689752363535392, "x4": 9.160530551894475, "x5": 1.9666257851700546, "x6": 15.290469802962166, "x7": -2.764075850541204, "x8": 0.10884344641958517, "x9": 2.418322403751983}, "datetime": {"datetime": "2025-05-11 15:33:48", "elapsed": 46281.865162, "delta": 76.375557}}
{"target": 380.37510619259785, "params": {"x0": 1.0218835431687043, "x1": 3.2835324930181096, "x2": 8.251189347000208, "x3": 4.689752363535392, "x4": 9.160530551894475, "x5": 1.9666257851700546, "x6": 15.290469802962166, "x7": -2.764075850541204, "x8": 0.10884344641958517, "x9": 2.418322403751983}, "datetime": {"datetime": "2025-05-11 15:34:57", "elapsed": 46351.117231, "delta": 69.252069}}
{"target": 380.37510619259785, "params": {"x0": 1.0218835431687043, "x1": 3.2835324930181096, "x2": 8.251189347000208, "x3": 4.689752363535392, "x4": 9.160530551894475, "x5": 1.9666257851700546, "x6": 15.290469802962166, "x7": -2.764075850541204, "x8": 0.10884344641958517, "x9": 2.418322403751983}, "datetime": {"datetime": "2025-05-11 15:36:10", "elapsed": 46424.523224, "delta": 73.405993}}
{"target": 380.37510619259785, "params": {"x0": 1.0218835431687043, "x1": 3.2835324930181096, "x2": 8.251189347000208, "x3": 4.689752363535392, "x4": 9.160530551894475, "x5": 1.9666257851700546, "x6": 15.290469802962166, "x7": -2.764075850541204, "x8": 0.10884344641958517, "x9": 2.418322403751983}, "datetime": {"datetime": "2025-05-11 15:37:17", "elapsed": 46491.669206, "delta": 67.145982}}
{"target": 380.37510619259785, "params": {"x0": 1.0218835431687043, "x1": 3.2835324930181096, "x2": 8.251189347000208, "x3": 4.689752363535392, "x4": 9.160530551894475, "x5": 1.9666257851700546, "x6": 15.290469802962166, "x7": -2.764075850541204, "x8": 0.10884344641958517, "x9": 2.418322403751983}, "datetime": {"datetime": "2025-05-11 15:38:03", "elapsed": 46537.031798, "delta": 45.362592}}
{"target": 380.37510619259785, "params": {"x0": 1.0218835431687043, "x1": 3.2835324930181096, "x2": 8.251189347000208, "x3": 4.689752363535392, "x4": 9.160530551894475, "x5": 1.9666257851700546, "x6": 15.290469802962166, "x7": -2.764075850541204, "x8": 0.10884344641958517, "x9": 2.418322403751983}, "datetime": {"datetime": "2025-05-11 15:38:55", "elapsed": 46589.517404, "delta": 52.485606}}
{"target": 380.37510619259785, "params": {"x0": 1.0218835431687043, "x1": 3.2835324930181096, "x2": 8.251189347000208, "x3": 4.689752363535392, "x4": 9.160530551894475, "x5": 1.9666257851700546, "x6": 15.290469802962166, "x7": -2.764075850541204, "x8": 0.10884344641958517, "x9": 2.418322403751983}, "datetime": {"datetime": "2025-05-11 15:40:01", "elapsed": 46654.965287, "delta": 65.447883}}
{"target": 380.37510619259785, "params": {"x0": 1.0218835431687043, "x1": 3.2835324930181096, "x2": 8.251189347000208, "x3": 4.689752363535392, "x4": 9.160530551894475, "x5": 1.9666257851700546, "x6": 15.290469802962166, "x7": -2.764075850541204, "x8": 0.10884344641958517, "x9": 2.418322403751983}, "datetime": {"datetime": "2025-05-11 15:40:44", "elapsed": 46697.866341, "delta": 42.901054}}
{"target": 380.37510619259785, "params": {"x0": 1.0218835431687043, "x1": 3.2835324930181096, "x2": 8.251189347000208, "x3": 4.689752363535392, "x4": 9.160530551894475, "x5": 1.9666257851700546, "x6": 15.290469802962166, "x7": -2.764075850541204, "x8": 0.10884344641958517, "x9": 2.418322403751983}, "datetime": {"datetime": "2025-05-11 15:41:43", "elapsed": 46757.657964, "delta": 59.791623}}
{"target": 380.37510619259785, "params": {"x0": 1.0218835431687043, "x1": 3.2835324930181096, "x2": 8.251189347000208, "x3": 4.689752363535392, "x4": 9.160530551894475, "x5": 1.9666257851700546, "x6": 15.290469802962166, "x7": -2.764075850541204, "x8": 0.10884344641958517, "x9": 2.418322403751983}, "datetime": {"datetime": "2025-05-11 15:42:44", "elapsed": 46818.697247, "delta": 61.039283}}
{"target": 380.37510619259785, "params": {"x0": 1.0218835431687043, "x1": 3.2835324930181096, "x2": 8.251189347000208, "x3": 4.689752363535392, "x4": 9.160530551894475, "x5": 1.9666257851700546, "x6": 15.290469802962166, "x7": -2.764075850541204, "x8": 0.10884344641958517, "x9": 2.418322403751983}, "datetime": {"datetime": "2025-05-11 15:43:52", "elapsed": 46886.457494, "delta": 67.760247}}
{"target": 380.37510619259785, "params": {"x0": 1.0218835431687043, "x1": 3.2835324930181096, "x2": 8.251189347000208, "x3": 4.689752363535392, "x4": 9.160530551894475, "x5": 1.9666257851700546, "x6": 15.290469802962166, "x7": -2.764075850541204, "x8": 0.10884344641958517, "x9": 2.418322403751983}, "datetime": {"datetime": "2025-05-11 15:45:04", "elapsed": 46958.467732, "delta": 72.010238}}
{"target": 380.37510619259785, "params": {"x0": 1.0218835431687043, "x1": 3.2835324930181096, "x2": 8.251189347000208, "x3": 4.689752363535392, "x4": 9.160530551894475, "x5": 1.9666257851700546, "x6": 15.290469802962166, "x7": -2.764075850541204, "x8": 0.10884344641958517, "x9": 2.418322403751983}, "datetime": {"datetime": "2025-05-11 15:46:10", "elapsed": 47024.514752, "delta": 66.04702}}
{"target": 380.37510619259785, "params": {"x0": 1.0218835431687043, "x1": 3.2835324930181096, "x2": 8.251189347000208, "x3": 4.689752363535392, "x4": 9.160530551894475, "x5": 1.9666257851700546, "x6": 15.290469802962166, "x7": -2.764075850541204, "x8": 0.10884344641958517, "x9": 2.418322403751983}, "datetime": {"datetime": "2025-05-11 15:47:14", "elapsed": 47088.763889, "delta": 64.249137}}
{"target": 380.37510619259785, "params": {"x0": 1.0218835431687043, "x1": 3.2835324930181096, "x2": 8.251189347000208, "x3": 4.689752363535392, "x4": 9.160530551894475, "x5": 1.9666257851700546, "x6": 15.290469802962166, "x7": -2.764075850541204, "x8": 0.10884344641958517, "x9": 2.418322403751983}, "datetime": {"datetime": "2025-05-11 15:48:30", "elapsed": 47164.617179, "delta": 75.85329}}
{"target": 380.37510619259785, "params": {"x0": 1.0218835431687043, "x1": 3.2835324930181096, "x2": 8.251189347000208, "x3": 4.689752363535392, "x4": 9.160530551894475, "x5": 1.9666257851700546, "x6": 15.290469802962166, "x7": -2.764075850541204, "x8": 0.10884344641958517, "x9": 2.418322403751983}, "datetime": {"datetime": "2025-05-11 15:49:51", "elapsed": 47245.228233, "delta": 80.611054}}
{"target": 380.37510619259785, "params": {"x0": 1.0218835431687043, "x1": 3.2835324930181096, "x2": 8.251189347000208, "x3": 4.689752363535392, "x4": 9.160530551894475, "x5": 1.9666257851700546, "x6": 15.290469802962166, "x7": -2.764075850541204, "x8": 0.10884344641958517, "x9": 2.418322403751983}, "datetime": {"datetime": "2025-05-11 15:51:04", "elapsed": 47317.943947, "delta": 72.715714}}
{"target": 380.37510619259785, "params": {"x0": 1.0218835431687043, "x1": 3.2835324930181096, "x2": 8.251189347000208, "x3": 4.689752363535392, "x4": 9.160530551894475, "x5": 1.9666257851700546, "x6": 15.290469802962166, "x7": -2.764075850541204, "x8": 0.10884344641958517, "x9": 2.418322403751983}, "datetime": {"datetime": "2025-05-11 15:52:08", "elapsed": 47382.174135, "delta": 64.230188}}
{"target": 380.37510619259785, "params": {"x0": 1.0218835431687043, "x1": 3.2835324930181096, "x2": 8.251189347000208, "x3": 4.689752363535392, "x4": 9.160530551894475, "x5": 1.9666257851700546, "x6": 15.290469802962166, "x7": -2.764075850541204, "x8": 0.10884344641958517, "x9": 2.418322403751983}, "datetime": {"datetime": "2025-05-11 15:53:01", "elapsed": 47435.005859, "delta": 52.831724}}
{"target": 380.37510619259785, "params": {"x0": 1.0218835431687043, "x1": 3.2835324930181096, "x2": 8.251189347000208, "x3": 4.689752363535392, "x4": 9.160530551894475, "x5": 1.9666257851700546, "x6": 15.290469802962166, "x7": -2.764075850541204, "x8": 0.10884344641958517, "x9": 2.418322403751983}, "datetime": {"datetime": "2025-05-11 15:54:01", "elapsed": 47495.197217, "delta": 60.191358}}
{"target": 380.37510619259785, "params": {"x0": 1.0218835431687043, "x1": 3.2835324930181096, "x2": 8.251189347000208, "x3": 4.689752363535392, "x4": 9.160530551894475, "x5": 1.9666257851700546, "x6": 15.290469802962166, "x7": -2.764075850541204, "x8": 0.10884344641958517, "x9": 2.418322403751983}, "datetime": {"datetime": "2025-05-11 15:55:00", "elapsed": 47554.27142, "delta": 59.074203}}
{"target": 380.37510619259785, "params": {"x0": 1.0218835431687043, "x1": 3.2835324930181096, "x2": 8.251189347000208, "x3": 4.689752363535392, "x4": 9.160530551894475, "x5": 1.9666257851700546, "x6": 15.290469802962166, "x7": -2.764075850541204, "x8": 0.10884344641958517, "x9": 2.418322403751983}, "datetime": {"datetime": "2025-05-11 15:56:10", "elapsed": 47624.44196, "delta": 70.17054}}
{"target": 380.37510619259785, "params": {"x0": 1.0218835431687043, "x1": 3.2835324930181096, "x2": 8.251189347000208, "x3": 4.689752363535392, "x4": 9.160530551894475, "x5": 1.9666257851700546, "x6": 15.290469802962166, "x7": -2.764075850541204, "x8": 0.10884344641958517, "x9": 2.418322403751983}, "datetime": {"datetime": "2025-05-11 15:57:09", "elapsed": 47683.209884, "delta": 58.767924}}
{"target": 380.37510619259785, "params": {"x0": 1.0218835431687043, "x1": 3.2835324930181096, "x2": 8.251189347000208, "x3": 4.689752363535392, "x4": 9.160530551894475, "x5": 1.9666257851700546, "x6": 15.290469802962166, "x7": -2.764075850541204, "x8": 0.10884344641958517, "x9": 2.418322403751983}, "datetime": {"datetime": "2025-05-11 15:58:07", "elapsed": 47741.691822, "delta": 58.481938}}
{"target": 380.37510619259785, "params": {"x0": 1.0218835431687043, "x1": 3.2835324930181096, "x2": 8.251189347000208, "x3": 4.689752363535392, "x4": 9.160530551894475, "x5": 1.9666257851700546, "x6": 15.290469802962166, "x7": -2.764075850541204, "x8": 0.10884344641958517, "x9": 2.418322403751983}, "datetime": {"datetime": "2025-05-11 15:59:11", "elapsed": 47804.92095, "delta": 63.229128}}
{"target": 380.37510619259785, "params": {"x0": 1.0218835431687043, "x1": 3.2835324930181096, "x2": 8.251189347000208, "x3": 4.689752363535392, "x4": 9.160530551894475, "x5": 1.9666257851700546, "x6": 15.290469802962166, "x7": -2.764075850541204, "x8": 0.10884344641958517, "x9": 2.418322403751983}, "datetime": {"datetime": "2025-05-11 16:00:25", "elapsed": 47878.917444, "delta": 73.996494}}
{"target": 380.37510619259785, "params": {"x0": 1.0218835431687043, "x1": 3.2835324930181096, "x2": 8.251189347000208, "x3": 4.689752363535392, "x4": 9.160530551894475, "x5": 1.9666257851700546, "x6": 15.290469802962166, "x7": -2.764075850541204, "x8": 0.10884344641958517, "x9": 2.418322403751983}, "datetime": {"datetime": "2025-05-11 16:01:30", "elapsed": 47943.896708, "delta": 64.979264}}
{"target": 380.37510619259785, "params": {"x0": 1.0218835431687043, "x1": 3.2835324930181096, "x2": 8.251189347000208, "x3": 4.689752363535392, "x4": 9.160530551894475, "x5": 1.9666257851700546, "x6": 15.290469802962166, "x7": -2.764075850541204, "x8": 0.10884344641958517, "x9": 2.418322403751983}, "datetime": {"datetime": "2025-05-11 16:02:33", "elapsed": 48007.237217, "delta": 63.340509}}
{"target": 380.37510619259785, "params": {"x0": 1.0218835431687043, "x1": 3.2835324930181096, "x2": 8.251189347000208, "x3": 4.689752363535392, "x4": 9.160530551894475, "x5": 1.9666257851700546, "x6": 15.290469802962166, "x7": -2.764075850541204, "x8": 0.10884344641958517, "x9": 2.418322403751983}, "datetime": {"datetime": "2025-05-11 16:03:38", "elapsed": 48072.345548, "delta": 65.108331}}
{"target": 380.37510619259785, "params": {"x0": 1.0218835431687043, "x1": 3.2835324930181096, "x2": 8.251189347000208, "x3": 4.689752363535392, "x4": 9.160530551894475, "x5": 1.9666257851700546, "x6": 15.290469802962166, "x7": -2.764075850541204, "x8": 0.10884344641958517, "x9": 2.418322403751983}, "datetime": {"datetime": "2025-05-11 16:04:56", "elapsed": 48150.017435, "delta": 77.671887}}
{"target": 380.37510619259785, "params": {"x0": 1.0218835431687043, "x1": 3.2835324930181096, "x2": 8.251189347000208, "x3": 4.689752363535392, "x4": 9.160530551894475, "x5": 1.9666257851700546, "x6": 15.290469802962166, "x7": -2.764075850541204, "x8": 0.10884344641958517, "x9": 2.418322403751983}, "datetime": {"datetime": "2025-05-11 16:05:55", "elapsed": 48209.15735, "delta": 59.139915}}
{"target": 380.37510619259785, "params": {"x0": 1.0218835431687043, "x1": 3.2835324930181096, "x2": 8.251189347000208, "x3": 4.689752363535392, "x4": 9.160530551894475, "x5": 1.9666257851700546, "x6": 15.290469802962166, "x7": -2.764075850541204, "x8": 0.10884344641958517, "x9": 2.418322403751983}, "datetime": {"datetime": "2025-05-11 16:07:07", "elapsed": 48281.590128, "delta": 72.432778}}
{"target": 380.37510619259785, "params": {"x0": 1.0218835431687043, "x1": 3.2835324930181096, "x2": 8.251189347000208, "x3": 4.689752363535392, "x4": 9.160530551894475, "x5": 1.9666257851700546, "x6": 15.290469802962166, "x7": -2.764075850541204, "x8": 0.10884344641958517, "x9": 2.418322403751983}, "datetime": {"datetime": "2025-05-11 16:08:19", "elapsed": 48353.201884, "delta": 71.611756}}
{"target": 380.37510619259785, "params": {"x0": 1.0218835431687043, "x1": 3.2835324930181096, "x2": 8.251189347000208, "x3": 4.689752363535392, "x4": 9.160530551894475, "x5": 1.9666257851700546, "x6": 15.290469802962166, "x7": -2.764075850541204, "x8": 0.10884344641958517, "x9": 2.418322403751983}, "datetime": {"datetime": "2025-05-11 16:09:28", "elapsed": 48422.287046, "delta": 69.085162}}
{"target": 380.37510619259785, "params": {"x0": 1.0218835431687043, "x1": 3.2835324930181096, "x2": 8.251189347000208, "x3": 4.689752363535392, "x4": 9.160530551894475, "x5": 1.9666257851700546, "x6": 15.290469802962166, "x7": -2.764075850541204, "x8": 0.10884344641958517, "x9": 2.418322403751983}, "datetime": {"datetime": "2025-05-11 16:10:36", "elapsed": 48490.397002, "delta": 68.109956}}
{"target": 380.37510619259785, "params": {"x0": 1.0218835431687043, "x1": 3.2835324930181096, "x2": 8.251189347000208, "x3": 4.689752363535392, "x4": 9.160530551894475, "x5": 1.9666257851700546, "x6": 15.290469802962166, "x7": -2.764075850541204, "x8": 0.10884344641958517, "x9": 2.418322403751983}, "datetime": {"datetime": "2025-05-11 16:11:53", "elapsed": 48567.035605, "delta": 76.638603}}
{"target": 380.37510619259785, "params": {"x0": 1.0218835431687043, "x1": 3.2835324930181096, "x2": 8.251189347000208, "x3": 4.689752363535392, "x4": 9.160530551894475, "x5": 1.9666257851700546, "x6": 15.290469802962166, "x7": -2.764075850541204, "x8": 0.10884344641958517, "x9": 2.418322403751983}, "datetime": {"datetime": "2025-05-11 16:12:50", "elapsed": 48624.270426, "delta": 57.234821}}
{"target": 380.37510619259785, "params": {"x0": 1.0218835431687043, "x1": 3.2835324930181096, "x2": 8.251189347000208, "x3": 4.689752363535392, "x4": 9.160530551894475, "x5": 1.9666257851700546, "x6": 15.290469802962166, "x7": -2.764075850541204, "x8": 0.10884344641958517, "x9": 2.418322403751983}, "datetime": {"datetime": "2025-05-11 16:13:51", "elapsed": 48685.159258, "delta": 60.888832}}
{"target": 380.37510619259785, "params": {"x0": 1.0218835431687043, "x1": 3.2835324930181096, "x2": 8.251189347000208, "x3": 4.689752363535392, "x4": 9.160530551894475, "x5": 1.9666257851700546, "x6": 15.290469802962166, "x7": -2.764075850541204, "x8": 0.10884344641958517, "x9": 2.418322403751983}, "datetime": {"datetime": "2025-05-11 16:14:55", "elapsed": 48748.976751, "delta": 63.817493}}
{"target": 380.37510619259785, "params": {"x0": 1.0218835431687043, "x1": 3.2835324930181096, "x2": 8.251189347000208, "x3": 4.689752363535392, "x4": 9.160530551894475, "x5": 1.9666257851700546, "x6": 15.290469802962166, "x7": -2.764075850541204, "x8": 0.10884344641958517, "x9": 2.418322403751983}, "datetime": {"datetime": "2025-05-11 16:16:06", "elapsed": 48820.113662, "delta": 71.136911}}
{"target": 380.37510619259785, "params": {"x0": 1.0218835431687043, "x1": 3.2835324930181096, "x2": 8.251189347000208, "x3": 4.689752363535392, "x4": 9.160530551894475, "x5": 1.9666257851700546, "x6": 15.290469802962166, "x7": -2.764075850541204, "x8": 0.10884344641958517, "x9": 2.418322403751983}, "datetime": {"datetime": "2025-05-11 16:16:59", "elapsed": 48873.378144, "delta": 53.264482}}
{"target": 380.37510619259785, "params": {"x0": 1.0218835431687043, "x1": 3.2835324930181096, "x2": 8.251189347000208, "x3": 4.689752363535392, "x4": 9.160530551894475, "x5": 1.9666257851700546, "x6": 15.290469802962166, "x7": -2.764075850541204, "x8": 0.10884344641958517, "x9": 2.418322403751983}, "datetime": {"datetime": "2025-05-11 16:18:02", "elapsed": 48935.936929, "delta": 62.558785}}
{"target": 380.37510619259785, "params": {"x0": 1.0218835431687043, "x1": 3.2835324930181096, "x2": 8.251189347000208, "x3": 4.689752363535392, "x4": 9.160530551894475, "x5": 1.9666257851700546, "x6": 15.290469802962166, "x7": -2.764075850541204, "x8": 0.10884344641958517, "x9": 2.418322403751983}, "datetime": {"datetime": "2025-05-11 16:19:13", "elapsed": 49007.725528, "delta": 71.788599}}
{"target": 380.37510619259785, "params": {"x0": 1.0218835431687043, "x1": 3.2835324930181096, "x2": 8.251189347000208, "x3": 4.689752363535392, "x4": 9.160530551894475, "x5": 1.9666257851700546, "x6": 15.290469802962166, "x7": -2.764075850541204, "x8": 0.10884344641958517, "x9": 2.418322403751983}, "datetime": {"datetime": "2025-05-11 16:20:15", "elapsed": 49069.003821, "delta": 61.278293}}
{"target": 380.37510619259785, "params": {"x0": 1.0218835431687043, "x1": 3.2835324930181096, "x2": 8.251189347000208, "x3": 4.689752363535392, "x4": 9.160530551894475, "x5": 1.9666257851700546, "x6": 15.290469802962166, "x7": -2.764075850541204, "x8": 0.10884344641958517, "x9": 2.418322403751983}, "datetime": {"datetime": "2025-05-11 16:21:38", "elapsed": 49151.875108, "delta": 82.871287}}
{"target": 380.37510619259785, "params": {"x0": 1.0218835431687043, "x1": 3.2835324930181096, "x2": 8.251189347000208, "x3": 4.689752363535392, "x4": 9.160530551894475, "x5": 1.9666257851700546, "x6": 15.290469802962166, "x7": -2.764075850541204, "x8": 0.10884344641958517, "x9": 2.418322403751983}, "datetime": {"datetime": "2025-05-11 16:22:36", "elapsed": 49210.624323, "delta": 58.749215}}
{"target": 380.37510619259785, "params": {"x0": 1.0218835431687043, "x1": 3.2835324930181096, "x2": 8.251189347000208, "x3": 4.689752363535392, "x4": 9.160530551894475, "x5": 1.9666257851700546, "x6": 15.290469802962166, "x7": -2.764075850541204, "x8": 0.10884344641958517, "x9": 2.418322403751983}, "datetime": {"datetime": "2025-05-11 16:23:49", "elapsed": 49283.698454, "delta": 73.074131}}
{"target": 380.37510619259785, "params": {"x0": 1.0218835431687043, "x1": 3.2835324930181096, "x2": 8.251189347000208, "x3": 4.689752363535392, "x4": 9.160530551894475, "x5": 1.9666257851700546, "x6": 15.290469802962166, "x7": -2.764075850541204, "x8": 0.10884344641958517, "x9": 2.418322403751983}, "datetime": {"datetime": "2025-05-11 16:24:52", "elapsed": 49346.352101, "delta": 62.653647}}
{"target": 380.37510619259785, "params": {"x0": 1.0218835431687043, "x1": 3.2835324930181096, "x2": 8.251189347000208, "x3": 4.689752363535392, "x4": 9.160530551894475, "x5": 1.9666257851700546, "x6": 15.290469802962166, "x7": -2.764075850541204, "x8": 0.10884344641958517, "x9": 2.418322403751983}, "datetime": {"datetime": "2025-05-11 16:25:55", "elapsed": 49409.373725, "delta": 63.021624}}
{"target": 380.37510619259785, "params": {"x0": 1.0218835431687043, "x1": 3.2835324930181096, "x2": 8.251189347000208, "x3": 4.689752363535392, "x4": 9.160530551894475, "x5": 1.9666257851700546, "x6": 15.290469802962166, "x7": -2.764075850541204, "x8": 0.10884344641958517, "x9": 2.418322403751983}, "datetime": {"datetime": "2025-05-11 16:26:56", "elapsed": 49470.674663, "delta": 61.300938}}
{"target": 380.37510619259785, "params": {"x0": 1.0218835431687043, "x1": 3.2835324930181096, "x2": 8.251189347000208, "x3": 4.689752363535392, "x4": 9.160530551894475, "x5": 1.9666257851700546, "x6": 15.290469802962166, "x7": -2.764075850541204, "x8": 0.10884344641958517, "x9": 2.418322403751983}, "datetime": {"datetime": "2025-05-11 16:28:01", "elapsed": 49535.565281, "delta": 64.890618}}
{"target": 380.37510619259785, "params": {"x0": 1.0218835431687043, "x1": 3.2835324930181096, "x2": 8.251189347000208, "x3": 4.689752363535392, "x4": 9.160530551894475, "x5": 1.9666257851700546, "x6": 15.290469802962166, "x7": -2.764075850541204, "x8": 0.10884344641958517, "x9": 2.418322403751983}, "datetime": {"datetime": "2025-05-11 16:29:01", "elapsed": 49594.939268, "delta": 59.373987}}
{"target": 380.37510619259785, "params": {"x0": 1.0218835431687043, "x1": 3.2835324930181096, "x2": 8.251189347000208, "x3": 4.689752363535392, "x4": 9.160530551894475, "x5": 1.9666257851700546, "x6": 15.290469802962166, "x7": -2.764075850541204, "x8": 0.10884344641958517, "x9": 2.418322403751983}, "datetime": {"datetime": "2025-05-11 16:30:07", "elapsed": 49660.815781, "delta": 65.876513}}
{"target": 380.37510619259785, "params": {"x0": 1.0218835431687043, "x1": 3.2835324930181096, "x2": 8.251189347000208, "x3": 4.689752363535392, "x4": 9.160530551894475, "x5": 1.9666257851700546, "x6": 15.290469802962166, "x7": -2.764075850541204, "x8": 0.10884344641958517, "x9": 2.418322403751983}, "datetime": {"datetime": "2025-05-11 16:31:08", "elapsed": 49722.068358, "delta": 61.252577}}
{"target": 380.37510619259785, "params": {"x0": 1.0218835431687043, "x1": 3.2835324930181096, "x2": 8.251189347000208, "x3": 4.689752363535392, "x4": 9.160530551894475, "x5": 1.9666257851700546, "x6": 15.290469802962166, "x7": -2.764075850541204, "x8": 0.10884344641958517, "x9": 2.418322403751983}, "datetime": {"datetime": "2025-05-11 16:32:07", "elapsed": 49781.467473, "delta": 59.399115}}
