{"target": 380.37510619259785, "params": {"x0": 1.021883632867007, "x1": 3.283536361520638, "x2": 8.25119565311179, "x3": 4.689749222793043, "x4": 9.160535260259817, "x5": 1.9666332889594589, "x6": 15.290463002397313, "x7": -2.764119764889294, "x8": 0.10884473527061321, "x9": 2.4183233126183334}, "datetime": {"datetime": "2025-05-11 03:07:19", "elapsed": 1492.99649, "delta": 9.11385}}
{"target": 380.37510619259785, "params": {"x0": 1.0218836238971767, "x1": 3.2835359746703854, "x2": 8.251195022500632, "x3": 4.689749536867278, "x4": 9.160534789423282, "x5": 1.9666325385805183, "x6": 15.290475923470533, "x7": -2.7641153734544854, "x8": 0.10884460638551041, "x9": 2.4183232217316983}, "datetime": {"datetime": "2025-05-11 03:07:28", "elapsed": 1502.164551, "delta": 9.168061}}
{"target": 380.37510619259785, "params": {"x0": 1.0218836158243294, "x1": 3.2835356265051576, "x2": 8.25119445495059, "x3": 4.6897498195340885, "x4": 9.160534365670403, "x5": 1.9666318632394721, "x6": 15.290464294504636, "x7": -2.764111421163157, "x8": 0.10884449038891789, "x9": 2.418323139933727}, "datetime": {"datetime": "2025-05-11 03:07:37", "elapsed": 1511.19513, "delta": 9.030579}}
{"target": 380.37510619259785, "params": {"x0": 1.0218836085587668, "x1": 3.283535313156453, "x2": 8.25119394415555, "x3": 4.68975007393422, "x4": 9.16053398429281, "x5": 1.9666312554325303, "x6": 15.290464845350389, "x7": -2.764107864100962, "x8": 0.10884438599198461, "x9": 2.4183230663155526}, "datetime": {"datetime": "2025-05-11 03:07:46", "elapsed": 1520.029996, "delta": 8.834866}}
{"target": 380.37510619259785, "params": {"x0": 1.0218836020197606, "x1": 3.283535031142619, "x2": 8.251193484440016, "x3": 4.689750302894336, "x4": 9.160533641052975, "x5": 1.9666307084062826, "x6": 15.290465341111567, "x7": -2.764104662744986, "x8": 0.10884429203474466, "x9": 2.4183230000591958}, "datetime": {"datetime": "2025-05-11 03:07:54", "elapsed": 1528.583745, "delta": 8.553749}}
{"target": 380.37510619259785, "params": {"x0": 1.021883596134655, "x1": 3.2835347773301677, "x2": 8.251193070696036, "x3": 4.689750508958443, "x4": 9.160533332137126, "x5": 1.9666302160826599, "x6": 15.290465787296627, "x7": -2.764101781524608, "x8": 0.10884420747322872, "x9": 2.4183229404284745}, "datetime": {"datetime": "2025-05-11 03:08:03", "elapsed": 1537.426476, "delta": 8.842731}}
{"target": 380.37510619259785, "params": {"x0": 1.02188359083806, "x1": 3.283534548898962, "x2": 8.251192698326452, "x3": 4.689750694416137, "x4": 9.160533054112861, "x5": 1.9666297729913993, "x6": 15.290466188863181, "x7": -2.7640991884262673, "x8": 0.10884413136786436, "x9": 2.418322886760825}, "datetime": {"datetime": "2025-05-11 03:08:12", "elapsed": 1546.590009, "delta": 9.163533}}
{"target": 380.37510619259785, "params": {"x0": 1.0218835860711244, "x1": 3.2835343433108766, "x2": 8.251192363193828, "x3": 4.689750861328062, "x4": 9.160532803891023, "x5": 1.9666293742092649, "x6": 15.290466550273079, "x7": -2.7640968546377613, "x8": 0.10884406287303644, "x9": 2.418322838459941}, "datetime": {"datetime": "2025-05-11 03:08:21", "elapsed": 1555.58817, "delta": 8.998161}}
{"target": 380.37510619259785, "params": {"x0": 1.0218835817808825, "x1": 3.2835341582816, "x2": 8.251192061574466, "x3": 4.689751011548796, "x4": 9.160532578691367, "x5": 1.9666290153053438, "x6": 15.290466875541988, "x7": -2.7640947542281054, "x8": 0.10884400122769132, "x9": 2.418322794989145}, "datetime": {"datetime": "2025-05-11 03:08:30", "elapsed": 1564.749405, "delta": 9.161235}}
{"target": 380.37510619259785, "params": {"x0": 1.0218835779196644, "x1": 3.283533991755251, "x2": 8.25119179011704, "x3": 4.689751146747455, "x4": 9.160532376011679, "x5": 1.966628692291815, "x6": 15.290467168284005, "x7": -2.7640928638594153, "x8": 0.1088439457468807, "x9": 2.4183227558654288}, "datetime": {"datetime": "2025-05-11 03:08:39", "elapsed": 1573.620297, "delta": 8.870892}}
{"target": 380.37510619259785, "params": {"x0": 1.0218835744445685, "x1": 3.2835338418815367, "x2": 8.251191545805357, "x3": 4.6897512684262495, "x4": 9.160532193599957, "x5": 1.966628401579639, "x6": 15.290467431751821, "x7": -2.764091162527594, "x8": 0.10884389581415115, "x9": 2.4183227206540843}, "datetime": {"datetime": "2025-05-11 03:08:48", "elapsed": 1582.766181, "delta": 9.145884}}
{"target": 380.37510619259785, "params": {"x0": 1.021883571316982, "x1": 3.283533706995194, "x2": 8.251191325924843, "x3": 4.689751377937164, "x4": 9.16053202942941, "x5": 1.9666281399386805, "x6": 15.290467668872855, "x7": -2.764089631328955, "x8": 0.10884385087469454, "x9": 2.4183226889638743}, "datetime": {"datetime": "2025-05-11 03:08:57", "elapsed": 1591.314897, "delta": 8.548716}}
{"target": 380.37510619259785, "params": {"x0": 1.0218835685021543, "x1": 3.2835335855974854, "x2": 8.25119112803238, "x3": 4.689751476496986, "x4": 9.160531881675915, "x5": 1.9666279044618178, "x6": 15.290467882281787, "x7": -2.76408825325018, "x8": 0.1088438104291836, "x9": 2.418322660442685}, "datetime": {"datetime": "2025-05-11 03:09:06", "elapsed": 1600.580048, "delta": 9.265151}}
{"target": 380.37510619259785, "params": {"x0": 1.0218835659688092, "x1": 3.283533476339548, "x2": 8.251190949929162, "x3": 4.689751565200827, "x4": 9.160531748697771, "x5": 1.9666276925326416, "x6": 15.290468074349825, "x7": -2.7640870129792825, "x8": 0.10884377402822376, "x9": 2.418322634773615}, "datetime": {"datetime": "2025-05-11 03:09:15", "elapsed": 1609.315835, "delta": 8.735787}}
{"target": 380.37510619259785, "params": {"x0": 1.0218835636887988, "x1": 3.2835333780074043, "x2": 8.251190789636267, "x3": 4.689751645034283, "x4": 9.160531629017441, "x5": 1.9666275017963828, "x6": 15.29046824721106, "x7": -2.764085896735475, "x8": 0.1088437412673599, "x9": 2.4183226116714516}, "datetime": {"datetime": "2025-05-11 03:09:24", "elapsed": 1618.451562, "delta": 9.135727}}
{"target": 380.37510619259785, "params": {"x0": 1.0218835616367894, "x1": 3.283533289508475, "x2": 8.251190645372661, "x3": 4.689751716884395, "x4": 9.160531521305145, "x5": 1.96662733013375, "x6": 15.29046840278617, "x7": -2.7640848921160477, "x8": 0.10884371178258244, "x9": 2.4183225908795047}, "datetime": {"datetime": "2025-05-11 03:09:33", "elapsed": 1627.547988, "delta": 9.096426}}
{"target": 380.37510619259785, "params": {"x0": 1.021883559789981, "x1": 3.283533209859438, "x2": 8.251190515535416, "x3": 4.689751781549494, "x4": 9.160531424364079, "x5": 1.9666271756373805, "x6": 15.290468542803769, "x7": -2.7640839879585632, "x8": 0.10884368524628271, "x9": 2.4183225721667525}, "datetime": {"datetime": "2025-05-11 03:09:42", "elapsed": 1636.58084, "delta": 9.032852}}
{"target": 380.37510619259785, "params": {"x0": 1.0218835581278531, "x1": 3.2835331381753052, "x2": 8.251190398681894, "x3": 4.689751839748084, "x4": 9.160531337117117, "x5": 1.966627036590648, "x6": 15.290468668819608, "x7": -2.7640831742168275, "x8": 0.10884366136361295, "x9": 2.4183225553252754}, "datetime": {"datetime": "2025-05-11 03:09:51", "elapsed": 1645.521353, "delta": 8.940513}}
{"target": 380.37510619259785, "params": {"x0": 1.0218835566319384, "x1": 3.283533073659586, "x2": 8.251190293513726, "x3": 4.689751892126814, "x4": 9.160531258594853, "x5": 1.9666269114485886, "x6": 15.290468782233864, "x7": -2.764082441849265, "x8": 0.10884363986921017, "x9": 2.4183225401679462}, "datetime": {"datetime": "2025-05-11 03:10:00", "elapsed": 1654.469481, "delta": 8.948128}}
{"target": 380.37510619259785, "params": {"x0": 1.021883555285615, "x1": 3.283533015595438, "x2": 8.251190198862375, "x3": 4.689751939267673, "x4": 9.160531187924816, "x5": 1.966626798820735, "x6": 15.290468884306694, "x7": -2.764081782718459, "x8": 0.10884362052424768, "x9": 2.41832252652635}, "datetime": {"datetime": "2025-05-11 03:10:09", "elapsed": 1663.39466, "delta": 8.925179}}
{"target": 380.37510619259785, "params": {"x0": 1.0218835384173586, "x1": 3.2835327463101347, "x2": 8.251188736122984, "x3": 4.689751988545657, "x4": 9.160531017613648, "x5": 1.9666264253979937, "x6": 15.290470234273517, "x7": -2.764080100115249, "x8": 0.1088435434950397, "x9": 2.418322485870402}, "datetime": {"datetime": "2025-05-11 03:10:18", "elapsed": 1672.324603, "delta": 8.929943}}
{"target": 380.37510619259785, "params": {"x0": 1.0218835524301833, "x1": 3.283532210401285, "x2": 8.251189714565587, "x3": 4.6897520891647915, "x4": 9.160530958324438, "x5": 1.9666265700403798, "x6": 15.29047049575865, "x7": -2.764080502471934, "x8": 0.10884357408081947, "x9": 2.418322474187701}, "datetime": {"datetime": "2025-05-11 03:10:27", "elapsed": 1681.265819, "delta": 8.941216}}
{"target": 380.37510619259785, "params": {"x0": 1.021883550001868, "x1": 3.283532872383237, "x2": 8.251189811470653, "x3": 4.689752063210044, "x4": 9.16053097169114, "x5": 1.9666264972109757, "x6": 15.290469464973, "x7": -2.7640779259978694, "x8": 0.10884357177573867, "x9": 2.4183224850718585}, "datetime": {"datetime": "2025-05-11 03:10:36", "elapsed": 1690.719931, "delta": 9.454112}}
{"target": 380.37510619259785, "params": {"x0": 1.0218835486823907, "x1": 3.2835325959318094, "x2": 8.25118973395191, "x3": 4.6897521188196745, "x4": 9.160530820800673, "x5": 1.9666262599074475, "x6": 15.290470192837358, "x7": -2.7640784317533362, "x8": 0.10884355658905127, "x9": 2.4183224612150616}, "datetime": {"datetime": "2025-05-11 03:10:46", "elapsed": 1699.995673, "delta": 9.275742}}
{"target": 380.37510619259785, "params": {"x0": 1.0218835364245507, "x1": 3.2835326681532493, "x2": 8.25118895176527, "x3": 4.689752123744151, "x4": 9.160530806472782, "x5": 1.9666263684665248, "x6": 15.290470339823326, "x7": -2.764079092093518, "x8": 0.10884348288094768, "x9": 2.418322465686805}, "datetime": {"datetime": "2025-05-11 03:10:55", "elapsed": 1709.162374, "delta": 9.166701}}
{"target": 380.37510619259785, "params": {"x0": 1.021883547697671, "x1": 3.2835327247812005, "x2": 8.251189655850705, "x3": 4.689752152495265, "x4": 9.160530742038857, "x5": 1.9666261563040675, "x6": 15.290470174450038, "x7": -2.7640782696468045, "x8": 0.10884351971363403, "x9": 2.4183224613772136}, "datetime": {"datetime": "2025-05-11 03:11:04", "elapsed": 1718.502146, "delta": 9.339772}}
{"target": 380.37510619259785, "params": {"x0": 1.021883538944318, "x1": 3.283532325965468, "x2": 8.251189480120761, "x3": 4.689752184817986, "x4": 9.160530771781971, "x5": 1.9666261535420317, "x6": 15.290470127956413, "x7": -2.7640784244325007, "x8": 0.10884352526920642, "x9": 2.418322458482893}, "datetime": {"datetime": "2025-05-11 03:11:13", "elapsed": 1727.390275, "delta": 8.888129}}
{"target": 380.37510619259785, "params": {"x0": 1.021883546463333, "x1": 3.2835325059423415, "x2": 8.2511894862211, "x3": 4.6897522016105375, "x4": 9.160530667503997, "x5": 1.9666261677334207, "x6": 15.290469690583576, "x7": -2.7640783567565257, "x8": 0.10884349878692212, "x9": 2.418322453593245}, "datetime": {"datetime": "2025-05-11 03:11:22", "elapsed": 1736.640303, "delta": 9.250028}}
{"target": 380.37510619259785, "params": {"x0": 1.021883547474712, "x1": 3.283532522233589, "x2": 8.251189478603832, "x3": 4.689752226444567, "x4": 9.160530736451921, "x5": 1.966626085249667, "x6": 15.290469767834201, "x7": -2.7640781221954946, "x8": 0.10884349041931768, "x9": 2.4183224487344126}, "datetime": {"datetime": "2025-05-11 03:11:32", "elapsed": 1746.002557, "delta": 9.362254}}
{"target": 380.37510619259785, "params": {"x0": 1.0218835414482577, "x1": 3.2835326171107657, "x2": 8.251189330443001, "x3": 4.689752217888449, "x4": 9.16053064966032, "x5": 1.9666260521823362, "x6": 15.29046949416775, "x7": -2.7640773209063916, "x8": 0.10884350325037616, "x9": 2.418322432705388}, "datetime": {"datetime": "2025-05-11 03:11:41", "elapsed": 1755.1222, "delta": 9.119643}}
{"target": 380.37510619259785, "params": {"x0": 1.0218835460133409, "x1": 3.2835326185016505, "x2": 8.251189324714222, "x3": 4.689752276971332, "x4": 9.16053071960094, "x5": 1.9666260849986816, "x6": 15.29046962160042, "x7": -2.764077496301949, "x8": 0.10884350065592997, "x9": 2.418322429009922}, "datetime": {"datetime": "2025-05-11 03:11:50", "elapsed": 1764.068526, "delta": 8.946326}}
{"target": 380.37510619259785, "params": {"x0": 1.0218835458984568, "x1": 3.283532405275193, "x2": 8.251189342949353, "x3": 4.689752290064776, "x4": 9.160530713807622, "x5": 1.9666260564983962, "x6": 15.29046997201032, "x7": -2.764077375231915, "x8": 0.1088434791510097, "x9": 2.418322437001808}, "datetime": {"datetime": "2025-05-11 03:11:59", "elapsed": 1772.952158, "delta": 8.883632}}
{"target": 380.37510619259785, "params": {"x0": 1.0218835410639935, "x1": 3.2835326095883546, "x2": 8.251189481635521, "x3": 4.689752284066591, "x4": 9.1605307101606, "x5": 1.9666260244078753, "x6": 15.290469670721976, "x7": -2.7640772394344397, "x8": 0.10884348461990857, "x9": 2.418322431826645}, "datetime": {"datetime": "2025-05-11 03:12:08", "elapsed": 1782.221622, "delta": 9.269464}}
{"target": 380.37510619259785, "params": {"x0": 1.0218835428326236, "x1": 3.2835325067077568, "x2": 8.251189254227864, "x3": 4.689752292638579, "x4": 9.160530499447253, "x5": 1.966625996412122, "x6": 15.290469836780238, "x7": -2.7640771206314962, "x8": 0.10884347972569858, "x9": 2.418322429310456}, "datetime": {"datetime": "2025-05-11 03:12:17", "elapsed": 1791.285254, "delta": 9.063632}}
{"target": 380.37510619259785, "params": {"x0": 1.0218835451355703, "x1": 3.2835325507783093, "x2": 8.25118930904008, "x3": 4.6897522914949255, "x4": 9.160530653914439, "x5": 1.966625972736418, "x6": 15.290469809161321, "x7": -2.7640770467761158, "x8": 0.10884345242605196, "x9": 2.4183224263618137}, "datetime": {"datetime": "2025-05-11 03:12:26", "elapsed": 1800.576493, "delta": 9.291239}}
{"target": 380.37510619259785, "params": {"x0": 1.0218835437164662, "x1": 3.2835325064882435, "x2": 8.251189420147758, "x3": 4.6897523005737005, "x4": 9.16053062578356, "x5": 1.966625950560355, "x6": 15.290469803859102, "x7": -2.76407681738648, "x8": 0.10884346446731626, "x9": 2.418322424759863}, "datetime": {"datetime": "2025-05-11 03:12:35", "elapsed": 1809.579351, "delta": 9.002858}}
{"target": 380.37510619259785, "params": {"x0": 1.021883543709292, "x1": 3.2835325408670206, "x2": 8.251189234364695, "x3": 4.689752323657807, "x4": 9.160530603613982, "x5": 1.9666259409449507, "x6": 15.290469916288409, "x7": -2.7640768344398636, "x8": 0.10884346534028187, "x9": 2.4183224231298763}, "datetime": {"datetime": "2025-05-11 03:12:44", "elapsed": 1818.56513, "delta": 8.985779}}
{"target": 380.37510619259785, "params": {"x0": 1.0218835441518865, "x1": 3.2835324943082695, "x2": 8.251189468877165, "x3": 4.6897523013629385, "x4": 9.160530625380247, "x5": 1.9666258848314944, "x6": 15.290469727566139, "x7": -2.7640765634637416, "x8": 0.10884347047672747, "x9": 2.4183224185236596}, "datetime": {"datetime": "2025-05-11 03:12:53", "elapsed": 1827.443461, "delta": 8.878331}}
{"target": 380.37510619259785, "params": {"x0": 1.0218835438275555, "x1": 3.283532450459857, "x2": 8.251189372262946, "x3": 4.689752308466277, "x4": 9.160530597335258, "x5": 1.9666259117717084, "x6": 15.290469783355004, "x7": -2.7640766507109884, "x8": 0.10884346853352461, "x9": 2.4183224106266854}, "datetime": {"datetime": "2025-05-11 03:13:03", "elapsed": 1836.907123, "delta": 9.463662}}
{"target": 380.37510619259785, "params": {"x0": 1.0218835421316628, "x1": 3.2835324955097915, "x2": 8.251189370992178, "x3": 4.689752320553292, "x4": 9.1605306208174, "x5": 1.966625896268504, "x6": 15.290469827447472, "x7": -2.7640765280335993, "x8": 0.10884345350330202, "x9": 2.4183224148661187}, "datetime": {"datetime": "2025-05-11 03:13:12", "elapsed": 1845.837643, "delta": 8.93052}}
{"target": 380.37510619259785, "params": {"x0": 1.0218835441446095, "x1": 3.283532456441451, "x2": 8.251189345979768, "x3": 4.689752326952198, "x4": 9.160530618265906, "x5": 1.9666258472644413, "x6": 15.29046970639955, "x7": -2.764076470352955, "x8": 0.10884346515958324, "x9": 2.418322416154016}, "datetime": {"datetime": "2025-05-11 03:13:21", "elapsed": 1854.889804, "delta": 9.052161}}
{"target": 380.37510619259785, "params": {"x0": 1.0218835441536884, "x1": 3.28353250752656, "x2": 8.251189270059934, "x3": 4.689752328609082, "x4": 9.160530606493822, "x5": 1.9666258645210242, "x6": 15.29046975292193, "x7": -2.76407621047392, "x8": 0.108843463413619, "x9": 2.418322413836444}, "datetime": {"datetime": "2025-05-11 03:13:29", "elapsed": 1863.7185, "delta": 8.828696}}
{"target": 380.37510619259785, "params": {"x0": 1.0218835422558674, "x1": 3.2835324614989374, "x2": 8.251189370747138, "x3": 4.689752338521598, "x4": 9.160530511065874, "x5": 1.9666258690392193, "x6": 15.290469743468153, "x7": -2.7640763554412464, "x8": 0.10884346051277372, "x9": 2.4183224146172884}, "datetime": {"datetime": "2025-05-11 03:13:38", "elapsed": 1872.631514, "delta": 8.913014}}
{"target": 380.37510619259785, "params": {"x0": 1.0218835426937627, "x1": 3.2835324579634104, "x2": 8.251189381256296, "x3": 4.689752334510375, "x4": 9.16053059911296, "x5": 1.9666258595411275, "x6": 15.290469837626889, "x7": -2.7640760680438725, "x8": 0.10884345986149056, "x9": 2.4183224125308107}, "datetime": {"datetime": "2025-05-11 03:13:47", "elapsed": 1881.442695, "delta": 8.811181}}
{"target": 380.37510619259785, "params": {"x0": 1.0218835426052224, "x1": 3.2835324747125973, "x2": 8.251189394140043, "x3": 4.68975233929898, "x4": 9.160530596402708, "x5": 1.9666258177986613, "x6": 15.290469783886163, "x7": -2.764076268616834, "x8": 0.10884345863817178, "x9": 2.418322410509894}, "datetime": {"datetime": "2025-05-11 03:13:57", "elapsed": 1890.815048, "delta": 9.372353}}
{"target": 380.37510619259785, "params": {"x0": 1.0218835426657338, "x1": 3.283532461953455, "x2": 8.251189366740057, "x3": 4.689752341858174, "x4": 9.160530570886728, "x5": 1.9666258339632812, "x6": 15.29046981858794, "x7": -2.7640762242441244, "x8": 0.10884345686436356, "x9": 2.4183224112256294}, "datetime": {"datetime": "2025-05-11 03:14:05", "elapsed": 1899.711421, "delta": 8.896373}}
{"target": 380.37510619259785, "params": {"x0": 1.0218835428667412, "x1": 3.283532510545072, "x2": 8.251189343348988, "x3": 4.689752349268426, "x4": 9.16053057235851, "x5": 1.9666258402731156, "x6": 15.290469832116242, "x7": -2.76407618205135, "x8": 0.10884345563685331, "x9": 2.4183224105206165}, "datetime": {"datetime": "2025-05-11 03:14:15", "elapsed": 1909.224041, "delta": 9.51262}}
{"target": 380.37510619259785, "params": {"x0": 1.021883542630439, "x1": 3.2835324976096736, "x2": 8.251189391324774, "x3": 4.689752342446308, "x4": 9.160530577083037, "x5": 1.9666258193826773, "x6": 15.29046978651295, "x7": -2.764076009987306, "x8": 0.10884345285319126, "x9": 2.4183224095625664}, "datetime": {"datetime": "2025-05-11 03:14:24", "elapsed": 1918.186146, "delta": 8.962105}}
{"target": 380.37510619259785, "params": {"x0": 1.021883543577791, "x1": 3.283532476285854, "x2": 8.251189359259724, "x3": 4.689752343975626, "x4": 9.160530581602393, "x5": 1.9666258291128293, "x6": 15.290469827273565, "x7": -2.76407599064547, "x8": 0.10884345195158644, "x9": 2.418322409504637}, "datetime": {"datetime": "2025-05-11 03:14:33", "elapsed": 1927.072086, "delta": 8.88594}}
{"target": 380.37510619259785, "params": {"x0": 1.0218835428950086, "x1": 3.283532482902353, "x2": 8.25118935135132, "x3": 4.689752351470609, "x4": 9.160530576205382, "x5": 1.9666258222573374, "x6": 15.290469836870269, "x7": -2.7640760758443332, "x8": 0.10884344852982009, "x9": 2.4183224087745447}, "datetime": {"datetime": "2025-05-11 03:14:43", "elapsed": 1936.960964, "delta": 9.888878}}
{"target": 380.37510619259785, "params": {"x0": 1.0218835432660858, "x1": 3.2835324864218336, "x2": 8.251189362702537, "x3": 4.689752350084778, "x4": 9.160530576070085, "x5": 1.9666258143481625, "x6": 15.290469800251168, "x7": -2.76407607454005, "x8": 0.10884345288155149, "x9": 2.4183224072699807}, "datetime": {"datetime": "2025-05-11 03:14:52", "elapsed": 1946.242169, "delta": 9.281205}}
{"target": 380.37510619259785, "params": {"x0": 1.021883542809257, "x1": 3.2835324950793803, "x2": 8.251189357086428, "x3": 4.689752350974114, "x4": 9.160530550981118, "x5": 1.9666258174668503, "x6": 15.290469820448218, "x7": -2.7640759698953925, "x8": 0.10884345174909399, "x9": 2.4183224079556767}, "datetime": {"datetime": "2025-05-11 03:15:01", "elapsed": 1955.186827, "delta": 8.944658}}
{"target": 380.37510619259785, "params": {"x0": 1.0218835430509485, "x1": 3.283532477056205, "x2": 8.25118932120225, "x3": 4.689752354240795, "x4": 9.160530569176775, "x5": 1.9666258152513472, "x6": 15.290469776274763, "x7": -2.7640760333516443, "x8": 0.10884344787383464, "x9": 2.4183224062147426}, "datetime": {"datetime": "2025-05-11 03:15:10", "elapsed": 1964.702263, "delta": 9.515436}}
{"target": 380.37510619259785, "params": {"x0": 1.0218835433094917, "x1": 3.283532495841045, "x2": 8.251189361099968, "x3": 4.689752353248617, "x4": 9.16053056255627, "x5": 1.9666258099977019, "x6": 15.290469779932431, "x7": -2.7640759994602906, "x8": 0.10884344971396163, "x9": 2.41832240657391}, "datetime": {"datetime": "2025-05-11 03:15:18", "elapsed": 1972.628247, "delta": 7.925984}}
{"target": 380.37510619259785, "params": {"x0": 1.0218835431506608, "x1": 3.2835324930314536, "x2": 8.251189338516483, "x3": 4.689752355174399, "x4": 9.160530563721855, "x5": 1.966625806200544, "x6": 15.290469789171036, "x7": -2.7640759509281208, "x8": 0.10884345057375926, "x9": 2.418322406547615}, "datetime": {"datetime": "2025-05-11 03:15:28", "elapsed": 1982.713727, "delta": 10.08548}}
{"target": 380.37510619259785, "params": {"x0": 1.0218835432396831, "x1": 3.283532492467038, "x2": 8.251189347092918, "x3": 4.6897523570864, "x4": 9.160530556957957, "x5": 1.9666258031084753, "x6": 15.290469797769703, "x7": -2.764075954393067, "x8": 0.10884345010491428, "x9": 2.4183224065080218}, "datetime": {"datetime": "2025-05-11 03:15:38", "elapsed": 1991.97513, "delta": 9.261403}}
