{"target": 3.8092345738016626, "params": {"x0": 0.8, "x1": 0.9, "x2": 6.863681021686681, "x3": 0.0, "x4": 4.191643424556669, "x5": 0.0, "x6": 2.9836808661359453, "x7": 15.11709473572435, "x8": 1.068557274927157, "x9": 2.5609809775770005}, "datetime": {"datetime": "2025-05-17 08:35:54", "elapsed": 520.016181, "delta": 10.027123}}
{"target": 4.171212187682461, "params": {"x0": 0.86543101592, "x1": 0.9, "x2": 6.6993156909288185, "x3": 0.0, "x4": 2.167046194204304, "x5": 3.2707206300367706, "x6": 0.0, "x7": 15.758028958598857, "x8": 1.036810791005373, "x9": 2.530201673899325}, "datetime": {"datetime": "2025-05-17 08:36:04", "elapsed": 530.288367, "delta": 10.272186}}
{"target": 3.830706189076768, "params": {"x0": 0.8, "x1": 0.9, "x2": 6.551386893246742, "x3": 1.4721978582000002, "x4": 3.8668996670302374, "x5": 0.0, "x6": 0.0, "x7": 14.182518684627032, "x8": 1.0082389554757674, "x9": 2.5025003005894177}, "datetime": {"datetime": "2025-05-17 08:36:14", "elapsed": 540.61366, "delta": 10.325293}}
{"target": 3.2424286735015033, "params": {"x0": 0.8529991228952001, "x1": 2.1057300458658004, "x2": 6.4182509753328745, "x3": 0.0, "x4": 1.2364752310661364, "x5": 0.0, "x6": 0.0, "x7": 15.924105961065996, "x8": 0.9825243034991222, "x9": 2.4775690646105013}, "datetime": {"datetime": "2025-05-17 08:36:25", "elapsed": 550.736334, "delta": 10.122674}}
{"target": 4.434963302641856, "params": {"x0": 0.8, "x1": 0.9, "x2": 4.618391623972495, "x3": 0.0, "x4": 3.4551577199970227, "x5": 1.8867992314629713, "x6": 0.0, "x7": 12.796429135324093, "x8": 0.9593811167201416, "x9": 2.455130952229476}, "datetime": {"datetime": "2025-05-17 08:36:35", "elapsed": 560.788004, "delta": 10.05167}}
{"target": 5.198656303338115, "params": {"x0": 0.8, "x1": 0.9, "x2": 4.797802490412808, "x3": 0.0, "x4": 1.4732134303029054, "x5": 0.0, "x6": 2.1464644772556003, "x7": 13.035259991362821, "x8": 0.938552248619059, "x9": 2.4349366510865535}, "datetime": {"datetime": "2025-05-17 08:36:45", "elapsed": 570.727929, "delta": 9.939925}}
{"target": 5.121193111541315, "params": {"x0": 0.8, "x1": 0.9, "x2": 5.650195986660937, "x3": 0.0, "x4": 0.6153489557001922, "x5": 1.9313278248304127, "x6": 3.970959282922861, "x7": 11.208203942666554, "x8": 1.0978930895923404, "x9": 2.589423054829911}, "datetime": {"datetime": "2025-05-17 08:36:54", "elapsed": 580.52032, "delta": 9.792391}}
{"target": 5.3423853661780045, "params": {"x0": 0.8, "x1": 0.9, "x2": 4.030648343789492, "x3": 0.0, "x4": 2.2452914574453473, "x5": 0.0, "x6": 3.7885098023561348, "x7": 11.39090954753618, "x8": 1.0819590054950123, "x9": 2.5739744144555754}, "datetime": {"datetime": "2025-05-17 08:37:04", "elapsed": 590.073528, "delta": 9.553208}}
{"target": 5.121676621389612, "params": {"x0": 0.8, "x1": 0.9, "x2": 3.3785673191596732, "x3": 0.0, "x4": 1.5890251343742716, "x5": 0.0, "x6": 2.3927712760206807, "x7": 9.993211670283536, "x8": 1.2038547488395728, "x9": 2.6921565133192438}, "datetime": {"datetime": "2025-05-17 08:37:13", "elapsed": 599.408409, "delta": 9.334881}}
{"target": 5.264293759213852, "params": {"x0": 0.8, "x1": 0.9, "x2": 3.4437754216226555, "x3": 0.0, "x4": 1.6546517666813791, "x5": 0.0, "x6": 5.044674476058043, "x7": 12.64883763706356, "x8": 1.1916651745051166, "x9": 2.680338303432877}, "datetime": {"datetime": "2025-05-17 08:37:22", "elapsed": 608.685237, "delta": 9.276828}}
{"target": 5.34127655572019, "params": {"x0": 0.8, "x1": 0.9, "x2": 3.502462713839339, "x3": 0.0, "x4": 1.7137157357577761, "x5": 1.2671441858712338, "x6": 3.196776143142229, "x7": 12.306679481413912, "x8": 1.1806945576041061, "x9": 2.669701914535147}, "datetime": {"datetime": "2025-05-17 08:37:32", "elapsed": 618.145091, "delta": 9.459854}}
{"target": 5.251145857413477, "params": {"x0": 0.8, "x1": 0.9, "x2": 3.5552812768343545, "x3": 0.0, "x4": 1.766873307926533, "x5": 1.1404297672841104, "x6": 4.806003188054681, "x7": 10.371987795019002, "x8": 1.1708210023931969, "x9": 2.6601291645271896}, "datetime": {"datetime": "2025-05-17 08:37:41", "elapsed": 627.579218, "delta": 9.434127}}
{"target": 4.879784442442897, "params": {"x0": 0.8, "x1": 0.9, "x2": 4.458478704049116, "x3": 0.5133236527157371, "x4": 1.8147151228784146, "x5": 0.0, "x6": 4.704253849484826, "x7": 10.47387997027072, "x8": 1.1619348027033785, "x9": 2.651513689520028}, "datetime": {"datetime": "2025-05-17 08:37:51", "elapsed": 637.034859, "delta": 9.455641}}
{"target": 5.3053663369057285, "params": {"x0": 0.8184796514977666, "x1": 0.9, "x2": 3.6456010195558304, "x3": 0.0, "x4": 2.632810158555587, "x5": 0.0, "x6": 2.9643401599403125, "x7": 12.216236167075094, "x8": 1.1539372229825418, "x9": 2.643759762013583}, "datetime": {"datetime": "2025-05-17 08:38:00", "elapsed": 646.354148, "delta": 9.319289}}
{"target": 5.277511659422535, "params": {"x0": 0.8, "x1": 0.9, "x2": 4.377190935599788, "x3": 0.0, "x4": 2.594058288444563, "x5": 0.8313733003501166, "x6": 3.0467571241818945, "x7": 10.648115589951159, "x8": 1.1467394012337888, "x9": 2.6367812272577824}, "datetime": {"datetime": "2025-05-17 08:38:10", "elapsed": 655.902562, "delta": 9.548414}}
{"target": 5.3044125464610055, "params": {"x0": 0.8, "x1": 0.9, "x2": 4.342536676418758, "x3": 0.0, "x4": 1.9314013095460534, "x5": 0.7482359703151049, "x6": 4.40787773218379, "x7": 12.0594241093627, "x8": 1.140261361659911, "x9": 2.6305005459775614}, "datetime": {"datetime": "2025-05-17 08:38:19", "elapsed": 665.601712, "delta": 9.69915}}
{"target": 5.336041036117501, "params": {"x0": 0.8, "x1": 0.9, "x2": 4.311347843155832, "x3": 0.0, "x4": 1.9627903243359826, "x5": 0.0, "x6": 3.1876901330350003, "x7": 11.665114937924143, "x8": 1.1344311260434212, "x9": 2.624847932825363}, "datetime": {"datetime": "2025-05-17 08:38:29", "elapsed": 675.3212, "delta": 9.719488}}
{"target": 5.344310952730366, "params": {"x0": 0.8, "x1": 0.9, "x2": 3.7780187943597867, "x3": 0.0, "x4": 1.991040437646919, "x5": 0.6060711359552351, "x6": 3.6041642887501415, "x7": 11.27443566805155, "x8": 1.0347340970014443, "x9": 2.6197605809883844}, "datetime": {"datetime": "2025-05-17 08:38:39", "elapsed": 684.86725, "delta": 9.54605}}
{"target": 5.319662411272241, "params": {"x0": 0.8, "x1": 0.9, "x2": 3.563283677344537, "x3": 0.0, "x4": 2.207153804475583, "x5": 0.09091067039328526, "x6": 4.0816109452199605, "x7": 10.792912246454248, "x8": 1.074875269220977, "x9": 2.6586788225412716}, "datetime": {"datetime": "2025-05-17 08:38:48", "elapsed": 694.131777, "delta": 9.264527}}
{"target": 5.325724439095991, "params": {"x0": 0.8, "x1": 0.9, "x2": 3.584757189046062, "x3": 0.0, "x4": 2.1855424677927164, "x5": 1.06971555496099, "x6": 4.033866279572979, "x7": 11.707806747489123, "x8": 1.0708611519990239, "x9": 2.6547869983859833}, "datetime": {"datetime": "2025-05-17 08:38:57", "elapsed": 703.577115, "delta": 9.445338}}
{"target": 5.353225831985994, "params": {"x0": 0.8, "x1": 0.9, "x2": 3.6040833495774343, "x3": 0.0, "x4": 1.8159886105157013, "x5": 0.1887911588500557, "x6": 3.977116732457959, "x7": 11.664469639545365, "x8": 1.0672484464992658, "x9": 2.651284356646223}, "datetime": {"datetime": "2025-05-17 08:39:07", "elapsed": 713.036035, "delta": 9.45892}}
{"target": 5.326760581548396, "params": {"x0": 0.8079548840220159, "x1": 0.9, "x2": 3.456238221512435, "x3": 0.0, "x4": 1.6671945574541662, "x5": 0.5434791393894582, "x6": 4.306527722839066, "x7": 11.454034396545579, "x8": 1.0948856435724141, "x9": 2.6244891473370604}, "datetime": {"datetime": "2025-05-17 08:39:16", "elapsed": 722.634292, "delta": 9.598257}}
{"target": 5.363216076438911, "params": {"x0": 0.8, "x1": 0.9, "x2": 3.4710227343189346, "x3": 0.0, "x4": 1.6820739627603196, "x5": 0.0, "x6": 3.680646841114962, "x7": 11.962845627738133, "x8": 1.0921219238650992, "x9": 2.6271686682679767}, "datetime": {"datetime": "2025-05-17 08:39:26", "elapsed": 732.052218, "delta": 9.417926}}
{"target": 5.362851012256699, "params": {"x0": 0.8, "x1": 0.9, "x2": 3.584124257288659, "x3": 0.0, "x4": 1.5682465121682452, "x5": 0.2778577062944132, "x6": 3.751086016523236, "x7": 12.216465217701986, "x8": 1.1132643796260577, "x9": 2.6476670033894862}, "datetime": {"datetime": "2025-05-17 08:39:35", "elapsed": 741.454048, "delta": 9.40183}}
{"target": 5.35371983810049, "params": {"x0": 0.8, "x1": 0.9, "x2": 3.3692313636461826, "x3": 0.0, "x4": 1.7845186682931866, "x5": 0.2500719356649719, "x6": 3.4538473742375695, "x7": 11.734587996770665, "x8": 1.1111501340499619, "x9": 2.6456171698773354}, "datetime": {"datetime": "2025-05-17 08:39:44", "elapsed": 750.71734, "delta": 9.263292}}
{"target": 5.3690851483156035, "params": {"x0": 0.8, "x1": 0.9, "x2": 3.379410500713458, "x3": 0.0, "x4": 1.7742741977399, "x5": 0.0, "x6": 3.884766361304615, "x7": 12.168277495608853, "x8": 1.1092473130314755, "x9": 2.610565016819554}, "datetime": {"datetime": "2025-05-17 08:39:54", "elapsed": 760.165818, "delta": 9.448478}}
{"target": 5.37644482551681, "params": {"x0": 0.8, "x1": 0.9, "x2": 3.3015401021488024, "x3": 0.0, "x4": 1.852644397472543, "x5": 0.0, "x6": 3.7112647691434097, "x7": 12.342894583298966, "x8": 1.1238038938228954, "x9": 2.6246781205507133}, "datetime": {"datetime": "2025-05-17 08:40:03", "elapsed": 769.537239, "delta": 9.371421}}
{"target": 5.380059930485003, "params": {"x0": 0.8, "x1": 0.9, "x2": 3.379410500713458, "x3": 0.0, "x4": 1.7742741977399, "x5": 0.0, "x6": 3.589813654630566, "x7": 12.517511670989078, "x8": 1.1383604746143152, "x9": 2.634557293162525}, "datetime": {"datetime": "2025-05-17 08:40:13", "elapsed": 778.805816, "delta": 9.268577}}
{"target": 5.376309867163742, "params": {"x0": 0.8, "x1": 0.9, "x2": 3.4339197797087166, "x3": 0.0, "x4": 1.82913333755275, "x5": 0.0, "x6": 3.7112647691434097, "x7": 12.342894583298966, "x8": 1.152917055405735, "x9": 2.6444364657743367}, "datetime": {"datetime": "2025-05-17 08:40:22", "elapsed": 788.249972, "delta": 9.444156}}
{"target": 5.383404889465946, "params": {"x0": 0.8, "x1": 0.9, "x2": 3.330352149617725, "x3": 0.0, "x4": 1.7249009719083346, "x5": 0.0, "x6": 3.6991196576921253, "x7": 12.67466704991018, "x8": 1.151461397326593, "x9": 2.6434485485131556}, "datetime": {"datetime": "2025-05-17 08:40:31", "elapsed": 797.48407, "delta": 9.234098}}
{"target": 5.385672914942009, "params": {"x0": 0.8, "x1": 0.9, "x2": 3.288652551186352, "x3": 0.0, "x4": 1.766868213865165, "x5": 0.13289847956172832, "x6": 3.6062095550897997, "x7": 12.808249121993116, "x8": 1.1625971816320293, "x9": 2.6510061155611915}, "datetime": {"datetime": "2025-05-17 08:40:41", "elapsed": 806.842323, "delta": 9.358253}}
{"target": 5.389709272967974, "params": {"x0": 0.8, "x1": 0.9, "x2": 3.246952952754979, "x3": 0.0, "x4": 1.7374911444953838, "x5": 0.019934771934259257, "x6": 3.541172483268172, "x7": 12.941831194076052, "x8": 1.1737329659374656, "x9": 2.6585636826092274}, "datetime": {"datetime": "2025-05-17 08:40:50", "elapsed": 816.182966, "delta": 9.340643}}
{"target": 5.384961231168079, "params": {"x0": 0.8, "x1": 0.9, "x2": 3.2052533543236064, "x3": 0.0, "x4": 1.7169271959365369, "x5": 0.0, "x6": 3.4761354114465446, "x7": 12.808249121993116, "x8": 1.1848687502429018, "x9": 2.6661212496572633}, "datetime": {"datetime": "2025-05-17 08:40:59", "elapsed": 825.350983, "delta": 9.168017}}
{"target": 5.392743664409692, "params": {"x0": 0.8, "x1": 0.9, "x2": 3.284482591343215, "x3": 0.0, "x4": 1.755998698198346, "x5": 0.0, "x6": 3.599705847907637, "x7": 13.062055058950694, "x8": 1.1837551718123582, "x9": 2.6653654929524597}, "datetime": {"datetime": "2025-05-17 08:41:08", "elapsed": 834.616476, "delta": 9.265493}}
{"target": 5.393566622925246, "params": {"x0": 0.8, "x1": 0.9, "x2": 3.2525823985432147, "x3": 0.0, "x4": 1.740267277550828, "x5": 0.06305368362806199, "x6": 3.6494592078511823, "x7": 13.164245344094141, "x8": 1.192274046806017, "x9": 2.671147031744207}, "datetime": {"datetime": "2025-05-17 08:41:18", "elapsed": 843.88973, "delta": 9.273254}}
{"target": 5.395557500885372, "params": {"x0": 0.8, "x1": 0.9, "x2": 3.2302522635832145, "x3": 0.0, "x4": 1.7292552830975656, "x5": 0.014463784774581961, "x6": 3.6992125677947274, "x7": 13.266435629237588, "x8": 1.2007929217996756, "x9": 2.6769285705359547}, "datetime": {"datetime": "2025-05-17 08:41:27", "elapsed": 853.18387, "delta": 9.29414}}
{"target": 5.397905740490635, "params": {"x0": 0.8, "x1": 0.9, "x2": 3.2525823985432147, "x3": 0.0, "x4": 1.718243288644303, "x5": 0.0, "x6": 3.6494592078511823, "x7": 13.368625914381035, "x8": 1.2093117967933342, "x9": 2.682710109327702}, "datetime": {"datetime": "2025-05-17 08:41:36", "elapsed": 862.285696, "delta": 9.101826}}
{"target": 5.399308296458381, "params": {"x0": 0.8, "x1": 0.9, "x2": 3.2682134930152147, "x3": 0.0, "x4": 1.7072312941910406, "x5": 0.031303237645482936, "x6": 3.6146318558907007, "x7": 13.470816199524482, "x8": 1.217830671786993, "x9": 2.6884916481194496}, "datetime": {"datetime": "2025-05-17 08:41:45", "elapsed": 871.544299, "delta": 9.258603}}
{"target": 5.396860754707364, "params": {"x0": 0.8, "x1": 0.9, "x2": 3.2838445874872146, "x3": 0.0, "x4": 1.696219299737778, "x5": 0.054849029910595024, "x6": 3.579804503930219, "x7": 13.368625914381035, "x8": 1.2263495467806516, "x9": 2.694273186911197}, "datetime": {"datetime": "2025-05-17 08:41:55", "elapsed": 880.807021, "delta": 9.262722}}
{"target": 5.40152285737336, "params": {"x0": 0.8, "x1": 0.9, "x2": 3.2541455079904145, "x3": 0.0, "x4": 1.7171420891989768, "x5": 0.01011202460688206, "x6": 3.583287239126267, "x7": 13.562787456153583, "x8": 1.2254976592812856, "x9": 2.6936950330320224}, "datetime": {"datetime": "2025-05-17 08:42:04", "elapsed": 890.014167, "delta": 9.207146}}
{"target": 5.402968995434166, "params": {"x0": 0.8, "x1": 0.9, "x2": 3.2421877207193344, "x3": 0.0, "x4": 1.7255662649557226, "x5": 0.0, "x6": 3.6099301633760357, "x7": 13.64096302428832, "x8": 1.2320145986514346, "x9": 2.698117910207709}, "datetime": {"datetime": "2025-05-17 08:42:13", "elapsed": 899.185715, "delta": 9.171548}}
{"target": 5.403837892769592, "params": {"x0": 0.8, "x1": 0.9, "x2": 3.2302299334482543, "x3": 0.0, "x4": 1.7339904407124684, "x5": 0.0, "x6": 3.6285802103508735, "x7": 13.719138592423057, "x8": 1.2385315380215836, "x9": 2.7025407873833958}, "datetime": {"datetime": "2025-05-17 08:42:22", "elapsed": 908.679934, "delta": 9.494219}}
{"target": 5.4047674713027885, "params": {"x0": 0.8, "x1": 0.9, "x2": 3.218272146177174, "x3": 0.0, "x4": 1.7255662649557226, "x5": 0.0, "x6": 3.6472302573257114, "x7": 13.797314160557795, "x8": 1.2450484773917325, "x9": 2.7069636645590824}, "datetime": {"datetime": "2025-05-17 08:42:32", "elapsed": 917.739723, "delta": 9.059789}}
{"target": 5.405451047432673, "params": {"x0": 0.8, "x1": 0.9, "x2": 3.206314358906094, "x3": 0.0, "x4": 1.7196693419260005, "x5": 0.0, "x6": 3.6658803043005492, "x7": 13.875489728692532, "x8": 1.2515654167618815, "x9": 2.711386541734769}, "datetime": {"datetime": "2025-05-17 08:42:41", "elapsed": 927.160004, "delta": 9.420281}}
{"target": 5.404086197160232, "params": {"x0": 0.8, "x1": 0.9, "x2": 3.194356571635014, "x3": 0.0, "x4": 1.7137724188962784, "x5": 0.0, "x6": 3.684530351275387, "x7": 13.797314160557795, "x8": 1.2580823561320305, "x9": 2.715809418910456}, "datetime": {"datetime": "2025-05-17 08:42:50", "elapsed": 936.47966, "delta": 9.319656}}
{"target": 5.406620496666248, "params": {"x0": 0.8, "x1": 0.9, "x2": 3.217076367450066, "x3": 0.0, "x4": 1.7143621111992506, "x5": 0.0, "x6": 3.649095262023195, "x7": 13.945847740013795, "x8": 1.2574306621950155, "x9": 2.7153671311928873}, "datetime": {"datetime": "2025-05-17 08:43:00", "elapsed": 945.830375, "delta": 9.350715}}
{"target": 5.407401546359269, "params": {"x0": 0.8, "x1": 0.9, "x2": 3.226224074712442, "x3": 0.0, "x4": 1.7098509650815132, "x5": 0.0, "x6": 3.6348279760874442, "x7": 14.005652049636868, "x8": 1.2624161208131794, "x9": 2.718750632232288}, "datetime": {"datetime": "2025-05-17 08:43:09", "elapsed": 954.964485, "delta": 9.13411}}
{"target": 5.408125505743341, "params": {"x0": 0.8, "x1": 0.9, "x2": 3.2353717819748185, "x3": 0.0, "x4": 1.7143621111992506, "x5": 0.0, "x6": 3.6205606901516934, "x7": 14.065456359259942, "x8": 1.2674015794313434, "x9": 2.7221341332716884}, "datetime": {"datetime": "2025-05-17 08:43:18", "elapsed": 964.157288, "delta": 9.192803}}
{"target": 5.409227044984952, "params": {"x0": 0.8, "x1": 0.9, "x2": 3.226224074712442, "x3": 0.0, "x4": 1.7175199134816668, "x5": 0.0, "x6": 3.6062934042159425, "x7": 14.125260668883016, "x8": 1.2723870380495073, "x9": 2.725517634311089}, "datetime": {"datetime": "2025-05-17 08:43:27", "elapsed": 973.334679, "delta": 9.177391}}
{"target": 5.410120137655002, "params": {"x0": 0.8, "x1": 0.9, "x2": 3.219820679628779, "x3": 0.0, "x4": 1.720677715764083, "x5": 0.0, "x6": 3.5920261182801916, "x7": 14.18506497850609, "x8": 1.2773724966676712, "x9": 2.7289011353504895}, "datetime": {"datetime": "2025-05-17 08:43:36", "elapsed": 982.448971, "delta": 9.114292}}
{"target": 5.409703567808146, "params": {"x0": 0.8, "x1": 0.9, "x2": 3.2134172845451157, "x3": 0.0, "x4": 1.723835518046499, "x5": 0.0, "x6": 3.5777588323444407, "x7": 14.125260668883016, "x8": 1.282357955285835, "x9": 2.73228463638989}, "datetime": {"datetime": "2025-05-17 08:43:45", "elapsed": 991.63218, "delta": 9.183209}}
{"target": 5.410363639650669, "params": {"x0": 0.8, "x1": 0.9, "x2": 3.2140576240534817, "x3": 0.0, "x4": 1.7235197378182574, "x5": 0.0, "x6": 3.6048666756223673, "x7": 14.238888857166856, "x8": 1.2818594094240188, "x9": 2.73194628628595}, "datetime": {"datetime": "2025-05-17 08:43:55", "elapsed": 1000.850339, "delta": 9.218159}}
{"target": 5.410748670779991, "params": {"x0": 0.8, "x1": 0.9, "x2": 3.209159026814479, "x3": 0.0, "x4": 1.7211040190722091, "x5": 0.0, "x6": 3.6157811493632166, "x7": 14.284639154028508, "x8": 1.2856732852669142, "x9": 2.734534664581091}, "datetime": {"datetime": "2025-05-17 08:44:04", "elapsed": 1010.10563, "delta": 9.255291}}
{"target": 5.411042566412082, "params": {"x0": 0.8, "x1": 0.9, "x2": 3.2042604295754766, "x3": 0.0, "x4": 1.7194130159499752, "x5": 0.0, "x6": 3.626695623104066, "x7": 14.33038945089016, "x8": 1.2894871611098095, "x9": 2.7371230428762323}, "datetime": {"datetime": "2025-05-17 08:44:13", "elapsed": 1019.516238, "delta": 9.410608}}
{"target": 5.411233448100956, "params": {"x0": 0.8, "x1": 0.9, "x2": 3.199361832336474, "x3": 0.0, "x4": 1.7177220128277413, "x5": 0.0, "x6": 3.637610096844915, "x7": 14.376139747751811, "x8": 1.293301036952705, "x9": 2.7397114211713736}, "datetime": {"datetime": "2025-05-17 08:44:23", "elapsed": 1028.788863, "delta": 9.272625}}
{"target": 5.4111851940070705, "params": {"x0": 0.8, "x1": 0.9, "x2": 3.2042604295754766, "x3": 0.0, "x4": 1.7160310097055074, "x5": 0.0, "x6": 3.6485245705857645, "x7": 14.421890044613463, "x8": 1.2971149127956003, "x9": 2.742299799466515}, "datetime": {"datetime": "2025-05-17 08:44:32", "elapsed": 1037.961617, "delta": 9.172754}}
{"target": 5.410586564051834, "params": {"x0": 0.8, "x1": 0.9, "x2": 3.194953094821372, "x3": 0.0, "x4": 1.7162001100177309, "x5": 0.0, "x6": 3.6474331232116795, "x7": 14.334964480576325, "x8": 1.2967335252113108, "x9": 2.742040961637001}, "datetime": {"datetime": "2025-05-17 08:44:41", "elapsed": 1047.352932, "delta": 9.391315}}
{"target": 5.411747566555461, "params": {"x0": 0.8, "x1": 0.9, "x2": 3.195393968572882, "x3": 0.0, "x4": 1.7163523002987318, "x5": 0.0, "x6": 3.628769373114827, "x7": 14.413197488209748, "x8": 1.2902117975199596, "x9": 2.741808007590438}, "datetime": {"datetime": "2025-05-17 08:44:50", "elapsed": 1056.619269, "delta": 9.266337}}
{"target": 5.412017995697677, "params": {"x0": 0.8, "x1": 0.9, "x2": 3.192021284373829, "x3": 0.0, "x4": 1.7151880446490737, "x5": 0.0, "x6": 3.6212547579442522, "x7": 14.444696567598996, "x8": 1.2875859440021262, "x9": 2.7435901060466428}, "datetime": {"datetime": "2025-05-17 08:45:00", "elapsed": 1065.866857, "delta": 9.247588}}
{"target": 5.412621861595392, "params": {"x0": 0.8, "x1": 0.9, "x2": 3.188648600174776, "x3": 0.0, "x4": 1.7140237889994157, "x5": 0.0, "x6": 3.6137401427736773, "x7": 14.476195646988243, "x8": 1.2849600904842928, "x9": 2.7453722045028477}, "datetime": {"datetime": "2025-05-17 08:45:09", "elapsed": 1075.08546, "delta": 9.218603}}
{"target": 5.413088203895284, "params": {"x0": 0.8, "x1": 0.9, "x2": 3.1852759159757227, "x3": 0.0, "x4": 1.7128595333497576, "x5": 0.0, "x6": 3.6062255276031023, "x7": 14.50769472637749, "x8": 1.2823342369664594, "x9": 2.7471543029590526}, "datetime": {"datetime": "2025-05-17 08:45:18", "elapsed": 1084.442073, "delta": 9.356613}}
{"target": 5.413108204100385, "params": {"x0": 0.8, "x1": 0.9, "x2": 3.1819032317766696, "x3": 0.0, "x4": 1.7116952777000995, "x5": 0.0, "x6": 3.5987109124325274, "x7": 14.476195646988243, "x8": 1.279708383448626, "x9": 2.7489364014152575}, "datetime": {"datetime": "2025-05-17 08:45:27", "elapsed": 1093.574773, "delta": 9.1327}}
{"target": 5.41300553937274, "params": {"x0": 0.8, "x1": 0.9, "x2": 3.1785305475776164, "x3": 0.0, "x4": 1.7105310220504415, "x5": 0.0, "x6": 3.5911962972619524, "x7": 14.45414629141577, "x8": 1.2770825299307926, "x9": 2.7507184998714624}, "datetime": {"datetime": "2025-05-17 08:45:37", "elapsed": 1102.811759, "delta": 9.236986}}
{"target": 5.41300553937274, "params": {"x0": 0.8, "x1": 0.9, "x2": 3.178867815997522, "x3": 0.0, "x4": 1.7106474476154072, "x5": 0.0, "x6": 3.59194775877901, "x7": 14.456351226973018, "x8": 1.2773451152825759, "x9": 2.750540290025842}, "datetime": {"datetime": "2025-05-17 08:45:46", "elapsed": 1112.056497, "delta": 9.244738}}
{"target": 5.412971824209006, "params": {"x0": 0.8, "x1": 0.9, "x2": 3.1791713575754366, "x3": 0.0, "x4": 1.7107522306238765, "x5": 0.0, "x6": 3.5926240741443616, "x7": 14.45833566897454, "x8": 1.2818353247980712, "x9": 2.7503799011647834}, "datetime": {"datetime": "2025-05-17 08:45:55", "elapsed": 1121.293807, "delta": 9.23731}}
