{"target": 5.4131219740716245, "params": {"x0": 0.8, "x1": 0.9, "x2": 3.1799116954839706, "x3": 1.3498476237848042e-35, "x4": 1.7110077963815329, "x5": 8.31897599565674e-36, "x6": 3.5942736073204546, "x7": 14.463175723016253, "x8": 1.2812589236923715, "x9": 2.749988712732662}, "datetime": {"datetime": "2025-05-17 11:29:41", "elapsed": 10947.492638, "delta": 23.825743}}
{"target": 5.4131219740716245, "params": {"x0": 0.8, "x1": 0.9, "x2": 3.1799116954839706, "x3": 1.1339761585872822e-35, "x4": 1.7110077963815329, "x5": 9.699513144957662e-36, "x6": 3.5942736073204546, "x7": 14.463175723016253, "x8": 1.2812589236923715, "x9": 2.749988712732662}, "datetime": {"datetime": "2025-05-17 11:30:06", "elapsed": 10971.827184, "delta": 24.334546}}
{"target": 5.4131219740716245, "params": {"x0": 0.8, "x1": 0.9, "x2": 3.1799116954839706, "x3": 8.354579011591629e-36, "x4": 1.7110077963815329, "x5": 1.1256023382517771e-35, "x6": 3.5942736073204546, "x7": 14.463175723016253, "x8": 1.2812589236923715, "x9": 2.749988712732662}, "datetime": {"datetime": "2025-05-17 11:30:26", "elapsed": 10992.324577, "delta": 20.497393}}
{"target": 5.4131219740716245, "params": {"x0": 0.8, "x1": 0.9, "x2": 3.1799116954839706, "x3": 8.987889762180691e-36, "x4": 1.7110077963815329, "x5": 9.163392662243829e-36, "x6": 3.5942736073204546, "x7": 14.463175723016253, "x8": 1.2812589236923715, "x9": 2.749988712732662}, "datetime": {"datetime": "2025-05-17 11:30:49", "elapsed": 11015.26522, "delta": 22.940643}}
{"target": 5.4131219740716245, "params": {"x0": 0.8, "x1": 0.9, "x2": 3.1799116954839706, "x3": 3.114498995525468e-36, "x4": 1.7110077963815329, "x5": 6.172172608148962e-37, "x6": 3.5942736073204546, "x7": 14.463175723016253, "x8": 1.2812589236923715, "x9": 2.749988712732662}, "datetime": {"datetime": "2025-05-17 11:31:11", "elapsed": 11037.040433, "delta": 21.775213}}
{"target": 5.4131219740716245, "params": {"x0": 0.8, "x1": 0.9, "x2": 3.1799116954839706, "x3": 9.543218936793298e-36, "x4": 1.7110077963815329, "x5": 5.458234693699998e-36, "x6": 3.5942736073204546, "x7": 14.463175723016253, "x8": 1.2812589236923715, "x9": 2.749988712732662}, "datetime": {"datetime": "2025-05-17 11:31:38", "elapsed": 11063.836446, "delta": 26.796013}}
{"target": 5.4131219740716245, "params": {"x0": 0.8, "x1": 0.9, "x2": 3.1799116954839706, "x3": 3.165500600856561e-36, "x4": 1.7110077963815329, "x5": 3.6769076369927306e-36, "x6": 3.5942736073204546, "x7": 14.463175723016253, "x8": 1.2812589236923715, "x9": 2.749988712732662}, "datetime": {"datetime": "2025-05-17 11:32:02", "elapsed": 11088.010476, "delta": 24.17403}}
{"target": 5.4131219740716245, "params": {"x0": 0.8, "x1": 0.9, "x2": 3.1799116954839706, "x3": 6.037167073676349e-36, "x4": 1.7110077963815329, "x5": 1.5959620828377336e-36, "x6": 3.5942736073204546, "x7": 14.463175723016253, "x8": 1.2812589236923715, "x9": 2.749988712732662}, "datetime": {"datetime": "2025-05-17 11:32:30", "elapsed": 11116.22018, "delta": 28.209704}}
{"target": 5.4131219740716245, "params": {"x0": 0.8, "x1": 0.9, "x2": 3.1799116954839706, "x3": 2.5603394318385904e-36, "x4": 1.7110077963815329, "x5": 3.972119875708145e-36, "x6": 3.5942736073204546, "x7": 14.463175723016253, "x8": 1.2812589236923715, "x9": 2.749988712732662}, "datetime": {"datetime": "2025-05-17 11:32:57", "elapsed": 11143.42692, "delta": 27.20674}}
{"target": 5.4131219740716245, "params": {"x0": 0.8, "x1": 0.9, "x2": 3.1799116954839706, "x3": 5.690989961340911e-36, "x4": 1.7110077963815329, "x5": 5.022025152590923e-36, "x6": 3.5942736073204546, "x7": 14.463175723016253, "x8": 1.2812589236923715, "x9": 2.749988712732662}, "datetime": {"datetime": "2025-05-17 11:33:26", "elapsed": 11171.912117, "delta": 28.485197}}
{"target": 5.4131219740716245, "params": {"x0": 0.8, "x1": 0.9, "x2": 3.1799116954839706, "x3": 3.489160276126587e-36, "x4": 1.7110077963815329, "x5": 2.172364973729907e-36, "x6": 3.5942736073204546, "x7": 14.463175723016253, "x8": 1.2812589236923715, "x9": 2.749988712732662}, "datetime": {"datetime": "2025-05-17 11:33:51", "elapsed": 11197.3008, "delta": 25.388683}}
{"target": 5.4131219740716245, "params": {"x0": 0.8, "x1": 0.9, "x2": 3.1799116954839706, "x3": 5.476973916466414e-37, "x4": 1.7110077963815329, "x5": 1.9128648556476523e-36, "x6": 3.5942736073204546, "x7": 14.463175723016253, "x8": 1.2812589236923715, "x9": 2.749988712732662}, "datetime": {"datetime": "2025-05-17 11:34:19", "elapsed": 11225.18695, "delta": 27.88615}}
{"target": 5.4131219740716245, "params": {"x0": 0.8, "x1": 0.9, "x2": 3.1799116954839706, "x3": 3.923562895973395e-36, "x4": 1.7110077963815329, "x5": 3.5361407745270545e-36, "x6": 3.5942736073204546, "x7": 14.463175723016253, "x8": 1.2812589236923715, "x9": 2.749988712732662}, "datetime": {"datetime": "2025-05-17 11:34:44", "elapsed": 11250.178903, "delta": 24.991953}}
{"target": 5.4131219740716245, "params": {"x0": 0.8, "x1": 0.9, "x2": 3.1799116954839706, "x3": 1.1754153322321305e-36, "x4": 1.7110077963815329, "x5": 1.88403344906576e-36, "x6": 3.5942736073204546, "x7": 14.463175723016253, "x8": 1.2812589236923715, "x9": 2.749988712732662}, "datetime": {"datetime": "2025-05-17 11:35:09", "elapsed": 11275.033012, "delta": 24.854109}}
{"target": 5.4131219740716245, "params": {"x0": 0.8, "x1": 0.9, "x2": 3.1799116954839706, "x3": 2.1207388351964037e-36, "x4": 1.7110077963815329, "x5": 1.7776483047655385e-36, "x6": 3.5942736073204546, "x7": 14.463175723016253, "x8": 1.2812589236923715, "x9": 2.749988712732662}, "datetime": {"datetime": "2025-05-17 11:35:31", "elapsed": 11297.632532, "delta": 22.59952}}
{"target": 5.4131219740716245, "params": {"x0": 0.8, "x1": 0.9, "x2": 3.1799116954839706, "x3": 7.522500197973731e-37, "x4": 1.7110077963815329, "x5": 9.40463057338703e-37, "x6": 3.5942736073204546, "x7": 14.463175723016253, "x8": 1.2812589236923715, "x9": 2.749988712732662}, "datetime": {"datetime": "2025-05-17 11:35:59", "elapsed": 11325.051034, "delta": 27.418502}}
{"target": 5.4131219740716245, "params": {"x0": 0.8, "x1": 0.9, "x2": 3.1799116954839706, "x3": 3.112320174813404e-36, "x4": 1.7110077963815329, "x5": 1.9981714726417996e-36, "x6": 3.5942736073204546, "x7": 14.463175723016253, "x8": 1.2812589236923715, "x9": 2.749988712732662}, "datetime": {"datetime": "2025-05-17 11:36:22", "elapsed": 11348.421145, "delta": 23.370111}}
{"target": 5.4131219740716245, "params": {"x0": 0.8, "x1": 0.9, "x2": 3.1799116954839706, "x3": 1.6905791427196657e-37, "x4": 1.7110077963815329, "x5": 9.350053084904973e-37, "x6": 3.5942736073204546, "x7": 14.463175723016253, "x8": 1.2812589236923715, "x9": 2.749988712732662}, "datetime": {"datetime": "2025-05-17 11:36:55", "elapsed": 11381.417685, "delta": 32.99654}}
{"target": 5.4131219740716245, "params": {"x0": 0.8, "x1": 0.9, "x2": 3.1799116954839706, "x3": 6.352673708515837e-37, "x4": 1.7110077963815329, "x5": 1.935117388640777e-36, "x6": 3.5942736073204546, "x7": 14.463175723016253, "x8": 1.2812589236923715, "x9": 2.749988712732662}, "datetime": {"datetime": "2025-05-17 11:37:21", "elapsed": 11407.227605, "delta": 25.80992}}
{"target": 5.4131219740716245, "params": {"x0": 0.8, "x1": 0.9, "x2": 3.1799116954839706, "x3": 1.869112453804773e-37, "x4": 1.7110077963815329, "x5": 5.080260230357514e-37, "x6": 3.5942736073204546, "x7": 14.463175723016253, "x8": 1.2812589236923715, "x9": 2.749988712732662}, "datetime": {"datetime": "2025-05-17 11:37:48", "elapsed": 11434.581305, "delta": 27.3537}}
{"target": 5.4131219740716245, "params": {"x0": 0.8, "x1": 0.9, "x2": 3.1799116954839706, "x3": 3.286440899311808e-37, "x4": 1.7110077963815329, "x5": 3.897371290017271e-37, "x6": 3.5942736073204546, "x7": 14.463175723016253, "x8": 1.2812589236923715, "x9": 2.749988712732662}, "datetime": {"datetime": "2025-05-17 11:38:15", "elapsed": 11460.882455, "delta": 26.30115}}
{"target": 5.4131219740716245, "params": {"x0": 0.8, "x1": 0.9, "x2": 3.1799116954839706, "x3": 1.1311409778248215e-36, "x4": 1.7110077963815329, "x5": 6.799826804156072e-37, "x6": 3.5942736073204546, "x7": 14.463175723016253, "x8": 1.2812589236923715, "x9": 2.749988712732662}, "datetime": {"datetime": "2025-05-17 11:38:47", "elapsed": 11493.227484, "delta": 32.345029}}
{"target": 5.4131219740716245, "params": {"x0": 0.8, "x1": 0.9, "x2": 3.1799116954839706, "x3": 2.34162237011826e-37, "x4": 1.7110077963815329, "x5": 2.651783467989707e-37, "x6": 3.5942736073204546, "x7": 14.463175723016253, "x8": 1.2812589236923715, "x9": 2.749988712732662}, "datetime": {"datetime": "2025-05-17 11:39:09", "elapsed": 11515.12446, "delta": 21.896976}}
{"target": 5.4131219740716245, "params": {"x0": 0.8, "x1": 0.9, "x2": 3.1799116954839706, "x3": 1.166310834123411e-36, "x4": 1.7110077963815329, "x5": 8.923531612489533e-37, "x6": 3.5942736073204546, "x7": 14.463175723016253, "x8": 1.2812589236923715, "x9": 2.749988712732662}, "datetime": {"datetime": "2025-05-17 11:39:36", "elapsed": 11542.564763, "delta": 27.440303}}
{"target": 5.4131219740716245, "params": {"x0": 0.8, "x1": 0.9, "x2": 3.1799116954839706, "x3": 2.8351585099940253e-37, "x4": 1.7110077963815329, "x5": 9.243790385694491e-38, "x6": 3.5942736073204546, "x7": 14.463175723016253, "x8": 1.2812589236923715, "x9": 2.749988712732662}, "datetime": {"datetime": "2025-05-17 11:40:00", "elapsed": 11565.828815, "delta": 23.264052}}
{"target": 5.4131219740716245, "params": {"x0": 0.8, "x1": 0.9, "x2": 3.1799116954839706, "x3": 5.511096484713079e-38, "x4": 1.7110077963815329, "x5": 2.2091928033537825e-37, "x6": 3.5942736073204546, "x7": 14.463175723016253, "x8": 1.2812589236923715, "x9": 2.749988712732662}, "datetime": {"datetime": "2025-05-17 11:40:24", "elapsed": 11590.505135, "delta": 24.67632}}
{"target": 5.4131219740716245, "params": {"x0": 0.8, "x1": 0.9, "x2": 3.1799116954839706, "x3": 6.652541924970812e-37, "x4": 1.7110077963815329, "x5": 4.831689986585443e-37, "x6": 3.5942736073204546, "x7": 14.463175723016253, "x8": 1.2812589236923715, "x9": 2.749988712732662}, "datetime": {"datetime": "2025-05-17 11:40:49", "elapsed": 11615.293327, "delta": 24.788192}}
{"target": 5.4131219740716245, "params": {"x0": 0.8, "x1": 0.9, "x2": 3.1799116954839706, "x3": 1.0539016018442086e-36, "x4": 1.7110077963815329, "x5": 4.977699338514907e-37, "x6": 3.5942736073204546, "x7": 14.463175723016253, "x8": 1.2812589236923715, "x9": 2.749988712732662}, "datetime": {"datetime": "2025-05-17 11:41:16", "elapsed": 11642.274855, "delta": 26.981528}}
{"target": 5.4131219740716245, "params": {"x0": 0.8, "x1": 0.9, "x2": 3.1799116954839706, "x3": 5.245376080243385e-37, "x4": 1.7110077963815329, "x5": 5.740704110863475e-38, "x6": 3.5942736073204546, "x7": 14.463175723016253, "x8": 1.2812589236923715, "x9": 2.749988712732662}, "datetime": {"datetime": "2025-05-17 11:41:36", "elapsed": 11662.30532, "delta": 20.030465}}
{"target": 5.4131219740716245, "params": {"x0": 0.8, "x1": 0.9, "x2": 3.1799116954839706, "x3": 1.254007814056403e-37, "x4": 1.7110077963815329, "x5": 4.015437988146505e-37, "x6": 3.5942736073204546, "x7": 14.463175723016253, "x8": 1.2812589236923715, "x9": 2.749988712732662}, "datetime": {"datetime": "2025-05-17 11:42:06", "elapsed": 11691.830657, "delta": 29.525337}}
{"target": 5.4131219740716245, "params": {"x0": 0.8, "x1": 0.9, "x2": 3.1799116954839706, "x3": 4.6077834645400365e-38, "x4": 1.7110077963815329, "x5": 3.6672000908090243e-37, "x6": 3.5942736073204546, "x7": 14.463175723016253, "x8": 1.2812589236923715, "x9": 2.749988712732662}, "datetime": {"datetime": "2025-05-17 11:42:31", "elapsed": 11717.611927, "delta": 25.78127}}
{"target": 5.4131219740716245, "params": {"x0": 0.8, "x1": 0.9, "x2": 3.1799116954839706, "x3": 5.47375987577948e-37, "x4": 1.7110077963815329, "x5": 2.121595320972146e-37, "x6": 3.5942736073204546, "x7": 14.463175723016253, "x8": 1.2812589236923715, "x9": 2.749988712732662}, "datetime": {"datetime": "2025-05-17 11:42:56", "elapsed": 11741.924436, "delta": 24.312509}}
{"target": 5.4131219740716245, "params": {"x0": 0.8, "x1": 0.9, "x2": 3.1799116954839706, "x3": 4.964255874490897e-37, "x4": 1.7110077963815329, "x5": 4.586692586145598e-38, "x6": 3.5942736073204546, "x7": 14.463175723016253, "x8": 1.2812589236923715, "x9": 2.749988712732662}, "datetime": {"datetime": "2025-05-17 11:43:23", "elapsed": 11769.508168, "delta": 27.583732}}
{"target": 5.4131219740716245, "params": {"x0": 0.8, "x1": 0.9, "x2": 3.1799116954839706, "x3": 1.8453758151565301e-38, "x4": 1.7110077963815329, "x5": 5.30132051928883e-38, "x6": 3.5942736073204546, "x7": 14.463175723016253, "x8": 1.2812589236923715, "x9": 2.749988712732662}, "datetime": {"datetime": "2025-05-17 11:43:51", "elapsed": 11796.806739, "delta": 27.298571}}
{"target": 5.4131219740716245, "params": {"x0": 0.8, "x1": 0.9, "x2": 3.1799116954839706, "x3": 5.461169393409274e-37, "x4": 1.7110077963815329, "x5": 3.3946381489788026e-37, "x6": 3.5942736073204546, "x7": 14.463175723016253, "x8": 1.2812589236923715, "x9": 2.749988712732662}, "datetime": {"datetime": "2025-05-17 11:44:16", "elapsed": 11822.647661, "delta": 25.840922}}
{"target": 5.4131219740716245, "params": {"x0": 0.8, "x1": 0.9, "x2": 3.1799116954839706, "x3": 2.7943386973408724e-37, "x4": 1.7110077963815329, "x5": 1.287334119874155e-37, "x6": 3.5942736073204546, "x7": 14.463175723016253, "x8": 1.2812589236923715, "x9": 2.749988712732662}, "datetime": {"datetime": "2025-05-17 11:44:40", "elapsed": 11846.320906, "delta": 23.673245}}
{"target": 5.4131219740716245, "params": {"x0": 0.8, "x1": 0.9, "x2": 3.1799116954839706, "x3": 1.7299705180943884e-37, "x4": 1.7110077963815329, "x5": 2.177058218136116e-37, "x6": 3.5942736073204546, "x7": 14.463175723016253, "x8": 1.2812589236923715, "x9": 2.749988712732662}, "datetime": {"datetime": "2025-05-17 11:45:05", "elapsed": 11870.828201, "delta": 24.507295}}
{"target": 5.4131219740716245, "params": {"x0": 0.8, "x1": 0.9, "x2": 3.1799116954839706, "x3": 2.9934085536017343e-37, "x4": 1.7110077963815329, "x5": 1.0520164185010832e-37, "x6": 3.5942736073204546, "x7": 14.463175723016253, "x8": 1.2812589236923715, "x9": 2.749988712732662}, "datetime": {"datetime": "2025-05-17 11:45:31", "elapsed": 11897.01583, "delta": 26.187629}}
{"target": 5.4131219740716245, "params": {"x0": 0.8, "x1": 0.9, "x2": 3.1799116954839706, "x3": 3.4692536437047832e-37, "x4": 1.7110077963815329, "x5": 2.0743218984853906e-37, "x6": 3.5942736073204546, "x7": 14.463175723016253, "x8": 1.2812589236923715, "x9": 2.749988712732662}, "datetime": {"datetime": "2025-05-17 11:45:59", "elapsed": 11925.389736, "delta": 28.373906}}
{"target": 5.4131219740716245, "params": {"x0": 0.8, "x1": 0.9, "x2": 3.1799116954839706, "x3": 1.4200701784617884e-37, "x4": 1.7110077963815329, "x5": 8.839480226531066e-38, "x6": 3.5942736073204546, "x7": 14.463175723016253, "x8": 1.2812589236923715, "x9": 2.749988712732662}, "datetime": {"datetime": "2025-05-17 11:46:21", "elapsed": 11947.533829, "delta": 22.144093}}
{"target": 5.4131219740716245, "params": {"x0": 0.8, "x1": 0.9, "x2": 3.1799116954839706, "x3": 1.512532715802544e-37, "x4": 1.7110077963815329, "x5": 1.5059539842162068e-37, "x6": 3.5942736073204546, "x7": 14.463175723016253, "x8": 1.2812589236923715, "x9": 2.749988712732662}, "datetime": {"datetime": "2025-05-17 11:46:45", "elapsed": 11970.921982, "delta": 23.388153}}
{"target": 5.4131219740716245, "params": {"x0": 0.8, "x1": 0.9, "x2": 3.1799116954839706, "x3": 2.19663880865053e-37, "x4": 1.7110077963815329, "x5": 1.2157638681847479e-37, "x6": 3.5942736073204546, "x7": 14.463175723016253, "x8": 1.2812589236923715, "x9": 2.749988712732662}, "datetime": {"datetime": "2025-05-17 11:47:08", "elapsed": 11994.64802, "delta": 23.726038}}
{"target": 5.4131219740716245, "params": {"x0": 0.8, "x1": 0.9, "x2": 3.1799116954839706, "x3": 5.802293449241844e-38, "x4": 1.7110077963815329, "x5": 1.625836640082066e-37, "x6": 3.5942736073204546, "x7": 14.463175723016253, "x8": 1.2812589236923715, "x9": 2.749988712732662}, "datetime": {"datetime": "2025-05-17 11:47:29", "elapsed": 12015.221244, "delta": 20.573224}}
{"target": 5.4131219740716245, "params": {"x0": 0.8, "x1": 0.9, "x2": 3.1799116954839706, "x3": 1.8963003474186073e-37, "x4": 1.7110077963815329, "x5": 1.0927512179431754e-37, "x6": 3.5942736073204546, "x7": 14.463175723016253, "x8": 1.2812589236923715, "x9": 2.749988712732662}, "datetime": {"datetime": "2025-05-17 11:47:52", "elapsed": 12037.911034, "delta": 22.68979}}
{"target": 5.4131219740716245, "params": {"x0": 0.8, "x1": 0.9, "x2": 3.1799116954839706, "x3": 1.4844824351359655e-37, "x4": 1.7110077963815329, "x5": 1.175979864190164e-37, "x6": 3.5942736073204546, "x7": 14.463175723016253, "x8": 1.2812589236923715, "x9": 2.749988712732662}, "datetime": {"datetime": "2025-05-17 11:48:15", "elapsed": 12060.925532, "delta": 23.014498}}
{"target": 5.4131219740716245, "params": {"x0": 0.8, "x1": 0.9, "x2": 3.1799116954839706, "x3": 1.6607352178647554e-37, "x4": 1.7110077963815329, "x5": 8.868687259821904e-38, "x6": 3.5942736073204546, "x7": 14.463175723016253, "x8": 1.2812589236923715, "x9": 2.749988712732662}, "datetime": {"datetime": "2025-05-17 11:48:40", "elapsed": 12085.788331, "delta": 24.862799}}
{"target": 5.4131219740716245, "params": {"x0": 0.8, "x1": 0.9, "x2": 3.1799116954839706, "x3": 7.567869804017274e-38, "x4": 1.7110077963815329, "x5": 8.00668560423853e-38, "x6": 3.5942736073204546, "x7": 14.463175723016253, "x8": 1.2812589236923715, "x9": 2.749988712732662}, "datetime": {"datetime": "2025-05-17 11:49:03", "elapsed": 12108.741298, "delta": 22.952967}}
{"target": 5.4131219740716245, "params": {"x0": 0.8, "x1": 0.9, "x2": 3.1799116954839706, "x3": 9.181237728321404e-38, "x4": 1.7110077963815329, "x5": 6.665718286244933e-38, "x6": 3.5942736073204546, "x7": 14.463175723016253, "x8": 1.2812589236923715, "x9": 2.749988712732662}, "datetime": {"datetime": "2025-05-17 11:49:22", "elapsed": 12128.337314, "delta": 19.596016}}
{"target": 5.4131219740716245, "params": {"x0": 0.8, "x1": 0.9, "x2": 3.1799116954839706, "x3": 1.0556653916146876e-37, "x4": 1.7110077963815329, "x5": 4.529255125109433e-38, "x6": 3.5942736073204546, "x7": 14.463175723016253, "x8": 1.2812589236923715, "x9": 2.749988712732662}, "datetime": {"datetime": "2025-05-17 11:49:47", "elapsed": 12153.084537, "delta": 24.747223}}
{"target": 5.4131219740716245, "params": {"x0": 0.8, "x1": 0.9, "x2": 3.1799116954839706, "x3": 6.24811715928926e-38, "x4": 1.7110077963815329, "x5": 6.973572406459205e-38, "x6": 3.5942736073204546, "x7": 14.463175723016253, "x8": 1.2812589236923715, "x9": 2.749988712732662}, "datetime": {"datetime": "2025-05-17 11:50:14", "elapsed": 12180.439141, "delta": 27.354604}}
{"target": 5.4131219740716245, "params": {"x0": 0.8, "x1": 0.9, "x2": 3.1799116954839706, "x3": 1.374458463548053e-38, "x4": 1.7110077963815329, "x5": 6.871078301814951e-38, "x6": 3.5942736073204546, "x7": 14.463175723016253, "x8": 1.2812589236923715, "x9": 2.749988712732662}, "datetime": {"datetime": "2025-05-17 11:50:35", "elapsed": 12200.735905, "delta": 20.296764}}
{"target": 5.4131219740716245, "params": {"x0": 0.8, "x1": 0.9, "x2": 3.1799116954839706, "x3": 7.333299468852297e-38, "x4": 1.7110077963815329, "x5": 6.243134250808605e-38, "x6": 3.5942736073204546, "x7": 14.463175723016253, "x8": 1.2812589236923715, "x9": 2.749988712732662}, "datetime": {"datetime": "2025-05-17 11:50:59", "elapsed": 12224.853269, "delta": 24.117364}}
{"target": 5.4131219740716245, "params": {"x0": 0.8, "x1": 0.9, "x2": 3.1799116954839706, "x3": 3.4444484448563107e-38, "x4": 1.7110077963815329, "x5": 1.6925025913355776e-38, "x6": 3.5942736073204546, "x7": 14.463175723016253, "x8": 1.2812589236923715, "x9": 2.749988712732662}, "datetime": {"datetime": "2025-05-17 11:51:34", "elapsed": 12259.975359, "delta": 35.12209}}
{"target": 5.4131219740716245, "params": {"x0": 0.8, "x1": 0.9, "x2": 3.1799116954839706, "x3": 6.812033002290979e-41, "x4": 1.7110077963815329, "x5": 3.7136802740180023e-38, "x6": 3.5942736073204546, "x7": 14.463175723016253, "x8": 1.2812589236923715, "x9": 2.749988712732662}, "datetime": {"datetime": "2025-05-17 11:51:57", "elapsed": 12283.538234, "delta": 23.562875}}
{"target": 5.4131219740716245, "params": {"x0": 0.8, "x1": 0.9, "x2": 3.1799116954839706, "x3": 6.637181952873597e-38, "x4": 1.7110077963815329, "x5": 5.2855073699157676e-39, "x6": 3.5942736073204546, "x7": 14.463175723016253, "x8": 1.2812589236923715, "x9": 2.749988712732662}, "datetime": {"datetime": "2025-05-17 11:52:23", "elapsed": 12308.910912, "delta": 25.372678}}
{"target": 5.4131219740716245, "params": {"x0": 0.8, "x1": 0.9, "x2": 3.1799116954839706, "x3": 5.400571989158352e-38, "x4": 1.7110077963815329, "x5": 1.3662389765931691e-38, "x6": 3.5942736073204546, "x7": 14.463175723016253, "x8": 1.2812589236923715, "x9": 2.749988712732662}, "datetime": {"datetime": "2025-05-17 11:52:46", "elapsed": 12331.809853, "delta": 22.898941}}
{"target": 5.4131219740716245, "params": {"x0": 0.8, "x1": 0.9, "x2": 3.1799116954839706, "x3": 4.354406186429279e-38, "x4": 1.7110077963815329, "x5": 1.1234293259664815e-38, "x6": 3.5942736073204546, "x7": 14.463175723016253, "x8": 1.2812589236923715, "x9": 2.749988712732662}, "datetime": {"datetime": "2025-05-17 11:53:11", "elapsed": 12356.912007, "delta": 25.102154}}
{"target": 5.4131219740716245, "params": {"x0": 0.8, "x1": 0.9, "x2": 3.1799116954839706, "x3": 3.7770093590691774e-38, "x4": 1.7110077963815329, "x5": 5.721343516368664e-39, "x6": 3.5942736073204546, "x7": 14.463175723016253, "x8": 1.2812589236923715, "x9": 2.749988712732662}, "datetime": {"datetime": "2025-05-17 11:53:35", "elapsed": 12380.744012, "delta": 23.832005}}
{"target": 5.4131219740716245, "params": {"x0": 0.8, "x1": 0.9, "x2": 3.1799116954839706, "x3": 1.1937150289857318e-38, "x4": 1.7110077963815329, "x5": 4.523084063077912e-39, "x6": 3.5942736073204546, "x7": 14.463175723016253, "x8": 1.2812589236923715, "x9": 2.749988712732662}, "datetime": {"datetime": "2025-05-17 11:53:55", "elapsed": 12400.969319, "delta": 20.225307}}
