{"target": 5.4131219740716245, "params": {"x0": 0.8, "x1": 0.9, "x2": 3.1799116954839706, "x3": 3.3828469963598834e-76, "x4": 1.7110077963815329, "x5": 8.914560948060367e-77, "x6": 3.5942736073204546, "x7": 14.463175723016253, "x8": 1.2812589236923715, "x9": 2.749988712732662}, "datetime": {"datetime": "2025-05-17 22:34:02", "elapsed": 50808.449518, "delta": 79.032543}}
{"target": 5.4131219740716245, "params": {"x0": 0.8, "x1": 0.9, "x2": 3.1799116954839706, "x3": 4.037632530278481e-76, "x4": 1.7110077963815329, "x5": 3.145292216859207e-76, "x6": 3.5942736073204546, "x7": 14.463175723016253, "x8": 1.2812589236923715, "x9": 2.749988712732662}, "datetime": {"datetime": "2025-05-17 22:35:17", "elapsed": 50883.691685, "delta": 75.242167}}
{"target": 5.4131219740716245, "params": {"x0": 0.8, "x1": 0.9, "x2": 3.1799116954839706, "x3": 1.623913514158659e-76, "x4": 1.7110077963815329, "x5": 1.476264489152345e-76, "x6": 3.5942736073204546, "x7": 14.463175723016253, "x8": 1.2812589236923715, "x9": 2.749988712732662}, "datetime": {"datetime": "2025-05-17 22:36:17", "elapsed": 50943.168893, "delta": 59.477208}}
{"target": 5.4131219740716245, "params": {"x0": 0.8, "x1": 0.9, "x2": 3.1799116954839706, "x3": 4.340488053896066e-76, "x4": 1.7110077963815329, "x5": 1.502713820919082e-76, "x6": 3.5942736073204546, "x7": 14.463175723016253, "x8": 1.2812589236923715, "x9": 2.749988712732662}, "datetime": {"datetime": "2025-05-17 22:37:34", "elapsed": 51019.769168, "delta": 76.600275}}
{"target": 5.4131219740716245, "params": {"x0": 0.8, "x1": 0.9, "x2": 3.1799116954839706, "x3": 3.599067524244635e-76, "x4": 1.7110077963815329, "x5": 2.3848164173659936e-76, "x6": 3.5942736073204546, "x7": 14.463175723016253, "x8": 1.2812589236923715, "x9": 2.749988712732662}, "datetime": {"datetime": "2025-05-17 22:38:36", "elapsed": 51081.916156, "delta": 62.146988}}
{"target": 5.4131219740716245, "params": {"x0": 0.8, "x1": 0.9, "x2": 3.1799116954839706, "x3": 2.5644194507563132e-76, "x4": 1.7110077963815329, "x5": 9.042745682472057e-77, "x6": 3.5942736073204546, "x7": 14.463175723016253, "x8": 1.2812589236923715, "x9": 2.749988712732662}, "datetime": {"datetime": "2025-05-17 22:39:52", "elapsed": 51157.986257, "delta": 76.070101}}
{"target": 5.4131219740716245, "params": {"x0": 0.8, "x1": 0.9, "x2": 3.1799116954839706, "x3": 2.5105663435967453e-76, "x4": 1.7110077963815329, "x5": 2.160433636318074e-76, "x6": 3.5942736073204546, "x7": 14.463175723016253, "x8": 1.2812589236923715, "x9": 2.749988712732662}, "datetime": {"datetime": "2025-05-17 22:41:27", "elapsed": 51253.270247, "delta": 95.28399}}
{"target": 5.4131219740716245, "params": {"x0": 0.8, "x1": 0.9, "x2": 3.1799116954839706, "x3": 9.743059390398724e-77, "x4": 1.7110077963815329, "x5": 7.23310619479239e-77, "x6": 3.5942736073204546, "x7": 14.463175723016253, "x8": 1.2812589236923715, "x9": 2.749988712732662}, "datetime": {"datetime": "2025-05-17 22:42:40", "elapsed": 51326.070914, "delta": 72.800667}}
{"target": 5.4131219740716245, "params": {"x0": 0.8, "x1": 0.9, "x2": 3.1799116954839706, "x3": 2.284967942486348e-76, "x4": 1.7110077963815329, "x5": 1.3143037491783332e-76, "x6": 3.5942736073204546, "x7": 14.463175723016253, "x8": 1.2812589236923715, "x9": 2.749988712732662}, "datetime": {"datetime": "2025-05-17 22:43:57", "elapsed": 51402.967864, "delta": 76.89695}}
{"target": 5.4131219740716245, "params": {"x0": 0.8, "x1": 0.9, "x2": 3.1799116954839706, "x3": 4.417282774107938e-77, "x4": 1.7110077963815329, "x5": 5.7858304274263994e-77, "x6": 3.5942736073204546, "x7": 14.463175723016253, "x8": 1.2812589236923715, "x9": 2.749988712732662}, "datetime": {"datetime": "2025-05-17 22:44:55", "elapsed": 51461.106385, "delta": 58.138521}}
{"target": 5.4131219740716245, "params": {"x0": 0.8, "x1": 0.9, "x2": 3.1799116954839706, "x3": 2.9871586402767066e-77, "x4": 1.7110077963815329, "x5": 6.8647604606029276e-77, "x6": 3.5942736073204546, "x7": 14.463175723016253, "x8": 1.2812589236923715, "x9": 2.749988712732662}, "datetime": {"datetime": "2025-05-17 22:46:04", "elapsed": 51530.360091, "delta": 69.253706}}
{"target": 5.4131219740716245, "params": {"x0": 0.8, "x1": 0.9, "x2": 3.1799116954839706, "x3": 1.3790052375062038e-76, "x4": 1.7110077963815329, "x5": 8.78391163468992e-77, "x6": 3.5942736073204546, "x7": 14.463175723016253, "x8": 1.2812589236923715, "x9": 2.749988712732662}, "datetime": {"datetime": "2025-05-17 22:47:07", "elapsed": 51593.681714, "delta": 63.321623}}
{"target": 5.4131219740716245, "params": {"x0": 0.8, "x1": 0.9, "x2": 3.1799116954839706, "x3": 5.215560702131808e-77, "x4": 1.7110077963815329, "x5": 9.87220300736259e-77, "x6": 3.5942736073204546, "x7": 14.463175723016253, "x8": 1.2812589236923715, "x9": 2.749988712732662}, "datetime": {"datetime": "2025-05-17 22:48:31", "elapsed": 51677.326003, "delta": 83.644289}}
{"target": 5.4131219740716245, "params": {"x0": 0.8, "x1": 0.9, "x2": 3.1799116954839706, "x3": 1.548467284835306e-76, "x4": 1.7110077963815329, "x5": 3.167078007961531e-77, "x6": 3.5942736073204546, "x7": 14.463175723016253, "x8": 1.2812589236923715, "x9": 2.749988712732662}, "datetime": {"datetime": "2025-05-17 22:49:46", "elapsed": 51752.106108, "delta": 74.780105}}
{"target": 5.4131219740716245, "params": {"x0": 0.8, "x1": 0.9, "x2": 3.1799116954839706, "x3": 1.2796086043699974e-77, "x4": 1.7110077963815329, "x5": 5.43321062239577e-77, "x6": 3.5942736073204546, "x7": 14.463175723016253, "x8": 1.2812589236923715, "x9": 2.749988712732662}, "datetime": {"datetime": "2025-05-17 22:51:04", "elapsed": 51830.283603, "delta": 78.177495}}
{"target": 5.4131219740716245, "params": {"x0": 0.8, "x1": 0.9, "x2": 3.1799116954839706, "x3": 5.236186217227214e-77, "x4": 1.7110077963815329, "x5": 5.751042595408933e-77, "x6": 3.5942736073204546, "x7": 14.463175723016253, "x8": 1.2812589236923715, "x9": 2.749988712732662}, "datetime": {"datetime": "2025-05-17 22:52:22", "elapsed": 51907.781067, "delta": 77.497464}}
{"target": 5.4131219740716245, "params": {"x0": 0.8, "x1": 0.9, "x2": 3.1799116954839706, "x3": 3.6256385124756986e-77, "x4": 1.7110077963815329, "x5": 4.08229896238591e-77, "x6": 3.5942736073204546, "x7": 14.463175723016253, "x8": 1.2812589236923715, "x9": 2.749988712732662}, "datetime": {"datetime": "2025-05-17 22:53:34", "elapsed": 51979.927163, "delta": 72.146096}}
{"target": 5.4131219740716245, "params": {"x0": 0.8, "x1": 0.9, "x2": 3.1799116954839706, "x3": 3.9738214482094436e-77, "x4": 1.7110077963815329, "x5": 5.393542486886735e-77, "x6": 3.5942736073204546, "x7": 14.463175723016253, "x8": 1.2812589236923715, "x9": 2.749988712732662}, "datetime": {"datetime": "2025-05-17 22:54:32", "elapsed": 52038.052202, "delta": 58.125039}}
{"target": 5.4131219740716245, "params": {"x0": 0.8, "x1": 0.9, "x2": 3.1799116954839706, "x3": 4.515027051515508e-77, "x4": 1.7110077963815329, "x5": 7.86457272070589e-78, "x6": 3.5942736073204546, "x7": 14.463175723016253, "x8": 1.2812589236923715, "x9": 2.749988712732662}, "datetime": {"datetime": "2025-05-17 22:55:48", "elapsed": 52114.15746, "delta": 76.105258}}
{"target": 5.4131219740716245, "params": {"x0": 0.8, "x1": 0.9, "x2": 3.1799116954839706, "x3": 6.062886901479044e-77, "x4": 1.7110077963815329, "x5": 3.2940082413174527e-77, "x6": 3.5942736073204546, "x7": 14.463175723016253, "x8": 1.2812589236923715, "x9": 2.749988712732662}, "datetime": {"datetime": "2025-05-17 22:56:52", "elapsed": 52178.492967, "delta": 64.335507}}
{"target": 5.4131219740716245, "params": {"x0": 0.8, "x1": 0.9, "x2": 3.1799116954839706, "x3": 5.550137549199829e-77, "x4": 1.7110077963815329, "x5": 2.6132323823297634e-77, "x6": 3.5942736073204546, "x7": 14.463175723016253, "x8": 1.2812589236923715, "x9": 2.749988712732662}, "datetime": {"datetime": "2025-05-17 22:57:52", "elapsed": 52237.904935, "delta": 59.411968}}
{"target": 5.4131219740716245, "params": {"x0": 0.8, "x1": 0.9, "x2": 3.1799116954839706, "x3": 4.406031999150732e-77, "x4": 1.7110077963815329, "x5": 3.204614002260655e-77, "x6": 3.5942736073204546, "x7": 14.463175723016253, "x8": 1.2812589236923715, "x9": 2.749988712732662}, "datetime": {"datetime": "2025-05-17 22:59:08", "elapsed": 52314.342035, "delta": 76.4371}}
{"target": 5.4131219740716245, "params": {"x0": 0.8, "x1": 0.9, "x2": 3.1799116954839706, "x3": 7.247132033638457e-78, "x4": 1.7110077963815329, "x5": 2.1505648638104315e-77, "x6": 3.5942736073204546, "x7": 14.463175723016253, "x8": 1.2812589236923715, "x9": 2.749988712732662}, "datetime": {"datetime": "2025-05-17 23:00:24", "elapsed": 52390.275204, "delta": 75.933169}}
{"target": 5.4131219740716245, "params": {"x0": 0.8, "x1": 0.9, "x2": 3.1799116954839706, "x3": 9.52141362532276e-78, "x4": 1.7110077963815329, "x5": 1.5787189118629922e-79, "x6": 3.5942736073204546, "x7": 14.463175723016253, "x8": 1.2812589236923715, "x9": 2.749988712732662}, "datetime": {"datetime": "2025-05-17 23:01:28", "elapsed": 52454.243534, "delta": 63.96833}}
{"target": 5.4131219740716245, "params": {"x0": 0.8, "x1": 0.9, "x2": 3.1799116954839706, "x3": 4.284868019517896e-77, "x4": 1.7110077963815329, "x5": 2.9987495243319346e-77, "x6": 3.5942736073204546, "x7": 14.463175723016253, "x8": 1.2812589236923715, "x9": 2.749988712732662}, "datetime": {"datetime": "2025-05-17 23:02:34", "elapsed": 52520.685525, "delta": 66.441991}}
{"target": 5.4131219740716245, "params": {"x0": 0.8, "x1": 0.9, "x2": 3.1799116954839706, "x3": 1.2881005455924114e-77, "x4": 1.7110077963815329, "x5": 1.0371544840094377e-77, "x6": 3.5942736073204546, "x7": 14.463175723016253, "x8": 1.2812589236923715, "x9": 2.749988712732662}, "datetime": {"datetime": "2025-05-17 23:03:53", "elapsed": 52599.068305, "delta": 78.38278}}
{"target": 5.4131219740716245, "params": {"x0": 0.8, "x1": 0.9, "x2": 3.1799116954839706, "x3": 1.1185092273199282e-77, "x4": 1.7110077963815329, "x5": 2.16649562320901e-77, "x6": 3.5942736073204546, "x7": 14.463175723016253, "x8": 1.2812589236923715, "x9": 2.749988712732662}, "datetime": {"datetime": "2025-05-17 23:04:59", "elapsed": 52665.559095, "delta": 66.49079}}
{"target": 5.4131219740716245, "params": {"x0": 0.8, "x1": 0.9, "x2": 3.1799116954839706, "x3": 1.5143246141239929e-77, "x4": 1.7110077963815329, "x5": 2.289022102464951e-78, "x6": 3.5942736073204546, "x7": 14.463175723016253, "x8": 1.2812589236923715, "x9": 2.749988712732662}, "datetime": {"datetime": "2025-05-17 23:05:56", "elapsed": 52722.043095, "delta": 56.484}}
{"target": 5.4131219740716245, "params": {"x0": 0.8, "x1": 0.9, "x2": 3.1799116954839706, "x3": 3.2624779537231382e-77, "x4": 1.7110077963815329, "x5": 1.8437920792354114e-77, "x6": 3.5942736073204546, "x7": 14.463175723016253, "x8": 1.2812589236923715, "x9": 2.749988712732662}, "datetime": {"datetime": "2025-05-17 23:06:59", "elapsed": 52785.079982, "delta": 63.036887}}
{"target": 5.4131219740716245, "params": {"x0": 0.8, "x1": 0.9, "x2": 3.1799116954839706, "x3": 1.1789711962279078e-77, "x4": 1.7110077963815329, "x5": 1.775139704815024e-77, "x6": 3.5942736073204546, "x7": 14.463175723016253, "x8": 1.2812589236923715, "x9": 2.749988712732662}, "datetime": {"datetime": "2025-05-17 23:08:16", "elapsed": 52862.655852, "delta": 77.57587}}
{"target": 5.4131219740716245, "params": {"x0": 0.8, "x1": 0.9, "x2": 3.1799116954839706, "x3": 1.5530836058059411e-77, "x4": 1.7110077963815329, "x5": 1.6239554225975584e-77, "x6": 3.5942736073204546, "x7": 14.463175723016253, "x8": 1.2812589236923715, "x9": 2.749988712732662}, "datetime": {"datetime": "2025-05-17 23:09:39", "elapsed": 52945.397678, "delta": 82.741826}}
{"target": 5.4131219740716245, "params": {"x0": 0.8, "x1": 0.9, "x2": 3.1799116954839706, "x3": 1.5121647318956014e-77, "x4": 1.7110077963815329, "x5": 2.9781191262208455e-78, "x6": 3.5942736073204546, "x7": 14.463175723016253, "x8": 1.2812589236923715, "x9": 2.749988712732662}, "datetime": {"datetime": "2025-05-17 23:11:10", "elapsed": 53035.820403, "delta": 90.422725}}
{"target": 5.4131219740716245, "params": {"x0": 0.8, "x1": 0.9, "x2": 3.1799116954839706, "x3": 5.933949705750541e-78, "x4": 1.7110077963815329, "x5": 4.8168911364572675e-78, "x6": 3.5942736073204546, "x7": 14.463175723016253, "x8": 1.2812589236923715, "x9": 2.749988712732662}, "datetime": {"datetime": "2025-05-17 23:12:23", "elapsed": 53108.817458, "delta": 72.997055}}
{"target": 5.4131219740716245, "params": {"x0": 0.8, "x1": 0.9, "x2": 3.1799116954839706, "x3": 1.6709309897254278e-77, "x4": 1.7110077963815329, "x5": 4.486929586830525e-78, "x6": 3.5942736073204546, "x7": 14.463175723016253, "x8": 1.2812589236923715, "x9": 2.749988712732662}, "datetime": {"datetime": "2025-05-17 23:13:27", "elapsed": 53172.935801, "delta": 64.118343}}
{"target": 5.4131219740716245, "params": {"x0": 0.8, "x1": 0.9, "x2": 3.1799116954839706, "x3": 3.457214872331218e-78, "x4": 1.7110077963815329, "x5": 6.065319063141983e-78, "x6": 3.5942736073204546, "x7": 14.463175723016253, "x8": 1.2812589236923715, "x9": 2.749988712732662}, "datetime": {"datetime": "2025-05-17 23:14:44", "elapsed": 53250.188681, "delta": 77.25288}}
{"target": 5.4131219740716245, "params": {"x0": 0.8, "x1": 0.9, "x2": 3.1799116954839706, "x3": 6.11738597577943e-80, "x4": 1.7110077963815329, "x5": 6.131897020921651e-78, "x6": 3.5942736073204546, "x7": 14.463175723016253, "x8": 1.2812589236923715, "x9": 2.749988712732662}, "datetime": {"datetime": "2025-05-17 23:15:57", "elapsed": 53323.408609, "delta": 73.219928}}
{"target": 5.4131219740716245, "params": {"x0": 0.8, "x1": 0.9, "x2": 3.1799116954839706, "x3": 1.9606176152297404e-78, "x4": 1.7110077963815329, "x5": 4.332146041391029e-78, "x6": 3.5942736073204546, "x7": 14.463175723016253, "x8": 1.2812589236923715, "x9": 2.749988712732662}, "datetime": {"datetime": "2025-05-17 23:17:16", "elapsed": 53402.40121, "delta": 78.992601}}
{"target": 5.4131219740716245, "params": {"x0": 0.8, "x1": 0.9, "x2": 3.1799116954839706, "x3": 4.470761889088899e-78, "x4": 1.7110077963815329, "x5": 2.913502796789669e-78, "x6": 3.5942736073204546, "x7": 14.463175723016253, "x8": 1.2812589236923715, "x9": 2.749988712732662}, "datetime": {"datetime": "2025-05-17 23:18:26", "elapsed": 53472.527609, "delta": 70.126399}}
{"target": 5.4131219740716245, "params": {"x0": 0.8, "x1": 0.9, "x2": 3.1799116954839706, "x3": 7.789853508612917e-78, "x4": 1.7110077963815329, "x5": 4.385778527441975e-80, "x6": 3.5942736073204546, "x7": 14.463175723016253, "x8": 1.2812589236923715, "x9": 2.749988712732662}, "datetime": {"datetime": "2025-05-17 23:19:58", "elapsed": 53564.582931, "delta": 92.055322}}
{"target": 5.4131219740716245, "params": {"x0": 0.8, "x1": 0.9, "x2": 3.1799116954839706, "x3": 8.279062506563922e-78, "x4": 1.7110077963815329, "x5": 7.063771135661341e-78, "x6": 3.5942736073204546, "x7": 14.463175723016253, "x8": 1.2812589236923715, "x9": 2.749988712732662}, "datetime": {"datetime": "2025-05-17 23:21:09", "elapsed": 53634.90272, "delta": 70.319789}}
{"target": 5.4131219740716245, "params": {"x0": 0.8, "x1": 0.9, "x2": 3.1799116954839706, "x3": 5.63460698553838e-78, "x4": 1.7110077963815329, "x5": 3.94989374179527e-78, "x6": 3.5942736073204546, "x7": 14.463175723016253, "x8": 1.2812589236923715, "x9": 2.749988712732662}, "datetime": {"datetime": "2025-05-17 23:22:31", "elapsed": 53717.535312, "delta": 82.632592}}
{"target": 5.4131219740716245, "params": {"x0": 0.8, "x1": 0.9, "x2": 3.1799116954839706, "x3": 4.409892822002491e-78, "x4": 1.7110077963815329, "x5": 3.3987114686750633e-78, "x6": 3.5942736073204546, "x7": 14.463175723016253, "x8": 1.2812589236923715, "x9": 2.749988712732662}, "datetime": {"datetime": "2025-05-17 23:23:45", "elapsed": 53791.431955, "delta": 73.896643}}
{"target": 5.4131219740716245, "params": {"x0": 0.8, "x1": 0.9, "x2": 3.1799116954839706, "x3": 5.395663666664473e-78, "x4": 1.7110077963815329, "x5": 1.6336303628905302e-78, "x6": 3.5942736073204546, "x7": 14.463175723016253, "x8": 1.2812589236923715, "x9": 2.749988712732662}, "datetime": {"datetime": "2025-05-17 23:24:56", "elapsed": 53861.975567, "delta": 70.543612}}
{"target": 5.4131219740716245, "params": {"x0": 0.8, "x1": 0.9, "x2": 3.1799116954839706, "x3": 3.450720549398814e-78, "x4": 1.7110077963815329, "x5": 2.384727113542391e-78, "x6": 3.5942736073204546, "x7": 14.463175723016253, "x8": 1.2812589236923715, "x9": 2.749988712732662}, "datetime": {"datetime": "2025-05-17 23:26:18", "elapsed": 53944.245533, "delta": 82.269966}}
{"target": 5.4131219740716245, "params": {"x0": 0.8, "x1": 0.9, "x2": 3.1799116954839706, "x3": 1.7339928057153874e-78, "x4": 1.7110077963815329, "x5": 2.1859706954215465e-78, "x6": 3.5942736073204546, "x7": 14.463175723016253, "x8": 1.2812589236923715, "x9": 2.749988712732662}, "datetime": {"datetime": "2025-05-17 23:27:48", "elapsed": 54034.702493, "delta": 90.45696}}
{"target": 5.4131219740716245, "params": {"x0": 0.8, "x1": 0.9, "x2": 3.1799116954839706, "x3": 3.2767284729114387e-78, "x4": 1.7110077963815329, "x5": 1.4814729705236995e-78, "x6": 3.5942736073204546, "x7": 14.463175723016253, "x8": 1.2812589236923715, "x9": 2.749988712732662}, "datetime": {"datetime": "2025-05-17 23:28:46", "elapsed": 54092.0505, "delta": 57.348007}}
{"target": 5.4131219740716245, "params": {"x0": 0.8, "x1": 0.9, "x2": 3.1799116954839706, "x3": 4.590212433950281e-78, "x4": 1.7110077963815329, "x5": 1.4992522567903797e-78, "x6": 3.5942736073204546, "x7": 14.463175723016253, "x8": 1.2812589236923715, "x9": 2.749988712732662}, "datetime": {"datetime": "2025-05-17 23:29:59", "elapsed": 54165.497189, "delta": 73.446689}}
{"target": 5.4131219740716245, "params": {"x0": 0.8, "x1": 0.9, "x2": 3.1799116954839706, "x3": 9.06279666440769e-79, "x4": 1.7110077963815329, "x5": 2.022368039958039e-79, "x6": 3.5942736073204546, "x7": 14.463175723016253, "x8": 1.2812589236923715, "x9": 2.749988712732662}, "datetime": {"datetime": "2025-05-17 23:31:13", "elapsed": 54239.251661, "delta": 73.754472}}
{"target": 5.4131219740716245, "params": {"x0": 0.8, "x1": 0.9, "x2": 3.1799116954839706, "x3": 2.875364273765792e-78, "x4": 1.7110077963815329, "x5": 1.838038798359283e-78, "x6": 3.5942736073204546, "x7": 14.463175723016253, "x8": 1.2812589236923715, "x9": 2.749988712732662}, "datetime": {"datetime": "2025-05-17 23:33:03", "elapsed": 54348.879188, "delta": 109.627527}}
{"target": 5.4131219740716245, "params": {"x0": 0.8, "x1": 0.9, "x2": 3.1799116954839706, "x3": 2.940380642978354e-78, "x4": 1.7110077963815329, "x5": 1.5834067148914916e-78, "x6": 3.5942736073204546, "x7": 14.463175723016253, "x8": 1.2812589236923715, "x9": 2.749988712732662}, "datetime": {"datetime": "2025-05-17 23:34:34", "elapsed": 54440.559346, "delta": 91.680158}}
{"target": 5.4131219740716245, "params": {"x0": 0.8, "x1": 0.9, "x2": 3.1799116954839706, "x3": 2.4239376548637515e-78, "x4": 1.7110077963815329, "x5": 7.533030422039127e-79, "x6": 3.5942736073204546, "x7": 14.463175723016253, "x8": 1.2812589236923715, "x9": 2.749988712732662}, "datetime": {"datetime": "2025-05-17 23:35:30", "elapsed": 54495.926771, "delta": 55.367425}}
{"target": 5.4131219740716245, "params": {"x0": 0.8, "x1": 0.9, "x2": 3.1799116954839706, "x3": 2.014612665994528e-78, "x4": 1.7110077963815329, "x5": 2.741739051889828e-79, "x6": 3.5942736073204546, "x7": 14.463175723016253, "x8": 1.2812589236923715, "x9": 2.749988712732662}, "datetime": {"datetime": "2025-05-17 23:36:40", "elapsed": 54566.145969, "delta": 70.219198}}
{"target": 5.4131219740716245, "params": {"x0": 0.8, "x1": 0.9, "x2": 3.1799116954839706, "x3": 2.9708802760156514e-79, "x4": 1.7110077963815329, "x5": 1.5926139757813186e-78, "x6": 3.5942736073204546, "x7": 14.463175723016253, "x8": 1.2812589236923715, "x9": 2.749988712732662}, "datetime": {"datetime": "2025-05-17 23:38:04", "elapsed": 54650.088479, "delta": 83.94251}}
{"target": 5.4131219740716245, "params": {"x0": 0.8, "x1": 0.9, "x2": 3.1799116954839706, "x3": 2.0009050228529465e-78, "x4": 1.7110077963815329, "x5": 5.889553218211816e-79, "x6": 3.5942736073204546, "x7": 14.463175723016253, "x8": 1.2812589236923715, "x9": 2.749988712732662}, "datetime": {"datetime": "2025-05-17 23:39:17", "elapsed": 54722.780472, "delta": 72.691993}}
{"target": 5.4131219740716245, "params": {"x0": 0.8, "x1": 0.9, "x2": 3.1799116954839706, "x3": 1.0664253762758984e-79, "x4": 1.7110077963815329, "x5": 8.321942118306326e-79, "x6": 3.5942736073204546, "x7": 14.463175723016253, "x8": 1.2812589236923715, "x9": 2.749988712732662}, "datetime": {"datetime": "2025-05-17 23:40:43", "elapsed": 54809.528873, "delta": 86.748401}}
{"target": 5.4131219740716245, "params": {"x0": 0.8, "x1": 0.9, "x2": 3.1799116954839706, "x3": 3.782626267108802e-79, "x4": 1.7110077963815329, "x5": 3.152293675573055e-79, "x6": 3.5942736073204546, "x7": 14.463175723016253, "x8": 1.2812589236923715, "x9": 2.749988712732662}, "datetime": {"datetime": "2025-05-17 23:42:14", "elapsed": 54900.650438, "delta": 91.121565}}
{"target": 5.4131219740716245, "params": {"x0": 0.8, "x1": 0.9, "x2": 3.1799116954839706, "x3": 8.547148177795546e-81, "x4": 1.7110077963815329, "x5": 6.821213747181492e-79, "x6": 3.5942736073204546, "x7": 14.463175723016253, "x8": 1.2812589236923715, "x9": 2.749988712732662}, "datetime": {"datetime": "2025-05-17 23:43:20", "elapsed": 54966.304471, "delta": 65.654033}}
{"target": 5.4131219740716245, "params": {"x0": 0.8, "x1": 0.9, "x2": 3.1799116954839706, "x3": 1.0826819304048633e-79, "x4": 1.7110077963815329, "x5": 1.8678385230929882e-79, "x6": 3.5942736073204546, "x7": 14.463175723016253, "x8": 1.2812589236923715, "x9": 2.749988712732662}, "datetime": {"datetime": "2025-05-17 23:44:24", "elapsed": 55030.111072, "delta": 63.806601}}
{"target": 5.4131219740716245, "params": {"x0": 0.8, "x1": 0.9, "x2": 3.1799116954839706, "x3": 1.252618498849293e-78, "x4": 1.7110077963815329, "x5": 8.585055282078812e-79, "x6": 3.5942736073204546, "x7": 14.463175723016253, "x8": 1.2812589236923715, "x9": 2.749988712732662}, "datetime": {"datetime": "2025-05-17 23:45:29", "elapsed": 55095.669864, "delta": 65.558792}}
