{"target": 5.4131219740716245, "params": {"x0": 0.8, "x1": 0.9, "x2": 3.1799116954839706, "x3": 1.6010051630973515e-33, "x4": 1.7110077963815329, "x5": 4.1452587474399844e-33, "x6": 3.5942736073204546, "x7": 14.463175723016253, "x8": 1.2812589236923715, "x9": 2.749988712732662}, "datetime": {"datetime": "2025-05-17 11:08:48", "elapsed": 9694.427035, "delta": 18.158747}}
{"target": 5.4131219740716245, "params": {"x0": 0.8, "x1": 0.9, "x2": 3.1799116954839706, "x3": 6.945204593510688e-33, "x4": 1.7110077963815329, "x5": 8.093179348103726e-34, "x6": 3.5942736073204546, "x7": 14.463175723016253, "x8": 1.2812589236923715, "x9": 2.749988712732662}, "datetime": {"datetime": "2025-05-17 11:09:09", "elapsed": 9715.419043, "delta": 20.992008}}
{"target": 5.4131219740716245, "params": {"x0": 0.8, "x1": 0.9, "x2": 3.1799116954839706, "x3": 4.2723455385233355e-33, "x4": 1.7110077963815329, "x5": 4.059671693983236e-33, "x6": 3.5942736073204546, "x7": 14.463175723016253, "x8": 1.2812589236923715, "x9": 2.749988712732662}, "datetime": {"datetime": "2025-05-17 11:09:30", "elapsed": 9736.150261, "delta": 20.731218}}
{"target": 5.4131219740716245, "params": {"x0": 0.8, "x1": 0.9, "x2": 3.1799116954839706, "x3": 1.8649409542688248e-33, "x4": 1.7110077963815329, "x5": 8.079366941230104e-35, "x6": 3.5942736073204546, "x7": 14.463175723016253, "x8": 1.2812589236923715, "x9": 2.749988712732662}, "datetime": {"datetime": "2025-05-17 11:09:49", "elapsed": 9754.809488, "delta": 18.659227}}
{"target": 5.4131219740716245, "params": {"x0": 0.8, "x1": 0.9, "x2": 3.1799116954839706, "x3": 5.3342190980813396e-33, "x4": 1.7110077963815329, "x5": 4.2822736552085594e-33, "x6": 3.5942736073204546, "x7": 14.463175723016253, "x8": 1.2812589236923715, "x9": 2.749988712732662}, "datetime": {"datetime": "2025-05-17 11:10:11", "elapsed": 9777.054925, "delta": 22.245437}}
{"target": 5.4131219740716245, "params": {"x0": 0.8, "x1": 0.9, "x2": 3.1799116954839706, "x3": 1.1423427206336752e-33, "x4": 1.7110077963815329, "x5": 2.9530066176732408e-33, "x6": 3.5942736073204546, "x7": 14.463175723016253, "x8": 1.2812589236923715, "x9": 2.749988712732662}, "datetime": {"datetime": "2025-05-17 11:10:30", "elapsed": 9796.310022, "delta": 19.255097}}
{"target": 5.4131219740716245, "params": {"x0": 0.8, "x1": 0.9, "x2": 3.1799116954839706, "x3": 2.8098029738908476e-33, "x4": 1.7110077963815329, "x5": 1.3386478673166635e-33, "x6": 3.5942736073204546, "x7": 14.463175723016253, "x8": 1.2812589236923715, "x9": 2.749988712732662}, "datetime": {"datetime": "2025-05-17 11:10:48", "elapsed": 9814.485005, "delta": 18.174983}}
{"target": 5.4131219740716245, "params": {"x0": 0.8, "x1": 0.9, "x2": 3.1799116954839706, "x3": 2.994685292786921e-33, "x4": 1.7110077963815329, "x5": 3.231073478036723e-33, "x6": 3.5942736073204546, "x7": 14.463175723016253, "x8": 1.2812589236923715, "x9": 2.749988712732662}, "datetime": {"datetime": "2025-05-17 11:11:08", "elapsed": 9834.109576, "delta": 19.624571}}
{"target": 5.4131219740716245, "params": {"x0": 0.8, "x1": 0.9, "x2": 3.1799116954839706, "x3": 1.5000038142352084e-35, "x4": 1.7110077963815329, "x5": 2.894218489050874e-33, "x6": 3.5942736073204546, "x7": 14.463175723016253, "x8": 1.2812589236923715, "x9": 2.749988712732662}, "datetime": {"datetime": "2025-05-17 11:11:26", "elapsed": 9852.482542, "delta": 18.372966}}
{"target": 5.4131219740716245, "params": {"x0": 0.8, "x1": 0.9, "x2": 3.1799116954839706, "x3": 9.514549498426226e-34, "x4": 1.7110077963815329, "x5": 2.195219342876661e-33, "x6": 3.5942736073204546, "x7": 14.463175723016253, "x8": 1.2812589236923715, "x9": 2.749988712732662}, "datetime": {"datetime": "2025-05-17 11:11:43", "elapsed": 9869.022062, "delta": 16.53952}}
{"target": 5.4131219740716245, "params": {"x0": 0.8, "x1": 0.9, "x2": 3.1799116954839706, "x3": 1.8673121022474233e-33, "x4": 1.7110077963815329, "x5": 2.125650283314226e-33, "x6": 3.5942736073204546, "x7": 14.463175723016253, "x8": 1.2812589236923715, "x9": 2.749988712732662}, "datetime": {"datetime": "2025-05-17 11:12:07", "elapsed": 9893.680238, "delta": 24.658176}}
{"target": 5.4131219740716245, "params": {"x0": 0.8, "x1": 0.9, "x2": 3.1799116954839706, "x3": 2.4416103757297287e-33, "x4": 1.7110077963815329, "x5": 6.865679070952653e-34, "x6": 3.5942736073204546, "x7": 14.463175723016253, "x8": 1.2812589236923715, "x9": 2.749988712732662}, "datetime": {"datetime": "2025-05-17 11:12:29", "elapsed": 9914.758653, "delta": 21.078415}}
{"target": 5.4131219740716245, "params": {"x0": 0.8, "x1": 0.9, "x2": 3.1799116954839706, "x3": 2.0752372296558142e-33, "x4": 1.7110077963815329, "x5": 1.6017697519896556e-33, "x6": 3.5942736073204546, "x7": 14.463175723016253, "x8": 1.2812589236923715, "x9": 2.749988712732662}, "datetime": {"datetime": "2025-05-17 11:12:50", "elapsed": 9936.162667, "delta": 21.404014}}
{"target": 5.4131219740716245, "params": {"x0": 0.8, "x1": 0.9, "x2": 3.1799116954839706, "x3": 2.5186033615590044e-33, "x4": 1.7110077963815329, "x5": 1.7642831307716264e-33, "x6": 3.5942736073204546, "x7": 14.463175723016253, "x8": 1.2812589236923715, "x9": 2.749988712732662}, "datetime": {"datetime": "2025-05-17 11:13:11", "elapsed": 9957.622192, "delta": 21.459525}}
{"target": 5.4131219740716245, "params": {"x0": 0.8, "x1": 0.9, "x2": 3.1799116954839706, "x3": 1.082446806070479e-33, "x4": 1.7110077963815329, "x5": 3.1422552173671046e-34, "x6": 3.5942736073204546, "x7": 14.463175723016253, "x8": 1.2812589236923715, "x9": 2.749988712732662}, "datetime": {"datetime": "2025-05-17 11:13:30", "elapsed": 9976.346876, "delta": 18.724684}}
{"target": 5.4131219740716245, "params": {"x0": 0.8, "x1": 0.9, "x2": 3.1799116954839706, "x3": 1.0840519124456942e-33, "x4": 1.7110077963815329, "x5": 1.4392879314007487e-34, "x6": 3.5942736073204546, "x7": 14.463175723016253, "x8": 1.2812589236923715, "x9": 2.749988712732662}, "datetime": {"datetime": "2025-05-17 11:13:51", "elapsed": 9997.303894, "delta": 20.957018}}
{"target": 5.4131219740716245, "params": {"x0": 0.8, "x1": 0.9, "x2": 3.1799116954839706, "x3": 1.0541764437582727e-34, "x4": 1.7110077963815329, "x5": 7.858654200812423e-34, "x6": 3.5942736073204546, "x7": 14.463175723016253, "x8": 1.2812589236923715, "x9": 2.749988712732662}, "datetime": {"datetime": "2025-05-17 11:14:13", "elapsed": 10019.636961, "delta": 22.333067}}
{"target": 5.4131219740716245, "params": {"x0": 0.8, "x1": 0.9, "x2": 3.1799116954839706, "x3": 1.5682803243321906e-33, "x4": 1.7110077963815329, "x5": 5.864647957539522e-34, "x6": 3.5942736073204546, "x7": 14.463175723016253, "x8": 1.2812589236923715, "x9": 2.749988712732662}, "datetime": {"datetime": "2025-05-17 11:14:38", "elapsed": 10044.477559, "delta": 24.840598}}
{"target": 5.4131219740716245, "params": {"x0": 0.8, "x1": 0.9, "x2": 3.1799116954839706, "x3": 9.845281951397446e-34, "x4": 1.7110077963815329, "x5": 7.005248433843534e-34, "x6": 3.5942736073204546, "x7": 14.463175723016253, "x8": 1.2812589236923715, "x9": 2.749988712732662}, "datetime": {"datetime": "2025-05-17 11:15:02", "elapsed": 10068.498149, "delta": 24.02059}}
{"target": 5.4131219740716245, "params": {"x0": 0.8, "x1": 0.9, "x2": 3.1799116954839706, "x3": 1.292945936369727e-33, "x4": 1.7110077963815329, "x5": 7.981783613140248e-34, "x6": 3.5942736073204546, "x7": 14.463175723016253, "x8": 1.2812589236923715, "x9": 2.749988712732662}, "datetime": {"datetime": "2025-05-17 11:15:21", "elapsed": 10087.272794, "delta": 18.774645}}
{"target": 5.4131219740716245, "params": {"x0": 0.8, "x1": 0.9, "x2": 3.1799116954839706, "x3": 5.248685800844213e-35, "x4": 1.7110077963815329, "x5": 2.741240848660181e-34, "x6": 3.5942736073204546, "x7": 14.463175723016253, "x8": 1.2812589236923715, "x9": 2.749988712732662}, "datetime": {"datetime": "2025-05-17 11:15:42", "elapsed": 10108.258084, "delta": 20.98529}}
{"target": 5.4131219740716245, "params": {"x0": 0.8, "x1": 0.9, "x2": 3.1799116954839706, "x3": 1.076693665438687e-33, "x4": 1.7110077963815329, "x5": 1.962223084986294e-34, "x6": 3.5942736073204546, "x7": 14.463175723016253, "x8": 1.2812589236923715, "x9": 2.749988712732662}, "datetime": {"datetime": "2025-05-17 11:16:01", "elapsed": 10127.432538, "delta": 19.174454}}
{"target": 5.4131219740716245, "params": {"x0": 0.8, "x1": 0.9, "x2": 3.1799116954839706, "x3": 4.6796839670048906e-35, "x4": 1.7110077963815329, "x5": 6.394982349992706e-34, "x6": 3.5942736073204546, "x7": 14.463175723016253, "x8": 1.2812589236923715, "x9": 2.749988712732662}, "datetime": {"datetime": "2025-05-17 11:16:20", "elapsed": 10146.249166, "delta": 18.816628}}
{"target": 5.4131219740716245, "params": {"x0": 0.8, "x1": 0.9, "x2": 3.1799116954839706, "x3": 5.163619776691793e-34, "x4": 1.7110077963815329, "x5": 4.147965813759661e-34, "x6": 3.5942736073204546, "x7": 14.463175723016253, "x8": 1.2812589236923715, "x9": 2.749988712732662}, "datetime": {"datetime": "2025-05-17 11:16:43", "elapsed": 10169.30205, "delta": 23.052884}}
{"target": 5.4131219740716245, "params": {"x0": 0.8, "x1": 0.9, "x2": 3.1799116954839706, "x3": 3.252163081663721e-34, "x4": 1.7110077963815329, "x5": 4.8471557068547955e-34, "x6": 3.5942736073204546, "x7": 14.463175723016253, "x8": 1.2812589236923715, "x9": 2.749988712732662}, "datetime": {"datetime": "2025-05-17 11:17:02", "elapsed": 10188.139642, "delta": 18.837592}}
{"target": 5.4131219740716245, "params": {"x0": 0.8, "x1": 0.9, "x2": 3.1799116954839706, "x3": 2.1671087714676123e-34, "x4": 1.7110077963815329, "x5": 1.8433050844143454e-34, "x6": 3.5942736073204546, "x7": 14.463175723016253, "x8": 1.2812589236923715, "x9": 2.749988712732662}, "datetime": {"datetime": "2025-05-17 11:17:25", "elapsed": 10211.541585, "delta": 23.401943}}
{"target": 5.4131219740716245, "params": {"x0": 0.8, "x1": 0.9, "x2": 3.1799116954839706, "x3": 1.4208891146652342e-34, "x4": 1.7110077963815329, "x5": 5.881393727916758e-35, "x6": 3.5942736073204546, "x7": 14.463175723016253, "x8": 1.2812589236923715, "x9": 2.749988712732662}, "datetime": {"datetime": "2025-05-17 11:17:46", "elapsed": 10232.679603, "delta": 21.138018}}
{"target": 5.4131219740716245, "params": {"x0": 0.8, "x1": 0.9, "x2": 3.1799116954839706, "x3": 4.148108747017959e-34, "x4": 1.7110077963815329, "x5": 3.362859276847981e-34, "x6": 3.5942736073204546, "x7": 14.463175723016253, "x8": 1.2812589236923715, "x9": 2.749988712732662}, "datetime": {"datetime": "2025-05-17 11:18:08", "elapsed": 10254.213517, "delta": 21.533914}}
{"target": 5.4131219740716245, "params": {"x0": 0.8, "x1": 0.9, "x2": 3.1799116954839706, "x3": 1.3942776547625416e-34, "x4": 1.7110077963815329, "x5": 2.1554282049507315e-34, "x6": 3.5942736073204546, "x7": 14.463175723016253, "x8": 1.2812589236923715, "x9": 2.749988712732662}, "datetime": {"datetime": "2025-05-17 11:18:30", "elapsed": 10275.888981, "delta": 21.675464}}
{"target": 5.4131219740716245, "params": {"x0": 0.8, "x1": 0.9, "x2": 3.1799116954839706, "x3": 2.4139261776971027e-34, "x4": 1.7110077963815329, "x5": 3.421799712020212e-35, "x6": 3.5942736073204546, "x7": 14.463175723016253, "x8": 1.2812589236923715, "x9": 2.749988712732662}, "datetime": {"datetime": "2025-05-17 11:18:46", "elapsed": 10292.264338, "delta": 16.375357}}
{"target": 5.4131219740716245, "params": {"x0": 0.8, "x1": 0.9, "x2": 3.1799116954839706, "x3": 1.8287838427141996e-34, "x4": 1.7110077963815329, "x5": 6.968159330445255e-35, "x6": 3.5942736073204546, "x7": 14.463175723016253, "x8": 1.2812589236923715, "x9": 2.749988712732662}, "datetime": {"datetime": "2025-05-17 11:19:09", "elapsed": 10315.665183, "delta": 23.400845}}
{"target": 5.4131219740716245, "params": {"x0": 0.8, "x1": 0.9, "x2": 3.1799116954839706, "x3": 3.1462020348113747e-34, "x4": 1.7110077963815329, "x5": 2.4133007452778565e-34, "x6": 3.5942736073204546, "x7": 14.463175723016253, "x8": 1.2812589236923715, "x9": 2.749988712732662}, "datetime": {"datetime": "2025-05-17 11:19:31", "elapsed": 10337.45259, "delta": 21.787407}}
{"target": 5.4131219740716245, "params": {"x0": 0.8, "x1": 0.9, "x2": 3.1799116954839706, "x3": 3.379435480711257e-34, "x4": 1.7110077963815329, "x5": 2.1132221939782883e-34, "x6": 3.5942736073204546, "x7": 14.463175723016253, "x8": 1.2812589236923715, "x9": 2.749988712732662}, "datetime": {"datetime": "2025-05-17 11:19:53", "elapsed": 10359.133498, "delta": 21.680908}}
{"target": 5.4131219740716245, "params": {"x0": 0.8, "x1": 0.9, "x2": 3.1799116954839706, "x3": 1.3735342684363466e-36, "x4": 1.7110077963815329, "x5": 4.649484607969704e-35, "x6": 3.5942736073204546, "x7": 14.463175723016253, "x8": 1.2812589236923715, "x9": 2.749988712732662}, "datetime": {"datetime": "2025-05-17 11:20:14", "elapsed": 10380.519504, "delta": 21.386006}}
{"target": 5.4131219740716245, "params": {"x0": 0.8, "x1": 0.9, "x2": 3.1799116954839706, "x3": 1.584324436849504e-34, "x4": 1.7110077963815329, "x5": 9.95351086541073e-35, "x6": 3.5942736073204546, "x7": 14.463175723016253, "x8": 1.2812589236923715, "x9": 2.749988712732662}, "datetime": {"datetime": "2025-05-17 11:20:36", "elapsed": 10402.162815, "delta": 21.643311}}
{"target": 5.4131219740716245, "params": {"x0": 0.8, "x1": 0.9, "x2": 3.1799116954839706, "x3": 1.448564217023896e-34, "x4": 1.7110077963815329, "x5": 1.0593073600248277e-34, "x6": 3.5942736073204546, "x7": 14.463175723016253, "x8": 1.2812589236923715, "x9": 2.749988712732662}, "datetime": {"datetime": "2025-05-17 11:20:56", "elapsed": 10422.039289, "delta": 19.876474}}
{"target": 5.4131219740716245, "params": {"x0": 0.8, "x1": 0.9, "x2": 3.1799116954839706, "x3": 3.82335190459878e-35, "x4": 1.7110077963815329, "x5": 1.1925890629953078e-34, "x6": 3.5942736073204546, "x7": 14.463175723016253, "x8": 1.2812589236923715, "x9": 2.749988712732662}, "datetime": {"datetime": "2025-05-17 11:21:16", "elapsed": 10442.251631, "delta": 20.212342}}
{"target": 5.4131219740716245, "params": {"x0": 0.8, "x1": 0.9, "x2": 3.1799116954839706, "x3": 6.23712585737511e-35, "x4": 1.7110077963815329, "x5": 9.594148317407325e-35, "x6": 3.5942736073204546, "x7": 14.463175723016253, "x8": 1.2812589236923715, "x9": 2.749988712732662}, "datetime": {"datetime": "2025-05-17 11:21:39", "elapsed": 10465.386721, "delta": 23.13509}}
{"target": 5.4131219740716245, "params": {"x0": 0.8, "x1": 0.9, "x2": 3.1799116954839706, "x3": 9.597843905516477e-35, "x4": 1.7110077963815329, "x5": 5.633650228985759e-35, "x6": 3.5942736073204546, "x7": 14.463175723016253, "x8": 1.2812589236923715, "x9": 2.749988712732662}, "datetime": {"datetime": "2025-05-17 11:22:01", "elapsed": 10487.342248, "delta": 21.955527}}
{"target": 5.4131219740716245, "params": {"x0": 0.8, "x1": 0.9, "x2": 3.1799116954839706, "x3": 1.2787874097064746e-34, "x4": 1.7110077963815329, "x5": 2.109195478753362e-35, "x6": 3.5942736073204546, "x7": 14.463175723016253, "x8": 1.2812589236923715, "x9": 2.749988712732662}, "datetime": {"datetime": "2025-05-17 11:22:24", "elapsed": 10510.382249, "delta": 23.040001}}
{"target": 5.4131219740716245, "params": {"x0": 0.8, "x1": 0.9, "x2": 3.1799116954839706, "x3": 5.32799425023421e-36, "x4": 1.7110077963815329, "x5": 2.0964688305928537e-35, "x6": 3.5942736073204546, "x7": 14.463175723016253, "x8": 1.2812589236923715, "x9": 2.749988712732662}, "datetime": {"datetime": "2025-05-17 11:22:47", "elapsed": 10532.759285, "delta": 22.377036}}
{"target": 5.4131219740716245, "params": {"x0": 0.8, "x1": 0.9, "x2": 3.1799116954839706, "x3": 6.295791203571178e-35, "x4": 1.7110077963815329, "x5": 8.371945073218418e-35, "x6": 3.5942736073204546, "x7": 14.463175723016253, "x8": 1.2812589236923715, "x9": 2.749988712732662}, "datetime": {"datetime": "2025-05-17 11:23:11", "elapsed": 10557.126781, "delta": 24.367496}}
{"target": 5.4131219740716245, "params": {"x0": 0.8, "x1": 0.9, "x2": 3.1799116954839706, "x3": 5.664188253385799e-35, "x4": 1.7110077963815329, "x5": 3.4041872797477225e-35, "x6": 3.5942736073204546, "x7": 14.463175723016253, "x8": 1.2812589236923715, "x9": 2.749988712732662}, "datetime": {"datetime": "2025-05-17 11:23:34", "elapsed": 10579.892644, "delta": 22.765863}}
{"target": 5.4131219740716245, "params": {"x0": 0.8, "x1": 0.9, "x2": 3.1799116954839706, "x3": 6.711352336839935e-35, "x4": 1.7110077963815329, "x5": 2.0412036638707104e-35, "x6": 3.5942736073204546, "x7": 14.463175723016253, "x8": 1.2812589236923715, "x9": 2.749988712732662}, "datetime": {"datetime": "2025-05-17 11:23:54", "elapsed": 10600.577251, "delta": 20.684607}}
{"target": 5.4131219740716245, "params": {"x0": 0.8, "x1": 0.9, "x2": 3.1799116954839706, "x3": 7.405090984325107e-35, "x4": 1.7110077963815329, "x5": 4.0363870236117673e-35, "x6": 3.5942736073204546, "x7": 14.463175723016253, "x8": 1.2812589236923715, "x9": 2.749988712732662}, "datetime": {"datetime": "2025-05-17 11:24:16", "elapsed": 10622.646091, "delta": 22.06884}}
{"target": 5.4131219740716245, "params": {"x0": 0.8, "x1": 0.9, "x2": 3.1799116954839706, "x3": 1.321736337121948e-35, "x4": 1.7110077963815329, "x5": 9.363573293958843e-36, "x6": 3.5942736073204546, "x7": 14.463175723016253, "x8": 1.2812589236923715, "x9": 2.749988712732662}, "datetime": {"datetime": "2025-05-17 11:24:35", "elapsed": 10640.87608, "delta": 18.229989}}
{"target": 5.4131219740716245, "params": {"x0": 0.8, "x1": 0.9, "x2": 3.1799116954839706, "x3": 1.3668828206976826e-35, "x4": 1.7110077963815329, "x5": 4.363584200389496e-35, "x6": 3.5942736073204546, "x7": 14.463175723016253, "x8": 1.2812589236923715, "x9": 2.749988712732662}, "datetime": {"datetime": "2025-05-17 11:24:52", "elapsed": 10658.346513, "delta": 17.470433}}
{"target": 5.4131219740716245, "params": {"x0": 0.8, "x1": 0.9, "x2": 3.1799116954839706, "x3": 3.7442978389659235e-35, "x4": 1.7110077963815329, "x5": 5.096763760274457e-37, "x6": 3.5942736073204546, "x7": 14.463175723016253, "x8": 1.2812589236923715, "x9": 2.749988712732662}, "datetime": {"datetime": "2025-05-17 11:25:15", "elapsed": 10680.866658, "delta": 22.520145}}
{"target": 5.4131219740716245, "params": {"x0": 0.8, "x1": 0.9, "x2": 3.1799116954839706, "x3": 1.2790215830765386e-35, "x4": 1.7110077963815329, "x5": 1.1458495146208995e-35, "x6": 3.5942736073204546, "x7": 14.463175723016253, "x8": 1.2812589236923715, "x9": 2.749988712732662}, "datetime": {"datetime": "2025-05-17 11:25:34", "elapsed": 10700.64483, "delta": 19.778172}}
{"target": 5.4131219740716245, "params": {"x0": 0.8, "x1": 0.9, "x2": 3.1799116954839706, "x3": 4.5948638020370033e-35, "x4": 1.7110077963815329, "x5": 2.533491709549413e-35, "x6": 3.5942736073204546, "x7": 14.463175723016253, "x8": 1.2812589236923715, "x9": 2.749988712732662}, "datetime": {"datetime": "2025-05-17 11:25:56", "elapsed": 10722.460632, "delta": 21.815802}}
{"target": 5.4131219740716245, "params": {"x0": 0.8, "x1": 0.9, "x2": 3.1799116954839706, "x3": 1.9908020368251355e-35, "x4": 1.7110077963815329, "x5": 8.424542941896655e-36, "x6": 3.5942736073204546, "x7": 14.463175723016253, "x8": 1.2812589236923715, "x9": 2.749988712732662}, "datetime": {"datetime": "2025-05-17 11:26:18", "elapsed": 10743.858692, "delta": 21.39806}}
{"target": 5.4131219740716245, "params": {"x0": 0.8, "x1": 0.9, "x2": 3.1799116954839706, "x3": 4.5772671347549926e-35, "x4": 1.7110077963815329, "x5": 9.551919912348108e-36, "x6": 3.5942736073204546, "x7": 14.463175723016253, "x8": 1.2812589236923715, "x9": 2.749988712732662}, "datetime": {"datetime": "2025-05-17 11:26:40", "elapsed": 10766.45229, "delta": 22.593598}}
{"target": 5.4131219740716245, "params": {"x0": 0.8, "x1": 0.9, "x2": 3.1799116954839706, "x3": 3.7177341569937e-35, "x4": 1.7110077963815329, "x5": 1.2917010094471524e-35, "x6": 3.5942736073204546, "x7": 14.463175723016253, "x8": 1.2812589236923715, "x9": 2.749988712732662}, "datetime": {"datetime": "2025-05-17 11:27:04", "elapsed": 10790.717332, "delta": 24.265042}}
{"target": 5.4131219740716245, "params": {"x0": 0.8, "x1": 0.9, "x2": 3.1799116954839706, "x3": 1.8771902921677272e-35, "x4": 1.7110077963815329, "x5": 1.9564351305514123e-35, "x6": 3.5942736073204546, "x7": 14.463175723016253, "x8": 1.2812589236923715, "x9": 2.749988712732662}, "datetime": {"datetime": "2025-05-17 11:27:26", "elapsed": 10811.95928, "delta": 21.241948}}
{"target": 5.4131219740716245, "params": {"x0": 0.8, "x1": 0.9, "x2": 3.1799116954839706, "x3": 3.102342718029484e-35, "x4": 1.7110077963815329, "x5": 8.784360893514463e-36, "x6": 3.5942736073204546, "x7": 14.463175723016253, "x8": 1.2812589236923715, "x9": 2.749988712732662}, "datetime": {"datetime": "2025-05-17 11:27:49", "elapsed": 10835.708505, "delta": 23.749225}}
{"target": 5.4131219740716245, "params": {"x0": 0.8, "x1": 0.9, "x2": 3.1799116954839706, "x3": 2.3388147343342795e-35, "x4": 1.7110077963815329, "x5": 5.3036348992294224e-36, "x6": 3.5942736073204546, "x7": 14.463175723016253, "x8": 1.2812589236923715, "x9": 2.749988712732662}, "datetime": {"datetime": "2025-05-17 11:28:12", "elapsed": 10858.451072, "delta": 22.742567}}
{"target": 5.4131219740716245, "params": {"x0": 0.8, "x1": 0.9, "x2": 3.1799116954839706, "x3": 2.625453701428332e-35, "x4": 1.7110077963815329, "x5": 1.360893286522267e-35, "x6": 3.5942736073204546, "x7": 14.463175723016253, "x8": 1.2812589236923715, "x9": 2.749988712732662}, "datetime": {"datetime": "2025-05-17 11:28:38", "elapsed": 10884.582102, "delta": 26.13103}}
{"target": 5.4131219740716245, "params": {"x0": 0.8, "x1": 0.9, "x2": 3.1799116954839706, "x3": 7.684426329386885e-36, "x4": 1.7110077963815329, "x5": 4.8034077734589653e-36, "x6": 3.5942736073204546, "x7": 14.463175723016253, "x8": 1.2812589236923715, "x9": 2.749988712732662}, "datetime": {"datetime": "2025-05-17 11:28:58", "elapsed": 10903.951698, "delta": 19.369596}}
{"target": 5.4131219740716245, "params": {"x0": 0.8, "x1": 0.9, "x2": 3.1799116954839706, "x3": 2.058558276432581e-35, "x4": 1.7110077963815329, "x5": 1.0391687567887544e-35, "x6": 3.5942736073204546, "x7": 14.463175723016253, "x8": 1.2812589236923715, "x9": 2.749988712732662}, "datetime": {"datetime": "2025-05-17 11:29:17", "elapsed": 10923.666895, "delta": 19.715197}}
