{"target": 5.4131219740716245, "params": {"x0": 0.8, "x1": 0.9, "x2": 3.1799116954839706, "x3": 1.5696793240140067e-19, "x4": 1.7110077963815329, "x5": 9.29668246824328e-20, "x6": 3.5942736073204546, "x7": 14.463175723016253, "x8": 1.2812589236923715, "x9": 2.749988712732662}, "datetime": {"datetime": "2025-05-17 09:47:35", "elapsed": 4821.606212, "delta": 14.013166}}
{"target": 5.4131219740716245, "params": {"x0": 0.8, "x1": 0.9, "x2": 3.1799116954839706, "x3": 2.511301733008894e-19, "x4": 1.7110077963815329, "x5": 4.339710193046222e-20, "x6": 3.5942736073204546, "x7": 14.463175723016253, "x8": 1.2812589236923715, "x9": 2.749988712732662}, "datetime": {"datetime": "2025-05-17 09:47:48", "elapsed": 4834.317154, "delta": 12.710942}}
{"target": 5.4131219740716245, "params": {"x0": 0.8, "x1": 0.9, "x2": 3.1799116954839706, "x3": 1.5961477712116994e-19, "x4": 1.7110077963815329, "x5": 1.2640121003871963e-19, "x6": 3.5942736073204546, "x7": 14.463175723016253, "x8": 1.2812589236923715, "x9": 2.749988712732662}, "datetime": {"datetime": "2025-05-17 09:48:00", "elapsed": 4846.014433, "delta": 11.697279}}
{"target": 5.4131219740716245, "params": {"x0": 0.8, "x1": 0.9, "x2": 3.1799116954839706, "x3": 1.352010105765678e-19, "x4": 1.7110077963815329, "x5": 2.0741975526939174e-20, "x6": 3.5942736073204546, "x7": 14.463175723016253, "x8": 1.2812589236923715, "x9": 2.749988712732662}, "datetime": {"datetime": "2025-05-17 09:48:12", "elapsed": 4858.276875, "delta": 12.262442}}
{"target": 5.4131219740716245, "params": {"x0": 0.8, "x1": 0.9, "x2": 3.1799116954839706, "x3": 1.8959098418957643e-19, "x4": 1.7110077963815329, "x5": 4.4930142076969694e-20, "x6": 3.5942736073204546, "x7": 14.463175723016253, "x8": 1.2812589236923715, "x9": 2.749988712732662}, "datetime": {"datetime": "2025-05-17 09:48:26", "elapsed": 4872.497108, "delta": 14.220233}}
{"target": 5.4131219740716245, "params": {"x0": 0.8, "x1": 0.9, "x2": 3.1799116954839706, "x3": 4.8142444647077466e-20, "x4": 1.7110077963815329, "x5": 4.9771030017747786e-20, "x6": 3.5942736073204546, "x7": 14.463175723016253, "x8": 1.2812589236923715, "x9": 2.749988712732662}, "datetime": {"datetime": "2025-05-17 09:48:38", "elapsed": 4884.191385, "delta": 11.694277}}
{"target": 5.4131219740716245, "params": {"x0": 0.8, "x1": 0.9, "x2": 3.1799116954839706, "x3": 1.2340244799003785e-19, "x4": 1.7110077963815329, "x5": 5.3371426945857017e-20, "x6": 3.5942736073204546, "x7": 14.463175723016253, "x8": 1.2812589236923715, "x9": 2.749988712732662}, "datetime": {"datetime": "2025-05-17 09:48:52", "elapsed": 4897.790522, "delta": 13.599137}}
{"target": 5.4131219740716245, "params": {"x0": 0.8, "x1": 0.9, "x2": 3.1799116954839706, "x3": 3.692321868775088e-20, "x4": 1.7110077963815329, "x5": 4.2104169210026126e-20, "x6": 3.5942736073204546, "x7": 14.463175723016253, "x8": 1.2812589236923715, "x9": 2.749988712732662}, "datetime": {"datetime": "2025-05-17 09:49:04", "elapsed": 4910.160289, "delta": 12.369767}}
{"target": 5.4131219740716245, "params": {"x0": 0.8, "x1": 0.9, "x2": 3.1799116954839706, "x3": 8.406190638159303e-20, "x4": 1.7110077963815329, "x5": 2.708030603050806e-20, "x6": 3.5942736073204546, "x7": 14.463175723016253, "x8": 1.2812589236923715, "x9": 2.749988712732662}, "datetime": {"datetime": "2025-05-17 09:49:17", "elapsed": 4922.830559, "delta": 12.67027}}
{"target": 5.4131219740716245, "params": {"x0": 0.8, "x1": 0.9, "x2": 3.1799116954839706, "x3": 6.970639861769005e-20, "x4": 1.7110077963815329, "x5": 4.1588415927386573e-20, "x6": 3.5942736073204546, "x7": 14.463175723016253, "x8": 1.2812589236923715, "x9": 2.749988712732662}, "datetime": {"datetime": "2025-05-17 09:49:31", "elapsed": 4937.571024, "delta": 14.740465}}
{"target": 5.4131219740716245, "params": {"x0": 0.8, "x1": 0.9, "x2": 3.1799116954839706, "x3": 4.04022944748172e-20, "x4": 1.7110077963815329, "x5": 3.6201988417922814e-20, "x6": 3.5942736073204546, "x7": 14.463175723016253, "x8": 1.2812589236923715, "x9": 2.749988712732662}, "datetime": {"datetime": "2025-05-17 09:49:44", "elapsed": 4950.247569, "delta": 12.676545}}
{"target": 5.4131219740716245, "params": {"x0": 0.8, "x1": 0.9, "x2": 3.1799116954839706, "x3": 3.0565622674209888e-21, "x4": 1.7110077963815329, "x5": 3.120407314794436e-22, "x6": 3.5942736073204546, "x7": 14.463175723016253, "x8": 1.2812589236923715, "x9": 2.749988712732662}, "datetime": {"datetime": "2025-05-17 09:49:58", "elapsed": 4964.43908, "delta": 14.191511}}
{"target": 5.4131219740716245, "params": {"x0": 0.8, "x1": 0.9, "x2": 3.1799116954839706, "x3": 6.999936942542979e-20, "x4": 1.7110077963815329, "x5": 1.6122966498737836e-20, "x6": 3.5942736073204546, "x7": 14.463175723016253, "x8": 1.2812589236923715, "x9": 2.749988712732662}, "datetime": {"datetime": "2025-05-17 09:50:12", "elapsed": 4978.135193, "delta": 13.696113}}
{"target": 5.4131219740716245, "params": {"x0": 0.8, "x1": 0.9, "x2": 3.1799116954839706, "x3": 4.2827416653144836e-20, "x4": 1.7110077963815329, "x5": 6.7562497239576626e-21, "x6": 3.5942736073204546, "x7": 14.463175723016253, "x8": 1.2812589236923715, "x9": 2.749988712732662}, "datetime": {"datetime": "2025-05-17 09:50:24", "elapsed": 4990.057208, "delta": 11.922015}}
{"target": 5.4131219740716245, "params": {"x0": 0.8, "x1": 0.9, "x2": 3.1799116954839706, "x3": 5.538377309299481e-20, "x4": 1.7110077963815329, "x5": 4.20910004059232e-20, "x6": 3.5942736073204546, "x7": 14.463175723016253, "x8": 1.2812589236923715, "x9": 2.749988712732662}, "datetime": {"datetime": "2025-05-17 09:50:36", "elapsed": 5002.61018, "delta": 12.552972}}
{"target": 5.4131219740716245, "params": {"x0": 0.8, "x1": 0.9, "x2": 3.1799116954839706, "x3": 4.3717752943377665e-20, "x4": 1.7110077963815329, "x5": 2.4096183277633456e-20, "x6": 3.5942736073204546, "x7": 14.463175723016253, "x8": 1.2812589236923715, "x9": 2.749988712732662}, "datetime": {"datetime": "2025-05-17 09:50:49", "elapsed": 5014.99519, "delta": 12.38501}}
{"target": 5.4131219740716245, "params": {"x0": 0.8, "x1": 0.9, "x2": 3.1799116954839706, "x3": 1.898472890939222e-20, "x4": 1.7110077963815329, "x5": 8.17711090240269e-21, "x6": 3.5942736073204546, "x7": 14.463175723016253, "x8": 1.2812589236923715, "x9": 2.749988712732662}, "datetime": {"datetime": "2025-05-17 09:51:02", "elapsed": 5027.999229, "delta": 13.004039}}
{"target": 5.4131219740716245, "params": {"x0": 0.8, "x1": 0.9, "x2": 3.1799116954839706, "x3": 4.991621698105403e-20, "x4": 1.7110077963815329, "x5": 2.2233902480068758e-21, "x6": 3.5942736073204546, "x7": 14.463175723016253, "x8": 1.2812589236923715, "x9": 2.749988712732662}, "datetime": {"datetime": "2025-05-17 09:51:16", "elapsed": 5041.991406, "delta": 13.992177}}
{"target": 5.4131219740716245, "params": {"x0": 0.8, "x1": 0.9, "x2": 3.1799116954839706, "x3": 4.644136895063943e-20, "x4": 1.7110077963815329, "x5": 2.6206218427429632e-20, "x6": 3.5942736073204546, "x7": 14.463175723016253, "x8": 1.2812589236923715, "x9": 2.749988712732662}, "datetime": {"datetime": "2025-05-17 09:51:29", "elapsed": 5054.994651, "delta": 13.003245}}
{"target": 5.4131219740716245, "params": {"x0": 0.8, "x1": 0.9, "x2": 3.1799116954839706, "x3": 7.365589283944132e-22, "x4": 1.7110077963815329, "x5": 1.8855005676581245e-20, "x6": 3.5942736073204546, "x7": 14.463175723016253, "x8": 1.2812589236923715, "x9": 2.749988712732662}, "datetime": {"datetime": "2025-05-17 09:51:41", "elapsed": 5067.008117, "delta": 12.013466}}
{"target": 5.4131219740716245, "params": {"x0": 0.8, "x1": 0.9, "x2": 3.1799116954839706, "x3": 6.597580445090498e-21, "x4": 1.7110077963815329, "x5": 2.1809994067972e-20, "x6": 3.5942736073204546, "x7": 14.463175723016253, "x8": 1.2812589236923715, "x9": 2.749988712732662}, "datetime": {"datetime": "2025-05-17 09:51:54", "elapsed": 5079.915279, "delta": 12.907162}}
{"target": 5.4131219740716245, "params": {"x0": 0.8, "x1": 0.9, "x2": 3.1799116954839706, "x3": 2.5562228581210817e-20, "x4": 1.7110077963815329, "x5": 1.3789427016636537e-20, "x6": 3.5942736073204546, "x7": 14.463175723016253, "x8": 1.2812589236923715, "x9": 2.749988712732662}, "datetime": {"datetime": "2025-05-17 09:52:08", "elapsed": 5094.057817, "delta": 14.142538}}
{"target": 5.4131219740716245, "params": {"x0": 0.8, "x1": 0.9, "x2": 3.1799116954839706, "x3": 5.155026242707907e-21, "x4": 1.7110077963815329, "x5": 4.013323104840169e-21, "x6": 3.5942736073204546, "x7": 14.463175723016253, "x8": 1.2812589236923715, "x9": 2.749988712732662}, "datetime": {"datetime": "2025-05-17 09:52:20", "elapsed": 5106.548865, "delta": 12.491048}}
{"target": 5.4131219740716245, "params": {"x0": 0.8, "x1": 0.9, "x2": 3.1799116954839706, "x3": 2.255845337226451e-20, "x4": 1.7110077963815329, "x5": 1.7082533375189412e-20, "x6": 3.5942736073204546, "x7": 14.463175723016253, "x8": 1.2812589236923715, "x9": 2.749988712732662}, "datetime": {"datetime": "2025-05-17 09:52:33", "elapsed": 5119.119971, "delta": 12.571106}}
{"target": 5.4131219740716245, "params": {"x0": 0.8, "x1": 0.9, "x2": 3.1799116954839706, "x3": 1.96975614610418e-20, "x4": 1.7110077963815329, "x5": 1.2826060764605292e-20, "x6": 3.5942736073204546, "x7": 14.463175723016253, "x8": 1.2812589236923715, "x9": 2.749988712732662}, "datetime": {"datetime": "2025-05-17 09:52:46", "elapsed": 5131.857141, "delta": 12.73717}}
{"target": 5.4131219740716245, "params": {"x0": 0.8, "x1": 0.9, "x2": 3.1799116954839706, "x3": 1.0709590425568469e-20, "x4": 1.7110077963815329, "x5": 1.3325862441786621e-20, "x6": 3.5942736073204546, "x7": 14.463175723016253, "x8": 1.2812589236923715, "x9": 2.749988712732662}, "datetime": {"datetime": "2025-05-17 09:52:58", "elapsed": 5144.212671, "delta": 12.35553}}
{"target": 5.4131219740716245, "params": {"x0": 0.8, "x1": 0.9, "x2": 3.1799116954839706, "x3": 9.717067164439774e-21, "x4": 1.7110077963815329, "x5": 3.821418054700513e-21, "x6": 3.5942736073204546, "x7": 14.463175723016253, "x8": 1.2812589236923715, "x9": 2.749988712732662}, "datetime": {"datetime": "2025-05-17 09:53:11", "elapsed": 5157.125298, "delta": 12.912627}}
{"target": 5.4131219740716245, "params": {"x0": 0.8, "x1": 0.9, "x2": 3.1799116954839706, "x3": 1.6320365171830434e-20, "x4": 1.7110077963815329, "x5": 9.023307977069728e-21, "x6": 3.5942736073204546, "x7": 14.463175723016253, "x8": 1.2812589236923715, "x9": 2.749988712732662}, "datetime": {"datetime": "2025-05-17 09:53:25", "elapsed": 5171.197127, "delta": 14.071829}}
{"target": 5.4131219740716245, "params": {"x0": 0.8, "x1": 0.9, "x2": 3.1799116954839706, "x3": 2.2727812491659502e-21, "x4": 1.7110077963815329, "x5": 6.342301668245256e-21, "x6": 3.5942736073204546, "x7": 14.463175723016253, "x8": 1.2812589236923715, "x9": 2.749988712732662}, "datetime": {"datetime": "2025-05-17 09:53:38", "elapsed": 5184.134972, "delta": 12.937845}}
{"target": 5.4131219740716245, "params": {"x0": 0.8, "x1": 0.9, "x2": 3.1799116954839706, "x3": 3.788167111911261e-21, "x4": 1.7110077963815329, "x5": 4.6622034372201456e-21, "x6": 3.5942736073204546, "x7": 14.463175723016253, "x8": 1.2812589236923715, "x9": 2.749988712732662}, "datetime": {"datetime": "2025-05-17 09:53:52", "elapsed": 5198.263117, "delta": 14.128145}}
{"target": 5.4131219740716245, "params": {"x0": 0.8, "x1": 0.9, "x2": 3.1799116954839706, "x3": 7.62078085353162e-21, "x4": 1.7110077963815329, "x5": 4.214738931241754e-21, "x6": 3.5942736073204546, "x7": 14.463175723016253, "x8": 1.2812589236923715, "x9": 2.749988712732662}, "datetime": {"datetime": "2025-05-17 09:54:05", "elapsed": 5211.586408, "delta": 13.323291}}
{"target": 5.4131219740716245, "params": {"x0": 0.8, "x1": 0.9, "x2": 3.1799116954839706, "x3": 5.419080717590441e-21, "x4": 1.7110077963815329, "x5": 1.0235068447479279e-21, "x6": 3.5942736073204546, "x7": 14.463175723016253, "x8": 1.2812589236923715, "x9": 2.749988712732662}, "datetime": {"datetime": "2025-05-17 09:54:20", "elapsed": 5226.500271, "delta": 14.913863}}
{"target": 5.4131219740716245, "params": {"x0": 0.8, "x1": 0.9, "x2": 3.1799116954839706, "x3": 1.0181753374247794e-20, "x4": 1.7110077963815329, "x5": 3.6525268133114385e-21, "x6": 3.5942736073204546, "x7": 14.463175723016253, "x8": 1.2812589236923715, "x9": 2.749988712732662}, "datetime": {"datetime": "2025-05-17 09:54:33", "elapsed": 5238.987262, "delta": 12.486991}}
{"target": 5.4131219740716245, "params": {"x0": 0.8, "x1": 0.9, "x2": 3.1799116954839706, "x3": 4.594789984853136e-21, "x4": 1.7110077963815329, "x5": 5.548232059545496e-21, "x6": 3.5942736073204546, "x7": 14.463175723016253, "x8": 1.2812589236923715, "x9": 2.749988712732662}, "datetime": {"datetime": "2025-05-17 09:54:47", "elapsed": 5253.416255, "delta": 14.428993}}
{"target": 5.4131219740716245, "params": {"x0": 0.8, "x1": 0.9, "x2": 3.1799116954839706, "x3": 9.222732824294257e-22, "x4": 1.7110077963815329, "x5": 1.4549368576673236e-21, "x6": 3.5942736073204546, "x7": 14.463175723016253, "x8": 1.2812589236923715, "x9": 2.749988712732662}, "datetime": {"datetime": "2025-05-17 09:55:01", "elapsed": 5267.32364, "delta": 13.907385}}
{"target": 5.4131219740716245, "params": {"x0": 0.8, "x1": 0.9, "x2": 3.1799116954839706, "x3": 7.583472390972513e-21, "x4": 1.7110077963815329, "x5": 3.0890577478403086e-21, "x6": 3.5942736073204546, "x7": 14.463175723016253, "x8": 1.2812589236923715, "x9": 2.749988712732662}, "datetime": {"datetime": "2025-05-17 09:55:16", "elapsed": 5282.619288, "delta": 15.295648}}
{"target": 5.4131219740716245, "params": {"x0": 0.8, "x1": 0.9, "x2": 3.1799116954839706, "x3": 3.6724048303031356e-21, "x4": 1.7110077963815329, "x5": 2.464868980127036e-21, "x6": 3.5942736073204546, "x7": 14.463175723016253, "x8": 1.2812589236923715, "x9": 2.749988712732662}, "datetime": {"datetime": "2025-05-17 09:55:29", "elapsed": 5295.362244, "delta": 12.742956}}
{"target": 5.4131219740716245, "params": {"x0": 0.8, "x1": 0.9, "x2": 3.1799116954839706, "x3": 3.517986955717361e-21, "x4": 1.7110077963815329, "x5": 1.3848036893374852e-21, "x6": 3.5942736073204546, "x7": 14.463175723016253, "x8": 1.2812589236923715, "x9": 2.749988712732662}, "datetime": {"datetime": "2025-05-17 09:55:43", "elapsed": 5308.864633, "delta": 13.502389}}
{"target": 5.4131219740716245, "params": {"x0": 0.8, "x1": 0.9, "x2": 3.1799116954839706, "x3": 3.568079724653083e-21, "x4": 1.7110077963815329, "x5": 2.661785698744427e-21, "x6": 3.5942736073204546, "x7": 14.463175723016253, "x8": 1.2812589236923715, "x9": 2.749988712732662}, "datetime": {"datetime": "2025-05-17 09:55:57", "elapsed": 5323.660998, "delta": 14.796365}}
{"target": 5.4131219740716245, "params": {"x0": 0.8, "x1": 0.9, "x2": 3.1799116954839706, "x3": 5.15904236053353e-21, "x4": 1.7110077963815329, "x5": 1.8639883253729812e-21, "x6": 3.5942736073204546, "x7": 14.463175723016253, "x8": 1.2812589236923715, "x9": 2.749988712732662}, "datetime": {"datetime": "2025-05-17 09:56:12", "elapsed": 5338.191199, "delta": 14.530201}}
{"target": 5.4131219740716245, "params": {"x0": 0.8, "x1": 0.9, "x2": 3.1799116954839706, "x3": 2.766947913293051e-21, "x4": 1.7110077963815329, "x5": 1.1939630949822913e-21, "x6": 3.5942736073204546, "x7": 14.463175723016253, "x8": 1.2812589236923715, "x9": 2.749988712732662}, "datetime": {"datetime": "2025-05-17 09:56:25", "elapsed": 5350.969505, "delta": 12.778306}}
{"target": 5.4131219740716245, "params": {"x0": 0.8, "x1": 0.9, "x2": 3.1799116954839706, "x3": 2.77592508017698e-21, "x4": 1.7110077963815329, "x5": 2.1230794271588796e-23, "x6": 3.5942736073204546, "x7": 14.463175723016253, "x8": 1.2812589236923715, "x9": 2.749988712732662}, "datetime": {"datetime": "2025-05-17 09:56:38", "elapsed": 5364.002422, "delta": 13.032917}}
{"target": 5.4131219740716245, "params": {"x0": 0.8, "x1": 0.9, "x2": 3.1799116954839706, "x3": 3.421374275233072e-21, "x4": 1.7110077963815329, "x5": 4.577760986463105e-22, "x6": 3.5942736073204546, "x7": 14.463175723016253, "x8": 1.2812589236923715, "x9": 2.749988712732662}, "datetime": {"datetime": "2025-05-17 09:56:51", "elapsed": 5376.933509, "delta": 12.931087}}
{"target": 5.4131219740716245, "params": {"x0": 0.8, "x1": 0.9, "x2": 3.1799116954839706, "x3": 1.097648686922731e-21, "x4": 1.7110077963815329, "x5": 2.078236574456043e-21, "x6": 3.5942736073204546, "x7": 14.463175723016253, "x8": 1.2812589236923715, "x9": 2.749988712732662}, "datetime": {"datetime": "2025-05-17 09:57:05", "elapsed": 5390.781799, "delta": 13.84829}}
{"target": 5.4131219740716245, "params": {"x0": 0.8, "x1": 0.9, "x2": 3.1799116954839706, "x3": 1.4675201671637306e-22, "x4": 1.7110077963815329, "x5": 1.4821196322110807e-21, "x6": 3.5942736073204546, "x7": 14.463175723016253, "x8": 1.2812589236923715, "x9": 2.749988712732662}, "datetime": {"datetime": "2025-05-17 09:57:19", "elapsed": 5405.175852, "delta": 14.394053}}
{"target": 5.4131219740716245, "params": {"x0": 0.8, "x1": 0.9, "x2": 3.1799116954839706, "x3": 6.905309417073769e-22, "x4": 1.7110077963815329, "x5": 1.8498019488000165e-21, "x6": 3.5942736073204546, "x7": 14.463175723016253, "x8": 1.2812589236923715, "x9": 2.749988712732662}, "datetime": {"datetime": "2025-05-17 09:57:34", "elapsed": 5419.966284, "delta": 14.790432}}
{"target": 5.4131219740716245, "params": {"x0": 0.8, "x1": 0.9, "x2": 3.1799116954839706, "x3": 2.91491931137594e-22, "x4": 1.7110077963815329, "x5": 1.0851000967497169e-21, "x6": 3.5942736073204546, "x7": 14.463175723016253, "x8": 1.2812589236923715, "x9": 2.749988712732662}, "datetime": {"datetime": "2025-05-17 09:57:48", "elapsed": 5434.460666, "delta": 14.494382}}
{"target": 5.4131219740716245, "params": {"x0": 0.8, "x1": 0.9, "x2": 3.1799116954839706, "x3": 4.0702792418155515e-22, "x4": 1.7110077963815329, "x5": 1.3216872511565354e-21, "x6": 3.5942736073204546, "x7": 14.463175723016253, "x8": 1.2812589236923715, "x9": 2.749988712732662}, "datetime": {"datetime": "2025-05-17 09:58:03", "elapsed": 5449.19743, "delta": 14.736764}}
{"target": 5.4131219740716245, "params": {"x0": 0.8, "x1": 0.9, "x2": 3.1799116954839706, "x3": 1.3609304501822604e-21, "x4": 1.7110077963815329, "x5": 1.2812545661686472e-21, "x6": 3.5942736073204546, "x7": 14.463175723016253, "x8": 1.2812589236923715, "x9": 2.749988712732662}, "datetime": {"datetime": "2025-05-17 09:58:16", "elapsed": 5462.655103, "delta": 13.457673}}
{"target": 5.4131219740716245, "params": {"x0": 0.8, "x1": 0.9, "x2": 3.1799116954839706, "x3": 1.625006481066825e-21, "x4": 1.7110077963815329, "x5": 1.150474510722557e-21, "x6": 3.5942736073204546, "x7": 14.463175723016253, "x8": 1.2812589236923715, "x9": 2.749988712732662}, "datetime": {"datetime": "2025-05-17 09:58:30", "elapsed": 5476.108608, "delta": 13.453505}}
{"target": 5.4131219740716245, "params": {"x0": 0.8, "x1": 0.9, "x2": 3.1799116954839706, "x3": 1.1195992889682601e-21, "x4": 1.7110077963815329, "x5": 7.378710791768818e-22, "x6": 3.5942736073204546, "x7": 14.463175723016253, "x8": 1.2812589236923715, "x9": 2.749988712732662}, "datetime": {"datetime": "2025-05-17 09:58:43", "elapsed": 5489.15265, "delta": 13.044042}}
{"target": 5.4131219740716245, "params": {"x0": 0.8, "x1": 0.9, "x2": 3.1799116954839706, "x3": 4.4032578369457495e-22, "x4": 1.7110077963815329, "x5": 3.4702617129393307e-22, "x6": 3.5942736073204546, "x7": 14.463175723016253, "x8": 1.2812589236923715, "x9": 2.749988712732662}, "datetime": {"datetime": "2025-05-17 09:58:56", "elapsed": 5502.693435, "delta": 13.540785}}
{"target": 5.4131219740716245, "params": {"x0": 0.8, "x1": 0.9, "x2": 3.1799116954839706, "x3": 7.243040013924009e-22, "x4": 1.7110077963815329, "x5": 6.382510938945937e-22, "x6": 3.5942736073204546, "x7": 14.463175723016253, "x8": 1.2812589236923715, "x9": 2.749988712732662}, "datetime": {"datetime": "2025-05-17 09:59:09", "elapsed": 5515.307851, "delta": 12.614416}}
{"target": 5.4131219740716245, "params": {"x0": 0.8, "x1": 0.9, "x2": 3.1799116954839706, "x3": 1.9207369345576424e-22, "x4": 1.7110077963815329, "x5": 4.938804261654973e-24, "x6": 3.5942736073204546, "x7": 14.463175723016253, "x8": 1.2812589236923715, "x9": 2.749988712732662}, "datetime": {"datetime": "2025-05-17 09:59:23", "elapsed": 5529.30907, "delta": 14.001219}}
{"target": 5.4131219740716245, "params": {"x0": 0.8, "x1": 0.9, "x2": 3.1799116954839706, "x3": 1.6720014810856497e-22, "x4": 1.7110077963815329, "x5": 7.178060743789274e-22, "x6": 3.5942736073204546, "x7": 14.463175723016253, "x8": 1.2812589236923715, "x9": 2.749988712732662}, "datetime": {"datetime": "2025-05-17 09:59:35", "elapsed": 5541.531271, "delta": 12.222201}}
{"target": 5.4131219740716245, "params": {"x0": 0.8, "x1": 0.9, "x2": 3.1799116954839706, "x3": 2.3084923415836655e-22, "x4": 1.7110077963815329, "x5": 1.9538872773164507e-22, "x6": 3.5942736073204546, "x7": 14.463175723016253, "x8": 1.2812589236923715, "x9": 2.749988712732662}, "datetime": {"datetime": "2025-05-17 09:59:48", "elapsed": 5554.667152, "delta": 13.135881}}
{"target": 5.4131219740716245, "params": {"x0": 0.8, "x1": 0.9, "x2": 3.1799116954839706, "x3": 6.655770815129386e-22, "x4": 1.7110077963815329, "x5": 5.692153392364777e-22, "x6": 3.5942736073204546, "x7": 14.463175723016253, "x8": 1.2812589236923715, "x9": 2.749988712732662}, "datetime": {"datetime": "2025-05-17 10:00:02", "elapsed": 5567.931941, "delta": 13.264789}}
{"target": 5.4131219740716245, "params": {"x0": 0.8, "x1": 0.9, "x2": 3.1799116954839706, "x3": 6.495356983425981e-22, "x4": 1.7110077963815329, "x5": 5.266695047715793e-22, "x6": 3.5942736073204546, "x7": 14.463175723016253, "x8": 1.2812589236923715, "x9": 2.749988712732662}, "datetime": {"datetime": "2025-05-17 10:00:16", "elapsed": 5581.772257, "delta": 13.840316}}
{"target": 5.4131219740716245, "params": {"x0": 0.8, "x1": 0.9, "x2": 3.1799116954839706, "x3": 2.393233348472032e-22, "x4": 1.7110077963815329, "x5": 1.1390591222342915e-22, "x6": 3.5942736073204546, "x7": 14.463175723016253, "x8": 1.2812589236923715, "x9": 2.749988712732662}, "datetime": {"datetime": "2025-05-17 10:00:30", "elapsed": 5596.061731, "delta": 14.289474}}
