{"target": 5.480159746595966e-10, "params": {"x0": 0.9668088018810296, "x1": 7.454952890323638, "x2": 0.0011437481734488664, "x3": 3.0233257263183977, "x4": 1.4675589081711304, "x5": 1.846771895375956, "x6": 3.725204227553418, "x7": 6.911214540860955, "x8": 0.8538582010382728, "x9": 1.9698701212060423}, "datetime": {"datetime": "2025-05-17 08:27:14", "elapsed": 0.0, "delta": 0.0}}
{"target": 3.374945429942828e-10, "params": {"x0": 0.9676778057613179, "x1": 7.135497453610512, "x2": 2.0445224973151745, "x3": 8.781174363909454, "x4": 0.27387593197926163, "x5": 13.409350203568044, "x6": 8.34609604734254, "x7": 11.173796568915034, "x8": 0.3667351833309441, "x9": 1.3565826803527818}, "datetime": {"datetime": "2025-05-17 08:27:22", "elapsed": 8.475472, "delta": 8.475472}}
{"target": 3.4704379078526403e-12, "params": {"x0": 1.1202978274702147, "x1": 9.711180339046518, "x2": 3.1342417815924284, "x3": 6.923226156693141, "x4": 8.763891522960384, "x5": 17.892133270076947, "x6": 1.7008842273955582, "x7": 0.7810956646576472, "x8": 0.42267779717268095, "x9": 2.5806565061729434}, "datetime": {"datetime": "2025-05-17 08:27:31", "elapsed": 17.511347, "delta": 9.035875}}
{"target": 0.47545196213735746, "params": {"x0": 0.8393387335332201, "x1": 4.732079387545975, "x2": 9.57889530150502, "x3": 5.331652849730171, "x4": 6.9187711395047335, "x5": 6.310312620121259, "x6": 13.730018553631673, "x7": 16.692513437947458, "x8": 0.13474772695396442, "x9": 2.3502597669009413}, "datetime": {"datetime": "2025-05-17 08:27:41", "elapsed": 26.96389, "delta": 9.452543}}
{"target": 1.085124579426576e-10, "params": {"x0": 1.195544435562598, "x1": 7.708307454856539, "x2": 2.804439920644052, "x3": 7.892793284514886, "x4": 1.0322600657764203, "x5": 8.957870523518103, "x6": 18.17191006186191, "x7": 5.8722829674735895, "x8": 0.6467731433140625, "x9": 1.2340514298128997}, "datetime": {"datetime": "2025-05-17 08:27:49", "elapsed": 35.214697, "delta": 8.250807}}
{"target": 5.877766612776785e-10, "params": {"x0": 0.8077467831481189, "x1": 7.077403349753008, "x2": 2.1162811600005904, "x3": 2.655466593722262, "x4": 4.9157315928033825, "x5": 1.0672509023416077, "x6": 11.482352109840262, "x7": 2.934571498116203, "x8": 1.2196805201162402, "x9": 2.259565048037676}, "datetime": {"datetime": "2025-05-17 08:27:57", "elapsed": 43.383745, "delta": 8.169048}}
{"target": 0.9438842335512071, "params": {"x0": 0.8409337715311304, "x1": 4.667909489158071, "x2": 6.944001577277451, "x3": 4.141792695269027, "x4": 0.4995345894608716, "x5": 10.717928118310232, "x6": 13.275892904395777, "x7": 10.297782241166171, "x8": 1.8947300363825452, "x9": 2.055799072903587}, "datetime": {"datetime": "2025-05-17 08:28:07", "elapsed": 52.934213, "delta": 9.550468}}
{"target": 0.03226788471632176, "params": {"x0": 1.1613607661151533, "x1": 2.1510198077307616, "x2": 1.3927634725075855, "x3": 8.073912887095238, "x4": 3.9767683698553355, "x5": 3.3070839423386555, "x6": 18.550171607920678, "x7": 6.955317194910132, "x8": 1.5265429959586956, "x9": 2.306796373630813}, "datetime": {"datetime": "2025-05-17 08:28:15", "elapsed": 61.232893, "delta": 8.29868}}
{"target": 3.8101574438180264e-09, "params": {"x0": 1.1533224364823238, "x1": 6.575417084206041, "x2": 7.509424340273371, "x3": 3.4889834197784255, "x4": 2.6992789176502607, "x5": 17.917724363921337, "x6": 8.561823797425898, "x7": 19.29680094296771, "x8": 1.3605388458550514, "x9": 2.1190522963764193}, "datetime": {"datetime": "2025-05-17 08:28:24", "elapsed": 70.353001, "delta": 9.120108}}
{"target": 4.440325568070102e-11, "params": {"x0": 0.8458983891813501, "x1": 9.540352254234348, "x2": 4.499121334799405, "x3": 5.783896143871318, "x4": 4.081368027612812, "x5": 4.740539604860555, "x6": 18.067590411245074, "x7": 11.473589733445717, "x8": 0.10545362135920205, "x9": 2.110860844517303}, "datetime": {"datetime": "2025-05-17 08:28:32", "elapsed": 78.542667, "delta": 8.189666}}
{"target": 0.19645817877638186, "params": {"x0": 0.9306579607088384, "x1": 5.696228730544245, "x2": 8.859420993107745, "x3": 3.5726976000249975, "x4": 9.085351509197992, "x5": 12.467202315836055, "x6": 0.31642485693112565, "x7": 18.588744674875226, "x8": 1.4127041432821554, "x9": 2.795181130812665}, "datetime": {"datetime": "2025-05-17 08:28:42", "elapsed": 87.941735, "delta": 9.399068}}
{"target": 0.256301991060361, "params": {"x0": 0.8689362033381315, "x1": 2.1479353216227874, "x2": 9.325954630371635, "x3": 6.9681816148990015, "x4": 0.6600017272206249, "x5": 15.109261052049327, "x6": 15.077523769224928, "x7": 18.460490710929665, "x8": 1.4518970413940964, "x9": 1.2236877315498964}, "datetime": {"datetime": "2025-05-17 08:28:51", "elapsed": 97.489283, "delta": 9.547548}}
{"target": 1.0328553686039152, "params": {"x0": 0.8079520535359183, "x1": 1.1385199805872455, "x2": 0.28306488020794607, "x3": 2.462110676030459, "x4": 8.60027948682888, "x5": 10.776621286833057, "x6": 11.056439573715318, "x7": 16.840617847192114, "x8": 0.33592929872783117, "x9": 1.5025306222200512}, "datetime": {"datetime": "2025-05-17 08:29:00", "elapsed": 106.069262, "delta": 8.579979}}
{"target": 3.1581668875226876e-12, "params": {"x0": 1.034303708583315, "x1": 9.72332130970904, "x2": 5.6103021925571, "x3": 0.1864728937294302, "x4": 8.006326726806163, "x5": 4.659485476820409, "x6": 16.142103912375582, "x7": 7.757212881283435, "x8": 1.7407295236629146, "x9": 2.3448189569269324}, "datetime": {"datetime": "2025-05-17 08:29:08", "elapsed": 114.329741, "delta": 8.260479}}
{"target": 2.9372662937948966, "params": {"x0": 1.0224960935961676, "x1": 2.1417425535122336, "x2": 0.5991768951221166, "x3": 1.2134345574073735, "x4": 0.44551878544761725, "x5": 2.149882582121858, "x6": 4.514186772157094, "x7": 14.259779607653533, "x8": 1.1634622659028706, "x9": 1.0226007642864086}, "datetime": {"datetime": "2025-05-17 08:29:16", "elapsed": 122.50206, "delta": 8.172319}}
{"target": 1.7885422578163912e-12, "params": {"x0": 0.8287897118757948, "x1": 9.702214603002476, "x2": 5.681004619199421, "x3": 2.032932346609905, "x4": 2.5232574457032344, "x5": 14.87651708150186, "x6": 3.908589622186376, "x7": 11.627178545465156, "x8": 1.9430379792677934, "x9": 2.5242918426820635}, "datetime": {"datetime": "2025-05-17 08:29:25", "elapsed": 131.012323, "delta": 8.510263}}
{"target": 0.6496624216492186, "params": {"x0": 0.8959391036590345, "x1": 5.393304399845443, "x2": 6.1995571838137975, "x3": 8.289808995501787, "x4": 1.5679139464608427, "x5": 0.37152404354819035, "x6": 1.4004428743844466, "x7": 9.726902218740637, "x8": 1.2520259771413278, "x9": 2.0239325867556666}, "datetime": {"datetime": "2025-05-17 08:29:34", "elapsed": 140.528448, "delta": 9.516125}}
{"target": 2.3170077593231942e-11, "params": {"x0": 0.9269449637288643, "x1": 9.896407005153284, "x2": 5.797452192457969, "x3": 3.801411726235504, "x4": 5.509482191178968, "x5": 14.906688618130042, "x6": 13.384657869063691, "x7": 5.298391153256188, "x8": 0.22603618541403897, "x9": 1.6661515562453912}, "datetime": {"datetime": "2025-05-17 08:29:43", "elapsed": 148.831667, "delta": 8.303219}}
{"target": 1.7864494351812577, "params": {"x0": 1.0518870028086258, "x1": 2.81258349022504, "x2": 7.527555537388139, "x3": 0.6653648135411494, "x4": 2.6031509857854096, "x5": 16.09509127486691, "x6": 3.8686856524665547, "x7": 12.789217617598803, "x8": 1.096873587335094, "x9": 2.664654346718831}, "datetime": {"datetime": "2025-05-17 08:29:52", "elapsed": 158.268461, "delta": 9.436794}}
{"target": 1.7919359838162054, "params": {"x0": 0.9053187081948444, "x1": 1.5002459252246165, "x2": 7.350659632886694, "x3": 7.721780295432468, "x4": 9.07815852503524, "x5": 18.639441383936745, "x6": 0.2790314595119403, "x7": 4.687241722428411, "x8": 1.2718788783031496, "x9": 2.7082293772377097}, "datetime": {"datetime": "2025-05-17 08:30:01", "elapsed": 167.480914, "delta": 9.212453}}
{"target": 0.2599058508174609, "params": {"x0": 1.180070447698832, "x1": 5.965544012575924, "x2": 9.156063497662746, "x3": 6.415662089463376, "x4": 3.9000771414124626, "x5": 9.719813341938195, "x6": 12.086209658399465, "x7": 10.99095843017125, "x8": 1.859744710742262, "x9": 2.6537201841404907}, "datetime": {"datetime": "2025-05-17 08:30:11", "elapsed": 177.034094, "delta": 9.55318}}
{"target": 2.6662925874022717e-11, "params": {"x0": 0.957950245169422, "x1": 9.665689008810478, "x2": 1.7395566668046436, "x3": 1.2632951943963733, "x4": 1.3507915804673132, "x5": 10.113243313537934, "x6": 0.43049610548395956, "x7": 18.95940422435362, "x8": 1.6715193952243916, "x9": 1.0270341653358204}, "datetime": {"datetime": "2025-05-17 08:30:20", "elapsed": 186.014752, "delta": 8.980658}}
{"target": 0.15527862365379713, "params": {"x0": 0.8704785022300221, "x1": 3.9217785267382164, "x2": 1.309968448109169, "x3": 8.094906921265821, "x4": 3.4473665268329343, "x5": 18.802149646667342, "x6": 11.6402835989416, "x7": 17.57663968823688, "x8": 1.7049954462452215, "x9": 2.6297061736755687}, "datetime": {"datetime": "2025-05-17 08:30:28", "elapsed": 194.057203, "delta": 8.042451}}
{"target": 0.30458992653170025, "params": {"x0": 0.9839521063267228, "x1": 5.871756025785397, "x2": 7.986035911520394, "x3": 2.8571885173414757, "x4": 4.902535226199277, "x5": 11.982206152917566, "x6": 0.31066551101671447, "x7": 11.869628163932743, "x8": 0.9239850630799706, "x9": 2.4532489519927143}, "datetime": {"datetime": "2025-05-17 08:30:38", "elapsed": 203.745149, "delta": 9.687946}}
{"target": 8.793951651072516e-10, "params": {"x0": 0.9260979212381492, "x1": 9.025287247578877, "x2": 5.778572152845355, "x3": 1.8401020162746506, "x4": 7.879292338255043, "x5": 12.240623540898678, "x6": 1.0781854414750591, "x7": 8.403873600022644, "x8": 1.3902307894743162, "x9": 2.6534832003595463}, "datetime": {"datetime": "2025-05-17 08:30:46", "elapsed": 212.380106, "delta": 8.634957}}
{"target": 1.2439574096859585e-10, "params": {"x0": 0.800160809956543, "x1": 9.788508256182643, "x2": 3.7658031474577447, "x3": 9.737835383583226, "x4": 6.04716100974053, "x5": 16.57691615961386, "x6": 11.494230094162045, "x7": 12.561523966147007, "x8": 0.6425949352218184, "x9": 2.056300013180949}, "datetime": {"datetime": "2025-05-17 08:30:54", "elapsed": 220.659366, "delta": 8.27926}}
{"target": 5.24271276701922e-12, "params": {"x0": 1.1000087054810639, "x1": 8.710655911504285, "x2": 7.550821884676802, "x3": 6.98057248447303, "x4": 8.644794300545998, "x5": 6.453619936734929, "x6": 13.415775815751745, "x7": 9.017478728266983, "x8": 0.8259952288598826, "x9": 1.739460429859934}, "datetime": {"datetime": "2025-05-17 08:31:03", "elapsed": 229.217951, "delta": 8.558585}}
{"target": 0.6597683301095899, "params": {"x0": 0.9605918333878163, "x1": 3.7881939082203195, "x2": 6.2191936792030145, "x3": 4.302472708212644, "x4": 9.738020779272523, "x5": 13.556017828686223, "x6": 3.9713977685422175, "x7": 8.534020186960657, "x8": 0.7523578555714037, "x9": 2.43574984712542}, "datetime": {"datetime": "2025-05-17 08:31:12", "elapsed": 238.590144, "delta": 9.372193}}
{"target": 2.7648351982372104e-11, "params": {"x0": 1.1519993154253727, "x1": 9.124961798019985, "x2": 6.627198123752622, "x3": 2.7020826202975776, "x4": 2.5236670150458975, "x5": 17.097958853948047, "x6": 10.554292926174933, "x7": 16.04322168009196, "x8": 1.187728182664052, "x9": 2.31965654551752}, "datetime": {"datetime": "2025-05-17 08:31:21", "elapsed": 246.896379, "delta": 8.306235}}
{"target": 6.732487378458607e-11, "params": {"x0": 1.0076046509856222, "x1": 7.91504358556718, "x2": 5.688579907047155, "x3": 4.657098785919809, "x4": 3.4268890795328177, "x5": 1.3641869683340824, "x6": 7.558483586561997, "x7": 1.5925215539650472, "x8": 1.9673525160878456, "x9": 1.3269031323953748}, "datetime": {"datetime": "2025-05-17 08:31:30", "elapsed": 255.833896, "delta": 8.937517}}
{"target": 3.116306789463716e-10, "params": {"x0": 1.1247434790882158, "x1": 8.862150969098673, "x2": 6.884132523859433, "x3": 5.694944127453757, "x4": 1.6097143681560877, "x5": 9.337600455266127, "x6": 6.9034410231043, "x7": 4.500799156281692, "x8": 1.225772550655014, "x9": 1.5620857078634505}, "datetime": {"datetime": "2025-05-17 08:31:38", "elapsed": 264.065747, "delta": 8.231851}}
{"target": 2.1828191930591563e-12, "params": {"x0": 1.1665222213873403, "x1": 9.17768327705917, "x2": 2.5711829378219617, "x3": 1.108913007440292, "x4": 1.9296273201911285, "x5": 9.991683413577721, "x6": 14.571713359491925, "x7": 4.16388876817583, "x8": 0.5712637609167384, "x9": 2.5330093748854603}, "datetime": {"datetime": "2025-05-17 08:31:47", "elapsed": 272.978654, "delta": 8.912907}}
{"target": 2.6945832839326193e-06, "params": {"x0": 0.9663394873070109, "x1": 6.511834111112649, "x2": 2.3366613923925006, "x3": 1.0196725942579743, "x4": 5.158570169685298, "x5": 9.542819740995647, "x6": 3.053432881863265, "x7": 12.43612463480831, "x8": 1.1336192257464826, "x9": 2.1774472245473397}, "datetime": {"datetime": "2025-05-17 08:31:55", "elapsed": 281.227731, "delta": 8.249077}}
{"target": 9.920274574761904e-08, "params": {"x0": 0.857818216049864, "x1": 7.738903135930719, "x2": 2.220491397999227, "x3": 5.19351824366033, "x4": 7.8529602822161895, "x5": 0.4466085598361236, "x6": 6.48724919452373, "x7": 17.45844752800222, "x8": 1.7049482544439323, "x9": 1.9691930666701785}, "datetime": {"datetime": "2025-05-17 08:32:03", "elapsed": 289.532513, "delta": 8.304782}}
{"target": 5.742856328221509e-11, "params": {"x0": 1.146643309666605, "x1": 9.543234521318002, "x2": 8.264069976293413, "x3": 8.541154438365387, "x4": 0.9874340182034835, "x5": 13.02608664681982, "x6": 14.07033976305306, "x7": 12.204816252932593, "x8": 1.6192689972984533, "x9": 1.0622281957689417}, "datetime": {"datetime": "2025-05-17 08:32:12", "elapsed": 298.411248, "delta": 8.878735}}
{"target": 3.2366414548622365e-09, "params": {"x0": 1.108095493821992, "x1": 7.558730266729695, "x2": 2.596983932983531, "x3": 2.5706929882214666, "x4": 6.323033174301278, "x5": 6.905949231821631, "x6": 15.93177356014575, "x7": 8.922924640069144, "x8": 1.5872238880899268, "x9": 2.782849210522913}, "datetime": {"datetime": "2025-05-17 08:32:21", "elapsed": 307.450349, "delta": 9.039101}}
{"target": 0.15595981756148833, "params": {"x0": 0.9200993358135601, "x1": 2.2013530371487042, "x2": 9.013084363492737, "x3": 5.415593788873733, "x4": 9.747403708550822, "x5": 12.732088000037944, "x6": 19.878260492209577, "x7": 10.921416082859032, "x8": 1.1002092744204905, "x9": 1.243770225529906}, "datetime": {"datetime": "2025-05-17 08:32:31", "elapsed": 316.903582, "delta": 9.453233}}
{"target": 0.09447934967909669, "params": {"x0": 0.9422820683935524, "x1": 1.138588962396997, "x2": 1.603951795196491, "x3": 7.456371927074961, "x4": 0.3039968992878883, "x5": 7.330861944874886, "x6": 17.246925056760883, "x7": 13.853554350147085, "x8": 1.4127900699257203, "x9": 1.3395462417195596}, "datetime": {"datetime": "2025-05-17 08:32:39", "elapsed": 325.209897, "delta": 8.306315}}
{"target": 0.2645693430906329, "params": {"x0": 0.9767617122993694, "x1": 6.19235440683305, "x2": 9.897517076637053, "x3": 2.0390622523312185, "x4": 2.4773290176235485, "x5": 5.243461675458239, "x6": 15.003448265959856, "x7": 9.139506548713856, "x8": 0.2081659329810805, "x9": 1.915329233098431}, "datetime": {"datetime": "2025-05-17 08:32:49", "elapsed": 334.984199, "delta": 9.774302}}
{"target": 8.753407695546104e-11, "params": {"x0": 0.8847840658574704, "x1": 8.167298627317912, "x2": 2.9733138150727223, "x3": 0.2760601195450363, "x4": 5.93432449464621, "x5": 16.876808578623777, "x6": 7.620322481244283, "x7": 14.997166214522867, "x8": 1.0711688087645435, "x9": 1.9737132489319396}, "datetime": {"datetime": "2025-05-17 08:32:57", "elapsed": 343.15877, "delta": 8.174571}}
{"target": 3.5945707244847663e-09, "params": {"x0": 1.183773728424701, "x1": 8.216044112637686, "x2": 0.3232306662357398, "x3": 7.0938725123129505, "x4": 4.6500148156350605, "x5": 18.950978827901995, "x6": 4.428654686469766, "x7": 5.341440393687316, "x8": 0.2548005332667978, "x9": 1.7715138915948156}, "datetime": {"datetime": "2025-05-17 08:33:06", "elapsed": 351.831468, "delta": 8.672698}}
{"target": 0.18720592332750322, "params": {"x0": 0.8436075056076273, "x1": 6.6674595215684525, "x2": 8.029632373737378, "x3": 6.9680049612017845, "x4": 7.662113810757704, "x5": 6.849082396870396, "x6": 16.917029660553553, "x7": 8.575375499988851, "x8": 1.6656187537834057, "x9": 2.1276930855237284}, "datetime": {"datetime": "2025-05-17 08:33:15", "elapsed": 361.20977, "delta": 9.378302}}
{"target": 3.5206465114668375, "params": {"x0": 0.857369219468098, "x1": 1.6133207886800265, "x2": 0.1833264291300729, "x3": 0.6672499763935646, "x4": 4.585838137084318, "x5": 2.2668384553518095, "x6": 0.5556669769733991, "x7": 15.097229627809348, "x8": 0.8502159128752148, "x9": 2.344489292093545}, "datetime": {"datetime": "2025-05-17 08:33:23", "elapsed": 369.580982, "delta": 8.371212}}
{"target": 0.8913268706495918, "params": {"x0": 0.9809619306985806, "x1": 4.995789397706926, "x2": 4.7807250671783095, "x3": 4.74003926562194, "x4": 8.031633421141697, "x5": 8.047850397154717, "x6": 18.09372320687246, "x7": 0.7412209590807173, "x8": 1.5703612511687954, "x9": 1.2261544860479299}, "datetime": {"datetime": "2025-05-17 08:33:33", "elapsed": 378.886333, "delta": 9.305351}}
{"target": 0.3917227942732651, "params": {"x0": 1.047405426764834, "x1": 0.9943147781506106, "x2": 5.38627282576347, "x3": 0.030179566195963625, "x4": 9.511937854902046, "x5": 18.108040674055562, "x6": 15.919338838845388, "x7": 18.30548639829575, "x8": 0.3765606392009544, "x9": 1.28391412576696}, "datetime": {"datetime": "2025-05-17 08:33:42", "elapsed": 388.28838, "delta": 9.402047}}
{"target": 0.023741964515517265, "params": {"x0": 0.8750526691609737, "x1": 6.564712710929283, "x2": 9.058094960083018, "x3": 9.899551783590736, "x4": 7.1112245876581595, "x5": 14.636008182845906, "x6": 18.18586409088509, "x7": 8.017474647422418, "x8": 0.5747162924275698, "x9": 1.312174307416821}, "datetime": {"datetime": "2025-05-17 08:33:52", "elapsed": 397.770521, "delta": 9.482141}}
{"target": 2.9006478289892473e-06, "params": {"x0": 0.8477828201334916, "x1": 8.29475635109874, "x2": 1.4679237341724316, "x3": 2.642974827269007, "x4": 8.190891786335309, "x5": 6.211745035884199, "x6": 19.648348985858856, "x7": 5.332774043032704, "x8": 1.1139413554453017, "x9": 1.5660406201345292}, "datetime": {"datetime": "2025-05-17 08:34:00", "elapsed": 405.894701, "delta": 8.12418}}
{"target": 0.13655970181066165, "params": {"x0": 1.164309132469535, "x1": 4.235665459046233, "x2": 4.3359232727316455, "x3": 5.122926922783614, "x4": 9.388864773697133, "x5": 0.6189801254230143, "x6": 14.337573272633783, "x7": 17.820379085846778, "x8": 0.15184572468319074, "x9": 1.9396922450545193}, "datetime": {"datetime": "2025-05-17 08:34:08", "elapsed": 414.538405, "delta": 8.643704}}
{"target": 9.866430787794727e-09, "params": {"x0": 0.9303959247080101, "x1": 8.72135281987683, "x2": 5.585165509225178, "x3": 6.902278681627479, "x4": 4.528534999515374, "x5": 12.566180750427144, "x6": 5.8019370337485165, "x7": 0.18697155933031562, "x8": 1.1958362764754724, "x9": 1.5605995854384331}, "datetime": {"datetime": "2025-05-17 08:34:17", "elapsed": 423.045736, "delta": 8.507331}}
{"target": 8.877969337122898e-12, "params": {"x0": 1.006907039400452, "x1": 9.23929326279047, "x2": 4.26474788501396, "x3": 2.473960366023854, "x4": 3.7129376127905447, "x5": 18.63722233273081, "x6": 18.73736762618187, "x7": 16.886598971314264, "x8": 1.8483923771807549, "x9": 1.4102205219123705}, "datetime": {"datetime": "2025-05-17 08:34:26", "elapsed": 431.863122, "delta": 8.817386}}
{"target": 4.3394148625136415, "params": {"x0": 0.8, "x1": 0.9, "x2": 0.0, "x3": 0.0, "x4": 1.3923647349030683, "x5": 0.1644319705598885, "x6": 0.0, "x7": 16.936207093662645, "x8": 0.5424773100161644, "x9": 2.0509284300687396}, "datetime": {"datetime": "2025-05-17 08:34:35", "elapsed": 441.254126, "delta": 9.391004}}
{"target": 3.9374690542214412, "params": {"x0": 0.8, "x1": 0.9, "x2": 0.0, "x3": 0.0, "x4": 0.0, "x5": 1.7452363446093804, "x6": 0.0, "x7": 20.0, "x8": 0.1, "x9": 2.7723820085653026}, "datetime": {"datetime": "2025-05-17 08:34:44", "elapsed": 450.39533, "delta": 9.141204}}
{"target": 4.501001870478875, "params": {"x0": 0.8, "x1": 0.9, "x2": 3.42, "x3": 0.0, "x4": 0.0, "x5": 0.0, "x6": 0.0, "x7": 16.684072367185355, "x8": 1.2121887889668919, "x9": 2.700236650715646}, "datetime": {"datetime": "2025-05-17 08:34:54", "elapsed": 459.947059, "delta": 9.551729}}
{"target": 4.331243120967767, "params": {"x0": 0.8, "x1": 0.9, "x2": 4.362710821344518, "x3": 0.0, "x4": 3.0647725350184207, "x5": 0.0, "x6": 0.0, "x7": 19.52793350015196, "x8": 1.7814435460750102, "x9": 2.1483246631657753}, "datetime": {"datetime": "2025-05-17 08:35:04", "elapsed": 469.76207, "delta": 9.815011}}
{"target": 4.3190096118198795, "params": {"x0": 0.8, "x1": 0.9, "x2": 6.036300000000001, "x3": 0.0, "x4": 0.0, "x5": 0.0, "x6": 0.0, "x7": 18.959170718231924, "x8": 0.6998595075695854, "x9": 2.2035158619207627}, "datetime": {"datetime": "2025-05-17 08:35:14", "elapsed": 479.998424, "delta": 10.236354}}
{"target": 4.60697148264018, "params": {"x0": 0.8, "x1": 0.9, "x2": 5.220027714108057, "x3": 0.0, "x4": 2.482465753364921, "x5": 0.0, "x6": 0.0, "x7": 15.18473769571137, "x8": 0.751092435709316, "x9": 2.2531879408002506}, "datetime": {"datetime": "2025-05-17 08:35:24", "elapsed": 490.187675, "delta": 10.189251}}
{"target": 4.26135665499836, "params": {"x0": 0.8, "x1": 0.9, "x2": 7.249229328402654, "x3": 0.0, "x4": 0.3723698630047383, "x5": 0.0, "x6": 0.0, "x7": 12.30272721559963, "x8": 1.1430243359782555, "x9": 1.8731965373721646}, "datetime": {"datetime": "2025-05-17 08:35:34", "elapsed": 500.361843, "delta": 10.174168}}
{"target": 3.4332158680716347, "params": {"x0": 0.8, "x1": 0.9, "x2": 3.738191743465603, "x3": 0.0, "x4": 1.5822091547760526, "x5": 0.0, "x6": 0.0, "x7": 15.868760063983371, "x8": 0.3983537254672705, "x9": 1.9111956777149732}, "datetime": {"datetime": "2025-05-17 08:35:44", "elapsed": 509.989058, "delta": 9.627215}}
