{"target": 5.4131219740716245, "params": {"x0": 0.8, "x1": 0.9, "x2": 3.1799116954839706, "x3": 2.5425138686464685e-53, "x4": 1.7110077963815329, "x5": 8.329917703179101e-52, "x6": 3.5942736073204546, "x7": 14.463175723016253, "x8": 1.2812589236923715, "x9": 2.749988712732662}, "datetime": {"datetime": "2025-05-17 14:27:21", "elapsed": 21606.87936, "delta": 38.595455}}
{"target": 5.4131219740716245, "params": {"x0": 0.8, "x1": 0.9, "x2": 3.1799116954839706, "x3": 4.1327433270711924e-52, "x4": 1.7110077963815329, "x5": 2.751936285154548e-52, "x6": 3.5942736073204546, "x7": 14.463175723016253, "x8": 1.2812589236923715, "x9": 2.749988712732662}, "datetime": {"datetime": "2025-05-17 14:27:58", "elapsed": 21644.008446, "delta": 37.129086}}
{"target": 5.4131219740716245, "params": {"x0": 0.8, "x1": 0.9, "x2": 3.1799116954839706, "x3": 6.321545321301924e-53, "x4": 1.7110077963815329, "x5": 5.3768292504513164e-52, "x6": 3.5942736073204546, "x7": 14.463175723016253, "x8": 1.2812589236923715, "x9": 2.749988712732662}, "datetime": {"datetime": "2025-05-17 14:28:45", "elapsed": 21691.291948, "delta": 47.283502}}
{"target": 5.4131219740716245, "params": {"x0": 0.8, "x1": 0.9, "x2": 3.1799116954839706, "x3": 5.599031023895756e-52, "x4": 1.7110077963815329, "x5": 5.936322490683752e-52, "x6": 3.5942736073204546, "x7": 14.463175723016253, "x8": 1.2812589236923715, "x9": 2.749988712732662}, "datetime": {"datetime": "2025-05-17 14:29:22", "elapsed": 21728.691297, "delta": 37.399349}}
{"target": 5.4131219740716245, "params": {"x0": 0.8, "x1": 0.9, "x2": 3.1799116954839706, "x3": 8.744217336071528e-53, "x4": 1.7110077963815329, "x5": 3.4596011509492044e-52, "x6": 3.5942736073204546, "x7": 14.463175723016253, "x8": 1.2812589236923715, "x9": 2.749988712732662}, "datetime": {"datetime": "2025-05-17 14:29:59", "elapsed": 21764.794701, "delta": 36.103404}}
{"target": 5.4131219740716245, "params": {"x0": 0.8, "x1": 0.9, "x2": 3.1799116954839706, "x3": 4.2090234666184354e-52, "x4": 1.7110077963815329, "x5": 4.4280056074243326e-52, "x6": 3.5942736073204546, "x7": 14.463175723016253, "x8": 1.2812589236923715, "x9": 2.749988712732662}, "datetime": {"datetime": "2025-05-17 14:30:45", "elapsed": 21810.80968, "delta": 46.014979}}
{"target": 5.4131219740716245, "params": {"x0": 0.8, "x1": 0.9, "x2": 3.1799116954839706, "x3": 5.158050141708344e-52, "x4": 1.7110077963815329, "x5": 2.1820656175349093e-52, "x6": 3.5942736073204546, "x7": 14.463175723016253, "x8": 1.2812589236923715, "x9": 2.749988712732662}, "datetime": {"datetime": "2025-05-17 14:31:20", "elapsed": 21846.165231, "delta": 35.355551}}
{"target": 5.4131219740716245, "params": {"x0": 0.8, "x1": 0.9, "x2": 3.1799116954839706, "x3": 7.316463236409779e-53, "x4": 1.7110077963815329, "x5": 3.7071645665636738e-53, "x6": 3.5942736073204546, "x7": 14.463175723016253, "x8": 1.2812589236923715, "x9": 2.749988712732662}, "datetime": {"datetime": "2025-05-17 14:31:53", "elapsed": 21879.179095, "delta": 33.013864}}
{"target": 5.4131219740716245, "params": {"x0": 0.8, "x1": 0.9, "x2": 3.1799116954839706, "x3": 1.0754988350413472e-52, "x4": 1.7110077963815329, "x5": 3.309590583308709e-52, "x6": 3.5942736073204546, "x7": 14.463175723016253, "x8": 1.2812589236923715, "x9": 2.749988712732662}, "datetime": {"datetime": "2025-05-17 14:32:49", "elapsed": 21934.784136, "delta": 55.605041}}
{"target": 5.4131219740716245, "params": {"x0": 0.8, "x1": 0.9, "x2": 3.1799116954839706, "x3": 2.906311197863256e-52, "x4": 1.7110077963815329, "x5": 7.783463774084991e-53, "x6": 3.5942736073204546, "x7": 14.463175723016253, "x8": 1.2812589236923715, "x9": 2.749988712732662}, "datetime": {"datetime": "2025-05-17 14:33:34", "elapsed": 21980.01281, "delta": 45.228674}}
{"target": 5.4131219740716245, "params": {"x0": 0.8, "x1": 0.9, "x2": 3.1799116954839706, "x3": 2.1796508434731633e-52, "x4": 1.7110077963815329, "x5": 1.8159675959458497e-52, "x6": 3.5942736073204546, "x7": 14.463175723016253, "x8": 1.2812589236923715, "x9": 2.749988712732662}, "datetime": {"datetime": "2025-05-17 14:34:04", "elapsed": 22009.891651, "delta": 29.878841}}
{"target": 5.4131219740716245, "params": {"x0": 0.8, "x1": 0.9, "x2": 3.1799116954839706, "x3": 2.156829653704704e-52, "x4": 1.7110077963815329, "x5": 2.385489532741798e-52, "x6": 3.5942736073204546, "x7": 14.463175723016253, "x8": 1.2812589236923715, "x9": 2.749988712732662}, "datetime": {"datetime": "2025-05-17 14:34:34", "elapsed": 22040.056161, "delta": 30.16451}}
{"target": 5.4131219740716245, "params": {"x0": 0.8, "x1": 0.9, "x2": 3.1799116954839706, "x3": 1.3165987506002985e-52, "x4": 1.7110077963815329, "x5": 1.0647369819407847e-52, "x6": 3.5942736073204546, "x7": 14.463175723016253, "x8": 1.2812589236923715, "x9": 2.749988712732662}, "datetime": {"datetime": "2025-05-17 14:35:17", "elapsed": 22082.773922, "delta": 42.717761}}
{"target": 5.4131219740716245, "params": {"x0": 0.8, "x1": 0.9, "x2": 3.1799116954839706, "x3": 9.732088713222272e-53, "x4": 1.7110077963815329, "x5": 1.5885339989984626e-52, "x6": 3.5942736073204546, "x7": 14.463175723016253, "x8": 1.2812589236923715, "x9": 2.749988712732662}, "datetime": {"datetime": "2025-05-17 14:36:01", "elapsed": 22126.780493, "delta": 44.006571}}
{"target": 5.4131219740716245, "params": {"x0": 0.8, "x1": 0.9, "x2": 3.1799116954839706, "x3": 1.7415509275710153e-52, "x4": 1.7110077963815329, "x5": 1.1334693027064882e-52, "x6": 3.5942736073204546, "x7": 14.463175723016253, "x8": 1.2812589236923715, "x9": 2.749988712732662}, "datetime": {"datetime": "2025-05-17 14:36:34", "elapsed": 22159.796167, "delta": 33.015674}}
{"target": 5.4131219740716245, "params": {"x0": 0.8, "x1": 0.9, "x2": 3.1799116954839706, "x3": 1.677772887880214e-52, "x4": 1.7110077963815329, "x5": 9.16442390334519e-53, "x6": 3.5942736073204546, "x7": 14.463175723016253, "x8": 1.2812589236923715, "x9": 2.749988712732662}, "datetime": {"datetime": "2025-05-17 14:37:18", "elapsed": 22204.292452, "delta": 44.496285}}
{"target": 5.4131219740716245, "params": {"x0": 0.8, "x1": 0.9, "x2": 3.1799116954839706, "x3": 1.2249409142290211e-52, "x4": 1.7110077963815329, "x5": 5.1203677013757005e-53, "x6": 3.5942736073204546, "x7": 14.463175723016253, "x8": 1.2812589236923715, "x9": 2.749988712732662}, "datetime": {"datetime": "2025-05-17 14:37:59", "elapsed": 22245.578885, "delta": 41.286433}}
{"target": 5.4131219740716245, "params": {"x0": 0.8, "x1": 0.9, "x2": 3.1799116954839706, "x3": 2.1015777676504555e-52, "x4": 1.7110077963815329, "x5": 1.99770851842728e-53, "x6": 3.5942736073204546, "x7": 14.463175723016253, "x8": 1.2812589236923715, "x9": 2.749988712732662}, "datetime": {"datetime": "2025-05-17 14:38:30", "elapsed": 22276.587008, "delta": 31.008123}}
{"target": 5.4131219740716245, "params": {"x0": 0.8, "x1": 0.9, "x2": 3.1799116954839706, "x3": 1.198414719838133e-52, "x4": 1.7110077963815329, "x5": 3.659946825553552e-53, "x6": 3.5942736073204546, "x7": 14.463175723016253, "x8": 1.2812589236923715, "x9": 2.749988712732662}, "datetime": {"datetime": "2025-05-17 14:39:11", "elapsed": 22317.647262, "delta": 41.060254}}
{"target": 5.4131219740716245, "params": {"x0": 0.8, "x1": 0.9, "x2": 3.1799116954839706, "x3": 1.135983916292558e-52, "x4": 1.7110077963815329, "x5": 2.9488961796661676e-53, "x6": 3.5942736073204546, "x7": 14.463175723016253, "x8": 1.2812589236923715, "x9": 2.749988712732662}, "datetime": {"datetime": "2025-05-17 14:40:00", "elapsed": 22365.877351, "delta": 48.230089}}
{"target": 5.4131219740716245, "params": {"x0": 0.8, "x1": 0.9, "x2": 3.1799116954839706, "x3": 7.736073955386524e-53, "x4": 1.7110077963815329, "x5": 9.7872398343888e-53, "x6": 3.5942736073204546, "x7": 14.463175723016253, "x8": 1.2812589236923715, "x9": 2.749988712732662}, "datetime": {"datetime": "2025-05-17 14:40:39", "elapsed": 22405.41711, "delta": 39.539759}}
{"target": 5.4131219740716245, "params": {"x0": 0.8, "x1": 0.9, "x2": 3.1799116954839706, "x3": 1.0207015495061113e-52, "x4": 1.7110077963815329, "x5": 9.473729964817834e-53, "x6": 3.5942736073204546, "x7": 14.463175723016253, "x8": 1.2812589236923715, "x9": 2.749988712732662}, "datetime": {"datetime": "2025-05-17 14:41:28", "elapsed": 22454.087251, "delta": 48.670141}}
{"target": 5.4131219740716245, "params": {"x0": 0.8, "x1": 0.9, "x2": 3.1799116954839706, "x3": 1.1888710402312199e-52, "x4": 1.7110077963815329, "x5": 1.1847037809925313e-53, "x6": 3.5942736073204546, "x7": 14.463175723016253, "x8": 1.2812589236923715, "x9": 2.749988712732662}, "datetime": {"datetime": "2025-05-17 14:42:04", "elapsed": 22490.070673, "delta": 35.983422}}
{"target": 5.4131219740716245, "params": {"x0": 0.8, "x1": 0.9, "x2": 3.1799116954839706, "x3": 9.112441449442303e-54, "x4": 1.7110077963815329, "x5": 3.9294621980783847e-53, "x6": 3.5942736073204546, "x7": 14.463175723016253, "x8": 1.2812589236923715, "x9": 2.749988712732662}, "datetime": {"datetime": "2025-05-17 14:42:40", "elapsed": 22526.374354, "delta": 36.303681}}
{"target": 5.4131219740716245, "params": {"x0": 0.8, "x1": 0.9, "x2": 3.1799116954839706, "x3": 7.013604150197582e-53, "x4": 1.7110077963815329, "x5": 5.270783288280345e-53, "x6": 3.5942736073204546, "x7": 14.463175723016253, "x8": 1.2812589236923715, "x9": 2.749988712732662}, "datetime": {"datetime": "2025-05-17 14:43:21", "elapsed": 22566.818345, "delta": 40.443991}}
{"target": 5.4131219740716245, "params": {"x0": 0.8, "x1": 0.9, "x2": 3.1799116954839706, "x3": 6.399586112167975e-53, "x4": 1.7110077963815329, "x5": 1.323258459308104e-54, "x6": 3.5942736073204546, "x7": 14.463175723016253, "x8": 1.2812589236923715, "x9": 2.749988712732662}, "datetime": {"datetime": "2025-05-17 14:44:03", "elapsed": 22608.732474, "delta": 41.914129}}
{"target": 5.4131219740716245, "params": {"x0": 0.8, "x1": 0.9, "x2": 3.1799116954839706, "x3": 4.01306238037535e-53, "x4": 1.7110077963815329, "x5": 1.5332958552698303e-54, "x6": 3.5942736073204546, "x7": 14.463175723016253, "x8": 1.2812589236923715, "x9": 2.749988712732662}, "datetime": {"datetime": "2025-05-17 14:44:42", "elapsed": 22647.945596, "delta": 39.213122}}
{"target": 5.4131219740716245, "params": {"x0": 0.8, "x1": 0.9, "x2": 3.1799116954839706, "x3": 1.245719431453634e-54, "x4": 1.7110077963815329, "x5": 4.380476059990796e-53, "x6": 3.5942736073204546, "x7": 14.463175723016253, "x8": 1.2812589236923715, "x9": 2.749988712732662}, "datetime": {"datetime": "2025-05-17 14:45:28", "elapsed": 22694.301127, "delta": 46.355531}}
{"target": 5.4131219740716245, "params": {"x0": 0.8, "x1": 0.9, "x2": 3.1799116954839706, "x3": 5.821853553969744e-54, "x4": 1.7110077963815329, "x5": 4.0556497591142975e-53, "x6": 3.5942736073204546, "x7": 14.463175723016253, "x8": 1.2812589236923715, "x9": 2.749988712732662}, "datetime": {"datetime": "2025-05-17 14:46:16", "elapsed": 22742.555876, "delta": 48.254749}}
{"target": 5.4131219740716245, "params": {"x0": 0.8, "x1": 0.9, "x2": 3.1799116954839706, "x3": 3.837734868212159e-53, "x4": 1.7110077963815329, "x5": 3.25485982959998e-54, "x6": 3.5942736073204546, "x7": 14.463175723016253, "x8": 1.2812589236923715, "x9": 2.749988712732662}, "datetime": {"datetime": "2025-05-17 14:47:10", "elapsed": 22796.177954, "delta": 53.622078}}
{"target": 5.4131219740716245, "params": {"x0": 0.8, "x1": 0.9, "x2": 3.1799116954839706, "x3": 2.858703288079233e-53, "x4": 1.7110077963815329, "x5": 8.107050915765182e-54, "x6": 3.5942736073204546, "x7": 14.463175723016253, "x8": 1.2812589236923715, "x9": 2.749988712732662}, "datetime": {"datetime": "2025-05-17 14:47:42", "elapsed": 22828.596416, "delta": 32.418462}}
{"target": 5.4131219740716245, "params": {"x0": 0.8, "x1": 0.9, "x2": 3.1799116954839706, "x3": 1.1764812653721868e-53, "x4": 1.7110077963815329, "x5": 2.8742204469590857e-53, "x6": 3.5942736073204546, "x7": 14.463175723016253, "x8": 1.2812589236923715, "x9": 2.749988712732662}, "datetime": {"datetime": "2025-05-17 14:48:15", "elapsed": 22860.728623, "delta": 32.132207}}
{"target": 5.4131219740716245, "params": {"x0": 0.8, "x1": 0.9, "x2": 3.1799116954839706, "x3": 2.479325190535239e-53, "x4": 1.7110077963815329, "x5": 7.480638141149341e-54, "x6": 3.5942736073204546, "x7": 14.463175723016253, "x8": 1.2812589236923715, "x9": 2.749988712732662}, "datetime": {"datetime": "2025-05-17 14:48:59", "elapsed": 22905.172672, "delta": 44.444049}}
{"target": 5.4131219740716245, "params": {"x0": 0.8, "x1": 0.9, "x2": 3.1799116954839706, "x3": 2.5288058653960165e-53, "x4": 1.7110077963815329, "x5": 2.158252921868826e-53, "x6": 3.5942736073204546, "x7": 14.463175723016253, "x8": 1.2812589236923715, "x9": 2.749988712732662}, "datetime": {"datetime": "2025-05-17 14:49:34", "elapsed": 22939.79999, "delta": 34.627318}}
{"target": 5.4131219740716245, "params": {"x0": 0.8, "x1": 0.9, "x2": 3.1799116954839706, "x3": 5.129706996893167e-54, "x4": 1.7110077963815329, "x5": 2.0746100175390172e-53, "x6": 3.5942736073204546, "x7": 14.463175723016253, "x8": 1.2812589236923715, "x9": 2.749988712732662}, "datetime": {"datetime": "2025-05-17 14:50:13", "elapsed": 22979.135801, "delta": 39.335811}}
{"target": 5.4131219740716245, "params": {"x0": 0.8, "x1": 0.9, "x2": 3.1799116954839706, "x3": 1.641964109288179e-53, "x4": 1.7110077963815329, "x5": 1.1675331701038897e-53, "x6": 3.5942736073204546, "x7": 14.463175723016253, "x8": 1.2812589236923715, "x9": 2.749988712732662}, "datetime": {"datetime": "2025-05-17 14:51:03", "elapsed": 23029.696173, "delta": 50.560372}}
{"target": 5.4131219740716245, "params": {"x0": 0.8, "x1": 0.9, "x2": 3.1799116954839706, "x3": 2.8037721811822122e-53, "x4": 1.7110077963815329, "x5": 3.15735100764108e-54, "x6": 3.5942736073204546, "x7": 14.463175723016253, "x8": 1.2812589236923715, "x9": 2.749988712732662}, "datetime": {"datetime": "2025-05-17 14:51:39", "elapsed": 23065.295339, "delta": 35.599166}}
{"target": 5.4131219740716245, "params": {"x0": 0.8, "x1": 0.9, "x2": 3.1799116954839706, "x3": 1.5959546994536704e-53, "x4": 1.7110077963815329, "x5": 7.57309211181705e-54, "x6": 3.5942736073204546, "x7": 14.463175723016253, "x8": 1.2812589236923715, "x9": 2.749988712732662}, "datetime": {"datetime": "2025-05-17 14:52:14", "elapsed": 23099.943591, "delta": 34.648252}}
{"target": 5.4131219740716245, "params": {"x0": 0.8, "x1": 0.9, "x2": 3.1799116954839706, "x3": 1.662073063554083e-53, "x4": 1.7110077963815329, "x5": 1.2898747809571274e-53, "x6": 3.5942736073204546, "x7": 14.463175723016253, "x8": 1.2812589236923715, "x9": 2.749988712732662}, "datetime": {"datetime": "2025-05-17 14:52:50", "elapsed": 23136.362353, "delta": 36.418762}}
{"target": 5.4131219740716245, "params": {"x0": 0.8, "x1": 0.9, "x2": 3.1799116954839706, "x3": 3.1116035629714936e-54, "x4": 1.7110077963815329, "x5": 7.724954112579814e-54, "x6": 3.5942736073204546, "x7": 14.463175723016253, "x8": 1.2812589236923715, "x9": 2.749988712732662}, "datetime": {"datetime": "2025-05-17 14:53:33", "elapsed": 23179.38577, "delta": 43.023417}}
{"target": 5.4131219740716245, "params": {"x0": 0.8, "x1": 0.9, "x2": 3.1799116954839706, "x3": 8.829764520544437e-54, "x4": 1.7110077963815329, "x5": 5.1484801641405687e-54, "x6": 3.5942736073204546, "x7": 14.463175723016253, "x8": 1.2812589236923715, "x9": 2.749988712732662}, "datetime": {"datetime": "2025-05-17 14:54:22", "elapsed": 23228.451221, "delta": 49.065451}}
{"target": 5.4131219740716245, "params": {"x0": 0.8, "x1": 0.9, "x2": 3.1799116954839706, "x3": 2.855055497349624e-54, "x4": 1.7110077963815329, "x5": 6.572454870426244e-54, "x6": 3.5942736073204546, "x7": 14.463175723016253, "x8": 1.2812589236923715, "x9": 2.749988712732662}, "datetime": {"datetime": "2025-05-17 14:54:58", "elapsed": 23264.180546, "delta": 35.729325}}
{"target": 5.4131219740716245, "params": {"x0": 0.8, "x1": 0.9, "x2": 3.1799116954839706, "x3": 1.3089297742393786e-53, "x4": 1.7110077963815329, "x5": 3.2493659936276306e-55, "x6": 3.5942736073204546, "x7": 14.463175723016253, "x8": 1.2812589236923715, "x9": 2.749988712732662}, "datetime": {"datetime": "2025-05-17 14:55:29", "elapsed": 23295.149384, "delta": 30.968838}}
{"target": 5.4131219740716245, "params": {"x0": 0.8, "x1": 0.9, "x2": 3.1799116954839706, "x3": 7.283126257636835e-54, "x4": 1.7110077963815329, "x5": 3.626903728844172e-54, "x6": 3.5942736073204546, "x7": 14.463175723016253, "x8": 1.2812589236923715, "x9": 2.749988712732662}, "datetime": {"datetime": "2025-05-17 14:56:04", "elapsed": 23330.329571, "delta": 35.180187}}
{"target": 5.4131219740716245, "params": {"x0": 0.8, "x1": 0.9, "x2": 3.1799116954839706, "x3": 1.0316114096627081e-53, "x4": 1.7110077963815329, "x5": 4.5689650019982276e-54, "x6": 3.5942736073204546, "x7": 14.463175723016253, "x8": 1.2812589236923715, "x9": 2.749988712732662}, "datetime": {"datetime": "2025-05-17 14:56:47", "elapsed": 23372.78818, "delta": 42.458609}}
{"target": 5.4131219740716245, "params": {"x0": 0.8, "x1": 0.9, "x2": 3.1799116954839706, "x3": 8.464735742289593e-54, "x4": 1.7110077963815329, "x5": 3.866679482361793e-54, "x6": 3.5942736073204546, "x7": 14.463175723016253, "x8": 1.2812589236923715, "x9": 2.749988712732662}, "datetime": {"datetime": "2025-05-17 14:57:21", "elapsed": 23407.144698, "delta": 34.356518}}
{"target": 5.4131219740716245, "params": {"x0": 0.8, "x1": 0.9, "x2": 3.1799116954839706, "x3": 8.616655173103052e-54, "x4": 1.7110077963815329, "x5": 1.8411029830705196e-54, "x6": 3.5942736073204546, "x7": 14.463175723016253, "x8": 1.2812589236923715, "x9": 2.749988712732662}, "datetime": {"datetime": "2025-05-17 14:58:14", "elapsed": 23460.143694, "delta": 52.998996}}
{"target": 5.4131219740716245, "params": {"x0": 0.8, "x1": 0.9, "x2": 3.1799116954839706, "x3": 1.487801210733101e-54, "x4": 1.7110077963815329, "x5": 4.5954629410848576e-54, "x6": 3.5942736073204546, "x7": 14.463175723016253, "x8": 1.2812589236923715, "x9": 2.749988712732662}, "datetime": {"datetime": "2025-05-17 14:58:52", "elapsed": 23498.176403, "delta": 38.032709}}
{"target": 5.4131219740716245, "params": {"x0": 0.8, "x1": 0.9, "x2": 3.1799116954839706, "x3": 5.1597486019258665e-54, "x4": 1.7110077963815329, "x5": 4.632916146978461e-54, "x6": 3.5942736073204546, "x7": 14.463175723016253, "x8": 1.2812589236923715, "x9": 2.749988712732662}, "datetime": {"datetime": "2025-05-17 14:59:30", "elapsed": 23536.72303, "delta": 38.546627}}
{"target": 5.4131219740716245, "params": {"x0": 0.8, "x1": 0.9, "x2": 3.1799116954839706, "x3": 9.275247532577109e-55, "x4": 1.7110077963815329, "x5": 1.2105640943394427e-54, "x6": 3.5942736073204546, "x7": 14.463175723016253, "x8": 1.2812589236923715, "x9": 2.749988712732662}, "datetime": {"datetime": "2025-05-17 15:00:18", "elapsed": 23584.060573, "delta": 47.337543}}
{"target": 5.4131219740716245, "params": {"x0": 0.8, "x1": 0.9, "x2": 3.1799116954839706, "x3": 1.009311109329528e-54, "x4": 1.7110077963815329, "x5": 3.0503592373983743e-54, "x6": 3.5942736073204546, "x7": 14.463175723016253, "x8": 1.2812589236923715, "x9": 2.749988712732662}, "datetime": {"datetime": "2025-05-17 15:00:59", "elapsed": 23625.174429, "delta": 41.113856}}
{"target": 5.4131219740716245, "params": {"x0": 0.8, "x1": 0.9, "x2": 3.1799116954839706, "x3": 1.0898290973285566e-54, "x4": 1.7110077963815329, "x5": 3.875087416798187e-54, "x6": 3.5942736073204546, "x7": 14.463175723016253, "x8": 1.2812589236923715, "x9": 2.749988712732662}, "datetime": {"datetime": "2025-05-17 15:01:44", "elapsed": 23670.348779, "delta": 45.17435}}
{"target": 5.4131219740716245, "params": {"x0": 0.8, "x1": 0.9, "x2": 3.1799116954839706, "x3": 4.926382818199217e-54, "x4": 1.7110077963815329, "x5": 6.122893528836883e-55, "x6": 3.5942736073204546, "x7": 14.463175723016253, "x8": 1.2812589236923715, "x9": 2.749988712732662}, "datetime": {"datetime": "2025-05-17 15:02:33", "elapsed": 23719.335229, "delta": 48.98645}}
{"target": 5.4131219740716245, "params": {"x0": 0.8, "x1": 0.9, "x2": 3.1799116954839706, "x3": 8.927091452692105e-55, "x4": 1.7110077963815329, "x5": 3.233342076033682e-54, "x6": 3.5942736073204546, "x7": 14.463175723016253, "x8": 1.2812589236923715, "x9": 2.749988712732662}, "datetime": {"datetime": "2025-05-17 15:03:25", "elapsed": 23770.940345, "delta": 51.605116}}
{"target": 5.4131219740716245, "params": {"x0": 0.8, "x1": 0.9, "x2": 3.1799116954839706, "x3": 1.239468528863754e-54, "x4": 1.7110077963815329, "x5": 2.3049733122437154e-54, "x6": 3.5942736073204546, "x7": 14.463175723016253, "x8": 1.2812589236923715, "x9": 2.749988712732662}, "datetime": {"datetime": "2025-05-17 15:04:14", "elapsed": 23819.985734, "delta": 49.045389}}
{"target": 5.4131219740716245, "params": {"x0": 0.8, "x1": 0.9, "x2": 3.1799116954839706, "x3": 1.1642689525622591e-54, "x4": 1.7110077963815329, "x5": 1.322128917614266e-54, "x6": 3.5942736073204546, "x7": 14.463175723016253, "x8": 1.2812589236923715, "x9": 2.749988712732662}, "datetime": {"datetime": "2025-05-17 15:04:54", "elapsed": 23860.436095, "delta": 40.450361}}
{"target": 5.4131219740716245, "params": {"x0": 0.8, "x1": 0.9, "x2": 3.1799116954839706, "x3": 5.0735703930947144e-55, "x4": 1.7110077963815329, "x5": 2.4022593434162425e-54, "x6": 3.5942736073204546, "x7": 14.463175723016253, "x8": 1.2812589236923715, "x9": 2.749988712732662}, "datetime": {"datetime": "2025-05-17 15:05:32", "elapsed": 23898.616729, "delta": 38.180634}}
{"target": 5.4131219740716245, "params": {"x0": 0.8, "x1": 0.9, "x2": 3.1799116954839706, "x3": 9.858653484503652e-55, "x4": 1.7110077963815329, "x5": 1.1912473111381612e-54, "x6": 3.5942736073204546, "x7": 14.463175723016253, "x8": 1.2812589236923715, "x9": 2.749988712732662}, "datetime": {"datetime": "2025-05-17 15:06:12", "elapsed": 23938.243739, "delta": 39.62701}}
{"target": 5.4131219740716245, "params": {"x0": 0.8, "x1": 0.9, "x2": 3.1799116954839706, "x3": 2.5414381817444795e-54, "x4": 1.7110077963815329, "x5": 4.63418651817764e-55, "x6": 3.5942736073204546, "x7": 14.463175723016253, "x8": 1.2812589236923715, "x9": 2.749988712732662}, "datetime": {"datetime": "2025-05-17 15:06:45", "elapsed": 23971.620246, "delta": 33.376507}}
