{"target": 5.4131219740716245, "params": {"x0": 0.8, "x1": 0.9, "x2": 3.1799116954839706, "x3": 4.412629040885491e-68, "x4": 1.7110077963815329, "x5": 5.879603007423209e-69, "x6": 3.5942736073204546, "x7": 14.463175723016253, "x8": 1.2812589236923715, "x9": 2.749988712732662}, "datetime": {"datetime": "2025-05-17 19:20:22", "elapsed": 39188.630577, "delta": 49.382158}}
{"target": 5.4131219740716245, "params": {"x0": 0.8, "x1": 0.9, "x2": 3.1799116954839706, "x3": 2.05017594573397e-68, "x4": 1.7110077963815329, "x5": 1.5686759526609058e-68, "x6": 3.5942736073204546, "x7": 14.463175723016253, "x8": 1.2812589236923715, "x9": 2.749988712732662}, "datetime": {"datetime": "2025-05-17 19:21:42", "elapsed": 39267.824235, "delta": 79.193658}}
{"target": 5.4131219740716245, "params": {"x0": 0.8, "x1": 0.9, "x2": 3.1799116954839706, "x3": 1.4036076971237405e-68, "x4": 1.7110077963815329, "x5": 3.160879821473051e-68, "x6": 3.5942736073204546, "x7": 14.463175723016253, "x8": 1.2812589236923715, "x9": 2.749988712732662}, "datetime": {"datetime": "2025-05-17 19:22:35", "elapsed": 39320.739107, "delta": 52.914872}}
{"target": 5.4131219740716245, "params": {"x0": 0.8, "x1": 0.9, "x2": 3.1799116954839706, "x3": 5.155982943441174e-68, "x4": 1.7110077963815329, "x5": 3.7039409144679364e-68, "x6": 3.5942736073204546, "x7": 14.463175723016253, "x8": 1.2812589236923715, "x9": 2.749988712732662}, "datetime": {"datetime": "2025-05-17 19:23:42", "elapsed": 39388.2099, "delta": 67.470793}}
{"target": 5.4131219740716245, "params": {"x0": 0.8, "x1": 0.9, "x2": 3.1799116954839706, "x3": 2.788565705274432e-68, "x4": 1.7110077963815329, "x5": 1.5251753253418185e-68, "x6": 3.5942736073204546, "x7": 14.463175723016253, "x8": 1.2812589236923715, "x9": 2.749988712732662}, "datetime": {"datetime": "2025-05-17 19:25:00", "elapsed": 39466.517725, "delta": 78.307825}}
{"target": 5.4131219740716245, "params": {"x0": 0.8, "x1": 0.9, "x2": 3.1799116954839706, "x3": 4.721158342415427e-68, "x4": 1.7110077963815329, "x5": 1.8124614893106008e-68, "x6": 3.5942736073204546, "x7": 14.463175723016253, "x8": 1.2812589236923715, "x9": 2.749988712732662}, "datetime": {"datetime": "2025-05-17 19:26:09", "elapsed": 39534.856653, "delta": 68.338928}}
{"target": 5.4131219740716245, "params": {"x0": 0.8, "x1": 0.9, "x2": 3.1799116954839706, "x3": 2.3227606456414057e-68, "x4": 1.7110077963815329, "x5": 2.445551472467856e-68, "x6": 3.5942736073204546, "x7": 14.463175723016253, "x8": 1.2812589236923715, "x9": 2.749988712732662}, "datetime": {"datetime": "2025-05-17 19:27:22", "elapsed": 39607.936969, "delta": 73.080316}}
{"target": 5.4131219740716245, "params": {"x0": 0.8, "x1": 0.9, "x2": 3.1799116954839706, "x3": 7.315249082140264e-70, "x4": 1.7110077963815329, "x5": 2.254563456644358e-68, "x6": 3.5942736073204546, "x7": 14.463175723016253, "x8": 1.2812589236923715, "x9": 2.749988712732662}, "datetime": {"datetime": "2025-05-17 19:28:09", "elapsed": 39655.700106, "delta": 47.763137}}
{"target": 5.4131219740716245, "params": {"x0": 0.8, "x1": 0.9, "x2": 3.1799116954839706, "x3": 1.7603554273556371e-69, "x4": 1.7110077963815329, "x5": 1.4148748072570427e-69, "x6": 3.5942736073204546, "x7": 14.463175723016253, "x8": 1.2812589236923715, "x9": 2.749988712732662}, "datetime": {"datetime": "2025-05-17 19:29:08", "elapsed": 39714.421396, "delta": 58.72129}}
{"target": 5.4131219740716245, "params": {"x0": 0.8, "x1": 0.9, "x2": 3.1799116954839706, "x3": 9.591237420779482e-69, "x4": 1.7110077963815329, "x5": 1.1535883341875984e-68, "x6": 3.5942736073204546, "x7": 14.463175723016253, "x8": 1.2812589236923715, "x9": 2.749988712732662}, "datetime": {"datetime": "2025-05-17 19:30:22", "elapsed": 39788.223994, "delta": 73.802598}}
{"target": 5.4131219740716245, "params": {"x0": 0.8, "x1": 0.9, "x2": 3.1799116954839706, "x3": 7.131426737299526e-69, "x4": 1.7110077963815329, "x5": 3.023047278968696e-69, "x6": 3.5942736073204546, "x7": 14.463175723016253, "x8": 1.2812589236923715, "x9": 2.749988712732662}, "datetime": {"datetime": "2025-05-17 19:31:25", "elapsed": 39851.59748, "delta": 63.373486}}
{"target": 5.4131219740716245, "params": {"x0": 0.8, "x1": 0.9, "x2": 3.1799116954839706, "x3": 1.6852957335976942e-68, "x4": 1.7110077963815329, "x5": 8.31015517124979e-69, "x6": 3.5942736073204546, "x7": 14.463175723016253, "x8": 1.2812589236923715, "x9": 2.749988712732662}, "datetime": {"datetime": "2025-05-17 19:32:21", "elapsed": 39907.030643, "delta": 55.433163}}
{"target": 5.4131219740716245, "params": {"x0": 0.8, "x1": 0.9, "x2": 3.1799116954839706, "x3": 6.667545780179262e-69, "x4": 1.7110077963815329, "x5": 1.2442792374484195e-68, "x6": 3.5942736073204546, "x7": 14.463175723016253, "x8": 1.2812589236923715, "x9": 2.749988712732662}, "datetime": {"datetime": "2025-05-17 19:33:27", "elapsed": 39973.022353, "delta": 65.99171}}
{"target": 5.4131219740716245, "params": {"x0": 0.8, "x1": 0.9, "x2": 3.1799116954839706, "x3": 1.2547150488016246e-68, "x4": 1.7110077963815329, "x5": 1.2567822834663805e-68, "x6": 3.5942736073204546, "x7": 14.463175723016253, "x8": 1.2812589236923715, "x9": 2.749988712732662}, "datetime": {"datetime": "2025-05-17 19:34:51", "elapsed": 40057.725336, "delta": 84.702983}}
{"target": 5.4131219740716245, "params": {"x0": 0.8, "x1": 0.9, "x2": 3.1799116954839706, "x3": 3.743229508584953e-69, "x4": 1.7110077963815329, "x5": 6.205463073357028e-69, "x6": 3.5942736073204546, "x7": 14.463175723016253, "x8": 1.2812589236923715, "x9": 2.749988712732662}, "datetime": {"datetime": "2025-05-17 19:35:54", "elapsed": 40119.885747, "delta": 62.160411}}
{"target": 5.4131219740716245, "params": {"x0": 0.8, "x1": 0.9, "x2": 3.1799116954839706, "x3": 1.7471006260908375e-69, "x4": 1.7110077963815329, "x5": 3.1346395373694483e-69, "x6": 3.5942736073204546, "x7": 14.463175723016253, "x8": 1.2812589236923715, "x9": 2.749988712732662}, "datetime": {"datetime": "2025-05-17 19:36:54", "elapsed": 40180.224916, "delta": 60.339169}}
{"target": 5.4131219740716245, "params": {"x0": 0.8, "x1": 0.9, "x2": 3.1799116954839706, "x3": 3.9577970333913887e-69, "x4": 1.7110077963815329, "x5": 3.3512879557525384e-69, "x6": 3.5942736073204546, "x7": 14.463175723016253, "x8": 1.2812589236923715, "x9": 2.749988712732662}, "datetime": {"datetime": "2025-05-17 19:38:20", "elapsed": 40266.542035, "delta": 86.317119}}
{"target": 5.4131219740716245, "params": {"x0": 0.8, "x1": 0.9, "x2": 3.1799116954839706, "x3": 1.0096372636383886e-68, "x4": 1.7110077963815329, "x5": 1.7261770983960975e-69, "x6": 3.5942736073204546, "x7": 14.463175723016253, "x8": 1.2812589236923715, "x9": 2.749988712732662}, "datetime": {"datetime": "2025-05-17 19:39:23", "elapsed": 40328.769205, "delta": 62.22717}}
{"target": 5.4131219740716245, "params": {"x0": 0.8, "x1": 0.9, "x2": 3.1799116954839706, "x3": 3.5081783835058775e-69, "x4": 1.7110077963815329, "x5": 5.587721953596963e-69, "x6": 3.5942736073204546, "x7": 14.463175723016253, "x8": 1.2812589236923715, "x9": 2.749988712732662}, "datetime": {"datetime": "2025-05-17 19:40:10", "elapsed": 40376.191984, "delta": 47.422779}}
{"target": 5.4131219740716245, "params": {"x0": 0.8, "x1": 0.9, "x2": 3.1799116954839706, "x3": 1.0188418062234205e-68, "x4": 1.7110077963815329, "x5": 5.556066557455646e-70, "x6": 3.5942736073204546, "x7": 14.463175723016253, "x8": 1.2812589236923715, "x9": 2.749988712732662}, "datetime": {"datetime": "2025-05-17 19:41:12", "elapsed": 40438.248764, "delta": 62.05678}}
{"target": 5.4131219740716245, "params": {"x0": 0.8, "x1": 0.9, "x2": 3.1799116954839706, "x3": 1.3885569521889005e-69, "x4": 1.7110077963815329, "x5": 4.5231582284744825e-69, "x6": 3.5942736073204546, "x7": 14.463175723016253, "x8": 1.2812589236923715, "x9": 2.749988712732662}, "datetime": {"datetime": "2025-05-17 19:42:24", "elapsed": 40510.010987, "delta": 71.762223}}
{"target": 5.4131219740716245, "params": {"x0": 0.8, "x1": 0.9, "x2": 3.1799116954839706, "x3": 8.687749542383946e-69, "x4": 1.7110077963815329, "x5": 2.7702285894189507e-69, "x6": 3.5942736073204546, "x7": 14.463175723016253, "x8": 1.2812589236923715, "x9": 2.749988712732662}, "datetime": {"datetime": "2025-05-17 19:43:25", "elapsed": 40570.860601, "delta": 60.849614}}
{"target": 5.4131219740716245, "params": {"x0": 0.8, "x1": 0.9, "x2": 3.1799116954839706, "x3": 7.393180197088604e-70, "x4": 1.7110077963815329, "x5": 2.939836530035086e-69, "x6": 3.5942736073204546, "x7": 14.463175723016253, "x8": 1.2812589236923715, "x9": 2.749988712732662}, "datetime": {"datetime": "2025-05-17 19:44:31", "elapsed": 40636.827956, "delta": 65.967355}}
{"target": 5.4131219740716245, "params": {"x0": 0.8, "x1": 0.9, "x2": 3.1799116954839706, "x3": 2.9493795144058807e-69, "x4": 1.7110077963815329, "x5": 1.379492293130431e-69, "x6": 3.5942736073204546, "x7": 14.463175723016253, "x8": 1.2812589236923715, "x9": 2.749988712732662}, "datetime": {"datetime": "2025-05-17 19:45:17", "elapsed": 40683.617911, "delta": 46.789955}}
{"target": 5.4131219740716245, "params": {"x0": 0.8, "x1": 0.9, "x2": 3.1799116954839706, "x3": 7.313621062165902e-70, "x4": 1.7110077963815329, "x5": 1.8419894213469978e-69, "x6": 3.5942736073204546, "x7": 14.463175723016253, "x8": 1.2812589236923715, "x9": 2.749988712732662}, "datetime": {"datetime": "2025-05-17 19:46:23", "elapsed": 40748.887035, "delta": 65.269124}}
{"target": 5.4131219740716245, "params": {"x0": 0.8, "x1": 0.9, "x2": 3.1799116954839706, "x3": 1.5453236095798144e-69, "x4": 1.7110077963815329, "x5": 3.0677885386002047e-69, "x6": 3.5942736073204546, "x7": 14.463175723016253, "x8": 1.2812589236923715, "x9": 2.749988712732662}, "datetime": {"datetime": "2025-05-17 19:47:11", "elapsed": 40797.051151, "delta": 48.164116}}
{"target": 5.4131219740716245, "params": {"x0": 0.8, "x1": 0.9, "x2": 3.1799116954839706, "x3": 4.1876809931741835e-69, "x4": 1.7110077963815329, "x5": 1.6203505586341632e-69, "x6": 3.5942736073204546, "x7": 14.463175723016253, "x8": 1.2812589236923715, "x9": 2.749988712732662}, "datetime": {"datetime": "2025-05-17 19:48:19", "elapsed": 40864.921983, "delta": 67.870832}}
{"target": 5.4131219740716245, "params": {"x0": 0.8, "x1": 0.9, "x2": 3.1799116954839706, "x3": 7.126781081775438e-70, "x4": 1.7110077963815329, "x5": 7.915571479708424e-70, "x6": 3.5942736073204546, "x7": 14.463175723016253, "x8": 1.2812589236923715, "x9": 2.749988712732662}, "datetime": {"datetime": "2025-05-17 19:49:31", "elapsed": 40936.84841, "delta": 71.926427}}
{"target": 5.4131219740716245, "params": {"x0": 0.8, "x1": 0.9, "x2": 3.1799116954839706, "x3": 3.286160491901439e-70, "x4": 1.7110077963815329, "x5": 3.2707178954329805e-70, "x6": 3.5942736073204546, "x7": 14.463175723016253, "x8": 1.2812589236923715, "x9": 2.749988712732662}, "datetime": {"datetime": "2025-05-17 19:50:27", "elapsed": 40993.653489, "delta": 56.805079}}
{"target": 5.4131219740716245, "params": {"x0": 0.8, "x1": 0.9, "x2": 3.1799116954839706, "x3": 2.2133907796048053e-69, "x4": 1.7110077963815329, "x5": 1.8305572013093048e-69, "x6": 3.5942736073204546, "x7": 14.463175723016253, "x8": 1.2812589236923715, "x9": 2.749988712732662}, "datetime": {"datetime": "2025-05-17 19:51:22", "elapsed": 41048.303362, "delta": 54.649873}}
{"target": 5.4131219740716245, "params": {"x0": 0.8, "x1": 0.9, "x2": 3.1799116954839706, "x3": 1.659193143127986e-69, "x4": 1.7110077963815329, "x5": 1.9835105749725605e-69, "x6": 3.5942736073204546, "x7": 14.463175723016253, "x8": 1.2812589236923715, "x9": 2.749988712732662}, "datetime": {"datetime": "2025-05-17 19:52:38", "elapsed": 41124.12666, "delta": 75.823298}}
{"target": 5.4131219740716245, "params": {"x0": 0.8, "x1": 0.9, "x2": 3.1799116954839706, "x3": 1.82617165301547e-69, "x4": 1.7110077963815329, "x5": 1.0984032089779116e-69, "x6": 3.5942736073204546, "x7": 14.463175723016253, "x8": 1.2812589236923715, "x9": 2.749988712732662}, "datetime": {"datetime": "2025-05-17 19:53:40", "elapsed": 41185.843254, "delta": 61.716594}}
{"target": 5.4131219740716245, "params": {"x0": 0.8, "x1": 0.9, "x2": 3.1799116954839706, "x3": 2.2506619560066905e-69, "x4": 1.7110077963815329, "x5": 1.4793784456387647e-69, "x6": 3.5942736073204546, "x7": 14.463175723016253, "x8": 1.2812589236923715, "x9": 2.749988712732662}, "datetime": {"datetime": "2025-05-17 19:54:41", "elapsed": 41246.780981, "delta": 60.937727}}
{"target": 5.4131219740716245, "params": {"x0": 0.8, "x1": 0.9, "x2": 3.1799116954839706, "x3": 8.482629781576748e-70, "x4": 1.7110077963815329, "x5": 1.988417943333885e-70, "x6": 3.5942736073204546, "x7": 14.463175723016253, "x8": 1.2812589236923715, "x9": 2.749988712732662}, "datetime": {"datetime": "2025-05-17 19:55:38", "elapsed": 41304.683622, "delta": 57.902641}}
{"target": 5.4131219740716245, "params": {"x0": 0.8, "x1": 0.9, "x2": 3.1799116954839706, "x3": 1.6056280458606906e-69, "x4": 1.7110077963815329, "x5": 1.5378451071053938e-69, "x6": 3.5942736073204546, "x7": 14.463175723016253, "x8": 1.2812589236923715, "x9": 2.749988712732662}, "datetime": {"datetime": "2025-05-17 19:56:57", "elapsed": 41383.367471, "delta": 78.683849}}
{"target": 5.4131219740716245, "params": {"x0": 0.8, "x1": 0.9, "x2": 3.1799116954839706, "x3": 1.723205001907928e-70, "x4": 1.7110077963815329, "x5": 9.886859899214331e-70, "x6": 3.5942736073204546, "x7": 14.463175723016253, "x8": 1.2812589236923715, "x9": 2.749988712732662}, "datetime": {"datetime": "2025-05-17 19:58:01", "elapsed": 41447.473367, "delta": 64.105896}}
{"target": 5.4131219740716245, "params": {"x0": 0.8, "x1": 0.9, "x2": 3.1799116954839706, "x3": 8.929381608740721e-70, "x4": 1.7110077963815329, "x5": 3.786533933991137e-70, "x6": 3.5942736073204546, "x7": 14.463175723016253, "x8": 1.2812589236923715, "x9": 2.749988712732662}, "datetime": {"datetime": "2025-05-17 19:59:03", "elapsed": 41509.346566, "delta": 61.873199}}
{"target": 5.4131219740716245, "params": {"x0": 0.8, "x1": 0.9, "x2": 3.1799116954839706, "x3": 7.90363789793089e-71, "x4": 1.7110077963815329, "x5": 4.08863851462628e-70, "x6": 3.5942736073204546, "x7": 14.463175723016253, "x8": 1.2812589236923715, "x9": 2.749988712732662}, "datetime": {"datetime": "2025-05-17 20:00:27", "elapsed": 41593.387367, "delta": 84.040801}}
{"target": 5.4131219740716245, "params": {"x0": 0.8, "x1": 0.9, "x2": 3.1799116954839706, "x3": 1.3048195952878931e-69, "x4": 1.7110077963815329, "x5": 8.102923941647801e-70, "x6": 3.5942736073204546, "x7": 14.463175723016253, "x8": 1.2812589236923715, "x9": 2.749988712732662}, "datetime": {"datetime": "2025-05-17 20:01:27", "elapsed": 41653.318219, "delta": 59.930852}}
{"target": 5.4131219740716245, "params": {"x0": 0.8, "x1": 0.9, "x2": 3.1799116954839706, "x3": 5.896727185406026e-70, "x4": 1.7110077963815329, "x5": 5.293990169028801e-70, "x6": 3.5942736073204546, "x7": 14.463175723016253, "x8": 1.2812589236923715, "x9": 2.749988712732662}, "datetime": {"datetime": "2025-05-17 20:02:22", "elapsed": 41708.633409, "delta": 55.31519}}
{"target": 5.4131219740716245, "params": {"x0": 0.8, "x1": 0.9, "x2": 3.1799116954839706, "x3": 2.7662040994201605e-70, "x4": 1.7110077963815329, "x5": 3.601641412788652e-71, "x6": 3.5942736073204546, "x7": 14.463175723016253, "x8": 1.2812589236923715, "x9": 2.749988712732662}, "datetime": {"datetime": "2025-05-17 20:03:38", "elapsed": 41783.992404, "delta": 75.358995}}
{"target": 5.4131219740716245, "params": {"x0": 0.8, "x1": 0.9, "x2": 3.1799116954839706, "x3": 6.220683447044834e-70, "x4": 1.7110077963815329, "x5": 3.782984477534579e-70, "x6": 3.5942736073204546, "x7": 14.463175723016253, "x8": 1.2812589236923715, "x9": 2.749988712732662}, "datetime": {"datetime": "2025-05-17 20:04:35", "elapsed": 41841.229222, "delta": 57.236818}}
{"target": 5.4131219740716245, "params": {"x0": 0.8, "x1": 0.9, "x2": 3.1799116954839706, "x3": 5.753701574055194e-70, "x4": 1.7110077963815329, "x5": 4.1516203312560236e-70, "x6": 3.5942736073204546, "x7": 14.463175723016253, "x8": 1.2812589236923715, "x9": 2.749988712732662}, "datetime": {"datetime": "2025-05-17 20:05:39", "elapsed": 41905.483006, "delta": 64.253784}}
{"target": 5.4131219740716245, "params": {"x0": 0.8, "x1": 0.9, "x2": 3.1799116954839706, "x3": 8.159720592946138e-71, "x4": 1.7110077963815329, "x5": 3.596867419752476e-70, "x6": 3.5942736073204546, "x7": 14.463175723016253, "x8": 1.2812589236923715, "x9": 2.749988712732662}, "datetime": {"datetime": "2025-05-17 20:06:36", "elapsed": 41962.620817, "delta": 57.137811}}
{"target": 5.4131219740716245, "params": {"x0": 0.8, "x1": 0.9, "x2": 3.1799116954839706, "x3": 5.137414524845039e-70, "x4": 1.7110077963815329, "x5": 2.6881139243633895e-70, "x6": 3.5942736073204546, "x7": 14.463175723016253, "x8": 1.2812589236923715, "x9": 2.749988712732662}, "datetime": {"datetime": "2025-05-17 20:08:13", "elapsed": 42058.989831, "delta": 96.369014}}
{"target": 5.4131219740716245, "params": {"x0": 0.8, "x1": 0.9, "x2": 3.1799116954839706, "x3": 1.425840145377401e-70, "x4": 1.7110077963815329, "x5": 7.503488603649588e-71, "x6": 3.5942736073204546, "x7": 14.463175723016253, "x8": 1.2812589236923715, "x9": 2.749988712732662}, "datetime": {"datetime": "2025-05-17 20:09:08", "elapsed": 42114.486027, "delta": 55.496196}}
{"target": 5.4131219740716245, "params": {"x0": 0.8, "x1": 0.9, "x2": 3.1799116954839706, "x3": 1.2826920024368572e-70, "x4": 1.7110077963815329, "x5": 3.9259494635597995e-71, "x6": 3.5942736073204546, "x7": 14.463175723016253, "x8": 1.2812589236923715, "x9": 2.749988712732662}, "datetime": {"datetime": "2025-05-17 20:10:23", "elapsed": 42189.648179, "delta": 75.162152}}
{"target": 5.4131219740716245, "params": {"x0": 0.8, "x1": 0.9, "x2": 3.1799116954839706, "x3": 1.4840814370109585e-70, "x4": 1.7110077963815329, "x5": 5.436955833776231e-71, "x6": 3.5942736073204546, "x7": 14.463175723016253, "x8": 1.2812589236923715, "x9": 2.749988712732662}, "datetime": {"datetime": "2025-05-17 20:11:12", "elapsed": 42238.477781, "delta": 48.829602}}
{"target": 5.4131219740716245, "params": {"x0": 0.8, "x1": 0.9, "x2": 3.1799116954839706, "x3": 4.34878052257698e-71, "x4": 1.7110077963815329, "x5": 2.5667482976388915e-70, "x6": 3.5942736073204546, "x7": 14.463175723016253, "x8": 1.2812589236923715, "x9": 2.749988712732662}, "datetime": {"datetime": "2025-05-17 20:12:29", "elapsed": 42315.089722, "delta": 76.611941}}
{"target": 5.4131219740716245, "params": {"x0": 0.8, "x1": 0.9, "x2": 3.1799116954839706, "x3": 3.1166984015054817e-71, "x4": 1.7110077963815329, "x5": 1.7029657160597394e-70, "x6": 3.5942736073204546, "x7": 14.463175723016253, "x8": 1.2812589236923715, "x9": 2.749988712732662}, "datetime": {"datetime": "2025-05-17 20:13:33", "elapsed": 42379.502288, "delta": 64.412566}}
{"target": 5.4131219740716245, "params": {"x0": 0.8, "x1": 0.9, "x2": 3.1799116954839706, "x3": 2.427854475062282e-70, "x4": 1.7110077963815329, "x5": 2.3074387929369098e-70, "x6": 3.5942736073204546, "x7": 14.463175723016253, "x8": 1.2812589236923715, "x9": 2.749988712732662}, "datetime": {"datetime": "2025-05-17 20:14:26", "elapsed": 42432.667718, "delta": 53.16543}}
{"target": 5.4131219740716245, "params": {"x0": 0.8, "x1": 0.9, "x2": 3.1799116954839706, "x3": 2.082889245152961e-70, "x4": 1.7110077963815329, "x5": 1.610069064025128e-70, "x6": 3.5942736073204546, "x7": 14.463175723016253, "x8": 1.2812589236923715, "x9": 2.749988712732662}, "datetime": {"datetime": "2025-05-17 20:15:17", "elapsed": 42483.350695, "delta": 50.682977}}
{"target": 5.4131219740716245, "params": {"x0": 0.8, "x1": 0.9, "x2": 3.1799116954839706, "x3": 3.044631085337806e-70, "x4": 1.7110077963815329, "x5": 1.624494965242807e-70, "x6": 3.5942736073204546, "x7": 14.463175723016253, "x8": 1.2812589236923715, "x9": 2.749988712732662}, "datetime": {"datetime": "2025-05-17 20:16:19", "elapsed": 42544.918981, "delta": 61.568286}}
{"target": 5.4131219740716245, "params": {"x0": 0.8, "x1": 0.9, "x2": 3.1799116954839706, "x3": 1.9211910206114836e-70, "x4": 1.7110077963815329, "x5": 8.053958161457013e-71, "x6": 3.5942736073204546, "x7": 14.463175723016253, "x8": 1.2812589236923715, "x9": 2.749988712732662}, "datetime": {"datetime": "2025-05-17 20:17:12", "elapsed": 42597.932785, "delta": 53.013804}}
{"target": 5.4131219740716245, "params": {"x0": 0.8, "x1": 0.9, "x2": 3.1799116954839706, "x3": 3.7473916951250895e-71, "x4": 1.7110077963815329, "x5": 2.892974837374652e-71, "x6": 3.5942736073204546, "x7": 14.463175723016253, "x8": 1.2812589236923715, "x9": 2.749988712732662}, "datetime": {"datetime": "2025-05-17 20:18:28", "elapsed": 42674.520223, "delta": 76.587438}}
{"target": 5.4131219740716245, "params": {"x0": 0.8, "x1": 0.9, "x2": 3.1799116954839706, "x3": 1.561611273751738e-70, "x4": 1.7110077963815329, "x5": 1.250609393272891e-70, "x6": 3.5942736073204546, "x7": 14.463175723016253, "x8": 1.2812589236923715, "x9": 2.749988712732662}, "datetime": {"datetime": "2025-05-17 20:19:26", "elapsed": 42732.503854, "delta": 57.983631}}
{"target": 5.4131219740716245, "params": {"x0": 0.8, "x1": 0.9, "x2": 3.1799116954839706, "x3": 9.608634634519451e-73, "x4": 1.7110077963815329, "x5": 8.792324214611649e-72, "x6": 3.5942736073204546, "x7": 14.463175723016253, "x8": 1.2812589236923715, "x9": 2.749988712732662}, "datetime": {"datetime": "2025-05-17 20:20:30", "elapsed": 42796.651347, "delta": 64.147493}}
{"target": 5.4131219740716245, "params": {"x0": 0.8, "x1": 0.9, "x2": 3.1799116954839706, "x3": 8.233204099200681e-71, "x4": 1.7110077963815329, "x5": 1.0577537657530769e-70, "x6": 3.5942736073204546, "x7": 14.463175723016253, "x8": 1.2812589236923715, "x9": 2.749988712732662}, "datetime": {"datetime": "2025-05-17 20:21:15", "elapsed": 42840.976755, "delta": 44.325408}}
{"target": 5.4131219740716245, "params": {"x0": 0.8, "x1": 0.9, "x2": 3.1799116954839706, "x3": 7.965976180814356e-71, "x4": 1.7110077963815329, "x5": 7.484165383369484e-71, "x6": 3.5942736073204546, "x7": 14.463175723016253, "x8": 1.2812589236923715, "x9": 2.749988712732662}, "datetime": {"datetime": "2025-05-17 20:22:19", "elapsed": 42905.076075, "delta": 64.09932}}
