{"target": 5.4131219740716245, "params": {"x0": 0.8000000000004187, "x1": 0.9000000000110278, "x2": 3.1799116954989333, "x3": 9.282426602690947e-12, "x4": 1.7110077963833774, "x5": 4.0583048554162055e-12, "x6": 3.5942736073162123, "x7": 14.463175722950082, "x8": 1.2812589236841136, "x9": 2.7499887127371716}, "datetime": {"datetime": "2025-05-17 09:15:15", "elapsed": 2880.937287, "delta": 11.319292}}
{"target": 5.4131219740716245, "params": {"x0": 0.8000000000000793, "x1": 0.9000000000011675, "x2": 3.1799116954977733, "x3": 6.042693669878988e-13, "x4": 1.7110077963827643, "x5": 1.504427198390865e-12, "x6": 3.5942736073167496, "x7": 14.463175723066144, "x8": 1.281258923692751, "x9": 2.7499887127346674}, "datetime": {"datetime": "2025-05-17 09:15:25", "elapsed": 2891.429082, "delta": 10.491795}}
{"target": 5.4131219740716245, "params": {"x0": 0.8000000000003975, "x1": 0.9000000000000876, "x2": 3.179911695471623, "x3": 1.3906919121046308e-12, "x4": 1.7110077963820565, "x5": 4.307142693089231e-12, "x6": 3.594273607326538, "x7": 14.463175722967016, "x8": 1.2812589236847853, "x9": 2.749988712736929}, "datetime": {"datetime": "2025-05-17 09:15:36", "elapsed": 2901.906218, "delta": 10.477136}}
{"target": 5.4131219740716245, "params": {"x0": 0.8000000000003116, "x1": 0.9000000000044738, "x2": 3.1799116954784643, "x3": 5.373750574085368e-12, "x4": 1.7110077963820587, "x5": 3.53422752419152e-12, "x6": 3.594273607325882, "x7": 14.463175722969213, "x8": 1.2812589236965, "x9": 2.749988712737047}, "datetime": {"datetime": "2025-05-17 09:15:46", "elapsed": 2912.372142, "delta": 10.465924}}
{"target": 5.4131219740716245, "params": {"x0": 0.8000000000002948, "x1": 0.9000000000006435, "x2": 3.1799116954920956, "x3": 8.536076294244655e-12, "x4": 1.7110077963834107, "x5": 8.580837332553838e-13, "x6": 3.594273607305371, "x7": 14.46317572299232, "x8": 1.281258923695172, "x9": 2.749988712733662}, "datetime": {"datetime": "2025-05-17 09:15:57", "elapsed": 2923.130136, "delta": 10.757994}}
{"target": 5.4131219740716245, "params": {"x0": 0.8000000000002081, "x1": 0.9000000000041717, "x2": 3.179911695484189, "x3": 8.420342489921097e-12, "x4": 1.7110077963830568, "x5": 3.687601532554529e-12, "x6": 3.5942736073024166, "x7": 14.463175723078225, "x8": 1.2812589237006002, "x9": 2.7499887127272413}, "datetime": {"datetime": "2025-05-17 09:16:08", "elapsed": 2934.101531, "delta": 10.971395}}
{"target": 5.4131219740716245, "params": {"x0": 0.8000000000001745, "x1": 0.900000000004203, "x2": 3.1799116954746784, "x3": 1.983196987595567e-12, "x4": 1.7110077963830674, "x5": 1.8128095289786739e-12, "x6": 3.5942736073101926, "x7": 14.463175722994883, "x8": 1.2812589236975318, "x9": 2.74998871273311}, "datetime": {"datetime": "2025-05-17 09:16:18", "elapsed": 2944.271252, "delta": 10.169721}}
{"target": 5.4131219740716245, "params": {"x0": 0.8000000000001692, "x1": 0.900000000004204, "x2": 3.1799116954851283, "x3": 2.5043730500546217e-12, "x4": 1.7110077963816477, "x5": 3.776697241987654e-12, "x6": 3.594273607301931, "x7": 14.463175723013247, "x8": 1.2812589236934078, "x9": 2.7499887127303815}, "datetime": {"datetime": "2025-05-17 09:16:30", "elapsed": 2955.798726, "delta": 11.527474}}
{"target": 5.4131219740716245, "params": {"x0": 0.8000000000002347, "x1": 0.9000000000024816, "x2": 3.1799116954841935, "x3": 7.894621001189292e-13, "x4": 1.711007796382162, "x5": 3.178183432118419e-13, "x6": 3.5942736073134087, "x7": 14.463175722980871, "x8": 1.28125892368779, "x9": 2.7499887127311244}, "datetime": {"datetime": "2025-05-17 09:16:40", "elapsed": 2966.181469, "delta": 10.382743}}
{"target": 5.4131219740716245, "params": {"x0": 0.8000000000001383, "x1": 0.9000000000033136, "x2": 3.1799116954782947, "x3": 6.430405836349768e-13, "x4": 1.711007796382143, "x5": 2.427747683004029e-12, "x6": 3.594273607311952, "x7": 14.463175722978452, "x8": 1.28125892369775, "x9": 2.749988712732487}, "datetime": {"datetime": "2025-05-17 09:16:50", "elapsed": 2976.581375, "delta": 10.399906}}
{"target": 5.4131219740716245, "params": {"x0": 0.8000000000001234, "x1": 0.9000000000022279, "x2": 3.1799116954789755, "x3": 9.286609026726382e-13, "x4": 1.7110077963836114, "x5": 2.38004680889703e-12, "x6": 3.594273607330784, "x7": 14.463175722983468, "x8": 1.2812589236901273, "x9": 2.749988712730211}, "datetime": {"datetime": "2025-05-17 09:17:01", "elapsed": 2987.255679, "delta": 10.674304}}
{"target": 5.4131219740716245, "params": {"x0": 0.80000000000007, "x1": 0.9000000000001966, "x2": 3.179911695483759, "x3": 9.730012079073297e-13, "x4": 1.711007796379847, "x5": 1.2187253724617359e-12, "x6": 3.5942736073311825, "x7": 14.463175723044925, "x8": 1.2812589236892482, "x9": 2.749988712733861}, "datetime": {"datetime": "2025-05-17 09:17:12", "elapsed": 2998.008271, "delta": 10.752592}}
{"target": 5.4131219740716245, "params": {"x0": 0.8000000000001296, "x1": 0.9000000000009357, "x2": 3.1799116954871534, "x3": 3.3174855281652717e-12, "x4": 1.7110077963798447, "x5": 2.4001701528730026e-12, "x6": 3.5942736073316928, "x7": 14.463175723038757, "x8": 1.2812589236885414, "x9": 2.749988712731614}, "datetime": {"datetime": "2025-05-17 09:17:22", "elapsed": 3008.528241, "delta": 10.51997}}
{"target": 5.4131219740716245, "params": {"x0": 0.8000000000000052, "x1": 0.9000000000002695, "x2": 3.1799116954809987, "x3": 1.9287689707141845e-12, "x4": 1.711007796380262, "x5": 2.0441434433363055e-12, "x6": 3.5942736073132306, "x7": 14.463175722997772, "x8": 1.281258923688738, "x9": 2.7499887127303952}, "datetime": {"datetime": "2025-05-17 09:17:33", "elapsed": 3018.822751, "delta": 10.29451}}
{"target": 5.4131219740716245, "params": {"x0": 0.8000000000000163, "x1": 0.9000000000008517, "x2": 3.17991169547977, "x3": 2.2318539183300084e-12, "x4": 1.7110077963802628, "x5": 7.033157540569536e-13, "x6": 3.5942736073239407, "x7": 14.463175723003857, "x8": 1.2812589236913208, "x9": 2.7499887127318052}, "datetime": {"datetime": "2025-05-17 09:17:43", "elapsed": 3029.216182, "delta": 10.393431}}
{"target": 5.4131219740716245, "params": {"x0": 0.8000000000000769, "x1": 0.9000000000011413, "x2": 3.1799116954841873, "x3": 2.027091430903323e-12, "x4": 1.7110077963804509, "x5": 1.8484201978563247e-12, "x6": 3.5942736073237516, "x7": 14.46317572300936, "x8": 1.281258923694151, "x9": 2.7499887127336953}, "datetime": {"datetime": "2025-05-17 09:17:54", "elapsed": 3040.019976, "delta": 10.803794}}
{"target": 5.4131219740716245, "params": {"x0": 0.8000000000001114, "x1": 0.9000000000001505, "x2": 3.1799116954850115, "x3": 4.2059439388491424e-13, "x4": 1.7110077963805324, "x5": 1.4674765362511907e-12, "x6": 3.5942736073168304, "x7": 14.463175722995652, "x8": 1.2812589236947536, "x9": 2.7499887127342904}, "datetime": {"datetime": "2025-05-17 09:18:04", "elapsed": 3050.6735, "delta": 10.653524}}
{"target": 5.4131219740716245, "params": {"x0": 0.8000000000000741, "x1": 0.9000000000008049, "x2": 3.179911695484678, "x3": 1.7117694411879882e-12, "x4": 1.7110077963811607, "x5": 5.152620047631019e-14, "x6": 3.5942736073177532, "x7": 14.463175723005062, "x8": 1.28125892369186, "x9": 2.749988712734227}, "datetime": {"datetime": "2025-05-17 09:18:15", "elapsed": 3061.150034, "delta": 10.476534}}
{"target": 5.4131219740716245, "params": {"x0": 0.800000000000044, "x1": 0.9000000000001422, "x2": 3.179911695486427, "x3": 7.178286528923606e-13, "x4": 1.711007796382124, "x5": 8.922412359078847e-13, "x6": 3.5942736073151162, "x7": 14.463175723030057, "x8": 1.281258923691309, "x9": 2.749988712731312}, "datetime": {"datetime": "2025-05-17 09:18:26", "elapsed": 3072.079994, "delta": 10.92996}}
{"target": 5.4131219740716245, "params": {"x0": 0.800000000000024, "x1": 0.9000000000003134, "x2": 3.1799116954815623, "x3": 2.0402791209021054e-12, "x4": 1.7110077963813621, "x5": 3.8724561315204e-13, "x6": 3.5942736073223185, "x7": 14.463175723019898, "x8": 1.2812589236913516, "x9": 2.749988712733048}, "datetime": {"datetime": "2025-05-17 09:18:37", "elapsed": 3082.963266, "delta": 10.883272}}
{"target": 5.4131219740716245, "params": {"x0": 0.8000000000000625, "x1": 0.9000000000014126, "x2": 3.179911695483687, "x3": 1.4219137703165303e-12, "x4": 1.7110077963814652, "x5": 7.060772263601642e-14, "x6": 3.5942736073187063, "x7": 14.46317572300278, "x8": 1.2812589236924723, "x9": 2.7499887127317493}, "datetime": {"datetime": "2025-05-17 09:18:48", "elapsed": 3093.925636, "delta": 10.96237}}
{"target": 5.4131219740716245, "params": {"x0": 0.8000000000000599, "x1": 0.9000000000005405, "x2": 3.179911695485397, "x3": 6.125693814998866e-13, "x4": 1.7110077963812136, "x5": 1.0807001148300104e-12, "x6": 3.5942736073245833, "x7": 14.463175723026868, "x8": 1.2812589236930096, "x9": 2.7499887127335763}, "datetime": {"datetime": "2025-05-17 09:18:58", "elapsed": 3104.533628, "delta": 10.607992}}
{"target": 5.4131219740716245, "params": {"x0": 0.8000000000000265, "x1": 0.9000000000013388, "x2": 3.179911695482685, "x3": 7.644773297689765e-13, "x4": 1.7110077963814085, "x5": 9.880878444916317e-13, "x6": 3.5942736073221044, "x7": 14.463175723014722, "x8": 1.2812589236925778, "x9": 2.749988712732943}, "datetime": {"datetime": "2025-05-17 09:19:09", "elapsed": 3114.884562, "delta": 10.350934}}
{"target": 5.4131219740716245, "params": {"x0": 0.8000000000000409, "x1": 0.900000000000957, "x2": 3.1799116954839857, "x3": 1.415488433847027e-13, "x4": 1.7110077963812726, "x5": 4.835847155425544e-13, "x6": 3.5942736073192143, "x7": 14.463175723020077, "x8": 1.2812589236931968, "x9": 2.749988712733189}, "datetime": {"datetime": "2025-05-17 09:19:20", "elapsed": 3125.878227, "delta": 10.993665}}
{"target": 5.4131219740716245, "params": {"x0": 0.8000000000000448, "x1": 0.9000000000006795, "x2": 3.1799116954841185, "x3": 1.133035006234831e-12, "x4": 1.711007796381842, "x5": 8.223026846959491e-13, "x6": 3.594273607323029, "x7": 14.46317572302559, "x8": 1.281258923693151, "x9": 2.749988712732213}, "datetime": {"datetime": "2025-05-17 09:19:30", "elapsed": 3136.708212, "delta": 10.829985}}
{"target": 5.4131219740716245, "params": {"x0": 0.8000000000000054, "x1": 0.9000000000003353, "x2": 3.1799116954828803, "x3": 4.999425607296922e-13, "x4": 1.7110077963815786, "x5": 1.2268441079530348e-13, "x6": 3.594273607317617, "x7": 14.46317572301551, "x8": 1.2812589236924723, "x9": 2.7499887127323936}, "datetime": {"datetime": "2025-05-17 09:19:41", "elapsed": 3147.403208, "delta": 10.694996}}
{"target": 5.4131219740716245, "params": {"x0": 0.800000000000008, "x1": 0.900000000000691, "x2": 3.179911695484804, "x3": 4.4184033286686527e-13, "x4": 1.7110077963812544, "x5": 2.9859461911148427e-13, "x6": 3.5942736073212274, "x7": 14.463175723015603, "x8": 1.281258923691922, "x9": 2.7499887127328733}, "datetime": {"datetime": "2025-05-17 09:19:52", "elapsed": 3158.006157, "delta": 10.602949}}
{"target": 5.4131219740716245, "params": {"x0": 0.8000000000000236, "x1": 0.9000000000002482, "x2": 3.179911695484409, "x3": 5.557210983689755e-13, "x4": 1.7110077963818358, "x5": 1.9888435641668994e-13, "x6": 3.594273607319565, "x7": 14.463175723020889, "x8": 1.281258923691746, "x9": 2.7499887127330727}, "datetime": {"datetime": "2025-05-17 09:20:02", "elapsed": 3168.635356, "delta": 10.629199}}
{"target": 5.4131219740716245, "params": {"x0": 0.8000000000000023, "x1": 0.9000000000003707, "x2": 3.1799116954841296, "x3": 4.940205765283624e-13, "x4": 1.711007796381829, "x5": 4.846068441423564e-13, "x6": 3.5942736073199795, "x7": 14.463175723017441, "x8": 1.2812589236917602, "x9": 2.7499887127321982}, "datetime": {"datetime": "2025-05-17 09:20:13", "elapsed": 3179.297865, "delta": 10.662509}}
{"target": 5.4131219740716245, "params": {"x0": 0.8000000000000155, "x1": 0.9000000000004129, "x2": 3.1799116954841775, "x3": 4.530136730432916e-13, "x4": 1.7110077963817347, "x5": 2.678265609023709e-13, "x6": 3.5942736073199586, "x7": 14.463175723019932, "x8": 1.2812589236920462, "x9": 2.749988712732906}, "datetime": {"datetime": "2025-05-17 09:20:24", "elapsed": 3189.804015, "delta": 10.50615}}
{"target": 5.4131219740716245, "params": {"x0": 0.8000000000000215, "x1": 0.9000000000000848, "x2": 3.1799116954843267, "x3": 3.5320002529839467e-13, "x4": 1.711007796381578, "x5": 3.026676348752997e-14, "x6": 3.594273607322045, "x7": 14.463175723018256, "x8": 1.2812589236924243, "x9": 2.7499887127326246}, "datetime": {"datetime": "2025-05-17 09:20:35", "elapsed": 3200.759789, "delta": 10.955774}}
{"target": 5.4131219740716245, "params": {"x0": 0.8000000000000113, "x1": 0.9000000000003363, "x2": 3.1799116954835878, "x3": 5.25707175548148e-14, "x4": 1.7110077963817303, "x5": 2.1629325830443863e-13, "x6": 3.594273607320043, "x7": 14.46317572301266, "x8": 1.281258923692318, "x9": 2.7499887127326574}, "datetime": {"datetime": "2025-05-17 09:20:46", "elapsed": 3211.829968, "delta": 11.070179}}
{"target": 5.4131219740716245, "params": {"x0": 0.8000000000000066, "x1": 0.9000000000000745, "x2": 3.179911695483534, "x3": 3.600863580939952e-14, "x4": 1.7110077963815833, "x5": 4.123378209076363e-14, "x6": 3.594273607320248, "x7": 14.463175723020179, "x8": 1.2812589236919965, "x9": 2.7499887127328355}, "datetime": {"datetime": "2025-05-17 09:20:57", "elapsed": 3223.394232, "delta": 11.564264}}
{"target": 5.4131219740716245, "params": {"x0": 0.8000000000000008, "x1": 0.9000000000001283, "x2": 3.1799116954835585, "x3": 4.209478235862416e-13, "x4": 1.7110077963815253, "x5": 7.698554687903492e-14, "x6": 3.594273607320733, "x7": 14.463175723013647, "x8": 1.2812589236923528, "x9": 2.7499887127325326}, "datetime": {"datetime": "2025-05-17 09:21:09", "elapsed": 3234.816733, "delta": 11.422501}}
{"target": 5.4131219740716245, "params": {"x0": 0.8000000000000146, "x1": 0.9000000000002968, "x2": 3.1799116954835815, "x3": 3.864790915801058e-13, "x4": 1.711007796381427, "x5": 1.68376642844108e-13, "x6": 3.59427360732075, "x7": 14.463175723018153, "x8": 1.2812589236925696, "x9": 2.749988712732514}, "datetime": {"datetime": "2025-05-17 09:21:20", "elapsed": 3245.857774, "delta": 11.041041}}
{"target": 5.4131219740716245, "params": {"x0": 0.8000000000000004, "x1": 0.9000000000001467, "x2": 3.179911695484327, "x3": 2.5638993773192445e-13, "x4": 1.7110077963814863, "x5": 2.084883086922112e-13, "x6": 3.5942736073206687, "x7": 14.463175723017711, "x8": 1.2812589236920562, "x9": 2.7499887127325824}, "datetime": {"datetime": "2025-05-17 09:21:31", "elapsed": 3257.035708, "delta": 11.177934}}
{"target": 5.4131219740716245, "params": {"x0": 0.8000000000000032, "x1": 0.9000000000002087, "x2": 3.179911695484078, "x3": 1.1276113415742141e-13, "x4": 1.7110077963814385, "x5": 2.1083746687278117e-13, "x6": 3.5942736073200052, "x7": 14.463175723016136, "x8": 1.2812589236924048, "x9": 2.74998871273248}, "datetime": {"datetime": "2025-05-17 09:21:41", "elapsed": 3267.599696, "delta": 10.563988}}
{"target": 5.4131219740716245, "params": {"x0": 0.800000000000003, "x1": 0.9000000000002584, "x2": 3.1799116954838884, "x3": 1.5835449098940274e-13, "x4": 1.7110077963814976, "x5": 2.9499170227590775e-14, "x6": 3.594273607319935, "x7": 14.46317572301736, "x8": 1.2812589236926446, "x9": 2.749988712732489}, "datetime": {"datetime": "2025-05-17 09:21:52", "elapsed": 3277.865281, "delta": 10.265585}}
{"target": 5.4131219740716245, "params": {"x0": 0.8000000000000056, "x1": 0.9000000000000882, "x2": 3.1799116954838547, "x3": 3.3518975778176813e-14, "x4": 1.7110077963814774, "x5": 1.2189113457019718e-13, "x6": 3.594273607320452, "x7": 14.463175723018251, "x8": 1.2812589236924325, "x9": 2.7499887127328115}, "datetime": {"datetime": "2025-05-17 09:22:03", "elapsed": 3288.758378, "delta": 10.893097}}
{"target": 5.4131219740716245, "params": {"x0": 0.8000000000000059, "x1": 0.9000000000001445, "x2": 3.1799116954839786, "x3": 7.874105127583296e-14, "x4": 1.7110077963815502, "x5": 1.1684385282373881e-14, "x6": 3.5942736073198143, "x7": 14.463175723015874, "x8": 1.2812589236926053, "x9": 2.7499887127326956}, "datetime": {"datetime": "2025-05-17 09:22:13", "elapsed": 3299.558915, "delta": 10.800537}}
{"target": 5.4131219740716245, "params": {"x0": 0.8000000000000064, "x1": 0.9000000000001093, "x2": 3.17991169548396, "x3": 9.133164504400053e-14, "x4": 1.7110077963814496, "x5": 1.9551202033701095e-14, "x6": 3.594273607320814, "x7": 14.463175723015228, "x8": 1.2812589236924892, "x9": 2.7499887127326295}, "datetime": {"datetime": "2025-05-17 09:22:25", "elapsed": 3310.915087, "delta": 11.356172}}
{"target": 5.4131219740716245, "params": {"x0": 0.8000000000000039, "x1": 0.9000000000000431, "x2": 3.1799116954839395, "x3": 1.5420532029150207e-13, "x4": 1.711007796381572, "x5": 4.584846037836146e-14, "x6": 3.594273607320613, "x7": 14.463175723015372, "x8": 1.2812589236924778, "x9": 2.7499887127326}, "datetime": {"datetime": "2025-05-17 09:22:36", "elapsed": 3321.757895, "delta": 10.842808}}
{"target": 5.4131219740716245, "params": {"x0": 0.8000000000000008, "x1": 0.9000000000001153, "x2": 3.1799116954838014, "x3": 1.4716240011407423e-13, "x4": 1.7110077963815737, "x5": 2.1273277177396794e-14, "x6": 3.5942736073202295, "x7": 14.463175723016564, "x8": 1.2812589236922063, "x9": 2.749988712732698}, "datetime": {"datetime": "2025-05-17 09:22:46", "elapsed": 3332.091532, "delta": 10.333637}}
{"target": 5.4131219740716245, "params": {"x0": 0.8000000000000063, "x1": 0.9000000000001415, "x2": 3.1799116954839306, "x3": 1.3945683865843776e-13, "x4": 1.7110077963815762, "x5": 1.7144312474298445e-15, "x6": 3.594273607320207, "x7": 14.463175723017356, "x8": 1.28125892369232, "x9": 2.749988712732739}, "datetime": {"datetime": "2025-05-17 09:22:57", "elapsed": 3342.95922, "delta": 10.867688}}
{"target": 5.4131219740716245, "params": {"x0": 0.8000000000000058, "x1": 0.9000000000000097, "x2": 3.179911695483841, "x3": 1.394805155314873e-13, "x4": 1.7110077963814816, "x5": 5.685154833614009e-14, "x6": 3.594273607320598, "x7": 14.463175723017088, "x8": 1.2812589236924905, "x9": 2.7499887127325753}, "datetime": {"datetime": "2025-05-17 09:23:08", "elapsed": 3354.04034, "delta": 11.08112}}
{"target": 5.4131219740716245, "params": {"x0": 0.8000000000000048, "x1": 0.9000000000000468, "x2": 3.1799116954840976, "x3": 1.2135875284760883e-13, "x4": 1.711007796381509, "x5": 4.205061646311231e-15, "x6": 3.5942736073204564, "x7": 14.463175723015757, "x8": 1.2812589236923673, "x9": 2.7499887127327116}, "datetime": {"datetime": "2025-05-17 09:23:19", "elapsed": 3364.924989, "delta": 10.884649}}
{"target": 5.4131219740716245, "params": {"x0": 0.8000000000000044, "x1": 0.9000000000000149, "x2": 3.179911695484112, "x3": 2.818201558218175e-15, "x4": 1.7110077963814934, "x5": 5.081900433806719e-14, "x6": 3.5942736073205124, "x7": 14.463175723016525, "x8": 1.2812589236923269, "x9": 2.749988712732605}, "datetime": {"datetime": "2025-05-17 09:23:31", "elapsed": 3376.953628, "delta": 12.028639}}
{"target": 5.4131219740716245, "params": {"x0": 0.8000000000000028, "x1": 0.9000000000000635, "x2": 3.179911695483982, "x3": 7.368055010878784e-15, "x4": 1.7110077963815342, "x5": 4.844895026462399e-15, "x6": 3.5942736073204715, "x7": 14.463175723015953, "x8": 1.2812589236922824, "x9": 2.7499887127326175}, "datetime": {"datetime": "2025-05-17 09:23:42", "elapsed": 3388.332658, "delta": 11.37903}}
{"target": 5.4131219740716245, "params": {"x0": 0.8000000000000032, "x1": 0.9000000000000782, "x2": 3.1799116954839186, "x3": 2.6140521809809265e-14, "x4": 1.7110077963815287, "x5": 5.687704856786503e-14, "x6": 3.5942736073203094, "x7": 14.463175723016677, "x8": 1.281258923692327, "x9": 2.7499887127326033}, "datetime": {"datetime": "2025-05-17 09:23:53", "elapsed": 3399.719249, "delta": 11.386591}}
{"target": 5.4131219740716245, "params": {"x0": 0.8000000000000023, "x1": 0.9000000000000623, "x2": 3.179911695484047, "x3": 7.684730327622696e-14, "x4": 1.7110077963815622, "x5": 3.358111014453559e-14, "x6": 3.594273607320418, "x7": 14.463175723015627, "x8": 1.2812589236923044, "x9": 2.7499887127326685}, "datetime": {"datetime": "2025-05-17 09:24:05", "elapsed": 3410.78218, "delta": 11.062931}}
{"target": 5.4131219740716245, "params": {"x0": 0.800000000000002, "x1": 0.900000000000019, "x2": 3.1799116954838866, "x3": 3.503476086625933e-15, "x4": 1.711007796381559, "x5": 2.659940463251876e-14, "x6": 3.594273607320427, "x7": 14.46317572301572, "x8": 1.2812589236924172, "x9": 2.7499887127326543}, "datetime": {"datetime": "2025-05-17 09:24:16", "elapsed": 3421.923958, "delta": 11.141778}}
{"target": 5.4131219740716245, "params": {"x0": 0.8000000000000018, "x1": 0.9000000000000125, "x2": 3.179911695483908, "x3": 6.414143499270414e-14, "x4": 1.711007796381562, "x5": 2.7119565418200376e-14, "x6": 3.5942736073203165, "x7": 14.463175723016441, "x8": 1.2812589236923813, "x9": 2.749988712732674}, "datetime": {"datetime": "2025-05-17 09:24:26", "elapsed": 3432.52257, "delta": 10.598612}}
{"target": 5.4131219740716245, "params": {"x0": 0.8000000000000016, "x1": 0.9000000000000231, "x2": 3.1799116954839204, "x3": 5.842103928813748e-14, "x4": 1.7110077963815415, "x5": 1.351701310814795e-14, "x6": 3.594273607320484, "x7": 14.46317572301622, "x8": 1.2812589236923284, "x9": 2.7499887127326645}, "datetime": {"datetime": "2025-05-17 09:24:37", "elapsed": 3443.052096, "delta": 10.529526}}
{"target": 5.4131219740716245, "params": {"x0": 0.8000000000000024, "x1": 0.9000000000000014, "x2": 3.1799116954840287, "x3": 2.422596467556876e-14, "x4": 1.7110077963815296, "x5": 8.288916369405528e-15, "x6": 3.5942736073205936, "x7": 14.463175723016192, "x8": 1.2812589236923655, "x9": 2.7499887127326588}, "datetime": {"datetime": "2025-05-17 09:24:48", "elapsed": 3454.248243, "delta": 11.196147}}
