{"target": 5.4131219740716245, "params": {"x0": 0.8, "x1": 0.9, "x2": 3.1799116954839706, "x3": 1.335119681597452e-89, "x4": 1.7110077963815329, "x5": 6.186177429538384e-90, "x6": 3.5942736073204546, "x7": 14.463175723016253, "x8": 1.2812589236923715, "x9": 2.749988712732662}, "datetime": {"datetime": "2025-05-18 05:38:56", "elapsed": 76302.433929, "delta": 136.022355}}
{"target": 5.4131219740716245, "params": {"x0": 0.8, "x1": 0.9, "x2": 3.1799116954839706, "x3": 4.167986313927181e-90, "x4": 1.7110077963815329, "x5": 9.20647281759203e-90, "x6": 3.5942736073204546, "x7": 14.463175723016253, "x8": 1.2812589236923715, "x9": 2.749988712732662}, "datetime": {"datetime": "2025-05-18 05:40:34", "elapsed": 76399.966207, "delta": 97.532278}}
{"target": 5.4131219740716245, "params": {"x0": 0.8, "x1": 0.9, "x2": 3.1799116954839706, "x3": 8.181454479305457e-90, "x4": 1.7110077963815329, "x5": 3.4750227109475316e-90, "x6": 3.5942736073204546, "x7": 14.463175723016253, "x8": 1.2812589236923715, "x9": 2.749988712732662}, "datetime": {"datetime": "2025-05-18 05:41:55", "elapsed": 76480.905918, "delta": 80.939711}}
{"target": 5.4131219740716245, "params": {"x0": 0.8, "x1": 0.9, "x2": 3.1799116954839706, "x3": 4.1187387548375625e-90, "x4": 1.7110077963815329, "x5": 7.434061598803091e-90, "x6": 3.5942736073204546, "x7": 14.463175723016253, "x8": 1.2812589236923715, "x9": 2.749988712732662}, "datetime": {"datetime": "2025-05-18 05:43:46", "elapsed": 76592.567967, "delta": 111.662049}}
{"target": 5.4131219740716245, "params": {"x0": 0.8, "x1": 0.9, "x2": 3.1799116954839706, "x3": 7.584621457863309e-91, "x4": 1.7110077963815329, "x5": 1.0144611850069939e-89, "x6": 3.5942736073204546, "x7": 14.463175723016253, "x8": 1.2812589236923715, "x9": 2.749988712732662}, "datetime": {"datetime": "2025-05-18 05:45:17", "elapsed": 76683.52516, "delta": 90.957193}}
{"target": 5.4131219740716245, "params": {"x0": 0.8, "x1": 0.9, "x2": 3.1799116954839706, "x3": 8.479050049300969e-90, "x4": 1.7110077963815329, "x5": 8.76914747864183e-90, "x6": 3.5942736073204546, "x7": 14.463175723016253, "x8": 1.2812589236923715, "x9": 2.749988712732662}, "datetime": {"datetime": "2025-05-18 05:46:42", "elapsed": 76768.520641, "delta": 84.995481}}
{"target": 5.4131219740716245, "params": {"x0": 0.8, "x1": 0.9, "x2": 3.1799116954839706, "x3": 7.277603832958159e-90, "x4": 1.7110077963815329, "x5": 7.594722436575674e-90, "x6": 3.5942736073204546, "x7": 14.463175723016253, "x8": 1.2812589236923715, "x9": 2.749988712732662}, "datetime": {"datetime": "2025-05-18 05:49:02", "elapsed": 76908.652134, "delta": 140.131493}}
{"target": 5.4131219740716245, "params": {"x0": 0.8, "x1": 0.9, "x2": 3.1799116954839706, "x3": 3.035043792916933e-90, "x4": 1.7110077963815329, "x5": 4.064554986415894e-90, "x6": 3.5942736073204546, "x7": 14.463175723016253, "x8": 1.2812589236923715, "x9": 2.749988712732662}, "datetime": {"datetime": "2025-05-18 05:51:24", "elapsed": 77050.026043, "delta": 141.373909}}
{"target": 5.4131219740716245, "params": {"x0": 0.8, "x1": 0.9, "x2": 3.1799116954839706, "x3": 7.327109575564513e-90, "x4": 1.7110077963815329, "x5": 6.028132593385959e-90, "x6": 3.5942736073204546, "x7": 14.463175723016253, "x8": 1.2812589236923715, "x9": 2.749988712732662}, "datetime": {"datetime": "2025-05-18 05:53:26", "elapsed": 77172.68726, "delta": 122.661217}}
{"target": 5.4131219740716245, "params": {"x0": 0.8, "x1": 0.9, "x2": 3.1799116954839706, "x3": 4.351933524509162e-90, "x4": 1.7110077963815329, "x5": 2.2797930661246642e-90, "x6": 3.5942736073204546, "x7": 14.463175723016253, "x8": 1.2812589236923715, "x9": 2.749988712732662}, "datetime": {"datetime": "2025-05-18 05:55:03", "elapsed": 77269.061706, "delta": 96.374446}}
{"target": 5.4131219740716245, "params": {"x0": 0.8, "x1": 0.9, "x2": 3.1799116954839706, "x3": 7.480039069125395e-92, "x4": 1.7110077963815329, "x5": 5.2944931992707094e-90, "x6": 3.5942736073204546, "x7": 14.463175723016253, "x8": 1.2812589236923715, "x9": 2.749988712732662}, "datetime": {"datetime": "2025-05-18 05:57:00", "elapsed": 77386.094932, "delta": 117.033226}}
{"target": 5.4131219740716245, "params": {"x0": 0.8, "x1": 0.9, "x2": 3.1799116954839706, "x3": 2.603209361079978e-90, "x4": 1.7110077963815329, "x5": 2.7082491778866566e-90, "x6": 3.5942736073204546, "x7": 14.463175723016253, "x8": 1.2812589236923715, "x9": 2.749988712732662}, "datetime": {"datetime": "2025-05-18 05:58:55", "elapsed": 77501.721553, "delta": 115.626621}}
{"target": 5.4131219740716245, "params": {"x0": 0.8, "x1": 0.9, "x2": 3.1799116954839706, "x3": 3.2993561588404467e-90, "x4": 1.7110077963815329, "x5": 1.7573265546393777e-90, "x6": 3.5942736073204546, "x7": 14.463175723016253, "x8": 1.2812589236923715, "x9": 2.749988712732662}, "datetime": {"datetime": "2025-05-18 06:01:24", "elapsed": 77650.721452, "delta": 148.999899}}
{"target": 5.4131219740716245, "params": {"x0": 0.8, "x1": 0.9, "x2": 3.1799116954839706, "x3": 4.952601579008828e-90, "x4": 1.7110077963815329, "x5": 2.293545284182225e-90, "x6": 3.5942736073204546, "x7": 14.463175723016253, "x8": 1.2812589236923715, "x9": 2.749988712732662}, "datetime": {"datetime": "2025-05-18 06:03:51", "elapsed": 77797.182587, "delta": 146.461135}}
{"target": 5.4131219740716245, "params": {"x0": 0.8, "x1": 0.9, "x2": 3.1799116954839706, "x3": 2.743490886651113e-90, "x4": 1.7110077963815329, "x5": 2.757704083170212e-90, "x6": 3.5942736073204546, "x7": 14.463175723016253, "x8": 1.2812589236923715, "x9": 2.749988712732662}, "datetime": {"datetime": "2025-05-18 06:05:28", "elapsed": 77893.778513, "delta": 96.595926}}
{"target": 5.4131219740716245, "params": {"x0": 0.8, "x1": 0.9, "x2": 3.1799116954839706, "x3": 3.7515360679775357e-90, "x4": 1.7110077963815329, "x5": 2.629977295148981e-90, "x6": 3.5942736073204546, "x7": 14.463175723016253, "x8": 1.2812589236923715, "x9": 2.749988712732662}, "datetime": {"datetime": "2025-05-18 06:06:51", "elapsed": 77977.448456, "delta": 83.669943}}
{"target": 5.4131219740716245, "params": {"x0": 0.8, "x1": 0.9, "x2": 3.1799116954839706, "x3": 3.450033301789002e-90, "x4": 1.7110077963815329, "x5": 4.597144246638319e-91, "x6": 3.5942736073204546, "x7": 14.463175723016253, "x8": 1.2812589236923715, "x9": 2.749988712732662}, "datetime": {"datetime": "2025-05-18 06:08:27", "elapsed": 78073.582881, "delta": 96.134425}}
{"target": 5.4131219740716245, "params": {"x0": 0.8, "x1": 0.9, "x2": 3.1799116954839706, "x3": 1.3242288145579003e-90, "x4": 1.7110077963815329, "x5": 6.002356461685321e-91, "x6": 3.5942736073204546, "x7": 14.463175723016253, "x8": 1.2812589236923715, "x9": 2.749988712732662}, "datetime": {"datetime": "2025-05-18 06:10:11", "elapsed": 78177.415504, "delta": 103.832623}}
{"target": 5.4131219740716245, "params": {"x0": 0.8, "x1": 0.9, "x2": 3.1799116954839706, "x3": 2.8886630371107118e-90, "x4": 1.7110077963815329, "x5": 1.9060700715621456e-90, "x6": 3.5942736073204546, "x7": 14.463175723016253, "x8": 1.2812589236923715, "x9": 2.749988712732662}, "datetime": {"datetime": "2025-05-18 06:12:08", "elapsed": 78294.436492, "delta": 117.020988}}
{"target": 5.4131219740716245, "params": {"x0": 0.8, "x1": 0.9, "x2": 3.1799116954839706, "x3": 1.1435448697485068e-90, "x4": 1.7110077963815329, "x5": 1.1204554435366873e-90, "x6": 3.5942736073204546, "x7": 14.463175723016253, "x8": 1.2812589236923715, "x9": 2.749988712732662}, "datetime": {"datetime": "2025-05-18 06:13:29", "elapsed": 78375.375093, "delta": 80.938601}}
{"target": 5.4131219740716245, "params": {"x0": 0.8, "x1": 0.9, "x2": 3.1799116954839706, "x3": 1.48376152550896e-90, "x4": 1.7110077963815329, "x5": 1.901116268657247e-90, "x6": 3.5942736073204546, "x7": 14.463175723016253, "x8": 1.2812589236923715, "x9": 2.749988712732662}, "datetime": {"datetime": "2025-05-18 06:14:58", "elapsed": 78464.058093, "delta": 88.683}}
{"target": 5.4131219740716245, "params": {"x0": 0.8, "x1": 0.9, "x2": 3.1799116954839706, "x3": 1.6458055978464167e-90, "x4": 1.7110077963815329, "x5": 9.570852178065542e-91, "x6": 3.5942736073204546, "x7": 14.463175723016253, "x8": 1.2812589236923715, "x9": 2.749988712732662}, "datetime": {"datetime": "2025-05-18 06:16:56", "elapsed": 78581.776923, "delta": 117.71883}}
{"target": 5.4131219740716245, "params": {"x0": 0.8, "x1": 0.9, "x2": 3.1799116954839706, "x3": 2.1954678343404846e-90, "x4": 1.7110077963815329, "x5": 1.017456145502204e-90, "x6": 3.5942736073204546, "x7": 14.463175723016253, "x8": 1.2812589236923715, "x9": 2.749988712732662}, "datetime": {"datetime": "2025-05-18 06:18:22", "elapsed": 78668.189412, "delta": 86.412489}}
{"target": 5.4131219740716245, "params": {"x0": 0.8, "x1": 0.9, "x2": 3.1799116954839706, "x3": 3.961276577919534e-91, "x4": 1.7110077963815329, "x5": 1.3392291382023317e-90, "x6": 3.5942736073204546, "x7": 14.463175723016253, "x8": 1.2812589236923715, "x9": 2.749988712732662}, "datetime": {"datetime": "2025-05-18 06:19:52", "elapsed": 78757.928149, "delta": 89.738737}}
{"target": 5.4131219740716245, "params": {"x0": 0.8, "x1": 0.9, "x2": 3.1799116954839706, "x3": 1.5085336569482059e-90, "x4": 1.7110077963815329, "x5": 1.161132946273527e-90, "x6": 3.5942736073204546, "x7": 14.463175723016253, "x8": 1.2812589236923715, "x9": 2.749988712732662}, "datetime": {"datetime": "2025-05-18 06:21:09", "elapsed": 78835.612241, "delta": 77.684092}}
{"target": 5.4131219740716245, "params": {"x0": 0.8, "x1": 0.9, "x2": 3.1799116954839706, "x3": 1.2696530618247466e-90, "x4": 1.7110077963815329, "x5": 4.210442173832595e-91, "x6": 3.5942736073204546, "x7": 14.463175723016253, "x8": 1.2812589236923715, "x9": 2.749988712732662}, "datetime": {"datetime": "2025-05-18 06:22:39", "elapsed": 78924.858209, "delta": 89.245968}}
{"target": 5.4131219740716245, "params": {"x0": 0.8, "x1": 0.9, "x2": 3.1799116954839706, "x3": 8.075031958107634e-91, "x4": 1.7110077963815329, "x5": 1.0236576705831274e-91, "x6": 3.5942736073204546, "x7": 14.463175723016253, "x8": 1.2812589236923715, "x9": 2.749988712732662}, "datetime": {"datetime": "2025-05-18 06:24:07", "elapsed": 79013.681446, "delta": 88.823237}}
{"target": 5.4131219740716245, "params": {"x0": 0.8, "x1": 0.9, "x2": 3.1799116954839706, "x3": 3.990466584727195e-91, "x4": 1.7110077963815329, "x5": 8.855898733851231e-91, "x6": 3.5942736073204546, "x7": 14.463175723016253, "x8": 1.2812589236923715, "x9": 2.749988712732662}, "datetime": {"datetime": "2025-05-18 06:26:25", "elapsed": 79151.692489, "delta": 138.011043}}
{"target": 5.4131219740716245, "params": {"x0": 0.8, "x1": 0.9, "x2": 3.1799116954839706, "x3": 9.002682149272516e-91, "x4": 1.7110077963815329, "x5": 6.313730378167277e-91, "x6": 3.5942736073204546, "x7": 14.463175723016253, "x8": 1.2812589236923715, "x9": 2.749988712732662}, "datetime": {"datetime": "2025-05-18 06:27:59", "elapsed": 79244.842689, "delta": 93.1502}}
{"target": 5.4131219740716245, "params": {"x0": 0.8, "x1": 0.9, "x2": 3.1799116954839706, "x3": 6.709263899709517e-91, "x4": 1.7110077963815329, "x5": 1.2041705530289052e-91, "x6": 3.5942736073204546, "x7": 14.463175723016253, "x8": 1.2812589236923715, "x9": 2.749988712732662}, "datetime": {"datetime": "2025-05-18 06:29:45", "elapsed": 79351.164089, "delta": 106.3214}}
{"target": 5.4131219740716245, "params": {"x0": 0.8, "x1": 0.9, "x2": 3.1799116954839706, "x3": 1.0398133756798722e-91, "x4": 1.7110077963815329, "x5": 2.137160181080191e-91, "x6": 3.5942736073204546, "x7": 14.463175723016253, "x8": 1.2812589236923715, "x9": 2.749988712732662}, "datetime": {"datetime": "2025-05-18 06:31:42", "elapsed": 79467.770085, "delta": 116.605996}}
{"target": 5.4131219740716245, "params": {"x0": 0.8, "x1": 0.9, "x2": 3.1799116954839706, "x3": 5.670102339442446e-91, "x4": 1.7110077963815329, "x5": 4.134793774314704e-91, "x6": 3.5942736073204546, "x7": 14.463175723016253, "x8": 1.2812589236923715, "x9": 2.749988712732662}, "datetime": {"datetime": "2025-05-18 06:33:57", "elapsed": 79602.813027, "delta": 135.042942}}
{"target": 5.4131219740716245, "params": {"x0": 0.8, "x1": 0.9, "x2": 3.1799116954839706, "x3": 4.6099601946841697e-91, "x4": 1.7110077963815329, "x5": 4.326620749251997e-91, "x6": 3.5942736073204546, "x7": 14.463175723016253, "x8": 1.2812589236923715, "x9": 2.749988712732662}, "datetime": {"datetime": "2025-05-18 06:35:47", "elapsed": 79713.373048, "delta": 110.560021}}
{"target": 5.4131219740716245, "params": {"x0": 0.8, "x1": 0.9, "x2": 3.1799116954839706, "x3": 2.6362526815216346e-91, "x4": 1.7110077963815329, "x5": 1.981979574973547e-91, "x6": 3.5942736073204546, "x7": 14.463175723016253, "x8": 1.2812589236923715, "x9": 2.749988712732662}, "datetime": {"datetime": "2025-05-18 06:37:25", "elapsed": 79810.926201, "delta": 97.553153}}
{"target": 5.4131219740716245, "params": {"x0": 0.8, "x1": 0.9, "x2": 3.1799116954839706, "x3": 1.5391828839133423e-91, "x4": 1.7110077963815329, "x5": 2.906663653058238e-91, "x6": 3.5942736073204546, "x7": 14.463175723016253, "x8": 1.2812589236923715, "x9": 2.749988712732662}, "datetime": {"datetime": "2025-05-18 06:39:00", "elapsed": 79905.849327, "delta": 94.923126}}
{"target": 5.4131219740716245, "params": {"x0": 0.8, "x1": 0.9, "x2": 3.1799116954839706, "x3": 2.95387861350827e-91, "x4": 1.7110077963815329, "x5": 6.661420461474026e-92, "x6": 3.5942736073204546, "x7": 14.463175723016253, "x8": 1.2812589236923715, "x9": 2.749988712732662}, "datetime": {"datetime": "2025-05-18 06:41:12", "elapsed": 80038.575133, "delta": 132.725806}}
{"target": 5.4131219740716245, "params": {"x0": 0.8, "x1": 0.9, "x2": 3.1799116954839706, "x3": 2.2863651272449248e-91, "x4": 1.7110077963815329, "x5": 2.609084069011125e-91, "x6": 3.5942736073204546, "x7": 14.463175723016253, "x8": 1.2812589236923715, "x9": 2.749988712732662}, "datetime": {"datetime": "2025-05-18 06:42:40", "elapsed": 80126.541619, "delta": 87.966486}}
{"target": 5.4131219740716245, "params": {"x0": 0.8, "x1": 0.9, "x2": 3.1799116954839706, "x3": 4.610037576041815e-92, "x4": 1.7110077963815329, "x5": 4.527287705259023e-92, "x6": 3.5942736073204546, "x7": 14.463175723016253, "x8": 1.2812589236923715, "x9": 2.749988712732662}, "datetime": {"datetime": "2025-05-18 06:44:10", "elapsed": 80216.512708, "delta": 89.971089}}
{"target": 5.4131219740716245, "params": {"x0": 0.8, "x1": 0.9, "x2": 3.1799116954839706, "x3": 2.892870294743484e-91, "x4": 1.7110077963815329, "x5": 3.303694671869624e-92, "x6": 3.5942736073204546, "x7": 14.463175723016253, "x8": 1.2812589236923715, "x9": 2.749988712732662}, "datetime": {"datetime": "2025-05-18 06:45:57", "elapsed": 80322.847167, "delta": 106.334459}}
{"target": 5.4131219740716245, "params": {"x0": 0.8, "x1": 0.9, "x2": 3.1799116954839706, "x3": 3.57445384889291e-91, "x4": 1.7110077963815329, "x5": 2.0912053570576506e-91, "x6": 3.5942736073204546, "x7": 14.463175723016253, "x8": 1.2812589236923715, "x9": 2.749988712732662}, "datetime": {"datetime": "2025-05-18 06:47:46", "elapsed": 80432.542386, "delta": 109.695219}}
{"target": 5.4131219740716245, "params": {"x0": 0.8, "x1": 0.9, "x2": 3.1799116954839706, "x3": 2.652671906959445e-91, "x4": 1.7110077963815329, "x5": 1.3210274594392036e-91, "x6": 3.5942736073204546, "x7": 14.463175723016253, "x8": 1.2812589236923715, "x9": 2.749988712732662}, "datetime": {"datetime": "2025-05-18 06:50:20", "elapsed": 80585.754353, "delta": 153.211967}}
{"target": 5.4131219740716245, "params": {"x0": 0.8, "x1": 0.9, "x2": 3.1799116954839706, "x3": 2.3810067560737606e-92, "x4": 1.7110077963815329, "x5": 1.4007066846544014e-91, "x6": 3.5942736073204546, "x7": 14.463175723016253, "x8": 1.2812589236923715, "x9": 2.749988712732662}, "datetime": {"datetime": "2025-05-18 06:52:08", "elapsed": 80694.650553, "delta": 108.8962}}
{"target": 5.4131219740716245, "params": {"x0": 0.8, "x1": 0.9, "x2": 3.1799116954839706, "x3": 1.1825895375526e-91, "x4": 1.7110077963815329, "x5": 9.035838205799843e-92, "x6": 3.5942736073204546, "x7": 14.463175723016253, "x8": 1.2812589236923715, "x9": 2.749988712732662}, "datetime": {"datetime": "2025-05-18 06:53:54", "elapsed": 80800.226337, "delta": 105.575784}}
{"target": 5.4131219740716245, "params": {"x0": 0.8, "x1": 0.9, "x2": 3.1799116954839706, "x3": 2.1353760553963974e-91, "x4": 1.7110077963815329, "x5": 3.5985497001009486e-92, "x6": 3.5942736073204546, "x7": 14.463175723016253, "x8": 1.2812589236923715, "x9": 2.749988712732662}, "datetime": {"datetime": "2025-05-18 06:55:57", "elapsed": 80923.489823, "delta": 123.263486}}
{"target": 5.4131219740716245, "params": {"x0": 0.8, "x1": 0.9, "x2": 3.1799116954839706, "x3": 4.6490195665485266e-92, "x4": 1.7110077963815329, "x5": 4.578272737137128e-92, "x6": 3.5942736073204546, "x7": 14.463175723016253, "x8": 1.2812589236923715, "x9": 2.749988712732662}, "datetime": {"datetime": "2025-05-18 06:57:21", "elapsed": 81007.045369, "delta": 83.555546}}
{"target": 5.4131219740716245, "params": {"x0": 0.8, "x1": 0.9, "x2": 3.1799116954839706, "x3": 1.5017812166953327e-91, "x4": 1.7110077963815329, "x5": 1.1550645483600558e-91, "x6": 3.5942736073204546, "x7": 14.463175723016253, "x8": 1.2812589236923715, "x9": 2.749988712732662}, "datetime": {"datetime": "2025-05-18 06:59:07", "elapsed": 81113.162569, "delta": 106.1172}}
{"target": 5.4131219740716245, "params": {"x0": 0.8, "x1": 0.9, "x2": 3.1799116954839706, "x3": 1.2671662295258481e-91, "x4": 1.7110077963815329, "x5": 2.6374860291383627e-92, "x6": 3.5942736073204546, "x7": 14.463175723016253, "x8": 1.2812589236923715, "x9": 2.749988712732662}, "datetime": {"datetime": "2025-05-18 07:00:37", "elapsed": 81203.140262, "delta": 89.977693}}
{"target": 5.4131219740716245, "params": {"x0": 0.8, "x1": 0.9, "x2": 3.1799116954839706, "x3": 2.0427428504321338e-92, "x4": 1.7110077963815329, "x5": 1.1074509083584298e-91, "x6": 3.5942736073204546, "x7": 14.463175723016253, "x8": 1.2812589236923715, "x9": 2.749988712732662}, "datetime": {"datetime": "2025-05-18 07:02:54", "elapsed": 81340.036456, "delta": 136.896194}}
{"target": 5.4131219740716245, "params": {"x0": 0.8, "x1": 0.9, "x2": 3.1799116954839706, "x3": 1.402523174441124e-91, "x4": 1.7110077963815329, "x5": 5.312119875923334e-92, "x6": 3.5942736073204546, "x7": 14.463175723016253, "x8": 1.2812589236923715, "x9": 2.749988712732662}, "datetime": {"datetime": "2025-05-18 07:04:57", "elapsed": 81463.364517, "delta": 123.328061}}
