{"target": 5.413054184257744, "params": {"x0": 0.8, "x1": 0.9, "x2": 3.17944454499556, "x3": 0.0, "x4": 1.7108465353314988, "x5": 0.0, "x6": 3.5932327579731784, "x7": 14.46012166677591, "x8": 1.2816226306631266, "x9": 2.750235551189831}, "datetime": {"datetime": "2025-05-17 08:46:04", "elapsed": 1130.547007, "delta": 9.2532}}
{"target": 5.413054184257744, "params": {"x0": 0.8, "x1": 0.9, "x2": 3.179690413673671, "x3": 0.0, "x4": 1.710931409568359, "x5": 0.0, "x6": 3.5937805734191133, "x7": 14.461729064797144, "x8": 1.2814312059416766, "x9": 2.7501056362123735}, "datetime": {"datetime": "2025-05-17 08:46:14", "elapsed": 1140.030206, "delta": 9.483199}}
{"target": 5.4131219740716245, "params": {"x0": 0.8, "x1": 0.9, "x2": 3.1799116954839706, "x3": 0.0, "x4": 1.7110077963815329, "x5": 0.0, "x6": 3.5942736073204546, "x7": 14.463175723016253, "x8": 1.2812589236923715, "x9": 2.749988712732662}, "datetime": {"datetime": "2025-05-17 08:46:23", "elapsed": 1149.236455, "delta": 9.206249}}
{"target": 5.412971824209006, "params": {"x0": 0.8, "x1": 0.9, "x2": 3.1782188896351764, "x3": 0.0, "x4": 1.7104234372607512, "x5": 0.0, "x6": 3.5905018979751926, "x7": 14.452108787640062, "x8": 1.2825768828995552, "x9": 2.750883177352456}, "datetime": {"datetime": "2025-05-17 08:46:32", "elapsed": 1158.526436, "delta": 9.289981}}
{"target": 5.412971824209006, "params": {"x0": 0.8, "x1": 0.9, "x2": 3.178388170220056, "x3": 0.0, "x4": 1.7104818731728295, "x5": 0.0, "x6": 3.590879068909719, "x7": 14.453215481177681, "x8": 1.2824450869788369, "x9": 2.7507937308904764}, "datetime": {"datetime": "2025-05-17 08:46:41", "elapsed": 1167.604596, "delta": 9.07816}}
{"target": 5.412971824209006, "params": {"x0": 0.8, "x1": 0.9, "x2": 3.1785405227464474, "x3": 0.0, "x4": 1.7105344654936998, "x5": 0.0, "x6": 3.5912185227507925, "x7": 14.454211505361538, "x8": 1.2823264706501902, "x9": 2.750713229074695}, "datetime": {"datetime": "2025-05-17 08:46:51", "elapsed": 1176.837702, "delta": 9.233106}}
{"target": 5.412971824209006, "params": {"x0": 0.8, "x1": 0.9, "x2": 3.1786776400201995, "x3": 0.0, "x4": 1.7105817985824832, "x5": 0.0, "x6": 3.5915240312077588, "x7": 14.45510792712701, "x8": 1.2822197159544084, "x9": 2.7506407774404917}, "datetime": {"datetime": "2025-05-17 08:47:00", "elapsed": 1186.076959, "delta": 9.239257}}
{"target": 5.412971824209006, "params": {"x0": 0.8, "x1": 0.9, "x2": 3.1788010455665767, "x3": 0.0, "x4": 1.710624398362388, "x5": 0.0, "x6": 3.5917989888190283, "x7": 14.455914706715934, "x8": 1.2821236367282047, "x9": 2.7505755709697084}, "datetime": {"datetime": "2025-05-17 08:47:09", "elapsed": 1195.228201, "delta": 9.151242}}
{"target": 5.412971824209006, "params": {"x0": 0.8, "x1": 0.9, "x2": 3.1789121105583162, "x3": 0.0, "x4": 1.7106627381643025, "x5": 0.0, "x6": 3.592046450669171, "x7": 14.456640808345966, "x8": 1.2820371654246214, "x9": 2.750516885146004}, "datetime": {"datetime": "2025-05-17 08:47:18", "elapsed": 1204.498544, "delta": 9.270343}}
{"target": 5.412971824209006, "params": {"x0": 0.8, "x1": 0.9, "x2": 3.1790120690508816, "x3": 0.0, "x4": 1.7106972439860255, "x5": 0.0, "x6": 3.592269166334299, "x7": 14.457294299812995, "x8": 1.2819593412513963, "x9": 2.75046406790467}, "datetime": {"datetime": "2025-05-17 08:47:27", "elapsed": 1213.715112, "delta": 9.216568}}
{"target": 5.412971824209006, "params": {"x0": 0.8, "x1": 0.9, "x2": 3.1791020316941907, "x3": 0.0, "x4": 1.7107282992255763, "x5": 0.0, "x6": 3.592469610432915, "x7": 14.45788244213332, "x8": 1.2818892994954938, "x9": 2.7504165323874687}, "datetime": {"datetime": "2025-05-17 08:47:37", "elapsed": 1223.250871, "delta": 9.535759}}
{"target": 5.412971824209006, "params": {"x0": 0.8, "x1": 0.9, "x2": 3.1791829980731685, "x3": 0.0, "x4": 1.710756248941172, "x5": 0.0, "x6": 3.5926500101216687, "x7": 14.458411770221613, "x8": 1.2818262619151817, "x9": 2.7503737504219883}, "datetime": {"datetime": "2025-05-17 08:47:46", "elapsed": 1232.469744, "delta": 9.218873}}
{"target": 5.412971824209006, "params": {"x0": 0.8, "x1": 0.9, "x2": 3.179255867814249, "x3": 0.0, "x4": 1.710781403685208, "x5": 0.0, "x6": 3.5928123698415475, "x7": 14.458888165501078, "x8": 1.2817695280929007, "x9": 2.7503352466530555}, "datetime": {"datetime": "2025-05-17 08:47:56", "elapsed": 1241.896859, "delta": 9.427115}}
{"target": 5.412971824209006, "params": {"x0": 0.8, "x1": 0.9, "x2": 3.179321450581221, "x3": 0.0, "x4": 1.7108040429548406, "x5": 0.0, "x6": 3.592958493589438, "x7": 14.459316921252595, "x8": 1.2817184676528477, "x9": 2.750300593261016}, "datetime": {"datetime": "2025-05-17 08:48:05", "elapsed": 1251.457438, "delta": 9.560579}}
{"target": 5.412971824209006, "params": {"x0": 0.8, "x1": 0.9, "x2": 3.179380475071496, "x3": 0.0, "x4": 1.7108244182975099, "x5": 0.0, "x6": 3.59309000496254, "x7": 14.45970280142896, "x8": 1.2816725132568, "x9": 2.7502694052081806}, "datetime": {"datetime": "2025-05-17 08:48:15", "elapsed": 1261.306457, "delta": 9.849019}}
{"target": 5.413054184257744, "params": {"x0": 0.8, "x1": 0.9, "x2": 3.179433597112743, "x3": 0.0, "x4": 1.710842756105912, "x5": 0.0, "x6": 3.5932083651983313, "x7": 14.46005009358769, "x8": 1.2816311543003571, "x9": 2.750241335960629}, "datetime": {"datetime": "2025-05-17 08:48:25", "elapsed": 1271.178747, "delta": 9.87229}}
{"target": 5.413054184257744, "params": {"x0": 0.8, "x1": 0.9, "x2": 3.1794814069498663, "x3": 0.0, "x4": 1.7108592601334742, "x5": 0.0, "x6": 3.5933148894105438, "x7": 14.460362656530545, "x8": 1.2815939312395586, "x9": 2.7502160736378323}, "datetime": {"datetime": "2025-05-17 08:48:34", "elapsed": 1280.559759, "delta": 9.381012}}
{"target": 5.413054184257744, "params": {"x0": 0.8, "x1": 0.9, "x2": 3.1795244358032764, "x3": 0.0, "x4": 1.7108741137582801, "x5": 0.0, "x6": 3.5934107612015347, "x7": 14.460643963179116, "x8": 1.28156043048484, "x9": 2.7501933375473153}, "datetime": {"datetime": "2025-05-17 08:48:44", "elapsed": 1290.426911, "delta": 9.867152}}
{"target": 5.413054184257744, "params": {"x0": 0.8, "x1": 0.9, "x2": 3.179563161771346, "x3": 0.0, "x4": 1.7108874820206053, "x5": 0.0, "x6": 3.5934970458134265, "x7": 14.46089713916283, "x8": 1.2815302798055932, "x9": 2.7501728750658496}, "datetime": {"datetime": "2025-05-17 08:48:54", "elapsed": 1299.847535, "delta": 9.420624}}
{"target": 5.413054184257744, "params": {"x0": 0.8, "x1": 0.9, "x2": 3.1795980151426084, "x3": 0.0, "x4": 1.710899513456698, "x5": 0.0, "x6": 3.5935747019641293, "x7": 14.461124997548172, "x8": 1.281503144194271, "x9": 2.750154458832531}, "datetime": {"datetime": "2025-05-17 08:49:03", "elapsed": 1309.55785, "delta": 9.710315}}
{"target": 5.413054184257744, "params": {"x0": 0.8, "x1": 0.9, "x2": 3.179629383176745, "x3": 0.0, "x4": 1.7109103417491816, "x5": 0.0, "x6": 3.593644592499762, "x7": 14.46133007009498, "x8": 1.281478722144081, "x9": 2.750137884222544}, "datetime": {"datetime": "2025-05-17 08:49:13", "elapsed": 1319.290869, "delta": 9.733019}}
{"target": 5.413054184257744, "params": {"x0": 0.8, "x1": 0.9, "x2": 3.1796576144074673, "x3": 0.0, "x4": 1.7109200872124166, "x5": 0.0, "x6": 3.593707493981831, "x7": 14.461514635387108, "x8": 1.28145674229891, "x9": 2.750122967073556}, "datetime": {"datetime": "2025-05-17 08:49:23", "elapsed": 1328.977183, "delta": 9.686314}}
{"target": 5.413054184257744, "params": {"x0": 0.8, "x1": 0.9, "x2": 3.1796830225151176, "x3": 0.0, "x4": 1.7109288581293283, "x5": 0.0, "x6": 3.5937641053156937, "x7": 14.461680744150023, "x8": 1.2814369604382563, "x9": 2.7501095416394663}, "datetime": {"datetime": "2025-05-17 08:49:32", "elapsed": 1338.576442, "delta": 9.599259}}
{"target": 5.413054184257744, "params": {"x0": 0.8, "x1": 0.9, "x2": 3.179705889812003, "x3": 0.0, "x4": 1.7109367519545489, "x5": 0.0, "x6": 3.5938150555161696, "x7": 14.461830242036646, "x8": 1.2814191567636677, "x9": 2.750097458748786}, "datetime": {"datetime": "2025-05-17 08:49:42", "elapsed": 1347.981046, "delta": 9.404604}}
{"target": 5.413054184257744, "params": {"x0": 0.8, "x1": 0.9, "x2": 3.1797264703791996, "x3": 0.0, "x4": 1.7109438563972472, "x5": 0.0, "x6": 3.5938609106965984, "x7": 14.461964790134607, "x8": 1.2814031334565381, "x9": 2.7500865841471738}, "datetime": {"datetime": "2025-05-17 08:49:51", "elapsed": 1357.463098, "delta": 9.482052}}
{"target": 5.413054184257744, "params": {"x0": 0.8, "x1": 0.9, "x2": 3.1797449928896766, "x3": 0.0, "x4": 1.7109502503956757, "x5": 0.0, "x6": 3.5939021803589837, "x7": 14.462085883422771, "x8": 1.2813887124801215, "x9": 2.7500767970057223}, "datetime": {"datetime": "2025-05-17 08:50:01", "elapsed": 1367.078314, "delta": 9.615216}}
{"target": 5.413054184257744, "params": {"x0": 0.8, "x1": 0.9, "x2": 3.179761663149106, "x3": 0.0, "x4": 1.7109560049942614, "x5": 0.0, "x6": 3.593939323055131, "x7": 14.462194867382118, "x8": 1.2813757336013465, "x9": 2.7500679885784165}, "datetime": {"datetime": "2025-05-17 08:50:10", "elapsed": 1376.590293, "delta": 9.511979}}
{"target": 5.413054184257744, "params": {"x0": 0.8, "x1": 0.9, "x2": 3.1797766663825926, "x3": 0.0, "x4": 1.7109611841329886, "x5": 0.0, "x6": 3.5939727514816635, "x7": 14.462292952945532, "x8": 1.2813640526104488, "x9": 2.750060060993841}, "datetime": {"datetime": "2025-05-17 08:50:20", "elapsed": 1385.929922, "delta": 9.339629}}
{"target": 5.413054184257744, "params": {"x0": 0.8, "x1": 0.9, "x2": 3.17979016929273, "x3": 0.0, "x4": 1.7109658453578431, "x5": 0.0, "x6": 3.5940028370655424, "x7": 14.462381229952605, "x8": 1.2813535397186413, "x9": 2.750052926167723}, "datetime": {"datetime": "2025-05-17 08:50:29", "elapsed": 1395.574324, "delta": 9.644402}}
{"target": 5.413054184257744, "params": {"x0": 0.8, "x1": 0.9, "x2": 3.1798023219118545, "x3": 0.0, "x4": 1.710970040460212, "x5": 0.0, "x6": 3.5940299140910335, "x7": 14.46246067925897, "x8": 1.2813440781160141, "x9": 2.750046504824217}, "datetime": {"datetime": "2025-05-17 08:50:39", "elapsed": 1405.107095, "delta": 9.532771}}
{"target": 5.413054184257744, "params": {"x0": 0.8, "x1": 0.9, "x2": 3.179813259269066, "x3": 0.0, "x4": 1.710973816052344, "x5": 0.0, "x6": 3.5940542834139757, "x7": 14.462532183634698, "x8": 1.28133556267365, "x9": 2.750040725615061}, "datetime": {"datetime": "2025-05-17 08:50:49", "elapsed": 1414.866296, "delta": 9.759201}}
{"target": 5.413054184257744, "params": {"x0": 0.8, "x1": 0.9, "x2": 3.1798231028905564, "x3": 0.0, "x4": 1.710977214085263, "x5": 0.0, "x6": 3.5940762158046238, "x7": 14.462596537572853, "x8": 1.2813278987755221, "x9": 2.7500355243268215}, "datetime": {"datetime": "2025-05-17 08:50:58", "elapsed": 1424.534586, "delta": 9.66829}}
{"target": 5.413054184257744, "params": {"x0": 0.8, "x1": 0.9, "x2": 3.179831962149898, "x3": 0.0, "x4": 1.71098027231489, "x5": 0.0, "x6": 3.594095954956207, "x7": 14.462654456117193, "x8": 1.281321001267207, "x9": 2.7500308431674054}, "datetime": {"datetime": "2025-05-17 08:51:08", "elapsed": 1434.097407, "delta": 9.562821}}
{"target": 5.413054184257744, "params": {"x0": 0.8, "x1": 0.9, "x2": 3.1798399354833053, "x3": 0.0, "x4": 1.7109830247215543, "x5": 0.0, "x6": 3.5941137201926314, "x7": 14.4627065828071, "x8": 1.2813147935097235, "x9": 2.7500266301239313}, "datetime": {"datetime": "2025-05-17 08:51:18", "elapsed": 1443.944593, "delta": 9.847186}}
{"target": 5.413054184257744, "params": {"x0": 0.8, "x1": 0.9, "x2": 3.1798471114833715, "x3": 0.0, "x4": 1.7109855018875522, "x5": 0.0, "x6": 3.594129708905414, "x7": 14.462753496828014, "x8": 1.2813092065279883, "x9": 2.750022838384804}, "datetime": {"datetime": "2025-05-17 08:51:28", "elapsed": 1453.767067, "delta": 9.822474}}
{"target": 5.413054184257744, "params": {"x0": 0.8, "x1": 0.9, "x2": 3.1798535698834316, "x3": 0.0, "x4": 1.7109877313369501, "x5": 0.0, "x6": 3.5941440987469178, "x7": 14.462795719446838, "x8": 1.2813041782444266, "x9": 2.75001942581959}, "datetime": {"datetime": "2025-05-17 08:51:37", "elapsed": 1463.316551, "delta": 9.549484}}
{"target": 5.413054184257744, "params": {"x0": 0.8, "x1": 0.9, "x2": 3.1798593824434853, "x3": 0.0, "x4": 1.7109897378414085, "x5": 0.0, "x6": 3.5941570496042714, "x7": 14.462833719803779, "x8": 1.281299652789221, "x9": 2.750016354510897}, "datetime": {"datetime": "2025-05-17 08:51:47", "elapsed": 1473.021732, "delta": 9.705181}}
{"target": 5.413054184257744, "params": {"x0": 0.8, "x1": 0.9, "x2": 3.179864613747534, "x3": 0.0, "x4": 1.7109915436954208, "x5": 0.0, "x6": 3.59416870537589, "x7": 14.462867920125028, "x8": 1.2812955798795362, "x9": 2.7500135903330736}, "datetime": {"datetime": "2025-05-17 08:51:56", "elapsed": 1482.553813, "delta": 9.532081}}
{"target": 5.413054184257744, "params": {"x0": 0.8, "x1": 0.9, "x2": 3.1798693219211778, "x3": 0.0, "x4": 1.710993168964032, "x5": 0.0, "x6": 3.5941791955703466, "x7": 14.462898700414149, "x8": 1.2812919142608197, "x9": 2.7500111025730325}, "datetime": {"datetime": "2025-05-17 08:52:06", "elapsed": 1492.207548, "delta": 9.653735}}
{"target": 5.413054184257744, "params": {"x0": 0.8, "x1": 0.9, "x2": 3.179873559277457, "x3": 0.0, "x4": 1.7109946317057823, "x5": 0.0, "x6": 3.5941886367453573, "x7": 14.46292640267436, "x8": 1.2812886152039749, "x9": 2.750008863588995}, "datetime": {"datetime": "2025-05-17 08:52:15", "elapsed": 1501.714068, "delta": 9.50652}}
{"target": 5.413054184257744, "params": {"x0": 0.8, "x1": 0.9, "x2": 3.1798773728981082, "x3": 0.0, "x4": 1.7109959481733572, "x5": 0.0, "x6": 3.594197133802867, "x7": 14.46295133470855, "x8": 1.2812856460528146, "x9": 2.750006848503362}, "datetime": {"datetime": "2025-05-17 08:52:25", "elapsed": 1511.338246, "delta": 9.624178}}
{"target": 5.413054184257744, "params": {"x0": 0.8, "x1": 0.9, "x2": 3.1798808051566945, "x3": 0.0, "x4": 1.7109971329941749, "x5": 0.0, "x6": 3.594204781154626, "x7": 14.46297377353932, "x8": 1.2812829738167701, "x9": 2.750005034926292}, "datetime": {"datetime": "2025-05-17 08:52:35", "elapsed": 1520.986413, "delta": 9.648167}}
{"target": 5.413054184257744, "params": {"x0": 0.8, "x1": 0.9, "x2": 3.1798838941894223, "x3": 0.0, "x4": 1.7109981993329106, "x5": 0.0, "x6": 3.5942116637712087, "x7": 14.462993968487012, "x8": 1.2812805688043303, "x9": 2.750003402706929}, "datetime": {"datetime": "2025-05-17 08:52:44", "elapsed": 1530.577099, "delta": 9.590686}}
{"target": 5.413054184257744, "params": {"x0": 0.8, "x1": 0.9, "x2": 3.179886674318877, "x3": 0.0, "x4": 1.7109991590377729, "x5": 0.0, "x6": 3.5942178581261333, "x7": 14.463012143939936, "x8": 1.2812784042931344, "x9": 2.7500019337095023}, "datetime": {"datetime": "2025-05-17 08:52:54", "elapsed": 1540.118811, "delta": 9.541712}}
{"target": 5.413054184257744, "params": {"x0": 0.8, "x1": 0.9, "x2": 3.1798891764353865, "x3": 0.0, "x4": 1.711000022772149, "x5": 0.0, "x6": 3.5942234330455656, "x7": 14.46302850184757, "x8": 1.281276456233058, "x9": 2.750000611611818}, "datetime": {"datetime": "2025-05-17 08:53:03", "elapsed": 1549.552414, "delta": 9.433603}}
{"target": 5.4131219740716245, "params": {"x0": 0.8, "x1": 0.9, "x2": 3.1798914283402446, "x3": 0.0, "x4": 1.7110008001330872, "x5": 0.0, "x6": 3.594228450473054, "x7": 14.463043223964437, "x8": 1.2812747029789895, "x9": 2.7499994217239028}, "datetime": {"datetime": "2025-05-17 08:53:13", "elapsed": 1559.206732, "delta": 9.654318}}
{"target": 5.4131219740716245, "params": {"x0": 0.8, "x1": 0.9, "x2": 3.1798934550546174, "x3": 0.0, "x4": 1.711001499757932, "x5": 0.0, "x6": 3.5942329661577945, "x7": 14.463056473869619, "x8": 1.2812731250503278, "x9": 2.7499983508247787}, "datetime": {"datetime": "2025-05-17 08:53:23", "elapsed": 1568.758022, "delta": 9.55129}}
{"target": 5.4131219740716245, "params": {"x0": 0.8, "x1": 0.9, "x2": 3.1798952790975528, "x3": 0.0, "x4": 1.711002129420292, "x5": 0.0, "x6": 3.5942370302740603, "x7": 14.463068398784282, "x8": 1.2812717049145321, "x9": 2.7499973870155667}, "datetime": {"datetime": "2025-05-17 08:53:32", "elapsed": 1578.390544, "delta": 9.632522}}
{"target": 5.4131219740716245, "params": {"x0": 0.8, "x1": 0.9, "x2": 3.1798969207361942, "x3": 0.0, "x4": 1.711002696116416, "x5": 0.0, "x6": 3.5942406879787, "x7": 14.46307913120748, "x8": 1.281270426792316, "x9": 2.749996519587276}, "datetime": {"datetime": "2025-05-17 08:53:42", "elapsed": 1588.27471, "delta": 9.884166}}
{"target": 5.4131219740716245, "params": {"x0": 0.8, "x1": 0.9, "x2": 3.179898398210972, "x3": 0.0, "x4": 1.7110032061429277, "x5": 0.0, "x6": 3.5942439799128754, "x7": 14.463088790388356, "x8": 1.2812692764823215, "x9": 2.749995738901815}, "datetime": {"datetime": "2025-05-17 08:53:52", "elapsed": 1597.781278, "delta": 9.506568}}
{"target": 5.4131219740716245, "params": {"x0": 0.8, "x1": 0.9, "x2": 3.1798997279382717, "x3": 0.0, "x4": 1.7110036651667881, "x5": 0.0, "x6": 3.5942469426536334, "x7": 14.463097483651145, "x8": 1.2812682412033265, "x9": 2.7499950362848997}, "datetime": {"datetime": "2025-05-17 08:54:01", "elapsed": 1607.272619, "delta": 9.491341}}
{"target": 5.4131219740716245, "params": {"x0": 0.8, "x1": 0.9, "x2": 3.179900924692842, "x3": 0.0, "x4": 1.7110040782882627, "x5": 0.0, "x6": 3.5942496091203155, "x7": 14.463105307587657, "x8": 1.281267309452231, "x9": 2.749994403929676}, "datetime": {"datetime": "2025-05-17 08:54:11", "elapsed": 1617.121702, "delta": 9.849083}}
{"target": 5.4131219740716245, "params": {"x0": 0.8, "x1": 0.9, "x2": 3.179902001771955, "x3": 0.0, "x4": 1.7110044500975896, "x5": 0.0, "x6": 3.5942520089403294, "x7": 14.463112349130517, "x8": 1.2812664708762451, "x9": 2.7499938348099744}, "datetime": {"datetime": "2025-05-17 08:54:21", "elapsed": 1626.792582, "delta": 9.67088}}
{"target": 5.4131219740716245, "params": {"x0": 0.8, "x1": 0.9, "x2": 3.1799029711431563, "x3": 0.0, "x4": 1.711004784725984, "x5": 0.0, "x6": 3.594254168778342, "x7": 14.46311868651909, "x8": 1.2812657161578578, "x9": 2.749993322602243}, "datetime": {"datetime": "2025-05-17 08:54:30", "elapsed": 1636.339453, "delta": 9.546871}}
{"target": 5.4131219740716245, "params": {"x0": 0.8, "x1": 0.9, "x2": 3.1799038435772378, "x3": 0.0, "x4": 1.7110050858915389, "x5": 0.0, "x6": 3.594256112632553, "x7": 14.463124390168806, "x8": 1.281265036911309, "x9": 2.749992861615285}, "datetime": {"datetime": "2025-05-17 08:54:40", "elapsed": 1646.121365, "delta": 9.781912}}
{"target": 5.4131219740716245, "params": {"x0": 0.8, "x1": 0.9, "x2": 3.179904628767911, "x3": 0.0, "x4": 1.7110053569405383, "x5": 0.0, "x6": 3.5942578621013435, "x7": 14.463129523453551, "x8": 1.2812644255894154, "x9": 2.7499924467270227}, "datetime": {"datetime": "2025-05-17 08:54:50", "elapsed": 1655.770038, "delta": 9.648673}}
{"target": 5.4131219740716245, "params": {"x0": 0.8, "x1": 0.9, "x2": 3.179905335439517, "x3": 0.0, "x4": 1.7110056008846377, "x5": 0.0, "x6": 3.5942594366232545, "x7": 14.463134143409821, "x8": 1.281263875399711, "x9": 2.7499920733275864}, "datetime": {"datetime": "2025-05-17 08:54:59", "elapsed": 1665.315427, "delta": 9.545389}}
{"target": 5.4131219740716245, "params": {"x0": 0.8, "x1": 0.9, "x2": 3.1799059714439624, "x3": 0.0, "x4": 1.7110058204343273, "x5": 0.0, "x6": 3.5942608536929743, "x7": 14.463138301370464, "x8": 1.281263380228977, "x9": 2.749991737268094}, "datetime": {"datetime": "2025-05-17 08:55:09", "elapsed": 1674.760022, "delta": 9.444595}}
{"target": 5.4131219740716245, "params": {"x0": 0.8, "x1": 0.9, "x2": 3.179906543847963, "x3": 0.0, "x4": 1.7110060180290478, "x5": 0.0, "x6": 3.5942621290557226, "x7": 14.463142043535044, "x8": 1.2812629345753164, "x9": 2.749991434814551}, "datetime": {"datetime": "2025-05-17 08:55:18", "elapsed": 1684.47526, "delta": 9.715238}}
{"target": 5.4131219740716245, "params": {"x0": 0.8, "x1": 0.9, "x2": 3.1799070590115637, "x3": 0.0, "x4": 1.7110061958642964, "x5": 0.0, "x6": 3.5942632768821956, "x7": 14.463145411483165, "x8": 1.281262533487022, "x9": 2.7499911626063622}, "datetime": {"datetime": "2025-05-17 08:55:28", "elapsed": 1694.126322, "delta": 9.651062}}
{"target": 5.4131219740716245, "params": {"x0": 0.8, "x1": 0.9, "x2": 3.1799075226588047, "x3": 0.0, "x4": 1.71100635591602, "x5": 0.0, "x6": 3.5942643099260216, "x7": 14.463148442636474, "x8": 1.2812621725075568, "x9": 2.749990917618992}, "datetime": {"datetime": "2025-05-17 08:55:38", "elapsed": 1703.970425, "delta": 9.844103}}
{"target": 5.4131219740716245, "params": {"x0": 0.8, "x1": 0.9, "x2": 3.1799079399413213, "x3": 0.0, "x4": 1.7110064999625714, "x5": 0.0, "x6": 3.594265239665465, "x7": 14.46315117067445, "x8": 1.2812618476260385, "x9": 2.749990697130359}, "datetime": {"datetime": "2025-05-17 08:55:47", "elapsed": 1713.502745, "delta": 9.53232}}
{"target": 5.4131219740716245, "params": {"x0": 0.8, "x1": 0.9, "x2": 3.1799083154955863, "x3": 0.0, "x4": 1.7110066296044675, "x5": 0.0, "x6": 3.594266076430964, "x7": 14.463153625908632, "x8": 1.2812615552326716, "x9": 2.749990498690589}, "datetime": {"datetime": "2025-05-17 08:55:57", "elapsed": 1723.200978, "delta": 9.698233}}
{"target": 5.4131219740716245, "params": {"x0": 0.8, "x1": 0.9, "x2": 3.1799086534944245, "x3": 0.0, "x4": 1.711006746282174, "x5": 0.0, "x6": 3.594266829519913, "x7": 14.463155835619393, "x8": 1.2812612920786417, "x9": 2.7499903200947964}, "datetime": {"datetime": "2025-05-17 08:56:07", "elapsed": 1732.975564, "delta": 9.774586}}
{"target": 5.4131219740716245, "params": {"x0": 0.8, "x1": 0.9, "x2": 3.179908957693379, "x3": 0.0, "x4": 1.71100685129211, "x5": 0.0, "x6": 3.5942675072999672, "x7": 14.46315782435908, "x8": 1.2812610552400145, "x9": 2.749990159358583}, "datetime": {"datetime": "2025-05-17 08:56:16", "elapsed": 1742.70587, "delta": 9.730306}}
{"target": 5.4131219740716245, "params": {"x0": 0.8, "x1": 0.9, "x2": 3.1799092314724384, "x3": 0.0, "x4": 1.7110069458010522, "x5": 0.0, "x6": 3.5942681173020157, "x7": 14.463159614224796, "x8": 1.2812608420852503, "x9": 2.749990014695991}, "datetime": {"datetime": "2025-05-17 08:56:26", "elapsed": 1752.301327, "delta": 9.595457}}
