{"target": 5.4131219740716245, "params": {"x0": 0.8, "x1": 0.9, "x2": 3.1799116954839706, "x3": 5.909379799150366e-45, "x4": 1.7110077963815329, "x5": 8.497030792047645e-45, "x6": 3.5942736073204546, "x7": 14.463175723016253, "x8": 1.2812589236923715, "x9": 2.749988712732662}, "datetime": {"datetime": "2025-05-17 12:47:03", "elapsed": 15589.70991, "delta": 26.37201}}
{"target": 5.4131219740716245, "params": {"x0": 0.8, "x1": 0.9, "x2": 3.1799116954839706, "x3": 1.348713379098965e-43, "x4": 1.7110077963815329, "x5": 8.242236145500952e-44, "x6": 3.5942736073204546, "x7": 14.463175723016253, "x8": 1.2812589236923715, "x9": 2.749988712732662}, "datetime": {"datetime": "2025-05-17 12:47:34", "elapsed": 15619.748309, "delta": 30.038399}}
{"target": 5.4131219740716245, "params": {"x0": 0.8, "x1": 0.9, "x2": 3.1799116954839706, "x3": 7.754495550755111e-44, "x4": 1.7110077963815329, "x5": 4.630969958219573e-46, "x6": 3.5942736073204546, "x7": 14.463175723016253, "x8": 1.2812589236923715, "x9": 2.749988712732662}, "datetime": {"datetime": "2025-05-17 12:48:05", "elapsed": 15651.484237, "delta": 31.735928}}
{"target": 5.4131219740716245, "params": {"x0": 0.8, "x1": 0.9, "x2": 3.1799116954839706, "x3": 3.16394352148327e-44, "x4": 1.7110077963815329, "x5": 6.342803645169852e-44, "x6": 3.5942736073204546, "x7": 14.463175723016253, "x8": 1.2812589236923715, "x9": 2.749988712732662}, "datetime": {"datetime": "2025-05-17 12:48:41", "elapsed": 15687.381257, "delta": 35.89702}}
{"target": 5.4131219740716245, "params": {"x0": 0.8, "x1": 0.9, "x2": 3.1799116954839706, "x3": 7.156760230368688e-45, "x4": 1.7110077963815329, "x5": 5.972191614812982e-44, "x6": 3.5942736073204546, "x7": 14.463175723016253, "x8": 1.2812589236923715, "x9": 2.749988712732662}, "datetime": {"datetime": "2025-05-17 12:49:14", "elapsed": 15720.349026, "delta": 32.967769}}
{"target": 5.4131219740716245, "params": {"x0": 0.8, "x1": 0.9, "x2": 3.1799116954839706, "x3": 1.5163133328397975e-44, "x4": 1.7110077963815329, "x5": 4.667808430174636e-44, "x6": 3.5942736073204546, "x7": 14.463175723016253, "x8": 1.2812589236923715, "x9": 2.749988712732662}, "datetime": {"datetime": "2025-05-17 12:49:46", "elapsed": 15752.156658, "delta": 31.807632}}
{"target": 5.4131219740716245, "params": {"x0": 0.8, "x1": 0.9, "x2": 3.1799116954839706, "x3": 7.027377188943363e-44, "x4": 1.7110077963815329, "x5": 3.212587637054437e-44, "x6": 3.5942736073204546, "x7": 14.463175723016253, "x8": 1.2812589236923715, "x9": 2.749988712732662}, "datetime": {"datetime": "2025-05-17 12:50:18", "elapsed": 15783.814837, "delta": 31.658179}}
{"target": 5.4131219740716245, "params": {"x0": 0.8, "x1": 0.9, "x2": 3.1799116954839706, "x3": 3.71040383509973e-45, "x4": 1.7110077963815329, "x5": 1.929954317715523e-44, "x6": 3.5942736073204546, "x7": 14.463175723016253, "x8": 1.2812589236923715, "x9": 2.749988712732662}, "datetime": {"datetime": "2025-05-17 12:50:45", "elapsed": 15811.555079, "delta": 27.740242}}
{"target": 5.4131219740716245, "params": {"x0": 0.8, "x1": 0.9, "x2": 3.1799116954839706, "x3": 1.3760798340270206e-44, "x4": 1.7110077963815329, "x5": 1.8722175132231233e-44, "x6": 3.5942736073204546, "x7": 14.463175723016253, "x8": 1.2812589236923715, "x9": 2.749988712732662}, "datetime": {"datetime": "2025-05-17 12:51:16", "elapsed": 15841.851645, "delta": 30.296566}}
{"target": 5.4131219740716245, "params": {"x0": 0.8, "x1": 0.9, "x2": 3.1799116954839706, "x3": 1.7991808423663538e-44, "x4": 1.7110077963815329, "x5": 3.940884405119473e-44, "x6": 3.5942736073204546, "x7": 14.463175723016253, "x8": 1.2812589236923715, "x9": 2.749988712732662}, "datetime": {"datetime": "2025-05-17 12:51:51", "elapsed": 15877.349571, "delta": 35.497926}}
{"target": 5.4131219740716245, "params": {"x0": 0.8, "x1": 0.9, "x2": 3.1799116954839706, "x3": 3.525911055485645e-44, "x4": 1.7110077963815329, "x5": 1.0731087427653542e-44, "x6": 3.5942736073204546, "x7": 14.463175723016253, "x8": 1.2812589236923715, "x9": 2.749988712732662}, "datetime": {"datetime": "2025-05-17 12:52:20", "elapsed": 15905.896909, "delta": 28.547338}}
{"target": 5.4131219740716245, "params": {"x0": 0.8, "x1": 0.9, "x2": 3.1799116954839706, "x3": 4.811186608855761e-44, "x4": 1.7110077963815329, "x5": 8.556841909342535e-45, "x6": 3.5942736073204546, "x7": 14.463175723016253, "x8": 1.2812589236923715, "x9": 2.749988712732662}, "datetime": {"datetime": "2025-05-17 12:52:53", "elapsed": 15939.037317, "delta": 33.140408}}
{"target": 5.4131219740716245, "params": {"x0": 0.8, "x1": 0.9, "x2": 3.1799116954839706, "x3": 4.296022063989476e-44, "x4": 1.7110077963815329, "x5": 2.9240884386322035e-44, "x6": 3.5942736073204546, "x7": 14.463175723016253, "x8": 1.2812589236923715, "x9": 2.749988712732662}, "datetime": {"datetime": "2025-05-17 12:53:20", "elapsed": 15966.014061, "delta": 26.976744}}
{"target": 5.4131219740716245, "params": {"x0": 0.8, "x1": 0.9, "x2": 3.1799116954839706, "x3": 1.0818910825171214e-44, "x4": 1.7110077963815329, "x5": 1.7719916959384932e-44, "x6": 3.5942736073204546, "x7": 14.463175723016253, "x8": 1.2812589236923715, "x9": 2.749988712732662}, "datetime": {"datetime": "2025-05-17 12:53:46", "elapsed": 15991.945381, "delta": 25.93132}}
{"target": 5.4131219740716245, "params": {"x0": 0.8, "x1": 0.9, "x2": 3.1799116954839706, "x3": 3.0924487948033154e-44, "x4": 1.7110077963815329, "x5": 2.7528295454189414e-45, "x6": 3.5942736073204546, "x7": 14.463175723016253, "x8": 1.2812589236923715, "x9": 2.749988712732662}, "datetime": {"datetime": "2025-05-17 12:54:16", "elapsed": 16022.203642, "delta": 30.258261}}
{"target": 5.4131219740716245, "params": {"x0": 0.8, "x1": 0.9, "x2": 3.1799116954839706, "x3": 2.2089073109411664e-44, "x4": 1.7110077963815329, "x5": 1.4261733104796348e-44, "x6": 3.5942736073204546, "x7": 14.463175723016253, "x8": 1.2812589236923715, "x9": 2.749988712732662}, "datetime": {"datetime": "2025-05-17 12:54:45", "elapsed": 16051.027187, "delta": 28.823545}}
{"target": 5.4131219740716245, "params": {"x0": 0.8, "x1": 0.9, "x2": 3.1799116954839706, "x3": 2.531121268165118e-44, "x4": 1.7110077963815329, "x5": 1.256786242530664e-44, "x6": 3.5942736073204546, "x7": 14.463175723016253, "x8": 1.2812589236923715, "x9": 2.749988712732662}, "datetime": {"datetime": "2025-05-17 12:55:14", "elapsed": 16079.987814, "delta": 28.960627}}
{"target": 5.4131219740716245, "params": {"x0": 0.8, "x1": 0.9, "x2": 3.1799116954839706, "x3": 1.9611167801392297e-44, "x4": 1.7110077963815329, "x5": 1.7997542538434314e-45, "x6": 3.5942736073204546, "x7": 14.463175723016253, "x8": 1.2812589236923715, "x9": 2.749988712732662}, "datetime": {"datetime": "2025-05-17 12:55:42", "elapsed": 16107.882872, "delta": 27.895058}}
{"target": 5.4131219740716245, "params": {"x0": 0.8, "x1": 0.9, "x2": 3.1799116954839706, "x3": 1.216694541706555e-44, "x4": 1.7110077963815329, "x5": 7.911542222834328e-45, "x6": 3.5942736073204546, "x7": 14.463175723016253, "x8": 1.2812589236923715, "x9": 2.749988712732662}, "datetime": {"datetime": "2025-05-17 12:56:09", "elapsed": 16135.589037, "delta": 27.706165}}
{"target": 5.4131219740716245, "params": {"x0": 0.8, "x1": 0.9, "x2": 3.1799116954839706, "x3": 2.080042967365943e-44, "x4": 1.7110077963815329, "x5": 1.4180354195529636e-45, "x6": 3.5942736073204546, "x7": 14.463175723016253, "x8": 1.2812589236923715, "x9": 2.749988712732662}, "datetime": {"datetime": "2025-05-17 12:56:42", "elapsed": 16168.131234, "delta": 32.542197}}
{"target": 5.4131219740716245, "params": {"x0": 0.8, "x1": 0.9, "x2": 3.1799116954839706, "x3": 3.889635227264044e-45, "x4": 1.7110077963815329, "x5": 1.0917689609211641e-44, "x6": 3.5942736073204546, "x7": 14.463175723016253, "x8": 1.2812589236923715, "x9": 2.749988712732662}, "datetime": {"datetime": "2025-05-17 12:57:13", "elapsed": 16199.419886, "delta": 31.288652}}
{"target": 5.4131219740716245, "params": {"x0": 0.8, "x1": 0.9, "x2": 3.1799116954839706, "x3": 1.991165282287428e-45, "x4": 1.7110077963815329, "x5": 5.744392758544392e-45, "x6": 3.5942736073204546, "x7": 14.463175723016253, "x8": 1.2812589236923715, "x9": 2.749988712732662}, "datetime": {"datetime": "2025-05-17 12:57:39", "elapsed": 16225.54203, "delta": 26.122144}}
{"target": 5.4131219740716245, "params": {"x0": 0.8, "x1": 0.9, "x2": 3.1799116954839706, "x3": 4.6063862277508695e-45, "x4": 1.7110077963815329, "x5": 3.445050586010494e-45, "x6": 3.5942736073204546, "x7": 14.463175723016253, "x8": 1.2812589236923715, "x9": 2.749988712732662}, "datetime": {"datetime": "2025-05-17 12:58:09", "elapsed": 16255.055564, "delta": 29.513534}}
{"target": 5.4131219740716245, "params": {"x0": 0.8, "x1": 0.9, "x2": 3.1799116954839706, "x3": 1.25256613352377e-44, "x4": 1.7110077963815329, "x5": 3.4103008227308993e-46, "x6": 3.5942736073204546, "x7": 14.463175723016253, "x8": 1.2812589236923715, "x9": 2.749988712732662}, "datetime": {"datetime": "2025-05-17 12:58:40", "elapsed": 16285.772659, "delta": 30.717095}}
{"target": 5.4131219740716245, "params": {"x0": 0.8, "x1": 0.9, "x2": 3.1799116954839706, "x3": 3.435272417820425e-45, "x4": 1.7110077963815329, "x5": 3.4247202396413646e-45, "x6": 3.5942736073204546, "x7": 14.463175723016253, "x8": 1.2812589236923715, "x9": 2.749988712732662}, "datetime": {"datetime": "2025-05-17 12:59:09", "elapsed": 16315.051024, "delta": 29.278365}}
{"target": 5.4131219740716245, "params": {"x0": 0.8, "x1": 0.9, "x2": 3.1799116954839706, "x3": 2.2439950236020183e-45, "x4": 1.7110077963815329, "x5": 5.965978998249901e-47, "x6": 3.5942736073204546, "x7": 14.463175723016253, "x8": 1.2812589236923715, "x9": 2.749988712732662}, "datetime": {"datetime": "2025-05-17 12:59:42", "elapsed": 16348.126599, "delta": 33.075575}}
{"target": 5.4131219740716245, "params": {"x0": 0.8, "x1": 0.9, "x2": 3.1799116954839706, "x3": 7.030333268361702e-45, "x4": 1.7110077963815329, "x5": 6.438608649058061e-45, "x6": 3.5942736073204546, "x7": 14.463175723016253, "x8": 1.2812589236923715, "x9": 2.749988712732662}, "datetime": {"datetime": "2025-05-17 13:00:13", "elapsed": 16378.823257, "delta": 30.696658}}
{"target": 5.4131219740716245, "params": {"x0": 0.8, "x1": 0.9, "x2": 3.1799116954839706, "x3": 3.7095998708246637e-45, "x4": 1.7110077963815329, "x5": 4.719054903414394e-45, "x6": 3.5942736073204546, "x7": 14.463175723016253, "x8": 1.2812589236923715, "x9": 2.749988712732662}, "datetime": {"datetime": "2025-05-17 13:00:40", "elapsed": 16406.043412, "delta": 27.220155}}
{"target": 5.4131219740716245, "params": {"x0": 0.8, "x1": 0.9, "x2": 3.1799116954839706, "x3": 5.4335583082201446e-45, "x4": 1.7110077963815329, "x5": 3.88114435500232e-45, "x6": 3.5942736073204546, "x7": 14.463175723016253, "x8": 1.2812589236923715, "x9": 2.749988712732662}, "datetime": {"datetime": "2025-05-17 13:01:14", "elapsed": 16439.853317, "delta": 33.809905}}
{"target": 5.4131219740716245, "params": {"x0": 0.8, "x1": 0.9, "x2": 3.1799116954839706, "x3": 3.5486802883674975e-45, "x4": 1.7110077963815329, "x5": 1.3555515646845997e-45, "x6": 3.5942736073204546, "x7": 14.463175723016253, "x8": 1.2812589236923715, "x9": 2.749988712732662}, "datetime": {"datetime": "2025-05-17 13:01:40", "elapsed": 16465.764329, "delta": 25.911012}}
{"target": 5.4131219740716245, "params": {"x0": 0.8, "x1": 0.9, "x2": 3.1799116954839706, "x3": 4.0299697722166356e-45, "x4": 1.7110077963815329, "x5": 1.6911235492461106e-46, "x6": 3.5942736073204546, "x7": 14.463175723016253, "x8": 1.2812589236923715, "x9": 2.749988712732662}, "datetime": {"datetime": "2025-05-17 13:02:09", "elapsed": 16495.631182, "delta": 29.866853}}
{"target": 5.4131219740716245, "params": {"x0": 0.8, "x1": 0.9, "x2": 3.1799116954839706, "x3": 9.938538371411356e-46, "x4": 1.7110077963815329, "x5": 2.143023380216154e-45, "x6": 3.5942736073204546, "x7": 14.463175723016253, "x8": 1.2812589236923715, "x9": 2.749988712732662}, "datetime": {"datetime": "2025-05-17 13:02:37", "elapsed": 16523.172758, "delta": 27.541576}}
{"target": 5.4131219740716245, "params": {"x0": 0.8, "x1": 0.9, "x2": 3.1799116954839706, "x3": 1.4227905546860281e-46, "x4": 1.7110077963815329, "x5": 2.990213106872897e-45, "x6": 3.5942736073204546, "x7": 14.463175723016253, "x8": 1.2812589236923715, "x9": 2.749988712732662}, "datetime": {"datetime": "2025-05-17 13:03:10", "elapsed": 16556.26815, "delta": 33.095392}}
{"target": 5.4131219740716245, "params": {"x0": 0.8, "x1": 0.9, "x2": 3.1799116954839706, "x3": 1.6843752474903215e-45, "x4": 1.7110077963815329, "x5": 1.771905036504693e-45, "x6": 3.5942736073204546, "x7": 14.463175723016253, "x8": 1.2812589236923715, "x9": 2.749988712732662}, "datetime": {"datetime": "2025-05-17 13:03:40", "elapsed": 16586.694995, "delta": 30.426845}}
{"target": 5.4131219740716245, "params": {"x0": 0.8, "x1": 0.9, "x2": 3.1799116954839706, "x3": 3.0420644503083884e-45, "x4": 1.7110077963815329, "x5": 7.239699672871033e-46, "x6": 3.5942736073204546, "x7": 14.463175723016253, "x8": 1.2812589236923715, "x9": 2.749988712732662}, "datetime": {"datetime": "2025-05-17 13:04:16", "elapsed": 16622.160797, "delta": 35.465802}}
{"target": 5.4131219740716245, "params": {"x0": 0.8, "x1": 0.9, "x2": 3.1799116954839706, "x3": 1.7851573042769414e-46, "x4": 1.7110077963815329, "x5": 7.923071744473937e-46, "x6": 3.5942736073204546, "x7": 14.463175723016253, "x8": 1.2812589236923715, "x9": 2.749988712732662}, "datetime": {"datetime": "2025-05-17 13:04:49", "elapsed": 16655.37975, "delta": 33.218953}}
{"target": 5.4131219740716245, "params": {"x0": 0.8, "x1": 0.9, "x2": 3.1799116954839706, "x3": 2.127688684693769e-45, "x4": 1.7110077963815329, "x5": 5.9503347276930096e-46, "x6": 3.5942736073204546, "x7": 14.463175723016253, "x8": 1.2812589236923715, "x9": 2.749988712732662}, "datetime": {"datetime": "2025-05-17 13:05:19", "elapsed": 16685.356911, "delta": 29.977161}}
{"target": 5.4131219740716245, "params": {"x0": 0.8, "x1": 0.9, "x2": 3.1799116954839706, "x3": 2.055329594118738e-45, "x4": 1.7110077963815329, "x5": 9.380777123564141e-46, "x6": 3.5942736073204546, "x7": 14.463175723016253, "x8": 1.2812589236923715, "x9": 2.749988712732662}, "datetime": {"datetime": "2025-05-17 13:05:56", "elapsed": 16722.037852, "delta": 36.680941}}
{"target": 5.4131219740716245, "params": {"x0": 0.8, "x1": 0.9, "x2": 3.1799116954839706, "x3": 1.3909492755439382e-45, "x4": 1.7110077963815329, "x5": 1.421319463026708e-45, "x6": 3.5942736073204546, "x7": 14.463175723016253, "x8": 1.2812589236923715, "x9": 2.749988712732662}, "datetime": {"datetime": "2025-05-17 13:06:36", "elapsed": 16762.381931, "delta": 40.344079}}
{"target": 5.4131219740716245, "params": {"x0": 0.8, "x1": 0.9, "x2": 3.1799116954839706, "x3": 1.5868702195645643e-45, "x4": 1.7110077963815329, "x5": 6.333142728564667e-46, "x6": 3.5942736073204546, "x7": 14.463175723016253, "x8": 1.2812589236923715, "x9": 2.749988712732662}, "datetime": {"datetime": "2025-05-17 13:07:11", "elapsed": 16797.171577, "delta": 34.789646}}
{"target": 5.4131219740716245, "params": {"x0": 0.8, "x1": 0.9, "x2": 3.1799116954839706, "x3": 1.9457802001448354e-45, "x4": 1.7110077963815329, "x5": 6.193491760763229e-46, "x6": 3.5942736073204546, "x7": 14.463175723016253, "x8": 1.2812589236923715, "x9": 2.749988712732662}, "datetime": {"datetime": "2025-05-17 13:07:38", "elapsed": 16824.032485, "delta": 26.860908}}
{"target": 5.4131219740716245, "params": {"x0": 0.8, "x1": 0.9, "x2": 3.1799116954839706, "x3": 3.4822663369371337e-46, "x4": 1.7110077963815329, "x5": 5.994983445273892e-46, "x6": 3.5942736073204546, "x7": 14.463175723016253, "x8": 1.2812589236923715, "x9": 2.749988712732662}, "datetime": {"datetime": "2025-05-17 13:08:07", "elapsed": 16852.959197, "delta": 28.926712}}
{"target": 5.4131219740716245, "params": {"x0": 0.8, "x1": 0.9, "x2": 3.1799116954839706, "x3": 1.7329612816584753e-45, "x4": 1.7110077963815329, "x5": 6.658756112395671e-46, "x6": 3.5942736073204546, "x7": 14.463175723016253, "x8": 1.2812589236923715, "x9": 2.749988712732662}, "datetime": {"datetime": "2025-05-17 13:08:42", "elapsed": 16887.953896, "delta": 34.994699}}
{"target": 5.4131219740716245, "params": {"x0": 0.8, "x1": 0.9, "x2": 3.1799116954839706, "x3": 3.6115280612674616e-46, "x4": 1.7110077963815329, "x5": 6.8088137958012896e-46, "x6": 3.5942736073204546, "x7": 14.463175723016253, "x8": 1.2812589236923715, "x9": 2.749988712732662}, "datetime": {"datetime": "2025-05-17 13:09:16", "elapsed": 16922.035455, "delta": 34.081559}}
{"target": 5.4131219740716245, "params": {"x0": 0.8, "x1": 0.9, "x2": 3.1799116954839706, "x3": 1.338369708103975e-45, "x4": 1.7110077963815329, "x5": 1.0781662118067768e-46, "x6": 3.5942736073204546, "x7": 14.463175723016253, "x8": 1.2812589236923715, "x9": 2.749988712732662}, "datetime": {"datetime": "2025-05-17 13:09:51", "elapsed": 16957.518339, "delta": 35.482884}}
{"target": 5.4131219740716245, "params": {"x0": 0.8, "x1": 0.9, "x2": 3.1799116954839706, "x3": 9.709858206724544e-46, "x4": 1.7110077963815329, "x5": 2.7386049286400505e-46, "x6": 3.5942736073204546, "x7": 14.463175723016253, "x8": 1.2812589236923715, "x9": 2.749988712732662}, "datetime": {"datetime": "2025-05-17 13:10:25", "elapsed": 16991.188175, "delta": 33.669836}}
{"target": 5.4131219740716245, "params": {"x0": 0.8, "x1": 0.9, "x2": 3.1799116954839706, "x3": 4.173624018307053e-46, "x4": 1.7110077963815329, "x5": 5.96213314026593e-46, "x6": 3.5942736073204546, "x7": 14.463175723016253, "x8": 1.2812589236923715, "x9": 2.749988712732662}, "datetime": {"datetime": "2025-05-17 13:10:56", "elapsed": 17022.202835, "delta": 31.01466}}
{"target": 5.4131219740716245, "params": {"x0": 0.8, "x1": 0.9, "x2": 3.1799116954839706, "x3": 5.204760002956505e-46, "x4": 1.7110077963815329, "x5": 1.3591595004222254e-46, "x6": 3.5942736073204546, "x7": 14.463175723016253, "x8": 1.2812589236923715, "x9": 2.749988712732662}, "datetime": {"datetime": "2025-05-17 13:11:36", "elapsed": 17062.007349, "delta": 39.804514}}
{"target": 5.4131219740716245, "params": {"x0": 0.8, "x1": 0.9, "x2": 3.1799116954839706, "x3": 5.158618179345752e-46, "x4": 1.7110077963815329, "x5": 3.1127881762215594e-46, "x6": 3.5942736073204546, "x7": 14.463175723016253, "x8": 1.2812589236923715, "x9": 2.749988712732662}, "datetime": {"datetime": "2025-05-17 13:12:04", "elapsed": 17090.202776, "delta": 28.195427}}
{"target": 5.4131219740716245, "params": {"x0": 0.8, "x1": 0.9, "x2": 3.1799116954839706, "x3": 5.249994612548927e-46, "x4": 1.7110077963815329, "x5": 1.1584453268064322e-46, "x6": 3.5942736073204546, "x7": 14.463175723016253, "x8": 1.2812589236923715, "x9": 2.749988712732662}, "datetime": {"datetime": "2025-05-17 13:12:34", "elapsed": 17119.967381, "delta": 29.764605}}
{"target": 5.4131219740716245, "params": {"x0": 0.8, "x1": 0.9, "x2": 3.1799116954839706, "x3": 5.1547291475912646e-46, "x4": 1.7110077963815329, "x5": 2.779747218527002e-46, "x6": 3.5942736073204546, "x7": 14.463175723016253, "x8": 1.2812589236923715, "x9": 2.749988712732662}, "datetime": {"datetime": "2025-05-17 13:13:05", "elapsed": 17151.349087, "delta": 31.381706}}
{"target": 5.4131219740716245, "params": {"x0": 0.8, "x1": 0.9, "x2": 3.1799116954839706, "x3": 7.082256238683006e-46, "x4": 1.7110077963815329, "x5": 4.072013220245885e-46, "x6": 3.5942736073204546, "x7": 14.463175723016253, "x8": 1.2812589236923715, "x9": 2.749988712732662}, "datetime": {"datetime": "2025-05-17 13:13:37", "elapsed": 17183.105949, "delta": 31.756862}}
{"target": 5.4131219740716245, "params": {"x0": 0.8, "x1": 0.9, "x2": 3.1799116954839706, "x3": 6.047003194791723e-46, "x4": 1.7110077963815329, "x5": 5.921869008009716e-47, "x6": 3.5942736073204546, "x7": 14.463175723016253, "x8": 1.2812589236923715, "x9": 2.749988712732662}, "datetime": {"datetime": "2025-05-17 13:14:08", "elapsed": 17214.660594, "delta": 31.554645}}
{"target": 5.4131219740716245, "params": {"x0": 0.8, "x1": 0.9, "x2": 3.1799116954839706, "x3": 5.3404863811927313e-48, "x4": 1.7110077963815329, "x5": 1.0697232575861903e-46, "x6": 3.5942736073204546, "x7": 14.463175723016253, "x8": 1.2812589236923715, "x9": 2.749988712732662}, "datetime": {"datetime": "2025-05-17 13:14:39", "elapsed": 17245.222504, "delta": 30.56191}}
{"target": 5.4131219740716245, "params": {"x0": 0.8, "x1": 0.9, "x2": 3.1799116954839706, "x3": 2.1510222907742102e-46, "x4": 1.7110077963815329, "x5": 9.801680720976682e-47, "x6": 3.5942736073204546, "x7": 14.463175723016253, "x8": 1.2812589236923715, "x9": 2.749988712732662}, "datetime": {"datetime": "2025-05-17 13:15:03", "elapsed": 17269.2432, "delta": 24.020696}}
{"target": 5.4131219740716245, "params": {"x0": 0.8, "x1": 0.9, "x2": 3.1799116954839706, "x3": 1.6250646887211333e-46, "x4": 1.7110077963815329, "x5": 9.327318864153008e-47, "x6": 3.5942736073204546, "x7": 14.463175723016253, "x8": 1.2812589236923715, "x9": 2.749988712732662}, "datetime": {"datetime": "2025-05-17 13:15:36", "elapsed": 17302.506513, "delta": 33.263313}}
{"target": 5.4131219740716245, "params": {"x0": 0.8, "x1": 0.9, "x2": 3.1799116954839706, "x3": 2.495951070909476e-46, "x4": 1.7110077963815329, "x5": 2.8224239816868374e-46, "x6": 3.5942736073204546, "x7": 14.463175723016253, "x8": 1.2812589236923715, "x9": 2.749988712732662}, "datetime": {"datetime": "2025-05-17 13:16:05", "elapsed": 17331.047283, "delta": 28.54077}}
{"target": 5.4131219740716245, "params": {"x0": 0.8, "x1": 0.9, "x2": 3.1799116954839706, "x3": 1.571746894284587e-46, "x4": 1.7110077963815329, "x5": 8.338443620903934e-47, "x6": 3.5942736073204546, "x7": 14.463175723016253, "x8": 1.2812589236923715, "x9": 2.749988712732662}, "datetime": {"datetime": "2025-05-17 13:16:33", "elapsed": 17359.081438, "delta": 28.034155}}
{"target": 5.4131219740716245, "params": {"x0": 0.8, "x1": 0.9, "x2": 3.1799116954839706, "x3": 2.726186984745543e-46, "x4": 1.7110077963815329, "x5": 5.738755591620274e-47, "x6": 3.5942736073204546, "x7": 14.463175723016253, "x8": 1.2812589236923715, "x9": 2.749988712732662}, "datetime": {"datetime": "2025-05-17 13:17:18", "elapsed": 17404.191297, "delta": 45.109859}}
