{"target": 5.4131219740716245, "params": {"x0": 0.8, "x1": 0.9000000000000001, "x2": 3.1799116954839706, "x3": 1.1673344098286598e-16, "x4": 1.7110077963815329, "x5": 9.398355141136869e-17, "x6": 3.594273607320455, "x7": 14.463175723016253, "x8": 1.2812589236923715, "x9": 2.749988712732662}, "datetime": {"datetime": "2025-05-17 09:35:41", "elapsed": 4106.890028, "delta": 11.547714}}
{"target": 5.4131219740716245, "params": {"x0": 0.8, "x1": 0.9000000000000001, "x2": 3.1799116954839706, "x3": 1.1031313237738548e-17, "x4": 1.7110077963815329, "x5": 5.2024864569220635e-17, "x6": 3.594273607320454, "x7": 14.463175723016253, "x8": 1.2812589236923715, "x9": 2.749988712732662}, "datetime": {"datetime": "2025-05-17 09:35:53", "elapsed": 4119.202395, "delta": 12.312367}}
{"target": 5.4131219740716245, "params": {"x0": 0.8, "x1": 0.9000000000000001, "x2": 3.1799116954839706, "x3": 3.465911045948974e-18, "x4": 1.7110077963815329, "x5": 2.2618906472529302e-17, "x6": 3.5942736073204546, "x7": 14.463175723016253, "x8": 1.2812589236923715, "x9": 2.749988712732662}, "datetime": {"datetime": "2025-05-17 09:36:04", "elapsed": 4130.576513, "delta": 11.374118}}
{"target": 5.4131219740716245, "params": {"x0": 0.8, "x1": 0.9000000000000001, "x2": 3.1799116954839706, "x3": 2.656347938045162e-17, "x4": 1.7110077963815329, "x5": 6.684766695289335e-19, "x6": 3.594273607320454, "x7": 14.463175723016253, "x8": 1.2812589236923715, "x9": 2.749988712732662}, "datetime": {"datetime": "2025-05-17 09:36:16", "elapsed": 4142.643365, "delta": 12.066852}}
{"target": 5.4131219740716245, "params": {"x0": 0.8, "x1": 0.9, "x2": 3.1799116954839706, "x3": 8.898276251488238e-17, "x4": 1.7110077963815329, "x5": 1.3335497598271953e-17, "x6": 3.594273607320454, "x7": 14.463175723016253, "x8": 1.2812589236923715, "x9": 2.749988712732662}, "datetime": {"datetime": "2025-05-17 09:36:28", "elapsed": 4154.599351, "delta": 11.955986}}
{"target": 5.4131219740716245, "params": {"x0": 0.8, "x1": 0.9, "x2": 3.1799116954839706, "x3": 1.8394283122859682e-17, "x4": 1.7110077963815329, "x5": 5.80357551955868e-18, "x6": 3.5942736073204546, "x7": 14.463175723016253, "x8": 1.2812589236923715, "x9": 2.749988712732662}, "datetime": {"datetime": "2025-05-17 09:36:40", "elapsed": 4165.940234, "delta": 11.340883}}
{"target": 5.4131219740716245, "params": {"x0": 0.8, "x1": 0.9000000000000001, "x2": 3.1799116954839706, "x3": 7.423580736942084e-17, "x4": 1.7110077963815329, "x5": 9.53711072303401e-18, "x6": 3.5942736073204546, "x7": 14.463175723016253, "x8": 1.2812589236923715, "x9": 2.749988712732662}, "datetime": {"datetime": "2025-05-17 09:36:51", "elapsed": 4177.284233, "delta": 11.343999}}
{"target": 5.4131219740716245, "params": {"x0": 0.8, "x1": 0.9, "x2": 3.1799116954839706, "x3": 2.3874670344346824e-17, "x4": 1.7110077963815329, "x5": 4.5256501057848363e-17, "x6": 3.5942736073204546, "x7": 14.463175723016253, "x8": 1.2812589236923715, "x9": 2.749988712732662}, "datetime": {"datetime": "2025-05-17 09:37:02", "elapsed": 4188.683298, "delta": 11.399065}}
{"target": 5.4131219740716245, "params": {"x0": 0.8, "x1": 0.9000000000000001, "x2": 3.1799116954839706, "x3": 1.2964501250955893e-17, "x4": 1.7110077963815329, "x5": 2.437786922401503e-17, "x6": 3.5942736073204546, "x7": 14.463175723016253, "x8": 1.2812589236923715, "x9": 2.749988712732662}, "datetime": {"datetime": "2025-05-17 09:37:14", "elapsed": 4200.556398, "delta": 11.8731}}
{"target": 5.4131219740716245, "params": {"x0": 0.8, "x1": 0.9, "x2": 3.1799116954839706, "x3": 4.709619284709858e-17, "x4": 1.7110077963815329, "x5": 3.759826011018837e-17, "x6": 3.5942736073204546, "x7": 14.463175723016253, "x8": 1.2812589236923715, "x9": 2.749988712732662}, "datetime": {"datetime": "2025-05-17 09:37:27", "elapsed": 4213.375294, "delta": 12.818896}}
{"target": 5.4131219740716245, "params": {"x0": 0.8, "x1": 0.9, "x2": 3.1799116954839706, "x3": 4.1156422740436055e-17, "x4": 1.7110077963815329, "x5": 2.029463042580605e-17, "x6": 3.5942736073204546, "x7": 14.463175723016253, "x8": 1.2812589236923715, "x9": 2.749988712732662}, "datetime": {"datetime": "2025-05-17 09:37:39", "elapsed": 4224.885398, "delta": 11.510104}}
{"target": 5.4131219740716245, "params": {"x0": 0.8, "x1": 0.9, "x2": 3.1799116954839706, "x3": 4.375734450388219e-17, "x4": 1.7110077963815329, "x5": 1.8062321869087736e-17, "x6": 3.5942736073204546, "x7": 14.463175723016253, "x8": 1.2812589236923715, "x9": 2.749988712732662}, "datetime": {"datetime": "2025-05-17 09:37:51", "elapsed": 4236.796391, "delta": 11.910993}}
{"target": 5.4131219740716245, "params": {"x0": 0.8, "x1": 0.9, "x2": 3.1799116954839706, "x3": 1.8525469655890286e-17, "x4": 1.7110077963815329, "x5": 1.9302424889351462e-17, "x6": 3.5942736073204546, "x7": 14.463175723016253, "x8": 1.2812589236923715, "x9": 2.749988712732662}, "datetime": {"datetime": "2025-05-17 09:38:03", "elapsed": 4249.136899, "delta": 12.340508}}
{"target": 5.4131219740716245, "params": {"x0": 0.8, "x1": 0.9, "x2": 3.1799116954839706, "x3": 3.905326665350325e-18, "x4": 1.7110077963815329, "x5": 2.3725927131560523e-17, "x6": 3.5942736073204546, "x7": 14.463175723016253, "x8": 1.2812589236923715, "x9": 2.749988712732662}, "datetime": {"datetime": "2025-05-17 09:38:15", "elapsed": 4261.038286, "delta": 11.901387}}
{"target": 5.4131219740716245, "params": {"x0": 0.8, "x1": 0.9, "x2": 3.1799116954839706, "x3": 2.1869547800933915e-17, "x4": 1.7110077963815329, "x5": 1.142895562051446e-17, "x6": 3.5942736073204546, "x7": 14.463175723016253, "x8": 1.2812589236923715, "x9": 2.749988712732662}, "datetime": {"datetime": "2025-05-17 09:38:27", "elapsed": 4273.231488, "delta": 12.193202}}
{"target": 5.4131219740716245, "params": {"x0": 0.8, "x1": 0.9, "x2": 3.1799116954839706, "x3": 2.0285928174217123e-18, "x4": 1.7110077963815329, "x5": 8.323702169164447e-18, "x6": 3.5942736073204546, "x7": 14.463175723016253, "x8": 1.2812589236923715, "x9": 2.749988712732662}, "datetime": {"datetime": "2025-05-17 09:38:39", "elapsed": 4285.467325, "delta": 12.235837}}
{"target": 5.4131219740716245, "params": {"x0": 0.8, "x1": 0.9, "x2": 3.1799116954839706, "x3": 1.973602825993794e-17, "x4": 1.7110077963815329, "x5": 1.9810649771965503e-18, "x6": 3.5942736073204546, "x7": 14.463175723016253, "x8": 1.2812589236923715, "x9": 2.749988712732662}, "datetime": {"datetime": "2025-05-17 09:38:51", "elapsed": 4297.514803, "delta": 12.047478}}
{"target": 5.4131219740716245, "params": {"x0": 0.8, "x1": 0.9, "x2": 3.1799116954839706, "x3": 3.9413981828527716e-18, "x4": 1.7110077963815329, "x5": 1.4276935874926334e-17, "x6": 3.5942736073204546, "x7": 14.463175723016253, "x8": 1.2812589236923715, "x9": 2.749988712732662}, "datetime": {"datetime": "2025-05-17 09:39:05", "elapsed": 4311.296323, "delta": 13.78152}}
{"target": 5.4131219740716245, "params": {"x0": 0.8, "x1": 0.9, "x2": 3.1799116954839706, "x3": 2.0268043929954717e-17, "x4": 1.7110077963815329, "x5": 1.2275795922535154e-17, "x6": 3.5942736073204546, "x7": 14.463175723016253, "x8": 1.2812589236923715, "x9": 2.749988712732662}, "datetime": {"datetime": "2025-05-17 09:39:18", "elapsed": 4323.956294, "delta": 12.659971}}
{"target": 5.4131219740716245, "params": {"x0": 0.8, "x1": 0.9, "x2": 3.1799116954839706, "x3": 1.3782003228033393e-17, "x4": 1.7110077963815329, "x5": 3.324373192479052e-18, "x6": 3.5942736073204546, "x7": 14.463175723016253, "x8": 1.2812589236923715, "x9": 2.749988712732662}, "datetime": {"datetime": "2025-05-17 09:39:30", "elapsed": 4336.053236, "delta": 12.096942}}
{"target": 5.4131219740716245, "params": {"x0": 0.8, "x1": 0.9, "x2": 3.1799116954839706, "x3": 9.800628539334698e-18, "x4": 1.7110077963815329, "x5": 1.0383107094888009e-17, "x6": 3.5942736073204546, "x7": 14.463175723016253, "x8": 1.2812589236923715, "x9": 2.749988712732662}, "datetime": {"datetime": "2025-05-17 09:39:42", "elapsed": 4347.801568, "delta": 11.748332}}
{"target": 5.4131219740716245, "params": {"x0": 0.8, "x1": 0.9, "x2": 3.1799116954839706, "x3": 7.289782325948979e-18, "x4": 1.7110077963815329, "x5": 4.5155624341519335e-18, "x6": 3.5942736073204546, "x7": 14.463175723016253, "x8": 1.2812589236923715, "x9": 2.749988712732662}, "datetime": {"datetime": "2025-05-17 09:39:54", "elapsed": 4360.329906, "delta": 12.528338}}
{"target": 5.4131219740716245, "params": {"x0": 0.8, "x1": 0.9, "x2": 3.1799116954839706, "x3": 2.7290613843172583e-18, "x4": 1.7110077963815329, "x5": 2.712146150688594e-18, "x6": 3.5942736073204546, "x7": 14.463175723016253, "x8": 1.2812589236923715, "x9": 2.749988712732662}, "datetime": {"datetime": "2025-05-17 09:40:07", "elapsed": 4373.303434, "delta": 12.973528}}
{"target": 5.4131219740716245, "params": {"x0": 0.8, "x1": 0.9, "x2": 3.1799116954839706, "x3": 1.196814734580271e-17, "x4": 1.7110077963815329, "x5": 6.683766287551858e-18, "x6": 3.5942736073204546, "x7": 14.463175723016253, "x8": 1.2812589236923715, "x9": 2.749988712732662}, "datetime": {"datetime": "2025-05-17 09:40:20", "elapsed": 4386.258563, "delta": 12.955129}}
{"target": 5.4131219740716245, "params": {"x0": 0.8, "x1": 0.9, "x2": 3.1799116954839706, "x3": 8.202707528986027e-19, "x4": 1.7110077963815329, "x5": 1.2333281362930012e-18, "x6": 3.5942736073204546, "x7": 14.463175723016253, "x8": 1.2812589236923715, "x9": 2.749988712732662}, "datetime": {"datetime": "2025-05-17 09:40:33", "elapsed": 4398.791667, "delta": 12.533104}}
{"target": 5.4131219740716245, "params": {"x0": 0.8, "x1": 0.9, "x2": 3.1799116954839706, "x3": 9.274516355099613e-18, "x4": 1.7110077963815329, "x5": 2.160152360276774e-18, "x6": 3.5942736073204546, "x7": 14.463175723016253, "x8": 1.2812589236923715, "x9": 2.749988712732662}, "datetime": {"datetime": "2025-05-17 09:40:45", "elapsed": 4410.827288, "delta": 12.035621}}
{"target": 5.4131219740716245, "params": {"x0": 0.8, "x1": 0.9, "x2": 3.1799116954839706, "x3": 8.097424501393724e-19, "x4": 1.7110077963815329, "x5": 1.7655382630267977e-18, "x6": 3.5942736073204546, "x7": 14.463175723016253, "x8": 1.2812589236923715, "x9": 2.749988712732662}, "datetime": {"datetime": "2025-05-17 09:40:56", "elapsed": 4422.649708, "delta": 11.82242}}
{"target": 5.4131219740716245, "params": {"x0": 0.8, "x1": 0.9, "x2": 3.1799116954839706, "x3": 8.080727056877113e-18, "x4": 1.7110077963815329, "x5": 1.823338807576041e-18, "x6": 3.5942736073204546, "x7": 14.463175723016253, "x8": 1.2812589236923715, "x9": 2.749988712732662}, "datetime": {"datetime": "2025-05-17 09:41:09", "elapsed": 4435.72387, "delta": 13.074162}}
{"target": 5.4131219740716245, "params": {"x0": 0.8, "x1": 0.9, "x2": 3.1799116954839706, "x3": 4.433863687971126e-18, "x4": 1.7110077963815329, "x5": 3.2785680874631015e-18, "x6": 3.5942736073204546, "x7": 14.463175723016253, "x8": 1.2812589236923715, "x9": 2.749988712732662}, "datetime": {"datetime": "2025-05-17 09:41:21", "elapsed": 4447.600062, "delta": 11.876192}}
{"target": 5.4131219740716245, "params": {"x0": 0.8, "x1": 0.9, "x2": 3.1799116954839706, "x3": 1.3438145767274038e-18, "x4": 1.7110077963815329, "x5": 1.631079051606033e-18, "x6": 3.5942736073204546, "x7": 14.463175723016253, "x8": 1.2812589236923715, "x9": 2.749988712732662}, "datetime": {"datetime": "2025-05-17 09:41:34", "elapsed": 4459.888892, "delta": 12.28883}}
{"target": 5.4131219740716245, "params": {"x0": 0.8, "x1": 0.9, "x2": 3.1799116954839706, "x3": 4.230587882599436e-19, "x4": 1.7110077963815329, "x5": 2.452949687503685e-19, "x6": 3.5942736073204546, "x7": 14.463175723016253, "x8": 1.2812589236923715, "x9": 2.749988712732662}, "datetime": {"datetime": "2025-05-17 09:41:46", "elapsed": 4471.89007, "delta": 12.001178}}
{"target": 5.4131219740716245, "params": {"x0": 0.8, "x1": 0.9, "x2": 3.1799116954839706, "x3": 2.321787962967542e-18, "x4": 1.7110077963815329, "x5": 3.4561698240746506e-18, "x6": 3.5942736073204546, "x7": 14.463175723016253, "x8": 1.2812589236923715, "x9": 2.749988712732662}, "datetime": {"datetime": "2025-05-17 09:41:57", "elapsed": 4483.659199, "delta": 11.769129}}
{"target": 5.4131219740716245, "params": {"x0": 0.8, "x1": 0.9, "x2": 3.1799116954839706, "x3": 1.239776572792194e-18, "x4": 1.7110077963815329, "x5": 5.148602344099476e-19, "x6": 3.5942736073204546, "x7": 14.463175723016253, "x8": 1.2812589236923715, "x9": 2.749988712732662}, "datetime": {"datetime": "2025-05-17 09:42:10", "elapsed": 4495.765756, "delta": 12.106557}}
{"target": 5.4131219740716245, "params": {"x0": 0.8, "x1": 0.9, "x2": 3.1799116954839706, "x3": 3.355442306077883e-18, "x4": 1.7110077963815329, "x5": 3.038014148044187e-18, "x6": 3.5942736073204546, "x7": 14.463175723016253, "x8": 1.2812589236923715, "x9": 2.749988712732662}, "datetime": {"datetime": "2025-05-17 09:42:22", "elapsed": 4507.919414, "delta": 12.153658}}
{"target": 5.4131219740716245, "params": {"x0": 0.8, "x1": 0.9, "x2": 3.1799116954839706, "x3": 2.390049049215984e-19, "x4": 1.7110077963815329, "x5": 1.867893378393413e-18, "x6": 3.5942736073204546, "x7": 14.463175723016253, "x8": 1.2812589236923715, "x9": 2.749988712732662}, "datetime": {"datetime": "2025-05-17 09:42:35", "elapsed": 4520.754452, "delta": 12.835038}}
{"target": 5.4131219740716245, "params": {"x0": 0.8, "x1": 0.9, "x2": 3.1799116954839706, "x3": 2.3481268830204482e-18, "x4": 1.7110077963815329, "x5": 5.963940792679846e-19, "x6": 3.5942736073204546, "x7": 14.463175723016253, "x8": 1.2812589236923715, "x9": 2.749988712732662}, "datetime": {"datetime": "2025-05-17 09:42:47", "elapsed": 4532.934019, "delta": 12.179567}}
{"target": 5.4131219740716245, "params": {"x0": 0.8, "x1": 0.9, "x2": 3.1799116954839706, "x3": 2.985635737849704e-18, "x4": 1.7110077963815329, "x5": 7.264377952959129e-19, "x6": 3.5942736073204546, "x7": 14.463175723016253, "x8": 1.2812589236923715, "x9": 2.749988712732662}, "datetime": {"datetime": "2025-05-17 09:42:59", "elapsed": 4545.068073, "delta": 12.134054}}
{"target": 5.4131219740716245, "params": {"x0": 0.8, "x1": 0.9, "x2": 3.1799116954839706, "x3": 4.8932100920441125e-19, "x4": 1.7110077963815329, "x5": 7.059128185866917e-19, "x6": 3.5942736073204546, "x7": 14.463175723016253, "x8": 1.2812589236923715, "x9": 2.749988712732662}, "datetime": {"datetime": "2025-05-17 09:43:10", "elapsed": 4556.654923, "delta": 11.58685}}
{"target": 5.4131219740716245, "params": {"x0": 0.8, "x1": 0.9, "x2": 3.1799116954839706, "x3": 2.35010978463637e-18, "x4": 1.7110077963815329, "x5": 8.475096422251678e-19, "x6": 3.5942736073204546, "x7": 14.463175723016253, "x8": 1.2812589236923715, "x9": 2.749988712732662}, "datetime": {"datetime": "2025-05-17 09:43:23", "elapsed": 4569.252074, "delta": 12.597151}}
{"target": 5.4131219740716245, "params": {"x0": 0.8, "x1": 0.9, "x2": 3.1799116954839706, "x3": 7.833295010361116e-19, "x4": 1.7110077963815329, "x5": 4.814745556211404e-19, "x6": 3.5942736073204546, "x7": 14.463175723016253, "x8": 1.2812589236923715, "x9": 2.749988712732662}, "datetime": {"datetime": "2025-05-17 09:43:35", "elapsed": 4581.128919, "delta": 11.876845}}
{"target": 5.4131219740716245, "params": {"x0": 0.8, "x1": 0.9, "x2": 3.1799116954839706, "x3": 9.670753391085166e-19, "x4": 1.7110077963815329, "x5": 5.423237107115446e-19, "x6": 3.5942736073204546, "x7": 14.463175723016253, "x8": 1.2812589236923715, "x9": 2.749988712732662}, "datetime": {"datetime": "2025-05-17 09:43:48", "elapsed": 4594.223841, "delta": 13.094922}}
{"target": 5.4131219740716245, "params": {"x0": 0.8, "x1": 0.9, "x2": 3.1799116954839706, "x3": 3.838238869236831e-19, "x4": 1.7110077963815329, "x5": 7.84091887986312e-19, "x6": 3.5942736073204546, "x7": 14.463175723016253, "x8": 1.2812589236923715, "x9": 2.749988712732662}, "datetime": {"datetime": "2025-05-17 09:44:00", "elapsed": 4606.587488, "delta": 12.363647}}
{"target": 5.4131219740716245, "params": {"x0": 0.8, "x1": 0.9, "x2": 3.1799116954839706, "x3": 4.246164455864343e-19, "x4": 1.7110077963815329, "x5": 9.724104798339198e-19, "x6": 3.5942736073204546, "x7": 14.463175723016253, "x8": 1.2812589236923715, "x9": 2.749988712732662}, "datetime": {"datetime": "2025-05-17 09:44:14", "elapsed": 4619.756015, "delta": 13.168527}}
{"target": 5.4131219740716245, "params": {"x0": 0.8, "x1": 0.9, "x2": 3.1799116954839706, "x3": 1.1330818651651181e-18, "x4": 1.7110077963815329, "x5": 6.409664354986803e-19, "x6": 3.5942736073204546, "x7": 14.463175723016253, "x8": 1.2812589236923715, "x9": 2.749988712732662}, "datetime": {"datetime": "2025-05-17 09:44:25", "elapsed": 4631.419387, "delta": 11.663372}}
{"target": 5.4131219740716245, "params": {"x0": 0.8, "x1": 0.9, "x2": 3.1799116954839706, "x3": 9.384327108191055e-19, "x4": 1.7110077963815329, "x5": 8.78468826854433e-19, "x6": 3.5942736073204546, "x7": 14.463175723016253, "x8": 1.2812589236923715, "x9": 2.749988712732662}, "datetime": {"datetime": "2025-05-17 09:44:38", "elapsed": 4643.988684, "delta": 12.569297}}
{"target": 5.4131219740716245, "params": {"x0": 0.8, "x1": 0.9, "x2": 3.1799116954839706, "x3": 7.684504100613631e-19, "x4": 1.7110077963815329, "x5": 4.740560259479232e-19, "x6": 3.5942736073204546, "x7": 14.463175723016253, "x8": 1.2812589236923715, "x9": 2.749988712732662}, "datetime": {"datetime": "2025-05-17 09:44:50", "elapsed": 4656.222007, "delta": 12.233323}}
{"target": 5.4131219740716245, "params": {"x0": 0.8, "x1": 0.9, "x2": 3.1799116954839706, "x3": 1.055586727198983e-18, "x4": 1.7110077963815329, "x5": 1.1728380799526192e-19, "x6": 3.5942736073204546, "x7": 14.463175723016253, "x8": 1.2812589236923715, "x9": 2.749988712732662}, "datetime": {"datetime": "2025-05-17 09:45:02", "elapsed": 4668.610082, "delta": 12.388075}}
{"target": 5.4131219740716245, "params": {"x0": 0.8, "x1": 0.9, "x2": 3.1799116954839706, "x3": 5.128763460707146e-19, "x4": 1.7110077963815329, "x5": 5.33063352503102e-19, "x6": 3.5942736073204546, "x7": 14.463175723016253, "x8": 1.2812589236923715, "x9": 2.749988712732662}, "datetime": {"datetime": "2025-05-17 09:45:15", "elapsed": 4681.176469, "delta": 12.566387}}
{"target": 5.4131219740716245, "params": {"x0": 0.8, "x1": 0.9, "x2": 3.1799116954839706, "x3": 4.887937811089944e-19, "x4": 1.7110077963815329, "x5": 4.7883414033434975e-19, "x6": 3.5942736073204546, "x7": 14.463175723016253, "x8": 1.2812589236923715, "x9": 2.749988712732662}, "datetime": {"datetime": "2025-05-17 09:45:27", "elapsed": 4693.640087, "delta": 12.463618}}
{"target": 5.4131219740716245, "params": {"x0": 0.8, "x1": 0.9, "x2": 3.1799116954839706, "x3": 7.359325329951889e-20, "x4": 1.7110077963815329, "x5": 6.789552101587329e-20, "x6": 3.5942736073204546, "x7": 14.463175723016253, "x8": 1.2812589236923715, "x9": 2.749988712732662}, "datetime": {"datetime": "2025-05-17 09:45:40", "elapsed": 4706.539113, "delta": 12.899026}}
{"target": 5.4131219740716245, "params": {"x0": 0.8, "x1": 0.9, "x2": 3.1799116954839706, "x3": 2.442921176916317e-19, "x4": 1.7110077963815329, "x5": 4.600729521488287e-19, "x6": 3.5942736073204546, "x7": 14.463175723016253, "x8": 1.2812589236923715, "x9": 2.749988712732662}, "datetime": {"datetime": "2025-05-17 09:45:54", "elapsed": 4720.003872, "delta": 13.464759}}
{"target": 5.4131219740716245, "params": {"x0": 0.8, "x1": 0.9, "x2": 3.1799116954839706, "x3": 3.203418770663277e-19, "x4": 1.7110077963815329, "x5": 3.2827862929208126e-19, "x6": 3.5942736073204546, "x7": 14.463175723016253, "x8": 1.2812589236923715, "x9": 2.749988712732662}, "datetime": {"datetime": "2025-05-17 09:46:06", "elapsed": 4732.251174, "delta": 12.247302}}
{"target": 5.4131219740716245, "params": {"x0": 0.8, "x1": 0.9, "x2": 3.1799116954839706, "x3": 4.172964925685017e-19, "x4": 1.7110077963815329, "x5": 3.7570029578664994e-19, "x6": 3.5942736073204546, "x7": 14.463175723016253, "x8": 1.2812589236923715, "x9": 2.749988712732662}, "datetime": {"datetime": "2025-05-17 09:46:19", "elapsed": 4745.194393, "delta": 12.943219}}
{"target": 5.4131219740716245, "params": {"x0": 0.8, "x1": 0.9, "x2": 3.1799116954839706, "x3": 3.7421943381376474e-19, "x4": 1.7110077963815329, "x5": 2.2975021867503853e-19, "x6": 3.5942736073204546, "x7": 14.463175723016253, "x8": 1.2812589236923715, "x9": 2.749988712732662}, "datetime": {"datetime": "2025-05-17 09:46:31", "elapsed": 4757.042356, "delta": 11.847963}}
{"target": 5.4131219740716245, "params": {"x0": 0.8, "x1": 0.9, "x2": 3.1799116954839706, "x3": 3.22249385446142e-19, "x4": 1.7110077963815329, "x5": 1.8109411463191445e-19, "x6": 3.5942736073204546, "x7": 14.463175723016253, "x8": 1.2812589236923715, "x9": 2.749988712732662}, "datetime": {"datetime": "2025-05-17 09:46:43", "elapsed": 4769.056779, "delta": 12.014423}}
{"target": 5.4131219740716245, "params": {"x0": 0.8, "x1": 0.9, "x2": 3.1799116954839706, "x3": 3.700812387704458e-19, "x4": 1.7110077963815329, "x5": 6.172835149192575e-20, "x6": 3.5942736073204546, "x7": 14.463175723016253, "x8": 1.2812589236923715, "x9": 2.749988712732662}, "datetime": {"datetime": "2025-05-17 09:46:56", "elapsed": 4781.730445, "delta": 12.673666}}
{"target": 5.4131219740716245, "params": {"x0": 0.8, "x1": 0.9, "x2": 3.1799116954839706, "x3": 1.1123024344599817e-19, "x4": 1.7110077963815329, "x5": 8.388699571455442e-20, "x6": 3.5942736073204546, "x7": 14.463175723016253, "x8": 1.2812589236923715, "x9": 2.749988712732662}, "datetime": {"datetime": "2025-05-17 09:47:08", "elapsed": 4794.348677, "delta": 12.618232}}
{"target": 5.4131219740716245, "params": {"x0": 0.8, "x1": 0.9, "x2": 3.1799116954839706, "x3": 3.266118395675759e-19, "x4": 1.7110077963815329, "x5": 2.1093421754693928e-19, "x6": 3.5942736073204546, "x7": 14.463175723016253, "x8": 1.2812589236923715, "x9": 2.749988712732662}, "datetime": {"datetime": "2025-05-17 09:47:21", "elapsed": 4807.593046, "delta": 13.244369}}
