{"target": 5.4131219740716245, "params": {"x0": 0.8, "x1": 0.9, "x2": 3.1799116954839706, "x3": 2.5720428991865515e-55, "x4": 1.7110077963815329, "x5": 4.8838602508185516e-55, "x6": 3.5942736073204546, "x7": 14.463175723016253, "x8": 1.2812589236923715, "x9": 2.749988712732662}, "datetime": {"datetime": "2025-05-17 15:07:28", "elapsed": 24013.780271, "delta": 42.160025}}
{"target": 5.4131219740716245, "params": {"x0": 0.8, "x1": 0.9, "x2": 3.1799116954839706, "x3": 9.26947541993545e-55, "x4": 1.7110077963815329, "x5": 1.1620031691836458e-54, "x6": 3.5942736073204546, "x7": 14.463175723016253, "x8": 1.2812589236923715, "x9": 2.749988712732662}, "datetime": {"datetime": "2025-05-17 15:08:12", "elapsed": 24058.583385, "delta": 44.803114}}
{"target": 5.4131219740716245, "params": {"x0": 0.8, "x1": 0.9, "x2": 3.1799116954839706, "x3": 1.042685529219224e-54, "x4": 1.7110077963815329, "x5": 1.2577444473843154e-54, "x6": 3.5942736073204546, "x7": 14.463175723016253, "x8": 1.2812589236923715, "x9": 2.749988712732662}, "datetime": {"datetime": "2025-05-17 15:08:51", "elapsed": 24096.968033, "delta": 38.384648}}
{"target": 5.4131219740716245, "params": {"x0": 0.8, "x1": 0.9, "x2": 3.1799116954839706, "x3": 1.4805407007098354e-54, "x4": 1.7110077963815329, "x5": 1.149129870759536e-54, "x6": 3.5942736073204546, "x7": 14.463175723016253, "x8": 1.2812589236923715, "x9": 2.749988712732662}, "datetime": {"datetime": "2025-05-17 15:09:37", "elapsed": 24143.615292, "delta": 46.647259}}
{"target": 5.4131219740716245, "params": {"x0": 0.8, "x1": 0.9, "x2": 3.1799116954839706, "x3": 1.1485833215801945e-54, "x4": 1.7110077963815329, "x5": 2.4812358077216367e-55, "x6": 3.5942736073204546, "x7": 14.463175723016253, "x8": 1.2812589236923715, "x9": 2.749988712732662}, "datetime": {"datetime": "2025-05-17 15:10:11", "elapsed": 24177.643005, "delta": 34.027713}}
{"target": 5.4131219740716245, "params": {"x0": 0.8, "x1": 0.9, "x2": 3.1799116954839706, "x3": 9.701125490377445e-55, "x4": 1.7110077963815329, "x5": 5.1932338961768956e-55, "x6": 3.5942736073204546, "x7": 14.463175723016253, "x8": 1.2812589236923715, "x9": 2.749988712732662}, "datetime": {"datetime": "2025-05-17 15:11:04", "elapsed": 24230.676593, "delta": 53.033588}}
{"target": 5.4131219740716245, "params": {"x0": 0.8, "x1": 0.9, "x2": 3.1799116954839706, "x3": 4.534535707762691e-56, "x4": 1.7110077963815329, "x5": 4.291674055120725e-55, "x6": 3.5942736073204546, "x7": 14.463175723016253, "x8": 1.2812589236923715, "x9": 2.749988712732662}, "datetime": {"datetime": "2025-05-17 15:11:47", "elapsed": 24273.059541, "delta": 42.382948}}
{"target": 5.4131219740716245, "params": {"x0": 0.8, "x1": 0.9, "x2": 3.1799116954839706, "x3": 3.1329557088107326e-55, "x4": 1.7110077963815329, "x5": 4.827210899964603e-55, "x6": 3.5942736073204546, "x7": 14.463175723016253, "x8": 1.2812589236923715, "x9": 2.749988712732662}, "datetime": {"datetime": "2025-05-17 15:12:32", "elapsed": 24318.453818, "delta": 45.394277}}
{"target": 5.4131219740716245, "params": {"x0": 0.8, "x1": 0.9, "x2": 3.1799116954839706, "x3": 9.531877341960313e-55, "x4": 1.7110077963815329, "x5": 4.298811096347151e-55, "x6": 3.5942736073204546, "x7": 14.463175723016253, "x8": 1.2812589236923715, "x9": 2.749988712732662}, "datetime": {"datetime": "2025-05-17 15:13:13", "elapsed": 24359.652784, "delta": 41.198966}}
{"target": 5.4131219740716245, "params": {"x0": 0.8, "x1": 0.9, "x2": 3.1799116954839706, "x3": 3.042674891161529e-55, "x4": 1.7110077963815329, "x5": 4.0810619684307296e-55, "x6": 3.5942736073204546, "x7": 14.463175723016253, "x8": 1.2812589236923715, "x9": 2.749988712732662}, "datetime": {"datetime": "2025-05-17 15:13:56", "elapsed": 24401.915611, "delta": 42.262827}}
{"target": 5.4131219740716245, "params": {"x0": 0.8, "x1": 0.9, "x2": 3.1799116954839706, "x3": 5.821975455980001e-55, "x4": 1.7110077963815329, "x5": 2.9767497946994924e-55, "x6": 3.5942736073204546, "x7": 14.463175723016253, "x8": 1.2812589236923715, "x9": 2.749988712732662}, "datetime": {"datetime": "2025-05-17 15:14:45", "elapsed": 24450.856077, "delta": 48.940466}}
{"target": 5.4131219740716245, "params": {"x0": 0.8, "x1": 0.9, "x2": 3.1799116954839706, "x3": 2.9084737921970385e-55, "x4": 1.7110077963815329, "x5": 3.4355819620440095e-55, "x6": 3.5942736073204546, "x7": 14.463175723016253, "x8": 1.2812589236923715, "x9": 2.749988712732662}, "datetime": {"datetime": "2025-05-17 15:15:23", "elapsed": 24489.484697, "delta": 38.62862}}
{"target": 5.4131219740716245, "params": {"x0": 0.8, "x1": 0.9, "x2": 3.1799116954839706, "x3": 2.703150911914579e-55, "x4": 1.7110077963815329, "x5": 1.40140285953544e-55, "x6": 3.5942736073204546, "x7": 14.463175723016253, "x8": 1.2812589236923715, "x9": 2.749988712732662}, "datetime": {"datetime": "2025-05-17 15:16:03", "elapsed": 24529.178406, "delta": 39.693709}}
{"target": 5.4131219740716245, "params": {"x0": 0.8, "x1": 0.9, "x2": 3.1799116954839706, "x3": 3.802371458378459e-55, "x4": 1.7110077963815329, "x5": 8.768146096090137e-57, "x6": 3.5942736073204546, "x7": 14.463175723016253, "x8": 1.2812589236923715, "x9": 2.749988712732662}, "datetime": {"datetime": "2025-05-17 15:16:41", "elapsed": 24567.561009, "delta": 38.382603}}
{"target": 5.4131219740716245, "params": {"x0": 0.8, "x1": 0.9, "x2": 3.1799116954839706, "x3": 5.217664632889202e-55, "x4": 1.7110077963815329, "x5": 3.0595904388495272e-55, "x6": 3.5942736073204546, "x7": 14.463175723016253, "x8": 1.2812589236923715, "x9": 2.749988712732662}, "datetime": {"datetime": "2025-05-17 15:17:26", "elapsed": 24612.189954, "delta": 44.628945}}
{"target": 5.4131219740716245, "params": {"x0": 0.8, "x1": 0.9, "x2": 3.1799116954839706, "x3": 4.966443872875081e-56, "x4": 1.7110077963815329, "x5": 2.89818474457123e-55, "x6": 3.5942736073204546, "x7": 14.463175723016253, "x8": 1.2812589236923715, "x9": 2.749988712732662}, "datetime": {"datetime": "2025-05-17 15:18:18", "elapsed": 24663.968166, "delta": 51.778212}}
{"target": 5.4131219740716245, "params": {"x0": 0.8, "x1": 0.9, "x2": 3.1799116954839706, "x3": 3.2799413683927724e-55, "x4": 1.7110077963815329, "x5": 2.9670988105090956e-55, "x6": 3.5942736073204546, "x7": 14.463175723016253, "x8": 1.2812589236923715, "x9": 2.749988712732662}, "datetime": {"datetime": "2025-05-17 15:19:05", "elapsed": 24711.31456, "delta": 47.346394}}
{"target": 5.4131219740716245, "params": {"x0": 0.8, "x1": 0.9, "x2": 3.1799116954839706, "x3": 4.266631928831022e-56, "x4": 1.7110077963815329, "x5": 1.885525201931128e-55, "x6": 3.5942736073204546, "x7": 14.463175723016253, "x8": 1.2812589236923715, "x9": 2.749988712732662}, "datetime": {"datetime": "2025-05-17 15:19:44", "elapsed": 24749.886959, "delta": 38.572399}}
{"target": 5.4131219740716245, "params": {"x0": 0.8, "x1": 0.9, "x2": 3.1799116954839706, "x3": 9.442108174354469e-56, "x4": 1.7110077963815329, "x5": 1.8253534236927795e-56, "x6": 3.5942736073204546, "x7": 14.463175723016253, "x8": 1.2812589236923715, "x9": 2.749988712732662}, "datetime": {"datetime": "2025-05-17 15:20:17", "elapsed": 24783.680129, "delta": 33.79317}}
{"target": 5.4131219740716245, "params": {"x0": 0.8, "x1": 0.9, "x2": 3.1799116954839706, "x3": 1.1055495300691103e-55, "x4": 1.7110077963815329, "x5": 5.236965041924515e-56, "x6": 3.5942736073204546, "x7": 14.463175723016253, "x8": 1.2812589236923715, "x9": 2.749988712732662}, "datetime": {"datetime": "2025-05-17 15:20:58", "elapsed": 24824.685294, "delta": 41.005165}}
{"target": 5.4131219740716245, "params": {"x0": 0.8, "x1": 0.9, "x2": 3.1799116954839706, "x3": 1.7248579707311174e-55, "x4": 1.7110077963815329, "x5": 1.5462392178118586e-55, "x6": 3.5942736073204546, "x7": 14.463175723016253, "x8": 1.2812589236923715, "x9": 2.749988712732662}, "datetime": {"datetime": "2025-05-17 15:21:36", "elapsed": 24862.510898, "delta": 37.825604}}
{"target": 5.4131219740716245, "params": {"x0": 0.8, "x1": 0.9, "x2": 3.1799116954839706, "x3": 1.975441805087845e-55, "x4": 1.7110077963815329, "x5": 5.798686950941682e-56, "x6": 3.5942736073204546, "x7": 14.463175723016253, "x8": 1.2812589236923715, "x9": 2.749988712732662}, "datetime": {"datetime": "2025-05-17 15:22:20", "elapsed": 24906.245066, "delta": 43.734168}}
{"target": 5.4131219740716245, "params": {"x0": 0.8, "x1": 0.9, "x2": 3.1799116954839706, "x3": 1.754744821041214e-55, "x4": 1.7110077963815329, "x5": 4.5796662628200375e-56, "x6": 3.5942736073204546, "x7": 14.463175723016253, "x8": 1.2812589236923715, "x9": 2.749988712732662}, "datetime": {"datetime": "2025-05-17 15:23:23", "elapsed": 24968.937263, "delta": 62.692197}}
{"target": 5.4131219740716245, "params": {"x0": 0.8, "x1": 0.9, "x2": 3.1799116954839706, "x3": 8.572097306222241e-56, "x4": 1.7110077963815329, "x5": 3.23262716449473e-56, "x6": 3.5942736073204546, "x7": 14.463175723016253, "x8": 1.2812589236923715, "x9": 2.749988712732662}, "datetime": {"datetime": "2025-05-17 15:24:18", "elapsed": 25024.338486, "delta": 55.401223}}
{"target": 5.4131219740716245, "params": {"x0": 0.8, "x1": 0.9, "x2": 3.1799116954839706, "x3": 5.734254020391323e-56, "x4": 1.7110077963815329, "x5": 1.2763788494858434e-55, "x6": 3.5942736073204546, "x7": 14.463175723016253, "x8": 1.2812589236923715, "x9": 2.749988712732662}, "datetime": {"datetime": "2025-05-17 15:25:00", "elapsed": 25066.645377, "delta": 42.306891}}
{"target": 5.4131219740716245, "params": {"x0": 0.8, "x1": 0.9, "x2": 3.1799116954839706, "x3": 1.997852111851166e-56, "x4": 1.7110077963815329, "x5": 5.697977733905627e-56, "x6": 3.5942736073204546, "x7": 14.463175723016253, "x8": 1.2812589236923715, "x9": 2.749988712732662}, "datetime": {"datetime": "2025-05-17 15:25:52", "elapsed": 25118.310614, "delta": 51.665237}}
{"target": 5.4131219740716245, "params": {"x0": 0.8, "x1": 0.9, "x2": 3.1799116954839706, "x3": 1.1829154557580831e-55, "x4": 1.7110077963815329, "x5": 1.4704282647866569e-56, "x6": 3.5942736073204546, "x7": 14.463175723016253, "x8": 1.2812589236923715, "x9": 2.749988712732662}, "datetime": {"datetime": "2025-05-17 15:26:29", "elapsed": 25155.561959, "delta": 37.251345}}
{"target": 5.4131219740716245, "params": {"x0": 0.8, "x1": 0.9, "x2": 3.1799116954839706, "x3": 7.760787784083804e-56, "x4": 1.7110077963815329, "x5": 7.023488335546676e-56, "x6": 3.5942736073204546, "x7": 14.463175723016253, "x8": 1.2812589236923715, "x9": 2.749988712732662}, "datetime": {"datetime": "2025-05-17 15:27:09", "elapsed": 25195.112223, "delta": 39.550264}}
{"target": 5.4131219740716245, "params": {"x0": 0.8, "x1": 0.9, "x2": 3.1799116954839706, "x3": 1.0232459893551033e-55, "x4": 1.7110077963815329, "x5": 5.401251252564177e-56, "x6": 3.5942736073204546, "x7": 14.463175723016253, "x8": 1.2812589236923715, "x9": 2.749988712732662}, "datetime": {"datetime": "2025-05-17 15:27:52", "elapsed": 25237.8643, "delta": 42.752077}}
{"target": 5.4131219740716245, "params": {"x0": 0.8, "x1": 0.9, "x2": 3.1799116954839706, "x3": 1.1067908946833894e-55, "x4": 1.7110077963815329, "x5": 3.9373008322158085e-56, "x6": 3.5942736073204546, "x7": 14.463175723016253, "x8": 1.2812589236923715, "x9": 2.749988712732662}, "datetime": {"datetime": "2025-05-17 15:28:29", "elapsed": 25274.75473, "delta": 36.89043}}
{"target": 5.4131219740716245, "params": {"x0": 0.8, "x1": 0.9, "x2": 3.1799116954839706, "x3": 1.0054143169137251e-55, "x4": 1.7110077963815329, "x5": 1.8820607876643443e-56, "x6": 3.5942736073204546, "x7": 14.463175723016253, "x8": 1.2812589236923715, "x9": 2.749988712732662}, "datetime": {"datetime": "2025-05-17 15:29:09", "elapsed": 25314.950021, "delta": 40.195291}}
{"target": 5.4131219740716245, "params": {"x0": 0.8, "x1": 0.9, "x2": 3.1799116954839706, "x3": 7.027223160299565e-56, "x4": 1.7110077963815329, "x5": 1.7546985526973185e-56, "x6": 3.5942736073204546, "x7": 14.463175723016253, "x8": 1.2812589236923715, "x9": 2.749988712732662}, "datetime": {"datetime": "2025-05-17 15:29:54", "elapsed": 25359.965259, "delta": 45.015238}}
{"target": 5.4131219740716245, "params": {"x0": 0.8, "x1": 0.9, "x2": 3.1799116954839706, "x3": 7.31029745805548e-56, "x4": 1.7110077963815329, "x5": 4.460879661490361e-56, "x6": 3.5942736073204546, "x7": 14.463175723016253, "x8": 1.2812589236923715, "x9": 2.749988712732662}, "datetime": {"datetime": "2025-05-17 15:30:44", "elapsed": 25410.506327, "delta": 50.541068}}
{"target": 5.4131219740716245, "params": {"x0": 0.8, "x1": 0.9, "x2": 3.1799116954839706, "x3": 6.526102001287006e-57, "x4": 1.7110077963815329, "x5": 2.585721065065768e-56, "x6": 3.5942736073204546, "x7": 14.463175723016253, "x8": 1.2812589236923715, "x9": 2.749988712732662}, "datetime": {"datetime": "2025-05-17 15:31:31", "elapsed": 25457.327169, "delta": 46.820842}}
{"target": 5.4131219740716245, "params": {"x0": 0.8, "x1": 0.9, "x2": 3.1799116954839706, "x3": 1.3649327548007343e-57, "x4": 1.7110077963815329, "x5": 8.367935933363077e-57, "x6": 3.5942736073204546, "x7": 14.463175723016253, "x8": 1.2812589236923715, "x9": 2.749988712732662}, "datetime": {"datetime": "2025-05-17 15:32:18", "elapsed": 25504.469059, "delta": 47.14189}}
{"target": 5.4131219740716245, "params": {"x0": 0.8, "x1": 0.9, "x2": 3.1799116954839706, "x3": 2.6224168196693324e-56, "x4": 1.7110077963815329, "x5": 6.004501037968447e-57, "x6": 3.5942736073204546, "x7": 14.463175723016253, "x8": 1.2812589236923715, "x9": 2.749988712732662}, "datetime": {"datetime": "2025-05-17 15:33:03", "elapsed": 25549.025099, "delta": 44.55604}}
{"target": 5.4131219740716245, "params": {"x0": 0.8, "x1": 0.9, "x2": 3.1799116954839706, "x3": 1.277392443466603e-56, "x4": 1.7110077963815329, "x5": 3.8847624028968793e-56, "x6": 3.5942736073204546, "x7": 14.463175723016253, "x8": 1.2812589236923715, "x9": 2.749988712732662}, "datetime": {"datetime": "2025-05-17 15:33:57", "elapsed": 25602.785893, "delta": 53.760794}}
{"target": 5.4131219740716245, "params": {"x0": 0.8, "x1": 0.9, "x2": 3.1799116954839706, "x3": 1.6074040607848317e-56, "x4": 1.7110077963815329, "x5": 1.9517630338471934e-56, "x6": 3.5942736073204546, "x7": 14.463175723016253, "x8": 1.2812589236923715, "x9": 2.749988712732662}, "datetime": {"datetime": "2025-05-17 15:34:34", "elapsed": 25640.566975, "delta": 37.781082}}
{"target": 5.4131219740716245, "params": {"x0": 0.8, "x1": 0.9, "x2": 3.1799116954839706, "x3": 4.172889776223613e-56, "x4": 1.7110077963815329, "x5": 2.093531253182835e-56, "x6": 3.5942736073204546, "x7": 14.463175723016253, "x8": 1.2812589236923715, "x9": 2.749988712732662}, "datetime": {"datetime": "2025-05-17 15:35:20", "elapsed": 25685.736624, "delta": 45.169649}}
{"target": 5.4131219740716245, "params": {"x0": 0.8, "x1": 0.9, "x2": 3.1799116954839706, "x3": 6.732763541801368e-57, "x4": 1.7110077963815329, "x5": 2.6129544841719805e-57, "x6": 3.5942736073204546, "x7": 14.463175723016253, "x8": 1.2812589236923715, "x9": 2.749988712732662}, "datetime": {"datetime": "2025-05-17 15:36:04", "elapsed": 25730.533812, "delta": 44.797188}}
{"target": 5.4131219740716245, "params": {"x0": 0.8, "x1": 0.9, "x2": 3.1799116954839706, "x3": 1.1344578660473028e-56, "x4": 1.7110077963815329, "x5": 9.34688353770585e-57, "x6": 3.5942736073204546, "x7": 14.463175723016253, "x8": 1.2812589236923715, "x9": 2.749988712732662}, "datetime": {"datetime": "2025-05-17 15:36:51", "elapsed": 25776.950558, "delta": 46.416746}}
{"target": 5.4131219740716245, "params": {"x0": 0.8, "x1": 0.9, "x2": 3.1799116954839706, "x3": 3.376544144243139e-57, "x4": 1.7110077963815329, "x5": 1.588924814758635e-56, "x6": 3.5942736073204546, "x7": 14.463175723016253, "x8": 1.2812589236923715, "x9": 2.749988712732662}, "datetime": {"datetime": "2025-05-17 15:37:40", "elapsed": 25826.124403, "delta": 49.173845}}
{"target": 5.4131219740716245, "params": {"x0": 0.8, "x1": 0.9, "x2": 3.1799116954839706, "x3": 8.354913799725793e-57, "x4": 1.7110077963815329, "x5": 1.8570174800643813e-56, "x6": 3.5942736073204546, "x7": 14.463175723016253, "x8": 1.2812589236923715, "x9": 2.749988712732662}, "datetime": {"datetime": "2025-05-17 15:38:32", "elapsed": 25877.803415, "delta": 51.679012}}
{"target": 5.4131219740716245, "params": {"x0": 0.8, "x1": 0.9, "x2": 3.1799116954839706, "x3": 1.6110540683257346e-56, "x4": 1.7110077963815329, "x5": 1.761769623042883e-57, "x6": 3.5942736073204546, "x7": 14.463175723016253, "x8": 1.2812589236923715, "x9": 2.749988712732662}, "datetime": {"datetime": "2025-05-17 15:39:13", "elapsed": 25919.205444, "delta": 41.402029}}
{"target": 5.4131219740716245, "params": {"x0": 0.8, "x1": 0.9, "x2": 3.1799116954839706, "x3": 1.355864541230553e-57, "x4": 1.7110077963815329, "x5": 1.7055242474678376e-56, "x6": 3.5942736073204546, "x7": 14.463175723016253, "x8": 1.2812589236923715, "x9": 2.749988712732662}, "datetime": {"datetime": "2025-05-17 15:40:00", "elapsed": 25966.208099, "delta": 47.002655}}
{"target": 5.4131219740716245, "params": {"x0": 0.8, "x1": 0.9, "x2": 3.1799116954839706, "x3": 1.8590652135093947e-56, "x4": 1.7110077963815329, "x5": 1.2825081305318578e-56, "x6": 3.5942736073204546, "x7": 14.463175723016253, "x8": 1.2812589236923715, "x9": 2.749988712732662}, "datetime": {"datetime": "2025-05-17 15:40:39", "elapsed": 26005.152133, "delta": 38.944034}}
{"target": 5.4131219740716245, "params": {"x0": 0.8, "x1": 0.9, "x2": 3.1799116954839706, "x3": 1.03085803624405e-56, "x4": 1.7110077963815329, "x5": 6.645781258161801e-57, "x6": 3.5942736073204546, "x7": 14.463175723016253, "x8": 1.2812589236923715, "x9": 2.749988712732662}, "datetime": {"datetime": "2025-05-17 15:41:17", "elapsed": 26042.796584, "delta": 37.644451}}
{"target": 5.4131219740716245, "params": {"x0": 0.8, "x1": 0.9, "x2": 3.1799116954839706, "x3": 1.939515120041621e-57, "x4": 1.7110077963815329, "x5": 5.201883375654383e-57, "x6": 3.5942736073204546, "x7": 14.463175723016253, "x8": 1.2812589236923715, "x9": 2.749988712732662}, "datetime": {"datetime": "2025-05-17 15:41:56", "elapsed": 26082.093901, "delta": 39.297317}}
{"target": 5.4131219740716245, "params": {"x0": 0.8, "x1": 0.9, "x2": 3.1799116954839706, "x3": 1.5392975561319787e-56, "x4": 1.7110077963815329, "x5": 1.935440434899035e-58, "x6": 3.5942736073204546, "x7": 14.463175723016253, "x8": 1.2812589236923715, "x9": 2.749988712732662}, "datetime": {"datetime": "2025-05-17 15:42:44", "elapsed": 26130.523082, "delta": 48.429181}}
{"target": 5.4131219740716245, "params": {"x0": 0.8, "x1": 0.9, "x2": 3.1799116954839706, "x3": 1.3781287498248042e-56, "x4": 1.7110077963815329, "x5": 5.423082845631607e-57, "x6": 3.5942736073204546, "x7": 14.463175723016253, "x8": 1.2812589236923715, "x9": 2.749988712732662}, "datetime": {"datetime": "2025-05-17 15:43:21", "elapsed": 26167.289898, "delta": 36.766816}}
{"target": 5.4131219740716245, "params": {"x0": 0.8, "x1": 0.9, "x2": 3.1799116954839706, "x3": 1.3894502475732482e-57, "x4": 1.7110077963815329, "x5": 5.70614882773283e-57, "x6": 3.5942736073204546, "x7": 14.463175723016253, "x8": 1.2812589236923715, "x9": 2.749988712732662}, "datetime": {"datetime": "2025-05-17 15:43:59", "elapsed": 26205.052042, "delta": 37.762144}}
{"target": 5.4131219740716245, "params": {"x0": 0.8, "x1": 0.9, "x2": 3.1799116954839706, "x3": 3.0751013776522744e-57, "x4": 1.7110077963815329, "x5": 5.691053757421553e-57, "x6": 3.5942736073204546, "x7": 14.463175723016253, "x8": 1.2812589236923715, "x9": 2.749988712732662}, "datetime": {"datetime": "2025-05-17 15:44:48", "elapsed": 26254.602881, "delta": 49.550839}}
{"target": 5.4131219740716245, "params": {"x0": 0.8, "x1": 0.9, "x2": 3.1799116954839706, "x3": 4.881680141204266e-57, "x4": 1.7110077963815329, "x5": 1.4934593831563526e-57, "x6": 3.5942736073204546, "x7": 14.463175723016253, "x8": 1.2812589236923715, "x9": 2.749988712732662}, "datetime": {"datetime": "2025-05-17 15:45:27", "elapsed": 26293.562548, "delta": 38.959667}}
{"target": 5.4131219740716245, "params": {"x0": 0.8, "x1": 0.9, "x2": 3.1799116954839706, "x3": 2.2499771349110183e-57, "x4": 1.7110077963815329, "x5": 2.6120650776578773e-57, "x6": 3.5942736073204546, "x7": 14.463175723016253, "x8": 1.2812589236923715, "x9": 2.749988712732662}, "datetime": {"datetime": "2025-05-17 15:46:14", "elapsed": 26339.908095, "delta": 46.345547}}
{"target": 5.4131219740716245, "params": {"x0": 0.8, "x1": 0.9, "x2": 3.1799116954839706, "x3": 7.428503934704633e-57, "x4": 1.7110077963815329, "x5": 1.218745781200415e-57, "x6": 3.5942736073204546, "x7": 14.463175723016253, "x8": 1.2812589236923715, "x9": 2.749988712732662}, "datetime": {"datetime": "2025-05-17 15:46:58", "elapsed": 26384.06992, "delta": 44.161825}}
{"target": 5.4131219740716245, "params": {"x0": 0.8, "x1": 0.9, "x2": 3.1799116954839706, "x3": 2.2845976016186257e-57, "x4": 1.7110077963815329, "x5": 4.706178615345639e-57, "x6": 3.5942736073204546, "x7": 14.463175723016253, "x8": 1.2812589236923715, "x9": 2.749988712732662}, "datetime": {"datetime": "2025-05-17 15:47:36", "elapsed": 26421.82025, "delta": 37.75033}}
{"target": 5.4131219740716245, "params": {"x0": 0.8, "x1": 0.9, "x2": 3.1799116954839706, "x3": 4.198603253822713e-57, "x4": 1.7110077963815329, "x5": 3.324283321294823e-57, "x6": 3.5942736073204546, "x7": 14.463175723016253, "x8": 1.2812589236923715, "x9": 2.749988712732662}, "datetime": {"datetime": "2025-05-17 15:48:28", "elapsed": 26474.3079, "delta": 52.48765}}
{"target": 5.4131219740716245, "params": {"x0": 0.8, "x1": 0.9, "x2": 3.1799116954839706, "x3": 3.580488560346311e-57, "x4": 1.7110077963815329, "x5": 3.939350164965508e-58, "x6": 3.5942736073204546, "x7": 14.463175723016253, "x8": 1.2812589236923715, "x9": 2.749988712732662}, "datetime": {"datetime": "2025-05-17 15:49:15", "elapsed": 26520.738026, "delta": 46.430126}}
{"target": 5.4131219740716245, "params": {"x0": 0.8, "x1": 0.9, "x2": 3.1799116954839706, "x3": 3.314061985735067e-57, "x4": 1.7110077963815329, "x5": 2.9694712116292897e-57, "x6": 3.5942736073204546, "x7": 14.463175723016253, "x8": 1.2812589236923715, "x9": 2.749988712732662}, "datetime": {"datetime": "2025-05-17 15:49:56", "elapsed": 26561.734052, "delta": 40.996026}}
