{"target": 5.4131219740716245, "params": {"x0": 0.8, "x1": 0.9, "x2": 3.1799116954839706, "x3": 1.8160054211644494e-57, "x4": 1.7110077963815329, "x5": 1.043880261132322e-57, "x6": 3.5942736073204546, "x7": 14.463175723016253, "x8": 1.2812589236923715, "x9": 2.749988712732662}, "datetime": {"datetime": "2025-05-17 15:50:34", "elapsed": 26600.291193, "delta": 38.557141}}
{"target": 5.4131219740716245, "params": {"x0": 0.8, "x1": 0.9, "x2": 3.1799116954839706, "x3": 4.4935107674478676e-57, "x4": 1.7110077963815329, "x5": 9.827700983866329e-59, "x6": 3.5942736073204546, "x7": 14.463175723016253, "x8": 1.2812589236923715, "x9": 2.749988712732662}, "datetime": {"datetime": "2025-05-17 15:51:20", "elapsed": 26646.727233, "delta": 46.43604}}
{"target": 5.4131219740716245, "params": {"x0": 0.8, "x1": 0.9, "x2": 3.1799116954839706, "x3": 4.157872614736708e-58, "x4": 1.7110077963815329, "x5": 6.043901668975868e-59, "x6": 3.5942736073204546, "x7": 14.463175723016253, "x8": 1.2812589236923715, "x9": 2.749988712732662}, "datetime": {"datetime": "2025-05-17 15:52:03", "elapsed": 26689.677919, "delta": 42.950686}}
{"target": 5.4131219740716245, "params": {"x0": 0.8, "x1": 0.9, "x2": 3.1799116954839706, "x3": 3.514421856554976e-57, "x4": 1.7110077963815329, "x5": 1.576203739773076e-57, "x6": 3.5942736073204546, "x7": 14.463175723016253, "x8": 1.2812589236923715, "x9": 2.749988712732662}, "datetime": {"datetime": "2025-05-17 15:52:39", "elapsed": 26725.703484, "delta": 36.025565}}
{"target": 5.4131219740716245, "params": {"x0": 0.8, "x1": 0.9, "x2": 3.1799116954839706, "x3": 1.5592194600375732e-57, "x4": 1.7110077963815329, "x5": 1.3479691235137706e-57, "x6": 3.5942736073204546, "x7": 14.463175723016253, "x8": 1.2812589236923715, "x9": 2.749988712732662}, "datetime": {"datetime": "2025-05-17 15:53:26", "elapsed": 26772.31824, "delta": 46.614756}}
{"target": 5.4131219740716245, "params": {"x0": 0.8, "x1": 0.9, "x2": 3.1799116954839706, "x3": 1.4851908690702217e-57, "x4": 1.7110077963815329, "x5": 1.06318274297203e-57, "x6": 3.5942736073204546, "x7": 14.463175723016253, "x8": 1.2812589236923715, "x9": 2.749988712732662}, "datetime": {"datetime": "2025-05-17 15:54:13", "elapsed": 26819.388638, "delta": 47.070398}}
{"target": 5.4131219740716245, "params": {"x0": 0.8, "x1": 0.9, "x2": 3.1799116954839706, "x3": 2.6442984516038585e-57, "x4": 1.7110077963815329, "x5": 1.3269109949913935e-60, "x6": 3.5942736073204546, "x7": 14.463175723016253, "x8": 1.2812589236923715, "x9": 2.749988712732662}, "datetime": {"datetime": "2025-05-17 15:54:56", "elapsed": 26861.798181, "delta": 42.409543}}
{"target": 5.4131219740716245, "params": {"x0": 0.8, "x1": 0.9, "x2": 3.1799116954839706, "x3": 1.6614071859032538e-57, "x4": 1.7110077963815329, "x5": 1.3522439159316545e-57, "x6": 3.5942736073204546, "x7": 14.463175723016253, "x8": 1.2812589236923715, "x9": 2.749988712732662}, "datetime": {"datetime": "2025-05-17 15:55:39", "elapsed": 26905.647809, "delta": 43.849628}}
{"target": 5.4131219740716245, "params": {"x0": 0.8, "x1": 0.9, "x2": 3.1799116954839706, "x3": 1.1394766686893317e-58, "x4": 1.7110077963815329, "x5": 9.250005014945251e-58, "x6": 3.5942736073204546, "x7": 14.463175723016253, "x8": 1.2812589236923715, "x9": 2.749988712732662}, "datetime": {"datetime": "2025-05-17 15:56:22", "elapsed": 26948.202089, "delta": 42.55428}}
{"target": 5.4131219740716245, "params": {"x0": 0.8, "x1": 0.9, "x2": 3.1799116954839706, "x3": 3.6385139775971106e-59, "x4": 1.7110077963815329, "x5": 8.06031510791925e-58, "x6": 3.5942736073204546, "x7": 14.463175723016253, "x8": 1.2812589236923715, "x9": 2.749988712732662}, "datetime": {"datetime": "2025-05-17 15:57:00", "elapsed": 26986.30898, "delta": 38.106891}}
{"target": 5.4131219740716245, "params": {"x0": 0.8, "x1": 0.9, "x2": 3.1799116954839706, "x3": 4.4629594864700375e-58, "x4": 1.7110077963815329, "x5": 5.5810992767526495e-58, "x6": 3.5942736073204546, "x7": 14.463175723016253, "x8": 1.2812589236923715, "x9": 2.749988712732662}, "datetime": {"datetime": "2025-05-17 15:57:55", "elapsed": 27041.067503, "delta": 54.758523}}
{"target": 5.4131219740716245, "params": {"x0": 0.8, "x1": 0.9, "x2": 3.1799116954839706, "x3": 1.421243697709183e-57, "x4": 1.7110077963815329, "x5": 4.150305535749831e-58, "x6": 3.5942736073204546, "x7": 14.463175723016253, "x8": 1.2812589236923715, "x9": 2.749988712732662}, "datetime": {"datetime": "2025-05-17 15:58:38", "elapsed": 27084.350464, "delta": 43.282961}}
{"target": 5.4131219740716245, "params": {"x0": 0.8, "x1": 0.9, "x2": 3.1799116954839706, "x3": 1.1078075027907384e-57, "x4": 1.7110077963815329, "x5": 3.0269012659275893e-58, "x6": 3.5942736073204546, "x7": 14.463175723016253, "x8": 1.2812589236923715, "x9": 2.749988712732662}, "datetime": {"datetime": "2025-05-17 15:59:20", "elapsed": 27126.468369, "delta": 42.117905}}
{"target": 5.4131219740716245, "params": {"x0": 0.8, "x1": 0.9, "x2": 3.1799116954839706, "x3": 8.252682930354836e-58, "x4": 1.7110077963815329, "x5": 1.9776666842237546e-58, "x6": 3.5942736073204546, "x7": 14.463175723016253, "x8": 1.2812589236923715, "x9": 2.749988712732662}, "datetime": {"datetime": "2025-05-17 16:00:09", "elapsed": 27175.107697, "delta": 48.639328}}
{"target": 5.4131219740716245, "params": {"x0": 0.8, "x1": 0.9, "x2": 3.1799116954839706, "x3": 6.865431030848881e-58, "x4": 1.7110077963815329, "x5": 2.4874535999616232e-58, "x6": 3.5942736073204546, "x7": 14.463175723016253, "x8": 1.2812589236923715, "x9": 2.749988712732662}, "datetime": {"datetime": "2025-05-17 16:00:54", "elapsed": 27220.314909, "delta": 45.207212}}
{"target": 5.4131219740716245, "params": {"x0": 0.8, "x1": 0.9, "x2": 3.1799116954839706, "x3": 2.2067730909302264e-58, "x4": 1.7110077963815329, "x5": 1.2492981264516903e-58, "x6": 3.5942736073204546, "x7": 14.463175723016253, "x8": 1.2812589236923715, "x9": 2.749988712732662}, "datetime": {"datetime": "2025-05-17 16:01:34", "elapsed": 27260.453698, "delta": 40.138789}}
{"target": 5.4131219740716245, "params": {"x0": 0.8, "x1": 0.9, "x2": 3.1799116954839706, "x3": 1.465671880443248e-58, "x4": 1.7110077963815329, "x5": 6.296094817659197e-58, "x6": 3.5942736073204546, "x7": 14.463175723016253, "x8": 1.2812589236923715, "x9": 2.749988712732662}, "datetime": {"datetime": "2025-05-17 16:02:15", "elapsed": 27301.434352, "delta": 40.980654}}
{"target": 5.4131219740716245, "params": {"x0": 0.8, "x1": 0.9, "x2": 3.1799116954839706, "x3": 6.498625491516693e-58, "x4": 1.7110077963815329, "x5": 2.094721166393851e-59, "x6": 3.5942736073204546, "x7": 14.463175723016253, "x8": 1.2812589236923715, "x9": 2.749988712732662}, "datetime": {"datetime": "2025-05-17 16:02:55", "elapsed": 27341.228037, "delta": 39.793685}}
{"target": 5.4131219740716245, "params": {"x0": 0.8, "x1": 0.9, "x2": 3.1799116954839706, "x3": 4.975909437454091e-58, "x4": 1.7110077963815329, "x5": 5.690857745180577e-59, "x6": 3.5942736073204546, "x7": 14.463175723016253, "x8": 1.2812589236923715, "x9": 2.749988712732662}, "datetime": {"datetime": "2025-05-17 16:03:38", "elapsed": 27384.093705, "delta": 42.865668}}
{"target": 5.4131219740716245, "params": {"x0": 0.8, "x1": 0.9, "x2": 3.1799116954839706, "x3": 1.6480277310966003e-58, "x4": 1.7110077963815329, "x5": 1.299437944179323e-58, "x6": 3.5942736073204546, "x7": 14.463175723016253, "x8": 1.2812589236923715, "x9": 2.749988712732662}, "datetime": {"datetime": "2025-05-17 16:04:28", "elapsed": 27434.004113, "delta": 49.910408}}
{"target": 5.4131219740716245, "params": {"x0": 0.8, "x1": 0.9, "x2": 3.1799116954839706, "x3": 1.4178640885378232e-58, "x4": 1.7110077963815329, "x5": 1.0986836370535043e-58, "x6": 3.5942736073204546, "x7": 14.463175723016253, "x8": 1.2812589236923715, "x9": 2.749988712732662}, "datetime": {"datetime": "2025-05-17 16:05:07", "elapsed": 27472.765932, "delta": 38.761819}}
{"target": 5.4131219740716245, "params": {"x0": 0.8, "x1": 0.9, "x2": 3.1799116954839706, "x3": 3.6838936494172225e-58, "x4": 1.7110077963815329, "x5": 1.9306657091946563e-58, "x6": 3.5942736073204546, "x7": 14.463175723016253, "x8": 1.2812589236923715, "x9": 2.749988712732662}, "datetime": {"datetime": "2025-05-17 16:05:59", "elapsed": 27524.730959, "delta": 51.965027}}
{"target": 5.4131219740716245, "params": {"x0": 0.8, "x1": 0.9, "x2": 3.1799116954839706, "x3": 2.6585856786734657e-59, "x4": 1.7110077963815329, "x5": 2.542565224457085e-58, "x6": 3.5942736073204546, "x7": 14.463175723016253, "x8": 1.2812589236923715, "x9": 2.749988712732662}, "datetime": {"datetime": "2025-05-17 16:06:43", "elapsed": 27569.670933, "delta": 44.939974}}
{"target": 5.4131219740716245, "params": {"x0": 0.8, "x1": 0.9, "x2": 3.1799116954839706, "x3": 2.2009356832140866e-58, "x4": 1.7110077963815329, "x5": 1.1935426654099077e-58, "x6": 3.5942736073204546, "x7": 14.463175723016253, "x8": 1.2812589236923715, "x9": 2.749988712732662}, "datetime": {"datetime": "2025-05-17 16:07:36", "elapsed": 27622.299266, "delta": 52.628333}}
{"target": 5.4131219740716245, "params": {"x0": 0.8, "x1": 0.9, "x2": 3.1799116954839706, "x3": 1.5728026418343044e-59, "x4": 1.7110077963815329, "x5": 1.3509719446299102e-58, "x6": 3.5942736073204546, "x7": 14.463175723016253, "x8": 1.2812589236923715, "x9": 2.749988712732662}, "datetime": {"datetime": "2025-05-17 16:08:17", "elapsed": 27662.980883, "delta": 40.681617}}
{"target": 5.4131219740716245, "params": {"x0": 0.8, "x1": 0.9, "x2": 3.1799116954839706, "x3": 1.5464776960765982e-58, "x4": 1.7110077963815329, "x5": 1.1086464343756956e-58, "x6": 3.5942736073204546, "x7": 14.463175723016253, "x8": 1.2812589236923715, "x9": 2.749988712732662}, "datetime": {"datetime": "2025-05-17 16:08:58", "elapsed": 27704.533095, "delta": 41.552212}}
{"target": 5.4131219740716245, "params": {"x0": 0.8, "x1": 0.9, "x2": 3.1799116954839706, "x3": 7.123294152541638e-60, "x4": 1.7110077963815329, "x5": 2.2232347446681972e-58, "x6": 3.5942736073204546, "x7": 14.463175723016253, "x8": 1.2812589236923715, "x9": 2.749988712732662}, "datetime": {"datetime": "2025-05-17 16:10:04", "elapsed": 27770.48944, "delta": 65.956345}}
{"target": 5.4131219740716245, "params": {"x0": 0.8, "x1": 0.9, "x2": 3.1799116954839706, "x3": 1.4252863605098226e-58, "x4": 1.7110077963815329, "x5": 1.2930929585018497e-58, "x6": 3.5942736073204546, "x7": 14.463175723016253, "x8": 1.2812589236923715, "x9": 2.749988712732662}, "datetime": {"datetime": "2025-05-17 16:10:50", "elapsed": 27816.350586, "delta": 45.861146}}
{"target": 5.4131219740716245, "params": {"x0": 0.8, "x1": 0.9, "x2": 3.1799116954839706, "x3": 5.305254607871993e-61, "x4": 1.7110077963815329, "x5": 4.429207629984924e-59, "x6": 3.5942736073204546, "x7": 14.463175723016253, "x8": 1.2812589236923715, "x9": 2.749988712732662}, "datetime": {"datetime": "2025-05-17 16:11:43", "elapsed": 27869.57713, "delta": 53.226544}}
{"target": 5.4131219740716245, "params": {"x0": 0.8, "x1": 0.9, "x2": 3.1799116954839706, "x3": 1.9071262238896187e-59, "x4": 1.7110077963815329, "x5": 1.5123071014494566e-58, "x6": 3.5942736073204546, "x7": 14.463175723016253, "x8": 1.2812589236923715, "x9": 2.749988712732662}, "datetime": {"datetime": "2025-05-17 16:12:27", "elapsed": 27912.880609, "delta": 43.303479}}
{"target": 5.4131219740716245, "params": {"x0": 0.8, "x1": 0.9, "x2": 3.1799116954839706, "x3": 2.0713917674624323e-58, "x4": 1.7110077963815329, "x5": 2.8904827669863845e-59, "x6": 3.5942736073204546, "x7": 14.463175723016253, "x8": 1.2812589236923715, "x9": 2.749988712732662}, "datetime": {"datetime": "2025-05-17 16:13:17", "elapsed": 27963.666808, "delta": 50.786199}}
{"target": 5.4131219740716245, "params": {"x0": 0.8, "x1": 0.9, "x2": 3.1799116954839706, "x3": 1.9191808061671225e-58, "x4": 1.7110077963815329, "x5": 7.139655828886246e-61, "x6": 3.5942736073204546, "x7": 14.463175723016253, "x8": 1.2812589236923715, "x9": 2.749988712732662}, "datetime": {"datetime": "2025-05-17 16:14:03", "elapsed": 28008.740348, "delta": 45.07354}}
{"target": 5.4131219740716245, "params": {"x0": 0.8, "x1": 0.9, "x2": 3.1799116954839706, "x3": 1.513033030774456e-58, "x4": 1.7110077963815329, "x5": 9.31301187484183e-60, "x6": 3.5942736073204546, "x7": 14.463175723016253, "x8": 1.2812589236923715, "x9": 2.749988712732662}, "datetime": {"datetime": "2025-05-17 16:14:54", "elapsed": 28060.131634, "delta": 51.391286}}
{"target": 5.4131219740716245, "params": {"x0": 0.8, "x1": 0.9, "x2": 3.1799116954839706, "x3": 1.4678491581679575e-59, "x4": 1.7110077963815329, "x5": 6.762354389692425e-59, "x6": 3.5942736073204546, "x7": 14.463175723016253, "x8": 1.2812589236923715, "x9": 2.749988712732662}, "datetime": {"datetime": "2025-05-17 16:15:45", "elapsed": 28111.447901, "delta": 51.316267}}
{"target": 5.4131219740716245, "params": {"x0": 0.8, "x1": 0.9, "x2": 3.1799116954839706, "x3": 1.7035127103825558e-59, "x4": 1.7110077963815329, "x5": 5.403545484836045e-59, "x6": 3.5942736073204546, "x7": 14.463175723016253, "x8": 1.2812589236923715, "x9": 2.749988712732662}, "datetime": {"datetime": "2025-05-17 16:16:28", "elapsed": 28154.592592, "delta": 43.144691}}
{"target": 5.4131219740716245, "params": {"x0": 0.8, "x1": 0.9, "x2": 3.1799116954839706, "x3": 1.0228167609732791e-58, "x4": 1.7110077963815329, "x5": 4.4525139123544735e-59, "x6": 3.5942736073204546, "x7": 14.463175723016253, "x8": 1.2812589236923715, "x9": 2.749988712732662}, "datetime": {"datetime": "2025-05-17 16:17:15", "elapsed": 28200.75331, "delta": 46.160718}}
{"target": 5.4131219740716245, "params": {"x0": 0.8, "x1": 0.9, "x2": 3.1799116954839706, "x3": 5.985726670754147e-60, "x4": 1.7110077963815329, "x5": 1.398395745325917e-59, "x6": 3.5942736073204546, "x7": 14.463175723016253, "x8": 1.2812589236923715, "x9": 2.749988712732662}, "datetime": {"datetime": "2025-05-17 16:18:11", "elapsed": 28256.866586, "delta": 56.113276}}
{"target": 5.4131219740716245, "params": {"x0": 0.8, "x1": 0.9, "x2": 3.1799116954839706, "x3": 5.757457116332209e-59, "x4": 1.7110077963815329, "x5": 2.1156774083823375e-61, "x6": 3.5942736073204546, "x7": 14.463175723016253, "x8": 1.2812589236923715, "x9": 2.749988712732662}, "datetime": {"datetime": "2025-05-17 16:18:54", "elapsed": 28300.305297, "delta": 43.438711}}
{"target": 5.4131219740716245, "params": {"x0": 0.8, "x1": 0.9, "x2": 3.1799116954839706, "x3": 2.87783046374273e-59, "x4": 1.7110077963815329, "x5": 1.5374853353501616e-59, "x6": 3.5942736073204546, "x7": 14.463175723016253, "x8": 1.2812589236923715, "x9": 2.749988712732662}, "datetime": {"datetime": "2025-05-17 16:19:56", "elapsed": 28362.605407, "delta": 62.30011}}
{"target": 5.4131219740716245, "params": {"x0": 0.8, "x1": 0.9, "x2": 3.1799116954839706, "x3": 7.722386088495926e-60, "x4": 1.7110077963815329, "x5": 1.3189378972982688e-59, "x6": 3.5942736073204546, "x7": 14.463175723016253, "x8": 1.2812589236923715, "x9": 2.749988712732662}, "datetime": {"datetime": "2025-05-17 16:20:47", "elapsed": 28413.023141, "delta": 50.417734}}
{"target": 5.4131219740716245, "params": {"x0": 0.8, "x1": 0.9, "x2": 3.1799116954839706, "x3": 5.101324343739755e-59, "x4": 1.7110077963815329, "x5": 2.9227547562734242e-59, "x6": 3.5942736073204546, "x7": 14.463175723016253, "x8": 1.2812589236923715, "x9": 2.749988712732662}, "datetime": {"datetime": "2025-05-17 16:21:34", "elapsed": 28459.911144, "delta": 46.888003}}
{"target": 5.4131219740716245, "params": {"x0": 0.8, "x1": 0.9, "x2": 3.1799116954839706, "x3": 5.613458773384696e-59, "x4": 1.7110077963815329, "x5": 1.5499252389465691e-59, "x6": 3.5942736073204546, "x7": 14.463175723016253, "x8": 1.2812589236923715, "x9": 2.749988712732662}, "datetime": {"datetime": "2025-05-17 16:22:28", "elapsed": 28514.113105, "delta": 54.201961}}
{"target": 5.4131219740716245, "params": {"x0": 0.8, "x1": 0.9, "x2": 3.1799116954839706, "x3": 1.2072139830521557e-59, "x4": 1.7110077963815329, "x5": 3.7481802970000287e-59, "x6": 3.5942736073204546, "x7": 14.463175723016253, "x8": 1.2812589236923715, "x9": 2.749988712732662}, "datetime": {"datetime": "2025-05-17 16:23:22", "elapsed": 28567.994513, "delta": 53.881408}}
{"target": 5.4131219740716245, "params": {"x0": 0.8, "x1": 0.9, "x2": 3.1799116954839706, "x3": 4.212373000093221e-59, "x4": 1.7110077963815329, "x5": 4.225110514159257e-60, "x6": 3.5942736073204546, "x7": 14.463175723016253, "x8": 1.2812589236923715, "x9": 2.749988712732662}, "datetime": {"datetime": "2025-05-17 16:24:34", "elapsed": 28639.952168, "delta": 71.957655}}
{"target": 5.4131219740716245, "params": {"x0": 0.8, "x1": 0.9, "x2": 3.1799116954839706, "x3": 1.339478746342073e-60, "x4": 1.7110077963815329, "x5": 2.975275106006634e-59, "x6": 3.5942736073204546, "x7": 14.463175723016253, "x8": 1.2812589236923715, "x9": 2.749988712732662}, "datetime": {"datetime": "2025-05-17 16:25:23", "elapsed": 28689.339892, "delta": 49.387724}}
{"target": 5.4131219740716245, "params": {"x0": 0.8, "x1": 0.9, "x2": 3.1799116954839706, "x3": 2.9254527347713115e-59, "x4": 1.7110077963815329, "x5": 9.029710221066474e-60, "x6": 3.5942736073204546, "x7": 14.463175723016253, "x8": 1.2812589236923715, "x9": 2.749988712732662}, "datetime": {"datetime": "2025-05-17 16:26:20", "elapsed": 28745.744152, "delta": 56.40426}}
{"target": 5.4131219740716245, "params": {"x0": 0.8, "x1": 0.9, "x2": 3.1799116954839706, "x3": 1.8710051875303838e-59, "x4": 1.7110077963815329, "x5": 6.616813251532244e-60, "x6": 3.5942736073204546, "x7": 14.463175723016253, "x8": 1.2812589236923715, "x9": 2.749988712732662}, "datetime": {"datetime": "2025-05-17 16:27:04", "elapsed": 28790.439038, "delta": 44.694886}}
{"target": 5.4131219740716245, "params": {"x0": 0.8, "x1": 0.9, "x2": 3.1799116954839706, "x3": 1.6762743454720095e-59, "x4": 1.7110077963815329, "x5": 2.1180650045308115e-59, "x6": 3.5942736073204546, "x7": 14.463175723016253, "x8": 1.2812589236923715, "x9": 2.749988712732662}, "datetime": {"datetime": "2025-05-17 16:27:43", "elapsed": 28829.49946, "delta": 39.060422}}
{"target": 5.4131219740716245, "params": {"x0": 0.8, "x1": 0.9, "x2": 3.1799116954839706, "x3": 7.193856150721638e-61, "x4": 1.7110077963815329, "x5": 4.568623068951746e-60, "x6": 3.5942736073204546, "x7": 14.463175723016253, "x8": 1.2812589236923715, "x9": 2.749988712732662}, "datetime": {"datetime": "2025-05-17 16:28:27", "elapsed": 28873.525638, "delta": 44.026178}}
{"target": 5.4131219740716245, "params": {"x0": 0.8, "x1": 0.9, "x2": 3.1799116954839706, "x3": 2.873968134746976e-59, "x4": 1.7110077963815329, "x5": 1.6531147113285406e-59, "x6": 3.5942736073204546, "x7": 14.463175723016253, "x8": 1.2812589236923715, "x9": 2.749988712732662}, "datetime": {"datetime": "2025-05-17 16:29:19", "elapsed": 28925.210614, "delta": 51.684976}}
{"target": 5.4131219740716245, "params": {"x0": 0.8, "x1": 0.9, "x2": 3.1799116954839706, "x3": 1.8174332787274249e-59, "x4": 1.7110077963815329, "x5": 9.550117141794512e-60, "x6": 3.5942736073204546, "x7": 14.463175723016253, "x8": 1.2812589236923715, "x9": 2.749988712732662}, "datetime": {"datetime": "2025-05-17 16:30:02", "elapsed": 28968.676478, "delta": 43.465864}}
{"target": 5.4131219740716245, "params": {"x0": 0.8, "x1": 0.9, "x2": 3.1799116954839706, "x3": 3.810180390730486e-61, "x4": 1.7110077963815329, "x5": 1.542211642052324e-59, "x6": 3.5942736073204546, "x7": 14.463175723016253, "x8": 1.2812589236923715, "x9": 2.749988712732662}, "datetime": {"datetime": "2025-05-17 16:30:44", "elapsed": 29010.408762, "delta": 41.732284}}
{"target": 5.4131219740716245, "params": {"x0": 0.8, "x1": 0.9, "x2": 3.1799116954839706, "x3": 1.27811602113621e-59, "x4": 1.7110077963815329, "x5": 7.881542843560017e-60, "x6": 3.5942736073204546, "x7": 14.463175723016253, "x8": 1.2812589236923715, "x9": 2.749988712732662}, "datetime": {"datetime": "2025-05-17 16:31:39", "elapsed": 29065.534915, "delta": 55.126153}}
{"target": 5.4131219740716245, "params": {"x0": 0.8, "x1": 0.9, "x2": 3.1799116954839706, "x3": 1.08276409677213e-59, "x4": 1.7110077963815329, "x5": 1.7594020369058924e-60, "x6": 3.5942736073204546, "x7": 14.463175723016253, "x8": 1.2812589236923715, "x9": 2.749988712732662}, "datetime": {"datetime": "2025-05-17 16:32:30", "elapsed": 29116.205115, "delta": 50.6702}}
{"target": 5.4131219740716245, "params": {"x0": 0.8, "x1": 0.9, "x2": 3.1799116954839706, "x3": 3.521605994071509e-60, "x4": 1.7110077963815329, "x5": 3.455421869080785e-62, "x6": 3.5942736073204546, "x7": 14.463175723016253, "x8": 1.2812589236923715, "x9": 2.749988712732662}, "datetime": {"datetime": "2025-05-17 16:33:25", "elapsed": 29170.920702, "delta": 54.715587}}
{"target": 5.4131219740716245, "params": {"x0": 0.8, "x1": 0.9, "x2": 3.1799116954839706, "x3": 3.126147772617804e-64, "x4": 1.7110077963815329, "x5": 8.434927170567828e-60, "x6": 3.5942736073204546, "x7": 14.463175723016253, "x8": 1.2812589236923715, "x9": 2.749988712732662}, "datetime": {"datetime": "2025-05-17 16:34:05", "elapsed": 29211.328521, "delta": 40.407819}}
{"target": 5.4131219740716245, "params": {"x0": 0.8, "x1": 0.9, "x2": 3.1799116954839706, "x3": 7.278564352049868e-60, "x4": 1.7110077963815329, "x5": 8.36066211994926e-60, "x6": 3.5942736073204546, "x7": 14.463175723016253, "x8": 1.2812589236923715, "x9": 2.749988712732662}, "datetime": {"datetime": "2025-05-17 16:34:54", "elapsed": 29260.33541, "delta": 49.006889}}
{"target": 5.4131219740716245, "params": {"x0": 0.8, "x1": 0.9, "x2": 3.1799116954839706, "x3": 5.779635200733491e-60, "x4": 1.7110077963815329, "x5": 3.8046815673419554e-60, "x6": 3.5942736073204546, "x7": 14.463175723016253, "x8": 1.2812589236923715, "x9": 2.749988712732662}, "datetime": {"datetime": "2025-05-17 16:35:50", "elapsed": 29316.262566, "delta": 55.927156}}
{"target": 5.4131219740716245, "params": {"x0": 0.8, "x1": 0.9, "x2": 3.1799116954839706, "x3": 1.0743528359385966e-59, "x4": 1.7110077963815329, "x5": 1.3708951422535312e-60, "x6": 3.5942736073204546, "x7": 14.463175723016253, "x8": 1.2812589236923715, "x9": 2.749988712732662}, "datetime": {"datetime": "2025-05-17 16:36:33", "elapsed": 29359.393145, "delta": 43.130579}}
