{"target": 5.4131219740716245, "params": {"x0": 0.8, "x1": 0.9, "x2": 3.1799116954839706, "x3": 8.99842664835401e-80, "x4": 1.7110077963815329, "x5": 6.377256488376603e-79, "x6": 3.5942736073204546, "x7": 14.463175723016253, "x8": 1.2812589236923715, "x9": 2.749988712732662}, "datetime": {"datetime": "2025-05-17 23:46:50", "elapsed": 55176.136153, "delta": 80.466289}}
{"target": 5.4131219740716245, "params": {"x0": 0.8, "x1": 0.9, "x2": 3.1799116954839706, "x3": 9.394443826529674e-79, "x4": 1.7110077963815329, "x5": 2.781301989495231e-79, "x6": 3.5942736073204546, "x7": 14.463175723016253, "x8": 1.2812589236923715, "x9": 2.749988712732662}, "datetime": {"datetime": "2025-05-17 23:48:09", "elapsed": 55254.885993, "delta": 78.74984}}
{"target": 5.4131219740716245, "params": {"x0": 0.8, "x1": 0.9, "x2": 3.1799116954839706, "x3": 2.7802404407351545e-79, "x4": 1.7110077963815329, "x5": 3.135013372192699e-79, "x6": 3.5942736073204546, "x7": 14.463175723016253, "x8": 1.2812589236923715, "x9": 2.749988712732662}, "datetime": {"datetime": "2025-05-17 23:49:22", "elapsed": 55328.174587, "delta": 73.288594}}
{"target": 5.4131219740716245, "params": {"x0": 0.8, "x1": 0.9, "x2": 3.1799116954839706, "x3": 5.600335319968582e-79, "x4": 1.7110077963815329, "x5": 1.54715842035031e-79, "x6": 3.5942736073204546, "x7": 14.463175723016253, "x8": 1.2812589236923715, "x9": 2.749988712732662}, "datetime": {"datetime": "2025-05-17 23:51:00", "elapsed": 55425.849128, "delta": 97.674541}}
{"target": 5.4131219740716245, "params": {"x0": 0.8, "x1": 0.9, "x2": 3.1799116954839706, "x3": 3.063309525877373e-79, "x4": 1.7110077963815329, "x5": 5.168482625302396e-79, "x6": 3.5942736073204546, "x7": 14.463175723016253, "x8": 1.2812589236923715, "x9": 2.749988712732662}, "datetime": {"datetime": "2025-05-17 23:52:20", "elapsed": 55505.787743, "delta": 79.938615}}
{"target": 5.4131219740716245, "params": {"x0": 0.8, "x1": 0.9, "x2": 3.1799116954839706, "x3": 1.3304083622536444e-79, "x4": 1.7110077963815329, "x5": 3.34953785607505e-79, "x6": 3.5942736073204546, "x7": 14.463175723016253, "x8": 1.2812589236923715, "x9": 2.749988712732662}, "datetime": {"datetime": "2025-05-17 23:53:25", "elapsed": 55571.286469, "delta": 65.498726}}
{"target": 5.4131219740716245, "params": {"x0": 0.8, "x1": 0.9, "x2": 3.1799116954839706, "x3": 5.512120028618014e-79, "x4": 1.7110077963815329, "x5": 1.1333278599800414e-79, "x6": 3.5942736073204546, "x7": 14.463175723016253, "x8": 1.2812589236923715, "x9": 2.749988712732662}, "datetime": {"datetime": "2025-05-17 23:54:29", "elapsed": 55635.006524, "delta": 63.720055}}
{"target": 5.4131219740716245, "params": {"x0": 0.8, "x1": 0.9, "x2": 3.1799116954839706, "x3": 4.017374488031977e-79, "x4": 1.7110077963815329, "x5": 2.3992823282917822e-79, "x6": 3.5942736073204546, "x7": 14.463175723016253, "x8": 1.2812589236923715, "x9": 2.749988712732662}, "datetime": {"datetime": "2025-05-17 23:55:45", "elapsed": 55711.470629, "delta": 76.464105}}
{"target": 5.4131219740716245, "params": {"x0": 0.8, "x1": 0.9, "x2": 3.1799116954839706, "x3": 1.5976938683164596e-79, "x4": 1.7110077963815329, "x5": 2.4249673230121835e-79, "x6": 3.5942736073204546, "x7": 14.463175723016253, "x8": 1.2812589236923715, "x9": 2.749988712732662}, "datetime": {"datetime": "2025-05-17 23:57:17", "elapsed": 55803.196619, "delta": 91.72599}}
{"target": 5.4131219740716245, "params": {"x0": 0.8, "x1": 0.9, "x2": 3.1799116954839706, "x3": 2.9219969450365856e-79, "x4": 1.7110077963815329, "x5": 2.9519632582946207e-79, "x6": 3.5942736073204546, "x7": 14.463175723016253, "x8": 1.2812589236923715, "x9": 2.749988712732662}, "datetime": {"datetime": "2025-05-17 23:58:24", "elapsed": 55870.319311, "delta": 67.122692}}
{"target": 5.4131219740716245, "params": {"x0": 0.8, "x1": 0.9, "x2": 3.1799116954839706, "x3": 1.1218544431961868e-79, "x4": 1.7110077963815329, "x5": 1.1050334590829598e-79, "x6": 3.5942736073204546, "x7": 14.463175723016253, "x8": 1.2812589236923715, "x9": 2.749988712732662}, "datetime": {"datetime": "2025-05-17 23:59:55", "elapsed": 55961.417699, "delta": 91.098388}}
{"target": 5.4131219740716245, "params": {"x0": 0.8, "x1": 0.9, "x2": 3.1799116954839706, "x3": 1.702405800540324e-79, "x4": 1.7110077963815329, "x5": 1.5287486824955234e-79, "x6": 3.5942736073204546, "x7": 14.463175723016253, "x8": 1.2812589236923715, "x9": 2.749988712732662}, "datetime": {"datetime": "2025-05-18 00:01:20", "elapsed": 56046.325355, "delta": 84.907656}}
{"target": 5.4131219740716245, "params": {"x0": 0.8, "x1": 0.9, "x2": 3.1799116954839706, "x3": 2.540059912788844e-79, "x4": 1.7110077963815329, "x5": 1.9020148764629182e-79, "x6": 3.5942736073204546, "x7": 14.463175723016253, "x8": 1.2812589236923715, "x9": 2.749988712732662}, "datetime": {"datetime": "2025-05-18 00:02:44", "elapsed": 56130.443359, "delta": 84.118004}}
{"target": 5.4131219740716245, "params": {"x0": 0.8, "x1": 0.9, "x2": 3.1799116954839706, "x3": 2.357193413281128e-79, "x4": 1.7110077963815329, "x5": 3.48309720435454e-80, "x6": 3.5942736073204546, "x7": 14.463175723016253, "x8": 1.2812589236923715, "x9": 2.749988712732662}, "datetime": {"datetime": "2025-05-18 00:03:49", "elapsed": 56194.741086, "delta": 64.297727}}
{"target": 5.4131219740716245, "params": {"x0": 0.8, "x1": 0.9, "x2": 3.1799116954839706, "x3": 3.4540456299200297e-81, "x4": 1.7110077963815329, "x5": 3.912724363869189e-80, "x6": 3.5942736073204546, "x7": 14.463175723016253, "x8": 1.2812589236923715, "x9": 2.749988712732662}, "datetime": {"datetime": "2025-05-18 00:05:20", "elapsed": 56286.191651, "delta": 91.450565}}
{"target": 5.4131219740716245, "params": {"x0": 0.8, "x1": 0.9, "x2": 3.1799116954839706, "x3": 1.5881479614056597e-79, "x4": 1.7110077963815329, "x5": 3.864469740381562e-80, "x6": 3.5942736073204546, "x7": 14.463175723016253, "x8": 1.2812589236923715, "x9": 2.749988712732662}, "datetime": {"datetime": "2025-05-18 00:06:43", "elapsed": 56369.299236, "delta": 83.107585}}
{"target": 5.4131219740716245, "params": {"x0": 0.8, "x1": 0.9, "x2": 3.1799116954839706, "x3": 9.90095411801949e-80, "x4": 1.7110077963815329, "x5": 6.4240632970146466e-80, "x6": 3.5942736073204546, "x7": 14.463175723016253, "x8": 1.2812589236923715, "x9": 2.749988712732662}, "datetime": {"datetime": "2025-05-18 00:07:56", "elapsed": 56442.48483, "delta": 73.185594}}
{"target": 5.4131219740716245, "params": {"x0": 0.8, "x1": 0.9, "x2": 3.1799116954839706, "x3": 1.1124902712435237e-79, "x4": 1.7110077963815329, "x5": 8.489946655939125e-80, "x6": 3.5942736073204546, "x7": 14.463175723016253, "x8": 1.2812589236923715, "x9": 2.749988712732662}, "datetime": {"datetime": "2025-05-18 00:09:26", "elapsed": 56532.329087, "delta": 89.844257}}
{"target": 5.4131219740716245, "params": {"x0": 0.8, "x1": 0.9, "x2": 3.1799116954839706, "x3": 1.1344582538128651e-79, "x4": 1.7110077963815329, "x5": 3.188983449248609e-80, "x6": 3.5942736073204546, "x7": 14.463175723016253, "x8": 1.2812589236923715, "x9": 2.749988712732662}, "datetime": {"datetime": "2025-05-18 00:10:42", "elapsed": 56608.599895, "delta": 76.270808}}
{"target": 5.4131219740716245, "params": {"x0": 0.8, "x1": 0.9, "x2": 3.1799116954839706, "x3": 1.2805451265978097e-79, "x4": 1.7110077963815329, "x5": 1.1764381075580994e-79, "x6": 3.5942736073204546, "x7": 14.463175723016253, "x8": 1.2812589236923715, "x9": 2.749988712732662}, "datetime": {"datetime": "2025-05-18 00:11:54", "elapsed": 56680.566046, "delta": 71.966151}}
{"target": 5.4131219740716245, "params": {"x0": 0.8, "x1": 0.9, "x2": 3.1799116954839706, "x3": 1.3317292120044206e-79, "x4": 1.7110077963815329, "x5": 6.926854601071979e-80, "x6": 3.5942736073204546, "x7": 14.463175723016253, "x8": 1.2812589236923715, "x9": 2.749988712732662}, "datetime": {"datetime": "2025-05-18 00:13:10", "elapsed": 56756.296119, "delta": 75.730073}}
{"target": 5.4131219740716245, "params": {"x0": 0.8, "x1": 0.9, "x2": 3.1799116954839706, "x3": 1.3238791621922538e-80, "x4": 1.7110077963815329, "x5": 6.540673356897891e-80, "x6": 3.5942736073204546, "x7": 14.463175723016253, "x8": 1.2812589236923715, "x9": 2.749988712732662}, "datetime": {"datetime": "2025-05-18 00:14:06", "elapsed": 56812.05324, "delta": 55.757121}}
{"target": 5.4131219740716245, "params": {"x0": 0.8, "x1": 0.9, "x2": 3.1799116954839706, "x3": 8.086964973807538e-80, "x4": 1.7110077963815329, "x5": 2.015727574191958e-80, "x6": 3.5942736073204546, "x7": 14.463175723016253, "x8": 1.2812589236923715, "x9": 2.749988712732662}, "datetime": {"datetime": "2025-05-18 00:15:07", "elapsed": 56873.602356, "delta": 61.549116}}
{"target": 5.4131219740716245, "params": {"x0": 0.8, "x1": 0.9, "x2": 3.1799116954839706, "x3": 2.1101557507271077e-80, "x4": 1.7110077963815329, "x5": 7.351565801411127e-80, "x6": 3.5942736073204546, "x7": 14.463175723016253, "x8": 1.2812589236923715, "x9": 2.749988712732662}, "datetime": {"datetime": "2025-05-18 00:16:25", "elapsed": 56951.451592, "delta": 77.849236}}
{"target": 5.4131219740716245, "params": {"x0": 0.8, "x1": 0.9, "x2": 3.1799116954839706, "x3": 2.900118801059317e-80, "x4": 1.7110077963815329, "x5": 1.4005435540295987e-80, "x6": 3.5942736073204546, "x7": 14.463175723016253, "x8": 1.2812589236923715, "x9": 2.749988712732662}, "datetime": {"datetime": "2025-05-18 00:17:43", "elapsed": 57028.741215, "delta": 77.289623}}
{"target": 5.4131219740716245, "params": {"x0": 0.8, "x1": 0.9, "x2": 3.1799116954839706, "x3": 5.66066975596568e-80, "x4": 1.7110077963815329, "x5": 4.037454363236785e-80, "x6": 3.5942736073204546, "x7": 14.463175723016253, "x8": 1.2812589236923715, "x9": 2.749988712732662}, "datetime": {"datetime": "2025-05-18 00:18:57", "elapsed": 57103.016293, "delta": 74.275078}}
{"target": 5.4131219740716245, "params": {"x0": 0.8, "x1": 0.9, "x2": 3.1799116954839706, "x3": 7.563689206872874e-80, "x4": 1.7110077963815329, "x5": 3.490407702731678e-80, "x6": 3.5942736073204546, "x7": 14.463175723016253, "x8": 1.2812589236923715, "x9": 2.749988712732662}, "datetime": {"datetime": "2025-05-18 00:20:31", "elapsed": 57197.20805, "delta": 94.191757}}
{"target": 5.4131219740716245, "params": {"x0": 0.8, "x1": 0.9, "x2": 3.1799116954839706, "x3": 5.311491468783644e-80, "x4": 1.7110077963815329, "x5": 1.096309387744107e-80, "x6": 3.5942736073204546, "x7": 14.463175723016253, "x8": 1.2812589236923715, "x9": 2.749988712732662}, "datetime": {"datetime": "2025-05-18 00:21:44", "elapsed": 57270.634139, "delta": 73.426089}}
{"target": 5.4131219740716245, "params": {"x0": 0.8, "x1": 0.9, "x2": 3.1799116954839706, "x3": 2.0529445270235635e-80, "x4": 1.7110077963815329, "x5": 1.0308277624090608e-80, "x6": 3.5942736073204546, "x7": 14.463175723016253, "x8": 1.2812589236923715, "x9": 2.749988712732662}, "datetime": {"datetime": "2025-05-18 00:23:13", "elapsed": 57359.688794, "delta": 89.054655}}
{"target": 5.4131219740716245, "params": {"x0": 0.8, "x1": 0.9, "x2": 3.1799116954839706, "x3": 4.77903510681022e-80, "x4": 1.7110077963815329, "x5": 3.8829080694010003e-81, "x6": 3.5942736073204546, "x7": 14.463175723016253, "x8": 1.2812589236923715, "x9": 2.749988712732662}, "datetime": {"datetime": "2025-05-18 00:24:53", "elapsed": 57459.079257, "delta": 99.390463}}
{"target": 5.4131219740716245, "params": {"x0": 0.8, "x1": 0.9, "x2": 3.1799116954839706, "x3": 9.58476957366934e-81, "x4": 1.7110077963815329, "x5": 7.632760506078741e-81, "x6": 3.5942736073204546, "x7": 14.463175723016253, "x8": 1.2812589236923715, "x9": 2.749988712732662}, "datetime": {"datetime": "2025-05-18 00:25:53", "elapsed": 57519.155276, "delta": 60.076019}}
{"target": 5.4131219740716245, "params": {"x0": 0.8, "x1": 0.9, "x2": 3.1799116954839706, "x3": 1.2574059345472691e-80, "x4": 1.7110077963815329, "x5": 6.410931811351451e-81, "x6": 3.5942736073204546, "x7": 14.463175723016253, "x8": 1.2812589236923715, "x9": 2.749988712732662}, "datetime": {"datetime": "2025-05-18 00:27:23", "elapsed": 57609.657193, "delta": 90.501917}}
{"target": 5.4131219740716245, "params": {"x0": 0.8, "x1": 0.9, "x2": 3.1799116954839706, "x3": 4.3397461117164674e-80, "x4": 1.7110077963815329, "x5": 2.1596194879812438e-80, "x6": 3.5942736073204546, "x7": 14.463175723016253, "x8": 1.2812589236923715, "x9": 2.749988712732662}, "datetime": {"datetime": "2025-05-18 00:28:47", "elapsed": 57692.815264, "delta": 83.158071}}
{"target": 5.4131219740716245, "params": {"x0": 0.8, "x1": 0.9, "x2": 3.1799116954839706, "x3": 3.959256076324694e-81, "x4": 1.7110077963815329, "x5": 3.538122786943175e-81, "x6": 3.5942736073204546, "x7": 14.463175723016253, "x8": 1.2812589236923715, "x9": 2.749988712732662}, "datetime": {"datetime": "2025-05-18 00:30:37", "elapsed": 57803.533213, "delta": 110.717949}}
{"target": 5.4131219740716245, "params": {"x0": 0.8, "x1": 0.9, "x2": 3.1799116954839706, "x3": 1.9168042761970317e-80, "x4": 1.7110077963815329, "x5": 2.3363390383288967e-80, "x6": 3.5942736073204546, "x7": 14.463175723016253, "x8": 1.2812589236923715, "x9": 2.749988712732662}, "datetime": {"datetime": "2025-05-18 00:31:41", "elapsed": 57867.563909, "delta": 64.030696}}
{"target": 5.4131219740716245, "params": {"x0": 0.8, "x1": 0.9, "x2": 3.1799116954839706, "x3": 1.6851527431459921e-80, "x4": 1.7110077963815329, "x5": 2.4667250797180995e-81, "x6": 3.5942736073204546, "x7": 14.463175723016253, "x8": 1.2812589236923715, "x9": 2.749988712732662}, "datetime": {"datetime": "2025-05-18 00:33:27", "elapsed": 57973.33089, "delta": 105.766981}}
{"target": 5.4131219740716245, "params": {"x0": 0.8, "x1": 0.9, "x2": 3.1799116954839706, "x3": 2.0808054448813973e-80, "x4": 1.7110077963815329, "x5": 1.3781753773393399e-80, "x6": 3.5942736073204546, "x7": 14.463175723016253, "x8": 1.2812589236923715, "x9": 2.749988712732662}, "datetime": {"datetime": "2025-05-18 00:34:53", "elapsed": 58059.703688, "delta": 86.372798}}
{"target": 5.4131219740716245, "params": {"x0": 0.8, "x1": 0.9, "x2": 3.1799116954839706, "x3": 7.724989980425268e-81, "x4": 1.7110077963815329, "x5": 8.347068911846294e-81, "x6": 3.5942736073204546, "x7": 14.463175723016253, "x8": 1.2812589236923715, "x9": 2.749988712732662}, "datetime": {"datetime": "2025-05-18 00:35:58", "elapsed": 58124.336164, "delta": 64.632476}}
{"target": 5.4131219740716245, "params": {"x0": 0.8, "x1": 0.9, "x2": 3.1799116954839706, "x3": 1.0631351915101169e-80, "x4": 1.7110077963815329, "x5": 1.2605439995549334e-80, "x6": 3.5942736073204546, "x7": 14.463175723016253, "x8": 1.2812589236923715, "x9": 2.749988712732662}, "datetime": {"datetime": "2025-05-18 00:37:27", "elapsed": 58212.940093, "delta": 88.603929}}
{"target": 5.4131219740716245, "params": {"x0": 0.8, "x1": 0.9, "x2": 3.1799116954839706, "x3": 1.701240062907346e-80, "x4": 1.7110077963815329, "x5": 1.206014074068835e-80, "x6": 3.5942736073204546, "x7": 14.463175723016253, "x8": 1.2812589236923715, "x9": 2.749988712732662}, "datetime": {"datetime": "2025-05-18 00:38:49", "elapsed": 58295.493175, "delta": 82.553082}}
{"target": 5.4131219740716245, "params": {"x0": 0.8, "x1": 0.9, "x2": 3.1799116954839706, "x3": 1.8748595647699578e-80, "x4": 1.7110077963815329, "x5": 1.1643245065234437e-80, "x6": 3.5942736073204546, "x7": 14.463175723016253, "x8": 1.2812589236923715, "x9": 2.749988712732662}, "datetime": {"datetime": "2025-05-18 00:40:16", "elapsed": 58382.0987, "delta": 86.605525}}
{"target": 5.4131219740716245, "params": {"x0": 0.8, "x1": 0.9, "x2": 3.1799116954839706, "x3": 5.195826503844508e-81, "x4": 1.7110077963815329, "x5": 5.5407901290337095e-81, "x6": 3.5942736073204546, "x7": 14.463175723016253, "x8": 1.2812589236923715, "x9": 2.749988712732662}, "datetime": {"datetime": "2025-05-18 00:41:44", "elapsed": 58470.265716, "delta": 88.167016}}
{"target": 5.4131219740716245, "params": {"x0": 0.8, "x1": 0.9, "x2": 3.1799116954839706, "x3": 6.579562487366755e-81, "x4": 1.7110077963815329, "x5": 2.63283007665874e-81, "x6": 3.5942736073204546, "x7": 14.463175723016253, "x8": 1.2812589236923715, "x9": 2.749988712732662}, "datetime": {"datetime": "2025-05-18 00:43:11", "elapsed": 58557.563445, "delta": 87.297729}}
{"target": 5.4131219740716245, "params": {"x0": 0.8, "x1": 0.9, "x2": 3.1799116954839706, "x3": 1.2879968992007134e-81, "x4": 1.7110077963815329, "x5": 6.936776690229859e-81, "x6": 3.5942736073204546, "x7": 14.463175723016253, "x8": 1.2812589236923715, "x9": 2.749988712732662}, "datetime": {"datetime": "2025-05-18 00:44:53", "elapsed": 58659.135724, "delta": 101.572279}}
{"target": 5.4131219740716245, "params": {"x0": 0.8, "x1": 0.9, "x2": 3.1799116954839706, "x3": 2.878504564084305e-81, "x4": 1.7110077963815329, "x5": 4.0626188179975275e-82, "x6": 3.5942736073204546, "x7": 14.463175723016253, "x8": 1.2812589236923715, "x9": 2.749988712732662}, "datetime": {"datetime": "2025-05-18 00:46:29", "elapsed": 58755.393865, "delta": 96.258141}}
{"target": 5.4131219740716245, "params": {"x0": 0.8, "x1": 0.9, "x2": 3.1799116954839706, "x3": 7.562242195297153e-81, "x4": 1.7110077963815329, "x5": 2.832158349463782e-82, "x6": 3.5942736073204546, "x7": 14.463175723016253, "x8": 1.2812589236923715, "x9": 2.749988712732662}, "datetime": {"datetime": "2025-05-18 00:47:43", "elapsed": 58829.007063, "delta": 73.613198}}
{"target": 5.4131219740716245, "params": {"x0": 0.8, "x1": 0.9, "x2": 3.1799116954839706, "x3": 6.455933974225649e-82, "x4": 1.7110077963815329, "x5": 6.815229124258393e-82, "x6": 3.5942736073204546, "x7": 14.463175723016253, "x8": 1.2812589236923715, "x9": 2.749988712732662}, "datetime": {"datetime": "2025-05-18 00:49:29", "elapsed": 58935.007237, "delta": 106.000174}}
{"target": 5.4131219740716245, "params": {"x0": 0.8, "x1": 0.9, "x2": 3.1799116954839706, "x3": 7.875254673256124e-81, "x4": 1.7110077963815329, "x5": 5.453164041716134e-81, "x6": 3.5942736073204546, "x7": 14.463175723016253, "x8": 1.2812589236923715, "x9": 2.749988712732662}, "datetime": {"datetime": "2025-05-18 00:51:15", "elapsed": 59041.26625, "delta": 106.259013}}
{"target": 5.4131219740716245, "params": {"x0": 0.8, "x1": 0.9, "x2": 3.1799116954839706, "x3": 6.18910700576048e-81, "x4": 1.7110077963815329, "x5": 2.4255750158207035e-81, "x6": 3.5942736073204546, "x7": 14.463175723016253, "x8": 1.2812589236923715, "x9": 2.749988712732662}, "datetime": {"datetime": "2025-05-18 00:52:09", "elapsed": 59095.160307, "delta": 53.894057}}
{"target": 5.4131219740716245, "params": {"x0": 0.8, "x1": 0.9, "x2": 3.1799116954839706, "x3": 1.691147216496288e-81, "x4": 1.7110077963815329, "x5": 2.3560474806180474e-81, "x6": 3.5942736073204546, "x7": 14.463175723016253, "x8": 1.2812589236923715, "x9": 2.749988712732662}, "datetime": {"datetime": "2025-05-18 00:53:25", "elapsed": 59171.184384, "delta": 76.024077}}
{"target": 5.4131219740716245, "params": {"x0": 0.8, "x1": 0.9, "x2": 3.1799116954839706, "x3": 4.81439595988267e-81, "x4": 1.7110077963815329, "x5": 1.5748425533833105e-81, "x6": 3.5942736073204546, "x7": 14.463175723016253, "x8": 1.2812589236923715, "x9": 2.749988712732662}, "datetime": {"datetime": "2025-05-18 00:54:36", "elapsed": 59241.789532, "delta": 70.605148}}
{"target": 5.4131219740716245, "params": {"x0": 0.8, "x1": 0.9, "x2": 3.1799116954839706, "x3": 5.722991470459561e-81, "x4": 1.7110077963815329, "x5": 1.4646583653675706e-82, "x6": 3.5942736073204546, "x7": 14.463175723016253, "x8": 1.2812589236923715, "x9": 2.749988712732662}, "datetime": {"datetime": "2025-05-18 00:55:41", "elapsed": 59307.456807, "delta": 65.667275}}
{"target": 5.4131219740716245, "params": {"x0": 0.8, "x1": 0.9, "x2": 3.1799116954839706, "x3": 8.074147565578892e-82, "x4": 1.7110077963815329, "x5": 1.5456066057260602e-81, "x6": 3.5942736073204546, "x7": 14.463175723016253, "x8": 1.2812589236923715, "x9": 2.749988712732662}, "datetime": {"datetime": "2025-05-18 00:56:47", "elapsed": 59373.498457, "delta": 66.04165}}
{"target": 5.4131219740716245, "params": {"x0": 0.8, "x1": 0.9, "x2": 3.1799116954839706, "x3": 1.2561520998987088e-81, "x4": 1.7110077963815329, "x5": 2.3241520692253363e-81, "x6": 3.5942736073204546, "x7": 14.463175723016253, "x8": 1.2812589236923715, "x9": 2.749988712732662}, "datetime": {"datetime": "2025-05-18 00:58:04", "elapsed": 59450.538753, "delta": 77.040296}}
{"target": 5.4131219740716245, "params": {"x0": 0.8, "x1": 0.9, "x2": 3.1799116954839706, "x3": 3.748862438883045e-81, "x4": 1.7110077963815329, "x5": 2.412402675458371e-81, "x6": 3.5942736073204546, "x7": 14.463175723016253, "x8": 1.2812589236923715, "x9": 2.749988712732662}, "datetime": {"datetime": "2025-05-18 00:59:33", "elapsed": 59539.527676, "delta": 88.988923}}
{"target": 5.4131219740716245, "params": {"x0": 0.8, "x1": 0.9, "x2": 3.1799116954839706, "x3": 3.6739212543328934e-81, "x4": 1.7110077963815329, "x5": 1.8080154362080212e-81, "x6": 3.5942736073204546, "x7": 14.463175723016253, "x8": 1.2812589236923715, "x9": 2.749988712732662}, "datetime": {"datetime": "2025-05-18 01:00:53", "elapsed": 59619.419374, "delta": 79.891698}}
{"target": 5.4131219740716245, "params": {"x0": 0.8, "x1": 0.9, "x2": 3.1799116954839706, "x3": 2.9203744925015126e-81, "x4": 1.7110077963815329, "x5": 1.6355134720933827e-81, "x6": 3.5942736073204546, "x7": 14.463175723016253, "x8": 1.2812589236923715, "x9": 2.749988712732662}, "datetime": {"datetime": "2025-05-18 01:02:06", "elapsed": 59691.785213, "delta": 72.365839}}
{"target": 5.4131219740716245, "params": {"x0": 0.8, "x1": 0.9, "x2": 3.1799116954839706, "x3": 1.0802039632223835e-82, "x4": 1.7110077963815329, "x5": 1.7483049107740766e-81, "x6": 3.5942736073204546, "x7": 14.463175723016253, "x8": 1.2812589236923715, "x9": 2.749988712732662}, "datetime": {"datetime": "2025-05-18 01:04:09", "elapsed": 59814.834079, "delta": 123.048866}}
{"target": 5.4131219740716245, "params": {"x0": 0.8, "x1": 0.9, "x2": 3.1799116954839706, "x3": 1.3823520839468988e-81, "x4": 1.7110077963815329, "x5": 1.7055183227116105e-81, "x6": 3.5942736073204546, "x7": 14.463175723016253, "x8": 1.2812589236923715, "x9": 2.749988712732662}, "datetime": {"datetime": "2025-05-18 01:05:54", "elapsed": 59920.125176, "delta": 105.291097}}
