{"target": 5.4131219740716245, "params": {"x0": 0.8, "x1": 0.9, "x2": 3.1799116954839706, "x3": 1.2259882842372074e-41, "x4": 1.7110077963815329, "x5": 4.5175862624994163e-41, "x6": 3.5942736073204546, "x7": 14.463175723016253, "x8": 1.2812589236923715, "x9": 2.749988712732662}, "datetime": {"datetime": "2025-05-17 12:20:00", "elapsed": 13966.039907, "delta": 25.043204}}
{"target": 5.4131219740716245, "params": {"x0": 0.8, "x1": 0.9, "x2": 3.1799116954839706, "x3": 9.718527809521265e-43, "x4": 1.7110077963815329, "x5": 3.1661698924653933e-41, "x6": 3.5942736073204546, "x7": 14.463175723016253, "x8": 1.2812589236923715, "x9": 2.749988712732662}, "datetime": {"datetime": "2025-05-17 12:20:29", "elapsed": 13994.984831, "delta": 28.944924}}
{"target": 5.4131219740716245, "params": {"x0": 0.8, "x1": 0.9, "x2": 3.1799116954839706, "x3": 3.144052012084205e-41, "x4": 1.7110077963815329, "x5": 2.3020148954355715e-41, "x6": 3.5942736073204546, "x7": 14.463175723016253, "x8": 1.2812589236923715, "x9": 2.749988712732662}, "datetime": {"datetime": "2025-05-17 12:20:56", "elapsed": 14021.934292, "delta": 26.949461}}
{"target": 5.4131219740716245, "params": {"x0": 0.8, "x1": 0.9, "x2": 3.1799116954839706, "x3": 1.2027001681248243e-41, "x4": 1.7110077963815329, "x5": 1.2005440049094306e-41, "x6": 3.5942736073204546, "x7": 14.463175723016253, "x8": 1.2812589236923715, "x9": 2.749988712732662}, "datetime": {"datetime": "2025-05-17 12:21:25", "elapsed": 14050.992749, "delta": 29.058457}}
{"target": 5.4131219740716245, "params": {"x0": 0.8, "x1": 0.9, "x2": 3.1799116954839706, "x3": 1.7017842951863214e-41, "x4": 1.7110077963815329, "x5": 6.0483991017558974e-43, "x6": 3.5942736073204546, "x7": 14.463175723016253, "x8": 1.2812589236923715, "x9": 2.749988712732662}, "datetime": {"datetime": "2025-05-17 12:21:51", "elapsed": 14077.205346, "delta": 26.212597}}
{"target": 5.4131219740716245, "params": {"x0": 0.8, "x1": 0.9, "x2": 3.1799116954839706, "x3": 2.2233838845511622e-41, "x4": 1.7110077963815329, "x5": 2.7434473766874153e-41, "x6": 3.5942736073204546, "x7": 14.463175723016253, "x8": 1.2812589236923715, "x9": 2.749988712732662}, "datetime": {"datetime": "2025-05-17 12:22:14", "elapsed": 14100.356136, "delta": 23.15079}}
{"target": 5.4131219740716245, "params": {"x0": 0.8, "x1": 0.9, "x2": 3.1799116954839706, "x3": 4.104492384981595e-41, "x4": 1.7110077963815329, "x5": 2.5580875817234745e-41, "x6": 3.5942736073204546, "x7": 14.463175723016253, "x8": 1.2812589236923715, "x9": 2.749988712732662}, "datetime": {"datetime": "2025-05-17 12:22:41", "elapsed": 14126.744212, "delta": 26.388076}}
{"target": 5.4131219740716245, "params": {"x0": 0.8, "x1": 0.9, "x2": 3.1799116954839706, "x3": 8.130286982650264e-42, "x4": 1.7110077963815329, "x5": 4.01078835666751e-42, "x6": 3.5942736073204546, "x7": 14.463175723016253, "x8": 1.2812589236923715, "x9": 2.749988712732662}, "datetime": {"datetime": "2025-05-17 12:23:04", "elapsed": 14150.186405, "delta": 23.442193}}
{"target": 5.4131219740716245, "params": {"x0": 0.8, "x1": 0.9, "x2": 3.1799116954839706, "x3": 3.107750591327318e-41, "x4": 1.7110077963815329, "x5": 2.0861357438702195e-41, "x6": 3.5942736073204546, "x7": 14.463175723016253, "x8": 1.2812589236923715, "x9": 2.749988712732662}, "datetime": {"datetime": "2025-05-17 12:23:30", "elapsed": 14176.472733, "delta": 26.286328}}
{"target": 5.4131219740716245, "params": {"x0": 0.8, "x1": 0.9, "x2": 3.1799116954839706, "x3": 5.388496372846187e-42, "x4": 1.7110077963815329, "x5": 1.9059992258162536e-41, "x6": 3.5942736073204546, "x7": 14.463175723016253, "x8": 1.2812589236923715, "x9": 2.749988712732662}, "datetime": {"datetime": "2025-05-17 12:24:04", "elapsed": 14209.736525, "delta": 33.263792}}
{"target": 5.4131219740716245, "params": {"x0": 0.8, "x1": 0.9, "x2": 3.1799116954839706, "x3": 6.155007268736288e-43, "x4": 1.7110077963815329, "x5": 1.7940272151636388e-41, "x6": 3.5942736073204546, "x7": 14.463175723016253, "x8": 1.2812589236923715, "x9": 2.749988712732662}, "datetime": {"datetime": "2025-05-17 12:24:30", "elapsed": 14236.60029, "delta": 26.863765}}
{"target": 5.4131219740716245, "params": {"x0": 0.8, "x1": 0.9, "x2": 3.1799116954839706, "x3": 6.283886451219174e-42, "x4": 1.7110077963815329, "x5": 1.2613887709223828e-41, "x6": 3.5942736073204546, "x7": 14.463175723016253, "x8": 1.2812589236923715, "x9": 2.749988712732662}, "datetime": {"datetime": "2025-05-17 12:24:55", "elapsed": 14261.604684, "delta": 25.004394}}
{"target": 5.4131219740716245, "params": {"x0": 0.8, "x1": 0.9, "x2": 3.1799116954839706, "x3": 7.573249529247437e-42, "x4": 1.7110077963815329, "x5": 9.431860631440321e-42, "x6": 3.5942736073204546, "x7": 14.463175723016253, "x8": 1.2812589236923715, "x9": 2.749988712732662}, "datetime": {"datetime": "2025-05-17 12:25:21", "elapsed": 14287.651533, "delta": 26.046849}}
{"target": 5.4131219740716245, "params": {"x0": 0.8, "x1": 0.9, "x2": 3.1799116954839706, "x3": 3.861124144905911e-42, "x4": 1.7110077963815329, "x5": 1.2367761513541498e-41, "x6": 3.5942736073204546, "x7": 14.463175723016253, "x8": 1.2812589236923715, "x9": 2.749988712732662}, "datetime": {"datetime": "2025-05-17 12:25:47", "elapsed": 14312.842693, "delta": 25.19116}}
{"target": 5.4131219740716245, "params": {"x0": 0.8, "x1": 0.9, "x2": 3.1799116954839706, "x3": 1.2970559147712014e-41, "x4": 1.7110077963815329, "x5": 1.197023245299876e-41, "x6": 3.5942736073204546, "x7": 14.463175723016253, "x8": 1.2812589236923715, "x9": 2.749988712732662}, "datetime": {"datetime": "2025-05-17 12:26:14", "elapsed": 14340.221684, "delta": 27.378991}}
{"target": 5.4131219740716245, "params": {"x0": 0.8, "x1": 0.9, "x2": 3.1799116954839706, "x3": 7.205745932940186e-42, "x4": 1.7110077963815329, "x5": 1.7310329216144737e-44, "x6": 3.5942736073204546, "x7": 14.463175723016253, "x8": 1.2812589236923715, "x9": 2.749988712732662}, "datetime": {"datetime": "2025-05-17 12:26:37", "elapsed": 14363.601282, "delta": 23.379598}}
{"target": 5.4131219740716245, "params": {"x0": 0.8, "x1": 0.9, "x2": 3.1799116954839706, "x3": 6.601454103129014e-42, "x4": 1.7110077963815329, "x5": 6.8683862684843e-42, "x6": 3.5942736073204546, "x7": 14.463175723016253, "x8": 1.2812589236923715, "x9": 2.749988712732662}, "datetime": {"datetime": "2025-05-17 12:27:03", "elapsed": 14389.039685, "delta": 25.438403}}
{"target": 5.4131219740716245, "params": {"x0": 0.8, "x1": 0.9, "x2": 3.1799116954839706, "x3": 7.346405432113253e-42, "x4": 1.7110077963815329, "x5": 9.185134988136496e-42, "x6": 3.5942736073204546, "x7": 14.463175723016253, "x8": 1.2812589236923715, "x9": 2.749988712732662}, "datetime": {"datetime": "2025-05-17 12:27:30", "elapsed": 14416.447729, "delta": 27.408044}}
{"target": 5.4131219740716245, "params": {"x0": 0.8, "x1": 0.9, "x2": 3.1799116954839706, "x3": 5.974218574694076e-42, "x4": 1.7110077963815329, "x5": 3.36901038927764e-43, "x6": 3.5942736073204546, "x7": 14.463175723016253, "x8": 1.2812589236923715, "x9": 2.749988712732662}, "datetime": {"datetime": "2025-05-17 12:27:54", "elapsed": 14440.641122, "delta": 24.193393}}
{"target": 5.4131219740716245, "params": {"x0": 0.8, "x1": 0.9, "x2": 3.1799116954839706, "x3": 6.551599730953108e-42, "x4": 1.7110077963815329, "x5": 2.567976223147779e-42, "x6": 3.5942736073204546, "x7": 14.463175723016253, "x8": 1.2812589236923715, "x9": 2.749988712732662}, "datetime": {"datetime": "2025-05-17 12:28:22", "elapsed": 14468.356028, "delta": 27.714906}}
{"target": 5.4131219740716245, "params": {"x0": 0.8, "x1": 0.9, "x2": 3.1799116954839706, "x3": 5.037822659179954e-42, "x4": 1.7110077963815329, "x5": 5.506980336551769e-42, "x6": 3.5942736073204546, "x7": 14.463175723016253, "x8": 1.2812589236923715, "x9": 2.749988712732662}, "datetime": {"datetime": "2025-05-17 12:28:52", "elapsed": 14498.475114, "delta": 30.119086}}
{"target": 5.4131219740716245, "params": {"x0": 0.8, "x1": 0.9, "x2": 3.1799116954839706, "x3": 2.950819994535629e-42, "x4": 1.7110077963815329, "x5": 3.831666517556704e-43, "x6": 3.5942736073204546, "x7": 14.463175723016253, "x8": 1.2812589236923715, "x9": 2.749988712732662}, "datetime": {"datetime": "2025-05-17 12:29:20", "elapsed": 14526.263211, "delta": 27.788097}}
{"target": 5.4131219740716245, "params": {"x0": 0.8, "x1": 0.9, "x2": 3.1799116954839706, "x3": 7.60462505687828e-42, "x4": 1.7110077963815329, "x5": 4.670963093221215e-42, "x6": 3.5942736073204546, "x7": 14.463175723016253, "x8": 1.2812589236923715, "x9": 2.749988712732662}, "datetime": {"datetime": "2025-05-17 12:29:50", "elapsed": 14555.9839, "delta": 29.720689}}
{"target": 5.4131219740716245, "params": {"x0": 0.8, "x1": 0.9, "x2": 3.1799116954839706, "x3": 1.3081639444907402e-42, "x4": 1.7110077963815329, "x5": 4.2211618834500464e-42, "x6": 3.5942736073204546, "x7": 14.463175723016253, "x8": 1.2812589236923715, "x9": 2.749988712732662}, "datetime": {"datetime": "2025-05-17 12:30:21", "elapsed": 14587.476381, "delta": 31.492481}}
{"target": 5.4131219740716245, "params": {"x0": 0.8, "x1": 0.9, "x2": 3.1799116954839706, "x3": 4.6231035038460945e-42, "x4": 1.7110077963815329, "x5": 2.0923896716871286e-42, "x6": 3.5942736073204546, "x7": 14.463175723016253, "x8": 1.2812589236923715, "x9": 2.749988712732662}, "datetime": {"datetime": "2025-05-17 12:30:45", "elapsed": 14610.749707, "delta": 23.273326}}
{"target": 5.4131219740716245, "params": {"x0": 0.8, "x1": 0.9, "x2": 3.1799116954839706, "x3": 5.336920733452778e-42, "x4": 1.7110077963815329, "x5": 3.2981519621729394e-42, "x6": 3.5942736073204546, "x7": 14.463175723016253, "x8": 1.2812589236923715, "x9": 2.749988712732662}, "datetime": {"datetime": "2025-05-17 12:31:11", "elapsed": 14636.932424, "delta": 26.182717}}
{"target": 5.4131219740716245, "params": {"x0": 0.8, "x1": 0.9, "x2": 3.1799116954839706, "x3": 2.115703092810956e-42, "x4": 1.7110077963815329, "x5": 2.034968854037665e-42, "x6": 3.5942736073204546, "x7": 14.463175723016253, "x8": 1.2812589236923715, "x9": 2.749988712732662}, "datetime": {"datetime": "2025-05-17 12:31:37", "elapsed": 14662.788669, "delta": 25.856245}}
{"target": 5.4131219740716245, "params": {"x0": 0.8, "x1": 0.9, "x2": 3.1799116954839706, "x3": 2.1276516787944836e-42, "x4": 1.7110077963815329, "x5": 2.9545262211732685e-42, "x6": 3.5942736073204546, "x7": 14.463175723016253, "x8": 1.2812589236923715, "x9": 2.749988712732662}, "datetime": {"datetime": "2025-05-17 12:32:03", "elapsed": 14689.330922, "delta": 26.542253}}
{"target": 5.4131219740716245, "params": {"x0": 0.8, "x1": 0.9, "x2": 3.1799116954839706, "x3": 1.9073551253127702e-42, "x4": 1.7110077963815329, "x5": 2.117009021685307e-42, "x6": 3.5942736073204546, "x7": 14.463175723016253, "x8": 1.2812589236923715, "x9": 2.749988712732662}, "datetime": {"datetime": "2025-05-17 12:32:30", "elapsed": 14715.963019, "delta": 26.632097}}
{"target": 5.4131219740716245, "params": {"x0": 0.8, "x1": 0.9, "x2": 3.1799116954839706, "x3": 3.2927831294973887e-42, "x4": 1.7110077963815329, "x5": 1.5826573222759228e-43, "x6": 3.5942736073204546, "x7": 14.463175723016253, "x8": 1.2812589236923715, "x9": 2.749988712732662}, "datetime": {"datetime": "2025-05-17 12:32:49", "elapsed": 14735.655096, "delta": 19.692077}}
{"target": 5.4131219740716245, "params": {"x0": 0.8, "x1": 0.9, "x2": 3.1799116954839706, "x3": 2.8305412171472002e-42, "x4": 1.7110077963815329, "x5": 8.005214493419586e-43, "x6": 3.5942736073204546, "x7": 14.463175723016253, "x8": 1.2812589236923715, "x9": 2.749988712732662}, "datetime": {"datetime": "2025-05-17 12:33:13", "elapsed": 14759.51679, "delta": 23.861694}}
{"target": 5.4131219740716245, "params": {"x0": 0.8, "x1": 0.9, "x2": 3.1799116954839706, "x3": 2.93777835708311e-42, "x4": 1.7110077963815329, "x5": 4.1969438541102015e-43, "x6": 3.5942736073204546, "x7": 14.463175723016253, "x8": 1.2812589236923715, "x9": 2.749988712732662}, "datetime": {"datetime": "2025-05-17 12:33:43", "elapsed": 14788.990201, "delta": 29.473411}}
{"target": 5.4131219740716245, "params": {"x0": 0.8, "x1": 0.9, "x2": 3.1799116954839706, "x3": 1.7304019437867993e-43, "x4": 1.7110077963815329, "x5": 3.693441368330897e-43, "x6": 3.5942736073204546, "x7": 14.463175723016253, "x8": 1.2812589236923715, "x9": 2.749988712732662}, "datetime": {"datetime": "2025-05-17 12:34:14", "elapsed": 14819.994767, "delta": 31.004566}}
{"target": 5.4131219740716245, "params": {"x0": 0.8, "x1": 0.9, "x2": 3.1799116954839706, "x3": 1.988500798745809e-43, "x4": 1.7110077963815329, "x5": 3.1498882131358026e-43, "x6": 3.5942736073204546, "x7": 14.463175723016253, "x8": 1.2812589236923715, "x9": 2.749988712732662}, "datetime": {"datetime": "2025-05-17 12:34:38", "elapsed": 14844.032012, "delta": 24.037245}}
{"target": 5.4131219740716245, "params": {"x0": 0.8, "x1": 0.9, "x2": 3.1799116954839706, "x3": 2.705121530089248e-43, "x4": 1.7110077963815329, "x5": 8.406683094739172e-43, "x6": 3.5942736073204546, "x7": 14.463175723016253, "x8": 1.2812589236923715, "x9": 2.749988712732662}, "datetime": {"datetime": "2025-05-17 12:35:05", "elapsed": 14871.550511, "delta": 27.518499}}
{"target": 5.4131219740716245, "params": {"x0": 0.8, "x1": 0.9, "x2": 3.1799116954839706, "x3": 6.7721892103901315e-43, "x4": 1.7110077963815329, "x5": 1.413639823045028e-44, "x6": 3.5942736073204546, "x7": 14.463175723016253, "x8": 1.2812589236923715, "x9": 2.749988712732662}, "datetime": {"datetime": "2025-05-17 12:35:39", "elapsed": 14905.088049, "delta": 33.537538}}
{"target": 5.4131219740716245, "params": {"x0": 0.8, "x1": 0.9, "x2": 3.1799116954839706, "x3": 2.9629321840920253e-44, "x4": 1.7110077963815329, "x5": 3.031543083200866e-43, "x6": 3.5942736073204546, "x7": 14.463175723016253, "x8": 1.2812589236923715, "x9": 2.749988712732662}, "datetime": {"datetime": "2025-05-17 12:36:00", "elapsed": 14926.402395, "delta": 21.314346}}
{"target": 5.4131219740716245, "params": {"x0": 0.8, "x1": 0.9, "x2": 3.1799116954839706, "x3": 3.609780939291878e-43, "x4": 1.7110077963815329, "x5": 1.9398470436303803e-43, "x6": 3.5942736073204546, "x7": 14.463175723016253, "x8": 1.2812589236923715, "x9": 2.749988712732662}, "datetime": {"datetime": "2025-05-17 12:36:28", "elapsed": 14954.180559, "delta": 27.778164}}
{"target": 5.4131219740716245, "params": {"x0": 0.8, "x1": 0.9, "x2": 3.1799116954839706, "x3": 1.3995839285878784e-42, "x4": 1.7110077963815329, "x5": 6.607758167469397e-43, "x6": 3.5942736073204546, "x7": 14.463175723016253, "x8": 1.2812589236923715, "x9": 2.749988712732662}, "datetime": {"datetime": "2025-05-17 12:37:02", "elapsed": 14988.317276, "delta": 34.136717}}
{"target": 5.4131219740716245, "params": {"x0": 0.8, "x1": 0.9, "x2": 3.1799116954839706, "x3": 8.409108585086961e-43, "x4": 1.7110077963815329, "x5": 5.188964096068058e-44, "x6": 3.5942736073204546, "x7": 14.463175723016253, "x8": 1.2812589236923715, "x9": 2.749988712732662}, "datetime": {"datetime": "2025-05-17 12:37:33", "elapsed": 15018.80533, "delta": 30.488054}}
{"target": 5.4131219740716245, "params": {"x0": 0.8, "x1": 0.9, "x2": 3.1799116954839706, "x3": 9.376846161777635e-43, "x4": 1.7110077963815329, "x5": 8.057782931277014e-43, "x6": 3.5942736073204546, "x7": 14.463175723016253, "x8": 1.2812589236923715, "x9": 2.749988712732662}, "datetime": {"datetime": "2025-05-17 12:38:01", "elapsed": 15046.959047, "delta": 28.153717}}
{"target": 5.4131219740716245, "params": {"x0": 0.8, "x1": 0.9, "x2": 3.1799116954839706, "x3": 2.931283197943027e-43, "x4": 1.7110077963815329, "x5": 7.095229092184828e-43, "x6": 3.5942736073204546, "x7": 14.463175723016253, "x8": 1.2812589236923715, "x9": 2.749988712732662}, "datetime": {"datetime": "2025-05-17 12:38:27", "elapsed": 15072.781925, "delta": 25.822878}}
{"target": 5.4131219740716245, "params": {"x0": 0.8, "x1": 0.9, "x2": 3.1799116954839706, "x3": 7.580085313497575e-43, "x4": 1.7110077963815329, "x5": 3.718449822429372e-43, "x6": 3.5942736073204546, "x7": 14.463175723016253, "x8": 1.2812589236923715, "x9": 2.749988712732662}, "datetime": {"datetime": "2025-05-17 12:39:00", "elapsed": 15105.97941, "delta": 33.197485}}
{"target": 5.4131219740716245, "params": {"x0": 0.8, "x1": 0.9, "x2": 3.1799116954839706, "x3": 1.5253237457650446e-43, "x4": 1.7110077963815329, "x5": 2.5895950173865775e-43, "x6": 3.5942736073204546, "x7": 14.463175723016253, "x8": 1.2812589236923715, "x9": 2.749988712732662}, "datetime": {"datetime": "2025-05-17 12:39:26", "elapsed": 15132.238893, "delta": 26.259483}}
{"target": 5.4131219740716245, "params": {"x0": 0.8, "x1": 0.9, "x2": 3.1799116954839706, "x3": 2.1318467155924954e-45, "x4": 1.7110077963815329, "x5": 1.2807532439268972e-43, "x6": 3.5942736073204546, "x7": 14.463175723016253, "x8": 1.2812589236923715, "x9": 2.749988712732662}, "datetime": {"datetime": "2025-05-17 12:39:56", "elapsed": 15162.028008, "delta": 29.789115}}
{"target": 5.4131219740716245, "params": {"x0": 0.8, "x1": 0.9, "x2": 3.1799116954839706, "x3": 2.4963377226292688e-43, "x4": 1.7110077963815329, "x5": 4.6506862413366006e-43, "x6": 3.5942736073204546, "x7": 14.463175723016253, "x8": 1.2812589236923715, "x9": 2.749988712732662}, "datetime": {"datetime": "2025-05-17 12:40:30", "elapsed": 15196.079512, "delta": 34.051504}}
{"target": 5.4131219740716245, "params": {"x0": 0.8, "x1": 0.9, "x2": 3.1799116954839706, "x3": 6.054990451526826e-43, "x4": 1.7110077963815329, "x5": 1.2393735351246813e-43, "x6": 3.5942736073204546, "x7": 14.463175723016253, "x8": 1.2812589236923715, "x9": 2.749988712732662}, "datetime": {"datetime": "2025-05-17 12:40:54", "elapsed": 15220.637148, "delta": 24.557636}}
{"target": 5.4131219740716245, "params": {"x0": 0.8, "x1": 0.9, "x2": 3.1799116954839706, "x3": 5.194617735116847e-43, "x4": 1.7110077963815329, "x5": 3.2524815752586708e-43, "x6": 3.5942736073204546, "x7": 14.463175723016253, "x8": 1.2812589236923715, "x9": 2.749988712732662}, "datetime": {"datetime": "2025-05-17 12:41:32", "elapsed": 15258.39859, "delta": 37.761442}}
{"target": 5.4131219740716245, "params": {"x0": 0.8, "x1": 0.9, "x2": 3.1799116954839706, "x3": 4.962071099091279e-43, "x4": 1.7110077963815329, "x5": 3.4303097577460385e-43, "x6": 3.5942736073204546, "x7": 14.463175723016253, "x8": 1.2812589236923715, "x9": 2.749988712732662}, "datetime": {"datetime": "2025-05-17 12:42:02", "elapsed": 15288.141864, "delta": 29.743274}}
{"target": 5.4131219740716245, "params": {"x0": 0.8, "x1": 0.9, "x2": 3.1799116954839706, "x3": 3.62083614161989e-43, "x4": 1.7110077963815329, "x5": 7.424371227850062e-44, "x6": 3.5942736073204546, "x7": 14.463175723016253, "x8": 1.2812589236923715, "x9": 2.749988712732662}, "datetime": {"datetime": "2025-05-17 12:42:26", "elapsed": 15312.303655, "delta": 24.161791}}
{"target": 5.4131219740716245, "params": {"x0": 0.8, "x1": 0.9, "x2": 3.1799116954839706, "x3": 3.3063525564718236e-43, "x4": 1.7110077963815329, "x5": 1.228593002212531e-43, "x6": 3.5942736073204546, "x7": 14.463175723016253, "x8": 1.2812589236923715, "x9": 2.749988712732662}, "datetime": {"datetime": "2025-05-17 12:42:54", "elapsed": 15340.022707, "delta": 27.719052}}
{"target": 5.4131219740716245, "params": {"x0": 0.8, "x1": 0.9, "x2": 3.1799116954839706, "x3": 2.121914893613396e-43, "x4": 1.7110077963815329, "x5": 3.797907045970041e-44, "x6": 3.5942736073204546, "x7": 14.463175723016253, "x8": 1.2812589236923715, "x9": 2.749988712732662}, "datetime": {"datetime": "2025-05-17 12:43:27", "elapsed": 15373.377051, "delta": 33.354344}}
{"target": 5.4131219740716245, "params": {"x0": 0.8, "x1": 0.9, "x2": 3.1799116954839706, "x3": 8.260715511891368e-44, "x4": 1.7110077963815329, "x5": 9.685535916909056e-44, "x6": 3.5942736073204546, "x7": 14.463175723016253, "x8": 1.2812589236923715, "x9": 2.749988712732662}, "datetime": {"datetime": "2025-05-17 12:43:54", "elapsed": 15400.373525, "delta": 26.996474}}
{"target": 5.4131219740716245, "params": {"x0": 0.8, "x1": 0.9, "x2": 3.1799116954839706, "x3": 4.61527611127159e-44, "x4": 1.7110077963815329, "x5": 1.9268659597733098e-43, "x6": 3.5942736073204546, "x7": 14.463175723016253, "x8": 1.2812589236923715, "x9": 2.749988712732662}, "datetime": {"datetime": "2025-05-17 12:44:24", "elapsed": 15430.698671, "delta": 30.325146}}
{"target": 5.4131219740716245, "params": {"x0": 0.8, "x1": 0.9, "x2": 3.1799116954839706, "x3": 2.55732421424846e-43, "x4": 1.7110077963815329, "x5": 1.306257725212466e-43, "x6": 3.5942736073204546, "x7": 14.463175723016253, "x8": 1.2812589236923715, "x9": 2.749988712732662}, "datetime": {"datetime": "2025-05-17 12:44:50", "elapsed": 15456.411552, "delta": 25.712881}}
{"target": 5.4131219740716245, "params": {"x0": 0.8, "x1": 0.9, "x2": 3.1799116954839706, "x3": 3.548132366916801e-44, "x4": 1.7110077963815329, "x5": 1.5638786090083218e-43, "x6": 3.5942736073204546, "x7": 14.463175723016253, "x8": 1.2812589236923715, "x9": 2.749988712732662}, "datetime": {"datetime": "2025-05-17 12:45:18", "elapsed": 15483.751814, "delta": 27.340262}}
{"target": 5.4131219740716245, "params": {"x0": 0.8, "x1": 0.9, "x2": 3.1799116954839706, "x3": 1.8616922963058344e-43, "x4": 1.7110077963815329, "x5": 1.1308740541106285e-43, "x6": 3.5942736073204546, "x7": 14.463175723016253, "x8": 1.2812589236923715, "x9": 2.749988712732662}, "datetime": {"datetime": "2025-05-17 12:45:45", "elapsed": 15511.039814, "delta": 27.288}}
{"target": 5.4131219740716245, "params": {"x0": 0.8, "x1": 0.9, "x2": 3.1799116954839706, "x3": 1.1528011911901395e-43, "x4": 1.7110077963815329, "x5": 1.069839863715182e-43, "x6": 3.5942736073204546, "x7": 14.463175723016253, "x8": 1.2812589236923715, "x9": 2.749988712732662}, "datetime": {"datetime": "2025-05-17 12:46:16", "elapsed": 15542.53098, "delta": 31.491166}}
{"target": 5.4131219740716245, "params": {"x0": 0.8, "x1": 0.9, "x2": 3.1799116954839706, "x3": 3.676267508013797e-44, "x4": 1.7110077963815329, "x5": 6.6497511248118e-44, "x6": 3.5942736073204546, "x7": 14.463175723016253, "x8": 1.2812589236923715, "x9": 2.749988712732662}, "datetime": {"datetime": "2025-05-17 12:46:37", "elapsed": 15563.3379, "delta": 20.80692}}
