{"target": 5.4131219740716245, "params": {"x0": 0.8, "x1": 0.9, "x2": 3.1799116954839706, "x3": 3.171549673671155e-84, "x4": 1.7110077963815329, "x5": 2.7542904636970255e-84, "x6": 3.5942736073204546, "x7": 14.463175723016253, "x8": 1.2812589236923715, "x9": 2.749988712732662}, "datetime": {"datetime": "2025-05-18 02:31:59", "elapsed": 65085.41281, "delta": 80.474128}}
{"target": 5.4131219740716245, "params": {"x0": 0.8, "x1": 0.9, "x2": 3.1799116954839706, "x3": 1.5134788200275363e-84, "x4": 1.7110077963815329, "x5": 1.7530663018966477e-84, "x6": 3.5942736073204546, "x7": 14.463175723016253, "x8": 1.2812589236923715, "x9": 2.749988712732662}, "datetime": {"datetime": "2025-05-18 02:33:05", "elapsed": 65150.905722, "delta": 65.492912}}
{"target": 5.4131219740716245, "params": {"x0": 0.8, "x1": 0.9, "x2": 3.1799116954839706, "x3": 7.500842783580847e-85, "x4": 1.7110077963815329, "x5": 8.905590929822573e-85, "x6": 3.5942736073204546, "x7": 14.463175723016253, "x8": 1.2812589236923715, "x9": 2.749988712732662}, "datetime": {"datetime": "2025-05-18 02:34:38", "elapsed": 65244.366226, "delta": 93.460504}}
{"target": 5.4131219740716245, "params": {"x0": 0.8, "x1": 0.9, "x2": 3.1799116954839706, "x3": 3.0890551368775585e-84, "x4": 1.7110077963815329, "x5": 1.1331864755441587e-84, "x6": 3.5942736073204546, "x7": 14.463175723016253, "x8": 1.2812589236923715, "x9": 2.749988712732662}, "datetime": {"datetime": "2025-05-18 02:35:59", "elapsed": 65325.540651, "delta": 81.174425}}
{"target": 5.4131219740716245, "params": {"x0": 0.8, "x1": 0.9, "x2": 3.1799116954839706, "x3": 3.1649156183757415e-84, "x4": 1.7110077963815329, "x5": 1.0239009274918751e-84, "x6": 3.5942736073204546, "x7": 14.463175723016253, "x8": 1.2812589236923715, "x9": 2.749988712732662}, "datetime": {"datetime": "2025-05-18 02:37:36", "elapsed": 65422.370689, "delta": 96.830038}}
{"target": 5.4131219740716245, "params": {"x0": 0.8, "x1": 0.9, "x2": 3.1799116954839706, "x3": 2.2305262489679658e-84, "x4": 1.7110077963815329, "x5": 4.2730853045991e-86, "x6": 3.5942736073204546, "x7": 14.463175723016253, "x8": 1.2812589236923715, "x9": 2.749988712732662}, "datetime": {"datetime": "2025-05-18 02:38:54", "elapsed": 65499.979905, "delta": 77.609216}}
{"target": 5.4131219740716245, "params": {"x0": 0.8, "x1": 0.9, "x2": 3.1799116954839706, "x3": 1.9321211161459922e-84, "x4": 1.7110077963815329, "x5": 5.273394353561911e-85, "x6": 3.5942736073204546, "x7": 14.463175723016253, "x8": 1.2812589236923715, "x9": 2.749988712732662}, "datetime": {"datetime": "2025-05-18 02:40:25", "elapsed": 65590.995971, "delta": 91.016066}}
{"target": 5.4131219740716245, "params": {"x0": 0.8, "x1": 0.9, "x2": 3.1799116954839706, "x3": 1.1831352979117402e-84, "x4": 1.7110077963815329, "x5": 1.5458136464316537e-84, "x6": 3.5942736073204546, "x7": 14.463175723016253, "x8": 1.2812589236923715, "x9": 2.749988712732662}, "datetime": {"datetime": "2025-05-18 02:41:49", "elapsed": 65674.799886, "delta": 83.803915}}
{"target": 5.4131219740716245, "params": {"x0": 0.8, "x1": 0.9, "x2": 3.1799116954839706, "x3": 1.0419991546620678e-84, "x4": 1.7110077963815329, "x5": 2.4299330124499943e-85, "x6": 3.5942736073204546, "x7": 14.463175723016253, "x8": 1.2812589236923715, "x9": 2.749988712732662}, "datetime": {"datetime": "2025-05-18 02:42:56", "elapsed": 65742.610479, "delta": 67.810593}}
{"target": 5.4131219740716245, "params": {"x0": 0.8, "x1": 0.9, "x2": 3.1799116954839706, "x3": 1.288532094561338e-84, "x4": 1.7110077963815329, "x5": 1.163295322256188e-84, "x6": 3.5942736073204546, "x7": 14.463175723016253, "x8": 1.2812589236923715, "x9": 2.749988712732662}, "datetime": {"datetime": "2025-05-18 02:44:23", "elapsed": 65829.572046, "delta": 86.961567}}
{"target": 5.4131219740716245, "params": {"x0": 0.8, "x1": 0.9, "x2": 3.1799116954839706, "x3": 3.13798686220822e-85, "x4": 1.7110077963815329, "x5": 1.0137788154793338e-84, "x6": 3.5942736073204546, "x7": 14.463175723016253, "x8": 1.2812589236923715, "x9": 2.749988712732662}, "datetime": {"datetime": "2025-05-18 02:45:45", "elapsed": 65910.764627, "delta": 81.192581}}
{"target": 5.4131219740716245, "params": {"x0": 0.8, "x1": 0.9, "x2": 3.1799116954839706, "x3": 4.9779524422482847e-85, "x4": 1.7110077963815329, "x5": 5.22686771205089e-85, "x6": 3.5942736073204546, "x7": 14.463175723016253, "x8": 1.2812589236923715, "x9": 2.749988712732662}, "datetime": {"datetime": "2025-05-18 02:47:05", "elapsed": 65991.180647, "delta": 80.41602}}
{"target": 5.4131219740716245, "params": {"x0": 0.8, "x1": 0.9, "x2": 3.1799116954839706, "x3": 2.1248776914322317e-85, "x4": 1.7110077963815329, "x5": 3.4905749227388955e-85, "x6": 3.5942736073204546, "x7": 14.463175723016253, "x8": 1.2812589236923715, "x9": 2.749988712732662}, "datetime": {"datetime": "2025-05-18 02:48:30", "elapsed": 66076.281371, "delta": 85.100724}}
{"target": 5.4131219740716245, "params": {"x0": 0.8, "x1": 0.9, "x2": 3.1799116954839706, "x3": 1.0844469995550297e-85, "x4": 1.7110077963815329, "x5": 3.555415990110862e-85, "x6": 3.5942736073204546, "x7": 14.463175723016253, "x8": 1.2812589236923715, "x9": 2.749988712732662}, "datetime": {"datetime": "2025-05-18 02:50:29", "elapsed": 66194.824415, "delta": 118.543044}}
{"target": 5.4131219740716245, "params": {"x0": 0.8, "x1": 0.9, "x2": 3.1799116954839706, "x3": 6.563994946284507e-85, "x4": 1.7110077963815329, "x5": 3.8093796923181943e-85, "x6": 3.5942736073204546, "x7": 14.463175723016253, "x8": 1.2812589236923715, "x9": 2.749988712732662}, "datetime": {"datetime": "2025-05-18 02:51:48", "elapsed": 66273.863834, "delta": 79.039419}}
{"target": 5.4131219740716245, "params": {"x0": 0.8, "x1": 0.9, "x2": 3.1799116954839706, "x3": 8.934163079892903e-85, "x4": 1.7110077963815329, "x5": 4.2335180965029257e-85, "x6": 3.5942736073204546, "x7": 14.463175723016253, "x8": 1.2812589236923715, "x9": 2.749988712732662}, "datetime": {"datetime": "2025-05-18 02:53:13", "elapsed": 66359.053974, "delta": 85.19014}}
{"target": 5.4131219740716245, "params": {"x0": 0.8, "x1": 0.9, "x2": 3.1799116954839706, "x3": 8.490872064265017e-85, "x4": 1.7110077963815329, "x5": 2.2761817861962217e-86, "x6": 3.5942736073204546, "x7": 14.463175723016253, "x8": 1.2812589236923715, "x9": 2.749988712732662}, "datetime": {"datetime": "2025-05-18 02:54:42", "elapsed": 66448.656964, "delta": 89.60299}}
{"target": 5.4131219740716245, "params": {"x0": 0.8, "x1": 0.9, "x2": 3.1799116954839706, "x3": 4.7576000969923584e-85, "x4": 1.7110077963815329, "x5": 4.452561303148549e-85, "x6": 3.5942736073204546, "x7": 14.463175723016253, "x8": 1.2812589236923715, "x9": 2.749988712732662}, "datetime": {"datetime": "2025-05-18 02:56:08", "elapsed": 66534.283066, "delta": 85.626102}}
{"target": 5.4131219740716245, "params": {"x0": 0.8, "x1": 0.9, "x2": 3.1799116954839706, "x3": 7.605535591522308e-85, "x4": 1.7110077963815329, "x5": 2.376952108380031e-85, "x6": 3.5942736073204546, "x7": 14.463175723016253, "x8": 1.2812589236923715, "x9": 2.749988712732662}, "datetime": {"datetime": "2025-05-18 02:57:33", "elapsed": 66619.304006, "delta": 85.02094}}
{"target": 5.4131219740716245, "params": {"x0": 0.8, "x1": 0.9, "x2": 3.1799116954839706, "x3": 1.4540183357950714e-85, "x4": 1.7110077963815329, "x5": 1.983847836832733e-85, "x6": 3.5942736073204546, "x7": 14.463175723016253, "x8": 1.2812589236923715, "x9": 2.749988712732662}, "datetime": {"datetime": "2025-05-18 02:58:39", "elapsed": 66685.6304, "delta": 66.326394}}
{"target": 5.4131219740716245, "params": {"x0": 0.8, "x1": 0.9, "x2": 3.1799116954839706, "x3": 5.4820008075132e-85, "x4": 1.7110077963815329, "x5": 3.5101935415404515e-85, "x6": 3.5942736073204546, "x7": 14.463175723016253, "x8": 1.2812589236923715, "x9": 2.749988712732662}, "datetime": {"datetime": "2025-05-18 03:00:02", "elapsed": 66768.622973, "delta": 82.992573}}
{"target": 5.4131219740716245, "params": {"x0": 0.8, "x1": 0.9, "x2": 3.1799116954839706, "x3": 3.838865280412973e-85, "x4": 1.7110077963815329, "x5": 4.059371512689535e-86, "x6": 3.5942736073204546, "x7": 14.463175723016253, "x8": 1.2812589236923715, "x9": 2.749988712732662}, "datetime": {"datetime": "2025-05-18 03:01:31", "elapsed": 66856.835792, "delta": 88.212819}}
{"target": 5.4131219740716245, "params": {"x0": 0.8, "x1": 0.9, "x2": 3.1799116954839706, "x3": 9.614653461456133e-86, "x4": 1.7110077963815329, "x5": 2.255460488400987e-85, "x6": 3.5942736073204546, "x7": 14.463175723016253, "x8": 1.2812589236923715, "x9": 2.749988712732662}, "datetime": {"datetime": "2025-05-18 03:03:13", "elapsed": 66959.052343, "delta": 102.216551}}
{"target": 5.4131219740716245, "params": {"x0": 0.8, "x1": 0.9, "x2": 3.1799116954839706, "x3": 9.48616750416005e-86, "x4": 1.7110077963815329, "x5": 2.115285980665258e-85, "x6": 3.5942736073204546, "x7": 14.463175723016253, "x8": 1.2812589236923715, "x9": 2.749988712732662}, "datetime": {"datetime": "2025-05-18 03:04:35", "elapsed": 67041.401579, "delta": 82.349236}}
{"target": 5.4131219740716245, "params": {"x0": 0.8, "x1": 0.9, "x2": 3.1799116954839706, "x3": 1.5212365737141053e-85, "x4": 1.7110077963815329, "x5": 8.57056555058893e-86, "x6": 3.5942736073204546, "x7": 14.463175723016253, "x8": 1.2812589236923715, "x9": 2.749988712732662}, "datetime": {"datetime": "2025-05-18 03:06:09", "elapsed": 67135.106104, "delta": 93.704525}}
{"target": 5.4131219740716245, "params": {"x0": 0.8, "x1": 0.9, "x2": 3.1799116954839706, "x3": 6.796735302159387e-86, "x4": 1.7110077963815329, "x5": 9.047166587956472e-87, "x6": 3.5942736073204546, "x7": 14.463175723016253, "x8": 1.2812589236923715, "x9": 2.749988712732662}, "datetime": {"datetime": "2025-05-18 03:07:21", "elapsed": 67207.293052, "delta": 72.186948}}
{"target": 5.4131219740716245, "params": {"x0": 0.8, "x1": 0.9, "x2": 3.1799116954839706, "x3": 1.641414050008481e-85, "x4": 1.7110077963815329, "x5": 8.906174140875354e-86, "x6": 3.5942736073204546, "x7": 14.463175723016253, "x8": 1.2812589236923715, "x9": 2.749988712732662}, "datetime": {"datetime": "2025-05-18 03:08:50", "elapsed": 67295.914368, "delta": 88.621316}}
{"target": 5.4131219740716245, "params": {"x0": 0.8, "x1": 0.9, "x2": 3.1799116954839706, "x3": 2.799074384203684e-85, "x4": 1.7110077963815329, "x5": 7.437777976100154e-86, "x6": 3.5942736073204546, "x7": 14.463175723016253, "x8": 1.2812589236923715, "x9": 2.749988712732662}, "datetime": {"datetime": "2025-05-18 03:10:27", "elapsed": 67393.709271, "delta": 97.794903}}
{"target": 5.4131219740716245, "params": {"x0": 0.8, "x1": 0.9, "x2": 3.1799116954839706, "x3": 2.6301849785784254e-86, "x4": 1.7110077963815329, "x5": 1.715022754327748e-86, "x6": 3.5942736073204546, "x7": 14.463175723016253, "x8": 1.2812589236923715, "x9": 2.749988712732662}, "datetime": {"datetime": "2025-05-18 03:12:03", "elapsed": 67488.902186, "delta": 95.192915}}
{"target": 5.4131219740716245, "params": {"x0": 0.8, "x1": 0.9, "x2": 3.1799116954839706, "x3": 1.9399051297685094e-85, "x4": 1.7110077963815329, "x5": 1.429152657297681e-85, "x6": 3.5942736073204546, "x7": 14.463175723016253, "x8": 1.2812589236923715, "x9": 2.749988712732662}, "datetime": {"datetime": "2025-05-18 03:13:34", "elapsed": 67580.555561, "delta": 91.653375}}
{"target": 5.4131219740716245, "params": {"x0": 0.8, "x1": 0.9, "x2": 3.1799116954839706, "x3": 1.2124035554506654e-85, "x4": 1.7110077963815329, "x5": 1.1767973436532985e-85, "x6": 3.5942736073204546, "x7": 14.463175723016253, "x8": 1.2812589236923715, "x9": 2.749988712732662}, "datetime": {"datetime": "2025-05-18 03:14:41", "elapsed": 67647.116885, "delta": 66.561324}}
{"target": 5.4131219740716245, "params": {"x0": 0.8, "x1": 0.9, "x2": 3.1799116954839706, "x3": 4.626181572873254e-86, "x4": 1.7110077963815329, "x5": 4.217318361365952e-86, "x6": 3.5942736073204546, "x7": 14.463175723016253, "x8": 1.2812589236923715, "x9": 2.749988712732662}, "datetime": {"datetime": "2025-05-18 03:16:06", "elapsed": 67732.389153, "delta": 85.272268}}
{"target": 5.4131219740716245, "params": {"x0": 0.8, "x1": 0.9, "x2": 3.1799116954839706, "x3": 1.2146738485071925e-85, "x4": 1.7110077963815329, "x5": 4.5300253824499937e-88, "x6": 3.5942736073204546, "x7": 14.463175723016253, "x8": 1.2812589236923715, "x9": 2.749988712732662}, "datetime": {"datetime": "2025-05-18 03:17:38", "elapsed": 67824.222475, "delta": 91.833322}}
{"target": 5.4131219740716245, "params": {"x0": 0.8, "x1": 0.9, "x2": 3.1799116954839706, "x3": 1.1905225389231384e-85, "x4": 1.7110077963815329, "x5": 1.0510174535997155e-85, "x6": 3.5942736073204546, "x7": 14.463175723016253, "x8": 1.2812589236923715, "x9": 2.749988712732662}, "datetime": {"datetime": "2025-05-18 03:19:08", "elapsed": 67914.727889, "delta": 90.505414}}
{"target": 5.4131219740716245, "params": {"x0": 0.8, "x1": 0.9, "x2": 3.1799116954839706, "x3": 1.8757966836058222e-86, "x4": 1.7110077963815329, "x5": 7.21730373740849e-86, "x6": 3.5942736073204546, "x7": 14.463175723016253, "x8": 1.2812589236923715, "x9": 2.749988712732662}, "datetime": {"datetime": "2025-05-18 03:20:20", "elapsed": 67986.677783, "delta": 71.949894}}
{"target": 5.4131219740716245, "params": {"x0": 0.8, "x1": 0.9, "x2": 3.1799116954839706, "x3": 6.052578411323162e-86, "x4": 1.7110077963815329, "x5": 3.769428891021068e-86, "x6": 3.5942736073204546, "x7": 14.463175723016253, "x8": 1.2812589236923715, "x9": 2.749988712732662}, "datetime": {"datetime": "2025-05-18 03:22:18", "elapsed": 68104.582522, "delta": 117.904739}}
{"target": 5.4131219740716245, "params": {"x0": 0.8, "x1": 0.9, "x2": 3.1799116954839706, "x3": 3.3299016650684355e-86, "x4": 1.7110077963815329, "x5": 1.3080308610827038e-86, "x6": 3.5942736073204546, "x7": 14.463175723016253, "x8": 1.2812589236923715, "x9": 2.749988712732662}, "datetime": {"datetime": "2025-05-18 03:23:44", "elapsed": 68190.033007, "delta": 85.450485}}
{"target": 5.4131219740716245, "params": {"x0": 0.8, "x1": 0.9, "x2": 3.1799116954839706, "x3": 8.240152878585571e-86, "x4": 1.7110077963815329, "x5": 6.216193767654597e-86, "x6": 3.5942736073204546, "x7": 14.463175723016253, "x8": 1.2812589236923715, "x9": 2.749988712732662}, "datetime": {"datetime": "2025-05-18 03:25:24", "elapsed": 68289.776466, "delta": 99.743459}}
{"target": 5.4131219740716245, "params": {"x0": 0.8, "x1": 0.9, "x2": 3.1799116954839706, "x3": 8.874655067299551e-86, "x4": 1.7110077963815329, "x5": 1.4587563050516239e-86, "x6": 3.5942736073204546, "x7": 14.463175723016253, "x8": 1.2812589236923715, "x9": 2.749988712732662}, "datetime": {"datetime": "2025-05-18 03:26:38", "elapsed": 68364.632103, "delta": 74.855637}}
{"target": 5.4131219740716245, "params": {"x0": 0.8, "x1": 0.9, "x2": 3.1799116954839706, "x3": 5.8079152695405174e-86, "x4": 1.7110077963815329, "x5": 4.8258859948877826e-86, "x6": 3.5942736073204546, "x7": 14.463175723016253, "x8": 1.2812589236923715, "x9": 2.749988712732662}, "datetime": {"datetime": "2025-05-18 03:28:33", "elapsed": 68479.601409, "delta": 114.969306}}
{"target": 5.4131219740716245, "params": {"x0": 0.8, "x1": 0.9, "x2": 3.1799116954839706, "x3": 3.4783862824344594e-86, "x4": 1.7110077963815329, "x5": 1.2146250672611984e-86, "x6": 3.5942736073204546, "x7": 14.463175723016253, "x8": 1.2812589236923715, "x9": 2.749988712732662}, "datetime": {"datetime": "2025-05-18 03:29:52", "elapsed": 68558.317672, "delta": 78.716263}}
{"target": 5.4131219740716245, "params": {"x0": 0.8, "x1": 0.9, "x2": 3.1799116954839706, "x3": 4.507025406299868e-86, "x4": 1.7110077963815329, "x5": 4.914475406589432e-87, "x6": 3.5942736073204546, "x7": 14.463175723016253, "x8": 1.2812589236923715, "x9": 2.749988712732662}, "datetime": {"datetime": "2025-05-18 03:32:08", "elapsed": 68693.911717, "delta": 135.594045}}
{"target": 5.4131219740716245, "params": {"x0": 0.8, "x1": 0.9, "x2": 3.1799116954839706, "x3": 4.076171353772329e-86, "x4": 1.7110077963815329, "x5": 5.783169567932025e-87, "x6": 3.5942736073204546, "x7": 14.463175723016253, "x8": 1.2812589236923715, "x9": 2.749988712732662}, "datetime": {"datetime": "2025-05-18 03:33:42", "elapsed": 68788.093916, "delta": 94.182199}}
{"target": 5.4131219740716245, "params": {"x0": 0.8, "x1": 0.9, "x2": 3.1799116954839706, "x3": 2.3481253218431556e-86, "x4": 1.7110077963815329, "x5": 1.1897838913851444e-86, "x6": 3.5942736073204546, "x7": 14.463175723016253, "x8": 1.2812589236923715, "x9": 2.749988712732662}, "datetime": {"datetime": "2025-05-18 03:35:17", "elapsed": 68882.873384, "delta": 94.779468}}
{"target": 5.4131219740716245, "params": {"x0": 0.8, "x1": 0.9, "x2": 3.1799116954839706, "x3": 3.31675565006959e-87, "x4": 1.7110077963815329, "x5": 2.383096377515456e-87, "x6": 3.5942736073204546, "x7": 14.463175723016253, "x8": 1.2812589236923715, "x9": 2.749988712732662}, "datetime": {"datetime": "2025-05-18 03:37:44", "elapsed": 69030.406054, "delta": 147.53267}}
{"target": 5.4131219740716245, "params": {"x0": 0.8, "x1": 0.9, "x2": 3.1799116954839706, "x3": 8.631067202366495e-87, "x4": 1.7110077963815329, "x5": 1.3796912339183324e-87, "x6": 3.5942736073204546, "x7": 14.463175723016253, "x8": 1.2812589236923715, "x9": 2.749988712732662}, "datetime": {"datetime": "2025-05-18 03:38:50", "elapsed": 69095.794716, "delta": 65.388662}}
{"target": 5.4131219740716245, "params": {"x0": 0.8, "x1": 0.9, "x2": 3.1799116954839706, "x3": 4.018967553342389e-87, "x4": 1.7110077963815329, "x5": 1.356521240798897e-86, "x6": 3.5942736073204546, "x7": 14.463175723016253, "x8": 1.2812589236923715, "x9": 2.749988712732662}, "datetime": {"datetime": "2025-05-18 03:40:50", "elapsed": 69216.020001, "delta": 120.225285}}
{"target": 5.4131219740716245, "params": {"x0": 0.8, "x1": 0.9, "x2": 3.1799116954839706, "x3": 3.13302832632196e-86, "x4": 1.7110077963815329, "x5": 3.0623475492178723e-87, "x6": 3.5942736073204546, "x7": 14.463175723016253, "x8": 1.2812589236923715, "x9": 2.749988712732662}, "datetime": {"datetime": "2025-05-18 03:43:05", "elapsed": 69350.87399, "delta": 134.853989}}
{"target": 5.4131219740716245, "params": {"x0": 0.8, "x1": 0.9, "x2": 3.1799116954839706, "x3": 6.422706963144935e-88, "x4": 1.7110077963815329, "x5": 7.68774760348056e-87, "x6": 3.5942736073204546, "x7": 14.463175723016253, "x8": 1.2812589236923715, "x9": 2.749988712732662}, "datetime": {"datetime": "2025-05-18 03:45:05", "elapsed": 69470.825, "delta": 119.95101}}
{"target": 5.4131219740716245, "params": {"x0": 0.8, "x1": 0.9, "x2": 3.1799116954839706, "x3": 9.02096081262167e-87, "x4": 1.7110077963815329, "x5": 1.8641517387905495e-86, "x6": 3.5942736073204546, "x7": 14.463175723016253, "x8": 1.2812589236923715, "x9": 2.749988712732662}, "datetime": {"datetime": "2025-05-18 03:46:40", "elapsed": 69566.031183, "delta": 95.206183}}
{"target": 5.4131219740716245, "params": {"x0": 0.8, "x1": 0.9, "x2": 3.1799116954839706, "x3": 5.568008644532911e-87, "x4": 1.7110077963815329, "x5": 1.2841897017443635e-86, "x6": 3.5942736073204546, "x7": 14.463175723016253, "x8": 1.2812589236923715, "x9": 2.749988712732662}, "datetime": {"datetime": "2025-05-18 03:48:35", "elapsed": 69681.224352, "delta": 115.193169}}
{"target": 5.4131219740716245, "params": {"x0": 0.8, "x1": 0.9, "x2": 3.1799116954839706, "x3": 7.442095868636254e-87, "x4": 1.7110077963815329, "x5": 8.901430278975042e-87, "x6": 3.5942736073204546, "x7": 14.463175723016253, "x8": 1.2812589236923715, "x9": 2.749988712732662}, "datetime": {"datetime": "2025-05-18 03:50:07", "elapsed": 69773.273067, "delta": 92.048715}}
{"target": 5.4131219740716245, "params": {"x0": 0.8, "x1": 0.9, "x2": 3.1799116954839706, "x3": 5.964808523415443e-87, "x4": 1.7110077963815329, "x5": 1.0766619331086734e-86, "x6": 3.5942736073204546, "x7": 14.463175723016253, "x8": 1.2812589236923715, "x9": 2.749988712732662}, "datetime": {"datetime": "2025-05-18 03:51:44", "elapsed": 69869.887277, "delta": 96.61421}}
{"target": 5.4131219740716245, "params": {"x0": 0.8, "x1": 0.9, "x2": 3.1799116954839706, "x3": 7.643266550813227e-87, "x4": 1.7110077963815329, "x5": 1.0611891935976012e-86, "x6": 3.5942736073204546, "x7": 14.463175723016253, "x8": 1.2812589236923715, "x9": 2.749988712732662}, "datetime": {"datetime": "2025-05-18 03:53:30", "elapsed": 69975.878367, "delta": 105.99109}}
{"target": 5.4131219740716245, "params": {"x0": 0.8, "x1": 0.9, "x2": 3.1799116954839706, "x3": 7.064516183853473e-87, "x4": 1.7110077963815329, "x5": 9.022997002840947e-87, "x6": 3.5942736073204546, "x7": 14.463175723016253, "x8": 1.2812589236923715, "x9": 2.749988712732662}, "datetime": {"datetime": "2025-05-18 03:55:22", "elapsed": 70088.415499, "delta": 112.537132}}
{"target": 5.4131219740716245, "params": {"x0": 0.8, "x1": 0.9, "x2": 3.1799116954839706, "x3": 6.015158110442921e-87, "x4": 1.7110077963815329, "x5": 6.615249733263343e-87, "x6": 3.5942736073204546, "x7": 14.463175723016253, "x8": 1.2812589236923715, "x9": 2.749988712732662}, "datetime": {"datetime": "2025-05-18 03:56:36", "elapsed": 70161.801407, "delta": 73.385908}}
{"target": 5.4131219740716245, "params": {"x0": 0.8, "x1": 0.9, "x2": 3.1799116954839706, "x3": 1.3915507259689067e-86, "x4": 1.7110077963815329, "x5": 6.740656955744122e-87, "x6": 3.5942736073204546, "x7": 14.463175723016253, "x8": 1.2812589236923715, "x9": 2.749988712732662}, "datetime": {"datetime": "2025-05-18 03:58:05", "elapsed": 70251.346317, "delta": 89.54491}}
{"target": 5.4131219740716245, "params": {"x0": 0.8, "x1": 0.9, "x2": 3.1799116954839706, "x3": 8.098349986907274e-87, "x4": 1.7110077963815329, "x5": 5.9597507419379075e-87, "x6": 3.5942736073204546, "x7": 14.463175723016253, "x8": 1.2812589236923715, "x9": 2.749988712732662}, "datetime": {"datetime": "2025-05-18 03:59:33", "elapsed": 70339.303696, "delta": 87.957379}}
{"target": 5.4131219740716245, "params": {"x0": 0.8, "x1": 0.9, "x2": 3.1799116954839706, "x3": 1.095218638505527e-86, "x4": 1.7110077963815329, "x5": 1.9905099919169898e-87, "x6": 3.5942736073204546, "x7": 14.463175723016253, "x8": 1.2812589236923715, "x9": 2.749988712732662}, "datetime": {"datetime": "2025-05-18 04:01:14", "elapsed": 70440.663936, "delta": 101.36024}}
