{"target": 5.4131219740716245, "params": {"x0": 0.8, "x1": 0.9, "x2": 3.1799116954839706, "x3": 7.993595848573447e-74, "x4": 1.7110077963815329, "x5": 3.4267510805793004e-74, "x6": 3.5942736073204546, "x7": 14.463175723016253, "x8": 1.2812589236923715, "x9": 2.749988712732662}, "datetime": {"datetime": "2025-05-17 21:26:18", "elapsed": 46744.482276, "delta": 49.033681}}
{"target": 5.4131219740716245, "params": {"x0": 0.8, "x1": 0.9, "x2": 3.1799116954839706, "x3": 1.6647813168585218e-73, "x4": 1.7110077963815329, "x5": 8.45676368467061e-74, "x6": 3.5942736073204546, "x7": 14.463175723016253, "x8": 1.2812589236923715, "x9": 2.749988712732662}, "datetime": {"datetime": "2025-05-17 21:27:03", "elapsed": 46789.6184, "delta": 45.136124}}
{"target": 5.4131219740716245, "params": {"x0": 0.8, "x1": 0.9, "x2": 3.1799116954839706, "x3": 2.210930073410391e-74, "x4": 1.7110077963815329, "x5": 1.0931700475156275e-73, "x6": 3.5942736073204546, "x7": 14.463175723016253, "x8": 1.2812589236923715, "x9": 2.749988712732662}, "datetime": {"datetime": "2025-05-17 21:28:12", "elapsed": 46858.115838, "delta": 68.497438}}
{"target": 5.4131219740716245, "params": {"x0": 0.8, "x1": 0.9, "x2": 3.1799116954839706, "x3": 8.019351207351524e-74, "x4": 1.7110077963815329, "x5": 9.578377363174782e-74, "x6": 3.5942736073204546, "x7": 14.463175723016253, "x8": 1.2812589236923715, "x9": 2.749988712732662}, "datetime": {"datetime": "2025-05-17 21:29:14", "elapsed": 46919.956331, "delta": 61.840493}}
{"target": 5.4131219740716245, "params": {"x0": 0.8, "x1": 0.9, "x2": 3.1799116954839706, "x3": 7.860353834649661e-75, "x4": 1.7110077963815329, "x5": 1.451323259518636e-73, "x6": 3.5942736073204546, "x7": 14.463175723016253, "x8": 1.2812589236923715, "x9": 2.749988712732662}, "datetime": {"datetime": "2025-05-17 21:30:15", "elapsed": 46980.915746, "delta": 60.959415}}
{"target": 5.4131219740716245, "params": {"x0": 0.8, "x1": 0.9, "x2": 3.1799116954839706, "x3": 1.798554304714158e-73, "x4": 1.7110077963815329, "x5": 1.0190884352366798e-73, "x6": 3.5942736073204546, "x7": 14.463175723016253, "x8": 1.2812589236923715, "x9": 2.749988712732662}, "datetime": {"datetime": "2025-05-17 21:31:27", "elapsed": 47052.83028, "delta": 71.914534}}
{"target": 5.4131219740716245, "params": {"x0": 0.8, "x1": 0.9, "x2": 3.1799116954839706, "x3": 1.5250215368585824e-74, "x4": 1.7110077963815329, "x5": 1.7720317314825973e-74, "x6": 3.5942736073204546, "x7": 14.463175723016253, "x8": 1.2812589236923715, "x9": 2.749988712732662}, "datetime": {"datetime": "2025-05-17 21:32:34", "elapsed": 47120.515113, "delta": 67.684833}}
{"target": 5.4131219740716245, "params": {"x0": 0.8, "x1": 0.9, "x2": 3.1799116954839706, "x3": 8.20264973278815e-74, "x4": 1.7110077963815329, "x5": 5.363284178121504e-74, "x6": 3.5942736073204546, "x7": 14.463175723016253, "x8": 1.2812589236923715, "x9": 2.749988712732662}, "datetime": {"datetime": "2025-05-17 21:33:36", "elapsed": 47182.395482, "delta": 61.880369}}
{"target": 5.4131219740716245, "params": {"x0": 0.8, "x1": 0.9, "x2": 3.1799116954839706, "x3": 2.9894746412634955e-74, "x4": 1.7110077963815329, "x5": 6.998020935926879e-75, "x6": 3.5942736073204546, "x7": 14.463175723016253, "x8": 1.2812589236923715, "x9": 2.749988712732662}, "datetime": {"datetime": "2025-05-17 21:34:34", "elapsed": 47240.617909, "delta": 58.222427}}
{"target": 5.4131219740716245, "params": {"x0": 0.8, "x1": 0.9, "x2": 3.1799116954839706, "x3": 4.919763794644466e-75, "x4": 1.7110077963815329, "x5": 8.439546665686611e-74, "x6": 3.5942736073204546, "x7": 14.463175723016253, "x8": 1.2812589236923715, "x9": 2.749988712732662}, "datetime": {"datetime": "2025-05-17 21:35:54", "elapsed": 47319.898516, "delta": 79.280607}}
{"target": 5.4131219740716245, "params": {"x0": 0.8, "x1": 0.9, "x2": 3.1799116954839706, "x3": 2.489271812033236e-74, "x4": 1.7110077963815329, "x5": 7.602848948512578e-74, "x6": 3.5942736073204546, "x7": 14.463175723016253, "x8": 1.2812589236923715, "x9": 2.749988712732662}, "datetime": {"datetime": "2025-05-17 21:37:00", "elapsed": 47385.857876, "delta": 65.95936}}
{"target": 5.4131219740716245, "params": {"x0": 0.8, "x1": 0.9, "x2": 3.1799116954839706, "x3": 7.184186216388022e-74, "x4": 1.7110077963815329, "x5": 6.668905646112753e-74, "x6": 3.5942736073204546, "x7": 14.463175723016253, "x8": 1.2812589236923715, "x9": 2.749988712732662}, "datetime": {"datetime": "2025-05-17 21:38:12", "elapsed": 47458.701402, "delta": 72.843526}}
{"target": 5.4131219740716245, "params": {"x0": 0.8, "x1": 0.9, "x2": 3.1799116954839706, "x3": 2.0611674632823275e-74, "x4": 1.7110077963815329, "x5": 1.341023966917138e-74, "x6": 3.5942736073204546, "x7": 14.463175723016253, "x8": 1.2812589236923715, "x9": 2.749988712732662}, "datetime": {"datetime": "2025-05-17 21:39:20", "elapsed": 47526.079933, "delta": 67.378531}}
{"target": 5.4131219740716245, "params": {"x0": 0.8, "x1": 0.9, "x2": 3.1799116954839706, "x3": 6.4573360525182684e-74, "x4": 1.7110077963815329, "x5": 2.9429493328717256e-74, "x6": 3.5942736073204546, "x7": 14.463175723016253, "x8": 1.2812589236923715, "x9": 2.749988712732662}, "datetime": {"datetime": "2025-05-17 21:40:19", "elapsed": 47585.544371, "delta": 59.464438}}
{"target": 5.4131219740716245, "params": {"x0": 0.8, "x1": 0.9, "x2": 3.1799116954839706, "x3": 6.755640064607283e-74, "x4": 1.7110077963815329, "x5": 3.414294499293982e-74, "x6": 3.5942736073204546, "x7": 14.463175723016253, "x8": 1.2812589236923715, "x9": 2.749988712732662}, "datetime": {"datetime": "2025-05-17 21:41:25", "elapsed": 47651.555186, "delta": 66.010815}}
{"target": 5.4131219740716245, "params": {"x0": 0.8, "x1": 0.9, "x2": 3.1799116954839706, "x3": 2.8359317227968068e-74, "x4": 1.7110077963815329, "x5": 2.608450412346062e-74, "x6": 3.5942736073204546, "x7": 14.463175723016253, "x8": 1.2812589236923715, "x9": 2.749988712732662}, "datetime": {"datetime": "2025-05-17 21:42:15", "elapsed": 47701.535433, "delta": 49.980247}}
{"target": 5.4131219740716245, "params": {"x0": 0.8, "x1": 0.9, "x2": 3.1799116954839706, "x3": 1.8506163764006258e-76, "x4": 1.7110077963815329, "x5": 3.613533248096223e-74, "x6": 3.5942736073204546, "x7": 14.463175723016253, "x8": 1.2812589236923715, "x9": 2.749988712732662}, "datetime": {"datetime": "2025-05-17 21:43:41", "elapsed": 47787.704767, "delta": 86.169334}}
{"target": 5.4131219740716245, "params": {"x0": 0.8, "x1": 0.9, "x2": 3.1799116954839706, "x3": 4.683448780908136e-74, "x4": 1.7110077963815329, "x5": 3.2938725417919587e-75, "x6": 3.5942736073204546, "x7": 14.463175723016253, "x8": 1.2812589236923715, "x9": 2.749988712732662}, "datetime": {"datetime": "2025-05-17 21:44:45", "elapsed": 47850.954119, "delta": 63.249352}}
{"target": 5.4131219740716245, "params": {"x0": 0.8, "x1": 0.9, "x2": 3.1799116954839706, "x3": 1.648721182815024e-74, "x4": 1.7110077963815329, "x5": 3.104182141955653e-74, "x6": 3.5942736073204546, "x7": 14.463175723016253, "x8": 1.2812589236923715, "x9": 2.749988712732662}, "datetime": {"datetime": "2025-05-17 21:46:18", "elapsed": 47944.432098, "delta": 93.477979}}
{"target": 5.4131219740716245, "params": {"x0": 0.8, "x1": 0.9, "x2": 3.1799116954839706, "x3": 2.764099299083684e-74, "x4": 1.7110077963815329, "x5": 1.1596162368179597e-74, "x6": 3.5942736073204546, "x7": 14.463175723016253, "x8": 1.2812589236923715, "x9": 2.749988712732662}, "datetime": {"datetime": "2025-05-17 21:47:25", "elapsed": 48011.65316, "delta": 67.221062}}
{"target": 5.4131219740716245, "params": {"x0": 0.8, "x1": 0.9, "x2": 3.1799116954839706, "x3": 1.2792779680838708e-74, "x4": 1.7110077963815329, "x5": 9.712433032616957e-75, "x6": 3.5942736073204546, "x7": 14.463175723016253, "x8": 1.2812589236923715, "x9": 2.749988712732662}, "datetime": {"datetime": "2025-05-17 21:48:34", "elapsed": 48080.527423, "delta": 68.874263}}
{"target": 5.4131219740716245, "params": {"x0": 0.8, "x1": 0.9, "x2": 3.1799116954839706, "x3": 2.0021894380233325e-74, "x4": 1.7110077963815329, "x5": 2.3710633080190723e-74, "x6": 3.5942736073204546, "x7": 14.463175723016253, "x8": 1.2812589236923715, "x9": 2.749988712732662}, "datetime": {"datetime": "2025-05-17 21:49:27", "elapsed": 48132.947479, "delta": 52.420056}}
{"target": 5.4131219740716245, "params": {"x0": 0.8, "x1": 0.9, "x2": 3.1799116954839706, "x3": 2.3760280654870007e-74, "x4": 1.7110077963815329, "x5": 1.7311520163946315e-74, "x6": 3.5942736073204546, "x7": 14.463175723016253, "x8": 1.2812589236923715, "x9": 2.749988712732662}, "datetime": {"datetime": "2025-05-17 21:50:38", "elapsed": 48204.087762, "delta": 71.140283}}
{"target": 5.4131219740716245, "params": {"x0": 0.8, "x1": 0.9, "x2": 3.1799116954839706, "x3": 4.267512836953024e-75, "x4": 1.7110077963815329, "x5": 4.672845959462719e-75, "x6": 3.5942736073204546, "x7": 14.463175723016253, "x8": 1.2812589236923715, "x9": 2.749988712732662}, "datetime": {"datetime": "2025-05-17 21:51:36", "elapsed": 48262.115047, "delta": 58.027285}}
{"target": 5.4131219740716245, "params": {"x0": 0.8, "x1": 0.9, "x2": 3.1799116954839706, "x3": 1.798476182061051e-74, "x4": 1.7110077963815329, "x5": 1.77598290594065e-74, "x6": 3.5942736073204546, "x7": 14.463175723016253, "x8": 1.2812589236923715, "x9": 2.749988712732662}, "datetime": {"datetime": "2025-05-17 21:52:37", "elapsed": 48323.681929, "delta": 61.566882}}
{"target": 5.4131219740716245, "params": {"x0": 0.8, "x1": 0.9, "x2": 3.1799116954839706, "x3": 1.182857647598687e-74, "x4": 1.7110077963815329, "x5": 6.317790634365081e-75, "x6": 3.5942736073204546, "x7": 14.463175723016253, "x8": 1.2812589236923715, "x9": 2.749988712732662}, "datetime": {"datetime": "2025-05-17 21:53:33", "elapsed": 48379.073309, "delta": 55.39138}}
{"target": 5.4131219740716245, "params": {"x0": 0.8, "x1": 0.9, "x2": 3.1799116954839706, "x3": 1.4654821958211665e-74, "x4": 1.7110077963815329, "x5": 1.1110881395257903e-74, "x6": 3.5942736073204546, "x7": 14.463175723016253, "x8": 1.2812589236923715, "x9": 2.749988712732662}, "datetime": {"datetime": "2025-05-17 21:55:01", "elapsed": 48467.5521, "delta": 88.478791}}
{"target": 5.4131219740716245, "params": {"x0": 0.8, "x1": 0.9, "x2": 3.1799116954839706, "x3": 1.4936897210249956e-74, "x4": 1.7110077963815329, "x5": 6.903022217858666e-75, "x6": 3.5942736073204546, "x7": 14.463175723016253, "x8": 1.2812589236923715, "x9": 2.749988712732662}, "datetime": {"datetime": "2025-05-17 21:56:21", "elapsed": 48547.373652, "delta": 79.821552}}
{"target": 5.4131219740716245, "params": {"x0": 0.8, "x1": 0.9, "x2": 3.1799116954839706, "x3": 3.1971505520575605e-75, "x4": 1.7110077963815329, "x5": 9.960095671243025e-75, "x6": 3.5942736073204546, "x7": 14.463175723016253, "x8": 1.2812589236923715, "x9": 2.749988712732662}, "datetime": {"datetime": "2025-05-17 21:57:51", "elapsed": 48636.808877, "delta": 89.435225}}
{"target": 5.4131219740716245, "params": {"x0": 0.8, "x1": 0.9, "x2": 3.1799116954839706, "x3": 1.3928964581439353e-74, "x4": 1.7110077963815329, "x5": 1.009923186479431e-74, "x6": 3.5942736073204546, "x7": 14.463175723016253, "x8": 1.2812589236923715, "x9": 2.749988712732662}, "datetime": {"datetime": "2025-05-17 21:58:50", "elapsed": 48696.166535, "delta": 59.357658}}
{"target": 5.4131219740716245, "params": {"x0": 0.8, "x1": 0.9, "x2": 3.1799116954839706, "x3": 6.265698223993704e-75, "x4": 1.7110077963815329, "x5": 6.582899485114541e-75, "x6": 3.5942736073204546, "x7": 14.463175723016253, "x8": 1.2812589236923715, "x9": 2.749988712732662}, "datetime": {"datetime": "2025-05-17 22:00:03", "elapsed": 48768.834848, "delta": 72.668313}}
{"target": 5.4131219740716245, "params": {"x0": 0.8, "x1": 0.9, "x2": 3.1799116954839706, "x3": 3.867675602360223e-76, "x4": 1.7110077963815329, "x5": 2.738341132852503e-75, "x6": 3.5942736073204546, "x7": 14.463175723016253, "x8": 1.2812589236923715, "x9": 2.749988712732662}, "datetime": {"datetime": "2025-05-17 22:01:34", "elapsed": 48859.864112, "delta": 91.029264}}
{"target": 5.4131219740716245, "params": {"x0": 0.8, "x1": 0.9, "x2": 3.1799116954839706, "x3": 3.795547456756222e-75, "x4": 1.7110077963815329, "x5": 3.9066229966335695e-75, "x6": 3.5942736073204546, "x7": 14.463175723016253, "x8": 1.2812589236923715, "x9": 2.749988712732662}, "datetime": {"datetime": "2025-05-17 22:02:38", "elapsed": 48924.077238, "delta": 64.213126}}
{"target": 5.4131219740716245, "params": {"x0": 0.8, "x1": 0.9, "x2": 3.1799116954839706, "x3": 1.255793661065653e-75, "x4": 1.7110077963815329, "x5": 1.5282555010292085e-75, "x6": 3.5942736073204546, "x7": 14.463175723016253, "x8": 1.2812589236923715, "x9": 2.749988712732662}, "datetime": {"datetime": "2025-05-17 22:04:10", "elapsed": 49016.214662, "delta": 92.137424}}
{"target": 5.4131219740716245, "params": {"x0": 0.8, "x1": 0.9, "x2": 3.1799116954839706, "x3": 3.3029552640780476e-75, "x4": 1.7110077963815329, "x5": 2.0700514901542635e-75, "x6": 3.5942736073204546, "x7": 14.463175723016253, "x8": 1.2812589236923715, "x9": 2.749988712732662}, "datetime": {"datetime": "2025-05-17 22:05:12", "elapsed": 49078.37567, "delta": 62.161008}}
{"target": 5.4131219740716245, "params": {"x0": 0.8, "x1": 0.9, "x2": 3.1799116954839706, "x3": 7.08663668595365e-77, "x4": 1.7110077963815329, "x5": 4.485984935800416e-75, "x6": 3.5942736073204546, "x7": 14.463175723016253, "x8": 1.2812589236923715, "x9": 2.749988712732662}, "datetime": {"datetime": "2025-05-17 22:06:32", "elapsed": 49157.992709, "delta": 79.617039}}
{"target": 5.4131219740716245, "params": {"x0": 0.8, "x1": 0.9, "x2": 3.1799116954839706, "x3": 3.513980774010433e-76, "x4": 1.7110077963815329, "x5": 4.520103003556125e-75, "x6": 3.5942736073204546, "x7": 14.463175723016253, "x8": 1.2812589236923715, "x9": 2.749988712732662}, "datetime": {"datetime": "2025-05-17 22:07:21", "elapsed": 49207.416955, "delta": 49.424246}}
{"target": 5.4131219740716245, "params": {"x0": 0.8, "x1": 0.9, "x2": 3.1799116954839706, "x3": 8.394150943981146e-76, "x4": 1.7110077963815329, "x5": 3.356497108889377e-75, "x6": 3.5942736073204546, "x7": 14.463175723016253, "x8": 1.2812589236923715, "x9": 2.749988712732662}, "datetime": {"datetime": "2025-05-17 22:08:19", "elapsed": 49265.150494, "delta": 57.733539}}
{"target": 5.4131219740716245, "params": {"x0": 0.8, "x1": 0.9, "x2": 3.1799116954839706, "x3": 1.0305478964955661e-75, "x4": 1.7110077963815329, "x5": 2.397907509717345e-75, "x6": 3.5942736073204546, "x7": 14.463175723016253, "x8": 1.2812589236923715, "x9": 2.749988712732662}, "datetime": {"datetime": "2025-05-17 22:09:24", "elapsed": 49329.840056, "delta": 64.689562}}
{"target": 5.4131219740716245, "params": {"x0": 0.8, "x1": 0.9, "x2": 3.1799116954839706, "x3": 5.922460140749188e-76, "x4": 1.7110077963815329, "x5": 2.973778428867004e-75, "x6": 3.5942736073204546, "x7": 14.463175723016253, "x8": 1.2812589236923715, "x9": 2.749988712732662}, "datetime": {"datetime": "2025-05-17 22:10:39", "elapsed": 49405.389821, "delta": 75.549765}}
{"target": 5.4131219740716245, "params": {"x0": 0.8, "x1": 0.9, "x2": 3.1799116954839706, "x3": 3.0249573375160846e-76, "x4": 1.7110077963815329, "x5": 1.8089052443256488e-76, "x6": 3.5942736073204546, "x7": 14.463175723016253, "x8": 1.2812589236923715, "x9": 2.749988712732662}, "datetime": {"datetime": "2025-05-17 22:11:59", "elapsed": 49485.373451, "delta": 79.98363}}
{"target": 5.4131219740716245, "params": {"x0": 0.8, "x1": 0.9, "x2": 3.1799116954839706, "x3": 1.3618423911828674e-75, "x4": 1.7110077963815329, "x5": 8.695436602800603e-76, "x6": 3.5942736073204546, "x7": 14.463175723016253, "x8": 1.2812589236923715, "x9": 2.749988712732662}, "datetime": {"datetime": "2025-05-17 22:13:13", "elapsed": 49559.723943, "delta": 74.350492}}
{"target": 5.4131219740716245, "params": {"x0": 0.8, "x1": 0.9, "x2": 3.1799116954839706, "x3": 4.6207148178779355e-76, "x4": 1.7110077963815329, "x5": 1.3007588341844785e-75, "x6": 3.5942736073204546, "x7": 14.463175723016253, "x8": 1.2812589236923715, "x9": 2.749988712732662}, "datetime": {"datetime": "2025-05-17 22:14:14", "elapsed": 49620.629398, "delta": 60.905455}}
{"target": 5.4131219740716245, "params": {"x0": 0.8, "x1": 0.9, "x2": 3.1799116954839706, "x3": 5.642355349379645e-76, "x4": 1.7110077963815329, "x5": 1.9776487333804388e-75, "x6": 3.5942736073204546, "x7": 14.463175723016253, "x8": 1.2812589236923715, "x9": 2.749988712732662}, "datetime": {"datetime": "2025-05-17 22:15:22", "elapsed": 49688.645545, "delta": 68.016147}}
{"target": 5.4131219740716245, "params": {"x0": 0.8, "x1": 0.9, "x2": 3.1799116954839706, "x3": 8.534908039861068e-76, "x4": 1.7110077963815329, "x5": 2.1034898256728822e-76, "x6": 3.5942736073204546, "x7": 14.463175723016253, "x8": 1.2812589236923715, "x9": 2.749988712732662}, "datetime": {"datetime": "2025-05-17 22:16:28", "elapsed": 49753.988762, "delta": 65.343217}}
{"target": 5.4131219740716245, "params": {"x0": 0.8, "x1": 0.9, "x2": 3.1799116954839706, "x3": 2.6026023771235117e-75, "x4": 1.7110077963815329, "x5": 1.75457073197969e-75, "x6": 3.5942736073204546, "x7": 14.463175723016253, "x8": 1.2812589236923715, "x9": 2.749988712732662}, "datetime": {"datetime": "2025-05-17 22:17:18", "elapsed": 49804.390113, "delta": 50.401351}}
{"target": 5.4131219740716245, "params": {"x0": 0.8, "x1": 0.9, "x2": 3.1799116954839706, "x3": 1.8869194608086108e-75, "x4": 1.7110077963815329, "x5": 1.6999814923678942e-75, "x6": 3.5942736073204546, "x7": 14.463175723016253, "x8": 1.2812589236923715, "x9": 2.749988712732662}, "datetime": {"datetime": "2025-05-17 22:18:47", "elapsed": 49893.279309, "delta": 88.889196}}
{"target": 5.4131219740716245, "params": {"x0": 0.8, "x1": 0.9, "x2": 3.1799116954839706, "x3": 2.1164898715983628e-75, "x4": 1.7110077963815329, "x5": 4.1769484889315414e-76, "x6": 3.5942736073204546, "x7": 14.463175723016253, "x8": 1.2812589236923715, "x9": 2.749988712732662}, "datetime": {"datetime": "2025-05-17 22:19:52", "elapsed": 49957.94359, "delta": 64.664281}}
{"target": 5.4131219740716245, "params": {"x0": 0.8, "x1": 0.9, "x2": 3.1799116954839706, "x3": 5.385955819795171e-76, "x4": 1.7110077963815329, "x5": 1.1431071745997546e-75, "x6": 3.5942736073204546, "x7": 14.463175723016253, "x8": 1.2812589236923715, "x9": 2.749988712732662}, "datetime": {"datetime": "2025-05-17 22:21:07", "elapsed": 50033.221615, "delta": 75.278025}}
{"target": 5.4131219740716245, "params": {"x0": 0.8, "x1": 0.9, "x2": 3.1799116954839706, "x3": 7.99177517154283e-77, "x4": 1.7110077963815329, "x5": 8.699751526640688e-76, "x6": 3.5942736073204546, "x7": 14.463175723016253, "x8": 1.2812589236923715, "x9": 2.749988712732662}, "datetime": {"datetime": "2025-05-17 22:22:02", "elapsed": 50088.208498, "delta": 54.986883}}
{"target": 5.4131219740716245, "params": {"x0": 0.8, "x1": 0.9, "x2": 3.1799116954839706, "x3": 1.525736473215266e-75, "x4": 1.7110077963815329, "x5": 1.0333665426850603e-75, "x6": 3.5942736073204546, "x7": 14.463175723016253, "x8": 1.2812589236923715, "x9": 2.749988712732662}, "datetime": {"datetime": "2025-05-17 22:23:13", "elapsed": 50159.491986, "delta": 71.283488}}
{"target": 5.4131219740716245, "params": {"x0": 0.8, "x1": 0.9, "x2": 3.1799116954839706, "x3": 1.30612578707485e-75, "x4": 1.7110077963815329, "x5": 5.738451045667379e-76, "x6": 3.5942736073204546, "x7": 14.463175723016253, "x8": 1.2812589236923715, "x9": 2.749988712732662}, "datetime": {"datetime": "2025-05-17 22:24:24", "elapsed": 50229.84055, "delta": 70.348564}}
{"target": 5.4131219740716245, "params": {"x0": 0.8, "x1": 0.9, "x2": 3.1799116954839706, "x3": 1.0656829898755784e-75, "x4": 1.7110077963815329, "x5": 8.014329742410741e-76, "x6": 3.5942736073204546, "x7": 14.463175723016253, "x8": 1.2812589236923715, "x9": 2.749988712732662}, "datetime": {"datetime": "2025-05-17 22:25:30", "elapsed": 50296.481195, "delta": 66.640645}}
{"target": 5.4131219740716245, "params": {"x0": 0.8, "x1": 0.9, "x2": 3.1799116954839706, "x3": 1.1730450644777148e-76, "x4": 1.7110077963815329, "x5": 2.7665026030541156e-76, "x6": 3.5942736073204546, "x7": 14.463175723016253, "x8": 1.2812589236923715, "x9": 2.749988712732662}, "datetime": {"datetime": "2025-05-17 22:26:40", "elapsed": 50366.603808, "delta": 70.122613}}
{"target": 5.4131219740716245, "params": {"x0": 0.8, "x1": 0.9, "x2": 3.1799116954839706, "x3": 1.507173242975244e-76, "x4": 1.7110077963815329, "x5": 5.886064691499146e-76, "x6": 3.5942736073204546, "x7": 14.463175723016253, "x8": 1.2812589236923715, "x9": 2.749988712732662}, "datetime": {"datetime": "2025-05-17 22:27:50", "elapsed": 50436.36099, "delta": 69.757182}}
{"target": 5.4131219740716245, "params": {"x0": 0.8, "x1": 0.9, "x2": 3.1799116954839706, "x3": 7.432541660538775e-76, "x4": 1.7110077963815329, "x5": 5.965195733766725e-76, "x6": 3.5942736073204546, "x7": 14.463175723016253, "x8": 1.2812589236923715, "x9": 2.749988712732662}, "datetime": {"datetime": "2025-05-17 22:29:03", "elapsed": 50509.336727, "delta": 72.975737}}
{"target": 5.4131219740716245, "params": {"x0": 0.8, "x1": 0.9, "x2": 3.1799116954839706, "x3": 7.780095596981956e-79, "x4": 1.7110077963815329, "x5": 1.2042202349132177e-76, "x6": 3.5942736073204546, "x7": 14.463175723016253, "x8": 1.2812589236923715, "x9": 2.749988712732662}, "datetime": {"datetime": "2025-05-17 22:30:28", "elapsed": 50594.677636, "delta": 85.340909}}
{"target": 5.4131219740716245, "params": {"x0": 0.8, "x1": 0.9, "x2": 3.1799116954839706, "x3": 4.323789025783329e-77, "x4": 1.7110077963815329, "x5": 7.969410932440446e-78, "x6": 3.5942736073204546, "x7": 14.463175723016253, "x8": 1.2812589236923715, "x9": 2.749988712732662}, "datetime": {"datetime": "2025-05-17 22:31:40", "elapsed": 50666.66093, "delta": 71.983294}}
{"target": 5.4131219740716245, "params": {"x0": 0.8, "x1": 0.9, "x2": 3.1799116954839706, "x3": 6.668249655372006e-76, "x4": 1.7110077963815329, "x5": 2.3624596448569974e-76, "x6": 3.5942736073204546, "x7": 14.463175723016253, "x8": 1.2812589236923715, "x9": 2.749988712732662}, "datetime": {"datetime": "2025-05-17 22:32:43", "elapsed": 50729.416975, "delta": 62.756045}}
