{"target": 5.4131219740716245, "params": {"x0": 0.8, "x1": 0.9, "x2": 3.1799116954839706, "x3": 1.2305089794852915e-27, "x4": 1.7110077963815329, "x5": 9.034097100921488e-29, "x6": 3.5942736073204546, "x7": 14.463175723016253, "x8": 1.2812589236923715, "x9": 2.749988712732662}, "datetime": {"datetime": "2025-05-17 10:31:15", "elapsed": 7441.226157, "delta": 17.351735}}
{"target": 5.4131219740716245, "params": {"x0": 0.8, "x1": 0.9, "x2": 3.1799116954839706, "x3": 1.4936635730262787e-27, "x4": 1.7110077963815329, "x5": 5.613312617205854e-28, "x6": 3.5942736073204546, "x7": 14.463175723016253, "x8": 1.2812589236923715, "x9": 2.749988712732662}, "datetime": {"datetime": "2025-05-17 10:31:31", "elapsed": 7457.724977, "delta": 16.49882}}
{"target": 5.4131219740716245, "params": {"x0": 0.8, "x1": 0.9, "x2": 3.1799116954839706, "x3": 1.700647541451022e-27, "x4": 1.7110077963815329, "x5": 8.369966791007746e-28, "x6": 3.5942736073204546, "x7": 14.463175723016253, "x8": 1.2812589236923715, "x9": 2.749988712732662}, "datetime": {"datetime": "2025-05-17 10:31:49", "elapsed": 7474.960848, "delta": 17.235871}}
{"target": 5.4131219740716245, "params": {"x0": 0.8, "x1": 0.9, "x2": 3.1799116954839706, "x3": 1.8750829116537896e-28, "x4": 1.7110077963815329, "x5": 8.456110218553239e-28, "x6": 3.5942736073204546, "x7": 14.463175723016253, "x8": 1.2812589236923715, "x9": 2.749988712732662}, "datetime": {"datetime": "2025-05-17 10:32:07", "elapsed": 7493.68766, "delta": 18.726812}}
{"target": 5.4131219740716245, "params": {"x0": 0.8, "x1": 0.9, "x2": 3.1799116954839706, "x3": 9.653875599045888e-28, "x4": 1.7110077963815329, "x5": 8.754348169669365e-28, "x6": 3.5942736073204546, "x7": 14.463175723016253, "x8": 1.2812589236923715, "x9": 2.749988712732662}, "datetime": {"datetime": "2025-05-17 10:32:25", "elapsed": 7511.082448, "delta": 17.394788}}
{"target": 5.4131219740716245, "params": {"x0": 0.8, "x1": 0.9, "x2": 3.1799116954839706, "x3": 9.604445658840753e-28, "x4": 1.7110077963815329, "x5": 6.670014183411542e-28, "x6": 3.5942736073204546, "x7": 14.463175723016253, "x8": 1.2812589236923715, "x9": 2.749988712732662}, "datetime": {"datetime": "2025-05-17 10:32:41", "elapsed": 7526.938354, "delta": 15.855906}}
{"target": 5.4131219740716245, "params": {"x0": 0.8, "x1": 0.9, "x2": 3.1799116954839706, "x3": 1.332201360039977e-28, "x4": 1.7110077963815329, "x5": 5.571067985296762e-28, "x6": 3.5942736073204546, "x7": 14.463175723016253, "x8": 1.2812589236923715, "x9": 2.749988712732662}, "datetime": {"datetime": "2025-05-17 10:32:58", "elapsed": 7543.930115, "delta": 16.991761}}
{"target": 5.4131219740716245, "params": {"x0": 0.8, "x1": 0.9, "x2": 3.1799116954839706, "x3": 9.561314497525877e-28, "x4": 1.7110077963815329, "x5": 2.0643968400139676e-28, "x6": 3.5942736073204546, "x7": 14.463175723016253, "x8": 1.2812589236923715, "x9": 2.749988712732662}, "datetime": {"datetime": "2025-05-17 10:33:15", "elapsed": 7560.866484, "delta": 16.936369}}
{"target": 5.4131219740716245, "params": {"x0": 0.8, "x1": 0.9, "x2": 3.1799116954839706, "x3": 3.2205214709670917e-28, "x4": 1.7110077963815329, "x5": 5.063156234557742e-28, "x6": 3.5942736073204546, "x7": 14.463175723016253, "x8": 1.2812589236923715, "x9": 2.749988712732662}, "datetime": {"datetime": "2025-05-17 10:33:34", "elapsed": 7580.148498, "delta": 19.282014}}
{"target": 5.4131219740716245, "params": {"x0": 0.8, "x1": 0.9, "x2": 3.1799116954839706, "x3": 3.8733018445596597e-29, "x4": 1.7110077963815329, "x5": 3.934603309272021e-28, "x6": 3.5942736073204546, "x7": 14.463175723016253, "x8": 1.2812589236923715, "x9": 2.749988712732662}, "datetime": {"datetime": "2025-05-17 10:33:51", "elapsed": 7596.932606, "delta": 16.784108}}
{"target": 5.4131219740716245, "params": {"x0": 0.8, "x1": 0.9, "x2": 3.1799116954839706, "x3": 3.64520950455124e-28, "x4": 1.7110077963815329, "x5": 1.2458658228508537e-28, "x6": 3.5942736073204546, "x7": 14.463175723016253, "x8": 1.2812589236923715, "x9": 2.749988712732662}, "datetime": {"datetime": "2025-05-17 10:34:07", "elapsed": 7613.220172, "delta": 16.287566}}
{"target": 5.4131219740716245, "params": {"x0": 0.8, "x1": 0.9, "x2": 3.1799116954839706, "x3": 2.3465861746229413e-28, "x4": 1.7110077963815329, "x5": 1.3374829350286217e-28, "x6": 3.5942736073204546, "x7": 14.463175723016253, "x8": 1.2812589236923715, "x9": 2.749988712732662}, "datetime": {"datetime": "2025-05-17 10:34:26", "elapsed": 7631.843133, "delta": 18.622961}}
{"target": 5.4131219740716245, "params": {"x0": 0.8, "x1": 0.9, "x2": 3.1799116954839706, "x3": 3.4763637741229315e-28, "x4": 1.7110077963815329, "x5": 4.079859731493788e-28, "x6": 3.5942736073204546, "x7": 14.463175723016253, "x8": 1.2812589236923715, "x9": 2.749988712732662}, "datetime": {"datetime": "2025-05-17 10:34:44", "elapsed": 7649.735625, "delta": 17.892492}}
{"target": 5.4131219740716245, "params": {"x0": 0.8, "x1": 0.9, "x2": 3.1799116954839706, "x3": 1.4683419414465882e-28, "x4": 1.7110077963815329, "x5": 3.079899232359345e-28, "x6": 3.5942736073204546, "x7": 14.463175723016253, "x8": 1.2812589236923715, "x9": 2.749988712732662}, "datetime": {"datetime": "2025-05-17 10:35:01", "elapsed": 7666.992298, "delta": 17.256673}}
{"target": 5.4131219740716245, "params": {"x0": 0.8, "x1": 0.9, "x2": 3.1799116954839706, "x3": 1.2322208179837325e-28, "x4": 1.7110077963815329, "x5": 2.630514373880838e-28, "x6": 3.5942736073204546, "x7": 14.463175723016253, "x8": 1.2812589236923715, "x9": 2.749988712732662}, "datetime": {"datetime": "2025-05-17 10:35:18", "elapsed": 7684.493066, "delta": 17.500768}}
{"target": 5.4131219740716245, "params": {"x0": 0.8, "x1": 0.9, "x2": 3.1799116954839706, "x3": 4.62451615952107e-28, "x4": 1.7110077963815329, "x5": 1.0259326426878186e-28, "x6": 3.5942736073204546, "x7": 14.463175723016253, "x8": 1.2812589236923715, "x9": 2.749988712732662}, "datetime": {"datetime": "2025-05-17 10:35:36", "elapsed": 7702.227086, "delta": 17.73402}}
{"target": 5.4131219740716245, "params": {"x0": 0.8, "x1": 0.9, "x2": 3.1799116954839706, "x3": 2.0144342491591915e-28, "x4": 1.7110077963815329, "x5": 4.831543398883237e-29, "x6": 3.5942736073204546, "x7": 14.463175723016253, "x8": 1.2812589236923715, "x9": 2.749988712732662}, "datetime": {"datetime": "2025-05-17 10:35:53", "elapsed": 7719.06906, "delta": 16.841974}}
{"target": 5.4131219740716245, "params": {"x0": 0.8, "x1": 0.9, "x2": 3.1799116954839706, "x3": 3.2403092595205722e-28, "x4": 1.7110077963815329, "x5": 1.8671840369220528e-28, "x6": 3.5942736073204546, "x7": 14.463175723016253, "x8": 1.2812589236923715, "x9": 2.749988712732662}, "datetime": {"datetime": "2025-05-17 10:36:09", "elapsed": 7735.58674, "delta": 16.51768}}
{"target": 5.4131219740716245, "params": {"x0": 0.8, "x1": 0.9, "x2": 3.1799116954839706, "x3": 6.11177934785623e-29, "x4": 1.7110077963815329, "x5": 8.920223250158862e-29, "x6": 3.5942736073204546, "x7": 14.463175723016253, "x8": 1.2812589236923715, "x9": 2.749988712732662}, "datetime": {"datetime": "2025-05-17 10:36:27", "elapsed": 7752.98838, "delta": 17.40164}}
{"target": 5.4131219740716245, "params": {"x0": 0.8, "x1": 0.9, "x2": 3.1799116954839706, "x3": 1.5697015350465155e-28, "x4": 1.7110077963815329, "x5": 1.9813944884877311e-28, "x6": 3.5942736073204546, "x7": 14.463175723016253, "x8": 1.2812589236923715, "x9": 2.749988712732662}, "datetime": {"datetime": "2025-05-17 10:36:43", "elapsed": 7769.403888, "delta": 16.415508}}
{"target": 5.4131219740716245, "params": {"x0": 0.8, "x1": 0.9, "x2": 3.1799116954839706, "x3": 5.828118122424398e-29, "x4": 1.7110077963815329, "x5": 1.6188539589392964e-28, "x6": 3.5942736073204546, "x7": 14.463175723016253, "x8": 1.2812589236923715, "x9": 2.749988712732662}, "datetime": {"datetime": "2025-05-17 10:37:00", "elapsed": 7786.392685, "delta": 16.988797}}
{"target": 5.4131219740716245, "params": {"x0": 0.8, "x1": 0.9, "x2": 3.1799116954839706, "x3": 1.4856102003884158e-28, "x4": 1.7110077963815329, "x5": 1.0756869066064958e-28, "x6": 3.5942736073204546, "x7": 14.463175723016253, "x8": 1.2812589236923715, "x9": 2.749988712732662}, "datetime": {"datetime": "2025-05-17 10:37:19", "elapsed": 7805.000071, "delta": 18.607386}}
{"target": 5.4131219740716245, "params": {"x0": 0.8, "x1": 0.9, "x2": 3.1799116954839706, "x3": 7.908669566627965e-29, "x4": 1.7110077963815329, "x5": 9.724595310987881e-29, "x6": 3.5942736073204546, "x7": 14.463175723016253, "x8": 1.2812589236923715, "x9": 2.749988712732662}, "datetime": {"datetime": "2025-05-17 10:37:36", "elapsed": 7822.177506, "delta": 17.177435}}
{"target": 5.4131219740716245, "params": {"x0": 0.8, "x1": 0.9, "x2": 3.1799116954839706, "x3": 6.529702015974763e-29, "x4": 1.7110077963815329, "x5": 1.0945120115401449e-28, "x6": 3.5942736073204546, "x7": 14.463175723016253, "x8": 1.2812589236923715, "x9": 2.749988712732662}, "datetime": {"datetime": "2025-05-17 10:37:55", "elapsed": 7841.392333, "delta": 19.214827}}
{"target": 5.4131219740716245, "params": {"x0": 0.8, "x1": 0.9, "x2": 3.1799116954839706, "x3": 1.6898735246717247e-28, "x4": 1.7110077963815329, "x5": 1.3481966019510724e-28, "x6": 3.5942736073204546, "x7": 14.463175723016253, "x8": 1.2812589236923715, "x9": 2.749988712732662}, "datetime": {"datetime": "2025-05-17 10:38:13", "elapsed": 7859.433763, "delta": 18.04143}}
{"target": 5.4131219740716245, "params": {"x0": 0.8, "x1": 0.9, "x2": 3.1799116954839706, "x3": 9.073860300261733e-29, "x4": 1.7110077963815329, "x5": 6.253610247156282e-29, "x6": 3.5942736073204546, "x7": 14.463175723016253, "x8": 1.2812589236923715, "x9": 2.749988712732662}, "datetime": {"datetime": "2025-05-17 10:38:31", "elapsed": 7877.364923, "delta": 17.93116}}
{"target": 5.4131219740716245, "params": {"x0": 0.8, "x1": 0.9, "x2": 3.1799116954839706, "x3": 1.5683242109381948e-28, "x4": 1.7110077963815329, "x5": 1.0997875077100019e-28, "x6": 3.5942736073204546, "x7": 14.463175723016253, "x8": 1.2812589236923715, "x9": 2.749988712732662}, "datetime": {"datetime": "2025-05-17 10:38:51", "elapsed": 7896.830354, "delta": 19.465431}}
{"target": 5.4131219740716245, "params": {"x0": 0.8, "x1": 0.9, "x2": 3.1799116954839706, "x3": 1.0270141190850555e-28, "x4": 1.7110077963815329, "x5": 5.643419578819982e-29, "x6": 3.5942736073204546, "x7": 14.463175723016253, "x8": 1.2812589236923715, "x9": 2.749988712732662}, "datetime": {"datetime": "2025-05-17 10:39:11", "elapsed": 7916.738907, "delta": 19.908553}}
{"target": 5.4131219740716245, "params": {"x0": 0.8, "x1": 0.9, "x2": 3.1799116954839706, "x3": 6.456990161577023e-29, "x4": 1.7110077963815329, "x5": 4.9157932724067536e-29, "x6": 3.5942736073204546, "x7": 14.463175723016253, "x8": 1.2812589236923715, "x9": 2.749988712732662}, "datetime": {"datetime": "2025-05-17 10:39:30", "elapsed": 7935.910113, "delta": 19.171206}}
{"target": 5.4131219740716245, "params": {"x0": 0.8, "x1": 0.9, "x2": 3.1799116954839706, "x3": 6.972099923542745e-29, "x4": 1.7110077963815329, "x5": 1.0238793947857257e-29, "x6": 3.5942736073204546, "x7": 14.463175723016253, "x8": 1.2812589236923715, "x9": 2.749988712732662}, "datetime": {"datetime": "2025-05-17 10:39:48", "elapsed": 7953.77267, "delta": 17.862557}}
{"target": 5.4131219740716245, "params": {"x0": 0.8, "x1": 0.9, "x2": 3.1799116954839706, "x3": 8.768828400071525e-29, "x4": 1.7110077963815329, "x5": 1.6577142848557212e-29, "x6": 3.5942736073204546, "x7": 14.463175723016253, "x8": 1.2812589236923715, "x9": 2.749988712732662}, "datetime": {"datetime": "2025-05-17 10:40:08", "elapsed": 7973.961095, "delta": 20.188425}}
{"target": 5.4131219740716245, "params": {"x0": 0.8, "x1": 0.9, "x2": 3.1799116954839706, "x3": 3.726091913110939e-29, "x4": 1.7110077963815329, "x5": 4.436068522051296e-30, "x6": 3.5942736073204546, "x7": 14.463175723016253, "x8": 1.2812589236923715, "x9": 2.749988712732662}, "datetime": {"datetime": "2025-05-17 10:40:28", "elapsed": 7994.227363, "delta": 20.266268}}
{"target": 5.4131219740716245, "params": {"x0": 0.8, "x1": 0.9, "x2": 3.1799116954839706, "x3": 8.2540475774673e-29, "x4": 1.7110077963815329, "x5": 3.0558448162568347e-29, "x6": 3.5942736073204546, "x7": 14.463175723016253, "x8": 1.2812589236923715, "x9": 2.749988712732662}, "datetime": {"datetime": "2025-05-17 10:40:43", "elapsed": 8009.442724, "delta": 15.215361}}
{"target": 5.4131219740716245, "params": {"x0": 0.8, "x1": 0.9, "x2": 3.1799116954839706, "x3": 1.5174468024923095e-29, "x4": 1.7110077963815329, "x5": 2.7630517126222844e-29, "x6": 3.5942736073204546, "x7": 14.463175723016253, "x8": 1.2812589236923715, "x9": 2.749988712732662}, "datetime": {"datetime": "2025-05-17 10:41:08", "elapsed": 8034.363568, "delta": 24.920844}}
{"target": 5.4131219740716245, "params": {"x0": 0.8, "x1": 0.9, "x2": 3.1799116954839706, "x3": 2.430465250061926e-29, "x4": 1.7110077963815329, "x5": 4.39091607379954e-29, "x6": 3.5942736073204546, "x7": 14.463175723016253, "x8": 1.2812589236923715, "x9": 2.749988712732662}, "datetime": {"datetime": "2025-05-17 10:41:27", "elapsed": 8052.857029, "delta": 18.493461}}
{"target": 5.4131219740716245, "params": {"x0": 0.8, "x1": 0.9, "x2": 3.1799116954839706, "x3": 5.212263661461232e-29, "x4": 1.7110077963815329, "x5": 3.4769202210255005e-29, "x6": 3.5942736073204546, "x7": 14.463175723016253, "x8": 1.2812589236923715, "x9": 2.749988712732662}, "datetime": {"datetime": "2025-05-17 10:41:41", "elapsed": 8067.468321, "delta": 14.611292}}
{"target": 5.4131219740716245, "params": {"x0": 0.8, "x1": 0.9, "x2": 3.1799116954839706, "x3": 4.435236737009247e-29, "x4": 1.7110077963815329, "x5": 8.328421151120503e-30, "x6": 3.5942736073204546, "x7": 14.463175723016253, "x8": 1.2812589236923715, "x9": 2.749988712732662}, "datetime": {"datetime": "2025-05-17 10:42:01", "elapsed": 8087.575277, "delta": 20.106956}}
{"target": 5.4131219740716245, "params": {"x0": 0.8, "x1": 0.9, "x2": 3.1799116954839706, "x3": 3.7849582459024813e-29, "x4": 1.7110077963815329, "x5": 3.2016116790366264e-29, "x6": 3.5942736073204546, "x7": 14.463175723016253, "x8": 1.2812589236923715, "x9": 2.749988712732662}, "datetime": {"datetime": "2025-05-17 10:42:19", "elapsed": 8105.149997, "delta": 17.57472}}
{"target": 5.4131219740716245, "params": {"x0": 0.8, "x1": 0.9, "x2": 3.1799116954839706, "x3": 1.030559133494409e-29, "x4": 1.7110077963815329, "x5": 1.2783731740609998e-29, "x6": 3.5942736073204546, "x7": 14.463175723016253, "x8": 1.2812589236923715, "x9": 2.749988712732662}, "datetime": {"datetime": "2025-05-17 10:42:39", "elapsed": 8125.3326, "delta": 20.182603}}
{"target": 5.4131219740716245, "params": {"x0": 0.8, "x1": 0.9, "x2": 3.1799116954839706, "x3": 2.5387300311199663e-29, "x4": 1.7110077963815329, "x5": 8.527427340635779e-32, "x6": 3.5942736073204546, "x7": 14.463175723016253, "x8": 1.2812589236923715, "x9": 2.749988712732662}, "datetime": {"datetime": "2025-05-17 10:43:00", "elapsed": 8145.839758, "delta": 20.507158}}
{"target": 5.4131219740716245, "params": {"x0": 0.8, "x1": 0.9, "x2": 3.1799116954839706, "x3": 2.0288411966020675e-29, "x4": 1.7110077963815329, "x5": 5.3229447292717125e-30, "x6": 3.5942736073204546, "x7": 14.463175723016253, "x8": 1.2812589236923715, "x9": 2.749988712732662}, "datetime": {"datetime": "2025-05-17 10:43:18", "elapsed": 8164.100826, "delta": 18.261068}}
{"target": 5.4131219740716245, "params": {"x0": 0.8, "x1": 0.9, "x2": 3.1799116954839706, "x3": 2.4827137462759058e-29, "x4": 1.7110077963815329, "x5": 3.1429376477457198e-30, "x6": 3.5942736073204546, "x7": 14.463175723016253, "x8": 1.2812589236923715, "x9": 2.749988712732662}, "datetime": {"datetime": "2025-05-17 10:43:34", "elapsed": 8179.856209, "delta": 15.755383}}
{"target": 5.4131219740716245, "params": {"x0": 0.8, "x1": 0.9, "x2": 3.1799116954839706, "x3": 9.837256957811997e-31, "x4": 1.7110077963815329, "x5": 1.283788127650034e-30, "x6": 3.5942736073204546, "x7": 14.463175723016253, "x8": 1.2812589236923715, "x9": 2.749988712732662}, "datetime": {"datetime": "2025-05-17 10:43:50", "elapsed": 8196.689635, "delta": 16.833426}}
{"target": 5.4131219740716245, "params": {"x0": 0.8, "x1": 0.9, "x2": 3.1799116954839706, "x3": 4.940368804204849e-30, "x4": 1.7110077963815329, "x5": 1.2550910637842488e-29, "x6": 3.5942736073204546, "x7": 14.463175723016253, "x8": 1.2812589236923715, "x9": 2.749988712732662}, "datetime": {"datetime": "2025-05-17 10:44:11", "elapsed": 8217.706041, "delta": 21.016406}}
{"target": 5.4131219740716245, "params": {"x0": 0.8, "x1": 0.9, "x2": 3.1799116954839706, "x3": 1.6957046457463616e-29, "x4": 1.7110077963815329, "x5": 1.373536117385849e-29, "x6": 3.5942736073204546, "x7": 14.463175723016253, "x8": 1.2812589236923715, "x9": 2.749988712732662}, "datetime": {"datetime": "2025-05-17 10:44:30", "elapsed": 8235.80711, "delta": 18.101069}}
{"target": 5.4131219740716245, "params": {"x0": 0.8, "x1": 0.9, "x2": 3.1799116954839706, "x3": 1.9128669360926638e-29, "x4": 1.7110077963815329, "x5": 1.5176393344506814e-29, "x6": 3.5942736073204546, "x7": 14.463175723016253, "x8": 1.2812589236923715, "x9": 2.749988712732662}, "datetime": {"datetime": "2025-05-17 10:44:49", "elapsed": 8255.390401, "delta": 19.583291}}
{"target": 5.4131219740716245, "params": {"x0": 0.8, "x1": 0.9, "x2": 3.1799116954839706, "x3": 1.5430090759270137e-29, "x4": 1.7110077963815329, "x5": 1.2906413025553427e-29, "x6": 3.5942736073204546, "x7": 14.463175723016253, "x8": 1.2812589236923715, "x9": 2.749988712732662}, "datetime": {"datetime": "2025-05-17 10:45:05", "elapsed": 8271.595464, "delta": 16.205063}}
{"target": 5.4131219740716245, "params": {"x0": 0.8, "x1": 0.9, "x2": 3.1799116954839706, "x3": 6.272035731738928e-30, "x4": 1.7110077963815329, "x5": 2.571695642012061e-30, "x6": 3.5942736073204546, "x7": 14.463175723016253, "x8": 1.2812589236923715, "x9": 2.749988712732662}, "datetime": {"datetime": "2025-05-17 10:45:26", "elapsed": 8292.191401, "delta": 20.595937}}
{"target": 5.4131219740716245, "params": {"x0": 0.8, "x1": 0.9, "x2": 3.1799116954839706, "x3": 2.828863718783269e-30, "x4": 1.7110077963815329, "x5": 1.0439522710462439e-29, "x6": 3.5942736073204546, "x7": 14.463175723016253, "x8": 1.2812589236923715, "x9": 2.749988712732662}, "datetime": {"datetime": "2025-05-17 10:45:42", "elapsed": 8308.342552, "delta": 16.151151}}
{"target": 5.4131219740716245, "params": {"x0": 0.8, "x1": 0.9, "x2": 3.1799116954839706, "x3": 1.077353379884753e-29, "x4": 1.7110077963815329, "x5": 9.651635090857235e-30, "x6": 3.5942736073204546, "x7": 14.463175723016253, "x8": 1.2812589236923715, "x9": 2.749988712732662}, "datetime": {"datetime": "2025-05-17 10:46:02", "elapsed": 8328.000364, "delta": 19.657812}}
{"target": 5.4131219740716245, "params": {"x0": 0.8, "x1": 0.9, "x2": 3.1799116954839706, "x3": 4.1470684533491514e-30, "x4": 1.7110077963815329, "x5": 1.2286867320500911e-30, "x6": 3.5942736073204546, "x7": 14.463175723016253, "x8": 1.2812589236923715, "x9": 2.749988712732662}, "datetime": {"datetime": "2025-05-17 10:46:19", "elapsed": 8345.640291, "delta": 17.639927}}
{"target": 5.4131219740716245, "params": {"x0": 0.8, "x1": 0.9, "x2": 3.1799116954839706, "x3": 5.7638141739631164e-30, "x4": 1.7110077963815329, "x5": 5.4808488125795404e-30, "x6": 3.5942736073204546, "x7": 14.463175723016253, "x8": 1.2812589236923715, "x9": 2.749988712732662}, "datetime": {"datetime": "2025-05-17 10:46:37", "elapsed": 8363.589249, "delta": 17.948958}}
{"target": 5.4131219740716245, "params": {"x0": 0.8, "x1": 0.9, "x2": 3.1799116954839706, "x3": 1.0354393481250874e-29, "x4": 1.7110077963815329, "x5": 9.102143428936298e-31, "x6": 3.5942736073204546, "x7": 14.463175723016253, "x8": 1.2812589236923715, "x9": 2.749988712732662}, "datetime": {"datetime": "2025-05-17 10:46:55", "elapsed": 8380.777326, "delta": 17.188077}}
{"target": 5.4131219740716245, "params": {"x0": 0.8, "x1": 0.9, "x2": 3.1799116954839706, "x3": 6.887535555838644e-30, "x4": 1.7110077963815329, "x5": 6.102348461229557e-30, "x6": 3.5942736073204546, "x7": 14.463175723016253, "x8": 1.2812589236923715, "x9": 2.749988712732662}, "datetime": {"datetime": "2025-05-17 10:47:15", "elapsed": 8401.300732, "delta": 20.523406}}
{"target": 5.4131219740716245, "params": {"x0": 0.8, "x1": 0.9, "x2": 3.1799116954839706, "x3": 8.101321799477205e-30, "x4": 1.7110077963815329, "x5": 1.7724425299903005e-30, "x6": 3.5942736073204546, "x7": 14.463175723016253, "x8": 1.2812589236923715, "x9": 2.749988712732662}, "datetime": {"datetime": "2025-05-17 10:47:32", "elapsed": 8418.662442, "delta": 17.36171}}
{"target": 5.4131219740716245, "params": {"x0": 0.8, "x1": 0.9, "x2": 3.1799116954839706, "x3": 1.0307861146282427e-30, "x4": 1.7110077963815329, "x5": 4.6513985369175964e-30, "x6": 3.5942736073204546, "x7": 14.463175723016253, "x8": 1.2812589236923715, "x9": 2.749988712732662}, "datetime": {"datetime": "2025-05-17 10:47:50", "elapsed": 8435.764707, "delta": 17.102265}}
{"target": 5.4131219740716245, "params": {"x0": 0.8, "x1": 0.9, "x2": 3.1799116954839706, "x3": 3.4434782411182925e-31, "x4": 1.7110077963815329, "x5": 3.376940336172908e-30, "x6": 3.5942736073204546, "x7": 14.463175723016253, "x8": 1.2812589236923715, "x9": 2.749988712732662}, "datetime": {"datetime": "2025-05-17 10:48:07", "elapsed": 8453.650155, "delta": 17.885448}}
{"target": 5.4131219740716245, "params": {"x0": 0.8, "x1": 0.9, "x2": 3.1799116954839706, "x3": 1.3304751387574967e-30, "x4": 1.7110077963815329, "x5": 3.064443793668381e-30, "x6": 3.5942736073204546, "x7": 14.463175723016253, "x8": 1.2812589236923715, "x9": 2.749988712732662}, "datetime": {"datetime": "2025-05-17 10:48:25", "elapsed": 8471.705055, "delta": 18.0549}}
{"target": 5.4131219740716245, "params": {"x0": 0.8, "x1": 0.9, "x2": 3.1799116954839706, "x3": 4.8694122940942624e-30, "x4": 1.7110077963815329, "x5": 2.6311501024615236e-30, "x6": 3.5942736073204546, "x7": 14.463175723016253, "x8": 1.2812589236923715, "x9": 2.749988712732662}, "datetime": {"datetime": "2025-05-17 10:48:44", "elapsed": 8490.145706, "delta": 18.440651}}
