{"target": 5.4131219740716245, "params": {"x0": 0.8, "x1": 0.9, "x2": 3.1799116954839706, "x3": 2.636913366405866e-65, "x4": 1.7110077963815329, "x5": 1.0564676868879277e-65, "x6": 3.5942736073204546, "x7": 14.463175723016253, "x8": 1.2812589236923715, "x9": 2.749988712732662}, "datetime": {"datetime": "2025-05-17 18:20:23", "elapsed": 35589.098297, "delta": 54.049429}}
{"target": 5.4131219740716245, "params": {"x0": 0.8, "x1": 0.9, "x2": 3.1799116954839706, "x3": 1.2401347332195624e-65, "x4": 1.7110077963815329, "x5": 1.7494750704318647e-65, "x6": 3.5942736073204546, "x7": 14.463175723016253, "x8": 1.2812589236923715, "x9": 2.749988712732662}, "datetime": {"datetime": "2025-05-17 18:21:36", "elapsed": 35662.308073, "delta": 73.209776}}
{"target": 5.4131219740716245, "params": {"x0": 0.8, "x1": 0.9, "x2": 3.1799116954839706, "x3": 2.9465955078891234e-65, "x4": 1.7110077963815329, "x5": 5.216742227696193e-66, "x6": 3.5942736073204546, "x7": 14.463175723016253, "x8": 1.2812589236923715, "x9": 2.749988712732662}, "datetime": {"datetime": "2025-05-17 18:22:49", "elapsed": 35735.204779, "delta": 72.896706}}
{"target": 5.4131219740716245, "params": {"x0": 0.8, "x1": 0.9, "x2": 3.1799116954839706, "x3": 1.1430473186019963e-65, "x4": 1.7110077963815329, "x5": 7.649343550845191e-66, "x6": 3.5942736073204546, "x7": 14.463175723016253, "x8": 1.2812589236923715, "x9": 2.749988712732662}, "datetime": {"datetime": "2025-05-17 18:23:48", "elapsed": 35793.774563, "delta": 58.569784}}
{"target": 5.4131219740716245, "params": {"x0": 0.8, "x1": 0.9, "x2": 3.1799116954839706, "x3": 6.706728582818558e-66, "x4": 1.7110077963815329, "x5": 1.4811525242157964e-65, "x6": 3.5942736073204546, "x7": 14.463175723016253, "x8": 1.2812589236923715, "x9": 2.749988712732662}, "datetime": {"datetime": "2025-05-17 18:24:30", "elapsed": 35836.53413, "delta": 42.759567}}
{"target": 5.4131219740716245, "params": {"x0": 0.8, "x1": 0.9, "x2": 3.1799116954839706, "x3": 1.8954850153262408e-66, "x4": 1.7110077963815329, "x5": 4.50379480027339e-66, "x6": 3.5942736073204546, "x7": 14.463175723016253, "x8": 1.2812589236923715, "x9": 2.749988712732662}, "datetime": {"datetime": "2025-05-17 18:25:23", "elapsed": 35889.191683, "delta": 52.657553}}
{"target": 5.4131219740716245, "params": {"x0": 0.8, "x1": 0.9, "x2": 3.1799116954839706, "x3": 6.553841454034845e-66, "x4": 1.7110077963815329, "x5": 5.529281647257003e-66, "x6": 3.5942736073204546, "x7": 14.463175723016253, "x8": 1.2812589236923715, "x9": 2.749988712732662}, "datetime": {"datetime": "2025-05-17 18:26:17", "elapsed": 35943.554332, "delta": 54.362649}}
{"target": 5.4131219740716245, "params": {"x0": 0.8, "x1": 0.9, "x2": 3.1799116954839706, "x3": 1.262270901271465e-65, "x4": 1.7110077963815329, "x5": 1.3905234471825951e-66, "x6": 3.5942736073204546, "x7": 14.463175723016253, "x8": 1.2812589236923715, "x9": 2.749988712732662}, "datetime": {"datetime": "2025-05-17 18:27:04", "elapsed": 35990.532142, "delta": 46.97781}}
{"target": 5.4131219740716245, "params": {"x0": 0.8, "x1": 0.9, "x2": 3.1799116954839706, "x3": 1.5627057021747705e-65, "x4": 1.7110077963815329, "x5": 1.3554868503429768e-66, "x6": 3.5942736073204546, "x7": 14.463175723016253, "x8": 1.2812589236923715, "x9": 2.749988712732662}, "datetime": {"datetime": "2025-05-17 18:28:05", "elapsed": 36051.402415, "delta": 60.870273}}
{"target": 5.4131219740716245, "params": {"x0": 0.8, "x1": 0.9, "x2": 3.1799116954839706, "x3": 3.617036405579966e-66, "x4": 1.7110077963815329, "x5": 1.8768182466868738e-66, "x6": 3.5942736073204546, "x7": 14.463175723016253, "x8": 1.2812589236923715, "x9": 2.749988712732662}, "datetime": {"datetime": "2025-05-17 18:29:13", "elapsed": 36119.065712, "delta": 67.663297}}
{"target": 5.4131219740716245, "params": {"x0": 0.8, "x1": 0.9, "x2": 3.1799116954839706, "x3": 2.7237191490763585e-66, "x4": 1.7110077963815329, "x5": 3.170618505221189e-66, "x6": 3.5942736073204546, "x7": 14.463175723016253, "x8": 1.2812589236923715, "x9": 2.749988712732662}, "datetime": {"datetime": "2025-05-17 18:30:28", "elapsed": 36193.904926, "delta": 74.839214}}
{"target": 5.4131219740716245, "params": {"x0": 0.8, "x1": 0.9, "x2": 3.1799116954839706, "x3": 8.674678692596853e-66, "x4": 1.7110077963815329, "x5": 1.4656003123229775e-66, "x6": 3.5942736073204546, "x7": 14.463175723016253, "x8": 1.2812589236923715, "x9": 2.749988712732662}, "datetime": {"datetime": "2025-05-17 18:31:25", "elapsed": 36251.0058, "delta": 57.100874}}
{"target": 5.4131219740716245, "params": {"x0": 0.8, "x1": 0.9, "x2": 3.1799116954839706, "x3": 1.1801595692560872e-66, "x4": 1.7110077963815329, "x5": 5.68987928082424e-66, "x6": 3.5942736073204546, "x7": 14.463175723016253, "x8": 1.2812589236923715, "x9": 2.749988712732662}, "datetime": {"datetime": "2025-05-17 18:32:19", "elapsed": 36305.384867, "delta": 54.379067}}
{"target": 5.4131219740716245, "params": {"x0": 0.8, "x1": 0.9, "x2": 3.1799116954839706, "x3": 8.483544885049744e-67, "x4": 1.7110077963815329, "x5": 1.3924025890757785e-66, "x6": 3.5942736073204546, "x7": 14.463175723016253, "x8": 1.2812589236923715, "x9": 2.749988712732662}, "datetime": {"datetime": "2025-05-17 18:33:22", "elapsed": 36367.830869, "delta": 62.446002}}
{"target": 5.4131219740716245, "params": {"x0": 0.8, "x1": 0.9, "x2": 3.1799116954839706, "x3": 2.652968899615075e-66, "x4": 1.7110077963815329, "x5": 3.2622290221957756e-66, "x6": 3.5942736073204546, "x7": 14.463175723016253, "x8": 1.2812589236923715, "x9": 2.749988712732662}, "datetime": {"datetime": "2025-05-17 18:34:18", "elapsed": 36424.705197, "delta": 56.874328}}
{"target": 5.4131219740716245, "params": {"x0": 0.8, "x1": 0.9, "x2": 3.1799116954839706, "x3": 2.6557567881548596e-66, "x4": 1.7110077963815329, "x5": 1.541744414969681e-66, "x6": 3.5942736073204546, "x7": 14.463175723016253, "x8": 1.2812589236923715, "x9": 2.749988712732662}, "datetime": {"datetime": "2025-05-17 18:35:22", "elapsed": 36487.990683, "delta": 63.285486}}
{"target": 5.4131219740716245, "params": {"x0": 0.8, "x1": 0.9, "x2": 3.1799116954839706, "x3": 2.9126429451883296e-66, "x4": 1.7110077963815329, "x5": 3.5452595333744285e-66, "x6": 3.5942736073204546, "x7": 14.463175723016253, "x8": 1.2812589236923715, "x9": 2.749988712732662}, "datetime": {"datetime": "2025-05-17 18:36:28", "elapsed": 36553.821272, "delta": 65.830589}}
{"target": 5.4131219740716245, "params": {"x0": 0.8, "x1": 0.9, "x2": 3.1799116954839706, "x3": 6.65331922002972e-66, "x4": 1.7110077963815329, "x5": 2.283977888483901e-67, "x6": 3.5942736073204546, "x7": 14.463175723016253, "x8": 1.2812589236923715, "x9": 2.749988712732662}, "datetime": {"datetime": "2025-05-17 18:37:40", "elapsed": 36626.102304, "delta": 72.281032}}
{"target": 5.4131219740716245, "params": {"x0": 0.8, "x1": 0.9, "x2": 3.1799116954839706, "x3": 2.8366115669233764e-66, "x4": 1.7110077963815329, "x5": 2.6386865546364413e-66, "x6": 3.5942736073204546, "x7": 14.463175723016253, "x8": 1.2812589236923715, "x9": 2.749988712732662}, "datetime": {"datetime": "2025-05-17 18:38:33", "elapsed": 36679.244069, "delta": 53.141765}}
{"target": 5.4131219740716245, "params": {"x0": 0.8, "x1": 0.9, "x2": 3.1799116954839706, "x3": 3.5716882613464417e-66, "x4": 1.7110077963815329, "x5": 9.835773528195546e-67, "x6": 3.5942736073204546, "x7": 14.463175723016253, "x8": 1.2812589236923715, "x9": 2.749988712732662}, "datetime": {"datetime": "2025-05-17 18:39:35", "elapsed": 36741.544106, "delta": 62.300037}}
{"target": 5.4131219740716245, "params": {"x0": 0.8, "x1": 0.9, "x2": 3.1799116954839706, "x3": 2.07618709615277e-66, "x4": 1.7110077963815329, "x5": 2.1713682399901725e-66, "x6": 3.5942736073204546, "x7": 14.463175723016253, "x8": 1.2812589236923715, "x9": 2.749988712732662}, "datetime": {"datetime": "2025-05-17 18:40:29", "elapsed": 36795.018039, "delta": 53.473933}}
{"target": 5.4131219740716245, "params": {"x0": 0.8, "x1": 0.9, "x2": 3.1799116954839706, "x3": 3.7643078498964045e-66, "x4": 1.7110077963815329, "x5": 5.64643911219452e-67, "x6": 3.5942736073204546, "x7": 14.463175723016253, "x8": 1.2812589236923715, "x9": 2.749988712732662}, "datetime": {"datetime": "2025-05-17 18:41:20", "elapsed": 36846.060725, "delta": 51.042686}}
{"target": 5.4131219740716245, "params": {"x0": 0.8, "x1": 0.9, "x2": 3.1799116954839706, "x3": 2.737009857298464e-66, "x4": 1.7110077963815329, "x5": 1.0611615441946401e-66, "x6": 3.5942736073204546, "x7": 14.463175723016253, "x8": 1.2812589236923715, "x9": 2.749988712732662}, "datetime": {"datetime": "2025-05-17 18:42:21", "elapsed": 36907.235455, "delta": 61.17473}}
{"target": 5.4131219740716245, "params": {"x0": 0.8, "x1": 0.9, "x2": 3.1799116954839706, "x3": 4.9347439071738906e-67, "x4": 1.7110077963815329, "x5": 7.71893063242e-67, "x6": 3.5942736073204546, "x7": 14.463175723016253, "x8": 1.2812589236923715, "x9": 2.749988712732662}, "datetime": {"datetime": "2025-05-17 18:43:18", "elapsed": 36964.413271, "delta": 57.177816}}
{"target": 5.4131219740716245, "params": {"x0": 0.8, "x1": 0.9, "x2": 3.1799116954839706, "x3": 1.6297970119532404e-66, "x4": 1.7110077963815329, "x5": 9.878212321997524e-67, "x6": 3.5942736073204546, "x7": 14.463175723016253, "x8": 1.2812589236923715, "x9": 2.749988712732662}, "datetime": {"datetime": "2025-05-17 18:44:24", "elapsed": 37030.124991, "delta": 65.71172}}
{"target": 5.4131219740716245, "params": {"x0": 0.8, "x1": 0.9, "x2": 3.1799116954839706, "x3": 1.5461615927591215e-66, "x4": 1.7110077963815329, "x5": 4.288379141224684e-67, "x6": 3.5942736073204546, "x7": 14.463175723016253, "x8": 1.2812589236923715, "x9": 2.749988712732662}, "datetime": {"datetime": "2025-05-17 18:45:22", "elapsed": 37087.884201, "delta": 57.75921}}
{"target": 5.4131219740716245, "params": {"x0": 0.8, "x1": 0.9, "x2": 3.1799116954839706, "x3": 3.5433986200858384e-67, "x4": 1.7110077963815329, "x5": 5.163883133649296e-67, "x6": 3.5942736073204546, "x7": 14.463175723016253, "x8": 1.2812589236923715, "x9": 2.749988712732662}, "datetime": {"datetime": "2025-05-17 18:46:23", "elapsed": 37148.858245, "delta": 60.974044}}
{"target": 5.4131219740716245, "params": {"x0": 0.8, "x1": 0.9, "x2": 3.1799116954839706, "x3": 1.577623302702866e-66, "x4": 1.7110077963815329, "x5": 1.3935497409203119e-68, "x6": 3.5942736073204546, "x7": 14.463175723016253, "x8": 1.2812589236923715, "x9": 2.749988712732662}, "datetime": {"datetime": "2025-05-17 18:47:20", "elapsed": 37206.438911, "delta": 57.580666}}
{"target": 5.4131219740716245, "params": {"x0": 0.8, "x1": 0.9, "x2": 3.1799116954839706, "x3": 1.3761408229562317e-66, "x4": 1.7110077963815329, "x5": 5.11488603742247e-67, "x6": 3.5942736073204546, "x7": 14.463175723016253, "x8": 1.2812589236923715, "x9": 2.749988712732662}, "datetime": {"datetime": "2025-05-17 18:48:17", "elapsed": 37263.189946, "delta": 56.751035}}
{"target": 5.4131219740716245, "params": {"x0": 0.8, "x1": 0.9, "x2": 3.1799116954839706, "x3": 1.8964175167358413e-67, "x4": 1.7110077963815329, "x5": 8.584639695495491e-67, "x6": 3.5942736073204546, "x7": 14.463175723016253, "x8": 1.2812589236923715, "x9": 2.749988712732662}, "datetime": {"datetime": "2025-05-17 18:49:26", "elapsed": 37331.755186, "delta": 68.56524}}
{"target": 5.4131219740716245, "params": {"x0": 0.8, "x1": 0.9, "x2": 3.1799116954839706, "x3": 1.232038158691968e-67, "x4": 1.7110077963815329, "x5": 7.043635485191868e-68, "x6": 3.5942736073204546, "x7": 14.463175723016253, "x8": 1.2812589236923715, "x9": 2.749988712732662}, "datetime": {"datetime": "2025-05-17 18:50:29", "elapsed": 37394.938636, "delta": 63.18345}}
{"target": 5.4131219740716245, "params": {"x0": 0.8, "x1": 0.9, "x2": 3.1799116954839706, "x3": 3.1244054333208215e-67, "x4": 1.7110077963815329, "x5": 1.2292635073756521e-67, "x6": 3.5942736073204546, "x7": 14.463175723016253, "x8": 1.2812589236923715, "x9": 2.749988712732662}, "datetime": {"datetime": "2025-05-17 18:51:39", "elapsed": 37465.142664, "delta": 70.204028}}
{"target": 5.4131219740716245, "params": {"x0": 0.8, "x1": 0.9, "x2": 3.1799116954839706, "x3": 4.560289559133661e-67, "x4": 1.7110077963815329, "x5": 8.803077670029704e-67, "x6": 3.5942736073204546, "x7": 14.463175723016253, "x8": 1.2812589236923715, "x9": 2.749988712732662}, "datetime": {"datetime": "2025-05-17 18:52:37", "elapsed": 37523.592144, "delta": 58.44948}}
{"target": 5.4131219740716245, "params": {"x0": 0.8, "x1": 0.9, "x2": 3.1799116954839706, "x3": 3.642458433135532e-67, "x4": 1.7110077963815329, "x5": 4.16659861677729e-67, "x6": 3.5942736073204546, "x7": 14.463175723016253, "x8": 1.2812589236923715, "x9": 2.749988712732662}, "datetime": {"datetime": "2025-05-17 18:53:31", "elapsed": 37577.306362, "delta": 53.714218}}
{"target": 5.4131219740716245, "params": {"x0": 0.8, "x1": 0.9, "x2": 3.1799116954839706, "x3": 3.54672711777879e-67, "x4": 1.7110077963815329, "x5": 2.355468844616584e-67, "x6": 3.5942736073204546, "x7": 14.463175723016253, "x8": 1.2812589236923715, "x9": 2.749988712732662}, "datetime": {"datetime": "2025-05-17 18:54:25", "elapsed": 37631.136203, "delta": 53.829841}}
{"target": 5.4131219740716245, "params": {"x0": 0.8, "x1": 0.9, "x2": 3.1799116954839706, "x3": 3.553637516648777e-67, "x4": 1.7110077963815329, "x5": 4.566441087754509e-67, "x6": 3.5942736073204546, "x7": 14.463175723016253, "x8": 1.2812589236923715, "x9": 2.749988712732662}, "datetime": {"datetime": "2025-05-17 18:55:30", "elapsed": 37696.641573, "delta": 65.50537}}
{"target": 5.4131219740716245, "params": {"x0": 0.8, "x1": 0.9, "x2": 3.1799116954839706, "x3": 3.259753269347302e-67, "x4": 1.7110077963815329, "x5": 1.8740194060322102e-67, "x6": 3.5942736073204546, "x7": 14.463175723016253, "x8": 1.2812589236923715, "x9": 2.749988712732662}, "datetime": {"datetime": "2025-05-17 18:56:28", "elapsed": 37754.492594, "delta": 57.851021}}
{"target": 5.4131219740716245, "params": {"x0": 0.8, "x1": 0.9, "x2": 3.1799116954839706, "x3": 6.750019094822152e-67, "x4": 1.7110077963815329, "x5": 5.144698559771841e-67, "x6": 3.5942736073204546, "x7": 14.463175723016253, "x8": 1.2812589236923715, "x9": 2.749988712732662}, "datetime": {"datetime": "2025-05-17 18:57:27", "elapsed": 37813.486909, "delta": 58.994315}}
{"target": 5.4131219740716245, "params": {"x0": 0.8, "x1": 0.9, "x2": 3.1799116954839706, "x3": 1.3417429138937541e-67, "x4": 1.7110077963815329, "x5": 2.5405884546328046e-67, "x6": 3.5942736073204546, "x7": 14.463175723016253, "x8": 1.2812589236923715, "x9": 2.749988712732662}, "datetime": {"datetime": "2025-05-17 18:58:45", "elapsed": 37891.361334, "delta": 77.874425}}
{"target": 5.4131219740716245, "params": {"x0": 0.8, "x1": 0.9, "x2": 3.1799116954839706, "x3": 2.1229232410550104e-67, "x4": 1.7110077963815329, "x5": 2.6410395344053814e-67, "x6": 3.5942736073204546, "x7": 14.463175723016253, "x8": 1.2812589236923715, "x9": 2.749988712732662}, "datetime": {"datetime": "2025-05-17 18:59:45", "elapsed": 37951.033526, "delta": 59.672192}}
{"target": 5.4131219740716245, "params": {"x0": 0.8, "x1": 0.9, "x2": 3.1799116954839706, "x3": 5.141027419448847e-67, "x4": 1.7110077963815329, "x5": 3.7104565173561924e-67, "x6": 3.5942736073204546, "x7": 14.463175723016253, "x8": 1.2812589236923715, "x9": 2.749988712732662}, "datetime": {"datetime": "2025-05-17 19:00:34", "elapsed": 37999.854235, "delta": 48.820709}}
{"target": 5.4131219740716245, "params": {"x0": 0.8, "x1": 0.9, "x2": 3.1799116954839706, "x3": 4.974039645706664e-67, "x4": 1.7110077963815329, "x5": 1.6848830294038685e-67, "x6": 3.5942736073204546, "x7": 14.463175723016253, "x8": 1.2812589236923715, "x9": 2.749988712732662}, "datetime": {"datetime": "2025-05-17 19:01:23", "elapsed": 38049.51434, "delta": 49.660105}}
{"target": 5.4131219740716245, "params": {"x0": 0.8, "x1": 0.9, "x2": 3.1799116954839706, "x3": 4.7348850501901134e-67, "x4": 1.7110077963815329, "x5": 1.1402197501308788e-67, "x6": 3.5942736073204546, "x7": 14.463175723016253, "x8": 1.2812589236923715, "x9": 2.749988712732662}, "datetime": {"datetime": "2025-05-17 19:02:24", "elapsed": 38110.419731, "delta": 60.905391}}
{"target": 5.4131219740716245, "params": {"x0": 0.8, "x1": 0.9, "x2": 3.1799116954839706, "x3": 2.818420207102643e-67, "x4": 1.7110077963815329, "x5": 1.1875840470173132e-67, "x6": 3.5942736073204546, "x7": 14.463175723016253, "x8": 1.2812589236923715, "x9": 2.749988712732662}, "datetime": {"datetime": "2025-05-17 19:03:24", "elapsed": 38169.764312, "delta": 59.344581}}
{"target": 5.4131219740716245, "params": {"x0": 0.8, "x1": 0.9, "x2": 3.1799116954839706, "x3": 3.294279086033392e-67, "x4": 1.7110077963815329, "x5": 7.644132106080777e-68, "x6": 3.5942736073204546, "x7": 14.463175723016253, "x8": 1.2812589236923715, "x9": 2.749988712732662}, "datetime": {"datetime": "2025-05-17 19:04:32", "elapsed": 38237.868236, "delta": 68.103924}}
{"target": 5.4131219740716245, "params": {"x0": 0.8, "x1": 0.9, "x2": 3.1799116954839706, "x3": 1.9050986883896805e-67, "x4": 1.7110077963815329, "x5": 7.681314478022393e-68, "x6": 3.5942736073204546, "x7": 14.463175723016253, "x8": 1.2812589236923715, "x9": 2.749988712732662}, "datetime": {"datetime": "2025-05-17 19:05:27", "elapsed": 38293.190848, "delta": 55.322612}}
{"target": 5.4131219740716245, "params": {"x0": 0.8, "x1": 0.9, "x2": 3.1799116954839706, "x3": 1.329089466295097e-67, "x4": 1.7110077963815329, "x5": 1.568237303210501e-67, "x6": 3.5942736073204546, "x7": 14.463175723016253, "x8": 1.2812589236923715, "x9": 2.749988712732662}, "datetime": {"datetime": "2025-05-17 19:06:37", "elapsed": 38363.520725, "delta": 70.329877}}
{"target": 5.4131219740716245, "params": {"x0": 0.8, "x1": 0.9, "x2": 3.1799116954839706, "x3": 1.5629650279888608e-67, "x4": 1.7110077963815329, "x5": 3.543354641232409e-68, "x6": 3.5942736073204546, "x7": 14.463175723016253, "x8": 1.2812589236923715, "x9": 2.749988712732662}, "datetime": {"datetime": "2025-05-17 19:07:56", "elapsed": 38442.699627, "delta": 79.178902}}
{"target": 5.4131219740716245, "params": {"x0": 0.8, "x1": 0.9, "x2": 3.1799116954839706, "x3": 8.97904937881991e-68, "x4": 1.7110077963815329, "x5": 4.210742963184852e-68, "x6": 3.5942736073204546, "x7": 14.463175723016253, "x8": 1.2812589236923715, "x9": 2.749988712732662}, "datetime": {"datetime": "2025-05-17 19:08:53", "elapsed": 38499.70462, "delta": 57.004993}}
{"target": 5.4131219740716245, "params": {"x0": 0.8, "x1": 0.9, "x2": 3.1799116954839706, "x3": 9.795517673217596e-68, "x4": 1.7110077963815329, "x5": 4.64824260299971e-68, "x6": 3.5942736073204546, "x7": 14.463175723016253, "x8": 1.2812589236923715, "x9": 2.749988712732662}, "datetime": {"datetime": "2025-05-17 19:10:06", "elapsed": 38571.759496, "delta": 72.054876}}
{"target": 5.4131219740716245, "params": {"x0": 0.8, "x1": 0.9, "x2": 3.1799116954839706, "x3": 3.978176261550026e-68, "x4": 1.7110077963815329, "x5": 7.94540264610481e-68, "x6": 3.5942736073204546, "x7": 14.463175723016253, "x8": 1.2812589236923715, "x9": 2.749988712732662}, "datetime": {"datetime": "2025-05-17 19:11:23", "elapsed": 38649.310492, "delta": 77.550996}}
{"target": 5.4131219740716245, "params": {"x0": 0.8, "x1": 0.9, "x2": 3.1799116954839706, "x3": 9.603453437216196e-68, "x4": 1.7110077963815329, "x5": 7.563432652659764e-68, "x6": 3.5942736073204546, "x7": 14.463175723016253, "x8": 1.2812589236923715, "x9": 2.749988712732662}, "datetime": {"datetime": "2025-05-17 19:12:28", "elapsed": 38714.298291, "delta": 64.987799}}
{"target": 5.4131219740716245, "params": {"x0": 0.8, "x1": 0.9, "x2": 3.1799116954839706, "x3": 5.76256405996653e-69, "x4": 1.7110077963815329, "x5": 8.341491321510733e-68, "x6": 3.5942736073204546, "x7": 14.463175723016253, "x8": 1.2812589236923715, "x9": 2.749988712732662}, "datetime": {"datetime": "2025-05-17 19:13:25", "elapsed": 38771.250676, "delta": 56.952385}}
{"target": 5.4131219740716245, "params": {"x0": 0.8, "x1": 0.9, "x2": 3.1799116954839706, "x3": 1.0575513131403177e-67, "x4": 1.7110077963815329, "x5": 8.860739498166559e-69, "x6": 3.5942736073204546, "x7": 14.463175723016253, "x8": 1.2812589236923715, "x9": 2.749988712732662}, "datetime": {"datetime": "2025-05-17 19:14:35", "elapsed": 38841.689805, "delta": 70.439129}}
{"target": 5.4131219740716245, "params": {"x0": 0.8, "x1": 0.9, "x2": 3.1799116954839706, "x3": 1.2010099966268079e-67, "x4": 1.7110077963815329, "x5": 1.3794245737976556e-68, "x6": 3.5942736073204546, "x7": 14.463175723016253, "x8": 1.2812589236923715, "x9": 2.749988712732662}, "datetime": {"datetime": "2025-05-17 19:15:36", "elapsed": 38902.332584, "delta": 60.642779}}
{"target": 5.4131219740716245, "params": {"x0": 0.8, "x1": 0.9, "x2": 3.1799116954839706, "x3": 1.0510153189405481e-67, "x4": 1.7110077963815329, "x5": 1.9458883498193538e-68, "x6": 3.5942736073204546, "x7": 14.463175723016253, "x8": 1.2812589236923715, "x9": 2.749988712732662}, "datetime": {"datetime": "2025-05-17 19:16:32", "elapsed": 38957.904452, "delta": 55.571868}}
{"target": 5.4131219740716245, "params": {"x0": 0.8, "x1": 0.9, "x2": 3.1799116954839706, "x3": 2.4083428083694677e-68, "x4": 1.7110077963815329, "x5": 3.3745179349318023e-68, "x6": 3.5942736073204546, "x7": 14.463175723016253, "x8": 1.2812589236923715, "x9": 2.749988712732662}, "datetime": {"datetime": "2025-05-17 19:17:41", "elapsed": 39027.592595, "delta": 69.688143}}
{"target": 5.4131219740716245, "params": {"x0": 0.8, "x1": 0.9, "x2": 3.1799116954839706, "x3": 9.004450424734317e-68, "x4": 1.7110077963815329, "x5": 4.852835273350869e-68, "x6": 3.5942736073204546, "x7": 14.463175723016253, "x8": 1.2812589236923715, "x9": 2.749988712732662}, "datetime": {"datetime": "2025-05-17 19:18:47", "elapsed": 39092.779088, "delta": 65.186493}}
{"target": 5.4131219740716245, "params": {"x0": 0.8, "x1": 0.9, "x2": 3.1799116954839706, "x3": 3.975607599937501e-68, "x4": 1.7110077963815329, "x5": 5.145306555774005e-68, "x6": 3.5942736073204546, "x7": 14.463175723016253, "x8": 1.2812589236923715, "x9": 2.749988712732662}, "datetime": {"datetime": "2025-05-17 19:19:33", "elapsed": 39139.248419, "delta": 46.469331}}
