{"target": 5.4131219740716245, "params": {"x0": 0.8, "x1": 0.9, "x2": 3.1799116954839706, "x3": 3.191751273682898e-87, "x4": 1.7110077963815329, "x5": 6.564136249234099e-87, "x6": 3.5942736073204546, "x7": 14.463175723016253, "x8": 1.2812589236923715, "x9": 2.749988712732662}, "datetime": {"datetime": "2025-05-18 04:02:37", "elapsed": 70523.645693, "delta": 82.981757}}
{"target": 5.4131219740716245, "params": {"x0": 0.8, "x1": 0.9, "x2": 3.1799116954839706, "x3": 5.704643452660171e-87, "x4": 1.7110077963815329, "x5": 4.277767747537271e-87, "x6": 3.5942736073204546, "x7": 14.463175723016253, "x8": 1.2812589236923715, "x9": 2.749988712732662}, "datetime": {"datetime": "2025-05-18 04:04:40", "elapsed": 70645.853441, "delta": 122.207748}}
{"target": 5.4131219740716245, "params": {"x0": 0.8, "x1": 0.9, "x2": 3.1799116954839706, "x3": 2.7914857773446958e-87, "x4": 1.7110077963815329, "x5": 2.0415744635924505e-87, "x6": 3.5942736073204546, "x7": 14.463175723016253, "x8": 1.2812589236923715, "x9": 2.749988712732662}, "datetime": {"datetime": "2025-05-18 04:06:05", "elapsed": 70731.468364, "delta": 85.614923}}
{"target": 5.4131219740716245, "params": {"x0": 0.8, "x1": 0.9, "x2": 3.1799116954839706, "x3": 6.444751361127715e-87, "x4": 1.7110077963815329, "x5": 1.7813459508551547e-87, "x6": 3.5942736073204546, "x7": 14.463175723016253, "x8": 1.2812589236923715, "x9": 2.749988712732662}, "datetime": {"datetime": "2025-05-18 04:08:02", "elapsed": 70848.416173, "delta": 116.947809}}
{"target": 5.4131219740716245, "params": {"x0": 0.8, "x1": 0.9, "x2": 3.1799116954839706, "x3": 5.402330392812689e-87, "x4": 1.7110077963815329, "x5": 4.1352688475311406e-88, "x6": 3.5942736073204546, "x7": 14.463175723016253, "x8": 1.2812589236923715, "x9": 2.749988712732662}, "datetime": {"datetime": "2025-05-18 04:09:29", "elapsed": 70935.151091, "delta": 86.734918}}
{"target": 5.4131219740716245, "params": {"x0": 0.8, "x1": 0.9, "x2": 3.1799116954839706, "x3": 2.699676170467004e-87, "x4": 1.7110077963815329, "x5": 3.048473847624614e-88, "x6": 3.5942736073204546, "x7": 14.463175723016253, "x8": 1.2812589236923715, "x9": 2.749988712732662}, "datetime": {"datetime": "2025-05-18 04:10:41", "elapsed": 71006.816781, "delta": 71.66569}}
{"target": 5.4131219740716245, "params": {"x0": 0.8, "x1": 0.9, "x2": 3.1799116954839706, "x3": 2.4681633992328194e-87, "x4": 1.7110077963815329, "x5": 2.0268200632065923e-87, "x6": 3.5942736073204546, "x7": 14.463175723016253, "x8": 1.2812589236923715, "x9": 2.749988712732662}, "datetime": {"datetime": "2025-05-18 04:12:01", "elapsed": 71086.802129, "delta": 79.985348}}
{"target": 5.4131219740716245, "params": {"x0": 0.8, "x1": 0.9, "x2": 3.1799116954839706, "x3": 4.0825444120492036e-88, "x4": 1.7110077963815329, "x5": 2.8730750753075817e-87, "x6": 3.5942736073204546, "x7": 14.463175723016253, "x8": 1.2812589236923715, "x9": 2.749988712732662}, "datetime": {"datetime": "2025-05-18 04:13:37", "elapsed": 71183.516221, "delta": 96.714092}}
{"target": 5.4131219740716245, "params": {"x0": 0.8, "x1": 0.9, "x2": 3.1799116954839706, "x3": 1.0404766569759722e-87, "x4": 1.7110077963815329, "x5": 6.01185857221513e-88, "x6": 3.5942736073204546, "x7": 14.463175723016253, "x8": 1.2812589236923715, "x9": 2.749988712732662}, "datetime": {"datetime": "2025-05-18 04:15:26", "elapsed": 71292.59092, "delta": 109.074699}}
{"target": 5.4131219740716245, "params": {"x0": 0.8, "x1": 0.9, "x2": 3.1799116954839706, "x3": 1.8019364509966976e-87, "x4": 1.7110077963815329, "x5": 1.53157532197862e-89, "x6": 3.5942736073204546, "x7": 14.463175723016253, "x8": 1.2812589236923715, "x9": 2.749988712732662}, "datetime": {"datetime": "2025-05-18 04:16:49", "elapsed": 71375.394204, "delta": 82.803284}}
{"target": 5.4131219740716245, "params": {"x0": 0.8, "x1": 0.9, "x2": 3.1799116954839706, "x3": 2.9351380124107575e-89, "x4": 1.7110077963815329, "x5": 6.958996025684522e-88, "x6": 3.5942736073204546, "x7": 14.463175723016253, "x8": 1.2812589236923715, "x9": 2.749988712732662}, "datetime": {"datetime": "2025-05-18 04:18:07", "elapsed": 71452.990673, "delta": 77.596469}}
{"target": 5.4131219740716245, "params": {"x0": 0.8, "x1": 0.9, "x2": 3.1799116954839706, "x3": 2.336964117544976e-87, "x4": 1.7110077963815329, "x5": 1.530251297063625e-87, "x6": 3.5942736073204546, "x7": 14.463175723016253, "x8": 1.2812589236923715, "x9": 2.749988712732662}, "datetime": {"datetime": "2025-05-18 04:19:16", "elapsed": 71522.591235, "delta": 69.600562}}
{"target": 5.4131219740716245, "params": {"x0": 0.8, "x1": 0.9, "x2": 3.1799116954839706, "x3": 1.473001220181688e-87, "x4": 1.7110077963815329, "x5": 1.1655607721380006e-87, "x6": 3.5942736073204546, "x7": 14.463175723016253, "x8": 1.2812589236923715, "x9": 2.749988712732662}, "datetime": {"datetime": "2025-05-18 04:20:28", "elapsed": 71594.054807, "delta": 71.463572}}
{"target": 5.4131219740716245, "params": {"x0": 0.8, "x1": 0.9, "x2": 3.1799116954839706, "x3": 2.0834750850544706e-89, "x4": 1.7110077963815329, "x5": 3.351030019198618e-88, "x6": 3.5942736073204546, "x7": 14.463175723016253, "x8": 1.2812589236923715, "x9": 2.749988712732662}, "datetime": {"datetime": "2025-05-18 04:22:08", "elapsed": 71694.361426, "delta": 100.306619}}
{"target": 5.4131219740716245, "params": {"x0": 0.8, "x1": 0.9, "x2": 3.1799116954839706, "x3": 1.7627247405762996e-87, "x4": 1.7110077963815329, "x5": 1.159057170116871e-87, "x6": 3.5942736073204546, "x7": 14.463175723016253, "x8": 1.2812589236923715, "x9": 2.749988712732662}, "datetime": {"datetime": "2025-05-18 04:23:37", "elapsed": 71783.472555, "delta": 89.111129}}
{"target": 5.4131219740716245, "params": {"x0": 0.8, "x1": 0.9, "x2": 3.1799116954839706, "x3": 1.8590481855484958e-87, "x4": 1.7110077963815329, "x5": 6.876667809835461e-88, "x6": 3.5942736073204546, "x7": 14.463175723016253, "x8": 1.2812589236923715, "x9": 2.749988712732662}, "datetime": {"datetime": "2025-05-18 04:25:50", "elapsed": 71916.693174, "delta": 133.220619}}
{"target": 5.4131219740716245, "params": {"x0": 0.8, "x1": 0.9, "x2": 3.1799116954839706, "x3": 1.0467360093253536e-88, "x4": 1.7110077963815329, "x5": 8.233761348149861e-88, "x6": 3.5942736073204546, "x7": 14.463175723016253, "x8": 1.2812589236923715, "x9": 2.749988712732662}, "datetime": {"datetime": "2025-05-18 04:27:34", "elapsed": 72020.286066, "delta": 103.592892}}
{"target": 5.4131219740716245, "params": {"x0": 0.8, "x1": 0.9, "x2": 3.1799116954839706, "x3": 9.393362107537758e-88, "x4": 1.7110077963815329, "x5": 5.411088278618298e-88, "x6": 3.5942736073204546, "x7": 14.463175723016253, "x8": 1.2812589236923715, "x9": 2.749988712732662}, "datetime": {"datetime": "2025-05-18 04:29:56", "elapsed": 72162.567893, "delta": 142.281827}}
{"target": 5.4131219740716245, "params": {"x0": 0.8, "x1": 0.9, "x2": 3.1799116954839706, "x3": 3.0764018798470106e-88, "x4": 1.7110077963815329, "x5": 3.4910313299172124e-88, "x6": 3.5942736073204546, "x7": 14.463175723016253, "x8": 1.2812589236923715, "x9": 2.749988712732662}, "datetime": {"datetime": "2025-05-18 04:32:19", "elapsed": 72304.907115, "delta": 142.339222}}
{"target": 5.4131219740716245, "params": {"x0": 0.8, "x1": 0.9, "x2": 3.1799116954839706, "x3": 5.082822077791438e-88, "x4": 1.7110077963815329, "x5": 4.7148873225460604e-88, "x6": 3.5942736073204546, "x7": 14.463175723016253, "x8": 1.2812589236923715, "x9": 2.749988712732662}, "datetime": {"datetime": "2025-05-18 04:34:33", "elapsed": 72439.345236, "delta": 134.438121}}
{"target": 5.4131219740716245, "params": {"x0": 0.8, "x1": 0.9, "x2": 3.1799116954839706, "x3": 2.2465002253270148e-88, "x4": 1.7110077963815329, "x5": 6.051134504295098e-88, "x6": 3.5942736073204546, "x7": 14.463175723016253, "x8": 1.2812589236923715, "x9": 2.749988712732662}, "datetime": {"datetime": "2025-05-18 04:36:40", "elapsed": 72565.838255, "delta": 126.493019}}
{"target": 5.4131219740716245, "params": {"x0": 0.8, "x1": 0.9, "x2": 3.1799116954839706, "x3": 2.4225846188185529e-88, "x4": 1.7110077963815329, "x5": 7.003090089824821e-88, "x6": 3.5942736073204546, "x7": 14.463175723016253, "x8": 1.2812589236923715, "x9": 2.749988712732662}, "datetime": {"datetime": "2025-05-18 04:39:00", "elapsed": 72706.54157, "delta": 140.703315}}
{"target": 5.4131219740716245, "params": {"x0": 0.8, "x1": 0.9, "x2": 3.1799116954839706, "x3": 1.5579822841879681e-89, "x4": 1.7110077963815329, "x5": 3.2654238692228567e-88, "x6": 3.5942736073204546, "x7": 14.463175723016253, "x8": 1.2812589236923715, "x9": 2.749988712732662}, "datetime": {"datetime": "2025-05-18 04:41:03", "elapsed": 72828.995971, "delta": 122.454401}}
{"target": 5.4131219740716245, "params": {"x0": 0.8, "x1": 0.9, "x2": 3.1799116954839706, "x3": 8.105438573304944e-88, "x4": 1.7110077963815329, "x5": 4.606216258652031e-88, "x6": 3.5942736073204546, "x7": 14.463175723016253, "x8": 1.2812589236923715, "x9": 2.749988712732662}, "datetime": {"datetime": "2025-05-18 04:42:51", "elapsed": 72937.514042, "delta": 108.518071}}
{"target": 5.4131219740716245, "params": {"x0": 0.8, "x1": 0.9, "x2": 3.1799116954839706, "x3": 1.5506999132789795e-88, "x4": 1.7110077963815329, "x5": 1.0216586754544679e-88, "x6": 3.5942736073204546, "x7": 14.463175723016253, "x8": 1.2812589236923715, "x9": 2.749988712732662}, "datetime": {"datetime": "2025-05-18 04:44:23", "elapsed": 73029.724275, "delta": 92.210233}}
{"target": 5.4131219740716245, "params": {"x0": 0.8, "x1": 0.9, "x2": 3.1799116954839706, "x3": 5.518035951482915e-88, "x4": 1.7110077963815329, "x5": 2.0786902220231747e-89, "x6": 3.5942736073204546, "x7": 14.463175723016253, "x8": 1.2812589236923715, "x9": 2.749988712732662}, "datetime": {"datetime": "2025-05-18 04:45:40", "elapsed": 73106.080852, "delta": 76.356577}}
{"target": 5.4131219740716245, "params": {"x0": 0.8, "x1": 0.9, "x2": 3.1799116954839706, "x3": 1.8575478407028046e-88, "x4": 1.7110077963815329, "x5": 1.9439796834888293e-88, "x6": 3.5942736073204546, "x7": 14.463175723016253, "x8": 1.2812589236923715, "x9": 2.749988712732662}, "datetime": {"datetime": "2025-05-18 04:47:26", "elapsed": 73211.728731, "delta": 105.647879}}
{"target": 5.4131219740716245, "params": {"x0": 0.8, "x1": 0.9, "x2": 3.1799116954839706, "x3": 8.70987190009305e-89, "x4": 1.7110077963815329, "x5": 2.5127965033401705e-88, "x6": 3.5942736073204546, "x7": 14.463175723016253, "x8": 1.2812589236923715, "x9": 2.749988712732662}, "datetime": {"datetime": "2025-05-18 04:49:04", "elapsed": 73309.937935, "delta": 98.209204}}
{"target": 5.4131219740716245, "params": {"x0": 0.8, "x1": 0.9, "x2": 3.1799116954839706, "x3": 2.8224877957827124e-88, "x4": 1.7110077963815329, "x5": 9.169372856609759e-89, "x6": 3.5942736073204546, "x7": 14.463175723016253, "x8": 1.2812589236923715, "x9": 2.749988712732662}, "datetime": {"datetime": "2025-05-18 04:50:41", "elapsed": 73406.839829, "delta": 96.901894}}
{"target": 5.4131219740716245, "params": {"x0": 0.8, "x1": 0.9, "x2": 3.1799116954839706, "x3": 5.442459171054478e-89, "x4": 1.7110077963815329, "x5": 3.114988160228038e-88, "x6": 3.5942736073204546, "x7": 14.463175723016253, "x8": 1.2812589236923715, "x9": 2.749988712732662}, "datetime": {"datetime": "2025-05-18 04:52:24", "elapsed": 73510.479703, "delta": 103.639874}}
{"target": 5.4131219740716245, "params": {"x0": 0.8, "x1": 0.9, "x2": 3.1799116954839706, "x3": 8.302941656573211e-90, "x4": 1.7110077963815329, "x5": 1.6387211157963614e-88, "x6": 3.5942736073204546, "x7": 14.463175723016253, "x8": 1.2812589236923715, "x9": 2.749988712732662}, "datetime": {"datetime": "2025-05-18 04:53:59", "elapsed": 73605.51443, "delta": 95.034727}}
{"target": 5.4131219740716245, "params": {"x0": 0.8, "x1": 0.9, "x2": 3.1799116954839706, "x3": 1.005442208790944e-88, "x4": 1.7110077963815329, "x5": 1.6384322515356637e-88, "x6": 3.5942736073204546, "x7": 14.463175723016253, "x8": 1.2812589236923715, "x9": 2.749988712732662}, "datetime": {"datetime": "2025-05-18 04:55:31", "elapsed": 73697.448157, "delta": 91.933727}}
{"target": 5.4131219740716245, "params": {"x0": 0.8, "x1": 0.9, "x2": 3.1799116954839706, "x3": 2.3644492033264718e-88, "x4": 1.7110077963815329, "x5": 1.9400413252192557e-89, "x6": 3.5942736073204546, "x7": 14.463175723016253, "x8": 1.2812589236923715, "x9": 2.749988712732662}, "datetime": {"datetime": "2025-05-18 04:56:53", "elapsed": 73779.425614, "delta": 81.977457}}
{"target": 5.4131219740716245, "params": {"x0": 0.8, "x1": 0.9, "x2": 3.1799116954839706, "x3": 2.3451965607495183e-88, "x4": 1.7110077963815329, "x5": 7.638002859304724e-89, "x6": 3.5942736073204546, "x7": 14.463175723016253, "x8": 1.2812589236923715, "x9": 2.749988712732662}, "datetime": {"datetime": "2025-05-18 04:58:02", "elapsed": 73848.222611, "delta": 68.796997}}
{"target": 5.4131219740716245, "params": {"x0": 0.8, "x1": 0.9, "x2": 3.1799116954839706, "x3": 1.4406191292440084e-88, "x4": 1.7110077963815329, "x5": 1.754910648219734e-88, "x6": 3.5942736073204546, "x7": 14.463175723016253, "x8": 1.2812589236923715, "x9": 2.749988712732662}, "datetime": {"datetime": "2025-05-18 04:59:15", "elapsed": 73921.520341, "delta": 73.29773}}
{"target": 5.4131219740716245, "params": {"x0": 0.8, "x1": 0.9, "x2": 3.1799116954839706, "x3": 2.3719887660716104e-88, "x4": 1.7110077963815329, "x5": 7.713315499970945e-89, "x6": 3.5942736073204546, "x7": 14.463175723016253, "x8": 1.2812589236923715, "x9": 2.749988712732662}, "datetime": {"datetime": "2025-05-18 05:00:50", "elapsed": 74015.898489, "delta": 94.378148}}
{"target": 5.4131219740716245, "params": {"x0": 0.8, "x1": 0.9, "x2": 3.1799116954839706, "x3": 1.5399327074143184e-88, "x4": 1.7110077963815329, "x5": 9.612338028338346e-89, "x6": 3.5942736073204546, "x7": 14.463175723016253, "x8": 1.2812589236923715, "x9": 2.749988712732662}, "datetime": {"datetime": "2025-05-18 05:02:07", "elapsed": 74093.567532, "delta": 77.669043}}
{"target": 5.4131219740716245, "params": {"x0": 0.8, "x1": 0.9, "x2": 3.1799116954839706, "x3": 5.908065583648393e-89, "x4": 1.7110077963815329, "x5": 6.694980699354682e-89, "x6": 3.5942736073204546, "x7": 14.463175723016253, "x8": 1.2812589236923715, "x9": 2.749988712732662}, "datetime": {"datetime": "2025-05-18 05:03:54", "elapsed": 74200.020993, "delta": 106.453461}}
{"target": 5.4131219740716245, "params": {"x0": 0.8, "x1": 0.9, "x2": 3.1799116954839706, "x3": 8.194990705610438e-89, "x4": 1.7110077963815329, "x5": 1.8044878340723616e-89, "x6": 3.5942736073204546, "x7": 14.463175723016253, "x8": 1.2812589236923715, "x9": 2.749988712732662}, "datetime": {"datetime": "2025-05-18 05:05:07", "elapsed": 74272.853109, "delta": 72.832116}}
{"target": 5.4131219740716245, "params": {"x0": 0.8, "x1": 0.9, "x2": 3.1799116954839706, "x3": 4.7512686505492425e-89, "x4": 1.7110077963815329, "x5": 1.0316292513594595e-88, "x6": 3.5942736073204546, "x7": 14.463175723016253, "x8": 1.2812589236923715, "x9": 2.749988712732662}, "datetime": {"datetime": "2025-05-18 05:07:02", "elapsed": 74388.448423, "delta": 115.595314}}
{"target": 5.4131219740716245, "params": {"x0": 0.8, "x1": 0.9, "x2": 3.1799116954839706, "x3": 1.0029840048797619e-88, "x4": 1.7110077963815329, "x5": 1.5405339378365595e-90, "x6": 3.5942736073204546, "x7": 14.463175723016253, "x8": 1.2812589236923715, "x9": 2.749988712732662}, "datetime": {"datetime": "2025-05-18 05:08:45", "elapsed": 74490.863609, "delta": 102.415186}}
{"target": 5.4131219740716245, "params": {"x0": 0.8, "x1": 0.9, "x2": 3.1799116954839706, "x3": 2.4846402970416718e-89, "x4": 1.7110077963815329, "x5": 9.01520981373815e-89, "x6": 3.5942736073204546, "x7": 14.463175723016253, "x8": 1.2812589236923715, "x9": 2.749988712732662}, "datetime": {"datetime": "2025-05-18 05:10:34", "elapsed": 74599.914321, "delta": 109.050712}}
{"target": 5.4131219740716245, "params": {"x0": 0.8, "x1": 0.9, "x2": 3.1799116954839706, "x3": 1.130074293902795e-88, "x4": 1.7110077963815329, "x5": 5.489537673048353e-90, "x6": 3.5942736073204546, "x7": 14.463175723016253, "x8": 1.2812589236923715, "x9": 2.749988712732662}, "datetime": {"datetime": "2025-05-18 05:12:14", "elapsed": 74699.75774, "delta": 99.843419}}
{"target": 5.4131219740716245, "params": {"x0": 0.8, "x1": 0.9, "x2": 3.1799116954839706, "x3": 8.415880995078675e-89, "x4": 1.7110077963815329, "x5": 4.604167640497749e-89, "x6": 3.5942736073204546, "x7": 14.463175723016253, "x8": 1.2812589236923715, "x9": 2.749988712732662}, "datetime": {"datetime": "2025-05-18 05:13:49", "elapsed": 74795.346702, "delta": 95.588962}}
{"target": 5.4131219740716245, "params": {"x0": 0.8, "x1": 0.9, "x2": 3.1799116954839706, "x3": 2.4285697543800145e-89, "x4": 1.7110077963815329, "x5": 2.1539088713710548e-89, "x6": 3.5942736073204546, "x7": 14.463175723016253, "x8": 1.2812589236923715, "x9": 2.749988712732662}, "datetime": {"datetime": "2025-05-18 05:15:43", "elapsed": 74909.117902, "delta": 113.7712}}
{"target": 5.4131219740716245, "params": {"x0": 0.8, "x1": 0.9, "x2": 3.1799116954839706, "x3": 1.2007607201228554e-89, "x4": 1.7110077963815329, "x5": 1.2699694458100635e-89, "x6": 3.5942736073204546, "x7": 14.463175723016253, "x8": 1.2812589236923715, "x9": 2.749988712732662}, "datetime": {"datetime": "2025-05-18 05:18:03", "elapsed": 75048.77257, "delta": 139.654668}}
{"target": 5.4131219740716245, "params": {"x0": 0.8, "x1": 0.9, "x2": 3.1799116954839706, "x3": 1.5492841974570175e-89, "x4": 1.7110077963815329, "x5": 5.520779824279934e-89, "x6": 3.5942736073204546, "x7": 14.463175723016253, "x8": 1.2812589236923715, "x9": 2.749988712732662}, "datetime": {"datetime": "2025-05-18 05:20:18", "elapsed": 75184.675592, "delta": 135.903022}}
{"target": 5.4131219740716245, "params": {"x0": 0.8, "x1": 0.9, "x2": 3.1799116954839706, "x3": 7.6570643431848965e-90, "x4": 1.7110077963815329, "x5": 1.6885938043099873e-89, "x6": 3.5942736073204546, "x7": 14.463175723016253, "x8": 1.2812589236923715, "x9": 2.749988712732662}, "datetime": {"datetime": "2025-05-18 05:21:33", "elapsed": 75258.740397, "delta": 74.064805}}
{"target": 5.4131219740716245, "params": {"x0": 0.8, "x1": 0.9, "x2": 3.1799116954839706, "x3": 4.4531097956473646e-89, "x4": 1.7110077963815329, "x5": 9.467819535433886e-90, "x6": 3.5942736073204546, "x7": 14.463175723016253, "x8": 1.2812589236923715, "x9": 2.749988712732662}, "datetime": {"datetime": "2025-05-18 05:23:04", "elapsed": 75350.257438, "delta": 91.517041}}
{"target": 5.4131219740716245, "params": {"x0": 0.8, "x1": 0.9, "x2": 3.1799116954839706, "x3": 3.136583973138843e-89, "x4": 1.7110077963815329, "x5": 6.890687083525978e-90, "x6": 3.5942736073204546, "x7": 14.463175723016253, "x8": 1.2812589236923715, "x9": 2.749988712732662}, "datetime": {"datetime": "2025-05-18 05:24:28", "elapsed": 75434.487807, "delta": 84.230369}}
{"target": 5.4131219740716245, "params": {"x0": 0.8, "x1": 0.9, "x2": 3.1799116954839706, "x3": 2.6434916763227376e-89, "x4": 1.7110077963815329, "x5": 2.6579573739803688e-89, "x6": 3.5942736073204546, "x7": 14.463175723016253, "x8": 1.2812589236923715, "x9": 2.749988712732662}, "datetime": {"datetime": "2025-05-18 05:26:18", "elapsed": 75544.613797, "delta": 110.12599}}
{"target": 5.4131219740716245, "params": {"x0": 0.8, "x1": 0.9, "x2": 3.1799116954839706, "x3": 6.1165547954205795e-90, "x4": 1.7110077963815329, "x5": 3.182236967086417e-89, "x6": 3.5942736073204546, "x7": 14.463175723016253, "x8": 1.2812589236923715, "x9": 2.749988712732662}, "datetime": {"datetime": "2025-05-18 05:28:15", "elapsed": 75661.646649, "delta": 117.032852}}
{"target": 5.4131219740716245, "params": {"x0": 0.8, "x1": 0.9, "x2": 3.1799116954839706, "x3": 1.964300452171246e-89, "x4": 1.7110077963815329, "x5": 1.615000100919826e-89, "x6": 3.5942736073204546, "x7": 14.463175723016253, "x8": 1.2812589236923715, "x9": 2.749988712732662}, "datetime": {"datetime": "2025-05-18 05:29:27", "elapsed": 75733.477645, "delta": 71.830996}}
{"target": 5.4131219740716245, "params": {"x0": 0.8, "x1": 0.9, "x2": 3.1799116954839706, "x3": 1.1443148337316447e-90, "x4": 1.7110077963815329, "x5": 2.044456082940726e-89, "x6": 3.5942736073204546, "x7": 14.463175723016253, "x8": 1.2812589236923715, "x9": 2.749988712732662}, "datetime": {"datetime": "2025-05-18 05:30:40", "elapsed": 75806.351012, "delta": 72.873367}}
{"target": 5.4131219740716245, "params": {"x0": 0.8, "x1": 0.9, "x2": 3.1799116954839706, "x3": 3.377929454408871e-89, "x4": 1.7110077963815329, "x5": 2.9268493244076766e-90, "x6": 3.5942736073204546, "x7": 14.463175723016253, "x8": 1.2812589236923715, "x9": 2.749988712732662}, "datetime": {"datetime": "2025-05-18 05:32:00", "elapsed": 75886.4238, "delta": 80.072788}}
{"target": 5.4131219740716245, "params": {"x0": 0.8, "x1": 0.9, "x2": 3.1799116954839706, "x3": 1.8049912854290074e-90, "x4": 1.7110077963815329, "x5": 1.4750925718187596e-89, "x6": 3.5942736073204546, "x7": 14.463175723016253, "x8": 1.2812589236923715, "x9": 2.749988712732662}, "datetime": {"datetime": "2025-05-18 05:33:42", "elapsed": 75988.36793, "delta": 101.94413}}
{"target": 5.4131219740716245, "params": {"x0": 0.8, "x1": 0.9, "x2": 3.1799116954839706, "x3": 2.814660220443971e-90, "x4": 1.7110077963815329, "x5": 1.799418107888386e-89, "x6": 3.5942736073204546, "x7": 14.463175723016253, "x8": 1.2812589236923715, "x9": 2.749988712732662}, "datetime": {"datetime": "2025-05-18 05:35:07", "elapsed": 76072.754559, "delta": 84.386629}}
{"target": 5.4131219740716245, "params": {"x0": 0.8, "x1": 0.9, "x2": 3.1799116954839706, "x3": 4.829947522041146e-90, "x4": 1.7110077963815329, "x5": 1.2638072396976662e-89, "x6": 3.5942736073204546, "x7": 14.463175723016253, "x8": 1.2812589236923715, "x9": 2.749988712732662}, "datetime": {"datetime": "2025-05-18 05:36:40", "elapsed": 76166.411574, "delta": 93.657015}}
