{"target": 5.4131219740716245, "params": {"x0": 0.8, "x1": 0.9, "x2": 3.1799116954839706, "x3": 3.288528795498289e-63, "x4": 1.7110077963815329, "x5": 8.948279270881996e-63, "x6": 3.5942736073204546, "x7": 14.463175723016253, "x8": 1.2812589236923715, "x9": 2.749988712732662}, "datetime": {"datetime": "2025-05-17 17:26:55", "elapsed": 32380.897339, "delta": 64.574602}}
{"target": 5.4131219740716245, "params": {"x0": 0.8, "x1": 0.9, "x2": 3.1799116954839706, "x3": 2.9578898536228004e-63, "x4": 1.7110077963815329, "x5": 9.398588156631952e-63, "x6": 3.5942736073204546, "x7": 14.463175723016253, "x8": 1.2812589236923715, "x9": 2.749988712732662}, "datetime": {"datetime": "2025-05-17 17:27:59", "elapsed": 32445.336859, "delta": 64.43952}}
{"target": 5.4131219740716245, "params": {"x0": 0.8, "x1": 0.9, "x2": 3.1799116954839706, "x3": 1.1960536176640576e-62, "x4": 1.7110077963815329, "x5": 1.179077326126354e-63, "x6": 3.5942736073204546, "x7": 14.463175723016253, "x8": 1.2812589236923715, "x9": 2.749988712732662}, "datetime": {"datetime": "2025-05-17 17:28:50", "elapsed": 32496.435171, "delta": 51.098312}}
{"target": 5.4131219740716245, "params": {"x0": 0.8, "x1": 0.9, "x2": 3.1799116954839706, "x3": 1.3001691466873387e-62, "x4": 1.7110077963815329, "x5": 6.335470799723839e-63, "x6": 3.5942736073204546, "x7": 14.463175723016253, "x8": 1.2812589236923715, "x9": 2.749988712732662}, "datetime": {"datetime": "2025-05-17 17:29:42", "elapsed": 32547.807121, "delta": 51.37195}}
{"target": 5.4131219740716245, "params": {"x0": 0.8, "x1": 0.9, "x2": 3.1799116954839706, "x3": 1.9111686020902207e-63, "x4": 1.7110077963815329, "x5": 2.564574052082453e-63, "x6": 3.5942736073204546, "x7": 14.463175723016253, "x8": 1.2812589236923715, "x9": 2.749988712732662}, "datetime": {"datetime": "2025-05-17 17:30:26", "elapsed": 32592.537239, "delta": 44.730118}}
{"target": 5.4131219740716245, "params": {"x0": 0.8, "x1": 0.9, "x2": 3.1799116954839706, "x3": 1.1382602230036206e-62, "x4": 1.7110077963815329, "x5": 6.111513915192258e-63, "x6": 3.5942736073204546, "x7": 14.463175723016253, "x8": 1.2812589236923715, "x9": 2.749988712732662}, "datetime": {"datetime": "2025-05-17 17:31:20", "elapsed": 32646.010654, "delta": 53.473415}}
{"target": 5.4131219740716245, "params": {"x0": 0.8, "x1": 0.9, "x2": 3.1799116954839706, "x3": 1.2897120239392473e-63, "x4": 1.7110077963815329, "x5": 5.490746775997677e-63, "x6": 3.5942736073204546, "x7": 14.463175723016253, "x8": 1.2812589236923715, "x9": 2.749988712732662}, "datetime": {"datetime": "2025-05-17 17:32:10", "elapsed": 32696.654555, "delta": 50.643901}}
{"target": 5.4131219740716245, "params": {"x0": 0.8, "x1": 0.9, "x2": 3.1799116954839706, "x3": 7.696330591350593e-63, "x4": 1.7110077963815329, "x5": 4.0006020880685626e-63, "x6": 3.5942736073204546, "x7": 14.463175723016253, "x8": 1.2812589236923715, "x9": 2.749988712732662}, "datetime": {"datetime": "2025-05-17 17:32:59", "elapsed": 32745.419303, "delta": 48.764748}}
{"target": 5.4131219740716245, "params": {"x0": 0.8, "x1": 0.9, "x2": 3.1799116954839706, "x3": 8.204029210381484e-63, "x4": 1.7110077963815329, "x5": 1.0215969912358467e-63, "x6": 3.5942736073204546, "x7": 14.463175723016253, "x8": 1.2812589236923715, "x9": 2.749988712732662}, "datetime": {"datetime": "2025-05-17 17:33:53", "elapsed": 32798.891905, "delta": 53.472602}}
{"target": 5.4131219740716245, "params": {"x0": 0.8, "x1": 0.9, "x2": 3.1799116954839706, "x3": 5.385894796510416e-63, "x4": 1.7110077963815329, "x5": 1.3293439054902523e-63, "x6": 3.5942736073204546, "x7": 14.463175723016253, "x8": 1.2812589236923715, "x9": 2.749988712732662}, "datetime": {"datetime": "2025-05-17 17:34:47", "elapsed": 32853.189202, "delta": 54.297297}}
{"target": 5.4131219740716245, "params": {"x0": 0.8, "x1": 0.9, "x2": 3.1799116954839706, "x3": 4.8555734707423117e-63, "x4": 1.7110077963815329, "x5": 4.109816132505651e-63, "x6": 3.5942736073204546, "x7": 14.463175723016253, "x8": 1.2812589236923715, "x9": 2.749988712732662}, "datetime": {"datetime": "2025-05-17 17:35:43", "elapsed": 32909.103316, "delta": 55.914114}}
{"target": 5.4131219740716245, "params": {"x0": 0.8, "x1": 0.9, "x2": 3.1799116954839706, "x3": 1.1399389769324328e-63, "x4": 1.7110077963815329, "x5": 4.286730566470605e-63, "x6": 3.5942736073204546, "x7": 14.463175723016253, "x8": 1.2812589236923715, "x9": 2.749988712732662}, "datetime": {"datetime": "2025-05-17 17:36:40", "elapsed": 32965.773617, "delta": 56.670301}}
{"target": 5.4131219740716245, "params": {"x0": 0.8, "x1": 0.9, "x2": 3.1799116954839706, "x3": 3.9630398156562257e-63, "x4": 1.7110077963815329, "x5": 2.5626758488203635e-63, "x6": 3.5942736073204546, "x7": 14.463175723016253, "x8": 1.2812589236923715, "x9": 2.749988712732662}, "datetime": {"datetime": "2025-05-17 17:37:36", "elapsed": 33022.168525, "delta": 56.394908}}
{"target": 5.4131219740716245, "params": {"x0": 0.8, "x1": 0.9, "x2": 3.1799116954839706, "x3": 2.576545229855813e-63, "x4": 1.7110077963815329, "x5": 2.1848301387247123e-63, "x6": 3.5942736073204546, "x7": 14.463175723016253, "x8": 1.2812589236923715, "x9": 2.749988712732662}, "datetime": {"datetime": "2025-05-17 17:38:37", "elapsed": 33083.193502, "delta": 61.024977}}
{"target": 5.4131219740716245, "params": {"x0": 0.8, "x1": 0.9, "x2": 3.1799116954839706, "x3": 4.4873465439715115e-63, "x4": 1.7110077963815329, "x5": 5.6025006012104114e-64, "x6": 3.5942736073204546, "x7": 14.463175723016253, "x8": 1.2812589236923715, "x9": 2.749988712732662}, "datetime": {"datetime": "2025-05-17 17:39:33", "elapsed": 33139.328166, "delta": 56.134664}}
{"target": 5.4131219740716245, "params": {"x0": 0.8, "x1": 0.9, "x2": 3.1799116954839706, "x3": 1.2669755928094604e-63, "x4": 1.7110077963815329, "x5": 7.891864367731708e-64, "x6": 3.5942736073204546, "x7": 14.463175723016253, "x8": 1.2812589236923715, "x9": 2.749988712732662}, "datetime": {"datetime": "2025-05-17 17:40:25", "elapsed": 33191.430149, "delta": 52.101983}}
{"target": 5.4131219740716245, "params": {"x0": 0.8, "x1": 0.9, "x2": 3.1799116954839706, "x3": 2.27228738480275e-63, "x4": 1.7110077963815329, "x5": 1.7508890035648136e-63, "x6": 3.5942736073204546, "x7": 14.463175723016253, "x8": 1.2812589236923715, "x9": 2.749988712732662}, "datetime": {"datetime": "2025-05-17 17:41:09", "elapsed": 33235.622977, "delta": 44.192828}}
{"target": 5.4131219740716245, "params": {"x0": 0.8, "x1": 0.9, "x2": 3.1799116954839706, "x3": 3.4002340929809596e-64, "x4": 1.7110077963815329, "x5": 2.1484156773956294e-63, "x6": 3.5942736073204546, "x7": 14.463175723016253, "x8": 1.2812589236923715, "x9": 2.749988712732662}, "datetime": {"datetime": "2025-05-17 17:41:51", "elapsed": 33277.604475, "delta": 41.981498}}
{"target": 5.4131219740716245, "params": {"x0": 0.8, "x1": 0.9, "x2": 3.1799116954839706, "x3": 3.002784929546131e-63, "x4": 1.7110077963815329, "x5": 8.691725120871214e-64, "x6": 3.5942736073204546, "x7": 14.463175723016253, "x8": 1.2812589236923715, "x9": 2.749988712732662}, "datetime": {"datetime": "2025-05-17 17:42:55", "elapsed": 33341.049796, "delta": 63.445321}}
{"target": 5.4131219740716245, "params": {"x0": 0.8, "x1": 0.9, "x2": 3.1799116954839706, "x3": 5.388261265529776e-64, "x4": 1.7110077963815329, "x5": 1.2348211250628447e-63, "x6": 3.5942736073204546, "x7": 14.463175723016253, "x8": 1.2812589236923715, "x9": 2.749988712732662}, "datetime": {"datetime": "2025-05-17 17:44:01", "elapsed": 33407.246928, "delta": 66.197132}}
{"target": 5.4131219740716245, "params": {"x0": 0.8, "x1": 0.9, "x2": 3.1799116954839706, "x3": 1.066222238509378e-63, "x4": 1.7110077963815329, "x5": 1.0499598457341821e-63, "x6": 3.5942736073204546, "x7": 14.463175723016253, "x8": 1.2812589236923715, "x9": 2.749988712732662}, "datetime": {"datetime": "2025-05-17 17:44:57", "elapsed": 33462.775949, "delta": 55.529021}}
{"target": 5.4131219740716245, "params": {"x0": 0.8, "x1": 0.9, "x2": 3.1799116954839706, "x3": 2.003377776054879e-63, "x4": 1.7110077963815329, "x5": 1.107082395403659e-63, "x6": 3.5942736073204546, "x7": 14.463175723016253, "x8": 1.2812589236923715, "x9": 2.749988712732662}, "datetime": {"datetime": "2025-05-17 17:45:38", "elapsed": 33504.101065, "delta": 41.325116}}
{"target": 5.4131219740716245, "params": {"x0": 0.8, "x1": 0.9, "x2": 3.1799116954839706, "x3": 1.4157189943526576e-63, "x4": 1.7110077963815329, "x5": 4.135534635169342e-64, "x6": 3.5942736073204546, "x7": 14.463175723016253, "x8": 1.2812589236923715, "x9": 2.749988712732662}, "datetime": {"datetime": "2025-05-17 17:46:21", "elapsed": 33547.578606, "delta": 43.477541}}
{"target": 5.4131219740716245, "params": {"x0": 0.8, "x1": 0.9, "x2": 3.1799116954839706, "x3": 6.009753528134175e-64, "x4": 1.7110077963815329, "x5": 7.515338360946897e-64, "x6": 3.5942736073204546, "x7": 14.463175723016253, "x8": 1.2812589236923715, "x9": 2.749988712732662}, "datetime": {"datetime": "2025-05-17 17:47:21", "elapsed": 33607.255168, "delta": 59.676562}}
{"target": 5.4131219740716245, "params": {"x0": 0.8, "x1": 0.9, "x2": 3.1799116954839706, "x3": 6.631577180559868e-64, "x4": 1.7110077963815329, "x5": 7.415877288522473e-64, "x6": 3.5942736073204546, "x7": 14.463175723016253, "x8": 1.2812589236923715, "x9": 2.749988712732662}, "datetime": {"datetime": "2025-05-17 17:48:12", "elapsed": 33657.831146, "delta": 50.575978}}
{"target": 5.4131219740716245, "params": {"x0": 0.8, "x1": 0.9, "x2": 3.1799116954839706, "x3": 3.776841755210813e-64, "x4": 1.7110077963815329, "x5": 3.0289804301268373e-64, "x6": 3.5942736073204546, "x7": 14.463175723016253, "x8": 1.2812589236923715, "x9": 2.749988712732662}, "datetime": {"datetime": "2025-05-17 17:49:25", "elapsed": 33731.129843, "delta": 73.298697}}
{"target": 5.4131219740716245, "params": {"x0": 0.8, "x1": 0.9, "x2": 3.1799116954839706, "x3": 4.921630503039877e-64, "x4": 1.7110077963815329, "x5": 5.604231511159854e-64, "x6": 3.5942736073204546, "x7": 14.463175723016253, "x8": 1.2812589236923715, "x9": 2.749988712732662}, "datetime": {"datetime": "2025-05-17 17:50:18", "elapsed": 33783.870988, "delta": 52.741145}}
{"target": 5.4131219740716245, "params": {"x0": 0.8, "x1": 0.9, "x2": 3.1799116954839706, "x3": 8.517613074474005e-64, "x4": 1.7110077963815329, "x5": 6.688914789165858e-64, "x6": 3.5942736073204546, "x7": 14.463175723016253, "x8": 1.2812589236923715, "x9": 2.749988712732662}, "datetime": {"datetime": "2025-05-17 17:51:21", "elapsed": 33846.783675, "delta": 62.912687}}
{"target": 5.4131219740716245, "params": {"x0": 0.8, "x1": 0.9, "x2": 3.1799116954839706, "x3": 4.4685879888079075e-64, "x4": 1.7110077963815329, "x5": 7.128020281727756e-64, "x6": 3.5942736073204546, "x7": 14.463175723016253, "x8": 1.2812589236923715, "x9": 2.749988712732662}, "datetime": {"datetime": "2025-05-17 17:52:06", "elapsed": 33892.184378, "delta": 45.400703}}
{"target": 5.4131219740716245, "params": {"x0": 0.8, "x1": 0.9, "x2": 3.1799116954839706, "x3": 7.829752051761951e-64, "x4": 1.7110077963815329, "x5": 4.1829968582541486e-64, "x6": 3.5942736073204546, "x7": 14.463175723016253, "x8": 1.2812589236923715, "x9": 2.749988712732662}, "datetime": {"datetime": "2025-05-17 17:53:04", "elapsed": 33950.158429, "delta": 57.974051}}
{"target": 5.4131219740716245, "params": {"x0": 0.8, "x1": 0.9, "x2": 3.1799116954839706, "x3": 7.822741925859736e-64, "x4": 1.7110077963815329, "x5": 2.961515935612143e-65, "x6": 3.5942736073204546, "x7": 14.463175723016253, "x8": 1.2812589236923715, "x9": 2.749988712732662}, "datetime": {"datetime": "2025-05-17 17:53:41", "elapsed": 33987.246845, "delta": 37.088416}}
{"target": 5.4131219740716245, "params": {"x0": 0.8, "x1": 0.9, "x2": 3.1799116954839706, "x3": 7.154178034826698e-64, "x4": 1.7110077963815329, "x5": 3.96342967434519e-64, "x6": 3.5942736073204546, "x7": 14.463175723016253, "x8": 1.2812589236923715, "x9": 2.749988712732662}, "datetime": {"datetime": "2025-05-17 17:54:27", "elapsed": 34032.980301, "delta": 45.733456}}
{"target": 5.4131219740716245, "params": {"x0": 0.8, "x1": 0.9, "x2": 3.1799116954839706, "x3": 3.5563057429665505e-65, "x4": 1.7110077963815329, "x5": 3.187924298383776e-64, "x6": 3.5942736073204546, "x7": 14.463175723016253, "x8": 1.2812589236923715, "x9": 2.749988712732662}, "datetime": {"datetime": "2025-05-17 17:55:34", "elapsed": 34099.83207, "delta": 66.851769}}
{"target": 5.4131219740716245, "params": {"x0": 0.8, "x1": 0.9, "x2": 3.1799116954839706, "x3": 2.5801404572254553e-64, "x4": 1.7110077963815329, "x5": 4.143435869562607e-64, "x6": 3.5942736073204546, "x7": 14.463175723016253, "x8": 1.2812589236923715, "x9": 2.749988712732662}, "datetime": {"datetime": "2025-05-17 17:56:32", "elapsed": 34157.976382, "delta": 58.144312}}
{"target": 5.4131219740716245, "params": {"x0": 0.8, "x1": 0.9, "x2": 3.1799116954839706, "x3": 2.5910010031046247e-64, "x4": 1.7110077963815329, "x5": 1.746120238557188e-64, "x6": 3.5942736073204546, "x7": 14.463175723016253, "x8": 1.2812589236923715, "x9": 2.749988712732662}, "datetime": {"datetime": "2025-05-17 17:57:25", "elapsed": 34210.735253, "delta": 52.758871}}
{"target": 5.4131219740716245, "params": {"x0": 0.8, "x1": 0.9, "x2": 3.1799116954839706, "x3": 1.3891552690650311e-64, "x4": 1.7110077963815329, "x5": 4.390109912775271e-65, "x6": 3.5942736073204546, "x7": 14.463175723016253, "x8": 1.2812589236923715, "x9": 2.749988712732662}, "datetime": {"datetime": "2025-05-17 17:58:10", "elapsed": 34256.205084, "delta": 45.469831}}
{"target": 5.4131219740716245, "params": {"x0": 0.8, "x1": 0.9, "x2": 3.1799116954839706, "x3": 4.37360017569459e-64, "x4": 1.7110077963815329, "x5": 4.910169083933275e-65, "x6": 3.5942736073204546, "x7": 14.463175723016253, "x8": 1.2812589236923715, "x9": 2.749988712732662}, "datetime": {"datetime": "2025-05-17 17:58:59", "elapsed": 34305.374557, "delta": 49.169473}}
{"target": 5.4131219740716245, "params": {"x0": 0.8, "x1": 0.9, "x2": 3.1799116954839706, "x3": 2.780551826962945e-64, "x4": 1.7110077963815329, "x5": 2.7434109964525708e-64, "x6": 3.5942736073204546, "x7": 14.463175723016253, "x8": 1.2812589236923715, "x9": 2.749988712732662}, "datetime": {"datetime": "2025-05-17 17:59:49", "elapsed": 34355.450172, "delta": 50.075615}}
{"target": 5.4131219740716245, "params": {"x0": 0.8, "x1": 0.9, "x2": 3.1799116954839706, "x3": 2.331003471729021e-64, "x4": 1.7110077963815329, "x5": 2.4178503762029236e-64, "x6": 3.5942736073204546, "x7": 14.463175723016253, "x8": 1.2812589236923715, "x9": 2.749988712732662}, "datetime": {"datetime": "2025-05-17 18:00:52", "elapsed": 34418.05002, "delta": 62.599848}}
{"target": 5.4131219740716245, "params": {"x0": 0.8, "x1": 0.9, "x2": 3.1799116954839706, "x3": 2.4069460209465952e-64, "x4": 1.7110077963815329, "x5": 6.730886988643247e-65, "x6": 3.5942736073204546, "x7": 14.463175723016253, "x8": 1.2812589236923715, "x9": 2.749988712732662}, "datetime": {"datetime": "2025-05-17 18:01:39", "elapsed": 34465.279953, "delta": 47.229933}}
{"target": 5.4131219740716245, "params": {"x0": 0.8, "x1": 0.9, "x2": 3.1799116954839706, "x3": 2.2624459729922776e-64, "x4": 1.7110077963815329, "x5": 5.797313597118471e-65, "x6": 3.5942736073204546, "x7": 14.463175723016253, "x8": 1.2812589236923715, "x9": 2.749988712732662}, "datetime": {"datetime": "2025-05-17 18:02:43", "elapsed": 34529.178017, "delta": 63.898064}}
{"target": 5.4131219740716245, "params": {"x0": 0.8, "x1": 0.9, "x2": 3.1799116954839706, "x3": 8.549004615695207e-65, "x4": 1.7110077963815329, "x5": 1.307100836449865e-64, "x6": 3.5942736073204546, "x7": 14.463175723016253, "x8": 1.2812589236923715, "x9": 2.749988712732662}, "datetime": {"datetime": "2025-05-17 18:03:33", "elapsed": 34579.380425, "delta": 50.202408}}
{"target": 5.4131219740716245, "params": {"x0": 0.8, "x1": 0.9, "x2": 3.1799116954839706, "x3": 9.33348900820238e-65, "x4": 1.7110077963815329, "x5": 1.1096287662878051e-64, "x6": 3.5942736073204546, "x7": 14.463175723016253, "x8": 1.2812589236923715, "x9": 2.749988712732662}, "datetime": {"datetime": "2025-05-17 18:04:47", "elapsed": 34653.399064, "delta": 74.018639}}
{"target": 5.4131219740716245, "params": {"x0": 0.8, "x1": 0.9, "x2": 3.1799116954839706, "x3": 9.367187178211838e-65, "x4": 1.7110077963815329, "x5": 7.639695512928126e-65, "x6": 3.5942736073204546, "x7": 14.463175723016253, "x8": 1.2812589236923715, "x9": 2.749988712732662}, "datetime": {"datetime": "2025-05-17 18:05:38", "elapsed": 34703.777379, "delta": 50.378315}}
{"target": 5.4131219740716245, "params": {"x0": 0.8, "x1": 0.9, "x2": 3.1799116954839706, "x3": 1.5679090389845063e-64, "x4": 1.7110077963815329, "x5": 9.268128546464712e-65, "x6": 3.5942736073204546, "x7": 14.463175723016253, "x8": 1.2812589236923715, "x9": 2.749988712732662}, "datetime": {"datetime": "2025-05-17 18:06:29", "elapsed": 34755.631532, "delta": 51.854153}}
{"target": 5.4131219740716245, "params": {"x0": 0.8, "x1": 0.9, "x2": 3.1799116954839706, "x3": 9.208715339582112e-66, "x4": 1.7110077963815329, "x5": 3.966638649687426e-65, "x6": 3.5942736073204546, "x7": 14.463175723016253, "x8": 1.2812589236923715, "x9": 2.749988712732662}, "datetime": {"datetime": "2025-05-17 18:07:26", "elapsed": 34812.205664, "delta": 56.574132}}
{"target": 5.4131219740716245, "params": {"x0": 0.8, "x1": 0.9, "x2": 3.1799116954839706, "x3": 4.725098894446343e-65, "x4": 1.7110077963815329, "x5": 5.220781948600116e-65, "x6": 3.5942736073204546, "x7": 14.463175723016253, "x8": 1.2812589236923715, "x9": 2.749988712732662}, "datetime": {"datetime": "2025-05-17 18:08:22", "elapsed": 34868.591471, "delta": 56.385807}}
{"target": 5.4131219740716245, "params": {"x0": 0.8, "x1": 0.9, "x2": 3.1799116954839706, "x3": 9.794324422872245e-65, "x4": 1.7110077963815329, "x5": 1.4646549058340693e-65, "x6": 3.5942736073204546, "x7": 14.463175723016253, "x8": 1.2812589236923715, "x9": 2.749988712732662}, "datetime": {"datetime": "2025-05-17 18:09:08", "elapsed": 34913.902634, "delta": 45.311163}}
{"target": 5.4131219740716245, "params": {"x0": 0.8, "x1": 0.9, "x2": 3.1799116954839706, "x3": 1.3089100500146452e-65, "x4": 1.7110077963815329, "x5": 7.753220957222688e-65, "x6": 3.5942736073204546, "x7": 14.463175723016253, "x8": 1.2812589236923715, "x9": 2.749988712732662}, "datetime": {"datetime": "2025-05-17 18:10:04", "elapsed": 34969.823649, "delta": 55.921015}}
{"target": 5.4131219740716245, "params": {"x0": 0.8, "x1": 0.9, "x2": 3.1799116954839706, "x3": 2.95333214991644e-65, "x4": 1.7110077963815329, "x5": 6.586930095940769e-65, "x6": 3.5942736073204546, "x7": 14.463175723016253, "x8": 1.2812589236923715, "x9": 2.749988712732662}, "datetime": {"datetime": "2025-05-17 18:10:50", "elapsed": 35015.858532, "delta": 46.034883}}
{"target": 5.4131219740716245, "params": {"x0": 0.8, "x1": 0.9, "x2": 3.1799116954839706, "x3": 1.5732248036007087e-65, "x4": 1.7110077963815329, "x5": 5.756936199309031e-66, "x6": 3.5942736073204546, "x7": 14.463175723016253, "x8": 1.2812589236923715, "x9": 2.749988712732662}, "datetime": {"datetime": "2025-05-17 18:11:49", "elapsed": 35075.193884, "delta": 59.335352}}
{"target": 5.4131219740716245, "params": {"x0": 0.8, "x1": 0.9, "x2": 3.1799116954839706, "x3": 4.333654526136771e-65, "x4": 1.7110077963815329, "x5": 1.571685843329933e-65, "x6": 3.5942736073204546, "x7": 14.463175723016253, "x8": 1.2812589236923715, "x9": 2.749988712732662}, "datetime": {"datetime": "2025-05-17 18:12:35", "elapsed": 35120.924989, "delta": 45.731105}}
{"target": 5.4131219740716245, "params": {"x0": 0.8, "x1": 0.9, "x2": 3.1799116954839706, "x3": 5.635881424417177e-65, "x4": 1.7110077963815329, "x5": 3.7957891882560886e-65, "x6": 3.5942736073204546, "x7": 14.463175723016253, "x8": 1.2812589236923715, "x9": 2.749988712732662}, "datetime": {"datetime": "2025-05-17 18:13:35", "elapsed": 35180.934092, "delta": 60.009103}}
{"target": 5.4131219740716245, "params": {"x0": 0.8, "x1": 0.9, "x2": 3.1799116954839706, "x3": 1.0841737701220496e-65, "x4": 1.7110077963815329, "x5": 2.1810903050071155e-66, "x6": 3.5942736073204546, "x7": 14.463175723016253, "x8": 1.2812589236923715, "x9": 2.749988712732662}, "datetime": {"datetime": "2025-05-17 18:14:55", "elapsed": 35260.810697, "delta": 79.876605}}
{"target": 5.4131219740716245, "params": {"x0": 0.8, "x1": 0.9, "x2": 3.1799116954839706, "x3": 2.2681910609997345e-65, "x4": 1.7110077963815329, "x5": 2.2953789899204453e-67, "x6": 3.5942736073204546, "x7": 14.463175723016253, "x8": 1.2812589236923715, "x9": 2.749988712732662}, "datetime": {"datetime": "2025-05-17 18:15:44", "elapsed": 35310.467244, "delta": 49.656547}}
{"target": 5.4131219740716245, "params": {"x0": 0.8, "x1": 0.9, "x2": 3.1799116954839706, "x3": 2.9107267563216536e-65, "x4": 1.7110077963815329, "x5": 2.0763499994731113e-65, "x6": 3.5942736073204546, "x7": 14.463175723016253, "x8": 1.2812589236923715, "x9": 2.749988712732662}, "datetime": {"datetime": "2025-05-17 18:16:47", "elapsed": 35373.283348, "delta": 62.816104}}
{"target": 5.4131219740716245, "params": {"x0": 0.8, "x1": 0.9, "x2": 3.1799116954839706, "x3": 3.646909492763079e-65, "x4": 1.7110077963815329, "x5": 4.1608725958356635e-67, "x6": 3.5942736073204546, "x7": 14.463175723016253, "x8": 1.2812589236923715, "x9": 2.749988712732662}, "datetime": {"datetime": "2025-05-17 18:17:41", "elapsed": 35427.107349, "delta": 53.824001}}
{"target": 5.4131219740716245, "params": {"x0": 0.8, "x1": 0.9, "x2": 3.1799116954839706, "x3": 3.3075071421838834e-65, "x4": 1.7110077963815329, "x5": 3.1328751931966565e-65, "x6": 3.5942736073204546, "x7": 14.463175723016253, "x8": 1.2812589236923715, "x9": 2.749988712732662}, "datetime": {"datetime": "2025-05-17 18:18:32", "elapsed": 35478.170885, "delta": 51.063536}}
{"target": 5.4131219740716245, "params": {"x0": 0.8, "x1": 0.9, "x2": 3.1799116954839706, "x3": 1.5261827645296631e-65, "x4": 1.7110077963815329, "x5": 2.8400966267498002e-65, "x6": 3.5942736073204546, "x7": 14.463175723016253, "x8": 1.2812589236923715, "x9": 2.749988712732662}, "datetime": {"datetime": "2025-05-17 18:19:29", "elapsed": 35535.048868, "delta": 56.877983}}
