{"target": 5.4131219740716245, "params": {"x0": 0.8, "x1": 0.9, "x2": 3.1799116954839706, "x3": 5.749485346728815e-49, "x4": 1.7110077963815329, "x5": 1.4473199474063498e-49, "x6": 3.5942736073204546, "x7": 14.463175723016253, "x8": 1.2812589236923715, "x9": 2.749988712732662}, "datetime": {"datetime": "2025-05-17 13:51:06", "elapsed": 19432.403812, "delta": 33.028166}}
{"target": 5.4131219740716245, "params": {"x0": 0.8, "x1": 0.9, "x2": 3.1799116954839706, "x3": 5.5920586834773626e-49, "x4": 1.7110077963815329, "x5": 2.0022981535596222e-49, "x6": 3.5942736073204546, "x7": 14.463175723016253, "x8": 1.2812589236923715, "x9": 2.749988712732662}, "datetime": {"datetime": "2025-05-17 13:51:51", "elapsed": 19476.946978, "delta": 44.543166}}
{"target": 5.4131219740716245, "params": {"x0": 0.8, "x1": 0.9, "x2": 3.1799116954839706, "x3": 1.6110927213951466e-49, "x4": 1.7110077963815329, "x5": 3.513547380423243e-49, "x6": 3.5942736073204546, "x7": 14.463175723016253, "x8": 1.2812589236923715, "x9": 2.749988712732662}, "datetime": {"datetime": "2025-05-17 13:52:31", "elapsed": 19517.156907, "delta": 40.209929}}
{"target": 5.4131219740716245, "params": {"x0": 0.8, "x1": 0.9, "x2": 3.1799116954839706, "x3": 9.258392125737931e-50, "x4": 1.7110077963815329, "x5": 2.5826061125627648e-49, "x6": 3.5942736073204546, "x7": 14.463175723016253, "x8": 1.2812589236923715, "x9": 2.749988712732662}, "datetime": {"datetime": "2025-05-17 13:53:11", "elapsed": 19556.948434, "delta": 39.791527}}
{"target": 5.4131219740716245, "params": {"x0": 0.8, "x1": 0.9, "x2": 3.1799116954839706, "x3": 3.513446136751623e-49, "x4": 1.7110077963815329, "x5": 1.4373347971005805e-49, "x6": 3.5942736073204546, "x7": 14.463175723016253, "x8": 1.2812589236923715, "x9": 2.749988712732662}, "datetime": {"datetime": "2025-05-17 13:53:49", "elapsed": 19594.731064, "delta": 37.78263}}
{"target": 5.4131219740716245, "params": {"x0": 0.8, "x1": 0.9, "x2": 3.1799116954839706, "x3": 1.5134827737300063e-49, "x4": 1.7110077963815329, "x5": 1.1161781084420815e-49, "x6": 3.5942736073204546, "x7": 14.463175723016253, "x8": 1.2812589236923715, "x9": 2.749988712732662}, "datetime": {"datetime": "2025-05-17 13:54:22", "elapsed": 19628.328435, "delta": 33.597371}}
{"target": 5.4131219740716245, "params": {"x0": 0.8, "x1": 0.9, "x2": 3.1799116954839706, "x3": 8.309174845753181e-50, "x4": 1.7110077963815329, "x5": 2.2007232808750838e-49, "x6": 3.5942736073204546, "x7": 14.463175723016253, "x8": 1.2812589236923715, "x9": 2.749988712732662}, "datetime": {"datetime": "2025-05-17 13:55:04", "elapsed": 19670.299836, "delta": 41.971401}}
{"target": 5.4131219740716245, "params": {"x0": 0.8, "x1": 0.9, "x2": 3.1799116954839706, "x3": 1.2738240671473662e-49, "x4": 1.7110077963815329, "x5": 3.787701451623054e-50, "x6": 3.5942736073204546, "x7": 14.463175723016253, "x8": 1.2812589236923715, "x9": 2.749988712732662}, "datetime": {"datetime": "2025-05-17 13:55:49", "elapsed": 19715.395554, "delta": 45.095718}}
{"target": 5.4131219740716245, "params": {"x0": 0.8, "x1": 0.9, "x2": 3.1799116954839706, "x3": 7.340616724721983e-50, "x4": 1.7110077963815329, "x5": 8.755846677919433e-50, "x6": 3.5942736073204546, "x7": 14.463175723016253, "x8": 1.2812589236923715, "x9": 2.749988712732662}, "datetime": {"datetime": "2025-05-17 13:56:21", "elapsed": 19746.740542, "delta": 31.344988}}
{"target": 5.4131219740716245, "params": {"x0": 0.8, "x1": 0.9, "x2": 3.1799116954839706, "x3": 1.3425103232962039e-50, "x4": 1.7110077963815329, "x5": 1.4212931458593306e-49, "x6": 3.5942736073204546, "x7": 14.463175723016253, "x8": 1.2812589236923715, "x9": 2.749988712732662}, "datetime": {"datetime": "2025-05-17 13:57:01", "elapsed": 19787.069069, "delta": 40.328527}}
{"target": 5.4131219740716245, "params": {"x0": 0.8, "x1": 0.9, "x2": 3.1799116954839706, "x3": 8.042876566920463e-50, "x4": 1.7110077963815329, "x5": 2.5838324354673227e-50, "x6": 3.5942736073204546, "x7": 14.463175723016253, "x8": 1.2812589236923715, "x9": 2.749988712732662}, "datetime": {"datetime": "2025-05-17 13:57:39", "elapsed": 19825.242986, "delta": 38.173917}}
{"target": 5.4131219740716245, "params": {"x0": 0.8, "x1": 0.9, "x2": 3.1799116954839706, "x3": 1.838451764462381e-49, "x4": 1.7110077963815329, "x5": 3.8631305541403662e-50, "x6": 3.5942736073204546, "x7": 14.463175723016253, "x8": 1.2812589236923715, "x9": 2.749988712732662}, "datetime": {"datetime": "2025-05-17 13:58:15", "elapsed": 19861.530501, "delta": 36.287515}}
{"target": 5.4131219740716245, "params": {"x0": 0.8, "x1": 0.9, "x2": 3.1799116954839706, "x3": 1.7682390789275624e-49, "x4": 1.7110077963815329, "x5": 4.624098264391411e-50, "x6": 3.5942736073204546, "x7": 14.463175723016253, "x8": 1.2812589236923715, "x9": 2.749988712732662}, "datetime": {"datetime": "2025-05-17 13:58:51", "elapsed": 19897.083892, "delta": 35.553391}}
{"target": 5.4131219740716245, "params": {"x0": 0.8, "x1": 0.9, "x2": 3.1799116954839706, "x3": 1.5094055506098553e-49, "x4": 1.7110077963815329, "x5": 2.62749864064467e-50, "x6": 3.5942736073204546, "x7": 14.463175723016253, "x8": 1.2812589236923715, "x9": 2.749988712732662}, "datetime": {"datetime": "2025-05-17 13:59:25", "elapsed": 19931.164684, "delta": 34.080792}}
{"target": 5.4131219740716245, "params": {"x0": 0.8, "x1": 0.9, "x2": 3.1799116954839706, "x3": 1.1885459270420078e-49, "x4": 1.7110077963815329, "x5": 1.718752314704218e-50, "x6": 3.5942736073204546, "x7": 14.463175723016253, "x8": 1.2812589236923715, "x9": 2.749988712732662}, "datetime": {"datetime": "2025-05-17 14:00:04", "elapsed": 19970.326417, "delta": 39.161733}}
{"target": 5.4131219740716245, "params": {"x0": 0.8, "x1": 0.9, "x2": 3.1799116954839706, "x3": 7.2616323873196e-51, "x4": 1.7110077963815329, "x5": 7.912808346195861e-50, "x6": 3.5942736073204546, "x7": 14.463175723016253, "x8": 1.2812589236923715, "x9": 2.749988712732662}, "datetime": {"datetime": "2025-05-17 14:00:37", "elapsed": 20002.912202, "delta": 32.585785}}
{"target": 5.4131219740716245, "params": {"x0": 0.8, "x1": 0.9, "x2": 3.1799116954839706, "x3": 1.0086849707153669e-49, "x4": 1.7110077963815329, "x5": 7.647962096396502e-50, "x6": 3.5942736073204546, "x7": 14.463175723016253, "x8": 1.2812589236923715, "x9": 2.749988712732662}, "datetime": {"datetime": "2025-05-17 14:01:12", "elapsed": 20038.13282, "delta": 35.220618}}
{"target": 5.4131219740716245, "params": {"x0": 0.8, "x1": 0.9, "x2": 3.1799116954839706, "x3": 9.151699254572645e-50, "x4": 1.7110077963815329, "x5": 6.745195156603413e-50, "x6": 3.5942736073204546, "x7": 14.463175723016253, "x8": 1.2812589236923715, "x9": 2.749988712732662}, "datetime": {"datetime": "2025-05-17 14:01:43", "elapsed": 20069.19135, "delta": 31.05853}}
{"target": 5.4131219740716245, "params": {"x0": 0.8, "x1": 0.9, "x2": 3.1799116954839706, "x3": 2.227778832244157e-50, "x4": 1.7110077963815329, "x5": 4.5182160030434983e-51, "x6": 3.5942736073204546, "x7": 14.463175723016253, "x8": 1.2812589236923715, "x9": 2.749988712732662}, "datetime": {"datetime": "2025-05-17 14:02:18", "elapsed": 20104.646992, "delta": 35.455642}}
{"target": 5.4131219740716245, "params": {"x0": 0.8, "x1": 0.9, "x2": 3.1799116954839706, "x3": 5.250269444625657e-51, "x4": 1.7110077963815329, "x5": 4.501125503884213e-50, "x6": 3.5942736073204546, "x7": 14.463175723016253, "x8": 1.2812589236923715, "x9": 2.749988712732662}, "datetime": {"datetime": "2025-05-17 14:02:49", "elapsed": 20135.582422, "delta": 30.93543}}
{"target": 5.4131219740716245, "params": {"x0": 0.8, "x1": 0.9, "x2": 3.1799116954839706, "x3": 6.558782480529882e-50, "x4": 1.7110077963815329, "x5": 1.0368507731229101e-50, "x6": 3.5942736073204546, "x7": 14.463175723016253, "x8": 1.2812589236923715, "x9": 2.749988712732662}, "datetime": {"datetime": "2025-05-17 14:03:26", "elapsed": 20171.899162, "delta": 36.31674}}
{"target": 5.4131219740716245, "params": {"x0": 0.8, "x1": 0.9, "x2": 3.1799116954839706, "x3": 5.415072633416983e-50, "x4": 1.7110077963815329, "x5": 5.402098199064278e-52, "x6": 3.5942736073204546, "x7": 14.463175723016253, "x8": 1.2812589236923715, "x9": 2.749988712732662}, "datetime": {"datetime": "2025-05-17 14:04:04", "elapsed": 20210.486657, "delta": 38.587495}}
{"target": 5.4131219740716245, "params": {"x0": 0.8, "x1": 0.9, "x2": 3.1799116954839706, "x3": 2.2684690693357624e-51, "x4": 1.7110077963815329, "x5": 3.930744598739327e-51, "x6": 3.5942736073204546, "x7": 14.463175723016253, "x8": 1.2812589236923715, "x9": 2.749988712732662}, "datetime": {"datetime": "2025-05-17 14:04:37", "elapsed": 20242.846938, "delta": 32.360281}}
{"target": 5.4131219740716245, "params": {"x0": 0.8, "x1": 0.9, "x2": 3.1799116954839706, "x3": 2.9936823730721942e-50, "x4": 1.7110077963815329, "x5": 1.8379339561778627e-50, "x6": 3.5942736073204546, "x7": 14.463175723016253, "x8": 1.2812589236923715, "x9": 2.749988712732662}, "datetime": {"datetime": "2025-05-17 14:05:08", "elapsed": 20274.560831, "delta": 31.713893}}
{"target": 5.4131219740716245, "params": {"x0": 0.8, "x1": 0.9, "x2": 3.1799116954839706, "x3": 4.751079768477475e-50, "x4": 1.7110077963815329, "x5": 4.966126667618035e-51, "x6": 3.5942736073204546, "x7": 14.463175723016253, "x8": 1.2812589236923715, "x9": 2.749988712732662}, "datetime": {"datetime": "2025-05-17 14:05:43", "elapsed": 20309.143765, "delta": 34.582934}}
{"target": 5.4131219740716245, "params": {"x0": 0.8, "x1": 0.9, "x2": 3.1799116954839706, "x3": 2.5436293405798557e-50, "x4": 1.7110077963815329, "x5": 6.444032176859361e-51, "x6": 3.5942736073204546, "x7": 14.463175723016253, "x8": 1.2812589236923715, "x9": 2.749988712732662}, "datetime": {"datetime": "2025-05-17 14:06:17", "elapsed": 20343.681441, "delta": 34.537676}}
{"target": 5.4131219740716245, "params": {"x0": 0.8, "x1": 0.9, "x2": 3.1799116954839706, "x3": 2.911699306576207e-50, "x4": 1.7110077963815329, "x5": 2.4173739162835983e-50, "x6": 3.5942736073204546, "x7": 14.463175723016253, "x8": 1.2812589236923715, "x9": 2.749988712732662}, "datetime": {"datetime": "2025-05-17 14:06:50", "elapsed": 20375.801162, "delta": 32.119721}}
{"target": 5.4131219740716245, "params": {"x0": 0.8, "x1": 0.9, "x2": 3.1799116954839706, "x3": 3.4477162493104563e-50, "x4": 1.7110077963815329, "x5": 1.77005791922492e-50, "x6": 3.5942736073204546, "x7": 14.463175723016253, "x8": 1.2812589236923715, "x9": 2.749988712732662}, "datetime": {"datetime": "2025-05-17 14:07:22", "elapsed": 20408.695437, "delta": 32.894275}}
{"target": 5.4131219740716245, "params": {"x0": 0.8, "x1": 0.9, "x2": 3.1799116954839706, "x3": 3.2367028157058934e-50, "x4": 1.7110077963815329, "x5": 1.8782600470173875e-50, "x6": 3.5942736073204546, "x7": 14.463175723016253, "x8": 1.2812589236923715, "x9": 2.749988712732662}, "datetime": {"datetime": "2025-05-17 14:07:56", "elapsed": 20442.478315, "delta": 33.782878}}
{"target": 5.4131219740716245, "params": {"x0": 0.8, "x1": 0.9, "x2": 3.1799116954839706, "x3": 2.227328717337288e-50, "x4": 1.7110077963815329, "x5": 3.6983162183761383e-51, "x6": 3.5942736073204546, "x7": 14.463175723016253, "x8": 1.2812589236923715, "x9": 2.749988712732662}, "datetime": {"datetime": "2025-05-17 14:08:35", "elapsed": 20481.389594, "delta": 38.911279}}
{"target": 5.4131219740716245, "params": {"x0": 0.8, "x1": 0.9, "x2": 3.1799116954839706, "x3": 1.9676912080638014e-50, "x4": 1.7110077963815329, "x5": 1.2423629635198259e-50, "x6": 3.5942736073204546, "x7": 14.463175723016253, "x8": 1.2812589236923715, "x9": 2.749988712732662}, "datetime": {"datetime": "2025-05-17 14:09:10", "elapsed": 20515.832286, "delta": 34.442692}}
{"target": 5.4131219740716245, "params": {"x0": 0.8, "x1": 0.9, "x2": 3.1799116954839706, "x3": 2.2452792854008313e-50, "x4": 1.7110077963815329, "x5": 1.0336637560511872e-50, "x6": 3.5942736073204546, "x7": 14.463175723016253, "x8": 1.2812589236923715, "x9": 2.749988712732662}, "datetime": {"datetime": "2025-05-17 14:09:44", "elapsed": 20550.34455, "delta": 34.512264}}
{"target": 5.4131219740716245, "params": {"x0": 0.8, "x1": 0.9, "x2": 3.1799116954839706, "x3": 1.5075087186006504e-50, "x4": 1.7110077963815329, "x5": 8.02088155318061e-51, "x6": 3.5942736073204546, "x7": 14.463175723016253, "x8": 1.2812589236923715, "x9": 2.749988712732662}, "datetime": {"datetime": "2025-05-17 14:10:12", "elapsed": 20577.934461, "delta": 27.589911}}
{"target": 5.4131219740716245, "params": {"x0": 0.8, "x1": 0.9, "x2": 3.1799116954839706, "x3": 1.224468575961112e-50, "x4": 1.7110077963815329, "x5": 1.060886591048554e-50, "x6": 3.5942736073204546, "x7": 14.463175723016253, "x8": 1.2812589236923715, "x9": 2.749988712732662}, "datetime": {"datetime": "2025-05-17 14:10:50", "elapsed": 20616.39597, "delta": 38.461509}}
{"target": 5.4131219740716245, "params": {"x0": 0.8, "x1": 0.9, "x2": 3.1799116954839706, "x3": 4.222065629630627e-52, "x4": 1.7110077963815329, "x5": 1.4878513834235907e-51, "x6": 3.5942736073204546, "x7": 14.463175723016253, "x8": 1.2812589236923715, "x9": 2.749988712732662}, "datetime": {"datetime": "2025-05-17 14:11:26", "elapsed": 20652.538095, "delta": 36.142125}}
{"target": 5.4131219740716245, "params": {"x0": 0.8, "x1": 0.9, "x2": 3.1799116954839706, "x3": 1.2175913255326697e-50, "x4": 1.7110077963815329, "x5": 1.0385666426654787e-50, "x6": 3.5942736073204546, "x7": 14.463175723016253, "x8": 1.2812589236923715, "x9": 2.749988712732662}, "datetime": {"datetime": "2025-05-17 14:12:06", "elapsed": 20692.713384, "delta": 40.175289}}
{"target": 5.4131219740716245, "params": {"x0": 0.8, "x1": 0.9, "x2": 3.1799116954839706, "x3": 4.211951400564613e-52, "x4": 1.7110077963815329, "x5": 9.286413296893469e-51, "x6": 3.5942736073204546, "x7": 14.463175723016253, "x8": 1.2812589236923715, "x9": 2.749988712732662}, "datetime": {"datetime": "2025-05-17 14:12:41", "elapsed": 20727.642298, "delta": 34.928914}}
{"target": 5.4131219740716245, "params": {"x0": 0.8, "x1": 0.9, "x2": 3.1799116954839706, "x3": 1.172179155134945e-50, "x4": 1.7110077963815329, "x5": 3.7994452478186694e-51, "x6": 3.5942736073204546, "x7": 14.463175723016253, "x8": 1.2812589236923715, "x9": 2.749988712732662}, "datetime": {"datetime": "2025-05-17 14:13:15", "elapsed": 20761.315816, "delta": 33.673518}}
{"target": 5.4131219740716245, "params": {"x0": 0.8, "x1": 0.9, "x2": 3.1799116954839706, "x3": 2.8944915577899164e-51, "x4": 1.7110077963815329, "x5": 3.800931331417404e-51, "x6": 3.5942736073204546, "x7": 14.463175723016253, "x8": 1.2812589236923715, "x9": 2.749988712732662}, "datetime": {"datetime": "2025-05-17 14:13:53", "elapsed": 20799.524991, "delta": 38.209175}}
{"target": 5.4131219740716245, "params": {"x0": 0.8, "x1": 0.9, "x2": 3.1799116954839706, "x3": 7.904350495024043e-52, "x4": 1.7110077963815329, "x5": 8.056270190289744e-52, "x6": 3.5942736073204546, "x7": 14.463175723016253, "x8": 1.2812589236923715, "x9": 2.749988712732662}, "datetime": {"datetime": "2025-05-17 14:14:26", "elapsed": 20831.916835, "delta": 32.391844}}
{"target": 5.4131219740716245, "params": {"x0": 0.8, "x1": 0.9, "x2": 3.1799116954839706, "x3": 7.518862998112025e-51, "x4": 1.7110077963815329, "x5": 5.527076994813567e-51, "x6": 3.5942736073204546, "x7": 14.463175723016253, "x8": 1.2812589236923715, "x9": 2.749988712732662}, "datetime": {"datetime": "2025-05-17 14:15:07", "elapsed": 20872.800688, "delta": 40.883853}}
{"target": 5.4131219740716245, "params": {"x0": 0.8, "x1": 0.9, "x2": 3.1799116954839706, "x3": 1.9313933544618014e-51, "x4": 1.7110077963815329, "x5": 1.528098197519461e-51, "x6": 3.5942736073204546, "x7": 14.463175723016253, "x8": 1.2812589236923715, "x9": 2.749988712732662}, "datetime": {"datetime": "2025-05-17 14:15:43", "elapsed": 20909.162744, "delta": 36.362056}}
{"target": 5.4131219740716245, "params": {"x0": 0.8, "x1": 0.9, "x2": 3.1799116954839706, "x3": 6.105949935385222e-51, "x4": 1.7110077963815329, "x5": 5.017992236063755e-51, "x6": 3.5942736073204546, "x7": 14.463175723016253, "x8": 1.2812589236923715, "x9": 2.749988712732662}, "datetime": {"datetime": "2025-05-17 14:16:18", "elapsed": 20944.044275, "delta": 34.881531}}
{"target": 5.4131219740716245, "params": {"x0": 0.8, "x1": 0.9, "x2": 3.1799116954839706, "x3": 1.876315554778211e-52, "x4": 1.7110077963815329, "x5": 1.8932938174440736e-51, "x6": 3.5942736073204546, "x7": 14.463175723016253, "x8": 1.2812589236923715, "x9": 2.749988712732662}, "datetime": {"datetime": "2025-05-17 14:17:03", "elapsed": 20989.619119, "delta": 45.574844}}
{"target": 5.4131219740716245, "params": {"x0": 0.8, "x1": 0.9, "x2": 3.1799116954839706, "x3": 1.2839535000984768e-51, "x4": 1.7110077963815329, "x5": 3.650734534166027e-51, "x6": 3.5942736073204546, "x7": 14.463175723016253, "x8": 1.2812589236923715, "x9": 2.749988712732662}, "datetime": {"datetime": "2025-05-17 14:18:03", "elapsed": 21048.803716, "delta": 59.184597}}
{"target": 5.4131219740716245, "params": {"x0": 0.8, "x1": 0.9, "x2": 3.1799116954839706, "x3": 3.615925253597729e-51, "x4": 1.7110077963815329, "x5": 2.3309652041576855e-51, "x6": 3.5942736073204546, "x7": 14.463175723016253, "x8": 1.2812589236923715, "x9": 2.749988712732662}, "datetime": {"datetime": "2025-05-17 14:18:37", "elapsed": 21082.845621, "delta": 34.041905}}
{"target": 5.4131219740716245, "params": {"x0": 0.8, "x1": 0.9, "x2": 3.1799116954839706, "x3": 6.098147632140606e-52, "x4": 1.7110077963815329, "x5": 4.965751712131565e-52, "x6": 3.5942736073204546, "x7": 14.463175723016253, "x8": 1.2812589236923715, "x9": 2.749988712732662}, "datetime": {"datetime": "2025-05-17 14:19:08", "elapsed": 21114.030101, "delta": 31.18448}}
{"target": 5.4131219740716245, "params": {"x0": 0.8, "x1": 0.9, "x2": 3.1799116954839706, "x3": 3.156373124536085e-51, "x4": 1.7110077963815329, "x5": 6.44837266730241e-53, "x6": 3.5942736073204546, "x7": 14.463175723016253, "x8": 1.2812589236923715, "x9": 2.749988712732662}, "datetime": {"datetime": "2025-05-17 14:19:53", "elapsed": 21159.489149, "delta": 45.459048}}
{"target": 5.4131219740716245, "params": {"x0": 0.8, "x1": 0.9, "x2": 3.1799116954839706, "x3": 2.3007806895951754e-52, "x4": 1.7110077963815329, "x5": 2.0728719480488218e-51, "x6": 3.5942736073204546, "x7": 14.463175723016253, "x8": 1.2812589236923715, "x9": 2.749988712732662}, "datetime": {"datetime": "2025-05-17 14:20:43", "elapsed": 21209.548043, "delta": 50.058894}}
{"target": 5.4131219740716245, "params": {"x0": 0.8, "x1": 0.9, "x2": 3.1799116954839706, "x3": 3.4520683147396406e-52, "x4": 1.7110077963815329, "x5": 1.9277173022814797e-51, "x6": 3.5942736073204546, "x7": 14.463175723016253, "x8": 1.2812589236923715, "x9": 2.749988712732662}, "datetime": {"datetime": "2025-05-17 14:21:16", "elapsed": 21242.37811, "delta": 32.830067}}
{"target": 5.4131219740716245, "params": {"x0": 0.8, "x1": 0.9, "x2": 3.1799116954839706, "x3": 2.67835219129189e-51, "x4": 1.7110077963815329, "x5": 1.3510723829216997e-51, "x6": 3.5942736073204546, "x7": 14.463175723016253, "x8": 1.2812589236923715, "x9": 2.749988712732662}, "datetime": {"datetime": "2025-05-17 14:21:51", "elapsed": 21277.398423, "delta": 35.020313}}
{"target": 5.4131219740716245, "params": {"x0": 0.8, "x1": 0.9, "x2": 3.1799116954839706, "x3": 6.195231512622299e-52, "x4": 1.7110077963815329, "x5": 1.3069107231245888e-52, "x6": 3.5942736073204546, "x7": 14.463175723016253, "x8": 1.2812589236923715, "x9": 2.749988712732662}, "datetime": {"datetime": "2025-05-17 14:22:34", "elapsed": 21320.139712, "delta": 42.741289}}
{"target": 5.4131219740716245, "params": {"x0": 0.8, "x1": 0.9, "x2": 3.1799116954839706, "x3": 1.1910937029975703e-51, "x4": 1.7110077963815329, "x5": 9.756069515615998e-52, "x6": 3.5942736073204546, "x7": 14.463175723016253, "x8": 1.2812589236923715, "x9": 2.749988712732662}, "datetime": {"datetime": "2025-05-17 14:23:12", "elapsed": 21357.982443, "delta": 37.842731}}
{"target": 5.4131219740716245, "params": {"x0": 0.8, "x1": 0.9, "x2": 3.1799116954839706, "x3": 1.841389318306153e-51, "x4": 1.7110077963815329, "x5": 4.9137562598021e-52, "x6": 3.5942736073204546, "x7": 14.463175723016253, "x8": 1.2812589236923715, "x9": 2.749988712732662}, "datetime": {"datetime": "2025-05-17 14:23:54", "elapsed": 21399.893996, "delta": 41.911553}}
{"target": 5.4131219740716245, "params": {"x0": 0.8, "x1": 0.9, "x2": 3.1799116954839706, "x3": 2.1753767088841215e-52, "x4": 1.7110077963815329, "x5": 6.4876327861608534e-52, "x6": 3.5942736073204546, "x7": 14.463175723016253, "x8": 1.2812589236923715, "x9": 2.749988712732662}, "datetime": {"datetime": "2025-05-17 14:24:31", "elapsed": 21437.389277, "delta": 37.495281}}
{"target": 5.4131219740716245, "params": {"x0": 0.8, "x1": 0.9, "x2": 3.1799116954839706, "x3": 9.546645351276275e-52, "x4": 1.7110077963815329, "x5": 2.390191296294541e-52, "x6": 3.5942736073204546, "x7": 14.463175723016253, "x8": 1.2812589236923715, "x9": 2.749988712732662}, "datetime": {"datetime": "2025-05-17 14:25:08", "elapsed": 21473.968268, "delta": 36.578991}}
{"target": 5.4131219740716245, "params": {"x0": 0.8, "x1": 0.9, "x2": 3.1799116954839706, "x3": 1.531064473020506e-51, "x4": 1.7110077963815329, "x5": 6.0457755821599996e-52, "x6": 3.5942736073204546, "x7": 14.463175723016253, "x8": 1.2812589236923715, "x9": 2.749988712732662}, "datetime": {"datetime": "2025-05-17 14:25:40", "elapsed": 21506.452986, "delta": 32.484718}}
{"target": 5.4131219740716245, "params": {"x0": 0.8, "x1": 0.9, "x2": 3.1799116954839706, "x3": 1.3531289739067787e-51, "x4": 1.7110077963815329, "x5": 7.793681398035405e-52, "x6": 3.5942736073204546, "x7": 14.463175723016253, "x8": 1.2812589236923715, "x9": 2.749988712732662}, "datetime": {"datetime": "2025-05-17 14:26:07", "elapsed": 21533.672643, "delta": 27.219657}}
{"target": 5.4131219740716245, "params": {"x0": 0.8, "x1": 0.9, "x2": 3.1799116954839706, "x3": 2.587835858031285e-52, "x4": 1.7110077963815329, "x5": 3.252917003648383e-52, "x6": 3.5942736073204546, "x7": 14.463175723016253, "x8": 1.2812589236923715, "x9": 2.749988712732662}, "datetime": {"datetime": "2025-05-17 14:26:42", "elapsed": 21568.283905, "delta": 34.611262}}
