{"target": 5.4131219740716245, "params": {"x0": 0.8000000001911494, "x1": 0.9000000002462819, "x2": 3.1799116971635764, "x3": 1.0214280931752803e-11, "x4": 1.7110077950239406, "x5": 2.8551663799949506e-10, "x6": 3.594273595846813, "x7": 14.463175729313468, "x8": 1.2812589262407528, "x9": 2.7499887159023104}, "datetime": {"datetime": "2025-05-17 09:05:48", "elapsed": 2313.994501, "delta": 9.994904}}
{"target": 5.4131219740716245, "params": {"x0": 0.8000000000057248, "x1": 0.9000000000289786, "x2": 3.1799116913782006, "x3": 5.569032903409282e-12, "x4": 1.7110077963773864, "x5": 1.544503509578569e-09, "x6": 3.594273601408738, "x7": 14.463175698413822, "x8": 1.2812589202878122, "x9": 2.749988715180159}, "datetime": {"datetime": "2025-05-17 09:05:58", "elapsed": 2324.103579, "delta": 10.109078}}
{"target": 5.4131219740716245, "params": {"x0": 0.8000000001035458, "x1": 0.9000000002062108, "x2": 3.179911696626277, "x3": 1.534127550589314e-10, "x4": 1.7110077973820137, "x5": 3.160914543786867e-10, "x6": 3.5942736026738986, "x7": 14.463175712953026, "x8": 1.2812589255355609, "x9": 2.7499887152373876}, "datetime": {"datetime": "2025-05-17 09:06:09", "elapsed": 2334.788738, "delta": 10.685159}}
{"target": 5.4131219740716245, "params": {"x0": 0.8000000000915134, "x1": 0.9000000000891932, "x2": 3.1799116931756024, "x3": 4.558067963012465e-11, "x4": 1.711007794913991, "x5": 2.509694093296443e-10, "x6": 3.5942736138139626, "x7": 14.463175696228538, "x8": 1.28125892511584, "x9": 2.749988715046449}, "datetime": {"datetime": "2025-05-17 09:06:18", "elapsed": 2344.617303, "delta": 9.828565}}
{"target": 5.4131219740716245, "params": {"x0": 0.8000000000381158, "x1": 0.900000000007733, "x2": 3.1799116917447146, "x3": 2.3487959756626826e-11, "x4": 1.7110077951949274, "x5": 2.611096742513597e-10, "x6": 3.594273601430264, "x7": 14.46317571169957, "x8": 1.2812589224201747, "x9": 2.7499887138086376}, "datetime": {"datetime": "2025-05-17 09:06:29", "elapsed": 2354.76475, "delta": 10.147447}}
{"target": 5.4131219740716245, "params": {"x0": 0.8000000000165732, "x1": 0.9000000000012132, "x2": 3.179911694538856, "x3": 1.433221565158245e-10, "x4": 1.7110077957860437, "x5": 1.941477059031198e-09, "x6": 3.594273602115402, "x7": 14.46317570490634, "x8": 1.2812589243475465, "x9": 2.7499887145704283}, "datetime": {"datetime": "2025-05-17 09:06:39", "elapsed": 2365.007381, "delta": 10.242631}}
{"target": 5.4131219740716245, "params": {"x0": 0.8000000000572632, "x1": 0.9000000000168342, "x2": 3.17991169328035, "x3": 4.827071962579445e-11, "x4": 1.71100779531397, "x5": 7.846838697827876e-10, "x6": 3.5942736044134205, "x7": 14.463175710062153, "x8": 1.2812589254851328, "x9": 2.749988714128318}, "datetime": {"datetime": "2025-05-17 09:06:49", "elapsed": 2374.838438, "delta": 9.831057}}
{"target": 5.4131219740716245, "params": {"x0": 0.8000000000196745, "x1": 0.900000000123538, "x2": 3.179911693610312, "x3": 7.957082052408105e-11, "x4": 1.711007795423075, "x5": 4.350247941833189e-10, "x6": 3.5942736063407352, "x7": 14.463175726700085, "x8": 1.281258925409603, "x9": 2.749988714254218}, "datetime": {"datetime": "2025-05-17 09:06:59", "elapsed": 2384.926229, "delta": 10.087791}}
{"target": 5.4131219740716245, "params": {"x0": 0.8000000000215518, "x1": 0.9000000000000213, "x2": 3.1799116945787755, "x3": 9.786359202561425e-11, "x4": 1.7110077962115884, "x5": 5.367462377697402e-10, "x6": 3.594273612494454, "x7": 14.463175707845966, "x8": 1.2812589250664914, "x9": 2.749988713799568}, "datetime": {"datetime": "2025-05-17 09:07:09", "elapsed": 2394.927505, "delta": 10.001276}}
{"target": 5.4131219740716245, "params": {"x0": 0.8000000000260956, "x1": 0.9000000001020984, "x2": 3.179911694093683, "x3": 2.2786613075094318e-11, "x4": 1.7110077960676935, "x5": 4.4863721231596214e-10, "x6": 3.594273604486887, "x7": 14.46317570874606, "x8": 1.2812589252721622, "x9": 2.749988713812715}, "datetime": {"datetime": "2025-05-17 09:07:19", "elapsed": 2404.989243, "delta": 10.061738}}
{"target": 5.4131219740716245, "params": {"x0": 0.8000000000588995, "x1": 0.9000000000429959, "x2": 3.179911697122118, "x3": 3.465988821548742e-12, "x4": 1.7110077957732066, "x5": 3.189694549217139e-11, "x6": 3.5942736078574202, "x7": 14.463175729627512, "x8": 1.281258924742877, "x9": 2.749988713380981}, "datetime": {"datetime": "2025-05-17 09:07:29", "elapsed": 2415.365228, "delta": 10.375985}}
{"target": 5.4131219740716245, "params": {"x0": 0.8000000000615554, "x1": 0.9000000000004553, "x2": 3.179911696509167, "x3": 4.51366512022717e-12, "x4": 1.711007795744888, "x5": 8.405786843938082e-10, "x6": 3.5942736092540417, "x7": 14.463175728577367, "x8": 1.2812589251734505, "x9": 2.749988713494689}, "datetime": {"datetime": "2025-05-17 09:07:40", "elapsed": 2426.00127, "delta": 10.636042}}
{"target": 5.4131219740716245, "params": {"x0": 0.8000000000525361, "x1": 0.9000000000675038, "x2": 3.179911693901507, "x3": 1.414864612434942e-11, "x4": 1.7110077965082575, "x5": 1.3238096167597395e-10, "x6": 3.5942736054908964, "x7": 14.463175720811044, "x8": 1.2812589248825765, "x9": 2.7499887133826966}, "datetime": {"datetime": "2025-05-17 09:07:50", "elapsed": 2435.961207, "delta": 9.959937}}
{"target": 5.4131219740716245, "params": {"x0": 0.8000000000426295, "x1": 0.9000000000034997, "x2": 3.179911694211453, "x3": 7.6577227501283e-12, "x4": 1.7110077962329429, "x5": 2.1841778339652122e-11, "x6": 3.5942736041458776, "x7": 14.463175719884156, "x8": 1.2812589242077257, "x9": 2.749988713094116}, "datetime": {"datetime": "2025-05-17 09:08:00", "elapsed": 2446.109953, "delta": 10.148746}}
{"target": 5.4131219740716245, "params": {"x0": 0.8000000000412713, "x1": 0.9000000000009408, "x2": 3.179911696021298, "x3": 2.0603861563173207e-11, "x4": 1.7110077963354617, "x5": 6.765411679420673e-10, "x6": 3.5942736065698755, "x7": 14.463175714490001, "x8": 1.2812589240840553, "x9": 2.74998871343574}, "datetime": {"datetime": "2025-05-17 09:08:10", "elapsed": 2456.485403, "delta": 10.37545}}
{"target": 5.4131219740716245, "params": {"x0": 0.800000000000758, "x1": 0.9000000000414239, "x2": 3.1799116965504575, "x3": 6.180691815010586e-12, "x4": 1.711007796210756, "x5": 4.878439365856372e-10, "x6": 3.59427360496912, "x7": 14.463175717446715, "x8": 1.2812589242416688, "x9": 2.749988713383234}, "datetime": {"datetime": "2025-05-17 09:08:20", "elapsed": 2466.608049, "delta": 10.122646}}
{"target": 5.4131219740716245, "params": {"x0": 0.800000000000766, "x1": 0.900000000034039, "x2": 3.1799116956026943, "x3": 5.513691388036695e-12, "x4": 1.711007796579293, "x5": 4.8717535771420735e-11, "x6": 3.5942736055457574, "x7": 14.463175725874075, "x8": 1.2812589243922285, "x9": 2.7499887129891114}, "datetime": {"datetime": "2025-05-17 09:08:31", "elapsed": 2477.125349, "delta": 10.5173}}
{"target": 5.4131219740716245, "params": {"x0": 0.8000000000006465, "x1": 0.9000000000376617, "x2": 3.179911696016126, "x3": 4.249684096784888e-13, "x4": 1.7110077963448707, "x5": 4.027148214851789e-10, "x6": 3.594273606536574, "x7": 14.463175724465072, "x8": 1.2812589238491738, "x9": 2.7499887132395835}, "datetime": {"datetime": "2025-05-17 09:08:42", "elapsed": 2487.887259, "delta": 10.76191}}
{"target": 5.4131219740716245, "params": {"x0": 0.8000000000232321, "x1": 0.9000000000026114, "x2": 3.179911694862318, "x3": 4.6872834494627255e-11, "x4": 1.7110077965246202, "x5": 1.560728938014987e-10, "x6": 3.594273606796036, "x7": 14.463175724400934, "x8": 1.281258923901247, "x9": 2.7499887131180696}, "datetime": {"datetime": "2025-05-17 09:08:52", "elapsed": 2497.883182, "delta": 9.995923}}
{"target": 5.4131219740716245, "params": {"x0": 0.8000000000059928, "x1": 0.9000000000063081, "x2": 3.179911695736269, "x3": 2.4897080514951596e-12, "x4": 1.7110077962738415, "x5": 6.367287124348228e-11, "x6": 3.5942736054939246, "x7": 14.463175722195547, "x8": 1.2812589240542587, "x9": 2.7499887129972}, "datetime": {"datetime": "2025-05-17 09:09:02", "elapsed": 2508.181283, "delta": 10.298101}}
{"target": 5.4131219740716245, "params": {"x0": 0.8000000000205895, "x1": 0.9000000000193327, "x2": 3.1799116952515853, "x3": 1.1801483243497464e-11, "x4": 1.7110077961814854, "x5": 1.1192392031835846e-10, "x6": 3.594273608136636, "x7": 14.463175721232217, "x8": 1.2812589240325039, "x9": 2.749988713048096}, "datetime": {"datetime": "2025-05-17 09:09:12", "elapsed": 2518.009107, "delta": 9.827824}}
{"target": 5.4131219740716245, "params": {"x0": 0.8000000000212067, "x1": 0.9000000000033157, "x2": 3.179911696077872, "x3": 1.0650411603647881e-11, "x4": 1.711007796360878, "x5": 3.422144776028128e-10, "x6": 3.5942736065982284, "x7": 14.463175726629228, "x8": 1.281258923804211, "x9": 2.7499887129667258}, "datetime": {"datetime": "2025-05-17 09:09:22", "elapsed": 2528.540813, "delta": 10.531706}}
{"target": 5.4131219740716245, "params": {"x0": 0.8000000000177869, "x1": 0.9000000000075051, "x2": 3.1799116957673337, "x3": 1.3043000704697788e-11, "x4": 1.7110077963512877, "x5": 1.216515295647904e-10, "x6": 3.5942736064559493, "x7": 14.463175724532567, "x8": 1.2812589238484409, "x9": 2.7499887129868927}, "datetime": {"datetime": "2025-05-17 09:09:32", "elapsed": 2538.685031, "delta": 10.144218}}
{"target": 5.4131219740716245, "params": {"x0": 0.8000000000108063, "x1": 0.9000000000090939, "x2": 3.1799116953653197, "x3": 5.440906885157753e-12, "x4": 1.711007796416329, "x5": 3.7666976077549814e-11, "x6": 3.5942736065495726, "x7": 14.463175722375293, "x8": 1.28125892375745, "x9": 2.7499887129475846}, "datetime": {"datetime": "2025-05-17 09:09:43", "elapsed": 2548.797051, "delta": 10.11202}}
{"target": 5.4131219740716245, "params": {"x0": 0.8000000000138824, "x1": 0.9000000000184536, "x2": 3.1799116951007798, "x3": 1.1468783710185914e-11, "x4": 1.7110077963048755, "x5": 2.1554070522960536e-10, "x6": 3.594273607324921, "x7": 14.463175721402495, "x8": 1.2812589238182943, "x9": 2.749988712976366}, "datetime": {"datetime": "2025-05-17 09:09:53", "elapsed": 2558.835171, "delta": 10.03812}}
{"target": 5.4131219740716245, "params": {"x0": 0.8000000000119276, "x1": 0.9000000000058597, "x2": 3.179911695378309, "x3": 3.2577775957679606e-11, "x4": 1.7110077964292176, "x5": 2.4140915856553236e-11, "x6": 3.5942736064767895, "x7": 14.463175723356589, "x8": 1.281258923848684, "x9": 2.7499887127863443}, "datetime": {"datetime": "2025-05-17 09:10:03", "elapsed": 2569.001589, "delta": 10.166418}}
{"target": 5.4131219740716245, "params": {"x0": 0.8000000000014608, "x1": 0.9000000000027035, "x2": 3.1799116956588827, "x3": 1.5538988135719394e-11, "x4": 1.7110077964388921, "x5": 1.3926007354820255e-10, "x6": 3.5942736069051295, "x7": 14.463175724231997, "x8": 1.2812589237554441, "x9": 2.749988712905276}, "datetime": {"datetime": "2025-05-17 09:10:13", "elapsed": 2579.257151, "delta": 10.255562}}
{"target": 5.4131219740716245, "params": {"x0": 0.8000000000109152, "x1": 0.9000000000040737, "x2": 3.1799116953071915, "x3": 9.381428218465707e-12, "x4": 1.7110077962607273, "x5": 1.5255971274626983e-12, "x6": 3.5942736067170395, "x7": 14.463175722184683, "x8": 1.2812589239428795, "x9": 2.7499887127369886}, "datetime": {"datetime": "2025-05-17 09:10:23", "elapsed": 2589.4509, "delta": 10.193749}}
{"target": 5.4131219740716245, "params": {"x0": 0.8000000000088487, "x1": 0.9000000000039173, "x2": 3.1799116955553623, "x3": 1.2537780184568047e-12, "x4": 1.7110077963041024, "x5": 4.1976732937832577e-11, "x6": 3.594273607441193, "x7": 14.463175722616182, "x8": 1.281258923939799, "x9": 2.749988712824482}, "datetime": {"datetime": "2025-05-17 09:10:33", "elapsed": 2599.715635, "delta": 10.264735}}
{"target": 5.4131219740716245, "params": {"x0": 0.8000000000018642, "x1": 0.9000000000033581, "x2": 3.17991169542829, "x3": 1.0196913929119179e-11, "x4": 1.7110077962948294, "x5": 1.0027105502255415e-10, "x6": 3.5942736074794697, "x7": 14.463175722583424, "x8": 1.2812589237441692, "x9": 2.7499887128716813}, "datetime": {"datetime": "2025-05-17 09:10:44", "elapsed": 2610.191647, "delta": 10.476012}}
{"target": 5.4131219740716245, "params": {"x0": 0.8000000000079475, "x1": 0.9000000000033075, "x2": 3.1799116952765965, "x3": 1.407536276285627e-12, "x4": 1.7110077964194652, "x5": 1.876170138024189e-11, "x6": 3.5942736075585646, "x7": 14.46317572349395, "x8": 1.2812589235563299, "x9": 2.749988712854118}, "datetime": {"datetime": "2025-05-17 09:10:54", "elapsed": 2620.327791, "delta": 10.136144}}
{"target": 5.4131219740716245, "params": {"x0": 0.8000000000028417, "x1": 0.9000000000095424, "x2": 3.179911695432076, "x3": 5.084235177992716e-12, "x4": 1.7110077964512516, "x5": 7.929225415143e-11, "x6": 3.5942736069461554, "x7": 14.463175722410128, "x8": 1.2812589236239837, "x9": 2.7499887128365077}, "datetime": {"datetime": "2025-05-17 09:11:04", "elapsed": 2630.58178, "delta": 10.253989}}
{"target": 5.4131219740716245, "params": {"x0": 0.8000000000031903, "x1": 0.9000000000094077, "x2": 3.1799116956022937, "x3": 4.378017658463597e-12, "x4": 1.7110077964275143, "x5": 8.467621682337965e-11, "x6": 3.5942736071979513, "x7": 14.463175724244335, "x8": 1.281258923783831, "x9": 2.749988712812886}, "datetime": {"datetime": "2025-05-17 09:11:15", "elapsed": 2641.059858, "delta": 10.478078}}
{"target": 5.4131219740716245, "params": {"x0": 0.8000000000051909, "x1": 0.9000000000048267, "x2": 3.1799116955954516, "x3": 4.030635606047027e-12, "x4": 1.7110077963182608, "x5": 2.400807309461679e-11, "x6": 3.5942736070174757, "x7": 14.463175722231984, "x8": 1.2812589237159715, "x9": 2.7499887127961875}, "datetime": {"datetime": "2025-05-17 09:11:25", "elapsed": 2651.124761, "delta": 10.064903}}
{"target": 5.4131219740716245, "params": {"x0": 0.8000000000006403, "x1": 0.9000000000059869, "x2": 3.1799116954918896, "x3": 1.7699339276570947e-11, "x4": 1.7110077963928905, "x5": 4.414400004675854e-11, "x6": 3.594273607004733, "x7": 14.463175722718761, "x8": 1.2812589236903769, "x9": 2.749988712811766}, "datetime": {"datetime": "2025-05-17 09:11:35", "elapsed": 2661.62908, "delta": 10.504319}}
{"target": 5.4131219740716245, "params": {"x0": 0.8000000000032987, "x1": 0.9000000000036212, "x2": 3.1799116955016173, "x3": 7.1453448336890035e-12, "x4": 1.7110077964327204, "x5": 7.93573598336507e-11, "x6": 3.594273607002464, "x7": 14.46317572379623, "x8": 1.2812589237040417, "x9": 2.749988712756058}, "datetime": {"datetime": "2025-05-17 09:11:46", "elapsed": 2671.818086, "delta": 10.189006}}
{"target": 5.4131219740716245, "params": {"x0": 0.800000000004509, "x1": 0.900000000001338, "x2": 3.17991169550453, "x3": 2.6444271214065382e-12, "x4": 1.7110077963526036, "x5": 3.445593069320346e-12, "x6": 3.5942736072905905, "x7": 14.463175722870298, "x8": 1.2812589236951157, "x9": 2.7499887127789253}, "datetime": {"datetime": "2025-05-17 09:11:56", "elapsed": 2681.873055, "delta": 10.054969}}
{"target": 5.4131219740716245, "params": {"x0": 0.800000000002779, "x1": 0.9000000000004772, "x2": 3.1799116954428492, "x3": 4.660978724984983e-12, "x4": 1.7110077963680528, "x5": 5.0942070411620615e-11, "x6": 3.594273607555493, "x7": 14.46317572290028, "x8": 1.281258923729315, "x9": 2.7499887127944103}, "datetime": {"datetime": "2025-05-17 09:12:06", "elapsed": 2692.685625, "delta": 10.81257}}
{"target": 5.4131219740716245, "params": {"x0": 0.8000000000021206, "x1": 0.9000000000028481, "x2": 3.179911695453716, "x3": 8.713143123031941e-12, "x4": 1.7110077963854309, "x5": 1.0788668671452667e-11, "x6": 3.594273607143043, "x7": 14.463175723037667, "x8": 1.2812589237167353, "x9": 2.7499887127634706}, "datetime": {"datetime": "2025-05-17 09:12:17", "elapsed": 2703.308363, "delta": 10.622738}}
{"target": 5.4131219740716245, "params": {"x0": 0.8000000000013825, "x1": 0.9000000000033691, "x2": 3.179911695538736, "x3": 7.055605133376805e-12, "x4": 1.7110077963762305, "x5": 2.3566614082921505e-11, "x6": 3.5942736075221893, "x7": 14.46317572247088, "x8": 1.2812589237446326, "x9": 2.7499887127699516}, "datetime": {"datetime": "2025-05-17 09:12:27", "elapsed": 2713.486836, "delta": 10.178473}}
{"target": 5.4131219740716245, "params": {"x0": 0.8000000000003161, "x1": 0.9000000000097337, "x2": 3.1799116955372932, "x3": 2.3239245102878177e-11, "x4": 1.7110077963659278, "x5": 3.684656824077917e-11, "x6": 3.594273607360694, "x7": 14.46317572318458, "x8": 1.2812589236863465, "x9": 2.7499887127694906}, "datetime": {"datetime": "2025-05-17 09:12:37", "elapsed": 2723.675897, "delta": 10.189061}}
{"target": 5.4131219740716245, "params": {"x0": 0.8000000000011664, "x1": 0.900000000000662, "x2": 3.1799116955480082, "x3": 1.9863988778629836e-11, "x4": 1.7110077963869676, "x5": 3.8165972980686526e-11, "x6": 3.5942736073074615, "x7": 14.463175722920019, "x8": 1.2812589237292802, "x9": 2.7499887127531113}, "datetime": {"datetime": "2025-05-17 09:12:48", "elapsed": 2733.871043, "delta": 10.195146}}
{"target": 5.4131219740716245, "params": {"x0": 0.8000000000015385, "x1": 0.9000000000006269, "x2": 3.179911695418768, "x3": 1.9103274020719967e-12, "x4": 1.7110077963977366, "x5": 3.1673553336953465e-11, "x6": 3.5942736074503325, "x7": 14.463175722872885, "x8": 1.2812589237050005, "x9": 2.749988712744061}, "datetime": {"datetime": "2025-05-17 09:12:58", "elapsed": 2744.283442, "delta": 10.412399}}
{"target": 5.4131219740716245, "params": {"x0": 0.800000000000124, "x1": 0.9000000000008146, "x2": 3.1799116954753552, "x3": 1.1177415870938996e-11, "x4": 1.711007796376199, "x5": 1.410050796862878e-11, "x6": 3.5942736073576227, "x7": 14.463175723069995, "x8": 1.2812589237220637, "x9": 2.7499887127044524}, "datetime": {"datetime": "2025-05-17 09:13:08", "elapsed": 2754.482931, "delta": 10.199489}}
{"target": 5.4131219740716245, "params": {"x0": 0.8000000000001837, "x1": 0.9000000000010171, "x2": 3.1799116954902122, "x3": 5.937727897227289e-12, "x4": 1.7110077963942179, "x5": 1.6360247151597914e-11, "x6": 3.594273607206436, "x7": 14.463175723290702, "x8": 1.2812589236938736, "x9": 2.7499887127493268}, "datetime": {"datetime": "2025-05-17 09:13:19", "elapsed": 2765.193662, "delta": 10.710731}}
{"target": 5.4131219740716245, "params": {"x0": 0.8000000000006354, "x1": 0.9000000000016805, "x2": 3.179911695509081, "x3": 1.1454479006618045e-11, "x4": 1.7110077963962822, "x5": 9.471684660661966e-12, "x6": 3.5942736073838306, "x7": 14.463175722908899, "x8": 1.2812589236772556, "x9": 2.7499887127578853}, "datetime": {"datetime": "2025-05-17 09:13:29", "elapsed": 2775.407984, "delta": 10.214322}}
{"target": 5.4131219740716245, "params": {"x0": 0.8000000000003389, "x1": 0.900000000000489, "x2": 3.1799116955189444, "x3": 6.789222094729203e-12, "x4": 1.7110077963656463, "x5": 2.1069673086862407e-11, "x6": 3.5942736072658272, "x7": 14.46317572289789, "x8": 1.2812589237241074, "x9": 2.7499887127374936}, "datetime": {"datetime": "2025-05-17 09:13:40", "elapsed": 2785.98219, "delta": 10.574206}}
{"target": 5.4131219740716245, "params": {"x0": 0.8000000000014004, "x1": 0.9000000000013259, "x2": 3.1799116954728883, "x3": 4.9896689567262126e-12, "x4": 1.7110077963963537, "x5": 1.4078315881233369e-11, "x6": 3.594273607303463, "x7": 14.463175722858495, "x8": 1.2812589237245373, "x9": 2.7499887127408487}, "datetime": {"datetime": "2025-05-17 09:13:50", "elapsed": 2796.500404, "delta": 10.518214}}
{"target": 5.4131219740716245, "params": {"x0": 0.8000000000000819, "x1": 0.9000000000009278, "x2": 3.1799116955028572, "x3": 7.036588904105424e-12, "x4": 1.7110077963718127, "x5": 1.5902984701063763e-11, "x6": 3.5942736073023323, "x7": 14.463175723255773, "x8": 1.2812589237069, "x9": 2.7499887127377667}, "datetime": {"datetime": "2025-05-17 09:14:01", "elapsed": 2807.120364, "delta": 10.61996}}
{"target": 5.4131219740716245, "params": {"x0": 0.8000000000010354, "x1": 0.9000000000081223, "x2": 3.17991169550499, "x3": 1.2401859880147037e-12, "x4": 1.7110077963713364, "x5": 1.906471775396004e-11, "x6": 3.594273607275773, "x7": 14.463175723196677, "x8": 1.2812589236997098, "x9": 2.7499887127392886}, "datetime": {"datetime": "2025-05-17 09:14:12", "elapsed": 2817.779117, "delta": 10.658753}}
{"target": 5.4131219740716245, "params": {"x0": 0.8000000000002738, "x1": 0.9000000000037542, "x2": 3.179911695489276, "x3": 4.245411725579753e-12, "x4": 1.7110077963861567, "x5": 4.020368622689088e-12, "x6": 3.5942736073837698, "x7": 14.463175722890625, "x8": 1.281258923711554, "x9": 2.749988712740033}, "datetime": {"datetime": "2025-05-17 09:14:22", "elapsed": 2828.185231, "delta": 10.406114}}
{"target": 5.4131219740716245, "params": {"x0": 0.800000000000492, "x1": 0.9000000000003975, "x2": 3.1799116954686837, "x3": 5.85068707828851e-12, "x4": 1.711007796372332, "x5": 1.0195677853996491e-11, "x6": 3.594273607318372, "x7": 14.463175722887863, "x8": 1.2812589236828562, "x9": 2.7499887127411844}, "datetime": {"datetime": "2025-05-17 09:14:33", "elapsed": 2838.796043, "delta": 10.610812}}
{"target": 5.4131219740716245, "params": {"x0": 0.8000000000004353, "x1": 0.900000000001131, "x2": 3.179911695479288, "x3": 7.711000508776781e-13, "x4": 1.7110077963758459, "x5": 1.1960703896808567e-11, "x6": 3.594273607334317, "x7": 14.46317572304685, "x8": 1.2812589236879812, "x9": 2.749988712723647}, "datetime": {"datetime": "2025-05-17 09:14:43", "elapsed": 2849.122754, "delta": 10.326711}}
{"target": 5.4131219740716245, "params": {"x0": 0.8000000000003302, "x1": 0.9000000000073145, "x2": 3.1799116954668847, "x3": 1.1197274553177398e-12, "x4": 1.7110077963764507, "x5": 3.1420835461931968e-12, "x6": 3.594273607293083, "x7": 14.463175722897594, "x8": 1.2812589236919165, "x9": 2.749988712744655}, "datetime": {"datetime": "2025-05-17 09:14:53", "elapsed": 2859.412865, "delta": 10.290111}}
{"target": 5.4131219740716245, "params": {"x0": 0.800000000000316, "x1": 0.9000000000123958, "x2": 3.1799116954662083, "x3": 1.2174956047910722e-12, "x4": 1.711007796375523, "x5": 5.959049733187494e-12, "x6": 3.5942736072788417, "x7": 14.463175723047064, "x8": 1.2812589237047443, "x9": 2.7499887127294556}, "datetime": {"datetime": "2025-05-17 09:15:03", "elapsed": 2869.617995, "delta": 10.20513}}
