{"target": 5.4131219740716245, "params": {"x0": 0.8, "x1": 0.9, "x2": 3.1799116954839706, "x3": 2.1849656951644078e-39, "x4": 1.7110077963815329, "x5": 1.7566368015000374e-38, "x6": 3.5942736073204546, "x7": 14.463175723016253, "x8": 1.2812589236923715, "x9": 2.749988712732662}, "datetime": {"datetime": "2025-05-17 11:54:22", "elapsed": 12428.227904, "delta": 27.258585}}
{"target": 5.4131219740716245, "params": {"x0": 0.8, "x1": 0.9, "x2": 3.1799116954839706, "x3": 3.3347527454964445e-38, "x4": 1.7110077963815329, "x5": 5.116191977926742e-39, "x6": 3.5942736073204546, "x7": 14.463175723016253, "x8": 1.2812589236923715, "x9": 2.749988712732662}, "datetime": {"datetime": "2025-05-17 11:54:46", "elapsed": 12452.358364, "delta": 24.13046}}
{"target": 5.4131219740716245, "params": {"x0": 0.8, "x1": 0.9, "x2": 3.1799116954839706, "x3": 2.613332323039303e-38, "x4": 1.7110077963815329, "x5": 1.074741003749245e-38, "x6": 3.5942736073204546, "x7": 14.463175723016253, "x8": 1.2812589236923715, "x9": 2.749988712732662}, "datetime": {"datetime": "2025-05-17 11:55:10", "elapsed": 12476.064171, "delta": 23.705807}}
{"target": 5.4131219740716245, "params": {"x0": 0.8, "x1": 0.9, "x2": 3.1799116954839706, "x3": 1.699589665623849e-39, "x4": 1.7110077963815329, "x5": 8.946211228928264e-39, "x6": 3.5942736073204546, "x7": 14.463175723016253, "x8": 1.2812589236923715, "x9": 2.749988712732662}, "datetime": {"datetime": "2025-05-17 11:55:35", "elapsed": 12501.277599, "delta": 25.213428}}
{"target": 5.4131219740716245, "params": {"x0": 0.8, "x1": 0.9, "x2": 3.1799116954839706, "x3": 5.862923486025882e-39, "x4": 1.7110077963815329, "x5": 1.1365210104078816e-38, "x6": 3.5942736073204546, "x7": 14.463175723016253, "x8": 1.2812589236923715, "x9": 2.749988712732662}, "datetime": {"datetime": "2025-05-17 11:56:02", "elapsed": 12528.033275, "delta": 26.755676}}
{"target": 5.4131219740716245, "params": {"x0": 0.8, "x1": 0.9, "x2": 3.1799116954839706, "x3": 7.361160747132642e-39, "x4": 1.7110077963815329, "x5": 3.679598561572127e-39, "x6": 3.5942736073204546, "x7": 14.463175723016253, "x8": 1.2812589236923715, "x9": 2.749988712732662}, "datetime": {"datetime": "2025-05-17 11:56:30", "elapsed": 12555.82472, "delta": 27.791445}}
{"target": 5.4131219740716245, "params": {"x0": 0.8, "x1": 0.9, "x2": 3.1799116954839706, "x3": 7.088711249835256e-39, "x4": 1.7110077963815329, "x5": 8.508466156936826e-39, "x6": 3.5942736073204546, "x7": 14.463175723016253, "x8": 1.2812589236923715, "x9": 2.749988712732662}, "datetime": {"datetime": "2025-05-17 11:56:54", "elapsed": 12580.328557, "delta": 24.503837}}
{"target": 5.4131219740716245, "params": {"x0": 0.8, "x1": 0.9, "x2": 3.1799116954839706, "x3": 5.7913199627281614e-39, "x4": 1.7110077963815329, "x5": 8.023906679419134e-39, "x6": 3.5942736073204546, "x7": 14.463175723016253, "x8": 1.2812589236923715, "x9": 2.749988712732662}, "datetime": {"datetime": "2025-05-17 11:57:20", "elapsed": 12606.469654, "delta": 26.141097}}
{"target": 5.4131219740716245, "params": {"x0": 0.8, "x1": 0.9, "x2": 3.1799116954839706, "x3": 3.1595393036969564e-39, "x4": 1.7110077963815329, "x5": 1.0031336072519009e-38, "x6": 3.5942736073204546, "x7": 14.463175723016253, "x8": 1.2812589236923715, "x9": 2.749988712732662}, "datetime": {"datetime": "2025-05-17 11:57:48", "elapsed": 12634.14381, "delta": 27.674156}}
{"target": 5.4131219740716245, "params": {"x0": 0.8, "x1": 0.9, "x2": 3.1799116954839706, "x3": 3.35527006032612e-39, "x4": 1.7110077963815329, "x5": 3.107314504617997e-39, "x6": 3.5942736073204546, "x7": 14.463175723016253, "x8": 1.2812589236923715, "x9": 2.749988712732662}, "datetime": {"datetime": "2025-05-17 11:58:14", "elapsed": 12660.2468, "delta": 26.10299}}
{"target": 5.4131219740716245, "params": {"x0": 0.8, "x1": 0.9, "x2": 3.1799116954839706, "x3": 3.964100624356541e-39, "x4": 1.7110077963815329, "x5": 8.260596692019563e-39, "x6": 3.5942736073204546, "x7": 14.463175723016253, "x8": 1.2812589236923715, "x9": 2.749988712732662}, "datetime": {"datetime": "2025-05-17 11:58:39", "elapsed": 12685.049136, "delta": 24.802336}}
{"target": 5.4131219740716245, "params": {"x0": 0.8, "x1": 0.9, "x2": 3.1799116954839706, "x3": 1.06018014009073e-39, "x4": 1.7110077963815329, "x5": 5.219784179862526e-39, "x6": 3.5942736073204546, "x7": 14.463175723016253, "x8": 1.2812589236923715, "x9": 2.749988712732662}, "datetime": {"datetime": "2025-05-17 11:59:03", "elapsed": 12709.511546, "delta": 24.46241}}
{"target": 5.4131219740716245, "params": {"x0": 0.8, "x1": 0.9, "x2": 3.1799116954839706, "x3": 3.7866685446441e-39, "x4": 1.7110077963815329, "x5": 4.853177635709755e-39, "x6": 3.5942736073204546, "x7": 14.463175723016253, "x8": 1.2812589236923715, "x9": 2.749988712732662}, "datetime": {"datetime": "2025-05-17 11:59:25", "elapsed": 12731.508464, "delta": 21.996918}}
{"target": 5.4131219740716245, "params": {"x0": 0.8, "x1": 0.9, "x2": 3.1799116954839706, "x3": 9.587842318344204e-39, "x4": 1.7110077963815329, "x5": 1.9244035224354734e-39, "x6": 3.5942736073204546, "x7": 14.463175723016253, "x8": 1.2812589236923715, "x9": 2.749988712732662}, "datetime": {"datetime": "2025-05-17 11:59:53", "elapsed": 12759.552268, "delta": 28.043804}}
{"target": 5.4131219740716245, "params": {"x0": 0.8, "x1": 0.9, "x2": 3.1799116954839706, "x3": 6.331735657421946e-39, "x4": 1.7110077963815329, "x5": 2.1002636812176165e-39, "x6": 3.5942736073204546, "x7": 14.463175723016253, "x8": 1.2812589236923715, "x9": 2.749988712732662}, "datetime": {"datetime": "2025-05-17 12:00:15", "elapsed": 12780.761052, "delta": 21.208784}}
{"target": 5.4131219740716245, "params": {"x0": 0.8, "x1": 0.9, "x2": 3.1799116954839706, "x3": 1.5411000294156426e-39, "x4": 1.7110077963815329, "x5": 5.306654405524284e-39, "x6": 3.5942736073204546, "x7": 14.463175723016253, "x8": 1.2812589236923715, "x9": 2.749988712732662}, "datetime": {"datetime": "2025-05-17 12:00:41", "elapsed": 12807.073179, "delta": 26.312127}}
{"target": 5.4131219740716245, "params": {"x0": 0.8, "x1": 0.9, "x2": 3.1799116954839706, "x3": 7.30660356243045e-39, "x4": 1.7110077963815329, "x5": 1.3933411035577335e-39, "x6": 3.5942736073204546, "x7": 14.463175723016253, "x8": 1.2812589236923715, "x9": 2.749988712732662}, "datetime": {"datetime": "2025-05-17 12:01:06", "elapsed": 12832.533182, "delta": 25.460003}}
{"target": 5.4131219740716245, "params": {"x0": 0.8, "x1": 0.9, "x2": 3.1799116954839706, "x3": 6.093078875975842e-39, "x4": 1.7110077963815329, "x5": 1.0365419002061145e-40, "x6": 3.5942736073204546, "x7": 14.463175723016253, "x8": 1.2812589236923715, "x9": 2.749988712732662}, "datetime": {"datetime": "2025-05-17 12:01:32", "elapsed": 12857.846286, "delta": 25.313104}}
{"target": 5.4131219740716245, "params": {"x0": 0.8, "x1": 0.9, "x2": 3.1799116954839706, "x3": 8.12433167364592e-40, "x4": 1.7110077963815329, "x5": 1.508600042607187e-39, "x6": 3.5942736073204546, "x7": 14.463175723016253, "x8": 1.2812589236923715, "x9": 2.749988712732662}, "datetime": {"datetime": "2025-05-17 12:01:57", "elapsed": 12883.546121, "delta": 25.699835}}
{"target": 5.4131219740716245, "params": {"x0": 0.8, "x1": 0.9, "x2": 3.1799116954839706, "x3": 1.2657689731794453e-39, "x4": 1.7110077963815329, "x5": 9.118244913716764e-40, "x6": 3.5942736073204546, "x7": 14.463175723016253, "x8": 1.2812589236923715, "x9": 2.749988712732662}, "datetime": {"datetime": "2025-05-17 12:02:23", "elapsed": 12909.584158, "delta": 26.038037}}
{"target": 5.4131219740716245, "params": {"x0": 0.8, "x1": 0.9, "x2": 3.1799116954839706, "x3": 1.3464797841724953e-39, "x4": 1.7110077963815329, "x5": 3.1120731195963673e-39, "x6": 3.5942736073204546, "x7": 14.463175723016253, "x8": 1.2812589236923715, "x9": 2.749988712732662}, "datetime": {"datetime": "2025-05-17 12:02:54", "elapsed": 12939.841527, "delta": 30.257369}}
{"target": 5.4131219740716245, "params": {"x0": 0.8, "x1": 0.9, "x2": 3.1799116954839706, "x3": 6.278009950283398e-40, "x4": 1.7110077963815329, "x5": 7.3013829352618655e-40, "x6": 3.5942736073204546, "x7": 14.463175723016253, "x8": 1.2812589236923715, "x9": 2.749988712732662}, "datetime": {"datetime": "2025-05-17 12:03:19", "elapsed": 12964.994013, "delta": 25.152486}}
{"target": 5.4131219740716245, "params": {"x0": 0.8, "x1": 0.9, "x2": 3.1799116954839706, "x3": 2.3062392448680403e-39, "x4": 1.7110077963815329, "x5": 1.8531066517396945e-39, "x6": 3.5942736073204546, "x7": 14.463175723016253, "x8": 1.2812589236923715, "x9": 2.749988712732662}, "datetime": {"datetime": "2025-05-17 12:03:43", "elapsed": 12989.301312, "delta": 24.307299}}
{"target": 5.4131219740716245, "params": {"x0": 0.8, "x1": 0.9, "x2": 3.1799116954839706, "x3": 3.279493665781571e-39, "x4": 1.7110077963815329, "x5": 1.9982658122427256e-39, "x6": 3.5942736073204546, "x7": 14.463175723016253, "x8": 1.2812589236923715, "x9": 2.749988712732662}, "datetime": {"datetime": "2025-05-17 12:04:07", "elapsed": 13013.611308, "delta": 24.309996}}
{"target": 5.4131219740716245, "params": {"x0": 0.8, "x1": 0.9, "x2": 3.1799116954839706, "x3": 1.8034135420930734e-39, "x4": 1.7110077963815329, "x5": 1.3066145500059398e-39, "x6": 3.5942736073204546, "x7": 14.463175723016253, "x8": 1.2812589236923715, "x9": 2.749988712732662}, "datetime": {"datetime": "2025-05-17 12:04:30", "elapsed": 13036.146485, "delta": 22.535177}}
{"target": 5.4131219740716245, "params": {"x0": 0.8, "x1": 0.9, "x2": 3.1799116954839706, "x3": 2.8533563547868244e-39, "x4": 1.7110077963815329, "x5": 1.990876361006404e-39, "x6": 3.5942736073204546, "x7": 14.463175723016253, "x8": 1.2812589236923715, "x9": 2.749988712732662}, "datetime": {"datetime": "2025-05-17 12:04:55", "elapsed": 13061.349422, "delta": 25.202937}}
{"target": 5.4131219740716245, "params": {"x0": 0.8, "x1": 0.9, "x2": 3.1799116954839706, "x3": 4.42572306079294e-40, "x4": 1.7110077963815329, "x5": 8.115739349039479e-40, "x6": 3.5942736073204546, "x7": 14.463175723016253, "x8": 1.2812589236923715, "x9": 2.749988712732662}, "datetime": {"datetime": "2025-05-17 12:05:27", "elapsed": 13093.39129, "delta": 32.041868}}
{"target": 5.4131219740716245, "params": {"x0": 0.8, "x1": 0.9, "x2": 3.1799116954839706, "x3": 1.2749409420827506e-39, "x4": 1.7110077963815329, "x5": 1.6165162087256943e-39, "x6": 3.5942736073204546, "x7": 14.463175723016253, "x8": 1.2812589236923715, "x9": 2.749988712732662}, "datetime": {"datetime": "2025-05-17 12:05:54", "elapsed": 13120.126728, "delta": 26.735438}}
{"target": 5.4131219740716245, "params": {"x0": 0.8, "x1": 0.9, "x2": 3.1799116954839706, "x3": 1.0415306413981741e-39, "x4": 1.7110077963815329, "x5": 5.890001056579269e-40, "x6": 3.5942736073204546, "x7": 14.463175723016253, "x8": 1.2812589236923715, "x9": 2.749988712732662}, "datetime": {"datetime": "2025-05-17 12:06:18", "elapsed": 13144.074245, "delta": 23.947517}}
{"target": 5.4131219740716245, "params": {"x0": 0.8, "x1": 0.9, "x2": 3.1799116954839706, "x3": 1.586856864026436e-40, "x4": 1.7110077963815329, "x5": 9.853505698515404e-40, "x6": 3.5942736073204546, "x7": 14.463175723016253, "x8": 1.2812589236923715, "x9": 2.749988712732662}, "datetime": {"datetime": "2025-05-17 12:06:42", "elapsed": 13167.898981, "delta": 23.824736}}
{"target": 5.4131219740716245, "params": {"x0": 0.8, "x1": 0.9, "x2": 3.1799116954839706, "x3": 7.859180778512783e-40, "x4": 1.7110077963815329, "x5": 1.0918334862638782e-39, "x6": 3.5942736073204546, "x7": 14.463175723016253, "x8": 1.2812589236923715, "x9": 2.749988712732662}, "datetime": {"datetime": "2025-05-17 12:07:05", "elapsed": 13191.188699, "delta": 23.289718}}
{"target": 5.4131219740716245, "params": {"x0": 0.8, "x1": 0.9, "x2": 3.1799116954839706, "x3": 6.919475769276335e-40, "x4": 1.7110077963815329, "x5": 8.983960601475776e-40, "x6": 3.5942736073204546, "x7": 14.463175723016253, "x8": 1.2812589236923715, "x9": 2.749988712732662}, "datetime": {"datetime": "2025-05-17 12:07:31", "elapsed": 13217.250333, "delta": 26.061634}}
{"target": 5.4131219740716245, "params": {"x0": 0.8, "x1": 0.9, "x2": 3.1799116954839706, "x3": 8.054595191270002e-40, "x4": 1.7110077963815329, "x5": 2.595252041070229e-40, "x6": 3.5942736073204546, "x7": 14.463175723016253, "x8": 1.2812589236923715, "x9": 2.749988712732662}, "datetime": {"datetime": "2025-05-17 12:07:58", "elapsed": 13244.652325, "delta": 27.401992}}
{"target": 5.4131219740716245, "params": {"x0": 0.8, "x1": 0.9, "x2": 3.1799116954839706, "x3": 3.1863052219745788e-40, "x4": 1.7110077963815329, "x5": 4.194405683277717e-40, "x6": 3.5942736073204546, "x7": 14.463175723016253, "x8": 1.2812589236923715, "x9": 2.749988712732662}, "datetime": {"datetime": "2025-05-17 12:08:21", "elapsed": 13267.467628, "delta": 22.815303}}
{"target": 5.4131219740716245, "params": {"x0": 0.8, "x1": 0.9, "x2": 3.1799116954839706, "x3": 2.8632963778560563e-40, "x4": 1.7110077963815329, "x5": 6.354258172390857e-40, "x6": 3.5942736073204546, "x7": 14.463175723016253, "x8": 1.2812589236923715, "x9": 2.749988712732662}, "datetime": {"datetime": "2025-05-17 12:08:48", "elapsed": 13293.931488, "delta": 26.46386}}
{"target": 5.4131219740716245, "params": {"x0": 0.8, "x1": 0.9, "x2": 3.1799116954839706, "x3": 1.3480037516244683e-40, "x4": 1.7110077963815329, "x5": 1.0089804520884008e-40, "x6": 3.5942736073204546, "x7": 14.463175723016253, "x8": 1.2812589236923715, "x9": 2.749988712732662}, "datetime": {"datetime": "2025-05-17 12:09:15", "elapsed": 13321.584337, "delta": 27.652849}}
{"target": 5.4131219740716245, "params": {"x0": 0.8, "x1": 0.9, "x2": 3.1799116954839706, "x3": 3.74744589191715e-40, "x4": 1.7110077963815329, "x5": 3.854505106760491e-40, "x6": 3.5942736073204546, "x7": 14.463175723016253, "x8": 1.2812589236923715, "x9": 2.749988712732662}, "datetime": {"datetime": "2025-05-17 12:09:50", "elapsed": 13356.36486, "delta": 34.780523}}
{"target": 5.4131219740716245, "params": {"x0": 0.8, "x1": 0.9, "x2": 3.1799116954839706, "x3": 1.0653364780926174e-40, "x4": 1.7110077963815329, "x5": 1.185123724249073e-40, "x6": 3.5942736073204546, "x7": 14.463175723016253, "x8": 1.2812589236923715, "x9": 2.749988712732662}, "datetime": {"datetime": "2025-05-17 12:10:16", "elapsed": 13381.929472, "delta": 25.564612}}
{"target": 5.4131219740716245, "params": {"x0": 0.8, "x1": 0.9, "x2": 3.1799116954839706, "x3": 3.5884736550670745e-40, "x4": 1.7110077963815329, "x5": 3.79025856415339e-40, "x6": 3.5942736073204546, "x7": 14.463175723016253, "x8": 1.2812589236923715, "x9": 2.749988712732662}, "datetime": {"datetime": "2025-05-17 12:10:42", "elapsed": 13408.308498, "delta": 26.379026}}
{"target": 5.4131219740716245, "params": {"x0": 0.8, "x1": 0.9, "x2": 3.1799116954839706, "x3": 2.8715215196300536e-40, "x4": 1.7110077963815329, "x5": 4.028558722742119e-40, "x6": 3.5942736073204546, "x7": 14.463175723016253, "x8": 1.2812589236923715, "x9": 2.749988712732662}, "datetime": {"datetime": "2025-05-17 12:11:05", "elapsed": 13431.344659, "delta": 23.036161}}
{"target": 5.4131219740716245, "params": {"x0": 0.8, "x1": 0.9, "x2": 3.1799116954839706, "x3": 4.930963833889714e-40, "x4": 1.7110077963815329, "x5": 1.6038353966805577e-40, "x6": 3.5942736073204546, "x7": 14.463175723016253, "x8": 1.2812589236923715, "x9": 2.749988712732662}, "datetime": {"datetime": "2025-05-17 12:11:29", "elapsed": 13455.354623, "delta": 24.009964}}
{"target": 5.4131219740716245, "params": {"x0": 0.8, "x1": 0.9, "x2": 3.1799116954839706, "x3": 4.7445631280683315e-40, "x4": 1.7110077963815329, "x5": 3.072099367262507e-41, "x6": 3.5942736073204546, "x7": 14.463175723016253, "x8": 1.2812589236923715, "x9": 2.749988712732662}, "datetime": {"datetime": "2025-05-17 12:11:55", "elapsed": 13480.780085, "delta": 25.425462}}
{"target": 5.4131219740716245, "params": {"x0": 0.8, "x1": 0.9, "x2": 3.1799116954839706, "x3": 2.145032505572025e-40, "x4": 1.7110077963815329, "x5": 8.601117574536102e-41, "x6": 3.5942736073204546, "x7": 14.463175723016253, "x8": 1.2812589236923715, "x9": 2.749988712732662}, "datetime": {"datetime": "2025-05-17 12:12:22", "elapsed": 13508.290533, "delta": 27.510448}}
{"target": 5.4131219740716245, "params": {"x0": 0.8, "x1": 0.9, "x2": 3.1799116954839706, "x3": 1.026006857511874e-42, "x4": 1.7110077963815329, "x5": 2.9864062089356646e-40, "x6": 3.5942736073204546, "x7": 14.463175723016253, "x8": 1.2812589236923715, "x9": 2.749988712732662}, "datetime": {"datetime": "2025-05-17 12:12:47", "elapsed": 13533.506558, "delta": 25.216025}}
{"target": 5.4131219740716245, "params": {"x0": 0.8, "x1": 0.9, "x2": 3.1799116954839706, "x3": 2.549936264938226e-40, "x4": 1.7110077963815329, "x5": 3.443603073839082e-41, "x6": 3.5942736073204546, "x7": 14.463175723016253, "x8": 1.2812589236923715, "x9": 2.749988712732662}, "datetime": {"datetime": "2025-05-17 12:13:16", "elapsed": 13562.687049, "delta": 29.180491}}
{"target": 5.4131219740716245, "params": {"x0": 0.8, "x1": 0.9, "x2": 3.1799116954839706, "x3": 2.408594098028893e-40, "x4": 1.7110077963815329, "x5": 1.4828140524773611e-40, "x6": 3.5942736073204546, "x7": 14.463175723016253, "x8": 1.2812589236923715, "x9": 2.749988712732662}, "datetime": {"datetime": "2025-05-17 12:13:46", "elapsed": 13592.509909, "delta": 29.82286}}
{"target": 5.4131219740716245, "params": {"x0": 0.8, "x1": 0.9, "x2": 3.1799116954839706, "x3": 2.2928928315677824e-40, "x4": 1.7110077963815329, "x5": 8.144697375468305e-41, "x6": 3.5942736073204546, "x7": 14.463175723016253, "x8": 1.2812589236923715, "x9": 2.749988712732662}, "datetime": {"datetime": "2025-05-17 12:14:15", "elapsed": 13621.075552, "delta": 28.565643}}
{"target": 5.4131219740716245, "params": {"x0": 0.8, "x1": 0.9, "x2": 3.1799116954839706, "x3": 1.289896320649405e-40, "x4": 1.7110077963815329, "x5": 4.5643807441028673e-41, "x6": 3.5942736073204546, "x7": 14.463175723016253, "x8": 1.2812589236923715, "x9": 2.749988712732662}, "datetime": {"datetime": "2025-05-17 12:14:43", "elapsed": 13649.093149, "delta": 28.017597}}
{"target": 5.4131219740716245, "params": {"x0": 0.8, "x1": 0.9, "x2": 3.1799116954839706, "x3": 2.1525767090352733e-40, "x4": 1.7110077963815329, "x5": 1.052385306883189e-40, "x6": 3.5942736073204546, "x7": 14.463175723016253, "x8": 1.2812589236923715, "x9": 2.749988712732662}, "datetime": {"datetime": "2025-05-17 12:15:07", "elapsed": 13672.856203, "delta": 23.763054}}
{"target": 5.4131219740716245, "params": {"x0": 0.8, "x1": 0.9, "x2": 3.1799116954839706, "x3": 1.5542284386565872e-40, "x4": 1.7110077963815329, "x5": 2.1174385149526036e-41, "x6": 3.5942736073204546, "x7": 14.463175723016253, "x8": 1.2812589236923715, "x9": 2.749988712732662}, "datetime": {"datetime": "2025-05-17 12:15:30", "elapsed": 13696.458664, "delta": 23.602461}}
{"target": 5.4131219740716245, "params": {"x0": 0.8, "x1": 0.9, "x2": 3.1799116954839706, "x3": 2.650138284257786e-41, "x4": 1.7110077963815329, "x5": 1.2154227191241828e-41, "x6": 3.5942736073204546, "x7": 14.463175723016253, "x8": 1.2812589236923715, "x9": 2.749988712732662}, "datetime": {"datetime": "2025-05-17 12:16:02", "elapsed": 13727.749627, "delta": 31.290963}}
{"target": 5.4131219740716245, "params": {"x0": 0.8, "x1": 0.9, "x2": 3.1799116954839706, "x3": 1.7548317624487282e-40, "x4": 1.7110077963815329, "x5": 6.173444632847165e-42, "x6": 3.5942736073204546, "x7": 14.463175723016253, "x8": 1.2812589236923715, "x9": 2.749988712732662}, "datetime": {"datetime": "2025-05-17 12:16:27", "elapsed": 13753.175144, "delta": 25.425517}}
{"target": 5.4131219740716245, "params": {"x0": 0.8, "x1": 0.9, "x2": 3.1799116954839706, "x3": 2.2391044340620928e-41, "x4": 1.7110077963815329, "x5": 1.1211085341010197e-40, "x6": 3.5942736073204546, "x7": 14.463175723016253, "x8": 1.2812589236923715, "x9": 2.749988712732662}, "datetime": {"datetime": "2025-05-17 12:16:53", "elapsed": 13778.772935, "delta": 25.597791}}
{"target": 5.4131219740716245, "params": {"x0": 0.8, "x1": 0.9, "x2": 3.1799116954839706, "x3": 1.2714932893249277e-40, "x4": 1.7110077963815329, "x5": 1.1719799480430877e-41, "x6": 3.5942736073204546, "x7": 14.463175723016253, "x8": 1.2812589236923715, "x9": 2.749988712732662}, "datetime": {"datetime": "2025-05-17 12:17:16", "elapsed": 13802.330709, "delta": 23.557774}}
{"target": 5.4131219740716245, "params": {"x0": 0.8, "x1": 0.9, "x2": 3.1799116954839706, "x3": 1.2667183346381973e-40, "x4": 1.7110077963815329, "x5": 2.9506544317233157e-41, "x6": 3.5942736073204546, "x7": 14.463175723016253, "x8": 1.2812589236923715, "x9": 2.749988712732662}, "datetime": {"datetime": "2025-05-17 12:17:38", "elapsed": 13824.512088, "delta": 22.181379}}
{"target": 5.4131219740716245, "params": {"x0": 0.8, "x1": 0.9, "x2": 3.1799116954839706, "x3": 4.466205618376167e-41, "x4": 1.7110077963815329, "x5": 6.556860274704286e-42, "x6": 3.5942736073204546, "x7": 14.463175723016253, "x8": 1.2812589236923715, "x9": 2.749988712732662}, "datetime": {"datetime": "2025-05-17 12:18:10", "elapsed": 13855.746052, "delta": 31.233964}}
{"target": 5.4131219740716245, "params": {"x0": 0.8, "x1": 0.9, "x2": 3.1799116954839706, "x3": 4.455759249823803e-41, "x4": 1.7110077963815329, "x5": 3.090240736036008e-42, "x6": 3.5942736073204546, "x7": 14.463175723016253, "x8": 1.2812589236923715, "x9": 2.749988712732662}, "datetime": {"datetime": "2025-05-17 12:18:42", "elapsed": 13888.319918, "delta": 32.573866}}
{"target": 5.4131219740716245, "params": {"x0": 0.8, "x1": 0.9, "x2": 3.1799116954839706, "x3": 4.116170780310268e-41, "x4": 1.7110077963815329, "x5": 3.049566709803086e-41, "x6": 3.5942736073204546, "x7": 14.463175723016253, "x8": 1.2812589236923715, "x9": 2.749988712732662}, "datetime": {"datetime": "2025-05-17 12:19:10", "elapsed": 13916.613792, "delta": 28.293874}}
{"target": 5.4131219740716245, "params": {"x0": 0.8, "x1": 0.9, "x2": 3.1799116954839706, "x3": 5.509087212715467e-41, "x4": 1.7110077963815329, "x5": 9.963674488265733e-42, "x6": 3.5942736073204546, "x7": 14.463175723016253, "x8": 1.2812589236923715, "x9": 2.749988712732662}, "datetime": {"datetime": "2025-05-17 12:19:35", "elapsed": 13940.996703, "delta": 24.382911}}
