{"target": 5.4131219740716245, "params": {"x0": 0.8, "x1": 0.9, "x2": 3.1799116954839706, "x3": 1.0582066613342426e-24, "x4": 1.7110077963815329, "x5": 5.766122617245547e-25, "x6": 3.5942736073204546, "x7": 14.463175723016253, "x8": 1.2812589236923715, "x9": 2.749988712732662}, "datetime": {"datetime": "2025-05-17 10:15:07", "elapsed": 6473.311653, "delta": 15.369049}}
{"target": 5.4131219740716245, "params": {"x0": 0.8, "x1": 0.9, "x2": 3.1799116954839706, "x3": 8.499108896966668e-25, "x4": 1.7110077963815329, "x5": 8.839173654001522e-26, "x6": 3.5942736073204546, "x7": 14.463175723016253, "x8": 1.2812589236923715, "x9": 2.749988712732662}, "datetime": {"datetime": "2025-05-17 10:15:24", "elapsed": 6489.896955, "delta": 16.585302}}
{"target": 5.4131219740716245, "params": {"x0": 0.8, "x1": 0.9, "x2": 3.1799116954839706, "x3": 9.237907481316022e-25, "x4": 1.7110077963815329, "x5": 5.686629676302197e-26, "x6": 3.5942736073204546, "x7": 14.463175723016253, "x8": 1.2812589236923715, "x9": 2.749988712732662}, "datetime": {"datetime": "2025-05-17 10:15:38", "elapsed": 6504.599791, "delta": 14.702836}}
{"target": 5.4131219740716245, "params": {"x0": 0.8, "x1": 0.9, "x2": 3.1799116954839706, "x3": 6.49692302268371e-25, "x4": 1.7110077963815329, "x5": 4.791347375742985e-25, "x6": 3.5942736073204546, "x7": 14.463175723016253, "x8": 1.2812589236923715, "x9": 2.749988712732662}, "datetime": {"datetime": "2025-05-17 10:15:55", "elapsed": 6521.216223, "delta": 16.616432}}
{"target": 5.4131219740716245, "params": {"x0": 0.8, "x1": 0.9, "x2": 3.1799116954839706, "x3": 9.318335763006867e-26, "x4": 1.7110077963815329, "x5": 1.579956592797228e-25, "x6": 3.5942736073204546, "x7": 14.463175723016253, "x8": 1.2812589236923715, "x9": 2.749988712732662}, "datetime": {"datetime": "2025-05-17 10:16:14", "elapsed": 6539.839619, "delta": 18.623396}}
{"target": 5.4131219740716245, "params": {"x0": 0.8, "x1": 0.9, "x2": 3.1799116954839706, "x3": 1.554148108334312e-25, "x4": 1.7110077963815329, "x5": 3.144171402597577e-25, "x6": 3.5942736073204546, "x7": 14.463175723016253, "x8": 1.2812589236923715, "x9": 2.749988712732662}, "datetime": {"datetime": "2025-05-17 10:16:29", "elapsed": 6554.940767, "delta": 15.101148}}
{"target": 5.4131219740716245, "params": {"x0": 0.8, "x1": 0.9, "x2": 3.1799116954839706, "x3": 6.020134399031911e-25, "x4": 1.7110077963815329, "x5": 2.0021134150484294e-25, "x6": 3.5942736073204546, "x7": 14.463175723016253, "x8": 1.2812589236923715, "x9": 2.749988712732662}, "datetime": {"datetime": "2025-05-17 10:16:44", "elapsed": 6570.02449, "delta": 15.083723}}
{"target": 5.4131219740716245, "params": {"x0": 0.8, "x1": 0.9, "x2": 3.1799116954839706, "x3": 4.670670894922345e-25, "x4": 1.7110077963815329, "x5": 3.1110747612624044e-25, "x6": 3.5942736073204546, "x7": 14.463175723016253, "x8": 1.2812589236923715, "x9": 2.749988712732662}, "datetime": {"datetime": "2025-05-17 10:17:01", "elapsed": 6586.86488, "delta": 16.84039}}
{"target": 5.4131219740716245, "params": {"x0": 0.8, "x1": 0.9, "x2": 3.1799116954839706, "x3": 2.537363509532432e-25, "x4": 1.7110077963815329, "x5": 2.8640029838807042e-25, "x6": 3.5942736073204546, "x7": 14.463175723016253, "x8": 1.2812589236923715, "x9": 2.749988712732662}, "datetime": {"datetime": "2025-05-17 10:17:16", "elapsed": 6602.186181, "delta": 15.321301}}
{"target": 5.4131219740716245, "params": {"x0": 0.8, "x1": 0.9, "x2": 3.1799116954839706, "x3": 3.6757095232884054e-25, "x4": 1.7110077963815329, "x5": 2.416609700808861e-25, "x6": 3.5942736073204546, "x7": 14.463175723016253, "x8": 1.2812589236923715, "x9": 2.749988712732662}, "datetime": {"datetime": "2025-05-17 10:17:31", "elapsed": 6617.319145, "delta": 15.132964}}
{"target": 5.4131219740716245, "params": {"x0": 0.8, "x1": 0.9, "x2": 3.1799116954839706, "x3": 7.746308200936168e-26, "x4": 1.7110077963815329, "x5": 2.698494083289376e-25, "x6": 3.5942736073204546, "x7": 14.463175723016253, "x8": 1.2812589236923715, "x9": 2.749988712732662}, "datetime": {"datetime": "2025-05-17 10:17:45", "elapsed": 6631.568776, "delta": 14.249631}}
{"target": 5.4131219740716245, "params": {"x0": 0.8, "x1": 0.9, "x2": 3.1799116954839706, "x3": 5.95037504767378e-26, "x4": 1.7110077963815329, "x5": 2.210216799651156e-25, "x6": 3.5942736073204546, "x7": 14.463175723016253, "x8": 1.2812589236923715, "x9": 2.749988712732662}, "datetime": {"datetime": "2025-05-17 10:18:01", "elapsed": 6647.15756, "delta": 15.588784}}
{"target": 5.4131219740716245, "params": {"x0": 0.8, "x1": 0.9, "x2": 3.1799116954839706, "x3": 7.19964522091647e-27, "x4": 1.7110077963815329, "x5": 2.0570379397087952e-25, "x6": 3.5942736073204546, "x7": 14.463175723016253, "x8": 1.2812589236923715, "x9": 2.749988712732662}, "datetime": {"datetime": "2025-05-17 10:18:16", "elapsed": 6662.665916, "delta": 15.508356}}
{"target": 5.4131219740716245, "params": {"x0": 0.8, "x1": 0.9, "x2": 3.1799116954839706, "x3": 2.87850680268504e-25, "x4": 1.7110077963815329, "x5": 1.726582761203444e-25, "x6": 3.5942736073204546, "x7": 14.463175723016253, "x8": 1.2812589236923715, "x9": 2.749988712732662}, "datetime": {"datetime": "2025-05-17 10:18:34", "elapsed": 6680.615662, "delta": 17.949746}}
{"target": 5.4131219740716245, "params": {"x0": 0.8, "x1": 0.9, "x2": 3.1799116954839706, "x3": 3.742823045666285e-26, "x4": 1.7110077963815329, "x5": 1.5047040149068786e-25, "x6": 3.5942736073204546, "x7": 14.463175723016253, "x8": 1.2812589236923715, "x9": 2.749988712732662}, "datetime": {"datetime": "2025-05-17 10:18:51", "elapsed": 6697.026745, "delta": 16.411083}}
{"target": 5.4131219740716245, "params": {"x0": 0.8, "x1": 0.9, "x2": 3.1799116954839706, "x3": 2.3069328312020755e-25, "x4": 1.7110077963815329, "x5": 5.444205415209334e-26, "x6": 3.5942736073204546, "x7": 14.463175723016253, "x8": 1.2812589236923715, "x9": 2.749988712732662}, "datetime": {"datetime": "2025-05-17 10:19:09", "elapsed": 6715.277233, "delta": 18.250488}}
{"target": 5.4131219740716245, "params": {"x0": 0.8, "x1": 0.9, "x2": 3.1799116954839706, "x3": 8.825281987176358e-26, "x4": 1.7110077963815329, "x5": 1.0302076707596169e-25, "x6": 3.5942736073204546, "x7": 14.463175723016253, "x8": 1.2812589236923715, "x9": 2.749988712732662}, "datetime": {"datetime": "2025-05-17 10:19:23", "elapsed": 6729.038734, "delta": 13.761501}}
{"target": 5.4131219740716245, "params": {"x0": 0.8, "x1": 0.9, "x2": 3.1799116954839706, "x3": 2.0264599166738947e-25, "x4": 1.7110077963815329, "x5": 1.2839894332303517e-25, "x6": 3.5942736073204546, "x7": 14.463175723016253, "x8": 1.2812589236923715, "x9": 2.749988712732662}, "datetime": {"datetime": "2025-05-17 10:19:39", "elapsed": 6744.99647, "delta": 15.957736}}
{"target": 5.4131219740716245, "params": {"x0": 0.8, "x1": 0.9, "x2": 3.1799116954839706, "x3": 1.8569842740428358e-25, "x4": 1.7110077963815329, "x5": 1.1658387030649273e-25, "x6": 3.5942736073204546, "x7": 14.463175723016253, "x8": 1.2812589236923715, "x9": 2.749988712732662}, "datetime": {"datetime": "2025-05-17 10:19:54", "elapsed": 6760.244443, "delta": 15.247973}}
{"target": 5.4131219740716245, "params": {"x0": 0.8, "x1": 0.9, "x2": 3.1799116954839706, "x3": 2.4018304251649626e-26, "x4": 1.7110077963815329, "x5": 1.1448788576382095e-25, "x6": 3.5942736073204546, "x7": 14.463175723016253, "x8": 1.2812589236923715, "x9": 2.749988712732662}, "datetime": {"datetime": "2025-05-17 10:20:10", "elapsed": 6776.011666, "delta": 15.767223}}
{"target": 5.4131219740716245, "params": {"x0": 0.8, "x1": 0.9, "x2": 3.1799116954839706, "x3": 3.379286388409115e-26, "x4": 1.7110077963815329, "x5": 7.810699074283923e-26, "x6": 3.5942736073204546, "x7": 14.463175723016253, "x8": 1.2812589236923715, "x9": 2.749988712732662}, "datetime": {"datetime": "2025-05-17 10:20:26", "elapsed": 6792.090769, "delta": 16.079103}}
{"target": 5.4131219740716245, "params": {"x0": 0.8, "x1": 0.9, "x2": 3.1799116954839706, "x3": 3.0734511281153757e-26, "x4": 1.7110077963815329, "x5": 1.889373785147199e-26, "x6": 3.5942736073204546, "x7": 14.463175723016253, "x8": 1.2812589236923715, "x9": 2.749988712732662}, "datetime": {"datetime": "2025-05-17 10:20:40", "elapsed": 6806.334335, "delta": 14.243566}}
{"target": 5.4131219740716245, "params": {"x0": 0.8, "x1": 0.9, "x2": 3.1799116954839706, "x3": 9.816793902406542e-26, "x4": 1.7110077963815329, "x5": 3.993847318322872e-26, "x6": 3.5942736073204546, "x7": 14.463175723016253, "x8": 1.2812589236923715, "x9": 2.749988712732662}, "datetime": {"datetime": "2025-05-17 10:20:55", "elapsed": 6821.371211, "delta": 15.036876}}
{"target": 5.4131219740716245, "params": {"x0": 0.8, "x1": 0.9, "x2": 3.1799116954839706, "x3": 9.318167090434849e-26, "x4": 1.7110077963815329, "x5": 1.0153741702021068e-26, "x6": 3.5942736073204546, "x7": 14.463175723016253, "x8": 1.2812589236923715, "x9": 2.749988712732662}, "datetime": {"datetime": "2025-05-17 10:21:12", "elapsed": 6837.775151, "delta": 16.40394}}
{"target": 5.4131219740716245, "params": {"x0": 0.8, "x1": 0.9, "x2": 3.1799116954839706, "x3": 1.5937515859803965e-26, "x4": 1.7110077963815329, "x5": 6.061981281231039e-27, "x6": 3.5942736073204546, "x7": 14.463175723016253, "x8": 1.2812589236923715, "x9": 2.749988712732662}, "datetime": {"datetime": "2025-05-17 10:21:27", "elapsed": 6853.001371, "delta": 15.22622}}
{"target": 5.4131219740716245, "params": {"x0": 0.8, "x1": 0.9, "x2": 3.1799116954839706, "x3": 2.7333956515735214e-26, "x4": 1.7110077963815329, "x5": 1.2017687478989293e-26, "x6": 3.5942736073204546, "x7": 14.463175723016253, "x8": 1.2812589236923715, "x9": 2.749988712732662}, "datetime": {"datetime": "2025-05-17 10:21:42", "elapsed": 6867.758114, "delta": 14.756743}}
{"target": 5.4131219740716245, "params": {"x0": 0.8, "x1": 0.9, "x2": 3.1799116954839706, "x3": 7.895053204502033e-26, "x4": 1.7110077963815329, "x5": 4.2963660412501626e-26, "x6": 3.5942736073204546, "x7": 14.463175723016253, "x8": 1.2812589236923715, "x9": 2.749988712732662}, "datetime": {"datetime": "2025-05-17 10:21:59", "elapsed": 6885.134088, "delta": 17.375974}}
{"target": 5.4131219740716245, "params": {"x0": 0.8, "x1": 0.9, "x2": 3.1799116954839706, "x3": 5.624382580886332e-26, "x4": 1.7110077963815329, "x5": 3.132478960923192e-27, "x6": 3.5942736073204546, "x7": 14.463175723016253, "x8": 1.2812589236923715, "x9": 2.749988712732662}, "datetime": {"datetime": "2025-05-17 10:22:15", "elapsed": 6900.939805, "delta": 15.805717}}
{"target": 5.4131219740716245, "params": {"x0": 0.8, "x1": 0.9, "x2": 3.1799116954839706, "x3": 2.2521287620353846e-26, "x4": 1.7110077963815329, "x5": 2.9736833672533025e-26, "x6": 3.5942736073204546, "x7": 14.463175723016253, "x8": 1.2812589236923715, "x9": 2.749988712732662}, "datetime": {"datetime": "2025-05-17 10:22:31", "elapsed": 6917.254096, "delta": 16.314291}}
{"target": 5.4131219740716245, "params": {"x0": 0.8, "x1": 0.9, "x2": 3.1799116954839706, "x3": 2.8295814568926453e-26, "x4": 1.7110077963815329, "x5": 1.6671460659032256e-26, "x6": 3.5942736073204546, "x7": 14.463175723016253, "x8": 1.2812589236923715, "x9": 2.749988712732662}, "datetime": {"datetime": "2025-05-17 10:22:51", "elapsed": 6936.83527, "delta": 19.581174}}
{"target": 5.4131219740716245, "params": {"x0": 0.8, "x1": 0.9, "x2": 3.1799116954839706, "x3": 2.2697235468383817e-26, "x4": 1.7110077963815329, "x5": 5.914699022322925e-27, "x6": 3.5942736073204546, "x7": 14.463175723016253, "x8": 1.2812589236923715, "x9": 2.749988712732662}, "datetime": {"datetime": "2025-05-17 10:23:05", "elapsed": 6951.62417, "delta": 14.7889}}
{"target": 5.4131219740716245, "params": {"x0": 0.8, "x1": 0.9, "x2": 3.1799116954839706, "x3": 2.9644295288259734e-26, "x4": 1.7110077963815329, "x5": 2.3950871849661965e-26, "x6": 3.5942736073204546, "x7": 14.463175723016253, "x8": 1.2812589236923715, "x9": 2.749988712732662}, "datetime": {"datetime": "2025-05-17 10:23:22", "elapsed": 6968.065161, "delta": 16.440991}}
{"target": 5.4131219740716245, "params": {"x0": 0.8, "x1": 0.9, "x2": 3.1799116954839706, "x3": 1.1027413469257323e-26, "x4": 1.7110077963815329, "x5": 4.22388703257133e-27, "x6": 3.5942736073204546, "x7": 14.463175723016253, "x8": 1.2812589236923715, "x9": 2.749988712732662}, "datetime": {"datetime": "2025-05-17 10:23:37", "elapsed": 6982.767627, "delta": 14.702466}}
{"target": 5.4131219740716245, "params": {"x0": 0.8, "x1": 0.9, "x2": 3.1799116954839706, "x3": 1.3658280361590725e-26, "x4": 1.7110077963815329, "x5": 2.4083520343583872e-26, "x6": 3.5942736073204546, "x7": 14.463175723016253, "x8": 1.2812589236923715, "x9": 2.749988712732662}, "datetime": {"datetime": "2025-05-17 10:23:56", "elapsed": 7001.841255, "delta": 19.073628}}
{"target": 5.4131219740716245, "params": {"x0": 0.8, "x1": 0.9, "x2": 3.1799116954839706, "x3": 1.1244136295581397e-26, "x4": 1.7110077963815329, "x5": 2.116257721026542e-26, "x6": 3.5942736073204546, "x7": 14.463175723016253, "x8": 1.2812589236923715, "x9": 2.749988712732662}, "datetime": {"datetime": "2025-05-17 10:24:10", "elapsed": 7016.231955, "delta": 14.3907}}
{"target": 5.4131219740716245, "params": {"x0": 0.8, "x1": 0.9, "x2": 3.1799116954839706, "x3": 1.9818039973095315e-26, "x4": 1.7110077963815329, "x5": 1.739794001209052e-26, "x6": 3.5942736073204546, "x7": 14.463175723016253, "x8": 1.2812589236923715, "x9": 2.749988712732662}, "datetime": {"datetime": "2025-05-17 10:24:27", "elapsed": 7033.120283, "delta": 16.888328}}
{"target": 5.4131219740716245, "params": {"x0": 0.8, "x1": 0.9, "x2": 3.1799116954839706, "x3": 2.0297646826971886e-26, "x4": 1.7110077963815329, "x5": 1.2652714808175491e-26, "x6": 3.5942736073204546, "x7": 14.463175723016253, "x8": 1.2812589236923715, "x9": 2.749988712732662}, "datetime": {"datetime": "2025-05-17 10:24:43", "elapsed": 7048.781084, "delta": 15.660801}}
{"target": 5.4131219740716245, "params": {"x0": 0.8, "x1": 0.9, "x2": 3.1799116954839706, "x3": 1.0897613289305879e-26, "x4": 1.7110077963815329, "x5": 9.36664151351341e-27, "x6": 3.5942736073204546, "x7": 14.463175723016253, "x8": 1.2812589236923715, "x9": 2.749988712732662}, "datetime": {"datetime": "2025-05-17 10:25:00", "elapsed": 7065.797938, "delta": 17.016854}}
{"target": 5.4131219740716245, "params": {"x0": 0.8, "x1": 0.9, "x2": 3.1799116954839706, "x3": 1.6729842020748325e-26, "x4": 1.7110077963815329, "x5": 4.627987568545576e-27, "x6": 3.5942736073204546, "x7": 14.463175723016253, "x8": 1.2812589236923715, "x9": 2.749988712732662}, "datetime": {"datetime": "2025-05-17 10:25:17", "elapsed": 7083.151935, "delta": 17.353997}}
{"target": 5.4131219740716245, "params": {"x0": 0.8, "x1": 0.9, "x2": 3.1799116954839706, "x3": 1.1827074892649639e-26, "x4": 1.7110077963815329, "x5": 3.1092802355292457e-27, "x6": 3.5942736073204546, "x7": 14.463175723016253, "x8": 1.2812589236923715, "x9": 2.749988712732662}, "datetime": {"datetime": "2025-05-17 10:25:34", "elapsed": 7100.03036, "delta": 16.878425}}
{"target": 5.4131219740716245, "params": {"x0": 0.8, "x1": 0.9, "x2": 3.1799116954839706, "x3": 2.802252368422186e-27, "x4": 1.7110077963815329, "x5": 6.774253264205284e-27, "x6": 3.5942736073204546, "x7": 14.463175723016253, "x8": 1.2812589236923715, "x9": 2.749988712732662}, "datetime": {"datetime": "2025-05-17 10:25:48", "elapsed": 7114.658336, "delta": 14.627976}}
{"target": 5.4131219740716245, "params": {"x0": 0.8, "x1": 0.9, "x2": 3.1799116954839706, "x3": 5.624730043944576e-28, "x4": 1.7110077963815329, "x5": 2.914762128863182e-28, "x6": 3.5942736073204546, "x7": 14.463175723016253, "x8": 1.2812589236923715, "x9": 2.749988712732662}, "datetime": {"datetime": "2025-05-17 10:26:04", "elapsed": 7130.308121, "delta": 15.649785}}
{"target": 5.4131219740716245, "params": {"x0": 0.8, "x1": 0.9, "x2": 3.1799116954839706, "x3": 1.3396115838812727e-26, "x4": 1.7110077963815329, "x5": 3.9420994649659416e-27, "x6": 3.5942736073204546, "x7": 14.463175723016253, "x8": 1.2812589236923715, "x9": 2.749988712732662}, "datetime": {"datetime": "2025-05-17 10:26:20", "elapsed": 7146.236252, "delta": 15.928131}}
{"target": 5.4131219740716245, "params": {"x0": 0.8, "x1": 0.9, "x2": 3.1799116954839706, "x3": 1.1382945663550132e-26, "x4": 1.7110077963815329, "x5": 7.127840538048631e-27, "x6": 3.5942736073204546, "x7": 14.463175723016253, "x8": 1.2812589236923715, "x9": 2.749988712732662}, "datetime": {"datetime": "2025-05-17 10:26:35", "elapsed": 7161.336887, "delta": 15.100635}}
{"target": 5.4131219740716245, "params": {"x0": 0.8, "x1": 0.9, "x2": 3.1799116954839706, "x3": 2.7874452591373967e-27, "x4": 1.7110077963815329, "x5": 1.9459125775813784e-27, "x6": 3.5942736073204546, "x7": 14.463175723016253, "x8": 1.2812589236923715, "x9": 2.749988712732662}, "datetime": {"datetime": "2025-05-17 10:26:54", "elapsed": 7180.612487, "delta": 19.2756}}
{"target": 5.4131219740716245, "params": {"x0": 0.8, "x1": 0.9, "x2": 3.1799116954839706, "x3": 1.0794538901446402e-26, "x4": 1.7110077963815329, "x5": 2.705982014728185e-27, "x6": 3.5942736073204546, "x7": 14.463175723016253, "x8": 1.2812589236923715, "x9": 2.749988712732662}, "datetime": {"datetime": "2025-05-17 10:27:12", "elapsed": 7197.781274, "delta": 17.168787}}
{"target": 5.4131219740716245, "params": {"x0": 0.8, "x1": 0.9, "x2": 3.1799116954839706, "x3": 3.1445234090414124e-27, "x4": 1.7110077963815329, "x5": 1.8259124896066713e-27, "x6": 3.5942736073204546, "x7": 14.463175723016253, "x8": 1.2812589236923715, "x9": 2.749988712732662}, "datetime": {"datetime": "2025-05-17 10:27:30", "elapsed": 7216.109415, "delta": 18.328141}}
{"target": 5.4131219740716245, "params": {"x0": 0.8, "x1": 0.9, "x2": 3.1799116954839706, "x3": 6.668853672689307e-27, "x4": 1.7110077963815329, "x5": 9.57882327989772e-28, "x6": 3.5942736073204546, "x7": 14.463175723016253, "x8": 1.2812589236923715, "x9": 2.749988712732662}, "datetime": {"datetime": "2025-05-17 10:27:46", "elapsed": 7232.147475, "delta": 16.03806}}
{"target": 5.4131219740716245, "params": {"x0": 0.8, "x1": 0.9, "x2": 3.1799116954839706, "x3": 5.7293030314720364e-27, "x4": 1.7110077963815329, "x5": 4.982918731206646e-27, "x6": 3.5942736073204546, "x7": 14.463175723016253, "x8": 1.2812589236923715, "x9": 2.749988712732662}, "datetime": {"datetime": "2025-05-17 10:28:02", "elapsed": 7248.491639, "delta": 16.344164}}
{"target": 5.4131219740716245, "params": {"x0": 0.8, "x1": 0.9, "x2": 3.1799116954839706, "x3": 6.820851285758386e-27, "x4": 1.7110077963815329, "x5": 3.232444835645551e-27, "x6": 3.5942736073204546, "x7": 14.463175723016253, "x8": 1.2812589236923715, "x9": 2.749988712732662}, "datetime": {"datetime": "2025-05-17 10:28:22", "elapsed": 7268.112108, "delta": 19.620469}}
{"target": 5.4131219740716245, "params": {"x0": 0.8, "x1": 0.9, "x2": 3.1799116954839706, "x3": 1.9715799537443315e-27, "x4": 1.7110077963815329, "x5": 4.16883471880029e-27, "x6": 3.5942736073204546, "x7": 14.463175723016253, "x8": 1.2812589236923715, "x9": 2.749988712732662}, "datetime": {"datetime": "2025-05-17 10:28:39", "elapsed": 7285.536099, "delta": 17.423991}}
{"target": 5.4131219740716245, "params": {"x0": 0.8, "x1": 0.9, "x2": 3.1799116954839706, "x3": 3.3624810873023095e-27, "x4": 1.7110077963815329, "x5": 7.3195145822157685e-28, "x6": 3.5942736073204546, "x7": 14.463175723016253, "x8": 1.2812589236923715, "x9": 2.749988712732662}, "datetime": {"datetime": "2025-05-17 10:28:58", "elapsed": 7304.496482, "delta": 18.960383}}
{"target": 5.4131219740716245, "params": {"x0": 0.8, "x1": 0.9, "x2": 3.1799116954839706, "x3": 4.950946043448353e-27, "x4": 1.7110077963815329, "x5": 1.7116459093136474e-27, "x6": 3.5942736073204546, "x7": 14.463175723016253, "x8": 1.2812589236923715, "x9": 2.749988712732662}, "datetime": {"datetime": "2025-05-17 10:29:13", "elapsed": 7319.456151, "delta": 14.959669}}
{"target": 5.4131219740716245, "params": {"x0": 0.8, "x1": 0.9, "x2": 3.1799116954839706, "x3": 3.2056119095295813e-27, "x4": 1.7110077963815329, "x5": 1.3218895216988344e-27, "x6": 3.5942736073204546, "x7": 14.463175723016253, "x8": 1.2812589236923715, "x9": 2.749988712732662}, "datetime": {"datetime": "2025-05-17 10:29:30", "elapsed": 7336.083184, "delta": 16.627033}}
{"target": 5.4131219740716245, "params": {"x0": 0.8, "x1": 0.9, "x2": 3.1799116954839706, "x3": 1.910757804124288e-27, "x4": 1.7110077963815329, "x5": 2.7319206013498704e-27, "x6": 3.5942736073204546, "x7": 14.463175723016253, "x8": 1.2812589236923715, "x9": 2.749988712732662}, "datetime": {"datetime": "2025-05-17 10:29:48", "elapsed": 7353.875678, "delta": 17.792494}}
{"target": 5.4131219740716245, "params": {"x0": 0.8, "x1": 0.9, "x2": 3.1799116954839706, "x3": 8.625360471492859e-28, "x4": 1.7110077963815329, "x5": 2.0587056508873053e-27, "x6": 3.5942736073204546, "x7": 14.463175723016253, "x8": 1.2812589236923715, "x9": 2.749988712732662}, "datetime": {"datetime": "2025-05-17 10:30:06", "elapsed": 7372.158079, "delta": 18.282401}}
{"target": 5.4131219740716245, "params": {"x0": 0.8, "x1": 0.9, "x2": 3.1799116954839706, "x3": 6.785960028888908e-28, "x4": 1.7110077963815329, "x5": 1.5789080695043824e-27, "x6": 3.5942736073204546, "x7": 14.463175723016253, "x8": 1.2812589236923715, "x9": 2.749988712732662}, "datetime": {"datetime": "2025-05-17 10:30:24", "elapsed": 7390.251993, "delta": 18.093914}}
{"target": 5.4131219740716245, "params": {"x0": 0.8, "x1": 0.9, "x2": 3.1799116954839706, "x3": 2.134497888164145e-27, "x4": 1.7110077963815329, "x5": 2.079922593972449e-27, "x6": 3.5942736073204546, "x7": 14.463175723016253, "x8": 1.2812589236923715, "x9": 2.749988712732662}, "datetime": {"datetime": "2025-05-17 10:30:41", "elapsed": 7406.745295, "delta": 16.493302}}
{"target": 5.4131219740716245, "params": {"x0": 0.8, "x1": 0.9, "x2": 3.1799116954839706, "x3": 1.8805321193062988e-27, "x4": 1.7110077963815329, "x5": 1.1761820383618552e-27, "x6": 3.5942736073204546, "x7": 14.463175723016253, "x8": 1.2812589236923715, "x9": 2.749988712732662}, "datetime": {"datetime": "2025-05-17 10:30:58", "elapsed": 7423.874422, "delta": 17.129127}}
