{"target": 5.4131219740716245, "params": {"x0": 0.8, "x1": 0.9, "x2": 3.1799116954839706, "x3": 1.9760835936253744e-22, "x4": 1.7110077963815329, "x5": 9.727229533090381e-23, "x6": 3.5942736073204546, "x7": 14.463175723016253, "x8": 1.2812589236923715, "x9": 2.749988712732662}, "datetime": {"datetime": "2025-05-17 10:00:43", "elapsed": 5608.834515, "delta": 12.772784}}
{"target": 5.4131219740716245, "params": {"x0": 0.8, "x1": 0.9, "x2": 3.1799116954839706, "x3": 1.7678863694508778e-22, "x4": 1.7110077963815329, "x5": 1.931493256111425e-23, "x6": 3.5942736073204546, "x7": 14.463175723016253, "x8": 1.2812589236923715, "x9": 2.749988712732662}, "datetime": {"datetime": "2025-05-17 10:00:56", "elapsed": 5621.889819, "delta": 13.055304}}
{"target": 5.4131219740716245, "params": {"x0": 0.8, "x1": 0.9, "x2": 3.1799116954839706, "x3": 3.121955975548096e-23, "x4": 1.7110077963815329, "x5": 1.5087226430021414e-22, "x6": 3.5942736073204546, "x7": 14.463175723016253, "x8": 1.2812589236923715, "x9": 2.749988712732662}, "datetime": {"datetime": "2025-05-17 10:01:09", "elapsed": 5635.560882, "delta": 13.671063}}
{"target": 5.4131219740716245, "params": {"x0": 0.8, "x1": 0.9, "x2": 3.1799116954839706, "x3": 2.993174738645661e-22, "x4": 1.7110077963815329, "x5": 1.510099109086956e-22, "x6": 3.5942736073204546, "x7": 14.463175723016253, "x8": 1.2812589236923715, "x9": 2.749988712732662}, "datetime": {"datetime": "2025-05-17 10:01:22", "elapsed": 5648.620696, "delta": 13.059814}}
{"target": 5.4131219740716245, "params": {"x0": 0.8, "x1": 0.9, "x2": 3.1799116954839706, "x3": 1.4101220406855043e-22, "x4": 1.7110077963815329, "x5": 1.1718968275071893e-22, "x6": 3.5942736073204546, "x7": 14.463175723016253, "x8": 1.2812589236923715, "x9": 2.749988712732662}, "datetime": {"datetime": "2025-05-17 10:01:35", "elapsed": 5661.075203, "delta": 12.454507}}
{"target": 5.4131219740716245, "params": {"x0": 0.8, "x1": 0.9, "x2": 3.1799116954839706, "x3": 3.3502573089440813e-22, "x4": 1.7110077963815329, "x5": 2.4715163782708173e-23, "x6": 3.5942736073204546, "x7": 14.463175723016253, "x8": 1.2812589236923715, "x9": 2.749988712732662}, "datetime": {"datetime": "2025-05-17 10:01:49", "elapsed": 5675.174686, "delta": 14.099483}}
{"target": 5.4131219740716245, "params": {"x0": 0.8, "x1": 0.9, "x2": 3.1799116954839706, "x3": 2.664221878010231e-22, "x4": 1.7110077963815329, "x5": 1.8263797999349398e-22, "x6": 3.5942736073204546, "x7": 14.463175723016253, "x8": 1.2812589236923715, "x9": 2.749988712732662}, "datetime": {"datetime": "2025-05-17 10:02:04", "elapsed": 5690.051478, "delta": 14.876792}}
{"target": 5.4131219740716245, "params": {"x0": 0.8, "x1": 0.9, "x2": 3.1799116954839706, "x3": 1.719224330875161e-22, "x4": 1.7110077963815329, "x5": 1.7223241517474645e-22, "x6": 3.5942736073204546, "x7": 14.463175723016253, "x8": 1.2812589236923715, "x9": 2.749988712732662}, "datetime": {"datetime": "2025-05-17 10:02:18", "elapsed": 5704.45731, "delta": 14.405832}}
{"target": 5.4131219740716245, "params": {"x0": 0.8, "x1": 0.9, "x2": 3.1799116954839706, "x3": 4.947245438897312e-23, "x4": 1.7110077963815329, "x5": 1.7190120515652681e-22, "x6": 3.5942736073204546, "x7": 14.463175723016253, "x8": 1.2812589236923715, "x9": 2.749988712732662}, "datetime": {"datetime": "2025-05-17 10:02:32", "elapsed": 5717.96458, "delta": 13.50727}}
{"target": 5.4131219740716245, "params": {"x0": 0.8, "x1": 0.9, "x2": 3.1799116954839706, "x3": 1.6668206531412768e-22, "x4": 1.7110077963815329, "x5": 9.805415581098187e-23, "x6": 3.5942736073204546, "x7": 14.463175723016253, "x8": 1.2812589236923715, "x9": 2.749988712732662}, "datetime": {"datetime": "2025-05-17 10:02:45", "elapsed": 5731.046708, "delta": 13.082128}}
{"target": 5.4131219740716245, "params": {"x0": 0.8, "x1": 0.9, "x2": 3.1799116954839706, "x3": 2.348355394723024e-23, "x4": 1.7110077963815329, "x5": 1.7758732196317947e-23, "x6": 3.5942736073204546, "x7": 14.463175723016253, "x8": 1.2812589236923715, "x9": 2.749988712732662}, "datetime": {"datetime": "2025-05-17 10:02:58", "elapsed": 5744.709964, "delta": 13.663256}}
{"target": 5.4131219740716245, "params": {"x0": 0.8, "x1": 0.9, "x2": 3.1799116954839706, "x3": 1.6152392212184127e-22, "x4": 1.7110077963815329, "x5": 6.109266793082426e-23, "x6": 3.5942736073204546, "x7": 14.463175723016253, "x8": 1.2812589236923715, "x9": 2.749988712732662}, "datetime": {"datetime": "2025-05-17 10:03:13", "elapsed": 5759.343953, "delta": 14.633989}}
{"target": 5.4131219740716245, "params": {"x0": 0.8, "x1": 0.9, "x2": 3.1799116954839706, "x3": 1.5560740227519452e-22, "x4": 1.7110077963815329, "x5": 9.645781756111098e-23, "x6": 3.5942736073204546, "x7": 14.463175723016253, "x8": 1.2812589236923715, "x9": 2.749988712732662}, "datetime": {"datetime": "2025-05-17 10:03:27", "elapsed": 5773.536044, "delta": 14.192091}}
{"target": 5.4131219740716245, "params": {"x0": 0.8, "x1": 0.9, "x2": 3.1799116954839706, "x3": 1.4400520405380777e-22, "x4": 1.7110077963815329, "x5": 7.717093347023525e-23, "x6": 3.5942736073204546, "x7": 14.463175723016253, "x8": 1.2812589236923715, "x9": 2.749988712732662}, "datetime": {"datetime": "2025-05-17 10:03:42", "elapsed": 5787.808473, "delta": 14.272429}}
{"target": 5.4131219740716245, "params": {"x0": 0.8, "x1": 0.9, "x2": 3.1799116954839706, "x3": 9.422327924340158e-23, "x4": 1.7110077963815329, "x5": 4.770483831832558e-23, "x6": 3.5942736073204546, "x7": 14.463175723016253, "x8": 1.2812589236923715, "x9": 2.749988712732662}, "datetime": {"datetime": "2025-05-17 10:03:57", "elapsed": 5802.789586, "delta": 14.981113}}
{"target": 5.4131219740716245, "params": {"x0": 0.8, "x1": 0.9, "x2": 3.1799116954839706, "x3": 2.5250554232690243e-23, "x4": 1.7110077963815329, "x5": 4.2104611316909064e-23, "x6": 3.5942736073204546, "x7": 14.463175723016253, "x8": 1.2812589236923715, "x9": 2.749988712732662}, "datetime": {"datetime": "2025-05-17 10:04:14", "elapsed": 5820.04265, "delta": 17.253064}}
{"target": 5.4131219740716245, "params": {"x0": 0.8, "x1": 0.9, "x2": 3.1799116954839706, "x3": 8.322595651844375e-23, "x4": 1.7110077963815329, "x5": 4.4725213571997406e-23, "x6": 3.5942736073204546, "x7": 14.463175723016253, "x8": 1.2812589236923715, "x9": 2.749988712732662}, "datetime": {"datetime": "2025-05-17 10:04:29", "elapsed": 5835.118436, "delta": 15.075786}}
{"target": 5.4131219740716245, "params": {"x0": 0.8, "x1": 0.9, "x2": 3.1799116954839706, "x3": 1.6344408611197045e-23, "x4": 1.7110077963815329, "x5": 2.4050293764433513e-23, "x6": 3.5942736073204546, "x7": 14.463175723016253, "x8": 1.2812589236923715, "x9": 2.749988712732662}, "datetime": {"datetime": "2025-05-17 10:04:43", "elapsed": 5848.738794, "delta": 13.620358}}
{"target": 5.4131219740716245, "params": {"x0": 0.8, "x1": 0.9, "x2": 3.1799116954839706, "x3": 8.420120874320883e-23, "x4": 1.7110077963815329, "x5": 4.432127769805336e-23, "x6": 3.5942736073204546, "x7": 14.463175723016253, "x8": 1.2812589236923715, "x9": 2.749988712732662}, "datetime": {"datetime": "2025-05-17 10:04:57", "elapsed": 5863.721677, "delta": 14.982883}}
{"target": 5.4131219740716245, "params": {"x0": 0.8, "x1": 0.9, "x2": 3.1799116954839706, "x3": 4.5976162643301697e-23, "x4": 1.7110077963815329, "x5": 4.3738071075679667e-23, "x6": 3.5942736073204546, "x7": 14.463175723016253, "x8": 1.2812589236923715, "x9": 2.749988712732662}, "datetime": {"datetime": "2025-05-17 10:05:12", "elapsed": 5877.964548, "delta": 14.242871}}
{"target": 5.4131219740716245, "params": {"x0": 0.8, "x1": 0.9, "x2": 3.1799116954839706, "x3": 6.638143660233153e-23, "x4": 1.7110077963815329, "x5": 3.163137799064212e-23, "x6": 3.5942736073204546, "x7": 14.463175723016253, "x8": 1.2812589236923715, "x9": 2.749988712732662}, "datetime": {"datetime": "2025-05-17 10:05:25", "elapsed": 5891.609478, "delta": 13.64493}}
{"target": 5.4131219740716245, "params": {"x0": 0.8, "x1": 0.9, "x2": 3.1799116954839706, "x3": 4.439958005926633e-23, "x4": 1.7110077963815329, "x5": 1.2920829698322063e-23, "x6": 3.5942736073204546, "x7": 14.463175723016253, "x8": 1.2812589236923715, "x9": 2.749988712732662}, "datetime": {"datetime": "2025-05-17 10:05:40", "elapsed": 5906.18475, "delta": 14.575272}}
{"target": 5.4131219740716245, "params": {"x0": 0.8, "x1": 0.9, "x2": 3.1799116954839706, "x3": 7.759245959449904e-24, "x4": 1.7110077963815329, "x5": 6.325439055718613e-24, "x6": 3.5942736073204546, "x7": 14.463175723016253, "x8": 1.2812589236923715, "x9": 2.749988712732662}, "datetime": {"datetime": "2025-05-17 10:05:55", "elapsed": 5920.762966, "delta": 14.578216}}
{"target": 5.4131219740716245, "params": {"x0": 0.8, "x1": 0.9, "x2": 3.1799116954839706, "x3": 4.0772665700318834e-23, "x4": 1.7110077963815329, "x5": 3.131457801991591e-23, "x6": 3.5942736073204546, "x7": 14.463175723016253, "x8": 1.2812589236923715, "x9": 2.749988712732662}, "datetime": {"datetime": "2025-05-17 10:06:11", "elapsed": 5937.192054, "delta": 16.429088}}
{"target": 5.4131219740716245, "params": {"x0": 0.8, "x1": 0.9, "x2": 3.1799116954839706, "x3": 3.428629529790312e-23, "x4": 1.7110077963815329, "x5": 2.812335135868157e-24, "x6": 3.5942736073204546, "x7": 14.463175723016253, "x8": 1.2812589236923715, "x9": 2.749988712732662}, "datetime": {"datetime": "2025-05-17 10:06:26", "elapsed": 5952.11847, "delta": 14.926416}}
{"target": 5.4131219740716245, "params": {"x0": 0.8, "x1": 0.9, "x2": 3.1799116954839706, "x3": 3.612565981720378e-23, "x4": 1.7110077963815329, "x5": 3.0771561584676084e-23, "x6": 3.5942736073204546, "x7": 14.463175723016253, "x8": 1.2812589236923715, "x9": 2.749988712732662}, "datetime": {"datetime": "2025-05-17 10:06:40", "elapsed": 5966.618774, "delta": 14.500304}}
{"target": 5.4131219740716245, "params": {"x0": 0.8, "x1": 0.9, "x2": 3.1799116954839706, "x3": 3.4695732052300476e-23, "x4": 1.7110077963815329, "x5": 5.810844759796981e-24, "x6": 3.5942736073204546, "x7": 14.463175723016253, "x8": 1.2812589236923715, "x9": 2.749988712732662}, "datetime": {"datetime": "2025-05-17 10:06:55", "elapsed": 5981.131231, "delta": 14.512457}}
{"target": 5.4131219740716245, "params": {"x0": 0.8, "x1": 0.9, "x2": 3.1799116954839706, "x3": 3.00818622309401e-23, "x4": 1.7110077963815329, "x5": 2.474375302562397e-23, "x6": 3.5942736073204546, "x7": 14.463175723016253, "x8": 1.2812589236923715, "x9": 2.749988712732662}, "datetime": {"datetime": "2025-05-17 10:07:10", "elapsed": 5996.071488, "delta": 14.940257}}
{"target": 5.4131219740716245, "params": {"x0": 0.8, "x1": 0.9, "x2": 3.1799116954839706, "x3": 5.906873675860098e-24, "x4": 1.7110077963815329, "x5": 1.505190514043224e-23, "x6": 3.5942736073204546, "x7": 14.463175723016253, "x8": 1.2812589236923715, "x9": 2.749988712732662}, "datetime": {"datetime": "2025-05-17 10:07:26", "elapsed": 6011.889183, "delta": 15.817695}}
{"target": 5.4131219740716245, "params": {"x0": 0.8, "x1": 0.9, "x2": 3.1799116954839706, "x3": 1.77620603430139e-23, "x4": 1.7110077963815329, "x5": 4.90656593889644e-24, "x6": 3.5942736073204546, "x7": 14.463175723016253, "x8": 1.2812589236923715, "x9": 2.749988712732662}, "datetime": {"datetime": "2025-05-17 10:07:41", "elapsed": 6026.923285, "delta": 15.034102}}
{"target": 5.4131219740716245, "params": {"x0": 0.8, "x1": 0.9, "x2": 3.1799116954839706, "x3": 1.4575968554314298e-23, "x4": 1.7110077963815329, "x5": 1.0288913424964746e-23, "x6": 3.5942736073204546, "x7": 14.463175723016253, "x8": 1.2812589236923715, "x9": 2.749988712732662}, "datetime": {"datetime": "2025-05-17 10:07:54", "elapsed": 6040.092596, "delta": 13.169311}}
{"target": 5.4131219740716245, "params": {"x0": 0.8, "x1": 0.9, "x2": 3.1799116954839706, "x3": 1.1763140702158765e-23, "x4": 1.7110077963815329, "x5": 1.356851498883004e-23, "x6": 3.5942736073204546, "x7": 14.463175723016253, "x8": 1.2812589236923715, "x9": 2.749988712732662}, "datetime": {"datetime": "2025-05-17 10:08:08", "elapsed": 6054.306842, "delta": 14.214246}}
{"target": 5.4131219740716245, "params": {"x0": 0.8, "x1": 0.9, "x2": 3.1799116954839706, "x3": 1.6102991336111113e-23, "x4": 1.7110077963815329, "x5": 1.3219259535641572e-23, "x6": 3.5942736073204546, "x7": 14.463175723016253, "x8": 1.2812589236923715, "x9": 2.749988712732662}, "datetime": {"datetime": "2025-05-17 10:08:22", "elapsed": 6068.005785, "delta": 13.698943}}
{"target": 5.4131219740716245, "params": {"x0": 0.8, "x1": 0.9, "x2": 3.1799116954839706, "x3": 1.6295838706882593e-23, "x4": 1.7110077963815329, "x5": 4.213958834386048e-24, "x6": 3.5942736073204546, "x7": 14.463175723016253, "x8": 1.2812589236923715, "x9": 2.749988712732662}, "datetime": {"datetime": "2025-05-17 10:08:38", "elapsed": 6083.813798, "delta": 15.808013}}
{"target": 5.4131219740716245, "params": {"x0": 0.8, "x1": 0.9, "x2": 3.1799116954839706, "x3": 8.587207088261866e-26, "x4": 1.7110077963815329, "x5": 9.305660350530441e-24, "x6": 3.5942736073204546, "x7": 14.463175723016253, "x8": 1.2812589236923715, "x9": 2.749988712732662}, "datetime": {"datetime": "2025-05-17 10:08:53", "elapsed": 6099.16669, "delta": 15.352892}}
{"target": 5.4131219740716245, "params": {"x0": 0.8, "x1": 0.9, "x2": 3.1799116954839706, "x3": 8.968881744929518e-24, "x4": 1.7110077963815329, "x5": 9.383133942485583e-24, "x6": 3.5942736073204546, "x7": 14.463175723016253, "x8": 1.2812589236923715, "x9": 2.749988712732662}, "datetime": {"datetime": "2025-05-17 10:09:09", "elapsed": 6115.160757, "delta": 15.994067}}
{"target": 5.4131219740716245, "params": {"x0": 0.8, "x1": 0.9, "x2": 3.1799116954839706, "x3": 9.971087713158336e-25, "x4": 1.7110077963815329, "x5": 6.764380795766254e-24, "x6": 3.5942736073204546, "x7": 14.463175723016253, "x8": 1.2812589236923715, "x9": 2.749988712732662}, "datetime": {"datetime": "2025-05-17 10:09:24", "elapsed": 6130.466832, "delta": 15.306075}}
{"target": 5.4131219740716245, "params": {"x0": 0.8, "x1": 0.9, "x2": 3.1799116954839706, "x3": 2.1721249575162465e-24, "x4": 1.7110077963815329, "x5": 6.4931969517021635e-24, "x6": 3.5942736073204546, "x7": 14.463175723016253, "x8": 1.2812589236923715, "x9": 2.749988712732662}, "datetime": {"datetime": "2025-05-17 10:09:39", "elapsed": 6145.016792, "delta": 14.54996}}
{"target": 5.4131219740716245, "params": {"x0": 0.8, "x1": 0.9, "x2": 3.1799116954839706, "x3": 6.235725022205804e-24, "x4": 1.7110077963815329, "x5": 3.411882572248389e-26, "x6": 3.5942736073204546, "x7": 14.463175723016253, "x8": 1.2812589236923715, "x9": 2.749988712732662}, "datetime": {"datetime": "2025-05-17 10:09:54", "elapsed": 6160.470805, "delta": 15.454013}}
{"target": 5.4131219740716245, "params": {"x0": 0.8, "x1": 0.9, "x2": 3.1799116954839706, "x3": 7.563906547010392e-25, "x4": 1.7110077963815329, "x5": 7.172934719586204e-24, "x6": 3.5942736073204546, "x7": 14.463175723016253, "x8": 1.2812589236923715, "x9": 2.749988712732662}, "datetime": {"datetime": "2025-05-17 10:10:09", "elapsed": 6175.522658, "delta": 15.051853}}
{"target": 5.4131219740716245, "params": {"x0": 0.8, "x1": 0.9, "x2": 3.1799116954839706, "x3": 3.0534689948913774e-24, "x4": 1.7110077963815329, "x5": 6.161428076777201e-24, "x6": 3.5942736073204546, "x7": 14.463175723016253, "x8": 1.2812589236923715, "x9": 2.749988712732662}, "datetime": {"datetime": "2025-05-17 10:10:24", "elapsed": 6189.768106, "delta": 14.245448}}
{"target": 5.4131219740716245, "params": {"x0": 0.8, "x1": 0.9, "x2": 3.1799116954839706, "x3": 3.650311698141643e-24, "x4": 1.7110077963815329, "x5": 5.658571483454308e-24, "x6": 3.5942736073204546, "x7": 14.463175723016253, "x8": 1.2812589236923715, "x9": 2.749988712732662}, "datetime": {"datetime": "2025-05-17 10:10:38", "elapsed": 6203.802776, "delta": 14.03467}}
{"target": 5.4131219740716245, "params": {"x0": 0.8, "x1": 0.9, "x2": 3.1799116954839706, "x3": 2.2452582528949265e-24, "x4": 1.7110077963815329, "x5": 1.8086955830497243e-24, "x6": 3.5942736073204546, "x7": 14.463175723016253, "x8": 1.2812589236923715, "x9": 2.749988712732662}, "datetime": {"datetime": "2025-05-17 10:10:51", "elapsed": 6217.510257, "delta": 13.707481}}
{"target": 5.4131219740716245, "params": {"x0": 0.8, "x1": 0.9, "x2": 3.1799116954839706, "x3": 5.475015711818576e-24, "x4": 1.7110077963815329, "x5": 1.3340735845888577e-24, "x6": 3.5942736073204546, "x7": 14.463175723016253, "x8": 1.2812589236923715, "x9": 2.749988712732662}, "datetime": {"datetime": "2025-05-17 10:11:05", "elapsed": 6231.704381, "delta": 14.194124}}
{"target": 5.4131219740716245, "params": {"x0": 0.8, "x1": 0.9, "x2": 3.1799116954839706, "x3": 5.23822149170789e-24, "x4": 1.7110077963815329, "x5": 3.5541344327927116e-24, "x6": 3.5942736073204546, "x7": 14.463175723016253, "x8": 1.2812589236923715, "x9": 2.749988712732662}, "datetime": {"datetime": "2025-05-17 10:11:22", "elapsed": 6248.014921, "delta": 16.31054}}
{"target": 5.4131219740716245, "params": {"x0": 0.8, "x1": 0.9, "x2": 3.1799116954839706, "x3": 3.606357584304556e-25, "x4": 1.7110077963815329, "x5": 1.2650784961256374e-24, "x6": 3.5942736073204546, "x7": 14.463175723016253, "x8": 1.2812589236923715, "x9": 2.749988712732662}, "datetime": {"datetime": "2025-05-17 10:11:36", "elapsed": 6262.239364, "delta": 14.224443}}
{"target": 5.4131219740716245, "params": {"x0": 0.8, "x1": 0.9, "x2": 3.1799116954839706, "x3": 4.811090162918632e-24, "x4": 1.7110077963815329, "x5": 1.3900115404133288e-24, "x6": 3.5942736073204546, "x7": 14.463175723016253, "x8": 1.2812589236923715, "x9": 2.749988712732662}, "datetime": {"datetime": "2025-05-17 10:11:51", "elapsed": 6276.858935, "delta": 14.619571}}
{"target": 5.4131219740716245, "params": {"x0": 0.8, "x1": 0.9, "x2": 3.1799116954839706, "x3": 3.031475171468034e-24, "x4": 1.7110077963815329, "x5": 6.701390880626163e-25, "x6": 3.5942736073204546, "x7": 14.463175723016253, "x8": 1.2812589236923715, "x9": 2.749988712732662}, "datetime": {"datetime": "2025-05-17 10:12:07", "elapsed": 6293.408787, "delta": 16.549852}}
{"target": 5.4131219740716245, "params": {"x0": 0.8, "x1": 0.9, "x2": 3.1799116954839706, "x3": 2.550950542547234e-24, "x4": 1.7110077963815329, "x5": 2.0579312526510334e-25, "x6": 3.5942736073204546, "x7": 14.463175723016253, "x8": 1.2812589236923715, "x9": 2.749988712732662}, "datetime": {"datetime": "2025-05-17 10:12:24", "elapsed": 6309.94447, "delta": 16.535683}}
{"target": 5.4131219740716245, "params": {"x0": 0.8, "x1": 0.9, "x2": 3.1799116954839706, "x3": 8.148739978164724e-25, "x4": 1.7110077963815329, "x5": 2.5067931104828726e-24, "x6": 3.5942736073204546, "x7": 14.463175723016253, "x8": 1.2812589236923715, "x9": 2.749988712732662}, "datetime": {"datetime": "2025-05-17 10:12:39", "elapsed": 6325.278195, "delta": 15.333725}}
{"target": 5.4131219740716245, "params": {"x0": 0.8, "x1": 0.9, "x2": 3.1799116954839706, "x3": 3.1210516006102456e-24, "x4": 1.7110077963815329, "x5": 1.3083731962947113e-24, "x6": 3.5942736073204546, "x7": 14.463175723016253, "x8": 1.2812589236923715, "x9": 2.749988712732662}, "datetime": {"datetime": "2025-05-17 10:12:53", "elapsed": 6339.399256, "delta": 14.121061}}
{"target": 5.4131219740716245, "params": {"x0": 0.8, "x1": 0.9, "x2": 3.1799116954839706, "x3": 1.3552270768005554e-24, "x4": 1.7110077963815329, "x5": 2.030480576944264e-24, "x6": 3.5942736073204546, "x7": 14.463175723016253, "x8": 1.2812589236923715, "x9": 2.749988712732662}, "datetime": {"datetime": "2025-05-17 10:13:08", "elapsed": 6354.38166, "delta": 14.982404}}
{"target": 5.4131219740716245, "params": {"x0": 0.8, "x1": 0.9, "x2": 3.1799116954839706, "x3": 1.6708680470278817e-24, "x4": 1.7110077963815329, "x5": 1.3331046719874123e-24, "x6": 3.5942736073204546, "x7": 14.463175723016253, "x8": 1.2812589236923715, "x9": 2.749988712732662}, "datetime": {"datetime": "2025-05-17 10:13:23", "elapsed": 6369.228845, "delta": 14.847185}}
{"target": 5.4131219740716245, "params": {"x0": 0.8, "x1": 0.9, "x2": 3.1799116954839706, "x3": 2.0476895952731717e-24, "x4": 1.7110077963815329, "x5": 1.4482817104249083e-24, "x6": 3.5942736073204546, "x7": 14.463175723016253, "x8": 1.2812589236923715, "x9": 2.749988712732662}, "datetime": {"datetime": "2025-05-17 10:13:38", "elapsed": 6384.50588, "delta": 15.277035}}
{"target": 5.4131219740716245, "params": {"x0": 0.8, "x1": 0.9, "x2": 3.1799116954839706, "x3": 3.904351801910586e-26, "x4": 1.7110077963815329, "x5": 9.039280167303499e-26, "x6": 3.5942736073204546, "x7": 14.463175723016253, "x8": 1.2812589236923715, "x9": 2.749988712732662}, "datetime": {"datetime": "2025-05-17 10:13:53", "elapsed": 6398.842571, "delta": 14.336691}}
{"target": 5.4131219740716245, "params": {"x0": 0.8, "x1": 0.9, "x2": 3.1799116954839706, "x3": 1.0390521088181894e-24, "x4": 1.7110077963815329, "x5": 2.194715869593708e-25, "x6": 3.5942736073204546, "x7": 14.463175723016253, "x8": 1.2812589236923715, "x9": 2.749988712732662}, "datetime": {"datetime": "2025-05-17 10:14:07", "elapsed": 6413.503338, "delta": 14.660767}}
{"target": 5.4131219740716245, "params": {"x0": 0.8, "x1": 0.9, "x2": 3.1799116954839706, "x3": 7.94129864202838e-25, "x4": 1.7110077963815329, "x5": 9.190526901282042e-25, "x6": 3.5942736073204546, "x7": 14.463175723016253, "x8": 1.2812589236923715, "x9": 2.749988712732662}, "datetime": {"datetime": "2025-05-17 10:14:22", "elapsed": 6427.822913, "delta": 14.319575}}
{"target": 5.4131219740716245, "params": {"x0": 0.8, "x1": 0.9, "x2": 3.1799116954839706, "x3": 1.2622446451052656e-24, "x4": 1.7110077963815329, "x5": 3.091574424994332e-25, "x6": 3.5942736073204546, "x7": 14.463175723016253, "x8": 1.2812589236923715, "x9": 2.749988712732662}, "datetime": {"datetime": "2025-05-17 10:14:37", "elapsed": 6443.68403, "delta": 15.861117}}
{"target": 5.4131219740716245, "params": {"x0": 0.8, "x1": 0.9, "x2": 3.1799116954839706, "x3": 1.4132398299199006e-25, "x4": 1.7110077963815329, "x5": 6.342736411300084e-25, "x6": 3.5942736073204546, "x7": 14.463175723016253, "x8": 1.2812589236923715, "x9": 2.749988712732662}, "datetime": {"datetime": "2025-05-17 10:14:52", "elapsed": 6457.942604, "delta": 14.258574}}
