{"target": 5.4131219740716245, "params": {"x0": 0.8, "x1": 0.9, "x2": 3.1799116954839706, "x3": 1.0942546506257181e-70, "x4": 1.7110077963815329, "x5": 2.5558156247582405e-71, "x6": 3.5942736073204546, "x7": 14.463175723016253, "x8": 1.2812589236923715, "x9": 2.749988712732662}, "datetime": {"datetime": "2025-05-17 20:23:19", "elapsed": 42965.245871, "delta": 60.169796}}
{"target": 5.4131219740716245, "params": {"x0": 0.8, "x1": 0.9, "x2": 3.1799116954839706, "x3": 8.336445103469716e-71, "x4": 1.7110077963815329, "x5": 3.498945017679449e-71, "x6": 3.5942736073204546, "x7": 14.463175723016253, "x8": 1.2812589236923715, "x9": 2.749988712732662}, "datetime": {"datetime": "2025-05-17 20:24:24", "elapsed": 43030.169879, "delta": 64.924008}}
{"target": 5.4131219740716245, "params": {"x0": 0.8, "x1": 0.9, "x2": 3.1799116954839706, "x3": 9.033065989654059e-71, "x4": 1.7110077963815329, "x5": 3.0056602490970105e-72, "x6": 3.5942736073204546, "x7": 14.463175723016253, "x8": 1.2812589236923715, "x9": 2.749988712732662}, "datetime": {"datetime": "2025-05-17 20:25:49", "elapsed": 43114.729444, "delta": 84.559565}}
{"target": 5.4131219740716245, "params": {"x0": 0.8, "x1": 0.9, "x2": 3.1799116954839706, "x3": 3.0257793653455352e-71, "x4": 1.7110077963815329, "x5": 7.952389383926902e-71, "x6": 3.5942736073204546, "x7": 14.463175723016253, "x8": 1.2812589236923715, "x9": 2.749988712732662}, "datetime": {"datetime": "2025-05-17 20:26:39", "elapsed": 43165.39644, "delta": 50.666996}}
{"target": 5.4131219740716245, "params": {"x0": 0.8, "x1": 0.9, "x2": 3.1799116954839706, "x3": 1.0049961181923002e-70, "x4": 1.7110077963815329, "x5": 1.3740525558942064e-71, "x6": 3.5942736073204546, "x7": 14.463175723016253, "x8": 1.2812589236923715, "x9": 2.749988712732662}, "datetime": {"datetime": "2025-05-17 20:27:53", "elapsed": 43238.836566, "delta": 73.440126}}
{"target": 5.4131219740716245, "params": {"x0": 0.8, "x1": 0.9, "x2": 3.1799116954839706, "x3": 6.886428515246883e-71, "x4": 1.7110077963815329, "x5": 5.508252590877986e-71, "x6": 3.5942736073204546, "x7": 14.463175723016253, "x8": 1.2812589236923715, "x9": 2.749988712732662}, "datetime": {"datetime": "2025-05-17 20:28:48", "elapsed": 43294.073565, "delta": 55.236999}}
{"target": 5.4131219740716245, "params": {"x0": 0.8, "x1": 0.9, "x2": 3.1799116954839706, "x3": 1.6264988743227624e-71, "x4": 1.7110077963815329, "x5": 2.8059261752822885e-71, "x6": 3.5942736073204546, "x7": 14.463175723016253, "x8": 1.2812589236923715, "x9": 2.749988712732662}, "datetime": {"datetime": "2025-05-17 20:29:54", "elapsed": 43359.74675, "delta": 65.673185}}
{"target": 5.4131219740716245, "params": {"x0": 0.8, "x1": 0.9, "x2": 3.1799116954839706, "x3": 5.769622994531415e-71, "x4": 1.7110077963815329, "x5": 2.476307308095249e-71, "x6": 3.5942736073204546, "x7": 14.463175723016253, "x8": 1.2812589236923715, "x9": 2.749988712732662}, "datetime": {"datetime": "2025-05-17 20:30:53", "elapsed": 43418.829029, "delta": 59.082279}}
{"target": 5.4131219740716245, "params": {"x0": 0.8, "x1": 0.9, "x2": 3.1799116954839706, "x3": 1.8791011591206322e-72, "x4": 1.7110077963815329, "x5": 2.31835470536526e-72, "x6": 3.5942736073204546, "x7": 14.463175723016253, "x8": 1.2812589236923715, "x9": 2.749988712732662}, "datetime": {"datetime": "2025-05-17 20:32:05", "elapsed": 43491.154949, "delta": 72.32592}}
{"target": 5.4131219740716245, "params": {"x0": 0.8, "x1": 0.9, "x2": 3.1799116954839706, "x3": 3.934610033456935e-71, "x4": 1.7110077963815329, "x5": 5.648960871718962e-72, "x6": 3.5942736073204546, "x7": 14.463175723016253, "x8": 1.2812589236923715, "x9": 2.749988712732662}, "datetime": {"datetime": "2025-05-17 20:33:11", "elapsed": 43557.099103, "delta": 65.944154}}
{"target": 5.4131219740716245, "params": {"x0": 0.8, "x1": 0.9, "x2": 3.1799116954839706, "x3": 1.897703973456246e-72, "x4": 1.7110077963815329, "x5": 2.3216696970700345e-72, "x6": 3.5942736073204546, "x7": 14.463175723016253, "x8": 1.2812589236923715, "x9": 2.749988712732662}, "datetime": {"datetime": "2025-05-17 20:34:09", "elapsed": 43615.050175, "delta": 57.951072}}
{"target": 5.4131219740716245, "params": {"x0": 0.8, "x1": 0.9, "x2": 3.1799116954839706, "x3": 1.0095273051030746e-71, "x4": 1.7110077963815329, "x5": 2.9123513452127612e-71, "x6": 3.5942736073204546, "x7": 14.463175723016253, "x8": 1.2812589236923715, "x9": 2.749988712732662}, "datetime": {"datetime": "2025-05-17 20:35:03", "elapsed": 43668.862937, "delta": 53.812762}}
{"target": 5.4131219740716245, "params": {"x0": 0.8, "x1": 0.9, "x2": 3.1799116954839706, "x3": 2.44154431381371e-72, "x4": 1.7110077963815329, "x5": 3.0139413846927665e-71, "x6": 3.5942736073204546, "x7": 14.463175723016253, "x8": 1.2812589236923715, "x9": 2.749988712732662}, "datetime": {"datetime": "2025-05-17 20:36:05", "elapsed": 43731.160471, "delta": 62.297534}}
{"target": 5.4131219740716245, "params": {"x0": 0.8, "x1": 0.9, "x2": 3.1799116954839706, "x3": 1.5437275442000729e-71, "x4": 1.7110077963815329, "x5": 8.875684543793628e-72, "x6": 3.5942736073204546, "x7": 14.463175723016253, "x8": 1.2812589236923715, "x9": 2.749988712732662}, "datetime": {"datetime": "2025-05-17 20:37:01", "elapsed": 43787.01207, "delta": 55.851599}}
{"target": 5.4131219740716245, "params": {"x0": 0.8, "x1": 0.9, "x2": 3.1799116954839706, "x3": 5.198058215138329e-72, "x4": 1.7110077963815329, "x5": 6.326275417366885e-72, "x6": 3.5942736073204546, "x7": 14.463175723016253, "x8": 1.2812589236923715, "x9": 2.749988712732662}, "datetime": {"datetime": "2025-05-17 20:37:53", "elapsed": 43839.553279, "delta": 52.541209}}
{"target": 5.4131219740716245, "params": {"x0": 0.8, "x1": 0.9, "x2": 3.1799116954839706, "x3": 1.9959852633711313e-71, "x4": 1.7110077963815329, "x5": 1.4122861109762384e-71, "x6": 3.5942736073204546, "x7": 14.463175723016253, "x8": 1.2812589236923715, "x9": 2.749988712732662}, "datetime": {"datetime": "2025-05-17 20:38:51", "elapsed": 43897.706435, "delta": 58.153156}}
{"target": 5.4131219740716245, "params": {"x0": 0.8, "x1": 0.9, "x2": 3.1799116954839706, "x3": 1.3881677730636034e-73, "x4": 1.7110077963815329, "x5": 1.926818946815202e-71, "x6": 3.5942736073204546, "x7": 14.463175723016253, "x8": 1.2812589236923715, "x9": 2.749988712732662}, "datetime": {"datetime": "2025-05-17 20:39:57", "elapsed": 43963.599049, "delta": 65.892614}}
{"target": 5.4131219740716245, "params": {"x0": 0.8, "x1": 0.9, "x2": 3.1799116954839706, "x3": 2.4400650423257706e-72, "x4": 1.7110077963815329, "x5": 1.1523057484007966e-71, "x6": 3.5942736073204546, "x7": 14.463175723016253, "x8": 1.2812589236923715, "x9": 2.749988712732662}, "datetime": {"datetime": "2025-05-17 20:41:23", "elapsed": 44049.356995, "delta": 85.757946}}
{"target": 5.4131219740716245, "params": {"x0": 0.8, "x1": 0.9, "x2": 3.1799116954839706, "x3": 1.2509933197228885e-71, "x4": 1.7110077963815329, "x5": 5.574877377817215e-72, "x6": 3.5942736073204546, "x7": 14.463175723016253, "x8": 1.2812589236923715, "x9": 2.749988712732662}, "datetime": {"datetime": "2025-05-17 20:42:07", "elapsed": 44093.121816, "delta": 43.764821}}
{"target": 5.4131219740716245, "params": {"x0": 0.8, "x1": 0.9, "x2": 3.1799116954839706, "x3": 1.19790382530695e-71, "x4": 1.7110077963815329, "x5": 1.296186797474761e-71, "x6": 3.5942736073204546, "x7": 14.463175723016253, "x8": 1.2812589236923715, "x9": 2.749988712732662}, "datetime": {"datetime": "2025-05-17 20:43:28", "elapsed": 44174.373186, "delta": 81.25137}}
{"target": 5.4131219740716245, "params": {"x0": 0.8, "x1": 0.9, "x2": 3.1799116954839706, "x3": 1.5543786821688502e-71, "x4": 1.7110077963815329, "x5": 9.595488890296835e-72, "x6": 3.5942736073204546, "x7": 14.463175723016253, "x8": 1.2812589236923715, "x9": 2.749988712732662}, "datetime": {"datetime": "2025-05-17 20:44:26", "elapsed": 44232.277762, "delta": 57.904576}}
{"target": 5.4131219740716245, "params": {"x0": 0.8, "x1": 0.9, "x2": 3.1799116954839706, "x3": 5.405504017468886e-72, "x4": 1.7110077963815329, "x5": 8.368412151795111e-72, "x6": 3.5942736073204546, "x7": 14.463175723016253, "x8": 1.2812589236923715, "x9": 2.749988712732662}, "datetime": {"datetime": "2025-05-17 20:45:13", "elapsed": 44279.322109, "delta": 47.044347}}
{"target": 5.4131219740716245, "params": {"x0": 0.8, "x1": 0.9, "x2": 3.1799116954839706, "x3": 1.9060465376252023e-73, "x4": 1.7110077963815329, "x5": 9.968955111012264e-72, "x6": 3.5942736073204546, "x7": 14.463175723016253, "x8": 1.2812589236923715, "x9": 2.749988712732662}, "datetime": {"datetime": "2025-05-17 20:46:20", "elapsed": 44346.514137, "delta": 67.192028}}
{"target": 5.4131219740716245, "params": {"x0": 0.8, "x1": 0.9, "x2": 3.1799116954839706, "x3": 6.130183285921152e-72, "x4": 1.7110077963815329, "x5": 8.727196087027951e-72, "x6": 3.5942736073204546, "x7": 14.463175723016253, "x8": 1.2812589236923715, "x9": 2.749988712732662}, "datetime": {"datetime": "2025-05-17 20:47:32", "elapsed": 44417.747747, "delta": 71.23361}}
{"target": 5.4131219740716245, "params": {"x0": 0.8, "x1": 0.9, "x2": 3.1799116954839706, "x3": 1.0145142068917854e-71, "x4": 1.7110077963815329, "x5": 1.1428041741379765e-72, "x6": 3.5942736073204546, "x7": 14.463175723016253, "x8": 1.2812589236923715, "x9": 2.749988712732662}, "datetime": {"datetime": "2025-05-17 20:48:28", "elapsed": 44473.90945, "delta": 56.161703}}
{"target": 5.4131219740716245, "params": {"x0": 0.8, "x1": 0.9, "x2": 3.1799116954839706, "x3": 1.138395255202236e-71, "x4": 1.7110077963815329, "x5": 3.7341153413695754e-72, "x6": 3.5942736073204546, "x7": 14.463175723016253, "x8": 1.2812589236923715, "x9": 2.749988712732662}, "datetime": {"datetime": "2025-05-17 20:49:35", "elapsed": 44540.768284, "delta": 66.858834}}
{"target": 5.4131219740716245, "params": {"x0": 0.8, "x1": 0.9, "x2": 3.1799116954839706, "x3": 9.31720361569706e-72, "x4": 1.7110077963815329, "x5": 2.4366587716220812e-73, "x6": 3.5942736073204546, "x7": 14.463175723016253, "x8": 1.2812589236923715, "x9": 2.749988712732662}, "datetime": {"datetime": "2025-05-17 20:50:40", "elapsed": 44605.73241, "delta": 64.964126}}
{"target": 5.4131219740716245, "params": {"x0": 0.8, "x1": 0.9, "x2": 3.1799116954839706, "x3": 7.09907459381033e-72, "x4": 1.7110077963815329, "x5": 1.6460873978245664e-73, "x6": 3.5942736073204546, "x7": 14.463175723016253, "x8": 1.2812589236923715, "x9": 2.749988712732662}, "datetime": {"datetime": "2025-05-17 20:51:27", "elapsed": 44653.551787, "delta": 47.819377}}
{"target": 5.4131219740716245, "params": {"x0": 0.8, "x1": 0.9, "x2": 3.1799116954839706, "x3": 7.177856283380704e-72, "x4": 1.7110077963815329, "x5": 5.044162884497754e-72, "x6": 3.5942736073204546, "x7": 14.463175723016253, "x8": 1.2812589236923715, "x9": 2.749988712732662}, "datetime": {"datetime": "2025-05-17 20:52:20", "elapsed": 44706.6921, "delta": 53.140313}}
{"target": 5.4131219740716245, "params": {"x0": 0.8, "x1": 0.9, "x2": 3.1799116954839706, "x3": 4.5082719522904227e-72, "x4": 1.7110077963815329, "x5": 2.7028093917763724e-72, "x6": 3.5942736073204546, "x7": 14.463175723016253, "x8": 1.2812589236923715, "x9": 2.749988712732662}, "datetime": {"datetime": "2025-05-17 20:53:32", "elapsed": 44778.059905, "delta": 71.367805}}
{"target": 5.4131219740716245, "params": {"x0": 0.8, "x1": 0.9, "x2": 3.1799116954839706, "x3": 1.5601162436774316e-72, "x4": 1.7110077963815329, "x5": 2.2018363917173636e-72, "x6": 3.5942736073204546, "x7": 14.463175723016253, "x8": 1.2812589236923715, "x9": 2.749988712732662}, "datetime": {"datetime": "2025-05-17 20:54:34", "elapsed": 44840.020756, "delta": 61.960851}}
{"target": 5.4131219740716245, "params": {"x0": 0.8, "x1": 0.9, "x2": 3.1799116954839706, "x3": 4.664177089758012e-72, "x4": 1.7110077963815329, "x5": 3.1621773161410615e-72, "x6": 3.5942736073204546, "x7": 14.463175723016253, "x8": 1.2812589236923715, "x9": 2.749988712732662}, "datetime": {"datetime": "2025-05-17 20:55:30", "elapsed": 44895.790008, "delta": 55.769252}}
{"target": 5.4131219740716245, "params": {"x0": 0.8, "x1": 0.9, "x2": 3.1799116954839706, "x3": 4.099040386374285e-73, "x4": 1.7110077963815329, "x5": 3.0949437321000027e-72, "x6": 3.5942736073204546, "x7": 14.463175723016253, "x8": 1.2812589236923715, "x9": 2.749988712732662}, "datetime": {"datetime": "2025-05-17 20:56:29", "elapsed": 44955.025213, "delta": 59.235205}}
{"target": 5.4131219740716245, "params": {"x0": 0.8, "x1": 0.9, "x2": 3.1799116954839706, "x3": 2.322185636765727e-72, "x4": 1.7110077963815329, "x5": 6.605500660051264e-73, "x6": 3.5942736073204546, "x7": 14.463175723016253, "x8": 1.2812589236923715, "x9": 2.749988712732662}, "datetime": {"datetime": "2025-05-17 20:57:44", "elapsed": 45030.412671, "delta": 75.387458}}
{"target": 5.4131219740716245, "params": {"x0": 0.8, "x1": 0.9, "x2": 3.1799116954839706, "x3": 2.358034005129289e-72, "x4": 1.7110077963815329, "x5": 9.001762671553615e-73, "x6": 3.5942736073204546, "x7": 14.463175723016253, "x8": 1.2812589236923715, "x9": 2.749988712732662}, "datetime": {"datetime": "2025-05-17 20:58:45", "elapsed": 45091.684642, "delta": 61.271971}}
{"target": 5.4131219740716245, "params": {"x0": 0.8, "x1": 0.9, "x2": 3.1799116954839706, "x3": 5.664214576243271e-73, "x4": 1.7110077963815329, "x5": 2.121812173652153e-72, "x6": 3.5942736073204546, "x7": 14.463175723016253, "x8": 1.2812589236923715, "x9": 2.749988712732662}, "datetime": {"datetime": "2025-05-17 21:00:07", "elapsed": 45173.58121, "delta": 81.896568}}
{"target": 5.4131219740716245, "params": {"x0": 0.8, "x1": 0.9, "x2": 3.1799116954839706, "x3": 1.1926068413186314e-72, "x4": 1.7110077963815329, "x5": 9.728952318208927e-75, "x6": 3.5942736073204546, "x7": 14.463175723016253, "x8": 1.2812589236923715, "x9": 2.749988712732662}, "datetime": {"datetime": "2025-05-17 21:01:18", "elapsed": 45244.087654, "delta": 70.506444}}
{"target": 5.4131219740716245, "params": {"x0": 0.8, "x1": 0.9, "x2": 3.1799116954839706, "x3": 2.0438949224929663e-72, "x4": 1.7110077963815329, "x5": 1.4381138467109519e-72, "x6": 3.5942736073204546, "x7": 14.463175723016253, "x8": 1.2812589236923715, "x9": 2.749988712732662}, "datetime": {"datetime": "2025-05-17 21:02:05", "elapsed": 45291.668534, "delta": 47.58088}}
{"target": 5.4131219740716245, "params": {"x0": 0.8, "x1": 0.9, "x2": 3.1799116954839706, "x3": 2.3618990026417187e-72, "x4": 1.7110077963815329, "x5": 9.121870077389004e-73, "x6": 3.5942736073204546, "x7": 14.463175723016253, "x8": 1.2812589236923715, "x9": 2.749988712732662}, "datetime": {"datetime": "2025-05-17 21:03:08", "elapsed": 45354.399857, "delta": 62.731323}}
{"target": 5.4131219740716245, "params": {"x0": 0.8, "x1": 0.9, "x2": 3.1799116954839706, "x3": 1.5313860859362043e-72, "x4": 1.7110077963815329, "x5": 2.259077570098947e-73, "x6": 3.5942736073204546, "x7": 14.463175723016253, "x8": 1.2812589236923715, "x9": 2.749988712732662}, "datetime": {"datetime": "2025-05-17 21:04:19", "elapsed": 45424.848306, "delta": 70.448449}}
{"target": 5.4131219740716245, "params": {"x0": 0.8, "x1": 0.9, "x2": 3.1799116954839706, "x3": 5.2869704367521495e-73, "x4": 1.7110077963815329, "x5": 1.477926050941435e-72, "x6": 3.5942736073204546, "x7": 14.463175723016253, "x8": 1.2812589236923715, "x9": 2.749988712732662}, "datetime": {"datetime": "2025-05-17 21:05:40", "elapsed": 45505.7653, "delta": 80.916994}}
{"target": 5.4131219740716245, "params": {"x0": 0.8, "x1": 0.9, "x2": 3.1799116954839706, "x3": 2.9877546182435e-73, "x4": 1.7110077963815329, "x5": 4.8443395077271724e-73, "x6": 3.5942736073204546, "x7": 14.463175723016253, "x8": 1.2812589236923715, "x9": 2.749988712732662}, "datetime": {"datetime": "2025-05-17 21:06:43", "elapsed": 45568.739795, "delta": 62.974495}}
{"target": 5.4131219740716245, "params": {"x0": 0.8, "x1": 0.9, "x2": 3.1799116954839706, "x3": 3.470574138058766e-73, "x4": 1.7110077963815329, "x5": 5.0881999806358513e-73, "x6": 3.5942736073204546, "x7": 14.463175723016253, "x8": 1.2812589236923715, "x9": 2.749988712732662}, "datetime": {"datetime": "2025-05-17 21:07:49", "elapsed": 45635.136402, "delta": 66.396607}}
{"target": 5.4131219740716245, "params": {"x0": 0.8, "x1": 0.9, "x2": 3.1799116954839706, "x3": 1.4678463722560975e-72, "x4": 1.7110077963815329, "x5": 1.2888924221559404e-73, "x6": 3.5942736073204546, "x7": 14.463175723016253, "x8": 1.2812589236923715, "x9": 2.749988712732662}, "datetime": {"datetime": "2025-05-17 21:08:40", "elapsed": 45686.534051, "delta": 51.397649}}
{"target": 5.4131219740716245, "params": {"x0": 0.8, "x1": 0.9, "x2": 3.1799116954839706, "x3": 1.2064611922798776e-72, "x4": 1.7110077963815329, "x5": 2.9174428312060156e-73, "x6": 3.5942736073204546, "x7": 14.463175723016253, "x8": 1.2812589236923715, "x9": 2.749988712732662}, "datetime": {"datetime": "2025-05-17 21:09:45", "elapsed": 45750.933874, "delta": 64.399823}}
{"target": 5.4131219740716245, "params": {"x0": 0.8, "x1": 0.9, "x2": 3.1799116954839706, "x3": 5.503750873634337e-74, "x4": 1.7110077963815329, "x5": 8.211336937359857e-73, "x6": 3.5942736073204546, "x7": 14.463175723016253, "x8": 1.2812589236923715, "x9": 2.749988712732662}, "datetime": {"datetime": "2025-05-17 21:10:39", "elapsed": 45805.591464, "delta": 54.65759}}
{"target": 5.4131219740716245, "params": {"x0": 0.8, "x1": 0.9, "x2": 3.1799116954839706, "x3": 1.2527656320456999e-72, "x4": 1.7110077963815329, "x5": 6.374024113796011e-73, "x6": 3.5942736073204546, "x7": 14.463175723016253, "x8": 1.2812589236923715, "x9": 2.749988712732662}, "datetime": {"datetime": "2025-05-17 21:11:38", "elapsed": 45863.741252, "delta": 58.149788}}
{"target": 5.4131219740716245, "params": {"x0": 0.8, "x1": 0.9, "x2": 3.1799116954839706, "x3": 3.7887023593885585e-73, "x4": 1.7110077963815329, "x5": 1.1569433767561233e-73, "x6": 3.5942736073204546, "x7": 14.463175723016253, "x8": 1.2812589236923715, "x9": 2.749988712732662}, "datetime": {"datetime": "2025-05-17 21:12:44", "elapsed": 45930.145247, "delta": 66.403995}}
{"target": 5.4131219740716245, "params": {"x0": 0.8, "x1": 0.9, "x2": 3.1799116954839706, "x3": 7.997196292690239e-73, "x4": 1.7110077963815329, "x5": 6.772699004428939e-73, "x6": 3.5942736073204546, "x7": 14.463175723016253, "x8": 1.2812589236923715, "x9": 2.749988712732662}, "datetime": {"datetime": "2025-05-17 21:13:28", "elapsed": 45974.265676, "delta": 44.120429}}
{"target": 5.4131219740716245, "params": {"x0": 0.8, "x1": 0.9, "x2": 3.1799116954839706, "x3": 4.302858102483309e-73, "x4": 1.7110077963815329, "x5": 3.810452374674589e-73, "x6": 3.5942736073204546, "x7": 14.463175723016253, "x8": 1.2812589236923715, "x9": 2.749988712732662}, "datetime": {"datetime": "2025-05-17 21:14:47", "elapsed": 46053.344313, "delta": 79.078637}}
{"target": 5.4131219740716245, "params": {"x0": 0.8, "x1": 0.9, "x2": 3.1799116954839706, "x3": 6.448909366507274e-73, "x4": 1.7110077963815329, "x5": 5.728772373071096e-73, "x6": 3.5942736073204546, "x7": 14.463175723016253, "x8": 1.2812589236923715, "x9": 2.749988712732662}, "datetime": {"datetime": "2025-05-17 21:15:56", "elapsed": 46121.933401, "delta": 68.589088}}
{"target": 5.4131219740716245, "params": {"x0": 0.8, "x1": 0.9, "x2": 3.1799116954839706, "x3": 5.103528597488896e-73, "x4": 1.7110077963815329, "x5": 3.4608595792696195e-73, "x6": 3.5942736073204546, "x7": 14.463175723016253, "x8": 1.2812589236923715, "x9": 2.749988712732662}, "datetime": {"datetime": "2025-05-17 21:17:02", "elapsed": 46188.165737, "delta": 66.232336}}
{"target": 5.4131219740716245, "params": {"x0": 0.8, "x1": 0.9, "x2": 3.1799116954839706, "x3": 1.2908387805140411e-73, "x4": 1.7110077963815329, "x5": 2.1425707161767237e-73, "x6": 3.5942736073204546, "x7": 14.463175723016253, "x8": 1.2812589236923715, "x9": 2.749988712732662}, "datetime": {"datetime": "2025-05-17 21:18:16", "elapsed": 46262.653409, "delta": 74.487672}}
{"target": 5.4131219740716245, "params": {"x0": 0.8, "x1": 0.9, "x2": 3.1799116954839706, "x3": 1.1369313780472114e-73, "x4": 1.7110077963815329, "x5": 4.5180245039555914e-74, "x6": 3.5942736073204546, "x7": 14.463175723016253, "x8": 1.2812589236923715, "x9": 2.749988712732662}, "datetime": {"datetime": "2025-05-17 21:19:13", "elapsed": 46319.153898, "delta": 56.500489}}
{"target": 5.4131219740716245, "params": {"x0": 0.8, "x1": 0.9, "x2": 3.1799116954839706, "x3": 4.0490625147832346e-73, "x4": 1.7110077963815329, "x5": 3.6075299580607054e-73, "x6": 3.5942736073204546, "x7": 14.463175723016253, "x8": 1.2812589236923715, "x9": 2.749988712732662}, "datetime": {"datetime": "2025-05-17 21:20:17", "elapsed": 46383.2462, "delta": 64.092302}}
{"target": 5.4131219740716245, "params": {"x0": 0.8, "x1": 0.9, "x2": 3.1799116954839706, "x3": 8.629670958489324e-74, "x4": 1.7110077963815329, "x5": 2.956974533105388e-73, "x6": 3.5942736073204546, "x7": 14.463175723016253, "x8": 1.2812589236923715, "x9": 2.749988712732662}, "datetime": {"datetime": "2025-05-17 21:21:24", "elapsed": 46449.732019, "delta": 66.485819}}
{"target": 5.4131219740716245, "params": {"x0": 0.8, "x1": 0.9, "x2": 3.1799116954839706, "x3": 1.1209857427812342e-73, "x4": 1.7110077963815329, "x5": 2.930627643742029e-73, "x6": 3.5942736073204546, "x7": 14.463175723016253, "x8": 1.2812589236923715, "x9": 2.749988712732662}, "datetime": {"datetime": "2025-05-17 21:22:29", "elapsed": 46514.948875, "delta": 65.216856}}
{"target": 5.4131219740716245, "params": {"x0": 0.8, "x1": 0.9, "x2": 3.1799116954839706, "x3": 2.3846155396566064e-73, "x4": 1.7110077963815329, "x5": 1.6321205749392557e-73, "x6": 3.5942736073204546, "x7": 14.463175723016253, "x8": 1.2812589236923715, "x9": 2.749988712732662}, "datetime": {"datetime": "2025-05-17 21:23:46", "elapsed": 46591.758581, "delta": 76.809706}}
{"target": 5.4131219740716245, "params": {"x0": 0.8, "x1": 0.9, "x2": 3.1799116954839706, "x3": 9.922585895285123e-74, "x4": 1.7110077963815329, "x5": 1.759103343250263e-73, "x6": 3.5942736073204546, "x7": 14.463175723016253, "x8": 1.2812589236923715, "x9": 2.749988712732662}, "datetime": {"datetime": "2025-05-17 21:25:29", "elapsed": 46695.448595, "delta": 103.690014}}
