{"target": 5.4131219740716245, "params": {"x0": 0.8000000000000006, "x1": 0.9000000000000021, "x2": 3.179911695483945, "x3": 5.010905929943609e-14, "x4": 1.7110077963815487, "x5": 3.3282249159010563e-14, "x6": 3.5942736073204387, "x7": 14.463175723016656, "x8": 1.2812589236923686, "x9": 2.7499887127326383}, "datetime": {"datetime": "2025-05-17 09:24:59", "elapsed": 3465.198535, "delta": 10.950292}}
{"target": 5.4131219740716245, "params": {"x0": 0.8000000000000008, "x1": 0.9000000000000026, "x2": 3.17991169548401, "x3": 7.975763785481596e-15, "x4": 1.711007796381514, "x5": 1.3449329684658854e-14, "x6": 3.5942736073205106, "x7": 14.463175723016507, "x8": 1.28125892369238, "x9": 2.749988712732633}, "datetime": {"datetime": "2025-05-17 09:25:10", "elapsed": 3476.036357, "delta": 10.837822}}
{"target": 5.4131219740716245, "params": {"x0": 0.8000000000000006, "x1": 0.9000000000000328, "x2": 3.1799116954839595, "x3": 1.3384374255532225e-14, "x4": 1.7110077963815224, "x5": 1.0267959083492505e-14, "x6": 3.59427360732048, "x7": 14.463175723015924, "x8": 1.2812589236923497, "x9": 2.749988712732648}, "datetime": {"datetime": "2025-05-17 09:25:21", "elapsed": 3487.024971, "delta": 10.988614}}
{"target": 5.4131219740716245, "params": {"x0": 0.8000000000000013, "x1": 0.9000000000000316, "x2": 3.179911695483971, "x3": 2.8805873424468235e-14, "x4": 1.7110077963815338, "x5": 6.630335059012283e-15, "x6": 3.5942736073205297, "x7": 14.463175723016526, "x8": 1.2812589236923735, "x9": 2.7499887127326845}, "datetime": {"datetime": "2025-05-17 09:25:32", "elapsed": 3498.089801, "delta": 11.06483}}
{"target": 5.4131219740716245, "params": {"x0": 0.8000000000000003, "x1": 0.9000000000000303, "x2": 3.1799116954839324, "x3": 2.8026962488654327e-14, "x4": 1.7110077963815378, "x5": 2.4576295855933383e-15, "x6": 3.5942736073204773, "x7": 14.463175723016036, "x8": 1.2812589236923568, "x9": 2.7499887127326503}, "datetime": {"datetime": "2025-05-17 09:25:43", "elapsed": 3509.558968, "delta": 11.469167}}
{"target": 5.4131219740716245, "params": {"x0": 0.8000000000000009, "x1": 0.9000000000000147, "x2": 3.1799116954839683, "x3": 1.5613626054257625e-15, "x4": 1.7110077963815213, "x5": 1.88039166671415e-14, "x6": 3.594273607320492, "x7": 14.463175723016066, "x8": 1.2812589236923726, "x9": 2.7499887127326437}, "datetime": {"datetime": "2025-05-17 09:25:55", "elapsed": 3520.768325, "delta": 11.209357}}
{"target": 5.4131219740716245, "params": {"x0": 0.8000000000000003, "x1": 0.9000000000000087, "x2": 3.1799116954839994, "x3": 2.421158386037304e-15, "x4": 1.7110077963815222, "x5": 1.6017641943487872e-14, "x6": 3.594273607320503, "x7": 14.463175723016075, "x8": 1.2812589236923773, "x9": 2.7499887127326614}, "datetime": {"datetime": "2025-05-17 09:26:06", "elapsed": 3532.514836, "delta": 11.746511}}
{"target": 5.4131219740716245, "params": {"x0": 0.8000000000000004, "x1": 0.9000000000000183, "x2": 3.179911695483984, "x3": 9.75104474432091e-15, "x4": 1.7110077963815244, "x5": 9.021970964513986e-15, "x6": 3.5942736073204347, "x7": 14.463175723016098, "x8": 1.2812589236923628, "x9": 2.749988712732662}, "datetime": {"datetime": "2025-05-17 09:26:18", "elapsed": 3544.206645, "delta": 11.691809}}
{"target": 5.4131219740716245, "params": {"x0": 0.8000000000000007, "x1": 0.9000000000000025, "x2": 3.1799116954839635, "x3": 1.232910484919867e-15, "x4": 1.7110077963815238, "x5": 1.0052185165632956e-14, "x6": 3.5942736073204014, "x7": 14.463175723016096, "x8": 1.281258923692364, "x9": 2.7499887127326677}, "datetime": {"datetime": "2025-05-17 09:26:29", "elapsed": 3555.264924, "delta": 11.058279}}
{"target": 5.4131219740716245, "params": {"x0": 0.8000000000000003, "x1": 0.9000000000000136, "x2": 3.1799116954839763, "x3": 1.1146836955503872e-14, "x4": 1.7110077963815264, "x5": 1.0700191793886648e-14, "x6": 3.5942736073204093, "x7": 14.463175723016164, "x8": 1.2812589236923753, "x9": 2.7499887127326565}, "datetime": {"datetime": "2025-05-17 09:26:40", "elapsed": 3566.43514, "delta": 11.170216}}
{"target": 5.4131219740716245, "params": {"x0": 0.8000000000000007, "x1": 0.900000000000003, "x2": 3.17991169548396, "x3": 1.117568307555674e-14, "x4": 1.7110077963815369, "x5": 7.263831690663192e-15, "x6": 3.594273607320423, "x7": 14.463175723016167, "x8": 1.2812589236923815, "x9": 2.749988712732661}, "datetime": {"datetime": "2025-05-17 09:26:51", "elapsed": 3577.31322, "delta": 10.87808}}
{"target": 5.4131219740716245, "params": {"x0": 0.8000000000000005, "x1": 0.9000000000000109, "x2": 3.179911695483987, "x3": 7.0853209545650256e-15, "x4": 1.7110077963815353, "x5": 7.770502230054486e-15, "x6": 3.594273607320414, "x7": 14.463175723016372, "x8": 1.281258923692368, "x9": 2.7499887127326637}, "datetime": {"datetime": "2025-05-17 09:27:03", "elapsed": 3588.91195, "delta": 11.59873}}
{"target": 5.4131219740716245, "params": {"x0": 0.8000000000000005, "x1": 0.9000000000000057, "x2": 3.1799116954839697, "x3": 1.9994037195804844e-15, "x4": 1.7110077963815375, "x5": 1.7262397515835427e-15, "x6": 3.594273607320472, "x7": 14.463175723016143, "x8": 1.2812589236923793, "x9": 2.7499887127326574}, "datetime": {"datetime": "2025-05-17 09:27:14", "elapsed": 3600.243264, "delta": 11.331314}}
{"target": 5.4131219740716245, "params": {"x0": 0.8000000000000005, "x1": 0.9000000000000106, "x2": 3.1799116954839826, "x3": 7.632177977432952e-15, "x4": 1.7110077963815382, "x5": 2.3906929781564195e-15, "x6": 3.5942736073204875, "x7": 14.463175723016207, "x8": 1.281258923692365, "x9": 2.749988712732666}, "datetime": {"datetime": "2025-05-17 09:27:25", "elapsed": 3611.26889, "delta": 11.025626}}
{"target": 5.4131219740716245, "params": {"x0": 0.8000000000000002, "x1": 0.900000000000009, "x2": 3.179911695483969, "x3": 1.2699181578044672e-15, "x4": 1.7110077963815358, "x5": 4.758039793055443e-15, "x6": 3.594273607320449, "x7": 14.463175723016255, "x8": 1.2812589236923704, "x9": 2.749988712732659}, "datetime": {"datetime": "2025-05-17 09:27:36", "elapsed": 3622.224858, "delta": 10.955968}}
{"target": 5.4131219740716245, "params": {"x0": 0.8, "x1": 0.9000000000000021, "x2": 3.179911695483964, "x3": 5.684233131669458e-15, "x4": 1.711007796381531, "x5": 1.6052615417796575e-15, "x6": 3.5942736073204413, "x7": 14.463175723016269, "x8": 1.2812589236923702, "x9": 2.7499887127326663}, "datetime": {"datetime": "2025-05-17 09:27:47", "elapsed": 3633.131361, "delta": 10.906503}}
{"target": 5.4131219740716245, "params": {"x0": 0.8, "x1": 0.9000000000000006, "x2": 3.1799116954839604, "x3": 6.390537921329985e-15, "x4": 1.7110077963815367, "x5": 4.357367969470874e-15, "x6": 3.5942736073204635, "x7": 14.463175723016288, "x8": 1.281258923692373, "x9": 2.7499887127326645}, "datetime": {"datetime": "2025-05-17 09:27:58", "elapsed": 3644.216729, "delta": 11.085368}}
{"target": 5.4131219740716245, "params": {"x0": 0.8000000000000002, "x1": 0.9000000000000017, "x2": 3.179911695483967, "x3": 1.0199298017173743e-15, "x4": 1.7110077963815302, "x5": 2.8325520049849386e-15, "x6": 3.5942736073204657, "x7": 14.46317572301622, "x8": 1.2812589236923757, "x9": 2.74998871273266}, "datetime": {"datetime": "2025-05-17 09:28:09", "elapsed": 3655.725621, "delta": 11.508892}}
{"target": 5.4131219740716245, "params": {"x0": 0.8000000000000003, "x1": 0.9000000000000055, "x2": 3.179911695483966, "x3": 4.952086347301907e-15, "x4": 1.7110077963815356, "x5": 2.140896123117767e-15, "x6": 3.5942736073204586, "x7": 14.463175723016263, "x8": 1.2812589236923726, "x9": 2.7499887127326623}, "datetime": {"datetime": "2025-05-17 09:28:21", "elapsed": 3667.57718, "delta": 11.851559}}
{"target": 5.4131219740716245, "params": {"x0": 0.8000000000000003, "x1": 0.9000000000000051, "x2": 3.179911695483978, "x3": 3.873968856780116e-15, "x4": 1.7110077963815349, "x5": 1.9407156157503054e-15, "x6": 3.594273607320441, "x7": 14.463175723016262, "x8": 1.2812589236923695, "x9": 2.7499887127326583}, "datetime": {"datetime": "2025-05-17 09:28:33", "elapsed": 3679.496502, "delta": 11.919322}}
{"target": 5.4131219740716245, "params": {"x0": 0.8000000000000002, "x1": 0.9000000000000041, "x2": 3.179911695483963, "x3": 3.103856137210758e-15, "x4": 1.7110077963815333, "x5": 3.334226609513928e-15, "x6": 3.5942736073204506, "x7": 14.463175723016244, "x8": 1.2812589236923715, "x9": 2.7499887127326583}, "datetime": {"datetime": "2025-05-17 09:28:46", "elapsed": 3692.018963, "delta": 12.522461}}
{"target": 5.4131219740716245, "params": {"x0": 0.8000000000000003, "x1": 0.9000000000000042, "x2": 3.1799116954839657, "x3": 4.845500598244658e-15, "x4": 1.7110077963815316, "x5": 6.945837995602949e-16, "x6": 3.594273607320461, "x7": 14.463175723016294, "x8": 1.2812589236923677, "x9": 2.7499887127326605}, "datetime": {"datetime": "2025-05-17 09:28:58", "elapsed": 3704.030699, "delta": 12.011736}}
{"target": 5.4131219740716245, "params": {"x0": 0.8000000000000003, "x1": 0.9000000000000015, "x2": 3.17991169548397, "x3": 3.557598537098361e-15, "x4": 1.7110077963815347, "x5": 2.028370009489285e-15, "x6": 3.5942736073204653, "x7": 14.463175723016247, "x8": 1.2812589236923737, "x9": 2.749988712732665}, "datetime": {"datetime": "2025-05-17 09:29:09", "elapsed": 3715.01641, "delta": 10.985711}}
{"target": 5.4131219740716245, "params": {"x0": 0.8000000000000003, "x1": 0.9000000000000007, "x2": 3.1799116954839683, "x3": 1.608008759297282e-15, "x4": 1.7110077963815327, "x5": 3.606909362941918e-16, "x6": 3.5942736073204657, "x7": 14.46317572301623, "x8": 1.28125892369237, "x9": 2.749988712732661}, "datetime": {"datetime": "2025-05-17 09:29:20", "elapsed": 3726.326859, "delta": 11.310449}}
{"target": 5.4131219740716245, "params": {"x0": 0.8000000000000002, "x1": 0.9000000000000036, "x2": 3.1799116954839675, "x3": 6.081855693296769e-16, "x4": 1.711007796381532, "x5": 8.136638470261626e-16, "x6": 3.5942736073204444, "x7": 14.46317572301625, "x8": 1.281258923692373, "x9": 2.749988712732662}, "datetime": {"datetime": "2025-05-17 09:29:31", "elapsed": 3737.512763, "delta": 11.185904}}
{"target": 5.4131219740716245, "params": {"x0": 0.8, "x1": 0.9000000000000024, "x2": 3.179911695483972, "x3": 7.728967031496034e-16, "x4": 1.711007796381533, "x5": 4.581195203249998e-16, "x6": 3.594273607320452, "x7": 14.463175723016272, "x8": 1.2812589236923686, "x9": 2.7499887127326628}, "datetime": {"datetime": "2025-05-17 09:29:43", "elapsed": 3748.847584, "delta": 11.334821}}
{"target": 5.4131219740716245, "params": {"x0": 0.8, "x1": 0.900000000000001, "x2": 3.1799116954839723, "x3": 8.282224059458576e-16, "x4": 1.7110077963815322, "x5": 2.1808511639892139e-16, "x6": 3.5942736073204493, "x7": 14.463175723016263, "x8": 1.2812589236923715, "x9": 2.749988712732663}, "datetime": {"datetime": "2025-05-17 09:29:54", "elapsed": 3760.724994, "delta": 11.87741}}
{"target": 5.4131219740716245, "params": {"x0": 0.8, "x1": 0.9, "x2": 3.179911695483969, "x3": 2.700358492079091e-15, "x4": 1.7110077963815327, "x5": 4.0489814950859647e-16, "x6": 3.594273607320448, "x7": 14.463175723016274, "x8": 1.28125892369237, "x9": 2.749988712732661}, "datetime": {"datetime": "2025-05-17 09:30:07", "elapsed": 3772.816916, "delta": 12.091922}}
{"target": 5.4131219740716245, "params": {"x0": 0.8000000000000002, "x1": 0.9000000000000025, "x2": 3.1799116954839706, "x3": 2.4822095394233938e-15, "x4": 1.7110077963815336, "x5": 1.4991109648919206e-15, "x6": 3.594273607320451, "x7": 14.463175723016258, "x8": 1.2812589236923706, "x9": 2.74998871273266}, "datetime": {"datetime": "2025-05-17 09:30:18", "elapsed": 3784.442452, "delta": 11.625536}}
{"target": 5.4131219740716245, "params": {"x0": 0.8, "x1": 0.9000000000000014, "x2": 3.179911695483968, "x3": 2.123265488608478e-15, "x4": 1.7110077963815329, "x5": 1.2457293670300802e-15, "x6": 3.594273607320457, "x7": 14.463175723016237, "x8": 1.2812589236923733, "x9": 2.7499887127326614}, "datetime": {"datetime": "2025-05-17 09:30:29", "elapsed": 3795.713305, "delta": 11.270853}}
{"target": 5.4131219740716245, "params": {"x0": 0.8000000000000002, "x1": 0.9000000000000008, "x2": 3.17991169548397, "x3": 1.3454370889594268e-15, "x4": 1.711007796381533, "x5": 1.4646807897167583e-15, "x6": 3.594273607320451, "x7": 14.463175723016235, "x8": 1.281258923692372, "x9": 2.749988712732662}, "datetime": {"datetime": "2025-05-17 09:30:40", "elapsed": 3806.714694, "delta": 11.001389}}
{"target": 5.4131219740716245, "params": {"x0": 0.8000000000000002, "x1": 0.9000000000000014, "x2": 3.1799116954839715, "x3": 6.307935677254296e-16, "x4": 1.7110077963815327, "x5": 1.2141675495700862e-15, "x6": 3.594273607320458, "x7": 14.46317572301624, "x8": 1.281258923692371, "x9": 2.7499887127326614}, "datetime": {"datetime": "2025-05-17 09:30:52", "elapsed": 3817.94141, "delta": 11.226716}}
{"target": 5.4131219740716245, "params": {"x0": 0.8000000000000002, "x1": 0.9000000000000007, "x2": 3.1799116954839723, "x3": 8.719631078969476e-16, "x4": 1.7110077963815322, "x5": 3.892157799205201e-16, "x6": 3.5942736073204555, "x7": 14.463175723016262, "x8": 1.2812589236923704, "x9": 2.7499887127326623}, "datetime": {"datetime": "2025-05-17 09:31:04", "elapsed": 3829.851244, "delta": 11.909834}}
{"target": 5.4131219740716245, "params": {"x0": 0.8, "x1": 0.9000000000000015, "x2": 3.1799116954839715, "x3": 6.145755942492404e-16, "x4": 1.7110077963815333, "x5": 1.5854079195458309e-16, "x6": 3.5942736073204533, "x7": 14.463175723016263, "x8": 1.2812589236923722, "x9": 2.7499887127326623}, "datetime": {"datetime": "2025-05-17 09:31:15", "elapsed": 3841.028543, "delta": 11.177299}}
{"target": 5.4131219740716245, "params": {"x0": 0.8000000000000002, "x1": 0.900000000000001, "x2": 3.1799116954839715, "x3": 1.364131729056511e-15, "x4": 1.7110077963815329, "x5": 9.10728584499762e-16, "x6": 3.5942736073204515, "x7": 14.463175723016251, "x8": 1.2812589236923717, "x9": 2.749988712732662}, "datetime": {"datetime": "2025-05-17 09:31:26", "elapsed": 3852.177733, "delta": 11.14919}}
{"target": 5.4131219740716245, "params": {"x0": 0.8, "x1": 0.9000000000000002, "x2": 3.1799116954839706, "x3": 1.9777166147476632e-16, "x4": 1.7110077963815327, "x5": 3.687126410029708e-16, "x6": 3.594273607320458, "x7": 14.46317572301625, "x8": 1.2812589236923713, "x9": 2.7499887127326614}, "datetime": {"datetime": "2025-05-17 09:31:38", "elapsed": 3863.97537, "delta": 11.797637}}
{"target": 5.4131219740716245, "params": {"x0": 0.8, "x1": 0.9, "x2": 3.1799116954839706, "x3": 4.344142101553864e-16, "x4": 1.7110077963815324, "x5": 7.145217976840556e-17, "x6": 3.594273607320456, "x7": 14.463175723016246, "x8": 1.281258923692372, "x9": 2.7499887127326623}, "datetime": {"datetime": "2025-05-17 09:31:49", "elapsed": 3875.479582, "delta": 11.504212}}
{"target": 5.4131219740716245, "params": {"x0": 0.8, "x1": 0.9000000000000007, "x2": 3.1799116954839715, "x3": 5.271155062260748e-16, "x4": 1.7110077963815329, "x5": 8.549505350177385e-17, "x6": 3.594273607320456, "x7": 14.463175723016251, "x8": 1.281258923692371, "x9": 2.749988712732662}, "datetime": {"datetime": "2025-05-17 09:32:01", "elapsed": 3886.803996, "delta": 11.324414}}
{"target": 5.4131219740716245, "params": {"x0": 0.8, "x1": 0.9000000000000001, "x2": 3.17991169548397, "x3": 2.3413162913809587e-16, "x4": 1.7110077963815324, "x5": 3.4554045784648694e-16, "x6": 3.594273607320452, "x7": 14.463175723016251, "x8": 1.2812589236923715, "x9": 2.749988712732662}, "datetime": {"datetime": "2025-05-17 09:32:13", "elapsed": 3899.19681, "delta": 12.392814}}
{"target": 5.4131219740716245, "params": {"x0": 0.8, "x1": 0.9000000000000008, "x2": 3.1799116954839706, "x3": 4.0926508478674456e-16, "x4": 1.7110077963815333, "x5": 3.2929549970428086e-16, "x6": 3.5942736073204546, "x7": 14.463175723016258, "x8": 1.2812589236923715, "x9": 2.7499887127326623}, "datetime": {"datetime": "2025-05-17 09:32:25", "elapsed": 3910.994242, "delta": 11.797432}}
{"target": 5.4131219740716245, "params": {"x0": 0.8, "x1": 0.9000000000000001, "x2": 3.1799116954839697, "x3": 6.287031069977691e-16, "x4": 1.711007796381533, "x5": 5.115560437022612e-16, "x6": 3.5942736073204538, "x7": 14.46317572301625, "x8": 1.2812589236923708, "x9": 2.7499887127326623}, "datetime": {"datetime": "2025-05-17 09:32:36", "elapsed": 3922.565067, "delta": 11.570825}}
{"target": 5.4131219740716245, "params": {"x0": 0.8, "x1": 0.9000000000000002, "x2": 3.179911695483971, "x3": 2.9136031612415924e-16, "x4": 1.7110077963815327, "x5": 4.356906499331154e-16, "x6": 3.5942736073204564, "x7": 14.463175723016258, "x8": 1.281258923692371, "x9": 2.7499887127326623}, "datetime": {"datetime": "2025-05-17 09:32:48", "elapsed": 3934.189029, "delta": 11.623962}}
{"target": 5.4131219740716245, "params": {"x0": 0.8, "x1": 0.9000000000000006, "x2": 3.1799116954839697, "x3": 6.035113759810257e-16, "x4": 1.7110077963815329, "x5": 3.0570264542584766e-16, "x6": 3.594273607320456, "x7": 14.463175723016247, "x8": 1.2812589236923722, "x9": 2.7499887127326623}, "datetime": {"datetime": "2025-05-17 09:32:59", "elapsed": 3945.326979, "delta": 11.13795}}
{"target": 5.4131219740716245, "params": {"x0": 0.8, "x1": 0.9000000000000001, "x2": 3.1799116954839697, "x3": 2.2153602434622792e-16, "x4": 1.7110077963815329, "x5": 7.334822745094309e-17, "x6": 3.5942736073204538, "x7": 14.463175723016255, "x8": 1.2812589236923713, "x9": 2.749988712732662}, "datetime": {"datetime": "2025-05-17 09:33:10", "elapsed": 3956.369453, "delta": 11.042474}}
{"target": 5.4131219740716245, "params": {"x0": 0.8, "x1": 0.9000000000000005, "x2": 3.1799116954839706, "x3": 7.706164927074764e-17, "x4": 1.711007796381533, "x5": 7.08112418649394e-17, "x6": 3.594273607320454, "x7": 14.463175723016255, "x8": 1.2812589236923717, "x9": 2.749988712732662}, "datetime": {"datetime": "2025-05-17 09:33:22", "elapsed": 3968.104866, "delta": 11.735413}}
{"target": 5.4131219740716245, "params": {"x0": 0.8, "x1": 0.9000000000000005, "x2": 3.1799116954839706, "x3": 1.0531287237147446e-16, "x4": 1.7110077963815327, "x5": 4.129697256224912e-17, "x6": 3.594273607320455, "x7": 14.463175723016253, "x8": 1.2812589236923715, "x9": 2.7499887127326614}, "datetime": {"datetime": "2025-05-17 09:33:34", "elapsed": 3979.819124, "delta": 11.714258}}
{"target": 5.4131219740716245, "params": {"x0": 0.8, "x1": 0.9000000000000002, "x2": 3.17991169548397, "x3": 9.292074926408743e-17, "x4": 1.7110077963815327, "x5": 1.8514437520947887e-16, "x6": 3.594273607320454, "x7": 14.46317572301625, "x8": 1.2812589236923713, "x9": 2.7499887127326623}, "datetime": {"datetime": "2025-05-17 09:33:45", "elapsed": 3991.134077, "delta": 11.314953}}
{"target": 5.4131219740716245, "params": {"x0": 0.8, "x1": 0.9, "x2": 3.1799116954839706, "x3": 1.6457638857864212e-16, "x4": 1.7110077963815329, "x5": 5.268270525553547e-17, "x6": 3.5942736073204546, "x7": 14.46317572301625, "x8": 1.281258923692372, "x9": 2.7499887127326614}, "datetime": {"datetime": "2025-05-17 09:33:56", "elapsed": 4002.316426, "delta": 11.182349}}
{"target": 5.4131219740716245, "params": {"x0": 0.8, "x1": 0.9000000000000001, "x2": 3.17991169548397, "x3": 3.0515548057040514e-16, "x4": 1.7110077963815329, "x5": 6.671085571487679e-17, "x6": 3.594273607320455, "x7": 14.463175723016255, "x8": 1.2812589236923713, "x9": 2.749988712732662}, "datetime": {"datetime": "2025-05-17 09:34:07", "elapsed": 4013.685216, "delta": 11.36879}}
{"target": 5.4131219740716245, "params": {"x0": 0.8, "x1": 0.9000000000000002, "x2": 3.1799116954839706, "x3": 2.1798613604487107e-16, "x4": 1.7110077963815329, "x5": 2.1731794355783273e-17, "x6": 3.5942736073204538, "x7": 14.463175723016253, "x8": 1.2812589236923717, "x9": 2.749988712732662}, "datetime": {"datetime": "2025-05-17 09:34:19", "elapsed": 4025.348686, "delta": 11.66347}}
{"target": 5.4131219740716245, "params": {"x0": 0.8, "x1": 0.9, "x2": 3.179911695483971, "x3": 3.0378605979886025e-17, "x4": 1.7110077963815327, "x5": 1.6369306503391273e-16, "x6": 3.5942736073204555, "x7": 14.463175723016253, "x8": 1.2812589236923713, "x9": 2.749988712732662}, "datetime": {"datetime": "2025-05-17 09:34:31", "elapsed": 4036.967074, "delta": 11.618388}}
{"target": 5.4131219740716245, "params": {"x0": 0.8, "x1": 0.9000000000000002, "x2": 3.17991169548397, "x3": 2.0242525828119908e-16, "x4": 1.7110077963815329, "x5": 8.150294185911209e-17, "x6": 3.594273607320454, "x7": 14.463175723016255, "x8": 1.2812589236923715, "x9": 2.749988712732662}, "datetime": {"datetime": "2025-05-17 09:34:42", "elapsed": 4048.672759, "delta": 11.705685}}
{"target": 5.4131219740716245, "params": {"x0": 0.8, "x1": 0.9, "x2": 3.1799116954839706, "x3": 8.731534550298027e-17, "x4": 1.7110077963815329, "x5": 1.0345721721549065e-16, "x6": 3.594273607320454, "x7": 14.463175723016255, "x8": 1.2812589236923713, "x9": 2.749988712732662}, "datetime": {"datetime": "2025-05-17 09:34:54", "elapsed": 4060.133312, "delta": 11.460553}}
{"target": 5.4131219740716245, "params": {"x0": 0.8, "x1": 0.9000000000000001, "x2": 3.1799116954839706, "x3": 1.6888007990651232e-16, "x4": 1.7110077963815329, "x5": 2.0296428723923464e-17, "x6": 3.594273607320455, "x7": 14.463175723016253, "x8": 1.2812589236923713, "x9": 2.749988712732662}, "datetime": {"datetime": "2025-05-17 09:35:06", "elapsed": 4072.551014, "delta": 12.417702}}
{"target": 5.4131219740716245, "params": {"x0": 0.8, "x1": 0.9, "x2": 3.1799116954839706, "x3": 1.2437805737141655e-16, "x4": 1.7110077963815329, "x5": 4.9890150136964353e-17, "x6": 3.594273607320455, "x7": 14.463175723016253, "x8": 1.2812589236923717, "x9": 2.749988712732662}, "datetime": {"datetime": "2025-05-17 09:35:18", "elapsed": 4084.16684, "delta": 11.615826}}
{"target": 5.4131219740716245, "params": {"x0": 0.8, "x1": 0.9000000000000001, "x2": 3.1799116954839706, "x3": 1.2685453282999583e-16, "x4": 1.7110077963815329, "x5": 3.6858419016392686e-17, "x6": 3.594273607320454, "x7": 14.463175723016253, "x8": 1.2812589236923717, "x9": 2.749988712732662}, "datetime": {"datetime": "2025-05-17 09:35:29", "elapsed": 4095.342314, "delta": 11.175474}}
