{"target": 5.4131219740716245, "params": {"x0": 0.8, "x1": 0.9, "x2": 3.1799116954839706, "x3": 6.21674302863605e-82, "x4": 1.7110077963815329, "x5": 1.5767857967168076e-81, "x6": 3.5942736073204546, "x7": 14.463175723016253, "x8": 1.2812589236923715, "x9": 2.749988712732662}, "datetime": {"datetime": "2025-05-18 01:07:09", "elapsed": 59995.607653, "delta": 75.482477}}
{"target": 5.4131219740716245, "params": {"x0": 0.8, "x1": 0.9, "x2": 3.1799116954839706, "x3": 1.7695979701826549e-81, "x4": 1.7110077963815329, "x5": 1.5077606295551365e-82, "x6": 3.5942736073204546, "x7": 14.463175723016253, "x8": 1.2812589236923715, "x9": 2.749988712732662}, "datetime": {"datetime": "2025-05-18 01:08:17", "elapsed": 60062.851146, "delta": 67.243493}}
{"target": 5.4131219740716245, "params": {"x0": 0.8, "x1": 0.9, "x2": 3.1799116954839706, "x3": 6.76956586980226e-82, "x4": 1.7110077963815329, "x5": 1.3080645092409834e-81, "x6": 3.5942736073204546, "x7": 14.463175723016253, "x8": 1.2812589236923715, "x9": 2.749988712732662}, "datetime": {"datetime": "2025-05-18 01:10:04", "elapsed": 60170.48007, "delta": 107.628924}}
{"target": 5.4131219740716245, "params": {"x0": 0.8, "x1": 0.9, "x2": 3.1799116954839706, "x3": 1.5539453039118452e-81, "x4": 1.7110077963815329, "x5": 6.78758899961641e-82, "x6": 3.5942736073204546, "x7": 14.463175723016253, "x8": 1.2812589236923715, "x9": 2.749988712732662}, "datetime": {"datetime": "2025-05-18 01:11:34", "elapsed": 60260.350197, "delta": 89.870127}}
{"target": 5.4131219740716245, "params": {"x0": 0.8, "x1": 0.9, "x2": 3.1799116954839706, "x3": 1.8303059386277117e-82, "x4": 1.7110077963815329, "x5": 1.9600751177857782e-82, "x6": 3.5942736073204546, "x7": 14.463175723016253, "x8": 1.2812589236923715, "x9": 2.749988712732662}, "datetime": {"datetime": "2025-05-18 01:12:45", "elapsed": 60331.321675, "delta": 70.971478}}
{"target": 5.4131219740716245, "params": {"x0": 0.8, "x1": 0.9, "x2": 3.1799116954839706, "x3": 1.478288786414454e-81, "x4": 1.7110077963815329, "x5": 3.0514711040591965e-82, "x6": 3.5942736073204546, "x7": 14.463175723016253, "x8": 1.2812589236923715, "x9": 2.749988712732662}, "datetime": {"datetime": "2025-05-18 01:14:18", "elapsed": 60424.135702, "delta": 92.814027}}
{"target": 5.4131219740716245, "params": {"x0": 0.8, "x1": 0.9, "x2": 3.1799116954839706, "x3": 1.2118485817225812e-81, "x4": 1.7110077963815329, "x5": 4.3349843780620094e-82, "x6": 3.5942736073204546, "x7": 14.463175723016253, "x8": 1.2812589236923715, "x9": 2.749988712732662}, "datetime": {"datetime": "2025-05-18 01:16:07", "elapsed": 60533.105129, "delta": 108.969427}}
{"target": 5.4131219740716245, "params": {"x0": 0.8, "x1": 0.9, "x2": 3.1799116954839706, "x3": 9.669783840347708e-82, "x4": 1.7110077963815329, "x5": 5.988514986202347e-82, "x6": 3.5942736073204546, "x7": 14.463175723016253, "x8": 1.2812589236923715, "x9": 2.749988712732662}, "datetime": {"datetime": "2025-05-18 01:17:51", "elapsed": 60637.601169, "delta": 104.49604}}
{"target": 5.4131219740716245, "params": {"x0": 0.8, "x1": 0.9, "x2": 3.1799116954839706, "x3": 7.154685512996286e-82, "x4": 1.7110077963815329, "x5": 3.968787142783182e-82, "x6": 3.5942736073204546, "x7": 14.463175723016253, "x8": 1.2812589236923715, "x9": 2.749988712732662}, "datetime": {"datetime": "2025-05-18 01:18:50", "elapsed": 60696.18394, "delta": 58.582771}}
{"target": 5.4131219740716245, "params": {"x0": 0.8, "x1": 0.9, "x2": 3.1799116954839706, "x3": 3.307173133448086e-82, "x4": 1.7110077963815329, "x5": 6.646007231055014e-82, "x6": 3.5942736073204546, "x7": 14.463175723016253, "x8": 1.2812589236923715, "x9": 2.749988712732662}, "datetime": {"datetime": "2025-05-18 01:20:01", "elapsed": 60767.51575, "delta": 71.33181}}
{"target": 5.4131219740716245, "params": {"x0": 0.8, "x1": 0.9, "x2": 3.1799116954839706, "x3": 2.0707771631878265e-82, "x4": 1.7110077963815329, "x5": 3.781678532392289e-82, "x6": 3.5942736073204546, "x7": 14.463175723016253, "x8": 1.2812589236923715, "x9": 2.749988712732662}, "datetime": {"datetime": "2025-05-18 01:21:11", "elapsed": 60837.257102, "delta": 69.741352}}
{"target": 5.4131219740716245, "params": {"x0": 0.8, "x1": 0.9, "x2": 3.1799116954839706, "x3": 1.027533934717655e-83, "x4": 1.7110077963815329, "x5": 2.3601976113960025e-82, "x6": 3.5942736073204546, "x7": 14.463175723016253, "x8": 1.2812589236923715, "x9": 2.749988712732662}, "datetime": {"datetime": "2025-05-18 01:23:05", "elapsed": 60951.600822, "delta": 114.34372}}
{"target": 5.4131219740716245, "params": {"x0": 0.8, "x1": 0.9, "x2": 3.1799116954839706, "x3": 7.04634556849148e-82, "x4": 1.7110077963815329, "x5": 2.8850937939507065e-82, "x6": 3.5942736073204546, "x7": 14.463175723016253, "x8": 1.2812589236923715, "x9": 2.749988712732662}, "datetime": {"datetime": "2025-05-18 01:24:09", "elapsed": 61015.028415, "delta": 63.427593}}
{"target": 5.4131219740716245, "params": {"x0": 0.8, "x1": 0.9, "x2": 3.1799116954839706, "x3": 8.450487965656174e-83, "x4": 1.7110077963815329, "x5": 1.6558331341295172e-82, "x6": 3.5942736073204546, "x7": 14.463175723016253, "x8": 1.2812589236923715, "x9": 2.749988712732662}, "datetime": {"datetime": "2025-05-18 01:25:11", "elapsed": 61076.770576, "delta": 61.742161}}
{"target": 5.4131219740716245, "params": {"x0": 0.8, "x1": 0.9, "x2": 3.1799116954839706, "x3": 4.4991285043811225e-82, "x4": 1.7110077963815329, "x5": 2.6413408975071107e-84, "x6": 3.5942736073204546, "x7": 14.463175723016253, "x8": 1.2812589236923715, "x9": 2.749988712732662}, "datetime": {"datetime": "2025-05-18 01:26:40", "elapsed": 61166.118667, "delta": 89.348091}}
{"target": 5.4131219740716245, "params": {"x0": 0.8, "x1": 0.9, "x2": 3.1799116954839706, "x3": 2.604765673682156e-82, "x4": 1.7110077963815329, "x5": 2.3978288575757748e-82, "x6": 3.5942736073204546, "x7": 14.463175723016253, "x8": 1.2812589236923715, "x9": 2.749988712732662}, "datetime": {"datetime": "2025-05-18 01:28:27", "elapsed": 61273.244314, "delta": 107.125647}}
{"target": 5.4131219740716245, "params": {"x0": 0.8, "x1": 0.9, "x2": 3.1799116954839706, "x3": 1.447111211600936e-82, "x4": 1.7110077963815329, "x5": 9.83742734329297e-84, "x6": 3.5942736073204546, "x7": 14.463175723016253, "x8": 1.2812589236923715, "x9": 2.749988712732662}, "datetime": {"datetime": "2025-05-18 01:29:57", "elapsed": 61363.620926, "delta": 90.376612}}
{"target": 5.4131219740716245, "params": {"x0": 0.8, "x1": 0.9, "x2": 3.1799116954839706, "x3": 2.1112854765413635e-82, "x4": 1.7110077963815329, "x5": 2.7134160189163743e-82, "x6": 3.5942736073204546, "x7": 14.463175723016253, "x8": 1.2812589236923715, "x9": 2.749988712732662}, "datetime": {"datetime": "2025-05-18 01:31:15", "elapsed": 61441.353043, "delta": 77.732117}}
{"target": 5.4131219740716245, "params": {"x0": 0.8, "x1": 0.9, "x2": 3.1799116954839706, "x3": 2.696028693364266e-82, "x4": 1.7110077963815329, "x5": 1.7372077184274873e-82, "x6": 3.5942736073204546, "x7": 14.463175723016253, "x8": 1.2812589236923715, "x9": 2.749988712732662}, "datetime": {"datetime": "2025-05-18 01:32:44", "elapsed": 61529.819901, "delta": 88.466858}}
{"target": 5.4131219740716245, "params": {"x0": 0.8, "x1": 0.9, "x2": 3.1799116954839706, "x3": 1.2376679001105087e-82, "x4": 1.7110077963815329, "x5": 1.5493243005209678e-82, "x6": 3.5942736073204546, "x7": 14.463175723016253, "x8": 1.2812589236923715, "x9": 2.749988712732662}, "datetime": {"datetime": "2025-05-18 01:34:13", "elapsed": 61619.494929, "delta": 89.675028}}
{"target": 5.4131219740716245, "params": {"x0": 0.8, "x1": 0.9, "x2": 3.1799116954839706, "x3": 7.799988845130646e-83, "x4": 1.7110077963815329, "x5": 1.7453773419649028e-82, "x6": 3.5942736073204546, "x7": 14.463175723016253, "x8": 1.2812589236923715, "x9": 2.749988712732662}, "datetime": {"datetime": "2025-05-18 01:36:01", "elapsed": 61727.635733, "delta": 108.140804}}
{"target": 5.4131219740716245, "params": {"x0": 0.8, "x1": 0.9, "x2": 3.1799116954839706, "x3": 2.2570090647178314e-82, "x4": 1.7110077963815329, "x5": 1.3943538270784877e-82, "x6": 3.5942736073204546, "x7": 14.463175723016253, "x8": 1.2812589236923715, "x9": 2.749988712732662}, "datetime": {"datetime": "2025-05-18 01:37:37", "elapsed": 61823.682533, "delta": 96.0468}}
{"target": 5.4131219740716245, "params": {"x0": 0.8, "x1": 0.9, "x2": 3.1799116954839706, "x3": 1.8114844898089228e-82, "x4": 1.7110077963815329, "x5": 7.377956032159466e-83, "x6": 3.5942736073204546, "x7": 14.463175723016253, "x8": 1.2812589236923715, "x9": 2.749988712732662}, "datetime": {"datetime": "2025-05-18 01:39:12", "elapsed": 61918.176133, "delta": 94.4936}}
{"target": 5.4131219740716245, "params": {"x0": 0.8, "x1": 0.9, "x2": 3.1799116954839706, "x3": 4.484127748152068e-83, "x4": 1.7110077963815329, "x5": 8.188479673244157e-83, "x6": 3.5942736073204546, "x7": 14.463175723016253, "x8": 1.2812589236923715, "x9": 2.749988712732662}, "datetime": {"datetime": "2025-05-18 01:40:35", "elapsed": 62000.797256, "delta": 82.621123}}
{"target": 5.4131219740716245, "params": {"x0": 0.8, "x1": 0.9, "x2": 3.1799116954839706, "x3": 1.9815096529417068e-82, "x4": 1.7110077963815329, "x5": 2.0422639184284052e-83, "x6": 3.5942736073204546, "x7": 14.463175723016253, "x8": 1.2812589236923715, "x9": 2.749988712732662}, "datetime": {"datetime": "2025-05-18 01:41:52", "elapsed": 62078.314641, "delta": 77.517385}}
{"target": 5.4131219740716245, "params": {"x0": 0.8, "x1": 0.9, "x2": 3.1799116954839706, "x3": 1.489037152383411e-82, "x4": 1.7110077963815329, "x5": 5.439172623744917e-83, "x6": 3.5942736073204546, "x7": 14.463175723016253, "x8": 1.2812589236923715, "x9": 2.749988712732662}, "datetime": {"datetime": "2025-05-18 01:43:47", "elapsed": 62192.815232, "delta": 114.500591}}
{"target": 5.4131219740716245, "params": {"x0": 0.8, "x1": 0.9, "x2": 3.1799116954839706, "x3": 1.9902111844872212e-83, "x4": 1.7110077963815329, "x5": 3.319475801186801e-83, "x6": 3.5942736073204546, "x7": 14.463175723016253, "x8": 1.2812589236923715, "x9": 2.749988712732662}, "datetime": {"datetime": "2025-05-18 01:45:25", "elapsed": 62290.979681, "delta": 98.164449}}
{"target": 5.4131219740716245, "params": {"x0": 0.8, "x1": 0.9, "x2": 3.1799116954839706, "x3": 6.795869447570631e-83, "x4": 1.7110077963815329, "x5": 1.5429530130270244e-83, "x6": 3.5942736073204546, "x7": 14.463175723016253, "x8": 1.2812589236923715, "x9": 2.749988712732662}, "datetime": {"datetime": "2025-05-18 01:46:32", "elapsed": 62358.224211, "delta": 67.24453}}
{"target": 5.4131219740716245, "params": {"x0": 0.8, "x1": 0.9, "x2": 3.1799116954839706, "x3": 7.125110878829161e-84, "x4": 1.7110077963815329, "x5": 5.1801600521992046e-83, "x6": 3.5942736073204546, "x7": 14.463175723016253, "x8": 1.2812589236923715, "x9": 2.749988712732662}, "datetime": {"datetime": "2025-05-18 01:47:56", "elapsed": 62442.713164, "delta": 84.488953}}
{"target": 5.4131219740716245, "params": {"x0": 0.8, "x1": 0.9, "x2": 3.1799116954839706, "x3": 7.319881277142405e-83, "x4": 1.7110077963815329, "x5": 4.81459780432019e-83, "x6": 3.5942736073204546, "x7": 14.463175723016253, "x8": 1.2812589236923715, "x9": 2.749988712732662}, "datetime": {"datetime": "2025-05-18 01:49:09", "elapsed": 62515.311463, "delta": 72.598299}}
{"target": 5.4131219740716245, "params": {"x0": 0.8, "x1": 0.9, "x2": 3.1799116954839706, "x3": 5.167728476962843e-83, "x4": 1.7110077963815329, "x5": 2.948490328984456e-83, "x6": 3.5942736073204546, "x7": 14.463175723016253, "x8": 1.2812589236923715, "x9": 2.749988712732662}, "datetime": {"datetime": "2025-05-18 01:50:45", "elapsed": 62611.714013, "delta": 96.40255}}
{"target": 5.4131219740716245, "params": {"x0": 0.8, "x1": 0.9, "x2": 3.1799116954839706, "x3": 2.0576237724383956e-83, "x4": 1.7110077963815329, "x5": 2.7502768479837703e-83, "x6": 3.5942736073204546, "x7": 14.463175723016253, "x8": 1.2812589236923715, "x9": 2.749988712732662}, "datetime": {"datetime": "2025-05-18 01:52:02", "elapsed": 62688.088247, "delta": 76.374234}}
{"target": 5.4131219740716245, "params": {"x0": 0.8, "x1": 0.9, "x2": 3.1799116954839706, "x3": 7.930694991581392e-83, "x4": 1.7110077963815329, "x5": 2.7951640988289043e-83, "x6": 3.5942736073204546, "x7": 14.463175723016253, "x8": 1.2812589236923715, "x9": 2.749988712732662}, "datetime": {"datetime": "2025-05-18 01:53:24", "elapsed": 62769.809657, "delta": 81.72141}}
{"target": 5.4131219740716245, "params": {"x0": 0.8, "x1": 0.9, "x2": 3.1799116954839706, "x3": 7.77258418790705e-83, "x4": 1.7110077963815329, "x5": 2.9734342825195917e-83, "x6": 3.5942736073204546, "x7": 14.463175723016253, "x8": 1.2812589236923715, "x9": 2.749988712732662}, "datetime": {"datetime": "2025-05-18 01:54:40", "elapsed": 62846.063751, "delta": 76.254094}}
{"target": 5.4131219740716245, "params": {"x0": 0.8, "x1": 0.9, "x2": 3.1799116954839706, "x3": 6.701093783832947e-83, "x4": 1.7110077963815329, "x5": 4.883218767989772e-84, "x6": 3.5942736073204546, "x7": 14.463175723016253, "x8": 1.2812589236923715, "x9": 2.749988712732662}, "datetime": {"datetime": "2025-05-18 01:55:59", "elapsed": 62925.588916, "delta": 79.525165}}
{"target": 5.4131219740716245, "params": {"x0": 0.8, "x1": 0.9, "x2": 3.1799116954839706, "x3": 1.188944443825447e-83, "x4": 1.7110077963815329, "x5": 3.2934184660132e-84, "x6": 3.5942736073204546, "x7": 14.463175723016253, "x8": 1.2812589236923715, "x9": 2.749988712732662}, "datetime": {"datetime": "2025-05-18 01:57:35", "elapsed": 63021.22141, "delta": 95.632494}}
{"target": 5.4131219740716245, "params": {"x0": 0.8, "x1": 0.9, "x2": 3.1799116954839706, "x3": 5.0123371285683034e-83, "x4": 1.7110077963815329, "x5": 6.286904826091251e-84, "x6": 3.5942736073204546, "x7": 14.463175723016253, "x8": 1.2812589236923715, "x9": 2.749988712732662}, "datetime": {"datetime": "2025-05-18 01:58:55", "elapsed": 63101.710203, "delta": 80.488793}}
{"target": 5.4131219740716245, "params": {"x0": 0.8, "x1": 0.9, "x2": 3.1799116954839706, "x3": 2.9463566623231148e-83, "x4": 1.7110077963815329, "x5": 4.7559048672308085e-84, "x6": 3.5942736073204546, "x7": 14.463175723016253, "x8": 1.2812589236923715, "x9": 2.749988712732662}, "datetime": {"datetime": "2025-05-18 02:00:01", "elapsed": 63167.192304, "delta": 65.482101}}
{"target": 5.4131219740716245, "params": {"x0": 0.8, "x1": 0.9, "x2": 3.1799116954839706, "x3": 4.3100360776112506e-83, "x4": 1.7110077963815329, "x5": 8.979603098777323e-84, "x6": 3.5942736073204546, "x7": 14.463175723016253, "x8": 1.2812589236923715, "x9": 2.749988712732662}, "datetime": {"datetime": "2025-05-18 02:01:39", "elapsed": 63265.502204, "delta": 98.3099}}
{"target": 5.4131219740716245, "params": {"x0": 0.8, "x1": 0.9, "x2": 3.1799116954839706, "x3": 5.489883654763387e-84, "x4": 1.7110077963815329, "x5": 9.050420311628624e-84, "x6": 3.5942736073204546, "x7": 14.463175723016253, "x8": 1.2812589236923715, "x9": 2.749988712732662}, "datetime": {"datetime": "2025-05-18 02:03:37", "elapsed": 63383.616659, "delta": 118.114455}}
{"target": 5.4131219740716245, "params": {"x0": 0.8, "x1": 0.9, "x2": 3.1799116954839706, "x3": 3.6404826239802304e-83, "x4": 1.7110077963815329, "x5": 1.3210176694456906e-83, "x6": 3.5942736073204546, "x7": 14.463175723016253, "x8": 1.2812589236923715, "x9": 2.749988712732662}, "datetime": {"datetime": "2025-05-18 02:05:11", "elapsed": 63477.558173, "delta": 93.941514}}
{"target": 5.4131219740716245, "params": {"x0": 0.8, "x1": 0.9, "x2": 3.1799116954839706, "x3": 2.7477121688650358e-83, "x4": 1.7110077963815329, "x5": 1.4953809079085125e-83, "x6": 3.5942736073204546, "x7": 14.463175723016253, "x8": 1.2812589236923715, "x9": 2.749988712732662}, "datetime": {"datetime": "2025-05-18 02:06:26", "elapsed": 63552.420829, "delta": 74.862656}}
{"target": 5.4131219740716245, "params": {"x0": 0.8, "x1": 0.9, "x2": 3.1799116954839706, "x3": 1.0188895329408343e-83, "x4": 1.7110077963815329, "x5": 4.686921050386591e-84, "x6": 3.5942736073204546, "x7": 14.463175723016253, "x8": 1.2812589236923715, "x9": 2.749988712732662}, "datetime": {"datetime": "2025-05-18 02:08:11", "elapsed": 63656.979607, "delta": 104.558778}}
{"target": 5.4131219740716245, "params": {"x0": 0.8, "x1": 0.9, "x2": 3.1799116954839706, "x3": 2.6270934376590305e-83, "x4": 1.7110077963815329, "x5": 4.402598496698246e-84, "x6": 3.5942736073204546, "x7": 14.463175723016253, "x8": 1.2812589236923715, "x9": 2.749988712732662}, "datetime": {"datetime": "2025-05-18 02:09:53", "elapsed": 63759.012026, "delta": 102.032419}}
{"target": 5.4131219740716245, "params": {"x0": 0.8, "x1": 0.9, "x2": 3.1799116954839706, "x3": 2.3456268354947576e-83, "x4": 1.7110077963815329, "x5": 9.723167457570551e-84, "x6": 3.5942736073204546, "x7": 14.463175723016253, "x8": 1.2812589236923715, "x9": 2.749988712732662}, "datetime": {"datetime": "2025-05-18 02:11:50", "elapsed": 63876.094291, "delta": 117.082265}}
{"target": 5.4131219740716245, "params": {"x0": 0.8, "x1": 0.9, "x2": 3.1799116954839706, "x3": 1.9383359552301256e-83, "x4": 1.7110077963815329, "x5": 1.714226080350401e-84, "x6": 3.5942736073204546, "x7": 14.463175723016253, "x8": 1.2812589236923715, "x9": 2.749988712732662}, "datetime": {"datetime": "2025-05-18 02:13:02", "elapsed": 63948.551668, "delta": 72.457377}}
{"target": 5.4131219740716245, "params": {"x0": 0.8, "x1": 0.9, "x2": 3.1799116954839706, "x3": 5.982595022096916e-84, "x4": 1.7110077963815329, "x5": 1.3648116477540365e-83, "x6": 3.5942736073204546, "x7": 14.463175723016253, "x8": 1.2812589236923715, "x9": 2.749988712732662}, "datetime": {"datetime": "2025-05-18 02:14:14", "elapsed": 64020.537671, "delta": 71.986003}}
{"target": 5.4131219740716245, "params": {"x0": 0.8, "x1": 0.9, "x2": 3.1799116954839706, "x3": 1.3215470960049213e-83, "x4": 1.7110077963815329, "x5": 1.0184803086084124e-85, "x6": 3.5942736073204546, "x7": 14.463175723016253, "x8": 1.2812589236923715, "x9": 2.749988712732662}, "datetime": {"datetime": "2025-05-18 02:15:49", "elapsed": 64115.319172, "delta": 94.781501}}
{"target": 5.4131219740716245, "params": {"x0": 0.8, "x1": 0.9, "x2": 3.1799116954839706, "x3": 1.061904492819454e-83, "x4": 1.7110077963815329, "x5": 9.870546808686674e-84, "x6": 3.5942736073204546, "x7": 14.463175723016253, "x8": 1.2812589236923715, "x9": 2.749988712732662}, "datetime": {"datetime": "2025-05-18 02:17:17", "elapsed": 64203.588273, "delta": 88.269101}}
{"target": 5.4131219740716245, "params": {"x0": 0.8, "x1": 0.9, "x2": 3.1799116954839706, "x3": 8.399131033238106e-84, "x4": 1.7110077963815329, "x5": 9.217762508252702e-84, "x6": 3.5942736073204546, "x7": 14.463175723016253, "x8": 1.2812589236923715, "x9": 2.749988712732662}, "datetime": {"datetime": "2025-05-18 02:18:42", "elapsed": 64288.078078, "delta": 84.489805}}
{"target": 5.4131219740716245, "params": {"x0": 0.8, "x1": 0.9, "x2": 3.1799116954839706, "x3": 7.625961748887654e-84, "x4": 1.7110077963815329, "x5": 7.266860959606421e-84, "x6": 3.5942736073204546, "x7": 14.463175723016253, "x8": 1.2812589236923715, "x9": 2.749988712732662}, "datetime": {"datetime": "2025-05-18 02:20:03", "elapsed": 64369.118771, "delta": 81.040693}}
{"target": 5.4131219740716245, "params": {"x0": 0.8, "x1": 0.9, "x2": 3.1799116954839706, "x3": 1.0961373830524306e-83, "x4": 1.7110077963815329, "x5": 4.358039645994276e-84, "x6": 3.5942736073204546, "x7": 14.463175723016253, "x8": 1.2812589236923715, "x9": 2.749988712732662}, "datetime": {"datetime": "2025-05-18 02:21:38", "elapsed": 64463.749094, "delta": 94.630323}}
{"target": 5.4131219740716245, "params": {"x0": 0.8, "x1": 0.9, "x2": 3.1799116954839706, "x3": 1.2126649240046926e-84, "x4": 1.7110077963815329, "x5": 1.7120733042467845e-84, "x6": 3.5942736073204546, "x7": 14.463175723016253, "x8": 1.2812589236923715, "x9": 2.749988712732662}, "datetime": {"datetime": "2025-05-18 02:22:47", "elapsed": 64533.615298, "delta": 69.866204}}
{"target": 5.4131219740716245, "params": {"x0": 0.8, "x1": 0.9, "x2": 3.1799116954839706, "x3": 4.145599615450188e-84, "x4": 1.7110077963815329, "x5": 3.6950908789152385e-84, "x6": 3.5942736073204546, "x7": 14.463175723016253, "x8": 1.2812589236923715, "x9": 2.749988712732662}, "datetime": {"datetime": "2025-05-18 02:23:52", "elapsed": 64598.135753, "delta": 64.520455}}
{"target": 5.4131219740716245, "params": {"x0": 0.8, "x1": 0.9, "x2": 3.1799116954839706, "x3": 2.1328351479832095e-85, "x4": 1.7110077963815329, "x5": 1.4637597754589195e-84, "x6": 3.5942736073204546, "x7": 14.463175723016253, "x8": 1.2812589236923715, "x9": 2.749988712732662}, "datetime": {"datetime": "2025-05-18 02:25:14", "elapsed": 64680.722996, "delta": 82.587243}}
{"target": 5.4131219740716245, "params": {"x0": 0.8, "x1": 0.9, "x2": 3.1799116954839706, "x3": 7.001077031339081e-85, "x4": 1.7110077963815329, "x5": 1.2410598274159851e-85, "x6": 3.5942736073204546, "x7": 14.463175723016253, "x8": 1.2812589236923715, "x9": 2.749988712732662}, "datetime": {"datetime": "2025-05-18 02:26:49", "elapsed": 64774.751572, "delta": 94.028576}}
{"target": 5.4131219740716245, "params": {"x0": 0.8, "x1": 0.9, "x2": 3.1799116954839706, "x3": 6.188904770646136e-84, "x4": 1.7110077963815329, "x5": 1.7392070950794012e-84, "x6": 3.5942736073204546, "x7": 14.463175723016253, "x8": 1.2812589236923715, "x9": 2.749988712732662}, "datetime": {"datetime": "2025-05-18 02:28:12", "elapsed": 64857.755897, "delta": 83.004325}}
{"target": 5.4131219740716245, "params": {"x0": 0.8, "x1": 0.9, "x2": 3.1799116954839706, "x3": 4.833506869902649e-84, "x4": 1.7110077963815329, "x5": 4.333409897534351e-84, "x6": 3.5942736073204546, "x7": 14.463175723016253, "x8": 1.2812589236923715, "x9": 2.749988712732662}, "datetime": {"datetime": "2025-05-18 02:29:28", "elapsed": 64934.707659, "delta": 76.951762}}
{"target": 5.4131219740716245, "params": {"x0": 0.8, "x1": 0.9, "x2": 3.1799116954839706, "x3": 2.5331747657354748e-85, "x4": 1.7110077963815329, "x5": 3.4023365217799386e-85, "x6": 3.5942736073204546, "x7": 14.463175723016253, "x8": 1.2812589236923715, "x9": 2.749988712732662}, "datetime": {"datetime": "2025-05-18 02:30:39", "elapsed": 65004.938682, "delta": 70.231023}}
