{"target": 5.4131219740716245, "params": {"x0": 0.8, "x1": 0.9, "x2": 3.1799094778735917, "x3": 0.0, "x4": 1.7110070308591003, "x5": 0.0, "x6": 3.5942686663038597, "x7": 14.463161225103942, "x8": 1.2812606502459625, "x9": 2.749989884499658}, "datetime": {"datetime": "2025-05-17 08:56:36", "elapsed": 1762.068391, "delta": 9.767064}}
{"target": 5.4131219740716245, "params": {"x0": 0.8, "x1": 0.9, "x2": 3.179909699634629, "x3": 0.0, "x4": 1.7110071074113435, "x5": 0.0, "x6": 3.5942691604055192, "x7": 14.463162674895173, "x8": 1.2812604775906034, "x9": 2.7499897673229583}, "datetime": {"datetime": "2025-05-17 08:56:45", "elapsed": 1771.704527, "delta": 9.636136}}
{"target": 5.4131219740716245, "params": {"x0": 0.8, "x1": 0.9, "x2": 3.1799098992195636, "x3": 0.0, "x4": 1.7110071763083625, "x5": 0.0, "x6": 3.5942696050970127, "x7": 14.46316397970728, "x8": 1.2812603222007801, "x9": 2.749989661863929}, "datetime": {"datetime": "2025-05-17 08:56:55", "elapsed": 1781.528918, "delta": 9.824391}}
{"target": 5.4131219740716245, "params": {"x0": 0.8, "x1": 0.9, "x2": 3.1799100788460044, "x3": 0.0, "x4": 1.7110072383156796, "x5": 0.0, "x6": 3.594270005319357, "x7": 14.463165154038178, "x8": 1.2812601823499392, "x9": 2.749989566950802}, "datetime": {"datetime": "2025-05-17 08:57:06", "elapsed": 1791.81659, "delta": 10.287672}}
{"target": 5.4131219740716245, "params": {"x0": 0.8, "x1": 0.9, "x2": 3.179910240509801, "x3": 0.0, "x4": 1.711007294122265, "x5": 0.0, "x6": 3.5942703655194665, "x7": 14.463166210935986, "x8": 1.2812600564841825, "x9": 2.749989481528988}, "datetime": {"datetime": "2025-05-17 08:57:15", "elapsed": 1801.354845, "delta": 9.538255}}
{"target": 5.4131219740716245, "params": {"x0": 0.8, "x1": 0.9, "x2": 3.1799103860072178, "x3": 0.0, "x4": 1.7110073443481917, "x5": 0.0, "x6": 3.5942706896995653, "x7": 14.463167162144012, "x8": 1.2812599432050014, "x9": 2.7499894046493556}, "datetime": {"datetime": "2025-05-17 08:57:25", "elapsed": 1811.266147, "delta": 9.911302}}
{"target": 5.4131219740716245, "params": {"x0": 0.8, "x1": 0.9, "x2": 3.179910516954893, "x3": 0.0, "x4": 1.7110073895515259, "x5": 0.0, "x6": 3.5942709814616545, "x7": 14.463168018231237, "x8": 1.2812598412537384, "x9": 2.7499893354576863}, "datetime": {"datetime": "2025-05-17 08:57:35", "elapsed": 1820.962637, "delta": 9.69649}}
{"target": 5.4131219740716245, "params": {"x0": 0.8, "x1": 0.9, "x2": 3.179910634807801, "x3": 0.0, "x4": 1.7110074302345264, "x5": 0.0, "x6": 3.5942712440475346, "x7": 14.463168788709739, "x8": 1.2812597494976017, "x9": 2.7499892731851836}, "datetime": {"datetime": "2025-05-17 08:57:44", "elapsed": 1830.58264, "delta": 9.620003}}
{"target": 5.4131219740716245, "params": {"x0": 0.8, "x1": 0.9, "x2": 3.179910740875418, "x3": 0.0, "x4": 1.7110074668492272, "x5": 0.0, "x6": 3.5942714803748266, "x7": 14.46316948214039, "x8": 1.2812596669170786, "x9": 2.7499892171399316}, "datetime": {"datetime": "2025-05-17 08:57:54", "elapsed": 1840.4536, "delta": 9.87096}}
{"target": 5.4131219740716245, "params": {"x0": 0.8, "x1": 0.9, "x2": 3.179910836336273, "x3": 0.0, "x4": 1.7110074998024576, "x5": 0.0, "x6": 3.5942716930693894, "x7": 14.463170106227976, "x8": 1.281259592594608, "x9": 2.7499891666992045}, "datetime": {"datetime": "2025-05-17 08:58:04", "elapsed": 1850.020302, "delta": 9.566702}}
{"target": 5.4131219740716245, "params": {"x0": 0.8000000070165366, "x1": 0.9000000244798949, "x2": 3.1799109535803733, "x3": 7.442808694338276e-09, "x4": 1.711007711803432, "x5": 8.192297398973832e-08, "x6": 3.594272787844994, "x7": 14.463180177861428, "x8": 1.2812593175904738, "x9": 2.749989102628381}, "datetime": {"datetime": "2025-05-17 08:58:14", "elapsed": 1859.874384, "delta": 9.854082}}
{"target": 5.4131219740716245, "params": {"x0": 0.8000000230568656, "x1": 0.9000000109817622, "x2": 3.1799119770529845, "x3": 4.366511849431743e-08, "x4": 1.711007652752696, "x5": 9.890045941137226e-08, "x6": 3.5942722993062195, "x7": 14.46317125652667, "x8": 1.2812590818203384, "x9": 2.749989056228586}, "datetime": {"datetime": "2025-05-17 08:58:23", "elapsed": 1869.527603, "delta": 9.653219}}
{"target": 5.4131219740716245, "params": {"x0": 0.8000000079999927, "x1": 0.9000000050874393, "x2": 3.17991134803648, "x3": 3.073395058308355e-08, "x4": 1.7110077723784969, "x5": 1.1398672544046965e-07, "x6": 3.594272270009505, "x7": 14.463174697865362, "x8": 1.2812590644678314, "x9": 2.749988955746449}, "datetime": {"datetime": "2025-05-17 08:58:33", "elapsed": 1879.060565, "delta": 9.532962}}
{"target": 5.4131219740716245, "params": {"x0": 0.8000000058675821, "x1": 0.9000000064981537, "x2": 3.179912031171735, "x3": 7.694576092145512e-09, "x4": 1.7110077027731287, "x5": 1.934714855605805e-07, "x6": 3.594272685231612, "x7": 14.463178831319615, "x8": 1.2812593609860956, "x9": 2.74998895279812}, "datetime": {"datetime": "2025-05-17 08:58:42", "elapsed": 1888.722521, "delta": 9.661956}}
{"target": 5.4131219740716245, "params": {"x0": 0.8000000032827546, "x1": 0.9000000091924945, "x2": 3.179911389390013, "x3": 2.882876523755508e-09, "x4": 1.7110077486923805, "x5": 2.330489039024431e-08, "x6": 3.594274204584421, "x7": 14.46317749493437, "x8": 1.2812591484428477, "x9": 2.7499889752562057}, "datetime": {"datetime": "2025-05-17 08:58:52", "elapsed": 1898.532843, "delta": 9.810322}}
{"target": 5.4131219740716245, "params": {"x0": 0.8000000086191569, "x1": 0.9000000064342814, "x2": 3.1799119267638987, "x3": 1.7881057394102945e-08, "x4": 1.7110077701904705, "x5": 6.713287349003717e-09, "x6": 3.5942733957259994, "x7": 14.46317533428319, "x8": 1.2812591051126838, "x9": 2.749988942225741}, "datetime": {"datetime": "2025-05-17 08:59:02", "elapsed": 1908.346657, "delta": 9.813814}}
{"target": 5.4131219740716245, "params": {"x0": 0.8000000061430966, "x1": 0.9000000073448472, "x2": 3.1799116439097825, "x3": 8.922739255900869e-09, "x4": 1.711007688176656, "x5": 2.0809018715640995e-07, "x6": 3.594273474572091, "x7": 14.463174554442425, "x8": 1.2812591981815131, "x9": 2.7499888557538834}, "datetime": {"datetime": "2025-05-17 08:59:12", "elapsed": 1917.9584, "delta": 9.611743}}
{"target": 5.4131219740716245, "params": {"x0": 0.8000000027448142, "x1": 0.9000000073652574, "x2": 3.17991141522855, "x3": 4.489347551787105e-09, "x4": 1.7110077196786455, "x5": 1.3609298714789646e-07, "x6": 3.594273260023012, "x7": 14.463175667125416, "x8": 1.2812591760888736, "x9": 2.749988851263477}, "datetime": {"datetime": "2025-05-17 08:59:21", "elapsed": 1927.718194, "delta": 9.759794}}
{"target": 5.4131219740716245, "params": {"x0": 0.8000000105678936, "x1": 0.9000000001374648, "x2": 3.179911840910503, "x3": 1.434256493154966e-08, "x4": 1.7110076848891849, "x5": 1.2720142989652413e-07, "x6": 3.5942729912730345, "x7": 14.46317368226402, "x8": 1.2812591068497885, "x9": 2.7499888430879076}, "datetime": {"datetime": "2025-05-17 08:59:31", "elapsed": 1937.479538, "delta": 9.761344}}
{"target": 5.4131219740716245, "params": {"x0": 0.8000000048442909, "x1": 0.9000000072697641, "x2": 3.179911880738006, "x3": 3.4590088732278376e-09, "x4": 1.711007784277983, "x5": 6.79099647823575e-08, "x6": 3.59427296491923, "x7": 14.46317494587993, "x8": 1.2812591108692963, "x9": 2.7499888676408815}, "datetime": {"datetime": "2025-05-17 08:59:41", "elapsed": 1947.10108, "delta": 9.621542}}
{"target": 5.4131219740716245, "params": {"x0": 0.8000000038050483, "x1": 0.9000000060630345, "x2": 3.179911725724457, "x3": 2.0402683791987067e-09, "x4": 1.7110078583400044, "x5": 8.993822742744926e-08, "x6": 3.594273020275347, "x7": 14.46317593558473, "x8": 1.2812590459741826, "x9": 2.7499888224650184}, "datetime": {"datetime": "2025-05-17 08:59:51", "elapsed": 1957.01485, "delta": 9.91377}}
{"target": 5.4131219740716245, "params": {"x0": 0.800000005167165, "x1": 0.9000000001424875, "x2": 3.1799116815583974, "x3": 1.7371235041137042e-09, "x4": 1.7110077821362544, "x5": 1.907570413875741e-08, "x6": 3.5942730942548295, "x7": 14.463176769130332, "x8": 1.2812590192346782, "x9": 2.7499887743119884}, "datetime": {"datetime": "2025-05-17 09:00:01", "elapsed": 1966.809327, "delta": 9.794477}}
{"target": 5.4131219740716245, "params": {"x0": 0.8000000020026838, "x1": 0.9000000018018475, "x2": 3.1799118280342937, "x3": 1.0762532549068364e-08, "x4": 1.7110077299385145, "x5": 2.5523616950480367e-08, "x6": 3.594273436059277, "x7": 14.46317539240385, "x8": 1.2812588974101895, "x9": 2.7499888146016094}, "datetime": {"datetime": "2025-05-17 09:00:10", "elapsed": 1976.45713, "delta": 9.647803}}
{"target": 5.4131219740716245, "params": {"x0": 0.8000000012192349, "x1": 0.9000000035319103, "x2": 3.179911799094868, "x3": 4.512555355246374e-09, "x4": 1.7110077590953359, "x5": 3.230680960681781e-08, "x6": 3.5942732654008887, "x7": 14.463174675875706, "x8": 1.2812589723055874, "x9": 2.7499887842201107}, "datetime": {"datetime": "2025-05-17 09:00:20", "elapsed": 1986.477853, "delta": 10.020723}}
{"target": 5.4131219740716245, "params": {"x0": 0.800000001095381, "x1": 0.9000000014989389, "x2": 3.1799118192572813, "x3": 1.5484035036304835e-09, "x4": 1.7110078208976853, "x5": 8.452964900382932e-09, "x6": 3.5942735667805374, "x7": 14.463175443183141, "x8": 1.2812590410390887, "x9": 2.749988762609122}, "datetime": {"datetime": "2025-05-17 09:00:30", "elapsed": 1996.552389, "delta": 10.074536}}
{"target": 5.4131219740716245, "params": {"x0": 0.8000000015833341, "x1": 0.9000000002138816, "x2": 3.1799115660858313, "x3": 9.469192818404224e-10, "x4": 1.7110078015779866, "x5": 5.562662937648751e-08, "x6": 3.5942734845224593, "x7": 14.463174828766387, "x8": 1.2812588173447819, "x9": 2.7499887939031606}, "datetime": {"datetime": "2025-05-17 09:00:40", "elapsed": 2006.415923, "delta": 9.863534}}
{"target": 5.4131219740716245, "params": {"x0": 0.8000000011087561, "x1": 0.9000000014739006, "x2": 3.1799116670335503, "x3": 5.684699635664093e-09, "x4": 1.7110078104869653, "x5": 2.357129311949913e-08, "x6": 3.59427334510816, "x7": 14.463176058690708, "x8": 1.2812588761966108, "x9": 2.74998878391284}, "datetime": {"datetime": "2025-05-17 09:00:50", "elapsed": 2016.261755, "delta": 9.845832}}
{"target": 5.4131219740716245, "params": {"x0": 0.8000000034629353, "x1": 0.9000000008118987, "x2": 3.1799116578944027, "x3": 4.06008958644492e-09, "x4": 1.711007794392046, "x5": 2.7517645927537197e-08, "x6": 3.5942733837507985, "x7": 14.463174982825569, "x8": 1.281259000301608, "x9": 2.749988739887266}, "datetime": {"datetime": "2025-05-17 09:01:00", "elapsed": 2025.923011, "delta": 9.661256}}
{"target": 5.4131219740716245, "params": {"x0": 0.8000000008592515, "x1": 0.9000000013626468, "x2": 3.179911585967935, "x3": 2.3232531674631856e-09, "x4": 1.711007786959314, "x5": 1.70110739762475e-08, "x6": 3.5942736400820863, "x7": 14.46317611361753, "x8": 1.281258955944188, "x9": 2.7499887568677694}, "datetime": {"datetime": "2025-05-17 09:01:10", "elapsed": 2035.753519, "delta": 9.830508}}
{"target": 5.4131219740716245, "params": {"x0": 0.8000000009362969, "x1": 0.9000000009661449, "x2": 3.1799116063129285, "x3": 2.3534182075713274e-09, "x4": 1.7110078047721098, "x5": 7.363628967044288e-10, "x6": 3.5942736260277854, "x7": 14.463175301189981, "x8": 1.2812589033333304, "x9": 2.749988760847674}, "datetime": {"datetime": "2025-05-17 09:01:19", "elapsed": 2045.534576, "delta": 9.781057}}
{"target": 5.4131219740716245, "params": {"x0": 0.8000000020351207, "x1": 0.9000000006893372, "x2": 3.1799116423341474, "x3": 2.210041368301245e-09, "x4": 1.7110077818162146, "x5": 2.8592978678862256e-09, "x6": 3.594273505980304, "x7": 14.463175268594616, "x8": 1.28125898295722, "x9": 2.7499887457205126}, "datetime": {"datetime": "2025-05-17 09:01:29", "elapsed": 2055.427932, "delta": 9.893356}}
{"target": 5.4131219740716245, "params": {"x0": 0.8000000006309217, "x1": 0.9000000042283401, "x2": 3.179911678817072, "x3": 2.929831410471312e-11, "x4": 1.711007780140976, "x5": 1.4391324026765227e-08, "x6": 3.5942735417966345, "x7": 14.463175454597874, "x8": 1.281258912879593, "x9": 2.7499887559099907}, "datetime": {"datetime": "2025-05-17 09:01:39", "elapsed": 2065.299768, "delta": 9.871836}}
{"target": 5.4131219740716245, "params": {"x0": 0.8000000004641024, "x1": 0.9000000004697181, "x2": 3.179911629334029, "x3": 1.1512261865093486e-09, "x4": 1.711007771111932, "x5": 1.3567044483692433e-08, "x6": 3.5942736739381784, "x7": 14.46317555360179, "x8": 1.2812589086391308, "x9": 2.7499887507764336}, "datetime": {"datetime": "2025-05-17 09:01:49", "elapsed": 2075.122401, "delta": 9.822633}}
{"target": 5.4131219740716245, "params": {"x0": 0.8000000001143731, "x1": 0.900000002572426, "x2": 3.1799116972877544, "x3": 1.0964439876549177e-09, "x4": 1.711007781874763, "x5": 2.0457690141371566e-09, "x6": 3.5942734740119295, "x7": 14.463175391691584, "x8": 1.2812589226946325, "x9": 2.7499887438751363}, "datetime": {"datetime": "2025-05-17 09:01:59", "elapsed": 2085.527002, "delta": 10.404601}}
{"target": 5.4131219740716245, "params": {"x0": 0.8000000011764177, "x1": 0.900000001153914, "x2": 3.1799116604334405, "x3": 3.579765380904585e-09, "x4": 1.7110077783389213, "x5": 2.741279664106671e-08, "x6": 3.5942735183268635, "x7": 14.46317542574347, "x8": 1.2812589577303084, "x9": 2.7499887376386307}, "datetime": {"datetime": "2025-05-17 09:02:09", "elapsed": 2095.207906, "delta": 9.680904}}
{"target": 5.4131219740716245, "params": {"x0": 0.8000000009004744, "x1": 0.9000000007510878, "x2": 3.1799117012825753, "x3": 6.850523889052284e-11, "x4": 1.7110078094726477, "x5": 4.376075037536244e-09, "x6": 3.5942736587969772, "x7": 14.463175678712222, "x8": 1.281258959861037, "x9": 2.7499887381037866}, "datetime": {"datetime": "2025-05-17 09:02:19", "elapsed": 2104.880661, "delta": 9.672755}}
{"target": 5.4131219740716245, "params": {"x0": 0.8000000007126944, "x1": 0.9000000008007412, "x2": 3.17991174016568, "x3": 6.081104084336809e-12, "x4": 1.7110077799664773, "x5": 9.308411939555921e-09, "x6": 3.5942735660261027, "x7": 14.46317544114901, "x8": 1.2812589386895685, "x9": 2.749988738548949}, "datetime": {"datetime": "2025-05-17 09:02:28", "elapsed": 2114.70997, "delta": 9.829309}}
{"target": 5.4131219740716245, "params": {"x0": 0.8000000003451974, "x1": 0.9000000000972819, "x2": 3.179911689263214, "x3": 4.234068135315796e-10, "x4": 1.711007789044562, "x5": 6.929088485858213e-09, "x6": 3.5942735546447713, "x7": 14.46317586838375, "x8": 1.2812589558527643, "x9": 2.7499887262452845}, "datetime": {"datetime": "2025-05-17 09:02:39", "elapsed": 2124.794476, "delta": 10.084506}}
{"target": 5.4131219740716245, "params": {"x0": 0.8000000011973901, "x1": 0.900000000021988, "x2": 3.1799116721377643, "x3": 1.5566835803582965e-10, "x4": 1.7110078032308353, "x5": 3.778328581932854e-09, "x6": 3.5942736718650696, "x7": 14.463175577306657, "x8": 1.2812589280498459, "x9": 2.7499887309805744}, "datetime": {"datetime": "2025-05-17 09:02:48", "elapsed": 2134.669162, "delta": 9.874686}}
{"target": 5.4131219740716245, "params": {"x0": 0.8000000000313916, "x1": 0.9000000002312594, "x2": 3.1799117273157598, "x3": 9.14392128385095e-10, "x4": 1.7110077908589083, "x5": 1.732822888049447e-08, "x6": 3.5942735560318098, "x7": 14.463175741977647, "x8": 1.2812589296580377, "x9": 2.749988731642117}, "datetime": {"datetime": "2025-05-17 09:02:58", "elapsed": 2144.40034, "delta": 9.731178}}
{"target": 5.4131219740716245, "params": {"x0": 0.8000000009087032, "x1": 0.9000000003128894, "x2": 3.1799116952311786, "x3": 9.699889858248368e-10, "x4": 1.7110077908760022, "x5": 8.179838441205505e-10, "x6": 3.5942736052699815, "x7": 14.463175888040732, "x8": 1.2812589395422105, "x9": 2.749988726340891}, "datetime": {"datetime": "2025-05-17 09:03:08", "elapsed": 2154.153492, "delta": 9.753152}}
{"target": 5.4131219740716245, "params": {"x0": 0.800000000244652, "x1": 0.9000000000326237, "x2": 3.179911677167166, "x3": 1.2162295894295286e-09, "x4": 1.711007801942774, "x5": 2.589846626303397e-09, "x6": 3.5942736471151533, "x7": 14.463175582187496, "x8": 1.2812589209557301, "x9": 2.749988727866085}, "datetime": {"datetime": "2025-05-17 09:03:18", "elapsed": 2164.085845, "delta": 9.932353}}
{"target": 5.4131219740716245, "params": {"x0": 0.8000000007147263, "x1": 0.9000000001864825, "x2": 3.1799117009640625, "x3": 5.153811820429662e-10, "x4": 1.7110077948877835, "x5": 5.32960684580664e-09, "x6": 3.594273579948846, "x7": 14.463175730052644, "x8": 1.2812589394919005, "x9": 2.7499887251322908}, "datetime": {"datetime": "2025-05-17 09:03:28", "elapsed": 2174.024461, "delta": 9.938616}}
{"target": 5.4131219740716245, "params": {"x0": 0.8000000006640599, "x1": 0.9000000001953371, "x2": 3.179911719347004, "x3": 2.524069327459076e-10, "x4": 1.7110077955728924, "x5": 4.662951396023009e-09, "x6": 3.59427361341958, "x7": 14.46317565048809, "x8": 1.2812589317196577, "x9": 2.749988722410614}, "datetime": {"datetime": "2025-05-17 09:03:38", "elapsed": 2183.753464, "delta": 9.729003}}
{"target": 5.4131219740716245, "params": {"x0": 0.8000000004529315, "x1": 0.9000000000717361, "x2": 3.1799116819119035, "x3": 5.143038739076702e-10, "x4": 1.7110077997395654, "x5": 5.336769213140708e-10, "x6": 3.5942735832845907, "x7": 14.463175665994804, "x8": 1.2812589101020935, "x9": 2.749988722905043}, "datetime": {"datetime": "2025-05-17 09:03:47", "elapsed": 2193.709379, "delta": 9.955915}}
{"target": 5.4131219740716245, "params": {"x0": 0.8000000000705509, "x1": 0.9000000003044124, "x2": 3.179911678282398, "x3": 2.9984177568772284e-10, "x4": 1.7110077982991614, "x5": 6.075090345951031e-10, "x6": 3.5942736267473525, "x7": 14.463175646626295, "x8": 1.2812589284057272, "x9": 2.7499887213686383}, "datetime": {"datetime": "2025-05-17 09:03:58", "elapsed": 2204.09295, "delta": 10.383571}}
{"target": 5.4131219740716245, "params": {"x0": 0.8000000004186677, "x1": 0.900000000429041, "x2": 3.1799116790975575, "x3": 6.417465724799853e-10, "x4": 1.7110077939571402, "x5": 5.3534571544935836e-09, "x6": 3.594273591361552, "x7": 14.463175808673478, "x8": 1.2812589371046001, "x9": 2.7499887189093477}, "datetime": {"datetime": "2025-05-17 09:04:08", "elapsed": 2213.889021, "delta": 9.796071}}
{"target": 5.4131219740716245, "params": {"x0": 0.800000000004292, "x1": 0.9000000000628036, "x2": 3.1799116984308338, "x3": 4.995006082105764e-10, "x4": 1.711007792936652, "x5": 1.6003118987156059e-09, "x6": 3.5942735925317733, "x7": 14.463175697143104, "x8": 1.2812589257065041, "x9": 2.749988718556591}, "datetime": {"datetime": "2025-05-17 09:04:18", "elapsed": 2223.934589, "delta": 10.045568}}
{"target": 5.4131219740716245, "params": {"x0": 0.800000000209473, "x1": 0.9000000003056751, "x2": 3.179911683178459, "x3": 3.4728016894865096e-10, "x4": 1.711007798736785, "x5": 7.405282423357274e-11, "x6": 3.5942735900497556, "x7": 14.463175652191188, "x8": 1.281258934296869, "x9": 2.749988717725148}, "datetime": {"datetime": "2025-05-17 09:04:28", "elapsed": 2233.916746, "delta": 9.982157}}
{"target": 5.4131219740716245, "params": {"x0": 0.8000000001903259, "x1": 0.9000000002990791, "x2": 3.1799116900871547, "x3": 2.135856449043698e-10, "x4": 1.7110077962229135, "x5": 1.6367437968979311e-10, "x6": 3.5942735804268664, "x7": 14.463175667524766, "x8": 1.2812589200987856, "x9": 2.7499887180956506}, "datetime": {"datetime": "2025-05-17 09:04:38", "elapsed": 2244.321706, "delta": 10.40496}}
{"target": 5.4131219740716245, "params": {"x0": 0.8000000002069443, "x1": 0.9000000001126427, "x2": 3.1799116923412556, "x3": 9.999444095620235e-10, "x4": 1.7110077984650611, "x5": 1.6079769770645584e-09, "x6": 3.594273593034115, "x7": 14.463175749817916, "x8": 1.2812589325351835, "x9": 2.749988718202838}, "datetime": {"datetime": "2025-05-17 09:04:48", "elapsed": 2254.373024, "delta": 10.051318}}
{"target": 5.4131219740716245, "params": {"x0": 0.8000000002924792, "x1": 0.9000000004764983, "x2": 3.1799116874032975, "x3": 4.687953244007495e-13, "x4": 1.7110077973809172, "x5": 1.1793750448397593e-09, "x6": 3.594273590861779, "x7": 14.46317573393958, "x8": 1.2812589304590605, "x9": 2.749988717375691}, "datetime": {"datetime": "2025-05-17 09:04:58", "elapsed": 2264.333244, "delta": 9.96022}}
{"target": 5.4131219740716245, "params": {"x0": 0.8000000002000821, "x1": 0.9000000000966806, "x2": 3.1799116936425462, "x3": 1.4257628356398683e-10, "x4": 1.7110077964603212, "x5": 5.850383871878896e-12, "x6": 3.594273606358122, "x7": 14.463175716238023, "x8": 1.2812589264085323, "x9": 2.749988715904464}, "datetime": {"datetime": "2025-05-17 09:05:08", "elapsed": 2274.542982, "delta": 10.209738}}
{"target": 5.4131219740716245, "params": {"x0": 0.8000000002389986, "x1": 0.9000000000268683, "x2": 3.1799116926968716, "x3": 8.972739910715219e-11, "x4": 1.7110077961234444, "x5": 1.4333289976406397e-09, "x6": 3.594273589135881, "x7": 14.463175695037508, "x8": 1.281258925483961, "x9": 2.7499887170792943}, "datetime": {"datetime": "2025-05-17 09:05:18", "elapsed": 2284.45828, "delta": 9.915298}}
{"target": 5.4131219740716245, "params": {"x0": 0.800000000088082, "x1": 0.9000000000290077, "x2": 3.1799116887831813, "x3": 1.837965564181523e-10, "x4": 1.7110077970665574, "x5": 2.9430740030186694e-10, "x6": 3.5942735978287197, "x7": 14.463175724408542, "x8": 1.2812589277353106, "x9": 2.7499887145715762}, "datetime": {"datetime": "2025-05-17 09:05:28", "elapsed": 2294.219805, "delta": 9.761525}}
{"target": 5.4131219740716245, "params": {"x0": 0.8000000000079553, "x1": 0.9000000001215502, "x2": 3.1799116888974424, "x3": 5.061246979734038e-11, "x4": 1.7110077947161804, "x5": 3.1872041404863757e-09, "x6": 3.594273606372897, "x7": 14.463175695838538, "x8": 1.2812589220771051, "x9": 2.7499887158269183}, "datetime": {"datetime": "2025-05-17 09:05:38", "elapsed": 2303.999597, "delta": 9.779792}}
