{"target": 5.4131219740716245, "params": {"x0": 0.8, "x1": 0.9, "x2": 3.1799116954839706, "x3": 6.550911595688942e-61, "x4": 1.7110077963815329, "x5": 2.493587437358953e-60, "x6": 3.5942736073204546, "x7": 14.463175723016253, "x8": 1.2812589236923715, "x9": 2.749988712732662}, "datetime": {"datetime": "2025-05-17 16:37:35", "elapsed": 29421.399913, "delta": 62.006768}}
{"target": 5.4131219740716245, "params": {"x0": 0.8, "x1": 0.9, "x2": 3.1799116954839706, "x3": 7.998227230625488e-60, "x4": 1.7110077963815329, "x5": 6.176907725468749e-60, "x6": 3.5942736073204546, "x7": 14.463175723016253, "x8": 1.2812589236923715, "x9": 2.749988712732662}, "datetime": {"datetime": "2025-05-17 16:38:34", "elapsed": 29479.917895, "delta": 58.517982}}
{"target": 5.4131219740716245, "params": {"x0": 0.8, "x1": 0.9, "x2": 3.1799116954839706, "x3": 7.781557654350926e-60, "x4": 1.7110077963815329, "x5": 5.3466408861261194e-61, "x6": 3.5942736073204546, "x7": 14.463175723016253, "x8": 1.2812589236923715, "x9": 2.749988712732662}, "datetime": {"datetime": "2025-05-17 16:39:29", "elapsed": 29534.888878, "delta": 54.970983}}
{"target": 5.4131219740716245, "params": {"x0": 0.8, "x1": 0.9, "x2": 3.1799116954839706, "x3": 1.3306417996810546e-61, "x4": 1.7110077963815329, "x5": 3.885368558000676e-60, "x6": 3.5942736073204546, "x7": 14.463175723016253, "x8": 1.2812589236923715, "x9": 2.749988712732662}, "datetime": {"datetime": "2025-05-17 16:40:21", "elapsed": 29586.998426, "delta": 52.109548}}
{"target": 5.4131219740716245, "params": {"x0": 0.8, "x1": 0.9, "x2": 3.1799116954839706, "x3": 1.1108982818512318e-60, "x4": 1.7110077963815329, "x5": 2.7894197442537896e-60, "x6": 3.5942736073204546, "x7": 14.463175723016253, "x8": 1.2812589236923715, "x9": 2.749988712732662}, "datetime": {"datetime": "2025-05-17 16:41:18", "elapsed": 29644.520436, "delta": 57.52201}}
{"target": 5.4131219740716245, "params": {"x0": 0.8, "x1": 0.9, "x2": 3.1799116954839706, "x3": 7.520076312923785e-61, "x4": 1.7110077963815329, "x5": 3.5335388177589465e-60, "x6": 3.5942736073204546, "x7": 14.463175723016253, "x8": 1.2812589236923715, "x9": 2.749988712732662}, "datetime": {"datetime": "2025-05-17 16:42:01", "elapsed": 29687.399742, "delta": 42.879306}}
{"target": 5.4131219740716245, "params": {"x0": 0.8, "x1": 0.9, "x2": 3.1799116954839706, "x3": 5.300093005160642e-60, "x4": 1.7110077963815329, "x5": 9.312101451137018e-61, "x6": 3.5942736073204546, "x7": 14.463175723016253, "x8": 1.2812589236923715, "x9": 2.749988712732662}, "datetime": {"datetime": "2025-05-17 16:42:44", "elapsed": 29730.71993, "delta": 43.320188}}
{"target": 5.4131219740716245, "params": {"x0": 0.8, "x1": 0.9, "x2": 3.1799116954839706, "x3": 3.304652646899411e-60, "x4": 1.7110077963815329, "x5": 2.1694781267055962e-60, "x6": 3.5942736073204546, "x7": 14.463175723016253, "x8": 1.2812589236923715, "x9": 2.749988712732662}, "datetime": {"datetime": "2025-05-17 16:43:31", "elapsed": 29777.28399, "delta": 46.56406}}
{"target": 5.4131219740716245, "params": {"x0": 0.8, "x1": 0.9, "x2": 3.1799116954839706, "x3": 3.4778464060288115e-60, "x4": 1.7110077963815329, "x5": 1.6274761903250515e-60, "x6": 3.5942736073204546, "x7": 14.463175723016253, "x8": 1.2812589236923715, "x9": 2.749988712732662}, "datetime": {"datetime": "2025-05-17 16:44:20", "elapsed": 29826.695949, "delta": 49.411959}}
{"target": 5.4131219740716245, "params": {"x0": 0.8, "x1": 0.9, "x2": 3.1799116954839706, "x3": 1.0603504389031136e-60, "x4": 1.7110077963815329, "x5": 4.837456474328969e-61, "x6": 3.5942736073204546, "x7": 14.463175723016253, "x8": 1.2812589236923715, "x9": 2.749988712732662}, "datetime": {"datetime": "2025-05-17 16:45:06", "elapsed": 29872.216085, "delta": 45.520136}}
{"target": 5.4131219740716245, "params": {"x0": 0.8, "x1": 0.9, "x2": 3.1799116954839706, "x3": 1.8863570008310009e-60, "x4": 1.7110077963815329, "x5": 1.539033196815281e-60, "x6": 3.5942736073204546, "x7": 14.463175723016253, "x8": 1.2812589236923715, "x9": 2.749988712732662}, "datetime": {"datetime": "2025-05-17 16:45:45", "elapsed": 29911.095064, "delta": 38.878979}}
{"target": 5.4131219740716245, "params": {"x0": 0.8, "x1": 0.9, "x2": 3.1799116954839706, "x3": 3.1508571276849203e-60, "x4": 1.7110077963815329, "x5": 6.520742578953474e-62, "x6": 3.5942736073204546, "x7": 14.463175723016253, "x8": 1.2812589236923715, "x9": 2.749988712732662}, "datetime": {"datetime": "2025-05-17 16:46:37", "elapsed": 29963.277778, "delta": 52.182714}}
{"target": 5.4131219740716245, "params": {"x0": 0.8, "x1": 0.9, "x2": 3.1799116954839706, "x3": 4.294749184598055e-61, "x4": 1.7110077963815329, "x5": 9.79346679704256e-62, "x6": 3.5942736073204546, "x7": 14.463175723016253, "x8": 1.2812589236923715, "x9": 2.749988712732662}, "datetime": {"datetime": "2025-05-17 16:47:55", "elapsed": 30040.888361, "delta": 77.610583}}
{"target": 5.4131219740716245, "params": {"x0": 0.8, "x1": 0.9, "x2": 3.1799116954839706, "x3": 1.197829437528529e-60, "x4": 1.7110077963815329, "x5": 6.262050160278145e-61, "x6": 3.5942736073204546, "x7": 14.463175723016253, "x8": 1.2812589236923715, "x9": 2.749988712732662}, "datetime": {"datetime": "2025-05-17 16:48:44", "elapsed": 30090.583763, "delta": 49.695402}}
{"target": 5.4131219740716245, "params": {"x0": 0.8, "x1": 0.9, "x2": 3.1799116954839706, "x3": 6.888940089637748e-61, "x4": 1.7110077963815329, "x5": 8.513930062375818e-61, "x6": 3.5942736073204546, "x7": 14.463175723016253, "x8": 1.2812589236923715, "x9": 2.749988712732662}, "datetime": {"datetime": "2025-05-17 16:49:33", "elapsed": 30139.381436, "delta": 48.797673}}
{"target": 5.4131219740716245, "params": {"x0": 0.8, "x1": 0.9, "x2": 3.1799116954839706, "x3": 1.331692211064982e-60, "x4": 1.7110077963815329, "x5": 7.035951155776793e-61, "x6": 3.5942736073204546, "x7": 14.463175723016253, "x8": 1.2812589236923715, "x9": 2.749988712732662}, "datetime": {"datetime": "2025-05-17 16:50:23", "elapsed": 30189.066941, "delta": 49.685505}}
{"target": 5.4131219740716245, "params": {"x0": 0.8, "x1": 0.9, "x2": 3.1799116954839706, "x3": 9.494100909111564e-61, "x4": 1.7110077963815329, "x5": 1.8807836214313417e-61, "x6": 3.5942736073204546, "x7": 14.463175723016253, "x8": 1.2812589236923715, "x9": 2.749988712732662}, "datetime": {"datetime": "2025-05-17 16:51:17", "elapsed": 30243.607449, "delta": 54.540508}}
{"target": 5.4131219740716245, "params": {"x0": 0.8, "x1": 0.9, "x2": 3.1799116954839706, "x3": 1.4051593194050063e-60, "x4": 1.7110077963815329, "x5": 8.424113597034338e-61, "x6": 3.5942736073204546, "x7": 14.463175723016253, "x8": 1.2812589236923715, "x9": 2.749988712732662}, "datetime": {"datetime": "2025-05-17 16:52:12", "elapsed": 30298.19588, "delta": 54.588431}}
{"target": 5.4131219740716245, "params": {"x0": 0.8, "x1": 0.9, "x2": 3.1799116954839706, "x3": 1.0495918626648892e-60, "x4": 1.7110077963815329, "x5": 1.0399448231902282e-60, "x6": 3.5942736073204546, "x7": 14.463175723016253, "x8": 1.2812589236923715, "x9": 2.749988712732662}, "datetime": {"datetime": "2025-05-17 16:52:56", "elapsed": 30342.220893, "delta": 44.025013}}
{"target": 5.4131219740716245, "params": {"x0": 0.8, "x1": 0.9, "x2": 3.1799116954839706, "x3": 1.190562065067141e-60, "x4": 1.7110077963815329, "x5": 4.038501486262167e-61, "x6": 3.5942736073204546, "x7": 14.463175723016253, "x8": 1.2812589236923715, "x9": 2.749988712732662}, "datetime": {"datetime": "2025-05-17 16:53:53", "elapsed": 30398.911408, "delta": 56.690515}}
{"target": 5.4131219740716245, "params": {"x0": 0.8, "x1": 0.9, "x2": 3.1799116954839706, "x3": 1.1861297104057627e-60, "x4": 1.7110077963815329, "x5": 1.7726202825396096e-61, "x6": 3.5942736073204546, "x7": 14.463175723016253, "x8": 1.2812589236923715, "x9": 2.749988712732662}, "datetime": {"datetime": "2025-05-17 16:54:38", "elapsed": 30443.801637, "delta": 44.890229}}
{"target": 5.4131219740716245, "params": {"x0": 0.8, "x1": 0.9, "x2": 3.1799116954839706, "x3": 1.0505327777826124e-60, "x4": 1.7110077963815329, "x5": 2.2151871022908622e-61, "x6": 3.5942736073204546, "x7": 14.463175723016253, "x8": 1.2812589236923715, "x9": 2.749988712732662}, "datetime": {"datetime": "2025-05-17 16:55:33", "elapsed": 30499.122351, "delta": 55.320714}}
{"target": 5.4131219740716245, "params": {"x0": 0.8, "x1": 0.9, "x2": 3.1799116954839706, "x3": 5.182481669837616e-61, "x4": 1.7110077963815329, "x5": 6.439635856863547e-61, "x6": 3.5942736073204546, "x7": 14.463175723016253, "x8": 1.2812589236923715, "x9": 2.749988712732662}, "datetime": {"datetime": "2025-05-17 16:56:09", "elapsed": 30535.146598, "delta": 36.024247}}
{"target": 5.4131219740716245, "params": {"x0": 0.8, "x1": 0.9, "x2": 3.1799116954839706, "x3": 5.25721129961554e-61, "x4": 1.7110077963815329, "x5": 1.9870888956305526e-61, "x6": 3.5942736073204546, "x7": 14.463175723016253, "x8": 1.2812589236923715, "x9": 2.749988712732662}, "datetime": {"datetime": "2025-05-17 16:56:59", "elapsed": 30585.63737, "delta": 50.490772}}
{"target": 5.4131219740716245, "params": {"x0": 0.8, "x1": 0.9, "x2": 3.1799116954839706, "x3": 3.194451930448644e-61, "x4": 1.7110077963815329, "x5": 3.0188803931131325e-61, "x6": 3.5942736073204546, "x7": 14.463175723016253, "x8": 1.2812589236923715, "x9": 2.749988712732662}, "datetime": {"datetime": "2025-05-17 16:57:48", "elapsed": 30633.770086, "delta": 48.132716}}
{"target": 5.4131219740716245, "params": {"x0": 0.8, "x1": 0.9, "x2": 3.1799116954839706, "x3": 3.8472538616014424e-62, "x4": 1.7110077963815329, "x5": 7.259784290805012e-62, "x6": 3.5942736073204546, "x7": 14.463175723016253, "x8": 1.2812589236923715, "x9": 2.749988712732662}, "datetime": {"datetime": "2025-05-17 16:58:36", "elapsed": 30682.503853, "delta": 48.733767}}
{"target": 5.4131219740716245, "params": {"x0": 0.8, "x1": 0.9, "x2": 3.1799116954839706, "x3": 8.09376386997373e-62, "x4": 1.7110077963815329, "x5": 1.5177608180644002e-61, "x6": 3.5942736073204546, "x7": 14.463175723016253, "x8": 1.2812589236923715, "x9": 2.749988712732662}, "datetime": {"datetime": "2025-05-17 16:59:25", "elapsed": 30731.685947, "delta": 49.182094}}
{"target": 5.4131219740716245, "params": {"x0": 0.8, "x1": 0.9, "x2": 3.1799116954839706, "x3": 3.379979937452278e-61, "x4": 1.7110077963815329, "x5": 3.729368661664632e-61, "x6": 3.5942736073204546, "x7": 14.463175723016253, "x8": 1.2812589236923715, "x9": 2.749988712732662}, "datetime": {"datetime": "2025-05-17 17:00:21", "elapsed": 30787.022662, "delta": 55.336715}}
{"target": 5.4131219740716245, "params": {"x0": 0.8, "x1": 0.9, "x2": 3.1799116954839706, "x3": 3.066220576266727e-61, "x4": 1.7110077963815329, "x5": 1.892781016742407e-61, "x6": 3.5942736073204546, "x7": 14.463175723016253, "x8": 1.2812589236923715, "x9": 2.749988712732662}, "datetime": {"datetime": "2025-05-17 17:01:16", "elapsed": 30842.144372, "delta": 55.12171}}
{"target": 5.4131219740716245, "params": {"x0": 0.8, "x1": 0.9, "x2": 3.1799116954839706, "x3": 2.0471639383950197e-61, "x4": 1.7110077963815329, "x5": 2.5169195909516204e-61, "x6": 3.5942736073204546, "x7": 14.463175723016253, "x8": 1.2812589236923715, "x9": 2.749988712732662}, "datetime": {"datetime": "2025-05-17 17:02:01", "elapsed": 30887.34969, "delta": 45.205318}}
{"target": 5.4131219740716245, "params": {"x0": 0.8, "x1": 0.9, "x2": 3.1799116954839706, "x3": 4.209747341914949e-61, "x4": 1.7110077963815329, "x5": 1.5398719377022865e-61, "x6": 3.5942736073204546, "x7": 14.463175723016253, "x8": 1.2812589236923715, "x9": 2.749988712732662}, "datetime": {"datetime": "2025-05-17 17:02:44", "elapsed": 30930.38139, "delta": 43.0317}}
{"target": 5.4131219740716245, "params": {"x0": 0.8, "x1": 0.9, "x2": 3.1799116954839706, "x3": 3.0772787779258034e-61, "x4": 1.7110077963815329, "x5": 2.5013356936131626e-61, "x6": 3.5942736073204546, "x7": 14.463175723016253, "x8": 1.2812589236923715, "x9": 2.749988712732662}, "datetime": {"datetime": "2025-05-17 17:03:30", "elapsed": 30976.52502, "delta": 46.14363}}
{"target": 5.4131219740716245, "params": {"x0": 0.8, "x1": 0.9, "x2": 3.1799116954839706, "x3": 2.4976866442599566e-61, "x4": 1.7110077963815329, "x5": 6.961499739015267e-62, "x6": 3.5942736073204546, "x7": 14.463175723016253, "x8": 1.2812589236923715, "x9": 2.749988712732662}, "datetime": {"datetime": "2025-05-17 17:04:22", "elapsed": 31028.61618, "delta": 52.09116}}
{"target": 5.4131219740716245, "params": {"x0": 0.8, "x1": 0.9, "x2": 3.1799116954839706, "x3": 4.968340191269075e-63, "x4": 1.7110077963815329, "x5": 2.0652738618916243e-62, "x6": 3.5942736073204546, "x7": 14.463175723016253, "x8": 1.2812589236923715, "x9": 2.749988712732662}, "datetime": {"datetime": "2025-05-17 17:05:13", "elapsed": 31079.489951, "delta": 50.873771}}
{"target": 5.4131219740716245, "params": {"x0": 0.8, "x1": 0.9, "x2": 3.1799116954839706, "x3": 6.954257363792325e-62, "x4": 1.7110077963815329, "x5": 1.4113182053306759e-61, "x6": 3.5942736073204546, "x7": 14.463175723016253, "x8": 1.2812589236923715, "x9": 2.749988712732662}, "datetime": {"datetime": "2025-05-17 17:06:03", "elapsed": 31129.275046, "delta": 49.785095}}
{"target": 5.4131219740716245, "params": {"x0": 0.8, "x1": 0.9, "x2": 3.1799116954839706, "x3": 8.545418587875945e-62, "x4": 1.7110077963815329, "x5": 2.014767239681062e-63, "x6": 3.5942736073204546, "x7": 14.463175723016253, "x8": 1.2812589236923715, "x9": 2.749988712732662}, "datetime": {"datetime": "2025-05-17 17:07:00", "elapsed": 31186.390107, "delta": 57.115061}}
{"target": 5.4131219740716245, "params": {"x0": 0.8, "x1": 0.9, "x2": 3.1799116954839706, "x3": 3.141543270884185e-62, "x4": 1.7110077963815329, "x5": 4.893029360146256e-62, "x6": 3.5942736073204546, "x7": 14.463175723016253, "x8": 1.2812589236923715, "x9": 2.749988712732662}, "datetime": {"datetime": "2025-05-17 17:07:45", "elapsed": 31231.698921, "delta": 45.308814}}
{"target": 5.4131219740716245, "params": {"x0": 0.8, "x1": 0.9, "x2": 3.1799116954839706, "x3": 5.975831352067957e-62, "x4": 1.7110077963815329, "x5": 7.775859429580207e-62, "x6": 3.5942736073204546, "x7": 14.463175723016253, "x8": 1.2812589236923715, "x9": 2.749988712732662}, "datetime": {"datetime": "2025-05-17 17:08:31", "elapsed": 31276.999489, "delta": 45.300568}}
{"target": 5.4131219740716245, "params": {"x0": 0.8, "x1": 0.9, "x2": 3.1799116954839706, "x3": 2.5460431000099764e-62, "x4": 1.7110077963815329, "x5": 3.300444270150018e-62, "x6": 3.5942736073204546, "x7": 14.463175723016253, "x8": 1.2812589236923715, "x9": 2.749988712732662}, "datetime": {"datetime": "2025-05-17 17:09:23", "elapsed": 31329.171982, "delta": 52.172493}}
{"target": 5.4131219740716245, "params": {"x0": 0.8, "x1": 0.9, "x2": 3.1799116954839706, "x3": 1.2514126283389047e-61, "x4": 1.7110077963815329, "x5": 4.99862606831876e-62, "x6": 3.5942736073204546, "x7": 14.463175723016253, "x8": 1.2812589236923715, "x9": 2.749988712732662}, "datetime": {"datetime": "2025-05-17 17:10:13", "elapsed": 31379.283958, "delta": 50.111976}}
{"target": 5.4131219740716245, "params": {"x0": 0.8, "x1": 0.9, "x2": 3.1799116954839706, "x3": 1.3406898065253402e-61, "x4": 1.7110077963815329, "x5": 9.294191841191577e-62, "x6": 3.5942736073204546, "x7": 14.463175723016253, "x8": 1.2812589236923715, "x9": 2.749988712732662}, "datetime": {"datetime": "2025-05-17 17:11:05", "elapsed": 31431.721964, "delta": 52.438006}}
{"target": 5.4131219740716245, "params": {"x0": 0.8, "x1": 0.9, "x2": 3.1799116954839706, "x3": 1.2599482187073818e-61, "x4": 1.7110077963815329, "x5": 4.397761176569876e-62, "x6": 3.5942736073204546, "x7": 14.463175723016253, "x8": 1.2812589236923715, "x9": 2.749988712732662}, "datetime": {"datetime": "2025-05-17 17:11:45", "elapsed": 31471.493345, "delta": 39.771381}}
{"target": 5.4131219740716245, "params": {"x0": 0.8, "x1": 0.9, "x2": 3.1799116954839706, "x3": 1.1946472612726763e-62, "x4": 1.7110077963815329, "x5": 6.848199269875718e-62, "x6": 3.5942736073204546, "x7": 14.463175723016253, "x8": 1.2812589236923715, "x9": 2.749988712732662}, "datetime": {"datetime": "2025-05-17 17:12:37", "elapsed": 31523.590079, "delta": 52.096734}}
{"target": 5.4131219740716245, "params": {"x0": 0.8, "x1": 0.9, "x2": 3.1799116954839706, "x3": 4.932993741431779e-62, "x4": 1.7110077963815329, "x5": 1.5794418870479425e-62, "x6": 3.5942736073204546, "x7": 14.463175723016253, "x8": 1.2812589236923715, "x9": 2.749988712732662}, "datetime": {"datetime": "2025-05-17 17:13:38", "elapsed": 31584.477358, "delta": 60.887279}}
{"target": 5.4131219740716245, "params": {"x0": 0.8, "x1": 0.9, "x2": 3.1799116954839706, "x3": 8.223825841992744e-62, "x4": 1.7110077963815329, "x5": 1.8575545197517846e-62, "x6": 3.5942736073204546, "x7": 14.463175723016253, "x8": 1.2812589236923715, "x9": 2.749988712732662}, "datetime": {"datetime": "2025-05-17 17:14:27", "elapsed": 31633.081524, "delta": 48.604166}}
{"target": 5.4131219740716245, "params": {"x0": 0.8, "x1": 0.9, "x2": 3.1799116954839706, "x3": 1.4838161994299152e-62, "x4": 1.7110077963815329, "x5": 5.637929852125854e-63, "x6": 3.5942736073204546, "x7": 14.463175723016253, "x8": 1.2812589236923715, "x9": 2.749988712732662}, "datetime": {"datetime": "2025-05-17 17:15:18", "elapsed": 31684.128412, "delta": 51.046888}}
{"target": 5.4131219740716245, "params": {"x0": 0.8, "x1": 0.9, "x2": 3.1799116954839706, "x3": 4.458789035060462e-62, "x4": 1.7110077963815329, "x5": 2.388182643775866e-62, "x6": 3.5942736073204546, "x7": 14.463175723016253, "x8": 1.2812589236923715, "x9": 2.749988712732662}, "datetime": {"datetime": "2025-05-17 17:16:11", "elapsed": 31737.030608, "delta": 52.902196}}
{"target": 5.4131219740716245, "params": {"x0": 0.8, "x1": 0.9, "x2": 3.1799116954839706, "x3": 4.54042438687019e-62, "x4": 1.7110077963815329, "x5": 3.358612609618604e-62, "x6": 3.5942736073204546, "x7": 14.463175723016253, "x8": 1.2812589236923715, "x9": 2.749988712732662}, "datetime": {"datetime": "2025-05-17 17:16:58", "elapsed": 31784.278301, "delta": 47.247693}}
{"target": 5.4131219740716245, "params": {"x0": 0.8, "x1": 0.9, "x2": 3.1799116954839706, "x3": 3.002461089097583e-62, "x4": 1.7110077963815329, "x5": 1.4837210160436573e-62, "x6": 3.5942736073204546, "x7": 14.463175723016253, "x8": 1.2812589236923715, "x9": 2.749988712732662}, "datetime": {"datetime": "2025-05-17 17:17:58", "elapsed": 31843.793549, "delta": 59.515248}}
{"target": 5.4131219740716245, "params": {"x0": 0.8, "x1": 0.9, "x2": 3.1799116954839706, "x3": 2.4662631600104525e-62, "x4": 1.7110077963815329, "x5": 8.3130612359407e-63, "x6": 3.5942736073204546, "x7": 14.463175723016253, "x8": 1.2812589236923715, "x9": 2.749988712732662}, "datetime": {"datetime": "2025-05-17 17:18:36", "elapsed": 31882.128535, "delta": 38.334986}}
{"target": 5.4131219740716245, "params": {"x0": 0.8, "x1": 0.9, "x2": 3.1799116954839706, "x3": 2.089644842055511e-62, "x4": 1.7110077963815329, "x5": 2.6637025874191397e-63, "x6": 3.5942736073204546, "x7": 14.463175723016253, "x8": 1.2812589236923715, "x9": 2.749988712732662}, "datetime": {"datetime": "2025-05-17 17:19:21", "elapsed": 31927.632287, "delta": 45.503752}}
{"target": 5.4131219740716245, "params": {"x0": 0.8, "x1": 0.9, "x2": 3.1799116954839706, "x3": 3.105955414849853e-62, "x4": 1.7110077963815329, "x5": 2.338410515741071e-62, "x6": 3.5942736073204546, "x7": 14.463175723016253, "x8": 1.2812589236923715, "x9": 2.749988712732662}, "datetime": {"datetime": "2025-05-17 17:20:09", "elapsed": 31975.105197, "delta": 47.47291}}
{"target": 5.4131219740716245, "params": {"x0": 0.8, "x1": 0.9, "x2": 3.1799116954839706, "x3": 3.8304782590792785e-62, "x4": 1.7110077963815329, "x5": 8.254673958489517e-63, "x6": 3.5942736073204546, "x7": 14.463175723016253, "x8": 1.2812589236923715, "x9": 2.749988712732662}, "datetime": {"datetime": "2025-05-17 17:20:50", "elapsed": 32016.111816, "delta": 41.006619}}
{"target": 5.4131219740716245, "params": {"x0": 0.8, "x1": 0.9, "x2": 3.1799116954839706, "x3": 3.483939278231399e-62, "x4": 1.7110077963815329, "x5": 5.936636183980966e-63, "x6": 3.5942736073204546, "x7": 14.463175723016253, "x8": 1.2812589236923715, "x9": 2.749988712732662}, "datetime": {"datetime": "2025-05-17 17:21:35", "elapsed": 32061.008801, "delta": 44.896985}}
{"target": 5.4131219740716245, "params": {"x0": 0.8, "x1": 0.9, "x2": 3.1799116954839706, "x3": 2.994694291232099e-62, "x4": 1.7110077963815329, "x5": 2.2735141232764937e-62, "x6": 3.5942736073204546, "x7": 14.463175723016253, "x8": 1.2812589236923715, "x9": 2.749988712732662}, "datetime": {"datetime": "2025-05-17 17:22:24", "elapsed": 32109.888516, "delta": 48.879715}}
{"target": 5.4131219740716245, "params": {"x0": 0.8, "x1": 0.9, "x2": 3.1799116954839706, "x3": 2.3777360501092767e-62, "x4": 1.7110077963815329, "x5": 1.8544754594308368e-62, "x6": 3.5942736073204546, "x7": 14.463175723016253, "x8": 1.2812589236923715, "x9": 2.749988712732662}, "datetime": {"datetime": "2025-05-17 17:23:09", "elapsed": 32155.127573, "delta": 45.239057}}
{"target": 5.4131219740716245, "params": {"x0": 0.8, "x1": 0.9, "x2": 3.1799116954839706, "x3": 2.678700416009608e-62, "x4": 1.7110077963815329, "x5": 7.257441910088366e-63, "x6": 3.5942736073204546, "x7": 14.463175723016253, "x8": 1.2812589236923715, "x9": 2.749988712732662}, "datetime": {"datetime": "2025-05-17 17:24:14", "elapsed": 32220.434653, "delta": 65.30708}}
{"target": 5.4131219740716245, "params": {"x0": 0.8, "x1": 0.9, "x2": 3.1799116954839706, "x3": 1.36870421908788e-62, "x4": 1.7110077963815329, "x5": 1.357201511003745e-62, "x6": 3.5942736073204546, "x7": 14.463175723016253, "x8": 1.2812589236923715, "x9": 2.749988712732662}, "datetime": {"datetime": "2025-05-17 17:24:59", "elapsed": 32265.211919, "delta": 44.777266}}
{"target": 5.4131219740716245, "params": {"x0": 0.8, "x1": 0.9, "x2": 3.1799116954839706, "x3": 1.4827488477045877e-62, "x4": 1.7110077963815329, "x5": 3.082181105108096e-63, "x6": 3.5942736073204546, "x7": 14.463175723016253, "x8": 1.2812589236923715, "x9": 2.749988712732662}, "datetime": {"datetime": "2025-05-17 17:25:50", "elapsed": 32316.322737, "delta": 51.110818}}
