{"target": 5.4131219740716245, "params": {"x0": 0.8, "x1": 0.9, "x2": 3.1799116954839706, "x3": 4.723656546668976e-30, "x4": 1.7110077963815329, "x5": 1.0109731898993668e-30, "x6": 3.5942736073204546, "x7": 14.463175723016253, "x8": 1.2812589236923715, "x9": 2.749988712732662}, "datetime": {"datetime": "2025-05-17 10:49:03", "elapsed": 8509.563891, "delta": 19.418185}}
{"target": 5.4131219740716245, "params": {"x0": 0.8, "x1": 0.9, "x2": 3.1799116954839706, "x3": 2.9910226430895083e-30, "x4": 1.7110077963815329, "x5": 2.9825016283775043e-31, "x6": 3.5942736073204546, "x7": 14.463175723016253, "x8": 1.2812589236923715, "x9": 2.749988712732662}, "datetime": {"datetime": "2025-05-17 10:49:21", "elapsed": 8527.187015, "delta": 17.623124}}
{"target": 5.4131219740716245, "params": {"x0": 0.8, "x1": 0.9, "x2": 3.1799116954839706, "x3": 3.488143067920339e-30, "x4": 1.7110077963815329, "x5": 2.2011150732683155e-31, "x6": 3.5942736073204546, "x7": 14.463175723016253, "x8": 1.2812589236923715, "x9": 2.749988712732662}, "datetime": {"datetime": "2025-05-17 10:49:40", "elapsed": 8546.564809, "delta": 19.377794}}
{"target": 5.4131219740716245, "params": {"x0": 0.8, "x1": 0.9, "x2": 3.1799116954839706, "x3": 3.257098591937819e-30, "x4": 1.7110077963815329, "x5": 1.6386453809628337e-30, "x6": 3.5942736073204546, "x7": 14.463175723016253, "x8": 1.2812589236923715, "x9": 2.749988712732662}, "datetime": {"datetime": "2025-05-17 10:50:02", "elapsed": 8568.702768, "delta": 22.137959}}
{"target": 5.4131219740716245, "params": {"x0": 0.8, "x1": 0.9, "x2": 3.1799116954839706, "x3": 8.7977491125278e-32, "x4": 1.7110077963815329, "x5": 9.775676293499613e-31, "x6": 3.5942736073204546, "x7": 14.463175723016253, "x8": 1.2812589236923715, "x9": 2.749988712732662}, "datetime": {"datetime": "2025-05-17 10:50:21", "elapsed": 8586.954515, "delta": 18.251747}}
{"target": 5.4131219740716245, "params": {"x0": 0.8, "x1": 0.9, "x2": 3.1799116954839706, "x3": 7.498010077887745e-31, "x4": 1.7110077963815329, "x5": 1.3508956020761095e-30, "x6": 3.5942736073204546, "x7": 14.463175723016253, "x8": 1.2812589236923715, "x9": 2.749988712732662}, "datetime": {"datetime": "2025-05-17 10:50:43", "elapsed": 8609.18431, "delta": 22.229795}}
{"target": 5.4131219740716245, "params": {"x0": 0.8, "x1": 0.9, "x2": 3.1799116954839706, "x3": 1.7661969979434752e-30, "x4": 1.7110077963815329, "x5": 1.6918848428186624e-30, "x6": 3.5942736073204546, "x7": 14.463175723016253, "x8": 1.2812589236923715, "x9": 2.749988712732662}, "datetime": {"datetime": "2025-05-17 10:51:04", "elapsed": 8629.738701, "delta": 20.554391}}
{"target": 5.4131219740716245, "params": {"x0": 0.8, "x1": 0.9, "x2": 3.1799116954839706, "x3": 1.8477312635335527e-30, "x4": 1.7110077963815329, "x5": 5.057866836954392e-31, "x6": 3.5942736073204546, "x7": 14.463175723016253, "x8": 1.2812589236923715, "x9": 2.749988712732662}, "datetime": {"datetime": "2025-05-17 10:51:25", "elapsed": 8651.598155, "delta": 21.859454}}
{"target": 5.4131219740716245, "params": {"x0": 0.8, "x1": 0.9, "x2": 3.1799116954839706, "x3": 1.5809882975848516e-30, "x4": 1.7110077963815329, "x5": 7.955087398835067e-31, "x6": 3.5942736073204546, "x7": 14.463175723016253, "x8": 1.2812589236923715, "x9": 2.749988712732662}, "datetime": {"datetime": "2025-05-17 10:51:48", "elapsed": 8674.292517, "delta": 22.694362}}
{"target": 5.4131219740716245, "params": {"x0": 0.8, "x1": 0.9, "x2": 3.1799116954839706, "x3": 4.269063391137459e-31, "x4": 1.7110077963815329, "x5": 8.022690385445232e-31, "x6": 3.5942736073204546, "x7": 14.463175723016253, "x8": 1.2812589236923715, "x9": 2.749988712732662}, "datetime": {"datetime": "2025-05-17 10:52:05", "elapsed": 8691.534348, "delta": 17.241831}}
{"target": 5.4131219740716245, "params": {"x0": 0.8, "x1": 0.9, "x2": 3.1799116954839706, "x3": 1.3409268803118558e-30, "x4": 1.7110077963815329, "x5": 5.88471397507335e-31, "x6": 3.5942736073204546, "x7": 14.463175723016253, "x8": 1.2812589236923715, "x9": 2.749988712732662}, "datetime": {"datetime": "2025-05-17 10:52:23", "elapsed": 8708.830401, "delta": 17.296053}}
{"target": 5.4131219740716245, "params": {"x0": 0.8, "x1": 0.9, "x2": 3.1799116954839706, "x3": 8.324023293771727e-31, "x4": 1.7110077963815329, "x5": 5.471965626980436e-31, "x6": 3.5942736073204546, "x7": 14.463175723016253, "x8": 1.2812589236923715, "x9": 2.749988712732662}, "datetime": {"datetime": "2025-05-17 10:52:43", "elapsed": 8729.638426, "delta": 20.808025}}
{"target": 5.4131219740716245, "params": {"x0": 0.8, "x1": 0.9, "x2": 3.1799116954839706, "x3": 6.242820460043725e-31, "x4": 1.7110077963815329, "x5": 7.179216136074715e-31, "x6": 3.5942736073204546, "x7": 14.463175723016253, "x8": 1.2812589236923715, "x9": 2.749988712732662}, "datetime": {"datetime": "2025-05-17 10:53:02", "elapsed": 8748.153944, "delta": 18.515518}}
{"target": 5.4131219740716245, "params": {"x0": 0.8, "x1": 0.9, "x2": 3.1799116954839706, "x3": 2.6392023376011954e-31, "x4": 1.7110077963815329, "x5": 3.0281528021084807e-31, "x6": 3.5942736073204546, "x7": 14.463175723016253, "x8": 1.2812589236923715, "x9": 2.749988712732662}, "datetime": {"datetime": "2025-05-17 10:53:22", "elapsed": 8768.29401, "delta": 20.140066}}
{"target": 5.4131219740716245, "params": {"x0": 0.8, "x1": 0.9, "x2": 3.1799116954839706, "x3": 1.245838337637651e-31, "x4": 1.7110077963815329, "x5": 4.105883385037873e-31, "x6": 3.5942736073204546, "x7": 14.463175723016253, "x8": 1.2812589236923715, "x9": 2.749988712732662}, "datetime": {"datetime": "2025-05-17 10:53:41", "elapsed": 8787.499282, "delta": 19.205272}}
{"target": 5.4131219740716245, "params": {"x0": 0.8, "x1": 0.9, "x2": 3.1799116954839706, "x3": 5.656268654027695e-31, "x4": 1.7110077963815329, "x5": 2.0253205767349758e-31, "x6": 3.5942736073204546, "x7": 14.463175723016253, "x8": 1.2812589236923715, "x9": 2.749988712732662}, "datetime": {"datetime": "2025-05-17 10:54:03", "elapsed": 8809.111699, "delta": 21.612417}}
{"target": 5.4131219740716245, "params": {"x0": 0.8, "x1": 0.9, "x2": 3.1799116954839706, "x3": 6.4752594208654195e-31, "x4": 1.7110077963815329, "x5": 4.972143360760481e-32, "x6": 3.5942736073204546, "x7": 14.463175723016253, "x8": 1.2812589236923715, "x9": 2.749988712732662}, "datetime": {"datetime": "2025-05-17 10:54:24", "elapsed": 8830.562034, "delta": 21.450335}}
{"target": 5.4131219740716245, "params": {"x0": 0.8, "x1": 0.9, "x2": 3.1799116954839706, "x3": 1.6660358676660818e-31, "x4": 1.7110077963815329, "x5": 3.811487058444176e-31, "x6": 3.5942736073204546, "x7": 14.463175723016253, "x8": 1.2812589236923715, "x9": 2.749988712732662}, "datetime": {"datetime": "2025-05-17 10:54:44", "elapsed": 8850.512075, "delta": 19.950041}}
{"target": 5.4131219740716245, "params": {"x0": 0.8, "x1": 0.9, "x2": 3.1799116954839706, "x3": 4.860982037400915e-31, "x4": 1.7110077963815329, "x5": 5.024949289648169e-31, "x6": 3.5942736073204546, "x7": 14.463175723016253, "x8": 1.2812589236923715, "x9": 2.749988712732662}, "datetime": {"datetime": "2025-05-17 10:55:04", "elapsed": 8869.74545, "delta": 19.233375}}
{"target": 5.4131219740716245, "params": {"x0": 0.8, "x1": 0.9, "x2": 3.1799116954839706, "x3": 2.0437400908529865e-31, "x4": 1.7110077963815329, "x5": 2.8823331038378483e-31, "x6": 3.5942736073204546, "x7": 14.463175723016253, "x8": 1.2812589236923715, "x9": 2.749988712732662}, "datetime": {"datetime": "2025-05-17 10:55:19", "elapsed": 8885.357681, "delta": 15.612231}}
{"target": 5.4131219740716245, "params": {"x0": 0.8, "x1": 0.9, "x2": 3.1799116954839706, "x3": 5.718355028096175e-31, "x4": 1.7110077963815329, "x5": 2.5245663895450513e-31, "x6": 3.5942736073204546, "x7": 14.463175723016253, "x8": 1.2812589236923715, "x9": 2.749988712732662}, "datetime": {"datetime": "2025-05-17 10:55:36", "elapsed": 8901.862037, "delta": 16.504356}}
{"target": 5.4131219740716245, "params": {"x0": 0.8, "x1": 0.9, "x2": 3.1799116954839706, "x3": 3.788424287493587e-31, "x4": 1.7110077963815329, "x5": 2.151531462336141e-31, "x6": 3.5942736073204546, "x7": 14.463175723016253, "x8": 1.2812589236923715, "x9": 2.749988712732662}, "datetime": {"datetime": "2025-05-17 10:56:00", "elapsed": 8926.468668, "delta": 24.606631}}
{"target": 5.4131219740716245, "params": {"x0": 0.8, "x1": 0.9, "x2": 3.1799116954839706, "x3": 1.618894618813428e-31, "x4": 1.7110077963815329, "x5": 6.81649899930987e-32, "x6": 3.5942736073204546, "x7": 14.463175723016253, "x8": 1.2812589236923715, "x9": 2.749988712732662}, "datetime": {"datetime": "2025-05-17 10:56:21", "elapsed": 8947.390948, "delta": 20.92228}}
{"target": 5.4131219740716245, "params": {"x0": 0.8, "x1": 0.9, "x2": 3.1799116954839706, "x3": 3.389518524371534e-31, "x4": 1.7110077963815329, "x5": 1.6228699268973134e-31, "x6": 3.5942736073204546, "x7": 14.463175723016253, "x8": 1.2812589236923715, "x9": 2.749988712732662}, "datetime": {"datetime": "2025-05-17 10:56:39", "elapsed": 8964.915224, "delta": 17.524276}}
{"target": 5.4131219740716245, "params": {"x0": 0.8, "x1": 0.9, "x2": 3.1799116954839706, "x3": 1.1835422337499483e-31, "x4": 1.7110077963815329, "x5": 1.0653980582749835e-31, "x6": 3.5942736073204546, "x7": 14.463175723016253, "x8": 1.2812589236923715, "x9": 2.749988712732662}, "datetime": {"datetime": "2025-05-17 10:56:57", "elapsed": 8982.865931, "delta": 17.950707}}
{"target": 5.4131219740716245, "params": {"x0": 0.8, "x1": 0.9, "x2": 3.1799116954839706, "x3": 4.210716839528516e-32, "x4": 1.7110077963815329, "x5": 9.770848279476426e-33, "x6": 3.5942736073204546, "x7": 14.463175723016253, "x8": 1.2812589236923715, "x9": 2.749988712732662}, "datetime": {"datetime": "2025-05-17 10:57:15", "elapsed": 9000.897589, "delta": 18.031658}}
{"target": 5.4131219740716245, "params": {"x0": 0.8, "x1": 0.9, "x2": 3.1799116954839706, "x3": 2.270356075038623e-31, "x4": 1.7110077963815329, "x5": 3.468678059393421e-32, "x6": 3.5942736073204546, "x7": 14.463175723016253, "x8": 1.2812589236923715, "x9": 2.749988712732662}, "datetime": {"datetime": "2025-05-17 10:57:39", "elapsed": 9025.554363, "delta": 24.656774}}
{"target": 5.4131219740716245, "params": {"x0": 0.8, "x1": 0.9, "x2": 3.1799116954839706, "x3": 4.092331682745931e-32, "x4": 1.7110077963815329, "x5": 9.093558355995365e-32, "x6": 3.5942736073204546, "x7": 14.463175723016253, "x8": 1.2812589236923715, "x9": 2.749988712732662}, "datetime": {"datetime": "2025-05-17 10:57:56", "elapsed": 9042.60241, "delta": 17.048047}}
{"target": 5.4131219740716245, "params": {"x0": 0.8, "x1": 0.9, "x2": 3.1799116954839706, "x3": 1.0010650965584355e-31, "x4": 1.7110077963815329, "x5": 1.702048752538543e-31, "x6": 3.5942736073204546, "x7": 14.463175723016253, "x8": 1.2812589236923715, "x9": 2.749988712732662}, "datetime": {"datetime": "2025-05-17 10:58:14", "elapsed": 9059.997988, "delta": 17.395578}}
{"target": 5.4131219740716245, "params": {"x0": 0.8, "x1": 0.9, "x2": 3.1799116954839706, "x3": 3.595307402180193e-32, "x4": 1.7110077963815329, "x5": 1.0365013464512214e-31, "x6": 3.5942736073204546, "x7": 14.463175723016253, "x8": 1.2812589236923715, "x9": 2.749988712732662}, "datetime": {"datetime": "2025-05-17 10:58:32", "elapsed": 9078.276489, "delta": 18.278501}}
{"target": 5.4131219740716245, "params": {"x0": 0.8, "x1": 0.9, "x2": 3.1799116954839706, "x3": 3.450131101193636e-32, "x4": 1.7110077963815329, "x5": 4.991229417426932e-32, "x6": 3.5942736073204546, "x7": 14.463175723016253, "x8": 1.2812589236923715, "x9": 2.749988712732662}, "datetime": {"datetime": "2025-05-17 10:58:51", "elapsed": 9097.128863, "delta": 18.852374}}
{"target": 5.4131219740716245, "params": {"x0": 0.8, "x1": 0.9, "x2": 3.1799116954839706, "x3": 6.194916625158381e-32, "x4": 1.7110077963815329, "x5": 1.2601567004482308e-31, "x6": 3.5942736073204546, "x7": 14.463175723016253, "x8": 1.2812589236923715, "x9": 2.749988712732662}, "datetime": {"datetime": "2025-05-17 10:59:10", "elapsed": 9116.682688, "delta": 19.553825}}
{"target": 5.4131219740716245, "params": {"x0": 0.8, "x1": 0.9, "x2": 3.1799116954839706, "x3": 1.2838444281537542e-31, "x4": 1.7110077963815329, "x5": 2.7209359904102435e-32, "x6": 3.5942736073204546, "x7": 14.463175723016253, "x8": 1.2812589236923715, "x9": 2.749988712732662}, "datetime": {"datetime": "2025-05-17 10:59:28", "elapsed": 9134.54028, "delta": 17.857592}}
{"target": 5.4131219740716245, "params": {"x0": 0.8, "x1": 0.9, "x2": 3.1799116954839706, "x3": 1.2143174475645047e-31, "x4": 1.7110077963815329, "x5": 2.7680800747433814e-32, "x6": 3.5942736073204546, "x7": 14.463175723016253, "x8": 1.2812589236923715, "x9": 2.749988712732662}, "datetime": {"datetime": "2025-05-17 10:59:48", "elapsed": 9154.407277, "delta": 19.866997}}
{"target": 5.4131219740716245, "params": {"x0": 0.8, "x1": 0.9, "x2": 3.1799116954839706, "x3": 9.107941831309241e-32, "x4": 1.7110077963815329, "x5": 2.143040258225742e-32, "x6": 3.5942736073204546, "x7": 14.463175723016253, "x8": 1.2812589236923715, "x9": 2.749988712732662}, "datetime": {"datetime": "2025-05-17 11:00:09", "elapsed": 9174.909559, "delta": 20.502282}}
{"target": 5.4131219740716245, "params": {"x0": 0.8, "x1": 0.9, "x2": 3.1799116954839706, "x3": 3.4602795921395344e-32, "x4": 1.7110077963815329, "x5": 5.316819985088792e-32, "x6": 3.5942736073204546, "x7": 14.463175723016253, "x8": 1.2812589236923715, "x9": 2.749988712732662}, "datetime": {"datetime": "2025-05-17 11:00:30", "elapsed": 9196.711478, "delta": 21.801919}}
{"target": 5.4131219740716245, "params": {"x0": 0.8, "x1": 0.9, "x2": 3.1799116954839706, "x3": 3.947939049855125e-32, "x4": 1.7110077963815329, "x5": 6.94202438002479e-32, "x6": 3.5942736073204546, "x7": 14.463175723016253, "x8": 1.2812589236923715, "x9": 2.749988712732662}, "datetime": {"datetime": "2025-05-17 11:00:55", "elapsed": 9221.552143, "delta": 24.840665}}
{"target": 5.4131219740716245, "params": {"x0": 0.8, "x1": 0.9, "x2": 3.1799116954839706, "x3": 3.3937998926100116e-32, "x4": 1.7110077963815329, "x5": 5.205026109104478e-32, "x6": 3.5942736073204546, "x7": 14.463175723016253, "x8": 1.2812589236923715, "x9": 2.749988712732662}, "datetime": {"datetime": "2025-05-17 11:01:19", "elapsed": 9245.197211, "delta": 23.645068}}
{"target": 5.4131219740716245, "params": {"x0": 0.8, "x1": 0.9, "x2": 3.1799116954839706, "x3": 6.493623492132875e-32, "x4": 1.7110077963815329, "x5": 4.050526526605435e-32, "x6": 3.5942736073204546, "x7": 14.463175723016253, "x8": 1.2812589236923715, "x9": 2.749988712732662}, "datetime": {"datetime": "2025-05-17 11:01:39", "elapsed": 9265.074597, "delta": 19.877386}}
{"target": 5.4131219740716245, "params": {"x0": 0.8, "x1": 0.9, "x2": 3.1799116954839706, "x3": 4.0105160153532766e-32, "x4": 1.7110077963815329, "x5": 3.6053099957526397e-32, "x6": 3.5942736073204546, "x7": 14.463175723016253, "x8": 1.2812589236923715, "x9": 2.749988712732662}, "datetime": {"datetime": "2025-05-17 11:01:57", "elapsed": 9283.363581, "delta": 18.288984}}
{"target": 5.4131219740716245, "params": {"x0": 0.8, "x1": 0.9, "x2": 3.1799116954839706, "x3": 4.893746102832407e-32, "x4": 1.7110077963815329, "x5": 3.3914885368198567e-32, "x6": 3.5942736073204546, "x7": 14.463175723016253, "x8": 1.2812589236923715, "x9": 2.749988712732662}, "datetime": {"datetime": "2025-05-17 11:02:17", "elapsed": 9303.379759, "delta": 20.016178}}
{"target": 5.4131219740716245, "params": {"x0": 0.8, "x1": 0.9, "x2": 3.1799116954839706, "x3": 6.600420251339394e-32, "x4": 1.7110077963815329, "x5": 2.0048984920109678e-32, "x6": 3.5942736073204546, "x7": 14.463175723016253, "x8": 1.2812589236923715, "x9": 2.749988712732662}, "datetime": {"datetime": "2025-05-17 11:02:35", "elapsed": 9321.30814, "delta": 17.928381}}
{"target": 5.4131219740716245, "params": {"x0": 0.8, "x1": 0.9, "x2": 3.1799116954839706, "x3": 3.254209362935581e-32, "x4": 1.7110077963815329, "x5": 2.3154985467664565e-32, "x6": 3.5942736073204546, "x7": 14.463175723016253, "x8": 1.2812589236923715, "x9": 2.749988712732662}, "datetime": {"datetime": "2025-05-17 11:02:58", "elapsed": 9344.071053, "delta": 22.762913}}
{"target": 5.4131219740716245, "params": {"x0": 0.8, "x1": 0.9, "x2": 3.1799116954839706, "x3": 5.238631818316783e-32, "x4": 1.7110077963815329, "x5": 3.547728021442347e-32, "x6": 3.5942736073204546, "x7": 14.463175723016253, "x8": 1.2812589236923715, "x9": 2.749988712732662}, "datetime": {"datetime": "2025-05-17 11:03:21", "elapsed": 9366.986519, "delta": 22.915466}}
{"target": 5.4131219740716245, "params": {"x0": 0.8, "x1": 0.9, "x2": 3.1799116954839706, "x3": 1.652395098670414e-33, "x4": 1.7110077963815329, "x5": 4.446353159418622e-33, "x6": 3.5942736073204546, "x7": 14.463175723016253, "x8": 1.2812589236923715, "x9": 2.749988712732662}, "datetime": {"datetime": "2025-05-17 11:03:42", "elapsed": 9388.402123, "delta": 21.415604}}
{"target": 5.4131219740716245, "params": {"x0": 0.8, "x1": 0.9, "x2": 3.1799116954839706, "x3": 4.448245176256262e-33, "x4": 1.7110077963815329, "x5": 5.3717807065679604e-34, "x6": 3.5942736073204546, "x7": 14.463175723016253, "x8": 1.2812589236923715, "x9": 2.749988712732662}, "datetime": {"datetime": "2025-05-17 11:04:04", "elapsed": 9409.762833, "delta": 21.36071}}
{"target": 5.4131219740716245, "params": {"x0": 0.8, "x1": 0.9, "x2": 3.1799116954839706, "x3": 6.786420474077502e-33, "x4": 1.7110077963815329, "x5": 1.6574243428482188e-32, "x6": 3.5942736073204546, "x7": 14.463175723016253, "x8": 1.2812589236923715, "x9": 2.749988712732662}, "datetime": {"datetime": "2025-05-17 11:04:24", "elapsed": 9429.95327, "delta": 20.190437}}
{"target": 5.4131219740716245, "params": {"x0": 0.8, "x1": 0.9, "x2": 3.1799116954839706, "x3": 1.0676311971028132e-32, "x4": 1.7110077963815329, "x5": 1.750984864372429e-32, "x6": 3.5942736073204546, "x7": 14.463175723016253, "x8": 1.2812589236923715, "x9": 2.749988712732662}, "datetime": {"datetime": "2025-05-17 11:04:44", "elapsed": 9450.724553, "delta": 20.771283}}
{"target": 5.4131219740716245, "params": {"x0": 0.8, "x1": 0.9, "x2": 3.1799116954839706, "x3": 3.772114823789115e-33, "x4": 1.7110077963815329, "x5": 1.0626423938948517e-32, "x6": 3.5942736073204546, "x7": 14.463175723016253, "x8": 1.2812589236923715, "x9": 2.749988712732662}, "datetime": {"datetime": "2025-05-17 11:05:05", "elapsed": 9471.138912, "delta": 20.414359}}
{"target": 5.4131219740716245, "params": {"x0": 0.8, "x1": 0.9, "x2": 3.1799116954839706, "x3": 2.7985905021627724e-32, "x4": 1.7110077963815329, "x5": 1.9894962499646368e-33, "x6": 3.5942736073204546, "x7": 14.463175723016253, "x8": 1.2812589236923715, "x9": 2.749988712732662}, "datetime": {"datetime": "2025-05-17 11:05:25", "elapsed": 9491.138662, "delta": 19.99975}}
{"target": 5.4131219740716245, "params": {"x0": 0.8, "x1": 0.9, "x2": 3.1799116954839706, "x3": 1.308198863014595e-32, "x4": 1.7110077963815329, "x5": 5.083688712842002e-33, "x6": 3.5942736073204546, "x7": 14.463175723016253, "x8": 1.2812589236923715, "x9": 2.749988712732662}, "datetime": {"datetime": "2025-05-17 11:05:45", "elapsed": 9511.686361, "delta": 20.547699}}
{"target": 5.4131219740716245, "params": {"x0": 0.8, "x1": 0.9, "x2": 3.1799116954839706, "x3": 1.0907124799780993e-32, "x4": 1.7110077963815329, "x5": 6.367597278324389e-33, "x6": 3.5942736073204546, "x7": 14.463175723016253, "x8": 1.2812589236923715, "x9": 2.749988712732662}, "datetime": {"datetime": "2025-05-17 11:06:05", "elapsed": 9531.362247, "delta": 19.675886}}
{"target": 5.4131219740716245, "params": {"x0": 0.8, "x1": 0.9, "x2": 3.1799116954839706, "x3": 5.1748103462884456e-33, "x4": 1.7110077963815329, "x5": 8.792540558653867e-33, "x6": 3.5942736073204546, "x7": 14.463175723016253, "x8": 1.2812589236923715, "x9": 2.749988712732662}, "datetime": {"datetime": "2025-05-17 11:06:23", "elapsed": 9549.26408, "delta": 17.901833}}
{"target": 5.4131219740716245, "params": {"x0": 0.8, "x1": 0.9, "x2": 3.1799116954839706, "x3": 4.904847344097727e-33, "x4": 1.7110077963815329, "x5": 1.0269048354930665e-33, "x6": 3.5942736073204546, "x7": 14.463175723016253, "x8": 1.2812589236923715, "x9": 2.749988712732662}, "datetime": {"datetime": "2025-05-17 11:06:44", "elapsed": 9569.893802, "delta": 20.629722}}
{"target": 5.4131219740716245, "params": {"x0": 0.8, "x1": 0.9, "x2": 3.1799116954839706, "x3": 4.5647043766595856e-33, "x4": 1.7110077963815329, "x5": 3.966074106431179e-33, "x6": 3.5942736073204546, "x7": 14.463175723016253, "x8": 1.2812589236923715, "x9": 2.749988712732662}, "datetime": {"datetime": "2025-05-17 11:07:05", "elapsed": 9591.254651, "delta": 21.360849}}
{"target": 5.4131219740716245, "params": {"x0": 0.8, "x1": 0.9, "x2": 3.1799116954839706, "x3": 1.275779691389061e-33, "x4": 1.7110077963815329, "x5": 7.475138094242931e-34, "x6": 3.5942736073204546, "x7": 14.463175723016253, "x8": 1.2812589236923715, "x9": 2.749988712732662}, "datetime": {"datetime": "2025-05-17 11:07:26", "elapsed": 9612.062011, "delta": 20.80736}}
{"target": 5.4131219740716245, "params": {"x0": 0.8, "x1": 0.9, "x2": 3.1799116954839706, "x3": 4.1855244382206954e-33, "x4": 1.7110077963815329, "x5": 6.569168643638903e-33, "x6": 3.5942736073204546, "x7": 14.463175723016253, "x8": 1.2812589236923715, "x9": 2.749988712732662}, "datetime": {"datetime": "2025-05-17 11:07:49", "elapsed": 9635.390554, "delta": 23.328543}}
{"target": 5.4131219740716245, "params": {"x0": 0.8, "x1": 0.9, "x2": 3.1799116954839706, "x3": 8.354497656051111e-34, "x4": 1.7110077963815329, "x5": 2.5848435077031123e-33, "x6": 3.5942736073204546, "x7": 14.463175723016253, "x8": 1.2812589236923715, "x9": 2.749988712732662}, "datetime": {"datetime": "2025-05-17 11:08:11", "elapsed": 9656.901828, "delta": 21.511274}}
{"target": 5.4131219740716245, "params": {"x0": 0.8, "x1": 0.9, "x2": 3.1799116954839706, "x3": 5.899102190861872e-33, "x4": 1.7110077963815329, "x5": 1.8136787182452772e-33, "x6": 3.5942736073204546, "x7": 14.463175723016253, "x8": 1.2812589236923715, "x9": 2.749988712732662}, "datetime": {"datetime": "2025-05-17 11:08:30", "elapsed": 9676.268288, "delta": 19.36646}}
