{"target": 5.4131219740716245, "params": {"x0": 0.8, "x1": 0.9, "x2": 3.1799116954839706, "x3": 2.0875394545727128e-46, "x4": 1.7110077963815329, "x5": 6.176774642368641e-47, "x6": 3.5942736073204546, "x7": 14.463175723016253, "x8": 1.2812589236923715, "x9": 2.749988712732662}, "datetime": {"datetime": "2025-05-17 13:17:50", "elapsed": 17436.371867, "delta": 32.18057}}
{"target": 5.4131219740716245, "params": {"x0": 0.8, "x1": 0.9, "x2": 3.1799116954839706, "x3": 1.316114776555596e-46, "x4": 1.7110077963815329, "x5": 1.354407153423014e-46, "x6": 3.5942736073204546, "x7": 14.463175723016253, "x8": 1.2812589236923715, "x9": 2.749988712732662}, "datetime": {"datetime": "2025-05-17 13:18:25", "elapsed": 17471.418089, "delta": 35.046222}}
{"target": 5.4131219740716245, "params": {"x0": 0.8, "x1": 0.9, "x2": 3.1799116954839706, "x3": 4.1973828227302377e-48, "x4": 1.7110077963815329, "x5": 6.139944670864032e-47, "x6": 3.5942736073204546, "x7": 14.463175723016253, "x8": 1.2812589236923715, "x9": 2.749988712732662}, "datetime": {"datetime": "2025-05-17 13:19:03", "elapsed": 17509.121746, "delta": 37.703657}}
{"target": 5.4131219740716245, "params": {"x0": 0.8, "x1": 0.9, "x2": 3.1799116954839706, "x3": 1.5099998650084684e-46, "x4": 1.7110077963815329, "x5": 7.498611730039883e-47, "x6": 3.5942736073204546, "x7": 14.463175723016253, "x8": 1.2812589236923715, "x9": 2.749988712732662}, "datetime": {"datetime": "2025-05-17 13:19:32", "elapsed": 17537.850638, "delta": 28.728892}}
{"target": 5.4131219740716245, "params": {"x0": 0.8, "x1": 0.9, "x2": 3.1799116954839706, "x3": 6.797078032036786e-47, "x4": 1.7110077963815329, "x5": 1.1952988611275122e-46, "x6": 3.5942736073204546, "x7": 14.463175723016253, "x8": 1.2812589236923715, "x9": 2.749988712732662}, "datetime": {"datetime": "2025-05-17 13:20:01", "elapsed": 17566.911637, "delta": 29.060999}}
{"target": 5.4131219740716245, "params": {"x0": 0.8, "x1": 0.9, "x2": 3.1799116954839706, "x3": 1.4329011225258286e-47, "x4": 1.7110077963815329, "x5": 1.054385261762954e-46, "x6": 3.5942736073204546, "x7": 14.463175723016253, "x8": 1.2812589236923715, "x9": 2.749988712732662}, "datetime": {"datetime": "2025-05-17 13:20:34", "elapsed": 17600.474783, "delta": 33.563146}}
{"target": 5.4131219740716245, "params": {"x0": 0.8, "x1": 0.9, "x2": 3.1799116954839706, "x3": 7.005940575594524e-47, "x4": 1.7110077963815329, "x5": 1.0878455981608924e-46, "x6": 3.5942736073204546, "x7": 14.463175723016253, "x8": 1.2812589236923715, "x9": 2.749988712732662}, "datetime": {"datetime": "2025-05-17 13:21:06", "elapsed": 17632.640589, "delta": 32.165806}}
{"target": 5.4131219740716245, "params": {"x0": 0.8, "x1": 0.9, "x2": 3.1799116954839706, "x3": 1.1915019132042227e-46, "x4": 1.7110077963815329, "x5": 5.303784561222817e-48, "x6": 3.5942736073204546, "x7": 14.463175723016253, "x8": 1.2812589236923715, "x9": 2.749988712732662}, "datetime": {"datetime": "2025-05-17 13:21:39", "elapsed": 17665.178262, "delta": 32.537673}}
{"target": 5.4131219740716245, "params": {"x0": 0.8, "x1": 0.9, "x2": 3.1799116954839706, "x3": 8.707552591821583e-47, "x4": 1.7110077963815329, "x5": 2.3393512495022254e-47, "x6": 3.5942736073204546, "x7": 14.463175723016253, "x8": 1.2812589236923715, "x9": 2.749988712732662}, "datetime": {"datetime": "2025-05-17 13:22:21", "elapsed": 17707.434354, "delta": 42.256092}}
{"target": 5.4131219740716245, "params": {"x0": 0.8, "x1": 0.9, "x2": 3.1799116954839706, "x3": 4.209723601914577e-47, "x4": 1.7110077963815329, "x5": 5.994248017167502e-48, "x6": 3.5942736073204546, "x7": 14.463175723016253, "x8": 1.2812589236923715, "x9": 2.749988712732662}, "datetime": {"datetime": "2025-05-17 13:22:52", "elapsed": 17738.578912, "delta": 31.144558}}
{"target": 5.4131219740716245, "params": {"x0": 0.8, "x1": 0.9, "x2": 3.1799116954839706, "x3": 4.0811502707898275e-47, "x4": 1.7110077963815329, "x5": 3.6189213675943427e-47, "x6": 3.5942736073204546, "x7": 14.463175723016253, "x8": 1.2812589236923715, "x9": 2.749988712732662}, "datetime": {"datetime": "2025-05-17 13:23:23", "elapsed": 17769.551306, "delta": 30.972394}}
{"target": 5.4131219740716245, "params": {"x0": 0.8, "x1": 0.9, "x2": 3.1799116954839706, "x3": 8.92037734102787e-47, "x4": 1.7110077963815329, "x5": 1.477497139696068e-47, "x6": 3.5942736073204546, "x7": 14.463175723016253, "x8": 1.2812589236923715, "x9": 2.749988712732662}, "datetime": {"datetime": "2025-05-17 13:23:55", "elapsed": 17801.043574, "delta": 31.492268}}
{"target": 5.4131219740716245, "params": {"x0": 0.8, "x1": 0.9, "x2": 3.1799116954839706, "x3": 2.1479550589647145e-47, "x4": 1.7110077963815329, "x5": 2.053627473189353e-47, "x6": 3.5942736073204546, "x7": 14.463175723016253, "x8": 1.2812589236923715, "x9": 2.749988712732662}, "datetime": {"datetime": "2025-05-17 13:24:25", "elapsed": 17831.576418, "delta": 30.532844}}
{"target": 5.4131219740716245, "params": {"x0": 0.8, "x1": 0.9, "x2": 3.1799116954839706, "x3": 5.52715381092785e-47, "x4": 1.7110077963815329, "x5": 3.853552436208715e-48, "x6": 3.5942736073204546, "x7": 14.463175723016253, "x8": 1.2812589236923715, "x9": 2.749988712732662}, "datetime": {"datetime": "2025-05-17 13:24:55", "elapsed": 17860.808271, "delta": 29.231853}}
{"target": 5.4131219740716245, "params": {"x0": 0.8, "x1": 0.9, "x2": 3.1799116954839706, "x3": 1.812300518737023e-47, "x4": 1.7110077963815329, "x5": 7.11618598436054e-48, "x6": 3.5942736073204546, "x7": 14.463175723016253, "x8": 1.2812589236923715, "x9": 2.749988712732662}, "datetime": {"datetime": "2025-05-17 13:25:24", "elapsed": 17890.223168, "delta": 29.414897}}
{"target": 5.4131219740716245, "params": {"x0": 0.8, "x1": 0.9, "x2": 3.1799116954839706, "x3": 3.045867021828996e-47, "x4": 1.7110077963815329, "x5": 2.338951378733489e-48, "x6": 3.5942736073204546, "x7": 14.463175723016253, "x8": 1.2812589236923715, "x9": 2.749988712732662}, "datetime": {"datetime": "2025-05-17 13:25:59", "elapsed": 17924.737254, "delta": 34.514086}}
{"target": 5.4131219740716245, "params": {"x0": 0.8, "x1": 0.9, "x2": 3.1799116954839706, "x3": 6.691615786660484e-48, "x4": 1.7110077963815329, "x5": 4.0365379149172e-48, "x6": 3.5942736073204546, "x7": 14.463175723016253, "x8": 1.2812589236923715, "x9": 2.749988712732662}, "datetime": {"datetime": "2025-05-17 13:26:28", "elapsed": 17954.102098, "delta": 29.364844}}
{"target": 5.4131219740716245, "params": {"x0": 0.8, "x1": 0.9, "x2": 3.1799116954839706, "x3": 1.740565823826929e-47, "x4": 1.7110077963815329, "x5": 3.6729353687724093e-47, "x6": 3.5942736073204546, "x7": 14.463175723016253, "x8": 1.2812589236923715, "x9": 2.749988712732662}, "datetime": {"datetime": "2025-05-17 13:27:00", "elapsed": 17985.825777, "delta": 31.723679}}
{"target": 5.4131219740716245, "params": {"x0": 0.8, "x1": 0.9, "x2": 3.1799116954839706, "x3": 3.3918496589872495e-47, "x4": 1.7110077963815329, "x5": 2.769174696470155e-47, "x6": 3.5942736073204546, "x7": 14.463175723016253, "x8": 1.2812589236923715, "x9": 2.749988712732662}, "datetime": {"datetime": "2025-05-17 13:27:29", "elapsed": 18014.887104, "delta": 29.061327}}
{"target": 5.4131219740716245, "params": {"x0": 0.8, "x1": 0.9, "x2": 3.1799116954839706, "x3": 1.392155759130696e-47, "x4": 1.7110077963815329, "x5": 2.9315584031080087e-47, "x6": 3.5942736073204546, "x7": 14.463175723016253, "x8": 1.2812589236923715, "x9": 2.749988712732662}, "datetime": {"datetime": "2025-05-17 13:28:01", "elapsed": 18047.477667, "delta": 32.590563}}
{"target": 5.4131219740716245, "params": {"x0": 0.8, "x1": 0.9, "x2": 3.1799116954839706, "x3": 1.4461028406013608e-47, "x4": 1.7110077963815329, "x5": 1.332198700738696e-47, "x6": 3.5942736073204546, "x7": 14.463175723016253, "x8": 1.2812589236923715, "x9": 2.749988712732662}, "datetime": {"datetime": "2025-05-17 13:28:30", "elapsed": 18075.888825, "delta": 28.411158}}
{"target": 5.4131219740716245, "params": {"x0": 0.8, "x1": 0.9, "x2": 3.1799116954839706, "x3": 5.814726143231731e-48, "x4": 1.7110077963815329, "x5": 1.2347943473337375e-47, "x6": 3.5942736073204546, "x7": 14.463175723016253, "x8": 1.2812589236923715, "x9": 2.749988712732662}, "datetime": {"datetime": "2025-05-17 13:29:07", "elapsed": 18112.83635, "delta": 36.947525}}
{"target": 5.4131219740716245, "params": {"x0": 0.8, "x1": 0.9, "x2": 3.1799116954839706, "x3": 1.3692921983887868e-47, "x4": 1.7110077963815329, "x5": 8.507936598001613e-48, "x6": 3.5942736073204546, "x7": 14.463175723016253, "x8": 1.2812589236923715, "x9": 2.749988712732662}, "datetime": {"datetime": "2025-05-17 13:29:39", "elapsed": 18145.258376, "delta": 32.422026}}
{"target": 5.4131219740716245, "params": {"x0": 0.8, "x1": 0.9, "x2": 3.1799116954839706, "x3": 1.8931531084819063e-47, "x4": 1.7110077963815329, "x5": 5.836304735806392e-49, "x6": 3.5942736073204546, "x7": 14.463175723016253, "x8": 1.2812589236923715, "x9": 2.749988712732662}, "datetime": {"datetime": "2025-05-17 13:30:15", "elapsed": 18181.667778, "delta": 36.409402}}
{"target": 5.4131219740716245, "params": {"x0": 0.8, "x1": 0.9, "x2": 3.1799116954839706, "x3": 3.738716484981863e-48, "x4": 1.7110077963815329, "x5": 3.023623091232345e-48, "x6": 3.5942736073204546, "x7": 14.463175723016253, "x8": 1.2812589236923715, "x9": 2.749988712732662}, "datetime": {"datetime": "2025-05-17 13:30:53", "elapsed": 18219.478628, "delta": 37.81085}}
{"target": 5.4131219740716245, "params": {"x0": 0.8, "x1": 0.9, "x2": 3.1799116954839706, "x3": 4.548461835116893e-49, "x4": 1.7110077963815329, "x5": 1.508222351570398e-47, "x6": 3.5942736073204546, "x7": 14.463175723016253, "x8": 1.2812589236923715, "x9": 2.749988712732662}, "datetime": {"datetime": "2025-05-17 13:31:33", "elapsed": 18259.109298, "delta": 39.63067}}
{"target": 5.4131219740716245, "params": {"x0": 0.8, "x1": 0.9, "x2": 3.1799116954839706, "x3": 5.850342761014494e-48, "x4": 1.7110077963815329, "x5": 9.039845505768991e-49, "x6": 3.5942736073204546, "x7": 14.463175723016253, "x8": 1.2812589236923715, "x9": 2.749988712732662}, "datetime": {"datetime": "2025-05-17 13:32:11", "elapsed": 18297.481555, "delta": 38.372257}}
{"target": 5.4131219740716245, "params": {"x0": 0.8, "x1": 0.9, "x2": 3.1799116954839706, "x3": 1.0831665705845922e-47, "x4": 1.7110077963815329, "x5": 6.444580435718487e-48, "x6": 3.5942736073204546, "x7": 14.463175723016253, "x8": 1.2812589236923715, "x9": 2.749988712732662}, "datetime": {"datetime": "2025-05-17 13:32:47", "elapsed": 18333.536274, "delta": 36.054719}}
{"target": 5.4131219740716245, "params": {"x0": 0.8, "x1": 0.9, "x2": 3.1799116954839706, "x3": 1.5808142845277466e-47, "x4": 1.7110077963815329, "x5": 8.629560172365558e-48, "x6": 3.5942736073204546, "x7": 14.463175723016253, "x8": 1.2812589236923715, "x9": 2.749988712732662}, "datetime": {"datetime": "2025-05-17 13:33:22", "elapsed": 18368.480924, "delta": 34.94465}}
{"target": 5.4131219740716245, "params": {"x0": 0.8, "x1": 0.9, "x2": 3.1799116954839706, "x3": 5.139199457921794e-48, "x4": 1.7110077963815329, "x5": 2.0222750277479606e-48, "x6": 3.5942736073204546, "x7": 14.463175723016253, "x8": 1.2812589236923715, "x9": 2.749988712732662}, "datetime": {"datetime": "2025-05-17 13:33:57", "elapsed": 18402.976423, "delta": 34.495499}}
{"target": 5.4131219740716245, "params": {"x0": 0.8, "x1": 0.9, "x2": 3.1799116954839706, "x3": 4.6519346401981775e-48, "x4": 1.7110077963815329, "x5": 3.514834888363526e-48, "x6": 3.5942736073204546, "x7": 14.463175723016253, "x8": 1.2812589236923715, "x9": 2.749988712732662}, "datetime": {"datetime": "2025-05-17 13:34:28", "elapsed": 18433.929803, "delta": 30.95338}}
{"target": 5.4131219740716245, "params": {"x0": 0.8, "x1": 0.9, "x2": 3.1799116954839706, "x3": 9.081686307802718e-48, "x4": 1.7110077963815329, "x5": 1.5215681134986186e-48, "x6": 3.5942736073204546, "x7": 14.463175723016253, "x8": 1.2812589236923715, "x9": 2.749988712732662}, "datetime": {"datetime": "2025-05-17 13:35:07", "elapsed": 18473.671412, "delta": 39.741609}}
{"target": 5.4131219740716245, "params": {"x0": 0.8, "x1": 0.9, "x2": 3.1799116954839706, "x3": 9.447164492656757e-49, "x4": 1.7110077963815329, "x5": 1.6542625661169207e-48, "x6": 3.5942736073204546, "x7": 14.463175723016253, "x8": 1.2812589236923715, "x9": 2.749988712732662}, "datetime": {"datetime": "2025-05-17 13:35:40", "elapsed": 18505.978985, "delta": 32.307573}}
{"target": 5.4131219740716245, "params": {"x0": 0.8, "x1": 0.9, "x2": 3.1799116954839706, "x3": 1.919454288855733e-48, "x4": 1.7110077963815329, "x5": 9.868778556644072e-49, "x6": 3.5942736073204546, "x7": 14.463175723016253, "x8": 1.2812589236923715, "x9": 2.749988712732662}, "datetime": {"datetime": "2025-05-17 13:36:14", "elapsed": 18539.975495, "delta": 33.99651}}
{"target": 5.4131219740716245, "params": {"x0": 0.8, "x1": 0.9, "x2": 3.1799116954839706, "x3": 7.040103337601911e-48, "x4": 1.7110077963815329, "x5": 1.1117839529058196e-48, "x6": 3.5942736073204546, "x7": 14.463175723016253, "x8": 1.2812589236923715, "x9": 2.749988712732662}, "datetime": {"datetime": "2025-05-17 13:36:55", "elapsed": 18581.218397, "delta": 41.242902}}
{"target": 5.4131219740716245, "params": {"x0": 0.8, "x1": 0.9, "x2": 3.1799116954839706, "x3": 3.7264655878352197e-48, "x4": 1.7110077963815329, "x5": 1.5881086694774823e-48, "x6": 3.5942736073204546, "x7": 14.463175723016253, "x8": 1.2812589236923715, "x9": 2.749988712732662}, "datetime": {"datetime": "2025-05-17 13:37:29", "elapsed": 18615.086597, "delta": 33.8682}}
{"target": 5.4131219740716245, "params": {"x0": 0.8, "x1": 0.9, "x2": 3.1799116954839706, "x3": 1.770632367665885e-48, "x4": 1.7110077963815329, "x5": 1.4857801991966258e-48, "x6": 3.5942736073204546, "x7": 14.463175723016253, "x8": 1.2812589236923715, "x9": 2.749988712732662}, "datetime": {"datetime": "2025-05-17 13:37:58", "elapsed": 18644.635434, "delta": 29.548837}}
{"target": 5.4131219740716245, "params": {"x0": 0.8, "x1": 0.9, "x2": 3.1799116954839706, "x3": 5.660867833904442e-48, "x4": 1.7110077963815329, "x5": 5.728196453875965e-49, "x6": 3.5942736073204546, "x7": 14.463175723016253, "x8": 1.2812589236923715, "x9": 2.749988712732662}, "datetime": {"datetime": "2025-05-17 13:38:37", "elapsed": 18683.691303, "delta": 39.055869}}
{"target": 5.4131219740716245, "params": {"x0": 0.8, "x1": 0.9, "x2": 3.1799116954839706, "x3": 1.75250500256831e-48, "x4": 1.7110077963815329, "x5": 3.473831045407731e-48, "x6": 3.5942736073204546, "x7": 14.463175723016253, "x8": 1.2812589236923715, "x9": 2.749988712732662}, "datetime": {"datetime": "2025-05-17 13:39:15", "elapsed": 18721.467935, "delta": 37.776632}}
{"target": 5.4131219740716245, "params": {"x0": 0.8, "x1": 0.9, "x2": 3.1799116954839706, "x3": 1.0680928777875719e-48, "x4": 1.7110077963815329, "x5": 1.2543790699342866e-48, "x6": 3.5942736073204546, "x7": 14.463175723016253, "x8": 1.2812589236923715, "x9": 2.749988712732662}, "datetime": {"datetime": "2025-05-17 13:39:40", "elapsed": 18746.572503, "delta": 25.104568}}
{"target": 5.4131219740716245, "params": {"x0": 0.8, "x1": 0.9, "x2": 3.1799116954839706, "x3": 2.0760984133178175e-48, "x4": 1.7110077963815329, "x5": 6.15311331243882e-49, "x6": 3.5942736073204546, "x7": 14.463175723016253, "x8": 1.2812589236923715, "x9": 2.749988712732662}, "datetime": {"datetime": "2025-05-17 13:40:15", "elapsed": 18781.244463, "delta": 34.67196}}
{"target": 5.4131219740716245, "params": {"x0": 0.8, "x1": 0.9, "x2": 3.1799116954839706, "x3": 1.8840959841376735e-48, "x4": 1.7110077963815329, "x5": 1.9995511275606346e-48, "x6": 3.5942736073204546, "x7": 14.463175723016253, "x8": 1.2812589236923715, "x9": 2.749988712732662}, "datetime": {"datetime": "2025-05-17 13:40:53", "elapsed": 18819.15517, "delta": 37.910707}}
{"target": 5.4131219740716245, "params": {"x0": 0.8, "x1": 0.9, "x2": 3.1799116954839706, "x3": 2.141281991537386e-48, "x4": 1.7110077963815329, "x5": 3.620390632788959e-49, "x6": 3.5942736073204546, "x7": 14.463175723016253, "x8": 1.2812589236923715, "x9": 2.749988712732662}, "datetime": {"datetime": "2025-05-17 13:41:19", "elapsed": 18845.642015, "delta": 26.486845}}
{"target": 5.4131219740716245, "params": {"x0": 0.8, "x1": 0.9, "x2": 3.1799116954839706, "x3": 3.4036722114844304e-48, "x4": 1.7110077963815329, "x5": 1.6626478359814946e-48, "x6": 3.5942736073204546, "x7": 14.463175723016253, "x8": 1.2812589236923715, "x9": 2.749988712732662}, "datetime": {"datetime": "2025-05-17 13:41:49", "elapsed": 18875.315876, "delta": 29.673861}}
{"target": 5.4131219740716245, "params": {"x0": 0.8, "x1": 0.9, "x2": 3.1799116954839706, "x3": 2.863153749625964e-48, "x4": 1.7110077963815329, "x5": 2.0339478479067966e-48, "x6": 3.5942736073204546, "x7": 14.463175723016253, "x8": 1.2812589236923715, "x9": 2.749988712732662}, "datetime": {"datetime": "2025-05-17 13:42:30", "elapsed": 18915.74427, "delta": 40.428394}}
{"target": 5.4131219740716245, "params": {"x0": 0.8, "x1": 0.9, "x2": 3.1799116954839706, "x3": 2.0685386425489546e-48, "x4": 1.7110077963815329, "x5": 1.4588136360588342e-48, "x6": 3.5942736073204546, "x7": 14.463175723016253, "x8": 1.2812589236923715, "x9": 2.749988712732662}, "datetime": {"datetime": "2025-05-17 13:43:05", "elapsed": 18951.137347, "delta": 35.393077}}
{"target": 5.4131219740716245, "params": {"x0": 0.8, "x1": 0.9, "x2": 3.1799116954839706, "x3": 1.370638023617545e-48, "x4": 1.7110077963815329, "x5": 6.6960271147269774e-49, "x6": 3.5942736073204546, "x7": 14.463175723016253, "x8": 1.2812589236923715, "x9": 2.749988712732662}, "datetime": {"datetime": "2025-05-17 13:43:36", "elapsed": 18982.542483, "delta": 31.405136}}
{"target": 5.4131219740716245, "params": {"x0": 0.8, "x1": 0.9, "x2": 3.1799116954839706, "x3": 9.3659422519187e-49, "x4": 1.7110077963815329, "x5": 3.013758185381818e-49, "x6": 3.5942736073204546, "x7": 14.463175723016253, "x8": 1.2812589236923715, "x9": 2.749988712732662}, "datetime": {"datetime": "2025-05-17 13:44:19", "elapsed": 19025.515373, "delta": 42.97289}}
{"target": 5.4131219740716245, "params": {"x0": 0.8, "x1": 0.9, "x2": 3.1799116954839706, "x3": 1.2004102130076655e-48, "x4": 1.7110077963815329, "x5": 7.499660508120816e-49, "x6": 3.5942736073204546, "x7": 14.463175723016253, "x8": 1.2812589236923715, "x9": 2.749988712732662}, "datetime": {"datetime": "2025-05-17 13:44:52", "elapsed": 19058.376775, "delta": 32.861402}}
{"target": 5.4131219740716245, "params": {"x0": 0.8, "x1": 0.9, "x2": 3.1799116954839706, "x3": 1.094579853754117e-48, "x4": 1.7110077963815329, "x5": 6.413477390683356e-49, "x6": 3.5942736073204546, "x7": 14.463175723016253, "x8": 1.2812589236923715, "x9": 2.749988712732662}, "datetime": {"datetime": "2025-05-17 13:45:22", "elapsed": 19088.516208, "delta": 30.139433}}
{"target": 5.4131219740716245, "params": {"x0": 0.8, "x1": 0.9, "x2": 3.1799116954839706, "x3": 1.3059627984852063e-49, "x4": 1.7110077963815329, "x5": 1.626491342306335e-49, "x6": 3.5942736073204546, "x7": 14.463175723016253, "x8": 1.2812589236923715, "x9": 2.749988712732662}, "datetime": {"datetime": "2025-05-17 13:45:56", "elapsed": 19122.31736, "delta": 33.801152}}
{"target": 5.4131219740716245, "params": {"x0": 0.8, "x1": 0.9, "x2": 3.1799116954839706, "x3": 2.7963723861755706e-49, "x4": 1.7110077963815329, "x5": 8.569651077590391e-49, "x6": 3.5942736073204546, "x7": 14.463175723016253, "x8": 1.2812589236923715, "x9": 2.749988712732662}, "datetime": {"datetime": "2025-05-17 13:46:37", "elapsed": 19162.906304, "delta": 40.588944}}
{"target": 5.4131219740716245, "params": {"x0": 0.8, "x1": 0.9, "x2": 3.1799116954839706, "x3": 3.4274359949701916e-49, "x4": 1.7110077963815329, "x5": 3.354911952472367e-49, "x6": 3.5942736073204546, "x7": 14.463175723016253, "x8": 1.2812589236923715, "x9": 2.749988712732662}, "datetime": {"datetime": "2025-05-17 13:47:08", "elapsed": 19194.165853, "delta": 31.259549}}
{"target": 5.4131219740716245, "params": {"x0": 0.8, "x1": 0.9, "x2": 3.1799116954839706, "x3": 6.47430825217136e-51, "x4": 1.7110077963815329, "x5": 4.773709320703384e-49, "x6": 3.5942736073204546, "x7": 14.463175723016253, "x8": 1.2812589236923715, "x9": 2.749988712732662}, "datetime": {"datetime": "2025-05-17 13:47:37", "elapsed": 19222.763775, "delta": 28.597922}}
{"target": 5.4131219740716245, "params": {"x0": 0.8, "x1": 0.9, "x2": 3.1799116954839706, "x3": 6.1832369224200385e-50, "x4": 1.7110077963815329, "x5": 3.3212439236068085e-49, "x6": 3.5942736073204546, "x7": 14.463175723016253, "x8": 1.2812589236923715, "x9": 2.749988712732662}, "datetime": {"datetime": "2025-05-17 13:48:11", "elapsed": 19257.009243, "delta": 34.245468}}
{"target": 5.4131219740716245, "params": {"x0": 0.8, "x1": 0.9, "x2": 3.1799116954839706, "x3": 8.328413095348767e-49, "x4": 1.7110077963815329, "x5": 4.8607223082692945e-49, "x6": 3.5942736073204546, "x7": 14.463175723016253, "x8": 1.2812589236923715, "x9": 2.749988712732662}, "datetime": {"datetime": "2025-05-17 13:48:53", "elapsed": 19299.378476, "delta": 42.369233}}
{"target": 5.4131219740716245, "params": {"x0": 0.8, "x1": 0.9, "x2": 3.1799116954839706, "x3": 8.28528147518154e-49, "x4": 1.7110077963815329, "x5": 4.8906621556146204e-49, "x6": 3.5942736073204546, "x7": 14.463175723016253, "x8": 1.2812589236923715, "x9": 2.749988712732662}, "datetime": {"datetime": "2025-05-17 13:49:23", "elapsed": 19329.02709, "delta": 29.648614}}
{"target": 5.4131219740716245, "params": {"x0": 0.8, "x1": 0.9, "x2": 3.1799116954839706, "x3": 5.27485182142959e-49, "x4": 1.7110077963815329, "x5": 2.6064464776952532e-49, "x6": 3.5942736073204546, "x7": 14.463175723016253, "x8": 1.2812589236923715, "x9": 2.749988712732662}, "datetime": {"datetime": "2025-05-17 13:50:01", "elapsed": 19366.743911, "delta": 37.716821}}
{"target": 5.4131219740716245, "params": {"x0": 0.8, "x1": 0.9, "x2": 3.1799116954839706, "x3": 6.489998433310887e-49, "x4": 1.7110077963815329, "x5": 4.137041963527697e-49, "x6": 3.5942736073204546, "x7": 14.463175723016253, "x8": 1.2812589236923715, "x9": 2.749988712732662}, "datetime": {"datetime": "2025-05-17 13:50:33", "elapsed": 19399.375646, "delta": 32.631735}}
