{"target": 6.7799966421602225, "params": {"x0": 0.8030005010693607, "x1": 0.9954061581252608, "x2": 0.10918350256274881, "x3": 6.622936471403032, "x4": 9.618565675408606, "x5": 10.85691566522317, "x6": 10.568715782086077, "x7": -1.2313317810589346, "x8": 0.18739361722141512, "x9": 1.3614009005479888}, "datetime": {"datetime": "2025-05-19 02:38:59", "elapsed": 967.978739, "delta": 17.927171}}
{"target": 3.6983468819852274, "params": {"x0": 0.8050396415338815, "x1": 1.0715981184734453, "x2": 0.17253283479125947, "x3": 7.336074265340127, "x4": 9.395461305378001, "x5": 10.675486624741396, "x6": 10.130253109608677, "x7": -0.7737467475712342, "x8": 0.22071366907508871, "x9": 1.4306687196249865}, "datetime": {"datetime": "2025-05-19 02:39:16", "elapsed": 984.79158, "delta": 16.812841}}
{"target": 6.588374543393336, "params": {"x0": 0.8001222380508559, "x1": 0.9, "x2": 0.0, "x3": 6.320537500579139, "x4": 10.0, "x5": 11.161126920293949, "x6": 10.285664409995839, "x7": -1.2037821914591287, "x8": 0.1, "x9": 1.5017604630647317}, "datetime": {"datetime": "2025-05-19 02:39:33", "elapsed": 1002.20295, "delta": 17.41137}}
{"target": 7.3284695732811675, "params": {"x0": 0.8, "x1": 1.3833911978755324, "x2": 0.0, "x3": 6.300884351296875, "x4": 10.0, "x5": 10.60494632914145, "x6": 10.699205612178243, "x7": -1.1024538430832507, "x8": 0.1, "x9": 1.5612541301292502}, "datetime": {"datetime": "2025-05-19 02:39:50", "elapsed": 1019.461498, "delta": 17.258548}}
{"target": 4.231325376842576, "params": {"x0": 0.8587412644311093, "x1": 0.9, "x2": 0.6001533036938403, "x3": 6.298633614968791, "x4": 10.0, "x5": 10.58316145243405, "x6": 10.793724957833394, "x7": -1.0989347514631098, "x8": 0.1, "x9": 1.7311293752733223}, "datetime": {"datetime": "2025-05-19 02:40:07", "elapsed": 1036.742519, "delta": 17.281021}}
{"target": 8.420956255366685, "params": {"x0": 0.8, "x1": 1.6919133957758516, "x2": 0.0, "x3": 6.169957970590722, "x4": 9.571108318259574, "x5": 10.92871111031547, "x6": 10.291489750472968, "x7": -1.1452528532617914, "x8": 0.22312935097461392, "x9": 1.4083664094995851}, "datetime": {"datetime": "2025-05-19 02:40:25", "elapsed": 1054.1884, "delta": 17.445881}}
{"target": 9.55065262927812, "params": {"x0": 0.8, "x1": 1.8045029777814603, "x2": 0.0, "x3": 6.417702186613993, "x4": 10.0, "x5": 10.72991482329142, "x6": 10.126766246411645, "x7": -1.4284342958762273, "x8": 0.44387287766158556, "x9": 1.27841184696437}, "datetime": {"datetime": "2025-05-19 02:40:43", "elapsed": 1071.9437, "delta": 17.7553}}
{"target": 12.51468399159059, "params": {"x0": 0.8, "x1": 2.178269567558523, "x2": 0.0, "x3": 6.472761651971906, "x4": 10.0, "x5": 11.090256777108463, "x6": 10.478811906229412, "x7": -1.1528695634139352, "x8": 0.6546449120355893, "x9": 1.1484572844291547}, "datetime": {"datetime": "2025-05-19 02:41:01", "elapsed": 1089.903623, "delta": 17.959923}}
{"target": 25.314617335052663, "params": {"x0": 0.8, "x1": 2.6803293843969347, "x2": 0.0, "x3": 6.429131870106966, "x4": 10.0, "x5": 11.257531908422143, "x6": 10.778217124786801, "x7": -1.4602729866087307, "x8": 0.865416946409593, "x9": 1.0185027218939395}, "datetime": {"datetime": "2025-05-19 02:41:18", "elapsed": 1107.106178, "delta": 17.202555}}
{"target": 32.64399329468721, "params": {"x0": 0.8, "x1": 2.8674899129718145, "x2": 0.0, "x3": 6.369421458662534, "x4": 9.977386960144747, "x5": 11.279019615430004, "x6": 10.903976383564578, "x7": -1.7111570036878554, "x8": 0.9208265697208793, "x9": 1.0}, "datetime": {"datetime": "2025-05-19 02:41:35", "elapsed": 1124.54039, "delta": 17.434212}}
{"target": 2.6854576027354806, "params": {"x0": 0.8, "x1": 3.152315923493391, "x2": 0.0, "x3": 6.298085908877033, "x4": 9.972367916866295, "x5": 11.33004298415521, "x6": 11.083864330365156, "x7": -2.043860852099943, "x8": 1.0195386246524782, "x9": 1.0}, "datetime": {"datetime": "2025-05-19 02:41:52", "elapsed": 1141.71197, "delta": 17.17158}}
{"target": 16.900133420180982, "params": {"x0": 0.818913360674171, "x1": 2.541863547337677, "x2": 0.121306459486296, "x3": 6.429517815622658, "x4": 9.94505352809432, "x5": 11.109645303358, "x6": 10.97916729818082, "x7": -1.4659536093221637, "x8": 0.7817033796252437, "x9": 1.0843153442935964}, "datetime": {"datetime": "2025-05-19 02:42:09", "elapsed": 1157.951823, "delta": 16.239853}}
{"target": 17.996070930737943, "params": {"x0": 0.8167268024721274, "x1": 3.3206682046457, "x2": 0.06497670388560424, "x3": 6.0596569851242155, "x4": 9.869849374589448, "x5": 11.254807707737484, "x6": 11.483546695920815, "x7": -1.1798503450202902, "x8": 0.8437999064643341, "x9": 1.0446271301868741}, "datetime": {"datetime": "2025-05-19 02:42:25", "elapsed": 1174.700619, "delta": 16.748796}}
{"target": 32.81063367658732, "params": {"x0": 0.8, "x1": 2.906331987513319, "x2": 0.0, "x3": 6.3130361873752765, "x4": 9.955096043908998, "x5": 11.280498046433864, "x6": 10.922904312632657, "x7": -1.546016506056779, "x8": 0.8860804986590501, "x9": 1.0}, "datetime": {"datetime": "2025-05-19 02:42:43", "elapsed": 1192.277816, "delta": 17.577197}}
{"target": 30.307421353575972, "params": {"x0": 0.8, "x1": 2.849905057210148, "x2": 0.0, "x3": 6.266071511501677, "x4": 9.902073204024216, "x5": 11.253065274014844, "x6": 10.779318780742276, "x7": -1.6573594646892862, "x8": 0.8363998191991835, "x9": 1.0}, "datetime": {"datetime": "2025-05-19 02:43:01", "elapsed": 1209.902083, "delta": 17.624267}}
{"target": 15.91569341040948, "params": {"x0": 0.8111680213569528, "x1": 3.2960830330886983, "x2": 0.03656261075316144, "x3": 6.045867395243751, "x4": 9.820079342036024, "x5": 10.45577723921983, "x6": 10.682561639986549, "x7": -2.0451430600616387, "x8": 0.9145533988094332, "x9": 1.0101644750308343}, "datetime": {"datetime": "2025-05-19 02:43:17", "elapsed": 1226.344646, "delta": 16.442563}}
{"target": 17.16786663018158, "params": {"x0": 0.8014383629953257, "x1": 2.5502160081533685, "x2": 0.03894915022623364, "x3": 6.486699740080265, "x4": 9.944357789348402, "x5": 11.130574099912973, "x6": 10.977747446113174, "x7": -1.4072439821852611, "x8": 0.856907443079155, "x9": 1.057911316102832}, "datetime": {"datetime": "2025-05-19 02:43:34", "elapsed": 1243.138749, "delta": 16.794103}}
{"target": 33.93112642383322, "params": {"x0": 0.8090549360419327, "x1": 2.9642160666938797, "x2": 0.0, "x3": 6.4083847668427225, "x4": 10.0, "x5": 11.105265635956721, "x6": 10.818286996062747, "x7": -1.5922507236248715, "x8": 0.9506062853573765, "x9": 1.0}, "datetime": {"datetime": "2025-05-19 02:43:51", "elapsed": 1259.812274, "delta": 16.673525}}
{"target": 21.184633242117165, "params": {"x0": 0.8220403063891607, "x1": 3.008392080118251, "x2": 0.0529995008121353, "x3": 6.541605012527448, "x4": 9.909517339805474, "x5": 11.285259038937367, "x6": 10.805509671048574, "x7": -1.5815474829227674, "x8": 0.8726731799188273, "x9": 1.0}, "datetime": {"datetime": "2025-05-19 02:44:07", "elapsed": 1276.313632, "delta": 16.501358}}
{"target": 32.26359991115623, "params": {"x0": 0.8145046852798007, "x1": 2.947761015476922, "x2": 0.011022504251793741, "x3": 6.299304340995035, "x4": 9.97148584538873, "x5": 11.206441515069471, "x6": 10.901341575358432, "x7": -1.5228325055395169, "x8": 0.9274802453769784, "x9": 1.0385958106609816}, "datetime": {"datetime": "2025-05-19 02:44:24", "elapsed": 1293.003461, "delta": 16.689829}}
{"target": 2.6026018098702846, "params": {"x0": 0.8, "x1": 2.7905738880760644, "x2": 0.0, "x3": 6.269260148071539, "x4": 10.0, "x5": 11.010608294641266, "x6": 10.879703478096888, "x7": -1.6689374766295741, "x8": 1.0137321007626012, "x9": 1.0}, "datetime": {"datetime": "2025-05-19 02:44:42", "elapsed": 1310.762529, "delta": 17.759068}}
{"target": 32.18046834641669, "params": {"x0": 0.8109357258901216, "x1": 2.8668612432455873, "x2": 0.035868589969039785, "x3": 6.2929852319916995, "x4": 9.93837032336088, "x5": 11.287799564575742, "x6": 10.79961015598724, "x7": -1.6121755372349749, "x8": 0.9173869302728077, "x9": 1.030310367593494}, "datetime": {"datetime": "2025-05-19 02:44:59", "elapsed": 1327.769108, "delta": 17.006579}}
{"target": 33.87792000035325, "params": {"x0": 0.8005352345571164, "x1": 3.014178695045031, "x2": 0.0, "x3": 6.33789291684177, "x4": 10.0, "x5": 11.236229294562373, "x6": 10.803017229219304, "x7": -1.6393814953362096, "x8": 0.8994743748791443, "x9": 1.0}, "datetime": {"datetime": "2025-05-19 02:45:16", "elapsed": 1345.173383, "delta": 17.404275}}
{"target": 30.4874817342929, "params": {"x0": 0.801387204705598, "x1": 2.884766377959816, "x2": 0.0, "x3": 6.424061587161414, "x4": 10.0, "x5": 11.220773429413784, "x6": 10.822824861479834, "x7": -1.5838553346922841, "x8": 0.9045875659269675, "x9": 1.0297604743881532}, "datetime": {"datetime": "2025-05-19 02:45:33", "elapsed": 1362.474944, "delta": 17.301561}}
{"target": 29.557802146415323, "params": {"x0": 0.8056539660694886, "x1": 2.870110449623938, "x2": 0.02063548867084084, "x3": 6.434317073459207, "x4": 9.998197259981632, "x5": 11.203200193333737, "x6": 10.810624965386069, "x7": -1.6299139521793928, "x8": 0.9103519693527378, "x9": 1.0225203656458073}, "datetime": {"datetime": "2025-05-19 02:45:50", "elapsed": 1379.403194, "delta": 16.92825}}
{"target": 33.90812902641602, "params": {"x0": 0.8028440736595016, "x1": 3.0231754088523557, "x2": 0.0, "x3": 6.355311773596887, "x4": 9.849340626397941, "x5": 11.193067265390791, "x6": 10.861870982921204, "x7": -1.621719063147522, "x8": 0.9813154993037428, "x9": 1.0}, "datetime": {"datetime": "2025-05-19 02:46:08", "elapsed": 1396.770277, "delta": 17.367083}}
{"target": 31.72644534545995, "params": {"x0": 0.8034651598977447, "x1": 3.091295770195021, "x2": 0.0, "x3": 6.336545138719195, "x4": 9.909620707951639, "x5": 11.08115173534927, "x6": 10.733600106415837, "x7": -1.474229224254868, "x8": 0.9170586388926083, "x9": 1.0}, "datetime": {"datetime": "2025-05-19 02:46:24", "elapsed": 1413.610967, "delta": 16.84069}}
{"target": 33.072633408584856, "params": {"x0": 0.8040241375121635, "x1": 3.078587799844907, "x2": 0.13007196716161223, "x3": 6.3832416815978235, "x4": 9.96668415853861, "x5": 11.093179965746879, "x6": 10.906801658399939, "x7": -1.5690945138432566, "x8": 0.9204134035390852, "x9": 1.0}, "datetime": {"datetime": "2025-05-19 02:46:42", "elapsed": 1431.357008, "delta": 17.746041}}
{"target": 30.962364721617927, "params": {"x0": 0.8125338537784839, "x1": 2.9298129434593996, "x2": 0.0012017585493397918, "x3": 6.366194776546141, "x4": 9.997867510146099, "x5": 11.104257571668745, "x6": 10.811334118102241, "x7": -1.5925498231423352, "x8": 0.9519218912266307, "x9": 1.0168245573487888}, "datetime": {"datetime": "2025-05-19 02:46:59", "elapsed": 1448.095439, "delta": 16.738431}}
{"target": 32.15848942822829, "params": {"x0": 0.8105591751614327, "x1": 2.8838842116009977, "x2": 0.0012364391992809233, "x3": 6.350548354181157, "x4": 9.947398598483591, "x5": 11.303456426910516, "x6": 10.935509958814318, "x7": -1.705877574618241, "x8": 0.937714403861444, "x9": 1.0059408117383952}, "datetime": {"datetime": "2025-05-19 02:47:15", "elapsed": 1464.649283, "delta": 16.553844}}
{"target": 26.24181421858549, "params": {"x0": 0.8053874839137309, "x1": 3.047593060160979, "x2": 0.0, "x3": 6.496232223286143, "x4": 9.91103714648172, "x5": 11.016879033944706, "x6": 10.988708109586087, "x7": -1.410501991554021, "x8": 0.9726168962029108, "x9": 1.0}, "datetime": {"datetime": "2025-05-19 02:47:32", "elapsed": 1481.718711, "delta": 17.069428}}
{"target": 32.10452485329862, "params": {"x0": 0.8057542291265511, "x1": 3.039255360814269, "x2": 0.08534021765473379, "x3": 6.329322056043644, "x4": 10.0, "x5": 11.240577965384327, "x6": 10.794206983739919, "x7": -1.4286768647611061, "x8": 0.9704158351183574, "x9": 1.0}, "datetime": {"datetime": "2025-05-19 02:47:50", "elapsed": 1499.010881, "delta": 17.29217}}
{"target": 32.30085464066626, "params": {"x0": 0.8060842998180893, "x1": 3.03175143140223, "x2": 0.07680619588926041, "x3": 6.479541206561893, "x4": 10.0, "x5": 10.954602444788799, "x6": 10.669810881987898, "x7": -1.4450342506474825, "x8": 0.9684348801422593, "x9": 1.0}, "datetime": {"datetime": "2025-05-19 02:48:07", "elapsed": 1516.648489, "delta": 17.637608}}
{"target": 33.41836345641055, "params": {"x0": 0.8063813634404736, "x1": 3.0249978949313947, "x2": 0.06912557630033438, "x3": 6.472425562589976, "x4": 9.935146079785174, "x5": 10.972089893949308, "x6": 10.684658493395382, "x7": -1.7188992965134156, "x8": 0.966652020663771, "x9": 1.0}, "datetime": {"datetime": "2025-05-19 02:48:25", "elapsed": 1534.070564, "delta": 17.422075}}
{"target": 32.90478000517306, "params": {"x0": 0.8069112158140933, "x1": 2.999751935264387, "x2": 0.039755098129934455, "x3": 6.42893479882412, "x4": 9.98674660799215, "x5": 11.20462436220301, "x6": 10.828193162865798, "x7": -1.6668771135394764, "x8": 0.9374377851175072, "x9": 1.0065240077041178}, "datetime": {"datetime": "2025-05-19 02:48:42", "elapsed": 1551.169167, "delta": 17.098603}}
{"target": 34.11461308492767, "params": {"x0": 0.8084236728279106, "x1": 2.975917062212608, "x2": 0.03880193103279499, "x3": 6.370601284677283, "x4": 9.988918314348684, "x5": 11.19010056876872, "x6": 10.885916886316512, "x7": -1.6792069479849305, "x8": 0.9604165455400051, "x9": 1.002194200513165}, "datetime": {"datetime": "2025-05-19 02:48:59", "elapsed": 1568.158519, "delta": 16.989352}}
{"target": 32.863186111099004, "params": {"x0": 0.806506201562148, "x1": 3.01964196522182, "x2": 0.0, "x3": 6.367558749132587, "x4": 10.0, "x5": 11.284708941853394, "x6": 10.979950570248333, "x7": -1.5869660312824685, "x8": 0.9716233735692353, "x9": 1.0}, "datetime": {"datetime": "2025-05-19 02:49:16", "elapsed": 1585.348685, "delta": 17.190166}}
{"target": 34.71419176799987, "params": {"x0": 0.8084846324048571, "x1": 3.0143235605664294, "x2": 0.07792794186767626, "x3": 6.359876669508105, "x4": 9.966758405158638, "x5": 11.17636884527932, "x6": 10.89742142376613, "x7": -1.6657910350586302, "x8": 0.9587079485206491, "x9": 1.001634603107187}, "datetime": {"datetime": "2025-05-19 02:49:33", "elapsed": 1602.081844, "delta": 16.733159}}
{"target": 33.79645606144766, "params": {"x0": 0.8069345286584367, "x1": 3.0478204070862, "x2": 0.11521812466868844, "x3": 6.324127681813469, "x4": 10.0, "x5": 11.137834676827799, "x6": 10.821829366653835, "x7": -1.5944771190980047, "x8": 0.9677000493733577, "x9": 1.0}, "datetime": {"datetime": "2025-05-19 02:49:50", "elapsed": 1619.399219, "delta": 17.317375}}
{"target": 35.0338919425151, "params": {"x0": 0.8098797257766355, "x1": 3.044470722434223, "x2": 0.0443667773467653, "x3": 6.373935329954567, "x4": 9.933693496301293, "x5": 11.108017268857616, "x6": 10.829388572365065, "x7": -1.7324309472530415, "x8": 0.9506150577532113, "x9": 1.0}, "datetime": {"datetime": "2025-05-19 02:50:08", "elapsed": 1636.786118, "delta": 17.386899}}
{"target": 33.72373051128205, "params": {"x0": 0.811065555142647, "x1": 3.0700958100218476, "x2": 0.015839787503990982, "x3": 6.402189076964899, "x4": 9.961798668830037, "x5": 11.049918428899167, "x6": 10.88721649605597, "x7": -1.675787021887792, "x8": 0.9574940149055334, "x9": 1.0047868337902592}, "datetime": {"datetime": "2025-05-19 02:50:25", "elapsed": 1653.799389, "delta": 17.013271}}
{"target": 34.60990521202178, "params": {"x0": 0.8088124793472251, "x1": 3.067533301263085, "x2": 0.07004106820526218, "x3": 6.399363702263867, "x4": 9.908398841025425, "x5": 11.055728312895011, "x6": 10.77734344104325, "x7": -1.681451414424317, "x8": 0.9444239963161214, "x9": 1.0}, "datetime": {"datetime": "2025-05-19 02:50:41", "elapsed": 1670.752386, "delta": 16.952997}}
{"target": 35.45645327907614, "params": {"x0": 0.8103072466710428, "x1": 3.0575997044083527, "x2": 0.05724007546806491, "x3": 6.380344483297996, "x4": 9.916283531628297, "x5": 11.081099669750587, "x6": 10.848159338586827, "x7": -1.7144841659531858, "x8": 0.951448666639151, "x9": 1.0030766529215192}, "datetime": {"datetime": "2025-05-19 02:50:58", "elapsed": 1687.139083, "delta": 16.386697}}
{"target": 35.63367538854355, "params": {"x0": 0.8103327326252703, "x1": 3.0719822252276425, "x2": 0.05309602747049723, "x3": 6.373541961457994, "x4": 9.91523362516628, "x5": 11.11164127556085, "x6": 10.84104024990208, "x7": -1.7185431815386472, "x8": 0.9503636651294268, "x9": 1.0051819794823829}, "datetime": {"datetime": "2025-05-19 02:51:14", "elapsed": 1703.330174, "delta": 16.191091}}
{"target": 33.94258200963849, "params": {"x0": 0.8095747792813793, "x1": 3.089017609593477, "x2": 0.07081568830553836, "x3": 6.391137941106501, "x4": 9.897597904804952, "x5": 11.079251099259086, "x6": 10.87749957144692, "x7": -1.7545759996004162, "x8": 0.9547557827787674, "x9": 1.002061570262174}, "datetime": {"datetime": "2025-05-19 02:51:32", "elapsed": 1721.212867, "delta": 17.882693}}
{"target": 35.70287260879965, "params": {"x0": 0.8103279678714397, "x1": 3.070266545064378, "x2": 0.05354612994371652, "x3": 6.374287332765472, "x4": 9.915399629522446, "x5": 11.108004915366227, "x6": 10.841794835841498, "x7": -1.7180358848460975, "x8": 0.9504816726866699, "x9": 1.0049426837677424}, "datetime": {"datetime": "2025-05-19 02:51:49", "elapsed": 1738.541135, "delta": 17.328268}}
{"target": 34.82606410768404, "params": {"x0": 0.8109416718422998, "x1": 3.056553667736215, "x2": 0.03921570979099416, "x3": 6.388502807715389, "x4": 9.901122996247578, "x5": 11.124820096064768, "x6": 10.871289156995847, "x7": -1.688874667050692, "x8": 0.9469299577685663, "x9": 1.0024271170851051}, "datetime": {"datetime": "2025-05-19 02:52:07", "elapsed": 1756.038084, "delta": 17.496949}}
{"target": 34.375651541637644, "params": {"x0": 0.8097756342976656, "x1": 3.0826081346597243, "x2": 0.0406487518062664, "x3": 6.361493405310546, "x4": 9.928248599469827, "x5": 11.084556113050999, "x6": 10.81807087799318, "x7": -1.6917907888302326, "x8": 0.9536782161129632, "x9": 1.002678673753369}, "datetime": {"datetime": "2025-05-19 02:52:24", "elapsed": 1773.059861, "delta": 17.021777}}
{"target": 34.44168574569119, "params": {"x0": 0.809830867655043, "x1": 3.059159114428566, "x2": 0.06515377026742163, "x3": 6.385801867474905, "x4": 9.926963702475089, "x5": 11.118788039060805, "x6": 10.830163438529413, "x7": -1.694415298431819, "x8": 0.953358561770334, "x9": 1.0069802927806786}, "datetime": {"datetime": "2025-05-19 02:52:40", "elapsed": 1789.60356, "delta": 16.543699}}
{"target": 36.68061337651104, "params": {"x0": 0.8107753580661967, "x1": 3.060269857492147, "x2": 0.06399300623505112, "x3": 6.363924251526982, "x4": 9.904991963865067, "x5": 11.089011385490892, "x6": 10.820293475719977, "x7": -1.739294412618948, "x8": 0.9478924725113723, "x9": 1.0067765318793849}, "datetime": {"datetime": "2025-05-19 02:52:58", "elapsed": 1807.010312, "delta": 17.406752}}
{"target": 37.136344898914885, "params": {"x0": 0.810444081645305, "x1": 3.052619316312078, "x2": 0.05750529296818996, "x3": 6.357790595934695, "x4": 9.902394114234243, "x5": 11.085635054434647, "x6": 10.829147465289207, "x7": -1.754537036980928, "x8": 0.9496788351056972, "x9": 1.0076774748835866}, "datetime": {"datetime": "2025-05-19 02:53:15", "elapsed": 1824.531602, "delta": 17.52129}}
{"target": 37.28327546836798, "params": {"x0": 0.8101647712848656, "x1": 3.0442654674131404, "x2": 0.06434095402059371, "x3": 6.349401777578341, "x4": 9.894350975442, "x5": 11.1002278924677, "x6": 10.844228911833934, "x7": -1.7721376095397274, "x8": 0.9480288240732935, "x9": 1.009138063083492}, "datetime": {"datetime": "2025-05-19 02:53:32", "elapsed": 1841.663764, "delta": 17.132162}}
{"target": 36.189450358964905, "params": {"x0": 0.8098882535064846, "x1": 3.0525552515058405, "x2": 0.05940706744212424, "x3": 6.341221261352826, "x4": 9.88686051833535, "x5": 11.088824996621069, "x6": 10.829835114594598, "x7": -1.7895228736018185, "x8": 0.9468492971229228, "x9": 1.010546125296686}, "datetime": {"datetime": "2025-05-19 02:53:50", "elapsed": 1859.057488, "delta": 17.393724}}
{"target": 37.21457952962184, "params": {"x0": 0.8102097293810632, "x1": 3.0461111475094755, "x2": 0.06244746211421581, "x3": 6.345919405373549, "x4": 9.889404509606027, "x5": 11.110073740986484, "x6": 10.855891955258533, "x7": -1.7818720677850906, "x8": 0.9489627653803517, "x9": 1.0090836265250511}, "datetime": {"datetime": "2025-05-19 02:54:06", "elapsed": 1875.718021, "delta": 16.660533}}
{"target": 35.96426065487297, "params": {"x0": 0.8099407918843771, "x1": 3.0375507422980537, "x2": 0.06034450589203344, "x3": 6.342775559435673, "x4": 9.888283705185613, "x5": 11.109464238103472, "x6": 10.855887887597795, "x7": -1.7580555456494336, "x8": 0.9470734072434932, "x9": 1.010278593476179}, "datetime": {"datetime": "2025-05-19 02:54:23", "elapsed": 1892.734672, "delta": 17.016651}}
{"target": 36.97297815099963, "params": {"x0": 0.8102892438977184, "x1": 3.0401165075407333, "x2": 0.06299557470825999, "x3": 6.354142985351725, "x4": 9.89218715740357, "x5": 11.101685594133473, "x6": 10.841771565615204, "x7": -1.762208675795936, "x8": 0.9485271809630443, "x9": 1.008185389602592}, "datetime": {"datetime": "2025-05-19 02:54:40", "elapsed": 1909.505484, "delta": 16.770812}}
{"target": 36.27207001885312, "params": {"x0": 0.8103461945992614, "x1": 3.0497043947563607, "x2": 0.06757807700472754, "x3": 6.354769014273901, "x4": 9.899265464349673, "x5": 11.107709332432675, "x6": 10.834785141465206, "x7": -1.7835440812908654, "x8": 0.9488027117054317, "x9": 1.0100618927015685}, "datetime": {"datetime": "2025-05-19 02:54:58", "elapsed": 1926.78731, "delta": 17.281826}}
{"target": 37.03707768033022, "params": {"x0": 0.8100954424365647, "x1": 3.046294220380559, "x2": 0.06690468173547628, "x3": 6.351812680365095, "x4": 9.896175377887866, "x5": 11.10167903643765, "x6": 10.842379191250801, "x7": -1.7736606901810765, "x8": 0.9480138565924576, "x9": 1.0093567662481966}, "datetime": {"datetime": "2025-05-19 02:55:14", "elapsed": 1943.722237, "delta": 16.934927}}
