{"target": 37.4234803320818, "params": {"x0": 0.810293119128799, "x1": 3.0451687523233493, "x2": 0.06383263952854631, "x3": 6.3478359064517305, "x4": 9.891409668724435, "x5": 11.089290893080664, "x6": 10.844997178591568, "x7": -1.7764819516557668, "x8": 0.9486412260095072, "x9": 1.0087797088292256}, "datetime": {"datetime": "2025-05-19 04:01:54", "elapsed": 5942.89772, "delta": 20.722921}}
{"target": 37.4234803320818, "params": {"x0": 0.8102931191287994, "x1": 3.0451687523231357, "x2": 0.06383263952857034, "x3": 6.347835906451731, "x4": 9.891409668724434, "x5": 11.089290893080529, "x6": 10.844997178591319, "x7": -1.7764819516553727, "x8": 0.9486412260094965, "x9": 1.0087797088292632}, "datetime": {"datetime": "2025-05-19 04:02:12", "elapsed": 5961.324364, "delta": 18.426644}}
{"target": 37.4234803320818, "params": {"x0": 0.8102931191287905, "x1": 3.0451687523232573, "x2": 0.06383263952862589, "x3": 6.347835906451627, "x4": 9.891409668724306, "x5": 11.089290893080495, "x6": 10.84499717859137, "x7": -1.776481951655327, "x8": 0.9486412260094939, "x9": 1.008779708829229}, "datetime": {"datetime": "2025-05-19 04:02:31", "elapsed": 5980.384904, "delta": 19.06054}}
{"target": 37.4234803320818, "params": {"x0": 0.8102931191287934, "x1": 3.0451687523233106, "x2": 0.06383263952859097, "x3": 6.34783590645167, "x4": 9.891409668724583, "x5": 11.089290893080133, "x6": 10.844997178591516, "x7": -1.776481951655882, "x8": 0.948641226009482, "x9": 1.008779708829241}, "datetime": {"datetime": "2025-05-19 04:02:50", "elapsed": 5998.800385, "delta": 18.415481}}
{"target": 37.4234803320818, "params": {"x0": 0.8102931191287972, "x1": 3.0451687523230873, "x2": 0.06383263952855486, "x3": 6.347835906451615, "x4": 9.89140966872438, "x5": 11.089290893080276, "x6": 10.844997178591479, "x7": -1.7764819516552532, "x8": 0.9486412260094788, "x9": 1.0087797088292532}, "datetime": {"datetime": "2025-05-19 04:03:08", "elapsed": 6017.290952, "delta": 18.490567}}
{"target": 37.4234803320818, "params": {"x0": 0.8102931191287968, "x1": 3.045168752323228, "x2": 0.06383263952861215, "x3": 6.347835906451663, "x4": 9.891409668724327, "x5": 11.089290893080268, "x6": 10.844997178591438, "x7": -1.7764819516553703, "x8": 0.9486412260094713, "x9": 1.0087797088292538}, "datetime": {"datetime": "2025-05-19 04:03:27", "elapsed": 6036.370362, "delta": 19.07941}}
{"target": 37.4234803320818, "params": {"x0": 0.8102931191287938, "x1": 3.0451687523232436, "x2": 0.06383263952861161, "x3": 6.347835906451686, "x4": 9.891409668724478, "x5": 11.089290893080317, "x6": 10.84499717859138, "x7": -1.7764819516553916, "x8": 0.9486412260094981, "x9": 1.0087797088292512}, "datetime": {"datetime": "2025-05-19 04:03:46", "elapsed": 6055.067545, "delta": 18.697183}}
{"target": 37.4234803320818, "params": {"x0": 0.8102931191287913, "x1": 3.0451687523232716, "x2": 0.06383263952859726, "x3": 6.347835906451593, "x4": 9.89140966872437, "x5": 11.089290893080202, "x6": 10.844997178591576, "x7": -1.7764819516554637, "x8": 0.9486412260094906, "x9": 1.0087797088292452}, "datetime": {"datetime": "2025-05-19 04:04:04", "elapsed": 6073.704924, "delta": 18.637379}}
{"target": 37.4234803320818, "params": {"x0": 0.8102931191287903, "x1": 3.0451687523232454, "x2": 0.06383263952864761, "x3": 6.347835906451602, "x4": 9.891409668724497, "x5": 11.089290893080154, "x6": 10.844997178591425, "x7": -1.7764819516556776, "x8": 0.9486412260094867, "x9": 1.00877970882925}, "datetime": {"datetime": "2025-05-19 04:04:24", "elapsed": 6092.784054, "delta": 19.07913}}
{"target": 37.4234803320818, "params": {"x0": 0.8102931191287959, "x1": 3.0451687523231965, "x2": 0.06383263952859895, "x3": 6.347835906451618, "x4": 9.891409668724384, "x5": 11.089290893080182, "x6": 10.844997178591615, "x7": -1.776481951655612, "x8": 0.9486412260094848, "x9": 1.008779708829254}, "datetime": {"datetime": "2025-05-19 04:04:42", "elapsed": 6111.136356, "delta": 18.352302}}
{"target": 37.4234803320818, "params": {"x0": 0.8102931191287951, "x1": 3.0451687523231548, "x2": 0.06383263952865592, "x3": 6.347835906451673, "x4": 9.89140966872438, "x5": 11.08929089308026, "x6": 10.84499717859141, "x7": -1.7764819516557004, "x8": 0.9486412260094852, "x9": 1.0087797088292507}, "datetime": {"datetime": "2025-05-19 04:05:01", "elapsed": 6129.879197, "delta": 18.742841}}
{"target": 37.4234803320818, "params": {"x0": 0.8102931191287953, "x1": 3.0451687523231907, "x2": 0.06383263952864669, "x3": 6.347835906451636, "x4": 9.891409668724394, "x5": 11.089290893080332, "x6": 10.844997178591493, "x7": -1.7764819516556387, "x8": 0.9486412260094798, "x9": 1.0087797088292436}, "datetime": {"datetime": "2025-05-19 04:05:20", "elapsed": 6148.829159, "delta": 18.949962}}
{"target": 37.4234803320818, "params": {"x0": 0.8102931191287932, "x1": 3.0451687523232107, "x2": 0.06383263952864156, "x3": 6.347835906451609, "x4": 9.891409668724473, "x5": 11.089290893080417, "x6": 10.844997178591573, "x7": -1.77648195165545, "x8": 0.9486412260094825, "x9": 1.0087797088292505}, "datetime": {"datetime": "2025-05-19 04:05:39", "elapsed": 6167.985045, "delta": 19.155886}}
{"target": 37.4234803320818, "params": {"x0": 0.8102931191287945, "x1": 3.0451687523232387, "x2": 0.06383263952863187, "x3": 6.347835906451634, "x4": 9.891409668724483, "x5": 11.0892908930803, "x6": 10.844997178591468, "x7": -1.776481951655468, "x8": 0.9486412260094838, "x9": 1.0087797088292534}, "datetime": {"datetime": "2025-05-19 04:05:57", "elapsed": 6185.982928, "delta": 17.997883}}
{"target": 37.4234803320818, "params": {"x0": 0.8102931191287944, "x1": 3.045168752323248, "x2": 0.06383263952863634, "x3": 6.347835906451679, "x4": 9.891409668724458, "x5": 11.089290893080259, "x6": 10.844997178591496, "x7": -1.7764819516556243, "x8": 0.9486412260094808, "x9": 1.008779708829252}, "datetime": {"datetime": "2025-05-19 04:06:15", "elapsed": 6204.741006, "delta": 18.758078}}
{"target": 37.4234803320818, "params": {"x0": 0.8102931191287925, "x1": 3.0451687523232294, "x2": 0.06383263952863723, "x3": 6.347835906451653, "x4": 9.891409668724465, "x5": 11.089290893080381, "x6": 10.844997178591559, "x7": -1.7764819516556198, "x8": 0.9486412260094911, "x9": 1.0087797088292472}, "datetime": {"datetime": "2025-05-19 04:06:35", "elapsed": 6223.938431, "delta": 19.197425}}
{"target": 37.4234803320818, "params": {"x0": 0.8102931191287934, "x1": 3.045168752323178, "x2": 0.0638326395286059, "x3": 6.347835906451652, "x4": 9.891409668724418, "x5": 11.089290893080335, "x6": 10.844997178591502, "x7": -1.776481951655488, "x8": 0.9486412260094863, "x9": 1.0087797088292452}, "datetime": {"datetime": "2025-05-19 04:06:53", "elapsed": 6242.497411, "delta": 18.55898}}
{"target": 37.4234803320818, "params": {"x0": 0.8102931191287941, "x1": 3.0451687523232107, "x2": 0.06383263952862703, "x3": 6.347835906451629, "x4": 9.89140966872444, "x5": 11.08929089308038, "x6": 10.84499717859155, "x7": -1.7764819516555133, "x8": 0.9486412260094818, "x9": 1.008779708829251}, "datetime": {"datetime": "2025-05-19 04:07:12", "elapsed": 6261.452712, "delta": 18.955301}}
{"target": 37.4234803320818, "params": {"x0": 0.8102931191287926, "x1": 3.0451687523232005, "x2": 0.06383263952863376, "x3": 6.3478359064516585, "x4": 9.891409668724453, "x5": 11.089290893080292, "x6": 10.844997178591457, "x7": -1.7764819516554733, "x8": 0.9486412260094825, "x9": 1.0087797088292516}, "datetime": {"datetime": "2025-05-19 04:07:31", "elapsed": 6280.702958, "delta": 19.250246}}
{"target": 37.4234803320818, "params": {"x0": 0.8102931191287928, "x1": 3.0451687523232054, "x2": 0.06383263952862775, "x3": 6.347835906451643, "x4": 9.89140966872445, "x5": 11.089290893080323, "x6": 10.844997178591525, "x7": -1.7764819516555215, "x8": 0.9486412260094835, "x9": 1.0087797088292485}, "datetime": {"datetime": "2025-05-19 04:07:50", "elapsed": 6298.825889, "delta": 18.122931}}
{"target": 37.4234803320818, "params": {"x0": 0.8102931191287936, "x1": 3.045168752323228, "x2": 0.06383263952860396, "x3": 6.347835906451664, "x4": 9.891409668724435, "x5": 11.089290893080362, "x6": 10.844997178591484, "x7": -1.7764819516555532, "x8": 0.948641226009483, "x9": 1.0087797088292478}, "datetime": {"datetime": "2025-05-19 04:08:10", "elapsed": 6318.87272, "delta": 20.046831}}
{"target": 37.4234803320818, "params": {"x0": 0.8102931191287934, "x1": 3.045168752323217, "x2": 0.06383263952861051, "x3": 6.347835906451647, "x4": 9.89140966872446, "x5": 11.089290893080287, "x6": 10.844997178591475, "x7": -1.7764819516555195, "x8": 0.9486412260094835, "x9": 1.008779708829248}, "datetime": {"datetime": "2025-05-19 04:08:28", "elapsed": 6337.582605, "delta": 18.709885}}
{"target": 37.4234803320818, "params": {"x0": 0.8102931191287926, "x1": 3.045168752323213, "x2": 0.06383263952861558, "x3": 6.347835906451644, "x4": 9.891409668724453, "x5": 11.089290893080287, "x6": 10.84499717859149, "x7": -1.77648195165556, "x8": 0.9486412260094826, "x9": 1.0087797088292476}, "datetime": {"datetime": "2025-05-19 04:08:49", "elapsed": 6357.990656, "delta": 20.408051}}
{"target": 37.4234803320818, "params": {"x0": 0.8102931191287936, "x1": 3.045168752323218, "x2": 0.06383263952862286, "x3": 6.347835906451643, "x4": 9.891409668724458, "x5": 11.089290893080301, "x6": 10.84499717859152, "x7": -1.7764819516555161, "x8": 0.9486412260094841, "x9": 1.0087797088292496}, "datetime": {"datetime": "2025-05-19 04:09:08", "elapsed": 6377.019291, "delta": 19.028635}}
{"target": 37.4234803320818, "params": {"x0": 0.8102931191287925, "x1": 3.0451687523231925, "x2": 0.06383263952861055, "x3": 6.347835906451658, "x4": 9.89140966872443, "x5": 11.089290893080316, "x6": 10.844997178591502, "x7": -1.7764819516555421, "x8": 0.9486412260094846, "x9": 1.0087797088292483}, "datetime": {"datetime": "2025-05-19 04:09:27", "elapsed": 6396.210907, "delta": 19.191616}}
{"target": 37.4234803320818, "params": {"x0": 0.8102931191287924, "x1": 3.045168752323195, "x2": 0.06383263952862148, "x3": 6.347835906451644, "x4": 9.89140966872444, "x5": 11.089290893080321, "x6": 10.844997178591514, "x7": -1.776481951655567, "x8": 0.9486412260094856, "x9": 1.0087797088292483}, "datetime": {"datetime": "2025-05-19 04:09:45", "elapsed": 6414.532957, "delta": 18.32205}}
{"target": 37.4234803320818, "params": {"x0": 0.8102931191287931, "x1": 3.0451687523232067, "x2": 0.06383263952861196, "x3": 6.347835906451654, "x4": 9.891409668724437, "x5": 11.089290893080314, "x6": 10.844997178591512, "x7": -1.7764819516555603, "x8": 0.9486412260094846, "x9": 1.0087797088292494}, "datetime": {"datetime": "2025-05-19 04:10:04", "elapsed": 6433.184292, "delta": 18.651335}}
{"target": 37.4234803320818, "params": {"x0": 0.8102931191287929, "x1": 3.0451687523231965, "x2": 0.06383263952861269, "x3": 6.34783590645165, "x4": 9.891409668724437, "x5": 11.08929089308031, "x6": 10.844997178591502, "x7": -1.7764819516555101, "x8": 0.9486412260094863, "x9": 1.008779708829248}, "datetime": {"datetime": "2025-05-19 04:10:23", "elapsed": 6452.72451, "delta": 19.540218}}
{"target": 37.4234803320818, "params": {"x0": 0.8102931191287931, "x1": 3.0451687523232094, "x2": 0.06383263952862231, "x3": 6.34783590645164, "x4": 9.891409668724439, "x5": 11.08929089308031, "x6": 10.844997178591495, "x7": -1.7764819516555388, "x8": 0.9486412260094841, "x9": 1.0087797088292494}, "datetime": {"datetime": "2025-05-19 04:10:43", "elapsed": 6471.781472, "delta": 19.056962}}
{"target": 37.4234803320818, "params": {"x0": 0.810293119128793, "x1": 3.0451687523232103, "x2": 0.06383263952861307, "x3": 6.347835906451648, "x4": 9.891409668724451, "x5": 11.089290893080312, "x6": 10.844997178591514, "x7": -1.7764819516555383, "x8": 0.9486412260094869, "x9": 1.0087797088292483}, "datetime": {"datetime": "2025-05-19 04:11:01", "elapsed": 6490.15379, "delta": 18.372318}}
{"target": 37.4234803320818, "params": {"x0": 0.8102931191287928, "x1": 3.045168752323214, "x2": 0.06383263952861716, "x3": 6.347835906451651, "x4": 9.89140966872444, "x5": 11.089290893080312, "x6": 10.844997178591488, "x7": -1.7764819516555221, "x8": 0.9486412260094849, "x9": 1.0087797088292476}, "datetime": {"datetime": "2025-05-19 04:11:19", "elapsed": 6508.414719, "delta": 18.260929}}
{"target": 37.4234803320818, "params": {"x0": 0.8102931191287931, "x1": 3.04516875232321, "x2": 0.0638326395286162, "x3": 6.347835906451646, "x4": 9.891409668724446, "x5": 11.089290893080328, "x6": 10.84499717859151, "x7": -1.7764819516555301, "x8": 0.9486412260094844, "x9": 1.0087797088292483}, "datetime": {"datetime": "2025-05-19 04:11:37", "elapsed": 6526.65301, "delta": 18.238291}}
{"target": 37.4234803320818, "params": {"x0": 0.8102931191287931, "x1": 3.0451687523232063, "x2": 0.06383263952861436, "x3": 6.347835906451652, "x4": 9.891409668724448, "x5": 11.089290893080317, "x6": 10.844997178591495, "x7": -1.7764819516555337, "x8": 0.9486412260094864, "x9": 1.0087797088292487}, "datetime": {"datetime": "2025-05-19 04:11:56", "elapsed": 6544.771186, "delta": 18.118176}}
{"target": 37.4234803320818, "params": {"x0": 0.810293119128793, "x1": 3.0451687523232134, "x2": 0.06383263952861801, "x3": 6.347835906451648, "x4": 9.891409668724439, "x5": 11.08929089308032, "x6": 10.84499717859151, "x7": -1.7764819516555308, "x8": 0.9486412260094856, "x9": 1.008779708829249}, "datetime": {"datetime": "2025-05-19 04:12:14", "elapsed": 6563.288276, "delta": 18.51709}}
{"target": 37.4234803320818, "params": {"x0": 0.810293119128793, "x1": 3.045168752323211, "x2": 0.06383263952861791, "x3": 6.347835906451648, "x4": 9.89140966872444, "x5": 11.089290893080314, "x6": 10.844997178591495, "x7": -1.7764819516555461, "x8": 0.9486412260094851, "x9": 1.0087797088292492}, "datetime": {"datetime": "2025-05-19 04:12:34", "elapsed": 6582.782712, "delta": 19.494436}}
{"target": 37.4234803320818, "params": {"x0": 0.8102931191287929, "x1": 3.045168752323204, "x2": 0.06383263952861555, "x3": 6.347835906451648, "x4": 9.891409668724442, "x5": 11.089290893080316, "x6": 10.844997178591495, "x7": -1.7764819516555368, "x8": 0.9486412260094852, "x9": 1.008779708829249}, "datetime": {"datetime": "2025-05-19 04:12:52", "elapsed": 6601.710159, "delta": 18.927447}}
{"target": 37.4234803320818, "params": {"x0": 0.8102931191287929, "x1": 3.0451687523232076, "x2": 0.0638326395286154, "x3": 6.347835906451648, "x4": 9.891409668724442, "x5": 11.089290893080321, "x6": 10.844997178591502, "x7": -1.7764819516555426, "x8": 0.9486412260094852, "x9": 1.0087797088292483}, "datetime": {"datetime": "2025-05-19 04:13:12", "elapsed": 6621.09715, "delta": 19.386991}}
{"target": 37.4234803320818, "params": {"x0": 0.810293119128793, "x1": 3.0451687523232067, "x2": 0.06383263952861672, "x3": 6.347835906451648, "x4": 9.89140966872444, "x5": 11.089290893080316, "x6": 10.844997178591496, "x7": -1.7764819516555244, "x8": 0.948641226009486, "x9": 1.0087797088292485}, "datetime": {"datetime": "2025-05-19 04:13:31", "elapsed": 6640.610243, "delta": 19.513093}}
{"target": 37.4234803320818, "params": {"x0": 0.8102931191287931, "x1": 3.045168752323208, "x2": 0.06383263952861792, "x3": 6.34783590645165, "x4": 9.891409668724439, "x5": 11.089290893080314, "x6": 10.8449971785915, "x7": -1.7764819516555252, "x8": 0.9486412260094856, "x9": 1.0087797088292485}, "datetime": {"datetime": "2025-05-19 04:13:51", "elapsed": 6659.937094, "delta": 19.326851}}
{"target": 37.4234803320818, "params": {"x0": 0.810293119128793, "x1": 3.0451687523232045, "x2": 0.06383263952861777, "x3": 6.347835906451647, "x4": 9.89140966872444, "x5": 11.089290893080312, "x6": 10.844997178591502, "x7": -1.7764819516555368, "x8": 0.9486412260094857, "x9": 1.0087797088292485}, "datetime": {"datetime": "2025-05-19 04:14:08", "elapsed": 6677.730187, "delta": 17.793093}}
{"target": 37.4234803320818, "params": {"x0": 0.810293119128793, "x1": 3.045168752323207, "x2": 0.06383263952861673, "x3": 6.347835906451647, "x4": 9.891409668724446, "x5": 11.089290893080314, "x6": 10.844997178591505, "x7": -1.7764819516555326, "x8": 0.9486412260094856, "x9": 1.008779708829248}, "datetime": {"datetime": "2025-05-19 04:14:28", "elapsed": 6697.501272, "delta": 19.771085}}
{"target": 37.4234803320818, "params": {"x0": 0.8102931191287931, "x1": 3.045168752323209, "x2": 0.06383263952861529, "x3": 6.347835906451648, "x4": 9.89140966872444, "x5": 11.089290893080314, "x6": 10.844997178591498, "x7": -1.776481951655531, "x8": 0.9486412260094857, "x9": 1.0087797088292487}, "datetime": {"datetime": "2025-05-19 04:14:47", "elapsed": 6715.938701, "delta": 18.437429}}
{"target": 37.4234803320818, "params": {"x0": 0.810293119128793, "x1": 3.045168752323205, "x2": 0.06383263952861756, "x3": 6.347835906451647, "x4": 9.891409668724442, "x5": 11.08929089308031, "x6": 10.844997178591505, "x7": -1.776481951655537, "x8": 0.9486412260094854, "x9": 1.0087797088292485}, "datetime": {"datetime": "2025-05-19 04:15:06", "elapsed": 6735.344991, "delta": 19.40629}}
{"target": 37.4234803320818, "params": {"x0": 0.8102931191287931, "x1": 3.0451687523232085, "x2": 0.06383263952861559, "x3": 6.347835906451646, "x4": 9.89140966872444, "x5": 11.089290893080314, "x6": 10.8449971785915, "x7": -1.776481951655537, "x8": 0.9486412260094851, "x9": 1.0087797088292485}, "datetime": {"datetime": "2025-05-19 04:15:26", "elapsed": 6754.793129, "delta": 19.448138}}
{"target": 37.4234803320818, "params": {"x0": 0.8102931191287929, "x1": 3.045168752323209, "x2": 0.06383263952861676, "x3": 6.347835906451646, "x4": 9.891409668724442, "x5": 11.089290893080314, "x6": 10.844997178591502, "x7": -1.7764819516555348, "x8": 0.9486412260094853, "x9": 1.0087797088292487}, "datetime": {"datetime": "2025-05-19 04:15:46", "elapsed": 6774.896113, "delta": 20.102984}}
{"target": 37.4234803320818, "params": {"x0": 0.8102931191287931, "x1": 3.045168752323206, "x2": 0.0638326395286172, "x3": 6.347835906451648, "x4": 9.89140966872444, "x5": 11.089290893080316, "x6": 10.844997178591498, "x7": -1.7764819516555301, "x8": 0.9486412260094853, "x9": 1.0087797088292483}, "datetime": {"datetime": "2025-05-19 04:16:05", "elapsed": 6794.157662, "delta": 19.261549}}
{"target": 37.4234803320818, "params": {"x0": 0.810293119128793, "x1": 3.045168752323206, "x2": 0.06383263952861616, "x3": 6.347835906451647, "x4": 9.89140966872444, "x5": 11.089290893080317, "x6": 10.8449971785915, "x7": -1.7764819516555324, "x8": 0.9486412260094854, "x9": 1.0087797088292487}, "datetime": {"datetime": "2025-05-19 04:16:23", "elapsed": 6812.430387, "delta": 18.272725}}
{"target": 37.4234803320818, "params": {"x0": 0.810293119128793, "x1": 3.045168752323207, "x2": 0.0638326395286166, "x3": 6.347835906451647, "x4": 9.891409668724444, "x5": 11.089290893080317, "x6": 10.844997178591502, "x7": -1.7764819516555346, "x8": 0.9486412260094852, "x9": 1.0087797088292485}, "datetime": {"datetime": "2025-05-19 04:16:42", "elapsed": 6831.68465, "delta": 19.254263}}
{"target": 37.4234803320818, "params": {"x0": 0.810293119128793, "x1": 3.045168752323206, "x2": 0.06383263952861713, "x3": 6.347835906451646, "x4": 9.891409668724442, "x5": 11.089290893080314, "x6": 10.8449971785915, "x7": -1.7764819516555321, "x8": 0.9486412260094853, "x9": 1.0087797088292485}, "datetime": {"datetime": "2025-05-19 04:17:01", "elapsed": 6850.681684, "delta": 18.997034}}
{"target": 37.4234803320818, "params": {"x0": 0.810293119128793, "x1": 3.0451687523232063, "x2": 0.06383263952861744, "x3": 6.347835906451648, "x4": 9.891409668724444, "x5": 11.089290893080316, "x6": 10.8449971785915, "x7": -1.7764819516555344, "x8": 0.9486412260094852, "x9": 1.0087797088292485}, "datetime": {"datetime": "2025-05-19 04:17:20", "elapsed": 6869.202679, "delta": 18.520995}}
{"target": 37.4234803320818, "params": {"x0": 0.810293119128793, "x1": 3.0451687523232063, "x2": 0.0638326395286168, "x3": 6.347835906451647, "x4": 9.89140966872444, "x5": 11.089290893080316, "x6": 10.8449971785915, "x7": -1.7764819516555332, "x8": 0.9486412260094853, "x9": 1.0087797088292483}, "datetime": {"datetime": "2025-05-19 04:17:38", "elapsed": 6887.740536, "delta": 18.537857}}
{"target": 37.4234803320818, "params": {"x0": 0.810293119128793, "x1": 3.0451687523232076, "x2": 0.06383263952861695, "x3": 6.347835906451648, "x4": 9.89140966872444, "x5": 11.089290893080316, "x6": 10.844997178591504, "x7": -1.7764819516555306, "x8": 0.9486412260094854, "x9": 1.0087797088292485}, "datetime": {"datetime": "2025-05-19 04:17:57", "elapsed": 6905.968359, "delta": 18.227823}}
{"target": 37.4234803320818, "params": {"x0": 0.810293119128793, "x1": 3.045168752323208, "x2": 0.06383263952861634, "x3": 6.347835906451646, "x4": 9.891409668724442, "x5": 11.089290893080314, "x6": 10.844997178591502, "x7": -1.7764819516555321, "x8": 0.9486412260094854, "x9": 1.0087797088292485}, "datetime": {"datetime": "2025-05-19 04:18:15", "elapsed": 6924.040574, "delta": 18.072215}}
{"target": 37.4234803320818, "params": {"x0": 0.810293119128793, "x1": 3.045168752323207, "x2": 0.06383263952861695, "x3": 6.347835906451648, "x4": 9.891409668724442, "x5": 11.089290893080314, "x6": 10.844997178591502, "x7": -1.7764819516555326, "x8": 0.9486412260094854, "x9": 1.0087797088292485}, "datetime": {"datetime": "2025-05-19 04:18:33", "elapsed": 6942.600937, "delta": 18.560363}}
{"target": 37.4234803320818, "params": {"x0": 0.810293119128793, "x1": 3.0451687523232067, "x2": 0.06383263952861717, "x3": 6.347835906451646, "x4": 9.891409668724442, "x5": 11.089290893080317, "x6": 10.844997178591502, "x7": -1.7764819516555337, "x8": 0.9486412260094854, "x9": 1.0087797088292485}, "datetime": {"datetime": "2025-05-19 04:18:52", "elapsed": 6961.399761, "delta": 18.798824}}
{"target": 37.4234803320818, "params": {"x0": 0.810293119128793, "x1": 3.0451687523232067, "x2": 0.06383263952861662, "x3": 6.347835906451646, "x4": 9.891409668724442, "x5": 11.089290893080316, "x6": 10.844997178591502, "x7": -1.7764819516555315, "x8": 0.9486412260094855, "x9": 1.0087797088292485}, "datetime": {"datetime": "2025-05-19 04:19:11", "elapsed": 6980.542264, "delta": 19.142503}}
