{"target": 37.4234803320818, "params": {"x0": 0.810293119128793, "x1": 3.045168752323207, "x2": 0.0638326395286168, "x3": 6.347835906451647, "x4": 9.891409668724442, "x5": 11.089290893080316, "x6": 10.844997178591502, "x7": -1.7764819516555328, "x8": 0.9486412260094854, "x9": 1.0087797088292485}, "datetime": {"datetime": "2025-05-19 10:15:40", "elapsed": 28369.292236, "delta": 36.462856}}
{"target": 37.4234803320818, "params": {"x0": 0.810293119128793, "x1": 3.045168752323207, "x2": 0.0638326395286168, "x3": 6.347835906451647, "x4": 9.891409668724442, "x5": 11.089290893080316, "x6": 10.844997178591502, "x7": -1.7764819516555328, "x8": 0.9486412260094854, "x9": 1.0087797088292485}, "datetime": {"datetime": "2025-05-19 10:16:11", "elapsed": 28400.544075, "delta": 31.251839}}
{"target": 37.4234803320818, "params": {"x0": 0.810293119128793, "x1": 3.045168752323207, "x2": 0.0638326395286168, "x3": 6.347835906451647, "x4": 9.891409668724442, "x5": 11.089290893080316, "x6": 10.844997178591502, "x7": -1.7764819516555328, "x8": 0.9486412260094854, "x9": 1.0087797088292485}, "datetime": {"datetime": "2025-05-19 10:16:52", "elapsed": 28440.765601, "delta": 40.221526}}
{"target": 37.4234803320818, "params": {"x0": 0.810293119128793, "x1": 3.045168752323207, "x2": 0.0638326395286168, "x3": 6.347835906451647, "x4": 9.891409668724442, "x5": 11.089290893080316, "x6": 10.844997178591502, "x7": -1.7764819516555328, "x8": 0.9486412260094854, "x9": 1.0087797088292485}, "datetime": {"datetime": "2025-05-19 10:17:34", "elapsed": 28482.762445, "delta": 41.996844}}
{"target": 37.4234803320818, "params": {"x0": 0.810293119128793, "x1": 3.045168752323207, "x2": 0.0638326395286168, "x3": 6.347835906451647, "x4": 9.891409668724442, "x5": 11.089290893080316, "x6": 10.844997178591502, "x7": -1.7764819516555328, "x8": 0.9486412260094854, "x9": 1.0087797088292485}, "datetime": {"datetime": "2025-05-19 10:18:07", "elapsed": 28516.077828, "delta": 33.315383}}
{"target": 37.4234803320818, "params": {"x0": 0.810293119128793, "x1": 3.045168752323207, "x2": 0.0638326395286168, "x3": 6.347835906451647, "x4": 9.891409668724442, "x5": 11.089290893080316, "x6": 10.844997178591502, "x7": -1.7764819516555328, "x8": 0.9486412260094854, "x9": 1.0087797088292485}, "datetime": {"datetime": "2025-05-19 10:18:39", "elapsed": 28547.892403, "delta": 31.814575}}
{"target": 37.4234803320818, "params": {"x0": 0.810293119128793, "x1": 3.045168752323207, "x2": 0.0638326395286168, "x3": 6.347835906451647, "x4": 9.891409668724442, "x5": 11.089290893080316, "x6": 10.844997178591502, "x7": -1.7764819516555328, "x8": 0.9486412260094854, "x9": 1.0087797088292485}, "datetime": {"datetime": "2025-05-19 10:19:21", "elapsed": 28590.526427, "delta": 42.634024}}
{"target": 37.4234803320818, "params": {"x0": 0.810293119128793, "x1": 3.045168752323207, "x2": 0.0638326395286168, "x3": 6.347835906451647, "x4": 9.891409668724442, "x5": 11.089290893080316, "x6": 10.844997178591502, "x7": -1.7764819516555328, "x8": 0.9486412260094854, "x9": 1.0087797088292485}, "datetime": {"datetime": "2025-05-19 10:19:57", "elapsed": 28625.889609, "delta": 35.363182}}
{"target": 37.4234803320818, "params": {"x0": 0.810293119128793, "x1": 3.045168752323207, "x2": 0.0638326395286168, "x3": 6.347835906451647, "x4": 9.891409668724442, "x5": 11.089290893080316, "x6": 10.844997178591502, "x7": -1.7764819516555328, "x8": 0.9486412260094854, "x9": 1.0087797088292485}, "datetime": {"datetime": "2025-05-19 10:20:32", "elapsed": 28660.854966, "delta": 34.965357}}
{"target": 37.4234803320818, "params": {"x0": 0.810293119128793, "x1": 3.045168752323207, "x2": 0.0638326395286168, "x3": 6.347835906451647, "x4": 9.891409668724442, "x5": 11.089290893080316, "x6": 10.844997178591502, "x7": -1.7764819516555328, "x8": 0.9486412260094854, "x9": 1.0087797088292485}, "datetime": {"datetime": "2025-05-19 10:21:12", "elapsed": 28700.816688, "delta": 39.961722}}
{"target": 37.4234803320818, "params": {"x0": 0.810293119128793, "x1": 3.045168752323207, "x2": 0.0638326395286168, "x3": 6.347835906451647, "x4": 9.891409668724442, "x5": 11.089290893080316, "x6": 10.844997178591502, "x7": -1.7764819516555328, "x8": 0.9486412260094854, "x9": 1.0087797088292485}, "datetime": {"datetime": "2025-05-19 10:21:51", "elapsed": 28739.813446, "delta": 38.996758}}
{"target": 37.4234803320818, "params": {"x0": 0.810293119128793, "x1": 3.045168752323207, "x2": 0.0638326395286168, "x3": 6.347835906451647, "x4": 9.891409668724442, "x5": 11.089290893080316, "x6": 10.844997178591502, "x7": -1.7764819516555328, "x8": 0.9486412260094854, "x9": 1.0087797088292485}, "datetime": {"datetime": "2025-05-19 10:22:22", "elapsed": 28771.324305, "delta": 31.510859}}
{"target": 37.4234803320818, "params": {"x0": 0.810293119128793, "x1": 3.045168752323207, "x2": 0.0638326395286168, "x3": 6.347835906451647, "x4": 9.891409668724442, "x5": 11.089290893080316, "x6": 10.844997178591502, "x7": -1.7764819516555328, "x8": 0.9486412260094854, "x9": 1.0087797088292485}, "datetime": {"datetime": "2025-05-19 10:22:57", "elapsed": 28805.820353, "delta": 34.496048}}
{"target": 37.4234803320818, "params": {"x0": 0.810293119128793, "x1": 3.045168752323207, "x2": 0.0638326395286168, "x3": 6.347835906451647, "x4": 9.891409668724442, "x5": 11.089290893080316, "x6": 10.844997178591502, "x7": -1.7764819516555328, "x8": 0.9486412260094854, "x9": 1.0087797088292485}, "datetime": {"datetime": "2025-05-19 10:23:35", "elapsed": 28844.089786, "delta": 38.269433}}
{"target": 37.4234803320818, "params": {"x0": 0.810293119128793, "x1": 3.045168752323207, "x2": 0.0638326395286168, "x3": 6.347835906451647, "x4": 9.891409668724442, "x5": 11.089290893080316, "x6": 10.844997178591502, "x7": -1.7764819516555328, "x8": 0.9486412260094854, "x9": 1.0087797088292485}, "datetime": {"datetime": "2025-05-19 10:24:10", "elapsed": 28879.36115, "delta": 35.271364}}
{"target": 37.4234803320818, "params": {"x0": 0.810293119128793, "x1": 3.045168752323207, "x2": 0.0638326395286168, "x3": 6.347835906451647, "x4": 9.891409668724442, "x5": 11.089290893080316, "x6": 10.844997178591502, "x7": -1.7764819516555328, "x8": 0.9486412260094854, "x9": 1.0087797088292485}, "datetime": {"datetime": "2025-05-19 10:24:56", "elapsed": 28924.89184, "delta": 45.53069}}
{"target": 37.4234803320818, "params": {"x0": 0.810293119128793, "x1": 3.045168752323207, "x2": 0.0638326395286168, "x3": 6.347835906451647, "x4": 9.891409668724442, "x5": 11.089290893080316, "x6": 10.844997178591502, "x7": -1.7764819516555328, "x8": 0.9486412260094854, "x9": 1.0087797088292485}, "datetime": {"datetime": "2025-05-19 10:25:33", "elapsed": 28962.635319, "delta": 37.743479}}
{"target": 37.4234803320818, "params": {"x0": 0.810293119128793, "x1": 3.045168752323207, "x2": 0.0638326395286168, "x3": 6.347835906451647, "x4": 9.891409668724442, "x5": 11.089290893080316, "x6": 10.844997178591502, "x7": -1.7764819516555328, "x8": 0.9486412260094854, "x9": 1.0087797088292485}, "datetime": {"datetime": "2025-05-19 10:26:07", "elapsed": 28996.720578, "delta": 34.085259}}
{"target": 37.4234803320818, "params": {"x0": 0.810293119128793, "x1": 3.045168752323207, "x2": 0.0638326395286168, "x3": 6.347835906451647, "x4": 9.891409668724442, "x5": 11.089290893080316, "x6": 10.844997178591502, "x7": -1.7764819516555328, "x8": 0.9486412260094854, "x9": 1.0087797088292485}, "datetime": {"datetime": "2025-05-19 10:26:41", "elapsed": 29030.158377, "delta": 33.437799}}
{"target": 37.4234803320818, "params": {"x0": 0.810293119128793, "x1": 3.045168752323207, "x2": 0.0638326395286168, "x3": 6.347835906451647, "x4": 9.891409668724442, "x5": 11.089290893080316, "x6": 10.844997178591502, "x7": -1.7764819516555328, "x8": 0.9486412260094854, "x9": 1.0087797088292485}, "datetime": {"datetime": "2025-05-19 10:27:10", "elapsed": 29059.745379, "delta": 29.587002}}
{"target": 37.4234803320818, "params": {"x0": 0.810293119128793, "x1": 3.045168752323207, "x2": 0.0638326395286168, "x3": 6.347835906451647, "x4": 9.891409668724442, "x5": 11.089290893080316, "x6": 10.844997178591502, "x7": -1.7764819516555328, "x8": 0.9486412260094854, "x9": 1.0087797088292485}, "datetime": {"datetime": "2025-05-19 10:27:53", "elapsed": 29102.736802, "delta": 42.991423}}
{"target": 37.4234803320818, "params": {"x0": 0.810293119128793, "x1": 3.045168752323207, "x2": 0.0638326395286168, "x3": 6.347835906451647, "x4": 9.891409668724442, "x5": 11.089290893080316, "x6": 10.844997178591502, "x7": -1.7764819516555328, "x8": 0.9486412260094854, "x9": 1.0087797088292485}, "datetime": {"datetime": "2025-05-19 10:28:24", "elapsed": 29133.70827, "delta": 30.971468}}
{"target": 37.4234803320818, "params": {"x0": 0.810293119128793, "x1": 3.045168752323207, "x2": 0.0638326395286168, "x3": 6.347835906451647, "x4": 9.891409668724442, "x5": 11.089290893080316, "x6": 10.844997178591502, "x7": -1.7764819516555328, "x8": 0.9486412260094854, "x9": 1.0087797088292485}, "datetime": {"datetime": "2025-05-19 10:29:02", "elapsed": 29170.833524, "delta": 37.125254}}
{"target": 37.4234803320818, "params": {"x0": 0.810293119128793, "x1": 3.045168752323207, "x2": 0.0638326395286168, "x3": 6.347835906451647, "x4": 9.891409668724442, "x5": 11.089290893080316, "x6": 10.844997178591502, "x7": -1.7764819516555328, "x8": 0.9486412260094854, "x9": 1.0087797088292485}, "datetime": {"datetime": "2025-05-19 10:29:45", "elapsed": 29214.488371, "delta": 43.654847}}
{"target": 37.4234803320818, "params": {"x0": 0.810293119128793, "x1": 3.045168752323207, "x2": 0.0638326395286168, "x3": 6.347835906451647, "x4": 9.891409668724442, "x5": 11.089290893080316, "x6": 10.844997178591502, "x7": -1.7764819516555328, "x8": 0.9486412260094854, "x9": 1.0087797088292485}, "datetime": {"datetime": "2025-05-19 10:30:24", "elapsed": 29253.437058, "delta": 38.948687}}
{"target": 37.4234803320818, "params": {"x0": 0.810293119128793, "x1": 3.045168752323207, "x2": 0.0638326395286168, "x3": 6.347835906451647, "x4": 9.891409668724442, "x5": 11.089290893080316, "x6": 10.844997178591502, "x7": -1.7764819516555328, "x8": 0.9486412260094854, "x9": 1.0087797088292485}, "datetime": {"datetime": "2025-05-19 10:31:04", "elapsed": 29293.336949, "delta": 39.899891}}
{"target": 37.4234803320818, "params": {"x0": 0.810293119128793, "x1": 3.045168752323207, "x2": 0.0638326395286168, "x3": 6.347835906451647, "x4": 9.891409668724442, "x5": 11.089290893080316, "x6": 10.844997178591502, "x7": -1.7764819516555328, "x8": 0.9486412260094854, "x9": 1.0087797088292485}, "datetime": {"datetime": "2025-05-19 10:31:40", "elapsed": 29329.643999, "delta": 36.30705}}
{"target": 37.4234803320818, "params": {"x0": 0.810293119128793, "x1": 3.045168752323207, "x2": 0.0638326395286168, "x3": 6.347835906451647, "x4": 9.891409668724442, "x5": 11.089290893080316, "x6": 10.844997178591502, "x7": -1.7764819516555328, "x8": 0.9486412260094854, "x9": 1.0087797088292485}, "datetime": {"datetime": "2025-05-19 10:32:18", "elapsed": 29366.98619, "delta": 37.342191}}
{"target": 37.4234803320818, "params": {"x0": 0.810293119128793, "x1": 3.045168752323207, "x2": 0.0638326395286168, "x3": 6.347835906451647, "x4": 9.891409668724442, "x5": 11.089290893080316, "x6": 10.844997178591502, "x7": -1.7764819516555328, "x8": 0.9486412260094854, "x9": 1.0087797088292485}, "datetime": {"datetime": "2025-05-19 10:32:54", "elapsed": 29403.66721, "delta": 36.68102}}
{"target": 37.4234803320818, "params": {"x0": 0.810293119128793, "x1": 3.045168752323207, "x2": 0.0638326395286168, "x3": 6.347835906451647, "x4": 9.891409668724442, "x5": 11.089290893080316, "x6": 10.844997178591502, "x7": -1.7764819516555328, "x8": 0.9486412260094854, "x9": 1.0087797088292485}, "datetime": {"datetime": "2025-05-19 10:33:26", "elapsed": 29435.351278, "delta": 31.684068}}
{"target": 37.4234803320818, "params": {"x0": 0.810293119128793, "x1": 3.045168752323207, "x2": 0.0638326395286168, "x3": 6.347835906451647, "x4": 9.891409668724442, "x5": 11.089290893080316, "x6": 10.844997178591502, "x7": -1.7764819516555328, "x8": 0.9486412260094854, "x9": 1.0087797088292485}, "datetime": {"datetime": "2025-05-19 10:34:06", "elapsed": 29475.35317, "delta": 40.001892}}
{"target": 37.4234803320818, "params": {"x0": 0.810293119128793, "x1": 3.045168752323207, "x2": 0.0638326395286168, "x3": 6.347835906451647, "x4": 9.891409668724442, "x5": 11.089290893080316, "x6": 10.844997178591502, "x7": -1.7764819516555328, "x8": 0.9486412260094854, "x9": 1.0087797088292485}, "datetime": {"datetime": "2025-05-19 10:34:44", "elapsed": 29512.806463, "delta": 37.453293}}
{"target": 37.4234803320818, "params": {"x0": 0.810293119128793, "x1": 3.045168752323207, "x2": 0.0638326395286168, "x3": 6.347835906451647, "x4": 9.891409668724442, "x5": 11.089290893080316, "x6": 10.844997178591502, "x7": -1.7764819516555328, "x8": 0.9486412260094854, "x9": 1.0087797088292485}, "datetime": {"datetime": "2025-05-19 10:35:13", "elapsed": 29542.449475, "delta": 29.643012}}
{"target": 37.4234803320818, "params": {"x0": 0.810293119128793, "x1": 3.045168752323207, "x2": 0.0638326395286168, "x3": 6.347835906451647, "x4": 9.891409668724442, "x5": 11.089290893080316, "x6": 10.844997178591502, "x7": -1.7764819516555328, "x8": 0.9486412260094854, "x9": 1.0087797088292485}, "datetime": {"datetime": "2025-05-19 10:35:51", "elapsed": 29579.852693, "delta": 37.403218}}
{"target": 37.4234803320818, "params": {"x0": 0.810293119128793, "x1": 3.045168752323207, "x2": 0.0638326395286168, "x3": 6.347835906451647, "x4": 9.891409668724442, "x5": 11.089290893080316, "x6": 10.844997178591502, "x7": -1.7764819516555328, "x8": 0.9486412260094854, "x9": 1.0087797088292485}, "datetime": {"datetime": "2025-05-19 10:36:26", "elapsed": 29615.58494, "delta": 35.732247}}
{"target": 37.4234803320818, "params": {"x0": 0.810293119128793, "x1": 3.045168752323207, "x2": 0.0638326395286168, "x3": 6.347835906451647, "x4": 9.891409668724442, "x5": 11.089290893080316, "x6": 10.844997178591502, "x7": -1.7764819516555328, "x8": 0.9486412260094854, "x9": 1.0087797088292485}, "datetime": {"datetime": "2025-05-19 10:37:10", "elapsed": 29659.552204, "delta": 43.967264}}
{"target": 37.4234803320818, "params": {"x0": 0.810293119128793, "x1": 3.045168752323207, "x2": 0.0638326395286168, "x3": 6.347835906451647, "x4": 9.891409668724442, "x5": 11.089290893080316, "x6": 10.844997178591502, "x7": -1.7764819516555328, "x8": 0.9486412260094854, "x9": 1.0087797088292485}, "datetime": {"datetime": "2025-05-19 10:37:53", "elapsed": 29701.882381, "delta": 42.330177}}
{"target": 37.4234803320818, "params": {"x0": 0.810293119128793, "x1": 3.045168752323207, "x2": 0.0638326395286168, "x3": 6.347835906451647, "x4": 9.891409668724442, "x5": 11.089290893080316, "x6": 10.844997178591502, "x7": -1.7764819516555328, "x8": 0.9486412260094854, "x9": 1.0087797088292485}, "datetime": {"datetime": "2025-05-19 10:38:29", "elapsed": 29738.022421, "delta": 36.14004}}
{"target": 37.4234803320818, "params": {"x0": 0.810293119128793, "x1": 3.045168752323207, "x2": 0.0638326395286168, "x3": 6.347835906451647, "x4": 9.891409668724442, "x5": 11.089290893080316, "x6": 10.844997178591502, "x7": -1.7764819516555328, "x8": 0.9486412260094854, "x9": 1.0087797088292485}, "datetime": {"datetime": "2025-05-19 10:39:02", "elapsed": 29771.684561, "delta": 33.66214}}
{"target": 37.4234803320818, "params": {"x0": 0.810293119128793, "x1": 3.045168752323207, "x2": 0.0638326395286168, "x3": 6.347835906451647, "x4": 9.891409668724442, "x5": 11.089290893080316, "x6": 10.844997178591502, "x7": -1.7764819516555328, "x8": 0.9486412260094854, "x9": 1.0087797088292485}, "datetime": {"datetime": "2025-05-19 10:39:45", "elapsed": 29813.881659, "delta": 42.197098}}
{"target": 37.4234803320818, "params": {"x0": 0.810293119128793, "x1": 3.045168752323207, "x2": 0.0638326395286168, "x3": 6.347835906451647, "x4": 9.891409668724442, "x5": 11.089290893080316, "x6": 10.844997178591502, "x7": -1.7764819516555328, "x8": 0.9486412260094854, "x9": 1.0087797088292485}, "datetime": {"datetime": "2025-05-19 10:40:20", "elapsed": 29849.327845, "delta": 35.446186}}
{"target": 37.4234803320818, "params": {"x0": 0.810293119128793, "x1": 3.045168752323207, "x2": 0.0638326395286168, "x3": 6.347835906451647, "x4": 9.891409668724442, "x5": 11.089290893080316, "x6": 10.844997178591502, "x7": -1.7764819516555328, "x8": 0.9486412260094854, "x9": 1.0087797088292485}, "datetime": {"datetime": "2025-05-19 10:41:03", "elapsed": 29891.84898, "delta": 42.521135}}
{"target": 37.4234803320818, "params": {"x0": 0.810293119128793, "x1": 3.045168752323207, "x2": 0.0638326395286168, "x3": 6.347835906451647, "x4": 9.891409668724442, "x5": 11.089290893080316, "x6": 10.844997178591502, "x7": -1.7764819516555328, "x8": 0.9486412260094854, "x9": 1.0087797088292485}, "datetime": {"datetime": "2025-05-19 10:41:45", "elapsed": 29934.038822, "delta": 42.189842}}
{"target": 37.4234803320818, "params": {"x0": 0.810293119128793, "x1": 3.045168752323207, "x2": 0.0638326395286168, "x3": 6.347835906451647, "x4": 9.891409668724442, "x5": 11.089290893080316, "x6": 10.844997178591502, "x7": -1.7764819516555328, "x8": 0.9486412260094854, "x9": 1.0087797088292485}, "datetime": {"datetime": "2025-05-19 10:42:28", "elapsed": 29977.085234, "delta": 43.046412}}
{"target": 37.4234803320818, "params": {"x0": 0.810293119128793, "x1": 3.045168752323207, "x2": 0.0638326395286168, "x3": 6.347835906451647, "x4": 9.891409668724442, "x5": 11.089290893080316, "x6": 10.844997178591502, "x7": -1.7764819516555328, "x8": 0.9486412260094854, "x9": 1.0087797088292485}, "datetime": {"datetime": "2025-05-19 10:43:06", "elapsed": 30015.319746, "delta": 38.234512}}
{"target": 37.4234803320818, "params": {"x0": 0.810293119128793, "x1": 3.045168752323207, "x2": 0.0638326395286168, "x3": 6.347835906451647, "x4": 9.891409668724442, "x5": 11.089290893080316, "x6": 10.844997178591502, "x7": -1.7764819516555328, "x8": 0.9486412260094854, "x9": 1.0087797088292485}, "datetime": {"datetime": "2025-05-19 10:43:48", "elapsed": 30057.05797, "delta": 41.738224}}
{"target": 37.4234803320818, "params": {"x0": 0.810293119128793, "x1": 3.045168752323207, "x2": 0.0638326395286168, "x3": 6.347835906451647, "x4": 9.891409668724442, "x5": 11.089290893080316, "x6": 10.844997178591502, "x7": -1.7764819516555328, "x8": 0.9486412260094854, "x9": 1.0087797088292485}, "datetime": {"datetime": "2025-05-19 10:44:23", "elapsed": 30091.897044, "delta": 34.839074}}
{"target": 37.4234803320818, "params": {"x0": 0.810293119128793, "x1": 3.045168752323207, "x2": 0.0638326395286168, "x3": 6.347835906451647, "x4": 9.891409668724442, "x5": 11.089290893080316, "x6": 10.844997178591502, "x7": -1.7764819516555328, "x8": 0.9486412260094854, "x9": 1.0087797088292485}, "datetime": {"datetime": "2025-05-19 10:45:00", "elapsed": 30129.55427, "delta": 37.657226}}
{"target": 37.4234803320818, "params": {"x0": 0.810293119128793, "x1": 3.045168752323207, "x2": 0.0638326395286168, "x3": 6.347835906451647, "x4": 9.891409668724442, "x5": 11.089290893080316, "x6": 10.844997178591502, "x7": -1.7764819516555328, "x8": 0.9486412260094854, "x9": 1.0087797088292485}, "datetime": {"datetime": "2025-05-19 10:45:42", "elapsed": 30171.155364, "delta": 41.601094}}
{"target": 37.4234803320818, "params": {"x0": 0.810293119128793, "x1": 3.045168752323207, "x2": 0.0638326395286168, "x3": 6.347835906451647, "x4": 9.891409668724442, "x5": 11.089290893080316, "x6": 10.844997178591502, "x7": -1.7764819516555328, "x8": 0.9486412260094854, "x9": 1.0087797088292485}, "datetime": {"datetime": "2025-05-19 10:46:18", "elapsed": 30207.144363, "delta": 35.988999}}
{"target": 37.4234803320818, "params": {"x0": 0.810293119128793, "x1": 3.045168752323207, "x2": 0.0638326395286168, "x3": 6.347835906451647, "x4": 9.891409668724442, "x5": 11.089290893080316, "x6": 10.844997178591502, "x7": -1.7764819516555328, "x8": 0.9486412260094854, "x9": 1.0087797088292485}, "datetime": {"datetime": "2025-05-19 10:46:57", "elapsed": 30245.948801, "delta": 38.804438}}
{"target": 37.4234803320818, "params": {"x0": 0.810293119128793, "x1": 3.045168752323207, "x2": 0.0638326395286168, "x3": 6.347835906451647, "x4": 9.891409668724442, "x5": 11.089290893080316, "x6": 10.844997178591502, "x7": -1.7764819516555328, "x8": 0.9486412260094854, "x9": 1.0087797088292485}, "datetime": {"datetime": "2025-05-19 10:47:50", "elapsed": 30299.067439, "delta": 53.118638}}
{"target": 37.4234803320818, "params": {"x0": 0.810293119128793, "x1": 3.045168752323207, "x2": 0.0638326395286168, "x3": 6.347835906451647, "x4": 9.891409668724442, "x5": 11.089290893080316, "x6": 10.844997178591502, "x7": -1.7764819516555328, "x8": 0.9486412260094854, "x9": 1.0087797088292485}, "datetime": {"datetime": "2025-05-19 10:48:33", "elapsed": 30342.246115, "delta": 43.178676}}
{"target": 37.4234803320818, "params": {"x0": 0.810293119128793, "x1": 3.045168752323207, "x2": 0.0638326395286168, "x3": 6.347835906451647, "x4": 9.891409668724442, "x5": 11.089290893080316, "x6": 10.844997178591502, "x7": -1.7764819516555328, "x8": 0.9486412260094854, "x9": 1.0087797088292485}, "datetime": {"datetime": "2025-05-19 10:49:15", "elapsed": 30384.695457, "delta": 42.449342}}
{"target": 37.4234803320818, "params": {"x0": 0.810293119128793, "x1": 3.045168752323207, "x2": 0.0638326395286168, "x3": 6.347835906451647, "x4": 9.891409668724442, "x5": 11.089290893080316, "x6": 10.844997178591502, "x7": -1.7764819516555328, "x8": 0.9486412260094854, "x9": 1.0087797088292485}, "datetime": {"datetime": "2025-05-19 10:50:00", "elapsed": 30429.71032, "delta": 45.014863}}
{"target": 37.4234803320818, "params": {"x0": 0.810293119128793, "x1": 3.045168752323207, "x2": 0.0638326395286168, "x3": 6.347835906451647, "x4": 9.891409668724442, "x5": 11.089290893080316, "x6": 10.844997178591502, "x7": -1.7764819516555328, "x8": 0.9486412260094854, "x9": 1.0087797088292485}, "datetime": {"datetime": "2025-05-19 10:50:38", "elapsed": 30467.014027, "delta": 37.303707}}
