{"target": 37.4234803320818, "params": {"x0": 0.8102934896177025, "x1": 3.0451592850898432, "x2": 0.06382701778208512, "x3": 6.347843027367918, "x4": 9.891399953539636, "x5": 11.089271639787944, "x6": 10.845012499508371, "x7": -1.7765067985798484, "x8": 0.9486396011670459, "x9": 1.0087808981776913}, "datetime": {"datetime": "2025-05-19 03:11:42", "elapsed": 2931.353704, "delta": 17.573182}}
{"target": 37.4234803320818, "params": {"x0": 0.8102934525688116, "x1": 3.0451602318131794, "x2": 0.0638275799567383, "x3": 6.34784231527629, "x4": 9.891400925058118, "x5": 11.089273565117182, "x6": 10.845010967416684, "x7": -1.7765043138874168, "x8": 0.9486397636512899, "x9": 1.0087807792428471}, "datetime": {"datetime": "2025-05-19 03:12:00", "elapsed": 2949.001739, "delta": 17.648035}}
{"target": 37.4234803320818, "params": {"x0": 0.8102934192248098, "x1": 3.0451610838641825, "x2": 0.06382808591392615, "x3": 6.347841674393826, "x4": 9.89140179942475, "x5": 11.089275297913495, "x6": 10.845009588534166, "x7": -1.7765020776642284, "x8": 0.9486399098871094, "x9": 1.0087806722014874}, "datetime": {"datetime": "2025-05-19 03:12:18", "elapsed": 2966.800689, "delta": 17.79895}}
{"target": 37.4234803320818, "params": {"x0": 0.8102933892152081, "x1": 3.045161850710085, "x2": 0.06382854127539521, "x3": 6.347841097599608, "x4": 9.891402586354719, "x5": 11.089276857430177, "x6": 10.845008347539899, "x7": -1.776500065063359, "x8": 0.948640041499347, "x9": 1.0087805758642634}, "datetime": {"datetime": "2025-05-19 03:12:34", "elapsed": 2983.719491, "delta": 16.918802}}
{"target": 37.4234803320818, "params": {"x0": 0.8102933622065666, "x1": 3.045162540871397, "x2": 0.06382895110071737, "x3": 6.347840578484812, "x4": 9.891403294591692, "x5": 11.08927826099519, "x6": 10.84500723064506, "x7": -1.7764982537225762, "x8": 0.9486401599503609, "x9": 1.008780489160762}, "datetime": {"datetime": "2025-05-19 03:12:52", "elapsed": 3000.867869, "delta": 17.148378}}
{"target": 37.4234803320818, "params": {"x0": 0.8102933378987892, "x1": 3.045163162016578, "x2": 0.06382931994350731, "x3": 6.347840111281496, "x4": 9.891403932004966, "x5": 11.089279524203704, "x6": 10.845006225439704, "x7": -1.776496623515872, "x8": 0.9486402665562733, "x9": 1.0087804111276106}, "datetime": {"datetime": "2025-05-19 03:13:09", "elapsed": 3018.559364, "delta": 17.691495}}
{"target": 37.4234803320818, "params": {"x0": 0.8102933160217896, "x1": 3.045163721047241, "x2": 0.06382965190201827, "x3": 6.34783969079851, "x4": 9.891404505676913, "x5": 11.089280661091365, "x6": 10.845005320754884, "x7": -1.776495156329838, "x8": 0.9486403625015946, "x9": 1.0087803408977745}, "datetime": {"datetime": "2025-05-19 03:13:27", "elapsed": 3035.970078, "delta": 17.410714}}
{"target": 37.4234803320818, "params": {"x0": 0.8102932963324899, "x1": 3.0451642241748376, "x2": 0.06382995066467811, "x3": 6.347839312363824, "x4": 9.891405021981667, "x5": 11.08928168429026, "x6": 10.845004506538546, "x7": -1.7764938358624074, "x8": 0.9486404488523836, "x9": 1.0087802776909218}, "datetime": {"datetime": "2025-05-19 03:13:45", "elapsed": 3054.227452, "delta": 18.257374}}
{"target": 37.4234803320818, "params": {"x0": 0.8102932786121202, "x1": 3.0451646769896747, "x2": 0.06383021955107199, "x3": 6.347838971772607, "x4": 9.891405486655945, "x5": 11.089282605169265, "x6": 10.84500377374384, "x7": -1.77649264744172, "x8": 0.9486405265680938, "x9": 1.0087802208047545}, "datetime": {"datetime": "2025-05-19 03:14:01", "elapsed": 3069.928011, "delta": 15.700559}}
{"target": 37.4234803320818, "params": {"x0": 0.8102932626637875, "x1": 3.0451650845230276, "x2": 0.06383046154882646, "x3": 6.347838665240511, "x4": 9.891405904862793, "x5": 11.08928343396037, "x6": 10.845003114228607, "x7": -1.7764915778631012, "x8": 0.948640596512233, "x9": 1.0087801696072038}, "datetime": {"datetime": "2025-05-19 03:14:18", "elapsed": 3087.333286, "delta": 17.405275}}
{"target": 37.4234803320818, "params": {"x0": 0.810293248310288, "x1": 3.045165451303046, "x2": 0.0638306793468055, "x3": 6.347838389361624, "x4": 9.891406281248958, "x5": 11.089284179872365, "x6": 10.845002520664897, "x7": -1.7764906152423443, "x8": 0.9486406594619582, "x9": 1.0087801235294083}, "datetime": {"datetime": "2025-05-19 03:14:36", "elapsed": 3104.965865, "delta": 17.632579}}
{"target": 37.4234803320818, "params": {"x0": 0.8102932353921385, "x1": 3.045165781405062, "x2": 0.06383087536498663, "x3": 6.347838141070627, "x4": 9.891406619996507, "x5": 11.08928485119316, "x6": 10.845001986457557, "x7": -1.7764741544274023, "x8": 0.948640716116711, "x9": 1.0087800820593924}, "datetime": {"datetime": "2025-05-19 03:14:53", "elapsed": 3122.361635, "delta": 17.39577}}
{"target": 37.4234803320818, "params": {"x0": 0.8102932064590758, "x1": 3.045166728663212, "x2": 0.06383127048505542, "x3": 6.347834196633173, "x4": 9.891410224462124, "x5": 11.08928663948848, "x6": 10.845001480991968, "x7": -1.7764842814940551, "x8": 0.9486410335942127, "x9": 1.0087798720604595}, "datetime": {"datetime": "2025-05-19 03:15:10", "elapsed": 3139.414498, "delta": 17.052863}}
{"target": 37.4234803320818, "params": {"x0": 0.8102932133021029, "x1": 3.0451663458795095, "x2": 0.06383121055607636, "x3": 6.347837716493021, "x4": 9.891407199254814, "x5": 11.08928599915172, "x6": 10.845001072963006, "x7": -1.7764882674103184, "x8": 0.9486408129963381, "x9": 1.008780011145665}, "datetime": {"datetime": "2025-05-19 03:15:27", "elapsed": 3156.749386, "delta": 17.334888}}
{"target": 37.4234803320818, "params": {"x0": 0.8102932038847719, "x1": 3.0451665865238793, "x2": 0.06383135345333041, "x3": 6.347837535488883, "x4": 9.891407446201777, "x5": 11.089286488544579, "x6": 10.845000683525857, "x7": -1.7764876358348398, "x8": 0.9486408542976528, "x9": 1.0087799809140234}, "datetime": {"datetime": "2025-05-19 03:15:45", "elapsed": 3174.053414, "delta": 17.304028}}
{"target": 37.4234803320818, "params": {"x0": 0.8102931493516765, "x1": 3.0451672050256087, "x2": 0.06383153866378682, "x3": 6.347837283644652, "x4": 9.891410602441239, "x5": 11.08928695269158, "x6": 10.844999190112608, "x7": -1.7764868523095314, "x8": 0.9486411217280721, "x9": 1.0087797995648218}, "datetime": {"datetime": "2025-05-19 03:16:02", "elapsed": 3191.370906, "delta": 17.317492}}
{"target": 37.4234803320818, "params": {"x0": 0.8102931466576785, "x1": 3.045167315260361, "x2": 0.06383163502452002, "x3": 6.347836553034693, "x4": 9.891409514888444, "x5": 11.089287811469413, "x6": 10.844998492963187, "x7": -1.7764857196320007, "x8": 0.948641233452291, "x9": 1.0087799219353633}, "datetime": {"datetime": "2025-05-19 03:16:20", "elapsed": 3209.237955, "delta": 17.867049}}
{"target": 37.4234803320818, "params": {"x0": 0.8102931417912159, "x1": 3.045167535532043, "x2": 0.06383178776053675, "x3": 6.3478350465142315, "x4": 9.891410015814412, "x5": 11.089287761880248, "x6": 10.844998377426766, "x7": -1.7764784270016138, "x8": 0.9486409789544572, "x9": 1.0087799037655574}, "datetime": {"datetime": "2025-05-19 03:16:38", "elapsed": 3226.950538, "delta": 17.712583}}
{"target": 37.4234803320818, "params": {"x0": 0.8102931733732899, "x1": 3.0451674278820913, "x2": 0.0638318978896924, "x3": 6.3478363167165455, "x4": 9.891410657011557, "x5": 11.089288012304637, "x6": 10.844999031030353, "x7": -1.7764813153573111, "x8": 0.9486411142469, "x9": 1.0087797944265144}, "datetime": {"datetime": "2025-05-19 03:16:55", "elapsed": 3243.934633, "delta": 16.984095}}
{"target": 37.4234803320818, "params": {"x0": 0.810293142016094, "x1": 3.0451677875655565, "x2": 0.06383189884651361, "x3": 6.347835896512131, "x4": 9.891410697260236, "x5": 11.089288602656914, "x6": 10.844999093088008, "x7": -1.7764789027676338, "x8": 0.9486413638902949, "x9": 1.0087798666245635}, "datetime": {"datetime": "2025-05-19 03:17:12", "elapsed": 3261.626814, "delta": 17.692181}}
{"target": 37.4234803320818, "params": {"x0": 0.8102931611493461, "x1": 3.0451681514513576, "x2": 0.06383196329964845, "x3": 6.347835462213741, "x4": 9.891410279150465, "x5": 11.089288570832622, "x6": 10.844998862156066, "x7": -1.7764833447508643, "x8": 0.9486413272151277, "x9": 1.0087797265338376}, "datetime": {"datetime": "2025-05-19 03:17:30", "elapsed": 3278.959114, "delta": 17.3323}}
{"target": 37.4234803320818, "params": {"x0": 0.8102931169815484, "x1": 3.0451677928813115, "x2": 0.06383205867730798, "x3": 6.347836275741108, "x4": 9.891408816600038, "x5": 11.089288789213743, "x6": 10.844998059305526, "x7": -1.776482048685122, "x8": 0.9486411514015477, "x9": 1.008779828082491}, "datetime": {"datetime": "2025-05-19 03:17:47", "elapsed": 3296.219308, "delta": 17.260194}}
{"target": 37.4234803320818, "params": {"x0": 0.8102930842240424, "x1": 3.045168103261553, "x2": 0.0638320943062195, "x3": 6.347835595175496, "x4": 9.891410598740014, "x5": 11.08928901995225, "x6": 10.844998599937227, "x7": -1.776483844994018, "x8": 0.9486410935161684, "x9": 1.008779792272915}, "datetime": {"datetime": "2025-05-19 03:18:04", "elapsed": 3313.524869, "delta": 17.305561}}
{"target": 37.4234803320818, "params": {"x0": 0.8102931191824534, "x1": 3.0451680983734497, "x2": 0.06383224740384207, "x3": 6.347835406952649, "x4": 9.891410512138634, "x5": 11.089289276456418, "x6": 10.844998458572631, "x7": -1.776483439518334, "x8": 0.9486411687033506, "x9": 1.0087798047309506}, "datetime": {"datetime": "2025-05-19 03:18:21", "elapsed": 3330.635337, "delta": 17.110468}}
{"target": 37.4234803320818, "params": {"x0": 0.8102931248533204, "x1": 3.0451679981673316, "x2": 0.06383223314877648, "x3": 6.347835445774731, "x4": 9.891409641464147, "x5": 11.089289627609595, "x6": 10.844998301016119, "x7": -1.7764838741035647, "x8": 0.9486411236288791, "x9": 1.0087797282176136}, "datetime": {"datetime": "2025-05-19 03:18:39", "elapsed": 3348.257465, "delta": 17.622128}}
{"target": 37.4234803320818, "params": {"x0": 0.8102931334353038, "x1": 3.045168207954574, "x2": 0.06383228892079353, "x3": 6.3478355485461595, "x4": 9.891410141750574, "x5": 11.089289619948465, "x6": 10.844998212613794, "x7": -1.7764802937827666, "x8": 0.9486411739727078, "x9": 1.0087797353519061}, "datetime": {"datetime": "2025-05-19 03:18:57", "elapsed": 3366.04072, "delta": 17.783255}}
{"target": 37.4234803320818, "params": {"x0": 0.8102931428080977, "x1": 3.045168396764294, "x2": 0.06383232749560165, "x3": 6.347836341182676, "x4": 9.891409978480908, "x5": 11.08928984676503, "x6": 10.844998059501153, "x7": -1.7764805508409978, "x8": 0.9486411212132372, "x9": 1.0087797855334621}, "datetime": {"datetime": "2025-05-19 03:19:15", "elapsed": 3383.9873, "delta": 17.94658}}
{"target": 37.4234803320818, "params": {"x0": 0.8102931133482498, "x1": 3.045168395322888, "x2": 0.06383235477582551, "x3": 6.347836282086165, "x4": 9.891409286530484, "x5": 11.089289898281908, "x6": 10.844997926717614, "x7": -1.776481437042941, "x8": 0.9486411484064221, "x9": 1.0087797307491646}, "datetime": {"datetime": "2025-05-19 03:19:33", "elapsed": 3401.898654, "delta": 17.911354}}
{"target": 37.4234803320818, "params": {"x0": 0.8102930999450426, "x1": 3.045168313529068, "x2": 0.06383236915066706, "x3": 6.347836269960395, "x4": 9.891409831271194, "x5": 11.089289886190281, "x6": 10.844997939216173, "x7": -1.7764812186150951, "x8": 0.9486411469371434, "x9": 1.0087796898049943}, "datetime": {"datetime": "2025-05-19 03:19:50", "elapsed": 3419.45351, "delta": 17.554856}}
{"target": 37.4234803320818, "params": {"x0": 0.8102931361822957, "x1": 3.0451684423774035, "x2": 0.06383237878189453, "x3": 6.3478362388122465, "x4": 9.891409449405902, "x5": 11.089290237342917, "x6": 10.844997878087304, "x7": -1.776482828917192, "x8": 0.9486412022786143, "x9": 1.0087797593342336}, "datetime": {"datetime": "2025-05-19 03:20:07", "elapsed": 3436.707114, "delta": 17.253604}}
{"target": 37.4234803320818, "params": {"x0": 0.810293104976901, "x1": 3.0451684701777, "x2": 0.0638324015120928, "x3": 6.347836125951468, "x4": 9.891409852719125, "x5": 11.089290128895337, "x6": 10.844997720674224, "x7": -1.7764819591245145, "x8": 0.9486412332367207, "x9": 1.0087797581386766}, "datetime": {"datetime": "2025-05-19 03:20:25", "elapsed": 3454.400121, "delta": 17.693007}}
{"target": 37.4234803320818, "params": {"x0": 0.8102931245398043, "x1": 3.0451684161981643, "x2": 0.06383248773401558, "x3": 6.34783578919112, "x4": 9.891409782543127, "x5": 11.089290274341934, "x6": 10.844997741464026, "x7": -1.7764818300243534, "x8": 0.9486411869010611, "x9": 1.0087797533841865}, "datetime": {"datetime": "2025-05-19 03:20:42", "elapsed": 3471.291844, "delta": 16.891723}}
{"target": 37.4234803320818, "params": {"x0": 0.8102931157314405, "x1": 3.045168524022985, "x2": 0.06383245632441027, "x3": 6.347836046004315, "x4": 9.891409540626718, "x5": 11.08929030388908, "x6": 10.84499768118868, "x7": -1.776481752814607, "x8": 0.9486412030014276, "x9": 1.0087797474621605}, "datetime": {"datetime": "2025-05-19 03:21:00", "elapsed": 3489.641283, "delta": 18.349439}}
{"target": 37.4234803320818, "params": {"x0": 0.8102931145726416, "x1": 3.0451685195078797, "x2": 0.06383249407274648, "x3": 6.347835860938055, "x4": 9.89140978985978, "x5": 11.089290425319435, "x6": 10.844997638507326, "x7": -1.7764821236789554, "x8": 0.9486412043360695, "x9": 1.0087797385650357}, "datetime": {"datetime": "2025-05-19 03:21:18", "elapsed": 3507.002773, "delta": 17.36149}}
{"target": 37.4234803320818, "params": {"x0": 0.8102931199393422, "x1": 3.0451685106515063, "x2": 0.0638325816472996, "x3": 6.347836088705322, "x4": 9.89140982696635, "x5": 11.089290369842686, "x6": 10.844997596623266, "x7": -1.7764826419875246, "x8": 0.9486411814782577, "x9": 1.008779738946681}, "datetime": {"datetime": "2025-05-19 03:21:35", "elapsed": 3524.114308, "delta": 17.111535}}
{"target": 37.4234803320818, "params": {"x0": 0.8102931133651118, "x1": 3.0451685410946827, "x2": 0.06383251130586876, "x3": 6.347835850360173, "x4": 9.891409854208735, "x5": 11.089290415611146, "x6": 10.844997430283255, "x7": -1.7764815934300346, "x8": 0.9486411922493928, "x9": 1.008779723497269}, "datetime": {"datetime": "2025-05-19 03:21:53", "elapsed": 3541.8632, "delta": 17.748892}}
{"target": 37.4234803320818, "params": {"x0": 0.8102931207606906, "x1": 3.045168547147066, "x2": 0.06383252839527272, "x3": 6.347835858714028, "x4": 9.891409808750335, "x5": 11.089290561525162, "x6": 10.844997475577065, "x7": -1.776482102439751, "x8": 0.9486411989799509, "x9": 1.0087797344011122}, "datetime": {"datetime": "2025-05-19 03:22:10", "elapsed": 3559.355056, "delta": 17.491856}}
{"target": 37.4234803320818, "params": {"x0": 0.8102931261295754, "x1": 3.0451686269521026, "x2": 0.06383253189227317, "x3": 6.34783597364496, "x4": 9.891409781744132, "x5": 11.08929054020825, "x6": 10.844997303099289, "x7": -1.7764823436978472, "x8": 0.9486411962165149, "x9": 1.0087797220269596}, "datetime": {"datetime": "2025-05-19 03:22:27", "elapsed": 3576.669533, "delta": 17.314477}}
{"target": 37.4234803320818, "params": {"x0": 0.8102931169673782, "x1": 3.045168617517217, "x2": 0.06383254238805162, "x3": 6.347835858128149, "x4": 9.891409533050812, "x5": 11.089290603786518, "x6": 10.844997426740942, "x7": -1.776482152148867, "x8": 0.9486412073502357, "x9": 1.0087797260627764}, "datetime": {"datetime": "2025-05-19 03:22:44", "elapsed": 3593.46867, "delta": 16.799137}}
{"target": 37.4234803320818, "params": {"x0": 0.8102931250501769, "x1": 3.045168662713848, "x2": 0.06383255720629977, "x3": 6.34783588467954, "x4": 9.891409602958472, "x5": 11.089290576976419, "x6": 10.844997319501202, "x7": -1.7764821339168746, "x8": 0.9486412096850728, "x9": 1.008779717789838}, "datetime": {"datetime": "2025-05-19 03:23:02", "elapsed": 3610.867421, "delta": 17.398751}}
{"target": 37.4234803320818, "params": {"x0": 0.8102931220712597, "x1": 3.04516869441142, "x2": 0.06383255719090308, "x3": 6.347835903614283, "x4": 9.891409783127965, "x5": 11.089290644957533, "x6": 10.84499734386697, "x7": -1.7764817795582524, "x8": 0.948641209248482, "x9": 1.0087797197708372}, "datetime": {"datetime": "2025-05-19 03:23:19", "elapsed": 3628.31135, "delta": 17.443929}}
{"target": 37.4234803320818, "params": {"x0": 0.8102931219823021, "x1": 3.0451686336918984, "x2": 0.0638325681870681, "x3": 6.347835845267764, "x4": 9.89140972181664, "x5": 11.089290644336327, "x6": 10.844997338452854, "x7": -1.7764821393925672, "x8": 0.9486412321059396, "x9": 1.0087797214613123}, "datetime": {"datetime": "2025-05-19 03:23:36", "elapsed": 3645.151512, "delta": 16.840162}}
{"target": 37.4234803320818, "params": {"x0": 0.8102931199757982, "x1": 3.0451686806133105, "x2": 0.06383257659179269, "x3": 6.347835913217952, "x4": 9.891409582007215, "x5": 11.089290664085128, "x6": 10.844997263093498, "x7": -1.7764819691620188, "x8": 0.9486412228847959, "x9": 1.0087797181467306}, "datetime": {"datetime": "2025-05-19 03:23:53", "elapsed": 3662.398095, "delta": 17.246583}}
{"target": 37.4234803320818, "params": {"x0": 0.8102931198403753, "x1": 3.0451686516927983, "x2": 0.06383260542183447, "x3": 6.347835867032507, "x4": 9.891409756423778, "x5": 11.089290688148287, "x6": 10.844997300746694, "x7": -1.7764819346940035, "x8": 0.9486412090154922, "x9": 1.0087797202718418}, "datetime": {"datetime": "2025-05-19 03:24:11", "elapsed": 3679.965054, "delta": 17.566959}}
{"target": 37.4234803320818, "params": {"x0": 0.8102931202597686, "x1": 3.04516871285085, "x2": 0.0638325886846396, "x3": 6.347835867920535, "x4": 9.89140976211051, "x5": 11.08929072201647, "x6": 10.844997288938012, "x7": -1.776482129584852, "x8": 0.9486412177854231, "x9": 1.0087797163016756}, "datetime": {"datetime": "2025-05-19 03:24:28", "elapsed": 3696.846934, "delta": 16.88188}}
{"target": 37.4234803320818, "params": {"x0": 0.8102931177972906, "x1": 3.045168714627026, "x2": 0.06383259414203256, "x3": 6.347835878525732, "x4": 9.891409636390428, "x5": 11.089290728125125, "x6": 10.844997281715242, "x7": -1.7764818486687657, "x8": 0.9486412154002211, "x9": 1.008779717344213}, "datetime": {"datetime": "2025-05-19 03:24:47", "elapsed": 3715.799088, "delta": 18.952154}}
{"target": 37.4234803320818, "params": {"x0": 0.8102931208107318, "x1": 3.0451687056916183, "x2": 0.06383259545229397, "x3": 6.347835898223872, "x4": 9.891409606988836, "x5": 11.089290750664446, "x6": 10.84499729034759, "x7": -1.7764821377087516, "x8": 0.9486412158012757, "x9": 1.0087797139980672}, "datetime": {"datetime": "2025-05-19 03:25:04", "elapsed": 3733.506281, "delta": 17.707193}}
{"target": 37.4234803320818, "params": {"x0": 0.8102931177707363, "x1": 3.045168734713796, "x2": 0.0638326009950085, "x3": 6.347835929084214, "x4": 9.891409676218741, "x5": 11.089290759958091, "x6": 10.844997286519664, "x7": -1.7764820904839629, "x8": 0.9486412285419723, "x9": 1.0087797164580097}, "datetime": {"datetime": "2025-05-19 03:25:23", "elapsed": 3751.960861, "delta": 18.45458}}
{"target": 37.4234803320818, "params": {"x0": 0.8102931206930045, "x1": 3.045168698091801, "x2": 0.06383261311343759, "x3": 6.347835933673386, "x4": 9.891409618590824, "x5": 11.089290772749603, "x6": 10.844997243858275, "x7": -1.7764820556015766, "x8": 0.9486412226200622, "x9": 1.0087797150104134}, "datetime": {"datetime": "2025-05-19 03:25:40", "elapsed": 3769.66688, "delta": 17.706019}}
{"target": 37.4234803320818, "params": {"x0": 0.8102931191174152, "x1": 3.045168723138523, "x2": 0.06383261397350677, "x3": 6.347835945976043, "x4": 9.891409633345859, "x5": 11.089290801102429, "x6": 10.844997262183808, "x7": -1.7764820089289302, "x8": 0.9486412181011598, "x9": 1.0087797142278565}, "datetime": {"datetime": "2025-05-19 03:25:58", "elapsed": 3787.121754, "delta": 17.454874}}
{"target": 37.4234803320818, "params": {"x0": 0.810293120622626, "x1": 3.0451687050182596, "x2": 0.0638326175960104, "x3": 6.347835893725925, "x4": 9.891409638936192, "x5": 11.089290794930486, "x6": 10.844997241751813, "x7": -1.7764818812635461, "x8": 0.9486412189776829, "x9": 1.008779708037354}, "datetime": {"datetime": "2025-05-19 03:26:16", "elapsed": 3805.18845, "delta": 18.066696}}
{"target": 37.4234803320818, "params": {"x0": 0.8102931186250678, "x1": 3.045168726118725, "x2": 0.06383261490642099, "x3": 6.347835881531016, "x4": 9.89140963289349, "x5": 11.089290820276684, "x6": 10.844997235780905, "x7": -1.776481921281077, "x8": 0.9486412190536103, "x9": 1.008779713856511}, "datetime": {"datetime": "2025-05-19 03:26:34", "elapsed": 3822.932703, "delta": 17.744253}}
{"target": 37.4234803320818, "params": {"x0": 0.810293120348916, "x1": 3.045168714347265, "x2": 0.06383262058360772, "x3": 6.347835901557127, "x4": 9.891409631104763, "x5": 11.089290815004617, "x6": 10.844997241574879, "x7": -1.776481870793293, "x8": 0.9486412217255101, "x9": 1.008779710837184}, "datetime": {"datetime": "2025-05-19 03:26:52", "elapsed": 3840.947798, "delta": 18.015095}}
{"target": 37.4234803320818, "params": {"x0": 0.8102931205156666, "x1": 3.04516871921932, "x2": 0.06383261880383063, "x3": 6.3478359166626985, "x4": 9.891409646967386, "x5": 11.089290821881816, "x6": 10.844997228297801, "x7": -1.776481913850483, "x8": 0.9486412274496829, "x9": 1.0087797120824713}, "datetime": {"datetime": "2025-05-19 03:27:09", "elapsed": 3858.627504, "delta": 17.679706}}
{"target": 37.4234803320818, "params": {"x0": 0.8102931192591367, "x1": 3.0451687222455317, "x2": 0.06383262070173727, "x3": 6.347835908786528, "x4": 9.891409662341996, "x5": 11.089290829707602, "x6": 10.844997190427996, "x7": -1.7764820272058528, "x8": 0.9486412223657644, "x9": 1.0087797112548669}, "datetime": {"datetime": "2025-05-19 03:27:27", "elapsed": 3876.61281, "delta": 17.985306}}
{"target": 37.4234803320818, "params": {"x0": 0.8102931188649902, "x1": 3.0451687365381632, "x2": 0.06383262465195311, "x3": 6.3478359211699695, "x4": 9.891409668315186, "x5": 11.089290841094336, "x6": 10.844997219980169, "x7": -1.7764818846837904, "x8": 0.9486412213830306, "x9": 1.0087797116316122}, "datetime": {"datetime": "2025-05-19 03:27:45", "elapsed": 3894.258673, "delta": 17.645863}}
