{"target": 37.4234803320818, "params": {"x0": 0.810293119128793, "x1": 3.045168752323207, "x2": 0.0638326395286168, "x3": 6.347835906451647, "x4": 9.891409668724442, "x5": 11.089290893080316, "x6": 10.844997178591502, "x7": -1.7764819516555328, "x8": 0.9486412260094854, "x9": 1.0087797088292485}, "datetime": {"datetime": "2025-05-19 05:14:04", "elapsed": 10273.308844, "delta": 18.94167}}
{"target": 37.4234803320818, "params": {"x0": 0.810293119128793, "x1": 3.045168752323207, "x2": 0.0638326395286168, "x3": 6.347835906451647, "x4": 9.891409668724442, "x5": 11.089290893080316, "x6": 10.844997178591502, "x7": -1.7764819516555328, "x8": 0.9486412260094854, "x9": 1.0087797088292485}, "datetime": {"datetime": "2025-05-19 05:14:24", "elapsed": 10293.461239, "delta": 20.152395}}
{"target": 37.4234803320818, "params": {"x0": 0.810293119128793, "x1": 3.045168752323207, "x2": 0.0638326395286168, "x3": 6.347835906451647, "x4": 9.891409668724442, "x5": 11.089290893080316, "x6": 10.844997178591502, "x7": -1.7764819516555328, "x8": 0.9486412260094854, "x9": 1.0087797088292485}, "datetime": {"datetime": "2025-05-19 05:14:45", "elapsed": 10313.98918, "delta": 20.527941}}
{"target": 37.4234803320818, "params": {"x0": 0.810293119128793, "x1": 3.045168752323207, "x2": 0.0638326395286168, "x3": 6.347835906451647, "x4": 9.891409668724442, "x5": 11.089290893080316, "x6": 10.844997178591502, "x7": -1.7764819516555328, "x8": 0.9486412260094854, "x9": 1.0087797088292485}, "datetime": {"datetime": "2025-05-19 05:15:06", "elapsed": 10335.297271, "delta": 21.308091}}
{"target": 37.4234803320818, "params": {"x0": 0.810293119128793, "x1": 3.045168752323207, "x2": 0.0638326395286168, "x3": 6.347835906451647, "x4": 9.891409668724442, "x5": 11.089290893080316, "x6": 10.844997178591502, "x7": -1.7764819516555328, "x8": 0.9486412260094854, "x9": 1.0087797088292485}, "datetime": {"datetime": "2025-05-19 05:15:25", "elapsed": 10354.600722, "delta": 19.303451}}
{"target": 37.4234803320818, "params": {"x0": 0.810293119128793, "x1": 3.045168752323207, "x2": 0.0638326395286168, "x3": 6.347835906451647, "x4": 9.891409668724442, "x5": 11.089290893080316, "x6": 10.844997178591502, "x7": -1.7764819516555328, "x8": 0.9486412260094854, "x9": 1.0087797088292485}, "datetime": {"datetime": "2025-05-19 05:15:46", "elapsed": 10375.220584, "delta": 20.619862}}
{"target": 37.4234803320818, "params": {"x0": 0.810293119128793, "x1": 3.045168752323207, "x2": 0.0638326395286168, "x3": 6.347835906451647, "x4": 9.891409668724442, "x5": 11.089290893080316, "x6": 10.844997178591502, "x7": -1.7764819516555328, "x8": 0.9486412260094854, "x9": 1.0087797088292485}, "datetime": {"datetime": "2025-05-19 05:16:06", "elapsed": 10395.234797, "delta": 20.014213}}
{"target": 37.4234803320818, "params": {"x0": 0.810293119128793, "x1": 3.045168752323207, "x2": 0.0638326395286168, "x3": 6.347835906451647, "x4": 9.891409668724442, "x5": 11.089290893080316, "x6": 10.844997178591502, "x7": -1.7764819516555328, "x8": 0.9486412260094854, "x9": 1.0087797088292485}, "datetime": {"datetime": "2025-05-19 05:16:26", "elapsed": 10414.810457, "delta": 19.57566}}
{"target": 37.4234803320818, "params": {"x0": 0.810293119128793, "x1": 3.045168752323207, "x2": 0.0638326395286168, "x3": 6.347835906451647, "x4": 9.891409668724442, "x5": 11.089290893080316, "x6": 10.844997178591502, "x7": -1.7764819516555328, "x8": 0.9486412260094854, "x9": 1.0087797088292485}, "datetime": {"datetime": "2025-05-19 05:16:46", "elapsed": 10434.878028, "delta": 20.067571}}
{"target": 37.4234803320818, "params": {"x0": 0.810293119128793, "x1": 3.045168752323207, "x2": 0.0638326395286168, "x3": 6.347835906451647, "x4": 9.891409668724442, "x5": 11.089290893080316, "x6": 10.844997178591502, "x7": -1.7764819516555328, "x8": 0.9486412260094854, "x9": 1.0087797088292485}, "datetime": {"datetime": "2025-05-19 05:17:07", "elapsed": 10456.521308, "delta": 21.64328}}
{"target": 37.4234803320818, "params": {"x0": 0.810293119128793, "x1": 3.045168752323207, "x2": 0.0638326395286168, "x3": 6.347835906451647, "x4": 9.891409668724442, "x5": 11.089290893080316, "x6": 10.844997178591502, "x7": -1.7764819516555328, "x8": 0.9486412260094854, "x9": 1.0087797088292485}, "datetime": {"datetime": "2025-05-19 05:17:27", "elapsed": 10476.441549, "delta": 19.920241}}
{"target": 37.4234803320818, "params": {"x0": 0.810293119128793, "x1": 3.045168752323207, "x2": 0.0638326395286168, "x3": 6.347835906451647, "x4": 9.891409668724442, "x5": 11.089290893080316, "x6": 10.844997178591502, "x7": -1.7764819516555328, "x8": 0.9486412260094854, "x9": 1.0087797088292485}, "datetime": {"datetime": "2025-05-19 05:17:48", "elapsed": 10497.381976, "delta": 20.940427}}
{"target": 37.4234803320818, "params": {"x0": 0.810293119128793, "x1": 3.045168752323207, "x2": 0.0638326395286168, "x3": 6.347835906451647, "x4": 9.891409668724442, "x5": 11.089290893080316, "x6": 10.844997178591502, "x7": -1.7764819516555328, "x8": 0.9486412260094854, "x9": 1.0087797088292485}, "datetime": {"datetime": "2025-05-19 05:18:09", "elapsed": 10518.32138, "delta": 20.939404}}
{"target": 37.4234803320818, "params": {"x0": 0.810293119128793, "x1": 3.045168752323207, "x2": 0.0638326395286168, "x3": 6.347835906451647, "x4": 9.891409668724442, "x5": 11.089290893080316, "x6": 10.844997178591502, "x7": -1.7764819516555328, "x8": 0.9486412260094854, "x9": 1.0087797088292485}, "datetime": {"datetime": "2025-05-19 05:18:30", "elapsed": 10538.871524, "delta": 20.550144}}
{"target": 37.4234803320818, "params": {"x0": 0.810293119128793, "x1": 3.045168752323207, "x2": 0.0638326395286168, "x3": 6.347835906451647, "x4": 9.891409668724442, "x5": 11.089290893080316, "x6": 10.844997178591502, "x7": -1.7764819516555328, "x8": 0.9486412260094854, "x9": 1.0087797088292485}, "datetime": {"datetime": "2025-05-19 05:18:49", "elapsed": 10558.715334, "delta": 19.84381}}
{"target": 37.4234803320818, "params": {"x0": 0.810293119128793, "x1": 3.045168752323207, "x2": 0.0638326395286168, "x3": 6.347835906451647, "x4": 9.891409668724442, "x5": 11.089290893080316, "x6": 10.844997178591502, "x7": -1.7764819516555328, "x8": 0.9486412260094854, "x9": 1.0087797088292485}, "datetime": {"datetime": "2025-05-19 05:19:10", "elapsed": 10579.440325, "delta": 20.724991}}
{"target": 37.4234803320818, "params": {"x0": 0.810293119128793, "x1": 3.045168752323207, "x2": 0.0638326395286168, "x3": 6.347835906451647, "x4": 9.891409668724442, "x5": 11.089290893080316, "x6": 10.844997178591502, "x7": -1.7764819516555328, "x8": 0.9486412260094854, "x9": 1.0087797088292485}, "datetime": {"datetime": "2025-05-19 05:19:30", "elapsed": 10598.789109, "delta": 19.348784}}
{"target": 37.4234803320818, "params": {"x0": 0.810293119128793, "x1": 3.045168752323207, "x2": 0.0638326395286168, "x3": 6.347835906451647, "x4": 9.891409668724442, "x5": 11.089290893080316, "x6": 10.844997178591502, "x7": -1.7764819516555328, "x8": 0.9486412260094854, "x9": 1.0087797088292485}, "datetime": {"datetime": "2025-05-19 05:19:49", "elapsed": 10618.449344, "delta": 19.660235}}
{"target": 37.4234803320818, "params": {"x0": 0.810293119128793, "x1": 3.045168752323207, "x2": 0.0638326395286168, "x3": 6.347835906451647, "x4": 9.891409668724442, "x5": 11.089290893080316, "x6": 10.844997178591502, "x7": -1.7764819516555328, "x8": 0.9486412260094854, "x9": 1.0087797088292485}, "datetime": {"datetime": "2025-05-19 05:20:10", "elapsed": 10639.003432, "delta": 20.554088}}
{"target": 37.4234803320818, "params": {"x0": 0.810293119128793, "x1": 3.045168752323207, "x2": 0.0638326395286168, "x3": 6.347835906451647, "x4": 9.891409668724442, "x5": 11.089290893080316, "x6": 10.844997178591502, "x7": -1.7764819516555328, "x8": 0.9486412260094854, "x9": 1.0087797088292485}, "datetime": {"datetime": "2025-05-19 05:20:30", "elapsed": 10659.055048, "delta": 20.051616}}
{"target": 37.4234803320818, "params": {"x0": 0.810293119128793, "x1": 3.045168752323207, "x2": 0.0638326395286168, "x3": 6.347835906451647, "x4": 9.891409668724442, "x5": 11.089290893080316, "x6": 10.844997178591502, "x7": -1.7764819516555328, "x8": 0.9486412260094854, "x9": 1.0087797088292485}, "datetime": {"datetime": "2025-05-19 05:20:50", "elapsed": 10678.859338, "delta": 19.80429}}
{"target": 37.4234803320818, "params": {"x0": 0.810293119128793, "x1": 3.045168752323207, "x2": 0.0638326395286168, "x3": 6.347835906451647, "x4": 9.891409668724442, "x5": 11.089290893080316, "x6": 10.844997178591502, "x7": -1.7764819516555328, "x8": 0.9486412260094854, "x9": 1.0087797088292485}, "datetime": {"datetime": "2025-05-19 05:21:10", "elapsed": 10699.106383, "delta": 20.247045}}
{"target": 37.4234803320818, "params": {"x0": 0.810293119128793, "x1": 3.045168752323207, "x2": 0.0638326395286168, "x3": 6.347835906451647, "x4": 9.891409668724442, "x5": 11.089290893080316, "x6": 10.844997178591502, "x7": -1.7764819516555328, "x8": 0.9486412260094854, "x9": 1.0087797088292485}, "datetime": {"datetime": "2025-05-19 05:21:31", "elapsed": 10719.817263, "delta": 20.71088}}
{"target": 37.4234803320818, "params": {"x0": 0.810293119128793, "x1": 3.045168752323207, "x2": 0.0638326395286168, "x3": 6.347835906451647, "x4": 9.891409668724442, "x5": 11.089290893080316, "x6": 10.844997178591502, "x7": -1.7764819516555328, "x8": 0.9486412260094854, "x9": 1.0087797088292485}, "datetime": {"datetime": "2025-05-19 05:21:52", "elapsed": 10741.153052, "delta": 21.335789}}
{"target": 37.4234803320818, "params": {"x0": 0.810293119128793, "x1": 3.045168752323207, "x2": 0.0638326395286168, "x3": 6.347835906451647, "x4": 9.891409668724442, "x5": 11.089290893080316, "x6": 10.844997178591502, "x7": -1.7764819516555328, "x8": 0.9486412260094854, "x9": 1.0087797088292485}, "datetime": {"datetime": "2025-05-19 05:22:13", "elapsed": 10762.640542, "delta": 21.48749}}
{"target": 37.4234803320818, "params": {"x0": 0.810293119128793, "x1": 3.045168752323207, "x2": 0.0638326395286168, "x3": 6.347835906451647, "x4": 9.891409668724442, "x5": 11.089290893080316, "x6": 10.844997178591502, "x7": -1.7764819516555328, "x8": 0.9486412260094854, "x9": 1.0087797088292485}, "datetime": {"datetime": "2025-05-19 05:22:35", "elapsed": 10784.574113, "delta": 21.933571}}
{"target": 37.4234803320818, "params": {"x0": 0.810293119128793, "x1": 3.045168752323207, "x2": 0.0638326395286168, "x3": 6.347835906451647, "x4": 9.891409668724442, "x5": 11.089290893080316, "x6": 10.844997178591502, "x7": -1.7764819516555328, "x8": 0.9486412260094854, "x9": 1.0087797088292485}, "datetime": {"datetime": "2025-05-19 05:22:59", "elapsed": 10807.836099, "delta": 23.261986}}
{"target": 37.4234803320818, "params": {"x0": 0.810293119128793, "x1": 3.045168752323207, "x2": 0.0638326395286168, "x3": 6.347835906451647, "x4": 9.891409668724442, "x5": 11.089290893080316, "x6": 10.844997178591502, "x7": -1.7764819516555328, "x8": 0.9486412260094854, "x9": 1.0087797088292485}, "datetime": {"datetime": "2025-05-19 05:23:21", "elapsed": 10830.051988, "delta": 22.215889}}
{"target": 37.4234803320818, "params": {"x0": 0.810293119128793, "x1": 3.045168752323207, "x2": 0.0638326395286168, "x3": 6.347835906451647, "x4": 9.891409668724442, "x5": 11.089290893080316, "x6": 10.844997178591502, "x7": -1.7764819516555328, "x8": 0.9486412260094854, "x9": 1.0087797088292485}, "datetime": {"datetime": "2025-05-19 05:23:45", "elapsed": 10853.784387, "delta": 23.732399}}
{"target": 37.4234803320818, "params": {"x0": 0.810293119128793, "x1": 3.045168752323207, "x2": 0.0638326395286168, "x3": 6.347835906451647, "x4": 9.891409668724442, "x5": 11.089290893080316, "x6": 10.844997178591502, "x7": -1.7764819516555328, "x8": 0.9486412260094854, "x9": 1.0087797088292485}, "datetime": {"datetime": "2025-05-19 05:24:05", "elapsed": 10874.003593, "delta": 20.219206}}
{"target": 37.4234803320818, "params": {"x0": 0.810293119128793, "x1": 3.045168752323207, "x2": 0.0638326395286168, "x3": 6.347835906451647, "x4": 9.891409668724442, "x5": 11.089290893080316, "x6": 10.844997178591502, "x7": -1.7764819516555328, "x8": 0.9486412260094854, "x9": 1.0087797088292485}, "datetime": {"datetime": "2025-05-19 05:24:27", "elapsed": 10896.032814, "delta": 22.029221}}
{"target": 37.4234803320818, "params": {"x0": 0.810293119128793, "x1": 3.045168752323207, "x2": 0.0638326395286168, "x3": 6.347835906451647, "x4": 9.891409668724442, "x5": 11.089290893080316, "x6": 10.844997178591502, "x7": -1.7764819516555328, "x8": 0.9486412260094854, "x9": 1.0087797088292485}, "datetime": {"datetime": "2025-05-19 05:24:50", "elapsed": 10919.158071, "delta": 23.125257}}
{"target": 37.4234803320818, "params": {"x0": 0.810293119128793, "x1": 3.045168752323207, "x2": 0.0638326395286168, "x3": 6.347835906451647, "x4": 9.891409668724442, "x5": 11.089290893080316, "x6": 10.844997178591502, "x7": -1.7764819516555328, "x8": 0.9486412260094854, "x9": 1.0087797088292485}, "datetime": {"datetime": "2025-05-19 05:25:11", "elapsed": 10940.314792, "delta": 21.156721}}
{"target": 37.4234803320818, "params": {"x0": 0.810293119128793, "x1": 3.045168752323207, "x2": 0.0638326395286168, "x3": 6.347835906451647, "x4": 9.891409668724442, "x5": 11.089290893080316, "x6": 10.844997178591502, "x7": -1.7764819516555328, "x8": 0.9486412260094854, "x9": 1.0087797088292485}, "datetime": {"datetime": "2025-05-19 05:25:33", "elapsed": 10962.211167, "delta": 21.896375}}
{"target": 37.4234803320818, "params": {"x0": 0.810293119128793, "x1": 3.045168752323207, "x2": 0.0638326395286168, "x3": 6.347835906451647, "x4": 9.891409668724442, "x5": 11.089290893080316, "x6": 10.844997178591502, "x7": -1.7764819516555328, "x8": 0.9486412260094854, "x9": 1.0087797088292485}, "datetime": {"datetime": "2025-05-19 05:25:54", "elapsed": 10983.202313, "delta": 20.991146}}
{"target": 37.4234803320818, "params": {"x0": 0.810293119128793, "x1": 3.045168752323207, "x2": 0.0638326395286168, "x3": 6.347835906451647, "x4": 9.891409668724442, "x5": 11.089290893080316, "x6": 10.844997178591502, "x7": -1.7764819516555328, "x8": 0.9486412260094854, "x9": 1.0087797088292485}, "datetime": {"datetime": "2025-05-19 05:26:16", "elapsed": 11005.344533, "delta": 22.14222}}
{"target": 37.4234803320818, "params": {"x0": 0.810293119128793, "x1": 3.045168752323207, "x2": 0.0638326395286168, "x3": 6.347835906451647, "x4": 9.891409668724442, "x5": 11.089290893080316, "x6": 10.844997178591502, "x7": -1.7764819516555328, "x8": 0.9486412260094854, "x9": 1.0087797088292485}, "datetime": {"datetime": "2025-05-19 05:26:36", "elapsed": 11025.569745, "delta": 20.225212}}
{"target": 37.4234803320818, "params": {"x0": 0.810293119128793, "x1": 3.045168752323207, "x2": 0.0638326395286168, "x3": 6.347835906451647, "x4": 9.891409668724442, "x5": 11.089290893080316, "x6": 10.844997178591502, "x7": -1.7764819516555328, "x8": 0.9486412260094854, "x9": 1.0087797088292485}, "datetime": {"datetime": "2025-05-19 05:26:58", "elapsed": 11047.663622, "delta": 22.093877}}
{"target": 37.4234803320818, "params": {"x0": 0.810293119128793, "x1": 3.045168752323207, "x2": 0.0638326395286168, "x3": 6.347835906451647, "x4": 9.891409668724442, "x5": 11.089290893080316, "x6": 10.844997178591502, "x7": -1.7764819516555328, "x8": 0.9486412260094854, "x9": 1.0087797088292485}, "datetime": {"datetime": "2025-05-19 05:27:21", "elapsed": 11069.82361, "delta": 22.159988}}
{"target": 37.4234803320818, "params": {"x0": 0.810293119128793, "x1": 3.045168752323207, "x2": 0.0638326395286168, "x3": 6.347835906451647, "x4": 9.891409668724442, "x5": 11.089290893080316, "x6": 10.844997178591502, "x7": -1.7764819516555328, "x8": 0.9486412260094854, "x9": 1.0087797088292485}, "datetime": {"datetime": "2025-05-19 05:27:42", "elapsed": 11091.740935, "delta": 21.917325}}
{"target": 37.4234803320818, "params": {"x0": 0.810293119128793, "x1": 3.045168752323207, "x2": 0.0638326395286168, "x3": 6.347835906451647, "x4": 9.891409668724442, "x5": 11.089290893080316, "x6": 10.844997178591502, "x7": -1.7764819516555328, "x8": 0.9486412260094854, "x9": 1.0087797088292485}, "datetime": {"datetime": "2025-05-19 05:28:02", "elapsed": 11111.594051, "delta": 19.853116}}
{"target": 37.4234803320818, "params": {"x0": 0.810293119128793, "x1": 3.045168752323207, "x2": 0.0638326395286168, "x3": 6.347835906451647, "x4": 9.891409668724442, "x5": 11.089290893080316, "x6": 10.844997178591502, "x7": -1.7764819516555328, "x8": 0.9486412260094854, "x9": 1.0087797088292485}, "datetime": {"datetime": "2025-05-19 05:28:22", "elapsed": 11131.668857, "delta": 20.074806}}
{"target": 37.4234803320818, "params": {"x0": 0.810293119128793, "x1": 3.045168752323207, "x2": 0.0638326395286168, "x3": 6.347835906451647, "x4": 9.891409668724442, "x5": 11.089290893080316, "x6": 10.844997178591502, "x7": -1.7764819516555328, "x8": 0.9486412260094854, "x9": 1.0087797088292485}, "datetime": {"datetime": "2025-05-19 05:28:43", "elapsed": 11151.812009, "delta": 20.143152}}
{"target": 37.4234803320818, "params": {"x0": 0.810293119128793, "x1": 3.045168752323207, "x2": 0.0638326395286168, "x3": 6.347835906451647, "x4": 9.891409668724442, "x5": 11.089290893080316, "x6": 10.844997178591502, "x7": -1.7764819516555328, "x8": 0.9486412260094854, "x9": 1.0087797088292485}, "datetime": {"datetime": "2025-05-19 05:29:03", "elapsed": 11172.331823, "delta": 20.519814}}
{"target": 37.4234803320818, "params": {"x0": 0.810293119128793, "x1": 3.045168752323207, "x2": 0.0638326395286168, "x3": 6.347835906451647, "x4": 9.891409668724442, "x5": 11.089290893080316, "x6": 10.844997178591502, "x7": -1.7764819516555328, "x8": 0.9486412260094854, "x9": 1.0087797088292485}, "datetime": {"datetime": "2025-05-19 05:29:24", "elapsed": 11192.846941, "delta": 20.515118}}
{"target": 37.4234803320818, "params": {"x0": 0.810293119128793, "x1": 3.045168752323207, "x2": 0.0638326395286168, "x3": 6.347835906451647, "x4": 9.891409668724442, "x5": 11.089290893080316, "x6": 10.844997178591502, "x7": -1.7764819516555328, "x8": 0.9486412260094854, "x9": 1.0087797088292485}, "datetime": {"datetime": "2025-05-19 05:29:44", "elapsed": 11213.224681, "delta": 20.37774}}
{"target": 37.4234803320818, "params": {"x0": 0.810293119128793, "x1": 3.045168752323207, "x2": 0.0638326395286168, "x3": 6.347835906451647, "x4": 9.891409668724442, "x5": 11.089290893080316, "x6": 10.844997178591502, "x7": -1.7764819516555328, "x8": 0.9486412260094854, "x9": 1.0087797088292485}, "datetime": {"datetime": "2025-05-19 05:30:05", "elapsed": 11234.39643, "delta": 21.171749}}
{"target": 37.4234803320818, "params": {"x0": 0.810293119128793, "x1": 3.045168752323207, "x2": 0.0638326395286168, "x3": 6.347835906451647, "x4": 9.891409668724442, "x5": 11.089290893080316, "x6": 10.844997178591502, "x7": -1.7764819516555328, "x8": 0.9486412260094854, "x9": 1.0087797088292485}, "datetime": {"datetime": "2025-05-19 05:30:26", "elapsed": 11255.374044, "delta": 20.977614}}
{"target": 37.4234803320818, "params": {"x0": 0.810293119128793, "x1": 3.045168752323207, "x2": 0.0638326395286168, "x3": 6.347835906451647, "x4": 9.891409668724442, "x5": 11.089290893080316, "x6": 10.844997178591502, "x7": -1.7764819516555328, "x8": 0.9486412260094854, "x9": 1.0087797088292485}, "datetime": {"datetime": "2025-05-19 05:30:47", "elapsed": 11276.252492, "delta": 20.878448}}
{"target": 37.4234803320818, "params": {"x0": 0.810293119128793, "x1": 3.045168752323207, "x2": 0.0638326395286168, "x3": 6.347835906451647, "x4": 9.891409668724442, "x5": 11.089290893080316, "x6": 10.844997178591502, "x7": -1.7764819516555328, "x8": 0.9486412260094854, "x9": 1.0087797088292485}, "datetime": {"datetime": "2025-05-19 05:31:08", "elapsed": 11296.871875, "delta": 20.619383}}
{"target": 37.4234803320818, "params": {"x0": 0.810293119128793, "x1": 3.045168752323207, "x2": 0.0638326395286168, "x3": 6.347835906451647, "x4": 9.891409668724442, "x5": 11.089290893080316, "x6": 10.844997178591502, "x7": -1.7764819516555328, "x8": 0.9486412260094854, "x9": 1.0087797088292485}, "datetime": {"datetime": "2025-05-19 05:31:28", "elapsed": 11317.108819, "delta": 20.236944}}
{"target": 37.4234803320818, "params": {"x0": 0.810293119128793, "x1": 3.045168752323207, "x2": 0.0638326395286168, "x3": 6.347835906451647, "x4": 9.891409668724442, "x5": 11.089290893080316, "x6": 10.844997178591502, "x7": -1.7764819516555328, "x8": 0.9486412260094854, "x9": 1.0087797088292485}, "datetime": {"datetime": "2025-05-19 05:31:48", "elapsed": 11337.419845, "delta": 20.311026}}
{"target": 37.4234803320818, "params": {"x0": 0.810293119128793, "x1": 3.045168752323207, "x2": 0.0638326395286168, "x3": 6.347835906451647, "x4": 9.891409668724442, "x5": 11.089290893080316, "x6": 10.844997178591502, "x7": -1.7764819516555328, "x8": 0.9486412260094854, "x9": 1.0087797088292485}, "datetime": {"datetime": "2025-05-19 05:32:09", "elapsed": 11357.973552, "delta": 20.553707}}
{"target": 37.4234803320818, "params": {"x0": 0.810293119128793, "x1": 3.045168752323207, "x2": 0.0638326395286168, "x3": 6.347835906451647, "x4": 9.891409668724442, "x5": 11.089290893080316, "x6": 10.844997178591502, "x7": -1.7764819516555328, "x8": 0.9486412260094854, "x9": 1.0087797088292485}, "datetime": {"datetime": "2025-05-19 05:32:31", "elapsed": 11379.768854, "delta": 21.795302}}
{"target": 37.4234803320818, "params": {"x0": 0.810293119128793, "x1": 3.045168752323207, "x2": 0.0638326395286168, "x3": 6.347835906451647, "x4": 9.891409668724442, "x5": 11.089290893080316, "x6": 10.844997178591502, "x7": -1.7764819516555328, "x8": 0.9486412260094854, "x9": 1.0087797088292485}, "datetime": {"datetime": "2025-05-19 05:32:51", "elapsed": 11400.122339, "delta": 20.353485}}
{"target": 37.4234803320818, "params": {"x0": 0.810293119128793, "x1": 3.045168752323207, "x2": 0.0638326395286168, "x3": 6.347835906451647, "x4": 9.891409668724442, "x5": 11.089290893080316, "x6": 10.844997178591502, "x7": -1.7764819516555328, "x8": 0.9486412260094854, "x9": 1.0087797088292485}, "datetime": {"datetime": "2025-05-19 05:33:12", "elapsed": 11421.292095, "delta": 21.169756}}
