{"target": 37.4234803320818, "params": {"x0": 0.810293119128793, "x1": 3.045168752323207, "x2": 0.0638326395286168, "x3": 6.347835906451647, "x4": 9.891409668724442, "x5": 11.089290893080316, "x6": 10.844997178591502, "x7": -1.7764819516555328, "x8": 0.9486412260094854, "x9": 1.0087797088292485}, "datetime": {"datetime": "2025-05-19 05:53:43", "elapsed": 12652.262241, "delta": 23.766474}}
{"target": 37.4234803320818, "params": {"x0": 0.810293119128793, "x1": 3.045168752323207, "x2": 0.0638326395286168, "x3": 6.347835906451647, "x4": 9.891409668724442, "x5": 11.089290893080316, "x6": 10.844997178591502, "x7": -1.7764819516555328, "x8": 0.9486412260094854, "x9": 1.0087797088292485}, "datetime": {"datetime": "2025-05-19 05:54:06", "elapsed": 12675.384584, "delta": 23.122343}}
{"target": 37.4234803320818, "params": {"x0": 0.810293119128793, "x1": 3.045168752323207, "x2": 0.0638326395286168, "x3": 6.347835906451647, "x4": 9.891409668724442, "x5": 11.089290893080316, "x6": 10.844997178591502, "x7": -1.7764819516555328, "x8": 0.9486412260094854, "x9": 1.0087797088292485}, "datetime": {"datetime": "2025-05-19 05:54:27", "elapsed": 12696.505901, "delta": 21.121317}}
{"target": 37.4234803320818, "params": {"x0": 0.810293119128793, "x1": 3.045168752323207, "x2": 0.0638326395286168, "x3": 6.347835906451647, "x4": 9.891409668724442, "x5": 11.089290893080316, "x6": 10.844997178591502, "x7": -1.7764819516555328, "x8": 0.9486412260094854, "x9": 1.0087797088292485}, "datetime": {"datetime": "2025-05-19 05:54:48", "elapsed": 12716.801473, "delta": 20.295572}}
{"target": 37.4234803320818, "params": {"x0": 0.810293119128793, "x1": 3.045168752323207, "x2": 0.0638326395286168, "x3": 6.347835906451647, "x4": 9.891409668724442, "x5": 11.089290893080316, "x6": 10.844997178591502, "x7": -1.7764819516555328, "x8": 0.9486412260094854, "x9": 1.0087797088292485}, "datetime": {"datetime": "2025-05-19 05:55:13", "elapsed": 12742.187478, "delta": 25.386005}}
{"target": 37.4234803320818, "params": {"x0": 0.810293119128793, "x1": 3.045168752323207, "x2": 0.0638326395286168, "x3": 6.347835906451647, "x4": 9.891409668724442, "x5": 11.089290893080316, "x6": 10.844997178591502, "x7": -1.7764819516555328, "x8": 0.9486412260094854, "x9": 1.0087797088292485}, "datetime": {"datetime": "2025-05-19 05:55:35", "elapsed": 12764.443755, "delta": 22.256277}}
{"target": 37.4234803320818, "params": {"x0": 0.810293119128793, "x1": 3.045168752323207, "x2": 0.0638326395286168, "x3": 6.347835906451647, "x4": 9.891409668724442, "x5": 11.089290893080316, "x6": 10.844997178591502, "x7": -1.7764819516555328, "x8": 0.9486412260094854, "x9": 1.0087797088292485}, "datetime": {"datetime": "2025-05-19 05:55:55", "elapsed": 12784.486961, "delta": 20.043206}}
{"target": 37.4234803320818, "params": {"x0": 0.810293119128793, "x1": 3.045168752323207, "x2": 0.0638326395286168, "x3": 6.347835906451647, "x4": 9.891409668724442, "x5": 11.089290893080316, "x6": 10.844997178591502, "x7": -1.7764819516555328, "x8": 0.9486412260094854, "x9": 1.0087797088292485}, "datetime": {"datetime": "2025-05-19 05:56:15", "elapsed": 12804.750573, "delta": 20.263612}}
{"target": 37.4234803320818, "params": {"x0": 0.810293119128793, "x1": 3.045168752323207, "x2": 0.0638326395286168, "x3": 6.347835906451647, "x4": 9.891409668724442, "x5": 11.089290893080316, "x6": 10.844997178591502, "x7": -1.7764819516555328, "x8": 0.9486412260094854, "x9": 1.0087797088292485}, "datetime": {"datetime": "2025-05-19 05:56:37", "elapsed": 12825.987652, "delta": 21.237079}}
{"target": 37.4234803320818, "params": {"x0": 0.810293119128793, "x1": 3.045168752323207, "x2": 0.0638326395286168, "x3": 6.347835906451647, "x4": 9.891409668724442, "x5": 11.089290893080316, "x6": 10.844997178591502, "x7": -1.7764819516555328, "x8": 0.9486412260094854, "x9": 1.0087797088292485}, "datetime": {"datetime": "2025-05-19 05:57:01", "elapsed": 12850.270013, "delta": 24.282361}}
{"target": 37.4234803320818, "params": {"x0": 0.810293119128793, "x1": 3.045168752323207, "x2": 0.0638326395286168, "x3": 6.347835906451647, "x4": 9.891409668724442, "x5": 11.089290893080316, "x6": 10.844997178591502, "x7": -1.7764819516555328, "x8": 0.9486412260094854, "x9": 1.0087797088292485}, "datetime": {"datetime": "2025-05-19 05:57:26", "elapsed": 12875.641117, "delta": 25.371104}}
{"target": 37.4234803320818, "params": {"x0": 0.810293119128793, "x1": 3.045168752323207, "x2": 0.0638326395286168, "x3": 6.347835906451647, "x4": 9.891409668724442, "x5": 11.089290893080316, "x6": 10.844997178591502, "x7": -1.7764819516555328, "x8": 0.9486412260094854, "x9": 1.0087797088292485}, "datetime": {"datetime": "2025-05-19 05:57:50", "elapsed": 12899.104873, "delta": 23.463756}}
{"target": 37.4234803320818, "params": {"x0": 0.810293119128793, "x1": 3.045168752323207, "x2": 0.0638326395286168, "x3": 6.347835906451647, "x4": 9.891409668724442, "x5": 11.089290893080316, "x6": 10.844997178591502, "x7": -1.7764819516555328, "x8": 0.9486412260094854, "x9": 1.0087797088292485}, "datetime": {"datetime": "2025-05-19 05:58:12", "elapsed": 12920.904631, "delta": 21.799758}}
{"target": 37.4234803320818, "params": {"x0": 0.810293119128793, "x1": 3.045168752323207, "x2": 0.0638326395286168, "x3": 6.347835906451647, "x4": 9.891409668724442, "x5": 11.089290893080316, "x6": 10.844997178591502, "x7": -1.7764819516555328, "x8": 0.9486412260094854, "x9": 1.0087797088292485}, "datetime": {"datetime": "2025-05-19 05:58:34", "elapsed": 12942.890959, "delta": 21.986328}}
{"target": 37.4234803320818, "params": {"x0": 0.810293119128793, "x1": 3.045168752323207, "x2": 0.0638326395286168, "x3": 6.347835906451647, "x4": 9.891409668724442, "x5": 11.089290893080316, "x6": 10.844997178591502, "x7": -1.7764819516555328, "x8": 0.9486412260094854, "x9": 1.0087797088292485}, "datetime": {"datetime": "2025-05-19 05:58:57", "elapsed": 12966.035837, "delta": 23.144878}}
{"target": 37.4234803320818, "params": {"x0": 0.810293119128793, "x1": 3.045168752323207, "x2": 0.0638326395286168, "x3": 6.347835906451647, "x4": 9.891409668724442, "x5": 11.089290893080316, "x6": 10.844997178591502, "x7": -1.7764819516555328, "x8": 0.9486412260094854, "x9": 1.0087797088292485}, "datetime": {"datetime": "2025-05-19 05:59:20", "elapsed": 12989.681786, "delta": 23.645949}}
{"target": 37.4234803320818, "params": {"x0": 0.810293119128793, "x1": 3.045168752323207, "x2": 0.0638326395286168, "x3": 6.347835906451647, "x4": 9.891409668724442, "x5": 11.089290893080316, "x6": 10.844997178591502, "x7": -1.7764819516555328, "x8": 0.9486412260094854, "x9": 1.0087797088292485}, "datetime": {"datetime": "2025-05-19 05:59:42", "elapsed": 13011.089272, "delta": 21.407486}}
{"target": 37.4234803320818, "params": {"x0": 0.810293119128793, "x1": 3.045168752323207, "x2": 0.0638326395286168, "x3": 6.347835906451647, "x4": 9.891409668724442, "x5": 11.089290893080316, "x6": 10.844997178591502, "x7": -1.7764819516555328, "x8": 0.9486412260094854, "x9": 1.0087797088292485}, "datetime": {"datetime": "2025-05-19 06:00:03", "elapsed": 13032.606207, "delta": 21.516935}}
{"target": 37.4234803320818, "params": {"x0": 0.810293119128793, "x1": 3.045168752323207, "x2": 0.0638326395286168, "x3": 6.347835906451647, "x4": 9.891409668724442, "x5": 11.089290893080316, "x6": 10.844997178591502, "x7": -1.7764819516555328, "x8": 0.9486412260094854, "x9": 1.0087797088292485}, "datetime": {"datetime": "2025-05-19 06:00:26", "elapsed": 13054.779606, "delta": 22.173399}}
{"target": 37.4234803320818, "params": {"x0": 0.810293119128793, "x1": 3.045168752323207, "x2": 0.0638326395286168, "x3": 6.347835906451647, "x4": 9.891409668724442, "x5": 11.089290893080316, "x6": 10.844997178591502, "x7": -1.7764819516555328, "x8": 0.9486412260094854, "x9": 1.0087797088292485}, "datetime": {"datetime": "2025-05-19 06:00:47", "elapsed": 13076.18789, "delta": 21.408284}}
{"target": 37.4234803320818, "params": {"x0": 0.810293119128793, "x1": 3.045168752323207, "x2": 0.0638326395286168, "x3": 6.347835906451647, "x4": 9.891409668724442, "x5": 11.089290893080316, "x6": 10.844997178591502, "x7": -1.7764819516555328, "x8": 0.9486412260094854, "x9": 1.0087797088292485}, "datetime": {"datetime": "2025-05-19 06:01:09", "elapsed": 13098.565115, "delta": 22.377225}}
{"target": 37.4234803320818, "params": {"x0": 0.810293119128793, "x1": 3.045168752323207, "x2": 0.0638326395286168, "x3": 6.347835906451647, "x4": 9.891409668724442, "x5": 11.089290893080316, "x6": 10.844997178591502, "x7": -1.7764819516555328, "x8": 0.9486412260094854, "x9": 1.0087797088292485}, "datetime": {"datetime": "2025-05-19 06:01:30", "elapsed": 13119.690608, "delta": 21.125493}}
{"target": 37.4234803320818, "params": {"x0": 0.810293119128793, "x1": 3.045168752323207, "x2": 0.0638326395286168, "x3": 6.347835906451647, "x4": 9.891409668724442, "x5": 11.089290893080316, "x6": 10.844997178591502, "x7": -1.7764819516555328, "x8": 0.9486412260094854, "x9": 1.0087797088292485}, "datetime": {"datetime": "2025-05-19 06:01:51", "elapsed": 13140.755492, "delta": 21.064884}}
{"target": 37.4234803320818, "params": {"x0": 0.810293119128793, "x1": 3.045168752323207, "x2": 0.0638326395286168, "x3": 6.347835906451647, "x4": 9.891409668724442, "x5": 11.089290893080316, "x6": 10.844997178591502, "x7": -1.7764819516555328, "x8": 0.9486412260094854, "x9": 1.0087797088292485}, "datetime": {"datetime": "2025-05-19 06:02:13", "elapsed": 13161.842888, "delta": 21.087396}}
{"target": 37.4234803320818, "params": {"x0": 0.810293119128793, "x1": 3.045168752323207, "x2": 0.0638326395286168, "x3": 6.347835906451647, "x4": 9.891409668724442, "x5": 11.089290893080316, "x6": 10.844997178591502, "x7": -1.7764819516555328, "x8": 0.9486412260094854, "x9": 1.0087797088292485}, "datetime": {"datetime": "2025-05-19 06:02:35", "elapsed": 13184.35855, "delta": 22.515662}}
{"target": 37.4234803320818, "params": {"x0": 0.810293119128793, "x1": 3.045168752323207, "x2": 0.0638326395286168, "x3": 6.347835906451647, "x4": 9.891409668724442, "x5": 11.089290893080316, "x6": 10.844997178591502, "x7": -1.7764819516555328, "x8": 0.9486412260094854, "x9": 1.0087797088292485}, "datetime": {"datetime": "2025-05-19 06:02:57", "elapsed": 13206.718856, "delta": 22.360306}}
{"target": 37.4234803320818, "params": {"x0": 0.810293119128793, "x1": 3.045168752323207, "x2": 0.0638326395286168, "x3": 6.347835906451647, "x4": 9.891409668724442, "x5": 11.089290893080316, "x6": 10.844997178591502, "x7": -1.7764819516555328, "x8": 0.9486412260094854, "x9": 1.0087797088292485}, "datetime": {"datetime": "2025-05-19 06:03:18", "elapsed": 13227.594086, "delta": 20.87523}}
{"target": 37.4234803320818, "params": {"x0": 0.810293119128793, "x1": 3.045168752323207, "x2": 0.0638326395286168, "x3": 6.347835906451647, "x4": 9.891409668724442, "x5": 11.089290893080316, "x6": 10.844997178591502, "x7": -1.7764819516555328, "x8": 0.9486412260094854, "x9": 1.0087797088292485}, "datetime": {"datetime": "2025-05-19 06:03:41", "elapsed": 13250.667239, "delta": 23.073153}}
{"target": 37.4234803320818, "params": {"x0": 0.810293119128793, "x1": 3.045168752323207, "x2": 0.0638326395286168, "x3": 6.347835906451647, "x4": 9.891409668724442, "x5": 11.089290893080316, "x6": 10.844997178591502, "x7": -1.7764819516555328, "x8": 0.9486412260094854, "x9": 1.0087797088292485}, "datetime": {"datetime": "2025-05-19 06:04:02", "elapsed": 13271.47999, "delta": 20.812751}}
{"target": 37.4234803320818, "params": {"x0": 0.810293119128793, "x1": 3.045168752323207, "x2": 0.0638326395286168, "x3": 6.347835906451647, "x4": 9.891409668724442, "x5": 11.089290893080316, "x6": 10.844997178591502, "x7": -1.7764819516555328, "x8": 0.9486412260094854, "x9": 1.0087797088292485}, "datetime": {"datetime": "2025-05-19 06:04:25", "elapsed": 13294.177517, "delta": 22.697527}}
{"target": 37.4234803320818, "params": {"x0": 0.810293119128793, "x1": 3.045168752323207, "x2": 0.0638326395286168, "x3": 6.347835906451647, "x4": 9.891409668724442, "x5": 11.089290893080316, "x6": 10.844997178591502, "x7": -1.7764819516555328, "x8": 0.9486412260094854, "x9": 1.0087797088292485}, "datetime": {"datetime": "2025-05-19 06:04:47", "elapsed": 13316.360964, "delta": 22.183447}}
{"target": 37.4234803320818, "params": {"x0": 0.810293119128793, "x1": 3.045168752323207, "x2": 0.0638326395286168, "x3": 6.347835906451647, "x4": 9.891409668724442, "x5": 11.089290893080316, "x6": 10.844997178591502, "x7": -1.7764819516555328, "x8": 0.9486412260094854, "x9": 1.0087797088292485}, "datetime": {"datetime": "2025-05-19 06:05:10", "elapsed": 13338.880083, "delta": 22.519119}}
{"target": 37.4234803320818, "params": {"x0": 0.810293119128793, "x1": 3.045168752323207, "x2": 0.0638326395286168, "x3": 6.347835906451647, "x4": 9.891409668724442, "x5": 11.089290893080316, "x6": 10.844997178591502, "x7": -1.7764819516555328, "x8": 0.9486412260094854, "x9": 1.0087797088292485}, "datetime": {"datetime": "2025-05-19 06:05:32", "elapsed": 13361.616387, "delta": 22.736304}}
{"target": 37.4234803320818, "params": {"x0": 0.810293119128793, "x1": 3.045168752323207, "x2": 0.0638326395286168, "x3": 6.347835906451647, "x4": 9.891409668724442, "x5": 11.089290893080316, "x6": 10.844997178591502, "x7": -1.7764819516555328, "x8": 0.9486412260094854, "x9": 1.0087797088292485}, "datetime": {"datetime": "2025-05-19 06:05:56", "elapsed": 13385.186411, "delta": 23.570024}}
{"target": 37.4234803320818, "params": {"x0": 0.810293119128793, "x1": 3.045168752323207, "x2": 0.0638326395286168, "x3": 6.347835906451647, "x4": 9.891409668724442, "x5": 11.089290893080316, "x6": 10.844997178591502, "x7": -1.7764819516555328, "x8": 0.9486412260094854, "x9": 1.0087797088292485}, "datetime": {"datetime": "2025-05-19 06:06:19", "elapsed": 13408.003131, "delta": 22.81672}}
{"target": 37.4234803320818, "params": {"x0": 0.810293119128793, "x1": 3.045168752323207, "x2": 0.0638326395286168, "x3": 6.347835906451647, "x4": 9.891409668724442, "x5": 11.089290893080316, "x6": 10.844997178591502, "x7": -1.7764819516555328, "x8": 0.9486412260094854, "x9": 1.0087797088292485}, "datetime": {"datetime": "2025-05-19 06:06:44", "elapsed": 13432.820192, "delta": 24.817061}}
{"target": 37.4234803320818, "params": {"x0": 0.810293119128793, "x1": 3.045168752323207, "x2": 0.0638326395286168, "x3": 6.347835906451647, "x4": 9.891409668724442, "x5": 11.089290893080316, "x6": 10.844997178591502, "x7": -1.7764819516555328, "x8": 0.9486412260094854, "x9": 1.0087797088292485}, "datetime": {"datetime": "2025-05-19 06:07:07", "elapsed": 13455.974007, "delta": 23.153815}}
{"target": 37.4234803320818, "params": {"x0": 0.810293119128793, "x1": 3.045168752323207, "x2": 0.0638326395286168, "x3": 6.347835906451647, "x4": 9.891409668724442, "x5": 11.089290893080316, "x6": 10.844997178591502, "x7": -1.7764819516555328, "x8": 0.9486412260094854, "x9": 1.0087797088292485}, "datetime": {"datetime": "2025-05-19 06:07:29", "elapsed": 13478.101623, "delta": 22.127616}}
{"target": 37.4234803320818, "params": {"x0": 0.810293119128793, "x1": 3.045168752323207, "x2": 0.0638326395286168, "x3": 6.347835906451647, "x4": 9.891409668724442, "x5": 11.089290893080316, "x6": 10.844997178591502, "x7": -1.7764819516555328, "x8": 0.9486412260094854, "x9": 1.0087797088292485}, "datetime": {"datetime": "2025-05-19 06:07:52", "elapsed": 13501.442345, "delta": 23.340722}}
{"target": 37.4234803320818, "params": {"x0": 0.810293119128793, "x1": 3.045168752323207, "x2": 0.0638326395286168, "x3": 6.347835906451647, "x4": 9.891409668724442, "x5": 11.089290893080316, "x6": 10.844997178591502, "x7": -1.7764819516555328, "x8": 0.9486412260094854, "x9": 1.0087797088292485}, "datetime": {"datetime": "2025-05-19 06:08:18", "elapsed": 13527.512855, "delta": 26.07051}}
{"target": 37.4234803320818, "params": {"x0": 0.810293119128793, "x1": 3.045168752323207, "x2": 0.0638326395286168, "x3": 6.347835906451647, "x4": 9.891409668724442, "x5": 11.089290893080316, "x6": 10.844997178591502, "x7": -1.7764819516555328, "x8": 0.9486412260094854, "x9": 1.0087797088292485}, "datetime": {"datetime": "2025-05-19 06:08:41", "elapsed": 13550.694829, "delta": 23.181974}}
{"target": 37.4234803320818, "params": {"x0": 0.810293119128793, "x1": 3.045168752323207, "x2": 0.0638326395286168, "x3": 6.347835906451647, "x4": 9.891409668724442, "x5": 11.089290893080316, "x6": 10.844997178591502, "x7": -1.7764819516555328, "x8": 0.9486412260094854, "x9": 1.0087797088292485}, "datetime": {"datetime": "2025-05-19 06:09:06", "elapsed": 13575.098037, "delta": 24.403208}}
{"target": 37.4234803320818, "params": {"x0": 0.810293119128793, "x1": 3.045168752323207, "x2": 0.0638326395286168, "x3": 6.347835906451647, "x4": 9.891409668724442, "x5": 11.089290893080316, "x6": 10.844997178591502, "x7": -1.7764819516555328, "x8": 0.9486412260094854, "x9": 1.0087797088292485}, "datetime": {"datetime": "2025-05-19 06:09:30", "elapsed": 13599.295601, "delta": 24.197564}}
{"target": 37.4234803320818, "params": {"x0": 0.810293119128793, "x1": 3.045168752323207, "x2": 0.0638326395286168, "x3": 6.347835906451647, "x4": 9.891409668724442, "x5": 11.089290893080316, "x6": 10.844997178591502, "x7": -1.7764819516555328, "x8": 0.9486412260094854, "x9": 1.0087797088292485}, "datetime": {"datetime": "2025-05-19 06:09:55", "elapsed": 13624.423226, "delta": 25.127625}}
{"target": 37.4234803320818, "params": {"x0": 0.810293119128793, "x1": 3.045168752323207, "x2": 0.0638326395286168, "x3": 6.347835906451647, "x4": 9.891409668724442, "x5": 11.089290893080316, "x6": 10.844997178591502, "x7": -1.7764819516555328, "x8": 0.9486412260094854, "x9": 1.0087797088292485}, "datetime": {"datetime": "2025-05-19 06:10:21", "elapsed": 13650.491547, "delta": 26.068321}}
{"target": 37.4234803320818, "params": {"x0": 0.810293119128793, "x1": 3.045168752323207, "x2": 0.0638326395286168, "x3": 6.347835906451647, "x4": 9.891409668724442, "x5": 11.089290893080316, "x6": 10.844997178591502, "x7": -1.7764819516555328, "x8": 0.9486412260094854, "x9": 1.0087797088292485}, "datetime": {"datetime": "2025-05-19 06:10:45", "elapsed": 13674.57944, "delta": 24.087893}}
{"target": 37.4234803320818, "params": {"x0": 0.810293119128793, "x1": 3.045168752323207, "x2": 0.0638326395286168, "x3": 6.347835906451647, "x4": 9.891409668724442, "x5": 11.089290893080316, "x6": 10.844997178591502, "x7": -1.7764819516555328, "x8": 0.9486412260094854, "x9": 1.0087797088292485}, "datetime": {"datetime": "2025-05-19 06:11:09", "elapsed": 13697.947689, "delta": 23.368249}}
{"target": 37.4234803320818, "params": {"x0": 0.810293119128793, "x1": 3.045168752323207, "x2": 0.0638326395286168, "x3": 6.347835906451647, "x4": 9.891409668724442, "x5": 11.089290893080316, "x6": 10.844997178591502, "x7": -1.7764819516555328, "x8": 0.9486412260094854, "x9": 1.0087797088292485}, "datetime": {"datetime": "2025-05-19 06:11:31", "elapsed": 13720.159973, "delta": 22.212284}}
{"target": 37.4234803320818, "params": {"x0": 0.810293119128793, "x1": 3.045168752323207, "x2": 0.0638326395286168, "x3": 6.347835906451647, "x4": 9.891409668724442, "x5": 11.089290893080316, "x6": 10.844997178591502, "x7": -1.7764819516555328, "x8": 0.9486412260094854, "x9": 1.0087797088292485}, "datetime": {"datetime": "2025-05-19 06:11:54", "elapsed": 13742.810041, "delta": 22.650068}}
{"target": 37.4234803320818, "params": {"x0": 0.810293119128793, "x1": 3.045168752323207, "x2": 0.0638326395286168, "x3": 6.347835906451647, "x4": 9.891409668724442, "x5": 11.089290893080316, "x6": 10.844997178591502, "x7": -1.7764819516555328, "x8": 0.9486412260094854, "x9": 1.0087797088292485}, "datetime": {"datetime": "2025-05-19 06:12:16", "elapsed": 13765.200281, "delta": 22.39024}}
{"target": 37.4234803320818, "params": {"x0": 0.810293119128793, "x1": 3.045168752323207, "x2": 0.0638326395286168, "x3": 6.347835906451647, "x4": 9.891409668724442, "x5": 11.089290893080316, "x6": 10.844997178591502, "x7": -1.7764819516555328, "x8": 0.9486412260094854, "x9": 1.0087797088292485}, "datetime": {"datetime": "2025-05-19 06:12:37", "elapsed": 13786.45044, "delta": 21.250159}}
{"target": 37.4234803320818, "params": {"x0": 0.810293119128793, "x1": 3.045168752323207, "x2": 0.0638326395286168, "x3": 6.347835906451647, "x4": 9.891409668724442, "x5": 11.089290893080316, "x6": 10.844997178591502, "x7": -1.7764819516555328, "x8": 0.9486412260094854, "x9": 1.0087797088292485}, "datetime": {"datetime": "2025-05-19 06:12:58", "elapsed": 13807.361337, "delta": 20.910897}}
{"target": 37.4234803320818, "params": {"x0": 0.810293119128793, "x1": 3.045168752323207, "x2": 0.0638326395286168, "x3": 6.347835906451647, "x4": 9.891409668724442, "x5": 11.089290893080316, "x6": 10.844997178591502, "x7": -1.7764819516555328, "x8": 0.9486412260094854, "x9": 1.0087797088292485}, "datetime": {"datetime": "2025-05-19 06:13:19", "elapsed": 13828.153411, "delta": 20.792074}}
{"target": 37.4234803320818, "params": {"x0": 0.810293119128793, "x1": 3.045168752323207, "x2": 0.0638326395286168, "x3": 6.347835906451647, "x4": 9.891409668724442, "x5": 11.089290893080316, "x6": 10.844997178591502, "x7": -1.7764819516555328, "x8": 0.9486412260094854, "x9": 1.0087797088292485}, "datetime": {"datetime": "2025-05-19 06:13:40", "elapsed": 13849.681747, "delta": 21.528336}}
{"target": 37.4234803320818, "params": {"x0": 0.810293119128793, "x1": 3.045168752323207, "x2": 0.0638326395286168, "x3": 6.347835906451647, "x4": 9.891409668724442, "x5": 11.089290893080316, "x6": 10.844997178591502, "x7": -1.7764819516555328, "x8": 0.9486412260094854, "x9": 1.0087797088292485}, "datetime": {"datetime": "2025-05-19 06:14:00", "elapsed": 13869.539496, "delta": 19.857749}}
{"target": 37.4234803320818, "params": {"x0": 0.810293119128793, "x1": 3.045168752323207, "x2": 0.0638326395286168, "x3": 6.347835906451647, "x4": 9.891409668724442, "x5": 11.089290893080316, "x6": 10.844997178591502, "x7": -1.7764819516555328, "x8": 0.9486412260094854, "x9": 1.0087797088292485}, "datetime": {"datetime": "2025-05-19 06:14:25", "elapsed": 13894.307913, "delta": 24.768417}}
