{"target": 37.4234803320818, "params": {"x0": 0.810293119128793, "x1": 3.045168752323207, "x2": 0.0638326395286168, "x3": 6.347835906451647, "x4": 9.891409668724442, "x5": 11.089290893080316, "x6": 10.844997178591502, "x7": -1.7764819516555328, "x8": 0.9486412260094854, "x9": 1.0087797088292485}, "datetime": {"datetime": "2025-05-19 09:10:51", "elapsed": 24480.03718, "delta": 32.888243}}
{"target": 37.4234803320818, "params": {"x0": 0.810293119128793, "x1": 3.045168752323207, "x2": 0.0638326395286168, "x3": 6.347835906451647, "x4": 9.891409668724442, "x5": 11.089290893080316, "x6": 10.844997178591502, "x7": -1.7764819516555328, "x8": 0.9486412260094854, "x9": 1.0087797088292485}, "datetime": {"datetime": "2025-05-19 09:11:24", "elapsed": 24513.409483, "delta": 33.372303}}
{"target": 37.4234803320818, "params": {"x0": 0.810293119128793, "x1": 3.045168752323207, "x2": 0.0638326395286168, "x3": 6.347835906451647, "x4": 9.891409668724442, "x5": 11.089290893080316, "x6": 10.844997178591502, "x7": -1.7764819516555328, "x8": 0.9486412260094854, "x9": 1.0087797088292485}, "datetime": {"datetime": "2025-05-19 09:11:56", "elapsed": 24545.733296, "delta": 32.323813}}
{"target": 37.4234803320818, "params": {"x0": 0.810293119128793, "x1": 3.045168752323207, "x2": 0.0638326395286168, "x3": 6.347835906451647, "x4": 9.891409668724442, "x5": 11.089290893080316, "x6": 10.844997178591502, "x7": -1.7764819516555328, "x8": 0.9486412260094854, "x9": 1.0087797088292485}, "datetime": {"datetime": "2025-05-19 09:12:27", "elapsed": 24576.391822, "delta": 30.658526}}
{"target": 37.4234803320818, "params": {"x0": 0.810293119128793, "x1": 3.045168752323207, "x2": 0.0638326395286168, "x3": 6.347835906451647, "x4": 9.891409668724442, "x5": 11.089290893080316, "x6": 10.844997178591502, "x7": -1.7764819516555328, "x8": 0.9486412260094854, "x9": 1.0087797088292485}, "datetime": {"datetime": "2025-05-19 09:12:58", "elapsed": 24606.866162, "delta": 30.47434}}
{"target": 37.4234803320818, "params": {"x0": 0.810293119128793, "x1": 3.045168752323207, "x2": 0.0638326395286168, "x3": 6.347835906451647, "x4": 9.891409668724442, "x5": 11.089290893080316, "x6": 10.844997178591502, "x7": -1.7764819516555328, "x8": 0.9486412260094854, "x9": 1.0087797088292485}, "datetime": {"datetime": "2025-05-19 09:13:29", "elapsed": 24638.602172, "delta": 31.73601}}
{"target": 37.4234803320818, "params": {"x0": 0.810293119128793, "x1": 3.045168752323207, "x2": 0.0638326395286168, "x3": 6.347835906451647, "x4": 9.891409668724442, "x5": 11.089290893080316, "x6": 10.844997178591502, "x7": -1.7764819516555328, "x8": 0.9486412260094854, "x9": 1.0087797088292485}, "datetime": {"datetime": "2025-05-19 09:13:57", "elapsed": 24666.290865, "delta": 27.688693}}
{"target": 37.4234803320818, "params": {"x0": 0.810293119128793, "x1": 3.045168752323207, "x2": 0.0638326395286168, "x3": 6.347835906451647, "x4": 9.891409668724442, "x5": 11.089290893080316, "x6": 10.844997178591502, "x7": -1.7764819516555328, "x8": 0.9486412260094854, "x9": 1.0087797088292485}, "datetime": {"datetime": "2025-05-19 09:14:35", "elapsed": 24704.099457, "delta": 37.808592}}
{"target": 37.4234803320818, "params": {"x0": 0.810293119128793, "x1": 3.045168752323207, "x2": 0.0638326395286168, "x3": 6.347835906451647, "x4": 9.891409668724442, "x5": 11.089290893080316, "x6": 10.844997178591502, "x7": -1.7764819516555328, "x8": 0.9486412260094854, "x9": 1.0087797088292485}, "datetime": {"datetime": "2025-05-19 09:15:03", "elapsed": 24731.848265, "delta": 27.748808}}
{"target": 37.4234803320818, "params": {"x0": 0.810293119128793, "x1": 3.045168752323207, "x2": 0.0638326395286168, "x3": 6.347835906451647, "x4": 9.891409668724442, "x5": 11.089290893080316, "x6": 10.844997178591502, "x7": -1.7764819516555328, "x8": 0.9486412260094854, "x9": 1.0087797088292485}, "datetime": {"datetime": "2025-05-19 09:15:40", "elapsed": 24769.163505, "delta": 37.31524}}
{"target": 37.4234803320818, "params": {"x0": 0.810293119128793, "x1": 3.045168752323207, "x2": 0.0638326395286168, "x3": 6.347835906451647, "x4": 9.891409668724442, "x5": 11.089290893080316, "x6": 10.844997178591502, "x7": -1.7764819516555328, "x8": 0.9486412260094854, "x9": 1.0087797088292485}, "datetime": {"datetime": "2025-05-19 09:16:15", "elapsed": 24804.419327, "delta": 35.255822}}
{"target": 37.4234803320818, "params": {"x0": 0.810293119128793, "x1": 3.045168752323207, "x2": 0.0638326395286168, "x3": 6.347835906451647, "x4": 9.891409668724442, "x5": 11.089290893080316, "x6": 10.844997178591502, "x7": -1.7764819516555328, "x8": 0.9486412260094854, "x9": 1.0087797088292485}, "datetime": {"datetime": "2025-05-19 09:16:49", "elapsed": 24838.67092, "delta": 34.251593}}
{"target": 37.4234803320818, "params": {"x0": 0.810293119128793, "x1": 3.045168752323207, "x2": 0.0638326395286168, "x3": 6.347835906451647, "x4": 9.891409668724442, "x5": 11.089290893080316, "x6": 10.844997178591502, "x7": -1.7764819516555328, "x8": 0.9486412260094854, "x9": 1.0087797088292485}, "datetime": {"datetime": "2025-05-19 09:17:18", "elapsed": 24866.94388, "delta": 28.27296}}
{"target": 37.4234803320818, "params": {"x0": 0.810293119128793, "x1": 3.045168752323207, "x2": 0.0638326395286168, "x3": 6.347835906451647, "x4": 9.891409668724442, "x5": 11.089290893080316, "x6": 10.844997178591502, "x7": -1.7764819516555328, "x8": 0.9486412260094854, "x9": 1.0087797088292485}, "datetime": {"datetime": "2025-05-19 09:17:49", "elapsed": 24898.179216, "delta": 31.235336}}
{"target": 37.4234803320818, "params": {"x0": 0.810293119128793, "x1": 3.045168752323207, "x2": 0.0638326395286168, "x3": 6.347835906451647, "x4": 9.891409668724442, "x5": 11.089290893080316, "x6": 10.844997178591502, "x7": -1.7764819516555328, "x8": 0.9486412260094854, "x9": 1.0087797088292485}, "datetime": {"datetime": "2025-05-19 09:18:23", "elapsed": 24932.595219, "delta": 34.416003}}
{"target": 37.4234803320818, "params": {"x0": 0.810293119128793, "x1": 3.045168752323207, "x2": 0.0638326395286168, "x3": 6.347835906451647, "x4": 9.891409668724442, "x5": 11.089290893080316, "x6": 10.844997178591502, "x7": -1.7764819516555328, "x8": 0.9486412260094854, "x9": 1.0087797088292485}, "datetime": {"datetime": "2025-05-19 09:18:57", "elapsed": 24966.663195, "delta": 34.067976}}
{"target": 37.4234803320818, "params": {"x0": 0.810293119128793, "x1": 3.045168752323207, "x2": 0.0638326395286168, "x3": 6.347835906451647, "x4": 9.891409668724442, "x5": 11.089290893080316, "x6": 10.844997178591502, "x7": -1.7764819516555328, "x8": 0.9486412260094854, "x9": 1.0087797088292485}, "datetime": {"datetime": "2025-05-19 09:19:34", "elapsed": 25003.083019, "delta": 36.419824}}
{"target": 37.4234803320818, "params": {"x0": 0.810293119128793, "x1": 3.045168752323207, "x2": 0.0638326395286168, "x3": 6.347835906451647, "x4": 9.891409668724442, "x5": 11.089290893080316, "x6": 10.844997178591502, "x7": -1.7764819516555328, "x8": 0.9486412260094854, "x9": 1.0087797088292485}, "datetime": {"datetime": "2025-05-19 09:20:02", "elapsed": 25031.74409, "delta": 28.661071}}
{"target": 37.4234803320818, "params": {"x0": 0.810293119128793, "x1": 3.045168752323207, "x2": 0.0638326395286168, "x3": 6.347835906451647, "x4": 9.891409668724442, "x5": 11.089290893080316, "x6": 10.844997178591502, "x7": -1.7764819516555328, "x8": 0.9486412260094854, "x9": 1.0087797088292485}, "datetime": {"datetime": "2025-05-19 09:20:36", "elapsed": 25065.081804, "delta": 33.337714}}
{"target": 37.4234803320818, "params": {"x0": 0.810293119128793, "x1": 3.045168752323207, "x2": 0.0638326395286168, "x3": 6.347835906451647, "x4": 9.891409668724442, "x5": 11.089290893080316, "x6": 10.844997178591502, "x7": -1.7764819516555328, "x8": 0.9486412260094854, "x9": 1.0087797088292485}, "datetime": {"datetime": "2025-05-19 09:21:11", "elapsed": 25099.847751, "delta": 34.765947}}
{"target": 37.4234803320818, "params": {"x0": 0.810293119128793, "x1": 3.045168752323207, "x2": 0.0638326395286168, "x3": 6.347835906451647, "x4": 9.891409668724442, "x5": 11.089290893080316, "x6": 10.844997178591502, "x7": -1.7764819516555328, "x8": 0.9486412260094854, "x9": 1.0087797088292485}, "datetime": {"datetime": "2025-05-19 09:21:46", "elapsed": 25135.133407, "delta": 35.285656}}
{"target": 37.4234803320818, "params": {"x0": 0.810293119128793, "x1": 3.045168752323207, "x2": 0.0638326395286168, "x3": 6.347835906451647, "x4": 9.891409668724442, "x5": 11.089290893080316, "x6": 10.844997178591502, "x7": -1.7764819516555328, "x8": 0.9486412260094854, "x9": 1.0087797088292485}, "datetime": {"datetime": "2025-05-19 09:22:13", "elapsed": 25161.776453, "delta": 26.643046}}
{"target": 37.4234803320818, "params": {"x0": 0.810293119128793, "x1": 3.045168752323207, "x2": 0.0638326395286168, "x3": 6.347835906451647, "x4": 9.891409668724442, "x5": 11.089290893080316, "x6": 10.844997178591502, "x7": -1.7764819516555328, "x8": 0.9486412260094854, "x9": 1.0087797088292485}, "datetime": {"datetime": "2025-05-19 09:22:43", "elapsed": 25192.420615, "delta": 30.644162}}
{"target": 37.4234803320818, "params": {"x0": 0.810293119128793, "x1": 3.045168752323207, "x2": 0.0638326395286168, "x3": 6.347835906451647, "x4": 9.891409668724442, "x5": 11.089290893080316, "x6": 10.844997178591502, "x7": -1.7764819516555328, "x8": 0.9486412260094854, "x9": 1.0087797088292485}, "datetime": {"datetime": "2025-05-19 09:23:14", "elapsed": 25223.744652, "delta": 31.324037}}
{"target": 37.4234803320818, "params": {"x0": 0.810293119128793, "x1": 3.045168752323207, "x2": 0.0638326395286168, "x3": 6.347835906451647, "x4": 9.891409668724442, "x5": 11.089290893080316, "x6": 10.844997178591502, "x7": -1.7764819516555328, "x8": 0.9486412260094854, "x9": 1.0087797088292485}, "datetime": {"datetime": "2025-05-19 09:23:43", "elapsed": 25251.876679, "delta": 28.132027}}
{"target": 37.4234803320818, "params": {"x0": 0.810293119128793, "x1": 3.045168752323207, "x2": 0.0638326395286168, "x3": 6.347835906451647, "x4": 9.891409668724442, "x5": 11.089290893080316, "x6": 10.844997178591502, "x7": -1.7764819516555328, "x8": 0.9486412260094854, "x9": 1.0087797088292485}, "datetime": {"datetime": "2025-05-19 09:24:13", "elapsed": 25282.339809, "delta": 30.46313}}
{"target": 37.4234803320818, "params": {"x0": 0.810293119128793, "x1": 3.045168752323207, "x2": 0.0638326395286168, "x3": 6.347835906451647, "x4": 9.891409668724442, "x5": 11.089290893080316, "x6": 10.844997178591502, "x7": -1.7764819516555328, "x8": 0.9486412260094854, "x9": 1.0087797088292485}, "datetime": {"datetime": "2025-05-19 09:24:45", "elapsed": 25314.492678, "delta": 32.152869}}
{"target": 37.4234803320818, "params": {"x0": 0.810293119128793, "x1": 3.045168752323207, "x2": 0.0638326395286168, "x3": 6.347835906451647, "x4": 9.891409668724442, "x5": 11.089290893080316, "x6": 10.844997178591502, "x7": -1.7764819516555328, "x8": 0.9486412260094854, "x9": 1.0087797088292485}, "datetime": {"datetime": "2025-05-19 09:25:14", "elapsed": 25343.249596, "delta": 28.756918}}
{"target": 37.4234803320818, "params": {"x0": 0.810293119128793, "x1": 3.045168752323207, "x2": 0.0638326395286168, "x3": 6.347835906451647, "x4": 9.891409668724442, "x5": 11.089290893080316, "x6": 10.844997178591502, "x7": -1.7764819516555328, "x8": 0.9486412260094854, "x9": 1.0087797088292485}, "datetime": {"datetime": "2025-05-19 09:25:47", "elapsed": 25376.38336, "delta": 33.133764}}
{"target": 37.4234803320818, "params": {"x0": 0.810293119128793, "x1": 3.045168752323207, "x2": 0.0638326395286168, "x3": 6.347835906451647, "x4": 9.891409668724442, "x5": 11.089290893080316, "x6": 10.844997178591502, "x7": -1.7764819516555328, "x8": 0.9486412260094854, "x9": 1.0087797088292485}, "datetime": {"datetime": "2025-05-19 09:26:19", "elapsed": 25408.05928, "delta": 31.67592}}
{"target": 37.4234803320818, "params": {"x0": 0.810293119128793, "x1": 3.045168752323207, "x2": 0.0638326395286168, "x3": 6.347835906451647, "x4": 9.891409668724442, "x5": 11.089290893080316, "x6": 10.844997178591502, "x7": -1.7764819516555328, "x8": 0.9486412260094854, "x9": 1.0087797088292485}, "datetime": {"datetime": "2025-05-19 09:26:54", "elapsed": 25442.76183, "delta": 34.70255}}
{"target": 37.4234803320818, "params": {"x0": 0.810293119128793, "x1": 3.045168752323207, "x2": 0.0638326395286168, "x3": 6.347835906451647, "x4": 9.891409668724442, "x5": 11.089290893080316, "x6": 10.844997178591502, "x7": -1.7764819516555328, "x8": 0.9486412260094854, "x9": 1.0087797088292485}, "datetime": {"datetime": "2025-05-19 09:27:26", "elapsed": 25475.142634, "delta": 32.380804}}
{"target": 37.4234803320818, "params": {"x0": 0.810293119128793, "x1": 3.045168752323207, "x2": 0.0638326395286168, "x3": 6.347835906451647, "x4": 9.891409668724442, "x5": 11.089290893080316, "x6": 10.844997178591502, "x7": -1.7764819516555328, "x8": 0.9486412260094854, "x9": 1.0087797088292485}, "datetime": {"datetime": "2025-05-19 09:27:54", "elapsed": 25502.833626, "delta": 27.690992}}
{"target": 37.4234803320818, "params": {"x0": 0.810293119128793, "x1": 3.045168752323207, "x2": 0.0638326395286168, "x3": 6.347835906451647, "x4": 9.891409668724442, "x5": 11.089290893080316, "x6": 10.844997178591502, "x7": -1.7764819516555328, "x8": 0.9486412260094854, "x9": 1.0087797088292485}, "datetime": {"datetime": "2025-05-19 09:28:29", "elapsed": 25538.400824, "delta": 35.567198}}
{"target": 37.4234803320818, "params": {"x0": 0.810293119128793, "x1": 3.045168752323207, "x2": 0.0638326395286168, "x3": 6.347835906451647, "x4": 9.891409668724442, "x5": 11.089290893080316, "x6": 10.844997178591502, "x7": -1.7764819516555328, "x8": 0.9486412260094854, "x9": 1.0087797088292485}, "datetime": {"datetime": "2025-05-19 09:29:04", "elapsed": 25572.953489, "delta": 34.552665}}
{"target": 37.4234803320818, "params": {"x0": 0.810293119128793, "x1": 3.045168752323207, "x2": 0.0638326395286168, "x3": 6.347835906451647, "x4": 9.891409668724442, "x5": 11.089290893080316, "x6": 10.844997178591502, "x7": -1.7764819516555328, "x8": 0.9486412260094854, "x9": 1.0087797088292485}, "datetime": {"datetime": "2025-05-19 09:29:39", "elapsed": 25608.212249, "delta": 35.25876}}
{"target": 37.4234803320818, "params": {"x0": 0.810293119128793, "x1": 3.045168752323207, "x2": 0.0638326395286168, "x3": 6.347835906451647, "x4": 9.891409668724442, "x5": 11.089290893080316, "x6": 10.844997178591502, "x7": -1.7764819516555328, "x8": 0.9486412260094854, "x9": 1.0087797088292485}, "datetime": {"datetime": "2025-05-19 09:30:06", "elapsed": 25635.243202, "delta": 27.030953}}
{"target": 37.4234803320818, "params": {"x0": 0.810293119128793, "x1": 3.045168752323207, "x2": 0.0638326395286168, "x3": 6.347835906451647, "x4": 9.891409668724442, "x5": 11.089290893080316, "x6": 10.844997178591502, "x7": -1.7764819516555328, "x8": 0.9486412260094854, "x9": 1.0087797088292485}, "datetime": {"datetime": "2025-05-19 09:30:39", "elapsed": 25668.310783, "delta": 33.067581}}
{"target": 37.4234803320818, "params": {"x0": 0.810293119128793, "x1": 3.045168752323207, "x2": 0.0638326395286168, "x3": 6.347835906451647, "x4": 9.891409668724442, "x5": 11.089290893080316, "x6": 10.844997178591502, "x7": -1.7764819516555328, "x8": 0.9486412260094854, "x9": 1.0087797088292485}, "datetime": {"datetime": "2025-05-19 09:31:17", "elapsed": 25706.285519, "delta": 37.974736}}
{"target": 37.4234803320818, "params": {"x0": 0.810293119128793, "x1": 3.045168752323207, "x2": 0.0638326395286168, "x3": 6.347835906451647, "x4": 9.891409668724442, "x5": 11.089290893080316, "x6": 10.844997178591502, "x7": -1.7764819516555328, "x8": 0.9486412260094854, "x9": 1.0087797088292485}, "datetime": {"datetime": "2025-05-19 09:31:51", "elapsed": 25739.818869, "delta": 33.53335}}
{"target": 37.4234803320818, "params": {"x0": 0.810293119128793, "x1": 3.045168752323207, "x2": 0.0638326395286168, "x3": 6.347835906451647, "x4": 9.891409668724442, "x5": 11.089290893080316, "x6": 10.844997178591502, "x7": -1.7764819516555328, "x8": 0.9486412260094854, "x9": 1.0087797088292485}, "datetime": {"datetime": "2025-05-19 09:32:22", "elapsed": 25771.552302, "delta": 31.733433}}
{"target": 37.4234803320818, "params": {"x0": 0.810293119128793, "x1": 3.045168752323207, "x2": 0.0638326395286168, "x3": 6.347835906451647, "x4": 9.891409668724442, "x5": 11.089290893080316, "x6": 10.844997178591502, "x7": -1.7764819516555328, "x8": 0.9486412260094854, "x9": 1.0087797088292485}, "datetime": {"datetime": "2025-05-19 09:32:49", "elapsed": 25798.00109, "delta": 26.448788}}
{"target": 37.4234803320818, "params": {"x0": 0.810293119128793, "x1": 3.045168752323207, "x2": 0.0638326395286168, "x3": 6.347835906451647, "x4": 9.891409668724442, "x5": 11.089290893080316, "x6": 10.844997178591502, "x7": -1.7764819516555328, "x8": 0.9486412260094854, "x9": 1.0087797088292485}, "datetime": {"datetime": "2025-05-19 09:33:24", "elapsed": 25832.899925, "delta": 34.898835}}
{"target": 37.4234803320818, "params": {"x0": 0.810293119128793, "x1": 3.045168752323207, "x2": 0.0638326395286168, "x3": 6.347835906451647, "x4": 9.891409668724442, "x5": 11.089290893080316, "x6": 10.844997178591502, "x7": -1.7764819516555328, "x8": 0.9486412260094854, "x9": 1.0087797088292485}, "datetime": {"datetime": "2025-05-19 09:33:58", "elapsed": 25867.538233, "delta": 34.638308}}
{"target": 37.4234803320818, "params": {"x0": 0.810293119128793, "x1": 3.045168752323207, "x2": 0.0638326395286168, "x3": 6.347835906451647, "x4": 9.891409668724442, "x5": 11.089290893080316, "x6": 10.844997178591502, "x7": -1.7764819516555328, "x8": 0.9486412260094854, "x9": 1.0087797088292485}, "datetime": {"datetime": "2025-05-19 09:34:26", "elapsed": 25895.088072, "delta": 27.549839}}
{"target": 37.4234803320818, "params": {"x0": 0.810293119128793, "x1": 3.045168752323207, "x2": 0.0638326395286168, "x3": 6.347835906451647, "x4": 9.891409668724442, "x5": 11.089290893080316, "x6": 10.844997178591502, "x7": -1.7764819516555328, "x8": 0.9486412260094854, "x9": 1.0087797088292485}, "datetime": {"datetime": "2025-05-19 09:34:59", "elapsed": 25928.580677, "delta": 33.492605}}
{"target": 37.4234803320818, "params": {"x0": 0.810293119128793, "x1": 3.045168752323207, "x2": 0.0638326395286168, "x3": 6.347835906451647, "x4": 9.891409668724442, "x5": 11.089290893080316, "x6": 10.844997178591502, "x7": -1.7764819516555328, "x8": 0.9486412260094854, "x9": 1.0087797088292485}, "datetime": {"datetime": "2025-05-19 09:35:36", "elapsed": 25965.353454, "delta": 36.772777}}
{"target": 37.4234803320818, "params": {"x0": 0.810293119128793, "x1": 3.045168752323207, "x2": 0.0638326395286168, "x3": 6.347835906451647, "x4": 9.891409668724442, "x5": 11.089290893080316, "x6": 10.844997178591502, "x7": -1.7764819516555328, "x8": 0.9486412260094854, "x9": 1.0087797088292485}, "datetime": {"datetime": "2025-05-19 09:36:16", "elapsed": 26005.135935, "delta": 39.782481}}
{"target": 37.4234803320818, "params": {"x0": 0.810293119128793, "x1": 3.045168752323207, "x2": 0.0638326395286168, "x3": 6.347835906451647, "x4": 9.891409668724442, "x5": 11.089290893080316, "x6": 10.844997178591502, "x7": -1.7764819516555328, "x8": 0.9486412260094854, "x9": 1.0087797088292485}, "datetime": {"datetime": "2025-05-19 09:37:05", "elapsed": 26054.376133, "delta": 49.240198}}
{"target": 37.4234803320818, "params": {"x0": 0.810293119128793, "x1": 3.045168752323207, "x2": 0.0638326395286168, "x3": 6.347835906451647, "x4": 9.891409668724442, "x5": 11.089290893080316, "x6": 10.844997178591502, "x7": -1.7764819516555328, "x8": 0.9486412260094854, "x9": 1.0087797088292485}, "datetime": {"datetime": "2025-05-19 09:37:39", "elapsed": 26088.686511, "delta": 34.310378}}
{"target": 37.4234803320818, "params": {"x0": 0.810293119128793, "x1": 3.045168752323207, "x2": 0.0638326395286168, "x3": 6.347835906451647, "x4": 9.891409668724442, "x5": 11.089290893080316, "x6": 10.844997178591502, "x7": -1.7764819516555328, "x8": 0.9486412260094854, "x9": 1.0087797088292485}, "datetime": {"datetime": "2025-05-19 09:38:18", "elapsed": 26127.643549, "delta": 38.957038}}
{"target": 37.4234803320818, "params": {"x0": 0.810293119128793, "x1": 3.045168752323207, "x2": 0.0638326395286168, "x3": 6.347835906451647, "x4": 9.891409668724442, "x5": 11.089290893080316, "x6": 10.844997178591502, "x7": -1.7764819516555328, "x8": 0.9486412260094854, "x9": 1.0087797088292485}, "datetime": {"datetime": "2025-05-19 09:38:46", "elapsed": 26154.968385, "delta": 27.324836}}
{"target": 37.4234803320818, "params": {"x0": 0.810293119128793, "x1": 3.045168752323207, "x2": 0.0638326395286168, "x3": 6.347835906451647, "x4": 9.891409668724442, "x5": 11.089290893080316, "x6": 10.844997178591502, "x7": -1.7764819516555328, "x8": 0.9486412260094854, "x9": 1.0087797088292485}, "datetime": {"datetime": "2025-05-19 09:39:22", "elapsed": 26191.733156, "delta": 36.764771}}
{"target": 37.4234803320818, "params": {"x0": 0.810293119128793, "x1": 3.045168752323207, "x2": 0.0638326395286168, "x3": 6.347835906451647, "x4": 9.891409668724442, "x5": 11.089290893080316, "x6": 10.844997178591502, "x7": -1.7764819516555328, "x8": 0.9486412260094854, "x9": 1.0087797088292485}, "datetime": {"datetime": "2025-05-19 09:40:02", "elapsed": 26230.771944, "delta": 39.038788}}
{"target": 37.4234803320818, "params": {"x0": 0.810293119128793, "x1": 3.045168752323207, "x2": 0.0638326395286168, "x3": 6.347835906451647, "x4": 9.891409668724442, "x5": 11.089290893080316, "x6": 10.844997178591502, "x7": -1.7764819516555328, "x8": 0.9486412260094854, "x9": 1.0087797088292485}, "datetime": {"datetime": "2025-05-19 09:40:36", "elapsed": 26265.342744, "delta": 34.5708}}
{"target": 37.4234803320818, "params": {"x0": 0.810293119128793, "x1": 3.045168752323207, "x2": 0.0638326395286168, "x3": 6.347835906451647, "x4": 9.891409668724442, "x5": 11.089290893080316, "x6": 10.844997178591502, "x7": -1.7764819516555328, "x8": 0.9486412260094854, "x9": 1.0087797088292485}, "datetime": {"datetime": "2025-05-19 09:41:12", "elapsed": 26300.916023, "delta": 35.573279}}
