{"target": 37.4234803320818, "params": {"x0": 0.810293119128793, "x1": 3.045168752323207, "x2": 0.0638326395286168, "x3": 6.347835906451647, "x4": 9.891409668724442, "x5": 11.089290893080316, "x6": 10.844997178591502, "x7": -1.7764819516555328, "x8": 0.9486412260094854, "x9": 1.0087797088292485}, "datetime": {"datetime": "2025-05-19 06:14:51", "elapsed": 13920.731865, "delta": 26.423952}}
{"target": 37.4234803320818, "params": {"x0": 0.810293119128793, "x1": 3.045168752323207, "x2": 0.0638326395286168, "x3": 6.347835906451647, "x4": 9.891409668724442, "x5": 11.089290893080316, "x6": 10.844997178591502, "x7": -1.7764819516555328, "x8": 0.9486412260094854, "x9": 1.0087797088292485}, "datetime": {"datetime": "2025-05-19 06:15:13", "elapsed": 13942.721689, "delta": 21.989824}}
{"target": 37.4234803320818, "params": {"x0": 0.810293119128793, "x1": 3.045168752323207, "x2": 0.0638326395286168, "x3": 6.347835906451647, "x4": 9.891409668724442, "x5": 11.089290893080316, "x6": 10.844997178591502, "x7": -1.7764819516555328, "x8": 0.9486412260094854, "x9": 1.0087797088292485}, "datetime": {"datetime": "2025-05-19 06:15:35", "elapsed": 13964.530823, "delta": 21.809134}}
{"target": 37.4234803320818, "params": {"x0": 0.810293119128793, "x1": 3.045168752323207, "x2": 0.0638326395286168, "x3": 6.347835906451647, "x4": 9.891409668724442, "x5": 11.089290893080316, "x6": 10.844997178591502, "x7": -1.7764819516555328, "x8": 0.9486412260094854, "x9": 1.0087797088292485}, "datetime": {"datetime": "2025-05-19 06:16:00", "elapsed": 13989.045603, "delta": 24.51478}}
{"target": 37.4234803320818, "params": {"x0": 0.810293119128793, "x1": 3.045168752323207, "x2": 0.0638326395286168, "x3": 6.347835906451647, "x4": 9.891409668724442, "x5": 11.089290893080316, "x6": 10.844997178591502, "x7": -1.7764819516555328, "x8": 0.9486412260094854, "x9": 1.0087797088292485}, "datetime": {"datetime": "2025-05-19 06:16:23", "elapsed": 14012.000788, "delta": 22.955185}}
{"target": 37.4234803320818, "params": {"x0": 0.810293119128793, "x1": 3.045168752323207, "x2": 0.0638326395286168, "x3": 6.347835906451647, "x4": 9.891409668724442, "x5": 11.089290893080316, "x6": 10.844997178591502, "x7": -1.7764819516555328, "x8": 0.9486412260094854, "x9": 1.0087797088292485}, "datetime": {"datetime": "2025-05-19 06:16:46", "elapsed": 14035.000284, "delta": 22.999496}}
{"target": 37.4234803320818, "params": {"x0": 0.810293119128793, "x1": 3.045168752323207, "x2": 0.0638326395286168, "x3": 6.347835906451647, "x4": 9.891409668724442, "x5": 11.089290893080316, "x6": 10.844997178591502, "x7": -1.7764819516555328, "x8": 0.9486412260094854, "x9": 1.0087797088292485}, "datetime": {"datetime": "2025-05-19 06:17:07", "elapsed": 14056.017312, "delta": 21.017028}}
{"target": 37.4234803320818, "params": {"x0": 0.810293119128793, "x1": 3.045168752323207, "x2": 0.0638326395286168, "x3": 6.347835906451647, "x4": 9.891409668724442, "x5": 11.089290893080316, "x6": 10.844997178591502, "x7": -1.7764819516555328, "x8": 0.9486412260094854, "x9": 1.0087797088292485}, "datetime": {"datetime": "2025-05-19 06:17:29", "elapsed": 14077.984314, "delta": 21.967002}}
{"target": 37.4234803320818, "params": {"x0": 0.810293119128793, "x1": 3.045168752323207, "x2": 0.0638326395286168, "x3": 6.347835906451647, "x4": 9.891409668724442, "x5": 11.089290893080316, "x6": 10.844997178591502, "x7": -1.7764819516555328, "x8": 0.9486412260094854, "x9": 1.0087797088292485}, "datetime": {"datetime": "2025-05-19 06:17:51", "elapsed": 14100.021092, "delta": 22.036778}}
{"target": 37.4234803320818, "params": {"x0": 0.810293119128793, "x1": 3.045168752323207, "x2": 0.0638326395286168, "x3": 6.347835906451647, "x4": 9.891409668724442, "x5": 11.089290893080316, "x6": 10.844997178591502, "x7": -1.7764819516555328, "x8": 0.9486412260094854, "x9": 1.0087797088292485}, "datetime": {"datetime": "2025-05-19 06:18:14", "elapsed": 14122.840114, "delta": 22.819022}}
{"target": 37.4234803320818, "params": {"x0": 0.810293119128793, "x1": 3.045168752323207, "x2": 0.0638326395286168, "x3": 6.347835906451647, "x4": 9.891409668724442, "x5": 11.089290893080316, "x6": 10.844997178591502, "x7": -1.7764819516555328, "x8": 0.9486412260094854, "x9": 1.0087797088292485}, "datetime": {"datetime": "2025-05-19 06:18:35", "elapsed": 14144.618781, "delta": 21.778667}}
{"target": 37.4234803320818, "params": {"x0": 0.810293119128793, "x1": 3.045168752323207, "x2": 0.0638326395286168, "x3": 6.347835906451647, "x4": 9.891409668724442, "x5": 11.089290893080316, "x6": 10.844997178591502, "x7": -1.7764819516555328, "x8": 0.9486412260094854, "x9": 1.0087797088292485}, "datetime": {"datetime": "2025-05-19 06:19:00", "elapsed": 14168.775563, "delta": 24.156782}}
{"target": 37.4234803320818, "params": {"x0": 0.810293119128793, "x1": 3.045168752323207, "x2": 0.0638326395286168, "x3": 6.347835906451647, "x4": 9.891409668724442, "x5": 11.089290893080316, "x6": 10.844997178591502, "x7": -1.7764819516555328, "x8": 0.9486412260094854, "x9": 1.0087797088292485}, "datetime": {"datetime": "2025-05-19 06:19:22", "elapsed": 14191.038961, "delta": 22.263398}}
{"target": 37.4234803320818, "params": {"x0": 0.810293119128793, "x1": 3.045168752323207, "x2": 0.0638326395286168, "x3": 6.347835906451647, "x4": 9.891409668724442, "x5": 11.089290893080316, "x6": 10.844997178591502, "x7": -1.7764819516555328, "x8": 0.9486412260094854, "x9": 1.0087797088292485}, "datetime": {"datetime": "2025-05-19 06:19:44", "elapsed": 14213.240351, "delta": 22.20139}}
{"target": 37.4234803320818, "params": {"x0": 0.810293119128793, "x1": 3.045168752323207, "x2": 0.0638326395286168, "x3": 6.347835906451647, "x4": 9.891409668724442, "x5": 11.089290893080316, "x6": 10.844997178591502, "x7": -1.7764819516555328, "x8": 0.9486412260094854, "x9": 1.0087797088292485}, "datetime": {"datetime": "2025-05-19 06:20:07", "elapsed": 14235.86563, "delta": 22.625279}}
{"target": 37.4234803320818, "params": {"x0": 0.810293119128793, "x1": 3.045168752323207, "x2": 0.0638326395286168, "x3": 6.347835906451647, "x4": 9.891409668724442, "x5": 11.089290893080316, "x6": 10.844997178591502, "x7": -1.7764819516555328, "x8": 0.9486412260094854, "x9": 1.0087797088292485}, "datetime": {"datetime": "2025-05-19 06:20:29", "elapsed": 14258.708241, "delta": 22.842611}}
{"target": 37.4234803320818, "params": {"x0": 0.810293119128793, "x1": 3.045168752323207, "x2": 0.0638326395286168, "x3": 6.347835906451647, "x4": 9.891409668724442, "x5": 11.089290893080316, "x6": 10.844997178591502, "x7": -1.7764819516555328, "x8": 0.9486412260094854, "x9": 1.0087797088292485}, "datetime": {"datetime": "2025-05-19 06:20:52", "elapsed": 14280.898274, "delta": 22.190033}}
{"target": 37.4234803320818, "params": {"x0": 0.810293119128793, "x1": 3.045168752323207, "x2": 0.0638326395286168, "x3": 6.347835906451647, "x4": 9.891409668724442, "x5": 11.089290893080316, "x6": 10.844997178591502, "x7": -1.7764819516555328, "x8": 0.9486412260094854, "x9": 1.0087797088292485}, "datetime": {"datetime": "2025-05-19 06:21:15", "elapsed": 14304.200428, "delta": 23.302154}}
{"target": 37.4234803320818, "params": {"x0": 0.810293119128793, "x1": 3.045168752323207, "x2": 0.0638326395286168, "x3": 6.347835906451647, "x4": 9.891409668724442, "x5": 11.089290893080316, "x6": 10.844997178591502, "x7": -1.7764819516555328, "x8": 0.9486412260094854, "x9": 1.0087797088292485}, "datetime": {"datetime": "2025-05-19 06:21:38", "elapsed": 14327.428824, "delta": 23.228396}}
{"target": 37.4234803320818, "params": {"x0": 0.810293119128793, "x1": 3.045168752323207, "x2": 0.0638326395286168, "x3": 6.347835906451647, "x4": 9.891409668724442, "x5": 11.089290893080316, "x6": 10.844997178591502, "x7": -1.7764819516555328, "x8": 0.9486412260094854, "x9": 1.0087797088292485}, "datetime": {"datetime": "2025-05-19 06:22:04", "elapsed": 14353.666697, "delta": 26.237873}}
{"target": 37.4234803320818, "params": {"x0": 0.810293119128793, "x1": 3.045168752323207, "x2": 0.0638326395286168, "x3": 6.347835906451647, "x4": 9.891409668724442, "x5": 11.089290893080316, "x6": 10.844997178591502, "x7": -1.7764819516555328, "x8": 0.9486412260094854, "x9": 1.0087797088292485}, "datetime": {"datetime": "2025-05-19 06:22:29", "elapsed": 14378.497362, "delta": 24.830665}}
{"target": 37.4234803320818, "params": {"x0": 0.810293119128793, "x1": 3.045168752323207, "x2": 0.0638326395286168, "x3": 6.347835906451647, "x4": 9.891409668724442, "x5": 11.089290893080316, "x6": 10.844997178591502, "x7": -1.7764819516555328, "x8": 0.9486412260094854, "x9": 1.0087797088292485}, "datetime": {"datetime": "2025-05-19 06:22:54", "elapsed": 14402.883128, "delta": 24.385766}}
{"target": 37.4234803320818, "params": {"x0": 0.810293119128793, "x1": 3.045168752323207, "x2": 0.0638326395286168, "x3": 6.347835906451647, "x4": 9.891409668724442, "x5": 11.089290893080316, "x6": 10.844997178591502, "x7": -1.7764819516555328, "x8": 0.9486412260094854, "x9": 1.0087797088292485}, "datetime": {"datetime": "2025-05-19 06:23:18", "elapsed": 14427.226104, "delta": 24.342976}}
{"target": 37.4234803320818, "params": {"x0": 0.810293119128793, "x1": 3.045168752323207, "x2": 0.0638326395286168, "x3": 6.347835906451647, "x4": 9.891409668724442, "x5": 11.089290893080316, "x6": 10.844997178591502, "x7": -1.7764819516555328, "x8": 0.9486412260094854, "x9": 1.0087797088292485}, "datetime": {"datetime": "2025-05-19 06:23:39", "elapsed": 14448.061736, "delta": 20.835632}}
{"target": 37.4234803320818, "params": {"x0": 0.810293119128793, "x1": 3.045168752323207, "x2": 0.0638326395286168, "x3": 6.347835906451647, "x4": 9.891409668724442, "x5": 11.089290893080316, "x6": 10.844997178591502, "x7": -1.7764819516555328, "x8": 0.9486412260094854, "x9": 1.0087797088292485}, "datetime": {"datetime": "2025-05-19 06:24:00", "elapsed": 14469.597863, "delta": 21.536127}}
{"target": 37.4234803320818, "params": {"x0": 0.810293119128793, "x1": 3.045168752323207, "x2": 0.0638326395286168, "x3": 6.347835906451647, "x4": 9.891409668724442, "x5": 11.089290893080316, "x6": 10.844997178591502, "x7": -1.7764819516555328, "x8": 0.9486412260094854, "x9": 1.0087797088292485}, "datetime": {"datetime": "2025-05-19 06:24:22", "elapsed": 14490.796079, "delta": 21.198216}}
{"target": 37.4234803320818, "params": {"x0": 0.810293119128793, "x1": 3.045168752323207, "x2": 0.0638326395286168, "x3": 6.347835906451647, "x4": 9.891409668724442, "x5": 11.089290893080316, "x6": 10.844997178591502, "x7": -1.7764819516555328, "x8": 0.9486412260094854, "x9": 1.0087797088292485}, "datetime": {"datetime": "2025-05-19 06:24:44", "elapsed": 14513.144294, "delta": 22.348215}}
{"target": 37.4234803320818, "params": {"x0": 0.810293119128793, "x1": 3.045168752323207, "x2": 0.0638326395286168, "x3": 6.347835906451647, "x4": 9.891409668724442, "x5": 11.089290893080316, "x6": 10.844997178591502, "x7": -1.7764819516555328, "x8": 0.9486412260094854, "x9": 1.0087797088292485}, "datetime": {"datetime": "2025-05-19 06:25:07", "elapsed": 14536.395959, "delta": 23.251665}}
{"target": 37.4234803320818, "params": {"x0": 0.810293119128793, "x1": 3.045168752323207, "x2": 0.0638326395286168, "x3": 6.347835906451647, "x4": 9.891409668724442, "x5": 11.089290893080316, "x6": 10.844997178591502, "x7": -1.7764819516555328, "x8": 0.9486412260094854, "x9": 1.0087797088292485}, "datetime": {"datetime": "2025-05-19 06:25:30", "elapsed": 14559.371717, "delta": 22.975758}}
{"target": 37.4234803320818, "params": {"x0": 0.810293119128793, "x1": 3.045168752323207, "x2": 0.0638326395286168, "x3": 6.347835906451647, "x4": 9.891409668724442, "x5": 11.089290893080316, "x6": 10.844997178591502, "x7": -1.7764819516555328, "x8": 0.9486412260094854, "x9": 1.0087797088292485}, "datetime": {"datetime": "2025-05-19 06:25:53", "elapsed": 14582.533324, "delta": 23.161607}}
{"target": 37.4234803320818, "params": {"x0": 0.810293119128793, "x1": 3.045168752323207, "x2": 0.0638326395286168, "x3": 6.347835906451647, "x4": 9.891409668724442, "x5": 11.089290893080316, "x6": 10.844997178591502, "x7": -1.7764819516555328, "x8": 0.9486412260094854, "x9": 1.0087797088292485}, "datetime": {"datetime": "2025-05-19 06:26:16", "elapsed": 14605.24742, "delta": 22.714096}}
{"target": 37.4234803320818, "params": {"x0": 0.810293119128793, "x1": 3.045168752323207, "x2": 0.0638326395286168, "x3": 6.347835906451647, "x4": 9.891409668724442, "x5": 11.089290893080316, "x6": 10.844997178591502, "x7": -1.7764819516555328, "x8": 0.9486412260094854, "x9": 1.0087797088292485}, "datetime": {"datetime": "2025-05-19 06:26:42", "elapsed": 14630.803513, "delta": 25.556093}}
{"target": 37.4234803320818, "params": {"x0": 0.810293119128793, "x1": 3.045168752323207, "x2": 0.0638326395286168, "x3": 6.347835906451647, "x4": 9.891409668724442, "x5": 11.089290893080316, "x6": 10.844997178591502, "x7": -1.7764819516555328, "x8": 0.9486412260094854, "x9": 1.0087797088292485}, "datetime": {"datetime": "2025-05-19 06:27:04", "elapsed": 14652.873023, "delta": 22.06951}}
{"target": 37.4234803320818, "params": {"x0": 0.810293119128793, "x1": 3.045168752323207, "x2": 0.0638326395286168, "x3": 6.347835906451647, "x4": 9.891409668724442, "x5": 11.089290893080316, "x6": 10.844997178591502, "x7": -1.7764819516555328, "x8": 0.9486412260094854, "x9": 1.0087797088292485}, "datetime": {"datetime": "2025-05-19 06:27:26", "elapsed": 14675.348825, "delta": 22.475802}}
{"target": 37.4234803320818, "params": {"x0": 0.810293119128793, "x1": 3.045168752323207, "x2": 0.0638326395286168, "x3": 6.347835906451647, "x4": 9.891409668724442, "x5": 11.089290893080316, "x6": 10.844997178591502, "x7": -1.7764819516555328, "x8": 0.9486412260094854, "x9": 1.0087797088292485}, "datetime": {"datetime": "2025-05-19 06:27:48", "elapsed": 14697.006765, "delta": 21.65794}}
{"target": 37.4234803320818, "params": {"x0": 0.810293119128793, "x1": 3.045168752323207, "x2": 0.0638326395286168, "x3": 6.347835906451647, "x4": 9.891409668724442, "x5": 11.089290893080316, "x6": 10.844997178591502, "x7": -1.7764819516555328, "x8": 0.9486412260094854, "x9": 1.0087797088292485}, "datetime": {"datetime": "2025-05-19 06:28:11", "elapsed": 14719.901438, "delta": 22.894673}}
{"target": 37.4234803320818, "params": {"x0": 0.810293119128793, "x1": 3.045168752323207, "x2": 0.0638326395286168, "x3": 6.347835906451647, "x4": 9.891409668724442, "x5": 11.089290893080316, "x6": 10.844997178591502, "x7": -1.7764819516555328, "x8": 0.9486412260094854, "x9": 1.0087797088292485}, "datetime": {"datetime": "2025-05-19 06:28:32", "elapsed": 14741.325986, "delta": 21.424548}}
{"target": 37.4234803320818, "params": {"x0": 0.810293119128793, "x1": 3.045168752323207, "x2": 0.0638326395286168, "x3": 6.347835906451647, "x4": 9.891409668724442, "x5": 11.089290893080316, "x6": 10.844997178591502, "x7": -1.7764819516555328, "x8": 0.9486412260094854, "x9": 1.0087797088292485}, "datetime": {"datetime": "2025-05-19 06:28:55", "elapsed": 14764.340849, "delta": 23.014863}}
{"target": 37.4234803320818, "params": {"x0": 0.810293119128793, "x1": 3.045168752323207, "x2": 0.0638326395286168, "x3": 6.347835906451647, "x4": 9.891409668724442, "x5": 11.089290893080316, "x6": 10.844997178591502, "x7": -1.7764819516555328, "x8": 0.9486412260094854, "x9": 1.0087797088292485}, "datetime": {"datetime": "2025-05-19 06:29:18", "elapsed": 14787.228978, "delta": 22.888129}}
{"target": 37.4234803320818, "params": {"x0": 0.810293119128793, "x1": 3.045168752323207, "x2": 0.0638326395286168, "x3": 6.347835906451647, "x4": 9.891409668724442, "x5": 11.089290893080316, "x6": 10.844997178591502, "x7": -1.7764819516555328, "x8": 0.9486412260094854, "x9": 1.0087797088292485}, "datetime": {"datetime": "2025-05-19 06:29:41", "elapsed": 14810.313195, "delta": 23.084217}}
{"target": 37.4234803320818, "params": {"x0": 0.810293119128793, "x1": 3.045168752323207, "x2": 0.0638326395286168, "x3": 6.347835906451647, "x4": 9.891409668724442, "x5": 11.089290893080316, "x6": 10.844997178591502, "x7": -1.7764819516555328, "x8": 0.9486412260094854, "x9": 1.0087797088292485}, "datetime": {"datetime": "2025-05-19 06:30:04", "elapsed": 14833.33093, "delta": 23.017735}}
{"target": 37.4234803320818, "params": {"x0": 0.810293119128793, "x1": 3.045168752323207, "x2": 0.0638326395286168, "x3": 6.347835906451647, "x4": 9.891409668724442, "x5": 11.089290893080316, "x6": 10.844997178591502, "x7": -1.7764819516555328, "x8": 0.9486412260094854, "x9": 1.0087797088292485}, "datetime": {"datetime": "2025-05-19 06:30:28", "elapsed": 14856.981717, "delta": 23.650787}}
{"target": 37.4234803320818, "params": {"x0": 0.810293119128793, "x1": 3.045168752323207, "x2": 0.0638326395286168, "x3": 6.347835906451647, "x4": 9.891409668724442, "x5": 11.089290893080316, "x6": 10.844997178591502, "x7": -1.7764819516555328, "x8": 0.9486412260094854, "x9": 1.0087797088292485}, "datetime": {"datetime": "2025-05-19 06:30:51", "elapsed": 14880.079144, "delta": 23.097427}}
{"target": 37.4234803320818, "params": {"x0": 0.810293119128793, "x1": 3.045168752323207, "x2": 0.0638326395286168, "x3": 6.347835906451647, "x4": 9.891409668724442, "x5": 11.089290893080316, "x6": 10.844997178591502, "x7": -1.7764819516555328, "x8": 0.9486412260094854, "x9": 1.0087797088292485}, "datetime": {"datetime": "2025-05-19 06:31:14", "elapsed": 14903.250333, "delta": 23.171189}}
{"target": 37.4234803320818, "params": {"x0": 0.810293119128793, "x1": 3.045168752323207, "x2": 0.0638326395286168, "x3": 6.347835906451647, "x4": 9.891409668724442, "x5": 11.089290893080316, "x6": 10.844997178591502, "x7": -1.7764819516555328, "x8": 0.9486412260094854, "x9": 1.0087797088292485}, "datetime": {"datetime": "2025-05-19 06:31:38", "elapsed": 14927.383051, "delta": 24.132718}}
{"target": 37.4234803320818, "params": {"x0": 0.810293119128793, "x1": 3.045168752323207, "x2": 0.0638326395286168, "x3": 6.347835906451647, "x4": 9.891409668724442, "x5": 11.089290893080316, "x6": 10.844997178591502, "x7": -1.7764819516555328, "x8": 0.9486412260094854, "x9": 1.0087797088292485}, "datetime": {"datetime": "2025-05-19 06:31:59", "elapsed": 14948.088563, "delta": 20.705512}}
{"target": 37.4234803320818, "params": {"x0": 0.810293119128793, "x1": 3.045168752323207, "x2": 0.0638326395286168, "x3": 6.347835906451647, "x4": 9.891409668724442, "x5": 11.089290893080316, "x6": 10.844997178591502, "x7": -1.7764819516555328, "x8": 0.9486412260094854, "x9": 1.0087797088292485}, "datetime": {"datetime": "2025-05-19 06:32:21", "elapsed": 14970.336801, "delta": 22.248238}}
{"target": 37.4234803320818, "params": {"x0": 0.810293119128793, "x1": 3.045168752323207, "x2": 0.0638326395286168, "x3": 6.347835906451647, "x4": 9.891409668724442, "x5": 11.089290893080316, "x6": 10.844997178591502, "x7": -1.7764819516555328, "x8": 0.9486412260094854, "x9": 1.0087797088292485}, "datetime": {"datetime": "2025-05-19 06:32:45", "elapsed": 14994.225115, "delta": 23.888314}}
{"target": 37.4234803320818, "params": {"x0": 0.810293119128793, "x1": 3.045168752323207, "x2": 0.0638326395286168, "x3": 6.347835906451647, "x4": 9.891409668724442, "x5": 11.089290893080316, "x6": 10.844997178591502, "x7": -1.7764819516555328, "x8": 0.9486412260094854, "x9": 1.0087797088292485}, "datetime": {"datetime": "2025-05-19 06:33:06", "elapsed": 15015.485626, "delta": 21.260511}}
{"target": 37.4234803320818, "params": {"x0": 0.810293119128793, "x1": 3.045168752323207, "x2": 0.0638326395286168, "x3": 6.347835906451647, "x4": 9.891409668724442, "x5": 11.089290893080316, "x6": 10.844997178591502, "x7": -1.7764819516555328, "x8": 0.9486412260094854, "x9": 1.0087797088292485}, "datetime": {"datetime": "2025-05-19 06:33:30", "elapsed": 15039.315825, "delta": 23.830199}}
{"target": 37.4234803320818, "params": {"x0": 0.810293119128793, "x1": 3.045168752323207, "x2": 0.0638326395286168, "x3": 6.347835906451647, "x4": 9.891409668724442, "x5": 11.089290893080316, "x6": 10.844997178591502, "x7": -1.7764819516555328, "x8": 0.9486412260094854, "x9": 1.0087797088292485}, "datetime": {"datetime": "2025-05-19 06:33:53", "elapsed": 15062.338235, "delta": 23.02241}}
{"target": 37.4234803320818, "params": {"x0": 0.810293119128793, "x1": 3.045168752323207, "x2": 0.0638326395286168, "x3": 6.347835906451647, "x4": 9.891409668724442, "x5": 11.089290893080316, "x6": 10.844997178591502, "x7": -1.7764819516555328, "x8": 0.9486412260094854, "x9": 1.0087797088292485}, "datetime": {"datetime": "2025-05-19 06:34:19", "elapsed": 15087.92288, "delta": 25.584645}}
{"target": 37.4234803320818, "params": {"x0": 0.810293119128793, "x1": 3.045168752323207, "x2": 0.0638326395286168, "x3": 6.347835906451647, "x4": 9.891409668724442, "x5": 11.089290893080316, "x6": 10.844997178591502, "x7": -1.7764819516555328, "x8": 0.9486412260094854, "x9": 1.0087797088292485}, "datetime": {"datetime": "2025-05-19 06:34:44", "elapsed": 15112.822193, "delta": 24.899313}}
{"target": 37.4234803320818, "params": {"x0": 0.810293119128793, "x1": 3.045168752323207, "x2": 0.0638326395286168, "x3": 6.347835906451647, "x4": 9.891409668724442, "x5": 11.089290893080316, "x6": 10.844997178591502, "x7": -1.7764819516555328, "x8": 0.9486412260094854, "x9": 1.0087797088292485}, "datetime": {"datetime": "2025-05-19 06:35:09", "elapsed": 15138.461777, "delta": 25.639584}}
{"target": 37.4234803320818, "params": {"x0": 0.810293119128793, "x1": 3.045168752323207, "x2": 0.0638326395286168, "x3": 6.347835906451647, "x4": 9.891409668724442, "x5": 11.089290893080316, "x6": 10.844997178591502, "x7": -1.7764819516555328, "x8": 0.9486412260094854, "x9": 1.0087797088292485}, "datetime": {"datetime": "2025-05-19 06:35:34", "elapsed": 15162.98558, "delta": 24.523803}}
{"target": 37.4234803320818, "params": {"x0": 0.810293119128793, "x1": 3.045168752323207, "x2": 0.0638326395286168, "x3": 6.347835906451647, "x4": 9.891409668724442, "x5": 11.089290893080316, "x6": 10.844997178591502, "x7": -1.7764819516555328, "x8": 0.9486412260094854, "x9": 1.0087797088292485}, "datetime": {"datetime": "2025-05-19 06:35:59", "elapsed": 15188.013701, "delta": 25.028121}}
