{"target": 37.10148108524454, "params": {"x0": 0.8102042685552666, "x1": 3.04453511414883, "x2": 0.06199024305394326, "x3": 6.353686614514544, "x4": 9.893481998924067, "x5": 11.102500018494837, "x6": 10.839877002036964, "x7": -1.771112381309088, "x8": 0.9477222230687531, "x9": 1.0085768766449863}, "datetime": {"datetime": "2025-05-19 02:55:32", "elapsed": 1960.910257, "delta": 17.18802}}
{"target": 37.10298611520698, "params": {"x0": 0.8102970288810601, "x1": 3.040300489379933, "x2": 0.061981091365160154, "x3": 6.353314493129404, "x4": 9.897933637855694, "x5": 11.094773922733234, "x6": 10.851113420432737, "x7": -1.780452927446307, "x8": 0.9474646599894647, "x9": 1.0084645912919143}, "datetime": {"datetime": "2025-05-19 02:55:49", "elapsed": 1977.929112, "delta": 17.018855}}
{"target": 37.28327546836798, "params": {"x0": 0.8101583859368587, "x1": 3.044460056096491, "x2": 0.0645665825878325, "x3": 6.349602763039541, "x4": 9.894507003720832, "x5": 11.100352311438078, "x6": 10.84407417445952, "x7": -1.7722993959139777, "x8": 0.9480287777095892, "x9": 1.0091556015079102}, "datetime": {"datetime": "2025-05-19 02:56:06", "elapsed": 1995.172288, "delta": 17.243176}}
{"target": 37.28787481400008, "params": {"x0": 0.8101267190552425, "x1": 3.0449360272782555, "x2": 0.06397646697174182, "x3": 6.347073778675927, "x4": 9.895832419241179, "x5": 11.096832849751705, "x6": 10.844225344661123, "x7": -1.7699240497026139, "x8": 0.9479201136381586, "x9": 1.0086431673616012}, "datetime": {"datetime": "2025-05-19 02:56:23", "elapsed": 2012.191436, "delta": 17.019148}}
{"target": 37.35333402182477, "params": {"x0": 0.8102212322313871, "x1": 3.0477929682712084, "x2": 0.06227435144837335, "x3": 6.349809748367532, "x4": 9.893294730531554, "x5": 11.093026657951079, "x6": 10.84924397307101, "x7": -1.7712455006399042, "x8": 0.948325953733513, "x9": 1.0091093835115668}, "datetime": {"datetime": "2025-05-19 02:56:41", "elapsed": 2029.950725, "delta": 17.759289}}
{"target": 37.4234803320818, "params": {"x0": 0.810293119128793, "x1": 3.045168752323207, "x2": 0.0638326395286168, "x3": 6.347835906451647, "x4": 9.891409668724442, "x5": 11.089290893080316, "x6": 10.844997178591502, "x7": -1.7764819516555328, "x8": 0.9486412260094854, "x9": 1.0087797088292485}, "datetime": {"datetime": "2025-05-19 02:56:57", "elapsed": 2046.57842, "delta": 16.627695}}
{"target": 37.40713912498061, "params": {"x0": 0.8103650060261989, "x1": 3.043331801159606, "x2": 0.06274183787244639, "x3": 6.346454217110527, "x4": 9.88952460691733, "x5": 11.093026657951079, "x6": 10.847969934727157, "x7": -1.7800992679914605, "x8": 0.9489564982854578, "x9": 1.0085489365516258}, "datetime": {"datetime": "2025-05-19 02:57:14", "elapsed": 2063.683101, "delta": 17.104681}}
{"target": 37.41174936597024, "params": {"x0": 0.8103578173364583, "x1": 3.0435154962759663, "x2": 0.06285091803806343, "x3": 6.346592386044639, "x4": 9.889713113098042, "x5": 11.085928704696629, "x6": 10.842321698069412, "x7": -1.7721429514111666, "x8": 0.9489249710578606, "x9": 1.008987403879109}, "datetime": {"datetime": "2025-05-19 02:57:32", "elapsed": 2080.930528, "delta": 17.247427}}
{"target": 37.34164664979904, "params": {"x0": 0.8103513475156917, "x1": 3.046656682765724, "x2": 0.06294909018711876, "x3": 6.34671673808534, "x4": 9.889882768660682, "x5": 11.092316862625633, "x6": 10.842589246121621, "x7": -1.7725768514356033, "x8": 0.948896596553023, "x9": 1.0085927832843742}, "datetime": {"datetime": "2025-05-19 02:57:49", "elapsed": 2097.777999, "delta": 16.847471}}
{"target": 37.4234803320818, "params": {"x0": 0.8103455246770019, "x1": 3.043829614924942, "x2": 0.06303744512126856, "x3": 6.34682865492197, "x4": 9.892783878781827, "x5": 11.08656752048953, "x6": 10.847164317814395, "x7": -1.7774837546529707, "x8": 0.9488710594986692, "x9": 1.0089479418196354}, "datetime": {"datetime": "2025-05-19 02:58:06", "elapsed": 2115.174993, "delta": 17.396994}}
{"target": 37.4234803320818, "params": {"x0": 0.810340284122181, "x1": 3.0439635286647686, "x2": 0.06454831449523021, "x3": 6.348742432828356, "x4": 9.890172879672797, "x5": 11.086839857748608, "x6": 10.846947603892104, "x7": -1.77331882047739, "x8": 0.94843437586922, "x9": 1.0089311185205967}, "datetime": {"datetime": "2025-05-19 02:58:23", "elapsed": 2132.057037, "delta": 16.882044}}
{"target": 37.35333402182477, "params": {"x0": 0.8103355676228422, "x1": 3.0440840510306124, "x2": 0.06447674699856887, "x3": 6.347020032712609, "x4": 9.892522778870925, "x5": 11.090238075457322, "x6": 10.846752561362045, "x7": -1.773635133595204, "x8": 0.9488273911357243, "x9": 1.008915977551462}, "datetime": {"datetime": "2025-05-19 02:58:40", "elapsed": 2149.313585, "delta": 17.256548}}
{"target": 37.4234803320818, "params": {"x0": 0.8103313227734372, "x1": 3.0461449834865424, "x2": 0.06325294280565993, "x3": 6.348570192816781, "x4": 9.89040786959261, "x5": 11.087305554461633, "x6": 10.84657702308499, "x7": -1.7790440879098286, "x8": 0.9484736773958704, "x9": 1.0089023506792405}, "datetime": {"datetime": "2025-05-19 02:58:57", "elapsed": 2166.595169, "delta": 17.281584}}
{"target": 37.4234803320818, "params": {"x0": 0.8102587358486131, "x1": 3.0442901442762054, "x2": 0.06331091247795563, "x3": 6.348496764180267, "x4": 9.890508049505792, "x5": 11.0875040883235, "x6": 10.84363303839766, "x7": -1.7763052472830372, "x8": 0.948792019761739, "x9": 1.0088900864942414}, "datetime": {"datetime": "2025-05-19 02:59:15", "elapsed": 2183.884866, "delta": 17.289697}}
{"target": 37.4234803320818, "params": {"x0": 0.8102621741766312, "x1": 3.0443780050809055, "x2": 0.06336308518302174, "x3": 6.347241134495889, "x4": 9.890598211427656, "x5": 11.087682768799182, "x6": 10.846276852631227, "x7": -1.7754985590218677, "x8": 0.9485055116324572, "x9": 1.0086803689307549}, "datetime": {"datetime": "2025-05-19 02:59:32", "elapsed": 2201.502088, "delta": 17.617222}}
{"target": 37.4234803320818, "params": {"x0": 0.8103209695857386, "x1": 3.044457079805136, "x2": 0.06341004061758125, "x3": 6.34837120121183, "x4": 9.89213998029155, "x5": 11.087843581227295, "x6": 10.843845471955749, "x7": -1.774614154326151, "x8": 0.9485190830701601, "x9": 1.0088691147378928}, "datetime": {"datetime": "2025-05-19 02:59:50", "elapsed": 2219.067294, "delta": 17.565206}}
{"target": 37.4234803320818, "params": {"x0": 0.8103181845400441, "x1": 3.044528247056943, "x2": 0.0634523005086848, "x3": 6.348317671735812, "x4": 9.890752388314047, "x5": 11.087988312412598, "x6": 10.84603371456368, "x7": -1.775049698542228, "x8": 0.9485312973640926, "x9": 1.0088601741470282}, "datetime": {"datetime": "2025-05-19 03:00:07", "elapsed": 2236.578256, "delta": 17.510962}}
{"target": 37.4234803320818, "params": {"x0": 0.810270560258667, "x1": 3.044592297583569, "x2": 0.063490334410678, "x3": 6.348269495207395, "x4": 9.890818116355087, "x5": 11.08811857047937, "x6": 10.845930060966461, "x7": -1.775306815190871, "x8": 0.9487401617903389, "x9": 1.0088521276152502}, "datetime": {"datetime": "2025-05-19 03:00:24", "elapsed": 2253.721737, "delta": 17.143481}}
{"target": 37.4234803320818, "params": {"x0": 0.8103134221119064, "x1": 3.044649943057533, "x2": 0.06352456492247188, "x3": 6.347445676571474, "x4": 9.890877271592021, "x5": 11.088235802739463, "x6": 10.845836772728966, "x7": -1.777843575908652, "x8": 0.9485521838067172, "x9": 1.00884488573665}, "datetime": {"datetime": "2025-05-19 03:00:42", "elapsed": 2270.957161, "delta": 17.235424}}
{"target": 37.4234803320818, "params": {"x0": 0.810274846443991, "x1": 3.0447018239841004, "x2": 0.06355537238308637, "x3": 6.347484699559491, "x4": 9.890930511305264, "x5": 11.088341311773549, "x6": 10.845752813315219, "x7": -1.7777074134833402, "x8": 0.948561088026994, "x9": 1.00883836804591}, "datetime": {"datetime": "2025-05-19 03:00:59", "elapsed": 2288.111705, "delta": 17.154544}}
{"target": 37.4234803320818, "params": {"x0": 0.8103095645451148, "x1": 3.045588987828403, "x2": 0.06358309909763941, "x3": 6.347519820248706, "x4": 9.890978427047182, "x5": 11.088436269904225, "x6": 10.845677249842847, "x7": -1.7753790360105062, "x8": 0.9485691018252432, "x9": 1.008832502124244}, "datetime": {"datetime": "2025-05-19 03:01:16", "elapsed": 2305.381381, "delta": 17.269676}}
{"target": 37.4234803320818, "params": {"x0": 0.8103079200034826, "x1": 3.0447905403685307, "x2": 0.06360805314073716, "x3": 6.348120384034293, "x4": 9.891021551214907, "x5": 11.088521732221835, "x6": 10.845609242717714, "x7": -1.775489327575009, "x8": 0.9485763142436674, "x9": 1.0087321948637527}, "datetime": {"datetime": "2025-05-19 03:01:33", "elapsed": 2322.575154, "delta": 17.193773}}
{"target": 37.4234803320818, "params": {"x0": 0.8103064399160137, "x1": 3.0455091430824157, "x2": 0.06363051177952513, "x3": 6.3475798766272655, "x4": 9.891060362965861, "x5": 11.088598648307682, "x6": 10.845548036305091, "x7": -1.7755885899830612, "x8": 0.9485828054202492, "x9": 1.0088224713981948}, "datetime": {"datetime": "2025-05-19 03:01:51", "elapsed": 2340.137356, "delta": 17.562202}}
{"target": 37.4234803320818, "params": {"x0": 0.8102857461181397, "x1": 3.0451334662256033, "x2": 0.06391869998573592, "x3": 6.347872624658375, "x4": 9.891323515765656, "x5": 11.08926473495379, "x6": 10.844942666208365, "x7": -1.7765420263085354, "x8": 0.948622753958116, "x9": 1.0087461052952662}, "datetime": {"datetime": "2025-05-19 03:02:08", "elapsed": 2356.776573, "delta": 16.639217}}
{"target": 37.4234803320818, "params": {"x0": 0.8103039089664418, "x1": 3.044893035808248, "x2": 0.06366891605185254, "x3": 6.348043290609396, "x4": 9.891126731059991, "x5": 11.088730174814483, "x6": 10.84544337333951, "x7": -1.7772055746102347, "x8": 0.9485939053322041, "x9": 1.008814346510095}, "datetime": {"datetime": "2025-05-19 03:02:25", "elapsed": 2373.846161, "delta": 17.069588}}
{"target": 37.4234803320818, "params": {"x0": 0.8103028299826769, "x1": 3.044920607459744, "x2": 0.06368528839952896, "x3": 6.348022552193621, "x4": 9.891155024826437, "x5": 11.088786246641066, "x6": 10.845398753864709, "x7": -1.7771332123147645, "x8": 0.9485986373999322, "x9": 1.0088108827420104}, "datetime": {"datetime": "2025-05-19 03:02:42", "elapsed": 2391.224237, "delta": 17.378076}}
{"target": 37.4234803320818, "params": {"x0": 0.8103018588972885, "x1": 3.0449454219460903, "x2": 0.06370002351243775, "x3": 6.348003887619424, "x4": 9.891180489216238, "x5": 11.08883671128499, "x6": 10.845358596337388, "x7": -1.7770680862488413, "x8": 0.9486028962608876, "x9": 1.0088077653507341}, "datetime": {"datetime": "2025-05-19 03:03:00", "elapsed": 2408.780362, "delta": 17.556125}}
{"target": 37.4234803320818, "params": {"x0": 0.8103009849204389, "x1": 3.044967754983802, "x2": 0.06371328511405565, "x3": 6.347684723400648, "x4": 9.891203407167058, "x5": 11.088882129464524, "x6": 10.8453224545628, "x7": -1.7770094727895105, "x8": 0.9486067292357473, "x9": 1.0088049596985855}, "datetime": {"datetime": "2025-05-19 03:03:17", "elapsed": 2426.177174, "delta": 17.396812}}
{"target": 37.4234803320818, "params": {"x0": 0.8103001983412743, "x1": 3.0449878547177427, "x2": 0.06372522055551177, "x3": 6.347971971197546, "x4": 9.891224033322796, "x5": 11.088923005826103, "x6": 10.84528992696567, "x7": -1.7760071826349528, "x8": 0.9486101789131212, "x9": 1.0088024346116518}, "datetime": {"datetime": "2025-05-19 03:03:34", "elapsed": 2443.185507, "delta": 17.008333}}
{"target": 37.4234803320818, "params": {"x0": 0.8102994904200262, "x1": 3.045005944478289, "x2": 0.06373596245282227, "x3": 6.347958364722956, "x4": 9.891242596862961, "x5": 11.088959794551524, "x6": 10.845260652128253, "x7": -1.7769092437740548, "x8": 0.9486132836227575, "x9": 1.0088001620334115}, "datetime": {"datetime": "2025-05-19 03:03:51", "elapsed": 2460.362809, "delta": 17.177302}}
{"target": 37.4234803320818, "params": {"x0": 0.8102988532909029, "x1": 3.0450222252627808, "x2": 0.06374563016040172, "x3": 6.347946118895825, "x4": 9.89125930404911, "x5": 11.088992904404403, "x6": 10.845234304774579, "x7": -1.7760973887488631, "x8": 0.9486160778614303, "x9": 1.0087981167129951}, "datetime": {"datetime": "2025-05-19 03:04:08", "elapsed": 2477.28314, "delta": 16.920331}}
{"target": 37.4234803320818, "params": {"x0": 0.8102982798746919, "x1": 3.0450368779688235, "x2": 0.06375433109722323, "x3": 6.3479350976514075, "x4": 9.891274340516642, "x5": 11.089022703271995, "x6": 10.84521059215627, "x7": -1.77613584503953, "x8": 0.9486185926762358, "x9": 1.0087962759246205}, "datetime": {"datetime": "2025-05-19 03:04:25", "elapsed": 2494.342867, "delta": 17.059727}}
{"target": 37.4234803320818, "params": {"x0": 0.810297763800102, "x1": 3.045050065404262, "x2": 0.06376216194036259, "x3": 6.3477466343718625, "x4": 9.891531464111463, "x5": 11.089049522252827, "x6": 10.845189250799793, "x7": -1.7767934476099352, "x8": 0.9486208560095608, "x9": 1.0087946192150834}, "datetime": {"datetime": "2025-05-19 03:04:43", "elapsed": 2512.023565, "delta": 17.680698}}
{"target": 37.4234803320818, "params": {"x0": 0.8102972993329711, "x1": 3.0450619340961564, "x2": 0.063769209699188, "x3": 6.347916251323453, "x4": 9.891300052876124, "x5": 11.089073659335575, "x6": 10.845170043578964, "x7": -1.776762298014495, "x8": 0.9486228930095533, "x9": 1.0087931281765}, "datetime": {"datetime": "2025-05-19 03:05:00", "elapsed": 2529.35424, "delta": 17.330675}}
{"target": 37.4234803320818, "params": {"x0": 0.8102968813125533, "x1": 3.0450726159188615, "x2": 0.06377555268213089, "x3": 6.347908216836273, "x4": 9.891508322987928, "x5": 11.089095382710049, "x6": 10.845152757080218, "x7": -1.7762296399324669, "x8": 0.9486247263095465, "x9": 1.0087917862417748}, "datetime": {"datetime": "2025-05-19 03:05:17", "elapsed": 2546.526875, "delta": 17.172635}}
{"target": 37.4234803320818, "params": {"x0": 0.8102965050941773, "x1": 3.045082229559296, "x2": 0.06378126136677947, "x3": 6.34790098579781, "x4": 9.89149845756158, "x5": 11.089114933747076, "x6": 10.845137199231347, "x7": -1.7762548711047734, "x8": 0.9486263762795404, "x9": 1.008790578500522}, "datetime": {"datetime": "2025-05-19 03:05:34", "elapsed": 2563.6742, "delta": 17.147325}}
{"target": 37.4234803320818, "params": {"x0": 0.8102961664976388, "x1": 3.045090881835687, "x2": 0.06378639918296321, "x3": 6.347894477863194, "x4": 9.891329758771018, "x5": 11.0891325296804, "x6": 10.845123197167363, "x7": -1.7766863241512163, "x8": 0.9486278612525348, "x9": 1.0087894915333948}, "datetime": {"datetime": "2025-05-19 03:05:53", "elapsed": 2581.757529, "delta": 18.083329}}
{"target": 37.4234803320818, "params": {"x0": 0.8102958617607543, "x1": 3.0450986688844393, "x2": 0.06379102321752857, "x3": 6.347888620722039, "x4": 9.891337749766361, "x5": 11.089148366020392, "x6": 10.845110595309777, "x7": -1.7762980164094178, "x8": 0.94862919772823, "x9": 1.0087885132629801}, "datetime": {"datetime": "2025-05-19 03:06:09", "elapsed": 2598.613384, "delta": 16.855855}}
{"target": 37.4234803320818, "params": {"x0": 0.8102955874975581, "x1": 3.045105677228316, "x2": 0.06379518484863739, "x3": 6.3478833492949995, "x4": 9.891344941662169, "x5": 11.089162618726384, "x6": 10.84509925363795, "x7": -1.7766474933770364, "x8": 0.9486304005563555, "x9": 1.008787632819607}, "datetime": {"datetime": "2025-05-19 03:06:27", "elapsed": 2616.574915, "delta": 17.961531}}
{"target": 37.4234803320818, "params": {"x0": 0.8102953406606817, "x1": 3.045111984737805, "x2": 0.06379893031663533, "x3": 6.347878605010664, "x4": 9.891467923080489, "x5": 11.089175446161777, "x6": 10.845089046133303, "x7": -1.7763329641061796, "x8": 0.9486314831016684, "x9": 1.008786840420571}, "datetime": {"datetime": "2025-05-19 03:06:45", "elapsed": 2634.375238, "delta": 17.800323}}
{"target": 37.4234803320818, "params": {"x0": 0.8102951185074927, "x1": 3.045117661496345, "x2": 0.06380230123783348, "x3": 6.347874335154763, "x4": 9.891357239804002, "x5": 11.089186990853632, "x6": 10.845079859379124, "x7": -1.7766160404499507, "x8": 0.9486324573924502, "x9": 1.008786127261439}, "datetime": {"datetime": "2025-05-19 03:07:03", "elapsed": 2651.995247, "delta": 17.620009}}
{"target": 37.4234803320818, "params": {"x0": 0.8102949185696228, "x1": 3.0451227705790314, "x2": 0.06380533506691181, "x3": 6.347870492284451, "x4": 9.891362482696046, "x5": 11.0891973810763, "x6": 10.845071591300362, "x7": -1.776602631570509, "x8": 0.9486333342541537, "x9": 1.0087854854182199}, "datetime": {"datetime": "2025-05-19 03:07:20", "elapsed": 2669.523488, "delta": 17.528241}}
{"target": 37.4234803320818, "params": {"x0": 0.8102947386255398, "x1": 3.045127368753449, "x2": 0.06380806551308231, "x3": 6.347867033701171, "x4": 9.89145213615, "x5": 11.0892067322767, "x6": 10.845064150029476, "x7": -1.7763733397320542, "x8": 0.9486341234296869, "x9": 1.0087849077593227}, "datetime": {"datetime": "2025-05-19 03:07:38", "elapsed": 2687.354499, "delta": 17.831011}}
{"target": 37.4234803320818, "params": {"x0": 0.8102945766758651, "x1": 3.045131507110425, "x2": 0.06381052291463576, "x3": 6.347863920976218, "x4": 9.891447889407445, "x5": 11.089215148357063, "x6": 10.845057452885678, "x7": -1.7763842009244022, "x8": 0.9486348336876668, "x9": 1.0087843878663152}, "datetime": {"datetime": "2025-05-19 03:07:56", "elapsed": 2704.863462, "delta": 17.508963}}
{"target": 37.4234803320818, "params": {"x0": 0.8102944309211579, "x1": 3.045135231631703, "x2": 0.06381273457603387, "x3": 6.3478611195237615, "x4": 9.89137527010974, "x5": 11.089222722829389, "x6": 10.84505142545626, "x7": -1.7765699273135505, "x8": 0.9486354729198486, "x9": 1.0087839199626085}, "datetime": {"datetime": "2025-05-19 03:08:13", "elapsed": 2722.641422, "delta": 17.77796}}
{"target": 37.4234803320818, "params": {"x0": 0.8102942997419214, "x1": 3.0451385837008536, "x2": 0.06381472507129216, "x3": 6.34785859821655, "x4": 9.891440627477674, "x5": 11.08922953985448, "x6": 10.845046000769784, "x7": -1.776402773563317, "x8": 0.9486360482288123, "x9": 1.0087834988492725}, "datetime": {"datetime": "2025-05-19 03:08:31", "elapsed": 2739.948066, "delta": 17.306644}}
{"target": 37.4234803320818, "params": {"x0": 0.8102941816806085, "x1": 3.0451416005630887, "x2": 0.06381651651702462, "x3": 6.347856329040059, "x4": 9.891381805846533, "x5": 11.089235675177065, "x6": 10.845041118551956, "x7": -1.776553211938527, "x8": 0.9486365660068796, "x9": 1.00878311984727}, "datetime": {"datetime": "2025-05-19 03:08:48", "elapsed": 2757.64468, "delta": 17.696614}}
{"target": 37.4234803320818, "params": {"x0": 0.810294075425427, "x1": 3.0451443157391007, "x2": 0.06381812881818384, "x3": 6.347854286781218, "x4": 9.89143474531456, "x5": 11.08924119696739, "x6": 10.84503672455591, "x7": -1.7765460859102276, "x8": 0.9486370320071402, "x9": 1.008782778745468}, "datetime": {"datetime": "2025-05-19 03:09:06", "elapsed": 2775.409392, "delta": 17.764712}}
{"target": 37.4234803320818, "params": {"x0": 0.8102939797957636, "x1": 3.0451467593975114, "x2": 0.06381957988922714, "x3": 6.347852448748261, "x4": 9.891387099793336, "x5": 11.089246166578683, "x6": 10.84503276995947, "x7": -1.7765396724847582, "x8": 0.9486374514073747, "x9": 1.008782471753846}, "datetime": {"datetime": "2025-05-19 03:09:24", "elapsed": 2792.801281, "delta": 17.391889}}
{"target": 37.4234803320818, "params": {"x0": 0.8102938937290666, "x1": 3.045148958690081, "x2": 0.0638208858531661, "x3": 6.3478507945186, "x4": 9.891429980762437, "x5": 11.089250639228846, "x6": 10.845029210822673, "x7": -1.77643000290923, "x8": 0.9486378288675857, "x9": 1.0087821954613863}, "datetime": {"datetime": "2025-05-19 03:09:41", "elapsed": 2809.96393, "delta": 17.162649}}
{"target": 37.4234803320818, "params": {"x0": 0.8102938162690392, "x1": 3.0451509380533937, "x2": 0.06382206122071117, "x3": 6.347849305711905, "x4": 9.891391387890247, "x5": 11.089254664613993, "x6": 10.845026007599555, "x7": -1.7765287055272054, "x8": 0.9486381685817757, "x9": 1.0087819467981725}, "datetime": {"datetime": "2025-05-19 03:09:59", "elapsed": 2827.900462, "delta": 17.936532}}
{"target": 37.4234803320818, "params": {"x0": 0.8102937465550145, "x1": 3.0451527194803747, "x2": 0.06382311905150173, "x3": 6.347847965785879, "x4": 9.891426121475218, "x5": 11.089258287460625, "x6": 10.84502312469875, "x7": -1.776524030140038, "x8": 0.9486384743245467, "x9": 1.00878172300128}, "datetime": {"datetime": "2025-05-19 03:10:16", "elapsed": 2844.759271, "delta": 16.858809}}
{"target": 37.4234803320818, "params": {"x0": 0.8102936838123924, "x1": 3.0451543227646583, "x2": 0.06382407109921324, "x3": 6.347846759852455, "x4": 9.891394861248743, "x5": 11.089261548022593, "x6": 10.845020530088025, "x7": -1.7765198222915874, "x8": 0.9486387494930406, "x9": 1.008781521584077}, "datetime": {"datetime": "2025-05-19 03:10:33", "elapsed": 2862.328982, "delta": 17.569711}}
{"target": 37.4234803320818, "params": {"x0": 0.8102936273440324, "x1": 3.045155765720513, "x2": 0.0638249279421536, "x3": 6.347845674512374, "x4": 9.89142299545257, "x5": 11.089264482528366, "x6": 10.845018194938373, "x7": -1.776516035227982, "x8": 0.948638997144685, "x9": 1.0087813403085941}, "datetime": {"datetime": "2025-05-19 03:10:50", "elapsed": 2879.425747, "delta": 17.096765}}
{"target": 37.4234803320818, "params": {"x0": 0.8102935765225086, "x1": 3.0451570643807826, "x2": 0.06382569910079992, "x3": 6.347844697706302, "x4": 9.891397674669127, "x5": 11.08926712358356, "x6": 10.845016093303686, "x7": -1.7765126268707372, "x8": 0.9486392200311651, "x9": 1.0087811771606596}, "datetime": {"datetime": "2025-05-19 03:11:07", "elapsed": 2896.735711, "delta": 17.309964}}
{"target": 37.4234803320818, "params": {"x0": 0.8102935307831369, "x1": 3.045158233175025, "x2": 0.0638263931435816, "x3": 6.347843818580836, "x4": 9.891398874074659, "x5": 11.089269500533236, "x6": 10.845014201832468, "x7": -1.7765095593492166, "x8": 0.9486394206289971, "x9": 1.0087810303275184}, "datetime": {"datetime": "2025-05-19 03:11:25", "elapsed": 2913.780522, "delta": 17.044811}}
