{"target": 37.4234803320818, "params": {"x0": 0.8102931192882613, "x1": 3.045168726663027, "x2": 0.06383262608503114, "x3": 6.347835897010604, "x4": 9.89140967792086, "x5": 11.089290847388114, "x6": 10.844997219996625, "x7": -1.7764819513844619, "x8": 0.9486412253542031, "x9": 1.0087797106815497}, "datetime": {"datetime": "2025-05-19 03:28:03", "elapsed": 3911.995303, "delta": 17.73663}}
{"target": 37.4234803320818, "params": {"x0": 0.8102931192078074, "x1": 3.045168730241355, "x2": 0.06383262593813183, "x3": 6.347835893631458, "x4": 9.891409679925834, "x5": 11.089290847434224, "x6": 10.84499719754359, "x7": -1.7764819982268107, "x8": 0.9486412272949608, "x9": 1.008779711473046}, "datetime": {"datetime": "2025-05-19 03:28:20", "elapsed": 3929.638731, "delta": 17.643428}}
{"target": 37.4234803320818, "params": {"x0": 0.8102931195148941, "x1": 3.0451687378471015, "x2": 0.0638326304900202, "x3": 6.347835920120674, "x4": 9.891409656436702, "x5": 11.089290850965094, "x6": 10.844997198235223, "x7": -1.7764819639295137, "x8": 0.9486412235038473, "x9": 1.0087797102954437}, "datetime": {"datetime": "2025-05-19 03:28:38", "elapsed": 3947.01152, "delta": 17.372789}}
{"target": 37.4234803320818, "params": {"x0": 0.810293119439826, "x1": 3.0451687334626882, "x2": 0.06383262927533134, "x3": 6.347835906448238, "x4": 9.891409673352225, "x5": 11.089290857035866, "x6": 10.844997195955205, "x7": -1.7764819401950958, "x8": 0.948641225505199, "x9": 1.0087797108445913}, "datetime": {"datetime": "2025-05-19 03:28:55", "elapsed": 3964.276096, "delta": 17.264576}}
{"target": 37.4234803320818, "params": {"x0": 0.8102931186610068, "x1": 3.0451687378424763, "x2": 0.06383263033834555, "x3": 6.347835895473138, "x4": 9.891409660090494, "x5": 11.089290858486839, "x6": 10.844997195996152, "x7": -1.7764819325646124, "x8": 0.9486412239895804, "x9": 1.0087797103398963}, "datetime": {"datetime": "2025-05-19 03:29:13", "elapsed": 3982.138003, "delta": 17.861907}}
{"target": 37.4234803320818, "params": {"x0": 0.8102931191956096, "x1": 3.045168743481976, "x2": 0.06383263060759159, "x3": 6.347835905424818, "x4": 9.891409657889008, "x5": 11.089290862992021, "x6": 10.844997190496764, "x7": -1.7764819915424206, "x8": 0.9486412271249411, "x9": 1.0087797106534167}, "datetime": {"datetime": "2025-05-19 03:29:31", "elapsed": 4000.132729, "delta": 17.994726}}
{"target": 37.4234803320818, "params": {"x0": 0.810293118832449, "x1": 3.0451687397401748, "x2": 0.06383263214703404, "x3": 6.347835903751658, "x4": 9.891409666694999, "x5": 11.08929086517006, "x6": 10.84499719033947, "x7": -1.7764819305926076, "x8": 0.9486412237338682, "x9": 1.0087797097381168}, "datetime": {"datetime": "2025-05-19 03:29:49", "elapsed": 4018.512261, "delta": 18.379532}}
{"target": 37.4234803320818, "params": {"x0": 0.8102931186443812, "x1": 3.045168743948031, "x2": 0.06383263222619479, "x3": 6.347835910215992, "x4": 9.891409666205883, "x5": 11.089290873040486, "x6": 10.844997191320097, "x7": -1.7764819271070567, "x8": 0.948641225291513, "x9": 1.0087797103818343}, "datetime": {"datetime": "2025-05-19 03:30:06", "elapsed": 4035.630373, "delta": 17.118112}}
{"target": 37.4234803320818, "params": {"x0": 0.8102931189338409, "x1": 3.045168748179232, "x2": 0.06383263311259707, "x3": 6.347835912817787, "x4": 9.891409658264786, "x5": 11.089290871255255, "x6": 10.844997191324813, "x7": -1.7764819651619836, "x8": 0.9486412250784035, "x9": 1.0087797094915223}, "datetime": {"datetime": "2025-05-19 03:30:24", "elapsed": 4053.656563, "delta": 18.02619}}
{"target": 37.4234803320818, "params": {"x0": 0.8102931192840763, "x1": 3.045168744317872, "x2": 0.06383263378155409, "x3": 6.347835912276026, "x4": 9.891409661438914, "x5": 11.089290876016618, "x6": 10.844997190730872, "x7": -1.7764819306231638, "x8": 0.948641224301176, "x9": 1.0087797095569593}, "datetime": {"datetime": "2025-05-19 03:30:42", "elapsed": 4071.364917, "delta": 17.708354}}
{"target": 37.4234803320818, "params": {"x0": 0.8102931193591761, "x1": 3.04516874373193, "x2": 0.06383263462063223, "x3": 6.3478359085669736, "x4": 9.891409666007592, "x5": 11.08929087555237, "x6": 10.844997192032038, "x7": -1.7764819683335564, "x8": 0.9486412256164933, "x9": 1.008779709201249}, "datetime": {"datetime": "2025-05-19 03:31:00", "elapsed": 4089.164908, "delta": 17.799991}}
{"target": 37.4234803320818, "params": {"x0": 0.8102931189287139, "x1": 3.0451687488683663, "x2": 0.06383263578251347, "x3": 6.347835901110861, "x4": 9.891409660718189, "x5": 11.089290877123895, "x6": 10.84499718864546, "x7": -1.7764819697566192, "x8": 0.9486412255487465, "x9": 1.0087797097322408}, "datetime": {"datetime": "2025-05-19 03:31:18", "elapsed": 4106.983257, "delta": 17.818349}}
{"target": 37.4234803320818, "params": {"x0": 0.8102931189828364, "x1": 3.0451687482979914, "x2": 0.06383263546566872, "x3": 6.3478359061211185, "x4": 9.891409671249331, "x5": 11.089290879276263, "x6": 10.844997190061363, "x7": -1.7764819548359974, "x8": 0.9486412250264766, "x9": 1.0087797089598538}, "datetime": {"datetime": "2025-05-19 03:31:36", "elapsed": 4124.811695, "delta": 17.828438}}
{"target": 37.4234803320818, "params": {"x0": 0.810293119369094, "x1": 3.04516874754311, "x2": 0.06383263668054785, "x3": 6.34783591125627, "x4": 9.891409674738897, "x5": 11.089290879678414, "x6": 10.844997187235789, "x7": -1.7764819397451328, "x8": 0.9486412252699559, "x9": 1.0087797094232456}, "datetime": {"datetime": "2025-05-19 03:31:53", "elapsed": 4142.387417, "delta": 17.575722}}
{"target": 37.4234803320818, "params": {"x0": 0.8102931190828171, "x1": 3.0451687488395525, "x2": 0.06383263617727712, "x3": 6.347835905499233, "x4": 9.891409668348853, "x5": 11.08929088136573, "x6": 10.844997182472147, "x7": -1.7764819659912596, "x8": 0.9486412250761599, "x9": 1.0087797093991764}, "datetime": {"datetime": "2025-05-19 03:32:11", "elapsed": 4160.52479, "delta": 18.137373}}
{"target": 37.4234803320818, "params": {"x0": 0.8102931192658346, "x1": 3.0451687522310142, "x2": 0.06383263640009569, "x3": 6.347835906147626, "x4": 9.891409664997157, "x5": 11.089290882393618, "x6": 10.844997187053389, "x7": -1.7764819482179113, "x8": 0.9486412251931061, "x9": 1.0087797088264683}, "datetime": {"datetime": "2025-05-19 03:32:30", "elapsed": 4179.106105, "delta": 18.581315}}
{"target": 37.4234803320818, "params": {"x0": 0.8102931191230989, "x1": 3.0451687489324257, "x2": 0.06383263757675375, "x3": 6.34783590583769, "x4": 9.891409671322876, "x5": 11.089290883452403, "x6": 10.844997183535227, "x7": -1.7764819620693575, "x8": 0.948641225499539, "x9": 1.0087797091241555}, "datetime": {"datetime": "2025-05-19 03:32:48", "elapsed": 4196.902411, "delta": 17.796306}}
{"target": 37.4234803320818, "params": {"x0": 0.8102931191869257, "x1": 3.0451687492285497, "x2": 0.06383263750172942, "x3": 6.347835906434605, "x4": 9.891409672573038, "x5": 11.089290884301537, "x6": 10.844997185390675, "x7": -1.7764819408424575, "x8": 0.9486412258813094, "x9": 1.0087797093368822}, "datetime": {"datetime": "2025-05-19 03:33:05", "elapsed": 4214.429016, "delta": 17.526605}}
{"target": 37.4234803320818, "params": {"x0": 0.8102931192518975, "x1": 3.045168748440699, "x2": 0.06383263741087404, "x3": 6.347835905647814, "x4": 9.89140966729495, "x5": 11.089290887799677, "x6": 10.844997183063805, "x7": -1.776481957732943, "x8": 0.9486412257218126, "x9": 1.0087797092427173}, "datetime": {"datetime": "2025-05-19 03:33:23", "elapsed": 4232.490945, "delta": 18.061929}}
{"target": 37.4234803320818, "params": {"x0": 0.8102931190359141, "x1": 3.0451687498055726, "x2": 0.06383263783962624, "x3": 6.347835908773908, "x4": 9.891409670129361, "x5": 11.089290886067745, "x6": 10.844997180967987, "x7": -1.7764819596522028, "x8": 0.9486412255140563, "x9": 1.0087797091749688}, "datetime": {"datetime": "2025-05-19 03:33:41", "elapsed": 4249.87254, "delta": 17.381595}}
{"target": 37.4234803320818, "params": {"x0": 0.810293119198715, "x1": 3.0451687500111078, "x2": 0.06383263771818845, "x3": 6.347835905605395, "x4": 9.891409671443984, "x5": 11.089290886927783, "x6": 10.844997182966537, "x7": -1.7764819580491804, "x8": 0.9486412256636995, "x9": 1.00877970884433}, "datetime": {"datetime": "2025-05-19 03:33:59", "elapsed": 4267.830498, "delta": 17.957958}}
{"target": 37.4234803320818, "params": {"x0": 0.810293119076596, "x1": 3.045168749957645, "x2": 0.06383263818262737, "x3": 6.347835906832584, "x4": 9.891409666255372, "x5": 11.089290887395569, "x6": 10.844997182030967, "x7": -1.7764819558163498, "x8": 0.9486412257617216, "x9": 1.0087797090278494}, "datetime": {"datetime": "2025-05-19 03:34:16", "elapsed": 4285.597172, "delta": 17.766674}}
{"target": 37.4234803320818, "params": {"x0": 0.8102931190569334, "x1": 3.045168750698825, "x2": 0.06383263832816538, "x3": 6.347835905177597, "x4": 9.891409667574868, "x5": 11.089290887919024, "x6": 10.84499718206509, "x7": -1.7764819561961802, "x8": 0.9486412258687101, "x9": 1.008779709029461}, "datetime": {"datetime": "2025-05-19 03:34:34", "elapsed": 4303.235021, "delta": 17.637849}}
{"target": 37.4234803320818, "params": {"x0": 0.8102931191222863, "x1": 3.045168750306511, "x2": 0.06383263826181663, "x3": 6.347835905569446, "x4": 9.89140966719934, "x5": 11.089290889780308, "x6": 10.844997181993275, "x7": -1.7764819550236841, "x8": 0.9486412256761083, "x9": 1.0087797089193298}, "datetime": {"datetime": "2025-05-19 03:34:52", "elapsed": 4321.226004, "delta": 17.990983}}
{"target": 37.4234803320818, "params": {"x0": 0.8102931190776363, "x1": 3.045168750693711, "x2": 0.06383263841307653, "x3": 6.347835905437271, "x4": 9.89140966688836, "x5": 11.089290889150947, "x6": 10.844997181874895, "x7": -1.7764819532543321, "x8": 0.9486412257381129, "x9": 1.0087797088935428}, "datetime": {"datetime": "2025-05-19 03:35:10", "elapsed": 4339.287538, "delta": 18.061534}}
{"target": 37.4234803320818, "params": {"x0": 0.8102931191474083, "x1": 3.045168751028978, "x2": 0.06383263906772137, "x3": 6.347835907732009, "x4": 9.891409668510228, "x5": 11.089290889389943, "x6": 10.84499718156373, "x7": -1.7764819508218206, "x8": 0.9486412256914503, "x9": 1.0087797090268833}, "datetime": {"datetime": "2025-05-19 03:35:28", "elapsed": 4357.054481, "delta": 17.766943}}
{"target": 37.4234803320818, "params": {"x0": 0.8102931191253345, "x1": 3.0451687515884798, "x2": 0.0638326385360312, "x3": 6.347835906637232, "x4": 9.891409669634276, "x5": 11.089290889678171, "x6": 10.84499718113351, "x7": -1.7764819514722796, "x8": 0.9486412260103304, "x9": 1.0087797089402766}, "datetime": {"datetime": "2025-05-19 03:35:46", "elapsed": 4375.191842, "delta": 18.137361}}
{"target": 37.4234803320818, "params": {"x0": 0.810293119130652, "x1": 3.0451687508762686, "x2": 0.06383263893889014, "x3": 6.3478359073192445, "x4": 9.891409667346684, "x5": 11.089290890116375, "x6": 10.844997180384919, "x7": -1.776481955460984, "x8": 0.9486412257765298, "x9": 1.0087797089961292}, "datetime": {"datetime": "2025-05-19 03:36:04", "elapsed": 4393.127473, "delta": 17.935631}}
{"target": 37.4234803320818, "params": {"x0": 0.8102931191147071, "x1": 3.0451687512788337, "x2": 0.0638326388116648, "x3": 6.347835905995472, "x4": 9.891409667599426, "x5": 11.089290890321204, "x6": 10.844997180517813, "x7": -1.7764819530812623, "x8": 0.9486412257954001, "x9": 1.0087797088165016}, "datetime": {"datetime": "2025-05-19 03:36:22", "elapsed": 4411.105471, "delta": 17.977998}}
{"target": 37.4234803320818, "params": {"x0": 0.8102931191431544, "x1": 3.0451687514142596, "x2": 0.0638326389357456, "x3": 6.347835906476023, "x4": 9.891409668135069, "x5": 11.08929089104758, "x6": 10.844997180285675, "x7": -1.7764819533203589, "x8": 0.9486412258137525, "x9": 1.0087797089786654}, "datetime": {"datetime": "2025-05-19 03:36:39", "elapsed": 4428.469507, "delta": 17.364036}}
{"target": 37.4234803320818, "params": {"x0": 0.8102931191464734, "x1": 3.045168751800473, "x2": 0.06383263897987695, "x3": 6.347835905874355, "x4": 9.891409668558138, "x5": 11.089290890873777, "x6": 10.844997180122585, "x7": -1.7764819519491317, "x8": 0.9486412259299208, "x9": 1.0087797089557349}, "datetime": {"datetime": "2025-05-19 03:36:58", "elapsed": 4447.274699, "delta": 18.805192}}
{"target": 37.4234803320818, "params": {"x0": 0.8102931191600774, "x1": 3.045168751411345, "x2": 0.06383263894151286, "x3": 6.3478359064992995, "x4": 9.891409668800222, "x5": 11.089290891295379, "x6": 10.84499718015373, "x7": -1.7764819532022975, "x8": 0.9486412259230836, "x9": 1.0087797088914094}, "datetime": {"datetime": "2025-05-19 03:37:16", "elapsed": 4465.552729, "delta": 18.27803}}
{"target": 37.4234803320818, "params": {"x0": 0.8102931191590497, "x1": 3.045168751694426, "x2": 0.06383263901665316, "x3": 6.347835907089585, "x4": 9.891409669072598, "x5": 11.089290891284449, "x6": 10.844997179534529, "x7": -1.776481951755934, "x8": 0.9486412259213305, "x9": 1.0087797088739265}, "datetime": {"datetime": "2025-05-19 03:37:34", "elapsed": 4483.722187, "delta": 18.169458}}
{"target": 37.4234803320818, "params": {"x0": 0.8102931191435581, "x1": 3.045168751626343, "x2": 0.06383263910489155, "x3": 6.347835905862354, "x4": 9.891409668427436, "x5": 11.089290891548446, "x6": 10.844997179803245, "x7": -1.7764819521510915, "x8": 0.9486412258938512, "x9": 1.00877970887523}, "datetime": {"datetime": "2025-05-19 03:37:52", "elapsed": 4501.715925, "delta": 17.993738}}
{"target": 37.4234803320818, "params": {"x0": 0.8102931191049542, "x1": 3.0451687518855524, "x2": 0.06383263912884671, "x3": 6.347835906886465, "x4": 9.8914096689251, "x5": 11.08929089174758, "x6": 10.844997179144203, "x7": -1.7764819517569264, "x8": 0.9486412259548416, "x9": 1.008779708911795}, "datetime": {"datetime": "2025-05-19 03:38:10", "elapsed": 4519.557842, "delta": 17.841917}}
{"target": 37.4234803320818, "params": {"x0": 0.8102931191513472, "x1": 3.045168751690866, "x2": 0.06383263924360474, "x3": 6.347835906805485, "x4": 9.891409668699358, "x5": 11.089290891798369, "x6": 10.84499717959606, "x7": -1.7764819512370404, "x8": 0.948641225943769, "x9": 1.0087797088654846}, "datetime": {"datetime": "2025-05-19 03:38:28", "elapsed": 4537.660057, "delta": 18.102215}}
{"target": 37.4234803320818, "params": {"x0": 0.8102931191061533, "x1": 3.0451687517511132, "x2": 0.06383263921549054, "x3": 6.347835906323015, "x4": 9.891409668866324, "x5": 11.089290891933857, "x6": 10.844997179424679, "x7": -1.7764819526430886, "x8": 0.9486412259195238, "x9": 1.0087797088989037}, "datetime": {"datetime": "2025-05-19 03:38:46", "elapsed": 4554.994177, "delta": 17.33412}}
{"target": 37.4234803320818, "params": {"x0": 0.8102931191283785, "x1": 3.04516875193325, "x2": 0.06383263926898179, "x3": 6.347835906372144, "x4": 9.891409668605837, "x5": 11.089290892304673, "x6": 10.844997179400487, "x7": -1.77648195280603, "x8": 0.9486412259727685, "x9": 1.0087797088887385}, "datetime": {"datetime": "2025-05-19 03:39:03", "elapsed": 4572.461547, "delta": 17.46737}}
{"target": 37.4234803320818, "params": {"x0": 0.8102931191352288, "x1": 3.0451687519145847, "x2": 0.06383263926808566, "x3": 6.347835906176191, "x4": 9.891409668300449, "x5": 11.089290892209121, "x6": 10.84499717908912, "x7": -1.7764819509417962, "x8": 0.9486412259721854, "x9": 1.0087797088747466}, "datetime": {"datetime": "2025-05-19 03:39:21", "elapsed": 4590.593894, "delta": 18.132347}}
{"target": 37.4234803320818, "params": {"x0": 0.8102931191193681, "x1": 3.045168752080363, "x2": 0.06383263930927183, "x3": 6.347835906702872, "x4": 9.891409668860602, "x5": 11.089290892230515, "x6": 10.844997179206016, "x7": -1.7764819521245807, "x8": 0.9486412259655517, "x9": 1.0087797088606207}, "datetime": {"datetime": "2025-05-19 03:39:39", "elapsed": 4608.110895, "delta": 17.517001}}
{"target": 37.4234803320818, "params": {"x0": 0.8102931191422524, "x1": 3.0451687519600146, "x2": 0.06383263934034235, "x3": 6.347835906178462, "x4": 9.891409668436356, "x5": 11.089290892311368, "x6": 10.844997179088804, "x7": -1.7764819518263528, "x8": 0.9486412259989825, "x9": 1.008779708873469}, "datetime": {"datetime": "2025-05-19 03:39:57", "elapsed": 4625.771272, "delta": 17.660377}}
{"target": 37.4234803320818, "params": {"x0": 0.8102931191181012, "x1": 3.04516875211188, "x2": 0.06383263935471219, "x3": 6.347835906241415, "x4": 9.891409668421725, "x5": 11.089290892462769, "x6": 10.844997178976495, "x7": -1.7764819525427746, "x8": 0.9486412259641838, "x9": 1.0087797088639014}, "datetime": {"datetime": "2025-05-19 03:40:14", "elapsed": 4643.27454, "delta": 17.503268}}
{"target": 37.4234803320818, "params": {"x0": 0.8102931191321304, "x1": 3.0451687521167075, "x2": 0.06383263938889368, "x3": 6.347835906553644, "x4": 9.891409668481437, "x5": 11.089290892458404, "x6": 10.844997179051816, "x7": -1.7764819514206567, "x8": 0.9486412259920066, "x9": 1.0087797088621142}, "datetime": {"datetime": "2025-05-19 03:40:32", "elapsed": 4661.299909, "delta": 18.025369}}
{"target": 37.4234803320818, "params": {"x0": 0.8102931191238066, "x1": 3.045168752062302, "x2": 0.06383263940070533, "x3": 6.347835906274125, "x4": 9.891409669005043, "x5": 11.089290892528794, "x6": 10.844997178971708, "x7": -1.7764819512917414, "x8": 0.9486412259647742, "x9": 1.008779708848226}, "datetime": {"datetime": "2025-05-19 03:40:50", "elapsed": 4678.765475, "delta": 17.465566}}
{"target": 37.4234803320818, "params": {"x0": 0.8102931191337768, "x1": 3.0451687520773336, "x2": 0.06383263937957077, "x3": 6.3478359063149785, "x4": 9.891409668518541, "x5": 11.08929089262457, "x6": 10.84499717888153, "x7": -1.7764819513664736, "x8": 0.9486412259804051, "x9": 1.0087797088581476}, "datetime": {"datetime": "2025-05-19 03:41:07", "elapsed": 4696.606242, "delta": 17.840767}}
{"target": 37.4234803320818, "params": {"x0": 0.810293119131062, "x1": 3.045168752193481, "x2": 0.06383263941199355, "x3": 6.347835906402281, "x4": 9.891409668953324, "x5": 11.089290892629347, "x6": 10.844997178947079, "x7": -1.7764819515682293, "x8": 0.9486412259776114, "x9": 1.0087797088107973}, "datetime": {"datetime": "2025-05-19 03:41:26", "elapsed": 4714.923503, "delta": 18.317261}}
{"target": 37.4234803320818, "params": {"x0": 0.8102931191314606, "x1": 3.045168752257795, "x2": 0.06383263941194625, "x3": 6.3478359065576795, "x4": 9.891409668759716, "x5": 11.08929089267285, "x6": 10.844997178763816, "x7": -1.7764819513271741, "x8": 0.9486412259817439, "x9": 1.0087797088546104}, "datetime": {"datetime": "2025-05-19 03:41:44", "elapsed": 4733.534938, "delta": 18.611435}}
{"target": 37.4234803320818, "params": {"x0": 0.8102931191256308, "x1": 3.045168752194665, "x2": 0.06383263943059725, "x3": 6.3478359065253365, "x4": 9.891409668541472, "x5": 11.089290892710135, "x6": 10.844997178724674, "x7": -1.77648195161875, "x8": 0.9486412259828112, "x9": 1.008779708850848}, "datetime": {"datetime": "2025-05-19 03:42:02", "elapsed": 4751.521253, "delta": 17.986315}}
{"target": 37.4234803320818, "params": {"x0": 0.8102931191265801, "x1": 3.045168752174054, "x2": 0.0638326394409571, "x3": 6.347835906487801, "x4": 9.891409668759383, "x5": 11.089290892747279, "x6": 10.844997178822144, "x7": -1.7764819515135644, "x8": 0.9486412259826497, "x9": 1.0087797088238526}, "datetime": {"datetime": "2025-05-19 03:42:21", "elapsed": 4770.199593, "delta": 18.67834}}
{"target": 37.4234803320818, "params": {"x0": 0.8102931191282734, "x1": 3.0451687521900404, "x2": 0.06383263944276717, "x3": 6.347835906406339, "x4": 9.891409668583192, "x5": 11.08929089282397, "x6": 10.844997178830218, "x7": -1.7764819513269312, "x8": 0.9486412259864422, "x9": 1.0087797088376298}, "datetime": {"datetime": "2025-05-19 03:42:39", "elapsed": 4788.563614, "delta": 18.364021}}
{"target": 37.4234803320818, "params": {"x0": 0.8102931191319754, "x1": 3.045168752205297, "x2": 0.06383263946775448, "x3": 6.347835906425824, "x4": 9.891409668838673, "x5": 11.089290892826895, "x6": 10.844997178802632, "x7": -1.7764819516598158, "x8": 0.9486412259869142, "x9": 1.0087797088301955}, "datetime": {"datetime": "2025-05-19 03:42:57", "elapsed": 4806.582505, "delta": 18.018891}}
{"target": 37.4234803320818, "params": {"x0": 0.81029311912993, "x1": 3.045168752265222, "x2": 0.06383263946597964, "x3": 6.347835906391778, "x4": 9.891409668793118, "x5": 11.089290892893617, "x6": 10.844997178784244, "x7": -1.776481951785293, "x8": 0.9486412260018321, "x9": 1.0087797088442039}, "datetime": {"datetime": "2025-05-19 03:43:17", "elapsed": 4825.973114, "delta": 19.390609}}
{"target": 37.4234803320818, "params": {"x0": 0.8102931191255703, "x1": 3.0451687522166946, "x2": 0.06383263947346915, "x3": 6.347835906463214, "x4": 9.891409668800916, "x5": 11.089290892862799, "x6": 10.844997178752621, "x7": -1.776481951809681, "x8": 0.9486412260131977, "x9": 1.00877970883757}, "datetime": {"datetime": "2025-05-19 03:43:35", "elapsed": 4843.96335, "delta": 17.990236}}
{"target": 37.4234803320818, "params": {"x0": 0.8102931191292507, "x1": 3.0451687522293662, "x2": 0.06383263947808338, "x3": 6.347835906429958, "x4": 9.891409668701073, "x5": 11.089290892901687, "x6": 10.844997178743265, "x7": -1.7764819514673282, "x8": 0.9486412260018563, "x9": 1.0087797088346617}, "datetime": {"datetime": "2025-05-19 03:43:53", "elapsed": 4861.884076, "delta": 17.920726}}
{"target": 37.4234803320818, "params": {"x0": 0.8102931191309269, "x1": 3.045168752293423, "x2": 0.06383263948062237, "x3": 6.347835906513062, "x4": 9.89140966879544, "x5": 11.089290892915741, "x6": 10.844997178681743, "x7": -1.7764819518835389, "x8": 0.9486412260059277, "x9": 1.0087797088377684}, "datetime": {"datetime": "2025-05-19 03:44:09", "elapsed": 4878.048107, "delta": 16.164031}}
{"target": 37.4234803320818, "params": {"x0": 0.8102931191257288, "x1": 3.045168752253885, "x2": 0.06383263949176289, "x3": 6.3478359064604195, "x4": 9.891409668670184, "x5": 11.08929089292024, "x6": 10.844997178687823, "x7": -1.7764819516825874, "x8": 0.9486412260027117, "x9": 1.0087797088390296}, "datetime": {"datetime": "2025-05-19 03:44:27", "elapsed": 4895.760763, "delta": 17.712656}}
