{"target": 37.4234803320818, "params": {"x0": 0.8102931191315312, "x1": 3.045168752290784, "x2": 0.0638326394866779, "x3": 6.347835906422818, "x4": 9.891409668786462, "x5": 11.089290892955864, "x6": 10.844997178673264, "x7": -1.776481951785501, "x8": 0.9486412259981388, "x9": 1.0087797088264903}, "datetime": {"datetime": "2025-05-19 03:44:45", "elapsed": 4914.283787, "delta": 18.523024}}
{"target": 37.4234803320818, "params": {"x0": 0.8102931191294367, "x1": 3.045168752307405, "x2": 0.06383263949106154, "x3": 6.347835906467543, "x4": 9.891409668739353, "x5": 11.089290892986163, "x6": 10.844997178672136, "x7": -1.7764819517331063, "x8": 0.9486412260003074, "x9": 1.0087797088372759}, "datetime": {"datetime": "2025-05-19 03:45:03", "elapsed": 4932.2125, "delta": 17.928713}}
{"target": 37.4234803320818, "params": {"x0": 0.8102931191271161, "x1": 3.0451687522702056, "x2": 0.06383263949573022, "x3": 6.347835906458007, "x4": 9.8914096686968, "x5": 11.089290892970013, "x6": 10.84499717865214, "x7": -1.7764819517002157, "x8": 0.9486412260029482, "x9": 1.0087797088359958}, "datetime": {"datetime": "2025-05-19 03:45:21", "elapsed": 4950.152646, "delta": 17.940146}}
{"target": 37.4234803320818, "params": {"x0": 0.8102931191278515, "x1": 3.0451687523080446, "x2": 0.06383263949923595, "x3": 6.347835906421492, "x4": 9.891409668735587, "x5": 11.089290892978573, "x6": 10.844997178671592, "x7": -1.776481951725862, "x8": 0.948641226006074, "x9": 1.0087797088332693}, "datetime": {"datetime": "2025-05-19 03:45:39", "elapsed": 4967.961982, "delta": 17.809336}}
{"target": 37.4234803320818, "params": {"x0": 0.8102931191305189, "x1": 3.04516875229202, "x2": 0.06383263950610596, "x3": 6.347835906482523, "x4": 9.891409668757104, "x5": 11.089290892993835, "x6": 10.844997178619119, "x7": -1.7764819515880628, "x8": 0.9486412260019729, "x9": 1.0087797088343549}, "datetime": {"datetime": "2025-05-19 03:45:56", "elapsed": 4985.614795, "delta": 17.652813}}
{"target": 37.4234803320818, "params": {"x0": 0.8102931191275634, "x1": 3.045168752283111, "x2": 0.06383263950480113, "x3": 6.347835906429559, "x4": 9.891409668763858, "x5": 11.089290893000433, "x6": 10.844997178595639, "x7": -1.7764819516727144, "x8": 0.9486412260079785, "x9": 1.00877970883335}, "datetime": {"datetime": "2025-05-19 03:46:14", "elapsed": 5003.241839, "delta": 17.627044}}
{"target": 37.4234803320818, "params": {"x0": 0.8102931191283773, "x1": 3.0451687523230735, "x2": 0.06383263951030542, "x3": 6.347835906462964, "x4": 9.891409668691676, "x5": 11.089290893030835, "x6": 10.844997178647414, "x7": -1.776481951748913, "x8": 0.948641226007245, "x9": 1.0087797088339254}, "datetime": {"datetime": "2025-05-19 03:46:32", "elapsed": 5021.69104, "delta": 18.449201}}
{"target": 37.4234803320818, "params": {"x0": 0.810293119128863, "x1": 3.0451687523162856, "x2": 0.06383263950967653, "x3": 6.347835906426294, "x4": 9.891409668717873, "x5": 11.08929089304123, "x6": 10.844997178619897, "x7": -1.7764819516666652, "x8": 0.9486412260040452, "x9": 1.0087797088268042}, "datetime": {"datetime": "2025-05-19 03:46:50", "elapsed": 5039.186555, "delta": 17.495515}}
{"target": 37.4234803320818, "params": {"x0": 0.8102931191280607, "x1": 3.045168752292671, "x2": 0.06383263951379668, "x3": 6.347835906472994, "x4": 9.891409668730628, "x5": 11.089290893037232, "x6": 10.84499717861922, "x7": -1.7764819516159143, "x8": 0.9486412260096951, "x9": 1.008779708832769}, "datetime": {"datetime": "2025-05-19 03:47:08", "elapsed": 5057.088806, "delta": 17.902251}}
{"target": 37.4234803320818, "params": {"x0": 0.8102931191291007, "x1": 3.0451687523073305, "x2": 0.06383263951334735, "x3": 6.34783590646651, "x4": 9.891409668733072, "x5": 11.089290893047215, "x6": 10.844997178616735, "x7": -1.7764819517005088, "x8": 0.9486412260105472, "x9": 1.0087797088323671}, "datetime": {"datetime": "2025-05-19 03:47:26", "elapsed": 5074.97104, "delta": 17.882234}}
{"target": 37.4234803320818, "params": {"x0": 0.8102931191288055, "x1": 3.045168752305142, "x2": 0.0638326395148043, "x3": 6.3478359064648044, "x4": 9.89140966871305, "x5": 11.089290893037337, "x6": 10.844997178621108, "x7": -1.7764819517040378, "x8": 0.948641226006168, "x9": 1.0087797088264596}, "datetime": {"datetime": "2025-05-19 03:47:43", "elapsed": 5092.408011, "delta": 17.436971}}
{"target": 37.4234803320818, "params": {"x0": 0.8102931191279364, "x1": 3.0451687523063926, "x2": 0.06383263952203991, "x3": 6.347835906447682, "x4": 9.891409668727038, "x5": 11.089290893035848, "x6": 10.844997178626352, "x7": -1.7764819517047776, "x8": 0.9486412260066506, "x9": 1.0087797088289887}, "datetime": {"datetime": "2025-05-19 03:48:02", "elapsed": 5111.463544, "delta": 19.055533}}
{"target": 37.4234803320818, "params": {"x0": 0.8102931191283832, "x1": 3.045168752326948, "x2": 0.06383263951847905, "x3": 6.347835906460338, "x4": 9.891409668738039, "x5": 11.089290893050032, "x6": 10.844997178618355, "x7": -1.7764819516138994, "x8": 0.9486412260098003, "x9": 1.0087797088304244}, "datetime": {"datetime": "2025-05-19 03:48:20", "elapsed": 5129.281449, "delta": 17.817905}}
{"target": 37.4234803320818, "params": {"x0": 0.8102931191287113, "x1": 3.0451687523073208, "x2": 0.06383263951794883, "x3": 6.3478359064633665, "x4": 9.891409668712285, "x5": 11.089290893069482, "x6": 10.844997178614607, "x7": -1.7764819516320005, "x8": 0.9486412260076321, "x9": 1.008779708830528}, "datetime": {"datetime": "2025-05-19 03:48:38", "elapsed": 5147.241589, "delta": 17.96014}}
{"target": 37.4234803320818, "params": {"x0": 0.8102931191286458, "x1": 3.0451687523172684, "x2": 0.06383263951918916, "x3": 6.347835906439914, "x4": 9.891409668720213, "x5": 11.089290893056925, "x6": 10.84499717858084, "x7": -1.776481951621818, "x8": 0.9486412260067539, "x9": 1.0087797088310908}, "datetime": {"datetime": "2025-05-19 03:48:57", "elapsed": 5166.14973, "delta": 18.908141}}
{"target": 37.4234803320818, "params": {"x0": 0.8102931191290441, "x1": 3.04516875231578, "x2": 0.06383263952159697, "x3": 6.347835906448473, "x4": 9.891409668716399, "x5": 11.089290893054532, "x6": 10.844997178606372, "x7": -1.7764819516657944, "x8": 0.9486412260098549, "x9": 1.0087797088310682}, "datetime": {"datetime": "2025-05-19 03:49:15", "elapsed": 5184.209814, "delta": 18.060084}}
{"target": 37.4234803320818, "params": {"x0": 0.8102931191285077, "x1": 3.045168752317372, "x2": 0.06383263952744274, "x3": 6.347835906444715, "x4": 9.89140966871697, "x5": 11.089290893053615, "x6": 10.844997178612653, "x7": -1.7764819516881933, "x8": 0.9486412260109477, "x9": 1.0087797088278276}, "datetime": {"datetime": "2025-05-19 03:49:33", "elapsed": 5202.210784, "delta": 18.00097}}
{"target": 37.4234803320818, "params": {"x0": 0.8102931191291548, "x1": 3.045168752318091, "x2": 0.06383263953037546, "x3": 6.347835906459667, "x4": 9.89140966873656, "x5": 11.089290893058287, "x6": 10.844997178599378, "x7": -1.7764819516583379, "x8": 0.9486412260104519, "x9": 1.0087797088282746}, "datetime": {"datetime": "2025-05-19 03:49:51", "elapsed": 5220.22908, "delta": 18.018296}}
{"target": 37.4234803320818, "params": {"x0": 0.810293119128427, "x1": 3.0451687523207855, "x2": 0.0638326395243198, "x3": 6.347835906446759, "x4": 9.891409668721899, "x5": 11.089290893059182, "x6": 10.844997178601814, "x7": -1.7764819516374688, "x8": 0.9486412260085968, "x9": 1.0087797088303083}, "datetime": {"datetime": "2025-05-19 03:50:09", "elapsed": 5237.881367, "delta": 17.652287}}
{"target": 37.4234803320818, "params": {"x0": 0.8102931191290061, "x1": 3.04516875233183, "x2": 0.06383263952576602, "x3": 6.347835906452497, "x4": 9.891409668724293, "x5": 11.089290893067124, "x6": 10.844997178604, "x7": -1.776481951671052, "x8": 0.9486412260099626, "x9": 1.0087797088291612}, "datetime": {"datetime": "2025-05-19 03:50:27", "elapsed": 5255.827823, "delta": 17.946456}}
{"target": 37.4234803320818, "params": {"x0": 0.8102931191286348, "x1": 3.045168752321734, "x2": 0.06383263952686322, "x3": 6.347835906451854, "x4": 9.891409668729741, "x5": 11.089290893064597, "x6": 10.844997178603503, "x7": -1.7764819516646437, "x8": 0.9486412260084539, "x9": 1.0087797088288601}, "datetime": {"datetime": "2025-05-19 03:50:45", "elapsed": 5273.87502, "delta": 18.047197}}
{"target": 37.4234803320818, "params": {"x0": 0.810293119128724, "x1": 3.045168752316453, "x2": 0.06383263952501439, "x3": 6.347835906450674, "x4": 9.891409668731907, "x5": 11.08929089308542, "x6": 10.844997178600629, "x7": -1.7764819516655428, "x8": 0.9486412260097695, "x9": 1.0087797088301214}, "datetime": {"datetime": "2025-05-19 03:51:03", "elapsed": 5292.45114, "delta": 18.57612}}
{"target": 37.4234803320818, "params": {"x0": 0.8102931191288117, "x1": 3.0451687523221436, "x2": 0.06383263952458755, "x3": 6.347835906448002, "x4": 9.891409668720456, "x5": 11.089290893068632, "x6": 10.844997178595959, "x7": -1.7764819516450443, "x8": 0.9486412260087143, "x9": 1.008779708829463}, "datetime": {"datetime": "2025-05-19 03:51:22", "elapsed": 5310.91268, "delta": 18.46154}}
{"target": 37.4234803320818, "params": {"x0": 0.8102931191287248, "x1": 3.0451687523198117, "x2": 0.06383263952667285, "x3": 6.347835906448347, "x4": 9.891409668723117, "x5": 11.089290893079236, "x6": 10.84499717860079, "x7": -1.776481951643081, "x8": 0.9486412260088152, "x9": 1.0087797088299038}, "datetime": {"datetime": "2025-05-19 03:51:40", "elapsed": 5328.942868, "delta": 18.030188}}
{"target": 37.4234803320818, "params": {"x0": 0.8102931191288483, "x1": 3.0451687523180864, "x2": 0.06383263952790694, "x3": 6.34783590644841, "x4": 9.89140966872021, "x5": 11.089290893073986, "x6": 10.84499717860049, "x7": -1.7764819516571337, "x8": 0.948641226008711, "x9": 1.0087797088294155}, "datetime": {"datetime": "2025-05-19 03:51:58", "elapsed": 5346.892683, "delta": 17.949815}}
{"target": 37.4234803320818, "params": {"x0": 0.8102931191286998, "x1": 3.045168752323709, "x2": 0.06383263952767859, "x3": 6.3478359064538985, "x4": 9.891409668725684, "x5": 11.089290893074896, "x6": 10.84499717859798, "x7": -1.7764819516519665, "x8": 0.9486412260100416, "x9": 1.0087797088295365}, "datetime": {"datetime": "2025-05-19 03:52:16", "elapsed": 5365.513612, "delta": 18.620929}}
{"target": 37.4234803320818, "params": {"x0": 0.8102931191289074, "x1": 3.0451687523187068, "x2": 0.06383263952684771, "x3": 6.347835906449901, "x4": 9.891409668723938, "x5": 11.089290893082884, "x6": 10.844997178589823, "x7": -1.7764819516450274, "x8": 0.9486412260095435, "x9": 1.0087797088295305}, "datetime": {"datetime": "2025-05-19 03:52:34", "elapsed": 5383.335522, "delta": 17.82191}}
{"target": 37.4234803320818, "params": {"x0": 0.8102931191288123, "x1": 3.045168752321036, "x2": 0.06383263952656351, "x3": 6.347835906453762, "x4": 9.89140966872509, "x5": 11.089290893077372, "x6": 10.844997178594024, "x7": -1.7764819516455634, "x8": 0.948641226009716, "x9": 1.0087797088291293}, "datetime": {"datetime": "2025-05-19 03:52:52", "elapsed": 5401.201891, "delta": 17.866369}}
{"target": 37.4234803320818, "params": {"x0": 0.8102931191288888, "x1": 3.0451687523212754, "x2": 0.06383263952914035, "x3": 6.34783590645013, "x4": 9.891409668724126, "x5": 11.089290893075377, "x6": 10.844997178595696, "x7": -1.7764819516646018, "x8": 0.9486412260089683, "x9": 1.008779708829462}, "datetime": {"datetime": "2025-05-19 03:53:10", "elapsed": 5419.031128, "delta": 17.829237}}
{"target": 37.4234803320818, "params": {"x0": 0.8102931191289156, "x1": 3.045168752325258, "x2": 0.06383263952690843, "x3": 6.347835906452786, "x4": 9.8914096687236, "x5": 11.089290893078793, "x6": 10.844997178591804, "x7": -1.776481951651904, "x8": 0.9486412260089498, "x9": 1.0087797088291897}, "datetime": {"datetime": "2025-05-19 03:53:27", "elapsed": 5436.687992, "delta": 17.656864}}
{"target": 37.4234803320818, "params": {"x0": 0.8102931191288816, "x1": 3.0451687523247446, "x2": 0.0638326395287003, "x3": 6.347835906449791, "x4": 9.891409668721831, "x5": 11.089290893080175, "x6": 10.844997178593031, "x7": -1.776481951660312, "x8": 0.9486412260094742, "x9": 1.0087797088295014}, "datetime": {"datetime": "2025-05-19 03:53:46", "elapsed": 5454.876115, "delta": 18.188123}}
{"target": 37.4234803320818, "params": {"x0": 0.8102931191287237, "x1": 3.0451687523218296, "x2": 0.0638326395278901, "x3": 6.34783590645199, "x4": 9.891409668723984, "x5": 11.08929089307558, "x6": 10.84499717859305, "x7": -1.776481951652434, "x8": 0.9486412260095262, "x9": 1.0087797088290005}, "datetime": {"datetime": "2025-05-19 03:54:03", "elapsed": 5472.644829, "delta": 17.768714}}
{"target": 37.4234803320818, "params": {"x0": 0.8102931191288661, "x1": 3.045168752321063, "x2": 0.06383263952756636, "x3": 6.34783590644984, "x4": 9.891409668726292, "x5": 11.089290893080761, "x6": 10.844997178589358, "x7": -1.7764819516602162, "x8": 0.9486412260093873, "x9": 1.0087797088289716}, "datetime": {"datetime": "2025-05-19 03:54:22", "elapsed": 5491.123676, "delta": 18.478847}}
{"target": 37.4234803320818, "params": {"x0": 0.810293119128834, "x1": 3.0451687523243787, "x2": 0.06383263952810196, "x3": 6.34783590645256, "x4": 9.891409668725831, "x5": 11.089290893079367, "x6": 10.844997178590184, "x7": -1.7764819516543005, "x8": 0.9486412260096533, "x9": 1.0087797088294668}, "datetime": {"datetime": "2025-05-19 03:54:40", "elapsed": 5509.516187, "delta": 18.392511}}
{"target": 37.4234803320818, "params": {"x0": 0.810293119128782, "x1": 3.045168752321508, "x2": 0.06383263952802909, "x3": 6.3478359064528425, "x4": 9.89140966872644, "x5": 11.089290893079323, "x6": 10.844997178590843, "x7": -1.7764819516569739, "x8": 0.9486412260092161, "x9": 1.0087797088294193}, "datetime": {"datetime": "2025-05-19 03:54:59", "elapsed": 5527.932783, "delta": 18.416596}}
{"target": 37.4234803320818, "params": {"x0": 0.8102931191287983, "x1": 3.0451687523245687, "x2": 0.06383263952784334, "x3": 6.347835906450871, "x4": 9.891409668723242, "x5": 11.089290893076836, "x6": 10.844997178591045, "x7": -1.7764819516514376, "x8": 0.9486412260095087, "x9": 1.0087797088291084}, "datetime": {"datetime": "2025-05-19 03:55:17", "elapsed": 5546.41458, "delta": 18.481797}}
{"target": 37.4234803320818, "params": {"x0": 0.8102931191288, "x1": 3.0451687523228865, "x2": 0.06383263952905359, "x3": 6.347835906451318, "x4": 9.891409668725775, "x5": 11.089290893077182, "x6": 10.844997178591104, "x7": -1.7764819516578547, "x8": 0.9486412260094217, "x9": 1.0087797088291426}, "datetime": {"datetime": "2025-05-19 03:55:35", "elapsed": 5564.350386, "delta": 17.935806}}
{"target": 37.4234803320818, "params": {"x0": 0.8102931191287577, "x1": 3.0451687523221307, "x2": 0.06383263952929957, "x3": 6.3478359064515475, "x4": 9.89140966872359, "x5": 11.089290893081209, "x6": 10.844997178589388, "x7": -1.7764819516553878, "x8": 0.9486412260097045, "x9": 1.0087797088291444}, "datetime": {"datetime": "2025-05-19 03:55:53", "elapsed": 5582.682094, "delta": 18.331708}}
{"target": 37.4234803320818, "params": {"x0": 0.8102931191287667, "x1": 3.045168752324327, "x2": 0.06383263952896495, "x3": 6.347835906452329, "x4": 9.89140966872449, "x5": 11.089290893081943, "x6": 10.844997178590607, "x7": -1.7764819516562003, "x8": 0.948641226009389, "x9": 1.0087797088293724}, "datetime": {"datetime": "2025-05-19 03:56:13", "elapsed": 5602.179679, "delta": 19.497585}}
{"target": 37.4234803320818, "params": {"x0": 0.8102931191287622, "x1": 3.045168752323623, "x2": 0.06383263952911539, "x3": 6.347835906451252, "x4": 9.891409668724062, "x5": 11.089290893080667, "x6": 10.844997178590551, "x7": -1.776481951657075, "x8": 0.9486412260093839, "x9": 1.0087797088293462}, "datetime": {"datetime": "2025-05-19 03:56:32", "elapsed": 5621.480546, "delta": 19.300867}}
{"target": 37.4234803320818, "params": {"x0": 0.8102931191288048, "x1": 3.0451687523225917, "x2": 0.06383263952800548, "x3": 6.347835906451614, "x4": 9.891409668724231, "x5": 11.089290893081586, "x6": 10.84499717859053, "x7": -1.7764819516580739, "x8": 0.948641226009608, "x9": 1.0087797088292505}, "datetime": {"datetime": "2025-05-19 03:56:51", "elapsed": 5639.800463, "delta": 18.319917}}
{"target": 37.4234803320818, "params": {"x0": 0.8102931191288195, "x1": 3.0451687523240953, "x2": 0.06383263952812639, "x3": 6.3478359064515875, "x4": 9.89140966872429, "x5": 11.08929089308076, "x6": 10.844997178591049, "x7": -1.7764819516544827, "x8": 0.9486412260096465, "x9": 1.0087797088292718}, "datetime": {"datetime": "2025-05-19 03:57:09", "elapsed": 5658.230461, "delta": 18.429998}}
{"target": 37.4234803320818, "params": {"x0": 0.8102931191287843, "x1": 3.0451687523229864, "x2": 0.0638326395289123, "x3": 6.347835906452163, "x4": 9.89140966872455, "x5": 11.089290893079976, "x6": 10.844997178590189, "x7": -1.7764819516535997, "x8": 0.9486412260095802, "x9": 1.0087797088292554}, "datetime": {"datetime": "2025-05-19 03:57:27", "elapsed": 5676.729297, "delta": 18.498836}}
{"target": 37.4234803320818, "params": {"x0": 0.8102931191288225, "x1": 3.0451687523235456, "x2": 0.06383263952868017, "x3": 6.347835906452121, "x4": 9.89140966872383, "x5": 11.08929089307911, "x6": 10.844997178591857, "x7": -1.7764819516572223, "x8": 0.9486412260095863, "x9": 1.008779708829169}, "datetime": {"datetime": "2025-05-19 03:57:46", "elapsed": 5694.847726, "delta": 18.118429}}
{"target": 37.4234803320818, "params": {"x0": 0.8102931191288022, "x1": 3.0451687523233413, "x2": 0.06383263952820788, "x3": 6.347835906452108, "x4": 9.89140966872464, "x5": 11.08929089307969, "x6": 10.84499717859051, "x7": -1.7764819516571815, "x8": 0.9486412260094724, "x9": 1.0087797088292512}, "datetime": {"datetime": "2025-05-19 03:58:05", "elapsed": 5714.684416, "delta": 19.83669}}
{"target": 37.4234803320818, "params": {"x0": 0.8102931191287881, "x1": 3.0451687523235362, "x2": 0.0638326395283224, "x3": 6.347835906451914, "x4": 9.891409668724773, "x5": 11.08929089308114, "x6": 10.844997178591866, "x7": -1.776481951654645, "x8": 0.9486412260095842, "x9": 1.0087797088292905}, "datetime": {"datetime": "2025-05-19 03:58:24", "elapsed": 5732.966616, "delta": 18.2822}}
{"target": 37.4234803320818, "params": {"x0": 0.8102931191288123, "x1": 3.0451687523236433, "x2": 0.06383263952846828, "x3": 6.347835906451861, "x4": 9.891409668724005, "x5": 11.089290893079523, "x6": 10.844997178590695, "x7": -1.7764819516548715, "x8": 0.9486412260095316, "x9": 1.0087797088292134}, "datetime": {"datetime": "2025-05-19 03:58:43", "elapsed": 5751.954113, "delta": 18.987497}}
{"target": 37.4234803320818, "params": {"x0": 0.8102931191288057, "x1": 3.045168752323122, "x2": 0.06383263952852178, "x3": 6.347835906451688, "x4": 9.891409668724156, "x5": 11.08929089308061, "x6": 10.844997178591601, "x7": -1.7764819516548649, "x8": 0.948641226009552, "x9": 1.008779708829203}, "datetime": {"datetime": "2025-05-19 03:59:01", "elapsed": 5770.254786, "delta": 18.300673}}
{"target": 37.4234803320818, "params": {"x0": 0.8102931191287889, "x1": 3.045168752322833, "x2": 0.06383263952855188, "x3": 6.347835906451331, "x4": 9.891409668724142, "x5": 11.089290893079696, "x6": 10.844997178591786, "x7": -1.7764819516567103, "x8": 0.9486412260095227, "x9": 1.0087797088292558}, "datetime": {"datetime": "2025-05-19 03:59:20", "elapsed": 5789.498561, "delta": 19.243775}}
{"target": 37.4234803320818, "params": {"x0": 0.8102931191287849, "x1": 3.0451687523233826, "x2": 0.06383263952871872, "x3": 6.347835906451671, "x4": 9.891409668724693, "x5": 11.089290893080038, "x6": 10.844997178591, "x7": -1.7764819516553003, "x8": 0.9486412260095503, "x9": 1.0087797088292185}, "datetime": {"datetime": "2025-05-19 03:59:39", "elapsed": 5808.419187, "delta": 18.920626}}
{"target": 37.4234803320818, "params": {"x0": 0.8102931191287974, "x1": 3.0451687523232276, "x2": 0.06383263952860307, "x3": 6.347835906451866, "x4": 9.89140966872444, "x5": 11.089290893079788, "x6": 10.844997178591699, "x7": -1.776481951654627, "x8": 0.9486412260094866, "x9": 1.0087797088292378}, "datetime": {"datetime": "2025-05-19 03:59:58", "elapsed": 5827.234892, "delta": 18.815705}}
{"target": 37.4234803320818, "params": {"x0": 0.8102931191287959, "x1": 3.0451687523230495, "x2": 0.0638326395285063, "x3": 6.347835906451864, "x4": 9.891409668724261, "x5": 11.089290893080417, "x6": 10.844997178591, "x7": -1.7764819516548092, "x8": 0.9486412260094739, "x9": 1.0087797088292485}, "datetime": {"datetime": "2025-05-19 04:00:18", "elapsed": 5847.13347, "delta": 19.898578}}
{"target": 37.4234803320818, "params": {"x0": 0.8102931191287887, "x1": 3.045168752323064, "x2": 0.06383263952849584, "x3": 6.347835906451797, "x4": 9.891409668724721, "x5": 11.089290893080882, "x6": 10.844997178591825, "x7": -1.7764819516554409, "x8": 0.9486412260094583, "x9": 1.008779708829259}, "datetime": {"datetime": "2025-05-19 04:00:36", "elapsed": 5865.393212, "delta": 18.259742}}
{"target": 37.4234803320818, "params": {"x0": 0.8102931191287898, "x1": 3.045168752323025, "x2": 0.06383263952862894, "x3": 6.347835906451787, "x4": 9.891409668724188, "x5": 11.089290893079973, "x6": 10.844997178591777, "x7": -1.7764819516556425, "x8": 0.9486412260095122, "x9": 1.0087797088292638}, "datetime": {"datetime": "2025-05-19 04:00:55", "elapsed": 5884.39828, "delta": 19.005068}}
{"target": 37.4234803320818, "params": {"x0": 0.8102931191287926, "x1": 3.045168752323297, "x2": 0.0638326395285965, "x3": 6.347835906451594, "x4": 9.891409668724508, "x5": 11.089290893080692, "x6": 10.844997178591482, "x7": -1.7764819516551145, "x8": 0.9486412260094828, "x9": 1.0087797088292374}, "datetime": {"datetime": "2025-05-19 04:01:14", "elapsed": 5903.160437, "delta": 18.762157}}
{"target": 37.4234803320818, "params": {"x0": 0.8102931191287899, "x1": 3.0451687523233173, "x2": 0.0638326395285004, "x3": 6.347835906451629, "x4": 9.891409668724549, "x5": 11.089290893080285, "x6": 10.84499717859132, "x7": -1.7764819516553627, "x8": 0.948641226009481, "x9": 1.0087797088292518}, "datetime": {"datetime": "2025-05-19 04:01:33", "elapsed": 5922.174799, "delta": 19.014362}}
