{"target": 5.814315354591316e-08, "params": {"x0": 0.91215252556465, "x1": 9.513106237285692, "x2": 1.6135123756574952, "x3": 1.368062118305552, "x4": 1.1212661530186854, "x5": 10.078468079170884, "x6": 0.36716161459321184, "x7": 18.757535923353625, "x8": 1.69106770928055, "x9": 1.1340441864781918}, "datetime": {"datetime": "2025-05-10 04:48:37", "elapsed": 2174.875594, "delta": 9.350498}}
{"target": 5.814315354591316e-08, "params": {"x0": 0.9121525255690732, "x1": 9.513106237265779, "x2": 1.6135123756225398, "x3": 1.3680621182703587, "x4": 1.1212661529491257, "x5": 10.078468079199869, "x6": 0.3671616145616984, "x7": 18.75753592331565, "x8": 1.6910677092865567, "x9": 1.1340441864875286}, "datetime": {"datetime": "2025-05-10 04:48:48", "elapsed": 2185.106986, "delta": 10.231392}}
{"target": 5.814315354591316e-08, "params": {"x0": 0.9121525255697968, "x1": 9.513106237278985, "x2": 1.6135123756160195, "x3": 1.3680621182336186, "x4": 1.1212661529625354, "x5": 10.078468079224516, "x6": 0.36716161450040724, "x7": 18.757535923437395, "x8": 1.6910677092902209, "x9": 1.1340441864975226}, "datetime": {"datetime": "2025-05-10 04:48:57", "elapsed": 2194.410218, "delta": 9.303232}}
{"target": 5.814315354591316e-08, "params": {"x0": 0.912152525569849, "x1": 9.513106237300233, "x2": 1.613512375661021, "x3": 1.36806211823973, "x4": 1.1212661529413261, "x5": 10.078468079257686, "x6": 0.36716161449341583, "x7": 18.75753592330715, "x8": 1.6910677092789452, "x9": 1.134044186508607}, "datetime": {"datetime": "2025-05-10 04:49:07", "elapsed": 2204.761791, "delta": 10.351573}}
{"target": 5.814315354591316e-08, "params": {"x0": 0.9121525255681167, "x1": 9.513106237315935, "x2": 1.613512375654411, "x3": 1.3680621182505774, "x4": 1.1212661528486132, "x5": 10.078468079257133, "x6": 0.36716161448700435, "x7": 18.757535923380665, "x8": 1.6910677092905528, "x9": 1.1340441864922095}, "datetime": {"datetime": "2025-05-10 04:49:16", "elapsed": 2213.82172, "delta": 9.059929}}
{"target": 5.814315354591316e-08, "params": {"x0": 0.912152525568572, "x1": 9.513106237311206, "x2": 1.6135123756647625, "x3": 1.3680621182305086, "x4": 1.121266152927216, "x5": 10.078468079281778, "x6": 0.3671616144456888, "x7": 18.75753592333553, "x8": 1.691067709306108, "x9": 1.1340441864927786}, "datetime": {"datetime": "2025-05-10 04:49:26", "elapsed": 2223.618783, "delta": 9.797063}}
{"target": 5.814315354591316e-08, "params": {"x0": 0.9121525255675841, "x1": 9.513106237326166, "x2": 1.6135123756260734, "x3": 1.3680621182143167, "x4": 1.1212661528355832, "x5": 10.078468079304649, "x6": 0.3671616144511633, "x7": 18.757535923372025, "x8": 1.691067709285314, "x9": 1.1340441864924262}, "datetime": {"datetime": "2025-05-10 04:49:36", "elapsed": 2233.374801, "delta": 9.756018}}
{"target": 5.814315354591316e-08, "params": {"x0": 0.9121525255677526, "x1": 9.513106237324566, "x2": 1.6135123755076661, "x3": 1.3680621182183672, "x4": 1.1212661529058305, "x5": 10.07846807929752, "x6": 0.3671616144014477, "x7": 18.75753592337958, "x8": 1.6910677092875368, "x9": 1.1340441864968598}, "datetime": {"datetime": "2025-05-10 04:49:46", "elapsed": 2243.544463, "delta": 10.169662}}
{"target": 5.814315354591316e-08, "params": {"x0": 0.9121525255671608, "x1": 9.513106237333009, "x2": 1.6135123756273766, "x3": 1.3680621182110744, "x4": 1.1212661529250025, "x5": 10.078468079402242, "x6": 0.3671616143797032, "x7": 18.757535923272723, "x8": 1.6910677093011524, "x9": 1.1340441864919595}, "datetime": {"datetime": "2025-05-10 04:49:56", "elapsed": 2253.106807, "delta": 9.562344}}
{"target": 5.814315354591316e-08, "params": {"x0": 0.9121525255676791, "x1": 9.513106237347003, "x2": 1.6135123756236676, "x3": 1.368062118196933, "x4": 1.121266152827464, "x5": 10.07846807935627, "x6": 0.36716161440742706, "x7": 18.757535923305856, "x8": 1.6910677092917243, "x9": 1.134044186499075}, "datetime": {"datetime": "2025-05-10 04:50:05", "elapsed": 2262.564995, "delta": 9.458188}}
{"target": 5.814315354591316e-08, "params": {"x0": 0.9121525255676624, "x1": 9.513106237341203, "x2": 1.6135123756283185, "x3": 1.368062118151482, "x4": 1.1212661529328252, "x5": 10.078468079386225, "x6": 0.36716161438795075, "x7": 18.75753592327829, "x8": 1.6910677093052726, "x9": 1.134044186493325}, "datetime": {"datetime": "2025-05-10 04:50:15", "elapsed": 2272.360738, "delta": 9.795743}}
{"target": 5.814315354591316e-08, "params": {"x0": 0.912152525566997, "x1": 9.513106237347065, "x2": 1.6135123755899201, "x3": 1.3680621181993389, "x4": 1.1212661528818708, "x5": 10.078468079360343, "x6": 0.36716161437183026, "x7": 18.75753592326984, "x8": 1.691067709294558, "x9": 1.1340441864960467}, "datetime": {"datetime": "2025-05-10 04:50:24", "elapsed": 2281.960026, "delta": 9.599288}}
{"target": 5.814315354591316e-08, "params": {"x0": 0.912152525567659, "x1": 9.513106237365651, "x2": 1.6135123756016434, "x3": 1.3680621181898907, "x4": 1.1212661529120698, "x5": 10.07846807937194, "x6": 0.36716161437385053, "x7": 18.757535923204316, "x8": 1.6910677093002104, "x9": 1.1340441864948843}, "datetime": {"datetime": "2025-05-10 04:50:34", "elapsed": 2291.553957, "delta": 9.593931}}
{"target": 5.814315354591316e-08, "params": {"x0": 0.9121525255656291, "x1": 9.513106237357963, "x2": 1.6135123756153014, "x3": 1.3680621181946724, "x4": 1.1212661528834107, "x5": 10.07846807937995, "x6": 0.3671616143600005, "x7": 18.75753592321554, "x8": 1.6910677092977802, "x9": 1.134044186498962}, "datetime": {"datetime": "2025-05-10 04:50:43", "elapsed": 2300.928149, "delta": 9.374192}}
{"target": 5.814315354591316e-08, "params": {"x0": 0.9121525255670779, "x1": 9.51310623735725, "x2": 1.613512375593326, "x3": 1.36806211817851, "x4": 1.1212661529007535, "x5": 10.078468079408815, "x6": 0.3671616143509002, "x7": 18.757535923269025, "x8": 1.691067709302023, "x9": 1.1340441865054356}, "datetime": {"datetime": "2025-05-10 04:50:54", "elapsed": 2311.741699, "delta": 10.81355}}
{"target": 5.814315354591316e-08, "params": {"x0": 0.9121525255659229, "x1": 9.513106237363479, "x2": 1.6135123756045477, "x3": 1.3680621181792967, "x4": 1.1212661528562466, "x5": 10.078468079406843, "x6": 0.3671616143414003, "x7": 18.75753592325047, "x8": 1.6910677092915147, "x9": 1.134044186497343}, "datetime": {"datetime": "2025-05-10 04:51:04", "elapsed": 2322.076616, "delta": 10.334917}}
{"target": 5.814315354591316e-08, "params": {"x0": 0.9121525255668826, "x1": 9.513106237367852, "x2": 1.6135123755885836, "x3": 1.3680621181860086, "x4": 1.121266152877325, "x5": 10.078468079440176, "x6": 0.36716161433017613, "x7": 18.75753592326151, "x8": 1.6910677092925794, "x9": 1.1340441864987976}, "datetime": {"datetime": "2025-05-10 04:51:16", "elapsed": 2333.790511, "delta": 11.713895}}
{"target": 5.814315354591316e-08, "params": {"x0": 0.9121525255660395, "x1": 9.513106237365957, "x2": 1.6135123755959948, "x3": 1.3680621181824553, "x4": 1.121266152867919, "x5": 10.078468079415668, "x6": 0.3671616143344854, "x7": 18.75753592323826, "x8": 1.6910677092970854, "x9": 1.1340441864976911}, "datetime": {"datetime": "2025-05-10 04:51:26", "elapsed": 2344.038187, "delta": 10.247676}}
{"target": 5.814315354591316e-08, "params": {"x0": 0.912152525566717, "x1": 9.513106237371357, "x2": 1.6135123755849725, "x3": 1.368062118171299, "x4": 1.1212661529045092, "x5": 10.078468079418247, "x6": 0.3671616143254142, "x7": 18.757535923257834, "x8": 1.691067709292879, "x9": 1.134044186499601}, "datetime": {"datetime": "2025-05-10 04:51:37", "elapsed": 2354.741305, "delta": 10.703118}}
{"target": 5.814315354591316e-08, "params": {"x0": 0.9121525255665316, "x1": 9.513106237370705, "x2": 1.613512375565683, "x3": 1.3680621181571753, "x4": 1.1212661528997248, "x5": 10.078468079426353, "x6": 0.3671616143228756, "x7": 18.75753592326662, "x8": 1.6910677092928275, "x9": 1.1340441864991828}, "datetime": {"datetime": "2025-05-10 04:51:47", "elapsed": 2364.303709, "delta": 9.562404}}
{"target": 5.814315354591316e-08, "params": {"x0": 0.9121525255662115, "x1": 9.513106237378755, "x2": 1.613512375585938, "x3": 1.368062118169273, "x4": 1.1212661528927885, "x5": 10.078468079432275, "x6": 0.3671616143115831, "x7": 18.7575359232613, "x8": 1.6910677092944355, "x9": 1.1340441864994797}, "datetime": {"datetime": "2025-05-10 04:51:57", "elapsed": 2374.965831, "delta": 10.662122}}
{"target": 5.814315354591316e-08, "params": {"x0": 0.9121525255667243, "x1": 9.513106237383218, "x2": 1.613512375588342, "x3": 1.368062118160223, "x4": 1.121266152896581, "x5": 10.078468079432149, "x6": 0.36716161430886035, "x7": 18.757535923247147, "x8": 1.691067709299197, "x9": 1.1340441864992008}, "datetime": {"datetime": "2025-05-10 04:52:09", "elapsed": 2386.884082, "delta": 11.918251}}
{"target": 5.814315354591316e-08, "params": {"x0": 0.9121525255665999, "x1": 9.513106237378839, "x2": 1.6135123755727836, "x3": 1.3680621181723172, "x4": 1.1212661528965566, "x5": 10.078468079461416, "x6": 0.3671616143133628, "x7": 18.75753592325635, "x8": 1.6910677092983517, "x9": 1.134044186502022}, "datetime": {"datetime": "2025-05-10 04:52:19", "elapsed": 2397.047913, "delta": 10.163831}}
{"target": 5.814315354591316e-08, "params": {"x0": 0.9121525255664678, "x1": 9.513106237383596, "x2": 1.6135123755855691, "x3": 1.3680621181622068, "x4": 1.1212661528887993, "x5": 10.078468079439883, "x6": 0.3671616143060585, "x7": 18.75753592324598, "x8": 1.6910677092946864, "x9": 1.1340441865002355}, "datetime": {"datetime": "2025-05-10 04:52:30", "elapsed": 2407.309979, "delta": 10.262066}}
{"target": 5.814315354591316e-08, "params": {"x0": 0.9121525255663459, "x1": 9.513106237380699, "x2": 1.6135123755866991, "x3": 1.368062118168549, "x4": 1.12126615288184, "x5": 10.078468079441214, "x6": 0.36716161429496874, "x7": 18.757535923249957, "x8": 1.691067709294614, "x9": 1.1340441865002484}, "datetime": {"datetime": "2025-05-10 04:52:40", "elapsed": 2417.59506, "delta": 10.285081}}
{"target": 5.814315354591316e-08, "params": {"x0": 0.912152525566288, "x1": 9.513106237382223, "x2": 1.613512375583084, "x3": 1.3680621181549673, "x4": 1.1212661528838224, "x5": 10.07846807944584, "x6": 0.36716161429913385, "x7": 18.75753592322351, "x8": 1.6910677092967028, "x9": 1.1340441864999378}, "datetime": {"datetime": "2025-05-10 04:52:50", "elapsed": 2427.351532, "delta": 9.756472}}
{"target": 5.814315354591316e-08, "params": {"x0": 0.9121525255657896, "x1": 9.513106237384042, "x2": 1.6135123755857026, "x3": 1.3680621181653871, "x4": 1.121266152880408, "x5": 10.078468079453328, "x6": 0.3671616143016032, "x7": 18.7575359232348, "x8": 1.691067709295038, "x9": 1.1340441865002706}, "datetime": {"datetime": "2025-05-10 04:53:02", "elapsed": 2439.220229, "delta": 11.868697}}
{"target": 5.814315354591316e-08, "params": {"x0": 0.9121525255660754, "x1": 9.513106237387115, "x2": 1.6135123755829337, "x3": 1.3680621181624937, "x4": 1.1212661528832304, "x5": 10.078468079451486, "x6": 0.36716161427567945, "x7": 18.757535923243324, "x8": 1.6910677092966375, "x9": 1.1340441865009065}, "datetime": {"datetime": "2025-05-10 04:53:13", "elapsed": 2450.367124, "delta": 11.146895}}
{"target": 5.814315354591316e-08, "params": {"x0": 0.9121525255661305, "x1": 9.513106237382953, "x2": 1.6135123755679308, "x3": 1.3680621181626589, "x4": 1.1212661528872485, "x5": 10.078468079459697, "x6": 0.3671616142843019, "x7": 18.757535923227156, "x8": 1.691067709295275, "x9": 1.1340441865013262}, "datetime": {"datetime": "2025-05-10 04:53:23", "elapsed": 2460.448667, "delta": 10.081543}}
{"target": 5.814315354591316e-08, "params": {"x0": 0.9121525255661239, "x1": 9.513106237382818, "x2": 1.6135123755715384, "x3": 1.368062118162048, "x4": 1.1212661528861172, "x5": 10.078468079486033, "x6": 0.36716161429208327, "x7": 18.75753592323592, "x8": 1.6910677092955977, "x9": 1.134044186500839}, "datetime": {"datetime": "2025-05-10 04:53:33", "elapsed": 2470.953306, "delta": 10.504639}}
{"target": 5.814315354591316e-08, "params": {"x0": 0.9121525255661649, "x1": 9.513106237388033, "x2": 1.613512375581396, "x3": 1.3680621181630233, "x4": 1.1212661528784764, "x5": 10.078468079459057, "x6": 0.36716161429018646, "x7": 18.75753592324041, "x8": 1.6910677092956368, "x9": 1.1340441865018474}, "datetime": {"datetime": "2025-05-10 04:53:44", "elapsed": 2481.540797, "delta": 10.587491}}
{"target": 5.814315354591316e-08, "params": {"x0": 0.9121525255663324, "x1": 9.5131062373873, "x2": 1.6135123755759255, "x3": 1.3680621181560815, "x4": 1.1212661528867405, "x5": 10.07846807947285, "x6": 0.3671616142898394, "x7": 18.757535923215737, "x8": 1.691067709296452, "x9": 1.1340441865017292}, "datetime": {"datetime": "2025-05-10 04:53:54", "elapsed": 2491.873998, "delta": 10.333201}}
{"target": 5.814315354591316e-08, "params": {"x0": 0.9121525255662508, "x1": 9.513106237385932, "x2": 1.6135123755801095, "x3": 1.3680621181545618, "x4": 1.1212661528809613, "x5": 10.07846807946286, "x6": 0.3671616142877432, "x7": 18.757535923236773, "x8": 1.6910677092965498, "x9": 1.1340441865013502}, "datetime": {"datetime": "2025-05-10 04:54:04", "elapsed": 2501.985605, "delta": 10.111607}}
{"target": 5.814315354591316e-08, "params": {"x0": 0.9121525255659815, "x1": 9.513106237385042, "x2": 1.6135123755756637, "x3": 1.3680621181577282, "x4": 1.1212661528821681, "x5": 10.078468079462143, "x6": 0.36716161428973904, "x7": 18.757535923234435, "x8": 1.6910677092957935, "x9": 1.134044186501328}, "datetime": {"datetime": "2025-05-10 04:54:15", "elapsed": 2512.774705, "delta": 10.7891}}
{"target": 5.814315354591316e-08, "params": {"x0": 0.9121525255660674, "x1": 9.513106237385845, "x2": 1.61351237557836, "x3": 1.3680621181586285, "x4": 1.1212661528820056, "x5": 10.078468079466656, "x6": 0.36716161428562244, "x7": 18.757535923231938, "x8": 1.6910677092965365, "x9": 1.1340441865015096}, "datetime": {"datetime": "2025-05-10 04:54:25", "elapsed": 2522.720593, "delta": 9.945888}}
{"target": 5.814315354591316e-08, "params": {"x0": 0.9121525255662593, "x1": 9.513106237388461, "x2": 1.6135123755739171, "x3": 1.3680621181590273, "x4": 1.12126615288235, "x5": 10.078468079460801, "x6": 0.3671616142846045, "x7": 18.757535923230613, "x8": 1.6910677092968196, "x9": 1.134044186501852}, "datetime": {"datetime": "2025-05-10 04:54:36", "elapsed": 2533.218903, "delta": 10.49831}}
{"target": 5.814315354591316e-08, "params": {"x0": 0.9121525255662054, "x1": 9.513106237386328, "x2": 1.6135123755745346, "x3": 1.368062118160113, "x4": 1.1212661528838908, "x5": 10.078468079476648, "x6": 0.3671616142829525, "x7": 18.75753592322837, "x8": 1.6910677092966124, "x9": 1.134044186501795}, "datetime": {"datetime": "2025-05-10 04:54:47", "elapsed": 2544.974648, "delta": 11.755745}}
{"target": 5.814315354591316e-08, "params": {"x0": 0.9121525255660646, "x1": 9.513106237390275, "x2": 1.6135123755784924, "x3": 1.3680621181565462, "x4": 1.1212661528797119, "x5": 10.078468079466811, "x6": 0.3671616142878413, "x7": 18.757535923224093, "x8": 1.6910677092967359, "x9": 1.134044186501548}, "datetime": {"datetime": "2025-05-10 04:55:00", "elapsed": 2557.205493, "delta": 12.230845}}
{"target": 5.814315354591316e-08, "params": {"x0": 0.9121525255662217, "x1": 9.513106237388419, "x2": 1.613512375573735, "x3": 1.3680621181597084, "x4": 1.1212661528802723, "x5": 10.0784680794644, "x6": 0.3671616142812098, "x7": 18.757535923227216, "x8": 1.6910677092965107, "x9": 1.1340441865010364}, "datetime": {"datetime": "2025-05-10 04:55:09", "elapsed": 2567.086579, "delta": 9.881086}}
{"target": 5.814315354591316e-08, "params": {"x0": 0.9121525255660698, "x1": 9.51310623738706, "x2": 1.613512375577877, "x3": 1.3680621181577999, "x4": 1.1212661528801555, "x5": 10.078468079469582, "x6": 0.36716161427805605, "x7": 18.7575359232321, "x8": 1.6910677092965567, "x9": 1.1340441865014306}, "datetime": {"datetime": "2025-05-10 04:55:22", "elapsed": 2579.772162, "delta": 12.685583}}
{"target": 5.814315354591316e-08, "params": {"x0": 0.912152525566196, "x1": 9.513106237388145, "x2": 1.6135123755753709, "x3": 1.3680621181592483, "x4": 1.12126615288187, "x5": 10.078468079465562, "x6": 0.36716161428406163, "x7": 18.757535923226104, "x8": 1.6910677092967135, "x9": 1.1340441865016455}, "datetime": {"datetime": "2025-05-10 04:55:33", "elapsed": 2590.198399, "delta": 10.426237}}
{"target": 5.814315354591316e-08, "params": {"x0": 0.9121525255661931, "x1": 9.513106237388701, "x2": 1.6135123755774226, "x3": 1.368062118158131, "x4": 1.121266152882584, "x5": 10.078468079466697, "x6": 0.36716161427858096, "x7": 18.75753592322761, "x8": 1.6910677092967301, "x9": 1.1340441865015696}, "datetime": {"datetime": "2025-05-10 04:55:43", "elapsed": 2600.405398, "delta": 10.206999}}
{"target": 5.814315354591316e-08, "params": {"x0": 0.912152525566082, "x1": 9.513106237388484, "x2": 1.6135123755742375, "x3": 1.3680621181570507, "x4": 1.1212661528799106, "x5": 10.078468079471822, "x6": 0.3671616142833794, "x7": 18.757535923229167, "x8": 1.6910677092963469, "x9": 1.1340441865016198}, "datetime": {"datetime": "2025-05-10 04:55:54", "elapsed": 2611.183859, "delta": 10.778461}}
{"target": 5.814315354591316e-08, "params": {"x0": 0.9121525255661499, "x1": 9.513106237390376, "x2": 1.6135123755742455, "x3": 1.3680621181584396, "x4": 1.1212661528827632, "x5": 10.078468079467068, "x6": 0.3671616142809505, "x7": 18.75753592323, "x8": 1.691067709296577, "x9": 1.1340441865014095}, "datetime": {"datetime": "2025-05-10 04:56:04", "elapsed": 2621.686476, "delta": 10.502617}}
{"target": 5.814315354591316e-08, "params": {"x0": 0.9121525255661315, "x1": 9.513106237389573, "x2": 1.6135123755759007, "x3": 1.3680621181556478, "x4": 1.121266152882696, "x5": 10.078468079470216, "x6": 0.367161614282976, "x7": 18.757535923228712, "x8": 1.6910677092964779, "x9": 1.1340441865013287}, "datetime": {"datetime": "2025-05-10 04:56:15", "elapsed": 2632.243859, "delta": 10.557383}}
{"target": 5.814315354591316e-08, "params": {"x0": 0.912152525566097, "x1": 9.513106237388868, "x2": 1.6135123755755414, "x3": 1.3680621181566237, "x4": 1.121266152880594, "x5": 10.078468079468022, "x6": 0.3671616142847315, "x7": 18.75753592322937, "x8": 1.6910677092965465, "x9": 1.1340441865012787}, "datetime": {"datetime": "2025-05-10 04:56:25", "elapsed": 2642.741547, "delta": 10.497688}}
{"target": 5.814315354591316e-08, "params": {"x0": 0.9121525255661443, "x1": 9.513106237388623, "x2": 1.6135123755767276, "x3": 1.3680621181564607, "x4": 1.1212661528803907, "x5": 10.078468079468282, "x6": 0.36716161428195637, "x7": 18.757535923226907, "x8": 1.6910677092963105, "x9": 1.134044186501588}, "datetime": {"datetime": "2025-05-10 04:56:37", "elapsed": 2654.79897, "delta": 12.057423}}
{"target": 5.814315354591316e-08, "params": {"x0": 0.9121525255661402, "x1": 9.5131062373882, "x2": 1.6135123755756975, "x3": 1.3680621181558712, "x4": 1.1212661528804355, "x5": 10.078468079468616, "x6": 0.36716161428212724, "x7": 18.757535923228826, "x8": 1.6910677092964628, "x9": 1.1340441865012825}, "datetime": {"datetime": "2025-05-10 04:56:49", "elapsed": 2667.076012, "delta": 12.277042}}
{"target": 5.814315354591316e-08, "params": {"x0": 0.9121525255661449, "x1": 9.513106237389007, "x2": 1.6135123755755305, "x3": 1.3680621181563755, "x4": 1.1212661528811239, "x5": 10.078468079468836, "x6": 0.36716161428261246, "x7": 18.757535923228854, "x8": 1.6910677092964328, "x9": 1.1340441865013837}, "datetime": {"datetime": "2025-05-10 04:57:00", "elapsed": 2677.949261, "delta": 10.873249}}
{"target": 5.814315354591316e-08, "params": {"x0": 0.9121525255661233, "x1": 9.513106237388532, "x2": 1.6135123755746277, "x3": 1.3680621181564594, "x4": 1.1212661528812045, "x5": 10.078468079468065, "x6": 0.3671616142838228, "x7": 18.757535923228076, "x8": 1.6910677092964639, "x9": 1.1340441865013982}, "datetime": {"datetime": "2025-05-10 04:57:11", "elapsed": 2688.714273, "delta": 10.765012}}
{"target": 5.814315354591316e-08, "params": {"x0": 0.9121525255661368, "x1": 9.513106237388415, "x2": 1.6135123755756782, "x3": 1.3680621181562451, "x4": 1.12126615288183, "x5": 10.078468079470202, "x6": 0.36716161428370175, "x7": 18.757535923227366, "x8": 1.691067709296377, "x9": 1.1340441865015016}, "datetime": {"datetime": "2025-05-10 04:57:22", "elapsed": 2699.701532, "delta": 10.987259}}
{"target": 5.814315354591316e-08, "params": {"x0": 0.9121525255661079, "x1": 9.51310623738857, "x2": 1.6135123755748226, "x3": 1.3680621181574264, "x4": 1.1212661528810186, "x5": 10.0784680794697, "x6": 0.3671616142829655, "x7": 18.757535923226865, "x8": 1.6910677092965083, "x9": 1.1340441865014705}, "datetime": {"datetime": "2025-05-10 04:57:34", "elapsed": 2711.238552, "delta": 11.53702}}
{"target": 5.814315354591316e-08, "params": {"x0": 0.9121525255661156, "x1": 9.513106237389144, "x2": 1.6135123755760727, "x3": 1.3680621181567711, "x4": 1.1212661528810752, "x5": 10.078468079468822, "x6": 0.36716161428319194, "x7": 18.757535923225692, "x8": 1.6910677092965685, "x9": 1.1340441865013617}, "datetime": {"datetime": "2025-05-10 04:57:44", "elapsed": 2722.004483, "delta": 10.765931}}
{"target": 5.814315354591316e-08, "params": {"x0": 0.9121525255661487, "x1": 9.513106237389136, "x2": 1.6135123755758665, "x3": 1.3680621181575292, "x4": 1.121266152881421, "x5": 10.078468079468877, "x6": 0.3671616142828995, "x7": 18.757535923228062, "x8": 1.691067709296511, "x9": 1.1340441865014013}, "datetime": {"datetime": "2025-05-10 04:57:55", "elapsed": 2732.505778, "delta": 10.501295}}
{"target": 5.814315354591316e-08, "params": {"x0": 0.9121525255661345, "x1": 9.513106237388678, "x2": 1.613512375575306, "x3": 1.3680621181571129, "x4": 1.1212661528812493, "x5": 10.078468079470346, "x6": 0.36716161428134697, "x7": 18.757535923227778, "x8": 1.6910677092964623, "x9": 1.1340441865014328}, "datetime": {"datetime": "2025-05-10 04:58:06", "elapsed": 2744.025641, "delta": 11.519863}}
