{"target": 5.813232753227539e-08, "params": {"x0": 0.9121914817365981, "x1": 9.5118123957204, "x2": 1.6146463354901592, "x3": 1.368967385177381, "x4": 1.1205040227130465, "x5": 10.078221348614141, "x6": 0.3700680997010426, "x7": 18.756037550642656, "x8": 1.6912956170707887, "x9": 1.133873377179059}, "datetime": {"datetime": "2025-05-10 04:25:21", "elapsed": 778.215034, "delta": 7.202534}}
{"target": 5.024473958884353e-08, "params": {"x0": 0.9122234702450756, "x1": 9.508785369124055, "x2": 1.6193816744659648, "x3": 1.3739149400163104, "x4": 1.117024801116884, "x5": 10.067707411360791, "x6": 0.3798314850737819, "x7": 18.76034937579822, "x8": 1.6922010508846235, "x9": 1.1339170958551898}, "datetime": {"datetime": "2025-05-10 04:25:28", "elapsed": 785.494299, "delta": 7.279265}}
{"target": 5.808191870179897e-08, "params": {"x0": 0.9121212550543456, "x1": 9.513569167889354, "x2": 1.6188701452548755, "x3": 1.3713071447613592, "x4": 1.1224116055922984, "x5": 10.080478425080036, "x6": 0.3679303491976219, "x7": 18.754604104213573, "x8": 1.691277712909778, "x9": 1.134066588983992}, "datetime": {"datetime": "2025-05-10 04:25:35", "elapsed": 792.784583, "delta": 7.290284}}
{"target": 5.771210509480019e-08, "params": {"x0": 0.9122314905111022, "x1": 9.512045892793882, "x2": 1.610773476497636, "x3": 1.3731257810871398, "x4": 1.1195954267331203, "x5": 10.08175536197849, "x6": 0.3650385306709165, "x7": 18.757002443574983, "x8": 1.6909288597111833, "x9": 1.1333776008841248}, "datetime": {"datetime": "2025-05-10 04:25:42", "elapsed": 800.02613, "delta": 7.241547}}
{"target": 5.803714541632379e-08, "params": {"x0": 0.9122327799450312, "x1": 9.514063943887534, "x2": 1.6115636003855545, "x3": 1.3717780323807716, "x4": 1.1239269274394013, "x5": 10.085090247927813, "x6": 0.3775773508820581, "x7": 18.750711200357742, "x8": 1.6908967695290353, "x9": 1.1340367679659176}, "datetime": {"datetime": "2025-05-10 04:25:50", "elapsed": 807.314507, "delta": 7.288377}}
{"target": 5.803714541632379e-08, "params": {"x0": 0.9122490433319836, "x1": 9.514032154352005, "x2": 1.611192799039603, "x3": 1.3717021641888452, "x4": 1.123741009890505, "x5": 10.085547121891812, "x6": 0.37648075049787244, "x7": 18.750438012409703, "x8": 1.6913775368977941, "x9": 1.1342263682175955}, "datetime": {"datetime": "2025-05-10 04:25:57", "elapsed": 814.537964, "delta": 7.223457}}
{"target": 5.813232753227539e-08, "params": {"x0": 0.9121529367166787, "x1": 9.51239305828877, "x2": 1.6140458333591738, "x3": 1.3667080830714073, "x4": 1.1220530103469377, "x5": 10.072940776063337, "x6": 0.3700639770646071, "x7": 18.75812084115133, "x8": 1.6911655772093364, "x9": 1.1334361649612599}, "datetime": {"datetime": "2025-05-10 04:26:04", "elapsed": 821.703257, "delta": 7.165293}}
{"target": 5.789223555966761e-08, "params": {"x0": 0.9121343177644364, "x1": 9.514275689240668, "x2": 1.612402553469236, "x3": 1.367177088834839, "x4": 1.1216336814294692, "x5": 10.084212428662548, "x6": 0.37350741660172465, "x7": 18.7604866909829, "x8": 1.6908963015664926, "x9": 1.1340301868921532}, "datetime": {"datetime": "2025-05-10 04:26:11", "elapsed": 829.048195, "delta": 7.344938}}
{"target": 5.7854206556776696e-08, "params": {"x0": 0.9122306843245277, "x1": 9.513454842397696, "x2": 1.6166149911526093, "x3": 1.367631193375086, "x4": 1.1183137653069375, "x5": 10.07320948364004, "x6": 0.3657093603213874, "x7": 18.760949375143497, "x8": 1.691202328382068, "x9": 1.133767249483984}, "datetime": {"datetime": "2025-05-10 04:26:19", "elapsed": 836.339641, "delta": 7.291446}}
{"target": 5.768756607749975e-08, "params": {"x0": 0.9121650392407438, "x1": 9.51383351686858, "x2": 1.6130611829246875, "x3": 1.3680878722593934, "x4": 1.1196708393435102, "x5": 10.082404375683561, "x6": 0.3664011782101083, "x7": 18.75162206911484, "x8": 1.691463469617098, "x9": 1.1336661834939634}, "datetime": {"datetime": "2025-05-10 04:26:26", "elapsed": 843.686181, "delta": 7.34654}}
{"target": 5.8083367811307254e-08, "params": {"x0": 0.9122142794138499, "x1": 9.510579040169533, "x2": 1.6144577582889093, "x3": 1.3673958236941148, "x4": 1.122353364840709, "x5": 10.082465037521407, "x6": 0.3668588349112063, "x7": 18.75988898465231, "x8": 1.6913528329128242, "x9": 1.1337312359797491}, "datetime": {"datetime": "2025-05-10 04:26:33", "elapsed": 850.99998, "delta": 7.313799}}
{"target": 5.813232753227539e-08, "params": {"x0": 0.9122135698825079, "x1": 9.513048557831574, "x2": 1.614226734153468, "x3": 1.3676452632381546, "x4": 1.1213140966332018, "x5": 10.076099965440138, "x6": 0.3714147256246744, "x7": 18.756331057840253, "x8": 1.6915080429822715, "x9": 1.133975411673685}, "datetime": {"datetime": "2025-05-10 04:26:41", "elapsed": 858.38083, "delta": 7.38085}}
{"target": 5.783769773542613e-08, "params": {"x0": 0.9121438505158077, "x1": 9.510794329074212, "x2": 1.6158399500036384, "x3": 1.3674748028814063, "x4": 1.1191615058446007, "x5": 10.081507267634722, "x6": 0.3732926696312644, "x7": 18.753344795936187, "x8": 1.6910213237721672, "x9": 1.1338527742409965}, "datetime": {"datetime": "2025-05-10 04:26:48", "elapsed": 865.755586, "delta": 7.374756}}
{"target": 5.814315354591316e-08, "params": {"x0": 0.9121525255661334, "x1": 9.513106237389053, "x2": 1.6135123755755036, "x3": 1.3680621181569486, "x4": 1.1212661528811827, "x5": 10.078468079469681, "x6": 0.36716161428241545, "x7": 18.75753592322705, "x8": 1.691067709296505, "x9": 1.1340441865014455}, "datetime": {"datetime": "2025-05-10 04:26:56", "elapsed": 873.184811, "delta": 7.429225}}
{"target": 5.8083367811307254e-08, "params": {"x0": 0.9121946661767742, "x1": 9.514091433104522, "x2": 1.6146095909935965, "x3": 1.3692541730188923, "x4": 1.1215609728293485, "x5": 10.080997960176031, "x6": 0.3695610921819587, "x7": 18.759951035495014, "x8": 1.690909441304756, "x9": 1.1338849145084835}, "datetime": {"datetime": "2025-05-10 04:27:03", "elapsed": 880.561785, "delta": 7.376974}}
{"target": 5.814315354591316e-08, "params": {"x0": 0.9121492606801318, "x1": 9.512313588980687, "x2": 1.6123647926069467, "x3": 1.3673138757122045, "x4": 1.1208907569404933, "x5": 10.078022536295203, "x6": 0.36941495449018424, "x7": 18.75987027656766, "x8": 1.6910201131026168, "x9": 1.1341626705113397}, "datetime": {"datetime": "2025-05-10 04:27:10", "elapsed": 888.005756, "delta": 7.443971}}
{"target": 5.8083367811307254e-08, "params": {"x0": 0.9121858834579436, "x1": 9.51224086270857, "x2": 1.6141389678510305, "x3": 1.3670783887850237, "x4": 1.1221179178180727, "x5": 10.080843455872673, "x6": 0.36877376101305737, "x7": 18.755698083511007, "x8": 1.6909556210785266, "x9": 1.1340417290486222}, "datetime": {"datetime": "2025-05-10 04:27:18", "elapsed": 895.419499, "delta": 7.413743}}
{"target": 5.814315354591316e-08, "params": {"x0": 0.9121804051888917, "x1": 9.513845108236747, "x2": 1.612619385713955, "x3": 1.367584554652085, "x4": 1.1208660894318168, "x5": 10.076337860521113, "x6": 0.3679935184622014, "x7": 18.755950334333537, "x8": 1.6909464109934556, "x9": 1.13393195606672}, "datetime": {"datetime": "2025-05-10 04:27:25", "elapsed": 902.666456, "delta": 7.246957}}
{"target": 5.814315354591316e-08, "params": {"x0": 0.9121712232650824, "x1": 9.512652705305323, "x2": 1.6127251732668393, "x3": 1.3685942414092394, "x4": 1.1220451627614687, "x5": 10.076559666086608, "x6": 0.3655839262306982, "x7": 18.758946333331224, "x8": 1.691023512559079, "x9": 1.1340196587488975}, "datetime": {"datetime": "2025-05-10 04:27:32", "elapsed": 910.059211, "delta": 7.392755}}
{"target": 5.814315354591316e-08, "params": {"x0": 0.9121620328761114, "x1": 9.513203008139925, "x2": 1.6127681376121383, "x3": 1.3673606155758866, "x4": 1.1220034428985919, "x5": 10.078200599572051, "x6": 0.3685650888652903, "x7": 18.758053213007294, "x8": 1.6911715789478707, "x9": 1.1339286686422374}, "datetime": {"datetime": "2025-05-10 04:27:40", "elapsed": 917.426242, "delta": 7.367031}}
{"target": 5.814315354591316e-08, "params": {"x0": 0.9121663225697825, "x1": 9.512538312742073, "x2": 1.6141924892156934, "x3": 1.3680723714029874, "x4": 1.120629938743185, "x5": 10.076903650745507, "x6": 0.36578283076119933, "x7": 18.756364221380363, "x8": 1.6910342551685116, "x9": 1.1340226140626544}, "datetime": {"datetime": "2025-05-10 04:27:47", "elapsed": 924.762602, "delta": 7.33636}}
{"target": 5.814315354591316e-08, "params": {"x0": 0.9121461917947177, "x1": 9.512902133438235, "x2": 1.6140943557137373, "x3": 1.3676348315450078, "x4": 1.1216806822634402, "x5": 10.077254366945459, "x6": 0.3682301616031336, "x7": 18.75854527533163, "x8": 1.6909780560642045, "x9": 1.1340041837384598}, "datetime": {"datetime": "2025-05-10 04:27:55", "elapsed": 932.15196, "delta": 7.389358}}
{"target": 5.814315354591316e-08, "params": {"x0": 0.9121528861251175, "x1": 9.512655821460855, "x2": 1.6133158099761946, "x3": 1.3678102474878058, "x4": 1.1208757490041612, "x5": 10.077485124635825, "x6": 0.36604656726456863, "x7": 18.75850861742062, "x8": 1.6911459827873523, "x9": 1.1340845560509207}, "datetime": {"datetime": "2025-05-10 04:28:02", "elapsed": 939.665583, "delta": 7.513623}}
{"target": 5.814315354591316e-08, "params": {"x0": 0.9121560058320249, "x1": 9.512685355583752, "x2": 1.6130962987966937, "x3": 1.368508613745834, "x4": 1.1208136630399437, "x5": 10.077498532353061, "x6": 0.36786001415343, "x7": 18.75840689955571, "x8": 1.6910864543980082, "x9": 1.1341120797058115}, "datetime": {"datetime": "2025-05-10 04:28:10", "elapsed": 947.318975, "delta": 7.653392}}
{"target": 5.814315354591316e-08, "params": {"x0": 0.9121472963011152, "x1": 9.512781378998408, "x2": 1.6134404679723378, "x3": 1.3684576633868808, "x4": 1.1216803120624497, "x5": 10.078074812926518, "x6": 0.3676652849002383, "x7": 18.75661827673637, "x8": 1.6910265733359289, "x9": 1.1340111084260618}, "datetime": {"datetime": "2025-05-10 04:28:17", "elapsed": 954.604766, "delta": 7.285791}}
{"target": 5.814315354591316e-08, "params": {"x0": 0.912156586500195, "x1": 9.512804729133563, "x2": 1.6137021513240974, "x3": 1.3676609184156332, "x4": 1.1209319171224774, "x5": 10.0778862727878, "x6": 0.367667687182885, "x7": 18.756752812670047, "x8": 1.6911311671975156, "x9": 1.1339881939388101}, "datetime": {"datetime": "2025-05-10 04:28:24", "elapsed": 962.041917, "delta": 7.437151}}
{"target": 5.814315354591316e-08, "params": {"x0": 0.9121486532152527, "x1": 9.512854053524254, "x2": 1.6132674038117023, "x3": 1.368420371349031, "x4": 1.1210080763689463, "x5": 10.077704421906382, "x6": 0.3670669616046303, "x7": 18.757615888894296, "x8": 1.691111258423138, "x9": 1.1340871330652875}, "datetime": {"datetime": "2025-05-10 04:28:32", "elapsed": 969.302719, "delta": 7.260802}}
{"target": 5.814315354591316e-08, "params": {"x0": 0.912158510278566, "x1": 9.513380074009628, "x2": 1.6138210825243435, "x3": 1.368385970920216, "x4": 1.1209691930020995, "x5": 10.078177024835522, "x6": 0.3665882367525327, "x7": 18.75787527260283, "x8": 1.691062594081162, "x9": 1.13399398438474}, "datetime": {"datetime": "2025-05-10 04:28:39", "elapsed": 976.627589, "delta": 7.32487}}
{"target": 5.814315354591316e-08, "params": {"x0": 0.9121533683989853, "x1": 9.513142128698751, "x2": 1.613578121981543, "x3": 1.3680171486104926, "x4": 1.121302275139174, "x5": 10.07848062863962, "x6": 0.36722718700881696, "x7": 18.757551351667036, "x8": 1.6910787104677554, "x9": 1.1340470034837844}, "datetime": {"datetime": "2025-05-10 04:28:46", "elapsed": 983.924941, "delta": 7.297352}}
{"target": 5.814315354591316e-08, "params": {"x0": 0.9121526406350087, "x1": 9.512912421817221, "x2": 1.6135376995276651, "x3": 1.3683119276973583, "x4": 1.1210522126029583, "x5": 10.079070314252538, "x6": 0.36766277574160033, "x7": 18.757896680916154, "x8": 1.6910386473095986, "x9": 1.1340617900211194}, "datetime": {"datetime": "2025-05-10 04:28:54", "elapsed": 991.36099, "delta": 7.436049}}
{"target": 5.814315354591316e-08, "params": {"x0": 0.912145477287574, "x1": 9.512914101936806, "x2": 1.613287312572569, "x3": 1.368269682679755, "x4": 1.121413721392205, "x5": 10.079010626206518, "x6": 0.3676273020059137, "x7": 18.757813024555315, "x8": 1.6911015337616668, "x9": 1.1340101319781348}, "datetime": {"datetime": "2025-05-10 04:29:01", "elapsed": 999.007755, "delta": 7.646765}}
{"target": 5.814315354591316e-08, "params": {"x0": 0.9121517052003492, "x1": 9.513114214358968, "x2": 1.6136537141337268, "x3": 1.3680375836733072, "x4": 1.1213137172428769, "x5": 10.07844880848409, "x6": 0.36724923809200544, "x7": 18.75749350743093, "x8": 1.6910742243648187, "x9": 1.1340461297239248}, "datetime": {"datetime": "2025-05-10 04:29:09", "elapsed": 1006.300374, "delta": 7.292619}}
{"target": 5.814315354591316e-08, "params": {"x0": 0.9121476722914035, "x1": 9.512947875538671, "x2": 1.6136553315937552, "x3": 1.368134947752562, "x4": 1.1211879406646321, "x5": 10.078065586365863, "x6": 0.3674450797821074, "x7": 18.757912526918567, "x8": 1.691097524137986, "x9": 1.1340158336096047}, "datetime": {"datetime": "2025-05-10 04:29:16", "elapsed": 1013.74295, "delta": 7.442576}}
{"target": 5.814315354591316e-08, "params": {"x0": 0.912154519619034, "x1": 9.513231964422001, "x2": 1.6136472708592058, "x3": 1.3682067238461202, "x4": 1.1214198861785252, "x5": 10.078093640156677, "x6": 0.367414053864079, "x7": 18.75745855290588, "x8": 1.6910803095235625, "x9": 1.1340593168072528}, "datetime": {"datetime": "2025-05-10 04:29:24", "elapsed": 1021.118234, "delta": 7.375284}}
{"target": 5.814315354591316e-08, "params": {"x0": 0.912156838038469, "x1": 9.513005626745246, "x2": 1.6136605344659145, "x3": 1.3682043878609254, "x4": 1.1211164776147309, "x5": 10.078821761483603, "x6": 0.36739214164261685, "x7": 18.757468935949433, "x8": 1.6910445420714302, "x9": 1.1340344045794444}, "datetime": {"datetime": "2025-05-10 04:29:31", "elapsed": 1028.638382, "delta": 7.520148}}
{"target": 5.814315354591316e-08, "params": {"x0": 0.9121545623912882, "x1": 9.51298318361291, "x2": 1.6136364917426835, "x3": 1.3681928278955886, "x4": 1.1212842773564404, "x5": 10.078149497346764, "x6": 0.36708081780260704, "x7": 18.757804626386463, "x8": 1.6910897381247003, "x9": 1.134024543412053}, "datetime": {"datetime": "2025-05-10 04:29:39", "elapsed": 1036.567103, "delta": 7.928721}}
{"target": 5.814315354591316e-08, "params": {"x0": 0.9121497562749775, "x1": 9.513019564682429, "x2": 1.6135280525725837, "x3": 1.3681846989971416, "x4": 1.1211473268767, "x5": 10.078347671168757, "x6": 0.36741750018386005, "x7": 18.75748499541509, "x8": 1.6910504144153946, "x9": 1.134024621656137}, "datetime": {"datetime": "2025-05-10 04:29:46", "elapsed": 1044.046805, "delta": 7.479702}}
{"target": 5.814315354591316e-08, "params": {"x0": 0.9121558010472482, "x1": 9.51302549795311, "x2": 1.6134469619082803, "x3": 1.368113482558313, "x4": 1.1213781852685476, "x5": 10.078234599566429, "x6": 0.366947498079921, "x7": 18.757700020402698, "x8": 1.6910482505720947, "x9": 1.1340298764744496}, "datetime": {"datetime": "2025-05-10 04:29:54", "elapsed": 1051.684607, "delta": 7.637802}}
{"target": 5.814315354591316e-08, "params": {"x0": 0.9121505028270007, "x1": 9.513040367031103, "x2": 1.6136100454551972, "x3": 1.3680655953889722, "x4": 1.1211687220437718, "x5": 10.078279388623717, "x6": 0.3673356330482734, "x7": 18.757679014604985, "x8": 1.6910537582219565, "x9": 1.1340291821078612}, "datetime": {"datetime": "2025-05-10 04:30:02", "elapsed": 1059.666684, "delta": 7.982077}}
{"target": 5.814315354591316e-08, "params": {"x0": 0.9121526390295772, "x1": 9.513057071923237, "x2": 1.6135849650414296, "x3": 1.3680974987501944, "x4": 1.121343609331267, "x5": 10.07825984328121, "x6": 0.36726817472724216, "x7": 18.757386415823007, "x8": 1.6910811607833638, "x9": 1.1340577236231102}, "datetime": {"datetime": "2025-05-10 04:30:09", "elapsed": 1066.975334, "delta": 7.30865}}
{"target": 5.814315354591316e-08, "params": {"x0": 0.9121499181593596, "x1": 9.513111605892009, "x2": 1.613520074614232, "x3": 1.3680491663416385, "x4": 1.1212737590159503, "x5": 10.078468179514774, "x6": 0.3671638772736574, "x7": 18.75754337293159, "x8": 1.6910600345370153, "x9": 1.1340401967654405}, "datetime": {"datetime": "2025-05-10 04:30:17", "elapsed": 1074.225287, "delta": 7.249953}}
{"target": 5.814315354591316e-08, "params": {"x0": 0.9121534492282926, "x1": 9.51304489583945, "x2": 1.613558441365134, "x3": 1.3680745951360718, "x4": 1.1212106945973481, "x5": 10.078337552652588, "x6": 0.36730013165577347, "x7": 18.757648917528662, "x8": 1.6910601293631293, "x9": 1.1340340261311017}, "datetime": {"datetime": "2025-05-10 04:30:25", "elapsed": 1082.323282, "delta": 8.097995}}
{"target": 5.814315354591316e-08, "params": {"x0": 0.9121537309963476, "x1": 9.513068335410443, "x2": 1.613570072545828, "x3": 1.3681068779373178, "x4": 1.121321530569497, "x5": 10.078327829130336, "x6": 0.3672740281303787, "x7": 18.757444696641052, "x8": 1.6910760939124936, "x9": 1.134034956017398}, "datetime": {"datetime": "2025-05-10 04:30:33", "elapsed": 1090.408799, "delta": 8.085517}}
{"target": 5.814315354591316e-08, "params": {"x0": 0.912153758378313, "x1": 9.513054406958101, "x2": 1.6134812028336973, "x3": 1.3681181454854336, "x4": 1.1212903800319438, "x5": 10.07834281434032, "x6": 0.3672701419263259, "x7": 18.757619811294152, "x8": 1.6910776829818526, "x9": 1.1340363103750823}, "datetime": {"datetime": "2025-05-10 04:30:41", "elapsed": 1098.749012, "delta": 8.340213}}
{"target": 5.814315354591316e-08, "params": {"x0": 0.9121532852074731, "x1": 9.513064768525634, "x2": 1.613556505820265, "x3": 1.3680418466950386, "x4": 1.1213038233225654, "x5": 10.078349359465967, "x6": 0.3672228622496463, "x7": 18.757645143313724, "x8": 1.6910591527226921, "x9": 1.1340379916109193}, "datetime": {"datetime": "2025-05-10 04:30:49", "elapsed": 1106.80535, "delta": 8.056338}}
{"target": 5.814315354591316e-08, "params": {"x0": 0.912154048428321, "x1": 9.513066796319775, "x2": 1.6135525323398998, "x3": 1.3680796736111038, "x4": 1.1213124007214812, "x5": 10.078371448120839, "x6": 0.36724264077005664, "x7": 18.75763589218314, "x8": 1.6910725263621318, "x9": 1.1340404171977876}, "datetime": {"datetime": "2025-05-10 04:30:57", "elapsed": 1114.92377, "delta": 8.11842}}
{"target": 5.814315354591316e-08, "params": {"x0": 0.9121536601896733, "x1": 9.51307197149949, "x2": 1.613546252786223, "x3": 1.3680991753870797, "x4": 1.121282223015756, "x5": 10.078378349740449, "x6": 0.3672038889203678, "x7": 18.75758896729902, "x8": 1.6910635061044201, "x9": 1.1340407689106708}, "datetime": {"datetime": "2025-05-10 04:31:05", "elapsed": 1122.968388, "delta": 8.044618}}
{"target": 5.814315354591316e-08, "params": {"x0": 0.9121535223510961, "x1": 9.513085041932301, "x2": 1.6134951396640649, "x3": 1.3680962071420135, "x4": 1.1213011410524474, "x5": 10.078401187067008, "x6": 0.36723715406482377, "x7": 18.757611333108525, "x8": 1.6910610776387147, "x9": 1.1340391578441564}, "datetime": {"datetime": "2025-05-10 04:31:14", "elapsed": 1131.301445, "delta": 8.333057}}
{"target": 5.814315354591316e-08, "params": {"x0": 0.9121513534210519, "x1": 9.513084676963853, "x2": 1.613539879159346, "x3": 1.3680966443343492, "x4": 1.1212733946042188, "x5": 10.078389809854592, "x6": 0.3672330461310017, "x7": 18.757475834684428, "x8": 1.691072107745811, "x9": 1.134039158989789}, "datetime": {"datetime": "2025-05-10 04:31:22", "elapsed": 1139.300783, "delta": 7.999338}}
{"target": 5.814315354591316e-08, "params": {"x0": 0.9121535076900482, "x1": 9.513084033796186, "x2": 1.6135212171528088, "x3": 1.368091488654766, "x4": 1.1212961320606314, "x5": 10.078426787666357, "x6": 0.3672134661017718, "x7": 18.757587026714702, "x8": 1.6910711962898086, "x9": 1.1340401309891657}, "datetime": {"datetime": "2025-05-10 04:31:30", "elapsed": 1147.461994, "delta": 8.161211}}
{"target": 5.814315354591316e-08, "params": {"x0": 0.912153405691494, "x1": 9.513081847048214, "x2": 1.6135328550662225, "x3": 1.3680700278174016, "x4": 1.1212787766426722, "x5": 10.078402748839885, "x6": 0.36721811410020977, "x7": 18.7575578896085, "x8": 1.6910628342098777, "x9": 1.1340430574516358}, "datetime": {"datetime": "2025-05-10 04:31:38", "elapsed": 1155.714013, "delta": 8.252019}}
{"target": 5.814315354591316e-08, "params": {"x0": 0.9121530595111853, "x1": 9.513084408474116, "x2": 1.6135366020170407, "x3": 1.3680843334327735, "x4": 1.1212800486158323, "x5": 10.078411436162359, "x6": 0.36720399915559426, "x7": 18.757552336243137, "x8": 1.691065825623447, "x9": 1.1340416516174425}, "datetime": {"datetime": "2025-05-10 04:31:46", "elapsed": 1164.010725, "delta": 8.296712}}
{"target": 5.814315354591316e-08, "params": {"x0": 0.9121532564223703, "x1": 9.51309014990625, "x2": 1.6135359590995069, "x3": 1.3680853658377794, "x4": 1.121284977144905, "x5": 10.078447427253971, "x6": 0.36719344811918697, "x7": 18.757563855331806, "x8": 1.6910702117740444, "x9": 1.1340417019582982}, "datetime": {"datetime": "2025-05-10 04:31:54", "elapsed": 1172.000496, "delta": 7.989771}}
{"target": 5.814315354591316e-08, "params": {"x0": 0.9121530688840349, "x1": 9.513095018081035, "x2": 1.613531746549683, "x3": 1.3680537502816472, "x4": 1.1212724768163411, "x5": 10.078430602149808, "x6": 0.36719270967524203, "x7": 18.757573276012135, "x8": 1.6910650300568015, "x9": 1.1340412557868305}, "datetime": {"datetime": "2025-05-10 04:32:02", "elapsed": 1180.091996, "delta": 8.0915}}
{"target": 5.814315354591316e-08, "params": {"x0": 0.9121522091060762, "x1": 9.513089977615882, "x2": 1.6135303130924925, "x3": 1.3680527461741248, "x4": 1.1212829902501642, "x5": 10.07842979428654, "x6": 0.36718803424575824, "x7": 18.75757070629178, "x8": 1.6910670947106883, "x9": 1.1340413613054072}, "datetime": {"datetime": "2025-05-10 04:32:11", "elapsed": 1188.249721, "delta": 8.157725}}
