{"target": 5.814315354591316e-08, "params": {"x0": 0.9121525255661269, "x1": 9.513106237388714, "x2": 1.6135123755750262, "x3": 1.3680621181572719, "x4": 1.1212661528807957, "x5": 10.07846807946922, "x6": 0.3671616142824076, "x7": 18.75753592322672, "x8": 1.6910677092964224, "x9": 1.134044186501494}, "datetime": {"datetime": "2025-05-10 04:58:17", "elapsed": 2754.845159, "delta": 10.819518}}
{"target": 5.814315354591316e-08, "params": {"x0": 0.9121525255661389, "x1": 9.513106237388854, "x2": 1.613512375575764, "x3": 1.3680621181569623, "x4": 1.1212661528811367, "x5": 10.0784680794688, "x6": 0.36716161428166966, "x7": 18.757535923226726, "x8": 1.6910677092964939, "x9": 1.1340441865013824}, "datetime": {"datetime": "2025-05-10 04:58:30", "elapsed": 2767.299625, "delta": 12.454466}}
{"target": 5.814315354591316e-08, "params": {"x0": 0.9121525255661245, "x1": 9.513106237389346, "x2": 1.61351237557543, "x3": 1.3680621181571493, "x4": 1.121266152881441, "x5": 10.078468079470081, "x6": 0.36716161428313665, "x7": 18.757535923227707, "x8": 1.6910677092965243, "x9": 1.1340441865014819}, "datetime": {"datetime": "2025-05-10 04:58:41", "elapsed": 2778.343494, "delta": 11.043869}}
{"target": 5.814315354591316e-08, "params": {"x0": 0.9121525255661234, "x1": 9.513106237389236, "x2": 1.6135123755755079, "x3": 1.368062118156777, "x4": 1.121266152880893, "x5": 10.07846807947041, "x6": 0.36716161428293176, "x7": 18.75753592322757, "x8": 1.6910677092964985, "x9": 1.1340441865014546}, "datetime": {"datetime": "2025-05-10 04:58:54", "elapsed": 2791.971369, "delta": 13.627875}}
{"target": 5.814315354591316e-08, "params": {"x0": 0.9121525255661417, "x1": 9.513106237389199, "x2": 1.6135123755757674, "x3": 1.3680621181571297, "x4": 1.121266152881009, "x5": 10.078468079469342, "x6": 0.3671616142829352, "x7": 18.757535923226897, "x8": 1.6910677092964572, "x9": 1.1340441865014}, "datetime": {"datetime": "2025-05-10 04:59:07", "elapsed": 2804.535346, "delta": 12.563977}}
{"target": 5.814315354591316e-08, "params": {"x0": 0.9121525255661355, "x1": 9.51310623738897, "x2": 1.6135123755752898, "x3": 1.3680621181570518, "x4": 1.1212661528809136, "x5": 10.078468079469543, "x6": 0.3671616142828686, "x7": 18.757535923227266, "x8": 1.6910677092964843, "x9": 1.1340441865014732}, "datetime": {"datetime": "2025-05-10 04:59:18", "elapsed": 2815.448717, "delta": 10.913371}}
{"target": 5.814315354591316e-08, "params": {"x0": 0.9121525255661275, "x1": 9.513106237389, "x2": 1.6135123755757008, "x3": 1.3680621181570425, "x4": 1.121266152881056, "x5": 10.078468079469971, "x6": 0.36716161428234506, "x7": 18.757535923226904, "x8": 1.6910677092964814, "x9": 1.1340441865014412}, "datetime": {"datetime": "2025-05-10 04:59:31", "elapsed": 2828.106861, "delta": 12.658144}}
{"target": 5.814315354591316e-08, "params": {"x0": 0.9121525255661269, "x1": 9.513106237388929, "x2": 1.613512375575364, "x3": 1.3680621181570403, "x4": 1.121266152881181, "x5": 10.07846807946989, "x6": 0.36716161428215827, "x7": 18.757535923227255, "x8": 1.6910677092964816, "x9": 1.1340441865014108}, "datetime": {"datetime": "2025-05-10 04:59:41", "elapsed": 2838.96732, "delta": 10.860459}}
{"target": 5.814315354591316e-08, "params": {"x0": 0.9121525255661329, "x1": 9.513106237389014, "x2": 1.6135123755756966, "x3": 1.3680621181569692, "x4": 1.1212661528810202, "x5": 10.078468079469678, "x6": 0.3671616142827649, "x7": 18.757535923227422, "x8": 1.69106770929653, "x9": 1.1340441865014532}, "datetime": {"datetime": "2025-05-10 04:59:53", "elapsed": 2850.467716, "delta": 11.500396}}
{"target": 5.814315354591316e-08, "params": {"x0": 0.9121525255661274, "x1": 9.51310623738894, "x2": 1.613512375575647, "x3": 1.368062118156931, "x4": 1.1212661528811496, "x5": 10.078468079469289, "x6": 0.3671616142823655, "x7": 18.757535923226836, "x8": 1.691067709296513, "x9": 1.1340441865014559}, "datetime": {"datetime": "2025-05-10 05:00:04", "elapsed": 2861.552212, "delta": 11.084496}}
{"target": 5.814315354591316e-08, "params": {"x0": 0.9121525255661339, "x1": 9.51310623738903, "x2": 1.6135123755753829, "x3": 1.368062118157044, "x4": 1.1212661528811965, "x5": 10.078468079470031, "x6": 0.367161614282692, "x7": 18.757535923227238, "x8": 1.6910677092965258, "x9": 1.1340441865014288}, "datetime": {"datetime": "2025-05-10 05:00:18", "elapsed": 2875.381339, "delta": 13.829127}}
{"target": 5.814315354591316e-08, "params": {"x0": 0.9121525255661339, "x1": 9.513106237389012, "x2": 1.613512375575491, "x3": 1.3680621181569457, "x4": 1.121266152881065, "x5": 10.07846807946951, "x6": 0.36716161428236177, "x7": 18.75753592322702, "x8": 1.6910677092964963, "x9": 1.1340441865014668}, "datetime": {"datetime": "2025-05-10 05:00:29", "elapsed": 2886.370984, "delta": 10.989645}}
{"target": 5.814315354591316e-08, "params": {"x0": 0.9121525255661322, "x1": 9.513106237389124, "x2": 1.6135123755755816, "x3": 1.3680621181569317, "x4": 1.1212661528811223, "x5": 10.078468079469625, "x6": 0.3671616142821722, "x7": 18.757535923227127, "x8": 1.6910677092964848, "x9": 1.1340441865014574}, "datetime": {"datetime": "2025-05-10 05:00:40", "elapsed": 2897.700264, "delta": 11.32928}}
{"target": 5.814315354591316e-08, "params": {"x0": 0.912152525566137, "x1": 9.513106237389133, "x2": 1.613512375575405, "x3": 1.3680621181570016, "x4": 1.1212661528812218, "x5": 10.078468079469587, "x6": 0.36716161428252875, "x7": 18.75753592322684, "x8": 1.6910677092965196, "x9": 1.1340441865014563}, "datetime": {"datetime": "2025-05-10 05:00:54", "elapsed": 2911.123634, "delta": 13.42337}}
{"target": 5.814315354591316e-08, "params": {"x0": 0.912152525566135, "x1": 9.513106237389131, "x2": 1.6135123755754683, "x3": 1.3680621181569033, "x4": 1.1212661528811894, "x5": 10.078468079469658, "x6": 0.3671616142823687, "x7": 18.75753592322711, "x8": 1.6910677092965034, "x9": 1.134044186501432}, "datetime": {"datetime": "2025-05-10 05:01:05", "elapsed": 2922.194552, "delta": 11.070918}}
{"target": 5.814315354591316e-08, "params": {"x0": 0.9121525255661342, "x1": 9.513106237389112, "x2": 1.6135123755755452, "x3": 1.368062118156965, "x4": 1.121266152881093, "x5": 10.078468079469623, "x6": 0.3671616142824841, "x7": 18.757535923226968, "x8": 1.6910677092965027, "x9": 1.134044186501459}, "datetime": {"datetime": "2025-05-10 05:01:16", "elapsed": 2933.107003, "delta": 10.912451}}
{"target": 5.814315354591316e-08, "params": {"x0": 0.9121525255661307, "x1": 9.513106237389005, "x2": 1.6135123755755607, "x3": 1.3680621181569637, "x4": 1.1212661528811494, "x5": 10.078468079469697, "x6": 0.3671616142822334, "x7": 18.757535923227174, "x8": 1.6910677092965165, "x9": 1.1340441865014377}, "datetime": {"datetime": "2025-05-10 05:01:28", "elapsed": 2945.207002, "delta": 12.099999}}
{"target": 5.814315354591316e-08, "params": {"x0": 0.9121525255661344, "x1": 9.513106237389072, "x2": 1.6135123755754697, "x3": 1.368062118156919, "x4": 1.121266152881227, "x5": 10.07846807946954, "x6": 0.3671616142823093, "x7": 18.75753592322716, "x8": 1.691067709296506, "x9": 1.1340441865014494}, "datetime": {"datetime": "2025-05-10 05:01:39", "elapsed": 2956.713634, "delta": 11.506632}}
{"target": 5.814315354591316e-08, "params": {"x0": 0.912152525566134, "x1": 9.513106237389053, "x2": 1.6135123755755552, "x3": 1.3680621181569579, "x4": 1.121266152881251, "x5": 10.078468079469838, "x6": 0.36716161428251265, "x7": 18.757535923227127, "x8": 1.6910677092964996, "x9": 1.1340441865014346}, "datetime": {"datetime": "2025-05-10 05:01:51", "elapsed": 2968.213312, "delta": 11.499678}}
{"target": 5.814315354591316e-08, "params": {"x0": 0.9121525255661351, "x1": 9.51310623738908, "x2": 1.613512375575439, "x3": 1.368062118156937, "x4": 1.121266152881203, "x5": 10.07846807946968, "x6": 0.3671616142823562, "x7": 18.75753592322714, "x8": 1.6910677092964952, "x9": 1.1340441865014372}, "datetime": {"datetime": "2025-05-10 05:02:03", "elapsed": 2980.13175, "delta": 11.918438}}
{"target": 5.814315354591316e-08, "params": {"x0": 0.9121525255661321, "x1": 9.513106237389103, "x2": 1.6135123755755503, "x3": 1.3680621181569141, "x4": 1.1212661528811703, "x5": 10.078468079469719, "x6": 0.36716161428237115, "x7": 18.75753592322707, "x8": 1.6910677092965114, "x9": 1.1340441865014508}, "datetime": {"datetime": "2025-05-10 05:02:15", "elapsed": 2992.69922, "delta": 12.56747}}
{"target": 5.814315354591316e-08, "params": {"x0": 0.9121525255661348, "x1": 9.513106237389012, "x2": 1.6135123755755143, "x3": 1.3680621181569754, "x4": 1.1212661528812256, "x5": 10.078468079469724, "x6": 0.3671616142825182, "x7": 18.75753592322716, "x8": 1.6910677092965, "x9": 1.1340441865014441}, "datetime": {"datetime": "2025-05-10 05:02:27", "elapsed": 3004.577132, "delta": 11.877912}}
{"target": 5.814315354591316e-08, "params": {"x0": 0.9121525255661345, "x1": 9.51310623738907, "x2": 1.6135123755754692, "x3": 1.3680621181569534, "x4": 1.1212661528811443, "x5": 10.07846807946977, "x6": 0.36716161428234995, "x7": 18.757535923227138, "x8": 1.6910677092965096, "x9": 1.1340441865014468}, "datetime": {"datetime": "2025-05-10 05:02:39", "elapsed": 3016.409229, "delta": 11.832097}}
{"target": 5.814315354591316e-08, "params": {"x0": 0.9121525255661332, "x1": 9.513106237389072, "x2": 1.6135123755755127, "x3": 1.368062118156973, "x4": 1.1212661528812213, "x5": 10.078468079469658, "x6": 0.3671616142823856, "x7": 18.757535923227, "x8": 1.6910677092964987, "x9": 1.1340441865014408}, "datetime": {"datetime": "2025-05-10 05:02:51", "elapsed": 3028.280182, "delta": 11.870953}}
{"target": 5.814315354591316e-08, "params": {"x0": 0.9121525255661342, "x1": 9.513106237389072, "x2": 1.6135123755755194, "x3": 1.3680621181569488, "x4": 1.121266152881198, "x5": 10.0784680794696, "x6": 0.36716161428249167, "x7": 18.757535923227028, "x8": 1.6910677092965078, "x9": 1.1340441865014421}, "datetime": {"datetime": "2025-05-10 05:03:02", "elapsed": 3039.930956, "delta": 11.650774}}
{"target": 5.814315354591316e-08, "params": {"x0": 0.9121525255661336, "x1": 9.513106237389058, "x2": 1.6135123755754843, "x3": 1.3680621181569594, "x4": 1.1212661528811931, "x5": 10.07846807946965, "x6": 0.36716161428242416, "x7": 18.757535923227096, "x8": 1.691067709296508, "x9": 1.13404418650145}, "datetime": {"datetime": "2025-05-10 05:03:14", "elapsed": 3051.349808, "delta": 11.418852}}
{"target": 5.814315354591316e-08, "params": {"x0": 0.9121525255661332, "x1": 9.513106237389056, "x2": 1.6135123755755132, "x3": 1.3680621181569679, "x4": 1.1212661528812025, "x5": 10.078468079469612, "x6": 0.3671616142824647, "x7": 18.757535923227003, "x8": 1.6910677092965054, "x9": 1.1340441865014452}, "datetime": {"datetime": "2025-05-10 05:03:25", "elapsed": 3063.08587, "delta": 11.736062}}
{"target": 5.814315354591316e-08, "params": {"x0": 0.9121525255661334, "x1": 9.513106237389072, "x2": 1.6135123755755285, "x3": 1.3680621181569395, "x4": 1.1212661528811643, "x5": 10.07846807946972, "x6": 0.3671616142823884, "x7": 18.757535923227053, "x8": 1.6910677092965063, "x9": 1.1340441865014466}, "datetime": {"datetime": "2025-05-10 05:03:38", "elapsed": 3075.545081, "delta": 12.459211}}
{"target": 5.814315354591316e-08, "params": {"x0": 0.9121525255661326, "x1": 9.513106237389051, "x2": 1.6135123755754917, "x3": 1.3680621181569383, "x4": 1.12126615288118, "x5": 10.078468079469717, "x6": 0.36716161428237776, "x7": 18.757535923227024, "x8": 1.691067709296502, "x9": 1.1340441865014428}, "datetime": {"datetime": "2025-05-10 05:03:51", "elapsed": 3088.118662, "delta": 12.573581}}
{"target": 5.814315354591316e-08, "params": {"x0": 0.9121525255661341, "x1": 9.513106237389044, "x2": 1.6135123755754925, "x3": 1.3680621181569443, "x4": 1.1212661528811938, "x5": 10.078468079469715, "x6": 0.36716161428242156, "x7": 18.757535923227035, "x8": 1.6910677092965076, "x9": 1.1340441865014463}, "datetime": {"datetime": "2025-05-10 05:04:03", "elapsed": 3100.490154, "delta": 12.371492}}
{"target": 5.814315354591316e-08, "params": {"x0": 0.9121525255661334, "x1": 9.513106237389051, "x2": 1.6135123755755107, "x3": 1.368062118156958, "x4": 1.1212661528811998, "x5": 10.078468079469642, "x6": 0.3671616142824225, "x7": 18.757535923227042, "x8": 1.691067709296508, "x9": 1.1340441865014426}, "datetime": {"datetime": "2025-05-10 05:04:15", "elapsed": 3112.61176, "delta": 12.121606}}
{"target": 5.814315354591316e-08, "params": {"x0": 0.9121525255661332, "x1": 9.51310623738906, "x2": 1.6135123755754972, "x3": 1.3680621181569366, "x4": 1.1212661528811836, "x5": 10.078468079469722, "x6": 0.36716161428242644, "x7": 18.757535923227056, "x8": 1.6910677092965025, "x9": 1.1340441865014481}, "datetime": {"datetime": "2025-05-10 05:04:27", "elapsed": 3124.551382, "delta": 11.939622}}
{"target": 5.814315354591316e-08, "params": {"x0": 0.9121525255661334, "x1": 9.51310623738904, "x2": 1.6135123755755076, "x3": 1.3680621181569517, "x4": 1.1212661528811667, "x5": 10.078468079469685, "x6": 0.3671616142823919, "x7": 18.75753592322705, "x8": 1.6910677092965067, "x9": 1.1340441865014468}, "datetime": {"datetime": "2025-05-10 05:04:39", "elapsed": 3136.605534, "delta": 12.054152}}
{"target": 5.814315354591316e-08, "params": {"x0": 0.912152525566133, "x1": 9.513106237389046, "x2": 1.613512375575506, "x3": 1.3680621181569628, "x4": 1.121266152881191, "x5": 10.078468079469696, "x6": 0.3671616142824243, "x7": 18.757535923227042, "x8": 1.691067709296503, "x9": 1.134044186501446}, "datetime": {"datetime": "2025-05-10 05:04:53", "elapsed": 3150.752615, "delta": 14.147081}}
{"target": 5.814315354591316e-08, "params": {"x0": 0.9121525255661336, "x1": 9.513106237389048, "x2": 1.6135123755755034, "x3": 1.3680621181569455, "x4": 1.121266152881175, "x5": 10.078468079469697, "x6": 0.36716161428244104, "x7": 18.75753592322705, "x8": 1.6910677092965056, "x9": 1.1340441865014452}, "datetime": {"datetime": "2025-05-10 05:05:05", "elapsed": 3162.648384, "delta": 11.895769}}
{"target": 5.814315354591316e-08, "params": {"x0": 0.9121525255661331, "x1": 9.513106237389044, "x2": 1.613512375575512, "x3": 1.3680621181569386, "x4": 1.121266152881179, "x5": 10.078468079469662, "x6": 0.36716161428239186, "x7": 18.757535923227067, "x8": 1.6910677092965043, "x9": 1.1340441865014455}, "datetime": {"datetime": "2025-05-10 05:05:19", "elapsed": 3176.999009, "delta": 14.350625}}
{"target": 5.814315354591316e-08, "params": {"x0": 0.9121525255661332, "x1": 9.513106237389055, "x2": 1.6135123755754983, "x3": 1.3680621181569568, "x4": 1.121266152881193, "x5": 10.078468079469687, "x6": 0.36716161428242633, "x7": 18.75753592322705, "x8": 1.691067709296507, "x9": 1.1340441865014466}, "datetime": {"datetime": "2025-05-10 05:05:31", "elapsed": 3189.019302, "delta": 12.020293}}
{"target": 5.814315354591316e-08, "params": {"x0": 0.9121525255661336, "x1": 9.513106237389062, "x2": 1.613512375575499, "x3": 1.3680621181569435, "x4": 1.1212661528811787, "x5": 10.078468079469687, "x6": 0.3671616142824059, "x7": 18.75753592322705, "x8": 1.691067709296504, "x9": 1.1340441865014441}, "datetime": {"datetime": "2025-05-10 05:05:45", "elapsed": 3202.848739, "delta": 13.829437}}
{"target": 5.814315354591316e-08, "params": {"x0": 0.9121525255661331, "x1": 9.513106237389051, "x2": 1.6135123755755016, "x3": 1.368062118156956, "x4": 1.1212661528811898, "x5": 10.078468079469687, "x6": 0.3671616142824001, "x7": 18.75753592322704, "x8": 1.6910677092965045, "x9": 1.134044186501445}, "datetime": {"datetime": "2025-05-10 05:05:58", "elapsed": 3215.191874, "delta": 12.343135}}
{"target": 5.814315354591316e-08, "params": {"x0": 0.9121525255661332, "x1": 9.513106237389051, "x2": 1.6135123755755072, "x3": 1.3680621181569543, "x4": 1.1212661528811805, "x5": 10.078468079469676, "x6": 0.36716161428242894, "x7": 18.757535923227046, "x8": 1.691067709296505, "x9": 1.1340441865014448}, "datetime": {"datetime": "2025-05-10 05:06:10", "elapsed": 3227.206372, "delta": 12.014498}}
{"target": 5.814315354591316e-08, "params": {"x0": 0.9121525255661335, "x1": 9.513106237389056, "x2": 1.6135123755755045, "x3": 1.368062118156952, "x4": 1.1212661528811894, "x5": 10.078468079469669, "x6": 0.36716161428240296, "x7": 18.75753592322705, "x8": 1.6910677092965045, "x9": 1.134044186501446}, "datetime": {"datetime": "2025-05-10 05:06:22", "elapsed": 3239.125143, "delta": 11.918771}}
{"target": 5.814315354591316e-08, "params": {"x0": 0.9121525255661332, "x1": 9.513106237389056, "x2": 1.6135123755755074, "x3": 1.3680621181569472, "x4": 1.1212661528811776, "x5": 10.078468079469676, "x6": 0.36716161428241345, "x7": 18.757535923227056, "x8": 1.691067709296506, "x9": 1.1340441865014452}, "datetime": {"datetime": "2025-05-10 05:06:35", "elapsed": 3252.68774, "delta": 13.562597}}
{"target": 5.814315354591316e-08, "params": {"x0": 0.9121525255661334, "x1": 9.513106237389055, "x2": 1.6135123755755025, "x3": 1.3680621181569437, "x4": 1.12126615288118, "x5": 10.07846807946968, "x6": 0.3671616142824181, "x7": 18.75753592322705, "x8": 1.6910677092965058, "x9": 1.134044186501445}, "datetime": {"datetime": "2025-05-10 05:06:48", "elapsed": 3265.580296, "delta": 12.892556}}
{"target": 5.814315354591316e-08, "params": {"x0": 0.9121525255661335, "x1": 9.513106237389051, "x2": 1.613512375575505, "x3": 1.3680621181569477, "x4": 1.1212661528811876, "x5": 10.078468079469678, "x6": 0.36716161428242117, "x7": 18.757535923227046, "x8": 1.6910677092965052, "x9": 1.134044186501446}, "datetime": {"datetime": "2025-05-10 05:07:00", "elapsed": 3277.609341, "delta": 12.029045}}
{"target": 5.814315354591316e-08, "params": {"x0": 0.9121525255661332, "x1": 9.513106237389055, "x2": 1.6135123755755059, "x3": 1.368062118156945, "x4": 1.1212661528811831, "x5": 10.078468079469689, "x6": 0.3671616142824236, "x7": 18.757535923227056, "x8": 1.691067709296505, "x9": 1.134044186501445}, "datetime": {"datetime": "2025-05-10 05:07:13", "elapsed": 3290.602496, "delta": 12.993155}}
{"target": 5.814315354591316e-08, "params": {"x0": 0.9121525255661335, "x1": 9.51310623738905, "x2": 1.6135123755755023, "x3": 1.368062118156952, "x4": 1.1212661528811831, "x5": 10.078468079469674, "x6": 0.36716161428241934, "x7": 18.757535923227046, "x8": 1.691067709296505, "x9": 1.134044186501445}, "datetime": {"datetime": "2025-05-10 05:07:25", "elapsed": 3302.72632, "delta": 12.123824}}
{"target": 5.814315354591316e-08, "params": {"x0": 0.9121525255661334, "x1": 9.513106237389053, "x2": 1.6135123755755059, "x3": 1.3680621181569477, "x4": 1.1212661528811847, "x5": 10.078468079469674, "x6": 0.3671616142824191, "x7": 18.757535923227042, "x8": 1.6910677092965045, "x9": 1.1340441865014457}, "datetime": {"datetime": "2025-05-10 05:07:41", "elapsed": 3318.218837, "delta": 15.492517}}
{"target": 5.814315354591316e-08, "params": {"x0": 0.9121525255661332, "x1": 9.513106237389055, "x2": 1.613512375575505, "x3": 1.3680621181569508, "x4": 1.1212661528811851, "x5": 10.078468079469676, "x6": 0.36716161428241806, "x7": 18.757535923227046, "x8": 1.6910677092965052, "x9": 1.1340441865014455}, "datetime": {"datetime": "2025-05-10 05:07:53", "elapsed": 3330.910349, "delta": 12.691512}}
{"target": 5.814315354591316e-08, "params": {"x0": 0.9121525255661334, "x1": 9.513106237389051, "x2": 1.6135123755755023, "x3": 1.3680621181569468, "x4": 1.1212661528811856, "x5": 10.078468079469685, "x6": 0.36716161428241045, "x7": 18.75753592322705, "x8": 1.691067709296505, "x9": 1.1340441865014452}, "datetime": {"datetime": "2025-05-10 05:08:06", "elapsed": 3343.191416, "delta": 12.281067}}
{"target": 5.814315354591316e-08, "params": {"x0": 0.9121525255661335, "x1": 9.513106237389055, "x2": 1.6135123755755034, "x3": 1.3680621181569512, "x4": 1.1212661528811838, "x5": 10.07846807946968, "x6": 0.36716161428241434, "x7": 18.757535923227056, "x8": 1.691067709296505, "x9": 1.134044186501446}, "datetime": {"datetime": "2025-05-10 05:08:18", "elapsed": 3355.8096, "delta": 12.618184}}
{"target": 5.814315354591316e-08, "params": {"x0": 0.9121525255661334, "x1": 9.513106237389053, "x2": 1.6135123755755052, "x3": 1.36806211815695, "x4": 1.1212661528811816, "x5": 10.078468079469683, "x6": 0.3671616142824139, "x7": 18.75753592322705, "x8": 1.691067709296505, "x9": 1.1340441865014457}, "datetime": {"datetime": "2025-05-10 05:08:31", "elapsed": 3368.649881, "delta": 12.840281}}
{"target": 5.814315354591316e-08, "params": {"x0": 0.9121525255661332, "x1": 9.513106237389051, "x2": 1.6135123755755025, "x3": 1.3680621181569501, "x4": 1.1212661528811807, "x5": 10.078468079469678, "x6": 0.36716161428241834, "x7": 18.75753592322705, "x8": 1.6910677092965054, "x9": 1.1340441865014452}, "datetime": {"datetime": "2025-05-10 05:08:44", "elapsed": 3381.606177, "delta": 12.956296}}
{"target": 5.814315354591316e-08, "params": {"x0": 0.9121525255661335, "x1": 9.513106237389055, "x2": 1.6135123755755032, "x3": 1.3680621181569497, "x4": 1.1212661528811845, "x5": 10.078468079469683, "x6": 0.3671616142824166, "x7": 18.75753592322705, "x8": 1.691067709296505, "x9": 1.1340441865014457}, "datetime": {"datetime": "2025-05-10 05:08:58", "elapsed": 3395.760876, "delta": 14.154699}}
{"target": 5.814315354591316e-08, "params": {"x0": 0.9121525255661332, "x1": 9.513106237389055, "x2": 1.6135123755755045, "x3": 1.3680621181569497, "x4": 1.1212661528811825, "x5": 10.07846807946968, "x6": 0.36716161428241617, "x7": 18.757535923227046, "x8": 1.691067709296505, "x9": 1.1340441865014455}, "datetime": {"datetime": "2025-05-10 05:09:10", "elapsed": 3408.027771, "delta": 12.266895}}
{"target": 5.814315354591316e-08, "params": {"x0": 0.9121525255661332, "x1": 9.513106237389051, "x2": 1.613512375575503, "x3": 1.3680621181569488, "x4": 1.1212661528811818, "x5": 10.078468079469681, "x6": 0.3671616142824188, "x7": 18.75753592322705, "x8": 1.691067709296505, "x9": 1.1340441865014457}, "datetime": {"datetime": "2025-05-10 05:09:24", "elapsed": 3421.288675, "delta": 13.260904}}
