{"target": 5.814315354591316e-08, "params": {"x0": 0.9121527342520416, "x1": 9.513091230402901, "x2": 1.6135199253840418, "x3": 1.3680739396923873, "x4": 1.1212771218985724, "x5": 10.078438467523023, "x6": 0.3671850428334549, "x7": 18.75750533931089, "x8": 1.6910658371702443, "x9": 1.1340417049878424}, "datetime": {"datetime": "2025-05-10 04:32:19", "elapsed": 1196.453208, "delta": 8.203487}}
{"target": 5.814315354591316e-08, "params": {"x0": 0.9121529965889619, "x1": 9.513097015570143, "x2": 1.6135267439947114, "x3": 1.3680706784935104, "x4": 1.121276700344127, "x5": 10.07843799037212, "x6": 0.3671802169593349, "x7": 18.757557808171722, "x8": 1.6910655484461063, "x9": 1.1340421618900993}, "datetime": {"datetime": "2025-05-10 04:32:27", "elapsed": 1204.714329, "delta": 8.261121}}
{"target": 5.814315354591316e-08, "params": {"x0": 0.9121529597669149, "x1": 9.5130946847707, "x2": 1.6135093865304537, "x3": 1.3680507089601706, "x4": 1.1212790201810228, "x5": 10.078445872175958, "x6": 0.36718389996831724, "x7": 18.75756080237445, "x8": 1.691065437371574, "x9": 1.1340423735230862}, "datetime": {"datetime": "2025-05-10 04:32:35", "elapsed": 1212.79688, "delta": 8.082551}}
{"target": 5.814315354591316e-08, "params": {"x0": 0.9121528008952496, "x1": 9.513097359592523, "x2": 1.6135199703072811, "x3": 1.3680706426850415, "x4": 1.121270907637597, "x5": 10.078452739999463, "x6": 0.3671857340801627, "x7": 18.75755028425067, "x8": 1.691067465644868, "x9": 1.134042290772265}, "datetime": {"datetime": "2025-05-10 04:32:43", "elapsed": 1220.865335, "delta": 8.068455}}
{"target": 5.814315354591316e-08, "params": {"x0": 0.9121528984586167, "x1": 9.51309687249717, "x2": 1.6135023773592818, "x3": 1.3680720898527514, "x4": 1.1212765778004214, "x5": 10.078449331848757, "x6": 0.3671843155372082, "x7": 18.75755663599975, "x8": 1.6910665313936053, "x9": 1.1340435987624433}, "datetime": {"datetime": "2025-05-10 04:32:52", "elapsed": 1229.314842, "delta": 8.449507}}
{"target": 5.814315354591316e-08, "params": {"x0": 0.9121527439998349, "x1": 9.513101080789982, "x2": 1.6135202623710718, "x3": 1.3680702698656322, "x4": 1.1212655239412752, "x5": 10.078448318486188, "x6": 0.36718026373353835, "x7": 18.757550700037996, "x8": 1.6910669516296382, "x9": 1.1340426771554424}, "datetime": {"datetime": "2025-05-10 04:33:00", "elapsed": 1237.823553, "delta": 8.508711}}
{"target": 5.814315354591316e-08, "params": {"x0": 0.9121527710910388, "x1": 9.513098326717266, "x2": 1.6135175714180137, "x3": 1.368066226154567, "x4": 1.121274775951776, "x5": 10.078447663652822, "x6": 0.3671786883743756, "x7": 18.757546746144705, "x8": 1.691067136406995, "x9": 1.134045063923738}, "datetime": {"datetime": "2025-05-10 04:33:08", "elapsed": 1246.054487, "delta": 8.230934}}
{"target": 5.814315354591316e-08, "params": {"x0": 0.9121527768534007, "x1": 9.51309906319993, "x2": 1.6135169592048626, "x3": 1.3680677032557564, "x4": 1.1212720058162624, "x5": 10.078449783791992, "x6": 0.36717815803769155, "x7": 18.757544512248398, "x8": 1.6910686806822097, "x9": 1.1340435333880943}, "datetime": {"datetime": "2025-05-10 04:33:17", "elapsed": 1254.431593, "delta": 8.377106}}
{"target": 5.814315354591316e-08, "params": {"x0": 0.9121525026345527, "x1": 9.513100617551611, "x2": 1.6135181966701881, "x3": 1.3680689700910755, "x4": 1.1212626642924628, "x5": 10.078452101074092, "x6": 0.3671754587396253, "x7": 18.757550691998347, "x8": 1.6910664820799235, "x9": 1.1340437900944507}, "datetime": {"datetime": "2025-05-10 04:33:25", "elapsed": 1262.810859, "delta": 8.379266}}
{"target": 5.814315354591316e-08, "params": {"x0": 0.9121527373175714, "x1": 9.513100412584343, "x2": 1.6135187156669002, "x3": 1.368062862550816, "x4": 1.1212721707639608, "x5": 10.07847091755393, "x6": 0.3671749556626358, "x7": 18.75754439329161, "x8": 1.6910668303941419, "x9": 1.1340438176220375}, "datetime": {"datetime": "2025-05-10 04:33:34", "elapsed": 1271.406208, "delta": 8.595349}}
{"target": 5.814315354591316e-08, "params": {"x0": 0.9121527181438795, "x1": 9.513103083183143, "x2": 1.613515435436084, "x3": 1.3680660219612215, "x4": 1.1212707019256607, "x5": 10.078462095600338, "x6": 0.36717186216195913, "x7": 18.757547005430368, "x8": 1.691067339669809, "x9": 1.1340435078692914}, "datetime": {"datetime": "2025-05-10 04:33:42", "elapsed": 1279.515404, "delta": 8.109196}}
{"target": 5.814315354591316e-08, "params": {"x0": 0.912152685227708, "x1": 9.513103449867648, "x2": 1.6135175039025045, "x3": 1.3680641887566476, "x4": 1.1212688536512074, "x5": 10.078457699475464, "x6": 0.36717004762382044, "x7": 18.757538836689466, "x8": 1.6910667754635318, "x9": 1.1340433898271527}, "datetime": {"datetime": "2025-05-10 04:33:51", "elapsed": 1288.231107, "delta": 8.715703}}
{"target": 5.814315354591316e-08, "params": {"x0": 0.9121526813034355, "x1": 9.513102728089043, "x2": 1.6135092903868182, "x3": 1.368064978324162, "x4": 1.1212708669849265, "x5": 10.078464390254888, "x6": 0.36717036913530704, "x7": 18.757542015425102, "x8": 1.6910669307598696, "x9": 1.1340434860019417}, "datetime": {"datetime": "2025-05-10 04:33:59", "elapsed": 1296.421364, "delta": 8.190257}}
{"target": 5.814315354591316e-08, "params": {"x0": 0.9121526511767114, "x1": 9.513102504363852, "x2": 1.613512344355872, "x3": 1.368065618529012, "x4": 1.121269322787832, "x5": 10.078458275700616, "x6": 0.3671690443698615, "x7": 18.757544520527055, "x8": 1.691067871620817, "x9": 1.1340443307154477}, "datetime": {"datetime": "2025-05-10 04:34:07", "elapsed": 1304.963973, "delta": 8.542609}}
{"target": 5.814315354591316e-08, "params": {"x0": 0.9121526112150752, "x1": 9.513103062664575, "x2": 1.613514158650239, "x3": 1.3680625508420532, "x4": 1.1212691697211934, "x5": 10.078460717795243, "x6": 0.36716929895245287, "x7": 18.757541593733695, "x8": 1.6910674639485115, "x9": 1.1340438009565426}, "datetime": {"datetime": "2025-05-10 04:34:15", "elapsed": 1313.078717, "delta": 8.114744}}
{"target": 5.814315354591316e-08, "params": {"x0": 0.9121525861927992, "x1": 9.513103683007436, "x2": 1.6135144592976152, "x3": 1.368063882146472, "x4": 1.1212656788715476, "x5": 10.078461074287812, "x6": 0.3671678394574832, "x7": 18.757541563875108, "x8": 1.6910678143005995, "x9": 1.1340439995269425}, "datetime": {"datetime": "2025-05-10 04:34:24", "elapsed": 1321.378386, "delta": 8.299669}}
{"target": 5.814315354591316e-08, "params": {"x0": 0.9121525563778181, "x1": 9.513103634594323, "x2": 1.6135148182162746, "x3": 1.36806348874934, "x4": 1.1212652121836024, "x5": 10.078460894922216, "x6": 0.36716780483783945, "x7": 18.757540315868326, "x8": 1.6910673069622564, "x9": 1.1340439265495112}, "datetime": {"datetime": "2025-05-10 04:34:32", "elapsed": 1330.078241, "delta": 8.699855}}
{"target": 5.814315354591316e-08, "params": {"x0": 0.912152609710507, "x1": 9.51310386196158, "x2": 1.6135135329274233, "x3": 1.3680644335259675, "x4": 1.1212681188251976, "x5": 10.078462977658448, "x6": 0.36716742595094526, "x7": 18.757540078316506, "x8": 1.6910680894387926, "x9": 1.1340439054305531}, "datetime": {"datetime": "2025-05-10 04:34:41", "elapsed": 1338.452255, "delta": 8.374014}}
{"target": 5.814315354591316e-08, "params": {"x0": 0.9121525476190788, "x1": 9.513104080361073, "x2": 1.6135139179751439, "x3": 1.3680634667094271, "x4": 1.1212659248632573, "x5": 10.078462949896455, "x6": 0.3671663995949591, "x7": 18.757538117796663, "x8": 1.691067685733462, "x9": 1.1340439923523322}, "datetime": {"datetime": "2025-05-10 04:34:49", "elapsed": 1346.794587, "delta": 8.342332}}
{"target": 5.814315354591316e-08, "params": {"x0": 0.9121525642965045, "x1": 9.513104387754165, "x2": 1.6135140166018933, "x3": 1.368063345189848, "x4": 1.1212676207433145, "x5": 10.078464859138185, "x6": 0.36716581227180123, "x7": 18.75753751544862, "x8": 1.6910675602965333, "x9": 1.134043898772554}, "datetime": {"datetime": "2025-05-10 04:34:57", "elapsed": 1355.015734, "delta": 8.221147}}
{"target": 5.814315354591316e-08, "params": {"x0": 0.9121525943091926, "x1": 9.513104801672736, "x2": 1.6135141398384463, "x3": 1.368063969624094, "x4": 1.1212653746254633, "x5": 10.078463780066333, "x6": 0.36716574756081133, "x7": 18.75753723424086, "x8": 1.6910674828082866, "x9": 1.1340441689699428}, "datetime": {"datetime": "2025-05-10 04:35:06", "elapsed": 1363.199676, "delta": 8.183942}}
{"target": 5.814315354591316e-08, "params": {"x0": 0.9121524783240242, "x1": 9.513104648855528, "x2": 1.6135134727468983, "x3": 1.3680639235344383, "x4": 1.1212671216475263, "x5": 10.078463991328793, "x6": 0.36716523612666774, "x7": 18.75753963249995, "x8": 1.6910677459690553, "x9": 1.1340439480191609}, "datetime": {"datetime": "2025-05-10 04:35:14", "elapsed": 1371.5415, "delta": 8.341824}}
{"target": 5.814315354591316e-08, "params": {"x0": 0.9121525655657376, "x1": 9.513105191048455, "x2": 1.6135138413797563, "x3": 1.3680636436770939, "x4": 1.1212674537345801, "x5": 10.078465346579522, "x6": 0.3671649016566337, "x7": 18.75753774124616, "x8": 1.691067711916651, "x9": 1.1340439827717017}, "datetime": {"datetime": "2025-05-10 04:35:22", "elapsed": 1379.936305, "delta": 8.394805}}
{"target": 5.814315354591316e-08, "params": {"x0": 0.9121525748699362, "x1": 9.51310514647289, "x2": 1.6135135966522869, "x3": 1.368062258560476, "x4": 1.1212674767998676, "x5": 10.078464707665034, "x6": 0.36716249705488446, "x7": 18.757537178599694, "x8": 1.6910675983445975, "x9": 1.1340439673651213}, "datetime": {"datetime": "2025-05-10 04:35:31", "elapsed": 1388.481719, "delta": 8.545414}}
{"target": 5.814315354591316e-08, "params": {"x0": 0.9121525621590629, "x1": 9.513105078965449, "x2": 1.613512871492632, "x3": 1.3680611692435973, "x4": 1.1212662216135594, "x5": 10.078465151870166, "x6": 0.3671638480045102, "x7": 18.757538717716198, "x8": 1.6910677424110412, "x9": 1.1340440030698822}, "datetime": {"datetime": "2025-05-10 04:35:39", "elapsed": 1396.672707, "delta": 8.190988}}
{"target": 5.814315354591316e-08, "params": {"x0": 0.9121525032213981, "x1": 9.513105180835634, "x2": 1.6135134599428596, "x3": 1.368062746797216, "x4": 1.1212668541903479, "x5": 10.078465549651938, "x6": 0.36716327482418837, "x7": 18.757538385202647, "x8": 1.6910678728644029, "x9": 1.1340440747031433}, "datetime": {"datetime": "2025-05-10 04:35:48", "elapsed": 1405.273702, "delta": 8.600995}}
{"target": 5.814315354591316e-08, "params": {"x0": 0.9121525556386975, "x1": 9.513105415847523, "x2": 1.6135134344353614, "x3": 1.3680624138548503, "x4": 1.121267040728847, "x5": 10.078466354460408, "x6": 0.3671637800850909, "x7": 18.75753740898885, "x8": 1.6910676803297973, "x9": 1.134044167620228}, "datetime": {"datetime": "2025-05-10 04:35:56", "elapsed": 1413.561224, "delta": 8.287522}}
{"target": 5.814315354591316e-08, "params": {"x0": 0.9121525500984611, "x1": 9.513105591514668, "x2": 1.6135126465496215, "x3": 1.368063086531462, "x4": 1.1212668786466915, "x5": 10.078466723851612, "x6": 0.36716363093382304, "x7": 18.757537555689684, "x8": 1.6910676141679781, "x9": 1.1340441142696944}, "datetime": {"datetime": "2025-05-10 04:36:05", "elapsed": 1422.119063, "delta": 8.557839}}
{"target": 5.814315354591316e-08, "params": {"x0": 0.9121525192812191, "x1": 9.513105600308869, "x2": 1.6135130956121921, "x3": 1.3680627706060653, "x4": 1.1212665467812737, "x5": 10.078466160660616, "x6": 0.3671632907990681, "x7": 18.757537027861307, "x8": 1.6910675984963268, "x9": 1.1340441129181271}, "datetime": {"datetime": "2025-05-10 04:36:13", "elapsed": 1430.994577, "delta": 8.875514}}
{"target": 5.814315354591316e-08, "params": {"x0": 0.9121525457866219, "x1": 9.513105576425719, "x2": 1.6135122725693176, "x3": 1.3680628140043785, "x4": 1.1212668906142726, "x5": 10.078466572778963, "x6": 0.3671631311277052, "x7": 18.75753704339329, "x8": 1.6910676269976974, "x9": 1.1340440750885277}, "datetime": {"datetime": "2025-05-10 04:36:22", "elapsed": 1439.388741, "delta": 8.394164}}
{"target": 5.814315354591316e-08, "params": {"x0": 0.912152545256354, "x1": 9.513105623723876, "x2": 1.6135125216364448, "x3": 1.368062736921818, "x4": 1.1212662721790265, "x5": 10.078467173397623, "x6": 0.3671628130746733, "x7": 18.75753693629659, "x8": 1.6910677078821141, "x9": 1.1340440750704108}, "datetime": {"datetime": "2025-05-10 04:36:30", "elapsed": 1448.07093, "delta": 8.682189}}
{"target": 5.814315354591316e-08, "params": {"x0": 0.9121525396585607, "x1": 9.513105702490288, "x2": 1.6135128399992769, "x3": 1.3680626346476714, "x4": 1.1212662241056597, "x5": 10.078466698560838, "x6": 0.3671627815038631, "x7": 18.757535928166455, "x8": 1.691067691839595, "x9": 1.134044148323564}, "datetime": {"datetime": "2025-05-10 04:36:39", "elapsed": 1456.707802, "delta": 8.636872}}
{"target": 5.814315354591316e-08, "params": {"x0": 0.912152539972163, "x1": 9.513105821598117, "x2": 1.6135126653673602, "x3": 1.3680624411779199, "x4": 1.121266695686563, "x5": 10.078467549646785, "x6": 0.36716252317275483, "x7": 18.757537018486957, "x8": 1.6910676578017474, "x9": 1.134044099565578}, "datetime": {"datetime": "2025-05-10 04:36:48", "elapsed": 1465.524745, "delta": 8.816943}}
{"target": 5.814315354591316e-08, "params": {"x0": 0.9121525423583279, "x1": 9.513105963653892, "x2": 1.6135127274317536, "x3": 1.368062244402397, "x4": 1.1212663687694402, "x5": 10.078467009052083, "x6": 0.3671625292574529, "x7": 18.757536924187193, "x8": 1.6910677232064073, "x9": 1.1340441219947763}, "datetime": {"datetime": "2025-05-10 04:36:57", "elapsed": 1474.316466, "delta": 8.791721}}
{"target": 5.814315354591316e-08, "params": {"x0": 0.9121525413065105, "x1": 9.513105824561954, "x2": 1.6135128453581657, "x3": 1.3680624444714409, "x4": 1.121265693159378, "x5": 10.078467021722528, "x6": 0.36716256982910145, "x7": 18.757536624180187, "x8": 1.6910677298927745, "x9": 1.134044149335614}, "datetime": {"datetime": "2025-05-10 04:37:05", "elapsed": 1482.657991, "delta": 8.341525}}
{"target": 5.814315354591316e-08, "params": {"x0": 0.9121525369731552, "x1": 9.513105886990733, "x2": 1.6135127264558002, "x3": 1.368062402883248, "x4": 1.1212659410713843, "x5": 10.078467270853416, "x6": 0.3671621262697244, "x7": 18.75753639983772, "x8": 1.6910676385896783, "x9": 1.1340441483718455}, "datetime": {"datetime": "2025-05-10 04:37:14", "elapsed": 1491.127334, "delta": 8.469343}}
{"target": 5.814315354591316e-08, "params": {"x0": 0.9121525273874207, "x1": 9.513105944312043, "x2": 1.6135126102146835, "x3": 1.36806234063087, "x4": 1.1212657872464389, "x5": 10.078467340351544, "x6": 0.3671623405163696, "x7": 18.757536645095595, "x8": 1.691067663567979, "x9": 1.134044133931472}, "datetime": {"datetime": "2025-05-10 04:37:22", "elapsed": 1499.745241, "delta": 8.617907}}
{"target": 5.814315354591316e-08, "params": {"x0": 0.9121525176901226, "x1": 9.513105964243193, "x2": 1.6135125358945326, "x3": 1.3680622344072222, "x4": 1.1212663961022333, "x5": 10.07846740452379, "x6": 0.36716216493928505, "x7": 18.757536557458888, "x8": 1.6910677070220475, "x9": 1.134044137742731}, "datetime": {"datetime": "2025-05-10 04:37:31", "elapsed": 1508.413577, "delta": 8.668336}}
{"target": 5.814315354591316e-08, "params": {"x0": 0.9121525176585522, "x1": 9.513105998740484, "x2": 1.6135126316616266, "x3": 1.3680622945720118, "x4": 1.121266328555576, "x5": 10.078467431310544, "x6": 0.367162202112031, "x7": 18.757536442771407, "x8": 1.6910676718382738, "x9": 1.1340441481090433}, "datetime": {"datetime": "2025-05-10 04:37:40", "elapsed": 1517.482399, "delta": 9.068822}}
{"target": 5.814315354591316e-08, "params": {"x0": 0.9121525350742584, "x1": 9.513106068711776, "x2": 1.6135125336439582, "x3": 1.3680623795626854, "x4": 1.121266078258686, "x5": 10.078467700340887, "x6": 0.36716214570940026, "x7": 18.757536305306804, "x8": 1.6910676861380771, "x9": 1.134044149827872}, "datetime": {"datetime": "2025-05-10 04:37:48", "elapsed": 1526.00114, "delta": 8.518741}}
{"target": 5.814315354591316e-08, "params": {"x0": 0.9121525276214744, "x1": 9.513106063348733, "x2": 1.6135124754198145, "x3": 1.368062315922042, "x4": 1.1212662369234314, "x5": 10.078467558499327, "x6": 0.36716196791695, "x7": 18.757536375720214, "x8": 1.6910676883050535, "x9": 1.1340441622799606}, "datetime": {"datetime": "2025-05-10 04:37:57", "elapsed": 1534.478188, "delta": 8.477048}}
{"target": 5.814315354591316e-08, "params": {"x0": 0.9121525224560961, "x1": 9.51310606398532, "x2": 1.6135125727772166, "x3": 1.3680621406097853, "x4": 1.1212661479626307, "x5": 10.078467593858825, "x6": 0.3671620781659606, "x7": 18.757536097069853, "x8": 1.6910676768337243, "x9": 1.1340441522139786}, "datetime": {"datetime": "2025-05-10 04:38:05", "elapsed": 1542.966454, "delta": 8.488266}}
{"target": 5.814315354591316e-08, "params": {"x0": 0.9121525314848492, "x1": 9.513106061697359, "x2": 1.6135123404207465, "x3": 1.3680622997229404, "x4": 1.121266004868681, "x5": 10.078467729750043, "x6": 0.3671620257425291, "x7": 18.75753620170589, "x8": 1.6910677272321342, "x9": 1.1340441722871304}, "datetime": {"datetime": "2025-05-10 04:38:14", "elapsed": 1551.368612, "delta": 8.402158}}
{"target": 5.814315354591316e-08, "params": {"x0": 0.9121525275059836, "x1": 9.513106078483638, "x2": 1.6135123860828406, "x3": 1.368062229591147, "x4": 1.1212662610499757, "x5": 10.078467666181622, "x6": 0.3671618943974517, "x7": 18.757536090530415, "x8": 1.691067678157907, "x9": 1.1340441657425095}, "datetime": {"datetime": "2025-05-10 04:38:22", "elapsed": 1559.827018, "delta": 8.458406}}
{"target": 5.814315354591316e-08, "params": {"x0": 0.9121525286182025, "x1": 9.513106091531148, "x2": 1.6135124950384563, "x3": 1.3680622140721697, "x4": 1.1212663155548066, "x5": 10.078467705717367, "x6": 0.3671619205980518, "x7": 18.757536130483288, "x8": 1.6910677240564709, "x9": 1.134044178826746}, "datetime": {"datetime": "2025-05-10 04:38:31", "elapsed": 1568.49772, "delta": 8.670702}}
{"target": 5.814315354591316e-08, "params": {"x0": 0.9121525283239835, "x1": 9.513106140367524, "x2": 1.6135124156693934, "x3": 1.3680622516124141, "x4": 1.1212662838317229, "x5": 10.078467866352087, "x6": 0.36716190664992343, "x7": 18.75753616517331, "x8": 1.6910677148106488, "x9": 1.1340441810199628}, "datetime": {"datetime": "2025-05-10 04:38:40", "elapsed": 1577.18968, "delta": 8.69196}}
{"target": 5.814315354591316e-08, "params": {"x0": 0.9121525246326484, "x1": 9.513106119944794, "x2": 1.6135124851520957, "x3": 1.3680622192227228, "x4": 1.1212661117564215, "x5": 10.078467804702871, "x6": 0.3671618141070527, "x7": 18.757536157866458, "x8": 1.6910676872332238, "x9": 1.1340441689171064}, "datetime": {"datetime": "2025-05-10 04:38:48", "elapsed": 1585.827518, "delta": 8.637838}}
{"target": 5.814315354591316e-08, "params": {"x0": 0.9121525234707739, "x1": 9.513106139375168, "x2": 1.6135124687882634, "x3": 1.3680622001128884, "x4": 1.1212661735287188, "x5": 10.078467815703032, "x6": 0.3671617706025161, "x7": 18.757536116718768, "x8": 1.6910677056610097, "x9": 1.1340441706903994}, "datetime": {"datetime": "2025-05-10 04:38:57", "elapsed": 1594.479598, "delta": 8.65208}}
{"target": 5.814315354591316e-08, "params": {"x0": 0.9121525223966667, "x1": 9.513106152619974, "x2": 1.6135124486623085, "x3": 1.3680622223636798, "x4": 1.1212661555694612, "x5": 10.078467877675232, "x6": 0.36716182555532373, "x7": 18.757536020147576, "x8": 1.691067720838263, "x9": 1.134044170315249}, "datetime": {"datetime": "2025-05-10 04:39:06", "elapsed": 1603.794979, "delta": 9.315381}}
{"target": 5.814315354591316e-08, "params": {"x0": 0.9121525263035446, "x1": 9.51310618284338, "x2": 1.6135124707116442, "x3": 1.368062175432937, "x4": 1.1212660987429726, "x5": 10.078467898252514, "x6": 0.36716180647936425, "x7": 18.757536046623883, "x8": 1.6910676964184794, "x9": 1.1340441766672742}, "datetime": {"datetime": "2025-05-10 04:39:15", "elapsed": 1612.627762, "delta": 8.832783}}
{"target": 5.814315354591316e-08, "params": {"x0": 0.9121525271872009, "x1": 9.513106172856874, "x2": 1.6135124604493556, "x3": 1.368062167567252, "x4": 1.1212661904613725, "x5": 10.078467930080624, "x6": 0.36716179081595635, "x7": 18.757536064916945, "x8": 1.6910677158995133, "x9": 1.1340441813934166}, "datetime": {"datetime": "2025-05-10 04:39:24", "elapsed": 1621.202458, "delta": 8.574696}}
{"target": 5.814315354591316e-08, "params": {"x0": 0.9121525266324336, "x1": 9.51310617147642, "x2": 1.6135124266253043, "x3": 1.368062134828549, "x4": 1.1212660767606912, "x5": 10.078467903712129, "x6": 0.36716177512111403, "x7": 18.757536055751526, "x8": 1.691067704574331, "x9": 1.1340441742881457}, "datetime": {"datetime": "2025-05-10 04:39:33", "elapsed": 1630.454556, "delta": 9.252098}}
{"target": 5.814315354591316e-08, "params": {"x0": 0.9121525271562196, "x1": 9.51310617523733, "x2": 1.613512396683504, "x3": 1.3680621453096382, "x4": 1.1212662031597846, "x5": 10.078467962275438, "x6": 0.3671617284730618, "x7": 18.75753596403262, "x8": 1.6910677019758338, "x9": 1.1340441779811856}, "datetime": {"datetime": "2025-05-10 04:39:42", "elapsed": 1639.31161, "delta": 8.857054}}
{"target": 5.814315354591316e-08, "params": {"x0": 0.9121525266393443, "x1": 9.513106200564222, "x2": 1.6135123765893045, "x3": 1.3680621634903272, "x4": 1.1212661648022388, "x5": 10.078467973261663, "x6": 0.367161743368558, "x7": 18.757536020217817, "x8": 1.6910676995148584, "x9": 1.1340441789566704}, "datetime": {"datetime": "2025-05-10 04:39:51", "elapsed": 1648.544726, "delta": 9.233116}}
{"target": 5.814315354591316e-08, "params": {"x0": 0.9121525275388936, "x1": 9.513106195825685, "x2": 1.6135123990991735, "x3": 1.3680621525216117, "x4": 1.121266193914276, "x5": 10.078467975928366, "x6": 0.36716170934125264, "x7": 18.757536031520544, "x8": 1.691067716126123, "x9": 1.1340441795623213}, "datetime": {"datetime": "2025-05-10 04:40:00", "elapsed": 1657.330227, "delta": 8.785501}}
