{"target": 5.814315354591316e-08, "params": {"x0": 0.9121525241534987, "x1": 9.51310619408256, "x2": 1.613512423515371, "x3": 1.368062166009856, "x4": 1.1212661869574063, "x5": 10.078468001219303, "x6": 0.36716167875717454, "x7": 18.757535998424725, "x8": 1.6910677003025345, "x9": 1.1340441806860397}, "datetime": {"datetime": "2025-05-10 04:40:08", "elapsed": 1665.825903, "delta": 8.495676}}
{"target": 5.814315354591316e-08, "params": {"x0": 0.9121525263108663, "x1": 9.513106207074486, "x2": 1.6135124052388639, "x3": 1.3680621245048679, "x4": 1.1212661695119999, "x5": 10.078467972330023, "x6": 0.36716170975384355, "x7": 18.757535945772343, "x8": 1.69106771182847, "x9": 1.1340441799400853}, "datetime": {"datetime": "2025-05-10 04:40:17", "elapsed": 1674.474745, "delta": 8.648842}}
{"target": 5.814315354591316e-08, "params": {"x0": 0.912152526213572, "x1": 9.513106207532767, "x2": 1.613512415518774, "x3": 1.368062150878916, "x4": 1.1212661364003267, "x5": 10.078468028151674, "x6": 0.36716169075145616, "x7": 18.75753600017066, "x8": 1.6910677041752518, "x9": 1.1340441824289773}, "datetime": {"datetime": "2025-05-10 04:40:27", "elapsed": 1684.621638, "delta": 10.146893}}
{"target": 5.814315354591316e-08, "params": {"x0": 0.9121525265265075, "x1": 9.51310620583345, "x2": 1.6135123701691598, "x3": 1.3680621416093706, "x4": 1.1212661831110484, "x5": 10.07846800255161, "x6": 0.3671616707515539, "x7": 18.757535990035194, "x8": 1.69106771305939, "x9": 1.1340441840019797}, "datetime": {"datetime": "2025-05-10 04:40:36", "elapsed": 1693.513601, "delta": 8.891963}}
{"target": 5.814315354591316e-08, "params": {"x0": 0.9121525267353593, "x1": 9.513106208811093, "x2": 1.613512354581328, "x3": 1.3680621490932876, "x4": 1.1212661808545723, "x5": 10.078468013550273, "x6": 0.3671616807467719, "x7": 18.75753598418219, "x8": 1.691067714055299, "x9": 1.1340441836765922}, "datetime": {"datetime": "2025-05-10 04:40:44", "elapsed": 1702.081479, "delta": 8.567878}}
{"target": 5.814315354591316e-08, "params": {"x0": 0.9121525262660214, "x1": 9.513106212143256, "x2": 1.6135124045568583, "x3": 1.3680621467804863, "x4": 1.1212661712397747, "x5": 10.078468032007946, "x6": 0.3671616339970678, "x7": 18.757535969415404, "x8": 1.691067704018885, "x9": 1.134044184032736}, "datetime": {"datetime": "2025-05-10 04:40:53", "elapsed": 1710.875902, "delta": 8.794423}}
{"target": 5.814315354591316e-08, "params": {"x0": 0.9121525261029049, "x1": 9.513106217040301, "x2": 1.6135124033449149, "x3": 1.368062145130085, "x4": 1.1212661581417154, "x5": 10.078468032373465, "x6": 0.3671616578087552, "x7": 18.757535969635846, "x8": 1.6910677062790853, "x9": 1.1340441837298623}, "datetime": {"datetime": "2025-05-10 04:41:02", "elapsed": 1719.547743, "delta": 8.671841}}
{"target": 5.814315354591316e-08, "params": {"x0": 0.912152526073019, "x1": 9.513106221161953, "x2": 1.613512400635358, "x3": 1.3680621275550948, "x4": 1.1212661638066999, "x5": 10.078468028940122, "x6": 0.36716166306513603, "x7": 18.757535937958856, "x8": 1.691067707431942, "x9": 1.1340441838323025}, "datetime": {"datetime": "2025-05-10 04:41:11", "elapsed": 1728.617792, "delta": 9.070049}}
{"target": 5.814315354591316e-08, "params": {"x0": 0.9121525261424347, "x1": 9.513106220199882, "x2": 1.6135123878890612, "x3": 1.3680621392163153, "x4": 1.1212661709078382, "x5": 10.07846802908768, "x6": 0.36716165638594994, "x7": 18.757535947995695, "x8": 1.6910677076070502, "x9": 1.1340441884851113}, "datetime": {"datetime": "2025-05-10 04:41:20", "elapsed": 1737.291213, "delta": 8.673421}}
{"target": 5.814315354591316e-08, "params": {"x0": 0.9121525257748614, "x1": 9.513106222551416, "x2": 1.61351239224772, "x3": 1.3680621350200086, "x4": 1.1212661696887065, "x5": 10.078468039721635, "x6": 0.3671616353223092, "x7": 18.757535962827234, "x8": 1.6910677058964134, "x9": 1.1340441844901852}, "datetime": {"datetime": "2025-05-10 04:41:28", "elapsed": 1746.083654, "delta": 8.792441}}
{"target": 5.814315354591316e-08, "params": {"x0": 0.9121525254184726, "x1": 9.5131062229168, "x2": 1.613512378914758, "x3": 1.3680621164000717, "x4": 1.1212661673707054, "x5": 10.078468040377976, "x6": 0.36716164916679345, "x7": 18.757535953930464, "x8": 1.6910677072203055, "x9": 1.1340441839196544}, "datetime": {"datetime": "2025-05-10 04:41:37", "elapsed": 1754.884972, "delta": 8.801318}}
{"target": 5.814315354591316e-08, "params": {"x0": 0.9121525256572512, "x1": 9.51310622479339, "x2": 1.6135123773698157, "x3": 1.368062130839818, "x4": 1.1212661453907595, "x5": 10.078468048774031, "x6": 0.36716164766576254, "x7": 18.757535937765052, "x8": 1.6910677065441562, "x9": 1.1340441841355546}, "datetime": {"datetime": "2025-05-10 04:41:47", "elapsed": 1764.386569, "delta": 9.501597}}
{"target": 5.814315354591316e-08, "params": {"x0": 0.9121525253042574, "x1": 9.513106224971281, "x2": 1.613512367450317, "x3": 1.368062127758185, "x4": 1.121266165830428, "x5": 10.07846805528225, "x6": 0.367161643780944, "x7": 18.757535951078403, "x8": 1.691067711236264, "x9": 1.1340441842537279}, "datetime": {"datetime": "2025-05-10 04:41:56", "elapsed": 1773.935006, "delta": 9.548437}}
{"target": 5.814315354591316e-08, "params": {"x0": 0.9121525260216227, "x1": 9.51310622712979, "x2": 1.6135123865981529, "x3": 1.368062130413536, "x4": 1.1212661612510093, "x5": 10.078468051927622, "x6": 0.3671616324964821, "x7": 18.75753595050893, "x8": 1.6910677086026427, "x9": 1.1340441855375878}, "datetime": {"datetime": "2025-05-10 04:42:06", "elapsed": 1783.238206, "delta": 9.3032}}
{"target": 5.814315354591316e-08, "params": {"x0": 0.9121525253846923, "x1": 9.513106227532067, "x2": 1.613512384000438, "x3": 1.3680621210377137, "x4": 1.1212661628668503, "x5": 10.078468059507156, "x6": 0.36716163390499207, "x7": 18.75753594346385, "x8": 1.691067709761322, "x9": 1.1340441851528438}, "datetime": {"datetime": "2025-05-10 04:42:15", "elapsed": 1792.213225, "delta": 8.975019}}
{"target": 5.814315354591316e-08, "params": {"x0": 0.9121525253320627, "x1": 9.513106227963208, "x2": 1.6135123821386674, "x3": 1.3680621134151643, "x4": 1.1212661616198423, "x5": 10.078468055406876, "x6": 0.3671616346055784, "x7": 18.75753594479785, "x8": 1.6910677086481352, "x9": 1.1340441849705827}, "datetime": {"datetime": "2025-05-10 04:42:24", "elapsed": 1801.750644, "delta": 9.537419}}
{"target": 5.814315354591316e-08, "params": {"x0": 0.912152525702986, "x1": 9.513106229998613, "x2": 1.613512380580698, "x3": 1.3680621250916154, "x4": 1.1212661546012404, "x5": 10.078468066181776, "x6": 0.36716163338756386, "x7": 18.75753593760871, "x8": 1.691067709764211, "x9": 1.134044185647931}, "datetime": {"datetime": "2025-05-10 04:42:33", "elapsed": 1810.742695, "delta": 8.992051}}
{"target": 5.814315354591316e-08, "params": {"x0": 0.9121525257646576, "x1": 9.51310623015271, "x2": 1.6135123809207053, "x3": 1.3680621233840933, "x4": 1.1212661531337305, "x5": 10.0784680596789, "x6": 0.36716162443848116, "x7": 18.757535935358213, "x8": 1.6910677079909158, "x9": 1.1340441858027286}, "datetime": {"datetime": "2025-05-10 04:42:42", "elapsed": 1819.390115, "delta": 8.64742}}
{"target": 5.814315354591316e-08, "params": {"x0": 0.9121525256259568, "x1": 9.513106232704247, "x2": 1.6135123800605402, "x3": 1.3680621236077584, "x4": 1.1212661553418473, "x5": 10.07846807042577, "x6": 0.36716162936791735, "x7": 18.75753593758732, "x8": 1.6910677086902168, "x9": 1.1340441852934489}, "datetime": {"datetime": "2025-05-10 04:42:51", "elapsed": 1828.140429, "delta": 8.750314}}
{"target": 5.814315354591316e-08, "params": {"x0": 0.9121525255860351, "x1": 9.513106231235179, "x2": 1.613512381080745, "x3": 1.3680621244373898, "x4": 1.121266158235398, "x5": 10.078468064565644, "x6": 0.36716162236784605, "x7": 18.75753592389108, "x8": 1.6910677098767186, "x9": 1.134044185612138}, "datetime": {"datetime": "2025-05-10 04:43:00", "elapsed": 1837.291094, "delta": 9.150665}}
{"target": 5.814315354591316e-08, "params": {"x0": 0.9121525257061887, "x1": 9.513106232874946, "x2": 1.6135123814509107, "x3": 1.3680621231682313, "x4": 1.1212661564816613, "x5": 10.078468069629423, "x6": 0.3671616268625333, "x7": 18.75753593250842, "x8": 1.6910677095502433, "x9": 1.1340441864302955}, "datetime": {"datetime": "2025-05-10 04:43:09", "elapsed": 1846.43809, "delta": 9.146996}}
{"target": 5.814315354591316e-08, "params": {"x0": 0.9121525255013325, "x1": 9.513106233973415, "x2": 1.6135123804948375, "x3": 1.3680621229646128, "x4": 1.1212661580833432, "x5": 10.078468067137527, "x6": 0.3671616250997622, "x7": 18.757535931652626, "x8": 1.691067708586756, "x9": 1.1340441864781974}, "datetime": {"datetime": "2025-05-10 04:43:18", "elapsed": 1855.873699, "delta": 9.435609}}
{"target": 5.814315354591316e-08, "params": {"x0": 0.912152525708985, "x1": 9.513106233291545, "x2": 1.6135123786652645, "x3": 1.3680621211276993, "x4": 1.1212661570729054, "x5": 10.078468068072043, "x6": 0.36716162282674014, "x7": 18.757535924026403, "x8": 1.6910677099244598, "x9": 1.1340441858109145}, "datetime": {"datetime": "2025-05-10 04:43:28", "elapsed": 1865.250994, "delta": 9.377295}}
{"target": 5.814315354591316e-08, "params": {"x0": 0.9121525257163964, "x1": 9.51310623345991, "x2": 1.6135123787970687, "x3": 1.3680621226936855, "x4": 1.1212661491263871, "x5": 10.078468070028189, "x6": 0.36716162234505023, "x7": 18.757535931599232, "x8": 1.6910677085676293, "x9": 1.1340441858297778}, "datetime": {"datetime": "2025-05-10 04:43:37", "elapsed": 1874.79167, "delta": 9.540676}}
{"target": 5.814315354591316e-08, "params": {"x0": 0.9121525255274159, "x1": 9.513106233766916, "x2": 1.613512373886635, "x3": 1.3680621215824669, "x4": 1.121266154897152, "x5": 10.07846807206704, "x6": 0.3671616219651548, "x7": 18.757535930414303, "x8": 1.6910677090599298, "x9": 1.1340441859086097}, "datetime": {"datetime": "2025-05-10 04:43:47", "elapsed": 1884.219798, "delta": 9.428128}}
{"target": 5.814315354591316e-08, "params": {"x0": 0.9121525255300029, "x1": 9.513106234202725, "x2": 1.6135123789076486, "x3": 1.3680621217338707, "x4": 1.1212661563614463, "x5": 10.07846807213984, "x6": 0.36716161527112134, "x7": 18.75753592760683, "x8": 1.6910677089611454, "x9": 1.1340441859611943}, "datetime": {"datetime": "2025-05-10 04:43:56", "elapsed": 1893.542897, "delta": 9.323099}}
{"target": 5.814315354591316e-08, "params": {"x0": 0.9121525255389316, "x1": 9.513106234481231, "x2": 1.6135123784341563, "x3": 1.36806211937756, "x4": 1.1212661526278347, "x5": 10.0784680728514, "x6": 0.36716161945968007, "x7": 18.757535927409364, "x8": 1.6910677088300847, "x9": 1.1340441859876051}, "datetime": {"datetime": "2025-05-10 04:44:05", "elapsed": 1902.47811, "delta": 8.935213}}
{"target": 5.814315354591316e-08, "params": {"x0": 0.9121525256243567, "x1": 9.513106235214943, "x2": 1.6135123757094263, "x3": 1.3680621208555006, "x4": 1.1212661540916096, "x5": 10.07846807306066, "x6": 0.3671616181930784, "x7": 18.757535927847584, "x8": 1.691067709266346, "x9": 1.1340441861496884}, "datetime": {"datetime": "2025-05-10 04:44:14", "elapsed": 1911.254755, "delta": 8.776645}}
{"target": 5.814315354591316e-08, "params": {"x0": 0.9121525255856386, "x1": 9.513106235012163, "x2": 1.6135123758977743, "x3": 1.3680621189225486, "x4": 1.1212661553996186, "x5": 10.078468073980625, "x6": 0.36716161923455204, "x7": 18.757535927919573, "x8": 1.6910677092034765, "x9": 1.1340441863027504}, "datetime": {"datetime": "2025-05-10 04:44:23", "elapsed": 1920.969658, "delta": 9.714903}}
{"target": 5.814315354591316e-08, "params": {"x0": 0.9121525256394981, "x1": 9.51310623576093, "x2": 1.61351237785744, "x3": 1.3680621204508063, "x4": 1.1212661531771169, "x5": 10.07846807548279, "x6": 0.36716161613550885, "x7": 18.757535927780253, "x8": 1.6910677090103767, "x9": 1.1340441861548183}, "datetime": {"datetime": "2025-05-10 04:44:33", "elapsed": 1930.88358, "delta": 9.913922}}
{"target": 5.814315354591316e-08, "params": {"x0": 0.9121525256044531, "x1": 9.513106236240956, "x2": 1.613512376572497, "x3": 1.3680621199770167, "x4": 1.1212661547640206, "x5": 10.078468075175627, "x6": 0.36716161826444016, "x7": 18.757535925189234, "x8": 1.6910677091241668, "x9": 1.1340441861847697}, "datetime": {"datetime": "2025-05-10 04:44:43", "elapsed": 1940.496486, "delta": 9.612906}}
{"target": 5.814315354591316e-08, "params": {"x0": 0.9121525256266281, "x1": 9.51310623606233, "x2": 1.6135123770441409, "x3": 1.3680621193893792, "x4": 1.1212661513920739, "x5": 10.078468075482037, "x6": 0.3671616178225677, "x7": 18.757535925563783, "x8": 1.6910677092868676, "x9": 1.1340441862064703}, "datetime": {"datetime": "2025-05-10 04:44:52", "elapsed": 1949.486884, "delta": 8.990398}}
{"target": 5.814315354591316e-08, "params": {"x0": 0.9121525255439645, "x1": 9.513106235884614, "x2": 1.6135123746593238, "x3": 1.3680621195717084, "x4": 1.1212661539764455, "x5": 10.078468075684864, "x6": 0.36716161728223373, "x7": 18.757535926016917, "x8": 1.6910677091766233, "x9": 1.134044186286823}, "datetime": {"datetime": "2025-05-10 04:45:01", "elapsed": 1958.499831, "delta": 9.012947}}
{"target": 5.814315354591316e-08, "params": {"x0": 0.9121525255745595, "x1": 9.513106236085711, "x2": 1.6135123764719084, "x3": 1.3680621196283582, "x4": 1.1212661544399922, "x5": 10.078468077005496, "x6": 0.36716161586371676, "x7": 18.75753592524199, "x8": 1.6910677094467876, "x9": 1.1340441862896034}, "datetime": {"datetime": "2025-05-10 04:45:10", "elapsed": 1967.593559, "delta": 9.093728}}
{"target": 5.814315354591316e-08, "params": {"x0": 0.9121525255610461, "x1": 9.513106236209499, "x2": 1.6135123764800123, "x3": 1.368062119443984, "x4": 1.1212661516525033, "x5": 10.078468076338178, "x6": 0.3671616169448221, "x7": 18.757535925318592, "x8": 1.6910677091406132, "x9": 1.134044186362016}, "datetime": {"datetime": "2025-05-10 04:45:20", "elapsed": 1977.387919, "delta": 9.79436}}
{"target": 5.814315354591316e-08, "params": {"x0": 0.9121525256085632, "x1": 9.513106236265187, "x2": 1.613512376299372, "x3": 1.3680621194438969, "x4": 1.1212661530673664, "x5": 10.078468077120283, "x6": 0.367161616052234, "x7": 18.757535925127478, "x8": 1.6910677092371333, "x9": 1.134044186437846}, "datetime": {"datetime": "2025-05-10 04:45:30", "elapsed": 1987.11431, "delta": 9.726391}}
{"target": 5.814315354591316e-08, "params": {"x0": 0.9121525255913869, "x1": 9.51310623641664, "x2": 1.6135123755207352, "x3": 1.3680621190806421, "x4": 1.1212661526744656, "x5": 10.078468078512518, "x6": 0.3671616163731883, "x7": 18.757535925586982, "x8": 1.691067709104326, "x9": 1.1340441863249036}, "datetime": {"datetime": "2025-05-10 04:45:39", "elapsed": 1996.511944, "delta": 9.397634}}
{"target": 5.814315354591316e-08, "params": {"x0": 0.9121525255774734, "x1": 9.51310623652654, "x2": 1.6135123765990325, "x3": 1.3680621186446686, "x4": 1.1212661530506745, "x5": 10.078468077382768, "x6": 0.3671616158271201, "x7": 18.757535924753864, "x8": 1.6910677093190587, "x9": 1.1340441863769217}, "datetime": {"datetime": "2025-05-10 04:45:49", "elapsed": 2006.591687, "delta": 10.079743}}
{"target": 5.814315354591316e-08, "params": {"x0": 0.9121525255953586, "x1": 9.513106236797098, "x2": 1.613512376238275, "x3": 1.3680621182864539, "x4": 1.1212661533610915, "x5": 10.07846807766261, "x6": 0.3671616159725069, "x7": 18.757535924436713, "x8": 1.6910677094140716, "x9": 1.1340441863839907}, "datetime": {"datetime": "2025-05-10 04:45:58", "elapsed": 2015.71111, "delta": 9.119423}}
{"target": 5.814315354591316e-08, "params": {"x0": 0.9121525255949733, "x1": 9.513106236753082, "x2": 1.6135123761084589, "x3": 1.3680621184928412, "x4": 1.121266153606648, "x5": 10.078468077873236, "x6": 0.36716161597036506, "x7": 18.757535924427554, "x8": 1.6910677093792574, "x9": 1.1340441864048494}, "datetime": {"datetime": "2025-05-10 04:46:08", "elapsed": 2025.416592, "delta": 9.705482}}
{"target": 5.814315354591316e-08, "params": {"x0": 0.912152525553545, "x1": 9.513106236722015, "x2": 1.6135123760027987, "x3": 1.3680621187465265, "x4": 1.1212661534948645, "x5": 10.07846807788802, "x6": 0.36716161579043693, "x7": 18.757535924504356, "x8": 1.6910677091706023, "x9": 1.1340441864746498}, "datetime": {"datetime": "2025-05-10 04:46:18", "elapsed": 2035.655892, "delta": 10.2393}}
{"target": 5.814315354591316e-08, "params": {"x0": 0.9121525255767763, "x1": 9.513106236841857, "x2": 1.613512375868738, "x3": 1.3680621186744526, "x4": 1.1212661535050834, "x5": 10.078468078036428, "x6": 0.36716161561004407, "x7": 18.75753592366735, "x8": 1.6910677093013649, "x9": 1.1340441864363864}, "datetime": {"datetime": "2025-05-10 04:46:27", "elapsed": 2044.558937, "delta": 8.903045}}
{"target": 5.814315354591316e-08, "params": {"x0": 0.9121525255865703, "x1": 9.513106236847943, "x2": 1.6135123761264665, "x3": 1.3680621185735609, "x4": 1.1212661533118577, "x5": 10.078468078364267, "x6": 0.36716161501471983, "x7": 18.757535924046394, "x8": 1.6910677092323985, "x9": 1.1340441864628588}, "datetime": {"datetime": "2025-05-10 04:46:36", "elapsed": 2053.654976, "delta": 9.096039}}
{"target": 5.814315354591316e-08, "params": {"x0": 0.9121525255829193, "x1": 9.51310623691681, "x2": 1.6135123753800005, "x3": 1.3680621184440571, "x4": 1.12126615323165, "x5": 10.07846807839168, "x6": 0.36716161539169173, "x7": 18.7575359236978, "x8": 1.6910677092338193, "x9": 1.1340441864382766}, "datetime": {"datetime": "2025-05-10 04:46:46", "elapsed": 2063.279685, "delta": 9.624709}}
{"target": 5.814315354591316e-08, "params": {"x0": 0.9121525255569728, "x1": 9.513106237014682, "x2": 1.6135123758770598, "x3": 1.3680621183948227, "x4": 1.1212661525854724, "x5": 10.07846807856767, "x6": 0.36716161527433633, "x7": 18.75753592418488, "x8": 1.6910677092093485, "x9": 1.1340441864376622}, "datetime": {"datetime": "2025-05-10 04:46:55", "elapsed": 2072.229686, "delta": 8.950001}}
{"target": 5.814315354591316e-08, "params": {"x0": 0.9121525255633597, "x1": 9.51310623698897, "x2": 1.613512375914868, "x3": 1.3680621185748616, "x4": 1.1212661532885984, "x5": 10.078468078773605, "x6": 0.3671616152022027, "x7": 18.757535923703735, "x8": 1.6910677093613922, "x9": 1.134044186467923}, "datetime": {"datetime": "2025-05-10 04:47:04", "elapsed": 2081.487993, "delta": 9.258307}}
{"target": 5.814315354591316e-08, "params": {"x0": 0.9121525255719631, "x1": 9.513106237103944, "x2": 1.613512375743804, "x3": 1.3680621185570416, "x4": 1.1212661532062789, "x5": 10.078468078960682, "x6": 0.36716161494395066, "x7": 18.757535923932203, "x8": 1.6910677093311282, "x9": 1.134044186458784}, "datetime": {"datetime": "2025-05-10 04:47:14", "elapsed": 2091.150953, "delta": 9.66296}}
{"target": 5.814315354591316e-08, "params": {"x0": 0.9121525255761032, "x1": 9.513106237085942, "x2": 1.6135123755966185, "x3": 1.368062118434855, "x4": 1.1212661526896741, "x5": 10.078468078848228, "x6": 0.36716161497778665, "x7": 18.75753592385081, "x8": 1.6910677092351758, "x9": 1.1340441864603854}, "datetime": {"datetime": "2025-05-10 04:47:23", "elapsed": 2100.107291, "delta": 8.956338}}
{"target": 5.814315354591316e-08, "params": {"x0": 0.9121525255710512, "x1": 9.513106237214185, "x2": 1.6135123757509717, "x3": 1.3680621183648891, "x4": 1.1212661529439807, "x5": 10.078468078868758, "x6": 0.36716161485309307, "x7": 18.757535923827618, "x8": 1.6910677092405995, "x9": 1.1340441864746817}, "datetime": {"datetime": "2025-05-10 04:47:32", "elapsed": 2109.15223, "delta": 9.044939}}
{"target": 5.814315354591316e-08, "params": {"x0": 0.9121525255672673, "x1": 9.513106237160518, "x2": 1.6135123757955732, "x3": 1.368062118440894, "x4": 1.1212661530246806, "x5": 10.078468078793382, "x6": 0.3671616147810728, "x7": 18.757535923192204, "x8": 1.6910677093018287, "x9": 1.134044186461839}, "datetime": {"datetime": "2025-05-10 04:47:40", "elapsed": 2118.095845, "delta": 8.943615}}
{"target": 5.814315354591316e-08, "params": {"x0": 0.9121525255714612, "x1": 9.513106237153444, "x2": 1.6135123756669012, "x3": 1.3680621183922168, "x4": 1.1212661530834067, "x5": 10.078468078907811, "x6": 0.3671616148099967, "x7": 18.757535923307515, "x8": 1.6910677093211626, "x9": 1.134044186482024}, "datetime": {"datetime": "2025-05-10 04:47:50", "elapsed": 2127.560888, "delta": 9.465043}}
{"target": 5.814315354591316e-08, "params": {"x0": 0.9121525255707075, "x1": 9.513106237199088, "x2": 1.613512375807654, "x3": 1.3680621183100206, "x4": 1.1212661528410737, "x5": 10.07846807901265, "x6": 0.3671616144603027, "x7": 18.757535923710527, "x8": 1.6910677093216075, "x9": 1.1340441864643018}, "datetime": {"datetime": "2025-05-10 04:47:59", "elapsed": 2136.749668, "delta": 9.18878}}
{"target": 5.814315354591316e-08, "params": {"x0": 0.9121525255675133, "x1": 9.513106237205612, "x2": 1.613512375793219, "x3": 1.36806211837281, "x4": 1.1212661530479615, "x5": 10.078468079061942, "x6": 0.3671616146227014, "x7": 18.75753592353188, "x8": 1.6910677092844562, "x9": 1.1340441864900865}, "datetime": {"datetime": "2025-05-10 04:48:09", "elapsed": 2146.427346, "delta": 9.677678}}
{"target": 5.814315354591316e-08, "params": {"x0": 0.912152525572627, "x1": 9.513106237244875, "x2": 1.6135123757433754, "x3": 1.368062118286597, "x4": 1.1212661530644719, "x5": 10.07846807903207, "x6": 0.36716161468151953, "x7": 18.757535923432943, "x8": 1.6910677092852926, "x9": 1.1340441864962887}, "datetime": {"datetime": "2025-05-10 04:48:19", "elapsed": 2156.315544, "delta": 9.888198}}
{"target": 5.814315354591316e-08, "params": {"x0": 0.9121525255637486, "x1": 9.513106237254986, "x2": 1.613512375674983, "x3": 1.3680621181923243, "x4": 1.1212661530068855, "x5": 10.078468079099721, "x6": 0.36716161463942204, "x7": 18.75753592326472, "x8": 1.691067709297566, "x9": 1.1340441864769446}, "datetime": {"datetime": "2025-05-10 04:48:28", "elapsed": 2165.525096, "delta": 9.209552}}
