{"target": 5.814315354591316e-08, "params": {"x0": 0.9121525255661334, "x1": 9.513106237389051, "x2": 1.6135123755755045, "x3": 1.3680621181569483, "x4": 1.121266152881184, "x5": 10.078468079469681, "x6": 0.3671616142824128, "x7": 18.75753592322705, "x8": 1.691067709296505, "x9": 1.1340441865014455}, "datetime": {"datetime": "2025-05-10 05:09:36", "elapsed": 3433.469043, "delta": 12.180368}}
{"target": 5.814315354591316e-08, "params": {"x0": 0.9121525255661334, "x1": 9.513106237389053, "x2": 1.613512375575505, "x3": 1.3680621181569492, "x4": 1.121266152881184, "x5": 10.078468079469683, "x6": 0.36716161428241717, "x7": 18.75753592322705, "x8": 1.6910677092965047, "x9": 1.1340441865014452}, "datetime": {"datetime": "2025-05-10 05:09:48", "elapsed": 3446.085316, "delta": 12.616273}}
{"target": 5.814315354591316e-08, "params": {"x0": 0.9121525255661334, "x1": 9.513106237389053, "x2": 1.6135123755755043, "x3": 1.3680621181569481, "x4": 1.1212661528811827, "x5": 10.078468079469681, "x6": 0.3671616142824168, "x7": 18.757535923227053, "x8": 1.691067709296505, "x9": 1.1340441865014455}, "datetime": {"datetime": "2025-05-10 05:10:01", "elapsed": 3458.228782, "delta": 12.143466}}
{"target": 5.814315354591316e-08, "params": {"x0": 0.9121525255661334, "x1": 9.513106237389053, "x2": 1.6135123755755045, "x3": 1.3680621181569497, "x4": 1.1212661528811825, "x5": 10.078468079469683, "x6": 0.36716161428241384, "x7": 18.75753592322705, "x8": 1.691067709296505, "x9": 1.1340441865014452}, "datetime": {"datetime": "2025-05-10 05:10:13", "elapsed": 3470.886821, "delta": 12.658039}}
{"target": 5.814315354591316e-08, "params": {"x0": 0.9121525255661334, "x1": 9.513106237389053, "x2": 1.6135123755755039, "x3": 1.3680621181569486, "x4": 1.1212661528811834, "x5": 10.078468079469683, "x6": 0.36716161428241606, "x7": 18.75753592322705, "x8": 1.691067709296505, "x9": 1.1340441865014457}, "datetime": {"datetime": "2025-05-10 05:10:27", "elapsed": 3484.443316, "delta": 13.556495}}
{"target": 5.814315354591316e-08, "params": {"x0": 0.9121525255661334, "x1": 9.513106237389053, "x2": 1.6135123755755034, "x3": 1.368062118156948, "x4": 1.1212661528811831, "x5": 10.078468079469681, "x6": 0.367161614282416, "x7": 18.75753592322705, "x8": 1.6910677092965052, "x9": 1.1340441865014455}, "datetime": {"datetime": "2025-05-10 05:10:39", "elapsed": 3496.849462, "delta": 12.406146}}
{"target": 5.814315354591316e-08, "params": {"x0": 0.9121525255661334, "x1": 9.513106237389053, "x2": 1.6135123755755034, "x3": 1.3680621181569492, "x4": 1.1212661528811825, "x5": 10.078468079469683, "x6": 0.36716161428241595, "x7": 18.75753592322705, "x8": 1.6910677092965052, "x9": 1.1340441865014457}, "datetime": {"datetime": "2025-05-10 05:10:53", "elapsed": 3510.1362, "delta": 13.286738}}
{"target": 5.814315354591316e-08, "params": {"x0": 0.9121525255661334, "x1": 9.513106237389053, "x2": 1.613512375575504, "x3": 1.3680621181569488, "x4": 1.1212661528811825, "x5": 10.078468079469681, "x6": 0.3671616142824159, "x7": 18.75753592322705, "x8": 1.691067709296505, "x9": 1.1340441865014455}, "datetime": {"datetime": "2025-05-10 05:11:05", "elapsed": 3523.06405, "delta": 12.92785}}
{"target": 5.814315354591316e-08, "params": {"x0": 0.9121525255661334, "x1": 9.513106237389053, "x2": 1.6135123755755034, "x3": 1.3680621181569481, "x4": 1.1212661528811827, "x5": 10.078468079469681, "x6": 0.36716161428241584, "x7": 18.75753592322705, "x8": 1.691067709296505, "x9": 1.1340441865014455}, "datetime": {"datetime": "2025-05-10 05:11:18", "elapsed": 3536.06215, "delta": 12.9981}}
{"target": 5.814315354591316e-08, "params": {"x0": 0.9121525255661334, "x1": 9.513106237389053, "x2": 1.6135123755755043, "x3": 1.3680621181569492, "x4": 1.1212661528811831, "x5": 10.07846807946968, "x6": 0.36716161428241656, "x7": 18.75753592322705, "x8": 1.691067709296505, "x9": 1.1340441865014455}, "datetime": {"datetime": "2025-05-10 05:11:31", "elapsed": 3548.669329, "delta": 12.607179}}
{"target": 5.814315354591316e-08, "params": {"x0": 0.9121525255661334, "x1": 9.513106237389053, "x2": 1.6135123755755032, "x3": 1.3680621181569481, "x4": 1.1212661528811827, "x5": 10.07846807946968, "x6": 0.36716161428241456, "x7": 18.75753592322705, "x8": 1.691067709296505, "x9": 1.1340441865014455}, "datetime": {"datetime": "2025-05-10 05:11:43", "elapsed": 3560.988121, "delta": 12.318792}}
{"target": 5.814315354591316e-08, "params": {"x0": 0.9121525255661334, "x1": 9.513106237389053, "x2": 1.6135123755755036, "x3": 1.3680621181569483, "x4": 1.1212661528811825, "x5": 10.078468079469681, "x6": 0.36716161428241495, "x7": 18.75753592322705, "x8": 1.691067709296505, "x9": 1.1340441865014455}, "datetime": {"datetime": "2025-05-10 05:11:57", "elapsed": 3574.438638, "delta": 13.450517}}
{"target": 5.814315354591316e-08, "params": {"x0": 0.9121525255661334, "x1": 9.513106237389053, "x2": 1.6135123755755039, "x3": 1.3680621181569486, "x4": 1.1212661528811825, "x5": 10.07846807946968, "x6": 0.367161614282415, "x7": 18.75753592322705, "x8": 1.691067709296505, "x9": 1.1340441865014455}, "datetime": {"datetime": "2025-05-10 05:12:10", "elapsed": 3587.379835, "delta": 12.941197}}
{"target": 5.814315354591316e-08, "params": {"x0": 0.9121525255661334, "x1": 9.513106237389053, "x2": 1.6135123755755036, "x3": 1.368062118156949, "x4": 1.121266152881183, "x5": 10.078468079469681, "x6": 0.36716161428241467, "x7": 18.75753592322705, "x8": 1.691067709296505, "x9": 1.1340441865014455}, "datetime": {"datetime": "2025-05-10 05:12:24", "elapsed": 3601.65574, "delta": 14.275905}}
{"target": 5.814315354591316e-08, "params": {"x0": 0.9121525255661334, "x1": 9.513106237389053, "x2": 1.6135123755755039, "x3": 1.3680621181569486, "x4": 1.1212661528811825, "x5": 10.078468079469681, "x6": 0.367161614282416, "x7": 18.75753592322705, "x8": 1.691067709296505, "x9": 1.1340441865014455}, "datetime": {"datetime": "2025-05-10 05:12:36", "elapsed": 3614.050315, "delta": 12.394575}}
{"target": 5.814315354591316e-08, "params": {"x0": 0.9121525255661334, "x1": 9.513106237389053, "x2": 1.6135123755755034, "x3": 1.3680621181569488, "x4": 1.121266152881183, "x5": 10.078468079469681, "x6": 0.3671616142824151, "x7": 18.75753592322705, "x8": 1.691067709296505, "x9": 1.1340441865014455}, "datetime": {"datetime": "2025-05-10 05:12:51", "elapsed": 3628.217518, "delta": 14.167203}}
{"target": 5.814315354591316e-08, "params": {"x0": 0.9121525255661334, "x1": 9.513106237389053, "x2": 1.6135123755755034, "x3": 1.3680621181569488, "x4": 1.121266152881183, "x5": 10.078468079469681, "x6": 0.3671616142824154, "x7": 18.75753592322705, "x8": 1.691067709296505, "x9": 1.1340441865014455}, "datetime": {"datetime": "2025-05-10 05:13:06", "elapsed": 3643.990805, "delta": 15.773287}}
{"target": 5.814315354591316e-08, "params": {"x0": 0.9121525255661334, "x1": 9.513106237389053, "x2": 1.6135123755755034, "x3": 1.3680621181569483, "x4": 1.1212661528811825, "x5": 10.078468079469681, "x6": 0.3671616142824155, "x7": 18.75753592322705, "x8": 1.691067709296505, "x9": 1.1340441865014455}, "datetime": {"datetime": "2025-05-10 05:13:18", "elapsed": 3655.857286, "delta": 11.866481}}
{"target": 5.814315354591316e-08, "params": {"x0": 0.9121525255661334, "x1": 9.513106237389053, "x2": 1.6135123755755039, "x3": 1.3680621181569488, "x4": 1.1212661528811827, "x5": 10.078468079469681, "x6": 0.3671616142824152, "x7": 18.75753592322705, "x8": 1.691067709296505, "x9": 1.1340441865014455}, "datetime": {"datetime": "2025-05-10 05:13:31", "elapsed": 3668.491034, "delta": 12.633748}}
{"target": 5.814315354591316e-08, "params": {"x0": 0.9121525255661334, "x1": 9.513106237389053, "x2": 1.6135123755755039, "x3": 1.3680621181569488, "x4": 1.1212661528811827, "x5": 10.078468079469681, "x6": 0.36716161428241534, "x7": 18.75753592322705, "x8": 1.691067709296505, "x9": 1.1340441865014455}, "datetime": {"datetime": "2025-05-10 05:13:44", "elapsed": 3681.379494, "delta": 12.88846}}
{"target": 5.814315354591316e-08, "params": {"x0": 0.9121525255661334, "x1": 9.513106237389053, "x2": 1.6135123755755036, "x3": 1.3680621181569483, "x4": 1.1212661528811825, "x5": 10.078468079469681, "x6": 0.3671616142824152, "x7": 18.75753592322705, "x8": 1.691067709296505, "x9": 1.1340441865014455}, "datetime": {"datetime": "2025-05-10 05:13:57", "elapsed": 3694.4947, "delta": 13.115206}}
{"target": 5.814315354591316e-08, "params": {"x0": 0.9121525255661334, "x1": 9.513106237389053, "x2": 1.6135123755755039, "x3": 1.3680621181569486, "x4": 1.1212661528811825, "x5": 10.078468079469681, "x6": 0.3671616142824157, "x7": 18.75753592322705, "x8": 1.691067709296505, "x9": 1.1340441865014455}, "datetime": {"datetime": "2025-05-10 05:14:10", "elapsed": 3707.938405, "delta": 13.443705}}
{"target": 5.814315354591316e-08, "params": {"x0": 0.9121525255661334, "x1": 9.513106237389053, "x2": 1.6135123755755036, "x3": 1.3680621181569486, "x4": 1.121266152881183, "x5": 10.078468079469681, "x6": 0.36716161428241545, "x7": 18.75753592322705, "x8": 1.691067709296505, "x9": 1.1340441865014455}, "datetime": {"datetime": "2025-05-10 05:14:26", "elapsed": 3723.622613, "delta": 15.684208}}
{"target": 5.814315354591316e-08, "params": {"x0": 0.9121525255661334, "x1": 9.513106237389053, "x2": 1.6135123755755036, "x3": 1.3680621181569483, "x4": 1.1212661528811825, "x5": 10.078468079469681, "x6": 0.36716161428241556, "x7": 18.75753592322705, "x8": 1.691067709296505, "x9": 1.1340441865014455}, "datetime": {"datetime": "2025-05-10 05:14:39", "elapsed": 3736.707695, "delta": 13.085082}}
{"target": 5.814315354591316e-08, "params": {"x0": 0.9121525255661334, "x1": 9.513106237389053, "x2": 1.6135123755755039, "x3": 1.3680621181569488, "x4": 1.121266152881183, "x5": 10.078468079469681, "x6": 0.36716161428241567, "x7": 18.75753592322705, "x8": 1.691067709296505, "x9": 1.1340441865014455}, "datetime": {"datetime": "2025-05-10 05:14:55", "elapsed": 3753.08385, "delta": 16.376155}}
{"target": 5.814315354591316e-08, "params": {"x0": 0.9121525255661334, "x1": 9.513106237389053, "x2": 1.6135123755755036, "x3": 1.3680621181569486, "x4": 1.1212661528811827, "x5": 10.078468079469681, "x6": 0.3671616142824156, "x7": 18.75753592322705, "x8": 1.691067709296505, "x9": 1.1340441865014455}, "datetime": {"datetime": "2025-05-10 05:15:10", "elapsed": 3767.217751, "delta": 14.133901}}
{"target": 5.814315354591316e-08, "params": {"x0": 0.9121525255661334, "x1": 9.513106237389053, "x2": 1.6135123755755036, "x3": 1.3680621181569486, "x4": 1.1212661528811827, "x5": 10.078468079469681, "x6": 0.3671616142824154, "x7": 18.75753592322705, "x8": 1.691067709296505, "x9": 1.1340441865014455}, "datetime": {"datetime": "2025-05-10 05:15:22", "elapsed": 3779.91722, "delta": 12.699469}}
{"target": 5.814315354591316e-08, "params": {"x0": 0.9121525255661334, "x1": 9.513106237389053, "x2": 1.6135123755755036, "x3": 1.3680621181569486, "x4": 1.1212661528811827, "x5": 10.078468079469681, "x6": 0.3671616142824154, "x7": 18.75753592322705, "x8": 1.691067709296505, "x9": 1.1340441865014455}, "datetime": {"datetime": "2025-05-10 05:15:38", "elapsed": 3796.036678, "delta": 16.119458}}
{"target": 5.814315354591316e-08, "params": {"x0": 0.9121525255661334, "x1": 9.513106237389053, "x2": 1.6135123755755036, "x3": 1.3680621181569486, "x4": 1.1212661528811827, "x5": 10.078468079469681, "x6": 0.3671616142824154, "x7": 18.75753592322705, "x8": 1.691067709296505, "x9": 1.1340441865014455}, "datetime": {"datetime": "2025-05-10 05:15:52", "elapsed": 3809.271271, "delta": 13.234593}}
{"target": 5.814315354591316e-08, "params": {"x0": 0.9121525255661334, "x1": 9.513106237389053, "x2": 1.6135123755755036, "x3": 1.3680621181569486, "x4": 1.1212661528811827, "x5": 10.078468079469681, "x6": 0.36716161428241534, "x7": 18.75753592322705, "x8": 1.691067709296505, "x9": 1.1340441865014455}, "datetime": {"datetime": "2025-05-10 05:16:04", "elapsed": 3821.851822, "delta": 12.580551}}
{"target": 5.814315354591316e-08, "params": {"x0": 0.9121525255661334, "x1": 9.513106237389053, "x2": 1.6135123755755036, "x3": 1.3680621181569486, "x4": 1.1212661528811827, "x5": 10.078468079469681, "x6": 0.36716161428241534, "x7": 18.75753592322705, "x8": 1.691067709296505, "x9": 1.1340441865014455}, "datetime": {"datetime": "2025-05-10 05:16:17", "elapsed": 3834.906393, "delta": 13.054571}}
{"target": 5.814315354591316e-08, "params": {"x0": 0.9121525255661334, "x1": 9.513106237389053, "x2": 1.6135123755755036, "x3": 1.3680621181569486, "x4": 1.1212661528811827, "x5": 10.078468079469681, "x6": 0.36716161428241556, "x7": 18.75753592322705, "x8": 1.691067709296505, "x9": 1.1340441865014455}, "datetime": {"datetime": "2025-05-10 05:16:31", "elapsed": 3848.432739, "delta": 13.526346}}
{"target": 5.814315354591316e-08, "params": {"x0": 0.9121525255661334, "x1": 9.513106237389053, "x2": 1.6135123755755036, "x3": 1.3680621181569486, "x4": 1.1212661528811827, "x5": 10.078468079469681, "x6": 0.36716161428241556, "x7": 18.75753592322705, "x8": 1.691067709296505, "x9": 1.1340441865014455}, "datetime": {"datetime": "2025-05-10 05:16:46", "elapsed": 3863.204467, "delta": 14.771728}}
{"target": 5.814315354591316e-08, "params": {"x0": 0.9121525255661334, "x1": 9.513106237389053, "x2": 1.6135123755755036, "x3": 1.3680621181569486, "x4": 1.1212661528811827, "x5": 10.078468079469681, "x6": 0.36716161428241534, "x7": 18.75753592322705, "x8": 1.691067709296505, "x9": 1.1340441865014455}, "datetime": {"datetime": "2025-05-10 05:16:58", "elapsed": 3875.510776, "delta": 12.306309}}
{"target": 5.814315354591316e-08, "params": {"x0": 0.9121525255661334, "x1": 9.513106237389053, "x2": 1.6135123755755036, "x3": 1.3680621181569486, "x4": 1.1212661528811827, "x5": 10.078468079469681, "x6": 0.36716161428241556, "x7": 18.75753592322705, "x8": 1.691067709296505, "x9": 1.1340441865014455}, "datetime": {"datetime": "2025-05-10 05:17:11", "elapsed": 3888.689107, "delta": 13.178331}}
{"target": 5.814315354591316e-08, "params": {"x0": 0.9121525255661334, "x1": 9.513106237389053, "x2": 1.6135123755755036, "x3": 1.3680621181569486, "x4": 1.1212661528811827, "x5": 10.078468079469681, "x6": 0.3671616142824154, "x7": 18.75753592322705, "x8": 1.691067709296505, "x9": 1.1340441865014455}, "datetime": {"datetime": "2025-05-10 05:17:23", "elapsed": 3901.094323, "delta": 12.405216}}
{"target": 5.814315354591316e-08, "params": {"x0": 0.9121525255661334, "x1": 9.513106237389053, "x2": 1.6135123755755036, "x3": 1.3680621181569486, "x4": 1.1212661528811827, "x5": 10.078468079469681, "x6": 0.3671616142824154, "x7": 18.75753592322705, "x8": 1.691067709296505, "x9": 1.1340441865014455}, "datetime": {"datetime": "2025-05-10 05:17:37", "elapsed": 3914.964949, "delta": 13.870626}}
{"target": 5.814315354591316e-08, "params": {"x0": 0.9121525255661334, "x1": 9.513106237389053, "x2": 1.6135123755755036, "x3": 1.3680621181569486, "x4": 1.1212661528811827, "x5": 10.078468079469681, "x6": 0.3671616142824155, "x7": 18.75753592322705, "x8": 1.691067709296505, "x9": 1.1340441865014455}, "datetime": {"datetime": "2025-05-10 05:17:51", "elapsed": 3928.23733, "delta": 13.272381}}
{"target": 5.814315354591316e-08, "params": {"x0": 0.9121525255661334, "x1": 9.513106237389053, "x2": 1.6135123755755036, "x3": 1.3680621181569486, "x4": 1.1212661528811827, "x5": 10.078468079469681, "x6": 0.3671616142824154, "x7": 18.75753592322705, "x8": 1.691067709296505, "x9": 1.1340441865014455}, "datetime": {"datetime": "2025-05-10 05:18:04", "elapsed": 3941.95013, "delta": 13.7128}}
{"target": 5.814315354591316e-08, "params": {"x0": 0.9121525255661334, "x1": 9.513106237389053, "x2": 1.6135123755755036, "x3": 1.3680621181569486, "x4": 1.1212661528811827, "x5": 10.078468079469681, "x6": 0.36716161428241545, "x7": 18.75753592322705, "x8": 1.691067709296505, "x9": 1.1340441865014455}, "datetime": {"datetime": "2025-05-10 05:18:18", "elapsed": 3956.102517, "delta": 14.152387}}
{"target": 5.814315354591316e-08, "params": {"x0": 0.9121525255661334, "x1": 9.513106237389053, "x2": 1.6135123755755036, "x3": 1.3680621181569486, "x4": 1.1212661528811827, "x5": 10.078468079469681, "x6": 0.36716161428241545, "x7": 18.75753592322705, "x8": 1.691067709296505, "x9": 1.1340441865014455}, "datetime": {"datetime": "2025-05-10 05:18:32", "elapsed": 3969.126553, "delta": 13.024036}}
{"target": 5.814315354591316e-08, "params": {"x0": 0.9121525255661334, "x1": 9.513106237389053, "x2": 1.6135123755755036, "x3": 1.3680621181569486, "x4": 1.1212661528811827, "x5": 10.078468079469681, "x6": 0.36716161428241545, "x7": 18.75753592322705, "x8": 1.691067709296505, "x9": 1.1340441865014455}, "datetime": {"datetime": "2025-05-10 05:18:48", "elapsed": 3985.548143, "delta": 16.42159}}
{"target": 5.814315354591316e-08, "params": {"x0": 0.9121525255661334, "x1": 9.513106237389053, "x2": 1.6135123755755036, "x3": 1.3680621181569486, "x4": 1.1212661528811827, "x5": 10.078468079469681, "x6": 0.3671616142824154, "x7": 18.75753592322705, "x8": 1.691067709296505, "x9": 1.1340441865014455}, "datetime": {"datetime": "2025-05-10 05:19:02", "elapsed": 3999.655916, "delta": 14.107773}}
{"target": 5.814315354591316e-08, "params": {"x0": 0.9121525255661334, "x1": 9.513106237389053, "x2": 1.6135123755755036, "x3": 1.3680621181569486, "x4": 1.1212661528811827, "x5": 10.078468079469681, "x6": 0.36716161428241545, "x7": 18.75753592322705, "x8": 1.691067709296505, "x9": 1.1340441865014455}, "datetime": {"datetime": "2025-05-10 05:19:16", "elapsed": 4013.610927, "delta": 13.955011}}
{"target": 5.814315354591316e-08, "params": {"x0": 0.9121525255661334, "x1": 9.513106237389053, "x2": 1.6135123755755036, "x3": 1.3680621181569486, "x4": 1.1212661528811827, "x5": 10.078468079469681, "x6": 0.3671616142824155, "x7": 18.75753592322705, "x8": 1.691067709296505, "x9": 1.1340441865014455}, "datetime": {"datetime": "2025-05-10 05:19:32", "elapsed": 4029.501699, "delta": 15.890772}}
