{"target": 4.966999150665609e-11, "params": {"x0": 1.0464336427842924, "x1": 9.739414397844408, "x2": 1.162117831532323, "x3": 1.5692514368948078, "x4": 1.6632282553488362, "x5": 10.511508747796821, "x6": 0.440392177375334, "x7": 18.708352290282388, "x8": 1.7603976990426593, "x9": 1.1586931794151734}, "datetime": {"datetime": "2025-05-10 04:18:46", "elapsed": 383.573102, "delta": 7.210413}}
{"target": 4.097308172162087e-10, "params": {"x0": 0.9129007974246476, "x1": 9.445869800454414, "x2": 1.7669240353312479, "x3": 0.8955155035947727, "x4": 1.6485066303075153, "x5": 9.732629145760054, "x6": 1.8979317608720523, "x7": 18.049448500792437, "x8": 1.48502801960327, "x9": 1.2859692721940248}, "datetime": {"datetime": "2025-05-10 04:18:53", "elapsed": 390.548573, "delta": 6.975471}}
{"target": 3.017473801477513e-10, "params": {"x0": 0.928439227451722, "x1": 9.1401108795766, "x2": 0.1864867377542114, "x3": 1.3459865555570634, "x4": 2.325571134602458, "x5": 10.211238715825909, "x6": 0.7747686590575127, "x7": 16.932851446551126, "x8": 1.988199325268827, "x9": 1.1026225585054317}, "datetime": {"datetime": "2025-05-10 04:18:59", "elapsed": 396.968125, "delta": 6.419552}}
{"target": 4.0255941451344175e-10, "params": {"x0": 0.9120783690901832, "x1": 9.714801527570012, "x2": 1.455815151444827, "x3": 1.644491513122836, "x4": 1.0801921433964148, "x5": 10.693179153510698, "x6": 0.7178921202630463, "x7": 19.02344858564835, "x8": 1.6651935619763285, "x9": 1.103195707339884}, "datetime": {"datetime": "2025-05-10 04:19:06", "elapsed": 404.044571, "delta": 7.076446}}
{"target": 8.406837063370199e-09, "params": {"x0": 0.8962018131168867, "x1": 9.515099478381682, "x2": 1.5658765101814163, "x3": 1.2689264059434766, "x4": 1.1695242685556724, "x5": 10.076109291010448, "x6": 0.3015912320748244, "x7": 18.858437920671744, "x8": 1.769317018185111, "x9": 1.130102406185476}, "datetime": {"datetime": "2025-05-10 04:19:14", "elapsed": 411.335634, "delta": 7.291063}}
{"target": 6.940318361839353e-11, "params": {"x0": 0.9139446031182823, "x1": 9.672806899531423, "x2": 0.2557802046355827, "x3": 0.6362201865702463, "x4": 0.059988540099698145, "x5": 11.815600083176435, "x6": 1.862356853617625, "x7": 18.6870715310438, "x8": 1.5345184402062357, "x9": 1.3124114788823178}, "datetime": {"datetime": "2025-05-10 04:19:20", "elapsed": 417.642147, "delta": 6.306513}}
{"target": 2.378616022532948e-09, "params": {"x0": 0.8602089439051848, "x1": 9.476071249047768, "x2": 1.436534110448251, "x3": 0.7381625920559179, "x4": 0.003677296170279461, "x5": 11.061661099399561, "x6": 0.10479406871165779, "x7": 16.8672256271503, "x8": 1.5667575957888922, "x9": 1.293550744558689}, "datetime": {"datetime": "2025-05-10 04:19:27", "elapsed": 424.7619, "delta": 7.119753}}
{"target": 1.4370781578294914e-10, "params": {"x0": 0.8549368586927143, "x1": 9.248914338692995, "x2": 0.5681650165896895, "x3": 1.5638653269904563, "x4": 2.018650643642931, "x5": 9.608083142015436, "x6": 0.796661676643577, "x7": 19.49584205116989, "x8": 1.7804277317441488, "x9": 1.239845529148007}, "datetime": {"datetime": "2025-05-10 04:19:34", "elapsed": 431.135526, "delta": 6.373626}}
{"target": 6.081702583437588e-10, "params": {"x0": 0.8914592643785803, "x1": 9.742642835920797, "x2": 1.5951377408370941, "x3": 1.116881262665939, "x4": 1.0942019151272835, "x5": 9.881304667265459, "x6": 0.17304566924646794, "x7": 18.92776715679311, "x8": 1.598384490761911, "x9": 1.0114813373742924}, "datetime": {"datetime": "2025-05-10 04:19:41", "elapsed": 438.174133, "delta": 7.038607}}
{"target": 3.0642506617328645e-09, "params": {"x0": 0.8655263335490099, "x1": 9.826912966992895, "x2": 1.6184800998994404, "x3": 1.4809513084340513, "x4": 1.202549998288136, "x5": 10.767848573757936, "x6": 0.642485618088143, "x7": 19.0104512516429, "x8": 1.8860343199214338, "x9": 1.2711690637886044}, "datetime": {"datetime": "2025-05-10 04:19:48", "elapsed": 445.321493, "delta": 7.14736}}
{"target": 4.3542305845243147e-11, "params": {"x0": 0.865782511553722, "x1": 9.273489842193447, "x2": 2.0704824153373194, "x3": 2.049489977122855, "x4": 1.1648101807274882, "x5": 10.54627001344969, "x6": 0.46494231048442597, "x7": 19.954929376666193, "x8": 1.8796873656450295, "x9": 1.1694916758595866}, "datetime": {"datetime": "2025-05-10 04:19:55", "elapsed": 452.828828, "delta": 7.507335}}
{"target": 2.9489018678014857e-09, "params": {"x0": 0.9207517569420072, "x1": 9.684004555967366, "x2": 1.7379408924828774, "x3": 1.2736922160129296, "x4": 1.3407042248474093, "x5": 9.978600105894607, "x6": 0.44368911681199796, "x7": 18.834113697877243, "x8": 1.6645328257408445, "x9": 1.0486739446752749}, "datetime": {"datetime": "2025-05-10 04:20:02", "elapsed": 459.974986, "delta": 7.146158}}
{"target": 1.302619944360673e-10, "params": {"x0": 0.9043380624556188, "x1": 9.896281495236426, "x2": 1.0542821674366916, "x3": 0.935115625158242, "x4": 1.541610965362108, "x5": 10.05010056775567, "x6": 1.1538875809068323, "x7": 19.31594712600908, "x8": 1.7092271275282884, "x9": 1.123520546338062}, "datetime": {"datetime": "2025-05-10 04:20:09", "elapsed": 466.575232, "delta": 6.600246}}
{"target": 7.984964203087257e-10, "params": {"x0": 0.8740914216839301, "x1": 9.780817881716333, "x2": 1.4437886087733354, "x3": 1.2907149161452898, "x4": 1.326527873580595, "x5": 10.035976337866954, "x6": 0.43091677780081333, "x7": 18.7604417536097, "x8": 1.8465021254230192, "x9": 1.0856557490614116}, "datetime": {"datetime": "2025-05-10 04:20:16", "elapsed": 473.805842, "delta": 7.23061}}
{"target": 1.0625339743098404e-08, "params": {"x0": 0.9159679037422633, "x1": 9.594283620631451, "x2": 1.6656906972077228, "x3": 1.2962265513555797, "x4": 1.1723153547760914, "x5": 10.084994890783536, "x6": 0.3534928508380821, "x7": 18.79481900332844, "x8": 1.6767684248977968, "x9": 1.1321178683486612}, "datetime": {"datetime": "2025-05-10 04:20:23", "elapsed": 480.957449, "delta": 7.151607}}
{"target": 5.674534446739739e-11, "params": {"x0": 0.9196461986926656, "x1": 9.98073696460101, "x2": 1.2749039907231958, "x3": 1.0074735838534277, "x4": 1.2892469141939393, "x5": 9.199405725334026, "x6": 0.4668689316811631, "x7": 18.273463917085984, "x8": 1.6981091302146432, "x9": 1.074635479874581}, "datetime": {"datetime": "2025-05-10 04:20:31", "elapsed": 488.119488, "delta": 7.162039}}
{"target": 3.689609247749379e-09, "params": {"x0": 0.9057453516433583, "x1": 9.537043226081545, "x2": 1.7489055702389869, "x3": 1.3048123926805837, "x4": 1.1637821400394721, "x5": 10.066175225439288, "x6": 0.502652366986809, "x7": 18.697092629907477, "x8": 1.606387658892677, "x9": 1.161820070890942}, "datetime": {"datetime": "2025-05-10 04:20:38", "elapsed": 495.313048, "delta": 7.19356}}
{"target": 1.542931489133724e-09, "params": {"x0": 0.9241873429238002, "x1": 9.558593101623844, "x2": 1.4720791024704094, "x3": 1.2483134512014473, "x4": 1.2072737371409619, "x5": 10.132271846454495, "x6": 0.24703391013026857, "x7": 18.844735070721317, "x8": 1.637980242839268, "x9": 1.0946762824741372}, "datetime": {"datetime": "2025-05-10 04:20:45", "elapsed": 502.567943, "delta": 7.254895}}
{"target": 9.1639490916798e-09, "params": {"x0": 0.9117320118052128, "x1": 9.650574971526325, "x2": 1.6741908546184816, "x3": 1.2582908203983418, "x4": 1.178332998266179, "x5": 10.352804576358038, "x6": 0.6341203773784403, "x7": 19.376604883200454, "x8": 1.6701839856299714, "x9": 1.0898107912364259}, "datetime": {"datetime": "2025-05-10 04:20:52", "elapsed": 509.958776, "delta": 7.390833}}
{"target": 3.2409177001690896e-10, "params": {"x0": 0.9114596646535117, "x1": 9.72606328319972, "x2": 1.523208121175688, "x3": 1.2843396528714055, "x4": 1.0493646612795493, "x5": 10.011108516566159, "x6": 0.5137918824604756, "x7": 18.87383555696316, "x8": 1.6366037734014192, "x9": 1.1748577955399073}, "datetime": {"datetime": "2025-05-10 04:21:00", "elapsed": 517.132326, "delta": 7.17355}}
{"target": 6.965529450277989e-10, "params": {"x0": 0.9160528493744334, "x1": 9.383134474117425, "x2": 1.7258367191569568, "x3": 1.4576037875499956, "x4": 1.1697511690944176, "x5": 10.64753101415456, "x6": 0.3293264129787637, "x7": 18.297206248654614, "x8": 1.6470475651945007, "x9": 1.1254159921142648}, "datetime": {"datetime": "2025-05-10 04:21:07", "elapsed": 524.314623, "delta": 7.182297}}
{"target": 9.709075863338596e-09, "params": {"x0": 0.9157507390401763, "x1": 9.603794404145745, "x2": 1.6896968075624677, "x3": 1.3709278738839727, "x4": 1.1800746684266479, "x5": 10.01856646867903, "x6": 0.3020938313611555, "x7": 18.771524199541187, "x8": 1.6725124883976774, "x9": 1.1557000854442898}, "datetime": {"datetime": "2025-05-10 04:21:14", "elapsed": 531.544416, "delta": 7.229793}}
{"target": 1.4663105517538217e-08, "params": {"x0": 0.9122166185607209, "x1": 9.553537902495892, "x2": 1.643196179872801, "x3": 1.3615667848609785, "x4": 1.0895034230687706, "x5": 10.074346457026461, "x6": 0.2539552540031842, "x7": 18.811581109707173, "x8": 1.6740467176823217, "x9": 1.1633383643023425}, "datetime": {"datetime": "2025-05-10 04:21:21", "elapsed": 538.761635, "delta": 7.217219}}
{"target": 4.032493919111501e-09, "params": {"x0": 0.9125976339035917, "x1": 9.594918155387314, "x2": 1.6204233791814795, "x3": 1.4133427040039879, "x4": 1.1298459143200374, "x5": 10.145726758616219, "x6": 0.286215590492705, "x7": 18.79865264948813, "x8": 1.6750272483478377, "x9": 1.194008318421594}, "datetime": {"datetime": "2025-05-10 04:21:28", "elapsed": 545.947516, "delta": 7.185881}}
{"target": 1.1106053776476616e-08, "params": {"x0": 0.9156564913647467, "x1": 9.584157165604296, "x2": 1.658501152514714, "x3": 1.2605165020604334, "x4": 1.1778884937295337, "x5": 10.097794625974961, "x6": 0.32512306470318325, "x7": 18.750572402155342, "x8": 1.6695628417628203, "x9": 1.1804467689940925}, "datetime": {"datetime": "2025-05-10 04:21:36", "elapsed": 553.168951, "delta": 7.221435}}
{"target": 3.53279513074758e-08, "params": {"x0": 0.9156146113267973, "x1": 9.528894680033881, "x2": 1.615316713340733, "x3": 1.3650935020689852, "x4": 1.0992920187455173, "x5": 10.064728963623123, "x6": 0.29637397202736926, "x7": 18.818245810792074, "x8": 1.6899496819925197, "x9": 1.1591149965896421}, "datetime": {"datetime": "2025-05-10 04:21:43", "elapsed": 560.346489, "delta": 7.177538}}
{"target": 7.872121465262376e-09, "params": {"x0": 0.9123759949025335, "x1": 9.463821864007743, "x2": 1.6389530193813107, "x3": 1.3431414724322885, "x4": 1.0855465527664863, "x5": 10.091043325748279, "x6": 0.28633100750413093, "x7": 18.811936556254246, "x8": 1.6777799261149602, "x9": 1.1738244815548944}, "datetime": {"datetime": "2025-05-10 04:21:50", "elapsed": 567.574734, "delta": 7.228245}}
{"target": 5.554925665757989e-09, "params": {"x0": 0.9194799830890223, "x1": 9.5634678684536, "x2": 1.5943233995055022, "x3": 1.3198777970306086, "x4": 1.1029607607942973, "x5": 10.109017818765158, "x6": 0.3245478360159284, "x7": 18.79050024625777, "x8": 1.7059906040646713, "x9": 1.1705383502680313}, "datetime": {"datetime": "2025-05-10 04:21:57", "elapsed": 574.837045, "delta": 7.262311}}
{"target": 3.57611947900125e-08, "params": {"x0": 0.9129548151066885, "x1": 9.518855129647209, "x2": 1.6006030991965094, "x3": 1.4003248677026925, "x4": 1.069226138349917, "x5": 10.044008796351314, "x6": 0.31721220952576, "x7": 18.84734215448876, "x8": 1.6876981969433014, "x9": 1.1500071113584167}, "datetime": {"datetime": "2025-05-10 04:22:04", "elapsed": 582.002978, "delta": 7.165933}}
{"target": 3.518312879469829e-08, "params": {"x0": 0.9152091650999175, "x1": 9.514417219348328, "x2": 1.602536333141385, "x3": 1.3997837489066625, "x4": 1.072906906269408, "x5": 10.00123709284904, "x6": 0.3020080222129471, "x7": 18.84003318843146, "x8": 1.6788681944300479, "x9": 1.1469943299800982}, "datetime": {"datetime": "2025-05-10 04:22:12", "elapsed": 589.162879, "delta": 7.159901}}
{"target": 5.550856769753552e-08, "params": {"x0": 0.911782988644362, "x1": 9.49897524849871, "x2": 1.596829927732628, "x3": 1.4087921294762558, "x4": 1.1005467999229648, "x5": 10.02855599008588, "x6": 0.29351277015060384, "x7": 18.819962387228063, "x8": 1.6809575326711306, "x9": 1.1390647882505354}, "datetime": {"datetime": "2025-05-10 04:22:19", "elapsed": 596.433557, "delta": 7.270678}}
{"target": 6.431161529465866e-09, "params": {"x0": 0.909348594863034, "x1": 9.498369906043958, "x2": 1.6229469141222697, "x3": 1.4005166805603229, "x4": 1.1494248302020327, "x5": 10.03211639678423, "x6": 0.3046812537671276, "x7": 18.782583775931617, "x8": 1.6845256671908597, "x9": 1.1279049891667077}, "datetime": {"datetime": "2025-05-10 04:22:26", "elapsed": 603.8069, "delta": 7.373343}}
{"target": 4.5694119014946664e-08, "params": {"x0": 0.9141156568300828, "x1": 9.50329038429864, "x2": 1.594963105325152, "x3": 1.4000029948407597, "x4": 1.0858285131521277, "x5": 10.037528072216382, "x6": 0.2886804779716029, "x7": 18.81558527331849, "x8": 1.6743675894501258, "x9": 1.1497539816089286}, "datetime": {"datetime": "2025-05-10 04:22:33", "elapsed": 611.060193, "delta": 7.253293}}
{"target": 1.7766386603159495e-08, "params": {"x0": 0.9114929697767689, "x1": 9.523231422063773, "x2": 1.5786813056390476, "x3": 1.3877026840367876, "x4": 1.1119011305743547, "x5": 10.022625608093215, "x6": 0.3228953266432022, "x7": 18.832300371351913, "x8": 1.692316370249561, "x9": 1.1369586583515727}, "datetime": {"datetime": "2025-05-10 04:22:41", "elapsed": 618.61729, "delta": 7.557097}}
{"target": 4.451158645736367e-08, "params": {"x0": 0.9099175448315091, "x1": 9.53404474793685, "x2": 1.6138533707382883, "x3": 1.430469275844151, "x4": 1.1330438014204114, "x5": 10.135406047277582, "x6": 0.303443333706214, "x7": 18.74314905132284, "x8": 1.6713147442958267, "x9": 1.1429371311765604}, "datetime": {"datetime": "2025-05-10 04:22:48", "elapsed": 625.718272, "delta": 7.100982}}
{"target": 5.709605733239868e-08, "params": {"x0": 0.9112336697353054, "x1": 9.510522681339856, "x2": 1.618100052364119, "x3": 1.3689363241942771, "x4": 1.131520585205412, "x5": 10.119787206157904, "x6": 0.3613092182395981, "x7": 18.730457887834987, "x8": 1.6881412104722935, "x9": 1.1348708977035513}, "datetime": {"datetime": "2025-05-10 04:22:56", "elapsed": 633.188441, "delta": 7.470169}}
{"target": 4.711585094620544e-08, "params": {"x0": 0.9110166790938438, "x1": 9.50872463992331, "x2": 1.6021822753292254, "x3": 1.3796452149002674, "x4": 1.1420632949068616, "x5": 10.126353709161393, "x6": 0.34615713291511024, "x7": 18.74905153027221, "x8": 1.68615105029451, "x9": 1.133953240055439}, "datetime": {"datetime": "2025-05-10 04:23:03", "elapsed": 640.508062, "delta": 7.319621}}
{"target": 4.766508955636336e-08, "params": {"x0": 0.9112867161469463, "x1": 9.548425136707394, "x2": 1.6570282197308583, "x3": 1.3576234925173198, "x4": 1.120967022312753, "x5": 10.105020154529786, "x6": 0.37284208888398673, "x7": 18.744266957619313, "x8": 1.6868900703138687, "x9": 1.1304919859893252}, "datetime": {"datetime": "2025-05-10 04:23:10", "elapsed": 647.702559, "delta": 7.194497}}
{"target": 4.474571199004644e-08, "params": {"x0": 0.9105713775188733, "x1": 9.516292043187738, "x2": 1.6308206452449765, "x3": 1.3898701451463846, "x4": 1.1320247570039577, "x5": 10.10754562754993, "x6": 0.34890551007249065, "x7": 18.732918681775, "x8": 1.684934802669316, "x9": 1.135302906598543}, "datetime": {"datetime": "2025-05-10 04:23:17", "elapsed": 654.893034, "delta": 7.190475}}
{"target": 5.249119087101936e-08, "params": {"x0": 0.9101301774591191, "x1": 9.528652516502735, "x2": 1.629051763390525, "x3": 1.3751563457620732, "x4": 1.1186338520564338, "x5": 10.142969599998763, "x6": 0.36188085075246, "x7": 18.73285072564435, "x8": 1.6888576291574278, "x9": 1.1316179205612784}, "datetime": {"datetime": "2025-05-10 04:23:24", "elapsed": 662.05477, "delta": 7.161736}}
{"target": 1.875336104121014e-08, "params": {"x0": 0.9115977771133797, "x1": 9.49021426214549, "x2": 1.6236657808590762, "x3": 1.3976051870486814, "x4": 1.1440179923887361, "x5": 10.128478813653398, "x6": 0.3796276118463783, "x7": 18.721106638815044, "x8": 1.6891071493721292, "x9": 1.130592609748524}, "datetime": {"datetime": "2025-05-10 04:23:32", "elapsed": 669.313938, "delta": 7.259168}}
{"target": 4.3262505627656886e-08, "params": {"x0": 0.9119228007151469, "x1": 9.522624566265371, "x2": 1.6034498854761938, "x3": 1.356145956190556, "x4": 1.1568706251936023, "x5": 10.0625452801815, "x6": 0.3234291788869146, "x7": 18.737546019430148, "x8": 1.688268427212939, "x9": 1.1335584268444419}, "datetime": {"datetime": "2025-05-10 04:23:39", "elapsed": 676.538296, "delta": 7.224358}}
{"target": 5.798748597362479e-08, "params": {"x0": 0.911628352455742, "x1": 9.525027998134457, "x2": 1.6324691052617488, "x3": 1.3759691357286987, "x4": 1.1125516780406897, "x5": 10.088860247388272, "x6": 0.3813847079853945, "x7": 18.750194430156878, "x8": 1.688793677840385, "x9": 1.1372693302541732}, "datetime": {"datetime": "2025-05-10 04:23:46", "elapsed": 683.861096, "delta": 7.3228}}
{"target": 2.1486949841598082e-08, "params": {"x0": 0.9116518808162947, "x1": 9.540918264508486, "x2": 1.627843558309733, "x3": 1.3685046780232875, "x4": 1.1114077596822258, "x5": 10.123951006407925, "x6": 0.3737707837480158, "x7": 18.745730625113, "x8": 1.6879444449550771, "x9": 1.1394615392468372}, "datetime": {"datetime": "2025-05-10 04:23:53", "elapsed": 691.014673, "delta": 7.153577}}
{"target": 5.55550257535482e-08, "params": {"x0": 0.9114205286056031, "x1": 9.52540326450181, "x2": 1.645411019073444, "x3": 1.3639325557609066, "x4": 1.1271740694343637, "x5": 10.08473029869204, "x6": 0.3637646849563214, "x7": 18.745383880118613, "x8": 1.6908869597206675, "x9": 1.1345325165789046}, "datetime": {"datetime": "2025-05-10 04:24:01", "elapsed": 698.30618, "delta": 7.291507}}
{"target": 5.812515477660272e-08, "params": {"x0": 0.9120609182465412, "x1": 9.515547599075129, "x2": 1.6169099221934604, "x3": 1.3641534639300685, "x4": 1.1228174250570977, "x5": 10.075931767079421, "x6": 0.372945529020255, "x7": 18.746267726139695, "x8": 1.6906796473876242, "x9": 1.134760764684454}, "datetime": {"datetime": "2025-05-10 04:24:08", "elapsed": 705.567674, "delta": 7.261494}}
{"target": 4.179192152483528e-08, "params": {"x0": 0.9125006323546921, "x1": 9.502830116478973, "x2": 1.629722609592657, "x3": 1.3533102471085117, "x4": 1.1176816472019215, "x5": 10.102997190149749, "x6": 0.351948412287326, "x7": 18.748041131705506, "x8": 1.6917242084394477, "x9": 1.1323055950383394}, "datetime": {"datetime": "2025-05-10 04:24:15", "elapsed": 712.83461, "delta": 7.266936}}
{"target": 5.715536655890984e-08, "params": {"x0": 0.9118159008334611, "x1": 9.525406776697363, "x2": 1.6307025458684952, "x3": 1.3710704937824731, "x4": 1.117948632956686, "x5": 10.075984840000192, "x6": 0.3820081098604566, "x7": 18.72771817997459, "x8": 1.690860748336913, "x9": 1.1332065159498075}, "datetime": {"datetime": "2025-05-10 04:24:23", "elapsed": 720.129998, "delta": 7.295388}}
{"target": 5.5034799319448307e-08, "params": {"x0": 0.9124015509822239, "x1": 9.511667261142696, "x2": 1.6214500752372152, "x3": 1.3517566981757299, "x4": 1.121202677587748, "x5": 10.051784253001497, "x6": 0.3735017204491112, "x7": 18.762074120058358, "x8": 1.6922084324013167, "x9": 1.136347836597353}, "datetime": {"datetime": "2025-05-10 04:24:30", "elapsed": 727.400301, "delta": 7.270303}}
{"target": 5.301213480639621e-08, "params": {"x0": 0.9122071072845835, "x1": 9.509921805512196, "x2": 1.6072255492589211, "x3": 1.3634663798378197, "x4": 1.1327751282869072, "x5": 10.069832143757262, "x6": 0.36142431945549786, "x7": 18.744569473194055, "x8": 1.6914523374742536, "x9": 1.136111368321021}, "datetime": {"datetime": "2025-05-10 04:24:37", "elapsed": 734.649639, "delta": 7.249338}}
{"target": 5.792154644608916e-08, "params": {"x0": 0.9117489782071596, "x1": 9.50725195081797, "x2": 1.6094223193375496, "x3": 1.3570131510409746, "x4": 1.119914101161562, "x5": 10.071307552101729, "x6": 0.38302604643574345, "x7": 18.728452634569873, "x8": 1.692140568559539, "x9": 1.1356966466695415}, "datetime": {"datetime": "2025-05-10 04:24:44", "elapsed": 741.873633, "delta": 7.223994}}
{"target": 5.540173381596502e-08, "params": {"x0": 0.9122171525687026, "x1": 9.51720418976526, "x2": 1.6235775552367477, "x3": 1.355261625040256, "x4": 1.1282122907612615, "x5": 10.061147206944097, "x6": 0.36495936328592465, "x7": 18.763426408972485, "x8": 1.6896367290475072, "x9": 1.1342957363148474}, "datetime": {"datetime": "2025-05-10 04:24:51", "elapsed": 749.083518, "delta": 7.209885}}
{"target": 5.3945790758867575e-08, "params": {"x0": 0.9121955791505159, "x1": 9.521681285638158, "x2": 1.6240077254904808, "x3": 1.3562620623938733, "x4": 1.129459120026607, "x5": 10.058181789103402, "x6": 0.38969952017403403, "x7": 18.74993297260511, "x8": 1.6903326924754625, "x9": 1.1351415302330814}, "datetime": {"datetime": "2025-05-10 04:24:59", "elapsed": 756.448721, "delta": 7.365203}}
{"target": 5.7511656979940624e-08, "params": {"x0": 0.9121080762985121, "x1": 9.517209218059067, "x2": 1.6137241417501367, "x3": 1.3606176843673585, "x4": 1.1175290110331526, "x5": 10.091396435530836, "x6": 0.38660236860004177, "x7": 18.736689260702956, "x8": 1.6918339999065395, "x9": 1.134710058621185}, "datetime": {"datetime": "2025-05-10 04:25:06", "elapsed": 763.750808, "delta": 7.302087}}
{"target": 5.439809308545212e-08, "params": {"x0": 0.9119441622867247, "x1": 9.510132807665157, "x2": 1.621767667695307, "x3": 1.3579537336679561, "x4": 1.12909501285257, "x5": 10.088606345626294, "x6": 0.3857928783217207, "x7": 18.759621183032834, "x8": 1.6897138400474716, "x9": 1.1355034458506628}, "datetime": {"datetime": "2025-05-10 04:25:13", "elapsed": 771.0125, "delta": 7.261692}}
